################################################################################################################################################
Detected SHAFT Engine Version: [SHAFT Engine v5.3.20210902]
################################################################################################################################################

################################################################################################################################################
Starting Execution:	[1 out of 144] test cases in the current suite
Test Method:		[unitTests.tests_validations_assertions.assertComparativeRelation_greaterThanOrEquals_false_equals_expectedToFail]
################################################################################################################################################
[ReportManager] Assertion [ValidateComparativeRelation] FAILED. Expected [1] and Actual [1]. Comparison Type [GREATER_THAN_OR_EQUALS]. Validation Type [NEGATIVE]. @25-09-2021 01:50:13.0622 A

################################################################################################################################################
Starting Execution:	[2 out of 144] test cases in the current suite
Test Method:		[unitTests.tests_validations_assertions.assertComparativeRelation_greaterThanOrEquals_false_equals_expectedToPass]
################################################################################################################################################
[ReportManager] Assertion [ValidateComparativeRelation] PASSED. Expected [2] and Actual [1]. Comparison Type [GREATER_THAN_OR_EQUALS]. Validation Type [NEGATIVE]. @25-09-2021 01:50:13.0717 A

################################################################################################################################################
Starting Execution:	[3 out of 144] test cases in the current suite
Test Method:		[unitTests.tests_validations_assertions.assertComparativeRelation_greaterThanOrEquals_false_greaterThan_expectedToFail]
################################################################################################################################################
[ReportManager] Assertion [ValidateComparativeRelation] FAILED. Expected [1] and Actual [2]. Comparison Type [GREATER_THAN_OR_EQUALS]. Validation Type [NEGATIVE]. @25-09-2021 01:50:13.0722 A

################################################################################################################################################
Starting Execution:	[4 out of 144] test cases in the current suite
Test Method:		[unitTests.tests_validations_assertions.assertComparativeRelation_greaterThanOrEquals_false_greaterThan_expectedToPass]
################################################################################################################################################
[ReportManager] Assertion [ValidateComparativeRelation] PASSED. Expected [2] and Actual [1]. Comparison Type [GREATER_THAN_OR_EQUALS]. Validation Type [NEGATIVE]. @25-09-2021 01:50:13.0725 A

################################################################################################################################################
Starting Execution:	[5 out of 144] test cases in the current suite
Test Method:		[unitTests.tests_validations_assertions.assertComparativeRelation_greaterThanOrEquals_true_equals_expectedToFail]
################################################################################################################################################
[ReportManager] Assertion [ValidateComparativeRelation] FAILED. Expected [1] and Actual [0]. Comparison Type [GREATER_THAN_OR_EQUALS]. Validation Type [POSITIVE]. @25-09-2021 01:50:13.0729 A

################################################################################################################################################
Starting Execution:	[6 out of 144] test cases in the current suite
Test Method:		[unitTests.tests_validations_assertions.assertComparativeRelation_greaterThanOrEquals_true_equals_expectedToPass]
################################################################################################################################################
[ReportManager] Assertion [ValidateComparativeRelation] PASSED. Expected [1] and Actual [1]. Comparison Type [GREATER_THAN_OR_EQUALS]. Validation Type [POSITIVE]. @25-09-2021 01:50:13.0732 A

################################################################################################################################################
Starting Execution:	[7 out of 144] test cases in the current suite
Test Method:		[unitTests.tests_validations_assertions.assertComparativeRelation_greaterThanOrEquals_true_greaterThan_expectedToFail]
################################################################################################################################################
[ReportManager] Assertion [ValidateComparativeRelation] FAILED. Expected [2] and Actual [1]. Comparison Type [GREATER_THAN_OR_EQUALS]. Validation Type [POSITIVE]. @25-09-2021 01:50:13.0736 A

################################################################################################################################################
Starting Execution:	[8 out of 144] test cases in the current suite
Test Method:		[unitTests.tests_validations_assertions.assertComparativeRelation_greaterThanOrEquals_true_greaterThan_expectedToPass]
################################################################################################################################################
[ReportManager] Assertion [ValidateComparativeRelation] PASSED. Expected [1] and Actual [2]. Comparison Type [GREATER_THAN_OR_EQUALS]. Validation Type [POSITIVE]. @25-09-2021 01:50:13.0744 A
[ReportManager] File Action [GetAbsolutePath] successfully performed. With the following test data [Relative Folder Path: "target/downloadedFiles/"]. @25-09-2021 01:50:13.0757 AM
[ReportManager] Attempting to run remotely on: [Linux-64], [GoogleChrome], [http://localhost:4444/wd/hub], Headless Execution. @25-09-2021 01:50:13.0783 AM
[ReportManager] Successfully Opened [GoogleChrome]. @25-09-2021 01:50:15.0350 AM
[ReportManager] Target URL: [https://www.google.com/ncr], and after redirection: [www.google.com] @25-09-2021 01:50:15.0394 AM
[ReportManager] Initial URL: [data:,] @25-09-2021 01:50:15.0518 AM
[ReportManager] Browser Action [NavigateToURL] successfully performed. With the following test data [https://www.google.com/ncr]. @25-09-2021 01:50:16.0689 A

################################################################################################################################################
Starting Execution:	[9 out of 144] test cases in the current suite
Test Method:		[unitTests.tests_validations_assertions.assertElementAttribute_false_caseInsensitiveComparison_expectedToFail]
################################################################################################################################################
[ReportManager] Element Action [Type] successfully performed. With the following test data [AUTOMATION]. @25-09-2021 01:50:17.0176 AM
[ReportManager] Element Action [GetText] successfully performed. With the following test data [AUTOMATION]. @25-09-2021 01:50:17.0334 AM
[ReportManager] Loaded Shared OpenCV @25-09-2021 01:50:17.0972 AM
[ReportManager] Assertion [ValidateElementAttribute] FAILED. Expected [Value Should not be 'AutomaTion' for the 'text' attribute, element locator 'By.name: q'] and Actual [AUTOMATION]. Comparison Type [CASE_INSENSITIVE]. Validation Type [NEGATIVE]. @25-09-2021 01:50:18.0240 AM
[ReportManager] Successfully created attachment [Screenshot - 1632534617532_assertElementAttribute_false_caseInsensitiveComparison_expectedToFail_ValidateElementAttribute_failed] @25-09-2021 01:50:18.0255 A
[ReportManager] Browser Action [CloseCurrentWindow] successfully performed. @25-09-2021 01:50:18.0432 AM
[ReportManager] Successfully created attachment [Browser Action Test Data - CloseCurrentWindow - Actual Value] @25-09-2021 01:50:18.0435 A
[ReportManager] File Action [GetAbsolutePath] successfully performed. With the following test data [Relative Folder Path: "target/downloadedFiles/"]. @25-09-2021 01:50:18.0450 AM
[ReportManager] Attempting to run remotely on: [Linux-64], [GoogleChrome], [http://localhost:4444/wd/hub], Headless Execution. @25-09-2021 01:50:18.0450 AM
[ReportManager] Successfully Opened [GoogleChrome]. @25-09-2021 01:50:18.0756 AM
[ReportManager] Target URL: [https://www.google.com/ncr], and after redirection: [www.google.com] @25-09-2021 01:50:18.0787 AM
[ReportManager] Initial URL: [data:,] @25-09-2021 01:50:18.0849 AM
[ReportManager] Browser Action [NavigateToURL] successfully performed. With the following test data [https://www.google.com/ncr]. @25-09-2021 01:50:19.0688 A

################################################################################################################################################
Starting Execution:	[10 out of 144] test cases in the current suite
Test Method:		[unitTests.tests_validations_assertions.assertElementAttribute_false_caseInsensitiveComparison_expectedToPass]
################################################################################################################################################
[ReportManager] Element Action [Type] successfully performed. With the following test data [AUTOMATION]. @25-09-2021 01:50:20.0072 AM
[ReportManager] Element Action [GetText] successfully performed. With the following test data [AUTOMATION]. @25-09-2021 01:50:20.0213 AM
[ReportManager] Loaded Shared OpenCV @25-09-2021 01:50:20.0367 AM
[ReportManager] Assertion [ValidateElementAttribute] PASSED. Expected [Value Should not be 'AutomaTion123' for the 'text' attribute, element locator 'By.name: q'] and Actual [AUTOMATION]. Comparison Type [CASE_INSENSITIVE]. Validation Type [NEGATIVE]. @25-09-2021 01:50:20.0524 AM
[ReportManager] Successfully created attachment [Screenshot - 1632534620367_assertElementAttribute_false_caseInsensitiveComparison_expectedToPass_ValidateElementAttribute_passed] @25-09-2021 01:50:20.0528 A
[ReportManager] Browser Action [CloseCurrentWindow] successfully performed. @25-09-2021 01:50:20.0679 AM
[ReportManager] Successfully created attachment [Browser Action Test Data - CloseCurrentWindow - Actual Value] @25-09-2021 01:50:20.0680 A
[ReportManager] File Action [GetAbsolutePath] successfully performed. With the following test data [Relative Folder Path: "target/downloadedFiles/"]. @25-09-2021 01:50:20.0687 AM
[ReportManager] Attempting to run remotely on: [Linux-64], [GoogleChrome], [http://localhost:4444/wd/hub], Headless Execution. @25-09-2021 01:50:20.0687 AM
[ReportManager] Successfully Opened [GoogleChrome]. @25-09-2021 01:50:20.0923 AM
[ReportManager] Target URL: [https://www.google.com/ncr], and after redirection: [www.google.com] @25-09-2021 01:50:20.0940 AM
[ReportManager] Initial URL: [data:,] @25-09-2021 01:50:21.0008 AM
[ReportManager] Browser Action [NavigateToURL] successfully performed. With the following test data [https://www.google.com/ncr]. @25-09-2021 01:50:21.0758 A

################################################################################################################################################
Starting Execution:	[11 out of 144] test cases in the current suite
Test Method:		[unitTests.tests_validations_assertions.assertElementAttribute_false_containsComparison_expectedToFail]
################################################################################################################################################
[ReportManager] Element Action [Type] successfully performed. With the following test data [Automation123]. @25-09-2021 01:50:22.0114 AM
[ReportManager] Element Action [GetText] successfully performed. With the following test data [Automation123]. @25-09-2021 01:50:22.0228 AM
[ReportManager] Loaded Shared OpenCV @25-09-2021 01:50:22.0379 AM
[ReportManager] Assertion [ValidateElementAttribute] FAILED. Expected [Value Should not be 'Automation' for the 'text' attribute, element locator 'By.name: q'] and Actual [Automation123]. Comparison Type [CONTAINS]. Validation Type [NEGATIVE]. @25-09-2021 01:50:22.0447 AM
[ReportManager] Successfully created attachment [Screenshot - 1632534622379_assertElementAttribute_false_containsComparison_expectedToFail_ValidateElementAttribute_failed] @25-09-2021 01:50:22.0448 A
[ReportManager] Browser Action [CloseCurrentWindow] successfully performed. @25-09-2021 01:50:22.0608 AM
[ReportManager] Successfully created attachment [Browser Action Test Data - CloseCurrentWindow - Actual Value] @25-09-2021 01:50:22.0609 A
[ReportManager] File Action [GetAbsolutePath] successfully performed. With the following test data [Relative Folder Path: "target/downloadedFiles/"]. @25-09-2021 01:50:22.0618 AM
[ReportManager] Attempting to run remotely on: [Linux-64], [GoogleChrome], [http://localhost:4444/wd/hub], Headless Execution. @25-09-2021 01:50:22.0618 AM
[ReportManager] Successfully Opened [GoogleChrome]. @25-09-2021 01:50:22.0814 AM
[ReportManager] Target URL: [https://www.google.com/ncr], and after redirection: [www.google.com] @25-09-2021 01:50:22.0829 AM
[ReportManager] Initial URL: [data:,] @25-09-2021 01:50:22.0891 AM
[ReportManager] Browser Action [NavigateToURL] successfully performed. With the following test data [https://www.google.com/ncr]. @25-09-2021 01:50:23.0620 A

################################################################################################################################################
Starting Execution:	[12 out of 144] test cases in the current suite
Test Method:		[unitTests.tests_validations_assertions.assertElementAttribute_false_containsComparison_expectedToPass]
################################################################################################################################################
[ReportManager] Element Action [Type] successfully performed. With the following test data [Automation123]. @25-09-2021 01:50:23.0967 AM
[ReportManager] Element Action [GetText] successfully performed. With the following test data [Automation123]. @25-09-2021 01:50:24.0073 AM
[ReportManager] Loaded Shared OpenCV @25-09-2021 01:50:24.0210 AM
[ReportManager] Assertion [ValidateElementAttribute] PASSED. Expected [Value Should not be 'Automation1234' for the 'text' attribute, element locator 'By.name: q'] and Actual [Automation123]. Comparison Type [CONTAINS]. Validation Type [NEGATIVE]. @25-09-2021 01:50:24.0276 AM
[ReportManager] Successfully created attachment [Screenshot - 1632534624210_assertElementAttribute_false_containsComparison_expectedToPass_ValidateElementAttribute_passed] @25-09-2021 01:50:24.0277 A
[ReportManager] Browser Action [CloseCurrentWindow] successfully performed. @25-09-2021 01:50:24.0411 AM
[ReportManager] Successfully created attachment [Browser Action Test Data - CloseCurrentWindow - Actual Value] @25-09-2021 01:50:24.0411 A
[ReportManager] File Action [GetAbsolutePath] successfully performed. With the following test data [Relative Folder Path: "target/downloadedFiles/"]. @25-09-2021 01:50:24.0414 AM
[ReportManager] Attempting to run remotely on: [Linux-64], [GoogleChrome], [http://localhost:4444/wd/hub], Headless Execution. @25-09-2021 01:50:24.0415 AM
[ReportManager] Successfully Opened [GoogleChrome]. @25-09-2021 01:50:24.0604 AM
[ReportManager] Target URL: [https://www.google.com/ncr], and after redirection: [www.google.com] @25-09-2021 01:50:24.0623 AM
[ReportManager] Initial URL: [data:,] @25-09-2021 01:50:24.0682 AM
[ReportManager] Browser Action [NavigateToURL] successfully performed. With the following test data [https://www.google.com/ncr]. @25-09-2021 01:50:25.0413 A

################################################################################################################################################
Starting Execution:	[13 out of 144] test cases in the current suite
Test Method:		[unitTests.tests_validations_assertions.assertElementAttribute_false_literalComparison_expectedToFail]
################################################################################################################################################
[ReportManager] Element Action [Type] successfully performed. With the following test data [Automation!@#$%^&*()_+{}[]\';/.,]. @25-09-2021 01:50:25.0872 AM
[ReportManager] Element Action [GetText] successfully performed. With the following test data [Automation!@#$%^&*()_+{}[]\';/.,]. @25-09-2021 01:50:25.0984 AM
[ReportManager] Loaded Shared OpenCV @25-09-2021 01:50:26.0136 AM
[ReportManager] Assertion [ValidateElementAttribute] PASSED. Expected [Value Should not be 'Automation!@#$%^&*()_+{}[]\\';/.,' for the 'text' attribute, element locator 'By.name: q'] and Actual [Automation!@#$%^&*()_+{}[]\';/.,]. Comparison Type [EQUALS]. Validation Type [NEGATIVE]. @25-09-2021 01:50:26.0205 AM
[ReportManager] Successfully created attachment [Screenshot - 1632534626136_assertElementAttribute_false_literalComparison_expectedToFail_ValidateElementAttribute_passed] @25-09-2021 01:50:26.0207 A
[ReportManager] Browser Action [CloseCurrentWindow] successfully performed. @25-09-2021 01:50:26.0339 AM
[ReportManager] Successfully created attachment [Browser Action Test Data - CloseCurrentWindow - Actual Value] @25-09-2021 01:50:26.0340 A
[ReportManager] File Action [GetAbsolutePath] successfully performed. With the following test data [Relative Folder Path: "target/downloadedFiles/"]. @25-09-2021 01:50:26.0343 AM
[ReportManager] Attempting to run remotely on: [Linux-64], [GoogleChrome], [http://localhost:4444/wd/hub], Headless Execution. @25-09-2021 01:50:26.0344 AM
[ReportManager] Successfully Opened [GoogleChrome]. @25-09-2021 01:50:26.0555 AM
[ReportManager] Target URL: [https://www.google.com/ncr], and after redirection: [www.google.com] @25-09-2021 01:50:26.0580 AM
[ReportManager] Initial URL: [data:,] @25-09-2021 01:50:26.0630 AM
[ReportManager] Browser Action [NavigateToURL] successfully performed. With the following test data [https://www.google.com/ncr]. @25-09-2021 01:50:27.0365 A

################################################################################################################################################
Starting Execution:	[14 out of 144] test cases in the current suite
Test Method:		[unitTests.tests_validations_assertions.assertElementAttribute_false_literalComparison_expectedToPass]
################################################################################################################################################
[ReportManager] Element Action [Type] successfully performed. With the following test data [Automation!@#$%^&*()_+{}[]\';/.,]. @25-09-2021 01:50:27.0842 AM
[ReportManager] Element Action [GetText] successfully performed. With the following test data [Automation!@#$%^&*()_+{}[]\';/.,]. @25-09-2021 01:50:27.0936 AM
[ReportManager] Loaded Shared OpenCV @25-09-2021 01:50:28.0084 AM
[ReportManager] Assertion [ValidateElementAttribute] PASSED. Expected [Value Should not be 'Automation' for the 'text' attribute, element locator 'By.name: q'] and Actual [Automation!@#$%^&*()_+{}[]\';/.,]. Comparison Type [EQUALS]. Validation Type [NEGATIVE]. @25-09-2021 01:50:28.0153 AM
[ReportManager] Successfully created attachment [Screenshot - 1632534628084_assertElementAttribute_false_literalComparison_expectedToPass_ValidateElementAttribute_passed] @25-09-2021 01:50:28.0154 A
[ReportManager] Browser Action [CloseCurrentWindow] successfully performed. @25-09-2021 01:50:28.0284 AM
[ReportManager] Successfully created attachment [Browser Action Test Data - CloseCurrentWindow - Actual Value] @25-09-2021 01:50:28.0287 A
[ReportManager] File Action [GetAbsolutePath] successfully performed. With the following test data [Relative Folder Path: "target/downloadedFiles/"]. @25-09-2021 01:50:28.0292 AM
[ReportManager] Attempting to run remotely on: [Linux-64], [GoogleChrome], [http://localhost:4444/wd/hub], Headless Execution. @25-09-2021 01:50:28.0293 AM
[ReportManager] Successfully Opened [GoogleChrome]. @25-09-2021 01:50:28.0540 AM
[ReportManager] Target URL: [https://www.google.com/ncr], and after redirection: [www.google.com] @25-09-2021 01:50:28.0555 AM
[ReportManager] Initial URL: [data:,] @25-09-2021 01:50:28.0596 AM
[ReportManager] Browser Action [NavigateToURL] successfully performed. With the following test data [https://www.google.com/ncr]. @25-09-2021 01:50:29.0348 A

################################################################################################################################################
Starting Execution:	[15 out of 144] test cases in the current suite
Test Method:		[unitTests.tests_validations_assertions.assertElementAttribute_false_regexComparison_expectedToFail]
################################################################################################################################################
[ReportManager] Element Action [Type] successfully performed. With the following test data [Automation123]. @25-09-2021 01:50:29.0677 AM
[ReportManager] Element Action [GetText] successfully performed. With the following test data [Automation123]. @25-09-2021 01:50:29.0777 AM
[ReportManager] Loaded Shared OpenCV @25-09-2021 01:50:29.0908 AM
[ReportManager] Assertion [ValidateElementAttribute] FAILED. Expected [Value Should not be 'Automation.*' for the 'text' attribute, element locator 'By.name: q'] and Actual [Automation123]. Comparison Type [MATCHES]. Validation Type [NEGATIVE]. @25-09-2021 01:50:29.0972 AM
[ReportManager] Successfully created attachment [Screenshot - 1632534629908_assertElementAttribute_false_regexComparison_expectedToFail_ValidateElementAttribute_failed] @25-09-2021 01:50:29.0973 A
[ReportManager] Browser Action [CloseCurrentWindow] successfully performed. @25-09-2021 01:50:30.0098 AM
[ReportManager] Successfully created attachment [Browser Action Test Data - CloseCurrentWindow - Actual Value] @25-09-2021 01:50:30.0099 A
[ReportManager] File Action [GetAbsolutePath] successfully performed. With the following test data [Relative Folder Path: "target/downloadedFiles/"]. @25-09-2021 01:50:30.0105 AM
[ReportManager] Attempting to run remotely on: [Linux-64], [GoogleChrome], [http://localhost:4444/wd/hub], Headless Execution. @25-09-2021 01:50:30.0105 AM
[ReportManager] Successfully Opened [GoogleChrome]. @25-09-2021 01:50:30.0302 AM
[ReportManager] Target URL: [https://www.google.com/ncr], and after redirection: [www.google.com] @25-09-2021 01:50:30.0315 AM
[ReportManager] Initial URL: [data:,] @25-09-2021 01:50:30.0358 AM
[ReportManager] Browser Action [NavigateToURL] successfully performed. With the following test data [https://www.google.com/ncr]. @25-09-2021 01:50:31.0139 A

################################################################################################################################################
Starting Execution:	[16 out of 144] test cases in the current suite
Test Method:		[unitTests.tests_validations_assertions.assertElementAttribute_false_regexComparison_expectedToPass]
################################################################################################################################################
[ReportManager] Element Action [Type] successfully performed. With the following test data [Automation123]. @25-09-2021 01:50:31.0465 AM
[ReportManager] Element Action [GetText] successfully performed. With the following test data [Automation123]. @25-09-2021 01:50:31.0558 AM
[ReportManager] Loaded Shared OpenCV @25-09-2021 01:50:31.0676 AM
[ReportManager] Assertion [ValidateElementAttribute] PASSED. Expected [Value Should not be 'Automation' for the 'text' attribute, element locator 'By.name: q'] and Actual [Automation123]. Comparison Type [MATCHES]. Validation Type [NEGATIVE]. @25-09-2021 01:50:31.0741 AM
[ReportManager] Successfully created attachment [Screenshot - 1632534631675_assertElementAttribute_false_regexComparison_expectedToPass_ValidateElementAttribute_passed] @25-09-2021 01:50:31.0742 A
[ReportManager] Browser Action [CloseCurrentWindow] successfully performed. @25-09-2021 01:50:31.0884 AM
[ReportManager] Successfully created attachment [Browser Action Test Data - CloseCurrentWindow - Actual Value] @25-09-2021 01:50:31.0884 A
[ReportManager] File Action [GetAbsolutePath] successfully performed. With the following test data [Relative Folder Path: "target/downloadedFiles/"]. @25-09-2021 01:50:31.0890 AM
[ReportManager] Attempting to run remotely on: [Linux-64], [GoogleChrome], [http://localhost:4444/wd/hub], Headless Execution. @25-09-2021 01:50:31.0890 AM
[ReportManager] Successfully Opened [GoogleChrome]. @25-09-2021 01:50:32.0106 AM
[ReportManager] Target URL: [https://www.google.com/ncr], and after redirection: [www.google.com] @25-09-2021 01:50:32.0118 AM
[ReportManager] Initial URL: [data:,] @25-09-2021 01:50:32.0159 AM
[ReportManager] Browser Action [NavigateToURL] successfully performed. With the following test data [https://www.google.com/ncr]. @25-09-2021 01:50:32.0953 A

################################################################################################################################################
Starting Execution:	[17 out of 144] test cases in the current suite
Test Method:		[unitTests.tests_validations_assertions.assertElementAttribute_true_caseInsensitiveComparison_expectedToFail]
################################################################################################################################################
[ReportManager] Element Action [Type] successfully performed. With the following test data [AUTOMATION]. @25-09-2021 01:50:33.0279 AM
[ReportManager] Element Action [GetText] successfully performed. With the following test data [AUTOMATION]. @25-09-2021 01:50:33.0388 AM
[ReportManager] Loaded Shared OpenCV @25-09-2021 01:50:33.0531 AM
[ReportManager] Assertion [ValidateElementAttribute] FAILED. Expected [Value Should be 'AutomaTion123' for the 'text' attribute, element locator 'By.name: q'] and Actual [AUTOMATION]. Comparison Type [CASE_INSENSITIVE]. Validation Type [POSITIVE]. @25-09-2021 01:50:33.0598 AM
[ReportManager] Successfully created attachment [Screenshot - 1632534633530_assertElementAttribute_true_caseInsensitiveComparison_expectedToFail_ValidateElementAttribute_failed] @25-09-2021 01:50:33.0599 A
[ReportManager] Browser Action [CloseCurrentWindow] successfully performed. @25-09-2021 01:50:33.0726 AM
[ReportManager] Successfully created attachment [Browser Action Test Data - CloseCurrentWindow - Actual Value] @25-09-2021 01:50:33.0727 A
[ReportManager] File Action [GetAbsolutePath] successfully performed. With the following test data [Relative Folder Path: "target/downloadedFiles/"]. @25-09-2021 01:50:33.0734 AM
[ReportManager] Attempting to run remotely on: [Linux-64], [GoogleChrome], [http://localhost:4444/wd/hub], Headless Execution. @25-09-2021 01:50:33.0734 AM
[ReportManager] Successfully Opened [GoogleChrome]. @25-09-2021 01:50:33.0939 AM
[ReportManager] Target URL: [https://www.google.com/ncr], and after redirection: [www.google.com] @25-09-2021 01:50:33.0954 AM
[ReportManager] Initial URL: [data:,] @25-09-2021 01:50:33.0992 AM
[ReportManager] Browser Action [NavigateToURL] successfully performed. With the following test data [https://www.google.com/ncr]. @25-09-2021 01:50:34.0712 A

################################################################################################################################################
Starting Execution:	[18 out of 144] test cases in the current suite
Test Method:		[unitTests.tests_validations_assertions.assertElementAttribute_true_caseInsensitiveComparison_expectedToPass]
################################################################################################################################################
[ReportManager] Element Action [Type] successfully performed. With the following test data [AUTOMATION]. @25-09-2021 01:50:35.0033 AM
[ReportManager] Element Action [GetText] successfully performed. With the following test data [AUTOMATION]. @25-09-2021 01:50:35.0127 AM
[ReportManager] Loaded Shared OpenCV @25-09-2021 01:50:35.0247 AM
[ReportManager] Assertion [ValidateElementAttribute] PASSED. Expected [Value Should be 'AutomaTion' for the 'text' attribute, element locator 'By.name: q'] and Actual [AUTOMATION]. Comparison Type [CASE_INSENSITIVE]. Validation Type [POSITIVE]. @25-09-2021 01:50:35.0314 AM
[ReportManager] Successfully created attachment [Screenshot - 1632534635247_assertElementAttribute_true_caseInsensitiveComparison_expectedToPass_ValidateElementAttribute_passed] @25-09-2021 01:50:35.0316 A
[ReportManager] Browser Action [CloseCurrentWindow] successfully performed. @25-09-2021 01:50:35.0435 AM
[ReportManager] Successfully created attachment [Browser Action Test Data - CloseCurrentWindow - Actual Value] @25-09-2021 01:50:35.0436 A
[ReportManager] File Action [GetAbsolutePath] successfully performed. With the following test data [Relative Folder Path: "target/downloadedFiles/"]. @25-09-2021 01:50:35.0439 AM
[ReportManager] Attempting to run remotely on: [Linux-64], [GoogleChrome], [http://localhost:4444/wd/hub], Headless Execution. @25-09-2021 01:50:35.0439 AM
[ReportManager] Successfully Opened [GoogleChrome]. @25-09-2021 01:50:35.0656 AM
[ReportManager] Target URL: [https://www.google.com/ncr], and after redirection: [www.google.com] @25-09-2021 01:50:35.0668 AM
[ReportManager] Initial URL: [data:,] @25-09-2021 01:50:35.0709 AM
[ReportManager] Browser Action [NavigateToURL] successfully performed. With the following test data [https://www.google.com/ncr]. @25-09-2021 01:50:36.0423 A

################################################################################################################################################
Starting Execution:	[19 out of 144] test cases in the current suite
Test Method:		[unitTests.tests_validations_assertions.assertElementAttribute_true_containsComparison_expectedToFail]
################################################################################################################################################
[ReportManager] Element Action [Type] successfully performed. With the following test data [Automation123]. @25-09-2021 01:50:36.0733 AM
[ReportManager] Element Action [GetText] successfully performed. With the following test data [Automation123]. @25-09-2021 01:50:36.0824 AM
[ReportManager] Loaded Shared OpenCV @25-09-2021 01:50:36.0958 AM
[ReportManager] Assertion [ValidateElementAttribute] FAILED. Expected [Value Should be 'Automation1234' for the 'text' attribute, element locator 'By.name: q'] and Actual [Automation123]. Comparison Type [CONTAINS]. Validation Type [POSITIVE]. @25-09-2021 01:50:37.0031 AM
[ReportManager] Successfully created attachment [Screenshot - 1632534636958_assertElementAttribute_true_containsComparison_expectedToFail_ValidateElementAttribute_failed] @25-09-2021 01:50:37.0032 A
[ReportManager] Browser Action [CloseCurrentWindow] successfully performed. @25-09-2021 01:50:37.0163 AM
[ReportManager] Successfully created attachment [Browser Action Test Data - CloseCurrentWindow - Actual Value] @25-09-2021 01:50:37.0164 A
[ReportManager] File Action [GetAbsolutePath] successfully performed. With the following test data [Relative Folder Path: "target/downloadedFiles/"]. @25-09-2021 01:50:37.0167 AM
[ReportManager] Attempting to run remotely on: [Linux-64], [GoogleChrome], [http://localhost:4444/wd/hub], Headless Execution. @25-09-2021 01:50:37.0167 AM
[ReportManager] Successfully Opened [GoogleChrome]. @25-09-2021 01:50:37.0401 AM
[ReportManager] Target URL: [https://www.google.com/ncr], and after redirection: [www.google.com] @25-09-2021 01:50:37.0412 AM
[ReportManager] Initial URL: [data:,] @25-09-2021 01:50:37.0455 AM
[ReportManager] Browser Action [NavigateToURL] successfully performed. With the following test data [https://www.google.com/ncr]. @25-09-2021 01:50:38.0146 A

################################################################################################################################################
Starting Execution:	[20 out of 144] test cases in the current suite
Test Method:		[unitTests.tests_validations_assertions.assertElementAttribute_true_containsComparison_expectedToPass]
################################################################################################################################################
[ReportManager] Element Action [Type] successfully performed. With the following test data [Automation123]. @25-09-2021 01:50:38.0527 AM
[ReportManager] Element Action [GetText] successfully performed. With the following test data [Automation123]. @25-09-2021 01:50:38.0622 AM
[ReportManager] Loaded Shared OpenCV @25-09-2021 01:50:38.0741 AM
[ReportManager] Assertion [ValidateElementAttribute] PASSED. Expected [Value Should be 'Automation' for the 'text' attribute, element locator 'By.name: q'] and Actual [Automation123]. Comparison Type [CONTAINS]. Validation Type [POSITIVE]. @25-09-2021 01:50:38.0805 AM
[ReportManager] Successfully created attachment [Screenshot - 1632534638741_assertElementAttribute_true_containsComparison_expectedToPass_ValidateElementAttribute_passed] @25-09-2021 01:50:38.0806 A
[ReportManager] Browser Action [CloseCurrentWindow] successfully performed. @25-09-2021 01:50:38.0923 AM
[ReportManager] Successfully created attachment [Browser Action Test Data - CloseCurrentWindow - Actual Value] @25-09-2021 01:50:38.0924 A
[ReportManager] File Action [GetAbsolutePath] successfully performed. With the following test data [Relative Folder Path: "target/downloadedFiles/"]. @25-09-2021 01:50:38.0926 AM
[ReportManager] Attempting to run remotely on: [Linux-64], [GoogleChrome], [http://localhost:4444/wd/hub], Headless Execution. @25-09-2021 01:50:38.0927 AM
[ReportManager] Successfully Opened [GoogleChrome]. @25-09-2021 01:50:39.0149 AM
[ReportManager] Target URL: [https://www.google.com/ncr], and after redirection: [www.google.com] @25-09-2021 01:50:39.0161 AM
[ReportManager] Initial URL: [data:,] @25-09-2021 01:50:39.0197 AM
[ReportManager] Browser Action [NavigateToURL] successfully performed. With the following test data [https://www.google.com/ncr]. @25-09-2021 01:50:39.0894 A

################################################################################################################################################
Starting Execution:	[21 out of 144] test cases in the current suite
Test Method:		[unitTests.tests_validations_assertions.assertElementAttribute_true_literalComparison_expectedToFail]
################################################################################################################################################
[ReportManager] Element Action [Type] successfully performed. With the following test data [Automation!@#$%^&*()_+{}[]\';/.,]. @25-09-2021 01:50:40.0324 AM
[ReportManager] Element Action [GetText] successfully performed. With the following test data [Automation!@#$%^&*()_+{}[]\';/.,]. @25-09-2021 01:50:40.0429 AM
[ReportManager] Loaded Shared OpenCV @25-09-2021 01:50:40.0583 AM
[ReportManager] Assertion [ValidateElementAttribute] FAILED. Expected [Value Should be 'Automation' for the 'text' attribute, element locator 'By.name: q'] and Actual [Automation!@#$%^&*()_+{}[]\';/.,]. Comparison Type [EQUALS]. Validation Type [POSITIVE]. @25-09-2021 01:50:40.0651 AM
[ReportManager] Successfully created attachment [Screenshot - 1632534640582_assertElementAttribute_true_literalComparison_expectedToFail_ValidateElementAttribute_failed] @25-09-2021 01:50:40.0652 A
[ReportManager] Browser Action [CloseCurrentWindow] successfully performed. @25-09-2021 01:50:40.0801 AM
[ReportManager] Successfully created attachment [Browser Action Test Data - CloseCurrentWindow - Actual Value] @25-09-2021 01:50:40.0802 A
[ReportManager] File Action [GetAbsolutePath] successfully performed. With the following test data [Relative Folder Path: "target/downloadedFiles/"]. @25-09-2021 01:50:40.0805 AM
[ReportManager] Attempting to run remotely on: [Linux-64], [GoogleChrome], [http://localhost:4444/wd/hub], Headless Execution. @25-09-2021 01:50:40.0805 AM
[ReportManager] Successfully Opened [GoogleChrome]. @25-09-2021 01:50:40.0991 AM
[ReportManager] Target URL: [https://www.google.com/ncr], and after redirection: [www.google.com] @25-09-2021 01:50:41.0004 AM
[ReportManager] Initial URL: [data:,] @25-09-2021 01:50:41.0050 AM
[ReportManager] Browser Action [NavigateToURL] successfully performed. With the following test data [https://www.google.com/ncr]. @25-09-2021 01:50:41.0721 A

################################################################################################################################################
Starting Execution:	[22 out of 144] test cases in the current suite
Test Method:		[unitTests.tests_validations_assertions.assertElementAttribute_true_literalComparison_expectedToPass]
################################################################################################################################################
[ReportManager] Element Action [Type] successfully performed. With the following test data [Automation!@#$%^&*()_+{}[]\';/.,]. @25-09-2021 01:50:42.0112 AM
[ReportManager] Element Action [GetText] successfully performed. With the following test data [Automation!@#$%^&*()_+{}[]\';/.,]. @25-09-2021 01:50:42.0196 AM
[ReportManager] Loaded Shared OpenCV @25-09-2021 01:50:42.0315 AM
[ReportManager] Assertion [ValidateElementAttribute] PASSED. Expected [Value Should be 'Automation!@#$%^&*()_+{}[]\';/.,' for the 'text' attribute, element locator 'By.name: q'] and Actual [Automation!@#$%^&*()_+{}[]\';/.,]. Comparison Type [EQUALS]. Validation Type [POSITIVE]. @25-09-2021 01:50:42.0383 AM
[ReportManager] Successfully created attachment [Screenshot - 1632534642315_assertElementAttribute_true_literalComparison_expectedToPass_ValidateElementAttribute_passed] @25-09-2021 01:50:42.0384 A
[ReportManager] Browser Action [CloseCurrentWindow] successfully performed. @25-09-2021 01:50:42.0501 AM
[ReportManager] Successfully created attachment [Browser Action Test Data - CloseCurrentWindow - Actual Value] @25-09-2021 01:50:42.0502 A
[ReportManager] File Action [GetAbsolutePath] successfully performed. With the following test data [Relative Folder Path: "target/downloadedFiles/"]. @25-09-2021 01:50:42.0506 AM
[ReportManager] Attempting to run remotely on: [Linux-64], [GoogleChrome], [http://localhost:4444/wd/hub], Headless Execution. @25-09-2021 01:50:42.0509 AM
[ReportManager] Successfully Opened [GoogleChrome]. @25-09-2021 01:50:42.0683 AM
[ReportManager] Target URL: [https://www.google.com/ncr], and after redirection: [www.google.com] @25-09-2021 01:50:42.0696 AM
[ReportManager] Initial URL: [data:,] @25-09-2021 01:50:42.0734 AM
[ReportManager] Browser Action [NavigateToURL] successfully performed. With the following test data [https://www.google.com/ncr]. @25-09-2021 01:50:43.0437 A

################################################################################################################################################
Starting Execution:	[23 out of 144] test cases in the current suite
Test Method:		[unitTests.tests_validations_assertions.assertElementAttribute_true_regexComparison_expectedToFail]
################################################################################################################################################
[ReportManager] Element Action [Type] successfully performed. With the following test data [Automation123]. @25-09-2021 01:50:43.0767 AM
[ReportManager] Element Action [GetText] successfully performed. With the following test data [Automation123]. @25-09-2021 01:50:43.0865 AM
[ReportManager] Loaded Shared OpenCV @25-09-2021 01:50:43.0973 AM
[ReportManager] Assertion [ValidateElementAttribute] FAILED. Expected [Value Should be 'Automation' for the 'text' attribute, element locator 'By.name: q'] and Actual [Automation123]. Comparison Type [MATCHES]. Validation Type [POSITIVE]. @25-09-2021 01:50:44.0037 AM
[ReportManager] Successfully created attachment [Screenshot - 1632534643973_assertElementAttribute_true_regexComparison_expectedToFail_ValidateElementAttribute_failed] @25-09-2021 01:50:44.0038 A
[ReportManager] Browser Action [CloseCurrentWindow] successfully performed. @25-09-2021 01:50:44.0161 AM
[ReportManager] Successfully created attachment [Browser Action Test Data - CloseCurrentWindow - Actual Value] @25-09-2021 01:50:44.0163 A
[ReportManager] File Action [GetAbsolutePath] successfully performed. With the following test data [Relative Folder Path: "target/downloadedFiles/"]. @25-09-2021 01:50:44.0166 AM
[ReportManager] Attempting to run remotely on: [Linux-64], [GoogleChrome], [http://localhost:4444/wd/hub], Headless Execution. @25-09-2021 01:50:44.0166 AM
[ReportManager] Successfully Opened [GoogleChrome]. @25-09-2021 01:50:44.0395 AM
[ReportManager] Target URL: [https://www.google.com/ncr], and after redirection: [www.google.com] @25-09-2021 01:50:44.0405 AM
[ReportManager] Initial URL: [data:,] @25-09-2021 01:50:44.0456 AM
[ReportManager] Browser Action [NavigateToURL] successfully performed. With the following test data [https://www.google.com/ncr]. @25-09-2021 01:50:45.0155 A

################################################################################################################################################
Starting Execution:	[24 out of 144] test cases in the current suite
Test Method:		[unitTests.tests_validations_assertions.assertElementAttribute_true_regexComparison_expectedToPass]
################################################################################################################################################
[ReportManager] Element Action [Type] successfully performed. With the following test data [Automation123]. @25-09-2021 01:50:45.0469 AM
[ReportManager] Element Action [GetText] successfully performed. With the following test data [Automation123]. @25-09-2021 01:50:45.0558 AM
[ReportManager] Loaded Shared OpenCV @25-09-2021 01:50:45.0691 AM
[ReportManager] Assertion [ValidateElementAttribute] PASSED. Expected [Value Should be 'Automation.*' for the 'text' attribute, element locator 'By.name: q'] and Actual [Automation123]. Comparison Type [MATCHES]. Validation Type [POSITIVE]. @25-09-2021 01:50:45.0755 AM
[ReportManager] Successfully created attachment [Screenshot - 1632534645691_assertElementAttribute_true_regexComparison_expectedToPass_ValidateElementAttribute_passed] @25-09-2021 01:50:45.0756 A
[ReportManager] Browser Action [CloseCurrentWindow] successfully performed. @25-09-2021 01:50:45.0876 AM
[ReportManager] Successfully created attachment [Browser Action Test Data - CloseCurrentWindow - Actual Value] @25-09-2021 01:50:45.0877 A
[ReportManager] File Action [GetAbsolutePath] successfully performed. With the following test data [Relative Folder Path: "target/downloadedFiles/"]. @25-09-2021 01:50:45.0884 AM
[ReportManager] Attempting to run remotely on: [Linux-64], [GoogleChrome], [http://localhost:4444/wd/hub], Headless Execution. @25-09-2021 01:50:45.0884 AM
[ReportManager] Successfully Opened [GoogleChrome]. @25-09-2021 01:50:46.0132 AM
[ReportManager] Target URL: [https://www.google.com/ncr], and after redirection: [www.google.com] @25-09-2021 01:50:46.0158 AM
[ReportManager] Initial URL: [data:,] @25-09-2021 01:50:46.0200 AM
[ReportManager] Browser Action [NavigateToURL] successfully performed. With the following test data [https://www.google.com/ncr]. @25-09-2021 01:50:46.0945 A

################################################################################################################################################
Starting Execution:	[25 out of 144] test cases in the current suite
Test Method:		[unitTests.tests_validations_assertions.assertElementAttribute_type_true_literalComparison_expectedToPass]
################################################################################################################################################
[ReportManager] Element Action [Type] successfully performed. With the following test data [Automation!@#$%^&*()_+{}[]\';/.,]. @25-09-2021 01:50:47.0395 AM
[ReportManager] Element Action [GetText] successfully performed. With the following test data [Automation!@#$%^&*()_+{}[]\';/.,]. @25-09-2021 01:50:47.0478 AM
[ReportManager] Loaded Shared OpenCV @25-09-2021 01:50:47.0615 AM
[ReportManager] Assertion [ValidateElementAttribute] PASSED. Expected [Value Should be 'Automation!@#$%^&*()_+{}[]\';/.,' for the 'text' attribute, element locator 'By.name: q'] and Actual [Automation!@#$%^&*()_+{}[]\';/.,]. Comparison Type [EQUALS]. Validation Type [POSITIVE]. @25-09-2021 01:50:47.0683 AM
[ReportManager] Successfully created attachment [Screenshot - 1632534647615_assertElementAttribute_type_true_literalComparison_expectedToPass_ValidateElementAttribute_passed] @25-09-2021 01:50:47.0685 A
[ReportManager] Browser Action [CloseCurrentWindow] successfully performed. @25-09-2021 01:50:47.0811 AM
[ReportManager] Successfully created attachment [Browser Action Test Data - CloseCurrentWindow - Actual Value] @25-09-2021 01:50:47.0812 A
[ReportManager] File Action [GetAbsolutePath] successfully performed. With the following test data [Relative Folder Path: "target/downloadedFiles/"]. @25-09-2021 01:50:47.0815 AM
[ReportManager] Attempting to run remotely on: [Linux-64], [GoogleChrome], [http://localhost:4444/wd/hub], Headless Execution. @25-09-2021 01:50:47.0815 AM
[ReportManager] Successfully Opened [GoogleChrome]. @25-09-2021 01:50:48.0212 AM
[ReportManager] Target URL: [https://www.google.com/ncr], and after redirection: [www.google.com] @25-09-2021 01:50:48.0230 AM
[ReportManager] Initial URL: [data:,] @25-09-2021 01:50:48.0282 AM
[ReportManager] Browser Action [NavigateToURL] successfully performed. With the following test data [https://www.google.com/ncr]. @25-09-2021 01:50:48.0946 A

################################################################################################################################################
Starting Execution:	[26 out of 144] test cases in the current suite
Test Method:		[unitTests.tests_validations_assertions.assertElementExists_false_expectedToFail]
################################################################################################################################################
[ReportManager] Assertion [ValidateElementExists] PASSED. Expected [Element Should not Exist, locator 'By.id: hplogo'] and Actual [Element Doesn't Exists]. Comparison Type [EQUALS]. Validation Type [NEGATIVE]. @25-09-2021 01:50:59.0306 AM
[ReportManager] Successfully created attachment [Screenshot - 1632534659240_assertElementExists_false_expectedToFail_ValidateElementExists_passed] @25-09-2021 01:50:59.0307 A
[ReportManager] Browser Action [CloseCurrentWindow] successfully performed. @25-09-2021 01:50:59.0424 AM
[ReportManager] Successfully created attachment [Browser Action Test Data - CloseCurrentWindow - Actual Value] @25-09-2021 01:50:59.0425 A
[ReportManager] File Action [GetAbsolutePath] successfully performed. With the following test data [Relative Folder Path: "target/downloadedFiles/"]. @25-09-2021 01:50:59.0428 AM
[ReportManager] Attempting to run remotely on: [Linux-64], [GoogleChrome], [http://localhost:4444/wd/hub], Headless Execution. @25-09-2021 01:50:59.0428 AM
[ReportManager] Successfully Opened [GoogleChrome]. @25-09-2021 01:50:59.0599 AM
[ReportManager] Target URL: [https://www.google.com/ncr], and after redirection: [www.google.com] @25-09-2021 01:50:59.0613 AM
[ReportManager] Initial URL: [data:,] @25-09-2021 01:50:59.0649 AM
[ReportManager] Browser Action [NavigateToURL] successfully performed. With the following test data [https://www.google.com/ncr]. @25-09-2021 01:51:00.0360 A

################################################################################################################################################
Starting Execution:	[27 out of 144] test cases in the current suite
Test Method:		[unitTests.tests_validations_assertions.assertElementExists_false_expectedToPass]
################################################################################################################################################
[ReportManager] Assertion [ValidateElementExists] PASSED. Expected [Element Should not Exist, locator 'By.id: fakeElement'] and Actual [Element Doesn't Exists]. Comparison Type [EQUALS]. Validation Type [NEGATIVE]. @25-09-2021 01:51:10.0711 AM
[ReportManager] Successfully created attachment [Screenshot - 1632534670654_assertElementExists_false_expectedToPass_ValidateElementExists_passed] @25-09-2021 01:51:10.0711 A
[ReportManager] Browser Action [CloseCurrentWindow] successfully performed. @25-09-2021 01:51:10.0838 AM
[ReportManager] Successfully created attachment [Browser Action Test Data - CloseCurrentWindow - Actual Value] @25-09-2021 01:51:10.0839 A
[ReportManager] File Action [GetAbsolutePath] successfully performed. With the following test data [Relative Folder Path: "target/downloadedFiles/"]. @25-09-2021 01:51:10.0842 AM
[ReportManager] Attempting to run remotely on: [Linux-64], [GoogleChrome], [http://localhost:4444/wd/hub], Headless Execution. @25-09-2021 01:51:10.0842 AM
[ReportManager] Successfully Opened [GoogleChrome]. @25-09-2021 01:51:11.0034 AM
[ReportManager] Target URL: [https://www.google.com/ncr], and after redirection: [www.google.com] @25-09-2021 01:51:11.0044 AM
[ReportManager] Initial URL: [data:,] @25-09-2021 01:51:11.0088 AM
[ReportManager] Browser Action [NavigateToURL] successfully performed. With the following test data [https://www.google.com/ncr]. @25-09-2021 01:51:11.0791 A

################################################################################################################################################
Starting Execution:	[28 out of 144] test cases in the current suite
Test Method:		[unitTests.tests_validations_assertions.assertElementExists_false_multipleElementsFound_expectedToFail]
################################################################################################################################################
[ReportManager] Assertion [ValidateElementExists] FAILED. Expected [Element Should not Exist, locator 'By.xpath: //div'] and Actual [Element Exists but is not unique]. Comparison Type [EQUALS]. Validation Type [NEGATIVE]. @25-09-2021 01:51:12.0005 AM
[ReportManager] Successfully created attachment [Screenshot - 1632534671953_assertElementExists_false_multipleElementsFound_expectedToFail_ValidateElementExists_failed] @25-09-2021 01:51:12.0005 A
[ReportManager] Browser Action [CloseCurrentWindow] successfully performed. @25-09-2021 01:51:12.0133 AM
[ReportManager] Successfully created attachment [Browser Action Test Data - CloseCurrentWindow - Actual Value] @25-09-2021 01:51:12.0134 A
[ReportManager] File Action [GetAbsolutePath] successfully performed. With the following test data [Relative Folder Path: "target/downloadedFiles/"]. @25-09-2021 01:51:12.0136 AM
[ReportManager] Attempting to run remotely on: [Linux-64], [GoogleChrome], [http://localhost:4444/wd/hub], Headless Execution. @25-09-2021 01:51:12.0136 AM
[ReportManager] Successfully Opened [GoogleChrome]. @25-09-2021 01:51:12.0342 AM
[ReportManager] Target URL: [https://www.google.com/ncr], and after redirection: [www.google.com] @25-09-2021 01:51:12.0352 AM
[ReportManager] Initial URL: [data:,] @25-09-2021 01:51:12.0397 AM
[ReportManager] Browser Action [NavigateToURL] successfully performed. With the following test data [https://www.google.com/ncr]. @25-09-2021 01:51:13.0110 A

################################################################################################################################################
Starting Execution:	[29 out of 144] test cases in the current suite
Test Method:		[unitTests.tests_validations_assertions.assertElementExists_true_expectedToFail]
################################################################################################################################################
[ReportManager] Assertion [ValidateElementExists] FAILED. Expected [Element Should Exist, locator 'By.id: fakeElement'] and Actual [Element Doesn't Exists]. Comparison Type [EQUALS]. Validation Type [POSITIVE]. @25-09-2021 01:51:43.0722 AM
[ReportManager] Successfully created attachment [Screenshot - 1632534703670_assertElementExists_true_expectedToFail_ValidateElementExists_failed] @25-09-2021 01:51:43.0722 A
[ReportManager] Browser Action [CloseCurrentWindow] successfully performed. @25-09-2021 01:51:43.0841 AM
[ReportManager] Successfully created attachment [Browser Action Test Data - CloseCurrentWindow - Actual Value] @25-09-2021 01:51:43.0841 A
[ReportManager] File Action [GetAbsolutePath] successfully performed. With the following test data [Relative Folder Path: "target/downloadedFiles/"]. @25-09-2021 01:51:43.0844 AM
[ReportManager] Attempting to run remotely on: [Linux-64], [GoogleChrome], [http://localhost:4444/wd/hub], Headless Execution. @25-09-2021 01:51:43.0844 AM
[ReportManager] Successfully Opened [GoogleChrome]. @25-09-2021 01:51:44.0015 AM
[ReportManager] Target URL: [https://www.google.com/ncr], and after redirection: [www.google.com] @25-09-2021 01:51:44.0032 AM
[ReportManager] Initial URL: [data:,] @25-09-2021 01:51:44.0069 AM
[ReportManager] Browser Action [NavigateToURL] successfully performed. With the following test data [https://www.google.com/ncr]. @25-09-2021 01:51:44.0744 A

################################################################################################################################################
Starting Execution:	[30 out of 144] test cases in the current suite
Test Method:		[unitTests.tests_validations_assertions.assertElementExists_true_expectedToPass]
################################################################################################################################################
[ReportManager] Loaded Shared OpenCV @25-09-2021 01:51:44.0906 AM
[ReportManager] Assertion [ValidateElementExists] PASSED. Expected [Element Should Exist, locator 'By.xpath: //*[@id='hplogo' or @alt='Google']'] and Actual [Element Exists]. Comparison Type [EQUALS]. Validation Type [POSITIVE]. @25-09-2021 01:51:44.0974 AM
[ReportManager] Successfully created attachment [Screenshot - 1632534704906_assertElementExists_true_expectedToPass_ValidateElementExists_passed] @25-09-2021 01:51:44.0974 A
[ReportManager] Browser Action [CloseCurrentWindow] successfully performed. @25-09-2021 01:51:45.0089 AM
[ReportManager] Successfully created attachment [Browser Action Test Data - CloseCurrentWindow - Actual Value] @25-09-2021 01:51:45.0089 A
[ReportManager] File Action [GetAbsolutePath] successfully performed. With the following test data [Relative Folder Path: "target/downloadedFiles/"]. @25-09-2021 01:51:45.0092 AM
[ReportManager] Attempting to run remotely on: [Linux-64], [GoogleChrome], [http://localhost:4444/wd/hub], Headless Execution. @25-09-2021 01:51:45.0092 AM
[ReportManager] Successfully Opened [GoogleChrome]. @25-09-2021 01:51:45.0274 AM
[ReportManager] Target URL: [https://www.google.com/ncr], and after redirection: [www.google.com] @25-09-2021 01:51:45.0291 AM
[ReportManager] Initial URL: [data:,] @25-09-2021 01:51:45.0326 AM
[ReportManager] Browser Action [NavigateToURL] successfully performed. With the following test data [https://www.google.com/ncr]. @25-09-2021 01:51:46.0031 A

################################################################################################################################################
Starting Execution:	[31 out of 144] test cases in the current suite
Test Method:		[unitTests.tests_validations_assertions.assertElementExists_true_multipleElementsFound_expectedToFail]
################################################################################################################################################
[ReportManager] Assertion [ValidateElementExists] FAILED. Expected [Element Should Exist, locator 'By.xpath: //div'] and Actual [Element Exists but is not unique]. Comparison Type [EQUALS]. Validation Type [POSITIVE]. @25-09-2021 01:51:46.0254 AM
[ReportManager] Successfully created attachment [Screenshot - 1632534706202_assertElementExists_true_multipleElementsFound_expectedToFail_ValidateElementExists_failed] @25-09-2021 01:51:46.0255 A
[ReportManager] Browser Action [CloseCurrentWindow] successfully performed. @25-09-2021 01:51:46.0369 AM
[ReportManager] Successfully created attachment [Browser Action Test Data - CloseCurrentWindow - Actual Value] @25-09-2021 01:51:46.0370 A

################################################################################################################################################
Starting Execution:	[32 out of 144] test cases in the current suite
Test Method:		[unitTests.tests_validations_assertions.assertEquals_false_expectedToFail]
################################################################################################################################################
[ReportManager] Assertion [ValidateEquals] FAILED. Expected [1] and Actual [1]. Comparison Type [EQUALS]. Validation Type [NEGATIVE]. @25-09-2021 01:51:46.0377 A

################################################################################################################################################
Starting Execution:	[33 out of 144] test cases in the current suite
Test Method:		[unitTests.tests_validations_assertions.assertEquals_false_expectedToPass]
################################################################################################################################################
[ReportManager] Assertion [ValidateEquals] PASSED. Expected [1] and Actual [2]. Comparison Type [EQUALS]. Validation Type [NEGATIVE]. @25-09-2021 01:51:46.0383 A

################################################################################################################################################
Starting Execution:	[34 out of 144] test cases in the current suite
Test Method:		[unitTests.tests_validations_assertions.assertEquals_longCharacters]
################################################################################################################################################
[ReportManager] Verification [ValidateEquals] PASSED. Expected and Actual values are attached. Comparison Type [EQUALS]. Validation Type [POSITIVE]. @25-09-2021 01:51:46.0388 AM
[ReportManager] Successfully created attachment [Validation Test Data - Expected Value] @25-09-2021 01:51:46.0388 AM
[ReportManager] Successfully created attachment [Validation Test Data - Actual Value] @25-09-2021 01:51:46.0388 AM
[ReportManager] Assertion [ValidateEquals] PASSED. Expected and Actual values are attached. Comparison Type [EQUALS]. Validation Type [POSITIVE]. @25-09-2021 01:51:46.0388 AM
[ReportManager] Successfully created attachment [Validation Test Data - Expected Value] @25-09-2021 01:51:46.0389 AM
[ReportManager] Successfully created attachment [Validation Test Data - Actual Value] @25-09-2021 01:51:46.0390 A

################################################################################################################################################
Starting Execution:	[35 out of 144] test cases in the current suite
Test Method:		[unitTests.tests_validations_assertions.assertEquals_longCharacters_Discreet]
################################################################################################################################################
[ReportManager] Assertion [ValidateEquals] PASSED. Expected [1LH5pROcDBjjQk0t0mCr0lXuzQu9lcGj28kY8R1H81X67eVAQJgWQhILiRWVPUgZ6uCtK5cnBkF55Jr9vYngjGO1Iyf0Mktv6lruDlL9T8MAUPcUZJGHZtji6nIeadujDSNmWMj5d6C8zlFqw0CRqBU0hO5adIasHgBSNoLotAjce3NGXoDwAlp3rYreeV16VIyZXROQY] and Actual [1LH5pROcDBjjQk0t0mCr0lXuzQu9lcGj28kY8R1H81X67eVAQJgWQhILiRWVPUgZ6uCtK5cnBkF55Jr9vYngjGO1Iyf0Mktv6lruDlL9T8MAUPcUZJGHZtji6nIeadujDSNmWMj5d6C8zlFqw0CRqBU0hO5adIasHgBSNoLotAjce3NGXoDwAlp3rYreeV16VIyZXROQY]. Comparison Type [EQUALS]. Validation Type [POSITIVE]. @25-09-2021 01:51:46.0393 A

################################################################################################################################################
Starting Execution:	[36 out of 144] test cases in the current suite
Test Method:		[unitTests.tests_validations_assertions.assertEquals_true_expectedToFail]
################################################################################################################################################
[ReportManager] Assertion [ValidateEquals] FAILED. Expected [1] and Actual [2]. Comparison Type [EQUALS]. Validation Type [POSITIVE]. @25-09-2021 01:51:46.0402 A

################################################################################################################################################
Starting Execution:	[37 out of 144] test cases in the current suite
Test Method:		[unitTests.tests_validations_assertions.assertEquals_true_expectedToPass]
Test Description:	[Assert that assertEquals works as expected when the two values are equal.]
################################################################################################################################################
[ReportManager] Verification [ValidateEquals] PASSED. Expected [1] and Actual [1]. Comparison Type [EQUALS]. Validation Type [POSITIVE]. @25-09-2021 01:51:46.0408 AM
[ReportManager] Assertion [ValidateEquals] PASSED. Expected [1] and Actual [1]. Comparison Type [EQUALS]. Validation Type [POSITIVE]. @25-09-2021 01:51:46.0408 A

################################################################################################################################################
Starting Execution:	[38 out of 144] test cases in the current suite
Test Method:		[unitTests.tests_validations_assertions.assertEquals_true_expectedToPass__]
################################################################################################################################################
[ReportManager] Assertion [ValidateEquals] PASSED. Expected [1] and Actual [1]. Comparison Type [EQUALS]. Validation Type [POSITIVE]. @25-09-2021 01:51:46.0410 A

################################################################################################################################################
Starting Execution:	[39 out of 144] test cases in the current suite
Test Method:		[unitTests.tests_validations_assertions.assertFileExists_false_expectedToFail]
################################################################################################################################################
[ReportManager] File Action [DoesFileExist] successfully performed. With the following test data [File Path: "src/main/java/com/shaft/gui/element/ElementActions.java"]. @25-09-2021 01:51:46.0412 AM
[ReportManager] Assertion [ValidateFileExists] FAILED. Expected [File 'src/main/java/com/shaft/gui/element/ElementActions.java' should not exist, after up to '1' retries] and Actual [File exists]. Validation Type [NEGATIVE]. @25-09-2021 01:51:46.0416 A

################################################################################################################################################
Starting Execution:	[40 out of 144] test cases in the current suite
Test Method:		[unitTests.tests_validations_assertions.assertFileExists_false_expectedToPass]
################################################################################################################################################
[ReportManager] File Action [DoesFileExist] successfully performed. With the following test data [File Path: "src/main/java/com/shaft/gui/element/ElementActions.java_fail"]. @25-09-2021 01:51:46.0918 AM
[ReportManager] Assertion [ValidateFileExists] PASSED. Expected [File 'src/main/java/com/shaft/gui/element/ElementActions.java_fail' should not exist, after up to '1' retries] and Actual [File does not exist]. Validation Type [NEGATIVE]. @25-09-2021 01:51:46.0919 A

################################################################################################################################################
Starting Execution:	[41 out of 144] test cases in the current suite
Test Method:		[unitTests.tests_validations_assertions.assertFileExists_true_expectedToFail]
################################################################################################################################################
[ReportManager] File Action [DoesFileExist] successfully performed. With the following test data [File Path: "src/main/java/com/shaft/gui/element/ElementActions.java_fail"]. @25-09-2021 01:51:47.0423 AM
[ReportManager] Assertion [ValidateFileExists] FAILED. Expected [File 'src/main/java/com/shaft/gui/element/ElementActions.java_fail' should exist, after up to '1' retries] and Actual [File does not exist]. Validation Type [POSITIVE]. @25-09-2021 01:51:47.0423 A

################################################################################################################################################
Starting Execution:	[42 out of 144] test cases in the current suite
Test Method:		[unitTests.tests_validations_assertions.assertFileExists_true_expectedToPass]
################################################################################################################################################
[ReportManager] File Action [DoesFileExist] successfully performed. With the following test data [File Path: "src/main/java/com/shaft/gui/element/ElementActions.java"]. @25-09-2021 01:51:47.0428 AM
[ReportManager] Assertion [ValidateFileExists] PASSED. Expected [File 'src/main/java/com/shaft/gui/element/ElementActions.java' should exist, after up to '1' retries] and Actual [File exists]. Validation Type [POSITIVE]. @25-09-2021 01:51:47.0428 A

################################################################################################################################################
Starting Execution:	[43 out of 144] test cases in the current suite
Test Method:		[unitTests.tests_validations_assertions.assertNull_false_expectedToFail]
################################################################################################################################################
[ReportManager] Assertion [ValidateNull] FAILED. Expected [NULL] and Actual [NULL]. Comparison Type [EQUALS]. Validation Type [NEGATIVE]. @25-09-2021 01:51:47.0431 A

################################################################################################################################################
Starting Execution:	[44 out of 144] test cases in the current suite
Test Method:		[unitTests.tests_validations_assertions.assertNull_false_expectedToPass]
################################################################################################################################################
[ReportManager] Assertion [ValidateNull] PASSED. Expected [NULL] and Actual [1]. Comparison Type [EQUALS]. Validation Type [NEGATIVE]. @25-09-2021 01:51:47.0433 A

################################################################################################################################################
Starting Execution:	[45 out of 144] test cases in the current suite
Test Method:		[unitTests.tests_validations_assertions.assertNull_true_expectedToFail]
################################################################################################################################################
[ReportManager] Assertion [ValidateNull] FAILED. Expected [NULL] and Actual [1]. Comparison Type [EQUALS]. Validation Type [POSITIVE]. @25-09-2021 01:51:47.0435 A

################################################################################################################################################
Starting Execution:	[46 out of 144] test cases in the current suite
Test Method:		[unitTests.tests_validations_assertions.assertNull_true_expectedToPass]
################################################################################################################################################
[ReportManager] Assertion [ValidateNull] PASSED. Expected [NULL] and Actual [NULL]. Comparison Type [EQUALS]. Validation Type [POSITIVE]. @25-09-2021 01:51:47.0437 A

################################################################################################################################################
Starting Execution:	[47 out of 144] test cases in the current suite
Test Method:		[unitTests.tests_restActions.getPostsAndAssertBodyForSpecificTitle]
################################################################################################################################################
[ReportManager] Response status code: [200], status line: [HTTP/1.1 200 OK] @25-09-2021 01:51:49.0414 AM
[ReportManager] Assertion Passed: Evaluating the actual response status code against the expected one... @25-09-2021 01:51:49.0415 AM
[ReportManager] Assertion [ValidateEquals] PASSED. Expected [200] and Actual [200]. Comparison Type [EQUALS]. Validation Type [POSITIVE]. @25-09-2021 01:51:49.0415 AM
[ReportManager] API Action [PerformRequest] successfully performed. With the following test data [Request Type: "GET" | Target Status Code: "200" | Service URL: "https://jsonplaceholder.typicode.com/posts" | Content Type: "*/*" | Response Time: "718ms"]. @25-09-2021 01:51:50.0329 AM
[ReportManager] Successfully created attachment [API Request - Specifications] @25-09-2021 01:51:50.0330 AM
[ReportManager] Successfully created attachment [API Response - JSON Body] @25-09-2021 01:51:50.0541 AM
[ReportManager] API Action [GetResponseJSONValueAsList] successfully performed. @25-09-2021 01:51:50.0555 AM
[ReportManager] API Action [GetResponseJSONValue] successfully performed. With the following test data [title]. @25-09-2021 01:51:50.0573 AM
[ReportManager] API Action [GetResponseJSONValue] successfully performed. With the following test data [title]. @25-09-2021 01:51:50.0585 AM
[ReportManager] API Action [GetResponseJSONValue] successfully performed. With the following test data [body]. @25-09-2021 01:51:50.0596 AM
[ReportManager] Assertion [ValidateEquals] PASSED. Expected [qui neque nisi nulla] and Actual [est rerum tempore vitae
sequi sint nihil reprehenderit dolor beatae ea dolores neque
fugiat blanditiis voluptate porro vel nihil molestiae ut reiciendis
qui aperiam non debitis possimus qui neque nisi nulla]. Comparison Type [CONTAINS]. Validation Type [POSITIVE]. @25-09-2021 01:51:50.0596 AM
[ReportManager] API Action [GetResponseJSONValue] successfully performed. With the following test data [title]. @25-09-2021 01:51:50.0606 AM
[ReportManager] API Action [GetResponseJSONValue] successfully performed. With the following test data [title]. @25-09-2021 01:51:50.0637 AM
[ReportManager] API Action [GetResponseJSONValue] successfully performed. With the following test data [title]. @25-09-2021 01:51:50.0647 AM
[ReportManager] API Action [GetResponseJSONValue] successfully performed. With the following test data [title]. @25-09-2021 01:51:50.0656 AM
[ReportManager] API Action [GetResponseJSONValue] successfully performed. With the following test data [title]. @25-09-2021 01:51:50.0665 AM
[ReportManager] API Action [GetResponseJSONValue] successfully performed. With the following test data [title]. @25-09-2021 01:51:50.0675 AM
[ReportManager] API Action [GetResponseJSONValue] successfully performed. With the following test data [title]. @25-09-2021 01:51:50.0684 AM
[ReportManager] API Action [GetResponseJSONValue] successfully performed. With the following test data [title]. @25-09-2021 01:51:50.0693 AM
[ReportManager] API Action [GetResponseJSONValue] successfully performed. With the following test data [title]. @25-09-2021 01:51:50.0703 AM
[ReportManager] API Action [GetResponseJSONValue] successfully performed. With the following test data [title]. @25-09-2021 01:51:50.0712 AM
[ReportManager] API Action [GetResponseJSONValue] successfully performed. With the following test data [title]. @25-09-2021 01:51:50.0722 AM
[ReportManager] API Action [GetResponseJSONValue] successfully performed. With the following test data [title]. @25-09-2021 01:51:50.0733 AM
[ReportManager] API Action [GetResponseJSONValue] successfully performed. With the following test data [title]. @25-09-2021 01:51:50.0743 AM
[ReportManager] API Action [GetResponseJSONValue] successfully performed. With the following test data [title]. @25-09-2021 01:51:50.0752 AM
[ReportManager] API Action [GetResponseJSONValue] successfully performed. With the following test data [title]. @25-09-2021 01:51:50.0761 AM
[ReportManager] API Action [GetResponseJSONValue] successfully performed. With the following test data [title]. @25-09-2021 01:51:50.0770 AM
[ReportManager] API Action [GetResponseJSONValue] successfully performed. With the following test data [title]. @25-09-2021 01:51:50.0780 AM
[ReportManager] API Action [GetResponseJSONValue] successfully performed. With the following test data [title]. @25-09-2021 01:51:50.0789 AM
[ReportManager] API Action [GetResponseJSONValue] successfully performed. With the following test data [title]. @25-09-2021 01:51:50.0801 AM
[ReportManager] API Action [GetResponseJSONValue] successfully performed. With the following test data [title]. @25-09-2021 01:51:50.0810 AM
[ReportManager] API Action [GetResponseJSONValue] successfully performed. With the following test data [title]. @25-09-2021 01:51:50.0819 AM
[ReportManager] API Action [GetResponseJSONValue] successfully performed. With the following test data [title]. @25-09-2021 01:51:50.0827 AM
[ReportManager] API Action [GetResponseJSONValue] successfully performed. With the following test data [title]. @25-09-2021 01:51:50.0836 AM
[ReportManager] API Action [GetResponseJSONValue] successfully performed. With the following test data [title]. @25-09-2021 01:51:50.0844 AM
[ReportManager] API Action [GetResponseJSONValue] successfully performed. With the following test data [title]. @25-09-2021 01:51:50.0853 AM
[ReportManager] API Action [GetResponseJSONValue] successfully performed. With the following test data [title]. @25-09-2021 01:51:50.0861 AM
[ReportManager] API Action [GetResponseJSONValue] successfully performed. With the following test data [title]. @25-09-2021 01:51:50.0869 AM
[ReportManager] API Action [GetResponseJSONValue] successfully performed. With the following test data [title]. @25-09-2021 01:51:50.0878 AM
[ReportManager] API Action [GetResponseJSONValue] successfully performed. With the following test data [title]. @25-09-2021 01:51:50.0886 AM
[ReportManager] API Action [GetResponseJSONValue] successfully performed. With the following test data [title]. @25-09-2021 01:51:50.0894 AM
[ReportManager] API Action [GetResponseJSONValue] successfully performed. With the following test data [title]. @25-09-2021 01:51:50.0903 AM
[ReportManager] API Action [GetResponseJSONValue] successfully performed. With the following test data [title]. @25-09-2021 01:51:50.0911 AM
[ReportManager] API Action [GetResponseJSONValue] successfully performed. With the following test data [title]. @25-09-2021 01:51:50.0919 AM
[ReportManager] API Action [GetResponseJSONValue] successfully performed. With the following test data [title]. @25-09-2021 01:51:50.0928 AM
[ReportManager] API Action [GetResponseJSONValue] successfully performed. With the following test data [title]. @25-09-2021 01:51:50.0936 AM
[ReportManager] API Action [GetResponseJSONValue] successfully performed. With the following test data [title]. @25-09-2021 01:51:50.0944 AM
[ReportManager] API Action [GetResponseJSONValue] successfully performed. With the following test data [title]. @25-09-2021 01:51:50.0952 AM
[ReportManager] API Action [GetResponseJSONValue] successfully performed. With the following test data [title]. @25-09-2021 01:51:50.0960 AM
[ReportManager] API Action [GetResponseJSONValue] successfully performed. With the following test data [title]. @25-09-2021 01:51:50.0969 AM
[ReportManager] API Action [GetResponseJSONValue] successfully performed. With the following test data [title]. @25-09-2021 01:51:50.0977 AM
[ReportManager] API Action [GetResponseJSONValue] successfully performed. With the following test data [title]. @25-09-2021 01:51:50.0985 AM
[ReportManager] API Action [GetResponseJSONValue] successfully performed. With the following test data [title]. @25-09-2021 01:51:50.0993 AM
[ReportManager] API Action [GetResponseJSONValue] successfully performed. With the following test data [title]. @25-09-2021 01:51:51.0001 AM
[ReportManager] API Action [GetResponseJSONValue] successfully performed. With the following test data [title]. @25-09-2021 01:51:51.0010 AM
[ReportManager] API Action [GetResponseJSONValue] successfully performed. With the following test data [title]. @25-09-2021 01:51:51.0020 AM
[ReportManager] API Action [GetResponseJSONValue] successfully performed. With the following test data [title]. @25-09-2021 01:51:51.0029 AM
[ReportManager] API Action [GetResponseJSONValue] successfully performed. With the following test data [title]. @25-09-2021 01:51:51.0044 AM
[ReportManager] API Action [GetResponseJSONValue] successfully performed. With the following test data [title]. @25-09-2021 01:51:51.0062 AM
[ReportManager] API Action [GetResponseJSONValue] successfully performed. With the following test data [title]. @25-09-2021 01:51:51.0074 AM
[ReportManager] API Action [GetResponseJSONValue] successfully performed. With the following test data [title]. @25-09-2021 01:51:51.0086 AM
[ReportManager] API Action [GetResponseJSONValue] successfully performed. With the following test data [title]. @25-09-2021 01:51:51.0102 AM
[ReportManager] API Action [GetResponseJSONValue] successfully performed. With the following test data [title]. @25-09-2021 01:51:51.0116 AM
[ReportManager] API Action [GetResponseJSONValue] successfully performed. With the following test data [title]. @25-09-2021 01:51:51.0129 AM
[ReportManager] API Action [GetResponseJSONValue] successfully performed. With the following test data [title]. @25-09-2021 01:51:51.0140 AM
[ReportManager] API Action [GetResponseJSONValue] successfully performed. With the following test data [title]. @25-09-2021 01:51:51.0149 AM
[ReportManager] API Action [GetResponseJSONValue] successfully performed. With the following test data [title]. @25-09-2021 01:51:51.0159 AM
[ReportManager] API Action [GetResponseJSONValue] successfully performed. With the following test data [title]. @25-09-2021 01:51:51.0167 AM
[ReportManager] API Action [GetResponseJSONValue] successfully performed. With the following test data [title]. @25-09-2021 01:51:51.0174 AM
[ReportManager] API Action [GetResponseJSONValue] successfully performed. With the following test data [title]. @25-09-2021 01:51:51.0189 AM
[ReportManager] API Action [GetResponseJSONValue] successfully performed. With the following test data [title]. @25-09-2021 01:51:51.0247 AM
[ReportManager] API Action [GetResponseJSONValue] successfully performed. With the following test data [title]. @25-09-2021 01:51:51.0257 AM
[ReportManager] API Action [GetResponseJSONValue] successfully performed. With the following test data [title]. @25-09-2021 01:51:51.0269 AM
[ReportManager] API Action [GetResponseJSONValue] successfully performed. With the following test data [title]. @25-09-2021 01:51:51.0279 AM
[ReportManager] API Action [GetResponseJSONValue] successfully performed. With the following test data [title]. @25-09-2021 01:51:51.0288 AM
[ReportManager] API Action [GetResponseJSONValue] successfully performed. With the following test data [title]. @25-09-2021 01:51:51.0295 AM
[ReportManager] API Action [GetResponseJSONValue] successfully performed. With the following test data [title]. @25-09-2021 01:51:51.0305 AM
[ReportManager] API Action [GetResponseJSONValue] successfully performed. With the following test data [title]. @25-09-2021 01:51:51.0316 AM
[ReportManager] API Action [GetResponseJSONValue] successfully performed. With the following test data [title]. @25-09-2021 01:51:51.0326 AM
[ReportManager] API Action [GetResponseJSONValue] successfully performed. With the following test data [title]. @25-09-2021 01:51:51.0334 AM
[ReportManager] API Action [GetResponseJSONValue] successfully performed. With the following test data [title]. @25-09-2021 01:51:51.0343 AM
[ReportManager] API Action [GetResponseJSONValue] successfully performed. With the following test data [title]. @25-09-2021 01:51:51.0350 AM
[ReportManager] API Action [GetResponseJSONValue] successfully performed. With the following test data [title]. @25-09-2021 01:51:51.0363 AM
[ReportManager] API Action [GetResponseJSONValue] successfully performed. With the following test data [title]. @25-09-2021 01:51:51.0379 AM
[ReportManager] API Action [GetResponseJSONValue] successfully performed. With the following test data [title]. @25-09-2021 01:51:51.0386 AM
[ReportManager] API Action [GetResponseJSONValue] successfully performed. With the following test data [title]. @25-09-2021 01:51:51.0394 AM
[ReportManager] API Action [GetResponseJSONValue] successfully performed. With the following test data [title]. @25-09-2021 01:51:51.0405 AM
[ReportManager] API Action [GetResponseJSONValue] successfully performed. With the following test data [title]. @25-09-2021 01:51:51.0412 AM
[ReportManager] API Action [GetResponseJSONValue] successfully performed. With the following test data [title]. @25-09-2021 01:51:51.0428 AM
[ReportManager] API Action [GetResponseJSONValue] successfully performed. With the following test data [title]. @25-09-2021 01:51:51.0451 AM
[ReportManager] API Action [GetResponseJSONValue] successfully performed. With the following test data [title]. @25-09-2021 01:51:51.0467 AM
[ReportManager] API Action [GetResponseJSONValue] successfully performed. With the following test data [title]. @25-09-2021 01:51:51.0481 AM
[ReportManager] API Action [GetResponseJSONValue] successfully performed. With the following test data [title]. @25-09-2021 01:51:51.0513 AM
[ReportManager] API Action [GetResponseJSONValue] successfully performed. With the following test data [title]. @25-09-2021 01:51:51.0527 AM
[ReportManager] API Action [GetResponseJSONValue] successfully performed. With the following test data [title]. @25-09-2021 01:51:51.0544 AM
[ReportManager] API Action [GetResponseJSONValue] successfully performed. With the following test data [title]. @25-09-2021 01:51:51.0559 AM
[ReportManager] API Action [GetResponseJSONValue] successfully performed. With the following test data [title]. @25-09-2021 01:51:51.0575 AM
[ReportManager] API Action [GetResponseJSONValue] successfully performed. With the following test data [title]. @25-09-2021 01:51:51.0595 AM
[ReportManager] API Action [GetResponseJSONValue] successfully performed. With the following test data [title]. @25-09-2021 01:51:51.0603 AM
[ReportManager] API Action [GetResponseJSONValue] successfully performed. With the following test data [title]. @25-09-2021 01:51:51.0611 AM
[ReportManager] API Action [GetResponseJSONValue] successfully performed. With the following test data [title]. @25-09-2021 01:51:51.0618 AM
[ReportManager] API Action [GetResponseJSONValue] successfully performed. With the following test data [title]. @25-09-2021 01:51:51.0625 AM
[ReportManager] API Action [GetResponseJSONValue] successfully performed. With the following test data [title]. @25-09-2021 01:51:51.0632 AM
[ReportManager] API Action [GetResponseJSONValue] successfully performed. With the following test data [title]. @25-09-2021 01:51:51.0639 AM
[ReportManager] API Action [GetResponseJSONValue] successfully performed. With the following test data [title]. @25-09-2021 01:51:51.0647 AM
[ReportManager] API Action [GetResponseJSONValue] successfully performed. With the following test data [title]. @25-09-2021 01:51:51.0660 AM
[ReportManager] API Action [GetResponseJSONValue] successfully performed. With the following test data [title]. @25-09-2021 01:51:51.0679 AM
[ReportManager] API Action [GetResponseJSONValue] successfully performed. With the following test data [title]. @25-09-2021 01:51:51.0690 AM
[ReportManager] API Action [GetResponseJSONValue] successfully performed. With the following test data [title]. @25-09-2021 01:51:51.0698 A

################################################################################################################################################
Starting Execution:	[48 out of 144] test cases in the current suite
Test Method:		[unitTests.tests_restActions.validateUserEmail]
################################################################################################################################################
[ReportManager] Response status code: [200], status line: [HTTP/1.1 200 OK] @25-09-2021 01:51:51.0760 AM
[ReportManager] Assertion Passed: Evaluating the actual response status code against the expected one... @25-09-2021 01:51:51.0760 AM
[ReportManager] Assertion [ValidateEquals] PASSED. Expected [200] and Actual [200]. Comparison Type [EQUALS]. Validation Type [POSITIVE]. @25-09-2021 01:51:51.0760 AM
[ReportManager] API Action [PerformRequest] successfully performed. With the following test data [Request Type: "GET" | Target Status Code: "200" | Service URL: "https://jsonplaceholder.typicode.com/users" | Content Type: "*/*" | Response Time: "51ms"]. @25-09-2021 01:51:51.0775 AM
[ReportManager] Successfully created attachment [API Request - Specifications] @25-09-2021 01:51:51.0775 AM
[ReportManager] Successfully created attachment [API Response - JSON Body] @25-09-2021 01:51:51.0775 AM
[ReportManager] Assertion [ValidateEquals] PASSED. Expected and Actual values are attached. Comparison Type [CONTAINS]. Validation Type [POSITIVE]. @25-09-2021 01:51:51.0776 AM
[ReportManager] Successfully created attachment [Validation Test Data - Expected Value] @25-09-2021 01:51:51.0776 AM
[ReportManager] Successfully created attachment [Validation Test Data - Actual Value] @25-09-2021 01:51:51.0776 AM
[ReportManager] API Action [GetResponseJSONValueAsList] successfully performed. With the following test data [$]. @25-09-2021 01:51:51.0779 AM
[ReportManager] API Action [GetResponseJSONValue] successfully performed. With the following test data [name]. @25-09-2021 01:51:51.0788 AM
[ReportManager] API Action [GetResponseJSONValue] successfully performed. With the following test data [email]. @25-09-2021 01:51:51.0796 AM
[ReportManager] Assertion [ValidateEquals] PASSED. Expected [Sincere@april.biz] and Actual [Sincere@april.biz]. Comparison Type [EQUALS]. Validation Type [POSITIVE]. @25-09-2021 01:51:51.0796 AM
[ReportManager] API Action [GetResponseJSONValue] successfully performed. With the following test data [name]. @25-09-2021 01:51:51.0803 AM
[ReportManager] API Action [GetResponseJSONValue] successfully performed. With the following test data [name]. @25-09-2021 01:51:51.0810 AM
[ReportManager] API Action [GetResponseJSONValue] successfully performed. With the following test data [name]. @25-09-2021 01:51:51.0817 AM
[ReportManager] API Action [GetResponseJSONValue] successfully performed. With the following test data [name]. @25-09-2021 01:51:51.0824 AM
[ReportManager] API Action [GetResponseJSONValue] successfully performed. With the following test data [name]. @25-09-2021 01:51:51.0830 AM
[ReportManager] API Action [GetResponseJSONValue] successfully performed. With the following test data [name]. @25-09-2021 01:51:51.0837 AM
[ReportManager] API Action [GetResponseJSONValue] successfully performed. With the following test data [name]. @25-09-2021 01:51:51.0864 AM
[ReportManager] API Action [GetResponseJSONValue] successfully performed. With the following test data [name]. @25-09-2021 01:51:51.0871 AM
[ReportManager] API Action [GetResponseJSONValue] successfully performed. With the following test data [name]. @25-09-2021 01:51:51.0878 A
[ReportManager] File Action [GetAbsolutePath] successfully performed. With the following test data [Relative Folder Path: "target/downloadedFiles/"]. @25-09-2021 01:51:51.0888 AM
[ReportManager] Attempting to run remotely on: [Linux-64], [GoogleChrome], [http://localhost:4444/wd/hub], Headless Execution. @25-09-2021 01:51:51.0888 AM
[ReportManager] Successfully Opened [GoogleChrome]. @25-09-2021 01:51:52.0185 A

################################################################################################################################################
Starting Execution:	[49 out of 144] test cases in the current suite
Test Method:		[unitTests.tests_element_elementActions.waitForElementToBePresent_false_expectedToFail]
################################################################################################################################################
[ReportManager] Target URL: [https://www.google.com/ncr], and after redirection: [www.google.com] @25-09-2021 01:51:52.0198 AM
[ReportManager] Initial URL: [data:,] @25-09-2021 01:51:52.0240 AM
[ReportManager] Browser Action [NavigateToURL] successfully performed. With the following test data [https://www.google.com/ncr]. @25-09-2021 01:51:53.0121 AM
[ReportManager] Waiting for element to be present; elementLocator [By.xpath: //*[@id='hplogo' or @alt='Google']], numberOfTries[1], stateOfPresence[false]... @25-09-2021 01:51:53.0124 AM
[ReportManager] Element Action [WaitForElementToBePresent] failed. With the following test data [waited for the element's state of presence to be (false). Element locator (By.xpath: //*[@id='hplogo' or @alt='Google'])]. @25-09-2021 01:51:53.0304 AM
[ReportManager] Successfully created attachment [Screenshot - 1632534713245_waitForElementToBePresent_false_expectedToFail_WaitForElementToBePresent_failed] @25-09-2021 01:51:53.0306 A
[ReportManager] Browser Action [CloseCurrentWindow] successfully performed. @25-09-2021 01:51:53.0424 AM
[ReportManager] Successfully created attachment [Browser Action Test Data - CloseCurrentWindow - Actual Value] @25-09-2021 01:51:53.0424 A
[ReportManager] File Action [GetAbsolutePath] successfully performed. With the following test data [Relative Folder Path: "target/downloadedFiles/"]. @25-09-2021 01:51:53.0427 AM
[ReportManager] Attempting to run remotely on: [Linux-64], [GoogleChrome], [http://localhost:4444/wd/hub], Headless Execution. @25-09-2021 01:51:53.0427 AM
[ReportManager] Successfully Opened [GoogleChrome]. @25-09-2021 01:51:53.0603 A

################################################################################################################################################
Starting Execution:	[50 out of 144] test cases in the current suite
Test Method:		[unitTests.tests_element_elementActions.waitForElementToBePresent_false_expectedToPass]
################################################################################################################################################
[ReportManager] Target URL: [https://www.google.com/ncr], and after redirection: [www.google.com] @25-09-2021 01:51:53.0623 AM
[ReportManager] Initial URL: [data:,] @25-09-2021 01:51:53.0660 AM
[ReportManager] Browser Action [NavigateToURL] successfully performed. With the following test data [https://www.google.com/ncr]. @25-09-2021 01:51:54.0369 AM
[ReportManager] Waiting for element to be present; elementLocator [By.id: bla], numberOfTries[1], stateOfPresence[false]... @25-09-2021 01:51:54.0369 AM
[ReportManager] Element Action [WaitForElementToBePresent] successfully performed. With the following test data [waited for the element's state of presence to be (false). Element locator (By.id: bla)]. @25-09-2021 01:51:59.0478 A
[ReportManager] Browser Action [CloseCurrentWindow] successfully performed. @25-09-2021 01:51:59.0597 AM
[ReportManager] Successfully created attachment [Browser Action Test Data - CloseCurrentWindow - Actual Value] @25-09-2021 01:51:59.0598 A
[ReportManager] File Action [GetAbsolutePath] successfully performed. With the following test data [Relative Folder Path: "target/downloadedFiles/"]. @25-09-2021 01:51:59.0603 AM
[ReportManager] Attempting to run remotely on: [Linux-64], [GoogleChrome], [http://localhost:4444/wd/hub], Headless Execution. @25-09-2021 01:51:59.0604 AM
[ReportManager] Successfully Opened [GoogleChrome]. @25-09-2021 01:51:59.0792 A

################################################################################################################################################
Starting Execution:	[51 out of 144] test cases in the current suite
Test Method:		[unitTests.tests_element_elementActions.waitForElementToBePresent_moreThanOneElement_expectedToFail]
################################################################################################################################################
[ReportManager] Target URL: [https://www.google.com/ncr], and after redirection: [www.google.com] @25-09-2021 01:51:59.0806 AM
[ReportManager] Initial URL: [data:,] @25-09-2021 01:51:59.0848 AM
[ReportManager] Browser Action [NavigateToURL] successfully performed. With the following test data [https://www.google.com/ncr]. @25-09-2021 01:52:00.0549 AM
[ReportManager] Waiting for element to be present; elementLocator [By.xpath: //*], numberOfTries[1], stateOfPresence[false]... @25-09-2021 01:52:00.0550 AM
[ReportManager] Element Action [WaitForElementToBePresent] failed. With the following test data [waited for the element's state of presence to be (false). Element locator (By.xpath: //*)]. @25-09-2021 01:52:00.0730 AM
[ReportManager] Successfully created attachment [Screenshot - 1632534720669_waitForElementToBePresent_moreThanOneElement_expectedToFail_WaitForElementToBePresent_failed] @25-09-2021 01:52:00.0731 A
[ReportManager] Browser Action [CloseCurrentWindow] successfully performed. @25-09-2021 01:52:00.0844 AM
[ReportManager] Successfully created attachment [Browser Action Test Data - CloseCurrentWindow - Actual Value] @25-09-2021 01:52:00.0845 A
[ReportManager] File Action [GetAbsolutePath] successfully performed. With the following test data [Relative Folder Path: "target/downloadedFiles/"]. @25-09-2021 01:52:00.0848 AM
[ReportManager] Attempting to run remotely on: [Linux-64], [GoogleChrome], [http://localhost:4444/wd/hub], Headless Execution. @25-09-2021 01:52:00.0848 AM
[ReportManager] Successfully Opened [GoogleChrome]. @25-09-2021 01:52:01.0029 A

################################################################################################################################################
Starting Execution:	[52 out of 144] test cases in the current suite
Test Method:		[unitTests.tests_element_elementActions.waitForElementToBePresent_true_expectedToFail]
################################################################################################################################################
[ReportManager] Target URL: [https://www.google.com/ncr], and after redirection: [www.google.com] @25-09-2021 01:52:01.0043 AM
[ReportManager] Initial URL: [data:,] @25-09-2021 01:52:01.0080 AM
[ReportManager] Browser Action [NavigateToURL] successfully performed. With the following test data [https://www.google.com/ncr]. @25-09-2021 01:52:01.0832 AM
[ReportManager] Waiting for element to be present; elementLocator [By.id: bla], numberOfTries[1], stateOfPresence[true]... @25-09-2021 01:52:01.0832 AM
[ReportManager] Element Action [WaitForElementToBePresent] failed. With the following test data [waited for the element's state of presence to be (true). Element locator (By.id: bla)]. @25-09-2021 01:52:07.0053 AM
[ReportManager] Successfully created attachment [Screenshot - 1632534727001_waitForElementToBePresent_true_expectedToFail_WaitForElementToBePresent_failed] @25-09-2021 01:52:07.0054 A
[ReportManager] Browser Action [CloseCurrentWindow] successfully performed. @25-09-2021 01:52:07.0174 AM
[ReportManager] Successfully created attachment [Browser Action Test Data - CloseCurrentWindow - Actual Value] @25-09-2021 01:52:07.0175 A
[ReportManager] File Action [GetAbsolutePath] successfully performed. With the following test data [Relative Folder Path: "target/downloadedFiles/"]. @25-09-2021 01:52:07.0179 AM
[ReportManager] Attempting to run remotely on: [Linux-64], [GoogleChrome], [http://localhost:4444/wd/hub], Headless Execution. @25-09-2021 01:52:07.0179 AM
[ReportManager] Successfully Opened [GoogleChrome]. @25-09-2021 01:52:07.0354 A

################################################################################################################################################
Starting Execution:	[53 out of 144] test cases in the current suite
Test Method:		[unitTests.tests_element_elementActions.waitForElementToBePresent_true_expectedToPass]
################################################################################################################################################
[ReportManager] Target URL: [https://www.google.com/ncr], and after redirection: [www.google.com] @25-09-2021 01:52:07.0370 AM
[ReportManager] Initial URL: [data:,] @25-09-2021 01:52:07.0406 AM
[ReportManager] Browser Action [NavigateToURL] successfully performed. With the following test data [https://www.google.com/ncr]. @25-09-2021 01:52:08.0152 AM
[ReportManager] Waiting for element to be present; elementLocator [By.xpath: //*[@id='hplogo' or @alt='Google']], numberOfTries[1], stateOfPresence[true]... @25-09-2021 01:52:08.0152 AM
[ReportManager] Element Action [WaitForElementToBePresent] successfully performed. With the following test data [waited for the element's state of presence to be (true). Element locator (By.xpath: //*[@id='hplogo' or @alt='Google'])]. @25-09-2021 01:52:08.0198 AM
[ReportManager] File Action [DoesFileExist] successfully performed. With the following test data [File Path: "src/test/resources/DynamicObjectRepository/unitTests_tests_element_elementActions_waitForElementToBePresent_true_expectedToPass_By_xpath_id_hplogo_or_alt_Google.png"]. @25-09-2021 01:52:08.0202 AM
[ReportManager] File Action [DoesFileExist] successfully performed. With the following test data [File Path: "src/test/resources/DynamicObjectRepository/unitTests_tests_element_elementActions_waitForElementToBePresent_true_expectedToPass_By_xpath_id_hplogo_or_alt_Google.png"]. @25-09-2021 01:52:08.0332 AM
[ReportManager] Passing the test and saving a reference image @25-09-2021 01:52:08.0332 AM
[ReportManager] File Action [GetAbsolutePath] successfully performed. With the following test data [Relative File Path: "src/test/resources/DynamicObjectRepository/unitTests_tests_element_elementActions_waitForElementToBePresent_true_expectedToPass_By_xpath_id_hplogo_or_alt_Google.png"]. @25-09-2021 01:52:08.0332 AM
[ReportManager] File Action [WriteToFile] successfully performed. With the following test data [Target File Path: "/home/runner/work/SHAFT_ENGINE/SHAFT_ENGINE/src/test/resources/DynamicObjectRepository/unitTests_tests_element_elementActions_waitForElementToBePresent_true_expectedToPass_By_xpath_id_hplogo_or_alt_Google.png"]. @25-09-2021 01:52:08.0333 AM
[ReportManager] Assertion Passed: Using Visual AI; OpenCV @25-09-2021 01:52:08.0334 AM
[ReportManager] Successfully created attachment [Validation Test Data - Actual Screenshot] @25-09-2021 01:52:08.0334 AM
[ReportManager] Assertion [ValidateElementMatches] PASSED. Expected [Element should match the reference screenshot] and Actual [TRUE]. Comparison Type [EXACT_OPENCV]. Validation Type [POSITIVE]. @25-09-2021 01:52:08.0334 A
[ReportManager] Browser Action [CloseCurrentWindow] successfully performed. @25-09-2021 01:52:08.0455 AM
[ReportManager] Successfully created attachment [Browser Action Test Data - CloseCurrentWindow - Actual Value] @25-09-2021 01:52:08.0457 A
[ReportManager] File Action [GetAbsolutePath] successfully performed. With the following test data [Relative Folder Path: "target/downloadedFiles/"]. @25-09-2021 01:52:08.0459 AM
[ReportManager] Attempting to run remotely on: [Linux-64], [GoogleChrome], [http://localhost:4444/wd/hub], Headless Execution. @25-09-2021 01:52:08.0462 AM
[ReportManager] Successfully Opened [GoogleChrome]. @25-09-2021 01:52:08.0648 AM
[ReportManager] Target URL: [https://duckduckgo.com] @25-09-2021 01:52:08.0661 AM
[ReportManager] Initial URL: [data:,] @25-09-2021 01:52:08.0696 AM
[ReportManager] Browser Action [NavigateToURL] successfully performed. With the following test data [https://duckduckgo.com]. @25-09-2021 01:52:09.0171 A

################################################################################################################################################
Starting Execution:	[54 out of 144] test cases in the current suite
Test Method:		[unitTests.tests_browserActions.fullScreenWindow]
################################################################################################################################################
[ReportManager] Initial Windows Size: 800x600 @25-09-2021 01:52:09.0181 AM
[ReportManager] Initial window size: (800, 600) @25-09-2021 01:52:09.0183 AM
[ReportManager] Window size after Toolkit: (1920, 1080) @25-09-2021 01:52:09.0409 AM
[ReportManager] Browser Action [MaximizeWindow] successfully performed. With the following test data [New screen size is now: (1920, 1080)]. @25-09-2021 01:52:09.0412 AM
[ReportManager] Current Windows Size after fullScreen: 1920x1080 @25-09-2021 01:52:09.0415 AM
[ReportManager] Browser Action [FullScreenWindow] successfully performed. @25-09-2021 01:52:09.0444 AM
[ReportManager] Successfully created attachment [Browser Action Test Data - FullScreenWindow - Actual Value] @25-09-2021 01:52:09.0449 A
[ReportManager] Target URL: [https://duckduckgo.com] @25-09-2021 01:52:09.0452 AM
[ReportManager] Initial URL: [https://duckduckgo.com] @25-09-2021 01:52:09.0505 AM
[ReportManager] Browser Action [NavigateToURL] successfully performed. With the following test data [https://duckduckgo.com]. @25-09-2021 01:52:09.0824 AM
[ReportManager] Browser Action [CloseCurrentWindow] successfully performed. @25-09-2021 01:52:09.0925 AM
[ReportManager] Successfully created attachment [Browser Action Test Data - CloseCurrentWindow - Actual Value] @25-09-2021 01:52:09.0927 A
[ReportManager] File Action [GetAbsolutePath] successfully performed. With the following test data [Relative Folder Path: "target/downloadedFiles/"]. @25-09-2021 01:52:09.0929 AM
[ReportManager] Attempting to run remotely on: [Linux-64], [GoogleChrome], [http://localhost:4444/wd/hub], Headless Execution. @25-09-2021 01:52:09.0930 AM
[ReportManager] Successfully Opened [GoogleChrome]. @25-09-2021 01:52:10.0116 AM
[ReportManager] Target URL: [https://duckduckgo.com] @25-09-2021 01:52:10.0135 AM
[ReportManager] Initial URL: [data:,] @25-09-2021 01:52:10.0173 AM
[ReportManager] Browser Action [NavigateToURL] successfully performed. With the following test data [https://duckduckgo.com]. @25-09-2021 01:52:10.0615 A

################################################################################################################################################
Starting Execution:	[55 out of 144] test cases in the current suite
Test Method:		[unitTests.tests_browserActions.getCurrentURL]
################################################################################################################################################
[ReportManager] Browser Action [GetCurrentURL] successfully performed. With the following test data [https://duckduckgo.com/]. @25-09-2021 01:52:10.0650 A
[ReportManager] Target URL: [https://duckduckgo.com] @25-09-2021 01:52:10.0653 AM
[ReportManager] Initial URL: [https://duckduckgo.com] @25-09-2021 01:52:10.0709 AM
[ReportManager] Browser Action [NavigateToURL] successfully performed. With the following test data [https://duckduckgo.com]. @25-09-2021 01:52:11.0031 AM
[ReportManager] Browser Action [CloseCurrentWindow] successfully performed. @25-09-2021 01:52:11.0143 AM
[ReportManager] Successfully created attachment [Browser Action Test Data - CloseCurrentWindow - Actual Value] @25-09-2021 01:52:11.0143 A
[ReportManager] File Action [GetAbsolutePath] successfully performed. With the following test data [Relative Folder Path: "target/downloadedFiles/"]. @25-09-2021 01:52:11.0145 AM
[ReportManager] Attempting to run remotely on: [Linux-64], [GoogleChrome], [http://localhost:4444/wd/hub], Headless Execution. @25-09-2021 01:52:11.0146 AM
[ReportManager] Successfully Opened [GoogleChrome]. @25-09-2021 01:52:11.0329 AM
[ReportManager] Target URL: [https://duckduckgo.com] @25-09-2021 01:52:11.0342 AM
[ReportManager] Initial URL: [data:,] @25-09-2021 01:52:11.0376 AM
[ReportManager] Browser Action [NavigateToURL] successfully performed. With the following test data [https://duckduckgo.com]. @25-09-2021 01:52:11.0797 A

################################################################################################################################################
Starting Execution:	[56 out of 144] test cases in the current suite
Test Method:		[unitTests.tests_browserActions.getCurrentWindowTitle]
################################################################################################################################################
[ReportManager] Browser Action [GetCurrentWindowTitle] successfully performed. With the following test data [DuckDuckGo  Privacy, simplified.]. @25-09-2021 01:52:11.0840 A
[ReportManager] Target URL: [https://duckduckgo.com] @25-09-2021 01:52:11.0842 AM
[ReportManager] Initial URL: [https://duckduckgo.com] @25-09-2021 01:52:11.0891 AM
[ReportManager] Browser Action [NavigateToURL] successfully performed. With the following test data [https://duckduckgo.com]. @25-09-2021 01:52:12.0169 AM
[ReportManager] Browser Action [CloseCurrentWindow] successfully performed. @25-09-2021 01:52:12.0275 AM
[ReportManager] Successfully created attachment [Browser Action Test Data - CloseCurrentWindow - Actual Value] @25-09-2021 01:52:12.0275 A
[ReportManager] File Action [GetAbsolutePath] successfully performed. With the following test data [Relative Folder Path: "target/downloadedFiles/"]. @25-09-2021 01:52:12.0277 AM
[ReportManager] Attempting to run remotely on: [Linux-64], [GoogleChrome], [http://localhost:4444/wd/hub], Headless Execution. @25-09-2021 01:52:12.0278 AM
[ReportManager] Successfully Opened [GoogleChrome]. @25-09-2021 01:52:12.0680 AM
[ReportManager] Target URL: [https://duckduckgo.com] @25-09-2021 01:52:12.0691 AM
[ReportManager] Initial URL: [data:,] @25-09-2021 01:52:12.0743 AM
[ReportManager] Browser Action [NavigateToURL] successfully performed. With the following test data [https://duckduckgo.com]. @25-09-2021 01:52:13.0226 A

################################################################################################################################################
Starting Execution:	[57 out of 144] test cases in the current suite
Test Method:		[unitTests.tests_browserActions.getPageSource]
################################################################################################################################################
[ReportManager] Browser Action [GetPageSource] successfully performed. @25-09-2021 01:52:13.0272 AM
[ReportManager] Successfully created attachment [Browser Action Test Data - GetPageSource - Actual Value] @25-09-2021 01:52:13.0273 A
[ReportManager] Target URL: [https://duckduckgo.com] @25-09-2021 01:52:13.0275 AM
[ReportManager] Initial URL: [https://duckduckgo.com] @25-09-2021 01:52:13.0326 AM
[ReportManager] Browser Action [NavigateToURL] successfully performed. With the following test data [https://duckduckgo.com]. @25-09-2021 01:52:13.0607 AM
[ReportManager] Browser Action [CloseCurrentWindow] successfully performed. @25-09-2021 01:52:13.0713 AM
[ReportManager] Successfully created attachment [Browser Action Test Data - CloseCurrentWindow - Actual Value] @25-09-2021 01:52:13.0714 A
[ReportManager] File Action [GetAbsolutePath] successfully performed. With the following test data [Relative Folder Path: "target/downloadedFiles/"]. @25-09-2021 01:52:13.0719 AM
[ReportManager] Attempting to run remotely on: [Linux-64], [GoogleChrome], [http://localhost:4444/wd/hub], Headless Execution. @25-09-2021 01:52:13.0719 AM
[ReportManager] Successfully Opened [GoogleChrome]. @25-09-2021 01:52:13.0892 AM
[ReportManager] Target URL: [https://duckduckgo.com] @25-09-2021 01:52:13.0907 AM
[ReportManager] Initial URL: [data:,] @25-09-2021 01:52:13.0946 AM
[ReportManager] Browser Action [NavigateToURL] successfully performed. With the following test data [https://duckduckgo.com]. @25-09-2021 01:52:14.0367 A

################################################################################################################################################
Starting Execution:	[58 out of 144] test cases in the current suite
Test Method:		[unitTests.tests_browserActions.getWindowHandle]
################################################################################################################################################
[ReportManager] Browser Action [GetWindowHandle] successfully performed. With the following test data [CDwindow-70DF66E76DD80DF33E72D4EE47CB56D7]. @25-09-2021 01:52:14.0399 A
[ReportManager] Target URL: [https://duckduckgo.com] @25-09-2021 01:52:14.0402 AM
[ReportManager] Initial URL: [https://duckduckgo.com] @25-09-2021 01:52:14.0449 AM
[ReportManager] Browser Action [NavigateToURL] successfully performed. With the following test data [https://duckduckgo.com]. @25-09-2021 01:52:14.0716 AM
[ReportManager] Browser Action [CloseCurrentWindow] successfully performed. @25-09-2021 01:52:14.0820 AM
[ReportManager] Successfully created attachment [Browser Action Test Data - CloseCurrentWindow - Actual Value] @25-09-2021 01:52:14.0822 A
[ReportManager] File Action [GetAbsolutePath] successfully performed. With the following test data [Relative Folder Path: "target/downloadedFiles/"]. @25-09-2021 01:52:14.0824 AM
[ReportManager] Attempting to run remotely on: [Linux-64], [GoogleChrome], [http://localhost:4444/wd/hub], Headless Execution. @25-09-2021 01:52:14.0824 AM
[ReportManager] Successfully Opened [GoogleChrome]. @25-09-2021 01:52:15.0002 AM
[ReportManager] Target URL: [https://duckduckgo.com] @25-09-2021 01:52:15.0012 AM
[ReportManager] Initial URL: [data:,] @25-09-2021 01:52:15.0046 AM
[ReportManager] Browser Action [NavigateToURL] successfully performed. With the following test data [https://duckduckgo.com]. @25-09-2021 01:52:15.0453 A

################################################################################################################################################
Starting Execution:	[59 out of 144] test cases in the current suite
Test Method:		[unitTests.tests_browserActions.getWindowPosition]
################################################################################################################################################
[ReportManager] Browser Action [GetWindowPosition] successfully performed. With the following test data [(0, 0)]. @25-09-2021 01:52:15.0486 A
[ReportManager] Target URL: [https://duckduckgo.com] @25-09-2021 01:52:15.0489 AM
[ReportManager] Initial URL: [https://duckduckgo.com] @25-09-2021 01:52:15.0554 AM
[ReportManager] Browser Action [NavigateToURL] successfully performed. With the following test data [https://duckduckgo.com]. @25-09-2021 01:52:15.0825 AM
[ReportManager] Browser Action [CloseCurrentWindow] successfully performed. @25-09-2021 01:52:15.0921 AM
[ReportManager] Successfully created attachment [Browser Action Test Data - CloseCurrentWindow - Actual Value] @25-09-2021 01:52:15.0921 A
[ReportManager] File Action [GetAbsolutePath] successfully performed. With the following test data [Relative Folder Path: "target/downloadedFiles/"]. @25-09-2021 01:52:15.0923 AM
[ReportManager] Attempting to run remotely on: [Linux-64], [GoogleChrome], [http://localhost:4444/wd/hub], Headless Execution. @25-09-2021 01:52:15.0923 AM
[ReportManager] Successfully Opened [GoogleChrome]. @25-09-2021 01:52:16.0113 AM
[ReportManager] Target URL: [https://duckduckgo.com] @25-09-2021 01:52:16.0122 AM
[ReportManager] Initial URL: [data:,] @25-09-2021 01:52:16.0156 AM
[ReportManager] Browser Action [NavigateToURL] successfully performed. With the following test data [https://duckduckgo.com]. @25-09-2021 01:52:16.0562 A

################################################################################################################################################
Starting Execution:	[60 out of 144] test cases in the current suite
Test Method:		[unitTests.tests_browserActions.getWindowSize]
################################################################################################################################################
[ReportManager] Browser Action [GetWindowSize] successfully performed. With the following test data [(800, 600)]. @25-09-2021 01:52:16.0594 A
[ReportManager] Target URL: [https://duckduckgo.com] @25-09-2021 01:52:16.0597 AM
[ReportManager] Initial URL: [https://duckduckgo.com] @25-09-2021 01:52:16.0644 AM
[ReportManager] Browser Action [NavigateToURL] successfully performed. With the following test data [https://duckduckgo.com]. @25-09-2021 01:52:16.0915 AM
[ReportManager] Browser Action [CloseCurrentWindow] successfully performed. @25-09-2021 01:52:17.0009 AM
[ReportManager] Successfully created attachment [Browser Action Test Data - CloseCurrentWindow - Actual Value] @25-09-2021 01:52:17.0010 A
[ReportManager] File Action [GetAbsolutePath] successfully performed. With the following test data [Relative Folder Path: "target/downloadedFiles/"]. @25-09-2021 01:52:17.0012 AM
[ReportManager] Attempting to run remotely on: [Linux-64], [GoogleChrome], [http://localhost:4444/wd/hub], Headless Execution. @25-09-2021 01:52:17.0012 AM
[ReportManager] Successfully Opened [GoogleChrome]. @25-09-2021 01:52:17.0190 AM
[ReportManager] Target URL: [https://duckduckgo.com] @25-09-2021 01:52:17.0207 AM
[ReportManager] Initial URL: [data:,] @25-09-2021 01:52:17.0252 AM
[ReportManager] Browser Action [NavigateToURL] successfully performed. With the following test data [https://duckduckgo.com]. @25-09-2021 01:52:17.0678 A

################################################################################################################################################
Starting Execution:	[61 out of 144] test cases in the current suite
Test Method:		[unitTests.tests_browserActions.maximizeWindow]
################################################################################################################################################
[ReportManager] Initial window size: (800, 600) @25-09-2021 01:52:17.0685 AM
[ReportManager] Window size after Toolkit: (1920, 1080) @25-09-2021 01:52:17.0907 AM
[ReportManager] Browser Action [MaximizeWindow] successfully performed. With the following test data [New screen size is now: (1920, 1080)]. @25-09-2021 01:52:17.0910 A
[ReportManager] Target URL: [https://duckduckgo.com] @25-09-2021 01:52:17.0911 AM
[ReportManager] Initial URL: [https://duckduckgo.com] @25-09-2021 01:52:17.0976 AM
[ReportManager] Browser Action [NavigateToURL] successfully performed. With the following test data [https://duckduckgo.com]. @25-09-2021 01:52:18.0255 AM
[ReportManager] Browser Action [CloseCurrentWindow] successfully performed. @25-09-2021 01:52:18.0365 AM
[ReportManager] Successfully created attachment [Browser Action Test Data - CloseCurrentWindow - Actual Value] @25-09-2021 01:52:18.0366 A
[ReportManager] File Action [GetAbsolutePath] successfully performed. With the following test data [Relative Folder Path: "target/downloadedFiles/"]. @25-09-2021 01:52:18.0368 AM
[ReportManager] Attempting to run remotely on: [Linux-64], [GoogleChrome], [http://localhost:4444/wd/hub], Headless Execution. @25-09-2021 01:52:18.0368 AM
[ReportManager] Successfully Opened [GoogleChrome]. @25-09-2021 01:52:18.0550 AM
[ReportManager] Target URL: [https://duckduckgo.com] @25-09-2021 01:52:18.0560 AM
[ReportManager] Initial URL: [data:,] @25-09-2021 01:52:18.0600 AM
[ReportManager] Browser Action [NavigateToURL] successfully performed. With the following test data [https://duckduckgo.com]. @25-09-2021 01:52:19.0038 A

################################################################################################################################################
Starting Execution:	[62 out of 144] test cases in the current suite
Test Method:		[unitTests.tests_browserActions.navigateBack]
################################################################################################################################################
[ReportManager] Target URL: [https://www.google.com/ncr], and after redirection: [https://www.google.com] @25-09-2021 01:52:19.0042 AM
[ReportManager] Initial URL: [https://duckduckgo.com] @25-09-2021 01:52:19.0095 AM
[ReportManager] Browser Action [NavigateToURL] successfully performed. With the following test data [https://www.google.com/ncr]. @25-09-2021 01:52:19.0776 AM
[ReportManager] Browser Action [NavigateBack] successfully performed. With the following test data [https://duckduckgo.com/]. @25-09-2021 01:52:20.0100 AM
[ReportManager] Browser Action [GetCurrentURL] successfully performed. With the following test data [https://duckduckgo.com/]. @25-09-2021 01:52:20.0127 AM
[ReportManager] Assertion Passed: Confirming that navigating back was successful @25-09-2021 01:52:20.0244 AM
[ReportManager] Successfully created attachment [Screenshot - 1632534740189_navigateBack_ValidateBrowserAttribute_passed] @25-09-2021 01:52:20.0244 AM
[ReportManager] Assertion [ValidateBrowserAttribute] PASSED. Expected [Value Should be 'https://duckduckgo.com' for the 'CurrentUrl' attribute] and Actual [https://duckduckgo.com/]. Comparison Type [CONTAINS]. Validation Type [POSITIVE]. @25-09-2021 01:52:20.0244 A
[ReportManager] Target URL: [https://duckduckgo.com] @25-09-2021 01:52:20.0252 AM
[ReportManager] Initial URL: [https://duckduckgo.com] @25-09-2021 01:52:20.0303 AM
[ReportManager] Browser Action [NavigateToURL] successfully performed. With the following test data [https://duckduckgo.com]. @25-09-2021 01:52:20.0651 AM
[ReportManager] Browser Action [CloseCurrentWindow] successfully performed. @25-09-2021 01:52:20.0756 AM
[ReportManager] Successfully created attachment [Browser Action Test Data - CloseCurrentWindow - Actual Value] @25-09-2021 01:52:20.0756 A
[ReportManager] File Action [GetAbsolutePath] successfully performed. With the following test data [Relative Folder Path: "target/downloadedFiles/"]. @25-09-2021 01:52:20.0762 AM
[ReportManager] Attempting to run remotely on: [Linux-64], [GoogleChrome], [http://localhost:4444/wd/hub], Headless Execution. @25-09-2021 01:52:20.0763 AM
[ReportManager] Successfully Opened [GoogleChrome]. @25-09-2021 01:52:20.0962 AM
[ReportManager] Target URL: [https://duckduckgo.com] @25-09-2021 01:52:20.0972 AM
[ReportManager] Initial URL: [data:,] @25-09-2021 01:52:21.0008 AM
[ReportManager] Browser Action [NavigateToURL] successfully performed. With the following test data [https://duckduckgo.com]. @25-09-2021 01:52:21.0422 A

################################################################################################################################################
Starting Execution:	[63 out of 144] test cases in the current suite
Test Method:		[unitTests.tests_browserActions.navigateForward]
################################################################################################################################################
[ReportManager] Target URL: [https://www.google.com/ncr], and after redirection: [https://www.google.com] @25-09-2021 01:52:21.0425 AM
[ReportManager] Initial URL: [https://duckduckgo.com] @25-09-2021 01:52:21.0479 AM
[ReportManager] Browser Action [NavigateToURL] successfully performed. With the following test data [https://www.google.com/ncr]. @25-09-2021 01:52:22.0160 AM
[ReportManager] Browser Action [NavigateBack] successfully performed. With the following test data [https://duckduckgo.com/]. @25-09-2021 01:52:22.0452 AM
[ReportManager] Browser Action [NavigateForward] successfully performed. With the following test data [https://www.google.com/]. @25-09-2021 01:52:22.0797 A
[ReportManager] Target URL: [https://duckduckgo.com] @25-09-2021 01:52:22.0799 AM
[ReportManager] Initial URL: [https://www.google.com] @25-09-2021 01:52:22.0866 AM
[ReportManager] Browser Action [NavigateToURL] successfully performed. With the following test data [https://duckduckgo.com]. @25-09-2021 01:52:23.0247 AM
[ReportManager] Browser Action [CloseCurrentWindow] successfully performed. @25-09-2021 01:52:23.0337 AM
[ReportManager] Successfully created attachment [Browser Action Test Data - CloseCurrentWindow - Actual Value] @25-09-2021 01:52:23.0338 A
[ReportManager] File Action [GetAbsolutePath] successfully performed. With the following test data [Relative Folder Path: "target/downloadedFiles/"]. @25-09-2021 01:52:23.0340 AM
[ReportManager] Attempting to run remotely on: [Linux-64], [GoogleChrome], [http://localhost:4444/wd/hub], Headless Execution. @25-09-2021 01:52:23.0340 AM
[ReportManager] Successfully Opened [GoogleChrome]. @25-09-2021 01:52:23.0551 AM
[ReportManager] Target URL: [https://duckduckgo.com] @25-09-2021 01:52:23.0561 AM
[ReportManager] Initial URL: [data:,] @25-09-2021 01:52:23.0599 AM
[ReportManager] Browser Action [NavigateToURL] successfully performed. With the following test data [https://duckduckgo.com]. @25-09-2021 01:52:24.0003 A

################################################################################################################################################
Starting Execution:	[64 out of 144] test cases in the current suite
Test Method:		[unitTests.tests_browserActions.navigateToURL]
################################################################################################################################################
[ReportManager] Target URL: [https://duckduckgo.com] @25-09-2021 01:52:24.0010 AM
[ReportManager] Initial URL: [https://duckduckgo.com] @25-09-2021 01:52:24.0056 AM
[ReportManager] Browser Action [NavigateToURL] successfully performed. With the following test data [https://duckduckgo.com]. @25-09-2021 01:52:24.0325 A
[ReportManager] Target URL: [https://duckduckgo.com] @25-09-2021 01:52:24.0328 AM
[ReportManager] Initial URL: [https://duckduckgo.com] @25-09-2021 01:52:24.0381 AM
[ReportManager] Browser Action [NavigateToURL] successfully performed. With the following test data [https://duckduckgo.com]. @25-09-2021 01:52:24.0627 AM
[ReportManager] Browser Action [CloseCurrentWindow] successfully performed. @25-09-2021 01:52:24.0720 AM
[ReportManager] Successfully created attachment [Browser Action Test Data - CloseCurrentWindow - Actual Value] @25-09-2021 01:52:24.0721 A
[ReportManager] File Action [GetAbsolutePath] successfully performed. With the following test data [Relative Folder Path: "target/downloadedFiles/"]. @25-09-2021 01:52:24.0723 AM
[ReportManager] Attempting to run remotely on: [Linux-64], [GoogleChrome], [http://localhost:4444/wd/hub], Headless Execution. @25-09-2021 01:52:24.0724 AM
[ReportManager] Successfully Opened [GoogleChrome]. @25-09-2021 01:52:24.0900 AM
[ReportManager] Target URL: [https://duckduckgo.com] @25-09-2021 01:52:24.0910 AM
[ReportManager] Initial URL: [data:,] @25-09-2021 01:52:24.0943 AM
[ReportManager] Browser Action [NavigateToURL] successfully performed. With the following test data [https://duckduckgo.com]. @25-09-2021 01:52:25.0355 A

################################################################################################################################################
Starting Execution:	[65 out of 144] test cases in the current suite
Test Method:		[unitTests.tests_browserActions.navigateToURLWithRedirection]
################################################################################################################################################
[ReportManager] Target URL: [https://www.google.com/ncr], and after redirection: [https://www.google.com] @25-09-2021 01:52:25.0357 AM
[ReportManager] Initial URL: [https://duckduckgo.com] @25-09-2021 01:52:25.0407 AM
[ReportManager] Browser Action [NavigateToURL] successfully performed. With the following test data [https://www.google.com/ncr]. @25-09-2021 01:52:26.0066 A
[ReportManager] Target URL: [https://duckduckgo.com] @25-09-2021 01:52:26.0068 AM
[ReportManager] Initial URL: [https://www.google.com] @25-09-2021 01:52:26.0135 AM
[ReportManager] Browser Action [NavigateToURL] successfully performed. With the following test data [https://duckduckgo.com]. @25-09-2021 01:52:26.0545 AM
[ReportManager] Browser Action [CloseCurrentWindow] successfully performed. @25-09-2021 01:52:26.0638 AM
[ReportManager] Successfully created attachment [Browser Action Test Data - CloseCurrentWindow - Actual Value] @25-09-2021 01:52:26.0638 A
[ReportManager] File Action [GetAbsolutePath] successfully performed. With the following test data [Relative Folder Path: "target/downloadedFiles/"]. @25-09-2021 01:52:26.0640 AM
[ReportManager] Attempting to run remotely on: [Linux-64], [GoogleChrome], [http://localhost:4444/wd/hub], Headless Execution. @25-09-2021 01:52:26.0640 AM
[ReportManager] Successfully Opened [GoogleChrome]. @25-09-2021 01:52:26.0823 AM
[ReportManager] Target URL: [https://duckduckgo.com] @25-09-2021 01:52:26.0833 AM
[ReportManager] Initial URL: [data:,] @25-09-2021 01:52:26.0879 AM
[ReportManager] Browser Action [NavigateToURL] successfully performed. With the following test data [https://duckduckgo.com]. @25-09-2021 01:52:27.0308 A

################################################################################################################################################
Starting Execution:	[66 out of 144] test cases in the current suite
Test Method:		[unitTests.tests_browserActions.refreshCurrentPage]
################################################################################################################################################
[ReportManager] Browser Action [RefreshCurrentPage] successfully performed. @25-09-2021 01:52:27.0470 AM
[ReportManager] Successfully created attachment [Browser Action Test Data - RefreshCurrentPage - Actual Value] @25-09-2021 01:52:27.0470 A
[ReportManager] Target URL: [https://duckduckgo.com] @25-09-2021 01:52:27.0474 AM
[ReportManager] Initial URL: [https://duckduckgo.com] @25-09-2021 01:52:27.0527 AM
[ReportManager] Browser Action [NavigateToURL] successfully performed. With the following test data [https://duckduckgo.com]. @25-09-2021 01:52:27.0772 AM
[ReportManager] Browser Action [CloseCurrentWindow] successfully performed. @25-09-2021 01:52:27.0872 AM
[ReportManager] Successfully created attachment [Browser Action Test Data - CloseCurrentWindow - Actual Value] @25-09-2021 01:52:27.0872 A
[ReportManager] File Action [GetAbsolutePath] successfully performed. With the following test data [Relative Folder Path: "target/downloadedFiles/"]. @25-09-2021 01:52:27.0877 AM
[ReportManager] Attempting to run remotely on: [Linux-64], [GoogleChrome], [http://localhost:4444/wd/hub], Headless Execution. @25-09-2021 01:52:27.0877 AM
[ReportManager] Successfully Opened [GoogleChrome]. @25-09-2021 01:52:28.0084 AM
[ReportManager] Target URL: [https://duckduckgo.com] @25-09-2021 01:52:28.0095 AM
[ReportManager] Initial URL: [data:,] @25-09-2021 01:52:28.0128 AM
[ReportManager] Browser Action [NavigateToURL] successfully performed. With the following test data [https://duckduckgo.com]. @25-09-2021 01:52:28.0582 A

################################################################################################################################################
Starting Execution:	[67 out of 144] test cases in the current suite
Test Method:		[unitTests.tests_browserActions.setWindowSize]
################################################################################################################################################
[ReportManager] Initial window size: (800, 600) @25-09-2021 01:52:28.0597 AM
[ReportManager] Window size after SWD: (1280, 720) @25-09-2021 01:52:28.0816 AM
[ReportManager] Browser Action [SetWindowSize] successfully performed. With the following test data [New screen size is now: (1280, 720)]. @25-09-2021 01:52:28.0816 A
[ReportManager] Target URL: [https://duckduckgo.com] @25-09-2021 01:52:28.0818 AM
[ReportManager] Initial URL: [https://duckduckgo.com] @25-09-2021 01:52:28.0886 AM
[ReportManager] Browser Action [NavigateToURL] successfully performed. With the following test data [https://duckduckgo.com]. @25-09-2021 01:52:29.0177 AM
[ReportManager] Browser Action [CloseCurrentWindow] successfully performed. @25-09-2021 01:52:29.0269 AM
[ReportManager] Successfully created attachment [Browser Action Test Data - CloseCurrentWindow - Actual Value] @25-09-2021 01:52:29.0269 A
[ReportManager] Successfully loaded the following test data file [src/test/resources/TestDataFiles/testSuite01/TestData.xlsx]. @25-09-2021 01:52:29.0989 AM
[ReportManager] Successfully created attachment [Test Data - Excel] @25-09-2021 01:52:29.0989 A

################################################################################################################################################
Starting Execution:	[68 out of 144] test cases in the current suite
Test Method:		[unitTests.tests_io_excelFileManager.getCellData_rowName_expectedToPass]
################################################################################################################################################
[ReportManager] testRowData. @25-09-2021 01:52:30.0003 A
[ReportManager] Successfully loaded the following test data file [src/test/resources/TestDataFiles/testSuite01/TestData.xlsx]. @25-09-2021 01:52:30.0050 AM
[ReportManager] Successfully created attachment [Test Data - Excel] @25-09-2021 01:52:30.0050 AM
[ReportManager] File Action [GetAbsolutePath] successfully performed. With the following test data [Relative Folder Path: "target/downloadedFiles/"]. @25-09-2021 01:52:30.0051 AM
[ReportManager] Attempting to run remotely on: [Linux-64], [GoogleChrome], [http://localhost:4444/wd/hub], Headless Execution. @25-09-2021 01:52:30.0051 AM
[ReportManager] Successfully Opened [GoogleChrome]. @25-09-2021 01:52:30.0298 A

################################################################################################################################################
Starting Execution:	[69 out of 144] test cases in the current suite
Test Method:		[testPackage01.Test_google.navigateToURLandVerifyGoogleLogoIsDisplayed]
Test Description:	[TC001 - Navigate to URL and Verify Google Logo is Displayed]
################################################################################################################################################
[ReportManager] Target URL: [https://www.google.com/ncr], and after redirection: [https://www.google.com] @25-09-2021 01:52:30.0312 AM
[ReportManager] Initial URL: [data:,] @25-09-2021 01:52:30.0372 AM
[ReportManager] Browser Action [NavigateToURL] successfully performed. With the following test data [https://www.google.com/ncr]. @25-09-2021 01:52:31.0081 AM
[ReportManager] Loaded Shared OpenCV @25-09-2021 01:52:31.0255 AM
[ReportManager] Assertion [ValidateElementExists] PASSED. Expected [Element Should Exist, locator 'By.xpath: //*[@id='hplogo' or @alt='Google']'] and Actual [Element Exists]. Comparison Type [EQUALS]. Validation Type [POSITIVE]. @25-09-2021 01:52:31.0318 AM
[ReportManager] Successfully created attachment [Screenshot - 1632534751255_navigateToURLandVerifyGoogleLogoIsDisplayed_ValidateElementExists_passed] @25-09-2021 01:52:31.0319 A

################################################################################################################################################
Starting Execution:	[70 out of 144] test cases in the current suite
Test Method:		[testPackage01.Test_google.searchForQueryandAssertResultsNumDisplayed]
Test Description:	[TC002 - Search for Query and Assert that the number of results is displayed]
################################################################################################################################################
[ReportManager] Element Action [Type] successfully performed. With the following test data [SHAFT_Engine]. @25-09-2021 01:52:31.0625 AM
[ReportManager] Element Action [KeyPress] successfully performed. With the following test data [Enter]. @25-09-2021 01:52:33.0270 AM
[ReportManager] Element Action [GetText] successfully performed. With the following test data [About 845,000 results (0.98 seconds) ]. @25-09-2021 01:52:33.0349 AM
[ReportManager] Loaded Shared OpenCV @25-09-2021 01:52:33.0476 AM
[ReportManager] Assertion [ValidateElementAttribute] PASSED. Expected [Value Should not be '' for the 'Text' attribute, element locator 'By.id: appbar'] and Actual [About 845,000 results (0.98 seconds) ]. Comparison Type [EQUALS]. Validation Type [NEGATIVE]. @25-09-2021 01:52:33.0575 AM
[ReportManager] Successfully created attachment [Screenshot - 1632534753476_searchForQueryandAssertResultsNumDisplayed_ValidateElementAttribute_passed] @25-09-2021 01:52:33.0577 A

################################################################################################################################################
Starting Execution:	[71 out of 144] test cases in the current suite
Test Method:		[testPackage01.Test_google.clickNextThrice]
Test Description:	[TC003 - Clicks the next button to make sure that the framework can scroll element into view before clicking it]
################################################################################################################################################
[ReportManager] Element Action [Click] successfully performed. With the following test data [Next]. @25-09-2021 01:52:35.0270 A
[ReportManager] Browser Action [CloseCurrentWindow] successfully performed. @25-09-2021 01:52:35.0449 AM
[ReportManager] Successfully created attachment [Browser Action Test Data - CloseCurrentWindow - Actual Value] @25-09-2021 01:52:35.0453 A

################################################################################################################################################
Starting Execution:	[72 out of 144] test cases in the current suite
Test Method:		[testPackage01.Test_testData.f]
################################################################################################################################################
[ReportManager] Successfully loaded the following test data file [src/test/resources/TestDataFiles/testSuite01/TestData.xlsx]. @25-09-2021 01:52:35.0488 AM
[ReportManager] Successfully created attachment [Test Data - Excel] @25-09-2021 01:52:35.0488 AM
[ReportManager] Last Column Number is: [3]. Zero-based. @25-09-2021 01:52:35.0489 A

################################################################################################################################################
Starting Execution:	[73 out of 144] test cases in the current suite
Test Method:		[testPackage01.Test_PDF.testPDF_Downloaded]
################################################################################################################################################
[ReportManager] File Action [DoesFileExist] successfully performed. With the following test data [File Path: "src/test/resources/TestDataFiles/sample.pdf"]. @25-09-2021 01:52:35.0495 AM
[ReportManager] File Action [GetAbsolutePath] successfully performed. With the following test data [Relative File Path: "src/test/resources/TestDataFiles/sample.pdf"]. @25-09-2021 01:52:35.0495 AM
[ReportManager] Assertion [ValidateTrue] PASSED. Expected [TRUE] and Actual [TRUE]. Validation Type [POSITIVE]. @25-09-2021 01:52:35.0965 A

################################################################################################################################################
Starting Execution:	[74 out of 144] test cases in the current suite
Test Method:		[testPackage01.Test_JSONFileManager.readStringFromJson]
################################################################################################################################################
[ReportManager] Successfully loaded the following test data file [src/test/resources/TestDataFiles/simpleJSON.json]. @25-09-2021 01:52:35.0971 AM
[ReportManager] Successfully created attachment [Test Data - JSON] @25-09-2021 01:52:35.0971 AM
[ReportManager] Assertion [ValidateEquals] PASSED. Expected [Mohab Mohie] and Actual [Mohab Mohie]. Comparison Type [EQUALS]. Validation Type [POSITIVE]. @25-09-2021 01:52:35.0989 A
[ReportManager] File Action [GetAbsolutePath] successfully performed. With the following test data [Relative Folder Path: "target/downloadedFiles/"]. @25-09-2021 01:52:35.0992 AM
[ReportManager] Attempting to run remotely on: [Linux-64], [GoogleChrome], [http://localhost:4444/wd/hub], Headless Execution. @25-09-2021 01:52:35.0992 AM
[ReportManager] Successfully Opened [GoogleChrome]. @25-09-2021 01:52:36.0173 A

################################################################################################################################################
Starting Execution:	[75 out of 144] test cases in the current suite
Test Method:		[testPackage01.Test_dragAndDrop.dragAndDropJquery]
################################################################################################################################################
[ReportManager] Target URL: [https://jqueryui.com/resources/demos/droppable/default.html] @25-09-2021 01:52:36.0186 AM
[ReportManager] Initial URL: [data:,] @25-09-2021 01:52:36.0227 AM
[ReportManager] Browser Action [NavigateToURL] successfully performed. With the following test data [https://jqueryui.com/resources/demos/droppable/default.html]. @25-09-2021 01:52:36.0542 AM
[ReportManager] Element Action [GetText] successfully performed. With the following test data [Drop here]. @25-09-2021 01:52:36.0631 AM
[ReportManager] Element Action [DragAndDrop] successfully performed. With the following test data [Start point: (8, 18), End point: (8, 18)]. @25-09-2021 01:52:37.0929 AM
[ReportManager] Element Action [GetText] successfully performed. With the following test data [Dropped!]. @25-09-2021 01:52:37.0983 AM
[ReportManager] Assertion Passed: Checking to see if the text has changed after performing drag and drop @25-09-2021 01:52:37.0983 AM
[ReportManager] Assertion [ValidateEquals] PASSED. Expected [Drop here] and Actual [Dropped!]. Comparison Type [EQUALS]. Validation Type [NEGATIVE]. @25-09-2021 01:52:37.0983 A
[ReportManager] Browser Action [CloseCurrentWindow] successfully performed. @25-09-2021 01:52:38.0076 AM
[ReportManager] Successfully created attachment [Browser Action Test Data - CloseCurrentWindow - Actual Value] @25-09-2021 01:52:38.0076 A
[ReportManager] File Action [GetAbsolutePath] successfully performed. With the following test data [Relative Folder Path: "target/downloadedFiles/"]. @25-09-2021 01:52:38.0078 AM
[ReportManager] Attempting to run remotely on: [Linux-64], [GoogleChrome], [http://localhost:4444/wd/hub], Headless Execution. @25-09-2021 01:52:38.0079 AM
[ReportManager] Successfully Opened [GoogleChrome]. @25-09-2021 01:52:38.0256 A

################################################################################################################################################
Starting Execution:	[76 out of 144] test cases in the current suite
Test Method:		[testPackage01.Test_dragAndDrop.dragAndDrop]
Test Description:	[TC001 - Test Drag and Drop function.]
################################################################################################################################################
[ReportManager] Target URL: [http://the-internet.herokuapp.com/drag_and_drop] @25-09-2021 01:52:38.0280 AM
[ReportManager] Initial URL: [data:,] @25-09-2021 01:52:38.0320 AM
[ReportManager] Browser Action [NavigateToURL] successfully performed. With the following test data [http://the-internet.herokuapp.com/drag_and_drop]. @25-09-2021 01:52:38.0628 AM
[ReportManager] Attempting Drag and Drop @25-09-2021 01:52:38.0628 AM
[ReportManager] Element Action [DragAndDrop] successfully performed. With the following test data [Start point: (32, 89), End point: (247, 89)]. @25-09-2021 01:52:39.0794 A
[ReportManager] Browser Action [CloseCurrentWindow] successfully performed. @25-09-2021 01:52:39.0880 AM
[ReportManager] Successfully created attachment [Browser Action Test Data - CloseCurrentWindow - Actual Value] @25-09-2021 01:52:39.0881 A
[ReportManager] File Action [GetAbsolutePath] successfully performed. With the following test data [Relative Folder Path: "target/downloadedFiles/"]. @25-09-2021 01:52:39.0882 AM
[ReportManager] Attempting to run remotely on: [Linux-64], [GoogleChrome], [http://localhost:4444/wd/hub], Headless Execution. @25-09-2021 01:52:39.0883 AM
[ReportManager] Successfully Opened [GoogleChrome]. @25-09-2021 01:52:40.0097 A

################################################################################################################################################
Starting Execution:	[77 out of 144] test cases in the current suite
Test Method:		[testPackage01.Test_dragAndDrop.dragAndDropByOffset]
Test Description:	[TC002 - Test Drag and Drop by offset function.]
################################################################################################################################################
[ReportManager] Target URL: [https://jqueryui.com/resources/demos/draggable/default.html] @25-09-2021 01:52:40.0111 AM
[ReportManager] Initial URL: [data:,] @25-09-2021 01:52:40.0153 AM
[ReportManager] Browser Action [NavigateToURL] successfully performed. With the following test data [https://jqueryui.com/resources/demos/draggable/default.html]. @25-09-2021 01:52:40.0444 AM
[ReportManager] Element Action [DragAndDropByOffset] successfully performed. With the following test data [Start point: (8, 8), End point: (108, 58)]. @25-09-2021 01:52:40.0585 A
[ReportManager] Browser Action [CloseCurrentWindow] successfully performed. @25-09-2021 01:52:40.0676 AM
[ReportManager] Successfully created attachment [Browser Action Test Data - CloseCurrentWindow - Actual Value] @25-09-2021 01:52:40.0676 A
[ReportManager] File Action [GetAbsolutePath] successfully performed. With the following test data [Relative Folder Path: "target/downloadedFiles/"]. @25-09-2021 01:52:40.0678 AM
[ReportManager] Attempting to run remotely on: [Linux-64], [GoogleChrome], [http://localhost:4444/wd/hub], Headless Execution. @25-09-2021 01:52:40.0678 AM
[ReportManager] Successfully Opened [GoogleChrome]. @25-09-2021 01:52:40.0855 A

################################################################################################################################################
Starting Execution:	[78 out of 144] test cases in the current suite
Test Method:		[testPackage01.Test_verifyEquals.test_assertElementAttribute]
################################################################################################################################################
[ReportManager] Target URL: [https://www.google.com/ncr], and after redirection: [https://www.google.com] @25-09-2021 01:52:40.0871 AM
[ReportManager] Initial URL: [data:,] @25-09-2021 01:52:40.0905 AM
[ReportManager] Browser Action [NavigateToURL] successfully performed. With the following test data [https://www.google.com/ncr]. @25-09-2021 01:52:41.0583 AM
[ReportManager] Element Action [Type] successfully performed. With the following test data [INC_004010050:Another SCHEDULER with the same name [Duplicate Job Name] already exists.]. @25-09-2021 01:52:42.0135 AM
[ReportManager] Element Action [GetText] successfully performed. With the following test data [INC_004010050:Another SCHEDULER with the same name [Duplicate Job Name] already exists.]. @25-09-2021 01:52:42.0207 AM
[ReportManager] Loaded Shared OpenCV @25-09-2021 01:52:42.0319 AM
[ReportManager] Verification [ValidateElementAttribute] PASSED. Expected [Value Should be 'INC_004010050:Another SCHEDULER with the same name \[Duplicate Job Name\] already exists.' for the 'text' attribute, element locator 'By.name: q'] and Actual [INC_004010050:Another SCHEDULER with the same name [Duplicate Job Name] already exists.]. Comparison Type [MATCHES]. Validation Type [POSITIVE]. @25-09-2021 01:52:42.0399 AM
[ReportManager] Successfully created attachment [Screenshot - 1632534762318_test_assertElementAttribute_ValidateElementAttribute_passed] @25-09-2021 01:52:42.0400 A
[ReportManager] Browser Action [CloseCurrentWindow] successfully performed. @25-09-2021 01:52:42.0525 AM
[ReportManager] Successfully created attachment [Browser Action Test Data - CloseCurrentWindow - Actual Value] @25-09-2021 01:52:42.0526 A
[ReportManager] Successfully loaded the following test data file [src/test/resources/TestDataFiles/testSuite01/TestData.xlsx]. @25-09-2021 01:52:42.0563 AM
[ReportManager] Successfully created attachment [Test Data - Excel] @25-09-2021 01:52:42.0563 AM
[ReportManager] Attempting to run using Playwright locally on: [Linux-64], [GoogleChrome], Headless Execution. @25-09-2021 01:52:55.0409 AM
[ReportManager] File Action [GetAbsolutePath] successfully performed. With the following test data [Relative Folder Path: "target/downloadedFiles/"]. @25-09-2021 01:52:55.0410 AM
[ReportManager] Initial window size: (1280, 720) @25-09-2021 01:52:55.0693 AM
[ReportManager] Window size after Toolkit: com.microsoft.playwright.options.ViewportSize@71995ebb @25-09-2021 01:52:55.0698 AM
[ReportManager] Browser Action [MaximizeWindow] successfully performed. With the following test data [New screen size is now: (1920, 1080)]. @25-09-2021 01:52:55.0698 A

################################################################################################################################################
Starting Execution:	[79 out of 144] test cases in the current suite
Test Method:		[testPackage01.Test_google_playwright.navigateToURLandVerifyGoogleLogoIsDisplayed]
Test Description:	[TC001 - Navigate to URL and Verify Google Logo is Displayed]
################################################################################################################################################
[ReportManager] Target URL: [https://www.google.com/ncr], and after redirection: [https://www.google.com] @25-09-2021 01:52:55.0701 AM
[ReportManager] Initial URL: [about:blank] @25-09-2021 01:52:56.0181 AM
[ReportManager] Browser Action [NavigateToURL] successfully performed. With the following test data [https://www.google.com/ncr]. @25-09-2021 01:52:57.0227 AM
[ReportManager] Loaded Shared OpenCV @25-09-2021 01:52:57.0400 AM
[ReportManager] Assertion [ValidateElementExists] PASSED. Expected [Element Should Exist, locator 'xpath=//*[@id='hplogo' or @alt='Google']'] and Actual [Element Exists]. Comparison Type [EQUALS]. Validation Type [POSITIVE]. @25-09-2021 01:52:57.0601 AM
[ReportManager] Successfully created attachment [Screenshot - 1632534777397_navigateToURLandVerifyGoogleLogoIsDisplayed_ValidateElementExists_passed] @25-09-2021 01:52:57.0602 A

################################################################################################################################################
Starting Execution:	[80 out of 144] test cases in the current suite
Test Method:		[testPackage01.Test_google_playwright.searchForQueryandAssertResultsNumDisplayed]
Test Description:	[TC002 - Search for Query and Assert that the number of results is displayed]
################################################################################################################################################
[ReportManager] Element Action [Type] successfully performed. With the following test data [SHAFT_Engine]. @25-09-2021 01:52:57.0830 AM
[ReportManager] Element Action [KeyPress] successfully performed. With the following test data [Enter]. @25-09-2021 01:52:57.0855 AM
[ReportManager] Element Action [GetText] successfully performed. With the following test data [About 845,000 results (0.73 seconds)]. @25-09-2021 01:52:58.0794 AM
[ReportManager] Loaded Shared OpenCV @25-09-2021 01:52:59.0968 AM
[ReportManager] Assertion [ValidateElementAttribute] PASSED. Expected [Value Should not be '' for the 'text' attribute, element locator 'xpath=//div[@id='appbar']'] and Actual [About 845,000 results (0.73 seconds)]. Comparison Type [EQUALS]. Validation Type [NEGATIVE]. @25-09-2021 01:53:00.0202 AM
[ReportManager] Successfully created attachment [Screenshot - 1632534779967_searchForQueryandAssertResultsNumDisplayed_ValidateElementAttribute_passed] @25-09-2021 01:53:00.0205 A

################################################################################################################################################
Starting Execution:	[81 out of 144] test cases in the current suite
Test Method:		[testPackage01.Test_google_playwright.clickNextThrice]
Test Description:	[TC003 - Clicks the next button to make sure that the framework can scroll element into view before clicking it]
################################################################################################################################################
[ReportManager] Element Action [Click] successfully performed. With the following test data [Next]. @25-09-2021 01:53:00.0431 A
[ReportManager] Failed to find video recording. @25-09-2021 01:53:00.0433 AM
[ReportManager] Successfully Closed PlayWright Driver. @25-09-2021 01:53:00.0484 A

################################################################################################################################################
Starting Execution:	[82 out of 144] test cases in the current suite
Test Method:		[testPackage01.Test_JsonActions.f]
###############################################################################################################################################

################################################################################################################################################
Starting Execution:	[83 out of 144] test cases in the current suite
Test Method:		[testPackage01.Test_JsonActions.f2]
###############################################################################################################################################

################################################################################################################################################
Starting Execution:	[84 out of 144] test cases in the current suite
Test Method:		[testPackage01.Test_AssertApiResponseEquals.assertApiResponseEquals_expectedToPass]
################################################################################################################################################
[ReportManager] Response status code: [200], status line: [HTTP/1.1 200 OK] @25-09-2021 01:53:00.0633 AM
[ReportManager] Assertion Passed: Evaluating the actual response status code against the expected one... @25-09-2021 01:53:00.0633 AM
[ReportManager] Assertion [ValidateEquals] PASSED. Expected [200] and Actual [200]. Comparison Type [EQUALS]. Validation Type [POSITIVE]. @25-09-2021 01:53:00.0633 AM
[ReportManager] API Action [PerformRequest] successfully performed. With the following test data [Request Type: "GET" | Target Status Code: "200" | Service URL: "https://jsonplaceholder.typicode.com/users" | Content Type: "*/*" | Response Time: "42ms"]. @25-09-2021 01:53:00.0651 AM
[ReportManager] Successfully created attachment [API Request - Specifications] @25-09-2021 01:53:00.0652 AM
[ReportManager] Successfully created attachment [API Response - JSON Body] @25-09-2021 01:53:00.0652 AM
[ReportManager] API Action [GetResponseJSONValueAsList] successfully performed. With the following test data [$]. @25-09-2021 01:53:00.0656 AM
[ReportManager] API Action [GetResponseJSONValue] successfully performed. With the following test data [name]. @25-09-2021 01:53:00.0667 AM
[ReportManager] API Action [GetResponseJSONValue] successfully performed. With the following test data [email]. @25-09-2021 01:53:00.0674 AM
[ReportManager] Verification [ValidateEquals] PASSED. Expected [Sincere@april.biz] and Actual [Sincere@april.biz]. Comparison Type [EQUALS]. Validation Type [POSITIVE]. @25-09-2021 01:53:00.0675 AM
[ReportManager] API Action [GetResponseJSONValue] successfully performed. With the following test data [username]. @25-09-2021 01:53:00.0682 AM
[ReportManager] Assertion [ValidateEquals] PASSED. Expected [Bret] and Actual [Bret]. Comparison Type [EQUALS]. Validation Type [POSITIVE]. @25-09-2021 01:53:00.0682 AM
[ReportManager] API Action [GetResponseJSONValue] successfully performed. With the following test data [name]. @25-09-2021 01:53:00.0691 AM
[ReportManager] API Action [GetResponseJSONValue] successfully performed. With the following test data [name]. @25-09-2021 01:53:00.0697 AM
[ReportManager] API Action [GetResponseJSONValue] successfully performed. With the following test data [name]. @25-09-2021 01:53:00.0703 AM
[ReportManager] API Action [GetResponseJSONValue] successfully performed. With the following test data [name]. @25-09-2021 01:53:00.0709 AM
[ReportManager] API Action [GetResponseJSONValue] successfully performed. With the following test data [name]. @25-09-2021 01:53:00.0719 AM
[ReportManager] API Action [GetResponseJSONValue] successfully performed. With the following test data [name]. @25-09-2021 01:53:00.0727 AM
[ReportManager] API Action [GetResponseJSONValue] successfully performed. With the following test data [name]. @25-09-2021 01:53:00.0735 AM
[ReportManager] API Action [GetResponseJSONValue] successfully performed. With the following test data [name]. @25-09-2021 01:53:00.0748 AM
[ReportManager] API Action [GetResponseJSONValue] successfully performed. With the following test data [name]. @25-09-2021 01:53:00.0796 A
[ReportManager] File Action [GetAbsolutePath] successfully performed. With the following test data [Relative Folder Path: "target/downloadedFiles/"]. @25-09-2021 01:53:00.0808 AM
[ReportManager] Attempting to run remotely on: [Linux-64], [GoogleChrome], [http://localhost:4444/wd/hub], Headless Execution. @25-09-2021 01:53:00.0808 AM
[ReportManager] Successfully Opened [GoogleChrome]. @25-09-2021 01:53:01.0618 A

################################################################################################################################################
Starting Execution:	[85 out of 144] test cases in the current suite
Test Method:		[testPackage01.Test_ShadowDOM.shadowdom]
################################################################################################################################################
[ReportManager] Target URL: [https://mdn.github.io/web-components-examples/popup-info-box-web-component/] @25-09-2021 01:53:01.0642 AM
[ReportManager] Initial URL: [data:,] @25-09-2021 01:53:01.0681 AM
[ReportManager] Browser Action [NavigateToURL] successfully performed. With the following test data [https://mdn.github.io/web-components-examples/popup-info-box-web-component/]. @25-09-2021 01:53:01.0878 AM
[ReportManager] Element Action [Type] successfully performed. With the following test data [Typing into SHADOW DOM...]. @25-09-2021 01:53:02.0111 AM
[ReportManager] Element Action [GetText] successfully performed. With the following test data [Typing into SHADOW DOM...]. @25-09-2021 01:53:02.0187 AM
[ReportManager] Loaded Shared OpenCV @25-09-2021 01:53:02.0293 AM
[ReportManager] Assertion [ValidateElementAttribute] PASSED. Expected [Value Should be 'Typing into SHADOW DOM...' for the 'Text' attribute, element locator 'By.id: cvc'] and Actual [Typing into SHADOW DOM...]. Comparison Type [EQUALS]. Validation Type [POSITIVE]. @25-09-2021 01:53:02.0368 AM
[ReportManager] Successfully created attachment [Screenshot - 1632534782293_shadowdom_ValidateElementAttribute_passed] @25-09-2021 01:53:02.0369 A
[ReportManager] Browser Action [CloseCurrentWindow] successfully performed. @25-09-2021 01:53:02.0453 AM
[ReportManager] Successfully created attachment [Browser Action Test Data - CloseCurrentWindow - Actual Value] @25-09-2021 01:53:02.0456 A

################################################################################################################################################
Starting Execution:	[86 out of 144] test cases in the current suite
Test Method:		[testPackage01.Test_SelectedValue.multipleSelect]
################################################################################################################################################
[ReportManager] File Action [GetAbsolutePath] successfully performed. With the following test data [Relative Folder Path: "target/downloadedFiles/"]. @25-09-2021 01:53:02.0467 AM
[ReportManager] Attempting to run remotely on: [Linux-64], [GoogleChrome], [http://localhost:4444/wd/hub], Headless Execution. @25-09-2021 01:53:02.0467 AM
[ReportManager] Successfully Opened [GoogleChrome]. @25-09-2021 01:53:02.0654 AM
[ReportManager] Target URL: [https://yari-demos.prod.mdn.mozit.cloud/en-US/docs/Web/HTML/Element/select/_sample_.Advanced_select_with_multiple_features.html] @25-09-2021 01:53:02.0682 AM
[ReportManager] Initial URL: [data:,] @25-09-2021 01:53:02.0716 AM
[ReportManager] Browser Action [NavigateToURL] successfully performed. With the following test data [https://yari-demos.prod.mdn.mozit.cloud/en-US/docs/Web/HTML/Element/select/_sample_.Advanced_select_with_multiple_features.html]. @25-09-2021 01:53:02.0994 AM
[ReportManager] Element Action [Select] successfully performed. With the following test data [Dog]. @25-09-2021 01:53:03.0181 AM
[ReportManager] Element Action [Select] successfully performed. With the following test data [Cat]. @25-09-2021 01:53:03.0360 AM
[ReportManager] Element Action [GetSelectedText] successfully performed. With the following test data [DogCat]. @25-09-2021 01:53:03.0485 AM
[ReportManager] DogCat @25-09-2021 01:53:03.0486 AM
[ReportManager] Element Action [GetSelectedText] successfully performed. With the following test data [DogCat]. @25-09-2021 01:53:03.0597 AM
[ReportManager] Loaded Shared OpenCV @25-09-2021 01:53:03.0690 AM
[ReportManager] Assertion [ValidateElementAttribute] PASSED. Expected [Value Should be 'DogCat' for the 'selectedText' attribute, element locator 'By.tagName: select'] and Actual [DogCat]. Comparison Type [EQUALS]. Validation Type [POSITIVE]. @25-09-2021 01:53:03.0747 AM
[ReportManager] Successfully created attachment [Screenshot - 1632534783690_multipleSelect_ValidateElementAttribute_passed] @25-09-2021 01:53:03.0747 AM
[ReportManager] Browser Action [CloseCurrentWindow] successfully performed. @25-09-2021 01:53:03.0829 AM
[ReportManager] Successfully created attachment [Browser Action Test Data - CloseCurrentWindow - Actual Value] @25-09-2021 01:53:03.0829 A

################################################################################################################################################
Starting Execution:	[87 out of 144] test cases in the current suite
Test Method:		[testPackage01.Test_SelectedValue.simpleSelect]
################################################################################################################################################
[ReportManager] File Action [GetAbsolutePath] successfully performed. With the following test data [Relative Folder Path: "target/downloadedFiles/"]. @25-09-2021 01:53:03.0835 AM
[ReportManager] Attempting to run remotely on: [Linux-64], [GoogleChrome], [http://localhost:4444/wd/hub], Headless Execution. @25-09-2021 01:53:03.0836 AM
[ReportManager] Successfully Opened [GoogleChrome]. @25-09-2021 01:53:04.0019 AM
[ReportManager] Target URL: [https://yari-demos.prod.mdn.mozit.cloud/en-US/docs/Web/HTML/Element/select/_sample_.Basic_select.html] @25-09-2021 01:53:04.0039 AM
[ReportManager] Initial URL: [data:,] @25-09-2021 01:53:04.0094 AM
[ReportManager] Browser Action [NavigateToURL] successfully performed. With the following test data [https://yari-demos.prod.mdn.mozit.cloud/en-US/docs/Web/HTML/Element/select/_sample_.Basic_select.html]. @25-09-2021 01:53:04.0280 AM
[ReportManager] Element Action [Select] successfully performed. With the following test data [Third Value]. @25-09-2021 01:53:04.0530 AM
[ReportManager] Element Action [GetSelectedText] successfully performed. With the following test data [Third Value]. @25-09-2021 01:53:04.0614 AM
[ReportManager] Third Value @25-09-2021 01:53:04.0614 AM
[ReportManager] Element Action [GetSelectedText] successfully performed. With the following test data [Third Value]. @25-09-2021 01:53:04.0700 AM
[ReportManager] Loaded Shared OpenCV @25-09-2021 01:53:04.0788 AM
[ReportManager] Assertion [ValidateElementAttribute] PASSED. Expected [Value Should be 'Third Value' for the 'selectedText' attribute, element locator 'By.tagName: select'] and Actual [Third Value]. Comparison Type [EQUALS]. Validation Type [POSITIVE]. @25-09-2021 01:53:04.0852 AM
[ReportManager] Successfully created attachment [Screenshot - 1632534784788_simpleSelect_ValidateElementAttribute_passed] @25-09-2021 01:53:04.0853 AM
[ReportManager] Browser Action [CloseCurrentWindow] successfully performed. @25-09-2021 01:53:04.0932 AM
[ReportManager] Successfully created attachment [Browser Action Test Data - CloseCurrentWindow - Actual Value] @25-09-2021 01:53:04.0932 A
[ReportManager] File Action [GetAbsolutePath] successfully performed. With the following test data [Relative Folder Path: "target/downloadedFiles/"]. @25-09-2021 01:53:04.0935 AM
[ReportManager] Attempting to run remotely on: [Linux-64], [GoogleChrome], [http://localhost:4444/wd/hub], Headless Execution. @25-09-2021 01:53:04.0935 AM
[ReportManager] Successfully Opened [GoogleChrome]. @25-09-2021 01:53:05.0109 A

################################################################################################################################################
Starting Execution:	[88 out of 144] test cases in the current suite
Test Method:		[testPackage01.Test_IsElementClickable.testIsElementClickable]
################################################################################################################################################
[ReportManager] Target URL: [https://the-internet.herokuapp.com/] @25-09-2021 01:53:05.0122 AM
[ReportManager] Initial URL: [data:,] @25-09-2021 01:53:05.0161 AM
[ReportManager] Browser Action [NavigateToURL] successfully performed. With the following test data [https://the-internet.herokuapp.com/]. @25-09-2021 01:53:05.0474 AM
[ReportManager] Element Action [IsElementClickable] successfully performed. @25-09-2021 01:53:05.0592 AM
[ReportManager] Assertion [ValidateTrue] PASSED. Expected [TRUE] and Actual [TRUE]. Validation Type [POSITIVE]. @25-09-2021 01:53:05.0592 A
[ReportManager] Browser Action [CloseCurrentWindow] successfully performed. @25-09-2021 01:53:05.0681 AM
[ReportManager] Successfully created attachment [Browser Action Test Data - CloseCurrentWindow - Actual Value] @25-09-2021 01:53:05.0681 A
[ReportManager] File Action [GetAbsolutePath] successfully performed. With the following test data [Relative Folder Path: "target/downloadedFiles/"]. @25-09-2021 01:53:05.0683 AM
[ReportManager] Attempting to run remotely on: [Linux-64], [GoogleChrome], [http://localhost:4444/wd/hub], Headless Execution. @25-09-2021 01:53:05.0683 AM
[ReportManager] Successfully Opened [GoogleChrome]. @25-09-2021 01:53:05.0865 A

################################################################################################################################################
Starting Execution:	[89 out of 144] test cases in the current suite
Test Method:		[testPackage01.Test_clipboardActions.typeTextAndCopyPaste]
################################################################################################################################################
[ReportManager] Target URL: [https://www.google.com/ncr], and after redirection: [https://www.google.com] @25-09-2021 01:53:05.0883 AM
[ReportManager] Initial URL: [data:,] @25-09-2021 01:53:05.0936 AM
[ReportManager] Browser Action [NavigateToURL] successfully performed. With the following test data [https://www.google.com/ncr]. @25-09-2021 01:53:06.0639 AM
[ReportManager] Element Action [Type] successfully performed. With the following test data [FIRST]. @25-09-2021 01:53:06.0935 AM
[ReportManager] Element Action [ClipboardActions] successfully performed. With the following test data [select all]. @25-09-2021 01:53:06.0981 AM
[ReportManager] Element Action [ClipboardActions] successfully performed. With the following test data [copy]. @25-09-2021 01:53:07.0023 AM
[ReportManager] Element Action [ClipboardActions] successfully performed. With the following test data [unselect]. @25-09-2021 01:53:07.0072 AM
[ReportManager] Element Action [ClipboardActions] successfully performed. With the following test data [paste]. @25-09-2021 01:53:07.0144 AM
[ReportManager] Element Action [ClipboardActions] successfully performed. With the following test data [select all]. @25-09-2021 01:53:07.0186 AM
[ReportManager] Element Action [Type] successfully performed. @25-09-2021 01:53:07.0370 AM
[ReportManager] Element Action [ClipboardActions] successfully performed. With the following test data [cut]. @25-09-2021 01:53:07.0370 AM
[ReportManager] Element Action [ClipboardActions] successfully performed. With the following test data [paste]. @25-09-2021 01:53:07.0428 AM
[ReportManager] Element Action [ClipboardActions] successfully performed. With the following test data [paste]. @25-09-2021 01:53:07.0479 A
[ReportManager] Browser Action [CloseCurrentWindow] successfully performed. @25-09-2021 01:53:07.0617 AM
[ReportManager] Successfully created attachment [Browser Action Test Data - CloseCurrentWindow - Actual Value] @25-09-2021 01:53:07.0617 A
[ReportManager] File Action [GetAbsolutePath] successfully performed. With the following test data [Relative Folder Path: "target/downloadedFiles/"]. @25-09-2021 01:53:07.0619 AM
[ReportManager] Attempting to run remotely on: [Linux-64], [GoogleChrome], [http://localhost:4444/wd/hub], Headless Execution. @25-09-2021 01:53:07.0619 AM
[ReportManager] Successfully Opened [GoogleChrome]. @25-09-2021 01:53:07.0843 A

################################################################################################################################################
Starting Execution:	[90 out of 144] test cases in the current suite
Test Method:		[testPackage01.Test_dynamicLoading.dynamicLoading_elementIsHidden]
################################################################################################################################################
[ReportManager] Target URL: [https://the-internet.herokuapp.com/dynamic_loading/1] @25-09-2021 01:53:07.0860 AM
[ReportManager] Initial URL: [data:,] @25-09-2021 01:53:07.0896 AM
[ReportManager] Browser Action [NavigateToURL] successfully performed. With the following test data [https://the-internet.herokuapp.com/dynamic_loading/1]. @25-09-2021 01:53:08.0164 AM
[ReportManager] Element Action [Click] successfully performed. With the following test data [Start]. @25-09-2021 01:53:08.0419 AM
[ReportManager] Element Action [GetText] successfully performed. With the following test data [
    Hello World!
  ]. @25-09-2021 01:53:08.0502 AM
[ReportManager] Loaded Shared OpenCV @25-09-2021 01:53:08.0635 AM
[ReportManager] Assertion [ValidateElementAttribute] PASSED. Expected [Value Should be 'Hello World!' for the 'text' attribute, element locator 'By.id: finish'] and Actual [
    Hello World!
  ]. Comparison Type [CONTAINS]. Validation Type [POSITIVE]. @25-09-2021 01:53:08.0696 AM
[ReportManager] Successfully created attachment [Screenshot - 1632534788635_dynamicLoading_elementIsHidden_ValidateElementAttribute_passed] @25-09-2021 01:53:08.0697 A
[ReportManager] Browser Action [CloseCurrentWindow] successfully performed. @25-09-2021 01:53:08.0793 AM
[ReportManager] Successfully created attachment [Browser Action Test Data - CloseCurrentWindow - Actual Value] @25-09-2021 01:53:08.0794 A
[ReportManager] File Action [GetAbsolutePath] successfully performed. With the following test data [Relative Folder Path: "target/downloadedFiles/"]. @25-09-2021 01:53:08.0795 AM
[ReportManager] Attempting to run remotely on: [Linux-64], [GoogleChrome], [http://localhost:4444/wd/hub], Headless Execution. @25-09-2021 01:53:08.0795 AM
[ReportManager] Successfully Opened [GoogleChrome]. @25-09-2021 01:53:08.0964 A

################################################################################################################################################
Starting Execution:	[91 out of 144] test cases in the current suite
Test Method:		[testPackage01.Test_dynamicLoading.dynamicLoading_elementIsRendered]
################################################################################################################################################
[ReportManager] Target URL: [https://the-internet.herokuapp.com/dynamic_loading/2] @25-09-2021 01:53:08.0978 AM
[ReportManager] Initial URL: [data:,] @25-09-2021 01:53:09.0012 AM
[ReportManager] Browser Action [NavigateToURL] successfully performed. With the following test data [https://the-internet.herokuapp.com/dynamic_loading/2]. @25-09-2021 01:53:09.0308 AM
[ReportManager] Element Action [Click] successfully performed. With the following test data [Start]. @25-09-2021 01:53:09.0574 AM
[ReportManager] Element Action [GetText] successfully performed. With the following test data [Hello World!]. @25-09-2021 01:53:14.0712 AM
[ReportManager] Loaded Shared OpenCV @25-09-2021 01:53:14.0832 AM
[ReportManager] Assertion [ValidateElementAttribute] PASSED. Expected [Value Should be 'Hello World!' for the 'text' attribute, element locator 'By.id: finish'] and Actual [Hello World!]. Comparison Type [CONTAINS]. Validation Type [POSITIVE]. @25-09-2021 01:53:14.0902 AM
[ReportManager] Successfully created attachment [Screenshot - 1632534794832_dynamicLoading_elementIsRendered_ValidateElementAttribute_passed] @25-09-2021 01:53:14.0903 A
[ReportManager] Browser Action [CloseCurrentWindow] successfully performed. @25-09-2021 01:53:14.0993 AM
[ReportManager] Successfully created attachment [Browser Action Test Data - CloseCurrentWindow - Actual Value] @25-09-2021 01:53:14.0993 A

################################################################################################################################################
Starting Execution:	[92 out of 144] test cases in the current suite
Test Method:		[testPackage01.Test_JsonCompareWithSpecialCharacters.specialCharacters]
################################################################################################################################################
[ReportManager] File Action [GetAbsolutePath] successfully performed. With the following test data [Relative Folder Path: "src/test/resources/TestJsonFiles/specialCharacters.json"]. @25-09-2021 01:53:14.0998 AM
[ReportManager] File Action [ReadFromFile] successfully performed. With the following test data [File Path: "/home/runner/work/SHAFT_ENGINE/SHAFT_ENGINE/src/test/resources/TestJsonFiles/specialCharacters.json"]. @25-09-2021 01:53:15.0004 AM
[ReportManager] Successfully created attachment [File Action Actual Result - Command Log] @25-09-2021 01:53:15.0005 AM
[ReportManager] Comparing the provided API response with the file at this path "src/test/resources/TestJsonFiles/specialCharacters.json", comparison type "EQUALS" @25-09-2021 01:53:15.0005 AM
[ReportManager] API Action [CompareJSON] successfully performed. With the following test data [src/test/resources/TestJsonFiles/specialCharacters.json]. @25-09-2021 01:53:15.0016 AM
[ReportManager] File Action [GetAbsolutePath] successfully performed. With the following test data [Relative Folder Path: "src/test/resources/TestJsonFiles/specialCharacters.json"]. @25-09-2021 01:53:15.0016 AM
[ReportManager] File Action [ReadFromFile] successfully performed. With the following test data [File Path: "/home/runner/work/SHAFT_ENGINE/SHAFT_ENGINE/src/test/resources/TestJsonFiles/specialCharacters.json"]. @25-09-2021 01:53:15.0016 AM
[ReportManager] Verification [ValidateJSONFileContent] PASSED. Expected [Response data should match the JSON File in this path 'src/test/resources/TestJsonFiles/specialCharacters.json'] and Actual [TRUE]. Comparison Type [EQUALS]. Validation Type [POSITIVE]. @25-09-2021 01:53:15.0019 AM
[ReportManager] Successfully created attachment [Validation Test Data - Expected JSON Value] @25-09-2021 01:53:15.0020 AM
[ReportManager] Successfully created attachment [Validation Test Data - Actual JSON Value] @25-09-2021 01:53:15.0020 A

################################################################################################################################################
Starting Execution:	[93 out of 144] test cases in the current suite
Test Method:		[testPackage01.Test_JsonCompareWithSpecialCharacters.specialCharacters_assertion]
################################################################################################################################################
[ReportManager] File Action [GetAbsolutePath] successfully performed. With the following test data [Relative Folder Path: "src/test/resources/TestJsonFiles/specialCharacters.json"]. @25-09-2021 01:53:15.0027 AM
[ReportManager] File Action [ReadFromFile] successfully performed. With the following test data [File Path: "/home/runner/work/SHAFT_ENGINE/SHAFT_ENGINE/src/test/resources/TestJsonFiles/specialCharacters.json"]. @25-09-2021 01:53:15.0027 AM
[ReportManager] Successfully created attachment [File Action Actual Result - Command Log] @25-09-2021 01:53:15.0027 AM
[ReportManager] Comparing the provided API response with the file at this path "src/test/resources/TestJsonFiles/specialCharacters.json", comparison type "CONTAINS" @25-09-2021 01:53:15.0027 AM
[ReportManager] API Action [CompareJSON] successfully performed. With the following test data [src/test/resources/TestJsonFiles/specialCharacters.json]. @25-09-2021 01:53:15.0039 AM
[ReportManager] File Action [GetAbsolutePath] successfully performed. With the following test data [Relative Folder Path: "src/test/resources/TestJsonFiles/specialCharacters.json"]. @25-09-2021 01:53:15.0039 AM
[ReportManager] File Action [ReadFromFile] successfully performed. With the following test data [File Path: "/home/runner/work/SHAFT_ENGINE/SHAFT_ENGINE/src/test/resources/TestJsonFiles/specialCharacters.json"]. @25-09-2021 01:53:15.0039 AM
[ReportManager] Assertion Passed: trying out the log message @25-09-2021 01:53:15.0042 AM
[ReportManager] Successfully created attachment [Validation Test Data - Expected JSON Value] @25-09-2021 01:53:15.0043 AM
[ReportManager] Successfully created attachment [Validation Test Data - Actual JSON Value] @25-09-2021 01:53:15.0043 AM
[ReportManager] Assertion [ValidateJSONFileContent] PASSED. Expected [Response data should match the JSON File in this path 'src/test/resources/TestJsonFiles/specialCharacters.json'] and Actual [TRUE]. Comparison Type [CONTAINS]. Validation Type [POSITIVE]. @25-09-2021 01:53:15.0043 A
[ReportManager] File Action [GetAbsolutePath] successfully performed. With the following test data [Relative Folder Path: "target/downloadedFiles/"]. @25-09-2021 01:53:15.0048 AM
[ReportManager] Attempting to run remotely on: [Linux-64], [GoogleChrome], [http://localhost:4444/wd/hub], Headless Execution. @25-09-2021 01:53:15.0048 AM
[ReportManager] Successfully Opened [GoogleChrome]. @25-09-2021 01:53:15.0218 A

################################################################################################################################################
Starting Execution:	[94 out of 144] test cases in the current suite
Test Method:		[testPackage01.Test_uploadFile.uploadFile_invisibleUploadInput]
################################################################################################################################################
[ReportManager] Target URL: [https://fineuploader.com/demos.html#gallery-view] @25-09-2021 01:53:15.0233 AM
[ReportManager] Initial URL: [data:,] @25-09-2021 01:53:15.0268 AM
[ReportManager] Browser Action [NavigateToURL] successfully performed. With the following test data [https://fineuploader.com/demos.html#gallery-view]. @25-09-2021 01:53:16.0605 AM
[ReportManager] File Action [GetAbsolutePath] successfully performed. With the following test data [Relative File Path: "src/main/resources/images/shaft.png"]. @25-09-2021 01:53:16.0605 AM
[ReportManager] Successfully created attachment [File Action Actual Result - Command Log] @25-09-2021 01:53:16.0606 AM
[ReportManager] Element Action [TypeFileLocationForUpload] successfully performed. With the following test data [/home/runner/work/SHAFT_ENGINE/SHAFT_ENGINE/src/main/resources/images/shaft.png]. @25-09-2021 01:53:16.0771 AM
[ReportManager] Attempting to getAttribute [src] from elementLocator [By.xpath: //div[@id='fine-uploader-gallery']//div[@class='qq-thumbnail-wrapper']/img]. @25-09-2021 01:53:16.0772 AM
[ReportManager] Element Action [GetAttribute] successfully performed. @25-09-2021 01:53:16.0882 AM
[ReportManager] Successfully created attachment [Element Action Test Data - GetAttribute - Actual Value] @25-09-2021 01:53:16.0882 AM
[ReportManager] Loaded Shared OpenCV @25-09-2021 01:53:17.0006 AM
[ReportManager] Assertion [ValidateElementAttribute] PASSED. Expected and Actual values are attached. Comparison Type [CONTAINS]. Validation Type [POSITIVE]. @25-09-2021 01:53:17.0078 AM
[ReportManager] Successfully created attachment [Validation Test Data - Expected Value] @25-09-2021 01:53:17.0078 AM
[ReportManager] Successfully created attachment [Validation Test Data - Actual Value] @25-09-2021 01:53:17.0078 AM
[ReportManager] Successfully created attachment [Screenshot - 1632534797006_uploadFile_invisibleUploadInput_ValidateElementAttribute_passed] @25-09-2021 01:53:17.0079 A
[ReportManager] Browser Action [CloseCurrentWindow] successfully performed. @25-09-2021 01:53:17.0205 AM
[ReportManager] Successfully created attachment [Browser Action Test Data - CloseCurrentWindow - Actual Value] @25-09-2021 01:53:17.0205 A
[ReportManager] File Action [GetAbsolutePath] successfully performed. With the following test data [Relative Folder Path: "target/downloadedFiles/"]. @25-09-2021 01:53:17.0209 AM
[ReportManager] Attempting to run remotely on: [Linux-64], [GoogleChrome], [http://localhost:4444/wd/hub], Headless Execution. @25-09-2021 01:53:17.0209 AM
[ReportManager] Successfully Opened [GoogleChrome]. @25-09-2021 01:53:17.0414 A

################################################################################################################################################
Starting Execution:	[95 out of 144] test cases in the current suite
Test Method:		[testPackage01.Test_uploadFile.uploadFile_visibleUploadInput]
################################################################################################################################################
[ReportManager] Target URL: [http://demo.guru99.com/test/upload/] @25-09-2021 01:53:17.0428 AM
[ReportManager] Initial URL: [data:,] @25-09-2021 01:53:17.0478 AM
[ReportManager] Browser Action [NavigateToURL] successfully performed. With the following test data [http://demo.guru99.com/test/upload/]. @25-09-2021 01:53:18.0288 AM
[ReportManager] File Action [GetAbsolutePath] successfully performed. With the following test data [Relative File Path: "src/main/resources/images/shaft.png"]. @25-09-2021 01:53:18.0288 AM
[ReportManager] Successfully created attachment [File Action Actual Result - Command Log] @25-09-2021 01:53:18.0289 AM
[ReportManager] Element Action [TypeFileLocationForUpload] successfully performed. With the following test data [/home/runner/work/SHAFT_ENGINE/SHAFT_ENGINE/src/main/resources/images/shaft.png]. @25-09-2021 01:53:18.0434 AM
[ReportManager] Element Action [Click] successfully performed. With the following test data [on]. @25-09-2021 01:53:18.0706 AM
[ReportManager] Element Action [Click] successfully performed. With the following test data [Submit File]. @25-09-2021 01:53:18.0959 AM
[ReportManager] Element Action [GetText] successfully performed. With the following test data [1 file
has been successfully uploaded.]. @25-09-2021 01:53:19.0574 AM
[ReportManager] Loaded Shared OpenCV @25-09-2021 01:53:19.0682 AM
[ReportManager] Assertion [ValidateElementAttribute] PASSED. Expected [Value Should be '1 file' for the 'Text' attribute, element locator 'By.id: res'] and Actual [1 file
has been successfully uploaded.]. Comparison Type [CONTAINS]. Validation Type [POSITIVE]. @25-09-2021 01:53:19.0755 AM
[ReportManager] Successfully created attachment [Screenshot - 1632534799682_uploadFile_visibleUploadInput_ValidateElementAttribute_passed] @25-09-2021 01:53:19.0756 A
[ReportManager] Browser Action [CloseCurrentWindow] successfully performed. @25-09-2021 01:53:19.0852 AM
[ReportManager] Successfully created attachment [Browser Action Test Data - CloseCurrentWindow - Actual Value] @25-09-2021 01:53:19.0853 A
[ReportManager] File Action [GetAbsolutePath] successfully performed. With the following test data [Relative Folder Path: "target/downloadedFiles/"]. @25-09-2021 01:53:19.0855 AM
[ReportManager] Attempting to run remotely on: [Linux-64], [GoogleChrome], [http://localhost:4444/wd/hub], Headless Execution. @25-09-2021 01:53:19.0855 AM
[ReportManager] Successfully Opened [GoogleChrome]. @25-09-2021 01:53:20.0028 A

################################################################################################################################################
Starting Execution:	[96 out of 144] test cases in the current suite
Test Method:		[testPackage01.Test_assertEquals.test_assertElementAttribute]
################################################################################################################################################
[ReportManager] Target URL: [https://www.google.com/ncr], and after redirection: [https://www.google.com] @25-09-2021 01:53:20.0041 AM
[ReportManager] Initial URL: [data:,] @25-09-2021 01:53:20.0076 AM
[ReportManager] Browser Action [NavigateToURL] successfully performed. With the following test data [https://www.google.com/ncr]. @25-09-2021 01:53:20.0753 AM
[ReportManager] Element Action [Type] successfully performed. With the following test data [INC_004010050:Another SCHEDULER with the same name [Duplicate Job Name] already exists.]. @25-09-2021 01:53:21.0271 AM
[ReportManager] Element Action [GetText] successfully performed. With the following test data [INC_004010050:Another SCHEDULER with the same name [Duplicate Job Name] already exists.]. @25-09-2021 01:53:21.0347 AM
[ReportManager] Loaded Shared OpenCV @25-09-2021 01:53:21.0474 AM
[ReportManager] Assertion [ValidateElementAttribute] PASSED. Expected [Value Should be 'INC_004010050:Another SCHEDULER with the same name \[Duplicate Job Name\] already exists.' for the 'text' attribute, element locator 'By.name: q'] and Actual [INC_004010050:Another SCHEDULER with the same name [Duplicate Job Name] already exists.]. Comparison Type [MATCHES]. Validation Type [POSITIVE]. @25-09-2021 01:53:21.0546 AM
[ReportManager] Successfully created attachment [Screenshot - 1632534801474_test_assertElementAttribute_ValidateElementAttribute_passed] @25-09-2021 01:53:21.0547 A
[ReportManager] Browser Action [CloseCurrentWindow] successfully performed. @25-09-2021 01:53:21.0661 AM
[ReportManager] Successfully created attachment [Browser Action Test Data - CloseCurrentWindow - Actual Value] @25-09-2021 01:53:21.0662 A

################################################################################################################################################
Starting Execution:	[97 out of 144] test cases in the current suite
Test Method:		[testPackage01.Test_NewValidationHelper.f1]
################################################################################################################################################
[ReportManager] Assertion Passed: Checking valid user data @25-09-2021 01:53:21.0664 AM
[ReportManager] Successfully created attachment [Validation Test Data - Expected Value] @25-09-2021 01:53:21.0665 AM
[ReportManager] Successfully created attachment [Validation Test Data - Actual Value] @25-09-2021 01:53:21.0665 AM
[ReportManager] Assertion [ValidateEquals] PASSED. Expected and Actual values are attached. Comparison Type [EQUALS]. Validation Type [POSITIVE]. @25-09-2021 01:53:21.0665 A
[ReportManager] File Action [GetAbsolutePath] successfully performed. With the following test data [Relative Folder Path: "target/downloadedFiles/"]. @25-09-2021 01:53:21.0667 AM
[ReportManager] Attempting to run remotely on: [Linux-64], [GoogleChrome], [http://localhost:4444/wd/hub], Headless Execution. @25-09-2021 01:53:21.0667 AM
[ReportManager] Successfully Opened [GoogleChrome]. @25-09-2021 01:53:21.0837 AM
[ReportManager] Target URL: [https://the-internet.herokuapp.com/] @25-09-2021 01:53:21.0851 AM
[ReportManager] Initial URL: [data:,] @25-09-2021 01:53:21.0885 AM
[ReportManager] Browser Action [NavigateToURL] successfully performed. With the following test data [https://the-internet.herokuapp.com/]. @25-09-2021 01:53:22.0165 A

################################################################################################################################################
Starting Execution:	[98 out of 144] test cases in the current suite
Test Method:		[testPackage01.Test_NewValidationHelper.f10]
################################################################################################################################################
[ReportManager] Assertion [ValidateElementExists] FAILED. Expected [Element Should Exist, locator 'By.tagName: div'] and Actual [Element Exists but is not unique]. Comparison Type [EQUALS]. Validation Type [POSITIVE]. @25-09-2021 01:53:22.0381 AM
[ReportManager] Successfully created attachment [Screenshot - 1632534802325_f10_ValidateElementExists_failed] @25-09-2021 01:53:22.0382 A
[ReportManager] Successfully Closed All Drivers. @25-09-2021 01:53:22.0454 A
[ReportManager] File Action [GetAbsolutePath] successfully performed. With the following test data [Relative Folder Path: "target/downloadedFiles/"]. @25-09-2021 01:53:22.0456 AM
[ReportManager] Attempting to run remotely on: [Linux-64], [GoogleChrome], [http://localhost:4444/wd/hub], Headless Execution. @25-09-2021 01:53:22.0456 AM
[ReportManager] Successfully Opened [GoogleChrome]. @25-09-2021 01:53:22.0642 AM
[ReportManager] Target URL: [https://the-internet.herokuapp.com/] @25-09-2021 01:53:22.0651 AM
[ReportManager] Initial URL: [data:,] @25-09-2021 01:53:22.0687 AM
[ReportManager] Browser Action [NavigateToURL] successfully performed. With the following test data [https://the-internet.herokuapp.com/]. @25-09-2021 01:53:22.0973 A

################################################################################################################################################
Starting Execution:	[99 out of 144] test cases in the current suite
Test Method:		[testPackage01.Test_NewValidationHelper.f11]
################################################################################################################################################
[ReportManager] Assertion Passed: Checking that false tag doesn't exist @25-09-2021 01:53:33.0323 AM
[ReportManager] Successfully created attachment [Screenshot - 1632534813258_f11_ValidateElementExists_passed] @25-09-2021 01:53:33.0323 AM
[ReportManager] Assertion [ValidateElementExists] PASSED. Expected [Element Should not Exist, locator 'By.tagName: h3'] and Actual [Element Doesn't Exists]. Comparison Type [EQUALS]. Validation Type [NEGATIVE]. @25-09-2021 01:53:33.0323 A
[ReportManager] Successfully Closed All Drivers. @25-09-2021 01:53:33.0399 A
[ReportManager] File Action [GetAbsolutePath] successfully performed. With the following test data [Relative Folder Path: "target/downloadedFiles/"]. @25-09-2021 01:53:33.0401 AM
[ReportManager] Attempting to run remotely on: [Linux-64], [GoogleChrome], [http://localhost:4444/wd/hub], Headless Execution. @25-09-2021 01:53:33.0402 AM
[ReportManager] Successfully Opened [GoogleChrome]. @25-09-2021 01:53:33.0560 AM
[ReportManager] Target URL: [https://the-internet.herokuapp.com/] @25-09-2021 01:53:33.0570 AM
[ReportManager] Initial URL: [data:,] @25-09-2021 01:53:33.0604 AM
[ReportManager] Browser Action [NavigateToURL] successfully performed. With the following test data [https://the-internet.herokuapp.com/]. @25-09-2021 01:53:33.0908 A

################################################################################################################################################
Starting Execution:	[100 out of 144] test cases in the current suite
Test Method:		[testPackage01.Test_NewValidationHelper.f12]
################################################################################################################################################
[ReportManager] Loaded Shared OpenCV @25-09-2021 01:53:34.0092 AM
[ReportManager] Assertion [ValidateElementExists] FAILED. Expected [Element Should not Exist, locator 'By.tagName: h1'] and Actual [Element Exists]. Comparison Type [EQUALS]. Validation Type [NEGATIVE]. @25-09-2021 01:53:34.0171 AM
[ReportManager] Successfully created attachment [Screenshot - 1632534814092_f12_ValidateElementExists_failed] @25-09-2021 01:53:34.0172 A
[ReportManager] Successfully Closed All Drivers. @25-09-2021 01:53:34.0244 A
[ReportManager] File Action [GetAbsolutePath] successfully performed. With the following test data [Relative Folder Path: "target/downloadedFiles/"]. @25-09-2021 01:53:34.0246 AM
[ReportManager] Attempting to run remotely on: [Linux-64], [GoogleChrome], [http://localhost:4444/wd/hub], Headless Execution. @25-09-2021 01:53:34.0246 AM
[ReportManager] Successfully Opened [GoogleChrome]. @25-09-2021 01:53:34.0433 AM
[ReportManager] Target URL: [https://the-internet.herokuapp.com/] @25-09-2021 01:53:34.0445 AM
[ReportManager] Initial URL: [data:,] @25-09-2021 01:53:34.0481 AM
[ReportManager] Browser Action [NavigateToURL] successfully performed. With the following test data [https://the-internet.herokuapp.com/]. @25-09-2021 01:53:34.0777 A

################################################################################################################################################
Starting Execution:	[101 out of 144] test cases in the current suite
Test Method:		[testPackage01.Test_NewValidationHelper.f13]
################################################################################################################################################
[ReportManager] Assertion [ValidateElementExists] FAILED. Expected [Element Should not Exist, locator 'By.tagName: div'] and Actual [Element Exists but is not unique]. Comparison Type [EQUALS]. Validation Type [NEGATIVE]. @25-09-2021 01:53:34.0996 AM
[ReportManager] Successfully created attachment [Screenshot - 1632534814940_f13_ValidateElementExists_failed] @25-09-2021 01:53:34.0997 A
[ReportManager] Successfully Closed All Drivers. @25-09-2021 01:53:35.0072 A
[ReportManager] File Action [GetAbsolutePath] successfully performed. With the following test data [Relative Folder Path: "target/downloadedFiles/"]. @25-09-2021 01:53:35.0074 AM
[ReportManager] Attempting to run remotely on: [Linux-64], [GoogleChrome], [http://localhost:4444/wd/hub], Headless Execution. @25-09-2021 01:53:35.0074 AM
[ReportManager] Successfully Opened [GoogleChrome]. @25-09-2021 01:53:35.0243 AM
[ReportManager] Target URL: [https://the-internet.herokuapp.com/] @25-09-2021 01:53:35.0253 AM
[ReportManager] Initial URL: [data:,] @25-09-2021 01:53:35.0287 AM
[ReportManager] Browser Action [NavigateToURL] successfully performed. With the following test data [https://the-internet.herokuapp.com/]. @25-09-2021 01:53:35.0566 A

################################################################################################################################################
Starting Execution:	[102 out of 144] test cases in the current suite
Test Method:		[testPackage01.Test_NewValidationHelper.f14]
################################################################################################################################################
[ReportManager] Element Action [GetText] successfully performed. With the following test data [Welcome to the-internet]. @25-09-2021 01:53:35.0637 AM
[ReportManager] Loaded Shared OpenCV @25-09-2021 01:53:35.0758 AM
[ReportManager] Assertion Passed: Asserting that the header text is correct @25-09-2021 01:53:35.0846 AM
[ReportManager] Successfully created attachment [Screenshot - 1632534815758_f14_ValidateElementAttribute_passed] @25-09-2021 01:53:35.0848 AM
[ReportManager] Assertion [ValidateElementAttribute] PASSED. Expected [Value Should be 'Welcome to the-internet' for the 'text' attribute, element locator 'By.tagName: h1'] and Actual [Welcome to the-internet]. Comparison Type [EQUALS]. Validation Type [POSITIVE]. @25-09-2021 01:53:35.0848 A
[ReportManager] Successfully Closed All Drivers. @25-09-2021 01:53:35.0918 A
[ReportManager] File Action [GetAbsolutePath] successfully performed. With the following test data [Relative Folder Path: "target/downloadedFiles/"]. @25-09-2021 01:53:35.0920 AM
[ReportManager] Attempting to run remotely on: [Linux-64], [GoogleChrome], [http://localhost:4444/wd/hub], Headless Execution. @25-09-2021 01:53:35.0920 AM
[ReportManager] Successfully Opened [GoogleChrome]. @25-09-2021 01:53:36.0096 AM
[ReportManager] Target URL: [https://the-internet.herokuapp.com/] @25-09-2021 01:53:36.0106 AM
[ReportManager] Initial URL: [data:,] @25-09-2021 01:53:36.0140 AM
[ReportManager] Browser Action [NavigateToURL] successfully performed. With the following test data [https://the-internet.herokuapp.com/]. @25-09-2021 01:53:36.0450 A

################################################################################################################################################
Starting Execution:	[103 out of 144] test cases in the current suite
Test Method:		[testPackage01.Test_NewValidationHelper.f15]
################################################################################################################################################
[ReportManager] Element Action [GetText] successfully performed. With the following test data [Welcome to the-internet]. @25-09-2021 01:53:36.0529 AM
[ReportManager] Loaded Shared OpenCV @25-09-2021 01:53:36.0641 AM
[ReportManager] Assertion [ValidateElementAttribute] FAILED. Expected [Value Should not be 'Welcome' for the 'text' attribute, element locator 'By.tagName: h1'] and Actual [Welcome to the-internet]. Comparison Type [CONTAINS]. Validation Type [NEGATIVE]. @25-09-2021 01:53:36.0716 AM
[ReportManager] Successfully created attachment [Screenshot - 1632534816640_f15_ValidateElementAttribute_failed] @25-09-2021 01:53:36.0717 A
[ReportManager] Successfully Closed All Drivers. @25-09-2021 01:53:36.0790 A
[ReportManager] File Action [GetAbsolutePath] successfully performed. With the following test data [Relative Folder Path: "target/downloadedFiles/"]. @25-09-2021 01:53:36.0793 AM
[ReportManager] Attempting to run remotely on: [Linux-64], [GoogleChrome], [http://localhost:4444/wd/hub], Headless Execution. @25-09-2021 01:53:36.0793 AM
[ReportManager] Successfully Opened [GoogleChrome]. @25-09-2021 01:53:36.0961 AM
[ReportManager] Target URL: [https://the-internet.herokuapp.com/] @25-09-2021 01:53:36.0971 AM
[ReportManager] Initial URL: [data:,] @25-09-2021 01:53:37.0004 AM
[ReportManager] Browser Action [NavigateToURL] successfully performed. With the following test data [https://the-internet.herokuapp.com/]. @25-09-2021 01:53:37.0281 A

################################################################################################################################################
Starting Execution:	[104 out of 144] test cases in the current suite
Test Method:		[testPackage01.Test_NewValidationHelper.f16]
################################################################################################################################################
[ReportManager] Element Action [IdentifyUniqueElement] failed. With the following test data [zero elements found matching this locator "By.tagName: h3".]. @25-09-2021 01:54:02.0786 AM
[ReportManager] Successfully created attachment [Screenshot - 1632534842725_f16_IdentifyUniqueElement_failed] @25-09-2021 01:54:02.0787 AM
[ReportManager] Assertion [ValidateElementAttribute] FAILED. Expected [Value Should not be 'Welcome' for the 'text' attribute, element locator 'By.tagName: h3'] and Actual [Failed to read the desired element attribute]. Comparison Type [CONTAINS]. Validation Type [NEGATIVE]. @25-09-2021 01:54:02.0788 A
[ReportManager] Successfully Closed All Drivers. @25-09-2021 01:54:02.0858 A
[ReportManager] File Action [GetAbsolutePath] successfully performed. With the following test data [Relative Folder Path: "target/downloadedFiles/"]. @25-09-2021 01:54:02.0860 AM
[ReportManager] Attempting to run remotely on: [Linux-64], [GoogleChrome], [http://localhost:4444/wd/hub], Headless Execution. @25-09-2021 01:54:02.0860 AM
[ReportManager] Successfully Opened [GoogleChrome]. @25-09-2021 01:54:03.0035 AM
[ReportManager] Target URL: [https://the-internet.herokuapp.com/] @25-09-2021 01:54:03.0046 AM
[ReportManager] Initial URL: [data:,] @25-09-2021 01:54:03.0080 AM
[ReportManager] Browser Action [NavigateToURL] successfully performed. With the following test data [https://the-internet.herokuapp.com/]. @25-09-2021 01:54:03.0375 A

################################################################################################################################################
Starting Execution:	[105 out of 144] test cases in the current suite
Test Method:		[testPackage01.Test_NewValidationHelper.f17]
################################################################################################################################################
[ReportManager] Attempting to getAttribute [text2] from elementLocator [By.tagName: h1]. @25-09-2021 01:54:03.0379 AM
[ReportManager] Element Action [GetAttribute] successfully performed. @25-09-2021 01:54:03.0447 AM
[ReportManager] Loaded Shared OpenCV @25-09-2021 01:54:03.0574 AM
[ReportManager] Assertion [ValidateElementAttribute] PASSED. Expected [Value Should not be 'Welcome' for the 'text2' attribute, element locator 'By.tagName: h1'] and Actual [null]. Comparison Type [CONTAINS]. Validation Type [NEGATIVE]. @25-09-2021 01:54:03.0656 AM
[ReportManager] Successfully created attachment [Screenshot - 1632534843574_f17_ValidateElementAttribute_passed] @25-09-2021 01:54:03.0658 A
[ReportManager] Successfully Closed All Drivers. @25-09-2021 01:54:03.0732 A
[ReportManager] File Action [GetAbsolutePath] successfully performed. With the following test data [Relative Folder Path: "target/downloadedFiles/"]. @25-09-2021 01:54:03.0735 AM
[ReportManager] Attempting to run remotely on: [Linux-64], [GoogleChrome], [http://localhost:4444/wd/hub], Headless Execution. @25-09-2021 01:54:03.0736 AM
[ReportManager] Successfully Opened [GoogleChrome]. @25-09-2021 01:54:03.0908 AM
[ReportManager] Target URL: [https://the-internet.herokuapp.com/] @25-09-2021 01:54:03.0918 AM
[ReportManager] Initial URL: [data:,] @25-09-2021 01:54:03.0951 AM
[ReportManager] Browser Action [NavigateToURL] successfully performed. With the following test data [https://the-internet.herokuapp.com/]. @25-09-2021 01:54:04.0227 A

################################################################################################################################################
Starting Execution:	[106 out of 144] test cases in the current suite
Test Method:		[testPackage01.Test_NewValidationHelper.f18]
################################################################################################################################################
[ReportManager] Element Action [GetText] successfully performed. With the following test data [Welcome to the-internet]. @25-09-2021 01:54:04.0305 AM
[ReportManager] Loaded Shared OpenCV @25-09-2021 01:54:04.0439 AM
[ReportManager] Assertion [ValidateElementAttribute] PASSED. Expected [Value Should not be 'no' for the 'text' attribute, element locator 'By.tagName: h1'] and Actual [Welcome to the-internet]. Comparison Type [CONTAINS]. Validation Type [NEGATIVE]. @25-09-2021 01:54:04.0513 AM
[ReportManager] Successfully created attachment [Screenshot - 1632534844439_f18_ValidateElementAttribute_passed] @25-09-2021 01:54:04.0514 A
[ReportManager] Successfully Closed All Drivers. @25-09-2021 01:54:04.0586 A
[ReportManager] File Action [GetAbsolutePath] successfully performed. With the following test data [Relative Folder Path: "target/downloadedFiles/"]. @25-09-2021 01:54:04.0588 AM
[ReportManager] Attempting to run remotely on: [Linux-64], [GoogleChrome], [http://localhost:4444/wd/hub], Headless Execution. @25-09-2021 01:54:04.0588 AM
[ReportManager] Successfully Opened [GoogleChrome]. @25-09-2021 01:54:04.0778 AM
[ReportManager] Target URL: [https://the-internet.herokuapp.com/] @25-09-2021 01:54:04.0788 AM
[ReportManager] Initial URL: [data:,] @25-09-2021 01:54:04.0821 AM
[ReportManager] Browser Action [NavigateToURL] successfully performed. With the following test data [https://the-internet.herokuapp.com/]. @25-09-2021 01:54:05.0101 A

################################################################################################################################################
Starting Execution:	[107 out of 144] test cases in the current suite
Test Method:		[testPackage01.Test_NewValidationHelper.f19]
################################################################################################################################################
[ReportManager] Element Action [GetTagName] successfully performed. With the following test data [h1]. @25-09-2021 01:54:05.0162 AM
[ReportManager] Loaded Shared OpenCV @25-09-2021 01:54:05.0290 AM
[ReportManager] Assertion [ValidateElementAttribute] PASSED. Expected [Value Should be 'h' for the 'tagname' attribute, element locator 'By.tagName: h1'] and Actual [h1]. Comparison Type [CONTAINS]. Validation Type [POSITIVE]. @25-09-2021 01:54:05.0370 AM
[ReportManager] Successfully created attachment [Screenshot - 1632534845290_f19_ValidateElementAttribute_passed] @25-09-2021 01:54:05.0371 A
[ReportManager] Successfully Closed All Drivers. @25-09-2021 01:54:05.0443 A

################################################################################################################################################
Starting Execution:	[108 out of 144] test cases in the current suite
Test Method:		[testPackage01.Test_NewValidationHelper.f2]
################################################################################################################################################
[ReportManager] Assertion Failed: Checking valid user data @25-09-2021 01:54:05.0446 AM
[ReportManager] Assertion [ValidateEquals] FAILED. Expected [1] and Actual [2]. Comparison Type [EQUALS]. Validation Type [POSITIVE]. @25-09-2021 01:54:05.0446 A
[ReportManager] File Action [GetAbsolutePath] successfully performed. With the following test data [Relative Folder Path: "target/downloadedFiles/"]. @25-09-2021 01:54:05.0448 AM
[ReportManager] Attempting to run remotely on: [Linux-64], [GoogleChrome], [http://localhost:4444/wd/hub], Headless Execution. @25-09-2021 01:54:05.0448 AM
[ReportManager] Successfully Opened [GoogleChrome]. @25-09-2021 01:54:05.0622 AM
[ReportManager] Target URL: [https://the-internet.herokuapp.com/] @25-09-2021 01:54:05.0631 AM
[ReportManager] Initial URL: [data:,] @25-09-2021 01:54:05.0665 AM
[ReportManager] Browser Action [NavigateToURL] successfully performed. With the following test data [https://the-internet.herokuapp.com/]. @25-09-2021 01:54:05.0954 A

################################################################################################################################################
Starting Execution:	[109 out of 144] test cases in the current suite
Test Method:		[testPackage01.Test_NewValidationHelper.f20]
################################################################################################################################################
[ReportManager] Element Action [GetSize] successfully performed. With the following test data [(755, 61)]. @25-09-2021 01:54:06.0017 AM
[ReportManager] Loaded Shared OpenCV @25-09-2021 01:54:06.0140 AM
[ReportManager] Assertion [ValidateElementAttribute] PASSED. Expected [Value Should not be 'a' for the 'size' attribute, element locator 'By.tagName: h1'] and Actual [(755, 61)]. Comparison Type [CONTAINS]. Validation Type [NEGATIVE]. @25-09-2021 01:54:06.0217 AM
[ReportManager] Successfully created attachment [Screenshot - 1632534846140_f20_ValidateElementAttribute_passed] @25-09-2021 01:54:06.0220 A
[ReportManager] Successfully Closed All Drivers. @25-09-2021 01:54:06.0296 A
[ReportManager] File Action [GetAbsolutePath] successfully performed. With the following test data [Relative Folder Path: "target/downloadedFiles/"]. @25-09-2021 01:54:06.0298 AM
[ReportManager] Attempting to run remotely on: [Linux-64], [GoogleChrome], [http://localhost:4444/wd/hub], Headless Execution. @25-09-2021 01:54:06.0298 AM
[ReportManager] Successfully Opened [GoogleChrome]. @25-09-2021 01:54:06.0501 AM
[ReportManager] Target URL: [https://the-internet.herokuapp.com/] @25-09-2021 01:54:06.0510 AM
[ReportManager] Initial URL: [data:,] @25-09-2021 01:54:06.0543 AM
[ReportManager] Browser Action [NavigateToURL] successfully performed. With the following test data [https://the-internet.herokuapp.com/]. @25-09-2021 01:54:06.0819 A

################################################################################################################################################
Starting Execution:	[110 out of 144] test cases in the current suite
Test Method:		[testPackage01.Test_NewValidationHelper.f21]
################################################################################################################################################
[ReportManager] Element Action [IdentifyUniqueElement] failed. With the following test data [zero elements found matching this locator "By.tagName: h3".]. @25-09-2021 01:54:32.0334 AM
[ReportManager] Successfully created attachment [Screenshot - 1632534872274_f21_IdentifyUniqueElement_failed] @25-09-2021 01:54:32.0335 AM
[ReportManager] Assertion [ValidateElementAttribute] FAILED. Expected [Value Should be 'Welcome' for the 'text' attribute, element locator 'By.tagName: h3'] and Actual [Failed to read the desired element attribute]. Comparison Type [CONTAINS]. Validation Type [POSITIVE]. @25-09-2021 01:54:32.0336 A
[ReportManager] Successfully Closed All Drivers. @25-09-2021 01:54:32.0409 A
[ReportManager] File Action [GetAbsolutePath] successfully performed. With the following test data [Relative Folder Path: "target/downloadedFiles/"]. @25-09-2021 01:54:32.0411 AM
[ReportManager] Attempting to run remotely on: [Linux-64], [GoogleChrome], [http://localhost:4444/wd/hub], Headless Execution. @25-09-2021 01:54:32.0411 AM
[ReportManager] Successfully Opened [GoogleChrome]. @25-09-2021 01:54:32.0575 AM
[ReportManager] Target URL: [https://the-internet.herokuapp.com/] @25-09-2021 01:54:32.0585 AM
[ReportManager] Initial URL: [data:,] @25-09-2021 01:54:32.0618 AM
[ReportManager] Browser Action [NavigateToURL] successfully performed. With the following test data [https://the-internet.herokuapp.com/]. @25-09-2021 01:54:32.0894 A

################################################################################################################################################
Starting Execution:	[111 out of 144] test cases in the current suite
Test Method:		[testPackage01.Test_NewValidationHelper.f22]
################################################################################################################################################
[ReportManager] Element Action [GetText] successfully performed. With the following test data [Welcome to the-internet]. @25-09-2021 01:54:32.0967 AM
[ReportManager] Loaded Shared OpenCV @25-09-2021 01:54:33.0089 AM
[ReportManager] Assertion [ValidateElementAttribute] FAILED. Expected [Value Should be 'yyy' for the 'text' attribute, element locator 'By.tagName: h1'] and Actual [Welcome to the-internet]. Comparison Type [CONTAINS]. Validation Type [POSITIVE]. @25-09-2021 01:54:33.0165 AM
[ReportManager] Successfully created attachment [Screenshot - 1632534873089_f22_ValidateElementAttribute_failed] @25-09-2021 01:54:33.0166 A
[ReportManager] Successfully Closed All Drivers. @25-09-2021 01:54:33.0239 A

################################################################################################################################################
Starting Execution:	[112 out of 144] test cases in the current suite
Test Method:		[testPackage01.Test_NewValidationHelper.f23]
################################################################################################################################################
[ReportManager] Assertion Passed: confirming that the actual is greater than or equal to the expected @25-09-2021 01:54:33.0243 AM
[ReportManager] Assertion [ValidateComparativeRelation] PASSED. Expected [1] and Actual [1]. Comparison Type [GREATER_THAN_OR_EQUALS]. Validation Type [POSITIVE]. @25-09-2021 01:54:33.0243 A

################################################################################################################################################
Starting Execution:	[113 out of 144] test cases in the current suite
Test Method:		[testPackage01.Test_NewValidationHelper.f24]
################################################################################################################################################
[ReportManager] Assertion [ValidateComparativeRelation] PASSED. Expected [1] and Actual [10]. Comparison Type [GREATER_THAN_OR_EQUALS]. Validation Type [POSITIVE]. @25-09-2021 01:54:33.0246 A

################################################################################################################################################
Starting Execution:	[114 out of 144] test cases in the current suite
Test Method:		[testPackage01.Test_NewValidationHelper.f25]
################################################################################################################################################
[ReportManager] Assertion [ValidateComparativeRelation] PASSED. Expected [1] and Actual [1]. Comparison Type [EQUALS]. Validation Type [POSITIVE]. @25-09-2021 01:54:33.0249 A

################################################################################################################################################
Starting Execution:	[115 out of 144] test cases in the current suite
Test Method:		[testPackage01.Test_NewValidationHelper.f26]
################################################################################################################################################
[ReportManager] Assertion [ValidateComparativeRelation] PASSED. Expected [1] and Actual [5]. Comparison Type [GREATER_THAN]. Validation Type [POSITIVE]. @25-09-2021 01:54:33.0253 A

################################################################################################################################################
Starting Execution:	[116 out of 144] test cases in the current suite
Test Method:		[testPackage01.Test_NewValidationHelper.f27]
################################################################################################################################################
[ReportManager] Assertion [ValidateComparativeRelation] PASSED. Expected [11] and Actual [5]. Comparison Type [LESS_THAN]. Validation Type [POSITIVE]. @25-09-2021 01:54:33.0255 A

################################################################################################################################################
Starting Execution:	[117 out of 144] test cases in the current suite
Test Method:		[testPackage01.Test_NewValidationHelper.f28]
################################################################################################################################################
[ReportManager] Assertion [ValidateComparativeRelation] PASSED. Expected [11] and Actual [5]. Comparison Type [LESS_THAN_OR_EQUALS]. Validation Type [POSITIVE]. @25-09-2021 01:54:33.0257 A

################################################################################################################################################
Starting Execution:	[118 out of 144] test cases in the current suite
Test Method:		[testPackage01.Test_NewValidationHelper.f29]
################################################################################################################################################
[ReportManager] Assertion [ValidateComparativeRelation] PASSED. Expected [11] and Actual [11]. Comparison Type [LESS_THAN_OR_EQUALS]. Validation Type [POSITIVE]. @25-09-2021 01:54:33.0258 A

################################################################################################################################################
Starting Execution:	[119 out of 144] test cases in the current suite
Test Method:		[testPackage01.Test_NewValidationHelper.f3]
################################################################################################################################################
[ReportManager] Assertion [ValidateEquals] PASSED. Expected [1] and Actual [2]. Comparison Type [EQUALS]. Validation Type [NEGATIVE]. @25-09-2021 01:54:33.0260 A

################################################################################################################################################
Starting Execution:	[120 out of 144] test cases in the current suite
Test Method:		[testPackage01.Test_NewValidationHelper.f30]
################################################################################################################################################
[ReportManager] Assertion [ValidateComparativeRelation] FAILED. Expected [-9] and Actual [11]. Comparison Type [LESS_THAN_OR_EQUALS]. Validation Type [POSITIVE]. @25-09-2021 01:54:33.0262 A

################################################################################################################################################
Starting Execution:	[121 out of 144] test cases in the current suite
Test Method:		[testPackage01.Test_NewValidationHelper.f31]
################################################################################################################################################
[ReportManager] Assertion [ValidateTrue] PASSED. Expected [TRUE] and Actual [TRUE]. Validation Type [POSITIVE]. @25-09-2021 01:54:33.0264 A

################################################################################################################################################
Starting Execution:	[122 out of 144] test cases in the current suite
Test Method:		[testPackage01.Test_NewValidationHelper.f32]
################################################################################################################################################
[ReportManager] Assertion [ValidateTrue] PASSED. Expected [FALSE] and Actual [FALSE]. Validation Type [NEGATIVE]. @25-09-2021 01:54:33.0266 A

################################################################################################################################################
Starting Execution:	[123 out of 144] test cases in the current suite
Test Method:		[testPackage01.Test_NewValidationHelper.f33]
################################################################################################################################################
[ReportManager] Assertion [ValidateTrue] FAILED. Expected [FALSE] and Actual [TRUE]. Validation Type [NEGATIVE]. @25-09-2021 01:54:33.0268 A

################################################################################################################################################
Starting Execution:	[124 out of 144] test cases in the current suite
Test Method:		[testPackage01.Test_NewValidationHelper.f34]
################################################################################################################################################
[ReportManager] Assertion [ValidateTrue] FAILED. Expected [TRUE] and Actual [FALSE]. Validation Type [POSITIVE]. @25-09-2021 01:54:33.0270 A

################################################################################################################################################
Starting Execution:	[125 out of 144] test cases in the current suite
Test Method:		[testPackage01.Test_NewValidationHelper.f35]
################################################################################################################################################
[ReportManager] File Action [DoesFileExist] successfully performed. With the following test data [File Path: "pom.xml"]. @25-09-2021 01:54:33.0272 AM
[ReportManager] Assertion [ValidateFileExists] PASSED. Expected [File 'pom.xml' should exist, after up to '1' retries] and Actual [File exists]. Validation Type [POSITIVE]. @25-09-2021 01:54:33.0273 A

################################################################################################################################################
Starting Execution:	[126 out of 144] test cases in the current suite
Test Method:		[testPackage01.Test_NewValidationHelper.f36]
################################################################################################################################################
[ReportManager] File Action [DoesFileExist] successfully performed. With the following test data [File Path: "src/test/java/testPackage01/Test_NewValidationHelper.java"]. @25-09-2021 01:54:33.0275 AM
[ReportManager] Assertion [ValidateFileExists] PASSED. Expected [File 'src/test/java/testPackage01/Test_NewValidationHelper.java' should exist, after up to '1' retries] and Actual [File exists]. Validation Type [POSITIVE]. @25-09-2021 01:54:33.0275 A

################################################################################################################################################
Starting Execution:	[127 out of 144] test cases in the current suite
Test Method:		[testPackage01.Test_NewValidationHelper.f37]
################################################################################################################################################
[ReportManager] File Action [DoesFileExist] successfully performed. With the following test data [File Path: "pom.xml"]. @25-09-2021 01:54:33.0281 AM
[ReportManager] Assertion Failed: confirming that the file does't exist after 5 retries @25-09-2021 01:54:33.0281 AM
[ReportManager] Assertion [ValidateFileExists] FAILED. Expected [File 'pom.xml' should not exist, after up to '5' retries] and Actual [File exists]. Validation Type [NEGATIVE]. @25-09-2021 01:54:33.0281 A

################################################################################################################################################
Starting Execution:	[128 out of 144] test cases in the current suite
Test Method:		[testPackage01.Test_NewValidationHelper.f3_1]
################################################################################################################################################
[ReportManager] Assertion Passed: Checking valid user data @25-09-2021 01:54:33.0285 AM
[ReportManager] Assertion [ValidateEquals] PASSED. Expected [null] and Actual [null]. Comparison Type [EQUALS]. Validation Type [POSITIVE]. @25-09-2021 01:54:33.0285 A

################################################################################################################################################
Starting Execution:	[129 out of 144] test cases in the current suite
Test Method:		[testPackage01.Test_NewValidationHelper.f4]
################################################################################################################################################
[ReportManager] Assertion [ValidateEquals] PASSED. Expected [1] and Actual [123]. Comparison Type [CONTAINS]. Validation Type [POSITIVE]. @25-09-2021 01:54:33.0288 A

################################################################################################################################################
Starting Execution:	[130 out of 144] test cases in the current suite
Test Method:		[testPackage01.Test_NewValidationHelper.f5]
################################################################################################################################################
[ReportManager] Assertion [ValidateNull] PASSED. Expected [NULL] and Actual [1]. Comparison Type [EQUALS]. Validation Type [NEGATIVE]. @25-09-2021 01:54:33.0290 A

################################################################################################################################################
Starting Execution:	[131 out of 144] test cases in the current suite
Test Method:		[testPackage01.Test_NewValidationHelper.f6]
################################################################################################################################################
[ReportManager] Assertion Failed: Making sure that null string is not equal to null object @25-09-2021 01:54:33.0295 AM
[ReportManager] Assertion [ValidateNull] FAILED. Expected [NULL] and Actual [NULL]. Comparison Type [EQUALS]. Validation Type [POSITIVE]. @25-09-2021 01:54:33.0295 A

################################################################################################################################################
Starting Execution:	[132 out of 144] test cases in the current suite
Test Method:		[testPackage01.Test_NewValidationHelper.f6_1]
################################################################################################################################################
[ReportManager] Assertion [ValidateNull] FAILED. Expected [NULL] and Actual [NULL]. Comparison Type [EQUALS]. Validation Type [NEGATIVE]. @25-09-2021 01:54:33.0297 A

################################################################################################################################################
Starting Execution:	[133 out of 144] test cases in the current suite
Test Method:		[testPackage01.Test_NewValidationHelper.f6_2]
################################################################################################################################################
[ReportManager] Assertion Failed: Making sure that null string is not equal to null object @25-09-2021 01:54:33.0299 AM
[ReportManager] Assertion [ValidateNull] FAILED. Expected [NULL] and Actual [not null]. Comparison Type [EQUALS]. Validation Type [POSITIVE]. @25-09-2021 01:54:33.0299 A

################################################################################################################################################
Starting Execution:	[134 out of 144] test cases in the current suite
Test Method:		[testPackage01.Test_NewValidationHelper.f7]
################################################################################################################################################
[ReportManager] Assertion [ValidateNull] PASSED. Expected [NULL] and Actual [NULL]. Comparison Type [EQUALS]. Validation Type [POSITIVE]. @25-09-2021 01:54:33.0302 A
[ReportManager] File Action [GetAbsolutePath] successfully performed. With the following test data [Relative Folder Path: "target/downloadedFiles/"]. @25-09-2021 01:54:33.0303 AM
[ReportManager] Attempting to run remotely on: [Linux-64], [GoogleChrome], [http://localhost:4444/wd/hub], Headless Execution. @25-09-2021 01:54:33.0304 AM
[ReportManager] Successfully Opened [GoogleChrome]. @25-09-2021 01:54:33.0500 AM
[ReportManager] Target URL: [https://the-internet.herokuapp.com/] @25-09-2021 01:54:33.0511 AM
[ReportManager] Initial URL: [data:,] @25-09-2021 01:54:33.0544 AM
[ReportManager] Browser Action [NavigateToURL] successfully performed. With the following test data [https://the-internet.herokuapp.com/]. @25-09-2021 01:54:33.0819 A

################################################################################################################################################
Starting Execution:	[135 out of 144] test cases in the current suite
Test Method:		[testPackage01.Test_NewValidationHelper.f8]
################################################################################################################################################
[ReportManager] Loaded Shared OpenCV @25-09-2021 01:54:33.0991 AM
[ReportManager] Assertion [ValidateElementExists] PASSED. Expected [Element Should Exist, locator 'By.tagName: h1'] and Actual [Element Exists]. Comparison Type [EQUALS]. Validation Type [POSITIVE]. @25-09-2021 01:54:34.0060 AM
[ReportManager] Successfully created attachment [Screenshot - 1632534873990_f8_ValidateElementExists_passed] @25-09-2021 01:54:34.0061 A
[ReportManager] Successfully Closed All Drivers. @25-09-2021 01:54:34.0136 A
[ReportManager] File Action [GetAbsolutePath] successfully performed. With the following test data [Relative Folder Path: "target/downloadedFiles/"]. @25-09-2021 01:54:34.0138 AM
[ReportManager] Attempting to run remotely on: [Linux-64], [GoogleChrome], [http://localhost:4444/wd/hub], Headless Execution. @25-09-2021 01:54:34.0138 AM
[ReportManager] Successfully Opened [GoogleChrome]. @25-09-2021 01:54:34.0299 AM
[ReportManager] Target URL: [https://the-internet.herokuapp.com/] @25-09-2021 01:54:34.0309 AM
[ReportManager] Initial URL: [data:,] @25-09-2021 01:54:34.0343 AM
[ReportManager] Browser Action [NavigateToURL] successfully performed. With the following test data [https://the-internet.herokuapp.com/]. @25-09-2021 01:54:34.0633 A

################################################################################################################################################
Starting Execution:	[136 out of 144] test cases in the current suite
Test Method:		[testPackage01.Test_NewValidationHelper.f9]
################################################################################################################################################
[ReportManager] Assertion [ValidateElementExists] FAILED. Expected [Element Should Exist, locator 'By.tagName: h3'] and Actual [Element Doesn't Exists]. Comparison Type [EQUALS]. Validation Type [POSITIVE]. @25-09-2021 01:55:05.0243 AM
[ReportManager] Successfully created attachment [Screenshot - 1632534905188_f9_ValidateElementExists_failed] @25-09-2021 01:55:05.0244 A
[ReportManager] Successfully Closed All Drivers. @25-09-2021 01:55:05.0316 A

################################################################################################################################################
Starting Execution:	[137 out of 144] test cases in the current suite
Test Method:		[testPackage01.Test_NewValidationHelper.forceFail]
################################################################################################################################################
[ReportManager] Assertion [ValidateFail] FAILED. Successfully force failed the test. @25-09-2021 01:55:05.0319 A

################################################################################################################################################
Starting Execution:	[138 out of 144] test cases in the current suite
Test Method:		[testPackage01.Test_NewValidationHelper.forceFail2]
################################################################################################################################################
[ReportManager] Assertion Failed: Custom Message @25-09-2021 01:55:05.0321 AM
[ReportManager] Assertion [ValidateFail] FAILED. Successfully force failed the test. @25-09-2021 01:55:05.0321 A

################################################################################################################################################
Starting Execution:	[139 out of 144] test cases in the current suite
Test Method:		[testPackage01.Test_sendGraphqlRequest.sendGraphqlRequestUsingMutationAndVariables]
################################################################################################################################################
[ReportManager] GraphQl Request is being Performed with the Following Parameters [Service URL: https://api.spacex.land/graphql | Request Body: {"variables":"{\"name\": \"sherlock holmes\",\"rocket\": \"221B Baker Street\"}","query":"mutation ($name: String, $rocket: String) {\n  insert_users(objects: {name: $name, rocket: $rocket}) {\n    returning {\n      name\n      rocket\n    }\n  }\n}"}] @25-09-2021 01:55:05.0324 AM
[ReportManager] Response status code: [200], status line: [HTTP/1.1 200 OK] @25-09-2021 01:55:05.0491 AM
[ReportManager] Assertion Passed: Evaluating the actual response status code against the expected one... @25-09-2021 01:55:05.0491 AM
[ReportManager] Assertion [ValidateEquals] PASSED. Expected [200] and Actual [200]. Comparison Type [EQUALS]. Validation Type [POSITIVE]. @25-09-2021 01:55:05.0491 AM
[ReportManager] API Action [PerformRequest] successfully performed. With the following test data [Request Type: "POST" | Target Status Code: "200" | Service URL: "https://api.spacex.land/graphql" | Content Type: "application/json" | Response Time: "104ms"]. @25-09-2021 01:55:05.0500 AM
[ReportManager] Successfully created attachment [API Request - Specifications] @25-09-2021 01:55:05.0501 AM
[ReportManager] Successfully created attachment [API Request - JSON Body] @25-09-2021 01:55:05.0501 AM
[ReportManager] Successfully created attachment [API Response - JSON Body] @25-09-2021 01:55:05.0501 AM
[ReportManager] API Action [GetResponseJSONValue] successfully performed. With the following test data [data.insert_users.returning[0].name]. @25-09-2021 01:55:05.0534 AM
[ReportManager] Assertion [ValidateEquals] PASSED. Expected [sherlock holmes] and Actual [sherlock holmes]. Comparison Type [EQUALS]. Validation Type [POSITIVE]. @25-09-2021 01:55:05.0534 A

################################################################################################################################################
Starting Execution:	[140 out of 144] test cases in the current suite
Test Method:		[testPackage01.Test_sendGraphqlRequest.sendGraphqlRequestUsingQuery]
################################################################################################################################################
[ReportManager] GraphQl Request is being Performed with the Following Parameters [Service URL: https://api.spacex.land/graphql | Request Body: {"query":"{company {ceo}}"}] @25-09-2021 01:55:05.0537 AM
[ReportManager] Response status code: [200], status line: [HTTP/1.1 200 OK] @25-09-2021 01:55:05.0599 AM
[ReportManager] Assertion Passed: Evaluating the actual response status code against the expected one... @25-09-2021 01:55:05.0599 AM
[ReportManager] Assertion [ValidateEquals] PASSED. Expected [200] and Actual [200]. Comparison Type [EQUALS]. Validation Type [POSITIVE]. @25-09-2021 01:55:05.0599 AM
[ReportManager] API Action [PerformRequest] successfully performed. With the following test data [Request Type: "POST" | Target Status Code: "200" | Service URL: "https://api.spacex.land/graphql" | Content Type: "application/json" | Response Time: "59ms"]. @25-09-2021 01:55:05.0607 AM
[ReportManager] Successfully created attachment [API Request - Specifications] @25-09-2021 01:55:05.0607 AM
[ReportManager] Successfully created attachment [API Request - JSON Body] @25-09-2021 01:55:05.0608 AM
[ReportManager] Successfully created attachment [API Response - JSON Body] @25-09-2021 01:55:05.0608 AM
[ReportManager] API Action [GetResponseJSONValue] successfully performed. With the following test data [data.company.ceo]. @25-09-2021 01:55:05.0614 AM
[ReportManager] Assertion [ValidateEquals] PASSED. Expected [Elon Musk] and Actual [Elon Musk]. Comparison Type [EQUALS]. Validation Type [POSITIVE]. @25-09-2021 01:55:05.0615 A

################################################################################################################################################
Starting Execution:	[141 out of 144] test cases in the current suite
Test Method:		[testPackage01.Test_chainableElementActions.chainElementActions]
################################################################################################################################################
[ReportManager] File Action [GetAbsolutePath] successfully performed. With the following test data [Relative Folder Path: "target/downloadedFiles/"]. @25-09-2021 01:55:05.0620 AM
[ReportManager] Attempting to run remotely on: [Linux-64], [GoogleChrome], [http://localhost:4444/wd/hub], Headless Execution. @25-09-2021 01:55:05.0621 AM
[ReportManager] Successfully Opened [GoogleChrome]. @25-09-2021 01:55:05.0837 AM
[ReportManager] Target URL: [https://www.google.com/ncr], and after redirection: [https://www.google.com] @25-09-2021 01:55:05.0847 AM
[ReportManager] Initial URL: [data:,] @25-09-2021 01:55:05.0881 AM
[ReportManager] Browser Action [NavigateToURL] successfully performed. With the following test data [https://www.google.com/ncr]. @25-09-2021 01:55:06.0586 AM
[ReportManager] Element Action [Type] successfully performed. With the following test data [chained type 1]. @25-09-2021 01:55:06.0860 AM
[ReportManager] Element Action [Type] successfully performed. With the following test data [chained type 2]. @25-09-2021 01:55:07.0134 AM
[ReportManager] Element Action [TypeAppend] successfully performed. With the following test data [345]. @25-09-2021 01:55:07.0215 AM
[ReportManager] Element Action [GetText] successfully performed. With the following test data [chained type 2345]. @25-09-2021 01:55:07.0306 AM
[ReportManager] Loaded Shared OpenCV @25-09-2021 01:55:07.0411 AM
[ReportManager] Assertion [ValidateElementAttribute] PASSED. Expected [Value Should be 'chained type 2345' for the 'text' attribute, element locator 'By.name: q'] and Actual [chained type 2345]. Comparison Type [EQUALS]. Validation Type [POSITIVE]. @25-09-2021 01:55:07.0474 AM
[ReportManager] Successfully created attachment [Screenshot - 1632534907411_chainElementActions_ValidateElementAttribute_passed] @25-09-2021 01:55:07.0475 AM
[ReportManager] Browser Action [CloseCurrentWindow] successfully performed. @25-09-2021 01:55:07.0584 AM
[ReportManager] Successfully created attachment [Browser Action Test Data - CloseCurrentWindow - Actual Value] @25-09-2021 01:55:07.0586 A

################################################################################################################################################
Starting Execution:	[142 out of 144] test cases in the current suite
Test Method:		[testPackage01.Test_SkipDueToIssue.doNotSkip]
################################################################################################################################################
[ReportManager] This should not be skipped. @25-09-2021 01:55:07.0594 A

################################################################################################################################################
Starting Execution:	[143 out of 144] test cases in the current suite
Test Method:		[testPackage01.Test_SkipDueToIssue.skip]
################################################################################################################################################
[ReportManager] This should be skipped. @25-09-2021 01:55:07.0599 A

################################################################################################################################################
Starting Execution:	[144 out of 144] test cases in the current suite
Test Method:		[testPackage01.Test_SkipDueToIssue.skip2]
################################################################################################################################################
[ReportManager] This should be skipped. @25-09-2021 01:55:07.0603 A

################################################################################################################################################
Test Closure Activities
################################################################################################################################################
[ReportManager] Successfully created attachment [SHAFT Engine Logs - Execution log] @25-09-2021 01:55:07.0624 AM

################################################################################################################################################
This test run was powered by SHAFT Engine Version: [SHAFT Engine v5.3.20210902]
SHAFT Engine is licensed under the MIT License: [https://github.com/MohabMohie/SHAFT_ENGINE/blob/master/LICENSE].
################################################################################################################################################