################################################################################################################################################
Detected SHAFT Engine Version: [SHAFT Engine v5.4.20211030-BETA]
################################################################################################################################################

################################################################################################################################################
Starting Execution:	[1 out of 143] test cases in the current suite
Test Method:		[unitTests.tests_validations_assertions.assertComparativeRelation_greaterThanOrEquals_false_equals_expectedToFail]
################################################################################################################################################
[ReportManager] Assertion [ValidateComparativeRelation] FAILED. Expected [1] and Actual [1]. Comparison Type [GREATER_THAN_OR_EQUALS]. Validation Type [NEGATIVE]. @01-11-2021 11:39:29.0609 A

################################################################################################################################################
Starting Execution:	[2 out of 143] test cases in the current suite
Test Method:		[unitTests.tests_validations_assertions.assertComparativeRelation_greaterThanOrEquals_false_equals_expectedToPass]
################################################################################################################################################
[ReportManager] Assertion [ValidateComparativeRelation] PASSED. Expected [2] and Actual [1]. Comparison Type [GREATER_THAN_OR_EQUALS]. Validation Type [NEGATIVE]. @01-11-2021 11:39:29.0729 A

################################################################################################################################################
Starting Execution:	[3 out of 143] test cases in the current suite
Test Method:		[unitTests.tests_validations_assertions.assertComparativeRelation_greaterThanOrEquals_false_greaterThan_expectedToFail]
################################################################################################################################################
[ReportManager] Assertion [ValidateComparativeRelation] FAILED. Expected [1] and Actual [2]. Comparison Type [GREATER_THAN_OR_EQUALS]. Validation Type [NEGATIVE]. @01-11-2021 11:39:29.0735 A

################################################################################################################################################
Starting Execution:	[4 out of 143] test cases in the current suite
Test Method:		[unitTests.tests_validations_assertions.assertComparativeRelation_greaterThanOrEquals_false_greaterThan_expectedToPass]
################################################################################################################################################
[ReportManager] Assertion [ValidateComparativeRelation] PASSED. Expected [2] and Actual [1]. Comparison Type [GREATER_THAN_OR_EQUALS]. Validation Type [NEGATIVE]. @01-11-2021 11:39:29.0743 A

################################################################################################################################################
Starting Execution:	[5 out of 143] test cases in the current suite
Test Method:		[unitTests.tests_validations_assertions.assertComparativeRelation_greaterThanOrEquals_true_equals_expectedToFail]
################################################################################################################################################
[ReportManager] Assertion [ValidateComparativeRelation] FAILED. Expected [1] and Actual [0]. Comparison Type [GREATER_THAN_OR_EQUALS]. Validation Type [POSITIVE]. @01-11-2021 11:39:29.0748 A

################################################################################################################################################
Starting Execution:	[6 out of 143] test cases in the current suite
Test Method:		[unitTests.tests_validations_assertions.assertComparativeRelation_greaterThanOrEquals_true_equals_expectedToPass]
################################################################################################################################################
[ReportManager] Assertion [ValidateComparativeRelation] PASSED. Expected [1] and Actual [1]. Comparison Type [GREATER_THAN_OR_EQUALS]. Validation Type [POSITIVE]. @01-11-2021 11:39:29.0765 A

################################################################################################################################################
Starting Execution:	[7 out of 143] test cases in the current suite
Test Method:		[unitTests.tests_validations_assertions.assertComparativeRelation_greaterThanOrEquals_true_greaterThan_expectedToFail]
################################################################################################################################################
[ReportManager] Assertion [ValidateComparativeRelation] FAILED. Expected [2] and Actual [1]. Comparison Type [GREATER_THAN_OR_EQUALS]. Validation Type [POSITIVE]. @01-11-2021 11:39:29.0772 A

################################################################################################################################################
Starting Execution:	[8 out of 143] test cases in the current suite
Test Method:		[unitTests.tests_validations_assertions.assertComparativeRelation_greaterThanOrEquals_true_greaterThan_expectedToPass]
################################################################################################################################################
[ReportManager] Assertion [ValidateComparativeRelation] PASSED. Expected [1] and Actual [2]. Comparison Type [GREATER_THAN_OR_EQUALS]. Validation Type [POSITIVE]. @01-11-2021 11:39:29.0786 A
[ReportManager] File Action [GetAbsolutePath] successfully performed. With the following test data [Relative Folder Path: "target/downloadedFiles/"]. @01-11-2021 11:39:29.0799 AM
[ReportManager] Attempting to run remotely on: [Linux-64], [GoogleChrome], [http://localhost:4444/wd/hub], Headless Execution. @01-11-2021 11:39:29.0814 AM
[ReportManager] Successfully Opened [GoogleChrome]. @01-11-2021 11:39:33.0679 AM
[ReportManager] Target URL: [https://www.google.com/ncr], and after redirection: [www.google.com] @01-11-2021 11:39:33.0690 AM
[ReportManager] Initial URL: [data:,] @01-11-2021 11:39:34.0031 AM
[ReportManager] Browser Action [NavigateToURL] successfully performed. With the following test data [https://www.google.com/ncr]. @01-11-2021 11:39:36.0607 A

################################################################################################################################################
Starting Execution:	[9 out of 143] test cases in the current suite
Test Method:		[unitTests.tests_validations_assertions.assertElementAttribute_false_caseInsensitiveComparison_expectedToFail]
################################################################################################################################################
[ReportManager] Element Action [Type] successfully performed. With the following test data [AUTOMATION]. @01-11-2021 11:39:37.0581 AM
[ReportManager] Element Action [GetText] successfully performed. With the following test data [AUTOMATION]. @01-11-2021 11:39:37.0932 AM
[ReportManager] Loaded Shared OpenCV @01-11-2021 11:39:39.0157 AM
[ReportManager] Assertion [ValidateElementAttribute] FAILED. Expected [Value Should not be 'AutomaTion' for the 'text' attribute, element locator 'By.name: q'] and Actual [AUTOMATION]. Comparison Type [CASE_INSENSITIVE]. Validation Type [NEGATIVE]. @01-11-2021 11:39:39.0874 AM
[ReportManager] Successfully created attachment [Screenshot - 1635766778482_assertElementAttribute_false_caseInsensitiveComparison_expectedToFail_ValidateElementAttribute_failed] @01-11-2021 11:39:39.0912 A
[ReportManager] Browser Action [CloseCurrentWindow] successfully performed. @01-11-2021 11:39:40.0176 AM
[ReportManager] Successfully created attachment [Browser Action Test Data - CloseCurrentWindow - Actual Value] @01-11-2021 11:39:40.0183 A
[ReportManager] File Action [GetAbsolutePath] successfully performed. With the following test data [Relative Folder Path: "target/downloadedFiles/"]. @01-11-2021 11:39:40.0198 AM
[ReportManager] Attempting to run remotely on: [Linux-64], [GoogleChrome], [http://localhost:4444/wd/hub], Headless Execution. @01-11-2021 11:39:40.0199 AM
[ReportManager] Successfully Opened [GoogleChrome]. @01-11-2021 11:39:42.0760 AM
[ReportManager] Target URL: [https://www.google.com/ncr], and after redirection: [www.google.com] @01-11-2021 11:39:42.0760 AM
[ReportManager] Initial URL: [data:,] @01-11-2021 11:39:42.0924 AM
[ReportManager] Browser Action [NavigateToURL] successfully performed. With the following test data [https://www.google.com/ncr]. @01-11-2021 11:39:44.0165 A

################################################################################################################################################
Starting Execution:	[10 out of 143] test cases in the current suite
Test Method:		[unitTests.tests_validations_assertions.assertElementAttribute_false_caseInsensitiveComparison_expectedToPass]
################################################################################################################################################
[ReportManager] Element Action [Type] successfully performed. With the following test data [AUTOMATION]. @01-11-2021 11:39:45.0000 AM
[ReportManager] Element Action [GetText] successfully performed. With the following test data [AUTOMATION]. @01-11-2021 11:39:45.0269 AM
[ReportManager] Loaded Shared OpenCV @01-11-2021 11:39:45.0794 AM
[ReportManager] Assertion [ValidateElementAttribute] PASSED. Expected [Value Should not be 'AutomaTion123' for the 'text' attribute, element locator 'By.name: q'] and Actual [AUTOMATION]. Comparison Type [CASE_INSENSITIVE]. Validation Type [NEGATIVE]. @01-11-2021 11:39:46.0187 AM
[ReportManager] Successfully created attachment [Screenshot - 1635766785793_assertElementAttribute_false_caseInsensitiveComparison_expectedToPass_ValidateElementAttribute_passed] @01-11-2021 11:39:46.0193 A
[ReportManager] Browser Action [CloseCurrentWindow] successfully performed. @01-11-2021 11:39:46.0405 AM
[ReportManager] Successfully created attachment [Browser Action Test Data - CloseCurrentWindow - Actual Value] @01-11-2021 11:39:46.0408 A
[ReportManager] File Action [GetAbsolutePath] successfully performed. With the following test data [Relative Folder Path: "target/downloadedFiles/"]. @01-11-2021 11:39:46.0415 AM
[ReportManager] Attempting to run remotely on: [Linux-64], [GoogleChrome], [http://localhost:4444/wd/hub], Headless Execution. @01-11-2021 11:39:46.0416 AM
[ReportManager] Successfully Opened [GoogleChrome]. @01-11-2021 11:39:47.0763 AM
[ReportManager] Target URL: [https://www.google.com/ncr], and after redirection: [www.google.com] @01-11-2021 11:39:47.0763 AM
[ReportManager] Initial URL: [data:,] @01-11-2021 11:39:47.0886 AM
[ReportManager] Browser Action [NavigateToURL] successfully performed. With the following test data [https://www.google.com/ncr]. @01-11-2021 11:39:49.0067 A

################################################################################################################################################
Starting Execution:	[11 out of 143] test cases in the current suite
Test Method:		[unitTests.tests_validations_assertions.assertElementAttribute_false_containsComparison_expectedToFail]
################################################################################################################################################
[ReportManager] Element Action [Type] successfully performed. With the following test data [Automation123]. @01-11-2021 11:39:49.0960 AM
[ReportManager] Element Action [GetText] successfully performed. With the following test data [Automation123]. @01-11-2021 11:39:50.0264 AM
[ReportManager] Loaded Shared OpenCV @01-11-2021 11:39:50.0789 AM
[ReportManager] Assertion [ValidateElementAttribute] FAILED. Expected [Value Should not be 'Automation' for the 'text' attribute, element locator 'By.name: q'] and Actual [Automation123]. Comparison Type [CONTAINS]. Validation Type [NEGATIVE]. @01-11-2021 11:39:51.0111 AM
[ReportManager] Successfully created attachment [Screenshot - 1635766790789_assertElementAttribute_false_containsComparison_expectedToFail_ValidateElementAttribute_failed] @01-11-2021 11:39:51.0115 A
[ReportManager] Browser Action [CloseCurrentWindow] successfully performed. @01-11-2021 11:39:51.0327 AM
[ReportManager] Successfully created attachment [Browser Action Test Data - CloseCurrentWindow - Actual Value] @01-11-2021 11:39:51.0328 A
[ReportManager] File Action [GetAbsolutePath] successfully performed. With the following test data [Relative Folder Path: "target/downloadedFiles/"]. @01-11-2021 11:39:51.0333 AM
[ReportManager] Attempting to run remotely on: [Linux-64], [GoogleChrome], [http://localhost:4444/wd/hub], Headless Execution. @01-11-2021 11:39:51.0334 AM
[ReportManager] Successfully Opened [GoogleChrome]. @01-11-2021 11:39:52.0739 AM
[ReportManager] Target URL: [https://www.google.com/ncr], and after redirection: [www.google.com] @01-11-2021 11:39:52.0739 AM
[ReportManager] Initial URL: [data:,] @01-11-2021 11:39:52.0910 AM
[ReportManager] Browser Action [NavigateToURL] successfully performed. With the following test data [https://www.google.com/ncr]. @01-11-2021 11:39:54.0141 A

################################################################################################################################################
Starting Execution:	[12 out of 143] test cases in the current suite
Test Method:		[unitTests.tests_validations_assertions.assertElementAttribute_false_containsComparison_expectedToPass]
################################################################################################################################################
[ReportManager] Element Action [Type] successfully performed. With the following test data [Automation123]. @01-11-2021 11:39:55.0047 AM
[ReportManager] Element Action [GetText] successfully performed. With the following test data [Automation123]. @01-11-2021 11:39:55.0390 AM
[ReportManager] Loaded Shared OpenCV @01-11-2021 11:39:55.0896 AM
[ReportManager] Assertion [ValidateElementAttribute] PASSED. Expected [Value Should not be 'Automation1234' for the 'text' attribute, element locator 'By.name: q'] and Actual [Automation123]. Comparison Type [CONTAINS]. Validation Type [NEGATIVE]. @01-11-2021 11:39:56.0183 AM
[ReportManager] Successfully created attachment [Screenshot - 1635766795896_assertElementAttribute_false_containsComparison_expectedToPass_ValidateElementAttribute_passed] @01-11-2021 11:39:56.0187 A
[ReportManager] Browser Action [CloseCurrentWindow] successfully performed. @01-11-2021 11:39:56.0385 AM
[ReportManager] Successfully created attachment [Browser Action Test Data - CloseCurrentWindow - Actual Value] @01-11-2021 11:39:56.0387 A
[ReportManager] File Action [GetAbsolutePath] successfully performed. With the following test data [Relative Folder Path: "target/downloadedFiles/"]. @01-11-2021 11:39:56.0391 AM
[ReportManager] Attempting to run remotely on: [Linux-64], [GoogleChrome], [http://localhost:4444/wd/hub], Headless Execution. @01-11-2021 11:39:56.0392 AM
[ReportManager] Successfully Opened [GoogleChrome]. @01-11-2021 11:39:57.0714 AM
[ReportManager] Target URL: [https://www.google.com/ncr], and after redirection: [www.google.com] @01-11-2021 11:39:57.0715 AM
[ReportManager] Initial URL: [data:,] @01-11-2021 11:39:57.0826 AM
[ReportManager] Browser Action [NavigateToURL] successfully performed. With the following test data [https://www.google.com/ncr]. @01-11-2021 11:39:58.0981 A

################################################################################################################################################
Starting Execution:	[13 out of 143] test cases in the current suite
Test Method:		[unitTests.tests_validations_assertions.assertElementAttribute_false_literalComparison_expectedToFail]
################################################################################################################################################
[ReportManager] Element Action [Type] successfully performed. With the following test data [Automation!@#$%^&*()_+{}[]\';/.,]. @01-11-2021 11:39:59.0842 AM
[ReportManager] Element Action [GetText] successfully performed. With the following test data [Automation!@#$%^&*()_+{}[]\';/.,]. @01-11-2021 11:40:00.0155 AM
[ReportManager] Loaded Shared OpenCV @01-11-2021 11:40:00.0672 AM
[ReportManager] Assertion [ValidateElementAttribute] PASSED. Expected [Value Should not be 'Automation!@#$%^&*()_+{}[]\\';/.,' for the 'text' attribute, element locator 'By.name: q'] and Actual [Automation!@#$%^&*()_+{}[]\';/.,]. Comparison Type [EQUALS]. Validation Type [NEGATIVE]. @01-11-2021 11:40:00.0978 AM
[ReportManager] Successfully created attachment [Screenshot - 1635766800672_assertElementAttribute_false_literalComparison_expectedToFail_ValidateElementAttribute_passed] @01-11-2021 11:40:00.0983 A
[ReportManager] Browser Action [CloseCurrentWindow] successfully performed. @01-11-2021 11:40:01.0179 AM
[ReportManager] Successfully created attachment [Browser Action Test Data - CloseCurrentWindow - Actual Value] @01-11-2021 11:40:01.0181 A
[ReportManager] File Action [GetAbsolutePath] successfully performed. With the following test data [Relative Folder Path: "target/downloadedFiles/"]. @01-11-2021 11:40:01.0187 AM
[ReportManager] Attempting to run remotely on: [Linux-64], [GoogleChrome], [http://localhost:4444/wd/hub], Headless Execution. @01-11-2021 11:40:01.0187 AM
[ReportManager] Successfully Opened [GoogleChrome]. @01-11-2021 11:40:02.0710 AM
[ReportManager] Target URL: [https://www.google.com/ncr], and after redirection: [www.google.com] @01-11-2021 11:40:02.0710 AM
[ReportManager] Initial URL: [data:,] @01-11-2021 11:40:02.0842 AM
[ReportManager] Browser Action [NavigateToURL] successfully performed. With the following test data [https://www.google.com/ncr]. @01-11-2021 11:40:04.0017 A

################################################################################################################################################
Starting Execution:	[14 out of 143] test cases in the current suite
Test Method:		[unitTests.tests_validations_assertions.assertElementAttribute_false_literalComparison_expectedToPass]
################################################################################################################################################
[ReportManager] Element Action [Type] successfully performed. With the following test data [Automation!@#$%^&*()_+{}[]\';/.,]. @01-11-2021 11:40:04.0901 AM
[ReportManager] Element Action [GetText] successfully performed. With the following test data [Automation!@#$%^&*()_+{}[]\';/.,]. @01-11-2021 11:40:05.0178 AM
[ReportManager] Loaded Shared OpenCV @01-11-2021 11:40:05.0581 AM
[ReportManager] Assertion [ValidateElementAttribute] PASSED. Expected [Value Should not be 'Automation' for the 'text' attribute, element locator 'By.name: q'] and Actual [Automation!@#$%^&*()_+{}[]\';/.,]. Comparison Type [EQUALS]. Validation Type [NEGATIVE]. @01-11-2021 11:40:05.0867 AM
[ReportManager] Successfully created attachment [Screenshot - 1635766805581_assertElementAttribute_false_literalComparison_expectedToPass_ValidateElementAttribute_passed] @01-11-2021 11:40:05.0871 A
[ReportManager] Browser Action [CloseCurrentWindow] successfully performed. @01-11-2021 11:40:06.0109 AM
[ReportManager] Successfully created attachment [Browser Action Test Data - CloseCurrentWindow - Actual Value] @01-11-2021 11:40:06.0111 A
[ReportManager] File Action [GetAbsolutePath] successfully performed. With the following test data [Relative Folder Path: "target/downloadedFiles/"]. @01-11-2021 11:40:06.0116 AM
[ReportManager] Attempting to run remotely on: [Linux-64], [GoogleChrome], [http://localhost:4444/wd/hub], Headless Execution. @01-11-2021 11:40:06.0116 AM
[ReportManager] Successfully Opened [GoogleChrome]. @01-11-2021 11:40:07.0724 AM
[ReportManager] Target URL: [https://www.google.com/ncr], and after redirection: [www.google.com] @01-11-2021 11:40:07.0724 AM
[ReportManager] Initial URL: [data:,] @01-11-2021 11:40:07.0826 AM
[ReportManager] Browser Action [NavigateToURL] successfully performed. With the following test data [https://www.google.com/ncr]. @01-11-2021 11:40:08.0895 A

################################################################################################################################################
Starting Execution:	[15 out of 143] test cases in the current suite
Test Method:		[unitTests.tests_validations_assertions.assertElementAttribute_false_regexComparison_expectedToFail]
################################################################################################################################################
[ReportManager] Element Action [Type] successfully performed. With the following test data [Automation123]. @01-11-2021 11:40:09.0557 AM
[ReportManager] Element Action [GetText] successfully performed. With the following test data [Automation123]. @01-11-2021 11:40:09.0841 AM
[ReportManager] Loaded Shared OpenCV @01-11-2021 11:40:10.0327 AM
[ReportManager] Assertion [ValidateElementAttribute] FAILED. Expected [Value Should not be 'Automation.*' for the 'text' attribute, element locator 'By.name: q'] and Actual [Automation123]. Comparison Type [MATCHES]. Validation Type [NEGATIVE]. @01-11-2021 11:40:10.0569 AM
[ReportManager] Successfully created attachment [Screenshot - 1635766810326_assertElementAttribute_false_regexComparison_expectedToFail_ValidateElementAttribute_failed] @01-11-2021 11:40:10.0571 A
[ReportManager] Browser Action [CloseCurrentWindow] successfully performed. @01-11-2021 11:40:10.0742 AM
[ReportManager] Successfully created attachment [Browser Action Test Data - CloseCurrentWindow - Actual Value] @01-11-2021 11:40:10.0743 A
[ReportManager] File Action [GetAbsolutePath] successfully performed. With the following test data [Relative Folder Path: "target/downloadedFiles/"]. @01-11-2021 11:40:10.0747 AM
[ReportManager] Attempting to run remotely on: [Linux-64], [GoogleChrome], [http://localhost:4444/wd/hub], Headless Execution. @01-11-2021 11:40:10.0747 AM
[ReportManager] Successfully Opened [GoogleChrome]. @01-11-2021 11:40:12.0676 AM
[ReportManager] Target URL: [https://www.google.com/ncr], and after redirection: [www.google.com] @01-11-2021 11:40:12.0676 AM
[ReportManager] Initial URL: [data:,] @01-11-2021 11:40:12.0764 AM
[ReportManager] Browser Action [NavigateToURL] successfully performed. With the following test data [https://www.google.com/ncr]. @01-11-2021 11:40:13.0817 A

################################################################################################################################################
Starting Execution:	[16 out of 143] test cases in the current suite
Test Method:		[unitTests.tests_validations_assertions.assertElementAttribute_false_regexComparison_expectedToPass]
################################################################################################################################################
[ReportManager] Element Action [Type] successfully performed. With the following test data [Automation123]. @01-11-2021 11:40:14.0546 AM
[ReportManager] Element Action [GetText] successfully performed. With the following test data [Automation123]. @01-11-2021 11:40:14.0750 AM
[ReportManager] Loaded Shared OpenCV @01-11-2021 11:40:15.0221 AM
[ReportManager] Assertion [ValidateElementAttribute] PASSED. Expected [Value Should not be 'Automation' for the 'text' attribute, element locator 'By.name: q'] and Actual [Automation123]. Comparison Type [MATCHES]. Validation Type [NEGATIVE]. @01-11-2021 11:40:15.0475 AM
[ReportManager] Successfully created attachment [Screenshot - 1635766815221_assertElementAttribute_false_regexComparison_expectedToPass_ValidateElementAttribute_passed] @01-11-2021 11:40:15.0477 A
[ReportManager] Browser Action [CloseCurrentWindow] successfully performed. @01-11-2021 11:40:15.0658 AM
[ReportManager] Successfully created attachment [Browser Action Test Data - CloseCurrentWindow - Actual Value] @01-11-2021 11:40:15.0659 A
[ReportManager] File Action [GetAbsolutePath] successfully performed. With the following test data [Relative Folder Path: "target/downloadedFiles/"]. @01-11-2021 11:40:15.0665 AM
[ReportManager] Attempting to run remotely on: [Linux-64], [GoogleChrome], [http://localhost:4444/wd/hub], Headless Execution. @01-11-2021 11:40:15.0666 AM
[ReportManager] Successfully Opened [GoogleChrome]. @01-11-2021 11:40:17.0684 AM
[ReportManager] Target URL: [https://www.google.com/ncr], and after redirection: [www.google.com] @01-11-2021 11:40:17.0684 AM
[ReportManager] Initial URL: [data:,] @01-11-2021 11:40:17.0787 AM
[ReportManager] Browser Action [NavigateToURL] successfully performed. With the following test data [https://www.google.com/ncr]. @01-11-2021 11:40:18.0898 A

################################################################################################################################################
Starting Execution:	[17 out of 143] test cases in the current suite
Test Method:		[unitTests.tests_validations_assertions.assertElementAttribute_true_caseInsensitiveComparison_expectedToFail]
################################################################################################################################################
[ReportManager] Element Action [Type] successfully performed. With the following test data [AUTOMATION]. @01-11-2021 11:40:19.0620 AM
[ReportManager] Element Action [GetText] successfully performed. With the following test data [AUTOMATION]. @01-11-2021 11:40:19.0866 AM
[ReportManager] Loaded Shared OpenCV @01-11-2021 11:40:20.0363 AM
[ReportManager] Assertion [ValidateElementAttribute] FAILED. Expected [Value Should be 'AutomaTion123' for the 'text' attribute, element locator 'By.name: q'] and Actual [AUTOMATION]. Comparison Type [CASE_INSENSITIVE]. Validation Type [POSITIVE]. @01-11-2021 11:40:20.0623 AM
[ReportManager] Successfully created attachment [Screenshot - 1635766820363_assertElementAttribute_true_caseInsensitiveComparison_expectedToFail_ValidateElementAttribute_failed] @01-11-2021 11:40:20.0626 A
[ReportManager] Browser Action [CloseCurrentWindow] successfully performed. @01-11-2021 11:40:20.0787 AM
[ReportManager] Successfully created attachment [Browser Action Test Data - CloseCurrentWindow - Actual Value] @01-11-2021 11:40:20.0788 A
[ReportManager] File Action [GetAbsolutePath] successfully performed. With the following test data [Relative Folder Path: "target/downloadedFiles/"]. @01-11-2021 11:40:20.0792 AM
[ReportManager] Attempting to run remotely on: [Linux-64], [GoogleChrome], [http://localhost:4444/wd/hub], Headless Execution. @01-11-2021 11:40:20.0792 AM
[ReportManager] Successfully Opened [GoogleChrome]. @01-11-2021 11:40:22.0749 AM
[ReportManager] Target URL: [https://www.google.com/ncr], and after redirection: [www.google.com] @01-11-2021 11:40:22.0750 AM
[ReportManager] Initial URL: [data:,] @01-11-2021 11:40:22.0832 AM
[ReportManager] Browser Action [NavigateToURL] successfully performed. With the following test data [https://www.google.com/ncr]. @01-11-2021 11:40:23.0948 A

################################################################################################################################################
Starting Execution:	[18 out of 143] test cases in the current suite
Test Method:		[unitTests.tests_validations_assertions.assertElementAttribute_true_caseInsensitiveComparison_expectedToPass]
################################################################################################################################################
[ReportManager] Element Action [Type] successfully performed. With the following test data [AUTOMATION]. @01-11-2021 11:40:24.0688 AM
[ReportManager] Element Action [GetText] successfully performed. With the following test data [AUTOMATION]. @01-11-2021 11:40:24.0933 AM
[ReportManager] Loaded Shared OpenCV @01-11-2021 11:40:25.0356 AM
[ReportManager] Assertion [ValidateElementAttribute] PASSED. Expected [Value Should be 'AutomaTion' for the 'text' attribute, element locator 'By.name: q'] and Actual [AUTOMATION]. Comparison Type [CASE_INSENSITIVE]. Validation Type [POSITIVE]. @01-11-2021 11:40:25.0609 AM
[ReportManager] Successfully created attachment [Screenshot - 1635766825356_assertElementAttribute_true_caseInsensitiveComparison_expectedToPass_ValidateElementAttribute_passed] @01-11-2021 11:40:25.0611 A
[ReportManager] Browser Action [CloseCurrentWindow] successfully performed. @01-11-2021 11:40:25.0784 AM
[ReportManager] Successfully created attachment [Browser Action Test Data - CloseCurrentWindow - Actual Value] @01-11-2021 11:40:25.0785 A
[ReportManager] File Action [GetAbsolutePath] successfully performed. With the following test data [Relative Folder Path: "target/downloadedFiles/"]. @01-11-2021 11:40:25.0790 AM
[ReportManager] Attempting to run remotely on: [Linux-64], [GoogleChrome], [http://localhost:4444/wd/hub], Headless Execution. @01-11-2021 11:40:25.0790 AM
[ReportManager] Successfully Opened [GoogleChrome]. @01-11-2021 11:40:27.0696 AM
[ReportManager] Target URL: [https://www.google.com/ncr], and after redirection: [www.google.com] @01-11-2021 11:40:27.0696 AM
[ReportManager] Initial URL: [data:,] @01-11-2021 11:40:27.0789 AM
[ReportManager] Browser Action [NavigateToURL] successfully performed. With the following test data [https://www.google.com/ncr]. @01-11-2021 11:40:28.0940 A

################################################################################################################################################
Starting Execution:	[19 out of 143] test cases in the current suite
Test Method:		[unitTests.tests_validations_assertions.assertElementAttribute_true_containsComparison_expectedToFail]
################################################################################################################################################
[ReportManager] Element Action [Type] successfully performed. With the following test data [Automation123]. @01-11-2021 11:40:29.0698 AM
[ReportManager] Element Action [GetText] successfully performed. With the following test data [Automation123]. @01-11-2021 11:40:29.0947 AM
[ReportManager] Loaded Shared OpenCV @01-11-2021 11:40:30.0409 AM
[ReportManager] Assertion [ValidateElementAttribute] FAILED. Expected [Value Should be 'Automation1234' for the 'text' attribute, element locator 'By.name: q'] and Actual [Automation123]. Comparison Type [CONTAINS]. Validation Type [POSITIVE]. @01-11-2021 11:40:30.0681 AM
[ReportManager] Successfully created attachment [Screenshot - 1635766830409_assertElementAttribute_true_containsComparison_expectedToFail_ValidateElementAttribute_failed] @01-11-2021 11:40:30.0683 A
[ReportManager] Browser Action [CloseCurrentWindow] successfully performed. @01-11-2021 11:40:30.0845 AM
[ReportManager] Successfully created attachment [Browser Action Test Data - CloseCurrentWindow - Actual Value] @01-11-2021 11:40:30.0846 A
[ReportManager] File Action [GetAbsolutePath] successfully performed. With the following test data [Relative Folder Path: "target/downloadedFiles/"]. @01-11-2021 11:40:30.0849 AM
[ReportManager] Attempting to run remotely on: [Linux-64], [GoogleChrome], [http://localhost:4444/wd/hub], Headless Execution. @01-11-2021 11:40:30.0850 AM
[ReportManager] Successfully Opened [GoogleChrome]. @01-11-2021 11:40:32.0738 AM
[ReportManager] Target URL: [https://www.google.com/ncr], and after redirection: [www.google.com] @01-11-2021 11:40:32.0738 AM
[ReportManager] Initial URL: [data:,] @01-11-2021 11:40:32.0895 AM
[ReportManager] Browser Action [NavigateToURL] successfully performed. With the following test data [https://www.google.com/ncr]. @01-11-2021 11:40:33.0958 A

################################################################################################################################################
Starting Execution:	[20 out of 143] test cases in the current suite
Test Method:		[unitTests.tests_validations_assertions.assertElementAttribute_true_containsComparison_expectedToPass]
################################################################################################################################################
[ReportManager] Element Action [Type] successfully performed. With the following test data [Automation123]. @01-11-2021 11:40:34.0679 AM
[ReportManager] Element Action [GetText] successfully performed. With the following test data [Automation123]. @01-11-2021 11:40:34.0912 AM
[ReportManager] Loaded Shared OpenCV @01-11-2021 11:40:35.0371 AM
[ReportManager] Assertion [ValidateElementAttribute] PASSED. Expected [Value Should be 'Automation' for the 'text' attribute, element locator 'By.name: q'] and Actual [Automation123]. Comparison Type [CONTAINS]. Validation Type [POSITIVE]. @01-11-2021 11:40:35.0613 AM
[ReportManager] Successfully created attachment [Screenshot - 1635766835371_assertElementAttribute_true_containsComparison_expectedToPass_ValidateElementAttribute_passed] @01-11-2021 11:40:35.0615 A
[ReportManager] Browser Action [CloseCurrentWindow] successfully performed. @01-11-2021 11:40:35.0787 AM
[ReportManager] Successfully created attachment [Browser Action Test Data - CloseCurrentWindow - Actual Value] @01-11-2021 11:40:35.0788 A
[ReportManager] File Action [GetAbsolutePath] successfully performed. With the following test data [Relative Folder Path: "target/downloadedFiles/"]. @01-11-2021 11:40:35.0791 AM
[ReportManager] Attempting to run remotely on: [Linux-64], [GoogleChrome], [http://localhost:4444/wd/hub], Headless Execution. @01-11-2021 11:40:35.0792 AM
[ReportManager] Successfully Opened [GoogleChrome]. @01-11-2021 11:40:37.0690 AM
[ReportManager] Target URL: [https://www.google.com/ncr], and after redirection: [www.google.com] @01-11-2021 11:40:37.0690 AM
[ReportManager] Initial URL: [data:,] @01-11-2021 11:40:37.0808 AM
[ReportManager] Browser Action [NavigateToURL] successfully performed. With the following test data [https://www.google.com/ncr]. @01-11-2021 11:40:38.0877 A

################################################################################################################################################
Starting Execution:	[21 out of 143] test cases in the current suite
Test Method:		[unitTests.tests_validations_assertions.assertElementAttribute_true_literalComparison_expectedToFail]
################################################################################################################################################
[ReportManager] Element Action [Type] successfully performed. With the following test data [Automation!@#$%^&*()_+{}[]\';/.,]. @01-11-2021 11:40:39.0738 AM
[ReportManager] Element Action [GetText] successfully performed. With the following test data [Automation!@#$%^&*()_+{}[]\';/.,]. @01-11-2021 11:40:39.0938 AM
[ReportManager] Loaded Shared OpenCV @01-11-2021 11:40:40.0387 AM
[ReportManager] Assertion [ValidateElementAttribute] FAILED. Expected [Value Should be 'Automation' for the 'text' attribute, element locator 'By.name: q'] and Actual [Automation!@#$%^&*()_+{}[]\';/.,]. Comparison Type [EQUALS]. Validation Type [POSITIVE]. @01-11-2021 11:40:40.0640 AM
[ReportManager] Successfully created attachment [Screenshot - 1635766840387_assertElementAttribute_true_literalComparison_expectedToFail_ValidateElementAttribute_failed] @01-11-2021 11:40:40.0651 A
[ReportManager] Browser Action [CloseCurrentWindow] successfully performed. @01-11-2021 11:40:40.0808 AM
[ReportManager] Successfully created attachment [Browser Action Test Data - CloseCurrentWindow - Actual Value] @01-11-2021 11:40:40.0810 A
[ReportManager] File Action [GetAbsolutePath] successfully performed. With the following test data [Relative Folder Path: "target/downloadedFiles/"]. @01-11-2021 11:40:40.0814 AM
[ReportManager] Attempting to run remotely on: [Linux-64], [GoogleChrome], [http://localhost:4444/wd/hub], Headless Execution. @01-11-2021 11:40:40.0817 AM
[ReportManager] Successfully Opened [GoogleChrome]. @01-11-2021 11:40:42.0687 AM
[ReportManager] Target URL: [https://www.google.com/ncr], and after redirection: [www.google.com] @01-11-2021 11:40:42.0687 AM
[ReportManager] Initial URL: [data:,] @01-11-2021 11:40:42.0791 AM
[ReportManager] Browser Action [NavigateToURL] successfully performed. With the following test data [https://www.google.com/ncr]. @01-11-2021 11:40:43.0934 A

################################################################################################################################################
Starting Execution:	[22 out of 143] test cases in the current suite
Test Method:		[unitTests.tests_validations_assertions.assertElementAttribute_true_literalComparison_expectedToPass]
################################################################################################################################################
[ReportManager] Element Action [Type] successfully performed. With the following test data [Automation!@#$%^&*()_+{}[]\';/.,]. @01-11-2021 11:40:44.0620 AM
[ReportManager] Element Action [GetText] successfully performed. With the following test data [Automation!@#$%^&*()_+{}[]\';/.,]. @01-11-2021 11:40:44.0830 AM
[ReportManager] Loaded Shared OpenCV @01-11-2021 11:40:45.0235 AM
[ReportManager] Assertion [ValidateElementAttribute] PASSED. Expected [Value Should be 'Automation!@#$%^&*()_+{}[]\';/.,' for the 'text' attribute, element locator 'By.name: q'] and Actual [Automation!@#$%^&*()_+{}[]\';/.,]. Comparison Type [EQUALS]. Validation Type [POSITIVE]. @01-11-2021 11:40:45.0479 AM
[ReportManager] Successfully created attachment [Screenshot - 1635766845235_assertElementAttribute_true_literalComparison_expectedToPass_ValidateElementAttribute_passed] @01-11-2021 11:40:45.0481 A
[ReportManager] Browser Action [CloseCurrentWindow] successfully performed. @01-11-2021 11:40:45.0660 AM
[ReportManager] Successfully created attachment [Browser Action Test Data - CloseCurrentWindow - Actual Value] @01-11-2021 11:40:45.0661 A
[ReportManager] File Action [GetAbsolutePath] successfully performed. With the following test data [Relative Folder Path: "target/downloadedFiles/"]. @01-11-2021 11:40:45.0665 AM
[ReportManager] Attempting to run remotely on: [Linux-64], [GoogleChrome], [http://localhost:4444/wd/hub], Headless Execution. @01-11-2021 11:40:45.0665 AM
[ReportManager] Successfully Opened [GoogleChrome]. @01-11-2021 11:40:47.0750 AM
[ReportManager] Target URL: [https://www.google.com/ncr], and after redirection: [www.google.com] @01-11-2021 11:40:47.0751 AM
[ReportManager] Initial URL: [data:,] @01-11-2021 11:40:47.0869 AM
[ReportManager] Browser Action [NavigateToURL] successfully performed. With the following test data [https://www.google.com/ncr]. @01-11-2021 11:40:48.0882 A

################################################################################################################################################
Starting Execution:	[23 out of 143] test cases in the current suite
Test Method:		[unitTests.tests_validations_assertions.assertElementAttribute_true_regexComparison_expectedToFail]
################################################################################################################################################
[ReportManager] Element Action [Type] successfully performed. With the following test data [Automation123]. @01-11-2021 11:40:49.0552 AM
[ReportManager] Element Action [GetText] successfully performed. With the following test data [Automation123]. @01-11-2021 11:40:49.0822 AM
[ReportManager] Loaded Shared OpenCV @01-11-2021 11:40:50.0304 AM
[ReportManager] Assertion [ValidateElementAttribute] FAILED. Expected [Value Should be 'Automation' for the 'text' attribute, element locator 'By.name: q'] and Actual [Automation123]. Comparison Type [MATCHES]. Validation Type [POSITIVE]. @01-11-2021 11:40:50.0546 AM
[ReportManager] Successfully created attachment [Screenshot - 1635766850304_assertElementAttribute_true_regexComparison_expectedToFail_ValidateElementAttribute_failed] @01-11-2021 11:40:50.0548 A
[ReportManager] Browser Action [CloseCurrentWindow] successfully performed. @01-11-2021 11:40:50.0737 AM
[ReportManager] Successfully created attachment [Browser Action Test Data - CloseCurrentWindow - Actual Value] @01-11-2021 11:40:50.0738 A
[ReportManager] File Action [GetAbsolutePath] successfully performed. With the following test data [Relative Folder Path: "target/downloadedFiles/"]. @01-11-2021 11:40:50.0745 AM
[ReportManager] Attempting to run remotely on: [Linux-64], [GoogleChrome], [http://localhost:4444/wd/hub], Headless Execution. @01-11-2021 11:40:50.0745 AM
[ReportManager] Successfully Opened [GoogleChrome]. @01-11-2021 11:40:52.0708 AM
[ReportManager] Target URL: [https://www.google.com/ncr], and after redirection: [www.google.com] @01-11-2021 11:40:52.0708 AM
[ReportManager] Initial URL: [data:,] @01-11-2021 11:40:52.0815 AM
[ReportManager] Browser Action [NavigateToURL] successfully performed. With the following test data [https://www.google.com/ncr]. @01-11-2021 11:40:53.0958 A

################################################################################################################################################
Starting Execution:	[24 out of 143] test cases in the current suite
Test Method:		[unitTests.tests_validations_assertions.assertElementAttribute_true_regexComparison_expectedToPass]
################################################################################################################################################
[ReportManager] Element Action [Type] successfully performed. With the following test data [Automation123]. @01-11-2021 11:40:54.0582 AM
[ReportManager] Element Action [GetText] successfully performed. With the following test data [Automation123]. @01-11-2021 11:40:54.0796 AM
[ReportManager] Loaded Shared OpenCV @01-11-2021 11:40:55.0282 AM
[ReportManager] Assertion [ValidateElementAttribute] PASSED. Expected [Value Should be 'Automation.*' for the 'text' attribute, element locator 'By.name: q'] and Actual [Automation123]. Comparison Type [MATCHES]. Validation Type [POSITIVE]. @01-11-2021 11:40:55.0524 AM
[ReportManager] Successfully created attachment [Screenshot - 1635766855281_assertElementAttribute_true_regexComparison_expectedToPass_ValidateElementAttribute_passed] @01-11-2021 11:40:55.0526 A
[ReportManager] Browser Action [CloseCurrentWindow] successfully performed. @01-11-2021 11:40:55.0697 AM
[ReportManager] Successfully created attachment [Browser Action Test Data - CloseCurrentWindow - Actual Value] @01-11-2021 11:40:55.0698 A
[ReportManager] File Action [GetAbsolutePath] successfully performed. With the following test data [Relative Folder Path: "target/downloadedFiles/"]. @01-11-2021 11:40:55.0702 AM
[ReportManager] Attempting to run remotely on: [Linux-64], [GoogleChrome], [http://localhost:4444/wd/hub], Headless Execution. @01-11-2021 11:40:55.0702 AM
[ReportManager] Successfully Opened [GoogleChrome]. @01-11-2021 11:40:57.0712 AM
[ReportManager] Target URL: [https://www.google.com/ncr], and after redirection: [www.google.com] @01-11-2021 11:40:57.0712 AM
[ReportManager] Initial URL: [data:,] @01-11-2021 11:40:57.0805 AM
[ReportManager] Browser Action [NavigateToURL] successfully performed. With the following test data [https://www.google.com/ncr]. @01-11-2021 11:40:59.0019 A

################################################################################################################################################
Starting Execution:	[25 out of 143] test cases in the current suite
Test Method:		[unitTests.tests_validations_assertions.assertElementAttribute_type_true_literalComparison_expectedToPass]
################################################################################################################################################
[ReportManager] Element Action [Type] successfully performed. With the following test data [Automation!@#$%^&*()_+{}[]\';/.,]. @01-11-2021 11:40:59.0957 AM
[ReportManager] Element Action [GetText] successfully performed. With the following test data [Automation!@#$%^&*()_+{}[]\';/.,]. @01-11-2021 11:41:00.0259 AM
[ReportManager] Loaded Shared OpenCV @01-11-2021 11:41:00.0663 AM
[ReportManager] Assertion [ValidateElementAttribute] PASSED. Expected [Value Should be 'Automation!@#$%^&*()_+{}[]\';/.,' for the 'text' attribute, element locator 'By.name: q'] and Actual [Automation!@#$%^&*()_+{}[]\';/.,]. Comparison Type [EQUALS]. Validation Type [POSITIVE]. @01-11-2021 11:41:00.0920 AM
[ReportManager] Successfully created attachment [Screenshot - 1635766860663_assertElementAttribute_type_true_literalComparison_expectedToPass_ValidateElementAttribute_passed] @01-11-2021 11:41:00.0922 A
[ReportManager] Browser Action [CloseCurrentWindow] successfully performed. @01-11-2021 11:41:01.0122 AM
[ReportManager] Successfully created attachment [Browser Action Test Data - CloseCurrentWindow - Actual Value] @01-11-2021 11:41:01.0123 A
[ReportManager] File Action [GetAbsolutePath] successfully performed. With the following test data [Relative Folder Path: "target/downloadedFiles/"]. @01-11-2021 11:41:01.0126 AM
[ReportManager] Attempting to run remotely on: [Linux-64], [GoogleChrome], [http://localhost:4444/wd/hub], Headless Execution. @01-11-2021 11:41:01.0126 AM
[ReportManager] Successfully Opened [GoogleChrome]. @01-11-2021 11:41:02.0701 AM
[ReportManager] Target URL: [https://www.google.com/ncr], and after redirection: [www.google.com] @01-11-2021 11:41:02.0701 AM
[ReportManager] Initial URL: [data:,] @01-11-2021 11:41:02.0794 AM
[ReportManager] Browser Action [NavigateToURL] successfully performed. With the following test data [https://www.google.com/ncr]. @01-11-2021 11:41:03.0812 A

################################################################################################################################################
Starting Execution:	[26 out of 143] test cases in the current suite
Test Method:		[unitTests.tests_validations_assertions.assertElementExists_false_expectedToFail]
################################################################################################################################################
[ReportManager] Loaded Shared OpenCV @01-11-2021 11:41:04.0335 AM
[ReportManager] Assertion [ValidateElementExists] FAILED. Expected [Element Should not Exist, locator 'By.id: hplogo'] and Actual [Element Exists]. Comparison Type [EQUALS]. Validation Type [NEGATIVE]. @01-11-2021 11:41:04.0580 AM
[ReportManager] Successfully created attachment [Screenshot - 1635766864335_assertElementExists_false_expectedToFail_ValidateElementExists_failed] @01-11-2021 11:41:04.0582 A
[ReportManager] Browser Action [CloseCurrentWindow] successfully performed. @01-11-2021 11:41:04.0761 AM
[ReportManager] Successfully created attachment [Browser Action Test Data - CloseCurrentWindow - Actual Value] @01-11-2021 11:41:04.0762 A
[ReportManager] File Action [GetAbsolutePath] successfully performed. With the following test data [Relative Folder Path: "target/downloadedFiles/"]. @01-11-2021 11:41:04.0765 AM
[ReportManager] Attempting to run remotely on: [Linux-64], [GoogleChrome], [http://localhost:4444/wd/hub], Headless Execution. @01-11-2021 11:41:04.0766 AM
[ReportManager] Successfully Opened [GoogleChrome]. @01-11-2021 11:41:07.0718 AM
[ReportManager] Target URL: [https://www.google.com/ncr], and after redirection: [www.google.com] @01-11-2021 11:41:07.0718 AM
[ReportManager] Initial URL: [data:,] @01-11-2021 11:41:07.0789 AM
[ReportManager] Browser Action [NavigateToURL] successfully performed. With the following test data [https://www.google.com/ncr]. @01-11-2021 11:41:08.0964 A

################################################################################################################################################
Starting Execution:	[27 out of 143] test cases in the current suite
Test Method:		[unitTests.tests_validations_assertions.assertElementExists_false_expectedToPass]
################################################################################################################################################
[ReportManager] Assertion [ValidateElementExists] PASSED. Expected [Element Should not Exist, locator 'By.id: fakeElement'] and Actual [Element Doesn't Exists]. Comparison Type [EQUALS]. Validation Type [NEGATIVE]. @01-11-2021 11:41:19.0933 AM
[ReportManager] Successfully created attachment [Screenshot - 1635766879671_assertElementExists_false_expectedToPass_ValidateElementExists_passed] @01-11-2021 11:41:19.0935 A
[ReportManager] Browser Action [CloseCurrentWindow] successfully performed. @01-11-2021 11:41:20.0095 AM
[ReportManager] Successfully created attachment [Browser Action Test Data - CloseCurrentWindow - Actual Value] @01-11-2021 11:41:20.0096 A
[ReportManager] File Action [GetAbsolutePath] successfully performed. With the following test data [Relative Folder Path: "target/downloadedFiles/"]. @01-11-2021 11:41:20.0100 AM
[ReportManager] Attempting to run remotely on: [Linux-64], [GoogleChrome], [http://localhost:4444/wd/hub], Headless Execution. @01-11-2021 11:41:20.0100 AM
[ReportManager] Successfully Opened [GoogleChrome]. @01-11-2021 11:41:22.0714 AM
[ReportManager] Target URL: [https://www.google.com/ncr], and after redirection: [www.google.com] @01-11-2021 11:41:22.0715 AM
[ReportManager] Initial URL: [data:,] @01-11-2021 11:41:22.0817 AM
[ReportManager] Browser Action [NavigateToURL] successfully performed. With the following test data [https://www.google.com/ncr]. @01-11-2021 11:41:24.0000 A

################################################################################################################################################
Starting Execution:	[28 out of 143] test cases in the current suite
Test Method:		[unitTests.tests_validations_assertions.assertElementExists_false_multipleElementsFound_expectedToFail]
################################################################################################################################################
[ReportManager] Assertion [ValidateElementExists] FAILED. Expected [Element Should not Exist, locator 'By.xpath: //div'] and Actual [Element Exists but is not unique]. Comparison Type [EQUALS]. Validation Type [NEGATIVE]. @01-11-2021 11:41:24.0734 AM
[ReportManager] Successfully created attachment [Screenshot - 1635766884507_assertElementExists_false_multipleElementsFound_expectedToFail_ValidateElementExists_failed] @01-11-2021 11:41:24.0736 A
[ReportManager] Browser Action [CloseCurrentWindow] successfully performed. @01-11-2021 11:41:24.0998 AM
[ReportManager] Successfully created attachment [Browser Action Test Data - CloseCurrentWindow - Actual Value] @01-11-2021 11:41:24.0999 A
[ReportManager] File Action [GetAbsolutePath] successfully performed. With the following test data [Relative Folder Path: "target/downloadedFiles/"]. @01-11-2021 11:41:25.0002 AM
[ReportManager] Attempting to run remotely on: [Linux-64], [GoogleChrome], [http://localhost:4444/wd/hub], Headless Execution. @01-11-2021 11:41:25.0003 AM
[ReportManager] Successfully Opened [GoogleChrome]. @01-11-2021 11:41:27.0692 AM
[ReportManager] Target URL: [https://www.google.com/ncr], and after redirection: [www.google.com] @01-11-2021 11:41:27.0692 AM
[ReportManager] Initial URL: [data:,] @01-11-2021 11:41:27.0813 AM
[ReportManager] Browser Action [NavigateToURL] successfully performed. With the following test data [https://www.google.com/ncr]. @01-11-2021 11:41:29.0133 A

################################################################################################################################################
Starting Execution:	[29 out of 143] test cases in the current suite
Test Method:		[unitTests.tests_validations_assertions.assertElementExists_true_expectedToFail]
################################################################################################################################################
[ReportManager] Assertion [ValidateElementExists] FAILED. Expected [Element Should Exist, locator 'By.id: fakeElement'] and Actual [Element Doesn't Exists]. Comparison Type [EQUALS]. Validation Type [POSITIVE]. @01-11-2021 11:42:00.0395 AM
[ReportManager] Successfully created attachment [Screenshot - 1635766920176_assertElementExists_true_expectedToFail_ValidateElementExists_failed] @01-11-2021 11:42:00.0397 A
[ReportManager] Browser Action [CloseCurrentWindow] successfully performed. @01-11-2021 11:42:00.0545 AM
[ReportManager] Successfully created attachment [Browser Action Test Data - CloseCurrentWindow - Actual Value] @01-11-2021 11:42:00.0546 A
[ReportManager] File Action [GetAbsolutePath] successfully performed. With the following test data [Relative Folder Path: "target/downloadedFiles/"]. @01-11-2021 11:42:00.0550 AM
[ReportManager] Attempting to run remotely on: [Linux-64], [GoogleChrome], [http://localhost:4444/wd/hub], Headless Execution. @01-11-2021 11:42:00.0550 AM
[ReportManager] Successfully Opened [GoogleChrome]. @01-11-2021 11:42:02.0715 AM
[ReportManager] Target URL: [https://www.google.com/ncr], and after redirection: [www.google.com] @01-11-2021 11:42:02.0715 AM
[ReportManager] Initial URL: [data:,] @01-11-2021 11:42:02.0818 AM
[ReportManager] Browser Action [NavigateToURL] successfully performed. With the following test data [https://www.google.com/ncr]. @01-11-2021 11:42:03.0813 A

################################################################################################################################################
Starting Execution:	[30 out of 143] test cases in the current suite
Test Method:		[unitTests.tests_validations_assertions.assertElementExists_true_expectedToPass]
################################################################################################################################################
[ReportManager] Loaded Shared OpenCV @01-11-2021 11:42:04.0382 AM
[ReportManager] Assertion [ValidateElementExists] PASSED. Expected [Element Should Exist, locator 'By.xpath: //*[@id='hplogo' or @alt='Google']'] and Actual [Element Exists]. Comparison Type [EQUALS]. Validation Type [POSITIVE]. @01-11-2021 11:42:04.0637 AM
[ReportManager] Successfully created attachment [Screenshot - 1635766924382_assertElementExists_true_expectedToPass_ValidateElementExists_passed] @01-11-2021 11:42:04.0639 A
[ReportManager] Browser Action [CloseCurrentWindow] successfully performed. @01-11-2021 11:42:04.0784 AM
[ReportManager] Successfully created attachment [Browser Action Test Data - CloseCurrentWindow - Actual Value] @01-11-2021 11:42:04.0785 A
[ReportManager] File Action [GetAbsolutePath] successfully performed. With the following test data [Relative Folder Path: "target/downloadedFiles/"]. @01-11-2021 11:42:04.0788 AM
[ReportManager] Attempting to run remotely on: [Linux-64], [GoogleChrome], [http://localhost:4444/wd/hub], Headless Execution. @01-11-2021 11:42:04.0788 AM
[ReportManager] Successfully Opened [GoogleChrome]. @01-11-2021 11:42:07.0715 AM
[ReportManager] Target URL: [https://www.google.com/ncr], and after redirection: [www.google.com] @01-11-2021 11:42:07.0715 AM
[ReportManager] Initial URL: [data:,] @01-11-2021 11:42:07.0801 AM
[ReportManager] Browser Action [NavigateToURL] successfully performed. With the following test data [https://www.google.com/ncr]. @01-11-2021 11:42:08.0789 A

################################################################################################################################################
Starting Execution:	[31 out of 143] test cases in the current suite
Test Method:		[unitTests.tests_validations_assertions.assertElementExists_true_multipleElementsFound_expectedToFail]
################################################################################################################################################
[ReportManager] Assertion [ValidateElementExists] FAILED. Expected [Element Should Exist, locator 'By.xpath: //div'] and Actual [Element Exists but is not unique]. Comparison Type [EQUALS]. Validation Type [POSITIVE]. @01-11-2021 11:42:09.0520 AM
[ReportManager] Successfully created attachment [Screenshot - 1635766929307_assertElementExists_true_multipleElementsFound_expectedToFail_ValidateElementExists_failed] @01-11-2021 11:42:09.0522 A
[ReportManager] Browser Action [CloseCurrentWindow] successfully performed. @01-11-2021 11:42:09.0678 AM
[ReportManager] Successfully created attachment [Browser Action Test Data - CloseCurrentWindow - Actual Value] @01-11-2021 11:42:09.0678 A

################################################################################################################################################
Starting Execution:	[32 out of 143] test cases in the current suite
Test Method:		[unitTests.tests_validations_assertions.assertEquals_false_expectedToFail]
################################################################################################################################################
[ReportManager] Assertion [ValidateEquals] FAILED. Expected [1] and Actual [1]. Comparison Type [EQUALS]. Validation Type [NEGATIVE]. @01-11-2021 11:42:09.0686 A

################################################################################################################################################
Starting Execution:	[33 out of 143] test cases in the current suite
Test Method:		[unitTests.tests_validations_assertions.assertEquals_false_expectedToPass]
################################################################################################################################################
[ReportManager] Assertion [ValidateEquals] PASSED. Expected [1] and Actual [2]. Comparison Type [EQUALS]. Validation Type [NEGATIVE]. @01-11-2021 11:42:09.0690 A

################################################################################################################################################
Starting Execution:	[34 out of 143] test cases in the current suite
Test Method:		[unitTests.tests_validations_assertions.assertEquals_longCharacters]
################################################################################################################################################
[ReportManager] Verification [ValidateEquals] PASSED. Expected and Actual values are attached. Comparison Type [EQUALS]. Validation Type [POSITIVE]. @01-11-2021 11:42:09.0697 AM
[ReportManager] Successfully created attachment [Validation Test Data - Expected Value] @01-11-2021 11:42:09.0698 AM
[ReportManager] Successfully created attachment [Validation Test Data - Actual Value] @01-11-2021 11:42:09.0698 AM
[ReportManager] Assertion [ValidateEquals] PASSED. Expected and Actual values are attached. Comparison Type [EQUALS]. Validation Type [POSITIVE]. @01-11-2021 11:42:09.0698 AM
[ReportManager] Successfully created attachment [Validation Test Data - Expected Value] @01-11-2021 11:42:09.0698 AM
[ReportManager] Successfully created attachment [Validation Test Data - Actual Value] @01-11-2021 11:42:09.0699 A

################################################################################################################################################
Starting Execution:	[35 out of 143] test cases in the current suite
Test Method:		[unitTests.tests_validations_assertions.assertEquals_longCharacters_Discreet]
################################################################################################################################################
[ReportManager] Assertion [ValidateEquals] PASSED. Expected [1LH5pROcDBjjQk0t0mCr0lXuzQu9lcGj28kY8R1H81X67eVAQJgWQhILiRWVPUgZ6uCtK5cnBkF55Jr9vYngjGO1Iyf0Mktv6lruDlL9T8MAUPcUZJGHZtji6nIeadujDSNmWMj5d6C8zlFqw0CRqBU0hO5adIasHgBSNoLotAjce3NGXoDwAlp3rYreeV16VIyZXROQY] and Actual [1LH5pROcDBjjQk0t0mCr0lXuzQu9lcGj28kY8R1H81X67eVAQJgWQhILiRWVPUgZ6uCtK5cnBkF55Jr9vYngjGO1Iyf0Mktv6lruDlL9T8MAUPcUZJGHZtji6nIeadujDSNmWMj5d6C8zlFqw0CRqBU0hO5adIasHgBSNoLotAjce3NGXoDwAlp3rYreeV16VIyZXROQY]. Comparison Type [EQUALS]. Validation Type [POSITIVE]. @01-11-2021 11:42:09.0704 A

################################################################################################################################################
Starting Execution:	[36 out of 143] test cases in the current suite
Test Method:		[unitTests.tests_validations_assertions.assertEquals_true_expectedToFail]
################################################################################################################################################
[ReportManager] Assertion [ValidateEquals] FAILED. Expected [1] and Actual [2]. Comparison Type [EQUALS]. Validation Type [POSITIVE]. @01-11-2021 11:42:09.0712 A

################################################################################################################################################
Starting Execution:	[37 out of 143] test cases in the current suite
Test Method:		[unitTests.tests_validations_assertions.assertEquals_true_expectedToPass]
Test Description:	[Assert that assertEquals works as expected when the two values are equal.]
################################################################################################################################################
[ReportManager] Verification [ValidateEquals] PASSED. Expected [1] and Actual [1]. Comparison Type [EQUALS]. Validation Type [POSITIVE]. @01-11-2021 11:42:09.0720 AM
[ReportManager] Assertion [ValidateEquals] PASSED. Expected [1] and Actual [1]. Comparison Type [EQUALS]. Validation Type [POSITIVE]. @01-11-2021 11:42:09.0721 A

################################################################################################################################################
Starting Execution:	[38 out of 143] test cases in the current suite
Test Method:		[unitTests.tests_validations_assertions.assertEquals_true_expectedToPass__]
################################################################################################################################################
[ReportManager] Assertion [ValidateEquals] PASSED. Expected [1] and Actual [1]. Comparison Type [EQUALS]. Validation Type [POSITIVE]. @01-11-2021 11:42:09.0725 A

################################################################################################################################################
Starting Execution:	[39 out of 143] test cases in the current suite
Test Method:		[unitTests.tests_validations_assertions.assertFileExists_false_expectedToFail]
################################################################################################################################################
[ReportManager] File Action [DoesFileExist] successfully performed. With the following test data [File Path: "src/main/java/com/shaft/gui/element/ElementActions.java"]. @01-11-2021 11:42:09.0729 AM
[ReportManager] Assertion [ValidateFileExists] FAILED. Expected [File 'src/main/java/com/shaft/gui/element/ElementActions.java' should not exist, after up to '1' retries] and Actual [File exists]. Validation Type [NEGATIVE]. @01-11-2021 11:42:09.0734 A

################################################################################################################################################
Starting Execution:	[40 out of 143] test cases in the current suite
Test Method:		[unitTests.tests_validations_assertions.assertFileExists_false_expectedToPass]
################################################################################################################################################
[ReportManager] File Action [DoesFileExist] successfully performed. With the following test data [File Path: "src/main/java/com/shaft/gui/element/ElementActions.java_fail"]. @01-11-2021 11:42:10.0240 AM
[ReportManager] Assertion [ValidateFileExists] PASSED. Expected [File 'src/main/java/com/shaft/gui/element/ElementActions.java_fail' should not exist, after up to '1' retries] and Actual [File does not exist]. Validation Type [NEGATIVE]. @01-11-2021 11:42:10.0240 A

################################################################################################################################################
Starting Execution:	[41 out of 143] test cases in the current suite
Test Method:		[unitTests.tests_validations_assertions.assertFileExists_true_expectedToFail]
################################################################################################################################################
[ReportManager] File Action [DoesFileExist] successfully performed. With the following test data [File Path: "src/main/java/com/shaft/gui/element/ElementActions.java_fail"]. @01-11-2021 11:42:10.0745 AM
[ReportManager] Assertion [ValidateFileExists] FAILED. Expected [File 'src/main/java/com/shaft/gui/element/ElementActions.java_fail' should exist, after up to '1' retries] and Actual [File does not exist]. Validation Type [POSITIVE]. @01-11-2021 11:42:10.0746 A

################################################################################################################################################
Starting Execution:	[42 out of 143] test cases in the current suite
Test Method:		[unitTests.tests_validations_assertions.assertFileExists_true_expectedToPass]
################################################################################################################################################
[ReportManager] File Action [DoesFileExist] successfully performed. With the following test data [File Path: "src/main/java/com/shaft/gui/element/ElementActions.java"]. @01-11-2021 11:42:10.0753 AM
[ReportManager] Assertion [ValidateFileExists] PASSED. Expected [File 'src/main/java/com/shaft/gui/element/ElementActions.java' should exist, after up to '1' retries] and Actual [File exists]. Validation Type [POSITIVE]. @01-11-2021 11:42:10.0754 A

################################################################################################################################################
Starting Execution:	[43 out of 143] test cases in the current suite
Test Method:		[unitTests.tests_validations_assertions.assertNull_false_expectedToFail]
################################################################################################################################################
[ReportManager] Assertion [ValidateNull] FAILED. Expected [NULL] and Actual [NULL]. Comparison Type [EQUALS]. Validation Type [NEGATIVE]. @01-11-2021 11:42:10.0758 A

################################################################################################################################################
Starting Execution:	[44 out of 143] test cases in the current suite
Test Method:		[unitTests.tests_validations_assertions.assertNull_false_expectedToPass]
################################################################################################################################################
[ReportManager] Assertion [ValidateNull] PASSED. Expected [NULL] and Actual [1]. Comparison Type [EQUALS]. Validation Type [NEGATIVE]. @01-11-2021 11:42:10.0763 A

################################################################################################################################################
Starting Execution:	[45 out of 143] test cases in the current suite
Test Method:		[unitTests.tests_validations_assertions.assertNull_true_expectedToFail]
################################################################################################################################################
[ReportManager] Assertion [ValidateNull] FAILED. Expected [NULL] and Actual [1]. Comparison Type [EQUALS]. Validation Type [POSITIVE]. @01-11-2021 11:42:10.0768 A

################################################################################################################################################
Starting Execution:	[46 out of 143] test cases in the current suite
Test Method:		[unitTests.tests_validations_assertions.assertNull_true_expectedToPass]
################################################################################################################################################
[ReportManager] Assertion [ValidateNull] PASSED. Expected [NULL] and Actual [NULL]. Comparison Type [EQUALS]. Validation Type [POSITIVE]. @01-11-2021 11:42:10.0770 A

################################################################################################################################################
Starting Execution:	[47 out of 143] test cases in the current suite
Test Method:		[unitTests.tests_restActions.getPostsAndAssertBodyForSpecificTitle]
################################################################################################################################################
[ReportManager] Response status code: [200], status line: [HTTP/1.1 200 OK] @01-11-2021 11:42:13.0243 AM
[ReportManager] Assertion Passed: Evaluating the actual response status code against the expected one... @01-11-2021 11:42:13.0244 AM
[ReportManager] Assertion [ValidateEquals] PASSED. Expected [200] and Actual [200]. Comparison Type [EQUALS]. Validation Type [POSITIVE]. @01-11-2021 11:42:13.0244 AM
[ReportManager] API Action [PerformRequest] successfully performed. With the following test data [Request Type: "GET" | Target Status Code: "200" | Service URL: "https://jsonplaceholder.typicode.com/posts" | Content Type: "*/*" | Response Time: "842ms"]. @01-11-2021 11:42:14.0583 AM
[ReportManager] Successfully created attachment [API Request - Specifications] @01-11-2021 11:42:14.0583 AM
[ReportManager] Successfully created attachment [API Response - JSON Body] @01-11-2021 11:42:14.0877 AM
[ReportManager] API Action [GetResponseJSONValueAsList] successfully performed. @01-11-2021 11:42:14.0896 AM
[ReportManager] API Action [GetResponseJSONValue] successfully performed. With the following test data [title]. @01-11-2021 11:42:14.0921 AM
[ReportManager] API Action [GetResponseJSONValue] successfully performed. With the following test data [title]. @01-11-2021 11:42:14.0938 AM
[ReportManager] API Action [GetResponseJSONValue] successfully performed. With the following test data [body]. @01-11-2021 11:42:14.0953 AM
[ReportManager] Assertion [ValidateEquals] PASSED. Expected [qui neque nisi nulla] and Actual [est rerum tempore vitae
sequi sint nihil reprehenderit dolor beatae ea dolores neque
fugiat blanditiis voluptate porro vel nihil molestiae ut reiciendis
qui aperiam non debitis possimus qui neque nisi nulla]. Comparison Type [CONTAINS]. Validation Type [POSITIVE]. @01-11-2021 11:42:14.0953 AM
[ReportManager] API Action [GetResponseJSONValue] successfully performed. With the following test data [title]. @01-11-2021 11:42:14.0967 AM
[ReportManager] API Action [GetResponseJSONValue] successfully performed. With the following test data [title]. @01-11-2021 11:42:14.0981 AM
[ReportManager] API Action [GetResponseJSONValue] successfully performed. With the following test data [title]. @01-11-2021 11:42:14.0994 AM
[ReportManager] API Action [GetResponseJSONValue] successfully performed. With the following test data [title]. @01-11-2021 11:42:15.0009 AM
[ReportManager] API Action [GetResponseJSONValue] successfully performed. With the following test data [title]. @01-11-2021 11:42:15.0023 AM
[ReportManager] API Action [GetResponseJSONValue] successfully performed. With the following test data [title]. @01-11-2021 11:42:15.0045 AM
[ReportManager] API Action [GetResponseJSONValue] successfully performed. With the following test data [title]. @01-11-2021 11:42:15.0059 AM
[ReportManager] API Action [GetResponseJSONValue] successfully performed. With the following test data [title]. @01-11-2021 11:42:15.0074 AM
[ReportManager] API Action [GetResponseJSONValue] successfully performed. With the following test data [title]. @01-11-2021 11:42:15.0087 AM
[ReportManager] API Action [GetResponseJSONValue] successfully performed. With the following test data [title]. @01-11-2021 11:42:15.0101 AM
[ReportManager] API Action [GetResponseJSONValue] successfully performed. With the following test data [title]. @01-11-2021 11:42:15.0116 AM
[ReportManager] API Action [GetResponseJSONValue] successfully performed. With the following test data [title]. @01-11-2021 11:42:15.0140 AM
[ReportManager] API Action [GetResponseJSONValue] successfully performed. With the following test data [title]. @01-11-2021 11:42:15.0153 AM
[ReportManager] API Action [GetResponseJSONValue] successfully performed. With the following test data [title]. @01-11-2021 11:42:15.0165 AM
[ReportManager] API Action [GetResponseJSONValue] successfully performed. With the following test data [title]. @01-11-2021 11:42:15.0178 AM
[ReportManager] API Action [GetResponseJSONValue] successfully performed. With the following test data [title]. @01-11-2021 11:42:15.0190 AM
[ReportManager] API Action [GetResponseJSONValue] successfully performed. With the following test data [title]. @01-11-2021 11:42:15.0212 AM
[ReportManager] API Action [GetResponseJSONValue] successfully performed. With the following test data [title]. @01-11-2021 11:42:15.0232 AM
[ReportManager] API Action [GetResponseJSONValue] successfully performed. With the following test data [title]. @01-11-2021 11:42:15.0249 AM
[ReportManager] API Action [GetResponseJSONValue] successfully performed. With the following test data [title]. @01-11-2021 11:42:15.0274 AM
[ReportManager] API Action [GetResponseJSONValue] successfully performed. With the following test data [title]. @01-11-2021 11:42:15.0293 AM
[ReportManager] API Action [GetResponseJSONValue] successfully performed. With the following test data [title]. @01-11-2021 11:42:15.0317 AM
[ReportManager] API Action [GetResponseJSONValue] successfully performed. With the following test data [title]. @01-11-2021 11:42:15.0340 AM
[ReportManager] API Action [GetResponseJSONValue] successfully performed. With the following test data [title]. @01-11-2021 11:42:15.0357 AM
[ReportManager] API Action [GetResponseJSONValue] successfully performed. With the following test data [title]. @01-11-2021 11:42:15.0380 AM
[ReportManager] API Action [GetResponseJSONValue] successfully performed. With the following test data [title]. @01-11-2021 11:42:15.0396 AM
[ReportManager] API Action [GetResponseJSONValue] successfully performed. With the following test data [title]. @01-11-2021 11:42:15.0428 AM
[ReportManager] API Action [GetResponseJSONValue] successfully performed. With the following test data [title]. @01-11-2021 11:42:15.0453 AM
[ReportManager] API Action [GetResponseJSONValue] successfully performed. With the following test data [title]. @01-11-2021 11:42:15.0468 AM
[ReportManager] API Action [GetResponseJSONValue] successfully performed. With the following test data [title]. @01-11-2021 11:42:15.0480 AM
[ReportManager] API Action [GetResponseJSONValue] successfully performed. With the following test data [title]. @01-11-2021 11:42:15.0493 AM
[ReportManager] API Action [GetResponseJSONValue] successfully performed. With the following test data [title]. @01-11-2021 11:42:15.0508 AM
[ReportManager] API Action [GetResponseJSONValue] successfully performed. With the following test data [title]. @01-11-2021 11:42:15.0532 AM
[ReportManager] API Action [GetResponseJSONValue] successfully performed. With the following test data [title]. @01-11-2021 11:42:15.0546 AM
[ReportManager] API Action [GetResponseJSONValue] successfully performed. With the following test data [title]. @01-11-2021 11:42:15.0562 AM
[ReportManager] API Action [GetResponseJSONValue] successfully performed. With the following test data [title]. @01-11-2021 11:42:15.0577 AM
[ReportManager] API Action [GetResponseJSONValue] successfully performed. With the following test data [title]. @01-11-2021 11:42:15.0592 AM
[ReportManager] API Action [GetResponseJSONValue] successfully performed. With the following test data [title]. @01-11-2021 11:42:15.0606 AM
[ReportManager] API Action [GetResponseJSONValue] successfully performed. With the following test data [title]. @01-11-2021 11:42:15.0635 AM
[ReportManager] API Action [GetResponseJSONValue] successfully performed. With the following test data [title]. @01-11-2021 11:42:15.0650 AM
[ReportManager] API Action [GetResponseJSONValue] successfully performed. With the following test data [title]. @01-11-2021 11:42:15.0664 AM
[ReportManager] API Action [GetResponseJSONValue] successfully performed. With the following test data [title]. @01-11-2021 11:42:15.0678 AM
[ReportManager] API Action [GetResponseJSONValue] successfully performed. With the following test data [title]. @01-11-2021 11:42:15.0692 AM
[ReportManager] API Action [GetResponseJSONValue] successfully performed. With the following test data [title]. @01-11-2021 11:42:15.0711 AM
[ReportManager] API Action [GetResponseJSONValue] successfully performed. With the following test data [title]. @01-11-2021 11:42:15.0722 AM
[ReportManager] API Action [GetResponseJSONValue] successfully performed. With the following test data [title]. @01-11-2021 11:42:15.0736 AM
[ReportManager] API Action [GetResponseJSONValue] successfully performed. With the following test data [title]. @01-11-2021 11:42:15.0750 AM
[ReportManager] API Action [GetResponseJSONValue] successfully performed. With the following test data [title]. @01-11-2021 11:42:15.0770 AM
[ReportManager] API Action [GetResponseJSONValue] successfully performed. With the following test data [title]. @01-11-2021 11:42:15.0791 AM
[ReportManager] API Action [GetResponseJSONValue] successfully performed. With the following test data [title]. @01-11-2021 11:42:15.0808 AM
[ReportManager] API Action [GetResponseJSONValue] successfully performed. With the following test data [title]. @01-11-2021 11:42:15.0822 AM
[ReportManager] API Action [GetResponseJSONValue] successfully performed. With the following test data [title]. @01-11-2021 11:42:15.0838 AM
[ReportManager] API Action [GetResponseJSONValue] successfully performed. With the following test data [title]. @01-11-2021 11:42:15.0854 AM
[ReportManager] API Action [GetResponseJSONValue] successfully performed. With the following test data [title]. @01-11-2021 11:42:15.0866 AM
[ReportManager] API Action [GetResponseJSONValue] successfully performed. With the following test data [title]. @01-11-2021 11:42:15.0879 AM
[ReportManager] API Action [GetResponseJSONValue] successfully performed. With the following test data [title]. @01-11-2021 11:42:15.0891 AM
[ReportManager] API Action [GetResponseJSONValue] successfully performed. With the following test data [title]. @01-11-2021 11:42:15.0903 AM
[ReportManager] API Action [GetResponseJSONValue] successfully performed. With the following test data [title]. @01-11-2021 11:42:15.0913 AM
[ReportManager] API Action [GetResponseJSONValue] successfully performed. With the following test data [title]. @01-11-2021 11:42:15.0930 AM
[ReportManager] API Action [GetResponseJSONValue] successfully performed. With the following test data [title]. @01-11-2021 11:42:15.0980 AM
[ReportManager] API Action [GetResponseJSONValue] successfully performed. With the following test data [title]. @01-11-2021 11:42:15.0997 AM
[ReportManager] API Action [GetResponseJSONValue] successfully performed. With the following test data [title]. @01-11-2021 11:42:16.0083 AM
[ReportManager] API Action [GetResponseJSONValue] successfully performed. With the following test data [title]. @01-11-2021 11:42:16.0093 AM
[ReportManager] API Action [GetResponseJSONValue] successfully performed. With the following test data [title]. @01-11-2021 11:42:16.0106 AM
[ReportManager] API Action [GetResponseJSONValue] successfully performed. With the following test data [title]. @01-11-2021 11:42:16.0118 AM
[ReportManager] API Action [GetResponseJSONValue] successfully performed. With the following test data [title]. @01-11-2021 11:42:16.0128 AM
[ReportManager] API Action [GetResponseJSONValue] successfully performed. With the following test data [title]. @01-11-2021 11:42:16.0138 AM
[ReportManager] API Action [GetResponseJSONValue] successfully performed. With the following test data [title]. @01-11-2021 11:42:16.0148 AM
[ReportManager] API Action [GetResponseJSONValue] successfully performed. With the following test data [title]. @01-11-2021 11:42:16.0157 AM
[ReportManager] API Action [GetResponseJSONValue] successfully performed. With the following test data [title]. @01-11-2021 11:42:16.0167 AM
[ReportManager] API Action [GetResponseJSONValue] successfully performed. With the following test data [title]. @01-11-2021 11:42:16.0176 AM
[ReportManager] API Action [GetResponseJSONValue] successfully performed. With the following test data [title]. @01-11-2021 11:42:16.0185 AM
[ReportManager] API Action [GetResponseJSONValue] successfully performed. With the following test data [title]. @01-11-2021 11:42:16.0194 AM
[ReportManager] API Action [GetResponseJSONValue] successfully performed. With the following test data [title]. @01-11-2021 11:42:16.0203 AM
[ReportManager] API Action [GetResponseJSONValue] successfully performed. With the following test data [title]. @01-11-2021 11:42:16.0212 AM
[ReportManager] API Action [GetResponseJSONValue] successfully performed. With the following test data [title]. @01-11-2021 11:42:16.0221 AM
[ReportManager] API Action [GetResponseJSONValue] successfully performed. With the following test data [title]. @01-11-2021 11:42:16.0230 AM
[ReportManager] API Action [GetResponseJSONValue] successfully performed. With the following test data [title]. @01-11-2021 11:42:16.0240 AM
[ReportManager] API Action [GetResponseJSONValue] successfully performed. With the following test data [title]. @01-11-2021 11:42:16.0252 AM
[ReportManager] API Action [GetResponseJSONValue] successfully performed. With the following test data [title]. @01-11-2021 11:42:16.0262 AM
[ReportManager] API Action [GetResponseJSONValue] successfully performed. With the following test data [title]. @01-11-2021 11:42:16.0272 AM
[ReportManager] API Action [GetResponseJSONValue] successfully performed. With the following test data [title]. @01-11-2021 11:42:16.0281 AM
[ReportManager] API Action [GetResponseJSONValue] successfully performed. With the following test data [title]. @01-11-2021 11:42:16.0291 AM
[ReportManager] API Action [GetResponseJSONValue] successfully performed. With the following test data [title]. @01-11-2021 11:42:16.0301 AM
[ReportManager] API Action [GetResponseJSONValue] successfully performed. With the following test data [title]. @01-11-2021 11:42:16.0310 AM
[ReportManager] API Action [GetResponseJSONValue] successfully performed. With the following test data [title]. @01-11-2021 11:42:16.0320 AM
[ReportManager] API Action [GetResponseJSONValue] successfully performed. With the following test data [title]. @01-11-2021 11:42:16.0331 AM
[ReportManager] API Action [GetResponseJSONValue] successfully performed. With the following test data [title]. @01-11-2021 11:42:16.0341 AM
[ReportManager] API Action [GetResponseJSONValue] successfully performed. With the following test data [title]. @01-11-2021 11:42:16.0351 AM
[ReportManager] API Action [GetResponseJSONValue] successfully performed. With the following test data [title]. @01-11-2021 11:42:16.0361 AM
[ReportManager] API Action [GetResponseJSONValue] successfully performed. With the following test data [title]. @01-11-2021 11:42:16.0371 AM
[ReportManager] API Action [GetResponseJSONValue] successfully performed. With the following test data [title]. @01-11-2021 11:42:16.0380 AM
[ReportManager] API Action [GetResponseJSONValue] successfully performed. With the following test data [title]. @01-11-2021 11:42:16.0388 AM
[ReportManager] API Action [GetResponseJSONValue] successfully performed. With the following test data [title]. @01-11-2021 11:42:16.0396 AM
[ReportManager] API Action [GetResponseJSONValue] successfully performed. With the following test data [title]. @01-11-2021 11:42:16.0405 AM
[ReportManager] API Action [GetResponseJSONValue] successfully performed. With the following test data [title]. @01-11-2021 11:42:16.0414 AM
[ReportManager] API Action [GetResponseJSONValue] successfully performed. With the following test data [title]. @01-11-2021 11:42:16.0422 AM
[ReportManager] API Action [GetResponseJSONValue] successfully performed. With the following test data [title]. @01-11-2021 11:42:16.0431 A

################################################################################################################################################
Starting Execution:	[48 out of 143] test cases in the current suite
Test Method:		[unitTests.tests_restActions.validateUserEmail]
################################################################################################################################################
[ReportManager] Response status code: [200], status line: [HTTP/1.1 200 OK] @01-11-2021 11:42:16.0503 AM
[ReportManager] Assertion Passed: Evaluating the actual response status code against the expected one... @01-11-2021 11:42:16.0503 AM
[ReportManager] Assertion [ValidateEquals] PASSED. Expected [200] and Actual [200]. Comparison Type [EQUALS]. Validation Type [POSITIVE]. @01-11-2021 11:42:16.0503 AM
[ReportManager] API Action [PerformRequest] successfully performed. With the following test data [Request Type: "GET" | Target Status Code: "200" | Service URL: "https://jsonplaceholder.typicode.com/users" | Content Type: "*/*" | Response Time: "62ms"]. @01-11-2021 11:42:16.0524 AM
[ReportManager] Successfully created attachment [API Request - Specifications] @01-11-2021 11:42:16.0525 AM
[ReportManager] Successfully created attachment [API Response - JSON Body] @01-11-2021 11:42:16.0525 AM
[ReportManager] Assertion [ValidateEquals] PASSED. Expected and Actual values are attached. Comparison Type [CONTAINS]. Validation Type [POSITIVE]. @01-11-2021 11:42:16.0525 AM
[ReportManager] Successfully created attachment [Validation Test Data - Expected Value] @01-11-2021 11:42:16.0526 AM
[ReportManager] Successfully created attachment [Validation Test Data - Actual Value] @01-11-2021 11:42:16.0526 AM
[ReportManager] API Action [GetResponseJSONValueAsList] successfully performed. With the following test data [$]. @01-11-2021 11:42:16.0531 AM
[ReportManager] API Action [GetResponseJSONValue] successfully performed. With the following test data [name]. @01-11-2021 11:42:16.0543 AM
[ReportManager] API Action [GetResponseJSONValue] successfully performed. With the following test data [email]. @01-11-2021 11:42:16.0554 AM
[ReportManager] Assertion [ValidateEquals] PASSED. Expected [Sincere@april.biz] and Actual [Sincere@april.biz]. Comparison Type [EQUALS]. Validation Type [POSITIVE]. @01-11-2021 11:42:16.0555 AM
[ReportManager] API Action [GetResponseJSONValue] successfully performed. With the following test data [name]. @01-11-2021 11:42:16.0566 AM
[ReportManager] API Action [GetResponseJSONValue] successfully performed. With the following test data [name]. @01-11-2021 11:42:16.0576 AM
[ReportManager] API Action [GetResponseJSONValue] successfully performed. With the following test data [name]. @01-11-2021 11:42:16.0587 AM
[ReportManager] API Action [GetResponseJSONValue] successfully performed. With the following test data [name]. @01-11-2021 11:42:16.0598 AM
[ReportManager] API Action [GetResponseJSONValue] successfully performed. With the following test data [name]. @01-11-2021 11:42:16.0609 AM
[ReportManager] API Action [GetResponseJSONValue] successfully performed. With the following test data [name]. @01-11-2021 11:42:16.0620 AM
[ReportManager] API Action [GetResponseJSONValue] successfully performed. With the following test data [name]. @01-11-2021 11:42:16.0631 AM
[ReportManager] API Action [GetResponseJSONValue] successfully performed. With the following test data [name]. @01-11-2021 11:42:16.0642 AM
[ReportManager] API Action [GetResponseJSONValue] successfully performed. With the following test data [name]. @01-11-2021 11:42:16.0653 A
[ReportManager] File Action [GetAbsolutePath] successfully performed. With the following test data [Relative Folder Path: "target/downloadedFiles/"]. @01-11-2021 11:42:16.0664 AM
[ReportManager] Attempting to run remotely on: [Linux-64], [GoogleChrome], [http://localhost:4444/wd/hub], Headless Execution. @01-11-2021 11:42:16.0664 AM
[ReportManager] Successfully Opened [GoogleChrome]. @01-11-2021 11:42:17.0686 AM
[ReportManager] Target URL: [https://duckduckgo.com] @01-11-2021 11:42:17.0686 AM
[ReportManager] Initial URL: [data:,] @01-11-2021 11:42:17.0754 AM
[ReportManager] Browser Action [NavigateToURL] successfully performed. With the following test data [https://duckduckgo.com]. @01-11-2021 11:42:18.0488 A

################################################################################################################################################
Starting Execution:	[49 out of 143] test cases in the current suite
Test Method:		[unitTests.tests_browserActions.fullScreenWindow]
################################################################################################################################################
[ReportManager] Initial Windows Size: 1920x1080 @01-11-2021 11:42:18.0520 AM
[ReportManager] Initial window size: (1920, 1080) @01-11-2021 11:42:18.0527 AM
[ReportManager] Window size after Toolkit: (1920, 1080) @01-11-2021 11:42:18.0757 AM
[ReportManager] Browser Action [MaximizeWindow] successfully performed. With the following test data [New screen size is now: (1920, 1080)]. @01-11-2021 11:42:18.0765 AM
[ReportManager] Current Windows Size after fullScreen: 1920x1080 @01-11-2021 11:42:18.0780 AM
[ReportManager] Browser Action [FullScreenWindow] successfully performed. @01-11-2021 11:42:18.0793 AM
[ReportManager] Successfully created attachment [Browser Action Test Data - FullScreenWindow - Actual Value] @01-11-2021 11:42:18.0795 A
[ReportManager] Target URL: [https://duckduckgo.com] @01-11-2021 11:42:18.0802 AM
[ReportManager] Initial URL: [https://duckduckgo.com] @01-11-2021 11:42:18.0954 AM
[ReportManager] Browser Action [NavigateToURL] successfully performed. With the following test data [https://duckduckgo.com]. @01-11-2021 11:42:19.0507 AM
[ReportManager] Browser Action [CloseCurrentWindow] successfully performed. @01-11-2021 11:42:19.0666 AM
[ReportManager] Successfully created attachment [Browser Action Test Data - CloseCurrentWindow - Actual Value] @01-11-2021 11:42:19.0668 A
[ReportManager] File Action [GetAbsolutePath] successfully performed. With the following test data [Relative Folder Path: "target/downloadedFiles/"]. @01-11-2021 11:42:19.0670 AM
[ReportManager] Attempting to run remotely on: [Linux-64], [GoogleChrome], [http://localhost:4444/wd/hub], Headless Execution. @01-11-2021 11:42:19.0671 AM
[ReportManager] Successfully Opened [GoogleChrome]. @01-11-2021 11:42:22.0687 AM
[ReportManager] Target URL: [https://duckduckgo.com] @01-11-2021 11:42:22.0687 AM
[ReportManager] Initial URL: [data:,] @01-11-2021 11:42:22.0765 AM
[ReportManager] Browser Action [NavigateToURL] successfully performed. With the following test data [https://duckduckgo.com]. @01-11-2021 11:42:23.0539 A

################################################################################################################################################
Starting Execution:	[50 out of 143] test cases in the current suite
Test Method:		[unitTests.tests_browserActions.getCurrentURL]
################################################################################################################################################
[ReportManager] Browser Action [GetCurrentURL] successfully performed. With the following test data [https://duckduckgo.com/]. @01-11-2021 11:42:23.0638 A
[ReportManager] Target URL: [https://duckduckgo.com] @01-11-2021 11:42:23.0640 AM
[ReportManager] Initial URL: [https://duckduckgo.com] @01-11-2021 11:42:23.0752 AM
[ReportManager] Browser Action [NavigateToURL] successfully performed. With the following test data [https://duckduckgo.com]. @01-11-2021 11:42:24.0206 AM
[ReportManager] Browser Action [CloseCurrentWindow] successfully performed. @01-11-2021 11:42:24.0346 AM
[ReportManager] Successfully created attachment [Browser Action Test Data - CloseCurrentWindow - Actual Value] @01-11-2021 11:42:24.0347 A
[ReportManager] File Action [GetAbsolutePath] successfully performed. With the following test data [Relative Folder Path: "target/downloadedFiles/"]. @01-11-2021 11:42:24.0350 AM
[ReportManager] Attempting to run remotely on: [Linux-64], [GoogleChrome], [http://localhost:4444/wd/hub], Headless Execution. @01-11-2021 11:42:24.0351 AM
[ReportManager] Successfully Opened [GoogleChrome]. @01-11-2021 11:42:27.0759 AM
[ReportManager] Target URL: [https://duckduckgo.com] @01-11-2021 11:42:27.0759 AM
[ReportManager] Initial URL: [data:,] @01-11-2021 11:42:27.0832 AM
[ReportManager] Browser Action [NavigateToURL] successfully performed. With the following test data [https://duckduckgo.com]. @01-11-2021 11:42:28.0643 A

################################################################################################################################################
Starting Execution:	[51 out of 143] test cases in the current suite
Test Method:		[unitTests.tests_browserActions.getCurrentWindowTitle]
################################################################################################################################################
[ReportManager] Browser Action [GetCurrentWindowTitle] successfully performed. With the following test data [DuckDuckGo  Privacy, simplified.]. @01-11-2021 11:42:28.0726 A
[ReportManager] Target URL: [https://duckduckgo.com] @01-11-2021 11:42:28.0736 AM
[ReportManager] Initial URL: [https://duckduckgo.com] @01-11-2021 11:42:28.0859 AM
[ReportManager] Browser Action [NavigateToURL] successfully performed. With the following test data [https://duckduckgo.com]. @01-11-2021 11:42:29.0346 AM
[ReportManager] Browser Action [CloseCurrentWindow] successfully performed. @01-11-2021 11:42:29.0485 AM
[ReportManager] Successfully created attachment [Browser Action Test Data - CloseCurrentWindow - Actual Value] @01-11-2021 11:42:29.0486 A
[ReportManager] File Action [GetAbsolutePath] successfully performed. With the following test data [Relative Folder Path: "target/downloadedFiles/"]. @01-11-2021 11:42:29.0489 AM
[ReportManager] Attempting to run remotely on: [Linux-64], [GoogleChrome], [http://localhost:4444/wd/hub], Headless Execution. @01-11-2021 11:42:29.0489 AM
[ReportManager] Successfully Opened [GoogleChrome]. @01-11-2021 11:42:32.0695 AM
[ReportManager] Target URL: [https://duckduckgo.com] @01-11-2021 11:42:32.0695 AM
[ReportManager] Initial URL: [data:,] @01-11-2021 11:42:32.0791 AM
[ReportManager] Browser Action [NavigateToURL] successfully performed. With the following test data [https://duckduckgo.com]. @01-11-2021 11:42:33.0497 A

################################################################################################################################################
Starting Execution:	[52 out of 143] test cases in the current suite
Test Method:		[unitTests.tests_browserActions.getPageSource]
################################################################################################################################################
[ReportManager] Browser Action [GetPageSource] successfully performed. @01-11-2021 11:42:33.0570 AM
[ReportManager] Successfully created attachment [Browser Action Test Data - GetPageSource - Actual Value] @01-11-2021 11:42:33.0571 A
[ReportManager] Target URL: [https://duckduckgo.com] @01-11-2021 11:42:33.0575 AM
[ReportManager] Initial URL: [https://duckduckgo.com] @01-11-2021 11:42:33.0674 AM
[ReportManager] Browser Action [NavigateToURL] successfully performed. With the following test data [https://duckduckgo.com]. @01-11-2021 11:42:34.0135 AM
[ReportManager] Browser Action [CloseCurrentWindow] successfully performed. @01-11-2021 11:42:34.0285 AM
[ReportManager] Successfully created attachment [Browser Action Test Data - CloseCurrentWindow - Actual Value] @01-11-2021 11:42:34.0286 A
[ReportManager] File Action [GetAbsolutePath] successfully performed. With the following test data [Relative Folder Path: "target/downloadedFiles/"]. @01-11-2021 11:42:34.0288 AM
[ReportManager] Attempting to run remotely on: [Linux-64], [GoogleChrome], [http://localhost:4444/wd/hub], Headless Execution. @01-11-2021 11:42:34.0289 AM
[ReportManager] Successfully Opened [GoogleChrome]. @01-11-2021 11:42:37.0707 AM
[ReportManager] Target URL: [https://duckduckgo.com] @01-11-2021 11:42:37.0707 AM
[ReportManager] Initial URL: [data:,] @01-11-2021 11:42:37.0805 AM
[ReportManager] Browser Action [NavigateToURL] successfully performed. With the following test data [https://duckduckgo.com]. @01-11-2021 11:42:38.0452 A

################################################################################################################################################
Starting Execution:	[53 out of 143] test cases in the current suite
Test Method:		[unitTests.tests_browserActions.getWindowHandle]
################################################################################################################################################
[ReportManager] Browser Action [GetWindowHandle] successfully performed. With the following test data [CDwindow-74BBD4AA19B8A67EE87AB99E4728673C]. @01-11-2021 11:42:38.0588 A
[ReportManager] Target URL: [https://duckduckgo.com] @01-11-2021 11:42:38.0590 AM
[ReportManager] Initial URL: [https://duckduckgo.com] @01-11-2021 11:42:38.0767 AM
[ReportManager] Browser Action [NavigateToURL] successfully performed. With the following test data [https://duckduckgo.com]. @01-11-2021 11:42:39.0311 AM
[ReportManager] Browser Action [CloseCurrentWindow] successfully performed. @01-11-2021 11:42:39.0489 AM
[ReportManager] Successfully created attachment [Browser Action Test Data - CloseCurrentWindow - Actual Value] @01-11-2021 11:42:39.0490 A
[ReportManager] File Action [GetAbsolutePath] successfully performed. With the following test data [Relative Folder Path: "target/downloadedFiles/"]. @01-11-2021 11:42:39.0492 AM
[ReportManager] Attempting to run remotely on: [Linux-64], [GoogleChrome], [http://localhost:4444/wd/hub], Headless Execution. @01-11-2021 11:42:39.0492 AM
[ReportManager] Successfully Opened [GoogleChrome]. @01-11-2021 11:42:42.0699 AM
[ReportManager] Target URL: [https://duckduckgo.com] @01-11-2021 11:42:42.0699 AM
[ReportManager] Initial URL: [data:,] @01-11-2021 11:42:42.0783 AM
[ReportManager] Browser Action [NavigateToURL] successfully performed. With the following test data [https://duckduckgo.com]. @01-11-2021 11:42:43.0626 A

################################################################################################################################################
Starting Execution:	[54 out of 143] test cases in the current suite
Test Method:		[unitTests.tests_browserActions.getWindowPosition]
################################################################################################################################################
[ReportManager] Browser Action [GetWindowPosition] successfully performed. With the following test data [(0, 0)]. @01-11-2021 11:42:43.0675 A
[ReportManager] Target URL: [https://duckduckgo.com] @01-11-2021 11:42:43.0682 AM
[ReportManager] Initial URL: [https://duckduckgo.com] @01-11-2021 11:42:43.0817 AM
[ReportManager] Browser Action [NavigateToURL] successfully performed. With the following test data [https://duckduckgo.com]. @01-11-2021 11:42:44.0237 AM
[ReportManager] Browser Action [CloseCurrentWindow] successfully performed. @01-11-2021 11:42:44.0436 AM
[ReportManager] Successfully created attachment [Browser Action Test Data - CloseCurrentWindow - Actual Value] @01-11-2021 11:42:44.0436 A
[ReportManager] File Action [GetAbsolutePath] successfully performed. With the following test data [Relative Folder Path: "target/downloadedFiles/"]. @01-11-2021 11:42:44.0438 AM
[ReportManager] Attempting to run remotely on: [Linux-64], [GoogleChrome], [http://localhost:4444/wd/hub], Headless Execution. @01-11-2021 11:42:44.0439 AM
[ReportManager] Successfully Opened [GoogleChrome]. @01-11-2021 11:42:47.0687 AM
[ReportManager] Target URL: [https://duckduckgo.com] @01-11-2021 11:42:47.0688 AM
[ReportManager] Initial URL: [data:,] @01-11-2021 11:42:47.0758 AM
[ReportManager] Browser Action [NavigateToURL] successfully performed. With the following test data [https://duckduckgo.com]. @01-11-2021 11:42:48.0378 A

################################################################################################################################################
Starting Execution:	[55 out of 143] test cases in the current suite
Test Method:		[unitTests.tests_browserActions.getWindowSize]
################################################################################################################################################
[ReportManager] Browser Action [GetWindowSize] successfully performed. With the following test data [(1920, 1080)]. @01-11-2021 11:42:48.0460 A
[ReportManager] Target URL: [https://duckduckgo.com] @01-11-2021 11:42:48.0463 AM
[ReportManager] Initial URL: [https://duckduckgo.com] @01-11-2021 11:42:48.0645 AM
[ReportManager] Browser Action [NavigateToURL] successfully performed. With the following test data [https://duckduckgo.com]. @01-11-2021 11:42:49.0070 AM
[ReportManager] Browser Action [CloseCurrentWindow] successfully performed. @01-11-2021 11:42:49.0212 AM
[ReportManager] Successfully created attachment [Browser Action Test Data - CloseCurrentWindow - Actual Value] @01-11-2021 11:42:49.0212 A
[ReportManager] File Action [GetAbsolutePath] successfully performed. With the following test data [Relative Folder Path: "target/downloadedFiles/"]. @01-11-2021 11:42:49.0214 AM
[ReportManager] Attempting to run remotely on: [Linux-64], [GoogleChrome], [http://localhost:4444/wd/hub], Headless Execution. @01-11-2021 11:42:49.0215 AM
[ReportManager] Successfully Opened [GoogleChrome]. @01-11-2021 11:42:52.0703 AM
[ReportManager] Target URL: [https://duckduckgo.com] @01-11-2021 11:42:52.0703 AM
[ReportManager] Initial URL: [data:,] @01-11-2021 11:42:52.0783 AM
[ReportManager] Browser Action [NavigateToURL] successfully performed. With the following test data [https://duckduckgo.com]. @01-11-2021 11:42:53.0431 A

################################################################################################################################################
Starting Execution:	[56 out of 143] test cases in the current suite
Test Method:		[unitTests.tests_browserActions.maximizeWindow]
################################################################################################################################################
[ReportManager] Initial window size: (1920, 1080) @01-11-2021 11:42:53.0445 AM
[ReportManager] Window size after Toolkit: (1920, 1080) @01-11-2021 11:42:53.0706 AM
[ReportManager] Browser Action [MaximizeWindow] successfully performed. With the following test data [New screen size is now: (1920, 1080)]. @01-11-2021 11:42:53.0716 A
[ReportManager] Target URL: [https://duckduckgo.com] @01-11-2021 11:42:53.0722 AM
[ReportManager] Initial URL: [https://duckduckgo.com] @01-11-2021 11:42:53.0834 AM
[ReportManager] Browser Action [NavigateToURL] successfully performed. With the following test data [https://duckduckgo.com]. @01-11-2021 11:42:54.0244 AM
[ReportManager] Browser Action [CloseCurrentWindow] successfully performed. @01-11-2021 11:42:54.0377 AM
[ReportManager] Successfully created attachment [Browser Action Test Data - CloseCurrentWindow - Actual Value] @01-11-2021 11:42:54.0378 A
[ReportManager] File Action [GetAbsolutePath] successfully performed. With the following test data [Relative Folder Path: "target/downloadedFiles/"]. @01-11-2021 11:42:54.0380 AM
[ReportManager] Attempting to run remotely on: [Linux-64], [GoogleChrome], [http://localhost:4444/wd/hub], Headless Execution. @01-11-2021 11:42:54.0380 AM
[ReportManager] Successfully Opened [GoogleChrome]. @01-11-2021 11:42:57.0700 AM
[ReportManager] Target URL: [https://duckduckgo.com] @01-11-2021 11:42:57.0700 AM
[ReportManager] Initial URL: [data:,] @01-11-2021 11:42:57.0783 AM
[ReportManager] Browser Action [NavigateToURL] successfully performed. With the following test data [https://duckduckgo.com]. @01-11-2021 11:42:58.0418 A

################################################################################################################################################
Starting Execution:	[57 out of 143] test cases in the current suite
Test Method:		[unitTests.tests_browserActions.navigateBack]
################################################################################################################################################
[ReportManager] Target URL: [https://www.google.com/ncr], and after redirection: [https://www.google.com] @01-11-2021 11:42:58.0424 AM
[ReportManager] Initial URL: [https://duckduckgo.com] @01-11-2021 11:42:58.0504 AM
[ReportManager] Browser Action [NavigateToURL] successfully performed. With the following test data [https://www.google.com/ncr]. @01-11-2021 11:42:59.0640 AM
[ReportManager] Browser Action [NavigateBack] successfully performed. With the following test data [https://duckduckgo.com/]. @01-11-2021 11:43:00.0143 AM
[ReportManager] Browser Action [GetCurrentURL] successfully performed. With the following test data [https://duckduckgo.com/]. @01-11-2021 11:43:00.0264 AM
[ReportManager] Assertion Passed: Confirming that navigating back was successful @01-11-2021 11:43:00.0722 AM
[ReportManager] Successfully created attachment [Screenshot - 1635766980520_navigateBack_ValidateBrowserAttribute_passed] @01-11-2021 11:43:00.0724 AM
[ReportManager] Assertion [ValidateBrowserAttribute] PASSED. Expected [Value Should be 'https://duckduckgo.com' for the 'CurrentUrl' attribute] and Actual [https://duckduckgo.com/]. Comparison Type [CONTAINS]. Validation Type [POSITIVE]. @01-11-2021 11:43:00.0724 A
[ReportManager] Target URL: [https://duckduckgo.com] @01-11-2021 11:43:00.0726 AM
[ReportManager] Initial URL: [https://duckduckgo.com] @01-11-2021 11:43:00.0852 AM
[ReportManager] Browser Action [NavigateToURL] successfully performed. With the following test data [https://duckduckgo.com]. @01-11-2021 11:43:01.0302 AM
[ReportManager] Browser Action [CloseCurrentWindow] successfully performed. @01-11-2021 11:43:01.0477 AM
[ReportManager] Successfully created attachment [Browser Action Test Data - CloseCurrentWindow - Actual Value] @01-11-2021 11:43:01.0477 A
[ReportManager] File Action [GetAbsolutePath] successfully performed. With the following test data [Relative Folder Path: "target/downloadedFiles/"]. @01-11-2021 11:43:01.0480 AM
[ReportManager] Attempting to run remotely on: [Linux-64], [GoogleChrome], [http://localhost:4444/wd/hub], Headless Execution. @01-11-2021 11:43:01.0480 AM
[ReportManager] Successfully Opened [GoogleChrome]. @01-11-2021 11:43:02.0690 AM
[ReportManager] Target URL: [https://duckduckgo.com] @01-11-2021 11:43:02.0690 AM
[ReportManager] Initial URL: [data:,] @01-11-2021 11:43:02.0772 AM
[ReportManager] Browser Action [NavigateToURL] successfully performed. With the following test data [https://duckduckgo.com]. @01-11-2021 11:43:03.0387 A

################################################################################################################################################
Starting Execution:	[58 out of 143] test cases in the current suite
Test Method:		[unitTests.tests_browserActions.navigateForward]
################################################################################################################################################
[ReportManager] Target URL: [https://www.google.com/ncr], and after redirection: [https://www.google.com] @01-11-2021 11:43:03.0390 AM
[ReportManager] Initial URL: [https://duckduckgo.com] @01-11-2021 11:43:03.0474 AM
[ReportManager] Browser Action [NavigateToURL] successfully performed. With the following test data [https://www.google.com/ncr]. @01-11-2021 11:43:04.0431 AM
[ReportManager] Browser Action [NavigateBack] successfully performed. With the following test data [https://duckduckgo.com/]. @01-11-2021 11:43:04.0916 AM
[ReportManager] Browser Action [NavigateForward] successfully performed. With the following test data [https://www.google.com/]. @01-11-2021 11:43:05.0554 A
[ReportManager] Target URL: [https://duckduckgo.com] @01-11-2021 11:43:05.0570 AM
[ReportManager] Initial URL: [https://www.google.com] @01-11-2021 11:43:05.0681 AM
[ReportManager] Browser Action [NavigateToURL] successfully performed. With the following test data [https://duckduckgo.com]. @01-11-2021 11:43:06.0331 AM
[ReportManager] Browser Action [CloseCurrentWindow] successfully performed. @01-11-2021 11:43:06.0532 AM
[ReportManager] Successfully created attachment [Browser Action Test Data - CloseCurrentWindow - Actual Value] @01-11-2021 11:43:06.0532 A
[ReportManager] File Action [GetAbsolutePath] successfully performed. With the following test data [Relative Folder Path: "target/downloadedFiles/"]. @01-11-2021 11:43:06.0535 AM
[ReportManager] Attempting to run remotely on: [Linux-64], [GoogleChrome], [http://localhost:4444/wd/hub], Headless Execution. @01-11-2021 11:43:06.0535 AM
[ReportManager] Successfully Opened [GoogleChrome]. @01-11-2021 11:43:07.0704 AM
[ReportManager] Target URL: [https://duckduckgo.com] @01-11-2021 11:43:07.0704 AM
[ReportManager] Initial URL: [data:,] @01-11-2021 11:43:07.0804 AM
[ReportManager] Browser Action [NavigateToURL] successfully performed. With the following test data [https://duckduckgo.com]. @01-11-2021 11:43:08.0465 A

################################################################################################################################################
Starting Execution:	[59 out of 143] test cases in the current suite
Test Method:		[unitTests.tests_browserActions.navigateToURL]
################################################################################################################################################
[ReportManager] Target URL: [https://duckduckgo.com] @01-11-2021 11:43:08.0474 AM
[ReportManager] Initial URL: [https://duckduckgo.com] @01-11-2021 11:43:08.0560 AM
[ReportManager] Browser Action [NavigateToURL] successfully performed. With the following test data [https://duckduckgo.com]. @01-11-2021 11:43:08.0926 A
[ReportManager] Target URL: [https://duckduckgo.com] @01-11-2021 11:43:08.0929 AM
[ReportManager] Initial URL: [https://duckduckgo.com] @01-11-2021 11:43:09.0059 AM
[ReportManager] Browser Action [NavigateToURL] successfully performed. With the following test data [https://duckduckgo.com]. @01-11-2021 11:43:09.0459 AM
[ReportManager] Browser Action [CloseCurrentWindow] successfully performed. @01-11-2021 11:43:09.0592 AM
[ReportManager] Successfully created attachment [Browser Action Test Data - CloseCurrentWindow - Actual Value] @01-11-2021 11:43:09.0593 A
[ReportManager] File Action [GetAbsolutePath] successfully performed. With the following test data [Relative Folder Path: "target/downloadedFiles/"]. @01-11-2021 11:43:09.0595 AM
[ReportManager] Attempting to run remotely on: [Linux-64], [GoogleChrome], [http://localhost:4444/wd/hub], Headless Execution. @01-11-2021 11:43:09.0595 AM
[ReportManager] Successfully Opened [GoogleChrome]. @01-11-2021 11:43:12.0705 AM
[ReportManager] Target URL: [https://duckduckgo.com] @01-11-2021 11:43:12.0706 AM
[ReportManager] Initial URL: [data:,] @01-11-2021 11:43:12.0794 AM
[ReportManager] Browser Action [NavigateToURL] successfully performed. With the following test data [https://duckduckgo.com]. @01-11-2021 11:43:13.0466 A

################################################################################################################################################
Starting Execution:	[60 out of 143] test cases in the current suite
Test Method:		[unitTests.tests_browserActions.navigateToURLWithRedirection]
################################################################################################################################################
[ReportManager] Target URL: [https://www.google.com/ncr], and after redirection: [https://www.google.com] @01-11-2021 11:43:13.0487 AM
[ReportManager] Initial URL: [https://duckduckgo.com] @01-11-2021 11:43:13.0643 AM
[ReportManager] Browser Action [NavigateToURL] successfully performed. With the following test data [https://www.google.com/ncr]. @01-11-2021 11:43:14.0614 A
[ReportManager] Target URL: [https://duckduckgo.com] @01-11-2021 11:43:14.0616 AM
[ReportManager] Initial URL: [https://www.google.com] @01-11-2021 11:43:14.0725 AM
[ReportManager] Browser Action [NavigateToURL] successfully performed. With the following test data [https://duckduckgo.com]. @01-11-2021 11:43:15.0390 AM
[ReportManager] Browser Action [CloseCurrentWindow] successfully performed. @01-11-2021 11:43:15.0545 AM
[ReportManager] Successfully created attachment [Browser Action Test Data - CloseCurrentWindow - Actual Value] @01-11-2021 11:43:15.0545 A
[ReportManager] File Action [GetAbsolutePath] successfully performed. With the following test data [Relative Folder Path: "target/downloadedFiles/"]. @01-11-2021 11:43:15.0548 AM
[ReportManager] Attempting to run remotely on: [Linux-64], [GoogleChrome], [http://localhost:4444/wd/hub], Headless Execution. @01-11-2021 11:43:15.0548 AM
[ReportManager] Successfully Opened [GoogleChrome]. @01-11-2021 11:43:17.0708 AM
[ReportManager] Target URL: [https://duckduckgo.com] @01-11-2021 11:43:17.0708 AM
[ReportManager] Initial URL: [data:,] @01-11-2021 11:43:17.0786 AM
[ReportManager] Browser Action [NavigateToURL] successfully performed. With the following test data [https://duckduckgo.com]. @01-11-2021 11:43:18.0454 A

################################################################################################################################################
Starting Execution:	[61 out of 143] test cases in the current suite
Test Method:		[unitTests.tests_browserActions.refreshCurrentPage]
################################################################################################################################################
[ReportManager] Browser Action [RefreshCurrentPage] successfully performed. @01-11-2021 11:43:18.0666 AM
[ReportManager] Successfully created attachment [Browser Action Test Data - RefreshCurrentPage - Actual Value] @01-11-2021 11:43:18.0667 A
[ReportManager] Target URL: [https://duckduckgo.com] @01-11-2021 11:43:18.0671 AM
[ReportManager] Initial URL: [https://duckduckgo.com] @01-11-2021 11:43:18.0796 AM
[ReportManager] Browser Action [NavigateToURL] successfully performed. With the following test data [https://duckduckgo.com]. @01-11-2021 11:43:19.0154 AM
[ReportManager] Browser Action [CloseCurrentWindow] successfully performed. @01-11-2021 11:43:19.0286 AM
[ReportManager] Successfully created attachment [Browser Action Test Data - CloseCurrentWindow - Actual Value] @01-11-2021 11:43:19.0287 A
[ReportManager] File Action [GetAbsolutePath] successfully performed. With the following test data [Relative Folder Path: "target/downloadedFiles/"]. @01-11-2021 11:43:19.0301 AM
[ReportManager] Attempting to run remotely on: [Linux-64], [GoogleChrome], [http://localhost:4444/wd/hub], Headless Execution. @01-11-2021 11:43:19.0302 AM
[ReportManager] Successfully Opened [GoogleChrome]. @01-11-2021 11:43:22.0685 AM
[ReportManager] Target URL: [https://duckduckgo.com] @01-11-2021 11:43:22.0685 AM
[ReportManager] Initial URL: [data:,] @01-11-2021 11:43:22.0763 AM
[ReportManager] Browser Action [NavigateToURL] successfully performed. With the following test data [https://duckduckgo.com]. @01-11-2021 11:43:23.0366 A

################################################################################################################################################
Starting Execution:	[62 out of 143] test cases in the current suite
Test Method:		[unitTests.tests_browserActions.setWindowSize]
################################################################################################################################################
[ReportManager] Initial window size: (1920, 1080) @01-11-2021 11:43:23.0384 AM
[ReportManager] Window size after SWD: (1280, 720) @01-11-2021 11:43:23.0613 AM
[ReportManager] Browser Action [SetWindowSize] successfully performed. With the following test data [New screen size is now: (1280, 720)]. @01-11-2021 11:43:23.0613 A
[ReportManager] Target URL: [https://duckduckgo.com] @01-11-2021 11:43:23.0617 AM
[ReportManager] Initial URL: [https://duckduckgo.com] @01-11-2021 11:43:23.0711 AM
[ReportManager] Browser Action [NavigateToURL] successfully performed. With the following test data [https://duckduckgo.com]. @01-11-2021 11:43:24.0173 AM
[ReportManager] Browser Action [CloseCurrentWindow] successfully performed. @01-11-2021 11:43:24.0306 AM
[ReportManager] Successfully created attachment [Browser Action Test Data - CloseCurrentWindow - Actual Value] @01-11-2021 11:43:24.0307 A
[ReportManager] File Action [GetAbsolutePath] successfully performed. With the following test data [Relative Folder Path: "target/downloadedFiles/"]. @01-11-2021 11:43:24.0310 AM
[ReportManager] Attempting to run remotely on: [Linux-64], [GoogleChrome], [http://localhost:4444/wd/hub], Headless Execution. @01-11-2021 11:43:24.0310 AM
[ReportManager] Successfully Opened [GoogleChrome]. @01-11-2021 11:43:27.0703 A

################################################################################################################################################
Starting Execution:	[63 out of 143] test cases in the current suite
Test Method:		[unitTests.tests_element_elementActions.waitForElementToBePresent_false_expectedToFail]
################################################################################################################################################
[ReportManager] Target URL: [https://www.google.com/ncr], and after redirection: [www.google.com] @01-11-2021 11:43:27.0705 AM
[ReportManager] Initial URL: [data:,] @01-11-2021 11:43:27.0792 AM
[ReportManager] Browser Action [NavigateToURL] successfully performed. With the following test data [https://www.google.com/ncr]. @01-11-2021 11:43:28.0853 AM
[ReportManager] Waiting for element to be present; elementLocator [By.xpath: //*[@id='hplogo' or @alt='Google']], numberOfTries[1], stateOfPresence[false]... @01-11-2021 11:43:28.0856 AM
[ReportManager] Element Action [WaitForElementToBePresent] failed. With the following test data [waited for the element's state of presence to be (false). Element locator (By.xpath: //*[@id='hplogo' or @alt='Google'])]. @01-11-2021 11:43:29.0469 AM
[ReportManager] Successfully created attachment [Screenshot - 1635767009251_waitForElementToBePresent_false_expectedToFail_WaitForElementToBePresent_failed] @01-11-2021 11:43:29.0477 A
[ReportManager] Browser Action [CloseCurrentWindow] successfully performed. @01-11-2021 11:43:29.0620 AM
[ReportManager] Successfully created attachment [Browser Action Test Data - CloseCurrentWindow - Actual Value] @01-11-2021 11:43:29.0622 A
[ReportManager] File Action [GetAbsolutePath] successfully performed. With the following test data [Relative Folder Path: "target/downloadedFiles/"]. @01-11-2021 11:43:29.0628 AM
[ReportManager] Attempting to run remotely on: [Linux-64], [GoogleChrome], [http://localhost:4444/wd/hub], Headless Execution. @01-11-2021 11:43:29.0628 AM
[ReportManager] Successfully Opened [GoogleChrome]. @01-11-2021 11:43:32.0691 A

################################################################################################################################################
Starting Execution:	[64 out of 143] test cases in the current suite
Test Method:		[unitTests.tests_element_elementActions.waitForElementToBePresent_false_expectedToPass]
################################################################################################################################################
[ReportManager] Target URL: [https://www.google.com/ncr], and after redirection: [www.google.com] @01-11-2021 11:43:32.0699 AM
[ReportManager] Initial URL: [data:,] @01-11-2021 11:43:32.0773 AM
[ReportManager] Browser Action [NavigateToURL] successfully performed. With the following test data [https://www.google.com/ncr]. @01-11-2021 11:43:33.0900 AM
[ReportManager] Waiting for element to be present; elementLocator [By.id: bla], numberOfTries[1], stateOfPresence[false]... @01-11-2021 11:43:33.0900 AM
[ReportManager] Element Action [WaitForElementToBePresent] successfully performed. With the following test data [waited for the element's state of presence to be (false). Element locator (By.id: bla)]. @01-11-2021 11:43:39.0090 A
[ReportManager] Browser Action [CloseCurrentWindow] successfully performed. @01-11-2021 11:43:39.0323 AM
[ReportManager] Successfully created attachment [Browser Action Test Data - CloseCurrentWindow - Actual Value] @01-11-2021 11:43:39.0324 A
[ReportManager] File Action [GetAbsolutePath] successfully performed. With the following test data [Relative Folder Path: "target/downloadedFiles/"]. @01-11-2021 11:43:39.0326 AM
[ReportManager] Attempting to run remotely on: [Linux-64], [GoogleChrome], [http://localhost:4444/wd/hub], Headless Execution. @01-11-2021 11:43:39.0326 AM
[ReportManager] Successfully Opened [GoogleChrome]. @01-11-2021 11:43:42.0727 A

################################################################################################################################################
Starting Execution:	[65 out of 143] test cases in the current suite
Test Method:		[unitTests.tests_element_elementActions.waitForElementToBePresent_moreThanOneElement_expectedToFail]
################################################################################################################################################
[ReportManager] Target URL: [https://www.google.com/ncr], and after redirection: [www.google.com] @01-11-2021 11:43:42.0731 AM
[ReportManager] Initial URL: [data:,] @01-11-2021 11:43:42.0815 AM
[ReportManager] Browser Action [NavigateToURL] successfully performed. With the following test data [https://www.google.com/ncr]. @01-11-2021 11:43:43.0902 AM
[ReportManager] Waiting for element to be present; elementLocator [By.xpath: //*], numberOfTries[1], stateOfPresence[false]... @01-11-2021 11:43:43.0902 AM
[ReportManager] Element Action [WaitForElementToBePresent] failed. With the following test data [waited for the element's state of presence to be (false). Element locator (By.xpath: //*)]. @01-11-2021 11:43:44.0541 AM
[ReportManager] Successfully created attachment [Screenshot - 1635767024315_waitForElementToBePresent_moreThanOneElement_expectedToFail_WaitForElementToBePresent_failed] @01-11-2021 11:43:44.0543 A
[ReportManager] Browser Action [CloseCurrentWindow] successfully performed. @01-11-2021 11:43:44.0702 AM
[ReportManager] Successfully created attachment [Browser Action Test Data - CloseCurrentWindow - Actual Value] @01-11-2021 11:43:44.0703 A
[ReportManager] File Action [GetAbsolutePath] successfully performed. With the following test data [Relative Folder Path: "target/downloadedFiles/"]. @01-11-2021 11:43:44.0711 AM
[ReportManager] Attempting to run remotely on: [Linux-64], [GoogleChrome], [http://localhost:4444/wd/hub], Headless Execution. @01-11-2021 11:43:44.0711 AM
[ReportManager] Successfully Opened [GoogleChrome]. @01-11-2021 11:43:47.0687 A

################################################################################################################################################
Starting Execution:	[66 out of 143] test cases in the current suite
Test Method:		[unitTests.tests_element_elementActions.waitForElementToBePresent_true_expectedToFail]
################################################################################################################################################
[ReportManager] Target URL: [https://www.google.com/ncr], and after redirection: [www.google.com] @01-11-2021 11:43:47.0693 AM
[ReportManager] Initial URL: [data:,] @01-11-2021 11:43:47.0750 AM
[ReportManager] Browser Action [NavigateToURL] successfully performed. With the following test data [https://www.google.com/ncr]. @01-11-2021 11:43:48.0768 AM
[ReportManager] Waiting for element to be present; elementLocator [By.id: bla], numberOfTries[1], stateOfPresence[true]... @01-11-2021 11:43:48.0768 AM
[ReportManager] Element Action [WaitForElementToBePresent] failed. With the following test data [waited for the element's state of presence to be (true). Element locator (By.id: bla)]. @01-11-2021 11:43:54.0410 AM
[ReportManager] Successfully created attachment [Screenshot - 1635767034197_waitForElementToBePresent_true_expectedToFail_WaitForElementToBePresent_failed] @01-11-2021 11:43:54.0412 A
[ReportManager] Browser Action [CloseCurrentWindow] successfully performed. @01-11-2021 11:43:54.0585 AM
[ReportManager] Successfully created attachment [Browser Action Test Data - CloseCurrentWindow - Actual Value] @01-11-2021 11:43:54.0586 A
[ReportManager] File Action [GetAbsolutePath] successfully performed. With the following test data [Relative Folder Path: "target/downloadedFiles/"]. @01-11-2021 11:43:54.0594 AM
[ReportManager] Attempting to run remotely on: [Linux-64], [GoogleChrome], [http://localhost:4444/wd/hub], Headless Execution. @01-11-2021 11:43:54.0595 AM
[ReportManager] Successfully Opened [GoogleChrome]. @01-11-2021 11:43:57.0678 A

################################################################################################################################################
Starting Execution:	[67 out of 143] test cases in the current suite
Test Method:		[unitTests.tests_element_elementActions.waitForElementToBePresent_true_expectedToPass]
################################################################################################################################################
[ReportManager] Target URL: [https://www.google.com/ncr], and after redirection: [www.google.com] @01-11-2021 11:43:57.0681 AM
[ReportManager] Initial URL: [data:,] @01-11-2021 11:43:57.0756 AM
[ReportManager] Browser Action [NavigateToURL] successfully performed. With the following test data [https://www.google.com/ncr]. @01-11-2021 11:43:58.0734 AM
[ReportManager] Waiting for element to be present; elementLocator [By.xpath: //*[@id='hplogo' or @alt='Google']], numberOfTries[1], stateOfPresence[true]... @01-11-2021 11:43:58.0734 AM
[ReportManager] Element Action [WaitForElementToBePresent] successfully performed. With the following test data [waited for the element's state of presence to be (true). Element locator (By.xpath: //*[@id='hplogo' or @alt='Google'])]. @01-11-2021 11:43:58.0821 AM
[ReportManager] File Action [DoesFileExist] successfully performed. With the following test data [File Path: "src/test/resources/DynamicObjectRepository/unitTests_tests_element_elementActions_waitForElementToBePresent_true_expectedToPass_By_xpath_id_hplogo_or_alt_Google.png"]. @01-11-2021 11:43:58.0828 AM
[ReportManager] File Action [DoesFileExist] successfully performed. With the following test data [File Path: "src/test/resources/DynamicObjectRepository/unitTests_tests_element_elementActions_waitForElementToBePresent_true_expectedToPass_By_xpath_id_hplogo_or_alt_Google.png"]. @01-11-2021 11:43:59.0172 AM
[ReportManager] Passing the test and saving a reference image @01-11-2021 11:43:59.0172 AM
[ReportManager] File Action [GetAbsolutePath] successfully performed. With the following test data [Relative File Path: "src/test/resources/DynamicObjectRepository/unitTests_tests_element_elementActions_waitForElementToBePresent_true_expectedToPass_By_xpath_id_hplogo_or_alt_Google.png"]. @01-11-2021 11:43:59.0172 AM
[ReportManager] File Action [WriteToFile] successfully performed. With the following test data [Target File Path: "/home/runner/work/SHAFT_ENGINE/SHAFT_ENGINE/src/test/resources/DynamicObjectRepository/unitTests_tests_element_elementActions_waitForElementToBePresent_true_expectedToPass_By_xpath_id_hplogo_or_alt_Google.png"]. @01-11-2021 11:43:59.0180 AM
[ReportManager] Assertion Passed: Using Visual AI; OpenCV @01-11-2021 11:43:59.0181 AM
[ReportManager] Successfully created attachment [Validation Test Data - Actual Screenshot] @01-11-2021 11:43:59.0181 AM
[ReportManager] Assertion [ValidateElementMatches] PASSED. Expected [Element should match the reference screenshot] and Actual [TRUE]. Comparison Type [EXACT_OPENCV]. Validation Type [POSITIVE]. @01-11-2021 11:43:59.0181 A
[ReportManager] Browser Action [CloseCurrentWindow] successfully performed. @01-11-2021 11:43:59.0318 AM
[ReportManager] Successfully created attachment [Browser Action Test Data - CloseCurrentWindow - Actual Value] @01-11-2021 11:43:59.0319 A
[ReportManager] Successfully loaded the following test data file [src/test/resources/TestDataFiles/testSuite01/TestData.xlsx]. @01-11-2021 11:44:00.0458 AM
[ReportManager] Successfully created attachment [Test Data - Excel] @01-11-2021 11:44:00.0458 A

################################################################################################################################################
Starting Execution:	[68 out of 143] test cases in the current suite
Test Method:		[unitTests.tests_io_excelFileManager.getCellData_rowName_expectedToPass]
################################################################################################################################################
[ReportManager] testRowData. @01-11-2021 11:44:00.0473 A

################################################################################################################################################
Starting Execution:	[69 out of 143] test cases in the current suite
Test Method:		[testPackage01.Test_testData.f]
################################################################################################################################################
[ReportManager] Successfully loaded the following test data file [src/test/resources/TestDataFiles/testSuite01/TestData.xlsx]. @01-11-2021 11:44:00.0509 AM
[ReportManager] Successfully created attachment [Test Data - Excel] @01-11-2021 11:44:00.0510 AM
[ReportManager] Last Column Number is: [3]. Zero-based. @01-11-2021 11:44:00.0510 A

################################################################################################################################################
Starting Execution:	[70 out of 143] test cases in the current suite
Test Method:		[testPackage01.Test_SkipDueToIssue.doNotSkip]
################################################################################################################################################
[ReportManager] This should not be skipped. @01-11-2021 11:44:00.0519 A

################################################################################################################################################
Starting Execution:	[71 out of 143] test cases in the current suite
Test Method:		[testPackage01.Test_SkipDueToIssue.skip]
################################################################################################################################################
[ReportManager] This should be skipped. @01-11-2021 11:44:00.0529 A

################################################################################################################################################
Starting Execution:	[72 out of 143] test cases in the current suite
Test Method:		[testPackage01.Test_SkipDueToIssue.skip2]
################################################################################################################################################
[ReportManager] This should be skipped. @01-11-2021 11:44:00.0539 A

################################################################################################################################################
Starting Execution:	[73 out of 143] test cases in the current suite
Test Method:		[testPackage01.Test_chainableElementActions.chainElementActions]
################################################################################################################################################
[ReportManager] File Action [GetAbsolutePath] successfully performed. With the following test data [Relative Folder Path: "target/downloadedFiles/"]. @01-11-2021 11:44:00.0546 AM
[ReportManager] Attempting to run remotely on: [Linux-64], [GoogleChrome], [http://localhost:4444/wd/hub], Headless Execution. @01-11-2021 11:44:00.0546 AM
[ReportManager] Successfully Opened [GoogleChrome]. @01-11-2021 11:44:02.0702 AM
[ReportManager] Target URL: [https://www.google.com/ncr], and after redirection: [https://www.google.com] @01-11-2021 11:44:02.0702 AM
[ReportManager] Initial URL: [data:,] @01-11-2021 11:44:02.0801 AM
[ReportManager] Browser Action [NavigateToURL] successfully performed. With the following test data [https://www.google.com/ncr]. @01-11-2021 11:44:03.0768 AM
[ReportManager] Element Action [Type] successfully performed. With the following test data [chained type 1]. @01-11-2021 11:44:04.0348 AM
[ReportManager] Element Action [Type] successfully performed. With the following test data [chained type 2]. @01-11-2021 11:44:04.0941 AM
[ReportManager] Element Action [TypeAppend] successfully performed. With the following test data [345]. @01-11-2021 11:44:05.0093 AM
[ReportManager] Element Action [GetText] successfully performed. With the following test data [chained type 2345]. @01-11-2021 11:44:05.0318 AM
[ReportManager] Loaded Shared OpenCV @01-11-2021 11:44:05.0726 AM
[ReportManager] Assertion [ValidateElementAttribute] PASSED. Expected [Value Should be 'chained type 2345' for the 'text' attribute, element locator 'By.name: q'] and Actual [chained type 2345]. Comparison Type [EQUALS]. Validation Type [POSITIVE]. @01-11-2021 11:44:05.0969 AM
[ReportManager] Successfully created attachment [Screenshot - 1635767045726_chainElementActions_ValidateElementAttribute_passed] @01-11-2021 11:44:05.0971 AM
[ReportManager] Browser Action [CloseCurrentWindow] successfully performed. @01-11-2021 11:44:06.0112 AM
[ReportManager] Successfully created attachment [Browser Action Test Data - CloseCurrentWindow - Actual Value] @01-11-2021 11:44:06.0113 A

################################################################################################################################################
Starting Execution:	[74 out of 143] test cases in the current suite
Test Method:		[testPackage01.Test_NewValidationHelper.f1]
################################################################################################################################################
[ReportManager] Assertion Passed: Checking valid user data @01-11-2021 11:44:06.0133 AM
[ReportManager] Successfully created attachment [Validation Test Data - Expected Value] @01-11-2021 11:44:06.0133 AM
[ReportManager] Successfully created attachment [Validation Test Data - Actual Value] @01-11-2021 11:44:06.0133 AM
[ReportManager] Assertion [ValidateEquals] PASSED. Expected and Actual values are attached. Comparison Type [EQUALS]. Validation Type [POSITIVE]. @01-11-2021 11:44:06.0133 A
[ReportManager] File Action [GetAbsolutePath] successfully performed. With the following test data [Relative Folder Path: "target/downloadedFiles/"]. @01-11-2021 11:44:06.0138 AM
[ReportManager] Attempting to run remotely on: [Linux-64], [GoogleChrome], [http://localhost:4444/wd/hub], Headless Execution. @01-11-2021 11:44:06.0138 AM
[ReportManager] Successfully Opened [GoogleChrome]. @01-11-2021 11:44:07.0701 AM
[ReportManager] Target URL: [https://the-internet.herokuapp.com/] @01-11-2021 11:44:07.0701 AM
[ReportManager] Initial URL: [data:,] @01-11-2021 11:44:07.0786 AM
[ReportManager] Browser Action [NavigateToURL] successfully performed. With the following test data [https://the-internet.herokuapp.com/]. @01-11-2021 11:44:08.0343 A

################################################################################################################################################
Starting Execution:	[75 out of 143] test cases in the current suite
Test Method:		[testPackage01.Test_NewValidationHelper.f10]
################################################################################################################################################
[ReportManager] Assertion [ValidateElementExists] FAILED. Expected [Element Should Exist, locator 'By.tagName: div'] and Actual [Element Exists but is not unique]. Comparison Type [EQUALS]. Validation Type [POSITIVE]. @01-11-2021 11:44:08.0968 AM
[ReportManager] Successfully created attachment [Screenshot - 1635767048768_f10_ValidateElementExists_failed] @01-11-2021 11:44:08.0969 A
[ReportManager] Successfully Closed All Drivers. @01-11-2021 11:44:09.0075 A
[ReportManager] File Action [GetAbsolutePath] successfully performed. With the following test data [Relative Folder Path: "target/downloadedFiles/"]. @01-11-2021 11:44:09.0078 AM
[ReportManager] Attempting to run remotely on: [Linux-64], [GoogleChrome], [http://localhost:4444/wd/hub], Headless Execution. @01-11-2021 11:44:09.0078 AM
[ReportManager] Successfully Opened [GoogleChrome]. @01-11-2021 11:44:12.0695 AM
[ReportManager] Target URL: [https://the-internet.herokuapp.com/] @01-11-2021 11:44:12.0695 AM
[ReportManager] Initial URL: [data:,] @01-11-2021 11:44:12.0763 AM
[ReportManager] Browser Action [NavigateToURL] successfully performed. With the following test data [https://the-internet.herokuapp.com/]. @01-11-2021 11:44:13.0260 A

################################################################################################################################################
Starting Execution:	[76 out of 143] test cases in the current suite
Test Method:		[testPackage01.Test_NewValidationHelper.f11]
################################################################################################################################################
[ReportManager] Assertion Passed: Checking that false tag doesn't exist @01-11-2021 11:44:24.0039 AM
[ReportManager] Successfully created attachment [Screenshot - 1635767063843_f11_ValidateElementExists_passed] @01-11-2021 11:44:24.0040 AM
[ReportManager] Assertion [ValidateElementExists] PASSED. Expected [Element Should not Exist, locator 'By.tagName: h3'] and Actual [Element Doesn't Exists]. Comparison Type [EQUALS]. Validation Type [NEGATIVE]. @01-11-2021 11:44:24.0040 A
[ReportManager] Successfully Closed All Drivers. @01-11-2021 11:44:24.0135 A
[ReportManager] File Action [GetAbsolutePath] successfully performed. With the following test data [Relative Folder Path: "target/downloadedFiles/"]. @01-11-2021 11:44:24.0137 AM
[ReportManager] Attempting to run remotely on: [Linux-64], [GoogleChrome], [http://localhost:4444/wd/hub], Headless Execution. @01-11-2021 11:44:24.0137 AM
[ReportManager] Successfully Opened [GoogleChrome]. @01-11-2021 11:44:27.0707 AM
[ReportManager] Target URL: [https://the-internet.herokuapp.com/] @01-11-2021 11:44:27.0707 AM
[ReportManager] Initial URL: [data:,] @01-11-2021 11:44:27.0773 AM
[ReportManager] Browser Action [NavigateToURL] successfully performed. With the following test data [https://the-internet.herokuapp.com/]. @01-11-2021 11:44:28.0570 A

################################################################################################################################################
Starting Execution:	[77 out of 143] test cases in the current suite
Test Method:		[testPackage01.Test_NewValidationHelper.f12]
################################################################################################################################################
[ReportManager] Loaded Shared OpenCV @01-11-2021 11:44:29.0121 AM
[ReportManager] Assertion [ValidateElementExists] FAILED. Expected [Element Should not Exist, locator 'By.tagName: h1'] and Actual [Element Exists]. Comparison Type [EQUALS]. Validation Type [NEGATIVE]. @01-11-2021 11:44:29.0391 AM
[ReportManager] Successfully created attachment [Screenshot - 1635767069121_f12_ValidateElementExists_failed] @01-11-2021 11:44:29.0393 A
[ReportManager] Successfully Closed All Drivers. @01-11-2021 11:44:29.0485 A
[ReportManager] File Action [GetAbsolutePath] successfully performed. With the following test data [Relative Folder Path: "target/downloadedFiles/"]. @01-11-2021 11:44:29.0488 AM
[ReportManager] Attempting to run remotely on: [Linux-64], [GoogleChrome], [http://localhost:4444/wd/hub], Headless Execution. @01-11-2021 11:44:29.0488 AM
[ReportManager] Successfully Opened [GoogleChrome]. @01-11-2021 11:44:32.0725 AM
[ReportManager] Target URL: [https://the-internet.herokuapp.com/] @01-11-2021 11:44:32.0730 AM
[ReportManager] Initial URL: [data:,] @01-11-2021 11:44:32.0816 AM
[ReportManager] Browser Action [NavigateToURL] successfully performed. With the following test data [https://the-internet.herokuapp.com/]. @01-11-2021 11:44:33.0349 A

################################################################################################################################################
Starting Execution:	[78 out of 143] test cases in the current suite
Test Method:		[testPackage01.Test_NewValidationHelper.f13]
################################################################################################################################################
[ReportManager] Assertion [ValidateElementExists] FAILED. Expected [Element Should not Exist, locator 'By.tagName: div'] and Actual [Element Exists but is not unique]. Comparison Type [EQUALS]. Validation Type [NEGATIVE]. @01-11-2021 11:44:33.0967 AM
[ReportManager] Successfully created attachment [Screenshot - 1635767073763_f13_ValidateElementExists_failed] @01-11-2021 11:44:33.0968 A
[ReportManager] Successfully Closed All Drivers. @01-11-2021 11:44:34.0063 A
[ReportManager] File Action [GetAbsolutePath] successfully performed. With the following test data [Relative Folder Path: "target/downloadedFiles/"]. @01-11-2021 11:44:34.0065 AM
[ReportManager] Attempting to run remotely on: [Linux-64], [GoogleChrome], [http://localhost:4444/wd/hub], Headless Execution. @01-11-2021 11:44:34.0065 AM
[ReportManager] Successfully Opened [GoogleChrome]. @01-11-2021 11:44:37.0700 AM
[ReportManager] Target URL: [https://the-internet.herokuapp.com/] @01-11-2021 11:44:37.0700 AM
[ReportManager] Initial URL: [data:,] @01-11-2021 11:44:37.0835 AM
[ReportManager] Browser Action [NavigateToURL] successfully performed. With the following test data [https://the-internet.herokuapp.com/]. @01-11-2021 11:44:38.0435 A

################################################################################################################################################
Starting Execution:	[79 out of 143] test cases in the current suite
Test Method:		[testPackage01.Test_NewValidationHelper.f14]
################################################################################################################################################
[ReportManager] Element Action [GetText] successfully performed. With the following test data [Welcome to the-internet]. @01-11-2021 11:44:38.0584 AM
[ReportManager] Loaded Shared OpenCV @01-11-2021 11:44:38.0953 AM
[ReportManager] Assertion Passed: Asserting that the header text is correct @01-11-2021 11:44:39.0202 AM
[ReportManager] Successfully created attachment [Screenshot - 1635767078953_f14_ValidateElementAttribute_passed] @01-11-2021 11:44:39.0204 AM
[ReportManager] Assertion [ValidateElementAttribute] PASSED. Expected [Value Should be 'Welcome to the-internet' for the 'text' attribute, element locator 'By.tagName: h1'] and Actual [Welcome to the-internet]. Comparison Type [EQUALS]. Validation Type [POSITIVE]. @01-11-2021 11:44:39.0204 A
[ReportManager] Successfully Closed All Drivers. @01-11-2021 11:44:39.0299 A
[ReportManager] File Action [GetAbsolutePath] successfully performed. With the following test data [Relative Folder Path: "target/downloadedFiles/"]. @01-11-2021 11:44:39.0302 AM
[ReportManager] Attempting to run remotely on: [Linux-64], [GoogleChrome], [http://localhost:4444/wd/hub], Headless Execution. @01-11-2021 11:44:39.0303 AM
[ReportManager] Successfully Opened [GoogleChrome]. @01-11-2021 11:44:42.0734 AM
[ReportManager] Target URL: [https://the-internet.herokuapp.com/] @01-11-2021 11:44:42.0734 AM
[ReportManager] Initial URL: [data:,] @01-11-2021 11:44:42.0810 AM
[ReportManager] Browser Action [NavigateToURL] successfully performed. With the following test data [https://the-internet.herokuapp.com/]. @01-11-2021 11:44:43.0361 A

################################################################################################################################################
Starting Execution:	[80 out of 143] test cases in the current suite
Test Method:		[testPackage01.Test_NewValidationHelper.f15]
################################################################################################################################################
[ReportManager] Element Action [GetText] successfully performed. With the following test data [Welcome to the-internet]. @01-11-2021 11:44:43.0528 AM
[ReportManager] Loaded Shared OpenCV @01-11-2021 11:44:43.0917 AM
[ReportManager] Assertion [ValidateElementAttribute] FAILED. Expected [Value Should not be 'Welcome' for the 'text' attribute, element locator 'By.tagName: h1'] and Actual [Welcome to the-internet]. Comparison Type [CONTAINS]. Validation Type [NEGATIVE]. @01-11-2021 11:44:44.0161 AM
[ReportManager] Successfully created attachment [Screenshot - 1635767083917_f15_ValidateElementAttribute_failed] @01-11-2021 11:44:44.0163 A
[ReportManager] Successfully Closed All Drivers. @01-11-2021 11:44:44.0267 A
[ReportManager] File Action [GetAbsolutePath] successfully performed. With the following test data [Relative Folder Path: "target/downloadedFiles/"]. @01-11-2021 11:44:44.0272 AM
[ReportManager] Attempting to run remotely on: [Linux-64], [GoogleChrome], [http://localhost:4444/wd/hub], Headless Execution. @01-11-2021 11:44:44.0272 AM
[ReportManager] Successfully Opened [GoogleChrome]. @01-11-2021 11:44:47.0699 AM
[ReportManager] Target URL: [https://the-internet.herokuapp.com/] @01-11-2021 11:44:47.0699 AM
[ReportManager] Initial URL: [data:,] @01-11-2021 11:44:47.0762 AM
[ReportManager] Browser Action [NavigateToURL] successfully performed. With the following test data [https://the-internet.herokuapp.com/]. @01-11-2021 11:44:48.0330 A

################################################################################################################################################
Starting Execution:	[81 out of 143] test cases in the current suite
Test Method:		[testPackage01.Test_NewValidationHelper.f16]
################################################################################################################################################
[ReportManager] Element Action [IdentifyUniqueElement] failed. With the following test data [zero elements found matching this locator "By.tagName: h3".]. @01-11-2021 11:45:14.0308 AM
[ReportManager] Successfully created attachment [Screenshot - 1635767114104_f16_IdentifyUniqueElement_failed] @01-11-2021 11:45:14.0309 AM
[ReportManager] Assertion [ValidateElementAttribute] FAILED. Expected [Value Should not be 'Welcome' for the 'text' attribute, element locator 'By.tagName: h3'] and Actual [Failed to read the desired element attribute]. Comparison Type [CONTAINS]. Validation Type [NEGATIVE]. @01-11-2021 11:45:14.0310 A
[ReportManager] Successfully Closed All Drivers. @01-11-2021 11:45:14.0404 A
[ReportManager] File Action [GetAbsolutePath] successfully performed. With the following test data [Relative Folder Path: "target/downloadedFiles/"]. @01-11-2021 11:45:14.0406 AM
[ReportManager] Attempting to run remotely on: [Linux-64], [GoogleChrome], [http://localhost:4444/wd/hub], Headless Execution. @01-11-2021 11:45:14.0406 AM
[ReportManager] Successfully Opened [GoogleChrome]. @01-11-2021 11:45:17.0707 AM
[ReportManager] Target URL: [https://the-internet.herokuapp.com/] @01-11-2021 11:45:17.0707 AM
[ReportManager] Initial URL: [data:,] @01-11-2021 11:45:17.0783 AM
[ReportManager] Browser Action [NavigateToURL] successfully performed. With the following test data [https://the-internet.herokuapp.com/]. @01-11-2021 11:45:18.0309 A

################################################################################################################################################
Starting Execution:	[82 out of 143] test cases in the current suite
Test Method:		[testPackage01.Test_NewValidationHelper.f17]
################################################################################################################################################
[ReportManager] Attempting to getAttribute [text2] from elementLocator [By.tagName: h1]. @01-11-2021 11:45:18.0312 AM
[ReportManager] Element Action [GetAttribute] successfully performed. @01-11-2021 11:45:18.0486 AM
[ReportManager] Loaded Shared OpenCV @01-11-2021 11:45:18.0967 AM
[ReportManager] Assertion [ValidateElementAttribute] PASSED. Expected [Value Should not be 'Welcome' for the 'text2' attribute, element locator 'By.tagName: h1'] and Actual [null]. Comparison Type [CONTAINS]. Validation Type [NEGATIVE]. @01-11-2021 11:45:19.0232 AM
[ReportManager] Successfully created attachment [Screenshot - 1635767118967_f17_ValidateElementAttribute_passed] @01-11-2021 11:45:19.0234 A
[ReportManager] Successfully Closed All Drivers. @01-11-2021 11:45:19.0375 A
[ReportManager] File Action [GetAbsolutePath] successfully performed. With the following test data [Relative Folder Path: "target/downloadedFiles/"]. @01-11-2021 11:45:19.0379 AM
[ReportManager] Attempting to run remotely on: [Linux-64], [GoogleChrome], [http://localhost:4444/wd/hub], Headless Execution. @01-11-2021 11:45:19.0380 AM
[ReportManager] Successfully Opened [GoogleChrome]. @01-11-2021 11:45:22.0718 AM
[ReportManager] Target URL: [https://the-internet.herokuapp.com/] @01-11-2021 11:45:22.0718 AM
[ReportManager] Initial URL: [data:,] @01-11-2021 11:45:22.0781 AM
[ReportManager] Browser Action [NavigateToURL] successfully performed. With the following test data [https://the-internet.herokuapp.com/]. @01-11-2021 11:45:23.0320 A

################################################################################################################################################
Starting Execution:	[83 out of 143] test cases in the current suite
Test Method:		[testPackage01.Test_NewValidationHelper.f18]
################################################################################################################################################
[ReportManager] Element Action [GetText] successfully performed. With the following test data [Welcome to the-internet]. @01-11-2021 11:45:23.0465 AM
[ReportManager] Loaded Shared OpenCV @01-11-2021 11:45:23.0808 AM
[ReportManager] Assertion [ValidateElementAttribute] PASSED. Expected [Value Should not be 'no' for the 'text' attribute, element locator 'By.tagName: h1'] and Actual [Welcome to the-internet]. Comparison Type [CONTAINS]. Validation Type [NEGATIVE]. @01-11-2021 11:45:24.0061 AM
[ReportManager] Successfully created attachment [Screenshot - 1635767123808_f18_ValidateElementAttribute_passed] @01-11-2021 11:45:24.0062 A
[ReportManager] Successfully Closed All Drivers. @01-11-2021 11:45:24.0177 A

################################################################################################################################################
Starting Execution:	[84 out of 143] test cases in the current suite
Test Method:		[testPackage01.Test_NewValidationHelper.f2]
################################################################################################################################################
[ReportManager] Assertion Failed: Checking valid user data @01-11-2021 11:45:24.0186 AM
[ReportManager] Assertion [ValidateEquals] FAILED. Expected [1] and Actual [2]. Comparison Type [EQUALS]. Validation Type [POSITIVE]. @01-11-2021 11:45:24.0187 A
[ReportManager] File Action [GetAbsolutePath] successfully performed. With the following test data [Relative Folder Path: "target/downloadedFiles/"]. @01-11-2021 11:45:24.0190 AM
[ReportManager] Attempting to run remotely on: [Linux-64], [GoogleChrome], [http://localhost:4444/wd/hub], Headless Execution. @01-11-2021 11:45:24.0190 AM
[ReportManager] Successfully Opened [GoogleChrome]. @01-11-2021 11:45:27.0716 AM
[ReportManager] Target URL: [https://the-internet.herokuapp.com/] @01-11-2021 11:45:27.0716 AM
[ReportManager] Initial URL: [data:,] @01-11-2021 11:45:27.0843 AM
[ReportManager] Browser Action [NavigateToURL] successfully performed. With the following test data [https://the-internet.herokuapp.com/]. @01-11-2021 11:45:28.0450 A

################################################################################################################################################
Starting Execution:	[85 out of 143] test cases in the current suite
Test Method:		[testPackage01.Test_NewValidationHelper.f20]
################################################################################################################################################
[ReportManager] Element Action [GetSize] successfully performed. With the following test data [(970, 61)]. @01-11-2021 11:45:28.0592 AM
[ReportManager] Loaded Shared OpenCV @01-11-2021 11:45:28.0927 AM
[ReportManager] Assertion [ValidateElementAttribute] PASSED. Expected [Value Should not be 'a' for the 'size' attribute, element locator 'By.tagName: h1'] and Actual [(970, 61)]. Comparison Type [CONTAINS]. Validation Type [NEGATIVE]. @01-11-2021 11:45:29.0179 AM
[ReportManager] Successfully created attachment [Screenshot - 1635767128927_f20_ValidateElementAttribute_passed] @01-11-2021 11:45:29.0181 A
[ReportManager] Successfully Closed All Drivers. @01-11-2021 11:45:29.0278 A
[ReportManager] File Action [GetAbsolutePath] successfully performed. With the following test data [Relative Folder Path: "target/downloadedFiles/"]. @01-11-2021 11:45:29.0280 AM
[ReportManager] Attempting to run remotely on: [Linux-64], [GoogleChrome], [http://localhost:4444/wd/hub], Headless Execution. @01-11-2021 11:45:29.0280 AM
[ReportManager] Successfully Opened [GoogleChrome]. @01-11-2021 11:45:32.0723 AM
[ReportManager] Target URL: [https://the-internet.herokuapp.com/] @01-11-2021 11:45:32.0723 AM
[ReportManager] Initial URL: [data:,] @01-11-2021 11:45:32.0825 AM
[ReportManager] Browser Action [NavigateToURL] successfully performed. With the following test data [https://the-internet.herokuapp.com/]. @01-11-2021 11:45:33.0364 A

################################################################################################################################################
Starting Execution:	[86 out of 143] test cases in the current suite
Test Method:		[testPackage01.Test_NewValidationHelper.f21]
################################################################################################################################################
[ReportManager] Element Action [IdentifyUniqueElement] failed. With the following test data [zero elements found matching this locator "By.tagName: h3".]. @01-11-2021 11:45:59.0326 AM
[ReportManager] Successfully created attachment [Screenshot - 1635767159129_f21_IdentifyUniqueElement_failed] @01-11-2021 11:45:59.0327 AM
[ReportManager] Assertion [ValidateElementAttribute] FAILED. Expected [Value Should be 'Welcome' for the 'text' attribute, element locator 'By.tagName: h3'] and Actual [Failed to read the desired element attribute]. Comparison Type [CONTAINS]. Validation Type [POSITIVE]. @01-11-2021 11:45:59.0327 A
[ReportManager] Successfully Closed All Drivers. @01-11-2021 11:45:59.0433 A
[ReportManager] File Action [GetAbsolutePath] successfully performed. With the following test data [Relative Folder Path: "target/downloadedFiles/"]. @01-11-2021 11:45:59.0435 AM
[ReportManager] Attempting to run remotely on: [Linux-64], [GoogleChrome], [http://localhost:4444/wd/hub], Headless Execution. @01-11-2021 11:45:59.0435 AM
[ReportManager] Successfully Opened [GoogleChrome]. @01-11-2021 11:46:02.0726 AM
[ReportManager] Target URL: [https://the-internet.herokuapp.com/] @01-11-2021 11:46:02.0726 AM
[ReportManager] Initial URL: [data:,] @01-11-2021 11:46:02.0810 AM
[ReportManager] Browser Action [NavigateToURL] successfully performed. With the following test data [https://the-internet.herokuapp.com/]. @01-11-2021 11:46:03.0454 A

################################################################################################################################################
Starting Execution:	[87 out of 143] test cases in the current suite
Test Method:		[testPackage01.Test_NewValidationHelper.f22]
################################################################################################################################################
[ReportManager] Element Action [GetText] successfully performed. With the following test data [Welcome to the-internet]. @01-11-2021 11:46:03.0594 AM
[ReportManager] Loaded Shared OpenCV @01-11-2021 11:46:04.0006 AM
[ReportManager] Assertion [ValidateElementAttribute] FAILED. Expected [Value Should be 'yyy' for the 'text' attribute, element locator 'By.tagName: h1'] and Actual [Welcome to the-internet]. Comparison Type [CONTAINS]. Validation Type [POSITIVE]. @01-11-2021 11:46:04.0300 AM
[ReportManager] Successfully created attachment [Screenshot - 1635767164006_f22_ValidateElementAttribute_failed] @01-11-2021 11:46:04.0302 A
[ReportManager] Successfully Closed All Drivers. @01-11-2021 11:46:04.0397 A

################################################################################################################################################
Starting Execution:	[88 out of 143] test cases in the current suite
Test Method:		[testPackage01.Test_NewValidationHelper.f23]
################################################################################################################################################
[ReportManager] Assertion Passed: confirming that the actual is greater than or equal to the expected @01-11-2021 11:46:04.0406 AM
[ReportManager] Assertion [ValidateComparativeRelation] PASSED. Expected [1] and Actual [1]. Comparison Type [GREATER_THAN_OR_EQUALS]. Validation Type [POSITIVE]. @01-11-2021 11:46:04.0406 A

################################################################################################################################################
Starting Execution:	[89 out of 143] test cases in the current suite
Test Method:		[testPackage01.Test_NewValidationHelper.f24]
################################################################################################################################################
[ReportManager] Assertion [ValidateComparativeRelation] PASSED. Expected [1] and Actual [10]. Comparison Type [GREATER_THAN_OR_EQUALS]. Validation Type [POSITIVE]. @01-11-2021 11:46:04.0422 A

################################################################################################################################################
Starting Execution:	[90 out of 143] test cases in the current suite
Test Method:		[testPackage01.Test_NewValidationHelper.f25]
################################################################################################################################################
[ReportManager] Assertion [ValidateComparativeRelation] PASSED. Expected [1] and Actual [1]. Comparison Type [EQUALS]. Validation Type [POSITIVE]. @01-11-2021 11:46:04.0428 A

################################################################################################################################################
Starting Execution:	[91 out of 143] test cases in the current suite
Test Method:		[testPackage01.Test_NewValidationHelper.f26]
################################################################################################################################################
[ReportManager] Assertion [ValidateComparativeRelation] PASSED. Expected [1] and Actual [5]. Comparison Type [GREATER_THAN]. Validation Type [POSITIVE]. @01-11-2021 11:46:04.0433 A

################################################################################################################################################
Starting Execution:	[92 out of 143] test cases in the current suite
Test Method:		[testPackage01.Test_NewValidationHelper.f27]
################################################################################################################################################
[ReportManager] Assertion [ValidateComparativeRelation] PASSED. Expected [11] and Actual [5]. Comparison Type [LESS_THAN]. Validation Type [POSITIVE]. @01-11-2021 11:46:04.0436 A

################################################################################################################################################
Starting Execution:	[93 out of 143] test cases in the current suite
Test Method:		[testPackage01.Test_NewValidationHelper.f28]
################################################################################################################################################
[ReportManager] Assertion [ValidateComparativeRelation] PASSED. Expected [11] and Actual [5]. Comparison Type [LESS_THAN_OR_EQUALS]. Validation Type [POSITIVE]. @01-11-2021 11:46:04.0438 A

################################################################################################################################################
Starting Execution:	[94 out of 143] test cases in the current suite
Test Method:		[testPackage01.Test_NewValidationHelper.f29]
################################################################################################################################################
[ReportManager] Assertion [ValidateComparativeRelation] PASSED. Expected [11] and Actual [11]. Comparison Type [LESS_THAN_OR_EQUALS]. Validation Type [POSITIVE]. @01-11-2021 11:46:04.0441 A

################################################################################################################################################
Starting Execution:	[95 out of 143] test cases in the current suite
Test Method:		[testPackage01.Test_NewValidationHelper.f3]
################################################################################################################################################
[ReportManager] Assertion [ValidateEquals] PASSED. Expected [1] and Actual [2]. Comparison Type [EQUALS]. Validation Type [NEGATIVE]. @01-11-2021 11:46:04.0444 A

################################################################################################################################################
Starting Execution:	[96 out of 143] test cases in the current suite
Test Method:		[testPackage01.Test_NewValidationHelper.f30]
################################################################################################################################################
[ReportManager] Assertion [ValidateComparativeRelation] FAILED. Expected [-9] and Actual [11]. Comparison Type [LESS_THAN_OR_EQUALS]. Validation Type [POSITIVE]. @01-11-2021 11:46:04.0453 A

################################################################################################################################################
Starting Execution:	[97 out of 143] test cases in the current suite
Test Method:		[testPackage01.Test_NewValidationHelper.f31]
################################################################################################################################################
[ReportManager] Assertion [ValidateTrue] PASSED. Expected [TRUE] and Actual [TRUE]. Validation Type [POSITIVE]. @01-11-2021 11:46:04.0455 A

################################################################################################################################################
Starting Execution:	[98 out of 143] test cases in the current suite
Test Method:		[testPackage01.Test_NewValidationHelper.f32]
################################################################################################################################################
[ReportManager] Assertion [ValidateTrue] PASSED. Expected [FALSE] and Actual [FALSE]. Validation Type [NEGATIVE]. @01-11-2021 11:46:04.0466 A

################################################################################################################################################
Starting Execution:	[99 out of 143] test cases in the current suite
Test Method:		[testPackage01.Test_NewValidationHelper.f33]
################################################################################################################################################
[ReportManager] Assertion [ValidateTrue] FAILED. Expected [FALSE] and Actual [TRUE]. Validation Type [NEGATIVE]. @01-11-2021 11:46:04.0468 A

################################################################################################################################################
Starting Execution:	[100 out of 143] test cases in the current suite
Test Method:		[testPackage01.Test_NewValidationHelper.f34]
################################################################################################################################################
[ReportManager] Assertion [ValidateTrue] FAILED. Expected [TRUE] and Actual [FALSE]. Validation Type [POSITIVE]. @01-11-2021 11:46:04.0471 A

################################################################################################################################################
Starting Execution:	[101 out of 143] test cases in the current suite
Test Method:		[testPackage01.Test_NewValidationHelper.f35]
################################################################################################################################################
[ReportManager] File Action [DoesFileExist] successfully performed. With the following test data [File Path: "pom.xml"]. @01-11-2021 11:46:04.0479 AM
[ReportManager] Assertion [ValidateFileExists] PASSED. Expected [File 'pom.xml' should exist, after up to '1' retries] and Actual [File exists]. Validation Type [POSITIVE]. @01-11-2021 11:46:04.0479 A

################################################################################################################################################
Starting Execution:	[102 out of 143] test cases in the current suite
Test Method:		[testPackage01.Test_NewValidationHelper.f36]
################################################################################################################################################
[ReportManager] File Action [DoesFileExist] successfully performed. With the following test data [File Path: "src/test/java/testPackage01/Test_NewValidationHelper.java"]. @01-11-2021 11:46:04.0482 AM
[ReportManager] Assertion [ValidateFileExists] PASSED. Expected [File 'src/test/java/testPackage01/Test_NewValidationHelper.java' should exist, after up to '1' retries] and Actual [File exists]. Validation Type [POSITIVE]. @01-11-2021 11:46:04.0482 A

################################################################################################################################################
Starting Execution:	[103 out of 143] test cases in the current suite
Test Method:		[testPackage01.Test_NewValidationHelper.f37]
################################################################################################################################################
[ReportManager] File Action [DoesFileExist] successfully performed. With the following test data [File Path: "pom.xml"]. @01-11-2021 11:46:04.0485 AM
[ReportManager] Assertion Failed: confirming that the file does't exist after 5 retries @01-11-2021 11:46:04.0485 AM
[ReportManager] Assertion [ValidateFileExists] FAILED. Expected [File 'pom.xml' should not exist, after up to '5' retries] and Actual [File exists]. Validation Type [NEGATIVE]. @01-11-2021 11:46:04.0485 A

################################################################################################################################################
Starting Execution:	[104 out of 143] test cases in the current suite
Test Method:		[testPackage01.Test_NewValidationHelper.f3_1]
################################################################################################################################################
[ReportManager] Assertion Passed: Checking valid user data @01-11-2021 11:46:04.0488 AM
[ReportManager] Assertion [ValidateEquals] PASSED. Expected [null] and Actual [null]. Comparison Type [EQUALS]. Validation Type [POSITIVE]. @01-11-2021 11:46:04.0488 A

################################################################################################################################################
Starting Execution:	[105 out of 143] test cases in the current suite
Test Method:		[testPackage01.Test_NewValidationHelper.f4]
################################################################################################################################################
[ReportManager] Assertion [ValidateEquals] PASSED. Expected [1] and Actual [123]. Comparison Type [CONTAINS]. Validation Type [POSITIVE]. @01-11-2021 11:46:04.0490 A

################################################################################################################################################
Starting Execution:	[106 out of 143] test cases in the current suite
Test Method:		[testPackage01.Test_NewValidationHelper.f5]
################################################################################################################################################
[ReportManager] Assertion [ValidateNull] PASSED. Expected [NULL] and Actual [1]. Comparison Type [EQUALS]. Validation Type [NEGATIVE]. @01-11-2021 11:46:04.0492 A

################################################################################################################################################
Starting Execution:	[107 out of 143] test cases in the current suite
Test Method:		[testPackage01.Test_NewValidationHelper.f6]
################################################################################################################################################
[ReportManager] Assertion Failed: Making sure that null string is not equal to null object @01-11-2021 11:46:04.0507 AM
[ReportManager] Assertion [ValidateNull] FAILED. Expected [NULL] and Actual [NULL]. Comparison Type [EQUALS]. Validation Type [POSITIVE]. @01-11-2021 11:46:04.0507 A

################################################################################################################################################
Starting Execution:	[108 out of 143] test cases in the current suite
Test Method:		[testPackage01.Test_NewValidationHelper.f6_1]
################################################################################################################################################
[ReportManager] Assertion [ValidateNull] FAILED. Expected [NULL] and Actual [NULL]. Comparison Type [EQUALS]. Validation Type [NEGATIVE]. @01-11-2021 11:46:04.0510 A

################################################################################################################################################
Starting Execution:	[109 out of 143] test cases in the current suite
Test Method:		[testPackage01.Test_NewValidationHelper.f6_2]
################################################################################################################################################
[ReportManager] Assertion Failed: Making sure that null string is not equal to null object @01-11-2021 11:46:04.0513 AM
[ReportManager] Assertion [ValidateNull] FAILED. Expected [NULL] and Actual [not null]. Comparison Type [EQUALS]. Validation Type [POSITIVE]. @01-11-2021 11:46:04.0513 A

################################################################################################################################################
Starting Execution:	[110 out of 143] test cases in the current suite
Test Method:		[testPackage01.Test_NewValidationHelper.f7]
################################################################################################################################################
[ReportManager] Assertion [ValidateNull] PASSED. Expected [NULL] and Actual [NULL]. Comparison Type [EQUALS]. Validation Type [POSITIVE]. @01-11-2021 11:46:04.0516 A
[ReportManager] File Action [GetAbsolutePath] successfully performed. With the following test data [Relative Folder Path: "target/downloadedFiles/"]. @01-11-2021 11:46:04.0518 AM
[ReportManager] Attempting to run remotely on: [Linux-64], [GoogleChrome], [http://localhost:4444/wd/hub], Headless Execution. @01-11-2021 11:46:04.0518 AM
[ReportManager] Successfully Opened [GoogleChrome]. @01-11-2021 11:46:07.0745 AM
[ReportManager] Target URL: [https://the-internet.herokuapp.com/] @01-11-2021 11:46:07.0745 AM
[ReportManager] Initial URL: [data:,] @01-11-2021 11:46:07.0848 AM
[ReportManager] Browser Action [NavigateToURL] successfully performed. With the following test data [https://the-internet.herokuapp.com/]. @01-11-2021 11:46:08.0297 A

################################################################################################################################################
Starting Execution:	[111 out of 143] test cases in the current suite
Test Method:		[testPackage01.Test_NewValidationHelper.f8]
################################################################################################################################################
[ReportManager] Loaded Shared OpenCV @01-11-2021 11:46:08.0707 AM
[ReportManager] Assertion [ValidateElementExists] PASSED. Expected [Element Should Exist, locator 'By.tagName: h1'] and Actual [Element Exists]. Comparison Type [EQUALS]. Validation Type [POSITIVE]. @01-11-2021 11:46:08.0951 AM
[ReportManager] Successfully created attachment [Screenshot - 1635767168707_f8_ValidateElementExists_passed] @01-11-2021 11:46:08.0952 A
[ReportManager] Successfully Closed All Drivers. @01-11-2021 11:46:09.0047 A
[ReportManager] File Action [GetAbsolutePath] successfully performed. With the following test data [Relative Folder Path: "target/downloadedFiles/"]. @01-11-2021 11:46:09.0049 AM
[ReportManager] Attempting to run remotely on: [Linux-64], [GoogleChrome], [http://localhost:4444/wd/hub], Headless Execution. @01-11-2021 11:46:09.0049 AM
[ReportManager] Successfully Opened [GoogleChrome]. @01-11-2021 11:46:12.0730 AM
[ReportManager] Target URL: [https://the-internet.herokuapp.com/] @01-11-2021 11:46:12.0730 AM
[ReportManager] Initial URL: [data:,] @01-11-2021 11:46:12.0815 AM
[ReportManager] Browser Action [NavigateToURL] successfully performed. With the following test data [https://the-internet.herokuapp.com/]. @01-11-2021 11:46:13.0399 A

################################################################################################################################################
Starting Execution:	[112 out of 143] test cases in the current suite
Test Method:		[testPackage01.Test_NewValidationHelper.f9]
################################################################################################################################################
[ReportManager] Assertion [ValidateElementExists] FAILED. Expected [Element Should Exist, locator 'By.tagName: h3'] and Actual [Element Doesn't Exists]. Comparison Type [EQUALS]. Validation Type [POSITIVE]. @01-11-2021 11:46:44.0551 AM
[ReportManager] Successfully created attachment [Screenshot - 1635767204349_f9_ValidateElementExists_failed] @01-11-2021 11:46:44.0552 A
[ReportManager] Successfully Closed All Drivers. @01-11-2021 11:46:44.0653 A

################################################################################################################################################
Starting Execution:	[113 out of 143] test cases in the current suite
Test Method:		[testPackage01.Test_NewValidationHelper.forceFail]
################################################################################################################################################
[ReportManager] Assertion [ValidateFail] FAILED. Successfully force failed the test. @01-11-2021 11:46:44.0657 A

################################################################################################################################################
Starting Execution:	[114 out of 143] test cases in the current suite
Test Method:		[testPackage01.Test_NewValidationHelper.forceFail2]
################################################################################################################################################
[ReportManager] Assertion Failed: Custom Message @01-11-2021 11:46:44.0659 AM
[ReportManager] Assertion [ValidateFail] FAILED. Successfully force failed the test. @01-11-2021 11:46:44.0659 A

################################################################################################################################################
Starting Execution:	[115 out of 143] test cases in the current suite
Test Method:		[testPackage01.Test_sendGraphqlRequest.sendGraphqlRequestUsingMutationAndVariables]
################################################################################################################################################
[ReportManager] GraphQl Request is being Performed with the Following Parameters [Service URL: https://api.spacex.land/graphql | Request Body: {"variables":"{\"name\": \"sherlock holmes\",\"rocket\": \"221B Baker Street\"}","query":"mutation ($name: String, $rocket: String) {\n  insert_users(objects: {name: $name, rocket: $rocket}) {\n    returning {\n      name\n      rocket\n    }\n  }\n}"}] @01-11-2021 11:46:44.0672 AM
[ReportManager] Response status code: [200], status line: [HTTP/1.1 200 OK] @01-11-2021 11:46:44.0949 AM
[ReportManager] Assertion Passed: Evaluating the actual response status code against the expected one... @01-11-2021 11:46:44.0949 AM
[ReportManager] Assertion [ValidateEquals] PASSED. Expected [200] and Actual [200]. Comparison Type [EQUALS]. Validation Type [POSITIVE]. @01-11-2021 11:46:44.0949 AM
[ReportManager] API Action [PerformRequest] successfully performed. With the following test data [Request Type: "POST" | Target Status Code: "200" | Service URL: "https://api.spacex.land/graphql" | Content Type: "application/json" | Response Time: "147ms"]. @01-11-2021 11:46:44.0965 AM
[ReportManager] Successfully created attachment [API Request - Specifications] @01-11-2021 11:46:44.0965 AM
[ReportManager] Successfully created attachment [API Request - JSON Body] @01-11-2021 11:46:44.0966 AM
[ReportManager] Successfully created attachment [API Response - JSON Body] @01-11-2021 11:46:44.0966 AM
[ReportManager] API Action [GetResponseJSONValue] successfully performed. With the following test data [data.insert_users.returning[0].name]. @01-11-2021 11:46:45.0032 AM
[ReportManager] Assertion [ValidateEquals] PASSED. Expected [sherlock holmes] and Actual [sherlock holmes]. Comparison Type [EQUALS]. Validation Type [POSITIVE]. @01-11-2021 11:46:45.0032 A

################################################################################################################################################
Starting Execution:	[116 out of 143] test cases in the current suite
Test Method:		[testPackage01.Test_sendGraphqlRequest.sendGraphqlRequestUsingQuery]
################################################################################################################################################
[ReportManager] GraphQl Request is being Performed with the Following Parameters [Service URL: https://api.spacex.land/graphql | Request Body: {"query":"{company {ceo}}"}] @01-11-2021 11:46:45.0035 AM
[ReportManager] Response status code: [200], status line: [HTTP/1.1 200 OK] @01-11-2021 11:46:45.0110 AM
[ReportManager] Assertion Passed: Evaluating the actual response status code against the expected one... @01-11-2021 11:46:45.0110 AM
[ReportManager] Assertion [ValidateEquals] PASSED. Expected [200] and Actual [200]. Comparison Type [EQUALS]. Validation Type [POSITIVE]. @01-11-2021 11:46:45.0110 AM
[ReportManager] API Action [PerformRequest] successfully performed. With the following test data [Request Type: "POST" | Target Status Code: "200" | Service URL: "https://api.spacex.land/graphql" | Content Type: "application/json" | Response Time: "68ms"]. @01-11-2021 11:46:45.0126 AM
[ReportManager] Successfully created attachment [API Request - Specifications] @01-11-2021 11:46:45.0126 AM
[ReportManager] Successfully created attachment [API Request - JSON Body] @01-11-2021 11:46:45.0127 AM
[ReportManager] Successfully created attachment [API Response - JSON Body] @01-11-2021 11:46:45.0127 AM
[ReportManager] API Action [GetResponseJSONValue] successfully performed. With the following test data [data.company.ceo]. @01-11-2021 11:46:45.0141 AM
[ReportManager] Assertion [ValidateEquals] PASSED. Expected [Elon Musk] and Actual [Elon Musk]. Comparison Type [EQUALS]. Validation Type [POSITIVE]. @01-11-2021 11:46:45.0141 A
[ReportManager] Successfully loaded the following test data file [src/test/resources/TestDataFiles/testSuite01/TestData.xlsx]. @01-11-2021 11:46:45.0202 AM
[ReportManager] Successfully created attachment [Test Data - Excel] @01-11-2021 11:46:45.0202 AM
[ReportManager] File Action [GetAbsolutePath] successfully performed. With the following test data [Relative Folder Path: "target/downloadedFiles/"]. @01-11-2021 11:46:45.0202 AM
[ReportManager] Attempting to run remotely on: [Linux-64], [GoogleChrome], [http://localhost:4444/wd/hub], Headless Execution. @01-11-2021 11:46:45.0203 AM
[ReportManager] Successfully Opened [GoogleChrome]. @01-11-2021 11:46:47.0726 A

################################################################################################################################################
Starting Execution:	[117 out of 143] test cases in the current suite
Test Method:		[testPackage01.Test_google.navigateToURLandVerifyGoogleLogoIsDisplayed]
Test Description:	[TC001 - Navigate to URL and Verify Google Logo is Displayed]
################################################################################################################################################
[ReportManager] Target URL: [https://www.google.com/ncr], and after redirection: [https://www.google.com] @01-11-2021 11:46:47.0731 AM
[ReportManager] Initial URL: [data:,] @01-11-2021 11:46:47.0817 AM
[ReportManager] Browser Action [NavigateToURL] successfully performed. With the following test data [https://www.google.com/ncr]. @01-11-2021 11:46:48.0809 AM
[ReportManager] Loaded Shared OpenCV @01-11-2021 11:46:49.0271 AM
[ReportManager] Assertion [ValidateElementExists] PASSED. Expected [Element Should Exist, locator 'By.xpath: //*[@id='hplogo' or @alt='Google']'] and Actual [Element Exists]. Comparison Type [EQUALS]. Validation Type [POSITIVE]. @01-11-2021 11:46:49.0518 AM
[ReportManager] Successfully created attachment [Screenshot - 1635767209271_navigateToURLandVerifyGoogleLogoIsDisplayed_ValidateElementExists_passed] @01-11-2021 11:46:49.0520 A

################################################################################################################################################
Starting Execution:	[118 out of 143] test cases in the current suite
Test Method:		[testPackage01.Test_google.searchForQueryandAssertResultsNumDisplayed]
Test Description:	[TC002 - Search for Query and Assert that the number of results is displayed]
################################################################################################################################################
[ReportManager] Element Action [Type] successfully performed. With the following test data [SHAFT_Engine]. @01-11-2021 11:46:50.0111 AM
[ReportManager] Element Action [KeyPress] successfully performed. With the following test data [Enter]. @01-11-2021 11:46:51.0027 AM
[ReportManager] Element Action [GetText] successfully performed. With the following test data [About 920,000 results (0.61 seconds) ]. @01-11-2021 11:46:51.0420 AM
[ReportManager] Loaded Shared OpenCV @01-11-2021 11:46:51.0922 AM
[ReportManager] Assertion [ValidateElementAttribute] PASSED. Expected [Value Should not be '' for the 'Text' attribute, element locator 'By.id: appbar'] and Actual [About 920,000 results (0.61 seconds) ]. Comparison Type [EQUALS]. Validation Type [NEGATIVE]. @01-11-2021 11:46:52.0192 AM
[ReportManager] Successfully created attachment [Screenshot - 1635767211922_searchForQueryandAssertResultsNumDisplayed_ValidateElementAttribute_passed] @01-11-2021 11:46:52.0212 A

################################################################################################################################################
Starting Execution:	[119 out of 143] test cases in the current suite
Test Method:		[testPackage01.Test_google.clickNextThrice]
Test Description:	[TC003 - Clicks the next button to make sure that the framework can scroll element into view before clicking it]
################################################################################################################################################
[ReportManager] Element Action [Click] successfully performed. With the following test data [Next]. @01-11-2021 11:46:53.0700 A
[ReportManager] Browser Action [CloseCurrentWindow] successfully performed. @01-11-2021 11:46:54.0100 AM
[ReportManager] Successfully created attachment [Browser Action Test Data - CloseCurrentWindow - Actual Value] @01-11-2021 11:46:54.0123 A
[ReportManager] File Action [GetAbsolutePath] successfully performed. With the following test data [Relative Folder Path: "target/downloadedFiles/"]. @01-11-2021 11:46:54.0125 AM
[ReportManager] Attempting to run remotely on: [Linux-64], [GoogleChrome], [http://localhost:4444/wd/hub], Headless Execution. @01-11-2021 11:46:54.0125 AM
[ReportManager] Successfully Opened [GoogleChrome]. @01-11-2021 11:46:57.0705 A

################################################################################################################################################
Starting Execution:	[120 out of 143] test cases in the current suite
Test Method:		[testPackage01.Test_ShadowDOM.shadowdom]
################################################################################################################################################
[ReportManager] Target URL: [https://mdn.github.io/web-components-examples/popup-info-box-web-component/] @01-11-2021 11:46:57.0708 AM
[ReportManager] Initial URL: [data:,] @01-11-2021 11:46:57.0803 AM
[ReportManager] Browser Action [NavigateToURL] successfully performed. With the following test data [https://mdn.github.io/web-components-examples/popup-info-box-web-component/]. @01-11-2021 11:46:58.0098 AM
[ReportManager] Element Action [Type] successfully performed. With the following test data [Typing into SHADOW DOM...]. @01-11-2021 11:46:58.0560 AM
[ReportManager] Element Action [GetText] successfully performed. With the following test data [Typing into SHADOW DOM...]. @01-11-2021 11:46:58.0731 AM
[ReportManager] Loaded Shared OpenCV @01-11-2021 11:46:59.0049 AM
[ReportManager] Assertion [ValidateElementAttribute] PASSED. Expected [Value Should be 'Typing into SHADOW DOM...' for the 'Text' attribute, element locator 'By.id: cvc'] and Actual [Typing into SHADOW DOM...]. Comparison Type [EQUALS]. Validation Type [POSITIVE]. @01-11-2021 11:46:59.0278 AM
[ReportManager] Successfully created attachment [Screenshot - 1635767219048_shadowdom_ValidateElementAttribute_passed] @01-11-2021 11:46:59.0278 A
[ReportManager] Browser Action [CloseCurrentWindow] successfully performed. @01-11-2021 11:46:59.0414 AM
[ReportManager] Successfully created attachment [Browser Action Test Data - CloseCurrentWindow - Actual Value] @01-11-2021 11:46:59.0414 A

################################################################################################################################################
Starting Execution:	[121 out of 143] test cases in the current suite
Test Method:		[testPackage01.Test_AssertApiResponseEquals.assertApiResponseEquals_expectedToPass]
################################################################################################################################################
[ReportManager] Response status code: [200], status line: [HTTP/1.1 200 OK] @01-11-2021 11:46:59.0478 AM
[ReportManager] Assertion Passed: Evaluating the actual response status code against the expected one... @01-11-2021 11:46:59.0478 AM
[ReportManager] Assertion [ValidateEquals] PASSED. Expected [200] and Actual [200]. Comparison Type [EQUALS]. Validation Type [POSITIVE]. @01-11-2021 11:46:59.0478 AM
[ReportManager] API Action [PerformRequest] successfully performed. With the following test data [Request Type: "GET" | Target Status Code: "200" | Service URL: "https://jsonplaceholder.typicode.com/users" | Content Type: "*/*" | Response Time: "55ms"]. @01-11-2021 11:46:59.0495 AM
[ReportManager] Successfully created attachment [API Request - Specifications] @01-11-2021 11:46:59.0496 AM
[ReportManager] Successfully created attachment [API Response - JSON Body] @01-11-2021 11:46:59.0496 AM
[ReportManager] API Action [GetResponseJSONValueAsList] successfully performed. With the following test data [$]. @01-11-2021 11:46:59.0500 AM
[ReportManager] API Action [GetResponseJSONValue] successfully performed. With the following test data [name]. @01-11-2021 11:46:59.0510 AM
[ReportManager] API Action [GetResponseJSONValue] successfully performed. With the following test data [email]. @01-11-2021 11:46:59.0519 AM
[ReportManager] Verification [ValidateEquals] PASSED. Expected [Sincere@april.biz] and Actual [Sincere@april.biz]. Comparison Type [EQUALS]. Validation Type [POSITIVE]. @01-11-2021 11:46:59.0519 AM
[ReportManager] API Action [GetResponseJSONValue] successfully performed. With the following test data [username]. @01-11-2021 11:46:59.0529 AM
[ReportManager] Assertion [ValidateEquals] PASSED. Expected [Bret] and Actual [Bret]. Comparison Type [EQUALS]. Validation Type [POSITIVE]. @01-11-2021 11:46:59.0529 AM
[ReportManager] API Action [GetResponseJSONValue] successfully performed. With the following test data [name]. @01-11-2021 11:46:59.0538 AM
[ReportManager] API Action [GetResponseJSONValue] successfully performed. With the following test data [name]. @01-11-2021 11:46:59.0546 AM
[ReportManager] API Action [GetResponseJSONValue] successfully performed. With the following test data [name]. @01-11-2021 11:46:59.0554 AM
[ReportManager] API Action [GetResponseJSONValue] successfully performed. With the following test data [name]. @01-11-2021 11:46:59.0566 AM
[ReportManager] API Action [GetResponseJSONValue] successfully performed. With the following test data [name]. @01-11-2021 11:46:59.0575 AM
[ReportManager] API Action [GetResponseJSONValue] successfully performed. With the following test data [name]. @01-11-2021 11:46:59.0599 AM
[ReportManager] API Action [GetResponseJSONValue] successfully performed. With the following test data [name]. @01-11-2021 11:46:59.0607 AM
[ReportManager] API Action [GetResponseJSONValue] successfully performed. With the following test data [name]. @01-11-2021 11:46:59.0615 AM
[ReportManager] API Action [GetResponseJSONValue] successfully performed. With the following test data [name]. @01-11-2021 11:46:59.0623 A
[ReportManager] File Action [GetAbsolutePath] successfully performed. With the following test data [Relative Folder Path: "target/downloadedFiles/"]. @01-11-2021 11:46:59.0634 AM
[ReportManager] Attempting to run remotely on: [Linux-64], [GoogleChrome], [http://localhost:4444/wd/hub], Headless Execution. @01-11-2021 11:46:59.0634 AM
[ReportManager] Successfully Opened [GoogleChrome]. @01-11-2021 11:47:02.0705 A

################################################################################################################################################
Starting Execution:	[122 out of 143] test cases in the current suite
Test Method:		[testPackage01.Test_IsElementClickable.testIsElementClickable]
################################################################################################################################################
[ReportManager] Target URL: [https://the-internet.herokuapp.com/] @01-11-2021 11:47:02.0710 AM
[ReportManager] Initial URL: [data:,] @01-11-2021 11:47:02.0785 AM
[ReportManager] Browser Action [NavigateToURL] successfully performed. With the following test data [https://the-internet.herokuapp.com/]. @01-11-2021 11:47:03.0249 AM
[ReportManager] Element Action [IsElementClickable] successfully performed. @01-11-2021 11:47:03.0460 AM
[ReportManager] Assertion [ValidateTrue] PASSED. Expected [TRUE] and Actual [TRUE]. Validation Type [POSITIVE]. @01-11-2021 11:47:03.0461 A
[ReportManager] Browser Action [CloseCurrentWindow] successfully performed. @01-11-2021 11:47:03.0599 AM
[ReportManager] Successfully created attachment [Browser Action Test Data - CloseCurrentWindow - Actual Value] @01-11-2021 11:47:03.0599 A

################################################################################################################################################
Starting Execution:	[123 out of 143] test cases in the current suite
Test Method:		[testPackage01.Test_JsonCompareWithSpecialCharacters.specialCharacters]
################################################################################################################################################
[ReportManager] File Action [GetAbsolutePath] successfully performed. With the following test data [Relative Folder Path: "src/test/resources/TestJsonFiles/specialCharacters.json"]. @01-11-2021 11:47:03.0606 AM
[ReportManager] File Action [ReadFromFile] successfully performed. With the following test data [File Path: "/home/runner/work/SHAFT_ENGINE/SHAFT_ENGINE/src/test/resources/TestJsonFiles/specialCharacters.json"]. @01-11-2021 11:47:03.0613 AM
[ReportManager] Successfully created attachment [File Action Actual Result - Command Log] @01-11-2021 11:47:03.0613 AM
[ReportManager] Comparing the provided API response with the file at this path "src/test/resources/TestJsonFiles/specialCharacters.json", comparison type "EQUALS" @01-11-2021 11:47:03.0614 AM
[ReportManager] API Action [CompareJSON] successfully performed. With the following test data [src/test/resources/TestJsonFiles/specialCharacters.json]. @01-11-2021 11:47:03.0628 AM
[ReportManager] File Action [GetAbsolutePath] successfully performed. With the following test data [Relative Folder Path: "src/test/resources/TestJsonFiles/specialCharacters.json"]. @01-11-2021 11:47:03.0628 AM
[ReportManager] File Action [ReadFromFile] successfully performed. With the following test data [File Path: "/home/runner/work/SHAFT_ENGINE/SHAFT_ENGINE/src/test/resources/TestJsonFiles/specialCharacters.json"]. @01-11-2021 11:47:03.0628 AM
[ReportManager] Verification [ValidateJSONFileContent] PASSED. Expected [Response data should match the JSON File in this path 'src/test/resources/TestJsonFiles/specialCharacters.json'] and Actual [TRUE]. Comparison Type [EQUALS]. Validation Type [POSITIVE]. @01-11-2021 11:47:03.0633 AM
[ReportManager] Successfully created attachment [Validation Test Data - Expected JSON Value] @01-11-2021 11:47:03.0633 AM
[ReportManager] Successfully created attachment [Validation Test Data - Actual JSON Value] @01-11-2021 11:47:03.0634 A

################################################################################################################################################
Starting Execution:	[124 out of 143] test cases in the current suite
Test Method:		[testPackage01.Test_JsonCompareWithSpecialCharacters.specialCharacters_assertion]
################################################################################################################################################
[ReportManager] File Action [GetAbsolutePath] successfully performed. With the following test data [Relative Folder Path: "src/test/resources/TestJsonFiles/specialCharacters.json"]. @01-11-2021 11:47:03.0642 AM
[ReportManager] File Action [ReadFromFile] successfully performed. With the following test data [File Path: "/home/runner/work/SHAFT_ENGINE/SHAFT_ENGINE/src/test/resources/TestJsonFiles/specialCharacters.json"]. @01-11-2021 11:47:03.0642 AM
[ReportManager] Successfully created attachment [File Action Actual Result - Command Log] @01-11-2021 11:47:03.0642 AM
[ReportManager] Comparing the provided API response with the file at this path "src/test/resources/TestJsonFiles/specialCharacters.json", comparison type "CONTAINS" @01-11-2021 11:47:03.0643 AM
[ReportManager] API Action [CompareJSON] successfully performed. With the following test data [src/test/resources/TestJsonFiles/specialCharacters.json]. @01-11-2021 11:47:03.0669 AM
[ReportManager] File Action [GetAbsolutePath] successfully performed. With the following test data [Relative Folder Path: "src/test/resources/TestJsonFiles/specialCharacters.json"]. @01-11-2021 11:47:03.0669 AM
[ReportManager] File Action [ReadFromFile] successfully performed. With the following test data [File Path: "/home/runner/work/SHAFT_ENGINE/SHAFT_ENGINE/src/test/resources/TestJsonFiles/specialCharacters.json"]. @01-11-2021 11:47:03.0670 AM
[ReportManager] Assertion Passed: trying out the log message @01-11-2021 11:47:03.0673 AM
[ReportManager] Successfully created attachment [Validation Test Data - Expected JSON Value] @01-11-2021 11:47:03.0674 AM
[ReportManager] Successfully created attachment [Validation Test Data - Actual JSON Value] @01-11-2021 11:47:03.0674 AM
[ReportManager] Assertion [ValidateJSONFileContent] PASSED. Expected [Response data should match the JSON File in this path 'src/test/resources/TestJsonFiles/specialCharacters.json'] and Actual [TRUE]. Comparison Type [CONTAINS]. Validation Type [POSITIVE]. @01-11-2021 11:47:03.0674 A
[ReportManager] File Action [GetAbsolutePath] successfully performed. With the following test data [Relative Folder Path: "target/downloadedFiles/"]. @01-11-2021 11:47:03.0681 AM
[ReportManager] Attempting to run remotely on: [Linux-64], [GoogleChrome], [http://localhost:4444/wd/hub], Headless Execution. @01-11-2021 11:47:03.0681 AM
[ReportManager] Successfully Opened [GoogleChrome]. @01-11-2021 11:47:07.0698 A

################################################################################################################################################
Starting Execution:	[125 out of 143] test cases in the current suite
Test Method:		[testPackage01.Test_assertEquals.test_assertElementAttribute]
################################################################################################################################################
[ReportManager] Target URL: [https://www.google.com/ncr], and after redirection: [https://www.google.com] @01-11-2021 11:47:07.0708 AM
[ReportManager] Initial URL: [data:,] @01-11-2021 11:47:07.0791 AM
[ReportManager] Browser Action [NavigateToURL] successfully performed. With the following test data [https://www.google.com/ncr]. @01-11-2021 11:47:08.0729 AM
[ReportManager] Element Action [Type] successfully performed. With the following test data [INC_004010050:Another SCHEDULER with the same name [Duplicate Job Name] already exists.]. @01-11-2021 11:47:09.0623 AM
[ReportManager] Element Action [GetText] successfully performed. With the following test data [INC_004010050:Another SCHEDULER with the same name [Duplicate Job Name] already exists.]. @01-11-2021 11:47:09.0808 AM
[ReportManager] Loaded Shared OpenCV @01-11-2021 11:47:10.0197 AM
[ReportManager] Assertion [ValidateElementAttribute] PASSED. Expected [Value Should be 'INC_004010050:Another SCHEDULER with the same name \[Duplicate Job Name\] already exists.' for the 'text' attribute, element locator 'By.name: q'] and Actual [INC_004010050:Another SCHEDULER with the same name [Duplicate Job Name] already exists.]. Comparison Type [MATCHES]. Validation Type [POSITIVE]. @01-11-2021 11:47:10.0439 AM
[ReportManager] Successfully created attachment [Screenshot - 1635767230197_test_assertElementAttribute_ValidateElementAttribute_passed] @01-11-2021 11:47:10.0441 A
[ReportManager] Browser Action [CloseCurrentWindow] successfully performed. @01-11-2021 11:47:10.0602 AM
[ReportManager] Successfully created attachment [Browser Action Test Data - CloseCurrentWindow - Actual Value] @01-11-2021 11:47:10.0603 A
[ReportManager] File Action [GetAbsolutePath] successfully performed. With the following test data [Relative Folder Path: "target/downloadedFiles/"]. @01-11-2021 11:47:10.0605 AM
[ReportManager] Attempting to run remotely on: [Linux-64], [GoogleChrome], [http://localhost:4444/wd/hub], Headless Execution. @01-11-2021 11:47:10.0613 AM
[ReportManager] Successfully Opened [GoogleChrome]. @01-11-2021 11:47:12.0731 A

################################################################################################################################################
Starting Execution:	[126 out of 143] test cases in the current suite
Test Method:		[testPackage01.Test_verifyEquals.test_assertElementAttribute]
################################################################################################################################################
[ReportManager] Target URL: [https://www.google.com/ncr], and after redirection: [https://www.google.com] @01-11-2021 11:47:12.0742 AM
[ReportManager] Initial URL: [data:,] @01-11-2021 11:47:12.0817 AM
[ReportManager] Browser Action [NavigateToURL] successfully performed. With the following test data [https://www.google.com/ncr]. @01-11-2021 11:47:13.0778 AM
[ReportManager] Element Action [Type] successfully performed. With the following test data [INC_004010050:Another SCHEDULER with the same name [Duplicate Job Name] already exists.]. @01-11-2021 11:47:14.0711 AM
[ReportManager] Element Action [GetText] successfully performed. With the following test data [INC_004010050:Another SCHEDULER with the same name [Duplicate Job Name] already exists.]. @01-11-2021 11:47:14.0891 AM
[ReportManager] Loaded Shared OpenCV @01-11-2021 11:47:15.0307 AM
[ReportManager] Verification [ValidateElementAttribute] PASSED. Expected [Value Should be 'INC_004010050:Another SCHEDULER with the same name \[Duplicate Job Name\] already exists.' for the 'text' attribute, element locator 'By.name: q'] and Actual [INC_004010050:Another SCHEDULER with the same name [Duplicate Job Name] already exists.]. Comparison Type [MATCHES]. Validation Type [POSITIVE]. @01-11-2021 11:47:15.0566 AM
[ReportManager] Successfully created attachment [Screenshot - 1635767235307_test_assertElementAttribute_ValidateElementAttribute_passed] @01-11-2021 11:47:15.0568 A
[ReportManager] Browser Action [CloseCurrentWindow] successfully performed. @01-11-2021 11:47:15.0731 AM
[ReportManager] Successfully created attachment [Browser Action Test Data - CloseCurrentWindow - Actual Value] @01-11-2021 11:47:15.0732 A

################################################################################################################################################
Starting Execution:	[127 out of 143] test cases in the current suite
Test Method:		[testPackage01.Test_JsonActions.f]
###############################################################################################################################################

################################################################################################################################################
Starting Execution:	[128 out of 143] test cases in the current suite
Test Method:		[testPackage01.Test_JsonActions.f2]
###############################################################################################################################################

################################################################################################################################################
Starting Execution:	[129 out of 143] test cases in the current suite
Test Method:		[testPackage01.Test_PDF.testPDF_Downloaded]
################################################################################################################################################
[ReportManager] File Action [DoesFileExist] successfully performed. With the following test data [File Path: "src/test/resources/TestDataFiles/sample.pdf"]. @01-11-2021 11:47:15.0751 AM
[ReportManager] File Action [GetAbsolutePath] successfully performed. With the following test data [Relative File Path: "src/test/resources/TestDataFiles/sample.pdf"]. @01-11-2021 11:47:15.0751 AM
[ReportManager] Assertion [ValidateTrue] PASSED. Expected [TRUE] and Actual [TRUE]. Validation Type [POSITIVE]. @01-11-2021 11:47:17.0126 A
[ReportManager] File Action [GetAbsolutePath] successfully performed. With the following test data [Relative Folder Path: "target/downloadedFiles/"]. @01-11-2021 11:47:17.0130 AM
[ReportManager] Attempting to run remotely on: [Linux-64], [GoogleChrome], [http://localhost:4444/wd/hub], Headless Execution. @01-11-2021 11:47:17.0131 AM
[ReportManager] Successfully Opened [GoogleChrome]. @01-11-2021 11:47:17.0710 A

################################################################################################################################################
Starting Execution:	[130 out of 143] test cases in the current suite
Test Method:		[testPackage01.Test_dragAndDrop.dragAndDropJquery]
################################################################################################################################################
[ReportManager] Target URL: [https://jqueryui.com/resources/demos/droppable/default.html] @01-11-2021 11:47:17.0716 AM
[ReportManager] Initial URL: [data:,] @01-11-2021 11:47:17.0817 AM
[ReportManager] Browser Action [NavigateToURL] successfully performed. With the following test data [https://jqueryui.com/resources/demos/droppable/default.html]. @01-11-2021 11:47:18.0247 AM
[ReportManager] Element Action [GetText] successfully performed. With the following test data [Drop here]. @01-11-2021 11:47:18.0415 AM
[ReportManager] Element Action [DragAndDrop] successfully performed. With the following test data [Start point: (8, 18), End point: (8, 18)]. @01-11-2021 11:47:20.0012 AM
[ReportManager] Element Action [GetText] successfully performed. With the following test data [Dropped!]. @01-11-2021 11:47:20.0103 AM
[ReportManager] Assertion Passed: Checking to see if the text has changed after performing drag and drop @01-11-2021 11:47:20.0103 AM
[ReportManager] Assertion [ValidateEquals] PASSED. Expected [Drop here] and Actual [Dropped!]. Comparison Type [EQUALS]. Validation Type [NEGATIVE]. @01-11-2021 11:47:20.0103 A
[ReportManager] Browser Action [CloseCurrentWindow] successfully performed. @01-11-2021 11:47:20.0263 AM
[ReportManager] Successfully created attachment [Browser Action Test Data - CloseCurrentWindow - Actual Value] @01-11-2021 11:47:20.0263 A
[ReportManager] File Action [GetAbsolutePath] successfully performed. With the following test data [Relative Folder Path: "target/downloadedFiles/"]. @01-11-2021 11:47:20.0265 AM
[ReportManager] Attempting to run remotely on: [Linux-64], [GoogleChrome], [http://localhost:4444/wd/hub], Headless Execution. @01-11-2021 11:47:20.0266 AM
[ReportManager] Successfully Opened [GoogleChrome]. @01-11-2021 11:47:22.0716 A

################################################################################################################################################
Starting Execution:	[131 out of 143] test cases in the current suite
Test Method:		[testPackage01.Test_dragAndDrop.dragAndDrop]
Test Description:	[TC001 - Test Drag and Drop function.]
################################################################################################################################################
[ReportManager] Target URL: [http://the-internet.herokuapp.com/drag_and_drop] @01-11-2021 11:47:22.0724 AM
[ReportManager] Initial URL: [data:,] @01-11-2021 11:47:22.0809 AM
[ReportManager] Browser Action [NavigateToURL] successfully performed. With the following test data [http://the-internet.herokuapp.com/drag_and_drop]. @01-11-2021 11:47:23.0285 AM
[ReportManager] Attempting Drag and Drop @01-11-2021 11:47:23.0286 AM
[ReportManager] Element Action [DragAndDrop] successfully performed. With the following test data [Start point: (492, 89), End point: (707, 89)]. @01-11-2021 11:47:24.0611 A
[ReportManager] Browser Action [CloseCurrentWindow] successfully performed. @01-11-2021 11:47:24.0746 AM
[ReportManager] Successfully created attachment [Browser Action Test Data - CloseCurrentWindow - Actual Value] @01-11-2021 11:47:24.0746 A
[ReportManager] File Action [GetAbsolutePath] successfully performed. With the following test data [Relative Folder Path: "target/downloadedFiles/"]. @01-11-2021 11:47:24.0749 AM
[ReportManager] Attempting to run remotely on: [Linux-64], [GoogleChrome], [http://localhost:4444/wd/hub], Headless Execution. @01-11-2021 11:47:24.0749 AM
[ReportManager] Successfully Opened [GoogleChrome]. @01-11-2021 11:47:27.0709 A

################################################################################################################################################
Starting Execution:	[132 out of 143] test cases in the current suite
Test Method:		[testPackage01.Test_dragAndDrop.dragAndDropByOffset]
Test Description:	[TC002 - Test Drag and Drop by offset function.]
################################################################################################################################################
[ReportManager] Target URL: [https://jqueryui.com/resources/demos/draggable/default.html] @01-11-2021 11:47:27.0712 AM
[ReportManager] Initial URL: [data:,] @01-11-2021 11:47:27.0770 AM
[ReportManager] Browser Action [NavigateToURL] successfully performed. With the following test data [https://jqueryui.com/resources/demos/draggable/default.html]. @01-11-2021 11:47:28.0255 AM
[ReportManager] Element Action [DragAndDropByOffset] successfully performed. With the following test data [Start point: (8, 8), End point: (108, 58)]. @01-11-2021 11:47:28.0831 A
[ReportManager] Browser Action [CloseCurrentWindow] successfully performed. @01-11-2021 11:47:28.0973 AM
[ReportManager] Successfully created attachment [Browser Action Test Data - CloseCurrentWindow - Actual Value] @01-11-2021 11:47:28.0973 A
[ReportManager] File Action [GetAbsolutePath] successfully performed. With the following test data [Relative Folder Path: "target/downloadedFiles/"]. @01-11-2021 11:47:28.0975 AM
[ReportManager] Attempting to run remotely on: [Linux-64], [GoogleChrome], [http://localhost:4444/wd/hub], Headless Execution. @01-11-2021 11:47:28.0975 AM
[ReportManager] Successfully Opened [GoogleChrome]. @01-11-2021 11:47:32.0725 A

################################################################################################################################################
Starting Execution:	[133 out of 143] test cases in the current suite
Test Method:		[testPackage01.Test_clipboardActions.typeTextAndCopyPaste]
################################################################################################################################################
[ReportManager] Target URL: [https://www.google.com/ncr], and after redirection: [https://www.google.com] @01-11-2021 11:47:32.0749 AM
[ReportManager] Initial URL: [data:,] @01-11-2021 11:47:32.0822 AM
[ReportManager] Browser Action [NavigateToURL] successfully performed. With the following test data [https://www.google.com/ncr]. @01-11-2021 11:47:33.0877 AM
[ReportManager] Element Action [Type] successfully performed. With the following test data [FIRST]. @01-11-2021 11:47:34.0499 AM
[ReportManager] Element Action [ClipboardActions] successfully performed. With the following test data [select all]. @01-11-2021 11:47:34.0588 AM
[ReportManager] Element Action [ClipboardActions] successfully performed. With the following test data [copy]. @01-11-2021 11:47:34.0708 AM
[ReportManager] Element Action [ClipboardActions] successfully performed. With the following test data [unselect]. @01-11-2021 11:47:34.0845 AM
[ReportManager] Element Action [ClipboardActions] successfully performed. With the following test data [paste]. @01-11-2021 11:47:34.0967 AM
[ReportManager] Element Action [ClipboardActions] successfully performed. With the following test data [select all]. @01-11-2021 11:47:35.0089 AM
[ReportManager] Element Action [Type] successfully performed. @01-11-2021 11:47:35.0653 AM
[ReportManager] Element Action [ClipboardActions] successfully performed. With the following test data [cut]. @01-11-2021 11:47:35.0653 AM
[ReportManager] Element Action [ClipboardActions] successfully performed. With the following test data [paste]. @01-11-2021 11:47:35.0743 AM
[ReportManager] Element Action [ClipboardActions] successfully performed. With the following test data [paste]. @01-11-2021 11:47:35.0838 A
[ReportManager] Browser Action [CloseCurrentWindow] successfully performed. @01-11-2021 11:47:35.0986 AM
[ReportManager] Successfully created attachment [Browser Action Test Data - CloseCurrentWindow - Actual Value] @01-11-2021 11:47:35.0987 A
[ReportManager] File Action [GetAbsolutePath] successfully performed. With the following test data [Relative Folder Path: "target/downloadedFiles/"]. @01-11-2021 11:47:35.0990 AM
[ReportManager] Attempting to run remotely on: [Linux-64], [GoogleChrome], [http://localhost:4444/wd/hub], Headless Execution. @01-11-2021 11:47:35.0991 AM
[ReportManager] Successfully Opened [GoogleChrome]. @01-11-2021 11:47:37.0720 A

################################################################################################################################################
Starting Execution:	[134 out of 143] test cases in the current suite
Test Method:		[testPackage01.Test_dynamicLoading.dynamicLoading_elementIsHidden]
################################################################################################################################################
[ReportManager] Target URL: [https://the-internet.herokuapp.com/dynamic_loading/1] @01-11-2021 11:47:37.0725 AM
[ReportManager] Initial URL: [data:,] @01-11-2021 11:47:37.0782 AM
[ReportManager] Browser Action [NavigateToURL] successfully performed. With the following test data [https://the-internet.herokuapp.com/dynamic_loading/1]. @01-11-2021 11:47:38.0315 AM
[ReportManager] Element Action [Click] successfully performed. With the following test data [Start]. @01-11-2021 11:47:38.0934 AM
[ReportManager] Element Action [GetText] successfully performed. With the following test data [
    Hello World!
  ]. @01-11-2021 11:47:39.0087 AM
[ReportManager] Loaded Shared OpenCV @01-11-2021 11:47:39.0443 AM
[ReportManager] Assertion [ValidateElementAttribute] PASSED. Expected [Value Should be 'Hello World!' for the 'text' attribute, element locator 'By.id: finish'] and Actual [
    Hello World!
  ]. Comparison Type [CONTAINS]. Validation Type [POSITIVE]. @01-11-2021 11:47:39.0791 AM
[ReportManager] Successfully created attachment [Screenshot - 1635767259443_dynamicLoading_elementIsHidden_ValidateElementAttribute_passed] @01-11-2021 11:47:39.0792 A
[ReportManager] Browser Action [CloseCurrentWindow] successfully performed. @01-11-2021 11:47:39.0926 AM
[ReportManager] Successfully created attachment [Browser Action Test Data - CloseCurrentWindow - Actual Value] @01-11-2021 11:47:39.0926 A
[ReportManager] File Action [GetAbsolutePath] successfully performed. With the following test data [Relative Folder Path: "target/downloadedFiles/"]. @01-11-2021 11:47:39.0928 AM
[ReportManager] Attempting to run remotely on: [Linux-64], [GoogleChrome], [http://localhost:4444/wd/hub], Headless Execution. @01-11-2021 11:47:39.0928 AM
[ReportManager] Successfully Opened [GoogleChrome]. @01-11-2021 11:47:42.0705 A

################################################################################################################################################
Starting Execution:	[135 out of 143] test cases in the current suite
Test Method:		[testPackage01.Test_dynamicLoading.dynamicLoading_elementIsRendered]
################################################################################################################################################
[ReportManager] Target URL: [https://the-internet.herokuapp.com/dynamic_loading/2] @01-11-2021 11:47:42.0708 AM
[ReportManager] Initial URL: [data:,] @01-11-2021 11:47:42.0791 AM
[ReportManager] Browser Action [NavigateToURL] successfully performed. With the following test data [https://the-internet.herokuapp.com/dynamic_loading/2]. @01-11-2021 11:47:43.0289 AM
[ReportManager] Element Action [Click] successfully performed. With the following test data [Start]. @01-11-2021 11:47:43.0972 AM
[ReportManager] Element Action [GetText] successfully performed. With the following test data [Hello World!]. @01-11-2021 11:47:49.0195 AM
[ReportManager] Loaded Shared OpenCV @01-11-2021 11:47:49.0486 AM
[ReportManager] Assertion [ValidateElementAttribute] PASSED. Expected [Value Should be 'Hello World!' for the 'text' attribute, element locator 'By.id: finish'] and Actual [Hello World!]. Comparison Type [CONTAINS]. Validation Type [POSITIVE]. @01-11-2021 11:47:49.0709 AM
[ReportManager] Successfully created attachment [Screenshot - 1635767269486_dynamicLoading_elementIsRendered_ValidateElementAttribute_passed] @01-11-2021 11:47:49.0710 A
[ReportManager] Browser Action [CloseCurrentWindow] successfully performed. @01-11-2021 11:47:49.0835 AM
[ReportManager] Successfully created attachment [Browser Action Test Data - CloseCurrentWindow - Actual Value] @01-11-2021 11:47:49.0835 A
[ReportManager] File Action [GetAbsolutePath] successfully performed. With the following test data [Relative Folder Path: "target/downloadedFiles/"]. @01-11-2021 11:47:49.0837 AM
[ReportManager] Attempting to run remotely on: [Linux-64], [GoogleChrome], [http://localhost:4444/wd/hub], Headless Execution. @01-11-2021 11:47:49.0837 AM
[ReportManager] Successfully Opened [GoogleChrome]. @01-11-2021 11:47:52.0696 A

################################################################################################################################################
Starting Execution:	[136 out of 143] test cases in the current suite
Test Method:		[testPackage01.Test_uploadFile.uploadFile_invisibleUploadInput]
################################################################################################################################################
[ReportManager] Target URL: [https://fineuploader.com/demos.html#gallery-view] @01-11-2021 11:47:52.0699 AM
[ReportManager] Initial URL: [data:,] @01-11-2021 11:47:52.0772 AM
[ReportManager] Browser Action [NavigateToURL] successfully performed. With the following test data [https://fineuploader.com/demos.html#gallery-view]. @01-11-2021 11:47:54.0047 AM
[ReportManager] File Action [GetAbsolutePath] successfully performed. With the following test data [Relative File Path: "src/main/resources/images/shaft.png"]. @01-11-2021 11:47:54.0048 AM
[ReportManager] Successfully created attachment [File Action Actual Result - Command Log] @01-11-2021 11:47:54.0048 AM
[ReportManager] Element Action [TypeFileLocationForUpload] successfully performed. With the following test data [/home/runner/work/SHAFT_ENGINE/SHAFT_ENGINE/src/main/resources/images/shaft.png]. @01-11-2021 11:47:54.0237 AM
[ReportManager] Attempting to getAttribute [src] from elementLocator [By.xpath: //div[@id='fine-uploader-gallery']//div[@class='qq-thumbnail-wrapper']/img]. @01-11-2021 11:47:54.0237 AM
[ReportManager] Element Action [GetAttribute] successfully performed. @01-11-2021 11:47:54.0419 AM
[ReportManager] Successfully created attachment [Element Action Test Data - GetAttribute - Actual Value] @01-11-2021 11:47:54.0419 AM
[ReportManager] Loaded Shared OpenCV @01-11-2021 11:47:54.0734 AM
[ReportManager] Assertion [ValidateElementAttribute] PASSED. Expected and Actual values are attached. Comparison Type [CONTAINS]. Validation Type [POSITIVE]. @01-11-2021 11:47:54.0991 AM
[ReportManager] Successfully created attachment [Validation Test Data - Expected Value] @01-11-2021 11:47:54.0992 AM
[ReportManager] Successfully created attachment [Validation Test Data - Actual Value] @01-11-2021 11:47:54.0992 AM
[ReportManager] Successfully created attachment [Screenshot - 1635767274734_uploadFile_invisibleUploadInput_ValidateElementAttribute_passed] @01-11-2021 11:47:54.0994 A
[ReportManager] Browser Action [CloseCurrentWindow] successfully performed. @01-11-2021 11:47:55.0170 AM
[ReportManager] Successfully created attachment [Browser Action Test Data - CloseCurrentWindow - Actual Value] @01-11-2021 11:47:55.0171 A
[ReportManager] File Action [GetAbsolutePath] successfully performed. With the following test data [Relative Folder Path: "target/downloadedFiles/"]. @01-11-2021 11:47:55.0179 AM
[ReportManager] Attempting to run remotely on: [Linux-64], [GoogleChrome], [http://localhost:4444/wd/hub], Headless Execution. @01-11-2021 11:47:55.0179 AM
[ReportManager] Successfully Opened [GoogleChrome]. @01-11-2021 11:47:57.0701 A

################################################################################################################################################
Starting Execution:	[137 out of 143] test cases in the current suite
Test Method:		[testPackage01.Test_uploadFile.uploadFile_visibleUploadInput]
################################################################################################################################################
[ReportManager] Target URL: [http://demo.guru99.com/test/upload/] @01-11-2021 11:47:57.0707 AM
[ReportManager] Initial URL: [data:,] @01-11-2021 11:47:57.0813 AM
[ReportManager] Browser Action [NavigateToURL] successfully performed. With the following test data [http://demo.guru99.com/test/upload/]. @01-11-2021 11:47:59.0280 AM
[ReportManager] File Action [GetAbsolutePath] successfully performed. With the following test data [Relative File Path: "src/main/resources/images/shaft.png"]. @01-11-2021 11:47:59.0280 AM
[ReportManager] Successfully created attachment [File Action Actual Result - Command Log] @01-11-2021 11:47:59.0280 AM
[ReportManager] Element Action [TypeFileLocationForUpload] successfully performed. With the following test data [/home/runner/work/SHAFT_ENGINE/SHAFT_ENGINE/src/main/resources/images/shaft.png]. @01-11-2021 11:47:59.0455 AM
[ReportManager] Element Action [Click] successfully performed. With the following test data [on]. @01-11-2021 11:48:00.0077 AM
[ReportManager] Element Action [Click] successfully performed. With the following test data [Submit File]. @01-11-2021 11:48:00.0662 AM
[ReportManager] Element Action [GetText] successfully performed. With the following test data [1 file
has been successfully uploaded.]. @01-11-2021 11:48:01.0347 AM
[ReportManager] Loaded Shared OpenCV @01-11-2021 11:48:01.0685 AM
[ReportManager] Assertion [ValidateElementAttribute] PASSED. Expected [Value Should be '1 file' for the 'Text' attribute, element locator 'By.id: res'] and Actual [1 file
has been successfully uploaded.]. Comparison Type [CONTAINS]. Validation Type [POSITIVE]. @01-11-2021 11:48:01.0913 AM
[ReportManager] Successfully created attachment [Screenshot - 1635767281683_uploadFile_visibleUploadInput_ValidateElementAttribute_passed] @01-11-2021 11:48:01.0914 A
[ReportManager] Browser Action [CloseCurrentWindow] successfully performed. @01-11-2021 11:48:02.0051 AM
[ReportManager] Successfully created attachment [Browser Action Test Data - CloseCurrentWindow - Actual Value] @01-11-2021 11:48:02.0051 A

################################################################################################################################################
Starting Execution:	[138 out of 143] test cases in the current suite
Test Method:		[testPackage01.Test_SelectedValue.multipleSelect]
################################################################################################################################################
[ReportManager] File Action [GetAbsolutePath] successfully performed. With the following test data [Relative Folder Path: "target/downloadedFiles/"]. @01-11-2021 11:48:02.0057 AM
[ReportManager] Attempting to run remotely on: [Linux-64], [GoogleChrome], [http://localhost:4444/wd/hub], Headless Execution. @01-11-2021 11:48:02.0057 AM
[ReportManager] Successfully Opened [GoogleChrome]. @01-11-2021 11:48:02.0708 AM
[ReportManager] Target URL: [https://yari-demos.prod.mdn.mozit.cloud/en-US/docs/Web/HTML/Element/select/_sample_.Advanced_select_with_multiple_features.html] @01-11-2021 11:48:02.0709 AM
[ReportManager] Initial URL: [data:,] @01-11-2021 11:48:02.0774 AM
[ReportManager] Browser Action [NavigateToURL] successfully performed. With the following test data [https://yari-demos.prod.mdn.mozit.cloud/en-US/docs/Web/HTML/Element/select/_sample_.Advanced_select_with_multiple_features.html]. @01-11-2021 11:48:03.0212 AM
[ReportManager] Element Action [Select] successfully performed. With the following test data [Dog]. @01-11-2021 11:48:03.0614 AM
[ReportManager] Element Action [Select] successfully performed. With the following test data [Cat]. @01-11-2021 11:48:03.0970 AM
[ReportManager] Element Action [GetSelectedText] successfully performed. With the following test data [DogCat]. @01-11-2021 11:48:04.0175 AM
[ReportManager] DogCat @01-11-2021 11:48:04.0178 AM
[ReportManager] Element Action [GetSelectedText] successfully performed. With the following test data [DogCat]. @01-11-2021 11:48:04.0380 AM
[ReportManager] Loaded Shared OpenCV @01-11-2021 11:48:04.0704 AM
[ReportManager] Assertion [ValidateElementAttribute] PASSED. Expected [Value Should be 'DogCat' for the 'selectedText' attribute, element locator 'By.tagName: select'] and Actual [DogCat]. Comparison Type [EQUALS]. Validation Type [POSITIVE]. @01-11-2021 11:48:04.0920 AM
[ReportManager] Successfully created attachment [Screenshot - 1635767284704_multipleSelect_ValidateElementAttribute_passed] @01-11-2021 11:48:04.0921 AM
[ReportManager] Browser Action [CloseCurrentWindow] successfully performed. @01-11-2021 11:48:05.0032 AM
[ReportManager] Successfully created attachment [Browser Action Test Data - CloseCurrentWindow - Actual Value] @01-11-2021 11:48:05.0032 A

################################################################################################################################################
Starting Execution:	[139 out of 143] test cases in the current suite
Test Method:		[testPackage01.Test_SelectedValue.simpleSelect]
################################################################################################################################################
[ReportManager] File Action [GetAbsolutePath] successfully performed. With the following test data [Relative Folder Path: "target/downloadedFiles/"]. @01-11-2021 11:48:05.0042 AM
[ReportManager] Attempting to run remotely on: [Linux-64], [GoogleChrome], [http://localhost:4444/wd/hub], Headless Execution. @01-11-2021 11:48:05.0042 AM
[ReportManager] Successfully Opened [GoogleChrome]. @01-11-2021 11:48:07.0707 AM
[ReportManager] Target URL: [https://yari-demos.prod.mdn.mozit.cloud/en-US/docs/Web/HTML/Element/select/_sample_.Basic_select.html] @01-11-2021 11:48:07.0708 AM
[ReportManager] Initial URL: [data:,] @01-11-2021 11:48:07.0831 AM
[ReportManager] Browser Action [NavigateToURL] successfully performed. With the following test data [https://yari-demos.prod.mdn.mozit.cloud/en-US/docs/Web/HTML/Element/select/_sample_.Basic_select.html]. @01-11-2021 11:48:08.0134 AM
[ReportManager] Element Action [Select] successfully performed. With the following test data [Third Value]. @01-11-2021 11:48:08.0641 AM
[ReportManager] Element Action [GetSelectedText] successfully performed. With the following test data [Third Value]. @01-11-2021 11:48:08.0798 AM
[ReportManager] Third Value @01-11-2021 11:48:08.0798 AM
[ReportManager] Element Action [GetSelectedText] successfully performed. With the following test data [Third Value]. @01-11-2021 11:48:08.0939 AM
[ReportManager] Loaded Shared OpenCV @01-11-2021 11:48:09.0242 AM
[ReportManager] Assertion [ValidateElementAttribute] PASSED. Expected [Value Should be 'Third Value' for the 'selectedText' attribute, element locator 'By.tagName: select'] and Actual [Third Value]. Comparison Type [EQUALS]. Validation Type [POSITIVE]. @01-11-2021 11:48:09.0459 AM
[ReportManager] Successfully created attachment [Screenshot - 1635767289242_simpleSelect_ValidateElementAttribute_passed] @01-11-2021 11:48:09.0460 AM
[ReportManager] Browser Action [CloseCurrentWindow] successfully performed. @01-11-2021 11:48:09.0567 AM
[ReportManager] Successfully created attachment [Browser Action Test Data - CloseCurrentWindow - Actual Value] @01-11-2021 11:48:09.0568 A

################################################################################################################################################
Starting Execution:	[140 out of 143] test cases in the current suite
Test Method:		[testPackage01.Test_JSONFileManager.readStringFromJson]
################################################################################################################################################
[ReportManager] Successfully loaded the following test data file [src/test/resources/TestDataFiles/simpleJSON.json]. @01-11-2021 11:48:09.0575 AM
[ReportManager] Successfully created attachment [Test Data - JSON] @01-11-2021 11:48:09.0576 AM
[ReportManager] Assertion [ValidateEquals] PASSED. Expected [Mohab Mohie] and Actual [Mohab Mohie]. Comparison Type [EQUALS]. Validation Type [POSITIVE]. @01-11-2021 11:48:09.0590 A
[ReportManager] Successfully loaded the following test data file [src/test/resources/TestDataFiles/testSuite01/TestData.xlsx]. @01-11-2021 11:48:09.0617 AM
[ReportManager] Successfully created attachment [Test Data - Excel] @01-11-2021 11:48:09.0617 AM
[ReportManager] Attempting to run using Playwright locally on: [Linux-64], [GoogleChrome], Headless Execution. @01-11-2021 11:48:29.0085 AM
[ReportManager] File Action [GetAbsolutePath] successfully performed. With the following test data [Relative Folder Path: "target/downloadedFiles/"]. @01-11-2021 11:48:29.0096 AM
[ReportManager] Initial window size: (1280, 720) @01-11-2021 11:48:29.0749 AM
[ReportManager] Window size after Toolkit: com.microsoft.playwright.options.ViewportSize@1a07948 @01-11-2021 11:48:29.0760 AM
[ReportManager] Browser Action [MaximizeWindow] successfully performed. With the following test data [New screen size is now: (1920, 1080)]. @01-11-2021 11:48:29.0761 A

################################################################################################################################################
Starting Execution:	[141 out of 143] test cases in the current suite
Test Method:		[testPackage01.Test_google_playwright.navigateToURLandVerifyGoogleLogoIsDisplayed]
Test Description:	[TC001 - Navigate to URL and Verify Google Logo is Displayed]
################################################################################################################################################
[ReportManager] Target URL: [https://www.google.com/ncr], and after redirection: [https://www.google.com] @01-11-2021 11:48:29.0763 AM
[ReportManager] Initial URL: [about:blank] @01-11-2021 11:48:30.0237 AM
[ReportManager] Browser Action [NavigateToURL] successfully performed. With the following test data [https://www.google.com/ncr]. @01-11-2021 11:48:32.0790 AM
[ReportManager] Loaded Shared OpenCV @01-11-2021 11:48:33.0140 AM
[ReportManager] Assertion [ValidateElementExists] PASSED. Expected [Element Should Exist, locator 'xpath=//*[@id='hplogo' or @alt='Google']'] and Actual [Element Exists]. Comparison Type [EQUALS]. Validation Type [POSITIVE]. @01-11-2021 11:48:33.0403 AM
[ReportManager] Successfully created attachment [Screenshot - 1635767313131_navigateToURLandVerifyGoogleLogoIsDisplayed_ValidateElementExists_passed] @01-11-2021 11:48:33.0405 A

################################################################################################################################################
Starting Execution:	[142 out of 143] test cases in the current suite
Test Method:		[testPackage01.Test_google_playwright.searchForQueryandAssertResultsNumDisplayed]
Test Description:	[TC002 - Search for Query and Assert that the number of results is displayed]
################################################################################################################################################
[ReportManager] Element Action [Type] successfully performed. With the following test data [SHAFT_Engine]. @01-11-2021 11:48:33.0729 AM
[ReportManager] Element Action [KeyPress] successfully performed. With the following test data [Enter]. @01-11-2021 11:48:33.0771 AM
[ReportManager] Element Action [GetText] successfully performed. With the following test data [About 920,000 results (0.56 seconds)]. @01-11-2021 11:48:34.0855 AM
[ReportManager] Loaded Shared OpenCV @01-11-2021 11:48:36.0713 AM
[ReportManager] Assertion [ValidateElementAttribute] PASSED. Expected [Value Should not be '' for the 'text' attribute, element locator 'xpath=//div[@id='appbar']'] and Actual [About 920,000 results (0.56 seconds)]. Comparison Type [EQUALS]. Validation Type [NEGATIVE]. @01-11-2021 11:48:36.0989 AM
[ReportManager] Successfully created attachment [Screenshot - 1635767316709_searchForQueryandAssertResultsNumDisplayed_ValidateElementAttribute_passed] @01-11-2021 11:48:36.0992 A

################################################################################################################################################
Starting Execution:	[143 out of 143] test cases in the current suite
Test Method:		[testPackage01.Test_google_playwright.clickNextThrice]
Test Description:	[TC003 - Clicks the next button to make sure that the framework can scroll element into view before clicking it]
################################################################################################################################################
[ReportManager] Element Action [Click] successfully performed. With the following test data [Next]. @01-11-2021 11:48:37.0243 A
[ReportManager] Failed to find video recording. @01-11-2021 11:48:37.0254 AM
[ReportManager] Successfully Closed PlayWright Driver. @01-11-2021 11:48:37.0308 A

################################################################################################################################################
Test Closure Activities
################################################################################################################################################
[ReportManager] Successfully created attachment [SHAFT Engine Logs - Execution log] @01-11-2021 11:48:37.0332 AM

################################################################################################################################################
This test run was powered by SHAFT Engine Version: [SHAFT Engine v5.4.20211030-BETA]
SHAFT Engine is licensed under the MIT License: [https://github.com/MohabMohie/SHAFT_ENGINE/blob/master/LICENSE].
################################################################################################################################################