################################################################################################################################################
Detected SHAFT Engine Version: [SHAFT Engine v5.3.20210902]
################################################################################################################################################

################################################################################################################################################
Starting Execution:	[1 out of 143] test cases in the current suite
Test Method:		[unitTests.tests_restActions.getPostsAndAssertBodyForSpecificTitle]
################################################################################################################################################
[ReportManager] Response status code: [200], status line: [HTTP/1.1 200 OK] @15-09-2021 10:18:44.0407 AM
[ReportManager] Assertion Passed: Evaluating the actual response status code against the expected one... @15-09-2021 10:18:44.0417 AM
[ReportManager] Assertion [ValidateEquals] PASSED. Expected [200] and Actual [200]. Comparison Type [EQUALS]. Validation Type [POSITIVE]. @15-09-2021 10:18:44.0423 AM
[ReportManager] API Action [PerformRequest] successfully performed. With the following test data [Request Type: "GET" | Target Status Code: "200" | Service URL: "https://jsonplaceholder.typicode.com/posts" | Content Type: "*/*" | Response Time: "865ms"]. @15-09-2021 10:18:45.0541 AM
[ReportManager] Successfully created attachment [API Request - Specifications] @15-09-2021 10:18:45.0543 AM
[ReportManager] Successfully created attachment [API Response - JSON Body] @15-09-2021 10:18:45.0770 AM
[ReportManager] API Action [GetResponseJSONValueAsList] successfully performed. @15-09-2021 10:18:45.0804 AM
[ReportManager] API Action [GetResponseJSONValue] successfully performed. With the following test data [title]. @15-09-2021 10:18:45.0822 AM
[ReportManager] API Action [GetResponseJSONValue] successfully performed. With the following test data [title]. @15-09-2021 10:18:45.0834 AM
[ReportManager] API Action [GetResponseJSONValue] successfully performed. With the following test data [body]. @15-09-2021 10:18:45.0845 AM
[ReportManager] Assertion [ValidateEquals] PASSED. Expected [qui neque nisi nulla] and Actual [est rerum tempore vitae
sequi sint nihil reprehenderit dolor beatae ea dolores neque
fugiat blanditiis voluptate porro vel nihil molestiae ut reiciendis
qui aperiam non debitis possimus qui neque nisi nulla]. Comparison Type [CONTAINS]. Validation Type [POSITIVE]. @15-09-2021 10:18:45.0847 AM
[ReportManager] API Action [GetResponseJSONValue] successfully performed. With the following test data [title]. @15-09-2021 10:18:45.0857 AM
[ReportManager] API Action [GetResponseJSONValue] successfully performed. With the following test data [title]. @15-09-2021 10:18:45.0867 AM
[ReportManager] API Action [GetResponseJSONValue] successfully performed. With the following test data [title]. @15-09-2021 10:18:45.0877 AM
[ReportManager] API Action [GetResponseJSONValue] successfully performed. With the following test data [title]. @15-09-2021 10:18:45.0887 AM
[ReportManager] API Action [GetResponseJSONValue] successfully performed. With the following test data [title]. @15-09-2021 10:18:45.0896 AM
[ReportManager] API Action [GetResponseJSONValue] successfully performed. With the following test data [title]. @15-09-2021 10:18:45.0905 AM
[ReportManager] API Action [GetResponseJSONValue] successfully performed. With the following test data [title]. @15-09-2021 10:18:45.0914 AM
[ReportManager] API Action [GetResponseJSONValue] successfully performed. With the following test data [title]. @15-09-2021 10:18:45.0923 AM
[ReportManager] API Action [GetResponseJSONValue] successfully performed. With the following test data [title]. @15-09-2021 10:18:45.0931 AM
[ReportManager] API Action [GetResponseJSONValue] successfully performed. With the following test data [title]. @15-09-2021 10:18:45.0940 AM
[ReportManager] API Action [GetResponseJSONValue] successfully performed. With the following test data [title]. @15-09-2021 10:18:45.0950 AM
[ReportManager] API Action [GetResponseJSONValue] successfully performed. With the following test data [title]. @15-09-2021 10:18:45.0960 AM
[ReportManager] API Action [GetResponseJSONValue] successfully performed. With the following test data [title]. @15-09-2021 10:18:45.0969 AM
[ReportManager] API Action [GetResponseJSONValue] successfully performed. With the following test data [title]. @15-09-2021 10:18:45.0977 AM
[ReportManager] API Action [GetResponseJSONValue] successfully performed. With the following test data [title]. @15-09-2021 10:18:45.0985 AM
[ReportManager] API Action [GetResponseJSONValue] successfully performed. With the following test data [title]. @15-09-2021 10:18:45.0994 AM
[ReportManager] API Action [GetResponseJSONValue] successfully performed. With the following test data [title]. @15-09-2021 10:18:46.0002 AM
[ReportManager] API Action [GetResponseJSONValue] successfully performed. With the following test data [title]. @15-09-2021 10:18:46.0011 AM
[ReportManager] API Action [GetResponseJSONValue] successfully performed. With the following test data [title]. @15-09-2021 10:18:46.0019 AM
[ReportManager] API Action [GetResponseJSONValue] successfully performed. With the following test data [title]. @15-09-2021 10:18:46.0027 AM
[ReportManager] API Action [GetResponseJSONValue] successfully performed. With the following test data [title]. @15-09-2021 10:18:46.0036 AM
[ReportManager] API Action [GetResponseJSONValue] successfully performed. With the following test data [title]. @15-09-2021 10:18:46.0082 AM
[ReportManager] API Action [GetResponseJSONValue] successfully performed. With the following test data [title]. @15-09-2021 10:18:46.0097 AM
[ReportManager] API Action [GetResponseJSONValue] successfully performed. With the following test data [title]. @15-09-2021 10:18:46.0115 AM
[ReportManager] API Action [GetResponseJSONValue] successfully performed. With the following test data [title]. @15-09-2021 10:18:46.0132 AM
[ReportManager] API Action [GetResponseJSONValue] successfully performed. With the following test data [title]. @15-09-2021 10:18:46.0144 AM
[ReportManager] API Action [GetResponseJSONValue] successfully performed. With the following test data [title]. @15-09-2021 10:18:46.0159 AM
[ReportManager] API Action [GetResponseJSONValue] successfully performed. With the following test data [title]. @15-09-2021 10:18:46.0173 AM
[ReportManager] API Action [GetResponseJSONValue] successfully performed. With the following test data [title]. @15-09-2021 10:18:46.0183 AM
[ReportManager] API Action [GetResponseJSONValue] successfully performed. With the following test data [title]. @15-09-2021 10:18:46.0191 AM
[ReportManager] API Action [GetResponseJSONValue] successfully performed. With the following test data [title]. @15-09-2021 10:18:46.0206 AM
[ReportManager] API Action [GetResponseJSONValue] successfully performed. With the following test data [title]. @15-09-2021 10:18:46.0218 AM
[ReportManager] API Action [GetResponseJSONValue] successfully performed. With the following test data [title]. @15-09-2021 10:18:46.0234 AM
[ReportManager] API Action [GetResponseJSONValue] successfully performed. With the following test data [title]. @15-09-2021 10:18:46.0246 AM
[ReportManager] API Action [GetResponseJSONValue] successfully performed. With the following test data [title]. @15-09-2021 10:18:46.0258 AM
[ReportManager] API Action [GetResponseJSONValue] successfully performed. With the following test data [title]. @15-09-2021 10:18:46.0268 AM
[ReportManager] API Action [GetResponseJSONValue] successfully performed. With the following test data [title]. @15-09-2021 10:18:46.0279 AM
[ReportManager] API Action [GetResponseJSONValue] successfully performed. With the following test data [title]. @15-09-2021 10:18:46.0289 AM
[ReportManager] API Action [GetResponseJSONValue] successfully performed. With the following test data [title]. @15-09-2021 10:18:46.0321 AM
[ReportManager] API Action [GetResponseJSONValue] successfully performed. With the following test data [title]. @15-09-2021 10:18:46.0329 AM
[ReportManager] API Action [GetResponseJSONValue] successfully performed. With the following test data [title]. @15-09-2021 10:18:46.0340 AM
[ReportManager] API Action [GetResponseJSONValue] successfully performed. With the following test data [title]. @15-09-2021 10:18:46.0351 AM
[ReportManager] API Action [GetResponseJSONValue] successfully performed. With the following test data [title]. @15-09-2021 10:18:46.0361 AM
[ReportManager] API Action [GetResponseJSONValue] successfully performed. With the following test data [title]. @15-09-2021 10:18:46.0374 AM
[ReportManager] API Action [GetResponseJSONValue] successfully performed. With the following test data [title]. @15-09-2021 10:18:46.0389 AM
[ReportManager] API Action [GetResponseJSONValue] successfully performed. With the following test data [title]. @15-09-2021 10:18:46.0398 AM
[ReportManager] API Action [GetResponseJSONValue] successfully performed. With the following test data [title]. @15-09-2021 10:18:46.0411 AM
[ReportManager] API Action [GetResponseJSONValue] successfully performed. With the following test data [title]. @15-09-2021 10:18:46.0428 AM
[ReportManager] API Action [GetResponseJSONValue] successfully performed. With the following test data [title]. @15-09-2021 10:18:46.0440 AM
[ReportManager] API Action [GetResponseJSONValue] successfully performed. With the following test data [title]. @15-09-2021 10:18:46.0453 AM
[ReportManager] API Action [GetResponseJSONValue] successfully performed. With the following test data [title]. @15-09-2021 10:18:46.0462 AM
[ReportManager] API Action [GetResponseJSONValue] successfully performed. With the following test data [title]. @15-09-2021 10:18:46.0475 AM
[ReportManager] API Action [GetResponseJSONValue] successfully performed. With the following test data [title]. @15-09-2021 10:18:46.0489 AM
[ReportManager] API Action [GetResponseJSONValue] successfully performed. With the following test data [title]. @15-09-2021 10:18:46.0500 AM
[ReportManager] API Action [GetResponseJSONValue] successfully performed. With the following test data [title]. @15-09-2021 10:18:46.0509 AM
[ReportManager] API Action [GetResponseJSONValue] successfully performed. With the following test data [title]. @15-09-2021 10:18:46.0520 AM
[ReportManager] API Action [GetResponseJSONValue] successfully performed. With the following test data [title]. @15-09-2021 10:18:46.0529 AM
[ReportManager] API Action [GetResponseJSONValue] successfully performed. With the following test data [title]. @15-09-2021 10:18:46.0538 AM
[ReportManager] API Action [GetResponseJSONValue] successfully performed. With the following test data [title]. @15-09-2021 10:18:46.0554 AM
[ReportManager] API Action [GetResponseJSONValue] successfully performed. With the following test data [title]. @15-09-2021 10:18:46.0602 AM
[ReportManager] API Action [GetResponseJSONValue] successfully performed. With the following test data [title]. @15-09-2021 10:18:46.0614 AM
[ReportManager] API Action [GetResponseJSONValue] successfully performed. With the following test data [title]. @15-09-2021 10:18:46.0622 AM
[ReportManager] API Action [GetResponseJSONValue] successfully performed. With the following test data [title]. @15-09-2021 10:18:46.0632 AM
[ReportManager] API Action [GetResponseJSONValue] successfully performed. With the following test data [title]. @15-09-2021 10:18:46.0641 AM
[ReportManager] API Action [GetResponseJSONValue] successfully performed. With the following test data [title]. @15-09-2021 10:18:46.0648 AM
[ReportManager] API Action [GetResponseJSONValue] successfully performed. With the following test data [title]. @15-09-2021 10:18:46.0656 AM
[ReportManager] API Action [GetResponseJSONValue] successfully performed. With the following test data [title]. @15-09-2021 10:18:46.0664 AM
[ReportManager] API Action [GetResponseJSONValue] successfully performed. With the following test data [title]. @15-09-2021 10:18:46.0673 AM
[ReportManager] API Action [GetResponseJSONValue] successfully performed. With the following test data [title]. @15-09-2021 10:18:46.0681 AM
[ReportManager] API Action [GetResponseJSONValue] successfully performed. With the following test data [title]. @15-09-2021 10:18:46.0693 AM
[ReportManager] API Action [GetResponseJSONValue] successfully performed. With the following test data [title]. @15-09-2021 10:18:46.0700 AM
[ReportManager] API Action [GetResponseJSONValue] successfully performed. With the following test data [title]. @15-09-2021 10:18:46.0713 AM
[ReportManager] API Action [GetResponseJSONValue] successfully performed. With the following test data [title]. @15-09-2021 10:18:46.0729 AM
[ReportManager] API Action [GetResponseJSONValue] successfully performed. With the following test data [title]. @15-09-2021 10:18:46.0741 AM
[ReportManager] API Action [GetResponseJSONValue] successfully performed. With the following test data [title]. @15-09-2021 10:18:46.0749 AM
[ReportManager] API Action [GetResponseJSONValue] successfully performed. With the following test data [title]. @15-09-2021 10:18:46.0758 AM
[ReportManager] API Action [GetResponseJSONValue] successfully performed. With the following test data [title]. @15-09-2021 10:18:46.0770 AM
[ReportManager] API Action [GetResponseJSONValue] successfully performed. With the following test data [title]. @15-09-2021 10:18:46.0777 AM
[ReportManager] API Action [GetResponseJSONValue] successfully performed. With the following test data [title]. @15-09-2021 10:18:46.0786 AM
[ReportManager] API Action [GetResponseJSONValue] successfully performed. With the following test data [title]. @15-09-2021 10:18:46.0796 AM
[ReportManager] API Action [GetResponseJSONValue] successfully performed. With the following test data [title]. @15-09-2021 10:18:46.0806 AM
[ReportManager] API Action [GetResponseJSONValue] successfully performed. With the following test data [title]. @15-09-2021 10:18:46.0822 AM
[ReportManager] API Action [GetResponseJSONValue] successfully performed. With the following test data [title]. @15-09-2021 10:18:46.0834 AM
[ReportManager] API Action [GetResponseJSONValue] successfully performed. With the following test data [title]. @15-09-2021 10:18:46.0858 AM
[ReportManager] API Action [GetResponseJSONValue] successfully performed. With the following test data [title]. @15-09-2021 10:18:46.0876 AM
[ReportManager] API Action [GetResponseJSONValue] successfully performed. With the following test data [title]. @15-09-2021 10:18:46.0883 AM
[ReportManager] API Action [GetResponseJSONValue] successfully performed. With the following test data [title]. @15-09-2021 10:18:46.0891 AM
[ReportManager] API Action [GetResponseJSONValue] successfully performed. With the following test data [title]. @15-09-2021 10:18:46.0898 AM
[ReportManager] API Action [GetResponseJSONValue] successfully performed. With the following test data [title]. @15-09-2021 10:18:46.0906 AM
[ReportManager] API Action [GetResponseJSONValue] successfully performed. With the following test data [title]. @15-09-2021 10:18:46.0921 AM
[ReportManager] API Action [GetResponseJSONValue] successfully performed. With the following test data [title]. @15-09-2021 10:18:46.0936 AM
[ReportManager] API Action [GetResponseJSONValue] successfully performed. With the following test data [title]. @15-09-2021 10:18:46.0953 AM
[ReportManager] API Action [GetResponseJSONValue] successfully performed. With the following test data [title]. @15-09-2021 10:18:46.0959 AM
[ReportManager] API Action [GetResponseJSONValue] successfully performed. With the following test data [title]. @15-09-2021 10:18:46.0966 AM
[ReportManager] API Action [GetResponseJSONValue] successfully performed. With the following test data [title]. @15-09-2021 10:18:46.0972 AM
[ReportManager] API Action [GetResponseJSONValue] successfully performed. With the following test data [title]. @15-09-2021 10:18:46.0979 AM
[ReportManager] API Action [GetResponseJSONValue] successfully performed. With the following test data [title]. @15-09-2021 10:18:46.0985 AM
[ReportManager] API Action [GetResponseJSONValue] successfully performed. With the following test data [title]. @15-09-2021 10:18:46.0992 A

################################################################################################################################################
Starting Execution:	[2 out of 143] test cases in the current suite
Test Method:		[unitTests.tests_restActions.validateUserEmail]
################################################################################################################################################
[ReportManager] Response status code: [200], status line: [HTTP/1.1 200 OK] @15-09-2021 10:18:47.0180 AM
[ReportManager] Assertion Passed: Evaluating the actual response status code against the expected one... @15-09-2021 10:18:47.0180 AM
[ReportManager] Assertion [ValidateEquals] PASSED. Expected [200] and Actual [200]. Comparison Type [EQUALS]. Validation Type [POSITIVE]. @15-09-2021 10:18:47.0180 AM
[ReportManager] API Action [PerformRequest] successfully performed. With the following test data [Request Type: "GET" | Target Status Code: "200" | Service URL: "https://jsonplaceholder.typicode.com/users" | Content Type: "*/*" | Response Time: "63ms"]. @15-09-2021 10:18:47.0206 AM
[ReportManager] Successfully created attachment [API Request - Specifications] @15-09-2021 10:18:47.0207 AM
[ReportManager] Successfully created attachment [API Response - JSON Body] @15-09-2021 10:18:47.0209 AM
[ReportManager] Assertion [ValidateEquals] PASSED. Expected and Actual values are attached. Comparison Type [CONTAINS]. Validation Type [POSITIVE]. @15-09-2021 10:18:47.0210 AM
[ReportManager] Successfully created attachment [Validation Test Data - Expected Value] @15-09-2021 10:18:47.0210 AM
[ReportManager] Successfully created attachment [Validation Test Data - Actual Value] @15-09-2021 10:18:47.0210 AM
[ReportManager] API Action [GetResponseJSONValueAsList] successfully performed. With the following test data [$]. @15-09-2021 10:18:47.0215 AM
[ReportManager] API Action [GetResponseJSONValue] successfully performed. With the following test data [name]. @15-09-2021 10:18:47.0225 AM
[ReportManager] API Action [GetResponseJSONValue] successfully performed. With the following test data [email]. @15-09-2021 10:18:47.0241 AM
[ReportManager] Assertion [ValidateEquals] PASSED. Expected [Sincere@april.biz] and Actual [Sincere@april.biz]. Comparison Type [EQUALS]. Validation Type [POSITIVE]. @15-09-2021 10:18:47.0241 AM
[ReportManager] API Action [GetResponseJSONValue] successfully performed. With the following test data [name]. @15-09-2021 10:18:47.0250 AM
[ReportManager] API Action [GetResponseJSONValue] successfully performed. With the following test data [name]. @15-09-2021 10:18:47.0261 AM
[ReportManager] API Action [GetResponseJSONValue] successfully performed. With the following test data [name]. @15-09-2021 10:18:47.0272 AM
[ReportManager] API Action [GetResponseJSONValue] successfully performed. With the following test data [name]. @15-09-2021 10:18:47.0283 AM
[ReportManager] API Action [GetResponseJSONValue] successfully performed. With the following test data [name]. @15-09-2021 10:18:47.0290 AM
[ReportManager] API Action [GetResponseJSONValue] successfully performed. With the following test data [name]. @15-09-2021 10:18:47.0299 AM
[ReportManager] API Action [GetResponseJSONValue] successfully performed. With the following test data [name]. @15-09-2021 10:18:47.0306 AM
[ReportManager] API Action [GetResponseJSONValue] successfully performed. With the following test data [name]. @15-09-2021 10:18:47.0315 AM
[ReportManager] API Action [GetResponseJSONValue] successfully performed. With the following test data [name]. @15-09-2021 10:18:47.0323 A

################################################################################################################################################
Starting Execution:	[3 out of 143] test cases in the current suite
Test Method:		[unitTests.tests_validations_assertions.assertComparativeRelation_greaterThanOrEquals_false_equals_expectedToFail]
################################################################################################################################################
[ReportManager] Assertion [ValidateComparativeRelation] FAILED. Expected [1] and Actual [1]. Comparison Type [GREATER_THAN_OR_EQUALS]. Validation Type [NEGATIVE]. @15-09-2021 10:18:47.0352 A

################################################################################################################################################
Starting Execution:	[4 out of 143] test cases in the current suite
Test Method:		[unitTests.tests_validations_assertions.assertComparativeRelation_greaterThanOrEquals_false_equals_expectedToPass]
################################################################################################################################################
[ReportManager] Assertion [ValidateComparativeRelation] PASSED. Expected [2] and Actual [1]. Comparison Type [GREATER_THAN_OR_EQUALS]. Validation Type [NEGATIVE]. @15-09-2021 10:18:47.0358 A

################################################################################################################################################
Starting Execution:	[5 out of 143] test cases in the current suite
Test Method:		[unitTests.tests_validations_assertions.assertComparativeRelation_greaterThanOrEquals_false_greaterThan_expectedToFail]
################################################################################################################################################
[ReportManager] Assertion [ValidateComparativeRelation] FAILED. Expected [1] and Actual [2]. Comparison Type [GREATER_THAN_OR_EQUALS]. Validation Type [NEGATIVE]. @15-09-2021 10:18:47.0370 A

################################################################################################################################################
Starting Execution:	[6 out of 143] test cases in the current suite
Test Method:		[unitTests.tests_validations_assertions.assertComparativeRelation_greaterThanOrEquals_false_greaterThan_expectedToPass]
################################################################################################################################################
[ReportManager] Assertion [ValidateComparativeRelation] PASSED. Expected [2] and Actual [1]. Comparison Type [GREATER_THAN_OR_EQUALS]. Validation Type [NEGATIVE]. @15-09-2021 10:18:47.0380 A

################################################################################################################################################
Starting Execution:	[7 out of 143] test cases in the current suite
Test Method:		[unitTests.tests_validations_assertions.assertComparativeRelation_greaterThanOrEquals_true_equals_expectedToFail]
################################################################################################################################################
[ReportManager] Assertion [ValidateComparativeRelation] FAILED. Expected [1] and Actual [0]. Comparison Type [GREATER_THAN_OR_EQUALS]. Validation Type [POSITIVE]. @15-09-2021 10:18:47.0392 A

################################################################################################################################################
Starting Execution:	[8 out of 143] test cases in the current suite
Test Method:		[unitTests.tests_validations_assertions.assertComparativeRelation_greaterThanOrEquals_true_equals_expectedToPass]
################################################################################################################################################
[ReportManager] Assertion [ValidateComparativeRelation] PASSED. Expected [1] and Actual [1]. Comparison Type [GREATER_THAN_OR_EQUALS]. Validation Type [POSITIVE]. @15-09-2021 10:18:47.0394 A

################################################################################################################################################
Starting Execution:	[9 out of 143] test cases in the current suite
Test Method:		[unitTests.tests_validations_assertions.assertComparativeRelation_greaterThanOrEquals_true_greaterThan_expectedToFail]
################################################################################################################################################
[ReportManager] Assertion [ValidateComparativeRelation] FAILED. Expected [2] and Actual [1]. Comparison Type [GREATER_THAN_OR_EQUALS]. Validation Type [POSITIVE]. @15-09-2021 10:18:47.0396 A

################################################################################################################################################
Starting Execution:	[10 out of 143] test cases in the current suite
Test Method:		[unitTests.tests_validations_assertions.assertComparativeRelation_greaterThanOrEquals_true_greaterThan_expectedToPass]
################################################################################################################################################
[ReportManager] Assertion [ValidateComparativeRelation] PASSED. Expected [1] and Actual [2]. Comparison Type [GREATER_THAN_OR_EQUALS]. Validation Type [POSITIVE]. @15-09-2021 10:18:47.0398 A
[ReportManager] File Action [GetAbsolutePath] successfully performed. With the following test data [Relative Folder Path: "target/downloadedFiles/"]. @15-09-2021 10:18:47.0414 AM
[ReportManager] Attempting to run remotely on: [Linux-64], [GoogleChrome], [http://localhost:4444/wd/hub], Headless Execution. @15-09-2021 10:18:47.0457 AM
[ReportManager] Successfully Opened [GoogleChrome]. @15-09-2021 10:18:48.0671 AM
[ReportManager] Target URL: [https://www.google.com/ncr], and after redirection: [www.google.com] @15-09-2021 10:18:48.0762 AM
[ReportManager] Initial URL: [data:,] @15-09-2021 10:18:48.0858 AM
[ReportManager] Browser Action [NavigateToURL] successfully performed. With the following test data [https://www.google.com/ncr]. @15-09-2021 10:18:50.0240 A

################################################################################################################################################
Starting Execution:	[11 out of 143] test cases in the current suite
Test Method:		[unitTests.tests_validations_assertions.assertElementAttribute_false_caseInsensitiveComparison_expectedToFail]
################################################################################################################################################
[ReportManager] Element Action [Type] successfully performed. With the following test data [AUTOMATION]. @15-09-2021 10:18:50.0722 AM
[ReportManager] Element Action [GetText] successfully performed. With the following test data [AUTOMATION]. @15-09-2021 10:18:50.0873 AM
[ReportManager] Loaded Shared OpenCV @15-09-2021 10:18:51.0587 AM
[ReportManager] Assertion [ValidateElementAttribute] FAILED. Expected [Value Should not be 'AutomaTion' for the 'text' attribute, element locator 'By.name: q'] and Actual [AUTOMATION]. Comparison Type [CASE_INSENSITIVE]. Validation Type [NEGATIVE]. @15-09-2021 10:18:51.0887 AM
[ReportManager] Successfully created attachment [Screenshot - 1631701131098_assertElementAttribute_false_caseInsensitiveComparison_expectedToFail_ValidateElementAttribute_failed] @15-09-2021 10:18:51.0900 A
[ReportManager] Browser Action [CloseCurrentWindow] successfully performed. @15-09-2021 10:18:52.0059 AM
[ReportManager] Successfully created attachment [Browser Action Test Data - CloseCurrentWindow - Actual Value] @15-09-2021 10:18:52.0061 A
[ReportManager] File Action [GetAbsolutePath] successfully performed. With the following test data [Relative Folder Path: "target/downloadedFiles/"]. @15-09-2021 10:18:52.0079 AM
[ReportManager] Attempting to run remotely on: [Linux-64], [GoogleChrome], [http://localhost:4444/wd/hub], Headless Execution. @15-09-2021 10:18:52.0080 AM
[ReportManager] Successfully Opened [GoogleChrome]. @15-09-2021 10:18:52.0369 AM
[ReportManager] Target URL: [https://www.google.com/ncr], and after redirection: [www.google.com] @15-09-2021 10:18:52.0394 AM
[ReportManager] Initial URL: [data:,] @15-09-2021 10:18:52.0491 AM
[ReportManager] Browser Action [NavigateToURL] successfully performed. With the following test data [https://www.google.com/ncr]. @15-09-2021 10:18:53.0398 A

################################################################################################################################################
Starting Execution:	[12 out of 143] test cases in the current suite
Test Method:		[unitTests.tests_validations_assertions.assertElementAttribute_false_caseInsensitiveComparison_expectedToPass]
################################################################################################################################################
[ReportManager] Element Action [Type] successfully performed. With the following test data [AUTOMATION]. @15-09-2021 10:18:53.0904 AM
[ReportManager] Element Action [GetText] successfully performed. With the following test data [AUTOMATION]. @15-09-2021 10:18:54.0036 AM
[ReportManager] Loaded Shared OpenCV @15-09-2021 10:18:54.0231 AM
[ReportManager] Assertion [ValidateElementAttribute] PASSED. Expected [Value Should not be 'AutomaTion123' for the 'text' attribute, element locator 'By.name: q'] and Actual [AUTOMATION]. Comparison Type [CASE_INSENSITIVE]. Validation Type [NEGATIVE]. @15-09-2021 10:18:54.0384 AM
[ReportManager] Successfully created attachment [Screenshot - 1631701134231_assertElementAttribute_false_caseInsensitiveComparison_expectedToPass_ValidateElementAttribute_passed] @15-09-2021 10:18:54.0386 A
[ReportManager] Browser Action [CloseCurrentWindow] successfully performed. @15-09-2021 10:18:54.0549 AM
[ReportManager] Successfully created attachment [Browser Action Test Data - CloseCurrentWindow - Actual Value] @15-09-2021 10:18:54.0551 A
[ReportManager] File Action [GetAbsolutePath] successfully performed. With the following test data [Relative Folder Path: "target/downloadedFiles/"]. @15-09-2021 10:18:54.0561 AM
[ReportManager] Attempting to run remotely on: [Linux-64], [GoogleChrome], [http://localhost:4444/wd/hub], Headless Execution. @15-09-2021 10:18:54.0561 AM
[ReportManager] Successfully Opened [GoogleChrome]. @15-09-2021 10:18:54.0786 AM
[ReportManager] Target URL: [https://www.google.com/ncr], and after redirection: [www.google.com] @15-09-2021 10:18:54.0800 AM
[ReportManager] Initial URL: [data:,] @15-09-2021 10:18:54.0870 AM
[ReportManager] Browser Action [NavigateToURL] successfully performed. With the following test data [https://www.google.com/ncr]. @15-09-2021 10:18:55.0696 A

################################################################################################################################################
Starting Execution:	[13 out of 143] test cases in the current suite
Test Method:		[unitTests.tests_validations_assertions.assertElementAttribute_false_containsComparison_expectedToFail]
################################################################################################################################################
[ReportManager] Element Action [Type] successfully performed. With the following test data [Automation123]. @15-09-2021 10:18:56.0099 AM
[ReportManager] Element Action [GetText] successfully performed. With the following test data [Automation123]. @15-09-2021 10:18:56.0219 AM
[ReportManager] Loaded Shared OpenCV @15-09-2021 10:18:56.0408 AM
[ReportManager] Assertion [ValidateElementAttribute] FAILED. Expected [Value Should not be 'Automation' for the 'text' attribute, element locator 'By.name: q'] and Actual [Automation123]. Comparison Type [CONTAINS]. Validation Type [NEGATIVE]. @15-09-2021 10:18:56.0508 AM
[ReportManager] Successfully created attachment [Screenshot - 1631701136408_assertElementAttribute_false_containsComparison_expectedToFail_ValidateElementAttribute_failed] @15-09-2021 10:18:56.0509 A
[ReportManager] Browser Action [CloseCurrentWindow] successfully performed. @15-09-2021 10:18:56.0663 AM
[ReportManager] Successfully created attachment [Browser Action Test Data - CloseCurrentWindow - Actual Value] @15-09-2021 10:18:56.0664 A
[ReportManager] File Action [GetAbsolutePath] successfully performed. With the following test data [Relative Folder Path: "target/downloadedFiles/"]. @15-09-2021 10:18:56.0677 AM
[ReportManager] Attempting to run remotely on: [Linux-64], [GoogleChrome], [http://localhost:4444/wd/hub], Headless Execution. @15-09-2021 10:18:56.0677 AM
[ReportManager] Successfully Opened [GoogleChrome]. @15-09-2021 10:18:56.0906 AM
[ReportManager] Target URL: [https://www.google.com/ncr], and after redirection: [www.google.com] @15-09-2021 10:18:56.0923 AM
[ReportManager] Initial URL: [data:,] @15-09-2021 10:18:56.0982 AM
[ReportManager] Browser Action [NavigateToURL] successfully performed. With the following test data [https://www.google.com/ncr]. @15-09-2021 10:18:57.0812 A

################################################################################################################################################
Starting Execution:	[14 out of 143] test cases in the current suite
Test Method:		[unitTests.tests_validations_assertions.assertElementAttribute_false_containsComparison_expectedToPass]
################################################################################################################################################
[ReportManager] Element Action [Type] successfully performed. With the following test data [Automation123]. @15-09-2021 10:18:58.0176 AM
[ReportManager] Element Action [GetText] successfully performed. With the following test data [Automation123]. @15-09-2021 10:18:58.0289 AM
[ReportManager] Loaded Shared OpenCV @15-09-2021 10:18:58.0452 AM
[ReportManager] Assertion [ValidateElementAttribute] PASSED. Expected [Value Should not be 'Automation1234' for the 'text' attribute, element locator 'By.name: q'] and Actual [Automation123]. Comparison Type [CONTAINS]. Validation Type [NEGATIVE]. @15-09-2021 10:18:58.0547 AM
[ReportManager] Successfully created attachment [Screenshot - 1631701138451_assertElementAttribute_false_containsComparison_expectedToPass_ValidateElementAttribute_passed] @15-09-2021 10:18:58.0548 A
[ReportManager] Browser Action [CloseCurrentWindow] successfully performed. @15-09-2021 10:18:58.0682 AM
[ReportManager] Successfully created attachment [Browser Action Test Data - CloseCurrentWindow - Actual Value] @15-09-2021 10:18:58.0683 A
[ReportManager] File Action [GetAbsolutePath] successfully performed. With the following test data [Relative Folder Path: "target/downloadedFiles/"]. @15-09-2021 10:18:58.0686 AM
[ReportManager] Attempting to run remotely on: [Linux-64], [GoogleChrome], [http://localhost:4444/wd/hub], Headless Execution. @15-09-2021 10:18:58.0686 AM
[ReportManager] Successfully Opened [GoogleChrome]. @15-09-2021 10:18:58.0904 AM
[ReportManager] Target URL: [https://www.google.com/ncr], and after redirection: [www.google.com] @15-09-2021 10:18:58.0924 AM
[ReportManager] Initial URL: [data:,] @15-09-2021 10:18:58.0976 AM
[ReportManager] Browser Action [NavigateToURL] successfully performed. With the following test data [https://www.google.com/ncr]. @15-09-2021 10:18:59.0805 A

################################################################################################################################################
Starting Execution:	[15 out of 143] test cases in the current suite
Test Method:		[unitTests.tests_validations_assertions.assertElementAttribute_false_literalComparison_expectedToFail]
################################################################################################################################################
[ReportManager] Element Action [Type] successfully performed. With the following test data [Automation!@#$%^&*()_+{}[]\';/.,]. @15-09-2021 10:19:00.0275 AM
[ReportManager] Element Action [GetText] successfully performed. With the following test data [Automation!@#$%^&*()_+{}[]\';/.,]. @15-09-2021 10:19:00.0405 AM
[ReportManager] Loaded Shared OpenCV @15-09-2021 10:19:00.0599 AM
[ReportManager] Assertion [ValidateElementAttribute] PASSED. Expected [Value Should not be 'Automation!@#$%^&*()_+{}[]\\';/.,' for the 'text' attribute, element locator 'By.name: q'] and Actual [Automation!@#$%^&*()_+{}[]\';/.,]. Comparison Type [EQUALS]. Validation Type [NEGATIVE]. @15-09-2021 10:19:00.0694 AM
[ReportManager] Successfully created attachment [Screenshot - 1631701140598_assertElementAttribute_false_literalComparison_expectedToFail_ValidateElementAttribute_passed] @15-09-2021 10:19:00.0696 A
[ReportManager] Browser Action [CloseCurrentWindow] successfully performed. @15-09-2021 10:19:00.0852 AM
[ReportManager] Successfully created attachment [Browser Action Test Data - CloseCurrentWindow - Actual Value] @15-09-2021 10:19:00.0853 A
[ReportManager] File Action [GetAbsolutePath] successfully performed. With the following test data [Relative Folder Path: "target/downloadedFiles/"]. @15-09-2021 10:19:00.0860 AM
[ReportManager] Attempting to run remotely on: [Linux-64], [GoogleChrome], [http://localhost:4444/wd/hub], Headless Execution. @15-09-2021 10:19:00.0861 AM
[ReportManager] Successfully Opened [GoogleChrome]. @15-09-2021 10:19:01.0132 AM
[ReportManager] Target URL: [https://www.google.com/ncr], and after redirection: [www.google.com] @15-09-2021 10:19:01.0150 AM
[ReportManager] Initial URL: [data:,] @15-09-2021 10:19:01.0200 AM
[ReportManager] Browser Action [NavigateToURL] successfully performed. With the following test data [https://www.google.com/ncr]. @15-09-2021 10:19:02.0006 A

################################################################################################################################################
Starting Execution:	[16 out of 143] test cases in the current suite
Test Method:		[unitTests.tests_validations_assertions.assertElementAttribute_false_literalComparison_expectedToPass]
################################################################################################################################################
[ReportManager] Element Action [Type] successfully performed. With the following test data [Automation!@#$%^&*()_+{}[]\';/.,]. @15-09-2021 10:19:02.0500 AM
[ReportManager] Element Action [GetText] successfully performed. With the following test data [Automation!@#$%^&*()_+{}[]\';/.,]. @15-09-2021 10:19:02.0605 AM
[ReportManager] Loaded Shared OpenCV @15-09-2021 10:19:02.0776 AM
[ReportManager] Assertion [ValidateElementAttribute] PASSED. Expected [Value Should not be 'Automation' for the 'text' attribute, element locator 'By.name: q'] and Actual [Automation!@#$%^&*()_+{}[]\';/.,]. Comparison Type [EQUALS]. Validation Type [NEGATIVE]. @15-09-2021 10:19:02.0877 AM
[ReportManager] Successfully created attachment [Screenshot - 1631701142776_assertElementAttribute_false_literalComparison_expectedToPass_ValidateElementAttribute_passed] @15-09-2021 10:19:02.0878 A
[ReportManager] Browser Action [CloseCurrentWindow] successfully performed. @15-09-2021 10:19:03.0017 AM
[ReportManager] Successfully created attachment [Browser Action Test Data - CloseCurrentWindow - Actual Value] @15-09-2021 10:19:03.0018 A
[ReportManager] File Action [GetAbsolutePath] successfully performed. With the following test data [Relative Folder Path: "target/downloadedFiles/"]. @15-09-2021 10:19:03.0026 AM
[ReportManager] Attempting to run remotely on: [Linux-64], [GoogleChrome], [http://localhost:4444/wd/hub], Headless Execution. @15-09-2021 10:19:03.0026 AM
[ReportManager] Successfully Opened [GoogleChrome]. @15-09-2021 10:19:03.0360 AM
[ReportManager] Target URL: [https://www.google.com/ncr], and after redirection: [www.google.com] @15-09-2021 10:19:03.0378 AM
[ReportManager] Initial URL: [data:,] @15-09-2021 10:19:03.0425 AM
[ReportManager] Browser Action [NavigateToURL] successfully performed. With the following test data [https://www.google.com/ncr]. @15-09-2021 10:19:04.0330 A

################################################################################################################################################
Starting Execution:	[17 out of 143] test cases in the current suite
Test Method:		[unitTests.tests_validations_assertions.assertElementAttribute_false_regexComparison_expectedToFail]
################################################################################################################################################
[ReportManager] Element Action [Type] successfully performed. With the following test data [Automation123]. @15-09-2021 10:19:04.0716 AM
[ReportManager] Element Action [GetText] successfully performed. With the following test data [Automation123]. @15-09-2021 10:19:04.0809 AM
[ReportManager] Loaded Shared OpenCV @15-09-2021 10:19:04.0967 AM
[ReportManager] Assertion [ValidateElementAttribute] FAILED. Expected [Value Should not be 'Automation.*' for the 'text' attribute, element locator 'By.name: q'] and Actual [Automation123]. Comparison Type [MATCHES]. Validation Type [NEGATIVE]. @15-09-2021 10:19:05.0059 AM
[ReportManager] Successfully created attachment [Screenshot - 1631701144966_assertElementAttribute_false_regexComparison_expectedToFail_ValidateElementAttribute_failed] @15-09-2021 10:19:05.0060 A
[ReportManager] Browser Action [CloseCurrentWindow] successfully performed. @15-09-2021 10:19:05.0191 AM
[ReportManager] Successfully created attachment [Browser Action Test Data - CloseCurrentWindow - Actual Value] @15-09-2021 10:19:05.0192 A
[ReportManager] File Action [GetAbsolutePath] successfully performed. With the following test data [Relative Folder Path: "target/downloadedFiles/"]. @15-09-2021 10:19:05.0195 AM
[ReportManager] Attempting to run remotely on: [Linux-64], [GoogleChrome], [http://localhost:4444/wd/hub], Headless Execution. @15-09-2021 10:19:05.0196 AM
[ReportManager] Successfully Opened [GoogleChrome]. @15-09-2021 10:19:05.0460 AM
[ReportManager] Target URL: [https://www.google.com/ncr], and after redirection: [www.google.com] @15-09-2021 10:19:05.0479 AM
[ReportManager] Initial URL: [data:,] @15-09-2021 10:19:05.0531 AM
[ReportManager] Browser Action [NavigateToURL] successfully performed. With the following test data [https://www.google.com/ncr]. @15-09-2021 10:19:06.0378 A

################################################################################################################################################
Starting Execution:	[18 out of 143] test cases in the current suite
Test Method:		[unitTests.tests_validations_assertions.assertElementAttribute_false_regexComparison_expectedToPass]
################################################################################################################################################
[ReportManager] Element Action [Type] successfully performed. With the following test data [Automation123]. @15-09-2021 10:19:06.0762 AM
[ReportManager] Element Action [GetText] successfully performed. With the following test data [Automation123]. @15-09-2021 10:19:06.0876 AM
[ReportManager] Loaded Shared OpenCV @15-09-2021 10:19:07.0065 AM
[ReportManager] Assertion [ValidateElementAttribute] PASSED. Expected [Value Should not be 'Automation' for the 'text' attribute, element locator 'By.name: q'] and Actual [Automation123]. Comparison Type [MATCHES]. Validation Type [NEGATIVE]. @15-09-2021 10:19:07.0167 AM
[ReportManager] Successfully created attachment [Screenshot - 1631701147065_assertElementAttribute_false_regexComparison_expectedToPass_ValidateElementAttribute_passed] @15-09-2021 10:19:07.0169 A
[ReportManager] Browser Action [CloseCurrentWindow] successfully performed. @15-09-2021 10:19:07.0298 AM
[ReportManager] Successfully created attachment [Browser Action Test Data - CloseCurrentWindow - Actual Value] @15-09-2021 10:19:07.0300 A
[ReportManager] File Action [GetAbsolutePath] successfully performed. With the following test data [Relative Folder Path: "target/downloadedFiles/"]. @15-09-2021 10:19:07.0306 AM
[ReportManager] Attempting to run remotely on: [Linux-64], [GoogleChrome], [http://localhost:4444/wd/hub], Headless Execution. @15-09-2021 10:19:07.0306 AM
[ReportManager] Successfully Opened [GoogleChrome]. @15-09-2021 10:19:07.0510 AM
[ReportManager] Target URL: [https://www.google.com/ncr], and after redirection: [www.google.com] @15-09-2021 10:19:07.0524 AM
[ReportManager] Initial URL: [data:,] @15-09-2021 10:19:07.0578 AM
[ReportManager] Browser Action [NavigateToURL] successfully performed. With the following test data [https://www.google.com/ncr]. @15-09-2021 10:19:08.0420 A

################################################################################################################################################
Starting Execution:	[19 out of 143] test cases in the current suite
Test Method:		[unitTests.tests_validations_assertions.assertElementAttribute_true_caseInsensitiveComparison_expectedToFail]
################################################################################################################################################
[ReportManager] Element Action [Type] successfully performed. With the following test data [AUTOMATION]. @15-09-2021 10:19:08.0785 AM
[ReportManager] Element Action [GetText] successfully performed. With the following test data [AUTOMATION]. @15-09-2021 10:19:08.0888 AM
[ReportManager] Loaded Shared OpenCV @15-09-2021 10:19:09.0056 AM
[ReportManager] Assertion [ValidateElementAttribute] FAILED. Expected [Value Should be 'AutomaTion123' for the 'text' attribute, element locator 'By.name: q'] and Actual [AUTOMATION]. Comparison Type [CASE_INSENSITIVE]. Validation Type [POSITIVE]. @15-09-2021 10:19:09.0160 AM
[ReportManager] Successfully created attachment [Screenshot - 1631701149055_assertElementAttribute_true_caseInsensitiveComparison_expectedToFail_ValidateElementAttribute_failed] @15-09-2021 10:19:09.0161 A
[ReportManager] Browser Action [CloseCurrentWindow] successfully performed. @15-09-2021 10:19:09.0305 AM
[ReportManager] Successfully created attachment [Browser Action Test Data - CloseCurrentWindow - Actual Value] @15-09-2021 10:19:09.0306 A
[ReportManager] File Action [GetAbsolutePath] successfully performed. With the following test data [Relative Folder Path: "target/downloadedFiles/"]. @15-09-2021 10:19:09.0309 AM
[ReportManager] Attempting to run remotely on: [Linux-64], [GoogleChrome], [http://localhost:4444/wd/hub], Headless Execution. @15-09-2021 10:19:09.0310 AM
[ReportManager] Successfully Opened [GoogleChrome]. @15-09-2021 10:19:09.0523 AM
[ReportManager] Target URL: [https://www.google.com/ncr], and after redirection: [www.google.com] @15-09-2021 10:19:09.0535 AM
[ReportManager] Initial URL: [data:,] @15-09-2021 10:19:09.0587 AM
[ReportManager] Browser Action [NavigateToURL] successfully performed. With the following test data [https://www.google.com/ncr]. @15-09-2021 10:19:10.0401 A

################################################################################################################################################
Starting Execution:	[20 out of 143] test cases in the current suite
Test Method:		[unitTests.tests_validations_assertions.assertElementAttribute_true_caseInsensitiveComparison_expectedToPass]
################################################################################################################################################
[ReportManager] Element Action [Type] successfully performed. With the following test data [AUTOMATION]. @15-09-2021 10:19:10.0760 AM
[ReportManager] Element Action [GetText] successfully performed. With the following test data [AUTOMATION]. @15-09-2021 10:19:10.0857 AM
[ReportManager] Loaded Shared OpenCV @15-09-2021 10:19:11.0023 AM
[ReportManager] Assertion [ValidateElementAttribute] PASSED. Expected [Value Should be 'AutomaTion' for the 'text' attribute, element locator 'By.name: q'] and Actual [AUTOMATION]. Comparison Type [CASE_INSENSITIVE]. Validation Type [POSITIVE]. @15-09-2021 10:19:11.0150 AM
[ReportManager] Successfully created attachment [Screenshot - 1631701151023_assertElementAttribute_true_caseInsensitiveComparison_expectedToPass_ValidateElementAttribute_passed] @15-09-2021 10:19:11.0151 A
[ReportManager] Browser Action [CloseCurrentWindow] successfully performed. @15-09-2021 10:19:11.0292 AM
[ReportManager] Successfully created attachment [Browser Action Test Data - CloseCurrentWindow - Actual Value] @15-09-2021 10:19:11.0293 A
[ReportManager] File Action [GetAbsolutePath] successfully performed. With the following test data [Relative Folder Path: "target/downloadedFiles/"]. @15-09-2021 10:19:11.0310 AM
[ReportManager] Attempting to run remotely on: [Linux-64], [GoogleChrome], [http://localhost:4444/wd/hub], Headless Execution. @15-09-2021 10:19:11.0310 AM
[ReportManager] Successfully Opened [GoogleChrome]. @15-09-2021 10:19:11.0568 AM
[ReportManager] Target URL: [https://www.google.com/ncr], and after redirection: [www.google.com] @15-09-2021 10:19:11.0583 AM
[ReportManager] Initial URL: [data:,] @15-09-2021 10:19:11.0629 AM
[ReportManager] Browser Action [NavigateToURL] successfully performed. With the following test data [https://www.google.com/ncr]. @15-09-2021 10:19:12.0418 A

################################################################################################################################################
Starting Execution:	[21 out of 143] test cases in the current suite
Test Method:		[unitTests.tests_validations_assertions.assertElementAttribute_true_containsComparison_expectedToFail]
################################################################################################################################################
[ReportManager] Element Action [Type] successfully performed. With the following test data [Automation123]. @15-09-2021 10:19:12.0745 AM
[ReportManager] Element Action [GetText] successfully performed. With the following test data [Automation123]. @15-09-2021 10:19:12.0869 AM
[ReportManager] Loaded Shared OpenCV @15-09-2021 10:19:13.0040 AM
[ReportManager] Assertion [ValidateElementAttribute] FAILED. Expected [Value Should be 'Automation1234' for the 'text' attribute, element locator 'By.name: q'] and Actual [Automation123]. Comparison Type [CONTAINS]. Validation Type [POSITIVE]. @15-09-2021 10:19:13.0145 AM
[ReportManager] Successfully created attachment [Screenshot - 1631701153040_assertElementAttribute_true_containsComparison_expectedToFail_ValidateElementAttribute_failed] @15-09-2021 10:19:13.0147 A
[ReportManager] Browser Action [CloseCurrentWindow] successfully performed. @15-09-2021 10:19:13.0291 AM
[ReportManager] Successfully created attachment [Browser Action Test Data - CloseCurrentWindow - Actual Value] @15-09-2021 10:19:13.0293 A
[ReportManager] File Action [GetAbsolutePath] successfully performed. With the following test data [Relative Folder Path: "target/downloadedFiles/"]. @15-09-2021 10:19:13.0297 AM
[ReportManager] Attempting to run remotely on: [Linux-64], [GoogleChrome], [http://localhost:4444/wd/hub], Headless Execution. @15-09-2021 10:19:13.0297 AM
[ReportManager] Successfully Opened [GoogleChrome]. @15-09-2021 10:19:13.0542 AM
[ReportManager] Target URL: [https://www.google.com/ncr], and after redirection: [www.google.com] @15-09-2021 10:19:13.0557 AM
[ReportManager] Initial URL: [data:,] @15-09-2021 10:19:13.0602 AM
[ReportManager] Browser Action [NavigateToURL] successfully performed. With the following test data [https://www.google.com/ncr]. @15-09-2021 10:19:14.0416 A

################################################################################################################################################
Starting Execution:	[22 out of 143] test cases in the current suite
Test Method:		[unitTests.tests_validations_assertions.assertElementAttribute_true_containsComparison_expectedToPass]
################################################################################################################################################
[ReportManager] Element Action [Type] successfully performed. With the following test data [Automation123]. @15-09-2021 10:19:14.0785 AM
[ReportManager] Element Action [GetText] successfully performed. With the following test data [Automation123]. @15-09-2021 10:19:14.0892 AM
[ReportManager] Loaded Shared OpenCV @15-09-2021 10:19:15.0054 AM
[ReportManager] Assertion [ValidateElementAttribute] PASSED. Expected [Value Should be 'Automation' for the 'text' attribute, element locator 'By.name: q'] and Actual [Automation123]. Comparison Type [CONTAINS]. Validation Type [POSITIVE]. @15-09-2021 10:19:15.0143 AM
[ReportManager] Successfully created attachment [Screenshot - 1631701155054_assertElementAttribute_true_containsComparison_expectedToPass_ValidateElementAttribute_passed] @15-09-2021 10:19:15.0145 A
[ReportManager] Browser Action [CloseCurrentWindow] successfully performed. @15-09-2021 10:19:15.0278 AM
[ReportManager] Successfully created attachment [Browser Action Test Data - CloseCurrentWindow - Actual Value] @15-09-2021 10:19:15.0280 A
[ReportManager] File Action [GetAbsolutePath] successfully performed. With the following test data [Relative Folder Path: "target/downloadedFiles/"]. @15-09-2021 10:19:15.0282 AM
[ReportManager] Attempting to run remotely on: [Linux-64], [GoogleChrome], [http://localhost:4444/wd/hub], Headless Execution. @15-09-2021 10:19:15.0283 AM
[ReportManager] Successfully Opened [GoogleChrome]. @15-09-2021 10:19:15.0495 AM
[ReportManager] Target URL: [https://www.google.com/ncr], and after redirection: [www.google.com] @15-09-2021 10:19:15.0508 AM
[ReportManager] Initial URL: [data:,] @15-09-2021 10:19:15.0553 AM
[ReportManager] Browser Action [NavigateToURL] successfully performed. With the following test data [https://www.google.com/ncr]. @15-09-2021 10:19:16.0392 A

################################################################################################################################################
Starting Execution:	[23 out of 143] test cases in the current suite
Test Method:		[unitTests.tests_validations_assertions.assertElementAttribute_true_literalComparison_expectedToFail]
################################################################################################################################################
[ReportManager] Element Action [Type] successfully performed. With the following test data [Automation!@#$%^&*()_+{}[]\';/.,]. @15-09-2021 10:19:16.0845 AM
[ReportManager] Element Action [GetText] successfully performed. With the following test data [Automation!@#$%^&*()_+{}[]\';/.,]. @15-09-2021 10:19:16.0960 AM
[ReportManager] Loaded Shared OpenCV @15-09-2021 10:19:17.0129 AM
[ReportManager] Assertion [ValidateElementAttribute] FAILED. Expected [Value Should be 'Automation' for the 'text' attribute, element locator 'By.name: q'] and Actual [Automation!@#$%^&*()_+{}[]\';/.,]. Comparison Type [EQUALS]. Validation Type [POSITIVE]. @15-09-2021 10:19:17.0215 AM
[ReportManager] Successfully created attachment [Screenshot - 1631701157129_assertElementAttribute_true_literalComparison_expectedToFail_ValidateElementAttribute_failed] @15-09-2021 10:19:17.0217 A
[ReportManager] Browser Action [CloseCurrentWindow] successfully performed. @15-09-2021 10:19:17.0370 AM
[ReportManager] Successfully created attachment [Browser Action Test Data - CloseCurrentWindow - Actual Value] @15-09-2021 10:19:17.0372 A
[ReportManager] File Action [GetAbsolutePath] successfully performed. With the following test data [Relative Folder Path: "target/downloadedFiles/"]. @15-09-2021 10:19:17.0374 AM
[ReportManager] Attempting to run remotely on: [Linux-64], [GoogleChrome], [http://localhost:4444/wd/hub], Headless Execution. @15-09-2021 10:19:17.0374 AM
[ReportManager] Successfully Opened [GoogleChrome]. @15-09-2021 10:19:17.0553 AM
[ReportManager] Target URL: [https://www.google.com/ncr], and after redirection: [www.google.com] @15-09-2021 10:19:17.0568 AM
[ReportManager] Initial URL: [data:,] @15-09-2021 10:19:17.0613 AM
[ReportManager] Browser Action [NavigateToURL] successfully performed. With the following test data [https://www.google.com/ncr]. @15-09-2021 10:19:18.0360 A

################################################################################################################################################
Starting Execution:	[24 out of 143] test cases in the current suite
Test Method:		[unitTests.tests_validations_assertions.assertElementAttribute_true_literalComparison_expectedToPass]
################################################################################################################################################
[ReportManager] Element Action [Type] successfully performed. With the following test data [Automation!@#$%^&*()_+{}[]\';/.,]. @15-09-2021 10:19:18.0770 AM
[ReportManager] Element Action [GetText] successfully performed. With the following test data [Automation!@#$%^&*()_+{}[]\';/.,]. @15-09-2021 10:19:18.0862 AM
[ReportManager] Loaded Shared OpenCV @15-09-2021 10:19:19.0027 AM
[ReportManager] Assertion [ValidateElementAttribute] PASSED. Expected [Value Should be 'Automation!@#$%^&*()_+{}[]\';/.,' for the 'text' attribute, element locator 'By.name: q'] and Actual [Automation!@#$%^&*()_+{}[]\';/.,]. Comparison Type [EQUALS]. Validation Type [POSITIVE]. @15-09-2021 10:19:19.0111 AM
[ReportManager] Successfully created attachment [Screenshot - 1631701159027_assertElementAttribute_true_literalComparison_expectedToPass_ValidateElementAttribute_passed] @15-09-2021 10:19:19.0113 A
[ReportManager] Browser Action [CloseCurrentWindow] successfully performed. @15-09-2021 10:19:19.0236 AM
[ReportManager] Successfully created attachment [Browser Action Test Data - CloseCurrentWindow - Actual Value] @15-09-2021 10:19:19.0237 A
[ReportManager] File Action [GetAbsolutePath] successfully performed. With the following test data [Relative Folder Path: "target/downloadedFiles/"]. @15-09-2021 10:19:19.0241 AM
[ReportManager] Attempting to run remotely on: [Linux-64], [GoogleChrome], [http://localhost:4444/wd/hub], Headless Execution. @15-09-2021 10:19:19.0241 AM
[ReportManager] Successfully Opened [GoogleChrome]. @15-09-2021 10:19:19.0586 AM
[ReportManager] Target URL: [https://www.google.com/ncr], and after redirection: [www.google.com] @15-09-2021 10:19:19.0596 AM
[ReportManager] Initial URL: [data:,] @15-09-2021 10:19:19.0636 AM
[ReportManager] Browser Action [NavigateToURL] successfully performed. With the following test data [https://www.google.com/ncr]. @15-09-2021 10:19:20.0408 A

################################################################################################################################################
Starting Execution:	[25 out of 143] test cases in the current suite
Test Method:		[unitTests.tests_validations_assertions.assertElementAttribute_true_regexComparison_expectedToFail]
################################################################################################################################################
[ReportManager] Element Action [Type] successfully performed. With the following test data [Automation123]. @15-09-2021 10:19:20.0738 AM
[ReportManager] Element Action [GetText] successfully performed. With the following test data [Automation123]. @15-09-2021 10:19:20.0838 AM
[ReportManager] Loaded Shared OpenCV @15-09-2021 10:19:20.0986 AM
[ReportManager] Assertion [ValidateElementAttribute] FAILED. Expected [Value Should be 'Automation' for the 'text' attribute, element locator 'By.name: q'] and Actual [Automation123]. Comparison Type [MATCHES]. Validation Type [POSITIVE]. @15-09-2021 10:19:21.0070 AM
[ReportManager] Successfully created attachment [Screenshot - 1631701160986_assertElementAttribute_true_regexComparison_expectedToFail_ValidateElementAttribute_failed] @15-09-2021 10:19:21.0071 A
[ReportManager] Browser Action [CloseCurrentWindow] successfully performed. @15-09-2021 10:19:21.0215 AM
[ReportManager] Successfully created attachment [Browser Action Test Data - CloseCurrentWindow - Actual Value] @15-09-2021 10:19:21.0216 A
[ReportManager] File Action [GetAbsolutePath] successfully performed. With the following test data [Relative Folder Path: "target/downloadedFiles/"]. @15-09-2021 10:19:21.0221 AM
[ReportManager] Attempting to run remotely on: [Linux-64], [GoogleChrome], [http://localhost:4444/wd/hub], Headless Execution. @15-09-2021 10:19:21.0221 AM
[ReportManager] Successfully Opened [GoogleChrome]. @15-09-2021 10:19:21.0425 AM
[ReportManager] Target URL: [https://www.google.com/ncr], and after redirection: [www.google.com] @15-09-2021 10:19:21.0435 AM
[ReportManager] Initial URL: [data:,] @15-09-2021 10:19:21.0487 AM
[ReportManager] Browser Action [NavigateToURL] successfully performed. With the following test data [https://www.google.com/ncr]. @15-09-2021 10:19:22.0296 A

################################################################################################################################################
Starting Execution:	[26 out of 143] test cases in the current suite
Test Method:		[unitTests.tests_validations_assertions.assertElementAttribute_true_regexComparison_expectedToPass]
################################################################################################################################################
[ReportManager] Element Action [Type] successfully performed. With the following test data [Automation123]. @15-09-2021 10:19:22.0657 AM
[ReportManager] Element Action [GetText] successfully performed. With the following test data [Automation123]. @15-09-2021 10:19:22.0755 AM
[ReportManager] Loaded Shared OpenCV @15-09-2021 10:19:22.0913 AM
[ReportManager] Assertion [ValidateElementAttribute] PASSED. Expected [Value Should be 'Automation.*' for the 'text' attribute, element locator 'By.name: q'] and Actual [Automation123]. Comparison Type [MATCHES]. Validation Type [POSITIVE]. @15-09-2021 10:19:22.0993 AM
[ReportManager] Successfully created attachment [Screenshot - 1631701162912_assertElementAttribute_true_regexComparison_expectedToPass_ValidateElementAttribute_passed] @15-09-2021 10:19:22.0994 A
[ReportManager] Browser Action [CloseCurrentWindow] successfully performed. @15-09-2021 10:19:23.0116 AM
[ReportManager] Successfully created attachment [Browser Action Test Data - CloseCurrentWindow - Actual Value] @15-09-2021 10:19:23.0117 A
[ReportManager] File Action [GetAbsolutePath] successfully performed. With the following test data [Relative Folder Path: "target/downloadedFiles/"]. @15-09-2021 10:19:23.0123 AM
[ReportManager] Attempting to run remotely on: [Linux-64], [GoogleChrome], [http://localhost:4444/wd/hub], Headless Execution. @15-09-2021 10:19:23.0123 AM
[ReportManager] Successfully Opened [GoogleChrome]. @15-09-2021 10:19:23.0302 AM
[ReportManager] Target URL: [https://www.google.com/ncr], and after redirection: [www.google.com] @15-09-2021 10:19:23.0311 AM
[ReportManager] Initial URL: [data:,] @15-09-2021 10:19:23.0348 AM
[ReportManager] Browser Action [NavigateToURL] successfully performed. With the following test data [https://www.google.com/ncr]. @15-09-2021 10:19:24.0095 A

################################################################################################################################################
Starting Execution:	[27 out of 143] test cases in the current suite
Test Method:		[unitTests.tests_validations_assertions.assertElementAttribute_type_true_literalComparison_expectedToPass]
################################################################################################################################################
[ReportManager] Element Action [Type] successfully performed. With the following test data [Automation!@#$%^&*()_+{}[]\';/.,]. @15-09-2021 10:19:24.0612 AM
[ReportManager] Element Action [GetText] successfully performed. With the following test data [Automation!@#$%^&*()_+{}[]\';/.,]. @15-09-2021 10:19:24.0708 AM
[ReportManager] Loaded Shared OpenCV @15-09-2021 10:19:24.0874 AM
[ReportManager] Assertion [ValidateElementAttribute] PASSED. Expected [Value Should be 'Automation!@#$%^&*()_+{}[]\';/.,' for the 'text' attribute, element locator 'By.name: q'] and Actual [Automation!@#$%^&*()_+{}[]\';/.,]. Comparison Type [EQUALS]. Validation Type [POSITIVE]. @15-09-2021 10:19:24.0962 AM
[ReportManager] Successfully created attachment [Screenshot - 1631701164874_assertElementAttribute_type_true_literalComparison_expectedToPass_ValidateElementAttribute_passed] @15-09-2021 10:19:24.0964 A
[ReportManager] Browser Action [CloseCurrentWindow] successfully performed. @15-09-2021 10:19:25.0099 AM
[ReportManager] Successfully created attachment [Browser Action Test Data - CloseCurrentWindow - Actual Value] @15-09-2021 10:19:25.0100 A
[ReportManager] File Action [GetAbsolutePath] successfully performed. With the following test data [Relative Folder Path: "target/downloadedFiles/"]. @15-09-2021 10:19:25.0102 AM
[ReportManager] Attempting to run remotely on: [Linux-64], [GoogleChrome], [http://localhost:4444/wd/hub], Headless Execution. @15-09-2021 10:19:25.0102 AM
[ReportManager] Successfully Opened [GoogleChrome]. @15-09-2021 10:19:25.0282 AM
[ReportManager] Target URL: [https://www.google.com/ncr], and after redirection: [www.google.com] @15-09-2021 10:19:25.0302 AM
[ReportManager] Initial URL: [data:,] @15-09-2021 10:19:25.0355 AM
[ReportManager] Browser Action [NavigateToURL] successfully performed. With the following test data [https://www.google.com/ncr]. @15-09-2021 10:19:26.0099 A

################################################################################################################################################
Starting Execution:	[28 out of 143] test cases in the current suite
Test Method:		[unitTests.tests_validations_assertions.assertElementExists_false_expectedToFail]
################################################################################################################################################
[ReportManager] Loaded Shared OpenCV @15-09-2021 10:19:26.0311 AM
[ReportManager] Assertion [ValidateElementExists] FAILED. Expected [Element Should not Exist, locator 'By.id: hplogo'] and Actual [Element Exists]. Comparison Type [EQUALS]. Validation Type [NEGATIVE]. @15-09-2021 10:19:26.0387 AM
[ReportManager] Successfully created attachment [Screenshot - 1631701166311_assertElementExists_false_expectedToFail_ValidateElementExists_failed] @15-09-2021 10:19:26.0388 A
[ReportManager] Browser Action [CloseCurrentWindow] successfully performed. @15-09-2021 10:19:26.0528 AM
[ReportManager] Successfully created attachment [Browser Action Test Data - CloseCurrentWindow - Actual Value] @15-09-2021 10:19:26.0529 A
[ReportManager] File Action [GetAbsolutePath] successfully performed. With the following test data [Relative Folder Path: "target/downloadedFiles/"]. @15-09-2021 10:19:26.0531 AM
[ReportManager] Attempting to run remotely on: [Linux-64], [GoogleChrome], [http://localhost:4444/wd/hub], Headless Execution. @15-09-2021 10:19:26.0531 AM
[ReportManager] Successfully Opened [GoogleChrome]. @15-09-2021 10:19:26.0742 AM
[ReportManager] Target URL: [https://www.google.com/ncr], and after redirection: [www.google.com] @15-09-2021 10:19:26.0753 AM
[ReportManager] Initial URL: [data:,] @15-09-2021 10:19:26.0796 AM
[ReportManager] Browser Action [NavigateToURL] successfully performed. With the following test data [https://www.google.com/ncr]. @15-09-2021 10:19:27.0593 A

################################################################################################################################################
Starting Execution:	[29 out of 143] test cases in the current suite
Test Method:		[unitTests.tests_validations_assertions.assertElementExists_false_expectedToPass]
################################################################################################################################################
[ReportManager] Assertion [ValidateElementExists] PASSED. Expected [Element Should not Exist, locator 'By.id: fakeElement'] and Actual [Element Doesn't Exists]. Comparison Type [EQUALS]. Validation Type [NEGATIVE]. @15-09-2021 10:19:38.0031 AM
[ReportManager] Successfully created attachment [Screenshot - 1631701177945_assertElementExists_false_expectedToPass_ValidateElementExists_passed] @15-09-2021 10:19:38.0031 A
[ReportManager] Browser Action [CloseCurrentWindow] successfully performed. @15-09-2021 10:19:38.0162 AM
[ReportManager] Successfully created attachment [Browser Action Test Data - CloseCurrentWindow - Actual Value] @15-09-2021 10:19:38.0163 A
[ReportManager] File Action [GetAbsolutePath] successfully performed. With the following test data [Relative Folder Path: "target/downloadedFiles/"]. @15-09-2021 10:19:38.0167 AM
[ReportManager] Attempting to run remotely on: [Linux-64], [GoogleChrome], [http://localhost:4444/wd/hub], Headless Execution. @15-09-2021 10:19:38.0167 AM
[ReportManager] Successfully Opened [GoogleChrome]. @15-09-2021 10:19:38.0350 AM
[ReportManager] Target URL: [https://www.google.com/ncr], and after redirection: [www.google.com] @15-09-2021 10:19:38.0369 AM
[ReportManager] Initial URL: [data:,] @15-09-2021 10:19:38.0410 AM
[ReportManager] Browser Action [NavigateToURL] successfully performed. With the following test data [https://www.google.com/ncr]. @15-09-2021 10:19:39.0174 A

################################################################################################################################################
Starting Execution:	[30 out of 143] test cases in the current suite
Test Method:		[unitTests.tests_validations_assertions.assertElementExists_false_multipleElementsFound_expectedToFail]
################################################################################################################################################
[ReportManager] Assertion [ValidateElementExists] FAILED. Expected [Element Should not Exist, locator 'By.xpath: //div'] and Actual [Element Exists but is not unique]. Comparison Type [EQUALS]. Validation Type [NEGATIVE]. @15-09-2021 10:19:39.0469 AM
[ReportManager] Successfully created attachment [Screenshot - 1631701179402_assertElementExists_false_multipleElementsFound_expectedToFail_ValidateElementExists_failed] @15-09-2021 10:19:39.0470 A
[ReportManager] Browser Action [CloseCurrentWindow] successfully performed. @15-09-2021 10:19:39.0597 AM
[ReportManager] Successfully created attachment [Browser Action Test Data - CloseCurrentWindow - Actual Value] @15-09-2021 10:19:39.0599 A
[ReportManager] File Action [GetAbsolutePath] successfully performed. With the following test data [Relative Folder Path: "target/downloadedFiles/"]. @15-09-2021 10:19:39.0604 AM
[ReportManager] Attempting to run remotely on: [Linux-64], [GoogleChrome], [http://localhost:4444/wd/hub], Headless Execution. @15-09-2021 10:19:39.0605 AM
[ReportManager] Successfully Opened [GoogleChrome]. @15-09-2021 10:19:39.0775 AM
[ReportManager] Target URL: [https://www.google.com/ncr], and after redirection: [www.google.com] @15-09-2021 10:19:39.0789 AM
[ReportManager] Initial URL: [data:,] @15-09-2021 10:19:39.0831 AM
[ReportManager] Browser Action [NavigateToURL] successfully performed. With the following test data [https://www.google.com/ncr]. @15-09-2021 10:19:42.0266 A

################################################################################################################################################
Starting Execution:	[31 out of 143] test cases in the current suite
Test Method:		[unitTests.tests_validations_assertions.assertElementExists_true_expectedToFail]
################################################################################################################################################
[ReportManager] Assertion [ValidateElementExists] FAILED. Expected [Element Should Exist, locator 'By.id: fakeElement'] and Actual [Element Doesn't Exists]. Comparison Type [EQUALS]. Validation Type [POSITIVE]. @15-09-2021 10:20:12.0969 AM
[ReportManager] Successfully created attachment [Screenshot - 1631701212897_assertElementExists_true_expectedToFail_ValidateElementExists_failed] @15-09-2021 10:20:12.0970 A
[ReportManager] Browser Action [CloseCurrentWindow] successfully performed. @15-09-2021 10:20:13.0094 AM
[ReportManager] Successfully created attachment [Browser Action Test Data - CloseCurrentWindow - Actual Value] @15-09-2021 10:20:13.0095 A
[ReportManager] File Action [GetAbsolutePath] successfully performed. With the following test data [Relative Folder Path: "target/downloadedFiles/"]. @15-09-2021 10:20:13.0099 AM
[ReportManager] Attempting to run remotely on: [Linux-64], [GoogleChrome], [http://localhost:4444/wd/hub], Headless Execution. @15-09-2021 10:20:13.0100 AM
[ReportManager] Successfully Opened [GoogleChrome]. @15-09-2021 10:20:13.0325 AM
[ReportManager] Target URL: [https://www.google.com/ncr], and after redirection: [www.google.com] @15-09-2021 10:20:13.0338 AM
[ReportManager] Initial URL: [data:,] @15-09-2021 10:20:13.0385 AM
[ReportManager] Browser Action [NavigateToURL] successfully performed. With the following test data [https://www.google.com/ncr]. @15-09-2021 10:20:14.0235 A

################################################################################################################################################
Starting Execution:	[32 out of 143] test cases in the current suite
Test Method:		[unitTests.tests_validations_assertions.assertElementExists_true_expectedToPass]
################################################################################################################################################
[ReportManager] Loaded Shared OpenCV @15-09-2021 10:20:14.0466 AM
[ReportManager] Assertion [ValidateElementExists] PASSED. Expected [Element Should Exist, locator 'By.xpath: //*[@id='hplogo' or @alt='Google']'] and Actual [Element Exists]. Comparison Type [EQUALS]. Validation Type [POSITIVE]. @15-09-2021 10:20:14.0554 AM
[ReportManager] Successfully created attachment [Screenshot - 1631701214466_assertElementExists_true_expectedToPass_ValidateElementExists_passed] @15-09-2021 10:20:14.0555 A
[ReportManager] Browser Action [CloseCurrentWindow] successfully performed. @15-09-2021 10:20:14.0685 AM
[ReportManager] Successfully created attachment [Browser Action Test Data - CloseCurrentWindow - Actual Value] @15-09-2021 10:20:14.0686 A
[ReportManager] File Action [GetAbsolutePath] successfully performed. With the following test data [Relative Folder Path: "target/downloadedFiles/"]. @15-09-2021 10:20:14.0689 AM
[ReportManager] Attempting to run remotely on: [Linux-64], [GoogleChrome], [http://localhost:4444/wd/hub], Headless Execution. @15-09-2021 10:20:14.0689 AM
[ReportManager] Successfully Opened [GoogleChrome]. @15-09-2021 10:20:14.0874 AM
[ReportManager] Target URL: [https://www.google.com/ncr], and after redirection: [www.google.com] @15-09-2021 10:20:14.0885 AM
[ReportManager] Initial URL: [data:,] @15-09-2021 10:20:14.0931 AM
[ReportManager] Browser Action [NavigateToURL] successfully performed. With the following test data [https://www.google.com/ncr]. @15-09-2021 10:20:15.0683 A

################################################################################################################################################
Starting Execution:	[33 out of 143] test cases in the current suite
Test Method:		[unitTests.tests_validations_assertions.assertElementExists_true_multipleElementsFound_expectedToFail]
################################################################################################################################################
[ReportManager] Assertion [ValidateElementExists] FAILED. Expected [Element Should Exist, locator 'By.xpath: //div'] and Actual [Element Exists but is not unique]. Comparison Type [EQUALS]. Validation Type [POSITIVE]. @15-09-2021 10:20:15.0970 AM
[ReportManager] Successfully created attachment [Screenshot - 1631701215897_assertElementExists_true_multipleElementsFound_expectedToFail_ValidateElementExists_failed] @15-09-2021 10:20:15.0970 A
[ReportManager] Browser Action [CloseCurrentWindow] successfully performed. @15-09-2021 10:20:16.0095 AM
[ReportManager] Successfully created attachment [Browser Action Test Data - CloseCurrentWindow - Actual Value] @15-09-2021 10:20:16.0096 A

################################################################################################################################################
Starting Execution:	[34 out of 143] test cases in the current suite
Test Method:		[unitTests.tests_validations_assertions.assertEquals_false_expectedToFail]
################################################################################################################################################
[ReportManager] Assertion [ValidateEquals] FAILED. Expected [1] and Actual [1]. Comparison Type [EQUALS]. Validation Type [NEGATIVE]. @15-09-2021 10:20:16.0103 A

################################################################################################################################################
Starting Execution:	[35 out of 143] test cases in the current suite
Test Method:		[unitTests.tests_validations_assertions.assertEquals_false_expectedToPass]
################################################################################################################################################
[ReportManager] Assertion [ValidateEquals] PASSED. Expected [1] and Actual [2]. Comparison Type [EQUALS]. Validation Type [NEGATIVE]. @15-09-2021 10:20:16.0108 A

################################################################################################################################################
Starting Execution:	[36 out of 143] test cases in the current suite
Test Method:		[unitTests.tests_validations_assertions.assertEquals_longCharacters]
################################################################################################################################################
[ReportManager] Verification [ValidateEquals] PASSED. Expected and Actual values are attached. Comparison Type [EQUALS]. Validation Type [POSITIVE]. @15-09-2021 10:20:16.0114 AM
[ReportManager] Successfully created attachment [Validation Test Data - Expected Value] @15-09-2021 10:20:16.0115 AM
[ReportManager] Successfully created attachment [Validation Test Data - Actual Value] @15-09-2021 10:20:16.0115 AM
[ReportManager] Assertion [ValidateEquals] PASSED. Expected and Actual values are attached. Comparison Type [EQUALS]. Validation Type [POSITIVE]. @15-09-2021 10:20:16.0115 AM
[ReportManager] Successfully created attachment [Validation Test Data - Expected Value] @15-09-2021 10:20:16.0116 AM
[ReportManager] Successfully created attachment [Validation Test Data - Actual Value] @15-09-2021 10:20:16.0116 A

################################################################################################################################################
Starting Execution:	[37 out of 143] test cases in the current suite
Test Method:		[unitTests.tests_validations_assertions.assertEquals_longCharacters_Discreet]
################################################################################################################################################
[ReportManager] Assertion [ValidateEquals] PASSED. Expected [1LH5pROcDBjjQk0t0mCr0lXuzQu9lcGj28kY8R1H81X67eVAQJgWQhILiRWVPUgZ6uCtK5cnBkF55Jr9vYngjGO1Iyf0Mktv6lruDlL9T8MAUPcUZJGHZtji6nIeadujDSNmWMj5d6C8zlFqw0CRqBU0hO5adIasHgBSNoLotAjce3NGXoDwAlp3rYreeV16VIyZXROQY] and Actual [1LH5pROcDBjjQk0t0mCr0lXuzQu9lcGj28kY8R1H81X67eVAQJgWQhILiRWVPUgZ6uCtK5cnBkF55Jr9vYngjGO1Iyf0Mktv6lruDlL9T8MAUPcUZJGHZtji6nIeadujDSNmWMj5d6C8zlFqw0CRqBU0hO5adIasHgBSNoLotAjce3NGXoDwAlp3rYreeV16VIyZXROQY]. Comparison Type [EQUALS]. Validation Type [POSITIVE]. @15-09-2021 10:20:16.0121 A

################################################################################################################################################
Starting Execution:	[38 out of 143] test cases in the current suite
Test Method:		[unitTests.tests_validations_assertions.assertEquals_true_expectedToFail]
################################################################################################################################################
[ReportManager] Assertion [ValidateEquals] FAILED. Expected [1] and Actual [2]. Comparison Type [EQUALS]. Validation Type [POSITIVE]. @15-09-2021 10:20:16.0128 A

################################################################################################################################################
Starting Execution:	[39 out of 143] test cases in the current suite
Test Method:		[unitTests.tests_validations_assertions.assertEquals_true_expectedToPass]
Test Description:	[Assert that assertEquals works as expected when the two values are equal.]
################################################################################################################################################
[ReportManager] Verification [ValidateEquals] PASSED. Expected [1] and Actual [1]. Comparison Type [EQUALS]. Validation Type [POSITIVE]. @15-09-2021 10:20:16.0137 AM
[ReportManager] Assertion [ValidateEquals] PASSED. Expected [1] and Actual [1]. Comparison Type [EQUALS]. Validation Type [POSITIVE]. @15-09-2021 10:20:16.0138 A

################################################################################################################################################
Starting Execution:	[40 out of 143] test cases in the current suite
Test Method:		[unitTests.tests_validations_assertions.assertEquals_true_expectedToPass__]
################################################################################################################################################
[ReportManager] Assertion [ValidateEquals] PASSED. Expected [1] and Actual [1]. Comparison Type [EQUALS]. Validation Type [POSITIVE]. @15-09-2021 10:20:16.0144 A

################################################################################################################################################
Starting Execution:	[41 out of 143] test cases in the current suite
Test Method:		[unitTests.tests_validations_assertions.assertFileExists_false_expectedToFail]
################################################################################################################################################
[ReportManager] File Action [DoesFileExist] successfully performed. With the following test data [File Path: "src/main/java/com/shaft/gui/element/ElementActions.java"]. @15-09-2021 10:20:16.0148 AM
[ReportManager] Assertion [ValidateFileExists] FAILED. Expected [File 'src/main/java/com/shaft/gui/element/ElementActions.java' should not exist, after up to '1' retries] and Actual [File exists]. Validation Type [NEGATIVE]. @15-09-2021 10:20:16.0157 A

################################################################################################################################################
Starting Execution:	[42 out of 143] test cases in the current suite
Test Method:		[unitTests.tests_validations_assertions.assertFileExists_false_expectedToPass]
################################################################################################################################################
[ReportManager] File Action [DoesFileExist] successfully performed. With the following test data [File Path: "src/main/java/com/shaft/gui/element/ElementActions.java_fail"]. @15-09-2021 10:20:16.0663 AM
[ReportManager] Assertion [ValidateFileExists] PASSED. Expected [File 'src/main/java/com/shaft/gui/element/ElementActions.java_fail' should not exist, after up to '1' retries] and Actual [File does not exist]. Validation Type [NEGATIVE]. @15-09-2021 10:20:16.0663 A

################################################################################################################################################
Starting Execution:	[43 out of 143] test cases in the current suite
Test Method:		[unitTests.tests_validations_assertions.assertFileExists_true_expectedToFail]
################################################################################################################################################
[ReportManager] File Action [DoesFileExist] successfully performed. With the following test data [File Path: "src/main/java/com/shaft/gui/element/ElementActions.java_fail"]. @15-09-2021 10:20:17.0168 AM
[ReportManager] Assertion [ValidateFileExists] FAILED. Expected [File 'src/main/java/com/shaft/gui/element/ElementActions.java_fail' should exist, after up to '1' retries] and Actual [File does not exist]. Validation Type [POSITIVE]. @15-09-2021 10:20:17.0168 A

################################################################################################################################################
Starting Execution:	[44 out of 143] test cases in the current suite
Test Method:		[unitTests.tests_validations_assertions.assertFileExists_true_expectedToPass]
################################################################################################################################################
[ReportManager] File Action [DoesFileExist] successfully performed. With the following test data [File Path: "src/main/java/com/shaft/gui/element/ElementActions.java"]. @15-09-2021 10:20:17.0173 AM
[ReportManager] Assertion [ValidateFileExists] PASSED. Expected [File 'src/main/java/com/shaft/gui/element/ElementActions.java' should exist, after up to '1' retries] and Actual [File exists]. Validation Type [POSITIVE]. @15-09-2021 10:20:17.0173 A

################################################################################################################################################
Starting Execution:	[45 out of 143] test cases in the current suite
Test Method:		[unitTests.tests_validations_assertions.assertNull_false_expectedToFail]
################################################################################################################################################
[ReportManager] Assertion [ValidateNull] FAILED. Expected [NULL] and Actual [NULL]. Comparison Type [EQUALS]. Validation Type [NEGATIVE]. @15-09-2021 10:20:17.0178 A

################################################################################################################################################
Starting Execution:	[46 out of 143] test cases in the current suite
Test Method:		[unitTests.tests_validations_assertions.assertNull_false_expectedToPass]
################################################################################################################################################
[ReportManager] Assertion [ValidateNull] PASSED. Expected [NULL] and Actual [1]. Comparison Type [EQUALS]. Validation Type [NEGATIVE]. @15-09-2021 10:20:17.0180 A

################################################################################################################################################
Starting Execution:	[47 out of 143] test cases in the current suite
Test Method:		[unitTests.tests_validations_assertions.assertNull_true_expectedToFail]
################################################################################################################################################
[ReportManager] Assertion [ValidateNull] FAILED. Expected [NULL] and Actual [1]. Comparison Type [EQUALS]. Validation Type [POSITIVE]. @15-09-2021 10:20:17.0182 A

################################################################################################################################################
Starting Execution:	[48 out of 143] test cases in the current suite
Test Method:		[unitTests.tests_validations_assertions.assertNull_true_expectedToPass]
################################################################################################################################################
[ReportManager] Assertion [ValidateNull] PASSED. Expected [NULL] and Actual [NULL]. Comparison Type [EQUALS]. Validation Type [POSITIVE]. @15-09-2021 10:20:17.0184 A
[ReportManager] Successfully loaded the following test data file [src/test/resources/TestDataFiles/testSuite01/TestData.xlsx]. @15-09-2021 10:20:17.0865 AM
[ReportManager] Successfully created attachment [Test Data - Excel] @15-09-2021 10:20:17.0865 A

################################################################################################################################################
Starting Execution:	[49 out of 143] test cases in the current suite
Test Method:		[unitTests.tests_io_excelFileManager.getCellData_rowName_expectedToPass]
################################################################################################################################################
[ReportManager] testRowData. @15-09-2021 10:20:17.0880 A
[ReportManager] File Action [GetAbsolutePath] successfully performed. With the following test data [Relative Folder Path: "target/downloadedFiles/"]. @15-09-2021 10:20:17.0884 AM
[ReportManager] Attempting to run remotely on: [Linux-64], [GoogleChrome], [http://localhost:4444/wd/hub], Headless Execution. @15-09-2021 10:20:17.0884 AM
[ReportManager] Successfully Opened [GoogleChrome]. @15-09-2021 10:20:18.0197 AM
[ReportManager] Target URL: [https://duckduckgo.com] @15-09-2021 10:20:18.0230 AM
[ReportManager] Initial URL: [data:,] @15-09-2021 10:20:18.0279 AM
[ReportManager] Browser Action [NavigateToURL] successfully performed. With the following test data [https://duckduckgo.com]. @15-09-2021 10:20:18.0830 A

################################################################################################################################################
Starting Execution:	[50 out of 143] test cases in the current suite
Test Method:		[unitTests.tests_browserActions.fullScreenWindow]
################################################################################################################################################
[ReportManager] Initial Windows Size: 800x600 @15-09-2021 10:20:18.0840 AM
[ReportManager] Initial window size: (800, 600) @15-09-2021 10:20:18.0843 AM
[ReportManager] Window size after Toolkit: (1920, 1080) @15-09-2021 10:20:19.0063 AM
[ReportManager] Browser Action [MaximizeWindow] successfully performed. With the following test data [New screen size is now: (1920, 1080)]. @15-09-2021 10:20:19.0065 AM
[ReportManager] Current Windows Size after fullScreen: 1920x1080 @15-09-2021 10:20:19.0076 AM
[ReportManager] Browser Action [FullScreenWindow] successfully performed. @15-09-2021 10:20:19.0098 AM
[ReportManager] Successfully created attachment [Browser Action Test Data - FullScreenWindow - Actual Value] @15-09-2021 10:20:19.0100 A
[ReportManager] Target URL: [https://duckduckgo.com] @15-09-2021 10:20:19.0102 AM
[ReportManager] Initial URL: [https://duckduckgo.com] @15-09-2021 10:20:19.0158 AM
[ReportManager] Browser Action [NavigateToURL] successfully performed. With the following test data [https://duckduckgo.com]. @15-09-2021 10:20:19.0458 AM
[ReportManager] Browser Action [CloseCurrentWindow] successfully performed. @15-09-2021 10:20:19.0556 AM
[ReportManager] Successfully created attachment [Browser Action Test Data - CloseCurrentWindow - Actual Value] @15-09-2021 10:20:19.0559 A
[ReportManager] File Action [GetAbsolutePath] successfully performed. With the following test data [Relative Folder Path: "target/downloadedFiles/"]. @15-09-2021 10:20:19.0561 AM
[ReportManager] Attempting to run remotely on: [Linux-64], [GoogleChrome], [http://localhost:4444/wd/hub], Headless Execution. @15-09-2021 10:20:19.0561 AM
[ReportManager] Successfully Opened [GoogleChrome]. @15-09-2021 10:20:19.0784 AM
[ReportManager] Target URL: [https://duckduckgo.com] @15-09-2021 10:20:19.0794 AM
[ReportManager] Initial URL: [data:,] @15-09-2021 10:20:19.0842 AM
[ReportManager] Browser Action [NavigateToURL] successfully performed. With the following test data [https://duckduckgo.com]. @15-09-2021 10:20:20.0340 A

################################################################################################################################################
Starting Execution:	[51 out of 143] test cases in the current suite
Test Method:		[unitTests.tests_browserActions.getCurrentURL]
################################################################################################################################################
[ReportManager] Browser Action [GetCurrentURL] successfully performed. With the following test data [https://duckduckgo.com/]. @15-09-2021 10:20:20.0396 A
[ReportManager] Target URL: [https://duckduckgo.com] @15-09-2021 10:20:20.0398 AM
[ReportManager] Initial URL: [https://duckduckgo.com] @15-09-2021 10:20:20.0463 AM
[ReportManager] Browser Action [NavigateToURL] successfully performed. With the following test data [https://duckduckgo.com]. @15-09-2021 10:20:20.0781 AM
[ReportManager] Browser Action [CloseCurrentWindow] successfully performed. @15-09-2021 10:20:20.0882 AM
[ReportManager] Successfully created attachment [Browser Action Test Data - CloseCurrentWindow - Actual Value] @15-09-2021 10:20:20.0883 A
[ReportManager] File Action [GetAbsolutePath] successfully performed. With the following test data [Relative Folder Path: "target/downloadedFiles/"]. @15-09-2021 10:20:20.0885 AM
[ReportManager] Attempting to run remotely on: [Linux-64], [GoogleChrome], [http://localhost:4444/wd/hub], Headless Execution. @15-09-2021 10:20:20.0885 AM
[ReportManager] Successfully Opened [GoogleChrome]. @15-09-2021 10:20:21.0070 AM
[ReportManager] Target URL: [https://duckduckgo.com] @15-09-2021 10:20:21.0082 AM
[ReportManager] Initial URL: [data:,] @15-09-2021 10:20:21.0140 AM
[ReportManager] Browser Action [NavigateToURL] successfully performed. With the following test data [https://duckduckgo.com]. @15-09-2021 10:20:21.0633 A

################################################################################################################################################
Starting Execution:	[52 out of 143] test cases in the current suite
Test Method:		[unitTests.tests_browserActions.getCurrentWindowTitle]
################################################################################################################################################
[ReportManager] Browser Action [GetCurrentWindowTitle] successfully performed. With the following test data [DuckDuckGo  Privacy, simplified.]. @15-09-2021 10:20:21.0679 A
[ReportManager] Target URL: [https://duckduckgo.com] @15-09-2021 10:20:21.0681 AM
[ReportManager] Initial URL: [https://duckduckgo.com] @15-09-2021 10:20:21.0739 AM
[ReportManager] Browser Action [NavigateToURL] successfully performed. With the following test data [https://duckduckgo.com]. @15-09-2021 10:20:22.0148 AM
[ReportManager] Browser Action [CloseCurrentWindow] successfully performed. @15-09-2021 10:20:22.0259 AM
[ReportManager] Successfully created attachment [Browser Action Test Data - CloseCurrentWindow - Actual Value] @15-09-2021 10:20:22.0259 A
[ReportManager] File Action [GetAbsolutePath] successfully performed. With the following test data [Relative Folder Path: "target/downloadedFiles/"]. @15-09-2021 10:20:22.0264 AM
[ReportManager] Attempting to run remotely on: [Linux-64], [GoogleChrome], [http://localhost:4444/wd/hub], Headless Execution. @15-09-2021 10:20:22.0268 AM
[ReportManager] Successfully Opened [GoogleChrome]. @15-09-2021 10:20:22.0466 AM
[ReportManager] Target URL: [https://duckduckgo.com] @15-09-2021 10:20:22.0478 AM
[ReportManager] Initial URL: [data:,] @15-09-2021 10:20:22.0521 AM
[ReportManager] Browser Action [NavigateToURL] successfully performed. With the following test data [https://duckduckgo.com]. @15-09-2021 10:20:23.0097 A

################################################################################################################################################
Starting Execution:	[53 out of 143] test cases in the current suite
Test Method:		[unitTests.tests_browserActions.getPageSource]
################################################################################################################################################
[ReportManager] Browser Action [GetPageSource] successfully performed. @15-09-2021 10:20:23.0142 AM
[ReportManager] Successfully created attachment [Browser Action Test Data - GetPageSource - Actual Value] @15-09-2021 10:20:23.0143 A
[ReportManager] Target URL: [https://duckduckgo.com] @15-09-2021 10:20:23.0145 AM
[ReportManager] Initial URL: [https://duckduckgo.com] @15-09-2021 10:20:23.0199 AM
[ReportManager] Browser Action [NavigateToURL] successfully performed. With the following test data [https://duckduckgo.com]. @15-09-2021 10:20:23.0512 AM
[ReportManager] Browser Action [CloseCurrentWindow] successfully performed. @15-09-2021 10:20:23.0616 AM
[ReportManager] Successfully created attachment [Browser Action Test Data - CloseCurrentWindow - Actual Value] @15-09-2021 10:20:23.0617 A
[ReportManager] File Action [GetAbsolutePath] successfully performed. With the following test data [Relative Folder Path: "target/downloadedFiles/"]. @15-09-2021 10:20:23.0619 AM
[ReportManager] Attempting to run remotely on: [Linux-64], [GoogleChrome], [http://localhost:4444/wd/hub], Headless Execution. @15-09-2021 10:20:23.0619 AM
[ReportManager] Successfully Opened [GoogleChrome]. @15-09-2021 10:20:23.0827 AM
[ReportManager] Target URL: [https://duckduckgo.com] @15-09-2021 10:20:23.0850 AM
[ReportManager] Initial URL: [data:,] @15-09-2021 10:20:23.0888 AM
[ReportManager] Browser Action [NavigateToURL] successfully performed. With the following test data [https://duckduckgo.com]. @15-09-2021 10:20:24.0385 A

################################################################################################################################################
Starting Execution:	[54 out of 143] test cases in the current suite
Test Method:		[unitTests.tests_browserActions.getWindowHandle]
################################################################################################################################################
[ReportManager] Browser Action [GetWindowHandle] successfully performed. With the following test data [CDwindow-D628D64855B7BE8CEAE1A12FF8AF5A8F]. @15-09-2021 10:20:24.0428 A
[ReportManager] Target URL: [https://duckduckgo.com] @15-09-2021 10:20:24.0430 AM
[ReportManager] Initial URL: [https://duckduckgo.com] @15-09-2021 10:20:24.0504 AM
[ReportManager] Browser Action [NavigateToURL] successfully performed. With the following test data [https://duckduckgo.com]. @15-09-2021 10:20:24.0845 AM
[ReportManager] Browser Action [CloseCurrentWindow] successfully performed. @15-09-2021 10:20:24.0955 AM
[ReportManager] Successfully created attachment [Browser Action Test Data - CloseCurrentWindow - Actual Value] @15-09-2021 10:20:24.0955 A
[ReportManager] File Action [GetAbsolutePath] successfully performed. With the following test data [Relative Folder Path: "target/downloadedFiles/"]. @15-09-2021 10:20:24.0958 AM
[ReportManager] Attempting to run remotely on: [Linux-64], [GoogleChrome], [http://localhost:4444/wd/hub], Headless Execution. @15-09-2021 10:20:24.0959 AM
[ReportManager] Successfully Opened [GoogleChrome]. @15-09-2021 10:20:25.0161 AM
[ReportManager] Target URL: [https://duckduckgo.com] @15-09-2021 10:20:25.0189 AM
[ReportManager] Initial URL: [data:,] @15-09-2021 10:20:25.0228 AM
[ReportManager] Browser Action [NavigateToURL] successfully performed. With the following test data [https://duckduckgo.com]. @15-09-2021 10:20:25.0695 A

################################################################################################################################################
Starting Execution:	[55 out of 143] test cases in the current suite
Test Method:		[unitTests.tests_browserActions.getWindowPosition]
################################################################################################################################################
[ReportManager] Browser Action [GetWindowPosition] successfully performed. With the following test data [(0, 0)]. @15-09-2021 10:20:25.0734 A
[ReportManager] Target URL: [https://duckduckgo.com] @15-09-2021 10:20:25.0738 AM
[ReportManager] Initial URL: [https://duckduckgo.com] @15-09-2021 10:20:25.0792 AM
[ReportManager] Browser Action [NavigateToURL] successfully performed. With the following test data [https://duckduckgo.com]. @15-09-2021 10:20:26.0120 AM
[ReportManager] Browser Action [CloseCurrentWindow] successfully performed. @15-09-2021 10:20:26.0231 AM
[ReportManager] Successfully created attachment [Browser Action Test Data - CloseCurrentWindow - Actual Value] @15-09-2021 10:20:26.0231 A
[ReportManager] File Action [GetAbsolutePath] successfully performed. With the following test data [Relative Folder Path: "target/downloadedFiles/"]. @15-09-2021 10:20:26.0233 AM
[ReportManager] Attempting to run remotely on: [Linux-64], [GoogleChrome], [http://localhost:4444/wd/hub], Headless Execution. @15-09-2021 10:20:26.0233 AM
[ReportManager] Successfully Opened [GoogleChrome]. @15-09-2021 10:20:26.0504 AM
[ReportManager] Target URL: [https://duckduckgo.com] @15-09-2021 10:20:26.0514 AM
[ReportManager] Initial URL: [data:,] @15-09-2021 10:20:26.0553 AM
[ReportManager] Browser Action [NavigateToURL] successfully performed. With the following test data [https://duckduckgo.com]. @15-09-2021 10:20:27.0240 A

################################################################################################################################################
Starting Execution:	[56 out of 143] test cases in the current suite
Test Method:		[unitTests.tests_browserActions.getWindowSize]
################################################################################################################################################
[ReportManager] Browser Action [GetWindowSize] successfully performed. With the following test data [(800, 600)]. @15-09-2021 10:20:27.0288 A
[ReportManager] Target URL: [https://duckduckgo.com] @15-09-2021 10:20:27.0292 AM
[ReportManager] Initial URL: [https://duckduckgo.com] @15-09-2021 10:20:27.0342 AM
[ReportManager] Browser Action [NavigateToURL] successfully performed. With the following test data [https://duckduckgo.com]. @15-09-2021 10:20:27.0712 AM
[ReportManager] Browser Action [CloseCurrentWindow] successfully performed. @15-09-2021 10:20:27.0815 AM
[ReportManager] Successfully created attachment [Browser Action Test Data - CloseCurrentWindow - Actual Value] @15-09-2021 10:20:27.0816 A
[ReportManager] File Action [GetAbsolutePath] successfully performed. With the following test data [Relative Folder Path: "target/downloadedFiles/"]. @15-09-2021 10:20:27.0819 AM
[ReportManager] Attempting to run remotely on: [Linux-64], [GoogleChrome], [http://localhost:4444/wd/hub], Headless Execution. @15-09-2021 10:20:27.0820 AM
[ReportManager] Successfully Opened [GoogleChrome]. @15-09-2021 10:20:28.0084 AM
[ReportManager] Target URL: [https://duckduckgo.com] @15-09-2021 10:20:28.0095 AM
[ReportManager] Initial URL: [data:,] @15-09-2021 10:20:28.0133 AM
[ReportManager] Browser Action [NavigateToURL] successfully performed. With the following test data [https://duckduckgo.com]. @15-09-2021 10:20:28.0577 A

################################################################################################################################################
Starting Execution:	[57 out of 143] test cases in the current suite
Test Method:		[unitTests.tests_browserActions.maximizeWindow]
################################################################################################################################################
[ReportManager] Initial window size: (800, 600) @15-09-2021 10:20:28.0588 AM
[ReportManager] Window size after Toolkit: (1920, 1080) @15-09-2021 10:20:28.0807 AM
[ReportManager] Browser Action [MaximizeWindow] successfully performed. With the following test data [New screen size is now: (1920, 1080)]. @15-09-2021 10:20:28.0813 A
[ReportManager] Target URL: [https://duckduckgo.com] @15-09-2021 10:20:28.0814 AM
[ReportManager] Initial URL: [https://duckduckgo.com] @15-09-2021 10:20:28.0877 AM
[ReportManager] Browser Action [NavigateToURL] successfully performed. With the following test data [https://duckduckgo.com]. @15-09-2021 10:20:29.0183 AM
[ReportManager] Browser Action [CloseCurrentWindow] successfully performed. @15-09-2021 10:20:29.0284 AM
[ReportManager] Successfully created attachment [Browser Action Test Data - CloseCurrentWindow - Actual Value] @15-09-2021 10:20:29.0285 A
[ReportManager] File Action [GetAbsolutePath] successfully performed. With the following test data [Relative Folder Path: "target/downloadedFiles/"]. @15-09-2021 10:20:29.0288 AM
[ReportManager] Attempting to run remotely on: [Linux-64], [GoogleChrome], [http://localhost:4444/wd/hub], Headless Execution. @15-09-2021 10:20:29.0289 AM
[ReportManager] Successfully Opened [GoogleChrome]. @15-09-2021 10:20:29.0500 AM
[ReportManager] Target URL: [https://duckduckgo.com] @15-09-2021 10:20:29.0513 AM
[ReportManager] Initial URL: [data:,] @15-09-2021 10:20:29.0554 AM
[ReportManager] Browser Action [NavigateToURL] successfully performed. With the following test data [https://duckduckgo.com]. @15-09-2021 10:20:30.0014 A

################################################################################################################################################
Starting Execution:	[58 out of 143] test cases in the current suite
Test Method:		[unitTests.tests_browserActions.navigateBack]
################################################################################################################################################
[ReportManager] Target URL: [https://www.google.com/ncr], and after redirection: [https://www.google.com] @15-09-2021 10:20:30.0016 AM
[ReportManager] Initial URL: [https://duckduckgo.com] @15-09-2021 10:20:30.0078 AM
[ReportManager] Browser Action [NavigateToURL] successfully performed. With the following test data [https://www.google.com/ncr]. @15-09-2021 10:20:31.0985 AM
[ReportManager] Browser Action [NavigateBack] successfully performed. With the following test data [https://duckduckgo.com/]. @15-09-2021 10:20:32.0340 AM
[ReportManager] Browser Action [GetCurrentURL] successfully performed. With the following test data [https://duckduckgo.com/]. @15-09-2021 10:20:32.0372 AM
[ReportManager] Assertion Passed: Confirming that navigating back was successful @15-09-2021 10:20:32.0533 AM
[ReportManager] Successfully created attachment [Screenshot - 1631701232443_navigateBack_ValidateBrowserAttribute_passed] @15-09-2021 10:20:32.0534 AM
[ReportManager] Assertion [ValidateBrowserAttribute] PASSED. Expected [Value Should be 'https://duckduckgo.com' for the 'CurrentUrl' attribute] and Actual [https://duckduckgo.com/]. Comparison Type [CONTAINS]. Validation Type [POSITIVE]. @15-09-2021 10:20:32.0534 A
[ReportManager] Target URL: [https://duckduckgo.com] @15-09-2021 10:20:32.0537 AM
[ReportManager] Initial URL: [https://duckduckgo.com] @15-09-2021 10:20:32.0593 AM
[ReportManager] Browser Action [NavigateToURL] successfully performed. With the following test data [https://duckduckgo.com]. @15-09-2021 10:20:32.0896 AM
[ReportManager] Browser Action [CloseCurrentWindow] successfully performed. @15-09-2021 10:20:32.0992 AM
[ReportManager] Successfully created attachment [Browser Action Test Data - CloseCurrentWindow - Actual Value] @15-09-2021 10:20:32.0994 A
[ReportManager] File Action [GetAbsolutePath] successfully performed. With the following test data [Relative Folder Path: "target/downloadedFiles/"]. @15-09-2021 10:20:32.0996 AM
[ReportManager] Attempting to run remotely on: [Linux-64], [GoogleChrome], [http://localhost:4444/wd/hub], Headless Execution. @15-09-2021 10:20:32.0997 AM
[ReportManager] Successfully Opened [GoogleChrome]. @15-09-2021 10:20:33.0231 AM
[ReportManager] Target URL: [https://duckduckgo.com] @15-09-2021 10:20:33.0243 AM
[ReportManager] Initial URL: [data:,] @15-09-2021 10:20:33.0288 AM
[ReportManager] Browser Action [NavigateToURL] successfully performed. With the following test data [https://duckduckgo.com]. @15-09-2021 10:20:33.0781 A

################################################################################################################################################
Starting Execution:	[59 out of 143] test cases in the current suite
Test Method:		[unitTests.tests_browserActions.navigateForward]
################################################################################################################################################
[ReportManager] Target URL: [https://www.google.com/ncr], and after redirection: [https://www.google.com] @15-09-2021 10:20:33.0784 AM
[ReportManager] Initial URL: [https://duckduckgo.com] @15-09-2021 10:20:33.0839 AM
[ReportManager] Browser Action [NavigateToURL] successfully performed. With the following test data [https://www.google.com/ncr]. @15-09-2021 10:20:34.0652 AM
[ReportManager] Browser Action [NavigateBack] successfully performed. With the following test data [https://duckduckgo.com/]. @15-09-2021 10:20:34.0990 AM
[ReportManager] Browser Action [NavigateForward] successfully performed. With the following test data [https://www.google.com/]. @15-09-2021 10:20:35.0408 A
[ReportManager] Target URL: [https://duckduckgo.com] @15-09-2021 10:20:35.0411 AM
[ReportManager] Initial URL: [https://www.google.com] @15-09-2021 10:20:35.0495 AM
[ReportManager] Browser Action [NavigateToURL] successfully performed. With the following test data [https://duckduckgo.com]. @15-09-2021 10:20:35.0965 AM
[ReportManager] Browser Action [CloseCurrentWindow] successfully performed. @15-09-2021 10:20:36.0082 AM
[ReportManager] Successfully created attachment [Browser Action Test Data - CloseCurrentWindow - Actual Value] @15-09-2021 10:20:36.0084 A
[ReportManager] File Action [GetAbsolutePath] successfully performed. With the following test data [Relative Folder Path: "target/downloadedFiles/"]. @15-09-2021 10:20:36.0086 AM
[ReportManager] Attempting to run remotely on: [Linux-64], [GoogleChrome], [http://localhost:4444/wd/hub], Headless Execution. @15-09-2021 10:20:36.0086 AM
[ReportManager] Successfully Opened [GoogleChrome]. @15-09-2021 10:20:36.0295 AM
[ReportManager] Target URL: [https://duckduckgo.com] @15-09-2021 10:20:36.0321 AM
[ReportManager] Initial URL: [data:,] @15-09-2021 10:20:36.0362 AM
[ReportManager] Browser Action [NavigateToURL] successfully performed. With the following test data [https://duckduckgo.com]. @15-09-2021 10:20:36.0855 A

################################################################################################################################################
Starting Execution:	[60 out of 143] test cases in the current suite
Test Method:		[unitTests.tests_browserActions.navigateToURL]
################################################################################################################################################
[ReportManager] Target URL: [https://duckduckgo.com] @15-09-2021 10:20:36.0858 AM
[ReportManager] Initial URL: [https://duckduckgo.com] @15-09-2021 10:20:36.0935 AM
[ReportManager] Browser Action [NavigateToURL] successfully performed. With the following test data [https://duckduckgo.com]. @15-09-2021 10:20:37.0260 A
[ReportManager] Target URL: [https://duckduckgo.com] @15-09-2021 10:20:37.0264 AM
[ReportManager] Initial URL: [https://duckduckgo.com] @15-09-2021 10:20:37.0329 AM
[ReportManager] Browser Action [NavigateToURL] successfully performed. With the following test data [https://duckduckgo.com]. @15-09-2021 10:20:37.0644 AM
[ReportManager] Browser Action [CloseCurrentWindow] successfully performed. @15-09-2021 10:20:37.0753 AM
[ReportManager] Successfully created attachment [Browser Action Test Data - CloseCurrentWindow - Actual Value] @15-09-2021 10:20:37.0753 A
[ReportManager] File Action [GetAbsolutePath] successfully performed. With the following test data [Relative Folder Path: "target/downloadedFiles/"]. @15-09-2021 10:20:37.0760 AM
[ReportManager] Attempting to run remotely on: [Linux-64], [GoogleChrome], [http://localhost:4444/wd/hub], Headless Execution. @15-09-2021 10:20:37.0761 AM
[ReportManager] Successfully Opened [GoogleChrome]. @15-09-2021 10:20:37.0947 AM
[ReportManager] Target URL: [https://duckduckgo.com] @15-09-2021 10:20:37.0959 AM
[ReportManager] Initial URL: [data:,] @15-09-2021 10:20:38.0000 AM
[ReportManager] Browser Action [NavigateToURL] successfully performed. With the following test data [https://duckduckgo.com]. @15-09-2021 10:20:38.0502 A

################################################################################################################################################
Starting Execution:	[61 out of 143] test cases in the current suite
Test Method:		[unitTests.tests_browserActions.navigateToURLWithRedirection]
################################################################################################################################################
[ReportManager] Target URL: [https://www.google.com/ncr], and after redirection: [https://www.google.com] @15-09-2021 10:20:38.0504 AM
[ReportManager] Initial URL: [https://duckduckgo.com] @15-09-2021 10:20:38.0565 AM
[ReportManager] Browser Action [NavigateToURL] successfully performed. With the following test data [https://www.google.com/ncr]. @15-09-2021 10:20:39.0366 A
[ReportManager] Target URL: [https://duckduckgo.com] @15-09-2021 10:20:39.0368 AM
[ReportManager] Initial URL: [https://www.google.com] @15-09-2021 10:20:39.0444 AM
[ReportManager] Browser Action [NavigateToURL] successfully performed. With the following test data [https://duckduckgo.com]. @15-09-2021 10:20:39.0897 AM
[ReportManager] Browser Action [CloseCurrentWindow] successfully performed. @15-09-2021 10:20:39.0992 AM
[ReportManager] Successfully created attachment [Browser Action Test Data - CloseCurrentWindow - Actual Value] @15-09-2021 10:20:39.0993 A
[ReportManager] File Action [GetAbsolutePath] successfully performed. With the following test data [Relative Folder Path: "target/downloadedFiles/"]. @15-09-2021 10:20:39.0997 AM
[ReportManager] Attempting to run remotely on: [Linux-64], [GoogleChrome], [http://localhost:4444/wd/hub], Headless Execution. @15-09-2021 10:20:39.0997 AM
[ReportManager] Successfully Opened [GoogleChrome]. @15-09-2021 10:20:40.0217 AM
[ReportManager] Target URL: [https://duckduckgo.com] @15-09-2021 10:20:40.0232 AM
[ReportManager] Initial URL: [data:,] @15-09-2021 10:20:40.0268 AM
[ReportManager] Browser Action [NavigateToURL] successfully performed. With the following test data [https://duckduckgo.com]. @15-09-2021 10:20:40.0731 A

################################################################################################################################################
Starting Execution:	[62 out of 143] test cases in the current suite
Test Method:		[unitTests.tests_browserActions.refreshCurrentPage]
################################################################################################################################################
[ReportManager] Browser Action [RefreshCurrentPage] successfully performed. @15-09-2021 10:20:40.0913 AM
[ReportManager] Successfully created attachment [Browser Action Test Data - RefreshCurrentPage - Actual Value] @15-09-2021 10:20:40.0914 A
[ReportManager] Target URL: [https://duckduckgo.com] @15-09-2021 10:20:40.0917 AM
[ReportManager] Initial URL: [https://duckduckgo.com] @15-09-2021 10:20:40.0979 AM
[ReportManager] Browser Action [NavigateToURL] successfully performed. With the following test data [https://duckduckgo.com]. @15-09-2021 10:20:41.0254 AM
[ReportManager] Browser Action [CloseCurrentWindow] successfully performed. @15-09-2021 10:20:41.0357 AM
[ReportManager] Successfully created attachment [Browser Action Test Data - CloseCurrentWindow - Actual Value] @15-09-2021 10:20:41.0358 A
[ReportManager] File Action [GetAbsolutePath] successfully performed. With the following test data [Relative Folder Path: "target/downloadedFiles/"]. @15-09-2021 10:20:41.0360 AM
[ReportManager] Attempting to run remotely on: [Linux-64], [GoogleChrome], [http://localhost:4444/wd/hub], Headless Execution. @15-09-2021 10:20:41.0360 AM
[ReportManager] Successfully Opened [GoogleChrome]. @15-09-2021 10:20:41.0560 AM
[ReportManager] Target URL: [https://duckduckgo.com] @15-09-2021 10:20:41.0573 AM
[ReportManager] Initial URL: [data:,] @15-09-2021 10:20:41.0613 AM
[ReportManager] Browser Action [NavigateToURL] successfully performed. With the following test data [https://duckduckgo.com]. @15-09-2021 10:20:42.0108 A

################################################################################################################################################
Starting Execution:	[63 out of 143] test cases in the current suite
Test Method:		[unitTests.tests_browserActions.setWindowSize]
################################################################################################################################################
[ReportManager] Initial window size: (800, 600) @15-09-2021 10:20:42.0118 AM
[ReportManager] Window size after SWD: (1280, 720) @15-09-2021 10:20:42.0341 AM
[ReportManager] Browser Action [SetWindowSize] successfully performed. With the following test data [New screen size is now: (1280, 720)]. @15-09-2021 10:20:42.0341 A
[ReportManager] Target URL: [https://duckduckgo.com] @15-09-2021 10:20:42.0346 AM
[ReportManager] Initial URL: [https://duckduckgo.com] @15-09-2021 10:20:42.0412 AM
[ReportManager] Browser Action [NavigateToURL] successfully performed. With the following test data [https://duckduckgo.com]. @15-09-2021 10:20:42.0740 AM
[ReportManager] Browser Action [CloseCurrentWindow] successfully performed. @15-09-2021 10:20:42.0842 AM
[ReportManager] Successfully created attachment [Browser Action Test Data - CloseCurrentWindow - Actual Value] @15-09-2021 10:20:42.0843 A
[ReportManager] File Action [GetAbsolutePath] successfully performed. With the following test data [Relative Folder Path: "target/downloadedFiles/"]. @15-09-2021 10:20:42.0845 AM
[ReportManager] Attempting to run remotely on: [Linux-64], [GoogleChrome], [http://localhost:4444/wd/hub], Headless Execution. @15-09-2021 10:20:42.0845 AM
[ReportManager] Successfully Opened [GoogleChrome]. @15-09-2021 10:20:43.0024 A

################################################################################################################################################
Starting Execution:	[64 out of 143] test cases in the current suite
Test Method:		[unitTests.tests_element_elementActions.waitForElementToBePresent_false_expectedToFail]
################################################################################################################################################
[ReportManager] Target URL: [https://www.google.com/ncr], and after redirection: [www.google.com] @15-09-2021 10:20:43.0054 AM
[ReportManager] Initial URL: [data:,] @15-09-2021 10:20:43.0093 AM
[ReportManager] Browser Action [NavigateToURL] successfully performed. With the following test data [https://www.google.com/ncr]. @15-09-2021 10:20:43.0866 AM
[ReportManager] Waiting for element to be present; elementLocator [By.xpath: //*[@id='hplogo' or @alt='Google']], numberOfTries[1], stateOfPresence[false]... @15-09-2021 10:20:43.0871 AM
[ReportManager] Element Action [WaitForElementToBePresent] failed. With the following test data [waited for the element's state of presence to be (false). Element locator (By.xpath: //*[@id='hplogo' or @alt='Google'])]. @15-09-2021 10:20:44.0114 AM
[ReportManager] Successfully created attachment [Screenshot - 1631701244036_waitForElementToBePresent_false_expectedToFail_WaitForElementToBePresent_failed] @15-09-2021 10:20:44.0115 A
[ReportManager] Browser Action [CloseCurrentWindow] successfully performed. @15-09-2021 10:20:44.0237 AM
[ReportManager] Successfully created attachment [Browser Action Test Data - CloseCurrentWindow - Actual Value] @15-09-2021 10:20:44.0238 A
[ReportManager] File Action [GetAbsolutePath] successfully performed. With the following test data [Relative Folder Path: "target/downloadedFiles/"]. @15-09-2021 10:20:44.0241 AM
[ReportManager] Attempting to run remotely on: [Linux-64], [GoogleChrome], [http://localhost:4444/wd/hub], Headless Execution. @15-09-2021 10:20:44.0241 AM
[ReportManager] Successfully Opened [GoogleChrome]. @15-09-2021 10:20:44.0439 A

################################################################################################################################################
Starting Execution:	[65 out of 143] test cases in the current suite
Test Method:		[unitTests.tests_element_elementActions.waitForElementToBePresent_false_expectedToPass]
################################################################################################################################################
[ReportManager] Target URL: [https://www.google.com/ncr], and after redirection: [www.google.com] @15-09-2021 10:20:44.0454 AM
[ReportManager] Initial URL: [data:,] @15-09-2021 10:20:44.0498 AM
[ReportManager] Browser Action [NavigateToURL] successfully performed. With the following test data [https://www.google.com/ncr]. @15-09-2021 10:20:45.0274 AM
[ReportManager] Waiting for element to be present; elementLocator [By.id: bla], numberOfTries[1], stateOfPresence[false]... @15-09-2021 10:20:45.0274 AM
[ReportManager] Element Action [WaitForElementToBePresent] successfully performed. With the following test data [waited for the element's state of presence to be (false). Element locator (By.id: bla)]. @15-09-2021 10:20:50.0390 A
[ReportManager] Browser Action [CloseCurrentWindow] successfully performed. @15-09-2021 10:20:50.0522 AM
[ReportManager] Successfully created attachment [Browser Action Test Data - CloseCurrentWindow - Actual Value] @15-09-2021 10:20:50.0527 A
[ReportManager] File Action [GetAbsolutePath] successfully performed. With the following test data [Relative Folder Path: "target/downloadedFiles/"]. @15-09-2021 10:20:50.0530 AM
[ReportManager] Attempting to run remotely on: [Linux-64], [GoogleChrome], [http://localhost:4444/wd/hub], Headless Execution. @15-09-2021 10:20:50.0530 AM
[ReportManager] Successfully Opened [GoogleChrome]. @15-09-2021 10:20:50.0718 A

################################################################################################################################################
Starting Execution:	[66 out of 143] test cases in the current suite
Test Method:		[unitTests.tests_element_elementActions.waitForElementToBePresent_moreThanOneElement_expectedToFail]
################################################################################################################################################
[ReportManager] Target URL: [https://www.google.com/ncr], and after redirection: [www.google.com] @15-09-2021 10:20:50.0731 AM
[ReportManager] Initial URL: [data:,] @15-09-2021 10:20:50.0786 AM
[ReportManager] Browser Action [NavigateToURL] successfully performed. With the following test data [https://www.google.com/ncr]. @15-09-2021 10:20:51.0612 AM
[ReportManager] Waiting for element to be present; elementLocator [By.xpath: //*], numberOfTries[1], stateOfPresence[false]... @15-09-2021 10:20:51.0612 AM
[ReportManager] Element Action [WaitForElementToBePresent] failed. With the following test data [waited for the element's state of presence to be (false). Element locator (By.xpath: //*)]. @15-09-2021 10:20:51.0831 AM
[ReportManager] Successfully created attachment [Screenshot - 1631701251763_waitForElementToBePresent_moreThanOneElement_expectedToFail_WaitForElementToBePresent_failed] @15-09-2021 10:20:51.0832 A
[ReportManager] Browser Action [CloseCurrentWindow] successfully performed. @15-09-2021 10:20:51.0956 AM
[ReportManager] Successfully created attachment [Browser Action Test Data - CloseCurrentWindow - Actual Value] @15-09-2021 10:20:51.0957 A
[ReportManager] File Action [GetAbsolutePath] successfully performed. With the following test data [Relative Folder Path: "target/downloadedFiles/"]. @15-09-2021 10:20:51.0959 AM
[ReportManager] Attempting to run remotely on: [Linux-64], [GoogleChrome], [http://localhost:4444/wd/hub], Headless Execution. @15-09-2021 10:20:51.0959 AM
[ReportManager] Successfully Opened [GoogleChrome]. @15-09-2021 10:20:52.0160 A

################################################################################################################################################
Starting Execution:	[67 out of 143] test cases in the current suite
Test Method:		[unitTests.tests_element_elementActions.waitForElementToBePresent_true_expectedToFail]
################################################################################################################################################
[ReportManager] Target URL: [https://www.google.com/ncr], and after redirection: [www.google.com] @15-09-2021 10:20:52.0172 AM
[ReportManager] Initial URL: [data:,] @15-09-2021 10:20:52.0215 AM
[ReportManager] Browser Action [NavigateToURL] successfully performed. With the following test data [https://www.google.com/ncr]. @15-09-2021 10:20:53.0028 AM
[ReportManager] Waiting for element to be present; elementLocator [By.id: bla], numberOfTries[1], stateOfPresence[true]... @15-09-2021 10:20:53.0029 AM
[ReportManager] Element Action [WaitForElementToBePresent] failed. With the following test data [waited for the element's state of presence to be (true). Element locator (By.id: bla)]. @15-09-2021 10:20:58.0314 AM
[ReportManager] Successfully created attachment [Screenshot - 1631701258245_waitForElementToBePresent_true_expectedToFail_WaitForElementToBePresent_failed] @15-09-2021 10:20:58.0315 A
[ReportManager] Browser Action [CloseCurrentWindow] successfully performed. @15-09-2021 10:20:58.0436 AM
[ReportManager] Successfully created attachment [Browser Action Test Data - CloseCurrentWindow - Actual Value] @15-09-2021 10:20:58.0437 A
[ReportManager] File Action [GetAbsolutePath] successfully performed. With the following test data [Relative Folder Path: "target/downloadedFiles/"]. @15-09-2021 10:20:58.0440 AM
[ReportManager] Attempting to run remotely on: [Linux-64], [GoogleChrome], [http://localhost:4444/wd/hub], Headless Execution. @15-09-2021 10:20:58.0441 AM
[ReportManager] Successfully Opened [GoogleChrome]. @15-09-2021 10:20:58.0618 A

################################################################################################################################################
Starting Execution:	[68 out of 143] test cases in the current suite
Test Method:		[unitTests.tests_element_elementActions.waitForElementToBePresent_true_expectedToPass]
################################################################################################################################################
[ReportManager] Target URL: [https://www.google.com/ncr], and after redirection: [www.google.com] @15-09-2021 10:20:58.0630 AM
[ReportManager] Initial URL: [data:,] @15-09-2021 10:20:58.0668 AM
[ReportManager] Browser Action [NavigateToURL] successfully performed. With the following test data [https://www.google.com/ncr]. @15-09-2021 10:20:59.0498 AM
[ReportManager] Waiting for element to be present; elementLocator [By.xpath: //*[@id='hplogo' or @alt='Google']], numberOfTries[1], stateOfPresence[true]... @15-09-2021 10:20:59.0498 AM
[ReportManager] Element Action [WaitForElementToBePresent] successfully performed. With the following test data [waited for the element's state of presence to be (true). Element locator (By.xpath: //*[@id='hplogo' or @alt='Google'])]. @15-09-2021 10:20:59.0547 AM
[ReportManager] File Action [DoesFileExist] successfully performed. With the following test data [File Path: "src/test/resources/DynamicObjectRepository/unitTests_tests_element_elementActions_waitForElementToBePresent_true_expectedToPass_By_xpath_id_hplogo_or_alt_Google.png"]. @15-09-2021 10:20:59.0550 AM
[ReportManager] File Action [DoesFileExist] successfully performed. With the following test data [File Path: "src/test/resources/DynamicObjectRepository/unitTests_tests_element_elementActions_waitForElementToBePresent_true_expectedToPass_By_xpath_id_hplogo_or_alt_Google.png"]. @15-09-2021 10:20:59.0742 AM
[ReportManager] Passing the test and saving a reference image @15-09-2021 10:20:59.0742 AM
[ReportManager] File Action [GetAbsolutePath] successfully performed. With the following test data [Relative File Path: "src/test/resources/DynamicObjectRepository/unitTests_tests_element_elementActions_waitForElementToBePresent_true_expectedToPass_By_xpath_id_hplogo_or_alt_Google.png"]. @15-09-2021 10:20:59.0742 AM
[ReportManager] File Action [WriteToFile] successfully performed. With the following test data [Target File Path: "/home/runner/work/SHAFT_ENGINE/SHAFT_ENGINE/src/test/resources/DynamicObjectRepository/unitTests_tests_element_elementActions_waitForElementToBePresent_true_expectedToPass_By_xpath_id_hplogo_or_alt_Google.png"]. @15-09-2021 10:20:59.0749 AM
[ReportManager] Assertion Passed: Using Visual AI; OpenCV @15-09-2021 10:20:59.0750 AM
[ReportManager] Successfully created attachment [Validation Test Data - Actual Screenshot] @15-09-2021 10:20:59.0750 AM
[ReportManager] Assertion [ValidateElementMatches] PASSED. Expected [Element should match the reference screenshot] and Actual [TRUE]. Comparison Type [EXACT_OPENCV]. Validation Type [POSITIVE]. @15-09-2021 10:20:59.0750 A
[ReportManager] Browser Action [CloseCurrentWindow] successfully performed. @15-09-2021 10:20:59.0879 AM
[ReportManager] Successfully created attachment [Browser Action Test Data - CloseCurrentWindow - Actual Value] @15-09-2021 10:20:59.0880 A
[ReportManager] File Action [GetAbsolutePath] successfully performed. With the following test data [Relative Folder Path: "target/downloadedFiles/"]. @15-09-2021 10:20:59.0883 AM
[ReportManager] Attempting to run remotely on: [Linux-64], [GoogleChrome], [http://localhost:4444/wd/hub], Headless Execution. @15-09-2021 10:20:59.0884 AM
[ReportManager] Successfully Opened [GoogleChrome]. @15-09-2021 10:21:00.0072 A

################################################################################################################################################
Starting Execution:	[69 out of 143] test cases in the current suite
Test Method:		[testPackage01.Test_assertEquals.test_assertElementAttribute]
################################################################################################################################################
[ReportManager] Target URL: [https://www.google.com/ncr], and after redirection: [https://www.google.com] @15-09-2021 10:21:00.0086 AM
[ReportManager] Initial URL: [data:,] @15-09-2021 10:21:00.0130 AM
[ReportManager] Browser Action [NavigateToURL] successfully performed. With the following test data [https://www.google.com/ncr]. @15-09-2021 10:21:00.0926 AM
[ReportManager] Element Action [Type] successfully performed. With the following test data [INC_004010050:Another SCHEDULER with the same name [Duplicate Job Name] already exists.]. @15-09-2021 10:21:01.0584 AM
[ReportManager] Element Action [GetText] successfully performed. With the following test data [INC_004010050:Another SCHEDULER with the same name [Duplicate Job Name] already exists.]. @15-09-2021 10:21:01.0710 AM
[ReportManager] Loaded Shared OpenCV @15-09-2021 10:21:01.0878 AM
[ReportManager] Assertion [ValidateElementAttribute] PASSED. Expected [Value Should be 'INC_004010050:Another SCHEDULER with the same name \[Duplicate Job Name\] already exists.' for the 'text' attribute, element locator 'By.name: q'] and Actual [INC_004010050:Another SCHEDULER with the same name [Duplicate Job Name] already exists.]. Comparison Type [MATCHES]. Validation Type [POSITIVE]. @15-09-2021 10:21:01.0960 AM
[ReportManager] Successfully created attachment [Screenshot - 1631701261878_test_assertElementAttribute_ValidateElementAttribute_passed] @15-09-2021 10:21:01.0961 A
[ReportManager] Browser Action [CloseCurrentWindow] successfully performed. @15-09-2021 10:21:02.0091 AM
[ReportManager] Successfully created attachment [Browser Action Test Data - CloseCurrentWindow - Actual Value] @15-09-2021 10:21:02.0092 A

################################################################################################################################################
Starting Execution:	[70 out of 143] test cases in the current suite
Test Method:		[testPackage01.Test_SelectedValue.multipleSelect]
################################################################################################################################################
[ReportManager] File Action [GetAbsolutePath] successfully performed. With the following test data [Relative Folder Path: "target/downloadedFiles/"]. @15-09-2021 10:21:02.0100 AM
[ReportManager] Attempting to run remotely on: [Linux-64], [GoogleChrome], [http://localhost:4444/wd/hub], Headless Execution. @15-09-2021 10:21:02.0101 AM
[ReportManager] Successfully Opened [GoogleChrome]. @15-09-2021 10:21:02.0349 AM
[ReportManager] Target URL: [https://yari-demos.prod.mdn.mozit.cloud/en-US/docs/Web/HTML/Element/select/_sample_.Advanced_select_with_multiple_features.html] @15-09-2021 10:21:02.0368 AM
[ReportManager] Initial URL: [data:,] @15-09-2021 10:21:02.0407 AM
[ReportManager] Browser Action [NavigateToURL] successfully performed. With the following test data [https://yari-demos.prod.mdn.mozit.cloud/en-US/docs/Web/HTML/Element/select/_sample_.Advanced_select_with_multiple_features.html]. @15-09-2021 10:21:02.0767 AM
[ReportManager] Element Action [Select] successfully performed. With the following test data [Dog]. @15-09-2021 10:21:02.0974 AM
[ReportManager] Element Action [Select] successfully performed. With the following test data [Cat]. @15-09-2021 10:21:03.0194 AM
[ReportManager] Element Action [GetSelectedText] successfully performed. With the following test data [DogCat]. @15-09-2021 10:21:03.0337 AM
[ReportManager] DogCat @15-09-2021 10:21:03.0337 AM
[ReportManager] Element Action [GetSelectedText] successfully performed. With the following test data [DogCat]. @15-09-2021 10:21:03.0456 AM
[ReportManager] Loaded Shared OpenCV @15-09-2021 10:21:03.0576 AM
[ReportManager] Assertion [ValidateElementAttribute] PASSED. Expected [Value Should be 'DogCat' for the 'selectedText' attribute, element locator 'By.tagName: select'] and Actual [DogCat]. Comparison Type [EQUALS]. Validation Type [POSITIVE]. @15-09-2021 10:21:03.0646 AM
[ReportManager] Successfully created attachment [Screenshot - 1631701263576_multipleSelect_ValidateElementAttribute_passed] @15-09-2021 10:21:03.0646 AM
[ReportManager] Browser Action [CloseCurrentWindow] successfully performed. @15-09-2021 10:21:03.0730 AM
[ReportManager] Successfully created attachment [Browser Action Test Data - CloseCurrentWindow - Actual Value] @15-09-2021 10:21:03.0731 A

################################################################################################################################################
Starting Execution:	[71 out of 143] test cases in the current suite
Test Method:		[testPackage01.Test_SelectedValue.simpleSelect]
################################################################################################################################################
[ReportManager] File Action [GetAbsolutePath] successfully performed. With the following test data [Relative Folder Path: "target/downloadedFiles/"]. @15-09-2021 10:21:03.0739 AM
[ReportManager] Attempting to run remotely on: [Linux-64], [GoogleChrome], [http://localhost:4444/wd/hub], Headless Execution. @15-09-2021 10:21:03.0739 AM
[ReportManager] Successfully Opened [GoogleChrome]. @15-09-2021 10:21:03.0951 AM
[ReportManager] Target URL: [https://yari-demos.prod.mdn.mozit.cloud/en-US/docs/Web/HTML/Element/select/_sample_.Basic_select.html] @15-09-2021 10:21:03.0964 AM
[ReportManager] Initial URL: [data:,] @15-09-2021 10:21:04.0001 AM
[ReportManager] Browser Action [NavigateToURL] successfully performed. With the following test data [https://yari-demos.prod.mdn.mozit.cloud/en-US/docs/Web/HTML/Element/select/_sample_.Basic_select.html]. @15-09-2021 10:21:04.0214 AM
[ReportManager] Element Action [Select] successfully performed. With the following test data [Third Value]. @15-09-2021 10:21:04.0476 AM
[ReportManager] Element Action [GetSelectedText] successfully performed. With the following test data [Third Value]. @15-09-2021 10:21:04.0581 AM
[ReportManager] Third Value @15-09-2021 10:21:04.0581 AM
[ReportManager] Element Action [GetSelectedText] successfully performed. With the following test data [Third Value]. @15-09-2021 10:21:04.0666 AM
[ReportManager] Loaded Shared OpenCV @15-09-2021 10:21:04.0773 AM
[ReportManager] Assertion [ValidateElementAttribute] PASSED. Expected [Value Should be 'Third Value' for the 'selectedText' attribute, element locator 'By.tagName: select'] and Actual [Third Value]. Comparison Type [EQUALS]. Validation Type [POSITIVE]. @15-09-2021 10:21:04.0848 AM
[ReportManager] Successfully created attachment [Screenshot - 1631701264773_simpleSelect_ValidateElementAttribute_passed] @15-09-2021 10:21:04.0848 AM
[ReportManager] Browser Action [CloseCurrentWindow] successfully performed. @15-09-2021 10:21:04.0931 AM
[ReportManager] Successfully created attachment [Browser Action Test Data - CloseCurrentWindow - Actual Value] @15-09-2021 10:21:04.0931 A

################################################################################################################################################
Starting Execution:	[72 out of 143] test cases in the current suite
Test Method:		[testPackage01.Test_SkipDueToIssue.doNotSkip]
################################################################################################################################################
[ReportManager] This should not be skipped. @15-09-2021 10:21:04.0941 A

################################################################################################################################################
Starting Execution:	[73 out of 143] test cases in the current suite
Test Method:		[testPackage01.Test_SkipDueToIssue.skip]
################################################################################################################################################
[ReportManager] This should be skipped. @15-09-2021 10:21:04.0948 A

################################################################################################################################################
Starting Execution:	[74 out of 143] test cases in the current suite
Test Method:		[testPackage01.Test_SkipDueToIssue.skip2]
################################################################################################################################################
[ReportManager] This should be skipped. @15-09-2021 10:21:04.0953 A
[ReportManager] File Action [GetAbsolutePath] successfully performed. With the following test data [Relative Folder Path: "target/downloadedFiles/"]. @15-09-2021 10:21:04.0958 AM
[ReportManager] Attempting to run remotely on: [Linux-64], [GoogleChrome], [http://localhost:4444/wd/hub], Headless Execution. @15-09-2021 10:21:04.0958 AM
[ReportManager] Successfully Opened [GoogleChrome]. @15-09-2021 10:21:05.0184 A

################################################################################################################################################
Starting Execution:	[75 out of 143] test cases in the current suite
Test Method:		[testPackage01.Test_IsElementClickable.testIsElementClickable]
################################################################################################################################################
[ReportManager] Target URL: [https://the-internet.herokuapp.com/] @15-09-2021 10:21:05.0196 AM
[ReportManager] Initial URL: [data:,] @15-09-2021 10:21:05.0232 AM
[ReportManager] Browser Action [NavigateToURL] successfully performed. With the following test data [https://the-internet.herokuapp.com/]. @15-09-2021 10:21:05.0559 AM
[ReportManager] Element Action [IsElementClickable] successfully performed. @15-09-2021 10:21:05.0680 AM
[ReportManager] Assertion [ValidateTrue] PASSED. Expected [TRUE] and Actual [TRUE]. Validation Type [POSITIVE]. @15-09-2021 10:21:05.0680 A
[ReportManager] Browser Action [CloseCurrentWindow] successfully performed. @15-09-2021 10:21:05.0781 AM
[ReportManager] Successfully created attachment [Browser Action Test Data - CloseCurrentWindow - Actual Value] @15-09-2021 10:21:05.0781 A
[ReportManager] File Action [GetAbsolutePath] successfully performed. With the following test data [Relative Folder Path: "target/downloadedFiles/"]. @15-09-2021 10:21:05.0783 AM
[ReportManager] Attempting to run remotely on: [Linux-64], [GoogleChrome], [http://localhost:4444/wd/hub], Headless Execution. @15-09-2021 10:21:05.0784 AM
[ReportManager] Successfully Opened [GoogleChrome]. @15-09-2021 10:21:05.0980 A

################################################################################################################################################
Starting Execution:	[76 out of 143] test cases in the current suite
Test Method:		[testPackage01.Test_ShadowDOM.shadowdom]
################################################################################################################################################
[ReportManager] Target URL: [https://mdn.github.io/web-components-examples/popup-info-box-web-component/] @15-09-2021 10:21:05.0993 AM
[ReportManager] Initial URL: [data:,] @15-09-2021 10:21:06.0040 AM
[ReportManager] Browser Action [NavigateToURL] successfully performed. With the following test data [https://mdn.github.io/web-components-examples/popup-info-box-web-component/]. @15-09-2021 10:21:06.0247 AM
[ReportManager] Element Action [Type] successfully performed. With the following test data [Typing into SHADOW DOM...]. @15-09-2021 10:21:06.0498 AM
[ReportManager] Element Action [GetText] successfully performed. With the following test data [Typing into SHADOW DOM...]. @15-09-2021 10:21:06.0583 AM
[ReportManager] Loaded Shared OpenCV @15-09-2021 10:21:06.0697 AM
[ReportManager] Assertion [ValidateElementAttribute] PASSED. Expected [Value Should be 'Typing into SHADOW DOM...' for the 'Text' attribute, element locator 'By.id: cvc'] and Actual [Typing into SHADOW DOM...]. Comparison Type [EQUALS]. Validation Type [POSITIVE]. @15-09-2021 10:21:06.0767 AM
[ReportManager] Successfully created attachment [Screenshot - 1631701266697_shadowdom_ValidateElementAttribute_passed] @15-09-2021 10:21:06.0768 A
[ReportManager] Browser Action [CloseCurrentWindow] successfully performed. @15-09-2021 10:21:06.0851 AM
[ReportManager] Successfully created attachment [Browser Action Test Data - CloseCurrentWindow - Actual Value] @15-09-2021 10:21:06.0852 A

################################################################################################################################################
Starting Execution:	[77 out of 143] test cases in the current suite
Test Method:		[testPackage01.Test_NewValidationHelper.f1]
################################################################################################################################################
[ReportManager] Assertion Passed: Checking valid user data @15-09-2021 10:21:06.0859 AM
[ReportManager] Successfully created attachment [Validation Test Data - Expected Value] @15-09-2021 10:21:06.0860 AM
[ReportManager] Successfully created attachment [Validation Test Data - Actual Value] @15-09-2021 10:21:06.0860 AM
[ReportManager] Assertion [ValidateEquals] PASSED. Expected and Actual values are attached. Comparison Type [EQUALS]. Validation Type [POSITIVE]. @15-09-2021 10:21:06.0860 A
[ReportManager] File Action [GetAbsolutePath] successfully performed. With the following test data [Relative Folder Path: "target/downloadedFiles/"]. @15-09-2021 10:21:06.0862 AM
[ReportManager] Attempting to run remotely on: [Linux-64], [GoogleChrome], [http://localhost:4444/wd/hub], Headless Execution. @15-09-2021 10:21:06.0862 AM
[ReportManager] Successfully Opened [GoogleChrome]. @15-09-2021 10:21:07.0036 AM
[ReportManager] Target URL: [https://the-internet.herokuapp.com/] @15-09-2021 10:21:07.0051 AM
[ReportManager] Initial URL: [data:,] @15-09-2021 10:21:07.0088 AM
[ReportManager] Browser Action [NavigateToURL] successfully performed. With the following test data [https://the-internet.herokuapp.com/]. @15-09-2021 10:21:07.0435 A

################################################################################################################################################
Starting Execution:	[78 out of 143] test cases in the current suite
Test Method:		[testPackage01.Test_NewValidationHelper.f10]
################################################################################################################################################
[ReportManager] Assertion [ValidateElementExists] FAILED. Expected [Element Should Exist, locator 'By.tagName: div'] and Actual [Element Exists but is not unique]. Comparison Type [EQUALS]. Validation Type [POSITIVE]. @15-09-2021 10:21:07.0681 AM
[ReportManager] Successfully created attachment [Screenshot - 1631701267613_f10_ValidateElementExists_failed] @15-09-2021 10:21:07.0682 A
[ReportManager] Successfully Closed All Drivers. @15-09-2021 10:21:07.0756 A
[ReportManager] File Action [GetAbsolutePath] successfully performed. With the following test data [Relative Folder Path: "target/downloadedFiles/"]. @15-09-2021 10:21:07.0759 AM
[ReportManager] Attempting to run remotely on: [Linux-64], [GoogleChrome], [http://localhost:4444/wd/hub], Headless Execution. @15-09-2021 10:21:07.0759 AM
[ReportManager] Successfully Opened [GoogleChrome]. @15-09-2021 10:21:07.0946 AM
[ReportManager] Target URL: [https://the-internet.herokuapp.com/] @15-09-2021 10:21:07.0961 AM
[ReportManager] Initial URL: [data:,] @15-09-2021 10:21:08.0014 AM
[ReportManager] Browser Action [NavigateToURL] successfully performed. With the following test data [https://the-internet.herokuapp.com/]. @15-09-2021 10:21:08.0342 A

################################################################################################################################################
Starting Execution:	[79 out of 143] test cases in the current suite
Test Method:		[testPackage01.Test_NewValidationHelper.f11]
################################################################################################################################################
[ReportManager] Assertion Passed: Checking that false tag doesn't exist @15-09-2021 10:21:18.0753 AM
[ReportManager] Successfully created attachment [Screenshot - 1631701278682_f11_ValidateElementExists_passed] @15-09-2021 10:21:18.0753 AM
[ReportManager] Assertion [ValidateElementExists] PASSED. Expected [Element Should not Exist, locator 'By.tagName: h3'] and Actual [Element Doesn't Exists]. Comparison Type [EQUALS]. Validation Type [NEGATIVE]. @15-09-2021 10:21:18.0753 A
[ReportManager] Successfully Closed All Drivers. @15-09-2021 10:21:18.0826 A
[ReportManager] File Action [GetAbsolutePath] successfully performed. With the following test data [Relative Folder Path: "target/downloadedFiles/"]. @15-09-2021 10:21:18.0833 AM
[ReportManager] Attempting to run remotely on: [Linux-64], [GoogleChrome], [http://localhost:4444/wd/hub], Headless Execution. @15-09-2021 10:21:18.0834 AM
[ReportManager] Successfully Opened [GoogleChrome]. @15-09-2021 10:21:19.0007 AM
[ReportManager] Target URL: [https://the-internet.herokuapp.com/] @15-09-2021 10:21:19.0025 AM
[ReportManager] Initial URL: [data:,] @15-09-2021 10:21:19.0072 AM
[ReportManager] Browser Action [NavigateToURL] successfully performed. With the following test data [https://the-internet.herokuapp.com/]. @15-09-2021 10:21:19.0429 A

################################################################################################################################################
Starting Execution:	[80 out of 143] test cases in the current suite
Test Method:		[testPackage01.Test_NewValidationHelper.f12]
################################################################################################################################################
[ReportManager] Loaded Shared OpenCV @15-09-2021 10:21:19.0631 AM
[ReportManager] Assertion [ValidateElementExists] FAILED. Expected [Element Should not Exist, locator 'By.tagName: h1'] and Actual [Element Exists]. Comparison Type [EQUALS]. Validation Type [NEGATIVE]. @15-09-2021 10:21:19.0718 AM
[ReportManager] Successfully created attachment [Screenshot - 1631701279631_f12_ValidateElementExists_failed] @15-09-2021 10:21:19.0719 A
[ReportManager] Successfully Closed All Drivers. @15-09-2021 10:21:19.0789 A
[ReportManager] File Action [GetAbsolutePath] successfully performed. With the following test data [Relative Folder Path: "target/downloadedFiles/"]. @15-09-2021 10:21:19.0791 AM
[ReportManager] Attempting to run remotely on: [Linux-64], [GoogleChrome], [http://localhost:4444/wd/hub], Headless Execution. @15-09-2021 10:21:19.0791 AM
[ReportManager] Successfully Opened [GoogleChrome]. @15-09-2021 10:21:19.0971 AM
[ReportManager] Target URL: [https://the-internet.herokuapp.com/] @15-09-2021 10:21:19.0984 AM
[ReportManager] Initial URL: [data:,] @15-09-2021 10:21:20.0025 AM
[ReportManager] Browser Action [NavigateToURL] successfully performed. With the following test data [https://the-internet.herokuapp.com/]. @15-09-2021 10:21:20.0352 A

################################################################################################################################################
Starting Execution:	[81 out of 143] test cases in the current suite
Test Method:		[testPackage01.Test_NewValidationHelper.f13]
################################################################################################################################################
[ReportManager] Assertion [ValidateElementExists] FAILED. Expected [Element Should not Exist, locator 'By.tagName: div'] and Actual [Element Exists but is not unique]. Comparison Type [EQUALS]. Validation Type [NEGATIVE]. @15-09-2021 10:21:20.0617 AM
[ReportManager] Successfully created attachment [Screenshot - 1631701280549_f13_ValidateElementExists_failed] @15-09-2021 10:21:20.0618 A
[ReportManager] Successfully Closed All Drivers. @15-09-2021 10:21:20.0691 A
[ReportManager] File Action [GetAbsolutePath] successfully performed. With the following test data [Relative Folder Path: "target/downloadedFiles/"]. @15-09-2021 10:21:20.0699 AM
[ReportManager] Attempting to run remotely on: [Linux-64], [GoogleChrome], [http://localhost:4444/wd/hub], Headless Execution. @15-09-2021 10:21:20.0702 AM
[ReportManager] Successfully Opened [GoogleChrome]. @15-09-2021 10:21:20.0899 AM
[ReportManager] Target URL: [https://the-internet.herokuapp.com/] @15-09-2021 10:21:20.0909 AM
[ReportManager] Initial URL: [data:,] @15-09-2021 10:21:20.0960 AM
[ReportManager] Browser Action [NavigateToURL] successfully performed. With the following test data [https://the-internet.herokuapp.com/]. @15-09-2021 10:21:21.0285 A

################################################################################################################################################
Starting Execution:	[82 out of 143] test cases in the current suite
Test Method:		[testPackage01.Test_NewValidationHelper.f14]
################################################################################################################################################
[ReportManager] Element Action [GetText] successfully performed. With the following test data [Welcome to the-internet]. @15-09-2021 10:21:21.0365 AM
[ReportManager] Loaded Shared OpenCV @15-09-2021 10:21:21.0546 AM
[ReportManager] Assertion Passed: Asserting that the header text is correct @15-09-2021 10:21:21.0628 AM
[ReportManager] Successfully created attachment [Screenshot - 1631701281546_f14_ValidateElementAttribute_passed] @15-09-2021 10:21:21.0629 AM
[ReportManager] Assertion [ValidateElementAttribute] PASSED. Expected [Value Should be 'Welcome to the-internet' for the 'text' attribute, element locator 'By.tagName: h1'] and Actual [Welcome to the-internet]. Comparison Type [EQUALS]. Validation Type [POSITIVE]. @15-09-2021 10:21:21.0629 A
[ReportManager] Successfully Closed All Drivers. @15-09-2021 10:21:21.0702 A
[ReportManager] File Action [GetAbsolutePath] successfully performed. With the following test data [Relative Folder Path: "target/downloadedFiles/"]. @15-09-2021 10:21:21.0704 AM
[ReportManager] Attempting to run remotely on: [Linux-64], [GoogleChrome], [http://localhost:4444/wd/hub], Headless Execution. @15-09-2021 10:21:21.0704 AM
[ReportManager] Successfully Opened [GoogleChrome]. @15-09-2021 10:21:21.0870 AM
[ReportManager] Target URL: [https://the-internet.herokuapp.com/] @15-09-2021 10:21:21.0879 AM
[ReportManager] Initial URL: [data:,] @15-09-2021 10:21:21.0915 AM
[ReportManager] Browser Action [NavigateToURL] successfully performed. With the following test data [https://the-internet.herokuapp.com/]. @15-09-2021 10:21:22.0289 A

################################################################################################################################################
Starting Execution:	[83 out of 143] test cases in the current suite
Test Method:		[testPackage01.Test_NewValidationHelper.f15]
################################################################################################################################################
[ReportManager] Element Action [GetText] successfully performed. With the following test data [Welcome to the-internet]. @15-09-2021 10:21:22.0366 AM
[ReportManager] Loaded Shared OpenCV @15-09-2021 10:21:22.0497 AM
[ReportManager] Assertion [ValidateElementAttribute] FAILED. Expected [Value Should not be 'Welcome' for the 'text' attribute, element locator 'By.tagName: h1'] and Actual [Welcome to the-internet]. Comparison Type [CONTAINS]. Validation Type [NEGATIVE]. @15-09-2021 10:21:22.0577 AM
[ReportManager] Successfully created attachment [Screenshot - 1631701282496_f15_ValidateElementAttribute_failed] @15-09-2021 10:21:22.0578 A
[ReportManager] Successfully Closed All Drivers. @15-09-2021 10:21:22.0649 A
[ReportManager] File Action [GetAbsolutePath] successfully performed. With the following test data [Relative Folder Path: "target/downloadedFiles/"]. @15-09-2021 10:21:22.0652 AM
[ReportManager] Attempting to run remotely on: [Linux-64], [GoogleChrome], [http://localhost:4444/wd/hub], Headless Execution. @15-09-2021 10:21:22.0652 AM
[ReportManager] Successfully Opened [GoogleChrome]. @15-09-2021 10:21:22.0825 AM
[ReportManager] Target URL: [https://the-internet.herokuapp.com/] @15-09-2021 10:21:22.0834 AM
[ReportManager] Initial URL: [data:,] @15-09-2021 10:21:22.0883 AM
[ReportManager] Browser Action [NavigateToURL] successfully performed. With the following test data [https://the-internet.herokuapp.com/]. @15-09-2021 10:21:23.0214 A

################################################################################################################################################
Starting Execution:	[84 out of 143] test cases in the current suite
Test Method:		[testPackage01.Test_NewValidationHelper.f16]
################################################################################################################################################
[ReportManager] Element Action [IdentifyUniqueElement] failed. With the following test data [zero elements found matching this locator "By.tagName: h3".]. @15-09-2021 10:21:48.0775 AM
[ReportManager] Successfully created attachment [Screenshot - 1631701308710_f16_IdentifyUniqueElement_failed] @15-09-2021 10:21:48.0776 AM
[ReportManager] Assertion [ValidateElementAttribute] FAILED. Expected [Value Should not be 'Welcome' for the 'text' attribute, element locator 'By.tagName: h3'] and Actual [Failed to read the desired element attribute]. Comparison Type [CONTAINS]. Validation Type [NEGATIVE]. @15-09-2021 10:21:48.0776 A
[ReportManager] Successfully Closed All Drivers. @15-09-2021 10:21:48.0849 A
[ReportManager] File Action [GetAbsolutePath] successfully performed. With the following test data [Relative Folder Path: "target/downloadedFiles/"]. @15-09-2021 10:21:48.0851 AM
[ReportManager] Attempting to run remotely on: [Linux-64], [GoogleChrome], [http://localhost:4444/wd/hub], Headless Execution. @15-09-2021 10:21:48.0851 AM
[ReportManager] Successfully Opened [GoogleChrome]. @15-09-2021 10:21:49.0043 AM
[ReportManager] Target URL: [https://the-internet.herokuapp.com/] @15-09-2021 10:21:49.0057 AM
[ReportManager] Initial URL: [data:,] @15-09-2021 10:21:49.0100 AM
[ReportManager] Browser Action [NavigateToURL] successfully performed. With the following test data [https://the-internet.herokuapp.com/]. @15-09-2021 10:21:49.0459 A

################################################################################################################################################
Starting Execution:	[85 out of 143] test cases in the current suite
Test Method:		[testPackage01.Test_NewValidationHelper.f17]
################################################################################################################################################
[ReportManager] Attempting to getAttribute [text2] from elementLocator [By.tagName: h1]. @15-09-2021 10:21:49.0462 AM
[ReportManager] Element Action [GetAttribute] successfully performed. @15-09-2021 10:21:49.0542 AM
[ReportManager] Loaded Shared OpenCV @15-09-2021 10:21:49.0680 AM
[ReportManager] Assertion [ValidateElementAttribute] PASSED. Expected [Value Should not be 'Welcome' for the 'text2' attribute, element locator 'By.tagName: h1'] and Actual [null]. Comparison Type [CONTAINS]. Validation Type [NEGATIVE]. @15-09-2021 10:21:49.0764 AM
[ReportManager] Successfully created attachment [Screenshot - 1631701309680_f17_ValidateElementAttribute_passed] @15-09-2021 10:21:49.0765 A
[ReportManager] Successfully Closed All Drivers. @15-09-2021 10:21:49.0839 A
[ReportManager] File Action [GetAbsolutePath] successfully performed. With the following test data [Relative Folder Path: "target/downloadedFiles/"]. @15-09-2021 10:21:49.0841 AM
[ReportManager] Attempting to run remotely on: [Linux-64], [GoogleChrome], [http://localhost:4444/wd/hub], Headless Execution. @15-09-2021 10:21:49.0841 AM
[ReportManager] Successfully Opened [GoogleChrome]. @15-09-2021 10:21:50.0021 AM
[ReportManager] Target URL: [https://the-internet.herokuapp.com/] @15-09-2021 10:21:50.0031 AM
[ReportManager] Initial URL: [data:,] @15-09-2021 10:21:50.0076 AM
[ReportManager] Browser Action [NavigateToURL] successfully performed. With the following test data [https://the-internet.herokuapp.com/]. @15-09-2021 10:21:50.0474 A

################################################################################################################################################
Starting Execution:	[86 out of 143] test cases in the current suite
Test Method:		[testPackage01.Test_NewValidationHelper.f18]
################################################################################################################################################
[ReportManager] Element Action [GetText] successfully performed. With the following test data [Welcome to the-internet]. @15-09-2021 10:21:50.0565 AM
[ReportManager] Loaded Shared OpenCV @15-09-2021 10:21:50.0713 AM
[ReportManager] Assertion [ValidateElementAttribute] PASSED. Expected [Value Should not be 'no' for the 'text' attribute, element locator 'By.tagName: h1'] and Actual [Welcome to the-internet]. Comparison Type [CONTAINS]. Validation Type [NEGATIVE]. @15-09-2021 10:21:50.0796 AM
[ReportManager] Successfully created attachment [Screenshot - 1631701310713_f18_ValidateElementAttribute_passed] @15-09-2021 10:21:50.0797 A
[ReportManager] Successfully Closed All Drivers. @15-09-2021 10:21:50.0865 A
[ReportManager] File Action [GetAbsolutePath] successfully performed. With the following test data [Relative Folder Path: "target/downloadedFiles/"]. @15-09-2021 10:21:50.0869 AM
[ReportManager] Attempting to run remotely on: [Linux-64], [GoogleChrome], [http://localhost:4444/wd/hub], Headless Execution. @15-09-2021 10:21:50.0869 AM
[ReportManager] Successfully Opened [GoogleChrome]. @15-09-2021 10:21:51.0046 AM
[ReportManager] Target URL: [https://the-internet.herokuapp.com/] @15-09-2021 10:21:51.0056 AM
[ReportManager] Initial URL: [data:,] @15-09-2021 10:21:51.0097 AM
[ReportManager] Browser Action [NavigateToURL] successfully performed. With the following test data [https://the-internet.herokuapp.com/]. @15-09-2021 10:21:51.0420 A

################################################################################################################################################
Starting Execution:	[87 out of 143] test cases in the current suite
Test Method:		[testPackage01.Test_NewValidationHelper.f19]
################################################################################################################################################
[ReportManager] Element Action [GetTagName] successfully performed. With the following test data [h1]. @15-09-2021 10:21:51.0487 AM
[ReportManager] Loaded Shared OpenCV @15-09-2021 10:21:51.0632 AM
[ReportManager] Assertion [ValidateElementAttribute] PASSED. Expected [Value Should be 'h' for the 'tagname' attribute, element locator 'By.tagName: h1'] and Actual [h1]. Comparison Type [CONTAINS]. Validation Type [POSITIVE]. @15-09-2021 10:21:51.0736 AM
[ReportManager] Successfully created attachment [Screenshot - 1631701311632_f19_ValidateElementAttribute_passed] @15-09-2021 10:21:51.0737 A
[ReportManager] Successfully Closed All Drivers. @15-09-2021 10:21:51.0814 A

################################################################################################################################################
Starting Execution:	[88 out of 143] test cases in the current suite
Test Method:		[testPackage01.Test_NewValidationHelper.f2]
################################################################################################################################################
[ReportManager] Assertion Failed: Checking valid user data @15-09-2021 10:21:51.0819 AM
[ReportManager] Assertion [ValidateEquals] FAILED. Expected [1] and Actual [2]. Comparison Type [EQUALS]. Validation Type [POSITIVE]. @15-09-2021 10:21:51.0819 A
[ReportManager] File Action [GetAbsolutePath] successfully performed. With the following test data [Relative Folder Path: "target/downloadedFiles/"]. @15-09-2021 10:21:51.0821 AM
[ReportManager] Attempting to run remotely on: [Linux-64], [GoogleChrome], [http://localhost:4444/wd/hub], Headless Execution. @15-09-2021 10:21:51.0821 AM
[ReportManager] Successfully Opened [GoogleChrome]. @15-09-2021 10:21:51.0997 AM
[ReportManager] Target URL: [https://the-internet.herokuapp.com/] @15-09-2021 10:21:52.0007 AM
[ReportManager] Initial URL: [data:,] @15-09-2021 10:21:52.0043 AM
[ReportManager] Browser Action [NavigateToURL] successfully performed. With the following test data [https://the-internet.herokuapp.com/]. @15-09-2021 10:21:52.0373 A

################################################################################################################################################
Starting Execution:	[89 out of 143] test cases in the current suite
Test Method:		[testPackage01.Test_NewValidationHelper.f20]
################################################################################################################################################
[ReportManager] Element Action [GetSize] successfully performed. With the following test data [(755, 61)]. @15-09-2021 10:21:52.0447 AM
[ReportManager] Loaded Shared OpenCV @15-09-2021 10:21:52.0580 AM
[ReportManager] Assertion [ValidateElementAttribute] PASSED. Expected [Value Should not be 'a' for the 'size' attribute, element locator 'By.tagName: h1'] and Actual [(755, 61)]. Comparison Type [CONTAINS]. Validation Type [NEGATIVE]. @15-09-2021 10:21:52.0663 AM
[ReportManager] Successfully created attachment [Screenshot - 1631701312580_f20_ValidateElementAttribute_passed] @15-09-2021 10:21:52.0665 A
[ReportManager] Successfully Closed All Drivers. @15-09-2021 10:21:52.0736 A
[ReportManager] File Action [GetAbsolutePath] successfully performed. With the following test data [Relative Folder Path: "target/downloadedFiles/"]. @15-09-2021 10:21:52.0738 AM
[ReportManager] Attempting to run remotely on: [Linux-64], [GoogleChrome], [http://localhost:4444/wd/hub], Headless Execution. @15-09-2021 10:21:52.0739 AM
[ReportManager] Successfully Opened [GoogleChrome]. @15-09-2021 10:21:52.0947 AM
[ReportManager] Target URL: [https://the-internet.herokuapp.com/] @15-09-2021 10:21:52.0957 AM
[ReportManager] Initial URL: [data:,] @15-09-2021 10:21:52.0995 AM
[ReportManager] Browser Action [NavigateToURL] successfully performed. With the following test data [https://the-internet.herokuapp.com/]. @15-09-2021 10:21:53.0336 A

################################################################################################################################################
Starting Execution:	[90 out of 143] test cases in the current suite
Test Method:		[testPackage01.Test_NewValidationHelper.f21]
################################################################################################################################################
[ReportManager] Element Action [IdentifyUniqueElement] failed. With the following test data [zero elements found matching this locator "By.tagName: h3".]. @15-09-2021 10:22:18.0911 AM
[ReportManager] Successfully created attachment [Screenshot - 1631701338845_f21_IdentifyUniqueElement_failed] @15-09-2021 10:22:18.0912 AM
[ReportManager] Assertion [ValidateElementAttribute] FAILED. Expected [Value Should be 'Welcome' for the 'text' attribute, element locator 'By.tagName: h3'] and Actual [Failed to read the desired element attribute]. Comparison Type [CONTAINS]. Validation Type [POSITIVE]. @15-09-2021 10:22:18.0912 A
[ReportManager] Successfully Closed All Drivers. @15-09-2021 10:22:18.0986 A
[ReportManager] File Action [GetAbsolutePath] successfully performed. With the following test data [Relative Folder Path: "target/downloadedFiles/"]. @15-09-2021 10:22:18.0989 AM
[ReportManager] Attempting to run remotely on: [Linux-64], [GoogleChrome], [http://localhost:4444/wd/hub], Headless Execution. @15-09-2021 10:22:18.0989 AM
[ReportManager] Successfully Opened [GoogleChrome]. @15-09-2021 10:22:19.0172 AM
[ReportManager] Target URL: [https://the-internet.herokuapp.com/] @15-09-2021 10:22:19.0185 AM
[ReportManager] Initial URL: [data:,] @15-09-2021 10:22:19.0222 AM
[ReportManager] Browser Action [NavigateToURL] successfully performed. With the following test data [https://the-internet.herokuapp.com/]. @15-09-2021 10:22:19.0556 A

################################################################################################################################################
Starting Execution:	[91 out of 143] test cases in the current suite
Test Method:		[testPackage01.Test_NewValidationHelper.f22]
################################################################################################################################################
[ReportManager] Element Action [GetText] successfully performed. With the following test data [Welcome to the-internet]. @15-09-2021 10:22:19.0641 AM
[ReportManager] Loaded Shared OpenCV @15-09-2021 10:22:19.0779 AM
[ReportManager] Assertion [ValidateElementAttribute] FAILED. Expected [Value Should be 'yyy' for the 'text' attribute, element locator 'By.tagName: h1'] and Actual [Welcome to the-internet]. Comparison Type [CONTAINS]. Validation Type [POSITIVE]. @15-09-2021 10:22:19.0865 AM
[ReportManager] Successfully created attachment [Screenshot - 1631701339779_f22_ValidateElementAttribute_failed] @15-09-2021 10:22:19.0866 A
[ReportManager] Successfully Closed All Drivers. @15-09-2021 10:22:19.0987 A

################################################################################################################################################
Starting Execution:	[92 out of 143] test cases in the current suite
Test Method:		[testPackage01.Test_NewValidationHelper.f23]
################################################################################################################################################
[ReportManager] Assertion Passed: confirming that the actual is greater than or equal to the expected @15-09-2021 10:22:19.0990 AM
[ReportManager] Assertion [ValidateComparativeRelation] PASSED. Expected [1] and Actual [1]. Comparison Type [GREATER_THAN_OR_EQUALS]. Validation Type [POSITIVE]. @15-09-2021 10:22:19.0990 A

################################################################################################################################################
Starting Execution:	[93 out of 143] test cases in the current suite
Test Method:		[testPackage01.Test_NewValidationHelper.f24]
################################################################################################################################################
[ReportManager] Assertion [ValidateComparativeRelation] PASSED. Expected [1] and Actual [10]. Comparison Type [GREATER_THAN_OR_EQUALS]. Validation Type [POSITIVE]. @15-09-2021 10:22:19.0992 A

################################################################################################################################################
Starting Execution:	[94 out of 143] test cases in the current suite
Test Method:		[testPackage01.Test_NewValidationHelper.f25]
################################################################################################################################################
[ReportManager] Assertion [ValidateComparativeRelation] PASSED. Expected [1] and Actual [1]. Comparison Type [EQUALS]. Validation Type [POSITIVE]. @15-09-2021 10:22:19.0995 A

################################################################################################################################################
Starting Execution:	[95 out of 143] test cases in the current suite
Test Method:		[testPackage01.Test_NewValidationHelper.f26]
################################################################################################################################################
[ReportManager] Assertion [ValidateComparativeRelation] PASSED. Expected [1] and Actual [5]. Comparison Type [GREATER_THAN]. Validation Type [POSITIVE]. @15-09-2021 10:22:19.0998 A

################################################################################################################################################
Starting Execution:	[96 out of 143] test cases in the current suite
Test Method:		[testPackage01.Test_NewValidationHelper.f27]
################################################################################################################################################
[ReportManager] Assertion [ValidateComparativeRelation] PASSED. Expected [11] and Actual [5]. Comparison Type [LESS_THAN]. Validation Type [POSITIVE]. @15-09-2021 10:22:20.0001 A

################################################################################################################################################
Starting Execution:	[97 out of 143] test cases in the current suite
Test Method:		[testPackage01.Test_NewValidationHelper.f28]
################################################################################################################################################
[ReportManager] Assertion [ValidateComparativeRelation] PASSED. Expected [11] and Actual [5]. Comparison Type [LESS_THAN_OR_EQUALS]. Validation Type [POSITIVE]. @15-09-2021 10:22:20.0003 A

################################################################################################################################################
Starting Execution:	[98 out of 143] test cases in the current suite
Test Method:		[testPackage01.Test_NewValidationHelper.f29]
################################################################################################################################################
[ReportManager] Assertion [ValidateComparativeRelation] PASSED. Expected [11] and Actual [11]. Comparison Type [LESS_THAN_OR_EQUALS]. Validation Type [POSITIVE]. @15-09-2021 10:22:20.0006 A

################################################################################################################################################
Starting Execution:	[99 out of 143] test cases in the current suite
Test Method:		[testPackage01.Test_NewValidationHelper.f3]
################################################################################################################################################
[ReportManager] Assertion [ValidateEquals] PASSED. Expected [1] and Actual [2]. Comparison Type [EQUALS]. Validation Type [NEGATIVE]. @15-09-2021 10:22:20.0008 A

################################################################################################################################################
Starting Execution:	[100 out of 143] test cases in the current suite
Test Method:		[testPackage01.Test_NewValidationHelper.f30]
################################################################################################################################################
[ReportManager] Assertion [ValidateComparativeRelation] FAILED. Expected [-9] and Actual [11]. Comparison Type [LESS_THAN_OR_EQUALS]. Validation Type [POSITIVE]. @15-09-2021 10:22:20.0010 A

################################################################################################################################################
Starting Execution:	[101 out of 143] test cases in the current suite
Test Method:		[testPackage01.Test_NewValidationHelper.f31]
################################################################################################################################################
[ReportManager] Assertion [ValidateTrue] PASSED. Expected [TRUE] and Actual [TRUE]. Validation Type [POSITIVE]. @15-09-2021 10:22:20.0015 A

################################################################################################################################################
Starting Execution:	[102 out of 143] test cases in the current suite
Test Method:		[testPackage01.Test_NewValidationHelper.f32]
################################################################################################################################################
[ReportManager] Assertion [ValidateTrue] PASSED. Expected [FALSE] and Actual [FALSE]. Validation Type [NEGATIVE]. @15-09-2021 10:22:20.0017 A

################################################################################################################################################
Starting Execution:	[103 out of 143] test cases in the current suite
Test Method:		[testPackage01.Test_NewValidationHelper.f33]
################################################################################################################################################
[ReportManager] Assertion [ValidateTrue] FAILED. Expected [FALSE] and Actual [TRUE]. Validation Type [NEGATIVE]. @15-09-2021 10:22:20.0020 A

################################################################################################################################################
Starting Execution:	[104 out of 143] test cases in the current suite
Test Method:		[testPackage01.Test_NewValidationHelper.f34]
################################################################################################################################################
[ReportManager] Assertion [ValidateTrue] FAILED. Expected [TRUE] and Actual [FALSE]. Validation Type [POSITIVE]. @15-09-2021 10:22:20.0022 A

################################################################################################################################################
Starting Execution:	[105 out of 143] test cases in the current suite
Test Method:		[testPackage01.Test_NewValidationHelper.f35]
################################################################################################################################################
[ReportManager] File Action [DoesFileExist] successfully performed. With the following test data [File Path: "pom.xml"]. @15-09-2021 10:22:20.0024 AM
[ReportManager] Assertion [ValidateFileExists] PASSED. Expected [File 'pom.xml' should exist, after up to '1' retries] and Actual [File exists]. Validation Type [POSITIVE]. @15-09-2021 10:22:20.0024 A

################################################################################################################################################
Starting Execution:	[106 out of 143] test cases in the current suite
Test Method:		[testPackage01.Test_NewValidationHelper.f36]
################################################################################################################################################
[ReportManager] File Action [DoesFileExist] successfully performed. With the following test data [File Path: "src/test/java/testPackage01/Test_NewValidationHelper.java"]. @15-09-2021 10:22:20.0026 AM
[ReportManager] Assertion [ValidateFileExists] PASSED. Expected [File 'src/test/java/testPackage01/Test_NewValidationHelper.java' should exist, after up to '1' retries] and Actual [File exists]. Validation Type [POSITIVE]. @15-09-2021 10:22:20.0027 A

################################################################################################################################################
Starting Execution:	[107 out of 143] test cases in the current suite
Test Method:		[testPackage01.Test_NewValidationHelper.f37]
################################################################################################################################################
[ReportManager] File Action [DoesFileExist] successfully performed. With the following test data [File Path: "pom.xml"]. @15-09-2021 10:22:20.0029 AM
[ReportManager] Assertion Failed: confirming that the file does't exist after 5 retries @15-09-2021 10:22:20.0029 AM
[ReportManager] Assertion [ValidateFileExists] FAILED. Expected [File 'pom.xml' should not exist, after up to '5' retries] and Actual [File exists]. Validation Type [NEGATIVE]. @15-09-2021 10:22:20.0029 A

################################################################################################################################################
Starting Execution:	[108 out of 143] test cases in the current suite
Test Method:		[testPackage01.Test_NewValidationHelper.f3_1]
################################################################################################################################################
[ReportManager] Assertion Passed: Checking valid user data @15-09-2021 10:22:20.0031 AM
[ReportManager] Assertion [ValidateEquals] PASSED. Expected [null] and Actual [null]. Comparison Type [EQUALS]. Validation Type [POSITIVE]. @15-09-2021 10:22:20.0031 A

################################################################################################################################################
Starting Execution:	[109 out of 143] test cases in the current suite
Test Method:		[testPackage01.Test_NewValidationHelper.f4]
################################################################################################################################################
[ReportManager] Assertion [ValidateEquals] PASSED. Expected [1] and Actual [123]. Comparison Type [CONTAINS]. Validation Type [POSITIVE]. @15-09-2021 10:22:20.0033 A

################################################################################################################################################
Starting Execution:	[110 out of 143] test cases in the current suite
Test Method:		[testPackage01.Test_NewValidationHelper.f5]
################################################################################################################################################
[ReportManager] Assertion [ValidateNull] PASSED. Expected [NULL] and Actual [1]. Comparison Type [EQUALS]. Validation Type [NEGATIVE]. @15-09-2021 10:22:20.0035 A

################################################################################################################################################
Starting Execution:	[111 out of 143] test cases in the current suite
Test Method:		[testPackage01.Test_NewValidationHelper.f6]
################################################################################################################################################
[ReportManager] Assertion Failed: Making sure that null string is not equal to null object @15-09-2021 10:22:20.0037 AM
[ReportManager] Assertion [ValidateNull] FAILED. Expected [NULL] and Actual [NULL]. Comparison Type [EQUALS]. Validation Type [POSITIVE]. @15-09-2021 10:22:20.0037 A

################################################################################################################################################
Starting Execution:	[112 out of 143] test cases in the current suite
Test Method:		[testPackage01.Test_NewValidationHelper.f6_1]
################################################################################################################################################
[ReportManager] Assertion [ValidateNull] FAILED. Expected [NULL] and Actual [NULL]. Comparison Type [EQUALS]. Validation Type [NEGATIVE]. @15-09-2021 10:22:20.0040 A

################################################################################################################################################
Starting Execution:	[113 out of 143] test cases in the current suite
Test Method:		[testPackage01.Test_NewValidationHelper.f6_2]
################################################################################################################################################
[ReportManager] Assertion Failed: Making sure that null string is not equal to null object @15-09-2021 10:22:20.0042 AM
[ReportManager] Assertion [ValidateNull] FAILED. Expected [NULL] and Actual [not null]. Comparison Type [EQUALS]. Validation Type [POSITIVE]. @15-09-2021 10:22:20.0042 A

################################################################################################################################################
Starting Execution:	[114 out of 143] test cases in the current suite
Test Method:		[testPackage01.Test_NewValidationHelper.f7]
################################################################################################################################################
[ReportManager] Assertion [ValidateNull] PASSED. Expected [NULL] and Actual [NULL]. Comparison Type [EQUALS]. Validation Type [POSITIVE]. @15-09-2021 10:22:20.0046 A
[ReportManager] File Action [GetAbsolutePath] successfully performed. With the following test data [Relative Folder Path: "target/downloadedFiles/"]. @15-09-2021 10:22:20.0048 AM
[ReportManager] Attempting to run remotely on: [Linux-64], [GoogleChrome], [http://localhost:4444/wd/hub], Headless Execution. @15-09-2021 10:22:20.0048 AM
[ReportManager] Successfully Opened [GoogleChrome]. @15-09-2021 10:22:20.0229 AM
[ReportManager] Target URL: [https://the-internet.herokuapp.com/] @15-09-2021 10:22:20.0239 AM
[ReportManager] Initial URL: [data:,] @15-09-2021 10:22:20.0279 AM
[ReportManager] Browser Action [NavigateToURL] successfully performed. With the following test data [https://the-internet.herokuapp.com/]. @15-09-2021 10:22:20.0612 A

################################################################################################################################################
Starting Execution:	[115 out of 143] test cases in the current suite
Test Method:		[testPackage01.Test_NewValidationHelper.f8]
################################################################################################################################################
[ReportManager] Loaded Shared OpenCV @15-09-2021 10:22:20.0793 AM
[ReportManager] Assertion [ValidateElementExists] PASSED. Expected [Element Should Exist, locator 'By.tagName: h1'] and Actual [Element Exists]. Comparison Type [EQUALS]. Validation Type [POSITIVE]. @15-09-2021 10:22:20.0876 AM
[ReportManager] Successfully created attachment [Screenshot - 1631701340793_f8_ValidateElementExists_passed] @15-09-2021 10:22:20.0877 A
[ReportManager] Successfully Closed All Drivers. @15-09-2021 10:22:20.0950 A
[ReportManager] File Action [GetAbsolutePath] successfully performed. With the following test data [Relative Folder Path: "target/downloadedFiles/"]. @15-09-2021 10:22:20.0954 AM
[ReportManager] Attempting to run remotely on: [Linux-64], [GoogleChrome], [http://localhost:4444/wd/hub], Headless Execution. @15-09-2021 10:22:20.0955 AM
[ReportManager] Successfully Opened [GoogleChrome]. @15-09-2021 10:22:21.0123 AM
[ReportManager] Target URL: [https://the-internet.herokuapp.com/] @15-09-2021 10:22:21.0140 AM
[ReportManager] Initial URL: [data:,] @15-09-2021 10:22:21.0182 AM
[ReportManager] Browser Action [NavigateToURL] successfully performed. With the following test data [https://the-internet.herokuapp.com/]. @15-09-2021 10:22:21.0505 A

################################################################################################################################################
Starting Execution:	[116 out of 143] test cases in the current suite
Test Method:		[testPackage01.Test_NewValidationHelper.f9]
################################################################################################################################################
[ReportManager] Assertion [ValidateElementExists] FAILED. Expected [Element Should Exist, locator 'By.tagName: h3'] and Actual [Element Doesn't Exists]. Comparison Type [EQUALS]. Validation Type [POSITIVE]. @15-09-2021 10:22:52.0196 AM
[ReportManager] Successfully created attachment [Screenshot - 1631701372129_f9_ValidateElementExists_failed] @15-09-2021 10:22:52.0197 A
[ReportManager] Successfully Closed All Drivers. @15-09-2021 10:22:52.0268 A

################################################################################################################################################
Starting Execution:	[117 out of 143] test cases in the current suite
Test Method:		[testPackage01.Test_NewValidationHelper.forceFail]
################################################################################################################################################
[ReportManager] Assertion [ValidateFail] FAILED. Successfully force failed the test. @15-09-2021 10:22:52.0272 A

################################################################################################################################################
Starting Execution:	[118 out of 143] test cases in the current suite
Test Method:		[testPackage01.Test_NewValidationHelper.forceFail2]
################################################################################################################################################
[ReportManager] Assertion Failed: Custom Message @15-09-2021 10:22:52.0276 AM
[ReportManager] Assertion [ValidateFail] FAILED. Successfully force failed the test. @15-09-2021 10:22:52.0276 A

################################################################################################################################################
Starting Execution:	[119 out of 143] test cases in the current suite
Test Method:		[testPackage01.Test_sendGraphqlRequest.sendGraphqlRequestUsingMutationAndVariables]
################################################################################################################################################
[ReportManager] GraphQl Request is being Performed with the Following Parameters [Service URL: https://api.spacex.land/graphql | Request Body: {"variables":"{\"name\": \"sherlock holmes\",\"rocket\": \"221B Baker Street\"}","query":"mutation ($name: String, $rocket: String) {\n  insert_users(objects: {name: $name, rocket: $rocket}) {\n    returning {\n      name\n      rocket\n    }\n  }\n}"}] @15-09-2021 10:22:52.0279 AM
[ReportManager] Response status code: [200], status line: [HTTP/1.1 200 OK] @15-09-2021 10:22:52.0467 AM
[ReportManager] Assertion Passed: Evaluating the actual response status code against the expected one... @15-09-2021 10:22:52.0467 AM
[ReportManager] Assertion [ValidateEquals] PASSED. Expected [200] and Actual [200]. Comparison Type [EQUALS]. Validation Type [POSITIVE]. @15-09-2021 10:22:52.0467 AM
[ReportManager] API Action [PerformRequest] successfully performed. With the following test data [Request Type: "POST" | Target Status Code: "200" | Service URL: "https://api.spacex.land/graphql" | Content Type: "application/json" | Response Time: "139ms"]. @15-09-2021 10:22:52.0479 AM
[ReportManager] Successfully created attachment [API Request - Specifications] @15-09-2021 10:22:52.0479 AM
[ReportManager] Successfully created attachment [API Request - JSON Body] @15-09-2021 10:22:52.0480 AM
[ReportManager] Successfully created attachment [API Response - JSON Body] @15-09-2021 10:22:52.0480 AM
[ReportManager] API Action [GetResponseJSONValue] successfully performed. With the following test data [data.insert_users.returning[0].name]. @15-09-2021 10:22:52.0542 AM
[ReportManager] Assertion [ValidateEquals] PASSED. Expected [sherlock holmes] and Actual [sherlock holmes]. Comparison Type [EQUALS]. Validation Type [POSITIVE]. @15-09-2021 10:22:52.0542 A

################################################################################################################################################
Starting Execution:	[120 out of 143] test cases in the current suite
Test Method:		[testPackage01.Test_sendGraphqlRequest.sendGraphqlRequestUsingQuery]
################################################################################################################################################
[ReportManager] GraphQl Request is being Performed with the Following Parameters [Service URL: https://api.spacex.land/graphql | Request Body: {"query":"{company {ceo}}"}] @15-09-2021 10:22:52.0550 AM
[ReportManager] Response status code: [200], status line: [HTTP/1.1 200 OK] @15-09-2021 10:22:52.0614 AM
[ReportManager] Assertion Passed: Evaluating the actual response status code against the expected one... @15-09-2021 10:22:52.0615 AM
[ReportManager] Assertion [ValidateEquals] PASSED. Expected [200] and Actual [200]. Comparison Type [EQUALS]. Validation Type [POSITIVE]. @15-09-2021 10:22:52.0615 AM
[ReportManager] API Action [PerformRequest] successfully performed. With the following test data [Request Type: "POST" | Target Status Code: "200" | Service URL: "https://api.spacex.land/graphql" | Content Type: "application/json" | Response Time: "60ms"]. @15-09-2021 10:22:52.0627 AM
[ReportManager] Successfully created attachment [API Request - Specifications] @15-09-2021 10:22:52.0627 AM
[ReportManager] Successfully created attachment [API Request - JSON Body] @15-09-2021 10:22:52.0627 AM
[ReportManager] Successfully created attachment [API Response - JSON Body] @15-09-2021 10:22:52.0628 AM
[ReportManager] API Action [GetResponseJSONValue] successfully performed. With the following test data [data.company.ceo]. @15-09-2021 10:22:52.0637 AM
[ReportManager] Assertion [ValidateEquals] PASSED. Expected [Elon Musk] and Actual [Elon Musk]. Comparison Type [EQUALS]. Validation Type [POSITIVE]. @15-09-2021 10:22:52.0637 A

################################################################################################################################################
Starting Execution:	[121 out of 143] test cases in the current suite
Test Method:		[testPackage01.Test_JsonCompareWithSpecialCharacters.specialCharacters]
################################################################################################################################################
[ReportManager] File Action [GetAbsolutePath] successfully performed. With the following test data [Relative Folder Path: "src/test/resources/TestJsonFiles/specialCharacters.json"]. @15-09-2021 10:22:52.0643 AM
[ReportManager] File Action [ReadFromFile] successfully performed. With the following test data [File Path: "/home/runner/work/SHAFT_ENGINE/SHAFT_ENGINE/src/test/resources/TestJsonFiles/specialCharacters.json"]. @15-09-2021 10:22:52.0649 AM
[ReportManager] Successfully created attachment [File Action Actual Result - Command Log] @15-09-2021 10:22:52.0650 AM
[ReportManager] Comparing the provided API response with the file at this path "src/test/resources/TestJsonFiles/specialCharacters.json", comparison type "EQUALS" @15-09-2021 10:22:52.0650 AM
[ReportManager] API Action [CompareJSON] successfully performed. With the following test data [src/test/resources/TestJsonFiles/specialCharacters.json]. @15-09-2021 10:22:52.0660 AM
[ReportManager] File Action [GetAbsolutePath] successfully performed. With the following test data [Relative Folder Path: "src/test/resources/TestJsonFiles/specialCharacters.json"]. @15-09-2021 10:22:52.0660 AM
[ReportManager] File Action [ReadFromFile] successfully performed. With the following test data [File Path: "/home/runner/work/SHAFT_ENGINE/SHAFT_ENGINE/src/test/resources/TestJsonFiles/specialCharacters.json"]. @15-09-2021 10:22:52.0660 AM
[ReportManager] Verification [ValidateJSONFileContent] PASSED. Expected [Response data should match the JSON File in this path 'src/test/resources/TestJsonFiles/specialCharacters.json'] and Actual [TRUE]. Comparison Type [EQUALS]. Validation Type [POSITIVE]. @15-09-2021 10:22:52.0664 AM
[ReportManager] Successfully created attachment [Validation Test Data - Expected JSON Value] @15-09-2021 10:22:52.0665 AM
[ReportManager] Successfully created attachment [Validation Test Data - Actual JSON Value] @15-09-2021 10:22:52.0665 A

################################################################################################################################################
Starting Execution:	[122 out of 143] test cases in the current suite
Test Method:		[testPackage01.Test_JsonCompareWithSpecialCharacters.specialCharacters_assertion]
################################################################################################################################################
[ReportManager] File Action [GetAbsolutePath] successfully performed. With the following test data [Relative Folder Path: "src/test/resources/TestJsonFiles/specialCharacters.json"]. @15-09-2021 10:22:52.0680 AM
[ReportManager] File Action [ReadFromFile] successfully performed. With the following test data [File Path: "/home/runner/work/SHAFT_ENGINE/SHAFT_ENGINE/src/test/resources/TestJsonFiles/specialCharacters.json"]. @15-09-2021 10:22:52.0681 AM
[ReportManager] Successfully created attachment [File Action Actual Result - Command Log] @15-09-2021 10:22:52.0681 AM
[ReportManager] Comparing the provided API response with the file at this path "src/test/resources/TestJsonFiles/specialCharacters.json", comparison type "CONTAINS" @15-09-2021 10:22:52.0681 AM
[ReportManager] API Action [CompareJSON] successfully performed. With the following test data [src/test/resources/TestJsonFiles/specialCharacters.json]. @15-09-2021 10:22:52.0698 AM
[ReportManager] File Action [GetAbsolutePath] successfully performed. With the following test data [Relative Folder Path: "src/test/resources/TestJsonFiles/specialCharacters.json"]. @15-09-2021 10:22:52.0698 AM
[ReportManager] File Action [ReadFromFile] successfully performed. With the following test data [File Path: "/home/runner/work/SHAFT_ENGINE/SHAFT_ENGINE/src/test/resources/TestJsonFiles/specialCharacters.json"]. @15-09-2021 10:22:52.0698 AM
[ReportManager] Assertion Passed: trying out the log message @15-09-2021 10:22:52.0701 AM
[ReportManager] Successfully created attachment [Validation Test Data - Expected JSON Value] @15-09-2021 10:22:52.0702 AM
[ReportManager] Successfully created attachment [Validation Test Data - Actual JSON Value] @15-09-2021 10:22:52.0702 AM
[ReportManager] Assertion [ValidateJSONFileContent] PASSED. Expected [Response data should match the JSON File in this path 'src/test/resources/TestJsonFiles/specialCharacters.json'] and Actual [TRUE]. Comparison Type [CONTAINS]. Validation Type [POSITIVE]. @15-09-2021 10:22:52.0702 A

################################################################################################################################################
Starting Execution:	[123 out of 143] test cases in the current suite
Test Method:		[testPackage01.Test_JsonActions.f]
###############################################################################################################################################

################################################################################################################################################
Starting Execution:	[124 out of 143] test cases in the current suite
Test Method:		[testPackage01.Test_JsonActions.f2]
###############################################################################################################################################
[ReportManager] File Action [GetAbsolutePath] successfully performed. With the following test data [Relative Folder Path: "target/downloadedFiles/"]. @15-09-2021 10:22:52.0718 AM
[ReportManager] Attempting to run remotely on: [Linux-64], [GoogleChrome], [http://localhost:4444/wd/hub], Headless Execution. @15-09-2021 10:22:52.0719 AM
[ReportManager] Successfully Opened [GoogleChrome]. @15-09-2021 10:22:52.0998 A

################################################################################################################################################
Starting Execution:	[125 out of 143] test cases in the current suite
Test Method:		[testPackage01.Test_dynamicLoading.dynamicLoading_elementIsHidden]
################################################################################################################################################
[ReportManager] Target URL: [https://the-internet.herokuapp.com/dynamic_loading/1] @15-09-2021 10:22:53.0013 AM
[ReportManager] Initial URL: [data:,] @15-09-2021 10:22:53.0051 AM
[ReportManager] Browser Action [NavigateToURL] successfully performed. With the following test data [https://the-internet.herokuapp.com/dynamic_loading/1]. @15-09-2021 10:22:53.0369 AM
[ReportManager] Element Action [Click] successfully performed. With the following test data [Start]. @15-09-2021 10:22:53.0657 AM
[ReportManager] Element Action [GetText] successfully performed. With the following test data [
    Hello World!
  ]. @15-09-2021 10:22:53.0756 AM
[ReportManager] Loaded Shared OpenCV @15-09-2021 10:22:53.0897 AM
[ReportManager] Assertion [ValidateElementAttribute] PASSED. Expected [Value Should be 'Hello World!' for the 'text' attribute, element locator 'By.id: finish'] and Actual [
    Hello World!
  ]. Comparison Type [CONTAINS]. Validation Type [POSITIVE]. @15-09-2021 10:22:53.0978 AM
[ReportManager] Successfully created attachment [Screenshot - 1631701373897_dynamicLoading_elementIsHidden_ValidateElementAttribute_passed] @15-09-2021 10:22:53.0978 A
[ReportManager] Browser Action [CloseCurrentWindow] successfully performed. @15-09-2021 10:22:54.0065 AM
[ReportManager] Successfully created attachment [Browser Action Test Data - CloseCurrentWindow - Actual Value] @15-09-2021 10:22:54.0066 A
[ReportManager] File Action [GetAbsolutePath] successfully performed. With the following test data [Relative Folder Path: "target/downloadedFiles/"]. @15-09-2021 10:22:54.0067 AM
[ReportManager] Attempting to run remotely on: [Linux-64], [GoogleChrome], [http://localhost:4444/wd/hub], Headless Execution. @15-09-2021 10:22:54.0067 AM
[ReportManager] Successfully Opened [GoogleChrome]. @15-09-2021 10:22:54.0248 A

################################################################################################################################################
Starting Execution:	[126 out of 143] test cases in the current suite
Test Method:		[testPackage01.Test_dynamicLoading.dynamicLoading_elementIsRendered]
################################################################################################################################################
[ReportManager] Target URL: [https://the-internet.herokuapp.com/dynamic_loading/2] @15-09-2021 10:22:54.0263 AM
[ReportManager] Initial URL: [data:,] @15-09-2021 10:22:54.0300 AM
[ReportManager] Browser Action [NavigateToURL] successfully performed. With the following test data [https://the-internet.herokuapp.com/dynamic_loading/2]. @15-09-2021 10:22:54.0621 AM
[ReportManager] Element Action [Click] successfully performed. With the following test data [Start]. @15-09-2021 10:22:54.0901 AM
[ReportManager] Element Action [GetText] successfully performed. With the following test data [Hello World!]. @15-09-2021 10:23:00.0080 AM
[ReportManager] Loaded Shared OpenCV @15-09-2021 10:23:00.0214 AM
[ReportManager] Assertion [ValidateElementAttribute] PASSED. Expected [Value Should be 'Hello World!' for the 'text' attribute, element locator 'By.id: finish'] and Actual [Hello World!]. Comparison Type [CONTAINS]. Validation Type [POSITIVE]. @15-09-2021 10:23:00.0294 AM
[ReportManager] Successfully created attachment [Screenshot - 1631701380214_dynamicLoading_elementIsRendered_ValidateElementAttribute_passed] @15-09-2021 10:23:00.0295 A
[ReportManager] Browser Action [CloseCurrentWindow] successfully performed. @15-09-2021 10:23:00.0383 AM
[ReportManager] Successfully created attachment [Browser Action Test Data - CloseCurrentWindow - Actual Value] @15-09-2021 10:23:00.0383 A

################################################################################################################################################
Starting Execution:	[127 out of 143] test cases in the current suite
Test Method:		[testPackage01.Test_chainableElementActions.chainElementActions]
################################################################################################################################################
[ReportManager] File Action [GetAbsolutePath] successfully performed. With the following test data [Relative Folder Path: "target/downloadedFiles/"]. @15-09-2021 10:23:00.0387 AM
[ReportManager] Attempting to run remotely on: [Linux-64], [GoogleChrome], [http://localhost:4444/wd/hub], Headless Execution. @15-09-2021 10:23:00.0387 AM
[ReportManager] Successfully Opened [GoogleChrome]. @15-09-2021 10:23:00.0582 AM
[ReportManager] Target URL: [https://www.google.com/ncr], and after redirection: [https://www.google.com] @15-09-2021 10:23:00.0593 AM
[ReportManager] Initial URL: [data:,] @15-09-2021 10:23:00.0630 AM
[ReportManager] Browser Action [NavigateToURL] successfully performed. With the following test data [https://www.google.com/ncr]. @15-09-2021 10:23:01.0420 AM
[ReportManager] Element Action [Type] successfully performed. With the following test data [chained type 1]. @15-09-2021 10:23:01.0714 AM
[ReportManager] Element Action [Type] successfully performed. With the following test data [chained type 2]. @15-09-2021 10:23:02.0011 AM
[ReportManager] Element Action [TypeAppend] successfully performed. With the following test data [345]. @15-09-2021 10:23:02.0088 AM
[ReportManager] Element Action [GetText] successfully performed. With the following test data [chained type 2345]. @15-09-2021 10:23:02.0207 AM
[ReportManager] Loaded Shared OpenCV @15-09-2021 10:23:02.0357 AM
[ReportManager] Assertion [ValidateElementAttribute] PASSED. Expected [Value Should be 'chained type 2345' for the 'text' attribute, element locator 'By.name: q'] and Actual [chained type 2345]. Comparison Type [EQUALS]. Validation Type [POSITIVE]. @15-09-2021 10:23:02.0439 AM
[ReportManager] Successfully created attachment [Screenshot - 1631701382357_chainElementActions_ValidateElementAttribute_passed] @15-09-2021 10:23:02.0440 AM
[ReportManager] Browser Action [CloseCurrentWindow] successfully performed. @15-09-2021 10:23:02.0563 AM
[ReportManager] Successfully created attachment [Browser Action Test Data - CloseCurrentWindow - Actual Value] @15-09-2021 10:23:02.0565 A
[ReportManager] File Action [GetAbsolutePath] successfully performed. With the following test data [Relative Folder Path: "target/downloadedFiles/"]. @15-09-2021 10:23:02.0568 AM
[ReportManager] Attempting to run remotely on: [Linux-64], [GoogleChrome], [http://localhost:4444/wd/hub], Headless Execution. @15-09-2021 10:23:02.0568 AM
[ReportManager] Successfully Opened [GoogleChrome]. @15-09-2021 10:23:02.0779 A

################################################################################################################################################
Starting Execution:	[128 out of 143] test cases in the current suite
Test Method:		[testPackage01.Test_dragAndDrop.dragAndDropJquery]
################################################################################################################################################
[ReportManager] Target URL: [https://jqueryui.com/resources/demos/droppable/default.html] @15-09-2021 10:23:02.0793 AM
[ReportManager] Initial URL: [data:,] @15-09-2021 10:23:02.0827 AM
[ReportManager] Browser Action [NavigateToURL] successfully performed. With the following test data [https://jqueryui.com/resources/demos/droppable/default.html]. @15-09-2021 10:23:03.0126 AM
[ReportManager] Element Action [GetText] successfully performed. With the following test data [Drop here]. @15-09-2021 10:23:03.0196 AM
[ReportManager] Element Action [DragAndDrop] successfully performed. With the following test data [Start point: (8, 18), End point: (8, 18)]. @15-09-2021 10:23:04.0504 AM
[ReportManager] Element Action [GetText] successfully performed. With the following test data [Dropped!]. @15-09-2021 10:23:04.0561 AM
[ReportManager] Assertion Passed: Checking to see if the text has changed after performing drag and drop @15-09-2021 10:23:04.0561 AM
[ReportManager] Assertion [ValidateEquals] PASSED. Expected [Drop here] and Actual [Dropped!]. Comparison Type [EQUALS]. Validation Type [NEGATIVE]. @15-09-2021 10:23:04.0561 A
[ReportManager] Browser Action [CloseCurrentWindow] successfully performed. @15-09-2021 10:23:04.0663 AM
[ReportManager] Successfully created attachment [Browser Action Test Data - CloseCurrentWindow - Actual Value] @15-09-2021 10:23:04.0663 A
[ReportManager] File Action [GetAbsolutePath] successfully performed. With the following test data [Relative Folder Path: "target/downloadedFiles/"]. @15-09-2021 10:23:04.0675 AM
[ReportManager] Attempting to run remotely on: [Linux-64], [GoogleChrome], [http://localhost:4444/wd/hub], Headless Execution. @15-09-2021 10:23:04.0675 AM
[ReportManager] Successfully Opened [GoogleChrome]. @15-09-2021 10:23:04.0854 A

################################################################################################################################################
Starting Execution:	[129 out of 143] test cases in the current suite
Test Method:		[testPackage01.Test_dragAndDrop.dragAndDrop]
Test Description:	[TC001 - Test Drag and Drop function.]
################################################################################################################################################
[ReportManager] Target URL: [http://the-internet.herokuapp.com/drag_and_drop] @15-09-2021 10:23:04.0883 AM
[ReportManager] Initial URL: [data:,] @15-09-2021 10:23:04.0919 AM
[ReportManager] Browser Action [NavigateToURL] successfully performed. With the following test data [http://the-internet.herokuapp.com/drag_and_drop]. @15-09-2021 10:23:05.0223 AM
[ReportManager] Attempting Drag and Drop @15-09-2021 10:23:05.0223 AM
[ReportManager] Element Action [DragAndDrop] successfully performed. With the following test data [Start point: (32, 89), End point: (247, 89)]. @15-09-2021 10:23:06.0417 A
[ReportManager] Browser Action [CloseCurrentWindow] successfully performed. @15-09-2021 10:23:06.0507 AM
[ReportManager] Successfully created attachment [Browser Action Test Data - CloseCurrentWindow - Actual Value] @15-09-2021 10:23:06.0507 A
[ReportManager] File Action [GetAbsolutePath] successfully performed. With the following test data [Relative Folder Path: "target/downloadedFiles/"]. @15-09-2021 10:23:06.0509 AM
[ReportManager] Attempting to run remotely on: [Linux-64], [GoogleChrome], [http://localhost:4444/wd/hub], Headless Execution. @15-09-2021 10:23:06.0509 AM
[ReportManager] Successfully Opened [GoogleChrome]. @15-09-2021 10:23:06.0695 A

################################################################################################################################################
Starting Execution:	[130 out of 143] test cases in the current suite
Test Method:		[testPackage01.Test_dragAndDrop.dragAndDropByOffset]
Test Description:	[TC002 - Test Drag and Drop by offset function.]
################################################################################################################################################
[ReportManager] Target URL: [https://jqueryui.com/resources/demos/draggable/default.html] @15-09-2021 10:23:06.0715 AM
[ReportManager] Initial URL: [data:,] @15-09-2021 10:23:06.0752 AM
[ReportManager] Browser Action [NavigateToURL] successfully performed. With the following test data [https://jqueryui.com/resources/demos/draggable/default.html]. @15-09-2021 10:23:07.0027 AM
[ReportManager] Element Action [DragAndDropByOffset] successfully performed. With the following test data [Start point: (8, 8), End point: (108, 58)]. @15-09-2021 10:23:07.0177 A
[ReportManager] Browser Action [CloseCurrentWindow] successfully performed. @15-09-2021 10:23:07.0271 AM
[ReportManager] Successfully created attachment [Browser Action Test Data - CloseCurrentWindow - Actual Value] @15-09-2021 10:23:07.0272 A

################################################################################################################################################
Starting Execution:	[131 out of 143] test cases in the current suite
Test Method:		[testPackage01.Test_AssertApiResponseEquals.assertApiResponseEquals_expectedToPass]
################################################################################################################################################
[ReportManager] Response status code: [200], status line: [HTTP/1.1 200 OK] @15-09-2021 10:23:07.0324 AM
[ReportManager] Assertion Passed: Evaluating the actual response status code against the expected one... @15-09-2021 10:23:07.0324 AM
[ReportManager] Assertion [ValidateEquals] PASSED. Expected [200] and Actual [200]. Comparison Type [EQUALS]. Validation Type [POSITIVE]. @15-09-2021 10:23:07.0324 AM
[ReportManager] API Action [PerformRequest] successfully performed. With the following test data [Request Type: "GET" | Target Status Code: "200" | Service URL: "https://jsonplaceholder.typicode.com/users" | Content Type: "*/*" | Response Time: "42ms"]. @15-09-2021 10:23:07.0343 AM
[ReportManager] Successfully created attachment [API Request - Specifications] @15-09-2021 10:23:07.0344 AM
[ReportManager] Successfully created attachment [API Response - JSON Body] @15-09-2021 10:23:07.0344 AM
[ReportManager] API Action [GetResponseJSONValueAsList] successfully performed. With the following test data [$]. @15-09-2021 10:23:07.0347 AM
[ReportManager] API Action [GetResponseJSONValue] successfully performed. With the following test data [name]. @15-09-2021 10:23:07.0357 AM
[ReportManager] API Action [GetResponseJSONValue] successfully performed. With the following test data [email]. @15-09-2021 10:23:07.0364 AM
[ReportManager] Verification [ValidateEquals] PASSED. Expected [Sincere@april.biz] and Actual [Sincere@april.biz]. Comparison Type [EQUALS]. Validation Type [POSITIVE]. @15-09-2021 10:23:07.0364 AM
[ReportManager] API Action [GetResponseJSONValue] successfully performed. With the following test data [username]. @15-09-2021 10:23:07.0372 AM
[ReportManager] Assertion [ValidateEquals] PASSED. Expected [Bret] and Actual [Bret]. Comparison Type [EQUALS]. Validation Type [POSITIVE]. @15-09-2021 10:23:07.0372 AM
[ReportManager] API Action [GetResponseJSONValue] successfully performed. With the following test data [name]. @15-09-2021 10:23:07.0379 AM
[ReportManager] API Action [GetResponseJSONValue] successfully performed. With the following test data [name]. @15-09-2021 10:23:07.0386 AM
[ReportManager] API Action [GetResponseJSONValue] successfully performed. With the following test data [name]. @15-09-2021 10:23:07.0394 AM
[ReportManager] API Action [GetResponseJSONValue] successfully performed. With the following test data [name]. @15-09-2021 10:23:07.0401 AM
[ReportManager] API Action [GetResponseJSONValue] successfully performed. With the following test data [name]. @15-09-2021 10:23:07.0408 AM
[ReportManager] API Action [GetResponseJSONValue] successfully performed. With the following test data [name]. @15-09-2021 10:23:07.0428 AM
[ReportManager] API Action [GetResponseJSONValue] successfully performed. With the following test data [name]. @15-09-2021 10:23:07.0436 AM
[ReportManager] API Action [GetResponseJSONValue] successfully performed. With the following test data [name]. @15-09-2021 10:23:07.0443 AM
[ReportManager] API Action [GetResponseJSONValue] successfully performed. With the following test data [name]. @15-09-2021 10:23:07.0450 A

################################################################################################################################################
Starting Execution:	[132 out of 143] test cases in the current suite
Test Method:		[testPackage01.Test_testData.f]
################################################################################################################################################
[ReportManager] Successfully loaded the following test data file [src/test/resources/TestDataFiles/testSuite01/TestData.xlsx]. @15-09-2021 10:23:07.0488 AM
[ReportManager] Successfully created attachment [Test Data - Excel] @15-09-2021 10:23:07.0488 AM
[ReportManager] Last Column Number is: [3]. Zero-based. @15-09-2021 10:23:07.0489 A
[ReportManager] Successfully loaded the following test data file [src/test/resources/TestDataFiles/testSuite01/TestData.xlsx]. @15-09-2021 10:23:07.0540 AM
[ReportManager] Successfully created attachment [Test Data - Excel] @15-09-2021 10:23:07.0541 AM
[ReportManager] Attempting to run using Playwright locally on: [Linux-64], [GoogleChrome], Headless Execution. @15-09-2021 10:23:20.0486 AM
[ReportManager] File Action [GetAbsolutePath] successfully performed. With the following test data [Relative Folder Path: "target/downloadedFiles/"]. @15-09-2021 10:23:20.0487 AM
[ReportManager] Initial window size: (1280, 720) @15-09-2021 10:23:20.0803 AM
[ReportManager] Window size after Toolkit: com.microsoft.playwright.options.ViewportSize@256ea225 @15-09-2021 10:23:20.0808 AM
[ReportManager] Browser Action [MaximizeWindow] successfully performed. With the following test data [New screen size is now: (1920, 1080)]. @15-09-2021 10:23:20.0809 A

################################################################################################################################################
Starting Execution:	[133 out of 143] test cases in the current suite
Test Method:		[testPackage01.Test_google_playwright.navigateToURLandVerifyGoogleLogoIsDisplayed]
Test Description:	[TC001 - Navigate to URL and Verify Google Logo is Displayed]
################################################################################################################################################
[ReportManager] Target URL: [https://www.google.com/ncr], and after redirection: [https://www.google.com] @15-09-2021 10:23:20.0813 AM
[ReportManager] Initial URL: [about:blank] @15-09-2021 10:23:21.0294 AM
[ReportManager] Browser Action [NavigateToURL] successfully performed. With the following test data [https://www.google.com/ncr]. @15-09-2021 10:23:22.0403 AM
[ReportManager] Loaded Shared OpenCV @15-09-2021 10:23:22.0632 AM
[ReportManager] Assertion [ValidateElementExists] PASSED. Expected [Element Should Exist, locator 'xpath=//*[@id='hplogo' or @alt='Google']'] and Actual [Element Exists]. Comparison Type [EQUALS]. Validation Type [POSITIVE]. @15-09-2021 10:23:22.0878 AM
[ReportManager] Successfully created attachment [Screenshot - 1631701402629_navigateToURLandVerifyGoogleLogoIsDisplayed_ValidateElementExists_passed] @15-09-2021 10:23:22.0879 A

################################################################################################################################################
Starting Execution:	[134 out of 143] test cases in the current suite
Test Method:		[testPackage01.Test_google_playwright.searchForQueryandAssertResultsNumDisplayed]
Test Description:	[TC002 - Search for Query and Assert that the number of results is displayed]
################################################################################################################################################
[ReportManager] Element Action [Type] successfully performed. With the following test data [SHAFT_Engine]. @15-09-2021 10:23:23.0129 AM
[ReportManager] Element Action [KeyPress] successfully performed. With the following test data [Enter]. @15-09-2021 10:23:23.0155 AM
[ReportManager] Element Action [GetText] successfully performed. With the following test data [About 981,000 results (0.69 seconds)]. @15-09-2021 10:23:24.0093 AM
[ReportManager] Loaded Shared OpenCV @15-09-2021 10:23:25.0363 AM
[ReportManager] Assertion [ValidateElementAttribute] PASSED. Expected [Value Should not be '' for the 'text' attribute, element locator 'xpath=//div[@id='appbar']'] and Actual [About 981,000 results (0.69 seconds)]. Comparison Type [EQUALS]. Validation Type [NEGATIVE]. @15-09-2021 10:23:25.0652 AM
[ReportManager] Successfully created attachment [Screenshot - 1631701405362_searchForQueryandAssertResultsNumDisplayed_ValidateElementAttribute_passed] @15-09-2021 10:23:25.0655 A

################################################################################################################################################
Starting Execution:	[135 out of 143] test cases in the current suite
Test Method:		[testPackage01.Test_google_playwright.clickNextThrice]
Test Description:	[TC003 - Clicks the next button to make sure that the framework can scroll element into view before clicking it]
################################################################################################################################################
[ReportManager] Element Action [Click] successfully performed. With the following test data [Next]. @15-09-2021 10:23:25.0890 A
[ReportManager] Failed to find video recording. @15-09-2021 10:23:25.0891 AM
[ReportManager] Successfully Closed PlayWright Driver. @15-09-2021 10:23:25.0944 A
[ReportManager] File Action [GetAbsolutePath] successfully performed. With the following test data [Relative Folder Path: "target/downloadedFiles/"]. @15-09-2021 10:23:25.0945 AM
[ReportManager] Attempting to run remotely on: [Linux-64], [GoogleChrome], [http://localhost:4444/wd/hub], Headless Execution. @15-09-2021 10:23:25.0945 AM
[ReportManager] Successfully Opened [GoogleChrome]. @15-09-2021 10:23:26.0201 A

################################################################################################################################################
Starting Execution:	[136 out of 143] test cases in the current suite
Test Method:		[testPackage01.Test_clipboardActions.typeTextAndCopyPaste]
################################################################################################################################################
[ReportManager] Target URL: [https://www.google.com/ncr], and after redirection: [https://www.google.com] @15-09-2021 10:23:26.0215 AM
[ReportManager] Initial URL: [data:,] @15-09-2021 10:23:26.0252 AM
[ReportManager] Browser Action [NavigateToURL] successfully performed. With the following test data [https://www.google.com/ncr]. @15-09-2021 10:23:27.0068 AM
[ReportManager] Element Action [Type] successfully performed. With the following test data [FIRST]. @15-09-2021 10:23:27.0394 AM
[ReportManager] Element Action [ClipboardActions] successfully performed. With the following test data [select all]. @15-09-2021 10:23:27.0446 AM
[ReportManager] Element Action [ClipboardActions] successfully performed. With the following test data [copy]. @15-09-2021 10:23:27.0496 AM
[ReportManager] Element Action [ClipboardActions] successfully performed. With the following test data [unselect]. @15-09-2021 10:23:27.0541 AM
[ReportManager] Element Action [ClipboardActions] successfully performed. With the following test data [paste]. @15-09-2021 10:23:27.0589 AM
[ReportManager] Element Action [ClipboardActions] successfully performed. With the following test data [select all]. @15-09-2021 10:23:27.0634 AM
[ReportManager] Element Action [Type] successfully performed. @15-09-2021 10:23:27.0849 AM
[ReportManager] Element Action [ClipboardActions] successfully performed. With the following test data [cut]. @15-09-2021 10:23:27.0849 AM
[ReportManager] Element Action [ClipboardActions] successfully performed. With the following test data [paste]. @15-09-2021 10:23:27.0924 AM
[ReportManager] Element Action [ClipboardActions] successfully performed. With the following test data [paste]. @15-09-2021 10:23:27.0992 A
[ReportManager] Browser Action [CloseCurrentWindow] successfully performed. @15-09-2021 10:23:28.0134 AM
[ReportManager] Successfully created attachment [Browser Action Test Data - CloseCurrentWindow - Actual Value] @15-09-2021 10:23:28.0135 A
[ReportManager] File Action [GetAbsolutePath] successfully performed. With the following test data [Relative Folder Path: "target/downloadedFiles/"]. @15-09-2021 10:23:28.0136 AM
[ReportManager] Attempting to run remotely on: [Linux-64], [GoogleChrome], [http://localhost:4444/wd/hub], Headless Execution. @15-09-2021 10:23:28.0136 AM
[ReportManager] Successfully Opened [GoogleChrome]. @15-09-2021 10:23:28.0323 A

################################################################################################################################################
Starting Execution:	[137 out of 143] test cases in the current suite
Test Method:		[testPackage01.Test_uploadFile.uploadFile_invisibleUploadInput]
################################################################################################################################################
[ReportManager] Target URL: [https://fineuploader.com/demos.html#gallery-view] @15-09-2021 10:23:28.0334 AM
[ReportManager] Initial URL: [data:,] @15-09-2021 10:23:28.0383 AM
[ReportManager] Browser Action [NavigateToURL] successfully performed. With the following test data [https://fineuploader.com/demos.html#gallery-view]. @15-09-2021 10:23:29.0973 AM
[ReportManager] File Action [GetAbsolutePath] successfully performed. With the following test data [Relative File Path: "src/main/resources/images/shaft.png"]. @15-09-2021 10:23:29.0973 AM
[ReportManager] Successfully created attachment [File Action Actual Result - Command Log] @15-09-2021 10:23:29.0974 AM
[ReportManager] Element Action [TypeFileLocationForUpload] successfully performed. With the following test data [/home/runner/work/SHAFT_ENGINE/SHAFT_ENGINE/src/main/resources/images/shaft.png]. @15-09-2021 10:23:30.0187 AM
[ReportManager] Attempting to getAttribute [src] from elementLocator [By.xpath: //div[@id='fine-uploader-gallery']//div[@class='qq-thumbnail-wrapper']/img]. @15-09-2021 10:23:30.0187 AM
[ReportManager] Element Action [GetAttribute] successfully performed. @15-09-2021 10:23:30.0301 AM
[ReportManager] Successfully created attachment [Element Action Test Data - GetAttribute - Actual Value] @15-09-2021 10:23:30.0302 AM
[ReportManager] Loaded Shared OpenCV @15-09-2021 10:23:30.0444 AM
[ReportManager] Assertion [ValidateElementAttribute] PASSED. Expected and Actual values are attached. Comparison Type [CONTAINS]. Validation Type [POSITIVE]. @15-09-2021 10:23:30.0530 AM
[ReportManager] Successfully created attachment [Validation Test Data - Expected Value] @15-09-2021 10:23:30.0530 AM
[ReportManager] Successfully created attachment [Validation Test Data - Actual Value] @15-09-2021 10:23:30.0530 AM
[ReportManager] Successfully created attachment [Screenshot - 1631701410444_uploadFile_invisibleUploadInput_ValidateElementAttribute_passed] @15-09-2021 10:23:30.0531 A
[ReportManager] Browser Action [CloseCurrentWindow] successfully performed. @15-09-2021 10:23:30.0663 AM
[ReportManager] Successfully created attachment [Browser Action Test Data - CloseCurrentWindow - Actual Value] @15-09-2021 10:23:30.0664 A
[ReportManager] File Action [GetAbsolutePath] successfully performed. With the following test data [Relative Folder Path: "target/downloadedFiles/"]. @15-09-2021 10:23:30.0666 AM
[ReportManager] Attempting to run remotely on: [Linux-64], [GoogleChrome], [http://localhost:4444/wd/hub], Headless Execution. @15-09-2021 10:23:30.0666 AM
[ReportManager] Successfully Opened [GoogleChrome]. @15-09-2021 10:23:30.0853 A

################################################################################################################################################
Starting Execution:	[138 out of 143] test cases in the current suite
Test Method:		[testPackage01.Test_uploadFile.uploadFile_visibleUploadInput]
################################################################################################################################################
[ReportManager] Target URL: [http://demo.guru99.com/test/upload/] @15-09-2021 10:23:30.0874 AM
[ReportManager] Initial URL: [data:,] @15-09-2021 10:23:30.0914 AM
[ReportManager] Browser Action [NavigateToURL] successfully performed. With the following test data [http://demo.guru99.com/test/upload/]. @15-09-2021 10:23:31.0773 AM
[ReportManager] File Action [GetAbsolutePath] successfully performed. With the following test data [Relative File Path: "src/main/resources/images/shaft.png"]. @15-09-2021 10:23:31.0774 AM
[ReportManager] Successfully created attachment [File Action Actual Result - Command Log] @15-09-2021 10:23:31.0774 AM
[ReportManager] Element Action [TypeFileLocationForUpload] successfully performed. With the following test data [/home/runner/work/SHAFT_ENGINE/SHAFT_ENGINE/src/main/resources/images/shaft.png]. @15-09-2021 10:23:31.0929 AM
[ReportManager] Element Action [Click] successfully performed. With the following test data [on]. @15-09-2021 10:23:32.0248 AM
[ReportManager] Element Action [Click] successfully performed. With the following test data [Submit File]. @15-09-2021 10:23:32.0529 AM
[ReportManager] Element Action [GetText] successfully performed. With the following test data [1 file
has been successfully uploaded.]. @15-09-2021 10:23:33.0161 AM
[ReportManager] Loaded Shared OpenCV @15-09-2021 10:23:33.0310 AM
[ReportManager] Assertion [ValidateElementAttribute] PASSED. Expected [Value Should be '1 file' for the 'Text' attribute, element locator 'By.id: res'] and Actual [1 file
has been successfully uploaded.]. Comparison Type [CONTAINS]. Validation Type [POSITIVE]. @15-09-2021 10:23:33.0386 AM
[ReportManager] Successfully created attachment [Screenshot - 1631701413310_uploadFile_visibleUploadInput_ValidateElementAttribute_passed] @15-09-2021 10:23:33.0387 A
[ReportManager] Browser Action [CloseCurrentWindow] successfully performed. @15-09-2021 10:23:33.0497 AM
[ReportManager] Successfully created attachment [Browser Action Test Data - CloseCurrentWindow - Actual Value] @15-09-2021 10:23:33.0498 A
[ReportManager] Successfully loaded the following test data file [src/test/resources/TestDataFiles/testSuite01/TestData.xlsx]. @15-09-2021 10:23:33.0527 AM
[ReportManager] Successfully created attachment [Test Data - Excel] @15-09-2021 10:23:33.0528 AM
[ReportManager] File Action [GetAbsolutePath] successfully performed. With the following test data [Relative Folder Path: "target/downloadedFiles/"]. @15-09-2021 10:23:33.0528 AM
[ReportManager] Attempting to run remotely on: [Linux-64], [GoogleChrome], [http://localhost:4444/wd/hub], Headless Execution. @15-09-2021 10:23:33.0528 AM
[ReportManager] Successfully Opened [GoogleChrome]. @15-09-2021 10:23:33.0783 A

################################################################################################################################################
Starting Execution:	[139 out of 143] test cases in the current suite
Test Method:		[testPackage01.Test_google.navigateToURLandVerifyGoogleLogoIsDisplayed]
Test Description:	[TC001 - Navigate to URL and Verify Google Logo is Displayed]
################################################################################################################################################
[ReportManager] Target URL: [https://www.google.com/ncr], and after redirection: [https://www.google.com] @15-09-2021 10:23:33.0795 AM
[ReportManager] Initial URL: [data:,] @15-09-2021 10:23:33.0831 AM
[ReportManager] Browser Action [NavigateToURL] successfully performed. With the following test data [https://www.google.com/ncr]. @15-09-2021 10:23:34.0591 AM
[ReportManager] Loaded Shared OpenCV @15-09-2021 10:23:34.0790 AM
[ReportManager] Assertion [ValidateElementExists] PASSED. Expected [Element Should Exist, locator 'By.xpath: //*[@id='hplogo' or @alt='Google']'] and Actual [Element Exists]. Comparison Type [EQUALS]. Validation Type [POSITIVE]. @15-09-2021 10:23:34.0872 AM
[ReportManager] Successfully created attachment [Screenshot - 1631701414790_navigateToURLandVerifyGoogleLogoIsDisplayed_ValidateElementExists_passed] @15-09-2021 10:23:34.0873 A

################################################################################################################################################
Starting Execution:	[140 out of 143] test cases in the current suite
Test Method:		[testPackage01.Test_google.searchForQueryandAssertResultsNumDisplayed]
Test Description:	[TC002 - Search for Query and Assert that the number of results is displayed]
################################################################################################################################################
[ReportManager] Element Action [Type] successfully performed. With the following test data [SHAFT_Engine]. @15-09-2021 10:23:35.0202 AM
[ReportManager] Element Action [KeyPress] successfully performed. With the following test data [Enter]. @15-09-2021 10:23:36.0589 AM
[ReportManager] Element Action [GetText] successfully performed. With the following test data [About 981,000 results (0.65 seconds) ]. @15-09-2021 10:23:36.0665 AM
[ReportManager] Loaded Shared OpenCV @15-09-2021 10:23:36.0803 AM
[ReportManager] Assertion [ValidateElementAttribute] PASSED. Expected [Value Should not be '' for the 'Text' attribute, element locator 'By.id: appbar'] and Actual [About 981,000 results (0.65 seconds) ]. Comparison Type [EQUALS]. Validation Type [NEGATIVE]. @15-09-2021 10:23:36.0895 AM
[ReportManager] Successfully created attachment [Screenshot - 1631701416803_searchForQueryandAssertResultsNumDisplayed_ValidateElementAttribute_passed] @15-09-2021 10:23:36.0896 A

################################################################################################################################################
Starting Execution:	[141 out of 143] test cases in the current suite
Test Method:		[testPackage01.Test_google.clickNextThrice]
Test Description:	[TC003 - Clicks the next button to make sure that the framework can scroll element into view before clicking it]
################################################################################################################################################
[ReportManager] Element Action [Click] successfully performed. With the following test data [Next]. @15-09-2021 10:23:38.0165 A
[ReportManager] Browser Action [CloseCurrentWindow] successfully performed. @15-09-2021 10:23:38.0447 AM
[ReportManager] Successfully created attachment [Browser Action Test Data - CloseCurrentWindow - Actual Value] @15-09-2021 10:23:38.0453 A
[ReportManager] File Action [GetAbsolutePath] successfully performed. With the following test data [Relative Folder Path: "target/downloadedFiles/"]. @15-09-2021 10:23:38.0455 AM
[ReportManager] Attempting to run remotely on: [Linux-64], [GoogleChrome], [http://localhost:4444/wd/hub], Headless Execution. @15-09-2021 10:23:38.0456 AM
[ReportManager] Successfully Opened [GoogleChrome]. @15-09-2021 10:23:38.0651 A

################################################################################################################################################
Starting Execution:	[142 out of 143] test cases in the current suite
Test Method:		[testPackage01.Test_verifyEquals.test_assertElementAttribute]
################################################################################################################################################
[ReportManager] Target URL: [https://www.google.com/ncr], and after redirection: [https://www.google.com] @15-09-2021 10:23:38.0663 AM
[ReportManager] Initial URL: [data:,] @15-09-2021 10:23:38.0707 AM
[ReportManager] Browser Action [NavigateToURL] successfully performed. With the following test data [https://www.google.com/ncr]. @15-09-2021 10:23:39.0519 AM
[ReportManager] Element Action [Type] successfully performed. With the following test data [INC_004010050:Another SCHEDULER with the same name [Duplicate Job Name] already exists.]. @15-09-2021 10:23:40.0137 AM
[ReportManager] Element Action [GetText] successfully performed. With the following test data [INC_004010050:Another SCHEDULER with the same name [Duplicate Job Name] already exists.]. @15-09-2021 10:23:40.0219 AM
[ReportManager] Loaded Shared OpenCV @15-09-2021 10:23:40.0374 AM
[ReportManager] Verification [ValidateElementAttribute] PASSED. Expected [Value Should be 'INC_004010050:Another SCHEDULER with the same name \[Duplicate Job Name\] already exists.' for the 'text' attribute, element locator 'By.name: q'] and Actual [INC_004010050:Another SCHEDULER with the same name [Duplicate Job Name] already exists.]. Comparison Type [MATCHES]. Validation Type [POSITIVE]. @15-09-2021 10:23:40.0458 AM
[ReportManager] Successfully created attachment [Screenshot - 1631701420374_test_assertElementAttribute_ValidateElementAttribute_passed] @15-09-2021 10:23:40.0459 A
[ReportManager] Browser Action [CloseCurrentWindow] successfully performed. @15-09-2021 10:23:40.0583 AM
[ReportManager] Successfully created attachment [Browser Action Test Data - CloseCurrentWindow - Actual Value] @15-09-2021 10:23:40.0584 A

################################################################################################################################################
Starting Execution:	[143 out of 143] test cases in the current suite
Test Method:		[testPackage01.Test_JSONFileManager.readStringFromJson]
################################################################################################################################################
[ReportManager] Successfully loaded the following test data file [src/test/resources/TestDataFiles/simpleJSON.json]. @15-09-2021 10:23:40.0587 AM
[ReportManager] Successfully created attachment [Test Data - JSON] @15-09-2021 10:23:40.0592 AM
[ReportManager] Assertion [ValidateEquals] PASSED. Expected [Mohab Mohie] and Actual [Mohab Mohie]. Comparison Type [EQUALS]. Validation Type [POSITIVE]. @15-09-2021 10:23:40.0602 A

################################################################################################################################################
Test Closure Activities
################################################################################################################################################
[ReportManager] Successfully created attachment [SHAFT Engine Logs - Execution log] @15-09-2021 10:23:40.0632 AM

################################################################################################################################################
This test run was powered by SHAFT Engine Version: [SHAFT Engine v5.3.20210902]
SHAFT Engine is licensed under the MIT License: [https://github.com/MohabMohie/SHAFT_ENGINE/blob/master/LICENSE].
################################################################################################################################################