################################################################################################################################################
Detected SHAFT Engine Version: [SHAFT Engine v5.4.20211104-BETA]
################################################################################################################################################
[ReportManager] File Action [GetAbsolutePath] successfully performed. With the following test data [Relative Folder Path: "target/downloadedFiles/"]. @09-11-2021 01:49:44.0590 AM
[ReportManager] Attempting to run locally on: [Mac-64], [Safari], Headless Execution. @09-11-2021 01:49:44.0653 AM
[ReportManager] Successfully Opened Safari. @09-11-2021 01:49:49.0510 AM
[ReportManager] Initial window size: (800, 600) @09-11-2021 01:49:49.0553 AM
[ReportManager] Window size after SWD Maximize: (1176, 810) @09-11-2021 01:49:49.0588 AM
[ReportManager] Browser Action [MaximizeWindow] successfully performed. With the following test data [New screen size is now: (1176, 810)]. @09-11-2021 01:49:49.0602 A

################################################################################################################################################
Starting Execution:	[1 out of 146] test cases in the current suite
Test Method:		[unitTests.tests_element_elementActions.waitForElementToBePresent_false_expectedToFail]
################################################################################################################################################
[ReportManager] Target URL: [https://www.google.com/ncr], and after redirection: [www.google.com] @09-11-2021 01:49:49.0801 AM
[ReportManager] Initial URL: [] @09-11-2021 01:49:49.0871 AM
[ReportManager] Browser Action [NavigateToURL] successfully performed. With the following test data [https://www.google.com/ncr]. @09-11-2021 01:49:51.0224 AM
[ReportManager] Waiting for element to be present; elementLocator [By.xpath: //*[@id='hplogo' or @alt='Google']], numberOfTries[1], stateOfPresence[false]... @09-11-2021 01:49:51.0235 AM
[ReportManager] Element Action [WaitForElementToBePresent] failed. With the following test data [waited for the element's state of presence to be (false). Element locator (By.xpath: //*[@id='hplogo' or @alt='Google'])]. @09-11-2021 01:49:53.0869 AM
[ReportManager] Successfully created attachment [Screenshot - 1636422591323_waitForElementToBePresent_false_expectedToFail_WaitForElementToBePresent_failed] @09-11-2021 01:49:53.0902 A
[ReportManager] Browser Action [CloseCurrentWindow] successfully performed. @09-11-2021 01:49:54.0036 AM
[ReportManager] Successfully created attachment [Browser Action Test Data - CloseCurrentWindow - Actual Value] @09-11-2021 01:49:54.0038 A
[ReportManager] File Action [GetAbsolutePath] successfully performed. With the following test data [Relative Folder Path: "target/downloadedFiles/"]. @09-11-2021 01:49:54.0054 AM
[ReportManager] Attempting to run locally on: [Mac-64], [Safari], Headless Execution. @09-11-2021 01:49:54.0055 AM
[ReportManager] Successfully Opened Safari. @09-11-2021 01:49:55.0044 AM
[ReportManager] Initial window size: (800, 600) @09-11-2021 01:49:55.0087 AM
[ReportManager] Window size after SWD Maximize: (1176, 811) @09-11-2021 01:49:55.0127 AM
[ReportManager] Browser Action [MaximizeWindow] successfully performed. With the following test data [New screen size is now: (1176, 811)]. @09-11-2021 01:49:55.0129 A

################################################################################################################################################
Starting Execution:	[2 out of 146] test cases in the current suite
Test Method:		[unitTests.tests_element_elementActions.waitForElementToBePresent_false_expectedToPass]
################################################################################################################################################
[ReportManager] Target URL: [https://www.google.com/ncr], and after redirection: [www.google.com] @09-11-2021 01:49:55.0135 AM
[ReportManager] Initial URL: [] @09-11-2021 01:49:55.0231 AM
[ReportManager] Browser Action [NavigateToURL] successfully performed. With the following test data [https://www.google.com/ncr]. @09-11-2021 01:49:56.0397 AM
[ReportManager] Waiting for element to be present; elementLocator [By.id: bla], numberOfTries[1], stateOfPresence[false]... @09-11-2021 01:49:56.0398 A
[ReportManager] Browser Action [CloseCurrentWindow] successfully performed. @09-11-2021 01:49:56.0595 AM
[ReportManager] Successfully created attachment [Browser Action Test Data - CloseCurrentWindow - Actual Value] @09-11-2021 01:49:56.0596 A
[ReportManager] File Action [GetAbsolutePath] successfully performed. With the following test data [Relative Folder Path: "target/downloadedFiles/"]. @09-11-2021 01:49:56.0607 AM
[ReportManager] Attempting to run locally on: [Mac-64], [Safari], Headless Execution. @09-11-2021 01:49:56.0608 AM
[ReportManager] Successfully Opened Safari. @09-11-2021 01:49:57.0582 AM
[ReportManager] Initial window size: (800, 600) @09-11-2021 01:49:57.0593 AM
[ReportManager] Window size after SWD Maximize: (1176, 811) @09-11-2021 01:49:57.0643 AM
[ReportManager] Browser Action [MaximizeWindow] successfully performed. With the following test data [New screen size is now: (1176, 811)]. @09-11-2021 01:49:57.0644 A

################################################################################################################################################
Starting Execution:	[3 out of 146] test cases in the current suite
Test Method:		[unitTests.tests_element_elementActions.waitForElementToBePresent_moreThanOneElement_expectedToFail]
################################################################################################################################################
[ReportManager] Target URL: [https://www.google.com/ncr], and after redirection: [www.google.com] @09-11-2021 01:49:57.0648 AM
[ReportManager] Initial URL: [] @09-11-2021 01:49:57.0725 AM
[ReportManager] Browser Action [NavigateToURL] successfully performed. With the following test data [https://www.google.com/ncr]. @09-11-2021 01:49:59.0214 AM
[ReportManager] Waiting for element to be present; elementLocator [By.xpath: //*], numberOfTries[1], stateOfPresence[false]... @09-11-2021 01:49:59.0215 AM
[ReportManager] Element Action [WaitForElementToBePresent] failed. With the following test data [waited for the element's state of presence to be (false). Element locator (By.xpath: //*)]. @09-11-2021 01:49:59.0483 AM
[ReportManager] Successfully created attachment [Screenshot - 1636422599314_waitForElementToBePresent_moreThanOneElement_expectedToFail_WaitForElementToBePresent_failed] @09-11-2021 01:49:59.0488 A
[ReportManager] Browser Action [CloseCurrentWindow] successfully performed. @09-11-2021 01:49:59.0753 AM
[ReportManager] Successfully created attachment [Browser Action Test Data - CloseCurrentWindow - Actual Value] @09-11-2021 01:49:59.0754 A
[ReportManager] File Action [GetAbsolutePath] successfully performed. With the following test data [Relative Folder Path: "target/downloadedFiles/"]. @09-11-2021 01:49:59.0760 AM
[ReportManager] Attempting to run locally on: [Mac-64], [Safari], Headless Execution. @09-11-2021 01:49:59.0761 AM
[ReportManager] Successfully Opened Safari. @09-11-2021 01:50:00.0698 AM
[ReportManager] Initial window size: (800, 600) @09-11-2021 01:50:00.0726 AM
[ReportManager] Window size after SWD Maximize: (1176, 811) @09-11-2021 01:50:00.0794 AM
[ReportManager] Browser Action [MaximizeWindow] successfully performed. With the following test data [New screen size is now: (1176, 811)]. @09-11-2021 01:50:00.0795 A

################################################################################################################################################
Starting Execution:	[4 out of 146] test cases in the current suite
Test Method:		[unitTests.tests_element_elementActions.waitForElementToBePresent_true_expectedToFail]
################################################################################################################################################
[ReportManager] Target URL: [https://www.google.com/ncr], and after redirection: [www.google.com] @09-11-2021 01:50:00.0802 AM
[ReportManager] Initial URL: [] @09-11-2021 01:50:00.0850 AM
[ReportManager] Browser Action [NavigateToURL] successfully performed. With the following test data [https://www.google.com/ncr]. @09-11-2021 01:50:02.0368 AM
[ReportManager] Waiting for element to be present; elementLocator [By.id: bla], numberOfTries[1], stateOfPresence[true]... @09-11-2021 01:50:02.0369 A
[ReportManager] Browser Action [CloseCurrentWindow] successfully performed. @09-11-2021 01:50:02.0716 AM
[ReportManager] Successfully created attachment [Browser Action Test Data - CloseCurrentWindow - Actual Value] @09-11-2021 01:50:02.0718 A
[ReportManager] File Action [GetAbsolutePath] successfully performed. With the following test data [Relative Folder Path: "target/downloadedFiles/"]. @09-11-2021 01:50:02.0729 AM
[ReportManager] Attempting to run locally on: [Mac-64], [Safari], Headless Execution. @09-11-2021 01:50:02.0730 AM
[ReportManager] Successfully Opened Safari. @09-11-2021 01:50:03.0609 AM
[ReportManager] Initial window size: (800, 600) @09-11-2021 01:50:03.0642 AM
[ReportManager] Window size after SWD Maximize: (1176, 811) @09-11-2021 01:50:03.0701 AM
[ReportManager] Browser Action [MaximizeWindow] successfully performed. With the following test data [New screen size is now: (1176, 811)]. @09-11-2021 01:50:03.0701 A

################################################################################################################################################
Starting Execution:	[5 out of 146] test cases in the current suite
Test Method:		[unitTests.tests_element_elementActions.waitForElementToBePresent_true_expectedToPass]
################################################################################################################################################
[ReportManager] Target URL: [https://www.google.com/ncr], and after redirection: [www.google.com] @09-11-2021 01:50:03.0704 AM
[ReportManager] Initial URL: [] @09-11-2021 01:50:03.0750 AM
[ReportManager] Browser Action [NavigateToURL] successfully performed. With the following test data [https://www.google.com/ncr]. @09-11-2021 01:50:05.0090 AM
[ReportManager] Waiting for element to be present; elementLocator [By.xpath: //*[@id='hplogo' or @alt='Google']], numberOfTries[1], stateOfPresence[true]... @09-11-2021 01:50:05.0090 AM
[ReportManager] Element Action [WaitForElementToBePresent] successfully performed. With the following test data [waited for the element's state of presence to be (true). Element locator (By.xpath: //*[@id='hplogo' or @alt='Google'])]. @09-11-2021 01:50:05.0122 AM
[ReportManager] File Action [DoesFileExist] successfully performed. With the following test data [File Path: "src/main/resources/dynamicObjectRepository/unitTests_tests_element_elementActions_waitForElementToBePresent_true_expectedToPass_By_xpath_id_hplogo_or_alt_Google.png"]. @09-11-2021 01:50:05.0152 AM
[ReportManager] File Action [DoesFileExist] successfully performed. With the following test data [File Path: "src/main/resources/dynamicObjectRepository/unitTests_tests_element_elementActions_waitForElementToBePresent_true_expectedToPass_By_xpath_id_hplogo_or_alt_Google.png"]. @09-11-2021 01:50:05.0246 AM
[ReportManager] Passing the test and saving a reference image @09-11-2021 01:50:05.0246 AM
[ReportManager] File Action [GetAbsolutePath] successfully performed. With the following test data [Relative File Path: "src/main/resources/dynamicObjectRepository/unitTests_tests_element_elementActions_waitForElementToBePresent_true_expectedToPass_By_xpath_id_hplogo_or_alt_Google.png"]. @09-11-2021 01:50:05.0246 AM
[ReportManager] File Action [WriteToFile] successfully performed. With the following test data [Target File Path: "/Users/runner/work/SHAFT_ENGINE/SHAFT_ENGINE/src/main/resources/dynamicObjectRepository/unitTests_tests_element_elementActions_waitForElementToBePresent_true_expectedToPass_By_xpath_id_hplogo_or_alt_Google.png"]. @09-11-2021 01:50:05.0250 AM
[ReportManager] Assertion Passed: Using Visual AI; OpenCV @09-11-2021 01:50:05.0253 AM
[ReportManager] Successfully created attachment [Validation Test Data - Actual Screenshot] @09-11-2021 01:50:05.0254 AM
[ReportManager] Assertion [ValidateElementMatches] PASSED. Expected [Element should match the reference screenshot] and Actual [TRUE]. Comparison Type [EXACT_OPENCV]. Validation Type [POSITIVE]. @09-11-2021 01:50:05.0254 A
[ReportManager] Browser Action [CloseCurrentWindow] successfully performed. @09-11-2021 01:50:05.0684 AM
[ReportManager] Successfully created attachment [Browser Action Test Data - CloseCurrentWindow - Actual Value] @09-11-2021 01:50:05.0685 A
[ReportManager] File Action [GetAbsolutePath] successfully performed. With the following test data [Relative Folder Path: "target/downloadedFiles/"]. @09-11-2021 01:50:05.0692 AM
[ReportManager] Attempting to run locally on: [Mac-64], [Safari], Headless Execution. @09-11-2021 01:50:05.0692 AM
[ReportManager] Successfully Opened Safari. @09-11-2021 01:50:06.0644 AM
[ReportManager] Initial window size: (800, 600) @09-11-2021 01:50:06.0667 AM
[ReportManager] Window size after SWD Maximize: (1176, 811) @09-11-2021 01:50:06.0705 AM
[ReportManager] Browser Action [MaximizeWindow] successfully performed. With the following test data [New screen size is now: (1176, 811)]. @09-11-2021 01:50:06.0706 AM
[ReportManager] Target URL: [https://duckduckgo.com] @09-11-2021 01:50:06.0706 AM
[ReportManager] Initial URL: [] @09-11-2021 01:50:06.0781 AM
[ReportManager] Browser Action [NavigateToURL] successfully performed. With the following test data [https://duckduckgo.com]. @09-11-2021 01:50:07.0673 A

################################################################################################################################################
Starting Execution:	[6 out of 146] test cases in the current suite
Test Method:		[unitTests.tests_browserActions.fullScreenWindow]
################################################################################################################################################
[ReportManager] Initial Windows Size: 1176x811 @09-11-2021 01:50:07.0684 AM
[ReportManager] Current Windows Size after fullScreen: 1176x885 @09-11-2021 01:50:07.0947 AM
[ReportManager] Browser Action [FullScreenWindow] successfully performed. @09-11-2021 01:50:07.0981 AM
[ReportManager] Successfully created attachment [Browser Action Test Data - FullScreenWindow - Actual Value] @09-11-2021 01:50:07.0984 A
[ReportManager] Target URL: [https://duckduckgo.com] @09-11-2021 01:50:07.0997 AM
[ReportManager] Initial URL: [https://duckduckgo.com] @09-11-2021 01:50:08.0079 AM
[ReportManager] Browser Action [NavigateToURL] successfully performed. With the following test data [https://duckduckgo.com]. @09-11-2021 01:50:08.0878 AM
[ReportManager] Browser Action [CloseCurrentWindow] successfully performed. @09-11-2021 01:50:09.0018 AM
[ReportManager] Successfully created attachment [Browser Action Test Data - CloseCurrentWindow - Actual Value] @09-11-2021 01:50:09.0021 A
[ReportManager] File Action [GetAbsolutePath] successfully performed. With the following test data [Relative Folder Path: "target/downloadedFiles/"]. @09-11-2021 01:50:09.0026 AM
[ReportManager] Attempting to run locally on: [Mac-64], [Safari], Headless Execution. @09-11-2021 01:50:09.0026 AM
[ReportManager] Successfully Opened Safari. @09-11-2021 01:50:09.0829 AM
[ReportManager] Initial window size: (800, 600) @09-11-2021 01:50:09.0838 AM
[ReportManager] Window size after SWD Maximize: (1176, 811) @09-11-2021 01:50:09.0875 AM
[ReportManager] Browser Action [MaximizeWindow] successfully performed. With the following test data [New screen size is now: (1176, 811)]. @09-11-2021 01:50:09.0875 AM
[ReportManager] Target URL: [https://duckduckgo.com] @09-11-2021 01:50:09.0875 AM
[ReportManager] Initial URL: [] @09-11-2021 01:50:09.0938 AM
[ReportManager] Browser Action [NavigateToURL] successfully performed. With the following test data [https://duckduckgo.com]. @09-11-2021 01:50:10.0669 A

################################################################################################################################################
Starting Execution:	[7 out of 146] test cases in the current suite
Test Method:		[unitTests.tests_browserActions.getCurrentURL]
################################################################################################################################################
[ReportManager] Browser Action [GetCurrentURL] successfully performed. With the following test data [https://duckduckgo.com/]. @09-11-2021 01:50:10.0696 A
[ReportManager] Target URL: [https://duckduckgo.com] @09-11-2021 01:50:10.0699 AM
[ReportManager] Initial URL: [https://duckduckgo.com] @09-11-2021 01:50:10.0739 AM
[ReportManager] Browser Action [NavigateToURL] successfully performed. With the following test data [https://duckduckgo.com]. @09-11-2021 01:50:11.0087 AM
[ReportManager] Browser Action [CloseCurrentWindow] successfully performed. @09-11-2021 01:50:11.0390 AM
[ReportManager] Successfully created attachment [Browser Action Test Data - CloseCurrentWindow - Actual Value] @09-11-2021 01:50:11.0391 A
[ReportManager] File Action [GetAbsolutePath] successfully performed. With the following test data [Relative Folder Path: "target/downloadedFiles/"]. @09-11-2021 01:50:11.0396 AM
[ReportManager] Attempting to run locally on: [Mac-64], [Safari], Headless Execution. @09-11-2021 01:50:11.0396 AM
[ReportManager] Successfully Opened Safari. @09-11-2021 01:50:12.0249 AM
[ReportManager] Initial window size: (800, 600) @09-11-2021 01:50:12.0281 AM
[ReportManager] Window size after SWD Maximize: (1176, 811) @09-11-2021 01:50:12.0310 AM
[ReportManager] Browser Action [MaximizeWindow] successfully performed. With the following test data [New screen size is now: (1176, 811)]. @09-11-2021 01:50:12.0312 AM
[ReportManager] Target URL: [https://duckduckgo.com] @09-11-2021 01:50:12.0312 AM
[ReportManager] Initial URL: [] @09-11-2021 01:50:12.0368 AM
[ReportManager] Browser Action [NavigateToURL] successfully performed. With the following test data [https://duckduckgo.com]. @09-11-2021 01:50:13.0132 A

################################################################################################################################################
Starting Execution:	[8 out of 146] test cases in the current suite
Test Method:		[unitTests.tests_browserActions.getCurrentWindowTitle]
################################################################################################################################################
[ReportManager] Browser Action [GetCurrentWindowTitle] successfully performed. With the following test data [DuckDuckGo â€” Privacy, simplified.]. @09-11-2021 01:50:13.0164 A
[ReportManager] Target URL: [https://duckduckgo.com] @09-11-2021 01:50:13.0167 AM
[ReportManager] Initial URL: [https://duckduckgo.com] @09-11-2021 01:50:13.0206 AM
[ReportManager] Browser Action [NavigateToURL] successfully performed. With the following test data [https://duckduckgo.com]. @09-11-2021 01:50:13.0615 AM
[ReportManager] Browser Action [CloseCurrentWindow] successfully performed. @09-11-2021 01:50:14.0042 AM
[ReportManager] Successfully created attachment [Browser Action Test Data - CloseCurrentWindow - Actual Value] @09-11-2021 01:50:14.0043 A
[ReportManager] File Action [GetAbsolutePath] successfully performed. With the following test data [Relative Folder Path: "target/downloadedFiles/"]. @09-11-2021 01:50:14.0052 AM
[ReportManager] Attempting to run locally on: [Mac-64], [Safari], Headless Execution. @09-11-2021 01:50:14.0052 AM
[ReportManager] Successfully Opened Safari. @09-11-2021 01:50:14.0828 AM
[ReportManager] Initial window size: (800, 600) @09-11-2021 01:50:14.0877 AM
[ReportManager] Window size after SWD Maximize: (1176, 811) @09-11-2021 01:50:14.0895 AM
[ReportManager] Browser Action [MaximizeWindow] successfully performed. With the following test data [New screen size is now: (1176, 811)]. @09-11-2021 01:50:14.0896 AM
[ReportManager] Target URL: [https://duckduckgo.com] @09-11-2021 01:50:14.0896 AM
[ReportManager] Initial URL: [] @09-11-2021 01:50:14.0961 AM
[ReportManager] Browser Action [NavigateToURL] successfully performed. With the following test data [https://duckduckgo.com]. @09-11-2021 01:50:15.0665 A

################################################################################################################################################
Starting Execution:	[9 out of 146] test cases in the current suite
Test Method:		[unitTests.tests_browserActions.getPageSource]
################################################################################################################################################
[ReportManager] Browser Action [GetPageSource] successfully performed. @09-11-2021 01:50:15.0726 AM
[ReportManager] Successfully created attachment [Browser Action Test Data - GetPageSource - Actual Value] @09-11-2021 01:50:15.0727 A
[ReportManager] Target URL: [https://duckduckgo.com] @09-11-2021 01:50:15.0730 AM
[ReportManager] Initial URL: [https://duckduckgo.com] @09-11-2021 01:50:15.0769 AM
[ReportManager] Browser Action [NavigateToURL] successfully performed. With the following test data [https://duckduckgo.com]. @09-11-2021 01:50:16.0156 AM
[ReportManager] Browser Action [CloseCurrentWindow] successfully performed. @09-11-2021 01:50:16.0474 AM
[ReportManager] Successfully created attachment [Browser Action Test Data - CloseCurrentWindow - Actual Value] @09-11-2021 01:50:16.0475 A
[ReportManager] File Action [GetAbsolutePath] successfully performed. With the following test data [Relative Folder Path: "target/downloadedFiles/"]. @09-11-2021 01:50:16.0479 AM
[ReportManager] Attempting to run locally on: [Mac-64], [Safari], Headless Execution. @09-11-2021 01:50:16.0479 AM
[ReportManager] Successfully Opened Safari. @09-11-2021 01:50:17.0312 AM
[ReportManager] Initial window size: (800, 600) @09-11-2021 01:50:17.0324 AM
[ReportManager] Window size after SWD Maximize: (1176, 811) @09-11-2021 01:50:17.0356 AM
[ReportManager] Browser Action [MaximizeWindow] successfully performed. With the following test data [New screen size is now: (1176, 811)]. @09-11-2021 01:50:17.0357 AM
[ReportManager] Target URL: [https://duckduckgo.com] @09-11-2021 01:50:17.0357 AM
[ReportManager] Initial URL: [] @09-11-2021 01:50:17.0432 AM
[ReportManager] Browser Action [NavigateToURL] successfully performed. With the following test data [https://duckduckgo.com]. @09-11-2021 01:50:18.0166 A

################################################################################################################################################
Starting Execution:	[10 out of 146] test cases in the current suite
Test Method:		[unitTests.tests_browserActions.getWindowHandle]
################################################################################################################################################
[ReportManager] Browser Action [GetWindowHandle] successfully performed. With the following test data [page-F774D3B9-B667-440F-97E9-E36F34DBECDD]. @09-11-2021 01:50:18.0205 A
[ReportManager] Target URL: [https://duckduckgo.com] @09-11-2021 01:50:18.0208 AM
[ReportManager] Initial URL: [https://duckduckgo.com] @09-11-2021 01:50:18.0245 AM
[ReportManager] Browser Action [NavigateToURL] successfully performed. With the following test data [https://duckduckgo.com]. @09-11-2021 01:50:18.0677 AM
[ReportManager] Browser Action [CloseCurrentWindow] successfully performed. @09-11-2021 01:50:19.0090 AM
[ReportManager] Successfully created attachment [Browser Action Test Data - CloseCurrentWindow - Actual Value] @09-11-2021 01:50:19.0092 A
[ReportManager] File Action [GetAbsolutePath] successfully performed. With the following test data [Relative Folder Path: "target/downloadedFiles/"]. @09-11-2021 01:50:19.0097 AM
[ReportManager] Attempting to run locally on: [Mac-64], [Safari], Headless Execution. @09-11-2021 01:50:19.0097 AM
[ReportManager] Successfully Opened Safari. @09-11-2021 01:50:19.0958 AM
[ReportManager] Initial window size: (800, 600) @09-11-2021 01:50:19.0975 AM
[ReportManager] Window size after SWD Maximize: (1176, 811) @09-11-2021 01:50:19.0992 AM
[ReportManager] Browser Action [MaximizeWindow] successfully performed. With the following test data [New screen size is now: (1176, 811)]. @09-11-2021 01:50:19.0992 AM
[ReportManager] Target URL: [https://duckduckgo.com] @09-11-2021 01:50:19.0992 AM
[ReportManager] Initial URL: [] @09-11-2021 01:50:20.0060 AM
[ReportManager] Browser Action [NavigateToURL] successfully performed. With the following test data [https://duckduckgo.com]. @09-11-2021 01:50:20.0918 A

################################################################################################################################################
Starting Execution:	[11 out of 146] test cases in the current suite
Test Method:		[unitTests.tests_browserActions.getWindowPosition]
################################################################################################################################################
[ReportManager] Browser Action [GetWindowPosition] successfully performed. With the following test data [(0, 23)]. @09-11-2021 01:50:20.0963 A
[ReportManager] Target URL: [https://duckduckgo.com] @09-11-2021 01:50:20.0968 AM
[ReportManager] Initial URL: [https://duckduckgo.com] @09-11-2021 01:50:21.0001 AM
[ReportManager] Browser Action [NavigateToURL] successfully performed. With the following test data [https://duckduckgo.com]. @09-11-2021 01:50:21.0434 AM
[ReportManager] Browser Action [CloseCurrentWindow] successfully performed. @09-11-2021 01:50:21.0751 AM
[ReportManager] Successfully created attachment [Browser Action Test Data - CloseCurrentWindow - Actual Value] @09-11-2021 01:50:21.0752 A
[ReportManager] File Action [GetAbsolutePath] successfully performed. With the following test data [Relative Folder Path: "target/downloadedFiles/"]. @09-11-2021 01:50:21.0756 AM
[ReportManager] Attempting to run locally on: [Mac-64], [Safari], Headless Execution. @09-11-2021 01:50:21.0757 AM
[ReportManager] Successfully Opened Safari. @09-11-2021 01:50:22.0610 AM
[ReportManager] Initial window size: (800, 600) @09-11-2021 01:50:22.0624 AM
[ReportManager] Window size after SWD Maximize: (1176, 811) @09-11-2021 01:50:22.0688 AM
[ReportManager] Browser Action [MaximizeWindow] successfully performed. With the following test data [New screen size is now: (1176, 811)]. @09-11-2021 01:50:22.0689 AM
[ReportManager] Target URL: [https://duckduckgo.com] @09-11-2021 01:50:22.0690 AM
[ReportManager] Initial URL: [] @09-11-2021 01:50:22.0774 AM
[ReportManager] Browser Action [NavigateToURL] successfully performed. With the following test data [https://duckduckgo.com]. @09-11-2021 01:50:23.0565 A

################################################################################################################################################
Starting Execution:	[12 out of 146] test cases in the current suite
Test Method:		[unitTests.tests_browserActions.getWindowSize]
################################################################################################################################################
[ReportManager] Browser Action [GetWindowSize] successfully performed. With the following test data [(1176, 811)]. @09-11-2021 01:50:23.0604 A
[ReportManager] Target URL: [https://duckduckgo.com] @09-11-2021 01:50:23.0606 AM
[ReportManager] Initial URL: [https://duckduckgo.com] @09-11-2021 01:50:23.0648 AM
[ReportManager] Browser Action [NavigateToURL] successfully performed. With the following test data [https://duckduckgo.com]. @09-11-2021 01:50:24.0051 AM
[ReportManager] Browser Action [CloseCurrentWindow] successfully performed. @09-11-2021 01:50:24.0293 AM
[ReportManager] Successfully created attachment [Browser Action Test Data - CloseCurrentWindow - Actual Value] @09-11-2021 01:50:24.0294 A
[ReportManager] File Action [GetAbsolutePath] successfully performed. With the following test data [Relative Folder Path: "target/downloadedFiles/"]. @09-11-2021 01:50:24.0297 AM
[ReportManager] Attempting to run locally on: [Mac-64], [Safari], Headless Execution. @09-11-2021 01:50:24.0298 AM
[ReportManager] Successfully Opened Safari. @09-11-2021 01:50:25.0106 AM
[ReportManager] Initial window size: (800, 600) @09-11-2021 01:50:25.0136 AM
[ReportManager] Window size after SWD Maximize: (1176, 811) @09-11-2021 01:50:25.0160 AM
[ReportManager] Browser Action [MaximizeWindow] successfully performed. With the following test data [New screen size is now: (1176, 811)]. @09-11-2021 01:50:25.0161 AM
[ReportManager] Target URL: [https://duckduckgo.com] @09-11-2021 01:50:25.0161 AM
[ReportManager] Initial URL: [] @09-11-2021 01:50:25.0226 AM
[ReportManager] Browser Action [NavigateToURL] successfully performed. With the following test data [https://duckduckgo.com]. @09-11-2021 01:50:26.0064 A

################################################################################################################################################
Starting Execution:	[13 out of 146] test cases in the current suite
Test Method:		[unitTests.tests_browserActions.maximizeWindow]
################################################################################################################################################
[ReportManager] Initial window size: (1176, 811) @09-11-2021 01:50:26.0076 AM
[ReportManager] Window size after SWD Maximize: (1176, 811) @09-11-2021 01:50:26.0091 AM
[ReportManager] Window size after Toolkit: (1920, 1080) @09-11-2021 01:50:26.0145 AM
[ReportManager] Browser Action [MaximizeWindow] successfully performed. With the following test data [New screen size is now: (1920, 1080)]. @09-11-2021 01:50:26.0185 A
[ReportManager] Target URL: [https://duckduckgo.com] @09-11-2021 01:50:26.0188 AM
[ReportManager] Initial URL: [https://duckduckgo.com] @09-11-2021 01:50:26.0220 AM
[ReportManager] Browser Action [NavigateToURL] successfully performed. With the following test data [https://duckduckgo.com]. @09-11-2021 01:50:26.0643 AM
[ReportManager] Browser Action [CloseCurrentWindow] successfully performed. @09-11-2021 01:50:27.0078 AM
[ReportManager] Successfully created attachment [Browser Action Test Data - CloseCurrentWindow - Actual Value] @09-11-2021 01:50:27.0079 A
[ReportManager] File Action [GetAbsolutePath] successfully performed. With the following test data [Relative Folder Path: "target/downloadedFiles/"]. @09-11-2021 01:50:27.0082 AM
[ReportManager] Attempting to run locally on: [Mac-64], [Safari], Headless Execution. @09-11-2021 01:50:27.0082 AM
[ReportManager] Successfully Opened Safari. @09-11-2021 01:50:27.0884 AM
[ReportManager] Initial window size: (800, 600) @09-11-2021 01:50:27.0909 AM
[ReportManager] Window size after SWD Maximize: (1176, 811) @09-11-2021 01:50:27.0976 AM
[ReportManager] Browser Action [MaximizeWindow] successfully performed. With the following test data [New screen size is now: (1176, 811)]. @09-11-2021 01:50:27.0976 AM
[ReportManager] Target URL: [https://duckduckgo.com] @09-11-2021 01:50:27.0976 AM
[ReportManager] Initial URL: [] @09-11-2021 01:50:28.0017 AM
[ReportManager] Browser Action [NavigateToURL] successfully performed. With the following test data [https://duckduckgo.com]. @09-11-2021 01:50:28.0825 A

################################################################################################################################################
Starting Execution:	[14 out of 146] test cases in the current suite
Test Method:		[unitTests.tests_browserActions.navigateBack]
################################################################################################################################################
[ReportManager] Target URL: [https://www.google.com/ncr], and after redirection: [https://www.google.com] @09-11-2021 01:50:28.0831 AM
[ReportManager] Initial URL: [https://duckduckgo.com] @09-11-2021 01:50:28.0870 AM
[ReportManager] Browser Action [NavigateToURL] successfully performed. With the following test data [https://www.google.com/ncr]. @09-11-2021 01:50:30.0240 AM
[ReportManager] Browser Action [NavigateBack] successfully performed. With the following test data [https://duckduckgo.com/]. @09-11-2021 01:50:30.0441 AM
[ReportManager] Browser Action [GetCurrentURL] successfully performed. With the following test data [https://duckduckgo.com/]. @09-11-2021 01:50:30.0474 AM
[ReportManager] Assertion Passed: Confirming that navigating back was successful @09-11-2021 01:50:30.0659 AM
[ReportManager] Successfully created attachment [Screenshot - 1636422630514_navigateBack_ValidateBrowserAttribute_passed] @09-11-2021 01:50:30.0665 AM
[ReportManager] Assertion [ValidateBrowserAttribute] PASSED. Expected [Value Should be 'https://duckduckgo.com' for the 'CurrentUrl' attribute] and Actual [https://duckduckgo.com/]. Comparison Type [CONTAINS]. Validation Type [POSITIVE]. @09-11-2021 01:50:30.0665 A
[ReportManager] Target URL: [https://duckduckgo.com] @09-11-2021 01:50:30.0669 AM
[ReportManager] Initial URL: [https://duckduckgo.com] @09-11-2021 01:50:30.0707 AM
[ReportManager] Browser Action [NavigateToURL] successfully performed. With the following test data [https://duckduckgo.com]. @09-11-2021 01:50:31.0122 AM
[ReportManager] Browser Action [CloseCurrentWindow] successfully performed. @09-11-2021 01:50:31.0438 AM
[ReportManager] Successfully created attachment [Browser Action Test Data - CloseCurrentWindow - Actual Value] @09-11-2021 01:50:31.0439 A
[ReportManager] File Action [GetAbsolutePath] successfully performed. With the following test data [Relative Folder Path: "target/downloadedFiles/"]. @09-11-2021 01:50:31.0444 AM
[ReportManager] Attempting to run locally on: [Mac-64], [Safari], Headless Execution. @09-11-2021 01:50:31.0445 AM
[ReportManager] Successfully Opened Safari. @09-11-2021 01:50:32.0272 AM
[ReportManager] Initial window size: (800, 600) @09-11-2021 01:50:32.0301 AM
[ReportManager] Window size after SWD Maximize: (1176, 811) @09-11-2021 01:50:32.0337 AM
[ReportManager] Browser Action [MaximizeWindow] successfully performed. With the following test data [New screen size is now: (1176, 811)]. @09-11-2021 01:50:32.0338 AM
[ReportManager] Target URL: [https://duckduckgo.com] @09-11-2021 01:50:32.0338 AM
[ReportManager] Initial URL: [] @09-11-2021 01:50:32.0382 AM
[ReportManager] Browser Action [NavigateToURL] successfully performed. With the following test data [https://duckduckgo.com]. @09-11-2021 01:50:33.0085 A

################################################################################################################################################
Starting Execution:	[15 out of 146] test cases in the current suite
Test Method:		[unitTests.tests_browserActions.navigateForward]
################################################################################################################################################
[ReportManager] Target URL: [https://www.google.com/ncr], and after redirection: [https://www.google.com] @09-11-2021 01:50:33.0091 AM
[ReportManager] Initial URL: [https://duckduckgo.com] @09-11-2021 01:50:33.0136 AM
[ReportManager] Browser Action [NavigateToURL] successfully performed. With the following test data [https://www.google.com/ncr]. @09-11-2021 01:50:34.0532 AM
[ReportManager] Browser Action [NavigateBack] successfully performed. With the following test data [https://duckduckgo.com/]. @09-11-2021 01:50:34.0681 AM
[ReportManager] Browser Action [NavigateForward] successfully performed. With the following test data [https://www.google.com/]. @09-11-2021 01:50:34.0785 A
[ReportManager] Target URL: [https://duckduckgo.com] @09-11-2021 01:50:34.0788 AM
[ReportManager] Initial URL: [https://www.google.com] @09-11-2021 01:50:34.0830 AM
[ReportManager] Browser Action [NavigateToURL] successfully performed. With the following test data [https://duckduckgo.com]. @09-11-2021 01:50:35.0177 AM
[ReportManager] Browser Action [CloseCurrentWindow] successfully performed. @09-11-2021 01:50:35.0559 AM
[ReportManager] Successfully created attachment [Browser Action Test Data - CloseCurrentWindow - Actual Value] @09-11-2021 01:50:35.0560 A
[ReportManager] File Action [GetAbsolutePath] successfully performed. With the following test data [Relative Folder Path: "target/downloadedFiles/"]. @09-11-2021 01:50:35.0565 AM
[ReportManager] Attempting to run locally on: [Mac-64], [Safari], Headless Execution. @09-11-2021 01:50:35.0565 AM
[ReportManager] Successfully Opened Safari. @09-11-2021 01:50:36.0346 AM
[ReportManager] Initial window size: (800, 600) @09-11-2021 01:50:36.0355 AM
[ReportManager] Window size after SWD Maximize: (1176, 811) @09-11-2021 01:50:36.0379 AM
[ReportManager] Browser Action [MaximizeWindow] successfully performed. With the following test data [New screen size is now: (1176, 811)]. @09-11-2021 01:50:36.0380 AM
[ReportManager] Target URL: [https://duckduckgo.com] @09-11-2021 01:50:36.0380 AM
[ReportManager] Initial URL: [] @09-11-2021 01:50:36.0447 AM
[ReportManager] Browser Action [NavigateToURL] successfully performed. With the following test data [https://duckduckgo.com]. @09-11-2021 01:50:37.0184 A

################################################################################################################################################
Starting Execution:	[16 out of 146] test cases in the current suite
Test Method:		[unitTests.tests_browserActions.navigateToURL]
################################################################################################################################################
[ReportManager] Target URL: [https://duckduckgo.com] @09-11-2021 01:50:37.0190 AM
[ReportManager] Initial URL: [https://duckduckgo.com] @09-11-2021 01:50:37.0243 AM
[ReportManager] Browser Action [NavigateToURL] successfully performed. With the following test data [https://duckduckgo.com]. @09-11-2021 01:50:37.0606 A
[ReportManager] Target URL: [https://duckduckgo.com] @09-11-2021 01:50:37.0612 AM
[ReportManager] Initial URL: [https://duckduckgo.com] @09-11-2021 01:50:37.0648 AM
[ReportManager] Browser Action [NavigateToURL] successfully performed. With the following test data [https://duckduckgo.com]. @09-11-2021 01:50:37.0978 AM
[ReportManager] Browser Action [CloseCurrentWindow] successfully performed. @09-11-2021 01:50:38.0426 AM
[ReportManager] Successfully created attachment [Browser Action Test Data - CloseCurrentWindow - Actual Value] @09-11-2021 01:50:38.0427 A
[ReportManager] File Action [GetAbsolutePath] successfully performed. With the following test data [Relative Folder Path: "target/downloadedFiles/"]. @09-11-2021 01:50:38.0430 AM
[ReportManager] Attempting to run locally on: [Mac-64], [Safari], Headless Execution. @09-11-2021 01:50:38.0431 AM
[ReportManager] Successfully Opened Safari. @09-11-2021 01:50:39.0250 AM
[ReportManager] Initial window size: (800, 600) @09-11-2021 01:50:39.0260 AM
[ReportManager] Window size after SWD Maximize: (1176, 811) @09-11-2021 01:50:39.0292 AM
[ReportManager] Browser Action [MaximizeWindow] successfully performed. With the following test data [New screen size is now: (1176, 811)]. @09-11-2021 01:50:39.0293 AM
[ReportManager] Target URL: [https://duckduckgo.com] @09-11-2021 01:50:39.0293 AM
[ReportManager] Initial URL: [] @09-11-2021 01:50:39.0384 AM
[ReportManager] Browser Action [NavigateToURL] successfully performed. With the following test data [https://duckduckgo.com]. @09-11-2021 01:50:40.0097 A

################################################################################################################################################
Starting Execution:	[17 out of 146] test cases in the current suite
Test Method:		[unitTests.tests_browserActions.navigateToURLWithRedirection]
################################################################################################################################################
[ReportManager] Target URL: [https://www.google.com/ncr], and after redirection: [https://www.google.com] @09-11-2021 01:50:40.0100 AM
[ReportManager] Initial URL: [https://duckduckgo.com] @09-11-2021 01:50:40.0165 AM
[ReportManager] Browser Action [NavigateToURL] successfully performed. With the following test data [https://www.google.com/ncr]. @09-11-2021 01:50:40.0908 A
[ReportManager] Target URL: [https://duckduckgo.com] @09-11-2021 01:50:40.0911 AM
[ReportManager] Initial URL: [https://www.google.com] @09-11-2021 01:50:40.0945 AM
[ReportManager] Browser Action [NavigateToURL] successfully performed. With the following test data [https://duckduckgo.com]. @09-11-2021 01:50:41.0296 AM
[ReportManager] Browser Action [CloseCurrentWindow] successfully performed. @09-11-2021 01:50:41.0586 AM
[ReportManager] Successfully created attachment [Browser Action Test Data - CloseCurrentWindow - Actual Value] @09-11-2021 01:50:41.0587 A
[ReportManager] File Action [GetAbsolutePath] successfully performed. With the following test data [Relative Folder Path: "target/downloadedFiles/"]. @09-11-2021 01:50:41.0589 AM
[ReportManager] Attempting to run locally on: [Mac-64], [Safari], Headless Execution. @09-11-2021 01:50:41.0590 AM
[ReportManager] Successfully Opened Safari. @09-11-2021 01:50:42.0502 AM
[ReportManager] Initial window size: (800, 600) @09-11-2021 01:50:42.0526 AM
[ReportManager] Window size after SWD Maximize: (1176, 811) @09-11-2021 01:50:42.0545 AM
[ReportManager] Browser Action [MaximizeWindow] successfully performed. With the following test data [New screen size is now: (1176, 811)]. @09-11-2021 01:50:42.0545 AM
[ReportManager] Target URL: [https://duckduckgo.com] @09-11-2021 01:50:42.0545 AM
[ReportManager] Initial URL: [] @09-11-2021 01:50:42.0605 AM
[ReportManager] Browser Action [NavigateToURL] successfully performed. With the following test data [https://duckduckgo.com]. @09-11-2021 01:50:43.0329 A

################################################################################################################################################
Starting Execution:	[18 out of 146] test cases in the current suite
Test Method:		[unitTests.tests_browserActions.refreshCurrentPage]
################################################################################################################################################
[ReportManager] Browser Action [RefreshCurrentPage] successfully performed. @09-11-2021 01:50:43.0601 AM
[ReportManager] Successfully created attachment [Browser Action Test Data - RefreshCurrentPage - Actual Value] @09-11-2021 01:50:43.0602 A
[ReportManager] Target URL: [https://duckduckgo.com] @09-11-2021 01:50:43.0604 AM
[ReportManager] Initial URL: [https://duckduckgo.com] @09-11-2021 01:50:43.0647 AM
[ReportManager] Browser Action [NavigateToURL] successfully performed. With the following test data [https://duckduckgo.com]. @09-11-2021 01:50:43.0997 AM
[ReportManager] Browser Action [CloseCurrentWindow] successfully performed. @09-11-2021 01:50:44.0432 AM
[ReportManager] Successfully created attachment [Browser Action Test Data - CloseCurrentWindow - Actual Value] @09-11-2021 01:50:44.0434 A
[ReportManager] File Action [GetAbsolutePath] successfully performed. With the following test data [Relative Folder Path: "target/downloadedFiles/"]. @09-11-2021 01:50:44.0438 AM
[ReportManager] Attempting to run locally on: [Mac-64], [Safari], Headless Execution. @09-11-2021 01:50:44.0438 AM
[ReportManager] Successfully Opened Safari. @09-11-2021 01:50:45.0289 AM
[ReportManager] Initial window size: (800, 600) @09-11-2021 01:50:45.0309 AM
[ReportManager] Window size after SWD Maximize: (1176, 811) @09-11-2021 01:50:45.0346 AM
[ReportManager] Browser Action [MaximizeWindow] successfully performed. With the following test data [New screen size is now: (1176, 811)]. @09-11-2021 01:50:45.0347 AM
[ReportManager] Target URL: [https://duckduckgo.com] @09-11-2021 01:50:45.0347 AM
[ReportManager] Initial URL: [] @09-11-2021 01:50:45.0416 AM
[ReportManager] Browser Action [NavigateToURL] successfully performed. With the following test data [https://duckduckgo.com]. @09-11-2021 01:50:46.0849 A

################################################################################################################################################
Starting Execution:	[19 out of 146] test cases in the current suite
Test Method:		[unitTests.tests_browserActions.setWindowSize]
################################################################################################################################################
[ReportManager] Initial window size: (1176, 811) @09-11-2021 01:50:46.0862 AM
[ReportManager] Window size after SWD: (1280, 720) @09-11-2021 01:50:46.0896 AM
[ReportManager] Browser Action [SetWindowSize] successfully performed. With the following test data [New screen size is now: (1280, 720)]. @09-11-2021 01:50:46.0896 A
[ReportManager] Target URL: [https://duckduckgo.com] @09-11-2021 01:50:46.0906 AM
[ReportManager] Initial URL: [https://duckduckgo.com] @09-11-2021 01:50:46.0939 AM
[ReportManager] Browser Action [NavigateToURL] successfully performed. With the following test data [https://duckduckgo.com]. @09-11-2021 01:50:47.0564 AM
[ReportManager] Browser Action [CloseCurrentWindow] successfully performed. @09-11-2021 01:50:47.0684 AM
[ReportManager] Successfully created attachment [Browser Action Test Data - CloseCurrentWindow - Actual Value] @09-11-2021 01:50:47.0684 A
[ReportManager] Successfully loaded the following test data file [src/test/resources/TestDataFiles/testSuite01/TestData.xlsx]. @09-11-2021 01:50:48.0833 AM
[ReportManager] Successfully created attachment [Test Data - Excel] @09-11-2021 01:50:48.0834 A

################################################################################################################################################
Starting Execution:	[20 out of 146] test cases in the current suite
Test Method:		[unitTests.tests_io_excelFileManager.getCellData_rowName_expectedToPass]
################################################################################################################################################
[ReportManager] testRowData. @09-11-2021 01:50:48.0849 A

################################################################################################################################################
Starting Execution:	[21 out of 146] test cases in the current suite
Test Method:		[unitTests.tests_validations_assertions.assertComparativeRelation_greaterThanOrEquals_false_equals_expectedToFail]
################################################################################################################################################
[ReportManager] Assertion [ValidateComparativeRelation] FAILED. Expected [1] and Actual [1]. Comparison Type [GREATER_THAN_OR_EQUALS]. Validation Type [NEGATIVE]. @09-11-2021 01:50:48.0855 A

################################################################################################################################################
Starting Execution:	[22 out of 146] test cases in the current suite
Test Method:		[unitTests.tests_validations_assertions.assertComparativeRelation_greaterThanOrEquals_false_equals_expectedToPass]
################################################################################################################################################
[ReportManager] Assertion [ValidateComparativeRelation] PASSED. Expected [2] and Actual [1]. Comparison Type [GREATER_THAN_OR_EQUALS]. Validation Type [NEGATIVE]. @09-11-2021 01:50:48.0860 A

################################################################################################################################################
Starting Execution:	[23 out of 146] test cases in the current suite
Test Method:		[unitTests.tests_validations_assertions.assertComparativeRelation_greaterThanOrEquals_false_greaterThan_expectedToFail]
################################################################################################################################################
[ReportManager] Assertion [ValidateComparativeRelation] FAILED. Expected [1] and Actual [2]. Comparison Type [GREATER_THAN_OR_EQUALS]. Validation Type [NEGATIVE]. @09-11-2021 01:50:48.0865 A

################################################################################################################################################
Starting Execution:	[24 out of 146] test cases in the current suite
Test Method:		[unitTests.tests_validations_assertions.assertComparativeRelation_greaterThanOrEquals_false_greaterThan_expectedToPass]
################################################################################################################################################
[ReportManager] Assertion [ValidateComparativeRelation] PASSED. Expected [2] and Actual [1]. Comparison Type [GREATER_THAN_OR_EQUALS]. Validation Type [NEGATIVE]. @09-11-2021 01:50:48.0870 A

################################################################################################################################################
Starting Execution:	[25 out of 146] test cases in the current suite
Test Method:		[unitTests.tests_validations_assertions.assertComparativeRelation_greaterThanOrEquals_true_equals_expectedToFail]
################################################################################################################################################
[ReportManager] Assertion [ValidateComparativeRelation] FAILED. Expected [1] and Actual [0]. Comparison Type [GREATER_THAN_OR_EQUALS]. Validation Type [POSITIVE]. @09-11-2021 01:50:48.0876 A

################################################################################################################################################
Starting Execution:	[26 out of 146] test cases in the current suite
Test Method:		[unitTests.tests_validations_assertions.assertComparativeRelation_greaterThanOrEquals_true_equals_expectedToPass]
################################################################################################################################################
[ReportManager] Assertion [ValidateComparativeRelation] PASSED. Expected [1] and Actual [1]. Comparison Type [GREATER_THAN_OR_EQUALS]. Validation Type [POSITIVE]. @09-11-2021 01:50:48.0880 A

################################################################################################################################################
Starting Execution:	[27 out of 146] test cases in the current suite
Test Method:		[unitTests.tests_validations_assertions.assertComparativeRelation_greaterThanOrEquals_true_greaterThan_expectedToFail]
################################################################################################################################################
[ReportManager] Assertion [ValidateComparativeRelation] FAILED. Expected [2] and Actual [1]. Comparison Type [GREATER_THAN_OR_EQUALS]. Validation Type [POSITIVE]. @09-11-2021 01:50:48.0885 A

################################################################################################################################################
Starting Execution:	[28 out of 146] test cases in the current suite
Test Method:		[unitTests.tests_validations_assertions.assertComparativeRelation_greaterThanOrEquals_true_greaterThan_expectedToPass]
################################################################################################################################################
[ReportManager] Assertion [ValidateComparativeRelation] PASSED. Expected [1] and Actual [2]. Comparison Type [GREATER_THAN_OR_EQUALS]. Validation Type [POSITIVE]. @09-11-2021 01:50:48.0889 A
[ReportManager] File Action [GetAbsolutePath] successfully performed. With the following test data [Relative Folder Path: "target/downloadedFiles/"]. @09-11-2021 01:50:48.0893 AM
[ReportManager] Attempting to run locally on: [Mac-64], [Safari], Headless Execution. @09-11-2021 01:50:48.0894 AM
[ReportManager] Successfully Opened Safari. @09-11-2021 01:50:49.0740 AM
[ReportManager] Initial window size: (800, 600) @09-11-2021 01:50:49.0773 AM
[ReportManager] Window size after SWD Maximize: (1176, 811) @09-11-2021 01:50:49.0855 AM
[ReportManager] Browser Action [MaximizeWindow] successfully performed. With the following test data [New screen size is now: (1176, 811)]. @09-11-2021 01:50:49.0855 AM
[ReportManager] Target URL: [https://www.google.com/ncr], and after redirection: [www.google.com] @09-11-2021 01:50:49.0856 AM
[ReportManager] Initial URL: [] @09-11-2021 01:50:49.0915 AM
[ReportManager] Browser Action [NavigateToURL] successfully performed. With the following test data [https://www.google.com/ncr]. @09-11-2021 01:50:51.0076 A

################################################################################################################################################
Starting Execution:	[29 out of 146] test cases in the current suite
Test Method:		[unitTests.tests_validations_assertions.assertElementAttribute_false_caseInsensitiveComparison_expectedToFail]
################################################################################################################################################
[ReportManager] Element Action [Type] successfully performed. With the following test data [AUTOMATION]. @09-11-2021 01:50:51.0493 AM
[ReportManager] Element Action [GetText] successfully performed. With the following test data [AUTOMATION]. @09-11-2021 01:50:51.0567 AM
[ReportManager] Loaded Shared OpenCV @09-11-2021 01:50:52.0966 AM
[ReportManager] Assertion [ValidateElementAttribute] FAILED. Expected [Value Should not be 'AutomaTion' for the 'text' attribute, element locator 'By.name: q'] and Actual [AUTOMATION]. Comparison Type [CASE_INSENSITIVE]. Validation Type [NEGATIVE]. @09-11-2021 01:50:53.0290 AM
[ReportManager] Successfully created attachment [Screenshot - 1636422651638_assertElementAttribute_false_caseInsensitiveComparison_expectedToFail_ValidateElementAttribute_failed] @09-11-2021 01:50:53.0293 A
[ReportManager] Browser Action [CloseCurrentWindow] successfully performed. @09-11-2021 01:50:53.0539 AM
[ReportManager] Successfully created attachment [Browser Action Test Data - CloseCurrentWindow - Actual Value] @09-11-2021 01:50:53.0540 A
[ReportManager] File Action [GetAbsolutePath] successfully performed. With the following test data [Relative Folder Path: "target/downloadedFiles/"]. @09-11-2021 01:50:53.0545 AM
[ReportManager] Attempting to run locally on: [Mac-64], [Safari], Headless Execution. @09-11-2021 01:50:53.0545 AM
[ReportManager] Successfully Opened Safari. @09-11-2021 01:50:54.0387 AM
[ReportManager] Initial window size: (800, 600) @09-11-2021 01:50:54.0394 AM
[ReportManager] Window size after SWD Maximize: (1176, 811) @09-11-2021 01:50:54.0417 AM
[ReportManager] Browser Action [MaximizeWindow] successfully performed. With the following test data [New screen size is now: (1176, 811)]. @09-11-2021 01:50:54.0418 AM
[ReportManager] Target URL: [https://www.google.com/ncr], and after redirection: [www.google.com] @09-11-2021 01:50:54.0418 AM
[ReportManager] Initial URL: [] @09-11-2021 01:50:54.0524 AM
[ReportManager] Browser Action [NavigateToURL] successfully performed. With the following test data [https://www.google.com/ncr]. @09-11-2021 01:50:56.0095 A

################################################################################################################################################
Starting Execution:	[30 out of 146] test cases in the current suite
Test Method:		[unitTests.tests_validations_assertions.assertElementAttribute_false_caseInsensitiveComparison_expectedToPass]
################################################################################################################################################
[ReportManager] Element Action [Type] successfully performed. With the following test data [AUTOMATION]. @09-11-2021 01:50:56.0703 AM
[ReportManager] Element Action [GetText] successfully performed. With the following test data [AUTOMATION]. @09-11-2021 01:50:56.0814 AM
[ReportManager] Loaded Shared OpenCV @09-11-2021 01:50:56.0882 AM
[ReportManager] Assertion [ValidateElementAttribute] PASSED. Expected [Value Should not be 'AutomaTion123' for the 'text' attribute, element locator 'By.name: q'] and Actual [AUTOMATION]. Comparison Type [CASE_INSENSITIVE]. Validation Type [NEGATIVE]. @09-11-2021 01:50:57.0003 AM
[ReportManager] Successfully created attachment [Screenshot - 1636422656882_assertElementAttribute_false_caseInsensitiveComparison_expectedToPass_ValidateElementAttribute_passed] @09-11-2021 01:50:57.0005 A
[ReportManager] Browser Action [CloseCurrentWindow] successfully performed. @09-11-2021 01:50:57.0244 AM
[ReportManager] Successfully created attachment [Browser Action Test Data - CloseCurrentWindow - Actual Value] @09-11-2021 01:50:57.0245 A
[ReportManager] File Action [GetAbsolutePath] successfully performed. With the following test data [Relative Folder Path: "target/downloadedFiles/"]. @09-11-2021 01:50:57.0249 AM
[ReportManager] Attempting to run locally on: [Mac-64], [Safari], Headless Execution. @09-11-2021 01:50:57.0249 AM
[ReportManager] Successfully Opened Safari. @09-11-2021 01:50:58.0174 AM
[ReportManager] Initial window size: (800, 600) @09-11-2021 01:50:58.0210 AM
[ReportManager] Window size after SWD Maximize: (1176, 811) @09-11-2021 01:50:58.0227 AM
[ReportManager] Browser Action [MaximizeWindow] successfully performed. With the following test data [New screen size is now: (1176, 811)]. @09-11-2021 01:50:58.0227 AM
[ReportManager] Target URL: [https://www.google.com/ncr], and after redirection: [www.google.com] @09-11-2021 01:50:58.0227 AM
[ReportManager] Initial URL: [] @09-11-2021 01:50:58.0302 AM
[ReportManager] Browser Action [NavigateToURL] successfully performed. With the following test data [https://www.google.com/ncr]. @09-11-2021 01:50:59.0779 A

################################################################################################################################################
Starting Execution:	[31 out of 146] test cases in the current suite
Test Method:		[unitTests.tests_validations_assertions.assertElementAttribute_false_containsComparison_expectedToFail]
################################################################################################################################################
[ReportManager] Element Action [Type] successfully performed. With the following test data [Automation123]. @09-11-2021 01:51:00.0327 AM
[ReportManager] Element Action [GetText] successfully performed. With the following test data [Automation123]. @09-11-2021 01:51:00.0409 AM
[ReportManager] Loaded Shared OpenCV @09-11-2021 01:51:00.0490 AM
[ReportManager] Assertion [ValidateElementAttribute] FAILED. Expected [Value Should not be 'Automation' for the 'text' attribute, element locator 'By.name: q'] and Actual [Automation123]. Comparison Type [CONTAINS]. Validation Type [NEGATIVE]. @09-11-2021 01:51:00.0611 AM
[ReportManager] Successfully created attachment [Screenshot - 1636422660490_assertElementAttribute_false_containsComparison_expectedToFail_ValidateElementAttribute_failed] @09-11-2021 01:51:00.0612 A
[ReportManager] Browser Action [CloseCurrentWindow] successfully performed. @09-11-2021 01:51:00.0792 AM
[ReportManager] Successfully created attachment [Browser Action Test Data - CloseCurrentWindow - Actual Value] @09-11-2021 01:51:00.0793 A
[ReportManager] File Action [GetAbsolutePath] successfully performed. With the following test data [Relative Folder Path: "target/downloadedFiles/"]. @09-11-2021 01:51:00.0797 AM
[ReportManager] Attempting to run locally on: [Mac-64], [Safari], Headless Execution. @09-11-2021 01:51:00.0797 AM
[ReportManager] Successfully Opened Safari. @09-11-2021 01:51:01.0666 AM
[ReportManager] Initial window size: (800, 600) @09-11-2021 01:51:01.0673 AM
[ReportManager] Window size after SWD Maximize: (1176, 811) @09-11-2021 01:51:01.0711 AM
[ReportManager] Browser Action [MaximizeWindow] successfully performed. With the following test data [New screen size is now: (1176, 811)]. @09-11-2021 01:51:01.0712 AM
[ReportManager] Target URL: [https://www.google.com/ncr], and after redirection: [www.google.com] @09-11-2021 01:51:01.0712 AM
[ReportManager] Initial URL: [] @09-11-2021 01:51:01.0838 AM
[ReportManager] Browser Action [NavigateToURL] successfully performed. With the following test data [https://www.google.com/ncr]. @09-11-2021 01:51:03.0346 A

################################################################################################################################################
Starting Execution:	[32 out of 146] test cases in the current suite
Test Method:		[unitTests.tests_validations_assertions.assertElementAttribute_false_containsComparison_expectedToPass]
################################################################################################################################################
[ReportManager] Element Action [Type] successfully performed. With the following test data [Automation123]. @09-11-2021 01:51:03.0828 AM
[ReportManager] Element Action [GetText] successfully performed. With the following test data [Automation123]. @09-11-2021 01:51:03.0891 AM
[ReportManager] Loaded Shared OpenCV @09-11-2021 01:51:03.0958 AM
[ReportManager] Assertion [ValidateElementAttribute] PASSED. Expected [Value Should not be 'Automation1234' for the 'text' attribute, element locator 'By.name: q'] and Actual [Automation123]. Comparison Type [CONTAINS]. Validation Type [NEGATIVE]. @09-11-2021 01:51:04.0087 AM
[ReportManager] Successfully created attachment [Screenshot - 1636422663958_assertElementAttribute_false_containsComparison_expectedToPass_ValidateElementAttribute_passed] @09-11-2021 01:51:04.0088 A
[ReportManager] Browser Action [CloseCurrentWindow] successfully performed. @09-11-2021 01:51:04.0161 AM
[ReportManager] Successfully created attachment [Browser Action Test Data - CloseCurrentWindow - Actual Value] @09-11-2021 01:51:04.0162 A
[ReportManager] File Action [GetAbsolutePath] successfully performed. With the following test data [Relative Folder Path: "target/downloadedFiles/"]. @09-11-2021 01:51:04.0174 AM
[ReportManager] Attempting to run locally on: [Mac-64], [Safari], Headless Execution. @09-11-2021 01:51:04.0174 AM
[ReportManager] Successfully Opened Safari. @09-11-2021 01:51:05.0008 AM
[ReportManager] Initial window size: (800, 600) @09-11-2021 01:51:05.0027 AM
[ReportManager] Window size after SWD Maximize: (1176, 811) @09-11-2021 01:51:05.0047 AM
[ReportManager] Browser Action [MaximizeWindow] successfully performed. With the following test data [New screen size is now: (1176, 811)]. @09-11-2021 01:51:05.0047 AM
[ReportManager] Target URL: [https://www.google.com/ncr], and after redirection: [www.google.com] @09-11-2021 01:51:05.0047 AM
[ReportManager] Initial URL: [] @09-11-2021 01:51:05.0120 AM
[ReportManager] Browser Action [NavigateToURL] successfully performed. With the following test data [https://www.google.com/ncr]. @09-11-2021 01:51:06.0616 A

################################################################################################################################################
Starting Execution:	[33 out of 146] test cases in the current suite
Test Method:		[unitTests.tests_validations_assertions.assertElementAttribute_false_literalComparison_expectedToFail]
################################################################################################################################################
[ReportManager] Element Action [Type] successfully performed. With the following test data [Automation!@#$%^&*()_+{}[]\';/.,]. @09-11-2021 01:51:07.0620 AM
[ReportManager] Element Action [GetText] successfully performed. With the following test data [Automation!@#$%^&*()_+{}[]\';/.,]. @09-11-2021 01:51:07.0719 AM
[ReportManager] Loaded Shared OpenCV @09-11-2021 01:51:07.0785 AM
[ReportManager] Assertion [ValidateElementAttribute] PASSED. Expected [Value Should not be 'Automation!@#$%^&*()_+{}[]\\';/.,' for the 'text' attribute, element locator 'By.name: q'] and Actual [Automation!@#$%^&*()_+{}[]\';/.,]. Comparison Type [EQUALS]. Validation Type [NEGATIVE]. @09-11-2021 01:51:07.0906 AM
[ReportManager] Successfully created attachment [Screenshot - 1636422667784_assertElementAttribute_false_literalComparison_expectedToFail_ValidateElementAttribute_passed] @09-11-2021 01:51:07.0908 A
[ReportManager] Browser Action [CloseCurrentWindow] successfully performed. @09-11-2021 01:51:08.0003 AM
[ReportManager] Successfully created attachment [Browser Action Test Data - CloseCurrentWindow - Actual Value] @09-11-2021 01:51:08.0004 A
[ReportManager] File Action [GetAbsolutePath] successfully performed. With the following test data [Relative Folder Path: "target/downloadedFiles/"]. @09-11-2021 01:51:08.0030 AM
[ReportManager] Attempting to run locally on: [Mac-64], [Safari], Headless Execution. @09-11-2021 01:51:08.0032 AM
[ReportManager] Successfully Opened Safari. @09-11-2021 01:51:08.0845 AM
[ReportManager] Initial window size: (800, 600) @09-11-2021 01:51:08.0868 AM
[ReportManager] Window size after SWD Maximize: (1176, 811) @09-11-2021 01:51:08.0902 AM
[ReportManager] Browser Action [MaximizeWindow] successfully performed. With the following test data [New screen size is now: (1176, 811)]. @09-11-2021 01:51:08.0903 AM
[ReportManager] Target URL: [https://www.google.com/ncr], and after redirection: [www.google.com] @09-11-2021 01:51:08.0903 AM
[ReportManager] Initial URL: [] @09-11-2021 01:51:08.0974 AM
[ReportManager] Browser Action [NavigateToURL] successfully performed. With the following test data [https://www.google.com/ncr]. @09-11-2021 01:51:10.0351 A

################################################################################################################################################
Starting Execution:	[34 out of 146] test cases in the current suite
Test Method:		[unitTests.tests_validations_assertions.assertElementAttribute_false_literalComparison_expectedToPass]
################################################################################################################################################
[ReportManager] Element Action [Type] successfully performed. With the following test data [Automation!@#$%^&*()_+{}[]\';/.,]. @09-11-2021 01:51:11.0579 AM
[ReportManager] Element Action [GetText] successfully performed. With the following test data [Automation!@#$%^&*()_+{}[]\';/.,]. @09-11-2021 01:51:11.0696 AM
[ReportManager] Loaded Shared OpenCV @09-11-2021 01:51:11.0808 AM
[ReportManager] Assertion [ValidateElementAttribute] PASSED. Expected [Value Should not be 'Automation' for the 'text' attribute, element locator 'By.name: q'] and Actual [Automation!@#$%^&*()_+{}[]\';/.,]. Comparison Type [EQUALS]. Validation Type [NEGATIVE]. @09-11-2021 01:51:11.0991 AM
[ReportManager] Successfully created attachment [Screenshot - 1636422671808_assertElementAttribute_false_literalComparison_expectedToPass_ValidateElementAttribute_passed] @09-11-2021 01:51:11.0995 A
[ReportManager] Browser Action [CloseCurrentWindow] successfully performed. @09-11-2021 01:51:12.0324 AM
[ReportManager] Successfully created attachment [Browser Action Test Data - CloseCurrentWindow - Actual Value] @09-11-2021 01:51:12.0325 A
[ReportManager] File Action [GetAbsolutePath] successfully performed. With the following test data [Relative Folder Path: "target/downloadedFiles/"]. @09-11-2021 01:51:12.0340 AM
[ReportManager] Attempting to run locally on: [Mac-64], [Safari], Headless Execution. @09-11-2021 01:51:12.0341 AM
[ReportManager] Successfully Opened Safari. @09-11-2021 01:51:13.0264 AM
[ReportManager] Initial window size: (800, 600) @09-11-2021 01:51:13.0269 AM
[ReportManager] Window size after SWD Maximize: (1176, 811) @09-11-2021 01:51:13.0295 AM
[ReportManager] Browser Action [MaximizeWindow] successfully performed. With the following test data [New screen size is now: (1176, 811)]. @09-11-2021 01:51:13.0295 AM
[ReportManager] Target URL: [https://www.google.com/ncr], and after redirection: [www.google.com] @09-11-2021 01:51:13.0295 AM
[ReportManager] Initial URL: [] @09-11-2021 01:51:13.0351 AM
[ReportManager] Browser Action [NavigateToURL] successfully performed. With the following test data [https://www.google.com/ncr]. @09-11-2021 01:51:14.0808 A

################################################################################################################################################
Starting Execution:	[35 out of 146] test cases in the current suite
Test Method:		[unitTests.tests_validations_assertions.assertElementAttribute_false_regexComparison_expectedToFail]
################################################################################################################################################
[ReportManager] Element Action [Type] successfully performed. With the following test data [Automation123]. @09-11-2021 01:51:15.0587 AM
[ReportManager] Element Action [GetText] successfully performed. With the following test data [Automation123]. @09-11-2021 01:51:15.0649 AM
[ReportManager] Loaded Shared OpenCV @09-11-2021 01:51:15.0741 AM
[ReportManager] Assertion [ValidateElementAttribute] FAILED. Expected [Value Should not be 'Automation.*' for the 'text' attribute, element locator 'By.name: q'] and Actual [Automation123]. Comparison Type [MATCHES]. Validation Type [NEGATIVE]. @09-11-2021 01:51:15.0849 AM
[ReportManager] Successfully created attachment [Screenshot - 1636422675741_assertElementAttribute_false_regexComparison_expectedToFail_ValidateElementAttribute_failed] @09-11-2021 01:51:15.0851 A
[ReportManager] Browser Action [CloseCurrentWindow] successfully performed. @09-11-2021 01:51:15.0960 AM
[ReportManager] Successfully created attachment [Browser Action Test Data - CloseCurrentWindow - Actual Value] @09-11-2021 01:51:15.0961 A
[ReportManager] File Action [GetAbsolutePath] successfully performed. With the following test data [Relative Folder Path: "target/downloadedFiles/"]. @09-11-2021 01:51:15.0975 AM
[ReportManager] Attempting to run locally on: [Mac-64], [Safari], Headless Execution. @09-11-2021 01:51:15.0975 AM
[ReportManager] Successfully Opened Safari. @09-11-2021 01:51:16.0823 AM
[ReportManager] Initial window size: (800, 600) @09-11-2021 01:51:16.0852 AM
[ReportManager] Window size after SWD Maximize: (1176, 811) @09-11-2021 01:51:16.0919 AM
[ReportManager] Browser Action [MaximizeWindow] successfully performed. With the following test data [New screen size is now: (1176, 811)]. @09-11-2021 01:51:16.0920 AM
[ReportManager] Target URL: [https://www.google.com/ncr], and after redirection: [www.google.com] @09-11-2021 01:51:16.0920 AM
[ReportManager] Initial URL: [] @09-11-2021 01:51:16.0959 AM
[ReportManager] Browser Action [NavigateToURL] successfully performed. With the following test data [https://www.google.com/ncr]. @09-11-2021 01:51:18.0428 A

################################################################################################################################################
Starting Execution:	[36 out of 146] test cases in the current suite
Test Method:		[unitTests.tests_validations_assertions.assertElementAttribute_false_regexComparison_expectedToPass]
################################################################################################################################################
[ReportManager] Element Action [Type] successfully performed. With the following test data [Automation123]. @09-11-2021 01:51:19.0069 AM
[ReportManager] Element Action [GetText] successfully performed. With the following test data [Automation123]. @09-11-2021 01:51:19.0126 AM
[ReportManager] Loaded Shared OpenCV @09-11-2021 01:51:19.0190 AM
[ReportManager] Assertion [ValidateElementAttribute] PASSED. Expected [Value Should not be 'Automation' for the 'text' attribute, element locator 'By.name: q'] and Actual [Automation123]. Comparison Type [MATCHES]. Validation Type [NEGATIVE]. @09-11-2021 01:51:19.0381 AM
[ReportManager] Successfully created attachment [Screenshot - 1636422679190_assertElementAttribute_false_regexComparison_expectedToPass_ValidateElementAttribute_passed] @09-11-2021 01:51:19.0383 A
[ReportManager] Browser Action [CloseCurrentWindow] successfully performed. @09-11-2021 01:51:19.0652 AM
[ReportManager] Successfully created attachment [Browser Action Test Data - CloseCurrentWindow - Actual Value] @09-11-2021 01:51:19.0653 A
[ReportManager] File Action [GetAbsolutePath] successfully performed. With the following test data [Relative Folder Path: "target/downloadedFiles/"]. @09-11-2021 01:51:19.0659 AM
[ReportManager] Attempting to run locally on: [Mac-64], [Safari], Headless Execution. @09-11-2021 01:51:19.0659 AM
[ReportManager] Successfully Opened Safari. @09-11-2021 01:51:20.0579 AM
[ReportManager] Initial window size: (800, 600) @09-11-2021 01:51:20.0596 AM
[ReportManager] Window size after SWD Maximize: (1176, 811) @09-11-2021 01:51:20.0607 AM
[ReportManager] Browser Action [MaximizeWindow] successfully performed. With the following test data [New screen size is now: (1176, 811)]. @09-11-2021 01:51:20.0607 AM
[ReportManager] Target URL: [https://www.google.com/ncr], and after redirection: [www.google.com] @09-11-2021 01:51:20.0607 AM
[ReportManager] Initial URL: [] @09-11-2021 01:51:20.0686 AM
[ReportManager] Browser Action [NavigateToURL] successfully performed. With the following test data [https://www.google.com/ncr]. @09-11-2021 01:51:22.0046 A

################################################################################################################################################
Starting Execution:	[37 out of 146] test cases in the current suite
Test Method:		[unitTests.tests_validations_assertions.assertElementAttribute_true_caseInsensitiveComparison_expectedToFail]
################################################################################################################################################
[ReportManager] Element Action [Type] successfully performed. With the following test data [AUTOMATION]. @09-11-2021 01:51:22.0553 AM
[ReportManager] Element Action [GetText] successfully performed. With the following test data [AUTOMATION]. @09-11-2021 01:51:22.0603 AM
[ReportManager] Loaded Shared OpenCV @09-11-2021 01:51:22.0669 AM
[ReportManager] Assertion [ValidateElementAttribute] FAILED. Expected [Value Should be 'AutomaTion123' for the 'text' attribute, element locator 'By.name: q'] and Actual [AUTOMATION]. Comparison Type [CASE_INSENSITIVE]. Validation Type [POSITIVE]. @09-11-2021 01:51:22.0834 AM
[ReportManager] Successfully created attachment [Screenshot - 1636422682669_assertElementAttribute_true_caseInsensitiveComparison_expectedToFail_ValidateElementAttribute_failed] @09-11-2021 01:51:22.0836 A
[ReportManager] Browser Action [CloseCurrentWindow] successfully performed. @09-11-2021 01:51:23.0032 AM
[ReportManager] Successfully created attachment [Browser Action Test Data - CloseCurrentWindow - Actual Value] @09-11-2021 01:51:23.0036 A
[ReportManager] File Action [GetAbsolutePath] successfully performed. With the following test data [Relative Folder Path: "target/downloadedFiles/"]. @09-11-2021 01:51:23.0051 AM
[ReportManager] Attempting to run locally on: [Mac-64], [Safari], Headless Execution. @09-11-2021 01:51:23.0052 AM
[ReportManager] Successfully Opened Safari. @09-11-2021 01:51:23.0890 AM
[ReportManager] Initial window size: (800, 600) @09-11-2021 01:51:23.0925 AM
[ReportManager] Window size after SWD Maximize: (1176, 811) @09-11-2021 01:51:23.0944 AM
[ReportManager] Browser Action [MaximizeWindow] successfully performed. With the following test data [New screen size is now: (1176, 811)]. @09-11-2021 01:51:23.0944 AM
[ReportManager] Target URL: [https://www.google.com/ncr], and after redirection: [www.google.com] @09-11-2021 01:51:23.0944 AM
[ReportManager] Initial URL: [] @09-11-2021 01:51:24.0026 AM
[ReportManager] Browser Action [NavigateToURL] successfully performed. With the following test data [https://www.google.com/ncr]. @09-11-2021 01:51:25.0535 A

################################################################################################################################################
Starting Execution:	[38 out of 146] test cases in the current suite
Test Method:		[unitTests.tests_validations_assertions.assertElementAttribute_true_caseInsensitiveComparison_expectedToPass]
################################################################################################################################################
[ReportManager] Element Action [Type] successfully performed. With the following test data [AUTOMATION]. @09-11-2021 01:51:25.0994 AM
[ReportManager] Element Action [GetText] successfully performed. With the following test data [AUTOMATION]. @09-11-2021 01:51:26.0048 AM
[ReportManager] Loaded Shared OpenCV @09-11-2021 01:51:26.0117 AM
[ReportManager] Assertion [ValidateElementAttribute] PASSED. Expected [Value Should be 'AutomaTion' for the 'text' attribute, element locator 'By.name: q'] and Actual [AUTOMATION]. Comparison Type [CASE_INSENSITIVE]. Validation Type [POSITIVE]. @09-11-2021 01:51:26.0248 AM
[ReportManager] Successfully created attachment [Screenshot - 1636422686116_assertElementAttribute_true_caseInsensitiveComparison_expectedToPass_ValidateElementAttribute_passed] @09-11-2021 01:51:26.0251 A
[ReportManager] Browser Action [CloseCurrentWindow] successfully performed. @09-11-2021 01:51:26.0522 AM
[ReportManager] Successfully created attachment [Browser Action Test Data - CloseCurrentWindow - Actual Value] @09-11-2021 01:51:26.0522 A
[ReportManager] File Action [GetAbsolutePath] successfully performed. With the following test data [Relative Folder Path: "target/downloadedFiles/"]. @09-11-2021 01:51:26.0527 AM
[ReportManager] Attempting to run locally on: [Mac-64], [Safari], Headless Execution. @09-11-2021 01:51:26.0527 AM
[ReportManager] Successfully Opened Safari. @09-11-2021 01:51:27.0309 AM
[ReportManager] Initial window size: (800, 600) @09-11-2021 01:51:27.0327 AM
[ReportManager] Window size after SWD Maximize: (1176, 811) @09-11-2021 01:51:27.0339 AM
[ReportManager] Browser Action [MaximizeWindow] successfully performed. With the following test data [New screen size is now: (1176, 811)]. @09-11-2021 01:51:27.0339 AM
[ReportManager] Target URL: [https://www.google.com/ncr], and after redirection: [www.google.com] @09-11-2021 01:51:27.0339 AM
[ReportManager] Initial URL: [] @09-11-2021 01:51:27.0421 AM
[ReportManager] Browser Action [NavigateToURL] successfully performed. With the following test data [https://www.google.com/ncr]. @09-11-2021 01:51:28.0881 A

################################################################################################################################################
Starting Execution:	[39 out of 146] test cases in the current suite
Test Method:		[unitTests.tests_validations_assertions.assertElementAttribute_true_containsComparison_expectedToFail]
################################################################################################################################################
[ReportManager] Element Action [Type] successfully performed. With the following test data [Automation123]. @09-11-2021 01:51:29.0397 AM
[ReportManager] Element Action [GetText] successfully performed. With the following test data [Automation123]. @09-11-2021 01:51:29.0456 AM
[ReportManager] Loaded Shared OpenCV @09-11-2021 01:51:29.0518 AM
[ReportManager] Assertion [ValidateElementAttribute] FAILED. Expected [Value Should be 'Automation1234' for the 'text' attribute, element locator 'By.name: q'] and Actual [Automation123]. Comparison Type [CONTAINS]. Validation Type [POSITIVE]. @09-11-2021 01:51:29.0619 AM
[ReportManager] Successfully created attachment [Screenshot - 1636422689518_assertElementAttribute_true_containsComparison_expectedToFail_ValidateElementAttribute_failed] @09-11-2021 01:51:29.0620 A
[ReportManager] Browser Action [CloseCurrentWindow] successfully performed. @09-11-2021 01:51:29.0694 AM
[ReportManager] Successfully created attachment [Browser Action Test Data - CloseCurrentWindow - Actual Value] @09-11-2021 01:51:29.0695 A
[ReportManager] File Action [GetAbsolutePath] successfully performed. With the following test data [Relative Folder Path: "target/downloadedFiles/"]. @09-11-2021 01:51:29.0702 AM
[ReportManager] Attempting to run locally on: [Mac-64], [Safari], Headless Execution. @09-11-2021 01:51:29.0702 AM
[ReportManager] Successfully Opened Safari. @09-11-2021 01:51:30.0477 AM
[ReportManager] Initial window size: (800, 600) @09-11-2021 01:51:30.0509 AM
[ReportManager] Window size after SWD Maximize: (1176, 811) @09-11-2021 01:51:30.0566 AM
[ReportManager] Browser Action [MaximizeWindow] successfully performed. With the following test data [New screen size is now: (1176, 811)]. @09-11-2021 01:51:30.0567 AM
[ReportManager] Target URL: [https://www.google.com/ncr], and after redirection: [www.google.com] @09-11-2021 01:51:30.0567 AM
[ReportManager] Initial URL: [] @09-11-2021 01:51:30.0620 AM
[ReportManager] Browser Action [NavigateToURL] successfully performed. With the following test data [https://www.google.com/ncr]. @09-11-2021 01:51:31.0458 A

################################################################################################################################################
Starting Execution:	[40 out of 146] test cases in the current suite
Test Method:		[unitTests.tests_validations_assertions.assertElementAttribute_true_containsComparison_expectedToPass]
################################################################################################################################################
[ReportManager] Element Action [Type] successfully performed. With the following test data [Automation123]. @09-11-2021 01:51:31.0991 AM
[ReportManager] Element Action [GetText] successfully performed. With the following test data [Automation123]. @09-11-2021 01:51:32.0040 AM
[ReportManager] Loaded Shared OpenCV @09-11-2021 01:51:32.0102 AM
[ReportManager] Assertion [ValidateElementAttribute] PASSED. Expected [Value Should be 'Automation' for the 'text' attribute, element locator 'By.name: q'] and Actual [Automation123]. Comparison Type [CONTAINS]. Validation Type [POSITIVE]. @09-11-2021 01:51:32.0276 AM
[ReportManager] Successfully created attachment [Screenshot - 1636422692102_assertElementAttribute_true_containsComparison_expectedToPass_ValidateElementAttribute_passed] @09-11-2021 01:51:32.0278 A
[ReportManager] Browser Action [CloseCurrentWindow] successfully performed. @09-11-2021 01:51:32.0499 AM
[ReportManager] Successfully created attachment [Browser Action Test Data - CloseCurrentWindow - Actual Value] @09-11-2021 01:51:32.0500 A
[ReportManager] File Action [GetAbsolutePath] successfully performed. With the following test data [Relative Folder Path: "target/downloadedFiles/"]. @09-11-2021 01:51:32.0504 AM
[ReportManager] Attempting to run locally on: [Mac-64], [Safari], Headless Execution. @09-11-2021 01:51:32.0504 AM
[ReportManager] Successfully Opened Safari. @09-11-2021 01:51:33.0280 AM
[ReportManager] Initial window size: (800, 600) @09-11-2021 01:51:33.0304 AM
[ReportManager] Window size after SWD Maximize: (1176, 811) @09-11-2021 01:51:33.0323 AM
[ReportManager] Browser Action [MaximizeWindow] successfully performed. With the following test data [New screen size is now: (1176, 811)]. @09-11-2021 01:51:33.0324 AM
[ReportManager] Target URL: [https://www.google.com/ncr], and after redirection: [www.google.com] @09-11-2021 01:51:33.0324 AM
[ReportManager] Initial URL: [] @09-11-2021 01:51:33.0391 AM
[ReportManager] Browser Action [NavigateToURL] successfully performed. With the following test data [https://www.google.com/ncr]. @09-11-2021 01:51:34.0619 A

################################################################################################################################################
Starting Execution:	[41 out of 146] test cases in the current suite
Test Method:		[unitTests.tests_validations_assertions.assertElementAttribute_true_literalComparison_expectedToFail]
################################################################################################################################################
[ReportManager] Element Action [Type] successfully performed. With the following test data [Automation!@#$%^&*()_+{}[]\';/.,]. @09-11-2021 01:51:35.0678 AM
[ReportManager] Element Action [GetText] successfully performed. With the following test data [Automation!@#$%^&*()_+{}[]\';/.,]. @09-11-2021 01:51:35.0730 AM
[ReportManager] Loaded Shared OpenCV @09-11-2021 01:51:35.0794 AM
[ReportManager] Assertion [ValidateElementAttribute] FAILED. Expected [Value Should be 'Automation' for the 'text' attribute, element locator 'By.name: q'] and Actual [Automation!@#$%^&*()_+{}[]\';/.,]. Comparison Type [EQUALS]. Validation Type [POSITIVE]. @09-11-2021 01:51:35.0957 AM
[ReportManager] Successfully created attachment [Screenshot - 1636422695794_assertElementAttribute_true_literalComparison_expectedToFail_ValidateElementAttribute_failed] @09-11-2021 01:51:35.0959 A
[ReportManager] Browser Action [CloseCurrentWindow] successfully performed. @09-11-2021 01:51:36.0382 AM
[ReportManager] Successfully created attachment [Browser Action Test Data - CloseCurrentWindow - Actual Value] @09-11-2021 01:51:36.0383 A
[ReportManager] File Action [GetAbsolutePath] successfully performed. With the following test data [Relative Folder Path: "target/downloadedFiles/"]. @09-11-2021 01:51:36.0387 AM
[ReportManager] Attempting to run locally on: [Mac-64], [Safari], Headless Execution. @09-11-2021 01:51:36.0387 AM
[ReportManager] Successfully Opened Safari. @09-11-2021 01:51:37.0227 AM
[ReportManager] Initial window size: (800, 600) @09-11-2021 01:51:37.0255 AM
[ReportManager] Window size after SWD Maximize: (1176, 811) @09-11-2021 01:51:37.0278 AM
[ReportManager] Browser Action [MaximizeWindow] successfully performed. With the following test data [New screen size is now: (1176, 811)]. @09-11-2021 01:51:37.0278 AM
[ReportManager] Target URL: [https://www.google.com/ncr], and after redirection: [www.google.com] @09-11-2021 01:51:37.0278 AM
[ReportManager] Initial URL: [] @09-11-2021 01:51:37.0361 AM
[ReportManager] Browser Action [NavigateToURL] successfully performed. With the following test data [https://www.google.com/ncr]. @09-11-2021 01:51:38.0730 A

################################################################################################################################################
Starting Execution:	[42 out of 146] test cases in the current suite
Test Method:		[unitTests.tests_validations_assertions.assertElementAttribute_true_literalComparison_expectedToPass]
################################################################################################################################################
[ReportManager] Element Action [Type] successfully performed. With the following test data [Automation!@#$%^&*()_+{}[]\';/.,]. @09-11-2021 01:51:39.0774 AM
[ReportManager] Element Action [GetText] successfully performed. With the following test data [Automation!@#$%^&*()_+{}[]\';/.,]. @09-11-2021 01:51:39.0826 AM
[ReportManager] Loaded Shared OpenCV @09-11-2021 01:51:39.0887 AM
[ReportManager] Assertion [ValidateElementAttribute] PASSED. Expected [Value Should be 'Automation!@#$%^&*()_+{}[]\';/.,' for the 'text' attribute, element locator 'By.name: q'] and Actual [Automation!@#$%^&*()_+{}[]\';/.,]. Comparison Type [EQUALS]. Validation Type [POSITIVE]. @09-11-2021 01:51:40.0074 AM
[ReportManager] Successfully created attachment [Screenshot - 1636422699887_assertElementAttribute_true_literalComparison_expectedToPass_ValidateElementAttribute_passed] @09-11-2021 01:51:40.0076 A
[ReportManager] Browser Action [CloseCurrentWindow] successfully performed. @09-11-2021 01:51:40.0481 AM
[ReportManager] Successfully created attachment [Browser Action Test Data - CloseCurrentWindow - Actual Value] @09-11-2021 01:51:40.0481 A
[ReportManager] File Action [GetAbsolutePath] successfully performed. With the following test data [Relative Folder Path: "target/downloadedFiles/"]. @09-11-2021 01:51:40.0485 AM
[ReportManager] Attempting to run locally on: [Mac-64], [Safari], Headless Execution. @09-11-2021 01:51:40.0485 AM
[ReportManager] Successfully Opened Safari. @09-11-2021 01:51:41.0278 AM
[ReportManager] Initial window size: (800, 600) @09-11-2021 01:51:41.0283 AM
[ReportManager] Window size after SWD Maximize: (1176, 811) @09-11-2021 01:51:41.0303 AM
[ReportManager] Browser Action [MaximizeWindow] successfully performed. With the following test data [New screen size is now: (1176, 811)]. @09-11-2021 01:51:41.0304 AM
[ReportManager] Target URL: [https://www.google.com/ncr], and after redirection: [www.google.com] @09-11-2021 01:51:41.0305 AM
[ReportManager] Initial URL: [] @09-11-2021 01:51:41.0384 AM
[ReportManager] Browser Action [NavigateToURL] successfully performed. With the following test data [https://www.google.com/ncr]. @09-11-2021 01:51:42.0765 A

################################################################################################################################################
Starting Execution:	[43 out of 146] test cases in the current suite
Test Method:		[unitTests.tests_validations_assertions.assertElementAttribute_true_regexComparison_expectedToFail]
################################################################################################################################################
[ReportManager] Element Action [Type] successfully performed. With the following test data [Automation123]. @09-11-2021 01:51:43.0247 AM
[ReportManager] Element Action [GetText] successfully performed. With the following test data [Automation123]. @09-11-2021 01:51:43.0297 AM
[ReportManager] Loaded Shared OpenCV @09-11-2021 01:51:43.0352 AM
[ReportManager] Assertion [ValidateElementAttribute] FAILED. Expected [Value Should be 'Automation' for the 'text' attribute, element locator 'By.name: q'] and Actual [Automation123]. Comparison Type [MATCHES]. Validation Type [POSITIVE]. @09-11-2021 01:51:43.0454 AM
[ReportManager] Successfully created attachment [Screenshot - 1636422703352_assertElementAttribute_true_regexComparison_expectedToFail_ValidateElementAttribute_failed] @09-11-2021 01:51:43.0455 A
[ReportManager] Browser Action [CloseCurrentWindow] successfully performed. @09-11-2021 01:51:43.0765 AM
[ReportManager] Successfully created attachment [Browser Action Test Data - CloseCurrentWindow - Actual Value] @09-11-2021 01:51:43.0766 A
[ReportManager] File Action [GetAbsolutePath] successfully performed. With the following test data [Relative Folder Path: "target/downloadedFiles/"]. @09-11-2021 01:51:43.0771 AM
[ReportManager] Attempting to run locally on: [Mac-64], [Safari], Headless Execution. @09-11-2021 01:51:43.0771 AM
[ReportManager] Successfully Opened Safari. @09-11-2021 01:51:44.0595 AM
[ReportManager] Initial window size: (800, 600) @09-11-2021 01:51:44.0617 AM
[ReportManager] Window size after SWD Maximize: (1176, 811) @09-11-2021 01:51:44.0643 AM
[ReportManager] Browser Action [MaximizeWindow] successfully performed. With the following test data [New screen size is now: (1176, 811)]. @09-11-2021 01:51:44.0644 AM
[ReportManager] Target URL: [https://www.google.com/ncr], and after redirection: [www.google.com] @09-11-2021 01:51:44.0644 AM
[ReportManager] Initial URL: [] @09-11-2021 01:51:44.0737 AM
[ReportManager] Browser Action [NavigateToURL] successfully performed. With the following test data [https://www.google.com/ncr]. @09-11-2021 01:51:45.0699 A

################################################################################################################################################
Starting Execution:	[44 out of 146] test cases in the current suite
Test Method:		[unitTests.tests_validations_assertions.assertElementAttribute_true_regexComparison_expectedToPass]
################################################################################################################################################
[ReportManager] Element Action [Type] successfully performed. With the following test data [Automation123]. @09-11-2021 01:51:46.0272 AM
[ReportManager] Element Action [GetText] successfully performed. With the following test data [Automation123]. @09-11-2021 01:51:46.0352 AM
[ReportManager] Loaded Shared OpenCV @09-11-2021 01:51:46.0419 AM
[ReportManager] Assertion [ValidateElementAttribute] PASSED. Expected [Value Should be 'Automation.*' for the 'text' attribute, element locator 'By.name: q'] and Actual [Automation123]. Comparison Type [MATCHES]. Validation Type [POSITIVE]. @09-11-2021 01:51:46.0595 AM
[ReportManager] Successfully created attachment [Screenshot - 1636422706419_assertElementAttribute_true_regexComparison_expectedToPass_ValidateElementAttribute_passed] @09-11-2021 01:51:46.0596 A
[ReportManager] Browser Action [CloseCurrentWindow] successfully performed. @09-11-2021 01:51:46.0896 AM
[ReportManager] Successfully created attachment [Browser Action Test Data - CloseCurrentWindow - Actual Value] @09-11-2021 01:51:46.0897 A
[ReportManager] File Action [GetAbsolutePath] successfully performed. With the following test data [Relative Folder Path: "target/downloadedFiles/"]. @09-11-2021 01:51:46.0901 AM
[ReportManager] Attempting to run locally on: [Mac-64], [Safari], Headless Execution. @09-11-2021 01:51:46.0901 AM
[ReportManager] Successfully Opened Safari. @09-11-2021 01:51:47.0713 AM
[ReportManager] Initial window size: (800, 600) @09-11-2021 01:51:47.0741 AM
[ReportManager] Window size after SWD Maximize: (1176, 811) @09-11-2021 01:51:47.0765 AM
[ReportManager] Browser Action [MaximizeWindow] successfully performed. With the following test data [New screen size is now: (1176, 811)]. @09-11-2021 01:51:47.0766 AM
[ReportManager] Target URL: [https://www.google.com/ncr], and after redirection: [www.google.com] @09-11-2021 01:51:47.0766 AM
[ReportManager] Initial URL: [] @09-11-2021 01:51:47.0834 AM
[ReportManager] Browser Action [NavigateToURL] successfully performed. With the following test data [https://www.google.com/ncr]. @09-11-2021 01:51:48.0763 A

################################################################################################################################################
Starting Execution:	[45 out of 146] test cases in the current suite
Test Method:		[unitTests.tests_validations_assertions.assertElementAttribute_type_true_literalComparison_expectedToPass]
################################################################################################################################################
[ReportManager] Element Action [Type] successfully performed. With the following test data [Automation!@#$%^&*()_+{}[]\';/.,]. @09-11-2021 01:51:49.0927 AM
[ReportManager] Element Action [GetText] successfully performed. With the following test data [Automation!@#$%^&*()_+{}[]\';/.,]. @09-11-2021 01:51:49.0980 AM
[ReportManager] Loaded Shared OpenCV @09-11-2021 01:51:50.0046 AM
[ReportManager] Assertion [ValidateElementAttribute] PASSED. Expected [Value Should be 'Automation!@#$%^&*()_+{}[]\';/.,' for the 'text' attribute, element locator 'By.name: q'] and Actual [Automation!@#$%^&*()_+{}[]\';/.,]. Comparison Type [EQUALS]. Validation Type [POSITIVE]. @09-11-2021 01:51:50.0176 AM
[ReportManager] Successfully created attachment [Screenshot - 1636422710045_assertElementAttribute_type_true_literalComparison_expectedToPass_ValidateElementAttribute_passed] @09-11-2021 01:51:50.0178 A
[ReportManager] Browser Action [CloseCurrentWindow] successfully performed. @09-11-2021 01:51:50.0450 AM
[ReportManager] Successfully created attachment [Browser Action Test Data - CloseCurrentWindow - Actual Value] @09-11-2021 01:51:50.0451 A
[ReportManager] File Action [GetAbsolutePath] successfully performed. With the following test data [Relative Folder Path: "target/downloadedFiles/"]. @09-11-2021 01:51:50.0457 AM
[ReportManager] Attempting to run locally on: [Mac-64], [Safari], Headless Execution. @09-11-2021 01:51:50.0457 AM
[ReportManager] Successfully Opened Safari. @09-11-2021 01:51:51.0360 AM
[ReportManager] Initial window size: (800, 600) @09-11-2021 01:51:51.0380 AM
[ReportManager] Window size after SWD Maximize: (1176, 811) @09-11-2021 01:51:51.0407 AM
[ReportManager] Browser Action [MaximizeWindow] successfully performed. With the following test data [New screen size is now: (1176, 811)]. @09-11-2021 01:51:51.0407 AM
[ReportManager] Target URL: [https://www.google.com/ncr], and after redirection: [www.google.com] @09-11-2021 01:51:51.0407 AM
[ReportManager] Initial URL: [] @09-11-2021 01:51:51.0487 AM
[ReportManager] Browser Action [NavigateToURL] successfully performed. With the following test data [https://www.google.com/ncr]. @09-11-2021 01:51:52.0948 A

################################################################################################################################################
Starting Execution:	[46 out of 146] test cases in the current suite
Test Method:		[unitTests.tests_validations_assertions.assertElementExists_false_expectedToFail]
################################################################################################################################################
[ReportManager] Loaded Shared OpenCV @09-11-2021 01:51:53.0244 AM
[ReportManager] Assertion [ValidateElementExists] FAILED. Expected [Element Should not Exist, locator 'By.id: hplogo'] and Actual [Element Exists]. Comparison Type [EQUALS]. Validation Type [NEGATIVE]. @09-11-2021 01:51:53.0358 AM
[ReportManager] Successfully created attachment [Screenshot - 1636422713244_assertElementExists_false_expectedToFail_ValidateElementExists_failed] @09-11-2021 01:51:53.0359 A
[ReportManager] Browser Action [CloseCurrentWindow] successfully performed. @09-11-2021 01:51:53.0611 AM
[ReportManager] Successfully created attachment [Browser Action Test Data - CloseCurrentWindow - Actual Value] @09-11-2021 01:51:53.0611 A
[ReportManager] File Action [GetAbsolutePath] successfully performed. With the following test data [Relative Folder Path: "target/downloadedFiles/"]. @09-11-2021 01:51:53.0616 AM
[ReportManager] Attempting to run locally on: [Mac-64], [Safari], Headless Execution. @09-11-2021 01:51:53.0616 AM
[ReportManager] Successfully Opened Safari. @09-11-2021 01:51:54.0390 AM
[ReportManager] Initial window size: (800, 600) @09-11-2021 01:51:54.0422 AM
[ReportManager] Window size after SWD Maximize: (1176, 811) @09-11-2021 01:51:54.0464 AM
[ReportManager] Browser Action [MaximizeWindow] successfully performed. With the following test data [New screen size is now: (1176, 811)]. @09-11-2021 01:51:54.0465 AM
[ReportManager] Target URL: [https://www.google.com/ncr], and after redirection: [www.google.com] @09-11-2021 01:51:54.0465 AM
[ReportManager] Initial URL: [] @09-11-2021 01:51:54.0542 AM
[ReportManager] Browser Action [NavigateToURL] successfully performed. With the following test data [https://www.google.com/ncr]. @09-11-2021 01:51:56.0008 A

################################################################################################################################################
Starting Execution:	[47 out of 146] test cases in the current suite
Test Method:		[unitTests.tests_validations_assertions.assertElementExists_false_expectedToPass]
###############################################################################################################################################
[ReportManager] Browser Action [CloseCurrentWindow] successfully performed. @09-11-2021 01:51:56.0466 AM
[ReportManager] Successfully created attachment [Browser Action Test Data - CloseCurrentWindow - Actual Value] @09-11-2021 01:51:56.0467 A
[ReportManager] File Action [GetAbsolutePath] successfully performed. With the following test data [Relative Folder Path: "target/downloadedFiles/"]. @09-11-2021 01:51:56.0473 AM
[ReportManager] Attempting to run locally on: [Mac-64], [Safari], Headless Execution. @09-11-2021 01:51:56.0474 AM
[ReportManager] Successfully Opened Safari. @09-11-2021 01:51:57.0408 AM
[ReportManager] Initial window size: (800, 600) @09-11-2021 01:51:57.0427 AM
[ReportManager] Window size after SWD Maximize: (1176, 811) @09-11-2021 01:51:57.0444 AM
[ReportManager] Browser Action [MaximizeWindow] successfully performed. With the following test data [New screen size is now: (1176, 811)]. @09-11-2021 01:51:57.0444 AM
[ReportManager] Target URL: [https://www.google.com/ncr], and after redirection: [www.google.com] @09-11-2021 01:51:57.0444 AM
[ReportManager] Initial URL: [] @09-11-2021 01:51:57.0542 AM
[ReportManager] Browser Action [NavigateToURL] successfully performed. With the following test data [https://www.google.com/ncr]. @09-11-2021 01:51:58.0545 A

################################################################################################################################################
Starting Execution:	[48 out of 146] test cases in the current suite
Test Method:		[unitTests.tests_validations_assertions.assertElementExists_false_multipleElementsFound_expectedToFail]
################################################################################################################################################
[ReportManager] Loaded Shared OpenCV @09-11-2021 01:51:58.0673 AM
[ReportManager] Assertion [ValidateElementExists] FAILED. Expected [Element Should not Exist, locator 'By.xpath: //div'] and Actual [Element Exists but is not unique]. Comparison Type [EQUALS]. Validation Type [NEGATIVE]. @09-11-2021 01:51:58.0802 AM
[ReportManager] Successfully created attachment [Screenshot - 1636422718673_assertElementExists_false_multipleElementsFound_expectedToFail_ValidateElementExists_failed] @09-11-2021 01:51:58.0804 A
[ReportManager] Browser Action [CloseCurrentWindow] successfully performed. @09-11-2021 01:51:59.0083 AM
[ReportManager] Successfully created attachment [Browser Action Test Data - CloseCurrentWindow - Actual Value] @09-11-2021 01:51:59.0084 A
[ReportManager] File Action [GetAbsolutePath] successfully performed. With the following test data [Relative Folder Path: "target/downloadedFiles/"]. @09-11-2021 01:51:59.0089 AM
[ReportManager] Attempting to run locally on: [Mac-64], [Safari], Headless Execution. @09-11-2021 01:51:59.0089 AM
[ReportManager] Successfully Opened Safari. @09-11-2021 01:51:59.0913 AM
[ReportManager] Initial window size: (800, 600) @09-11-2021 01:51:59.0928 AM
[ReportManager] Window size after SWD Maximize: (1176, 811) @09-11-2021 01:51:59.0951 AM
[ReportManager] Browser Action [MaximizeWindow] successfully performed. With the following test data [New screen size is now: (1176, 811)]. @09-11-2021 01:51:59.0952 AM
[ReportManager] Target URL: [https://www.google.com/ncr], and after redirection: [www.google.com] @09-11-2021 01:51:59.0952 AM
[ReportManager] Initial URL: [] @09-11-2021 01:52:00.0030 AM
[ReportManager] Browser Action [NavigateToURL] successfully performed. With the following test data [https://www.google.com/ncr]. @09-11-2021 01:52:00.0840 A

################################################################################################################################################
Starting Execution:	[49 out of 146] test cases in the current suite
Test Method:		[unitTests.tests_validations_assertions.assertElementExists_true_expectedToFail]
###############################################################################################################################################
[ReportManager] Browser Action [CloseCurrentWindow] successfully performed. @09-11-2021 01:52:01.0166 AM
[ReportManager] Successfully created attachment [Browser Action Test Data - CloseCurrentWindow - Actual Value] @09-11-2021 01:52:01.0167 A
[ReportManager] File Action [GetAbsolutePath] successfully performed. With the following test data [Relative Folder Path: "target/downloadedFiles/"]. @09-11-2021 01:52:01.0171 AM
[ReportManager] Attempting to run locally on: [Mac-64], [Safari], Headless Execution. @09-11-2021 01:52:01.0172 AM
[ReportManager] Successfully Opened Safari. @09-11-2021 01:52:01.0940 AM
[ReportManager] Initial window size: (800, 600) @09-11-2021 01:52:01.0968 AM
[ReportManager] Window size after SWD Maximize: (1176, 811) @09-11-2021 01:52:01.0980 AM
[ReportManager] Browser Action [MaximizeWindow] successfully performed. With the following test data [New screen size is now: (1176, 811)]. @09-11-2021 01:52:01.0991 AM
[ReportManager] Target URL: [https://www.google.com/ncr], and after redirection: [www.google.com] @09-11-2021 01:52:01.0991 AM
[ReportManager] Initial URL: [] @09-11-2021 01:52:02.0070 AM
[ReportManager] Browser Action [NavigateToURL] successfully performed. With the following test data [https://www.google.com/ncr]. @09-11-2021 01:52:03.0451 A

################################################################################################################################################
Starting Execution:	[50 out of 146] test cases in the current suite
Test Method:		[unitTests.tests_validations_assertions.assertElementExists_true_expectedToPass]
################################################################################################################################################
[ReportManager] Loaded Shared OpenCV @09-11-2021 01:52:03.0566 AM
[ReportManager] Assertion [ValidateElementExists] PASSED. Expected [Element Should Exist, locator 'By.xpath: //*[@id='hplogo' or @alt='Google']'] and Actual [Element Exists]. Comparison Type [EQUALS]. Validation Type [POSITIVE]. @09-11-2021 01:52:03.0686 AM
[ReportManager] Successfully created attachment [Screenshot - 1636422723565_assertElementExists_true_expectedToPass_ValidateElementExists_passed] @09-11-2021 01:52:03.0687 A
[ReportManager] Browser Action [CloseCurrentWindow] successfully performed. @09-11-2021 01:52:03.0802 AM
[ReportManager] Successfully created attachment [Browser Action Test Data - CloseCurrentWindow - Actual Value] @09-11-2021 01:52:03.0803 A
[ReportManager] File Action [GetAbsolutePath] successfully performed. With the following test data [Relative Folder Path: "target/downloadedFiles/"]. @09-11-2021 01:52:03.0808 AM
[ReportManager] Attempting to run locally on: [Mac-64], [Safari], Headless Execution. @09-11-2021 01:52:03.0808 AM
[ReportManager] Successfully Opened Safari. @09-11-2021 01:52:04.0608 AM
[ReportManager] Initial window size: (800, 600) @09-11-2021 01:52:04.0613 AM
[ReportManager] Window size after SWD Maximize: (1176, 811) @09-11-2021 01:52:04.0646 AM
[ReportManager] Browser Action [MaximizeWindow] successfully performed. With the following test data [New screen size is now: (1176, 811)]. @09-11-2021 01:52:04.0647 AM
[ReportManager] Target URL: [https://www.google.com/ncr], and after redirection: [www.google.com] @09-11-2021 01:52:04.0647 AM
[ReportManager] Initial URL: [] @09-11-2021 01:52:04.0692 AM
[ReportManager] Browser Action [NavigateToURL] successfully performed. With the following test data [https://www.google.com/ncr]. @09-11-2021 01:52:06.0097 A

################################################################################################################################################
Starting Execution:	[51 out of 146] test cases in the current suite
Test Method:		[unitTests.tests_validations_assertions.assertElementExists_true_multipleElementsFound_expectedToFail]
################################################################################################################################################
[ReportManager] Loaded Shared OpenCV @09-11-2021 01:52:06.0195 AM
[ReportManager] Assertion [ValidateElementExists] FAILED. Expected [Element Should Exist, locator 'By.xpath: //div'] and Actual [Element Exists but is not unique]. Comparison Type [EQUALS]. Validation Type [POSITIVE]. @09-11-2021 01:52:06.0317 AM
[ReportManager] Successfully created attachment [Screenshot - 1636422726195_assertElementExists_true_multipleElementsFound_expectedToFail_ValidateElementExists_failed] @09-11-2021 01:52:06.0318 A
[ReportManager] Browser Action [CloseCurrentWindow] successfully performed. @09-11-2021 01:52:06.0638 AM
[ReportManager] Successfully created attachment [Browser Action Test Data - CloseCurrentWindow - Actual Value] @09-11-2021 01:52:06.0639 A

################################################################################################################################################
Starting Execution:	[52 out of 146] test cases in the current suite
Test Method:		[unitTests.tests_validations_assertions.assertEquals_false_expectedToFail]
################################################################################################################################################
[ReportManager] Assertion [ValidateEquals] FAILED. Expected [1] and Actual [1]. Comparison Type [EQUALS]. Validation Type [NEGATIVE]. @09-11-2021 01:52:06.0644 A

################################################################################################################################################
Starting Execution:	[53 out of 146] test cases in the current suite
Test Method:		[unitTests.tests_validations_assertions.assertEquals_false_expectedToPass]
################################################################################################################################################
[ReportManager] Assertion [ValidateEquals] PASSED. Expected [1] and Actual [2]. Comparison Type [EQUALS]. Validation Type [NEGATIVE]. @09-11-2021 01:52:06.0648 A

################################################################################################################################################
Starting Execution:	[54 out of 146] test cases in the current suite
Test Method:		[unitTests.tests_validations_assertions.assertEquals_longCharacters]
################################################################################################################################################
[ReportManager] Verification [ValidateEquals] PASSED. Expected and Actual values are attached. Comparison Type [EQUALS]. Validation Type [POSITIVE]. @09-11-2021 01:52:06.0657 AM
[ReportManager] Successfully created attachment [Validation Test Data - Expected Value] @09-11-2021 01:52:06.0658 AM
[ReportManager] Successfully created attachment [Validation Test Data - Actual Value] @09-11-2021 01:52:06.0658 AM
[ReportManager] Assertion [ValidateEquals] PASSED. Expected and Actual values are attached. Comparison Type [EQUALS]. Validation Type [POSITIVE]. @09-11-2021 01:52:06.0658 AM
[ReportManager] Successfully created attachment [Validation Test Data - Expected Value] @09-11-2021 01:52:06.0659 AM
[ReportManager] Successfully created attachment [Validation Test Data - Actual Value] @09-11-2021 01:52:06.0659 A

################################################################################################################################################
Starting Execution:	[55 out of 146] test cases in the current suite
Test Method:		[unitTests.tests_validations_assertions.assertEquals_longCharacters_Discreet]
################################################################################################################################################
[ReportManager] Assertion [ValidateEquals] PASSED. Expected [1LH5pROcDBjjQk0t0mCr0lXuzQu9lcGj28kY8R1H81X67eVAQJgWQhILiRWVPUgZ6uCtK5cnBkF55Jr9vYngjGO1Iyf0Mktv6lruDlL9T8MAUPcUZJGHZtji6nIeadujDSNmWMj5d6C8zlFqw0CRqBU0hO5adIasHgBSNoLotAjce3NGXoDwAlp3rYreeV16VIyZXROQY] and Actual [1LH5pROcDBjjQk0t0mCr0lXuzQu9lcGj28kY8R1H81X67eVAQJgWQhILiRWVPUgZ6uCtK5cnBkF55Jr9vYngjGO1Iyf0Mktv6lruDlL9T8MAUPcUZJGHZtji6nIeadujDSNmWMj5d6C8zlFqw0CRqBU0hO5adIasHgBSNoLotAjce3NGXoDwAlp3rYreeV16VIyZXROQY]. Comparison Type [EQUALS]. Validation Type [POSITIVE]. @09-11-2021 01:52:06.0664 A

################################################################################################################################################
Starting Execution:	[56 out of 146] test cases in the current suite
Test Method:		[unitTests.tests_validations_assertions.assertEquals_true_expectedToFail]
################################################################################################################################################
[ReportManager] Assertion [ValidateEquals] FAILED. Expected [1] and Actual [2]. Comparison Type [EQUALS]. Validation Type [POSITIVE]. @09-11-2021 01:52:06.0669 A

################################################################################################################################################
Starting Execution:	[57 out of 146] test cases in the current suite
Test Method:		[unitTests.tests_validations_assertions.assertEquals_true_expectedToPass]
Test Description:	[Assert that assertEquals works as expected when the two values are equal.]
################################################################################################################################################
[ReportManager] Verification [ValidateEquals] PASSED. Expected [1] and Actual [1]. Comparison Type [EQUALS]. Validation Type [POSITIVE]. @09-11-2021 01:52:06.0681 AM
[ReportManager] Assertion [ValidateEquals] PASSED. Expected [1] and Actual [1]. Comparison Type [EQUALS]. Validation Type [POSITIVE]. @09-11-2021 01:52:06.0681 A

################################################################################################################################################
Starting Execution:	[58 out of 146] test cases in the current suite
Test Method:		[unitTests.tests_validations_assertions.assertEquals_true_expectedToPass__]
################################################################################################################################################
[ReportManager] Assertion [ValidateEquals] PASSED. Expected [1] and Actual [1]. Comparison Type [EQUALS]. Validation Type [POSITIVE]. @09-11-2021 01:52:06.0686 A

################################################################################################################################################
Starting Execution:	[59 out of 146] test cases in the current suite
Test Method:		[unitTests.tests_validations_assertions.assertFileExists_false_expectedToFail]
################################################################################################################################################
[ReportManager] File Action [DoesFileExist] successfully performed. With the following test data [File Path: "src/main/java/com/shaft/gui/element/ElementActions.java"]. @09-11-2021 01:52:06.0691 AM
[ReportManager] Assertion [ValidateFileExists] FAILED. Expected [File 'src/main/java/com/shaft/gui/element/ElementActions.java' should not exist, after up to '1' retries] and Actual [File exists]. Validation Type [NEGATIVE]. @09-11-2021 01:52:06.0697 A

################################################################################################################################################
Starting Execution:	[60 out of 146] test cases in the current suite
Test Method:		[unitTests.tests_validations_assertions.assertFileExists_false_expectedToPass]
################################################################################################################################################
[ReportManager] File Action [DoesFileExist] successfully performed. With the following test data [File Path: "src/main/java/com/shaft/gui/element/ElementActions.java_fail"]. @09-11-2021 01:52:07.0218 AM
[ReportManager] Assertion [ValidateFileExists] PASSED. Expected [File 'src/main/java/com/shaft/gui/element/ElementActions.java_fail' should not exist, after up to '1' retries] and Actual [File does not exist]. Validation Type [NEGATIVE]. @09-11-2021 01:52:07.0218 A

################################################################################################################################################
Starting Execution:	[61 out of 146] test cases in the current suite
Test Method:		[unitTests.tests_validations_assertions.assertFileExists_true_expectedToFail]
################################################################################################################################################
[ReportManager] File Action [DoesFileExist] successfully performed. With the following test data [File Path: "src/main/java/com/shaft/gui/element/ElementActions.java_fail"]. @09-11-2021 01:52:07.0764 AM
[ReportManager] Assertion [ValidateFileExists] FAILED. Expected [File 'src/main/java/com/shaft/gui/element/ElementActions.java_fail' should exist, after up to '1' retries] and Actual [File does not exist]. Validation Type [POSITIVE]. @09-11-2021 01:52:07.0764 A

################################################################################################################################################
Starting Execution:	[62 out of 146] test cases in the current suite
Test Method:		[unitTests.tests_validations_assertions.assertFileExists_true_expectedToPass]
################################################################################################################################################
[ReportManager] File Action [DoesFileExist] successfully performed. With the following test data [File Path: "src/main/java/com/shaft/gui/element/ElementActions.java"]. @09-11-2021 01:52:07.0768 AM
[ReportManager] Assertion [ValidateFileExists] PASSED. Expected [File 'src/main/java/com/shaft/gui/element/ElementActions.java' should exist, after up to '1' retries] and Actual [File exists]. Validation Type [POSITIVE]. @09-11-2021 01:52:07.0768 A

################################################################################################################################################
Starting Execution:	[63 out of 146] test cases in the current suite
Test Method:		[unitTests.tests_validations_assertions.assertNull_false_expectedToFail]
################################################################################################################################################
[ReportManager] Assertion [ValidateNull] FAILED. Expected [NULL] and Actual [NULL]. Comparison Type [EQUALS]. Validation Type [NEGATIVE]. @09-11-2021 01:52:07.0771 A

################################################################################################################################################
Starting Execution:	[64 out of 146] test cases in the current suite
Test Method:		[unitTests.tests_validations_assertions.assertNull_false_expectedToPass]
################################################################################################################################################
[ReportManager] Assertion [ValidateNull] PASSED. Expected [NULL] and Actual [1]. Comparison Type [EQUALS]. Validation Type [NEGATIVE]. @09-11-2021 01:52:07.0775 A

################################################################################################################################################
Starting Execution:	[65 out of 146] test cases in the current suite
Test Method:		[unitTests.tests_validations_assertions.assertNull_true_expectedToFail]
################################################################################################################################################
[ReportManager] Assertion [ValidateNull] FAILED. Expected [NULL] and Actual [1]. Comparison Type [EQUALS]. Validation Type [POSITIVE]. @09-11-2021 01:52:07.0779 A

################################################################################################################################################
Starting Execution:	[66 out of 146] test cases in the current suite
Test Method:		[unitTests.tests_validations_assertions.assertNull_true_expectedToPass]
################################################################################################################################################
[ReportManager] Assertion [ValidateNull] PASSED. Expected [NULL] and Actual [NULL]. Comparison Type [EQUALS]. Validation Type [POSITIVE]. @09-11-2021 01:52:07.0783 A

################################################################################################################################################
Starting Execution:	[67 out of 146] test cases in the current suite
Test Method:		[unitTests.tests_restActions.getPostsAndAssertBodyForSpecificTitle]
################################################################################################################################################
[ReportManager] Response status code: [200], status line: [HTTP/1.1 200 OK] @09-11-2021 01:52:10.0119 AM
[ReportManager] Assertion Passed: Evaluating the actual response status code against the expected one... @09-11-2021 01:52:10.0125 AM
[ReportManager] Assertion [ValidateComparativeRelation] PASSED. Expected [200] and Actual [200]. Comparison Type [EQUALS]. Validation Type [POSITIVE]. @09-11-2021 01:52:10.0125 AM
[ReportManager] API Action [PerformRequest] successfully performed. With the following test data [Request Type: "GET" | Target Status Code: "200" | Service URL: "https://jsonplaceholder.typicode.com/posts" | Content Type: "*/*" | Response Time: "750ms"]. @09-11-2021 01:52:11.0274 AM
[ReportManager] Successfully created attachment [API Request - Specifications] @09-11-2021 01:52:11.0275 AM
[ReportManager] Successfully created attachment [API Response - JSON Body] @09-11-2021 01:52:11.0539 AM
[ReportManager] API Action [GetResponseJSONValueAsList] successfully performed. @09-11-2021 01:52:11.0573 AM
[ReportManager] API Action [GetResponseJSONValue] successfully performed. With the following test data [title]. @09-11-2021 01:52:11.0599 AM
[ReportManager] API Action [GetResponseJSONValue] successfully performed. With the following test data [title]. @09-11-2021 01:52:11.0615 AM
[ReportManager] API Action [GetResponseJSONValue] successfully performed. With the following test data [body]. @09-11-2021 01:52:11.0630 AM
[ReportManager] Assertion [ValidateEquals] PASSED. Expected [qui neque nisi nulla] and Actual [est rerum tempore vitae
sequi sint nihil reprehenderit dolor beatae ea dolores neque
fugiat blanditiis voluptate porro vel nihil molestiae ut reiciendis
qui aperiam non debitis possimus qui neque nisi nulla]. Comparison Type [CONTAINS]. Validation Type [POSITIVE]. @09-11-2021 01:52:11.0630 AM
[ReportManager] API Action [GetResponseJSONValue] successfully performed. With the following test data [title]. @09-11-2021 01:52:11.0645 AM
[ReportManager] API Action [GetResponseJSONValue] successfully performed. With the following test data [title]. @09-11-2021 01:52:11.0661 AM
[ReportManager] API Action [GetResponseJSONValue] successfully performed. With the following test data [title]. @09-11-2021 01:52:11.0676 AM
[ReportManager] API Action [GetResponseJSONValue] successfully performed. With the following test data [title]. @09-11-2021 01:52:11.0691 AM
[ReportManager] API Action [GetResponseJSONValue] successfully performed. With the following test data [title]. @09-11-2021 01:52:11.0707 AM
[ReportManager] API Action [GetResponseJSONValue] successfully performed. With the following test data [title]. @09-11-2021 01:52:11.0721 AM
[ReportManager] API Action [GetResponseJSONValue] successfully performed. With the following test data [title]. @09-11-2021 01:52:11.0737 AM
[ReportManager] API Action [GetResponseJSONValue] successfully performed. With the following test data [title]. @09-11-2021 01:52:11.0751 AM
[ReportManager] API Action [GetResponseJSONValue] successfully performed. With the following test data [title]. @09-11-2021 01:52:11.0766 AM
[ReportManager] API Action [GetResponseJSONValue] successfully performed. With the following test data [title]. @09-11-2021 01:52:11.0783 AM
[ReportManager] API Action [GetResponseJSONValue] successfully performed. With the following test data [title]. @09-11-2021 01:52:11.0802 AM
[ReportManager] API Action [GetResponseJSONValue] successfully performed. With the following test data [title]. @09-11-2021 01:52:11.0818 AM
[ReportManager] API Action [GetResponseJSONValue] successfully performed. With the following test data [title]. @09-11-2021 01:52:11.0832 AM
[ReportManager] API Action [GetResponseJSONValue] successfully performed. With the following test data [title]. @09-11-2021 01:52:11.0846 AM
[ReportManager] API Action [GetResponseJSONValue] successfully performed. With the following test data [title]. @09-11-2021 01:52:11.0861 AM
[ReportManager] API Action [GetResponseJSONValue] successfully performed. With the following test data [title]. @09-11-2021 01:52:11.0874 AM
[ReportManager] API Action [GetResponseJSONValue] successfully performed. With the following test data [title]. @09-11-2021 01:52:11.0887 AM
[ReportManager] API Action [GetResponseJSONValue] successfully performed. With the following test data [title]. @09-11-2021 01:52:11.0901 AM
[ReportManager] API Action [GetResponseJSONValue] successfully performed. With the following test data [title]. @09-11-2021 01:52:11.0915 AM
[ReportManager] API Action [GetResponseJSONValue] successfully performed. With the following test data [title]. @09-11-2021 01:52:11.0928 AM
[ReportManager] API Action [GetResponseJSONValue] successfully performed. With the following test data [title]. @09-11-2021 01:52:11.0942 AM
[ReportManager] API Action [GetResponseJSONValue] successfully performed. With the following test data [title]. @09-11-2021 01:52:11.0955 AM
[ReportManager] API Action [GetResponseJSONValue] successfully performed. With the following test data [title]. @09-11-2021 01:52:11.0968 AM
[ReportManager] API Action [GetResponseJSONValue] successfully performed. With the following test data [title]. @09-11-2021 01:52:11.0981 AM
[ReportManager] API Action [GetResponseJSONValue] successfully performed. With the following test data [title]. @09-11-2021 01:52:11.0994 AM
[ReportManager] API Action [GetResponseJSONValue] successfully performed. With the following test data [title]. @09-11-2021 01:52:12.0007 AM
[ReportManager] API Action [GetResponseJSONValue] successfully performed. With the following test data [title]. @09-11-2021 01:52:12.0021 AM
[ReportManager] API Action [GetResponseJSONValue] successfully performed. With the following test data [title]. @09-11-2021 01:52:12.0035 AM
[ReportManager] API Action [GetResponseJSONValue] successfully performed. With the following test data [title]. @09-11-2021 01:52:12.0048 AM
[ReportManager] API Action [GetResponseJSONValue] successfully performed. With the following test data [title]. @09-11-2021 01:52:12.0061 AM
[ReportManager] API Action [GetResponseJSONValue] successfully performed. With the following test data [title]. @09-11-2021 01:52:12.0075 AM
[ReportManager] API Action [GetResponseJSONValue] successfully performed. With the following test data [title]. @09-11-2021 01:52:12.0087 AM
[ReportManager] API Action [GetResponseJSONValue] successfully performed. With the following test data [title]. @09-11-2021 01:52:12.0107 AM
[ReportManager] API Action [GetResponseJSONValue] successfully performed. With the following test data [title]. @09-11-2021 01:52:12.0120 AM
[ReportManager] API Action [GetResponseJSONValue] successfully performed. With the following test data [title]. @09-11-2021 01:52:12.0135 AM
[ReportManager] API Action [GetResponseJSONValue] successfully performed. With the following test data [title]. @09-11-2021 01:52:12.0153 AM
[ReportManager] API Action [GetResponseJSONValue] successfully performed. With the following test data [title]. @09-11-2021 01:52:12.0169 AM
[ReportManager] API Action [GetResponseJSONValue] successfully performed. With the following test data [title]. @09-11-2021 01:52:12.0188 AM
[ReportManager] API Action [GetResponseJSONValue] successfully performed. With the following test data [title]. @09-11-2021 01:52:12.0205 AM
[ReportManager] API Action [GetResponseJSONValue] successfully performed. With the following test data [title]. @09-11-2021 01:52:12.0220 AM
[ReportManager] API Action [GetResponseJSONValue] successfully performed. With the following test data [title]. @09-11-2021 01:52:12.0234 AM
[ReportManager] API Action [GetResponseJSONValue] successfully performed. With the following test data [title]. @09-11-2021 01:52:12.0246 AM
[ReportManager] API Action [GetResponseJSONValue] successfully performed. With the following test data [title]. @09-11-2021 01:52:12.0257 AM
[ReportManager] API Action [GetResponseJSONValue] successfully performed. With the following test data [title]. @09-11-2021 01:52:12.0289 AM
[ReportManager] API Action [GetResponseJSONValue] successfully performed. With the following test data [title]. @09-11-2021 01:52:12.0304 AM
[ReportManager] API Action [GetResponseJSONValue] successfully performed. With the following test data [title]. @09-11-2021 01:52:12.0318 AM
[ReportManager] API Action [GetResponseJSONValue] successfully performed. With the following test data [title]. @09-11-2021 01:52:12.0335 AM
[ReportManager] API Action [GetResponseJSONValue] successfully performed. With the following test data [title]. @09-11-2021 01:52:12.0350 AM
[ReportManager] API Action [GetResponseJSONValue] successfully performed. With the following test data [title]. @09-11-2021 01:52:12.0363 AM
[ReportManager] API Action [GetResponseJSONValue] successfully performed. With the following test data [title]. @09-11-2021 01:52:12.0376 AM
[ReportManager] API Action [GetResponseJSONValue] successfully performed. With the following test data [title]. @09-11-2021 01:52:12.0388 AM
[ReportManager] API Action [GetResponseJSONValue] successfully performed. With the following test data [title]. @09-11-2021 01:52:12.0400 AM
[ReportManager] API Action [GetResponseJSONValue] successfully performed. With the following test data [title]. @09-11-2021 01:52:12.0413 AM
[ReportManager] API Action [GetResponseJSONValue] successfully performed. With the following test data [title]. @09-11-2021 01:52:12.0426 AM
[ReportManager] API Action [GetResponseJSONValue] successfully performed. With the following test data [title]. @09-11-2021 01:52:12.0438 AM
[ReportManager] API Action [GetResponseJSONValue] successfully performed. With the following test data [title]. @09-11-2021 01:52:12.0452 AM
[ReportManager] API Action [GetResponseJSONValue] successfully performed. With the following test data [title]. @09-11-2021 01:52:12.0465 AM
[ReportManager] API Action [GetResponseJSONValue] successfully performed. With the following test data [title]. @09-11-2021 01:52:12.0477 AM
[ReportManager] API Action [GetResponseJSONValue] successfully performed. With the following test data [title]. @09-11-2021 01:52:12.0490 AM
[ReportManager] API Action [GetResponseJSONValue] successfully performed. With the following test data [title]. @09-11-2021 01:52:12.0521 AM
[ReportManager] API Action [GetResponseJSONValue] successfully performed. With the following test data [title]. @09-11-2021 01:52:12.0533 AM
[ReportManager] API Action [GetResponseJSONValue] successfully performed. With the following test data [title]. @09-11-2021 01:52:12.0545 AM
[ReportManager] API Action [GetResponseJSONValue] successfully performed. With the following test data [title]. @09-11-2021 01:52:12.0557 AM
[ReportManager] API Action [GetResponseJSONValue] successfully performed. With the following test data [title]. @09-11-2021 01:52:12.0569 AM
[ReportManager] API Action [GetResponseJSONValue] successfully performed. With the following test data [title]. @09-11-2021 01:52:12.0581 AM
[ReportManager] API Action [GetResponseJSONValue] successfully performed. With the following test data [title]. @09-11-2021 01:52:12.0593 AM
[ReportManager] API Action [GetResponseJSONValue] successfully performed. With the following test data [title]. @09-11-2021 01:52:12.0606 AM
[ReportManager] API Action [GetResponseJSONValue] successfully performed. With the following test data [title]. @09-11-2021 01:52:12.0618 AM
[ReportManager] API Action [GetResponseJSONValue] successfully performed. With the following test data [title]. @09-11-2021 01:52:12.0631 AM
[ReportManager] API Action [GetResponseJSONValue] successfully performed. With the following test data [title]. @09-11-2021 01:52:12.0643 AM
[ReportManager] API Action [GetResponseJSONValue] successfully performed. With the following test data [title]. @09-11-2021 01:52:12.0656 AM
[ReportManager] API Action [GetResponseJSONValue] successfully performed. With the following test data [title]. @09-11-2021 01:52:12.0669 AM
[ReportManager] API Action [GetResponseJSONValue] successfully performed. With the following test data [title]. @09-11-2021 01:52:12.0681 AM
[ReportManager] API Action [GetResponseJSONValue] successfully performed. With the following test data [title]. @09-11-2021 01:52:12.0693 AM
[ReportManager] API Action [GetResponseJSONValue] successfully performed. With the following test data [title]. @09-11-2021 01:52:12.0705 AM
[ReportManager] API Action [GetResponseJSONValue] successfully performed. With the following test data [title]. @09-11-2021 01:52:12.0718 AM
[ReportManager] API Action [GetResponseJSONValue] successfully performed. With the following test data [title]. @09-11-2021 01:52:12.0730 AM
[ReportManager] API Action [GetResponseJSONValue] successfully performed. With the following test data [title]. @09-11-2021 01:52:12.0742 AM
[ReportManager] API Action [GetResponseJSONValue] successfully performed. With the following test data [title]. @09-11-2021 01:52:12.0757 AM
[ReportManager] API Action [GetResponseJSONValue] successfully performed. With the following test data [title]. @09-11-2021 01:52:12.0770 AM
[ReportManager] API Action [GetResponseJSONValue] successfully performed. With the following test data [title]. @09-11-2021 01:52:12.0782 AM
[ReportManager] API Action [GetResponseJSONValue] successfully performed. With the following test data [title]. @09-11-2021 01:52:12.0796 AM
[ReportManager] API Action [GetResponseJSONValue] successfully performed. With the following test data [title]. @09-11-2021 01:52:12.0814 AM
[ReportManager] API Action [GetResponseJSONValue] successfully performed. With the following test data [title]. @09-11-2021 01:52:12.0825 AM
[ReportManager] API Action [GetResponseJSONValue] successfully performed. With the following test data [title]. @09-11-2021 01:52:12.0836 AM
[ReportManager] API Action [GetResponseJSONValue] successfully performed. With the following test data [title]. @09-11-2021 01:52:12.0848 AM
[ReportManager] API Action [GetResponseJSONValue] successfully performed. With the following test data [title]. @09-11-2021 01:52:12.0859 AM
[ReportManager] API Action [GetResponseJSONValue] successfully performed. With the following test data [title]. @09-11-2021 01:52:12.0871 AM
[ReportManager] API Action [GetResponseJSONValue] successfully performed. With the following test data [title]. @09-11-2021 01:52:12.0882 AM
[ReportManager] API Action [GetResponseJSONValue] successfully performed. With the following test data [title]. @09-11-2021 01:52:12.0894 AM
[ReportManager] API Action [GetResponseJSONValue] successfully performed. With the following test data [title]. @09-11-2021 01:52:12.0908 AM
[ReportManager] API Action [GetResponseJSONValue] successfully performed. With the following test data [title]. @09-11-2021 01:52:12.0920 AM
[ReportManager] API Action [GetResponseJSONValue] successfully performed. With the following test data [title]. @09-11-2021 01:52:12.0932 AM
[ReportManager] API Action [GetResponseJSONValue] successfully performed. With the following test data [title]. @09-11-2021 01:52:12.0945 AM
[ReportManager] API Action [GetResponseJSONValue] successfully performed. With the following test data [title]. @09-11-2021 01:52:12.0956 AM
[ReportManager] API Action [GetResponseJSONValue] successfully performed. With the following test data [title]. @09-11-2021 01:52:12.0969 AM
[ReportManager] API Action [GetResponseJSONValue] successfully performed. With the following test data [title]. @09-11-2021 01:52:12.0986 AM
[ReportManager] API Action [GetResponseJSONValue] successfully performed. With the following test data [title]. @09-11-2021 01:52:13.0003 A

################################################################################################################################################
Starting Execution:	[68 out of 146] test cases in the current suite
Test Method:		[unitTests.tests_restActions.validateUserEmail]
################################################################################################################################################
[ReportManager] Response status code: [200], status line: [HTTP/1.1 200 OK] @09-11-2021 01:52:13.0151 AM
[ReportManager] Assertion Passed: Evaluating the actual response status code against the expected one... @09-11-2021 01:52:13.0151 AM
[ReportManager] Assertion [ValidateComparativeRelation] PASSED. Expected [200] and Actual [200]. Comparison Type [EQUALS]. Validation Type [POSITIVE]. @09-11-2021 01:52:13.0151 AM
[ReportManager] API Action [PerformRequest] successfully performed. With the following test data [Request Type: "GET" | Target Status Code: "200" | Service URL: "https://jsonplaceholder.typicode.com/users" | Content Type: "*/*" | Response Time: "135ms"]. @09-11-2021 01:52:13.0177 AM
[ReportManager] Successfully created attachment [API Request - Specifications] @09-11-2021 01:52:13.0178 AM
[ReportManager] Successfully created attachment [API Response - JSON Body] @09-11-2021 01:52:13.0179 AM
[ReportManager] Assertion [ValidateEquals] PASSED. Expected and Actual values are attached. Comparison Type [CONTAINS]. Validation Type [POSITIVE]. @09-11-2021 01:52:13.0179 AM
[ReportManager] Successfully created attachment [Validation Test Data - Expected Value] @09-11-2021 01:52:13.0180 AM
[ReportManager] Successfully created attachment [Validation Test Data - Actual Value] @09-11-2021 01:52:13.0180 AM
[ReportManager] API Action [GetResponseJSONValueAsList] successfully performed. With the following test data [$]. @09-11-2021 01:52:13.0193 AM
[ReportManager] API Action [GetResponseJSONValue] successfully performed. With the following test data [name]. @09-11-2021 01:52:13.0211 AM
[ReportManager] API Action [GetResponseJSONValue] successfully performed. With the following test data [email]. @09-11-2021 01:52:13.0229 AM
[ReportManager] Assertion [ValidateEquals] PASSED. Expected [Sincere@april.biz] and Actual [Sincere@april.biz]. Comparison Type [EQUALS]. Validation Type [POSITIVE]. @09-11-2021 01:52:13.0229 AM
[ReportManager] API Action [GetResponseJSONValue] successfully performed. With the following test data [name]. @09-11-2021 01:52:13.0245 AM
[ReportManager] API Action [GetResponseJSONValue] successfully performed. With the following test data [name]. @09-11-2021 01:52:13.0260 AM
[ReportManager] API Action [GetResponseJSONValue] successfully performed. With the following test data [name]. @09-11-2021 01:52:13.0273 AM
[ReportManager] API Action [GetResponseJSONValue] successfully performed. With the following test data [name]. @09-11-2021 01:52:13.0285 AM
[ReportManager] API Action [GetResponseJSONValue] successfully performed. With the following test data [name]. @09-11-2021 01:52:13.0297 AM
[ReportManager] API Action [GetResponseJSONValue] successfully performed. With the following test data [name]. @09-11-2021 01:52:13.0310 AM
[ReportManager] API Action [GetResponseJSONValue] successfully performed. With the following test data [name]. @09-11-2021 01:52:13.0323 AM
[ReportManager] API Action [GetResponseJSONValue] successfully performed. With the following test data [name]. @09-11-2021 01:52:13.0335 AM
[ReportManager] API Action [GetResponseJSONValue] successfully performed. With the following test data [name]. @09-11-2021 01:52:13.0346 A
[ReportManager] File Action [GetAbsolutePath] successfully performed. With the following test data [Relative Folder Path: "target/downloadedFiles/"]. @09-11-2021 01:52:13.0350 AM
[ReportManager] Attempting to run locally on: [Mac-64], [Safari], Headless Execution. @09-11-2021 01:52:13.0351 AM
[ReportManager] Successfully Opened Safari. @09-11-2021 01:52:14.0163 AM
[ReportManager] Initial window size: (800, 600) @09-11-2021 01:52:14.0173 AM
[ReportManager] Window size after SWD Maximize: (1176, 811) @09-11-2021 01:52:14.0199 AM
[ReportManager] Browser Action [MaximizeWindow] successfully performed. With the following test data [New screen size is now: (1176, 811)]. @09-11-2021 01:52:14.0199 A

################################################################################################################################################
Starting Execution:	[69 out of 146] test cases in the current suite
Test Method:		[testPackage01.Test_uploadFile.uploadFile_invisibleUploadInput]
################################################################################################################################################
[ReportManager] Target URL: [https://fineuploader.com/demos.html#gallery-view] @09-11-2021 01:52:14.0202 AM
[ReportManager] Initial URL: [] @09-11-2021 01:52:14.0281 AM
[ReportManager] Browser Action [NavigateToURL] successfully performed. With the following test data [https://fineuploader.com/demos.html#gallery-view]. @09-11-2021 01:52:16.0013 AM
[ReportManager] File Action [GetAbsolutePath] successfully performed. With the following test data [Relative File Path: "src/main/resources/images/shaft.png"]. @09-11-2021 01:52:16.0013 AM
[ReportManager] Successfully created attachment [File Action Actual Result - Command Log] @09-11-2021 01:52:16.0014 AM
[ReportManager] Element Action [TypeFileLocationForUpload] successfully performed. With the following test data [/Users/runner/work/SHAFT_ENGINE/SHAFT_ENGINE/src/main/resources/images/shaft.png]. @09-11-2021 01:52:16.0072 AM
[ReportManager] Attempting to getAttribute [src] from elementLocator [By.xpath: //div[@id='fine-uploader-gallery']//div[@class='qq-thumbnail-wrapper']/img]. @09-11-2021 01:52:16.0072 AM
[ReportManager] Element Action [GetAttribute] successfully performed. @09-11-2021 01:52:16.0211 AM
[ReportManager] Successfully created attachment [Element Action Test Data - GetAttribute - Actual Value] @09-11-2021 01:52:16.0212 AM
[ReportManager] Loaded Shared OpenCV @09-11-2021 01:52:16.0321 AM
[ReportManager] Assertion [ValidateElementAttribute] PASSED. Expected and Actual values are attached. Comparison Type [CONTAINS]. Validation Type [POSITIVE]. @09-11-2021 01:52:16.0455 AM
[ReportManager] Successfully created attachment [Validation Test Data - Expected Value] @09-11-2021 01:52:16.0456 AM
[ReportManager] Successfully created attachment [Validation Test Data - Actual Value] @09-11-2021 01:52:16.0457 AM
[ReportManager] Successfully created attachment [Screenshot - 1636422736321_uploadFile_invisibleUploadInput_ValidateElementAttribute_passed] @09-11-2021 01:52:16.0458 A
[ReportManager] Browser Action [CloseCurrentWindow] successfully performed. @09-11-2021 01:52:16.0596 AM
[ReportManager] Successfully created attachment [Browser Action Test Data - CloseCurrentWindow - Actual Value] @09-11-2021 01:52:16.0598 A
[ReportManager] File Action [GetAbsolutePath] successfully performed. With the following test data [Relative Folder Path: "target/downloadedFiles/"]. @09-11-2021 01:52:16.0602 AM
[ReportManager] Attempting to run locally on: [Mac-64], [Safari], Headless Execution. @09-11-2021 01:52:16.0603 AM
[ReportManager] Successfully Opened Safari. @09-11-2021 01:52:17.0427 AM
[ReportManager] Initial window size: (800, 600) @09-11-2021 01:52:17.0450 AM
[ReportManager] Window size after SWD Maximize: (1176, 811) @09-11-2021 01:52:17.0478 AM
[ReportManager] Browser Action [MaximizeWindow] successfully performed. With the following test data [New screen size is now: (1176, 811)]. @09-11-2021 01:52:17.0478 A

################################################################################################################################################
Starting Execution:	[70 out of 146] test cases in the current suite
Test Method:		[testPackage01.Test_uploadFile.uploadFile_visibleUploadInput]
################################################################################################################################################
[ReportManager] Target URL: [http://demo.guru99.com/test/upload/] @09-11-2021 01:52:17.0495 AM
[ReportManager] Initial URL: [] @09-11-2021 01:52:17.0626 AM
[ReportManager] Browser Action [NavigateToURL] successfully performed. With the following test data [http://demo.guru99.com/test/upload/]. @09-11-2021 01:52:18.0734 AM
[ReportManager] File Action [GetAbsolutePath] successfully performed. With the following test data [Relative File Path: "src/main/resources/images/shaft.png"]. @09-11-2021 01:52:18.0735 AM
[ReportManager] Successfully created attachment [File Action Actual Result - Command Log] @09-11-2021 01:52:18.0736 AM
[ReportManager] Element Action [TypeFileLocationForUpload] successfully performed. With the following test data [/Users/runner/work/SHAFT_ENGINE/SHAFT_ENGINE/src/main/resources/images/shaft.png]. @09-11-2021 01:52:18.0806 AM
[ReportManager] Element Action [Click] successfully performed. With the following test data [on]. @09-11-2021 01:52:19.0160 AM
[ReportManager] Element Action [Click] successfully performed. With the following test data [ Submit File]. @09-11-2021 01:52:21.0212 AM
[ReportManager] Element Action [GetText] successfully performed. With the following test data [1 file has been successfully uploaded.]. @09-11-2021 01:52:21.0881 AM
[ReportManager] Loaded Shared OpenCV @09-11-2021 01:52:21.0949 AM
[ReportManager] Assertion [ValidateElementAttribute] PASSED. Expected [Value Should be '1 file' for the 'Text' attribute, element locator 'By.id: res'] and Actual [1 file has been successfully uploaded.]. Comparison Type [CONTAINS]. Validation Type [POSITIVE]. @09-11-2021 01:52:22.0066 AM
[ReportManager] Successfully created attachment [Screenshot - 1636422741949_uploadFile_visibleUploadInput_ValidateElementAttribute_passed] @09-11-2021 01:52:22.0069 A
[ReportManager] Browser Action [CloseCurrentWindow] successfully performed. @09-11-2021 01:52:22.0284 AM
[ReportManager] Successfully created attachment [Browser Action Test Data - CloseCurrentWindow - Actual Value] @09-11-2021 01:52:22.0285 A

################################################################################################################################################
Starting Execution:	[71 out of 146] test cases in the current suite
Test Method:		[testPackage01.Test_AssertApiResponseEquals.assertApiResponseEquals_expectedToPass]
################################################################################################################################################
[ReportManager] Response status code: [200], status line: [HTTP/1.1 200 OK] @09-11-2021 01:52:22.0341 AM
[ReportManager] Assertion Passed: Evaluating the actual response status code against the expected one... @09-11-2021 01:52:22.0341 AM
[ReportManager] Assertion [ValidateComparativeRelation] PASSED. Expected [200] and Actual [200]. Comparison Type [EQUALS]. Validation Type [POSITIVE]. @09-11-2021 01:52:22.0341 AM
[ReportManager] API Action [PerformRequest] successfully performed. With the following test data [Request Type: "GET" | Target Status Code: "200" | Service URL: "https://jsonplaceholder.typicode.com/users" | Content Type: "*/*" | Response Time: "44ms"]. @09-11-2021 01:52:22.0370 AM
[ReportManager] Successfully created attachment [API Request - Specifications] @09-11-2021 01:52:22.0371 AM
[ReportManager] Successfully created attachment [API Response - JSON Body] @09-11-2021 01:52:22.0371 AM
[ReportManager] API Action [GetResponseJSONValueAsList] successfully performed. With the following test data [$]. @09-11-2021 01:52:22.0381 AM
[ReportManager] API Action [GetResponseJSONValue] successfully performed. With the following test data [name]. @09-11-2021 01:52:22.0397 AM
[ReportManager] API Action [GetResponseJSONValue] successfully performed. With the following test data [email]. @09-11-2021 01:52:22.0411 AM
[ReportManager] Verification [ValidateEquals] PASSED. Expected [Sincere@april.biz] and Actual [Sincere@april.biz]. Comparison Type [EQUALS]. Validation Type [POSITIVE]. @09-11-2021 01:52:22.0411 AM
[ReportManager] API Action [GetResponseJSONValue] successfully performed. With the following test data [username]. @09-11-2021 01:52:22.0425 AM
[ReportManager] Assertion [ValidateEquals] PASSED. Expected [Bret] and Actual [Bret]. Comparison Type [EQUALS]. Validation Type [POSITIVE]. @09-11-2021 01:52:22.0425 AM
[ReportManager] API Action [GetResponseJSONValue] successfully performed. With the following test data [name]. @09-11-2021 01:52:22.0438 AM
[ReportManager] API Action [GetResponseJSONValue] successfully performed. With the following test data [name]. @09-11-2021 01:52:22.0452 AM
[ReportManager] API Action [GetResponseJSONValue] successfully performed. With the following test data [name]. @09-11-2021 01:52:22.0468 AM
[ReportManager] API Action [GetResponseJSONValue] successfully performed. With the following test data [name]. @09-11-2021 01:52:22.0482 AM
[ReportManager] API Action [GetResponseJSONValue] successfully performed. With the following test data [name]. @09-11-2021 01:52:22.0501 AM
[ReportManager] API Action [GetResponseJSONValue] successfully performed. With the following test data [name]. @09-11-2021 01:52:22.0520 AM
[ReportManager] API Action [GetResponseJSONValue] successfully performed. With the following test data [name]. @09-11-2021 01:52:22.0532 AM
[ReportManager] API Action [GetResponseJSONValue] successfully performed. With the following test data [name]. @09-11-2021 01:52:22.0544 AM
[ReportManager] API Action [GetResponseJSONValue] successfully performed. With the following test data [name]. @09-11-2021 01:52:22.0559 A

################################################################################################################################################
Starting Execution:	[72 out of 146] test cases in the current suite
Test Method:		[testPackage01.Test_testData.f]
################################################################################################################################################
[ReportManager] Successfully loaded the following test data file [src/test/resources/TestDataFiles/testSuite01/TestData.xlsx]. @09-11-2021 01:52:22.0624 AM
[ReportManager] Successfully created attachment [Test Data - Excel] @09-11-2021 01:52:22.0625 AM
[ReportManager] Last Column Number is: [3]. Zero-based. @09-11-2021 01:52:22.0625 A

################################################################################################################################################
Starting Execution:	[73 out of 146] test cases in the current suite
Test Method:		[testPackage01.Test_PDF.testPDF1]
################################################################################################################################################
[ReportManager] File Action [DoesFileExist] successfully performed. With the following test data [File Path: "src/test/resources/TestDataFiles/sample.pdf"]. @09-11-2021 01:52:22.0636 AM
[ReportManager] File Action [GetAbsolutePath] successfully performed. With the following test data [Relative Folder Path: "src/test/resources/TestDataFiles/sample.pdf"]. @09-11-2021 01:52:22.0643 AM
[ReportManager] Assertion Passed: Checking to see that the pdf file contains [A Simple PDF File] @09-11-2021 01:52:27.0480 AM
[ReportManager] Successfully created attachment [Validation Test Data - Expected Value] @09-11-2021 01:52:27.0480 AM
[ReportManager] Successfully created attachment [Validation Test Data - Actual Value] @09-11-2021 01:52:27.0481 AM
[ReportManager] Assertion [ValidateEquals] PASSED. Expected and Actual values are attached. Comparison Type [CONTAINS]. Validation Type [POSITIVE]. @09-11-2021 01:52:27.0481 A

################################################################################################################################################
Starting Execution:	[74 out of 146] test cases in the current suite
Test Method:		[testPackage01.Test_PDF.testPDF2]
################################################################################################################################################
[ReportManager] File Action [DoesFileExist] successfully performed. With the following test data [File Path: "src/test/resources/TestDataFiles/sample.pdf"]. @09-11-2021 01:52:27.0488 AM
[ReportManager] File Action [GetAbsolutePath] successfully performed. With the following test data [Relative Folder Path: "src/test/resources/TestDataFiles/sample.pdf"]. @09-11-2021 01:52:27.0488 AM
[ReportManager] Assertion Passed: Checking to see that the pdf file contains [A Simple PDF File] @09-11-2021 01:52:27.0506 AM
[ReportManager] Successfully created attachment [Validation Test Data - Expected Value] @09-11-2021 01:52:27.0507 AM
[ReportManager] Successfully created attachment [Validation Test Data - Actual Value] @09-11-2021 01:52:27.0507 AM
[ReportManager] Assertion [ValidateEquals] PASSED. Expected and Actual values are attached. Comparison Type [CONTAINS]. Validation Type [POSITIVE]. @09-11-2021 01:52:27.0507 A
[ReportManager] File Action [GetAbsolutePath] successfully performed. With the following test data [Relative Folder Path: "target/downloadedFiles/"]. @09-11-2021 01:52:27.0510 AM
[ReportManager] Attempting to run locally on: [Mac-64], [Safari], Headless Execution. @09-11-2021 01:52:27.0510 AM
[ReportManager] Successfully Opened Safari. @09-11-2021 01:52:28.0318 AM
[ReportManager] Initial window size: (800, 600) @09-11-2021 01:52:28.0342 AM
[ReportManager] Window size after SWD Maximize: (1176, 811) @09-11-2021 01:52:28.0363 AM
[ReportManager] Browser Action [MaximizeWindow] successfully performed. With the following test data [New screen size is now: (1176, 811)]. @09-11-2021 01:52:28.0363 A

################################################################################################################################################
Starting Execution:	[75 out of 146] test cases in the current suite
Test Method:		[testPackage01.Test_ShadowDOM.shadowdom]
################################################################################################################################################
[ReportManager] Target URL: [https://mdn.github.io/web-components-examples/popup-info-box-web-component/] @09-11-2021 01:52:28.0378 AM
[ReportManager] Initial URL: [] @09-11-2021 01:52:28.0473 AM
[ReportManager] Browser Action [NavigateToURL] successfully performed. With the following test data [https://mdn.github.io/web-components-examples/popup-info-box-web-component/]. @09-11-2021 01:52:28.0744 AM
[ReportManager] Element Action [Type] successfully performed. With the following test data [Typing into SHADOW DOM...]. @09-11-2021 01:52:29.0952 AM
[ReportManager] Element Action [GetText] successfully performed. With the following test data [Typing into SHADOW DOM...]. @09-11-2021 01:52:30.0003 AM
[ReportManager] Loaded Shared OpenCV @09-11-2021 01:52:30.0092 AM
[ReportManager] Assertion [ValidateElementAttribute] PASSED. Expected [Value Should be 'Typing into SHADOW DOM...' for the 'Text' attribute, element locator 'By.id: cvc'] and Actual [Typing into SHADOW DOM...]. Comparison Type [EQUALS]. Validation Type [POSITIVE]. @09-11-2021 01:52:30.0267 AM
[ReportManager] Successfully created attachment [Screenshot - 1636422750092_shadowdom_ValidateElementAttribute_passed] @09-11-2021 01:52:30.0268 A
[ReportManager] Browser Action [CloseCurrentWindow] successfully performed. @09-11-2021 01:52:30.0386 AM
[ReportManager] Successfully created attachment [Browser Action Test Data - CloseCurrentWindow - Actual Value] @09-11-2021 01:52:30.0387 A
[ReportManager] File Action [GetAbsolutePath] successfully performed. With the following test data [Relative Folder Path: "target/downloadedFiles/"]. @09-11-2021 01:52:30.0389 AM
[ReportManager] Attempting to run locally on: [Mac-64], [Safari], Headless Execution. @09-11-2021 01:52:30.0389 AM
[ReportManager] Successfully Opened Safari. @09-11-2021 01:52:31.0228 AM
[ReportManager] Initial window size: (800, 600) @09-11-2021 01:52:31.0247 AM
[ReportManager] Window size after SWD Maximize: (1176, 811) @09-11-2021 01:52:31.0324 AM
[ReportManager] Browser Action [MaximizeWindow] successfully performed. With the following test data [New screen size is now: (1176, 811)]. @09-11-2021 01:52:31.0324 A

################################################################################################################################################
Starting Execution:	[76 out of 146] test cases in the current suite
Test Method:		[testPackage01.Test_clipboardActions.typeTextAndCopyPaste]
################################################################################################################################################
[ReportManager] Target URL: [https://www.google.com/ncr], and after redirection: [https://www.google.com] @09-11-2021 01:52:31.0328 AM
[ReportManager] Initial URL: [] @09-11-2021 01:52:31.0366 AM
[ReportManager] Browser Action [NavigateToURL] successfully performed. With the following test data [https://www.google.com/ncr]. @09-11-2021 01:52:32.0304 AM
[ReportManager] Element Action [Type] successfully performed. With the following test data [FIRST]. @09-11-2021 01:52:32.0668 A
[ReportManager] Browser Action [CloseCurrentWindow] successfully performed. @09-11-2021 01:52:32.0957 AM
[ReportManager] Successfully created attachment [Browser Action Test Data - CloseCurrentWindow - Actual Value] @09-11-2021 01:52:32.0958 A

################################################################################################################################################
Starting Execution:	[77 out of 146] test cases in the current suite
Test Method:		[testPackage01.Test_NewValidationHelper.f1]
################################################################################################################################################
[ReportManager] Assertion Passed: Checking valid user data @09-11-2021 01:52:32.0962 AM
[ReportManager] Successfully created attachment [Validation Test Data - Expected Value] @09-11-2021 01:52:32.0963 AM
[ReportManager] Successfully created attachment [Validation Test Data - Actual Value] @09-11-2021 01:52:32.0964 AM
[ReportManager] Assertion [ValidateEquals] PASSED. Expected and Actual values are attached. Comparison Type [EQUALS]. Validation Type [POSITIVE]. @09-11-2021 01:52:32.0964 A
[ReportManager] File Action [GetAbsolutePath] successfully performed. With the following test data [Relative Folder Path: "target/downloadedFiles/"]. @09-11-2021 01:52:32.0967 AM
[ReportManager] Attempting to run locally on: [Mac-64], [Safari], Headless Execution. @09-11-2021 01:52:32.0967 AM
[ReportManager] Successfully Opened Safari. @09-11-2021 01:52:33.0771 AM
[ReportManager] Initial window size: (800, 600) @09-11-2021 01:52:33.0776 AM
[ReportManager] Window size after SWD Maximize: (1176, 811) @09-11-2021 01:52:33.0799 AM
[ReportManager] Browser Action [MaximizeWindow] successfully performed. With the following test data [New screen size is now: (1176, 811)]. @09-11-2021 01:52:33.0800 AM
[ReportManager] Target URL: [https://the-internet.herokuapp.com/] @09-11-2021 01:52:33.0800 AM
[ReportManager] Initial URL: [] @09-11-2021 01:52:33.0867 AM
[ReportManager] Browser Action [NavigateToURL] successfully performed. With the following test data [https://the-internet.herokuapp.com/]. @09-11-2021 01:52:34.0580 A

################################################################################################################################################
Starting Execution:	[78 out of 146] test cases in the current suite
Test Method:		[testPackage01.Test_NewValidationHelper.f10]
################################################################################################################################################
[ReportManager] Loaded Shared OpenCV @09-11-2021 01:52:34.0670 AM
[ReportManager] Assertion [ValidateElementExists] FAILED. Expected [Element Should Exist, locator 'By.tagName: div'] and Actual [Element Exists but is not unique]. Comparison Type [EQUALS]. Validation Type [POSITIVE]. @09-11-2021 01:52:34.0811 AM
[ReportManager] Successfully created attachment [Screenshot - 1636422754670_f10_ValidateElementExists_failed] @09-11-2021 01:52:34.0813 A



################################################################################################################################################
Starting Execution:	[79 out of 146] test cases in the current suite
Test Method:		[testPackage01.Test_NewValidationHelper.f11]
###############################################################################################################################################



################################################################################################################################################
Starting Execution:	[80 out of 146] test cases in the current suite
Test Method:		[testPackage01.Test_NewValidationHelper.f12]
###############################################################################################################################################



################################################################################################################################################
Starting Execution:	[81 out of 146] test cases in the current suite
Test Method:		[testPackage01.Test_NewValidationHelper.f13]
###############################################################################################################################################



################################################################################################################################################
Starting Execution:	[82 out of 146] test cases in the current suite
Test Method:		[testPackage01.Test_NewValidationHelper.f14]
###############################################################################################################################################



################################################################################################################################################
Starting Execution:	[83 out of 146] test cases in the current suite
Test Method:		[testPackage01.Test_NewValidationHelper.f15]
###############################################################################################################################################



################################################################################################################################################
Starting Execution:	[84 out of 146] test cases in the current suite
Test Method:		[testPackage01.Test_NewValidationHelper.f16]
###############################################################################################################################################



################################################################################################################################################
Starting Execution:	[85 out of 146] test cases in the current suite
Test Method:		[testPackage01.Test_NewValidationHelper.f17]
###############################################################################################################################################



################################################################################################################################################
Starting Execution:	[86 out of 146] test cases in the current suite
Test Method:		[testPackage01.Test_NewValidationHelper.f18]
###############################################################################################################################################


################################################################################################################################################
Starting Execution:	[87 out of 146] test cases in the current suite
Test Method:		[testPackage01.Test_NewValidationHelper.f2]
###############################################################################################################################################


################################################################################################################################################
Starting Execution:	[88 out of 146] test cases in the current suite
Test Method:		[testPackage01.Test_NewValidationHelper.f20]
###############################################################################################################################################



################################################################################################################################################
Starting Execution:	[89 out of 146] test cases in the current suite
Test Method:		[testPackage01.Test_NewValidationHelper.f21]
###############################################################################################################################################



################################################################################################################################################
Starting Execution:	[90 out of 146] test cases in the current suite
Test Method:		[testPackage01.Test_NewValidationHelper.f22]
###############################################################################################################################################


################################################################################################################################################
Starting Execution:	[91 out of 146] test cases in the current suite
Test Method:		[testPackage01.Test_NewValidationHelper.f23]
###############################################################################################################################################

################################################################################################################################################
Starting Execution:	[92 out of 146] test cases in the current suite
Test Method:		[testPackage01.Test_NewValidationHelper.f24]
###############################################################################################################################################

################################################################################################################################################
Starting Execution:	[93 out of 146] test cases in the current suite
Test Method:		[testPackage01.Test_NewValidationHelper.f25]
###############################################################################################################################################

################################################################################################################################################
Starting Execution:	[94 out of 146] test cases in the current suite
Test Method:		[testPackage01.Test_NewValidationHelper.f26]
###############################################################################################################################################

################################################################################################################################################
Starting Execution:	[95 out of 146] test cases in the current suite
Test Method:		[testPackage01.Test_NewValidationHelper.f27]
###############################################################################################################################################

################################################################################################################################################
Starting Execution:	[96 out of 146] test cases in the current suite
Test Method:		[testPackage01.Test_NewValidationHelper.f28]
###############################################################################################################################################

################################################################################################################################################
Starting Execution:	[97 out of 146] test cases in the current suite
Test Method:		[testPackage01.Test_NewValidationHelper.f29]
###############################################################################################################################################

################################################################################################################################################
Starting Execution:	[98 out of 146] test cases in the current suite
Test Method:		[testPackage01.Test_NewValidationHelper.f3]
###############################################################################################################################################

################################################################################################################################################
Starting Execution:	[99 out of 146] test cases in the current suite
Test Method:		[testPackage01.Test_NewValidationHelper.f30]
###############################################################################################################################################

################################################################################################################################################
Starting Execution:	[100 out of 146] test cases in the current suite
Test Method:		[testPackage01.Test_NewValidationHelper.f31]
###############################################################################################################################################

################################################################################################################################################
Starting Execution:	[101 out of 146] test cases in the current suite
Test Method:		[testPackage01.Test_NewValidationHelper.f32]
###############################################################################################################################################

################################################################################################################################################
Starting Execution:	[102 out of 146] test cases in the current suite
Test Method:		[testPackage01.Test_NewValidationHelper.f33]
###############################################################################################################################################

################################################################################################################################################
Starting Execution:	[103 out of 146] test cases in the current suite
Test Method:		[testPackage01.Test_NewValidationHelper.f34]
###############################################################################################################################################

################################################################################################################################################
Starting Execution:	[104 out of 146] test cases in the current suite
Test Method:		[testPackage01.Test_NewValidationHelper.f35]
###############################################################################################################################################

################################################################################################################################################
Starting Execution:	[105 out of 146] test cases in the current suite
Test Method:		[testPackage01.Test_NewValidationHelper.f36]
###############################################################################################################################################

################################################################################################################################################
Starting Execution:	[106 out of 146] test cases in the current suite
Test Method:		[testPackage01.Test_NewValidationHelper.f37]
###############################################################################################################################################

################################################################################################################################################
Starting Execution:	[107 out of 146] test cases in the current suite
Test Method:		[testPackage01.Test_NewValidationHelper.f3_1]
###############################################################################################################################################

################################################################################################################################################
Starting Execution:	[108 out of 146] test cases in the current suite
Test Method:		[testPackage01.Test_NewValidationHelper.f4]
###############################################################################################################################################

################################################################################################################################################
Starting Execution:	[109 out of 146] test cases in the current suite
Test Method:		[testPackage01.Test_NewValidationHelper.f5]
###############################################################################################################################################

################################################################################################################################################
Starting Execution:	[110 out of 146] test cases in the current suite
Test Method:		[testPackage01.Test_NewValidationHelper.f6]
###############################################################################################################################################

################################################################################################################################################
Starting Execution:	[111 out of 146] test cases in the current suite
Test Method:		[testPackage01.Test_NewValidationHelper.f6_1]
###############################################################################################################################################

################################################################################################################################################
Starting Execution:	[112 out of 146] test cases in the current suite
Test Method:		[testPackage01.Test_NewValidationHelper.f6_2]
###############################################################################################################################################

################################################################################################################################################
Starting Execution:	[113 out of 146] test cases in the current suite
Test Method:		[testPackage01.Test_NewValidationHelper.f7]
###############################################################################################################################################


################################################################################################################################################
Starting Execution:	[114 out of 146] test cases in the current suite
Test Method:		[testPackage01.Test_NewValidationHelper.f8]
###############################################################################################################################################



################################################################################################################################################
Starting Execution:	[115 out of 146] test cases in the current suite
Test Method:		[testPackage01.Test_NewValidationHelper.f9]
###############################################################################################################################################


################################################################################################################################################
Starting Execution:	[116 out of 146] test cases in the current suite
Test Method:		[testPackage01.Test_NewValidationHelper.forceFail]
###############################################################################################################################################

################################################################################################################################################
Starting Execution:	[117 out of 146] test cases in the current suite
Test Method:		[testPackage01.Test_NewValidationHelper.forceFail2]
###############################################################################################################################################

################################################################################################################################################
Starting Execution:	[118 out of 146] test cases in the current suite
Test Method:		[testPackage01.Test_JsonActions.f]
###############################################################################################################################################

################################################################################################################################################
Starting Execution:	[119 out of 146] test cases in the current suite
Test Method:		[testPackage01.Test_JsonActions.f2]
###############################################################################################################################################

################################################################################################################################################
Starting Execution:	[120 out of 146] test cases in the current suite
Test Method:		[testPackage01.Test_sendGraphqlRequest.sendGraphqlRequestUsingMutationAndVariables]
################################################################################################################################################
[ReportManager] GraphQl Request is being Performed with the Following Parameters [Service URL: https://api.spacex.land/graphql | Request Body: {"variables":"{\"name\": \"sherlock holmes\",\"rocket\": \"221B Baker Street\"}","query":"mutation ($name: String, $rocket: String) {\n  insert_users(objects: {name: $name, rocket: $rocket}) {\n    returning {\n      name\n      rocket\n    }\n  }\n}"}] @09-11-2021 01:52:35.0424 AM
[ReportManager] Response status code: [200], status line: [HTTP/1.1 200 OK] @09-11-2021 01:52:35.0743 AM
[ReportManager] Assertion Passed: Evaluating the actual response status code against the expected one... @09-11-2021 01:52:35.0743 AM
[ReportManager] Assertion [ValidateComparativeRelation] PASSED. Expected [200] and Actual [200]. Comparison Type [EQUALS]. Validation Type [POSITIVE]. @09-11-2021 01:52:35.0743 AM
[ReportManager] API Action [PerformRequest] successfully performed. With the following test data [Request Type: "POST" | Target Status Code: "200" | Service URL: "https://api.spacex.land/graphql" | Content Type: "application/json" | Response Time: "195ms"]. @09-11-2021 01:52:35.0777 AM
[ReportManager] Successfully created attachment [API Request - Specifications] @09-11-2021 01:52:35.0778 AM
[ReportManager] Successfully created attachment [API Request - JSON Body] @09-11-2021 01:52:35.0778 AM
[ReportManager] Successfully created attachment [API Response - JSON Body] @09-11-2021 01:52:35.0779 AM
[ReportManager] API Action [GetResponseJSONValue] successfully performed. With the following test data [data.insert_users.returning[0].name]. @09-11-2021 01:52:35.0828 AM
[ReportManager] Assertion [ValidateEquals] PASSED. Expected [sherlock holmes] and Actual [sherlock holmes]. Comparison Type [EQUALS]. Validation Type [POSITIVE]. @09-11-2021 01:52:35.0829 A

################################################################################################################################################
Starting Execution:	[121 out of 146] test cases in the current suite
Test Method:		[testPackage01.Test_sendGraphqlRequest.sendGraphqlRequestUsingQuery]
################################################################################################################################################
[ReportManager] GraphQl Request is being Performed with the Following Parameters [Service URL: https://api.spacex.land/graphql | Request Body: {"query":"{company {ceo}}"}] @09-11-2021 01:52:35.0832 AM
[ReportManager] Response status code: [200], status line: [HTTP/1.1 200 OK] @09-11-2021 01:52:35.0943 AM
[ReportManager] Assertion Passed: Evaluating the actual response status code against the expected one... @09-11-2021 01:52:35.0943 AM
[ReportManager] Assertion [ValidateComparativeRelation] PASSED. Expected [200] and Actual [200]. Comparison Type [EQUALS]. Validation Type [POSITIVE]. @09-11-2021 01:52:35.0943 AM
[ReportManager] API Action [PerformRequest] successfully performed. With the following test data [Request Type: "POST" | Target Status Code: "200" | Service URL: "https://api.spacex.land/graphql" | Content Type: "application/json" | Response Time: "105ms"]. @09-11-2021 01:52:35.0974 AM
[ReportManager] Successfully created attachment [API Request - Specifications] @09-11-2021 01:52:35.0975 AM
[ReportManager] Successfully created attachment [API Request - JSON Body] @09-11-2021 01:52:35.0975 AM
[ReportManager] Successfully created attachment [API Response - JSON Body] @09-11-2021 01:52:35.0976 AM
[ReportManager] API Action [GetResponseJSONValue] successfully performed. With the following test data [data.company.ceo]. @09-11-2021 01:52:35.0988 AM
[ReportManager] Assertion [ValidateEquals] PASSED. Expected [Elon Musk] and Actual [Elon Musk]. Comparison Type [EQUALS]. Validation Type [POSITIVE]. @09-11-2021 01:52:35.0989 A

################################################################################################################################################
Starting Execution:	[122 out of 146] test cases in the current suite
Test Method:		[testPackage01.Test_MatchJsonSchema.checkAPI_ResponseSchema]
################################################################################################################################################
[ReportManager] Response status code: [200], status line: [HTTP/1.1 200 OK] @09-11-2021 01:52:36.0115 AM
[ReportManager] Assertion Passed: Evaluating the actual response status code against the expected one... @09-11-2021 01:52:36.0116 AM
[ReportManager] Assertion [ValidateComparativeRelation] PASSED. Expected [200] and Actual [200]. Comparison Type [EQUALS]. Validation Type [POSITIVE]. @09-11-2021 01:52:36.0116 AM
[ReportManager] API Action [PerformRequest] successfully performed. With the following test data [Request Type: "GET" | Target Status Code: "200" | Service URL: "http://api.zippopotam.us/us/90210" | Content Type: "*/*" | Response Time: "115ms"]. @09-11-2021 01:52:36.0130 AM
[ReportManager] Successfully created attachment [API Request - Specifications] @09-11-2021 01:52:36.0130 AM
[ReportManager] Successfully created attachment [API Response - JSON Body] @09-11-2021 01:52:36.0131 AM
[ReportManager] File Action [GetAbsolutePath] successfully performed. With the following test data [Relative Folder Path: "src/test/resources/testDataFiles/schema.json"]. @09-11-2021 01:52:36.0133 AM
[ReportManager] File Action [GetAbsolutePath] successfully performed. With the following test data [Relative Folder Path: "/Users/runner/work/SHAFT_ENGINE/SHAFT_ENGINE/src/test/resources/testDataFiles/schema.json"]. @09-11-2021 01:52:36.0950 AM
[ReportManager] File Action [ReadFromFile] successfully performed. With the following test data [File Path: "/Users/runner/work/SHAFT_ENGINE/SHAFT_ENGINE/src/test/resources/testDataFiles/schema.json"]. @09-11-2021 01:52:36.0950 AM
[ReportManager] Assertion Passed: Then I Assert that the API response schema matches that in this file [src/test/resources/testDataFiles/schema.json]. @09-11-2021 01:52:36.0952 AM
[ReportManager] Successfully created attachment [Validation Test Data - Expected JSON Value] @09-11-2021 01:52:36.0953 AM
[ReportManager] Successfully created attachment [Validation Test Data - Actual JSON Value] @09-11-2021 01:52:36.0954 AM
[ReportManager] Assertion [ValidateResponseFileSchema] PASSED. Expected [Response data should match the JSON File in this path '/Users/runner/work/SHAFT_ENGINE/SHAFT_ENGINE/src/test/resources/testDataFiles/schema.json'] and Actual [TRUE]. Comparison Type [EQUALS]. Validation Type [POSITIVE]. @09-11-2021 01:52:36.0954 A
[ReportManager] File Action [GetAbsolutePath] successfully performed. With the following test data [Relative Folder Path: "target/downloadedFiles/"]. @09-11-2021 01:52:36.0957 AM
[ReportManager] Attempting to run locally on: [Mac-64], [Safari], Headless Execution. @09-11-2021 01:52:36.0958 AM
[ReportManager] Successfully Opened Safari. @09-11-2021 01:52:37.0740 AM
[ReportManager] Initial window size: (800, 600) @09-11-2021 01:52:37.0747 AM
[ReportManager] Window size after SWD Maximize: (1176, 811) @09-11-2021 01:52:37.0775 AM
[ReportManager] Browser Action [MaximizeWindow] successfully performed. With the following test data [New screen size is now: (1176, 811)]. @09-11-2021 01:52:37.0776 A

################################################################################################################################################
Starting Execution:	[123 out of 146] test cases in the current suite
Test Method:		[testPackage01.Test_dragAndDrop.dragAndDropJquery]
################################################################################################################################################
[ReportManager] Target URL: [https://jqueryui.com/resources/demos/droppable/default.html] @09-11-2021 01:52:37.0779 AM
[ReportManager] Initial URL: [] @09-11-2021 01:52:37.0831 AM
[ReportManager] Browser Action [NavigateToURL] successfully performed. With the following test data [https://jqueryui.com/resources/demos/droppable/default.html]. @09-11-2021 01:52:38.0335 AM
[ReportManager] Element Action [GetText] successfully performed. With the following test data [
	Drop here
]. @09-11-2021 01:52:38.0374 AM
[ReportManager] Element Action [DragAndDrop] successfully performed. With the following test data [Start point: (8, 18), End point: (8, 18)]. @09-11-2021 01:52:39.0556 AM
[ReportManager] Element Action [GetText] successfully performed. With the following test data [
	Dropped!
]. @09-11-2021 01:52:39.0588 AM
[ReportManager] Assertion Passed: Checking to see if the text has changed after performing drag and drop @09-11-2021 01:52:39.0588 AM
[ReportManager] Assertion [ValidateEquals] PASSED. Expected [
	Drop here
] and Actual [
	Dropped!
]. Comparison Type [EQUALS]. Validation Type [NEGATIVE]. @09-11-2021 01:52:39.0588 A
[ReportManager] Browser Action [CloseCurrentWindow] successfully performed. @09-11-2021 01:52:39.0992 AM
[ReportManager] Successfully created attachment [Browser Action Test Data - CloseCurrentWindow - Actual Value] @09-11-2021 01:52:39.0993 A
[ReportManager] File Action [GetAbsolutePath] successfully performed. With the following test data [Relative Folder Path: "target/downloadedFiles/"]. @09-11-2021 01:52:39.0995 AM
[ReportManager] Attempting to run locally on: [Mac-64], [Safari], Headless Execution. @09-11-2021 01:52:39.0996 AM
[ReportManager] Successfully Opened Safari. @09-11-2021 01:52:40.0848 AM
[ReportManager] Initial window size: (800, 600) @09-11-2021 01:52:40.0860 AM
[ReportManager] Window size after SWD Maximize: (1176, 811) @09-11-2021 01:52:40.0881 AM
[ReportManager] Browser Action [MaximizeWindow] successfully performed. With the following test data [New screen size is now: (1176, 811)]. @09-11-2021 01:52:40.0882 A

################################################################################################################################################
Starting Execution:	[124 out of 146] test cases in the current suite
Test Method:		[testPackage01.Test_dragAndDrop.dragAndDrop]
Test Description:	[TC001 - Test Drag and Drop function.]
################################################################################################################################################
[ReportManager] Target URL: [http://the-internet.herokuapp.com/drag_and_drop] @09-11-2021 01:52:40.0891 AM
[ReportManager] Initial URL: [] @09-11-2021 01:52:40.0975 AM
[ReportManager] Browser Action [NavigateToURL] successfully performed. With the following test data [http://the-internet.herokuapp.com/drag_and_drop]. @09-11-2021 01:52:41.0756 AM
[ReportManager] Attempting Drag and Drop @09-11-2021 01:52:41.0756 AM
[ReportManager] Element Action [DragAndDrop] successfully performed. With the following test data [Start point: (120, 89), End point: (335, 89)]. @09-11-2021 01:52:42.0425 A
[ReportManager] Browser Action [CloseCurrentWindow] successfully performed. @09-11-2021 01:52:42.0721 AM
[ReportManager] Successfully created attachment [Browser Action Test Data - CloseCurrentWindow - Actual Value] @09-11-2021 01:52:42.0722 A
[ReportManager] File Action [GetAbsolutePath] successfully performed. With the following test data [Relative Folder Path: "target/downloadedFiles/"]. @09-11-2021 01:52:42.0725 AM
[ReportManager] Attempting to run locally on: [Mac-64], [Safari], Headless Execution. @09-11-2021 01:52:42.0725 AM
[ReportManager] Successfully Opened Safari. @09-11-2021 01:52:43.0583 AM
[ReportManager] Initial window size: (800, 600) @09-11-2021 01:52:43.0592 AM
[ReportManager] Window size after SWD Maximize: (1176, 811) @09-11-2021 01:52:43.0614 AM
[ReportManager] Browser Action [MaximizeWindow] successfully performed. With the following test data [New screen size is now: (1176, 811)]. @09-11-2021 01:52:43.0614 A

################################################################################################################################################
Starting Execution:	[125 out of 146] test cases in the current suite
Test Method:		[testPackage01.Test_dragAndDrop.dragAndDropByOffset]
Test Description:	[TC002 - Test Drag and Drop by offset function.]
################################################################################################################################################
[ReportManager] Target URL: [https://jqueryui.com/resources/demos/draggable/default.html] @09-11-2021 01:52:43.0617 AM
[ReportManager] Initial URL: [] @09-11-2021 01:52:43.0693 AM
[ReportManager] Browser Action [NavigateToURL] successfully performed. With the following test data [https://jqueryui.com/resources/demos/draggable/default.html]. @09-11-2021 01:52:44.0077 AM
[ReportManager] Element Action [DragAndDropByOffset] successfully performed. With the following test data [Start point: (8, 8), End point: (108, 58)]. @09-11-2021 01:52:44.0873 A
[ReportManager] Browser Action [CloseCurrentWindow] successfully performed. @09-11-2021 01:52:45.0177 AM
[ReportManager] Successfully created attachment [Browser Action Test Data - CloseCurrentWindow - Actual Value] @09-11-2021 01:52:45.0178 A
[ReportManager] Successfully loaded the following test data file [src/test/resources/TestDataFiles/testSuite01/TestData.xlsx]. @09-11-2021 01:52:45.0216 AM
[ReportManager] Successfully created attachment [Test Data - Excel] @09-11-2021 01:52:45.0222 AM
[ReportManager] File Action [GetAbsolutePath] successfully performed. With the following test data [Relative Folder Path: "target/downloadedFiles/"]. @09-11-2021 01:52:45.0222 AM
[ReportManager] Attempting to run locally on: [Mac-64], [Safari], Headless Execution. @09-11-2021 01:52:45.0224 AM
[ReportManager] Successfully Opened Safari. @09-11-2021 01:52:46.0011 AM
[ReportManager] Initial window size: (800, 600) @09-11-2021 01:52:46.0022 AM
[ReportManager] Window size after SWD Maximize: (1176, 811) @09-11-2021 01:52:46.0043 AM
[ReportManager] Browser Action [MaximizeWindow] successfully performed. With the following test data [New screen size is now: (1176, 811)]. @09-11-2021 01:52:46.0044 A

################################################################################################################################################
Starting Execution:	[126 out of 146] test cases in the current suite
Test Method:		[testPackage01.Test_google.navigateToURLandVerifyGoogleLogoIsDisplayed]
Test Description:	[TC001 - Navigate to URL and Verify Google Logo is Displayed]
################################################################################################################################################
[ReportManager] Target URL: [https://www.google.com/ncr], and after redirection: [https://www.google.com] @09-11-2021 01:52:46.0048 AM
[ReportManager] Initial URL: [] @09-11-2021 01:52:46.0117 AM
[ReportManager] Browser Action [NavigateToURL] successfully performed. With the following test data [https://www.google.com/ncr]. @09-11-2021 01:52:46.0983 AM
[ReportManager] Loaded Shared OpenCV @09-11-2021 01:52:47.0060 AM
[ReportManager] Assertion Passed: Then I Assert that the element found by [By.xpath: //*[@id='hplogo' or @alt='Google']] exists. @09-11-2021 01:52:47.0159 AM
[ReportManager] Successfully created attachment [Screenshot - 1636422767060_navigateToURLandVerifyGoogleLogoIsDisplayed_ValidateElementExists_passed] @09-11-2021 01:52:47.0160 AM
[ReportManager] Assertion [ValidateElementExists] PASSED. Expected [Element Should Exist, locator 'By.xpath: //*[@id='hplogo' or @alt='Google']'] and Actual [Element Exists]. Comparison Type [EQUALS]. Validation Type [POSITIVE]. @09-11-2021 01:52:47.0160 A

################################################################################################################################################
Starting Execution:	[127 out of 146] test cases in the current suite
Test Method:		[testPackage01.Test_google.searchForQueryandAssertResultsNumDisplayed]
Test Description:	[TC002 - Search for Query and Assert that the number of results is displayed]
################################################################################################################################################
[ReportManager] Element Action [Type] successfully performed. With the following test data [SHAFT_Engine]. @09-11-2021 01:52:47.0666 AM
[ReportManager] Element Action [KeyPress] successfully performed. With the following test data [Enter]. @09-11-2021 01:52:47.0726 A

################################################################################################################################################
Starting Execution:	[128 out of 146] test cases in the current suite
Test Method:		[testPackage01.Test_google.clickNextThrice]
Test Description:	[TC003 - Clicks the next button to make sure that the framework can scroll element into view before clicking it]
###############################################################################################################################################
[ReportManager] Browser Action [CloseCurrentWindow] successfully performed. @09-11-2021 01:52:48.0080 AM
[ReportManager] Successfully created attachment [Browser Action Test Data - CloseCurrentWindow - Actual Value] @09-11-2021 01:52:48.0082 A

################################################################################################################################################
Starting Execution:	[129 out of 146] test cases in the current suite
Test Method:		[testPackage01.Test_chainableElementActions.chainElementActions]
################################################################################################################################################
[ReportManager] File Action [GetAbsolutePath] successfully performed. With the following test data [Relative Folder Path: "target/downloadedFiles/"]. @09-11-2021 01:52:48.0085 AM
[ReportManager] Attempting to run locally on: [Mac-64], [GoogleChrome], Headless Execution. @09-11-2021 01:52:48.0087 AM
[ReportManager] Identifying OS/Driver combination and selecting the correct driver version automatically. Please note that if a new driver executable will be downloaded it may take some time... @09-11-2021 01:52:48.0087 AM
[ReportManager] Successfully Opened Google Chrome. @09-11-2021 01:52:51.0344 AM
[ReportManager] Initial window size: (1920, 1080) @09-11-2021 01:52:51.0350 AM
[ReportManager] Window size after SWD Maximize: (1920, 1080) @09-11-2021 01:52:51.0529 AM
[ReportManager] Window size after Toolkit: (1920, 1080) @09-11-2021 01:52:51.0855 AM
[ReportManager] Browser Action [MaximizeWindow] successfully performed. With the following test data [New screen size is now: (1920, 1080)]. @09-11-2021 01:52:51.0859 AM
[ReportManager] Target URL: [https://www.google.com/ncr], and after redirection: [https://www.google.com] @09-11-2021 01:52:51.0859 AM
[ReportManager] Initial URL: [data:,] @09-11-2021 01:52:51.0894 AM
[ReportManager] Browser Action [NavigateToURL] successfully performed. With the following test data [https://www.google.com/ncr]. @09-11-2021 01:52:52.0794 AM
[ReportManager] Element Action [Type] successfully performed. With the following test data [chained type 1]. @09-11-2021 01:52:53.0237 AM
[ReportManager] Element Action [Type] successfully performed. With the following test data [chained type 2]. @09-11-2021 01:52:53.0631 AM
[ReportManager] Element Action [TypeAppend] successfully performed. With the following test data [345]. @09-11-2021 01:52:53.0691 AM
[ReportManager] Element Action [GetText] successfully performed. With the following test data [chained type 2345]. @09-11-2021 01:52:53.0765 AM
[ReportManager] Loaded Shared OpenCV @09-11-2021 01:52:54.0131 AM
[ReportManager] Assertion [ValidateElementAttribute] PASSED. Expected [Value Should be 'chained type 2345' for the 'text' attribute, element locator 'By.name: q'] and Actual [chained type 2345]. Comparison Type [EQUALS]. Validation Type [POSITIVE]. @09-11-2021 01:52:54.0352 AM
[ReportManager] Successfully created attachment [Screenshot - 1636422774131_chainElementActions_ValidateElementAttribute_passed] @09-11-2021 01:52:54.0353 AM
[ReportManager] Browser Action [CloseCurrentWindow] successfully performed. @09-11-2021 01:52:54.0603 AM
[ReportManager] Successfully created attachment [Browser Action Test Data - CloseCurrentWindow - Actual Value] @09-11-2021 01:52:54.0604 A
[ReportManager] File Action [GetAbsolutePath] successfully performed. With the following test data [Relative Folder Path: "target/downloadedFiles/"]. @09-11-2021 01:52:54.0608 AM
[ReportManager] Attempting to run locally on: [Mac-64], [Safari], Headless Execution. @09-11-2021 01:52:54.0608 AM
[ReportManager] Successfully Opened Safari. @09-11-2021 01:52:55.0499 AM
[ReportManager] Initial window size: (800, 600) @09-11-2021 01:52:55.0504 AM
[ReportManager] Window size after SWD Maximize: (1176, 811) @09-11-2021 01:52:55.0527 AM
[ReportManager] Browser Action [MaximizeWindow] successfully performed. With the following test data [New screen size is now: (1176, 811)]. @09-11-2021 01:52:55.0527 A

################################################################################################################################################
Starting Execution:	[130 out of 146] test cases in the current suite
Test Method:		[testPackage01.Test_RelativeLocators.relativeLocatorsTest1]
################################################################################################################################################
[ReportManager] Target URL: [https://duckduckgo.com/] @09-11-2021 01:52:55.0541 AM
[ReportManager] Initial URL: [] @09-11-2021 01:52:55.0600 AM
[ReportManager] Browser Action [NavigateToURL] successfully performed. With the following test data [https://duckduckgo.com/]. @09-11-2021 01:52:56.0314 AM
[ReportManager] Element Action [Type] successfully performed. With the following test data [SHAFT_Engine]. @09-11-2021 01:52:56.0663 AM
[ReportManager] Element Action [KeyPress] successfully performed. With the following test data [ENTER]. @09-11-2021 01:52:56.0733 A
[ReportManager] Browser Action [CloseCurrentWindow] successfully performed. @09-11-2021 01:52:58.0415 AM
[ReportManager] Successfully created attachment [Browser Action Test Data - CloseCurrentWindow - Actual Value] @09-11-2021 01:52:58.0416 A

################################################################################################################################################
Starting Execution:	[131 out of 146] test cases in the current suite
Test Method:		[testPackage01.Test_JsonCompareWithSpecialCharacters.specialCharacters]
################################################################################################################################################
[ReportManager] File Action [GetAbsolutePath] successfully performed. With the following test data [Relative Folder Path: "src/test/resources/testDataFiles/specialCharacters.json"]. @09-11-2021 01:52:58.0422 AM
[ReportManager] File Action [ReadFromFile] successfully performed. With the following test data [File Path: "/Users/runner/work/SHAFT_ENGINE/SHAFT_ENGINE/src/test/resources/testDataFiles/specialCharacters.json"]. @09-11-2021 01:52:58.0423 AM
[ReportManager] Successfully created attachment [File Action Actual Result - Command Log] @09-11-2021 01:52:58.0424 AM
[ReportManager] Comparing the provided API response with the file at this path "src/test/resources/testDataFiles/specialCharacters.json", comparison type "EQUALS" @09-11-2021 01:52:58.0424 AM
[ReportManager] API Action [CompareJSON] successfully performed. With the following test data [src/test/resources/testDataFiles/specialCharacters.json]. @09-11-2021 01:52:58.0434 AM
[ReportManager] File Action [GetAbsolutePath] successfully performed. With the following test data [Relative Folder Path: "src/test/resources/testDataFiles/specialCharacters.json"]. @09-11-2021 01:52:58.0435 AM
[ReportManager] File Action [ReadFromFile] successfully performed. With the following test data [File Path: "/Users/runner/work/SHAFT_ENGINE/SHAFT_ENGINE/src/test/resources/testDataFiles/specialCharacters.json"]. @09-11-2021 01:52:58.0435 AM
[ReportManager] Verification [ValidateJSONFileContent] PASSED. Expected [Response data should match the JSON File in this path 'src/test/resources/testDataFiles/specialCharacters.json'] and Actual [TRUE]. Comparison Type [EQUALS]. Validation Type [POSITIVE]. @09-11-2021 01:52:58.0442 AM
[ReportManager] Successfully created attachment [Validation Test Data - Expected JSON Value] @09-11-2021 01:52:58.0444 AM
[ReportManager] Successfully created attachment [Validation Test Data - Actual JSON Value] @09-11-2021 01:52:58.0445 A

################################################################################################################################################
Starting Execution:	[132 out of 146] test cases in the current suite
Test Method:		[testPackage01.Test_JsonCompareWithSpecialCharacters.specialCharacters_assertion]
################################################################################################################################################
[ReportManager] File Action [GetAbsolutePath] successfully performed. With the following test data [Relative Folder Path: "src/test/resources/testDataFiles/specialCharacters.json"]. @09-11-2021 01:52:58.0459 AM
[ReportManager] File Action [ReadFromFile] successfully performed. With the following test data [File Path: "/Users/runner/work/SHAFT_ENGINE/SHAFT_ENGINE/src/test/resources/testDataFiles/specialCharacters.json"]. @09-11-2021 01:52:58.0460 AM
[ReportManager] Successfully created attachment [File Action Actual Result - Command Log] @09-11-2021 01:52:58.0461 AM
[ReportManager] Comparing the provided API response with the file at this path "src/test/resources/testDataFiles/specialCharacters.json", comparison type "CONTAINS" @09-11-2021 01:52:58.0461 AM
[ReportManager] API Action [CompareJSON] successfully performed. With the following test data [src/test/resources/testDataFiles/specialCharacters.json]. @09-11-2021 01:52:58.0472 AM
[ReportManager] File Action [GetAbsolutePath] successfully performed. With the following test data [Relative Folder Path: "src/test/resources/testDataFiles/specialCharacters.json"]. @09-11-2021 01:52:58.0472 AM
[ReportManager] File Action [ReadFromFile] successfully performed. With the following test data [File Path: "/Users/runner/work/SHAFT_ENGINE/SHAFT_ENGINE/src/test/resources/testDataFiles/specialCharacters.json"]. @09-11-2021 01:52:58.0473 AM
[ReportManager] Assertion Passed: trying out the log message @09-11-2021 01:52:58.0477 AM
[ReportManager] Successfully created attachment [Validation Test Data - Expected JSON Value] @09-11-2021 01:52:58.0479 AM
[ReportManager] Successfully created attachment [Validation Test Data - Actual JSON Value] @09-11-2021 01:52:58.0479 AM
[ReportManager] Assertion [ValidateJSONFileContent] PASSED. Expected [Response data should match the JSON File in this path 'src/test/resources/testDataFiles/specialCharacters.json'] and Actual [TRUE]. Comparison Type [CONTAINS]. Validation Type [POSITIVE]. @09-11-2021 01:52:58.0479 A

################################################################################################################################################
Starting Execution:	[133 out of 146] test cases in the current suite
Test Method:		[testPackage01.Test_SkipDueToIssue.doNotSkip]
################################################################################################################################################
[ReportManager] This should not be skipped. @09-11-2021 01:52:58.0484 A

################################################################################################################################################
Starting Execution:	[134 out of 146] test cases in the current suite
Test Method:		[testPackage01.Test_SkipDueToIssue.skip]
################################################################################################################################################
[ReportManager] This should be skipped. @09-11-2021 01:52:58.0494 A

################################################################################################################################################
Starting Execution:	[135 out of 146] test cases in the current suite
Test Method:		[testPackage01.Test_SkipDueToIssue.skip2]
################################################################################################################################################
[ReportManager] This should be skipped. @09-11-2021 01:52:58.0501 A

################################################################################################################################################
Starting Execution:	[136 out of 146] test cases in the current suite
Test Method:		[testPackage01.Test_JSONFileManager.readStringFromJson]
################################################################################################################################################
[ReportManager] File Action [GetAbsolutePath] successfully performed. With the following test data [Relative Folder Path: "src/test/resources/testDataFiles/simpleJSON.json"]. @09-11-2021 01:52:58.0508 AM
[ReportManager] Successfully loaded the following test data file [src/test/resources/testDataFiles/simpleJSON.json]. @09-11-2021 01:52:58.0508 AM
[ReportManager] Successfully created attachment [Test Data - JSON] @09-11-2021 01:52:58.0509 AM
[ReportManager] File Action [GetAbsolutePath] successfully performed. With the following test data [Relative Folder Path: "src/test/resources/testDataFiles/simpleJSON.json"]. @09-11-2021 01:52:58.0511 AM
[ReportManager] Assertion [ValidateEquals] PASSED. Expected [Mohab Mohie] and Actual [Mohab Mohie]. Comparison Type [EQUALS]. Validation Type [POSITIVE]. @09-11-2021 01:52:58.0531 A
[ReportManager] File Action [GetAbsolutePath] successfully performed. With the following test data [Relative Folder Path: "target/downloadedFiles/"]. @09-11-2021 01:52:58.0535 AM
[ReportManager] Attempting to run locally on: [Mac-64], [Safari], Headless Execution. @09-11-2021 01:52:58.0535 AM
[ReportManager] Successfully Opened Safari. @09-11-2021 01:52:59.0407 AM
[ReportManager] Initial window size: (800, 600) @09-11-2021 01:52:59.0433 AM
[ReportManager] Window size after SWD Maximize: (1176, 811) @09-11-2021 01:52:59.0471 AM
[ReportManager] Browser Action [MaximizeWindow] successfully performed. With the following test data [New screen size is now: (1176, 811)]. @09-11-2021 01:52:59.0472 A

################################################################################################################################################
Starting Execution:	[137 out of 146] test cases in the current suite
Test Method:		[testPackage01.Test_assertEquals.test_assertElementAttribute]
################################################################################################################################################
[ReportManager] Target URL: [https://www.google.com/ncr], and after redirection: [https://www.google.com] @09-11-2021 01:52:59.0474 AM
[ReportManager] Initial URL: [] @09-11-2021 01:52:59.0535 AM
[ReportManager] Browser Action [NavigateToURL] successfully performed. With the following test data [https://www.google.com/ncr]. @09-11-2021 01:53:00.0517 AM
[ReportManager] Element Action [Type] successfully performed. With the following test data [INC_004010050:Another SCHEDULER with the same name [Duplicate Job Name] already exists.]. @09-11-2021 01:53:03.0044 AM
[ReportManager] Element Action [GetText] successfully performed. With the following test data [INC_004010050:Another SCHEDULER with the same name [Duplicate Job Name] already exists.]. @09-11-2021 01:53:03.0101 AM
[ReportManager] Loaded Shared OpenCV @09-11-2021 01:53:03.0160 AM
[ReportManager] Assertion [ValidateElementAttribute] PASSED. Expected [Value Should be 'INC_004010050:Another SCHEDULER with the same name \[Duplicate Job Name\] already exists.' for the 'text' attribute, element locator 'By.name: q'] and Actual [INC_004010050:Another SCHEDULER with the same name [Duplicate Job Name] already exists.]. Comparison Type [MATCHES]. Validation Type [POSITIVE]. @09-11-2021 01:53:03.0259 AM
[ReportManager] Successfully created attachment [Screenshot - 1636422783160_test_assertElementAttribute_ValidateElementAttribute_passed] @09-11-2021 01:53:03.0261 A
[ReportManager] Browser Action [CloseCurrentWindow] successfully performed. @09-11-2021 01:53:03.0699 AM
[ReportManager] Successfully created attachment [Browser Action Test Data - CloseCurrentWindow - Actual Value] @09-11-2021 01:53:03.0711 A
[ReportManager] File Action [GetAbsolutePath] successfully performed. With the following test data [Relative Folder Path: "target/downloadedFiles/"]. @09-11-2021 01:53:03.0722 AM
[ReportManager] Attempting to run locally on: [Mac-64], [Safari], Headless Execution. @09-11-2021 01:53:03.0723 AM
[ReportManager] Successfully Opened Safari. @09-11-2021 01:53:04.0523 AM
[ReportManager] Initial window size: (800, 600) @09-11-2021 01:53:04.0560 AM
[ReportManager] Window size after SWD Maximize: (1176, 811) @09-11-2021 01:53:04.0583 AM
[ReportManager] Browser Action [MaximizeWindow] successfully performed. With the following test data [New screen size is now: (1176, 811)]. @09-11-2021 01:53:04.0583 A

################################################################################################################################################
Starting Execution:	[138 out of 146] test cases in the current suite
Test Method:		[testPackage01.Test_IsElementClickable.testIsElementClickable]
################################################################################################################################################
[ReportManager] Target URL: [https://the-internet.herokuapp.com/] @09-11-2021 01:53:04.0588 AM
[ReportManager] Initial URL: [] @09-11-2021 01:53:04.0653 AM
[ReportManager] Browser Action [NavigateToURL] successfully performed. With the following test data [https://the-internet.herokuapp.com/]. @09-11-2021 01:53:05.0142 AM
[ReportManager] Element Action [IsElementClickable] successfully performed. @09-11-2021 01:53:05.0221 AM
[ReportManager] Assertion [ValidateTrue] PASSED. Expected [TRUE] and Actual [TRUE]. Validation Type [POSITIVE]. @09-11-2021 01:53:05.0221 A
[ReportManager] Browser Action [CloseCurrentWindow] successfully performed. @09-11-2021 01:53:05.0640 AM
[ReportManager] Successfully created attachment [Browser Action Test Data - CloseCurrentWindow - Actual Value] @09-11-2021 01:53:05.0641 A
[ReportManager] Successfully loaded the following test data file [src/test/resources/TestDataFiles/testSuite01/TestData.xlsx]. @09-11-2021 01:53:05.0679 AM
[ReportManager] Successfully created attachment [Test Data - Excel] @09-11-2021 01:53:05.0679 AM
[ReportManager] Attempting to run using Playwright locally on: [Mac-64], [Safari], Headless Execution. @09-11-2021 01:53:31.0428 AM
[ReportManager] File Action [GetAbsolutePath] successfully performed. With the following test data [Relative Folder Path: "target/downloadedFiles/"]. @09-11-2021 01:53:31.0430 AM
[ReportManager] Initial window size: (1280, 720) @09-11-2021 01:53:38.0541 AM
[ReportManager] Window size after Toolkit: com.microsoft.playwright.options.ViewportSize@1277e875 @09-11-2021 01:53:38.0551 AM
[ReportManager] Browser Action [MaximizeWindow] successfully performed. With the following test data [New screen size is now: (1920, 1080)]. @09-11-2021 01:53:38.0552 A

################################################################################################################################################
Starting Execution:	[139 out of 146] test cases in the current suite
Test Method:		[testPackage01.Test_google_playwright.navigateToURLandVerifyGoogleLogoIsDisplayed]
Test Description:	[TC001 - Navigate to URL and Verify Google Logo is Displayed]
################################################################################################################################################
[ReportManager] Target URL: [https://www.google.com/ncr], and after redirection: [https://www.google.com] @09-11-2021 01:53:38.0556 AM
[ReportManager] Initial URL: [about:blank] @09-11-2021 01:53:39.0068 AM
[ReportManager] Browser Action [NavigateToURL] successfully performed. With the following test data [https://www.google.com/ncr]. @09-11-2021 01:53:40.0662 AM
[ReportManager] Loaded Shared OpenCV @09-11-2021 01:53:40.0768 AM
[ReportManager] Assertion [ValidateElementExists] PASSED. Expected [Element Should Exist, locator 'xpath=//*[@id='hplogo' or @alt='Google']'] and Actual [Element Exists]. Comparison Type [EQUALS]. Validation Type [POSITIVE]. @09-11-2021 01:53:40.0985 AM
[ReportManager] Successfully created attachment [Screenshot - 1636422820764_navigateToURLandVerifyGoogleLogoIsDisplayed_ValidateElementExists_passed] @09-11-2021 01:53:40.0987 A

################################################################################################################################################
Starting Execution:	[140 out of 146] test cases in the current suite
Test Method:		[testPackage01.Test_google_playwright.searchForQueryandAssertResultsNumDisplayed]
Test Description:	[TC002 - Search for Query and Assert that the number of results is displayed]
################################################################################################################################################
[ReportManager] Element Action [Type] successfully performed. With the following test data [SHAFT_Engine]. @09-11-2021 01:53:41.0270 AM
[ReportManager] Element Action [KeyPress] successfully performed. With the following test data [Enter]. @09-11-2021 01:53:41.0311 AM
[ReportManager] Element Action [GetText] successfully performed. With the following test data [About 783,000 results (0.64 seconds)Â 
]. @09-11-2021 01:53:43.0074 AM
[ReportManager] Loaded Shared OpenCV @09-11-2021 01:53:43.0757 AM
[ReportManager] Assertion [ValidateElementAttribute] PASSED. Expected [Value Should not be '' for the 'text' attribute, element locator 'xpath=//div[@id='appbar']'] and Actual [About 783,000 results (0.64 seconds)Â 
]. Comparison Type [EQUALS]. Validation Type [NEGATIVE]. @09-11-2021 01:53:43.0964 AM
[ReportManager] Successfully created attachment [Screenshot - 1636422823755_searchForQueryandAssertResultsNumDisplayed_ValidateElementAttribute_passed] @09-11-2021 01:53:43.0966 A

################################################################################################################################################
Starting Execution:	[141 out of 146] test cases in the current suite
Test Method:		[testPackage01.Test_google_playwright.clickNextThrice]
Test Description:	[TC003 - Clicks the next button to make sure that the framework can scroll element into view before clicking it]
################################################################################################################################################
[ReportManager] Element Action [Click] successfully performed. With the following test data [Next]. @09-11-2021 01:53:44.0311 A
[ReportManager] Failed to find video recording. @09-11-2021 01:53:44.0323 AM
[ReportManager] Successfully Closed PlayWright Driver. @09-11-2021 01:53:44.0383 A
[ReportManager] File Action [GetAbsolutePath] successfully performed. With the following test data [Relative Folder Path: "target/downloadedFiles/"]. @09-11-2021 01:53:44.0385 AM
[ReportManager] Attempting to run locally on: [Mac-64], [Safari], Headless Execution. @09-11-2021 01:53:44.0385 AM
[ReportManager] Successfully Opened Safari. @09-11-2021 01:53:45.0725 AM
[ReportManager] Initial window size: (800, 600) @09-11-2021 01:53:45.0762 AM
[ReportManager] Window size after SWD Maximize: (1176, 811) @09-11-2021 01:53:45.0820 AM
[ReportManager] Browser Action [MaximizeWindow] successfully performed. With the following test data [New screen size is now: (1176, 811)]. @09-11-2021 01:53:45.0820 A

################################################################################################################################################
Starting Execution:	[142 out of 146] test cases in the current suite
Test Method:		[testPackage01.Test_verifyEquals.test_assertElementAttribute]
################################################################################################################################################
[ReportManager] Target URL: [https://www.google.com/ncr], and after redirection: [https://www.google.com] @09-11-2021 01:53:45.0823 AM
[ReportManager] Initial URL: [] @09-11-2021 01:53:45.0871 AM
[ReportManager] Browser Action [NavigateToURL] successfully performed. With the following test data [https://www.google.com/ncr]. @09-11-2021 01:53:47.0347 AM
[ReportManager] Element Action [Type] successfully performed. With the following test data [INC_004010050:Another SCHEDULER with the same name [Duplicate Job Name] already exists.]. @09-11-2021 01:53:49.0916 AM
[ReportManager] Element Action [GetText] successfully performed. With the following test data [INC_004010050:Another SCHEDULER with the same name [Duplicate Job Name] already exists.]. @09-11-2021 01:53:49.0979 AM
[ReportManager] Loaded Shared OpenCV @09-11-2021 01:53:50.0043 AM
[ReportManager] Verification [ValidateElementAttribute] PASSED. Expected [Value Should be 'INC_004010050:Another SCHEDULER with the same name \[Duplicate Job Name\] already exists.' for the 'text' attribute, element locator 'By.name: q'] and Actual [INC_004010050:Another SCHEDULER with the same name [Duplicate Job Name] already exists.]. Comparison Type [MATCHES]. Validation Type [POSITIVE]. @09-11-2021 01:53:50.0147 AM
[ReportManager] Successfully created attachment [Screenshot - 1636422830043_test_assertElementAttribute_ValidateElementAttribute_passed] @09-11-2021 01:53:50.0149 A
[ReportManager] Browser Action [CloseCurrentWindow] successfully performed. @09-11-2021 01:53:50.0579 AM
[ReportManager] Successfully created attachment [Browser Action Test Data - CloseCurrentWindow - Actual Value] @09-11-2021 01:53:50.0580 A

################################################################################################################################################
Starting Execution:	[143 out of 146] test cases in the current suite
Test Method:		[testPackage01.Test_SelectedValue.multipleSelect]
################################################################################################################################################
[ReportManager] File Action [GetAbsolutePath] successfully performed. With the following test data [Relative Folder Path: "target/downloadedFiles/"]. @09-11-2021 01:53:50.0584 AM
[ReportManager] Attempting to run locally on: [Mac-64], [GoogleChrome], Headless Execution. @09-11-2021 01:53:50.0584 AM
[ReportManager] Identifying OS/Driver combination and selecting the correct driver version automatically. Please note that if a new driver executable will be downloaded it may take some time... @09-11-2021 01:53:50.0585 AM
[ReportManager] Successfully Opened Google Chrome. @09-11-2021 01:53:51.0238 AM
[ReportManager] Initial window size: (1920, 1080) @09-11-2021 01:53:51.0242 AM
[ReportManager] Window size after SWD Maximize: (1920, 1080) @09-11-2021 01:53:51.0415 AM
[ReportManager] Window size after Toolkit: (1920, 1080) @09-11-2021 01:53:51.0854 AM
[ReportManager] Browser Action [MaximizeWindow] successfully performed. With the following test data [New screen size is now: (1920, 1080)]. @09-11-2021 01:53:51.0859 AM
[ReportManager] Target URL: [https://yari-demos.prod.mdn.mozit.cloud/en-US/docs/Web/HTML/Element/select/_sample_.Advanced_select_with_multiple_features.html] @09-11-2021 01:53:51.0859 AM
[ReportManager] Initial URL: [data:,] @09-11-2021 01:53:51.0903 AM
[ReportManager] Browser Action [NavigateToURL] successfully performed. With the following test data [https://yari-demos.prod.mdn.mozit.cloud/en-US/docs/Web/HTML/Element/select/_sample_.Advanced_select_with_multiple_features.html]. @09-11-2021 01:53:52.0252 AM
[ReportManager] Element Action [Select] successfully performed. With the following test data [Dog]. @09-11-2021 01:53:52.0528 AM
[ReportManager] Element Action [Select] successfully performed. With the following test data [Cat]. @09-11-2021 01:53:52.0729 AM
[ReportManager] Element Action [GetSelectedText] successfully performed. With the following test data [DogCat]. @09-11-2021 01:53:52.0849 AM
[ReportManager] DogCat @09-11-2021 01:53:52.0850 AM
[ReportManager] Element Action [GetSelectedText] successfully performed. With the following test data [DogCat]. @09-11-2021 01:53:52.0952 AM
[ReportManager] Loaded Shared OpenCV @09-11-2021 01:53:56.0121 AM
[ReportManager] Assertion [ValidateElementAttribute] PASSED. Expected [Value Should be 'DogCat' for the 'selectedText' attribute, element locator 'By.tagName: select'] and Actual [DogCat]. Comparison Type [EQUALS]. Validation Type [POSITIVE]. @09-11-2021 01:53:56.0293 AM
[ReportManager] Successfully created attachment [Screenshot - 1636422836121_multipleSelect_ValidateElementAttribute_passed] @09-11-2021 01:53:56.0293 AM
[ReportManager] Browser Action [CloseCurrentWindow] successfully performed. @09-11-2021 01:53:56.0444 AM
[ReportManager] Successfully created attachment [Browser Action Test Data - CloseCurrentWindow - Actual Value] @09-11-2021 01:53:56.0445 A

################################################################################################################################################
Starting Execution:	[144 out of 146] test cases in the current suite
Test Method:		[testPackage01.Test_SelectedValue.simpleSelect]
################################################################################################################################################
[ReportManager] File Action [GetAbsolutePath] successfully performed. With the following test data [Relative Folder Path: "target/downloadedFiles/"]. @09-11-2021 01:53:56.0614 AM
[ReportManager] Attempting to run locally on: [Mac-64], [GoogleChrome], Headless Execution. @09-11-2021 01:53:56.0614 AM
[ReportManager] Identifying OS/Driver combination and selecting the correct driver version automatically. Please note that if a new driver executable will be downloaded it may take some time... @09-11-2021 01:53:56.0614 AM
[ReportManager] Successfully Opened Google Chrome. @09-11-2021 01:53:57.0184 AM
[ReportManager] Initial window size: (1920, 1080) @09-11-2021 01:53:57.0187 AM
[ReportManager] Window size after SWD Maximize: (1920, 1080) @09-11-2021 01:53:57.0327 AM
[ReportManager] Window size after Toolkit: (1920, 1080) @09-11-2021 01:53:57.0835 AM
[ReportManager] Browser Action [MaximizeWindow] successfully performed. With the following test data [New screen size is now: (1920, 1080)]. @09-11-2021 01:53:57.0838 AM
[ReportManager] Target URL: [https://yari-demos.prod.mdn.mozit.cloud/en-US/docs/Web/HTML/Element/select/_sample_.Basic_select.html] @09-11-2021 01:53:57.0838 AM
[ReportManager] Initial URL: [data:,] @09-11-2021 01:53:57.0873 AM
[ReportManager] Browser Action [NavigateToURL] successfully performed. With the following test data [https://yari-demos.prod.mdn.mozit.cloud/en-US/docs/Web/HTML/Element/select/_sample_.Basic_select.html]. @09-11-2021 01:53:58.0801 AM
[ReportManager] Element Action [Select] successfully performed. With the following test data [Third Value]. @09-11-2021 01:53:59.0095 AM
[ReportManager] Element Action [GetSelectedText] successfully performed. With the following test data [Third Value]. @09-11-2021 01:53:59.0183 AM
[ReportManager] Third Value @09-11-2021 01:53:59.0183 AM
[ReportManager] Element Action [GetSelectedText] successfully performed. With the following test data [Third Value]. @09-11-2021 01:53:59.0263 AM
[ReportManager] Loaded Shared OpenCV @09-11-2021 01:53:59.0576 AM
[ReportManager] Assertion [ValidateElementAttribute] PASSED. Expected [Value Should be 'Third Value' for the 'selectedText' attribute, element locator 'By.tagName: select'] and Actual [Third Value]. Comparison Type [EQUALS]. Validation Type [POSITIVE]. @09-11-2021 01:53:59.0787 AM
[ReportManager] Successfully created attachment [Screenshot - 1636422839576_simpleSelect_ValidateElementAttribute_passed] @09-11-2021 01:53:59.0788 AM
[ReportManager] Browser Action [CloseCurrentWindow] successfully performed. @09-11-2021 01:54:00.0038 AM
[ReportManager] Successfully created attachment [Browser Action Test Data - CloseCurrentWindow - Actual Value] @09-11-2021 01:54:00.0039 A
[ReportManager] File Action [GetAbsolutePath] successfully performed. With the following test data [Relative Folder Path: "target/downloadedFiles/"]. @09-11-2021 01:54:00.0044 AM
[ReportManager] Attempting to run locally on: [Mac-64], [Safari], Headless Execution. @09-11-2021 01:54:00.0044 AM
[ReportManager] Successfully Opened Safari. @09-11-2021 01:54:00.0874 AM
[ReportManager] Initial window size: (800, 600) @09-11-2021 01:54:00.0902 AM
[ReportManager] Window size after SWD Maximize: (1176, 811) @09-11-2021 01:54:00.0931 AM
[ReportManager] Browser Action [MaximizeWindow] successfully performed. With the following test data [New screen size is now: (1176, 811)]. @09-11-2021 01:54:00.0931 A

################################################################################################################################################
Starting Execution:	[145 out of 146] test cases in the current suite
Test Method:		[testPackage01.Test_dynamicLoading.dynamicLoading_elementIsHidden]
################################################################################################################################################
[ReportManager] Target URL: [https://the-internet.herokuapp.com/dynamic_loading/1] @09-11-2021 01:54:00.0934 AM
[ReportManager] Initial URL: [] @09-11-2021 01:54:01.0005 AM
[ReportManager] Browser Action [NavigateToURL] successfully performed. With the following test data [https://the-internet.herokuapp.com/dynamic_loading/1]. @09-11-2021 01:54:01.0526 AM
[ReportManager] Element Action [Click] successfully performed. With the following test data [Start]. @09-11-2021 01:54:01.0848 AM
[ReportManager] Element Action [GetText] successfully performed. With the following test data [
    Hello World!
  ]. @09-11-2021 01:54:01.0892 A
[ReportManager] Browser Action [CloseCurrentWindow] successfully performed. @09-11-2021 01:54:02.0242 AM
[ReportManager] Successfully created attachment [Browser Action Test Data - CloseCurrentWindow - Actual Value] @09-11-2021 01:54:02.0243 A
[ReportManager] File Action [GetAbsolutePath] successfully performed. With the following test data [Relative Folder Path: "target/downloadedFiles/"]. @09-11-2021 01:54:02.0246 AM
[ReportManager] Attempting to run locally on: [Mac-64], [Safari], Headless Execution. @09-11-2021 01:54:02.0246 AM
[ReportManager] Successfully Opened Safari. @09-11-2021 01:54:03.0044 AM
[ReportManager] Initial window size: (800, 600) @09-11-2021 01:54:03.0052 AM
[ReportManager] Window size after SWD Maximize: (1176, 811) @09-11-2021 01:54:03.0074 AM
[ReportManager] Browser Action [MaximizeWindow] successfully performed. With the following test data [New screen size is now: (1176, 811)]. @09-11-2021 01:54:03.0075 A

################################################################################################################################################
Starting Execution:	[146 out of 146] test cases in the current suite
Test Method:		[testPackage01.Test_dynamicLoading.dynamicLoading_elementIsRendered]
################################################################################################################################################
[ReportManager] Target URL: [https://the-internet.herokuapp.com/dynamic_loading/2] @09-11-2021 01:54:03.0078 AM
[ReportManager] Initial URL: [] @09-11-2021 01:54:03.0145 AM
[ReportManager] Browser Action [NavigateToURL] successfully performed. With the following test data [https://the-internet.herokuapp.com/dynamic_loading/2]. @09-11-2021 01:54:03.0825 AM
[ReportManager] Element Action [Click] successfully performed. With the following test data [Start]. @09-11-2021 01:54:04.0191 A
[ReportManager] Browser Action [CloseCurrentWindow] successfully performed. @09-11-2021 01:54:04.0646 AM
[ReportManager] Successfully created attachment [Browser Action Test Data - CloseCurrentWindow - Actual Value] @09-11-2021 01:54:04.0647 A
[ReportManager] Successfully created attachment [SHAFT Engine Logs - Execution log] @09-11-2021 01:54:04.0704 AM

################################################################################################################################################
This test run was powered by SHAFT Engine Version: [SHAFT Engine v5.4.20211104-BETA]
SHAFT Engine is licensed under the MIT License: [https://github.com/MohabMohie/SHAFT_ENGINE/blob/master/LICENSE].
################################################################################################################################################