################################################################################################################################################
Detected SHAFT Engine Version: [SHAFT Engine v5.4.20211011]
################################################################################################################################################

################################################################################################################################################
Starting Execution:	[1 out of 143] test cases in the current suite
Test Method:		[unitTests.tests_validations_assertions.assertComparativeRelation_greaterThanOrEquals_false_equals_expectedToFail]
################################################################################################################################################
[ReportManager] Assertion [ValidateComparativeRelation] FAILED. Expected [1] and Actual [1]. Comparison Type [GREATER_THAN_OR_EQUALS]. Validation Type [NEGATIVE]. @20-10-2021 01:57:17.0646 A

################################################################################################################################################
Starting Execution:	[2 out of 143] test cases in the current suite
Test Method:		[unitTests.tests_validations_assertions.assertComparativeRelation_greaterThanOrEquals_false_equals_expectedToPass]
################################################################################################################################################
[ReportManager] Assertion [ValidateComparativeRelation] PASSED. Expected [2] and Actual [1]. Comparison Type [GREATER_THAN_OR_EQUALS]. Validation Type [NEGATIVE]. @20-10-2021 01:57:17.0755 A

################################################################################################################################################
Starting Execution:	[3 out of 143] test cases in the current suite
Test Method:		[unitTests.tests_validations_assertions.assertComparativeRelation_greaterThanOrEquals_false_greaterThan_expectedToFail]
################################################################################################################################################
[ReportManager] Assertion [ValidateComparativeRelation] FAILED. Expected [1] and Actual [2]. Comparison Type [GREATER_THAN_OR_EQUALS]. Validation Type [NEGATIVE]. @20-10-2021 01:57:17.0763 A

################################################################################################################################################
Starting Execution:	[4 out of 143] test cases in the current suite
Test Method:		[unitTests.tests_validations_assertions.assertComparativeRelation_greaterThanOrEquals_false_greaterThan_expectedToPass]
################################################################################################################################################
[ReportManager] Assertion [ValidateComparativeRelation] PASSED. Expected [2] and Actual [1]. Comparison Type [GREATER_THAN_OR_EQUALS]. Validation Type [NEGATIVE]. @20-10-2021 01:57:17.0774 A

################################################################################################################################################
Starting Execution:	[5 out of 143] test cases in the current suite
Test Method:		[unitTests.tests_validations_assertions.assertComparativeRelation_greaterThanOrEquals_true_equals_expectedToFail]
################################################################################################################################################
[ReportManager] Assertion [ValidateComparativeRelation] FAILED. Expected [1] and Actual [0]. Comparison Type [GREATER_THAN_OR_EQUALS]. Validation Type [POSITIVE]. @20-10-2021 01:57:17.0789 A

################################################################################################################################################
Starting Execution:	[6 out of 143] test cases in the current suite
Test Method:		[unitTests.tests_validations_assertions.assertComparativeRelation_greaterThanOrEquals_true_equals_expectedToPass]
################################################################################################################################################
[ReportManager] Assertion [ValidateComparativeRelation] PASSED. Expected [1] and Actual [1]. Comparison Type [GREATER_THAN_OR_EQUALS]. Validation Type [POSITIVE]. @20-10-2021 01:57:17.0796 A

################################################################################################################################################
Starting Execution:	[7 out of 143] test cases in the current suite
Test Method:		[unitTests.tests_validations_assertions.assertComparativeRelation_greaterThanOrEquals_true_greaterThan_expectedToFail]
################################################################################################################################################
[ReportManager] Assertion [ValidateComparativeRelation] FAILED. Expected [2] and Actual [1]. Comparison Type [GREATER_THAN_OR_EQUALS]. Validation Type [POSITIVE]. @20-10-2021 01:57:17.0801 A

################################################################################################################################################
Starting Execution:	[8 out of 143] test cases in the current suite
Test Method:		[unitTests.tests_validations_assertions.assertComparativeRelation_greaterThanOrEquals_true_greaterThan_expectedToPass]
################################################################################################################################################
[ReportManager] Assertion [ValidateComparativeRelation] PASSED. Expected [1] and Actual [2]. Comparison Type [GREATER_THAN_OR_EQUALS]. Validation Type [POSITIVE]. @20-10-2021 01:57:17.0804 A
[ReportManager] File Action [GetAbsolutePath] successfully performed. With the following test data [Relative Folder Path: "target/downloadedFiles/"]. @20-10-2021 01:57:17.0814 AM
[ReportManager] Attempting to run remotely on: [Linux-64], [GoogleChrome], [http://localhost:4444/wd/hub], Headless Execution. @20-10-2021 01:57:17.0838 AM
[ReportManager] Successfully Opened [GoogleChrome]. @20-10-2021 01:57:19.0148 AM
[ReportManager] Target URL: [https://www.google.com/ncr], and after redirection: [www.google.com] @20-10-2021 01:57:19.0197 AM
[ReportManager] Initial URL: [data:,] @20-10-2021 01:57:19.0313 AM
[ReportManager] Browser Action [NavigateToURL] successfully performed. With the following test data [https://www.google.com/ncr]. @20-10-2021 01:57:20.0527 A

################################################################################################################################################
Starting Execution:	[9 out of 143] test cases in the current suite
Test Method:		[unitTests.tests_validations_assertions.assertElementAttribute_false_caseInsensitiveComparison_expectedToFail]
################################################################################################################################################
[ReportManager] Element Action [Type] successfully performed. With the following test data [AUTOMATION]. @20-10-2021 01:57:20.0979 AM
[ReportManager] Element Action [GetText] successfully performed. With the following test data [AUTOMATION]. @20-10-2021 01:57:21.0116 AM
[ReportManager] Loaded Shared OpenCV @20-10-2021 01:57:21.0766 AM
[ReportManager] Assertion [ValidateElementAttribute] FAILED. Expected [Value Should not be 'AutomaTion' for the 'text' attribute, element locator 'By.name: q'] and Actual [AUTOMATION]. Comparison Type [CASE_INSENSITIVE]. Validation Type [NEGATIVE]. @20-10-2021 01:57:22.0032 AM
[ReportManager] Successfully created attachment [Screenshot - 1634695041307_assertElementAttribute_false_caseInsensitiveComparison_expectedToFail_ValidateElementAttribute_failed] @20-10-2021 01:57:22.0052 A
[ReportManager] Browser Action [CloseCurrentWindow] successfully performed. @20-10-2021 01:57:22.0231 AM
[ReportManager] Successfully created attachment [Browser Action Test Data - CloseCurrentWindow - Actual Value] @20-10-2021 01:57:22.0243 A
[ReportManager] File Action [GetAbsolutePath] successfully performed. With the following test data [Relative Folder Path: "target/downloadedFiles/"]. @20-10-2021 01:57:22.0252 AM
[ReportManager] Attempting to run remotely on: [Linux-64], [GoogleChrome], [http://localhost:4444/wd/hub], Headless Execution. @20-10-2021 01:57:22.0252 AM
[ReportManager] Successfully Opened [GoogleChrome]. @20-10-2021 01:57:22.0533 AM
[ReportManager] Target URL: [https://www.google.com/ncr], and after redirection: [www.google.com] @20-10-2021 01:57:22.0553 AM
[ReportManager] Initial URL: [data:,] @20-10-2021 01:57:22.0615 AM
[ReportManager] Browser Action [NavigateToURL] successfully performed. With the following test data [https://www.google.com/ncr]. @20-10-2021 01:57:23.0541 A

################################################################################################################################################
Starting Execution:	[10 out of 143] test cases in the current suite
Test Method:		[unitTests.tests_validations_assertions.assertElementAttribute_false_caseInsensitiveComparison_expectedToPass]
################################################################################################################################################
[ReportManager] Element Action [Type] successfully performed. With the following test data [AUTOMATION]. @20-10-2021 01:57:23.0966 AM
[ReportManager] Element Action [GetText] successfully performed. With the following test data [AUTOMATION]. @20-10-2021 01:57:24.0099 AM
[ReportManager] Loaded Shared OpenCV @20-10-2021 01:57:24.0253 AM
[ReportManager] Assertion [ValidateElementAttribute] PASSED. Expected [Value Should not be 'AutomaTion123' for the 'text' attribute, element locator 'By.name: q'] and Actual [AUTOMATION]. Comparison Type [CASE_INSENSITIVE]. Validation Type [NEGATIVE]. @20-10-2021 01:57:24.0384 AM
[ReportManager] Successfully created attachment [Screenshot - 1634695044253_assertElementAttribute_false_caseInsensitiveComparison_expectedToPass_ValidateElementAttribute_passed] @20-10-2021 01:57:24.0387 A
[ReportManager] Browser Action [CloseCurrentWindow] successfully performed. @20-10-2021 01:57:24.0525 AM
[ReportManager] Successfully created attachment [Browser Action Test Data - CloseCurrentWindow - Actual Value] @20-10-2021 01:57:24.0532 A
[ReportManager] File Action [GetAbsolutePath] successfully performed. With the following test data [Relative Folder Path: "target/downloadedFiles/"]. @20-10-2021 01:57:24.0540 AM
[ReportManager] Attempting to run remotely on: [Linux-64], [GoogleChrome], [http://localhost:4444/wd/hub], Headless Execution. @20-10-2021 01:57:24.0545 AM
[ReportManager] Successfully Opened [GoogleChrome]. @20-10-2021 01:57:24.0791 AM
[ReportManager] Target URL: [https://www.google.com/ncr], and after redirection: [www.google.com] @20-10-2021 01:57:24.0808 AM
[ReportManager] Initial URL: [data:,] @20-10-2021 01:57:24.0865 AM
[ReportManager] Browser Action [NavigateToURL] successfully performed. With the following test data [https://www.google.com/ncr]. @20-10-2021 01:57:25.0683 A

################################################################################################################################################
Starting Execution:	[11 out of 143] test cases in the current suite
Test Method:		[unitTests.tests_validations_assertions.assertElementAttribute_false_containsComparison_expectedToFail]
################################################################################################################################################
[ReportManager] Element Action [Type] successfully performed. With the following test data [Automation123]. @20-10-2021 01:57:26.0068 AM
[ReportManager] Element Action [GetText] successfully performed. With the following test data [Automation123]. @20-10-2021 01:57:26.0199 AM
[ReportManager] Loaded Shared OpenCV @20-10-2021 01:57:26.0346 AM
[ReportManager] Assertion [ValidateElementAttribute] FAILED. Expected [Value Should not be 'Automation' for the 'text' attribute, element locator 'By.name: q'] and Actual [Automation123]. Comparison Type [CONTAINS]. Validation Type [NEGATIVE]. @20-10-2021 01:57:26.0431 AM
[ReportManager] Successfully created attachment [Screenshot - 1634695046346_assertElementAttribute_false_containsComparison_expectedToFail_ValidateElementAttribute_failed] @20-10-2021 01:57:26.0433 A
[ReportManager] Browser Action [CloseCurrentWindow] successfully performed. @20-10-2021 01:57:26.0601 AM
[ReportManager] Successfully created attachment [Browser Action Test Data - CloseCurrentWindow - Actual Value] @20-10-2021 01:57:26.0606 A
[ReportManager] File Action [GetAbsolutePath] successfully performed. With the following test data [Relative Folder Path: "target/downloadedFiles/"]. @20-10-2021 01:57:26.0617 AM
[ReportManager] Attempting to run remotely on: [Linux-64], [GoogleChrome], [http://localhost:4444/wd/hub], Headless Execution. @20-10-2021 01:57:26.0618 AM
[ReportManager] Successfully Opened [GoogleChrome]. @20-10-2021 01:57:26.0844 AM
[ReportManager] Target URL: [https://www.google.com/ncr], and after redirection: [www.google.com] @20-10-2021 01:57:26.0876 AM
[ReportManager] Initial URL: [data:,] @20-10-2021 01:57:26.0922 AM
[ReportManager] Browser Action [NavigateToURL] successfully performed. With the following test data [https://www.google.com/ncr]. @20-10-2021 01:57:27.0716 A

################################################################################################################################################
Starting Execution:	[12 out of 143] test cases in the current suite
Test Method:		[unitTests.tests_validations_assertions.assertElementAttribute_false_containsComparison_expectedToPass]
################################################################################################################################################
[ReportManager] Element Action [Type] successfully performed. With the following test data [Automation123]. @20-10-2021 01:57:28.0088 AM
[ReportManager] Element Action [GetText] successfully performed. With the following test data [Automation123]. @20-10-2021 01:57:28.0205 AM
[ReportManager] Loaded Shared OpenCV @20-10-2021 01:57:28.0346 AM
[ReportManager] Assertion [ValidateElementAttribute] PASSED. Expected [Value Should not be 'Automation1234' for the 'text' attribute, element locator 'By.name: q'] and Actual [Automation123]. Comparison Type [CONTAINS]. Validation Type [NEGATIVE]. @20-10-2021 01:57:28.0416 AM
[ReportManager] Successfully created attachment [Screenshot - 1634695048346_assertElementAttribute_false_containsComparison_expectedToPass_ValidateElementAttribute_passed] @20-10-2021 01:57:28.0417 A
[ReportManager] Browser Action [CloseCurrentWindow] successfully performed. @20-10-2021 01:57:28.0559 AM
[ReportManager] Successfully created attachment [Browser Action Test Data - CloseCurrentWindow - Actual Value] @20-10-2021 01:57:28.0560 A
[ReportManager] File Action [GetAbsolutePath] successfully performed. With the following test data [Relative Folder Path: "target/downloadedFiles/"]. @20-10-2021 01:57:28.0566 AM
[ReportManager] Attempting to run remotely on: [Linux-64], [GoogleChrome], [http://localhost:4444/wd/hub], Headless Execution. @20-10-2021 01:57:28.0566 AM
[ReportManager] Successfully Opened [GoogleChrome]. @20-10-2021 01:57:28.0760 AM
[ReportManager] Target URL: [https://www.google.com/ncr], and after redirection: [www.google.com] @20-10-2021 01:57:28.0781 AM
[ReportManager] Initial URL: [data:,] @20-10-2021 01:57:28.0830 AM
[ReportManager] Browser Action [NavigateToURL] successfully performed. With the following test data [https://www.google.com/ncr]. @20-10-2021 01:57:29.0617 A

################################################################################################################################################
Starting Execution:	[13 out of 143] test cases in the current suite
Test Method:		[unitTests.tests_validations_assertions.assertElementAttribute_false_literalComparison_expectedToFail]
################################################################################################################################################
[ReportManager] Element Action [Type] successfully performed. With the following test data [Automation!@#$%^&*()_+{}[]\';/.,]. @20-10-2021 01:57:30.0076 AM
[ReportManager] Element Action [GetText] successfully performed. With the following test data [Automation!@#$%^&*()_+{}[]\';/.,]. @20-10-2021 01:57:30.0191 AM
[ReportManager] Loaded Shared OpenCV @20-10-2021 01:57:30.0356 AM
[ReportManager] Assertion [ValidateElementAttribute] PASSED. Expected [Value Should not be 'Automation!@#$%^&*()_+{}[]\\';/.,' for the 'text' attribute, element locator 'By.name: q'] and Actual [Automation!@#$%^&*()_+{}[]\';/.,]. Comparison Type [EQUALS]. Validation Type [NEGATIVE]. @20-10-2021 01:57:30.0431 AM
[ReportManager] Successfully created attachment [Screenshot - 1634695050356_assertElementAttribute_false_literalComparison_expectedToFail_ValidateElementAttribute_passed] @20-10-2021 01:57:30.0432 A
[ReportManager] Browser Action [CloseCurrentWindow] successfully performed. @20-10-2021 01:57:30.0579 AM
[ReportManager] Successfully created attachment [Browser Action Test Data - CloseCurrentWindow - Actual Value] @20-10-2021 01:57:30.0580 A
[ReportManager] File Action [GetAbsolutePath] successfully performed. With the following test data [Relative Folder Path: "target/downloadedFiles/"]. @20-10-2021 01:57:30.0588 AM
[ReportManager] Attempting to run remotely on: [Linux-64], [GoogleChrome], [http://localhost:4444/wd/hub], Headless Execution. @20-10-2021 01:57:30.0589 AM
[ReportManager] Successfully Opened [GoogleChrome]. @20-10-2021 01:57:30.0794 AM
[ReportManager] Target URL: [https://www.google.com/ncr], and after redirection: [www.google.com] @20-10-2021 01:57:30.0814 AM
[ReportManager] Initial URL: [data:,] @20-10-2021 01:57:30.0881 AM
[ReportManager] Browser Action [NavigateToURL] successfully performed. With the following test data [https://www.google.com/ncr]. @20-10-2021 01:57:34.0092 A

################################################################################################################################################
Starting Execution:	[14 out of 143] test cases in the current suite
Test Method:		[unitTests.tests_validations_assertions.assertElementAttribute_false_literalComparison_expectedToPass]
################################################################################################################################################
[ReportManager] Element Action [Type] successfully performed. With the following test data [Automation!@#$%^&*()_+{}[]\';/.,]. @20-10-2021 01:57:34.0496 AM
[ReportManager] Element Action [GetText] successfully performed. With the following test data [Automation!@#$%^&*()_+{}[]\';/.,]. @20-10-2021 01:57:34.0594 AM
[ReportManager] Loaded Shared OpenCV @20-10-2021 01:57:34.0749 AM
[ReportManager] Assertion [ValidateElementAttribute] PASSED. Expected [Value Should not be 'Automation' for the 'text' attribute, element locator 'By.name: q'] and Actual [Automation!@#$%^&*()_+{}[]\';/.,]. Comparison Type [EQUALS]. Validation Type [NEGATIVE]. @20-10-2021 01:57:34.0821 AM
[ReportManager] Successfully created attachment [Screenshot - 1634695054749_assertElementAttribute_false_literalComparison_expectedToPass_ValidateElementAttribute_passed] @20-10-2021 01:57:34.0822 A
[ReportManager] Browser Action [CloseCurrentWindow] successfully performed. @20-10-2021 01:57:34.0944 AM
[ReportManager] Successfully created attachment [Browser Action Test Data - CloseCurrentWindow - Actual Value] @20-10-2021 01:57:34.0945 A
[ReportManager] File Action [GetAbsolutePath] successfully performed. With the following test data [Relative Folder Path: "target/downloadedFiles/"]. @20-10-2021 01:57:34.0948 AM
[ReportManager] Attempting to run remotely on: [Linux-64], [GoogleChrome], [http://localhost:4444/wd/hub], Headless Execution. @20-10-2021 01:57:34.0949 AM
[ReportManager] Successfully Opened [GoogleChrome]. @20-10-2021 01:57:35.0157 AM
[ReportManager] Target URL: [https://www.google.com/ncr], and after redirection: [www.google.com] @20-10-2021 01:57:35.0175 AM
[ReportManager] Initial URL: [data:,] @20-10-2021 01:57:35.0223 AM
[ReportManager] Browser Action [NavigateToURL] successfully performed. With the following test data [https://www.google.com/ncr]. @20-10-2021 01:57:36.0043 A

################################################################################################################################################
Starting Execution:	[15 out of 143] test cases in the current suite
Test Method:		[unitTests.tests_validations_assertions.assertElementAttribute_false_regexComparison_expectedToFail]
################################################################################################################################################
[ReportManager] Element Action [Type] successfully performed. With the following test data [Automation123]. @20-10-2021 01:57:36.0412 AM
[ReportManager] Element Action [GetText] successfully performed. With the following test data [Automation123]. @20-10-2021 01:57:36.0515 AM
[ReportManager] Loaded Shared OpenCV @20-10-2021 01:57:36.0648 AM
[ReportManager] Assertion [ValidateElementAttribute] FAILED. Expected [Value Should not be 'Automation.*' for the 'text' attribute, element locator 'By.name: q'] and Actual [Automation123]. Comparison Type [MATCHES]. Validation Type [NEGATIVE]. @20-10-2021 01:57:36.0719 AM
[ReportManager] Successfully created attachment [Screenshot - 1634695056648_assertElementAttribute_false_regexComparison_expectedToFail_ValidateElementAttribute_failed] @20-10-2021 01:57:36.0720 A
[ReportManager] Browser Action [CloseCurrentWindow] successfully performed. @20-10-2021 01:57:36.0855 AM
[ReportManager] Successfully created attachment [Browser Action Test Data - CloseCurrentWindow - Actual Value] @20-10-2021 01:57:36.0856 A
[ReportManager] File Action [GetAbsolutePath] successfully performed. With the following test data [Relative Folder Path: "target/downloadedFiles/"]. @20-10-2021 01:57:36.0859 AM
[ReportManager] Attempting to run remotely on: [Linux-64], [GoogleChrome], [http://localhost:4444/wd/hub], Headless Execution. @20-10-2021 01:57:36.0859 AM
[ReportManager] Successfully Opened [GoogleChrome]. @20-10-2021 01:57:37.0075 AM
[ReportManager] Target URL: [https://www.google.com/ncr], and after redirection: [www.google.com] @20-10-2021 01:57:37.0107 AM
[ReportManager] Initial URL: [data:,] @20-10-2021 01:57:37.0160 AM
[ReportManager] Browser Action [NavigateToURL] successfully performed. With the following test data [https://www.google.com/ncr]. @20-10-2021 01:57:37.0937 A

################################################################################################################################################
Starting Execution:	[16 out of 143] test cases in the current suite
Test Method:		[unitTests.tests_validations_assertions.assertElementAttribute_false_regexComparison_expectedToPass]
################################################################################################################################################
[ReportManager] Element Action [Type] successfully performed. With the following test data [Automation123]. @20-10-2021 01:57:38.0297 AM
[ReportManager] Element Action [GetText] successfully performed. With the following test data [Automation123]. @20-10-2021 01:57:38.0411 AM
[ReportManager] Loaded Shared OpenCV @20-10-2021 01:57:38.0544 AM
[ReportManager] Assertion [ValidateElementAttribute] PASSED. Expected [Value Should not be 'Automation' for the 'text' attribute, element locator 'By.name: q'] and Actual [Automation123]. Comparison Type [MATCHES]. Validation Type [NEGATIVE]. @20-10-2021 01:57:38.0612 AM
[ReportManager] Successfully created attachment [Screenshot - 1634695058543_assertElementAttribute_false_regexComparison_expectedToPass_ValidateElementAttribute_passed] @20-10-2021 01:57:38.0613 A
[ReportManager] Browser Action [CloseCurrentWindow] successfully performed. @20-10-2021 01:57:38.0752 AM
[ReportManager] Successfully created attachment [Browser Action Test Data - CloseCurrentWindow - Actual Value] @20-10-2021 01:57:38.0753 A
[ReportManager] File Action [GetAbsolutePath] successfully performed. With the following test data [Relative Folder Path: "target/downloadedFiles/"]. @20-10-2021 01:57:38.0762 AM
[ReportManager] Attempting to run remotely on: [Linux-64], [GoogleChrome], [http://localhost:4444/wd/hub], Headless Execution. @20-10-2021 01:57:38.0762 AM
[ReportManager] Successfully Opened [GoogleChrome]. @20-10-2021 01:57:39.0141 AM
[ReportManager] Target URL: [https://www.google.com/ncr], and after redirection: [www.google.com] @20-10-2021 01:57:39.0163 AM
[ReportManager] Initial URL: [data:,] @20-10-2021 01:57:39.0220 AM
[ReportManager] Browser Action [NavigateToURL] successfully performed. With the following test data [https://www.google.com/ncr]. @20-10-2021 01:57:40.0133 A

################################################################################################################################################
Starting Execution:	[17 out of 143] test cases in the current suite
Test Method:		[unitTests.tests_validations_assertions.assertElementAttribute_true_caseInsensitiveComparison_expectedToFail]
################################################################################################################################################
[ReportManager] Element Action [Type] successfully performed. With the following test data [AUTOMATION]. @20-10-2021 01:57:40.0543 AM
[ReportManager] Element Action [GetText] successfully performed. With the following test data [AUTOMATION]. @20-10-2021 01:57:40.0638 AM
[ReportManager] Loaded Shared OpenCV @20-10-2021 01:57:40.0784 AM
[ReportManager] Assertion [ValidateElementAttribute] FAILED. Expected [Value Should be 'AutomaTion123' for the 'text' attribute, element locator 'By.name: q'] and Actual [AUTOMATION]. Comparison Type [CASE_INSENSITIVE]. Validation Type [POSITIVE]. @20-10-2021 01:57:40.0864 AM
[ReportManager] Successfully created attachment [Screenshot - 1634695060784_assertElementAttribute_true_caseInsensitiveComparison_expectedToFail_ValidateElementAttribute_failed] @20-10-2021 01:57:40.0865 A
[ReportManager] Browser Action [CloseCurrentWindow] successfully performed. @20-10-2021 01:57:40.0992 AM
[ReportManager] Successfully created attachment [Browser Action Test Data - CloseCurrentWindow - Actual Value] @20-10-2021 01:57:40.0993 A
[ReportManager] File Action [GetAbsolutePath] successfully performed. With the following test data [Relative Folder Path: "target/downloadedFiles/"]. @20-10-2021 01:57:40.0997 AM
[ReportManager] Attempting to run remotely on: [Linux-64], [GoogleChrome], [http://localhost:4444/wd/hub], Headless Execution. @20-10-2021 01:57:40.0998 AM
[ReportManager] Successfully Opened [GoogleChrome]. @20-10-2021 01:57:41.0230 AM
[ReportManager] Target URL: [https://www.google.com/ncr], and after redirection: [www.google.com] @20-10-2021 01:57:41.0242 AM
[ReportManager] Initial URL: [data:,] @20-10-2021 01:57:41.0284 AM
[ReportManager] Browser Action [NavigateToURL] successfully performed. With the following test data [https://www.google.com/ncr]. @20-10-2021 01:57:42.0043 A

################################################################################################################################################
Starting Execution:	[18 out of 143] test cases in the current suite
Test Method:		[unitTests.tests_validations_assertions.assertElementAttribute_true_caseInsensitiveComparison_expectedToPass]
################################################################################################################################################
[ReportManager] Element Action [Type] successfully performed. With the following test data [AUTOMATION]. @20-10-2021 01:57:42.0391 AM
[ReportManager] Element Action [GetText] successfully performed. With the following test data [AUTOMATION]. @20-10-2021 01:57:42.0474 AM
[ReportManager] Loaded Shared OpenCV @20-10-2021 01:57:42.0616 AM
[ReportManager] Assertion [ValidateElementAttribute] PASSED. Expected [Value Should be 'AutomaTion' for the 'text' attribute, element locator 'By.name: q'] and Actual [AUTOMATION]. Comparison Type [CASE_INSENSITIVE]. Validation Type [POSITIVE]. @20-10-2021 01:57:42.0691 AM
[ReportManager] Successfully created attachment [Screenshot - 1634695062615_assertElementAttribute_true_caseInsensitiveComparison_expectedToPass_ValidateElementAttribute_passed] @20-10-2021 01:57:42.0692 A
[ReportManager] Browser Action [CloseCurrentWindow] successfully performed. @20-10-2021 01:57:42.0817 AM
[ReportManager] Successfully created attachment [Browser Action Test Data - CloseCurrentWindow - Actual Value] @20-10-2021 01:57:42.0818 A
[ReportManager] File Action [GetAbsolutePath] successfully performed. With the following test data [Relative Folder Path: "target/downloadedFiles/"]. @20-10-2021 01:57:42.0821 AM
[ReportManager] Attempting to run remotely on: [Linux-64], [GoogleChrome], [http://localhost:4444/wd/hub], Headless Execution. @20-10-2021 01:57:42.0821 AM
[ReportManager] Successfully Opened [GoogleChrome]. @20-10-2021 01:57:43.0017 AM
[ReportManager] Target URL: [https://www.google.com/ncr], and after redirection: [www.google.com] @20-10-2021 01:57:43.0042 AM
[ReportManager] Initial URL: [data:,] @20-10-2021 01:57:43.0088 AM
[ReportManager] Browser Action [NavigateToURL] successfully performed. With the following test data [https://www.google.com/ncr]. @20-10-2021 01:57:43.0869 A

################################################################################################################################################
Starting Execution:	[19 out of 143] test cases in the current suite
Test Method:		[unitTests.tests_validations_assertions.assertElementAttribute_true_containsComparison_expectedToFail]
################################################################################################################################################
[ReportManager] Element Action [Type] successfully performed. With the following test data [Automation123]. @20-10-2021 01:57:44.0183 AM
[ReportManager] Element Action [GetText] successfully performed. With the following test data [Automation123]. @20-10-2021 01:57:44.0300 AM
[ReportManager] Loaded Shared OpenCV @20-10-2021 01:57:44.0439 AM
[ReportManager] Assertion [ValidateElementAttribute] FAILED. Expected [Value Should be 'Automation1234' for the 'text' attribute, element locator 'By.name: q'] and Actual [Automation123]. Comparison Type [CONTAINS]. Validation Type [POSITIVE]. @20-10-2021 01:57:44.0507 AM
[ReportManager] Successfully created attachment [Screenshot - 1634695064439_assertElementAttribute_true_containsComparison_expectedToFail_ValidateElementAttribute_failed] @20-10-2021 01:57:44.0508 A
[ReportManager] Browser Action [CloseCurrentWindow] successfully performed. @20-10-2021 01:57:44.0636 AM
[ReportManager] Successfully created attachment [Browser Action Test Data - CloseCurrentWindow - Actual Value] @20-10-2021 01:57:44.0637 A
[ReportManager] File Action [GetAbsolutePath] successfully performed. With the following test data [Relative Folder Path: "target/downloadedFiles/"]. @20-10-2021 01:57:44.0641 AM
[ReportManager] Attempting to run remotely on: [Linux-64], [GoogleChrome], [http://localhost:4444/wd/hub], Headless Execution. @20-10-2021 01:57:44.0641 AM
[ReportManager] Successfully Opened [GoogleChrome]. @20-10-2021 01:57:44.0854 AM
[ReportManager] Target URL: [https://www.google.com/ncr], and after redirection: [www.google.com] @20-10-2021 01:57:44.0869 AM
[ReportManager] Initial URL: [data:,] @20-10-2021 01:57:44.0910 AM
[ReportManager] Browser Action [NavigateToURL] successfully performed. With the following test data [https://www.google.com/ncr]. @20-10-2021 01:57:45.0663 A

################################################################################################################################################
Starting Execution:	[20 out of 143] test cases in the current suite
Test Method:		[unitTests.tests_validations_assertions.assertElementAttribute_true_containsComparison_expectedToPass]
################################################################################################################################################
[ReportManager] Element Action [Type] successfully performed. With the following test data [Automation123]. @20-10-2021 01:57:46.0022 AM
[ReportManager] Element Action [GetText] successfully performed. With the following test data [Automation123]. @20-10-2021 01:57:46.0126 AM
[ReportManager] Loaded Shared OpenCV @20-10-2021 01:57:46.0239 AM
[ReportManager] Assertion [ValidateElementAttribute] PASSED. Expected [Value Should be 'Automation' for the 'text' attribute, element locator 'By.name: q'] and Actual [Automation123]. Comparison Type [CONTAINS]. Validation Type [POSITIVE]. @20-10-2021 01:57:46.0308 AM
[ReportManager] Successfully created attachment [Screenshot - 1634695066239_assertElementAttribute_true_containsComparison_expectedToPass_ValidateElementAttribute_passed] @20-10-2021 01:57:46.0309 A
[ReportManager] Browser Action [CloseCurrentWindow] successfully performed. @20-10-2021 01:57:46.0425 AM
[ReportManager] Successfully created attachment [Browser Action Test Data - CloseCurrentWindow - Actual Value] @20-10-2021 01:57:46.0425 A
[ReportManager] File Action [GetAbsolutePath] successfully performed. With the following test data [Relative Folder Path: "target/downloadedFiles/"]. @20-10-2021 01:57:46.0428 AM
[ReportManager] Attempting to run remotely on: [Linux-64], [GoogleChrome], [http://localhost:4444/wd/hub], Headless Execution. @20-10-2021 01:57:46.0428 AM
[ReportManager] Successfully Opened [GoogleChrome]. @20-10-2021 01:57:46.0737 AM
[ReportManager] Target URL: [https://www.google.com/ncr], and after redirection: [www.google.com] @20-10-2021 01:57:46.0748 AM
[ReportManager] Initial URL: [data:,] @20-10-2021 01:57:46.0785 AM
[ReportManager] Browser Action [NavigateToURL] successfully performed. With the following test data [https://www.google.com/ncr]. @20-10-2021 01:57:47.0553 A

################################################################################################################################################
Starting Execution:	[21 out of 143] test cases in the current suite
Test Method:		[unitTests.tests_validations_assertions.assertElementAttribute_true_literalComparison_expectedToFail]
################################################################################################################################################
[ReportManager] Element Action [Type] successfully performed. With the following test data [Automation!@#$%^&*()_+{}[]\';/.,]. @20-10-2021 01:57:47.0971 AM
[ReportManager] Element Action [GetText] successfully performed. With the following test data [Automation!@#$%^&*()_+{}[]\';/.,]. @20-10-2021 01:57:48.0084 AM
[ReportManager] Loaded Shared OpenCV @20-10-2021 01:57:48.0239 AM
[ReportManager] Assertion [ValidateElementAttribute] FAILED. Expected [Value Should be 'Automation' for the 'text' attribute, element locator 'By.name: q'] and Actual [Automation!@#$%^&*()_+{}[]\';/.,]. Comparison Type [EQUALS]. Validation Type [POSITIVE]. @20-10-2021 01:57:48.0359 AM
[ReportManager] Successfully created attachment [Screenshot - 1634695068238_assertElementAttribute_true_literalComparison_expectedToFail_ValidateElementAttribute_failed] @20-10-2021 01:57:48.0361 A
[ReportManager] Browser Action [CloseCurrentWindow] successfully performed. @20-10-2021 01:57:48.0482 AM
[ReportManager] Successfully created attachment [Browser Action Test Data - CloseCurrentWindow - Actual Value] @20-10-2021 01:57:48.0483 A
[ReportManager] File Action [GetAbsolutePath] successfully performed. With the following test data [Relative Folder Path: "target/downloadedFiles/"]. @20-10-2021 01:57:48.0486 AM
[ReportManager] Attempting to run remotely on: [Linux-64], [GoogleChrome], [http://localhost:4444/wd/hub], Headless Execution. @20-10-2021 01:57:48.0486 AM
[ReportManager] Successfully Opened [GoogleChrome]. @20-10-2021 01:57:48.0679 AM
[ReportManager] Target URL: [https://www.google.com/ncr], and after redirection: [www.google.com] @20-10-2021 01:57:48.0691 AM
[ReportManager] Initial URL: [data:,] @20-10-2021 01:57:48.0736 AM
[ReportManager] Browser Action [NavigateToURL] successfully performed. With the following test data [https://www.google.com/ncr]. @20-10-2021 01:57:49.0505 A

################################################################################################################################################
Starting Execution:	[22 out of 143] test cases in the current suite
Test Method:		[unitTests.tests_validations_assertions.assertElementAttribute_true_literalComparison_expectedToPass]
################################################################################################################################################
[ReportManager] Element Action [Type] successfully performed. With the following test data [Automation!@#$%^&*()_+{}[]\';/.,]. @20-10-2021 01:57:49.0901 AM
[ReportManager] Element Action [GetText] successfully performed. With the following test data [Automation!@#$%^&*()_+{}[]\';/.,]. @20-10-2021 01:57:49.0992 AM
[ReportManager] Loaded Shared OpenCV @20-10-2021 01:57:50.0111 AM
[ReportManager] Assertion [ValidateElementAttribute] PASSED. Expected [Value Should be 'Automation!@#$%^&*()_+{}[]\';/.,' for the 'text' attribute, element locator 'By.name: q'] and Actual [Automation!@#$%^&*()_+{}[]\';/.,]. Comparison Type [EQUALS]. Validation Type [POSITIVE]. @20-10-2021 01:57:50.0182 AM
[ReportManager] Successfully created attachment [Screenshot - 1634695070111_assertElementAttribute_true_literalComparison_expectedToPass_ValidateElementAttribute_passed] @20-10-2021 01:57:50.0183 A
[ReportManager] Browser Action [CloseCurrentWindow] successfully performed. @20-10-2021 01:57:50.0299 AM
[ReportManager] Successfully created attachment [Browser Action Test Data - CloseCurrentWindow - Actual Value] @20-10-2021 01:57:50.0300 A
[ReportManager] File Action [GetAbsolutePath] successfully performed. With the following test data [Relative Folder Path: "target/downloadedFiles/"]. @20-10-2021 01:57:50.0303 AM
[ReportManager] Attempting to run remotely on: [Linux-64], [GoogleChrome], [http://localhost:4444/wd/hub], Headless Execution. @20-10-2021 01:57:50.0303 AM
[ReportManager] Successfully Opened [GoogleChrome]. @20-10-2021 01:57:50.0493 AM
[ReportManager] Target URL: [https://www.google.com/ncr], and after redirection: [www.google.com] @20-10-2021 01:57:50.0504 AM
[ReportManager] Initial URL: [data:,] @20-10-2021 01:57:50.0548 AM
[ReportManager] Browser Action [NavigateToURL] successfully performed. With the following test data [https://www.google.com/ncr]. @20-10-2021 01:57:51.0322 A

################################################################################################################################################
Starting Execution:	[23 out of 143] test cases in the current suite
Test Method:		[unitTests.tests_validations_assertions.assertElementAttribute_true_regexComparison_expectedToFail]
################################################################################################################################################
[ReportManager] Element Action [Type] successfully performed. With the following test data [Automation123]. @20-10-2021 01:57:51.0640 AM
[ReportManager] Element Action [GetText] successfully performed. With the following test data [Automation123]. @20-10-2021 01:57:51.0723 AM
[ReportManager] Loaded Shared OpenCV @20-10-2021 01:57:51.0839 AM
[ReportManager] Assertion [ValidateElementAttribute] FAILED. Expected [Value Should be 'Automation' for the 'text' attribute, element locator 'By.name: q'] and Actual [Automation123]. Comparison Type [MATCHES]. Validation Type [POSITIVE]. @20-10-2021 01:57:51.0908 AM
[ReportManager] Successfully created attachment [Screenshot - 1634695071839_assertElementAttribute_true_regexComparison_expectedToFail_ValidateElementAttribute_failed] @20-10-2021 01:57:51.0909 A
[ReportManager] Browser Action [CloseCurrentWindow] successfully performed. @20-10-2021 01:57:52.0025 AM
[ReportManager] Successfully created attachment [Browser Action Test Data - CloseCurrentWindow - Actual Value] @20-10-2021 01:57:52.0026 A
[ReportManager] File Action [GetAbsolutePath] successfully performed. With the following test data [Relative Folder Path: "target/downloadedFiles/"]. @20-10-2021 01:57:52.0029 AM
[ReportManager] Attempting to run remotely on: [Linux-64], [GoogleChrome], [http://localhost:4444/wd/hub], Headless Execution. @20-10-2021 01:57:52.0029 AM
[ReportManager] Successfully Opened [GoogleChrome]. @20-10-2021 01:57:52.0211 AM
[ReportManager] Target URL: [https://www.google.com/ncr], and after redirection: [www.google.com] @20-10-2021 01:57:52.0222 AM
[ReportManager] Initial URL: [data:,] @20-10-2021 01:57:52.0267 AM
[ReportManager] Browser Action [NavigateToURL] successfully performed. With the following test data [https://www.google.com/ncr]. @20-10-2021 01:57:53.0046 A

################################################################################################################################################
Starting Execution:	[24 out of 143] test cases in the current suite
Test Method:		[unitTests.tests_validations_assertions.assertElementAttribute_true_regexComparison_expectedToPass]
################################################################################################################################################
[ReportManager] Element Action [Type] successfully performed. With the following test data [Automation123]. @20-10-2021 01:57:53.0388 AM
[ReportManager] Element Action [GetText] successfully performed. With the following test data [Automation123]. @20-10-2021 01:57:53.0474 AM
[ReportManager] Loaded Shared OpenCV @20-10-2021 01:57:53.0606 AM
[ReportManager] Assertion [ValidateElementAttribute] PASSED. Expected [Value Should be 'Automation.*' for the 'text' attribute, element locator 'By.name: q'] and Actual [Automation123]. Comparison Type [MATCHES]. Validation Type [POSITIVE]. @20-10-2021 01:57:53.0674 AM
[ReportManager] Successfully created attachment [Screenshot - 1634695073606_assertElementAttribute_true_regexComparison_expectedToPass_ValidateElementAttribute_passed] @20-10-2021 01:57:53.0675 A
[ReportManager] Browser Action [CloseCurrentWindow] successfully performed. @20-10-2021 01:57:53.0799 AM
[ReportManager] Successfully created attachment [Browser Action Test Data - CloseCurrentWindow - Actual Value] @20-10-2021 01:57:53.0800 A
[ReportManager] File Action [GetAbsolutePath] successfully performed. With the following test data [Relative Folder Path: "target/downloadedFiles/"]. @20-10-2021 01:57:53.0804 AM
[ReportManager] Attempting to run remotely on: [Linux-64], [GoogleChrome], [http://localhost:4444/wd/hub], Headless Execution. @20-10-2021 01:57:53.0804 AM
[ReportManager] Successfully Opened [GoogleChrome]. @20-10-2021 01:57:53.0993 AM
[ReportManager] Target URL: [https://www.google.com/ncr], and after redirection: [www.google.com] @20-10-2021 01:57:54.0004 AM
[ReportManager] Initial URL: [data:,] @20-10-2021 01:57:54.0045 AM
[ReportManager] Browser Action [NavigateToURL] successfully performed. With the following test data [https://www.google.com/ncr]. @20-10-2021 01:57:54.0843 A

################################################################################################################################################
Starting Execution:	[25 out of 143] test cases in the current suite
Test Method:		[unitTests.tests_validations_assertions.assertElementAttribute_type_true_literalComparison_expectedToPass]
################################################################################################################################################
[ReportManager] Element Action [Type] successfully performed. With the following test data [Automation!@#$%^&*()_+{}[]\';/.,]. @20-10-2021 01:57:55.0223 AM
[ReportManager] Element Action [GetText] successfully performed. With the following test data [Automation!@#$%^&*()_+{}[]\';/.,]. @20-10-2021 01:57:55.0306 AM
[ReportManager] Loaded Shared OpenCV @20-10-2021 01:57:55.0434 AM
[ReportManager] Assertion [ValidateElementAttribute] PASSED. Expected [Value Should be 'Automation!@#$%^&*()_+{}[]\';/.,' for the 'text' attribute, element locator 'By.name: q'] and Actual [Automation!@#$%^&*()_+{}[]\';/.,]. Comparison Type [EQUALS]. Validation Type [POSITIVE]. @20-10-2021 01:57:55.0504 AM
[ReportManager] Successfully created attachment [Screenshot - 1634695075434_assertElementAttribute_type_true_literalComparison_expectedToPass_ValidateElementAttribute_passed] @20-10-2021 01:57:55.0505 A
[ReportManager] Browser Action [CloseCurrentWindow] successfully performed. @20-10-2021 01:57:55.0629 AM
[ReportManager] Successfully created attachment [Browser Action Test Data - CloseCurrentWindow - Actual Value] @20-10-2021 01:57:55.0630 A
[ReportManager] File Action [GetAbsolutePath] successfully performed. With the following test data [Relative Folder Path: "target/downloadedFiles/"]. @20-10-2021 01:57:55.0633 AM
[ReportManager] Attempting to run remotely on: [Linux-64], [GoogleChrome], [http://localhost:4444/wd/hub], Headless Execution. @20-10-2021 01:57:55.0633 AM
[ReportManager] Successfully Opened [GoogleChrome]. @20-10-2021 01:57:55.0878 AM
[ReportManager] Target URL: [https://www.google.com/ncr], and after redirection: [www.google.com] @20-10-2021 01:57:55.0891 AM
[ReportManager] Initial URL: [data:,] @20-10-2021 01:57:55.0934 AM
[ReportManager] Browser Action [NavigateToURL] successfully performed. With the following test data [https://www.google.com/ncr]. @20-10-2021 01:57:56.0723 A

################################################################################################################################################
Starting Execution:	[26 out of 143] test cases in the current suite
Test Method:		[unitTests.tests_validations_assertions.assertElementExists_false_expectedToFail]
################################################################################################################################################
[ReportManager] Assertion [ValidateElementExists] PASSED. Expected [Element Should not Exist, locator 'By.id: hplogo'] and Actual [Element Doesn't Exists]. Comparison Type [EQUALS]. Validation Type [NEGATIVE]. @20-10-2021 01:58:07.0087 AM
[ReportManager] Successfully created attachment [Screenshot - 1634695087020_assertElementExists_false_expectedToFail_ValidateElementExists_passed] @20-10-2021 01:58:07.0088 A
[ReportManager] Browser Action [CloseCurrentWindow] successfully performed. @20-10-2021 01:58:07.0204 AM
[ReportManager] Successfully created attachment [Browser Action Test Data - CloseCurrentWindow - Actual Value] @20-10-2021 01:58:07.0204 A
[ReportManager] File Action [GetAbsolutePath] successfully performed. With the following test data [Relative Folder Path: "target/downloadedFiles/"]. @20-10-2021 01:58:07.0208 AM
[ReportManager] Attempting to run remotely on: [Linux-64], [GoogleChrome], [http://localhost:4444/wd/hub], Headless Execution. @20-10-2021 01:58:07.0208 AM
[ReportManager] Successfully Opened [GoogleChrome]. @20-10-2021 01:58:07.0380 AM
[ReportManager] Target URL: [https://www.google.com/ncr], and after redirection: [www.google.com] @20-10-2021 01:58:07.0392 AM
[ReportManager] Initial URL: [data:,] @20-10-2021 01:58:07.0431 AM
[ReportManager] Browser Action [NavigateToURL] successfully performed. With the following test data [https://www.google.com/ncr]. @20-10-2021 01:58:08.0203 A

################################################################################################################################################
Starting Execution:	[27 out of 143] test cases in the current suite
Test Method:		[unitTests.tests_validations_assertions.assertElementExists_false_expectedToPass]
################################################################################################################################################
[ReportManager] Assertion [ValidateElementExists] PASSED. Expected [Element Should not Exist, locator 'By.id: fakeElement'] and Actual [Element Doesn't Exists]. Comparison Type [EQUALS]. Validation Type [NEGATIVE]. @20-10-2021 01:58:18.0580 AM
[ReportManager] Successfully created attachment [Screenshot - 1634695098521_assertElementExists_false_expectedToPass_ValidateElementExists_passed] @20-10-2021 01:58:18.0581 A
[ReportManager] Browser Action [CloseCurrentWindow] successfully performed. @20-10-2021 01:58:18.0693 AM
[ReportManager] Successfully created attachment [Browser Action Test Data - CloseCurrentWindow - Actual Value] @20-10-2021 01:58:18.0694 A
[ReportManager] File Action [GetAbsolutePath] successfully performed. With the following test data [Relative Folder Path: "target/downloadedFiles/"]. @20-10-2021 01:58:18.0698 AM
[ReportManager] Attempting to run remotely on: [Linux-64], [GoogleChrome], [http://localhost:4444/wd/hub], Headless Execution. @20-10-2021 01:58:18.0698 AM
[ReportManager] Successfully Opened [GoogleChrome]. @20-10-2021 01:58:18.0882 AM
[ReportManager] Target URL: [https://www.google.com/ncr], and after redirection: [www.google.com] @20-10-2021 01:58:18.0899 AM
[ReportManager] Initial URL: [data:,] @20-10-2021 01:58:18.0939 AM
[ReportManager] Browser Action [NavigateToURL] successfully performed. With the following test data [https://www.google.com/ncr]. @20-10-2021 01:58:19.0690 A

################################################################################################################################################
Starting Execution:	[28 out of 143] test cases in the current suite
Test Method:		[unitTests.tests_validations_assertions.assertElementExists_false_multipleElementsFound_expectedToFail]
################################################################################################################################################
[ReportManager] Assertion [ValidateElementExists] FAILED. Expected [Element Should not Exist, locator 'By.xpath: //div'] and Actual [Element Exists but is not unique]. Comparison Type [EQUALS]. Validation Type [NEGATIVE]. @20-10-2021 01:58:19.0942 AM
[ReportManager] Successfully created attachment [Screenshot - 1634695099887_assertElementExists_false_multipleElementsFound_expectedToFail_ValidateElementExists_failed] @20-10-2021 01:58:19.0942 A
[ReportManager] Browser Action [CloseCurrentWindow] successfully performed. @20-10-2021 01:58:20.0062 AM
[ReportManager] Successfully created attachment [Browser Action Test Data - CloseCurrentWindow - Actual Value] @20-10-2021 01:58:20.0064 A
[ReportManager] File Action [GetAbsolutePath] successfully performed. With the following test data [Relative Folder Path: "target/downloadedFiles/"]. @20-10-2021 01:58:20.0068 AM
[ReportManager] Attempting to run remotely on: [Linux-64], [GoogleChrome], [http://localhost:4444/wd/hub], Headless Execution. @20-10-2021 01:58:20.0068 AM
[ReportManager] Successfully Opened [GoogleChrome]. @20-10-2021 01:58:20.0269 AM
[ReportManager] Target URL: [https://www.google.com/ncr], and after redirection: [www.google.com] @20-10-2021 01:58:20.0281 AM
[ReportManager] Initial URL: [data:,] @20-10-2021 01:58:20.0321 AM
[ReportManager] Browser Action [NavigateToURL] successfully performed. With the following test data [https://www.google.com/ncr]. @20-10-2021 01:58:21.0096 A

################################################################################################################################################
Starting Execution:	[29 out of 143] test cases in the current suite
Test Method:		[unitTests.tests_validations_assertions.assertElementExists_true_expectedToFail]
################################################################################################################################################
[ReportManager] Assertion [ValidateElementExists] FAILED. Expected [Element Should Exist, locator 'By.id: fakeElement'] and Actual [Element Doesn't Exists]. Comparison Type [EQUALS]. Validation Type [POSITIVE]. @20-10-2021 01:58:51.0730 AM
[ReportManager] Successfully created attachment [Screenshot - 1634695131674_assertElementExists_true_expectedToFail_ValidateElementExists_failed] @20-10-2021 01:58:51.0731 A
[ReportManager] Browser Action [CloseCurrentWindow] successfully performed. @20-10-2021 01:58:51.0847 AM
[ReportManager] Successfully created attachment [Browser Action Test Data - CloseCurrentWindow - Actual Value] @20-10-2021 01:58:51.0848 A
[ReportManager] File Action [GetAbsolutePath] successfully performed. With the following test data [Relative Folder Path: "target/downloadedFiles/"]. @20-10-2021 01:58:51.0852 AM
[ReportManager] Attempting to run remotely on: [Linux-64], [GoogleChrome], [http://localhost:4444/wd/hub], Headless Execution. @20-10-2021 01:58:51.0853 AM
[ReportManager] Successfully Opened [GoogleChrome]. @20-10-2021 01:58:52.0040 AM
[ReportManager] Target URL: [https://www.google.com/ncr], and after redirection: [www.google.com] @20-10-2021 01:58:52.0051 AM
[ReportManager] Initial URL: [data:,] @20-10-2021 01:58:52.0092 AM
[ReportManager] Browser Action [NavigateToURL] successfully performed. With the following test data [https://www.google.com/ncr]. @20-10-2021 01:58:52.0833 A

################################################################################################################################################
Starting Execution:	[30 out of 143] test cases in the current suite
Test Method:		[unitTests.tests_validations_assertions.assertElementExists_true_expectedToPass]
################################################################################################################################################
[ReportManager] Loaded Shared OpenCV @20-10-2021 01:58:53.0002 AM
[ReportManager] Assertion [ValidateElementExists] PASSED. Expected [Element Should Exist, locator 'By.xpath: //*[@id='hplogo' or @alt='Google']'] and Actual [Element Exists]. Comparison Type [EQUALS]. Validation Type [POSITIVE]. @20-10-2021 01:58:53.0075 AM
[ReportManager] Successfully created attachment [Screenshot - 1634695133002_assertElementExists_true_expectedToPass_ValidateElementExists_passed] @20-10-2021 01:58:53.0076 A
[ReportManager] Browser Action [CloseCurrentWindow] successfully performed. @20-10-2021 01:58:53.0196 AM
[ReportManager] Successfully created attachment [Browser Action Test Data - CloseCurrentWindow - Actual Value] @20-10-2021 01:58:53.0197 A
[ReportManager] File Action [GetAbsolutePath] successfully performed. With the following test data [Relative Folder Path: "target/downloadedFiles/"]. @20-10-2021 01:58:53.0200 AM
[ReportManager] Attempting to run remotely on: [Linux-64], [GoogleChrome], [http://localhost:4444/wd/hub], Headless Execution. @20-10-2021 01:58:53.0200 AM
[ReportManager] Successfully Opened [GoogleChrome]. @20-10-2021 01:58:53.0380 AM
[ReportManager] Target URL: [https://www.google.com/ncr], and after redirection: [www.google.com] @20-10-2021 01:58:53.0400 AM
[ReportManager] Initial URL: [data:,] @20-10-2021 01:58:53.0435 AM
[ReportManager] Browser Action [NavigateToURL] successfully performed. With the following test data [https://www.google.com/ncr]. @20-10-2021 01:58:54.0195 A

################################################################################################################################################
Starting Execution:	[31 out of 143] test cases in the current suite
Test Method:		[unitTests.tests_validations_assertions.assertElementExists_true_multipleElementsFound_expectedToFail]
################################################################################################################################################
[ReportManager] Assertion [ValidateElementExists] FAILED. Expected [Element Should Exist, locator 'By.xpath: //div'] and Actual [Element Exists but is not unique]. Comparison Type [EQUALS]. Validation Type [POSITIVE]. @20-10-2021 01:58:54.0409 AM
[ReportManager] Successfully created attachment [Screenshot - 1634695134352_assertElementExists_true_multipleElementsFound_expectedToFail_ValidateElementExists_failed] @20-10-2021 01:58:54.0409 A
[ReportManager] Browser Action [CloseCurrentWindow] successfully performed. @20-10-2021 01:58:54.0523 AM
[ReportManager] Successfully created attachment [Browser Action Test Data - CloseCurrentWindow - Actual Value] @20-10-2021 01:58:54.0524 A

################################################################################################################################################
Starting Execution:	[32 out of 143] test cases in the current suite
Test Method:		[unitTests.tests_validations_assertions.assertEquals_false_expectedToFail]
################################################################################################################################################
[ReportManager] Assertion [ValidateEquals] FAILED. Expected [1] and Actual [1]. Comparison Type [EQUALS]. Validation Type [NEGATIVE]. @20-10-2021 01:58:54.0529 A

################################################################################################################################################
Starting Execution:	[33 out of 143] test cases in the current suite
Test Method:		[unitTests.tests_validations_assertions.assertEquals_false_expectedToPass]
################################################################################################################################################
[ReportManager] Assertion [ValidateEquals] PASSED. Expected [1] and Actual [2]. Comparison Type [EQUALS]. Validation Type [NEGATIVE]. @20-10-2021 01:58:54.0535 A

################################################################################################################################################
Starting Execution:	[34 out of 143] test cases in the current suite
Test Method:		[unitTests.tests_validations_assertions.assertEquals_longCharacters]
################################################################################################################################################
[ReportManager] Verification [ValidateEquals] PASSED. Expected and Actual values are attached. Comparison Type [EQUALS]. Validation Type [POSITIVE]. @20-10-2021 01:58:54.0541 AM
[ReportManager] Successfully created attachment [Validation Test Data - Expected Value] @20-10-2021 01:58:54.0541 AM
[ReportManager] Successfully created attachment [Validation Test Data - Actual Value] @20-10-2021 01:58:54.0542 AM
[ReportManager] Assertion [ValidateEquals] PASSED. Expected and Actual values are attached. Comparison Type [EQUALS]. Validation Type [POSITIVE]. @20-10-2021 01:58:54.0542 AM
[ReportManager] Successfully created attachment [Validation Test Data - Expected Value] @20-10-2021 01:58:54.0542 AM
[ReportManager] Successfully created attachment [Validation Test Data - Actual Value] @20-10-2021 01:58:54.0542 A

################################################################################################################################################
Starting Execution:	[35 out of 143] test cases in the current suite
Test Method:		[unitTests.tests_validations_assertions.assertEquals_longCharacters_Discreet]
################################################################################################################################################
[ReportManager] Assertion [ValidateEquals] PASSED. Expected [1LH5pROcDBjjQk0t0mCr0lXuzQu9lcGj28kY8R1H81X67eVAQJgWQhILiRWVPUgZ6uCtK5cnBkF55Jr9vYngjGO1Iyf0Mktv6lruDlL9T8MAUPcUZJGHZtji6nIeadujDSNmWMj5d6C8zlFqw0CRqBU0hO5adIasHgBSNoLotAjce3NGXoDwAlp3rYreeV16VIyZXROQY] and Actual [1LH5pROcDBjjQk0t0mCr0lXuzQu9lcGj28kY8R1H81X67eVAQJgWQhILiRWVPUgZ6uCtK5cnBkF55Jr9vYngjGO1Iyf0Mktv6lruDlL9T8MAUPcUZJGHZtji6nIeadujDSNmWMj5d6C8zlFqw0CRqBU0hO5adIasHgBSNoLotAjce3NGXoDwAlp3rYreeV16VIyZXROQY]. Comparison Type [EQUALS]. Validation Type [POSITIVE]. @20-10-2021 01:58:54.0546 A

################################################################################################################################################
Starting Execution:	[36 out of 143] test cases in the current suite
Test Method:		[unitTests.tests_validations_assertions.assertEquals_true_expectedToFail]
################################################################################################################################################
[ReportManager] Assertion [ValidateEquals] FAILED. Expected [1] and Actual [2]. Comparison Type [EQUALS]. Validation Type [POSITIVE]. @20-10-2021 01:58:54.0549 A

################################################################################################################################################
Starting Execution:	[37 out of 143] test cases in the current suite
Test Method:		[unitTests.tests_validations_assertions.assertEquals_true_expectedToPass]
Test Description:	[Assert that assertEquals works as expected when the two values are equal.]
################################################################################################################################################
[ReportManager] Verification [ValidateEquals] PASSED. Expected [1] and Actual [1]. Comparison Type [EQUALS]. Validation Type [POSITIVE]. @20-10-2021 01:58:54.0564 AM
[ReportManager] Assertion [ValidateEquals] PASSED. Expected [1] and Actual [1]. Comparison Type [EQUALS]. Validation Type [POSITIVE]. @20-10-2021 01:58:54.0564 A

################################################################################################################################################
Starting Execution:	[38 out of 143] test cases in the current suite
Test Method:		[unitTests.tests_validations_assertions.assertEquals_true_expectedToPass__]
################################################################################################################################################
[ReportManager] Assertion [ValidateEquals] PASSED. Expected [1] and Actual [1]. Comparison Type [EQUALS]. Validation Type [POSITIVE]. @20-10-2021 01:58:54.0567 A

################################################################################################################################################
Starting Execution:	[39 out of 143] test cases in the current suite
Test Method:		[unitTests.tests_validations_assertions.assertFileExists_false_expectedToFail]
################################################################################################################################################
[ReportManager] File Action [DoesFileExist] successfully performed. With the following test data [File Path: "src/main/java/com/shaft/gui/element/ElementActions.java"]. @20-10-2021 01:58:54.0569 AM
[ReportManager] Assertion [ValidateFileExists] FAILED. Expected [File 'src/main/java/com/shaft/gui/element/ElementActions.java' should not exist, after up to '1' retries] and Actual [File exists]. Validation Type [NEGATIVE]. @20-10-2021 01:58:54.0576 A

################################################################################################################################################
Starting Execution:	[40 out of 143] test cases in the current suite
Test Method:		[unitTests.tests_validations_assertions.assertFileExists_false_expectedToPass]
################################################################################################################################################
[ReportManager] File Action [DoesFileExist] successfully performed. With the following test data [File Path: "src/main/java/com/shaft/gui/element/ElementActions.java_fail"]. @20-10-2021 01:58:55.0083 AM
[ReportManager] Assertion [ValidateFileExists] PASSED. Expected [File 'src/main/java/com/shaft/gui/element/ElementActions.java_fail' should not exist, after up to '1' retries] and Actual [File does not exist]. Validation Type [NEGATIVE]. @20-10-2021 01:58:55.0083 A

################################################################################################################################################
Starting Execution:	[41 out of 143] test cases in the current suite
Test Method:		[unitTests.tests_validations_assertions.assertFileExists_true_expectedToFail]
################################################################################################################################################
[ReportManager] File Action [DoesFileExist] successfully performed. With the following test data [File Path: "src/main/java/com/shaft/gui/element/ElementActions.java_fail"]. @20-10-2021 01:58:55.0588 AM
[ReportManager] Assertion [ValidateFileExists] FAILED. Expected [File 'src/main/java/com/shaft/gui/element/ElementActions.java_fail' should exist, after up to '1' retries] and Actual [File does not exist]. Validation Type [POSITIVE]. @20-10-2021 01:58:55.0589 A

################################################################################################################################################
Starting Execution:	[42 out of 143] test cases in the current suite
Test Method:		[unitTests.tests_validations_assertions.assertFileExists_true_expectedToPass]
################################################################################################################################################
[ReportManager] File Action [DoesFileExist] successfully performed. With the following test data [File Path: "src/main/java/com/shaft/gui/element/ElementActions.java"]. @20-10-2021 01:58:55.0592 AM
[ReportManager] Assertion [ValidateFileExists] PASSED. Expected [File 'src/main/java/com/shaft/gui/element/ElementActions.java' should exist, after up to '1' retries] and Actual [File exists]. Validation Type [POSITIVE]. @20-10-2021 01:58:55.0593 A

################################################################################################################################################
Starting Execution:	[43 out of 143] test cases in the current suite
Test Method:		[unitTests.tests_validations_assertions.assertNull_false_expectedToFail]
################################################################################################################################################
[ReportManager] Assertion [ValidateNull] FAILED. Expected [NULL] and Actual [NULL]. Comparison Type [EQUALS]. Validation Type [NEGATIVE]. @20-10-2021 01:58:55.0597 A

################################################################################################################################################
Starting Execution:	[44 out of 143] test cases in the current suite
Test Method:		[unitTests.tests_validations_assertions.assertNull_false_expectedToPass]
################################################################################################################################################
[ReportManager] Assertion [ValidateNull] PASSED. Expected [NULL] and Actual [1]. Comparison Type [EQUALS]. Validation Type [NEGATIVE]. @20-10-2021 01:58:55.0602 A

################################################################################################################################################
Starting Execution:	[45 out of 143] test cases in the current suite
Test Method:		[unitTests.tests_validations_assertions.assertNull_true_expectedToFail]
################################################################################################################################################
[ReportManager] Assertion [ValidateNull] FAILED. Expected [NULL] and Actual [1]. Comparison Type [EQUALS]. Validation Type [POSITIVE]. @20-10-2021 01:58:55.0606 A

################################################################################################################################################
Starting Execution:	[46 out of 143] test cases in the current suite
Test Method:		[unitTests.tests_validations_assertions.assertNull_true_expectedToPass]
################################################################################################################################################
[ReportManager] Assertion [ValidateNull] PASSED. Expected [NULL] and Actual [NULL]. Comparison Type [EQUALS]. Validation Type [POSITIVE]. @20-10-2021 01:58:55.0608 A

################################################################################################################################################
Starting Execution:	[47 out of 143] test cases in the current suite
Test Method:		[unitTests.tests_restActions.getPostsAndAssertBodyForSpecificTitle]
################################################################################################################################################
[ReportManager] Response status code: [200], status line: [HTTP/1.1 200 OK] @20-10-2021 01:58:57.0458 AM
[ReportManager] Assertion Passed: Evaluating the actual response status code against the expected one... @20-10-2021 01:58:57.0459 AM
[ReportManager] Assertion [ValidateEquals] PASSED. Expected [200] and Actual [200]. Comparison Type [EQUALS]. Validation Type [POSITIVE]. @20-10-2021 01:58:57.0459 AM
[ReportManager] API Action [PerformRequest] successfully performed. With the following test data [Request Type: "GET" | Target Status Code: "200" | Service URL: "https://jsonplaceholder.typicode.com/posts" | Content Type: "*/*" | Response Time: "702ms"]. @20-10-2021 01:58:58.0543 AM
[ReportManager] Successfully created attachment [API Request - Specifications] @20-10-2021 01:58:58.0544 AM
[ReportManager] Successfully created attachment [API Response - JSON Body] @20-10-2021 01:58:58.0758 AM
[ReportManager] API Action [GetResponseJSONValueAsList] successfully performed. @20-10-2021 01:58:58.0777 AM
[ReportManager] API Action [GetResponseJSONValue] successfully performed. With the following test data [title]. @20-10-2021 01:58:58.0796 AM
[ReportManager] API Action [GetResponseJSONValue] successfully performed. With the following test data [title]. @20-10-2021 01:58:58.0808 AM
[ReportManager] API Action [GetResponseJSONValue] successfully performed. With the following test data [body]. @20-10-2021 01:58:58.0820 AM
[ReportManager] Assertion [ValidateEquals] PASSED. Expected [qui neque nisi nulla] and Actual [est rerum tempore vitae
sequi sint nihil reprehenderit dolor beatae ea dolores neque
fugiat blanditiis voluptate porro vel nihil molestiae ut reiciendis
qui aperiam non debitis possimus qui neque nisi nulla]. Comparison Type [CONTAINS]. Validation Type [POSITIVE]. @20-10-2021 01:58:58.0820 AM
[ReportManager] API Action [GetResponseJSONValue] successfully performed. With the following test data [title]. @20-10-2021 01:58:58.0831 AM
[ReportManager] API Action [GetResponseJSONValue] successfully performed. With the following test data [title]. @20-10-2021 01:58:58.0842 AM
[ReportManager] API Action [GetResponseJSONValue] successfully performed. With the following test data [title]. @20-10-2021 01:58:58.0852 AM
[ReportManager] API Action [GetResponseJSONValue] successfully performed. With the following test data [title]. @20-10-2021 01:58:58.0862 AM
[ReportManager] API Action [GetResponseJSONValue] successfully performed. With the following test data [title]. @20-10-2021 01:58:58.0872 AM
[ReportManager] API Action [GetResponseJSONValue] successfully performed. With the following test data [title]. @20-10-2021 01:58:58.0882 AM
[ReportManager] API Action [GetResponseJSONValue] successfully performed. With the following test data [title]. @20-10-2021 01:58:58.0892 AM
[ReportManager] API Action [GetResponseJSONValue] successfully performed. With the following test data [title]. @20-10-2021 01:58:58.0901 AM
[ReportManager] API Action [GetResponseJSONValue] successfully performed. With the following test data [title]. @20-10-2021 01:58:58.0912 AM
[ReportManager] API Action [GetResponseJSONValue] successfully performed. With the following test data [title]. @20-10-2021 01:58:58.0921 AM
[ReportManager] API Action [GetResponseJSONValue] successfully performed. With the following test data [title]. @20-10-2021 01:58:58.0932 AM
[ReportManager] API Action [GetResponseJSONValue] successfully performed. With the following test data [title]. @20-10-2021 01:58:58.0944 AM
[ReportManager] API Action [GetResponseJSONValue] successfully performed. With the following test data [title]. @20-10-2021 01:58:58.0959 AM
[ReportManager] API Action [GetResponseJSONValue] successfully performed. With the following test data [title]. @20-10-2021 01:58:58.0973 AM
[ReportManager] API Action [GetResponseJSONValue] successfully performed. With the following test data [title]. @20-10-2021 01:58:58.0989 AM
[ReportManager] API Action [GetResponseJSONValue] successfully performed. With the following test data [title]. @20-10-2021 01:58:59.0006 AM
[ReportManager] API Action [GetResponseJSONValue] successfully performed. With the following test data [title]. @20-10-2021 01:58:59.0020 AM
[ReportManager] API Action [GetResponseJSONValue] successfully performed. With the following test data [title]. @20-10-2021 01:58:59.0037 AM
[ReportManager] API Action [GetResponseJSONValue] successfully performed. With the following test data [title]. @20-10-2021 01:58:59.0051 AM
[ReportManager] API Action [GetResponseJSONValue] successfully performed. With the following test data [title]. @20-10-2021 01:58:59.0071 AM
[ReportManager] API Action [GetResponseJSONValue] successfully performed. With the following test data [title]. @20-10-2021 01:58:59.0084 AM
[ReportManager] API Action [GetResponseJSONValue] successfully performed. With the following test data [title]. @20-10-2021 01:58:59.0100 AM
[ReportManager] API Action [GetResponseJSONValue] successfully performed. With the following test data [title]. @20-10-2021 01:58:59.0118 AM
[ReportManager] API Action [GetResponseJSONValue] successfully performed. With the following test data [title]. @20-10-2021 01:58:59.0130 AM
[ReportManager] API Action [GetResponseJSONValue] successfully performed. With the following test data [title]. @20-10-2021 01:58:59.0145 AM
[ReportManager] API Action [GetResponseJSONValue] successfully performed. With the following test data [title]. @20-10-2021 01:58:59.0156 AM
[ReportManager] API Action [GetResponseJSONValue] successfully performed. With the following test data [title]. @20-10-2021 01:58:59.0173 AM
[ReportManager] API Action [GetResponseJSONValue] successfully performed. With the following test data [title]. @20-10-2021 01:58:59.0187 AM
[ReportManager] API Action [GetResponseJSONValue] successfully performed. With the following test data [title]. @20-10-2021 01:58:59.0199 AM
[ReportManager] API Action [GetResponseJSONValue] successfully performed. With the following test data [title]. @20-10-2021 01:58:59.0207 AM
[ReportManager] API Action [GetResponseJSONValue] successfully performed. With the following test data [title]. @20-10-2021 01:58:59.0218 AM
[ReportManager] API Action [GetResponseJSONValue] successfully performed. With the following test data [title]. @20-10-2021 01:58:59.0229 AM
[ReportManager] API Action [GetResponseJSONValue] successfully performed. With the following test data [title]. @20-10-2021 01:58:59.0244 AM
[ReportManager] API Action [GetResponseJSONValue] successfully performed. With the following test data [title]. @20-10-2021 01:58:59.0256 AM
[ReportManager] API Action [GetResponseJSONValue] successfully performed. With the following test data [title]. @20-10-2021 01:58:59.0267 AM
[ReportManager] API Action [GetResponseJSONValue] successfully performed. With the following test data [title]. @20-10-2021 01:58:59.0279 AM
[ReportManager] API Action [GetResponseJSONValue] successfully performed. With the following test data [title]. @20-10-2021 01:58:59.0288 AM
[ReportManager] API Action [GetResponseJSONValue] successfully performed. With the following test data [title]. @20-10-2021 01:58:59.0299 AM
[ReportManager] API Action [GetResponseJSONValue] successfully performed. With the following test data [title]. @20-10-2021 01:58:59.0319 AM
[ReportManager] API Action [GetResponseJSONValue] successfully performed. With the following test data [title]. @20-10-2021 01:58:59.0329 AM
[ReportManager] API Action [GetResponseJSONValue] successfully performed. With the following test data [title]. @20-10-2021 01:58:59.0339 AM
[ReportManager] API Action [GetResponseJSONValue] successfully performed. With the following test data [title]. @20-10-2021 01:58:59.0350 AM
[ReportManager] API Action [GetResponseJSONValue] successfully performed. With the following test data [title]. @20-10-2021 01:58:59.0361 AM
[ReportManager] API Action [GetResponseJSONValue] successfully performed. With the following test data [title]. @20-10-2021 01:58:59.0377 AM
[ReportManager] API Action [GetResponseJSONValue] successfully performed. With the following test data [title]. @20-10-2021 01:58:59.0389 AM
[ReportManager] API Action [GetResponseJSONValue] successfully performed. With the following test data [title]. @20-10-2021 01:58:59.0399 AM
[ReportManager] API Action [GetResponseJSONValue] successfully performed. With the following test data [title]. @20-10-2021 01:58:59.0410 AM
[ReportManager] API Action [GetResponseJSONValue] successfully performed. With the following test data [title]. @20-10-2021 01:58:59.0428 AM
[ReportManager] API Action [GetResponseJSONValue] successfully performed. With the following test data [title]. @20-10-2021 01:58:59.0440 AM
[ReportManager] API Action [GetResponseJSONValue] successfully performed. With the following test data [title]. @20-10-2021 01:58:59.0450 AM
[ReportManager] API Action [GetResponseJSONValue] successfully performed. With the following test data [title]. @20-10-2021 01:58:59.0462 AM
[ReportManager] API Action [GetResponseJSONValue] successfully performed. With the following test data [title]. @20-10-2021 01:58:59.0475 AM
[ReportManager] API Action [GetResponseJSONValue] successfully performed. With the following test data [title]. @20-10-2021 01:58:59.0487 AM
[ReportManager] API Action [GetResponseJSONValue] successfully performed. With the following test data [title]. @20-10-2021 01:58:59.0496 AM
[ReportManager] API Action [GetResponseJSONValue] successfully performed. With the following test data [title]. @20-10-2021 01:58:59.0508 AM
[ReportManager] API Action [GetResponseJSONValue] successfully performed. With the following test data [title]. @20-10-2021 01:58:59.0519 AM
[ReportManager] API Action [GetResponseJSONValue] successfully performed. With the following test data [title]. @20-10-2021 01:58:59.0529 AM
[ReportManager] API Action [GetResponseJSONValue] successfully performed. With the following test data [title]. @20-10-2021 01:58:59.0539 AM
[ReportManager] API Action [GetResponseJSONValue] successfully performed. With the following test data [title]. @20-10-2021 01:58:59.0557 AM
[ReportManager] API Action [GetResponseJSONValue] successfully performed. With the following test data [title]. @20-10-2021 01:58:59.0606 AM
[ReportManager] API Action [GetResponseJSONValue] successfully performed. With the following test data [title]. @20-10-2021 01:58:59.0622 AM
[ReportManager] API Action [GetResponseJSONValue] successfully performed. With the following test data [title]. @20-10-2021 01:58:59.0630 AM
[ReportManager] API Action [GetResponseJSONValue] successfully performed. With the following test data [title]. @20-10-2021 01:58:59.0638 AM
[ReportManager] API Action [GetResponseJSONValue] successfully performed. With the following test data [title]. @20-10-2021 01:58:59.0647 AM
[ReportManager] API Action [GetResponseJSONValue] successfully performed. With the following test data [title]. @20-10-2021 01:58:59.0653 AM
[ReportManager] API Action [GetResponseJSONValue] successfully performed. With the following test data [title]. @20-10-2021 01:58:59.0662 AM
[ReportManager] API Action [GetResponseJSONValue] successfully performed. With the following test data [title]. @20-10-2021 01:58:59.0674 AM
[ReportManager] API Action [GetResponseJSONValue] successfully performed. With the following test data [title]. @20-10-2021 01:58:59.0687 AM
[ReportManager] API Action [GetResponseJSONValue] successfully performed. With the following test data [title]. @20-10-2021 01:58:59.0696 AM
[ReportManager] API Action [GetResponseJSONValue] successfully performed. With the following test data [title]. @20-10-2021 01:58:59.0707 AM
[ReportManager] API Action [GetResponseJSONValue] successfully performed. With the following test data [title]. @20-10-2021 01:58:59.0715 AM
[ReportManager] API Action [GetResponseJSONValue] successfully performed. With the following test data [title]. @20-10-2021 01:58:59.0727 AM
[ReportManager] API Action [GetResponseJSONValue] successfully performed. With the following test data [title]. @20-10-2021 01:58:59.0743 AM
[ReportManager] API Action [GetResponseJSONValue] successfully performed. With the following test data [title]. @20-10-2021 01:58:59.0751 AM
[ReportManager] API Action [GetResponseJSONValue] successfully performed. With the following test data [title]. @20-10-2021 01:58:59.0759 AM
[ReportManager] API Action [GetResponseJSONValue] successfully performed. With the following test data [title]. @20-10-2021 01:58:59.0769 AM
[ReportManager] API Action [GetResponseJSONValue] successfully performed. With the following test data [title]. @20-10-2021 01:58:59.0782 AM
[ReportManager] API Action [GetResponseJSONValue] successfully performed. With the following test data [title]. @20-10-2021 01:58:59.0791 AM
[ReportManager] API Action [GetResponseJSONValue] successfully performed. With the following test data [title]. @20-10-2021 01:58:59.0800 AM
[ReportManager] API Action [GetResponseJSONValue] successfully performed. With the following test data [title]. @20-10-2021 01:58:59.0810 AM
[ReportManager] API Action [GetResponseJSONValue] successfully performed. With the following test data [title]. @20-10-2021 01:58:59.0820 AM
[ReportManager] API Action [GetResponseJSONValue] successfully performed. With the following test data [title]. @20-10-2021 01:58:59.0836 AM
[ReportManager] API Action [GetResponseJSONValue] successfully performed. With the following test data [title]. @20-10-2021 01:58:59.0845 AM
[ReportManager] API Action [GetResponseJSONValue] successfully performed. With the following test data [title]. @20-10-2021 01:58:59.0852 AM
[ReportManager] API Action [GetResponseJSONValue] successfully performed. With the following test data [title]. @20-10-2021 01:58:59.0859 AM
[ReportManager] API Action [GetResponseJSONValue] successfully performed. With the following test data [title]. @20-10-2021 01:58:59.0871 AM
[ReportManager] API Action [GetResponseJSONValue] successfully performed. With the following test data [title]. @20-10-2021 01:58:59.0878 AM
[ReportManager] API Action [GetResponseJSONValue] successfully performed. With the following test data [title]. @20-10-2021 01:58:59.0892 AM
[ReportManager] API Action [GetResponseJSONValue] successfully performed. With the following test data [title]. @20-10-2021 01:58:59.0903 AM
[ReportManager] API Action [GetResponseJSONValue] successfully performed. With the following test data [title]. @20-10-2021 01:58:59.0914 AM
[ReportManager] API Action [GetResponseJSONValue] successfully performed. With the following test data [title]. @20-10-2021 01:58:59.0924 AM
[ReportManager] API Action [GetResponseJSONValue] successfully performed. With the following test data [title]. @20-10-2021 01:58:59.0938 AM
[ReportManager] API Action [GetResponseJSONValue] successfully performed. With the following test data [title]. @20-10-2021 01:58:59.0951 AM
[ReportManager] API Action [GetResponseJSONValue] successfully performed. With the following test data [title]. @20-10-2021 01:58:59.0959 AM
[ReportManager] API Action [GetResponseJSONValue] successfully performed. With the following test data [title]. @20-10-2021 01:58:59.0970 AM
[ReportManager] API Action [GetResponseJSONValue] successfully performed. With the following test data [title]. @20-10-2021 01:58:59.0979 AM
[ReportManager] API Action [GetResponseJSONValue] successfully performed. With the following test data [title]. @20-10-2021 01:58:59.0987 AM
[ReportManager] API Action [GetResponseJSONValue] successfully performed. With the following test data [title]. @20-10-2021 01:58:59.0995 A

################################################################################################################################################
Starting Execution:	[48 out of 143] test cases in the current suite
Test Method:		[unitTests.tests_restActions.validateUserEmail]
################################################################################################################################################
[ReportManager] Response status code: [200], status line: [HTTP/1.1 200 OK] @20-10-2021 01:59:00.0103 AM
[ReportManager] Assertion Passed: Evaluating the actual response status code against the expected one... @20-10-2021 01:59:00.0104 AM
[ReportManager] Assertion [ValidateEquals] PASSED. Expected [200] and Actual [200]. Comparison Type [EQUALS]. Validation Type [POSITIVE]. @20-10-2021 01:59:00.0104 AM
[ReportManager] API Action [PerformRequest] successfully performed. With the following test data [Request Type: "GET" | Target Status Code: "200" | Service URL: "https://jsonplaceholder.typicode.com/users" | Content Type: "*/*" | Response Time: "86ms"]. @20-10-2021 01:59:00.0132 AM
[ReportManager] Successfully created attachment [API Request - Specifications] @20-10-2021 01:59:00.0133 AM
[ReportManager] Successfully created attachment [API Response - JSON Body] @20-10-2021 01:59:00.0133 AM
[ReportManager] Assertion [ValidateEquals] PASSED. Expected and Actual values are attached. Comparison Type [CONTAINS]. Validation Type [POSITIVE]. @20-10-2021 01:59:00.0134 AM
[ReportManager] Successfully created attachment [Validation Test Data - Expected Value] @20-10-2021 01:59:00.0134 AM
[ReportManager] Successfully created attachment [Validation Test Data - Actual Value] @20-10-2021 01:59:00.0136 AM
[ReportManager] API Action [GetResponseJSONValueAsList] successfully performed. With the following test data [$]. @20-10-2021 01:59:00.0141 AM
[ReportManager] API Action [GetResponseJSONValue] successfully performed. With the following test data [name]. @20-10-2021 01:59:00.0153 AM
[ReportManager] API Action [GetResponseJSONValue] successfully performed. With the following test data [email]. @20-10-2021 01:59:00.0162 AM
[ReportManager] Assertion [ValidateEquals] PASSED. Expected [Sincere@april.biz] and Actual [Sincere@april.biz]. Comparison Type [EQUALS]. Validation Type [POSITIVE]. @20-10-2021 01:59:00.0162 AM
[ReportManager] API Action [GetResponseJSONValue] successfully performed. With the following test data [name]. @20-10-2021 01:59:00.0175 AM
[ReportManager] API Action [GetResponseJSONValue] successfully performed. With the following test data [name]. @20-10-2021 01:59:00.0186 AM
[ReportManager] API Action [GetResponseJSONValue] successfully performed. With the following test data [name]. @20-10-2021 01:59:00.0200 AM
[ReportManager] API Action [GetResponseJSONValue] successfully performed. With the following test data [name]. @20-10-2021 01:59:00.0212 AM
[ReportManager] API Action [GetResponseJSONValue] successfully performed. With the following test data [name]. @20-10-2021 01:59:00.0222 AM
[ReportManager] API Action [GetResponseJSONValue] successfully performed. With the following test data [name]. @20-10-2021 01:59:00.0231 AM
[ReportManager] API Action [GetResponseJSONValue] successfully performed. With the following test data [name]. @20-10-2021 01:59:00.0241 AM
[ReportManager] API Action [GetResponseJSONValue] successfully performed. With the following test data [name]. @20-10-2021 01:59:00.0250 AM
[ReportManager] API Action [GetResponseJSONValue] successfully performed. With the following test data [name]. @20-10-2021 01:59:00.0259 A
[ReportManager] File Action [GetAbsolutePath] successfully performed. With the following test data [Relative Folder Path: "target/downloadedFiles/"]. @20-10-2021 01:59:00.0269 AM
[ReportManager] Attempting to run remotely on: [Linux-64], [GoogleChrome], [http://localhost:4444/wd/hub], Headless Execution. @20-10-2021 01:59:00.0269 AM
[ReportManager] Successfully Opened [GoogleChrome]. @20-10-2021 01:59:00.0554 AM
[ReportManager] Target URL: [https://duckduckgo.com] @20-10-2021 01:59:00.0575 AM
[ReportManager] Initial URL: [data:,] @20-10-2021 01:59:00.0639 AM
[ReportManager] Browser Action [NavigateToURL] successfully performed. With the following test data [https://duckduckgo.com]. @20-10-2021 01:59:01.0498 A

################################################################################################################################################
Starting Execution:	[49 out of 143] test cases in the current suite
Test Method:		[unitTests.tests_browserActions.fullScreenWindow]
################################################################################################################################################
[ReportManager] Initial Windows Size: 800x600 @20-10-2021 01:59:01.0506 AM
[ReportManager] Initial window size: (800, 600) @20-10-2021 01:59:01.0511 AM
[ReportManager] Window size after Toolkit: (1920, 1080) @20-10-2021 01:59:01.0731 AM
[ReportManager] Browser Action [MaximizeWindow] successfully performed. With the following test data [New screen size is now: (1920, 1080)]. @20-10-2021 01:59:01.0734 AM
[ReportManager] Current Windows Size after fullScreen: 1920x1080 @20-10-2021 01:59:01.0740 AM
[ReportManager] Browser Action [FullScreenWindow] successfully performed. @20-10-2021 01:59:01.0759 AM
[ReportManager] Successfully created attachment [Browser Action Test Data - FullScreenWindow - Actual Value] @20-10-2021 01:59:01.0762 A
[ReportManager] Target URL: [https://duckduckgo.com] @20-10-2021 01:59:01.0767 AM
[ReportManager] Initial URL: [https://duckduckgo.com] @20-10-2021 01:59:01.0828 AM
[ReportManager] Browser Action [NavigateToURL] successfully performed. With the following test data [https://duckduckgo.com]. @20-10-2021 01:59:02.0278 AM
[ReportManager] Browser Action [CloseCurrentWindow] successfully performed. @20-10-2021 01:59:02.0385 AM
[ReportManager] Successfully created attachment [Browser Action Test Data - CloseCurrentWindow - Actual Value] @20-10-2021 01:59:02.0391 A
[ReportManager] File Action [GetAbsolutePath] successfully performed. With the following test data [Relative Folder Path: "target/downloadedFiles/"]. @20-10-2021 01:59:02.0396 AM
[ReportManager] Attempting to run remotely on: [Linux-64], [GoogleChrome], [http://localhost:4444/wd/hub], Headless Execution. @20-10-2021 01:59:02.0396 AM
[ReportManager] Successfully Opened [GoogleChrome]. @20-10-2021 01:59:02.0704 AM
[ReportManager] Target URL: [https://duckduckgo.com] @20-10-2021 01:59:02.0717 AM
[ReportManager] Initial URL: [data:,] @20-10-2021 01:59:02.0785 AM
[ReportManager] Browser Action [NavigateToURL] successfully performed. With the following test data [https://duckduckgo.com]. @20-10-2021 01:59:03.0721 A

################################################################################################################################################
Starting Execution:	[50 out of 143] test cases in the current suite
Test Method:		[unitTests.tests_browserActions.getCurrentURL]
################################################################################################################################################
[ReportManager] Browser Action [GetCurrentURL] successfully performed. With the following test data [https://duckduckgo.com/]. @20-10-2021 01:59:03.0776 A
[ReportManager] Target URL: [https://duckduckgo.com] @20-10-2021 01:59:03.0779 AM
[ReportManager] Initial URL: [https://duckduckgo.com] @20-10-2021 01:59:03.0867 AM
[ReportManager] Browser Action [NavigateToURL] successfully performed. With the following test data [https://duckduckgo.com]. @20-10-2021 01:59:04.0273 AM
[ReportManager] Browser Action [CloseCurrentWindow] successfully performed. @20-10-2021 01:59:04.0390 AM
[ReportManager] Successfully created attachment [Browser Action Test Data - CloseCurrentWindow - Actual Value] @20-10-2021 01:59:04.0391 A
[ReportManager] File Action [GetAbsolutePath] successfully performed. With the following test data [Relative Folder Path: "target/downloadedFiles/"]. @20-10-2021 01:59:04.0393 AM
[ReportManager] Attempting to run remotely on: [Linux-64], [GoogleChrome], [http://localhost:4444/wd/hub], Headless Execution. @20-10-2021 01:59:04.0393 AM
[ReportManager] Successfully Opened [GoogleChrome]. @20-10-2021 01:59:04.0636 AM
[ReportManager] Target URL: [https://duckduckgo.com] @20-10-2021 01:59:04.0651 AM
[ReportManager] Initial URL: [data:,] @20-10-2021 01:59:04.0721 AM
[ReportManager] Browser Action [NavigateToURL] successfully performed. With the following test data [https://duckduckgo.com]. @20-10-2021 01:59:05.0271 A

################################################################################################################################################
Starting Execution:	[51 out of 143] test cases in the current suite
Test Method:		[unitTests.tests_browserActions.getCurrentWindowTitle]
################################################################################################################################################
[ReportManager] Browser Action [GetCurrentWindowTitle] successfully performed. With the following test data [DuckDuckGo  Privacy, simplified.]. @20-10-2021 01:59:05.0302 A
[ReportManager] Target URL: [https://duckduckgo.com] @20-10-2021 01:59:05.0304 AM
[ReportManager] Initial URL: [https://duckduckgo.com] @20-10-2021 01:59:05.0378 AM
[ReportManager] Browser Action [NavigateToURL] successfully performed. With the following test data [https://duckduckgo.com]. @20-10-2021 01:59:05.0651 AM
[ReportManager] Browser Action [CloseCurrentWindow] successfully performed. @20-10-2021 01:59:05.0750 AM
[ReportManager] Successfully created attachment [Browser Action Test Data - CloseCurrentWindow - Actual Value] @20-10-2021 01:59:05.0751 A
[ReportManager] File Action [GetAbsolutePath] successfully performed. With the following test data [Relative Folder Path: "target/downloadedFiles/"]. @20-10-2021 01:59:05.0753 AM
[ReportManager] Attempting to run remotely on: [Linux-64], [GoogleChrome], [http://localhost:4444/wd/hub], Headless Execution. @20-10-2021 01:59:05.0753 AM
[ReportManager] Successfully Opened [GoogleChrome]. @20-10-2021 01:59:05.0940 AM
[ReportManager] Target URL: [https://duckduckgo.com] @20-10-2021 01:59:05.0959 AM
[ReportManager] Initial URL: [data:,] @20-10-2021 01:59:05.0998 AM
[ReportManager] Browser Action [NavigateToURL] successfully performed. With the following test data [https://duckduckgo.com]. @20-10-2021 01:59:06.0617 A

################################################################################################################################################
Starting Execution:	[52 out of 143] test cases in the current suite
Test Method:		[unitTests.tests_browserActions.getPageSource]
################################################################################################################################################
[ReportManager] Browser Action [GetPageSource] successfully performed. @20-10-2021 01:59:06.0664 AM
[ReportManager] Successfully created attachment [Browser Action Test Data - GetPageSource - Actual Value] @20-10-2021 01:59:06.0664 A
[ReportManager] Target URL: [https://duckduckgo.com] @20-10-2021 01:59:06.0667 AM
[ReportManager] Initial URL: [https://duckduckgo.com] @20-10-2021 01:59:06.0715 AM
[ReportManager] Browser Action [NavigateToURL] successfully performed. With the following test data [https://duckduckgo.com]. @20-10-2021 01:59:07.0049 AM
[ReportManager] Browser Action [CloseCurrentWindow] successfully performed. @20-10-2021 01:59:07.0146 AM
[ReportManager] Successfully created attachment [Browser Action Test Data - CloseCurrentWindow - Actual Value] @20-10-2021 01:59:07.0147 A
[ReportManager] File Action [GetAbsolutePath] successfully performed. With the following test data [Relative Folder Path: "target/downloadedFiles/"]. @20-10-2021 01:59:07.0151 AM
[ReportManager] Attempting to run remotely on: [Linux-64], [GoogleChrome], [http://localhost:4444/wd/hub], Headless Execution. @20-10-2021 01:59:07.0151 AM
[ReportManager] Successfully Opened [GoogleChrome]. @20-10-2021 01:59:07.0360 AM
[ReportManager] Target URL: [https://duckduckgo.com] @20-10-2021 01:59:07.0375 AM
[ReportManager] Initial URL: [data:,] @20-10-2021 01:59:07.0411 AM
[ReportManager] Browser Action [NavigateToURL] successfully performed. With the following test data [https://duckduckgo.com]. @20-10-2021 01:59:08.0004 A

################################################################################################################################################
Starting Execution:	[53 out of 143] test cases in the current suite
Test Method:		[unitTests.tests_browserActions.getWindowHandle]
################################################################################################################################################
[ReportManager] Browser Action [GetWindowHandle] successfully performed. With the following test data [CDwindow-D80CD716FA15BA31B57FD8737FBADC7D]. @20-10-2021 01:59:08.0035 A
[ReportManager] Target URL: [https://duckduckgo.com] @20-10-2021 01:59:08.0037 AM
[ReportManager] Initial URL: [https://duckduckgo.com] @20-10-2021 01:59:08.0090 AM
[ReportManager] Browser Action [NavigateToURL] successfully performed. With the following test data [https://duckduckgo.com]. @20-10-2021 01:59:08.0394 AM
[ReportManager] Browser Action [CloseCurrentWindow] successfully performed. @20-10-2021 01:59:08.0496 AM
[ReportManager] Successfully created attachment [Browser Action Test Data - CloseCurrentWindow - Actual Value] @20-10-2021 01:59:08.0496 A
[ReportManager] File Action [GetAbsolutePath] successfully performed. With the following test data [Relative Folder Path: "target/downloadedFiles/"]. @20-10-2021 01:59:08.0499 AM
[ReportManager] Attempting to run remotely on: [Linux-64], [GoogleChrome], [http://localhost:4444/wd/hub], Headless Execution. @20-10-2021 01:59:08.0500 AM
[ReportManager] Successfully Opened [GoogleChrome]. @20-10-2021 01:59:08.0711 AM
[ReportManager] Target URL: [https://duckduckgo.com] @20-10-2021 01:59:08.0725 AM
[ReportManager] Initial URL: [data:,] @20-10-2021 01:59:08.0770 AM
[ReportManager] Browser Action [NavigateToURL] successfully performed. With the following test data [https://duckduckgo.com]. @20-10-2021 01:59:09.0440 A

################################################################################################################################################
Starting Execution:	[54 out of 143] test cases in the current suite
Test Method:		[unitTests.tests_browserActions.getWindowPosition]
################################################################################################################################################
[ReportManager] Browser Action [GetWindowPosition] successfully performed. With the following test data [(0, 0)]. @20-10-2021 01:59:09.0488 A
[ReportManager] Target URL: [https://duckduckgo.com] @20-10-2021 01:59:09.0489 AM
[ReportManager] Initial URL: [https://duckduckgo.com] @20-10-2021 01:59:09.0544 AM
[ReportManager] Browser Action [NavigateToURL] successfully performed. With the following test data [https://duckduckgo.com]. @20-10-2021 01:59:09.0869 AM
[ReportManager] Browser Action [CloseCurrentWindow] successfully performed. @20-10-2021 01:59:09.0963 AM
[ReportManager] Successfully created attachment [Browser Action Test Data - CloseCurrentWindow - Actual Value] @20-10-2021 01:59:09.0964 A
[ReportManager] File Action [GetAbsolutePath] successfully performed. With the following test data [Relative Folder Path: "target/downloadedFiles/"]. @20-10-2021 01:59:09.0969 AM
[ReportManager] Attempting to run remotely on: [Linux-64], [GoogleChrome], [http://localhost:4444/wd/hub], Headless Execution. @20-10-2021 01:59:09.0971 AM
[ReportManager] Successfully Opened [GoogleChrome]. @20-10-2021 01:59:10.0289 AM
[ReportManager] Target URL: [https://duckduckgo.com] @20-10-2021 01:59:10.0300 AM
[ReportManager] Initial URL: [data:,] @20-10-2021 01:59:10.0341 AM
[ReportManager] Browser Action [NavigateToURL] successfully performed. With the following test data [https://duckduckgo.com]. @20-10-2021 01:59:10.0951 A

################################################################################################################################################
Starting Execution:	[55 out of 143] test cases in the current suite
Test Method:		[unitTests.tests_browserActions.getWindowSize]
################################################################################################################################################
[ReportManager] Browser Action [GetWindowSize] successfully performed. With the following test data [(800, 600)]. @20-10-2021 01:59:10.0984 A
[ReportManager] Target URL: [https://duckduckgo.com] @20-10-2021 01:59:10.0985 AM
[ReportManager] Initial URL: [https://duckduckgo.com] @20-10-2021 01:59:11.0040 AM
[ReportManager] Browser Action [NavigateToURL] successfully performed. With the following test data [https://duckduckgo.com]. @20-10-2021 01:59:11.0333 AM
[ReportManager] Browser Action [CloseCurrentWindow] successfully performed. @20-10-2021 01:59:11.0429 AM
[ReportManager] Successfully created attachment [Browser Action Test Data - CloseCurrentWindow - Actual Value] @20-10-2021 01:59:11.0430 A
[ReportManager] File Action [GetAbsolutePath] successfully performed. With the following test data [Relative Folder Path: "target/downloadedFiles/"]. @20-10-2021 01:59:11.0432 AM
[ReportManager] Attempting to run remotely on: [Linux-64], [GoogleChrome], [http://localhost:4444/wd/hub], Headless Execution. @20-10-2021 01:59:11.0432 AM
[ReportManager] Successfully Opened [GoogleChrome]. @20-10-2021 01:59:11.0636 AM
[ReportManager] Target URL: [https://duckduckgo.com] @20-10-2021 01:59:11.0647 AM
[ReportManager] Initial URL: [data:,] @20-10-2021 01:59:11.0680 AM
[ReportManager] Browser Action [NavigateToURL] successfully performed. With the following test data [https://duckduckgo.com]. @20-10-2021 01:59:12.0233 A

################################################################################################################################################
Starting Execution:	[56 out of 143] test cases in the current suite
Test Method:		[unitTests.tests_browserActions.maximizeWindow]
################################################################################################################################################
[ReportManager] Initial window size: (800, 600) @20-10-2021 01:59:12.0244 AM
[ReportManager] Window size after Toolkit: (1920, 1080) @20-10-2021 01:59:12.0461 AM
[ReportManager] Browser Action [MaximizeWindow] successfully performed. With the following test data [New screen size is now: (1920, 1080)]. @20-10-2021 01:59:12.0464 A
[ReportManager] Target URL: [https://duckduckgo.com] @20-10-2021 01:59:12.0468 AM
[ReportManager] Initial URL: [https://duckduckgo.com] @20-10-2021 01:59:12.0526 AM
[ReportManager] Browser Action [NavigateToURL] successfully performed. With the following test data [https://duckduckgo.com]. @20-10-2021 01:59:12.0808 AM
[ReportManager] Browser Action [CloseCurrentWindow] successfully performed. @20-10-2021 01:59:12.0914 AM
[ReportManager] Successfully created attachment [Browser Action Test Data - CloseCurrentWindow - Actual Value] @20-10-2021 01:59:12.0915 A
[ReportManager] File Action [GetAbsolutePath] successfully performed. With the following test data [Relative Folder Path: "target/downloadedFiles/"]. @20-10-2021 01:59:12.0919 AM
[ReportManager] Attempting to run remotely on: [Linux-64], [GoogleChrome], [http://localhost:4444/wd/hub], Headless Execution. @20-10-2021 01:59:12.0920 AM
[ReportManager] Successfully Opened [GoogleChrome]. @20-10-2021 01:59:13.0127 AM
[ReportManager] Target URL: [https://duckduckgo.com] @20-10-2021 01:59:13.0140 AM
[ReportManager] Initial URL: [data:,] @20-10-2021 01:59:13.0175 AM
[ReportManager] Browser Action [NavigateToURL] successfully performed. With the following test data [https://duckduckgo.com]. @20-10-2021 01:59:13.0718 A

################################################################################################################################################
Starting Execution:	[57 out of 143] test cases in the current suite
Test Method:		[unitTests.tests_browserActions.navigateBack]
################################################################################################################################################
[ReportManager] Target URL: [https://www.google.com/ncr], and after redirection: [https://www.google.com] @20-10-2021 01:59:13.0727 AM
[ReportManager] Initial URL: [https://duckduckgo.com] @20-10-2021 01:59:13.0781 AM
[ReportManager] Browser Action [NavigateToURL] successfully performed. With the following test data [https://www.google.com/ncr]. @20-10-2021 01:59:14.0506 AM
[ReportManager] Browser Action [NavigateBack] successfully performed. With the following test data [https://duckduckgo.com/]. @20-10-2021 01:59:14.0831 AM
[ReportManager] Browser Action [GetCurrentURL] successfully performed. With the following test data [https://duckduckgo.com/]. @20-10-2021 01:59:14.0862 AM
[ReportManager] Assertion Passed: Confirming that navigating back was successful @20-10-2021 01:59:14.0976 AM
[ReportManager] Successfully created attachment [Screenshot - 1634695154920_navigateBack_ValidateBrowserAttribute_passed] @20-10-2021 01:59:14.0977 AM
[ReportManager] Assertion [ValidateBrowserAttribute] PASSED. Expected [Value Should be 'https://duckduckgo.com' for the 'CurrentUrl' attribute] and Actual [https://duckduckgo.com/]. Comparison Type [CONTAINS]. Validation Type [POSITIVE]. @20-10-2021 01:59:14.0977 A
[ReportManager] Target URL: [https://duckduckgo.com] @20-10-2021 01:59:14.0979 AM
[ReportManager] Initial URL: [https://duckduckgo.com] @20-10-2021 01:59:15.0029 AM
[ReportManager] Browser Action [NavigateToURL] successfully performed. With the following test data [https://duckduckgo.com]. @20-10-2021 01:59:15.0315 AM
[ReportManager] Browser Action [CloseCurrentWindow] successfully performed. @20-10-2021 01:59:15.0413 AM
[ReportManager] Successfully created attachment [Browser Action Test Data - CloseCurrentWindow - Actual Value] @20-10-2021 01:59:15.0414 A
[ReportManager] File Action [GetAbsolutePath] successfully performed. With the following test data [Relative Folder Path: "target/downloadedFiles/"]. @20-10-2021 01:59:15.0416 AM
[ReportManager] Attempting to run remotely on: [Linux-64], [GoogleChrome], [http://localhost:4444/wd/hub], Headless Execution. @20-10-2021 01:59:15.0416 AM
[ReportManager] Successfully Opened [GoogleChrome]. @20-10-2021 01:59:15.0614 AM
[ReportManager] Target URL: [https://duckduckgo.com] @20-10-2021 01:59:15.0626 AM
[ReportManager] Initial URL: [data:,] @20-10-2021 01:59:15.0664 AM
[ReportManager] Browser Action [NavigateToURL] successfully performed. With the following test data [https://duckduckgo.com]. @20-10-2021 01:59:16.0246 A

################################################################################################################################################
Starting Execution:	[58 out of 143] test cases in the current suite
Test Method:		[unitTests.tests_browserActions.navigateForward]
################################################################################################################################################
[ReportManager] Target URL: [https://www.google.com/ncr], and after redirection: [https://www.google.com] @20-10-2021 01:59:16.0250 AM
[ReportManager] Initial URL: [https://duckduckgo.com] @20-10-2021 01:59:16.0296 AM
[ReportManager] Browser Action [NavigateToURL] successfully performed. With the following test data [https://www.google.com/ncr]. @20-10-2021 01:59:17.0030 AM
[ReportManager] Browser Action [NavigateBack] successfully performed. With the following test data [https://duckduckgo.com/]. @20-10-2021 01:59:17.0340 AM
[ReportManager] Browser Action [NavigateForward] successfully performed. With the following test data [https://www.google.com/]. @20-10-2021 01:59:17.0674 A
[ReportManager] Target URL: [https://duckduckgo.com] @20-10-2021 01:59:17.0677 AM
[ReportManager] Initial URL: [https://www.google.com] @20-10-2021 01:59:17.0742 AM
[ReportManager] Browser Action [NavigateToURL] successfully performed. With the following test data [https://duckduckgo.com]. @20-10-2021 01:59:18.0143 AM
[ReportManager] Browser Action [CloseCurrentWindow] successfully performed. @20-10-2021 01:59:18.0232 AM
[ReportManager] Successfully created attachment [Browser Action Test Data - CloseCurrentWindow - Actual Value] @20-10-2021 01:59:18.0233 A
[ReportManager] File Action [GetAbsolutePath] successfully performed. With the following test data [Relative Folder Path: "target/downloadedFiles/"]. @20-10-2021 01:59:18.0235 AM
[ReportManager] Attempting to run remotely on: [Linux-64], [GoogleChrome], [http://localhost:4444/wd/hub], Headless Execution. @20-10-2021 01:59:18.0235 AM
[ReportManager] Successfully Opened [GoogleChrome]. @20-10-2021 01:59:18.0422 AM
[ReportManager] Target URL: [https://duckduckgo.com] @20-10-2021 01:59:18.0445 AM
[ReportManager] Initial URL: [data:,] @20-10-2021 01:59:18.0481 AM
[ReportManager] Browser Action [NavigateToURL] successfully performed. With the following test data [https://duckduckgo.com]. @20-10-2021 01:59:19.0050 A

################################################################################################################################################
Starting Execution:	[59 out of 143] test cases in the current suite
Test Method:		[unitTests.tests_browserActions.navigateToURL]
################################################################################################################################################
[ReportManager] Target URL: [https://duckduckgo.com] @20-10-2021 01:59:19.0055 AM
[ReportManager] Initial URL: [https://duckduckgo.com] @20-10-2021 01:59:19.0108 AM
[ReportManager] Browser Action [NavigateToURL] successfully performed. With the following test data [https://duckduckgo.com]. @20-10-2021 01:59:19.0400 A
[ReportManager] Target URL: [https://duckduckgo.com] @20-10-2021 01:59:19.0403 AM
[ReportManager] Initial URL: [https://duckduckgo.com] @20-10-2021 01:59:19.0461 AM
[ReportManager] Browser Action [NavigateToURL] successfully performed. With the following test data [https://duckduckgo.com]. @20-10-2021 01:59:19.0743 AM
[ReportManager] Browser Action [CloseCurrentWindow] successfully performed. @20-10-2021 01:59:19.0838 AM
[ReportManager] Successfully created attachment [Browser Action Test Data - CloseCurrentWindow - Actual Value] @20-10-2021 01:59:19.0838 A
[ReportManager] File Action [GetAbsolutePath] successfully performed. With the following test data [Relative Folder Path: "target/downloadedFiles/"]. @20-10-2021 01:59:19.0841 AM
[ReportManager] Attempting to run remotely on: [Linux-64], [GoogleChrome], [http://localhost:4444/wd/hub], Headless Execution. @20-10-2021 01:59:19.0841 AM
[ReportManager] Successfully Opened [GoogleChrome]. @20-10-2021 01:59:20.0072 AM
[ReportManager] Target URL: [https://duckduckgo.com] @20-10-2021 01:59:20.0082 AM
[ReportManager] Initial URL: [data:,] @20-10-2021 01:59:20.0119 AM
[ReportManager] Browser Action [NavigateToURL] successfully performed. With the following test data [https://duckduckgo.com]. @20-10-2021 01:59:20.0721 A

################################################################################################################################################
Starting Execution:	[60 out of 143] test cases in the current suite
Test Method:		[unitTests.tests_browserActions.navigateToURLWithRedirection]
################################################################################################################################################
[ReportManager] Target URL: [https://www.google.com/ncr], and after redirection: [https://www.google.com] @20-10-2021 01:59:20.0728 AM
[ReportManager] Initial URL: [https://duckduckgo.com] @20-10-2021 01:59:20.0778 AM
[ReportManager] Browser Action [NavigateToURL] successfully performed. With the following test data [https://www.google.com/ncr]. @20-10-2021 01:59:21.0563 A
[ReportManager] Target URL: [https://duckduckgo.com] @20-10-2021 01:59:21.0565 AM
[ReportManager] Initial URL: [https://www.google.com] @20-10-2021 01:59:21.0632 AM
[ReportManager] Browser Action [NavigateToURL] successfully performed. With the following test data [https://duckduckgo.com]. @20-10-2021 01:59:22.0140 AM
[ReportManager] Browser Action [CloseCurrentWindow] successfully performed. @20-10-2021 01:59:22.0231 AM
[ReportManager] Successfully created attachment [Browser Action Test Data - CloseCurrentWindow - Actual Value] @20-10-2021 01:59:22.0231 A
[ReportManager] File Action [GetAbsolutePath] successfully performed. With the following test data [Relative Folder Path: "target/downloadedFiles/"]. @20-10-2021 01:59:22.0233 AM
[ReportManager] Attempting to run remotely on: [Linux-64], [GoogleChrome], [http://localhost:4444/wd/hub], Headless Execution. @20-10-2021 01:59:22.0234 AM
[ReportManager] Successfully Opened [GoogleChrome]. @20-10-2021 01:59:22.0423 AM
[ReportManager] Target URL: [https://duckduckgo.com] @20-10-2021 01:59:22.0435 AM
[ReportManager] Initial URL: [data:,] @20-10-2021 01:59:22.0474 AM
[ReportManager] Browser Action [NavigateToURL] successfully performed. With the following test data [https://duckduckgo.com]. @20-10-2021 01:59:23.0010 A

################################################################################################################################################
Starting Execution:	[61 out of 143] test cases in the current suite
Test Method:		[unitTests.tests_browserActions.refreshCurrentPage]
################################################################################################################################################
[ReportManager] Browser Action [RefreshCurrentPage] successfully performed. @20-10-2021 01:59:23.0191 AM
[ReportManager] Successfully created attachment [Browser Action Test Data - RefreshCurrentPage - Actual Value] @20-10-2021 01:59:23.0192 A
[ReportManager] Target URL: [https://duckduckgo.com] @20-10-2021 01:59:23.0193 AM
[ReportManager] Initial URL: [https://duckduckgo.com] @20-10-2021 01:59:23.0254 AM
[ReportManager] Browser Action [NavigateToURL] successfully performed. With the following test data [https://duckduckgo.com]. @20-10-2021 01:59:23.0510 AM
[ReportManager] Browser Action [CloseCurrentWindow] successfully performed. @20-10-2021 01:59:23.0606 AM
[ReportManager] Successfully created attachment [Browser Action Test Data - CloseCurrentWindow - Actual Value] @20-10-2021 01:59:23.0607 A
[ReportManager] File Action [GetAbsolutePath] successfully performed. With the following test data [Relative Folder Path: "target/downloadedFiles/"]. @20-10-2021 01:59:23.0609 AM
[ReportManager] Attempting to run remotely on: [Linux-64], [GoogleChrome], [http://localhost:4444/wd/hub], Headless Execution. @20-10-2021 01:59:23.0609 AM
[ReportManager] Successfully Opened [GoogleChrome]. @20-10-2021 01:59:23.0780 AM
[ReportManager] Target URL: [https://duckduckgo.com] @20-10-2021 01:59:23.0802 AM
[ReportManager] Initial URL: [data:,] @20-10-2021 01:59:23.0839 AM
[ReportManager] Browser Action [NavigateToURL] successfully performed. With the following test data [https://duckduckgo.com]. @20-10-2021 01:59:24.0415 A

################################################################################################################################################
Starting Execution:	[62 out of 143] test cases in the current suite
Test Method:		[unitTests.tests_browserActions.setWindowSize]
################################################################################################################################################
[ReportManager] Initial window size: (800, 600) @20-10-2021 01:59:24.0434 AM
[ReportManager] Window size after SWD: (1280, 720) @20-10-2021 01:59:24.0653 AM
[ReportManager] Browser Action [SetWindowSize] successfully performed. With the following test data [New screen size is now: (1280, 720)]. @20-10-2021 01:59:24.0654 A
[ReportManager] Target URL: [https://duckduckgo.com] @20-10-2021 01:59:24.0658 AM
[ReportManager] Initial URL: [https://duckduckgo.com] @20-10-2021 01:59:24.0720 AM
[ReportManager] Browser Action [NavigateToURL] successfully performed. With the following test data [https://duckduckgo.com]. @20-10-2021 01:59:25.0012 AM
[ReportManager] Browser Action [CloseCurrentWindow] successfully performed. @20-10-2021 01:59:25.0114 AM
[ReportManager] Successfully created attachment [Browser Action Test Data - CloseCurrentWindow - Actual Value] @20-10-2021 01:59:25.0114 A
[ReportManager] File Action [GetAbsolutePath] successfully performed. With the following test data [Relative Folder Path: "target/downloadedFiles/"]. @20-10-2021 01:59:25.0116 AM
[ReportManager] Attempting to run remotely on: [Linux-64], [GoogleChrome], [http://localhost:4444/wd/hub], Headless Execution. @20-10-2021 01:59:25.0116 AM
[ReportManager] Successfully Opened [GoogleChrome]. @20-10-2021 01:59:25.0296 A

################################################################################################################################################
Starting Execution:	[63 out of 143] test cases in the current suite
Test Method:		[unitTests.tests_element_elementActions.waitForElementToBePresent_false_expectedToFail]
################################################################################################################################################
[ReportManager] Target URL: [https://www.google.com/ncr], and after redirection: [www.google.com] @20-10-2021 01:59:25.0312 AM
[ReportManager] Initial URL: [data:,] @20-10-2021 01:59:25.0356 AM
[ReportManager] Browser Action [NavigateToURL] successfully performed. With the following test data [https://www.google.com/ncr]. @20-10-2021 01:59:26.0398 AM
[ReportManager] Waiting for element to be present; elementLocator [By.xpath: //*[@id='hplogo' or @alt='Google']], numberOfTries[1], stateOfPresence[false]... @20-10-2021 01:59:26.0401 AM
[ReportManager] Element Action [WaitForElementToBePresent] failed. With the following test data [waited for the element's state of presence to be (false). Element locator (By.xpath: //*[@id='hplogo' or @alt='Google'])]. @20-10-2021 01:59:26.0558 AM
[ReportManager] Successfully created attachment [Screenshot - 1634695166499_waitForElementToBePresent_false_expectedToFail_WaitForElementToBePresent_failed] @20-10-2021 01:59:26.0558 A
[ReportManager] Browser Action [CloseCurrentWindow] successfully performed. @20-10-2021 01:59:26.0680 AM
[ReportManager] Successfully created attachment [Browser Action Test Data - CloseCurrentWindow - Actual Value] @20-10-2021 01:59:26.0681 A
[ReportManager] File Action [GetAbsolutePath] successfully performed. With the following test data [Relative Folder Path: "target/downloadedFiles/"]. @20-10-2021 01:59:26.0684 AM
[ReportManager] Attempting to run remotely on: [Linux-64], [GoogleChrome], [http://localhost:4444/wd/hub], Headless Execution. @20-10-2021 01:59:26.0685 AM
[ReportManager] Successfully Opened [GoogleChrome]. @20-10-2021 01:59:26.0856 A

################################################################################################################################################
Starting Execution:	[64 out of 143] test cases in the current suite
Test Method:		[unitTests.tests_element_elementActions.waitForElementToBePresent_false_expectedToPass]
################################################################################################################################################
[ReportManager] Target URL: [https://www.google.com/ncr], and after redirection: [www.google.com] @20-10-2021 01:59:26.0879 AM
[ReportManager] Initial URL: [data:,] @20-10-2021 01:59:26.0913 AM
[ReportManager] Browser Action [NavigateToURL] successfully performed. With the following test data [https://www.google.com/ncr]. @20-10-2021 01:59:27.0647 AM
[ReportManager] Waiting for element to be present; elementLocator [By.id: bla], numberOfTries[1], stateOfPresence[false]... @20-10-2021 01:59:27.0648 AM
[ReportManager] Element Action [WaitForElementToBePresent] successfully performed. With the following test data [waited for the element's state of presence to be (false). Element locator (By.id: bla)]. @20-10-2021 01:59:32.0761 A
[ReportManager] Browser Action [CloseCurrentWindow] successfully performed. @20-10-2021 01:59:32.0876 AM
[ReportManager] Successfully created attachment [Browser Action Test Data - CloseCurrentWindow - Actual Value] @20-10-2021 01:59:32.0877 A
[ReportManager] File Action [GetAbsolutePath] successfully performed. With the following test data [Relative Folder Path: "target/downloadedFiles/"]. @20-10-2021 01:59:32.0880 AM
[ReportManager] Attempting to run remotely on: [Linux-64], [GoogleChrome], [http://localhost:4444/wd/hub], Headless Execution. @20-10-2021 01:59:32.0880 AM
[ReportManager] Successfully Opened [GoogleChrome]. @20-10-2021 01:59:33.0083 A

################################################################################################################################################
Starting Execution:	[65 out of 143] test cases in the current suite
Test Method:		[unitTests.tests_element_elementActions.waitForElementToBePresent_moreThanOneElement_expectedToFail]
################################################################################################################################################
[ReportManager] Target URL: [https://www.google.com/ncr], and after redirection: [www.google.com] @20-10-2021 01:59:33.0096 AM
[ReportManager] Initial URL: [data:,] @20-10-2021 01:59:33.0131 AM
[ReportManager] Browser Action [NavigateToURL] successfully performed. With the following test data [https://www.google.com/ncr]. @20-10-2021 01:59:33.0877 AM
[ReportManager] Waiting for element to be present; elementLocator [By.xpath: //*], numberOfTries[1], stateOfPresence[false]... @20-10-2021 01:59:33.0877 AM
[ReportManager] Element Action [WaitForElementToBePresent] failed. With the following test data [waited for the element's state of presence to be (false). Element locator (By.xpath: //*)]. @20-10-2021 01:59:34.0053 AM
[ReportManager] Successfully created attachment [Screenshot - 1634695173999_waitForElementToBePresent_moreThanOneElement_expectedToFail_WaitForElementToBePresent_failed] @20-10-2021 01:59:34.0054 A
[ReportManager] Browser Action [CloseCurrentWindow] successfully performed. @20-10-2021 01:59:34.0169 AM
[ReportManager] Successfully created attachment [Browser Action Test Data - CloseCurrentWindow - Actual Value] @20-10-2021 01:59:34.0170 A
[ReportManager] File Action [GetAbsolutePath] successfully performed. With the following test data [Relative Folder Path: "target/downloadedFiles/"]. @20-10-2021 01:59:34.0173 AM
[ReportManager] Attempting to run remotely on: [Linux-64], [GoogleChrome], [http://localhost:4444/wd/hub], Headless Execution. @20-10-2021 01:59:34.0173 AM
[ReportManager] Successfully Opened [GoogleChrome]. @20-10-2021 01:59:34.0411 A

################################################################################################################################################
Starting Execution:	[66 out of 143] test cases in the current suite
Test Method:		[unitTests.tests_element_elementActions.waitForElementToBePresent_true_expectedToFail]
################################################################################################################################################
[ReportManager] Target URL: [https://www.google.com/ncr], and after redirection: [www.google.com] @20-10-2021 01:59:34.0427 AM
[ReportManager] Initial URL: [data:,] @20-10-2021 01:59:34.0476 AM
[ReportManager] Browser Action [NavigateToURL] successfully performed. With the following test data [https://www.google.com/ncr]. @20-10-2021 01:59:35.0223 AM
[ReportManager] Waiting for element to be present; elementLocator [By.id: bla], numberOfTries[1], stateOfPresence[true]... @20-10-2021 01:59:35.0223 AM
[ReportManager] Element Action [WaitForElementToBePresent] failed. With the following test data [waited for the element's state of presence to be (true). Element locator (By.id: bla)]. @20-10-2021 01:59:40.0438 AM
[ReportManager] Successfully created attachment [Screenshot - 1634695180384_waitForElementToBePresent_true_expectedToFail_WaitForElementToBePresent_failed] @20-10-2021 01:59:40.0439 A
[ReportManager] Browser Action [CloseCurrentWindow] successfully performed. @20-10-2021 01:59:40.0555 AM
[ReportManager] Successfully created attachment [Browser Action Test Data - CloseCurrentWindow - Actual Value] @20-10-2021 01:59:40.0556 A
[ReportManager] File Action [GetAbsolutePath] successfully performed. With the following test data [Relative Folder Path: "target/downloadedFiles/"]. @20-10-2021 01:59:40.0558 AM
[ReportManager] Attempting to run remotely on: [Linux-64], [GoogleChrome], [http://localhost:4444/wd/hub], Headless Execution. @20-10-2021 01:59:40.0558 AM
[ReportManager] Successfully Opened [GoogleChrome]. @20-10-2021 01:59:40.0746 A

################################################################################################################################################
Starting Execution:	[67 out of 143] test cases in the current suite
Test Method:		[unitTests.tests_element_elementActions.waitForElementToBePresent_true_expectedToPass]
################################################################################################################################################
[ReportManager] Target URL: [https://www.google.com/ncr], and after redirection: [www.google.com] @20-10-2021 01:59:40.0759 AM
[ReportManager] Initial URL: [data:,] @20-10-2021 01:59:40.0796 AM
[ReportManager] Browser Action [NavigateToURL] successfully performed. With the following test data [https://www.google.com/ncr]. @20-10-2021 01:59:41.0529 AM
[ReportManager] Waiting for element to be present; elementLocator [By.xpath: //*[@id='hplogo' or @alt='Google']], numberOfTries[1], stateOfPresence[true]... @20-10-2021 01:59:41.0529 AM
[ReportManager] Element Action [WaitForElementToBePresent] successfully performed. With the following test data [waited for the element's state of presence to be (true). Element locator (By.xpath: //*[@id='hplogo' or @alt='Google'])]. @20-10-2021 01:59:41.0579 AM
[ReportManager] File Action [DoesFileExist] successfully performed. With the following test data [File Path: "src/test/resources/DynamicObjectRepository/unitTests_tests_element_elementActions_waitForElementToBePresent_true_expectedToPass_By_xpath_id_hplogo_or_alt_Google.png"]. @20-10-2021 01:59:41.0584 AM
[ReportManager] File Action [DoesFileExist] successfully performed. With the following test data [File Path: "src/test/resources/DynamicObjectRepository/unitTests_tests_element_elementActions_waitForElementToBePresent_true_expectedToPass_By_xpath_id_hplogo_or_alt_Google.png"]. @20-10-2021 01:59:41.0731 AM
[ReportManager] Passing the test and saving a reference image @20-10-2021 01:59:41.0731 AM
[ReportManager] File Action [GetAbsolutePath] successfully performed. With the following test data [Relative File Path: "src/test/resources/DynamicObjectRepository/unitTests_tests_element_elementActions_waitForElementToBePresent_true_expectedToPass_By_xpath_id_hplogo_or_alt_Google.png"]. @20-10-2021 01:59:41.0731 AM
[ReportManager] File Action [WriteToFile] successfully performed. With the following test data [Target File Path: "/home/runner/work/SHAFT_ENGINE/SHAFT_ENGINE/src/test/resources/DynamicObjectRepository/unitTests_tests_element_elementActions_waitForElementToBePresent_true_expectedToPass_By_xpath_id_hplogo_or_alt_Google.png"]. @20-10-2021 01:59:41.0732 AM
[ReportManager] Assertion Passed: Using Visual AI; OpenCV @20-10-2021 01:59:41.0732 AM
[ReportManager] Successfully created attachment [Validation Test Data - Actual Screenshot] @20-10-2021 01:59:41.0733 AM
[ReportManager] Assertion [ValidateElementMatches] PASSED. Expected [Element should match the reference screenshot] and Actual [TRUE]. Comparison Type [EXACT_OPENCV]. Validation Type [POSITIVE]. @20-10-2021 01:59:41.0733 A
[ReportManager] Browser Action [CloseCurrentWindow] successfully performed. @20-10-2021 01:59:41.0852 AM
[ReportManager] Successfully created attachment [Browser Action Test Data - CloseCurrentWindow - Actual Value] @20-10-2021 01:59:41.0853 A
[ReportManager] Successfully loaded the following test data file [src/test/resources/TestDataFiles/testSuite01/TestData.xlsx]. @20-10-2021 01:59:42.0488 AM
[ReportManager] Successfully created attachment [Test Data - Excel] @20-10-2021 01:59:42.0488 A

################################################################################################################################################
Starting Execution:	[68 out of 143] test cases in the current suite
Test Method:		[unitTests.tests_io_excelFileManager.getCellData_rowName_expectedToPass]
################################################################################################################################################
[ReportManager] testRowData. @20-10-2021 01:59:42.0500 A

################################################################################################################################################
Starting Execution:	[69 out of 143] test cases in the current suite
Test Method:		[testPackage01.Test_testData.f]
################################################################################################################################################
[ReportManager] Successfully loaded the following test data file [src/test/resources/TestDataFiles/testSuite01/TestData.xlsx]. @20-10-2021 01:59:42.0526 AM
[ReportManager] Successfully created attachment [Test Data - Excel] @20-10-2021 01:59:42.0527 AM
[ReportManager] Last Column Number is: [3]. Zero-based. @20-10-2021 01:59:42.0527 A

################################################################################################################################################
Starting Execution:	[70 out of 143] test cases in the current suite
Test Method:		[testPackage01.Test_SkipDueToIssue.doNotSkip]
################################################################################################################################################
[ReportManager] This should not be skipped. @20-10-2021 01:59:42.0531 A

################################################################################################################################################
Starting Execution:	[71 out of 143] test cases in the current suite
Test Method:		[testPackage01.Test_SkipDueToIssue.skip]
################################################################################################################################################
[ReportManager] This should be skipped. @20-10-2021 01:59:42.0537 A

################################################################################################################################################
Starting Execution:	[72 out of 143] test cases in the current suite
Test Method:		[testPackage01.Test_SkipDueToIssue.skip2]
################################################################################################################################################
[ReportManager] This should be skipped. @20-10-2021 01:59:42.0541 A

################################################################################################################################################
Starting Execution:	[73 out of 143] test cases in the current suite
Test Method:		[testPackage01.Test_chainableElementActions.chainElementActions]
################################################################################################################################################
[ReportManager] File Action [GetAbsolutePath] successfully performed. With the following test data [Relative Folder Path: "target/downloadedFiles/"]. @20-10-2021 01:59:42.0544 AM
[ReportManager] Attempting to run remotely on: [Linux-64], [GoogleChrome], [http://localhost:4444/wd/hub], Headless Execution. @20-10-2021 01:59:42.0545 AM
[ReportManager] Successfully Opened [GoogleChrome]. @20-10-2021 01:59:42.0728 AM
[ReportManager] Target URL: [https://www.google.com/ncr], and after redirection: [https://www.google.com] @20-10-2021 01:59:42.0742 AM
[ReportManager] Initial URL: [data:,] @20-10-2021 01:59:42.0781 AM
[ReportManager] Browser Action [NavigateToURL] successfully performed. With the following test data [https://www.google.com/ncr]. @20-10-2021 01:59:43.0537 AM
[ReportManager] Element Action [Type] successfully performed. With the following test data [chained type 1]. @20-10-2021 01:59:43.0834 AM
[ReportManager] Element Action [Type] successfully performed. With the following test data [chained type 2]. @20-10-2021 01:59:44.0133 AM
[ReportManager] Element Action [TypeAppend] successfully performed. With the following test data [345]. @20-10-2021 01:59:44.0211 AM
[ReportManager] Element Action [GetText] successfully performed. With the following test data [chained type 2345]. @20-10-2021 01:59:44.0325 AM
[ReportManager] Loaded Shared OpenCV @20-10-2021 01:59:44.0434 AM
[ReportManager] Assertion [ValidateElementAttribute] PASSED. Expected [Value Should be 'chained type 2345' for the 'text' attribute, element locator 'By.name: q'] and Actual [chained type 2345]. Comparison Type [EQUALS]. Validation Type [POSITIVE]. @20-10-2021 01:59:44.0500 AM
[ReportManager] Successfully created attachment [Screenshot - 1634695184433_chainElementActions_ValidateElementAttribute_passed] @20-10-2021 01:59:44.0501 AM
[ReportManager] Browser Action [CloseCurrentWindow] successfully performed. @20-10-2021 01:59:44.0611 AM
[ReportManager] Successfully created attachment [Browser Action Test Data - CloseCurrentWindow - Actual Value] @20-10-2021 01:59:44.0612 A

################################################################################################################################################
Starting Execution:	[74 out of 143] test cases in the current suite
Test Method:		[testPackage01.Test_NewValidationHelper.f1]
################################################################################################################################################
[ReportManager] Assertion Passed: Checking valid user data @20-10-2021 01:59:44.0617 AM
[ReportManager] Successfully created attachment [Validation Test Data - Expected Value] @20-10-2021 01:59:44.0617 AM
[ReportManager] Successfully created attachment [Validation Test Data - Actual Value] @20-10-2021 01:59:44.0617 AM
[ReportManager] Assertion [ValidateEquals] PASSED. Expected and Actual values are attached. Comparison Type [EQUALS]. Validation Type [POSITIVE]. @20-10-2021 01:59:44.0617 A
[ReportManager] File Action [GetAbsolutePath] successfully performed. With the following test data [Relative Folder Path: "target/downloadedFiles/"]. @20-10-2021 01:59:44.0622 AM
[ReportManager] Attempting to run remotely on: [Linux-64], [GoogleChrome], [http://localhost:4444/wd/hub], Headless Execution. @20-10-2021 01:59:44.0622 AM
[ReportManager] Successfully Opened [GoogleChrome]. @20-10-2021 01:59:44.0841 AM
[ReportManager] Target URL: [https://the-internet.herokuapp.com/] @20-10-2021 01:59:44.0854 AM
[ReportManager] Initial URL: [data:,] @20-10-2021 01:59:44.0894 AM
[ReportManager] Browser Action [NavigateToURL] successfully performed. With the following test data [https://the-internet.herokuapp.com/]. @20-10-2021 01:59:45.0622 A

################################################################################################################################################
Starting Execution:	[75 out of 143] test cases in the current suite
Test Method:		[testPackage01.Test_NewValidationHelper.f10]
################################################################################################################################################
[ReportManager] Assertion [ValidateElementExists] FAILED. Expected [Element Should Exist, locator 'By.tagName: div'] and Actual [Element Exists but is not unique]. Comparison Type [EQUALS]. Validation Type [POSITIVE]. @20-10-2021 01:59:45.0854 AM
[ReportManager] Successfully created attachment [Screenshot - 1634695185795_f10_ValidateElementExists_failed] @20-10-2021 01:59:45.0855 A
[ReportManager] Successfully Closed All Drivers. @20-10-2021 01:59:45.0929 A
[ReportManager] File Action [GetAbsolutePath] successfully performed. With the following test data [Relative Folder Path: "target/downloadedFiles/"]. @20-10-2021 01:59:45.0932 AM
[ReportManager] Attempting to run remotely on: [Linux-64], [GoogleChrome], [http://localhost:4444/wd/hub], Headless Execution. @20-10-2021 01:59:45.0932 AM
[ReportManager] Successfully Opened [GoogleChrome]. @20-10-2021 01:59:46.0133 AM
[ReportManager] Target URL: [https://the-internet.herokuapp.com/] @20-10-2021 01:59:46.0143 AM
[ReportManager] Initial URL: [data:,] @20-10-2021 01:59:46.0217 AM
[ReportManager] Browser Action [NavigateToURL] successfully performed. With the following test data [https://the-internet.herokuapp.com/]. @20-10-2021 01:59:46.0975 A

################################################################################################################################################
Starting Execution:	[76 out of 143] test cases in the current suite
Test Method:		[testPackage01.Test_NewValidationHelper.f11]
################################################################################################################################################
[ReportManager] Assertion Passed: Checking that false tag doesn't exist @20-10-2021 01:59:57.0319 AM
[ReportManager] Successfully created attachment [Screenshot - 1634695197256_f11_ValidateElementExists_passed] @20-10-2021 01:59:57.0320 AM
[ReportManager] Assertion [ValidateElementExists] PASSED. Expected [Element Should not Exist, locator 'By.tagName: h3'] and Actual [Element Doesn't Exists]. Comparison Type [EQUALS]. Validation Type [NEGATIVE]. @20-10-2021 01:59:57.0320 A
[ReportManager] Successfully Closed All Drivers. @20-10-2021 01:59:57.0391 A
[ReportManager] File Action [GetAbsolutePath] successfully performed. With the following test data [Relative Folder Path: "target/downloadedFiles/"]. @20-10-2021 01:59:57.0394 AM
[ReportManager] Attempting to run remotely on: [Linux-64], [GoogleChrome], [http://localhost:4444/wd/hub], Headless Execution. @20-10-2021 01:59:57.0395 AM
[ReportManager] Successfully Opened [GoogleChrome]. @20-10-2021 01:59:57.0569 AM
[ReportManager] Target URL: [https://the-internet.herokuapp.com/] @20-10-2021 01:59:57.0579 AM
[ReportManager] Initial URL: [data:,] @20-10-2021 01:59:57.0612 AM
[ReportManager] Browser Action [NavigateToURL] successfully performed. With the following test data [https://the-internet.herokuapp.com/]. @20-10-2021 01:59:58.0313 A

################################################################################################################################################
Starting Execution:	[77 out of 143] test cases in the current suite
Test Method:		[testPackage01.Test_NewValidationHelper.f12]
################################################################################################################################################
[ReportManager] Loaded Shared OpenCV @20-10-2021 01:59:58.0491 AM
[ReportManager] Assertion [ValidateElementExists] FAILED. Expected [Element Should not Exist, locator 'By.tagName: h1'] and Actual [Element Exists]. Comparison Type [EQUALS]. Validation Type [NEGATIVE]. @20-10-2021 01:59:58.0563 AM
[ReportManager] Successfully created attachment [Screenshot - 1634695198491_f12_ValidateElementExists_failed] @20-10-2021 01:59:58.0564 A
[ReportManager] Successfully Closed All Drivers. @20-10-2021 01:59:58.0638 A
[ReportManager] File Action [GetAbsolutePath] successfully performed. With the following test data [Relative Folder Path: "target/downloadedFiles/"]. @20-10-2021 01:59:58.0640 AM
[ReportManager] Attempting to run remotely on: [Linux-64], [GoogleChrome], [http://localhost:4444/wd/hub], Headless Execution. @20-10-2021 01:59:58.0640 AM
[ReportManager] Successfully Opened [GoogleChrome]. @20-10-2021 01:59:58.0820 AM
[ReportManager] Target URL: [https://the-internet.herokuapp.com/] @20-10-2021 01:59:58.0830 AM
[ReportManager] Initial URL: [data:,] @20-10-2021 01:59:58.0871 AM
[ReportManager] Browser Action [NavigateToURL] successfully performed. With the following test data [https://the-internet.herokuapp.com/]. @20-10-2021 01:59:59.0533 A

################################################################################################################################################
Starting Execution:	[78 out of 143] test cases in the current suite
Test Method:		[testPackage01.Test_NewValidationHelper.f13]
################################################################################################################################################
[ReportManager] Assertion [ValidateElementExists] FAILED. Expected [Element Should not Exist, locator 'By.tagName: div'] and Actual [Element Exists but is not unique]. Comparison Type [EQUALS]. Validation Type [NEGATIVE]. @20-10-2021 01:59:59.0750 AM
[ReportManager] Successfully created attachment [Screenshot - 1634695199691_f13_ValidateElementExists_failed] @20-10-2021 01:59:59.0751 A
[ReportManager] Successfully Closed All Drivers. @20-10-2021 01:59:59.0828 A
[ReportManager] File Action [GetAbsolutePath] successfully performed. With the following test data [Relative Folder Path: "target/downloadedFiles/"]. @20-10-2021 01:59:59.0830 AM
[ReportManager] Attempting to run remotely on: [Linux-64], [GoogleChrome], [http://localhost:4444/wd/hub], Headless Execution. @20-10-2021 01:59:59.0832 AM
[ReportManager] Successfully Opened [GoogleChrome]. @20-10-2021 02:00:00.0015 AM
[ReportManager] Target URL: [https://the-internet.herokuapp.com/] @20-10-2021 02:00:00.0027 AM
[ReportManager] Initial URL: [data:,] @20-10-2021 02:00:00.0071 AM
[ReportManager] Browser Action [NavigateToURL] successfully performed. With the following test data [https://the-internet.herokuapp.com/]. @20-10-2021 02:00:00.0769 A

################################################################################################################################################
Starting Execution:	[79 out of 143] test cases in the current suite
Test Method:		[testPackage01.Test_NewValidationHelper.f14]
################################################################################################################################################
[ReportManager] Element Action [GetText] successfully performed. With the following test data [Welcome to the-internet]. @20-10-2021 02:00:00.0841 AM
[ReportManager] Loaded Shared OpenCV @20-10-2021 02:00:00.0957 AM
[ReportManager] Assertion Passed: Asserting that the header text is correct @20-10-2021 02:00:01.0029 AM
[ReportManager] Successfully created attachment [Screenshot - 1634695200957_f14_ValidateElementAttribute_passed] @20-10-2021 02:00:01.0030 AM
[ReportManager] Assertion [ValidateElementAttribute] PASSED. Expected [Value Should be 'Welcome to the-internet' for the 'text' attribute, element locator 'By.tagName: h1'] and Actual [Welcome to the-internet]. Comparison Type [EQUALS]. Validation Type [POSITIVE]. @20-10-2021 02:00:01.0030 A
[ReportManager] Successfully Closed All Drivers. @20-10-2021 02:00:01.0105 A
[ReportManager] File Action [GetAbsolutePath] successfully performed. With the following test data [Relative Folder Path: "target/downloadedFiles/"]. @20-10-2021 02:00:01.0110 AM
[ReportManager] Attempting to run remotely on: [Linux-64], [GoogleChrome], [http://localhost:4444/wd/hub], Headless Execution. @20-10-2021 02:00:01.0114 AM
[ReportManager] Successfully Opened [GoogleChrome]. @20-10-2021 02:00:01.0276 AM
[ReportManager] Target URL: [https://the-internet.herokuapp.com/] @20-10-2021 02:00:01.0286 AM
[ReportManager] Initial URL: [data:,] @20-10-2021 02:00:01.0320 AM
[ReportManager] Browser Action [NavigateToURL] successfully performed. With the following test data [https://the-internet.herokuapp.com/]. @20-10-2021 02:00:02.0003 A

################################################################################################################################################
Starting Execution:	[80 out of 143] test cases in the current suite
Test Method:		[testPackage01.Test_NewValidationHelper.f15]
################################################################################################################################################
[ReportManager] Element Action [GetText] successfully performed. With the following test data [Welcome to the-internet]. @20-10-2021 02:00:02.0075 AM
[ReportManager] Loaded Shared OpenCV @20-10-2021 02:00:02.0194 AM
[ReportManager] Assertion [ValidateElementAttribute] FAILED. Expected [Value Should not be 'Welcome' for the 'text' attribute, element locator 'By.tagName: h1'] and Actual [Welcome to the-internet]. Comparison Type [CONTAINS]. Validation Type [NEGATIVE]. @20-10-2021 02:00:02.0267 AM
[ReportManager] Successfully created attachment [Screenshot - 1634695202194_f15_ValidateElementAttribute_failed] @20-10-2021 02:00:02.0268 A
[ReportManager] Successfully Closed All Drivers. @20-10-2021 02:00:02.0342 A
[ReportManager] File Action [GetAbsolutePath] successfully performed. With the following test data [Relative Folder Path: "target/downloadedFiles/"]. @20-10-2021 02:00:02.0344 AM
[ReportManager] Attempting to run remotely on: [Linux-64], [GoogleChrome], [http://localhost:4444/wd/hub], Headless Execution. @20-10-2021 02:00:02.0344 AM
[ReportManager] Successfully Opened [GoogleChrome]. @20-10-2021 02:00:02.0527 AM
[ReportManager] Target URL: [https://the-internet.herokuapp.com/] @20-10-2021 02:00:02.0552 AM
[ReportManager] Initial URL: [data:,] @20-10-2021 02:00:02.0586 AM
[ReportManager] Browser Action [NavigateToURL] successfully performed. With the following test data [https://the-internet.herokuapp.com/]. @20-10-2021 02:00:03.0255 A

################################################################################################################################################
Starting Execution:	[81 out of 143] test cases in the current suite
Test Method:		[testPackage01.Test_NewValidationHelper.f16]
################################################################################################################################################
[ReportManager] Element Action [IdentifyUniqueElement] failed. With the following test data [zero elements found matching this locator "By.tagName: h3".]. @20-10-2021 02:00:28.0801 AM
[ReportManager] Successfully created attachment [Screenshot - 1634695228743_f16_IdentifyUniqueElement_failed] @20-10-2021 02:00:28.0802 AM
[ReportManager] Assertion [ValidateElementAttribute] FAILED. Expected [Value Should not be 'Welcome' for the 'text' attribute, element locator 'By.tagName: h3'] and Actual [Failed to read the desired element attribute]. Comparison Type [CONTAINS]. Validation Type [NEGATIVE]. @20-10-2021 02:00:28.0803 A
[ReportManager] Successfully Closed All Drivers. @20-10-2021 02:00:28.0875 A
[ReportManager] File Action [GetAbsolutePath] successfully performed. With the following test data [Relative Folder Path: "target/downloadedFiles/"]. @20-10-2021 02:00:28.0877 AM
[ReportManager] Attempting to run remotely on: [Linux-64], [GoogleChrome], [http://localhost:4444/wd/hub], Headless Execution. @20-10-2021 02:00:28.0878 AM
[ReportManager] Successfully Opened [GoogleChrome]. @20-10-2021 02:00:29.0067 AM
[ReportManager] Target URL: [https://the-internet.herokuapp.com/] @20-10-2021 02:00:29.0078 AM
[ReportManager] Initial URL: [data:,] @20-10-2021 02:00:29.0119 AM
[ReportManager] Browser Action [NavigateToURL] successfully performed. With the following test data [https://the-internet.herokuapp.com/]. @20-10-2021 02:00:29.0828 A

################################################################################################################################################
Starting Execution:	[82 out of 143] test cases in the current suite
Test Method:		[testPackage01.Test_NewValidationHelper.f17]
################################################################################################################################################
[ReportManager] Attempting to getAttribute [text2] from elementLocator [By.tagName: h1]. @20-10-2021 02:00:29.0833 AM
[ReportManager] Element Action [GetAttribute] successfully performed. @20-10-2021 02:00:29.0904 AM
[ReportManager] Loaded Shared OpenCV @20-10-2021 02:00:30.0043 AM
[ReportManager] Assertion [ValidateElementAttribute] PASSED. Expected [Value Should not be 'Welcome' for the 'text2' attribute, element locator 'By.tagName: h1'] and Actual [null]. Comparison Type [CONTAINS]. Validation Type [NEGATIVE]. @20-10-2021 02:00:30.0135 AM
[ReportManager] Successfully created attachment [Screenshot - 1634695230043_f17_ValidateElementAttribute_passed] @20-10-2021 02:00:30.0136 A
[ReportManager] Successfully Closed All Drivers. @20-10-2021 02:00:30.0215 A
[ReportManager] File Action [GetAbsolutePath] successfully performed. With the following test data [Relative Folder Path: "target/downloadedFiles/"]. @20-10-2021 02:00:30.0222 AM
[ReportManager] Attempting to run remotely on: [Linux-64], [GoogleChrome], [http://localhost:4444/wd/hub], Headless Execution. @20-10-2021 02:00:30.0223 AM
[ReportManager] Successfully Opened [GoogleChrome]. @20-10-2021 02:00:30.0417 AM
[ReportManager] Target URL: [https://the-internet.herokuapp.com/] @20-10-2021 02:00:30.0428 AM
[ReportManager] Initial URL: [data:,] @20-10-2021 02:00:30.0470 AM
[ReportManager] Browser Action [NavigateToURL] successfully performed. With the following test data [https://the-internet.herokuapp.com/]. @20-10-2021 02:00:31.0167 A

################################################################################################################################################
Starting Execution:	[83 out of 143] test cases in the current suite
Test Method:		[testPackage01.Test_NewValidationHelper.f18]
################################################################################################################################################
[ReportManager] Element Action [GetText] successfully performed. With the following test data [Welcome to the-internet]. @20-10-2021 02:00:31.0239 AM
[ReportManager] Loaded Shared OpenCV @20-10-2021 02:00:31.0375 AM
[ReportManager] Assertion [ValidateElementAttribute] PASSED. Expected [Value Should not be 'no' for the 'text' attribute, element locator 'By.tagName: h1'] and Actual [Welcome to the-internet]. Comparison Type [CONTAINS]. Validation Type [NEGATIVE]. @20-10-2021 02:00:31.0447 AM
[ReportManager] Successfully created attachment [Screenshot - 1634695231375_f18_ValidateElementAttribute_passed] @20-10-2021 02:00:31.0448 A
[ReportManager] Successfully Closed All Drivers. @20-10-2021 02:00:31.0520 A

################################################################################################################################################
Starting Execution:	[84 out of 143] test cases in the current suite
Test Method:		[testPackage01.Test_NewValidationHelper.f2]
################################################################################################################################################
[ReportManager] Assertion Failed: Checking valid user data @20-10-2021 02:00:31.0524 AM
[ReportManager] Assertion [ValidateEquals] FAILED. Expected [1] and Actual [2]. Comparison Type [EQUALS]. Validation Type [POSITIVE]. @20-10-2021 02:00:31.0524 A
[ReportManager] File Action [GetAbsolutePath] successfully performed. With the following test data [Relative Folder Path: "target/downloadedFiles/"]. @20-10-2021 02:00:31.0527 AM
[ReportManager] Attempting to run remotely on: [Linux-64], [GoogleChrome], [http://localhost:4444/wd/hub], Headless Execution. @20-10-2021 02:00:31.0527 AM
[ReportManager] Successfully Opened [GoogleChrome]. @20-10-2021 02:00:31.0703 AM
[ReportManager] Target URL: [https://the-internet.herokuapp.com/] @20-10-2021 02:00:31.0723 AM
[ReportManager] Initial URL: [data:,] @20-10-2021 02:00:31.0759 AM
[ReportManager] Browser Action [NavigateToURL] successfully performed. With the following test data [https://the-internet.herokuapp.com/]. @20-10-2021 02:00:32.0446 A

################################################################################################################################################
Starting Execution:	[85 out of 143] test cases in the current suite
Test Method:		[testPackage01.Test_NewValidationHelper.f20]
################################################################################################################################################
[ReportManager] Element Action [GetSize] successfully performed. With the following test data [(755, 61)]. @20-10-2021 02:00:32.0520 AM
[ReportManager] Loaded Shared OpenCV @20-10-2021 02:00:32.0658 AM
[ReportManager] Assertion [ValidateElementAttribute] PASSED. Expected [Value Should not be 'a' for the 'size' attribute, element locator 'By.tagName: h1'] and Actual [(755, 61)]. Comparison Type [CONTAINS]. Validation Type [NEGATIVE]. @20-10-2021 02:00:32.0729 AM
[ReportManager] Successfully created attachment [Screenshot - 1634695232657_f20_ValidateElementAttribute_passed] @20-10-2021 02:00:32.0730 A
[ReportManager] Successfully Closed All Drivers. @20-10-2021 02:00:32.0805 A
[ReportManager] File Action [GetAbsolutePath] successfully performed. With the following test data [Relative Folder Path: "target/downloadedFiles/"]. @20-10-2021 02:00:32.0807 AM
[ReportManager] Attempting to run remotely on: [Linux-64], [GoogleChrome], [http://localhost:4444/wd/hub], Headless Execution. @20-10-2021 02:00:32.0807 AM
[ReportManager] Successfully Opened [GoogleChrome]. @20-10-2021 02:00:32.0991 AM
[ReportManager] Target URL: [https://the-internet.herokuapp.com/] @20-10-2021 02:00:33.0008 AM
[ReportManager] Initial URL: [data:,] @20-10-2021 02:00:33.0055 AM
[ReportManager] Browser Action [NavigateToURL] successfully performed. With the following test data [https://the-internet.herokuapp.com/]. @20-10-2021 02:00:33.0765 A

################################################################################################################################################
Starting Execution:	[86 out of 143] test cases in the current suite
Test Method:		[testPackage01.Test_NewValidationHelper.f21]
################################################################################################################################################
[ReportManager] Element Action [IdentifyUniqueElement] failed. With the following test data [zero elements found matching this locator "By.tagName: h3".]. @20-10-2021 02:00:59.0325 AM
[ReportManager] Successfully created attachment [Screenshot - 1634695259267_f21_IdentifyUniqueElement_failed] @20-10-2021 02:00:59.0326 AM
[ReportManager] Assertion [ValidateElementAttribute] FAILED. Expected [Value Should be 'Welcome' for the 'text' attribute, element locator 'By.tagName: h3'] and Actual [Failed to read the desired element attribute]. Comparison Type [CONTAINS]. Validation Type [POSITIVE]. @20-10-2021 02:00:59.0326 A
[ReportManager] Successfully Closed All Drivers. @20-10-2021 02:00:59.0411 A
[ReportManager] File Action [GetAbsolutePath] successfully performed. With the following test data [Relative Folder Path: "target/downloadedFiles/"]. @20-10-2021 02:00:59.0415 AM
[ReportManager] Attempting to run remotely on: [Linux-64], [GoogleChrome], [http://localhost:4444/wd/hub], Headless Execution. @20-10-2021 02:00:59.0416 AM
[ReportManager] Successfully Opened [GoogleChrome]. @20-10-2021 02:00:59.0600 AM
[ReportManager] Target URL: [https://the-internet.herokuapp.com/] @20-10-2021 02:00:59.0613 AM
[ReportManager] Initial URL: [data:,] @20-10-2021 02:00:59.0649 AM
[ReportManager] Browser Action [NavigateToURL] successfully performed. With the following test data [https://the-internet.herokuapp.com/]. @20-10-2021 02:01:00.0365 A

################################################################################################################################################
Starting Execution:	[87 out of 143] test cases in the current suite
Test Method:		[testPackage01.Test_NewValidationHelper.f22]
################################################################################################################################################
[ReportManager] Element Action [GetText] successfully performed. With the following test data [Welcome to the-internet]. @20-10-2021 02:01:00.0459 AM
[ReportManager] Loaded Shared OpenCV @20-10-2021 02:01:00.0592 AM
[ReportManager] Assertion [ValidateElementAttribute] FAILED. Expected [Value Should be 'yyy' for the 'text' attribute, element locator 'By.tagName: h1'] and Actual [Welcome to the-internet]. Comparison Type [CONTAINS]. Validation Type [POSITIVE]. @20-10-2021 02:01:00.0664 AM
[ReportManager] Successfully created attachment [Screenshot - 1634695260591_f22_ValidateElementAttribute_failed] @20-10-2021 02:01:00.0665 A
[ReportManager] Successfully Closed All Drivers. @20-10-2021 02:01:00.0783 A

################################################################################################################################################
Starting Execution:	[88 out of 143] test cases in the current suite
Test Method:		[testPackage01.Test_NewValidationHelper.f23]
################################################################################################################################################
[ReportManager] Assertion Passed: confirming that the actual is greater than or equal to the expected @20-10-2021 02:01:00.0787 AM
[ReportManager] Assertion [ValidateComparativeRelation] PASSED. Expected [1] and Actual [1]. Comparison Type [GREATER_THAN_OR_EQUALS]. Validation Type [POSITIVE]. @20-10-2021 02:01:00.0787 A

################################################################################################################################################
Starting Execution:	[89 out of 143] test cases in the current suite
Test Method:		[testPackage01.Test_NewValidationHelper.f24]
################################################################################################################################################
[ReportManager] Assertion [ValidateComparativeRelation] PASSED. Expected [1] and Actual [10]. Comparison Type [GREATER_THAN_OR_EQUALS]. Validation Type [POSITIVE]. @20-10-2021 02:01:00.0792 A

################################################################################################################################################
Starting Execution:	[90 out of 143] test cases in the current suite
Test Method:		[testPackage01.Test_NewValidationHelper.f25]
################################################################################################################################################
[ReportManager] Assertion [ValidateComparativeRelation] PASSED. Expected [1] and Actual [1]. Comparison Type [EQUALS]. Validation Type [POSITIVE]. @20-10-2021 02:01:00.0795 A

################################################################################################################################################
Starting Execution:	[91 out of 143] test cases in the current suite
Test Method:		[testPackage01.Test_NewValidationHelper.f26]
################################################################################################################################################
[ReportManager] Assertion [ValidateComparativeRelation] PASSED. Expected [1] and Actual [5]. Comparison Type [GREATER_THAN]. Validation Type [POSITIVE]. @20-10-2021 02:01:00.0799 A

################################################################################################################################################
Starting Execution:	[92 out of 143] test cases in the current suite
Test Method:		[testPackage01.Test_NewValidationHelper.f27]
################################################################################################################################################
[ReportManager] Assertion [ValidateComparativeRelation] PASSED. Expected [11] and Actual [5]. Comparison Type [LESS_THAN]. Validation Type [POSITIVE]. @20-10-2021 02:01:00.0803 A

################################################################################################################################################
Starting Execution:	[93 out of 143] test cases in the current suite
Test Method:		[testPackage01.Test_NewValidationHelper.f28]
################################################################################################################################################
[ReportManager] Assertion [ValidateComparativeRelation] PASSED. Expected [11] and Actual [5]. Comparison Type [LESS_THAN_OR_EQUALS]. Validation Type [POSITIVE]. @20-10-2021 02:01:00.0806 A

################################################################################################################################################
Starting Execution:	[94 out of 143] test cases in the current suite
Test Method:		[testPackage01.Test_NewValidationHelper.f29]
################################################################################################################################################
[ReportManager] Assertion [ValidateComparativeRelation] PASSED. Expected [11] and Actual [11]. Comparison Type [LESS_THAN_OR_EQUALS]. Validation Type [POSITIVE]. @20-10-2021 02:01:00.0809 A

################################################################################################################################################
Starting Execution:	[95 out of 143] test cases in the current suite
Test Method:		[testPackage01.Test_NewValidationHelper.f3]
################################################################################################################################################
[ReportManager] Assertion [ValidateEquals] PASSED. Expected [1] and Actual [2]. Comparison Type [EQUALS]. Validation Type [NEGATIVE]. @20-10-2021 02:01:00.0812 A

################################################################################################################################################
Starting Execution:	[96 out of 143] test cases in the current suite
Test Method:		[testPackage01.Test_NewValidationHelper.f30]
################################################################################################################################################
[ReportManager] Assertion [ValidateComparativeRelation] FAILED. Expected [-9] and Actual [11]. Comparison Type [LESS_THAN_OR_EQUALS]. Validation Type [POSITIVE]. @20-10-2021 02:01:00.0815 A

################################################################################################################################################
Starting Execution:	[97 out of 143] test cases in the current suite
Test Method:		[testPackage01.Test_NewValidationHelper.f31]
################################################################################################################################################
[ReportManager] Assertion [ValidateTrue] PASSED. Expected [TRUE] and Actual [TRUE]. Validation Type [POSITIVE]. @20-10-2021 02:01:00.0818 A

################################################################################################################################################
Starting Execution:	[98 out of 143] test cases in the current suite
Test Method:		[testPackage01.Test_NewValidationHelper.f32]
################################################################################################################################################
[ReportManager] Assertion [ValidateTrue] PASSED. Expected [FALSE] and Actual [FALSE]. Validation Type [NEGATIVE]. @20-10-2021 02:01:00.0821 A

################################################################################################################################################
Starting Execution:	[99 out of 143] test cases in the current suite
Test Method:		[testPackage01.Test_NewValidationHelper.f33]
################################################################################################################################################
[ReportManager] Assertion [ValidateTrue] FAILED. Expected [FALSE] and Actual [TRUE]. Validation Type [NEGATIVE]. @20-10-2021 02:01:00.0824 A

################################################################################################################################################
Starting Execution:	[100 out of 143] test cases in the current suite
Test Method:		[testPackage01.Test_NewValidationHelper.f34]
################################################################################################################################################
[ReportManager] Assertion [ValidateTrue] FAILED. Expected [TRUE] and Actual [FALSE]. Validation Type [POSITIVE]. @20-10-2021 02:01:00.0827 A

################################################################################################################################################
Starting Execution:	[101 out of 143] test cases in the current suite
Test Method:		[testPackage01.Test_NewValidationHelper.f35]
################################################################################################################################################
[ReportManager] File Action [DoesFileExist] successfully performed. With the following test data [File Path: "pom.xml"]. @20-10-2021 02:01:00.0829 AM
[ReportManager] Assertion [ValidateFileExists] PASSED. Expected [File 'pom.xml' should exist, after up to '1' retries] and Actual [File exists]. Validation Type [POSITIVE]. @20-10-2021 02:01:00.0829 A

################################################################################################################################################
Starting Execution:	[102 out of 143] test cases in the current suite
Test Method:		[testPackage01.Test_NewValidationHelper.f36]
################################################################################################################################################
[ReportManager] File Action [DoesFileExist] successfully performed. With the following test data [File Path: "src/test/java/testPackage01/Test_NewValidationHelper.java"]. @20-10-2021 02:01:00.0831 AM
[ReportManager] Assertion [ValidateFileExists] PASSED. Expected [File 'src/test/java/testPackage01/Test_NewValidationHelper.java' should exist, after up to '1' retries] and Actual [File exists]. Validation Type [POSITIVE]. @20-10-2021 02:01:00.0831 A

################################################################################################################################################
Starting Execution:	[103 out of 143] test cases in the current suite
Test Method:		[testPackage01.Test_NewValidationHelper.f37]
################################################################################################################################################
[ReportManager] File Action [DoesFileExist] successfully performed. With the following test data [File Path: "pom.xml"]. @20-10-2021 02:01:00.0833 AM
[ReportManager] Assertion Failed: confirming that the file does't exist after 5 retries @20-10-2021 02:01:00.0833 AM
[ReportManager] Assertion [ValidateFileExists] FAILED. Expected [File 'pom.xml' should not exist, after up to '5' retries] and Actual [File exists]. Validation Type [NEGATIVE]. @20-10-2021 02:01:00.0833 A

################################################################################################################################################
Starting Execution:	[104 out of 143] test cases in the current suite
Test Method:		[testPackage01.Test_NewValidationHelper.f3_1]
################################################################################################################################################
[ReportManager] Assertion Passed: Checking valid user data @20-10-2021 02:01:00.0836 AM
[ReportManager] Assertion [ValidateEquals] PASSED. Expected [null] and Actual [null]. Comparison Type [EQUALS]. Validation Type [POSITIVE]. @20-10-2021 02:01:00.0836 A

################################################################################################################################################
Starting Execution:	[105 out of 143] test cases in the current suite
Test Method:		[testPackage01.Test_NewValidationHelper.f4]
################################################################################################################################################
[ReportManager] Assertion [ValidateEquals] PASSED. Expected [1] and Actual [123]. Comparison Type [CONTAINS]. Validation Type [POSITIVE]. @20-10-2021 02:01:00.0837 A

################################################################################################################################################
Starting Execution:	[106 out of 143] test cases in the current suite
Test Method:		[testPackage01.Test_NewValidationHelper.f5]
################################################################################################################################################
[ReportManager] Assertion [ValidateNull] PASSED. Expected [NULL] and Actual [1]. Comparison Type [EQUALS]. Validation Type [NEGATIVE]. @20-10-2021 02:01:00.0839 A

################################################################################################################################################
Starting Execution:	[107 out of 143] test cases in the current suite
Test Method:		[testPackage01.Test_NewValidationHelper.f6]
################################################################################################################################################
[ReportManager] Assertion Failed: Making sure that null string is not equal to null object @20-10-2021 02:01:00.0841 AM
[ReportManager] Assertion [ValidateNull] FAILED. Expected [NULL] and Actual [NULL]. Comparison Type [EQUALS]. Validation Type [POSITIVE]. @20-10-2021 02:01:00.0841 A

################################################################################################################################################
Starting Execution:	[108 out of 143] test cases in the current suite
Test Method:		[testPackage01.Test_NewValidationHelper.f6_1]
################################################################################################################################################
[ReportManager] Assertion [ValidateNull] FAILED. Expected [NULL] and Actual [NULL]. Comparison Type [EQUALS]. Validation Type [NEGATIVE]. @20-10-2021 02:01:00.0843 A

################################################################################################################################################
Starting Execution:	[109 out of 143] test cases in the current suite
Test Method:		[testPackage01.Test_NewValidationHelper.f6_2]
################################################################################################################################################
[ReportManager] Assertion Failed: Making sure that null string is not equal to null object @20-10-2021 02:01:00.0845 AM
[ReportManager] Assertion [ValidateNull] FAILED. Expected [NULL] and Actual [not null]. Comparison Type [EQUALS]. Validation Type [POSITIVE]. @20-10-2021 02:01:00.0845 A

################################################################################################################################################
Starting Execution:	[110 out of 143] test cases in the current suite
Test Method:		[testPackage01.Test_NewValidationHelper.f7]
################################################################################################################################################
[ReportManager] Assertion [ValidateNull] PASSED. Expected [NULL] and Actual [NULL]. Comparison Type [EQUALS]. Validation Type [POSITIVE]. @20-10-2021 02:01:00.0847 A
[ReportManager] File Action [GetAbsolutePath] successfully performed. With the following test data [Relative Folder Path: "target/downloadedFiles/"]. @20-10-2021 02:01:00.0848 AM
[ReportManager] Attempting to run remotely on: [Linux-64], [GoogleChrome], [http://localhost:4444/wd/hub], Headless Execution. @20-10-2021 02:01:00.0849 AM
[ReportManager] Successfully Opened [GoogleChrome]. @20-10-2021 02:01:01.0048 AM
[ReportManager] Target URL: [https://the-internet.herokuapp.com/] @20-10-2021 02:01:01.0067 AM
[ReportManager] Initial URL: [data:,] @20-10-2021 02:01:01.0103 AM
[ReportManager] Browser Action [NavigateToURL] successfully performed. With the following test data [https://the-internet.herokuapp.com/]. @20-10-2021 02:01:01.0791 A

################################################################################################################################################
Starting Execution:	[111 out of 143] test cases in the current suite
Test Method:		[testPackage01.Test_NewValidationHelper.f8]
################################################################################################################################################
[ReportManager] Loaded Shared OpenCV @20-10-2021 02:01:01.0992 AM
[ReportManager] Assertion [ValidateElementExists] PASSED. Expected [Element Should Exist, locator 'By.tagName: h1'] and Actual [Element Exists]. Comparison Type [EQUALS]. Validation Type [POSITIVE]. @20-10-2021 02:01:02.0064 AM
[ReportManager] Successfully created attachment [Screenshot - 1634695261992_f8_ValidateElementExists_passed] @20-10-2021 02:01:02.0065 A
[ReportManager] Successfully Closed All Drivers. @20-10-2021 02:01:02.0143 A
[ReportManager] File Action [GetAbsolutePath] successfully performed. With the following test data [Relative Folder Path: "target/downloadedFiles/"]. @20-10-2021 02:01:02.0145 AM
[ReportManager] Attempting to run remotely on: [Linux-64], [GoogleChrome], [http://localhost:4444/wd/hub], Headless Execution. @20-10-2021 02:01:02.0145 AM
[ReportManager] Successfully Opened [GoogleChrome]. @20-10-2021 02:01:02.0333 AM
[ReportManager] Target URL: [https://the-internet.herokuapp.com/] @20-10-2021 02:01:02.0344 AM
[ReportManager] Initial URL: [data:,] @20-10-2021 02:01:02.0384 AM
[ReportManager] Browser Action [NavigateToURL] successfully performed. With the following test data [https://the-internet.herokuapp.com/]. @20-10-2021 02:01:03.0112 A

################################################################################################################################################
Starting Execution:	[112 out of 143] test cases in the current suite
Test Method:		[testPackage01.Test_NewValidationHelper.f9]
################################################################################################################################################
[ReportManager] Assertion [ValidateElementExists] FAILED. Expected [Element Should Exist, locator 'By.tagName: h3'] and Actual [Element Doesn't Exists]. Comparison Type [EQUALS]. Validation Type [POSITIVE]. @20-10-2021 02:01:33.0780 AM
[ReportManager] Successfully created attachment [Screenshot - 1634695293723_f9_ValidateElementExists_failed] @20-10-2021 02:01:33.0781 A
[ReportManager] Successfully Closed All Drivers. @20-10-2021 02:01:33.0870 A

################################################################################################################################################
Starting Execution:	[113 out of 143] test cases in the current suite
Test Method:		[testPackage01.Test_NewValidationHelper.forceFail]
################################################################################################################################################
[ReportManager] Assertion [ValidateFail] FAILED. Successfully force failed the test. @20-10-2021 02:01:33.0873 A

################################################################################################################################################
Starting Execution:	[114 out of 143] test cases in the current suite
Test Method:		[testPackage01.Test_NewValidationHelper.forceFail2]
################################################################################################################################################
[ReportManager] Assertion Failed: Custom Message @20-10-2021 02:01:33.0877 AM
[ReportManager] Assertion [ValidateFail] FAILED. Successfully force failed the test. @20-10-2021 02:01:33.0877 A

################################################################################################################################################
Starting Execution:	[115 out of 143] test cases in the current suite
Test Method:		[testPackage01.Test_sendGraphqlRequest.sendGraphqlRequestUsingMutationAndVariables]
################################################################################################################################################
[ReportManager] GraphQl Request is being Performed with the Following Parameters [Service URL: https://api.spacex.land/graphql | Request Body: {"variables":"{\"name\": \"sherlock holmes\",\"rocket\": \"221B Baker Street\"}","query":"mutation ($name: String, $rocket: String) {\n  insert_users(objects: {name: $name, rocket: $rocket}) {\n    returning {\n      name\n      rocket\n    }\n  }\n}"}] @20-10-2021 02:01:33.0881 AM
[ReportManager] Response status code: [200], status line: [HTTP/1.1 200 OK] @20-10-2021 02:01:34.0451 AM
[ReportManager] Assertion Passed: Evaluating the actual response status code against the expected one... @20-10-2021 02:01:34.0451 AM
[ReportManager] Assertion [ValidateEquals] PASSED. Expected [200] and Actual [200]. Comparison Type [EQUALS]. Validation Type [POSITIVE]. @20-10-2021 02:01:34.0451 AM
[ReportManager] API Action [PerformRequest] successfully performed. With the following test data [Request Type: "POST" | Target Status Code: "200" | Service URL: "https://api.spacex.land/graphql" | Content Type: "application/json" | Response Time: "499ms"]. @20-10-2021 02:01:34.0464 AM
[ReportManager] Successfully created attachment [API Request - Specifications] @20-10-2021 02:01:34.0464 AM
[ReportManager] Successfully created attachment [API Request - JSON Body] @20-10-2021 02:01:34.0465 AM
[ReportManager] Successfully created attachment [API Response - JSON Body] @20-10-2021 02:01:34.0465 AM
[ReportManager] API Action [GetResponseJSONValue] successfully performed. With the following test data [data.insert_users.returning[0].name]. @20-10-2021 02:01:34.0520 AM
[ReportManager] Assertion [ValidateEquals] PASSED. Expected [sherlock holmes] and Actual [sherlock holmes]. Comparison Type [EQUALS]. Validation Type [POSITIVE]. @20-10-2021 02:01:34.0520 A

################################################################################################################################################
Starting Execution:	[116 out of 143] test cases in the current suite
Test Method:		[testPackage01.Test_sendGraphqlRequest.sendGraphqlRequestUsingQuery]
################################################################################################################################################
[ReportManager] GraphQl Request is being Performed with the Following Parameters [Service URL: https://api.spacex.land/graphql | Request Body: {"query":"{company {ceo}}"}] @20-10-2021 02:01:34.0523 AM
[ReportManager] Response status code: [200], status line: [HTTP/1.1 200 OK] @20-10-2021 02:01:34.0705 AM
[ReportManager] Assertion Passed: Evaluating the actual response status code against the expected one... @20-10-2021 02:01:34.0705 AM
[ReportManager] Assertion [ValidateEquals] PASSED. Expected [200] and Actual [200]. Comparison Type [EQUALS]. Validation Type [POSITIVE]. @20-10-2021 02:01:34.0705 AM
[ReportManager] API Action [PerformRequest] successfully performed. With the following test data [Request Type: "POST" | Target Status Code: "200" | Service URL: "https://api.spacex.land/graphql" | Content Type: "application/json" | Response Time: "175ms"]. @20-10-2021 02:01:34.0716 AM
[ReportManager] Successfully created attachment [API Request - Specifications] @20-10-2021 02:01:34.0717 AM
[ReportManager] Successfully created attachment [API Request - JSON Body] @20-10-2021 02:01:34.0717 AM
[ReportManager] Successfully created attachment [API Response - JSON Body] @20-10-2021 02:01:34.0717 AM
[ReportManager] API Action [GetResponseJSONValue] successfully performed. With the following test data [data.company.ceo]. @20-10-2021 02:01:34.0729 AM
[ReportManager] Assertion [ValidateEquals] PASSED. Expected [Elon Musk] and Actual [Elon Musk]. Comparison Type [EQUALS]. Validation Type [POSITIVE]. @20-10-2021 02:01:34.0729 A
[ReportManager] Successfully loaded the following test data file [src/test/resources/TestDataFiles/testSuite01/TestData.xlsx]. @20-10-2021 02:01:34.0790 AM
[ReportManager] Successfully created attachment [Test Data - Excel] @20-10-2021 02:01:34.0791 AM
[ReportManager] File Action [GetAbsolutePath] successfully performed. With the following test data [Relative Folder Path: "target/downloadedFiles/"]. @20-10-2021 02:01:34.0791 AM
[ReportManager] Attempting to run remotely on: [Linux-64], [GoogleChrome], [http://localhost:4444/wd/hub], Headless Execution. @20-10-2021 02:01:34.0791 AM
[ReportManager] Successfully Opened [GoogleChrome]. @20-10-2021 02:01:35.0174 A

################################################################################################################################################
Starting Execution:	[117 out of 143] test cases in the current suite
Test Method:		[testPackage01.Test_google.navigateToURLandVerifyGoogleLogoIsDisplayed]
Test Description:	[TC001 - Navigate to URL and Verify Google Logo is Displayed]
################################################################################################################################################
[ReportManager] Target URL: [https://www.google.com/ncr], and after redirection: [https://www.google.com] @20-10-2021 02:01:35.0192 AM
[ReportManager] Initial URL: [data:,] @20-10-2021 02:01:35.0257 AM
[ReportManager] Browser Action [NavigateToURL] successfully performed. With the following test data [https://www.google.com/ncr]. @20-10-2021 02:01:36.0445 AM
[ReportManager] Loaded Shared OpenCV @20-10-2021 02:01:36.0710 AM
[ReportManager] Assertion [ValidateElementExists] PASSED. Expected [Element Should Exist, locator 'By.xpath: //*[@id='hplogo' or @alt='Google']'] and Actual [Element Exists]. Comparison Type [EQUALS]. Validation Type [POSITIVE]. @20-10-2021 02:01:36.0777 AM
[ReportManager] Successfully created attachment [Screenshot - 1634695296710_navigateToURLandVerifyGoogleLogoIsDisplayed_ValidateElementExists_passed] @20-10-2021 02:01:36.0778 A

################################################################################################################################################
Starting Execution:	[118 out of 143] test cases in the current suite
Test Method:		[testPackage01.Test_google.searchForQueryandAssertResultsNumDisplayed]
Test Description:	[TC002 - Search for Query and Assert that the number of results is displayed]
################################################################################################################################################
[ReportManager] Element Action [Type] successfully performed. With the following test data [SHAFT_Engine]. @20-10-2021 02:01:37.0169 AM
[ReportManager] Element Action [KeyPress] successfully performed. With the following test data [Enter]. @20-10-2021 02:01:38.0665 AM
[ReportManager] Element Action [GetText] successfully performed. With the following test data [About 991,000 results (0.72 seconds) ]. @20-10-2021 02:01:38.0738 AM
[ReportManager] Loaded Shared OpenCV @20-10-2021 02:01:38.0868 AM
[ReportManager] Assertion [ValidateElementAttribute] PASSED. Expected [Value Should not be '' for the 'Text' attribute, element locator 'By.id: appbar'] and Actual [About 991,000 results (0.72 seconds) ]. Comparison Type [EQUALS]. Validation Type [NEGATIVE]. @20-10-2021 02:01:38.0948 AM
[ReportManager] Successfully created attachment [Screenshot - 1634695298868_searchForQueryandAssertResultsNumDisplayed_ValidateElementAttribute_passed] @20-10-2021 02:01:38.0949 A

################################################################################################################################################
Starting Execution:	[119 out of 143] test cases in the current suite
Test Method:		[testPackage01.Test_google.clickNextThrice]
Test Description:	[TC003 - Clicks the next button to make sure that the framework can scroll element into view before clicking it]
################################################################################################################################################
[ReportManager] Element Action [Click] successfully performed. With the following test data [Next]. @20-10-2021 02:01:40.0570 A
[ReportManager] Browser Action [CloseCurrentWindow] successfully performed. @20-10-2021 02:01:40.0764 AM
[ReportManager] Successfully created attachment [Browser Action Test Data - CloseCurrentWindow - Actual Value] @20-10-2021 02:01:40.0770 A
[ReportManager] File Action [GetAbsolutePath] successfully performed. With the following test data [Relative Folder Path: "target/downloadedFiles/"]. @20-10-2021 02:01:40.0772 AM
[ReportManager] Attempting to run remotely on: [Linux-64], [GoogleChrome], [http://localhost:4444/wd/hub], Headless Execution. @20-10-2021 02:01:40.0772 AM
[ReportManager] Successfully Opened [GoogleChrome]. @20-10-2021 02:01:40.0989 A

################################################################################################################################################
Starting Execution:	[120 out of 143] test cases in the current suite
Test Method:		[testPackage01.Test_ShadowDOM.shadowdom]
################################################################################################################################################
[ReportManager] Target URL: [https://mdn.github.io/web-components-examples/popup-info-box-web-component/] @20-10-2021 02:01:41.0005 AM
[ReportManager] Initial URL: [data:,] @20-10-2021 02:01:41.0047 AM
[ReportManager] Browser Action [NavigateToURL] successfully performed. With the following test data [https://mdn.github.io/web-components-examples/popup-info-box-web-component/]. @20-10-2021 02:01:41.0370 AM
[ReportManager] Element Action [Type] successfully performed. With the following test data [Typing into SHADOW DOM...]. @20-10-2021 02:01:41.0618 AM
[ReportManager] Element Action [GetText] successfully performed. With the following test data [Typing into SHADOW DOM...]. @20-10-2021 02:01:41.0699 AM
[ReportManager] Loaded Shared OpenCV @20-10-2021 02:01:41.0808 AM
[ReportManager] Assertion [ValidateElementAttribute] PASSED. Expected [Value Should be 'Typing into SHADOW DOM...' for the 'Text' attribute, element locator 'By.id: cvc'] and Actual [Typing into SHADOW DOM...]. Comparison Type [EQUALS]. Validation Type [POSITIVE]. @20-10-2021 02:01:41.0869 AM
[ReportManager] Successfully created attachment [Screenshot - 1634695301807_shadowdom_ValidateElementAttribute_passed] @20-10-2021 02:01:41.0870 A
[ReportManager] Browser Action [CloseCurrentWindow] successfully performed. @20-10-2021 02:01:41.0958 AM
[ReportManager] Successfully created attachment [Browser Action Test Data - CloseCurrentWindow - Actual Value] @20-10-2021 02:01:41.0959 A

################################################################################################################################################
Starting Execution:	[121 out of 143] test cases in the current suite
Test Method:		[testPackage01.Test_AssertApiResponseEquals.assertApiResponseEquals_expectedToPass]
################################################################################################################################################
[ReportManager] Response status code: [200], status line: [HTTP/1.1 200 OK] @20-10-2021 02:01:42.0051 AM
[ReportManager] Assertion Passed: Evaluating the actual response status code against the expected one... @20-10-2021 02:01:42.0057 AM
[ReportManager] Assertion [ValidateEquals] PASSED. Expected [200] and Actual [200]. Comparison Type [EQUALS]. Validation Type [POSITIVE]. @20-10-2021 02:01:42.0058 AM
[ReportManager] API Action [PerformRequest] successfully performed. With the following test data [Request Type: "GET" | Target Status Code: "200" | Service URL: "https://jsonplaceholder.typicode.com/users" | Content Type: "*/*" | Response Time: "81ms"]. @20-10-2021 02:01:42.0076 AM
[ReportManager] Successfully created attachment [API Request - Specifications] @20-10-2021 02:01:42.0077 AM
[ReportManager] Successfully created attachment [API Response - JSON Body] @20-10-2021 02:01:42.0078 AM
[ReportManager] API Action [GetResponseJSONValueAsList] successfully performed. With the following test data [$]. @20-10-2021 02:01:42.0082 AM
[ReportManager] API Action [GetResponseJSONValue] successfully performed. With the following test data [name]. @20-10-2021 02:01:42.0097 AM
[ReportManager] API Action [GetResponseJSONValue] successfully performed. With the following test data [email]. @20-10-2021 02:01:42.0108 AM
[ReportManager] Verification [ValidateEquals] PASSED. Expected [Sincere@april.biz] and Actual [Sincere@april.biz]. Comparison Type [EQUALS]. Validation Type [POSITIVE]. @20-10-2021 02:01:42.0108 AM
[ReportManager] API Action [GetResponseJSONValue] successfully performed. With the following test data [username]. @20-10-2021 02:01:42.0121 AM
[ReportManager] Assertion [ValidateEquals] PASSED. Expected [Bret] and Actual [Bret]. Comparison Type [EQUALS]. Validation Type [POSITIVE]. @20-10-2021 02:01:42.0122 AM
[ReportManager] API Action [GetResponseJSONValue] successfully performed. With the following test data [name]. @20-10-2021 02:01:42.0134 AM
[ReportManager] API Action [GetResponseJSONValue] successfully performed. With the following test data [name]. @20-10-2021 02:01:42.0143 AM
[ReportManager] API Action [GetResponseJSONValue] successfully performed. With the following test data [name]. @20-10-2021 02:01:42.0151 AM
[ReportManager] API Action [GetResponseJSONValue] successfully performed. With the following test data [name]. @20-10-2021 02:01:42.0165 AM
[ReportManager] API Action [GetResponseJSONValue] successfully performed. With the following test data [name]. @20-10-2021 02:01:42.0176 AM
[ReportManager] API Action [GetResponseJSONValue] successfully performed. With the following test data [name]. @20-10-2021 02:01:42.0213 AM
[ReportManager] API Action [GetResponseJSONValue] successfully performed. With the following test data [name]. @20-10-2021 02:01:42.0222 AM
[ReportManager] API Action [GetResponseJSONValue] successfully performed. With the following test data [name]. @20-10-2021 02:01:42.0229 AM
[ReportManager] API Action [GetResponseJSONValue] successfully performed. With the following test data [name]. @20-10-2021 02:01:42.0235 A
[ReportManager] File Action [GetAbsolutePath] successfully performed. With the following test data [Relative Folder Path: "target/downloadedFiles/"]. @20-10-2021 02:01:42.0245 AM
[ReportManager] Attempting to run remotely on: [Linux-64], [GoogleChrome], [http://localhost:4444/wd/hub], Headless Execution. @20-10-2021 02:01:42.0245 AM
[ReportManager] Successfully Opened [GoogleChrome]. @20-10-2021 02:01:42.0482 A

################################################################################################################################################
Starting Execution:	[122 out of 143] test cases in the current suite
Test Method:		[testPackage01.Test_IsElementClickable.testIsElementClickable]
################################################################################################################################################
[ReportManager] Target URL: [https://the-internet.herokuapp.com/] @20-10-2021 02:01:42.0510 AM
[ReportManager] Initial URL: [data:,] @20-10-2021 02:01:42.0547 AM
[ReportManager] Browser Action [NavigateToURL] successfully performed. With the following test data [https://the-internet.herokuapp.com/]. @20-10-2021 02:01:43.0310 AM
[ReportManager] Element Action [IsElementClickable] successfully performed. @20-10-2021 02:01:43.0427 AM
[ReportManager] Assertion [ValidateTrue] PASSED. Expected [TRUE] and Actual [TRUE]. Validation Type [POSITIVE]. @20-10-2021 02:01:43.0427 A
[ReportManager] Browser Action [CloseCurrentWindow] successfully performed. @20-10-2021 02:01:43.0523 AM
[ReportManager] Successfully created attachment [Browser Action Test Data - CloseCurrentWindow - Actual Value] @20-10-2021 02:01:43.0523 A

################################################################################################################################################
Starting Execution:	[123 out of 143] test cases in the current suite
Test Method:		[testPackage01.Test_JsonCompareWithSpecialCharacters.specialCharacters]
################################################################################################################################################
[ReportManager] File Action [GetAbsolutePath] successfully performed. With the following test data [Relative Folder Path: "src/test/resources/TestJsonFiles/specialCharacters.json"]. @20-10-2021 02:01:43.0529 AM
[ReportManager] File Action [ReadFromFile] successfully performed. With the following test data [File Path: "/home/runner/work/SHAFT_ENGINE/SHAFT_ENGINE/src/test/resources/TestJsonFiles/specialCharacters.json"]. @20-10-2021 02:01:43.0535 AM
[ReportManager] Successfully created attachment [File Action Actual Result - Command Log] @20-10-2021 02:01:43.0535 AM
[ReportManager] Comparing the provided API response with the file at this path "src/test/resources/TestJsonFiles/specialCharacters.json", comparison type "EQUALS" @20-10-2021 02:01:43.0536 AM
[ReportManager] API Action [CompareJSON] successfully performed. With the following test data [src/test/resources/TestJsonFiles/specialCharacters.json]. @20-10-2021 02:01:43.0549 AM
[ReportManager] File Action [GetAbsolutePath] successfully performed. With the following test data [Relative Folder Path: "src/test/resources/TestJsonFiles/specialCharacters.json"]. @20-10-2021 02:01:43.0549 AM
[ReportManager] File Action [ReadFromFile] successfully performed. With the following test data [File Path: "/home/runner/work/SHAFT_ENGINE/SHAFT_ENGINE/src/test/resources/TestJsonFiles/specialCharacters.json"]. @20-10-2021 02:01:43.0549 AM
[ReportManager] Verification [ValidateJSONFileContent] PASSED. Expected [Response data should match the JSON File in this path 'src/test/resources/TestJsonFiles/specialCharacters.json'] and Actual [TRUE]. Comparison Type [EQUALS]. Validation Type [POSITIVE]. @20-10-2021 02:01:43.0555 AM
[ReportManager] Successfully created attachment [Validation Test Data - Expected JSON Value] @20-10-2021 02:01:43.0555 AM
[ReportManager] Successfully created attachment [Validation Test Data - Actual JSON Value] @20-10-2021 02:01:43.0556 A

################################################################################################################################################
Starting Execution:	[124 out of 143] test cases in the current suite
Test Method:		[testPackage01.Test_JsonCompareWithSpecialCharacters.specialCharacters_assertion]
################################################################################################################################################
[ReportManager] File Action [GetAbsolutePath] successfully performed. With the following test data [Relative Folder Path: "src/test/resources/TestJsonFiles/specialCharacters.json"]. @20-10-2021 02:01:43.0568 AM
[ReportManager] File Action [ReadFromFile] successfully performed. With the following test data [File Path: "/home/runner/work/SHAFT_ENGINE/SHAFT_ENGINE/src/test/resources/TestJsonFiles/specialCharacters.json"]. @20-10-2021 02:01:43.0568 AM
[ReportManager] Successfully created attachment [File Action Actual Result - Command Log] @20-10-2021 02:01:43.0569 AM
[ReportManager] Comparing the provided API response with the file at this path "src/test/resources/TestJsonFiles/specialCharacters.json", comparison type "CONTAINS" @20-10-2021 02:01:43.0569 AM
[ReportManager] API Action [CompareJSON] successfully performed. With the following test data [src/test/resources/TestJsonFiles/specialCharacters.json]. @20-10-2021 02:01:43.0594 AM
[ReportManager] File Action [GetAbsolutePath] successfully performed. With the following test data [Relative Folder Path: "src/test/resources/TestJsonFiles/specialCharacters.json"]. @20-10-2021 02:01:43.0594 AM
[ReportManager] File Action [ReadFromFile] successfully performed. With the following test data [File Path: "/home/runner/work/SHAFT_ENGINE/SHAFT_ENGINE/src/test/resources/TestJsonFiles/specialCharacters.json"]. @20-10-2021 02:01:43.0594 AM
[ReportManager] Assertion Passed: trying out the log message @20-10-2021 02:01:43.0599 AM
[ReportManager] Successfully created attachment [Validation Test Data - Expected JSON Value] @20-10-2021 02:01:43.0600 AM
[ReportManager] Successfully created attachment [Validation Test Data - Actual JSON Value] @20-10-2021 02:01:43.0600 AM
[ReportManager] Assertion [ValidateJSONFileContent] PASSED. Expected [Response data should match the JSON File in this path 'src/test/resources/TestJsonFiles/specialCharacters.json'] and Actual [TRUE]. Comparison Type [CONTAINS]. Validation Type [POSITIVE]. @20-10-2021 02:01:43.0600 A
[ReportManager] File Action [GetAbsolutePath] successfully performed. With the following test data [Relative Folder Path: "target/downloadedFiles/"]. @20-10-2021 02:01:43.0603 AM
[ReportManager] Attempting to run remotely on: [Linux-64], [GoogleChrome], [http://localhost:4444/wd/hub], Headless Execution. @20-10-2021 02:01:43.0603 AM
[ReportManager] Successfully Opened [GoogleChrome]. @20-10-2021 02:01:43.0779 A

################################################################################################################################################
Starting Execution:	[125 out of 143] test cases in the current suite
Test Method:		[testPackage01.Test_assertEquals.test_assertElementAttribute]
################################################################################################################################################
[ReportManager] Target URL: [https://www.google.com/ncr], and after redirection: [https://www.google.com] @20-10-2021 02:01:43.0793 AM
[ReportManager] Initial URL: [data:,] @20-10-2021 02:01:43.0826 AM
[ReportManager] Browser Action [NavigateToURL] successfully performed. With the following test data [https://www.google.com/ncr]. @20-10-2021 02:01:44.0566 AM
[ReportManager] Element Action [Type] successfully performed. With the following test data [INC_004010050:Another SCHEDULER with the same name [Duplicate Job Name] already exists.]. @20-10-2021 02:01:45.0090 AM
[ReportManager] Element Action [GetText] successfully performed. With the following test data [INC_004010050:Another SCHEDULER with the same name [Duplicate Job Name] already exists.]. @20-10-2021 02:01:45.0167 AM
[ReportManager] Loaded Shared OpenCV @20-10-2021 02:01:45.0283 AM
[ReportManager] Assertion [ValidateElementAttribute] PASSED. Expected [Value Should be 'INC_004010050:Another SCHEDULER with the same name \[Duplicate Job Name\] already exists.' for the 'text' attribute, element locator 'By.name: q'] and Actual [INC_004010050:Another SCHEDULER with the same name [Duplicate Job Name] already exists.]. Comparison Type [MATCHES]. Validation Type [POSITIVE]. @20-10-2021 02:01:45.0365 AM
[ReportManager] Successfully created attachment [Screenshot - 1634695305283_test_assertElementAttribute_ValidateElementAttribute_passed] @20-10-2021 02:01:45.0366 A
[ReportManager] Browser Action [CloseCurrentWindow] successfully performed. @20-10-2021 02:01:45.0482 AM
[ReportManager] Successfully created attachment [Browser Action Test Data - CloseCurrentWindow - Actual Value] @20-10-2021 02:01:45.0483 A
[ReportManager] File Action [GetAbsolutePath] successfully performed. With the following test data [Relative Folder Path: "target/downloadedFiles/"]. @20-10-2021 02:01:45.0484 AM
[ReportManager] Attempting to run remotely on: [Linux-64], [GoogleChrome], [http://localhost:4444/wd/hub], Headless Execution. @20-10-2021 02:01:45.0484 AM
[ReportManager] Successfully Opened [GoogleChrome]. @20-10-2021 02:01:45.0675 A

################################################################################################################################################
Starting Execution:	[126 out of 143] test cases in the current suite
Test Method:		[testPackage01.Test_verifyEquals.test_assertElementAttribute]
################################################################################################################################################
[ReportManager] Target URL: [https://www.google.com/ncr], and after redirection: [https://www.google.com] @20-10-2021 02:01:45.0687 AM
[ReportManager] Initial URL: [data:,] @20-10-2021 02:01:45.0733 AM
[ReportManager] Browser Action [NavigateToURL] successfully performed. With the following test data [https://www.google.com/ncr]. @20-10-2021 02:01:46.0507 AM
[ReportManager] Element Action [Type] successfully performed. With the following test data [INC_004010050:Another SCHEDULER with the same name [Duplicate Job Name] already exists.]. @20-10-2021 02:01:47.0067 AM
[ReportManager] Element Action [GetText] successfully performed. With the following test data [INC_004010050:Another SCHEDULER with the same name [Duplicate Job Name] already exists.]. @20-10-2021 02:01:47.0143 AM
[ReportManager] Loaded Shared OpenCV @20-10-2021 02:01:47.0245 AM
[ReportManager] Verification [ValidateElementAttribute] PASSED. Expected [Value Should be 'INC_004010050:Another SCHEDULER with the same name \[Duplicate Job Name\] already exists.' for the 'text' attribute, element locator 'By.name: q'] and Actual [INC_004010050:Another SCHEDULER with the same name [Duplicate Job Name] already exists.]. Comparison Type [MATCHES]. Validation Type [POSITIVE]. @20-10-2021 02:01:47.0312 AM
[ReportManager] Successfully created attachment [Screenshot - 1634695307245_test_assertElementAttribute_ValidateElementAttribute_passed] @20-10-2021 02:01:47.0313 A
[ReportManager] Browser Action [CloseCurrentWindow] successfully performed. @20-10-2021 02:01:47.0430 AM
[ReportManager] Successfully created attachment [Browser Action Test Data - CloseCurrentWindow - Actual Value] @20-10-2021 02:01:47.0431 A

################################################################################################################################################
Starting Execution:	[127 out of 143] test cases in the current suite
Test Method:		[testPackage01.Test_JsonActions.f]
###############################################################################################################################################

################################################################################################################################################
Starting Execution:	[128 out of 143] test cases in the current suite
Test Method:		[testPackage01.Test_JsonActions.f2]
###############################################################################################################################################

################################################################################################################################################
Starting Execution:	[129 out of 143] test cases in the current suite
Test Method:		[testPackage01.Test_PDF.testPDF_Downloaded]
################################################################################################################################################
[ReportManager] File Action [DoesFileExist] successfully performed. With the following test data [File Path: "src/test/resources/TestDataFiles/sample.pdf"]. @20-10-2021 02:01:47.0466 AM
[ReportManager] File Action [GetAbsolutePath] successfully performed. With the following test data [Relative File Path: "src/test/resources/TestDataFiles/sample.pdf"]. @20-10-2021 02:01:47.0466 AM
[ReportManager] Assertion [ValidateTrue] PASSED. Expected [TRUE] and Actual [TRUE]. Validation Type [POSITIVE]. @20-10-2021 02:01:48.0518 A
[ReportManager] File Action [GetAbsolutePath] successfully performed. With the following test data [Relative Folder Path: "target/downloadedFiles/"]. @20-10-2021 02:01:48.0559 AM
[ReportManager] Attempting to run remotely on: [Linux-64], [GoogleChrome], [http://localhost:4444/wd/hub], Headless Execution. @20-10-2021 02:01:48.0559 AM
[ReportManager] Successfully Opened [GoogleChrome]. @20-10-2021 02:01:48.0784 A

################################################################################################################################################
Starting Execution:	[130 out of 143] test cases in the current suite
Test Method:		[testPackage01.Test_dragAndDrop.dragAndDropJquery]
################################################################################################################################################
[ReportManager] Target URL: [https://jqueryui.com/resources/demos/droppable/default.html] @20-10-2021 02:01:48.0796 AM
[ReportManager] Initial URL: [data:,] @20-10-2021 02:01:48.0831 AM
[ReportManager] Browser Action [NavigateToURL] successfully performed. With the following test data [https://jqueryui.com/resources/demos/droppable/default.html]. @20-10-2021 02:01:49.0250 AM
[ReportManager] Element Action [GetText] successfully performed. With the following test data [Drop here]. @20-10-2021 02:01:49.0314 AM
[ReportManager] Element Action [DragAndDrop] successfully performed. With the following test data [Start point: (8, 18), End point: (8, 18)]. @20-10-2021 02:01:50.0590 AM
[ReportManager] Element Action [GetText] successfully performed. With the following test data [Dropped!]. @20-10-2021 02:01:50.0647 AM
[ReportManager] Assertion Passed: Checking to see if the text has changed after performing drag and drop @20-10-2021 02:01:50.0647 AM
[ReportManager] Assertion [ValidateEquals] PASSED. Expected [Drop here] and Actual [Dropped!]. Comparison Type [EQUALS]. Validation Type [NEGATIVE]. @20-10-2021 02:01:50.0647 A
[ReportManager] Browser Action [CloseCurrentWindow] successfully performed. @20-10-2021 02:01:50.0776 AM
[ReportManager] Successfully created attachment [Browser Action Test Data - CloseCurrentWindow - Actual Value] @20-10-2021 02:01:50.0776 A
[ReportManager] File Action [GetAbsolutePath] successfully performed. With the following test data [Relative Folder Path: "target/downloadedFiles/"]. @20-10-2021 02:01:50.0778 AM
[ReportManager] Attempting to run remotely on: [Linux-64], [GoogleChrome], [http://localhost:4444/wd/hub], Headless Execution. @20-10-2021 02:01:50.0778 AM
[ReportManager] Successfully Opened [GoogleChrome]. @20-10-2021 02:01:50.0960 A

################################################################################################################################################
Starting Execution:	[131 out of 143] test cases in the current suite
Test Method:		[testPackage01.Test_dragAndDrop.dragAndDrop]
Test Description:	[TC001 - Test Drag and Drop function.]
################################################################################################################################################
[ReportManager] Target URL: [http://the-internet.herokuapp.com/drag_and_drop] @20-10-2021 02:01:50.0987 AM
[ReportManager] Initial URL: [data:,] @20-10-2021 02:01:51.0026 AM
[ReportManager] Browser Action [NavigateToURL] successfully performed. With the following test data [http://the-internet.herokuapp.com/drag_and_drop]. @20-10-2021 02:01:51.0700 AM
[ReportManager] Attempting Drag and Drop @20-10-2021 02:01:51.0700 AM
[ReportManager] Element Action [DragAndDrop] successfully performed. With the following test data [Start point: (32, 90), End point: (247, 90)]. @20-10-2021 02:01:52.0969 A
[ReportManager] Browser Action [CloseCurrentWindow] successfully performed. @20-10-2021 02:01:53.0076 AM
[ReportManager] Successfully created attachment [Browser Action Test Data - CloseCurrentWindow - Actual Value] @20-10-2021 02:01:53.0076 A
[ReportManager] File Action [GetAbsolutePath] successfully performed. With the following test data [Relative Folder Path: "target/downloadedFiles/"]. @20-10-2021 02:01:53.0079 AM
[ReportManager] Attempting to run remotely on: [Linux-64], [GoogleChrome], [http://localhost:4444/wd/hub], Headless Execution. @20-10-2021 02:01:53.0079 AM
[ReportManager] Successfully Opened [GoogleChrome]. @20-10-2021 02:01:53.0316 A

################################################################################################################################################
Starting Execution:	[132 out of 143] test cases in the current suite
Test Method:		[testPackage01.Test_dragAndDrop.dragAndDropByOffset]
Test Description:	[TC002 - Test Drag and Drop by offset function.]
################################################################################################################################################
[ReportManager] Target URL: [https://jqueryui.com/resources/demos/draggable/default.html] @20-10-2021 02:01:53.0328 AM
[ReportManager] Initial URL: [data:,] @20-10-2021 02:01:53.0369 AM
[ReportManager] Browser Action [NavigateToURL] successfully performed. With the following test data [https://jqueryui.com/resources/demos/draggable/default.html]. @20-10-2021 02:01:53.0753 AM
[ReportManager] Element Action [DragAndDropByOffset] successfully performed. With the following test data [Start point: (8, 8), End point: (108, 58)]. @20-10-2021 02:01:53.0895 A
[ReportManager] Browser Action [CloseCurrentWindow] successfully performed. @20-10-2021 02:01:53.0991 AM
[ReportManager] Successfully created attachment [Browser Action Test Data - CloseCurrentWindow - Actual Value] @20-10-2021 02:01:53.0992 A
[ReportManager] File Action [GetAbsolutePath] successfully performed. With the following test data [Relative Folder Path: "target/downloadedFiles/"]. @20-10-2021 02:01:53.0993 AM
[ReportManager] Attempting to run remotely on: [Linux-64], [GoogleChrome], [http://localhost:4444/wd/hub], Headless Execution. @20-10-2021 02:01:53.0993 AM
[ReportManager] Successfully Opened [GoogleChrome]. @20-10-2021 02:01:54.0177 A

################################################################################################################################################
Starting Execution:	[133 out of 143] test cases in the current suite
Test Method:		[testPackage01.Test_clipboardActions.typeTextAndCopyPaste]
################################################################################################################################################
[ReportManager] Target URL: [https://www.google.com/ncr], and after redirection: [https://www.google.com] @20-10-2021 02:01:54.0189 AM
[ReportManager] Initial URL: [data:,] @20-10-2021 02:01:54.0227 AM
[ReportManager] Browser Action [NavigateToURL] successfully performed. With the following test data [https://www.google.com/ncr]. @20-10-2021 02:01:54.0963 AM
[ReportManager] Element Action [Type] successfully performed. With the following test data [FIRST]. @20-10-2021 02:01:55.0249 AM
[ReportManager] Element Action [ClipboardActions] successfully performed. With the following test data [select all]. @20-10-2021 02:01:55.0306 AM
[ReportManager] Element Action [ClipboardActions] successfully performed. With the following test data [copy]. @20-10-2021 02:01:55.0350 AM
[ReportManager] Element Action [ClipboardActions] successfully performed. With the following test data [unselect]. @20-10-2021 02:01:55.0393 AM
[ReportManager] Element Action [ClipboardActions] successfully performed. With the following test data [paste]. @20-10-2021 02:01:55.0436 AM
[ReportManager] Element Action [ClipboardActions] successfully performed. With the following test data [select all]. @20-10-2021 02:01:55.0478 AM
[ReportManager] Element Action [Type] successfully performed. @20-10-2021 02:01:55.0651 AM
[ReportManager] Element Action [ClipboardActions] successfully performed. With the following test data [cut]. @20-10-2021 02:01:55.0651 AM
[ReportManager] Element Action [ClipboardActions] successfully performed. With the following test data [paste]. @20-10-2021 02:01:55.0709 AM
[ReportManager] Element Action [ClipboardActions] successfully performed. With the following test data [paste]. @20-10-2021 02:01:55.0759 A
[ReportManager] Browser Action [CloseCurrentWindow] successfully performed. @20-10-2021 02:01:55.0891 AM
[ReportManager] Successfully created attachment [Browser Action Test Data - CloseCurrentWindow - Actual Value] @20-10-2021 02:01:55.0891 A
[ReportManager] File Action [GetAbsolutePath] successfully performed. With the following test data [Relative Folder Path: "target/downloadedFiles/"]. @20-10-2021 02:01:55.0893 AM
[ReportManager] Attempting to run remotely on: [Linux-64], [GoogleChrome], [http://localhost:4444/wd/hub], Headless Execution. @20-10-2021 02:01:55.0893 AM
[ReportManager] Successfully Opened [GoogleChrome]. @20-10-2021 02:01:56.0071 A

################################################################################################################################################
Starting Execution:	[134 out of 143] test cases in the current suite
Test Method:		[testPackage01.Test_dynamicLoading.dynamicLoading_elementIsHidden]
################################################################################################################################################
[ReportManager] Target URL: [https://the-internet.herokuapp.com/dynamic_loading/1] @20-10-2021 02:01:56.0088 AM
[ReportManager] Initial URL: [data:,] @20-10-2021 02:01:56.0122 AM
[ReportManager] Browser Action [NavigateToURL] successfully performed. With the following test data [https://the-internet.herokuapp.com/dynamic_loading/1]. @20-10-2021 02:01:56.0876 AM
[ReportManager] Element Action [Click] successfully performed. With the following test data [Start]. @20-10-2021 02:01:57.0173 AM
[ReportManager] Element Action [GetText] successfully performed. With the following test data [
    Hello World!
  ]. @20-10-2021 02:01:57.0268 AM
[ReportManager] Loaded Shared OpenCV @20-10-2021 02:01:57.0413 AM
[ReportManager] Assertion [ValidateElementAttribute] PASSED. Expected [Value Should be 'Hello World!' for the 'text' attribute, element locator 'By.id: finish'] and Actual [
    Hello World!
  ]. Comparison Type [CONTAINS]. Validation Type [POSITIVE]. @20-10-2021 02:01:57.0497 AM
[ReportManager] Successfully created attachment [Screenshot - 1634695317413_dynamicLoading_elementIsHidden_ValidateElementAttribute_passed] @20-10-2021 02:01:57.0498 A
[ReportManager] Browser Action [CloseCurrentWindow] successfully performed. @20-10-2021 02:01:57.0617 AM
[ReportManager] Successfully created attachment [Browser Action Test Data - CloseCurrentWindow - Actual Value] @20-10-2021 02:01:57.0617 A
[ReportManager] File Action [GetAbsolutePath] successfully performed. With the following test data [Relative Folder Path: "target/downloadedFiles/"]. @20-10-2021 02:01:57.0619 AM
[ReportManager] Attempting to run remotely on: [Linux-64], [GoogleChrome], [http://localhost:4444/wd/hub], Headless Execution. @20-10-2021 02:01:57.0619 AM
[ReportManager] Successfully Opened [GoogleChrome]. @20-10-2021 02:01:57.0797 A

################################################################################################################################################
Starting Execution:	[135 out of 143] test cases in the current suite
Test Method:		[testPackage01.Test_dynamicLoading.dynamicLoading_elementIsRendered]
################################################################################################################################################
[ReportManager] Target URL: [https://the-internet.herokuapp.com/dynamic_loading/2] @20-10-2021 02:01:57.0811 AM
[ReportManager] Initial URL: [data:,] @20-10-2021 02:01:57.0849 AM
[ReportManager] Browser Action [NavigateToURL] successfully performed. With the following test data [https://the-internet.herokuapp.com/dynamic_loading/2]. @20-10-2021 02:01:58.0556 AM
[ReportManager] Element Action [Click] successfully performed. With the following test data [Start]. @20-10-2021 02:01:58.0840 AM
[ReportManager] Element Action [GetText] successfully performed. With the following test data [Hello World!]. @20-10-2021 02:02:03.0999 AM
[ReportManager] Loaded Shared OpenCV @20-10-2021 02:02:04.0129 AM
[ReportManager] Assertion [ValidateElementAttribute] PASSED. Expected [Value Should be 'Hello World!' for the 'text' attribute, element locator 'By.id: finish'] and Actual [Hello World!]. Comparison Type [CONTAINS]. Validation Type [POSITIVE]. @20-10-2021 02:02:04.0217 AM
[ReportManager] Successfully created attachment [Screenshot - 1634695324129_dynamicLoading_elementIsRendered_ValidateElementAttribute_passed] @20-10-2021 02:02:04.0218 A
[ReportManager] Browser Action [CloseCurrentWindow] successfully performed. @20-10-2021 02:02:04.0311 AM
[ReportManager] Successfully created attachment [Browser Action Test Data - CloseCurrentWindow - Actual Value] @20-10-2021 02:02:04.0312 A
[ReportManager] File Action [GetAbsolutePath] successfully performed. With the following test data [Relative Folder Path: "target/downloadedFiles/"]. @20-10-2021 02:02:04.0314 AM
[ReportManager] Attempting to run remotely on: [Linux-64], [GoogleChrome], [http://localhost:4444/wd/hub], Headless Execution. @20-10-2021 02:02:04.0314 AM
[ReportManager] Successfully Opened [GoogleChrome]. @20-10-2021 02:02:04.0499 A

################################################################################################################################################
Starting Execution:	[136 out of 143] test cases in the current suite
Test Method:		[testPackage01.Test_uploadFile.uploadFile_invisibleUploadInput]
################################################################################################################################################
[ReportManager] Target URL: [https://fineuploader.com/demos.html#gallery-view] @20-10-2021 02:02:04.0521 AM
[ReportManager] Initial URL: [data:,] @20-10-2021 02:02:04.0559 AM
[ReportManager] Browser Action [NavigateToURL] successfully performed. With the following test data [https://fineuploader.com/demos.html#gallery-view]. @20-10-2021 02:02:06.0260 AM
[ReportManager] File Action [GetAbsolutePath] successfully performed. With the following test data [Relative File Path: "src/main/resources/images/shaft.png"]. @20-10-2021 02:02:06.0260 AM
[ReportManager] Successfully created attachment [File Action Actual Result - Command Log] @20-10-2021 02:02:06.0261 AM
[ReportManager] Element Action [TypeFileLocationForUpload] successfully performed. With the following test data [/home/runner/work/SHAFT_ENGINE/SHAFT_ENGINE/src/main/resources/images/shaft.png]. @20-10-2021 02:02:06.0457 AM
[ReportManager] Attempting to getAttribute [src] from elementLocator [By.xpath: //div[@id='fine-uploader-gallery']//div[@class='qq-thumbnail-wrapper']/img]. @20-10-2021 02:02:06.0458 AM
[ReportManager] Element Action [GetAttribute] successfully performed. @20-10-2021 02:02:06.0543 AM
[ReportManager] Successfully created attachment [Element Action Test Data - GetAttribute - Actual Value] @20-10-2021 02:02:06.0543 AM
[ReportManager] Loaded Shared OpenCV @20-10-2021 02:02:06.0671 AM
[ReportManager] Assertion [ValidateElementAttribute] PASSED. Expected and Actual values are attached. Comparison Type [CONTAINS]. Validation Type [POSITIVE]. @20-10-2021 02:02:06.0743 AM
[ReportManager] Successfully created attachment [Validation Test Data - Expected Value] @20-10-2021 02:02:06.0743 AM
[ReportManager] Successfully created attachment [Validation Test Data - Actual Value] @20-10-2021 02:02:06.0743 AM
[ReportManager] Successfully created attachment [Screenshot - 1634695326670_uploadFile_invisibleUploadInput_ValidateElementAttribute_passed] @20-10-2021 02:02:06.0744 A
[ReportManager] Browser Action [CloseCurrentWindow] successfully performed. @20-10-2021 02:02:06.0886 AM
[ReportManager] Successfully created attachment [Browser Action Test Data - CloseCurrentWindow - Actual Value] @20-10-2021 02:02:06.0886 A
[ReportManager] File Action [GetAbsolutePath] successfully performed. With the following test data [Relative Folder Path: "target/downloadedFiles/"]. @20-10-2021 02:02:06.0896 AM
[ReportManager] Attempting to run remotely on: [Linux-64], [GoogleChrome], [http://localhost:4444/wd/hub], Headless Execution. @20-10-2021 02:02:06.0897 AM
[ReportManager] Successfully Opened [GoogleChrome]. @20-10-2021 02:02:07.0083 A

################################################################################################################################################
Starting Execution:	[137 out of 143] test cases in the current suite
Test Method:		[testPackage01.Test_uploadFile.uploadFile_visibleUploadInput]
################################################################################################################################################
[ReportManager] Target URL: [http://demo.guru99.com/test/upload/] @20-10-2021 02:02:07.0096 AM
[ReportManager] Initial URL: [data:,] @20-10-2021 02:02:07.0137 AM
[ReportManager] Browser Action [NavigateToURL] successfully performed. With the following test data [http://demo.guru99.com/test/upload/]. @20-10-2021 02:02:08.0139 AM
[ReportManager] File Action [GetAbsolutePath] successfully performed. With the following test data [Relative File Path: "src/main/resources/images/shaft.png"]. @20-10-2021 02:02:08.0139 AM
[ReportManager] Successfully created attachment [File Action Actual Result - Command Log] @20-10-2021 02:02:08.0140 AM
[ReportManager] Element Action [TypeFileLocationForUpload] successfully performed. With the following test data [/home/runner/work/SHAFT_ENGINE/SHAFT_ENGINE/src/main/resources/images/shaft.png]. @20-10-2021 02:02:08.0287 AM
[ReportManager] Element Action [Click] successfully performed. With the following test data [on]. @20-10-2021 02:02:08.0562 AM
[ReportManager] Element Action [Click] successfully performed. With the following test data [Submit File]. @20-10-2021 02:02:08.0831 AM
[ReportManager] Element Action [GetText] successfully performed. With the following test data [1 file
has been successfully uploaded.]. @20-10-2021 02:02:09.0454 AM
[ReportManager] Loaded Shared OpenCV @20-10-2021 02:02:09.0559 AM
[ReportManager] Assertion [ValidateElementAttribute] PASSED. Expected [Value Should be '1 file' for the 'Text' attribute, element locator 'By.id: res'] and Actual [1 file
has been successfully uploaded.]. Comparison Type [CONTAINS]. Validation Type [POSITIVE]. @20-10-2021 02:02:09.0637 AM
[ReportManager] Successfully created attachment [Screenshot - 1634695329559_uploadFile_visibleUploadInput_ValidateElementAttribute_passed] @20-10-2021 02:02:09.0638 A
[ReportManager] Browser Action [CloseCurrentWindow] successfully performed. @20-10-2021 02:02:09.0734 AM
[ReportManager] Successfully created attachment [Browser Action Test Data - CloseCurrentWindow - Actual Value] @20-10-2021 02:02:09.0734 A

################################################################################################################################################
Starting Execution:	[138 out of 143] test cases in the current suite
Test Method:		[testPackage01.Test_SelectedValue.multipleSelect]
################################################################################################################################################
[ReportManager] File Action [GetAbsolutePath] successfully performed. With the following test data [Relative Folder Path: "target/downloadedFiles/"]. @20-10-2021 02:02:09.0742 AM
[ReportManager] Attempting to run remotely on: [Linux-64], [GoogleChrome], [http://localhost:4444/wd/hub], Headless Execution. @20-10-2021 02:02:09.0742 AM
[ReportManager] Successfully Opened [GoogleChrome]. @20-10-2021 02:02:09.0917 AM
[ReportManager] Target URL: [https://yari-demos.prod.mdn.mozit.cloud/en-US/docs/Web/HTML/Element/select/_sample_.Advanced_select_with_multiple_features.html] @20-10-2021 02:02:09.0927 AM
[ReportManager] Initial URL: [data:,] @20-10-2021 02:02:09.0961 AM
[ReportManager] Browser Action [NavigateToURL] successfully performed. With the following test data [https://yari-demos.prod.mdn.mozit.cloud/en-US/docs/Web/HTML/Element/select/_sample_.Advanced_select_with_multiple_features.html]. @20-10-2021 02:02:10.0230 AM
[ReportManager] Element Action [Select] successfully performed. With the following test data [Dog]. @20-10-2021 02:02:10.0437 AM
[ReportManager] Element Action [Select] successfully performed. With the following test data [Cat]. @20-10-2021 02:02:10.0617 AM
[ReportManager] Element Action [GetSelectedText] successfully performed. With the following test data [DogCat]. @20-10-2021 02:02:10.0728 AM
[ReportManager] DogCat @20-10-2021 02:02:10.0728 AM
[ReportManager] Element Action [GetSelectedText] successfully performed. With the following test data [DogCat]. @20-10-2021 02:02:10.0824 AM
[ReportManager] Loaded Shared OpenCV @20-10-2021 02:02:10.0917 AM
[ReportManager] Assertion [ValidateElementAttribute] PASSED. Expected [Value Should be 'DogCat' for the 'selectedText' attribute, element locator 'By.tagName: select'] and Actual [DogCat]. Comparison Type [EQUALS]. Validation Type [POSITIVE]. @20-10-2021 02:02:10.0975 AM
[ReportManager] Successfully created attachment [Screenshot - 1634695330916_multipleSelect_ValidateElementAttribute_passed] @20-10-2021 02:02:10.0976 AM
[ReportManager] Browser Action [CloseCurrentWindow] successfully performed. @20-10-2021 02:02:11.0057 AM
[ReportManager] Successfully created attachment [Browser Action Test Data - CloseCurrentWindow - Actual Value] @20-10-2021 02:02:11.0058 A

################################################################################################################################################
Starting Execution:	[139 out of 143] test cases in the current suite
Test Method:		[testPackage01.Test_SelectedValue.simpleSelect]
################################################################################################################################################
[ReportManager] File Action [GetAbsolutePath] successfully performed. With the following test data [Relative Folder Path: "target/downloadedFiles/"]. @20-10-2021 02:02:11.0065 AM
[ReportManager] Attempting to run remotely on: [Linux-64], [GoogleChrome], [http://localhost:4444/wd/hub], Headless Execution. @20-10-2021 02:02:11.0065 AM
[ReportManager] Successfully Opened [GoogleChrome]. @20-10-2021 02:02:11.0255 AM
[ReportManager] Target URL: [https://yari-demos.prod.mdn.mozit.cloud/en-US/docs/Web/HTML/Element/select/_sample_.Basic_select.html] @20-10-2021 02:02:11.0265 AM
[ReportManager] Initial URL: [data:,] @20-10-2021 02:02:11.0300 AM
[ReportManager] Browser Action [NavigateToURL] successfully performed. With the following test data [https://yari-demos.prod.mdn.mozit.cloud/en-US/docs/Web/HTML/Element/select/_sample_.Basic_select.html]. @20-10-2021 02:02:11.0481 AM
[ReportManager] Element Action [Select] successfully performed. With the following test data [Third Value]. @20-10-2021 02:02:11.0717 AM
[ReportManager] Element Action [GetSelectedText] successfully performed. With the following test data [Third Value]. @20-10-2021 02:02:11.0801 AM
[ReportManager] Third Value @20-10-2021 02:02:11.0801 AM
[ReportManager] Element Action [GetSelectedText] successfully performed. With the following test data [Third Value]. @20-10-2021 02:02:11.0880 AM
[ReportManager] Loaded Shared OpenCV @20-10-2021 02:02:11.0986 AM
[ReportManager] Assertion [ValidateElementAttribute] PASSED. Expected [Value Should be 'Third Value' for the 'selectedText' attribute, element locator 'By.tagName: select'] and Actual [Third Value]. Comparison Type [EQUALS]. Validation Type [POSITIVE]. @20-10-2021 02:02:12.0045 AM
[ReportManager] Successfully created attachment [Screenshot - 1634695331986_simpleSelect_ValidateElementAttribute_passed] @20-10-2021 02:02:12.0045 AM
[ReportManager] Browser Action [CloseCurrentWindow] successfully performed. @20-10-2021 02:02:12.0129 AM
[ReportManager] Successfully created attachment [Browser Action Test Data - CloseCurrentWindow - Actual Value] @20-10-2021 02:02:12.0130 A

################################################################################################################################################
Starting Execution:	[140 out of 143] test cases in the current suite
Test Method:		[testPackage01.Test_JSONFileManager.readStringFromJson]
################################################################################################################################################
[ReportManager] Successfully loaded the following test data file [src/test/resources/TestDataFiles/simpleJSON.json]. @20-10-2021 02:02:12.0140 AM
[ReportManager] Successfully created attachment [Test Data - JSON] @20-10-2021 02:02:12.0140 AM
[ReportManager] Assertion [ValidateEquals] PASSED. Expected [Mohab Mohie] and Actual [Mohab Mohie]. Comparison Type [EQUALS]. Validation Type [POSITIVE]. @20-10-2021 02:02:12.0153 A
[ReportManager] Successfully loaded the following test data file [src/test/resources/TestDataFiles/testSuite01/TestData.xlsx]. @20-10-2021 02:02:12.0175 AM
[ReportManager] Successfully created attachment [Test Data - Excel] @20-10-2021 02:02:12.0176 AM
[ReportManager] Attempting to run using Playwright locally on: [Linux-64], [GoogleChrome], Headless Execution. @20-10-2021 02:02:25.0450 AM
[ReportManager] File Action [GetAbsolutePath] successfully performed. With the following test data [Relative Folder Path: "target/downloadedFiles/"]. @20-10-2021 02:02:25.0451 AM
[ReportManager] Initial window size: (1280, 720) @20-10-2021 02:02:25.0770 AM
[ReportManager] Window size after Toolkit: com.microsoft.playwright.options.ViewportSize@681a3a66 @20-10-2021 02:02:25.0775 AM
[ReportManager] Browser Action [MaximizeWindow] successfully performed. With the following test data [New screen size is now: (1920, 1080)]. @20-10-2021 02:02:25.0775 A

################################################################################################################################################
Starting Execution:	[141 out of 143] test cases in the current suite
Test Method:		[testPackage01.Test_google_playwright.navigateToURLandVerifyGoogleLogoIsDisplayed]
Test Description:	[TC001 - Navigate to URL and Verify Google Logo is Displayed]
################################################################################################################################################
[ReportManager] Target URL: [https://www.google.com/ncr], and after redirection: [https://www.google.com] @20-10-2021 02:02:25.0779 AM
[ReportManager] Initial URL: [about:blank] @20-10-2021 02:02:26.0258 AM
[ReportManager] Browser Action [NavigateToURL] successfully performed. With the following test data [https://www.google.com/ncr]. @20-10-2021 02:02:28.0429 AM
[ReportManager] Loaded Shared OpenCV @20-10-2021 02:02:28.0636 AM
[ReportManager] Assertion [ValidateElementExists] PASSED. Expected [Element Should Exist, locator 'xpath=//*[@id='hplogo' or @alt='Google']'] and Actual [Element Exists]. Comparison Type [EQUALS]. Validation Type [POSITIVE]. @20-10-2021 02:02:28.0826 AM
[ReportManager] Successfully created attachment [Screenshot - 1634695348632_navigateToURLandVerifyGoogleLogoIsDisplayed_ValidateElementExists_passed] @20-10-2021 02:02:28.0827 A

################################################################################################################################################
Starting Execution:	[142 out of 143] test cases in the current suite
Test Method:		[testPackage01.Test_google_playwright.searchForQueryandAssertResultsNumDisplayed]
Test Description:	[TC002 - Search for Query and Assert that the number of results is displayed]
################################################################################################################################################
[ReportManager] Element Action [Type] successfully performed. With the following test data [SHAFT_Engine]. @20-10-2021 02:02:29.0062 AM
[ReportManager] Element Action [KeyPress] successfully performed. With the following test data [Enter]. @20-10-2021 02:02:29.0090 AM
[ReportManager] Element Action [GetText] successfully performed. With the following test data [About 991,000 results (0.70 seconds)]. @20-10-2021 02:02:30.0175 AM
[ReportManager] Loaded Shared OpenCV @20-10-2021 02:02:32.0332 AM
[ReportManager] Assertion [ValidateElementAttribute] PASSED. Expected [Value Should not be '' for the 'text' attribute, element locator 'xpath=//div[@id='appbar']'] and Actual [About 991,000 results (0.70 seconds)]. Comparison Type [EQUALS]. Validation Type [NEGATIVE]. @20-10-2021 02:02:32.0585 AM
[ReportManager] Successfully created attachment [Screenshot - 1634695352330_searchForQueryandAssertResultsNumDisplayed_ValidateElementAttribute_passed] @20-10-2021 02:02:32.0588 A

################################################################################################################################################
Starting Execution:	[143 out of 143] test cases in the current suite
Test Method:		[testPackage01.Test_google_playwright.clickNextThrice]
Test Description:	[TC003 - Clicks the next button to make sure that the framework can scroll element into view before clicking it]
################################################################################################################################################
[ReportManager] Element Action [Click] successfully performed. With the following test data [Next]. @20-10-2021 02:02:32.0842 A
[ReportManager] Failed to find video recording. @20-10-2021 02:02:32.0844 AM
[ReportManager] Successfully Closed PlayWright Driver. @20-10-2021 02:02:32.0889 A

################################################################################################################################################
Test Closure Activities
################################################################################################################################################
[ReportManager] Successfully created attachment [SHAFT Engine Logs - Execution log] @20-10-2021 02:02:32.0911 AM

################################################################################################################################################
This test run was powered by SHAFT Engine Version: [SHAFT Engine v5.4.20211011]
SHAFT Engine is licensed under the MIT License: [https://github.com/MohabMohie/SHAFT_ENGINE/blob/master/LICENSE].
################################################################################################################################################