################################################################################################################################################
Detected SHAFT Engine Version: [SHAFT Engine v5.4.20211011]
################################################################################################################################################

################################################################################################################################################
Starting Execution:	[1 out of 143] test cases in the current suite
Test Method:		[unitTests.tests_validations_assertions.assertComparativeRelation_greaterThanOrEquals_false_equals_expectedToFail]
################################################################################################################################################
[ReportManager] Assertion [ValidateComparativeRelation] FAILED. Expected [1] and Actual [1]. Comparison Type [GREATER_THAN_OR_EQUALS]. Validation Type [NEGATIVE]. @17-10-2021 01:53:22.0989 A

################################################################################################################################################
Starting Execution:	[2 out of 143] test cases in the current suite
Test Method:		[unitTests.tests_validations_assertions.assertComparativeRelation_greaterThanOrEquals_false_equals_expectedToPass]
################################################################################################################################################
[ReportManager] Assertion [ValidateComparativeRelation] PASSED. Expected [2] and Actual [1]. Comparison Type [GREATER_THAN_OR_EQUALS]. Validation Type [NEGATIVE]. @17-10-2021 01:53:23.0126 A

################################################################################################################################################
Starting Execution:	[3 out of 143] test cases in the current suite
Test Method:		[unitTests.tests_validations_assertions.assertComparativeRelation_greaterThanOrEquals_false_greaterThan_expectedToFail]
################################################################################################################################################
[ReportManager] Assertion [ValidateComparativeRelation] FAILED. Expected [1] and Actual [2]. Comparison Type [GREATER_THAN_OR_EQUALS]. Validation Type [NEGATIVE]. @17-10-2021 01:53:23.0138 A

################################################################################################################################################
Starting Execution:	[4 out of 143] test cases in the current suite
Test Method:		[unitTests.tests_validations_assertions.assertComparativeRelation_greaterThanOrEquals_false_greaterThan_expectedToPass]
################################################################################################################################################
[ReportManager] Assertion [ValidateComparativeRelation] PASSED. Expected [2] and Actual [1]. Comparison Type [GREATER_THAN_OR_EQUALS]. Validation Type [NEGATIVE]. @17-10-2021 01:53:23.0152 A

################################################################################################################################################
Starting Execution:	[5 out of 143] test cases in the current suite
Test Method:		[unitTests.tests_validations_assertions.assertComparativeRelation_greaterThanOrEquals_true_equals_expectedToFail]
################################################################################################################################################
[ReportManager] Assertion [ValidateComparativeRelation] FAILED. Expected [1] and Actual [0]. Comparison Type [GREATER_THAN_OR_EQUALS]. Validation Type [POSITIVE]. @17-10-2021 01:53:23.0162 A

################################################################################################################################################
Starting Execution:	[6 out of 143] test cases in the current suite
Test Method:		[unitTests.tests_validations_assertions.assertComparativeRelation_greaterThanOrEquals_true_equals_expectedToPass]
################################################################################################################################################
[ReportManager] Assertion [ValidateComparativeRelation] PASSED. Expected [1] and Actual [1]. Comparison Type [GREATER_THAN_OR_EQUALS]. Validation Type [POSITIVE]. @17-10-2021 01:53:23.0175 A

################################################################################################################################################
Starting Execution:	[7 out of 143] test cases in the current suite
Test Method:		[unitTests.tests_validations_assertions.assertComparativeRelation_greaterThanOrEquals_true_greaterThan_expectedToFail]
################################################################################################################################################
[ReportManager] Assertion [ValidateComparativeRelation] FAILED. Expected [2] and Actual [1]. Comparison Type [GREATER_THAN_OR_EQUALS]. Validation Type [POSITIVE]. @17-10-2021 01:53:23.0182 A

################################################################################################################################################
Starting Execution:	[8 out of 143] test cases in the current suite
Test Method:		[unitTests.tests_validations_assertions.assertComparativeRelation_greaterThanOrEquals_true_greaterThan_expectedToPass]
################################################################################################################################################
[ReportManager] Assertion [ValidateComparativeRelation] PASSED. Expected [1] and Actual [2]. Comparison Type [GREATER_THAN_OR_EQUALS]. Validation Type [POSITIVE]. @17-10-2021 01:53:23.0189 A
[ReportManager] File Action [GetAbsolutePath] successfully performed. With the following test data [Relative Folder Path: "target/downloadedFiles/"]. @17-10-2021 01:53:23.0203 AM
[ReportManager] Attempting to run remotely on: [Linux-64], [GoogleChrome], [http://localhost:4444/wd/hub], Headless Execution. @17-10-2021 01:53:23.0238 AM
[ReportManager] Successfully Opened [GoogleChrome]. @17-10-2021 01:53:24.0994 AM
[ReportManager] Target URL: [https://www.google.com/ncr], and after redirection: [www.google.com] @17-10-2021 01:53:25.0053 AM
[ReportManager] Initial URL: [data:,] @17-10-2021 01:53:25.0192 AM
[ReportManager] Browser Action [NavigateToURL] successfully performed. With the following test data [https://www.google.com/ncr]. @17-10-2021 01:53:26.0790 A

################################################################################################################################################
Starting Execution:	[9 out of 143] test cases in the current suite
Test Method:		[unitTests.tests_validations_assertions.assertElementAttribute_false_caseInsensitiveComparison_expectedToFail]
################################################################################################################################################
[ReportManager] Element Action [Type] successfully performed. With the following test data [AUTOMATION]. @17-10-2021 01:53:27.0375 AM
[ReportManager] Element Action [GetText] successfully performed. With the following test data [AUTOMATION]. @17-10-2021 01:53:27.0544 AM
[ReportManager] Loaded Shared OpenCV @17-10-2021 01:53:28.0251 AM
[ReportManager] Assertion [ValidateElementAttribute] FAILED. Expected [Value Should not be 'AutomaTion' for the 'text' attribute, element locator 'By.name: q'] and Actual [AUTOMATION]. Comparison Type [CASE_INSENSITIVE]. Validation Type [NEGATIVE]. @17-10-2021 01:53:28.0551 AM
[ReportManager] Successfully created attachment [Screenshot - 1634435607788_assertElementAttribute_false_caseInsensitiveComparison_expectedToFail_ValidateElementAttribute_failed] @17-10-2021 01:53:28.0573 A
[ReportManager] Browser Action [CloseCurrentWindow] successfully performed. @17-10-2021 01:53:28.0735 AM
[ReportManager] Successfully created attachment [Browser Action Test Data - CloseCurrentWindow - Actual Value] @17-10-2021 01:53:28.0741 A
[ReportManager] File Action [GetAbsolutePath] successfully performed. With the following test data [Relative Folder Path: "target/downloadedFiles/"]. @17-10-2021 01:53:28.0763 AM
[ReportManager] Attempting to run remotely on: [Linux-64], [GoogleChrome], [http://localhost:4444/wd/hub], Headless Execution. @17-10-2021 01:53:28.0763 AM
[ReportManager] Successfully Opened [GoogleChrome]. @17-10-2021 01:53:29.0073 AM
[ReportManager] Target URL: [https://www.google.com/ncr], and after redirection: [www.google.com] @17-10-2021 01:53:29.0095 AM
[ReportManager] Initial URL: [data:,] @17-10-2021 01:53:29.0172 AM
[ReportManager] Browser Action [NavigateToURL] successfully performed. With the following test data [https://www.google.com/ncr]. @17-10-2021 01:53:32.0055 A

################################################################################################################################################
Starting Execution:	[10 out of 143] test cases in the current suite
Test Method:		[unitTests.tests_validations_assertions.assertElementAttribute_false_caseInsensitiveComparison_expectedToPass]
################################################################################################################################################
[ReportManager] Element Action [Type] successfully performed. With the following test data [AUTOMATION]. @17-10-2021 01:53:32.0531 AM
[ReportManager] Element Action [GetText] successfully performed. With the following test data [AUTOMATION]. @17-10-2021 01:53:32.0694 AM
[ReportManager] Loaded Shared OpenCV @17-10-2021 01:53:32.0861 AM
[ReportManager] Assertion [ValidateElementAttribute] PASSED. Expected [Value Should not be 'AutomaTion123' for the 'text' attribute, element locator 'By.name: q'] and Actual [AUTOMATION]. Comparison Type [CASE_INSENSITIVE]. Validation Type [NEGATIVE]. @17-10-2021 01:53:32.0974 AM
[ReportManager] Successfully created attachment [Screenshot - 1634435612861_assertElementAttribute_false_caseInsensitiveComparison_expectedToPass_ValidateElementAttribute_passed] @17-10-2021 01:53:32.0978 A
[ReportManager] Browser Action [CloseCurrentWindow] successfully performed. @17-10-2021 01:53:33.0127 AM
[ReportManager] Successfully created attachment [Browser Action Test Data - CloseCurrentWindow - Actual Value] @17-10-2021 01:53:33.0134 A
[ReportManager] File Action [GetAbsolutePath] successfully performed. With the following test data [Relative Folder Path: "target/downloadedFiles/"]. @17-10-2021 01:53:33.0148 AM
[ReportManager] Attempting to run remotely on: [Linux-64], [GoogleChrome], [http://localhost:4444/wd/hub], Headless Execution. @17-10-2021 01:53:33.0149 AM
[ReportManager] Successfully Opened [GoogleChrome]. @17-10-2021 01:53:33.0407 AM
[ReportManager] Target URL: [https://www.google.com/ncr], and after redirection: [www.google.com] @17-10-2021 01:53:33.0426 AM
[ReportManager] Initial URL: [data:,] @17-10-2021 01:53:33.0506 AM
[ReportManager] Browser Action [NavigateToURL] successfully performed. With the following test data [https://www.google.com/ncr]. @17-10-2021 01:53:34.0428 A

################################################################################################################################################
Starting Execution:	[11 out of 143] test cases in the current suite
Test Method:		[unitTests.tests_validations_assertions.assertElementAttribute_false_containsComparison_expectedToFail]
################################################################################################################################################
[ReportManager] Element Action [Type] successfully performed. With the following test data [Automation123]. @17-10-2021 01:53:34.0871 AM
[ReportManager] Element Action [GetText] successfully performed. With the following test data [Automation123]. @17-10-2021 01:53:35.0021 AM
[ReportManager] Loaded Shared OpenCV @17-10-2021 01:53:35.0188 AM
[ReportManager] Assertion [ValidateElementAttribute] FAILED. Expected [Value Should not be 'Automation' for the 'text' attribute, element locator 'By.name: q'] and Actual [Automation123]. Comparison Type [CONTAINS]. Validation Type [NEGATIVE]. @17-10-2021 01:53:35.0274 AM
[ReportManager] Successfully created attachment [Screenshot - 1634435615188_assertElementAttribute_false_containsComparison_expectedToFail_ValidateElementAttribute_failed] @17-10-2021 01:53:35.0287 A
[ReportManager] Browser Action [CloseCurrentWindow] successfully performed. @17-10-2021 01:53:35.0451 AM
[ReportManager] Successfully created attachment [Browser Action Test Data - CloseCurrentWindow - Actual Value] @17-10-2021 01:53:35.0452 A
[ReportManager] File Action [GetAbsolutePath] successfully performed. With the following test data [Relative Folder Path: "target/downloadedFiles/"]. @17-10-2021 01:53:35.0460 AM
[ReportManager] Attempting to run remotely on: [Linux-64], [GoogleChrome], [http://localhost:4444/wd/hub], Headless Execution. @17-10-2021 01:53:35.0460 AM
[ReportManager] Successfully Opened [GoogleChrome]. @17-10-2021 01:53:35.0710 AM
[ReportManager] Target URL: [https://www.google.com/ncr], and after redirection: [www.google.com] @17-10-2021 01:53:35.0730 AM
[ReportManager] Initial URL: [data:,] @17-10-2021 01:53:35.0783 AM
[ReportManager] Browser Action [NavigateToURL] successfully performed. With the following test data [https://www.google.com/ncr]. @17-10-2021 01:53:37.0448 A

################################################################################################################################################
Starting Execution:	[12 out of 143] test cases in the current suite
Test Method:		[unitTests.tests_validations_assertions.assertElementAttribute_false_containsComparison_expectedToPass]
################################################################################################################################################
[ReportManager] Element Action [Type] successfully performed. With the following test data [Automation123]. @17-10-2021 01:53:37.0898 AM
[ReportManager] Element Action [GetText] successfully performed. With the following test data [Automation123]. @17-10-2021 01:53:38.0022 AM
[ReportManager] Loaded Shared OpenCV @17-10-2021 01:53:38.0185 AM
[ReportManager] Assertion [ValidateElementAttribute] PASSED. Expected [Value Should not be 'Automation1234' for the 'text' attribute, element locator 'By.name: q'] and Actual [Automation123]. Comparison Type [CONTAINS]. Validation Type [NEGATIVE]. @17-10-2021 01:53:38.0259 AM
[ReportManager] Successfully created attachment [Screenshot - 1634435618185_assertElementAttribute_false_containsComparison_expectedToPass_ValidateElementAttribute_passed] @17-10-2021 01:53:38.0260 A
[ReportManager] Browser Action [CloseCurrentWindow] successfully performed. @17-10-2021 01:53:38.0422 AM
[ReportManager] Successfully created attachment [Browser Action Test Data - CloseCurrentWindow - Actual Value] @17-10-2021 01:53:38.0422 A
[ReportManager] File Action [GetAbsolutePath] successfully performed. With the following test data [Relative Folder Path: "target/downloadedFiles/"]. @17-10-2021 01:53:38.0426 AM
[ReportManager] Attempting to run remotely on: [Linux-64], [GoogleChrome], [http://localhost:4444/wd/hub], Headless Execution. @17-10-2021 01:53:38.0427 AM
[ReportManager] Successfully Opened [GoogleChrome]. @17-10-2021 01:53:38.0653 AM
[ReportManager] Target URL: [https://www.google.com/ncr], and after redirection: [www.google.com] @17-10-2021 01:53:38.0669 AM
[ReportManager] Initial URL: [data:,] @17-10-2021 01:53:38.0723 AM
[ReportManager] Browser Action [NavigateToURL] successfully performed. With the following test data [https://www.google.com/ncr]. @17-10-2021 01:53:39.0630 A

################################################################################################################################################
Starting Execution:	[13 out of 143] test cases in the current suite
Test Method:		[unitTests.tests_validations_assertions.assertElementAttribute_false_literalComparison_expectedToFail]
################################################################################################################################################
[ReportManager] Element Action [Type] successfully performed. With the following test data [Automation!@#$%^&*()_+{}[]\';/.,]. @17-10-2021 01:53:40.0164 AM
[ReportManager] Element Action [GetText] successfully performed. With the following test data [Automation!@#$%^&*()_+{}[]\';/.,]. @17-10-2021 01:53:40.0313 AM
[ReportManager] Loaded Shared OpenCV @17-10-2021 01:53:40.0478 AM
[ReportManager] Assertion [ValidateElementAttribute] PASSED. Expected [Value Should not be 'Automation!@#$%^&*()_+{}[]\\';/.,' for the 'text' attribute, element locator 'By.name: q'] and Actual [Automation!@#$%^&*()_+{}[]\';/.,]. Comparison Type [EQUALS]. Validation Type [NEGATIVE]. @17-10-2021 01:53:40.0559 AM
[ReportManager] Successfully created attachment [Screenshot - 1634435620478_assertElementAttribute_false_literalComparison_expectedToFail_ValidateElementAttribute_passed] @17-10-2021 01:53:40.0560 A
[ReportManager] Browser Action [CloseCurrentWindow] successfully performed. @17-10-2021 01:53:40.0700 AM
[ReportManager] Successfully created attachment [Browser Action Test Data - CloseCurrentWindow - Actual Value] @17-10-2021 01:53:40.0701 A
[ReportManager] File Action [GetAbsolutePath] successfully performed. With the following test data [Relative Folder Path: "target/downloadedFiles/"]. @17-10-2021 01:53:40.0705 AM
[ReportManager] Attempting to run remotely on: [Linux-64], [GoogleChrome], [http://localhost:4444/wd/hub], Headless Execution. @17-10-2021 01:53:40.0705 AM
[ReportManager] Successfully Opened [GoogleChrome]. @17-10-2021 01:53:40.0946 AM
[ReportManager] Target URL: [https://www.google.com/ncr], and after redirection: [www.google.com] @17-10-2021 01:53:40.0963 AM
[ReportManager] Initial URL: [data:,] @17-10-2021 01:53:41.0012 AM
[ReportManager] Browser Action [NavigateToURL] successfully performed. With the following test data [https://www.google.com/ncr]. @17-10-2021 01:53:42.0011 A

################################################################################################################################################
Starting Execution:	[14 out of 143] test cases in the current suite
Test Method:		[unitTests.tests_validations_assertions.assertElementAttribute_false_literalComparison_expectedToPass]
################################################################################################################################################
[ReportManager] Element Action [Type] successfully performed. With the following test data [Automation!@#$%^&*()_+{}[]\';/.,]. @17-10-2021 01:53:42.0534 AM
[ReportManager] Element Action [GetText] successfully performed. With the following test data [Automation!@#$%^&*()_+{}[]\';/.,]. @17-10-2021 01:53:42.0639 AM
[ReportManager] Loaded Shared OpenCV @17-10-2021 01:53:42.0814 AM
[ReportManager] Assertion [ValidateElementAttribute] PASSED. Expected [Value Should not be 'Automation' for the 'text' attribute, element locator 'By.name: q'] and Actual [Automation!@#$%^&*()_+{}[]\';/.,]. Comparison Type [EQUALS]. Validation Type [NEGATIVE]. @17-10-2021 01:53:42.0890 AM
[ReportManager] Successfully created attachment [Screenshot - 1634435622814_assertElementAttribute_false_literalComparison_expectedToPass_ValidateElementAttribute_passed] @17-10-2021 01:53:42.0892 A
[ReportManager] Browser Action [CloseCurrentWindow] successfully performed. @17-10-2021 01:53:43.0028 AM
[ReportManager] Successfully created attachment [Browser Action Test Data - CloseCurrentWindow - Actual Value] @17-10-2021 01:53:43.0029 A
[ReportManager] File Action [GetAbsolutePath] successfully performed. With the following test data [Relative Folder Path: "target/downloadedFiles/"]. @17-10-2021 01:53:43.0033 AM
[ReportManager] Attempting to run remotely on: [Linux-64], [GoogleChrome], [http://localhost:4444/wd/hub], Headless Execution. @17-10-2021 01:53:43.0035 AM
[ReportManager] Successfully Opened [GoogleChrome]. @17-10-2021 01:53:43.0264 AM
[ReportManager] Target URL: [https://www.google.com/ncr], and after redirection: [www.google.com] @17-10-2021 01:53:43.0288 AM
[ReportManager] Initial URL: [data:,] @17-10-2021 01:53:43.0348 AM
[ReportManager] Browser Action [NavigateToURL] successfully performed. With the following test data [https://www.google.com/ncr]. @17-10-2021 01:53:44.0307 A

################################################################################################################################################
Starting Execution:	[15 out of 143] test cases in the current suite
Test Method:		[unitTests.tests_validations_assertions.assertElementAttribute_false_regexComparison_expectedToFail]
################################################################################################################################################
[ReportManager] Element Action [Type] successfully performed. With the following test data [Automation123]. @17-10-2021 01:53:44.0693 AM
[ReportManager] Element Action [GetText] successfully performed. With the following test data [Automation123]. @17-10-2021 01:53:44.0797 AM
[ReportManager] Loaded Shared OpenCV @17-10-2021 01:53:44.0934 AM
[ReportManager] Assertion [ValidateElementAttribute] FAILED. Expected [Value Should not be 'Automation.*' for the 'text' attribute, element locator 'By.name: q'] and Actual [Automation123]. Comparison Type [MATCHES]. Validation Type [NEGATIVE]. @17-10-2021 01:53:45.0017 AM
[ReportManager] Successfully created attachment [Screenshot - 1634435624934_assertElementAttribute_false_regexComparison_expectedToFail_ValidateElementAttribute_failed] @17-10-2021 01:53:45.0019 A
[ReportManager] Browser Action [CloseCurrentWindow] successfully performed. @17-10-2021 01:53:45.0160 AM
[ReportManager] Successfully created attachment [Browser Action Test Data - CloseCurrentWindow - Actual Value] @17-10-2021 01:53:45.0161 A
[ReportManager] File Action [GetAbsolutePath] successfully performed. With the following test data [Relative Folder Path: "target/downloadedFiles/"]. @17-10-2021 01:53:45.0164 AM
[ReportManager] Attempting to run remotely on: [Linux-64], [GoogleChrome], [http://localhost:4444/wd/hub], Headless Execution. @17-10-2021 01:53:45.0164 AM
[ReportManager] Successfully Opened [GoogleChrome]. @17-10-2021 01:53:45.0409 AM
[ReportManager] Target URL: [https://www.google.com/ncr], and after redirection: [www.google.com] @17-10-2021 01:53:45.0433 AM
[ReportManager] Initial URL: [data:,] @17-10-2021 01:53:45.0492 AM
[ReportManager] Browser Action [NavigateToURL] successfully performed. With the following test data [https://www.google.com/ncr]. @17-10-2021 01:53:46.0437 A

################################################################################################################################################
Starting Execution:	[16 out of 143] test cases in the current suite
Test Method:		[unitTests.tests_validations_assertions.assertElementAttribute_false_regexComparison_expectedToPass]
################################################################################################################################################
[ReportManager] Element Action [Type] successfully performed. With the following test data [Automation123]. @17-10-2021 01:53:46.0908 AM
[ReportManager] Element Action [GetText] successfully performed. With the following test data [Automation123]. @17-10-2021 01:53:47.0042 AM
[ReportManager] Loaded Shared OpenCV @17-10-2021 01:53:47.0213 AM
[ReportManager] Assertion [ValidateElementAttribute] PASSED. Expected [Value Should not be 'Automation' for the 'text' attribute, element locator 'By.name: q'] and Actual [Automation123]. Comparison Type [MATCHES]. Validation Type [NEGATIVE]. @17-10-2021 01:53:47.0289 AM
[ReportManager] Successfully created attachment [Screenshot - 1634435627213_assertElementAttribute_false_regexComparison_expectedToPass_ValidateElementAttribute_passed] @17-10-2021 01:53:47.0290 A
[ReportManager] Browser Action [CloseCurrentWindow] successfully performed. @17-10-2021 01:53:47.0436 AM
[ReportManager] Successfully created attachment [Browser Action Test Data - CloseCurrentWindow - Actual Value] @17-10-2021 01:53:47.0437 A
[ReportManager] File Action [GetAbsolutePath] successfully performed. With the following test data [Relative Folder Path: "target/downloadedFiles/"]. @17-10-2021 01:53:47.0448 AM
[ReportManager] Attempting to run remotely on: [Linux-64], [GoogleChrome], [http://localhost:4444/wd/hub], Headless Execution. @17-10-2021 01:53:47.0448 AM
[ReportManager] Successfully Opened [GoogleChrome]. @17-10-2021 01:53:47.0753 AM
[ReportManager] Target URL: [https://www.google.com/ncr], and after redirection: [www.google.com] @17-10-2021 01:53:47.0771 AM
[ReportManager] Initial URL: [data:,] @17-10-2021 01:53:47.0822 AM
[ReportManager] Browser Action [NavigateToURL] successfully performed. With the following test data [https://www.google.com/ncr]. @17-10-2021 01:53:49.0607 A

################################################################################################################################################
Starting Execution:	[17 out of 143] test cases in the current suite
Test Method:		[unitTests.tests_validations_assertions.assertElementAttribute_true_caseInsensitiveComparison_expectedToFail]
################################################################################################################################################
[ReportManager] Element Action [Type] successfully performed. With the following test data [AUTOMATION]. @17-10-2021 01:53:49.0996 AM
[ReportManager] Element Action [GetText] successfully performed. With the following test data [AUTOMATION]. @17-10-2021 01:53:50.0123 AM
[ReportManager] Loaded Shared OpenCV @17-10-2021 01:53:50.0308 AM
[ReportManager] Assertion [ValidateElementAttribute] FAILED. Expected [Value Should be 'AutomaTion123' for the 'text' attribute, element locator 'By.name: q'] and Actual [AUTOMATION]. Comparison Type [CASE_INSENSITIVE]. Validation Type [POSITIVE]. @17-10-2021 01:53:50.0416 AM
[ReportManager] Successfully created attachment [Screenshot - 1634435630307_assertElementAttribute_true_caseInsensitiveComparison_expectedToFail_ValidateElementAttribute_failed] @17-10-2021 01:53:50.0418 A
[ReportManager] Browser Action [CloseCurrentWindow] successfully performed. @17-10-2021 01:53:50.0581 AM
[ReportManager] Successfully created attachment [Browser Action Test Data - CloseCurrentWindow - Actual Value] @17-10-2021 01:53:50.0582 A
[ReportManager] File Action [GetAbsolutePath] successfully performed. With the following test data [Relative Folder Path: "target/downloadedFiles/"]. @17-10-2021 01:53:50.0586 AM
[ReportManager] Attempting to run remotely on: [Linux-64], [GoogleChrome], [http://localhost:4444/wd/hub], Headless Execution. @17-10-2021 01:53:50.0586 AM
[ReportManager] Successfully Opened [GoogleChrome]. @17-10-2021 01:53:50.0818 AM
[ReportManager] Target URL: [https://www.google.com/ncr], and after redirection: [www.google.com] @17-10-2021 01:53:50.0829 AM
[ReportManager] Initial URL: [data:,] @17-10-2021 01:53:50.0879 AM
[ReportManager] Browser Action [NavigateToURL] successfully performed. With the following test data [https://www.google.com/ncr]. @17-10-2021 01:53:51.0734 A

################################################################################################################################################
Starting Execution:	[18 out of 143] test cases in the current suite
Test Method:		[unitTests.tests_validations_assertions.assertElementAttribute_true_caseInsensitiveComparison_expectedToPass]
################################################################################################################################################
[ReportManager] Element Action [Type] successfully performed. With the following test data [AUTOMATION]. @17-10-2021 01:53:52.0128 AM
[ReportManager] Element Action [GetText] successfully performed. With the following test data [AUTOMATION]. @17-10-2021 01:53:52.0224 AM
[ReportManager] Loaded Shared OpenCV @17-10-2021 01:53:52.0357 AM
[ReportManager] Assertion [ValidateElementAttribute] PASSED. Expected [Value Should be 'AutomaTion' for the 'text' attribute, element locator 'By.name: q'] and Actual [AUTOMATION]. Comparison Type [CASE_INSENSITIVE]. Validation Type [POSITIVE]. @17-10-2021 01:53:52.0435 AM
[ReportManager] Successfully created attachment [Screenshot - 1634435632357_assertElementAttribute_true_caseInsensitiveComparison_expectedToPass_ValidateElementAttribute_passed] @17-10-2021 01:53:52.0437 A
[ReportManager] Browser Action [CloseCurrentWindow] successfully performed. @17-10-2021 01:53:52.0574 AM
[ReportManager] Successfully created attachment [Browser Action Test Data - CloseCurrentWindow - Actual Value] @17-10-2021 01:53:52.0575 A
[ReportManager] File Action [GetAbsolutePath] successfully performed. With the following test data [Relative Folder Path: "target/downloadedFiles/"]. @17-10-2021 01:53:52.0578 AM
[ReportManager] Attempting to run remotely on: [Linux-64], [GoogleChrome], [http://localhost:4444/wd/hub], Headless Execution. @17-10-2021 01:53:52.0579 AM
[ReportManager] Successfully Opened [GoogleChrome]. @17-10-2021 01:53:52.0809 AM
[ReportManager] Target URL: [https://www.google.com/ncr], and after redirection: [www.google.com] @17-10-2021 01:53:52.0829 AM
[ReportManager] Initial URL: [data:,] @17-10-2021 01:53:52.0875 AM
[ReportManager] Browser Action [NavigateToURL] successfully performed. With the following test data [https://www.google.com/ncr]. @17-10-2021 01:53:53.0713 A

################################################################################################################################################
Starting Execution:	[19 out of 143] test cases in the current suite
Test Method:		[unitTests.tests_validations_assertions.assertElementAttribute_true_containsComparison_expectedToFail]
################################################################################################################################################
[ReportManager] Element Action [Type] successfully performed. With the following test data [Automation123]. @17-10-2021 01:53:54.0172 AM
[ReportManager] Element Action [GetText] successfully performed. With the following test data [Automation123]. @17-10-2021 01:53:54.0291 AM
[ReportManager] Loaded Shared OpenCV @17-10-2021 01:53:54.0433 AM
[ReportManager] Assertion [ValidateElementAttribute] FAILED. Expected [Value Should be 'Automation1234' for the 'text' attribute, element locator 'By.name: q'] and Actual [Automation123]. Comparison Type [CONTAINS]. Validation Type [POSITIVE]. @17-10-2021 01:53:54.0506 AM
[ReportManager] Successfully created attachment [Screenshot - 1634435634433_assertElementAttribute_true_containsComparison_expectedToFail_ValidateElementAttribute_failed] @17-10-2021 01:53:54.0507 A
[ReportManager] Browser Action [CloseCurrentWindow] successfully performed. @17-10-2021 01:53:54.0658 AM
[ReportManager] Successfully created attachment [Browser Action Test Data - CloseCurrentWindow - Actual Value] @17-10-2021 01:53:54.0659 A
[ReportManager] File Action [GetAbsolutePath] successfully performed. With the following test data [Relative Folder Path: "target/downloadedFiles/"]. @17-10-2021 01:53:54.0662 AM
[ReportManager] Attempting to run remotely on: [Linux-64], [GoogleChrome], [http://localhost:4444/wd/hub], Headless Execution. @17-10-2021 01:53:54.0663 AM
[ReportManager] Successfully Opened [GoogleChrome]. @17-10-2021 01:53:54.0871 AM
[ReportManager] Target URL: [https://www.google.com/ncr], and after redirection: [www.google.com] @17-10-2021 01:53:54.0890 AM
[ReportManager] Initial URL: [data:,] @17-10-2021 01:53:54.0941 AM
[ReportManager] Browser Action [NavigateToURL] successfully performed. With the following test data [https://www.google.com/ncr]. @17-10-2021 01:53:55.0804 A

################################################################################################################################################
Starting Execution:	[20 out of 143] test cases in the current suite
Test Method:		[unitTests.tests_validations_assertions.assertElementAttribute_true_containsComparison_expectedToPass]
################################################################################################################################################
[ReportManager] Element Action [Type] successfully performed. With the following test data [Automation123]. @17-10-2021 01:53:56.0184 AM
[ReportManager] Element Action [GetText] successfully performed. With the following test data [Automation123]. @17-10-2021 01:53:56.0305 AM
[ReportManager] Loaded Shared OpenCV @17-10-2021 01:53:56.0469 AM
[ReportManager] Assertion [ValidateElementAttribute] PASSED. Expected [Value Should be 'Automation' for the 'text' attribute, element locator 'By.name: q'] and Actual [Automation123]. Comparison Type [CONTAINS]. Validation Type [POSITIVE]. @17-10-2021 01:53:56.0544 AM
[ReportManager] Successfully created attachment [Screenshot - 1634435636468_assertElementAttribute_true_containsComparison_expectedToPass_ValidateElementAttribute_passed] @17-10-2021 01:53:56.0546 A
[ReportManager] Browser Action [CloseCurrentWindow] successfully performed. @17-10-2021 01:53:56.0674 AM
[ReportManager] Successfully created attachment [Browser Action Test Data - CloseCurrentWindow - Actual Value] @17-10-2021 01:53:56.0675 A
[ReportManager] File Action [GetAbsolutePath] successfully performed. With the following test data [Relative Folder Path: "target/downloadedFiles/"]. @17-10-2021 01:53:56.0678 AM
[ReportManager] Attempting to run remotely on: [Linux-64], [GoogleChrome], [http://localhost:4444/wd/hub], Headless Execution. @17-10-2021 01:53:56.0682 AM
[ReportManager] Successfully Opened [GoogleChrome]. @17-10-2021 01:53:56.0970 AM
[ReportManager] Target URL: [https://www.google.com/ncr], and after redirection: [www.google.com] @17-10-2021 01:53:56.0984 AM
[ReportManager] Initial URL: [data:,] @17-10-2021 01:53:57.0040 AM
[ReportManager] Browser Action [NavigateToURL] successfully performed. With the following test data [https://www.google.com/ncr]. @17-10-2021 01:53:57.0931 A

################################################################################################################################################
Starting Execution:	[21 out of 143] test cases in the current suite
Test Method:		[unitTests.tests_validations_assertions.assertElementAttribute_true_literalComparison_expectedToFail]
################################################################################################################################################
[ReportManager] Element Action [Type] successfully performed. With the following test data [Automation!@#$%^&*()_+{}[]\';/.,]. @17-10-2021 01:53:58.0465 AM
[ReportManager] Element Action [GetText] successfully performed. With the following test data [Automation!@#$%^&*()_+{}[]\';/.,]. @17-10-2021 01:53:58.0591 AM
[ReportManager] Loaded Shared OpenCV @17-10-2021 01:53:58.0764 AM
[ReportManager] Assertion [ValidateElementAttribute] FAILED. Expected [Value Should be 'Automation' for the 'text' attribute, element locator 'By.name: q'] and Actual [Automation!@#$%^&*()_+{}[]\';/.,]. Comparison Type [EQUALS]. Validation Type [POSITIVE]. @17-10-2021 01:53:58.0843 AM
[ReportManager] Successfully created attachment [Screenshot - 1634435638764_assertElementAttribute_true_literalComparison_expectedToFail_ValidateElementAttribute_failed] @17-10-2021 01:53:58.0845 A
[ReportManager] Browser Action [CloseCurrentWindow] successfully performed. @17-10-2021 01:53:58.0971 AM
[ReportManager] Successfully created attachment [Browser Action Test Data - CloseCurrentWindow - Actual Value] @17-10-2021 01:53:58.0972 A
[ReportManager] File Action [GetAbsolutePath] successfully performed. With the following test data [Relative Folder Path: "target/downloadedFiles/"]. @17-10-2021 01:53:58.0975 AM
[ReportManager] Attempting to run remotely on: [Linux-64], [GoogleChrome], [http://localhost:4444/wd/hub], Headless Execution. @17-10-2021 01:53:58.0975 AM
[ReportManager] Successfully Opened [GoogleChrome]. @17-10-2021 01:53:59.0264 AM
[ReportManager] Target URL: [https://www.google.com/ncr], and after redirection: [www.google.com] @17-10-2021 01:53:59.0278 AM
[ReportManager] Initial URL: [data:,] @17-10-2021 01:53:59.0334 AM
[ReportManager] Browser Action [NavigateToURL] successfully performed. With the following test data [https://www.google.com/ncr]. @17-10-2021 01:54:00.0215 A

################################################################################################################################################
Starting Execution:	[22 out of 143] test cases in the current suite
Test Method:		[unitTests.tests_validations_assertions.assertElementAttribute_true_literalComparison_expectedToPass]
################################################################################################################################################
[ReportManager] Element Action [Type] successfully performed. With the following test data [Automation!@#$%^&*()_+{}[]\';/.,]. @17-10-2021 01:54:00.0706 AM
[ReportManager] Element Action [GetText] successfully performed. With the following test data [Automation!@#$%^&*()_+{}[]\';/.,]. @17-10-2021 01:54:00.0808 AM
[ReportManager] Loaded Shared OpenCV @17-10-2021 01:54:00.0940 AM
[ReportManager] Assertion [ValidateElementAttribute] PASSED. Expected [Value Should be 'Automation!@#$%^&*()_+{}[]\';/.,' for the 'text' attribute, element locator 'By.name: q'] and Actual [Automation!@#$%^&*()_+{}[]\';/.,]. Comparison Type [EQUALS]. Validation Type [POSITIVE]. @17-10-2021 01:54:01.0010 AM
[ReportManager] Successfully created attachment [Screenshot - 1634435640940_assertElementAttribute_true_literalComparison_expectedToPass_ValidateElementAttribute_passed] @17-10-2021 01:54:01.0011 A
[ReportManager] Browser Action [CloseCurrentWindow] successfully performed. @17-10-2021 01:54:01.0137 AM
[ReportManager] Successfully created attachment [Browser Action Test Data - CloseCurrentWindow - Actual Value] @17-10-2021 01:54:01.0138 A
[ReportManager] File Action [GetAbsolutePath] successfully performed. With the following test data [Relative Folder Path: "target/downloadedFiles/"]. @17-10-2021 01:54:01.0141 AM
[ReportManager] Attempting to run remotely on: [Linux-64], [GoogleChrome], [http://localhost:4444/wd/hub], Headless Execution. @17-10-2021 01:54:01.0141 AM
[ReportManager] Successfully Opened [GoogleChrome]. @17-10-2021 01:54:01.0399 AM
[ReportManager] Target URL: [https://www.google.com/ncr], and after redirection: [www.google.com] @17-10-2021 01:54:01.0409 AM
[ReportManager] Initial URL: [data:,] @17-10-2021 01:54:01.0452 AM
[ReportManager] Browser Action [NavigateToURL] successfully performed. With the following test data [https://www.google.com/ncr]. @17-10-2021 01:54:02.0295 A

################################################################################################################################################
Starting Execution:	[23 out of 143] test cases in the current suite
Test Method:		[unitTests.tests_validations_assertions.assertElementAttribute_true_regexComparison_expectedToFail]
################################################################################################################################################
[ReportManager] Element Action [Type] successfully performed. With the following test data [Automation123]. @17-10-2021 01:54:02.0714 AM
[ReportManager] Element Action [GetText] successfully performed. With the following test data [Automation123]. @17-10-2021 01:54:02.0814 AM
[ReportManager] Loaded Shared OpenCV @17-10-2021 01:54:02.0949 AM
[ReportManager] Assertion [ValidateElementAttribute] FAILED. Expected [Value Should be 'Automation' for the 'text' attribute, element locator 'By.name: q'] and Actual [Automation123]. Comparison Type [MATCHES]. Validation Type [POSITIVE]. @17-10-2021 01:54:03.0018 AM
[ReportManager] Successfully created attachment [Screenshot - 1634435642948_assertElementAttribute_true_regexComparison_expectedToFail_ValidateElementAttribute_failed] @17-10-2021 01:54:03.0019 A
[ReportManager] Browser Action [CloseCurrentWindow] successfully performed. @17-10-2021 01:54:03.0147 AM
[ReportManager] Successfully created attachment [Browser Action Test Data - CloseCurrentWindow - Actual Value] @17-10-2021 01:54:03.0148 A
[ReportManager] File Action [GetAbsolutePath] successfully performed. With the following test data [Relative Folder Path: "target/downloadedFiles/"]. @17-10-2021 01:54:03.0151 AM
[ReportManager] Attempting to run remotely on: [Linux-64], [GoogleChrome], [http://localhost:4444/wd/hub], Headless Execution. @17-10-2021 01:54:03.0152 AM
[ReportManager] Successfully Opened [GoogleChrome]. @17-10-2021 01:54:03.0379 AM
[ReportManager] Target URL: [https://www.google.com/ncr], and after redirection: [www.google.com] @17-10-2021 01:54:03.0391 AM
[ReportManager] Initial URL: [data:,] @17-10-2021 01:54:03.0448 AM
[ReportManager] Browser Action [NavigateToURL] successfully performed. With the following test data [https://www.google.com/ncr]. @17-10-2021 01:54:04.0304 A

################################################################################################################################################
Starting Execution:	[24 out of 143] test cases in the current suite
Test Method:		[unitTests.tests_validations_assertions.assertElementAttribute_true_regexComparison_expectedToPass]
################################################################################################################################################
[ReportManager] Element Action [Type] successfully performed. With the following test data [Automation123]. @17-10-2021 01:54:04.0675 AM
[ReportManager] Element Action [GetText] successfully performed. With the following test data [Automation123]. @17-10-2021 01:54:04.0774 AM
[ReportManager] Loaded Shared OpenCV @17-10-2021 01:54:04.0929 AM
[ReportManager] Assertion [ValidateElementAttribute] PASSED. Expected [Value Should be 'Automation.*' for the 'text' attribute, element locator 'By.name: q'] and Actual [Automation123]. Comparison Type [MATCHES]. Validation Type [POSITIVE]. @17-10-2021 01:54:05.0002 AM
[ReportManager] Successfully created attachment [Screenshot - 1634435644929_assertElementAttribute_true_regexComparison_expectedToPass_ValidateElementAttribute_passed] @17-10-2021 01:54:05.0003 A
[ReportManager] Browser Action [CloseCurrentWindow] successfully performed. @17-10-2021 01:54:05.0138 AM
[ReportManager] Successfully created attachment [Browser Action Test Data - CloseCurrentWindow - Actual Value] @17-10-2021 01:54:05.0138 A
[ReportManager] File Action [GetAbsolutePath] successfully performed. With the following test data [Relative Folder Path: "target/downloadedFiles/"]. @17-10-2021 01:54:05.0141 AM
[ReportManager] Attempting to run remotely on: [Linux-64], [GoogleChrome], [http://localhost:4444/wd/hub], Headless Execution. @17-10-2021 01:54:05.0141 AM
[ReportManager] Successfully Opened [GoogleChrome]. @17-10-2021 01:54:05.0344 AM
[ReportManager] Target URL: [https://www.google.com/ncr], and after redirection: [www.google.com] @17-10-2021 01:54:05.0360 AM
[ReportManager] Initial URL: [data:,] @17-10-2021 01:54:05.0401 AM
[ReportManager] Browser Action [NavigateToURL] successfully performed. With the following test data [https://www.google.com/ncr]. @17-10-2021 01:54:06.0246 A

################################################################################################################################################
Starting Execution:	[25 out of 143] test cases in the current suite
Test Method:		[unitTests.tests_validations_assertions.assertElementAttribute_type_true_literalComparison_expectedToPass]
################################################################################################################################################
[ReportManager] Element Action [Type] successfully performed. With the following test data [Automation!@#$%^&*()_+{}[]\';/.,]. @17-10-2021 01:54:06.0731 AM
[ReportManager] Element Action [GetText] successfully performed. With the following test data [Automation!@#$%^&*()_+{}[]\';/.,]. @17-10-2021 01:54:06.0851 AM
[ReportManager] Loaded Shared OpenCV @17-10-2021 01:54:07.0009 AM
[ReportManager] Assertion [ValidateElementAttribute] PASSED. Expected [Value Should be 'Automation!@#$%^&*()_+{}[]\';/.,' for the 'text' attribute, element locator 'By.name: q'] and Actual [Automation!@#$%^&*()_+{}[]\';/.,]. Comparison Type [EQUALS]. Validation Type [POSITIVE]. @17-10-2021 01:54:07.0090 AM
[ReportManager] Successfully created attachment [Screenshot - 1634435647009_assertElementAttribute_type_true_literalComparison_expectedToPass_ValidateElementAttribute_passed] @17-10-2021 01:54:07.0092 A
[ReportManager] Browser Action [CloseCurrentWindow] successfully performed. @17-10-2021 01:54:07.0231 AM
[ReportManager] Successfully created attachment [Browser Action Test Data - CloseCurrentWindow - Actual Value] @17-10-2021 01:54:07.0232 A
[ReportManager] File Action [GetAbsolutePath] successfully performed. With the following test data [Relative Folder Path: "target/downloadedFiles/"]. @17-10-2021 01:54:07.0235 AM
[ReportManager] Attempting to run remotely on: [Linux-64], [GoogleChrome], [http://localhost:4444/wd/hub], Headless Execution. @17-10-2021 01:54:07.0237 AM
[ReportManager] Successfully Opened [GoogleChrome]. @17-10-2021 01:54:07.0462 AM
[ReportManager] Target URL: [https://www.google.com/ncr], and after redirection: [www.google.com] @17-10-2021 01:54:07.0474 AM
[ReportManager] Initial URL: [data:,] @17-10-2021 01:54:07.0523 AM
[ReportManager] Browser Action [NavigateToURL] successfully performed. With the following test data [https://www.google.com/ncr]. @17-10-2021 01:54:08.0369 A

################################################################################################################################################
Starting Execution:	[26 out of 143] test cases in the current suite
Test Method:		[unitTests.tests_validations_assertions.assertElementExists_false_expectedToFail]
################################################################################################################################################
[ReportManager] Assertion [ValidateElementExists] PASSED. Expected [Element Should not Exist, locator 'By.id: hplogo'] and Actual [Element Doesn't Exists]. Comparison Type [EQUALS]. Validation Type [NEGATIVE]. @17-10-2021 01:54:18.0811 AM
[ReportManager] Successfully created attachment [Screenshot - 1634435658712_assertElementExists_false_expectedToFail_ValidateElementExists_passed] @17-10-2021 01:54:18.0812 A
[ReportManager] Browser Action [CloseCurrentWindow] successfully performed. @17-10-2021 01:54:18.0943 AM
[ReportManager] Successfully created attachment [Browser Action Test Data - CloseCurrentWindow - Actual Value] @17-10-2021 01:54:18.0944 A
[ReportManager] File Action [GetAbsolutePath] successfully performed. With the following test data [Relative Folder Path: "target/downloadedFiles/"]. @17-10-2021 01:54:18.0947 AM
[ReportManager] Attempting to run remotely on: [Linux-64], [GoogleChrome], [http://localhost:4444/wd/hub], Headless Execution. @17-10-2021 01:54:18.0947 AM
[ReportManager] Successfully Opened [GoogleChrome]. @17-10-2021 01:54:19.0183 AM
[ReportManager] Target URL: [https://www.google.com/ncr], and after redirection: [www.google.com] @17-10-2021 01:54:19.0198 AM
[ReportManager] Initial URL: [data:,] @17-10-2021 01:54:19.0242 AM
[ReportManager] Browser Action [NavigateToURL] successfully performed. With the following test data [https://www.google.com/ncr]. @17-10-2021 01:54:20.0137 A

################################################################################################################################################
Starting Execution:	[27 out of 143] test cases in the current suite
Test Method:		[unitTests.tests_validations_assertions.assertElementExists_false_expectedToPass]
################################################################################################################################################
[ReportManager] Assertion [ValidateElementExists] PASSED. Expected [Element Should not Exist, locator 'By.id: fakeElement'] and Actual [Element Doesn't Exists]. Comparison Type [EQUALS]. Validation Type [NEGATIVE]. @17-10-2021 01:54:30.0524 AM
[ReportManager] Successfully created attachment [Screenshot - 1634435670474_assertElementExists_false_expectedToPass_ValidateElementExists_passed] @17-10-2021 01:54:30.0525 A
[ReportManager] Browser Action [CloseCurrentWindow] successfully performed. @17-10-2021 01:54:30.0645 AM
[ReportManager] Successfully created attachment [Browser Action Test Data - CloseCurrentWindow - Actual Value] @17-10-2021 01:54:30.0646 A
[ReportManager] File Action [GetAbsolutePath] successfully performed. With the following test data [Relative Folder Path: "target/downloadedFiles/"]. @17-10-2021 01:54:30.0649 AM
[ReportManager] Attempting to run remotely on: [Linux-64], [GoogleChrome], [http://localhost:4444/wd/hub], Headless Execution. @17-10-2021 01:54:30.0649 AM
[ReportManager] Successfully Opened [GoogleChrome]. @17-10-2021 01:54:30.0880 AM
[ReportManager] Target URL: [https://www.google.com/ncr], and after redirection: [www.google.com] @17-10-2021 01:54:30.0897 AM
[ReportManager] Initial URL: [data:,] @17-10-2021 01:54:30.0943 AM
[ReportManager] Browser Action [NavigateToURL] successfully performed. With the following test data [https://www.google.com/ncr]. @17-10-2021 01:54:31.0779 A

################################################################################################################################################
Starting Execution:	[28 out of 143] test cases in the current suite
Test Method:		[unitTests.tests_validations_assertions.assertElementExists_false_multipleElementsFound_expectedToFail]
################################################################################################################################################
[ReportManager] Assertion [ValidateElementExists] FAILED. Expected [Element Should not Exist, locator 'By.xpath: //div'] and Actual [Element Exists but is not unique]. Comparison Type [EQUALS]. Validation Type [NEGATIVE]. @17-10-2021 01:54:32.0035 AM
[ReportManager] Successfully created attachment [Screenshot - 1634435671973_assertElementExists_false_multipleElementsFound_expectedToFail_ValidateElementExists_failed] @17-10-2021 01:54:32.0036 A
[ReportManager] Browser Action [CloseCurrentWindow] successfully performed. @17-10-2021 01:54:32.0176 AM
[ReportManager] Successfully created attachment [Browser Action Test Data - CloseCurrentWindow - Actual Value] @17-10-2021 01:54:32.0177 A
[ReportManager] File Action [GetAbsolutePath] successfully performed. With the following test data [Relative Folder Path: "target/downloadedFiles/"]. @17-10-2021 01:54:32.0180 AM
[ReportManager] Attempting to run remotely on: [Linux-64], [GoogleChrome], [http://localhost:4444/wd/hub], Headless Execution. @17-10-2021 01:54:32.0181 AM
[ReportManager] Successfully Opened [GoogleChrome]. @17-10-2021 01:54:32.0451 AM
[ReportManager] Target URL: [https://www.google.com/ncr], and after redirection: [www.google.com] @17-10-2021 01:54:32.0462 AM
[ReportManager] Initial URL: [data:,] @17-10-2021 01:54:32.0507 AM
[ReportManager] Browser Action [NavigateToURL] successfully performed. With the following test data [https://www.google.com/ncr]. @17-10-2021 01:54:33.0384 A

################################################################################################################################################
Starting Execution:	[29 out of 143] test cases in the current suite
Test Method:		[unitTests.tests_validations_assertions.assertElementExists_true_expectedToFail]
################################################################################################################################################
[ReportManager] Assertion [ValidateElementExists] FAILED. Expected [Element Should Exist, locator 'By.id: fakeElement'] and Actual [Element Doesn't Exists]. Comparison Type [EQUALS]. Validation Type [POSITIVE]. @17-10-2021 01:55:04.0099 AM
[ReportManager] Successfully created attachment [Screenshot - 1634435704043_assertElementExists_true_expectedToFail_ValidateElementExists_failed] @17-10-2021 01:55:04.0100 A
[ReportManager] Browser Action [CloseCurrentWindow] successfully performed. @17-10-2021 01:55:04.0229 AM
[ReportManager] Successfully created attachment [Browser Action Test Data - CloseCurrentWindow - Actual Value] @17-10-2021 01:55:04.0230 A
[ReportManager] File Action [GetAbsolutePath] successfully performed. With the following test data [Relative Folder Path: "target/downloadedFiles/"]. @17-10-2021 01:55:04.0233 AM
[ReportManager] Attempting to run remotely on: [Linux-64], [GoogleChrome], [http://localhost:4444/wd/hub], Headless Execution. @17-10-2021 01:55:04.0233 AM
[ReportManager] Successfully Opened [GoogleChrome]. @17-10-2021 01:55:04.0534 AM
[ReportManager] Target URL: [https://www.google.com/ncr], and after redirection: [www.google.com] @17-10-2021 01:55:04.0546 AM
[ReportManager] Initial URL: [data:,] @17-10-2021 01:55:04.0591 AM
[ReportManager] Browser Action [NavigateToURL] successfully performed. With the following test data [https://www.google.com/ncr]. @17-10-2021 01:55:05.0495 A

################################################################################################################################################
Starting Execution:	[30 out of 143] test cases in the current suite
Test Method:		[unitTests.tests_validations_assertions.assertElementExists_true_expectedToPass]
################################################################################################################################################
[ReportManager] Loaded Shared OpenCV @17-10-2021 01:55:05.0698 AM
[ReportManager] Assertion [ValidateElementExists] PASSED. Expected [Element Should Exist, locator 'By.xpath: //*[@id='hplogo' or @alt='Google']'] and Actual [Element Exists]. Comparison Type [EQUALS]. Validation Type [POSITIVE]. @17-10-2021 01:55:05.0775 AM
[ReportManager] Successfully created attachment [Screenshot - 1634435705698_assertElementExists_true_expectedToPass_ValidateElementExists_passed] @17-10-2021 01:55:05.0776 A
[ReportManager] Browser Action [CloseCurrentWindow] successfully performed. @17-10-2021 01:55:05.0906 AM
[ReportManager] Successfully created attachment [Browser Action Test Data - CloseCurrentWindow - Actual Value] @17-10-2021 01:55:05.0907 A
[ReportManager] File Action [GetAbsolutePath] successfully performed. With the following test data [Relative Folder Path: "target/downloadedFiles/"]. @17-10-2021 01:55:05.0911 AM
[ReportManager] Attempting to run remotely on: [Linux-64], [GoogleChrome], [http://localhost:4444/wd/hub], Headless Execution. @17-10-2021 01:55:05.0911 AM
[ReportManager] Successfully Opened [GoogleChrome]. @17-10-2021 01:55:06.0133 AM
[ReportManager] Target URL: [https://www.google.com/ncr], and after redirection: [www.google.com] @17-10-2021 01:55:06.0152 AM
[ReportManager] Initial URL: [data:,] @17-10-2021 01:55:06.0195 AM
[ReportManager] Browser Action [NavigateToURL] successfully performed. With the following test data [https://www.google.com/ncr]. @17-10-2021 01:55:07.0166 A

################################################################################################################################################
Starting Execution:	[31 out of 143] test cases in the current suite
Test Method:		[unitTests.tests_validations_assertions.assertElementExists_true_multipleElementsFound_expectedToFail]
################################################################################################################################################
[ReportManager] Assertion [ValidateElementExists] FAILED. Expected [Element Should Exist, locator 'By.xpath: //div'] and Actual [Element Exists but is not unique]. Comparison Type [EQUALS]. Validation Type [POSITIVE]. @17-10-2021 01:55:07.0414 AM
[ReportManager] Successfully created attachment [Screenshot - 1634435707359_assertElementExists_true_multipleElementsFound_expectedToFail_ValidateElementExists_failed] @17-10-2021 01:55:07.0415 A
[ReportManager] Browser Action [CloseCurrentWindow] successfully performed. @17-10-2021 01:55:07.0545 AM
[ReportManager] Successfully created attachment [Browser Action Test Data - CloseCurrentWindow - Actual Value] @17-10-2021 01:55:07.0547 A

################################################################################################################################################
Starting Execution:	[32 out of 143] test cases in the current suite
Test Method:		[unitTests.tests_validations_assertions.assertEquals_false_expectedToFail]
################################################################################################################################################
[ReportManager] Assertion [ValidateEquals] FAILED. Expected [1] and Actual [1]. Comparison Type [EQUALS]. Validation Type [NEGATIVE]. @17-10-2021 01:55:07.0557 A

################################################################################################################################################
Starting Execution:	[33 out of 143] test cases in the current suite
Test Method:		[unitTests.tests_validations_assertions.assertEquals_false_expectedToPass]
################################################################################################################################################
[ReportManager] Assertion [ValidateEquals] PASSED. Expected [1] and Actual [2]. Comparison Type [EQUALS]. Validation Type [NEGATIVE]. @17-10-2021 01:55:07.0562 A

################################################################################################################################################
Starting Execution:	[34 out of 143] test cases in the current suite
Test Method:		[unitTests.tests_validations_assertions.assertEquals_longCharacters]
################################################################################################################################################
[ReportManager] Verification [ValidateEquals] PASSED. Expected and Actual values are attached. Comparison Type [EQUALS]. Validation Type [POSITIVE]. @17-10-2021 01:55:07.0567 AM
[ReportManager] Successfully created attachment [Validation Test Data - Expected Value] @17-10-2021 01:55:07.0567 AM
[ReportManager] Successfully created attachment [Validation Test Data - Actual Value] @17-10-2021 01:55:07.0568 AM
[ReportManager] Assertion [ValidateEquals] PASSED. Expected and Actual values are attached. Comparison Type [EQUALS]. Validation Type [POSITIVE]. @17-10-2021 01:55:07.0568 AM
[ReportManager] Successfully created attachment [Validation Test Data - Expected Value] @17-10-2021 01:55:07.0568 AM
[ReportManager] Successfully created attachment [Validation Test Data - Actual Value] @17-10-2021 01:55:07.0568 A

################################################################################################################################################
Starting Execution:	[35 out of 143] test cases in the current suite
Test Method:		[unitTests.tests_validations_assertions.assertEquals_longCharacters_Discreet]
################################################################################################################################################
[ReportManager] Assertion [ValidateEquals] PASSED. Expected [1LH5pROcDBjjQk0t0mCr0lXuzQu9lcGj28kY8R1H81X67eVAQJgWQhILiRWVPUgZ6uCtK5cnBkF55Jr9vYngjGO1Iyf0Mktv6lruDlL9T8MAUPcUZJGHZtji6nIeadujDSNmWMj5d6C8zlFqw0CRqBU0hO5adIasHgBSNoLotAjce3NGXoDwAlp3rYreeV16VIyZXROQY] and Actual [1LH5pROcDBjjQk0t0mCr0lXuzQu9lcGj28kY8R1H81X67eVAQJgWQhILiRWVPUgZ6uCtK5cnBkF55Jr9vYngjGO1Iyf0Mktv6lruDlL9T8MAUPcUZJGHZtji6nIeadujDSNmWMj5d6C8zlFqw0CRqBU0hO5adIasHgBSNoLotAjce3NGXoDwAlp3rYreeV16VIyZXROQY]. Comparison Type [EQUALS]. Validation Type [POSITIVE]. @17-10-2021 01:55:07.0573 A

################################################################################################################################################
Starting Execution:	[36 out of 143] test cases in the current suite
Test Method:		[unitTests.tests_validations_assertions.assertEquals_true_expectedToFail]
################################################################################################################################################
[ReportManager] Assertion [ValidateEquals] FAILED. Expected [1] and Actual [2]. Comparison Type [EQUALS]. Validation Type [POSITIVE]. @17-10-2021 01:55:07.0582 A

################################################################################################################################################
Starting Execution:	[37 out of 143] test cases in the current suite
Test Method:		[unitTests.tests_validations_assertions.assertEquals_true_expectedToPass]
Test Description:	[Assert that assertEquals works as expected when the two values are equal.]
################################################################################################################################################
[ReportManager] Verification [ValidateEquals] PASSED. Expected [1] and Actual [1]. Comparison Type [EQUALS]. Validation Type [POSITIVE]. @17-10-2021 01:55:07.0598 AM
[ReportManager] Assertion [ValidateEquals] PASSED. Expected [1] and Actual [1]. Comparison Type [EQUALS]. Validation Type [POSITIVE]. @17-10-2021 01:55:07.0600 A

################################################################################################################################################
Starting Execution:	[38 out of 143] test cases in the current suite
Test Method:		[unitTests.tests_validations_assertions.assertEquals_true_expectedToPass__]
################################################################################################################################################
[ReportManager] Assertion [ValidateEquals] PASSED. Expected [1] and Actual [1]. Comparison Type [EQUALS]. Validation Type [POSITIVE]. @17-10-2021 01:55:07.0607 A

################################################################################################################################################
Starting Execution:	[39 out of 143] test cases in the current suite
Test Method:		[unitTests.tests_validations_assertions.assertFileExists_false_expectedToFail]
################################################################################################################################################
[ReportManager] File Action [DoesFileExist] successfully performed. With the following test data [File Path: "src/main/java/com/shaft/gui/element/ElementActions.java"]. @17-10-2021 01:55:07.0614 AM
[ReportManager] Assertion [ValidateFileExists] FAILED. Expected [File 'src/main/java/com/shaft/gui/element/ElementActions.java' should not exist, after up to '1' retries] and Actual [File exists]. Validation Type [NEGATIVE]. @17-10-2021 01:55:07.0619 A

################################################################################################################################################
Starting Execution:	[40 out of 143] test cases in the current suite
Test Method:		[unitTests.tests_validations_assertions.assertFileExists_false_expectedToPass]
################################################################################################################################################
[ReportManager] File Action [DoesFileExist] successfully performed. With the following test data [File Path: "src/main/java/com/shaft/gui/element/ElementActions.java_fail"]. @17-10-2021 01:55:08.0124 AM
[ReportManager] Assertion [ValidateFileExists] PASSED. Expected [File 'src/main/java/com/shaft/gui/element/ElementActions.java_fail' should not exist, after up to '1' retries] and Actual [File does not exist]. Validation Type [NEGATIVE]. @17-10-2021 01:55:08.0125 A

################################################################################################################################################
Starting Execution:	[41 out of 143] test cases in the current suite
Test Method:		[unitTests.tests_validations_assertions.assertFileExists_true_expectedToFail]
################################################################################################################################################
[ReportManager] File Action [DoesFileExist] successfully performed. With the following test data [File Path: "src/main/java/com/shaft/gui/element/ElementActions.java_fail"]. @17-10-2021 01:55:08.0630 AM
[ReportManager] Assertion [ValidateFileExists] FAILED. Expected [File 'src/main/java/com/shaft/gui/element/ElementActions.java_fail' should exist, after up to '1' retries] and Actual [File does not exist]. Validation Type [POSITIVE]. @17-10-2021 01:55:08.0630 A

################################################################################################################################################
Starting Execution:	[42 out of 143] test cases in the current suite
Test Method:		[unitTests.tests_validations_assertions.assertFileExists_true_expectedToPass]
################################################################################################################################################
[ReportManager] File Action [DoesFileExist] successfully performed. With the following test data [File Path: "src/main/java/com/shaft/gui/element/ElementActions.java"]. @17-10-2021 01:55:08.0635 AM
[ReportManager] Assertion [ValidateFileExists] PASSED. Expected [File 'src/main/java/com/shaft/gui/element/ElementActions.java' should exist, after up to '1' retries] and Actual [File exists]. Validation Type [POSITIVE]. @17-10-2021 01:55:08.0635 A

################################################################################################################################################
Starting Execution:	[43 out of 143] test cases in the current suite
Test Method:		[unitTests.tests_validations_assertions.assertNull_false_expectedToFail]
################################################################################################################################################
[ReportManager] Assertion [ValidateNull] FAILED. Expected [NULL] and Actual [NULL]. Comparison Type [EQUALS]. Validation Type [NEGATIVE]. @17-10-2021 01:55:08.0640 A

################################################################################################################################################
Starting Execution:	[44 out of 143] test cases in the current suite
Test Method:		[unitTests.tests_validations_assertions.assertNull_false_expectedToPass]
################################################################################################################################################
[ReportManager] Assertion [ValidateNull] PASSED. Expected [NULL] and Actual [1]. Comparison Type [EQUALS]. Validation Type [NEGATIVE]. @17-10-2021 01:55:08.0645 A

################################################################################################################################################
Starting Execution:	[45 out of 143] test cases in the current suite
Test Method:		[unitTests.tests_validations_assertions.assertNull_true_expectedToFail]
################################################################################################################################################
[ReportManager] Assertion [ValidateNull] FAILED. Expected [NULL] and Actual [1]. Comparison Type [EQUALS]. Validation Type [POSITIVE]. @17-10-2021 01:55:08.0649 A

################################################################################################################################################
Starting Execution:	[46 out of 143] test cases in the current suite
Test Method:		[unitTests.tests_validations_assertions.assertNull_true_expectedToPass]
################################################################################################################################################
[ReportManager] Assertion [ValidateNull] PASSED. Expected [NULL] and Actual [NULL]. Comparison Type [EQUALS]. Validation Type [POSITIVE]. @17-10-2021 01:55:08.0652 A

################################################################################################################################################
Starting Execution:	[47 out of 143] test cases in the current suite
Test Method:		[unitTests.tests_restActions.getPostsAndAssertBodyForSpecificTitle]
################################################################################################################################################
[ReportManager] Response status code: [200], status line: [HTTP/1.1 200 OK] @17-10-2021 01:55:10.0918 AM
[ReportManager] Assertion Passed: Evaluating the actual response status code against the expected one... @17-10-2021 01:55:10.0920 AM
[ReportManager] Assertion [ValidateEquals] PASSED. Expected [200] and Actual [200]. Comparison Type [EQUALS]. Validation Type [POSITIVE]. @17-10-2021 01:55:10.0920 AM
[ReportManager] API Action [PerformRequest] successfully performed. With the following test data [Request Type: "GET" | Target Status Code: "200" | Service URL: "https://jsonplaceholder.typicode.com/posts" | Content Type: "*/*" | Response Time: "886ms"]. @17-10-2021 01:55:12.0355 AM
[ReportManager] Successfully created attachment [API Request - Specifications] @17-10-2021 01:55:12.0355 AM
[ReportManager] Successfully created attachment [API Response - JSON Body] @17-10-2021 01:55:12.0653 AM
[ReportManager] API Action [GetResponseJSONValueAsList] successfully performed. @17-10-2021 01:55:12.0689 AM
[ReportManager] API Action [GetResponseJSONValue] successfully performed. With the following test data [title]. @17-10-2021 01:55:12.0717 AM
[ReportManager] API Action [GetResponseJSONValue] successfully performed. With the following test data [title]. @17-10-2021 01:55:12.0744 AM
[ReportManager] API Action [GetResponseJSONValue] successfully performed. With the following test data [body]. @17-10-2021 01:55:12.0771 AM
[ReportManager] Assertion [ValidateEquals] PASSED. Expected [qui neque nisi nulla] and Actual [est rerum tempore vitae
sequi sint nihil reprehenderit dolor beatae ea dolores neque
fugiat blanditiis voluptate porro vel nihil molestiae ut reiciendis
qui aperiam non debitis possimus qui neque nisi nulla]. Comparison Type [CONTAINS]. Validation Type [POSITIVE]. @17-10-2021 01:55:12.0772 AM
[ReportManager] API Action [GetResponseJSONValue] successfully performed. With the following test data [title]. @17-10-2021 01:55:12.0789 AM
[ReportManager] API Action [GetResponseJSONValue] successfully performed. With the following test data [title]. @17-10-2021 01:55:12.0806 AM
[ReportManager] API Action [GetResponseJSONValue] successfully performed. With the following test data [title]. @17-10-2021 01:55:12.0829 AM
[ReportManager] API Action [GetResponseJSONValue] successfully performed. With the following test data [title]. @17-10-2021 01:55:12.0847 AM
[ReportManager] API Action [GetResponseJSONValue] successfully performed. With the following test data [title]. @17-10-2021 01:55:12.0866 AM
[ReportManager] API Action [GetResponseJSONValue] successfully performed. With the following test data [title]. @17-10-2021 01:55:12.0886 AM
[ReportManager] API Action [GetResponseJSONValue] successfully performed. With the following test data [title]. @17-10-2021 01:55:12.0905 AM
[ReportManager] API Action [GetResponseJSONValue] successfully performed. With the following test data [title]. @17-10-2021 01:55:12.0923 AM
[ReportManager] API Action [GetResponseJSONValue] successfully performed. With the following test data [title]. @17-10-2021 01:55:12.0943 AM
[ReportManager] API Action [GetResponseJSONValue] successfully performed. With the following test data [title]. @17-10-2021 01:55:12.0959 AM
[ReportManager] API Action [GetResponseJSONValue] successfully performed. With the following test data [title]. @17-10-2021 01:55:12.0984 AM
[ReportManager] API Action [GetResponseJSONValue] successfully performed. With the following test data [title]. @17-10-2021 01:55:13.0010 AM
[ReportManager] API Action [GetResponseJSONValue] successfully performed. With the following test data [title]. @17-10-2021 01:55:13.0023 AM
[ReportManager] API Action [GetResponseJSONValue] successfully performed. With the following test data [title]. @17-10-2021 01:55:13.0042 AM
[ReportManager] API Action [GetResponseJSONValue] successfully performed. With the following test data [title]. @17-10-2021 01:55:13.0065 AM
[ReportManager] API Action [GetResponseJSONValue] successfully performed. With the following test data [title]. @17-10-2021 01:55:13.0081 AM
[ReportManager] API Action [GetResponseJSONValue] successfully performed. With the following test data [title]. @17-10-2021 01:55:13.0095 AM
[ReportManager] API Action [GetResponseJSONValue] successfully performed. With the following test data [title]. @17-10-2021 01:55:13.0111 AM
[ReportManager] API Action [GetResponseJSONValue] successfully performed. With the following test data [title]. @17-10-2021 01:55:13.0124 AM
[ReportManager] API Action [GetResponseJSONValue] successfully performed. With the following test data [title]. @17-10-2021 01:55:13.0147 AM
[ReportManager] API Action [GetResponseJSONValue] successfully performed. With the following test data [title]. @17-10-2021 01:55:13.0165 AM
[ReportManager] API Action [GetResponseJSONValue] successfully performed. With the following test data [title]. @17-10-2021 01:55:13.0185 AM
[ReportManager] API Action [GetResponseJSONValue] successfully performed. With the following test data [title]. @17-10-2021 01:55:13.0198 AM
[ReportManager] API Action [GetResponseJSONValue] successfully performed. With the following test data [title]. @17-10-2021 01:55:13.0214 AM
[ReportManager] API Action [GetResponseJSONValue] successfully performed. With the following test data [title]. @17-10-2021 01:55:13.0233 AM
[ReportManager] API Action [GetResponseJSONValue] successfully performed. With the following test data [title]. @17-10-2021 01:55:13.0248 AM
[ReportManager] API Action [GetResponseJSONValue] successfully performed. With the following test data [title]. @17-10-2021 01:55:13.0268 AM
[ReportManager] API Action [GetResponseJSONValue] successfully performed. With the following test data [title]. @17-10-2021 01:55:13.0292 AM
[ReportManager] API Action [GetResponseJSONValue] successfully performed. With the following test data [title]. @17-10-2021 01:55:13.0305 AM
[ReportManager] API Action [GetResponseJSONValue] successfully performed. With the following test data [title]. @17-10-2021 01:55:13.0315 AM
[ReportManager] API Action [GetResponseJSONValue] successfully performed. With the following test data [title]. @17-10-2021 01:55:13.0334 AM
[ReportManager] API Action [GetResponseJSONValue] successfully performed. With the following test data [title]. @17-10-2021 01:55:13.0347 AM
[ReportManager] API Action [GetResponseJSONValue] successfully performed. With the following test data [title]. @17-10-2021 01:55:13.0375 AM
[ReportManager] API Action [GetResponseJSONValue] successfully performed. With the following test data [title]. @17-10-2021 01:55:13.0389 AM
[ReportManager] API Action [GetResponseJSONValue] successfully performed. With the following test data [title]. @17-10-2021 01:55:13.0402 AM
[ReportManager] API Action [GetResponseJSONValue] successfully performed. With the following test data [title]. @17-10-2021 01:55:13.0415 AM
[ReportManager] API Action [GetResponseJSONValue] successfully performed. With the following test data [title]. @17-10-2021 01:55:13.0428 AM
[ReportManager] API Action [GetResponseJSONValue] successfully performed. With the following test data [title]. @17-10-2021 01:55:13.0441 AM
[ReportManager] API Action [GetResponseJSONValue] successfully performed. With the following test data [title]. @17-10-2021 01:55:13.0464 AM
[ReportManager] API Action [GetResponseJSONValue] successfully performed. With the following test data [title]. @17-10-2021 01:55:13.0475 AM
[ReportManager] API Action [GetResponseJSONValue] successfully performed. With the following test data [title]. @17-10-2021 01:55:13.0486 AM
[ReportManager] API Action [GetResponseJSONValue] successfully performed. With the following test data [title]. @17-10-2021 01:55:13.0497 AM
[ReportManager] API Action [GetResponseJSONValue] successfully performed. With the following test data [title]. @17-10-2021 01:55:13.0508 AM
[ReportManager] API Action [GetResponseJSONValue] successfully performed. With the following test data [title]. @17-10-2021 01:55:13.0525 AM
[ReportManager] API Action [GetResponseJSONValue] successfully performed. With the following test data [title]. @17-10-2021 01:55:13.0538 AM
[ReportManager] API Action [GetResponseJSONValue] successfully performed. With the following test data [title]. @17-10-2021 01:55:13.0551 AM
[ReportManager] API Action [GetResponseJSONValue] successfully performed. With the following test data [title]. @17-10-2021 01:55:13.0563 AM
[ReportManager] API Action [GetResponseJSONValue] successfully performed. With the following test data [title]. @17-10-2021 01:55:13.0580 AM
[ReportManager] API Action [GetResponseJSONValue] successfully performed. With the following test data [title]. @17-10-2021 01:55:13.0590 AM
[ReportManager] API Action [GetResponseJSONValue] successfully performed. With the following test data [title]. @17-10-2021 01:55:13.0601 AM
[ReportManager] API Action [GetResponseJSONValue] successfully performed. With the following test data [title]. @17-10-2021 01:55:13.0613 AM
[ReportManager] API Action [GetResponseJSONValue] successfully performed. With the following test data [title]. @17-10-2021 01:55:13.0626 AM
[ReportManager] API Action [GetResponseJSONValue] successfully performed. With the following test data [title]. @17-10-2021 01:55:13.0643 AM
[ReportManager] API Action [GetResponseJSONValue] successfully performed. With the following test data [title]. @17-10-2021 01:55:13.0653 AM
[ReportManager] API Action [GetResponseJSONValue] successfully performed. With the following test data [title]. @17-10-2021 01:55:13.0666 AM
[ReportManager] API Action [GetResponseJSONValue] successfully performed. With the following test data [title]. @17-10-2021 01:55:13.0677 AM
[ReportManager] API Action [GetResponseJSONValue] successfully performed. With the following test data [title]. @17-10-2021 01:55:13.0690 AM
[ReportManager] API Action [GetResponseJSONValue] successfully performed. With the following test data [title]. @17-10-2021 01:55:13.0701 AM
[ReportManager] API Action [GetResponseJSONValue] successfully performed. With the following test data [title]. @17-10-2021 01:55:13.0718 AM
[ReportManager] API Action [GetResponseJSONValue] successfully performed. With the following test data [title]. @17-10-2021 01:55:13.0772 AM
[ReportManager] API Action [GetResponseJSONValue] successfully performed. With the following test data [title]. @17-10-2021 01:55:13.0789 AM
[ReportManager] API Action [GetResponseJSONValue] successfully performed. With the following test data [title]. @17-10-2021 01:55:13.0798 AM
[ReportManager] API Action [GetResponseJSONValue] successfully performed. With the following test data [title]. @17-10-2021 01:55:13.0807 AM
[ReportManager] API Action [GetResponseJSONValue] successfully performed. With the following test data [title]. @17-10-2021 01:55:13.0817 AM
[ReportManager] API Action [GetResponseJSONValue] successfully performed. With the following test data [title]. @17-10-2021 01:55:13.0832 AM
[ReportManager] API Action [GetResponseJSONValue] successfully performed. With the following test data [title]. @17-10-2021 01:55:13.0846 AM
[ReportManager] API Action [GetResponseJSONValue] successfully performed. With the following test data [title]. @17-10-2021 01:55:13.0858 AM
[ReportManager] API Action [GetResponseJSONValue] successfully performed. With the following test data [title]. @17-10-2021 01:55:13.0868 AM
[ReportManager] API Action [GetResponseJSONValue] successfully performed. With the following test data [title]. @17-10-2021 01:55:13.0878 AM
[ReportManager] API Action [GetResponseJSONValue] successfully performed. With the following test data [title]. @17-10-2021 01:55:13.0891 AM
[ReportManager] API Action [GetResponseJSONValue] successfully performed. With the following test data [title]. @17-10-2021 01:55:13.0900 AM
[ReportManager] API Action [GetResponseJSONValue] successfully performed. With the following test data [title]. @17-10-2021 01:55:13.0914 AM
[ReportManager] API Action [GetResponseJSONValue] successfully performed. With the following test data [title]. @17-10-2021 01:55:13.0935 AM
[ReportManager] API Action [GetResponseJSONValue] successfully performed. With the following test data [title]. @17-10-2021 01:55:13.0947 AM
[ReportManager] API Action [GetResponseJSONValue] successfully performed. With the following test data [title]. @17-10-2021 01:55:13.0955 AM
[ReportManager] API Action [GetResponseJSONValue] successfully performed. With the following test data [title]. @17-10-2021 01:55:13.0966 AM
[ReportManager] API Action [GetResponseJSONValue] successfully performed. With the following test data [title]. @17-10-2021 01:55:13.0980 AM
[ReportManager] API Action [GetResponseJSONValue] successfully performed. With the following test data [title]. @17-10-2021 01:55:13.0990 AM
[ReportManager] API Action [GetResponseJSONValue] successfully performed. With the following test data [title]. @17-10-2021 01:55:14.0000 AM
[ReportManager] API Action [GetResponseJSONValue] successfully performed. With the following test data [title]. @17-10-2021 01:55:14.0012 AM
[ReportManager] API Action [GetResponseJSONValue] successfully performed. With the following test data [title]. @17-10-2021 01:55:14.0024 AM
[ReportManager] API Action [GetResponseJSONValue] successfully performed. With the following test data [title]. @17-10-2021 01:55:14.0050 AM
[ReportManager] API Action [GetResponseJSONValue] successfully performed. With the following test data [title]. @17-10-2021 01:55:14.0061 AM
[ReportManager] API Action [GetResponseJSONValue] successfully performed. With the following test data [title]. @17-10-2021 01:55:14.0071 AM
[ReportManager] API Action [GetResponseJSONValue] successfully performed. With the following test data [title]. @17-10-2021 01:55:14.0081 AM
[ReportManager] API Action [GetResponseJSONValue] successfully performed. With the following test data [title]. @17-10-2021 01:55:14.0095 AM
[ReportManager] API Action [GetResponseJSONValue] successfully performed. With the following test data [title]. @17-10-2021 01:55:14.0105 AM
[ReportManager] API Action [GetResponseJSONValue] successfully performed. With the following test data [title]. @17-10-2021 01:55:14.0114 AM
[ReportManager] API Action [GetResponseJSONValue] successfully performed. With the following test data [title]. @17-10-2021 01:55:14.0125 AM
[ReportManager] API Action [GetResponseJSONValue] successfully performed. With the following test data [title]. @17-10-2021 01:55:14.0141 AM
[ReportManager] API Action [GetResponseJSONValue] successfully performed. With the following test data [title]. @17-10-2021 01:55:14.0153 AM
[ReportManager] API Action [GetResponseJSONValue] successfully performed. With the following test data [title]. @17-10-2021 01:55:14.0168 AM
[ReportManager] API Action [GetResponseJSONValue] successfully performed. With the following test data [title]. @17-10-2021 01:55:14.0187 AM
[ReportManager] API Action [GetResponseJSONValue] successfully performed. With the following test data [title]. @17-10-2021 01:55:14.0197 AM
[ReportManager] API Action [GetResponseJSONValue] successfully performed. With the following test data [title]. @17-10-2021 01:55:14.0208 AM
[ReportManager] API Action [GetResponseJSONValue] successfully performed. With the following test data [title]. @17-10-2021 01:55:14.0218 AM
[ReportManager] API Action [GetResponseJSONValue] successfully performed. With the following test data [title]. @17-10-2021 01:55:14.0232 AM
[ReportManager] API Action [GetResponseJSONValue] successfully performed. With the following test data [title]. @17-10-2021 01:55:14.0244 A

################################################################################################################################################
Starting Execution:	[48 out of 143] test cases in the current suite
Test Method:		[unitTests.tests_restActions.validateUserEmail]
################################################################################################################################################
[ReportManager] Response status code: [200], status line: [HTTP/1.1 200 OK] @17-10-2021 01:55:14.0368 AM
[ReportManager] Assertion Passed: Evaluating the actual response status code against the expected one... @17-10-2021 01:55:14.0369 AM
[ReportManager] Assertion [ValidateEquals] PASSED. Expected [200] and Actual [200]. Comparison Type [EQUALS]. Validation Type [POSITIVE]. @17-10-2021 01:55:14.0369 AM
[ReportManager] API Action [PerformRequest] successfully performed. With the following test data [Request Type: "GET" | Target Status Code: "200" | Service URL: "https://jsonplaceholder.typicode.com/users" | Content Type: "*/*" | Response Time: "90ms"]. @17-10-2021 01:55:14.0402 AM
[ReportManager] Successfully created attachment [API Request - Specifications] @17-10-2021 01:55:14.0402 AM
[ReportManager] Successfully created attachment [API Response - JSON Body] @17-10-2021 01:55:14.0403 AM
[ReportManager] Assertion [ValidateEquals] PASSED. Expected and Actual values are attached. Comparison Type [CONTAINS]. Validation Type [POSITIVE]. @17-10-2021 01:55:14.0403 AM
[ReportManager] Successfully created attachment [Validation Test Data - Expected Value] @17-10-2021 01:55:14.0403 AM
[ReportManager] Successfully created attachment [Validation Test Data - Actual Value] @17-10-2021 01:55:14.0404 AM
[ReportManager] API Action [GetResponseJSONValueAsList] successfully performed. With the following test data [$]. @17-10-2021 01:55:14.0411 AM
[ReportManager] API Action [GetResponseJSONValue] successfully performed. With the following test data [name]. @17-10-2021 01:55:14.0425 AM
[ReportManager] API Action [GetResponseJSONValue] successfully performed. With the following test data [email]. @17-10-2021 01:55:14.0436 AM
[ReportManager] Assertion [ValidateEquals] PASSED. Expected [Sincere@april.biz] and Actual [Sincere@april.biz]. Comparison Type [EQUALS]. Validation Type [POSITIVE]. @17-10-2021 01:55:14.0436 AM
[ReportManager] API Action [GetResponseJSONValue] successfully performed. With the following test data [name]. @17-10-2021 01:55:14.0494 AM
[ReportManager] API Action [GetResponseJSONValue] successfully performed. With the following test data [name]. @17-10-2021 01:55:14.0514 AM
[ReportManager] API Action [GetResponseJSONValue] successfully performed. With the following test data [name]. @17-10-2021 01:55:14.0552 AM
[ReportManager] API Action [GetResponseJSONValue] successfully performed. With the following test data [name]. @17-10-2021 01:55:14.0565 AM
[ReportManager] API Action [GetResponseJSONValue] successfully performed. With the following test data [name]. @17-10-2021 01:55:14.0575 AM
[ReportManager] API Action [GetResponseJSONValue] successfully performed. With the following test data [name]. @17-10-2021 01:55:14.0584 AM
[ReportManager] API Action [GetResponseJSONValue] successfully performed. With the following test data [name]. @17-10-2021 01:55:14.0595 AM
[ReportManager] API Action [GetResponseJSONValue] successfully performed. With the following test data [name]. @17-10-2021 01:55:14.0606 AM
[ReportManager] API Action [GetResponseJSONValue] successfully performed. With the following test data [name]. @17-10-2021 01:55:14.0615 A
[ReportManager] File Action [GetAbsolutePath] successfully performed. With the following test data [Relative Folder Path: "target/downloadedFiles/"]. @17-10-2021 01:55:14.0619 AM
[ReportManager] Attempting to run remotely on: [Linux-64], [GoogleChrome], [http://localhost:4444/wd/hub], Headless Execution. @17-10-2021 01:55:14.0620 AM
[ReportManager] Successfully Opened [GoogleChrome]. @17-10-2021 01:55:14.0919 AM
[ReportManager] Target URL: [https://duckduckgo.com] @17-10-2021 01:55:14.0930 AM
[ReportManager] Initial URL: [data:,] @17-10-2021 01:55:14.0980 AM
[ReportManager] Browser Action [NavigateToURL] successfully performed. With the following test data [https://duckduckgo.com]. @17-10-2021 01:55:15.0806 A

################################################################################################################################################
Starting Execution:	[49 out of 143] test cases in the current suite
Test Method:		[unitTests.tests_browserActions.fullScreenWindow]
################################################################################################################################################
[ReportManager] Initial Windows Size: 800x600 @17-10-2021 01:55:15.0818 AM
[ReportManager] Initial window size: (800, 600) @17-10-2021 01:55:15.0821 AM
[ReportManager] Window size after Toolkit: (1920, 1080) @17-10-2021 01:55:16.0043 AM
[ReportManager] Browser Action [MaximizeWindow] successfully performed. With the following test data [New screen size is now: (1920, 1080)]. @17-10-2021 01:55:16.0046 AM
[ReportManager] Current Windows Size after fullScreen: 1920x1080 @17-10-2021 01:55:16.0052 AM
[ReportManager] Browser Action [FullScreenWindow] successfully performed. @17-10-2021 01:55:16.0069 AM
[ReportManager] Successfully created attachment [Browser Action Test Data - FullScreenWindow - Actual Value] @17-10-2021 01:55:16.0071 A
[ReportManager] Target URL: [https://duckduckgo.com] @17-10-2021 01:55:16.0077 AM
[ReportManager] Initial URL: [https://duckduckgo.com] @17-10-2021 01:55:16.0161 AM
[ReportManager] Browser Action [NavigateToURL] successfully performed. With the following test data [https://duckduckgo.com]. @17-10-2021 01:55:16.0592 AM
[ReportManager] Browser Action [CloseCurrentWindow] successfully performed. @17-10-2021 01:55:16.0697 AM
[ReportManager] Successfully created attachment [Browser Action Test Data - CloseCurrentWindow - Actual Value] @17-10-2021 01:55:16.0700 A
[ReportManager] File Action [GetAbsolutePath] successfully performed. With the following test data [Relative Folder Path: "target/downloadedFiles/"]. @17-10-2021 01:55:16.0704 AM
[ReportManager] Attempting to run remotely on: [Linux-64], [GoogleChrome], [http://localhost:4444/wd/hub], Headless Execution. @17-10-2021 01:55:16.0704 AM
[ReportManager] Successfully Opened [GoogleChrome]. @17-10-2021 01:55:16.0926 AM
[ReportManager] Target URL: [https://duckduckgo.com] @17-10-2021 01:55:16.0938 AM
[ReportManager] Initial URL: [data:,] @17-10-2021 01:55:16.0979 AM
[ReportManager] Browser Action [NavigateToURL] successfully performed. With the following test data [https://duckduckgo.com]. @17-10-2021 01:55:17.0652 A

################################################################################################################################################
Starting Execution:	[50 out of 143] test cases in the current suite
Test Method:		[unitTests.tests_browserActions.getCurrentURL]
################################################################################################################################################
[ReportManager] Browser Action [GetCurrentURL] successfully performed. With the following test data [https://duckduckgo.com/]. @17-10-2021 01:55:17.0707 A
[ReportManager] Target URL: [https://duckduckgo.com] @17-10-2021 01:55:17.0710 AM
[ReportManager] Initial URL: [https://duckduckgo.com] @17-10-2021 01:55:17.0772 AM
[ReportManager] Browser Action [NavigateToURL] successfully performed. With the following test data [https://duckduckgo.com]. @17-10-2021 01:55:18.0125 AM
[ReportManager] Browser Action [CloseCurrentWindow] successfully performed. @17-10-2021 01:55:18.0230 AM
[ReportManager] Successfully created attachment [Browser Action Test Data - CloseCurrentWindow - Actual Value] @17-10-2021 01:55:18.0234 A
[ReportManager] File Action [GetAbsolutePath] successfully performed. With the following test data [Relative Folder Path: "target/downloadedFiles/"]. @17-10-2021 01:55:18.0236 AM
[ReportManager] Attempting to run remotely on: [Linux-64], [GoogleChrome], [http://localhost:4444/wd/hub], Headless Execution. @17-10-2021 01:55:18.0237 AM
[ReportManager] Successfully Opened [GoogleChrome]. @17-10-2021 01:55:18.0489 AM
[ReportManager] Target URL: [https://duckduckgo.com] @17-10-2021 01:55:18.0514 AM
[ReportManager] Initial URL: [data:,] @17-10-2021 01:55:18.0564 AM
[ReportManager] Browser Action [NavigateToURL] successfully performed. With the following test data [https://duckduckgo.com]. @17-10-2021 01:55:19.0204 A

################################################################################################################################################
Starting Execution:	[51 out of 143] test cases in the current suite
Test Method:		[unitTests.tests_browserActions.getCurrentWindowTitle]
################################################################################################################################################
[ReportManager] Browser Action [GetCurrentWindowTitle] successfully performed. With the following test data [DuckDuckGo  Privacy, simplified.]. @17-10-2021 01:55:19.0263 A
[ReportManager] Target URL: [https://duckduckgo.com] @17-10-2021 01:55:19.0269 AM
[ReportManager] Initial URL: [https://duckduckgo.com] @17-10-2021 01:55:19.0340 AM
[ReportManager] Browser Action [NavigateToURL] successfully performed. With the following test data [https://duckduckgo.com]. @17-10-2021 01:55:19.0699 AM
[ReportManager] Browser Action [CloseCurrentWindow] successfully performed. @17-10-2021 01:55:19.0804 AM
[ReportManager] Successfully created attachment [Browser Action Test Data - CloseCurrentWindow - Actual Value] @17-10-2021 01:55:19.0804 A
[ReportManager] File Action [GetAbsolutePath] successfully performed. With the following test data [Relative Folder Path: "target/downloadedFiles/"]. @17-10-2021 01:55:19.0807 AM
[ReportManager] Attempting to run remotely on: [Linux-64], [GoogleChrome], [http://localhost:4444/wd/hub], Headless Execution. @17-10-2021 01:55:19.0807 AM
[ReportManager] Successfully Opened [GoogleChrome]. @17-10-2021 01:55:20.0038 AM
[ReportManager] Target URL: [https://duckduckgo.com] @17-10-2021 01:55:20.0052 AM
[ReportManager] Initial URL: [data:,] @17-10-2021 01:55:20.0100 AM
[ReportManager] Browser Action [NavigateToURL] successfully performed. With the following test data [https://duckduckgo.com]. @17-10-2021 01:55:20.0801 A

################################################################################################################################################
Starting Execution:	[52 out of 143] test cases in the current suite
Test Method:		[unitTests.tests_browserActions.getPageSource]
################################################################################################################################################
[ReportManager] Browser Action [GetPageSource] successfully performed. @17-10-2021 01:55:20.0858 AM
[ReportManager] Successfully created attachment [Browser Action Test Data - GetPageSource - Actual Value] @17-10-2021 01:55:20.0859 A
[ReportManager] Target URL: [https://duckduckgo.com] @17-10-2021 01:55:20.0861 AM
[ReportManager] Initial URL: [https://duckduckgo.com] @17-10-2021 01:55:20.0933 AM
[ReportManager] Browser Action [NavigateToURL] successfully performed. With the following test data [https://duckduckgo.com]. @17-10-2021 01:55:21.0343 AM
[ReportManager] Browser Action [CloseCurrentWindow] successfully performed. @17-10-2021 01:55:21.0462 AM
[ReportManager] Successfully created attachment [Browser Action Test Data - CloseCurrentWindow - Actual Value] @17-10-2021 01:55:21.0462 A
[ReportManager] File Action [GetAbsolutePath] successfully performed. With the following test data [Relative Folder Path: "target/downloadedFiles/"]. @17-10-2021 01:55:21.0465 AM
[ReportManager] Attempting to run remotely on: [Linux-64], [GoogleChrome], [http://localhost:4444/wd/hub], Headless Execution. @17-10-2021 01:55:21.0465 AM
[ReportManager] Successfully Opened [GoogleChrome]. @17-10-2021 01:55:21.0689 AM
[ReportManager] Target URL: [https://duckduckgo.com] @17-10-2021 01:55:21.0699 AM
[ReportManager] Initial URL: [data:,] @17-10-2021 01:55:21.0746 AM
[ReportManager] Browser Action [NavigateToURL] successfully performed. With the following test data [https://duckduckgo.com]. @17-10-2021 01:55:22.0446 A

################################################################################################################################################
Starting Execution:	[53 out of 143] test cases in the current suite
Test Method:		[unitTests.tests_browserActions.getWindowHandle]
################################################################################################################################################
[ReportManager] Browser Action [GetWindowHandle] successfully performed. With the following test data [CDwindow-DB017F3F4557B04146D56C9D5DD9CAEB]. @17-10-2021 01:55:22.0486 A
[ReportManager] Target URL: [https://duckduckgo.com] @17-10-2021 01:55:22.0490 AM
[ReportManager] Initial URL: [https://duckduckgo.com] @17-10-2021 01:55:22.0553 AM
[ReportManager] Browser Action [NavigateToURL] successfully performed. With the following test data [https://duckduckgo.com]. @17-10-2021 01:55:23.0011 AM
[ReportManager] Browser Action [CloseCurrentWindow] successfully performed. @17-10-2021 01:55:23.0123 AM
[ReportManager] Successfully created attachment [Browser Action Test Data - CloseCurrentWindow - Actual Value] @17-10-2021 01:55:23.0123 A
[ReportManager] File Action [GetAbsolutePath] successfully performed. With the following test data [Relative Folder Path: "target/downloadedFiles/"]. @17-10-2021 01:55:23.0126 AM
[ReportManager] Attempting to run remotely on: [Linux-64], [GoogleChrome], [http://localhost:4444/wd/hub], Headless Execution. @17-10-2021 01:55:23.0126 AM
[ReportManager] Successfully Opened [GoogleChrome]. @17-10-2021 01:55:23.0379 AM
[ReportManager] Target URL: [https://duckduckgo.com] @17-10-2021 01:55:23.0391 AM
[ReportManager] Initial URL: [data:,] @17-10-2021 01:55:23.0443 AM
[ReportManager] Browser Action [NavigateToURL] successfully performed. With the following test data [https://duckduckgo.com]. @17-10-2021 01:55:24.0111 A

################################################################################################################################################
Starting Execution:	[54 out of 143] test cases in the current suite
Test Method:		[unitTests.tests_browserActions.getWindowPosition]
################################################################################################################################################
[ReportManager] Browser Action [GetWindowPosition] successfully performed. With the following test data [(0, 0)]. @17-10-2021 01:55:24.0156 A
[ReportManager] Target URL: [https://duckduckgo.com] @17-10-2021 01:55:24.0160 AM
[ReportManager] Initial URL: [https://duckduckgo.com] @17-10-2021 01:55:24.0225 AM
[ReportManager] Browser Action [NavigateToURL] successfully performed. With the following test data [https://duckduckgo.com]. @17-10-2021 01:55:24.0624 AM
[ReportManager] Browser Action [CloseCurrentWindow] successfully performed. @17-10-2021 01:55:24.0726 AM
[ReportManager] Successfully created attachment [Browser Action Test Data - CloseCurrentWindow - Actual Value] @17-10-2021 01:55:24.0727 A
[ReportManager] File Action [GetAbsolutePath] successfully performed. With the following test data [Relative Folder Path: "target/downloadedFiles/"]. @17-10-2021 01:55:24.0737 AM
[ReportManager] Attempting to run remotely on: [Linux-64], [GoogleChrome], [http://localhost:4444/wd/hub], Headless Execution. @17-10-2021 01:55:24.0744 AM
[ReportManager] Successfully Opened [GoogleChrome]. @17-10-2021 01:55:25.0127 AM
[ReportManager] Target URL: [https://duckduckgo.com] @17-10-2021 01:55:25.0154 AM
[ReportManager] Initial URL: [data:,] @17-10-2021 01:55:25.0198 AM
[ReportManager] Browser Action [NavigateToURL] successfully performed. With the following test data [https://duckduckgo.com]. @17-10-2021 01:55:26.0075 A

################################################################################################################################################
Starting Execution:	[55 out of 143] test cases in the current suite
Test Method:		[unitTests.tests_browserActions.getWindowSize]
################################################################################################################################################
[ReportManager] Browser Action [GetWindowSize] successfully performed. With the following test data [(800, 600)]. @17-10-2021 01:55:26.0117 A
[ReportManager] Target URL: [https://duckduckgo.com] @17-10-2021 01:55:26.0119 AM
[ReportManager] Initial URL: [https://duckduckgo.com] @17-10-2021 01:55:26.0185 AM
[ReportManager] Browser Action [NavigateToURL] successfully performed. With the following test data [https://duckduckgo.com]. @17-10-2021 01:55:26.0585 AM
[ReportManager] Browser Action [CloseCurrentWindow] successfully performed. @17-10-2021 01:55:26.0689 AM
[ReportManager] Successfully created attachment [Browser Action Test Data - CloseCurrentWindow - Actual Value] @17-10-2021 01:55:26.0690 A
[ReportManager] File Action [GetAbsolutePath] successfully performed. With the following test data [Relative Folder Path: "target/downloadedFiles/"]. @17-10-2021 01:55:26.0692 AM
[ReportManager] Attempting to run remotely on: [Linux-64], [GoogleChrome], [http://localhost:4444/wd/hub], Headless Execution. @17-10-2021 01:55:26.0692 AM
[ReportManager] Successfully Opened [GoogleChrome]. @17-10-2021 01:55:26.0919 AM
[ReportManager] Target URL: [https://duckduckgo.com] @17-10-2021 01:55:26.0932 AM
[ReportManager] Initial URL: [data:,] @17-10-2021 01:55:26.0976 AM
[ReportManager] Browser Action [NavigateToURL] successfully performed. With the following test data [https://duckduckgo.com]. @17-10-2021 01:55:27.0661 A

################################################################################################################################################
Starting Execution:	[56 out of 143] test cases in the current suite
Test Method:		[unitTests.tests_browserActions.maximizeWindow]
################################################################################################################################################
[ReportManager] Initial window size: (800, 600) @17-10-2021 01:55:27.0673 AM
[ReportManager] Window size after Toolkit: (1920, 1080) @17-10-2021 01:55:27.0894 AM
[ReportManager] Browser Action [MaximizeWindow] successfully performed. With the following test data [New screen size is now: (1920, 1080)]. @17-10-2021 01:55:27.0896 A
[ReportManager] Target URL: [https://duckduckgo.com] @17-10-2021 01:55:27.0901 AM
[ReportManager] Initial URL: [https://duckduckgo.com] @17-10-2021 01:55:27.0957 AM
[ReportManager] Browser Action [NavigateToURL] successfully performed. With the following test data [https://duckduckgo.com]. @17-10-2021 01:55:28.0314 AM
[ReportManager] Browser Action [CloseCurrentWindow] successfully performed. @17-10-2021 01:55:28.0422 AM
[ReportManager] Successfully created attachment [Browser Action Test Data - CloseCurrentWindow - Actual Value] @17-10-2021 01:55:28.0423 A
[ReportManager] File Action [GetAbsolutePath] successfully performed. With the following test data [Relative Folder Path: "target/downloadedFiles/"]. @17-10-2021 01:55:28.0425 AM
[ReportManager] Attempting to run remotely on: [Linux-64], [GoogleChrome], [http://localhost:4444/wd/hub], Headless Execution. @17-10-2021 01:55:28.0425 AM
[ReportManager] Successfully Opened [GoogleChrome]. @17-10-2021 01:55:28.0655 AM
[ReportManager] Target URL: [https://duckduckgo.com] @17-10-2021 01:55:28.0666 AM
[ReportManager] Initial URL: [data:,] @17-10-2021 01:55:28.0710 AM
[ReportManager] Browser Action [NavigateToURL] successfully performed. With the following test data [https://duckduckgo.com]. @17-10-2021 01:55:29.0396 A

################################################################################################################################################
Starting Execution:	[57 out of 143] test cases in the current suite
Test Method:		[unitTests.tests_browserActions.navigateBack]
################################################################################################################################################
[ReportManager] Target URL: [https://www.google.com/ncr], and after redirection: [https://www.google.com] @17-10-2021 01:55:29.0406 AM
[ReportManager] Initial URL: [https://duckduckgo.com] @17-10-2021 01:55:29.0471 AM
[ReportManager] Browser Action [NavigateToURL] successfully performed. With the following test data [https://www.google.com/ncr]. @17-10-2021 01:55:30.0368 AM
[ReportManager] Browser Action [NavigateBack] successfully performed. With the following test data [https://duckduckgo.com/]. @17-10-2021 01:55:30.0769 AM
[ReportManager] Browser Action [GetCurrentURL] successfully performed. With the following test data [https://duckduckgo.com/]. @17-10-2021 01:55:30.0804 AM
[ReportManager] Assertion Passed: Confirming that navigating back was successful @17-10-2021 01:55:30.0932 AM
[ReportManager] Successfully created attachment [Screenshot - 1634435730876_navigateBack_ValidateBrowserAttribute_passed] @17-10-2021 01:55:30.0935 AM
[ReportManager] Assertion [ValidateBrowserAttribute] PASSED. Expected [Value Should be 'https://duckduckgo.com' for the 'CurrentUrl' attribute] and Actual [https://duckduckgo.com/]. Comparison Type [CONTAINS]. Validation Type [POSITIVE]. @17-10-2021 01:55:30.0935 A
[ReportManager] Target URL: [https://duckduckgo.com] @17-10-2021 01:55:30.0938 AM
[ReportManager] Initial URL: [https://duckduckgo.com] @17-10-2021 01:55:31.0009 AM
[ReportManager] Browser Action [NavigateToURL] successfully performed. With the following test data [https://duckduckgo.com]. @17-10-2021 01:55:31.0356 AM
[ReportManager] Browser Action [CloseCurrentWindow] successfully performed. @17-10-2021 01:55:31.0460 AM
[ReportManager] Successfully created attachment [Browser Action Test Data - CloseCurrentWindow - Actual Value] @17-10-2021 01:55:31.0460 A
[ReportManager] File Action [GetAbsolutePath] successfully performed. With the following test data [Relative Folder Path: "target/downloadedFiles/"]. @17-10-2021 01:55:31.0467 AM
[ReportManager] Attempting to run remotely on: [Linux-64], [GoogleChrome], [http://localhost:4444/wd/hub], Headless Execution. @17-10-2021 01:55:31.0467 AM
[ReportManager] Successfully Opened [GoogleChrome]. @17-10-2021 01:55:31.0718 AM
[ReportManager] Target URL: [https://duckduckgo.com] @17-10-2021 01:55:31.0728 AM
[ReportManager] Initial URL: [data:,] @17-10-2021 01:55:31.0767 AM
[ReportManager] Browser Action [NavigateToURL] successfully performed. With the following test data [https://duckduckgo.com]. @17-10-2021 01:55:32.0394 A

################################################################################################################################################
Starting Execution:	[58 out of 143] test cases in the current suite
Test Method:		[unitTests.tests_browserActions.navigateForward]
################################################################################################################################################
[ReportManager] Target URL: [https://www.google.com/ncr], and after redirection: [https://www.google.com] @17-10-2021 01:55:32.0398 AM
[ReportManager] Initial URL: [https://duckduckgo.com] @17-10-2021 01:55:32.0471 AM
[ReportManager] Browser Action [NavigateToURL] successfully performed. With the following test data [https://www.google.com/ncr]. @17-10-2021 01:55:33.0318 AM
[ReportManager] Browser Action [NavigateBack] successfully performed. With the following test data [https://duckduckgo.com/]. @17-10-2021 01:55:33.0705 AM
[ReportManager] Browser Action [NavigateForward] successfully performed. With the following test data [https://www.google.com/]. @17-10-2021 01:55:34.0129 A
[ReportManager] Target URL: [https://duckduckgo.com] @17-10-2021 01:55:34.0132 AM
[ReportManager] Initial URL: [https://www.google.com] @17-10-2021 01:55:34.0209 AM
[ReportManager] Browser Action [NavigateToURL] successfully performed. With the following test data [https://duckduckgo.com]. @17-10-2021 01:55:34.0691 AM
[ReportManager] Browser Action [CloseCurrentWindow] successfully performed. @17-10-2021 01:55:34.0795 AM
[ReportManager] Successfully created attachment [Browser Action Test Data - CloseCurrentWindow - Actual Value] @17-10-2021 01:55:34.0796 A
[ReportManager] File Action [GetAbsolutePath] successfully performed. With the following test data [Relative Folder Path: "target/downloadedFiles/"]. @17-10-2021 01:55:34.0798 AM
[ReportManager] Attempting to run remotely on: [Linux-64], [GoogleChrome], [http://localhost:4444/wd/hub], Headless Execution. @17-10-2021 01:55:34.0798 AM
[ReportManager] Successfully Opened [GoogleChrome]. @17-10-2021 01:55:35.0023 AM
[ReportManager] Target URL: [https://duckduckgo.com] @17-10-2021 01:55:35.0038 AM
[ReportManager] Initial URL: [data:,] @17-10-2021 01:55:35.0085 AM
[ReportManager] Browser Action [NavigateToURL] successfully performed. With the following test data [https://duckduckgo.com]. @17-10-2021 01:55:35.0723 A

################################################################################################################################################
Starting Execution:	[59 out of 143] test cases in the current suite
Test Method:		[unitTests.tests_browserActions.navigateToURL]
################################################################################################################################################
[ReportManager] Target URL: [https://duckduckgo.com] @17-10-2021 01:55:35.0726 AM
[ReportManager] Initial URL: [https://duckduckgo.com] @17-10-2021 01:55:35.0787 AM
[ReportManager] Browser Action [NavigateToURL] successfully performed. With the following test data [https://duckduckgo.com]. @17-10-2021 01:55:36.0133 A
[ReportManager] Target URL: [https://duckduckgo.com] @17-10-2021 01:55:36.0135 AM
[ReportManager] Initial URL: [https://duckduckgo.com] @17-10-2021 01:55:36.0228 AM
[ReportManager] Browser Action [NavigateToURL] successfully performed. With the following test data [https://duckduckgo.com]. @17-10-2021 01:55:36.0554 AM
[ReportManager] Browser Action [CloseCurrentWindow] successfully performed. @17-10-2021 01:55:36.0657 AM
[ReportManager] Successfully created attachment [Browser Action Test Data - CloseCurrentWindow - Actual Value] @17-10-2021 01:55:36.0658 A
[ReportManager] File Action [GetAbsolutePath] successfully performed. With the following test data [Relative Folder Path: "target/downloadedFiles/"]. @17-10-2021 01:55:36.0660 AM
[ReportManager] Attempting to run remotely on: [Linux-64], [GoogleChrome], [http://localhost:4444/wd/hub], Headless Execution. @17-10-2021 01:55:36.0660 AM
[ReportManager] Successfully Opened [GoogleChrome]. @17-10-2021 01:55:36.0876 AM
[ReportManager] Target URL: [https://duckduckgo.com] @17-10-2021 01:55:36.0887 AM
[ReportManager] Initial URL: [data:,] @17-10-2021 01:55:36.0924 AM
[ReportManager] Browser Action [NavigateToURL] successfully performed. With the following test data [https://duckduckgo.com]. @17-10-2021 01:55:37.0584 A

################################################################################################################################################
Starting Execution:	[60 out of 143] test cases in the current suite
Test Method:		[unitTests.tests_browserActions.navigateToURLWithRedirection]
################################################################################################################################################
[ReportManager] Target URL: [https://www.google.com/ncr], and after redirection: [https://www.google.com] @17-10-2021 01:55:37.0593 AM
[ReportManager] Initial URL: [https://duckduckgo.com] @17-10-2021 01:55:37.0653 AM
[ReportManager] Browser Action [NavigateToURL] successfully performed. With the following test data [https://www.google.com/ncr]. @17-10-2021 01:55:38.0543 A
[ReportManager] Target URL: [https://duckduckgo.com] @17-10-2021 01:55:38.0547 AM
[ReportManager] Initial URL: [https://www.google.com] @17-10-2021 01:55:38.0626 AM
[ReportManager] Browser Action [NavigateToURL] successfully performed. With the following test data [https://duckduckgo.com]. @17-10-2021 01:55:39.0141 AM
[ReportManager] Browser Action [CloseCurrentWindow] successfully performed. @17-10-2021 01:55:39.0238 AM
[ReportManager] Successfully created attachment [Browser Action Test Data - CloseCurrentWindow - Actual Value] @17-10-2021 01:55:39.0238 A
[ReportManager] File Action [GetAbsolutePath] successfully performed. With the following test data [Relative Folder Path: "target/downloadedFiles/"]. @17-10-2021 01:55:39.0246 AM
[ReportManager] Attempting to run remotely on: [Linux-64], [GoogleChrome], [http://localhost:4444/wd/hub], Headless Execution. @17-10-2021 01:55:39.0246 AM
[ReportManager] Successfully Opened [GoogleChrome]. @17-10-2021 01:55:39.0548 AM
[ReportManager] Target URL: [https://duckduckgo.com] @17-10-2021 01:55:39.0563 AM
[ReportManager] Initial URL: [data:,] @17-10-2021 01:55:39.0602 AM
[ReportManager] Browser Action [NavigateToURL] successfully performed. With the following test data [https://duckduckgo.com]. @17-10-2021 01:55:40.0286 A

################################################################################################################################################
Starting Execution:	[61 out of 143] test cases in the current suite
Test Method:		[unitTests.tests_browserActions.refreshCurrentPage]
################################################################################################################################################
[ReportManager] Browser Action [RefreshCurrentPage] successfully performed. @17-10-2021 01:55:40.0504 AM
[ReportManager] Successfully created attachment [Browser Action Test Data - RefreshCurrentPage - Actual Value] @17-10-2021 01:55:40.0505 A
[ReportManager] Target URL: [https://duckduckgo.com] @17-10-2021 01:55:40.0509 AM
[ReportManager] Initial URL: [https://duckduckgo.com] @17-10-2021 01:55:40.0582 AM
[ReportManager] Browser Action [NavigateToURL] successfully performed. With the following test data [https://duckduckgo.com]. @17-10-2021 01:55:40.0918 AM
[ReportManager] Browser Action [CloseCurrentWindow] successfully performed. @17-10-2021 01:55:41.0018 AM
[ReportManager] Successfully created attachment [Browser Action Test Data - CloseCurrentWindow - Actual Value] @17-10-2021 01:55:41.0019 A
[ReportManager] File Action [GetAbsolutePath] successfully performed. With the following test data [Relative Folder Path: "target/downloadedFiles/"]. @17-10-2021 01:55:41.0021 AM
[ReportManager] Attempting to run remotely on: [Linux-64], [GoogleChrome], [http://localhost:4444/wd/hub], Headless Execution. @17-10-2021 01:55:41.0021 AM
[ReportManager] Successfully Opened [GoogleChrome]. @17-10-2021 01:55:41.0257 AM
[ReportManager] Target URL: [https://duckduckgo.com] @17-10-2021 01:55:41.0283 AM
[ReportManager] Initial URL: [data:,] @17-10-2021 01:55:41.0327 AM
[ReportManager] Browser Action [NavigateToURL] successfully performed. With the following test data [https://duckduckgo.com]. @17-10-2021 01:55:41.0986 A

################################################################################################################################################
Starting Execution:	[62 out of 143] test cases in the current suite
Test Method:		[unitTests.tests_browserActions.setWindowSize]
################################################################################################################################################
[ReportManager] Initial window size: (800, 600) @17-10-2021 01:55:42.0012 AM
[ReportManager] Window size after SWD: (1280, 720) @17-10-2021 01:55:42.0232 AM
[ReportManager] Browser Action [SetWindowSize] successfully performed. With the following test data [New screen size is now: (1280, 720)]. @17-10-2021 01:55:42.0232 A
[ReportManager] Target URL: [https://duckduckgo.com] @17-10-2021 01:55:42.0234 AM
[ReportManager] Initial URL: [https://duckduckgo.com] @17-10-2021 01:55:42.0303 AM
[ReportManager] Browser Action [NavigateToURL] successfully performed. With the following test data [https://duckduckgo.com]. @17-10-2021 01:55:42.0635 AM
[ReportManager] Browser Action [CloseCurrentWindow] successfully performed. @17-10-2021 01:55:42.0735 AM
[ReportManager] Successfully created attachment [Browser Action Test Data - CloseCurrentWindow - Actual Value] @17-10-2021 01:55:42.0735 A
[ReportManager] File Action [GetAbsolutePath] successfully performed. With the following test data [Relative Folder Path: "target/downloadedFiles/"]. @17-10-2021 01:55:42.0738 AM
[ReportManager] Attempting to run remotely on: [Linux-64], [GoogleChrome], [http://localhost:4444/wd/hub], Headless Execution. @17-10-2021 01:55:42.0740 AM
[ReportManager] Successfully Opened [GoogleChrome]. @17-10-2021 01:55:42.0940 A

################################################################################################################################################
Starting Execution:	[63 out of 143] test cases in the current suite
Test Method:		[unitTests.tests_element_elementActions.waitForElementToBePresent_false_expectedToFail]
################################################################################################################################################
[ReportManager] Target URL: [https://www.google.com/ncr], and after redirection: [www.google.com] @17-10-2021 01:55:42.0958 AM
[ReportManager] Initial URL: [data:,] @17-10-2021 01:55:42.0995 AM
[ReportManager] Browser Action [NavigateToURL] successfully performed. With the following test data [https://www.google.com/ncr]. @17-10-2021 01:55:43.0861 AM
[ReportManager] Waiting for element to be present; elementLocator [By.xpath: //*[@id='hplogo' or @alt='Google']], numberOfTries[1], stateOfPresence[false]... @17-10-2021 01:55:43.0868 AM
[ReportManager] Element Action [WaitForElementToBePresent] failed. With the following test data [waited for the element's state of presence to be (false). Element locator (By.xpath: //*[@id='hplogo' or @alt='Google'])]. @17-10-2021 01:55:44.0052 AM
[ReportManager] Successfully created attachment [Screenshot - 1634435743992_waitForElementToBePresent_false_expectedToFail_WaitForElementToBePresent_failed] @17-10-2021 01:55:44.0053 A
[ReportManager] Browser Action [CloseCurrentWindow] successfully performed. @17-10-2021 01:55:44.0176 AM
[ReportManager] Successfully created attachment [Browser Action Test Data - CloseCurrentWindow - Actual Value] @17-10-2021 01:55:44.0177 A
[ReportManager] File Action [GetAbsolutePath] successfully performed. With the following test data [Relative Folder Path: "target/downloadedFiles/"]. @17-10-2021 01:55:44.0181 AM
[ReportManager] Attempting to run remotely on: [Linux-64], [GoogleChrome], [http://localhost:4444/wd/hub], Headless Execution. @17-10-2021 01:55:44.0181 AM
[ReportManager] Successfully Opened [GoogleChrome]. @17-10-2021 01:55:44.0399 A

################################################################################################################################################
Starting Execution:	[64 out of 143] test cases in the current suite
Test Method:		[unitTests.tests_element_elementActions.waitForElementToBePresent_false_expectedToPass]
################################################################################################################################################
[ReportManager] Target URL: [https://www.google.com/ncr], and after redirection: [www.google.com] @17-10-2021 01:55:44.0424 AM
[ReportManager] Initial URL: [data:,] @17-10-2021 01:55:44.0465 AM
[ReportManager] Browser Action [NavigateToURL] successfully performed. With the following test data [https://www.google.com/ncr]. @17-10-2021 01:55:45.0296 AM
[ReportManager] Waiting for element to be present; elementLocator [By.id: bla], numberOfTries[1], stateOfPresence[false]... @17-10-2021 01:55:45.0296 AM
[ReportManager] Element Action [WaitForElementToBePresent] successfully performed. With the following test data [waited for the element's state of presence to be (false). Element locator (By.id: bla)]. @17-10-2021 01:55:50.0414 A
[ReportManager] Browser Action [CloseCurrentWindow] successfully performed. @17-10-2021 01:55:50.0533 AM
[ReportManager] Successfully created attachment [Browser Action Test Data - CloseCurrentWindow - Actual Value] @17-10-2021 01:55:50.0538 A
[ReportManager] File Action [GetAbsolutePath] successfully performed. With the following test data [Relative Folder Path: "target/downloadedFiles/"]. @17-10-2021 01:55:50.0540 AM
[ReportManager] Attempting to run remotely on: [Linux-64], [GoogleChrome], [http://localhost:4444/wd/hub], Headless Execution. @17-10-2021 01:55:50.0540 AM
[ReportManager] Successfully Opened [GoogleChrome]. @17-10-2021 01:55:50.0783 A

################################################################################################################################################
Starting Execution:	[65 out of 143] test cases in the current suite
Test Method:		[unitTests.tests_element_elementActions.waitForElementToBePresent_moreThanOneElement_expectedToFail]
################################################################################################################################################
[ReportManager] Target URL: [https://www.google.com/ncr], and after redirection: [www.google.com] @17-10-2021 01:55:50.0803 AM
[ReportManager] Initial URL: [data:,] @17-10-2021 01:55:50.0850 AM
[ReportManager] Browser Action [NavigateToURL] successfully performed. With the following test data [https://www.google.com/ncr]. @17-10-2021 01:55:51.0745 AM
[ReportManager] Waiting for element to be present; elementLocator [By.xpath: //*], numberOfTries[1], stateOfPresence[false]... @17-10-2021 01:55:51.0745 AM
[ReportManager] Element Action [WaitForElementToBePresent] failed. With the following test data [waited for the element's state of presence to be (false). Element locator (By.xpath: //*)]. @17-10-2021 01:55:51.0940 AM
[ReportManager] Successfully created attachment [Screenshot - 1634435751889_waitForElementToBePresent_moreThanOneElement_expectedToFail_WaitForElementToBePresent_failed] @17-10-2021 01:55:51.0941 A
[ReportManager] Browser Action [CloseCurrentWindow] successfully performed. @17-10-2021 01:55:52.0064 AM
[ReportManager] Successfully created attachment [Browser Action Test Data - CloseCurrentWindow - Actual Value] @17-10-2021 01:55:52.0065 A
[ReportManager] File Action [GetAbsolutePath] successfully performed. With the following test data [Relative Folder Path: "target/downloadedFiles/"]. @17-10-2021 01:55:52.0073 AM
[ReportManager] Attempting to run remotely on: [Linux-64], [GoogleChrome], [http://localhost:4444/wd/hub], Headless Execution. @17-10-2021 01:55:52.0073 AM
[ReportManager] Successfully Opened [GoogleChrome]. @17-10-2021 01:55:52.0288 A

################################################################################################################################################
Starting Execution:	[66 out of 143] test cases in the current suite
Test Method:		[unitTests.tests_element_elementActions.waitForElementToBePresent_true_expectedToFail]
################################################################################################################################################
[ReportManager] Target URL: [https://www.google.com/ncr], and after redirection: [www.google.com] @17-10-2021 01:55:52.0301 AM
[ReportManager] Initial URL: [data:,] @17-10-2021 01:55:52.0342 AM
[ReportManager] Browser Action [NavigateToURL] successfully performed. With the following test data [https://www.google.com/ncr]. @17-10-2021 01:55:54.0441 AM
[ReportManager] Waiting for element to be present; elementLocator [By.id: bla], numberOfTries[1], stateOfPresence[true]... @17-10-2021 01:55:54.0441 AM
[ReportManager] Element Action [WaitForElementToBePresent] failed. With the following test data [waited for the element's state of presence to be (true). Element locator (By.id: bla)]. @17-10-2021 01:55:59.0708 AM
[ReportManager] Successfully created attachment [Screenshot - 1634435759656_waitForElementToBePresent_true_expectedToFail_WaitForElementToBePresent_failed] @17-10-2021 01:55:59.0709 A
[ReportManager] Browser Action [CloseCurrentWindow] successfully performed. @17-10-2021 01:55:59.0842 AM
[ReportManager] Successfully created attachment [Browser Action Test Data - CloseCurrentWindow - Actual Value] @17-10-2021 01:55:59.0843 A
[ReportManager] File Action [GetAbsolutePath] successfully performed. With the following test data [Relative Folder Path: "target/downloadedFiles/"]. @17-10-2021 01:55:59.0846 AM
[ReportManager] Attempting to run remotely on: [Linux-64], [GoogleChrome], [http://localhost:4444/wd/hub], Headless Execution. @17-10-2021 01:55:59.0846 AM
[ReportManager] Successfully Opened [GoogleChrome]. @17-10-2021 01:56:00.0121 A

################################################################################################################################################
Starting Execution:	[67 out of 143] test cases in the current suite
Test Method:		[unitTests.tests_element_elementActions.waitForElementToBePresent_true_expectedToPass]
################################################################################################################################################
[ReportManager] Target URL: [https://www.google.com/ncr], and after redirection: [www.google.com] @17-10-2021 01:56:00.0137 AM
[ReportManager] Initial URL: [data:,] @17-10-2021 01:56:00.0188 AM
[ReportManager] Browser Action [NavigateToURL] successfully performed. With the following test data [https://www.google.com/ncr]. @17-10-2021 01:56:02.0587 AM
[ReportManager] Waiting for element to be present; elementLocator [By.xpath: //*[@id='hplogo' or @alt='Google']], numberOfTries[1], stateOfPresence[true]... @17-10-2021 01:56:02.0587 AM
[ReportManager] Element Action [WaitForElementToBePresent] successfully performed. With the following test data [waited for the element's state of presence to be (true). Element locator (By.xpath: //*[@id='hplogo' or @alt='Google'])]. @17-10-2021 01:56:02.0650 AM
[ReportManager] File Action [DoesFileExist] successfully performed. With the following test data [File Path: "src/test/resources/DynamicObjectRepository/unitTests_tests_element_elementActions_waitForElementToBePresent_true_expectedToPass_By_xpath_id_hplogo_or_alt_Google.png"]. @17-10-2021 01:56:02.0654 AM
[ReportManager] File Action [DoesFileExist] successfully performed. With the following test data [File Path: "src/test/resources/DynamicObjectRepository/unitTests_tests_element_elementActions_waitForElementToBePresent_true_expectedToPass_By_xpath_id_hplogo_or_alt_Google.png"]. @17-10-2021 01:56:02.0815 AM
[ReportManager] Passing the test and saving a reference image @17-10-2021 01:56:02.0815 AM
[ReportManager] File Action [GetAbsolutePath] successfully performed. With the following test data [Relative File Path: "src/test/resources/DynamicObjectRepository/unitTests_tests_element_elementActions_waitForElementToBePresent_true_expectedToPass_By_xpath_id_hplogo_or_alt_Google.png"]. @17-10-2021 01:56:02.0815 AM
[ReportManager] File Action [WriteToFile] successfully performed. With the following test data [Target File Path: "/home/runner/work/SHAFT_ENGINE/SHAFT_ENGINE/src/test/resources/DynamicObjectRepository/unitTests_tests_element_elementActions_waitForElementToBePresent_true_expectedToPass_By_xpath_id_hplogo_or_alt_Google.png"]. @17-10-2021 01:56:02.0816 AM
[ReportManager] Assertion Passed: Using Visual AI; OpenCV @17-10-2021 01:56:02.0817 AM
[ReportManager] Successfully created attachment [Validation Test Data - Actual Screenshot] @17-10-2021 01:56:02.0817 AM
[ReportManager] Assertion [ValidateElementMatches] PASSED. Expected [Element should match the reference screenshot] and Actual [TRUE]. Comparison Type [EXACT_OPENCV]. Validation Type [POSITIVE]. @17-10-2021 01:56:02.0817 A
[ReportManager] Browser Action [CloseCurrentWindow] successfully performed. @17-10-2021 01:56:02.0942 AM
[ReportManager] Successfully created attachment [Browser Action Test Data - CloseCurrentWindow - Actual Value] @17-10-2021 01:56:02.0942 A
[ReportManager] Successfully loaded the following test data file [src/test/resources/TestDataFiles/testSuite01/TestData.xlsx]. @17-10-2021 01:56:03.0761 AM
[ReportManager] Successfully created attachment [Test Data - Excel] @17-10-2021 01:56:03.0761 A

################################################################################################################################################
Starting Execution:	[68 out of 143] test cases in the current suite
Test Method:		[unitTests.tests_io_excelFileManager.getCellData_rowName_expectedToPass]
################################################################################################################################################
[ReportManager] testRowData. @17-10-2021 01:56:03.0777 A

################################################################################################################################################
Starting Execution:	[69 out of 143] test cases in the current suite
Test Method:		[testPackage01.Test_testData.f]
################################################################################################################################################
[ReportManager] Successfully loaded the following test data file [src/test/resources/TestDataFiles/testSuite01/TestData.xlsx]. @17-10-2021 01:56:03.0810 AM
[ReportManager] Successfully created attachment [Test Data - Excel] @17-10-2021 01:56:03.0810 AM
[ReportManager] Last Column Number is: [3]. Zero-based. @17-10-2021 01:56:03.0811 A

################################################################################################################################################
Starting Execution:	[70 out of 143] test cases in the current suite
Test Method:		[testPackage01.Test_SkipDueToIssue.doNotSkip]
################################################################################################################################################
[ReportManager] This should not be skipped. @17-10-2021 01:56:03.0815 A

################################################################################################################################################
Starting Execution:	[71 out of 143] test cases in the current suite
Test Method:		[testPackage01.Test_SkipDueToIssue.skip]
################################################################################################################################################
[ReportManager] This should be skipped. @17-10-2021 01:56:03.0823 A

################################################################################################################################################
Starting Execution:	[72 out of 143] test cases in the current suite
Test Method:		[testPackage01.Test_SkipDueToIssue.skip2]
################################################################################################################################################
[ReportManager] This should be skipped. @17-10-2021 01:56:03.0832 A

################################################################################################################################################
Starting Execution:	[73 out of 143] test cases in the current suite
Test Method:		[testPackage01.Test_chainableElementActions.chainElementActions]
################################################################################################################################################
[ReportManager] File Action [GetAbsolutePath] successfully performed. With the following test data [Relative Folder Path: "target/downloadedFiles/"]. @17-10-2021 01:56:03.0836 AM
[ReportManager] Attempting to run remotely on: [Linux-64], [GoogleChrome], [http://localhost:4444/wd/hub], Headless Execution. @17-10-2021 01:56:03.0837 AM
[ReportManager] Successfully Opened [GoogleChrome]. @17-10-2021 01:56:04.0145 AM
[ReportManager] Target URL: [https://www.google.com/ncr], and after redirection: [https://www.google.com] @17-10-2021 01:56:04.0160 AM
[ReportManager] Initial URL: [data:,] @17-10-2021 01:56:04.0206 AM
[ReportManager] Browser Action [NavigateToURL] successfully performed. With the following test data [https://www.google.com/ncr]. @17-10-2021 01:56:05.0082 AM
[ReportManager] Element Action [Type] successfully performed. With the following test data [chained type 1]. @17-10-2021 01:56:05.0464 AM
[ReportManager] Element Action [Type] successfully performed. With the following test data [chained type 2]. @17-10-2021 01:56:05.0797 AM
[ReportManager] Element Action [TypeAppend] successfully performed. With the following test data [345]. @17-10-2021 01:56:05.0907 AM
[ReportManager] Element Action [GetText] successfully performed. With the following test data [chained type 2345]. @17-10-2021 01:56:06.0053 AM
[ReportManager] Loaded Shared OpenCV @17-10-2021 01:56:06.0175 AM
[ReportManager] Assertion [ValidateElementAttribute] PASSED. Expected [Value Should be 'chained type 2345' for the 'text' attribute, element locator 'By.name: q'] and Actual [chained type 2345]. Comparison Type [EQUALS]. Validation Type [POSITIVE]. @17-10-2021 01:56:06.0245 AM
[ReportManager] Successfully created attachment [Screenshot - 1634435766175_chainElementActions_ValidateElementAttribute_passed] @17-10-2021 01:56:06.0246 AM
[ReportManager] Browser Action [CloseCurrentWindow] successfully performed. @17-10-2021 01:56:06.0372 AM
[ReportManager] Successfully created attachment [Browser Action Test Data - CloseCurrentWindow - Actual Value] @17-10-2021 01:56:06.0373 A

################################################################################################################################################
Starting Execution:	[74 out of 143] test cases in the current suite
Test Method:		[testPackage01.Test_NewValidationHelper.f1]
################################################################################################################################################
[ReportManager] Assertion Passed: Checking valid user data @17-10-2021 01:56:06.0384 AM
[ReportManager] Successfully created attachment [Validation Test Data - Expected Value] @17-10-2021 01:56:06.0384 AM
[ReportManager] Successfully created attachment [Validation Test Data - Actual Value] @17-10-2021 01:56:06.0384 AM
[ReportManager] Assertion [ValidateEquals] PASSED. Expected and Actual values are attached. Comparison Type [EQUALS]. Validation Type [POSITIVE]. @17-10-2021 01:56:06.0384 A
[ReportManager] File Action [GetAbsolutePath] successfully performed. With the following test data [Relative Folder Path: "target/downloadedFiles/"]. @17-10-2021 01:56:06.0389 AM
[ReportManager] Attempting to run remotely on: [Linux-64], [GoogleChrome], [http://localhost:4444/wd/hub], Headless Execution. @17-10-2021 01:56:06.0390 AM
[ReportManager] Successfully Opened [GoogleChrome]. @17-10-2021 01:56:06.0614 AM
[ReportManager] Target URL: [https://the-internet.herokuapp.com/] @17-10-2021 01:56:06.0624 AM
[ReportManager] Initial URL: [data:,] @17-10-2021 01:56:06.0669 AM
[ReportManager] Browser Action [NavigateToURL] successfully performed. With the following test data [https://the-internet.herokuapp.com/]. @17-10-2021 01:56:07.0425 A

################################################################################################################################################
Starting Execution:	[75 out of 143] test cases in the current suite
Test Method:		[testPackage01.Test_NewValidationHelper.f10]
################################################################################################################################################
[ReportManager] Assertion [ValidateElementExists] FAILED. Expected [Element Should Exist, locator 'By.tagName: div'] and Actual [Element Exists but is not unique]. Comparison Type [EQUALS]. Validation Type [POSITIVE]. @17-10-2021 01:56:07.0717 AM
[ReportManager] Successfully created attachment [Screenshot - 1634435767657_f10_ValidateElementExists_failed] @17-10-2021 01:56:07.0718 A
[ReportManager] Successfully Closed All Drivers. @17-10-2021 01:56:07.0799 A
[ReportManager] File Action [GetAbsolutePath] successfully performed. With the following test data [Relative Folder Path: "target/downloadedFiles/"]. @17-10-2021 01:56:07.0801 AM
[ReportManager] Attempting to run remotely on: [Linux-64], [GoogleChrome], [http://localhost:4444/wd/hub], Headless Execution. @17-10-2021 01:56:07.0802 AM
[ReportManager] Successfully Opened [GoogleChrome]. @17-10-2021 01:56:08.0025 AM
[ReportManager] Target URL: [https://the-internet.herokuapp.com/] @17-10-2021 01:56:08.0036 AM
[ReportManager] Initial URL: [data:,] @17-10-2021 01:56:08.0086 AM
[ReportManager] Browser Action [NavigateToURL] successfully performed. With the following test data [https://the-internet.herokuapp.com/]. @17-10-2021 01:56:08.0855 A

################################################################################################################################################
Starting Execution:	[76 out of 143] test cases in the current suite
Test Method:		[testPackage01.Test_NewValidationHelper.f11]
################################################################################################################################################
[ReportManager] Assertion Passed: Checking that false tag doesn't exist @17-10-2021 01:56:19.0276 AM
[ReportManager] Successfully created attachment [Screenshot - 1634435779215_f11_ValidateElementExists_passed] @17-10-2021 01:56:19.0277 AM
[ReportManager] Assertion [ValidateElementExists] PASSED. Expected [Element Should not Exist, locator 'By.tagName: h3'] and Actual [Element Doesn't Exists]. Comparison Type [EQUALS]. Validation Type [NEGATIVE]. @17-10-2021 01:56:19.0277 A
[ReportManager] Successfully Closed All Drivers. @17-10-2021 01:56:19.0354 A
[ReportManager] File Action [GetAbsolutePath] successfully performed. With the following test data [Relative Folder Path: "target/downloadedFiles/"]. @17-10-2021 01:56:19.0358 AM
[ReportManager] Attempting to run remotely on: [Linux-64], [GoogleChrome], [http://localhost:4444/wd/hub], Headless Execution. @17-10-2021 01:56:19.0358 AM
[ReportManager] Successfully Opened [GoogleChrome]. @17-10-2021 01:56:19.0569 AM
[ReportManager] Target URL: [https://the-internet.herokuapp.com/] @17-10-2021 01:56:19.0580 AM
[ReportManager] Initial URL: [data:,] @17-10-2021 01:56:19.0625 AM
[ReportManager] Browser Action [NavigateToURL] successfully performed. With the following test data [https://the-internet.herokuapp.com/]. @17-10-2021 01:56:20.0396 A

################################################################################################################################################
Starting Execution:	[77 out of 143] test cases in the current suite
Test Method:		[testPackage01.Test_NewValidationHelper.f12]
################################################################################################################################################
[ReportManager] Loaded Shared OpenCV @17-10-2021 01:56:20.0601 AM
[ReportManager] Assertion [ValidateElementExists] FAILED. Expected [Element Should not Exist, locator 'By.tagName: h1'] and Actual [Element Exists]. Comparison Type [EQUALS]. Validation Type [NEGATIVE]. @17-10-2021 01:56:20.0674 AM
[ReportManager] Successfully created attachment [Screenshot - 1634435780601_f12_ValidateElementExists_failed] @17-10-2021 01:56:20.0676 A
[ReportManager] Successfully Closed All Drivers. @17-10-2021 01:56:20.0754 A
[ReportManager] File Action [GetAbsolutePath] successfully performed. With the following test data [Relative Folder Path: "target/downloadedFiles/"]. @17-10-2021 01:56:20.0757 AM
[ReportManager] Attempting to run remotely on: [Linux-64], [GoogleChrome], [http://localhost:4444/wd/hub], Headless Execution. @17-10-2021 01:56:20.0757 AM
[ReportManager] Successfully Opened [GoogleChrome]. @17-10-2021 01:56:20.0981 AM
[ReportManager] Target URL: [https://the-internet.herokuapp.com/] @17-10-2021 01:56:20.0992 AM
[ReportManager] Initial URL: [data:,] @17-10-2021 01:56:21.0032 AM
[ReportManager] Browser Action [NavigateToURL] successfully performed. With the following test data [https://the-internet.herokuapp.com/]. @17-10-2021 01:56:21.0742 A

################################################################################################################################################
Starting Execution:	[78 out of 143] test cases in the current suite
Test Method:		[testPackage01.Test_NewValidationHelper.f13]
################################################################################################################################################
[ReportManager] Assertion [ValidateElementExists] FAILED. Expected [Element Should not Exist, locator 'By.tagName: div'] and Actual [Element Exists but is not unique]. Comparison Type [EQUALS]. Validation Type [NEGATIVE]. @17-10-2021 01:56:21.0993 AM
[ReportManager] Successfully created attachment [Screenshot - 1634435781934_f13_ValidateElementExists_failed] @17-10-2021 01:56:21.0994 A
[ReportManager] Successfully Closed All Drivers. @17-10-2021 01:56:22.0077 A
[ReportManager] File Action [GetAbsolutePath] successfully performed. With the following test data [Relative Folder Path: "target/downloadedFiles/"]. @17-10-2021 01:56:22.0079 AM
[ReportManager] Attempting to run remotely on: [Linux-64], [GoogleChrome], [http://localhost:4444/wd/hub], Headless Execution. @17-10-2021 01:56:22.0079 AM
[ReportManager] Successfully Opened [GoogleChrome]. @17-10-2021 01:56:22.0288 AM
[ReportManager] Target URL: [https://the-internet.herokuapp.com/] @17-10-2021 01:56:22.0298 AM
[ReportManager] Initial URL: [data:,] @17-10-2021 01:56:22.0342 AM
[ReportManager] Browser Action [NavigateToURL] successfully performed. With the following test data [https://the-internet.herokuapp.com/]. @17-10-2021 01:56:23.0039 A

################################################################################################################################################
Starting Execution:	[79 out of 143] test cases in the current suite
Test Method:		[testPackage01.Test_NewValidationHelper.f14]
################################################################################################################################################
[ReportManager] Element Action [GetText] successfully performed. With the following test data [Welcome to the-internet]. @17-10-2021 01:56:23.0119 AM
[ReportManager] Loaded Shared OpenCV @17-10-2021 01:56:23.0266 AM
[ReportManager] Assertion Passed: Asserting that the header text is correct @17-10-2021 01:56:23.0338 AM
[ReportManager] Successfully created attachment [Screenshot - 1634435783266_f14_ValidateElementAttribute_passed] @17-10-2021 01:56:23.0339 AM
[ReportManager] Assertion [ValidateElementAttribute] PASSED. Expected [Value Should be 'Welcome to the-internet' for the 'text' attribute, element locator 'By.tagName: h1'] and Actual [Welcome to the-internet]. Comparison Type [EQUALS]. Validation Type [POSITIVE]. @17-10-2021 01:56:23.0339 A
[ReportManager] Successfully Closed All Drivers. @17-10-2021 01:56:23.0415 A
[ReportManager] File Action [GetAbsolutePath] successfully performed. With the following test data [Relative Folder Path: "target/downloadedFiles/"]. @17-10-2021 01:56:23.0417 AM
[ReportManager] Attempting to run remotely on: [Linux-64], [GoogleChrome], [http://localhost:4444/wd/hub], Headless Execution. @17-10-2021 01:56:23.0417 AM
[ReportManager] Successfully Opened [GoogleChrome]. @17-10-2021 01:56:23.0621 AM
[ReportManager] Target URL: [https://the-internet.herokuapp.com/] @17-10-2021 01:56:23.0649 AM
[ReportManager] Initial URL: [data:,] @17-10-2021 01:56:23.0700 AM
[ReportManager] Browser Action [NavigateToURL] successfully performed. With the following test data [https://the-internet.herokuapp.com/]. @17-10-2021 01:56:24.0499 A

################################################################################################################################################
Starting Execution:	[80 out of 143] test cases in the current suite
Test Method:		[testPackage01.Test_NewValidationHelper.f15]
################################################################################################################################################
[ReportManager] Element Action [GetText] successfully performed. With the following test data [Welcome to the-internet]. @17-10-2021 01:56:24.0590 AM
[ReportManager] Loaded Shared OpenCV @17-10-2021 01:56:24.0736 AM
[ReportManager] Assertion [ValidateElementAttribute] FAILED. Expected [Value Should not be 'Welcome' for the 'text' attribute, element locator 'By.tagName: h1'] and Actual [Welcome to the-internet]. Comparison Type [CONTAINS]. Validation Type [NEGATIVE]. @17-10-2021 01:56:24.0814 AM
[ReportManager] Successfully created attachment [Screenshot - 1634435784736_f15_ValidateElementAttribute_failed] @17-10-2021 01:56:24.0815 A
[ReportManager] Successfully Closed All Drivers. @17-10-2021 01:56:24.0894 A
[ReportManager] File Action [GetAbsolutePath] successfully performed. With the following test data [Relative Folder Path: "target/downloadedFiles/"]. @17-10-2021 01:56:24.0897 AM
[ReportManager] Attempting to run remotely on: [Linux-64], [GoogleChrome], [http://localhost:4444/wd/hub], Headless Execution. @17-10-2021 01:56:24.0898 AM
[ReportManager] Successfully Opened [GoogleChrome]. @17-10-2021 01:56:25.0127 AM
[ReportManager] Target URL: [https://the-internet.herokuapp.com/] @17-10-2021 01:56:25.0139 AM
[ReportManager] Initial URL: [data:,] @17-10-2021 01:56:25.0189 AM
[ReportManager] Browser Action [NavigateToURL] successfully performed. With the following test data [https://the-internet.herokuapp.com/]. @17-10-2021 01:56:25.0928 A

################################################################################################################################################
Starting Execution:	[81 out of 143] test cases in the current suite
Test Method:		[testPackage01.Test_NewValidationHelper.f16]
################################################################################################################################################
[ReportManager] Element Action [IdentifyUniqueElement] failed. With the following test data [zero elements found matching this locator "By.tagName: h3".]. @17-10-2021 01:56:51.0534 AM
[ReportManager] Successfully created attachment [Screenshot - 1634435811474_f16_IdentifyUniqueElement_failed] @17-10-2021 01:56:51.0535 AM
[ReportManager] Assertion [ValidateElementAttribute] FAILED. Expected [Value Should not be 'Welcome' for the 'text' attribute, element locator 'By.tagName: h3'] and Actual [Failed to read the desired element attribute]. Comparison Type [CONTAINS]. Validation Type [NEGATIVE]. @17-10-2021 01:56:51.0535 A
[ReportManager] Successfully Closed All Drivers. @17-10-2021 01:56:51.0612 A
[ReportManager] File Action [GetAbsolutePath] successfully performed. With the following test data [Relative Folder Path: "target/downloadedFiles/"]. @17-10-2021 01:56:51.0617 AM
[ReportManager] Attempting to run remotely on: [Linux-64], [GoogleChrome], [http://localhost:4444/wd/hub], Headless Execution. @17-10-2021 01:56:51.0617 AM
[ReportManager] Successfully Opened [GoogleChrome]. @17-10-2021 01:56:51.0873 AM
[ReportManager] Target URL: [https://the-internet.herokuapp.com/] @17-10-2021 01:56:51.0883 AM
[ReportManager] Initial URL: [data:,] @17-10-2021 01:56:51.0922 AM
[ReportManager] Browser Action [NavigateToURL] successfully performed. With the following test data [https://the-internet.herokuapp.com/]. @17-10-2021 01:56:52.0669 A

################################################################################################################################################
Starting Execution:	[82 out of 143] test cases in the current suite
Test Method:		[testPackage01.Test_NewValidationHelper.f17]
################################################################################################################################################
[ReportManager] Attempting to getAttribute [text2] from elementLocator [By.tagName: h1]. @17-10-2021 01:56:52.0673 AM
[ReportManager] Element Action [GetAttribute] successfully performed. @17-10-2021 01:56:52.0752 AM
[ReportManager] Loaded Shared OpenCV @17-10-2021 01:56:52.0903 AM
[ReportManager] Assertion [ValidateElementAttribute] PASSED. Expected [Value Should not be 'Welcome' for the 'text2' attribute, element locator 'By.tagName: h1'] and Actual [null]. Comparison Type [CONTAINS]. Validation Type [NEGATIVE]. @17-10-2021 01:56:52.0978 AM
[ReportManager] Successfully created attachment [Screenshot - 1634435812903_f17_ValidateElementAttribute_passed] @17-10-2021 01:56:52.0979 A
[ReportManager] Successfully Closed All Drivers. @17-10-2021 01:56:53.0051 A
[ReportManager] File Action [GetAbsolutePath] successfully performed. With the following test data [Relative Folder Path: "target/downloadedFiles/"]. @17-10-2021 01:56:53.0056 AM
[ReportManager] Attempting to run remotely on: [Linux-64], [GoogleChrome], [http://localhost:4444/wd/hub], Headless Execution. @17-10-2021 01:56:53.0056 AM
[ReportManager] Successfully Opened [GoogleChrome]. @17-10-2021 01:56:53.0258 AM
[ReportManager] Target URL: [https://the-internet.herokuapp.com/] @17-10-2021 01:56:53.0272 AM
[ReportManager] Initial URL: [data:,] @17-10-2021 01:56:53.0328 AM
[ReportManager] Browser Action [NavigateToURL] successfully performed. With the following test data [https://the-internet.herokuapp.com/]. @17-10-2021 01:56:54.0066 A

################################################################################################################################################
Starting Execution:	[83 out of 143] test cases in the current suite
Test Method:		[testPackage01.Test_NewValidationHelper.f18]
################################################################################################################################################
[ReportManager] Element Action [GetText] successfully performed. With the following test data [Welcome to the-internet]. @17-10-2021 01:56:54.0187 AM
[ReportManager] Loaded Shared OpenCV @17-10-2021 01:56:54.0342 AM
[ReportManager] Assertion [ValidateElementAttribute] PASSED. Expected [Value Should not be 'no' for the 'text' attribute, element locator 'By.tagName: h1'] and Actual [Welcome to the-internet]. Comparison Type [CONTAINS]. Validation Type [NEGATIVE]. @17-10-2021 01:56:54.0446 AM
[ReportManager] Successfully created attachment [Screenshot - 1634435814342_f18_ValidateElementAttribute_passed] @17-10-2021 01:56:54.0448 A
[ReportManager] Successfully Closed All Drivers. @17-10-2021 01:56:54.0568 A

################################################################################################################################################
Starting Execution:	[84 out of 143] test cases in the current suite
Test Method:		[testPackage01.Test_NewValidationHelper.f2]
################################################################################################################################################
[ReportManager] Assertion Failed: Checking valid user data @17-10-2021 01:56:54.0572 AM
[ReportManager] Assertion [ValidateEquals] FAILED. Expected [1] and Actual [2]. Comparison Type [EQUALS]. Validation Type [POSITIVE]. @17-10-2021 01:56:54.0572 A
[ReportManager] File Action [GetAbsolutePath] successfully performed. With the following test data [Relative Folder Path: "target/downloadedFiles/"]. @17-10-2021 01:56:54.0576 AM
[ReportManager] Attempting to run remotely on: [Linux-64], [GoogleChrome], [http://localhost:4444/wd/hub], Headless Execution. @17-10-2021 01:56:54.0576 AM
[ReportManager] Successfully Opened [GoogleChrome]. @17-10-2021 01:56:54.0786 AM
[ReportManager] Target URL: [https://the-internet.herokuapp.com/] @17-10-2021 01:56:54.0799 AM
[ReportManager] Initial URL: [data:,] @17-10-2021 01:56:54.0842 AM
[ReportManager] Browser Action [NavigateToURL] successfully performed. With the following test data [https://the-internet.herokuapp.com/]. @17-10-2021 01:56:55.0609 A

################################################################################################################################################
Starting Execution:	[85 out of 143] test cases in the current suite
Test Method:		[testPackage01.Test_NewValidationHelper.f20]
################################################################################################################################################
[ReportManager] Element Action [GetSize] successfully performed. With the following test data [(755, 61)]. @17-10-2021 01:56:55.0731 AM
[ReportManager] Loaded Shared OpenCV @17-10-2021 01:56:55.0916 AM
[ReportManager] Assertion [ValidateElementAttribute] PASSED. Expected [Value Should not be 'a' for the 'size' attribute, element locator 'By.tagName: h1'] and Actual [(755, 61)]. Comparison Type [CONTAINS]. Validation Type [NEGATIVE]. @17-10-2021 01:56:55.0993 AM
[ReportManager] Successfully created attachment [Screenshot - 1634435815916_f20_ValidateElementAttribute_passed] @17-10-2021 01:56:55.0994 A
[ReportManager] Successfully Closed All Drivers. @17-10-2021 01:56:56.0070 A
[ReportManager] File Action [GetAbsolutePath] successfully performed. With the following test data [Relative Folder Path: "target/downloadedFiles/"]. @17-10-2021 01:56:56.0072 AM
[ReportManager] Attempting to run remotely on: [Linux-64], [GoogleChrome], [http://localhost:4444/wd/hub], Headless Execution. @17-10-2021 01:56:56.0072 AM
[ReportManager] Successfully Opened [GoogleChrome]. @17-10-2021 01:56:56.0328 AM
[ReportManager] Target URL: [https://the-internet.herokuapp.com/] @17-10-2021 01:56:56.0339 AM
[ReportManager] Initial URL: [data:,] @17-10-2021 01:56:56.0388 AM
[ReportManager] Browser Action [NavigateToURL] successfully performed. With the following test data [https://the-internet.herokuapp.com/]. @17-10-2021 01:56:57.0136 A

################################################################################################################################################
Starting Execution:	[86 out of 143] test cases in the current suite
Test Method:		[testPackage01.Test_NewValidationHelper.f21]
################################################################################################################################################
[ReportManager] Element Action [IdentifyUniqueElement] failed. With the following test data [zero elements found matching this locator "By.tagName: h3".]. @17-10-2021 01:57:22.0748 AM
[ReportManager] Successfully created attachment [Screenshot - 1634435842686_f21_IdentifyUniqueElement_failed] @17-10-2021 01:57:22.0749 AM
[ReportManager] Assertion [ValidateElementAttribute] FAILED. Expected [Value Should be 'Welcome' for the 'text' attribute, element locator 'By.tagName: h3'] and Actual [Failed to read the desired element attribute]. Comparison Type [CONTAINS]. Validation Type [POSITIVE]. @17-10-2021 01:57:22.0749 A
[ReportManager] Successfully Closed All Drivers. @17-10-2021 01:57:22.0826 A
[ReportManager] File Action [GetAbsolutePath] successfully performed. With the following test data [Relative Folder Path: "target/downloadedFiles/"]. @17-10-2021 01:57:22.0828 AM
[ReportManager] Attempting to run remotely on: [Linux-64], [GoogleChrome], [http://localhost:4444/wd/hub], Headless Execution. @17-10-2021 01:57:22.0828 AM
[ReportManager] Successfully Opened [GoogleChrome]. @17-10-2021 01:57:23.0022 AM
[ReportManager] Target URL: [https://the-internet.herokuapp.com/] @17-10-2021 01:57:23.0036 AM
[ReportManager] Initial URL: [data:,] @17-10-2021 01:57:23.0079 AM
[ReportManager] Browser Action [NavigateToURL] successfully performed. With the following test data [https://the-internet.herokuapp.com/]. @17-10-2021 01:57:23.0814 A

################################################################################################################################################
Starting Execution:	[87 out of 143] test cases in the current suite
Test Method:		[testPackage01.Test_NewValidationHelper.f22]
################################################################################################################################################
[ReportManager] Element Action [GetText] successfully performed. With the following test data [Welcome to the-internet]. @17-10-2021 01:57:23.0922 AM
[ReportManager] Loaded Shared OpenCV @17-10-2021 01:57:24.0064 AM
[ReportManager] Assertion [ValidateElementAttribute] FAILED. Expected [Value Should be 'yyy' for the 'text' attribute, element locator 'By.tagName: h1'] and Actual [Welcome to the-internet]. Comparison Type [CONTAINS]. Validation Type [POSITIVE]. @17-10-2021 01:57:24.0137 AM
[ReportManager] Successfully created attachment [Screenshot - 1634435844064_f22_ValidateElementAttribute_failed] @17-10-2021 01:57:24.0138 A
[ReportManager] Successfully Closed All Drivers. @17-10-2021 01:57:24.0212 A

################################################################################################################################################
Starting Execution:	[88 out of 143] test cases in the current suite
Test Method:		[testPackage01.Test_NewValidationHelper.f23]
################################################################################################################################################
[ReportManager] Assertion Passed: confirming that the actual is greater than or equal to the expected @17-10-2021 01:57:24.0216 AM
[ReportManager] Assertion [ValidateComparativeRelation] PASSED. Expected [1] and Actual [1]. Comparison Type [GREATER_THAN_OR_EQUALS]. Validation Type [POSITIVE]. @17-10-2021 01:57:24.0216 A

################################################################################################################################################
Starting Execution:	[89 out of 143] test cases in the current suite
Test Method:		[testPackage01.Test_NewValidationHelper.f24]
################################################################################################################################################
[ReportManager] Assertion [ValidateComparativeRelation] PASSED. Expected [1] and Actual [10]. Comparison Type [GREATER_THAN_OR_EQUALS]. Validation Type [POSITIVE]. @17-10-2021 01:57:24.0219 A

################################################################################################################################################
Starting Execution:	[90 out of 143] test cases in the current suite
Test Method:		[testPackage01.Test_NewValidationHelper.f25]
################################################################################################################################################
[ReportManager] Assertion [ValidateComparativeRelation] PASSED. Expected [1] and Actual [1]. Comparison Type [EQUALS]. Validation Type [POSITIVE]. @17-10-2021 01:57:24.0222 A

################################################################################################################################################
Starting Execution:	[91 out of 143] test cases in the current suite
Test Method:		[testPackage01.Test_NewValidationHelper.f26]
################################################################################################################################################
[ReportManager] Assertion [ValidateComparativeRelation] PASSED. Expected [1] and Actual [5]. Comparison Type [GREATER_THAN]. Validation Type [POSITIVE]. @17-10-2021 01:57:24.0224 A

################################################################################################################################################
Starting Execution:	[92 out of 143] test cases in the current suite
Test Method:		[testPackage01.Test_NewValidationHelper.f27]
################################################################################################################################################
[ReportManager] Assertion [ValidateComparativeRelation] PASSED. Expected [11] and Actual [5]. Comparison Type [LESS_THAN]. Validation Type [POSITIVE]. @17-10-2021 01:57:24.0227 A

################################################################################################################################################
Starting Execution:	[93 out of 143] test cases in the current suite
Test Method:		[testPackage01.Test_NewValidationHelper.f28]
################################################################################################################################################
[ReportManager] Assertion [ValidateComparativeRelation] PASSED. Expected [11] and Actual [5]. Comparison Type [LESS_THAN_OR_EQUALS]. Validation Type [POSITIVE]. @17-10-2021 01:57:24.0229 A

################################################################################################################################################
Starting Execution:	[94 out of 143] test cases in the current suite
Test Method:		[testPackage01.Test_NewValidationHelper.f29]
################################################################################################################################################
[ReportManager] Assertion [ValidateComparativeRelation] PASSED. Expected [11] and Actual [11]. Comparison Type [LESS_THAN_OR_EQUALS]. Validation Type [POSITIVE]. @17-10-2021 01:57:24.0231 A

################################################################################################################################################
Starting Execution:	[95 out of 143] test cases in the current suite
Test Method:		[testPackage01.Test_NewValidationHelper.f3]
################################################################################################################################################
[ReportManager] Assertion [ValidateEquals] PASSED. Expected [1] and Actual [2]. Comparison Type [EQUALS]. Validation Type [NEGATIVE]. @17-10-2021 01:57:24.0234 A

################################################################################################################################################
Starting Execution:	[96 out of 143] test cases in the current suite
Test Method:		[testPackage01.Test_NewValidationHelper.f30]
################################################################################################################################################
[ReportManager] Assertion [ValidateComparativeRelation] FAILED. Expected [-9] and Actual [11]. Comparison Type [LESS_THAN_OR_EQUALS]. Validation Type [POSITIVE]. @17-10-2021 01:57:24.0236 A

################################################################################################################################################
Starting Execution:	[97 out of 143] test cases in the current suite
Test Method:		[testPackage01.Test_NewValidationHelper.f31]
################################################################################################################################################
[ReportManager] Assertion [ValidateTrue] PASSED. Expected [TRUE] and Actual [TRUE]. Validation Type [POSITIVE]. @17-10-2021 01:57:24.0238 A

################################################################################################################################################
Starting Execution:	[98 out of 143] test cases in the current suite
Test Method:		[testPackage01.Test_NewValidationHelper.f32]
################################################################################################################################################
[ReportManager] Assertion [ValidateTrue] PASSED. Expected [FALSE] and Actual [FALSE]. Validation Type [NEGATIVE]. @17-10-2021 01:57:24.0240 A

################################################################################################################################################
Starting Execution:	[99 out of 143] test cases in the current suite
Test Method:		[testPackage01.Test_NewValidationHelper.f33]
################################################################################################################################################
[ReportManager] Assertion [ValidateTrue] FAILED. Expected [FALSE] and Actual [TRUE]. Validation Type [NEGATIVE]. @17-10-2021 01:57:24.0243 A

################################################################################################################################################
Starting Execution:	[100 out of 143] test cases in the current suite
Test Method:		[testPackage01.Test_NewValidationHelper.f34]
################################################################################################################################################
[ReportManager] Assertion [ValidateTrue] FAILED. Expected [TRUE] and Actual [FALSE]. Validation Type [POSITIVE]. @17-10-2021 01:57:24.0245 A

################################################################################################################################################
Starting Execution:	[101 out of 143] test cases in the current suite
Test Method:		[testPackage01.Test_NewValidationHelper.f35]
################################################################################################################################################
[ReportManager] File Action [DoesFileExist] successfully performed. With the following test data [File Path: "pom.xml"]. @17-10-2021 01:57:24.0248 AM
[ReportManager] Assertion [ValidateFileExists] PASSED. Expected [File 'pom.xml' should exist, after up to '1' retries] and Actual [File exists]. Validation Type [POSITIVE]. @17-10-2021 01:57:24.0248 A

################################################################################################################################################
Starting Execution:	[102 out of 143] test cases in the current suite
Test Method:		[testPackage01.Test_NewValidationHelper.f36]
################################################################################################################################################
[ReportManager] File Action [DoesFileExist] successfully performed. With the following test data [File Path: "src/test/java/testPackage01/Test_NewValidationHelper.java"]. @17-10-2021 01:57:24.0250 AM
[ReportManager] Assertion [ValidateFileExists] PASSED. Expected [File 'src/test/java/testPackage01/Test_NewValidationHelper.java' should exist, after up to '1' retries] and Actual [File exists]. Validation Type [POSITIVE]. @17-10-2021 01:57:24.0250 A

################################################################################################################################################
Starting Execution:	[103 out of 143] test cases in the current suite
Test Method:		[testPackage01.Test_NewValidationHelper.f37]
################################################################################################################################################
[ReportManager] File Action [DoesFileExist] successfully performed. With the following test data [File Path: "pom.xml"]. @17-10-2021 01:57:24.0253 AM
[ReportManager] Assertion Failed: confirming that the file does't exist after 5 retries @17-10-2021 01:57:24.0253 AM
[ReportManager] Assertion [ValidateFileExists] FAILED. Expected [File 'pom.xml' should not exist, after up to '5' retries] and Actual [File exists]. Validation Type [NEGATIVE]. @17-10-2021 01:57:24.0253 A

################################################################################################################################################
Starting Execution:	[104 out of 143] test cases in the current suite
Test Method:		[testPackage01.Test_NewValidationHelper.f3_1]
################################################################################################################################################
[ReportManager] Assertion Passed: Checking valid user data @17-10-2021 01:57:24.0255 AM
[ReportManager] Assertion [ValidateEquals] PASSED. Expected [null] and Actual [null]. Comparison Type [EQUALS]. Validation Type [POSITIVE]. @17-10-2021 01:57:24.0256 A

################################################################################################################################################
Starting Execution:	[105 out of 143] test cases in the current suite
Test Method:		[testPackage01.Test_NewValidationHelper.f4]
################################################################################################################################################
[ReportManager] Assertion [ValidateEquals] PASSED. Expected [1] and Actual [123]. Comparison Type [CONTAINS]. Validation Type [POSITIVE]. @17-10-2021 01:57:24.0258 A

################################################################################################################################################
Starting Execution:	[106 out of 143] test cases in the current suite
Test Method:		[testPackage01.Test_NewValidationHelper.f5]
################################################################################################################################################
[ReportManager] Assertion [ValidateNull] PASSED. Expected [NULL] and Actual [1]. Comparison Type [EQUALS]. Validation Type [NEGATIVE]. @17-10-2021 01:57:24.0261 A

################################################################################################################################################
Starting Execution:	[107 out of 143] test cases in the current suite
Test Method:		[testPackage01.Test_NewValidationHelper.f6]
################################################################################################################################################
[ReportManager] Assertion Failed: Making sure that null string is not equal to null object @17-10-2021 01:57:24.0263 AM
[ReportManager] Assertion [ValidateNull] FAILED. Expected [NULL] and Actual [NULL]. Comparison Type [EQUALS]. Validation Type [POSITIVE]. @17-10-2021 01:57:24.0263 A

################################################################################################################################################
Starting Execution:	[108 out of 143] test cases in the current suite
Test Method:		[testPackage01.Test_NewValidationHelper.f6_1]
################################################################################################################################################
[ReportManager] Assertion [ValidateNull] FAILED. Expected [NULL] and Actual [NULL]. Comparison Type [EQUALS]. Validation Type [NEGATIVE]. @17-10-2021 01:57:24.0265 A

################################################################################################################################################
Starting Execution:	[109 out of 143] test cases in the current suite
Test Method:		[testPackage01.Test_NewValidationHelper.f6_2]
################################################################################################################################################
[ReportManager] Assertion Failed: Making sure that null string is not equal to null object @17-10-2021 01:57:24.0268 AM
[ReportManager] Assertion [ValidateNull] FAILED. Expected [NULL] and Actual [not null]. Comparison Type [EQUALS]. Validation Type [POSITIVE]. @17-10-2021 01:57:24.0268 A

################################################################################################################################################
Starting Execution:	[110 out of 143] test cases in the current suite
Test Method:		[testPackage01.Test_NewValidationHelper.f7]
################################################################################################################################################
[ReportManager] Assertion [ValidateNull] PASSED. Expected [NULL] and Actual [NULL]. Comparison Type [EQUALS]. Validation Type [POSITIVE]. @17-10-2021 01:57:24.0270 A
[ReportManager] File Action [GetAbsolutePath] successfully performed. With the following test data [Relative Folder Path: "target/downloadedFiles/"]. @17-10-2021 01:57:24.0272 AM
[ReportManager] Attempting to run remotely on: [Linux-64], [GoogleChrome], [http://localhost:4444/wd/hub], Headless Execution. @17-10-2021 01:57:24.0272 AM
[ReportManager] Successfully Opened [GoogleChrome]. @17-10-2021 01:57:24.0518 AM
[ReportManager] Target URL: [https://the-internet.herokuapp.com/] @17-10-2021 01:57:24.0533 AM
[ReportManager] Initial URL: [data:,] @17-10-2021 01:57:24.0603 AM
[ReportManager] Browser Action [NavigateToURL] successfully performed. With the following test data [https://the-internet.herokuapp.com/]. @17-10-2021 01:57:25.0315 A

################################################################################################################################################
Starting Execution:	[111 out of 143] test cases in the current suite
Test Method:		[testPackage01.Test_NewValidationHelper.f8]
################################################################################################################################################
[ReportManager] Loaded Shared OpenCV @17-10-2021 01:57:25.0532 AM
[ReportManager] Assertion [ValidateElementExists] PASSED. Expected [Element Should Exist, locator 'By.tagName: h1'] and Actual [Element Exists]. Comparison Type [EQUALS]. Validation Type [POSITIVE]. @17-10-2021 01:57:25.0620 AM
[ReportManager] Successfully created attachment [Screenshot - 1634435845532_f8_ValidateElementExists_passed] @17-10-2021 01:57:25.0621 A
[ReportManager] Successfully Closed All Drivers. @17-10-2021 01:57:25.0746 A
[ReportManager] File Action [GetAbsolutePath] successfully performed. With the following test data [Relative Folder Path: "target/downloadedFiles/"]. @17-10-2021 01:57:25.0748 AM
[ReportManager] Attempting to run remotely on: [Linux-64], [GoogleChrome], [http://localhost:4444/wd/hub], Headless Execution. @17-10-2021 01:57:25.0748 AM
[ReportManager] Successfully Opened [GoogleChrome]. @17-10-2021 01:57:25.0987 AM
[ReportManager] Target URL: [https://the-internet.herokuapp.com/] @17-10-2021 01:57:25.0999 AM
[ReportManager] Initial URL: [data:,] @17-10-2021 01:57:26.0049 AM
[ReportManager] Browser Action [NavigateToURL] successfully performed. With the following test data [https://the-internet.herokuapp.com/]. @17-10-2021 01:57:26.0756 A

################################################################################################################################################
Starting Execution:	[112 out of 143] test cases in the current suite
Test Method:		[testPackage01.Test_NewValidationHelper.f9]
################################################################################################################################################
[ReportManager] Assertion [ValidateElementExists] FAILED. Expected [Element Should Exist, locator 'By.tagName: h3'] and Actual [Element Doesn't Exists]. Comparison Type [EQUALS]. Validation Type [POSITIVE]. @17-10-2021 01:57:57.0456 AM
[ReportManager] Successfully created attachment [Screenshot - 1634435877400_f9_ValidateElementExists_failed] @17-10-2021 01:57:57.0457 A
[ReportManager] Successfully Closed All Drivers. @17-10-2021 01:57:57.0540 A

################################################################################################################################################
Starting Execution:	[113 out of 143] test cases in the current suite
Test Method:		[testPackage01.Test_NewValidationHelper.forceFail]
################################################################################################################################################
[ReportManager] Assertion [ValidateFail] FAILED. Successfully force failed the test. @17-10-2021 01:57:57.0545 A

################################################################################################################################################
Starting Execution:	[114 out of 143] test cases in the current suite
Test Method:		[testPackage01.Test_NewValidationHelper.forceFail2]
################################################################################################################################################
[ReportManager] Assertion Failed: Custom Message @17-10-2021 01:57:57.0550 AM
[ReportManager] Assertion [ValidateFail] FAILED. Successfully force failed the test. @17-10-2021 01:57:57.0550 A

################################################################################################################################################
Starting Execution:	[115 out of 143] test cases in the current suite
Test Method:		[testPackage01.Test_sendGraphqlRequest.sendGraphqlRequestUsingMutationAndVariables]
################################################################################################################################################
[ReportManager] GraphQl Request is being Performed with the Following Parameters [Service URL: https://api.spacex.land/graphql | Request Body: {"variables":"{\"name\": \"sherlock holmes\",\"rocket\": \"221B Baker Street\"}","query":"mutation ($name: String, $rocket: String) {\n  insert_users(objects: {name: $name, rocket: $rocket}) {\n    returning {\n      name\n      rocket\n    }\n  }\n}"}] @17-10-2021 01:57:57.0556 AM
[ReportManager] Response status code: [200], status line: [HTTP/1.1 200 OK] @17-10-2021 01:57:57.0970 AM
[ReportManager] Assertion Passed: Evaluating the actual response status code against the expected one... @17-10-2021 01:57:57.0971 AM
[ReportManager] Assertion [ValidateEquals] PASSED. Expected [200] and Actual [200]. Comparison Type [EQUALS]. Validation Type [POSITIVE]. @17-10-2021 01:57:57.0971 AM
[ReportManager] API Action [PerformRequest] successfully performed. With the following test data [Request Type: "POST" | Target Status Code: "200" | Service URL: "https://api.spacex.land/graphql" | Content Type: "application/json" | Response Time: "317ms"]. @17-10-2021 01:57:57.0984 AM
[ReportManager] Successfully created attachment [API Request - Specifications] @17-10-2021 01:57:57.0984 AM
[ReportManager] Successfully created attachment [API Request - JSON Body] @17-10-2021 01:57:57.0985 AM
[ReportManager] Successfully created attachment [API Response - JSON Body] @17-10-2021 01:57:57.0985 AM
[ReportManager] API Action [GetResponseJSONValue] successfully performed. With the following test data [data.insert_users.returning[0].name]. @17-10-2021 01:57:58.0030 AM
[ReportManager] Assertion [ValidateEquals] PASSED. Expected [sherlock holmes] and Actual [sherlock holmes]. Comparison Type [EQUALS]. Validation Type [POSITIVE]. @17-10-2021 01:57:58.0030 A

################################################################################################################################################
Starting Execution:	[116 out of 143] test cases in the current suite
Test Method:		[testPackage01.Test_sendGraphqlRequest.sendGraphqlRequestUsingQuery]
################################################################################################################################################
[ReportManager] GraphQl Request is being Performed with the Following Parameters [Service URL: https://api.spacex.land/graphql | Request Body: {"query":"{company {ceo}}"}] @17-10-2021 01:57:58.0038 AM
[ReportManager] Response status code: [200], status line: [HTTP/1.1 200 OK] @17-10-2021 01:57:58.0224 AM
[ReportManager] Assertion Passed: Evaluating the actual response status code against the expected one... @17-10-2021 01:57:58.0224 AM
[ReportManager] Assertion [ValidateEquals] PASSED. Expected [200] and Actual [200]. Comparison Type [EQUALS]. Validation Type [POSITIVE]. @17-10-2021 01:57:58.0225 AM
[ReportManager] API Action [PerformRequest] successfully performed. With the following test data [Request Type: "POST" | Target Status Code: "200" | Service URL: "https://api.spacex.land/graphql" | Content Type: "application/json" | Response Time: "180ms"]. @17-10-2021 01:57:58.0236 AM
[ReportManager] Successfully created attachment [API Request - Specifications] @17-10-2021 01:57:58.0236 AM
[ReportManager] Successfully created attachment [API Request - JSON Body] @17-10-2021 01:57:58.0237 AM
[ReportManager] Successfully created attachment [API Response - JSON Body] @17-10-2021 01:57:58.0237 AM
[ReportManager] API Action [GetResponseJSONValue] successfully performed. With the following test data [data.company.ceo]. @17-10-2021 01:57:58.0245 AM
[ReportManager] Assertion [ValidateEquals] PASSED. Expected [Elon Musk] and Actual [Elon Musk]. Comparison Type [EQUALS]. Validation Type [POSITIVE]. @17-10-2021 01:57:58.0246 A
[ReportManager] Successfully loaded the following test data file [src/test/resources/TestDataFiles/testSuite01/TestData.xlsx]. @17-10-2021 01:57:58.0281 AM
[ReportManager] Successfully created attachment [Test Data - Excel] @17-10-2021 01:57:58.0282 AM
[ReportManager] File Action [GetAbsolutePath] successfully performed. With the following test data [Relative Folder Path: "target/downloadedFiles/"]. @17-10-2021 01:57:58.0282 AM
[ReportManager] Attempting to run remotely on: [Linux-64], [GoogleChrome], [http://localhost:4444/wd/hub], Headless Execution. @17-10-2021 01:57:58.0282 AM
[ReportManager] Successfully Opened [GoogleChrome]. @17-10-2021 01:57:58.0505 A

################################################################################################################################################
Starting Execution:	[117 out of 143] test cases in the current suite
Test Method:		[testPackage01.Test_google.navigateToURLandVerifyGoogleLogoIsDisplayed]
Test Description:	[TC001 - Navigate to URL and Verify Google Logo is Displayed]
################################################################################################################################################
[ReportManager] Target URL: [https://www.google.com/ncr], and after redirection: [https://www.google.com] @17-10-2021 01:57:58.0520 AM
[ReportManager] Initial URL: [data:,] @17-10-2021 01:57:58.0556 AM
[ReportManager] Browser Action [NavigateToURL] successfully performed. With the following test data [https://www.google.com/ncr]. @17-10-2021 01:57:59.0450 AM
[ReportManager] Loaded Shared OpenCV @17-10-2021 01:57:59.0655 AM
[ReportManager] Assertion [ValidateElementExists] PASSED. Expected [Element Should Exist, locator 'By.xpath: //*[@id='hplogo' or @alt='Google']'] and Actual [Element Exists]. Comparison Type [EQUALS]. Validation Type [POSITIVE]. @17-10-2021 01:57:59.0720 AM
[ReportManager] Successfully created attachment [Screenshot - 1634435879655_navigateToURLandVerifyGoogleLogoIsDisplayed_ValidateElementExists_passed] @17-10-2021 01:57:59.0721 A

################################################################################################################################################
Starting Execution:	[118 out of 143] test cases in the current suite
Test Method:		[testPackage01.Test_google.searchForQueryandAssertResultsNumDisplayed]
Test Description:	[TC002 - Search for Query and Assert that the number of results is displayed]
################################################################################################################################################
[ReportManager] Element Action [Type] successfully performed. With the following test data [SHAFT_Engine]. @17-10-2021 01:58:00.0069 AM
[ReportManager] Element Action [KeyPress] successfully performed. With the following test data [Enter]. @17-10-2021 01:58:01.0635 AM
[ReportManager] Element Action [GetText] successfully performed. With the following test data [About 970,000 results (0.72 seconds) ]. @17-10-2021 01:58:01.0710 AM
[ReportManager] Loaded Shared OpenCV @17-10-2021 01:58:01.0861 AM
[ReportManager] Assertion [ValidateElementAttribute] PASSED. Expected [Value Should not be '' for the 'Text' attribute, element locator 'By.id: appbar'] and Actual [About 970,000 results (0.72 seconds) ]. Comparison Type [EQUALS]. Validation Type [NEGATIVE]. @17-10-2021 01:58:01.0940 AM
[ReportManager] Successfully created attachment [Screenshot - 1634435881861_searchForQueryandAssertResultsNumDisplayed_ValidateElementAttribute_passed] @17-10-2021 01:58:01.0942 A

################################################################################################################################################
Starting Execution:	[119 out of 143] test cases in the current suite
Test Method:		[testPackage01.Test_google.clickNextThrice]
Test Description:	[TC003 - Clicks the next button to make sure that the framework can scroll element into view before clicking it]
################################################################################################################################################
[ReportManager] Element Action [Click] successfully performed. With the following test data [Next]. @17-10-2021 01:58:03.0730 A
[ReportManager] Browser Action [CloseCurrentWindow] successfully performed. @17-10-2021 01:58:03.0930 AM
[ReportManager] Successfully created attachment [Browser Action Test Data - CloseCurrentWindow - Actual Value] @17-10-2021 01:58:03.0947 A
[ReportManager] File Action [GetAbsolutePath] successfully performed. With the following test data [Relative Folder Path: "target/downloadedFiles/"]. @17-10-2021 01:58:03.0952 AM
[ReportManager] Attempting to run remotely on: [Linux-64], [GoogleChrome], [http://localhost:4444/wd/hub], Headless Execution. @17-10-2021 01:58:03.0952 AM
[ReportManager] Successfully Opened [GoogleChrome]. @17-10-2021 01:58:04.0170 A

################################################################################################################################################
Starting Execution:	[120 out of 143] test cases in the current suite
Test Method:		[testPackage01.Test_ShadowDOM.shadowdom]
################################################################################################################################################
[ReportManager] Target URL: [https://mdn.github.io/web-components-examples/popup-info-box-web-component/] @17-10-2021 01:58:04.0182 AM
[ReportManager] Initial URL: [data:,] @17-10-2021 01:58:04.0237 AM
[ReportManager] Browser Action [NavigateToURL] successfully performed. With the following test data [https://mdn.github.io/web-components-examples/popup-info-box-web-component/]. @17-10-2021 01:58:04.0573 AM
[ReportManager] Element Action [Type] successfully performed. With the following test data [Typing into SHADOW DOM...]. @17-10-2021 01:58:04.0870 AM
[ReportManager] Element Action [GetText] successfully performed. With the following test data [Typing into SHADOW DOM...]. @17-10-2021 01:58:04.0967 AM
[ReportManager] Loaded Shared OpenCV @17-10-2021 01:58:05.0099 AM
[ReportManager] Assertion [ValidateElementAttribute] PASSED. Expected [Value Should be 'Typing into SHADOW DOM...' for the 'Text' attribute, element locator 'By.id: cvc'] and Actual [Typing into SHADOW DOM...]. Comparison Type [EQUALS]. Validation Type [POSITIVE]. @17-10-2021 01:58:05.0162 AM
[ReportManager] Successfully created attachment [Screenshot - 1634435885099_shadowdom_ValidateElementAttribute_passed] @17-10-2021 01:58:05.0162 A
[ReportManager] Browser Action [CloseCurrentWindow] successfully performed. @17-10-2021 01:58:05.0254 AM
[ReportManager] Successfully created attachment [Browser Action Test Data - CloseCurrentWindow - Actual Value] @17-10-2021 01:58:05.0255 A

################################################################################################################################################
Starting Execution:	[121 out of 143] test cases in the current suite
Test Method:		[testPackage01.Test_AssertApiResponseEquals.assertApiResponseEquals_expectedToPass]
################################################################################################################################################
[ReportManager] Response status code: [200], status line: [HTTP/1.1 200 OK] @17-10-2021 01:58:05.0348 AM
[ReportManager] Assertion Passed: Evaluating the actual response status code against the expected one... @17-10-2021 01:58:05.0348 AM
[ReportManager] Assertion [ValidateEquals] PASSED. Expected [200] and Actual [200]. Comparison Type [EQUALS]. Validation Type [POSITIVE]. @17-10-2021 01:58:05.0348 AM
[ReportManager] API Action [PerformRequest] successfully performed. With the following test data [Request Type: "GET" | Target Status Code: "200" | Service URL: "https://jsonplaceholder.typicode.com/users" | Content Type: "*/*" | Response Time: "85ms"]. @17-10-2021 01:58:05.0367 AM
[ReportManager] Successfully created attachment [API Request - Specifications] @17-10-2021 01:58:05.0368 AM
[ReportManager] Successfully created attachment [API Response - JSON Body] @17-10-2021 01:58:05.0368 AM
[ReportManager] API Action [GetResponseJSONValueAsList] successfully performed. With the following test data [$]. @17-10-2021 01:58:05.0374 AM
[ReportManager] API Action [GetResponseJSONValue] successfully performed. With the following test data [name]. @17-10-2021 01:58:05.0383 AM
[ReportManager] API Action [GetResponseJSONValue] successfully performed. With the following test data [email]. @17-10-2021 01:58:05.0392 AM
[ReportManager] Verification [ValidateEquals] PASSED. Expected [Sincere@april.biz] and Actual [Sincere@april.biz]. Comparison Type [EQUALS]. Validation Type [POSITIVE]. @17-10-2021 01:58:05.0392 AM
[ReportManager] API Action [GetResponseJSONValue] successfully performed. With the following test data [username]. @17-10-2021 01:58:05.0402 AM
[ReportManager] Assertion [ValidateEquals] PASSED. Expected [Bret] and Actual [Bret]. Comparison Type [EQUALS]. Validation Type [POSITIVE]. @17-10-2021 01:58:05.0402 AM
[ReportManager] API Action [GetResponseJSONValue] successfully performed. With the following test data [name]. @17-10-2021 01:58:05.0412 AM
[ReportManager] API Action [GetResponseJSONValue] successfully performed. With the following test data [name]. @17-10-2021 01:58:05.0420 AM
[ReportManager] API Action [GetResponseJSONValue] successfully performed. With the following test data [name]. @17-10-2021 01:58:05.0429 AM
[ReportManager] API Action [GetResponseJSONValue] successfully performed. With the following test data [name]. @17-10-2021 01:58:05.0437 AM
[ReportManager] API Action [GetResponseJSONValue] successfully performed. With the following test data [name]. @17-10-2021 01:58:05.0446 AM
[ReportManager] API Action [GetResponseJSONValue] successfully performed. With the following test data [name]. @17-10-2021 01:58:05.0466 AM
[ReportManager] API Action [GetResponseJSONValue] successfully performed. With the following test data [name]. @17-10-2021 01:58:05.0476 AM
[ReportManager] API Action [GetResponseJSONValue] successfully performed. With the following test data [name]. @17-10-2021 01:58:05.0492 AM
[ReportManager] API Action [GetResponseJSONValue] successfully performed. With the following test data [name]. @17-10-2021 01:58:05.0508 A
[ReportManager] File Action [GetAbsolutePath] successfully performed. With the following test data [Relative Folder Path: "target/downloadedFiles/"]. @17-10-2021 01:58:05.0510 AM
[ReportManager] Attempting to run remotely on: [Linux-64], [GoogleChrome], [http://localhost:4444/wd/hub], Headless Execution. @17-10-2021 01:58:05.0511 AM
[ReportManager] Successfully Opened [GoogleChrome]. @17-10-2021 01:58:05.0744 A

################################################################################################################################################
Starting Execution:	[122 out of 143] test cases in the current suite
Test Method:		[testPackage01.Test_IsElementClickable.testIsElementClickable]
################################################################################################################################################
[ReportManager] Target URL: [https://the-internet.herokuapp.com/] @17-10-2021 01:58:05.0781 AM
[ReportManager] Initial URL: [data:,] @17-10-2021 01:58:05.0825 AM
[ReportManager] Browser Action [NavigateToURL] successfully performed. With the following test data [https://the-internet.herokuapp.com/]. @17-10-2021 01:58:06.0581 AM
[ReportManager] Element Action [IsElementClickable] successfully performed. @17-10-2021 01:58:06.0713 AM
[ReportManager] Assertion [ValidateTrue] PASSED. Expected [TRUE] and Actual [TRUE]. Validation Type [POSITIVE]. @17-10-2021 01:58:06.0713 A
[ReportManager] Browser Action [CloseCurrentWindow] successfully performed. @17-10-2021 01:58:06.0825 AM
[ReportManager] Successfully created attachment [Browser Action Test Data - CloseCurrentWindow - Actual Value] @17-10-2021 01:58:06.0825 A

################################################################################################################################################
Starting Execution:	[123 out of 143] test cases in the current suite
Test Method:		[testPackage01.Test_JsonCompareWithSpecialCharacters.specialCharacters]
################################################################################################################################################
[ReportManager] File Action [GetAbsolutePath] successfully performed. With the following test data [Relative Folder Path: "src/test/resources/TestJsonFiles/specialCharacters.json"]. @17-10-2021 01:58:06.0831 AM
[ReportManager] File Action [ReadFromFile] successfully performed. With the following test data [File Path: "/home/runner/work/SHAFT_ENGINE/SHAFT_ENGINE/src/test/resources/TestJsonFiles/specialCharacters.json"]. @17-10-2021 01:58:06.0840 AM
[ReportManager] Successfully created attachment [File Action Actual Result - Command Log] @17-10-2021 01:58:06.0840 AM
[ReportManager] Comparing the provided API response with the file at this path "src/test/resources/TestJsonFiles/specialCharacters.json", comparison type "EQUALS" @17-10-2021 01:58:06.0840 AM
[ReportManager] API Action [CompareJSON] successfully performed. With the following test data [src/test/resources/TestJsonFiles/specialCharacters.json]. @17-10-2021 01:58:06.0860 AM
[ReportManager] File Action [GetAbsolutePath] successfully performed. With the following test data [Relative Folder Path: "src/test/resources/TestJsonFiles/specialCharacters.json"]. @17-10-2021 01:58:06.0860 AM
[ReportManager] File Action [ReadFromFile] successfully performed. With the following test data [File Path: "/home/runner/work/SHAFT_ENGINE/SHAFT_ENGINE/src/test/resources/TestJsonFiles/specialCharacters.json"]. @17-10-2021 01:58:06.0860 AM
[ReportManager] Verification [ValidateJSONFileContent] PASSED. Expected [Response data should match the JSON File in this path 'src/test/resources/TestJsonFiles/specialCharacters.json'] and Actual [TRUE]. Comparison Type [EQUALS]. Validation Type [POSITIVE]. @17-10-2021 01:58:06.0868 AM
[ReportManager] Successfully created attachment [Validation Test Data - Expected JSON Value] @17-10-2021 01:58:06.0869 AM
[ReportManager] Successfully created attachment [Validation Test Data - Actual JSON Value] @17-10-2021 01:58:06.0872 A

################################################################################################################################################
Starting Execution:	[124 out of 143] test cases in the current suite
Test Method:		[testPackage01.Test_JsonCompareWithSpecialCharacters.specialCharacters_assertion]
################################################################################################################################################
[ReportManager] File Action [GetAbsolutePath] successfully performed. With the following test data [Relative Folder Path: "src/test/resources/TestJsonFiles/specialCharacters.json"]. @17-10-2021 01:58:06.0884 AM
[ReportManager] File Action [ReadFromFile] successfully performed. With the following test data [File Path: "/home/runner/work/SHAFT_ENGINE/SHAFT_ENGINE/src/test/resources/TestJsonFiles/specialCharacters.json"]. @17-10-2021 01:58:06.0884 AM
[ReportManager] Successfully created attachment [File Action Actual Result - Command Log] @17-10-2021 01:58:06.0884 AM
[ReportManager] Comparing the provided API response with the file at this path "src/test/resources/TestJsonFiles/specialCharacters.json", comparison type "CONTAINS" @17-10-2021 01:58:06.0885 AM
[ReportManager] API Action [CompareJSON] successfully performed. With the following test data [src/test/resources/TestJsonFiles/specialCharacters.json]. @17-10-2021 01:58:06.0910 AM
[ReportManager] File Action [GetAbsolutePath] successfully performed. With the following test data [Relative Folder Path: "src/test/resources/TestJsonFiles/specialCharacters.json"]. @17-10-2021 01:58:06.0910 AM
[ReportManager] File Action [ReadFromFile] successfully performed. With the following test data [File Path: "/home/runner/work/SHAFT_ENGINE/SHAFT_ENGINE/src/test/resources/TestJsonFiles/specialCharacters.json"]. @17-10-2021 01:58:06.0910 AM
[ReportManager] Assertion Passed: trying out the log message @17-10-2021 01:58:06.0918 AM
[ReportManager] Successfully created attachment [Validation Test Data - Expected JSON Value] @17-10-2021 01:58:06.0924 AM
[ReportManager] Successfully created attachment [Validation Test Data - Actual JSON Value] @17-10-2021 01:58:06.0925 AM
[ReportManager] Assertion [ValidateJSONFileContent] PASSED. Expected [Response data should match the JSON File in this path 'src/test/resources/TestJsonFiles/specialCharacters.json'] and Actual [TRUE]. Comparison Type [CONTAINS]. Validation Type [POSITIVE]. @17-10-2021 01:58:06.0925 A
[ReportManager] File Action [GetAbsolutePath] successfully performed. With the following test data [Relative Folder Path: "target/downloadedFiles/"]. @17-10-2021 01:58:06.0931 AM
[ReportManager] Attempting to run remotely on: [Linux-64], [GoogleChrome], [http://localhost:4444/wd/hub], Headless Execution. @17-10-2021 01:58:06.0932 AM
[ReportManager] Successfully Opened [GoogleChrome]. @17-10-2021 01:58:07.0147 A

################################################################################################################################################
Starting Execution:	[125 out of 143] test cases in the current suite
Test Method:		[testPackage01.Test_assertEquals.test_assertElementAttribute]
################################################################################################################################################
[ReportManager] Target URL: [https://www.google.com/ncr], and after redirection: [https://www.google.com] @17-10-2021 01:58:07.0161 AM
[ReportManager] Initial URL: [data:,] @17-10-2021 01:58:07.0200 AM
[ReportManager] Browser Action [NavigateToURL] successfully performed. With the following test data [https://www.google.com/ncr]. @17-10-2021 01:58:08.0061 AM
[ReportManager] Element Action [Type] successfully performed. With the following test data [INC_004010050:Another SCHEDULER with the same name [Duplicate Job Name] already exists.]. @17-10-2021 01:58:08.0826 AM
[ReportManager] Element Action [GetText] successfully performed. With the following test data [INC_004010050:Another SCHEDULER with the same name [Duplicate Job Name] already exists.]. @17-10-2021 01:58:08.0915 AM
[ReportManager] Loaded Shared OpenCV @17-10-2021 01:58:09.0070 AM
[ReportManager] Assertion [ValidateElementAttribute] PASSED. Expected [Value Should be 'INC_004010050:Another SCHEDULER with the same name \[Duplicate Job Name\] already exists.' for the 'text' attribute, element locator 'By.name: q'] and Actual [INC_004010050:Another SCHEDULER with the same name [Duplicate Job Name] already exists.]. Comparison Type [MATCHES]. Validation Type [POSITIVE]. @17-10-2021 01:58:09.0138 AM
[ReportManager] Successfully created attachment [Screenshot - 1634435889070_test_assertElementAttribute_ValidateElementAttribute_passed] @17-10-2021 01:58:09.0139 A
[ReportManager] Browser Action [CloseCurrentWindow] successfully performed. @17-10-2021 01:58:09.0263 AM
[ReportManager] Successfully created attachment [Browser Action Test Data - CloseCurrentWindow - Actual Value] @17-10-2021 01:58:09.0264 A
[ReportManager] File Action [GetAbsolutePath] successfully performed. With the following test data [Relative Folder Path: "target/downloadedFiles/"]. @17-10-2021 01:58:09.0274 AM
[ReportManager] Attempting to run remotely on: [Linux-64], [GoogleChrome], [http://localhost:4444/wd/hub], Headless Execution. @17-10-2021 01:58:09.0274 AM
[ReportManager] Successfully Opened [GoogleChrome]. @17-10-2021 01:58:09.0490 A

################################################################################################################################################
Starting Execution:	[126 out of 143] test cases in the current suite
Test Method:		[testPackage01.Test_verifyEquals.test_assertElementAttribute]
################################################################################################################################################
[ReportManager] Target URL: [https://www.google.com/ncr], and after redirection: [https://www.google.com] @17-10-2021 01:58:09.0504 AM
[ReportManager] Initial URL: [data:,] @17-10-2021 01:58:09.0573 AM
[ReportManager] Browser Action [NavigateToURL] successfully performed. With the following test data [https://www.google.com/ncr]. @17-10-2021 01:58:10.0561 AM
[ReportManager] Element Action [Type] successfully performed. With the following test data [INC_004010050:Another SCHEDULER with the same name [Duplicate Job Name] already exists.]. @17-10-2021 01:58:11.0303 AM
[ReportManager] Element Action [GetText] successfully performed. With the following test data [INC_004010050:Another SCHEDULER with the same name [Duplicate Job Name] already exists.]. @17-10-2021 01:58:11.0402 AM
[ReportManager] Loaded Shared OpenCV @17-10-2021 01:58:11.0523 AM
[ReportManager] Verification [ValidateElementAttribute] PASSED. Expected [Value Should be 'INC_004010050:Another SCHEDULER with the same name \[Duplicate Job Name\] already exists.' for the 'text' attribute, element locator 'By.name: q'] and Actual [INC_004010050:Another SCHEDULER with the same name [Duplicate Job Name] already exists.]. Comparison Type [MATCHES]. Validation Type [POSITIVE]. @17-10-2021 01:58:11.0592 AM
[ReportManager] Successfully created attachment [Screenshot - 1634435891523_test_assertElementAttribute_ValidateElementAttribute_passed] @17-10-2021 01:58:11.0594 A
[ReportManager] Browser Action [CloseCurrentWindow] successfully performed. @17-10-2021 01:58:11.0718 AM
[ReportManager] Successfully created attachment [Browser Action Test Data - CloseCurrentWindow - Actual Value] @17-10-2021 01:58:11.0719 A

################################################################################################################################################
Starting Execution:	[127 out of 143] test cases in the current suite
Test Method:		[testPackage01.Test_JsonActions.f]
###############################################################################################################################################

################################################################################################################################################
Starting Execution:	[128 out of 143] test cases in the current suite
Test Method:		[testPackage01.Test_JsonActions.f2]
###############################################################################################################################################

################################################################################################################################################
Starting Execution:	[129 out of 143] test cases in the current suite
Test Method:		[testPackage01.Test_PDF.testPDF_Downloaded]
################################################################################################################################################
[ReportManager] File Action [DoesFileExist] successfully performed. With the following test data [File Path: "src/test/resources/TestDataFiles/sample.pdf"]. @17-10-2021 01:58:11.0746 AM
[ReportManager] File Action [GetAbsolutePath] successfully performed. With the following test data [Relative File Path: "src/test/resources/TestDataFiles/sample.pdf"]. @17-10-2021 01:58:11.0746 AM
[ReportManager] Assertion [ValidateTrue] PASSED. Expected [TRUE] and Actual [TRUE]. Validation Type [POSITIVE]. @17-10-2021 01:58:12.0392 A
[ReportManager] File Action [GetAbsolutePath] successfully performed. With the following test data [Relative Folder Path: "target/downloadedFiles/"]. @17-10-2021 01:58:12.0401 AM
[ReportManager] Attempting to run remotely on: [Linux-64], [GoogleChrome], [http://localhost:4444/wd/hub], Headless Execution. @17-10-2021 01:58:12.0401 AM
[ReportManager] Successfully Opened [GoogleChrome]. @17-10-2021 01:58:12.0628 A

################################################################################################################################################
Starting Execution:	[130 out of 143] test cases in the current suite
Test Method:		[testPackage01.Test_dragAndDrop.dragAndDropJquery]
################################################################################################################################################
[ReportManager] Target URL: [https://jqueryui.com/resources/demos/droppable/default.html] @17-10-2021 01:58:12.0645 AM
[ReportManager] Initial URL: [data:,] @17-10-2021 01:58:12.0689 AM
[ReportManager] Browser Action [NavigateToURL] successfully performed. With the following test data [https://jqueryui.com/resources/demos/droppable/default.html]. @17-10-2021 01:58:13.0139 AM
[ReportManager] Element Action [GetText] successfully performed. With the following test data [Drop here]. @17-10-2021 01:58:13.0227 AM
[ReportManager] Element Action [DragAndDrop] successfully performed. With the following test data [Start point: (8, 18), End point: (8, 18)]. @17-10-2021 01:58:14.0577 AM
[ReportManager] Element Action [GetText] successfully performed. With the following test data [Dropped!]. @17-10-2021 01:58:14.0644 AM
[ReportManager] Assertion Passed: Checking to see if the text has changed after performing drag and drop @17-10-2021 01:58:14.0644 AM
[ReportManager] Assertion [ValidateEquals] PASSED. Expected [Drop here] and Actual [Dropped!]. Comparison Type [EQUALS]. Validation Type [NEGATIVE]. @17-10-2021 01:58:14.0644 A
[ReportManager] Browser Action [CloseCurrentWindow] successfully performed. @17-10-2021 01:58:14.0745 AM
[ReportManager] Successfully created attachment [Browser Action Test Data - CloseCurrentWindow - Actual Value] @17-10-2021 01:58:14.0746 A
[ReportManager] File Action [GetAbsolutePath] successfully performed. With the following test data [Relative Folder Path: "target/downloadedFiles/"]. @17-10-2021 01:58:14.0748 AM
[ReportManager] Attempting to run remotely on: [Linux-64], [GoogleChrome], [http://localhost:4444/wd/hub], Headless Execution. @17-10-2021 01:58:14.0748 AM
[ReportManager] Successfully Opened [GoogleChrome]. @17-10-2021 01:58:14.0969 A

################################################################################################################################################
Starting Execution:	[131 out of 143] test cases in the current suite
Test Method:		[testPackage01.Test_dragAndDrop.dragAndDrop]
Test Description:	[TC001 - Test Drag and Drop function.]
################################################################################################################################################
[ReportManager] Target URL: [http://the-internet.herokuapp.com/drag_and_drop] @17-10-2021 01:58:14.0989 AM
[ReportManager] Initial URL: [data:,] @17-10-2021 01:58:15.0031 AM
[ReportManager] Browser Action [NavigateToURL] successfully performed. With the following test data [http://the-internet.herokuapp.com/drag_and_drop]. @17-10-2021 01:58:15.0642 AM
[ReportManager] Attempting Drag and Drop @17-10-2021 01:58:15.0642 AM
[ReportManager] Element Action [DragAndDrop] successfully performed. With the following test data [Start point: (32, 90), End point: (247, 90)]. @17-10-2021 01:58:16.0854 A
[ReportManager] Browser Action [CloseCurrentWindow] successfully performed. @17-10-2021 01:58:16.0953 AM
[ReportManager] Successfully created attachment [Browser Action Test Data - CloseCurrentWindow - Actual Value] @17-10-2021 01:58:16.0953 A
[ReportManager] File Action [GetAbsolutePath] successfully performed. With the following test data [Relative Folder Path: "target/downloadedFiles/"]. @17-10-2021 01:58:16.0957 AM
[ReportManager] Attempting to run remotely on: [Linux-64], [GoogleChrome], [http://localhost:4444/wd/hub], Headless Execution. @17-10-2021 01:58:16.0957 AM
[ReportManager] Successfully Opened [GoogleChrome]. @17-10-2021 01:58:17.0183 A

################################################################################################################################################
Starting Execution:	[132 out of 143] test cases in the current suite
Test Method:		[testPackage01.Test_dragAndDrop.dragAndDropByOffset]
Test Description:	[TC002 - Test Drag and Drop by offset function.]
################################################################################################################################################
[ReportManager] Target URL: [https://jqueryui.com/resources/demos/draggable/default.html] @17-10-2021 01:58:17.0196 AM
[ReportManager] Initial URL: [data:,] @17-10-2021 01:58:17.0266 AM
[ReportManager] Browser Action [NavigateToURL] successfully performed. With the following test data [https://jqueryui.com/resources/demos/draggable/default.html]. @17-10-2021 01:58:17.0696 AM
[ReportManager] Element Action [DragAndDropByOffset] successfully performed. With the following test data [Start point: (8, 8), End point: (108, 58)]. @17-10-2021 01:58:17.0857 A
[ReportManager] Browser Action [CloseCurrentWindow] successfully performed. @17-10-2021 01:58:17.0963 AM
[ReportManager] Successfully created attachment [Browser Action Test Data - CloseCurrentWindow - Actual Value] @17-10-2021 01:58:17.0964 A
[ReportManager] File Action [GetAbsolutePath] successfully performed. With the following test data [Relative Folder Path: "target/downloadedFiles/"]. @17-10-2021 01:58:17.0965 AM
[ReportManager] Attempting to run remotely on: [Linux-64], [GoogleChrome], [http://localhost:4444/wd/hub], Headless Execution. @17-10-2021 01:58:17.0965 AM
[ReportManager] Successfully Opened [GoogleChrome]. @17-10-2021 01:58:18.0207 A

################################################################################################################################################
Starting Execution:	[133 out of 143] test cases in the current suite
Test Method:		[testPackage01.Test_clipboardActions.typeTextAndCopyPaste]
################################################################################################################################################
[ReportManager] Target URL: [https://www.google.com/ncr], and after redirection: [https://www.google.com] @17-10-2021 01:58:18.0219 AM
[ReportManager] Initial URL: [data:,] @17-10-2021 01:58:18.0257 AM
[ReportManager] Browser Action [NavigateToURL] successfully performed. With the following test data [https://www.google.com/ncr]. @17-10-2021 01:58:19.0141 AM
[ReportManager] Element Action [Type] successfully performed. With the following test data [FIRST]. @17-10-2021 01:58:19.0494 AM
[ReportManager] Element Action [ClipboardActions] successfully performed. With the following test data [select all]. @17-10-2021 01:58:19.0551 AM
[ReportManager] Element Action [ClipboardActions] successfully performed. With the following test data [copy]. @17-10-2021 01:58:19.0605 AM
[ReportManager] Element Action [ClipboardActions] successfully performed. With the following test data [unselect]. @17-10-2021 01:58:19.0655 AM
[ReportManager] Element Action [ClipboardActions] successfully performed. With the following test data [paste]. @17-10-2021 01:58:19.0709 AM
[ReportManager] Element Action [ClipboardActions] successfully performed. With the following test data [select all]. @17-10-2021 01:58:19.0762 AM
[ReportManager] Element Action [Type] successfully performed. @17-10-2021 01:58:19.0997 AM
[ReportManager] Element Action [ClipboardActions] successfully performed. With the following test data [cut]. @17-10-2021 01:58:19.0998 AM
[ReportManager] Element Action [ClipboardActions] successfully performed. With the following test data [paste]. @17-10-2021 01:58:20.0062 AM
[ReportManager] Element Action [ClipboardActions] successfully performed. With the following test data [paste]. @17-10-2021 01:58:20.0120 A
[ReportManager] Browser Action [CloseCurrentWindow] successfully performed. @17-10-2021 01:58:20.0265 AM
[ReportManager] Successfully created attachment [Browser Action Test Data - CloseCurrentWindow - Actual Value] @17-10-2021 01:58:20.0266 A
[ReportManager] File Action [GetAbsolutePath] successfully performed. With the following test data [Relative Folder Path: "target/downloadedFiles/"]. @17-10-2021 01:58:20.0268 AM
[ReportManager] Attempting to run remotely on: [Linux-64], [GoogleChrome], [http://localhost:4444/wd/hub], Headless Execution. @17-10-2021 01:58:20.0268 AM
[ReportManager] Successfully Opened [GoogleChrome]. @17-10-2021 01:58:20.0494 A

################################################################################################################################################
Starting Execution:	[134 out of 143] test cases in the current suite
Test Method:		[testPackage01.Test_dynamicLoading.dynamicLoading_elementIsHidden]
################################################################################################################################################
[ReportManager] Target URL: [https://the-internet.herokuapp.com/dynamic_loading/1] @17-10-2021 01:58:20.0520 AM
[ReportManager] Initial URL: [data:,] @17-10-2021 01:58:20.0561 AM
[ReportManager] Browser Action [NavigateToURL] successfully performed. With the following test data [https://the-internet.herokuapp.com/dynamic_loading/1]. @17-10-2021 01:58:21.0273 AM
[ReportManager] Element Action [Click] successfully performed. With the following test data [Start]. @17-10-2021 01:58:21.0621 AM
[ReportManager] Element Action [GetText] successfully performed. With the following test data [
    Hello World!
  ]. @17-10-2021 01:58:21.0729 AM
[ReportManager] Loaded Shared OpenCV @17-10-2021 01:58:21.0886 AM
[ReportManager] Assertion [ValidateElementAttribute] PASSED. Expected [Value Should be 'Hello World!' for the 'text' attribute, element locator 'By.id: finish'] and Actual [
    Hello World!
  ]. Comparison Type [CONTAINS]. Validation Type [POSITIVE]. @17-10-2021 01:58:21.0973 AM
[ReportManager] Successfully created attachment [Screenshot - 1634435901886_dynamicLoading_elementIsHidden_ValidateElementAttribute_passed] @17-10-2021 01:58:21.0974 A
[ReportManager] Browser Action [CloseCurrentWindow] successfully performed. @17-10-2021 01:58:22.0063 AM
[ReportManager] Successfully created attachment [Browser Action Test Data - CloseCurrentWindow - Actual Value] @17-10-2021 01:58:22.0063 A
[ReportManager] File Action [GetAbsolutePath] successfully performed. With the following test data [Relative Folder Path: "target/downloadedFiles/"]. @17-10-2021 01:58:22.0065 AM
[ReportManager] Attempting to run remotely on: [Linux-64], [GoogleChrome], [http://localhost:4444/wd/hub], Headless Execution. @17-10-2021 01:58:22.0065 AM
[ReportManager] Successfully Opened [GoogleChrome]. @17-10-2021 01:58:22.0272 A

################################################################################################################################################
Starting Execution:	[135 out of 143] test cases in the current suite
Test Method:		[testPackage01.Test_dynamicLoading.dynamicLoading_elementIsRendered]
################################################################################################################################################
[ReportManager] Target URL: [https://the-internet.herokuapp.com/dynamic_loading/2] @17-10-2021 01:58:22.0286 AM
[ReportManager] Initial URL: [data:,] @17-10-2021 01:58:22.0329 AM
[ReportManager] Browser Action [NavigateToURL] successfully performed. With the following test data [https://the-internet.herokuapp.com/dynamic_loading/2]. @17-10-2021 01:58:23.0052 AM
[ReportManager] Element Action [Click] successfully performed. With the following test data [Start]. @17-10-2021 01:58:23.0369 AM
[ReportManager] Element Action [GetText] successfully performed. With the following test data [Hello World!]. @17-10-2021 01:58:28.0548 AM
[ReportManager] Loaded Shared OpenCV @17-10-2021 01:58:28.0684 AM
[ReportManager] Assertion [ValidateElementAttribute] PASSED. Expected [Value Should be 'Hello World!' for the 'text' attribute, element locator 'By.id: finish'] and Actual [Hello World!]. Comparison Type [CONTAINS]. Validation Type [POSITIVE]. @17-10-2021 01:58:28.0752 AM
[ReportManager] Successfully created attachment [Screenshot - 1634435908684_dynamicLoading_elementIsRendered_ValidateElementAttribute_passed] @17-10-2021 01:58:28.0753 A
[ReportManager] Browser Action [CloseCurrentWindow] successfully performed. @17-10-2021 01:58:28.0846 AM
[ReportManager] Successfully created attachment [Browser Action Test Data - CloseCurrentWindow - Actual Value] @17-10-2021 01:58:28.0847 A
[ReportManager] File Action [GetAbsolutePath] successfully performed. With the following test data [Relative Folder Path: "target/downloadedFiles/"]. @17-10-2021 01:58:28.0850 AM
[ReportManager] Attempting to run remotely on: [Linux-64], [GoogleChrome], [http://localhost:4444/wd/hub], Headless Execution. @17-10-2021 01:58:28.0850 AM
[ReportManager] Successfully Opened [GoogleChrome]. @17-10-2021 01:58:29.0058 A

################################################################################################################################################
Starting Execution:	[136 out of 143] test cases in the current suite
Test Method:		[testPackage01.Test_uploadFile.uploadFile_invisibleUploadInput]
################################################################################################################################################
[ReportManager] Target URL: [https://fineuploader.com/demos.html#gallery-view] @17-10-2021 01:58:29.0074 AM
[ReportManager] Initial URL: [data:,] @17-10-2021 01:58:29.0116 AM
[ReportManager] Browser Action [NavigateToURL] successfully performed. With the following test data [https://fineuploader.com/demos.html#gallery-view]. @17-10-2021 01:58:30.0850 AM
[ReportManager] File Action [GetAbsolutePath] successfully performed. With the following test data [Relative File Path: "src/main/resources/images/shaft.png"]. @17-10-2021 01:58:30.0851 AM
[ReportManager] Successfully created attachment [File Action Actual Result - Command Log] @17-10-2021 01:58:30.0851 AM
[ReportManager] Element Action [TypeFileLocationForUpload] successfully performed. With the following test data [/home/runner/work/SHAFT_ENGINE/SHAFT_ENGINE/src/main/resources/images/shaft.png]. @17-10-2021 01:58:31.0065 AM
[ReportManager] Attempting to getAttribute [src] from elementLocator [By.xpath: //div[@id='fine-uploader-gallery']//div[@class='qq-thumbnail-wrapper']/img]. @17-10-2021 01:58:31.0065 AM
[ReportManager] Element Action [GetAttribute] successfully performed. @17-10-2021 01:58:31.0203 AM
[ReportManager] Successfully created attachment [Element Action Test Data - GetAttribute - Actual Value] @17-10-2021 01:58:31.0204 AM
[ReportManager] Loaded Shared OpenCV @17-10-2021 01:58:31.0361 AM
[ReportManager] Assertion [ValidateElementAttribute] PASSED. Expected and Actual values are attached. Comparison Type [CONTAINS]. Validation Type [POSITIVE]. @17-10-2021 01:58:31.0442 AM
[ReportManager] Successfully created attachment [Validation Test Data - Expected Value] @17-10-2021 01:58:31.0443 AM
[ReportManager] Successfully created attachment [Validation Test Data - Actual Value] @17-10-2021 01:58:31.0443 AM
[ReportManager] Successfully created attachment [Screenshot - 1634435911360_uploadFile_invisibleUploadInput_ValidateElementAttribute_passed] @17-10-2021 01:58:31.0444 A
[ReportManager] Browser Action [CloseCurrentWindow] successfully performed. @17-10-2021 01:58:31.0586 AM
[ReportManager] Successfully created attachment [Browser Action Test Data - CloseCurrentWindow - Actual Value] @17-10-2021 01:58:31.0587 A
[ReportManager] File Action [GetAbsolutePath] successfully performed. With the following test data [Relative Folder Path: "target/downloadedFiles/"]. @17-10-2021 01:58:31.0596 AM
[ReportManager] Attempting to run remotely on: [Linux-64], [GoogleChrome], [http://localhost:4444/wd/hub], Headless Execution. @17-10-2021 01:58:31.0597 AM
[ReportManager] Successfully Opened [GoogleChrome]. @17-10-2021 01:58:31.0830 A

################################################################################################################################################
Starting Execution:	[137 out of 143] test cases in the current suite
Test Method:		[testPackage01.Test_uploadFile.uploadFile_visibleUploadInput]
################################################################################################################################################
[ReportManager] Target URL: [http://demo.guru99.com/test/upload/] @17-10-2021 01:58:31.0845 AM
[ReportManager] Initial URL: [data:,] @17-10-2021 01:58:31.0891 AM
[ReportManager] Browser Action [NavigateToURL] successfully performed. With the following test data [http://demo.guru99.com/test/upload/]. @17-10-2021 01:58:32.0919 AM
[ReportManager] File Action [GetAbsolutePath] successfully performed. With the following test data [Relative File Path: "src/main/resources/images/shaft.png"]. @17-10-2021 01:58:32.0919 AM
[ReportManager] Successfully created attachment [File Action Actual Result - Command Log] @17-10-2021 01:58:32.0920 AM
[ReportManager] Element Action [TypeFileLocationForUpload] successfully performed. With the following test data [/home/runner/work/SHAFT_ENGINE/SHAFT_ENGINE/src/main/resources/images/shaft.png]. @17-10-2021 01:58:33.0069 AM
[ReportManager] Element Action [Click] successfully performed. With the following test data [on]. @17-10-2021 01:58:33.0388 AM
[ReportManager] Element Action [Click] successfully performed. With the following test data [Submit File]. @17-10-2021 01:58:33.0755 AM
[ReportManager] Element Action [GetText] successfully performed. With the following test data [1 file
has been successfully uploaded.]. @17-10-2021 01:58:34.0393 AM
[ReportManager] Loaded Shared OpenCV @17-10-2021 01:58:34.0538 AM
[ReportManager] Assertion [ValidateElementAttribute] PASSED. Expected [Value Should be '1 file' for the 'Text' attribute, element locator 'By.id: res'] and Actual [1 file
has been successfully uploaded.]. Comparison Type [CONTAINS]. Validation Type [POSITIVE]. @17-10-2021 01:58:34.0601 AM
[ReportManager] Successfully created attachment [Screenshot - 1634435914538_uploadFile_visibleUploadInput_ValidateElementAttribute_passed] @17-10-2021 01:58:34.0602 A
[ReportManager] Browser Action [CloseCurrentWindow] successfully performed. @17-10-2021 01:58:34.0708 AM
[ReportManager] Successfully created attachment [Browser Action Test Data - CloseCurrentWindow - Actual Value] @17-10-2021 01:58:34.0709 A

################################################################################################################################################
Starting Execution:	[138 out of 143] test cases in the current suite
Test Method:		[testPackage01.Test_SelectedValue.multipleSelect]
################################################################################################################################################
[ReportManager] File Action [GetAbsolutePath] successfully performed. With the following test data [Relative Folder Path: "target/downloadedFiles/"]. @17-10-2021 01:58:34.0714 AM
[ReportManager] Attempting to run remotely on: [Linux-64], [GoogleChrome], [http://localhost:4444/wd/hub], Headless Execution. @17-10-2021 01:58:34.0714 AM
[ReportManager] Successfully Opened [GoogleChrome]. @17-10-2021 01:58:34.0916 AM
[ReportManager] Target URL: [https://yari-demos.prod.mdn.mozit.cloud/en-US/docs/Web/HTML/Element/select/_sample_.Advanced_select_with_multiple_features.html] @17-10-2021 01:58:34.0926 AM
[ReportManager] Initial URL: [data:,] @17-10-2021 01:58:34.0967 AM
[ReportManager] Browser Action [NavigateToURL] successfully performed. With the following test data [https://yari-demos.prod.mdn.mozit.cloud/en-US/docs/Web/HTML/Element/select/_sample_.Advanced_select_with_multiple_features.html]. @17-10-2021 01:58:35.0374 AM
[ReportManager] Element Action [Select] successfully performed. With the following test data [Dog]. @17-10-2021 01:58:35.0630 AM
[ReportManager] Element Action [Select] successfully performed. With the following test data [Cat]. @17-10-2021 01:58:35.0853 AM
[ReportManager] Element Action [GetSelectedText] successfully performed. With the following test data [DogCat]. @17-10-2021 01:58:35.0999 AM
[ReportManager] DogCat @17-10-2021 01:58:35.0999 AM
[ReportManager] Element Action [GetSelectedText] successfully performed. With the following test data [DogCat]. @17-10-2021 01:58:36.0132 AM
[ReportManager] Loaded Shared OpenCV @17-10-2021 01:58:36.0244 AM
[ReportManager] Assertion [ValidateElementAttribute] PASSED. Expected [Value Should be 'DogCat' for the 'selectedText' attribute, element locator 'By.tagName: select'] and Actual [DogCat]. Comparison Type [EQUALS]. Validation Type [POSITIVE]. @17-10-2021 01:58:36.0326 AM
[ReportManager] Successfully created attachment [Screenshot - 1634435916244_multipleSelect_ValidateElementAttribute_passed] @17-10-2021 01:58:36.0327 AM
[ReportManager] Browser Action [CloseCurrentWindow] successfully performed. @17-10-2021 01:58:36.0421 AM
[ReportManager] Successfully created attachment [Browser Action Test Data - CloseCurrentWindow - Actual Value] @17-10-2021 01:58:36.0422 A

################################################################################################################################################
Starting Execution:	[139 out of 143] test cases in the current suite
Test Method:		[testPackage01.Test_SelectedValue.simpleSelect]
################################################################################################################################################
[ReportManager] File Action [GetAbsolutePath] successfully performed. With the following test data [Relative Folder Path: "target/downloadedFiles/"]. @17-10-2021 01:58:36.0425 AM
[ReportManager] Attempting to run remotely on: [Linux-64], [GoogleChrome], [http://localhost:4444/wd/hub], Headless Execution. @17-10-2021 01:58:36.0425 AM
[ReportManager] Successfully Opened [GoogleChrome]. @17-10-2021 01:58:36.0654 AM
[ReportManager] Target URL: [https://yari-demos.prod.mdn.mozit.cloud/en-US/docs/Web/HTML/Element/select/_sample_.Basic_select.html] @17-10-2021 01:58:36.0667 AM
[ReportManager] Initial URL: [data:,] @17-10-2021 01:58:36.0710 AM
[ReportManager] Browser Action [NavigateToURL] successfully performed. With the following test data [https://yari-demos.prod.mdn.mozit.cloud/en-US/docs/Web/HTML/Element/select/_sample_.Basic_select.html]. @17-10-2021 01:58:36.0987 AM
[ReportManager] Element Action [Select] successfully performed. With the following test data [Third Value]. @17-10-2021 01:58:37.0298 AM
[ReportManager] Element Action [GetSelectedText] successfully performed. With the following test data [Third Value]. @17-10-2021 01:58:37.0404 AM
[ReportManager] Third Value @17-10-2021 01:58:37.0404 AM
[ReportManager] Element Action [GetSelectedText] successfully performed. With the following test data [Third Value]. @17-10-2021 01:58:37.0509 AM
[ReportManager] Loaded Shared OpenCV @17-10-2021 01:58:37.0646 AM
[ReportManager] Assertion [ValidateElementAttribute] PASSED. Expected [Value Should be 'Third Value' for the 'selectedText' attribute, element locator 'By.tagName: select'] and Actual [Third Value]. Comparison Type [EQUALS]. Validation Type [POSITIVE]. @17-10-2021 01:58:37.0708 AM
[ReportManager] Successfully created attachment [Screenshot - 1634435917646_simpleSelect_ValidateElementAttribute_passed] @17-10-2021 01:58:37.0708 AM
[ReportManager] Browser Action [CloseCurrentWindow] successfully performed. @17-10-2021 01:58:37.0801 AM
[ReportManager] Successfully created attachment [Browser Action Test Data - CloseCurrentWindow - Actual Value] @17-10-2021 01:58:37.0801 A

################################################################################################################################################
Starting Execution:	[140 out of 143] test cases in the current suite
Test Method:		[testPackage01.Test_JSONFileManager.readStringFromJson]
################################################################################################################################################
[ReportManager] Successfully loaded the following test data file [src/test/resources/TestDataFiles/simpleJSON.json]. @17-10-2021 01:58:37.0807 AM
[ReportManager] Successfully created attachment [Test Data - JSON] @17-10-2021 01:58:37.0807 AM
[ReportManager] Assertion [ValidateEquals] PASSED. Expected [Mohab Mohie] and Actual [Mohab Mohie]. Comparison Type [EQUALS]. Validation Type [POSITIVE]. @17-10-2021 01:58:37.0825 A
[ReportManager] Successfully loaded the following test data file [src/test/resources/TestDataFiles/testSuite01/TestData.xlsx]. @17-10-2021 01:58:37.0864 AM
[ReportManager] Successfully created attachment [Test Data - Excel] @17-10-2021 01:58:37.0864 AM
[ReportManager] Attempting to run using Playwright locally on: [Linux-64], [GoogleChrome], Headless Execution. @17-10-2021 01:58:54.0994 AM
[ReportManager] File Action [GetAbsolutePath] successfully performed. With the following test data [Relative Folder Path: "target/downloadedFiles/"]. @17-10-2021 01:58:54.0995 AM
[ReportManager] Initial window size: (1280, 720) @17-10-2021 01:58:55.0375 AM
[ReportManager] Window size after Toolkit: com.microsoft.playwright.options.ViewportSize@75a4cdd8 @17-10-2021 01:58:55.0379 AM
[ReportManager] Browser Action [MaximizeWindow] successfully performed. With the following test data [New screen size is now: (1920, 1080)]. @17-10-2021 01:58:55.0387 A

################################################################################################################################################
Starting Execution:	[141 out of 143] test cases in the current suite
Test Method:		[testPackage01.Test_google_playwright.navigateToURLandVerifyGoogleLogoIsDisplayed]
Test Description:	[TC001 - Navigate to URL and Verify Google Logo is Displayed]
################################################################################################################################################
[ReportManager] Target URL: [https://www.google.com/ncr], and after redirection: [https://www.google.com] @17-10-2021 01:58:55.0395 AM
[ReportManager] Initial URL: [about:blank] @17-10-2021 01:58:55.0856 AM
[ReportManager] Browser Action [NavigateToURL] successfully performed. With the following test data [https://www.google.com/ncr]. @17-10-2021 01:58:58.0141 AM
[ReportManager] Loaded Shared OpenCV @17-10-2021 01:58:58.0366 AM
[ReportManager] Assertion [ValidateElementExists] PASSED. Expected [Element Should Exist, locator 'xpath=//*[@id='hplogo' or @alt='Google']'] and Actual [Element Exists]. Comparison Type [EQUALS]. Validation Type [POSITIVE]. @17-10-2021 01:58:58.0596 AM
[ReportManager] Successfully created attachment [Screenshot - 1634435938363_navigateToURLandVerifyGoogleLogoIsDisplayed_ValidateElementExists_passed] @17-10-2021 01:58:58.0597 A

################################################################################################################################################
Starting Execution:	[142 out of 143] test cases in the current suite
Test Method:		[testPackage01.Test_google_playwright.searchForQueryandAssertResultsNumDisplayed]
Test Description:	[TC002 - Search for Query and Assert that the number of results is displayed]
################################################################################################################################################
[ReportManager] Element Action [Type] successfully performed. With the following test data [SHAFT_Engine]. @17-10-2021 01:58:58.0874 AM
[ReportManager] Element Action [KeyPress] successfully performed. With the following test data [Enter]. @17-10-2021 01:58:58.0910 AM
[ReportManager] Element Action [GetText] successfully performed. With the following test data [About 970,000 results (0.62 seconds)]. @17-10-2021 01:58:59.0817 AM
[ReportManager] Loaded Shared OpenCV @17-10-2021 01:59:02.0023 AM
[ReportManager] Assertion [ValidateElementAttribute] PASSED. Expected [Value Should not be '' for the 'text' attribute, element locator 'xpath=//div[@id='appbar']'] and Actual [About 970,000 results (0.62 seconds)]. Comparison Type [EQUALS]. Validation Type [NEGATIVE]. @17-10-2021 01:59:02.0284 AM
[ReportManager] Successfully created attachment [Screenshot - 1634435942022_searchForQueryandAssertResultsNumDisplayed_ValidateElementAttribute_passed] @17-10-2021 01:59:02.0287 A

################################################################################################################################################
Starting Execution:	[143 out of 143] test cases in the current suite
Test Method:		[testPackage01.Test_google_playwright.clickNextThrice]
Test Description:	[TC003 - Clicks the next button to make sure that the framework can scroll element into view before clicking it]
################################################################################################################################################
[ReportManager] Element Action [Click] successfully performed. With the following test data [Next]. @17-10-2021 01:59:02.0547 A
[ReportManager] Failed to find video recording. @17-10-2021 01:59:02.0551 AM
[ReportManager] Successfully Closed PlayWright Driver. @17-10-2021 01:59:02.0623 A

################################################################################################################################################
Test Closure Activities
################################################################################################################################################
[ReportManager] Successfully created attachment [SHAFT Engine Logs - Execution log] @17-10-2021 01:59:02.0644 AM

################################################################################################################################################
This test run was powered by SHAFT Engine Version: [SHAFT Engine v5.4.20211011]
SHAFT Engine is licensed under the MIT License: [https://github.com/MohabMohie/SHAFT_ENGINE/blob/master/LICENSE].
################################################################################################################################################