################################################################################################################################################
Detected SHAFT Engine Version: [SHAFT Engine v5.3.20210902]
################################################################################################################################################

################################################################################################################################################
Starting Execution:	[1 out of 144] test cases in the current suite
Test Method:		[unitTests.tests_validations_assertions.assertComparativeRelation_greaterThanOrEquals_false_equals_expectedToFail]
################################################################################################################################################
[ReportManager] Assertion [ValidateComparativeRelation] FAILED. Expected [1] and Actual [1]. Comparison Type [GREATER_THAN_OR_EQUALS]. Validation Type [NEGATIVE]. @03-10-2021 01:55:22.0911 A

################################################################################################################################################
Starting Execution:	[2 out of 144] test cases in the current suite
Test Method:		[unitTests.tests_validations_assertions.assertComparativeRelation_greaterThanOrEquals_false_equals_expectedToPass]
################################################################################################################################################
[ReportManager] Assertion [ValidateComparativeRelation] PASSED. Expected [2] and Actual [1]. Comparison Type [GREATER_THAN_OR_EQUALS]. Validation Type [NEGATIVE]. @03-10-2021 01:55:23.0025 A

################################################################################################################################################
Starting Execution:	[3 out of 144] test cases in the current suite
Test Method:		[unitTests.tests_validations_assertions.assertComparativeRelation_greaterThanOrEquals_false_greaterThan_expectedToFail]
################################################################################################################################################
[ReportManager] Assertion [ValidateComparativeRelation] FAILED. Expected [1] and Actual [2]. Comparison Type [GREATER_THAN_OR_EQUALS]. Validation Type [NEGATIVE]. @03-10-2021 01:55:23.0032 A

################################################################################################################################################
Starting Execution:	[4 out of 144] test cases in the current suite
Test Method:		[unitTests.tests_validations_assertions.assertComparativeRelation_greaterThanOrEquals_false_greaterThan_expectedToPass]
################################################################################################################################################
[ReportManager] Assertion [ValidateComparativeRelation] PASSED. Expected [2] and Actual [1]. Comparison Type [GREATER_THAN_OR_EQUALS]. Validation Type [NEGATIVE]. @03-10-2021 01:55:23.0039 A

################################################################################################################################################
Starting Execution:	[5 out of 144] test cases in the current suite
Test Method:		[unitTests.tests_validations_assertions.assertComparativeRelation_greaterThanOrEquals_true_equals_expectedToFail]
################################################################################################################################################
[ReportManager] Assertion [ValidateComparativeRelation] FAILED. Expected [1] and Actual [0]. Comparison Type [GREATER_THAN_OR_EQUALS]. Validation Type [POSITIVE]. @03-10-2021 01:55:23.0046 A

################################################################################################################################################
Starting Execution:	[6 out of 144] test cases in the current suite
Test Method:		[unitTests.tests_validations_assertions.assertComparativeRelation_greaterThanOrEquals_true_equals_expectedToPass]
################################################################################################################################################
[ReportManager] Assertion [ValidateComparativeRelation] PASSED. Expected [1] and Actual [1]. Comparison Type [GREATER_THAN_OR_EQUALS]. Validation Type [POSITIVE]. @03-10-2021 01:55:23.0055 A

################################################################################################################################################
Starting Execution:	[7 out of 144] test cases in the current suite
Test Method:		[unitTests.tests_validations_assertions.assertComparativeRelation_greaterThanOrEquals_true_greaterThan_expectedToFail]
################################################################################################################################################
[ReportManager] Assertion [ValidateComparativeRelation] FAILED. Expected [2] and Actual [1]. Comparison Type [GREATER_THAN_OR_EQUALS]. Validation Type [POSITIVE]. @03-10-2021 01:55:23.0063 A

################################################################################################################################################
Starting Execution:	[8 out of 144] test cases in the current suite
Test Method:		[unitTests.tests_validations_assertions.assertComparativeRelation_greaterThanOrEquals_true_greaterThan_expectedToPass]
################################################################################################################################################
[ReportManager] Assertion [ValidateComparativeRelation] PASSED. Expected [1] and Actual [2]. Comparison Type [GREATER_THAN_OR_EQUALS]. Validation Type [POSITIVE]. @03-10-2021 01:55:23.0069 A
[ReportManager] File Action [GetAbsolutePath] successfully performed. With the following test data [Relative Folder Path: "target/downloadedFiles/"]. @03-10-2021 01:55:23.0083 AM
[ReportManager] Attempting to run remotely on: [Linux-64], [GoogleChrome], [http://localhost:4444/wd/hub], Headless Execution. @03-10-2021 01:55:23.0115 AM
[ReportManager] Successfully Opened [GoogleChrome]. @03-10-2021 01:55:24.0716 AM
[ReportManager] Target URL: [https://www.google.com/ncr], and after redirection: [www.google.com] @03-10-2021 01:55:24.0758 AM
[ReportManager] Initial URL: [data:,] @03-10-2021 01:55:24.0858 AM
[ReportManager] Browser Action [NavigateToURL] successfully performed. With the following test data [https://www.google.com/ncr]. @03-10-2021 01:55:26.0233 A

################################################################################################################################################
Starting Execution:	[9 out of 144] test cases in the current suite
Test Method:		[unitTests.tests_validations_assertions.assertElementAttribute_false_caseInsensitiveComparison_expectedToFail]
################################################################################################################################################
[ReportManager] Element Action [Type] successfully performed. With the following test data [AUTOMATION]. @03-10-2021 01:55:26.0765 AM
[ReportManager] Element Action [GetText] successfully performed. With the following test data [AUTOMATION]. @03-10-2021 01:55:26.0929 AM
[ReportManager] Loaded Shared OpenCV @03-10-2021 01:55:27.0649 AM
[ReportManager] Assertion [ValidateElementAttribute] FAILED. Expected [Value Should not be 'AutomaTion' for the 'text' attribute, element locator 'By.name: q'] and Actual [AUTOMATION]. Comparison Type [CASE_INSENSITIVE]. Validation Type [NEGATIVE]. @03-10-2021 01:55:27.0944 AM
[ReportManager] Successfully created attachment [Screenshot - 1633226127191_assertElementAttribute_false_caseInsensitiveComparison_expectedToFail_ValidateElementAttribute_failed] @03-10-2021 01:55:27.0963 A
[ReportManager] Browser Action [CloseCurrentWindow] successfully performed. @03-10-2021 01:55:28.0149 AM
[ReportManager] Successfully created attachment [Browser Action Test Data - CloseCurrentWindow - Actual Value] @03-10-2021 01:55:28.0161 A
[ReportManager] File Action [GetAbsolutePath] successfully performed. With the following test data [Relative Folder Path: "target/downloadedFiles/"]. @03-10-2021 01:55:28.0176 AM
[ReportManager] Attempting to run remotely on: [Linux-64], [GoogleChrome], [http://localhost:4444/wd/hub], Headless Execution. @03-10-2021 01:55:28.0176 AM
[ReportManager] Successfully Opened [GoogleChrome]. @03-10-2021 01:55:28.0497 AM
[ReportManager] Target URL: [https://www.google.com/ncr], and after redirection: [www.google.com] @03-10-2021 01:55:28.0533 AM
[ReportManager] Initial URL: [data:,] @03-10-2021 01:55:28.0607 AM
[ReportManager] Browser Action [NavigateToURL] successfully performed. With the following test data [https://www.google.com/ncr]. @03-10-2021 01:55:29.0560 A

################################################################################################################################################
Starting Execution:	[10 out of 144] test cases in the current suite
Test Method:		[unitTests.tests_validations_assertions.assertElementAttribute_false_caseInsensitiveComparison_expectedToPass]
################################################################################################################################################
[ReportManager] Element Action [Type] successfully performed. With the following test data [AUTOMATION]. @03-10-2021 01:55:29.0977 AM
[ReportManager] Element Action [GetText] successfully performed. With the following test data [AUTOMATION]. @03-10-2021 01:55:30.0116 AM
[ReportManager] Loaded Shared OpenCV @03-10-2021 01:55:30.0302 AM
[ReportManager] Assertion [ValidateElementAttribute] PASSED. Expected [Value Should not be 'AutomaTion123' for the 'text' attribute, element locator 'By.name: q'] and Actual [AUTOMATION]. Comparison Type [CASE_INSENSITIVE]. Validation Type [NEGATIVE]. @03-10-2021 01:55:30.0428 AM
[ReportManager] Successfully created attachment [Screenshot - 1633226130302_assertElementAttribute_false_caseInsensitiveComparison_expectedToPass_ValidateElementAttribute_passed] @03-10-2021 01:55:30.0431 A
[ReportManager] Browser Action [CloseCurrentWindow] successfully performed. @03-10-2021 01:55:30.0576 AM
[ReportManager] Successfully created attachment [Browser Action Test Data - CloseCurrentWindow - Actual Value] @03-10-2021 01:55:30.0579 A
[ReportManager] File Action [GetAbsolutePath] successfully performed. With the following test data [Relative Folder Path: "target/downloadedFiles/"]. @03-10-2021 01:55:30.0586 AM
[ReportManager] Attempting to run remotely on: [Linux-64], [GoogleChrome], [http://localhost:4444/wd/hub], Headless Execution. @03-10-2021 01:55:30.0586 AM
[ReportManager] Successfully Opened [GoogleChrome]. @03-10-2021 01:55:30.0848 AM
[ReportManager] Target URL: [https://www.google.com/ncr], and after redirection: [www.google.com] @03-10-2021 01:55:30.0872 AM
[ReportManager] Initial URL: [data:,] @03-10-2021 01:55:30.0947 AM
[ReportManager] Browser Action [NavigateToURL] successfully performed. With the following test data [https://www.google.com/ncr]. @03-10-2021 01:55:31.0816 A

################################################################################################################################################
Starting Execution:	[11 out of 144] test cases in the current suite
Test Method:		[unitTests.tests_validations_assertions.assertElementAttribute_false_containsComparison_expectedToFail]
################################################################################################################################################
[ReportManager] Element Action [Type] successfully performed. With the following test data [Automation123]. @03-10-2021 01:55:32.0199 AM
[ReportManager] Element Action [GetText] successfully performed. With the following test data [Automation123]. @03-10-2021 01:55:32.0318 AM
[ReportManager] Loaded Shared OpenCV @03-10-2021 01:55:32.0466 AM
[ReportManager] Assertion [ValidateElementAttribute] FAILED. Expected [Value Should not be 'Automation' for the 'text' attribute, element locator 'By.name: q'] and Actual [Automation123]. Comparison Type [CONTAINS]. Validation Type [NEGATIVE]. @03-10-2021 01:55:32.0537 AM
[ReportManager] Successfully created attachment [Screenshot - 1633226132466_assertElementAttribute_false_containsComparison_expectedToFail_ValidateElementAttribute_failed] @03-10-2021 01:55:32.0538 A
[ReportManager] Browser Action [CloseCurrentWindow] successfully performed. @03-10-2021 01:55:32.0698 AM
[ReportManager] Successfully created attachment [Browser Action Test Data - CloseCurrentWindow - Actual Value] @03-10-2021 01:55:32.0700 A
[ReportManager] File Action [GetAbsolutePath] successfully performed. With the following test data [Relative Folder Path: "target/downloadedFiles/"]. @03-10-2021 01:55:32.0713 AM
[ReportManager] Attempting to run remotely on: [Linux-64], [GoogleChrome], [http://localhost:4444/wd/hub], Headless Execution. @03-10-2021 01:55:32.0713 AM
[ReportManager] Successfully Opened [GoogleChrome]. @03-10-2021 01:55:32.0953 AM
[ReportManager] Target URL: [https://www.google.com/ncr], and after redirection: [www.google.com] @03-10-2021 01:55:32.0986 AM
[ReportManager] Initial URL: [data:,] @03-10-2021 01:55:33.0036 AM
[ReportManager] Browser Action [NavigateToURL] successfully performed. With the following test data [https://www.google.com/ncr]. @03-10-2021 01:55:33.0876 A

################################################################################################################################################
Starting Execution:	[12 out of 144] test cases in the current suite
Test Method:		[unitTests.tests_validations_assertions.assertElementAttribute_false_containsComparison_expectedToPass]
################################################################################################################################################
[ReportManager] Element Action [Type] successfully performed. With the following test data [Automation123]. @03-10-2021 01:55:34.0288 AM
[ReportManager] Element Action [GetText] successfully performed. With the following test data [Automation123]. @03-10-2021 01:55:34.0425 AM
[ReportManager] Loaded Shared OpenCV @03-10-2021 01:55:34.0574 AM
[ReportManager] Assertion [ValidateElementAttribute] PASSED. Expected [Value Should not be 'Automation1234' for the 'text' attribute, element locator 'By.name: q'] and Actual [Automation123]. Comparison Type [CONTAINS]. Validation Type [NEGATIVE]. @03-10-2021 01:55:34.0649 AM
[ReportManager] Successfully created attachment [Screenshot - 1633226134574_assertElementAttribute_false_containsComparison_expectedToPass_ValidateElementAttribute_passed] @03-10-2021 01:55:34.0651 A
[ReportManager] Browser Action [CloseCurrentWindow] successfully performed. @03-10-2021 01:55:34.0800 AM
[ReportManager] Successfully created attachment [Browser Action Test Data - CloseCurrentWindow - Actual Value] @03-10-2021 01:55:34.0801 A
[ReportManager] File Action [GetAbsolutePath] successfully performed. With the following test data [Relative Folder Path: "target/downloadedFiles/"]. @03-10-2021 01:55:34.0804 AM
[ReportManager] Attempting to run remotely on: [Linux-64], [GoogleChrome], [http://localhost:4444/wd/hub], Headless Execution. @03-10-2021 01:55:34.0805 AM
[ReportManager] Successfully Opened [GoogleChrome]. @03-10-2021 01:55:35.0022 AM
[ReportManager] Target URL: [https://www.google.com/ncr], and after redirection: [www.google.com] @03-10-2021 01:55:35.0039 AM
[ReportManager] Initial URL: [data:,] @03-10-2021 01:55:35.0101 AM
[ReportManager] Browser Action [NavigateToURL] successfully performed. With the following test data [https://www.google.com/ncr]. @03-10-2021 01:55:35.0938 A

################################################################################################################################################
Starting Execution:	[13 out of 144] test cases in the current suite
Test Method:		[unitTests.tests_validations_assertions.assertElementAttribute_false_literalComparison_expectedToFail]
################################################################################################################################################
[ReportManager] Element Action [Type] successfully performed. With the following test data [Automation!@#$%^&*()_+{}[]\';/.,]. @03-10-2021 01:55:36.0437 AM
[ReportManager] Element Action [GetText] successfully performed. With the following test data [Automation!@#$%^&*()_+{}[]\';/.,]. @03-10-2021 01:55:36.0566 AM
[ReportManager] Loaded Shared OpenCV @03-10-2021 01:55:36.0735 AM
[ReportManager] Assertion [ValidateElementAttribute] PASSED. Expected [Value Should not be 'Automation!@#$%^&*()_+{}[]\\';/.,' for the 'text' attribute, element locator 'By.name: q'] and Actual [Automation!@#$%^&*()_+{}[]\';/.,]. Comparison Type [EQUALS]. Validation Type [NEGATIVE]. @03-10-2021 01:55:36.0817 AM
[ReportManager] Successfully created attachment [Screenshot - 1633226136735_assertElementAttribute_false_literalComparison_expectedToFail_ValidateElementAttribute_passed] @03-10-2021 01:55:36.0818 A
[ReportManager] Browser Action [CloseCurrentWindow] successfully performed. @03-10-2021 01:55:36.0956 AM
[ReportManager] Successfully created attachment [Browser Action Test Data - CloseCurrentWindow - Actual Value] @03-10-2021 01:55:36.0956 A
[ReportManager] File Action [GetAbsolutePath] successfully performed. With the following test data [Relative Folder Path: "target/downloadedFiles/"]. @03-10-2021 01:55:36.0959 AM
[ReportManager] Attempting to run remotely on: [Linux-64], [GoogleChrome], [http://localhost:4444/wd/hub], Headless Execution. @03-10-2021 01:55:36.0960 AM
[ReportManager] Successfully Opened [GoogleChrome]. @03-10-2021 01:55:37.0197 AM
[ReportManager] Target URL: [https://www.google.com/ncr], and after redirection: [www.google.com] @03-10-2021 01:55:37.0211 AM
[ReportManager] Initial URL: [data:,] @03-10-2021 01:55:37.0259 AM
[ReportManager] Browser Action [NavigateToURL] successfully performed. With the following test data [https://www.google.com/ncr]. @03-10-2021 01:55:38.0174 A

################################################################################################################################################
Starting Execution:	[14 out of 144] test cases in the current suite
Test Method:		[unitTests.tests_validations_assertions.assertElementAttribute_false_literalComparison_expectedToPass]
################################################################################################################################################
[ReportManager] Element Action [Type] successfully performed. With the following test data [Automation!@#$%^&*()_+{}[]\';/.,]. @03-10-2021 01:55:38.0651 AM
[ReportManager] Element Action [GetText] successfully performed. With the following test data [Automation!@#$%^&*()_+{}[]\';/.,]. @03-10-2021 01:55:38.0753 AM
[ReportManager] Loaded Shared OpenCV @03-10-2021 01:55:38.0913 AM
[ReportManager] Assertion [ValidateElementAttribute] PASSED. Expected [Value Should not be 'Automation' for the 'text' attribute, element locator 'By.name: q'] and Actual [Automation!@#$%^&*()_+{}[]\';/.,]. Comparison Type [EQUALS]. Validation Type [NEGATIVE]. @03-10-2021 01:55:38.0990 AM
[ReportManager] Successfully created attachment [Screenshot - 1633226138912_assertElementAttribute_false_literalComparison_expectedToPass_ValidateElementAttribute_passed] @03-10-2021 01:55:38.0991 A
[ReportManager] Browser Action [CloseCurrentWindow] successfully performed. @03-10-2021 01:55:39.0132 AM
[ReportManager] Successfully created attachment [Browser Action Test Data - CloseCurrentWindow - Actual Value] @03-10-2021 01:55:39.0133 A
[ReportManager] File Action [GetAbsolutePath] successfully performed. With the following test data [Relative Folder Path: "target/downloadedFiles/"]. @03-10-2021 01:55:39.0137 AM
[ReportManager] Attempting to run remotely on: [Linux-64], [GoogleChrome], [http://localhost:4444/wd/hub], Headless Execution. @03-10-2021 01:55:39.0137 AM
[ReportManager] Successfully Opened [GoogleChrome]. @03-10-2021 01:55:39.0386 AM
[ReportManager] Target URL: [https://www.google.com/ncr], and after redirection: [www.google.com] @03-10-2021 01:55:39.0401 AM
[ReportManager] Initial URL: [data:,] @03-10-2021 01:55:39.0450 AM
[ReportManager] Browser Action [NavigateToURL] successfully performed. With the following test data [https://www.google.com/ncr]. @03-10-2021 01:55:40.0299 A

################################################################################################################################################
Starting Execution:	[15 out of 144] test cases in the current suite
Test Method:		[unitTests.tests_validations_assertions.assertElementAttribute_false_regexComparison_expectedToFail]
################################################################################################################################################
[ReportManager] Element Action [Type] successfully performed. With the following test data [Automation123]. @03-10-2021 01:55:40.0644 AM
[ReportManager] Element Action [GetText] successfully performed. With the following test data [Automation123]. @03-10-2021 01:55:40.0750 AM
[ReportManager] Loaded Shared OpenCV @03-10-2021 01:55:40.0888 AM
[ReportManager] Assertion [ValidateElementAttribute] FAILED. Expected [Value Should not be 'Automation.*' for the 'text' attribute, element locator 'By.name: q'] and Actual [Automation123]. Comparison Type [MATCHES]. Validation Type [NEGATIVE]. @03-10-2021 01:55:40.0958 AM
[ReportManager] Successfully created attachment [Screenshot - 1633226140888_assertElementAttribute_false_regexComparison_expectedToFail_ValidateElementAttribute_failed] @03-10-2021 01:55:40.0959 A
[ReportManager] Browser Action [CloseCurrentWindow] successfully performed. @03-10-2021 01:55:41.0092 AM
[ReportManager] Successfully created attachment [Browser Action Test Data - CloseCurrentWindow - Actual Value] @03-10-2021 01:55:41.0093 A
[ReportManager] File Action [GetAbsolutePath] successfully performed. With the following test data [Relative Folder Path: "target/downloadedFiles/"]. @03-10-2021 01:55:41.0099 AM
[ReportManager] Attempting to run remotely on: [Linux-64], [GoogleChrome], [http://localhost:4444/wd/hub], Headless Execution. @03-10-2021 01:55:41.0099 AM
[ReportManager] Successfully Opened [GoogleChrome]. @03-10-2021 01:55:41.0338 AM
[ReportManager] Target URL: [https://www.google.com/ncr], and after redirection: [www.google.com] @03-10-2021 01:55:41.0357 AM
[ReportManager] Initial URL: [data:,] @03-10-2021 01:55:41.0408 AM
[ReportManager] Browser Action [NavigateToURL] successfully performed. With the following test data [https://www.google.com/ncr]. @03-10-2021 01:55:42.0319 A

################################################################################################################################################
Starting Execution:	[16 out of 144] test cases in the current suite
Test Method:		[unitTests.tests_validations_assertions.assertElementAttribute_false_regexComparison_expectedToPass]
################################################################################################################################################
[ReportManager] Element Action [Type] successfully performed. With the following test data [Automation123]. @03-10-2021 01:55:42.0657 AM
[ReportManager] Element Action [GetText] successfully performed. With the following test data [Automation123]. @03-10-2021 01:55:42.0763 AM
[ReportManager] Loaded Shared OpenCV @03-10-2021 01:55:42.0888 AM
[ReportManager] Assertion [ValidateElementAttribute] PASSED. Expected [Value Should not be 'Automation' for the 'text' attribute, element locator 'By.name: q'] and Actual [Automation123]. Comparison Type [MATCHES]. Validation Type [NEGATIVE]. @03-10-2021 01:55:42.0959 AM
[ReportManager] Successfully created attachment [Screenshot - 1633226142888_assertElementAttribute_false_regexComparison_expectedToPass_ValidateElementAttribute_passed] @03-10-2021 01:55:42.0960 A
[ReportManager] Browser Action [CloseCurrentWindow] successfully performed. @03-10-2021 01:55:43.0111 AM
[ReportManager] Successfully created attachment [Browser Action Test Data - CloseCurrentWindow - Actual Value] @03-10-2021 01:55:43.0112 A
[ReportManager] File Action [GetAbsolutePath] successfully performed. With the following test data [Relative Folder Path: "target/downloadedFiles/"]. @03-10-2021 01:55:43.0123 AM
[ReportManager] Attempting to run remotely on: [Linux-64], [GoogleChrome], [http://localhost:4444/wd/hub], Headless Execution. @03-10-2021 01:55:43.0123 AM
[ReportManager] Successfully Opened [GoogleChrome]. @03-10-2021 01:55:43.0371 AM
[ReportManager] Target URL: [https://www.google.com/ncr], and after redirection: [www.google.com] @03-10-2021 01:55:43.0393 AM
[ReportManager] Initial URL: [data:,] @03-10-2021 01:55:43.0438 AM
[ReportManager] Browser Action [NavigateToURL] successfully performed. With the following test data [https://www.google.com/ncr]. @03-10-2021 01:55:44.0259 A

################################################################################################################################################
Starting Execution:	[17 out of 144] test cases in the current suite
Test Method:		[unitTests.tests_validations_assertions.assertElementAttribute_true_caseInsensitiveComparison_expectedToFail]
################################################################################################################################################
[ReportManager] Element Action [Type] successfully performed. With the following test data [AUTOMATION]. @03-10-2021 01:55:44.0607 AM
[ReportManager] Element Action [GetText] successfully performed. With the following test data [AUTOMATION]. @03-10-2021 01:55:44.0719 AM
[ReportManager] Loaded Shared OpenCV @03-10-2021 01:55:44.0860 AM
[ReportManager] Assertion [ValidateElementAttribute] FAILED. Expected [Value Should be 'AutomaTion123' for the 'text' attribute, element locator 'By.name: q'] and Actual [AUTOMATION]. Comparison Type [CASE_INSENSITIVE]. Validation Type [POSITIVE]. @03-10-2021 01:55:44.0933 AM
[ReportManager] Successfully created attachment [Screenshot - 1633226144860_assertElementAttribute_true_caseInsensitiveComparison_expectedToFail_ValidateElementAttribute_failed] @03-10-2021 01:55:44.0934 A
[ReportManager] Browser Action [CloseCurrentWindow] successfully performed. @03-10-2021 01:55:45.0086 AM
[ReportManager] Successfully created attachment [Browser Action Test Data - CloseCurrentWindow - Actual Value] @03-10-2021 01:55:45.0087 A
[ReportManager] File Action [GetAbsolutePath] successfully performed. With the following test data [Relative Folder Path: "target/downloadedFiles/"]. @03-10-2021 01:55:45.0091 AM
[ReportManager] Attempting to run remotely on: [Linux-64], [GoogleChrome], [http://localhost:4444/wd/hub], Headless Execution. @03-10-2021 01:55:45.0091 AM
[ReportManager] Successfully Opened [GoogleChrome]. @03-10-2021 01:55:45.0291 AM
[ReportManager] Target URL: [https://www.google.com/ncr], and after redirection: [www.google.com] @03-10-2021 01:55:45.0302 AM
[ReportManager] Initial URL: [data:,] @03-10-2021 01:55:45.0355 AM
[ReportManager] Browser Action [NavigateToURL] successfully performed. With the following test data [https://www.google.com/ncr]. @03-10-2021 01:55:46.0178 A

################################################################################################################################################
Starting Execution:	[18 out of 144] test cases in the current suite
Test Method:		[unitTests.tests_validations_assertions.assertElementAttribute_true_caseInsensitiveComparison_expectedToPass]
################################################################################################################################################
[ReportManager] Element Action [Type] successfully performed. With the following test data [AUTOMATION]. @03-10-2021 01:55:46.0496 AM
[ReportManager] Element Action [GetText] successfully performed. With the following test data [AUTOMATION]. @03-10-2021 01:55:46.0608 AM
[ReportManager] Loaded Shared OpenCV @03-10-2021 01:55:46.0744 AM
[ReportManager] Assertion [ValidateElementAttribute] PASSED. Expected [Value Should be 'AutomaTion' for the 'text' attribute, element locator 'By.name: q'] and Actual [AUTOMATION]. Comparison Type [CASE_INSENSITIVE]. Validation Type [POSITIVE]. @03-10-2021 01:55:46.0828 AM
[ReportManager] Successfully created attachment [Screenshot - 1633226146744_assertElementAttribute_true_caseInsensitiveComparison_expectedToPass_ValidateElementAttribute_passed] @03-10-2021 01:55:46.0829 A
[ReportManager] Browser Action [CloseCurrentWindow] successfully performed. @03-10-2021 01:55:46.0953 AM
[ReportManager] Successfully created attachment [Browser Action Test Data - CloseCurrentWindow - Actual Value] @03-10-2021 01:55:46.0954 A
[ReportManager] File Action [GetAbsolutePath] successfully performed. With the following test data [Relative Folder Path: "target/downloadedFiles/"]. @03-10-2021 01:55:46.0956 AM
[ReportManager] Attempting to run remotely on: [Linux-64], [GoogleChrome], [http://localhost:4444/wd/hub], Headless Execution. @03-10-2021 01:55:46.0956 AM
[ReportManager] Successfully Opened [GoogleChrome]. @03-10-2021 01:55:47.0174 AM
[ReportManager] Target URL: [https://www.google.com/ncr], and after redirection: [www.google.com] @03-10-2021 01:55:47.0186 AM
[ReportManager] Initial URL: [data:,] @03-10-2021 01:55:47.0232 AM
[ReportManager] Browser Action [NavigateToURL] successfully performed. With the following test data [https://www.google.com/ncr]. @03-10-2021 01:55:47.0994 A

################################################################################################################################################
Starting Execution:	[19 out of 144] test cases in the current suite
Test Method:		[unitTests.tests_validations_assertions.assertElementAttribute_true_containsComparison_expectedToFail]
################################################################################################################################################
[ReportManager] Element Action [Type] successfully performed. With the following test data [Automation123]. @03-10-2021 01:55:48.0348 AM
[ReportManager] Element Action [GetText] successfully performed. With the following test data [Automation123]. @03-10-2021 01:55:48.0456 AM
[ReportManager] Loaded Shared OpenCV @03-10-2021 01:55:48.0607 AM
[ReportManager] Assertion [ValidateElementAttribute] FAILED. Expected [Value Should be 'Automation1234' for the 'text' attribute, element locator 'By.name: q'] and Actual [Automation123]. Comparison Type [CONTAINS]. Validation Type [POSITIVE]. @03-10-2021 01:55:48.0674 AM
[ReportManager] Successfully created attachment [Screenshot - 1633226148607_assertElementAttribute_true_containsComparison_expectedToFail_ValidateElementAttribute_failed] @03-10-2021 01:55:48.0675 A
[ReportManager] Browser Action [CloseCurrentWindow] successfully performed. @03-10-2021 01:55:48.0811 AM
[ReportManager] Successfully created attachment [Browser Action Test Data - CloseCurrentWindow - Actual Value] @03-10-2021 01:55:48.0812 A
[ReportManager] File Action [GetAbsolutePath] successfully performed. With the following test data [Relative Folder Path: "target/downloadedFiles/"]. @03-10-2021 01:55:48.0814 AM
[ReportManager] Attempting to run remotely on: [Linux-64], [GoogleChrome], [http://localhost:4444/wd/hub], Headless Execution. @03-10-2021 01:55:48.0815 AM
[ReportManager] Successfully Opened [GoogleChrome]. @03-10-2021 01:55:49.0088 AM
[ReportManager] Target URL: [https://www.google.com/ncr], and after redirection: [www.google.com] @03-10-2021 01:55:49.0104 AM
[ReportManager] Initial URL: [data:,] @03-10-2021 01:55:49.0153 AM
[ReportManager] Browser Action [NavigateToURL] successfully performed. With the following test data [https://www.google.com/ncr]. @03-10-2021 01:55:49.0921 A

################################################################################################################################################
Starting Execution:	[20 out of 144] test cases in the current suite
Test Method:		[unitTests.tests_validations_assertions.assertElementAttribute_true_containsComparison_expectedToPass]
################################################################################################################################################
[ReportManager] Element Action [Type] successfully performed. With the following test data [Automation123]. @03-10-2021 01:55:50.0286 AM
[ReportManager] Element Action [GetText] successfully performed. With the following test data [Automation123]. @03-10-2021 01:55:50.0377 AM
[ReportManager] Loaded Shared OpenCV @03-10-2021 01:55:50.0505 AM
[ReportManager] Assertion [ValidateElementAttribute] PASSED. Expected [Value Should be 'Automation' for the 'text' attribute, element locator 'By.name: q'] and Actual [Automation123]. Comparison Type [CONTAINS]. Validation Type [POSITIVE]. @03-10-2021 01:55:50.0578 AM
[ReportManager] Successfully created attachment [Screenshot - 1633226150504_assertElementAttribute_true_containsComparison_expectedToPass_ValidateElementAttribute_passed] @03-10-2021 01:55:50.0579 A
[ReportManager] Browser Action [CloseCurrentWindow] successfully performed. @03-10-2021 01:55:50.0703 AM
[ReportManager] Successfully created attachment [Browser Action Test Data - CloseCurrentWindow - Actual Value] @03-10-2021 01:55:50.0704 A
[ReportManager] File Action [GetAbsolutePath] successfully performed. With the following test data [Relative Folder Path: "target/downloadedFiles/"]. @03-10-2021 01:55:50.0707 AM
[ReportManager] Attempting to run remotely on: [Linux-64], [GoogleChrome], [http://localhost:4444/wd/hub], Headless Execution. @03-10-2021 01:55:50.0707 AM
[ReportManager] Successfully Opened [GoogleChrome]. @03-10-2021 01:55:50.0939 AM
[ReportManager] Target URL: [https://www.google.com/ncr], and after redirection: [www.google.com] @03-10-2021 01:55:50.0952 AM
[ReportManager] Initial URL: [data:,] @03-10-2021 01:55:50.0995 AM
[ReportManager] Browser Action [NavigateToURL] successfully performed. With the following test data [https://www.google.com/ncr]. @03-10-2021 01:55:51.0784 A

################################################################################################################################################
Starting Execution:	[21 out of 144] test cases in the current suite
Test Method:		[unitTests.tests_validations_assertions.assertElementAttribute_true_literalComparison_expectedToFail]
################################################################################################################################################
[ReportManager] Element Action [Type] successfully performed. With the following test data [Automation!@#$%^&*()_+{}[]\';/.,]. @03-10-2021 01:55:52.0271 AM
[ReportManager] Element Action [GetText] successfully performed. With the following test data [Automation!@#$%^&*()_+{}[]\';/.,]. @03-10-2021 01:55:52.0376 AM
[ReportManager] Loaded Shared OpenCV @03-10-2021 01:55:52.0532 AM
[ReportManager] Assertion [ValidateElementAttribute] FAILED. Expected [Value Should be 'Automation' for the 'text' attribute, element locator 'By.name: q'] and Actual [Automation!@#$%^&*()_+{}[]\';/.,]. Comparison Type [EQUALS]. Validation Type [POSITIVE]. @03-10-2021 01:55:52.0610 AM
[ReportManager] Successfully created attachment [Screenshot - 1633226152532_assertElementAttribute_true_literalComparison_expectedToFail_ValidateElementAttribute_failed] @03-10-2021 01:55:52.0611 A
[ReportManager] Browser Action [CloseCurrentWindow] successfully performed. @03-10-2021 01:55:52.0734 AM
[ReportManager] Successfully created attachment [Browser Action Test Data - CloseCurrentWindow - Actual Value] @03-10-2021 01:55:52.0735 A
[ReportManager] File Action [GetAbsolutePath] successfully performed. With the following test data [Relative Folder Path: "target/downloadedFiles/"]. @03-10-2021 01:55:52.0738 AM
[ReportManager] Attempting to run remotely on: [Linux-64], [GoogleChrome], [http://localhost:4444/wd/hub], Headless Execution. @03-10-2021 01:55:52.0738 AM
[ReportManager] Successfully Opened [GoogleChrome]. @03-10-2021 01:55:52.0931 AM
[ReportManager] Target URL: [https://www.google.com/ncr], and after redirection: [www.google.com] @03-10-2021 01:55:52.0948 AM
[ReportManager] Initial URL: [data:,] @03-10-2021 01:55:53.0007 AM
[ReportManager] Browser Action [NavigateToURL] successfully performed. With the following test data [https://www.google.com/ncr]. @03-10-2021 01:55:53.0865 A

################################################################################################################################################
Starting Execution:	[22 out of 144] test cases in the current suite
Test Method:		[unitTests.tests_validations_assertions.assertElementAttribute_true_literalComparison_expectedToPass]
################################################################################################################################################
[ReportManager] Element Action [Type] successfully performed. With the following test data [Automation!@#$%^&*()_+{}[]\';/.,]. @03-10-2021 01:55:54.0313 AM
[ReportManager] Element Action [GetText] successfully performed. With the following test data [Automation!@#$%^&*()_+{}[]\';/.,]. @03-10-2021 01:55:54.0405 AM
[ReportManager] Loaded Shared OpenCV @03-10-2021 01:55:54.0544 AM
[ReportManager] Assertion [ValidateElementAttribute] PASSED. Expected [Value Should be 'Automation!@#$%^&*()_+{}[]\';/.,' for the 'text' attribute, element locator 'By.name: q'] and Actual [Automation!@#$%^&*()_+{}[]\';/.,]. Comparison Type [EQUALS]. Validation Type [POSITIVE]. @03-10-2021 01:55:54.0615 AM
[ReportManager] Successfully created attachment [Screenshot - 1633226154544_assertElementAttribute_true_literalComparison_expectedToPass_ValidateElementAttribute_passed] @03-10-2021 01:55:54.0616 A
[ReportManager] Browser Action [CloseCurrentWindow] successfully performed. @03-10-2021 01:55:54.0733 AM
[ReportManager] Successfully created attachment [Browser Action Test Data - CloseCurrentWindow - Actual Value] @03-10-2021 01:55:54.0733 A
[ReportManager] File Action [GetAbsolutePath] successfully performed. With the following test data [Relative Folder Path: "target/downloadedFiles/"]. @03-10-2021 01:55:54.0736 AM
[ReportManager] Attempting to run remotely on: [Linux-64], [GoogleChrome], [http://localhost:4444/wd/hub], Headless Execution. @03-10-2021 01:55:54.0737 AM
[ReportManager] Successfully Opened [GoogleChrome]. @03-10-2021 01:55:54.0946 AM
[ReportManager] Target URL: [https://www.google.com/ncr], and after redirection: [www.google.com] @03-10-2021 01:55:54.0959 AM
[ReportManager] Initial URL: [data:,] @03-10-2021 01:55:55.0002 AM
[ReportManager] Browser Action [NavigateToURL] successfully performed. With the following test data [https://www.google.com/ncr]. @03-10-2021 01:55:55.0823 A

################################################################################################################################################
Starting Execution:	[23 out of 144] test cases in the current suite
Test Method:		[unitTests.tests_validations_assertions.assertElementAttribute_true_regexComparison_expectedToFail]
################################################################################################################################################
[ReportManager] Element Action [Type] successfully performed. With the following test data [Automation123]. @03-10-2021 01:55:56.0204 AM
[ReportManager] Element Action [GetText] successfully performed. With the following test data [Automation123]. @03-10-2021 01:55:56.0288 AM
[ReportManager] Loaded Shared OpenCV @03-10-2021 01:55:56.0420 AM
[ReportManager] Assertion [ValidateElementAttribute] FAILED. Expected [Value Should be 'Automation' for the 'text' attribute, element locator 'By.name: q'] and Actual [Automation123]. Comparison Type [MATCHES]. Validation Type [POSITIVE]. @03-10-2021 01:55:56.0487 AM
[ReportManager] Successfully created attachment [Screenshot - 1633226156420_assertElementAttribute_true_regexComparison_expectedToFail_ValidateElementAttribute_failed] @03-10-2021 01:55:56.0488 A
[ReportManager] Browser Action [CloseCurrentWindow] successfully performed. @03-10-2021 01:55:56.0611 AM
[ReportManager] Successfully created attachment [Browser Action Test Data - CloseCurrentWindow - Actual Value] @03-10-2021 01:55:56.0612 A
[ReportManager] File Action [GetAbsolutePath] successfully performed. With the following test data [Relative Folder Path: "target/downloadedFiles/"]. @03-10-2021 01:55:56.0616 AM
[ReportManager] Attempting to run remotely on: [Linux-64], [GoogleChrome], [http://localhost:4444/wd/hub], Headless Execution. @03-10-2021 01:55:56.0616 AM
[ReportManager] Successfully Opened [GoogleChrome]. @03-10-2021 01:55:56.0835 AM
[ReportManager] Target URL: [https://www.google.com/ncr], and after redirection: [www.google.com] @03-10-2021 01:55:56.0845 AM
[ReportManager] Initial URL: [data:,] @03-10-2021 01:55:56.0899 AM
[ReportManager] Browser Action [NavigateToURL] successfully performed. With the following test data [https://www.google.com/ncr]. @03-10-2021 01:55:57.0692 A

################################################################################################################################################
Starting Execution:	[24 out of 144] test cases in the current suite
Test Method:		[unitTests.tests_validations_assertions.assertElementAttribute_true_regexComparison_expectedToPass]
################################################################################################################################################
[ReportManager] Element Action [Type] successfully performed. With the following test data [Automation123]. @03-10-2021 01:55:58.0042 AM
[ReportManager] Element Action [GetText] successfully performed. With the following test data [Automation123]. @03-10-2021 01:55:58.0134 AM
[ReportManager] Loaded Shared OpenCV @03-10-2021 01:55:58.0253 AM
[ReportManager] Assertion [ValidateElementAttribute] PASSED. Expected [Value Should be 'Automation.*' for the 'text' attribute, element locator 'By.name: q'] and Actual [Automation123]. Comparison Type [MATCHES]. Validation Type [POSITIVE]. @03-10-2021 01:55:58.0322 AM
[ReportManager] Successfully created attachment [Screenshot - 1633226158253_assertElementAttribute_true_regexComparison_expectedToPass_ValidateElementAttribute_passed] @03-10-2021 01:55:58.0323 A
[ReportManager] Browser Action [CloseCurrentWindow] successfully performed. @03-10-2021 01:55:58.0447 AM
[ReportManager] Successfully created attachment [Browser Action Test Data - CloseCurrentWindow - Actual Value] @03-10-2021 01:55:58.0448 A
[ReportManager] File Action [GetAbsolutePath] successfully performed. With the following test data [Relative Folder Path: "target/downloadedFiles/"]. @03-10-2021 01:55:58.0451 AM
[ReportManager] Attempting to run remotely on: [Linux-64], [GoogleChrome], [http://localhost:4444/wd/hub], Headless Execution. @03-10-2021 01:55:58.0451 AM
[ReportManager] Successfully Opened [GoogleChrome]. @03-10-2021 01:55:58.0673 AM
[ReportManager] Target URL: [https://www.google.com/ncr], and after redirection: [www.google.com] @03-10-2021 01:55:58.0688 AM
[ReportManager] Initial URL: [data:,] @03-10-2021 01:55:58.0724 AM
[ReportManager] Browser Action [NavigateToURL] successfully performed. With the following test data [https://www.google.com/ncr]. @03-10-2021 01:55:59.0535 A

################################################################################################################################################
Starting Execution:	[25 out of 144] test cases in the current suite
Test Method:		[unitTests.tests_validations_assertions.assertElementAttribute_type_true_literalComparison_expectedToPass]
################################################################################################################################################
[ReportManager] Element Action [Type] successfully performed. With the following test data [Automation!@#$%^&*()_+{}[]\';/.,]. @03-10-2021 01:56:00.0050 AM
[ReportManager] Element Action [GetText] successfully performed. With the following test data [Automation!@#$%^&*()_+{}[]\';/.,]. @03-10-2021 01:56:00.0146 AM
[ReportManager] Loaded Shared OpenCV @03-10-2021 01:56:00.0299 AM
[ReportManager] Assertion [ValidateElementAttribute] PASSED. Expected [Value Should be 'Automation!@#$%^&*()_+{}[]\';/.,' for the 'text' attribute, element locator 'By.name: q'] and Actual [Automation!@#$%^&*()_+{}[]\';/.,]. Comparison Type [EQUALS]. Validation Type [POSITIVE]. @03-10-2021 01:56:00.0375 AM
[ReportManager] Successfully created attachment [Screenshot - 1633226160299_assertElementAttribute_type_true_literalComparison_expectedToPass_ValidateElementAttribute_passed] @03-10-2021 01:56:00.0376 A
[ReportManager] Browser Action [CloseCurrentWindow] successfully performed. @03-10-2021 01:56:00.0505 AM
[ReportManager] Successfully created attachment [Browser Action Test Data - CloseCurrentWindow - Actual Value] @03-10-2021 01:56:00.0506 A
[ReportManager] File Action [GetAbsolutePath] successfully performed. With the following test data [Relative Folder Path: "target/downloadedFiles/"]. @03-10-2021 01:56:00.0510 AM
[ReportManager] Attempting to run remotely on: [Linux-64], [GoogleChrome], [http://localhost:4444/wd/hub], Headless Execution. @03-10-2021 01:56:00.0511 AM
[ReportManager] Successfully Opened [GoogleChrome]. @03-10-2021 01:56:00.0705 AM
[ReportManager] Target URL: [https://www.google.com/ncr], and after redirection: [www.google.com] @03-10-2021 01:56:00.0715 AM
[ReportManager] Initial URL: [data:,] @03-10-2021 01:56:00.0751 AM
[ReportManager] Browser Action [NavigateToURL] successfully performed. With the following test data [https://www.google.com/ncr]. @03-10-2021 01:56:01.0521 A

################################################################################################################################################
Starting Execution:	[26 out of 144] test cases in the current suite
Test Method:		[unitTests.tests_validations_assertions.assertElementExists_false_expectedToFail]
################################################################################################################################################
[ReportManager] Assertion [ValidateElementExists] PASSED. Expected [Element Should not Exist, locator 'By.id: hplogo'] and Actual [Element Doesn't Exists]. Comparison Type [EQUALS]. Validation Type [NEGATIVE]. @03-10-2021 01:56:11.0905 AM
[ReportManager] Successfully created attachment [Screenshot - 1633226171834_assertElementExists_false_expectedToFail_ValidateElementExists_passed] @03-10-2021 01:56:11.0905 A
[ReportManager] Browser Action [CloseCurrentWindow] successfully performed. @03-10-2021 01:56:12.0020 AM
[ReportManager] Successfully created attachment [Browser Action Test Data - CloseCurrentWindow - Actual Value] @03-10-2021 01:56:12.0021 A
[ReportManager] File Action [GetAbsolutePath] successfully performed. With the following test data [Relative Folder Path: "target/downloadedFiles/"]. @03-10-2021 01:56:12.0024 AM
[ReportManager] Attempting to run remotely on: [Linux-64], [GoogleChrome], [http://localhost:4444/wd/hub], Headless Execution. @03-10-2021 01:56:12.0024 AM
[ReportManager] Successfully Opened [GoogleChrome]. @03-10-2021 01:56:12.0220 AM
[ReportManager] Target URL: [https://www.google.com/ncr], and after redirection: [www.google.com] @03-10-2021 01:56:12.0230 AM
[ReportManager] Initial URL: [data:,] @03-10-2021 01:56:12.0268 AM
[ReportManager] Browser Action [NavigateToURL] successfully performed. With the following test data [https://www.google.com/ncr]. @03-10-2021 01:56:13.0036 A

################################################################################################################################################
Starting Execution:	[27 out of 144] test cases in the current suite
Test Method:		[unitTests.tests_validations_assertions.assertElementExists_false_expectedToPass]
################################################################################################################################################
[ReportManager] Assertion [ValidateElementExists] PASSED. Expected [Element Should not Exist, locator 'By.id: fakeElement'] and Actual [Element Doesn't Exists]. Comparison Type [EQUALS]. Validation Type [NEGATIVE]. @03-10-2021 01:56:23.0409 AM
[ReportManager] Successfully created attachment [Screenshot - 1633226183351_assertElementExists_false_expectedToPass_ValidateElementExists_passed] @03-10-2021 01:56:23.0410 A
[ReportManager] Browser Action [CloseCurrentWindow] successfully performed. @03-10-2021 01:56:23.0556 AM
[ReportManager] Successfully created attachment [Browser Action Test Data - CloseCurrentWindow - Actual Value] @03-10-2021 01:56:23.0560 A
[ReportManager] File Action [GetAbsolutePath] successfully performed. With the following test data [Relative Folder Path: "target/downloadedFiles/"]. @03-10-2021 01:56:23.0564 AM
[ReportManager] Attempting to run remotely on: [Linux-64], [GoogleChrome], [http://localhost:4444/wd/hub], Headless Execution. @03-10-2021 01:56:23.0564 AM
[ReportManager] Successfully Opened [GoogleChrome]. @03-10-2021 01:56:23.0769 AM
[ReportManager] Target URL: [https://www.google.com/ncr], and after redirection: [www.google.com] @03-10-2021 01:56:23.0780 AM
[ReportManager] Initial URL: [data:,] @03-10-2021 01:56:23.0820 AM
[ReportManager] Browser Action [NavigateToURL] successfully performed. With the following test data [https://www.google.com/ncr]. @03-10-2021 01:56:24.0623 A

################################################################################################################################################
Starting Execution:	[28 out of 144] test cases in the current suite
Test Method:		[unitTests.tests_validations_assertions.assertElementExists_false_multipleElementsFound_expectedToFail]
################################################################################################################################################
[ReportManager] Assertion [ValidateElementExists] FAILED. Expected [Element Should not Exist, locator 'By.xpath: //div'] and Actual [Element Exists but is not unique]. Comparison Type [EQUALS]. Validation Type [NEGATIVE]. @03-10-2021 01:56:24.0879 AM
[ReportManager] Successfully created attachment [Screenshot - 1633226184823_assertElementExists_false_multipleElementsFound_expectedToFail_ValidateElementExists_failed] @03-10-2021 01:56:24.0880 A
[ReportManager] Browser Action [CloseCurrentWindow] successfully performed. @03-10-2021 01:56:25.0004 AM
[ReportManager] Successfully created attachment [Browser Action Test Data - CloseCurrentWindow - Actual Value] @03-10-2021 01:56:25.0005 A
[ReportManager] File Action [GetAbsolutePath] successfully performed. With the following test data [Relative Folder Path: "target/downloadedFiles/"]. @03-10-2021 01:56:25.0008 AM
[ReportManager] Attempting to run remotely on: [Linux-64], [GoogleChrome], [http://localhost:4444/wd/hub], Headless Execution. @03-10-2021 01:56:25.0008 AM
[ReportManager] Successfully Opened [GoogleChrome]. @03-10-2021 01:56:25.0226 AM
[ReportManager] Target URL: [https://www.google.com/ncr], and after redirection: [www.google.com] @03-10-2021 01:56:25.0238 AM
[ReportManager] Initial URL: [data:,] @03-10-2021 01:56:25.0286 AM
[ReportManager] Browser Action [NavigateToURL] successfully performed. With the following test data [https://www.google.com/ncr]. @03-10-2021 01:56:26.0117 A

################################################################################################################################################
Starting Execution:	[29 out of 144] test cases in the current suite
Test Method:		[unitTests.tests_validations_assertions.assertElementExists_true_expectedToFail]
################################################################################################################################################
[ReportManager] Assertion [ValidateElementExists] FAILED. Expected [Element Should Exist, locator 'By.id: fakeElement'] and Actual [Element Doesn't Exists]. Comparison Type [EQUALS]. Validation Type [POSITIVE]. @03-10-2021 01:56:56.0771 AM
[ReportManager] Successfully created attachment [Screenshot - 1633226216715_assertElementExists_true_expectedToFail_ValidateElementExists_failed] @03-10-2021 01:56:56.0772 A
[ReportManager] Browser Action [CloseCurrentWindow] successfully performed. @03-10-2021 01:56:56.0897 AM
[ReportManager] Successfully created attachment [Browser Action Test Data - CloseCurrentWindow - Actual Value] @03-10-2021 01:56:56.0898 A
[ReportManager] File Action [GetAbsolutePath] successfully performed. With the following test data [Relative Folder Path: "target/downloadedFiles/"]. @03-10-2021 01:56:56.0900 AM
[ReportManager] Attempting to run remotely on: [Linux-64], [GoogleChrome], [http://localhost:4444/wd/hub], Headless Execution. @03-10-2021 01:56:56.0900 AM
[ReportManager] Successfully Opened [GoogleChrome]. @03-10-2021 01:56:57.0095 AM
[ReportManager] Target URL: [https://www.google.com/ncr], and after redirection: [www.google.com] @03-10-2021 01:56:57.0107 AM
[ReportManager] Initial URL: [data:,] @03-10-2021 01:56:57.0152 AM
[ReportManager] Browser Action [NavigateToURL] successfully performed. With the following test data [https://www.google.com/ncr]. @03-10-2021 01:56:57.0922 A

################################################################################################################################################
Starting Execution:	[30 out of 144] test cases in the current suite
Test Method:		[unitTests.tests_validations_assertions.assertElementExists_true_expectedToPass]
################################################################################################################################################
[ReportManager] Loaded Shared OpenCV @03-10-2021 01:56:58.0118 AM
[ReportManager] Assertion [ValidateElementExists] PASSED. Expected [Element Should Exist, locator 'By.xpath: //*[@id='hplogo' or @alt='Google']'] and Actual [Element Exists]. Comparison Type [EQUALS]. Validation Type [POSITIVE]. @03-10-2021 01:56:58.0192 AM
[ReportManager] Successfully created attachment [Screenshot - 1633226218117_assertElementExists_true_expectedToPass_ValidateElementExists_passed] @03-10-2021 01:56:58.0193 A
[ReportManager] Browser Action [CloseCurrentWindow] successfully performed. @03-10-2021 01:56:58.0312 AM
[ReportManager] Successfully created attachment [Browser Action Test Data - CloseCurrentWindow - Actual Value] @03-10-2021 01:56:58.0313 A
[ReportManager] File Action [GetAbsolutePath] successfully performed. With the following test data [Relative Folder Path: "target/downloadedFiles/"]. @03-10-2021 01:56:58.0318 AM
[ReportManager] Attempting to run remotely on: [Linux-64], [GoogleChrome], [http://localhost:4444/wd/hub], Headless Execution. @03-10-2021 01:56:58.0319 AM
[ReportManager] Successfully Opened [GoogleChrome]. @03-10-2021 01:56:58.0527 AM
[ReportManager] Target URL: [https://www.google.com/ncr], and after redirection: [www.google.com] @03-10-2021 01:56:58.0541 AM
[ReportManager] Initial URL: [data:,] @03-10-2021 01:56:58.0581 AM
[ReportManager] Browser Action [NavigateToURL] successfully performed. With the following test data [https://www.google.com/ncr]. @03-10-2021 01:56:59.0361 A

################################################################################################################################################
Starting Execution:	[31 out of 144] test cases in the current suite
Test Method:		[unitTests.tests_validations_assertions.assertElementExists_true_multipleElementsFound_expectedToFail]
################################################################################################################################################
[ReportManager] Assertion [ValidateElementExists] FAILED. Expected [Element Should Exist, locator 'By.xpath: //div'] and Actual [Element Exists but is not unique]. Comparison Type [EQUALS]. Validation Type [POSITIVE]. @03-10-2021 01:56:59.0585 AM
[ReportManager] Successfully created attachment [Screenshot - 1633226219532_assertElementExists_true_multipleElementsFound_expectedToFail_ValidateElementExists_failed] @03-10-2021 01:56:59.0586 A
[ReportManager] Browser Action [CloseCurrentWindow] successfully performed. @03-10-2021 01:56:59.0711 AM
[ReportManager] Successfully created attachment [Browser Action Test Data - CloseCurrentWindow - Actual Value] @03-10-2021 01:56:59.0712 A

################################################################################################################################################
Starting Execution:	[32 out of 144] test cases in the current suite
Test Method:		[unitTests.tests_validations_assertions.assertEquals_false_expectedToFail]
################################################################################################################################################
[ReportManager] Assertion [ValidateEquals] FAILED. Expected [1] and Actual [1]. Comparison Type [EQUALS]. Validation Type [NEGATIVE]. @03-10-2021 01:56:59.0719 A

################################################################################################################################################
Starting Execution:	[33 out of 144] test cases in the current suite
Test Method:		[unitTests.tests_validations_assertions.assertEquals_false_expectedToPass]
################################################################################################################################################
[ReportManager] Assertion [ValidateEquals] PASSED. Expected [1] and Actual [2]. Comparison Type [EQUALS]. Validation Type [NEGATIVE]. @03-10-2021 01:56:59.0723 A

################################################################################################################################################
Starting Execution:	[34 out of 144] test cases in the current suite
Test Method:		[unitTests.tests_validations_assertions.assertEquals_longCharacters]
################################################################################################################################################
[ReportManager] Verification [ValidateEquals] PASSED. Expected and Actual values are attached. Comparison Type [EQUALS]. Validation Type [POSITIVE]. @03-10-2021 01:56:59.0729 AM
[ReportManager] Successfully created attachment [Validation Test Data - Expected Value] @03-10-2021 01:56:59.0729 AM
[ReportManager] Successfully created attachment [Validation Test Data - Actual Value] @03-10-2021 01:56:59.0729 AM
[ReportManager] Assertion [ValidateEquals] PASSED. Expected and Actual values are attached. Comparison Type [EQUALS]. Validation Type [POSITIVE]. @03-10-2021 01:56:59.0730 AM
[ReportManager] Successfully created attachment [Validation Test Data - Expected Value] @03-10-2021 01:56:59.0730 AM
[ReportManager] Successfully created attachment [Validation Test Data - Actual Value] @03-10-2021 01:56:59.0730 A

################################################################################################################################################
Starting Execution:	[35 out of 144] test cases in the current suite
Test Method:		[unitTests.tests_validations_assertions.assertEquals_longCharacters_Discreet]
################################################################################################################################################
[ReportManager] Assertion [ValidateEquals] PASSED. Expected [1LH5pROcDBjjQk0t0mCr0lXuzQu9lcGj28kY8R1H81X67eVAQJgWQhILiRWVPUgZ6uCtK5cnBkF55Jr9vYngjGO1Iyf0Mktv6lruDlL9T8MAUPcUZJGHZtji6nIeadujDSNmWMj5d6C8zlFqw0CRqBU0hO5adIasHgBSNoLotAjce3NGXoDwAlp3rYreeV16VIyZXROQY] and Actual [1LH5pROcDBjjQk0t0mCr0lXuzQu9lcGj28kY8R1H81X67eVAQJgWQhILiRWVPUgZ6uCtK5cnBkF55Jr9vYngjGO1Iyf0Mktv6lruDlL9T8MAUPcUZJGHZtji6nIeadujDSNmWMj5d6C8zlFqw0CRqBU0hO5adIasHgBSNoLotAjce3NGXoDwAlp3rYreeV16VIyZXROQY]. Comparison Type [EQUALS]. Validation Type [POSITIVE]. @03-10-2021 01:56:59.0732 A

################################################################################################################################################
Starting Execution:	[36 out of 144] test cases in the current suite
Test Method:		[unitTests.tests_validations_assertions.assertEquals_true_expectedToFail]
################################################################################################################################################
[ReportManager] Assertion [ValidateEquals] FAILED. Expected [1] and Actual [2]. Comparison Type [EQUALS]. Validation Type [POSITIVE]. @03-10-2021 01:56:59.0735 A

################################################################################################################################################
Starting Execution:	[37 out of 144] test cases in the current suite
Test Method:		[unitTests.tests_validations_assertions.assertEquals_true_expectedToPass]
Test Description:	[Assert that assertEquals works as expected when the two values are equal.]
################################################################################################################################################
[ReportManager] Verification [ValidateEquals] PASSED. Expected [1] and Actual [1]. Comparison Type [EQUALS]. Validation Type [POSITIVE]. @03-10-2021 01:56:59.0742 AM
[ReportManager] Assertion [ValidateEquals] PASSED. Expected [1] and Actual [1]. Comparison Type [EQUALS]. Validation Type [POSITIVE]. @03-10-2021 01:56:59.0742 A

################################################################################################################################################
Starting Execution:	[38 out of 144] test cases in the current suite
Test Method:		[unitTests.tests_validations_assertions.assertEquals_true_expectedToPass__]
################################################################################################################################################
[ReportManager] Assertion [ValidateEquals] PASSED. Expected [1] and Actual [1]. Comparison Type [EQUALS]. Validation Type [POSITIVE]. @03-10-2021 01:56:59.0745 A

################################################################################################################################################
Starting Execution:	[39 out of 144] test cases in the current suite
Test Method:		[unitTests.tests_validations_assertions.assertFileExists_false_expectedToFail]
################################################################################################################################################
[ReportManager] File Action [DoesFileExist] successfully performed. With the following test data [File Path: "src/main/java/com/shaft/gui/element/ElementActions.java"]. @03-10-2021 01:56:59.0750 AM
[ReportManager] Assertion [ValidateFileExists] FAILED. Expected [File 'src/main/java/com/shaft/gui/element/ElementActions.java' should not exist, after up to '1' retries] and Actual [File exists]. Validation Type [NEGATIVE]. @03-10-2021 01:56:59.0754 A

################################################################################################################################################
Starting Execution:	[40 out of 144] test cases in the current suite
Test Method:		[unitTests.tests_validations_assertions.assertFileExists_false_expectedToPass]
################################################################################################################################################
[ReportManager] File Action [DoesFileExist] successfully performed. With the following test data [File Path: "src/main/java/com/shaft/gui/element/ElementActions.java_fail"]. @03-10-2021 01:57:00.0267 AM
[ReportManager] Assertion [ValidateFileExists] PASSED. Expected [File 'src/main/java/com/shaft/gui/element/ElementActions.java_fail' should not exist, after up to '1' retries] and Actual [File does not exist]. Validation Type [NEGATIVE]. @03-10-2021 01:57:00.0268 A

################################################################################################################################################
Starting Execution:	[41 out of 144] test cases in the current suite
Test Method:		[unitTests.tests_validations_assertions.assertFileExists_true_expectedToFail]
################################################################################################################################################
[ReportManager] File Action [DoesFileExist] successfully performed. With the following test data [File Path: "src/main/java/com/shaft/gui/element/ElementActions.java_fail"]. @03-10-2021 01:57:00.0771 AM
[ReportManager] Assertion [ValidateFileExists] FAILED. Expected [File 'src/main/java/com/shaft/gui/element/ElementActions.java_fail' should exist, after up to '1' retries] and Actual [File does not exist]. Validation Type [POSITIVE]. @03-10-2021 01:57:00.0772 A

################################################################################################################################################
Starting Execution:	[42 out of 144] test cases in the current suite
Test Method:		[unitTests.tests_validations_assertions.assertFileExists_true_expectedToPass]
################################################################################################################################################
[ReportManager] File Action [DoesFileExist] successfully performed. With the following test data [File Path: "src/main/java/com/shaft/gui/element/ElementActions.java"]. @03-10-2021 01:57:00.0775 AM
[ReportManager] Assertion [ValidateFileExists] PASSED. Expected [File 'src/main/java/com/shaft/gui/element/ElementActions.java' should exist, after up to '1' retries] and Actual [File exists]. Validation Type [POSITIVE]. @03-10-2021 01:57:00.0775 A

################################################################################################################################################
Starting Execution:	[43 out of 144] test cases in the current suite
Test Method:		[unitTests.tests_validations_assertions.assertNull_false_expectedToFail]
################################################################################################################################################
[ReportManager] Assertion [ValidateNull] FAILED. Expected [NULL] and Actual [NULL]. Comparison Type [EQUALS]. Validation Type [NEGATIVE]. @03-10-2021 01:57:00.0777 A

################################################################################################################################################
Starting Execution:	[44 out of 144] test cases in the current suite
Test Method:		[unitTests.tests_validations_assertions.assertNull_false_expectedToPass]
################################################################################################################################################
[ReportManager] Assertion [ValidateNull] PASSED. Expected [NULL] and Actual [1]. Comparison Type [EQUALS]. Validation Type [NEGATIVE]. @03-10-2021 01:57:00.0779 A

################################################################################################################################################
Starting Execution:	[45 out of 144] test cases in the current suite
Test Method:		[unitTests.tests_validations_assertions.assertNull_true_expectedToFail]
################################################################################################################################################
[ReportManager] Assertion [ValidateNull] FAILED. Expected [NULL] and Actual [1]. Comparison Type [EQUALS]. Validation Type [POSITIVE]. @03-10-2021 01:57:00.0781 A

################################################################################################################################################
Starting Execution:	[46 out of 144] test cases in the current suite
Test Method:		[unitTests.tests_validations_assertions.assertNull_true_expectedToPass]
################################################################################################################################################
[ReportManager] Assertion [ValidateNull] PASSED. Expected [NULL] and Actual [NULL]. Comparison Type [EQUALS]. Validation Type [POSITIVE]. @03-10-2021 01:57:00.0783 A

################################################################################################################################################
Starting Execution:	[47 out of 144] test cases in the current suite
Test Method:		[unitTests.tests_restActions.getPostsAndAssertBodyForSpecificTitle]
################################################################################################################################################
[ReportManager] Response status code: [200], status line: [HTTP/1.1 200 OK] @03-10-2021 01:57:02.0996 AM
[ReportManager] Assertion Passed: Evaluating the actual response status code against the expected one... @03-10-2021 01:57:02.0997 AM
[ReportManager] Assertion [ValidateEquals] PASSED. Expected [200] and Actual [200]. Comparison Type [EQUALS]. Validation Type [POSITIVE]. @03-10-2021 01:57:02.0997 AM
[ReportManager] API Action [PerformRequest] successfully performed. With the following test data [Request Type: "GET" | Target Status Code: "200" | Service URL: "https://jsonplaceholder.typicode.com/posts" | Content Type: "*/*" | Response Time: "903ms"]. @03-10-2021 01:57:04.0235 AM
[ReportManager] Successfully created attachment [API Request - Specifications] @03-10-2021 01:57:04.0236 AM
[ReportManager] Successfully created attachment [API Response - JSON Body] @03-10-2021 01:57:04.0473 AM
[ReportManager] API Action [GetResponseJSONValueAsList] successfully performed. @03-10-2021 01:57:04.0491 AM
[ReportManager] API Action [GetResponseJSONValue] successfully performed. With the following test data [title]. @03-10-2021 01:57:04.0510 AM
[ReportManager] API Action [GetResponseJSONValue] successfully performed. With the following test data [title]. @03-10-2021 01:57:04.0523 AM
[ReportManager] API Action [GetResponseJSONValue] successfully performed. With the following test data [body]. @03-10-2021 01:57:04.0532 AM
[ReportManager] Assertion [ValidateEquals] PASSED. Expected [qui neque nisi nulla] and Actual [est rerum tempore vitae
sequi sint nihil reprehenderit dolor beatae ea dolores neque
fugiat blanditiis voluptate porro vel nihil molestiae ut reiciendis
qui aperiam non debitis possimus qui neque nisi nulla]. Comparison Type [CONTAINS]. Validation Type [POSITIVE]. @03-10-2021 01:57:04.0533 AM
[ReportManager] API Action [GetResponseJSONValue] successfully performed. With the following test data [title]. @03-10-2021 01:57:04.0544 AM
[ReportManager] API Action [GetResponseJSONValue] successfully performed. With the following test data [title]. @03-10-2021 01:57:04.0554 AM
[ReportManager] API Action [GetResponseJSONValue] successfully performed. With the following test data [title]. @03-10-2021 01:57:04.0564 AM
[ReportManager] API Action [GetResponseJSONValue] successfully performed. With the following test data [title]. @03-10-2021 01:57:04.0574 AM
[ReportManager] API Action [GetResponseJSONValue] successfully performed. With the following test data [title]. @03-10-2021 01:57:04.0582 AM
[ReportManager] API Action [GetResponseJSONValue] successfully performed. With the following test data [title]. @03-10-2021 01:57:04.0592 AM
[ReportManager] API Action [GetResponseJSONValue] successfully performed. With the following test data [title]. @03-10-2021 01:57:04.0602 AM
[ReportManager] API Action [GetResponseJSONValue] successfully performed. With the following test data [title]. @03-10-2021 01:57:04.0611 AM
[ReportManager] API Action [GetResponseJSONValue] successfully performed. With the following test data [title]. @03-10-2021 01:57:04.0621 AM
[ReportManager] API Action [GetResponseJSONValue] successfully performed. With the following test data [title]. @03-10-2021 01:57:04.0630 AM
[ReportManager] API Action [GetResponseJSONValue] successfully performed. With the following test data [title]. @03-10-2021 01:57:04.0642 AM
[ReportManager] API Action [GetResponseJSONValue] successfully performed. With the following test data [title]. @03-10-2021 01:57:04.0652 AM
[ReportManager] API Action [GetResponseJSONValue] successfully performed. With the following test data [title]. @03-10-2021 01:57:04.0662 AM
[ReportManager] API Action [GetResponseJSONValue] successfully performed. With the following test data [title]. @03-10-2021 01:57:04.0671 AM
[ReportManager] API Action [GetResponseJSONValue] successfully performed. With the following test data [title]. @03-10-2021 01:57:04.0682 AM
[ReportManager] API Action [GetResponseJSONValue] successfully performed. With the following test data [title]. @03-10-2021 01:57:04.0692 AM
[ReportManager] API Action [GetResponseJSONValue] successfully performed. With the following test data [title]. @03-10-2021 01:57:04.0709 AM
[ReportManager] API Action [GetResponseJSONValue] successfully performed. With the following test data [title]. @03-10-2021 01:57:04.0720 AM
[ReportManager] API Action [GetResponseJSONValue] successfully performed. With the following test data [title]. @03-10-2021 01:57:04.0731 AM
[ReportManager] API Action [GetResponseJSONValue] successfully performed. With the following test data [title]. @03-10-2021 01:57:04.0741 AM
[ReportManager] API Action [GetResponseJSONValue] successfully performed. With the following test data [title]. @03-10-2021 01:57:04.0750 AM
[ReportManager] API Action [GetResponseJSONValue] successfully performed. With the following test data [title]. @03-10-2021 01:57:04.0760 AM
[ReportManager] API Action [GetResponseJSONValue] successfully performed. With the following test data [title]. @03-10-2021 01:57:04.0769 AM
[ReportManager] API Action [GetResponseJSONValue] successfully performed. With the following test data [title]. @03-10-2021 01:57:04.0778 AM
[ReportManager] API Action [GetResponseJSONValue] successfully performed. With the following test data [title]. @03-10-2021 01:57:04.0789 AM
[ReportManager] API Action [GetResponseJSONValue] successfully performed. With the following test data [title]. @03-10-2021 01:57:04.0798 AM
[ReportManager] API Action [GetResponseJSONValue] successfully performed. With the following test data [title]. @03-10-2021 01:57:04.0808 AM
[ReportManager] API Action [GetResponseJSONValue] successfully performed. With the following test data [title]. @03-10-2021 01:57:04.0817 AM
[ReportManager] API Action [GetResponseJSONValue] successfully performed. With the following test data [title]. @03-10-2021 01:57:04.0826 AM
[ReportManager] API Action [GetResponseJSONValue] successfully performed. With the following test data [title]. @03-10-2021 01:57:04.0834 AM
[ReportManager] API Action [GetResponseJSONValue] successfully performed. With the following test data [title]. @03-10-2021 01:57:04.0843 AM
[ReportManager] API Action [GetResponseJSONValue] successfully performed. With the following test data [title]. @03-10-2021 01:57:04.0851 AM
[ReportManager] API Action [GetResponseJSONValue] successfully performed. With the following test data [title]. @03-10-2021 01:57:04.0860 AM
[ReportManager] API Action [GetResponseJSONValue] successfully performed. With the following test data [title]. @03-10-2021 01:57:04.0868 AM
[ReportManager] API Action [GetResponseJSONValue] successfully performed. With the following test data [title]. @03-10-2021 01:57:04.0876 AM
[ReportManager] API Action [GetResponseJSONValue] successfully performed. With the following test data [title]. @03-10-2021 01:57:04.0885 AM
[ReportManager] API Action [GetResponseJSONValue] successfully performed. With the following test data [title]. @03-10-2021 01:57:04.0893 AM
[ReportManager] API Action [GetResponseJSONValue] successfully performed. With the following test data [title]. @03-10-2021 01:57:04.0903 AM
[ReportManager] API Action [GetResponseJSONValue] successfully performed. With the following test data [title]. @03-10-2021 01:57:04.0912 AM
[ReportManager] API Action [GetResponseJSONValue] successfully performed. With the following test data [title]. @03-10-2021 01:57:04.0923 AM
[ReportManager] API Action [GetResponseJSONValue] successfully performed. With the following test data [title]. @03-10-2021 01:57:04.0933 AM
[ReportManager] API Action [GetResponseJSONValue] successfully performed. With the following test data [title]. @03-10-2021 01:57:04.0943 AM
[ReportManager] API Action [GetResponseJSONValue] successfully performed. With the following test data [title]. @03-10-2021 01:57:04.0953 AM
[ReportManager] API Action [GetResponseJSONValue] successfully performed. With the following test data [title]. @03-10-2021 01:57:04.0964 AM
[ReportManager] API Action [GetResponseJSONValue] successfully performed. With the following test data [title]. @03-10-2021 01:57:04.0974 AM
[ReportManager] API Action [GetResponseJSONValue] successfully performed. With the following test data [title]. @03-10-2021 01:57:04.0984 AM
[ReportManager] API Action [GetResponseJSONValue] successfully performed. With the following test data [title]. @03-10-2021 01:57:04.0995 AM
[ReportManager] API Action [GetResponseJSONValue] successfully performed. With the following test data [title]. @03-10-2021 01:57:05.0004 AM
[ReportManager] API Action [GetResponseJSONValue] successfully performed. With the following test data [title]. @03-10-2021 01:57:05.0014 AM
[ReportManager] API Action [GetResponseJSONValue] successfully performed. With the following test data [title]. @03-10-2021 01:57:05.0025 AM
[ReportManager] API Action [GetResponseJSONValue] successfully performed. With the following test data [title]. @03-10-2021 01:57:05.0037 AM
[ReportManager] API Action [GetResponseJSONValue] successfully performed. With the following test data [title]. @03-10-2021 01:57:05.0046 AM
[ReportManager] API Action [GetResponseJSONValue] successfully performed. With the following test data [title]. @03-10-2021 01:57:05.0055 AM
[ReportManager] API Action [GetResponseJSONValue] successfully performed. With the following test data [title]. @03-10-2021 01:57:05.0065 AM
[ReportManager] API Action [GetResponseJSONValue] successfully performed. With the following test data [title]. @03-10-2021 01:57:05.0073 AM
[ReportManager] API Action [GetResponseJSONValue] successfully performed. With the following test data [title]. @03-10-2021 01:57:05.0083 AM
[ReportManager] API Action [GetResponseJSONValue] successfully performed. With the following test data [title]. @03-10-2021 01:57:05.0091 AM
[ReportManager] API Action [GetResponseJSONValue] successfully performed. With the following test data [title]. @03-10-2021 01:57:05.0100 AM
[ReportManager] API Action [GetResponseJSONValue] successfully performed. With the following test data [title]. @03-10-2021 01:57:05.0108 AM
[ReportManager] API Action [GetResponseJSONValue] successfully performed. With the following test data [title]. @03-10-2021 01:57:05.0134 AM
[ReportManager] API Action [GetResponseJSONValue] successfully performed. With the following test data [title]. @03-10-2021 01:57:05.0143 AM
[ReportManager] API Action [GetResponseJSONValue] successfully performed. With the following test data [title]. @03-10-2021 01:57:05.0152 AM
[ReportManager] API Action [GetResponseJSONValue] successfully performed. With the following test data [title]. @03-10-2021 01:57:05.0161 AM
[ReportManager] API Action [GetResponseJSONValue] successfully performed. With the following test data [title]. @03-10-2021 01:57:05.0171 AM
[ReportManager] API Action [GetResponseJSONValue] successfully performed. With the following test data [title]. @03-10-2021 01:57:05.0179 AM
[ReportManager] API Action [GetResponseJSONValue] successfully performed. With the following test data [title]. @03-10-2021 01:57:05.0188 AM
[ReportManager] API Action [GetResponseJSONValue] successfully performed. With the following test data [title]. @03-10-2021 01:57:05.0196 AM
[ReportManager] API Action [GetResponseJSONValue] successfully performed. With the following test data [title]. @03-10-2021 01:57:05.0204 AM
[ReportManager] API Action [GetResponseJSONValue] successfully performed. With the following test data [title]. @03-10-2021 01:57:05.0212 AM
[ReportManager] API Action [GetResponseJSONValue] successfully performed. With the following test data [title]. @03-10-2021 01:57:05.0220 AM
[ReportManager] API Action [GetResponseJSONValue] successfully performed. With the following test data [title]. @03-10-2021 01:57:05.0228 AM
[ReportManager] API Action [GetResponseJSONValue] successfully performed. With the following test data [title]. @03-10-2021 01:57:05.0236 AM
[ReportManager] API Action [GetResponseJSONValue] successfully performed. With the following test data [title]. @03-10-2021 01:57:05.0244 AM
[ReportManager] API Action [GetResponseJSONValue] successfully performed. With the following test data [title]. @03-10-2021 01:57:05.0251 AM
[ReportManager] API Action [GetResponseJSONValue] successfully performed. With the following test data [title]. @03-10-2021 01:57:05.0259 AM
[ReportManager] API Action [GetResponseJSONValue] successfully performed. With the following test data [title]. @03-10-2021 01:57:05.0267 AM
[ReportManager] API Action [GetResponseJSONValue] successfully performed. With the following test data [title]. @03-10-2021 01:57:05.0275 AM
[ReportManager] API Action [GetResponseJSONValue] successfully performed. With the following test data [title]. @03-10-2021 01:57:05.0282 AM
[ReportManager] API Action [GetResponseJSONValue] successfully performed. With the following test data [title]. @03-10-2021 01:57:05.0290 AM
[ReportManager] API Action [GetResponseJSONValue] successfully performed. With the following test data [title]. @03-10-2021 01:57:05.0297 AM
[ReportManager] API Action [GetResponseJSONValue] successfully performed. With the following test data [title]. @03-10-2021 01:57:05.0306 AM
[ReportManager] API Action [GetResponseJSONValue] successfully performed. With the following test data [title]. @03-10-2021 01:57:05.0314 AM
[ReportManager] API Action [GetResponseJSONValue] successfully performed. With the following test data [title]. @03-10-2021 01:57:05.0322 AM
[ReportManager] API Action [GetResponseJSONValue] successfully performed. With the following test data [title]. @03-10-2021 01:57:05.0332 AM
[ReportManager] API Action [GetResponseJSONValue] successfully performed. With the following test data [title]. @03-10-2021 01:57:05.0340 AM
[ReportManager] API Action [GetResponseJSONValue] successfully performed. With the following test data [title]. @03-10-2021 01:57:05.0348 AM
[ReportManager] API Action [GetResponseJSONValue] successfully performed. With the following test data [title]. @03-10-2021 01:57:05.0355 AM
[ReportManager] API Action [GetResponseJSONValue] successfully performed. With the following test data [title]. @03-10-2021 01:57:05.0364 AM
[ReportManager] API Action [GetResponseJSONValue] successfully performed. With the following test data [title]. @03-10-2021 01:57:05.0372 AM
[ReportManager] API Action [GetResponseJSONValue] successfully performed. With the following test data [title]. @03-10-2021 01:57:05.0379 AM
[ReportManager] API Action [GetResponseJSONValue] successfully performed. With the following test data [title]. @03-10-2021 01:57:05.0388 AM
[ReportManager] API Action [GetResponseJSONValue] successfully performed. With the following test data [title]. @03-10-2021 01:57:05.0395 AM
[ReportManager] API Action [GetResponseJSONValue] successfully performed. With the following test data [title]. @03-10-2021 01:57:05.0403 AM
[ReportManager] API Action [GetResponseJSONValue] successfully performed. With the following test data [title]. @03-10-2021 01:57:05.0410 AM
[ReportManager] API Action [GetResponseJSONValue] successfully performed. With the following test data [title]. @03-10-2021 01:57:05.0417 AM
[ReportManager] API Action [GetResponseJSONValue] successfully performed. With the following test data [title]. @03-10-2021 01:57:05.0424 AM
[ReportManager] API Action [GetResponseJSONValue] successfully performed. With the following test data [title]. @03-10-2021 01:57:05.0432 AM
[ReportManager] API Action [GetResponseJSONValue] successfully performed. With the following test data [title]. @03-10-2021 01:57:05.0439 A

################################################################################################################################################
Starting Execution:	[48 out of 144] test cases in the current suite
Test Method:		[unitTests.tests_restActions.validateUserEmail]
################################################################################################################################################
[ReportManager] Response status code: [200], status line: [HTTP/1.1 200 OK] @03-10-2021 01:57:05.0526 AM
[ReportManager] Assertion Passed: Evaluating the actual response status code against the expected one... @03-10-2021 01:57:05.0526 AM
[ReportManager] Assertion [ValidateEquals] PASSED. Expected [200] and Actual [200]. Comparison Type [EQUALS]. Validation Type [POSITIVE]. @03-10-2021 01:57:05.0526 AM
[ReportManager] API Action [PerformRequest] successfully performed. With the following test data [Request Type: "GET" | Target Status Code: "200" | Service URL: "https://jsonplaceholder.typicode.com/users" | Content Type: "*/*" | Response Time: "66ms"]. @03-10-2021 01:57:05.0565 AM
[ReportManager] Successfully created attachment [API Request - Specifications] @03-10-2021 01:57:05.0565 AM
[ReportManager] Successfully created attachment [API Response - JSON Body] @03-10-2021 01:57:05.0566 AM
[ReportManager] Assertion [ValidateEquals] PASSED. Expected and Actual values are attached. Comparison Type [CONTAINS]. Validation Type [POSITIVE]. @03-10-2021 01:57:05.0566 AM
[ReportManager] Successfully created attachment [Validation Test Data - Expected Value] @03-10-2021 01:57:05.0566 AM
[ReportManager] Successfully created attachment [Validation Test Data - Actual Value] @03-10-2021 01:57:05.0567 AM
[ReportManager] API Action [GetResponseJSONValueAsList] successfully performed. With the following test data [$]. @03-10-2021 01:57:05.0571 AM
[ReportManager] API Action [GetResponseJSONValue] successfully performed. With the following test data [name]. @03-10-2021 01:57:05.0587 AM
[ReportManager] API Action [GetResponseJSONValue] successfully performed. With the following test data [email]. @03-10-2021 01:57:05.0599 AM
[ReportManager] Assertion [ValidateEquals] PASSED. Expected [Sincere@april.biz] and Actual [Sincere@april.biz]. Comparison Type [EQUALS]. Validation Type [POSITIVE]. @03-10-2021 01:57:05.0599 AM
[ReportManager] API Action [GetResponseJSONValue] successfully performed. With the following test data [name]. @03-10-2021 01:57:05.0612 AM
[ReportManager] API Action [GetResponseJSONValue] successfully performed. With the following test data [name]. @03-10-2021 01:57:05.0629 AM
[ReportManager] API Action [GetResponseJSONValue] successfully performed. With the following test data [name]. @03-10-2021 01:57:05.0645 AM
[ReportManager] API Action [GetResponseJSONValue] successfully performed. With the following test data [name]. @03-10-2021 01:57:05.0657 AM
[ReportManager] API Action [GetResponseJSONValue] successfully performed. With the following test data [name]. @03-10-2021 01:57:05.0668 AM
[ReportManager] API Action [GetResponseJSONValue] successfully performed. With the following test data [name]. @03-10-2021 01:57:05.0678 AM
[ReportManager] API Action [GetResponseJSONValue] successfully performed. With the following test data [name]. @03-10-2021 01:57:05.0687 AM
[ReportManager] API Action [GetResponseJSONValue] successfully performed. With the following test data [name]. @03-10-2021 01:57:05.0697 AM
[ReportManager] API Action [GetResponseJSONValue] successfully performed. With the following test data [name]. @03-10-2021 01:57:05.0707 A
[ReportManager] File Action [GetAbsolutePath] successfully performed. With the following test data [Relative Folder Path: "target/downloadedFiles/"]. @03-10-2021 01:57:05.0718 AM
[ReportManager] Attempting to run remotely on: [Linux-64], [GoogleChrome], [http://localhost:4444/wd/hub], Headless Execution. @03-10-2021 01:57:05.0718 AM
[ReportManager] Successfully Opened [GoogleChrome]. @03-10-2021 01:57:06.0058 A

################################################################################################################################################
Starting Execution:	[49 out of 144] test cases in the current suite
Test Method:		[unitTests.tests_element_elementActions.waitForElementToBePresent_false_expectedToFail]
################################################################################################################################################
[ReportManager] Target URL: [https://www.google.com/ncr], and after redirection: [www.google.com] @03-10-2021 01:57:06.0078 AM
[ReportManager] Initial URL: [data:,] @03-10-2021 01:57:06.0137 AM
[ReportManager] Browser Action [NavigateToURL] successfully performed. With the following test data [https://www.google.com/ncr]. @03-10-2021 01:57:07.0093 AM
[ReportManager] Waiting for element to be present; elementLocator [By.xpath: //*[@id='hplogo' or @alt='Google']], numberOfTries[1], stateOfPresence[false]... @03-10-2021 01:57:07.0097 AM
[ReportManager] Element Action [WaitForElementToBePresent] failed. With the following test data [waited for the element's state of presence to be (false). Element locator (By.xpath: //*[@id='hplogo' or @alt='Google'])]. @03-10-2021 01:57:07.0290 AM
[ReportManager] Successfully created attachment [Screenshot - 1633226227234_waitForElementToBePresent_false_expectedToFail_WaitForElementToBePresent_failed] @03-10-2021 01:57:07.0292 A
[ReportManager] Browser Action [CloseCurrentWindow] successfully performed. @03-10-2021 01:57:07.0414 AM
[ReportManager] Successfully created attachment [Browser Action Test Data - CloseCurrentWindow - Actual Value] @03-10-2021 01:57:07.0415 A
[ReportManager] File Action [GetAbsolutePath] successfully performed. With the following test data [Relative Folder Path: "target/downloadedFiles/"]. @03-10-2021 01:57:07.0418 AM
[ReportManager] Attempting to run remotely on: [Linux-64], [GoogleChrome], [http://localhost:4444/wd/hub], Headless Execution. @03-10-2021 01:57:07.0418 AM
[ReportManager] Successfully Opened [GoogleChrome]. @03-10-2021 01:57:07.0609 A

################################################################################################################################################
Starting Execution:	[50 out of 144] test cases in the current suite
Test Method:		[unitTests.tests_element_elementActions.waitForElementToBePresent_false_expectedToPass]
################################################################################################################################################
[ReportManager] Target URL: [https://www.google.com/ncr], and after redirection: [www.google.com] @03-10-2021 01:57:07.0624 AM
[ReportManager] Initial URL: [data:,] @03-10-2021 01:57:07.0673 AM
[ReportManager] Browser Action [NavigateToURL] successfully performed. With the following test data [https://www.google.com/ncr]. @03-10-2021 01:57:08.0421 AM
[ReportManager] Waiting for element to be present; elementLocator [By.id: bla], numberOfTries[1], stateOfPresence[false]... @03-10-2021 01:57:08.0421 AM
[ReportManager] Element Action [WaitForElementToBePresent] successfully performed. With the following test data [waited for the element's state of presence to be (false). Element locator (By.id: bla)]. @03-10-2021 01:57:13.0548 A
[ReportManager] Browser Action [CloseCurrentWindow] successfully performed. @03-10-2021 01:57:13.0666 AM
[ReportManager] Successfully created attachment [Browser Action Test Data - CloseCurrentWindow - Actual Value] @03-10-2021 01:57:13.0666 A
[ReportManager] File Action [GetAbsolutePath] successfully performed. With the following test data [Relative Folder Path: "target/downloadedFiles/"]. @03-10-2021 01:57:13.0669 AM
[ReportManager] Attempting to run remotely on: [Linux-64], [GoogleChrome], [http://localhost:4444/wd/hub], Headless Execution. @03-10-2021 01:57:13.0669 AM
[ReportManager] Successfully Opened [GoogleChrome]. @03-10-2021 01:57:13.0874 A

################################################################################################################################################
Starting Execution:	[51 out of 144] test cases in the current suite
Test Method:		[unitTests.tests_element_elementActions.waitForElementToBePresent_moreThanOneElement_expectedToFail]
################################################################################################################################################
[ReportManager] Target URL: [https://www.google.com/ncr], and after redirection: [www.google.com] @03-10-2021 01:57:13.0897 AM
[ReportManager] Initial URL: [data:,] @03-10-2021 01:57:13.0937 AM
[ReportManager] Browser Action [NavigateToURL] successfully performed. With the following test data [https://www.google.com/ncr]. @03-10-2021 01:57:14.0657 AM
[ReportManager] Waiting for element to be present; elementLocator [By.xpath: //*], numberOfTries[1], stateOfPresence[false]... @03-10-2021 01:57:14.0657 AM
[ReportManager] Element Action [WaitForElementToBePresent] failed. With the following test data [waited for the element's state of presence to be (false). Element locator (By.xpath: //*)]. @03-10-2021 01:57:14.0867 AM
[ReportManager] Successfully created attachment [Screenshot - 1633226234814_waitForElementToBePresent_moreThanOneElement_expectedToFail_WaitForElementToBePresent_failed] @03-10-2021 01:57:14.0867 A
[ReportManager] Browser Action [CloseCurrentWindow] successfully performed. @03-10-2021 01:57:14.0987 AM
[ReportManager] Successfully created attachment [Browser Action Test Data - CloseCurrentWindow - Actual Value] @03-10-2021 01:57:14.0988 A
[ReportManager] File Action [GetAbsolutePath] successfully performed. With the following test data [Relative Folder Path: "target/downloadedFiles/"]. @03-10-2021 01:57:14.0991 AM
[ReportManager] Attempting to run remotely on: [Linux-64], [GoogleChrome], [http://localhost:4444/wd/hub], Headless Execution. @03-10-2021 01:57:14.0991 AM
[ReportManager] Successfully Opened [GoogleChrome]. @03-10-2021 01:57:15.0248 A

################################################################################################################################################
Starting Execution:	[52 out of 144] test cases in the current suite
Test Method:		[unitTests.tests_element_elementActions.waitForElementToBePresent_true_expectedToFail]
################################################################################################################################################
[ReportManager] Target URL: [https://www.google.com/ncr], and after redirection: [www.google.com] @03-10-2021 01:57:15.0262 AM
[ReportManager] Initial URL: [data:,] @03-10-2021 01:57:15.0316 AM
[ReportManager] Browser Action [NavigateToURL] successfully performed. With the following test data [https://www.google.com/ncr]. @03-10-2021 01:57:16.0102 AM
[ReportManager] Waiting for element to be present; elementLocator [By.id: bla], numberOfTries[1], stateOfPresence[true]... @03-10-2021 01:57:16.0102 AM
[ReportManager] Element Action [WaitForElementToBePresent] failed. With the following test data [waited for the element's state of presence to be (true). Element locator (By.id: bla)]. @03-10-2021 01:57:21.0339 AM
[ReportManager] Successfully created attachment [Screenshot - 1633226241283_waitForElementToBePresent_true_expectedToFail_WaitForElementToBePresent_failed] @03-10-2021 01:57:21.0340 A
[ReportManager] Browser Action [CloseCurrentWindow] successfully performed. @03-10-2021 01:57:21.0459 AM
[ReportManager] Successfully created attachment [Browser Action Test Data - CloseCurrentWindow - Actual Value] @03-10-2021 01:57:21.0460 A
[ReportManager] File Action [GetAbsolutePath] successfully performed. With the following test data [Relative Folder Path: "target/downloadedFiles/"]. @03-10-2021 01:57:21.0463 AM
[ReportManager] Attempting to run remotely on: [Linux-64], [GoogleChrome], [http://localhost:4444/wd/hub], Headless Execution. @03-10-2021 01:57:21.0463 AM
[ReportManager] Successfully Opened [GoogleChrome]. @03-10-2021 01:57:21.0689 A

################################################################################################################################################
Starting Execution:	[53 out of 144] test cases in the current suite
Test Method:		[unitTests.tests_element_elementActions.waitForElementToBePresent_true_expectedToPass]
################################################################################################################################################
[ReportManager] Target URL: [https://www.google.com/ncr], and after redirection: [www.google.com] @03-10-2021 01:57:21.0716 AM
[ReportManager] Initial URL: [data:,] @03-10-2021 01:57:21.0784 AM
[ReportManager] Browser Action [NavigateToURL] successfully performed. With the following test data [https://www.google.com/ncr]. @03-10-2021 01:57:22.0580 AM
[ReportManager] Waiting for element to be present; elementLocator [By.xpath: //*[@id='hplogo' or @alt='Google']], numberOfTries[1], stateOfPresence[true]... @03-10-2021 01:57:22.0581 AM
[ReportManager] Element Action [WaitForElementToBePresent] successfully performed. With the following test data [waited for the element's state of presence to be (true). Element locator (By.xpath: //*[@id='hplogo' or @alt='Google'])]. @03-10-2021 01:57:22.0632 AM
[ReportManager] File Action [DoesFileExist] successfully performed. With the following test data [File Path: "src/test/resources/DynamicObjectRepository/unitTests_tests_element_elementActions_waitForElementToBePresent_true_expectedToPass_By_xpath_id_hplogo_or_alt_Google.png"]. @03-10-2021 01:57:22.0635 AM
[ReportManager] File Action [DoesFileExist] successfully performed. With the following test data [File Path: "src/test/resources/DynamicObjectRepository/unitTests_tests_element_elementActions_waitForElementToBePresent_true_expectedToPass_By_xpath_id_hplogo_or_alt_Google.png"]. @03-10-2021 01:57:22.0790 AM
[ReportManager] Passing the test and saving a reference image @03-10-2021 01:57:22.0790 AM
[ReportManager] File Action [GetAbsolutePath] successfully performed. With the following test data [Relative File Path: "src/test/resources/DynamicObjectRepository/unitTests_tests_element_elementActions_waitForElementToBePresent_true_expectedToPass_By_xpath_id_hplogo_or_alt_Google.png"]. @03-10-2021 01:57:22.0790 AM
[ReportManager] File Action [WriteToFile] successfully performed. With the following test data [Target File Path: "/home/runner/work/SHAFT_ENGINE/SHAFT_ENGINE/src/test/resources/DynamicObjectRepository/unitTests_tests_element_elementActions_waitForElementToBePresent_true_expectedToPass_By_xpath_id_hplogo_or_alt_Google.png"]. @03-10-2021 01:57:22.0792 AM
[ReportManager] Assertion Passed: Using Visual AI; OpenCV @03-10-2021 01:57:22.0792 AM
[ReportManager] Successfully created attachment [Validation Test Data - Actual Screenshot] @03-10-2021 01:57:22.0793 AM
[ReportManager] Assertion [ValidateElementMatches] PASSED. Expected [Element should match the reference screenshot] and Actual [TRUE]. Comparison Type [EXACT_OPENCV]. Validation Type [POSITIVE]. @03-10-2021 01:57:22.0793 A
[ReportManager] Browser Action [CloseCurrentWindow] successfully performed. @03-10-2021 01:57:22.0933 AM
[ReportManager] Successfully created attachment [Browser Action Test Data - CloseCurrentWindow - Actual Value] @03-10-2021 01:57:22.0935 A
[ReportManager] File Action [GetAbsolutePath] successfully performed. With the following test data [Relative Folder Path: "target/downloadedFiles/"]. @03-10-2021 01:57:22.0938 AM
[ReportManager] Attempting to run remotely on: [Linux-64], [GoogleChrome], [http://localhost:4444/wd/hub], Headless Execution. @03-10-2021 01:57:22.0939 AM
[ReportManager] Successfully Opened [GoogleChrome]. @03-10-2021 01:57:23.0143 AM
[ReportManager] Target URL: [https://duckduckgo.com] @03-10-2021 01:57:23.0155 AM
[ReportManager] Initial URL: [data:,] @03-10-2021 01:57:23.0191 AM
[ReportManager] Browser Action [NavigateToURL] successfully performed. With the following test data [https://duckduckgo.com]. @03-10-2021 01:57:23.0807 A

################################################################################################################################################
Starting Execution:	[54 out of 144] test cases in the current suite
Test Method:		[unitTests.tests_browserActions.fullScreenWindow]
################################################################################################################################################
[ReportManager] Initial Windows Size: 800x600 @03-10-2021 01:57:23.0817 AM
[ReportManager] Initial window size: (800, 600) @03-10-2021 01:57:23.0819 AM
[ReportManager] Window size after Toolkit: (1920, 1080) @03-10-2021 01:57:24.0037 AM
[ReportManager] Browser Action [MaximizeWindow] successfully performed. With the following test data [New screen size is now: (1920, 1080)]. @03-10-2021 01:57:24.0043 AM
[ReportManager] Current Windows Size after fullScreen: 1920x1080 @03-10-2021 01:57:24.0051 AM
[ReportManager] Browser Action [FullScreenWindow] successfully performed. @03-10-2021 01:57:24.0074 AM
[ReportManager] Successfully created attachment [Browser Action Test Data - FullScreenWindow - Actual Value] @03-10-2021 01:57:24.0077 A
[ReportManager] Target URL: [https://duckduckgo.com] @03-10-2021 01:57:24.0083 AM
[ReportManager] Initial URL: [https://duckduckgo.com] @03-10-2021 01:57:24.0159 AM
[ReportManager] Browser Action [NavigateToURL] successfully performed. With the following test data [https://duckduckgo.com]. @03-10-2021 01:57:24.0476 AM
[ReportManager] Browser Action [CloseCurrentWindow] successfully performed. @03-10-2021 01:57:24.0575 AM
[ReportManager] Successfully created attachment [Browser Action Test Data - CloseCurrentWindow - Actual Value] @03-10-2021 01:57:24.0576 A
[ReportManager] File Action [GetAbsolutePath] successfully performed. With the following test data [Relative Folder Path: "target/downloadedFiles/"]. @03-10-2021 01:57:24.0578 AM
[ReportManager] Attempting to run remotely on: [Linux-64], [GoogleChrome], [http://localhost:4444/wd/hub], Headless Execution. @03-10-2021 01:57:24.0579 AM
[ReportManager] Successfully Opened [GoogleChrome]. @03-10-2021 01:57:24.0780 AM
[ReportManager] Target URL: [https://duckduckgo.com] @03-10-2021 01:57:24.0790 AM
[ReportManager] Initial URL: [data:,] @03-10-2021 01:57:24.0834 AM
[ReportManager] Browser Action [NavigateToURL] successfully performed. With the following test data [https://duckduckgo.com]. @03-10-2021 01:57:25.0363 A

################################################################################################################################################
Starting Execution:	[55 out of 144] test cases in the current suite
Test Method:		[unitTests.tests_browserActions.getCurrentURL]
################################################################################################################################################
[ReportManager] Browser Action [GetCurrentURL] successfully performed. With the following test data [https://duckduckgo.com/]. @03-10-2021 01:57:25.0405 A
[ReportManager] Target URL: [https://duckduckgo.com] @03-10-2021 01:57:25.0407 AM
[ReportManager] Initial URL: [https://duckduckgo.com] @03-10-2021 01:57:25.0484 AM
[ReportManager] Browser Action [NavigateToURL] successfully performed. With the following test data [https://duckduckgo.com]. @03-10-2021 01:57:25.0784 AM
[ReportManager] Browser Action [CloseCurrentWindow] successfully performed. @03-10-2021 01:57:25.0883 AM
[ReportManager] Successfully created attachment [Browser Action Test Data - CloseCurrentWindow - Actual Value] @03-10-2021 01:57:25.0884 A
[ReportManager] File Action [GetAbsolutePath] successfully performed. With the following test data [Relative Folder Path: "target/downloadedFiles/"]. @03-10-2021 01:57:25.0886 AM
[ReportManager] Attempting to run remotely on: [Linux-64], [GoogleChrome], [http://localhost:4444/wd/hub], Headless Execution. @03-10-2021 01:57:25.0886 AM
[ReportManager] Successfully Opened [GoogleChrome]. @03-10-2021 01:57:26.0102 AM
[ReportManager] Target URL: [https://duckduckgo.com] @03-10-2021 01:57:26.0112 AM
[ReportManager] Initial URL: [data:,] @03-10-2021 01:57:26.0156 AM
[ReportManager] Browser Action [NavigateToURL] successfully performed. With the following test data [https://duckduckgo.com]. @03-10-2021 01:57:26.0651 A

################################################################################################################################################
Starting Execution:	[56 out of 144] test cases in the current suite
Test Method:		[unitTests.tests_browserActions.getCurrentWindowTitle]
################################################################################################################################################
[ReportManager] Browser Action [GetCurrentWindowTitle] successfully performed. With the following test data [DuckDuckGo  Privacy, simplified.]. @03-10-2021 01:57:26.0688 A
[ReportManager] Target URL: [https://duckduckgo.com] @03-10-2021 01:57:26.0693 AM
[ReportManager] Initial URL: [https://duckduckgo.com] @03-10-2021 01:57:26.0754 AM
[ReportManager] Browser Action [NavigateToURL] successfully performed. With the following test data [https://duckduckgo.com]. @03-10-2021 01:57:27.0078 AM
[ReportManager] Browser Action [CloseCurrentWindow] successfully performed. @03-10-2021 01:57:27.0207 AM
[ReportManager] Successfully created attachment [Browser Action Test Data - CloseCurrentWindow - Actual Value] @03-10-2021 01:57:27.0208 A
[ReportManager] File Action [GetAbsolutePath] successfully performed. With the following test data [Relative Folder Path: "target/downloadedFiles/"]. @03-10-2021 01:57:27.0217 AM
[ReportManager] Attempting to run remotely on: [Linux-64], [GoogleChrome], [http://localhost:4444/wd/hub], Headless Execution. @03-10-2021 01:57:27.0219 AM
[ReportManager] Successfully Opened [GoogleChrome]. @03-10-2021 01:57:27.0713 AM
[ReportManager] Target URL: [https://duckduckgo.com] @03-10-2021 01:57:27.0727 AM
[ReportManager] Initial URL: [data:,] @03-10-2021 01:57:27.0765 AM
[ReportManager] Browser Action [NavigateToURL] successfully performed. With the following test data [https://duckduckgo.com]. @03-10-2021 01:57:28.0361 A

################################################################################################################################################
Starting Execution:	[57 out of 144] test cases in the current suite
Test Method:		[unitTests.tests_browserActions.getPageSource]
################################################################################################################################################
[ReportManager] Browser Action [GetPageSource] successfully performed. @03-10-2021 01:57:28.0401 AM
[ReportManager] Successfully created attachment [Browser Action Test Data - GetPageSource - Actual Value] @03-10-2021 01:57:28.0406 A
[ReportManager] Target URL: [https://duckduckgo.com] @03-10-2021 01:57:28.0410 AM
[ReportManager] Initial URL: [https://duckduckgo.com] @03-10-2021 01:57:28.0467 AM
[ReportManager] Browser Action [NavigateToURL] successfully performed. With the following test data [https://duckduckgo.com]. @03-10-2021 01:57:28.0758 AM
[ReportManager] Browser Action [CloseCurrentWindow] successfully performed. @03-10-2021 01:57:28.0855 AM
[ReportManager] Successfully created attachment [Browser Action Test Data - CloseCurrentWindow - Actual Value] @03-10-2021 01:57:28.0863 A
[ReportManager] File Action [GetAbsolutePath] successfully performed. With the following test data [Relative Folder Path: "target/downloadedFiles/"]. @03-10-2021 01:57:28.0869 AM
[ReportManager] Attempting to run remotely on: [Linux-64], [GoogleChrome], [http://localhost:4444/wd/hub], Headless Execution. @03-10-2021 01:57:28.0869 AM
[ReportManager] Successfully Opened [GoogleChrome]. @03-10-2021 01:57:29.0069 AM
[ReportManager] Target URL: [https://duckduckgo.com] @03-10-2021 01:57:29.0081 AM
[ReportManager] Initial URL: [data:,] @03-10-2021 01:57:29.0126 AM
[ReportManager] Browser Action [NavigateToURL] successfully performed. With the following test data [https://duckduckgo.com]. @03-10-2021 01:57:29.0610 A

################################################################################################################################################
Starting Execution:	[58 out of 144] test cases in the current suite
Test Method:		[unitTests.tests_browserActions.getWindowHandle]
################################################################################################################################################
[ReportManager] Browser Action [GetWindowHandle] successfully performed. With the following test data [CDwindow-43FA0899E530A8F3393A5134BA68035E]. @03-10-2021 01:57:29.0648 A
[ReportManager] Target URL: [https://duckduckgo.com] @03-10-2021 01:57:29.0651 AM
[ReportManager] Initial URL: [https://duckduckgo.com] @03-10-2021 01:57:29.0698 AM
[ReportManager] Browser Action [NavigateToURL] successfully performed. With the following test data [https://duckduckgo.com]. @03-10-2021 01:57:29.0997 AM
[ReportManager] Browser Action [CloseCurrentWindow] successfully performed. @03-10-2021 01:57:30.0091 AM
[ReportManager] Successfully created attachment [Browser Action Test Data - CloseCurrentWindow - Actual Value] @03-10-2021 01:57:30.0092 A
[ReportManager] File Action [GetAbsolutePath] successfully performed. With the following test data [Relative Folder Path: "target/downloadedFiles/"]. @03-10-2021 01:57:30.0095 AM
[ReportManager] Attempting to run remotely on: [Linux-64], [GoogleChrome], [http://localhost:4444/wd/hub], Headless Execution. @03-10-2021 01:57:30.0096 AM
[ReportManager] Successfully Opened [GoogleChrome]. @03-10-2021 01:57:30.0306 AM
[ReportManager] Target URL: [https://duckduckgo.com] @03-10-2021 01:57:30.0318 AM
[ReportManager] Initial URL: [data:,] @03-10-2021 01:57:30.0360 AM
[ReportManager] Browser Action [NavigateToURL] successfully performed. With the following test data [https://duckduckgo.com]. @03-10-2021 01:57:30.0857 A

################################################################################################################################################
Starting Execution:	[59 out of 144] test cases in the current suite
Test Method:		[unitTests.tests_browserActions.getWindowPosition]
################################################################################################################################################
[ReportManager] Browser Action [GetWindowPosition] successfully performed. With the following test data [(0, 0)]. @03-10-2021 01:57:30.0895 A
[ReportManager] Target URL: [https://duckduckgo.com] @03-10-2021 01:57:30.0899 AM
[ReportManager] Initial URL: [https://duckduckgo.com] @03-10-2021 01:57:30.0947 AM
[ReportManager] Browser Action [NavigateToURL] successfully performed. With the following test data [https://duckduckgo.com]. @03-10-2021 01:57:31.0231 AM
[ReportManager] Browser Action [CloseCurrentWindow] successfully performed. @03-10-2021 01:57:31.0326 AM
[ReportManager] Successfully created attachment [Browser Action Test Data - CloseCurrentWindow - Actual Value] @03-10-2021 01:57:31.0327 A
[ReportManager] File Action [GetAbsolutePath] successfully performed. With the following test data [Relative Folder Path: "target/downloadedFiles/"]. @03-10-2021 01:57:31.0329 AM
[ReportManager] Attempting to run remotely on: [Linux-64], [GoogleChrome], [http://localhost:4444/wd/hub], Headless Execution. @03-10-2021 01:57:31.0329 AM
[ReportManager] Successfully Opened [GoogleChrome]. @03-10-2021 01:57:31.0533 AM
[ReportManager] Target URL: [https://duckduckgo.com] @03-10-2021 01:57:31.0549 AM
[ReportManager] Initial URL: [data:,] @03-10-2021 01:57:31.0592 AM
[ReportManager] Browser Action [NavigateToURL] successfully performed. With the following test data [https://duckduckgo.com]. @03-10-2021 01:57:32.0055 A

################################################################################################################################################
Starting Execution:	[60 out of 144] test cases in the current suite
Test Method:		[unitTests.tests_browserActions.getWindowSize]
################################################################################################################################################
[ReportManager] Browser Action [GetWindowSize] successfully performed. With the following test data [(800, 600)]. @03-10-2021 01:57:32.0088 A
[ReportManager] Target URL: [https://duckduckgo.com] @03-10-2021 01:57:32.0089 AM
[ReportManager] Initial URL: [https://duckduckgo.com] @03-10-2021 01:57:32.0139 AM
[ReportManager] Browser Action [NavigateToURL] successfully performed. With the following test data [https://duckduckgo.com]. @03-10-2021 01:57:32.0437 AM
[ReportManager] Browser Action [CloseCurrentWindow] successfully performed. @03-10-2021 01:57:32.0533 AM
[ReportManager] Successfully created attachment [Browser Action Test Data - CloseCurrentWindow - Actual Value] @03-10-2021 01:57:32.0534 A
[ReportManager] File Action [GetAbsolutePath] successfully performed. With the following test data [Relative Folder Path: "target/downloadedFiles/"]. @03-10-2021 01:57:32.0538 AM
[ReportManager] Attempting to run remotely on: [Linux-64], [GoogleChrome], [http://localhost:4444/wd/hub], Headless Execution. @03-10-2021 01:57:32.0538 AM
[ReportManager] Successfully Opened [GoogleChrome]. @03-10-2021 01:57:32.0747 AM
[ReportManager] Target URL: [https://duckduckgo.com] @03-10-2021 01:57:32.0756 AM
[ReportManager] Initial URL: [data:,] @03-10-2021 01:57:32.0795 AM
[ReportManager] Browser Action [NavigateToURL] successfully performed. With the following test data [https://duckduckgo.com]. @03-10-2021 01:57:33.0276 A

################################################################################################################################################
Starting Execution:	[61 out of 144] test cases in the current suite
Test Method:		[unitTests.tests_browserActions.maximizeWindow]
################################################################################################################################################
[ReportManager] Initial window size: (800, 600) @03-10-2021 01:57:33.0286 AM
[ReportManager] Window size after Toolkit: (1920, 1080) @03-10-2021 01:57:33.0508 AM
[ReportManager] Browser Action [MaximizeWindow] successfully performed. With the following test data [New screen size is now: (1920, 1080)]. @03-10-2021 01:57:33.0511 A
[ReportManager] Target URL: [https://duckduckgo.com] @03-10-2021 01:57:33.0512 AM
[ReportManager] Initial URL: [https://duckduckgo.com] @03-10-2021 01:57:33.0578 AM
[ReportManager] Browser Action [NavigateToURL] successfully performed. With the following test data [https://duckduckgo.com]. @03-10-2021 01:57:33.0892 AM
[ReportManager] Browser Action [CloseCurrentWindow] successfully performed. @03-10-2021 01:57:33.0991 AM
[ReportManager] Successfully created attachment [Browser Action Test Data - CloseCurrentWindow - Actual Value] @03-10-2021 01:57:33.0992 A
[ReportManager] File Action [GetAbsolutePath] successfully performed. With the following test data [Relative Folder Path: "target/downloadedFiles/"]. @03-10-2021 01:57:33.0994 AM
[ReportManager] Attempting to run remotely on: [Linux-64], [GoogleChrome], [http://localhost:4444/wd/hub], Headless Execution. @03-10-2021 01:57:33.0994 AM
[ReportManager] Successfully Opened [GoogleChrome]. @03-10-2021 01:57:34.0233 AM
[ReportManager] Target URL: [https://duckduckgo.com] @03-10-2021 01:57:34.0245 AM
[ReportManager] Initial URL: [data:,] @03-10-2021 01:57:34.0305 AM
[ReportManager] Browser Action [NavigateToURL] successfully performed. With the following test data [https://duckduckgo.com]. @03-10-2021 01:57:34.0970 A

################################################################################################################################################
Starting Execution:	[62 out of 144] test cases in the current suite
Test Method:		[unitTests.tests_browserActions.navigateBack]
################################################################################################################################################
[ReportManager] Target URL: [https://www.google.com/ncr], and after redirection: [https://www.google.com] @03-10-2021 01:57:34.0983 AM
[ReportManager] Initial URL: [https://duckduckgo.com] @03-10-2021 01:57:35.0052 AM
[ReportManager] Browser Action [NavigateToURL] successfully performed. With the following test data [https://www.google.com/ncr]. @03-10-2021 01:57:38.0527 AM
[ReportManager] Browser Action [NavigateBack] successfully performed. With the following test data [https://duckduckgo.com/]. @03-10-2021 01:57:38.0900 AM
[ReportManager] Browser Action [GetCurrentURL] successfully performed. With the following test data [https://duckduckgo.com/]. @03-10-2021 01:57:38.0932 AM
[ReportManager] Assertion Passed: Confirming that navigating back was successful @03-10-2021 01:57:39.0052 AM
[ReportManager] Successfully created attachment [Screenshot - 1633226258997_navigateBack_ValidateBrowserAttribute_passed] @03-10-2021 01:57:39.0052 AM
[ReportManager] Assertion [ValidateBrowserAttribute] PASSED. Expected [Value Should be 'https://duckduckgo.com' for the 'CurrentUrl' attribute] and Actual [https://duckduckgo.com/]. Comparison Type [CONTAINS]. Validation Type [POSITIVE]. @03-10-2021 01:57:39.0052 A
[ReportManager] Target URL: [https://duckduckgo.com] @03-10-2021 01:57:39.0054 AM
[ReportManager] Initial URL: [https://duckduckgo.com] @03-10-2021 01:57:39.0107 AM
[ReportManager] Browser Action [NavigateToURL] successfully performed. With the following test data [https://duckduckgo.com]. @03-10-2021 01:57:39.0397 AM
[ReportManager] Browser Action [CloseCurrentWindow] successfully performed. @03-10-2021 01:57:39.0491 AM
[ReportManager] Successfully created attachment [Browser Action Test Data - CloseCurrentWindow - Actual Value] @03-10-2021 01:57:39.0491 A
[ReportManager] File Action [GetAbsolutePath] successfully performed. With the following test data [Relative Folder Path: "target/downloadedFiles/"]. @03-10-2021 01:57:39.0493 AM
[ReportManager] Attempting to run remotely on: [Linux-64], [GoogleChrome], [http://localhost:4444/wd/hub], Headless Execution. @03-10-2021 01:57:39.0493 AM
[ReportManager] Successfully Opened [GoogleChrome]. @03-10-2021 01:57:39.0684 AM
[ReportManager] Target URL: [https://duckduckgo.com] @03-10-2021 01:57:39.0696 AM
[ReportManager] Initial URL: [data:,] @03-10-2021 01:57:39.0731 AM
[ReportManager] Browser Action [NavigateToURL] successfully performed. With the following test data [https://duckduckgo.com]. @03-10-2021 01:57:40.0220 A

################################################################################################################################################
Starting Execution:	[63 out of 144] test cases in the current suite
Test Method:		[unitTests.tests_browserActions.navigateForward]
################################################################################################################################################
[ReportManager] Target URL: [https://www.google.com/ncr], and after redirection: [https://www.google.com] @03-10-2021 01:57:40.0223 AM
[ReportManager] Initial URL: [https://duckduckgo.com] @03-10-2021 01:57:40.0271 AM
[ReportManager] Browser Action [NavigateToURL] successfully performed. With the following test data [https://www.google.com/ncr]. @03-10-2021 01:57:41.0352 AM
[ReportManager] Browser Action [NavigateBack] successfully performed. With the following test data [https://duckduckgo.com/]. @03-10-2021 01:57:41.0703 AM
[ReportManager] Browser Action [NavigateForward] successfully performed. With the following test data [https://www.google.com/]. @03-10-2021 01:57:42.0076 A
[ReportManager] Target URL: [https://duckduckgo.com] @03-10-2021 01:57:42.0078 AM
[ReportManager] Initial URL: [https://www.google.com] @03-10-2021 01:57:42.0172 AM
[ReportManager] Browser Action [NavigateToURL] successfully performed. With the following test data [https://duckduckgo.com]. @03-10-2021 01:57:42.0598 AM
[ReportManager] Browser Action [CloseCurrentWindow] successfully performed. @03-10-2021 01:57:42.0696 AM
[ReportManager] Successfully created attachment [Browser Action Test Data - CloseCurrentWindow - Actual Value] @03-10-2021 01:57:42.0696 A
[ReportManager] File Action [GetAbsolutePath] successfully performed. With the following test data [Relative Folder Path: "target/downloadedFiles/"]. @03-10-2021 01:57:42.0702 AM
[ReportManager] Attempting to run remotely on: [Linux-64], [GoogleChrome], [http://localhost:4444/wd/hub], Headless Execution. @03-10-2021 01:57:42.0707 AM
[ReportManager] Successfully Opened [GoogleChrome]. @03-10-2021 01:57:42.0916 AM
[ReportManager] Target URL: [https://duckduckgo.com] @03-10-2021 01:57:42.0925 AM
[ReportManager] Initial URL: [data:,] @03-10-2021 01:57:42.0967 AM
[ReportManager] Browser Action [NavigateToURL] successfully performed. With the following test data [https://duckduckgo.com]. @03-10-2021 01:57:43.0451 A

################################################################################################################################################
Starting Execution:	[64 out of 144] test cases in the current suite
Test Method:		[unitTests.tests_browserActions.navigateToURL]
################################################################################################################################################
[ReportManager] Target URL: [https://duckduckgo.com] @03-10-2021 01:57:43.0459 AM
[ReportManager] Initial URL: [https://duckduckgo.com] @03-10-2021 01:57:43.0518 AM
[ReportManager] Browser Action [NavigateToURL] successfully performed. With the following test data [https://duckduckgo.com]. @03-10-2021 01:57:43.0805 A
[ReportManager] Target URL: [https://duckduckgo.com] @03-10-2021 01:57:43.0809 AM
[ReportManager] Initial URL: [https://duckduckgo.com] @03-10-2021 01:57:43.0853 AM
[ReportManager] Browser Action [NavigateToURL] successfully performed. With the following test data [https://duckduckgo.com]. @03-10-2021 01:57:44.0105 AM
[ReportManager] Browser Action [CloseCurrentWindow] successfully performed. @03-10-2021 01:57:44.0203 AM
[ReportManager] Successfully created attachment [Browser Action Test Data - CloseCurrentWindow - Actual Value] @03-10-2021 01:57:44.0203 A
[ReportManager] File Action [GetAbsolutePath] successfully performed. With the following test data [Relative Folder Path: "target/downloadedFiles/"]. @03-10-2021 01:57:44.0210 AM
[ReportManager] Attempting to run remotely on: [Linux-64], [GoogleChrome], [http://localhost:4444/wd/hub], Headless Execution. @03-10-2021 01:57:44.0210 AM
[ReportManager] Successfully Opened [GoogleChrome]. @03-10-2021 01:57:44.0399 AM
[ReportManager] Target URL: [https://duckduckgo.com] @03-10-2021 01:57:44.0408 AM
[ReportManager] Initial URL: [data:,] @03-10-2021 01:57:44.0442 AM
[ReportManager] Browser Action [NavigateToURL] successfully performed. With the following test data [https://duckduckgo.com]. @03-10-2021 01:57:44.0944 A

################################################################################################################################################
Starting Execution:	[65 out of 144] test cases in the current suite
Test Method:		[unitTests.tests_browserActions.navigateToURLWithRedirection]
################################################################################################################################################
[ReportManager] Target URL: [https://www.google.com/ncr], and after redirection: [https://www.google.com] @03-10-2021 01:57:44.0951 AM
[ReportManager] Initial URL: [https://duckduckgo.com] @03-10-2021 01:57:45.0002 AM
[ReportManager] Browser Action [NavigateToURL] successfully performed. With the following test data [https://www.google.com/ncr]. @03-10-2021 01:57:45.0742 A
[ReportManager] Target URL: [https://duckduckgo.com] @03-10-2021 01:57:45.0744 AM
[ReportManager] Initial URL: [https://www.google.com] @03-10-2021 01:57:45.0810 AM
[ReportManager] Browser Action [NavigateToURL] successfully performed. With the following test data [https://duckduckgo.com]. @03-10-2021 01:57:46.0294 AM
[ReportManager] Browser Action [CloseCurrentWindow] successfully performed. @03-10-2021 01:57:46.0390 AM
[ReportManager] Successfully created attachment [Browser Action Test Data - CloseCurrentWindow - Actual Value] @03-10-2021 01:57:46.0391 A
[ReportManager] File Action [GetAbsolutePath] successfully performed. With the following test data [Relative Folder Path: "target/downloadedFiles/"]. @03-10-2021 01:57:46.0400 AM
[ReportManager] Attempting to run remotely on: [Linux-64], [GoogleChrome], [http://localhost:4444/wd/hub], Headless Execution. @03-10-2021 01:57:46.0400 AM
[ReportManager] Successfully Opened [GoogleChrome]. @03-10-2021 01:57:46.0607 AM
[ReportManager] Target URL: [https://duckduckgo.com] @03-10-2021 01:57:46.0619 AM
[ReportManager] Initial URL: [data:,] @03-10-2021 01:57:46.0665 AM
[ReportManager] Browser Action [NavigateToURL] successfully performed. With the following test data [https://duckduckgo.com]. @03-10-2021 01:57:47.0163 A

################################################################################################################################################
Starting Execution:	[66 out of 144] test cases in the current suite
Test Method:		[unitTests.tests_browserActions.refreshCurrentPage]
################################################################################################################################################
[ReportManager] Browser Action [RefreshCurrentPage] successfully performed. @03-10-2021 01:57:47.0382 AM
[ReportManager] Successfully created attachment [Browser Action Test Data - RefreshCurrentPage - Actual Value] @03-10-2021 01:57:47.0383 A
[ReportManager] Target URL: [https://duckduckgo.com] @03-10-2021 01:57:47.0385 AM
[ReportManager] Initial URL: [https://duckduckgo.com] @03-10-2021 01:57:47.0441 AM
[ReportManager] Browser Action [NavigateToURL] successfully performed. With the following test data [https://duckduckgo.com]. @03-10-2021 01:57:47.0707 AM
[ReportManager] Browser Action [CloseCurrentWindow] successfully performed. @03-10-2021 01:57:47.0808 AM
[ReportManager] Successfully created attachment [Browser Action Test Data - CloseCurrentWindow - Actual Value] @03-10-2021 01:57:47.0809 A
[ReportManager] File Action [GetAbsolutePath] successfully performed. With the following test data [Relative Folder Path: "target/downloadedFiles/"]. @03-10-2021 01:57:47.0811 AM
[ReportManager] Attempting to run remotely on: [Linux-64], [GoogleChrome], [http://localhost:4444/wd/hub], Headless Execution. @03-10-2021 01:57:47.0811 AM
[ReportManager] Successfully Opened [GoogleChrome]. @03-10-2021 01:57:48.0031 AM
[ReportManager] Target URL: [https://duckduckgo.com] @03-10-2021 01:57:48.0045 AM
[ReportManager] Initial URL: [data:,] @03-10-2021 01:57:48.0091 AM
[ReportManager] Browser Action [NavigateToURL] successfully performed. With the following test data [https://duckduckgo.com]. @03-10-2021 01:57:48.0601 A

################################################################################################################################################
Starting Execution:	[67 out of 144] test cases in the current suite
Test Method:		[unitTests.tests_browserActions.setWindowSize]
################################################################################################################################################
[ReportManager] Initial window size: (800, 600) @03-10-2021 01:57:48.0610 AM
[ReportManager] Window size after SWD: (1280, 720) @03-10-2021 01:57:48.0830 AM
[ReportManager] Browser Action [SetWindowSize] successfully performed. With the following test data [New screen size is now: (1280, 720)]. @03-10-2021 01:57:48.0830 A
[ReportManager] Target URL: [https://duckduckgo.com] @03-10-2021 01:57:48.0833 AM
[ReportManager] Initial URL: [https://duckduckgo.com] @03-10-2021 01:57:48.0909 AM
[ReportManager] Browser Action [NavigateToURL] successfully performed. With the following test data [https://duckduckgo.com]. @03-10-2021 01:57:49.0221 AM
[ReportManager] Browser Action [CloseCurrentWindow] successfully performed. @03-10-2021 01:57:49.0327 AM
[ReportManager] Successfully created attachment [Browser Action Test Data - CloseCurrentWindow - Actual Value] @03-10-2021 01:57:49.0328 A
[ReportManager] Successfully loaded the following test data file [src/test/resources/TestDataFiles/testSuite01/TestData.xlsx]. @03-10-2021 01:57:50.0014 AM
[ReportManager] Successfully created attachment [Test Data - Excel] @03-10-2021 01:57:50.0015 A

################################################################################################################################################
Starting Execution:	[68 out of 144] test cases in the current suite
Test Method:		[unitTests.tests_io_excelFileManager.getCellData_rowName_expectedToPass]
################################################################################################################################################
[ReportManager] testRowData. @03-10-2021 01:57:50.0036 A
[ReportManager] Successfully loaded the following test data file [src/test/resources/TestDataFiles/testSuite01/TestData.xlsx]. @03-10-2021 01:57:50.0091 AM
[ReportManager] Successfully created attachment [Test Data - Excel] @03-10-2021 01:57:50.0092 AM
[ReportManager] File Action [GetAbsolutePath] successfully performed. With the following test data [Relative Folder Path: "target/downloadedFiles/"]. @03-10-2021 01:57:50.0092 AM
[ReportManager] Attempting to run remotely on: [Linux-64], [GoogleChrome], [http://localhost:4444/wd/hub], Headless Execution. @03-10-2021 01:57:50.0092 AM
[ReportManager] Successfully Opened [GoogleChrome]. @03-10-2021 01:57:50.0372 A

################################################################################################################################################
Starting Execution:	[69 out of 144] test cases in the current suite
Test Method:		[testPackage01.Test_google.navigateToURLandVerifyGoogleLogoIsDisplayed]
Test Description:	[TC001 - Navigate to URL and Verify Google Logo is Displayed]
################################################################################################################################################
[ReportManager] Target URL: [https://www.google.com/ncr], and after redirection: [https://www.google.com] @03-10-2021 01:57:50.0390 AM
[ReportManager] Initial URL: [data:,] @03-10-2021 01:57:50.0429 AM
[ReportManager] Browser Action [NavigateToURL] successfully performed. With the following test data [https://www.google.com/ncr]. @03-10-2021 01:57:51.0173 AM
[ReportManager] Loaded Shared OpenCV @03-10-2021 01:57:51.0343 AM
[ReportManager] Assertion [ValidateElementExists] PASSED. Expected [Element Should Exist, locator 'By.xpath: //*[@id='hplogo' or @alt='Google']'] and Actual [Element Exists]. Comparison Type [EQUALS]. Validation Type [POSITIVE]. @03-10-2021 01:57:51.0409 AM
[ReportManager] Successfully created attachment [Screenshot - 1633226271343_navigateToURLandVerifyGoogleLogoIsDisplayed_ValidateElementExists_passed] @03-10-2021 01:57:51.0410 A

################################################################################################################################################
Starting Execution:	[70 out of 144] test cases in the current suite
Test Method:		[testPackage01.Test_google.searchForQueryandAssertResultsNumDisplayed]
Test Description:	[TC002 - Search for Query and Assert that the number of results is displayed]
################################################################################################################################################
[ReportManager] Element Action [Type] successfully performed. With the following test data [SHAFT_Engine]. @03-10-2021 01:57:51.0769 AM
[ReportManager] Element Action [KeyPress] successfully performed. With the following test data [Enter]. @03-10-2021 01:57:53.0097 AM
[ReportManager] Element Action [GetText] successfully performed. With the following test data [About 965,000 results (0.60 seconds) ]. @03-10-2021 01:57:53.0194 AM
[ReportManager] Loaded Shared OpenCV @03-10-2021 01:57:53.0339 AM
[ReportManager] Assertion [ValidateElementAttribute] PASSED. Expected [Value Should not be '' for the 'Text' attribute, element locator 'By.id: appbar'] and Actual [About 965,000 results (0.60 seconds) ]. Comparison Type [EQUALS]. Validation Type [NEGATIVE]. @03-10-2021 01:57:53.0437 AM
[ReportManager] Successfully created attachment [Screenshot - 1633226273338_searchForQueryandAssertResultsNumDisplayed_ValidateElementAttribute_passed] @03-10-2021 01:57:53.0439 A

################################################################################################################################################
Starting Execution:	[71 out of 144] test cases in the current suite
Test Method:		[testPackage01.Test_google.clickNextThrice]
Test Description:	[TC003 - Clicks the next button to make sure that the framework can scroll element into view before clicking it]
################################################################################################################################################
[ReportManager] Element Action [Click] successfully performed. With the following test data [Next]. @03-10-2021 01:57:54.0621 A
[ReportManager] Browser Action [CloseCurrentWindow] successfully performed. @03-10-2021 01:57:55.0093 AM
[ReportManager] Successfully created attachment [Browser Action Test Data - CloseCurrentWindow - Actual Value] @03-10-2021 01:57:55.0102 A

################################################################################################################################################
Starting Execution:	[72 out of 144] test cases in the current suite
Test Method:		[testPackage01.Test_testData.f]
################################################################################################################################################
[ReportManager] Successfully loaded the following test data file [src/test/resources/TestDataFiles/testSuite01/TestData.xlsx]. @03-10-2021 01:57:55.0146 AM
[ReportManager] Successfully created attachment [Test Data - Excel] @03-10-2021 01:57:55.0147 AM
[ReportManager] Last Column Number is: [3]. Zero-based. @03-10-2021 01:57:55.0147 A

################################################################################################################################################
Starting Execution:	[73 out of 144] test cases in the current suite
Test Method:		[testPackage01.Test_PDF.testPDF_Downloaded]
################################################################################################################################################
[ReportManager] File Action [DoesFileExist] successfully performed. With the following test data [File Path: "src/test/resources/TestDataFiles/sample.pdf"]. @03-10-2021 01:57:55.0155 AM
[ReportManager] File Action [GetAbsolutePath] successfully performed. With the following test data [Relative File Path: "src/test/resources/TestDataFiles/sample.pdf"]. @03-10-2021 01:57:55.0155 AM
[ReportManager] Assertion [ValidateTrue] PASSED. Expected [TRUE] and Actual [TRUE]. Validation Type [POSITIVE]. @03-10-2021 01:57:56.0375 A

################################################################################################################################################
Starting Execution:	[74 out of 144] test cases in the current suite
Test Method:		[testPackage01.Test_JSONFileManager.readStringFromJson]
################################################################################################################################################
[ReportManager] Successfully loaded the following test data file [src/test/resources/TestDataFiles/simpleJSON.json]. @03-10-2021 01:57:56.0381 AM
[ReportManager] Successfully created attachment [Test Data - JSON] @03-10-2021 01:57:56.0381 AM
[ReportManager] Assertion [ValidateEquals] PASSED. Expected [Mohab Mohie] and Actual [Mohab Mohie]. Comparison Type [EQUALS]. Validation Type [POSITIVE]. @03-10-2021 01:57:56.0421 A
[ReportManager] File Action [GetAbsolutePath] successfully performed. With the following test data [Relative Folder Path: "target/downloadedFiles/"]. @03-10-2021 01:57:56.0426 AM
[ReportManager] Attempting to run remotely on: [Linux-64], [GoogleChrome], [http://localhost:4444/wd/hub], Headless Execution. @03-10-2021 01:57:56.0426 AM
[ReportManager] Successfully Opened [GoogleChrome]. @03-10-2021 01:57:56.0626 A

################################################################################################################################################
Starting Execution:	[75 out of 144] test cases in the current suite
Test Method:		[testPackage01.Test_dragAndDrop.dragAndDropJquery]
################################################################################################################################################
[ReportManager] Target URL: [https://jqueryui.com/resources/demos/droppable/default.html] @03-10-2021 01:57:56.0640 AM
[ReportManager] Initial URL: [data:,] @03-10-2021 01:57:56.0677 AM
[ReportManager] Browser Action [NavigateToURL] successfully performed. With the following test data [https://jqueryui.com/resources/demos/droppable/default.html]. @03-10-2021 01:57:57.0042 AM
[ReportManager] Element Action [GetText] successfully performed. With the following test data [Drop here]. @03-10-2021 01:57:57.0135 AM
[ReportManager] Element Action [DragAndDrop] successfully performed. With the following test data [Start point: (8, 18), End point: (8, 18)]. @03-10-2021 01:57:58.0441 AM
[ReportManager] Element Action [GetText] successfully performed. With the following test data [Dropped!]. @03-10-2021 01:57:58.0502 AM
[ReportManager] Assertion Passed: Checking to see if the text has changed after performing drag and drop @03-10-2021 01:57:58.0503 AM
[ReportManager] Assertion [ValidateEquals] PASSED. Expected [Drop here] and Actual [Dropped!]. Comparison Type [EQUALS]. Validation Type [NEGATIVE]. @03-10-2021 01:57:58.0503 A
[ReportManager] Browser Action [CloseCurrentWindow] successfully performed. @03-10-2021 01:57:58.0613 AM
[ReportManager] Successfully created attachment [Browser Action Test Data - CloseCurrentWindow - Actual Value] @03-10-2021 01:57:58.0615 A
[ReportManager] File Action [GetAbsolutePath] successfully performed. With the following test data [Relative Folder Path: "target/downloadedFiles/"]. @03-10-2021 01:57:58.0618 AM
[ReportManager] Attempting to run remotely on: [Linux-64], [GoogleChrome], [http://localhost:4444/wd/hub], Headless Execution. @03-10-2021 01:57:58.0618 AM
[ReportManager] Successfully Opened [GoogleChrome]. @03-10-2021 01:57:58.0796 A

################################################################################################################################################
Starting Execution:	[76 out of 144] test cases in the current suite
Test Method:		[testPackage01.Test_dragAndDrop.dragAndDrop]
Test Description:	[TC001 - Test Drag and Drop function.]
################################################################################################################################################
[ReportManager] Target URL: [http://the-internet.herokuapp.com/drag_and_drop] @03-10-2021 01:57:58.0810 AM
[ReportManager] Initial URL: [data:,] @03-10-2021 01:57:58.0850 AM
[ReportManager] Browser Action [NavigateToURL] successfully performed. With the following test data [http://the-internet.herokuapp.com/drag_and_drop]. @03-10-2021 01:57:59.0240 AM
[ReportManager] Attempting Drag and Drop @03-10-2021 01:57:59.0241 AM
[ReportManager] Element Action [DragAndDrop] successfully performed. With the following test data [Start point: (32, 90), End point: (247, 90)]. @03-10-2021 01:58:00.0415 A
[ReportManager] Browser Action [CloseCurrentWindow] successfully performed. @03-10-2021 01:58:00.0510 AM
[ReportManager] Successfully created attachment [Browser Action Test Data - CloseCurrentWindow - Actual Value] @03-10-2021 01:58:00.0510 A
[ReportManager] File Action [GetAbsolutePath] successfully performed. With the following test data [Relative Folder Path: "target/downloadedFiles/"]. @03-10-2021 01:58:00.0515 AM
[ReportManager] Attempting to run remotely on: [Linux-64], [GoogleChrome], [http://localhost:4444/wd/hub], Headless Execution. @03-10-2021 01:58:00.0516 AM
[ReportManager] Successfully Opened [GoogleChrome]. @03-10-2021 01:58:00.0721 A

################################################################################################################################################
Starting Execution:	[77 out of 144] test cases in the current suite
Test Method:		[testPackage01.Test_dragAndDrop.dragAndDropByOffset]
Test Description:	[TC002 - Test Drag and Drop by offset function.]
################################################################################################################################################
[ReportManager] Target URL: [https://jqueryui.com/resources/demos/draggable/default.html] @03-10-2021 01:58:00.0733 AM
[ReportManager] Initial URL: [data:,] @03-10-2021 01:58:00.0769 AM
[ReportManager] Browser Action [NavigateToURL] successfully performed. With the following test data [https://jqueryui.com/resources/demos/draggable/default.html]. @03-10-2021 01:58:01.0121 AM
[ReportManager] Element Action [DragAndDropByOffset] successfully performed. With the following test data [Start point: (8, 8), End point: (108, 58)]. @03-10-2021 01:58:01.0279 A
[ReportManager] Browser Action [CloseCurrentWindow] successfully performed. @03-10-2021 01:58:01.0367 AM
[ReportManager] Successfully created attachment [Browser Action Test Data - CloseCurrentWindow - Actual Value] @03-10-2021 01:58:01.0367 A
[ReportManager] File Action [GetAbsolutePath] successfully performed. With the following test data [Relative Folder Path: "target/downloadedFiles/"]. @03-10-2021 01:58:01.0369 AM
[ReportManager] Attempting to run remotely on: [Linux-64], [GoogleChrome], [http://localhost:4444/wd/hub], Headless Execution. @03-10-2021 01:58:01.0369 AM
[ReportManager] Successfully Opened [GoogleChrome]. @03-10-2021 01:58:01.0570 A

################################################################################################################################################
Starting Execution:	[78 out of 144] test cases in the current suite
Test Method:		[testPackage01.Test_verifyEquals.test_assertElementAttribute]
################################################################################################################################################
[ReportManager] Target URL: [https://www.google.com/ncr], and after redirection: [https://www.google.com] @03-10-2021 01:58:01.0587 AM
[ReportManager] Initial URL: [data:,] @03-10-2021 01:58:01.0633 AM
[ReportManager] Browser Action [NavigateToURL] successfully performed. With the following test data [https://www.google.com/ncr]. @03-10-2021 01:58:02.0410 AM
[ReportManager] Element Action [Type] successfully performed. With the following test data [INC_004010050:Another SCHEDULER with the same name [Duplicate Job Name] already exists.]. @03-10-2021 01:58:03.0079 AM
[ReportManager] Element Action [GetText] successfully performed. With the following test data [INC_004010050:Another SCHEDULER with the same name [Duplicate Job Name] already exists.]. @03-10-2021 01:58:03.0175 AM
[ReportManager] Loaded Shared OpenCV @03-10-2021 01:58:03.0294 AM
[ReportManager] Verification [ValidateElementAttribute] PASSED. Expected [Value Should be 'INC_004010050:Another SCHEDULER with the same name \[Duplicate Job Name\] already exists.' for the 'text' attribute, element locator 'By.name: q'] and Actual [INC_004010050:Another SCHEDULER with the same name [Duplicate Job Name] already exists.]. Comparison Type [MATCHES]. Validation Type [POSITIVE]. @03-10-2021 01:58:03.0394 AM
[ReportManager] Successfully created attachment [Screenshot - 1633226283294_test_assertElementAttribute_ValidateElementAttribute_passed] @03-10-2021 01:58:03.0395 A
[ReportManager] Browser Action [CloseCurrentWindow] successfully performed. @03-10-2021 01:58:03.0516 AM
[ReportManager] Successfully created attachment [Browser Action Test Data - CloseCurrentWindow - Actual Value] @03-10-2021 01:58:03.0517 A
[ReportManager] Successfully loaded the following test data file [src/test/resources/TestDataFiles/testSuite01/TestData.xlsx]. @03-10-2021 01:58:03.0552 AM
[ReportManager] Successfully created attachment [Test Data - Excel] @03-10-2021 01:58:03.0553 AM
[ReportManager] Attempting to run using Playwright locally on: [Linux-64], [GoogleChrome], Headless Execution. @03-10-2021 01:58:16.0980 AM
[ReportManager] File Action [GetAbsolutePath] successfully performed. With the following test data [Relative Folder Path: "target/downloadedFiles/"]. @03-10-2021 01:58:16.0981 AM
[ReportManager] Initial window size: (1280, 720) @03-10-2021 01:58:17.0655 AM
[ReportManager] Window size after Toolkit: com.microsoft.playwright.options.ViewportSize@1b3d5354 @03-10-2021 01:58:17.0659 AM
[ReportManager] Browser Action [MaximizeWindow] successfully performed. With the following test data [New screen size is now: (1920, 1080)]. @03-10-2021 01:58:17.0668 A

################################################################################################################################################
Starting Execution:	[79 out of 144] test cases in the current suite
Test Method:		[testPackage01.Test_google_playwright.navigateToURLandVerifyGoogleLogoIsDisplayed]
Test Description:	[TC001 - Navigate to URL and Verify Google Logo is Displayed]
################################################################################################################################################
[ReportManager] Target URL: [https://www.google.com/ncr], and after redirection: [https://www.google.com] @03-10-2021 01:58:17.0675 AM
[ReportManager] Initial URL: [about:blank] @03-10-2021 01:58:18.0139 AM
[ReportManager] Browser Action [NavigateToURL] successfully performed. With the following test data [https://www.google.com/ncr]. @03-10-2021 01:58:19.0478 AM
[ReportManager] Loaded Shared OpenCV @03-10-2021 01:58:19.0706 AM
[ReportManager] Assertion [ValidateElementExists] PASSED. Expected [Element Should Exist, locator 'xpath=//*[@id='hplogo' or @alt='Google']'] and Actual [Element Exists]. Comparison Type [EQUALS]. Validation Type [POSITIVE]. @03-10-2021 01:58:19.0892 AM
[ReportManager] Successfully created attachment [Screenshot - 1633226299702_navigateToURLandVerifyGoogleLogoIsDisplayed_ValidateElementExists_passed] @03-10-2021 01:58:19.0893 A

################################################################################################################################################
Starting Execution:	[80 out of 144] test cases in the current suite
Test Method:		[testPackage01.Test_google_playwright.searchForQueryandAssertResultsNumDisplayed]
Test Description:	[TC002 - Search for Query and Assert that the number of results is displayed]
################################################################################################################################################
[ReportManager] Element Action [Type] successfully performed. With the following test data [SHAFT_Engine]. @03-10-2021 01:58:20.0162 AM
[ReportManager] Element Action [KeyPress] successfully performed. With the following test data [Enter]. @03-10-2021 01:58:20.0192 AM
[ReportManager] Element Action [GetText] successfully performed. With the following test data [About 965,000 results (0.78 seconds)]. @03-10-2021 01:58:21.0615 AM
[ReportManager] Loaded Shared OpenCV @03-10-2021 01:58:22.0849 AM
[ReportManager] Assertion [ValidateElementAttribute] PASSED. Expected [Value Should not be '' for the 'text' attribute, element locator 'xpath=//div[@id='appbar']'] and Actual [About 965,000 results (0.78 seconds)]. Comparison Type [EQUALS]. Validation Type [NEGATIVE]. @03-10-2021 01:58:23.0085 AM
[ReportManager] Successfully created attachment [Screenshot - 1633226302848_searchForQueryandAssertResultsNumDisplayed_ValidateElementAttribute_passed] @03-10-2021 01:58:23.0088 A

################################################################################################################################################
Starting Execution:	[81 out of 144] test cases in the current suite
Test Method:		[testPackage01.Test_google_playwright.clickNextThrice]
Test Description:	[TC003 - Clicks the next button to make sure that the framework can scroll element into view before clicking it]
################################################################################################################################################
[ReportManager] Element Action [Click] successfully performed. With the following test data [Next]. @03-10-2021 01:58:23.0329 A
[ReportManager] Failed to find video recording. @03-10-2021 01:58:23.0331 AM
[ReportManager] Successfully Closed PlayWright Driver. @03-10-2021 01:58:23.0379 A

################################################################################################################################################
Starting Execution:	[82 out of 144] test cases in the current suite
Test Method:		[testPackage01.Test_JsonActions.f]
###############################################################################################################################################

################################################################################################################################################
Starting Execution:	[83 out of 144] test cases in the current suite
Test Method:		[testPackage01.Test_JsonActions.f2]
###############################################################################################################################################

################################################################################################################################################
Starting Execution:	[84 out of 144] test cases in the current suite
Test Method:		[testPackage01.Test_AssertApiResponseEquals.assertApiResponseEquals_expectedToPass]
################################################################################################################################################
[ReportManager] Response status code: [200], status line: [HTTP/1.1 200 OK] @03-10-2021 01:58:23.0462 AM
[ReportManager] Assertion Passed: Evaluating the actual response status code against the expected one... @03-10-2021 01:58:23.0462 AM
[ReportManager] Assertion [ValidateEquals] PASSED. Expected [200] and Actual [200]. Comparison Type [EQUALS]. Validation Type [POSITIVE]. @03-10-2021 01:58:23.0462 AM
[ReportManager] API Action [PerformRequest] successfully performed. With the following test data [Request Type: "GET" | Target Status Code: "200" | Service URL: "https://jsonplaceholder.typicode.com/users" | Content Type: "*/*" | Response Time: "56ms"]. @03-10-2021 01:58:23.0482 AM
[ReportManager] Successfully created attachment [API Request - Specifications] @03-10-2021 01:58:23.0482 AM
[ReportManager] Successfully created attachment [API Response - JSON Body] @03-10-2021 01:58:23.0483 AM
[ReportManager] API Action [GetResponseJSONValueAsList] successfully performed. With the following test data [$]. @03-10-2021 01:58:23.0486 AM
[ReportManager] API Action [GetResponseJSONValue] successfully performed. With the following test data [name]. @03-10-2021 01:58:23.0497 AM
[ReportManager] API Action [GetResponseJSONValue] successfully performed. With the following test data [email]. @03-10-2021 01:58:23.0506 AM
[ReportManager] Verification [ValidateEquals] PASSED. Expected [Sincere@april.biz] and Actual [Sincere@april.biz]. Comparison Type [EQUALS]. Validation Type [POSITIVE]. @03-10-2021 01:58:23.0506 AM
[ReportManager] API Action [GetResponseJSONValue] successfully performed. With the following test data [username]. @03-10-2021 01:58:23.0517 AM
[ReportManager] Assertion [ValidateEquals] PASSED. Expected [Bret] and Actual [Bret]. Comparison Type [EQUALS]. Validation Type [POSITIVE]. @03-10-2021 01:58:23.0517 AM
[ReportManager] API Action [GetResponseJSONValue] successfully performed. With the following test data [name]. @03-10-2021 01:58:23.0531 AM
[ReportManager] API Action [GetResponseJSONValue] successfully performed. With the following test data [name]. @03-10-2021 01:58:23.0540 AM
[ReportManager] API Action [GetResponseJSONValue] successfully performed. With the following test data [name]. @03-10-2021 01:58:23.0547 AM
[ReportManager] API Action [GetResponseJSONValue] successfully performed. With the following test data [name]. @03-10-2021 01:58:23.0555 AM
[ReportManager] API Action [GetResponseJSONValue] successfully performed. With the following test data [name]. @03-10-2021 01:58:23.0566 AM
[ReportManager] API Action [GetResponseJSONValue] successfully performed. With the following test data [name]. @03-10-2021 01:58:23.0577 AM
[ReportManager] API Action [GetResponseJSONValue] successfully performed. With the following test data [name]. @03-10-2021 01:58:23.0585 AM
[ReportManager] API Action [GetResponseJSONValue] successfully performed. With the following test data [name]. @03-10-2021 01:58:23.0604 AM
[ReportManager] API Action [GetResponseJSONValue] successfully performed. With the following test data [name]. @03-10-2021 01:58:23.0647 A
[ReportManager] File Action [GetAbsolutePath] successfully performed. With the following test data [Relative Folder Path: "target/downloadedFiles/"]. @03-10-2021 01:58:23.0656 AM
[ReportManager] Attempting to run remotely on: [Linux-64], [GoogleChrome], [http://localhost:4444/wd/hub], Headless Execution. @03-10-2021 01:58:23.0656 AM
[ReportManager] Successfully Opened [GoogleChrome]. @03-10-2021 01:58:23.0872 A

################################################################################################################################################
Starting Execution:	[85 out of 144] test cases in the current suite
Test Method:		[testPackage01.Test_ShadowDOM.shadowdom]
################################################################################################################################################
[ReportManager] Target URL: [https://mdn.github.io/web-components-examples/popup-info-box-web-component/] @03-10-2021 01:58:23.0884 AM
[ReportManager] Initial URL: [data:,] @03-10-2021 01:58:23.0929 AM
[ReportManager] Browser Action [NavigateToURL] successfully performed. With the following test data [https://mdn.github.io/web-components-examples/popup-info-box-web-component/]. @03-10-2021 01:58:24.0164 AM
[ReportManager] Element Action [Type] successfully performed. With the following test data [Typing into SHADOW DOM...]. @03-10-2021 01:58:24.0425 AM
[ReportManager] Element Action [GetText] successfully performed. With the following test data [Typing into SHADOW DOM...]. @03-10-2021 01:58:24.0520 AM
[ReportManager] Loaded Shared OpenCV @03-10-2021 01:58:24.0638 AM
[ReportManager] Assertion [ValidateElementAttribute] PASSED. Expected [Value Should be 'Typing into SHADOW DOM...' for the 'Text' attribute, element locator 'By.id: cvc'] and Actual [Typing into SHADOW DOM...]. Comparison Type [EQUALS]. Validation Type [POSITIVE]. @03-10-2021 01:58:24.0711 AM
[ReportManager] Successfully created attachment [Screenshot - 1633226304638_shadowdom_ValidateElementAttribute_passed] @03-10-2021 01:58:24.0712 A
[ReportManager] Browser Action [CloseCurrentWindow] successfully performed. @03-10-2021 01:58:24.0798 AM
[ReportManager] Successfully created attachment [Browser Action Test Data - CloseCurrentWindow - Actual Value] @03-10-2021 01:58:24.0803 A

################################################################################################################################################
Starting Execution:	[86 out of 144] test cases in the current suite
Test Method:		[testPackage01.Test_SelectedValue.multipleSelect]
################################################################################################################################################
[ReportManager] File Action [GetAbsolutePath] successfully performed. With the following test data [Relative Folder Path: "target/downloadedFiles/"]. @03-10-2021 01:58:24.0808 AM
[ReportManager] Attempting to run remotely on: [Linux-64], [GoogleChrome], [http://localhost:4444/wd/hub], Headless Execution. @03-10-2021 01:58:24.0808 AM
[ReportManager] Successfully Opened [GoogleChrome]. @03-10-2021 01:58:24.0990 AM
[ReportManager] Target URL: [https://yari-demos.prod.mdn.mozit.cloud/en-US/docs/Web/HTML/Element/select/_sample_.Advanced_select_with_multiple_features.html] @03-10-2021 01:58:25.0007 AM
[ReportManager] Initial URL: [data:,] @03-10-2021 01:58:25.0050 AM
[ReportManager] Browser Action [NavigateToURL] successfully performed. With the following test data [https://yari-demos.prod.mdn.mozit.cloud/en-US/docs/Web/HTML/Element/select/_sample_.Advanced_select_with_multiple_features.html]. @03-10-2021 01:58:25.0331 AM
[ReportManager] Element Action [Select] successfully performed. With the following test data [Dog]. @03-10-2021 01:58:25.0542 AM
[ReportManager] Element Action [Select] successfully performed. With the following test data [Cat]. @03-10-2021 01:58:25.0750 AM
[ReportManager] Element Action [GetSelectedText] successfully performed. With the following test data [DogCat]. @03-10-2021 01:58:25.0890 AM
[ReportManager] DogCat @03-10-2021 01:58:25.0890 AM
[ReportManager] Element Action [GetSelectedText] successfully performed. With the following test data [DogCat]. @03-10-2021 01:58:26.0014 AM
[ReportManager] Loaded Shared OpenCV @03-10-2021 01:58:26.0137 AM
[ReportManager] Assertion [ValidateElementAttribute] PASSED. Expected [Value Should be 'DogCat' for the 'selectedText' attribute, element locator 'By.tagName: select'] and Actual [DogCat]. Comparison Type [EQUALS]. Validation Type [POSITIVE]. @03-10-2021 01:58:26.0195 AM
[ReportManager] Successfully created attachment [Screenshot - 1633226306137_multipleSelect_ValidateElementAttribute_passed] @03-10-2021 01:58:26.0196 AM
[ReportManager] Browser Action [CloseCurrentWindow] successfully performed. @03-10-2021 01:58:26.0290 AM
[ReportManager] Successfully created attachment [Browser Action Test Data - CloseCurrentWindow - Actual Value] @03-10-2021 01:58:26.0290 A

################################################################################################################################################
Starting Execution:	[87 out of 144] test cases in the current suite
Test Method:		[testPackage01.Test_SelectedValue.simpleSelect]
################################################################################################################################################
[ReportManager] File Action [GetAbsolutePath] successfully performed. With the following test data [Relative Folder Path: "target/downloadedFiles/"]. @03-10-2021 01:58:26.0295 AM
[ReportManager] Attempting to run remotely on: [Linux-64], [GoogleChrome], [http://localhost:4444/wd/hub], Headless Execution. @03-10-2021 01:58:26.0295 AM
[ReportManager] Successfully Opened [GoogleChrome]. @03-10-2021 01:58:26.0495 AM
[ReportManager] Target URL: [https://yari-demos.prod.mdn.mozit.cloud/en-US/docs/Web/HTML/Element/select/_sample_.Basic_select.html] @03-10-2021 01:58:26.0516 AM
[ReportManager] Initial URL: [data:,] @03-10-2021 01:58:26.0571 AM
[ReportManager] Browser Action [NavigateToURL] successfully performed. With the following test data [https://yari-demos.prod.mdn.mozit.cloud/en-US/docs/Web/HTML/Element/select/_sample_.Basic_select.html]. @03-10-2021 01:58:26.0776 AM
[ReportManager] Element Action [Select] successfully performed. With the following test data [Third Value]. @03-10-2021 01:58:27.0077 AM
[ReportManager] Element Action [GetSelectedText] successfully performed. With the following test data [Third Value]. @03-10-2021 01:58:27.0170 AM
[ReportManager] Third Value @03-10-2021 01:58:27.0170 AM
[ReportManager] Element Action [GetSelectedText] successfully performed. With the following test data [Third Value]. @03-10-2021 01:58:27.0261 AM
[ReportManager] Loaded Shared OpenCV @03-10-2021 01:58:27.0364 AM
[ReportManager] Assertion [ValidateElementAttribute] PASSED. Expected [Value Should be 'Third Value' for the 'selectedText' attribute, element locator 'By.tagName: select'] and Actual [Third Value]. Comparison Type [EQUALS]. Validation Type [POSITIVE]. @03-10-2021 01:58:27.0423 AM
[ReportManager] Successfully created attachment [Screenshot - 1633226307364_simpleSelect_ValidateElementAttribute_passed] @03-10-2021 01:58:27.0424 AM
[ReportManager] Browser Action [CloseCurrentWindow] successfully performed. @03-10-2021 01:58:27.0507 AM
[ReportManager] Successfully created attachment [Browser Action Test Data - CloseCurrentWindow - Actual Value] @03-10-2021 01:58:27.0507 A
[ReportManager] File Action [GetAbsolutePath] successfully performed. With the following test data [Relative Folder Path: "target/downloadedFiles/"]. @03-10-2021 01:58:27.0510 AM
[ReportManager] Attempting to run remotely on: [Linux-64], [GoogleChrome], [http://localhost:4444/wd/hub], Headless Execution. @03-10-2021 01:58:27.0510 AM
[ReportManager] Successfully Opened [GoogleChrome]. @03-10-2021 01:58:27.0720 A

################################################################################################################################################
Starting Execution:	[88 out of 144] test cases in the current suite
Test Method:		[testPackage01.Test_IsElementClickable.testIsElementClickable]
################################################################################################################################################
[ReportManager] Target URL: [https://the-internet.herokuapp.com/] @03-10-2021 01:58:27.0740 AM
[ReportManager] Initial URL: [data:,] @03-10-2021 01:58:27.0779 AM
[ReportManager] Browser Action [NavigateToURL] successfully performed. With the following test data [https://the-internet.herokuapp.com/]. @03-10-2021 01:58:28.0160 AM
[ReportManager] Element Action [IsElementClickable] successfully performed. @03-10-2021 01:58:28.0292 AM
[ReportManager] Assertion [ValidateTrue] PASSED. Expected [TRUE] and Actual [TRUE]. Validation Type [POSITIVE]. @03-10-2021 01:58:28.0292 A
[ReportManager] Browser Action [CloseCurrentWindow] successfully performed. @03-10-2021 01:58:28.0382 AM
[ReportManager] Successfully created attachment [Browser Action Test Data - CloseCurrentWindow - Actual Value] @03-10-2021 01:58:28.0383 A
[ReportManager] File Action [GetAbsolutePath] successfully performed. With the following test data [Relative Folder Path: "target/downloadedFiles/"]. @03-10-2021 01:58:28.0384 AM
[ReportManager] Attempting to run remotely on: [Linux-64], [GoogleChrome], [http://localhost:4444/wd/hub], Headless Execution. @03-10-2021 01:58:28.0384 AM
[ReportManager] Successfully Opened [GoogleChrome]. @03-10-2021 01:58:28.0570 A

################################################################################################################################################
Starting Execution:	[89 out of 144] test cases in the current suite
Test Method:		[testPackage01.Test_clipboardActions.typeTextAndCopyPaste]
################################################################################################################################################
[ReportManager] Target URL: [https://www.google.com/ncr], and after redirection: [https://www.google.com] @03-10-2021 01:58:28.0593 AM
[ReportManager] Initial URL: [data:,] @03-10-2021 01:58:28.0637 AM
[ReportManager] Browser Action [NavigateToURL] successfully performed. With the following test data [https://www.google.com/ncr]. @03-10-2021 01:58:29.0402 AM
[ReportManager] Element Action [Type] successfully performed. With the following test data [FIRST]. @03-10-2021 01:58:29.0723 AM
[ReportManager] Element Action [ClipboardActions] successfully performed. With the following test data [select all]. @03-10-2021 01:58:29.0788 AM
[ReportManager] Element Action [ClipboardActions] successfully performed. With the following test data [copy]. @03-10-2021 01:58:29.0832 AM
[ReportManager] Element Action [ClipboardActions] successfully performed. With the following test data [unselect]. @03-10-2021 01:58:29.0898 AM
[ReportManager] Element Action [ClipboardActions] successfully performed. With the following test data [paste]. @03-10-2021 01:58:29.0950 AM
[ReportManager] Element Action [ClipboardActions] successfully performed. With the following test data [select all]. @03-10-2021 01:58:30.0001 AM
[ReportManager] Element Action [Type] successfully performed. @03-10-2021 01:58:30.0195 AM
[ReportManager] Element Action [ClipboardActions] successfully performed. With the following test data [cut]. @03-10-2021 01:58:30.0195 AM
[ReportManager] Element Action [ClipboardActions] successfully performed. With the following test data [paste]. @03-10-2021 01:58:30.0277 AM
[ReportManager] Element Action [ClipboardActions] successfully performed. With the following test data [paste]. @03-10-2021 01:58:30.0335 A
[ReportManager] Browser Action [CloseCurrentWindow] successfully performed. @03-10-2021 01:58:30.0489 AM
[ReportManager] Successfully created attachment [Browser Action Test Data - CloseCurrentWindow - Actual Value] @03-10-2021 01:58:30.0490 A
[ReportManager] File Action [GetAbsolutePath] successfully performed. With the following test data [Relative Folder Path: "target/downloadedFiles/"]. @03-10-2021 01:58:30.0492 AM
[ReportManager] Attempting to run remotely on: [Linux-64], [GoogleChrome], [http://localhost:4444/wd/hub], Headless Execution. @03-10-2021 01:58:30.0493 AM
[ReportManager] Successfully Opened [GoogleChrome]. @03-10-2021 01:58:30.0717 A

################################################################################################################################################
Starting Execution:	[90 out of 144] test cases in the current suite
Test Method:		[testPackage01.Test_dynamicLoading.dynamicLoading_elementIsHidden]
################################################################################################################################################
[ReportManager] Target URL: [https://the-internet.herokuapp.com/dynamic_loading/1] @03-10-2021 01:58:30.0728 AM
[ReportManager] Initial URL: [data:,] @03-10-2021 01:58:30.0766 AM
[ReportManager] Browser Action [NavigateToURL] successfully performed. With the following test data [https://the-internet.herokuapp.com/dynamic_loading/1]. @03-10-2021 01:58:31.0101 AM
[ReportManager] Element Action [Click] successfully performed. With the following test data [Start]. @03-10-2021 01:58:31.0386 AM
[ReportManager] Element Action [GetText] successfully performed. With the following test data [
    Hello World!
  ]. @03-10-2021 01:58:31.0474 AM
[ReportManager] Loaded Shared OpenCV @03-10-2021 01:58:31.0614 AM
[ReportManager] Assertion [ValidateElementAttribute] PASSED. Expected [Value Should be 'Hello World!' for the 'text' attribute, element locator 'By.id: finish'] and Actual [
    Hello World!
  ]. Comparison Type [CONTAINS]. Validation Type [POSITIVE]. @03-10-2021 01:58:31.0681 AM
[ReportManager] Successfully created attachment [Screenshot - 1633226311614_dynamicLoading_elementIsHidden_ValidateElementAttribute_passed] @03-10-2021 01:58:31.0681 A
[ReportManager] Browser Action [CloseCurrentWindow] successfully performed. @03-10-2021 01:58:31.0783 AM
[ReportManager] Successfully created attachment [Browser Action Test Data - CloseCurrentWindow - Actual Value] @03-10-2021 01:58:31.0783 A
[ReportManager] File Action [GetAbsolutePath] successfully performed. With the following test data [Relative Folder Path: "target/downloadedFiles/"]. @03-10-2021 01:58:31.0785 AM
[ReportManager] Attempting to run remotely on: [Linux-64], [GoogleChrome], [http://localhost:4444/wd/hub], Headless Execution. @03-10-2021 01:58:31.0785 AM
[ReportManager] Successfully Opened [GoogleChrome]. @03-10-2021 01:58:31.0994 A

################################################################################################################################################
Starting Execution:	[91 out of 144] test cases in the current suite
Test Method:		[testPackage01.Test_dynamicLoading.dynamicLoading_elementIsRendered]
################################################################################################################################################
[ReportManager] Target URL: [https://the-internet.herokuapp.com/dynamic_loading/2] @03-10-2021 01:58:32.0008 AM
[ReportManager] Initial URL: [data:,] @03-10-2021 01:58:32.0054 AM
[ReportManager] Browser Action [NavigateToURL] successfully performed. With the following test data [https://the-internet.herokuapp.com/dynamic_loading/2]. @03-10-2021 01:58:32.0393 AM
[ReportManager] Element Action [Click] successfully performed. With the following test data [Start]. @03-10-2021 01:58:32.0663 AM
[ReportManager] Element Action [GetText] successfully performed. With the following test data [Hello World!]. @03-10-2021 01:58:37.0824 AM
[ReportManager] Loaded Shared OpenCV @03-10-2021 01:58:37.0963 AM
[ReportManager] Assertion [ValidateElementAttribute] PASSED. Expected [Value Should be 'Hello World!' for the 'text' attribute, element locator 'By.id: finish'] and Actual [Hello World!]. Comparison Type [CONTAINS]. Validation Type [POSITIVE]. @03-10-2021 01:58:38.0044 AM
[ReportManager] Successfully created attachment [Screenshot - 1633226317963_dynamicLoading_elementIsRendered_ValidateElementAttribute_passed] @03-10-2021 01:58:38.0045 A
[ReportManager] Browser Action [CloseCurrentWindow] successfully performed. @03-10-2021 01:58:38.0132 AM
[ReportManager] Successfully created attachment [Browser Action Test Data - CloseCurrentWindow - Actual Value] @03-10-2021 01:58:38.0132 A

################################################################################################################################################
Starting Execution:	[92 out of 144] test cases in the current suite
Test Method:		[testPackage01.Test_JsonCompareWithSpecialCharacters.specialCharacters]
################################################################################################################################################
[ReportManager] File Action [GetAbsolutePath] successfully performed. With the following test data [Relative Folder Path: "src/test/resources/TestJsonFiles/specialCharacters.json"]. @03-10-2021 01:58:38.0138 AM
[ReportManager] File Action [ReadFromFile] successfully performed. With the following test data [File Path: "/home/runner/work/SHAFT_ENGINE/SHAFT_ENGINE/src/test/resources/TestJsonFiles/specialCharacters.json"]. @03-10-2021 01:58:38.0145 AM
[ReportManager] Successfully created attachment [File Action Actual Result - Command Log] @03-10-2021 01:58:38.0145 AM
[ReportManager] Comparing the provided API response with the file at this path "src/test/resources/TestJsonFiles/specialCharacters.json", comparison type "EQUALS" @03-10-2021 01:58:38.0146 AM
[ReportManager] API Action [CompareJSON] successfully performed. With the following test data [src/test/resources/TestJsonFiles/specialCharacters.json]. @03-10-2021 01:58:38.0166 AM
[ReportManager] File Action [GetAbsolutePath] successfully performed. With the following test data [Relative Folder Path: "src/test/resources/TestJsonFiles/specialCharacters.json"]. @03-10-2021 01:58:38.0166 AM
[ReportManager] File Action [ReadFromFile] successfully performed. With the following test data [File Path: "/home/runner/work/SHAFT_ENGINE/SHAFT_ENGINE/src/test/resources/TestJsonFiles/specialCharacters.json"]. @03-10-2021 01:58:38.0166 AM
[ReportManager] Verification [ValidateJSONFileContent] PASSED. Expected [Response data should match the JSON File in this path 'src/test/resources/TestJsonFiles/specialCharacters.json'] and Actual [TRUE]. Comparison Type [EQUALS]. Validation Type [POSITIVE]. @03-10-2021 01:58:38.0170 AM
[ReportManager] Successfully created attachment [Validation Test Data - Expected JSON Value] @03-10-2021 01:58:38.0171 AM
[ReportManager] Successfully created attachment [Validation Test Data - Actual JSON Value] @03-10-2021 01:58:38.0171 A

################################################################################################################################################
Starting Execution:	[93 out of 144] test cases in the current suite
Test Method:		[testPackage01.Test_JsonCompareWithSpecialCharacters.specialCharacters_assertion]
################################################################################################################################################
[ReportManager] File Action [GetAbsolutePath] successfully performed. With the following test data [Relative Folder Path: "src/test/resources/TestJsonFiles/specialCharacters.json"]. @03-10-2021 01:58:38.0180 AM
[ReportManager] File Action [ReadFromFile] successfully performed. With the following test data [File Path: "/home/runner/work/SHAFT_ENGINE/SHAFT_ENGINE/src/test/resources/TestJsonFiles/specialCharacters.json"]. @03-10-2021 01:58:38.0180 AM
[ReportManager] Successfully created attachment [File Action Actual Result - Command Log] @03-10-2021 01:58:38.0181 AM
[ReportManager] Comparing the provided API response with the file at this path "src/test/resources/TestJsonFiles/specialCharacters.json", comparison type "CONTAINS" @03-10-2021 01:58:38.0182 AM
[ReportManager] API Action [CompareJSON] successfully performed. With the following test data [src/test/resources/TestJsonFiles/specialCharacters.json]. @03-10-2021 01:58:38.0199 AM
[ReportManager] File Action [GetAbsolutePath] successfully performed. With the following test data [Relative Folder Path: "src/test/resources/TestJsonFiles/specialCharacters.json"]. @03-10-2021 01:58:38.0199 AM
[ReportManager] File Action [ReadFromFile] successfully performed. With the following test data [File Path: "/home/runner/work/SHAFT_ENGINE/SHAFT_ENGINE/src/test/resources/TestJsonFiles/specialCharacters.json"]. @03-10-2021 01:58:38.0200 AM
[ReportManager] Assertion Passed: trying out the log message @03-10-2021 01:58:38.0203 AM
[ReportManager] Successfully created attachment [Validation Test Data - Expected JSON Value] @03-10-2021 01:58:38.0205 AM
[ReportManager] Successfully created attachment [Validation Test Data - Actual JSON Value] @03-10-2021 01:58:38.0205 AM
[ReportManager] Assertion [ValidateJSONFileContent] PASSED. Expected [Response data should match the JSON File in this path 'src/test/resources/TestJsonFiles/specialCharacters.json'] and Actual [TRUE]. Comparison Type [CONTAINS]. Validation Type [POSITIVE]. @03-10-2021 01:58:38.0205 A
[ReportManager] File Action [GetAbsolutePath] successfully performed. With the following test data [Relative Folder Path: "target/downloadedFiles/"]. @03-10-2021 01:58:38.0209 AM
[ReportManager] Attempting to run remotely on: [Linux-64], [GoogleChrome], [http://localhost:4444/wd/hub], Headless Execution. @03-10-2021 01:58:38.0210 AM
[ReportManager] Successfully Opened [GoogleChrome]. @03-10-2021 01:58:38.0417 A

################################################################################################################################################
Starting Execution:	[94 out of 144] test cases in the current suite
Test Method:		[testPackage01.Test_uploadFile.uploadFile_invisibleUploadInput]
################################################################################################################################################
[ReportManager] Target URL: [https://fineuploader.com/demos.html#gallery-view] @03-10-2021 01:58:38.0435 AM
[ReportManager] Initial URL: [data:,] @03-10-2021 01:58:38.0479 AM
[ReportManager] Browser Action [NavigateToURL] successfully performed. With the following test data [https://fineuploader.com/demos.html#gallery-view]. @03-10-2021 01:58:39.0673 AM
[ReportManager] File Action [GetAbsolutePath] successfully performed. With the following test data [Relative File Path: "src/main/resources/images/shaft.png"]. @03-10-2021 01:58:39.0673 AM
[ReportManager] Successfully created attachment [File Action Actual Result - Command Log] @03-10-2021 01:58:39.0673 AM
[ReportManager] Element Action [TypeFileLocationForUpload] successfully performed. With the following test data [/home/runner/work/SHAFT_ENGINE/SHAFT_ENGINE/src/main/resources/images/shaft.png]. @03-10-2021 01:58:39.0861 AM
[ReportManager] Attempting to getAttribute [src] from elementLocator [By.xpath: //div[@id='fine-uploader-gallery']//div[@class='qq-thumbnail-wrapper']/img]. @03-10-2021 01:58:39.0862 AM
[ReportManager] Element Action [GetAttribute] successfully performed. @03-10-2021 01:58:39.0957 AM
[ReportManager] Successfully created attachment [Element Action Test Data - GetAttribute - Actual Value] @03-10-2021 01:58:39.0957 AM
[ReportManager] Loaded Shared OpenCV @03-10-2021 01:58:40.0094 AM
[ReportManager] Assertion [ValidateElementAttribute] PASSED. Expected and Actual values are attached. Comparison Type [CONTAINS]. Validation Type [POSITIVE]. @03-10-2021 01:58:40.0170 AM
[ReportManager] Successfully created attachment [Validation Test Data - Expected Value] @03-10-2021 01:58:40.0170 AM
[ReportManager] Successfully created attachment [Validation Test Data - Actual Value] @03-10-2021 01:58:40.0170 AM
[ReportManager] Successfully created attachment [Screenshot - 1633226320094_uploadFile_invisibleUploadInput_ValidateElementAttribute_passed] @03-10-2021 01:58:40.0171 A
[ReportManager] Browser Action [CloseCurrentWindow] successfully performed. @03-10-2021 01:58:40.0303 AM
[ReportManager] Successfully created attachment [Browser Action Test Data - CloseCurrentWindow - Actual Value] @03-10-2021 01:58:40.0304 A
[ReportManager] File Action [GetAbsolutePath] successfully performed. With the following test data [Relative Folder Path: "target/downloadedFiles/"]. @03-10-2021 01:58:40.0307 AM
[ReportManager] Attempting to run remotely on: [Linux-64], [GoogleChrome], [http://localhost:4444/wd/hub], Headless Execution. @03-10-2021 01:58:40.0308 AM
[ReportManager] Successfully Opened [GoogleChrome]. @03-10-2021 01:58:40.0503 A

################################################################################################################################################
Starting Execution:	[95 out of 144] test cases in the current suite
Test Method:		[testPackage01.Test_uploadFile.uploadFile_visibleUploadInput]
################################################################################################################################################
[ReportManager] Target URL: [http://demo.guru99.com/test/upload/] @03-10-2021 01:58:40.0516 AM
[ReportManager] Initial URL: [data:,] @03-10-2021 01:58:40.0557 AM
[ReportManager] Browser Action [NavigateToURL] successfully performed. With the following test data [http://demo.guru99.com/test/upload/]. @03-10-2021 01:58:41.0417 AM
[ReportManager] File Action [GetAbsolutePath] successfully performed. With the following test data [Relative File Path: "src/main/resources/images/shaft.png"]. @03-10-2021 01:58:41.0417 AM
[ReportManager] Successfully created attachment [File Action Actual Result - Command Log] @03-10-2021 01:58:41.0417 AM
[ReportManager] Element Action [TypeFileLocationForUpload] successfully performed. With the following test data [/home/runner/work/SHAFT_ENGINE/SHAFT_ENGINE/src/main/resources/images/shaft.png]. @03-10-2021 01:58:41.0572 AM
[ReportManager] Element Action [Click] successfully performed. With the following test data [on]. @03-10-2021 01:58:41.0851 AM
[ReportManager] Element Action [Click] successfully performed. With the following test data [Submit File]. @03-10-2021 01:58:42.0143 AM
[ReportManager] Element Action [GetText] successfully performed. With the following test data [1 file
has been successfully uploaded.]. @03-10-2021 01:58:42.0760 AM
[ReportManager] Loaded Shared OpenCV @03-10-2021 01:58:42.0878 AM
[ReportManager] Assertion [ValidateElementAttribute] PASSED. Expected [Value Should be '1 file' for the 'Text' attribute, element locator 'By.id: res'] and Actual [1 file
has been successfully uploaded.]. Comparison Type [CONTAINS]. Validation Type [POSITIVE]. @03-10-2021 01:58:42.0943 AM
[ReportManager] Successfully created attachment [Screenshot - 1633226322878_uploadFile_visibleUploadInput_ValidateElementAttribute_passed] @03-10-2021 01:58:42.0944 A
[ReportManager] Browser Action [CloseCurrentWindow] successfully performed. @03-10-2021 01:58:43.0047 AM
[ReportManager] Successfully created attachment [Browser Action Test Data - CloseCurrentWindow - Actual Value] @03-10-2021 01:58:43.0047 A
[ReportManager] File Action [GetAbsolutePath] successfully performed. With the following test data [Relative Folder Path: "target/downloadedFiles/"]. @03-10-2021 01:58:43.0049 AM
[ReportManager] Attempting to run remotely on: [Linux-64], [GoogleChrome], [http://localhost:4444/wd/hub], Headless Execution. @03-10-2021 01:58:43.0049 AM
[ReportManager] Successfully Opened [GoogleChrome]. @03-10-2021 01:58:43.0249 A

################################################################################################################################################
Starting Execution:	[96 out of 144] test cases in the current suite
Test Method:		[testPackage01.Test_assertEquals.test_assertElementAttribute]
################################################################################################################################################
[ReportManager] Target URL: [https://www.google.com/ncr], and after redirection: [https://www.google.com] @03-10-2021 01:58:43.0264 AM
[ReportManager] Initial URL: [data:,] @03-10-2021 01:58:43.0303 AM
[ReportManager] Browser Action [NavigateToURL] successfully performed. With the following test data [https://www.google.com/ncr]. @03-10-2021 01:58:44.0041 AM
[ReportManager] Element Action [Type] successfully performed. With the following test data [INC_004010050:Another SCHEDULER with the same name [Duplicate Job Name] already exists.]. @03-10-2021 01:58:44.0707 AM
[ReportManager] Element Action [GetText] successfully performed. With the following test data [INC_004010050:Another SCHEDULER with the same name [Duplicate Job Name] already exists.]. @03-10-2021 01:58:44.0788 AM
[ReportManager] Loaded Shared OpenCV @03-10-2021 01:58:44.0893 AM
[ReportManager] Assertion [ValidateElementAttribute] PASSED. Expected [Value Should be 'INC_004010050:Another SCHEDULER with the same name \[Duplicate Job Name\] already exists.' for the 'text' attribute, element locator 'By.name: q'] and Actual [INC_004010050:Another SCHEDULER with the same name [Duplicate Job Name] already exists.]. Comparison Type [MATCHES]. Validation Type [POSITIVE]. @03-10-2021 01:58:44.0969 AM
[ReportManager] Successfully created attachment [Screenshot - 1633226324893_test_assertElementAttribute_ValidateElementAttribute_passed] @03-10-2021 01:58:44.0970 A
[ReportManager] Browser Action [CloseCurrentWindow] successfully performed. @03-10-2021 01:58:45.0087 AM
[ReportManager] Successfully created attachment [Browser Action Test Data - CloseCurrentWindow - Actual Value] @03-10-2021 01:58:45.0088 A

################################################################################################################################################
Starting Execution:	[97 out of 144] test cases in the current suite
Test Method:		[testPackage01.Test_NewValidationHelper.f1]
################################################################################################################################################
[ReportManager] Assertion Passed: Checking valid user data @03-10-2021 01:58:45.0090 AM
[ReportManager] Successfully created attachment [Validation Test Data - Expected Value] @03-10-2021 01:58:45.0090 AM
[ReportManager] Successfully created attachment [Validation Test Data - Actual Value] @03-10-2021 01:58:45.0090 AM
[ReportManager] Assertion [ValidateEquals] PASSED. Expected and Actual values are attached. Comparison Type [EQUALS]. Validation Type [POSITIVE]. @03-10-2021 01:58:45.0091 A
[ReportManager] File Action [GetAbsolutePath] successfully performed. With the following test data [Relative Folder Path: "target/downloadedFiles/"]. @03-10-2021 01:58:45.0092 AM
[ReportManager] Attempting to run remotely on: [Linux-64], [GoogleChrome], [http://localhost:4444/wd/hub], Headless Execution. @03-10-2021 01:58:45.0098 AM
[ReportManager] Successfully Opened [GoogleChrome]. @03-10-2021 01:58:45.0290 AM
[ReportManager] Target URL: [https://the-internet.herokuapp.com/] @03-10-2021 01:58:45.0299 AM
[ReportManager] Initial URL: [data:,] @03-10-2021 01:58:45.0336 AM
[ReportManager] Browser Action [NavigateToURL] successfully performed. With the following test data [https://the-internet.herokuapp.com/]. @03-10-2021 01:58:45.0710 A

################################################################################################################################################
Starting Execution:	[98 out of 144] test cases in the current suite
Test Method:		[testPackage01.Test_NewValidationHelper.f10]
################################################################################################################################################
[ReportManager] Assertion [ValidateElementExists] FAILED. Expected [Element Should Exist, locator 'By.tagName: div'] and Actual [Element Exists but is not unique]. Comparison Type [EQUALS]. Validation Type [POSITIVE]. @03-10-2021 01:58:45.0941 AM
[ReportManager] Successfully created attachment [Screenshot - 1633226325885_f10_ValidateElementExists_failed] @03-10-2021 01:58:45.0942 A
[ReportManager] Successfully Closed All Drivers. @03-10-2021 01:58:46.0014 A
[ReportManager] File Action [GetAbsolutePath] successfully performed. With the following test data [Relative Folder Path: "target/downloadedFiles/"]. @03-10-2021 01:58:46.0016 AM
[ReportManager] Attempting to run remotely on: [Linux-64], [GoogleChrome], [http://localhost:4444/wd/hub], Headless Execution. @03-10-2021 01:58:46.0016 AM
[ReportManager] Successfully Opened [GoogleChrome]. @03-10-2021 01:58:46.0227 AM
[ReportManager] Target URL: [https://the-internet.herokuapp.com/] @03-10-2021 01:58:46.0237 AM
[ReportManager] Initial URL: [data:,] @03-10-2021 01:58:46.0276 AM
[ReportManager] Browser Action [NavigateToURL] successfully performed. With the following test data [https://the-internet.herokuapp.com/]. @03-10-2021 01:58:46.0642 A

################################################################################################################################################
Starting Execution:	[99 out of 144] test cases in the current suite
Test Method:		[testPackage01.Test_NewValidationHelper.f11]
################################################################################################################################################
[ReportManager] Assertion Passed: Checking that false tag doesn't exist @03-10-2021 01:58:57.0011 AM
[ReportManager] Successfully created attachment [Screenshot - 1633226336953_f11_ValidateElementExists_passed] @03-10-2021 01:58:57.0012 AM
[ReportManager] Assertion [ValidateElementExists] PASSED. Expected [Element Should not Exist, locator 'By.tagName: h3'] and Actual [Element Doesn't Exists]. Comparison Type [EQUALS]. Validation Type [NEGATIVE]. @03-10-2021 01:58:57.0012 A
[ReportManager] Successfully Closed All Drivers. @03-10-2021 01:58:57.0084 A
[ReportManager] File Action [GetAbsolutePath] successfully performed. With the following test data [Relative Folder Path: "target/downloadedFiles/"]. @03-10-2021 01:58:57.0088 AM
[ReportManager] Attempting to run remotely on: [Linux-64], [GoogleChrome], [http://localhost:4444/wd/hub], Headless Execution. @03-10-2021 01:58:57.0089 AM
[ReportManager] Successfully Opened [GoogleChrome]. @03-10-2021 01:58:57.0294 AM
[ReportManager] Target URL: [https://the-internet.herokuapp.com/] @03-10-2021 01:58:57.0305 AM
[ReportManager] Initial URL: [data:,] @03-10-2021 01:58:57.0339 AM
[ReportManager] Browser Action [NavigateToURL] successfully performed. With the following test data [https://the-internet.herokuapp.com/]. @03-10-2021 01:58:57.0732 A

################################################################################################################################################
Starting Execution:	[100 out of 144] test cases in the current suite
Test Method:		[testPackage01.Test_NewValidationHelper.f12]
################################################################################################################################################
[ReportManager] Loaded Shared OpenCV @03-10-2021 01:58:57.0918 AM
[ReportManager] Assertion [ValidateElementExists] FAILED. Expected [Element Should not Exist, locator 'By.tagName: h1'] and Actual [Element Exists]. Comparison Type [EQUALS]. Validation Type [NEGATIVE]. @03-10-2021 01:58:57.0988 AM
[ReportManager] Successfully created attachment [Screenshot - 1633226337918_f12_ValidateElementExists_failed] @03-10-2021 01:58:57.0989 A
[ReportManager] Successfully Closed All Drivers. @03-10-2021 01:58:58.0061 A
[ReportManager] File Action [GetAbsolutePath] successfully performed. With the following test data [Relative Folder Path: "target/downloadedFiles/"]. @03-10-2021 01:58:58.0063 AM
[ReportManager] Attempting to run remotely on: [Linux-64], [GoogleChrome], [http://localhost:4444/wd/hub], Headless Execution. @03-10-2021 01:58:58.0063 AM
[ReportManager] Successfully Opened [GoogleChrome]. @03-10-2021 01:58:58.0240 AM
[ReportManager] Target URL: [https://the-internet.herokuapp.com/] @03-10-2021 01:58:58.0252 AM
[ReportManager] Initial URL: [data:,] @03-10-2021 01:58:58.0292 AM
[ReportManager] Browser Action [NavigateToURL] successfully performed. With the following test data [https://the-internet.herokuapp.com/]. @03-10-2021 01:58:58.0630 A

################################################################################################################################################
Starting Execution:	[101 out of 144] test cases in the current suite
Test Method:		[testPackage01.Test_NewValidationHelper.f13]
################################################################################################################################################
[ReportManager] Assertion [ValidateElementExists] FAILED. Expected [Element Should not Exist, locator 'By.tagName: div'] and Actual [Element Exists but is not unique]. Comparison Type [EQUALS]. Validation Type [NEGATIVE]. @03-10-2021 01:58:58.0866 AM
[ReportManager] Successfully created attachment [Screenshot - 1633226338806_f13_ValidateElementExists_failed] @03-10-2021 01:58:58.0867 A
[ReportManager] Successfully Closed All Drivers. @03-10-2021 01:58:58.0942 A
[ReportManager] File Action [GetAbsolutePath] successfully performed. With the following test data [Relative Folder Path: "target/downloadedFiles/"]. @03-10-2021 01:58:58.0943 AM
[ReportManager] Attempting to run remotely on: [Linux-64], [GoogleChrome], [http://localhost:4444/wd/hub], Headless Execution. @03-10-2021 01:58:58.0944 AM
[ReportManager] Successfully Opened [GoogleChrome]. @03-10-2021 01:58:59.0140 AM
[ReportManager] Target URL: [https://the-internet.herokuapp.com/] @03-10-2021 01:58:59.0157 AM
[ReportManager] Initial URL: [data:,] @03-10-2021 01:58:59.0193 AM
[ReportManager] Browser Action [NavigateToURL] successfully performed. With the following test data [https://the-internet.herokuapp.com/]. @03-10-2021 01:58:59.0526 A

################################################################################################################################################
Starting Execution:	[102 out of 144] test cases in the current suite
Test Method:		[testPackage01.Test_NewValidationHelper.f14]
################################################################################################################################################
[ReportManager] Element Action [GetText] successfully performed. With the following test data [Welcome to the-internet]. @03-10-2021 01:58:59.0608 AM
[ReportManager] Loaded Shared OpenCV @03-10-2021 01:58:59.0736 AM
[ReportManager] Assertion Passed: Asserting that the header text is correct @03-10-2021 01:58:59.0805 AM
[ReportManager] Successfully created attachment [Screenshot - 1633226339736_f14_ValidateElementAttribute_passed] @03-10-2021 01:58:59.0807 AM
[ReportManager] Assertion [ValidateElementAttribute] PASSED. Expected [Value Should be 'Welcome to the-internet' for the 'text' attribute, element locator 'By.tagName: h1'] and Actual [Welcome to the-internet]. Comparison Type [EQUALS]. Validation Type [POSITIVE]. @03-10-2021 01:58:59.0807 A
[ReportManager] Successfully Closed All Drivers. @03-10-2021 01:58:59.0875 A
[ReportManager] File Action [GetAbsolutePath] successfully performed. With the following test data [Relative Folder Path: "target/downloadedFiles/"]. @03-10-2021 01:58:59.0877 AM
[ReportManager] Attempting to run remotely on: [Linux-64], [GoogleChrome], [http://localhost:4444/wd/hub], Headless Execution. @03-10-2021 01:58:59.0877 AM
[ReportManager] Successfully Opened [GoogleChrome]. @03-10-2021 01:59:00.0053 AM
[ReportManager] Target URL: [https://the-internet.herokuapp.com/] @03-10-2021 01:59:00.0063 AM
[ReportManager] Initial URL: [data:,] @03-10-2021 01:59:00.0105 AM
[ReportManager] Browser Action [NavigateToURL] successfully performed. With the following test data [https://the-internet.herokuapp.com/]. @03-10-2021 01:59:00.0443 A

################################################################################################################################################
Starting Execution:	[103 out of 144] test cases in the current suite
Test Method:		[testPackage01.Test_NewValidationHelper.f15]
################################################################################################################################################
[ReportManager] Element Action [GetText] successfully performed. With the following test data [Welcome to the-internet]. @03-10-2021 01:59:00.0523 AM
[ReportManager] Loaded Shared OpenCV @03-10-2021 01:59:00.0690 AM
[ReportManager] Assertion [ValidateElementAttribute] FAILED. Expected [Value Should not be 'Welcome' for the 'text' attribute, element locator 'By.tagName: h1'] and Actual [Welcome to the-internet]. Comparison Type [CONTAINS]. Validation Type [NEGATIVE]. @03-10-2021 01:59:00.0773 AM
[ReportManager] Successfully created attachment [Screenshot - 1633226340690_f15_ValidateElementAttribute_failed] @03-10-2021 01:59:00.0775 A
[ReportManager] Successfully Closed All Drivers. @03-10-2021 01:59:00.0847 A
[ReportManager] File Action [GetAbsolutePath] successfully performed. With the following test data [Relative Folder Path: "target/downloadedFiles/"]. @03-10-2021 01:59:00.0849 AM
[ReportManager] Attempting to run remotely on: [Linux-64], [GoogleChrome], [http://localhost:4444/wd/hub], Headless Execution. @03-10-2021 01:59:00.0850 AM
[ReportManager] Successfully Opened [GoogleChrome]. @03-10-2021 01:59:01.0047 AM
[ReportManager] Target URL: [https://the-internet.herokuapp.com/] @03-10-2021 01:59:01.0060 AM
[ReportManager] Initial URL: [data:,] @03-10-2021 01:59:01.0101 AM
[ReportManager] Browser Action [NavigateToURL] successfully performed. With the following test data [https://the-internet.herokuapp.com/]. @03-10-2021 01:59:01.0460 A

################################################################################################################################################
Starting Execution:	[104 out of 144] test cases in the current suite
Test Method:		[testPackage01.Test_NewValidationHelper.f16]
################################################################################################################################################
[ReportManager] Element Action [IdentifyUniqueElement] failed. With the following test data [zero elements found matching this locator "By.tagName: h3".]. @03-10-2021 01:59:26.0986 AM
[ReportManager] Successfully created attachment [Screenshot - 1633226366931_f16_IdentifyUniqueElement_failed] @03-10-2021 01:59:26.0987 AM
[ReportManager] Assertion [ValidateElementAttribute] FAILED. Expected [Value Should not be 'Welcome' for the 'text' attribute, element locator 'By.tagName: h3'] and Actual [Failed to read the desired element attribute]. Comparison Type [CONTAINS]. Validation Type [NEGATIVE]. @03-10-2021 01:59:26.0987 A
[ReportManager] Successfully Closed All Drivers. @03-10-2021 01:59:27.0065 A
[ReportManager] File Action [GetAbsolutePath] successfully performed. With the following test data [Relative Folder Path: "target/downloadedFiles/"]. @03-10-2021 01:59:27.0067 AM
[ReportManager] Attempting to run remotely on: [Linux-64], [GoogleChrome], [http://localhost:4444/wd/hub], Headless Execution. @03-10-2021 01:59:27.0068 AM
[ReportManager] Successfully Opened [GoogleChrome]. @03-10-2021 01:59:27.0271 AM
[ReportManager] Target URL: [https://the-internet.herokuapp.com/] @03-10-2021 01:59:27.0280 AM
[ReportManager] Initial URL: [data:,] @03-10-2021 01:59:27.0316 AM
[ReportManager] Browser Action [NavigateToURL] successfully performed. With the following test data [https://the-internet.herokuapp.com/]. @03-10-2021 01:59:27.0688 A

################################################################################################################################################
Starting Execution:	[105 out of 144] test cases in the current suite
Test Method:		[testPackage01.Test_NewValidationHelper.f17]
################################################################################################################################################
[ReportManager] Attempting to getAttribute [text2] from elementLocator [By.tagName: h1]. @03-10-2021 01:59:27.0695 AM
[ReportManager] Element Action [GetAttribute] successfully performed. @03-10-2021 01:59:27.0765 AM
[ReportManager] Loaded Shared OpenCV @03-10-2021 01:59:27.0900 AM
[ReportManager] Assertion [ValidateElementAttribute] PASSED. Expected [Value Should not be 'Welcome' for the 'text2' attribute, element locator 'By.tagName: h1'] and Actual [null]. Comparison Type [CONTAINS]. Validation Type [NEGATIVE]. @03-10-2021 01:59:27.0971 AM
[ReportManager] Successfully created attachment [Screenshot - 1633226367900_f17_ValidateElementAttribute_passed] @03-10-2021 01:59:27.0972 A
[ReportManager] Successfully Closed All Drivers. @03-10-2021 01:59:28.0046 A
[ReportManager] File Action [GetAbsolutePath] successfully performed. With the following test data [Relative Folder Path: "target/downloadedFiles/"]. @03-10-2021 01:59:28.0052 AM
[ReportManager] Attempting to run remotely on: [Linux-64], [GoogleChrome], [http://localhost:4444/wd/hub], Headless Execution. @03-10-2021 01:59:28.0052 AM
[ReportManager] Successfully Opened [GoogleChrome]. @03-10-2021 01:59:28.0274 AM
[ReportManager] Target URL: [https://the-internet.herokuapp.com/] @03-10-2021 01:59:28.0283 AM
[ReportManager] Initial URL: [data:,] @03-10-2021 01:59:28.0318 AM
[ReportManager] Browser Action [NavigateToURL] successfully performed. With the following test data [https://the-internet.herokuapp.com/]. @03-10-2021 01:59:28.0652 A

################################################################################################################################################
Starting Execution:	[106 out of 144] test cases in the current suite
Test Method:		[testPackage01.Test_NewValidationHelper.f18]
################################################################################################################################################
[ReportManager] Element Action [GetText] successfully performed. With the following test data [Welcome to the-internet]. @03-10-2021 01:59:28.0740 AM
[ReportManager] Loaded Shared OpenCV @03-10-2021 01:59:28.0867 AM
[ReportManager] Assertion [ValidateElementAttribute] PASSED. Expected [Value Should not be 'no' for the 'text' attribute, element locator 'By.tagName: h1'] and Actual [Welcome to the-internet]. Comparison Type [CONTAINS]. Validation Type [NEGATIVE]. @03-10-2021 01:59:28.0935 AM
[ReportManager] Successfully created attachment [Screenshot - 1633226368867_f18_ValidateElementAttribute_passed] @03-10-2021 01:59:28.0936 A
[ReportManager] Successfully Closed All Drivers. @03-10-2021 01:59:29.0009 A
[ReportManager] File Action [GetAbsolutePath] successfully performed. With the following test data [Relative Folder Path: "target/downloadedFiles/"]. @03-10-2021 01:59:29.0011 AM
[ReportManager] Attempting to run remotely on: [Linux-64], [GoogleChrome], [http://localhost:4444/wd/hub], Headless Execution. @03-10-2021 01:59:29.0011 AM
[ReportManager] Successfully Opened [GoogleChrome]. @03-10-2021 01:59:29.0214 AM
[ReportManager] Target URL: [https://the-internet.herokuapp.com/] @03-10-2021 01:59:29.0223 AM
[ReportManager] Initial URL: [data:,] @03-10-2021 01:59:29.0261 AM
[ReportManager] Browser Action [NavigateToURL] successfully performed. With the following test data [https://the-internet.herokuapp.com/]. @03-10-2021 01:59:29.0589 A

################################################################################################################################################
Starting Execution:	[107 out of 144] test cases in the current suite
Test Method:		[testPackage01.Test_NewValidationHelper.f19]
################################################################################################################################################
[ReportManager] Element Action [GetTagName] successfully performed. With the following test data [h1]. @03-10-2021 01:59:29.0659 AM
[ReportManager] Loaded Shared OpenCV @03-10-2021 01:59:29.0784 AM
[ReportManager] Assertion [ValidateElementAttribute] PASSED. Expected [Value Should be 'h' for the 'tagname' attribute, element locator 'By.tagName: h1'] and Actual [h1]. Comparison Type [CONTAINS]. Validation Type [POSITIVE]. @03-10-2021 01:59:29.0862 AM
[ReportManager] Successfully created attachment [Screenshot - 1633226369784_f19_ValidateElementAttribute_passed] @03-10-2021 01:59:29.0863 A
[ReportManager] Successfully Closed All Drivers. @03-10-2021 01:59:29.0942 A

################################################################################################################################################
Starting Execution:	[108 out of 144] test cases in the current suite
Test Method:		[testPackage01.Test_NewValidationHelper.f2]
################################################################################################################################################
[ReportManager] Assertion Failed: Checking valid user data @03-10-2021 01:59:29.0946 AM
[ReportManager] Assertion [ValidateEquals] FAILED. Expected [1] and Actual [2]. Comparison Type [EQUALS]. Validation Type [POSITIVE]. @03-10-2021 01:59:29.0946 A
[ReportManager] File Action [GetAbsolutePath] successfully performed. With the following test data [Relative Folder Path: "target/downloadedFiles/"]. @03-10-2021 01:59:29.0953 AM
[ReportManager] Attempting to run remotely on: [Linux-64], [GoogleChrome], [http://localhost:4444/wd/hub], Headless Execution. @03-10-2021 01:59:29.0953 AM
[ReportManager] Successfully Opened [GoogleChrome]. @03-10-2021 01:59:30.0144 AM
[ReportManager] Target URL: [https://the-internet.herokuapp.com/] @03-10-2021 01:59:30.0155 AM
[ReportManager] Initial URL: [data:,] @03-10-2021 01:59:30.0191 AM
[ReportManager] Browser Action [NavigateToURL] successfully performed. With the following test data [https://the-internet.herokuapp.com/]. @03-10-2021 01:59:30.0528 A

################################################################################################################################################
Starting Execution:	[109 out of 144] test cases in the current suite
Test Method:		[testPackage01.Test_NewValidationHelper.f20]
################################################################################################################################################
[ReportManager] Element Action [GetSize] successfully performed. With the following test data [(755, 61)]. @03-10-2021 01:59:30.0604 AM
[ReportManager] Loaded Shared OpenCV @03-10-2021 01:59:30.0730 AM
[ReportManager] Assertion [ValidateElementAttribute] PASSED. Expected [Value Should not be 'a' for the 'size' attribute, element locator 'By.tagName: h1'] and Actual [(755, 61)]. Comparison Type [CONTAINS]. Validation Type [NEGATIVE]. @03-10-2021 01:59:30.0797 AM
[ReportManager] Successfully created attachment [Screenshot - 1633226370730_f20_ValidateElementAttribute_passed] @03-10-2021 01:59:30.0798 A
[ReportManager] Successfully Closed All Drivers. @03-10-2021 01:59:30.0872 A
[ReportManager] File Action [GetAbsolutePath] successfully performed. With the following test data [Relative Folder Path: "target/downloadedFiles/"]. @03-10-2021 01:59:30.0873 AM
[ReportManager] Attempting to run remotely on: [Linux-64], [GoogleChrome], [http://localhost:4444/wd/hub], Headless Execution. @03-10-2021 01:59:30.0874 AM
[ReportManager] Successfully Opened [GoogleChrome]. @03-10-2021 01:59:31.0049 AM
[ReportManager] Target URL: [https://the-internet.herokuapp.com/] @03-10-2021 01:59:31.0060 AM
[ReportManager] Initial URL: [data:,] @03-10-2021 01:59:31.0105 AM
[ReportManager] Browser Action [NavigateToURL] successfully performed. With the following test data [https://the-internet.herokuapp.com/]. @03-10-2021 01:59:31.0435 A

################################################################################################################################################
Starting Execution:	[110 out of 144] test cases in the current suite
Test Method:		[testPackage01.Test_NewValidationHelper.f21]
################################################################################################################################################
[ReportManager] Element Action [IdentifyUniqueElement] failed. With the following test data [zero elements found matching this locator "By.tagName: h3".]. @03-10-2021 01:59:56.0981 AM
[ReportManager] Successfully created attachment [Screenshot - 1633226396919_f21_IdentifyUniqueElement_failed] @03-10-2021 01:59:56.0982 AM
[ReportManager] Assertion [ValidateElementAttribute] FAILED. Expected [Value Should be 'Welcome' for the 'text' attribute, element locator 'By.tagName: h3'] and Actual [Failed to read the desired element attribute]. Comparison Type [CONTAINS]. Validation Type [POSITIVE]. @03-10-2021 01:59:56.0982 A
[ReportManager] Successfully Closed All Drivers. @03-10-2021 01:59:57.0055 A
[ReportManager] File Action [GetAbsolutePath] successfully performed. With the following test data [Relative Folder Path: "target/downloadedFiles/"]. @03-10-2021 01:59:57.0057 AM
[ReportManager] Attempting to run remotely on: [Linux-64], [GoogleChrome], [http://localhost:4444/wd/hub], Headless Execution. @03-10-2021 01:59:57.0057 AM
[ReportManager] Successfully Opened [GoogleChrome]. @03-10-2021 01:59:57.0246 AM
[ReportManager] Target URL: [https://the-internet.herokuapp.com/] @03-10-2021 01:59:57.0262 AM
[ReportManager] Initial URL: [data:,] @03-10-2021 01:59:57.0299 AM
[ReportManager] Browser Action [NavigateToURL] successfully performed. With the following test data [https://the-internet.herokuapp.com/]. @03-10-2021 01:59:57.0654 A

################################################################################################################################################
Starting Execution:	[111 out of 144] test cases in the current suite
Test Method:		[testPackage01.Test_NewValidationHelper.f22]
################################################################################################################################################
[ReportManager] Element Action [GetText] successfully performed. With the following test data [Welcome to the-internet]. @03-10-2021 01:59:57.0734 AM
[ReportManager] Loaded Shared OpenCV @03-10-2021 01:59:57.0864 AM
[ReportManager] Assertion [ValidateElementAttribute] FAILED. Expected [Value Should be 'yyy' for the 'text' attribute, element locator 'By.tagName: h1'] and Actual [Welcome to the-internet]. Comparison Type [CONTAINS]. Validation Type [POSITIVE]. @03-10-2021 01:59:57.0931 AM
[ReportManager] Successfully created attachment [Screenshot - 1633226397864_f22_ValidateElementAttribute_failed] @03-10-2021 01:59:57.0932 A
[ReportManager] Successfully Closed All Drivers. @03-10-2021 01:59:58.0005 A

################################################################################################################################################
Starting Execution:	[112 out of 144] test cases in the current suite
Test Method:		[testPackage01.Test_NewValidationHelper.f23]
################################################################################################################################################
[ReportManager] Assertion Passed: confirming that the actual is greater than or equal to the expected @03-10-2021 01:59:58.0009 AM
[ReportManager] Assertion [ValidateComparativeRelation] PASSED. Expected [1] and Actual [1]. Comparison Type [GREATER_THAN_OR_EQUALS]. Validation Type [POSITIVE]. @03-10-2021 01:59:58.0009 A

################################################################################################################################################
Starting Execution:	[113 out of 144] test cases in the current suite
Test Method:		[testPackage01.Test_NewValidationHelper.f24]
################################################################################################################################################
[ReportManager] Assertion [ValidateComparativeRelation] PASSED. Expected [1] and Actual [10]. Comparison Type [GREATER_THAN_OR_EQUALS]. Validation Type [POSITIVE]. @03-10-2021 01:59:58.0011 A

################################################################################################################################################
Starting Execution:	[114 out of 144] test cases in the current suite
Test Method:		[testPackage01.Test_NewValidationHelper.f25]
################################################################################################################################################
[ReportManager] Assertion [ValidateComparativeRelation] PASSED. Expected [1] and Actual [1]. Comparison Type [EQUALS]. Validation Type [POSITIVE]. @03-10-2021 01:59:58.0013 A

################################################################################################################################################
Starting Execution:	[115 out of 144] test cases in the current suite
Test Method:		[testPackage01.Test_NewValidationHelper.f26]
################################################################################################################################################
[ReportManager] Assertion [ValidateComparativeRelation] PASSED. Expected [1] and Actual [5]. Comparison Type [GREATER_THAN]. Validation Type [POSITIVE]. @03-10-2021 01:59:58.0015 A

################################################################################################################################################
Starting Execution:	[116 out of 144] test cases in the current suite
Test Method:		[testPackage01.Test_NewValidationHelper.f27]
################################################################################################################################################
[ReportManager] Assertion [ValidateComparativeRelation] PASSED. Expected [11] and Actual [5]. Comparison Type [LESS_THAN]. Validation Type [POSITIVE]. @03-10-2021 01:59:58.0017 A

################################################################################################################################################
Starting Execution:	[117 out of 144] test cases in the current suite
Test Method:		[testPackage01.Test_NewValidationHelper.f28]
################################################################################################################################################
[ReportManager] Assertion [ValidateComparativeRelation] PASSED. Expected [11] and Actual [5]. Comparison Type [LESS_THAN_OR_EQUALS]. Validation Type [POSITIVE]. @03-10-2021 01:59:58.0019 A

################################################################################################################################################
Starting Execution:	[118 out of 144] test cases in the current suite
Test Method:		[testPackage01.Test_NewValidationHelper.f29]
################################################################################################################################################
[ReportManager] Assertion [ValidateComparativeRelation] PASSED. Expected [11] and Actual [11]. Comparison Type [LESS_THAN_OR_EQUALS]. Validation Type [POSITIVE]. @03-10-2021 01:59:58.0020 A

################################################################################################################################################
Starting Execution:	[119 out of 144] test cases in the current suite
Test Method:		[testPackage01.Test_NewValidationHelper.f3]
################################################################################################################################################
[ReportManager] Assertion [ValidateEquals] PASSED. Expected [1] and Actual [2]. Comparison Type [EQUALS]. Validation Type [NEGATIVE]. @03-10-2021 01:59:58.0022 A

################################################################################################################################################
Starting Execution:	[120 out of 144] test cases in the current suite
Test Method:		[testPackage01.Test_NewValidationHelper.f30]
################################################################################################################################################
[ReportManager] Assertion [ValidateComparativeRelation] FAILED. Expected [-9] and Actual [11]. Comparison Type [LESS_THAN_OR_EQUALS]. Validation Type [POSITIVE]. @03-10-2021 01:59:58.0032 A

################################################################################################################################################
Starting Execution:	[121 out of 144] test cases in the current suite
Test Method:		[testPackage01.Test_NewValidationHelper.f31]
################################################################################################################################################
[ReportManager] Assertion [ValidateTrue] PASSED. Expected [TRUE] and Actual [TRUE]. Validation Type [POSITIVE]. @03-10-2021 01:59:58.0034 A

################################################################################################################################################
Starting Execution:	[122 out of 144] test cases in the current suite
Test Method:		[testPackage01.Test_NewValidationHelper.f32]
################################################################################################################################################
[ReportManager] Assertion [ValidateTrue] PASSED. Expected [FALSE] and Actual [FALSE]. Validation Type [NEGATIVE]. @03-10-2021 01:59:58.0037 A

################################################################################################################################################
Starting Execution:	[123 out of 144] test cases in the current suite
Test Method:		[testPackage01.Test_NewValidationHelper.f33]
################################################################################################################################################
[ReportManager] Assertion [ValidateTrue] FAILED. Expected [FALSE] and Actual [TRUE]. Validation Type [NEGATIVE]. @03-10-2021 01:59:58.0040 A

################################################################################################################################################
Starting Execution:	[124 out of 144] test cases in the current suite
Test Method:		[testPackage01.Test_NewValidationHelper.f34]
################################################################################################################################################
[ReportManager] Assertion [ValidateTrue] FAILED. Expected [TRUE] and Actual [FALSE]. Validation Type [POSITIVE]. @03-10-2021 01:59:58.0042 A

################################################################################################################################################
Starting Execution:	[125 out of 144] test cases in the current suite
Test Method:		[testPackage01.Test_NewValidationHelper.f35]
################################################################################################################################################
[ReportManager] File Action [DoesFileExist] successfully performed. With the following test data [File Path: "pom.xml"]. @03-10-2021 01:59:58.0044 AM
[ReportManager] Assertion [ValidateFileExists] PASSED. Expected [File 'pom.xml' should exist, after up to '1' retries] and Actual [File exists]. Validation Type [POSITIVE]. @03-10-2021 01:59:58.0044 A

################################################################################################################################################
Starting Execution:	[126 out of 144] test cases in the current suite
Test Method:		[testPackage01.Test_NewValidationHelper.f36]
################################################################################################################################################
[ReportManager] File Action [DoesFileExist] successfully performed. With the following test data [File Path: "src/test/java/testPackage01/Test_NewValidationHelper.java"]. @03-10-2021 01:59:58.0045 AM
[ReportManager] Assertion [ValidateFileExists] PASSED. Expected [File 'src/test/java/testPackage01/Test_NewValidationHelper.java' should exist, after up to '1' retries] and Actual [File exists]. Validation Type [POSITIVE]. @03-10-2021 01:59:58.0046 A

################################################################################################################################################
Starting Execution:	[127 out of 144] test cases in the current suite
Test Method:		[testPackage01.Test_NewValidationHelper.f37]
################################################################################################################################################
[ReportManager] File Action [DoesFileExist] successfully performed. With the following test data [File Path: "pom.xml"]. @03-10-2021 01:59:58.0047 AM
[ReportManager] Assertion Failed: confirming that the file does't exist after 5 retries @03-10-2021 01:59:58.0047 AM
[ReportManager] Assertion [ValidateFileExists] FAILED. Expected [File 'pom.xml' should not exist, after up to '5' retries] and Actual [File exists]. Validation Type [NEGATIVE]. @03-10-2021 01:59:58.0047 A

################################################################################################################################################
Starting Execution:	[128 out of 144] test cases in the current suite
Test Method:		[testPackage01.Test_NewValidationHelper.f3_1]
################################################################################################################################################
[ReportManager] Assertion Passed: Checking valid user data @03-10-2021 01:59:58.0057 AM
[ReportManager] Assertion [ValidateEquals] PASSED. Expected [null] and Actual [null]. Comparison Type [EQUALS]. Validation Type [POSITIVE]. @03-10-2021 01:59:58.0057 A

################################################################################################################################################
Starting Execution:	[129 out of 144] test cases in the current suite
Test Method:		[testPackage01.Test_NewValidationHelper.f4]
################################################################################################################################################
[ReportManager] Assertion [ValidateEquals] PASSED. Expected [1] and Actual [123]. Comparison Type [CONTAINS]. Validation Type [POSITIVE]. @03-10-2021 01:59:58.0060 A

################################################################################################################################################
Starting Execution:	[130 out of 144] test cases in the current suite
Test Method:		[testPackage01.Test_NewValidationHelper.f5]
################################################################################################################################################
[ReportManager] Assertion [ValidateNull] PASSED. Expected [NULL] and Actual [1]. Comparison Type [EQUALS]. Validation Type [NEGATIVE]. @03-10-2021 01:59:58.0062 A

################################################################################################################################################
Starting Execution:	[131 out of 144] test cases in the current suite
Test Method:		[testPackage01.Test_NewValidationHelper.f6]
################################################################################################################################################
[ReportManager] Assertion Failed: Making sure that null string is not equal to null object @03-10-2021 01:59:58.0064 AM
[ReportManager] Assertion [ValidateNull] FAILED. Expected [NULL] and Actual [NULL]. Comparison Type [EQUALS]. Validation Type [POSITIVE]. @03-10-2021 01:59:58.0064 A

################################################################################################################################################
Starting Execution:	[132 out of 144] test cases in the current suite
Test Method:		[testPackage01.Test_NewValidationHelper.f6_1]
################################################################################################################################################
[ReportManager] Assertion [ValidateNull] FAILED. Expected [NULL] and Actual [NULL]. Comparison Type [EQUALS]. Validation Type [NEGATIVE]. @03-10-2021 01:59:58.0066 A

################################################################################################################################################
Starting Execution:	[133 out of 144] test cases in the current suite
Test Method:		[testPackage01.Test_NewValidationHelper.f6_2]
################################################################################################################################################
[ReportManager] Assertion Failed: Making sure that null string is not equal to null object @03-10-2021 01:59:58.0068 AM
[ReportManager] Assertion [ValidateNull] FAILED. Expected [NULL] and Actual [not null]. Comparison Type [EQUALS]. Validation Type [POSITIVE]. @03-10-2021 01:59:58.0068 A

################################################################################################################################################
Starting Execution:	[134 out of 144] test cases in the current suite
Test Method:		[testPackage01.Test_NewValidationHelper.f7]
################################################################################################################################################
[ReportManager] Assertion [ValidateNull] PASSED. Expected [NULL] and Actual [NULL]. Comparison Type [EQUALS]. Validation Type [POSITIVE]. @03-10-2021 01:59:58.0070 A
[ReportManager] File Action [GetAbsolutePath] successfully performed. With the following test data [Relative Folder Path: "target/downloadedFiles/"]. @03-10-2021 01:59:58.0072 AM
[ReportManager] Attempting to run remotely on: [Linux-64], [GoogleChrome], [http://localhost:4444/wd/hub], Headless Execution. @03-10-2021 01:59:58.0072 AM
[ReportManager] Successfully Opened [GoogleChrome]. @03-10-2021 01:59:58.0260 AM
[ReportManager] Target URL: [https://the-internet.herokuapp.com/] @03-10-2021 01:59:58.0269 AM
[ReportManager] Initial URL: [data:,] @03-10-2021 01:59:58.0304 AM
[ReportManager] Browser Action [NavigateToURL] successfully performed. With the following test data [https://the-internet.herokuapp.com/]. @03-10-2021 01:59:58.0674 A

################################################################################################################################################
Starting Execution:	[135 out of 144] test cases in the current suite
Test Method:		[testPackage01.Test_NewValidationHelper.f8]
################################################################################################################################################
[ReportManager] Loaded Shared OpenCV @03-10-2021 01:59:58.0877 AM
[ReportManager] Assertion [ValidateElementExists] PASSED. Expected [Element Should Exist, locator 'By.tagName: h1'] and Actual [Element Exists]. Comparison Type [EQUALS]. Validation Type [POSITIVE]. @03-10-2021 01:59:58.0966 AM
[ReportManager] Successfully created attachment [Screenshot - 1633226398877_f8_ValidateElementExists_passed] @03-10-2021 01:59:58.0967 A
[ReportManager] Successfully Closed All Drivers. @03-10-2021 01:59:59.0041 A
[ReportManager] File Action [GetAbsolutePath] successfully performed. With the following test data [Relative Folder Path: "target/downloadedFiles/"]. @03-10-2021 01:59:59.0043 AM
[ReportManager] Attempting to run remotely on: [Linux-64], [GoogleChrome], [http://localhost:4444/wd/hub], Headless Execution. @03-10-2021 01:59:59.0043 AM
[ReportManager] Successfully Opened [GoogleChrome]. @03-10-2021 01:59:59.0278 AM
[ReportManager] Target URL: [https://the-internet.herokuapp.com/] @03-10-2021 01:59:59.0289 AM
[ReportManager] Initial URL: [data:,] @03-10-2021 01:59:59.0325 AM
[ReportManager] Browser Action [NavigateToURL] successfully performed. With the following test data [https://the-internet.herokuapp.com/]. @03-10-2021 01:59:59.0666 A

################################################################################################################################################
Starting Execution:	[136 out of 144] test cases in the current suite
Test Method:		[testPackage01.Test_NewValidationHelper.f9]
################################################################################################################################################
[ReportManager] Assertion [ValidateElementExists] FAILED. Expected [Element Should Exist, locator 'By.tagName: h3'] and Actual [Element Doesn't Exists]. Comparison Type [EQUALS]. Validation Type [POSITIVE]. @03-10-2021 02:00:30.0303 AM
[ReportManager] Successfully created attachment [Screenshot - 1633226430251_f9_ValidateElementExists_failed] @03-10-2021 02:00:30.0304 A
[ReportManager] Successfully Closed All Drivers. @03-10-2021 02:00:30.0376 A

################################################################################################################################################
Starting Execution:	[137 out of 144] test cases in the current suite
Test Method:		[testPackage01.Test_NewValidationHelper.forceFail]
################################################################################################################################################
[ReportManager] Assertion [ValidateFail] FAILED. Successfully force failed the test. @03-10-2021 02:00:30.0378 A

################################################################################################################################################
Starting Execution:	[138 out of 144] test cases in the current suite
Test Method:		[testPackage01.Test_NewValidationHelper.forceFail2]
################################################################################################################################################
[ReportManager] Assertion Failed: Custom Message @03-10-2021 02:00:30.0380 AM
[ReportManager] Assertion [ValidateFail] FAILED. Successfully force failed the test. @03-10-2021 02:00:30.0380 A

################################################################################################################################################
Starting Execution:	[139 out of 144] test cases in the current suite
Test Method:		[testPackage01.Test_sendGraphqlRequest.sendGraphqlRequestUsingMutationAndVariables]
################################################################################################################################################
[ReportManager] GraphQl Request is being Performed with the Following Parameters [Service URL: https://api.spacex.land/graphql | Request Body: {"variables":"{\"name\": \"sherlock holmes\",\"rocket\": \"221B Baker Street\"}","query":"mutation ($name: String, $rocket: String) {\n  insert_users(objects: {name: $name, rocket: $rocket}) {\n    returning {\n      name\n      rocket\n    }\n  }\n}"}] @03-10-2021 02:00:30.0382 AM
[ReportManager] Response status code: [200], status line: [HTTP/1.1 200 OK] @03-10-2021 02:00:30.0654 AM
[ReportManager] Assertion Passed: Evaluating the actual response status code against the expected one... @03-10-2021 02:00:30.0655 AM
[ReportManager] Assertion [ValidateEquals] PASSED. Expected [200] and Actual [200]. Comparison Type [EQUALS]. Validation Type [POSITIVE]. @03-10-2021 02:00:30.0655 AM
[ReportManager] API Action [PerformRequest] successfully performed. With the following test data [Request Type: "POST" | Target Status Code: "200" | Service URL: "https://api.spacex.land/graphql" | Content Type: "application/json" | Response Time: "204ms"]. @03-10-2021 02:00:30.0664 AM
[ReportManager] Successfully created attachment [API Request - Specifications] @03-10-2021 02:00:30.0665 AM
[ReportManager] Successfully created attachment [API Request - JSON Body] @03-10-2021 02:00:30.0665 AM
[ReportManager] Successfully created attachment [API Response - JSON Body] @03-10-2021 02:00:30.0665 AM
[ReportManager] API Action [GetResponseJSONValue] successfully performed. With the following test data [data.insert_users.returning[0].name]. @03-10-2021 02:00:30.0701 AM
[ReportManager] Assertion [ValidateEquals] PASSED. Expected [sherlock holmes] and Actual [sherlock holmes]. Comparison Type [EQUALS]. Validation Type [POSITIVE]. @03-10-2021 02:00:30.0702 A

################################################################################################################################################
Starting Execution:	[140 out of 144] test cases in the current suite
Test Method:		[testPackage01.Test_sendGraphqlRequest.sendGraphqlRequestUsingQuery]
################################################################################################################################################
[ReportManager] GraphQl Request is being Performed with the Following Parameters [Service URL: https://api.spacex.land/graphql | Request Body: {"query":"{company {ceo}}"}] @03-10-2021 02:00:30.0707 AM
[ReportManager] Response status code: [200], status line: [HTTP/1.1 200 OK] @03-10-2021 02:00:30.0788 AM
[ReportManager] Assertion Passed: Evaluating the actual response status code against the expected one... @03-10-2021 02:00:30.0788 AM
[ReportManager] Assertion [ValidateEquals] PASSED. Expected [200] and Actual [200]. Comparison Type [EQUALS]. Validation Type [POSITIVE]. @03-10-2021 02:00:30.0788 AM
[ReportManager] API Action [PerformRequest] successfully performed. With the following test data [Request Type: "POST" | Target Status Code: "200" | Service URL: "https://api.spacex.land/graphql" | Content Type: "application/json" | Response Time: "77ms"]. @03-10-2021 02:00:30.0797 AM
[ReportManager] Successfully created attachment [API Request - Specifications] @03-10-2021 02:00:30.0797 AM
[ReportManager] Successfully created attachment [API Request - JSON Body] @03-10-2021 02:00:30.0797 AM
[ReportManager] Successfully created attachment [API Response - JSON Body] @03-10-2021 02:00:30.0797 AM
[ReportManager] API Action [GetResponseJSONValue] successfully performed. With the following test data [data.company.ceo]. @03-10-2021 02:00:30.0804 AM
[ReportManager] Assertion [ValidateEquals] PASSED. Expected [Elon Musk] and Actual [Elon Musk]. Comparison Type [EQUALS]. Validation Type [POSITIVE]. @03-10-2021 02:00:30.0804 A

################################################################################################################################################
Starting Execution:	[141 out of 144] test cases in the current suite
Test Method:		[testPackage01.Test_chainableElementActions.chainElementActions]
################################################################################################################################################
[ReportManager] File Action [GetAbsolutePath] successfully performed. With the following test data [Relative Folder Path: "target/downloadedFiles/"]. @03-10-2021 02:00:30.0810 AM
[ReportManager] Attempting to run remotely on: [Linux-64], [GoogleChrome], [http://localhost:4444/wd/hub], Headless Execution. @03-10-2021 02:00:30.0810 AM
[ReportManager] Successfully Opened [GoogleChrome]. @03-10-2021 02:00:31.0038 AM
[ReportManager] Target URL: [https://www.google.com/ncr], and after redirection: [https://www.google.com] @03-10-2021 02:00:31.0049 AM
[ReportManager] Initial URL: [data:,] @03-10-2021 02:00:31.0089 AM
[ReportManager] Browser Action [NavigateToURL] successfully performed. With the following test data [https://www.google.com/ncr]. @03-10-2021 02:00:31.0839 AM
[ReportManager] Element Action [Type] successfully performed. With the following test data [chained type 1]. @03-10-2021 02:00:32.0163 AM
[ReportManager] Element Action [Type] successfully performed. With the following test data [chained type 2]. @03-10-2021 02:00:32.0455 AM
[ReportManager] Element Action [TypeAppend] successfully performed. With the following test data [345]. @03-10-2021 02:00:32.0536 AM
[ReportManager] Element Action [GetText] successfully performed. With the following test data [chained type 2345]. @03-10-2021 02:00:32.0639 AM
[ReportManager] Loaded Shared OpenCV @03-10-2021 02:00:32.0757 AM
[ReportManager] Assertion [ValidateElementAttribute] PASSED. Expected [Value Should be 'chained type 2345' for the 'text' attribute, element locator 'By.name: q'] and Actual [chained type 2345]. Comparison Type [EQUALS]. Validation Type [POSITIVE]. @03-10-2021 02:00:32.0823 AM
[ReportManager] Successfully created attachment [Screenshot - 1633226432757_chainElementActions_ValidateElementAttribute_passed] @03-10-2021 02:00:32.0823 AM
[ReportManager] Browser Action [CloseCurrentWindow] successfully performed. @03-10-2021 02:00:32.0933 AM
[ReportManager] Successfully created attachment [Browser Action Test Data - CloseCurrentWindow - Actual Value] @03-10-2021 02:00:32.0934 A

################################################################################################################################################
Starting Execution:	[142 out of 144] test cases in the current suite
Test Method:		[testPackage01.Test_SkipDueToIssue.doNotSkip]
################################################################################################################################################
[ReportManager] This should not be skipped. @03-10-2021 02:00:32.0943 A

################################################################################################################################################
Starting Execution:	[143 out of 144] test cases in the current suite
Test Method:		[testPackage01.Test_SkipDueToIssue.skip]
################################################################################################################################################
[ReportManager] This should be skipped. @03-10-2021 02:00:32.0950 A

################################################################################################################################################
Starting Execution:	[144 out of 144] test cases in the current suite
Test Method:		[testPackage01.Test_SkipDueToIssue.skip2]
################################################################################################################################################
[ReportManager] This should be skipped. @03-10-2021 02:00:32.0955 A

################################################################################################################################################
Test Closure Activities
################################################################################################################################################
[ReportManager] Successfully created attachment [SHAFT Engine Logs - Execution log] @03-10-2021 02:00:32.0981 AM

################################################################################################################################################
This test run was powered by SHAFT Engine Version: [SHAFT Engine v5.3.20210902]
SHAFT Engine is licensed under the MIT License: [https://github.com/MohabMohie/SHAFT_ENGINE/blob/master/LICENSE].
################################################################################################################################################