################################################################################################################################################
Detected SHAFT Engine Version: [SHAFT Engine v5.4.20211114-BETA]
################################################################################################################################################
[ReportManager] File Action [GetAbsolutePath] successfully performed. With the following test data [Relative Folder Path: "target/downloadedFiles/"]. @17-11-2021 01:49:52.0923 AM
[ReportManager] Attempting to run locally on: [Mac-64], [Safari], Headless Execution. @17-11-2021 01:49:52.0938 AM
[ReportManager] Successfully Opened Safari. @17-11-2021 01:49:58.0263 AM
[ReportManager] Initial window size: (800, 600) @17-11-2021 01:49:58.0327 AM
[ReportManager] Window size after SWD Maximize: (1176, 810) @17-11-2021 01:49:58.0359 AM
[ReportManager] Browser Action [MaximizeWindow] successfully performed. With the following test data [New screen size is now: (1176, 810)]. @17-11-2021 01:49:58.0367 A

################################################################################################################################################
Starting Execution:	[1 out of 146] test cases in the current suite
Test Method:		[unitTests.tests_element_elementActions.waitForElementToBePresent_false_expectedToFail]
################################################################################################################################################
[ReportManager] Target URL: [https://www.google.com/ncr], and after redirection: [www.google.com] @17-11-2021 01:49:58.0593 AM
[ReportManager] Initial URL: [] @17-11-2021 01:49:58.0658 AM
[ReportManager] Browser Action [NavigateToURL] successfully performed. With the following test data [https://www.google.com/ncr]. @17-11-2021 01:50:00.0110 AM
[ReportManager] Waiting for element to be present; elementLocator [By.xpath: //*[@id='hplogo' or @alt='Google']], numberOfTries[1], stateOfPresence[false]... @17-11-2021 01:50:00.0120 AM
[ReportManager] Element Action [WaitForElementToBePresent] failed. With the following test data [waited for the element's state of presence to be (false). Element locator (By.xpath: //*[@id='hplogo' or @alt='Google'])]. @17-11-2021 01:50:02.0306 AM
[ReportManager] Successfully created attachment [Screenshot - 1637113800218_waitForElementToBePresent_false_expectedToFail_WaitForElementToBePresent_failed] @17-11-2021 01:50:02.0319 A
[ReportManager] Browser Action [CloseCurrentWindow] successfully performed. @17-11-2021 01:50:02.0614 AM
[ReportManager] Successfully created attachment [Browser Action Test Data - CloseCurrentWindow - Actual Value] @17-11-2021 01:50:02.0615 A
[ReportManager] File Action [GetAbsolutePath] successfully performed. With the following test data [Relative Folder Path: "target/downloadedFiles/"]. @17-11-2021 01:50:02.0629 AM
[ReportManager] Attempting to run locally on: [Mac-64], [Safari], Headless Execution. @17-11-2021 01:50:02.0630 AM
[ReportManager] Successfully Opened Safari. @17-11-2021 01:50:03.0531 AM
[ReportManager] Initial window size: (800, 600) @17-11-2021 01:50:03.0540 AM
[ReportManager] Window size after SWD Maximize: (1176, 811) @17-11-2021 01:50:03.0564 AM
[ReportManager] Browser Action [MaximizeWindow] successfully performed. With the following test data [New screen size is now: (1176, 811)]. @17-11-2021 01:50:03.0565 A

################################################################################################################################################
Starting Execution:	[2 out of 146] test cases in the current suite
Test Method:		[unitTests.tests_element_elementActions.waitForElementToBePresent_false_expectedToPass]
################################################################################################################################################
[ReportManager] Target URL: [https://www.google.com/ncr], and after redirection: [www.google.com] @17-11-2021 01:50:03.0572 AM
[ReportManager] Initial URL: [] @17-11-2021 01:50:03.0662 AM
[ReportManager] Browser Action [NavigateToURL] successfully performed. With the following test data [https://www.google.com/ncr]. @17-11-2021 01:50:04.0678 AM
[ReportManager] Waiting for element to be present; elementLocator [By.id: bla], numberOfTries[1], stateOfPresence[false]... @17-11-2021 01:50:04.0679 A
[ReportManager] Browser Action [CloseCurrentWindow] successfully performed. @17-11-2021 01:50:04.0873 AM
[ReportManager] Successfully created attachment [Browser Action Test Data - CloseCurrentWindow - Actual Value] @17-11-2021 01:50:04.0875 A
[ReportManager] File Action [GetAbsolutePath] successfully performed. With the following test data [Relative Folder Path: "target/downloadedFiles/"]. @17-11-2021 01:50:04.0880 AM
[ReportManager] Attempting to run locally on: [Mac-64], [Safari], Headless Execution. @17-11-2021 01:50:04.0881 AM
[ReportManager] Successfully Opened Safari. @17-11-2021 01:50:05.0959 AM
[ReportManager] Initial window size: (800, 600) @17-11-2021 01:50:05.0985 AM
[ReportManager] Window size after SWD Maximize: (1176, 811) @17-11-2021 01:50:06.0012 AM
[ReportManager] Browser Action [MaximizeWindow] successfully performed. With the following test data [New screen size is now: (1176, 811)]. @17-11-2021 01:50:06.0012 A

################################################################################################################################################
Starting Execution:	[3 out of 146] test cases in the current suite
Test Method:		[unitTests.tests_element_elementActions.waitForElementToBePresent_moreThanOneElement_expectedToFail]
################################################################################################################################################
[ReportManager] Target URL: [https://www.google.com/ncr], and after redirection: [www.google.com] @17-11-2021 01:50:06.0020 AM
[ReportManager] Initial URL: [] @17-11-2021 01:50:06.0106 AM
[ReportManager] Browser Action [NavigateToURL] successfully performed. With the following test data [https://www.google.com/ncr]. @17-11-2021 01:50:07.0499 AM
[ReportManager] Waiting for element to be present; elementLocator [By.xpath: //*], numberOfTries[1], stateOfPresence[false]... @17-11-2021 01:50:07.0500 AM
[ReportManager] Element Action [WaitForElementToBePresent] failed. With the following test data [waited for the element's state of presence to be (false). Element locator (By.xpath: //*)]. @17-11-2021 01:50:07.0690 AM
[ReportManager] Successfully created attachment [Screenshot - 1637113807559_waitForElementToBePresent_moreThanOneElement_expectedToFail_WaitForElementToBePresent_failed] @17-11-2021 01:50:07.0694 A
[ReportManager] Browser Action [CloseCurrentWindow] successfully performed. @17-11-2021 01:50:07.0968 AM
[ReportManager] Successfully created attachment [Browser Action Test Data - CloseCurrentWindow - Actual Value] @17-11-2021 01:50:07.0969 A
[ReportManager] File Action [GetAbsolutePath] successfully performed. With the following test data [Relative Folder Path: "target/downloadedFiles/"]. @17-11-2021 01:50:07.0975 AM
[ReportManager] Attempting to run locally on: [Mac-64], [Safari], Headless Execution. @17-11-2021 01:50:07.0976 AM
[ReportManager] Successfully Opened Safari. @17-11-2021 01:50:09.0064 AM
[ReportManager] Initial window size: (800, 600) @17-11-2021 01:50:09.0071 AM
[ReportManager] Window size after SWD Maximize: (1176, 811) @17-11-2021 01:50:09.0093 AM
[ReportManager] Browser Action [MaximizeWindow] successfully performed. With the following test data [New screen size is now: (1176, 811)]. @17-11-2021 01:50:09.0094 A

################################################################################################################################################
Starting Execution:	[4 out of 146] test cases in the current suite
Test Method:		[unitTests.tests_element_elementActions.waitForElementToBePresent_true_expectedToFail]
################################################################################################################################################
[ReportManager] Target URL: [https://www.google.com/ncr], and after redirection: [www.google.com] @17-11-2021 01:50:09.0098 AM
[ReportManager] Initial URL: [] @17-11-2021 01:50:09.0200 AM
[ReportManager] Browser Action [NavigateToURL] successfully performed. With the following test data [https://www.google.com/ncr]. @17-11-2021 01:50:10.0157 AM
[ReportManager] Waiting for element to be present; elementLocator [By.id: bla], numberOfTries[1], stateOfPresence[true]... @17-11-2021 01:50:10.0158 A
[ReportManager] Browser Action [CloseCurrentWindow] successfully performed. @17-11-2021 01:50:10.0511 AM
[ReportManager] Successfully created attachment [Browser Action Test Data - CloseCurrentWindow - Actual Value] @17-11-2021 01:50:10.0512 A
[ReportManager] File Action [GetAbsolutePath] successfully performed. With the following test data [Relative Folder Path: "target/downloadedFiles/"]. @17-11-2021 01:50:10.0517 AM
[ReportManager] Attempting to run locally on: [Mac-64], [Safari], Headless Execution. @17-11-2021 01:50:10.0517 AM
[ReportManager] Successfully Opened Safari. @17-11-2021 01:50:11.0389 AM
[ReportManager] Initial window size: (800, 600) @17-11-2021 01:50:11.0399 AM
[ReportManager] Window size after SWD Maximize: (1176, 811) @17-11-2021 01:50:11.0423 AM
[ReportManager] Browser Action [MaximizeWindow] successfully performed. With the following test data [New screen size is now: (1176, 811)]. @17-11-2021 01:50:11.0424 A

################################################################################################################################################
Starting Execution:	[5 out of 146] test cases in the current suite
Test Method:		[unitTests.tests_element_elementActions.waitForElementToBePresent_true_expectedToPass]
################################################################################################################################################
[ReportManager] Target URL: [https://www.google.com/ncr], and after redirection: [www.google.com] @17-11-2021 01:50:11.0427 AM
[ReportManager] Initial URL: [] @17-11-2021 01:50:11.0486 AM
[ReportManager] Browser Action [NavigateToURL] successfully performed. With the following test data [https://www.google.com/ncr]. @17-11-2021 01:50:12.0326 AM
[ReportManager] Waiting for element to be present; elementLocator [By.xpath: //*[@id='hplogo' or @alt='Google']], numberOfTries[1], stateOfPresence[true]... @17-11-2021 01:50:12.0326 AM
[ReportManager] Element Action [WaitForElementToBePresent] successfully performed. With the following test data [waited for the element's state of presence to be (true). Element locator (By.xpath: //*[@id='hplogo' or @alt='Google'])]. @17-11-2021 01:50:12.0354 AM
[ReportManager] File Action [DoesFileExist] successfully performed. With the following test data [File Path: "src/main/resources/dynamicObjectRepository/unitTests_tests_element_elementActions_waitForElementToBePresent_true_expectedToPass_By_xpath_id_hplogo_or_alt_Google.png"]. @17-11-2021 01:50:12.0370 AM
[ReportManager] File Action [DoesFileExist] successfully performed. With the following test data [File Path: "src/main/resources/dynamicObjectRepository/unitTests_tests_element_elementActions_waitForElementToBePresent_true_expectedToPass_By_xpath_id_hplogo_or_alt_Google.png"]. @17-11-2021 01:50:12.0436 AM
[ReportManager] Passing the test and saving a reference image @17-11-2021 01:50:12.0436 AM
[ReportManager] File Action [GetAbsolutePath] successfully performed. With the following test data [Relative File Path: "src/main/resources/dynamicObjectRepository/unitTests_tests_element_elementActions_waitForElementToBePresent_true_expectedToPass_By_xpath_id_hplogo_or_alt_Google.png"]. @17-11-2021 01:50:12.0436 AM
[ReportManager] File Action [WriteToFile] successfully performed. With the following test data [Target File Path: "/Users/runner/work/SHAFT_ENGINE/SHAFT_ENGINE/src/main/resources/dynamicObjectRepository/unitTests_tests_element_elementActions_waitForElementToBePresent_true_expectedToPass_By_xpath_id_hplogo_or_alt_Google.png"]. @17-11-2021 01:50:12.0438 AM
[ReportManager] Assertion Passed: Using Visual AI; OpenCV @17-11-2021 01:50:12.0440 AM
[ReportManager] Successfully created attachment [Validation Test Data - Actual Screenshot] @17-11-2021 01:50:12.0442 AM
[ReportManager] Assertion [ValidateElementMatches] PASSED. Expected [Element should match the reference screenshot] and Actual [TRUE]. Comparison Type [EXACT_OPENCV]. Validation Type [POSITIVE]. @17-11-2021 01:50:12.0443 A
[ReportManager] Browser Action [CloseCurrentWindow] successfully performed. @17-11-2021 01:50:12.0742 AM
[ReportManager] Successfully created attachment [Browser Action Test Data - CloseCurrentWindow - Actual Value] @17-11-2021 01:50:12.0743 A
[ReportManager] File Action [GetAbsolutePath] successfully performed. With the following test data [Relative Folder Path: "target/downloadedFiles/"]. @17-11-2021 01:50:12.0748 AM
[ReportManager] Attempting to run locally on: [Mac-64], [Safari], Headless Execution. @17-11-2021 01:50:12.0748 AM
[ReportManager] Successfully Opened Safari. @17-11-2021 01:50:13.0632 AM
[ReportManager] Initial window size: (800, 600) @17-11-2021 01:50:13.0649 AM
[ReportManager] Window size after SWD Maximize: (1176, 811) @17-11-2021 01:50:13.0766 AM
[ReportManager] Browser Action [MaximizeWindow] successfully performed. With the following test data [New screen size is now: (1176, 811)]. @17-11-2021 01:50:13.0767 AM
[ReportManager] Target URL: [https://duckduckgo.com] @17-11-2021 01:50:13.0768 AM
[ReportManager] Initial URL: [] @17-11-2021 01:50:13.0878 AM
[ReportManager] Browser Action [NavigateToURL] successfully performed. With the following test data [https://duckduckgo.com]. @17-11-2021 01:50:14.0637 A

################################################################################################################################################
Starting Execution:	[6 out of 146] test cases in the current suite
Test Method:		[unitTests.tests_browserActions.fullScreenWindow]
################################################################################################################################################
[ReportManager] Initial Windows Size: 1176x811 @17-11-2021 01:50:14.0646 AM
[ReportManager] Current Windows Size after fullScreen: 1176x885 @17-11-2021 01:50:14.0875 AM
[ReportManager] Browser Action [FullScreenWindow] successfully performed. @17-11-2021 01:50:14.0915 AM
[ReportManager] Successfully created attachment [Browser Action Test Data - FullScreenWindow - Actual Value] @17-11-2021 01:50:14.0921 A
[ReportManager] Target URL: [https://duckduckgo.com] @17-11-2021 01:50:14.0929 AM
[ReportManager] Initial URL: [https://duckduckgo.com] @17-11-2021 01:50:14.0995 AM
[ReportManager] Browser Action [NavigateToURL] successfully performed. With the following test data [https://duckduckgo.com]. @17-11-2021 01:50:15.0663 AM
[ReportManager] Browser Action [CloseCurrentWindow] successfully performed. @17-11-2021 01:50:16.0039 AM
[ReportManager] Successfully created attachment [Browser Action Test Data - CloseCurrentWindow - Actual Value] @17-11-2021 01:50:16.0041 A
[ReportManager] File Action [GetAbsolutePath] successfully performed. With the following test data [Relative Folder Path: "target/downloadedFiles/"]. @17-11-2021 01:50:16.0046 AM
[ReportManager] Attempting to run locally on: [Mac-64], [Safari], Headless Execution. @17-11-2021 01:50:16.0046 AM
[ReportManager] Successfully Opened Safari. @17-11-2021 01:50:16.0908 AM
[ReportManager] Initial window size: (800, 600) @17-11-2021 01:50:16.0937 AM
[ReportManager] Window size after SWD Maximize: (1176, 811) @17-11-2021 01:50:16.0957 AM
[ReportManager] Browser Action [MaximizeWindow] successfully performed. With the following test data [New screen size is now: (1176, 811)]. @17-11-2021 01:50:16.0958 AM
[ReportManager] Target URL: [https://duckduckgo.com] @17-11-2021 01:50:16.0958 AM
[ReportManager] Initial URL: [] @17-11-2021 01:50:17.0038 AM
[ReportManager] Browser Action [NavigateToURL] successfully performed. With the following test data [https://duckduckgo.com]. @17-11-2021 01:50:17.0719 A

################################################################################################################################################
Starting Execution:	[7 out of 146] test cases in the current suite
Test Method:		[unitTests.tests_browserActions.getCurrentURL]
################################################################################################################################################
[ReportManager] Browser Action [GetCurrentURL] successfully performed. With the following test data [https://duckduckgo.com/]. @17-11-2021 01:50:17.0748 A
[ReportManager] Target URL: [https://duckduckgo.com] @17-11-2021 01:50:17.0751 AM
[ReportManager] Initial URL: [https://duckduckgo.com] @17-11-2021 01:50:17.0790 AM
[ReportManager] Browser Action [NavigateToURL] successfully performed. With the following test data [https://duckduckgo.com]. @17-11-2021 01:50:18.0138 AM
[ReportManager] Browser Action [CloseCurrentWindow] successfully performed. @17-11-2021 01:50:18.0510 AM
[ReportManager] Successfully created attachment [Browser Action Test Data - CloseCurrentWindow - Actual Value] @17-11-2021 01:50:18.0511 A
[ReportManager] File Action [GetAbsolutePath] successfully performed. With the following test data [Relative Folder Path: "target/downloadedFiles/"]. @17-11-2021 01:50:18.0515 AM
[ReportManager] Attempting to run locally on: [Mac-64], [Safari], Headless Execution. @17-11-2021 01:50:18.0516 AM
[ReportManager] Successfully Opened Safari. @17-11-2021 01:50:19.0388 AM
[ReportManager] Initial window size: (800, 600) @17-11-2021 01:50:19.0408 AM
[ReportManager] Window size after SWD Maximize: (1176, 811) @17-11-2021 01:50:19.0443 AM
[ReportManager] Browser Action [MaximizeWindow] successfully performed. With the following test data [New screen size is now: (1176, 811)]. @17-11-2021 01:50:19.0443 AM
[ReportManager] Target URL: [https://duckduckgo.com] @17-11-2021 01:50:19.0444 AM
[ReportManager] Initial URL: [] @17-11-2021 01:50:19.0547 AM
[ReportManager] Browser Action [NavigateToURL] successfully performed. With the following test data [https://duckduckgo.com]. @17-11-2021 01:50:20.0298 A

################################################################################################################################################
Starting Execution:	[8 out of 146] test cases in the current suite
Test Method:		[unitTests.tests_browserActions.getCurrentWindowTitle]
################################################################################################################################################
[ReportManager] Browser Action [GetCurrentWindowTitle] successfully performed. With the following test data [DuckDuckGo â€” Privacy, simplified.]. @17-11-2021 01:50:20.0352 A
[ReportManager] Target URL: [https://duckduckgo.com] @17-11-2021 01:50:20.0355 AM
[ReportManager] Initial URL: [https://duckduckgo.com] @17-11-2021 01:50:20.0399 AM
[ReportManager] Browser Action [NavigateToURL] successfully performed. With the following test data [https://duckduckgo.com]. @17-11-2021 01:50:20.0704 AM
[ReportManager] Browser Action [CloseCurrentWindow] successfully performed. @17-11-2021 01:50:21.0039 AM
[ReportManager] Successfully created attachment [Browser Action Test Data - CloseCurrentWindow - Actual Value] @17-11-2021 01:50:21.0040 A
[ReportManager] File Action [GetAbsolutePath] successfully performed. With the following test data [Relative Folder Path: "target/downloadedFiles/"]. @17-11-2021 01:50:21.0047 AM
[ReportManager] Attempting to run locally on: [Mac-64], [Safari], Headless Execution. @17-11-2021 01:50:21.0047 AM
[ReportManager] Successfully Opened Safari. @17-11-2021 01:50:21.0852 AM
[ReportManager] Initial window size: (800, 600) @17-11-2021 01:50:21.0873 AM
[ReportManager] Window size after SWD Maximize: (1176, 811) @17-11-2021 01:50:21.0908 AM
[ReportManager] Browser Action [MaximizeWindow] successfully performed. With the following test data [New screen size is now: (1176, 811)]. @17-11-2021 01:50:21.0909 AM
[ReportManager] Target URL: [https://duckduckgo.com] @17-11-2021 01:50:21.0909 AM
[ReportManager] Initial URL: [] @17-11-2021 01:50:21.0976 AM
[ReportManager] Browser Action [NavigateToURL] successfully performed. With the following test data [https://duckduckgo.com]. @17-11-2021 01:50:22.0595 A

################################################################################################################################################
Starting Execution:	[9 out of 146] test cases in the current suite
Test Method:		[unitTests.tests_browserActions.getPageSource]
################################################################################################################################################
[ReportManager] Browser Action [GetPageSource] successfully performed. @17-11-2021 01:50:22.0637 AM
[ReportManager] Successfully created attachment [Browser Action Test Data - GetPageSource - Actual Value] @17-11-2021 01:50:22.0638 A
[ReportManager] Target URL: [https://duckduckgo.com] @17-11-2021 01:50:22.0640 AM
[ReportManager] Initial URL: [https://duckduckgo.com] @17-11-2021 01:50:22.0673 AM
[ReportManager] Browser Action [NavigateToURL] successfully performed. With the following test data [https://duckduckgo.com]. @17-11-2021 01:50:22.0954 AM
[ReportManager] Browser Action [CloseCurrentWindow] successfully performed. @17-11-2021 01:50:23.0253 AM
[ReportManager] Successfully created attachment [Browser Action Test Data - CloseCurrentWindow - Actual Value] @17-11-2021 01:50:23.0254 A
[ReportManager] File Action [GetAbsolutePath] successfully performed. With the following test data [Relative Folder Path: "target/downloadedFiles/"]. @17-11-2021 01:50:23.0258 AM
[ReportManager] Attempting to run locally on: [Mac-64], [Safari], Headless Execution. @17-11-2021 01:50:23.0258 AM
[ReportManager] Successfully Opened Safari. @17-11-2021 01:50:24.0186 AM
[ReportManager] Initial window size: (800, 600) @17-11-2021 01:50:24.0202 AM
[ReportManager] Window size after SWD Maximize: (1176, 811) @17-11-2021 01:50:24.0220 AM
[ReportManager] Browser Action [MaximizeWindow] successfully performed. With the following test data [New screen size is now: (1176, 811)]. @17-11-2021 01:50:24.0221 AM
[ReportManager] Target URL: [https://duckduckgo.com] @17-11-2021 01:50:24.0221 AM
[ReportManager] Initial URL: [] @17-11-2021 01:50:24.0293 AM
[ReportManager] Browser Action [NavigateToURL] successfully performed. With the following test data [https://duckduckgo.com]. @17-11-2021 01:50:24.0920 A

################################################################################################################################################
Starting Execution:	[10 out of 146] test cases in the current suite
Test Method:		[unitTests.tests_browserActions.getWindowHandle]
################################################################################################################################################
[ReportManager] Browser Action [GetWindowHandle] successfully performed. With the following test data [page-8677A5A2-9A08-44C0-AB3B-EE83339F14DC]. @17-11-2021 01:50:24.0954 A
[ReportManager] Target URL: [https://duckduckgo.com] @17-11-2021 01:50:24.0956 AM
[ReportManager] Initial URL: [https://duckduckgo.com] @17-11-2021 01:50:24.0988 AM
[ReportManager] Browser Action [NavigateToURL] successfully performed. With the following test data [https://duckduckgo.com]. @17-11-2021 01:50:25.0278 AM
[ReportManager] Browser Action [CloseCurrentWindow] successfully performed. @17-11-2021 01:50:25.0588 AM
[ReportManager] Successfully created attachment [Browser Action Test Data - CloseCurrentWindow - Actual Value] @17-11-2021 01:50:25.0589 A
[ReportManager] File Action [GetAbsolutePath] successfully performed. With the following test data [Relative Folder Path: "target/downloadedFiles/"]. @17-11-2021 01:50:25.0592 AM
[ReportManager] Attempting to run locally on: [Mac-64], [Safari], Headless Execution. @17-11-2021 01:50:25.0592 AM
[ReportManager] Successfully Opened Safari. @17-11-2021 01:50:26.0401 AM
[ReportManager] Initial window size: (800, 600) @17-11-2021 01:50:26.0430 AM
[ReportManager] Window size after SWD Maximize: (1176, 811) @17-11-2021 01:50:26.0469 AM
[ReportManager] Browser Action [MaximizeWindow] successfully performed. With the following test data [New screen size is now: (1176, 811)]. @17-11-2021 01:50:26.0469 AM
[ReportManager] Target URL: [https://duckduckgo.com] @17-11-2021 01:50:26.0469 AM
[ReportManager] Initial URL: [] @17-11-2021 01:50:26.0539 AM
[ReportManager] Browser Action [NavigateToURL] successfully performed. With the following test data [https://duckduckgo.com]. @17-11-2021 01:50:27.0300 A

################################################################################################################################################
Starting Execution:	[11 out of 146] test cases in the current suite
Test Method:		[unitTests.tests_browserActions.getWindowPosition]
################################################################################################################################################
[ReportManager] Browser Action [GetWindowPosition] successfully performed. With the following test data [(0, 23)]. @17-11-2021 01:50:27.0516 A
[ReportManager] Target URL: [https://duckduckgo.com] @17-11-2021 01:50:27.0518 AM
[ReportManager] Initial URL: [https://duckduckgo.com] @17-11-2021 01:50:27.0549 AM
[ReportManager] Browser Action [NavigateToURL] successfully performed. With the following test data [https://duckduckgo.com]. @17-11-2021 01:50:27.0843 AM
[ReportManager] Browser Action [CloseCurrentWindow] successfully performed. @17-11-2021 01:50:28.0024 AM
[ReportManager] Successfully created attachment [Browser Action Test Data - CloseCurrentWindow - Actual Value] @17-11-2021 01:50:28.0025 A
[ReportManager] File Action [GetAbsolutePath] successfully performed. With the following test data [Relative Folder Path: "target/downloadedFiles/"]. @17-11-2021 01:50:28.0028 AM
[ReportManager] Attempting to run locally on: [Mac-64], [Safari], Headless Execution. @17-11-2021 01:50:28.0029 AM
[ReportManager] Successfully Opened Safari. @17-11-2021 01:50:28.0863 AM
[ReportManager] Initial window size: (800, 600) @17-11-2021 01:50:28.0873 AM
[ReportManager] Window size after SWD Maximize: (1176, 811) @17-11-2021 01:50:28.0892 AM
[ReportManager] Browser Action [MaximizeWindow] successfully performed. With the following test data [New screen size is now: (1176, 811)]. @17-11-2021 01:50:28.0892 AM
[ReportManager] Target URL: [https://duckduckgo.com] @17-11-2021 01:50:28.0892 AM
[ReportManager] Initial URL: [] @17-11-2021 01:50:28.0987 AM
[ReportManager] Browser Action [NavigateToURL] successfully performed. With the following test data [https://duckduckgo.com]. @17-11-2021 01:50:29.0773 A

################################################################################################################################################
Starting Execution:	[12 out of 146] test cases in the current suite
Test Method:		[unitTests.tests_browserActions.getWindowSize]
################################################################################################################################################
[ReportManager] Browser Action [GetWindowSize] successfully performed. With the following test data [(1176, 811)]. @17-11-2021 01:50:29.0812 A
[ReportManager] Target URL: [https://duckduckgo.com] @17-11-2021 01:50:29.0815 AM
[ReportManager] Initial URL: [https://duckduckgo.com] @17-11-2021 01:50:29.0849 AM
[ReportManager] Browser Action [NavigateToURL] successfully performed. With the following test data [https://duckduckgo.com]. @17-11-2021 01:50:30.0157 AM
[ReportManager] Browser Action [CloseCurrentWindow] successfully performed. @17-11-2021 01:50:30.0333 AM
[ReportManager] Successfully created attachment [Browser Action Test Data - CloseCurrentWindow - Actual Value] @17-11-2021 01:50:30.0334 A
[ReportManager] File Action [GetAbsolutePath] successfully performed. With the following test data [Relative Folder Path: "target/downloadedFiles/"]. @17-11-2021 01:50:30.0337 AM
[ReportManager] Attempting to run locally on: [Mac-64], [Safari], Headless Execution. @17-11-2021 01:50:30.0338 AM
[ReportManager] Successfully Opened Safari. @17-11-2021 01:50:31.0226 AM
[ReportManager] Initial window size: (800, 600) @17-11-2021 01:50:31.0247 AM
[ReportManager] Window size after SWD Maximize: (1176, 811) @17-11-2021 01:50:31.0269 AM
[ReportManager] Browser Action [MaximizeWindow] successfully performed. With the following test data [New screen size is now: (1176, 811)]. @17-11-2021 01:50:31.0269 AM
[ReportManager] Target URL: [https://duckduckgo.com] @17-11-2021 01:50:31.0269 AM
[ReportManager] Initial URL: [] @17-11-2021 01:50:31.0334 AM
[ReportManager] Browser Action [NavigateToURL] successfully performed. With the following test data [https://duckduckgo.com]. @17-11-2021 01:50:31.0878 A

################################################################################################################################################
Starting Execution:	[13 out of 146] test cases in the current suite
Test Method:		[unitTests.tests_browserActions.maximizeWindow]
################################################################################################################################################
[ReportManager] Initial window size: (1176, 811) @17-11-2021 01:50:31.0913 AM
[ReportManager] Window size after SWD Maximize: (1176, 811) @17-11-2021 01:50:31.0936 AM
[ReportManager] Window size after Toolkit: (1920, 1080) @17-11-2021 01:50:31.0975 AM
[ReportManager] Browser Action [MaximizeWindow] successfully performed. With the following test data [New screen size is now: (1920, 1080)]. @17-11-2021 01:50:31.0979 A
[ReportManager] Target URL: [https://duckduckgo.com] @17-11-2021 01:50:31.0981 AM
[ReportManager] Initial URL: [https://duckduckgo.com] @17-11-2021 01:50:32.0030 AM
[ReportManager] Browser Action [NavigateToURL] successfully performed. With the following test data [https://duckduckgo.com]. @17-11-2021 01:50:32.0334 AM
[ReportManager] Browser Action [CloseCurrentWindow] successfully performed. @17-11-2021 01:50:32.0624 AM
[ReportManager] Successfully created attachment [Browser Action Test Data - CloseCurrentWindow - Actual Value] @17-11-2021 01:50:32.0624 A
[ReportManager] File Action [GetAbsolutePath] successfully performed. With the following test data [Relative Folder Path: "target/downloadedFiles/"]. @17-11-2021 01:50:32.0628 AM
[ReportManager] Attempting to run locally on: [Mac-64], [Safari], Headless Execution. @17-11-2021 01:50:32.0629 AM
[ReportManager] Successfully Opened Safari. @17-11-2021 01:50:33.0497 AM
[ReportManager] Initial window size: (800, 600) @17-11-2021 01:50:33.0507 AM
[ReportManager] Window size after SWD Maximize: (1176, 811) @17-11-2021 01:50:33.0537 AM
[ReportManager] Browser Action [MaximizeWindow] successfully performed. With the following test data [New screen size is now: (1176, 811)]. @17-11-2021 01:50:33.0541 AM
[ReportManager] Target URL: [https://duckduckgo.com] @17-11-2021 01:50:33.0541 AM
[ReportManager] Initial URL: [] @17-11-2021 01:50:33.0623 AM
[ReportManager] Browser Action [NavigateToURL] successfully performed. With the following test data [https://duckduckgo.com]. @17-11-2021 01:50:34.0255 A

################################################################################################################################################
Starting Execution:	[14 out of 146] test cases in the current suite
Test Method:		[unitTests.tests_browserActions.navigateBack]
################################################################################################################################################
[ReportManager] Target URL: [https://www.google.com/ncr], and after redirection: [https://www.google.com] @17-11-2021 01:50:34.0259 AM
[ReportManager] Initial URL: [https://duckduckgo.com] @17-11-2021 01:50:34.0299 AM
[ReportManager] Browser Action [NavigateToURL] successfully performed. With the following test data [https://www.google.com/ncr]. @17-11-2021 01:50:35.0991 AM
[ReportManager] Browser Action [NavigateBack] successfully performed. With the following test data [https://duckduckgo.com/]. @17-11-2021 01:50:36.0188 AM
[ReportManager] Browser Action [GetCurrentURL] successfully performed. With the following test data [https://duckduckgo.com/]. @17-11-2021 01:50:36.0214 AM
[ReportManager] Assertion Passed: Confirming that navigating back was successful @17-11-2021 01:50:36.0373 AM
[ReportManager] Successfully created attachment [Screenshot - 1637113836260_navigateBack_ValidateBrowserAttribute_passed] @17-11-2021 01:50:36.0378 AM
[ReportManager] Assertion [ValidateBrowserAttribute] PASSED. Expected [Value Should be 'https://duckduckgo.com' for the 'CurrentUrl' attribute] and Actual [https://duckduckgo.com/]. Comparison Type [CONTAINS]. Validation Type [POSITIVE]. @17-11-2021 01:50:36.0378 A
[ReportManager] Target URL: [https://duckduckgo.com] @17-11-2021 01:50:36.0380 AM
[ReportManager] Initial URL: [https://duckduckgo.com] @17-11-2021 01:50:36.0416 AM
[ReportManager] Browser Action [NavigateToURL] successfully performed. With the following test data [https://duckduckgo.com]. @17-11-2021 01:50:36.0703 AM
[ReportManager] Browser Action [CloseCurrentWindow] successfully performed. @17-11-2021 01:50:37.0032 AM
[ReportManager] Successfully created attachment [Browser Action Test Data - CloseCurrentWindow - Actual Value] @17-11-2021 01:50:37.0033 A
[ReportManager] File Action [GetAbsolutePath] successfully performed. With the following test data [Relative Folder Path: "target/downloadedFiles/"]. @17-11-2021 01:50:37.0037 AM
[ReportManager] Attempting to run locally on: [Mac-64], [Safari], Headless Execution. @17-11-2021 01:50:37.0037 AM
[ReportManager] Successfully Opened Safari. @17-11-2021 01:50:37.0903 AM
[ReportManager] Initial window size: (800, 600) @17-11-2021 01:50:37.0921 AM
[ReportManager] Window size after SWD Maximize: (1176, 811) @17-11-2021 01:50:37.0943 AM
[ReportManager] Browser Action [MaximizeWindow] successfully performed. With the following test data [New screen size is now: (1176, 811)]. @17-11-2021 01:50:37.0959 AM
[ReportManager] Target URL: [https://duckduckgo.com] @17-11-2021 01:50:37.0960 AM
[ReportManager] Initial URL: [] @17-11-2021 01:50:38.0008 AM
[ReportManager] Browser Action [NavigateToURL] successfully performed. With the following test data [https://duckduckgo.com]. @17-11-2021 01:50:38.0560 A

################################################################################################################################################
Starting Execution:	[15 out of 146] test cases in the current suite
Test Method:		[unitTests.tests_browserActions.navigateForward]
################################################################################################################################################
[ReportManager] Target URL: [https://www.google.com/ncr], and after redirection: [https://www.google.com] @17-11-2021 01:50:38.0564 AM
[ReportManager] Initial URL: [https://duckduckgo.com] @17-11-2021 01:50:38.0611 AM
[ReportManager] Browser Action [NavigateToURL] successfully performed. With the following test data [https://www.google.com/ncr]. @17-11-2021 01:50:39.0620 AM
[ReportManager] Browser Action [NavigateBack] successfully performed. With the following test data [https://duckduckgo.com/]. @17-11-2021 01:50:39.0751 AM
[ReportManager] Browser Action [NavigateForward] successfully performed. With the following test data [https://www.google.com/]. @17-11-2021 01:50:39.0875 A
[ReportManager] Target URL: [https://duckduckgo.com] @17-11-2021 01:50:39.0879 AM
[ReportManager] Initial URL: [https://www.google.com] @17-11-2021 01:50:39.0949 AM
[ReportManager] Browser Action [NavigateToURL] successfully performed. With the following test data [https://duckduckgo.com]. @17-11-2021 01:50:40.0287 AM
[ReportManager] Browser Action [CloseCurrentWindow] successfully performed. @17-11-2021 01:50:40.0620 AM
[ReportManager] Successfully created attachment [Browser Action Test Data - CloseCurrentWindow - Actual Value] @17-11-2021 01:50:40.0622 A
[ReportManager] File Action [GetAbsolutePath] successfully performed. With the following test data [Relative Folder Path: "target/downloadedFiles/"]. @17-11-2021 01:50:40.0625 AM
[ReportManager] Attempting to run locally on: [Mac-64], [Safari], Headless Execution. @17-11-2021 01:50:40.0625 AM
[ReportManager] Successfully Opened Safari. @17-11-2021 01:50:41.0491 AM
[ReportManager] Initial window size: (800, 600) @17-11-2021 01:50:41.0524 AM
[ReportManager] Window size after SWD Maximize: (1176, 811) @17-11-2021 01:50:41.0608 AM
[ReportManager] Browser Action [MaximizeWindow] successfully performed. With the following test data [New screen size is now: (1176, 811)]. @17-11-2021 01:50:41.0608 AM
[ReportManager] Target URL: [https://duckduckgo.com] @17-11-2021 01:50:41.0608 AM
[ReportManager] Initial URL: [] @17-11-2021 01:50:41.0692 AM
[ReportManager] Browser Action [NavigateToURL] successfully performed. With the following test data [https://duckduckgo.com]. @17-11-2021 01:50:42.0565 A

################################################################################################################################################
Starting Execution:	[16 out of 146] test cases in the current suite
Test Method:		[unitTests.tests_browserActions.navigateToURL]
################################################################################################################################################
[ReportManager] Target URL: [https://duckduckgo.com] @17-11-2021 01:50:42.0570 AM
[ReportManager] Initial URL: [https://duckduckgo.com] @17-11-2021 01:50:42.0614 AM
[ReportManager] Browser Action [NavigateToURL] successfully performed. With the following test data [https://duckduckgo.com]. @17-11-2021 01:50:42.0934 A
[ReportManager] Target URL: [https://duckduckgo.com] @17-11-2021 01:50:42.0941 AM
[ReportManager] Initial URL: [https://duckduckgo.com] @17-11-2021 01:50:42.0975 AM
[ReportManager] Browser Action [NavigateToURL] successfully performed. With the following test data [https://duckduckgo.com]. @17-11-2021 01:50:43.0277 AM
[ReportManager] Browser Action [CloseCurrentWindow] successfully performed. @17-11-2021 01:50:43.0620 AM
[ReportManager] Successfully created attachment [Browser Action Test Data - CloseCurrentWindow - Actual Value] @17-11-2021 01:50:43.0621 A
[ReportManager] File Action [GetAbsolutePath] successfully performed. With the following test data [Relative Folder Path: "target/downloadedFiles/"]. @17-11-2021 01:50:43.0625 AM
[ReportManager] Attempting to run locally on: [Mac-64], [Safari], Headless Execution. @17-11-2021 01:50:43.0625 AM
[ReportManager] Successfully Opened Safari. @17-11-2021 01:50:44.0485 AM
[ReportManager] Initial window size: (800, 600) @17-11-2021 01:50:44.0506 AM
[ReportManager] Window size after SWD Maximize: (1176, 811) @17-11-2021 01:50:44.0522 AM
[ReportManager] Browser Action [MaximizeWindow] successfully performed. With the following test data [New screen size is now: (1176, 811)]. @17-11-2021 01:50:44.0523 AM
[ReportManager] Target URL: [https://duckduckgo.com] @17-11-2021 01:50:44.0523 AM
[ReportManager] Initial URL: [] @17-11-2021 01:50:44.0568 AM
[ReportManager] Browser Action [NavigateToURL] successfully performed. With the following test data [https://duckduckgo.com]. @17-11-2021 01:50:45.0144 A

################################################################################################################################################
Starting Execution:	[17 out of 146] test cases in the current suite
Test Method:		[unitTests.tests_browserActions.navigateToURLWithRedirection]
################################################################################################################################################
[ReportManager] Target URL: [https://www.google.com/ncr], and after redirection: [https://www.google.com] @17-11-2021 01:50:45.0147 AM
[ReportManager] Initial URL: [https://duckduckgo.com] @17-11-2021 01:50:45.0189 AM
[ReportManager] Browser Action [NavigateToURL] successfully performed. With the following test data [https://www.google.com/ncr]. @17-11-2021 01:50:46.0591 A
[ReportManager] Target URL: [https://duckduckgo.com] @17-11-2021 01:50:46.0593 AM
[ReportManager] Initial URL: [https://www.google.com] @17-11-2021 01:50:46.0620 AM
[ReportManager] Browser Action [NavigateToURL] successfully performed. With the following test data [https://duckduckgo.com]. @17-11-2021 01:50:46.0934 AM
[ReportManager] Browser Action [CloseCurrentWindow] successfully performed. @17-11-2021 01:50:47.0248 AM
[ReportManager] Successfully created attachment [Browser Action Test Data - CloseCurrentWindow - Actual Value] @17-11-2021 01:50:47.0249 A
[ReportManager] File Action [GetAbsolutePath] successfully performed. With the following test data [Relative Folder Path: "target/downloadedFiles/"]. @17-11-2021 01:50:47.0252 AM
[ReportManager] Attempting to run locally on: [Mac-64], [Safari], Headless Execution. @17-11-2021 01:50:47.0253 AM
[ReportManager] Successfully Opened Safari. @17-11-2021 01:50:48.0119 AM
[ReportManager] Initial window size: (800, 600) @17-11-2021 01:50:48.0140 AM
[ReportManager] Window size after SWD Maximize: (1176, 811) @17-11-2021 01:50:48.0175 AM
[ReportManager] Browser Action [MaximizeWindow] successfully performed. With the following test data [New screen size is now: (1176, 811)]. @17-11-2021 01:50:48.0176 AM
[ReportManager] Target URL: [https://duckduckgo.com] @17-11-2021 01:50:48.0176 AM
[ReportManager] Initial URL: [] @17-11-2021 01:50:48.0209 AM
[ReportManager] Browser Action [NavigateToURL] successfully performed. With the following test data [https://duckduckgo.com]. @17-11-2021 01:50:48.0828 A

################################################################################################################################################
Starting Execution:	[18 out of 146] test cases in the current suite
Test Method:		[unitTests.tests_browserActions.refreshCurrentPage]
################################################################################################################################################
[ReportManager] Browser Action [RefreshCurrentPage] successfully performed. @17-11-2021 01:50:49.0040 AM
[ReportManager] Successfully created attachment [Browser Action Test Data - RefreshCurrentPage - Actual Value] @17-11-2021 01:50:49.0041 A
[ReportManager] Target URL: [https://duckduckgo.com] @17-11-2021 01:50:49.0047 AM
[ReportManager] Initial URL: [https://duckduckgo.com] @17-11-2021 01:50:49.0084 AM
[ReportManager] Browser Action [NavigateToURL] successfully performed. With the following test data [https://duckduckgo.com]. @17-11-2021 01:50:49.0386 AM
[ReportManager] Browser Action [CloseCurrentWindow] successfully performed. @17-11-2021 01:50:49.0743 AM
[ReportManager] Successfully created attachment [Browser Action Test Data - CloseCurrentWindow - Actual Value] @17-11-2021 01:50:49.0744 A
[ReportManager] File Action [GetAbsolutePath] successfully performed. With the following test data [Relative Folder Path: "target/downloadedFiles/"]. @17-11-2021 01:50:49.0751 AM
[ReportManager] Attempting to run locally on: [Mac-64], [Safari], Headless Execution. @17-11-2021 01:50:49.0751 AM
[ReportManager] Successfully Opened Safari. @17-11-2021 01:50:50.0592 AM
[ReportManager] Initial window size: (800, 600) @17-11-2021 01:50:50.0617 AM
[ReportManager] Window size after SWD Maximize: (1176, 811) @17-11-2021 01:50:50.0636 AM
[ReportManager] Browser Action [MaximizeWindow] successfully performed. With the following test data [New screen size is now: (1176, 811)]. @17-11-2021 01:50:50.0637 AM
[ReportManager] Target URL: [https://duckduckgo.com] @17-11-2021 01:50:50.0637 AM
[ReportManager] Initial URL: [] @17-11-2021 01:50:50.0730 AM
[ReportManager] Browser Action [NavigateToURL] successfully performed. With the following test data [https://duckduckgo.com]. @17-11-2021 01:50:51.0369 A

################################################################################################################################################
Starting Execution:	[19 out of 146] test cases in the current suite
Test Method:		[unitTests.tests_browserActions.setWindowSize]
################################################################################################################################################
[ReportManager] Initial window size: (1176, 811) @17-11-2021 01:50:51.0375 AM
[ReportManager] Window size after SWD: (1280, 720) @17-11-2021 01:50:51.0403 AM
[ReportManager] Browser Action [SetWindowSize] successfully performed. With the following test data [New screen size is now: (1280, 720)]. @17-11-2021 01:50:51.0404 A
[ReportManager] Target URL: [https://duckduckgo.com] @17-11-2021 01:50:51.0407 AM
[ReportManager] Initial URL: [https://duckduckgo.com] @17-11-2021 01:50:51.0446 AM
[ReportManager] Browser Action [NavigateToURL] successfully performed. With the following test data [https://duckduckgo.com]. @17-11-2021 01:50:51.0726 AM
[ReportManager] Browser Action [CloseCurrentWindow] successfully performed. @17-11-2021 01:50:52.0086 AM
[ReportManager] Successfully created attachment [Browser Action Test Data - CloseCurrentWindow - Actual Value] @17-11-2021 01:50:52.0087 A
[ReportManager] Successfully loaded the following test data file [src/test/resources/TestDataFiles/testSuite01/TestData.xlsx]. @17-11-2021 01:50:53.0616 AM
[ReportManager] Successfully created attachment [Test Data - Excel] @17-11-2021 01:50:53.0617 A

################################################################################################################################################
Starting Execution:	[20 out of 146] test cases in the current suite
Test Method:		[unitTests.tests_io_excelFileManager.getCellData_rowName_expectedToPass]
################################################################################################################################################
[ReportManager] testRowData. @17-11-2021 01:50:53.0638 A

################################################################################################################################################
Starting Execution:	[21 out of 146] test cases in the current suite
Test Method:		[unitTests.tests_validations_assertions.assertComparativeRelation_greaterThanOrEquals_false_equals_expectedToFail]
################################################################################################################################################
[ReportManager] Assertion [ValidateComparativeRelation] FAILED. Expected [1] and Actual [1]. Comparison Type [GREATER_THAN_OR_EQUALS]. Validation Type [NEGATIVE]. @17-11-2021 01:50:53.0652 A

################################################################################################################################################
Starting Execution:	[22 out of 146] test cases in the current suite
Test Method:		[unitTests.tests_validations_assertions.assertComparativeRelation_greaterThanOrEquals_false_equals_expectedToPass]
################################################################################################################################################
[ReportManager] Assertion [ValidateComparativeRelation] PASSED. Expected [2] and Actual [1]. Comparison Type [GREATER_THAN_OR_EQUALS]. Validation Type [NEGATIVE]. @17-11-2021 01:50:53.0663 A

################################################################################################################################################
Starting Execution:	[23 out of 146] test cases in the current suite
Test Method:		[unitTests.tests_validations_assertions.assertComparativeRelation_greaterThanOrEquals_false_greaterThan_expectedToFail]
################################################################################################################################################
[ReportManager] Assertion [ValidateComparativeRelation] FAILED. Expected [1] and Actual [2]. Comparison Type [GREATER_THAN_OR_EQUALS]. Validation Type [NEGATIVE]. @17-11-2021 01:50:53.0678 A

################################################################################################################################################
Starting Execution:	[24 out of 146] test cases in the current suite
Test Method:		[unitTests.tests_validations_assertions.assertComparativeRelation_greaterThanOrEquals_false_greaterThan_expectedToPass]
################################################################################################################################################
[ReportManager] Assertion [ValidateComparativeRelation] PASSED. Expected [2] and Actual [1]. Comparison Type [GREATER_THAN_OR_EQUALS]. Validation Type [NEGATIVE]. @17-11-2021 01:50:53.0690 A

################################################################################################################################################
Starting Execution:	[25 out of 146] test cases in the current suite
Test Method:		[unitTests.tests_validations_assertions.assertComparativeRelation_greaterThanOrEquals_true_equals_expectedToFail]
################################################################################################################################################
[ReportManager] Assertion [ValidateComparativeRelation] FAILED. Expected [1] and Actual [0]. Comparison Type [GREATER_THAN_OR_EQUALS]. Validation Type [POSITIVE]. @17-11-2021 01:50:53.0698 A

################################################################################################################################################
Starting Execution:	[26 out of 146] test cases in the current suite
Test Method:		[unitTests.tests_validations_assertions.assertComparativeRelation_greaterThanOrEquals_true_equals_expectedToPass]
################################################################################################################################################
[ReportManager] Assertion [ValidateComparativeRelation] PASSED. Expected [1] and Actual [1]. Comparison Type [GREATER_THAN_OR_EQUALS]. Validation Type [POSITIVE]. @17-11-2021 01:50:53.0707 A

################################################################################################################################################
Starting Execution:	[27 out of 146] test cases in the current suite
Test Method:		[unitTests.tests_validations_assertions.assertComparativeRelation_greaterThanOrEquals_true_greaterThan_expectedToFail]
################################################################################################################################################
[ReportManager] Assertion [ValidateComparativeRelation] FAILED. Expected [2] and Actual [1]. Comparison Type [GREATER_THAN_OR_EQUALS]. Validation Type [POSITIVE]. @17-11-2021 01:50:53.0715 A

################################################################################################################################################
Starting Execution:	[28 out of 146] test cases in the current suite
Test Method:		[unitTests.tests_validations_assertions.assertComparativeRelation_greaterThanOrEquals_true_greaterThan_expectedToPass]
################################################################################################################################################
[ReportManager] Assertion [ValidateComparativeRelation] PASSED. Expected [1] and Actual [2]. Comparison Type [GREATER_THAN_OR_EQUALS]. Validation Type [POSITIVE]. @17-11-2021 01:50:53.0725 A
[ReportManager] File Action [GetAbsolutePath] successfully performed. With the following test data [Relative Folder Path: "target/downloadedFiles/"]. @17-11-2021 01:50:53.0730 AM
[ReportManager] Attempting to run locally on: [Mac-64], [Safari], Headless Execution. @17-11-2021 01:50:53.0731 AM
[ReportManager] Successfully Opened Safari. @17-11-2021 01:50:54.0678 AM
[ReportManager] Initial window size: (800, 600) @17-11-2021 01:50:54.0688 AM
[ReportManager] Window size after SWD Maximize: (1176, 811) @17-11-2021 01:50:54.0704 AM
[ReportManager] Browser Action [MaximizeWindow] successfully performed. With the following test data [New screen size is now: (1176, 811)]. @17-11-2021 01:50:54.0704 AM
[ReportManager] Target URL: [https://www.google.com/ncr], and after redirection: [www.google.com] @17-11-2021 01:50:54.0704 AM
[ReportManager] Initial URL: [] @17-11-2021 01:50:54.0757 AM
[ReportManager] Browser Action [NavigateToURL] successfully performed. With the following test data [https://www.google.com/ncr]. @17-11-2021 01:50:55.0710 A

################################################################################################################################################
Starting Execution:	[29 out of 146] test cases in the current suite
Test Method:		[unitTests.tests_validations_assertions.assertElementAttribute_false_caseInsensitiveComparison_expectedToFail]
################################################################################################################################################
[ReportManager] Element Action [Type] successfully performed. With the following test data [AUTOMATION]. @17-11-2021 01:50:56.0238 AM
[ReportManager] Element Action [GetText] successfully performed. With the following test data [AUTOMATION]. @17-11-2021 01:50:56.0307 AM
[ReportManager] Loaded Shared OpenCV @17-11-2021 01:50:57.0378 AM
[ReportManager] Assertion [ValidateElementAttribute] FAILED. Expected [Value Should not be 'AutomaTion' for the 'text' attribute, element locator 'By.name: q'] and Actual [AUTOMATION]. Comparison Type [CASE_INSENSITIVE]. Validation Type [NEGATIVE]. @17-11-2021 01:50:57.0754 AM
[ReportManager] Successfully created attachment [Screenshot - 1637113856375_assertElementAttribute_false_caseInsensitiveComparison_expectedToFail_ValidateElementAttribute_failed] @17-11-2021 01:50:57.0759 A
[ReportManager] Browser Action [CloseCurrentWindow] successfully performed. @17-11-2021 01:50:58.0017 AM
[ReportManager] Successfully created attachment [Browser Action Test Data - CloseCurrentWindow - Actual Value] @17-11-2021 01:50:58.0019 A
[ReportManager] File Action [GetAbsolutePath] successfully performed. With the following test data [Relative Folder Path: "target/downloadedFiles/"]. @17-11-2021 01:50:58.0028 AM
[ReportManager] Attempting to run locally on: [Mac-64], [Safari], Headless Execution. @17-11-2021 01:50:58.0031 AM
[ReportManager] Successfully Opened Safari. @17-11-2021 01:50:58.0893 AM
[ReportManager] Initial window size: (800, 600) @17-11-2021 01:50:58.0899 AM
[ReportManager] Window size after SWD Maximize: (1176, 811) @17-11-2021 01:50:58.0918 AM
[ReportManager] Browser Action [MaximizeWindow] successfully performed. With the following test data [New screen size is now: (1176, 811)]. @17-11-2021 01:50:58.0919 AM
[ReportManager] Target URL: [https://www.google.com/ncr], and after redirection: [www.google.com] @17-11-2021 01:50:58.0919 AM
[ReportManager] Initial URL: [] @17-11-2021 01:50:58.0986 AM
[ReportManager] Browser Action [NavigateToURL] successfully performed. With the following test data [https://www.google.com/ncr]. @17-11-2021 01:51:00.0463 A

################################################################################################################################################
Starting Execution:	[30 out of 146] test cases in the current suite
Test Method:		[unitTests.tests_validations_assertions.assertElementAttribute_false_caseInsensitiveComparison_expectedToPass]
################################################################################################################################################
[ReportManager] Element Action [Type] successfully performed. With the following test data [AUTOMATION]. @17-11-2021 01:51:00.0906 AM
[ReportManager] Element Action [GetText] successfully performed. With the following test data [AUTOMATION]. @17-11-2021 01:51:00.0971 AM
[ReportManager] Loaded Shared OpenCV @17-11-2021 01:51:01.0090 AM
[ReportManager] Assertion [ValidateElementAttribute] PASSED. Expected [Value Should not be 'AutomaTion123' for the 'text' attribute, element locator 'By.name: q'] and Actual [AUTOMATION]. Comparison Type [CASE_INSENSITIVE]. Validation Type [NEGATIVE]. @17-11-2021 01:51:01.0204 AM
[ReportManager] Successfully created attachment [Screenshot - 1637113861090_assertElementAttribute_false_caseInsensitiveComparison_expectedToPass_ValidateElementAttribute_passed] @17-11-2021 01:51:01.0206 A
[ReportManager] Browser Action [CloseCurrentWindow] successfully performed. @17-11-2021 01:51:01.0379 AM
[ReportManager] Successfully created attachment [Browser Action Test Data - CloseCurrentWindow - Actual Value] @17-11-2021 01:51:01.0381 A
[ReportManager] File Action [GetAbsolutePath] successfully performed. With the following test data [Relative Folder Path: "target/downloadedFiles/"]. @17-11-2021 01:51:01.0387 AM
[ReportManager] Attempting to run locally on: [Mac-64], [Safari], Headless Execution. @17-11-2021 01:51:01.0388 AM
[ReportManager] Successfully Opened Safari. @17-11-2021 01:51:02.0258 AM
[ReportManager] Initial window size: (800, 600) @17-11-2021 01:51:02.0272 AM
[ReportManager] Window size after SWD Maximize: (1176, 811) @17-11-2021 01:51:02.0302 AM
[ReportManager] Browser Action [MaximizeWindow] successfully performed. With the following test data [New screen size is now: (1176, 811)]. @17-11-2021 01:51:02.0303 AM
[ReportManager] Target URL: [https://www.google.com/ncr], and after redirection: [www.google.com] @17-11-2021 01:51:02.0303 AM
[ReportManager] Initial URL: [] @17-11-2021 01:51:02.0370 AM
[ReportManager] Browser Action [NavigateToURL] successfully performed. With the following test data [https://www.google.com/ncr]. @17-11-2021 01:51:03.0306 A

################################################################################################################################################
Starting Execution:	[31 out of 146] test cases in the current suite
Test Method:		[unitTests.tests_validations_assertions.assertElementAttribute_false_containsComparison_expectedToFail]
################################################################################################################################################
[ReportManager] Element Action [Type] successfully performed. With the following test data [Automation123]. @17-11-2021 01:51:04.0033 AM
[ReportManager] Element Action [GetText] successfully performed. With the following test data [Automation123]. @17-11-2021 01:51:04.0131 AM
[ReportManager] Loaded Shared OpenCV @17-11-2021 01:51:04.0195 AM
[ReportManager] Assertion [ValidateElementAttribute] FAILED. Expected [Value Should not be 'Automation' for the 'text' attribute, element locator 'By.name: q'] and Actual [Automation123]. Comparison Type [CONTAINS]. Validation Type [NEGATIVE]. @17-11-2021 01:51:04.0425 AM
[ReportManager] Successfully created attachment [Screenshot - 1637113864195_assertElementAttribute_false_containsComparison_expectedToFail_ValidateElementAttribute_failed] @17-11-2021 01:51:04.0427 A
[ReportManager] Browser Action [CloseCurrentWindow] successfully performed. @17-11-2021 01:51:04.0593 AM
[ReportManager] Successfully created attachment [Browser Action Test Data - CloseCurrentWindow - Actual Value] @17-11-2021 01:51:04.0679 A
[ReportManager] File Action [GetAbsolutePath] successfully performed. With the following test data [Relative Folder Path: "target/downloadedFiles/"]. @17-11-2021 01:51:04.0738 AM
[ReportManager] Attempting to run locally on: [Mac-64], [Safari], Headless Execution. @17-11-2021 01:51:04.0738 AM
[ReportManager] Successfully Opened Safari. @17-11-2021 01:51:05.0792 AM
[ReportManager] Initial window size: (800, 600) @17-11-2021 01:51:05.0819 AM
[ReportManager] Window size after SWD Maximize: (1176, 811) @17-11-2021 01:51:05.0845 AM
[ReportManager] Browser Action [MaximizeWindow] successfully performed. With the following test data [New screen size is now: (1176, 811)]. @17-11-2021 01:51:05.0845 AM
[ReportManager] Target URL: [https://www.google.com/ncr], and after redirection: [www.google.com] @17-11-2021 01:51:05.0845 AM
[ReportManager] Initial URL: [] @17-11-2021 01:51:05.0945 AM
[ReportManager] Browser Action [NavigateToURL] successfully performed. With the following test data [https://www.google.com/ncr]. @17-11-2021 01:51:07.0154 A

################################################################################################################################################
Starting Execution:	[32 out of 146] test cases in the current suite
Test Method:		[unitTests.tests_validations_assertions.assertElementAttribute_false_containsComparison_expectedToPass]
################################################################################################################################################
[ReportManager] Element Action [Type] successfully performed. With the following test data [Automation123]. @17-11-2021 01:51:07.0916 AM
[ReportManager] Element Action [GetText] successfully performed. With the following test data [Automation123]. @17-11-2021 01:51:08.0001 AM
[ReportManager] Loaded Shared OpenCV @17-11-2021 01:51:08.0084 AM
[ReportManager] Assertion [ValidateElementAttribute] PASSED. Expected [Value Should not be 'Automation1234' for the 'text' attribute, element locator 'By.name: q'] and Actual [Automation123]. Comparison Type [CONTAINS]. Validation Type [NEGATIVE]. @17-11-2021 01:51:08.0382 AM
[ReportManager] Successfully created attachment [Screenshot - 1637113868084_assertElementAttribute_false_containsComparison_expectedToPass_ValidateElementAttribute_passed] @17-11-2021 01:51:08.0465 A
[ReportManager] Browser Action [CloseCurrentWindow] successfully performed. @17-11-2021 01:51:08.0930 AM
[ReportManager] Successfully created attachment [Browser Action Test Data - CloseCurrentWindow - Actual Value] @17-11-2021 01:51:08.0972 A
[ReportManager] File Action [GetAbsolutePath] successfully performed. With the following test data [Relative Folder Path: "target/downloadedFiles/"]. @17-11-2021 01:51:09.0098 AM
[ReportManager] Attempting to run locally on: [Mac-64], [Safari], Headless Execution. @17-11-2021 01:51:09.0099 AM
[ReportManager] Successfully Opened Safari. @17-11-2021 01:51:09.0941 AM
[ReportManager] Initial window size: (800, 600) @17-11-2021 01:51:09.0968 AM
[ReportManager] Window size after SWD Maximize: (1176, 811) @17-11-2021 01:51:09.0995 AM
[ReportManager] Browser Action [MaximizeWindow] successfully performed. With the following test data [New screen size is now: (1176, 811)]. @17-11-2021 01:51:09.0996 AM
[ReportManager] Target URL: [https://www.google.com/ncr], and after redirection: [www.google.com] @17-11-2021 01:51:09.0996 AM
[ReportManager] Initial URL: [] @17-11-2021 01:51:10.0064 AM
[ReportManager] Browser Action [NavigateToURL] successfully performed. With the following test data [https://www.google.com/ncr]. @17-11-2021 01:51:11.0363 A

################################################################################################################################################
Starting Execution:	[33 out of 146] test cases in the current suite
Test Method:		[unitTests.tests_validations_assertions.assertElementAttribute_false_literalComparison_expectedToFail]
################################################################################################################################################
[ReportManager] Element Action [Type] successfully performed. With the following test data [Automation!@#$%^&*()_+{}[]\';/.,]. @17-11-2021 01:51:12.0495 AM
[ReportManager] Element Action [GetText] successfully performed. With the following test data [Automation!@#$%^&*()_+{}[]\';/.,]. @17-11-2021 01:51:12.0553 AM
[ReportManager] Loaded Shared OpenCV @17-11-2021 01:51:12.0608 AM
[ReportManager] Assertion [ValidateElementAttribute] PASSED. Expected [Value Should not be 'Automation!@#$%^&*()_+{}[]\\';/.,' for the 'text' attribute, element locator 'By.name: q'] and Actual [Automation!@#$%^&*()_+{}[]\';/.,]. Comparison Type [EQUALS]. Validation Type [NEGATIVE]. @17-11-2021 01:51:12.0877 AM
[ReportManager] Successfully created attachment [Screenshot - 1637113872608_assertElementAttribute_false_literalComparison_expectedToFail_ValidateElementAttribute_passed] @17-11-2021 01:51:12.0961 A
[ReportManager] Browser Action [CloseCurrentWindow] successfully performed. @17-11-2021 01:51:13.0398 AM
[ReportManager] Successfully created attachment [Browser Action Test Data - CloseCurrentWindow - Actual Value] @17-11-2021 01:51:13.0480 A
[ReportManager] File Action [GetAbsolutePath] successfully performed. With the following test data [Relative Folder Path: "target/downloadedFiles/"]. @17-11-2021 01:51:13.0605 AM
[ReportManager] Attempting to run locally on: [Mac-64], [Safari], Headless Execution. @17-11-2021 01:51:13.0606 AM
[ReportManager] Successfully Opened Safari. @17-11-2021 01:51:14.0444 AM
[ReportManager] Initial window size: (800, 600) @17-11-2021 01:51:14.0451 AM
[ReportManager] Window size after SWD Maximize: (1176, 811) @17-11-2021 01:51:14.0473 AM
[ReportManager] Browser Action [MaximizeWindow] successfully performed. With the following test data [New screen size is now: (1176, 811)]. @17-11-2021 01:51:14.0473 AM
[ReportManager] Target URL: [https://www.google.com/ncr], and after redirection: [www.google.com] @17-11-2021 01:51:14.0474 AM
[ReportManager] Initial URL: [] @17-11-2021 01:51:14.0555 AM
[ReportManager] Browser Action [NavigateToURL] successfully performed. With the following test data [https://www.google.com/ncr]. @17-11-2021 01:51:15.0523 A

################################################################################################################################################
Starting Execution:	[34 out of 146] test cases in the current suite
Test Method:		[unitTests.tests_validations_assertions.assertElementAttribute_false_literalComparison_expectedToPass]
################################################################################################################################################
[ReportManager] Element Action [Type] successfully performed. With the following test data [Automation!@#$%^&*()_+{}[]\';/.,]. @17-11-2021 01:51:16.0894 AM
[ReportManager] Element Action [GetText] successfully performed. With the following test data [Automation!@#$%^&*()_+{}[]\';/.,]. @17-11-2021 01:51:16.0956 AM
[ReportManager] Loaded Shared OpenCV @17-11-2021 01:51:17.0016 AM
[ReportManager] Assertion [ValidateElementAttribute] PASSED. Expected [Value Should not be 'Automation' for the 'text' attribute, element locator 'By.name: q'] and Actual [Automation!@#$%^&*()_+{}[]\';/.,]. Comparison Type [EQUALS]. Validation Type [NEGATIVE]. @17-11-2021 01:51:17.0320 AM
[ReportManager] Successfully created attachment [Screenshot - 1637113877015_assertElementAttribute_false_literalComparison_expectedToPass_ValidateElementAttribute_passed] @17-11-2021 01:51:17.0404 A
[ReportManager] Browser Action [CloseCurrentWindow] successfully performed. @17-11-2021 01:51:17.0877 AM
[ReportManager] Successfully created attachment [Browser Action Test Data - CloseCurrentWindow - Actual Value] @17-11-2021 01:51:17.0915 A
[ReportManager] File Action [GetAbsolutePath] successfully performed. With the following test data [Relative Folder Path: "target/downloadedFiles/"]. @17-11-2021 01:51:17.0964 AM
[ReportManager] Attempting to run locally on: [Mac-64], [Safari], Headless Execution. @17-11-2021 01:51:17.0964 AM
[ReportManager] Successfully Opened Safari. @17-11-2021 01:51:18.0874 AM
[ReportManager] Initial window size: (800, 600) @17-11-2021 01:51:18.0884 AM
[ReportManager] Window size after SWD Maximize: (1176, 811) @17-11-2021 01:51:18.0906 AM
[ReportManager] Browser Action [MaximizeWindow] successfully performed. With the following test data [New screen size is now: (1176, 811)]. @17-11-2021 01:51:18.0907 AM
[ReportManager] Target URL: [https://www.google.com/ncr], and after redirection: [www.google.com] @17-11-2021 01:51:18.0907 AM
[ReportManager] Initial URL: [] @17-11-2021 01:51:18.0986 AM
[ReportManager] Browser Action [NavigateToURL] successfully performed. With the following test data [https://www.google.com/ncr]. @17-11-2021 01:51:20.0114 A

################################################################################################################################################
Starting Execution:	[35 out of 146] test cases in the current suite
Test Method:		[unitTests.tests_validations_assertions.assertElementAttribute_false_regexComparison_expectedToFail]
################################################################################################################################################
[ReportManager] Element Action [Type] successfully performed. With the following test data [Automation123]. @17-11-2021 01:51:20.0822 AM
[ReportManager] Element Action [GetText] successfully performed. With the following test data [Automation123]. @17-11-2021 01:51:20.0879 AM
[ReportManager] Loaded Shared OpenCV @17-11-2021 01:51:20.0935 AM
[ReportManager] Assertion [ValidateElementAttribute] FAILED. Expected [Value Should not be 'Automation.*' for the 'text' attribute, element locator 'By.name: q'] and Actual [Automation123]. Comparison Type [MATCHES]. Validation Type [NEGATIVE]. @17-11-2021 01:51:21.0207 AM
[ReportManager] Successfully created attachment [Screenshot - 1637113880935_assertElementAttribute_false_regexComparison_expectedToFail_ValidateElementAttribute_failed] @17-11-2021 01:51:21.0290 A
[ReportManager] Browser Action [CloseCurrentWindow] successfully performed. @17-11-2021 01:51:21.0758 AM
[ReportManager] Successfully created attachment [Browser Action Test Data - CloseCurrentWindow - Actual Value] @17-11-2021 01:51:21.0799 A
[ReportManager] File Action [GetAbsolutePath] successfully performed. With the following test data [Relative Folder Path: "target/downloadedFiles/"]. @17-11-2021 01:51:21.0925 AM
[ReportManager] Attempting to run locally on: [Mac-64], [Safari], Headless Execution. @17-11-2021 01:51:21.0926 AM
[ReportManager] Successfully Opened Safari. @17-11-2021 01:51:22.0721 AM
[ReportManager] Initial window size: (800, 600) @17-11-2021 01:51:22.0758 AM
[ReportManager] Window size after SWD Maximize: (1176, 811) @17-11-2021 01:51:22.0786 AM
[ReportManager] Browser Action [MaximizeWindow] successfully performed. With the following test data [New screen size is now: (1176, 811)]. @17-11-2021 01:51:22.0787 AM
[ReportManager] Target URL: [https://www.google.com/ncr], and after redirection: [www.google.com] @17-11-2021 01:51:22.0787 AM
[ReportManager] Initial URL: [] @17-11-2021 01:51:22.0852 AM
[ReportManager] Browser Action [NavigateToURL] successfully performed. With the following test data [https://www.google.com/ncr]. @17-11-2021 01:51:23.0982 A

################################################################################################################################################
Starting Execution:	[36 out of 146] test cases in the current suite
Test Method:		[unitTests.tests_validations_assertions.assertElementAttribute_false_regexComparison_expectedToPass]
################################################################################################################################################
[ReportManager] Element Action [Type] successfully performed. With the following test data [Automation123]. @17-11-2021 01:51:24.0639 AM
[ReportManager] Element Action [GetText] successfully performed. With the following test data [Automation123]. @17-11-2021 01:51:24.0703 AM
[ReportManager] Loaded Shared OpenCV @17-11-2021 01:51:24.0770 AM
[ReportManager] Assertion [ValidateElementAttribute] PASSED. Expected [Value Should not be 'Automation' for the 'text' attribute, element locator 'By.name: q'] and Actual [Automation123]. Comparison Type [MATCHES]. Validation Type [NEGATIVE]. @17-11-2021 01:51:24.0972 AM
[ReportManager] Successfully created attachment [Screenshot - 1637113884770_assertElementAttribute_false_regexComparison_expectedToPass_ValidateElementAttribute_passed] @17-11-2021 01:51:24.0973 A
[ReportManager] Browser Action [CloseCurrentWindow] successfully performed. @17-11-2021 01:51:25.0263 AM
[ReportManager] Successfully created attachment [Browser Action Test Data - CloseCurrentWindow - Actual Value] @17-11-2021 01:51:25.0285 A
[ReportManager] File Action [GetAbsolutePath] successfully performed. With the following test data [Relative Folder Path: "target/downloadedFiles/"]. @17-11-2021 01:51:25.0290 AM
[ReportManager] Attempting to run locally on: [Mac-64], [Safari], Headless Execution. @17-11-2021 01:51:25.0290 AM
[ReportManager] Successfully Opened Safari. @17-11-2021 01:51:26.0195 AM
[ReportManager] Initial window size: (800, 600) @17-11-2021 01:51:26.0207 AM
[ReportManager] Window size after SWD Maximize: (1176, 811) @17-11-2021 01:51:26.0315 AM
[ReportManager] Browser Action [MaximizeWindow] successfully performed. With the following test data [New screen size is now: (1176, 811)]. @17-11-2021 01:51:26.0315 AM
[ReportManager] Target URL: [https://www.google.com/ncr], and after redirection: [www.google.com] @17-11-2021 01:51:26.0315 AM
[ReportManager] Initial URL: [] @17-11-2021 01:51:26.0391 AM
[ReportManager] Browser Action [NavigateToURL] successfully performed. With the following test data [https://www.google.com/ncr]. @17-11-2021 01:51:27.0665 A

################################################################################################################################################
Starting Execution:	[37 out of 146] test cases in the current suite
Test Method:		[unitTests.tests_validations_assertions.assertElementAttribute_true_caseInsensitiveComparison_expectedToFail]
################################################################################################################################################
[ReportManager] Element Action [Type] successfully performed. With the following test data [AUTOMATION]. @17-11-2021 01:51:28.0287 AM
[ReportManager] Element Action [GetText] successfully performed. With the following test data [AUTOMATION]. @17-11-2021 01:51:28.0363 AM
[ReportManager] Loaded Shared OpenCV @17-11-2021 01:51:28.0425 AM
[ReportManager] Assertion [ValidateElementAttribute] FAILED. Expected [Value Should be 'AutomaTion123' for the 'text' attribute, element locator 'By.name: q'] and Actual [AUTOMATION]. Comparison Type [CASE_INSENSITIVE]. Validation Type [POSITIVE]. @17-11-2021 01:51:28.0727 AM
[ReportManager] Successfully created attachment [Screenshot - 1637113888425_assertElementAttribute_true_caseInsensitiveComparison_expectedToFail_ValidateElementAttribute_failed] @17-11-2021 01:51:28.0810 A
[ReportManager] Browser Action [CloseCurrentWindow] successfully performed. @17-11-2021 01:51:29.0283 AM
[ReportManager] Successfully created attachment [Browser Action Test Data - CloseCurrentWindow - Actual Value] @17-11-2021 01:51:29.0324 A
[ReportManager] File Action [GetAbsolutePath] successfully performed. With the following test data [Relative Folder Path: "target/downloadedFiles/"]. @17-11-2021 01:51:29.0449 AM
[ReportManager] Attempting to run locally on: [Mac-64], [Safari], Headless Execution. @17-11-2021 01:51:29.0449 AM
[ReportManager] Successfully Opened Safari. @17-11-2021 01:51:30.0255 AM
[ReportManager] Initial window size: (800, 600) @17-11-2021 01:51:30.0284 AM
[ReportManager] Window size after SWD Maximize: (1176, 811) @17-11-2021 01:51:30.0306 AM
[ReportManager] Browser Action [MaximizeWindow] successfully performed. With the following test data [New screen size is now: (1176, 811)]. @17-11-2021 01:51:30.0307 AM
[ReportManager] Target URL: [https://www.google.com/ncr], and after redirection: [www.google.com] @17-11-2021 01:51:30.0307 AM
[ReportManager] Initial URL: [] @17-11-2021 01:51:30.0389 AM
[ReportManager] Browser Action [NavigateToURL] successfully performed. With the following test data [https://www.google.com/ncr]. @17-11-2021 01:51:31.0964 A

################################################################################################################################################
Starting Execution:	[38 out of 146] test cases in the current suite
Test Method:		[unitTests.tests_validations_assertions.assertElementAttribute_true_caseInsensitiveComparison_expectedToPass]
################################################################################################################################################
[ReportManager] Element Action [Type] successfully performed. With the following test data [AUTOMATION]. @17-11-2021 01:51:32.0484 AM
[ReportManager] Element Action [GetText] successfully performed. With the following test data [AUTOMATION]. @17-11-2021 01:51:32.0539 AM
[ReportManager] Loaded Shared OpenCV @17-11-2021 01:51:32.0601 AM
[ReportManager] Assertion [ValidateElementAttribute] PASSED. Expected [Value Should be 'AutomaTion' for the 'text' attribute, element locator 'By.name: q'] and Actual [AUTOMATION]. Comparison Type [CASE_INSENSITIVE]. Validation Type [POSITIVE]. @17-11-2021 01:51:32.0887 AM
[ReportManager] Successfully created attachment [Screenshot - 1637113892601_assertElementAttribute_true_caseInsensitiveComparison_expectedToPass_ValidateElementAttribute_passed] @17-11-2021 01:51:32.0971 A
[ReportManager] Browser Action [CloseCurrentWindow] successfully performed. @17-11-2021 01:51:33.0416 AM
[ReportManager] Successfully created attachment [Browser Action Test Data - CloseCurrentWindow - Actual Value] @17-11-2021 01:51:33.0457 A
[ReportManager] File Action [GetAbsolutePath] successfully performed. With the following test data [Relative Folder Path: "target/downloadedFiles/"]. @17-11-2021 01:51:33.0583 AM
[ReportManager] Attempting to run locally on: [Mac-64], [Safari], Headless Execution. @17-11-2021 01:51:33.0583 AM
[ReportManager] Successfully Opened Safari. @17-11-2021 01:51:34.0373 AM
[ReportManager] Initial window size: (800, 600) @17-11-2021 01:51:34.0394 AM
[ReportManager] Window size after SWD Maximize: (1176, 811) @17-11-2021 01:51:34.0407 AM
[ReportManager] Browser Action [MaximizeWindow] successfully performed. With the following test data [New screen size is now: (1176, 811)]. @17-11-2021 01:51:34.0408 AM
[ReportManager] Target URL: [https://www.google.com/ncr], and after redirection: [www.google.com] @17-11-2021 01:51:34.0408 AM
[ReportManager] Initial URL: [] @17-11-2021 01:51:34.0466 AM
[ReportManager] Browser Action [NavigateToURL] successfully performed. With the following test data [https://www.google.com/ncr]. @17-11-2021 01:51:35.0905 A

################################################################################################################################################
Starting Execution:	[39 out of 146] test cases in the current suite
Test Method:		[unitTests.tests_validations_assertions.assertElementAttribute_true_containsComparison_expectedToFail]
################################################################################################################################################
[ReportManager] Element Action [Type] successfully performed. With the following test data [Automation123]. @17-11-2021 01:51:36.0504 AM
[ReportManager] Element Action [GetText] successfully performed. With the following test data [Automation123]. @17-11-2021 01:51:36.0575 AM
[ReportManager] Loaded Shared OpenCV @17-11-2021 01:51:36.0629 AM
[ReportManager] Assertion [ValidateElementAttribute] FAILED. Expected [Value Should be 'Automation1234' for the 'text' attribute, element locator 'By.name: q'] and Actual [Automation123]. Comparison Type [CONTAINS]. Validation Type [POSITIVE]. @17-11-2021 01:51:36.0823 AM
[ReportManager] Successfully created attachment [Screenshot - 1637113896629_assertElementAttribute_true_containsComparison_expectedToFail_ValidateElementAttribute_failed] @17-11-2021 01:51:36.0908 A
[ReportManager] Browser Action [CloseCurrentWindow] successfully performed. @17-11-2021 01:51:37.0191 AM
[ReportManager] Successfully created attachment [Browser Action Test Data - CloseCurrentWindow - Actual Value] @17-11-2021 01:51:37.0217 A
[ReportManager] File Action [GetAbsolutePath] successfully performed. With the following test data [Relative Folder Path: "target/downloadedFiles/"]. @17-11-2021 01:51:37.0238 AM
[ReportManager] Attempting to run locally on: [Mac-64], [Safari], Headless Execution. @17-11-2021 01:51:37.0239 AM
[ReportManager] Successfully Opened Safari. @17-11-2021 01:51:38.0123 AM
[ReportManager] Initial window size: (800, 600) @17-11-2021 01:51:38.0132 AM
[ReportManager] Window size after SWD Maximize: (1176, 811) @17-11-2021 01:51:38.0157 AM
[ReportManager] Browser Action [MaximizeWindow] successfully performed. With the following test data [New screen size is now: (1176, 811)]. @17-11-2021 01:51:38.0157 AM
[ReportManager] Target URL: [https://www.google.com/ncr], and after redirection: [www.google.com] @17-11-2021 01:51:38.0157 AM
[ReportManager] Initial URL: [] @17-11-2021 01:51:38.0227 AM
[ReportManager] Browser Action [NavigateToURL] successfully performed. With the following test data [https://www.google.com/ncr]. @17-11-2021 01:51:39.0360 A

################################################################################################################################################
Starting Execution:	[40 out of 146] test cases in the current suite
Test Method:		[unitTests.tests_validations_assertions.assertElementAttribute_true_containsComparison_expectedToPass]
################################################################################################################################################
[ReportManager] Element Action [Type] successfully performed. With the following test data [Automation123]. @17-11-2021 01:51:40.0078 AM
[ReportManager] Element Action [GetText] successfully performed. With the following test data [Automation123]. @17-11-2021 01:51:40.0190 AM
[ReportManager] Loaded Shared OpenCV @17-11-2021 01:51:40.0254 AM
[ReportManager] Assertion [ValidateElementAttribute] PASSED. Expected [Value Should be 'Automation' for the 'text' attribute, element locator 'By.name: q'] and Actual [Automation123]. Comparison Type [CONTAINS]. Validation Type [POSITIVE]. @17-11-2021 01:51:40.0542 AM
[ReportManager] Successfully created attachment [Screenshot - 1637113900254_assertElementAttribute_true_containsComparison_expectedToPass_ValidateElementAttribute_passed] @17-11-2021 01:51:40.0625 A
[ReportManager] Browser Action [CloseCurrentWindow] successfully performed. @17-11-2021 01:51:41.0062 AM
[ReportManager] Successfully created attachment [Browser Action Test Data - CloseCurrentWindow - Actual Value] @17-11-2021 01:51:41.0103 A
[ReportManager] File Action [GetAbsolutePath] successfully performed. With the following test data [Relative Folder Path: "target/downloadedFiles/"]. @17-11-2021 01:51:41.0230 AM
[ReportManager] Attempting to run locally on: [Mac-64], [Safari], Headless Execution. @17-11-2021 01:51:41.0230 AM
[ReportManager] Successfully Opened Safari. @17-11-2021 01:51:42.0127 AM
[ReportManager] Initial window size: (800, 600) @17-11-2021 01:51:42.0144 AM
[ReportManager] Window size after SWD Maximize: (1176, 811) @17-11-2021 01:51:42.0175 AM
[ReportManager] Browser Action [MaximizeWindow] successfully performed. With the following test data [New screen size is now: (1176, 811)]. @17-11-2021 01:51:42.0175 AM
[ReportManager] Target URL: [https://www.google.com/ncr], and after redirection: [www.google.com] @17-11-2021 01:51:42.0175 AM
[ReportManager] Initial URL: [] @17-11-2021 01:51:42.0258 AM
[ReportManager] Browser Action [NavigateToURL] successfully performed. With the following test data [https://www.google.com/ncr]. @17-11-2021 01:51:43.0606 A

################################################################################################################################################
Starting Execution:	[41 out of 146] test cases in the current suite
Test Method:		[unitTests.tests_validations_assertions.assertElementAttribute_true_literalComparison_expectedToFail]
################################################################################################################################################
[ReportManager] Element Action [Type] successfully performed. With the following test data [Automation!@#$%^&*()_+{}[]\';/.,]. @17-11-2021 01:51:44.0890 AM
[ReportManager] Element Action [GetText] successfully performed. With the following test data [Automation!@#$%^&*()_+{}[]\';/.,]. @17-11-2021 01:51:44.0940 AM
[ReportManager] Loaded Shared OpenCV @17-11-2021 01:51:44.0994 AM
[ReportManager] Assertion [ValidateElementAttribute] FAILED. Expected [Value Should be 'Automation' for the 'text' attribute, element locator 'By.name: q'] and Actual [Automation!@#$%^&*()_+{}[]\';/.,]. Comparison Type [EQUALS]. Validation Type [POSITIVE]. @17-11-2021 01:51:45.0141 AM
[ReportManager] Successfully created attachment [Screenshot - 1637113904994_assertElementAttribute_true_literalComparison_expectedToFail_ValidateElementAttribute_failed] @17-11-2021 01:51:45.0185 A
[ReportManager] Browser Action [CloseCurrentWindow] successfully performed. @17-11-2021 01:51:45.0537 AM
[ReportManager] Successfully created attachment [Browser Action Test Data - CloseCurrentWindow - Actual Value] @17-11-2021 01:51:45.0579 A
[ReportManager] File Action [GetAbsolutePath] successfully performed. With the following test data [Relative Folder Path: "target/downloadedFiles/"]. @17-11-2021 01:51:45.0665 AM
[ReportManager] Attempting to run locally on: [Mac-64], [Safari], Headless Execution. @17-11-2021 01:51:45.0665 AM
[ReportManager] Successfully Opened Safari. @17-11-2021 01:51:46.0521 AM
[ReportManager] Initial window size: (800, 600) @17-11-2021 01:51:46.0545 AM
[ReportManager] Window size after SWD Maximize: (1176, 811) @17-11-2021 01:51:46.0569 AM
[ReportManager] Browser Action [MaximizeWindow] successfully performed. With the following test data [New screen size is now: (1176, 811)]. @17-11-2021 01:51:46.0570 AM
[ReportManager] Target URL: [https://www.google.com/ncr], and after redirection: [www.google.com] @17-11-2021 01:51:46.0570 AM
[ReportManager] Initial URL: [] @17-11-2021 01:51:46.0670 AM
[ReportManager] Browser Action [NavigateToURL] successfully performed. With the following test data [https://www.google.com/ncr]. @17-11-2021 01:51:48.0027 A

################################################################################################################################################
Starting Execution:	[42 out of 146] test cases in the current suite
Test Method:		[unitTests.tests_validations_assertions.assertElementAttribute_true_literalComparison_expectedToPass]
################################################################################################################################################
[ReportManager] Element Action [Type] successfully performed. With the following test data [Automation!@#$%^&*()_+{}[]\';/.,]. @17-11-2021 01:51:49.0102 AM
[ReportManager] Element Action [GetText] successfully performed. With the following test data [Automation!@#$%^&*()_+{}[]\';/.,]. @17-11-2021 01:51:49.0160 AM
[ReportManager] Loaded Shared OpenCV @17-11-2021 01:51:49.0218 AM
[ReportManager] Assertion [ValidateElementAttribute] PASSED. Expected [Value Should be 'Automation!@#$%^&*()_+{}[]\';/.,' for the 'text' attribute, element locator 'By.name: q'] and Actual [Automation!@#$%^&*()_+{}[]\';/.,]. Comparison Type [EQUALS]. Validation Type [POSITIVE]. @17-11-2021 01:51:49.0497 AM
[ReportManager] Successfully created attachment [Screenshot - 1637113909218_assertElementAttribute_true_literalComparison_expectedToPass_ValidateElementAttribute_passed] @17-11-2021 01:51:49.0580 A
[ReportManager] Browser Action [CloseCurrentWindow] successfully performed. @17-11-2021 01:51:49.0816 AM
[ReportManager] Successfully created attachment [Browser Action Test Data - CloseCurrentWindow - Actual Value] @17-11-2021 01:51:49.0857 A
[ReportManager] File Action [GetAbsolutePath] successfully performed. With the following test data [Relative Folder Path: "target/downloadedFiles/"]. @17-11-2021 01:51:49.0984 AM
[ReportManager] Attempting to run locally on: [Mac-64], [Safari], Headless Execution. @17-11-2021 01:51:49.0984 AM
[ReportManager] Successfully Opened Safari. @17-11-2021 01:51:50.0821 AM
[ReportManager] Initial window size: (800, 600) @17-11-2021 01:51:50.0834 AM
[ReportManager] Window size after SWD Maximize: (1176, 811) @17-11-2021 01:51:50.0857 AM
[ReportManager] Browser Action [MaximizeWindow] successfully performed. With the following test data [New screen size is now: (1176, 811)]. @17-11-2021 01:51:50.0857 AM
[ReportManager] Target URL: [https://www.google.com/ncr], and after redirection: [www.google.com] @17-11-2021 01:51:50.0857 AM
[ReportManager] Initial URL: [] @17-11-2021 01:51:50.0947 AM
[ReportManager] Browser Action [NavigateToURL] successfully performed. With the following test data [https://www.google.com/ncr]. @17-11-2021 01:51:52.0501 A

################################################################################################################################################
Starting Execution:	[43 out of 146] test cases in the current suite
Test Method:		[unitTests.tests_validations_assertions.assertElementAttribute_true_regexComparison_expectedToFail]
################################################################################################################################################
[ReportManager] Element Action [Type] successfully performed. With the following test data [Automation123]. @17-11-2021 01:51:53.0034 AM
[ReportManager] Element Action [GetText] successfully performed. With the following test data [Automation123]. @17-11-2021 01:51:53.0090 AM
[ReportManager] Loaded Shared OpenCV @17-11-2021 01:51:53.0145 AM
[ReportManager] Assertion [ValidateElementAttribute] FAILED. Expected [Value Should be 'Automation' for the 'text' attribute, element locator 'By.name: q'] and Actual [Automation123]. Comparison Type [MATCHES]. Validation Type [POSITIVE]. @17-11-2021 01:51:53.0413 AM
[ReportManager] Successfully created attachment [Screenshot - 1637113913145_assertElementAttribute_true_regexComparison_expectedToFail_ValidateElementAttribute_failed] @17-11-2021 01:51:53.0497 A
[ReportManager] Browser Action [CloseCurrentWindow] successfully performed. @17-11-2021 01:51:54.0009 AM
[ReportManager] Successfully created attachment [Browser Action Test Data - CloseCurrentWindow - Actual Value] @17-11-2021 01:51:54.0050 A
[ReportManager] File Action [GetAbsolutePath] successfully performed. With the following test data [Relative Folder Path: "target/downloadedFiles/"]. @17-11-2021 01:51:54.0178 AM
[ReportManager] Attempting to run locally on: [Mac-64], [Safari], Headless Execution. @17-11-2021 01:51:54.0179 AM
[ReportManager] Successfully Opened Safari. @17-11-2021 01:51:55.0069 AM
[ReportManager] Initial window size: (800, 600) @17-11-2021 01:51:55.0107 AM
[ReportManager] Window size after SWD Maximize: (1176, 811) @17-11-2021 01:51:55.0140 AM
[ReportManager] Browser Action [MaximizeWindow] successfully performed. With the following test data [New screen size is now: (1176, 811)]. @17-11-2021 01:51:55.0140 AM
[ReportManager] Target URL: [https://www.google.com/ncr], and after redirection: [www.google.com] @17-11-2021 01:51:55.0140 AM
[ReportManager] Initial URL: [] @17-11-2021 01:51:55.0223 AM
[ReportManager] Browser Action [NavigateToURL] successfully performed. With the following test data [https://www.google.com/ncr]. @17-11-2021 01:51:56.0560 A

################################################################################################################################################
Starting Execution:	[44 out of 146] test cases in the current suite
Test Method:		[unitTests.tests_validations_assertions.assertElementAttribute_true_regexComparison_expectedToPass]
################################################################################################################################################
[ReportManager] Element Action [Type] successfully performed. With the following test data [Automation123]. @17-11-2021 01:51:57.0080 AM
[ReportManager] Element Action [GetText] successfully performed. With the following test data [Automation123]. @17-11-2021 01:51:57.0130 AM
[ReportManager] Loaded Shared OpenCV @17-11-2021 01:51:57.0184 AM
[ReportManager] Assertion [ValidateElementAttribute] PASSED. Expected [Value Should be 'Automation.*' for the 'text' attribute, element locator 'By.name: q'] and Actual [Automation123]. Comparison Type [MATCHES]. Validation Type [POSITIVE]. @17-11-2021 01:51:57.0451 AM
[ReportManager] Successfully created attachment [Screenshot - 1637113917184_assertElementAttribute_true_regexComparison_expectedToPass_ValidateElementAttribute_passed] @17-11-2021 01:51:57.0533 A
[ReportManager] Browser Action [CloseCurrentWindow] successfully performed. @17-11-2021 01:51:57.0844 AM
[ReportManager] Successfully created attachment [Browser Action Test Data - CloseCurrentWindow - Actual Value] @17-11-2021 01:51:57.0886 A
[ReportManager] File Action [GetAbsolutePath] successfully performed. With the following test data [Relative Folder Path: "target/downloadedFiles/"]. @17-11-2021 01:51:58.0054 AM
[ReportManager] Attempting to run locally on: [Mac-64], [Safari], Headless Execution. @17-11-2021 01:51:58.0055 AM
[ReportManager] Successfully Opened Safari. @17-11-2021 01:51:58.0896 AM
[ReportManager] Initial window size: (800, 600) @17-11-2021 01:51:58.0907 AM
[ReportManager] Window size after SWD Maximize: (1176, 811) @17-11-2021 01:51:58.0936 AM
[ReportManager] Browser Action [MaximizeWindow] successfully performed. With the following test data [New screen size is now: (1176, 811)]. @17-11-2021 01:51:58.0937 AM
[ReportManager] Target URL: [https://www.google.com/ncr], and after redirection: [www.google.com] @17-11-2021 01:51:58.0937 AM
[ReportManager] Initial URL: [] @17-11-2021 01:51:58.0998 AM
[ReportManager] Browser Action [NavigateToURL] successfully performed. With the following test data [https://www.google.com/ncr]. @17-11-2021 01:52:00.0365 A

################################################################################################################################################
Starting Execution:	[45 out of 146] test cases in the current suite
Test Method:		[unitTests.tests_validations_assertions.assertElementAttribute_type_true_literalComparison_expectedToPass]
################################################################################################################################################
[ReportManager] Element Action [Type] successfully performed. With the following test data [Automation!@#$%^&*()_+{}[]\';/.,]. @17-11-2021 01:52:01.0591 AM
[ReportManager] Element Action [GetText] successfully performed. With the following test data [Automation!@#$%^&*()_+{}[]\';/.,]. @17-11-2021 01:52:01.0668 AM
[ReportManager] Loaded Shared OpenCV @17-11-2021 01:52:01.0734 AM
[ReportManager] Assertion [ValidateElementAttribute] PASSED. Expected [Value Should be 'Automation!@#$%^&*()_+{}[]\';/.,' for the 'text' attribute, element locator 'By.name: q'] and Actual [Automation!@#$%^&*()_+{}[]\';/.,]. Comparison Type [EQUALS]. Validation Type [POSITIVE]. @17-11-2021 01:52:01.0988 AM
[ReportManager] Successfully created attachment [Screenshot - 1637113921734_assertElementAttribute_type_true_literalComparison_expectedToPass_ValidateElementAttribute_passed] @17-11-2021 01:52:02.0073 A
[ReportManager] Browser Action [CloseCurrentWindow] successfully performed. @17-11-2021 01:52:02.0550 AM
[ReportManager] Successfully created attachment [Browser Action Test Data - CloseCurrentWindow - Actual Value] @17-11-2021 01:52:02.0592 A
[ReportManager] File Action [GetAbsolutePath] successfully performed. With the following test data [Relative Folder Path: "target/downloadedFiles/"]. @17-11-2021 01:52:02.0717 AM
[ReportManager] Attempting to run locally on: [Mac-64], [Safari], Headless Execution. @17-11-2021 01:52:02.0717 AM
[ReportManager] Successfully Opened Safari. @17-11-2021 01:52:03.0560 AM
[ReportManager] Initial window size: (800, 600) @17-11-2021 01:52:03.0571 AM
[ReportManager] Window size after SWD Maximize: (1176, 811) @17-11-2021 01:52:03.0599 AM
[ReportManager] Browser Action [MaximizeWindow] successfully performed. With the following test data [New screen size is now: (1176, 811)]. @17-11-2021 01:52:03.0599 AM
[ReportManager] Target URL: [https://www.google.com/ncr], and after redirection: [www.google.com] @17-11-2021 01:52:03.0599 AM
[ReportManager] Initial URL: [] @17-11-2021 01:52:03.0669 AM
[ReportManager] Browser Action [NavigateToURL] successfully performed. With the following test data [https://www.google.com/ncr]. @17-11-2021 01:52:05.0303 A

################################################################################################################################################
Starting Execution:	[46 out of 146] test cases in the current suite
Test Method:		[unitTests.tests_validations_assertions.assertElementExists_false_expectedToFail]
###############################################################################################################################################
[ReportManager] Browser Action [CloseCurrentWindow] successfully performed. @17-11-2021 01:52:05.0882 AM
[ReportManager] Successfully created attachment [Browser Action Test Data - CloseCurrentWindow - Actual Value] @17-11-2021 01:52:05.0920 A
[ReportManager] File Action [GetAbsolutePath] successfully performed. With the following test data [Relative Folder Path: "target/downloadedFiles/"]. @17-11-2021 01:52:05.0924 AM
[ReportManager] Attempting to run locally on: [Mac-64], [Safari], Headless Execution. @17-11-2021 01:52:05.0924 AM
[ReportManager] Successfully Opened Safari. @17-11-2021 01:52:06.0765 AM
[ReportManager] Initial window size: (800, 600) @17-11-2021 01:52:06.0792 AM
[ReportManager] Window size after SWD Maximize: (1176, 811) @17-11-2021 01:52:06.0807 AM
[ReportManager] Browser Action [MaximizeWindow] successfully performed. With the following test data [New screen size is now: (1176, 811)]. @17-11-2021 01:52:06.0819 AM
[ReportManager] Target URL: [https://www.google.com/ncr], and after redirection: [www.google.com] @17-11-2021 01:52:06.0820 AM
[ReportManager] Initial URL: [] @17-11-2021 01:52:06.0927 AM
[ReportManager] Browser Action [NavigateToURL] successfully performed. With the following test data [https://www.google.com/ncr]. @17-11-2021 01:52:08.0245 A

################################################################################################################################################
Starting Execution:	[47 out of 146] test cases in the current suite
Test Method:		[unitTests.tests_validations_assertions.assertElementExists_false_expectedToPass]
###############################################################################################################################################
[ReportManager] Browser Action [CloseCurrentWindow] successfully performed. @17-11-2021 01:52:08.0849 AM
[ReportManager] Successfully created attachment [Browser Action Test Data - CloseCurrentWindow - Actual Value] @17-11-2021 01:52:08.0891 A
[ReportManager] File Action [GetAbsolutePath] successfully performed. With the following test data [Relative Folder Path: "target/downloadedFiles/"]. @17-11-2021 01:52:09.0018 AM
[ReportManager] Attempting to run locally on: [Mac-64], [Safari], Headless Execution. @17-11-2021 01:52:09.0019 AM
[ReportManager] Successfully Opened Safari. @17-11-2021 01:52:09.0953 AM
[ReportManager] Initial window size: (800, 600) @17-11-2021 01:52:09.0973 AM
[ReportManager] Window size after SWD Maximize: (1176, 811) @17-11-2021 01:52:09.0989 AM
[ReportManager] Browser Action [MaximizeWindow] successfully performed. With the following test data [New screen size is now: (1176, 811)]. @17-11-2021 01:52:09.0989 AM
[ReportManager] Target URL: [https://www.google.com/ncr], and after redirection: [www.google.com] @17-11-2021 01:52:09.0990 AM
[ReportManager] Initial URL: [] @17-11-2021 01:52:10.0058 AM
[ReportManager] Browser Action [NavigateToURL] successfully performed. With the following test data [https://www.google.com/ncr]. @17-11-2021 01:52:11.0633 A

################################################################################################################################################
Starting Execution:	[48 out of 146] test cases in the current suite
Test Method:		[unitTests.tests_validations_assertions.assertElementExists_false_multipleElementsFound_expectedToFail]
################################################################################################################################################
[ReportManager] Loaded Shared OpenCV @17-11-2021 01:52:11.0874 AM
[ReportManager] Assertion [ValidateElementExists] FAILED. Expected [Element Should not Exist, locator 'By.xpath: //div'] and Actual [Element Exists but is not unique]. Comparison Type [EQUALS]. Validation Type [NEGATIVE]. @17-11-2021 01:52:12.0141 AM
[ReportManager] Successfully created attachment [Screenshot - 1637113931874_assertElementExists_false_multipleElementsFound_expectedToFail_ValidateElementExists_failed] @17-11-2021 01:52:12.0224 A
[ReportManager] Browser Action [CloseCurrentWindow] successfully performed. @17-11-2021 01:52:12.0592 AM
[ReportManager] Successfully created attachment [Browser Action Test Data - CloseCurrentWindow - Actual Value] @17-11-2021 01:52:12.0633 A
[ReportManager] File Action [GetAbsolutePath] successfully performed. With the following test data [Relative Folder Path: "target/downloadedFiles/"]. @17-11-2021 01:52:12.0760 AM
[ReportManager] Attempting to run locally on: [Mac-64], [Safari], Headless Execution. @17-11-2021 01:52:12.0760 AM
[ReportManager] Successfully Opened Safari. @17-11-2021 01:52:13.0592 AM
[ReportManager] Initial window size: (800, 600) @17-11-2021 01:52:13.0641 AM
[ReportManager] Window size after SWD Maximize: (1176, 811) @17-11-2021 01:52:13.0682 AM
[ReportManager] Browser Action [MaximizeWindow] successfully performed. With the following test data [New screen size is now: (1176, 811)]. @17-11-2021 01:52:13.0682 AM
[ReportManager] Target URL: [https://www.google.com/ncr], and after redirection: [www.google.com] @17-11-2021 01:52:13.0682 AM
[ReportManager] Initial URL: [] @17-11-2021 01:52:13.0728 AM
[ReportManager] Browser Action [NavigateToURL] successfully performed. With the following test data [https://www.google.com/ncr]. @17-11-2021 01:52:15.0031 A

################################################################################################################################################
Starting Execution:	[49 out of 146] test cases in the current suite
Test Method:		[unitTests.tests_validations_assertions.assertElementExists_true_expectedToFail]
###############################################################################################################################################
[ReportManager] Browser Action [CloseCurrentWindow] successfully performed. @17-11-2021 01:52:15.0511 AM
[ReportManager] Successfully created attachment [Browser Action Test Data - CloseCurrentWindow - Actual Value] @17-11-2021 01:52:15.0553 A
[ReportManager] File Action [GetAbsolutePath] successfully performed. With the following test data [Relative Folder Path: "target/downloadedFiles/"]. @17-11-2021 01:52:15.0679 AM
[ReportManager] Attempting to run locally on: [Mac-64], [Safari], Headless Execution. @17-11-2021 01:52:15.0679 AM
[ReportManager] Successfully Opened Safari. @17-11-2021 01:52:16.0497 AM
[ReportManager] Initial window size: (800, 600) @17-11-2021 01:52:16.0506 AM
[ReportManager] Window size after SWD Maximize: (1176, 811) @17-11-2021 01:52:16.0536 AM
[ReportManager] Browser Action [MaximizeWindow] successfully performed. With the following test data [New screen size is now: (1176, 811)]. @17-11-2021 01:52:16.0536 AM
[ReportManager] Target URL: [https://www.google.com/ncr], and after redirection: [www.google.com] @17-11-2021 01:52:16.0536 AM
[ReportManager] Initial URL: [] @17-11-2021 01:52:16.0601 AM
[ReportManager] Browser Action [NavigateToURL] successfully performed. With the following test data [https://www.google.com/ncr]. @17-11-2021 01:52:18.0113 A

################################################################################################################################################
Starting Execution:	[50 out of 146] test cases in the current suite
Test Method:		[unitTests.tests_validations_assertions.assertElementExists_true_expectedToPass]
################################################################################################################################################
[ReportManager] Loaded Shared OpenCV @17-11-2021 01:52:18.0332 AM
[ReportManager] Assertion [ValidateElementExists] PASSED. Expected [Element Should Exist, locator 'By.xpath: //*[@id='hplogo' or @alt='Google']'] and Actual [Element Exists]. Comparison Type [EQUALS]. Validation Type [POSITIVE]. @17-11-2021 01:52:18.0605 AM
[ReportManager] Successfully created attachment [Screenshot - 1637113938332_assertElementExists_true_expectedToPass_ValidateElementExists_passed] @17-11-2021 01:52:18.0687 A
[ReportManager] Browser Action [CloseCurrentWindow] successfully performed. @17-11-2021 01:52:18.0931 AM
[ReportManager] Successfully created attachment [Browser Action Test Data - CloseCurrentWindow - Actual Value] @17-11-2021 01:52:18.0932 A
[ReportManager] File Action [GetAbsolutePath] successfully performed. With the following test data [Relative Folder Path: "target/downloadedFiles/"]. @17-11-2021 01:52:19.0017 AM
[ReportManager] Attempting to run locally on: [Mac-64], [Safari], Headless Execution. @17-11-2021 01:52:19.0018 AM
[ReportManager] Successfully Opened Safari. @17-11-2021 01:52:19.0852 AM
[ReportManager] Initial window size: (800, 600) @17-11-2021 01:52:19.0870 AM
[ReportManager] Window size after SWD Maximize: (1176, 811) @17-11-2021 01:52:19.0888 AM
[ReportManager] Browser Action [MaximizeWindow] successfully performed. With the following test data [New screen size is now: (1176, 811)]. @17-11-2021 01:52:19.0888 AM
[ReportManager] Target URL: [https://www.google.com/ncr], and after redirection: [www.google.com] @17-11-2021 01:52:19.0889 AM
[ReportManager] Initial URL: [] @17-11-2021 01:52:19.0956 AM
[ReportManager] Browser Action [NavigateToURL] successfully performed. With the following test data [https://www.google.com/ncr]. @17-11-2021 01:52:22.0341 A

################################################################################################################################################
Starting Execution:	[51 out of 146] test cases in the current suite
Test Method:		[unitTests.tests_validations_assertions.assertElementExists_true_multipleElementsFound_expectedToFail]
################################################################################################################################################
[ReportManager] Loaded Shared OpenCV @17-11-2021 01:52:22.0553 AM
[ReportManager] Assertion [ValidateElementExists] FAILED. Expected [Element Should Exist, locator 'By.xpath: //div'] and Actual [Element Exists but is not unique]. Comparison Type [EQUALS]. Validation Type [POSITIVE]. @17-11-2021 01:52:22.0819 AM
[ReportManager] Successfully created attachment [Screenshot - 1637113942553_assertElementExists_true_multipleElementsFound_expectedToFail_ValidateElementExists_failed] @17-11-2021 01:52:22.0902 A
[ReportManager] Browser Action [CloseCurrentWindow] successfully performed. @17-11-2021 01:52:23.0360 AM
[ReportManager] Successfully created attachment [Browser Action Test Data - CloseCurrentWindow - Actual Value] @17-11-2021 01:52:23.0402 A

################################################################################################################################################
Starting Execution:	[52 out of 146] test cases in the current suite
Test Method:		[unitTests.tests_validations_assertions.assertEquals_false_expectedToFail]
################################################################################################################################################
[ReportManager] Assertion [ValidateEquals] FAILED. Expected [1] and Actual [1]. Comparison Type [EQUALS]. Validation Type [NEGATIVE]. @17-11-2021 01:52:23.0610 A

################################################################################################################################################
Starting Execution:	[53 out of 146] test cases in the current suite
Test Method:		[unitTests.tests_validations_assertions.assertEquals_false_expectedToPass]
################################################################################################################################################
[ReportManager] Assertion [ValidateEquals] PASSED. Expected [1] and Actual [2]. Comparison Type [EQUALS]. Validation Type [NEGATIVE]. @17-11-2021 01:52:23.0738 A

################################################################################################################################################
Starting Execution:	[54 out of 146] test cases in the current suite
Test Method:		[unitTests.tests_validations_assertions.assertEquals_longCharacters]
################################################################################################################################################
[ReportManager] Verification [ValidateEquals] PASSED. Expected and Actual values are attached. Comparison Type [EQUALS]. Validation Type [POSITIVE]. @17-11-2021 01:52:23.0868 AM
[ReportManager] Successfully created attachment [Validation Test Data - Expected Value] @17-11-2021 01:52:23.0950 AM
[ReportManager] Successfully created attachment [Validation Test Data - Actual Value] @17-11-2021 01:52:23.0991 AM
[ReportManager] Assertion [ValidateEquals] PASSED. Expected and Actual values are attached. Comparison Type [EQUALS]. Validation Type [POSITIVE]. @17-11-2021 01:52:23.0992 AM
[ReportManager] Successfully created attachment [Validation Test Data - Expected Value] @17-11-2021 01:52:24.0074 AM
[ReportManager] Successfully created attachment [Validation Test Data - Actual Value] @17-11-2021 01:52:24.0115 A

################################################################################################################################################
Starting Execution:	[55 out of 146] test cases in the current suite
Test Method:		[unitTests.tests_validations_assertions.assertEquals_longCharacters_Discreet]
################################################################################################################################################
[ReportManager] Assertion [ValidateEquals] PASSED. Expected [1LH5pROcDBjjQk0t0mCr0lXuzQu9lcGj28kY8R1H81X67eVAQJgWQhILiRWVPUgZ6uCtK5cnBkF55Jr9vYngjGO1Iyf0Mktv6lruDlL9T8MAUPcUZJGHZtji6nIeadujDSNmWMj5d6C8zlFqw0CRqBU0hO5adIasHgBSNoLotAjce3NGXoDwAlp3rYreeV16VIyZXROQY] and Actual [1LH5pROcDBjjQk0t0mCr0lXuzQu9lcGj28kY8R1H81X67eVAQJgWQhILiRWVPUgZ6uCtK5cnBkF55Jr9vYngjGO1Iyf0Mktv6lruDlL9T8MAUPcUZJGHZtji6nIeadujDSNmWMj5d6C8zlFqw0CRqBU0hO5adIasHgBSNoLotAjce3NGXoDwAlp3rYreeV16VIyZXROQY]. Comparison Type [EQUALS]. Validation Type [POSITIVE]. @17-11-2021 01:52:24.0242 A

################################################################################################################################################
Starting Execution:	[56 out of 146] test cases in the current suite
Test Method:		[unitTests.tests_validations_assertions.assertEquals_true_expectedToFail]
################################################################################################################################################
[ReportManager] Assertion [ValidateEquals] FAILED. Expected [1] and Actual [2]. Comparison Type [EQUALS]. Validation Type [POSITIVE]. @17-11-2021 01:52:24.0367 A

################################################################################################################################################
Starting Execution:	[57 out of 146] test cases in the current suite
Test Method:		[unitTests.tests_validations_assertions.assertEquals_true_expectedToPass]
Test Description:	[Assert that assertEquals works as expected when the two values are equal.]
################################################################################################################################################
[ReportManager] Verification [ValidateEquals] PASSED. Expected [1] and Actual [1]. Comparison Type [EQUALS]. Validation Type [POSITIVE]. @17-11-2021 01:52:24.0499 AM
[ReportManager] Assertion [ValidateEquals] PASSED. Expected [1] and Actual [1]. Comparison Type [EQUALS]. Validation Type [POSITIVE]. @17-11-2021 01:52:24.0499 A

################################################################################################################################################
Starting Execution:	[58 out of 146] test cases in the current suite
Test Method:		[unitTests.tests_validations_assertions.assertEquals_true_expectedToPass__]
################################################################################################################################################
[ReportManager] Assertion [ValidateEquals] PASSED. Expected [1] and Actual [1]. Comparison Type [EQUALS]. Validation Type [POSITIVE]. @17-11-2021 01:52:24.0627 A

################################################################################################################################################
Starting Execution:	[59 out of 146] test cases in the current suite
Test Method:		[unitTests.tests_validations_assertions.assertFileExists_false_expectedToFail]
################################################################################################################################################
[ReportManager] File Action [DoesFileExist] successfully performed. With the following test data [File Path: "src/main/java/com/shaft/gui/element/ElementActions.java"]. @17-11-2021 01:52:24.0755 AM
[ReportManager] Assertion [ValidateFileExists] FAILED. Expected [File 'src/main/java/com/shaft/gui/element/ElementActions.java' should not exist, after up to '1' retries] and Actual [File exists]. Validation Type [NEGATIVE]. @17-11-2021 01:52:24.0762 A

################################################################################################################################################
Starting Execution:	[60 out of 146] test cases in the current suite
Test Method:		[unitTests.tests_validations_assertions.assertFileExists_false_expectedToPass]
################################################################################################################################################
[ReportManager] File Action [DoesFileExist] successfully performed. With the following test data [File Path: "src/main/java/com/shaft/gui/element/ElementActions.java_fail"]. @17-11-2021 01:52:25.0389 AM
[ReportManager] Assertion [ValidateFileExists] PASSED. Expected [File 'src/main/java/com/shaft/gui/element/ElementActions.java_fail' should not exist, after up to '1' retries] and Actual [File does not exist]. Validation Type [NEGATIVE]. @17-11-2021 01:52:25.0390 A

################################################################################################################################################
Starting Execution:	[61 out of 146] test cases in the current suite
Test Method:		[unitTests.tests_validations_assertions.assertFileExists_true_expectedToFail]
################################################################################################################################################
[ReportManager] File Action [DoesFileExist] successfully performed. With the following test data [File Path: "src/main/java/com/shaft/gui/element/ElementActions.java_fail"]. @17-11-2021 01:52:26.0147 AM
[ReportManager] Assertion [ValidateFileExists] FAILED. Expected [File 'src/main/java/com/shaft/gui/element/ElementActions.java_fail' should exist, after up to '1' retries] and Actual [File does not exist]. Validation Type [POSITIVE]. @17-11-2021 01:52:26.0148 A

################################################################################################################################################
Starting Execution:	[62 out of 146] test cases in the current suite
Test Method:		[unitTests.tests_validations_assertions.assertFileExists_true_expectedToPass]
################################################################################################################################################
[ReportManager] File Action [DoesFileExist] successfully performed. With the following test data [File Path: "src/main/java/com/shaft/gui/element/ElementActions.java"]. @17-11-2021 01:52:26.0275 AM
[ReportManager] Assertion [ValidateFileExists] PASSED. Expected [File 'src/main/java/com/shaft/gui/element/ElementActions.java' should exist, after up to '1' retries] and Actual [File exists]. Validation Type [POSITIVE]. @17-11-2021 01:52:26.0275 A

################################################################################################################################################
Starting Execution:	[63 out of 146] test cases in the current suite
Test Method:		[unitTests.tests_validations_assertions.assertNull_false_expectedToFail]
################################################################################################################################################
[ReportManager] Assertion [ValidateNull] FAILED. Expected [NULL] and Actual [NULL]. Comparison Type [EQUALS]. Validation Type [NEGATIVE]. @17-11-2021 01:52:26.0401 A

################################################################################################################################################
Starting Execution:	[64 out of 146] test cases in the current suite
Test Method:		[unitTests.tests_validations_assertions.assertNull_false_expectedToPass]
################################################################################################################################################
[ReportManager] Assertion [ValidateNull] PASSED. Expected [NULL] and Actual [1]. Comparison Type [EQUALS]. Validation Type [NEGATIVE]. @17-11-2021 01:52:26.0526 A

################################################################################################################################################
Starting Execution:	[65 out of 146] test cases in the current suite
Test Method:		[unitTests.tests_validations_assertions.assertNull_true_expectedToFail]
################################################################################################################################################
[ReportManager] Assertion [ValidateNull] FAILED. Expected [NULL] and Actual [1]. Comparison Type [EQUALS]. Validation Type [POSITIVE]. @17-11-2021 01:52:26.0652 A

################################################################################################################################################
Starting Execution:	[66 out of 146] test cases in the current suite
Test Method:		[unitTests.tests_validations_assertions.assertNull_true_expectedToPass]
################################################################################################################################################
[ReportManager] Assertion [ValidateNull] PASSED. Expected [NULL] and Actual [NULL]. Comparison Type [EQUALS]. Validation Type [POSITIVE]. @17-11-2021 01:52:26.0778 A

################################################################################################################################################
Starting Execution:	[67 out of 146] test cases in the current suite
Test Method:		[unitTests.tests_restActions.getPostsAndAssertBodyForSpecificTitle]
################################################################################################################################################
[ReportManager] Response status code: [200], status line: [HTTP/1.1 200 OK] @17-11-2021 01:52:29.0191 AM
[ReportManager] Assertion Passed: Evaluating the actual response status code against the expected one... @17-11-2021 01:52:29.0196 AM
[ReportManager] Assertion [ValidateComparativeRelation] PASSED. Expected [200] and Actual [200]. Comparison Type [EQUALS]. Validation Type [POSITIVE]. @17-11-2021 01:52:29.0196 AM
[ReportManager] API Action [PerformRequest] successfully performed. With the following test data [Request Type: "GET" | Target Status Code: "200" | Service URL: "https://jsonplaceholder.typicode.com/posts" | Content Type: "*/*" | Response Time: "732ms"]. @17-11-2021 01:52:30.0401 AM
[ReportManager] Successfully created attachment [API Request - Specifications] @17-11-2021 01:52:30.0443 AM
[ReportManager] Successfully created attachment [API Response - JSON Body] @17-11-2021 01:52:30.0787 AM
[ReportManager] API Action [GetResponseJSONValueAsList] successfully performed. @17-11-2021 01:52:30.0828 AM
[ReportManager] API Action [GetResponseJSONValue] successfully performed. With the following test data [title]. @17-11-2021 01:52:30.0852 AM
[ReportManager] API Action [GetResponseJSONValue] successfully performed. With the following test data [title]. @17-11-2021 01:52:30.0871 AM
[ReportManager] API Action [GetResponseJSONValue] successfully performed. With the following test data [body]. @17-11-2021 01:52:30.0888 AM
[ReportManager] Assertion [ValidateEquals] PASSED. Expected [qui neque nisi nulla] and Actual [est rerum tempore vitae
sequi sint nihil reprehenderit dolor beatae ea dolores neque
fugiat blanditiis voluptate porro vel nihil molestiae ut reiciendis
qui aperiam non debitis possimus qui neque nisi nulla]. Comparison Type [CONTAINS]. Validation Type [POSITIVE]. @17-11-2021 01:52:30.0889 AM
[ReportManager] API Action [GetResponseJSONValue] successfully performed. With the following test data [title]. @17-11-2021 01:52:30.0906 AM
[ReportManager] API Action [GetResponseJSONValue] successfully performed. With the following test data [title]. @17-11-2021 01:52:30.0922 AM
[ReportManager] API Action [GetResponseJSONValue] successfully performed. With the following test data [title]. @17-11-2021 01:52:30.0938 AM
[ReportManager] API Action [GetResponseJSONValue] successfully performed. With the following test data [title]. @17-11-2021 01:52:30.0957 AM
[ReportManager] API Action [GetResponseJSONValue] successfully performed. With the following test data [title]. @17-11-2021 01:52:30.0974 AM
[ReportManager] API Action [GetResponseJSONValue] successfully performed. With the following test data [title]. @17-11-2021 01:52:30.0988 AM
[ReportManager] API Action [GetResponseJSONValue] successfully performed. With the following test data [title]. @17-11-2021 01:52:31.0002 AM
[ReportManager] API Action [GetResponseJSONValue] successfully performed. With the following test data [title]. @17-11-2021 01:52:31.0016 AM
[ReportManager] API Action [GetResponseJSONValue] successfully performed. With the following test data [title]. @17-11-2021 01:52:31.0033 AM
[ReportManager] API Action [GetResponseJSONValue] successfully performed. With the following test data [title]. @17-11-2021 01:52:31.0049 AM
[ReportManager] API Action [GetResponseJSONValue] successfully performed. With the following test data [title]. @17-11-2021 01:52:31.0063 AM
[ReportManager] API Action [GetResponseJSONValue] successfully performed. With the following test data [title]. @17-11-2021 01:52:31.0078 AM
[ReportManager] API Action [GetResponseJSONValue] successfully performed. With the following test data [title]. @17-11-2021 01:52:31.0093 AM
[ReportManager] API Action [GetResponseJSONValue] successfully performed. With the following test data [title]. @17-11-2021 01:52:31.0106 AM
[ReportManager] API Action [GetResponseJSONValue] successfully performed. With the following test data [title]. @17-11-2021 01:52:31.0120 AM
[ReportManager] API Action [GetResponseJSONValue] successfully performed. With the following test data [title]. @17-11-2021 01:52:31.0135 AM
[ReportManager] API Action [GetResponseJSONValue] successfully performed. With the following test data [title]. @17-11-2021 01:52:31.0148 AM
[ReportManager] API Action [GetResponseJSONValue] successfully performed. With the following test data [title]. @17-11-2021 01:52:31.0162 AM
[ReportManager] API Action [GetResponseJSONValue] successfully performed. With the following test data [title]. @17-11-2021 01:52:31.0177 AM
[ReportManager] API Action [GetResponseJSONValue] successfully performed. With the following test data [title]. @17-11-2021 01:52:31.0191 AM
[ReportManager] API Action [GetResponseJSONValue] successfully performed. With the following test data [title]. @17-11-2021 01:52:31.0207 AM
[ReportManager] API Action [GetResponseJSONValue] successfully performed. With the following test data [title]. @17-11-2021 01:52:31.0221 AM
[ReportManager] API Action [GetResponseJSONValue] successfully performed. With the following test data [title]. @17-11-2021 01:52:31.0237 AM
[ReportManager] API Action [GetResponseJSONValue] successfully performed. With the following test data [title]. @17-11-2021 01:52:31.0250 AM
[ReportManager] API Action [GetResponseJSONValue] successfully performed. With the following test data [title]. @17-11-2021 01:52:31.0265 AM
[ReportManager] API Action [GetResponseJSONValue] successfully performed. With the following test data [title]. @17-11-2021 01:52:31.0278 AM
[ReportManager] API Action [GetResponseJSONValue] successfully performed. With the following test data [title]. @17-11-2021 01:52:31.0292 AM
[ReportManager] API Action [GetResponseJSONValue] successfully performed. With the following test data [title]. @17-11-2021 01:52:31.0306 AM
[ReportManager] API Action [GetResponseJSONValue] successfully performed. With the following test data [title]. @17-11-2021 01:52:31.0340 AM
[ReportManager] API Action [GetResponseJSONValue] successfully performed. With the following test data [title]. @17-11-2021 01:52:31.0353 AM
[ReportManager] API Action [GetResponseJSONValue] successfully performed. With the following test data [title]. @17-11-2021 01:52:31.0366 AM
[ReportManager] API Action [GetResponseJSONValue] successfully performed. With the following test data [title]. @17-11-2021 01:52:31.0379 AM
[ReportManager] API Action [GetResponseJSONValue] successfully performed. With the following test data [title]. @17-11-2021 01:52:31.0392 AM
[ReportManager] API Action [GetResponseJSONValue] successfully performed. With the following test data [title]. @17-11-2021 01:52:31.0414 AM
[ReportManager] API Action [GetResponseJSONValue] successfully performed. With the following test data [title]. @17-11-2021 01:52:31.0433 AM
[ReportManager] API Action [GetResponseJSONValue] successfully performed. With the following test data [title]. @17-11-2021 01:52:31.0450 AM
[ReportManager] API Action [GetResponseJSONValue] successfully performed. With the following test data [title]. @17-11-2021 01:52:31.0466 AM
[ReportManager] API Action [GetResponseJSONValue] successfully performed. With the following test data [title]. @17-11-2021 01:52:31.0480 AM
[ReportManager] API Action [GetResponseJSONValue] successfully performed. With the following test data [title]. @17-11-2021 01:52:31.0495 AM
[ReportManager] API Action [GetResponseJSONValue] successfully performed. With the following test data [title]. @17-11-2021 01:52:31.0507 AM
[ReportManager] API Action [GetResponseJSONValue] successfully performed. With the following test data [title]. @17-11-2021 01:52:31.0522 AM
[ReportManager] API Action [GetResponseJSONValue] successfully performed. With the following test data [title]. @17-11-2021 01:52:31.0536 AM
[ReportManager] API Action [GetResponseJSONValue] successfully performed. With the following test data [title]. @17-11-2021 01:52:31.0550 AM
[ReportManager] API Action [GetResponseJSONValue] successfully performed. With the following test data [title]. @17-11-2021 01:52:31.0564 AM
[ReportManager] API Action [GetResponseJSONValue] successfully performed. With the following test data [title]. @17-11-2021 01:52:31.0578 AM
[ReportManager] API Action [GetResponseJSONValue] successfully performed. With the following test data [title]. @17-11-2021 01:52:31.0591 AM
[ReportManager] API Action [GetResponseJSONValue] successfully performed. With the following test data [title]. @17-11-2021 01:52:31.0606 AM
[ReportManager] API Action [GetResponseJSONValue] successfully performed. With the following test data [title]. @17-11-2021 01:52:31.0621 AM
[ReportManager] API Action [GetResponseJSONValue] successfully performed. With the following test data [title]. @17-11-2021 01:52:31.0634 AM
[ReportManager] API Action [GetResponseJSONValue] successfully performed. With the following test data [title]. @17-11-2021 01:52:31.0647 AM
[ReportManager] API Action [GetResponseJSONValue] successfully performed. With the following test data [title]. @17-11-2021 01:52:31.0661 AM
[ReportManager] API Action [GetResponseJSONValue] successfully performed. With the following test data [title]. @17-11-2021 01:52:31.0673 AM
[ReportManager] API Action [GetResponseJSONValue] successfully performed. With the following test data [title]. @17-11-2021 01:52:31.0688 AM
[ReportManager] API Action [GetResponseJSONValue] successfully performed. With the following test data [title]. @17-11-2021 01:52:31.0703 AM
[ReportManager] API Action [GetResponseJSONValue] successfully performed. With the following test data [title]. @17-11-2021 01:52:31.0717 AM
[ReportManager] API Action [GetResponseJSONValue] successfully performed. With the following test data [title]. @17-11-2021 01:52:31.0729 AM
[ReportManager] API Action [GetResponseJSONValue] successfully performed. With the following test data [title]. @17-11-2021 01:52:31.0743 AM
[ReportManager] API Action [GetResponseJSONValue] successfully performed. With the following test data [title]. @17-11-2021 01:52:31.0756 AM
[ReportManager] API Action [GetResponseJSONValue] successfully performed. With the following test data [title]. @17-11-2021 01:52:31.0770 AM
[ReportManager] API Action [GetResponseJSONValue] successfully performed. With the following test data [title]. @17-11-2021 01:52:31.0803 AM
[ReportManager] API Action [GetResponseJSONValue] successfully performed. With the following test data [title]. @17-11-2021 01:52:31.0816 AM
[ReportManager] API Action [GetResponseJSONValue] successfully performed. With the following test data [title]. @17-11-2021 01:52:31.0828 AM
[ReportManager] API Action [GetResponseJSONValue] successfully performed. With the following test data [title]. @17-11-2021 01:52:31.0840 AM
[ReportManager] API Action [GetResponseJSONValue] successfully performed. With the following test data [title]. @17-11-2021 01:52:31.0854 AM
[ReportManager] API Action [GetResponseJSONValue] successfully performed. With the following test data [title]. @17-11-2021 01:52:31.0866 AM
[ReportManager] API Action [GetResponseJSONValue] successfully performed. With the following test data [title]. @17-11-2021 01:52:31.0879 AM
[ReportManager] API Action [GetResponseJSONValue] successfully performed. With the following test data [title]. @17-11-2021 01:52:31.0891 AM
[ReportManager] API Action [GetResponseJSONValue] successfully performed. With the following test data [title]. @17-11-2021 01:52:31.0903 AM
[ReportManager] API Action [GetResponseJSONValue] successfully performed. With the following test data [title]. @17-11-2021 01:52:31.0915 AM
[ReportManager] API Action [GetResponseJSONValue] successfully performed. With the following test data [title]. @17-11-2021 01:52:31.0929 AM
[ReportManager] API Action [GetResponseJSONValue] successfully performed. With the following test data [title]. @17-11-2021 01:52:31.0941 AM
[ReportManager] API Action [GetResponseJSONValue] successfully performed. With the following test data [title]. @17-11-2021 01:52:31.0953 AM
[ReportManager] API Action [GetResponseJSONValue] successfully performed. With the following test data [title]. @17-11-2021 01:52:31.0965 AM
[ReportManager] API Action [GetResponseJSONValue] successfully performed. With the following test data [title]. @17-11-2021 01:52:31.0977 AM
[ReportManager] API Action [GetResponseJSONValue] successfully performed. With the following test data [title]. @17-11-2021 01:52:31.0988 AM
[ReportManager] API Action [GetResponseJSONValue] successfully performed. With the following test data [title]. @17-11-2021 01:52:32.0000 AM
[ReportManager] API Action [GetResponseJSONValue] successfully performed. With the following test data [title]. @17-11-2021 01:52:32.0013 AM
[ReportManager] API Action [GetResponseJSONValue] successfully performed. With the following test data [title]. @17-11-2021 01:52:32.0024 AM
[ReportManager] API Action [GetResponseJSONValue] successfully performed. With the following test data [title]. @17-11-2021 01:52:32.0036 AM
[ReportManager] API Action [GetResponseJSONValue] successfully performed. With the following test data [title]. @17-11-2021 01:52:32.0048 AM
[ReportManager] API Action [GetResponseJSONValue] successfully performed. With the following test data [title]. @17-11-2021 01:52:32.0059 AM
[ReportManager] API Action [GetResponseJSONValue] successfully performed. With the following test data [title]. @17-11-2021 01:52:32.0073 AM
[ReportManager] API Action [GetResponseJSONValue] successfully performed. With the following test data [title]. @17-11-2021 01:52:32.0085 AM
[ReportManager] API Action [GetResponseJSONValue] successfully performed. With the following test data [title]. @17-11-2021 01:52:32.0099 AM
[ReportManager] API Action [GetResponseJSONValue] successfully performed. With the following test data [title]. @17-11-2021 01:52:32.0111 AM
[ReportManager] API Action [GetResponseJSONValue] successfully performed. With the following test data [title]. @17-11-2021 01:52:32.0124 AM
[ReportManager] API Action [GetResponseJSONValue] successfully performed. With the following test data [title]. @17-11-2021 01:52:32.0135 AM
[ReportManager] API Action [GetResponseJSONValue] successfully performed. With the following test data [title]. @17-11-2021 01:52:32.0146 AM
[ReportManager] API Action [GetResponseJSONValue] successfully performed. With the following test data [title]. @17-11-2021 01:52:32.0158 AM
[ReportManager] API Action [GetResponseJSONValue] successfully performed. With the following test data [title]. @17-11-2021 01:52:32.0170 AM
[ReportManager] API Action [GetResponseJSONValue] successfully performed. With the following test data [title]. @17-11-2021 01:52:32.0183 AM
[ReportManager] API Action [GetResponseJSONValue] successfully performed. With the following test data [title]. @17-11-2021 01:52:32.0197 AM
[ReportManager] API Action [GetResponseJSONValue] successfully performed. With the following test data [title]. @17-11-2021 01:52:32.0210 AM
[ReportManager] API Action [GetResponseJSONValue] successfully performed. With the following test data [title]. @17-11-2021 01:52:32.0222 AM
[ReportManager] API Action [GetResponseJSONValue] successfully performed. With the following test data [title]. @17-11-2021 01:52:32.0233 AM
[ReportManager] API Action [GetResponseJSONValue] successfully performed. With the following test data [title]. @17-11-2021 01:52:32.0246 AM
[ReportManager] API Action [GetResponseJSONValue] successfully performed. With the following test data [title]. @17-11-2021 01:52:32.0259 AM
[ReportManager] API Action [GetResponseJSONValue] successfully performed. With the following test data [title]. @17-11-2021 01:52:32.0271 A

################################################################################################################################################
Starting Execution:	[68 out of 146] test cases in the current suite
Test Method:		[unitTests.tests_restActions.validateUserEmail]
################################################################################################################################################
[ReportManager] Response status code: [200], status line: [HTTP/1.1 200 OK] @17-11-2021 01:52:32.0468 AM
[ReportManager] Assertion Passed: Evaluating the actual response status code against the expected one... @17-11-2021 01:52:32.0468 AM
[ReportManager] Assertion [ValidateComparativeRelation] PASSED. Expected [200] and Actual [200]. Comparison Type [EQUALS]. Validation Type [POSITIVE]. @17-11-2021 01:52:32.0468 AM
[ReportManager] API Action [PerformRequest] successfully performed. With the following test data [Request Type: "GET" | Target Status Code: "200" | Service URL: "https://jsonplaceholder.typicode.com/users" | Content Type: "*/*" | Response Time: "61ms"]. @17-11-2021 01:52:32.0496 AM
[ReportManager] Successfully created attachment [API Request - Specifications] @17-11-2021 01:52:32.0537 AM
[ReportManager] Successfully created attachment [API Response - JSON Body] @17-11-2021 01:52:32.0620 AM
[ReportManager] Assertion [ValidateEquals] PASSED. Expected and Actual values are attached. Comparison Type [CONTAINS]. Validation Type [POSITIVE]. @17-11-2021 01:52:32.0620 AM
[ReportManager] Successfully created attachment [Validation Test Data - Expected Value] @17-11-2021 01:52:32.0662 AM
[ReportManager] Successfully created attachment [Validation Test Data - Actual Value] @17-11-2021 01:52:32.0746 AM
[ReportManager] API Action [GetResponseJSONValueAsList] successfully performed. With the following test data [$]. @17-11-2021 01:52:32.0755 AM
[ReportManager] API Action [GetResponseJSONValue] successfully performed. With the following test data [name]. @17-11-2021 01:52:32.0769 AM
[ReportManager] API Action [GetResponseJSONValue] successfully performed. With the following test data [email]. @17-11-2021 01:52:32.0783 AM
[ReportManager] Assertion [ValidateEquals] PASSED. Expected [Sincere@april.biz] and Actual [Sincere@april.biz]. Comparison Type [EQUALS]. Validation Type [POSITIVE]. @17-11-2021 01:52:32.0784 AM
[ReportManager] API Action [GetResponseJSONValue] successfully performed. With the following test data [name]. @17-11-2021 01:52:32.0797 AM
[ReportManager] API Action [GetResponseJSONValue] successfully performed. With the following test data [name]. @17-11-2021 01:52:32.0809 AM
[ReportManager] API Action [GetResponseJSONValue] successfully performed. With the following test data [name]. @17-11-2021 01:52:32.0820 AM
[ReportManager] API Action [GetResponseJSONValue] successfully performed. With the following test data [name]. @17-11-2021 01:52:32.0833 AM
[ReportManager] API Action [GetResponseJSONValue] successfully performed. With the following test data [name]. @17-11-2021 01:52:32.0845 AM
[ReportManager] API Action [GetResponseJSONValue] successfully performed. With the following test data [name]. @17-11-2021 01:52:32.0859 AM
[ReportManager] API Action [GetResponseJSONValue] successfully performed. With the following test data [name]. @17-11-2021 01:52:32.0871 AM
[ReportManager] API Action [GetResponseJSONValue] successfully performed. With the following test data [name]. @17-11-2021 01:52:32.0887 AM
[ReportManager] API Action [GetResponseJSONValue] successfully performed. With the following test data [name]. @17-11-2021 01:52:32.0905 A
[ReportManager] File Action [GetAbsolutePath] successfully performed. With the following test data [Relative Folder Path: "target/downloadedFiles/"]. @17-11-2021 01:52:33.0032 AM
[ReportManager] Attempting to run locally on: [Mac-64], [Safari], Headless Execution. @17-11-2021 01:52:33.0032 AM
[ReportManager] Successfully Opened Safari. @17-11-2021 01:52:33.0868 AM
[ReportManager] Initial window size: (800, 600) @17-11-2021 01:52:33.0886 AM
[ReportManager] Window size after SWD Maximize: (1176, 811) @17-11-2021 01:52:33.0905 AM
[ReportManager] Browser Action [MaximizeWindow] successfully performed. With the following test data [New screen size is now: (1176, 811)]. @17-11-2021 01:52:33.0906 A

################################################################################################################################################
Starting Execution:	[69 out of 146] test cases in the current suite
Test Method:		[testPackage01.Test_uploadFile.uploadFile_invisibleUploadInput]
################################################################################################################################################
[ReportManager] Target URL: [https://fineuploader.com/demos.html#gallery-view] @17-11-2021 01:52:34.0031 AM
[ReportManager] Initial URL: [] @17-11-2021 01:52:34.0070 AM
[ReportManager] Browser Action [NavigateToURL] successfully performed. With the following test data [https://fineuploader.com/demos.html#gallery-view]. @17-11-2021 01:52:35.0874 AM
[ReportManager] File Action [GetAbsolutePath] successfully performed. With the following test data [Relative File Path: "src/main/resources/images/shaft.png"]. @17-11-2021 01:52:35.0875 AM
[ReportManager] Successfully created attachment [File Action Actual Result - Command Log] @17-11-2021 01:52:35.0916 AM
[ReportManager] Element Action [TypeFileLocationForUpload] successfully performed. With the following test data [/Users/runner/work/SHAFT_ENGINE/SHAFT_ENGINE/src/main/resources/images/shaft.png]. @17-11-2021 01:52:35.0977 AM
[ReportManager] Attempting to getAttribute [src] from elementLocator [By.xpath: //div[@id='fine-uploader-gallery']//div[@class='qq-thumbnail-wrapper']/img]. @17-11-2021 01:52:35.0980 AM
[ReportManager] Element Action [GetAttribute] successfully performed. @17-11-2021 01:52:36.0101 AM
[ReportManager] Successfully created attachment [Element Action Test Data - GetAttribute - Actual Value] @17-11-2021 01:52:36.0143 AM
[ReportManager] Loaded Shared OpenCV @17-11-2021 01:52:36.0210 AM
[ReportManager] Assertion Passed: Then I Assert that the element found by [By.xpath: //div[@id='fine-uploader-gallery']//div[@class='qq-thumbnail-wrapper']/img] attribute [src] contains [data:image/png;base64]. @17-11-2021 01:52:36.0508 AM
[ReportManager] Successfully created attachment [Validation Test Data - Expected Value] @17-11-2021 01:52:36.0589 AM
[ReportManager] Successfully created attachment [Validation Test Data - Actual Value] @17-11-2021 01:52:36.0631 AM
[ReportManager] Successfully created attachment [Screenshot - 1637113956210_uploadFile_invisibleUploadInput_ValidateElementAttribute_passed] @17-11-2021 01:52:36.0716 AM
[ReportManager] Assertion [ValidateElementAttribute] PASSED. Expected and Actual values are attached. Comparison Type [CONTAINS]. Validation Type [POSITIVE]. @17-11-2021 01:52:36.0716 A
[ReportManager] Browser Action [CloseCurrentWindow] successfully performed. @17-11-2021 01:52:37.0265 AM
[ReportManager] Successfully created attachment [Browser Action Test Data - CloseCurrentWindow - Actual Value] @17-11-2021 01:52:37.0266 A
[ReportManager] File Action [GetAbsolutePath] successfully performed. With the following test data [Relative Folder Path: "target/downloadedFiles/"]. @17-11-2021 01:52:37.0270 AM
[ReportManager] Attempting to run locally on: [Mac-64], [Safari], Headless Execution. @17-11-2021 01:52:37.0270 AM
[ReportManager] Successfully Opened Safari. @17-11-2021 01:52:38.0164 AM
[ReportManager] Initial window size: (800, 600) @17-11-2021 01:52:38.0191 AM
[ReportManager] Window size after SWD Maximize: (1176, 811) @17-11-2021 01:52:38.0225 AM
[ReportManager] Browser Action [MaximizeWindow] successfully performed. With the following test data [New screen size is now: (1176, 811)]. @17-11-2021 01:52:38.0226 A

################################################################################################################################################
Starting Execution:	[70 out of 146] test cases in the current suite
Test Method:		[testPackage01.Test_uploadFile.uploadFile_visibleUploadInput]
################################################################################################################################################
[ReportManager] Target URL: [http://demo.guru99.com/test/upload/] @17-11-2021 01:52:38.0266 AM
[ReportManager] Initial URL: [] @17-11-2021 01:52:38.0317 AM
[ReportManager] Browser Action [NavigateToURL] successfully performed. With the following test data [http://demo.guru99.com/test/upload/]. @17-11-2021 01:52:39.0708 AM
[ReportManager] File Action [GetAbsolutePath] successfully performed. With the following test data [Relative Folder Path: "src/main/resources/images/shaft.png"]. @17-11-2021 01:52:39.0708 AM
[ReportManager] Element Action [TypeFileLocationForUpload] successfully performed. With the following test data [/Users/runner/work/SHAFT_ENGINE/SHAFT_ENGINE/src/main/resources/images/shaft.png]. @17-11-2021 01:52:39.0767 AM
[ReportManager] Element Action [Click] successfully performed. With the following test data [on]. @17-11-2021 01:52:40.0151 AM
[ReportManager] Element Action [Click] successfully performed. With the following test data [ Submit File]. @17-11-2021 01:52:40.0517 AM
[ReportManager] Element Action [GetText] successfully performed. With the following test data [1 file has been successfully uploaded.]. @17-11-2021 01:52:41.0236 AM
[ReportManager] Loaded Shared OpenCV @17-11-2021 01:52:41.0324 AM
[ReportManager] Assertion Passed: Then I Assert that the element found by [By.id: res] attribute [Text] contains [1 file]. @17-11-2021 01:52:41.0561 AM
[ReportManager] Successfully created attachment [Screenshot - 1637113961324_uploadFile_visibleUploadInput_ValidateElementAttribute_passed] @17-11-2021 01:52:41.0649 AM
[ReportManager] Assertion [ValidateElementAttribute] PASSED. Expected [Value Should be '1 file' for the 'Text' attribute, element locator 'By.id: res'] and Actual [1 file has been successfully uploaded.]. Comparison Type [CONTAINS]. Validation Type [POSITIVE]. @17-11-2021 01:52:41.0649 A
[ReportManager] Browser Action [CloseCurrentWindow] successfully performed. @17-11-2021 01:52:42.0129 AM
[ReportManager] Successfully created attachment [Browser Action Test Data - CloseCurrentWindow - Actual Value] @17-11-2021 01:52:42.0171 A

################################################################################################################################################
Starting Execution:	[71 out of 146] test cases in the current suite
Test Method:		[testPackage01.Test_AssertApiResponseEquals.assertApiResponseEquals_expectedToPass]
################################################################################################################################################
[ReportManager] Response status code: [200], status line: [HTTP/1.1 200 OK] @17-11-2021 01:52:42.0371 AM
[ReportManager] Assertion Passed: Evaluating the actual response status code against the expected one... @17-11-2021 01:52:42.0371 AM
[ReportManager] Assertion [ValidateComparativeRelation] PASSED. Expected [200] and Actual [200]. Comparison Type [EQUALS]. Validation Type [POSITIVE]. @17-11-2021 01:52:42.0372 AM
[ReportManager] API Action [PerformRequest] successfully performed. With the following test data [Request Type: "GET" | Target Status Code: "200" | Service URL: "https://jsonplaceholder.typicode.com/users" | Content Type: "*/*" | Response Time: "62ms"]. @17-11-2021 01:52:42.0407 AM
[ReportManager] Successfully created attachment [API Request - Specifications] @17-11-2021 01:52:42.0447 AM
[ReportManager] Successfully created attachment [API Response - JSON Body] @17-11-2021 01:52:42.0531 AM
[ReportManager] API Action [GetResponseJSONValueAsList] successfully performed. With the following test data [$]. @17-11-2021 01:52:42.0537 AM
[ReportManager] API Action [GetResponseJSONValue] successfully performed. With the following test data [name]. @17-11-2021 01:52:42.0552 AM
[ReportManager] API Action [GetResponseJSONValue] successfully performed. With the following test data [email]. @17-11-2021 01:52:42.0565 AM
[ReportManager] Verification [ValidateEquals] PASSED. Expected [Sincere@april.biz] and Actual [Sincere@april.biz]. Comparison Type [EQUALS]. Validation Type [POSITIVE]. @17-11-2021 01:52:42.0565 AM
[ReportManager] API Action [GetResponseJSONValue] successfully performed. With the following test data [username]. @17-11-2021 01:52:42.0581 AM
[ReportManager] Assertion [ValidateEquals] PASSED. Expected [Bret] and Actual [Bret]. Comparison Type [EQUALS]. Validation Type [POSITIVE]. @17-11-2021 01:52:42.0581 AM
[ReportManager] API Action [GetResponseJSONValue] successfully performed. With the following test data [name]. @17-11-2021 01:52:42.0596 AM
[ReportManager] API Action [GetResponseJSONValue] successfully performed. With the following test data [name]. @17-11-2021 01:52:42.0610 AM
[ReportManager] API Action [GetResponseJSONValue] successfully performed. With the following test data [name]. @17-11-2021 01:52:42.0633 AM
[ReportManager] API Action [GetResponseJSONValue] successfully performed. With the following test data [name]. @17-11-2021 01:52:42.0650 AM
[ReportManager] API Action [GetResponseJSONValue] successfully performed. With the following test data [name]. @17-11-2021 01:52:42.0667 AM
[ReportManager] API Action [GetResponseJSONValue] successfully performed. With the following test data [name]. @17-11-2021 01:52:42.0681 AM
[ReportManager] API Action [GetResponseJSONValue] successfully performed. With the following test data [name]. @17-11-2021 01:52:42.0697 AM
[ReportManager] API Action [GetResponseJSONValue] successfully performed. With the following test data [name]. @17-11-2021 01:52:42.0715 AM
[ReportManager] API Action [GetResponseJSONValue] successfully performed. With the following test data [name]. @17-11-2021 01:52:42.0744 A

################################################################################################################################################
Starting Execution:	[72 out of 146] test cases in the current suite
Test Method:		[testPackage01.Test_testData.f]
################################################################################################################################################
[ReportManager] Successfully loaded the following test data file [src/test/resources/TestDataFiles/testSuite01/TestData.xlsx]. @17-11-2021 01:52:42.0886 AM
[ReportManager] Successfully created attachment [Test Data - Excel] @17-11-2021 01:52:42.0927 AM
[ReportManager] Last Column Number is: [3]. Zero-based. @17-11-2021 01:52:42.0929 A

################################################################################################################################################
Starting Execution:	[73 out of 146] test cases in the current suite
Test Method:		[testPackage01.Test_PDF.testPDF1]
################################################################################################################################################
[ReportManager] File Action [DoesFileExist] successfully performed. With the following test data [File Path: "src/test/resources/TestDataFiles/sample.pdf"]. @17-11-2021 01:52:43.0062 AM
[ReportManager] File Action [GetAbsolutePath] successfully performed. With the following test data [Relative Folder Path: "src/test/resources/TestDataFiles/sample.pdf"]. @17-11-2021 01:52:43.0064 AM
[ReportManager] Assertion Passed: Checking to see that the pdf file contains [A Simple PDF File] @17-11-2021 01:54:20.0007 AM
[ReportManager] Successfully created attachment [Validation Test Data - Expected Value] @17-11-2021 01:54:20.0010 AM
[ReportManager] Successfully created attachment [Validation Test Data - Actual Value] @17-11-2021 01:54:20.0011 AM
[ReportManager] Assertion [ValidateEquals] PASSED. Expected and Actual values are attached. Comparison Type [CONTAINS]. Validation Type [POSITIVE]. @17-11-2021 01:54:20.0011 A

################################################################################################################################################
Starting Execution:	[74 out of 146] test cases in the current suite
Test Method:		[testPackage01.Test_PDF.testPDF2]
################################################################################################################################################
[ReportManager] File Action [DoesFileExist] successfully performed. With the following test data [File Path: "src/test/resources/TestDataFiles/sample.pdf"]. @17-11-2021 01:54:20.0018 AM
[ReportManager] File Action [GetAbsolutePath] successfully performed. With the following test data [Relative Folder Path: "src/test/resources/TestDataFiles/sample.pdf"]. @17-11-2021 01:54:20.0018 AM
[ReportManager] Assertion Passed: Checking to see that the pdf file contains [A Simple PDF File] @17-11-2021 01:54:20.0043 AM
[ReportManager] Successfully created attachment [Validation Test Data - Expected Value] @17-11-2021 01:54:20.0084 AM
[ReportManager] Successfully created attachment [Validation Test Data - Actual Value] @17-11-2021 01:54:20.0168 AM
[ReportManager] Assertion [ValidateEquals] PASSED. Expected and Actual values are attached. Comparison Type [CONTAINS]. Validation Type [POSITIVE]. @17-11-2021 01:54:20.0168 A
[ReportManager] File Action [GetAbsolutePath] successfully performed. With the following test data [Relative Folder Path: "target/downloadedFiles/"]. @17-11-2021 01:54:20.0295 AM
[ReportManager] Attempting to run locally on: [Mac-64], [Safari], Headless Execution. @17-11-2021 01:54:20.0295 AM
[ReportManager] Successfully Opened Safari. @17-11-2021 01:54:21.0136 AM
[ReportManager] Initial window size: (800, 600) @17-11-2021 01:54:21.0142 AM
[ReportManager] Window size after SWD Maximize: (1176, 811) @17-11-2021 01:54:21.0166 AM
[ReportManager] Browser Action [MaximizeWindow] successfully performed. With the following test data [New screen size is now: (1176, 811)]. @17-11-2021 01:54:21.0167 A

################################################################################################################################################
Starting Execution:	[75 out of 146] test cases in the current suite
Test Method:		[testPackage01.Test_ShadowDOM.shadowdom]
################################################################################################################################################
[ReportManager] Target URL: [https://mdn.github.io/web-components-examples/popup-info-box-web-component/] @17-11-2021 01:54:21.0292 AM
[ReportManager] Initial URL: [] @17-11-2021 01:54:21.0321 AM
[ReportManager] Browser Action [NavigateToURL] successfully performed. With the following test data [https://mdn.github.io/web-components-examples/popup-info-box-web-component/]. @17-11-2021 01:54:21.0801 AM
[ReportManager] Element Action [Type] successfully performed. With the following test data [Typing into SHADOW DOM...]. @17-11-2021 01:54:22.0919 AM
[ReportManager] Element Action [GetText] successfully performed. With the following test data [Typing into SHADOW DOM...]. @17-11-2021 01:54:22.0972 AM
[ReportManager] Loaded Shared OpenCV @17-11-2021 01:54:23.0019 AM
[ReportManager] Assertion [ValidateElementAttribute] PASSED. Expected [Value Should be 'Typing into SHADOW DOM...' for the 'Text' attribute, element locator 'By.id: cvc'] and Actual [Typing into SHADOW DOM...]. Comparison Type [EQUALS]. Validation Type [POSITIVE]. @17-11-2021 01:54:23.0226 AM
[ReportManager] Successfully created attachment [Screenshot - 1637114063019_shadowdom_ValidateElementAttribute_passed] @17-11-2021 01:54:23.0307 A
[ReportManager] Browser Action [CloseCurrentWindow] successfully performed. @17-11-2021 01:54:23.0840 AM
[ReportManager] Successfully created attachment [Browser Action Test Data - CloseCurrentWindow - Actual Value] @17-11-2021 01:54:23.0840 A
[ReportManager] File Action [GetAbsolutePath] successfully performed. With the following test data [Relative Folder Path: "target/downloadedFiles/"]. @17-11-2021 01:54:23.0843 AM
[ReportManager] Attempting to run locally on: [Mac-64], [Safari], Headless Execution. @17-11-2021 01:54:23.0843 AM
[ReportManager] Successfully Opened Safari. @17-11-2021 01:54:24.0703 AM
[ReportManager] Initial window size: (800, 600) @17-11-2021 01:54:24.0712 AM
[ReportManager] Window size after SWD Maximize: (1176, 811) @17-11-2021 01:54:24.0735 AM
[ReportManager] Browser Action [MaximizeWindow] successfully performed. With the following test data [New screen size is now: (1176, 811)]. @17-11-2021 01:54:24.0735 A

################################################################################################################################################
Starting Execution:	[76 out of 146] test cases in the current suite
Test Method:		[testPackage01.Test_clipboardActions.typeTextAndCopyPaste]
################################################################################################################################################
[ReportManager] Target URL: [https://www.google.com/ncr], and after redirection: [https://www.google.com] @17-11-2021 01:54:24.0779 AM
[ReportManager] Initial URL: [] @17-11-2021 01:54:24.0837 AM
[ReportManager] Browser Action [NavigateToURL] successfully performed. With the following test data [https://www.google.com/ncr]. @17-11-2021 01:54:25.0949 AM
[ReportManager] Element Action [Type] successfully performed. With the following test data [FIRST]. @17-11-2021 01:54:26.0381 A
[ReportManager] Browser Action [CloseCurrentWindow] successfully performed. @17-11-2021 01:54:26.0990 AM
[ReportManager] Successfully created attachment [Browser Action Test Data - CloseCurrentWindow - Actual Value] @17-11-2021 01:54:27.0032 A

################################################################################################################################################
Starting Execution:	[77 out of 146] test cases in the current suite
Test Method:		[testPackage01.Test_NewValidationHelper.f1]
################################################################################################################################################
[ReportManager] Assertion Passed: Checking valid user data @17-11-2021 01:54:27.0118 AM
[ReportManager] Successfully created attachment [Validation Test Data - Expected Value] @17-11-2021 01:54:27.0159 AM
[ReportManager] Successfully created attachment [Validation Test Data - Actual Value] @17-11-2021 01:54:27.0241 AM
[ReportManager] Assertion [ValidateEquals] PASSED. Expected and Actual values are attached. Comparison Type [EQUALS]. Validation Type [POSITIVE]. @17-11-2021 01:54:27.0241 A
[ReportManager] File Action [GetAbsolutePath] successfully performed. With the following test data [Relative Folder Path: "target/downloadedFiles/"]. @17-11-2021 01:54:27.0367 AM
[ReportManager] Attempting to run locally on: [Mac-64], [Safari], Headless Execution. @17-11-2021 01:54:27.0367 AM
[ReportManager] Successfully Opened Safari. @17-11-2021 01:54:28.0264 AM
[ReportManager] Initial window size: (800, 600) @17-11-2021 01:54:28.0285 AM
[ReportManager] Window size after SWD Maximize: (1176, 811) @17-11-2021 01:54:28.0357 AM
[ReportManager] Browser Action [MaximizeWindow] successfully performed. With the following test data [New screen size is now: (1176, 811)]. @17-11-2021 01:54:28.0358 AM
[ReportManager] Target URL: [https://the-internet.herokuapp.com/] @17-11-2021 01:54:28.0358 AM
[ReportManager] Initial URL: [] @17-11-2021 01:54:28.0394 AM
[ReportManager] Browser Action [NavigateToURL] successfully performed. With the following test data [https://the-internet.herokuapp.com/]. @17-11-2021 01:54:29.0597 A

################################################################################################################################################
Starting Execution:	[78 out of 146] test cases in the current suite
Test Method:		[testPackage01.Test_NewValidationHelper.f10]
################################################################################################################################################
[ReportManager] Loaded Shared OpenCV @17-11-2021 01:54:29.0811 AM
[ReportManager] Assertion [ValidateElementExists] FAILED. Expected [Element Should Exist, locator 'By.tagName: div'] and Actual [Element Exists but is not unique]. Comparison Type [EQUALS]. Validation Type [POSITIVE]. @17-11-2021 01:54:30.0042 AM
[ReportManager] Successfully created attachment [Screenshot - 1637114069811_f10_ValidateElementExists_failed] @17-11-2021 01:54:30.0083 A



################################################################################################################################################
Starting Execution:	[79 out of 146] test cases in the current suite
Test Method:		[testPackage01.Test_NewValidationHelper.f11]
###############################################################################################################################################



################################################################################################################################################
Starting Execution:	[80 out of 146] test cases in the current suite
Test Method:		[testPackage01.Test_NewValidationHelper.f12]
###############################################################################################################################################



################################################################################################################################################
Starting Execution:	[81 out of 146] test cases in the current suite
Test Method:		[testPackage01.Test_NewValidationHelper.f13]
###############################################################################################################################################



################################################################################################################################################
Starting Execution:	[82 out of 146] test cases in the current suite
Test Method:		[testPackage01.Test_NewValidationHelper.f14]
###############################################################################################################################################



################################################################################################################################################
Starting Execution:	[83 out of 146] test cases in the current suite
Test Method:		[testPackage01.Test_NewValidationHelper.f15]
###############################################################################################################################################



################################################################################################################################################
Starting Execution:	[84 out of 146] test cases in the current suite
Test Method:		[testPackage01.Test_NewValidationHelper.f16]
###############################################################################################################################################



################################################################################################################################################
Starting Execution:	[85 out of 146] test cases in the current suite
Test Method:		[testPackage01.Test_NewValidationHelper.f17]
###############################################################################################################################################



################################################################################################################################################
Starting Execution:	[86 out of 146] test cases in the current suite
Test Method:		[testPackage01.Test_NewValidationHelper.f18]
###############################################################################################################################################


################################################################################################################################################
Starting Execution:	[87 out of 146] test cases in the current suite
Test Method:		[testPackage01.Test_NewValidationHelper.f2]
###############################################################################################################################################


################################################################################################################################################
Starting Execution:	[88 out of 146] test cases in the current suite
Test Method:		[testPackage01.Test_NewValidationHelper.f20]
###############################################################################################################################################



################################################################################################################################################
Starting Execution:	[89 out of 146] test cases in the current suite
Test Method:		[testPackage01.Test_NewValidationHelper.f21]
###############################################################################################################################################



################################################################################################################################################
Starting Execution:	[90 out of 146] test cases in the current suite
Test Method:		[testPackage01.Test_NewValidationHelper.f22]
###############################################################################################################################################


################################################################################################################################################
Starting Execution:	[91 out of 146] test cases in the current suite
Test Method:		[testPackage01.Test_NewValidationHelper.f23]
###############################################################################################################################################

################################################################################################################################################
Starting Execution:	[92 out of 146] test cases in the current suite
Test Method:		[testPackage01.Test_NewValidationHelper.f24]
###############################################################################################################################################

################################################################################################################################################
Starting Execution:	[93 out of 146] test cases in the current suite
Test Method:		[testPackage01.Test_NewValidationHelper.f25]
###############################################################################################################################################

################################################################################################################################################
Starting Execution:	[94 out of 146] test cases in the current suite
Test Method:		[testPackage01.Test_NewValidationHelper.f26]
###############################################################################################################################################

################################################################################################################################################
Starting Execution:	[95 out of 146] test cases in the current suite
Test Method:		[testPackage01.Test_NewValidationHelper.f27]
###############################################################################################################################################

################################################################################################################################################
Starting Execution:	[96 out of 146] test cases in the current suite
Test Method:		[testPackage01.Test_NewValidationHelper.f28]
###############################################################################################################################################

################################################################################################################################################
Starting Execution:	[97 out of 146] test cases in the current suite
Test Method:		[testPackage01.Test_NewValidationHelper.f29]
###############################################################################################################################################

################################################################################################################################################
Starting Execution:	[98 out of 146] test cases in the current suite
Test Method:		[testPackage01.Test_NewValidationHelper.f3]
###############################################################################################################################################

################################################################################################################################################
Starting Execution:	[99 out of 146] test cases in the current suite
Test Method:		[testPackage01.Test_NewValidationHelper.f30]
###############################################################################################################################################

################################################################################################################################################
Starting Execution:	[100 out of 146] test cases in the current suite
Test Method:		[testPackage01.Test_NewValidationHelper.f31]
###############################################################################################################################################

################################################################################################################################################
Starting Execution:	[101 out of 146] test cases in the current suite
Test Method:		[testPackage01.Test_NewValidationHelper.f32]
###############################################################################################################################################

################################################################################################################################################
Starting Execution:	[102 out of 146] test cases in the current suite
Test Method:		[testPackage01.Test_NewValidationHelper.f33]
###############################################################################################################################################

################################################################################################################################################
Starting Execution:	[103 out of 146] test cases in the current suite
Test Method:		[testPackage01.Test_NewValidationHelper.f34]
###############################################################################################################################################

################################################################################################################################################
Starting Execution:	[104 out of 146] test cases in the current suite
Test Method:		[testPackage01.Test_NewValidationHelper.f35]
###############################################################################################################################################

################################################################################################################################################
Starting Execution:	[105 out of 146] test cases in the current suite
Test Method:		[testPackage01.Test_NewValidationHelper.f36]
###############################################################################################################################################

################################################################################################################################################
Starting Execution:	[106 out of 146] test cases in the current suite
Test Method:		[testPackage01.Test_NewValidationHelper.f37]
###############################################################################################################################################

################################################################################################################################################
Starting Execution:	[107 out of 146] test cases in the current suite
Test Method:		[testPackage01.Test_NewValidationHelper.f3_1]
###############################################################################################################################################

################################################################################################################################################
Starting Execution:	[108 out of 146] test cases in the current suite
Test Method:		[testPackage01.Test_NewValidationHelper.f4]
###############################################################################################################################################

################################################################################################################################################
Starting Execution:	[109 out of 146] test cases in the current suite
Test Method:		[testPackage01.Test_NewValidationHelper.f5]
###############################################################################################################################################

################################################################################################################################################
Starting Execution:	[110 out of 146] test cases in the current suite
Test Method:		[testPackage01.Test_NewValidationHelper.f6]
###############################################################################################################################################

################################################################################################################################################
Starting Execution:	[111 out of 146] test cases in the current suite
Test Method:		[testPackage01.Test_NewValidationHelper.f6_1]
###############################################################################################################################################

################################################################################################################################################
Starting Execution:	[112 out of 146] test cases in the current suite
Test Method:		[testPackage01.Test_NewValidationHelper.f6_2]
###############################################################################################################################################

################################################################################################################################################
Starting Execution:	[113 out of 146] test cases in the current suite
Test Method:		[testPackage01.Test_NewValidationHelper.f7]
###############################################################################################################################################


################################################################################################################################################
Starting Execution:	[114 out of 146] test cases in the current suite
Test Method:		[testPackage01.Test_NewValidationHelper.f8]
###############################################################################################################################################



################################################################################################################################################
Starting Execution:	[115 out of 146] test cases in the current suite
Test Method:		[testPackage01.Test_NewValidationHelper.f9]
###############################################################################################################################################


################################################################################################################################################
Starting Execution:	[116 out of 146] test cases in the current suite
Test Method:		[testPackage01.Test_NewValidationHelper.forceFail]
###############################################################################################################################################

################################################################################################################################################
Starting Execution:	[117 out of 146] test cases in the current suite
Test Method:		[testPackage01.Test_NewValidationHelper.forceFail2]
###############################################################################################################################################

################################################################################################################################################
Starting Execution:	[118 out of 146] test cases in the current suite
Test Method:		[testPackage01.Test_JsonActions.f]
###############################################################################################################################################

################################################################################################################################################
Starting Execution:	[119 out of 146] test cases in the current suite
Test Method:		[testPackage01.Test_JsonActions.f2]
###############################################################################################################################################

################################################################################################################################################
Starting Execution:	[120 out of 146] test cases in the current suite
Test Method:		[testPackage01.Test_sendGraphqlRequest.sendGraphqlRequestUsingMutationAndVariables]
################################################################################################################################################
[ReportManager] GraphQl Request is being Performed with the Following Parameters [Service URL: https://api.spacex.land/graphql | Request Body: {"variables":"{\"name\": \"sherlock holmes\",\"rocket\": \"221B Baker Street\"}","query":"mutation ($name: String, $rocket: String) {\n  insert_users(objects: {name: $name, rocket: $rocket}) {\n    returning {\n      name\n      rocket\n    }\n  }\n}"}] @17-11-2021 01:54:30.0836 AM
[ReportManager] Response status code: [200], status line: [HTTP/1.1 200 OK] @17-11-2021 01:54:31.0576 AM
[ReportManager] Assertion Passed: Evaluating the actual response status code against the expected one... @17-11-2021 01:54:31.0576 AM
[ReportManager] Assertion [ValidateComparativeRelation] PASSED. Expected [200] and Actual [200]. Comparison Type [EQUALS]. Validation Type [POSITIVE]. @17-11-2021 01:54:31.0576 AM
[ReportManager] API Action [PerformRequest] successfully performed. With the following test data [Request Type: "POST" | Target Status Code: "200" | Service URL: "https://api.spacex.land/graphql" | Content Type: "application/json" | Response Time: "496ms"]. @17-11-2021 01:54:31.0613 AM
[ReportManager] Successfully created attachment [API Request - Specifications] @17-11-2021 01:54:31.0738 AM
[ReportManager] Successfully created attachment [API Request - JSON Body] @17-11-2021 01:54:31.0861 AM
[ReportManager] Successfully created attachment [API Response - JSON Body] @17-11-2021 01:54:31.0987 AM
[ReportManager] API Action [GetResponseJSONValue] successfully performed. With the following test data [data.insert_users.returning[0].name]. @17-11-2021 01:54:32.0079 AM
[ReportManager] Assertion [ValidateEquals] PASSED. Expected [sherlock holmes] and Actual [sherlock holmes]. Comparison Type [EQUALS]. Validation Type [POSITIVE]. @17-11-2021 01:54:32.0079 A

################################################################################################################################################
Starting Execution:	[121 out of 146] test cases in the current suite
Test Method:		[testPackage01.Test_sendGraphqlRequest.sendGraphqlRequestUsingQuery]
################################################################################################################################################
[ReportManager] GraphQl Request is being Performed with the Following Parameters [Service URL: https://api.spacex.land/graphql | Request Body: {"query":"{company {ceo}}"}] @17-11-2021 01:54:32.0284 AM
[ReportManager] Response status code: [200], status line: [HTTP/1.1 200 OK] @17-11-2021 01:54:32.0647 AM
[ReportManager] Assertion Passed: Evaluating the actual response status code against the expected one... @17-11-2021 01:54:32.0647 AM
[ReportManager] Assertion [ValidateComparativeRelation] PASSED. Expected [200] and Actual [200]. Comparison Type [EQUALS]. Validation Type [POSITIVE]. @17-11-2021 01:54:32.0647 AM
[ReportManager] API Action [PerformRequest] successfully performed. With the following test data [Request Type: "POST" | Target Status Code: "200" | Service URL: "https://api.spacex.land/graphql" | Content Type: "application/json" | Response Time: "359ms"]. @17-11-2021 01:54:32.0664 AM
[ReportManager] Successfully created attachment [API Request - Specifications] @17-11-2021 01:54:32.0705 AM
[ReportManager] Successfully created attachment [API Request - JSON Body] @17-11-2021 01:54:32.0790 AM
[ReportManager] Successfully created attachment [API Response - JSON Body] @17-11-2021 01:54:32.0837 AM
[ReportManager] API Action [GetResponseJSONValue] successfully performed. With the following test data [data.company.ceo]. @17-11-2021 01:54:32.0870 AM
[ReportManager] Assertion [ValidateEquals] PASSED. Expected [Elon Musk] and Actual [Elon Musk]. Comparison Type [EQUALS]. Validation Type [POSITIVE]. @17-11-2021 01:54:32.0870 A

################################################################################################################################################
Starting Execution:	[122 out of 146] test cases in the current suite
Test Method:		[testPackage01.Test_MatchJsonSchema.checkAPI_ResponseSchema]
################################################################################################################################################
[ReportManager] Response status code: [200], status line: [HTTP/1.1 200 OK] @17-11-2021 01:54:33.0144 AM
[ReportManager] Assertion Passed: Evaluating the actual response status code against the expected one... @17-11-2021 01:54:33.0144 AM
[ReportManager] Assertion [ValidateComparativeRelation] PASSED. Expected [200] and Actual [200]. Comparison Type [EQUALS]. Validation Type [POSITIVE]. @17-11-2021 01:54:33.0144 AM
[ReportManager] API Action [PerformRequest] successfully performed. With the following test data [Request Type: "GET" | Target Status Code: "200" | Service URL: "http://api.zippopotam.us/us/90210" | Content Type: "*/*" | Response Time: "139ms"]. @17-11-2021 01:54:33.0163 AM
[ReportManager] Successfully created attachment [API Request - Specifications] @17-11-2021 01:54:33.0164 AM
[ReportManager] Successfully created attachment [API Response - JSON Body] @17-11-2021 01:54:33.0165 AM
[ReportManager] File Action [GetAbsolutePath] successfully performed. With the following test data [Relative Folder Path: "src/test/resources/testDataFiles/schema.json"]. @17-11-2021 01:54:33.0166 AM
[ReportManager] File Action [GetAbsolutePath] successfully performed. With the following test data [Relative Folder Path: "/Users/runner/work/SHAFT_ENGINE/SHAFT_ENGINE/src/test/resources/testDataFiles/schema.json"]. @17-11-2021 01:54:34.0274 AM
[ReportManager] File Action [ReadFromFile] successfully performed. With the following test data [File Path: "/Users/runner/work/SHAFT_ENGINE/SHAFT_ENGINE/src/test/resources/testDataFiles/schema.json"]. @17-11-2021 01:54:34.0274 AM
[ReportManager] Assertion Passed: Then I Assert that the API response schema matches that in this file [src/test/resources/testDataFiles/schema.json]. @17-11-2021 01:54:34.0276 AM
[ReportManager] Successfully created attachment [Validation Test Data - Expected JSON Value] @17-11-2021 01:54:34.0276 AM
[ReportManager] Successfully created attachment [Validation Test Data - Actual JSON Value] @17-11-2021 01:54:34.0277 AM
[ReportManager] Assertion [ValidateResponseFileSchema] PASSED. Expected [Response data should match the JSON File in this path '/Users/runner/work/SHAFT_ENGINE/SHAFT_ENGINE/src/test/resources/testDataFiles/schema.json'] and Actual [TRUE]. Comparison Type [EQUALS]. Validation Type [POSITIVE]. @17-11-2021 01:54:34.0277 A
[ReportManager] File Action [GetAbsolutePath] successfully performed. With the following test data [Relative Folder Path: "target/downloadedFiles/"]. @17-11-2021 01:54:34.0281 AM
[ReportManager] Attempting to run locally on: [Mac-64], [Safari], Headless Execution. @17-11-2021 01:54:34.0281 AM
[ReportManager] Successfully Opened Safari. @17-11-2021 01:54:35.0164 AM
[ReportManager] Initial window size: (800, 600) @17-11-2021 01:54:35.0170 AM
[ReportManager] Window size after SWD Maximize: (1176, 811) @17-11-2021 01:54:35.0199 AM
[ReportManager] Browser Action [MaximizeWindow] successfully performed. With the following test data [New screen size is now: (1176, 811)]. @17-11-2021 01:54:35.0200 A

################################################################################################################################################
Starting Execution:	[123 out of 146] test cases in the current suite
Test Method:		[testPackage01.Test_dragAndDrop.dragAndDropJquery]
################################################################################################################################################
[ReportManager] Target URL: [https://jqueryui.com/resources/demos/droppable/default.html] @17-11-2021 01:54:35.0329 AM
[ReportManager] Initial URL: [] @17-11-2021 01:54:35.0360 AM
[ReportManager] Browser Action [NavigateToURL] successfully performed. With the following test data [https://jqueryui.com/resources/demos/droppable/default.html]. @17-11-2021 01:54:35.0931 AM
[ReportManager] Element Action [GetText] successfully performed. With the following test data [
	Drop here
]. @17-11-2021 01:54:35.0973 AM
[ReportManager] Element Action [DragAndDrop] successfully performed. With the following test data [Start point: (8, 18), End point: (8, 18)]. @17-11-2021 01:54:37.0051 AM
[ReportManager] Element Action [GetText] successfully performed. With the following test data [
	Dropped!
]. @17-11-2021 01:54:37.0095 AM
[ReportManager] Assertion Passed: Checking to see if the text has changed after performing drag and drop @17-11-2021 01:54:37.0095 AM
[ReportManager] Assertion [ValidateEquals] PASSED. Expected [
	Drop here
] and Actual [
	Dropped!
]. Comparison Type [EQUALS]. Validation Type [NEGATIVE]. @17-11-2021 01:54:37.0095 A
[ReportManager] Browser Action [CloseCurrentWindow] successfully performed. @17-11-2021 01:54:37.0521 AM
[ReportManager] Successfully created attachment [Browser Action Test Data - CloseCurrentWindow - Actual Value] @17-11-2021 01:54:37.0562 A
[ReportManager] File Action [GetAbsolutePath] successfully performed. With the following test data [Relative Folder Path: "target/downloadedFiles/"]. @17-11-2021 01:54:37.0688 AM
[ReportManager] Attempting to run locally on: [Mac-64], [Safari], Headless Execution. @17-11-2021 01:54:37.0688 AM
[ReportManager] Successfully Opened Safari. @17-11-2021 01:54:38.0591 AM
[ReportManager] Initial window size: (800, 600) @17-11-2021 01:54:38.0603 AM
[ReportManager] Window size after SWD Maximize: (1176, 811) @17-11-2021 01:54:38.0688 AM
[ReportManager] Browser Action [MaximizeWindow] successfully performed. With the following test data [New screen size is now: (1176, 811)]. @17-11-2021 01:54:38.0688 A

################################################################################################################################################
Starting Execution:	[124 out of 146] test cases in the current suite
Test Method:		[testPackage01.Test_dragAndDrop.dragAndDrop]
Test Description:	[TC001 - Test Drag and Drop function.]
################################################################################################################################################
[ReportManager] Target URL: [http://the-internet.herokuapp.com/drag_and_drop] @17-11-2021 01:54:38.0815 AM
[ReportManager] Initial URL: [] @17-11-2021 01:54:38.0848 AM
[ReportManager] Browser Action [NavigateToURL] successfully performed. With the following test data [http://the-internet.herokuapp.com/drag_and_drop]. @17-11-2021 01:54:40.0289 AM
[ReportManager] Attempting Drag and Drop @17-11-2021 01:54:40.0289 AM
[ReportManager] Element Action [DragAndDrop] successfully performed. With the following test data [Start point: (120, 89), End point: (335, 89)]. @17-11-2021 01:54:40.0959 A
[ReportManager] Browser Action [CloseCurrentWindow] successfully performed. @17-11-2021 01:54:41.0343 AM
[ReportManager] Successfully created attachment [Browser Action Test Data - CloseCurrentWindow - Actual Value] @17-11-2021 01:54:41.0384 A
[ReportManager] File Action [GetAbsolutePath] successfully performed. With the following test data [Relative Folder Path: "target/downloadedFiles/"]. @17-11-2021 01:54:41.0509 AM
[ReportManager] Attempting to run locally on: [Mac-64], [Safari], Headless Execution. @17-11-2021 01:54:41.0509 AM
[ReportManager] Successfully Opened Safari. @17-11-2021 01:54:43.0537 AM
[ReportManager] Initial window size: (800, 600) @17-11-2021 01:54:43.0548 AM
[ReportManager] Window size after SWD Maximize: (1176, 811) @17-11-2021 01:54:43.0585 AM
[ReportManager] Browser Action [MaximizeWindow] successfully performed. With the following test data [New screen size is now: (1176, 811)]. @17-11-2021 01:54:43.0585 A

################################################################################################################################################
Starting Execution:	[125 out of 146] test cases in the current suite
Test Method:		[testPackage01.Test_dragAndDrop.dragAndDropByOffset]
Test Description:	[TC002 - Test Drag and Drop by offset function.]
################################################################################################################################################
[ReportManager] Target URL: [https://jqueryui.com/resources/demos/draggable/default.html] @17-11-2021 01:54:43.0714 AM
[ReportManager] Initial URL: [] @17-11-2021 01:54:43.0749 AM
[ReportManager] Browser Action [NavigateToURL] successfully performed. With the following test data [https://jqueryui.com/resources/demos/draggable/default.html]. @17-11-2021 01:54:44.0224 AM
[ReportManager] Element Action [DragAndDropByOffset] successfully performed. With the following test data [Start point: (8, 8), End point: (108, 58)]. @17-11-2021 01:54:45.0000 A
[ReportManager] Browser Action [CloseCurrentWindow] successfully performed. @17-11-2021 01:54:45.0414 AM
[ReportManager] Successfully created attachment [Browser Action Test Data - CloseCurrentWindow - Actual Value] @17-11-2021 01:54:45.0456 A
[ReportManager] Successfully loaded the following test data file [src/test/resources/TestDataFiles/testSuite01/TestData.xlsx]. @17-11-2021 01:54:45.0642 AM
[ReportManager] Successfully created attachment [Test Data - Excel] @17-11-2021 01:54:45.0683 AM
[ReportManager] File Action [GetAbsolutePath] successfully performed. With the following test data [Relative Folder Path: "target/downloadedFiles/"]. @17-11-2021 01:54:45.0683 AM
[ReportManager] Attempting to run locally on: [Mac-64], [Safari], Headless Execution. @17-11-2021 01:54:45.0683 AM
[ReportManager] Successfully Opened Safari. @17-11-2021 01:54:47.0187 AM
[ReportManager] Initial window size: (800, 600) @17-11-2021 01:54:47.0204 AM
[ReportManager] Window size after SWD Maximize: (1176, 811) @17-11-2021 01:54:47.0221 AM
[ReportManager] Browser Action [MaximizeWindow] successfully performed. With the following test data [New screen size is now: (1176, 811)]. @17-11-2021 01:54:47.0222 A

################################################################################################################################################
Starting Execution:	[126 out of 146] test cases in the current suite
Test Method:		[testPackage01.Test_google.navigateToURLandVerifyGoogleLogoIsDisplayed]
Test Description:	[TC001 - Navigate to URL and Verify Google Logo is Displayed]
################################################################################################################################################
[ReportManager] Target URL: [https://www.google.com/ncr], and after redirection: [https://www.google.com] @17-11-2021 01:54:47.0272 AM
[ReportManager] Initial URL: [] @17-11-2021 01:54:47.0326 AM
[ReportManager] Browser Action [NavigateToURL] successfully performed. With the following test data [https://www.google.com/ncr]. @17-11-2021 01:54:48.0886 AM
[ReportManager] Loaded Shared OpenCV @17-11-2021 01:54:48.0992 AM
[ReportManager] Assertion Passed: Then I Assert that the element found by [By.xpath: //*[@id='hplogo' or @alt='Google']] exists. @17-11-2021 01:54:49.0293 AM
[ReportManager] Successfully created attachment [Screenshot - 1637114088992_navigateToURLandVerifyGoogleLogoIsDisplayed_ValidateElementExists_passed] @17-11-2021 01:54:49.0375 AM
[ReportManager] Assertion [ValidateElementExists] PASSED. Expected [Element Should Exist, locator 'By.xpath: //*[@id='hplogo' or @alt='Google']'] and Actual [Element Exists]. Comparison Type [EQUALS]. Validation Type [POSITIVE]. @17-11-2021 01:54:49.0375 A

################################################################################################################################################
Starting Execution:	[127 out of 146] test cases in the current suite
Test Method:		[testPackage01.Test_google.searchForQueryandAssertResultsNumDisplayed]
Test Description:	[TC002 - Search for Query and Assert that the number of results is displayed]
################################################################################################################################################
[ReportManager] Element Action [Type] successfully performed. With the following test data [SHAFT_Engine]. @17-11-2021 01:54:50.0026 AM
[ReportManager] Element Action [KeyPress] successfully performed. With the following test data [Enter]. @17-11-2021 01:54:50.0075 A

################################################################################################################################################
Starting Execution:	[128 out of 146] test cases in the current suite
Test Method:		[testPackage01.Test_google.clickNextThrice]
Test Description:	[TC003 - Clicks the next button to make sure that the framework can scroll element into view before clicking it]
###############################################################################################################################################
[ReportManager] Browser Action [CloseCurrentWindow] successfully performed. @17-11-2021 01:54:51.0613 AM
[ReportManager] Successfully created attachment [Browser Action Test Data - CloseCurrentWindow - Actual Value] @17-11-2021 01:54:51.0658 A

################################################################################################################################################
Starting Execution:	[129 out of 146] test cases in the current suite
Test Method:		[testPackage01.Test_chainableElementActions.chainElementActions]
################################################################################################################################################
[ReportManager] File Action [GetAbsolutePath] successfully performed. With the following test data [Relative Folder Path: "target/downloadedFiles/"]. @17-11-2021 01:54:51.0745 AM
[ReportManager] Attempting to run locally on: [Mac-64], [GoogleChrome], Headless Execution. @17-11-2021 01:54:51.0747 AM
[ReportManager] Identifying OS/Driver combination and selecting the correct driver version automatically. Please note that if a new driver executable will be downloaded it may take some time... @17-11-2021 01:54:51.0747 AM
[ReportManager] Successfully Opened Google Chrome. @17-11-2021 01:55:05.0540 AM
[ReportManager] Initial window size: (1920, 1080) @17-11-2021 01:55:05.0545 AM
[ReportManager] Window size after SWD Maximize: (1920, 1080) @17-11-2021 01:55:05.0663 AM
[ReportManager] Window size after Toolkit: (1920, 1080) @17-11-2021 01:55:06.0185 AM
[ReportManager] Browser Action [MaximizeWindow] successfully performed. With the following test data [New screen size is now: (1920, 1080)]. @17-11-2021 01:55:06.0189 AM
[ReportManager] Target URL: [https://www.google.com/ncr], and after redirection: [https://www.google.com] @17-11-2021 01:55:06.0189 AM
[ReportManager] Initial URL: [data:,] @17-11-2021 01:55:06.0224 AM
[ReportManager] Browser Action [NavigateToURL] successfully performed. With the following test data [https://www.google.com/ncr]. @17-11-2021 01:55:10.0019 AM
[ReportManager] Element Action [Type] successfully performed. With the following test data [chained type 1]. @17-11-2021 01:55:13.0622 AM
[ReportManager] Element Action [Type] successfully performed. With the following test data [chained type 2]. @17-11-2021 01:55:13.0958 AM
[ReportManager] Element Action [TypeAppend] successfully performed. With the following test data [345]. @17-11-2021 01:55:14.0028 AM
[ReportManager] Element Action [GetText] successfully performed. With the following test data [chained type 2345]. @17-11-2021 01:55:14.0098 AM
[ReportManager] Loaded Shared OpenCV @17-11-2021 01:55:14.0351 AM
[ReportManager] Assertion [ValidateElementAttribute] PASSED. Expected [Value Should be 'chained type 2345' for the 'text' attribute, element locator 'By.name: q'] and Actual [chained type 2345]. Comparison Type [EQUALS]. Validation Type [POSITIVE]. @17-11-2021 01:55:15.0694 AM
[ReportManager] Successfully created attachment [Screenshot - 1637114114350_chainElementActions_ValidateElementAttribute_passed] @17-11-2021 01:55:15.0935 AM
[ReportManager] Browser Action [CloseCurrentWindow] successfully performed. @17-11-2021 01:55:16.0201 AM
[ReportManager] Successfully created attachment [Browser Action Test Data - CloseCurrentWindow - Actual Value] @17-11-2021 01:55:16.0507 A
[ReportManager] File Action [GetAbsolutePath] successfully performed. With the following test data [Relative Folder Path: "target/downloadedFiles/"]. @17-11-2021 01:55:17.0046 AM
[ReportManager] Attempting to run locally on: [Mac-64], [Safari], Headless Execution. @17-11-2021 01:55:17.0046 AM
[ReportManager] Successfully Opened Safari. @17-11-2021 01:55:18.0086 AM
[ReportManager] Initial window size: (800, 600) @17-11-2021 01:55:18.0092 AM
[ReportManager] Window size after SWD Maximize: (1176, 811) @17-11-2021 01:55:18.0120 AM
[ReportManager] Browser Action [MaximizeWindow] successfully performed. With the following test data [New screen size is now: (1176, 811)]. @17-11-2021 01:55:18.0121 A

################################################################################################################################################
Starting Execution:	[130 out of 146] test cases in the current suite
Test Method:		[testPackage01.Test_RelativeLocators.relativeLocatorsTest1]
################################################################################################################################################
[ReportManager] Target URL: [https://duckduckgo.com/] @17-11-2021 01:55:18.0593 AM
[ReportManager] Initial URL: [] @17-11-2021 01:55:18.0627 AM
[ReportManager] Browser Action [NavigateToURL] successfully performed. With the following test data [https://duckduckgo.com/]. @17-11-2021 01:55:19.0262 AM
[ReportManager] Element Action [Type] successfully performed. With the following test data [SHAFT_Engine]. @17-11-2021 01:55:19.0690 AM
[ReportManager] Element Action [KeyPress] successfully performed. With the following test data [ENTER]. @17-11-2021 01:55:19.0741 A
[ReportManager] Browser Action [CloseCurrentWindow] successfully performed. @17-11-2021 01:55:21.0152 AM
[ReportManager] Successfully created attachment [Browser Action Test Data - CloseCurrentWindow - Actual Value] @17-11-2021 01:55:21.0182 A

################################################################################################################################################
Starting Execution:	[131 out of 146] test cases in the current suite
Test Method:		[testPackage01.Test_JsonCompareWithSpecialCharacters.specialCharacters]
################################################################################################################################################
[ReportManager] File Action [GetAbsolutePath] successfully performed. With the following test data [Relative Folder Path: "src/test/resources/testDataFiles/specialCharacters.json"]. @17-11-2021 01:55:21.0190 AM
[ReportManager] File Action [ReadFromFile] successfully performed. With the following test data [File Path: "/Users/runner/work/SHAFT_ENGINE/SHAFT_ENGINE/src/test/resources/testDataFiles/specialCharacters.json"]. @17-11-2021 01:55:21.0191 AM
[ReportManager] Successfully created attachment [File Action Actual Result - Command Log] @17-11-2021 01:55:21.0192 AM
[ReportManager] Comparing the provided API response with the file at this path "src/test/resources/testDataFiles/specialCharacters.json", comparison type "EQUALS" @17-11-2021 01:55:21.0192 AM
[ReportManager] API Action [CompareJSON] successfully performed. With the following test data [src/test/resources/testDataFiles/specialCharacters.json]. @17-11-2021 01:55:21.0207 AM
[ReportManager] File Action [GetAbsolutePath] successfully performed. With the following test data [Relative Folder Path: "src/test/resources/testDataFiles/specialCharacters.json"]. @17-11-2021 01:55:21.0207 AM
[ReportManager] File Action [ReadFromFile] successfully performed. With the following test data [File Path: "/Users/runner/work/SHAFT_ENGINE/SHAFT_ENGINE/src/test/resources/testDataFiles/specialCharacters.json"]. @17-11-2021 01:55:21.0208 AM
[ReportManager] Verification [ValidateJSONFileContent] PASSED. Expected [Response data should match the JSON File in this path 'src/test/resources/testDataFiles/specialCharacters.json'] and Actual [TRUE]. Comparison Type [EQUALS]. Validation Type [POSITIVE]. @17-11-2021 01:55:21.0212 AM
[ReportManager] Successfully created attachment [Validation Test Data - Expected JSON Value] @17-11-2021 01:55:21.0312 AM
[ReportManager] Successfully created attachment [Validation Test Data - Actual JSON Value] @17-11-2021 01:55:21.0314 A

################################################################################################################################################
Starting Execution:	[132 out of 146] test cases in the current suite
Test Method:		[testPackage01.Test_JsonCompareWithSpecialCharacters.specialCharacters_assertion]
################################################################################################################################################
[ReportManager] File Action [GetAbsolutePath] successfully performed. With the following test data [Relative Folder Path: "src/test/resources/testDataFiles/specialCharacters.json"]. @17-11-2021 01:55:21.0317 AM
[ReportManager] File Action [ReadFromFile] successfully performed. With the following test data [File Path: "/Users/runner/work/SHAFT_ENGINE/SHAFT_ENGINE/src/test/resources/testDataFiles/specialCharacters.json"]. @17-11-2021 01:55:21.0318 AM
[ReportManager] Successfully created attachment [File Action Actual Result - Command Log] @17-11-2021 01:55:21.0319 AM
[ReportManager] Comparing the provided API response with the file at this path "src/test/resources/testDataFiles/specialCharacters.json", comparison type "CONTAINS" @17-11-2021 01:55:21.0319 AM
[ReportManager] API Action [CompareJSON] successfully performed. With the following test data [src/test/resources/testDataFiles/specialCharacters.json]. @17-11-2021 01:55:21.0335 AM
[ReportManager] File Action [GetAbsolutePath] successfully performed. With the following test data [Relative Folder Path: "src/test/resources/testDataFiles/specialCharacters.json"]. @17-11-2021 01:55:21.0336 AM
[ReportManager] File Action [ReadFromFile] successfully performed. With the following test data [File Path: "/Users/runner/work/SHAFT_ENGINE/SHAFT_ENGINE/src/test/resources/testDataFiles/specialCharacters.json"]. @17-11-2021 01:55:21.0336 AM
[ReportManager] Assertion Passed: trying out the log message @17-11-2021 01:55:21.0340 AM
[ReportManager] Successfully created attachment [Validation Test Data - Expected JSON Value] @17-11-2021 01:55:21.0359 AM
[ReportManager] Successfully created attachment [Validation Test Data - Actual JSON Value] @17-11-2021 01:55:21.0366 AM
[ReportManager] Assertion [ValidateJSONFileContent] PASSED. Expected [Response data should match the JSON File in this path 'src/test/resources/testDataFiles/specialCharacters.json'] and Actual [TRUE]. Comparison Type [CONTAINS]. Validation Type [POSITIVE]. @17-11-2021 01:55:21.0366 A

################################################################################################################################################
Starting Execution:	[133 out of 146] test cases in the current suite
Test Method:		[testPackage01.Test_SkipDueToIssue.doNotSkip]
################################################################################################################################################
[ReportManager] This should not be skipped. @17-11-2021 01:55:21.0414 A

################################################################################################################################################
Starting Execution:	[134 out of 146] test cases in the current suite
Test Method:		[testPackage01.Test_SkipDueToIssue.skip]
################################################################################################################################################
[ReportManager] This should be skipped. @17-11-2021 01:55:21.0629 A

################################################################################################################################################
Starting Execution:	[135 out of 146] test cases in the current suite
Test Method:		[testPackage01.Test_SkipDueToIssue.skip2]
################################################################################################################################################
[ReportManager] This should be skipped. @17-11-2021 01:55:21.0681 A

################################################################################################################################################
Starting Execution:	[136 out of 146] test cases in the current suite
Test Method:		[testPackage01.Test_JSONFileManager.readStringFromJson]
################################################################################################################################################
[ReportManager] File Action [GetAbsolutePath] successfully performed. With the following test data [Relative Folder Path: "src/test/resources/testDataFiles/simpleJSON.json"]. @17-11-2021 01:55:21.0811 AM
[ReportManager] Successfully loaded the following test data file [src/test/resources/testDataFiles/simpleJSON.json]. @17-11-2021 01:55:21.0812 AM
[ReportManager] Successfully created attachment [Test Data - JSON] @17-11-2021 01:55:22.0015 AM
[ReportManager] File Action [GetAbsolutePath] successfully performed. With the following test data [Relative Folder Path: "src/test/resources/testDataFiles/simpleJSON.json"]. @17-11-2021 01:55:22.0017 AM
[ReportManager] Assertion [ValidateEquals] PASSED. Expected [Mohab Mohie] and Actual [Mohab Mohie]. Comparison Type [EQUALS]. Validation Type [POSITIVE]. @17-11-2021 01:55:22.0038 A
[ReportManager] File Action [GetAbsolutePath] successfully performed. With the following test data [Relative Folder Path: "target/downloadedFiles/"]. @17-11-2021 01:55:22.0064 AM
[ReportManager] Attempting to run locally on: [Mac-64], [Safari], Headless Execution. @17-11-2021 01:55:22.0065 AM
[ReportManager] Successfully Opened Safari. @17-11-2021 01:55:23.0213 AM
[ReportManager] Initial window size: (800, 600) @17-11-2021 01:55:23.0232 AM
[ReportManager] Window size after SWD Maximize: (1176, 811) @17-11-2021 01:55:23.0300 AM
[ReportManager] Browser Action [MaximizeWindow] successfully performed. With the following test data [New screen size is now: (1176, 811)]. @17-11-2021 01:55:23.0300 A

################################################################################################################################################
Starting Execution:	[137 out of 146] test cases in the current suite
Test Method:		[testPackage01.Test_assertEquals.test_assertElementAttribute]
################################################################################################################################################
[ReportManager] Target URL: [https://www.google.com/ncr], and after redirection: [https://www.google.com] @17-11-2021 01:55:23.0427 AM
[ReportManager] Initial URL: [] @17-11-2021 01:55:23.0479 AM
[ReportManager] Browser Action [NavigateToURL] successfully performed. With the following test data [https://www.google.com/ncr]. @17-11-2021 01:55:24.0982 AM
[ReportManager] Element Action [Type] successfully performed. With the following test data [INC_004010050:Another SCHEDULER with the same name [Duplicate Job Name] already exists.]. @17-11-2021 01:55:27.0328 AM
[ReportManager] Element Action [GetText] successfully performed. With the following test data [INC_004010050:Another SCHEDULER with the same name [Duplicate Job Name] already exists.]. @17-11-2021 01:55:27.0391 AM
[ReportManager] Loaded Shared OpenCV @17-11-2021 01:55:27.0442 AM
[ReportManager] Assertion [ValidateElementAttribute] PASSED. Expected [Value Should be 'INC_004010050:Another SCHEDULER with the same name \[Duplicate Job Name\] already exists.' for the 'text' attribute, element locator 'By.name: q'] and Actual [INC_004010050:Another SCHEDULER with the same name [Duplicate Job Name] already exists.]. Comparison Type [MATCHES]. Validation Type [POSITIVE]. @17-11-2021 01:55:28.0048 AM
[ReportManager] Successfully created attachment [Screenshot - 1637114127442_test_assertElementAttribute_ValidateElementAttribute_passed] @17-11-2021 01:55:28.0209 A
[ReportManager] Browser Action [CloseCurrentWindow] successfully performed. @17-11-2021 01:55:28.0876 AM
[ReportManager] Successfully created attachment [Browser Action Test Data - CloseCurrentWindow - Actual Value] @17-11-2021 01:55:29.0012 A
[ReportManager] File Action [GetAbsolutePath] successfully performed. With the following test data [Relative Folder Path: "target/downloadedFiles/"]. @17-11-2021 01:55:29.0174 AM
[ReportManager] Attempting to run locally on: [Mac-64], [Safari], Headless Execution. @17-11-2021 01:55:29.0175 AM
[ReportManager] Successfully Opened Safari. @17-11-2021 01:55:29.0935 AM
[ReportManager] Initial window size: (800, 600) @17-11-2021 01:55:29.0958 AM
[ReportManager] Window size after SWD Maximize: (1176, 811) @17-11-2021 01:55:29.0969 AM
[ReportManager] Browser Action [MaximizeWindow] successfully performed. With the following test data [New screen size is now: (1176, 811)]. @17-11-2021 01:55:29.0969 A

################################################################################################################################################
Starting Execution:	[138 out of 146] test cases in the current suite
Test Method:		[testPackage01.Test_IsElementClickable.testIsElementClickable]
################################################################################################################################################
[ReportManager] Target URL: [https://the-internet.herokuapp.com/] @17-11-2021 01:55:30.0331 AM
[ReportManager] Initial URL: [] @17-11-2021 01:55:30.0358 AM
[ReportManager] Browser Action [NavigateToURL] successfully performed. With the following test data [https://the-internet.herokuapp.com/]. @17-11-2021 01:55:31.0607 AM
[ReportManager] Element Action [IsElementClickable] successfully performed. @17-11-2021 01:55:31.0665 AM
[ReportManager] Assertion [ValidateTrue] PASSED. Expected [TRUE] and Actual [TRUE]. Validation Type [POSITIVE]. @17-11-2021 01:55:31.0665 A
[ReportManager] Browser Action [CloseCurrentWindow] successfully performed. @17-11-2021 01:55:32.0332 AM
[ReportManager] Successfully created attachment [Browser Action Test Data - CloseCurrentWindow - Actual Value] @17-11-2021 01:55:32.0506 A
[ReportManager] Successfully loaded the following test data file [src/test/resources/TestDataFiles/testSuite01/TestData.xlsx]. @17-11-2021 01:55:32.0990 AM
[ReportManager] Successfully created attachment [Test Data - Excel] @17-11-2021 01:55:33.0124 AM
[ReportManager] Attempting to run using Playwright locally on: [Mac-64], [Safari], Headless Execution. @17-11-2021 01:56:10.0531 AM
[ReportManager] File Action [GetAbsolutePath] successfully performed. With the following test data [Relative Folder Path: "target/downloadedFiles/"]. @17-11-2021 01:56:10.0532 AM
[ReportManager] Initial window size: (1280, 720) @17-11-2021 01:56:18.0006 AM
[ReportManager] Window size after Toolkit: com.microsoft.playwright.options.ViewportSize@1eead105 @17-11-2021 01:56:18.0015 AM
[ReportManager] Browser Action [MaximizeWindow] successfully performed. With the following test data [New screen size is now: (1920, 1080)]. @17-11-2021 01:56:18.0016 A

################################################################################################################################################
Starting Execution:	[139 out of 146] test cases in the current suite
Test Method:		[testPackage01.Test_google_playwright.navigateToURLandVerifyGoogleLogoIsDisplayed]
Test Description:	[TC001 - Navigate to URL and Verify Google Logo is Displayed]
################################################################################################################################################
[ReportManager] Target URL: [https://www.google.com/ncr], and after redirection: [https://www.google.com] @17-11-2021 01:56:18.0020 AM
[ReportManager] Initial URL: [about:blank] @17-11-2021 01:56:18.0541 AM
[ReportManager] Browser Action [NavigateToURL] successfully performed. With the following test data [https://www.google.com/ncr]. @17-11-2021 01:56:20.0329 AM
[ReportManager] Loaded Shared OpenCV @17-11-2021 01:56:20.0424 AM
[ReportManager] Assertion [ValidateElementExists] PASSED. Expected [Element Should Exist, locator 'xpath=//*[@id='hplogo' or @alt='Google']'] and Actual [Element Exists]. Comparison Type [EQUALS]. Validation Type [POSITIVE]. @17-11-2021 01:56:20.0622 AM
[ReportManager] Successfully created attachment [Screenshot - 1637114180421_navigateToURLandVerifyGoogleLogoIsDisplayed_ValidateElementExists_passed] @17-11-2021 01:56:20.0624 A

################################################################################################################################################
Starting Execution:	[140 out of 146] test cases in the current suite
Test Method:		[testPackage01.Test_google_playwright.searchForQueryandAssertResultsNumDisplayed]
Test Description:	[TC002 - Search for Query and Assert that the number of results is displayed]
################################################################################################################################################
[ReportManager] Element Action [Type] successfully performed. With the following test data [SHAFT_Engine]. @17-11-2021 01:56:21.0145 AM
[ReportManager] Element Action [KeyPress] successfully performed. With the following test data [Enter]. @17-11-2021 01:56:21.0214 AM
[ReportManager] Element Action [GetText] successfully performed. With the following test data [About 991,000 results (0.71 seconds)Â 
]. @17-11-2021 01:56:23.0373 AM
[ReportManager] Loaded Shared OpenCV @17-11-2021 01:56:24.0034 AM
[ReportManager] Assertion [ValidateElementAttribute] PASSED. Expected [Value Should not be '' for the 'text' attribute, element locator 'xpath=//div[@id='appbar']'] and Actual [About 991,000 results (0.71 seconds)Â 
]. Comparison Type [EQUALS]. Validation Type [NEGATIVE]. @17-11-2021 01:56:24.0312 AM
[ReportManager] Successfully created attachment [Screenshot - 1637114184032_searchForQueryandAssertResultsNumDisplayed_ValidateElementAttribute_passed] @17-11-2021 01:56:24.0324 A

################################################################################################################################################
Starting Execution:	[141 out of 146] test cases in the current suite
Test Method:		[testPackage01.Test_google_playwright.clickNextThrice]
Test Description:	[TC003 - Clicks the next button to make sure that the framework can scroll element into view before clicking it]
################################################################################################################################################
[ReportManager] Element Action [Click] successfully performed. With the following test data [Next]. @17-11-2021 01:56:24.0631 A
[ReportManager] Failed to find video recording. @17-11-2021 01:56:24.0633 AM
[ReportManager] Successfully Closed PlayWright Driver. @17-11-2021 01:56:24.0716 A
[ReportManager] File Action [GetAbsolutePath] successfully performed. With the following test data [Relative Folder Path: "target/downloadedFiles/"]. @17-11-2021 01:56:24.0735 AM
[ReportManager] Attempting to run locally on: [Mac-64], [Safari], Headless Execution. @17-11-2021 01:56:24.0735 AM
[ReportManager] Successfully Opened Safari. @17-11-2021 01:56:25.0578 AM
[ReportManager] Initial window size: (800, 600) @17-11-2021 01:56:25.0599 AM
[ReportManager] Window size after SWD Maximize: (1176, 811) @17-11-2021 01:56:25.0615 AM
[ReportManager] Browser Action [MaximizeWindow] successfully performed. With the following test data [New screen size is now: (1176, 811)]. @17-11-2021 01:56:25.0615 A

################################################################################################################################################
Starting Execution:	[142 out of 146] test cases in the current suite
Test Method:		[testPackage01.Test_verifyEquals.test_assertElementAttribute]
################################################################################################################################################
[ReportManager] Target URL: [https://www.google.com/ncr], and after redirection: [https://www.google.com] @17-11-2021 01:56:25.0617 AM
[ReportManager] Initial URL: [] @17-11-2021 01:56:25.0657 AM
[ReportManager] Browser Action [NavigateToURL] successfully performed. With the following test data [https://www.google.com/ncr]. @17-11-2021 01:56:27.0202 AM
[ReportManager] Element Action [Type] successfully performed. With the following test data [INC_004010050:Another SCHEDULER with the same name [Duplicate Job Name] already exists.]. @17-11-2021 01:56:29.0701 AM
[ReportManager] Element Action [GetText] successfully performed. With the following test data [INC_004010050:Another SCHEDULER with the same name [Duplicate Job Name] already exists.]. @17-11-2021 01:56:29.0759 AM
[ReportManager] Loaded Shared OpenCV @17-11-2021 01:56:29.0810 AM
[ReportManager] Verification [ValidateElementAttribute] PASSED. Expected [Value Should be 'INC_004010050:Another SCHEDULER with the same name \[Duplicate Job Name\] already exists.' for the 'text' attribute, element locator 'By.name: q'] and Actual [INC_004010050:Another SCHEDULER with the same name [Duplicate Job Name] already exists.]. Comparison Type [MATCHES]. Validation Type [POSITIVE]. @17-11-2021 01:56:29.0912 AM
[ReportManager] Successfully created attachment [Screenshot - 1637114189810_test_assertElementAttribute_ValidateElementAttribute_passed] @17-11-2021 01:56:29.0913 A
[ReportManager] Browser Action [CloseCurrentWindow] successfully performed. @17-11-2021 01:56:30.0300 AM
[ReportManager] Successfully created attachment [Browser Action Test Data - CloseCurrentWindow - Actual Value] @17-11-2021 01:56:30.0301 A

################################################################################################################################################
Starting Execution:	[143 out of 146] test cases in the current suite
Test Method:		[testPackage01.Test_SelectedValue.multipleSelect]
################################################################################################################################################
[ReportManager] File Action [GetAbsolutePath] successfully performed. With the following test data [Relative Folder Path: "target/downloadedFiles/"]. @17-11-2021 01:56:30.0305 AM
[ReportManager] Attempting to run locally on: [Mac-64], [GoogleChrome], Headless Execution. @17-11-2021 01:56:30.0305 AM
[ReportManager] Identifying OS/Driver combination and selecting the correct driver version automatically. Please note that if a new driver executable will be downloaded it may take some time... @17-11-2021 01:56:30.0306 AM
[ReportManager] Successfully Opened Google Chrome. @17-11-2021 01:56:30.0888 AM
[ReportManager] Initial window size: (1920, 1080) @17-11-2021 01:56:30.0891 AM
[ReportManager] Window size after SWD Maximize: (1920, 1080) @17-11-2021 01:56:31.0147 AM
[ReportManager] Window size after Toolkit: (1920, 1080) @17-11-2021 01:56:31.0591 AM
[ReportManager] Browser Action [MaximizeWindow] successfully performed. With the following test data [New screen size is now: (1920, 1080)]. @17-11-2021 01:56:31.0595 AM
[ReportManager] Target URL: [https://yari-demos.prod.mdn.mozit.cloud/en-US/docs/Web/HTML/Element/select/_sample_.Advanced_select_with_multiple_features.html] @17-11-2021 01:56:31.0596 AM
[ReportManager] Initial URL: [data:,] @17-11-2021 01:56:31.0637 AM
[ReportManager] Browser Action [NavigateToURL] successfully performed. With the following test data [https://yari-demos.prod.mdn.mozit.cloud/en-US/docs/Web/HTML/Element/select/_sample_.Advanced_select_with_multiple_features.html]. @17-11-2021 01:56:32.0259 AM
[ReportManager] Element Action [Select] successfully performed. With the following test data [Dog]. @17-11-2021 01:56:32.0505 AM
[ReportManager] Element Action [Select] successfully performed. With the following test data [Cat]. @17-11-2021 01:56:32.0669 AM
[ReportManager] Element Action [GetSelectedText] successfully performed. With the following test data [DogCat]. @17-11-2021 01:56:32.0779 AM
[ReportManager] DogCat @17-11-2021 01:56:32.0779 AM
[ReportManager] Element Action [GetSelectedText] successfully performed. With the following test data [DogCat]. @17-11-2021 01:56:32.0872 AM
[ReportManager] Loaded Shared OpenCV @17-11-2021 01:56:33.0602 AM
[ReportManager] Assertion [ValidateElementAttribute] PASSED. Expected [Value Should be 'DogCat' for the 'selectedText' attribute, element locator 'By.tagName: select'] and Actual [DogCat]. Comparison Type [EQUALS]. Validation Type [POSITIVE]. @17-11-2021 01:56:33.0776 AM
[ReportManager] Successfully created attachment [Screenshot - 1637114193602_multipleSelect_ValidateElementAttribute_passed] @17-11-2021 01:56:33.0778 AM
[ReportManager] Browser Action [CloseCurrentWindow] successfully performed. @17-11-2021 01:56:33.0966 AM
[ReportManager] Successfully created attachment [Browser Action Test Data - CloseCurrentWindow - Actual Value] @17-11-2021 01:56:33.0967 A

################################################################################################################################################
Starting Execution:	[144 out of 146] test cases in the current suite
Test Method:		[testPackage01.Test_SelectedValue.simpleSelect]
################################################################################################################################################
[ReportManager] File Action [GetAbsolutePath] successfully performed. With the following test data [Relative Folder Path: "target/downloadedFiles/"]. @17-11-2021 01:56:33.0970 AM
[ReportManager] Attempting to run locally on: [Mac-64], [GoogleChrome], Headless Execution. @17-11-2021 01:56:33.0970 AM
[ReportManager] Identifying OS/Driver combination and selecting the correct driver version automatically. Please note that if a new driver executable will be downloaded it may take some time... @17-11-2021 01:56:33.0970 AM
[ReportManager] Successfully Opened Google Chrome. @17-11-2021 01:56:34.0515 AM
[ReportManager] Initial window size: (1920, 1080) @17-11-2021 01:56:34.0518 AM
[ReportManager] Window size after SWD Maximize: (1920, 1080) @17-11-2021 01:56:34.0638 AM
[ReportManager] Window size after Toolkit: (1920, 1080) @17-11-2021 01:56:35.0072 AM
[ReportManager] Browser Action [MaximizeWindow] successfully performed. With the following test data [New screen size is now: (1920, 1080)]. @17-11-2021 01:56:35.0076 AM
[ReportManager] Target URL: [https://yari-demos.prod.mdn.mozit.cloud/en-US/docs/Web/HTML/Element/select/_sample_.Basic_select.html] @17-11-2021 01:56:35.0076 AM
[ReportManager] Initial URL: [data:,] @17-11-2021 01:56:35.0115 AM
[ReportManager] Browser Action [NavigateToURL] successfully performed. With the following test data [https://yari-demos.prod.mdn.mozit.cloud/en-US/docs/Web/HTML/Element/select/_sample_.Basic_select.html]. @17-11-2021 01:56:35.0349 AM
[ReportManager] Element Action [Select] successfully performed. With the following test data [Third Value]. @17-11-2021 01:56:35.0694 AM
[ReportManager] Element Action [GetSelectedText] successfully performed. With the following test data [Third Value]. @17-11-2021 01:56:35.0760 AM
[ReportManager] Third Value @17-11-2021 01:56:35.0760 AM
[ReportManager] Element Action [GetSelectedText] successfully performed. With the following test data [Third Value]. @17-11-2021 01:56:35.0816 AM
[ReportManager] Loaded Shared OpenCV @17-11-2021 01:56:36.0158 AM
[ReportManager] Assertion [ValidateElementAttribute] PASSED. Expected [Value Should be 'Third Value' for the 'selectedText' attribute, element locator 'By.tagName: select'] and Actual [Third Value]. Comparison Type [EQUALS]. Validation Type [POSITIVE]. @17-11-2021 01:56:36.0333 AM
[ReportManager] Successfully created attachment [Screenshot - 1637114196158_simpleSelect_ValidateElementAttribute_passed] @17-11-2021 01:56:36.0334 AM
[ReportManager] Browser Action [CloseCurrentWindow] successfully performed. @17-11-2021 01:56:36.0584 AM
[ReportManager] Successfully created attachment [Browser Action Test Data - CloseCurrentWindow - Actual Value] @17-11-2021 01:56:36.0584 A
[ReportManager] File Action [GetAbsolutePath] successfully performed. With the following test data [Relative Folder Path: "target/downloadedFiles/"]. @17-11-2021 01:56:36.0586 AM
[ReportManager] Attempting to run locally on: [Mac-64], [Safari], Headless Execution. @17-11-2021 01:56:36.0587 AM
[ReportManager] Successfully Opened Safari. @17-11-2021 01:56:37.0379 AM
[ReportManager] Initial window size: (800, 600) @17-11-2021 01:56:37.0412 AM
[ReportManager] Window size after SWD Maximize: (1176, 811) @17-11-2021 01:56:37.0451 AM
[ReportManager] Browser Action [MaximizeWindow] successfully performed. With the following test data [New screen size is now: (1176, 811)]. @17-11-2021 01:56:37.0451 A

################################################################################################################################################
Starting Execution:	[145 out of 146] test cases in the current suite
Test Method:		[testPackage01.Test_dynamicLoading.dynamicLoading_elementIsHidden]
################################################################################################################################################
[ReportManager] Target URL: [https://the-internet.herokuapp.com/dynamic_loading/1] @17-11-2021 01:56:37.0470 AM
[ReportManager] Initial URL: [] @17-11-2021 01:56:37.0533 AM
[ReportManager] Browser Action [NavigateToURL] successfully performed. With the following test data [https://the-internet.herokuapp.com/dynamic_loading/1]. @17-11-2021 01:56:38.0642 AM
[ReportManager] Element Action [Click] successfully performed. With the following test data [Start]. @17-11-2021 01:56:38.0915 AM
[ReportManager] Element Action [GetText] successfully performed. With the following test data [
    Hello World!
  ]. @17-11-2021 01:56:38.0969 A
[ReportManager] Browser Action [CloseCurrentWindow] successfully performed. @17-11-2021 01:56:39.0262 AM
[ReportManager] Successfully created attachment [Browser Action Test Data - CloseCurrentWindow - Actual Value] @17-11-2021 01:56:39.0263 A
[ReportManager] File Action [GetAbsolutePath] successfully performed. With the following test data [Relative Folder Path: "target/downloadedFiles/"]. @17-11-2021 01:56:39.0265 AM
[ReportManager] Attempting to run locally on: [Mac-64], [Safari], Headless Execution. @17-11-2021 01:56:39.0265 AM
[ReportManager] Successfully Opened Safari. @17-11-2021 01:56:40.0098 AM
[ReportManager] Initial window size: (800, 600) @17-11-2021 01:56:40.0133 AM
[ReportManager] Window size after SWD Maximize: (1176, 811) @17-11-2021 01:56:40.0158 AM
[ReportManager] Browser Action [MaximizeWindow] successfully performed. With the following test data [New screen size is now: (1176, 811)]. @17-11-2021 01:56:40.0158 A

################################################################################################################################################
Starting Execution:	[146 out of 146] test cases in the current suite
Test Method:		[testPackage01.Test_dynamicLoading.dynamicLoading_elementIsRendered]
################################################################################################################################################
[ReportManager] Target URL: [https://the-internet.herokuapp.com/dynamic_loading/2] @17-11-2021 01:56:40.0161 AM
[ReportManager] Initial URL: [] @17-11-2021 01:56:40.0207 AM
[ReportManager] Browser Action [NavigateToURL] successfully performed. With the following test data [https://the-internet.herokuapp.com/dynamic_loading/2]. @17-11-2021 01:56:41.0321 AM
[ReportManager] Element Action [Click] successfully performed. With the following test data [Start]. @17-11-2021 01:56:41.0664 A
[ReportManager] Browser Action [CloseCurrentWindow] successfully performed. @17-11-2021 01:56:42.0107 AM
[ReportManager] Successfully created attachment [Browser Action Test Data - CloseCurrentWindow - Actual Value] @17-11-2021 01:56:42.0108 A
[ReportManager] Successfully created attachment [SHAFT Engine Logs - Execution log] @17-11-2021 01:56:42.0143 AM

################################################################################################################################################
This test run was powered by SHAFT Engine Version: [SHAFT Engine v5.4.20211114-BETA]
SHAFT Engine is licensed under the MIT License: [https://github.com/MohabMohie/SHAFT_ENGINE/blob/master/LICENSE].
################################################################################################################################################