################################################################################################################################################
Detected SHAFT Engine Version: [SHAFT Engine v5.4.20211122-BETA]
################################################################################################################################################
[ReportManager] File Action [GetAbsolutePath] successfully performed. With the following test data [Relative Folder Path: "target/downloadedFiles/"]. @26-11-2021 01:48:18.0250 AM
[ReportManager] Attempting to run locally on: [Mac-64], [Safari], Headless Execution. @26-11-2021 01:48:18.0266 AM
[ReportManager] Successfully Opened Safari. @26-11-2021 01:48:24.0124 AM
[ReportManager] Initial window size: (800, 600) @26-11-2021 01:48:24.0157 AM
[ReportManager] Window size after SWD Maximize: (1176, 802) @26-11-2021 01:48:24.0209 AM
[ReportManager] Browser Action [MaximizeWindow] successfully performed. With the following test data [New screen size is now: (1176, 802)]. @26-11-2021 01:48:24.0235 A

################################################################################################################################################
Starting Execution:	[1 out of 146] test cases in the current suite
Test Method:		[unitTests.tests_element_elementActions.waitForElementToBePresent_false_expectedToFail]
################################################################################################################################################
[ReportManager] Target URL: [https://www.google.com/ncr], and after redirection: [www.google.com] @26-11-2021 01:48:24.0470 AM
[ReportManager] Initial URL: [] @26-11-2021 01:48:24.0557 AM
[ReportManager] Browser Action [NavigateToURL] successfully performed. With the following test data [https://www.google.com/ncr]. @26-11-2021 01:48:27.0600 AM
[ReportManager] Waiting for element to be present; elementLocator [By.xpath: //*[@id='hplogo' or @alt='Google']], numberOfTries[1], stateOfPresence[false]... @26-11-2021 01:48:27.0609 AM
[ReportManager] Element Action [WaitForElementToBePresent] failed. With the following test data [waited for the element's state of presence to be (false). Element locator (By.xpath: //*[@id='hplogo' or @alt='Google'])]. @26-11-2021 01:48:30.0539 AM
[ReportManager] Successfully created attachment [Screenshot - 1637891307728_waitForElementToBePresent_false_expectedToFail_WaitForElementToBePresent_failed] @26-11-2021 01:48:30.0559 A
[ReportManager] Browser Action [CloseCurrentWindow] successfully performed. @26-11-2021 01:48:30.0734 AM
[ReportManager] Successfully created attachment [Browser Action Test Data - CloseCurrentWindow - Actual Value] @26-11-2021 01:48:30.0736 A
[ReportManager] File Action [GetAbsolutePath] successfully performed. With the following test data [Relative Folder Path: "target/downloadedFiles/"]. @26-11-2021 01:48:30.0749 AM
[ReportManager] Attempting to run locally on: [Mac-64], [Safari], Headless Execution. @26-11-2021 01:48:30.0750 AM
[ReportManager] Successfully Opened Safari. @26-11-2021 01:48:31.0755 AM
[ReportManager] Initial window size: (800, 600) @26-11-2021 01:48:31.0767 AM
[ReportManager] Window size after SWD Maximize: (1176, 803) @26-11-2021 01:48:31.0787 AM
[ReportManager] Browser Action [MaximizeWindow] successfully performed. With the following test data [New screen size is now: (1176, 803)]. @26-11-2021 01:48:31.0788 A

################################################################################################################################################
Starting Execution:	[2 out of 146] test cases in the current suite
Test Method:		[unitTests.tests_element_elementActions.waitForElementToBePresent_false_expectedToPass]
################################################################################################################################################
[ReportManager] Target URL: [https://www.google.com/ncr], and after redirection: [www.google.com] @26-11-2021 01:48:31.0793 AM
[ReportManager] Initial URL: [] @26-11-2021 01:48:31.0884 AM
[ReportManager] Browser Action [NavigateToURL] successfully performed. With the following test data [https://www.google.com/ncr]. @26-11-2021 01:48:33.0781 AM
[ReportManager] Waiting for element to be present; elementLocator [By.id: bla], numberOfTries[1], stateOfPresence[false]... @26-11-2021 01:48:33.0782 AM
[ReportManager] org.openqa.selenium.TimeoutException:
Expected condition failed: waiting for com.shaft.gui.element.ElementActionsHelper$$Lambda$625/0x0000000801137a10@5cf6ba1c (tried for 5 second(s) with 1000 milliseconds interval)
org.openqa.selenium.support.ui.FluentWait.timeoutException(FluentWait.java:263)
org.openqa.selenium.support.ui.FluentWait.until(FluentWait.java:231)
com.shaft.gui.element.ElementActionsHelper.waitForElementPresence(ElementActionsHelper.java:63)
com.shaft.gui.element.ElementActionsHelper.waitForElementPresence(ElementActionsHelper.java:37)
com.shaft.gui.element.WebDriverElementActions.getMatchingElementsCount(WebDriverElementActions.java:1468)
com.shaft.gui.element.WebDriverElementActions.waitForElementToBePresent(WebDriverElementActions.java:1293)
com.shaft.gui.element.ElementActions.waitForElementToBePresent(ElementActions.java:622)
unitTests.tests_element_elementActions.waitForElementToBePresent_false_expectedToPass(tests_element_elementActions.java:48)
java.base/jdk.internal.reflect.NativeMethodAccessorImpl.invoke0(Native Method)
java.base/jdk.internal.reflect.NativeMethodAccessorImpl.invoke(NativeMethodAccessorImpl.java:77)
java.base/jdk.internal.reflect.DelegatingMethodAccessorImpl.invoke(DelegatingMethodAccessorImpl.java:43)
java.base/java.lang.reflect.Method.invoke(Method.java:568)
org.testng.internal.MethodInvocationHelper.invokeMethod(MethodInvocationHelper.java:133)
org.testng.internal.TestInvoker.invokeMethod(TestInvoker.java:598)
org.testng.internal.TestInvoker.invokeTestMethod(TestInvoker.java:173)
org.testng.internal.MethodRunner.runInSequence(MethodRunner.java:46)
org.testng.internal.TestInvoker$MethodInvocationAgent.invoke(TestInvoker.java:824)
org.testng.internal.TestInvoker.invokeTestMethods(TestInvoker.java:146)
org.testng.internal.TestMethodWorker.invokeTestMethods(TestMethodWorker.java:146)
org.testng.internal.TestMethodWorker.run(TestMethodWorker.java:128)
java.base/java.util.ArrayList.forEach(ArrayList.java:1511)
org.testng.TestRunner.privateRun(TestRunner.java:794)
org.testng.TestRunner.run(TestRunner.java:596)
org.testng.SuiteRunner.runTest(SuiteRunner.java:377)
org.testng.SuiteRunner.runSequentially(SuiteRunner.java:371)
org.testng.SuiteRunner.privateRun(SuiteRunner.java:332)
org.testng.SuiteRunner.run(SuiteRunner.java:276)
org.testng.SuiteRunnerWorker.runSuite(SuiteRunnerWorker.java:53)
org.testng.SuiteRunnerWorker.run(SuiteRunnerWorker.java:96)
org.testng.TestNG.runSuitesSequentially(TestNG.java:1212)
org.testng.TestNG.runSuitesLocally(TestNG.java:1134)
org.testng.TestNG.runSuites(TestNG.java:1063)
org.testng.TestNG.run(TestNG.java:1031)
org.apache.maven.surefire.testng.TestNGExecutor.run(TestNGExecutor.java:136)
org.apache.maven.surefire.testng.TestNGDirectoryTestSuite.executeMulti(TestNGDirectoryTestSuite.java:193)
org.apache.maven.surefire.testng.TestNGDirectoryTestSuite.execute(TestNGDirectoryTestSuite.java:94)
org.apache.maven.surefire.testng.TestNGProvider.invoke(TestNGProvider.java:145)
org.apache.maven.surefire.booter.ForkedBooter.runSuitesInProcess(ForkedBooter.java:428)
org.apache.maven.surefire.booter.ForkedBooter.execute(ForkedBooter.java:162)
org.apache.maven.surefire.booter.ForkedBooter.run(ForkedBooter.java:562)
org.apache.maven.surefire.booter.ForkedBooter.main(ForkedBooter.java:548)

Caused by: org.openqa.selenium.NoSuchElementException:
For documentation on this error, please visit: https://selenium.dev/exceptions/#no_such_element
Build info: version: '4.1.0', revision: '87802e897b'
System info: host: 'Mac-1637889787607.local', ip: '10.212.9.56', os.name: 'Mac OS X', os.arch: 'x86_64', os.version: '11.5', java.version: '17.0.1'
Driver info: org.openqa.selenium.safari.SafariDriver
Command: [16140BB8-1B99-4B31-8866-EE3EABB96291, findElement {using=id, value=bla}]
Capabilities {acceptInsecureCerts: false, browserName: Safari, browserVersion: 15.1, goog:loggingPrefs: {browser: ALL, client: ALL, driver: ALL, performance: ALL, profiler: ALL, server: ALL}, javascriptEnabled: true, pageLoadStrategy: normal, platform: MAC, platformName: MAC, safari:automaticInspection: false, safari:automaticProfiling: false, safari:diagnose: false, safari:platformBuildVersion: 20G224, safari:platformVersion: 11.6.1, safari:useSimulator: false, setWindowRect: true, strictFileInteractability: false, timeouts: {pageLoad: 30000, script: 30000}, webkit:WebRTC: {DisableICECandidateFiltering: false, DisableInsecureMediaCapture: false}}
Session ID: 16140BB8-1B99-4B31-8866-EE3EABB96291
java.base/jdk.internal.reflect.NativeConstructorAccessorImpl.newInstance0(Native Method)
java.base/jdk.internal.reflect.NativeConstructorAccessorImpl.newInstance(NativeConstructorAccessorImpl.java:77)
java.base/jdk.internal.reflect.DelegatingConstructorAccessorImpl.newInstance(DelegatingConstructorAccessorImpl.java:45)
java.base/java.lang.reflect.Constructor.newInstanceWithCaller(Constructor.java:499)
java.base/java.lang.reflect.Constructor.newInstance(Constructor.java:480)
org.openqa.selenium.remote.codec.w3c.W3CHttpResponseCodec.createException(W3CHttpResponseCodec.java:200)
org.openqa.selenium.remote.codec.w3c.W3CHttpResponseCodec.decode(W3CHttpResponseCodec.java:133)
org.openqa.selenium.remote.codec.w3c.W3CHttpResponseCodec.decode(W3CHttpResponseCodec.java:53)
org.openqa.selenium.remote.HttpCommandExecutor.execute(HttpCommandExecutor.java:184)
org.openqa.selenium.remote.service.DriverCommandExecutor.invokeExecute(DriverCommandExecutor.java:164)
org.openqa.selenium.remote.service.DriverCommandExecutor.execute(DriverCommandExecutor.java:139)
org.openqa.selenium.remote.RemoteWebDriver.execute(RemoteWebDriver.java:559)
org.openqa.selenium.remote.ElementLocation$ElementFinder$2.findElement(ElementLocation.java:162)
org.openqa.selenium.remote.ElementLocation.findElement(ElementLocation.java:60)
org.openqa.selenium.remote.RemoteWebDriver.findElement(RemoteWebDriver.java:383)
org.openqa.selenium.remote.RemoteWebDriver.findElement(RemoteWebDriver.java:375)
com.shaft.gui.element.ElementActionsHelper.lambda$waitForElementPresence$0(ElementActionsHelper.java:71)
org.openqa.selenium.support.ui.FluentWait.until(FluentWait.java:208)
com.shaft.gui.element.ElementActionsHelper.waitForElementPresence(ElementActionsHelper.java:63)
com.shaft.gui.element.ElementActionsHelper.waitForElementPresence(ElementActionsHelper.java:37)
com.shaft.gui.element.WebDriverElementActions.getMatchingElementsCount(WebDriverElementActions.java:1468)
com.shaft.gui.element.WebDriverElementActions.waitForElementToBePresent(WebDriverElementActions.java:1293)
com.shaft.gui.element.ElementActions.waitForElementToBePresent(ElementActions.java:622)
unitTests.tests_element_elementActions.waitForElementToBePresent_false_expectedToPass(tests_element_elementActions.java:48)
java.base/jdk.internal.reflect.NativeMethodAccessorImpl.invoke0(Native Method)
java.base/jdk.internal.reflect.NativeMethodAccessorImpl.invoke(NativeMethodAccessorImpl.java:77)
java.base/jdk.internal.reflect.DelegatingMethodAccessorImpl.invoke(DelegatingMethodAccessorImpl.java:43)
java.base/java.lang.reflect.Method.invoke(Method.java:568)
org.testng.internal.MethodInvocationHelper.invokeMethod(MethodInvocationHelper.java:133)
org.testng.internal.TestInvoker.invokeMethod(TestInvoker.java:598)
org.testng.internal.TestInvoker.invokeTestMethod(TestInvoker.java:173)
org.testng.internal.MethodRunner.runInSequence(MethodRunner.java:46)
org.testng.internal.TestInvoker$MethodInvocationAgent.invoke(TestInvoker.java:824)
org.testng.internal.TestInvoker.invokeTestMethods(TestInvoker.java:146)
org.testng.internal.TestMethodWorker.invokeTestMethods(TestMethodWorker.java:146)
org.testng.internal.TestMethodWorker.run(TestMethodWorker.java:128)
java.base/java.util.ArrayList.forEach(ArrayList.java:1511)
org.testng.TestRunner.privateRun(TestRunner.java:794)
org.testng.TestRunner.run(TestRunner.java:596)
org.testng.SuiteRunner.runTest(SuiteRunner.java:377)
org.testng.SuiteRunner.runSequentially(SuiteRunner.java:371)
org.testng.SuiteRunner.privateRun(SuiteRunner.java:332)
org.testng.SuiteRunner.run(SuiteRunner.java:276)
org.testng.SuiteRunnerWorker.runSuite(SuiteRunnerWorker.java:53)
org.testng.SuiteRunnerWorker.run(SuiteRunnerWorker.java:96)
org.testng.TestNG.runSuitesSequentially(TestNG.java:1212)
org.testng.TestNG.runSuitesLocally(TestNG.java:1134)
org.testng.TestNG.runSuites(TestNG.java:1063)
org.testng.TestNG.run(TestNG.java:1031)
org.apache.maven.surefire.testng.TestNGExecutor.run(TestNGExecutor.java:136)
org.apache.maven.surefire.testng.TestNGDirectoryTestSuite.executeMulti(TestNGDirectoryTestSuite.java:193)
org.apache.maven.surefire.testng.TestNGDirectoryTestSuite.execute(TestNGDirectoryTestSuite.java:94)
org.apache.maven.surefire.testng.TestNGProvider.invoke(TestNGProvider.java:145)
org.apache.maven.surefire.booter.ForkedBooter.runSuitesInProcess(ForkedBooter.java:428)
org.apache.maven.surefire.booter.ForkedBooter.execute(ForkedBooter.java:162)
org.apache.maven.surefire.booter.ForkedBooter.run(ForkedBooter.java:562)
org.apache.maven.surefire.booter.ForkedBooter.main(ForkedBooter.java:548) @26-11-2021 01:48:39.0255 AM
[ReportManager] Element Action [WaitForElementToBePresent] successfully performed. With the following test data [waited for the element's state of presence to be (false). Element locator (By.id: bla)]. @26-11-2021 01:48:39.0256 A
[ReportManager] Browser Action [CloseCurrentWindow] successfully performed. @26-11-2021 01:48:39.0670 AM
[ReportManager] Successfully created attachment [Browser Action Test Data - CloseCurrentWindow - Actual Value] @26-11-2021 01:48:39.0671 A
[ReportManager] File Action [GetAbsolutePath] successfully performed. With the following test data [Relative Folder Path: "target/downloadedFiles/"]. @26-11-2021 01:48:39.0678 AM
[ReportManager] Attempting to run locally on: [Mac-64], [Safari], Headless Execution. @26-11-2021 01:48:39.0678 AM
[ReportManager] Successfully Opened Safari. @26-11-2021 01:48:40.0585 AM
[ReportManager] Initial window size: (800, 600) @26-11-2021 01:48:40.0605 AM
[ReportManager] Window size after SWD Maximize: (1176, 803) @26-11-2021 01:48:40.0624 AM
[ReportManager] Browser Action [MaximizeWindow] successfully performed. With the following test data [New screen size is now: (1176, 803)]. @26-11-2021 01:48:40.0625 A

################################################################################################################################################
Starting Execution:	[3 out of 146] test cases in the current suite
Test Method:		[unitTests.tests_element_elementActions.waitForElementToBePresent_moreThanOneElement_expectedToFail]
################################################################################################################################################
[ReportManager] Target URL: [https://www.google.com/ncr], and after redirection: [www.google.com] @26-11-2021 01:48:40.0633 AM
[ReportManager] Initial URL: [] @26-11-2021 01:48:40.0694 AM
[ReportManager] Browser Action [NavigateToURL] successfully performed. With the following test data [https://www.google.com/ncr]. @26-11-2021 01:48:43.0202 AM
[ReportManager] Waiting for element to be present; elementLocator [By.xpath: //*], numberOfTries[1], stateOfPresence[false]... @26-11-2021 01:48:43.0203 AM
[ReportManager] Element Action [WaitForElementToBePresent] failed. With the following test data [waited for the element's state of presence to be (false). Element locator (By.xpath: //*)]. @26-11-2021 01:48:43.0429 AM
[ReportManager] Successfully created attachment [Screenshot - 1637891323286_waitForElementToBePresent_moreThanOneElement_expectedToFail_WaitForElementToBePresent_failed] @26-11-2021 01:48:43.0433 A
[ReportManager] Browser Action [CloseCurrentWindow] successfully performed. @26-11-2021 01:48:43.0859 AM
[ReportManager] Successfully created attachment [Browser Action Test Data - CloseCurrentWindow - Actual Value] @26-11-2021 01:48:43.0860 A
[ReportManager] File Action [GetAbsolutePath] successfully performed. With the following test data [Relative Folder Path: "target/downloadedFiles/"]. @26-11-2021 01:48:43.0866 AM
[ReportManager] Attempting to run locally on: [Mac-64], [Safari], Headless Execution. @26-11-2021 01:48:43.0867 AM
[ReportManager] Successfully Opened Safari. @26-11-2021 01:48:44.0731 AM
[ReportManager] Initial window size: (800, 600) @26-11-2021 01:48:44.0742 AM
[ReportManager] Window size after SWD Maximize: (1176, 803) @26-11-2021 01:48:44.0761 AM
[ReportManager] Browser Action [MaximizeWindow] successfully performed. With the following test data [New screen size is now: (1176, 803)]. @26-11-2021 01:48:44.0764 A

################################################################################################################################################
Starting Execution:	[4 out of 146] test cases in the current suite
Test Method:		[unitTests.tests_element_elementActions.waitForElementToBePresent_true_expectedToFail]
################################################################################################################################################
[ReportManager] Target URL: [https://www.google.com/ncr], and after redirection: [www.google.com] @26-11-2021 01:48:44.0768 AM
[ReportManager] Initial URL: [] @26-11-2021 01:48:44.0820 AM
[ReportManager] Browser Action [NavigateToURL] successfully performed. With the following test data [https://www.google.com/ncr]. @26-11-2021 01:48:47.0154 AM
[ReportManager] Waiting for element to be present; elementLocator [By.id: bla], numberOfTries[1], stateOfPresence[true]... @26-11-2021 01:48:47.0154 AM
[ReportManager] org.openqa.selenium.TimeoutException:
Expected condition failed: waiting for com.shaft.gui.element.ElementActionsHelper$$Lambda$625/0x0000000801137a10@c0a8787 (tried for 5 second(s) with 1000 milliseconds interval)
org.openqa.selenium.support.ui.FluentWait.timeoutException(FluentWait.java:263)
org.openqa.selenium.support.ui.FluentWait.until(FluentWait.java:231)
com.shaft.gui.element.ElementActionsHelper.waitForElementPresence(ElementActionsHelper.java:63)
com.shaft.gui.element.ElementActionsHelper.waitForElementPresence(ElementActionsHelper.java:37)
com.shaft.gui.element.WebDriverElementActions.getMatchingElementsCount(WebDriverElementActions.java:1468)
com.shaft.gui.element.WebDriverElementActions.waitForElementToBePresent(WebDriverElementActions.java:1293)
com.shaft.gui.element.ElementActions.waitForElementToBePresent(ElementActions.java:622)
unitTests.tests_element_elementActions.waitForElementToBePresent_true_expectedToFail(tests_element_elementActions.java:39)
java.base/jdk.internal.reflect.NativeMethodAccessorImpl.invoke0(Native Method)
java.base/jdk.internal.reflect.NativeMethodAccessorImpl.invoke(NativeMethodAccessorImpl.java:77)
java.base/jdk.internal.reflect.DelegatingMethodAccessorImpl.invoke(DelegatingMethodAccessorImpl.java:43)
java.base/java.lang.reflect.Method.invoke(Method.java:568)
org.testng.internal.MethodInvocationHelper.invokeMethod(MethodInvocationHelper.java:133)
org.testng.internal.TestInvoker.invokeMethod(TestInvoker.java:598)
org.testng.internal.TestInvoker.invokeTestMethod(TestInvoker.java:173)
org.testng.internal.MethodRunner.runInSequence(MethodRunner.java:46)
org.testng.internal.TestInvoker$MethodInvocationAgent.invoke(TestInvoker.java:824)
org.testng.internal.TestInvoker.invokeTestMethods(TestInvoker.java:146)
org.testng.internal.TestMethodWorker.invokeTestMethods(TestMethodWorker.java:146)
org.testng.internal.TestMethodWorker.run(TestMethodWorker.java:128)
java.base/java.util.ArrayList.forEach(ArrayList.java:1511)
org.testng.TestRunner.privateRun(TestRunner.java:794)
org.testng.TestRunner.run(TestRunner.java:596)
org.testng.SuiteRunner.runTest(SuiteRunner.java:377)
org.testng.SuiteRunner.runSequentially(SuiteRunner.java:371)
org.testng.SuiteRunner.privateRun(SuiteRunner.java:332)
org.testng.SuiteRunner.run(SuiteRunner.java:276)
org.testng.SuiteRunnerWorker.runSuite(SuiteRunnerWorker.java:53)
org.testng.SuiteRunnerWorker.run(SuiteRunnerWorker.java:96)
org.testng.TestNG.runSuitesSequentially(TestNG.java:1212)
org.testng.TestNG.runSuitesLocally(TestNG.java:1134)
org.testng.TestNG.runSuites(TestNG.java:1063)
org.testng.TestNG.run(TestNG.java:1031)
org.apache.maven.surefire.testng.TestNGExecutor.run(TestNGExecutor.java:136)
org.apache.maven.surefire.testng.TestNGDirectoryTestSuite.executeMulti(TestNGDirectoryTestSuite.java:193)
org.apache.maven.surefire.testng.TestNGDirectoryTestSuite.execute(TestNGDirectoryTestSuite.java:94)
org.apache.maven.surefire.testng.TestNGProvider.invoke(TestNGProvider.java:145)
org.apache.maven.surefire.booter.ForkedBooter.runSuitesInProcess(ForkedBooter.java:428)
org.apache.maven.surefire.booter.ForkedBooter.execute(ForkedBooter.java:162)
org.apache.maven.surefire.booter.ForkedBooter.run(ForkedBooter.java:562)
org.apache.maven.surefire.booter.ForkedBooter.main(ForkedBooter.java:548)

Caused by: org.openqa.selenium.NoSuchElementException:
For documentation on this error, please visit: https://selenium.dev/exceptions/#no_such_element
Build info: version: '4.1.0', revision: '87802e897b'
System info: host: 'Mac-1637889787607.local', ip: '10.212.9.56', os.name: 'Mac OS X', os.arch: 'x86_64', os.version: '11.5', java.version: '17.0.1'
Driver info: org.openqa.selenium.safari.SafariDriver
Command: [5ED526A5-F4C5-4AE6-ADF7-0B647D12E5AF, findElement {using=id, value=bla}]
Capabilities {acceptInsecureCerts: false, browserName: Safari, browserVersion: 15.1, goog:loggingPrefs: {browser: ALL, client: ALL, driver: ALL, performance: ALL, profiler: ALL, server: ALL}, javascriptEnabled: true, pageLoadStrategy: normal, platform: MAC, platformName: MAC, safari:automaticInspection: false, safari:automaticProfiling: false, safari:diagnose: false, safari:platformBuildVersion: 20G224, safari:platformVersion: 11.6.1, safari:useSimulator: false, setWindowRect: true, strictFileInteractability: false, timeouts: {pageLoad: 30000, script: 30000}, webkit:WebRTC: {DisableICECandidateFiltering: false, DisableInsecureMediaCapture: false}}
Session ID: 5ED526A5-F4C5-4AE6-ADF7-0B647D12E5AF
java.base/jdk.internal.reflect.NativeConstructorAccessorImpl.newInstance0(Native Method)
java.base/jdk.internal.reflect.NativeConstructorAccessorImpl.newInstance(NativeConstructorAccessorImpl.java:77)
java.base/jdk.internal.reflect.DelegatingConstructorAccessorImpl.newInstance(DelegatingConstructorAccessorImpl.java:45)
java.base/java.lang.reflect.Constructor.newInstanceWithCaller(Constructor.java:499)
java.base/java.lang.reflect.Constructor.newInstance(Constructor.java:480)
org.openqa.selenium.remote.codec.w3c.W3CHttpResponseCodec.createException(W3CHttpResponseCodec.java:200)
org.openqa.selenium.remote.codec.w3c.W3CHttpResponseCodec.decode(W3CHttpResponseCodec.java:133)
org.openqa.selenium.remote.codec.w3c.W3CHttpResponseCodec.decode(W3CHttpResponseCodec.java:53)
org.openqa.selenium.remote.HttpCommandExecutor.execute(HttpCommandExecutor.java:184)
org.openqa.selenium.remote.service.DriverCommandExecutor.invokeExecute(DriverCommandExecutor.java:164)
org.openqa.selenium.remote.service.DriverCommandExecutor.execute(DriverCommandExecutor.java:139)
org.openqa.selenium.remote.RemoteWebDriver.execute(RemoteWebDriver.java:559)
org.openqa.selenium.remote.ElementLocation$ElementFinder$2.findElement(ElementLocation.java:162)
org.openqa.selenium.remote.ElementLocation.findElement(ElementLocation.java:60)
org.openqa.selenium.remote.RemoteWebDriver.findElement(RemoteWebDriver.java:383)
org.openqa.selenium.remote.RemoteWebDriver.findElement(RemoteWebDriver.java:375)
com.shaft.gui.element.ElementActionsHelper.lambda$waitForElementPresence$0(ElementActionsHelper.java:71)
org.openqa.selenium.support.ui.FluentWait.until(FluentWait.java:208)
com.shaft.gui.element.ElementActionsHelper.waitForElementPresence(ElementActionsHelper.java:63)
com.shaft.gui.element.ElementActionsHelper.waitForElementPresence(ElementActionsHelper.java:37)
com.shaft.gui.element.WebDriverElementActions.getMatchingElementsCount(WebDriverElementActions.java:1468)
com.shaft.gui.element.WebDriverElementActions.waitForElementToBePresent(WebDriverElementActions.java:1293)
com.shaft.gui.element.ElementActions.waitForElementToBePresent(ElementActions.java:622)
unitTests.tests_element_elementActions.waitForElementToBePresent_true_expectedToFail(tests_element_elementActions.java:39)
java.base/jdk.internal.reflect.NativeMethodAccessorImpl.invoke0(Native Method)
java.base/jdk.internal.reflect.NativeMethodAccessorImpl.invoke(NativeMethodAccessorImpl.java:77)
java.base/jdk.internal.reflect.DelegatingMethodAccessorImpl.invoke(DelegatingMethodAccessorImpl.java:43)
java.base/java.lang.reflect.Method.invoke(Method.java:568)
org.testng.internal.MethodInvocationHelper.invokeMethod(MethodInvocationHelper.java:133)
org.testng.internal.TestInvoker.invokeMethod(TestInvoker.java:598)
org.testng.internal.TestInvoker.invokeTestMethod(TestInvoker.java:173)
org.testng.internal.MethodRunner.runInSequence(MethodRunner.java:46)
org.testng.internal.TestInvoker$MethodInvocationAgent.invoke(TestInvoker.java:824)
org.testng.internal.TestInvoker.invokeTestMethods(TestInvoker.java:146)
org.testng.internal.TestMethodWorker.invokeTestMethods(TestMethodWorker.java:146)
org.testng.internal.TestMethodWorker.run(TestMethodWorker.java:128)
java.base/java.util.ArrayList.forEach(ArrayList.java:1511)
org.testng.TestRunner.privateRun(TestRunner.java:794)
org.testng.TestRunner.run(TestRunner.java:596)
org.testng.SuiteRunner.runTest(SuiteRunner.java:377)
org.testng.SuiteRunner.runSequentially(SuiteRunner.java:371)
org.testng.SuiteRunner.privateRun(SuiteRunner.java:332)
org.testng.SuiteRunner.run(SuiteRunner.java:276)
org.testng.SuiteRunnerWorker.runSuite(SuiteRunnerWorker.java:53)
org.testng.SuiteRunnerWorker.run(SuiteRunnerWorker.java:96)
org.testng.TestNG.runSuitesSequentially(TestNG.java:1212)
org.testng.TestNG.runSuitesLocally(TestNG.java:1134)
org.testng.TestNG.runSuites(TestNG.java:1063)
org.testng.TestNG.run(TestNG.java:1031)
org.apache.maven.surefire.testng.TestNGExecutor.run(TestNGExecutor.java:136)
org.apache.maven.surefire.testng.TestNGDirectoryTestSuite.executeMulti(TestNGDirectoryTestSuite.java:193)
org.apache.maven.surefire.testng.TestNGDirectoryTestSuite.execute(TestNGDirectoryTestSuite.java:94)
org.apache.maven.surefire.testng.TestNGProvider.invoke(TestNGProvider.java:145)
org.apache.maven.surefire.booter.ForkedBooter.runSuitesInProcess(ForkedBooter.java:428)
org.apache.maven.surefire.booter.ForkedBooter.execute(ForkedBooter.java:162)
org.apache.maven.surefire.booter.ForkedBooter.run(ForkedBooter.java:562)
org.apache.maven.surefire.booter.ForkedBooter.main(ForkedBooter.java:548) @26-11-2021 01:48:52.0567 AM
[ReportManager] Element Action [WaitForElementToBePresent] failed. With the following test data [waited for the element's state of presence to be (true). Element locator (By.id: bla)]. @26-11-2021 01:48:52.0736 AM
[ReportManager] Successfully created attachment [Screenshot - 1637891332605_waitForElementToBePresent_true_expectedToFail_WaitForElementToBePresent_failed] @26-11-2021 01:48:52.0739 A
[ReportManager] Browser Action [CloseCurrentWindow] successfully performed. @26-11-2021 01:48:52.0805 AM
[ReportManager] Successfully created attachment [Browser Action Test Data - CloseCurrentWindow - Actual Value] @26-11-2021 01:48:52.0806 A
[ReportManager] File Action [GetAbsolutePath] successfully performed. With the following test data [Relative Folder Path: "target/downloadedFiles/"]. @26-11-2021 01:48:52.0811 AM
[ReportManager] Attempting to run locally on: [Mac-64], [Safari], Headless Execution. @26-11-2021 01:48:52.0812 AM
[ReportManager] Successfully Opened Safari. @26-11-2021 01:48:53.0698 AM
[ReportManager] Initial window size: (800, 600) @26-11-2021 01:48:53.0721 AM
[ReportManager] Window size after SWD Maximize: (1176, 803) @26-11-2021 01:48:53.0754 AM
[ReportManager] Browser Action [MaximizeWindow] successfully performed. With the following test data [New screen size is now: (1176, 803)]. @26-11-2021 01:48:53.0755 A

################################################################################################################################################
Starting Execution:	[5 out of 146] test cases in the current suite
Test Method:		[unitTests.tests_element_elementActions.waitForElementToBePresent_true_expectedToPass]
################################################################################################################################################
[ReportManager] Target URL: [https://www.google.com/ncr], and after redirection: [www.google.com] @26-11-2021 01:48:53.0770 AM
[ReportManager] Initial URL: [] @26-11-2021 01:48:53.0839 AM
[ReportManager] Browser Action [NavigateToURL] successfully performed. With the following test data [https://www.google.com/ncr]. @26-11-2021 01:48:56.0168 AM
[ReportManager] Waiting for element to be present; elementLocator [By.xpath: //*[@id='hplogo' or @alt='Google']], numberOfTries[1], stateOfPresence[true]... @26-11-2021 01:48:56.0168 AM
[ReportManager] Element Action [WaitForElementToBePresent] successfully performed. With the following test data [waited for the element's state of presence to be (true). Element locator (By.xpath: //*[@id='hplogo' or @alt='Google'])]. @26-11-2021 01:48:56.0202 AM
[ReportManager] File Action [DoesFileExist] successfully performed. With the following test data [File Path: "src/main/resources/dynamicObjectRepository/unitTests_tests_element_elementActions_waitForElementToBePresent_true_expectedToPass_By_xpath_id_hplogo_or_alt_Google.png"]. @26-11-2021 01:48:56.0229 AM
[ReportManager] File Action [DoesFileExist] successfully performed. With the following test data [File Path: "src/main/resources/dynamicObjectRepository/unitTests_tests_element_elementActions_waitForElementToBePresent_true_expectedToPass_By_xpath_id_hplogo_or_alt_Google.png"]. @26-11-2021 01:48:56.0332 AM
[ReportManager] Passing the test and saving a reference image @26-11-2021 01:48:56.0332 AM
[ReportManager] File Action [GetAbsolutePath] successfully performed. With the following test data [Relative File Path: "src/main/resources/dynamicObjectRepository/unitTests_tests_element_elementActions_waitForElementToBePresent_true_expectedToPass_By_xpath_id_hplogo_or_alt_Google.png"]. @26-11-2021 01:48:56.0333 AM
[ReportManager] File Action [WriteToFile] successfully performed. With the following test data [Target File Path: "/Users/runner/work/SHAFT_ENGINE/SHAFT_ENGINE/src/main/resources/dynamicObjectRepository/unitTests_tests_element_elementActions_waitForElementToBePresent_true_expectedToPass_By_xpath_id_hplogo_or_alt_Google.png"]. @26-11-2021 01:48:56.0346 AM
[ReportManager] Assertion Passed: Using Visual AI; OpenCV @26-11-2021 01:48:56.0349 AM
[ReportManager] Successfully created attachment [Validation Test Data - Actual Screenshot] @26-11-2021 01:48:56.0350 AM
[ReportManager] Assertion [ValidateElementMatches] PASSED. Expected [Element should match the reference screenshot] and Actual [TRUE]. Comparison Type [EXACT_OPENCV]. Validation Type [POSITIVE]. @26-11-2021 01:48:56.0350 A
[ReportManager] Browser Action [CloseCurrentWindow] successfully performed. @26-11-2021 01:48:56.0432 AM
[ReportManager] Successfully created attachment [Browser Action Test Data - CloseCurrentWindow - Actual Value] @26-11-2021 01:48:56.0433 A
[ReportManager] File Action [GetAbsolutePath] successfully performed. With the following test data [Relative Folder Path: "target/downloadedFiles/"]. @26-11-2021 01:48:56.0450 AM
[ReportManager] Attempting to run locally on: [Mac-64], [Safari], Headless Execution. @26-11-2021 01:48:56.0450 AM
[ReportManager] An Exception Occured with this Message: Could not start a new session. Possible causes are invalid address of the remote server or browser start-up failure.. @26-11-2021 01:48:56.0779 AM
[ReportManager] Successfully created attachment [Exception Stack Trace - org.openqa.selenium.SessionNotCreatedException] @26-11-2021 01:48:56.0780 AM
[ReportManager] Driver Factory Action [createNewLocalDriverInstanceForSafari] failed. With the following test data [Failed to create a session on DESKTOP_SAFARI]. @26-11-2021 01:48:56.0781 A

################################################################################################################################################
Starting Execution:	[6 out of 146] test cases in the current suite
Test Method:		[unitTests.tests_browserActions.fullScreenWindow]
###############################################################################################################################################



################################################################################################################################################
Starting Execution:	[7 out of 146] test cases in the current suite
Test Method:		[unitTests.tests_browserActions.getCurrentURL]
###############################################################################################################################################



################################################################################################################################################
Starting Execution:	[8 out of 146] test cases in the current suite
Test Method:		[unitTests.tests_browserActions.getCurrentWindowTitle]
###############################################################################################################################################



################################################################################################################################################
Starting Execution:	[9 out of 146] test cases in the current suite
Test Method:		[unitTests.tests_browserActions.getPageSource]
###############################################################################################################################################



################################################################################################################################################
Starting Execution:	[10 out of 146] test cases in the current suite
Test Method:		[unitTests.tests_browserActions.getWindowHandle]
###############################################################################################################################################



################################################################################################################################################
Starting Execution:	[11 out of 146] test cases in the current suite
Test Method:		[unitTests.tests_browserActions.getWindowPosition]
###############################################################################################################################################



################################################################################################################################################
Starting Execution:	[12 out of 146] test cases in the current suite
Test Method:		[unitTests.tests_browserActions.getWindowSize]
###############################################################################################################################################



################################################################################################################################################
Starting Execution:	[13 out of 146] test cases in the current suite
Test Method:		[unitTests.tests_browserActions.maximizeWindow]
###############################################################################################################################################



################################################################################################################################################
Starting Execution:	[14 out of 146] test cases in the current suite
Test Method:		[unitTests.tests_browserActions.navigateBack]
###############################################################################################################################################



################################################################################################################################################
Starting Execution:	[15 out of 146] test cases in the current suite
Test Method:		[unitTests.tests_browserActions.navigateForward]
###############################################################################################################################################



################################################################################################################################################
Starting Execution:	[16 out of 146] test cases in the current suite
Test Method:		[unitTests.tests_browserActions.navigateToURL]
###############################################################################################################################################



################################################################################################################################################
Starting Execution:	[17 out of 146] test cases in the current suite
Test Method:		[unitTests.tests_browserActions.navigateToURLWithRedirection]
###############################################################################################################################################



################################################################################################################################################
Starting Execution:	[18 out of 146] test cases in the current suite
Test Method:		[unitTests.tests_browserActions.refreshCurrentPage]
###############################################################################################################################################



################################################################################################################################################
Starting Execution:	[19 out of 146] test cases in the current suite
Test Method:		[unitTests.tests_browserActions.setWindowSize]
###############################################################################################################################################

[ReportManager] Successfully loaded the following test data file [src/test/resources/testDataFiles/testSuite01/TestData.xlsx]. @26-11-2021 01:48:58.0396 AM
[ReportManager] Successfully created attachment [Test Data - Excel] @26-11-2021 01:48:58.0396 A

################################################################################################################################################
Starting Execution:	[20 out of 146] test cases in the current suite
Test Method:		[unitTests.tests_io_excelFileManager.getCellData_rowName_expectedToPass]
################################################################################################################################################
[ReportManager] testRowData. @26-11-2021 01:48:58.0412 A

################################################################################################################################################
Starting Execution:	[21 out of 146] test cases in the current suite
Test Method:		[unitTests.tests_validations_assertions.assertComparativeRelation_greaterThanOrEquals_false_equals_expectedToFail]
################################################################################################################################################
[ReportManager] Assertion [ValidateComparativeRelation] FAILED. Expected [1] and Actual [1]. Comparison Type [GREATER_THAN_OR_EQUALS]. Validation Type [NEGATIVE]. @26-11-2021 01:48:58.0421 A

################################################################################################################################################
Starting Execution:	[22 out of 146] test cases in the current suite
Test Method:		[unitTests.tests_validations_assertions.assertComparativeRelation_greaterThanOrEquals_false_equals_expectedToPass]
################################################################################################################################################
[ReportManager] Assertion [ValidateComparativeRelation] PASSED. Expected [2] and Actual [1]. Comparison Type [GREATER_THAN_OR_EQUALS]. Validation Type [NEGATIVE]. @26-11-2021 01:48:58.0429 A

################################################################################################################################################
Starting Execution:	[23 out of 146] test cases in the current suite
Test Method:		[unitTests.tests_validations_assertions.assertComparativeRelation_greaterThanOrEquals_false_greaterThan_expectedToFail]
################################################################################################################################################
[ReportManager] Assertion [ValidateComparativeRelation] FAILED. Expected [1] and Actual [2]. Comparison Type [GREATER_THAN_OR_EQUALS]. Validation Type [NEGATIVE]. @26-11-2021 01:48:58.0440 A

################################################################################################################################################
Starting Execution:	[24 out of 146] test cases in the current suite
Test Method:		[unitTests.tests_validations_assertions.assertComparativeRelation_greaterThanOrEquals_false_greaterThan_expectedToPass]
################################################################################################################################################
[ReportManager] Assertion [ValidateComparativeRelation] PASSED. Expected [2] and Actual [1]. Comparison Type [GREATER_THAN_OR_EQUALS]. Validation Type [NEGATIVE]. @26-11-2021 01:48:58.0445 A

################################################################################################################################################
Starting Execution:	[25 out of 146] test cases in the current suite
Test Method:		[unitTests.tests_validations_assertions.assertComparativeRelation_greaterThanOrEquals_true_equals_expectedToFail]
################################################################################################################################################
[ReportManager] Assertion [ValidateComparativeRelation] FAILED. Expected [1] and Actual [0]. Comparison Type [GREATER_THAN_OR_EQUALS]. Validation Type [POSITIVE]. @26-11-2021 01:48:58.0449 A

################################################################################################################################################
Starting Execution:	[26 out of 146] test cases in the current suite
Test Method:		[unitTests.tests_validations_assertions.assertComparativeRelation_greaterThanOrEquals_true_equals_expectedToPass]
################################################################################################################################################
[ReportManager] Assertion [ValidateComparativeRelation] PASSED. Expected [1] and Actual [1]. Comparison Type [GREATER_THAN_OR_EQUALS]. Validation Type [POSITIVE]. @26-11-2021 01:48:58.0453 A

################################################################################################################################################
Starting Execution:	[27 out of 146] test cases in the current suite
Test Method:		[unitTests.tests_validations_assertions.assertComparativeRelation_greaterThanOrEquals_true_greaterThan_expectedToFail]
################################################################################################################################################
[ReportManager] Assertion [ValidateComparativeRelation] FAILED. Expected [2] and Actual [1]. Comparison Type [GREATER_THAN_OR_EQUALS]. Validation Type [POSITIVE]. @26-11-2021 01:48:58.0462 A

################################################################################################################################################
Starting Execution:	[28 out of 146] test cases in the current suite
Test Method:		[unitTests.tests_validations_assertions.assertComparativeRelation_greaterThanOrEquals_true_greaterThan_expectedToPass]
################################################################################################################################################
[ReportManager] Assertion [ValidateComparativeRelation] PASSED. Expected [1] and Actual [2]. Comparison Type [GREATER_THAN_OR_EQUALS]. Validation Type [POSITIVE]. @26-11-2021 01:48:58.0470 A
[ReportManager] File Action [GetAbsolutePath] successfully performed. With the following test data [Relative Folder Path: "target/downloadedFiles/"]. @26-11-2021 01:48:58.0473 AM
[ReportManager] Attempting to run locally on: [Mac-64], [Safari], Headless Execution. @26-11-2021 01:48:58.0475 AM
[ReportManager] Successfully Opened Safari. @26-11-2021 01:48:59.0321 AM
[ReportManager] Initial window size: (800, 600) @26-11-2021 01:48:59.0338 AM
[ReportManager] Window size after SWD Maximize: (1176, 803) @26-11-2021 01:48:59.0356 AM
[ReportManager] Browser Action [MaximizeWindow] successfully performed. With the following test data [New screen size is now: (1176, 803)]. @26-11-2021 01:48:59.0356 AM
[ReportManager] Target URL: [https://www.google.com/ncr], and after redirection: [www.google.com] @26-11-2021 01:48:59.0357 AM
[ReportManager] Initial URL: [] @26-11-2021 01:48:59.0434 AM
[ReportManager] Browser Action [NavigateToURL] successfully performed. With the following test data [https://www.google.com/ncr]. @26-11-2021 01:49:01.0714 A

################################################################################################################################################
Starting Execution:	[29 out of 146] test cases in the current suite
Test Method:		[unitTests.tests_validations_assertions.assertElementAttribute_false_caseInsensitiveComparison_expectedToFail]
################################################################################################################################################
[ReportManager] Element Action [Type] successfully performed. With the following test data [AUTOMATION]. @26-11-2021 01:49:01.0923 AM
[ReportManager] Element Action [GetText] successfully performed. With the following test data [AUTOMATION]. @26-11-2021 01:49:02.0024 AM
[ReportManager] Loaded Shared OpenCV @26-11-2021 01:49:03.0335 AM
[ReportManager] Assertion [ValidateElementAttribute] FAILED. Expected [Value Should not be 'AutomaTion' for the 'text' attribute, element locator 'By.name: q'] and Actual [AUTOMATION]. Comparison Type [CASE_INSENSITIVE]. Validation Type [NEGATIVE]. @26-11-2021 01:49:03.0701 AM
[ReportManager] Successfully created attachment [Screenshot - 1637891342100_assertElementAttribute_false_caseInsensitiveComparison_expectedToFail_ValidateElementAttribute_failed] @26-11-2021 01:49:03.0704 A
[ReportManager] Browser Action [CloseCurrentWindow] successfully performed. @26-11-2021 01:49:04.0118 AM
[ReportManager] Successfully created attachment [Browser Action Test Data - CloseCurrentWindow - Actual Value] @26-11-2021 01:49:04.0119 A
[ReportManager] File Action [GetAbsolutePath] successfully performed. With the following test data [Relative Folder Path: "target/downloadedFiles/"]. @26-11-2021 01:49:04.0123 AM
[ReportManager] Attempting to run locally on: [Mac-64], [Safari], Headless Execution. @26-11-2021 01:49:04.0124 AM
[ReportManager] Successfully Opened Safari. @26-11-2021 01:49:04.0953 AM
[ReportManager] Initial window size: (800, 600) @26-11-2021 01:49:04.0968 AM
[ReportManager] Window size after SWD Maximize: (1176, 803) @26-11-2021 01:49:04.0987 AM
[ReportManager] Browser Action [MaximizeWindow] successfully performed. With the following test data [New screen size is now: (1176, 803)]. @26-11-2021 01:49:04.0987 AM
[ReportManager] Target URL: [https://www.google.com/ncr], and after redirection: [www.google.com] @26-11-2021 01:49:04.0988 AM
[ReportManager] Initial URL: [] @26-11-2021 01:49:05.0049 AM
[ReportManager] Browser Action [NavigateToURL] successfully performed. With the following test data [https://www.google.com/ncr]. @26-11-2021 01:49:06.0943 A

################################################################################################################################################
Starting Execution:	[30 out of 146] test cases in the current suite
Test Method:		[unitTests.tests_validations_assertions.assertElementAttribute_false_caseInsensitiveComparison_expectedToPass]
################################################################################################################################################
[ReportManager] Element Action [Type] successfully performed. With the following test data [AUTOMATION]. @26-11-2021 01:49:07.0107 AM
[ReportManager] Element Action [GetText] successfully performed. With the following test data [AUTOMATION]. @26-11-2021 01:49:07.0198 AM
[ReportManager] Loaded Shared OpenCV @26-11-2021 01:49:07.0282 AM
[ReportManager] Assertion [ValidateElementAttribute] PASSED. Expected [Value Should not be 'AutomaTion123' for the 'text' attribute, element locator 'By.name: q'] and Actual [AUTOMATION]. Comparison Type [CASE_INSENSITIVE]. Validation Type [NEGATIVE]. @26-11-2021 01:49:07.0531 AM
[ReportManager] Successfully created attachment [Screenshot - 1637891347282_assertElementAttribute_false_caseInsensitiveComparison_expectedToPass_ValidateElementAttribute_passed] @26-11-2021 01:49:07.0535 A
[ReportManager] Browser Action [CloseCurrentWindow] successfully performed. @26-11-2021 01:49:07.0810 AM
[ReportManager] Successfully created attachment [Browser Action Test Data - CloseCurrentWindow - Actual Value] @26-11-2021 01:49:07.0813 A
[ReportManager] File Action [GetAbsolutePath] successfully performed. With the following test data [Relative Folder Path: "target/downloadedFiles/"]. @26-11-2021 01:49:07.0821 AM
[ReportManager] Attempting to run locally on: [Mac-64], [Safari], Headless Execution. @26-11-2021 01:49:07.0821 AM
[ReportManager] Successfully Opened Safari. @26-11-2021 01:49:08.0700 AM
[ReportManager] Initial window size: (800, 600) @26-11-2021 01:49:08.0731 AM
[ReportManager] Window size after SWD Maximize: (1176, 803) @26-11-2021 01:49:08.0750 AM
[ReportManager] Browser Action [MaximizeWindow] successfully performed. With the following test data [New screen size is now: (1176, 803)]. @26-11-2021 01:49:08.0751 AM
[ReportManager] Target URL: [https://www.google.com/ncr], and after redirection: [www.google.com] @26-11-2021 01:49:08.0751 AM
[ReportManager] Initial URL: [] @26-11-2021 01:49:08.0824 AM
[ReportManager] Browser Action [NavigateToURL] successfully performed. With the following test data [https://www.google.com/ncr]. @26-11-2021 01:49:10.0745 A

################################################################################################################################################
Starting Execution:	[31 out of 146] test cases in the current suite
Test Method:		[unitTests.tests_validations_assertions.assertElementAttribute_false_containsComparison_expectedToFail]
################################################################################################################################################
[ReportManager] Element Action [Type] successfully performed. With the following test data [Automation123]. @26-11-2021 01:49:10.0929 AM
[ReportManager] Element Action [GetText] successfully performed. With the following test data [Automation123]. @26-11-2021 01:49:11.0076 AM
[ReportManager] Loaded Shared OpenCV @26-11-2021 01:49:11.0248 AM
[ReportManager] Assertion [ValidateElementAttribute] FAILED. Expected [Value Should not be 'Automation' for the 'text' attribute, element locator 'By.name: q'] and Actual [Automation123]. Comparison Type [CONTAINS]. Validation Type [NEGATIVE]. @26-11-2021 01:49:11.0360 AM
[ReportManager] Successfully created attachment [Screenshot - 1637891351248_assertElementAttribute_false_containsComparison_expectedToFail_ValidateElementAttribute_failed] @26-11-2021 01:49:11.0361 A
[ReportManager] Browser Action [CloseCurrentWindow] successfully performed. @26-11-2021 01:49:11.0779 AM
[ReportManager] Successfully created attachment [Browser Action Test Data - CloseCurrentWindow - Actual Value] @26-11-2021 01:49:11.0780 A
[ReportManager] File Action [GetAbsolutePath] successfully performed. With the following test data [Relative Folder Path: "target/downloadedFiles/"]. @26-11-2021 01:49:11.0786 AM
[ReportManager] Attempting to run locally on: [Mac-64], [Safari], Headless Execution. @26-11-2021 01:49:11.0786 AM
[ReportManager] Successfully Opened Safari. @26-11-2021 01:49:12.0614 AM
[ReportManager] Initial window size: (800, 600) @26-11-2021 01:49:12.0630 AM
[ReportManager] Window size after SWD Maximize: (1176, 803) @26-11-2021 01:49:12.0649 AM
[ReportManager] Browser Action [MaximizeWindow] successfully performed. With the following test data [New screen size is now: (1176, 803)]. @26-11-2021 01:49:12.0649 AM
[ReportManager] Target URL: [https://www.google.com/ncr], and after redirection: [www.google.com] @26-11-2021 01:49:12.0649 AM
[ReportManager] Initial URL: [] @26-11-2021 01:49:12.0706 AM
[ReportManager] Browser Action [NavigateToURL] successfully performed. With the following test data [https://www.google.com/ncr]. @26-11-2021 01:49:15.0067 A

################################################################################################################################################
Starting Execution:	[32 out of 146] test cases in the current suite
Test Method:		[unitTests.tests_validations_assertions.assertElementAttribute_false_containsComparison_expectedToPass]
################################################################################################################################################
[ReportManager] Element Action [Type] successfully performed. With the following test data [Automation123]. @26-11-2021 01:49:15.0304 AM
[ReportManager] Element Action [GetText] successfully performed. With the following test data [Automation123]. @26-11-2021 01:49:15.0377 AM
[ReportManager] Loaded Shared OpenCV @26-11-2021 01:49:15.0494 AM
[ReportManager] Assertion [ValidateElementAttribute] PASSED. Expected [Value Should not be 'Automation1234' for the 'text' attribute, element locator 'By.name: q'] and Actual [Automation123]. Comparison Type [CONTAINS]. Validation Type [NEGATIVE]. @26-11-2021 01:49:15.0646 AM
[ReportManager] Successfully created attachment [Screenshot - 1637891355494_assertElementAttribute_false_containsComparison_expectedToPass_ValidateElementAttribute_passed] @26-11-2021 01:49:15.0647 A
[ReportManager] Browser Action [CloseCurrentWindow] successfully performed. @26-11-2021 01:49:15.0961 AM
[ReportManager] Successfully created attachment [Browser Action Test Data - CloseCurrentWindow - Actual Value] @26-11-2021 01:49:15.0963 A
[ReportManager] File Action [GetAbsolutePath] successfully performed. With the following test data [Relative Folder Path: "target/downloadedFiles/"]. @26-11-2021 01:49:15.0967 AM
[ReportManager] Attempting to run locally on: [Mac-64], [Safari], Headless Execution. @26-11-2021 01:49:15.0968 AM
[ReportManager] Successfully Opened Safari. @26-11-2021 01:49:16.0780 AM
[ReportManager] Initial window size: (800, 600) @26-11-2021 01:49:16.0790 AM
[ReportManager] Window size after SWD Maximize: (1176, 803) @26-11-2021 01:49:16.0811 AM
[ReportManager] Browser Action [MaximizeWindow] successfully performed. With the following test data [New screen size is now: (1176, 803)]. @26-11-2021 01:49:16.0811 AM
[ReportManager] Target URL: [https://www.google.com/ncr], and after redirection: [www.google.com] @26-11-2021 01:49:16.0812 AM
[ReportManager] Initial URL: [] @26-11-2021 01:49:16.0871 AM
[ReportManager] Browser Action [NavigateToURL] successfully performed. With the following test data [https://www.google.com/ncr]. @26-11-2021 01:49:19.0262 A

################################################################################################################################################
Starting Execution:	[33 out of 146] test cases in the current suite
Test Method:		[unitTests.tests_validations_assertions.assertElementAttribute_false_literalComparison_expectedToFail]
################################################################################################################################################
[ReportManager] Element Action [Type] successfully performed. With the following test data [Automation!@#$%^&*()_+{}[]\';/.,]. @26-11-2021 01:49:19.0535 AM
[ReportManager] Element Action [GetText] successfully performed. With the following test data [Automation!@#$%^&*()_+{}[]\';/.,]. @26-11-2021 01:49:19.0611 AM
[ReportManager] Loaded Shared OpenCV @26-11-2021 01:49:19.0681 AM
[ReportManager] Assertion [ValidateElementAttribute] PASSED. Expected [Value Should not be 'Automation!@#$%^&*()_+{}[]\\';/.,' for the 'text' attribute, element locator 'By.name: q'] and Actual [Automation!@#$%^&*()_+{}[]\';/.,]. Comparison Type [EQUALS]. Validation Type [NEGATIVE]. @26-11-2021 01:49:19.0820 AM
[ReportManager] Successfully created attachment [Screenshot - 1637891359681_assertElementAttribute_false_literalComparison_expectedToFail_ValidateElementAttribute_passed] @26-11-2021 01:49:19.0822 A
[ReportManager] Browser Action [CloseCurrentWindow] successfully performed. @26-11-2021 01:49:19.0995 AM
[ReportManager] Successfully created attachment [Browser Action Test Data - CloseCurrentWindow - Actual Value] @26-11-2021 01:49:19.0996 A
[ReportManager] File Action [GetAbsolutePath] successfully performed. With the following test data [Relative Folder Path: "target/downloadedFiles/"]. @26-11-2021 01:49:19.0999 AM
[ReportManager] Attempting to run locally on: [Mac-64], [Safari], Headless Execution. @26-11-2021 01:49:20.0000 AM
[ReportManager] Successfully Opened Safari. @26-11-2021 01:49:20.0899 AM
[ReportManager] Initial window size: (800, 600) @26-11-2021 01:49:20.0911 AM
[ReportManager] Window size after SWD Maximize: (1176, 803) @26-11-2021 01:49:20.0926 AM
[ReportManager] Browser Action [MaximizeWindow] successfully performed. With the following test data [New screen size is now: (1176, 803)]. @26-11-2021 01:49:20.0926 AM
[ReportManager] Target URL: [https://www.google.com/ncr], and after redirection: [www.google.com] @26-11-2021 01:49:20.0926 AM
[ReportManager] Initial URL: [] @26-11-2021 01:49:20.0986 AM
[ReportManager] Browser Action [NavigateToURL] successfully performed. With the following test data [https://www.google.com/ncr]. @26-11-2021 01:49:23.0327 A

################################################################################################################################################
Starting Execution:	[34 out of 146] test cases in the current suite
Test Method:		[unitTests.tests_validations_assertions.assertElementAttribute_false_literalComparison_expectedToPass]
################################################################################################################################################
[ReportManager] Element Action [Type] successfully performed. With the following test data [Automation!@#$%^&*()_+{}[]\';/.,]. @26-11-2021 01:49:23.0621 AM
[ReportManager] Element Action [GetText] successfully performed. With the following test data [Automation!@#$%^&*()_+{}[]\';/.,]. @26-11-2021 01:49:23.0699 AM
[ReportManager] Loaded Shared OpenCV @26-11-2021 01:49:23.0768 AM
[ReportManager] Assertion [ValidateElementAttribute] PASSED. Expected [Value Should not be 'Automation' for the 'text' attribute, element locator 'By.name: q'] and Actual [Automation!@#$%^&*()_+{}[]\';/.,]. Comparison Type [EQUALS]. Validation Type [NEGATIVE]. @26-11-2021 01:49:23.0907 AM
[ReportManager] Successfully created attachment [Screenshot - 1637891363768_assertElementAttribute_false_literalComparison_expectedToPass_ValidateElementAttribute_passed] @26-11-2021 01:49:23.0909 A
[ReportManager] Browser Action [CloseCurrentWindow] successfully performed. @26-11-2021 01:49:24.0357 AM
[ReportManager] Successfully created attachment [Browser Action Test Data - CloseCurrentWindow - Actual Value] @26-11-2021 01:49:24.0358 A
[ReportManager] File Action [GetAbsolutePath] successfully performed. With the following test data [Relative Folder Path: "target/downloadedFiles/"]. @26-11-2021 01:49:24.0362 AM
[ReportManager] Attempting to run locally on: [Mac-64], [Safari], Headless Execution. @26-11-2021 01:49:24.0362 AM
[ReportManager] Successfully Opened Safari. @26-11-2021 01:49:25.0181 AM
[ReportManager] Initial window size: (800, 600) @26-11-2021 01:49:25.0191 AM
[ReportManager] Window size after SWD Maximize: (1176, 803) @26-11-2021 01:49:25.0210 AM
[ReportManager] Browser Action [MaximizeWindow] successfully performed. With the following test data [New screen size is now: (1176, 803)]. @26-11-2021 01:49:25.0211 AM
[ReportManager] Target URL: [https://www.google.com/ncr], and after redirection: [www.google.com] @26-11-2021 01:49:25.0211 AM
[ReportManager] Initial URL: [] @26-11-2021 01:49:25.0269 AM
[ReportManager] Browser Action [NavigateToURL] successfully performed. With the following test data [https://www.google.com/ncr]. @26-11-2021 01:49:26.0986 A

################################################################################################################################################
Starting Execution:	[35 out of 146] test cases in the current suite
Test Method:		[unitTests.tests_validations_assertions.assertElementAttribute_false_regexComparison_expectedToFail]
################################################################################################################################################
[ReportManager] Element Action [Type] successfully performed. With the following test data [Automation123]. @26-11-2021 01:49:27.0152 AM
[ReportManager] Element Action [GetText] successfully performed. With the following test data [Automation123]. @26-11-2021 01:49:27.0223 AM
[ReportManager] Loaded Shared OpenCV @26-11-2021 01:49:27.0296 AM
[ReportManager] Assertion [ValidateElementAttribute] FAILED. Expected [Value Should not be 'Automation.*' for the 'text' attribute, element locator 'By.name: q'] and Actual [Automation123]. Comparison Type [MATCHES]. Validation Type [NEGATIVE]. @26-11-2021 01:49:27.0440 AM
[ReportManager] Successfully created attachment [Screenshot - 1637891367296_assertElementAttribute_false_regexComparison_expectedToFail_ValidateElementAttribute_failed] @26-11-2021 01:49:27.0442 A
[ReportManager] Browser Action [CloseCurrentWindow] successfully performed. @26-11-2021 01:49:27.0505 AM
[ReportManager] Successfully created attachment [Browser Action Test Data - CloseCurrentWindow - Actual Value] @26-11-2021 01:49:27.0511 A
[ReportManager] File Action [GetAbsolutePath] successfully performed. With the following test data [Relative Folder Path: "target/downloadedFiles/"]. @26-11-2021 01:49:27.0515 AM
[ReportManager] Attempting to run locally on: [Mac-64], [Safari], Headless Execution. @26-11-2021 01:49:27.0516 AM
[ReportManager] Successfully Opened Safari. @26-11-2021 01:49:28.0381 AM
[ReportManager] Initial window size: (800, 600) @26-11-2021 01:49:28.0407 AM
[ReportManager] Window size after SWD Maximize: (1176, 803) @26-11-2021 01:49:28.0423 AM
[ReportManager] Browser Action [MaximizeWindow] successfully performed. With the following test data [New screen size is now: (1176, 803)]. @26-11-2021 01:49:28.0424 AM
[ReportManager] Target URL: [https://www.google.com/ncr], and after redirection: [www.google.com] @26-11-2021 01:49:28.0424 AM
[ReportManager] Initial URL: [] @26-11-2021 01:49:28.0486 AM
[ReportManager] Browser Action [NavigateToURL] successfully performed. With the following test data [https://www.google.com/ncr]. @26-11-2021 01:49:30.0760 A

################################################################################################################################################
Starting Execution:	[36 out of 146] test cases in the current suite
Test Method:		[unitTests.tests_validations_assertions.assertElementAttribute_false_regexComparison_expectedToPass]
################################################################################################################################################
[ReportManager] Element Action [Type] successfully performed. With the following test data [Automation123]. @26-11-2021 01:49:30.0900 AM
[ReportManager] Element Action [GetText] successfully performed. With the following test data [Automation123]. @26-11-2021 01:49:30.0968 AM
[ReportManager] Loaded Shared OpenCV @26-11-2021 01:49:31.0038 AM
[ReportManager] Assertion [ValidateElementAttribute] PASSED. Expected [Value Should not be 'Automation' for the 'text' attribute, element locator 'By.name: q'] and Actual [Automation123]. Comparison Type [MATCHES]. Validation Type [NEGATIVE]. @26-11-2021 01:49:31.0182 AM
[ReportManager] Successfully created attachment [Screenshot - 1637891371038_assertElementAttribute_false_regexComparison_expectedToPass_ValidateElementAttribute_passed] @26-11-2021 01:49:31.0184 A
[ReportManager] Browser Action [CloseCurrentWindow] successfully performed. @26-11-2021 01:49:31.0577 AM
[ReportManager] Successfully created attachment [Browser Action Test Data - CloseCurrentWindow - Actual Value] @26-11-2021 01:49:31.0577 A
[ReportManager] File Action [GetAbsolutePath] successfully performed. With the following test data [Relative Folder Path: "target/downloadedFiles/"]. @26-11-2021 01:49:31.0581 AM
[ReportManager] Attempting to run locally on: [Mac-64], [Safari], Headless Execution. @26-11-2021 01:49:31.0581 AM
[ReportManager] Successfully Opened Safari. @26-11-2021 01:49:32.0398 AM
[ReportManager] Initial window size: (800, 600) @26-11-2021 01:49:32.0422 AM
[ReportManager] Window size after SWD Maximize: (1176, 803) @26-11-2021 01:49:32.0451 AM
[ReportManager] Browser Action [MaximizeWindow] successfully performed. With the following test data [New screen size is now: (1176, 803)]. @26-11-2021 01:49:32.0451 AM
[ReportManager] Target URL: [https://www.google.com/ncr], and after redirection: [www.google.com] @26-11-2021 01:49:32.0451 AM
[ReportManager] Initial URL: [] @26-11-2021 01:49:32.0489 AM
[ReportManager] Browser Action [NavigateToURL] successfully performed. With the following test data [https://www.google.com/ncr]. @26-11-2021 01:49:34.0769 A

################################################################################################################################################
Starting Execution:	[37 out of 146] test cases in the current suite
Test Method:		[unitTests.tests_validations_assertions.assertElementAttribute_true_caseInsensitiveComparison_expectedToFail]
################################################################################################################################################
[ReportManager] Element Action [Type] successfully performed. With the following test data [AUTOMATION]. @26-11-2021 01:49:34.0912 AM
[ReportManager] Element Action [GetText] successfully performed. With the following test data [AUTOMATION]. @26-11-2021 01:49:34.0980 AM
[ReportManager] Loaded Shared OpenCV @26-11-2021 01:49:35.0050 AM
[ReportManager] Assertion [ValidateElementAttribute] FAILED. Expected [Value Should be 'AutomaTion123' for the 'text' attribute, element locator 'By.name: q'] and Actual [AUTOMATION]. Comparison Type [CASE_INSENSITIVE]. Validation Type [POSITIVE]. @26-11-2021 01:49:35.0241 AM
[ReportManager] Successfully created attachment [Screenshot - 1637891375050_assertElementAttribute_true_caseInsensitiveComparison_expectedToFail_ValidateElementAttribute_failed] @26-11-2021 01:49:35.0243 A
[ReportManager] Browser Action [CloseCurrentWindow] successfully performed. @26-11-2021 01:49:35.0554 AM
[ReportManager] Successfully created attachment [Browser Action Test Data - CloseCurrentWindow - Actual Value] @26-11-2021 01:49:35.0555 A
[ReportManager] File Action [GetAbsolutePath] successfully performed. With the following test data [Relative Folder Path: "target/downloadedFiles/"]. @26-11-2021 01:49:35.0558 AM
[ReportManager] Attempting to run locally on: [Mac-64], [Safari], Headless Execution. @26-11-2021 01:49:35.0559 AM
[ReportManager] Successfully Opened Safari. @26-11-2021 01:49:36.0364 AM
[ReportManager] Initial window size: (800, 600) @26-11-2021 01:49:36.0376 AM
[ReportManager] Window size after SWD Maximize: (1176, 803) @26-11-2021 01:49:36.0390 AM
[ReportManager] Browser Action [MaximizeWindow] successfully performed. With the following test data [New screen size is now: (1176, 803)]. @26-11-2021 01:49:36.0391 AM
[ReportManager] Target URL: [https://www.google.com/ncr], and after redirection: [www.google.com] @26-11-2021 01:49:36.0391 AM
[ReportManager] Initial URL: [] @26-11-2021 01:49:36.0451 AM
[ReportManager] Browser Action [NavigateToURL] successfully performed. With the following test data [https://www.google.com/ncr]. @26-11-2021 01:49:38.0782 A

################################################################################################################################################
Starting Execution:	[38 out of 146] test cases in the current suite
Test Method:		[unitTests.tests_validations_assertions.assertElementAttribute_true_caseInsensitiveComparison_expectedToPass]
################################################################################################################################################
[ReportManager] Element Action [Type] successfully performed. With the following test data [AUTOMATION]. @26-11-2021 01:49:38.0942 AM
[ReportManager] Element Action [GetText] successfully performed. With the following test data [AUTOMATION]. @26-11-2021 01:49:39.0008 AM
[ReportManager] Loaded Shared OpenCV @26-11-2021 01:49:39.0075 AM
[ReportManager] Assertion [ValidateElementAttribute] PASSED. Expected [Value Should be 'AutomaTion' for the 'text' attribute, element locator 'By.name: q'] and Actual [AUTOMATION]. Comparison Type [CASE_INSENSITIVE]. Validation Type [POSITIVE]. @26-11-2021 01:49:39.0236 AM
[ReportManager] Successfully created attachment [Screenshot - 1637891379074_assertElementAttribute_true_caseInsensitiveComparison_expectedToPass_ValidateElementAttribute_passed] @26-11-2021 01:49:39.0237 A
[ReportManager] Browser Action [CloseCurrentWindow] successfully performed. @26-11-2021 01:49:39.0496 AM
[ReportManager] Successfully created attachment [Browser Action Test Data - CloseCurrentWindow - Actual Value] @26-11-2021 01:49:39.0496 A
[ReportManager] File Action [GetAbsolutePath] successfully performed. With the following test data [Relative Folder Path: "target/downloadedFiles/"]. @26-11-2021 01:49:39.0500 AM
[ReportManager] Attempting to run locally on: [Mac-64], [Safari], Headless Execution. @26-11-2021 01:49:39.0500 AM
[ReportManager] Successfully Opened Safari. @26-11-2021 01:49:40.0326 AM
[ReportManager] Initial window size: (800, 600) @26-11-2021 01:49:40.0347 AM
[ReportManager] Window size after SWD Maximize: (1176, 803) @26-11-2021 01:49:40.0376 AM
[ReportManager] Browser Action [MaximizeWindow] successfully performed. With the following test data [New screen size is now: (1176, 803)]. @26-11-2021 01:49:40.0377 AM
[ReportManager] Target URL: [https://www.google.com/ncr], and after redirection: [www.google.com] @26-11-2021 01:49:40.0377 AM
[ReportManager] Initial URL: [] @26-11-2021 01:49:40.0429 AM
[ReportManager] Browser Action [NavigateToURL] successfully performed. With the following test data [https://www.google.com/ncr]. @26-11-2021 01:49:42.0838 A

################################################################################################################################################
Starting Execution:	[39 out of 146] test cases in the current suite
Test Method:		[unitTests.tests_validations_assertions.assertElementAttribute_true_containsComparison_expectedToFail]
################################################################################################################################################
[ReportManager] Element Action [Type] successfully performed. With the following test data [Automation123]. @26-11-2021 01:49:42.0984 AM
[ReportManager] Element Action [GetText] successfully performed. With the following test data [Automation123]. @26-11-2021 01:49:43.0052 AM
[ReportManager] Loaded Shared OpenCV @26-11-2021 01:49:43.0126 AM
[ReportManager] Assertion [ValidateElementAttribute] FAILED. Expected [Value Should be 'Automation1234' for the 'text' attribute, element locator 'By.name: q'] and Actual [Automation123]. Comparison Type [CONTAINS]. Validation Type [POSITIVE]. @26-11-2021 01:49:43.0266 AM
[ReportManager] Successfully created attachment [Screenshot - 1637891383125_assertElementAttribute_true_containsComparison_expectedToFail_ValidateElementAttribute_failed] @26-11-2021 01:49:43.0268 A
[ReportManager] Browser Action [CloseCurrentWindow] successfully performed. @26-11-2021 01:49:43.0678 AM
[ReportManager] Successfully created attachment [Browser Action Test Data - CloseCurrentWindow - Actual Value] @26-11-2021 01:49:43.0679 A
[ReportManager] File Action [GetAbsolutePath] successfully performed. With the following test data [Relative Folder Path: "target/downloadedFiles/"]. @26-11-2021 01:49:43.0683 AM
[ReportManager] Attempting to run locally on: [Mac-64], [Safari], Headless Execution. @26-11-2021 01:49:43.0683 AM
[ReportManager] Successfully Opened Safari. @26-11-2021 01:49:44.0495 AM
[ReportManager] Initial window size: (800, 600) @26-11-2021 01:49:44.0522 AM
[ReportManager] Window size after SWD Maximize: (1176, 803) @26-11-2021 01:49:44.0550 AM
[ReportManager] Browser Action [MaximizeWindow] successfully performed. With the following test data [New screen size is now: (1176, 803)]. @26-11-2021 01:49:44.0551 AM
[ReportManager] Target URL: [https://www.google.com/ncr], and after redirection: [www.google.com] @26-11-2021 01:49:44.0551 AM
[ReportManager] Initial URL: [] @26-11-2021 01:49:44.0590 AM
[ReportManager] Browser Action [NavigateToURL] successfully performed. With the following test data [https://www.google.com/ncr]. @26-11-2021 01:49:46.0395 A

################################################################################################################################################
Starting Execution:	[40 out of 146] test cases in the current suite
Test Method:		[unitTests.tests_validations_assertions.assertElementAttribute_true_containsComparison_expectedToPass]
################################################################################################################################################
[ReportManager] Element Action [Type] successfully performed. With the following test data [Automation123]. @26-11-2021 01:49:46.0539 AM
[ReportManager] Element Action [GetText] successfully performed. With the following test data [Automation123]. @26-11-2021 01:49:46.0601 AM
[ReportManager] Loaded Shared OpenCV @26-11-2021 01:49:46.0681 AM
[ReportManager] Assertion [ValidateElementAttribute] PASSED. Expected [Value Should be 'Automation' for the 'text' attribute, element locator 'By.name: q'] and Actual [Automation123]. Comparison Type [CONTAINS]. Validation Type [POSITIVE]. @26-11-2021 01:49:46.0822 AM
[ReportManager] Successfully created attachment [Screenshot - 1637891386681_assertElementAttribute_true_containsComparison_expectedToPass_ValidateElementAttribute_passed] @26-11-2021 01:49:46.0823 A
[ReportManager] Browser Action [CloseCurrentWindow] successfully performed. @26-11-2021 01:49:47.0271 AM
[ReportManager] Successfully created attachment [Browser Action Test Data - CloseCurrentWindow - Actual Value] @26-11-2021 01:49:47.0271 A
[ReportManager] File Action [GetAbsolutePath] successfully performed. With the following test data [Relative Folder Path: "target/downloadedFiles/"]. @26-11-2021 01:49:47.0275 AM
[ReportManager] Attempting to run locally on: [Mac-64], [Safari], Headless Execution. @26-11-2021 01:49:47.0275 AM
[ReportManager] Successfully Opened Safari. @26-11-2021 01:49:48.0067 AM
[ReportManager] Initial window size: (800, 600) @26-11-2021 01:49:48.0087 AM
[ReportManager] Window size after SWD Maximize: (1176, 803) @26-11-2021 01:49:48.0115 AM
[ReportManager] Browser Action [MaximizeWindow] successfully performed. With the following test data [New screen size is now: (1176, 803)]. @26-11-2021 01:49:48.0116 AM
[ReportManager] Target URL: [https://www.google.com/ncr], and after redirection: [www.google.com] @26-11-2021 01:49:48.0116 AM
[ReportManager] Initial URL: [] @26-11-2021 01:49:48.0165 AM
[ReportManager] Browser Action [NavigateToURL] successfully performed. With the following test data [https://www.google.com/ncr]. @26-11-2021 01:49:50.0499 A

################################################################################################################################################
Starting Execution:	[41 out of 146] test cases in the current suite
Test Method:		[unitTests.tests_validations_assertions.assertElementAttribute_true_literalComparison_expectedToFail]
################################################################################################################################################
[ReportManager] Element Action [Type] successfully performed. With the following test data [Automation!@#$%^&*()_+{}[]\';/.,]. @26-11-2021 01:49:51.0010 AM
[ReportManager] Element Action [GetText] successfully performed. With the following test data [Automation!@#$%^&*()_+{}[]\';/.,]. @26-11-2021 01:49:51.0108 AM
[ReportManager] Loaded Shared OpenCV @26-11-2021 01:49:51.0210 AM
[ReportManager] Assertion [ValidateElementAttribute] FAILED. Expected [Value Should be 'Automation' for the 'text' attribute, element locator 'By.name: q'] and Actual [Automation!@#$%^&*()_+{}[]\';/.,]. Comparison Type [EQUALS]. Validation Type [POSITIVE]. @26-11-2021 01:49:51.0390 AM
[ReportManager] Successfully created attachment [Screenshot - 1637891391210_assertElementAttribute_true_literalComparison_expectedToFail_ValidateElementAttribute_failed] @26-11-2021 01:49:51.0392 A
[ReportManager] Browser Action [CloseCurrentWindow] successfully performed. @26-11-2021 01:49:51.0515 AM
[ReportManager] Successfully created attachment [Browser Action Test Data - CloseCurrentWindow - Actual Value] @26-11-2021 01:49:51.0516 A
[ReportManager] File Action [GetAbsolutePath] successfully performed. With the following test data [Relative Folder Path: "target/downloadedFiles/"]. @26-11-2021 01:49:51.0519 AM
[ReportManager] Attempting to run locally on: [Mac-64], [Safari], Headless Execution. @26-11-2021 01:49:51.0519 AM
[ReportManager] Successfully Opened Safari. @26-11-2021 01:49:52.0438 AM
[ReportManager] Initial window size: (800, 600) @26-11-2021 01:49:52.0467 AM
[ReportManager] Window size after SWD Maximize: (1176, 803) @26-11-2021 01:49:52.0488 AM
[ReportManager] Browser Action [MaximizeWindow] successfully performed. With the following test data [New screen size is now: (1176, 803)]. @26-11-2021 01:49:52.0488 AM
[ReportManager] Target URL: [https://www.google.com/ncr], and after redirection: [www.google.com] @26-11-2021 01:49:52.0488 AM
[ReportManager] Initial URL: [] @26-11-2021 01:49:52.0567 AM
[ReportManager] Browser Action [NavigateToURL] successfully performed. With the following test data [https://www.google.com/ncr]. @26-11-2021 01:49:54.0997 A

################################################################################################################################################
Starting Execution:	[42 out of 146] test cases in the current suite
Test Method:		[unitTests.tests_validations_assertions.assertElementAttribute_true_literalComparison_expectedToPass]
################################################################################################################################################
[ReportManager] Element Action [Type] successfully performed. With the following test data [Automation!@#$%^&*()_+{}[]\';/.,]. @26-11-2021 01:49:55.0264 AM
[ReportManager] Element Action [GetText] successfully performed. With the following test data [Automation!@#$%^&*()_+{}[]\';/.,]. @26-11-2021 01:49:55.0336 AM
[ReportManager] Loaded Shared OpenCV @26-11-2021 01:49:55.0400 AM
[ReportManager] Assertion [ValidateElementAttribute] PASSED. Expected [Value Should be 'Automation!@#$%^&*()_+{}[]\';/.,' for the 'text' attribute, element locator 'By.name: q'] and Actual [Automation!@#$%^&*()_+{}[]\';/.,]. Comparison Type [EQUALS]. Validation Type [POSITIVE]. @26-11-2021 01:49:55.0575 AM
[ReportManager] Successfully created attachment [Screenshot - 1637891395400_assertElementAttribute_true_literalComparison_expectedToPass_ValidateElementAttribute_passed] @26-11-2021 01:49:55.0577 A
[ReportManager] Browser Action [CloseCurrentWindow] successfully performed. @26-11-2021 01:49:56.0003 AM
[ReportManager] Successfully created attachment [Browser Action Test Data - CloseCurrentWindow - Actual Value] @26-11-2021 01:49:56.0003 A
[ReportManager] File Action [GetAbsolutePath] successfully performed. With the following test data [Relative Folder Path: "target/downloadedFiles/"]. @26-11-2021 01:49:56.0007 AM
[ReportManager] Attempting to run locally on: [Mac-64], [Safari], Headless Execution. @26-11-2021 01:49:56.0007 AM
[ReportManager] Successfully Opened Safari. @26-11-2021 01:49:56.0816 AM
[ReportManager] Initial window size: (800, 600) @26-11-2021 01:49:56.0827 AM
[ReportManager] Window size after SWD Maximize: (1176, 803) @26-11-2021 01:49:56.0846 AM
[ReportManager] Browser Action [MaximizeWindow] successfully performed. With the following test data [New screen size is now: (1176, 803)]. @26-11-2021 01:49:56.0846 AM
[ReportManager] Target URL: [https://www.google.com/ncr], and after redirection: [www.google.com] @26-11-2021 01:49:56.0846 AM
[ReportManager] Initial URL: [] @26-11-2021 01:49:56.0903 AM
[ReportManager] Browser Action [NavigateToURL] successfully performed. With the following test data [https://www.google.com/ncr]. @26-11-2021 01:49:58.0604 A

################################################################################################################################################
Starting Execution:	[43 out of 146] test cases in the current suite
Test Method:		[unitTests.tests_validations_assertions.assertElementAttribute_true_regexComparison_expectedToFail]
################################################################################################################################################
[ReportManager] Element Action [Type] successfully performed. With the following test data [Automation123]. @26-11-2021 01:49:58.0783 AM
[ReportManager] Element Action [GetText] successfully performed. With the following test data [Automation123]. @26-11-2021 01:49:58.0868 AM
[ReportManager] Loaded Shared OpenCV @26-11-2021 01:49:58.0949 AM
[ReportManager] Assertion [ValidateElementAttribute] FAILED. Expected [Value Should be 'Automation' for the 'text' attribute, element locator 'By.name: q'] and Actual [Automation123]. Comparison Type [MATCHES]. Validation Type [POSITIVE]. @26-11-2021 01:49:59.0110 AM
[ReportManager] Successfully created attachment [Screenshot - 1637891398949_assertElementAttribute_true_regexComparison_expectedToFail_ValidateElementAttribute_failed] @26-11-2021 01:49:59.0112 A
[ReportManager] Browser Action [CloseCurrentWindow] successfully performed. @26-11-2021 01:49:59.0436 AM
[ReportManager] Successfully created attachment [Browser Action Test Data - CloseCurrentWindow - Actual Value] @26-11-2021 01:49:59.0437 A
[ReportManager] File Action [GetAbsolutePath] successfully performed. With the following test data [Relative Folder Path: "target/downloadedFiles/"]. @26-11-2021 01:49:59.0441 AM
[ReportManager] Attempting to run locally on: [Mac-64], [Safari], Headless Execution. @26-11-2021 01:49:59.0441 AM
[ReportManager] An Exception Occured with this Message: Could not start a new session. Possible causes are invalid address of the remote server or browser start-up failure.. @26-11-2021 01:49:59.0804 AM
[ReportManager] Successfully created attachment [Exception Stack Trace - org.openqa.selenium.SessionNotCreatedException] @26-11-2021 01:49:59.0804 AM
[ReportManager] Driver Factory Action [createNewLocalDriverInstanceForSafari] failed. With the following test data [Failed to create a session on DESKTOP_SAFARI]. @26-11-2021 01:49:59.0805 A

################################################################################################################################################
Starting Execution:	[44 out of 146] test cases in the current suite
Test Method:		[unitTests.tests_validations_assertions.assertElementAttribute_true_regexComparison_expectedToPass]
###############################################################################################################################################



################################################################################################################################################
Starting Execution:	[45 out of 146] test cases in the current suite
Test Method:		[unitTests.tests_validations_assertions.assertElementAttribute_type_true_literalComparison_expectedToPass]
###############################################################################################################################################



################################################################################################################################################
Starting Execution:	[46 out of 146] test cases in the current suite
Test Method:		[unitTests.tests_validations_assertions.assertElementExists_false_expectedToFail]
###############################################################################################################################################



################################################################################################################################################
Starting Execution:	[47 out of 146] test cases in the current suite
Test Method:		[unitTests.tests_validations_assertions.assertElementExists_false_expectedToPass]
###############################################################################################################################################



################################################################################################################################################
Starting Execution:	[48 out of 146] test cases in the current suite
Test Method:		[unitTests.tests_validations_assertions.assertElementExists_false_multipleElementsFound_expectedToFail]
###############################################################################################################################################



################################################################################################################################################
Starting Execution:	[49 out of 146] test cases in the current suite
Test Method:		[unitTests.tests_validations_assertions.assertElementExists_true_expectedToFail]
###############################################################################################################################################



################################################################################################################################################
Starting Execution:	[50 out of 146] test cases in the current suite
Test Method:		[unitTests.tests_validations_assertions.assertElementExists_true_expectedToPass]
###############################################################################################################################################



################################################################################################################################################
Starting Execution:	[51 out of 146] test cases in the current suite
Test Method:		[unitTests.tests_validations_assertions.assertElementExists_true_multipleElementsFound_expectedToFail]
###############################################################################################################################################


################################################################################################################################################
Starting Execution:	[52 out of 146] test cases in the current suite
Test Method:		[unitTests.tests_validations_assertions.assertEquals_false_expectedToFail]
###############################################################################################################################################

################################################################################################################################################
Starting Execution:	[53 out of 146] test cases in the current suite
Test Method:		[unitTests.tests_validations_assertions.assertEquals_false_expectedToPass]
###############################################################################################################################################

################################################################################################################################################
Starting Execution:	[54 out of 146] test cases in the current suite
Test Method:		[unitTests.tests_validations_assertions.assertEquals_longCharacters]
###############################################################################################################################################

################################################################################################################################################
Starting Execution:	[55 out of 146] test cases in the current suite
Test Method:		[unitTests.tests_validations_assertions.assertEquals_longCharacters_Discreet]
###############################################################################################################################################

################################################################################################################################################
Starting Execution:	[56 out of 146] test cases in the current suite
Test Method:		[unitTests.tests_validations_assertions.assertEquals_true_expectedToFail]
###############################################################################################################################################

################################################################################################################################################
Starting Execution:	[57 out of 146] test cases in the current suite
Test Method:		[unitTests.tests_validations_assertions.assertEquals_true_expectedToPass]
Test Description:	[Assert that assertEquals works as expected when the two values are equal.]
###############################################################################################################################################

################################################################################################################################################
Starting Execution:	[58 out of 146] test cases in the current suite
Test Method:		[unitTests.tests_validations_assertions.assertEquals_true_expectedToPass__]
###############################################################################################################################################

################################################################################################################################################
Starting Execution:	[59 out of 146] test cases in the current suite
Test Method:		[unitTests.tests_validations_assertions.assertFileExists_false_expectedToFail]
###############################################################################################################################################

################################################################################################################################################
Starting Execution:	[60 out of 146] test cases in the current suite
Test Method:		[unitTests.tests_validations_assertions.assertFileExists_false_expectedToPass]
###############################################################################################################################################

################################################################################################################################################
Starting Execution:	[61 out of 146] test cases in the current suite
Test Method:		[unitTests.tests_validations_assertions.assertFileExists_true_expectedToFail]
###############################################################################################################################################

################################################################################################################################################
Starting Execution:	[62 out of 146] test cases in the current suite
Test Method:		[unitTests.tests_validations_assertions.assertFileExists_true_expectedToPass]
###############################################################################################################################################

################################################################################################################################################
Starting Execution:	[63 out of 146] test cases in the current suite
Test Method:		[unitTests.tests_validations_assertions.assertNull_false_expectedToFail]
###############################################################################################################################################

################################################################################################################################################
Starting Execution:	[64 out of 146] test cases in the current suite
Test Method:		[unitTests.tests_validations_assertions.assertNull_false_expectedToPass]
###############################################################################################################################################

################################################################################################################################################
Starting Execution:	[65 out of 146] test cases in the current suite
Test Method:		[unitTests.tests_validations_assertions.assertNull_true_expectedToFail]
###############################################################################################################################################

################################################################################################################################################
Starting Execution:	[66 out of 146] test cases in the current suite
Test Method:		[unitTests.tests_validations_assertions.assertNull_true_expectedToPass]
###############################################################################################################################################

################################################################################################################################################
Starting Execution:	[67 out of 146] test cases in the current suite
Test Method:		[unitTests.tests_restActions.getPostsAndAssertBodyForSpecificTitle]
################################################################################################################################################
[ReportManager] Response status code: [200], status line: [HTTP/1.1 200 OK] @26-11-2021 01:50:02.0572 AM
[ReportManager] Assertion Passed: Evaluating the actual response status code against the expected one... @26-11-2021 01:50:02.0577 AM
[ReportManager] Assertion [ValidateComparativeRelation] PASSED. Expected [200] and Actual [200]. Comparison Type [EQUALS]. Validation Type [POSITIVE]. @26-11-2021 01:50:02.0577 AM
[ReportManager] API Action [PerformRequest] successfully performed. With the following test data [Request Type: "GET" | Target Status Code: "200" | Service URL: "https://jsonplaceholder.typicode.com/posts" | Content Type: "*/*" | Response Time: "841ms"]. @26-11-2021 01:50:03.0530 AM
[ReportManager] Successfully created attachment [API Request - Specifications] @26-11-2021 01:50:03.0531 AM
[ReportManager] Successfully created attachment [API Response - JSON Body] @26-11-2021 01:50:03.0795 AM
[ReportManager] API Action [GetResponseJSONValueAsList] successfully performed. @26-11-2021 01:50:03.0826 AM
[ReportManager] API Action [GetResponseJSONValue] successfully performed. With the following test data [title]. @26-11-2021 01:50:03.0848 AM
[ReportManager] API Action [GetResponseJSONValue] successfully performed. With the following test data [title]. @26-11-2021 01:50:03.0863 AM
[ReportManager] API Action [GetResponseJSONValue] successfully performed. With the following test data [body]. @26-11-2021 01:50:03.0877 AM
[ReportManager] Assertion [ValidateEquals] PASSED. Expected [qui neque nisi nulla] and Actual [est rerum tempore vitae
sequi sint nihil reprehenderit dolor beatae ea dolores neque
fugiat blanditiis voluptate porro vel nihil molestiae ut reiciendis
qui aperiam non debitis possimus qui neque nisi nulla]. Comparison Type [CONTAINS]. Validation Type [POSITIVE]. @26-11-2021 01:50:03.0877 AM
[ReportManager] API Action [GetResponseJSONValue] successfully performed. With the following test data [title]. @26-11-2021 01:50:03.0892 AM
[ReportManager] API Action [GetResponseJSONValue] successfully performed. With the following test data [title]. @26-11-2021 01:50:03.0905 AM
[ReportManager] API Action [GetResponseJSONValue] successfully performed. With the following test data [title]. @26-11-2021 01:50:03.0918 AM
[ReportManager] API Action [GetResponseJSONValue] successfully performed. With the following test data [title]. @26-11-2021 01:50:03.0932 AM
[ReportManager] API Action [GetResponseJSONValue] successfully performed. With the following test data [title]. @26-11-2021 01:50:03.0947 AM
[ReportManager] API Action [GetResponseJSONValue] successfully performed. With the following test data [title]. @26-11-2021 01:50:03.0960 AM
[ReportManager] API Action [GetResponseJSONValue] successfully performed. With the following test data [title]. @26-11-2021 01:50:03.0973 AM
[ReportManager] API Action [GetResponseJSONValue] successfully performed. With the following test data [title]. @26-11-2021 01:50:03.0986 AM
[ReportManager] API Action [GetResponseJSONValue] successfully performed. With the following test data [title]. @26-11-2021 01:50:03.0998 AM
[ReportManager] API Action [GetResponseJSONValue] successfully performed. With the following test data [title]. @26-11-2021 01:50:04.0012 AM
[ReportManager] API Action [GetResponseJSONValue] successfully performed. With the following test data [title]. @26-11-2021 01:50:04.0026 AM
[ReportManager] API Action [GetResponseJSONValue] successfully performed. With the following test data [title]. @26-11-2021 01:50:04.0040 AM
[ReportManager] API Action [GetResponseJSONValue] successfully performed. With the following test data [title]. @26-11-2021 01:50:04.0053 AM
[ReportManager] API Action [GetResponseJSONValue] successfully performed. With the following test data [title]. @26-11-2021 01:50:04.0066 AM
[ReportManager] API Action [GetResponseJSONValue] successfully performed. With the following test data [title]. @26-11-2021 01:50:04.0079 AM
[ReportManager] API Action [GetResponseJSONValue] successfully performed. With the following test data [title]. @26-11-2021 01:50:04.0092 AM
[ReportManager] API Action [GetResponseJSONValue] successfully performed. With the following test data [title]. @26-11-2021 01:50:04.0105 AM
[ReportManager] API Action [GetResponseJSONValue] successfully performed. With the following test data [title]. @26-11-2021 01:50:04.0119 AM
[ReportManager] API Action [GetResponseJSONValue] successfully performed. With the following test data [title]. @26-11-2021 01:50:04.0132 AM
[ReportManager] API Action [GetResponseJSONValue] successfully performed. With the following test data [title]. @26-11-2021 01:50:04.0144 AM
[ReportManager] API Action [GetResponseJSONValue] successfully performed. With the following test data [title]. @26-11-2021 01:50:04.0156 AM
[ReportManager] API Action [GetResponseJSONValue] successfully performed. With the following test data [title]. @26-11-2021 01:50:04.0169 AM
[ReportManager] API Action [GetResponseJSONValue] successfully performed. With the following test data [title]. @26-11-2021 01:50:04.0181 AM
[ReportManager] API Action [GetResponseJSONValue] successfully performed. With the following test data [title]. @26-11-2021 01:50:04.0193 AM
[ReportManager] API Action [GetResponseJSONValue] successfully performed. With the following test data [title]. @26-11-2021 01:50:04.0205 AM
[ReportManager] API Action [GetResponseJSONValue] successfully performed. With the following test data [title]. @26-11-2021 01:50:04.0218 AM
[ReportManager] API Action [GetResponseJSONValue] successfully performed. With the following test data [title]. @26-11-2021 01:50:04.0230 AM
[ReportManager] API Action [GetResponseJSONValue] successfully performed. With the following test data [title]. @26-11-2021 01:50:04.0243 AM
[ReportManager] API Action [GetResponseJSONValue] successfully performed. With the following test data [title]. @26-11-2021 01:50:04.0255 AM
[ReportManager] API Action [GetResponseJSONValue] successfully performed. With the following test data [title]. @26-11-2021 01:50:04.0267 AM
[ReportManager] API Action [GetResponseJSONValue] successfully performed. With the following test data [title]. @26-11-2021 01:50:04.0278 AM
[ReportManager] API Action [GetResponseJSONValue] successfully performed. With the following test data [title]. @26-11-2021 01:50:04.0290 AM
[ReportManager] API Action [GetResponseJSONValue] successfully performed. With the following test data [title]. @26-11-2021 01:50:04.0302 AM
[ReportManager] API Action [GetResponseJSONValue] successfully performed. With the following test data [title]. @26-11-2021 01:50:04.0314 AM
[ReportManager] API Action [GetResponseJSONValue] successfully performed. With the following test data [title]. @26-11-2021 01:50:04.0326 AM
[ReportManager] API Action [GetResponseJSONValue] successfully performed. With the following test data [title]. @26-11-2021 01:50:04.0337 AM
[ReportManager] API Action [GetResponseJSONValue] successfully performed. With the following test data [title]. @26-11-2021 01:50:04.0349 AM
[ReportManager] API Action [GetResponseJSONValue] successfully performed. With the following test data [title]. @26-11-2021 01:50:04.0360 AM
[ReportManager] API Action [GetResponseJSONValue] successfully performed. With the following test data [title]. @26-11-2021 01:50:04.0372 AM
[ReportManager] API Action [GetResponseJSONValue] successfully performed. With the following test data [title]. @26-11-2021 01:50:04.0383 AM
[ReportManager] API Action [GetResponseJSONValue] successfully performed. With the following test data [title]. @26-11-2021 01:50:04.0395 AM
[ReportManager] API Action [GetResponseJSONValue] successfully performed. With the following test data [title]. @26-11-2021 01:50:04.0408 AM
[ReportManager] API Action [GetResponseJSONValue] successfully performed. With the following test data [title]. @26-11-2021 01:50:04.0420 AM
[ReportManager] API Action [GetResponseJSONValue] successfully performed. With the following test data [title]. @26-11-2021 01:50:04.0432 AM
[ReportManager] API Action [GetResponseJSONValue] successfully performed. With the following test data [title]. @26-11-2021 01:50:04.0444 AM
[ReportManager] API Action [GetResponseJSONValue] successfully performed. With the following test data [title]. @26-11-2021 01:50:04.0456 AM
[ReportManager] API Action [GetResponseJSONValue] successfully performed. With the following test data [title]. @26-11-2021 01:50:04.0467 AM
[ReportManager] API Action [GetResponseJSONValue] successfully performed. With the following test data [title]. @26-11-2021 01:50:04.0479 AM
[ReportManager] API Action [GetResponseJSONValue] successfully performed. With the following test data [title]. @26-11-2021 01:50:04.0491 AM
[ReportManager] API Action [GetResponseJSONValue] successfully performed. With the following test data [title]. @26-11-2021 01:50:04.0504 AM
[ReportManager] API Action [GetResponseJSONValue] successfully performed. With the following test data [title]. @26-11-2021 01:50:04.0533 AM
[ReportManager] API Action [GetResponseJSONValue] successfully performed. With the following test data [title]. @26-11-2021 01:50:04.0545 AM
[ReportManager] API Action [GetResponseJSONValue] successfully performed. With the following test data [title]. @26-11-2021 01:50:04.0558 AM
[ReportManager] API Action [GetResponseJSONValue] successfully performed. With the following test data [title]. @26-11-2021 01:50:04.0570 AM
[ReportManager] API Action [GetResponseJSONValue] successfully performed. With the following test data [title]. @26-11-2021 01:50:04.0582 AM
[ReportManager] API Action [GetResponseJSONValue] successfully performed. With the following test data [title]. @26-11-2021 01:50:04.0594 AM
[ReportManager] API Action [GetResponseJSONValue] successfully performed. With the following test data [title]. @26-11-2021 01:50:04.0606 AM
[ReportManager] API Action [GetResponseJSONValue] successfully performed. With the following test data [title]. @26-11-2021 01:50:04.0618 AM
[ReportManager] API Action [GetResponseJSONValue] successfully performed. With the following test data [title]. @26-11-2021 01:50:04.0630 AM
[ReportManager] API Action [GetResponseJSONValue] successfully performed. With the following test data [title]. @26-11-2021 01:50:04.0660 AM
[ReportManager] API Action [GetResponseJSONValue] successfully performed. With the following test data [title]. @26-11-2021 01:50:04.0672 AM
[ReportManager] API Action [GetResponseJSONValue] successfully performed. With the following test data [title]. @26-11-2021 01:50:04.0685 AM
[ReportManager] API Action [GetResponseJSONValue] successfully performed. With the following test data [title]. @26-11-2021 01:50:04.0696 AM
[ReportManager] API Action [GetResponseJSONValue] successfully performed. With the following test data [title]. @26-11-2021 01:50:04.0707 AM
[ReportManager] API Action [GetResponseJSONValue] successfully performed. With the following test data [title]. @26-11-2021 01:50:04.0718 AM
[ReportManager] API Action [GetResponseJSONValue] successfully performed. With the following test data [title]. @26-11-2021 01:50:04.0728 AM
[ReportManager] API Action [GetResponseJSONValue] successfully performed. With the following test data [title]. @26-11-2021 01:50:04.0740 AM
[ReportManager] API Action [GetResponseJSONValue] successfully performed. With the following test data [title]. @26-11-2021 01:50:04.0751 AM
[ReportManager] API Action [GetResponseJSONValue] successfully performed. With the following test data [title]. @26-11-2021 01:50:04.0762 AM
[ReportManager] API Action [GetResponseJSONValue] successfully performed. With the following test data [title]. @26-11-2021 01:50:04.0773 AM
[ReportManager] API Action [GetResponseJSONValue] successfully performed. With the following test data [title]. @26-11-2021 01:50:04.0784 AM
[ReportManager] API Action [GetResponseJSONValue] successfully performed. With the following test data [title]. @26-11-2021 01:50:04.0795 AM
[ReportManager] API Action [GetResponseJSONValue] successfully performed. With the following test data [title]. @26-11-2021 01:50:04.0807 AM
[ReportManager] API Action [GetResponseJSONValue] successfully performed. With the following test data [title]. @26-11-2021 01:50:04.0819 AM
[ReportManager] API Action [GetResponseJSONValue] successfully performed. With the following test data [title]. @26-11-2021 01:50:04.0830 AM
[ReportManager] API Action [GetResponseJSONValue] successfully performed. With the following test data [title]. @26-11-2021 01:50:04.0841 AM
[ReportManager] API Action [GetResponseJSONValue] successfully performed. With the following test data [title]. @26-11-2021 01:50:04.0852 AM
[ReportManager] API Action [GetResponseJSONValue] successfully performed. With the following test data [title]. @26-11-2021 01:50:04.0864 AM
[ReportManager] API Action [GetResponseJSONValue] successfully performed. With the following test data [title]. @26-11-2021 01:50:04.0875 AM
[ReportManager] API Action [GetResponseJSONValue] successfully performed. With the following test data [title]. @26-11-2021 01:50:04.0886 AM
[ReportManager] API Action [GetResponseJSONValue] successfully performed. With the following test data [title]. @26-11-2021 01:50:04.0897 AM
[ReportManager] API Action [GetResponseJSONValue] successfully performed. With the following test data [title]. @26-11-2021 01:50:04.0908 AM
[ReportManager] API Action [GetResponseJSONValue] successfully performed. With the following test data [title]. @26-11-2021 01:50:04.0919 AM
[ReportManager] API Action [GetResponseJSONValue] successfully performed. With the following test data [title]. @26-11-2021 01:50:04.0929 AM
[ReportManager] API Action [GetResponseJSONValue] successfully performed. With the following test data [title]. @26-11-2021 01:50:04.0941 AM
[ReportManager] API Action [GetResponseJSONValue] successfully performed. With the following test data [title]. @26-11-2021 01:50:04.0952 AM
[ReportManager] API Action [GetResponseJSONValue] successfully performed. With the following test data [title]. @26-11-2021 01:50:04.0962 AM
[ReportManager] API Action [GetResponseJSONValue] successfully performed. With the following test data [title]. @26-11-2021 01:50:04.0973 AM
[ReportManager] API Action [GetResponseJSONValue] successfully performed. With the following test data [title]. @26-11-2021 01:50:04.0984 AM
[ReportManager] API Action [GetResponseJSONValue] successfully performed. With the following test data [title]. @26-11-2021 01:50:04.0995 AM
[ReportManager] API Action [GetResponseJSONValue] successfully performed. With the following test data [title]. @26-11-2021 01:50:05.0006 AM
[ReportManager] API Action [GetResponseJSONValue] successfully performed. With the following test data [title]. @26-11-2021 01:50:05.0018 AM
[ReportManager] API Action [GetResponseJSONValue] successfully performed. With the following test data [title]. @26-11-2021 01:50:05.0029 AM
[ReportManager] API Action [GetResponseJSONValue] successfully performed. With the following test data [title]. @26-11-2021 01:50:05.0041 AM
[ReportManager] API Action [GetResponseJSONValue] successfully performed. With the following test data [title]. @26-11-2021 01:50:05.0051 AM
[ReportManager] API Action [GetResponseJSONValue] successfully performed. With the following test data [title]. @26-11-2021 01:50:05.0063 AM
[ReportManager] API Action [GetResponseJSONValue] successfully performed. With the following test data [title]. @26-11-2021 01:50:05.0075 AM
[ReportManager] API Action [GetResponseJSONValue] successfully performed. With the following test data [title]. @26-11-2021 01:50:05.0089 A

################################################################################################################################################
Starting Execution:	[68 out of 146] test cases in the current suite
Test Method:		[unitTests.tests_restActions.validateUserEmail]
################################################################################################################################################
[ReportManager] Response status code: [200], status line: [HTTP/1.1 200 OK] @26-11-2021 01:50:05.0152 AM
[ReportManager] Assertion Passed: Evaluating the actual response status code against the expected one... @26-11-2021 01:50:05.0153 AM
[ReportManager] Assertion [ValidateComparativeRelation] PASSED. Expected [200] and Actual [200]. Comparison Type [EQUALS]. Validation Type [POSITIVE]. @26-11-2021 01:50:05.0153 AM
[ReportManager] API Action [PerformRequest] successfully performed. With the following test data [Request Type: "GET" | Target Status Code: "200" | Service URL: "https://jsonplaceholder.typicode.com/users" | Content Type: "*/*" | Response Time: "53ms"]. @26-11-2021 01:50:05.0174 AM
[ReportManager] Successfully created attachment [API Request - Specifications] @26-11-2021 01:50:05.0175 AM
[ReportManager] Successfully created attachment [API Response - JSON Body] @26-11-2021 01:50:05.0175 AM
[ReportManager] Assertion [ValidateEquals] PASSED. Expected and Actual values are attached. Comparison Type [CONTAINS]. Validation Type [POSITIVE]. @26-11-2021 01:50:05.0176 AM
[ReportManager] Successfully created attachment [Validation Test Data - Expected Value] @26-11-2021 01:50:05.0176 AM
[ReportManager] Successfully created attachment [Validation Test Data - Actual Value] @26-11-2021 01:50:05.0177 AM
[ReportManager] API Action [GetResponseJSONValueAsList] successfully performed. With the following test data [$]. @26-11-2021 01:50:05.0184 AM
[ReportManager] API Action [GetResponseJSONValue] successfully performed. With the following test data [name]. @26-11-2021 01:50:05.0196 AM
[ReportManager] API Action [GetResponseJSONValue] successfully performed. With the following test data [email]. @26-11-2021 01:50:05.0206 AM
[ReportManager] Assertion [ValidateEquals] PASSED. Expected [Sincere@april.biz] and Actual [Sincere@april.biz]. Comparison Type [EQUALS]. Validation Type [POSITIVE]. @26-11-2021 01:50:05.0206 AM
[ReportManager] API Action [GetResponseJSONValue] successfully performed. With the following test data [name]. @26-11-2021 01:50:05.0217 AM
[ReportManager] API Action [GetResponseJSONValue] successfully performed. With the following test data [name]. @26-11-2021 01:50:05.0228 AM
[ReportManager] API Action [GetResponseJSONValue] successfully performed. With the following test data [name]. @26-11-2021 01:50:05.0240 AM
[ReportManager] API Action [GetResponseJSONValue] successfully performed. With the following test data [name]. @26-11-2021 01:50:05.0251 AM
[ReportManager] API Action [GetResponseJSONValue] successfully performed. With the following test data [name]. @26-11-2021 01:50:05.0262 AM
[ReportManager] API Action [GetResponseJSONValue] successfully performed. With the following test data [name]. @26-11-2021 01:50:05.0272 AM
[ReportManager] API Action [GetResponseJSONValue] successfully performed. With the following test data [name]. @26-11-2021 01:50:05.0283 AM
[ReportManager] API Action [GetResponseJSONValue] successfully performed. With the following test data [name]. @26-11-2021 01:50:05.0294 AM
[ReportManager] API Action [GetResponseJSONValue] successfully performed. With the following test data [name]. @26-11-2021 01:50:05.0305 A
[ReportManager] File Action [GetAbsolutePath] successfully performed. With the following test data [Relative Folder Path: "target/downloadedFiles/"]. @26-11-2021 01:50:05.0308 AM
[ReportManager] Attempting to run locally on: [Mac-64], [Safari], Headless Execution. @26-11-2021 01:50:05.0308 AM
[ReportManager] Successfully Opened Safari. @26-11-2021 01:50:06.0131 AM
[ReportManager] Initial window size: (800, 600) @26-11-2021 01:50:06.0158 AM
[ReportManager] Window size after SWD Maximize: (1176, 803) @26-11-2021 01:50:06.0174 AM
[ReportManager] Browser Action [MaximizeWindow] successfully performed. With the following test data [New screen size is now: (1176, 803)]. @26-11-2021 01:50:06.0174 A

################################################################################################################################################
Starting Execution:	[69 out of 146] test cases in the current suite
Test Method:		[testPackage01.Test_uploadFile.uploadFile_invisibleUploadInput]
################################################################################################################################################
[ReportManager] Target URL: [https://fineuploader.com/demos.html#gallery-view] @26-11-2021 01:50:06.0177 AM
[ReportManager] Initial URL: [] @26-11-2021 01:50:06.0258 AM
[ReportManager] Browser Action [NavigateToURL] successfully performed. With the following test data [https://fineuploader.com/demos.html#gallery-view]. @26-11-2021 01:50:07.0959 AM
[ReportManager] File Action [GetAbsolutePath] successfully performed. With the following test data [Relative File Path: "src/main/resources/images/shaft.png"]. @26-11-2021 01:50:07.0959 AM
[ReportManager] Successfully created attachment [File Action Actual Result - Command Log] @26-11-2021 01:50:08.0009 AM
[ReportManager] Element Action [TypeFileLocationForUpload] successfully performed. With the following test data [/Users/runner/work/SHAFT_ENGINE/SHAFT_ENGINE/src/main/resources/images/shaft.png]. @26-11-2021 01:50:08.0088 AM
[ReportManager] Attempting to getAttribute [src] from elementLocator [By.xpath: //div[@id='fine-uploader-gallery']//div[@class='qq-thumbnail-wrapper']/img]. @26-11-2021 01:50:08.0091 AM
[ReportManager] Element Action [GetAttribute] successfully performed. @26-11-2021 01:50:08.0175 AM
[ReportManager] Successfully created attachment [Element Action Test Data - GetAttribute - Actual Value] @26-11-2021 01:50:08.0177 AM
[ReportManager] Loaded Shared OpenCV @26-11-2021 01:50:08.0281 AM
[ReportManager] Assertion Passed: Then I Assert that the element found by [By.xpath: //div[@id='fine-uploader-gallery']//div[@class='qq-thumbnail-wrapper']/img] attribute [src] contains [data:image/png;base64]. @26-11-2021 01:50:08.0436 AM
[ReportManager] Successfully created attachment [Validation Test Data - Expected Value] @26-11-2021 01:50:08.0437 AM
[ReportManager] Successfully created attachment [Validation Test Data - Actual Value] @26-11-2021 01:50:08.0437 AM
[ReportManager] Successfully created attachment [Screenshot - 1637891408281_uploadFile_invisibleUploadInput_ValidateElementAttribute_passed] @26-11-2021 01:50:08.0439 AM
[ReportManager] Assertion [ValidateElementAttribute] PASSED. Expected and Actual values are attached. Comparison Type [CONTAINS]. Validation Type [POSITIVE]. @26-11-2021 01:50:08.0439 A
[ReportManager] Browser Action [CloseCurrentWindow] successfully performed. @26-11-2021 01:50:08.0752 AM
[ReportManager] Successfully created attachment [Browser Action Test Data - CloseCurrentWindow - Actual Value] @26-11-2021 01:50:08.0753 A
[ReportManager] File Action [GetAbsolutePath] successfully performed. With the following test data [Relative Folder Path: "target/downloadedFiles/"]. @26-11-2021 01:50:08.0759 AM
[ReportManager] Attempting to run locally on: [Mac-64], [Safari], Headless Execution. @26-11-2021 01:50:08.0759 AM
[ReportManager] Successfully Opened Safari. @26-11-2021 01:50:09.0701 AM
[ReportManager] Initial window size: (800, 600) @26-11-2021 01:50:09.0728 AM
[ReportManager] Window size after SWD Maximize: (1176, 803) @26-11-2021 01:50:09.0752 AM
[ReportManager] Browser Action [MaximizeWindow] successfully performed. With the following test data [New screen size is now: (1176, 803)]. @26-11-2021 01:50:09.0752 A

################################################################################################################################################
Starting Execution:	[70 out of 146] test cases in the current suite
Test Method:		[testPackage01.Test_uploadFile.uploadFile_visibleUploadInput]
################################################################################################################################################
[ReportManager] Target URL: [http://demo.guru99.com/test/upload/] @26-11-2021 01:50:09.0755 AM
[ReportManager] Initial URL: [] @26-11-2021 01:50:09.0831 AM
[ReportManager] Browser Action [NavigateToURL] successfully performed. With the following test data [http://demo.guru99.com/test/upload/]. @26-11-2021 01:50:11.0796 AM
[ReportManager] File Action [GetAbsolutePath] successfully performed. With the following test data [Relative Folder Path: "src/main/resources/images/shaft.png"]. @26-11-2021 01:50:11.0797 AM
[ReportManager] Element Action [TypeFileLocationForUpload] successfully performed. With the following test data [/Users/runner/work/SHAFT_ENGINE/SHAFT_ENGINE/src/main/resources/images/shaft.png]. @26-11-2021 01:50:11.0855 AM
[ReportManager] Element Action [Click] successfully performed. With the following test data [By.id: terms]. @26-11-2021 01:50:12.0079 AM
[ReportManager] Element Action [Click] successfully performed. With the following test data [By.id: submitbutton]. @26-11-2021 01:50:12.0361 AM
[ReportManager] Element Action [GetText] successfully performed. With the following test data [1 file has been successfully uploaded.]. @26-11-2021 01:50:12.0960 AM
[ReportManager] Loaded Shared OpenCV @26-11-2021 01:50:13.0044 AM
[ReportManager] Assertion Passed: Then I Assert that the element found by [By.id: res] attribute [Text] contains [1 file]. @26-11-2021 01:50:13.0196 AM
[ReportManager] Successfully created attachment [Screenshot - 1637891413044_uploadFile_visibleUploadInput_ValidateElementAttribute_passed] @26-11-2021 01:50:13.0197 AM
[ReportManager] Assertion [ValidateElementAttribute] PASSED. Expected [Value Should be '1 file' for the 'Text' attribute, element locator 'By.id: res'] and Actual [1 file has been successfully uploaded.]. Comparison Type [CONTAINS]. Validation Type [POSITIVE]. @26-11-2021 01:50:13.0197 A
[ReportManager] Browser Action [CloseCurrentWindow] successfully performed. @26-11-2021 01:50:13.0607 AM
[ReportManager] Successfully created attachment [Browser Action Test Data - CloseCurrentWindow - Actual Value] @26-11-2021 01:50:13.0608 A

################################################################################################################################################
Starting Execution:	[71 out of 146] test cases in the current suite
Test Method:		[testPackage01.Test_AssertApiResponseEquals.assertApiResponseEquals_expectedToPass]
################################################################################################################################################
[ReportManager] Response status code: [200], status line: [HTTP/1.1 200 OK] @26-11-2021 01:50:13.0680 AM
[ReportManager] Assertion Passed: Evaluating the actual response status code against the expected one... @26-11-2021 01:50:13.0680 AM
[ReportManager] Assertion [ValidateComparativeRelation] PASSED. Expected [200] and Actual [200]. Comparison Type [EQUALS]. Validation Type [POSITIVE]. @26-11-2021 01:50:13.0681 AM
[ReportManager] API Action [PerformRequest] successfully performed. With the following test data [Request Type: "GET" | Target Status Code: "200" | Service URL: "https://jsonplaceholder.typicode.com/users" | Content Type: "*/*" | Response Time: "63ms"]. @26-11-2021 01:50:13.0728 AM
[ReportManager] Successfully created attachment [API Request - Specifications] @26-11-2021 01:50:13.0729 AM
[ReportManager] Successfully created attachment [API Response - JSON Body] @26-11-2021 01:50:13.0730 AM
[ReportManager] API Action [GetResponseJSONValueAsList] successfully performed. With the following test data [$]. @26-11-2021 01:50:13.0742 AM
[ReportManager] API Action [GetResponseJSONValue] successfully performed. With the following test data [name]. @26-11-2021 01:50:13.0763 AM
[ReportManager] API Action [GetResponseJSONValue] successfully performed. With the following test data [email]. @26-11-2021 01:50:13.0782 AM
[ReportManager] Verification [ValidateEquals] PASSED. Expected [Sincere@april.biz] and Actual [Sincere@april.biz]. Comparison Type [EQUALS]. Validation Type [POSITIVE]. @26-11-2021 01:50:13.0783 AM
[ReportManager] API Action [GetResponseJSONValue] successfully performed. With the following test data [username]. @26-11-2021 01:50:13.0797 AM
[ReportManager] Assertion [ValidateEquals] PASSED. Expected [Bret] and Actual [Bret]. Comparison Type [EQUALS]. Validation Type [POSITIVE]. @26-11-2021 01:50:13.0798 AM
[ReportManager] API Action [GetResponseJSONValue] successfully performed. With the following test data [name]. @26-11-2021 01:50:13.0811 AM
[ReportManager] API Action [GetResponseJSONValue] successfully performed. With the following test data [name]. @26-11-2021 01:50:13.0826 AM
[ReportManager] API Action [GetResponseJSONValue] successfully performed. With the following test data [name]. @26-11-2021 01:50:13.0844 AM
[ReportManager] API Action [GetResponseJSONValue] successfully performed. With the following test data [name]. @26-11-2021 01:50:13.0857 AM
[ReportManager] API Action [GetResponseJSONValue] successfully performed. With the following test data [name]. @26-11-2021 01:50:13.0873 AM
[ReportManager] API Action [GetResponseJSONValue] successfully performed. With the following test data [name]. @26-11-2021 01:50:13.0895 AM
[ReportManager] API Action [GetResponseJSONValue] successfully performed. With the following test data [name]. @26-11-2021 01:50:13.0909 AM
[ReportManager] API Action [GetResponseJSONValue] successfully performed. With the following test data [name]. @26-11-2021 01:50:13.0923 AM
[ReportManager] API Action [GetResponseJSONValue] successfully performed. With the following test data [name]. @26-11-2021 01:50:13.0937 A

################################################################################################################################################
Starting Execution:	[72 out of 146] test cases in the current suite
Test Method:		[testPackage01.Test_testData.f]
################################################################################################################################################
[ReportManager] Successfully loaded the following test data file [src/test/resources/testDataFiles/testSuite01/TestData.xlsx]. @26-11-2021 01:50:14.0011 AM
[ReportManager] Successfully created attachment [Test Data - Excel] @26-11-2021 01:50:14.0012 AM
[ReportManager] Last Column Number is: [3]. Zero-based. @26-11-2021 01:50:14.0012 A

################################################################################################################################################
Starting Execution:	[73 out of 146] test cases in the current suite
Test Method:		[testPackage01.Test_PDF.testPDF1]
################################################################################################################################################
[ReportManager] File Action [DoesFileExist] successfully performed. With the following test data [File Path: "src/test/resources/testDataFiles/sample.pdf"]. @26-11-2021 01:50:14.0022 AM
[ReportManager] File Action [GetAbsolutePath] successfully performed. With the following test data [Relative Folder Path: "src/test/resources/testDataFiles/sample.pdf"]. @26-11-2021 01:50:14.0023 AM
[ReportManager] Assertion Passed: Checking to see that the pdf file contains [A Simple PDF File] @26-11-2021 01:50:18.0624 AM
[ReportManager] Successfully created attachment [Validation Test Data - Expected Value] @26-11-2021 01:50:18.0625 AM
[ReportManager] Successfully created attachment [Validation Test Data - Actual Value] @26-11-2021 01:50:18.0626 AM
[ReportManager] Assertion [ValidateEquals] PASSED. Expected and Actual values are attached. Comparison Type [CONTAINS]. Validation Type [POSITIVE]. @26-11-2021 01:50:18.0626 A

################################################################################################################################################
Starting Execution:	[74 out of 146] test cases in the current suite
Test Method:		[testPackage01.Test_PDF.testPDF2]
################################################################################################################################################
[ReportManager] File Action [DoesFileExist] successfully performed. With the following test data [File Path: "src/test/resources/testDataFiles/sample.pdf"]. @26-11-2021 01:50:18.0632 AM
[ReportManager] File Action [GetAbsolutePath] successfully performed. With the following test data [Relative Folder Path: "src/test/resources/testDataFiles/sample.pdf"]. @26-11-2021 01:50:18.0632 AM
[ReportManager] Assertion Passed: Checking to see that the pdf file contains [A Simple PDF File] @26-11-2021 01:50:18.0647 AM
[ReportManager] Successfully created attachment [Validation Test Data - Expected Value] @26-11-2021 01:50:18.0648 AM
[ReportManager] Successfully created attachment [Validation Test Data - Actual Value] @26-11-2021 01:50:18.0648 AM
[ReportManager] Assertion [ValidateEquals] PASSED. Expected and Actual values are attached. Comparison Type [CONTAINS]. Validation Type [POSITIVE]. @26-11-2021 01:50:18.0648 A
[ReportManager] File Action [GetAbsolutePath] successfully performed. With the following test data [Relative Folder Path: "target/downloadedFiles/"]. @26-11-2021 01:50:18.0651 AM
[ReportManager] Attempting to run locally on: [Mac-64], [Safari], Headless Execution. @26-11-2021 01:50:18.0651 AM
[ReportManager] Successfully Opened Safari. @26-11-2021 01:50:19.0482 AM
[ReportManager] Initial window size: (800, 600) @26-11-2021 01:50:19.0506 AM
[ReportManager] Window size after SWD Maximize: (1176, 803) @26-11-2021 01:50:19.0521 AM
[ReportManager] Browser Action [MaximizeWindow] successfully performed. With the following test data [New screen size is now: (1176, 803)]. @26-11-2021 01:50:19.0522 A

################################################################################################################################################
Starting Execution:	[75 out of 146] test cases in the current suite
Test Method:		[testPackage01.Test_ShadowDOM.shadowdom]
################################################################################################################################################
[ReportManager] Target URL: [https://mdn.github.io/web-components-examples/popup-info-box-web-component/] @26-11-2021 01:50:19.0525 AM
[ReportManager] Initial URL: [] @26-11-2021 01:50:19.0612 AM
[ReportManager] Browser Action [NavigateToURL] successfully performed. With the following test data [https://mdn.github.io/web-components-examples/popup-info-box-web-component/]. @26-11-2021 01:50:20.0061 AM
[ReportManager] Element Action [Type] successfully performed. With the following test data [Typing into SHADOW DOM...]. @26-11-2021 01:50:20.0656 AM
[ReportManager] Element Action [GetText] successfully performed. With the following test data [Typing into SHADOW DOM...]. @26-11-2021 01:50:20.0768 AM
[ReportManager] Loaded Shared OpenCV @26-11-2021 01:50:20.0825 AM
[ReportManager] Assertion [ValidateElementAttribute] PASSED. Expected [Value Should be 'Typing into SHADOW DOM...' for the 'Text' attribute, element locator 'By.id: cvc'] and Actual [Typing into SHADOW DOM...]. Comparison Type [EQUALS]. Validation Type [POSITIVE]. @26-11-2021 01:50:21.0166 AM
[ReportManager] Successfully created attachment [Screenshot - 1637891420825_shadowdom_ValidateElementAttribute_passed] @26-11-2021 01:50:21.0167 A
[ReportManager] Browser Action [CloseCurrentWindow] successfully performed. @26-11-2021 01:50:21.0609 AM
[ReportManager] Successfully created attachment [Browser Action Test Data - CloseCurrentWindow - Actual Value] @26-11-2021 01:50:21.0609 A
[ReportManager] File Action [GetAbsolutePath] successfully performed. With the following test data [Relative Folder Path: "target/downloadedFiles/"]. @26-11-2021 01:50:21.0611 AM
[ReportManager] Attempting to run locally on: [Mac-64], [Safari], Headless Execution. @26-11-2021 01:50:21.0611 AM
[ReportManager] Successfully Opened Safari. @26-11-2021 01:50:22.0811 AM
[ReportManager] Initial window size: (800, 600) @26-11-2021 01:50:22.0851 AM
[ReportManager] Window size after SWD Maximize: (1176, 803) @26-11-2021 01:50:22.0887 AM
[ReportManager] Browser Action [MaximizeWindow] successfully performed. With the following test data [New screen size is now: (1176, 803)]. @26-11-2021 01:50:22.0888 A

################################################################################################################################################
Starting Execution:	[76 out of 146] test cases in the current suite
Test Method:		[testPackage01.Test_clipboardActions.typeTextAndCopyPaste]
################################################################################################################################################
[ReportManager] Target URL: [https://www.google.com/ncr], and after redirection: [https://www.google.com] @26-11-2021 01:50:22.0891 AM
[ReportManager] Initial URL: [] @26-11-2021 01:50:22.0938 AM
[ReportManager] Browser Action [NavigateToURL] successfully performed. With the following test data [https://www.google.com/ncr]. @26-11-2021 01:50:25.0249 AM
[ReportManager] Element Action [Type] successfully performed. With the following test data [FIRST]. @26-11-2021 01:50:25.0366 A
[ReportManager] Browser Action [CloseCurrentWindow] successfully performed. @26-11-2021 01:50:25.0742 AM
[ReportManager] Successfully created attachment [Browser Action Test Data - CloseCurrentWindow - Actual Value] @26-11-2021 01:50:25.0743 A

################################################################################################################################################
Starting Execution:	[77 out of 146] test cases in the current suite
Test Method:		[testPackage01.Test_NewValidationHelper.f1]
################################################################################################################################################
[ReportManager] Assertion Passed: Checking valid user data @26-11-2021 01:50:25.0747 AM
[ReportManager] Successfully created attachment [Validation Test Data - Expected Value] @26-11-2021 01:50:25.0748 AM
[ReportManager] Successfully created attachment [Validation Test Data - Actual Value] @26-11-2021 01:50:25.0749 AM
[ReportManager] Assertion [ValidateEquals] PASSED. Expected and Actual values are attached. Comparison Type [EQUALS]. Validation Type [POSITIVE]. @26-11-2021 01:50:25.0749 A
[ReportManager] File Action [GetAbsolutePath] successfully performed. With the following test data [Relative Folder Path: "target/downloadedFiles/"]. @26-11-2021 01:50:25.0751 AM
[ReportManager] Attempting to run locally on: [Mac-64], [Safari], Headless Execution. @26-11-2021 01:50:25.0751 AM
[ReportManager] Successfully Opened Safari. @26-11-2021 01:50:26.0587 AM
[ReportManager] Initial window size: (800, 600) @26-11-2021 01:50:26.0612 AM
[ReportManager] Window size after SWD Maximize: (1176, 803) @26-11-2021 01:50:26.0643 AM
[ReportManager] Browser Action [MaximizeWindow] successfully performed. With the following test data [New screen size is now: (1176, 803)]. @26-11-2021 01:50:26.0643 AM
[ReportManager] Target URL: [https://the-internet.herokuapp.com/] @26-11-2021 01:50:26.0643 AM
[ReportManager] Initial URL: [] @26-11-2021 01:50:26.0697 AM
[ReportManager] Browser Action [NavigateToURL] successfully performed. With the following test data [https://the-internet.herokuapp.com/]. @26-11-2021 01:50:27.0841 A

################################################################################################################################################
Starting Execution:	[78 out of 146] test cases in the current suite
Test Method:		[testPackage01.Test_NewValidationHelper.f10]
################################################################################################################################################
[ReportManager] Loaded Shared OpenCV @26-11-2021 01:50:27.0936 AM
[ReportManager] Assertion [ValidateElementExists] FAILED. Expected [Element Should Exist, locator 'By.tagName: div'] and Actual [Element Exists but is not unique]. Comparison Type [EQUALS]. Validation Type [POSITIVE]. @26-11-2021 01:50:28.0072 AM
[ReportManager] Successfully created attachment [Screenshot - 1637891427936_f10_ValidateElementExists_failed] @26-11-2021 01:50:28.0073 A
[ReportManager] Successfully Closed All Drivers. @26-11-2021 01:50:28.0327 A
[ReportManager] File Action [GetAbsolutePath] successfully performed. With the following test data [Relative Folder Path: "target/downloadedFiles/"]. @26-11-2021 01:50:28.0329 AM
[ReportManager] Attempting to run locally on: [Mac-64], [Safari], Headless Execution. @26-11-2021 01:50:28.0329 AM
[ReportManager] An Exception Occured with this Message: Could not start a new session. Possible causes are invalid address of the remote server or browser start-up failure.. @26-11-2021 01:50:28.0508 AM
[ReportManager] Successfully created attachment [Exception Stack Trace - org.openqa.selenium.SessionNotCreatedException] @26-11-2021 01:50:28.0509 AM
[ReportManager] Driver Factory Action [createNewLocalDriverInstanceForSafari] failed. With the following test data [Failed to create a session on DESKTOP_SAFARI]. @26-11-2021 01:50:28.0509 A

################################################################################################################################################
Starting Execution:	[79 out of 146] test cases in the current suite
Test Method:		[testPackage01.Test_NewValidationHelper.f11]
###############################################################################################################################################



################################################################################################################################################
Starting Execution:	[80 out of 146] test cases in the current suite
Test Method:		[testPackage01.Test_NewValidationHelper.f12]
###############################################################################################################################################



################################################################################################################################################
Starting Execution:	[81 out of 146] test cases in the current suite
Test Method:		[testPackage01.Test_NewValidationHelper.f13]
###############################################################################################################################################



################################################################################################################################################
Starting Execution:	[82 out of 146] test cases in the current suite
Test Method:		[testPackage01.Test_NewValidationHelper.f14]
###############################################################################################################################################



################################################################################################################################################
Starting Execution:	[83 out of 146] test cases in the current suite
Test Method:		[testPackage01.Test_NewValidationHelper.f15]
###############################################################################################################################################



################################################################################################################################################
Starting Execution:	[84 out of 146] test cases in the current suite
Test Method:		[testPackage01.Test_NewValidationHelper.f16]
###############################################################################################################################################



################################################################################################################################################
Starting Execution:	[85 out of 146] test cases in the current suite
Test Method:		[testPackage01.Test_NewValidationHelper.f17]
###############################################################################################################################################



################################################################################################################################################
Starting Execution:	[86 out of 146] test cases in the current suite
Test Method:		[testPackage01.Test_NewValidationHelper.f18]
###############################################################################################################################################


################################################################################################################################################
Starting Execution:	[87 out of 146] test cases in the current suite
Test Method:		[testPackage01.Test_NewValidationHelper.f2]
###############################################################################################################################################


################################################################################################################################################
Starting Execution:	[88 out of 146] test cases in the current suite
Test Method:		[testPackage01.Test_NewValidationHelper.f20]
###############################################################################################################################################



################################################################################################################################################
Starting Execution:	[89 out of 146] test cases in the current suite
Test Method:		[testPackage01.Test_NewValidationHelper.f21]
###############################################################################################################################################



################################################################################################################################################
Starting Execution:	[90 out of 146] test cases in the current suite
Test Method:		[testPackage01.Test_NewValidationHelper.f22]
###############################################################################################################################################


################################################################################################################################################
Starting Execution:	[91 out of 146] test cases in the current suite
Test Method:		[testPackage01.Test_NewValidationHelper.f23]
###############################################################################################################################################

################################################################################################################################################
Starting Execution:	[92 out of 146] test cases in the current suite
Test Method:		[testPackage01.Test_NewValidationHelper.f24]
###############################################################################################################################################

################################################################################################################################################
Starting Execution:	[93 out of 146] test cases in the current suite
Test Method:		[testPackage01.Test_NewValidationHelper.f25]
###############################################################################################################################################

################################################################################################################################################
Starting Execution:	[94 out of 146] test cases in the current suite
Test Method:		[testPackage01.Test_NewValidationHelper.f26]
###############################################################################################################################################

################################################################################################################################################
Starting Execution:	[95 out of 146] test cases in the current suite
Test Method:		[testPackage01.Test_NewValidationHelper.f27]
###############################################################################################################################################

################################################################################################################################################
Starting Execution:	[96 out of 146] test cases in the current suite
Test Method:		[testPackage01.Test_NewValidationHelper.f28]
###############################################################################################################################################

################################################################################################################################################
Starting Execution:	[97 out of 146] test cases in the current suite
Test Method:		[testPackage01.Test_NewValidationHelper.f29]
###############################################################################################################################################

################################################################################################################################################
Starting Execution:	[98 out of 146] test cases in the current suite
Test Method:		[testPackage01.Test_NewValidationHelper.f3]
###############################################################################################################################################

################################################################################################################################################
Starting Execution:	[99 out of 146] test cases in the current suite
Test Method:		[testPackage01.Test_NewValidationHelper.f30]
###############################################################################################################################################

################################################################################################################################################
Starting Execution:	[100 out of 146] test cases in the current suite
Test Method:		[testPackage01.Test_NewValidationHelper.f31]
###############################################################################################################################################

################################################################################################################################################
Starting Execution:	[101 out of 146] test cases in the current suite
Test Method:		[testPackage01.Test_NewValidationHelper.f32]
###############################################################################################################################################

################################################################################################################################################
Starting Execution:	[102 out of 146] test cases in the current suite
Test Method:		[testPackage01.Test_NewValidationHelper.f33]
###############################################################################################################################################

################################################################################################################################################
Starting Execution:	[103 out of 146] test cases in the current suite
Test Method:		[testPackage01.Test_NewValidationHelper.f34]
###############################################################################################################################################

################################################################################################################################################
Starting Execution:	[104 out of 146] test cases in the current suite
Test Method:		[testPackage01.Test_NewValidationHelper.f35]
###############################################################################################################################################

################################################################################################################################################
Starting Execution:	[105 out of 146] test cases in the current suite
Test Method:		[testPackage01.Test_NewValidationHelper.f36]
###############################################################################################################################################

################################################################################################################################################
Starting Execution:	[106 out of 146] test cases in the current suite
Test Method:		[testPackage01.Test_NewValidationHelper.f37]
###############################################################################################################################################

################################################################################################################################################
Starting Execution:	[107 out of 146] test cases in the current suite
Test Method:		[testPackage01.Test_NewValidationHelper.f3_1]
###############################################################################################################################################

################################################################################################################################################
Starting Execution:	[108 out of 146] test cases in the current suite
Test Method:		[testPackage01.Test_NewValidationHelper.f4]
###############################################################################################################################################

################################################################################################################################################
Starting Execution:	[109 out of 146] test cases in the current suite
Test Method:		[testPackage01.Test_NewValidationHelper.f5]
###############################################################################################################################################

################################################################################################################################################
Starting Execution:	[110 out of 146] test cases in the current suite
Test Method:		[testPackage01.Test_NewValidationHelper.f6]
###############################################################################################################################################

################################################################################################################################################
Starting Execution:	[111 out of 146] test cases in the current suite
Test Method:		[testPackage01.Test_NewValidationHelper.f6_1]
###############################################################################################################################################

################################################################################################################################################
Starting Execution:	[112 out of 146] test cases in the current suite
Test Method:		[testPackage01.Test_NewValidationHelper.f6_2]
###############################################################################################################################################

################################################################################################################################################
Starting Execution:	[113 out of 146] test cases in the current suite
Test Method:		[testPackage01.Test_NewValidationHelper.f7]
###############################################################################################################################################


################################################################################################################################################
Starting Execution:	[114 out of 146] test cases in the current suite
Test Method:		[testPackage01.Test_NewValidationHelper.f8]
###############################################################################################################################################



################################################################################################################################################
Starting Execution:	[115 out of 146] test cases in the current suite
Test Method:		[testPackage01.Test_NewValidationHelper.f9]
###############################################################################################################################################


################################################################################################################################################
Starting Execution:	[116 out of 146] test cases in the current suite
Test Method:		[testPackage01.Test_NewValidationHelper.forceFail]
###############################################################################################################################################

################################################################################################################################################
Starting Execution:	[117 out of 146] test cases in the current suite
Test Method:		[testPackage01.Test_NewValidationHelper.forceFail2]
###############################################################################################################################################

################################################################################################################################################
Starting Execution:	[118 out of 146] test cases in the current suite
Test Method:		[testPackage01.Test_JsonActions.f]
###############################################################################################################################################

################################################################################################################################################
Starting Execution:	[119 out of 146] test cases in the current suite
Test Method:		[testPackage01.Test_JsonActions.f2]
###############################################################################################################################################

################################################################################################################################################
Starting Execution:	[120 out of 146] test cases in the current suite
Test Method:		[testPackage01.Test_sendGraphqlRequest.sendGraphqlRequestUsingMutationAndVariables]
################################################################################################################################################
[ReportManager] GraphQl Request is being Performed with the Following Parameters [Service URL: https://api.spacex.land/graphql | Request Body: {"variables":"{\"name\": \"sherlock holmes\",\"rocket\": \"221B Baker Street\"}","query":"mutation ($name: String, $rocket: String) {\n  insert_users(objects: {name: $name, rocket: $rocket}) {\n    returning {\n      name\n      rocket\n    }\n  }\n}"}] @26-11-2021 01:50:28.0776 AM
[ReportManager] Response status code: [200], status line: [HTTP/1.1 200 OK] @26-11-2021 01:50:33.0374 AM
[ReportManager] Assertion Passed: Evaluating the actual response status code against the expected one... @26-11-2021 01:50:33.0375 AM
[ReportManager] Assertion [ValidateComparativeRelation] PASSED. Expected [200] and Actual [200]. Comparison Type [EQUALS]. Validation Type [POSITIVE]. @26-11-2021 01:50:33.0375 AM
[ReportManager] API Action [PerformRequest] successfully performed. With the following test data [Request Type: "POST" | Target Status Code: "200" | Service URL: "https://api.spacex.land/graphql" | Content Type: "application/json" | Response Time: "4512ms"]. @26-11-2021 01:50:33.0407 AM
[ReportManager] Successfully created attachment [API Request - Specifications] @26-11-2021 01:50:33.0408 AM
[ReportManager] Successfully created attachment [API Request - JSON Body] @26-11-2021 01:50:33.0409 AM
[ReportManager] Successfully created attachment [API Response - JSON Body] @26-11-2021 01:50:33.0409 AM
[ReportManager] API Action [GetResponseJSONValue] successfully performed. With the following test data [data.insert_users.returning[0].name]. @26-11-2021 01:50:33.0455 AM
[ReportManager] Assertion [ValidateEquals] PASSED. Expected [sherlock holmes] and Actual [sherlock holmes]. Comparison Type [EQUALS]. Validation Type [POSITIVE]. @26-11-2021 01:50:33.0455 A

################################################################################################################################################
Starting Execution:	[121 out of 146] test cases in the current suite
Test Method:		[testPackage01.Test_sendGraphqlRequest.sendGraphqlRequestUsingQuery]
################################################################################################################################################
[ReportManager] GraphQl Request is being Performed with the Following Parameters [Service URL: https://api.spacex.land/graphql | Request Body: {"query":"{company {ceo}}"}] @26-11-2021 01:50:33.0460 AM
[ReportManager] Response status code: [200], status line: [HTTP/1.1 200 OK] @26-11-2021 01:50:33.0729 AM
[ReportManager] Assertion Passed: Evaluating the actual response status code against the expected one... @26-11-2021 01:50:33.0730 AM
[ReportManager] Assertion [ValidateComparativeRelation] PASSED. Expected [200] and Actual [200]. Comparison Type [EQUALS]. Validation Type [POSITIVE]. @26-11-2021 01:50:33.0730 AM
[ReportManager] API Action [PerformRequest] successfully performed. With the following test data [Request Type: "POST" | Target Status Code: "200" | Service URL: "https://api.spacex.land/graphql" | Content Type: "application/json" | Response Time: "264ms"]. @26-11-2021 01:50:33.0744 AM
[ReportManager] Successfully created attachment [API Request - Specifications] @26-11-2021 01:50:33.0745 AM
[ReportManager] Successfully created attachment [API Request - JSON Body] @26-11-2021 01:50:33.0746 AM
[ReportManager] Successfully created attachment [API Response - JSON Body] @26-11-2021 01:50:33.0746 AM
[ReportManager] API Action [GetResponseJSONValue] successfully performed. With the following test data [data.company.ceo]. @26-11-2021 01:50:33.0758 AM
[ReportManager] Assertion [ValidateEquals] PASSED. Expected [Elon Musk] and Actual [Elon Musk]. Comparison Type [EQUALS]. Validation Type [POSITIVE]. @26-11-2021 01:50:33.0759 A

################################################################################################################################################
Starting Execution:	[122 out of 146] test cases in the current suite
Test Method:		[testPackage01.Test_MatchJsonSchema.checkAPI_ResponseSchema]
################################################################################################################################################
[ReportManager] Response status code: [200], status line: [HTTP/1.1 200 OK] @26-11-2021 01:50:33.0901 AM
[ReportManager] Assertion Passed: Evaluating the actual response status code against the expected one... @26-11-2021 01:50:33.0902 AM
[ReportManager] Assertion [ValidateComparativeRelation] PASSED. Expected [200] and Actual [200]. Comparison Type [EQUALS]. Validation Type [POSITIVE]. @26-11-2021 01:50:33.0902 AM
[ReportManager] API Action [PerformRequest] successfully performed. With the following test data [Request Type: "GET" | Target Status Code: "200" | Service URL: "http://api.zippopotam.us/us/90210" | Content Type: "*/*" | Response Time: "133ms"]. @26-11-2021 01:50:33.0914 AM
[ReportManager] Successfully created attachment [API Request - Specifications] @26-11-2021 01:50:33.0915 AM
[ReportManager] Successfully created attachment [API Response - JSON Body] @26-11-2021 01:50:33.0915 AM
[ReportManager] File Action [GetAbsolutePath] successfully performed. With the following test data [Relative Folder Path: "src/test/resources/testDataFiles/schema.json"]. @26-11-2021 01:50:33.0916 AM
[ReportManager] File Action [GetAbsolutePath] successfully performed. With the following test data [Relative Folder Path: "/Users/runner/work/SHAFT_ENGINE/SHAFT_ENGINE/src/test/resources/testDataFiles/schema.json"]. @26-11-2021 01:50:34.0750 AM
[ReportManager] File Action [ReadFromFile] successfully performed. With the following test data [File Path: "/Users/runner/work/SHAFT_ENGINE/SHAFT_ENGINE/src/test/resources/testDataFiles/schema.json"]. @26-11-2021 01:50:34.0751 AM
[ReportManager] Assertion Passed: Then I Assert that the API response schema matches that in this file [src/test/resources/testDataFiles/schema.json]. @26-11-2021 01:50:34.0752 AM
[ReportManager] Successfully created attachment [Validation Test Data - Expected JSON Value] @26-11-2021 01:50:34.0753 AM
[ReportManager] Successfully created attachment [Validation Test Data - Actual JSON Value] @26-11-2021 01:50:34.0754 AM
[ReportManager] Assertion [ValidateResponseFileSchema] PASSED. Expected [Response data should match the JSON File in this path '/Users/runner/work/SHAFT_ENGINE/SHAFT_ENGINE/src/test/resources/testDataFiles/schema.json'] and Actual [TRUE]. Comparison Type [EQUALS]. Validation Type [POSITIVE]. @26-11-2021 01:50:34.0754 A
[ReportManager] File Action [GetAbsolutePath] successfully performed. With the following test data [Relative Folder Path: "target/downloadedFiles/"]. @26-11-2021 01:50:34.0756 AM
[ReportManager] Attempting to run locally on: [Mac-64], [Safari], Headless Execution. @26-11-2021 01:50:34.0757 AM
[ReportManager] Successfully Opened Safari. @26-11-2021 01:50:35.0664 AM
[ReportManager] Initial window size: (800, 600) @26-11-2021 01:50:35.0679 AM
[ReportManager] Window size after SWD Maximize: (1176, 803) @26-11-2021 01:50:35.0710 AM
[ReportManager] Browser Action [MaximizeWindow] successfully performed. With the following test data [New screen size is now: (1176, 803)]. @26-11-2021 01:50:35.0710 A

################################################################################################################################################
Starting Execution:	[123 out of 146] test cases in the current suite
Test Method:		[testPackage01.Test_dragAndDrop.dragAndDropJquery]
################################################################################################################################################
[ReportManager] Target URL: [https://jqueryui.com/resources/demos/droppable/default.html] @26-11-2021 01:50:35.0718 AM
[ReportManager] Initial URL: [] @26-11-2021 01:50:35.0764 AM
[ReportManager] Browser Action [NavigateToURL] successfully performed. With the following test data [https://jqueryui.com/resources/demos/droppable/default.html]. @26-11-2021 01:50:36.0308 AM
[ReportManager] Element Action [GetText] successfully performed. With the following test data [
	Drop here
]. @26-11-2021 01:50:36.0382 AM
[ReportManager] Element Action [DragAndDrop] successfully performed. With the following test data [Start point: (8, 18), End point: (8, 18)]. @26-11-2021 01:50:37.0458 AM
[ReportManager] Element Action [GetText] successfully performed. With the following test data [
	Dropped!
]. @26-11-2021 01:50:37.0490 AM
[ReportManager] Assertion Passed: Checking to see if the text has changed after performing drag and drop @26-11-2021 01:50:37.0491 AM
[ReportManager] Assertion [ValidateEquals] PASSED. Expected [
	Drop here
] and Actual [
	Dropped!
]. Comparison Type [EQUALS]. Validation Type [NEGATIVE]. @26-11-2021 01:50:37.0491 A
[ReportManager] Browser Action [CloseCurrentWindow] successfully performed. @26-11-2021 01:50:37.0949 AM
[ReportManager] Successfully created attachment [Browser Action Test Data - CloseCurrentWindow - Actual Value] @26-11-2021 01:50:37.0950 A
[ReportManager] File Action [GetAbsolutePath] successfully performed. With the following test data [Relative Folder Path: "target/downloadedFiles/"]. @26-11-2021 01:50:37.0952 AM
[ReportManager] Attempting to run locally on: [Mac-64], [Safari], Headless Execution. @26-11-2021 01:50:37.0952 AM
[ReportManager] Successfully Opened Safari. @26-11-2021 01:50:38.0780 AM
[ReportManager] Initial window size: (800, 600) @26-11-2021 01:50:38.0807 AM
[ReportManager] Window size after SWD Maximize: (1176, 803) @26-11-2021 01:50:38.0828 AM
[ReportManager] Browser Action [MaximizeWindow] successfully performed. With the following test data [New screen size is now: (1176, 803)]. @26-11-2021 01:50:38.0829 A

################################################################################################################################################
Starting Execution:	[124 out of 146] test cases in the current suite
Test Method:		[testPackage01.Test_dragAndDrop.dragAndDrop]
Test Description:	[TC001 - Test Drag and Drop function.]
################################################################################################################################################
[ReportManager] Target URL: [http://the-internet.herokuapp.com/drag_and_drop] @26-11-2021 01:50:38.0833 AM
[ReportManager] Initial URL: [] @26-11-2021 01:50:38.0881 AM
[ReportManager] Browser Action [NavigateToURL] successfully performed. With the following test data [http://the-internet.herokuapp.com/drag_and_drop]. @26-11-2021 01:50:40.0400 AM
[ReportManager] Attempting Drag and Drop @26-11-2021 01:50:40.0401 AM
[ReportManager] Element Action [DragAndDrop] successfully performed. With the following test data [Start point: (120, 89), End point: (335, 89)]. @26-11-2021 01:50:41.0072 A
[ReportManager] Browser Action [CloseCurrentWindow] successfully performed. @26-11-2021 01:50:41.0234 AM
[ReportManager] Successfully created attachment [Browser Action Test Data - CloseCurrentWindow - Actual Value] @26-11-2021 01:50:41.0234 A
[ReportManager] File Action [GetAbsolutePath] successfully performed. With the following test data [Relative Folder Path: "target/downloadedFiles/"]. @26-11-2021 01:50:41.0236 AM
[ReportManager] Attempting to run locally on: [Mac-64], [Safari], Headless Execution. @26-11-2021 01:50:41.0236 AM
[ReportManager] Successfully Opened Safari. @26-11-2021 01:50:42.0082 AM
[ReportManager] Initial window size: (800, 600) @26-11-2021 01:50:42.0107 AM
[ReportManager] Window size after SWD Maximize: (1176, 803) @26-11-2021 01:50:42.0124 AM
[ReportManager] Browser Action [MaximizeWindow] successfully performed. With the following test data [New screen size is now: (1176, 803)]. @26-11-2021 01:50:42.0125 A

################################################################################################################################################
Starting Execution:	[125 out of 146] test cases in the current suite
Test Method:		[testPackage01.Test_dragAndDrop.dragAndDropByOffset]
Test Description:	[TC002 - Test Drag and Drop by offset function.]
################################################################################################################################################
[ReportManager] Target URL: [https://jqueryui.com/resources/demos/draggable/default.html] @26-11-2021 01:50:42.0129 AM
[ReportManager] Initial URL: [] @26-11-2021 01:50:42.0190 AM
[ReportManager] Browser Action [NavigateToURL] successfully performed. With the following test data [https://jqueryui.com/resources/demos/draggable/default.html]. @26-11-2021 01:50:42.0684 AM
[ReportManager] Element Action [DragAndDropByOffset] successfully performed. With the following test data [Start point: (8, 8), End point: (108, 58)]. @26-11-2021 01:50:43.0475 A
[ReportManager] Browser Action [CloseCurrentWindow] successfully performed. @26-11-2021 01:50:43.0863 AM
[ReportManager] Successfully created attachment [Browser Action Test Data - CloseCurrentWindow - Actual Value] @26-11-2021 01:50:43.0864 A
[ReportManager] Successfully loaded the following test data file [src/test/resources/testDataFiles/testSuite01/TestData.xlsx]. @26-11-2021 01:50:43.0896 AM
[ReportManager] Successfully created attachment [Test Data - Excel] @26-11-2021 01:50:43.0896 AM
[ReportManager] File Action [GetAbsolutePath] successfully performed. With the following test data [Relative Folder Path: "target/downloadedFiles/"]. @26-11-2021 01:50:43.0897 AM
[ReportManager] Attempting to run locally on: [Mac-64], [Safari], Headless Execution. @26-11-2021 01:50:43.0897 AM
[ReportManager] Successfully Opened Safari. @26-11-2021 01:50:44.0736 AM
[ReportManager] Initial window size: (800, 600) @26-11-2021 01:50:44.0746 AM
[ReportManager] Window size after SWD Maximize: (1176, 803) @26-11-2021 01:50:44.0759 AM
[ReportManager] Browser Action [MaximizeWindow] successfully performed. With the following test data [New screen size is now: (1176, 803)]. @26-11-2021 01:50:44.0760 A

################################################################################################################################################
Starting Execution:	[126 out of 146] test cases in the current suite
Test Method:		[testPackage01.Test_google.navigateToURLandVerifyGoogleLogoIsDisplayed]
Test Description:	[TC001 - Navigate to URL and Verify Google Logo is Displayed]
################################################################################################################################################
[ReportManager] Target URL: [https://www.google.com/ncr], and after redirection: [https://www.google.com] @26-11-2021 01:50:44.0804 AM
[ReportManager] Initial URL: [] @26-11-2021 01:50:44.0836 AM
[ReportManager] Browser Action [NavigateToURL] successfully performed. With the following test data [https://www.google.com/ncr]. @26-11-2021 01:50:47.0119 AM
[ReportManager] Loaded Shared OpenCV @26-11-2021 01:50:47.0215 AM
[ReportManager] Assertion Passed: Then I Assert that the element found by [By.xpath: //*[@id='hplogo' or @alt='Google']] exists. @26-11-2021 01:50:47.0367 AM
[ReportManager] Successfully created attachment [Screenshot - 1637891447215_navigateToURLandVerifyGoogleLogoIsDisplayed_ValidateElementExists_passed] @26-11-2021 01:50:47.0369 AM
[ReportManager] Assertion [ValidateElementExists] PASSED. Expected [Element Should Exist, locator 'By.xpath: //*[@id='hplogo' or @alt='Google']'] and Actual [Element Exists]. Comparison Type [EQUALS]. Validation Type [POSITIVE]. @26-11-2021 01:50:47.0369 A

################################################################################################################################################
Starting Execution:	[127 out of 146] test cases in the current suite
Test Method:		[testPackage01.Test_google.searchForQueryandAssertResultsNumDisplayed]
Test Description:	[TC002 - Search for Query and Assert that the number of results is displayed]
################################################################################################################################################
[ReportManager] Element Action [Type] successfully performed. With the following test data [SHAFT_Engine]. @26-11-2021 01:50:47.0528 AM
[ReportManager] Element Action [KeyPress] successfully performed. With the following test data [Enter]. @26-11-2021 01:50:47.0595 AM
[ReportManager] Element Action [GetText] successfully performed. With the following test data [About 1,300,000 results (0.76 seconds)]. @26-11-2021 01:50:48.0732 AM
[ReportManager] Loaded Shared OpenCV @26-11-2021 01:50:49.0494 AM
[ReportManager] Assertion Passed: Then I Assert that the element found by [By.id: appbar] text does not equal []. @26-11-2021 01:50:49.0610 AM
[ReportManager] Successfully created attachment [Screenshot - 1637891449494_searchForQueryandAssertResultsNumDisplayed_ValidateElementAttribute_passed] @26-11-2021 01:50:49.0612 AM
[ReportManager] Assertion [ValidateElementAttribute] PASSED. Expected [Value Should not be '' for the 'text' attribute, element locator 'By.id: appbar'] and Actual [About 1,300,000 results (0.76 seconds)]. Comparison Type [EQUALS]. Validation Type [NEGATIVE]. @26-11-2021 01:50:49.0612 A

################################################################################################################################################
Starting Execution:	[128 out of 146] test cases in the current suite
Test Method:		[testPackage01.Test_google.clickNextThrice]
Test Description:	[TC003 - Clicks the next button to make sure that the framework can scroll element into view before clicking it]
################################################################################################################################################
[ReportManager] Element Action [Click] successfully performed. With the following test data [By.xpath: //span[text()='Next']]. @26-11-2021 01:50:49.0850 A
[ReportManager] Successfully Closed All Drivers. @26-11-2021 01:50:50.0115 A
[ReportManager] File Action [GetAbsolutePath] successfully performed. With the following test data [Relative Folder Path: "target/downloadedFiles/"]. @26-11-2021 01:50:50.0118 AM
[ReportManager] Attempting to run locally on: [Mac-64], [Safari], Headless Execution. @26-11-2021 01:50:50.0118 AM
[ReportManager] Successfully Opened Safari. @26-11-2021 01:50:50.0947 AM
[ReportManager] Initial window size: (800, 600) @26-11-2021 01:50:50.0960 AM
[ReportManager] Window size after SWD Maximize: (1176, 803) @26-11-2021 01:50:50.0984 AM
[ReportManager] Browser Action [MaximizeWindow] successfully performed. With the following test data [New screen size is now: (1176, 803)]. @26-11-2021 01:50:50.0984 A

################################################################################################################################################
Starting Execution:	[129 out of 146] test cases in the current suite
Test Method:		[testPackage01.Test_chainableElementActions.chainElementActions]
################################################################################################################################################
[ReportManager] Target URL: [https://www.google.com/ncr], and after redirection: [https://www.google.com] @26-11-2021 01:50:50.0988 AM
[ReportManager] Initial URL: [] @26-11-2021 01:50:51.0046 AM
[ReportManager] Browser Action [NavigateToURL] successfully performed. With the following test data [https://www.google.com/ncr]. @26-11-2021 01:50:52.0842 AM
[ReportManager] Element Action [Type] successfully performed. With the following test data [chained type 1]. @26-11-2021 01:50:53.0007 AM
[ReportManager] Element Action [Type] successfully performed. With the following test data [chained type 2]. @26-11-2021 01:50:53.0202 AM
[ReportManager] Element Action [TypeAppend] successfully performed. With the following test data [345]. @26-11-2021 01:50:53.0277 AM
[ReportManager] Element Action [GetText] successfully performed. With the following test data [chained type 2345]. @26-11-2021 01:50:53.0357 AM
[ReportManager] Loaded Shared OpenCV @26-11-2021 01:50:53.0457 AM
[ReportManager] Assertion Passed: Then I Assert that the element found by [By.name: q] text is equal to [chained type 2345]. @26-11-2021 01:50:53.0578 AM
[ReportManager] Successfully created attachment [Screenshot - 1637891453457_chainElementActions_ValidateElementAttribute_passed] @26-11-2021 01:50:53.0580 AM
[ReportManager] Assertion [ValidateElementAttribute] PASSED. Expected [Value Should be 'chained type 2345' for the 'text' attribute, element locator 'By.name: q'] and Actual [chained type 2345]. Comparison Type [EQUALS]. Validation Type [POSITIVE]. @26-11-2021 01:50:53.0580 A
[ReportManager] Successfully Closed All Drivers. @26-11-2021 01:50:53.0695 A
[ReportManager] File Action [GetAbsolutePath] successfully performed. With the following test data [Relative Folder Path: "target/downloadedFiles/"]. @26-11-2021 01:50:53.0697 AM
[ReportManager] Attempting to run locally on: [Mac-64], [Safari], Headless Execution. @26-11-2021 01:50:53.0697 AM
[ReportManager] Successfully Opened Safari. @26-11-2021 01:50:54.0511 AM
[ReportManager] Initial window size: (800, 600) @26-11-2021 01:50:54.0522 AM
[ReportManager] Window size after SWD Maximize: (1176, 803) @26-11-2021 01:50:54.0551 AM
[ReportManager] Browser Action [MaximizeWindow] successfully performed. With the following test data [New screen size is now: (1176, 803)]. @26-11-2021 01:50:54.0552 A

################################################################################################################################################
Starting Execution:	[130 out of 146] test cases in the current suite
Test Method:		[testPackage01.Test_RelativeLocators.relativeLocatorsTest1]
################################################################################################################################################
[ReportManager] Target URL: [https://duckduckgo.com/] @26-11-2021 01:50:54.0596 AM
[ReportManager] Initial URL: [] @26-11-2021 01:50:54.0622 AM
[ReportManager] Browser Action [NavigateToURL] successfully performed. With the following test data [https://duckduckgo.com/]. @26-11-2021 01:50:55.0305 AM
[ReportManager] Element Action [Type] successfully performed. With the following test data [SHAFT_Engine]. @26-11-2021 01:50:55.0446 AM
[ReportManager] Element Action [KeyPress] successfully performed. With the following test data [ENTER]. @26-11-2021 01:50:56.0207 AM
[ReportManager] Element Action [GetText] successfully performed. With the following test data [Kawasaki Shaft - OEM Parts, Quick Delivery]. @26-11-2021 01:50:57.0545 AM
[ReportManager] Loaded Shared OpenCV @26-11-2021 01:50:57.0661 AM
[ReportManager] Assertion Passed: Then I Assert that the element found by [Relative Locator: {root={xpath=//a[@class='result__a js-result-title-link']}, filters=[{kind=below, args=[{xpath=//input[@name='q']}]}]}] text does not equal []. @26-11-2021 01:50:57.0776 AM
[ReportManager] Successfully created attachment [Screenshot - 1637891457661_relativeLocatorsTest1_ValidateElementAttribute_passed] @26-11-2021 01:50:57.0778 AM
[ReportManager] Assertion [ValidateElementAttribute] PASSED. Expected [Value Should not be '' for the 'text' attribute, element locator '[unknown locator]'] and Actual [Kawasaki Shaft - OEM Parts, Quick Delivery]. Comparison Type [EQUALS]. Validation Type [NEGATIVE]. @26-11-2021 01:50:57.0778 A
[ReportManager] Browser Action [CloseCurrentWindow] successfully performed. @26-11-2021 01:50:58.0067 AM
[ReportManager] Successfully created attachment [Browser Action Test Data - CloseCurrentWindow - Actual Value] @26-11-2021 01:50:58.0072 A

################################################################################################################################################
Starting Execution:	[131 out of 146] test cases in the current suite
Test Method:		[testPackage01.Test_JsonCompareWithSpecialCharacters.specialCharacters]
################################################################################################################################################
[ReportManager] File Action [GetAbsolutePath] successfully performed. With the following test data [Relative Folder Path: "src/test/resources/testDataFiles/specialCharacters.json"]. @26-11-2021 01:50:58.0078 AM
[ReportManager] File Action [ReadFromFile] successfully performed. With the following test data [File Path: "/Users/runner/work/SHAFT_ENGINE/SHAFT_ENGINE/src/test/resources/testDataFiles/specialCharacters.json"]. @26-11-2021 01:50:58.0079 AM
[ReportManager] Successfully created attachment [File Action Actual Result - Command Log] @26-11-2021 01:50:58.0079 AM
[ReportManager] Comparing the provided API response with the file at this path "src/test/resources/testDataFiles/specialCharacters.json", comparison type "EQUALS" @26-11-2021 01:50:58.0081 AM
[ReportManager] API Action [CompareJSON] successfully performed. With the following test data [src/test/resources/testDataFiles/specialCharacters.json]. @26-11-2021 01:50:58.0088 AM
[ReportManager] File Action [GetAbsolutePath] successfully performed. With the following test data [Relative Folder Path: "src/test/resources/testDataFiles/specialCharacters.json"]. @26-11-2021 01:50:58.0088 AM
[ReportManager] File Action [ReadFromFile] successfully performed. With the following test data [File Path: "/Users/runner/work/SHAFT_ENGINE/SHAFT_ENGINE/src/test/resources/testDataFiles/specialCharacters.json"]. @26-11-2021 01:50:58.0089 AM
[ReportManager] Verification [ValidateJSONFileContent] PASSED. Expected [Response data should match the JSON File in this path 'src/test/resources/testDataFiles/specialCharacters.json'] and Actual [TRUE]. Comparison Type [EQUALS]. Validation Type [POSITIVE]. @26-11-2021 01:50:58.0093 AM
[ReportManager] Successfully created attachment [Validation Test Data - Expected JSON Value] @26-11-2021 01:50:58.0093 AM
[ReportManager] Successfully created attachment [Validation Test Data - Actual JSON Value] @26-11-2021 01:50:58.0094 A

################################################################################################################################################
Starting Execution:	[132 out of 146] test cases in the current suite
Test Method:		[testPackage01.Test_JsonCompareWithSpecialCharacters.specialCharacters_assertion]
################################################################################################################################################
[ReportManager] File Action [GetAbsolutePath] successfully performed. With the following test data [Relative Folder Path: "src/test/resources/testDataFiles/specialCharacters.json"]. @26-11-2021 01:50:58.0097 AM
[ReportManager] File Action [ReadFromFile] successfully performed. With the following test data [File Path: "/Users/runner/work/SHAFT_ENGINE/SHAFT_ENGINE/src/test/resources/testDataFiles/specialCharacters.json"]. @26-11-2021 01:50:58.0098 AM
[ReportManager] Successfully created attachment [File Action Actual Result - Command Log] @26-11-2021 01:50:58.0099 AM
[ReportManager] Comparing the provided API response with the file at this path "src/test/resources/testDataFiles/specialCharacters.json", comparison type "CONTAINS" @26-11-2021 01:50:58.0099 AM
[ReportManager] API Action [CompareJSON] successfully performed. With the following test data [src/test/resources/testDataFiles/specialCharacters.json]. @26-11-2021 01:50:58.0121 AM
[ReportManager] File Action [GetAbsolutePath] successfully performed. With the following test data [Relative Folder Path: "src/test/resources/testDataFiles/specialCharacters.json"]. @26-11-2021 01:50:58.0121 AM
[ReportManager] File Action [ReadFromFile] successfully performed. With the following test data [File Path: "/Users/runner/work/SHAFT_ENGINE/SHAFT_ENGINE/src/test/resources/testDataFiles/specialCharacters.json"]. @26-11-2021 01:50:58.0121 AM
[ReportManager] Assertion Passed: trying out the log message @26-11-2021 01:50:58.0125 AM
[ReportManager] Successfully created attachment [Validation Test Data - Expected JSON Value] @26-11-2021 01:50:58.0126 AM
[ReportManager] Successfully created attachment [Validation Test Data - Actual JSON Value] @26-11-2021 01:50:58.0127 AM
[ReportManager] Assertion [ValidateJSONFileContent] PASSED. Expected [Response data should match the JSON File in this path 'src/test/resources/testDataFiles/specialCharacters.json'] and Actual [TRUE]. Comparison Type [CONTAINS]. Validation Type [POSITIVE]. @26-11-2021 01:50:58.0127 A

################################################################################################################################################
Starting Execution:	[133 out of 146] test cases in the current suite
Test Method:		[testPackage01.Test_SkipDueToIssue.doNotSkip]
################################################################################################################################################
[ReportManager] This should not be skipped. @26-11-2021 01:50:58.0130 A

################################################################################################################################################
Starting Execution:	[134 out of 146] test cases in the current suite
Test Method:		[testPackage01.Test_SkipDueToIssue.skip]
################################################################################################################################################
[ReportManager] This should be skipped. @26-11-2021 01:50:58.0136 A

################################################################################################################################################
Starting Execution:	[135 out of 146] test cases in the current suite
Test Method:		[testPackage01.Test_SkipDueToIssue.skip2]
################################################################################################################################################
[ReportManager] This should be skipped. @26-11-2021 01:50:58.0142 A

################################################################################################################################################
Starting Execution:	[136 out of 146] test cases in the current suite
Test Method:		[testPackage01.Test_JSONFileManager.readStringFromJson]
################################################################################################################################################
[ReportManager] File Action [GetAbsolutePath] successfully performed. With the following test data [Relative Folder Path: "src/test/resources/testDataFiles/simpleJSON.json"]. @26-11-2021 01:50:58.0147 AM
[ReportManager] Successfully loaded the following test data file [src/test/resources/testDataFiles/simpleJSON.json]. @26-11-2021 01:50:58.0148 AM
[ReportManager] Successfully created attachment [Test Data - JSON] @26-11-2021 01:50:58.0149 AM
[ReportManager] File Action [GetAbsolutePath] successfully performed. With the following test data [Relative Folder Path: "src/test/resources/testDataFiles/simpleJSON.json"]. @26-11-2021 01:50:58.0151 AM
[ReportManager] Assertion [ValidateEquals] PASSED. Expected [Mohab Mohie] and Actual [Mohab Mohie]. Comparison Type [EQUALS]. Validation Type [POSITIVE]. @26-11-2021 01:50:58.0165 A
[ReportManager] File Action [GetAbsolutePath] successfully performed. With the following test data [Relative Folder Path: "target/downloadedFiles/"]. @26-11-2021 01:50:58.0168 AM
[ReportManager] Attempting to run locally on: [Mac-64], [Safari], Headless Execution. @26-11-2021 01:50:58.0168 AM
[ReportManager] Successfully Opened Safari. @26-11-2021 01:50:59.0103 AM
[ReportManager] Initial window size: (800, 600) @26-11-2021 01:50:59.0121 AM
[ReportManager] Window size after SWD Maximize: (1176, 803) @26-11-2021 01:50:59.0151 AM
[ReportManager] Browser Action [MaximizeWindow] successfully performed. With the following test data [New screen size is now: (1176, 803)]. @26-11-2021 01:50:59.0151 A

################################################################################################################################################
Starting Execution:	[137 out of 146] test cases in the current suite
Test Method:		[testPackage01.Test_assertEquals.test_assertElementAttribute]
################################################################################################################################################
[ReportManager] Target URL: [https://www.google.com/ncr], and after redirection: [https://www.google.com] @26-11-2021 01:50:59.0153 AM
[ReportManager] Initial URL: [] @26-11-2021 01:50:59.0217 AM
[ReportManager] Browser Action [NavigateToURL] successfully performed. With the following test data [https://www.google.com/ncr]. @26-11-2021 01:51:01.0062 AM
[ReportManager] Element Action [Type] successfully performed. With the following test data [INC_004010050:Another SCHEDULER with the same name [Duplicate Job Name] already exists.]. @26-11-2021 01:51:01.0795 AM
[ReportManager] Element Action [GetText] successfully performed. With the following test data [INC_004010050:Another SCHEDULER with the same name [Duplicate Job Name] already exists.]. @26-11-2021 01:51:01.0876 AM
[ReportManager] Loaded Shared OpenCV @26-11-2021 01:51:01.0946 AM
[ReportManager] Assertion [ValidateElementAttribute] PASSED. Expected [Value Should be 'INC_004010050:Another SCHEDULER with the same name \[Duplicate Job Name\] already exists.' for the 'text' attribute, element locator 'By.name: q'] and Actual [INC_004010050:Another SCHEDULER with the same name [Duplicate Job Name] already exists.]. Comparison Type [MATCHES]. Validation Type [POSITIVE]. @26-11-2021 01:51:02.0106 AM
[ReportManager] Successfully created attachment [Screenshot - 1637891461946_test_assertElementAttribute_ValidateElementAttribute_passed] @26-11-2021 01:51:02.0107 A
[ReportManager] Browser Action [CloseCurrentWindow] successfully performed. @26-11-2021 01:51:02.0528 AM
[ReportManager] Successfully created attachment [Browser Action Test Data - CloseCurrentWindow - Actual Value] @26-11-2021 01:51:02.0529 A
[ReportManager] File Action [GetAbsolutePath] successfully performed. With the following test data [Relative Folder Path: "target/downloadedFiles/"]. @26-11-2021 01:51:02.0530 AM
[ReportManager] Attempting to run locally on: [Mac-64], [Safari], Headless Execution. @26-11-2021 01:51:02.0531 AM
[ReportManager] Successfully Opened Safari. @26-11-2021 01:51:03.0347 AM
[ReportManager] Initial window size: (800, 600) @26-11-2021 01:51:03.0376 AM
[ReportManager] Window size after SWD Maximize: (1176, 803) @26-11-2021 01:51:03.0390 AM
[ReportManager] Browser Action [MaximizeWindow] successfully performed. With the following test data [New screen size is now: (1176, 803)]. @26-11-2021 01:51:03.0390 A

################################################################################################################################################
Starting Execution:	[138 out of 146] test cases in the current suite
Test Method:		[testPackage01.Test_IsElementClickable.testIsElementClickable]
################################################################################################################################################
[ReportManager] Target URL: [https://the-internet.herokuapp.com/] @26-11-2021 01:51:03.0404 AM
[ReportManager] Initial URL: [] @26-11-2021 01:51:03.0460 AM
[ReportManager] Browser Action [NavigateToURL] successfully performed. With the following test data [https://the-internet.herokuapp.com/]. @26-11-2021 01:51:04.0610 AM
[ReportManager] Element Action [IsElementClickable] successfully performed. @26-11-2021 01:51:04.0677 AM
[ReportManager] Assertion [ValidateTrue] PASSED. Expected [TRUE] and Actual [TRUE]. Validation Type [POSITIVE]. @26-11-2021 01:51:04.0677 A
[ReportManager] Browser Action [CloseCurrentWindow] successfully performed. @26-11-2021 01:51:04.0966 AM
[ReportManager] Successfully created attachment [Browser Action Test Data - CloseCurrentWindow - Actual Value] @26-11-2021 01:51:04.0967 A
[ReportManager] Successfully loaded the following test data file [src/test/resources/testDataFiles/testSuite01/TestData.xlsx]. @26-11-2021 01:51:05.0001 AM
[ReportManager] Successfully created attachment [Test Data - Excel] @26-11-2021 01:51:05.0002 AM
[ReportManager] Attempting to run using Playwright locally on: [Mac-64], [Safari], Headless Execution. @26-11-2021 01:51:33.0112 AM
[ReportManager] File Action [GetAbsolutePath] successfully performed. With the following test data [Relative Folder Path: "target/downloadedFiles/"]. @26-11-2021 01:51:33.0113 AM
[ReportManager] Initial window size: (1280, 720) @26-11-2021 01:51:38.0100 AM
[ReportManager] Window size after Toolkit: com.microsoft.playwright.options.ViewportSize@6f557a9f @26-11-2021 01:51:38.0109 AM
[ReportManager] Browser Action [MaximizeWindow] successfully performed. With the following test data [New screen size is now: (1920, 1080)]. @26-11-2021 01:51:38.0110 A

################################################################################################################################################
Starting Execution:	[139 out of 146] test cases in the current suite
Test Method:		[testPackage01.Test_google_playwright.navigateToURLandVerifyGoogleLogoIsDisplayed]
Test Description:	[TC001 - Navigate to URL and Verify Google Logo is Displayed]
################################################################################################################################################
[ReportManager] Target URL: [https://www.google.com/ncr], and after redirection: [https://www.google.com] @26-11-2021 01:51:38.0113 AM
[ReportManager] Initial URL: [about:blank] @26-11-2021 01:51:38.0698 AM
[ReportManager] Browser Action [NavigateToURL] successfully performed. With the following test data [https://www.google.com/ncr]. @26-11-2021 01:51:41.0625 AM
[ReportManager] Loaded Shared OpenCV @26-11-2021 01:51:41.0742 AM
[ReportManager] Assertion [ValidateElementExists] PASSED. Expected [Element Should Exist, locator 'xpath=//*[@id='hplogo' or @alt='Google']'] and Actual [Element Exists]. Comparison Type [EQUALS]. Validation Type [POSITIVE]. @26-11-2021 01:51:41.0957 AM
[ReportManager] Successfully created attachment [Screenshot - 1637891501733_navigateToURLandVerifyGoogleLogoIsDisplayed_ValidateElementExists_passed] @26-11-2021 01:51:41.0959 A

################################################################################################################################################
Starting Execution:	[140 out of 146] test cases in the current suite
Test Method:		[testPackage01.Test_google_playwright.searchForQueryandAssertResultsNumDisplayed]
Test Description:	[TC002 - Search for Query and Assert that the number of results is displayed]
################################################################################################################################################
[ReportManager] Element Action [Type] successfully performed. With the following test data [SHAFT_Engine]. @26-11-2021 01:51:42.0238 AM
[ReportManager] Element Action [KeyPress] successfully performed. With the following test data [Enter]. @26-11-2021 01:51:42.0284 AM
[ReportManager] Element Action [GetText] successfully performed. With the following test data [About 1,300,000 results (0.57 seconds)
]. @26-11-2021 01:51:43.0276 AM
[ReportManager] Loaded Shared OpenCV @26-11-2021 01:51:45.0675 AM
[ReportManager] Assertion [ValidateElementAttribute] PASSED. Expected [Value Should not be '' for the 'text' attribute, element locator 'xpath=//div[@id='appbar']'] and Actual [About 1,300,000 results (0.57 seconds)
]. Comparison Type [EQUALS]. Validation Type [NEGATIVE]. @26-11-2021 01:51:45.0912 AM
[ReportManager] Successfully created attachment [Screenshot - 1637891505673_searchForQueryandAssertResultsNumDisplayed_ValidateElementAttribute_passed] @26-11-2021 01:51:45.0915 A

################################################################################################################################################
Starting Execution:	[141 out of 146] test cases in the current suite
Test Method:		[testPackage01.Test_google_playwright.clickNextThrice]
Test Description:	[TC003 - Clicks the next button to make sure that the framework can scroll element into view before clicking it]
################################################################################################################################################
[ReportManager] Element Action [Click] successfully performed. With the following test data [Next]. @26-11-2021 01:51:46.0361 A
[ReportManager] Failed to find video recording. @26-11-2021 01:51:46.0409 AM
[ReportManager] Successfully Closed PlayWright Driver. @26-11-2021 01:51:46.0465 A
[ReportManager] File Action [GetAbsolutePath] successfully performed. With the following test data [Relative Folder Path: "target/downloadedFiles/"]. @26-11-2021 01:51:46.0467 AM
[ReportManager] Attempting to run locally on: [Mac-64], [Safari], Headless Execution. @26-11-2021 01:51:46.0467 AM
[ReportManager] Successfully Opened Safari. @26-11-2021 01:51:47.0415 AM
[ReportManager] Initial window size: (800, 600) @26-11-2021 01:51:47.0442 AM
[ReportManager] Window size after SWD Maximize: (1176, 803) @26-11-2021 01:51:47.0459 AM
[ReportManager] Browser Action [MaximizeWindow] successfully performed. With the following test data [New screen size is now: (1176, 803)]. @26-11-2021 01:51:47.0459 A

################################################################################################################################################
Starting Execution:	[142 out of 146] test cases in the current suite
Test Method:		[testPackage01.Test_verifyEquals.test_assertElementAttribute]
################################################################################################################################################
[ReportManager] Target URL: [https://www.google.com/ncr], and after redirection: [https://www.google.com] @26-11-2021 01:51:47.0467 AM
[ReportManager] Initial URL: [] @26-11-2021 01:51:47.0526 AM
[ReportManager] Browser Action [NavigateToURL] successfully performed. With the following test data [https://www.google.com/ncr]. @26-11-2021 01:51:49.0294 AM
[ReportManager] Element Action [Type] successfully performed. With the following test data [INC_004010050:Another SCHEDULER with the same name [Duplicate Job Name] already exists.]. @26-11-2021 01:51:49.0966 AM
[ReportManager] Element Action [GetText] successfully performed. With the following test data [INC_004010050:Another SCHEDULER with the same name [Duplicate Job Name] already exists.]. @26-11-2021 01:51:50.0046 AM
[ReportManager] Loaded Shared OpenCV @26-11-2021 01:51:50.0123 AM
[ReportManager] Verification [ValidateElementAttribute] PASSED. Expected [Value Should be 'INC_004010050:Another SCHEDULER with the same name \[Duplicate Job Name\] already exists.' for the 'text' attribute, element locator 'By.name: q'] and Actual [INC_004010050:Another SCHEDULER with the same name [Duplicate Job Name] already exists.]. Comparison Type [MATCHES]. Validation Type [POSITIVE]. @26-11-2021 01:51:50.0242 AM
[ReportManager] Successfully created attachment [Screenshot - 1637891510122_test_assertElementAttribute_ValidateElementAttribute_passed] @26-11-2021 01:51:50.0243 A
[ReportManager] Browser Action [CloseCurrentWindow] successfully performed. @26-11-2021 01:51:50.0546 AM
[ReportManager] Successfully created attachment [Browser Action Test Data - CloseCurrentWindow - Actual Value] @26-11-2021 01:51:50.0547 A

################################################################################################################################################
Starting Execution:	[143 out of 146] test cases in the current suite
Test Method:		[testPackage01.Test_SelectedValue.multipleSelect]
################################################################################################################################################
[ReportManager] File Action [GetAbsolutePath] successfully performed. With the following test data [Relative Folder Path: "target/downloadedFiles/"]. @26-11-2021 01:51:50.0550 AM
[ReportManager] Attempting to run locally on: [Mac-64], [GoogleChrome], Headless Execution. @26-11-2021 01:51:50.0551 AM
[ReportManager] Identifying OS/Driver combination and selecting the correct driver version automatically. Please note that if a new driver executable will be downloaded it may take some time... @26-11-2021 01:51:50.0551 AM
[ReportManager] Successfully Opened Google Chrome. @26-11-2021 01:51:54.0009 AM
[ReportManager] Initial window size: (1920, 1080) @26-11-2021 01:51:54.0016 AM
[ReportManager] Window size after SWD Maximize: (1920, 1080) @26-11-2021 01:51:54.0257 AM
[ReportManager] Window size after Toolkit: (1920, 1080) @26-11-2021 01:51:54.0767 AM
[ReportManager] Browser Action [MaximizeWindow] successfully performed. With the following test data [New screen size is now: (1920, 1080)]. @26-11-2021 01:51:54.0772 AM
[ReportManager] Target URL: [https://yari-demos.prod.mdn.mozit.cloud/en-US/docs/Web/HTML/Element/select/_sample_.Advanced_select_with_multiple_features.html] @26-11-2021 01:51:54.0772 AM
[ReportManager] Initial URL: [data:,] @26-11-2021 01:51:54.0814 AM
[ReportManager] Browser Action [NavigateToURL] successfully performed. With the following test data [https://yari-demos.prod.mdn.mozit.cloud/en-US/docs/Web/HTML/Element/select/_sample_.Advanced_select_with_multiple_features.html]. @26-11-2021 01:51:55.0350 AM
[ReportManager] Element Action [Select] successfully performed. With the following test data [Dog]. @26-11-2021 01:51:55.0569 AM
[ReportManager] Element Action [Select] successfully performed. With the following test data [Cat]. @26-11-2021 01:51:55.0741 AM
[ReportManager] Element Action [GetSelectedText] successfully performed. With the following test data [DogCat]. @26-11-2021 01:51:55.0857 AM
[ReportManager] DogCat @26-11-2021 01:51:55.0857 AM
[ReportManager] Element Action [GetSelectedText] successfully performed. With the following test data [DogCat]. @26-11-2021 01:51:55.0967 AM
[ReportManager] Loaded Shared OpenCV @26-11-2021 01:51:56.0305 AM
[ReportManager] Assertion [ValidateElementAttribute] PASSED. Expected [Value Should be 'DogCat' for the 'selectedText' attribute, element locator 'By.tagName: select'] and Actual [DogCat]. Comparison Type [EQUALS]. Validation Type [POSITIVE]. @26-11-2021 01:51:56.0471 AM
[ReportManager] Successfully created attachment [Screenshot - 1637891516305_multipleSelect_ValidateElementAttribute_passed] @26-11-2021 01:51:56.0471 AM
[ReportManager] Browser Action [CloseCurrentWindow] successfully performed. @26-11-2021 01:51:56.0602 AM
[ReportManager] Successfully created attachment [Browser Action Test Data - CloseCurrentWindow - Actual Value] @26-11-2021 01:51:56.0603 A

################################################################################################################################################
Starting Execution:	[144 out of 146] test cases in the current suite
Test Method:		[testPackage01.Test_SelectedValue.simpleSelect]
################################################################################################################################################
[ReportManager] File Action [GetAbsolutePath] successfully performed. With the following test data [Relative Folder Path: "target/downloadedFiles/"]. @26-11-2021 01:51:56.0609 AM
[ReportManager] Attempting to run locally on: [Mac-64], [GoogleChrome], Headless Execution. @26-11-2021 01:51:56.0609 AM
[ReportManager] Identifying OS/Driver combination and selecting the correct driver version automatically. Please note that if a new driver executable will be downloaded it may take some time... @26-11-2021 01:51:56.0609 AM
[ReportManager] Successfully Opened Google Chrome. @26-11-2021 01:51:57.0099 AM
[ReportManager] Initial window size: (1920, 1080) @26-11-2021 01:51:57.0102 AM
[ReportManager] Window size after SWD Maximize: (1920, 1080) @26-11-2021 01:51:57.0358 AM
[ReportManager] Window size after Toolkit: (1920, 1080) @26-11-2021 01:51:57.0737 AM
[ReportManager] Browser Action [MaximizeWindow] successfully performed. With the following test data [New screen size is now: (1920, 1080)]. @26-11-2021 01:51:57.0740 AM
[ReportManager] Target URL: [https://yari-demos.prod.mdn.mozit.cloud/en-US/docs/Web/HTML/Element/select/_sample_.Basic_select.html] @26-11-2021 01:51:57.0740 AM
[ReportManager] Initial URL: [data:,] @26-11-2021 01:51:57.0773 AM
[ReportManager] Browser Action [NavigateToURL] successfully performed. With the following test data [https://yari-demos.prod.mdn.mozit.cloud/en-US/docs/Web/HTML/Element/select/_sample_.Basic_select.html]. @26-11-2021 01:51:57.0986 AM
[ReportManager] Element Action [Select] successfully performed. With the following test data [Third Value]. @26-11-2021 01:51:58.0288 AM
[ReportManager] Element Action [GetSelectedText] successfully performed. With the following test data [Third Value]. @26-11-2021 01:51:58.0368 AM
[ReportManager] Third Value @26-11-2021 01:51:58.0368 AM
[ReportManager] Element Action [GetSelectedText] successfully performed. With the following test data [Third Value]. @26-11-2021 01:51:58.0446 AM
[ReportManager] Loaded Shared OpenCV @26-11-2021 01:51:58.0917 AM
[ReportManager] Assertion [ValidateElementAttribute] PASSED. Expected [Value Should be 'Third Value' for the 'selectedText' attribute, element locator 'By.tagName: select'] and Actual [Third Value]. Comparison Type [EQUALS]. Validation Type [POSITIVE]. @26-11-2021 01:51:59.0081 AM
[ReportManager] Successfully created attachment [Screenshot - 1637891518916_simpleSelect_ValidateElementAttribute_passed] @26-11-2021 01:51:59.0082 AM
[ReportManager] Browser Action [CloseCurrentWindow] successfully performed. @26-11-2021 01:51:59.0247 AM
[ReportManager] Successfully created attachment [Browser Action Test Data - CloseCurrentWindow - Actual Value] @26-11-2021 01:51:59.0248 A
[ReportManager] File Action [GetAbsolutePath] successfully performed. With the following test data [Relative Folder Path: "target/downloadedFiles/"]. @26-11-2021 01:51:59.0251 AM
[ReportManager] Attempting to run locally on: [Mac-64], [Safari], Headless Execution. @26-11-2021 01:51:59.0251 AM
[ReportManager] Successfully Opened Safari. @26-11-2021 01:52:00.0131 AM
[ReportManager] Initial window size: (800, 600) @26-11-2021 01:52:00.0160 AM
[ReportManager] Window size after SWD Maximize: (1176, 803) @26-11-2021 01:52:00.0185 AM
[ReportManager] Browser Action [MaximizeWindow] successfully performed. With the following test data [New screen size is now: (1176, 803)]. @26-11-2021 01:52:00.0185 A

################################################################################################################################################
Starting Execution:	[145 out of 146] test cases in the current suite
Test Method:		[testPackage01.Test_dynamicLoading.dynamicLoading_elementIsHidden]
################################################################################################################################################
[ReportManager] Target URL: [https://the-internet.herokuapp.com/dynamic_loading/1] @26-11-2021 01:52:00.0188 AM
[ReportManager] Initial URL: [] @26-11-2021 01:52:00.0267 AM
[ReportManager] Browser Action [NavigateToURL] successfully performed. With the following test data [https://the-internet.herokuapp.com/dynamic_loading/1]. @26-11-2021 01:52:01.0378 AM
[ReportManager] Element Action [Click] successfully performed. With the following test data [By.xpath: //button[text()='Start']]. @26-11-2021 01:52:01.0605 AM
[ReportManager] Element Action [GetText] successfully performed. With the following test data [
    Hello World!
  ]. @26-11-2021 01:52:01.0649 A
[ReportManager] Browser Action [CloseCurrentWindow] successfully performed. @26-11-2021 01:52:02.0124 AM
[ReportManager] Successfully created attachment [Browser Action Test Data - CloseCurrentWindow - Actual Value] @26-11-2021 01:52:02.0124 A
[ReportManager] File Action [GetAbsolutePath] successfully performed. With the following test data [Relative Folder Path: "target/downloadedFiles/"]. @26-11-2021 01:52:02.0126 AM
[ReportManager] Attempting to run locally on: [Mac-64], [Safari], Headless Execution. @26-11-2021 01:52:02.0126 AM
[ReportManager] Successfully Opened Safari. @26-11-2021 01:52:03.0066 AM
[ReportManager] Initial window size: (800, 600) @26-11-2021 01:52:03.0081 AM
[ReportManager] Window size after SWD Maximize: (1176, 803) @26-11-2021 01:52:03.0110 AM
[ReportManager] Browser Action [MaximizeWindow] successfully performed. With the following test data [New screen size is now: (1176, 803)]. @26-11-2021 01:52:03.0110 A

################################################################################################################################################
Starting Execution:	[146 out of 146] test cases in the current suite
Test Method:		[testPackage01.Test_dynamicLoading.dynamicLoading_elementIsRendered]
################################################################################################################################################
[ReportManager] Target URL: [https://the-internet.herokuapp.com/dynamic_loading/2] @26-11-2021 01:52:03.0114 AM
[ReportManager] Initial URL: [] @26-11-2021 01:52:03.0160 AM
[ReportManager] Browser Action [NavigateToURL] successfully performed. With the following test data [https://the-internet.herokuapp.com/dynamic_loading/2]. @26-11-2021 01:52:04.0432 AM
[ReportManager] Element Action [Click] successfully performed. With the following test data [By.xpath: //button[text()='Start']]. @26-11-2021 01:52:04.0638 AM
[ReportManager] Element Action [GetText] successfully performed. With the following test data [Hello World!]. @26-11-2021 01:52:10.0188 AM
[ReportManager] Loaded Shared OpenCV @26-11-2021 01:52:10.0251 AM
[ReportManager] Assertion [ValidateElementAttribute] PASSED. Expected [Value Should be 'Hello World!' for the 'text' attribute, element locator 'By.id: finish'] and Actual [Hello World!]. Comparison Type [CONTAINS]. Validation Type [POSITIVE]. @26-11-2021 01:52:10.0351 AM
[ReportManager] Successfully created attachment [Screenshot - 1637891530251_dynamicLoading_elementIsRendered_ValidateElementAttribute_passed] @26-11-2021 01:52:10.0352 A
[ReportManager] Browser Action [CloseCurrentWindow] successfully performed. @26-11-2021 01:52:10.0774 AM
[ReportManager] Successfully created attachment [Browser Action Test Data - CloseCurrentWindow - Actual Value] @26-11-2021 01:52:10.0775 A
[ReportManager] Successfully created attachment [SHAFT Engine Logs - Execution log] @26-11-2021 01:52:10.0810 AM

################################################################################################################################################
This test run was powered by SHAFT Engine Version: [SHAFT Engine v5.4.20211122-BETA]
SHAFT Engine is licensed under the MIT License: [https://github.com/MohabMohie/SHAFT_ENGINE/blob/master/LICENSE].
################################################################################################################################################