################################################################################################################################################
Detected SHAFT Engine Version: [SHAFT Engine v5.3.20210902]
################################################################################################################################################

################################################################################################################################################
Starting Execution:	[1 out of 144] test cases in the current suite
Test Method:		[unitTests.tests_validations_assertions.assertComparativeRelation_greaterThanOrEquals_false_equals_expectedToFail]
################################################################################################################################################
[ReportManager] Assertion [ValidateComparativeRelation] FAILED. Expected [1] and Actual [1]. Comparison Type [GREATER_THAN_OR_EQUALS]. Validation Type [NEGATIVE]. @05-10-2021 01:52:39.0802 A

################################################################################################################################################
Starting Execution:	[2 out of 144] test cases in the current suite
Test Method:		[unitTests.tests_validations_assertions.assertComparativeRelation_greaterThanOrEquals_false_equals_expectedToPass]
################################################################################################################################################
[ReportManager] Assertion [ValidateComparativeRelation] PASSED. Expected [2] and Actual [1]. Comparison Type [GREATER_THAN_OR_EQUALS]. Validation Type [NEGATIVE]. @05-10-2021 01:52:39.0920 A

################################################################################################################################################
Starting Execution:	[3 out of 144] test cases in the current suite
Test Method:		[unitTests.tests_validations_assertions.assertComparativeRelation_greaterThanOrEquals_false_greaterThan_expectedToFail]
################################################################################################################################################
[ReportManager] Assertion [ValidateComparativeRelation] FAILED. Expected [1] and Actual [2]. Comparison Type [GREATER_THAN_OR_EQUALS]. Validation Type [NEGATIVE]. @05-10-2021 01:52:39.0928 A

################################################################################################################################################
Starting Execution:	[4 out of 144] test cases in the current suite
Test Method:		[unitTests.tests_validations_assertions.assertComparativeRelation_greaterThanOrEquals_false_greaterThan_expectedToPass]
################################################################################################################################################
[ReportManager] Assertion [ValidateComparativeRelation] PASSED. Expected [2] and Actual [1]. Comparison Type [GREATER_THAN_OR_EQUALS]. Validation Type [NEGATIVE]. @05-10-2021 01:52:39.0938 A

################################################################################################################################################
Starting Execution:	[5 out of 144] test cases in the current suite
Test Method:		[unitTests.tests_validations_assertions.assertComparativeRelation_greaterThanOrEquals_true_equals_expectedToFail]
################################################################################################################################################
[ReportManager] Assertion [ValidateComparativeRelation] FAILED. Expected [1] and Actual [0]. Comparison Type [GREATER_THAN_OR_EQUALS]. Validation Type [POSITIVE]. @05-10-2021 01:52:39.0950 A

################################################################################################################################################
Starting Execution:	[6 out of 144] test cases in the current suite
Test Method:		[unitTests.tests_validations_assertions.assertComparativeRelation_greaterThanOrEquals_true_equals_expectedToPass]
################################################################################################################################################
[ReportManager] Assertion [ValidateComparativeRelation] PASSED. Expected [1] and Actual [1]. Comparison Type [GREATER_THAN_OR_EQUALS]. Validation Type [POSITIVE]. @05-10-2021 01:52:39.0956 A

################################################################################################################################################
Starting Execution:	[7 out of 144] test cases in the current suite
Test Method:		[unitTests.tests_validations_assertions.assertComparativeRelation_greaterThanOrEquals_true_greaterThan_expectedToFail]
################################################################################################################################################
[ReportManager] Assertion [ValidateComparativeRelation] FAILED. Expected [2] and Actual [1]. Comparison Type [GREATER_THAN_OR_EQUALS]. Validation Type [POSITIVE]. @05-10-2021 01:52:39.0962 A

################################################################################################################################################
Starting Execution:	[8 out of 144] test cases in the current suite
Test Method:		[unitTests.tests_validations_assertions.assertComparativeRelation_greaterThanOrEquals_true_greaterThan_expectedToPass]
################################################################################################################################################
[ReportManager] Assertion [ValidateComparativeRelation] PASSED. Expected [1] and Actual [2]. Comparison Type [GREATER_THAN_OR_EQUALS]. Validation Type [POSITIVE]. @05-10-2021 01:52:39.0969 A
[ReportManager] File Action [GetAbsolutePath] successfully performed. With the following test data [Relative Folder Path: "target/downloadedFiles/"]. @05-10-2021 01:52:39.0989 AM
[ReportManager] Attempting to run remotely on: [Linux-64], [GoogleChrome], [http://localhost:4444/wd/hub], Headless Execution. @05-10-2021 01:52:40.0023 AM
[ReportManager] Successfully Opened [GoogleChrome]. @05-10-2021 01:52:41.0632 AM
[ReportManager] Target URL: [https://www.google.com/ncr], and after redirection: [www.google.com] @05-10-2021 01:52:41.0698 AM
[ReportManager] Initial URL: [data:,] @05-10-2021 01:52:41.0821 AM
[ReportManager] Browser Action [NavigateToURL] successfully performed. With the following test data [https://www.google.com/ncr]. @05-10-2021 01:52:43.0114 A

################################################################################################################################################
Starting Execution:	[9 out of 144] test cases in the current suite
Test Method:		[unitTests.tests_validations_assertions.assertElementAttribute_false_caseInsensitiveComparison_expectedToFail]
################################################################################################################################################
[ReportManager] Element Action [Type] successfully performed. With the following test data [AUTOMATION]. @05-10-2021 01:52:43.0673 AM
[ReportManager] Element Action [GetText] successfully performed. With the following test data [AUTOMATION]. @05-10-2021 01:52:43.0855 AM
[ReportManager] Loaded Shared OpenCV @05-10-2021 01:52:44.0544 AM
[ReportManager] Assertion [ValidateElementAttribute] FAILED. Expected [Value Should not be 'AutomaTion' for the 'text' attribute, element locator 'By.name: q'] and Actual [AUTOMATION]. Comparison Type [CASE_INSENSITIVE]. Validation Type [NEGATIVE]. @05-10-2021 01:52:44.0962 AM
[ReportManager] Successfully created attachment [Screenshot - 1633398764071_assertElementAttribute_false_caseInsensitiveComparison_expectedToFail_ValidateElementAttribute_failed] @05-10-2021 01:52:44.0980 A
[ReportManager] Browser Action [CloseCurrentWindow] successfully performed. @05-10-2021 01:52:45.0157 AM
[ReportManager] Successfully created attachment [Browser Action Test Data - CloseCurrentWindow - Actual Value] @05-10-2021 01:52:45.0169 A
[ReportManager] File Action [GetAbsolutePath] successfully performed. With the following test data [Relative Folder Path: "target/downloadedFiles/"]. @05-10-2021 01:52:45.0185 AM
[ReportManager] Attempting to run remotely on: [Linux-64], [GoogleChrome], [http://localhost:4444/wd/hub], Headless Execution. @05-10-2021 01:52:45.0186 AM
[ReportManager] Successfully Opened [GoogleChrome]. @05-10-2021 01:52:45.0536 AM
[ReportManager] Target URL: [https://www.google.com/ncr], and after redirection: [www.google.com] @05-10-2021 01:52:45.0567 AM
[ReportManager] Initial URL: [data:,] @05-10-2021 01:52:45.0674 AM
[ReportManager] Browser Action [NavigateToURL] successfully performed. With the following test data [https://www.google.com/ncr]. @05-10-2021 01:52:46.0719 A

################################################################################################################################################
Starting Execution:	[10 out of 144] test cases in the current suite
Test Method:		[unitTests.tests_validations_assertions.assertElementAttribute_false_caseInsensitiveComparison_expectedToPass]
################################################################################################################################################
[ReportManager] Element Action [Type] successfully performed. With the following test data [AUTOMATION]. @05-10-2021 01:52:47.0205 AM
[ReportManager] Element Action [GetText] successfully performed. With the following test data [AUTOMATION]. @05-10-2021 01:52:47.0367 AM
[ReportManager] Loaded Shared OpenCV @05-10-2021 01:52:47.0565 AM
[ReportManager] Assertion [ValidateElementAttribute] PASSED. Expected [Value Should not be 'AutomaTion123' for the 'text' attribute, element locator 'By.name: q'] and Actual [AUTOMATION]. Comparison Type [CASE_INSENSITIVE]. Validation Type [NEGATIVE]. @05-10-2021 01:52:47.0847 AM
[ReportManager] Successfully created attachment [Screenshot - 1633398767565_assertElementAttribute_false_caseInsensitiveComparison_expectedToPass_ValidateElementAttribute_passed] @05-10-2021 01:52:47.0851 A
[ReportManager] Browser Action [CloseCurrentWindow] successfully performed. @05-10-2021 01:52:48.0042 AM
[ReportManager] Successfully created attachment [Browser Action Test Data - CloseCurrentWindow - Actual Value] @05-10-2021 01:52:48.0043 A
[ReportManager] File Action [GetAbsolutePath] successfully performed. With the following test data [Relative Folder Path: "target/downloadedFiles/"]. @05-10-2021 01:52:48.0053 AM
[ReportManager] Attempting to run remotely on: [Linux-64], [GoogleChrome], [http://localhost:4444/wd/hub], Headless Execution. @05-10-2021 01:52:48.0054 AM
[ReportManager] Successfully Opened [GoogleChrome]. @05-10-2021 01:52:48.0340 AM
[ReportManager] Target URL: [https://www.google.com/ncr], and after redirection: [www.google.com] @05-10-2021 01:52:48.0369 AM
[ReportManager] Initial URL: [data:,] @05-10-2021 01:52:48.0443 AM
[ReportManager] Browser Action [NavigateToURL] successfully performed. With the following test data [https://www.google.com/ncr]. @05-10-2021 01:52:49.0354 A

################################################################################################################################################
Starting Execution:	[11 out of 144] test cases in the current suite
Test Method:		[unitTests.tests_validations_assertions.assertElementAttribute_false_containsComparison_expectedToFail]
################################################################################################################################################
[ReportManager] Element Action [Type] successfully performed. With the following test data [Automation123]. @05-10-2021 01:52:49.0776 AM
[ReportManager] Element Action [GetText] successfully performed. With the following test data [Automation123]. @05-10-2021 01:52:49.0927 AM
[ReportManager] Loaded Shared OpenCV @05-10-2021 01:52:50.0113 AM
[ReportManager] Assertion [ValidateElementAttribute] FAILED. Expected [Value Should not be 'Automation' for the 'text' attribute, element locator 'By.name: q'] and Actual [Automation123]. Comparison Type [CONTAINS]. Validation Type [NEGATIVE]. @05-10-2021 01:52:50.0198 AM
[ReportManager] Successfully created attachment [Screenshot - 1633398770113_assertElementAttribute_false_containsComparison_expectedToFail_ValidateElementAttribute_failed] @05-10-2021 01:52:50.0200 A
[ReportManager] Browser Action [CloseCurrentWindow] successfully performed. @05-10-2021 01:52:50.0357 AM
[ReportManager] Successfully created attachment [Browser Action Test Data - CloseCurrentWindow - Actual Value] @05-10-2021 01:52:50.0358 A
[ReportManager] File Action [GetAbsolutePath] successfully performed. With the following test data [Relative Folder Path: "target/downloadedFiles/"]. @05-10-2021 01:52:50.0361 AM
[ReportManager] Attempting to run remotely on: [Linux-64], [GoogleChrome], [http://localhost:4444/wd/hub], Headless Execution. @05-10-2021 01:52:50.0361 AM
[ReportManager] Successfully Opened [GoogleChrome]. @05-10-2021 01:52:50.0605 AM
[ReportManager] Target URL: [https://www.google.com/ncr], and after redirection: [www.google.com] @05-10-2021 01:52:50.0618 AM
[ReportManager] Initial URL: [data:,] @05-10-2021 01:52:50.0697 AM
[ReportManager] Browser Action [NavigateToURL] successfully performed. With the following test data [https://www.google.com/ncr]. @05-10-2021 01:52:51.0634 A

################################################################################################################################################
Starting Execution:	[12 out of 144] test cases in the current suite
Test Method:		[unitTests.tests_validations_assertions.assertElementAttribute_false_containsComparison_expectedToPass]
################################################################################################################################################
[ReportManager] Element Action [Type] successfully performed. With the following test data [Automation123]. @05-10-2021 01:52:52.0130 AM
[ReportManager] Element Action [GetText] successfully performed. With the following test data [Automation123]. @05-10-2021 01:52:52.0264 AM
[ReportManager] Loaded Shared OpenCV @05-10-2021 01:52:52.0435 AM
[ReportManager] Assertion [ValidateElementAttribute] PASSED. Expected [Value Should not be 'Automation1234' for the 'text' attribute, element locator 'By.name: q'] and Actual [Automation123]. Comparison Type [CONTAINS]. Validation Type [NEGATIVE]. @05-10-2021 01:52:52.0511 AM
[ReportManager] Successfully created attachment [Screenshot - 1633398772435_assertElementAttribute_false_containsComparison_expectedToPass_ValidateElementAttribute_passed] @05-10-2021 01:52:52.0512 A
[ReportManager] Browser Action [CloseCurrentWindow] successfully performed. @05-10-2021 01:52:52.0665 AM
[ReportManager] Successfully created attachment [Browser Action Test Data - CloseCurrentWindow - Actual Value] @05-10-2021 01:52:52.0666 A
[ReportManager] File Action [GetAbsolutePath] successfully performed. With the following test data [Relative Folder Path: "target/downloadedFiles/"]. @05-10-2021 01:52:52.0673 AM
[ReportManager] Attempting to run remotely on: [Linux-64], [GoogleChrome], [http://localhost:4444/wd/hub], Headless Execution. @05-10-2021 01:52:52.0674 AM
[ReportManager] Successfully Opened [GoogleChrome]. @05-10-2021 01:52:52.0908 AM
[ReportManager] Target URL: [https://www.google.com/ncr], and after redirection: [www.google.com] @05-10-2021 01:52:52.0926 AM
[ReportManager] Initial URL: [data:,] @05-10-2021 01:52:52.0980 AM
[ReportManager] Browser Action [NavigateToURL] successfully performed. With the following test data [https://www.google.com/ncr]. @05-10-2021 01:52:53.0890 A

################################################################################################################################################
Starting Execution:	[13 out of 144] test cases in the current suite
Test Method:		[unitTests.tests_validations_assertions.assertElementAttribute_false_literalComparison_expectedToFail]
################################################################################################################################################
[ReportManager] Element Action [Type] successfully performed. With the following test data [Automation!@#$%^&*()_+{}[]\';/.,]. @05-10-2021 01:52:54.0447 AM
[ReportManager] Element Action [GetText] successfully performed. With the following test data [Automation!@#$%^&*()_+{}[]\';/.,]. @05-10-2021 01:52:54.0581 AM
[ReportManager] Loaded Shared OpenCV @05-10-2021 01:52:54.0746 AM
[ReportManager] Assertion [ValidateElementAttribute] PASSED. Expected [Value Should not be 'Automation!@#$%^&*()_+{}[]\\';/.,' for the 'text' attribute, element locator 'By.name: q'] and Actual [Automation!@#$%^&*()_+{}[]\';/.,]. Comparison Type [EQUALS]. Validation Type [NEGATIVE]. @05-10-2021 01:52:54.0826 AM
[ReportManager] Successfully created attachment [Screenshot - 1633398774746_assertElementAttribute_false_literalComparison_expectedToFail_ValidateElementAttribute_passed] @05-10-2021 01:52:54.0827 A
[ReportManager] Browser Action [CloseCurrentWindow] successfully performed. @05-10-2021 01:52:54.0972 AM
[ReportManager] Successfully created attachment [Browser Action Test Data - CloseCurrentWindow - Actual Value] @05-10-2021 01:52:54.0973 A
[ReportManager] File Action [GetAbsolutePath] successfully performed. With the following test data [Relative Folder Path: "target/downloadedFiles/"]. @05-10-2021 01:52:54.0982 AM
[ReportManager] Attempting to run remotely on: [Linux-64], [GoogleChrome], [http://localhost:4444/wd/hub], Headless Execution. @05-10-2021 01:52:54.0982 AM
[ReportManager] Successfully Opened [GoogleChrome]. @05-10-2021 01:52:55.0244 AM
[ReportManager] Target URL: [https://www.google.com/ncr], and after redirection: [www.google.com] @05-10-2021 01:52:55.0262 AM
[ReportManager] Initial URL: [data:,] @05-10-2021 01:52:55.0321 AM
[ReportManager] Browser Action [NavigateToURL] successfully performed. With the following test data [https://www.google.com/ncr]. @05-10-2021 01:52:56.0247 A

################################################################################################################################################
Starting Execution:	[14 out of 144] test cases in the current suite
Test Method:		[unitTests.tests_validations_assertions.assertElementAttribute_false_literalComparison_expectedToPass]
################################################################################################################################################
[ReportManager] Element Action [Type] successfully performed. With the following test data [Automation!@#$%^&*()_+{}[]\';/.,]. @05-10-2021 01:52:56.0777 AM
[ReportManager] Element Action [GetText] successfully performed. With the following test data [Automation!@#$%^&*()_+{}[]\';/.,]. @05-10-2021 01:52:56.0893 AM
[ReportManager] Loaded Shared OpenCV @05-10-2021 01:52:57.0064 AM
[ReportManager] Assertion [ValidateElementAttribute] PASSED. Expected [Value Should not be 'Automation' for the 'text' attribute, element locator 'By.name: q'] and Actual [Automation!@#$%^&*()_+{}[]\';/.,]. Comparison Type [EQUALS]. Validation Type [NEGATIVE]. @05-10-2021 01:52:57.0151 AM
[ReportManager] Successfully created attachment [Screenshot - 1633398777064_assertElementAttribute_false_literalComparison_expectedToPass_ValidateElementAttribute_passed] @05-10-2021 01:52:57.0153 A
[ReportManager] Browser Action [CloseCurrentWindow] successfully performed. @05-10-2021 01:52:57.0290 AM
[ReportManager] Successfully created attachment [Browser Action Test Data - CloseCurrentWindow - Actual Value] @05-10-2021 01:52:57.0293 A
[ReportManager] File Action [GetAbsolutePath] successfully performed. With the following test data [Relative Folder Path: "target/downloadedFiles/"]. @05-10-2021 01:52:57.0301 AM
[ReportManager] Attempting to run remotely on: [Linux-64], [GoogleChrome], [http://localhost:4444/wd/hub], Headless Execution. @05-10-2021 01:52:57.0302 AM
[ReportManager] Successfully Opened [GoogleChrome]. @05-10-2021 01:52:57.0536 AM
[ReportManager] Target URL: [https://www.google.com/ncr], and after redirection: [www.google.com] @05-10-2021 01:52:57.0555 AM
[ReportManager] Initial URL: [data:,] @05-10-2021 01:52:57.0618 AM
[ReportManager] Browser Action [NavigateToURL] successfully performed. With the following test data [https://www.google.com/ncr]. @05-10-2021 01:52:58.0514 A

################################################################################################################################################
Starting Execution:	[15 out of 144] test cases in the current suite
Test Method:		[unitTests.tests_validations_assertions.assertElementAttribute_false_regexComparison_expectedToFail]
################################################################################################################################################
[ReportManager] Element Action [Type] successfully performed. With the following test data [Automation123]. @05-10-2021 01:52:58.0883 AM
[ReportManager] Element Action [GetText] successfully performed. With the following test data [Automation123]. @05-10-2021 01:52:58.0996 AM
[ReportManager] Loaded Shared OpenCV @05-10-2021 01:52:59.0169 AM
[ReportManager] Assertion [ValidateElementAttribute] FAILED. Expected [Value Should not be 'Automation.*' for the 'text' attribute, element locator 'By.name: q'] and Actual [Automation123]. Comparison Type [MATCHES]. Validation Type [NEGATIVE]. @05-10-2021 01:52:59.0251 AM
[ReportManager] Successfully created attachment [Screenshot - 1633398779169_assertElementAttribute_false_regexComparison_expectedToFail_ValidateElementAttribute_failed] @05-10-2021 01:52:59.0252 A
[ReportManager] Browser Action [CloseCurrentWindow] successfully performed. @05-10-2021 01:52:59.0399 AM
[ReportManager] Successfully created attachment [Browser Action Test Data - CloseCurrentWindow - Actual Value] @05-10-2021 01:52:59.0401 A
[ReportManager] File Action [GetAbsolutePath] successfully performed. With the following test data [Relative Folder Path: "target/downloadedFiles/"]. @05-10-2021 01:52:59.0406 AM
[ReportManager] Attempting to run remotely on: [Linux-64], [GoogleChrome], [http://localhost:4444/wd/hub], Headless Execution. @05-10-2021 01:52:59.0407 AM
[ReportManager] Successfully Opened [GoogleChrome]. @05-10-2021 01:52:59.0620 AM
[ReportManager] Target URL: [https://www.google.com/ncr], and after redirection: [www.google.com] @05-10-2021 01:52:59.0632 AM
[ReportManager] Initial URL: [data:,] @05-10-2021 01:52:59.0705 AM
[ReportManager] Browser Action [NavigateToURL] successfully performed. With the following test data [https://www.google.com/ncr]. @05-10-2021 01:53:00.0586 A

################################################################################################################################################
Starting Execution:	[16 out of 144] test cases in the current suite
Test Method:		[unitTests.tests_validations_assertions.assertElementAttribute_false_regexComparison_expectedToPass]
################################################################################################################################################
[ReportManager] Element Action [Type] successfully performed. With the following test data [Automation123]. @05-10-2021 01:53:01.0002 AM
[ReportManager] Element Action [GetText] successfully performed. With the following test data [Automation123]. @05-10-2021 01:53:01.0125 AM
[ReportManager] Loaded Shared OpenCV @05-10-2021 01:53:01.0251 AM
[ReportManager] Assertion [ValidateElementAttribute] PASSED. Expected [Value Should not be 'Automation' for the 'text' attribute, element locator 'By.name: q'] and Actual [Automation123]. Comparison Type [MATCHES]. Validation Type [NEGATIVE]. @05-10-2021 01:53:01.0331 AM
[ReportManager] Successfully created attachment [Screenshot - 1633398781251_assertElementAttribute_false_regexComparison_expectedToPass_ValidateElementAttribute_passed] @05-10-2021 01:53:01.0332 A
[ReportManager] Browser Action [CloseCurrentWindow] successfully performed. @05-10-2021 01:53:01.0484 AM
[ReportManager] Successfully created attachment [Browser Action Test Data - CloseCurrentWindow - Actual Value] @05-10-2021 01:53:01.0485 A
[ReportManager] File Action [GetAbsolutePath] successfully performed. With the following test data [Relative Folder Path: "target/downloadedFiles/"]. @05-10-2021 01:53:01.0493 AM
[ReportManager] Attempting to run remotely on: [Linux-64], [GoogleChrome], [http://localhost:4444/wd/hub], Headless Execution. @05-10-2021 01:53:01.0493 AM
[ReportManager] Successfully Opened [GoogleChrome]. @05-10-2021 01:53:01.0795 AM
[ReportManager] Target URL: [https://www.google.com/ncr], and after redirection: [www.google.com] @05-10-2021 01:53:01.0807 AM
[ReportManager] Initial URL: [data:,] @05-10-2021 01:53:01.0880 AM
[ReportManager] Browser Action [NavigateToURL] successfully performed. With the following test data [https://www.google.com/ncr]. @05-10-2021 01:53:02.0768 A

################################################################################################################################################
Starting Execution:	[17 out of 144] test cases in the current suite
Test Method:		[unitTests.tests_validations_assertions.assertElementAttribute_true_caseInsensitiveComparison_expectedToFail]
################################################################################################################################################
[ReportManager] Element Action [Type] successfully performed. With the following test data [AUTOMATION]. @05-10-2021 01:53:03.0176 AM
[ReportManager] Element Action [GetText] successfully performed. With the following test data [AUTOMATION]. @05-10-2021 01:53:03.0290 AM
[ReportManager] Loaded Shared OpenCV @05-10-2021 01:53:03.0462 AM
[ReportManager] Assertion [ValidateElementAttribute] FAILED. Expected [Value Should be 'AutomaTion123' for the 'text' attribute, element locator 'By.name: q'] and Actual [AUTOMATION]. Comparison Type [CASE_INSENSITIVE]. Validation Type [POSITIVE]. @05-10-2021 01:53:03.0546 AM
[ReportManager] Successfully created attachment [Screenshot - 1633398783461_assertElementAttribute_true_caseInsensitiveComparison_expectedToFail_ValidateElementAttribute_failed] @05-10-2021 01:53:03.0548 A
[ReportManager] Browser Action [CloseCurrentWindow] successfully performed. @05-10-2021 01:53:03.0689 AM
[ReportManager] Successfully created attachment [Browser Action Test Data - CloseCurrentWindow - Actual Value] @05-10-2021 01:53:03.0689 A
[ReportManager] File Action [GetAbsolutePath] successfully performed. With the following test data [Relative Folder Path: "target/downloadedFiles/"]. @05-10-2021 01:53:03.0693 AM
[ReportManager] Attempting to run remotely on: [Linux-64], [GoogleChrome], [http://localhost:4444/wd/hub], Headless Execution. @05-10-2021 01:53:03.0693 AM
[ReportManager] Successfully Opened [GoogleChrome]. @05-10-2021 01:53:03.0932 AM
[ReportManager] Target URL: [https://www.google.com/ncr], and after redirection: [www.google.com] @05-10-2021 01:53:03.0951 AM
[ReportManager] Initial URL: [data:,] @05-10-2021 01:53:04.0006 AM
[ReportManager] Browser Action [NavigateToURL] successfully performed. With the following test data [https://www.google.com/ncr]. @05-10-2021 01:53:04.0888 A

################################################################################################################################################
Starting Execution:	[18 out of 144] test cases in the current suite
Test Method:		[unitTests.tests_validations_assertions.assertElementAttribute_true_caseInsensitiveComparison_expectedToPass]
################################################################################################################################################
[ReportManager] Element Action [Type] successfully performed. With the following test data [AUTOMATION]. @05-10-2021 01:53:05.0327 AM
[ReportManager] Element Action [GetText] successfully performed. With the following test data [AUTOMATION]. @05-10-2021 01:53:05.0442 AM
[ReportManager] Loaded Shared OpenCV @05-10-2021 01:53:05.0610 AM
[ReportManager] Assertion [ValidateElementAttribute] PASSED. Expected [Value Should be 'AutomaTion' for the 'text' attribute, element locator 'By.name: q'] and Actual [AUTOMATION]. Comparison Type [CASE_INSENSITIVE]. Validation Type [POSITIVE]. @05-10-2021 01:53:05.0696 AM
[ReportManager] Successfully created attachment [Screenshot - 1633398785610_assertElementAttribute_true_caseInsensitiveComparison_expectedToPass_ValidateElementAttribute_passed] @05-10-2021 01:53:05.0697 A
[ReportManager] Browser Action [CloseCurrentWindow] successfully performed. @05-10-2021 01:53:05.0836 AM
[ReportManager] Successfully created attachment [Browser Action Test Data - CloseCurrentWindow - Actual Value] @05-10-2021 01:53:05.0837 A
[ReportManager] File Action [GetAbsolutePath] successfully performed. With the following test data [Relative Folder Path: "target/downloadedFiles/"]. @05-10-2021 01:53:05.0840 AM
[ReportManager] Attempting to run remotely on: [Linux-64], [GoogleChrome], [http://localhost:4444/wd/hub], Headless Execution. @05-10-2021 01:53:05.0840 AM
[ReportManager] Successfully Opened [GoogleChrome]. @05-10-2021 01:53:06.0067 AM
[ReportManager] Target URL: [https://www.google.com/ncr], and after redirection: [www.google.com] @05-10-2021 01:53:06.0083 AM
[ReportManager] Initial URL: [data:,] @05-10-2021 01:53:06.0138 AM
[ReportManager] Browser Action [NavigateToURL] successfully performed. With the following test data [https://www.google.com/ncr]. @05-10-2021 01:53:06.0982 A

################################################################################################################################################
Starting Execution:	[19 out of 144] test cases in the current suite
Test Method:		[unitTests.tests_validations_assertions.assertElementAttribute_true_containsComparison_expectedToFail]
################################################################################################################################################
[ReportManager] Element Action [Type] successfully performed. With the following test data [Automation123]. @05-10-2021 01:53:07.0362 AM
[ReportManager] Element Action [GetText] successfully performed. With the following test data [Automation123]. @05-10-2021 01:53:07.0507 AM
[ReportManager] Loaded Shared OpenCV @05-10-2021 01:53:07.0654 AM
[ReportManager] Assertion [ValidateElementAttribute] FAILED. Expected [Value Should be 'Automation1234' for the 'text' attribute, element locator 'By.name: q'] and Actual [Automation123]. Comparison Type [CONTAINS]. Validation Type [POSITIVE]. @05-10-2021 01:53:07.0728 AM
[ReportManager] Successfully created attachment [Screenshot - 1633398787654_assertElementAttribute_true_containsComparison_expectedToFail_ValidateElementAttribute_failed] @05-10-2021 01:53:07.0729 A
[ReportManager] Browser Action [CloseCurrentWindow] successfully performed. @05-10-2021 01:53:07.0872 AM
[ReportManager] Successfully created attachment [Browser Action Test Data - CloseCurrentWindow - Actual Value] @05-10-2021 01:53:07.0873 A
[ReportManager] File Action [GetAbsolutePath] successfully performed. With the following test data [Relative Folder Path: "target/downloadedFiles/"]. @05-10-2021 01:53:07.0877 AM
[ReportManager] Attempting to run remotely on: [Linux-64], [GoogleChrome], [http://localhost:4444/wd/hub], Headless Execution. @05-10-2021 01:53:07.0877 AM
[ReportManager] Successfully Opened [GoogleChrome]. @05-10-2021 01:53:08.0170 AM
[ReportManager] Target URL: [https://www.google.com/ncr], and after redirection: [www.google.com] @05-10-2021 01:53:08.0181 AM
[ReportManager] Initial URL: [data:,] @05-10-2021 01:53:08.0248 AM
[ReportManager] Browser Action [NavigateToURL] successfully performed. With the following test data [https://www.google.com/ncr]. @05-10-2021 01:53:09.0135 A

################################################################################################################################################
Starting Execution:	[20 out of 144] test cases in the current suite
Test Method:		[unitTests.tests_validations_assertions.assertElementAttribute_true_containsComparison_expectedToPass]
################################################################################################################################################
[ReportManager] Element Action [Type] successfully performed. With the following test data [Automation123]. @05-10-2021 01:53:09.0549 AM
[ReportManager] Element Action [GetText] successfully performed. With the following test data [Automation123]. @05-10-2021 01:53:09.0657 AM
[ReportManager] Loaded Shared OpenCV @05-10-2021 01:53:09.0783 AM
[ReportManager] Assertion [ValidateElementAttribute] PASSED. Expected [Value Should be 'Automation' for the 'text' attribute, element locator 'By.name: q'] and Actual [Automation123]. Comparison Type [CONTAINS]. Validation Type [POSITIVE]. @05-10-2021 01:53:09.0858 AM
[ReportManager] Successfully created attachment [Screenshot - 1633398789783_assertElementAttribute_true_containsComparison_expectedToPass_ValidateElementAttribute_passed] @05-10-2021 01:53:09.0860 A
[ReportManager] Browser Action [CloseCurrentWindow] successfully performed. @05-10-2021 01:53:09.0982 AM
[ReportManager] Successfully created attachment [Browser Action Test Data - CloseCurrentWindow - Actual Value] @05-10-2021 01:53:09.0982 A
[ReportManager] File Action [GetAbsolutePath] successfully performed. With the following test data [Relative Folder Path: "target/downloadedFiles/"]. @05-10-2021 01:53:09.0985 AM
[ReportManager] Attempting to run remotely on: [Linux-64], [GoogleChrome], [http://localhost:4444/wd/hub], Headless Execution. @05-10-2021 01:53:09.0986 AM
[ReportManager] Successfully Opened [GoogleChrome]. @05-10-2021 01:53:10.0266 AM
[ReportManager] Target URL: [https://www.google.com/ncr], and after redirection: [www.google.com] @05-10-2021 01:53:10.0278 AM
[ReportManager] Initial URL: [data:,] @05-10-2021 01:53:10.0321 AM
[ReportManager] Browser Action [NavigateToURL] successfully performed. With the following test data [https://www.google.com/ncr]. @05-10-2021 01:53:11.0199 A

################################################################################################################################################
Starting Execution:	[21 out of 144] test cases in the current suite
Test Method:		[unitTests.tests_validations_assertions.assertElementAttribute_true_literalComparison_expectedToFail]
################################################################################################################################################
[ReportManager] Element Action [Type] successfully performed. With the following test data [Automation!@#$%^&*()_+{}[]\';/.,]. @05-10-2021 01:53:11.0743 AM
[ReportManager] Element Action [GetText] successfully performed. With the following test data [Automation!@#$%^&*()_+{}[]\';/.,]. @05-10-2021 01:53:11.0859 AM
[ReportManager] Loaded Shared OpenCV @05-10-2021 01:53:12.0025 AM
[ReportManager] Assertion [ValidateElementAttribute] FAILED. Expected [Value Should be 'Automation' for the 'text' attribute, element locator 'By.name: q'] and Actual [Automation!@#$%^&*()_+{}[]\';/.,]. Comparison Type [EQUALS]. Validation Type [POSITIVE]. @05-10-2021 01:53:12.0115 AM
[ReportManager] Successfully created attachment [Screenshot - 1633398792025_assertElementAttribute_true_literalComparison_expectedToFail_ValidateElementAttribute_failed] @05-10-2021 01:53:12.0117 A
[ReportManager] Browser Action [CloseCurrentWindow] successfully performed. @05-10-2021 01:53:12.0250 AM
[ReportManager] Successfully created attachment [Browser Action Test Data - CloseCurrentWindow - Actual Value] @05-10-2021 01:53:12.0251 A
[ReportManager] File Action [GetAbsolutePath] successfully performed. With the following test data [Relative Folder Path: "target/downloadedFiles/"]. @05-10-2021 01:53:12.0254 AM
[ReportManager] Attempting to run remotely on: [Linux-64], [GoogleChrome], [http://localhost:4444/wd/hub], Headless Execution. @05-10-2021 01:53:12.0255 AM
[ReportManager] Successfully Opened [GoogleChrome]. @05-10-2021 01:53:12.0514 AM
[ReportManager] Target URL: [https://www.google.com/ncr], and after redirection: [www.google.com] @05-10-2021 01:53:12.0525 AM
[ReportManager] Initial URL: [data:,] @05-10-2021 01:53:12.0567 AM
[ReportManager] Browser Action [NavigateToURL] successfully performed. With the following test data [https://www.google.com/ncr]. @05-10-2021 01:53:13.0427 A

################################################################################################################################################
Starting Execution:	[22 out of 144] test cases in the current suite
Test Method:		[unitTests.tests_validations_assertions.assertElementAttribute_true_literalComparison_expectedToPass]
################################################################################################################################################
[ReportManager] Element Action [Type] successfully performed. With the following test data [Automation!@#$%^&*()_+{}[]\';/.,]. @05-10-2021 01:53:13.0944 AM
[ReportManager] Element Action [GetText] successfully performed. With the following test data [Automation!@#$%^&*()_+{}[]\';/.,]. @05-10-2021 01:53:14.0056 AM
[ReportManager] Loaded Shared OpenCV @05-10-2021 01:53:14.0190 AM
[ReportManager] Assertion [ValidateElementAttribute] PASSED. Expected [Value Should be 'Automation!@#$%^&*()_+{}[]\';/.,' for the 'text' attribute, element locator 'By.name: q'] and Actual [Automation!@#$%^&*()_+{}[]\';/.,]. Comparison Type [EQUALS]. Validation Type [POSITIVE]. @05-10-2021 01:53:14.0274 AM
[ReportManager] Successfully created attachment [Screenshot - 1633398794190_assertElementAttribute_true_literalComparison_expectedToPass_ValidateElementAttribute_passed] @05-10-2021 01:53:14.0276 A
[ReportManager] Browser Action [CloseCurrentWindow] successfully performed. @05-10-2021 01:53:14.0405 AM
[ReportManager] Successfully created attachment [Browser Action Test Data - CloseCurrentWindow - Actual Value] @05-10-2021 01:53:14.0406 A
[ReportManager] File Action [GetAbsolutePath] successfully performed. With the following test data [Relative Folder Path: "target/downloadedFiles/"]. @05-10-2021 01:53:14.0413 AM
[ReportManager] Attempting to run remotely on: [Linux-64], [GoogleChrome], [http://localhost:4444/wd/hub], Headless Execution. @05-10-2021 01:53:14.0414 AM
[ReportManager] Successfully Opened [GoogleChrome]. @05-10-2021 01:53:14.0616 AM
[ReportManager] Target URL: [https://www.google.com/ncr], and after redirection: [www.google.com] @05-10-2021 01:53:14.0626 AM
[ReportManager] Initial URL: [data:,] @05-10-2021 01:53:14.0666 AM
[ReportManager] Browser Action [NavigateToURL] successfully performed. With the following test data [https://www.google.com/ncr]. @05-10-2021 01:53:15.0529 A

################################################################################################################################################
Starting Execution:	[23 out of 144] test cases in the current suite
Test Method:		[unitTests.tests_validations_assertions.assertElementAttribute_true_regexComparison_expectedToFail]
################################################################################################################################################
[ReportManager] Element Action [Type] successfully performed. With the following test data [Automation123]. @05-10-2021 01:53:15.0926 AM
[ReportManager] Element Action [GetText] successfully performed. With the following test data [Automation123]. @05-10-2021 01:53:16.0033 AM
[ReportManager] Loaded Shared OpenCV @05-10-2021 01:53:16.0171 AM
[ReportManager] Assertion [ValidateElementAttribute] FAILED. Expected [Value Should be 'Automation' for the 'text' attribute, element locator 'By.name: q'] and Actual [Automation123]. Comparison Type [MATCHES]. Validation Type [POSITIVE]. @05-10-2021 01:53:16.0267 AM
[ReportManager] Successfully created attachment [Screenshot - 1633398796166_assertElementAttribute_true_regexComparison_expectedToFail_ValidateElementAttribute_failed] @05-10-2021 01:53:16.0268 A
[ReportManager] Browser Action [CloseCurrentWindow] successfully performed. @05-10-2021 01:53:16.0428 AM
[ReportManager] Successfully created attachment [Browser Action Test Data - CloseCurrentWindow - Actual Value] @05-10-2021 01:53:16.0429 A
[ReportManager] File Action [GetAbsolutePath] successfully performed. With the following test data [Relative Folder Path: "target/downloadedFiles/"]. @05-10-2021 01:53:16.0433 AM
[ReportManager] Attempting to run remotely on: [Linux-64], [GoogleChrome], [http://localhost:4444/wd/hub], Headless Execution. @05-10-2021 01:53:16.0433 AM
[ReportManager] Successfully Opened [GoogleChrome]. @05-10-2021 01:53:16.0708 AM
[ReportManager] Target URL: [https://www.google.com/ncr], and after redirection: [www.google.com] @05-10-2021 01:53:16.0719 AM
[ReportManager] Initial URL: [data:,] @05-10-2021 01:53:16.0770 AM
[ReportManager] Browser Action [NavigateToURL] successfully performed. With the following test data [https://www.google.com/ncr]. @05-10-2021 01:53:17.0725 A

################################################################################################################################################
Starting Execution:	[24 out of 144] test cases in the current suite
Test Method:		[unitTests.tests_validations_assertions.assertElementAttribute_true_regexComparison_expectedToPass]
################################################################################################################################################
[ReportManager] Element Action [Type] successfully performed. With the following test data [Automation123]. @05-10-2021 01:53:18.0109 AM
[ReportManager] Element Action [GetText] successfully performed. With the following test data [Automation123]. @05-10-2021 01:53:18.0213 AM
[ReportManager] Loaded Shared OpenCV @05-10-2021 01:53:18.0380 AM
[ReportManager] Assertion [ValidateElementAttribute] PASSED. Expected [Value Should be 'Automation.*' for the 'text' attribute, element locator 'By.name: q'] and Actual [Automation123]. Comparison Type [MATCHES]. Validation Type [POSITIVE]. @05-10-2021 01:53:18.0453 AM
[ReportManager] Successfully created attachment [Screenshot - 1633398798380_assertElementAttribute_true_regexComparison_expectedToPass_ValidateElementAttribute_passed] @05-10-2021 01:53:18.0454 A
[ReportManager] Browser Action [CloseCurrentWindow] successfully performed. @05-10-2021 01:53:18.0580 AM
[ReportManager] Successfully created attachment [Browser Action Test Data - CloseCurrentWindow - Actual Value] @05-10-2021 01:53:18.0581 A
[ReportManager] File Action [GetAbsolutePath] successfully performed. With the following test data [Relative Folder Path: "target/downloadedFiles/"]. @05-10-2021 01:53:18.0583 AM
[ReportManager] Attempting to run remotely on: [Linux-64], [GoogleChrome], [http://localhost:4444/wd/hub], Headless Execution. @05-10-2021 01:53:18.0584 AM
[ReportManager] Successfully Opened [GoogleChrome]. @05-10-2021 01:53:19.0034 AM
[ReportManager] Target URL: [https://www.google.com/ncr], and after redirection: [www.google.com] @05-10-2021 01:53:19.0045 AM
[ReportManager] Initial URL: [data:,] @05-10-2021 01:53:19.0085 AM
[ReportManager] Browser Action [NavigateToURL] successfully performed. With the following test data [https://www.google.com/ncr]. @05-10-2021 01:53:19.0935 A

################################################################################################################################################
Starting Execution:	[25 out of 144] test cases in the current suite
Test Method:		[unitTests.tests_validations_assertions.assertElementAttribute_type_true_literalComparison_expectedToPass]
################################################################################################################################################
[ReportManager] Element Action [Type] successfully performed. With the following test data [Automation!@#$%^&*()_+{}[]\';/.,]. @05-10-2021 01:53:20.0524 AM
[ReportManager] Element Action [GetText] successfully performed. With the following test data [Automation!@#$%^&*()_+{}[]\';/.,]. @05-10-2021 01:53:20.0636 AM
[ReportManager] Loaded Shared OpenCV @05-10-2021 01:53:20.0771 AM
[ReportManager] Assertion [ValidateElementAttribute] PASSED. Expected [Value Should be 'Automation!@#$%^&*()_+{}[]\';/.,' for the 'text' attribute, element locator 'By.name: q'] and Actual [Automation!@#$%^&*()_+{}[]\';/.,]. Comparison Type [EQUALS]. Validation Type [POSITIVE]. @05-10-2021 01:53:20.0852 AM
[ReportManager] Successfully created attachment [Screenshot - 1633398800771_assertElementAttribute_type_true_literalComparison_expectedToPass_ValidateElementAttribute_passed] @05-10-2021 01:53:20.0853 A
[ReportManager] Browser Action [CloseCurrentWindow] successfully performed. @05-10-2021 01:53:20.0992 AM
[ReportManager] Successfully created attachment [Browser Action Test Data - CloseCurrentWindow - Actual Value] @05-10-2021 01:53:20.0993 A
[ReportManager] File Action [GetAbsolutePath] successfully performed. With the following test data [Relative Folder Path: "target/downloadedFiles/"]. @05-10-2021 01:53:20.0996 AM
[ReportManager] Attempting to run remotely on: [Linux-64], [GoogleChrome], [http://localhost:4444/wd/hub], Headless Execution. @05-10-2021 01:53:20.0997 AM
[ReportManager] Successfully Opened [GoogleChrome]. @05-10-2021 01:53:21.0233 AM
[ReportManager] Target URL: [https://www.google.com/ncr], and after redirection: [www.google.com] @05-10-2021 01:53:21.0250 AM
[ReportManager] Initial URL: [data:,] @05-10-2021 01:53:21.0308 AM
[ReportManager] Browser Action [NavigateToURL] successfully performed. With the following test data [https://www.google.com/ncr]. @05-10-2021 01:53:22.0170 A

################################################################################################################################################
Starting Execution:	[26 out of 144] test cases in the current suite
Test Method:		[unitTests.tests_validations_assertions.assertElementExists_false_expectedToFail]
################################################################################################################################################
[ReportManager] Assertion [ValidateElementExists] PASSED. Expected [Element Should not Exist, locator 'By.id: hplogo'] and Actual [Element Doesn't Exists]. Comparison Type [EQUALS]. Validation Type [NEGATIVE]. @05-10-2021 01:53:32.0605 AM
[ReportManager] Successfully created attachment [Screenshot - 1633398812518_assertElementExists_false_expectedToFail_ValidateElementExists_passed] @05-10-2021 01:53:32.0606 A
[ReportManager] Browser Action [CloseCurrentWindow] successfully performed. @05-10-2021 01:53:32.0739 AM
[ReportManager] Successfully created attachment [Browser Action Test Data - CloseCurrentWindow - Actual Value] @05-10-2021 01:53:32.0740 A
[ReportManager] File Action [GetAbsolutePath] successfully performed. With the following test data [Relative Folder Path: "target/downloadedFiles/"]. @05-10-2021 01:53:32.0747 AM
[ReportManager] Attempting to run remotely on: [Linux-64], [GoogleChrome], [http://localhost:4444/wd/hub], Headless Execution. @05-10-2021 01:53:32.0748 AM
[ReportManager] Successfully Opened [GoogleChrome]. @05-10-2021 01:53:32.0966 AM
[ReportManager] Target URL: [https://www.google.com/ncr], and after redirection: [www.google.com] @05-10-2021 01:53:32.0981 AM
[ReportManager] Initial URL: [data:,] @05-10-2021 01:53:33.0026 AM
[ReportManager] Browser Action [NavigateToURL] successfully performed. With the following test data [https://www.google.com/ncr]. @05-10-2021 01:53:34.0597 A

################################################################################################################################################
Starting Execution:	[27 out of 144] test cases in the current suite
Test Method:		[unitTests.tests_validations_assertions.assertElementExists_false_expectedToPass]
################################################################################################################################################
[ReportManager] Assertion [ValidateElementExists] PASSED. Expected [Element Should not Exist, locator 'By.id: fakeElement'] and Actual [Element Doesn't Exists]. Comparison Type [EQUALS]. Validation Type [NEGATIVE]. @05-10-2021 01:53:44.0990 AM
[ReportManager] Successfully created attachment [Screenshot - 1633398824930_assertElementExists_false_expectedToPass_ValidateElementExists_passed] @05-10-2021 01:53:44.0991 A
[ReportManager] Browser Action [CloseCurrentWindow] successfully performed. @05-10-2021 01:53:45.0116 AM
[ReportManager] Successfully created attachment [Browser Action Test Data - CloseCurrentWindow - Actual Value] @05-10-2021 01:53:45.0117 A
[ReportManager] File Action [GetAbsolutePath] successfully performed. With the following test data [Relative Folder Path: "target/downloadedFiles/"]. @05-10-2021 01:53:45.0119 AM
[ReportManager] Attempting to run remotely on: [Linux-64], [GoogleChrome], [http://localhost:4444/wd/hub], Headless Execution. @05-10-2021 01:53:45.0120 AM
[ReportManager] Successfully Opened [GoogleChrome]. @05-10-2021 01:53:45.0339 AM
[ReportManager] Target URL: [https://www.google.com/ncr], and after redirection: [www.google.com] @05-10-2021 01:53:45.0352 AM
[ReportManager] Initial URL: [data:,] @05-10-2021 01:53:45.0396 AM
[ReportManager] Browser Action [NavigateToURL] successfully performed. With the following test data [https://www.google.com/ncr]. @05-10-2021 01:53:46.0240 A

################################################################################################################################################
Starting Execution:	[28 out of 144] test cases in the current suite
Test Method:		[unitTests.tests_validations_assertions.assertElementExists_false_multipleElementsFound_expectedToFail]
################################################################################################################################################
[ReportManager] Assertion [ValidateElementExists] FAILED. Expected [Element Should not Exist, locator 'By.xpath: //div'] and Actual [Element Exists but is not unique]. Comparison Type [EQUALS]. Validation Type [NEGATIVE]. @05-10-2021 01:53:46.0516 AM
[ReportManager] Successfully created attachment [Screenshot - 1633398826448_assertElementExists_false_multipleElementsFound_expectedToFail_ValidateElementExists_failed] @05-10-2021 01:53:46.0517 A
[ReportManager] Browser Action [CloseCurrentWindow] successfully performed. @05-10-2021 01:53:46.0648 AM
[ReportManager] Successfully created attachment [Browser Action Test Data - CloseCurrentWindow - Actual Value] @05-10-2021 01:53:46.0649 A
[ReportManager] File Action [GetAbsolutePath] successfully performed. With the following test data [Relative Folder Path: "target/downloadedFiles/"]. @05-10-2021 01:53:46.0653 AM
[ReportManager] Attempting to run remotely on: [Linux-64], [GoogleChrome], [http://localhost:4444/wd/hub], Headless Execution. @05-10-2021 01:53:46.0653 AM
[ReportManager] Successfully Opened [GoogleChrome]. @05-10-2021 01:53:46.0911 AM
[ReportManager] Target URL: [https://www.google.com/ncr], and after redirection: [www.google.com] @05-10-2021 01:53:46.0922 AM
[ReportManager] Initial URL: [data:,] @05-10-2021 01:53:46.0976 AM
[ReportManager] Browser Action [NavigateToURL] successfully performed. With the following test data [https://www.google.com/ncr]. @05-10-2021 01:53:47.0913 A

################################################################################################################################################
Starting Execution:	[29 out of 144] test cases in the current suite
Test Method:		[unitTests.tests_validations_assertions.assertElementExists_true_expectedToFail]
################################################################################################################################################
[ReportManager] Assertion [ValidateElementExists] FAILED. Expected [Element Should Exist, locator 'By.id: fakeElement'] and Actual [Element Doesn't Exists]. Comparison Type [EQUALS]. Validation Type [POSITIVE]. @05-10-2021 01:54:18.0606 AM
[ReportManager] Successfully created attachment [Screenshot - 1633398858548_assertElementExists_true_expectedToFail_ValidateElementExists_failed] @05-10-2021 01:54:18.0606 A
[ReportManager] Browser Action [CloseCurrentWindow] successfully performed. @05-10-2021 01:54:18.0734 AM
[ReportManager] Successfully created attachment [Browser Action Test Data - CloseCurrentWindow - Actual Value] @05-10-2021 01:54:18.0735 A
[ReportManager] File Action [GetAbsolutePath] successfully performed. With the following test data [Relative Folder Path: "target/downloadedFiles/"]. @05-10-2021 01:54:18.0740 AM
[ReportManager] Attempting to run remotely on: [Linux-64], [GoogleChrome], [http://localhost:4444/wd/hub], Headless Execution. @05-10-2021 01:54:18.0741 AM
[ReportManager] Successfully Opened [GoogleChrome]. @05-10-2021 01:54:18.0957 AM
[ReportManager] Target URL: [https://www.google.com/ncr], and after redirection: [www.google.com] @05-10-2021 01:54:18.0971 AM
[ReportManager] Initial URL: [data:,] @05-10-2021 01:54:19.0015 AM
[ReportManager] Browser Action [NavigateToURL] successfully performed. With the following test data [https://www.google.com/ncr]. @05-10-2021 01:54:22.0163 A

################################################################################################################################################
Starting Execution:	[30 out of 144] test cases in the current suite
Test Method:		[unitTests.tests_validations_assertions.assertElementExists_true_expectedToPass]
################################################################################################################################################
[ReportManager] Loaded Shared OpenCV @05-10-2021 01:54:22.0368 AM
[ReportManager] Assertion [ValidateElementExists] PASSED. Expected [Element Should Exist, locator 'By.xpath: //*[@id='hplogo' or @alt='Google']'] and Actual [Element Exists]. Comparison Type [EQUALS]. Validation Type [POSITIVE]. @05-10-2021 01:54:22.0446 AM
[ReportManager] Successfully created attachment [Screenshot - 1633398862367_assertElementExists_true_expectedToPass_ValidateElementExists_passed] @05-10-2021 01:54:22.0447 A
[ReportManager] Browser Action [CloseCurrentWindow] successfully performed. @05-10-2021 01:54:22.0580 AM
[ReportManager] Successfully created attachment [Browser Action Test Data - CloseCurrentWindow - Actual Value] @05-10-2021 01:54:22.0581 A
[ReportManager] File Action [GetAbsolutePath] successfully performed. With the following test data [Relative Folder Path: "target/downloadedFiles/"]. @05-10-2021 01:54:22.0584 AM
[ReportManager] Attempting to run remotely on: [Linux-64], [GoogleChrome], [http://localhost:4444/wd/hub], Headless Execution. @05-10-2021 01:54:22.0584 AM
[ReportManager] Successfully Opened [GoogleChrome]. @05-10-2021 01:54:22.0799 AM
[ReportManager] Target URL: [https://www.google.com/ncr], and after redirection: [www.google.com] @05-10-2021 01:54:22.0811 AM
[ReportManager] Initial URL: [data:,] @05-10-2021 01:54:22.0852 AM
[ReportManager] Browser Action [NavigateToURL] successfully performed. With the following test data [https://www.google.com/ncr]. @05-10-2021 01:54:23.0732 A

################################################################################################################################################
Starting Execution:	[31 out of 144] test cases in the current suite
Test Method:		[unitTests.tests_validations_assertions.assertElementExists_true_multipleElementsFound_expectedToFail]
################################################################################################################################################
[ReportManager] Assertion [ValidateElementExists] FAILED. Expected [Element Should Exist, locator 'By.xpath: //div'] and Actual [Element Exists but is not unique]. Comparison Type [EQUALS]. Validation Type [POSITIVE]. @05-10-2021 01:54:23.0975 AM
[ReportManager] Successfully created attachment [Screenshot - 1633398863916_assertElementExists_true_multipleElementsFound_expectedToFail_ValidateElementExists_failed] @05-10-2021 01:54:23.0976 A
[ReportManager] Browser Action [CloseCurrentWindow] successfully performed. @05-10-2021 01:54:24.0116 AM
[ReportManager] Successfully created attachment [Browser Action Test Data - CloseCurrentWindow - Actual Value] @05-10-2021 01:54:24.0117 A

################################################################################################################################################
Starting Execution:	[32 out of 144] test cases in the current suite
Test Method:		[unitTests.tests_validations_assertions.assertEquals_false_expectedToFail]
################################################################################################################################################
[ReportManager] Assertion [ValidateEquals] FAILED. Expected [1] and Actual [1]. Comparison Type [EQUALS]. Validation Type [NEGATIVE]. @05-10-2021 01:54:24.0127 A

################################################################################################################################################
Starting Execution:	[33 out of 144] test cases in the current suite
Test Method:		[unitTests.tests_validations_assertions.assertEquals_false_expectedToPass]
################################################################################################################################################
[ReportManager] Assertion [ValidateEquals] PASSED. Expected [1] and Actual [2]. Comparison Type [EQUALS]. Validation Type [NEGATIVE]. @05-10-2021 01:54:24.0132 A

################################################################################################################################################
Starting Execution:	[34 out of 144] test cases in the current suite
Test Method:		[unitTests.tests_validations_assertions.assertEquals_longCharacters]
################################################################################################################################################
[ReportManager] Verification [ValidateEquals] PASSED. Expected and Actual values are attached. Comparison Type [EQUALS]. Validation Type [POSITIVE]. @05-10-2021 01:54:24.0136 AM
[ReportManager] Successfully created attachment [Validation Test Data - Expected Value] @05-10-2021 01:54:24.0136 AM
[ReportManager] Successfully created attachment [Validation Test Data - Actual Value] @05-10-2021 01:54:24.0136 AM
[ReportManager] Assertion [ValidateEquals] PASSED. Expected and Actual values are attached. Comparison Type [EQUALS]. Validation Type [POSITIVE]. @05-10-2021 01:54:24.0137 AM
[ReportManager] Successfully created attachment [Validation Test Data - Expected Value] @05-10-2021 01:54:24.0137 AM
[ReportManager] Successfully created attachment [Validation Test Data - Actual Value] @05-10-2021 01:54:24.0137 A

################################################################################################################################################
Starting Execution:	[35 out of 144] test cases in the current suite
Test Method:		[unitTests.tests_validations_assertions.assertEquals_longCharacters_Discreet]
################################################################################################################################################
[ReportManager] Assertion [ValidateEquals] PASSED. Expected [1LH5pROcDBjjQk0t0mCr0lXuzQu9lcGj28kY8R1H81X67eVAQJgWQhILiRWVPUgZ6uCtK5cnBkF55Jr9vYngjGO1Iyf0Mktv6lruDlL9T8MAUPcUZJGHZtji6nIeadujDSNmWMj5d6C8zlFqw0CRqBU0hO5adIasHgBSNoLotAjce3NGXoDwAlp3rYreeV16VIyZXROQY] and Actual [1LH5pROcDBjjQk0t0mCr0lXuzQu9lcGj28kY8R1H81X67eVAQJgWQhILiRWVPUgZ6uCtK5cnBkF55Jr9vYngjGO1Iyf0Mktv6lruDlL9T8MAUPcUZJGHZtji6nIeadujDSNmWMj5d6C8zlFqw0CRqBU0hO5adIasHgBSNoLotAjce3NGXoDwAlp3rYreeV16VIyZXROQY]. Comparison Type [EQUALS]. Validation Type [POSITIVE]. @05-10-2021 01:54:24.0140 A

################################################################################################################################################
Starting Execution:	[36 out of 144] test cases in the current suite
Test Method:		[unitTests.tests_validations_assertions.assertEquals_true_expectedToFail]
################################################################################################################################################
[ReportManager] Assertion [ValidateEquals] FAILED. Expected [1] and Actual [2]. Comparison Type [EQUALS]. Validation Type [POSITIVE]. @05-10-2021 01:54:24.0142 A

################################################################################################################################################
Starting Execution:	[37 out of 144] test cases in the current suite
Test Method:		[unitTests.tests_validations_assertions.assertEquals_true_expectedToPass]
Test Description:	[Assert that assertEquals works as expected when the two values are equal.]
################################################################################################################################################
[ReportManager] Verification [ValidateEquals] PASSED. Expected [1] and Actual [1]. Comparison Type [EQUALS]. Validation Type [POSITIVE]. @05-10-2021 01:54:24.0149 AM
[ReportManager] Assertion [ValidateEquals] PASSED. Expected [1] and Actual [1]. Comparison Type [EQUALS]. Validation Type [POSITIVE]. @05-10-2021 01:54:24.0149 A

################################################################################################################################################
Starting Execution:	[38 out of 144] test cases in the current suite
Test Method:		[unitTests.tests_validations_assertions.assertEquals_true_expectedToPass__]
################################################################################################################################################
[ReportManager] Assertion [ValidateEquals] PASSED. Expected [1] and Actual [1]. Comparison Type [EQUALS]. Validation Type [POSITIVE]. @05-10-2021 01:54:24.0153 A

################################################################################################################################################
Starting Execution:	[39 out of 144] test cases in the current suite
Test Method:		[unitTests.tests_validations_assertions.assertFileExists_false_expectedToFail]
################################################################################################################################################
[ReportManager] File Action [DoesFileExist] successfully performed. With the following test data [File Path: "src/main/java/com/shaft/gui/element/ElementActions.java"]. @05-10-2021 01:54:24.0155 AM
[ReportManager] Assertion [ValidateFileExists] FAILED. Expected [File 'src/main/java/com/shaft/gui/element/ElementActions.java' should not exist, after up to '1' retries] and Actual [File exists]. Validation Type [NEGATIVE]. @05-10-2021 01:54:24.0160 A

################################################################################################################################################
Starting Execution:	[40 out of 144] test cases in the current suite
Test Method:		[unitTests.tests_validations_assertions.assertFileExists_false_expectedToPass]
################################################################################################################################################
[ReportManager] File Action [DoesFileExist] successfully performed. With the following test data [File Path: "src/main/java/com/shaft/gui/element/ElementActions.java_fail"]. @05-10-2021 01:54:24.0667 AM
[ReportManager] Assertion [ValidateFileExists] PASSED. Expected [File 'src/main/java/com/shaft/gui/element/ElementActions.java_fail' should not exist, after up to '1' retries] and Actual [File does not exist]. Validation Type [NEGATIVE]. @05-10-2021 01:54:24.0668 A

################################################################################################################################################
Starting Execution:	[41 out of 144] test cases in the current suite
Test Method:		[unitTests.tests_validations_assertions.assertFileExists_true_expectedToFail]
################################################################################################################################################
[ReportManager] File Action [DoesFileExist] successfully performed. With the following test data [File Path: "src/main/java/com/shaft/gui/element/ElementActions.java_fail"]. @05-10-2021 01:54:25.0172 AM
[ReportManager] Assertion [ValidateFileExists] FAILED. Expected [File 'src/main/java/com/shaft/gui/element/ElementActions.java_fail' should exist, after up to '1' retries] and Actual [File does not exist]. Validation Type [POSITIVE]. @05-10-2021 01:54:25.0172 A

################################################################################################################################################
Starting Execution:	[42 out of 144] test cases in the current suite
Test Method:		[unitTests.tests_validations_assertions.assertFileExists_true_expectedToPass]
################################################################################################################################################
[ReportManager] File Action [DoesFileExist] successfully performed. With the following test data [File Path: "src/main/java/com/shaft/gui/element/ElementActions.java"]. @05-10-2021 01:54:25.0176 AM
[ReportManager] Assertion [ValidateFileExists] PASSED. Expected [File 'src/main/java/com/shaft/gui/element/ElementActions.java' should exist, after up to '1' retries] and Actual [File exists]. Validation Type [POSITIVE]. @05-10-2021 01:54:25.0176 A

################################################################################################################################################
Starting Execution:	[43 out of 144] test cases in the current suite
Test Method:		[unitTests.tests_validations_assertions.assertNull_false_expectedToFail]
################################################################################################################################################
[ReportManager] Assertion [ValidateNull] FAILED. Expected [NULL] and Actual [NULL]. Comparison Type [EQUALS]. Validation Type [NEGATIVE]. @05-10-2021 01:54:25.0178 A

################################################################################################################################################
Starting Execution:	[44 out of 144] test cases in the current suite
Test Method:		[unitTests.tests_validations_assertions.assertNull_false_expectedToPass]
################################################################################################################################################
[ReportManager] Assertion [ValidateNull] PASSED. Expected [NULL] and Actual [1]. Comparison Type [EQUALS]. Validation Type [NEGATIVE]. @05-10-2021 01:54:25.0181 A

################################################################################################################################################
Starting Execution:	[45 out of 144] test cases in the current suite
Test Method:		[unitTests.tests_validations_assertions.assertNull_true_expectedToFail]
################################################################################################################################################
[ReportManager] Assertion [ValidateNull] FAILED. Expected [NULL] and Actual [1]. Comparison Type [EQUALS]. Validation Type [POSITIVE]. @05-10-2021 01:54:25.0185 A

################################################################################################################################################
Starting Execution:	[46 out of 144] test cases in the current suite
Test Method:		[unitTests.tests_validations_assertions.assertNull_true_expectedToPass]
################################################################################################################################################
[ReportManager] Assertion [ValidateNull] PASSED. Expected [NULL] and Actual [NULL]. Comparison Type [EQUALS]. Validation Type [POSITIVE]. @05-10-2021 01:54:25.0187 A

################################################################################################################################################
Starting Execution:	[47 out of 144] test cases in the current suite
Test Method:		[unitTests.tests_restActions.getPostsAndAssertBodyForSpecificTitle]
################################################################################################################################################
[ReportManager] Response status code: [200], status line: [HTTP/1.1 200 OK] @05-10-2021 01:54:27.0860 AM
[ReportManager] Assertion Passed: Evaluating the actual response status code against the expected one... @05-10-2021 01:54:27.0861 AM
[ReportManager] Assertion [ValidateEquals] PASSED. Expected [200] and Actual [200]. Comparison Type [EQUALS]. Validation Type [POSITIVE]. @05-10-2021 01:54:27.0861 AM
[ReportManager] API Action [PerformRequest] successfully performed. With the following test data [Request Type: "GET" | Target Status Code: "200" | Service URL: "https://jsonplaceholder.typicode.com/posts" | Content Type: "*/*" | Response Time: "958ms"]. @05-10-2021 01:54:29.0222 AM
[ReportManager] Successfully created attachment [API Request - Specifications] @05-10-2021 01:54:29.0222 AM
[ReportManager] Successfully created attachment [API Response - JSON Body] @05-10-2021 01:54:29.0502 AM
[ReportManager] API Action [GetResponseJSONValueAsList] successfully performed. @05-10-2021 01:54:29.0525 AM
[ReportManager] API Action [GetResponseJSONValue] successfully performed. With the following test data [title]. @05-10-2021 01:54:29.0551 AM
[ReportManager] API Action [GetResponseJSONValue] successfully performed. With the following test data [title]. @05-10-2021 01:54:29.0568 AM
[ReportManager] API Action [GetResponseJSONValue] successfully performed. With the following test data [body]. @05-10-2021 01:54:29.0582 AM
[ReportManager] Assertion [ValidateEquals] PASSED. Expected [qui neque nisi nulla] and Actual [est rerum tempore vitae
sequi sint nihil reprehenderit dolor beatae ea dolores neque
fugiat blanditiis voluptate porro vel nihil molestiae ut reiciendis
qui aperiam non debitis possimus qui neque nisi nulla]. Comparison Type [CONTAINS]. Validation Type [POSITIVE]. @05-10-2021 01:54:29.0583 AM
[ReportManager] API Action [GetResponseJSONValue] successfully performed. With the following test data [title]. @05-10-2021 01:54:29.0597 AM
[ReportManager] API Action [GetResponseJSONValue] successfully performed. With the following test data [title]. @05-10-2021 01:54:29.0611 AM
[ReportManager] API Action [GetResponseJSONValue] successfully performed. With the following test data [title]. @05-10-2021 01:54:29.0624 AM
[ReportManager] API Action [GetResponseJSONValue] successfully performed. With the following test data [title]. @05-10-2021 01:54:29.0637 AM
[ReportManager] API Action [GetResponseJSONValue] successfully performed. With the following test data [title]. @05-10-2021 01:54:29.0651 AM
[ReportManager] API Action [GetResponseJSONValue] successfully performed. With the following test data [title]. @05-10-2021 01:54:29.0666 AM
[ReportManager] API Action [GetResponseJSONValue] successfully performed. With the following test data [title]. @05-10-2021 01:54:29.0678 AM
[ReportManager] API Action [GetResponseJSONValue] successfully performed. With the following test data [title]. @05-10-2021 01:54:29.0691 AM
[ReportManager] API Action [GetResponseJSONValue] successfully performed. With the following test data [title]. @05-10-2021 01:54:29.0706 AM
[ReportManager] API Action [GetResponseJSONValue] successfully performed. With the following test data [title]. @05-10-2021 01:54:29.0720 AM
[ReportManager] API Action [GetResponseJSONValue] successfully performed. With the following test data [title]. @05-10-2021 01:54:29.0733 AM
[ReportManager] API Action [GetResponseJSONValue] successfully performed. With the following test data [title]. @05-10-2021 01:54:29.0748 AM
[ReportManager] API Action [GetResponseJSONValue] successfully performed. With the following test data [title]. @05-10-2021 01:54:29.0760 AM
[ReportManager] API Action [GetResponseJSONValue] successfully performed. With the following test data [title]. @05-10-2021 01:54:29.0773 AM
[ReportManager] API Action [GetResponseJSONValue] successfully performed. With the following test data [title]. @05-10-2021 01:54:29.0785 AM
[ReportManager] API Action [GetResponseJSONValue] successfully performed. With the following test data [title]. @05-10-2021 01:54:29.0797 AM
[ReportManager] API Action [GetResponseJSONValue] successfully performed. With the following test data [title]. @05-10-2021 01:54:29.0811 AM
[ReportManager] API Action [GetResponseJSONValue] successfully performed. With the following test data [title]. @05-10-2021 01:54:29.0824 AM
[ReportManager] API Action [GetResponseJSONValue] successfully performed. With the following test data [title]. @05-10-2021 01:54:29.0837 AM
[ReportManager] API Action [GetResponseJSONValue] successfully performed. With the following test data [title]. @05-10-2021 01:54:29.0849 AM
[ReportManager] API Action [GetResponseJSONValue] successfully performed. With the following test data [title]. @05-10-2021 01:54:29.0863 AM
[ReportManager] API Action [GetResponseJSONValue] successfully performed. With the following test data [title]. @05-10-2021 01:54:29.0875 AM
[ReportManager] API Action [GetResponseJSONValue] successfully performed. With the following test data [title]. @05-10-2021 01:54:29.0887 AM
[ReportManager] API Action [GetResponseJSONValue] successfully performed. With the following test data [title]. @05-10-2021 01:54:29.0899 AM
[ReportManager] API Action [GetResponseJSONValue] successfully performed. With the following test data [title]. @05-10-2021 01:54:29.0914 AM
[ReportManager] API Action [GetResponseJSONValue] successfully performed. With the following test data [title]. @05-10-2021 01:54:29.0936 AM
[ReportManager] API Action [GetResponseJSONValue] successfully performed. With the following test data [title]. @05-10-2021 01:54:29.0950 AM
[ReportManager] API Action [GetResponseJSONValue] successfully performed. With the following test data [title]. @05-10-2021 01:54:29.0964 AM
[ReportManager] API Action [GetResponseJSONValue] successfully performed. With the following test data [title]. @05-10-2021 01:54:29.0978 AM
[ReportManager] API Action [GetResponseJSONValue] successfully performed. With the following test data [title]. @05-10-2021 01:54:29.0989 AM
[ReportManager] API Action [GetResponseJSONValue] successfully performed. With the following test data [title]. @05-10-2021 01:54:30.0002 AM
[ReportManager] API Action [GetResponseJSONValue] successfully performed. With the following test data [title]. @05-10-2021 01:54:30.0014 AM
[ReportManager] API Action [GetResponseJSONValue] successfully performed. With the following test data [title]. @05-10-2021 01:54:30.0025 AM
[ReportManager] API Action [GetResponseJSONValue] successfully performed. With the following test data [title]. @05-10-2021 01:54:30.0036 AM
[ReportManager] API Action [GetResponseJSONValue] successfully performed. With the following test data [title]. @05-10-2021 01:54:30.0047 AM
[ReportManager] API Action [GetResponseJSONValue] successfully performed. With the following test data [title]. @05-10-2021 01:54:30.0062 AM
[ReportManager] API Action [GetResponseJSONValue] successfully performed. With the following test data [title]. @05-10-2021 01:54:30.0078 AM
[ReportManager] API Action [GetResponseJSONValue] successfully performed. With the following test data [title]. @05-10-2021 01:54:30.0090 AM
[ReportManager] API Action [GetResponseJSONValue] successfully performed. With the following test data [title]. @05-10-2021 01:54:30.0103 AM
[ReportManager] API Action [GetResponseJSONValue] successfully performed. With the following test data [title]. @05-10-2021 01:54:30.0115 AM
[ReportManager] API Action [GetResponseJSONValue] successfully performed. With the following test data [title]. @05-10-2021 01:54:30.0128 AM
[ReportManager] API Action [GetResponseJSONValue] successfully performed. With the following test data [title]. @05-10-2021 01:54:30.0140 AM
[ReportManager] API Action [GetResponseJSONValue] successfully performed. With the following test data [title]. @05-10-2021 01:54:30.0153 AM
[ReportManager] API Action [GetResponseJSONValue] successfully performed. With the following test data [title]. @05-10-2021 01:54:30.0166 AM
[ReportManager] API Action [GetResponseJSONValue] successfully performed. With the following test data [title]. @05-10-2021 01:54:30.0179 AM
[ReportManager] API Action [GetResponseJSONValue] successfully performed. With the following test data [title]. @05-10-2021 01:54:30.0192 AM
[ReportManager] API Action [GetResponseJSONValue] successfully performed. With the following test data [title]. @05-10-2021 01:54:30.0204 AM
[ReportManager] API Action [GetResponseJSONValue] successfully performed. With the following test data [title]. @05-10-2021 01:54:30.0225 AM
[ReportManager] API Action [GetResponseJSONValue] successfully performed. With the following test data [title]. @05-10-2021 01:54:30.0236 AM
[ReportManager] API Action [GetResponseJSONValue] successfully performed. With the following test data [title]. @05-10-2021 01:54:30.0250 AM
[ReportManager] API Action [GetResponseJSONValue] successfully performed. With the following test data [title]. @05-10-2021 01:54:30.0270 AM
[ReportManager] API Action [GetResponseJSONValue] successfully performed. With the following test data [title]. @05-10-2021 01:54:30.0287 AM
[ReportManager] API Action [GetResponseJSONValue] successfully performed. With the following test data [title]. @05-10-2021 01:54:30.0347 AM
[ReportManager] API Action [GetResponseJSONValue] successfully performed. With the following test data [title]. @05-10-2021 01:54:30.0361 AM
[ReportManager] API Action [GetResponseJSONValue] successfully performed. With the following test data [title]. @05-10-2021 01:54:30.0401 AM
[ReportManager] API Action [GetResponseJSONValue] successfully performed. With the following test data [title]. @05-10-2021 01:54:30.0417 AM
[ReportManager] API Action [GetResponseJSONValue] successfully performed. With the following test data [title]. @05-10-2021 01:54:30.0430 AM
[ReportManager] API Action [GetResponseJSONValue] successfully performed. With the following test data [title]. @05-10-2021 01:54:30.0445 AM
[ReportManager] API Action [GetResponseJSONValue] successfully performed. With the following test data [title]. @05-10-2021 01:54:30.0470 AM
[ReportManager] API Action [GetResponseJSONValue] successfully performed. With the following test data [title]. @05-10-2021 01:54:30.0530 AM
[ReportManager] API Action [GetResponseJSONValue] successfully performed. With the following test data [title]. @05-10-2021 01:54:30.0552 AM
[ReportManager] API Action [GetResponseJSONValue] successfully performed. With the following test data [title]. @05-10-2021 01:54:30.0566 AM
[ReportManager] API Action [GetResponseJSONValue] successfully performed. With the following test data [title]. @05-10-2021 01:54:30.0580 AM
[ReportManager] API Action [GetResponseJSONValue] successfully performed. With the following test data [title]. @05-10-2021 01:54:30.0595 AM
[ReportManager] API Action [GetResponseJSONValue] successfully performed. With the following test data [title]. @05-10-2021 01:54:30.0609 AM
[ReportManager] API Action [GetResponseJSONValue] successfully performed. With the following test data [title]. @05-10-2021 01:54:30.0624 AM
[ReportManager] API Action [GetResponseJSONValue] successfully performed. With the following test data [title]. @05-10-2021 01:54:30.0641 AM
[ReportManager] API Action [GetResponseJSONValue] successfully performed. With the following test data [title]. @05-10-2021 01:54:30.0655 AM
[ReportManager] API Action [GetResponseJSONValue] successfully performed. With the following test data [title]. @05-10-2021 01:54:30.0668 AM
[ReportManager] API Action [GetResponseJSONValue] successfully performed. With the following test data [title]. @05-10-2021 01:54:30.0684 AM
[ReportManager] API Action [GetResponseJSONValue] successfully performed. With the following test data [title]. @05-10-2021 01:54:30.0697 AM
[ReportManager] API Action [GetResponseJSONValue] successfully performed. With the following test data [title]. @05-10-2021 01:54:30.0714 AM
[ReportManager] API Action [GetResponseJSONValue] successfully performed. With the following test data [title]. @05-10-2021 01:54:30.0742 AM
[ReportManager] API Action [GetResponseJSONValue] successfully performed. With the following test data [title]. @05-10-2021 01:54:30.0753 AM
[ReportManager] API Action [GetResponseJSONValue] successfully performed. With the following test data [title]. @05-10-2021 01:54:30.0763 AM
[ReportManager] API Action [GetResponseJSONValue] successfully performed. With the following test data [title]. @05-10-2021 01:54:30.0777 AM
[ReportManager] API Action [GetResponseJSONValue] successfully performed. With the following test data [title]. @05-10-2021 01:54:30.0795 AM
[ReportManager] API Action [GetResponseJSONValue] successfully performed. With the following test data [title]. @05-10-2021 01:54:30.0814 AM
[ReportManager] API Action [GetResponseJSONValue] successfully performed. With the following test data [title]. @05-10-2021 01:54:30.0837 AM
[ReportManager] API Action [GetResponseJSONValue] successfully performed. With the following test data [title]. @05-10-2021 01:54:30.0851 AM
[ReportManager] API Action [GetResponseJSONValue] successfully performed. With the following test data [title]. @05-10-2021 01:54:30.0865 AM
[ReportManager] API Action [GetResponseJSONValue] successfully performed. With the following test data [title]. @05-10-2021 01:54:30.0890 AM
[ReportManager] API Action [GetResponseJSONValue] successfully performed. With the following test data [title]. @05-10-2021 01:54:30.0901 AM
[ReportManager] API Action [GetResponseJSONValue] successfully performed. With the following test data [title]. @05-10-2021 01:54:30.0911 AM
[ReportManager] API Action [GetResponseJSONValue] successfully performed. With the following test data [title]. @05-10-2021 01:54:30.0927 AM
[ReportManager] API Action [GetResponseJSONValue] successfully performed. With the following test data [title]. @05-10-2021 01:54:30.0938 AM
[ReportManager] API Action [GetResponseJSONValue] successfully performed. With the following test data [title]. @05-10-2021 01:54:30.0948 AM
[ReportManager] API Action [GetResponseJSONValue] successfully performed. With the following test data [title]. @05-10-2021 01:54:30.0959 AM
[ReportManager] API Action [GetResponseJSONValue] successfully performed. With the following test data [title]. @05-10-2021 01:54:30.0972 AM
[ReportManager] API Action [GetResponseJSONValue] successfully performed. With the following test data [title]. @05-10-2021 01:54:30.0982 AM
[ReportManager] API Action [GetResponseJSONValue] successfully performed. With the following test data [title]. @05-10-2021 01:54:30.0999 AM
[ReportManager] API Action [GetResponseJSONValue] successfully performed. With the following test data [title]. @05-10-2021 01:54:31.0021 AM
[ReportManager] API Action [GetResponseJSONValue] successfully performed. With the following test data [title]. @05-10-2021 01:54:31.0037 AM
[ReportManager] API Action [GetResponseJSONValue] successfully performed. With the following test data [title]. @05-10-2021 01:54:31.0048 AM
[ReportManager] API Action [GetResponseJSONValue] successfully performed. With the following test data [title]. @05-10-2021 01:54:31.0061 AM
[ReportManager] API Action [GetResponseJSONValue] successfully performed. With the following test data [title]. @05-10-2021 01:54:31.0072 AM
[ReportManager] API Action [GetResponseJSONValue] successfully performed. With the following test data [title]. @05-10-2021 01:54:31.0082 AM
[ReportManager] API Action [GetResponseJSONValue] successfully performed. With the following test data [title]. @05-10-2021 01:54:31.0091 A

################################################################################################################################################
Starting Execution:	[48 out of 144] test cases in the current suite
Test Method:		[unitTests.tests_restActions.validateUserEmail]
################################################################################################################################################
[ReportManager] Response status code: [200], status line: [HTTP/1.1 200 OK] @05-10-2021 01:54:31.0205 AM
[ReportManager] Assertion Passed: Evaluating the actual response status code against the expected one... @05-10-2021 01:54:31.0206 AM
[ReportManager] Assertion [ValidateEquals] PASSED. Expected [200] and Actual [200]. Comparison Type [EQUALS]. Validation Type [POSITIVE]. @05-10-2021 01:54:31.0206 AM
[ReportManager] API Action [PerformRequest] successfully performed. With the following test data [Request Type: "GET" | Target Status Code: "200" | Service URL: "https://jsonplaceholder.typicode.com/users" | Content Type: "*/*" | Response Time: "85ms"]. @05-10-2021 01:54:31.0235 AM
[ReportManager] Successfully created attachment [API Request - Specifications] @05-10-2021 01:54:31.0236 AM
[ReportManager] Successfully created attachment [API Response - JSON Body] @05-10-2021 01:54:31.0237 AM
[ReportManager] Assertion [ValidateEquals] PASSED. Expected and Actual values are attached. Comparison Type [CONTAINS]. Validation Type [POSITIVE]. @05-10-2021 01:54:31.0237 AM
[ReportManager] Successfully created attachment [Validation Test Data - Expected Value] @05-10-2021 01:54:31.0238 AM
[ReportManager] Successfully created attachment [Validation Test Data - Actual Value] @05-10-2021 01:54:31.0238 AM
[ReportManager] API Action [GetResponseJSONValueAsList] successfully performed. With the following test data [$]. @05-10-2021 01:54:31.0242 AM
[ReportManager] API Action [GetResponseJSONValue] successfully performed. With the following test data [name]. @05-10-2021 01:54:31.0257 AM
[ReportManager] API Action [GetResponseJSONValue] successfully performed. With the following test data [email]. @05-10-2021 01:54:31.0267 AM
[ReportManager] Assertion [ValidateEquals] PASSED. Expected [Sincere@april.biz] and Actual [Sincere@april.biz]. Comparison Type [EQUALS]. Validation Type [POSITIVE]. @05-10-2021 01:54:31.0267 AM
[ReportManager] API Action [GetResponseJSONValue] successfully performed. With the following test data [name]. @05-10-2021 01:54:31.0278 AM
[ReportManager] API Action [GetResponseJSONValue] successfully performed. With the following test data [name]. @05-10-2021 01:54:31.0291 AM
[ReportManager] API Action [GetResponseJSONValue] successfully performed. With the following test data [name]. @05-10-2021 01:54:31.0307 AM
[ReportManager] API Action [GetResponseJSONValue] successfully performed. With the following test data [name]. @05-10-2021 01:54:31.0321 AM
[ReportManager] API Action [GetResponseJSONValue] successfully performed. With the following test data [name]. @05-10-2021 01:54:31.0330 AM
[ReportManager] API Action [GetResponseJSONValue] successfully performed. With the following test data [name]. @05-10-2021 01:54:31.0339 AM
[ReportManager] API Action [GetResponseJSONValue] successfully performed. With the following test data [name]. @05-10-2021 01:54:31.0351 AM
[ReportManager] API Action [GetResponseJSONValue] successfully performed. With the following test data [name]. @05-10-2021 01:54:31.0363 AM
[ReportManager] API Action [GetResponseJSONValue] successfully performed. With the following test data [name]. @05-10-2021 01:54:31.0373 A
[ReportManager] File Action [GetAbsolutePath] successfully performed. With the following test data [Relative Folder Path: "target/downloadedFiles/"]. @05-10-2021 01:54:31.0383 AM
[ReportManager] Attempting to run remotely on: [Linux-64], [GoogleChrome], [http://localhost:4444/wd/hub], Headless Execution. @05-10-2021 01:54:31.0383 AM
[ReportManager] Successfully Opened [GoogleChrome]. @05-10-2021 01:54:31.0632 A

################################################################################################################################################
Starting Execution:	[49 out of 144] test cases in the current suite
Test Method:		[unitTests.tests_element_elementActions.waitForElementToBePresent_false_expectedToFail]
################################################################################################################################################
[ReportManager] Target URL: [https://www.google.com/ncr], and after redirection: [www.google.com] @05-10-2021 01:54:31.0662 AM
[ReportManager] Initial URL: [data:,] @05-10-2021 01:54:31.0718 AM
[ReportManager] Browser Action [NavigateToURL] successfully performed. With the following test data [https://www.google.com/ncr]. @05-10-2021 01:54:32.0638 AM
[ReportManager] Waiting for element to be present; elementLocator [By.xpath: //*[@id='hplogo' or @alt='Google']], numberOfTries[1], stateOfPresence[false]... @05-10-2021 01:54:32.0647 AM
[ReportManager] Element Action [WaitForElementToBePresent] failed. With the following test data [waited for the element's state of presence to be (false). Element locator (By.xpath: //*[@id='hplogo' or @alt='Google'])]. @05-10-2021 01:54:32.0842 AM
[ReportManager] Successfully created attachment [Screenshot - 1633398872782_waitForElementToBePresent_false_expectedToFail_WaitForElementToBePresent_failed] @05-10-2021 01:54:32.0843 A
[ReportManager] Browser Action [CloseCurrentWindow] successfully performed. @05-10-2021 01:54:32.0971 AM
[ReportManager] Successfully created attachment [Browser Action Test Data - CloseCurrentWindow - Actual Value] @05-10-2021 01:54:32.0972 A
[ReportManager] File Action [GetAbsolutePath] successfully performed. With the following test data [Relative Folder Path: "target/downloadedFiles/"]. @05-10-2021 01:54:32.0974 AM
[ReportManager] Attempting to run remotely on: [Linux-64], [GoogleChrome], [http://localhost:4444/wd/hub], Headless Execution. @05-10-2021 01:54:32.0974 AM
[ReportManager] Successfully Opened [GoogleChrome]. @05-10-2021 01:54:33.0194 A

################################################################################################################################################
Starting Execution:	[50 out of 144] test cases in the current suite
Test Method:		[unitTests.tests_element_elementActions.waitForElementToBePresent_false_expectedToPass]
################################################################################################################################################
[ReportManager] Target URL: [https://www.google.com/ncr], and after redirection: [www.google.com] @05-10-2021 01:54:33.0211 AM
[ReportManager] Initial URL: [data:,] @05-10-2021 01:54:33.0252 AM
[ReportManager] Browser Action [NavigateToURL] successfully performed. With the following test data [https://www.google.com/ncr]. @05-10-2021 01:54:34.0129 AM
[ReportManager] Waiting for element to be present; elementLocator [By.id: bla], numberOfTries[1], stateOfPresence[false]... @05-10-2021 01:54:34.0129 AM
[ReportManager] Element Action [WaitForElementToBePresent] successfully performed. With the following test data [waited for the element's state of presence to be (false). Element locator (By.id: bla)]. @05-10-2021 01:54:39.0265 A
[ReportManager] Browser Action [CloseCurrentWindow] successfully performed. @05-10-2021 01:54:39.0397 AM
[ReportManager] Successfully created attachment [Browser Action Test Data - CloseCurrentWindow - Actual Value] @05-10-2021 01:54:39.0397 A
[ReportManager] File Action [GetAbsolutePath] successfully performed. With the following test data [Relative Folder Path: "target/downloadedFiles/"]. @05-10-2021 01:54:39.0401 AM
[ReportManager] Attempting to run remotely on: [Linux-64], [GoogleChrome], [http://localhost:4444/wd/hub], Headless Execution. @05-10-2021 01:54:39.0402 AM
[ReportManager] Successfully Opened [GoogleChrome]. @05-10-2021 01:54:39.0618 A

################################################################################################################################################
Starting Execution:	[51 out of 144] test cases in the current suite
Test Method:		[unitTests.tests_element_elementActions.waitForElementToBePresent_moreThanOneElement_expectedToFail]
################################################################################################################################################
[ReportManager] Target URL: [https://www.google.com/ncr], and after redirection: [www.google.com] @05-10-2021 01:54:39.0644 AM
[ReportManager] Initial URL: [data:,] @05-10-2021 01:54:39.0690 AM
[ReportManager] Browser Action [NavigateToURL] successfully performed. With the following test data [https://www.google.com/ncr]. @05-10-2021 01:54:40.0635 AM
[ReportManager] Waiting for element to be present; elementLocator [By.xpath: //*], numberOfTries[1], stateOfPresence[false]... @05-10-2021 01:54:40.0635 AM
[ReportManager] Element Action [WaitForElementToBePresent] failed. With the following test data [waited for the element's state of presence to be (false). Element locator (By.xpath: //*)]. @05-10-2021 01:54:40.0844 AM
[ReportManager] Successfully created attachment [Screenshot - 1633398880785_waitForElementToBePresent_moreThanOneElement_expectedToFail_WaitForElementToBePresent_failed] @05-10-2021 01:54:40.0845 A
[ReportManager] Browser Action [CloseCurrentWindow] successfully performed. @05-10-2021 01:54:40.0971 AM
[ReportManager] Successfully created attachment [Browser Action Test Data - CloseCurrentWindow - Actual Value] @05-10-2021 01:54:40.0972 A
[ReportManager] File Action [GetAbsolutePath] successfully performed. With the following test data [Relative Folder Path: "target/downloadedFiles/"]. @05-10-2021 01:54:40.0974 AM
[ReportManager] Attempting to run remotely on: [Linux-64], [GoogleChrome], [http://localhost:4444/wd/hub], Headless Execution. @05-10-2021 01:54:40.0975 AM
[ReportManager] Successfully Opened [GoogleChrome]. @05-10-2021 01:54:41.0189 A

################################################################################################################################################
Starting Execution:	[52 out of 144] test cases in the current suite
Test Method:		[unitTests.tests_element_elementActions.waitForElementToBePresent_true_expectedToFail]
################################################################################################################################################
[ReportManager] Target URL: [https://www.google.com/ncr], and after redirection: [www.google.com] @05-10-2021 01:54:41.0212 AM
[ReportManager] Initial URL: [data:,] @05-10-2021 01:54:41.0265 AM
[ReportManager] Browser Action [NavigateToURL] successfully performed. With the following test data [https://www.google.com/ncr]. @05-10-2021 01:54:42.0128 AM
[ReportManager] Waiting for element to be present; elementLocator [By.id: bla], numberOfTries[1], stateOfPresence[true]... @05-10-2021 01:54:42.0129 AM
[ReportManager] Element Action [WaitForElementToBePresent] failed. With the following test data [waited for the element's state of presence to be (true). Element locator (By.id: bla)]. @05-10-2021 01:54:47.0369 AM
[ReportManager] Successfully created attachment [Screenshot - 1633398887311_waitForElementToBePresent_true_expectedToFail_WaitForElementToBePresent_failed] @05-10-2021 01:54:47.0370 A
[ReportManager] Browser Action [CloseCurrentWindow] successfully performed. @05-10-2021 01:54:47.0490 AM
[ReportManager] Successfully created attachment [Browser Action Test Data - CloseCurrentWindow - Actual Value] @05-10-2021 01:54:47.0491 A
[ReportManager] File Action [GetAbsolutePath] successfully performed. With the following test data [Relative Folder Path: "target/downloadedFiles/"]. @05-10-2021 01:54:47.0494 AM
[ReportManager] Attempting to run remotely on: [Linux-64], [GoogleChrome], [http://localhost:4444/wd/hub], Headless Execution. @05-10-2021 01:54:47.0494 AM
[ReportManager] Successfully Opened [GoogleChrome]. @05-10-2021 01:54:47.0777 A

################################################################################################################################################
Starting Execution:	[53 out of 144] test cases in the current suite
Test Method:		[unitTests.tests_element_elementActions.waitForElementToBePresent_true_expectedToPass]
################################################################################################################################################
[ReportManager] Target URL: [https://www.google.com/ncr], and after redirection: [www.google.com] @05-10-2021 01:54:47.0790 AM
[ReportManager] Initial URL: [data:,] @05-10-2021 01:54:47.0857 AM
[ReportManager] Browser Action [NavigateToURL] successfully performed. With the following test data [https://www.google.com/ncr]. @05-10-2021 01:54:48.0714 AM
[ReportManager] Waiting for element to be present; elementLocator [By.xpath: //*[@id='hplogo' or @alt='Google']], numberOfTries[1], stateOfPresence[true]... @05-10-2021 01:54:48.0714 AM
[ReportManager] Element Action [WaitForElementToBePresent] successfully performed. With the following test data [waited for the element's state of presence to be (true). Element locator (By.xpath: //*[@id='hplogo' or @alt='Google'])]. @05-10-2021 01:54:48.0768 AM
[ReportManager] File Action [DoesFileExist] successfully performed. With the following test data [File Path: "src/test/resources/DynamicObjectRepository/unitTests_tests_element_elementActions_waitForElementToBePresent_true_expectedToPass_By_xpath_id_hplogo_or_alt_Google.png"]. @05-10-2021 01:54:48.0771 AM
[ReportManager] File Action [DoesFileExist] successfully performed. With the following test data [File Path: "src/test/resources/DynamicObjectRepository/unitTests_tests_element_elementActions_waitForElementToBePresent_true_expectedToPass_By_xpath_id_hplogo_or_alt_Google.png"]. @05-10-2021 01:54:48.0936 AM
[ReportManager] Passing the test and saving a reference image @05-10-2021 01:54:48.0936 AM
[ReportManager] File Action [GetAbsolutePath] successfully performed. With the following test data [Relative File Path: "src/test/resources/DynamicObjectRepository/unitTests_tests_element_elementActions_waitForElementToBePresent_true_expectedToPass_By_xpath_id_hplogo_or_alt_Google.png"]. @05-10-2021 01:54:48.0936 AM
[ReportManager] File Action [WriteToFile] successfully performed. With the following test data [Target File Path: "/home/runner/work/SHAFT_ENGINE/SHAFT_ENGINE/src/test/resources/DynamicObjectRepository/unitTests_tests_element_elementActions_waitForElementToBePresent_true_expectedToPass_By_xpath_id_hplogo_or_alt_Google.png"]. @05-10-2021 01:54:48.0939 AM
[ReportManager] Assertion Passed: Using Visual AI; OpenCV @05-10-2021 01:54:48.0939 AM
[ReportManager] Successfully created attachment [Validation Test Data - Actual Screenshot] @05-10-2021 01:54:48.0941 AM
[ReportManager] Assertion [ValidateElementMatches] PASSED. Expected [Element should match the reference screenshot] and Actual [TRUE]. Comparison Type [EXACT_OPENCV]. Validation Type [POSITIVE]. @05-10-2021 01:54:48.0941 A
[ReportManager] Browser Action [CloseCurrentWindow] successfully performed. @05-10-2021 01:54:49.0072 AM
[ReportManager] Successfully created attachment [Browser Action Test Data - CloseCurrentWindow - Actual Value] @05-10-2021 01:54:49.0072 A
[ReportManager] File Action [GetAbsolutePath] successfully performed. With the following test data [Relative Folder Path: "target/downloadedFiles/"]. @05-10-2021 01:54:49.0075 AM
[ReportManager] Attempting to run remotely on: [Linux-64], [GoogleChrome], [http://localhost:4444/wd/hub], Headless Execution. @05-10-2021 01:54:49.0075 AM
[ReportManager] Successfully Opened [GoogleChrome]. @05-10-2021 01:54:49.0282 AM
[ReportManager] Target URL: [https://duckduckgo.com] @05-10-2021 01:54:49.0305 AM
[ReportManager] Initial URL: [data:,] @05-10-2021 01:54:49.0353 AM
[ReportManager] Browser Action [NavigateToURL] successfully performed. With the following test data [https://duckduckgo.com]. @05-10-2021 01:54:50.0062 A

################################################################################################################################################
Starting Execution:	[54 out of 144] test cases in the current suite
Test Method:		[unitTests.tests_browserActions.fullScreenWindow]
################################################################################################################################################
[ReportManager] Initial Windows Size: 800x600 @05-10-2021 01:54:50.0081 AM
[ReportManager] Initial window size: (800, 600) @05-10-2021 01:54:50.0084 AM
[ReportManager] Window size after Toolkit: (1920, 1080) @05-10-2021 01:54:50.0316 AM
[ReportManager] Browser Action [MaximizeWindow] successfully performed. With the following test data [New screen size is now: (1920, 1080)]. @05-10-2021 01:54:50.0319 AM
[ReportManager] Current Windows Size after fullScreen: 1920x1080 @05-10-2021 01:54:50.0327 AM
[ReportManager] Browser Action [FullScreenWindow] successfully performed. @05-10-2021 01:54:50.0349 AM
[ReportManager] Successfully created attachment [Browser Action Test Data - FullScreenWindow - Actual Value] @05-10-2021 01:54:50.0352 A
[ReportManager] Target URL: [https://duckduckgo.com] @05-10-2021 01:54:50.0355 AM
[ReportManager] Initial URL: [https://duckduckgo.com] @05-10-2021 01:54:50.0431 AM
[ReportManager] Browser Action [NavigateToURL] successfully performed. With the following test data [https://duckduckgo.com]. @05-10-2021 01:54:50.0840 AM
[ReportManager] Browser Action [CloseCurrentWindow] successfully performed. @05-10-2021 01:54:50.0944 AM
[ReportManager] Successfully created attachment [Browser Action Test Data - CloseCurrentWindow - Actual Value] @05-10-2021 01:54:50.0947 A
[ReportManager] File Action [GetAbsolutePath] successfully performed. With the following test data [Relative Folder Path: "target/downloadedFiles/"]. @05-10-2021 01:54:50.0949 AM
[ReportManager] Attempting to run remotely on: [Linux-64], [GoogleChrome], [http://localhost:4444/wd/hub], Headless Execution. @05-10-2021 01:54:50.0949 AM
[ReportManager] Successfully Opened [GoogleChrome]. @05-10-2021 01:54:51.0201 AM
[ReportManager] Target URL: [https://duckduckgo.com] @05-10-2021 01:54:51.0232 AM
[ReportManager] Initial URL: [data:,] @05-10-2021 01:54:51.0300 AM
[ReportManager] Browser Action [NavigateToURL] successfully performed. With the following test data [https://duckduckgo.com]. @05-10-2021 01:54:52.0142 A

################################################################################################################################################
Starting Execution:	[55 out of 144] test cases in the current suite
Test Method:		[unitTests.tests_browserActions.getCurrentURL]
################################################################################################################################################
[ReportManager] Browser Action [GetCurrentURL] successfully performed. With the following test data [https://duckduckgo.com/]. @05-10-2021 01:54:52.0192 A
[ReportManager] Target URL: [https://duckduckgo.com] @05-10-2021 01:54:52.0195 AM
[ReportManager] Initial URL: [https://duckduckgo.com] @05-10-2021 01:54:52.0266 AM
[ReportManager] Browser Action [NavigateToURL] successfully performed. With the following test data [https://duckduckgo.com]. @05-10-2021 01:54:52.0606 AM
[ReportManager] Browser Action [CloseCurrentWindow] successfully performed. @05-10-2021 01:54:52.0740 AM
[ReportManager] Successfully created attachment [Browser Action Test Data - CloseCurrentWindow - Actual Value] @05-10-2021 01:54:52.0741 A
[ReportManager] File Action [GetAbsolutePath] successfully performed. With the following test data [Relative Folder Path: "target/downloadedFiles/"]. @05-10-2021 01:54:52.0745 AM
[ReportManager] Attempting to run remotely on: [Linux-64], [GoogleChrome], [http://localhost:4444/wd/hub], Headless Execution. @05-10-2021 01:54:52.0745 AM
[ReportManager] Successfully Opened [GoogleChrome]. @05-10-2021 01:54:52.0995 AM
[ReportManager] Target URL: [https://duckduckgo.com] @05-10-2021 01:54:53.0014 AM
[ReportManager] Initial URL: [data:,] @05-10-2021 01:54:53.0058 AM
[ReportManager] Browser Action [NavigateToURL] successfully performed. With the following test data [https://duckduckgo.com]. @05-10-2021 01:54:53.0912 A

################################################################################################################################################
Starting Execution:	[56 out of 144] test cases in the current suite
Test Method:		[unitTests.tests_browserActions.getCurrentWindowTitle]
################################################################################################################################################
[ReportManager] Browser Action [GetCurrentWindowTitle] successfully performed. With the following test data [DuckDuckGo  Privacy, simplified.]. @05-10-2021 01:54:53.0977 A
[ReportManager] Target URL: [https://duckduckgo.com] @05-10-2021 01:54:53.0981 AM
[ReportManager] Initial URL: [https://duckduckgo.com] @05-10-2021 01:54:54.0042 AM
[ReportManager] Browser Action [NavigateToURL] successfully performed. With the following test data [https://duckduckgo.com]. @05-10-2021 01:54:54.0410 AM
[ReportManager] Browser Action [CloseCurrentWindow] successfully performed. @05-10-2021 01:54:54.0541 AM
[ReportManager] Successfully created attachment [Browser Action Test Data - CloseCurrentWindow - Actual Value] @05-10-2021 01:54:54.0542 A
[ReportManager] File Action [GetAbsolutePath] successfully performed. With the following test data [Relative Folder Path: "target/downloadedFiles/"]. @05-10-2021 01:54:54.0550 AM
[ReportManager] Attempting to run remotely on: [Linux-64], [GoogleChrome], [http://localhost:4444/wd/hub], Headless Execution. @05-10-2021 01:54:54.0551 AM
[ReportManager] Successfully Opened [GoogleChrome]. @05-10-2021 01:54:54.0895 AM
[ReportManager] Target URL: [https://duckduckgo.com] @05-10-2021 01:54:54.0906 AM
[ReportManager] Initial URL: [data:,] @05-10-2021 01:54:55.0009 AM
[ReportManager] Browser Action [NavigateToURL] successfully performed. With the following test data [https://duckduckgo.com]. @05-10-2021 01:54:55.0715 A

################################################################################################################################################
Starting Execution:	[57 out of 144] test cases in the current suite
Test Method:		[unitTests.tests_browserActions.getPageSource]
################################################################################################################################################
[ReportManager] Browser Action [GetPageSource] successfully performed. @05-10-2021 01:54:55.0761 AM
[ReportManager] Successfully created attachment [Browser Action Test Data - GetPageSource - Actual Value] @05-10-2021 01:54:55.0762 A
[ReportManager] Target URL: [https://duckduckgo.com] @05-10-2021 01:54:55.0765 AM
[ReportManager] Initial URL: [https://duckduckgo.com] @05-10-2021 01:54:55.0829 AM
[ReportManager] Browser Action [NavigateToURL] successfully performed. With the following test data [https://duckduckgo.com]. @05-10-2021 01:54:56.0176 AM
[ReportManager] Browser Action [CloseCurrentWindow] successfully performed. @05-10-2021 01:54:56.0278 AM
[ReportManager] Successfully created attachment [Browser Action Test Data - CloseCurrentWindow - Actual Value] @05-10-2021 01:54:56.0278 A
[ReportManager] File Action [GetAbsolutePath] successfully performed. With the following test data [Relative Folder Path: "target/downloadedFiles/"]. @05-10-2021 01:54:56.0281 AM
[ReportManager] Attempting to run remotely on: [Linux-64], [GoogleChrome], [http://localhost:4444/wd/hub], Headless Execution. @05-10-2021 01:54:56.0281 AM
[ReportManager] Successfully Opened [GoogleChrome]. @05-10-2021 01:54:56.0528 AM
[ReportManager] Target URL: [https://duckduckgo.com] @05-10-2021 01:54:56.0539 AM
[ReportManager] Initial URL: [data:,] @05-10-2021 01:54:56.0590 AM
[ReportManager] Browser Action [NavigateToURL] successfully performed. With the following test data [https://duckduckgo.com]. @05-10-2021 01:54:57.0236 A

################################################################################################################################################
Starting Execution:	[58 out of 144] test cases in the current suite
Test Method:		[unitTests.tests_browserActions.getWindowHandle]
################################################################################################################################################
[ReportManager] Browser Action [GetWindowHandle] successfully performed. With the following test data [CDwindow-0FFECF51A249454780DDF0EAF1685E0A]. @05-10-2021 01:54:57.0289 A
[ReportManager] Target URL: [https://duckduckgo.com] @05-10-2021 01:54:57.0291 AM
[ReportManager] Initial URL: [https://duckduckgo.com] @05-10-2021 01:54:57.0348 AM
[ReportManager] Browser Action [NavigateToURL] successfully performed. With the following test data [https://duckduckgo.com]. @05-10-2021 01:54:57.0702 AM
[ReportManager] Browser Action [CloseCurrentWindow] successfully performed. @05-10-2021 01:54:57.0799 AM
[ReportManager] Successfully created attachment [Browser Action Test Data - CloseCurrentWindow - Actual Value] @05-10-2021 01:54:57.0801 A
[ReportManager] File Action [GetAbsolutePath] successfully performed. With the following test data [Relative Folder Path: "target/downloadedFiles/"]. @05-10-2021 01:54:57.0804 AM
[ReportManager] Attempting to run remotely on: [Linux-64], [GoogleChrome], [http://localhost:4444/wd/hub], Headless Execution. @05-10-2021 01:54:57.0805 AM
[ReportManager] Successfully Opened [GoogleChrome]. @05-10-2021 01:54:58.0011 AM
[ReportManager] Target URL: [https://duckduckgo.com] @05-10-2021 01:54:58.0022 AM
[ReportManager] Initial URL: [data:,] @05-10-2021 01:54:58.0062 AM
[ReportManager] Browser Action [NavigateToURL] successfully performed. With the following test data [https://duckduckgo.com]. @05-10-2021 01:54:58.0695 A

################################################################################################################################################
Starting Execution:	[59 out of 144] test cases in the current suite
Test Method:		[unitTests.tests_browserActions.getWindowPosition]
################################################################################################################################################
[ReportManager] Browser Action [GetWindowPosition] successfully performed. With the following test data [(0, 0)]. @05-10-2021 01:54:58.0746 A
[ReportManager] Target URL: [https://duckduckgo.com] @05-10-2021 01:54:58.0750 AM
[ReportManager] Initial URL: [https://duckduckgo.com] @05-10-2021 01:54:58.0826 AM
[ReportManager] Browser Action [NavigateToURL] successfully performed. With the following test data [https://duckduckgo.com]. @05-10-2021 01:54:59.0187 AM
[ReportManager] Browser Action [CloseCurrentWindow] successfully performed. @05-10-2021 01:54:59.0290 AM
[ReportManager] Successfully created attachment [Browser Action Test Data - CloseCurrentWindow - Actual Value] @05-10-2021 01:54:59.0291 A
[ReportManager] File Action [GetAbsolutePath] successfully performed. With the following test data [Relative Folder Path: "target/downloadedFiles/"]. @05-10-2021 01:54:59.0293 AM
[ReportManager] Attempting to run remotely on: [Linux-64], [GoogleChrome], [http://localhost:4444/wd/hub], Headless Execution. @05-10-2021 01:54:59.0294 AM
[ReportManager] Successfully Opened [GoogleChrome]. @05-10-2021 01:54:59.0514 AM
[ReportManager] Target URL: [https://duckduckgo.com] @05-10-2021 01:54:59.0536 AM
[ReportManager] Initial URL: [data:,] @05-10-2021 01:54:59.0580 AM
[ReportManager] Browser Action [NavigateToURL] successfully performed. With the following test data [https://duckduckgo.com]. @05-10-2021 01:55:00.0278 A

################################################################################################################################################
Starting Execution:	[60 out of 144] test cases in the current suite
Test Method:		[unitTests.tests_browserActions.getWindowSize]
################################################################################################################################################
[ReportManager] Browser Action [GetWindowSize] successfully performed. With the following test data [(800, 600)]. @05-10-2021 01:55:00.0319 A
[ReportManager] Target URL: [https://duckduckgo.com] @05-10-2021 01:55:00.0322 AM
[ReportManager] Initial URL: [https://duckduckgo.com] @05-10-2021 01:55:00.0398 AM
[ReportManager] Browser Action [NavigateToURL] successfully performed. With the following test data [https://duckduckgo.com]. @05-10-2021 01:55:00.0738 AM
[ReportManager] Browser Action [CloseCurrentWindow] successfully performed. @05-10-2021 01:55:00.0836 AM
[ReportManager] Successfully created attachment [Browser Action Test Data - CloseCurrentWindow - Actual Value] @05-10-2021 01:55:00.0837 A
[ReportManager] File Action [GetAbsolutePath] successfully performed. With the following test data [Relative Folder Path: "target/downloadedFiles/"]. @05-10-2021 01:55:00.0839 AM
[ReportManager] Attempting to run remotely on: [Linux-64], [GoogleChrome], [http://localhost:4444/wd/hub], Headless Execution. @05-10-2021 01:55:00.0839 AM
[ReportManager] Successfully Opened [GoogleChrome]. @05-10-2021 01:55:01.0072 AM
[ReportManager] Target URL: [https://duckduckgo.com] @05-10-2021 01:55:01.0082 AM
[ReportManager] Initial URL: [data:,] @05-10-2021 01:55:01.0122 AM
[ReportManager] Browser Action [NavigateToURL] successfully performed. With the following test data [https://duckduckgo.com]. @05-10-2021 01:55:01.0821 A

################################################################################################################################################
Starting Execution:	[61 out of 144] test cases in the current suite
Test Method:		[unitTests.tests_browserActions.maximizeWindow]
################################################################################################################################################
[ReportManager] Initial window size: (800, 600) @05-10-2021 01:55:01.0833 AM
[ReportManager] Window size after Toolkit: (1920, 1080) @05-10-2021 01:55:02.0055 AM
[ReportManager] Browser Action [MaximizeWindow] successfully performed. With the following test data [New screen size is now: (1920, 1080)]. @05-10-2021 01:55:02.0058 A
[ReportManager] Target URL: [https://duckduckgo.com] @05-10-2021 01:55:02.0060 AM
[ReportManager] Initial URL: [https://duckduckgo.com] @05-10-2021 01:55:02.0127 AM
[ReportManager] Browser Action [NavigateToURL] successfully performed. With the following test data [https://duckduckgo.com]. @05-10-2021 01:55:02.0520 AM
[ReportManager] Browser Action [CloseCurrentWindow] successfully performed. @05-10-2021 01:55:02.0627 AM
[ReportManager] Successfully created attachment [Browser Action Test Data - CloseCurrentWindow - Actual Value] @05-10-2021 01:55:02.0636 A
[ReportManager] File Action [GetAbsolutePath] successfully performed. With the following test data [Relative Folder Path: "target/downloadedFiles/"]. @05-10-2021 01:55:02.0639 AM
[ReportManager] Attempting to run remotely on: [Linux-64], [GoogleChrome], [http://localhost:4444/wd/hub], Headless Execution. @05-10-2021 01:55:02.0639 AM
[ReportManager] Successfully Opened [GoogleChrome]. @05-10-2021 01:55:02.0855 AM
[ReportManager] Target URL: [https://duckduckgo.com] @05-10-2021 01:55:02.0871 AM
[ReportManager] Initial URL: [data:,] @05-10-2021 01:55:02.0935 AM
[ReportManager] Browser Action [NavigateToURL] successfully performed. With the following test data [https://duckduckgo.com]. @05-10-2021 01:55:03.0570 A

################################################################################################################################################
Starting Execution:	[62 out of 144] test cases in the current suite
Test Method:		[unitTests.tests_browserActions.navigateBack]
################################################################################################################################################
[ReportManager] Target URL: [https://www.google.com/ncr], and after redirection: [https://www.google.com] @05-10-2021 01:55:03.0573 AM
[ReportManager] Initial URL: [https://duckduckgo.com] @05-10-2021 01:55:03.0644 AM
[ReportManager] Browser Action [NavigateToURL] successfully performed. With the following test data [https://www.google.com/ncr]. @05-10-2021 01:55:04.0513 AM
[ReportManager] Browser Action [NavigateBack] successfully performed. With the following test data [https://duckduckgo.com/]. @05-10-2021 01:55:04.0930 AM
[ReportManager] Browser Action [GetCurrentURL] successfully performed. With the following test data [https://duckduckgo.com/]. @05-10-2021 01:55:04.0968 AM
[ReportManager] Assertion Passed: Confirming that navigating back was successful @05-10-2021 01:55:05.0094 AM
[ReportManager] Successfully created attachment [Screenshot - 1633398905030_navigateBack_ValidateBrowserAttribute_passed] @05-10-2021 01:55:05.0095 AM
[ReportManager] Assertion [ValidateBrowserAttribute] PASSED. Expected [Value Should be 'https://duckduckgo.com' for the 'CurrentUrl' attribute] and Actual [https://duckduckgo.com/]. Comparison Type [CONTAINS]. Validation Type [POSITIVE]. @05-10-2021 01:55:05.0095 A
[ReportManager] Target URL: [https://duckduckgo.com] @05-10-2021 01:55:05.0097 AM
[ReportManager] Initial URL: [https://duckduckgo.com] @05-10-2021 01:55:05.0153 AM
[ReportManager] Browser Action [NavigateToURL] successfully performed. With the following test data [https://duckduckgo.com]. @05-10-2021 01:55:05.0485 AM
[ReportManager] Browser Action [CloseCurrentWindow] successfully performed. @05-10-2021 01:55:05.0583 AM
[ReportManager] Successfully created attachment [Browser Action Test Data - CloseCurrentWindow - Actual Value] @05-10-2021 01:55:05.0584 A
[ReportManager] File Action [GetAbsolutePath] successfully performed. With the following test data [Relative Folder Path: "target/downloadedFiles/"]. @05-10-2021 01:55:05.0589 AM
[ReportManager] Attempting to run remotely on: [Linux-64], [GoogleChrome], [http://localhost:4444/wd/hub], Headless Execution. @05-10-2021 01:55:05.0590 AM
[ReportManager] Successfully Opened [GoogleChrome]. @05-10-2021 01:55:05.0814 AM
[ReportManager] Target URL: [https://duckduckgo.com] @05-10-2021 01:55:05.0826 AM
[ReportManager] Initial URL: [data:,] @05-10-2021 01:55:05.0870 AM
[ReportManager] Browser Action [NavigateToURL] successfully performed. With the following test data [https://duckduckgo.com]. @05-10-2021 01:55:06.0534 A

################################################################################################################################################
Starting Execution:	[63 out of 144] test cases in the current suite
Test Method:		[unitTests.tests_browserActions.navigateForward]
################################################################################################################################################
[ReportManager] Target URL: [https://www.google.com/ncr], and after redirection: [https://www.google.com] @05-10-2021 01:55:06.0538 AM
[ReportManager] Initial URL: [https://duckduckgo.com] @05-10-2021 01:55:06.0599 AM
[ReportManager] Browser Action [NavigateToURL] successfully performed. With the following test data [https://www.google.com/ncr]. @05-10-2021 01:55:07.0477 AM
[ReportManager] Browser Action [NavigateBack] successfully performed. With the following test data [https://duckduckgo.com/]. @05-10-2021 01:55:07.0868 AM
[ReportManager] Browser Action [NavigateForward] successfully performed. With the following test data [https://www.google.com/]. @05-10-2021 01:55:08.0302 A
[ReportManager] Target URL: [https://duckduckgo.com] @05-10-2021 01:55:08.0304 AM
[ReportManager] Initial URL: [https://www.google.com] @05-10-2021 01:55:08.0385 AM
[ReportManager] Browser Action [NavigateToURL] successfully performed. With the following test data [https://duckduckgo.com]. @05-10-2021 01:55:08.0865 AM
[ReportManager] Browser Action [CloseCurrentWindow] successfully performed. @05-10-2021 01:55:08.0969 AM
[ReportManager] Successfully created attachment [Browser Action Test Data - CloseCurrentWindow - Actual Value] @05-10-2021 01:55:08.0970 A
[ReportManager] File Action [GetAbsolutePath] successfully performed. With the following test data [Relative Folder Path: "target/downloadedFiles/"]. @05-10-2021 01:55:08.0972 AM
[ReportManager] Attempting to run remotely on: [Linux-64], [GoogleChrome], [http://localhost:4444/wd/hub], Headless Execution. @05-10-2021 01:55:08.0972 AM
[ReportManager] Successfully Opened [GoogleChrome]. @05-10-2021 01:55:09.0193 AM
[ReportManager] Target URL: [https://duckduckgo.com] @05-10-2021 01:55:09.0209 AM
[ReportManager] Initial URL: [data:,] @05-10-2021 01:55:09.0259 AM
[ReportManager] Browser Action [NavigateToURL] successfully performed. With the following test data [https://duckduckgo.com]. @05-10-2021 01:55:09.0951 A

################################################################################################################################################
Starting Execution:	[64 out of 144] test cases in the current suite
Test Method:		[unitTests.tests_browserActions.navigateToURL]
################################################################################################################################################
[ReportManager] Target URL: [https://duckduckgo.com] @05-10-2021 01:55:09.0959 AM
[ReportManager] Initial URL: [https://duckduckgo.com] @05-10-2021 01:55:10.0026 AM
[ReportManager] Browser Action [NavigateToURL] successfully performed. With the following test data [https://duckduckgo.com]. @05-10-2021 01:55:10.0366 A
[ReportManager] Target URL: [https://duckduckgo.com] @05-10-2021 01:55:10.0371 AM
[ReportManager] Initial URL: [https://duckduckgo.com] @05-10-2021 01:55:10.0423 AM
[ReportManager] Browser Action [NavigateToURL] successfully performed. With the following test data [https://duckduckgo.com]. @05-10-2021 01:55:10.0756 AM
[ReportManager] Browser Action [CloseCurrentWindow] successfully performed. @05-10-2021 01:55:10.0861 AM
[ReportManager] Successfully created attachment [Browser Action Test Data - CloseCurrentWindow - Actual Value] @05-10-2021 01:55:10.0862 A
[ReportManager] File Action [GetAbsolutePath] successfully performed. With the following test data [Relative Folder Path: "target/downloadedFiles/"]. @05-10-2021 01:55:10.0864 AM
[ReportManager] Attempting to run remotely on: [Linux-64], [GoogleChrome], [http://localhost:4444/wd/hub], Headless Execution. @05-10-2021 01:55:10.0864 AM
[ReportManager] Successfully Opened [GoogleChrome]. @05-10-2021 01:55:11.0082 AM
[ReportManager] Target URL: [https://duckduckgo.com] @05-10-2021 01:55:11.0092 AM
[ReportManager] Initial URL: [data:,] @05-10-2021 01:55:11.0146 AM
[ReportManager] Browser Action [NavigateToURL] successfully performed. With the following test data [https://duckduckgo.com]. @05-10-2021 01:55:11.0796 A

################################################################################################################################################
Starting Execution:	[65 out of 144] test cases in the current suite
Test Method:		[unitTests.tests_browserActions.navigateToURLWithRedirection]
################################################################################################################################################
[ReportManager] Target URL: [https://www.google.com/ncr], and after redirection: [https://www.google.com] @05-10-2021 01:55:11.0798 AM
[ReportManager] Initial URL: [https://duckduckgo.com] @05-10-2021 01:55:11.0857 AM
[ReportManager] Browser Action [NavigateToURL] successfully performed. With the following test data [https://www.google.com/ncr]. @05-10-2021 01:55:12.0829 A
[ReportManager] Target URL: [https://duckduckgo.com] @05-10-2021 01:55:12.0832 AM
[ReportManager] Initial URL: [https://www.google.com] @05-10-2021 01:55:12.0915 AM
[ReportManager] Browser Action [NavigateToURL] successfully performed. With the following test data [https://duckduckgo.com]. @05-10-2021 01:55:13.0426 AM
[ReportManager] Browser Action [CloseCurrentWindow] successfully performed. @05-10-2021 01:55:13.0523 AM
[ReportManager] Successfully created attachment [Browser Action Test Data - CloseCurrentWindow - Actual Value] @05-10-2021 01:55:13.0531 A
[ReportManager] File Action [GetAbsolutePath] successfully performed. With the following test data [Relative Folder Path: "target/downloadedFiles/"]. @05-10-2021 01:55:13.0533 AM
[ReportManager] Attempting to run remotely on: [Linux-64], [GoogleChrome], [http://localhost:4444/wd/hub], Headless Execution. @05-10-2021 01:55:13.0533 AM
[ReportManager] Successfully Opened [GoogleChrome]. @05-10-2021 01:55:13.0752 AM
[ReportManager] Target URL: [https://duckduckgo.com] @05-10-2021 01:55:13.0764 AM
[ReportManager] Initial URL: [data:,] @05-10-2021 01:55:13.0803 AM
[ReportManager] Browser Action [NavigateToURL] successfully performed. With the following test data [https://duckduckgo.com]. @05-10-2021 01:55:14.0448 A

################################################################################################################################################
Starting Execution:	[66 out of 144] test cases in the current suite
Test Method:		[unitTests.tests_browserActions.refreshCurrentPage]
################################################################################################################################################
[ReportManager] Browser Action [RefreshCurrentPage] successfully performed. @05-10-2021 01:55:14.0673 AM
[ReportManager] Successfully created attachment [Browser Action Test Data - RefreshCurrentPage - Actual Value] @05-10-2021 01:55:14.0674 A
[ReportManager] Target URL: [https://duckduckgo.com] @05-10-2021 01:55:14.0678 AM
[ReportManager] Initial URL: [https://duckduckgo.com] @05-10-2021 01:55:14.0735 AM
[ReportManager] Browser Action [NavigateToURL] successfully performed. With the following test data [https://duckduckgo.com]. @05-10-2021 01:55:15.0052 AM
[ReportManager] Browser Action [CloseCurrentWindow] successfully performed. @05-10-2021 01:55:15.0156 AM
[ReportManager] Successfully created attachment [Browser Action Test Data - CloseCurrentWindow - Actual Value] @05-10-2021 01:55:15.0163 A
[ReportManager] File Action [GetAbsolutePath] successfully performed. With the following test data [Relative Folder Path: "target/downloadedFiles/"]. @05-10-2021 01:55:15.0165 AM
[ReportManager] Attempting to run remotely on: [Linux-64], [GoogleChrome], [http://localhost:4444/wd/hub], Headless Execution. @05-10-2021 01:55:15.0165 AM
[ReportManager] Successfully Opened [GoogleChrome]. @05-10-2021 01:55:15.0408 AM
[ReportManager] Target URL: [https://duckduckgo.com] @05-10-2021 01:55:15.0418 AM
[ReportManager] Initial URL: [data:,] @05-10-2021 01:55:15.0467 AM
[ReportManager] Browser Action [NavigateToURL] successfully performed. With the following test data [https://duckduckgo.com]. @05-10-2021 01:55:16.0113 A

################################################################################################################################################
Starting Execution:	[67 out of 144] test cases in the current suite
Test Method:		[unitTests.tests_browserActions.setWindowSize]
################################################################################################################################################
[ReportManager] Initial window size: (800, 600) @05-10-2021 01:55:16.0127 AM
[ReportManager] Window size after SWD: (1280, 720) @05-10-2021 01:55:16.0347 AM
[ReportManager] Browser Action [SetWindowSize] successfully performed. With the following test data [New screen size is now: (1280, 720)]. @05-10-2021 01:55:16.0348 A
[ReportManager] Target URL: [https://duckduckgo.com] @05-10-2021 01:55:16.0350 AM
[ReportManager] Initial URL: [https://duckduckgo.com] @05-10-2021 01:55:16.0431 AM
[ReportManager] Browser Action [NavigateToURL] successfully performed. With the following test data [https://duckduckgo.com]. @05-10-2021 01:55:16.0773 AM
[ReportManager] Browser Action [CloseCurrentWindow] successfully performed. @05-10-2021 01:55:16.0874 AM
[ReportManager] Successfully created attachment [Browser Action Test Data - CloseCurrentWindow - Actual Value] @05-10-2021 01:55:16.0875 A
[ReportManager] Successfully loaded the following test data file [src/test/resources/TestDataFiles/testSuite01/TestData.xlsx]. @05-10-2021 01:55:17.0701 AM
[ReportManager] Successfully created attachment [Test Data - Excel] @05-10-2021 01:55:17.0702 A

################################################################################################################################################
Starting Execution:	[68 out of 144] test cases in the current suite
Test Method:		[unitTests.tests_io_excelFileManager.getCellData_rowName_expectedToPass]
################################################################################################################################################
[ReportManager] testRowData. @05-10-2021 01:55:17.0719 A
[ReportManager] Successfully loaded the following test data file [src/test/resources/TestDataFiles/testSuite01/TestData.xlsx]. @05-10-2021 01:55:17.0752 AM
[ReportManager] Successfully created attachment [Test Data - Excel] @05-10-2021 01:55:17.0753 AM
[ReportManager] File Action [GetAbsolutePath] successfully performed. With the following test data [Relative Folder Path: "target/downloadedFiles/"]. @05-10-2021 01:55:17.0753 AM
[ReportManager] Attempting to run remotely on: [Linux-64], [GoogleChrome], [http://localhost:4444/wd/hub], Headless Execution. @05-10-2021 01:55:17.0753 AM
[ReportManager] Successfully Opened [GoogleChrome]. @05-10-2021 01:55:18.0084 A

################################################################################################################################################
Starting Execution:	[69 out of 144] test cases in the current suite
Test Method:		[testPackage01.Test_google.navigateToURLandVerifyGoogleLogoIsDisplayed]
Test Description:	[TC001 - Navigate to URL and Verify Google Logo is Displayed]
################################################################################################################################################
[ReportManager] Target URL: [https://www.google.com/ncr], and after redirection: [https://www.google.com] @05-10-2021 01:55:18.0097 AM
[ReportManager] Initial URL: [data:,] @05-10-2021 01:55:18.0137 AM
[ReportManager] Browser Action [NavigateToURL] successfully performed. With the following test data [https://www.google.com/ncr]. @05-10-2021 01:55:19.0032 AM
[ReportManager] Loaded Shared OpenCV @05-10-2021 01:55:19.0226 AM
[ReportManager] Assertion [ValidateElementExists] PASSED. Expected [Element Should Exist, locator 'By.xpath: //*[@id='hplogo' or @alt='Google']'] and Actual [Element Exists]. Comparison Type [EQUALS]. Validation Type [POSITIVE]. @05-10-2021 01:55:19.0301 AM
[ReportManager] Successfully created attachment [Screenshot - 1633398919226_navigateToURLandVerifyGoogleLogoIsDisplayed_ValidateElementExists_passed] @05-10-2021 01:55:19.0301 A

################################################################################################################################################
Starting Execution:	[70 out of 144] test cases in the current suite
Test Method:		[testPackage01.Test_google.searchForQueryandAssertResultsNumDisplayed]
Test Description:	[TC002 - Search for Query and Assert that the number of results is displayed]
################################################################################################################################################
[ReportManager] Element Action [Type] successfully performed. With the following test data [SHAFT_Engine]. @05-10-2021 01:55:19.0690 AM
[ReportManager] Element Action [KeyPress] successfully performed. With the following test data [Enter]. @05-10-2021 01:55:21.0379 AM
[ReportManager] Element Action [GetText] successfully performed. With the following test data [About 1,040,000 results (0.82 seconds) ]. @05-10-2021 01:55:21.0476 AM
[ReportManager] Loaded Shared OpenCV @05-10-2021 01:55:21.0636 AM
[ReportManager] Assertion [ValidateElementAttribute] PASSED. Expected [Value Should not be '' for the 'Text' attribute, element locator 'By.id: appbar'] and Actual [About 1,040,000 results (0.82 seconds) ]. Comparison Type [EQUALS]. Validation Type [NEGATIVE]. @05-10-2021 01:55:21.0726 AM
[ReportManager] Successfully created attachment [Screenshot - 1633398921636_searchForQueryandAssertResultsNumDisplayed_ValidateElementAttribute_passed] @05-10-2021 01:55:21.0728 A

################################################################################################################################################
Starting Execution:	[71 out of 144] test cases in the current suite
Test Method:		[testPackage01.Test_google.clickNextThrice]
Test Description:	[TC003 - Clicks the next button to make sure that the framework can scroll element into view before clicking it]
################################################################################################################################################
[ReportManager] Element Action [Click] successfully performed. With the following test data [Next]. @05-10-2021 01:55:23.0237 A
[ReportManager] Browser Action [CloseCurrentWindow] successfully performed. @05-10-2021 01:55:23.0498 AM
[ReportManager] Successfully created attachment [Browser Action Test Data - CloseCurrentWindow - Actual Value] @05-10-2021 01:55:23.0499 A

################################################################################################################################################
Starting Execution:	[72 out of 144] test cases in the current suite
Test Method:		[testPackage01.Test_testData.f]
################################################################################################################################################
[ReportManager] Successfully loaded the following test data file [src/test/resources/TestDataFiles/testSuite01/TestData.xlsx]. @05-10-2021 01:55:23.0555 AM
[ReportManager] Successfully created attachment [Test Data - Excel] @05-10-2021 01:55:23.0555 AM
[ReportManager] Last Column Number is: [3]. Zero-based. @05-10-2021 01:55:23.0556 A

################################################################################################################################################
Starting Execution:	[73 out of 144] test cases in the current suite
Test Method:		[testPackage01.Test_PDF.testPDF_Downloaded]
################################################################################################################################################
[ReportManager] File Action [DoesFileExist] successfully performed. With the following test data [File Path: "src/test/resources/TestDataFiles/sample.pdf"]. @05-10-2021 01:55:23.0562 AM
[ReportManager] File Action [GetAbsolutePath] successfully performed. With the following test data [Relative File Path: "src/test/resources/TestDataFiles/sample.pdf"]. @05-10-2021 01:55:23.0562 AM
[ReportManager] Assertion [ValidateTrue] PASSED. Expected [TRUE] and Actual [TRUE]. Validation Type [POSITIVE]. @05-10-2021 01:55:24.0088 A

################################################################################################################################################
Starting Execution:	[74 out of 144] test cases in the current suite
Test Method:		[testPackage01.Test_JSONFileManager.readStringFromJson]
################################################################################################################################################
[ReportManager] Successfully loaded the following test data file [src/test/resources/TestDataFiles/simpleJSON.json]. @05-10-2021 01:55:24.0099 AM
[ReportManager] Successfully created attachment [Test Data - JSON] @05-10-2021 01:55:24.0100 AM
[ReportManager] Assertion [ValidateEquals] PASSED. Expected [Mohab Mohie] and Actual [Mohab Mohie]. Comparison Type [EQUALS]. Validation Type [POSITIVE]. @05-10-2021 01:55:24.0120 A
[ReportManager] File Action [GetAbsolutePath] successfully performed. With the following test data [Relative Folder Path: "target/downloadedFiles/"]. @05-10-2021 01:55:24.0123 AM
[ReportManager] Attempting to run remotely on: [Linux-64], [GoogleChrome], [http://localhost:4444/wd/hub], Headless Execution. @05-10-2021 01:55:24.0123 AM
[ReportManager] Successfully Opened [GoogleChrome]. @05-10-2021 01:55:24.0380 A

################################################################################################################################################
Starting Execution:	[75 out of 144] test cases in the current suite
Test Method:		[testPackage01.Test_dragAndDrop.dragAndDropJquery]
################################################################################################################################################
[ReportManager] Target URL: [https://jqueryui.com/resources/demos/droppable/default.html] @05-10-2021 01:55:24.0392 AM
[ReportManager] Initial URL: [data:,] @05-10-2021 01:55:24.0433 AM
[ReportManager] Browser Action [NavigateToURL] successfully performed. With the following test data [https://jqueryui.com/resources/demos/droppable/default.html]. @05-10-2021 01:55:25.0033 AM
[ReportManager] Element Action [GetText] successfully performed. With the following test data [Drop here]. @05-10-2021 01:55:25.0120 AM
[ReportManager] Element Action [DragAndDrop] successfully performed. With the following test data [Start point: (8, 18), End point: (8, 18)]. @05-10-2021 01:55:26.0475 AM
[ReportManager] Element Action [GetText] successfully performed. With the following test data [Dropped!]. @05-10-2021 01:55:26.0553 AM
[ReportManager] Assertion Passed: Checking to see if the text has changed after performing drag and drop @05-10-2021 01:55:26.0553 AM
[ReportManager] Assertion [ValidateEquals] PASSED. Expected [Drop here] and Actual [Dropped!]. Comparison Type [EQUALS]. Validation Type [NEGATIVE]. @05-10-2021 01:55:26.0553 A
[ReportManager] Browser Action [CloseCurrentWindow] successfully performed. @05-10-2021 01:55:26.0654 AM
[ReportManager] Successfully created attachment [Browser Action Test Data - CloseCurrentWindow - Actual Value] @05-10-2021 01:55:26.0655 A
[ReportManager] File Action [GetAbsolutePath] successfully performed. With the following test data [Relative Folder Path: "target/downloadedFiles/"]. @05-10-2021 01:55:26.0660 AM
[ReportManager] Attempting to run remotely on: [Linux-64], [GoogleChrome], [http://localhost:4444/wd/hub], Headless Execution. @05-10-2021 01:55:26.0660 AM
[ReportManager] Successfully Opened [GoogleChrome]. @05-10-2021 01:55:26.0862 A

################################################################################################################################################
Starting Execution:	[76 out of 144] test cases in the current suite
Test Method:		[testPackage01.Test_dragAndDrop.dragAndDrop]
Test Description:	[TC001 - Test Drag and Drop function.]
################################################################################################################################################
[ReportManager] Target URL: [http://the-internet.herokuapp.com/drag_and_drop] @05-10-2021 01:55:26.0876 AM
[ReportManager] Initial URL: [data:,] @05-10-2021 01:55:26.0932 AM
[ReportManager] Browser Action [NavigateToURL] successfully performed. With the following test data [http://the-internet.herokuapp.com/drag_and_drop]. @05-10-2021 01:55:27.0564 AM
[ReportManager] Attempting Drag and Drop @05-10-2021 01:55:27.0564 AM
[ReportManager] Element Action [DragAndDrop] successfully performed. With the following test data [Start point: (32, 90), End point: (247, 90)]. @05-10-2021 01:55:28.0757 A
[ReportManager] Browser Action [CloseCurrentWindow] successfully performed. @05-10-2021 01:55:28.0849 AM
[ReportManager] Successfully created attachment [Browser Action Test Data - CloseCurrentWindow - Actual Value] @05-10-2021 01:55:28.0850 A
[ReportManager] File Action [GetAbsolutePath] successfully performed. With the following test data [Relative Folder Path: "target/downloadedFiles/"]. @05-10-2021 01:55:28.0852 AM
[ReportManager] Attempting to run remotely on: [Linux-64], [GoogleChrome], [http://localhost:4444/wd/hub], Headless Execution. @05-10-2021 01:55:28.0852 AM
[ReportManager] Successfully Opened [GoogleChrome]. @05-10-2021 01:55:29.0065 A

################################################################################################################################################
Starting Execution:	[77 out of 144] test cases in the current suite
Test Method:		[testPackage01.Test_dragAndDrop.dragAndDropByOffset]
Test Description:	[TC002 - Test Drag and Drop by offset function.]
################################################################################################################################################
[ReportManager] Target URL: [https://jqueryui.com/resources/demos/draggable/default.html] @05-10-2021 01:55:29.0082 AM
[ReportManager] Initial URL: [data:,] @05-10-2021 01:55:29.0145 AM
[ReportManager] Browser Action [NavigateToURL] successfully performed. With the following test data [https://jqueryui.com/resources/demos/draggable/default.html]. @05-10-2021 01:55:29.0699 AM
[ReportManager] Element Action [DragAndDropByOffset] successfully performed. With the following test data [Start point: (8, 8), End point: (108, 58)]. @05-10-2021 01:55:29.0860 A
[ReportManager] Browser Action [CloseCurrentWindow] successfully performed. @05-10-2021 01:55:29.0968 AM
[ReportManager] Successfully created attachment [Browser Action Test Data - CloseCurrentWindow - Actual Value] @05-10-2021 01:55:29.0968 A
[ReportManager] File Action [GetAbsolutePath] successfully performed. With the following test data [Relative Folder Path: "target/downloadedFiles/"]. @05-10-2021 01:55:29.0970 AM
[ReportManager] Attempting to run remotely on: [Linux-64], [GoogleChrome], [http://localhost:4444/wd/hub], Headless Execution. @05-10-2021 01:55:29.0970 AM
[ReportManager] Successfully Opened [GoogleChrome]. @05-10-2021 01:55:30.0294 A

################################################################################################################################################
Starting Execution:	[78 out of 144] test cases in the current suite
Test Method:		[testPackage01.Test_verifyEquals.test_assertElementAttribute]
################################################################################################################################################
[ReportManager] Target URL: [https://www.google.com/ncr], and after redirection: [https://www.google.com] @05-10-2021 01:55:30.0306 AM
[ReportManager] Initial URL: [data:,] @05-10-2021 01:55:30.0349 AM
[ReportManager] Browser Action [NavigateToURL] successfully performed. With the following test data [https://www.google.com/ncr]. @05-10-2021 01:55:31.0246 AM
[ReportManager] Element Action [Type] successfully performed. With the following test data [INC_004010050:Another SCHEDULER with the same name [Duplicate Job Name] already exists.]. @05-10-2021 01:55:31.0923 AM
[ReportManager] Element Action [GetText] successfully performed. With the following test data [INC_004010050:Another SCHEDULER with the same name [Duplicate Job Name] already exists.]. @05-10-2021 01:55:32.0011 AM
[ReportManager] Loaded Shared OpenCV @05-10-2021 01:55:32.0153 AM
[ReportManager] Verification [ValidateElementAttribute] PASSED. Expected [Value Should be 'INC_004010050:Another SCHEDULER with the same name \[Duplicate Job Name\] already exists.' for the 'text' attribute, element locator 'By.name: q'] and Actual [INC_004010050:Another SCHEDULER with the same name [Duplicate Job Name] already exists.]. Comparison Type [MATCHES]. Validation Type [POSITIVE]. @05-10-2021 01:55:32.0250 AM
[ReportManager] Successfully created attachment [Screenshot - 1633398932153_test_assertElementAttribute_ValidateElementAttribute_passed] @05-10-2021 01:55:32.0251 A
[ReportManager] Browser Action [CloseCurrentWindow] successfully performed. @05-10-2021 01:55:32.0376 AM
[ReportManager] Successfully created attachment [Browser Action Test Data - CloseCurrentWindow - Actual Value] @05-10-2021 01:55:32.0377 A
[ReportManager] Successfully loaded the following test data file [src/test/resources/TestDataFiles/testSuite01/TestData.xlsx]. @05-10-2021 01:55:32.0425 AM
[ReportManager] Successfully created attachment [Test Data - Excel] @05-10-2021 01:55:32.0426 AM
[ReportManager] Attempting to run using Playwright locally on: [Linux-64], [GoogleChrome], Headless Execution. @05-10-2021 01:55:48.0351 AM
[ReportManager] File Action [GetAbsolutePath] successfully performed. With the following test data [Relative Folder Path: "target/downloadedFiles/"]. @05-10-2021 01:55:48.0352 AM
[ReportManager] Initial window size: (1280, 720) @05-10-2021 01:55:48.0704 AM
[ReportManager] Window size after Toolkit: com.microsoft.playwright.options.ViewportSize@5ffc19fb @05-10-2021 01:55:48.0709 AM
[ReportManager] Browser Action [MaximizeWindow] successfully performed. With the following test data [New screen size is now: (1920, 1080)]. @05-10-2021 01:55:48.0709 A

################################################################################################################################################
Starting Execution:	[79 out of 144] test cases in the current suite
Test Method:		[testPackage01.Test_google_playwright.navigateToURLandVerifyGoogleLogoIsDisplayed]
Test Description:	[TC001 - Navigate to URL and Verify Google Logo is Displayed]
################################################################################################################################################
[ReportManager] Target URL: [https://www.google.com/ncr], and after redirection: [https://www.google.com] @05-10-2021 01:55:48.0713 AM
[ReportManager] Initial URL: [about:blank] @05-10-2021 01:55:49.0177 AM
[ReportManager] Browser Action [NavigateToURL] successfully performed. With the following test data [https://www.google.com/ncr]. @05-10-2021 01:55:50.0446 AM
[ReportManager] Loaded Shared OpenCV @05-10-2021 01:55:50.0676 AM
[ReportManager] Assertion [ValidateElementExists] PASSED. Expected [Element Should Exist, locator 'xpath=//*[@id='hplogo' or @alt='Google']'] and Actual [Element Exists]. Comparison Type [EQUALS]. Validation Type [POSITIVE]. @05-10-2021 01:55:50.0920 AM
[ReportManager] Successfully created attachment [Screenshot - 1633398950666_navigateToURLandVerifyGoogleLogoIsDisplayed_ValidateElementExists_passed] @05-10-2021 01:55:50.0921 A

################################################################################################################################################
Starting Execution:	[80 out of 144] test cases in the current suite
Test Method:		[testPackage01.Test_google_playwright.searchForQueryandAssertResultsNumDisplayed]
Test Description:	[TC002 - Search for Query and Assert that the number of results is displayed]
################################################################################################################################################
[ReportManager] Element Action [Type] successfully performed. With the following test data [SHAFT_Engine]. @05-10-2021 01:55:51.0224 AM
[ReportManager] Element Action [KeyPress] successfully performed. With the following test data [Enter]. @05-10-2021 01:55:51.0261 AM
[ReportManager] Element Action [GetText] successfully performed. With the following test data [About 1,040,000 results (0.77 seconds)]. @05-10-2021 01:55:52.0344 AM
[ReportManager] Loaded Shared OpenCV @05-10-2021 01:55:53.0741 AM
[ReportManager] Assertion [ValidateElementAttribute] PASSED. Expected [Value Should not be '' for the 'text' attribute, element locator 'xpath=//div[@id='appbar']'] and Actual [About 1,040,000 results (0.77 seconds)]. Comparison Type [EQUALS]. Validation Type [NEGATIVE]. @05-10-2021 01:55:53.0983 AM
[ReportManager] Successfully created attachment [Screenshot - 1633398953740_searchForQueryandAssertResultsNumDisplayed_ValidateElementAttribute_passed] @05-10-2021 01:55:54.0004 A

################################################################################################################################################
Starting Execution:	[81 out of 144] test cases in the current suite
Test Method:		[testPackage01.Test_google_playwright.clickNextThrice]
Test Description:	[TC003 - Clicks the next button to make sure that the framework can scroll element into view before clicking it]
################################################################################################################################################
[ReportManager] Element Action [Click] successfully performed. With the following test data [Next]. @05-10-2021 01:55:54.0308 A
[ReportManager] Failed to find video recording. @05-10-2021 01:55:54.0310 AM
[ReportManager] Successfully Closed PlayWright Driver. @05-10-2021 01:55:54.0365 A

################################################################################################################################################
Starting Execution:	[82 out of 144] test cases in the current suite
Test Method:		[testPackage01.Test_JsonActions.f]
###############################################################################################################################################

################################################################################################################################################
Starting Execution:	[83 out of 144] test cases in the current suite
Test Method:		[testPackage01.Test_JsonActions.f2]
###############################################################################################################################################

################################################################################################################################################
Starting Execution:	[84 out of 144] test cases in the current suite
Test Method:		[testPackage01.Test_AssertApiResponseEquals.assertApiResponseEquals_expectedToPass]
################################################################################################################################################
[ReportManager] Response status code: [200], status line: [HTTP/1.1 200 OK] @05-10-2021 01:55:54.0513 AM
[ReportManager] Assertion Passed: Evaluating the actual response status code against the expected one... @05-10-2021 01:55:54.0514 AM
[ReportManager] Assertion [ValidateEquals] PASSED. Expected [200] and Actual [200]. Comparison Type [EQUALS]. Validation Type [POSITIVE]. @05-10-2021 01:55:54.0514 AM
[ReportManager] API Action [PerformRequest] successfully performed. With the following test data [Request Type: "GET" | Target Status Code: "200" | Service URL: "https://jsonplaceholder.typicode.com/users" | Content Type: "*/*" | Response Time: "102ms"]. @05-10-2021 01:55:54.0535 AM
[ReportManager] Successfully created attachment [API Request - Specifications] @05-10-2021 01:55:54.0535 AM
[ReportManager] Successfully created attachment [API Response - JSON Body] @05-10-2021 01:55:54.0536 AM
[ReportManager] API Action [GetResponseJSONValueAsList] successfully performed. With the following test data [$]. @05-10-2021 01:55:54.0539 AM
[ReportManager] API Action [GetResponseJSONValue] successfully performed. With the following test data [name]. @05-10-2021 01:55:54.0552 AM
[ReportManager] API Action [GetResponseJSONValue] successfully performed. With the following test data [email]. @05-10-2021 01:55:54.0563 AM
[ReportManager] Verification [ValidateEquals] PASSED. Expected [Sincere@april.biz] and Actual [Sincere@april.biz]. Comparison Type [EQUALS]. Validation Type [POSITIVE]. @05-10-2021 01:55:54.0563 AM
[ReportManager] API Action [GetResponseJSONValue] successfully performed. With the following test data [username]. @05-10-2021 01:55:54.0572 AM
[ReportManager] Assertion [ValidateEquals] PASSED. Expected [Bret] and Actual [Bret]. Comparison Type [EQUALS]. Validation Type [POSITIVE]. @05-10-2021 01:55:54.0572 AM
[ReportManager] API Action [GetResponseJSONValue] successfully performed. With the following test data [name]. @05-10-2021 01:55:54.0585 AM
[ReportManager] API Action [GetResponseJSONValue] successfully performed. With the following test data [name]. @05-10-2021 01:55:54.0593 AM
[ReportManager] API Action [GetResponseJSONValue] successfully performed. With the following test data [name]. @05-10-2021 01:55:54.0601 AM
[ReportManager] API Action [GetResponseJSONValue] successfully performed. With the following test data [name]. @05-10-2021 01:55:54.0608 AM
[ReportManager] API Action [GetResponseJSONValue] successfully performed. With the following test data [name]. @05-10-2021 01:55:54.0619 AM
[ReportManager] API Action [GetResponseJSONValue] successfully performed. With the following test data [name]. @05-10-2021 01:55:54.0630 AM
[ReportManager] API Action [GetResponseJSONValue] successfully performed. With the following test data [name]. @05-10-2021 01:55:54.0638 AM
[ReportManager] API Action [GetResponseJSONValue] successfully performed. With the following test data [name]. @05-10-2021 01:55:54.0654 AM
[ReportManager] API Action [GetResponseJSONValue] successfully performed. With the following test data [name]. @05-10-2021 01:55:54.0705 A
[ReportManager] File Action [GetAbsolutePath] successfully performed. With the following test data [Relative Folder Path: "target/downloadedFiles/"]. @05-10-2021 01:55:54.0713 AM
[ReportManager] Attempting to run remotely on: [Linux-64], [GoogleChrome], [http://localhost:4444/wd/hub], Headless Execution. @05-10-2021 01:55:54.0714 AM
[ReportManager] Successfully Opened [GoogleChrome]. @05-10-2021 01:55:55.0070 A

################################################################################################################################################
Starting Execution:	[85 out of 144] test cases in the current suite
Test Method:		[testPackage01.Test_ShadowDOM.shadowdom]
################################################################################################################################################
[ReportManager] Target URL: [https://mdn.github.io/web-components-examples/popup-info-box-web-component/] @05-10-2021 01:55:55.0105 AM
[ReportManager] Initial URL: [data:,] @05-10-2021 01:55:55.0146 AM
[ReportManager] Browser Action [NavigateToURL] successfully performed. With the following test data [https://mdn.github.io/web-components-examples/popup-info-box-web-component/]. @05-10-2021 01:55:55.0506 AM
[ReportManager] Element Action [Type] successfully performed. With the following test data [Typing into SHADOW DOM...]. @05-10-2021 01:55:55.0821 AM
[ReportManager] Element Action [GetText] successfully performed. With the following test data [Typing into SHADOW DOM...]. @05-10-2021 01:55:55.0943 AM
[ReportManager] Loaded Shared OpenCV @05-10-2021 01:55:56.0069 AM
[ReportManager] Assertion [ValidateElementAttribute] PASSED. Expected [Value Should be 'Typing into SHADOW DOM...' for the 'Text' attribute, element locator 'By.id: cvc'] and Actual [Typing into SHADOW DOM...]. Comparison Type [EQUALS]. Validation Type [POSITIVE]. @05-10-2021 01:55:56.0149 AM
[ReportManager] Successfully created attachment [Screenshot - 1633398956069_shadowdom_ValidateElementAttribute_passed] @05-10-2021 01:55:56.0149 A
[ReportManager] Browser Action [CloseCurrentWindow] successfully performed. @05-10-2021 01:55:56.0236 AM
[ReportManager] Successfully created attachment [Browser Action Test Data - CloseCurrentWindow - Actual Value] @05-10-2021 01:55:56.0236 A

################################################################################################################################################
Starting Execution:	[86 out of 144] test cases in the current suite
Test Method:		[testPackage01.Test_SelectedValue.multipleSelect]
################################################################################################################################################
[ReportManager] File Action [GetAbsolutePath] successfully performed. With the following test data [Relative Folder Path: "target/downloadedFiles/"]. @05-10-2021 01:55:56.0244 AM
[ReportManager] Attempting to run remotely on: [Linux-64], [GoogleChrome], [http://localhost:4444/wd/hub], Headless Execution. @05-10-2021 01:55:56.0244 AM
[ReportManager] Successfully Opened [GoogleChrome]. @05-10-2021 01:55:56.0465 AM
[ReportManager] Target URL: [https://yari-demos.prod.mdn.mozit.cloud/en-US/docs/Web/HTML/Element/select/_sample_.Advanced_select_with_multiple_features.html] @05-10-2021 01:55:56.0491 AM
[ReportManager] Initial URL: [data:,] @05-10-2021 01:55:56.0536 AM
[ReportManager] Browser Action [NavigateToURL] successfully performed. With the following test data [https://yari-demos.prod.mdn.mozit.cloud/en-US/docs/Web/HTML/Element/select/_sample_.Advanced_select_with_multiple_features.html]. @05-10-2021 01:55:56.0886 AM
[ReportManager] Element Action [Select] successfully performed. With the following test data [Dog]. @05-10-2021 01:55:57.0116 AM
[ReportManager] Element Action [Select] successfully performed. With the following test data [Cat]. @05-10-2021 01:55:57.0338 AM
[ReportManager] Element Action [GetSelectedText] successfully performed. With the following test data [DogCat]. @05-10-2021 01:55:57.0514 AM
[ReportManager] DogCat @05-10-2021 01:55:57.0514 AM
[ReportManager] Element Action [GetSelectedText] successfully performed. With the following test data [DogCat]. @05-10-2021 01:55:57.0669 AM
[ReportManager] Loaded Shared OpenCV @05-10-2021 01:55:57.0781 AM
[ReportManager] Assertion [ValidateElementAttribute] PASSED. Expected [Value Should be 'DogCat' for the 'selectedText' attribute, element locator 'By.tagName: select'] and Actual [DogCat]. Comparison Type [EQUALS]. Validation Type [POSITIVE]. @05-10-2021 01:55:57.0846 AM
[ReportManager] Successfully created attachment [Screenshot - 1633398957781_multipleSelect_ValidateElementAttribute_passed] @05-10-2021 01:55:57.0846 AM
[ReportManager] Browser Action [CloseCurrentWindow] successfully performed. @05-10-2021 01:55:57.0934 AM
[ReportManager] Successfully created attachment [Browser Action Test Data - CloseCurrentWindow - Actual Value] @05-10-2021 01:55:57.0934 A

################################################################################################################################################
Starting Execution:	[87 out of 144] test cases in the current suite
Test Method:		[testPackage01.Test_SelectedValue.simpleSelect]
################################################################################################################################################
[ReportManager] File Action [GetAbsolutePath] successfully performed. With the following test data [Relative Folder Path: "target/downloadedFiles/"]. @05-10-2021 01:55:57.0945 AM
[ReportManager] Attempting to run remotely on: [Linux-64], [GoogleChrome], [http://localhost:4444/wd/hub], Headless Execution. @05-10-2021 01:55:57.0945 AM
[ReportManager] Successfully Opened [GoogleChrome]. @05-10-2021 01:55:58.0171 AM
[ReportManager] Target URL: [https://yari-demos.prod.mdn.mozit.cloud/en-US/docs/Web/HTML/Element/select/_sample_.Basic_select.html] @05-10-2021 01:55:58.0181 AM
[ReportManager] Initial URL: [data:,] @05-10-2021 01:55:58.0227 AM
[ReportManager] Browser Action [NavigateToURL] successfully performed. With the following test data [https://yari-demos.prod.mdn.mozit.cloud/en-US/docs/Web/HTML/Element/select/_sample_.Basic_select.html]. @05-10-2021 01:55:58.0556 AM
[ReportManager] Element Action [Select] successfully performed. With the following test data [Third Value]. @05-10-2021 01:55:58.0871 AM
[ReportManager] Element Action [GetSelectedText] successfully performed. With the following test data [Third Value]. @05-10-2021 01:55:59.0012 AM
[ReportManager] Third Value @05-10-2021 01:55:59.0012 AM
[ReportManager] Element Action [GetSelectedText] successfully performed. With the following test data [Third Value]. @05-10-2021 01:55:59.0114 AM
[ReportManager] Loaded Shared OpenCV @05-10-2021 01:55:59.0228 AM
[ReportManager] Assertion [ValidateElementAttribute] PASSED. Expected [Value Should be 'Third Value' for the 'selectedText' attribute, element locator 'By.tagName: select'] and Actual [Third Value]. Comparison Type [EQUALS]. Validation Type [POSITIVE]. @05-10-2021 01:55:59.0290 AM
[ReportManager] Successfully created attachment [Screenshot - 1633398959227_simpleSelect_ValidateElementAttribute_passed] @05-10-2021 01:55:59.0290 AM
[ReportManager] Browser Action [CloseCurrentWindow] successfully performed. @05-10-2021 01:55:59.0371 AM
[ReportManager] Successfully created attachment [Browser Action Test Data - CloseCurrentWindow - Actual Value] @05-10-2021 01:55:59.0372 A
[ReportManager] File Action [GetAbsolutePath] successfully performed. With the following test data [Relative Folder Path: "target/downloadedFiles/"]. @05-10-2021 01:55:59.0374 AM
[ReportManager] Attempting to run remotely on: [Linux-64], [GoogleChrome], [http://localhost:4444/wd/hub], Headless Execution. @05-10-2021 01:55:59.0374 AM
[ReportManager] Successfully Opened [GoogleChrome]. @05-10-2021 01:55:59.0576 A

################################################################################################################################################
Starting Execution:	[88 out of 144] test cases in the current suite
Test Method:		[testPackage01.Test_IsElementClickable.testIsElementClickable]
################################################################################################################################################
[ReportManager] Target URL: [https://the-internet.herokuapp.com/] @05-10-2021 01:55:59.0589 AM
[ReportManager] Initial URL: [data:,] @05-10-2021 01:55:59.0639 AM
[ReportManager] Browser Action [NavigateToURL] successfully performed. With the following test data [https://the-internet.herokuapp.com/]. @05-10-2021 01:56:00.0383 AM
[ReportManager] Element Action [IsElementClickable] successfully performed. @05-10-2021 01:56:00.0526 AM
[ReportManager] Assertion [ValidateTrue] PASSED. Expected [TRUE] and Actual [TRUE]. Validation Type [POSITIVE]. @05-10-2021 01:56:00.0526 A
[ReportManager] Browser Action [CloseCurrentWindow] successfully performed. @05-10-2021 01:56:00.0617 AM
[ReportManager] Successfully created attachment [Browser Action Test Data - CloseCurrentWindow - Actual Value] @05-10-2021 01:56:00.0617 A
[ReportManager] File Action [GetAbsolutePath] successfully performed. With the following test data [Relative Folder Path: "target/downloadedFiles/"]. @05-10-2021 01:56:00.0619 AM
[ReportManager] Attempting to run remotely on: [Linux-64], [GoogleChrome], [http://localhost:4444/wd/hub], Headless Execution. @05-10-2021 01:56:00.0619 AM
[ReportManager] Successfully Opened [GoogleChrome]. @05-10-2021 01:56:00.0862 A

################################################################################################################################################
Starting Execution:	[89 out of 144] test cases in the current suite
Test Method:		[testPackage01.Test_clipboardActions.typeTextAndCopyPaste]
################################################################################################################################################
[ReportManager] Target URL: [https://www.google.com/ncr], and after redirection: [https://www.google.com] @05-10-2021 01:56:00.0889 AM
[ReportManager] Initial URL: [data:,] @05-10-2021 01:56:00.0935 AM
[ReportManager] Browser Action [NavigateToURL] successfully performed. With the following test data [https://www.google.com/ncr]. @05-10-2021 01:56:01.0790 AM
[ReportManager] Element Action [Type] successfully performed. With the following test data [FIRST]. @05-10-2021 01:56:02.0188 AM
[ReportManager] Element Action [ClipboardActions] successfully performed. With the following test data [select all]. @05-10-2021 01:56:02.0243 AM
[ReportManager] Element Action [ClipboardActions] successfully performed. With the following test data [copy]. @05-10-2021 01:56:02.0305 AM
[ReportManager] Element Action [ClipboardActions] successfully performed. With the following test data [unselect]. @05-10-2021 01:56:02.0363 AM
[ReportManager] Element Action [ClipboardActions] successfully performed. With the following test data [paste]. @05-10-2021 01:56:02.0442 AM
[ReportManager] Element Action [ClipboardActions] successfully performed. With the following test data [select all]. @05-10-2021 01:56:02.0506 AM
[ReportManager] Element Action [Type] successfully performed. @05-10-2021 01:56:02.0766 AM
[ReportManager] Element Action [ClipboardActions] successfully performed. With the following test data [cut]. @05-10-2021 01:56:02.0766 AM
[ReportManager] Element Action [ClipboardActions] successfully performed. With the following test data [paste]. @05-10-2021 01:56:02.0846 AM
[ReportManager] Element Action [ClipboardActions] successfully performed. With the following test data [paste]. @05-10-2021 01:56:02.0917 A
[ReportManager] Browser Action [CloseCurrentWindow] successfully performed. @05-10-2021 01:56:03.0091 AM
[ReportManager] Successfully created attachment [Browser Action Test Data - CloseCurrentWindow - Actual Value] @05-10-2021 01:56:03.0092 A
[ReportManager] File Action [GetAbsolutePath] successfully performed. With the following test data [Relative Folder Path: "target/downloadedFiles/"]. @05-10-2021 01:56:03.0094 AM
[ReportManager] Attempting to run remotely on: [Linux-64], [GoogleChrome], [http://localhost:4444/wd/hub], Headless Execution. @05-10-2021 01:56:03.0094 AM
[ReportManager] Successfully Opened [GoogleChrome]. @05-10-2021 01:56:03.0327 A

################################################################################################################################################
Starting Execution:	[90 out of 144] test cases in the current suite
Test Method:		[testPackage01.Test_dynamicLoading.dynamicLoading_elementIsHidden]
################################################################################################################################################
[ReportManager] Target URL: [https://the-internet.herokuapp.com/dynamic_loading/1] @05-10-2021 01:56:03.0340 AM
[ReportManager] Initial URL: [data:,] @05-10-2021 01:56:03.0387 AM
[ReportManager] Browser Action [NavigateToURL] successfully performed. With the following test data [https://the-internet.herokuapp.com/dynamic_loading/1]. @05-10-2021 01:56:04.0087 AM
[ReportManager] Element Action [Click] successfully performed. With the following test data [Start]. @05-10-2021 01:56:04.0413 AM
[ReportManager] Element Action [GetText] successfully performed. With the following test data [
    Hello World!
  ]. @05-10-2021 01:56:04.0512 AM
[ReportManager] Loaded Shared OpenCV @05-10-2021 01:56:04.0657 AM
[ReportManager] Assertion [ValidateElementAttribute] PASSED. Expected [Value Should be 'Hello World!' for the 'text' attribute, element locator 'By.id: finish'] and Actual [
    Hello World!
  ]. Comparison Type [CONTAINS]. Validation Type [POSITIVE]. @05-10-2021 01:56:04.0742 AM
[ReportManager] Successfully created attachment [Screenshot - 1633398964657_dynamicLoading_elementIsHidden_ValidateElementAttribute_passed] @05-10-2021 01:56:04.0743 A
[ReportManager] Browser Action [CloseCurrentWindow] successfully performed. @05-10-2021 01:56:04.0840 AM
[ReportManager] Successfully created attachment [Browser Action Test Data - CloseCurrentWindow - Actual Value] @05-10-2021 01:56:04.0840 A
[ReportManager] File Action [GetAbsolutePath] successfully performed. With the following test data [Relative Folder Path: "target/downloadedFiles/"]. @05-10-2021 01:56:04.0842 AM
[ReportManager] Attempting to run remotely on: [Linux-64], [GoogleChrome], [http://localhost:4444/wd/hub], Headless Execution. @05-10-2021 01:56:04.0842 AM
[ReportManager] Successfully Opened [GoogleChrome]. @05-10-2021 01:56:05.0044 A

################################################################################################################################################
Starting Execution:	[91 out of 144] test cases in the current suite
Test Method:		[testPackage01.Test_dynamicLoading.dynamicLoading_elementIsRendered]
################################################################################################################################################
[ReportManager] Target URL: [https://the-internet.herokuapp.com/dynamic_loading/2] @05-10-2021 01:56:05.0063 AM
[ReportManager] Initial URL: [data:,] @05-10-2021 01:56:05.0116 AM
[ReportManager] Browser Action [NavigateToURL] successfully performed. With the following test data [https://the-internet.herokuapp.com/dynamic_loading/2]. @05-10-2021 01:56:05.0816 AM
[ReportManager] Element Action [Click] successfully performed. With the following test data [Start]. @05-10-2021 01:56:06.0129 AM
[ReportManager] Element Action [GetText] successfully performed. With the following test data [Hello World!]. @05-10-2021 01:56:11.0291 AM
[ReportManager] Loaded Shared OpenCV @05-10-2021 01:56:11.0424 AM
[ReportManager] Assertion [ValidateElementAttribute] PASSED. Expected [Value Should be 'Hello World!' for the 'text' attribute, element locator 'By.id: finish'] and Actual [Hello World!]. Comparison Type [CONTAINS]. Validation Type [POSITIVE]. @05-10-2021 01:56:11.0502 AM
[ReportManager] Successfully created attachment [Screenshot - 1633398971424_dynamicLoading_elementIsRendered_ValidateElementAttribute_passed] @05-10-2021 01:56:11.0503 A
[ReportManager] Browser Action [CloseCurrentWindow] successfully performed. @05-10-2021 01:56:11.0596 AM
[ReportManager] Successfully created attachment [Browser Action Test Data - CloseCurrentWindow - Actual Value] @05-10-2021 01:56:11.0596 A

################################################################################################################################################
Starting Execution:	[92 out of 144] test cases in the current suite
Test Method:		[testPackage01.Test_JsonCompareWithSpecialCharacters.specialCharacters]
################################################################################################################################################
[ReportManager] File Action [GetAbsolutePath] successfully performed. With the following test data [Relative Folder Path: "src/test/resources/TestJsonFiles/specialCharacters.json"]. @05-10-2021 01:56:11.0603 AM
[ReportManager] File Action [ReadFromFile] successfully performed. With the following test data [File Path: "/home/runner/work/SHAFT_ENGINE/SHAFT_ENGINE/src/test/resources/TestJsonFiles/specialCharacters.json"]. @05-10-2021 01:56:11.0610 AM
[ReportManager] Successfully created attachment [File Action Actual Result - Command Log] @05-10-2021 01:56:11.0611 AM
[ReportManager] Comparing the provided API response with the file at this path "src/test/resources/TestJsonFiles/specialCharacters.json", comparison type "EQUALS" @05-10-2021 01:56:11.0611 AM
[ReportManager] API Action [CompareJSON] successfully performed. With the following test data [src/test/resources/TestJsonFiles/specialCharacters.json]. @05-10-2021 01:56:11.0631 AM
[ReportManager] File Action [GetAbsolutePath] successfully performed. With the following test data [Relative Folder Path: "src/test/resources/TestJsonFiles/specialCharacters.json"]. @05-10-2021 01:56:11.0631 AM
[ReportManager] File Action [ReadFromFile] successfully performed. With the following test data [File Path: "/home/runner/work/SHAFT_ENGINE/SHAFT_ENGINE/src/test/resources/TestJsonFiles/specialCharacters.json"]. @05-10-2021 01:56:11.0633 AM
[ReportManager] Verification [ValidateJSONFileContent] PASSED. Expected [Response data should match the JSON File in this path 'src/test/resources/TestJsonFiles/specialCharacters.json'] and Actual [TRUE]. Comparison Type [EQUALS]. Validation Type [POSITIVE]. @05-10-2021 01:56:11.0639 AM
[ReportManager] Successfully created attachment [Validation Test Data - Expected JSON Value] @05-10-2021 01:56:11.0639 AM
[ReportManager] Successfully created attachment [Validation Test Data - Actual JSON Value] @05-10-2021 01:56:11.0640 A

################################################################################################################################################
Starting Execution:	[93 out of 144] test cases in the current suite
Test Method:		[testPackage01.Test_JsonCompareWithSpecialCharacters.specialCharacters_assertion]
################################################################################################################################################
[ReportManager] File Action [GetAbsolutePath] successfully performed. With the following test data [Relative Folder Path: "src/test/resources/TestJsonFiles/specialCharacters.json"]. @05-10-2021 01:56:11.0652 AM
[ReportManager] File Action [ReadFromFile] successfully performed. With the following test data [File Path: "/home/runner/work/SHAFT_ENGINE/SHAFT_ENGINE/src/test/resources/TestJsonFiles/specialCharacters.json"]. @05-10-2021 01:56:11.0652 AM
[ReportManager] Successfully created attachment [File Action Actual Result - Command Log] @05-10-2021 01:56:11.0652 AM
[ReportManager] Comparing the provided API response with the file at this path "src/test/resources/TestJsonFiles/specialCharacters.json", comparison type "CONTAINS" @05-10-2021 01:56:11.0653 AM
[ReportManager] API Action [CompareJSON] successfully performed. With the following test data [src/test/resources/TestJsonFiles/specialCharacters.json]. @05-10-2021 01:56:11.0668 AM
[ReportManager] File Action [GetAbsolutePath] successfully performed. With the following test data [Relative Folder Path: "src/test/resources/TestJsonFiles/specialCharacters.json"]. @05-10-2021 01:56:11.0668 AM
[ReportManager] File Action [ReadFromFile] successfully performed. With the following test data [File Path: "/home/runner/work/SHAFT_ENGINE/SHAFT_ENGINE/src/test/resources/TestJsonFiles/specialCharacters.json"]. @05-10-2021 01:56:11.0668 AM
[ReportManager] Assertion Passed: trying out the log message @05-10-2021 01:56:11.0673 AM
[ReportManager] Successfully created attachment [Validation Test Data - Expected JSON Value] @05-10-2021 01:56:11.0673 AM
[ReportManager] Successfully created attachment [Validation Test Data - Actual JSON Value] @05-10-2021 01:56:11.0674 AM
[ReportManager] Assertion [ValidateJSONFileContent] PASSED. Expected [Response data should match the JSON File in this path 'src/test/resources/TestJsonFiles/specialCharacters.json'] and Actual [TRUE]. Comparison Type [CONTAINS]. Validation Type [POSITIVE]. @05-10-2021 01:56:11.0674 A
[ReportManager] File Action [GetAbsolutePath] successfully performed. With the following test data [Relative Folder Path: "target/downloadedFiles/"]. @05-10-2021 01:56:11.0683 AM
[ReportManager] Attempting to run remotely on: [Linux-64], [GoogleChrome], [http://localhost:4444/wd/hub], Headless Execution. @05-10-2021 01:56:11.0683 AM
[ReportManager] Successfully Opened [GoogleChrome]. @05-10-2021 01:56:11.0893 A

################################################################################################################################################
Starting Execution:	[94 out of 144] test cases in the current suite
Test Method:		[testPackage01.Test_uploadFile.uploadFile_invisibleUploadInput]
################################################################################################################################################
[ReportManager] Target URL: [https://fineuploader.com/demos.html#gallery-view] @05-10-2021 01:56:11.0912 AM
[ReportManager] Initial URL: [data:,] @05-10-2021 01:56:11.0965 AM
[ReportManager] Browser Action [NavigateToURL] successfully performed. With the following test data [https://fineuploader.com/demos.html#gallery-view]. @05-10-2021 01:56:13.0689 AM
[ReportManager] File Action [GetAbsolutePath] successfully performed. With the following test data [Relative File Path: "src/main/resources/images/shaft.png"]. @05-10-2021 01:56:13.0690 AM
[ReportManager] Successfully created attachment [File Action Actual Result - Command Log] @05-10-2021 01:56:13.0690 AM
[ReportManager] Element Action [TypeFileLocationForUpload] successfully performed. With the following test data [/home/runner/work/SHAFT_ENGINE/SHAFT_ENGINE/src/main/resources/images/shaft.png]. @05-10-2021 01:56:13.0900 AM
[ReportManager] Attempting to getAttribute [src] from elementLocator [By.xpath: //div[@id='fine-uploader-gallery']//div[@class='qq-thumbnail-wrapper']/img]. @05-10-2021 01:56:13.0901 AM
[ReportManager] Element Action [GetAttribute] successfully performed. @05-10-2021 01:56:14.0016 AM
[ReportManager] Successfully created attachment [Element Action Test Data - GetAttribute - Actual Value] @05-10-2021 01:56:14.0017 AM
[ReportManager] Loaded Shared OpenCV @05-10-2021 01:56:14.0165 AM
[ReportManager] Assertion [ValidateElementAttribute] PASSED. Expected and Actual values are attached. Comparison Type [CONTAINS]. Validation Type [POSITIVE]. @05-10-2021 01:56:14.0260 AM
[ReportManager] Successfully created attachment [Validation Test Data - Expected Value] @05-10-2021 01:56:14.0260 AM
[ReportManager] Successfully created attachment [Validation Test Data - Actual Value] @05-10-2021 01:56:14.0261 AM
[ReportManager] Successfully created attachment [Screenshot - 1633398974165_uploadFile_invisibleUploadInput_ValidateElementAttribute_passed] @05-10-2021 01:56:14.0262 A
[ReportManager] Browser Action [CloseCurrentWindow] successfully performed. @05-10-2021 01:56:14.0414 AM
[ReportManager] Successfully created attachment [Browser Action Test Data - CloseCurrentWindow - Actual Value] @05-10-2021 01:56:14.0414 A
[ReportManager] File Action [GetAbsolutePath] successfully performed. With the following test data [Relative Folder Path: "target/downloadedFiles/"]. @05-10-2021 01:56:14.0418 AM
[ReportManager] Attempting to run remotely on: [Linux-64], [GoogleChrome], [http://localhost:4444/wd/hub], Headless Execution. @05-10-2021 01:56:14.0418 AM
[ReportManager] Successfully Opened [GoogleChrome]. @05-10-2021 01:56:14.0627 A

################################################################################################################################################
Starting Execution:	[95 out of 144] test cases in the current suite
Test Method:		[testPackage01.Test_uploadFile.uploadFile_visibleUploadInput]
################################################################################################################################################
[ReportManager] Target URL: [http://demo.guru99.com/test/upload/] @05-10-2021 01:56:14.0641 AM
[ReportManager] Initial URL: [data:,] @05-10-2021 01:56:14.0693 AM
[ReportManager] Browser Action [NavigateToURL] successfully performed. With the following test data [http://demo.guru99.com/test/upload/]. @05-10-2021 01:56:15.0786 AM
[ReportManager] File Action [GetAbsolutePath] successfully performed. With the following test data [Relative File Path: "src/main/resources/images/shaft.png"]. @05-10-2021 01:56:15.0786 AM
[ReportManager] Successfully created attachment [File Action Actual Result - Command Log] @05-10-2021 01:56:15.0787 AM
[ReportManager] Element Action [TypeFileLocationForUpload] successfully performed. With the following test data [/home/runner/work/SHAFT_ENGINE/SHAFT_ENGINE/src/main/resources/images/shaft.png]. @05-10-2021 01:56:15.0959 AM
[ReportManager] Element Action [Click] successfully performed. With the following test data [on]. @05-10-2021 01:56:16.0279 AM
[ReportManager] Element Action [Click] successfully performed. With the following test data [Submit File]. @05-10-2021 01:56:16.0586 AM
[ReportManager] Element Action [GetText] successfully performed. With the following test data [1 file
has been successfully uploaded.]. @05-10-2021 01:56:17.0218 AM
[ReportManager] Loaded Shared OpenCV @05-10-2021 01:56:17.0356 AM
[ReportManager] Assertion [ValidateElementAttribute] PASSED. Expected [Value Should be '1 file' for the 'Text' attribute, element locator 'By.id: res'] and Actual [1 file
has been successfully uploaded.]. Comparison Type [CONTAINS]. Validation Type [POSITIVE]. @05-10-2021 01:56:17.0431 AM
[ReportManager] Successfully created attachment [Screenshot - 1633398977356_uploadFile_visibleUploadInput_ValidateElementAttribute_passed] @05-10-2021 01:56:17.0432 A
[ReportManager] Browser Action [CloseCurrentWindow] successfully performed. @05-10-2021 01:56:17.0539 AM
[ReportManager] Successfully created attachment [Browser Action Test Data - CloseCurrentWindow - Actual Value] @05-10-2021 01:56:17.0540 A
[ReportManager] File Action [GetAbsolutePath] successfully performed. With the following test data [Relative Folder Path: "target/downloadedFiles/"]. @05-10-2021 01:56:17.0541 AM
[ReportManager] Attempting to run remotely on: [Linux-64], [GoogleChrome], [http://localhost:4444/wd/hub], Headless Execution. @05-10-2021 01:56:17.0542 AM
[ReportManager] Successfully Opened [GoogleChrome]. @05-10-2021 01:56:17.0745 A

################################################################################################################################################
Starting Execution:	[96 out of 144] test cases in the current suite
Test Method:		[testPackage01.Test_assertEquals.test_assertElementAttribute]
################################################################################################################################################
[ReportManager] Target URL: [https://www.google.com/ncr], and after redirection: [https://www.google.com] @05-10-2021 01:56:17.0761 AM
[ReportManager] Initial URL: [data:,] @05-10-2021 01:56:17.0801 AM
[ReportManager] Browser Action [NavigateToURL] successfully performed. With the following test data [https://www.google.com/ncr]. @05-10-2021 01:56:19.0169 AM
[ReportManager] Element Action [Type] successfully performed. With the following test data [INC_004010050:Another SCHEDULER with the same name [Duplicate Job Name] already exists.]. @05-10-2021 01:56:19.0925 AM
[ReportManager] Element Action [GetText] successfully performed. With the following test data [INC_004010050:Another SCHEDULER with the same name [Duplicate Job Name] already exists.]. @05-10-2021 01:56:20.0026 AM
[ReportManager] Loaded Shared OpenCV @05-10-2021 01:56:20.0161 AM
[ReportManager] Assertion [ValidateElementAttribute] PASSED. Expected [Value Should be 'INC_004010050:Another SCHEDULER with the same name \[Duplicate Job Name\] already exists.' for the 'text' attribute, element locator 'By.name: q'] and Actual [INC_004010050:Another SCHEDULER with the same name [Duplicate Job Name] already exists.]. Comparison Type [MATCHES]. Validation Type [POSITIVE]. @05-10-2021 01:56:20.0253 AM
[ReportManager] Successfully created attachment [Screenshot - 1633398980161_test_assertElementAttribute_ValidateElementAttribute_passed] @05-10-2021 01:56:20.0254 A
[ReportManager] Browser Action [CloseCurrentWindow] successfully performed. @05-10-2021 01:56:20.0385 AM
[ReportManager] Successfully created attachment [Browser Action Test Data - CloseCurrentWindow - Actual Value] @05-10-2021 01:56:20.0386 A

################################################################################################################################################
Starting Execution:	[97 out of 144] test cases in the current suite
Test Method:		[testPackage01.Test_NewValidationHelper.f1]
################################################################################################################################################
[ReportManager] Assertion Passed: Checking valid user data @05-10-2021 01:56:20.0389 AM
[ReportManager] Successfully created attachment [Validation Test Data - Expected Value] @05-10-2021 01:56:20.0390 AM
[ReportManager] Successfully created attachment [Validation Test Data - Actual Value] @05-10-2021 01:56:20.0390 AM
[ReportManager] Assertion [ValidateEquals] PASSED. Expected and Actual values are attached. Comparison Type [EQUALS]. Validation Type [POSITIVE]. @05-10-2021 01:56:20.0390 A
[ReportManager] File Action [GetAbsolutePath] successfully performed. With the following test data [Relative Folder Path: "target/downloadedFiles/"]. @05-10-2021 01:56:20.0397 AM
[ReportManager] Attempting to run remotely on: [Linux-64], [GoogleChrome], [http://localhost:4444/wd/hub], Headless Execution. @05-10-2021 01:56:20.0397 AM
[ReportManager] Successfully Opened [GoogleChrome]. @05-10-2021 01:56:20.0615 AM
[ReportManager] Target URL: [https://the-internet.herokuapp.com/] @05-10-2021 01:56:20.0624 AM
[ReportManager] Initial URL: [data:,] @05-10-2021 01:56:20.0665 AM
[ReportManager] Browser Action [NavigateToURL] successfully performed. With the following test data [https://the-internet.herokuapp.com/]. @05-10-2021 01:56:21.0389 A

################################################################################################################################################
Starting Execution:	[98 out of 144] test cases in the current suite
Test Method:		[testPackage01.Test_NewValidationHelper.f10]
################################################################################################################################################
[ReportManager] Assertion [ValidateElementExists] FAILED. Expected [Element Should Exist, locator 'By.tagName: div'] and Actual [Element Exists but is not unique]. Comparison Type [EQUALS]. Validation Type [POSITIVE]. @05-10-2021 01:56:21.0653 AM
[ReportManager] Successfully created attachment [Screenshot - 1633398981587_f10_ValidateElementExists_failed] @05-10-2021 01:56:21.0654 A
[ReportManager] Successfully Closed All Drivers. @05-10-2021 01:56:21.0728 A
[ReportManager] File Action [GetAbsolutePath] successfully performed. With the following test data [Relative Folder Path: "target/downloadedFiles/"]. @05-10-2021 01:56:21.0730 AM
[ReportManager] Attempting to run remotely on: [Linux-64], [GoogleChrome], [http://localhost:4444/wd/hub], Headless Execution. @05-10-2021 01:56:21.0730 AM
[ReportManager] Successfully Opened [GoogleChrome]. @05-10-2021 01:56:21.0971 AM
[ReportManager] Target URL: [https://the-internet.herokuapp.com/] @05-10-2021 01:56:21.0982 AM
[ReportManager] Initial URL: [data:,] @05-10-2021 01:56:22.0024 AM
[ReportManager] Browser Action [NavigateToURL] successfully performed. With the following test data [https://the-internet.herokuapp.com/]. @05-10-2021 01:56:22.0800 A

################################################################################################################################################
Starting Execution:	[99 out of 144] test cases in the current suite
Test Method:		[testPackage01.Test_NewValidationHelper.f11]
################################################################################################################################################
[ReportManager] Assertion Passed: Checking that false tag doesn't exist @05-10-2021 01:56:33.0194 AM
[ReportManager] Successfully created attachment [Screenshot - 1633398993131_f11_ValidateElementExists_passed] @05-10-2021 01:56:33.0195 AM
[ReportManager] Assertion [ValidateElementExists] PASSED. Expected [Element Should not Exist, locator 'By.tagName: h3'] and Actual [Element Doesn't Exists]. Comparison Type [EQUALS]. Validation Type [NEGATIVE]. @05-10-2021 01:56:33.0195 A
[ReportManager] Successfully Closed All Drivers. @05-10-2021 01:56:33.0269 A
[ReportManager] File Action [GetAbsolutePath] successfully performed. With the following test data [Relative Folder Path: "target/downloadedFiles/"]. @05-10-2021 01:56:33.0271 AM
[ReportManager] Attempting to run remotely on: [Linux-64], [GoogleChrome], [http://localhost:4444/wd/hub], Headless Execution. @05-10-2021 01:56:33.0271 AM
[ReportManager] Successfully Opened [GoogleChrome]. @05-10-2021 01:56:33.0469 AM
[ReportManager] Target URL: [https://the-internet.herokuapp.com/] @05-10-2021 01:56:33.0479 AM
[ReportManager] Initial URL: [data:,] @05-10-2021 01:56:33.0523 AM
[ReportManager] Browser Action [NavigateToURL] successfully performed. With the following test data [https://the-internet.herokuapp.com/]. @05-10-2021 01:56:34.0253 A

################################################################################################################################################
Starting Execution:	[100 out of 144] test cases in the current suite
Test Method:		[testPackage01.Test_NewValidationHelper.f12]
################################################################################################################################################
[ReportManager] Loaded Shared OpenCV @05-10-2021 01:56:34.0454 AM
[ReportManager] Assertion [ValidateElementExists] FAILED. Expected [Element Should not Exist, locator 'By.tagName: h1'] and Actual [Element Exists]. Comparison Type [EQUALS]. Validation Type [NEGATIVE]. @05-10-2021 01:56:34.0537 AM
[ReportManager] Successfully created attachment [Screenshot - 1633398994454_f12_ValidateElementExists_failed] @05-10-2021 01:56:34.0539 A
[ReportManager] Successfully Closed All Drivers. @05-10-2021 01:56:34.0618 A
[ReportManager] File Action [GetAbsolutePath] successfully performed. With the following test data [Relative Folder Path: "target/downloadedFiles/"]. @05-10-2021 01:56:34.0620 AM
[ReportManager] Attempting to run remotely on: [Linux-64], [GoogleChrome], [http://localhost:4444/wd/hub], Headless Execution. @05-10-2021 01:56:34.0620 AM
[ReportManager] Successfully Opened [GoogleChrome]. @05-10-2021 01:56:34.0831 AM
[ReportManager] Target URL: [https://the-internet.herokuapp.com/] @05-10-2021 01:56:34.0841 AM
[ReportManager] Initial URL: [data:,] @05-10-2021 01:56:34.0881 AM
[ReportManager] Browser Action [NavigateToURL] successfully performed. With the following test data [https://the-internet.herokuapp.com/]. @05-10-2021 01:56:35.0629 A

################################################################################################################################################
Starting Execution:	[101 out of 144] test cases in the current suite
Test Method:		[testPackage01.Test_NewValidationHelper.f13]
################################################################################################################################################
[ReportManager] Assertion [ValidateElementExists] FAILED. Expected [Element Should not Exist, locator 'By.tagName: div'] and Actual [Element Exists but is not unique]. Comparison Type [EQUALS]. Validation Type [NEGATIVE]. @05-10-2021 01:56:35.0894 AM
[ReportManager] Successfully created attachment [Screenshot - 1633398995832_f13_ValidateElementExists_failed] @05-10-2021 01:56:35.0895 A
[ReportManager] Successfully Closed All Drivers. @05-10-2021 01:56:35.0970 A
[ReportManager] File Action [GetAbsolutePath] successfully performed. With the following test data [Relative Folder Path: "target/downloadedFiles/"]. @05-10-2021 01:56:35.0972 AM
[ReportManager] Attempting to run remotely on: [Linux-64], [GoogleChrome], [http://localhost:4444/wd/hub], Headless Execution. @05-10-2021 01:56:35.0972 AM
[ReportManager] Successfully Opened [GoogleChrome]. @05-10-2021 01:56:36.0191 AM
[ReportManager] Target URL: [https://the-internet.herokuapp.com/] @05-10-2021 01:56:36.0202 AM
[ReportManager] Initial URL: [data:,] @05-10-2021 01:56:36.0251 AM
[ReportManager] Browser Action [NavigateToURL] successfully performed. With the following test data [https://the-internet.herokuapp.com/]. @05-10-2021 01:56:36.0969 A

################################################################################################################################################
Starting Execution:	[102 out of 144] test cases in the current suite
Test Method:		[testPackage01.Test_NewValidationHelper.f14]
################################################################################################################################################
[ReportManager] Element Action [GetText] successfully performed. With the following test data [Welcome to the-internet]. @05-10-2021 01:56:37.0053 AM
[ReportManager] Loaded Shared OpenCV @05-10-2021 01:56:37.0201 AM
[ReportManager] Assertion Passed: Asserting that the header text is correct @05-10-2021 01:56:37.0288 AM
[ReportManager] Successfully created attachment [Screenshot - 1633398997201_f14_ValidateElementAttribute_passed] @05-10-2021 01:56:37.0290 AM
[ReportManager] Assertion [ValidateElementAttribute] PASSED. Expected [Value Should be 'Welcome to the-internet' for the 'text' attribute, element locator 'By.tagName: h1'] and Actual [Welcome to the-internet]. Comparison Type [EQUALS]. Validation Type [POSITIVE]. @05-10-2021 01:56:37.0290 A
[ReportManager] Successfully Closed All Drivers. @05-10-2021 01:56:37.0368 A
[ReportManager] File Action [GetAbsolutePath] successfully performed. With the following test data [Relative Folder Path: "target/downloadedFiles/"]. @05-10-2021 01:56:37.0370 AM
[ReportManager] Attempting to run remotely on: [Linux-64], [GoogleChrome], [http://localhost:4444/wd/hub], Headless Execution. @05-10-2021 01:56:37.0370 AM
[ReportManager] Successfully Opened [GoogleChrome]. @05-10-2021 01:56:37.0571 AM
[ReportManager] Target URL: [https://the-internet.herokuapp.com/] @05-10-2021 01:56:37.0580 AM
[ReportManager] Initial URL: [data:,] @05-10-2021 01:56:37.0625 AM
[ReportManager] Browser Action [NavigateToURL] successfully performed. With the following test data [https://the-internet.herokuapp.com/]. @05-10-2021 01:56:38.0324 A

################################################################################################################################################
Starting Execution:	[103 out of 144] test cases in the current suite
Test Method:		[testPackage01.Test_NewValidationHelper.f15]
################################################################################################################################################
[ReportManager] Element Action [GetText] successfully performed. With the following test data [Welcome to the-internet]. @05-10-2021 01:56:38.0412 AM
[ReportManager] Loaded Shared OpenCV @05-10-2021 01:56:38.0549 AM
[ReportManager] Assertion [ValidateElementAttribute] FAILED. Expected [Value Should not be 'Welcome' for the 'text' attribute, element locator 'By.tagName: h1'] and Actual [Welcome to the-internet]. Comparison Type [CONTAINS]. Validation Type [NEGATIVE]. @05-10-2021 01:56:38.0631 AM
[ReportManager] Successfully created attachment [Screenshot - 1633398998549_f15_ValidateElementAttribute_failed] @05-10-2021 01:56:38.0632 A
[ReportManager] Successfully Closed All Drivers. @05-10-2021 01:56:38.0704 A
[ReportManager] File Action [GetAbsolutePath] successfully performed. With the following test data [Relative Folder Path: "target/downloadedFiles/"]. @05-10-2021 01:56:38.0706 AM
[ReportManager] Attempting to run remotely on: [Linux-64], [GoogleChrome], [http://localhost:4444/wd/hub], Headless Execution. @05-10-2021 01:56:38.0706 AM
[ReportManager] Successfully Opened [GoogleChrome]. @05-10-2021 01:56:38.0917 AM
[ReportManager] Target URL: [https://the-internet.herokuapp.com/] @05-10-2021 01:56:38.0936 AM
[ReportManager] Initial URL: [data:,] @05-10-2021 01:56:38.0978 AM
[ReportManager] Browser Action [NavigateToURL] successfully performed. With the following test data [https://the-internet.herokuapp.com/]. @05-10-2021 01:56:39.0706 A

################################################################################################################################################
Starting Execution:	[104 out of 144] test cases in the current suite
Test Method:		[testPackage01.Test_NewValidationHelper.f16]
################################################################################################################################################
[ReportManager] Element Action [IdentifyUniqueElement] failed. With the following test data [zero elements found matching this locator "By.tagName: h3".]. @05-10-2021 01:57:05.0292 AM
[ReportManager] Successfully created attachment [Screenshot - 1633399025217_f16_IdentifyUniqueElement_failed] @05-10-2021 01:57:05.0293 AM
[ReportManager] Assertion [ValidateElementAttribute] FAILED. Expected [Value Should not be 'Welcome' for the 'text' attribute, element locator 'By.tagName: h3'] and Actual [Failed to read the desired element attribute]. Comparison Type [CONTAINS]. Validation Type [NEGATIVE]. @05-10-2021 01:57:05.0293 A
[ReportManager] Successfully Closed All Drivers. @05-10-2021 01:57:05.0374 A
[ReportManager] File Action [GetAbsolutePath] successfully performed. With the following test data [Relative Folder Path: "target/downloadedFiles/"]. @05-10-2021 01:57:05.0376 AM
[ReportManager] Attempting to run remotely on: [Linux-64], [GoogleChrome], [http://localhost:4444/wd/hub], Headless Execution. @05-10-2021 01:57:05.0376 AM
[ReportManager] Successfully Opened [GoogleChrome]. @05-10-2021 01:57:05.0611 AM
[ReportManager] Target URL: [https://the-internet.herokuapp.com/] @05-10-2021 01:57:05.0622 AM
[ReportManager] Initial URL: [data:,] @05-10-2021 01:57:05.0687 AM
[ReportManager] Browser Action [NavigateToURL] successfully performed. With the following test data [https://the-internet.herokuapp.com/]. @05-10-2021 01:57:06.0424 A

################################################################################################################################################
Starting Execution:	[105 out of 144] test cases in the current suite
Test Method:		[testPackage01.Test_NewValidationHelper.f17]
################################################################################################################################################
[ReportManager] Attempting to getAttribute [text2] from elementLocator [By.tagName: h1]. @05-10-2021 01:57:06.0431 AM
[ReportManager] Element Action [GetAttribute] successfully performed. @05-10-2021 01:57:06.0521 AM
[ReportManager] Loaded Shared OpenCV @05-10-2021 01:57:06.0664 AM
[ReportManager] Assertion [ValidateElementAttribute] PASSED. Expected [Value Should not be 'Welcome' for the 'text2' attribute, element locator 'By.tagName: h1'] and Actual [null]. Comparison Type [CONTAINS]. Validation Type [NEGATIVE]. @05-10-2021 01:57:06.0744 AM
[ReportManager] Successfully created attachment [Screenshot - 1633399026664_f17_ValidateElementAttribute_passed] @05-10-2021 01:57:06.0745 A
[ReportManager] Successfully Closed All Drivers. @05-10-2021 01:57:06.0820 A
[ReportManager] File Action [GetAbsolutePath] successfully performed. With the following test data [Relative Folder Path: "target/downloadedFiles/"]. @05-10-2021 01:57:06.0822 AM
[ReportManager] Attempting to run remotely on: [Linux-64], [GoogleChrome], [http://localhost:4444/wd/hub], Headless Execution. @05-10-2021 01:57:06.0822 AM
[ReportManager] Successfully Opened [GoogleChrome]. @05-10-2021 01:57:07.0043 AM
[ReportManager] Target URL: [https://the-internet.herokuapp.com/] @05-10-2021 01:57:07.0054 AM
[ReportManager] Initial URL: [data:,] @05-10-2021 01:57:07.0102 AM
[ReportManager] Browser Action [NavigateToURL] successfully performed. With the following test data [https://the-internet.herokuapp.com/]. @05-10-2021 01:57:07.0823 A

################################################################################################################################################
Starting Execution:	[106 out of 144] test cases in the current suite
Test Method:		[testPackage01.Test_NewValidationHelper.f18]
################################################################################################################################################
[ReportManager] Element Action [GetText] successfully performed. With the following test data [Welcome to the-internet]. @05-10-2021 01:57:07.0915 AM
[ReportManager] Loaded Shared OpenCV @05-10-2021 01:57:08.0046 AM
[ReportManager] Assertion [ValidateElementAttribute] PASSED. Expected [Value Should not be 'no' for the 'text' attribute, element locator 'By.tagName: h1'] and Actual [Welcome to the-internet]. Comparison Type [CONTAINS]. Validation Type [NEGATIVE]. @05-10-2021 01:57:08.0132 AM
[ReportManager] Successfully created attachment [Screenshot - 1633399028046_f18_ValidateElementAttribute_passed] @05-10-2021 01:57:08.0134 A
[ReportManager] Successfully Closed All Drivers. @05-10-2021 01:57:08.0205 A
[ReportManager] File Action [GetAbsolutePath] successfully performed. With the following test data [Relative Folder Path: "target/downloadedFiles/"]. @05-10-2021 01:57:08.0206 AM
[ReportManager] Attempting to run remotely on: [Linux-64], [GoogleChrome], [http://localhost:4444/wd/hub], Headless Execution. @05-10-2021 01:57:08.0207 AM
[ReportManager] Successfully Opened [GoogleChrome]. @05-10-2021 01:57:08.0430 AM
[ReportManager] Target URL: [https://the-internet.herokuapp.com/] @05-10-2021 01:57:08.0441 AM
[ReportManager] Initial URL: [data:,] @05-10-2021 01:57:08.0481 AM
[ReportManager] Browser Action [NavigateToURL] successfully performed. With the following test data [https://the-internet.herokuapp.com/]. @05-10-2021 01:57:09.0251 A

################################################################################################################################################
Starting Execution:	[107 out of 144] test cases in the current suite
Test Method:		[testPackage01.Test_NewValidationHelper.f19]
################################################################################################################################################
[ReportManager] Element Action [GetTagName] successfully performed. With the following test data [h1]. @05-10-2021 01:57:09.0334 AM
[ReportManager] Loaded Shared OpenCV @05-10-2021 01:57:09.0483 AM
[ReportManager] Assertion [ValidateElementAttribute] PASSED. Expected [Value Should be 'h' for the 'tagname' attribute, element locator 'By.tagName: h1'] and Actual [h1]. Comparison Type [CONTAINS]. Validation Type [POSITIVE]. @05-10-2021 01:57:09.0565 AM
[ReportManager] Successfully created attachment [Screenshot - 1633399029483_f19_ValidateElementAttribute_passed] @05-10-2021 01:57:09.0566 A
[ReportManager] Successfully Closed All Drivers. @05-10-2021 01:57:09.0644 A

################################################################################################################################################
Starting Execution:	[108 out of 144] test cases in the current suite
Test Method:		[testPackage01.Test_NewValidationHelper.f2]
################################################################################################################################################
[ReportManager] Assertion Failed: Checking valid user data @05-10-2021 01:57:09.0647 AM
[ReportManager] Assertion [ValidateEquals] FAILED. Expected [1] and Actual [2]. Comparison Type [EQUALS]. Validation Type [POSITIVE]. @05-10-2021 01:57:09.0648 A
[ReportManager] File Action [GetAbsolutePath] successfully performed. With the following test data [Relative Folder Path: "target/downloadedFiles/"]. @05-10-2021 01:57:09.0652 AM
[ReportManager] Attempting to run remotely on: [Linux-64], [GoogleChrome], [http://localhost:4444/wd/hub], Headless Execution. @05-10-2021 01:57:09.0652 AM
[ReportManager] Successfully Opened [GoogleChrome]. @05-10-2021 01:57:09.0852 AM
[ReportManager] Target URL: [https://the-internet.herokuapp.com/] @05-10-2021 01:57:09.0863 AM
[ReportManager] Initial URL: [data:,] @05-10-2021 01:57:09.0910 AM
[ReportManager] Browser Action [NavigateToURL] successfully performed. With the following test data [https://the-internet.herokuapp.com/]. @05-10-2021 01:57:10.0647 A

################################################################################################################################################
Starting Execution:	[109 out of 144] test cases in the current suite
Test Method:		[testPackage01.Test_NewValidationHelper.f20]
################################################################################################################################################
[ReportManager] Element Action [GetSize] successfully performed. With the following test data [(755, 61)]. @05-10-2021 01:57:10.0728 AM
[ReportManager] Loaded Shared OpenCV @05-10-2021 01:57:10.0865 AM
[ReportManager] Assertion [ValidateElementAttribute] PASSED. Expected [Value Should not be 'a' for the 'size' attribute, element locator 'By.tagName: h1'] and Actual [(755, 61)]. Comparison Type [CONTAINS]. Validation Type [NEGATIVE]. @05-10-2021 01:57:10.0961 AM
[ReportManager] Successfully created attachment [Screenshot - 1633399030864_f20_ValidateElementAttribute_passed] @05-10-2021 01:57:10.0962 A
[ReportManager] Successfully Closed All Drivers. @05-10-2021 01:57:11.0036 A
[ReportManager] File Action [GetAbsolutePath] successfully performed. With the following test data [Relative Folder Path: "target/downloadedFiles/"]. @05-10-2021 01:57:11.0039 AM
[ReportManager] Attempting to run remotely on: [Linux-64], [GoogleChrome], [http://localhost:4444/wd/hub], Headless Execution. @05-10-2021 01:57:11.0039 AM
[ReportManager] Successfully Opened [GoogleChrome]. @05-10-2021 01:57:11.0255 AM
[ReportManager] Target URL: [https://the-internet.herokuapp.com/] @05-10-2021 01:57:11.0265 AM
[ReportManager] Initial URL: [data:,] @05-10-2021 01:57:11.0305 AM
[ReportManager] Browser Action [NavigateToURL] successfully performed. With the following test data [https://the-internet.herokuapp.com/]. @05-10-2021 01:57:11.0979 A

################################################################################################################################################
Starting Execution:	[110 out of 144] test cases in the current suite
Test Method:		[testPackage01.Test_NewValidationHelper.f21]
################################################################################################################################################
[ReportManager] Element Action [IdentifyUniqueElement] failed. With the following test data [zero elements found matching this locator "By.tagName: h3".]. @05-10-2021 01:57:37.0546 AM
[ReportManager] Successfully created attachment [Screenshot - 1633399057483_f21_IdentifyUniqueElement_failed] @05-10-2021 01:57:37.0547 AM
[ReportManager] Assertion [ValidateElementAttribute] FAILED. Expected [Value Should be 'Welcome' for the 'text' attribute, element locator 'By.tagName: h3'] and Actual [Failed to read the desired element attribute]. Comparison Type [CONTAINS]. Validation Type [POSITIVE]. @05-10-2021 01:57:37.0547 A
[ReportManager] Successfully Closed All Drivers. @05-10-2021 01:57:37.0627 A
[ReportManager] File Action [GetAbsolutePath] successfully performed. With the following test data [Relative Folder Path: "target/downloadedFiles/"]. @05-10-2021 01:57:37.0629 AM
[ReportManager] Attempting to run remotely on: [Linux-64], [GoogleChrome], [http://localhost:4444/wd/hub], Headless Execution. @05-10-2021 01:57:37.0630 AM
[ReportManager] Successfully Opened [GoogleChrome]. @05-10-2021 01:57:37.0827 AM
[ReportManager] Target URL: [https://the-internet.herokuapp.com/] @05-10-2021 01:57:37.0837 AM
[ReportManager] Initial URL: [data:,] @05-10-2021 01:57:37.0887 AM
[ReportManager] Browser Action [NavigateToURL] successfully performed. With the following test data [https://the-internet.herokuapp.com/]. @05-10-2021 01:57:38.0608 A

################################################################################################################################################
Starting Execution:	[111 out of 144] test cases in the current suite
Test Method:		[testPackage01.Test_NewValidationHelper.f22]
################################################################################################################################################
[ReportManager] Element Action [GetText] successfully performed. With the following test data [Welcome to the-internet]. @05-10-2021 01:57:38.0696 AM
[ReportManager] Loaded Shared OpenCV @05-10-2021 01:57:38.0829 AM
[ReportManager] Assertion [ValidateElementAttribute] FAILED. Expected [Value Should be 'yyy' for the 'text' attribute, element locator 'By.tagName: h1'] and Actual [Welcome to the-internet]. Comparison Type [CONTAINS]. Validation Type [POSITIVE]. @05-10-2021 01:57:38.0905 AM
[ReportManager] Successfully created attachment [Screenshot - 1633399058829_f22_ValidateElementAttribute_failed] @05-10-2021 01:57:38.0906 A
[ReportManager] Successfully Closed All Drivers. @05-10-2021 01:57:38.0979 A

################################################################################################################################################
Starting Execution:	[112 out of 144] test cases in the current suite
Test Method:		[testPackage01.Test_NewValidationHelper.f23]
################################################################################################################################################
[ReportManager] Assertion Passed: confirming that the actual is greater than or equal to the expected @05-10-2021 01:57:38.0984 AM
[ReportManager] Assertion [ValidateComparativeRelation] PASSED. Expected [1] and Actual [1]. Comparison Type [GREATER_THAN_OR_EQUALS]. Validation Type [POSITIVE]. @05-10-2021 01:57:38.0984 A

################################################################################################################################################
Starting Execution:	[113 out of 144] test cases in the current suite
Test Method:		[testPackage01.Test_NewValidationHelper.f24]
################################################################################################################################################
[ReportManager] Assertion [ValidateComparativeRelation] PASSED. Expected [1] and Actual [10]. Comparison Type [GREATER_THAN_OR_EQUALS]. Validation Type [POSITIVE]. @05-10-2021 01:57:38.0986 A

################################################################################################################################################
Starting Execution:	[114 out of 144] test cases in the current suite
Test Method:		[testPackage01.Test_NewValidationHelper.f25]
################################################################################################################################################
[ReportManager] Assertion [ValidateComparativeRelation] PASSED. Expected [1] and Actual [1]. Comparison Type [EQUALS]. Validation Type [POSITIVE]. @05-10-2021 01:57:38.0989 A

################################################################################################################################################
Starting Execution:	[115 out of 144] test cases in the current suite
Test Method:		[testPackage01.Test_NewValidationHelper.f26]
################################################################################################################################################
[ReportManager] Assertion [ValidateComparativeRelation] PASSED. Expected [1] and Actual [5]. Comparison Type [GREATER_THAN]. Validation Type [POSITIVE]. @05-10-2021 01:57:38.0990 A

################################################################################################################################################
Starting Execution:	[116 out of 144] test cases in the current suite
Test Method:		[testPackage01.Test_NewValidationHelper.f27]
################################################################################################################################################
[ReportManager] Assertion [ValidateComparativeRelation] PASSED. Expected [11] and Actual [5]. Comparison Type [LESS_THAN]. Validation Type [POSITIVE]. @05-10-2021 01:57:38.0993 A

################################################################################################################################################
Starting Execution:	[117 out of 144] test cases in the current suite
Test Method:		[testPackage01.Test_NewValidationHelper.f28]
################################################################################################################################################
[ReportManager] Assertion [ValidateComparativeRelation] PASSED. Expected [11] and Actual [5]. Comparison Type [LESS_THAN_OR_EQUALS]. Validation Type [POSITIVE]. @05-10-2021 01:57:38.0997 A

################################################################################################################################################
Starting Execution:	[118 out of 144] test cases in the current suite
Test Method:		[testPackage01.Test_NewValidationHelper.f29]
################################################################################################################################################
[ReportManager] Assertion [ValidateComparativeRelation] PASSED. Expected [11] and Actual [11]. Comparison Type [LESS_THAN_OR_EQUALS]. Validation Type [POSITIVE]. @05-10-2021 01:57:38.0999 A

################################################################################################################################################
Starting Execution:	[119 out of 144] test cases in the current suite
Test Method:		[testPackage01.Test_NewValidationHelper.f3]
################################################################################################################################################
[ReportManager] Assertion [ValidateEquals] PASSED. Expected [1] and Actual [2]. Comparison Type [EQUALS]. Validation Type [NEGATIVE]. @05-10-2021 01:57:39.0002 A

################################################################################################################################################
Starting Execution:	[120 out of 144] test cases in the current suite
Test Method:		[testPackage01.Test_NewValidationHelper.f30]
################################################################################################################################################
[ReportManager] Assertion [ValidateComparativeRelation] FAILED. Expected [-9] and Actual [11]. Comparison Type [LESS_THAN_OR_EQUALS]. Validation Type [POSITIVE]. @05-10-2021 01:57:39.0004 A

################################################################################################################################################
Starting Execution:	[121 out of 144] test cases in the current suite
Test Method:		[testPackage01.Test_NewValidationHelper.f31]
################################################################################################################################################
[ReportManager] Assertion [ValidateTrue] PASSED. Expected [TRUE] and Actual [TRUE]. Validation Type [POSITIVE]. @05-10-2021 01:57:39.0006 A

################################################################################################################################################
Starting Execution:	[122 out of 144] test cases in the current suite
Test Method:		[testPackage01.Test_NewValidationHelper.f32]
################################################################################################################################################
[ReportManager] Assertion [ValidateTrue] PASSED. Expected [FALSE] and Actual [FALSE]. Validation Type [NEGATIVE]. @05-10-2021 01:57:39.0008 A

################################################################################################################################################
Starting Execution:	[123 out of 144] test cases in the current suite
Test Method:		[testPackage01.Test_NewValidationHelper.f33]
################################################################################################################################################
[ReportManager] Assertion [ValidateTrue] FAILED. Expected [FALSE] and Actual [TRUE]. Validation Type [NEGATIVE]. @05-10-2021 01:57:39.0010 A

################################################################################################################################################
Starting Execution:	[124 out of 144] test cases in the current suite
Test Method:		[testPackage01.Test_NewValidationHelper.f34]
################################################################################################################################################
[ReportManager] Assertion [ValidateTrue] FAILED. Expected [TRUE] and Actual [FALSE]. Validation Type [POSITIVE]. @05-10-2021 01:57:39.0013 A

################################################################################################################################################
Starting Execution:	[125 out of 144] test cases in the current suite
Test Method:		[testPackage01.Test_NewValidationHelper.f35]
################################################################################################################################################
[ReportManager] File Action [DoesFileExist] successfully performed. With the following test data [File Path: "pom.xml"]. @05-10-2021 01:57:39.0015 AM
[ReportManager] Assertion [ValidateFileExists] PASSED. Expected [File 'pom.xml' should exist, after up to '1' retries] and Actual [File exists]. Validation Type [POSITIVE]. @05-10-2021 01:57:39.0015 A

################################################################################################################################################
Starting Execution:	[126 out of 144] test cases in the current suite
Test Method:		[testPackage01.Test_NewValidationHelper.f36]
################################################################################################################################################
[ReportManager] File Action [DoesFileExist] successfully performed. With the following test data [File Path: "src/test/java/testPackage01/Test_NewValidationHelper.java"]. @05-10-2021 01:57:39.0017 AM
[ReportManager] Assertion [ValidateFileExists] PASSED. Expected [File 'src/test/java/testPackage01/Test_NewValidationHelper.java' should exist, after up to '1' retries] and Actual [File exists]. Validation Type [POSITIVE]. @05-10-2021 01:57:39.0017 A

################################################################################################################################################
Starting Execution:	[127 out of 144] test cases in the current suite
Test Method:		[testPackage01.Test_NewValidationHelper.f37]
################################################################################################################################################
[ReportManager] File Action [DoesFileExist] successfully performed. With the following test data [File Path: "pom.xml"]. @05-10-2021 01:57:39.0019 AM
[ReportManager] Assertion Failed: confirming that the file does't exist after 5 retries @05-10-2021 01:57:39.0019 AM
[ReportManager] Assertion [ValidateFileExists] FAILED. Expected [File 'pom.xml' should not exist, after up to '5' retries] and Actual [File exists]. Validation Type [NEGATIVE]. @05-10-2021 01:57:39.0019 A

################################################################################################################################################
Starting Execution:	[128 out of 144] test cases in the current suite
Test Method:		[testPackage01.Test_NewValidationHelper.f3_1]
################################################################################################################################################
[ReportManager] Assertion Passed: Checking valid user data @05-10-2021 01:57:39.0021 AM
[ReportManager] Assertion [ValidateEquals] PASSED. Expected [null] and Actual [null]. Comparison Type [EQUALS]. Validation Type [POSITIVE]. @05-10-2021 01:57:39.0021 A

################################################################################################################################################
Starting Execution:	[129 out of 144] test cases in the current suite
Test Method:		[testPackage01.Test_NewValidationHelper.f4]
################################################################################################################################################
[ReportManager] Assertion [ValidateEquals] PASSED. Expected [1] and Actual [123]. Comparison Type [CONTAINS]. Validation Type [POSITIVE]. @05-10-2021 01:57:39.0027 A

################################################################################################################################################
Starting Execution:	[130 out of 144] test cases in the current suite
Test Method:		[testPackage01.Test_NewValidationHelper.f5]
################################################################################################################################################
[ReportManager] Assertion [ValidateNull] PASSED. Expected [NULL] and Actual [1]. Comparison Type [EQUALS]. Validation Type [NEGATIVE]. @05-10-2021 01:57:39.0029 A

################################################################################################################################################
Starting Execution:	[131 out of 144] test cases in the current suite
Test Method:		[testPackage01.Test_NewValidationHelper.f6]
################################################################################################################################################
[ReportManager] Assertion Failed: Making sure that null string is not equal to null object @05-10-2021 01:57:39.0031 AM
[ReportManager] Assertion [ValidateNull] FAILED. Expected [NULL] and Actual [NULL]. Comparison Type [EQUALS]. Validation Type [POSITIVE]. @05-10-2021 01:57:39.0031 A

################################################################################################################################################
Starting Execution:	[132 out of 144] test cases in the current suite
Test Method:		[testPackage01.Test_NewValidationHelper.f6_1]
################################################################################################################################################
[ReportManager] Assertion [ValidateNull] FAILED. Expected [NULL] and Actual [NULL]. Comparison Type [EQUALS]. Validation Type [NEGATIVE]. @05-10-2021 01:57:39.0033 A

################################################################################################################################################
Starting Execution:	[133 out of 144] test cases in the current suite
Test Method:		[testPackage01.Test_NewValidationHelper.f6_2]
################################################################################################################################################
[ReportManager] Assertion Failed: Making sure that null string is not equal to null object @05-10-2021 01:57:39.0035 AM
[ReportManager] Assertion [ValidateNull] FAILED. Expected [NULL] and Actual [not null]. Comparison Type [EQUALS]. Validation Type [POSITIVE]. @05-10-2021 01:57:39.0035 A

################################################################################################################################################
Starting Execution:	[134 out of 144] test cases in the current suite
Test Method:		[testPackage01.Test_NewValidationHelper.f7]
################################################################################################################################################
[ReportManager] Assertion [ValidateNull] PASSED. Expected [NULL] and Actual [NULL]. Comparison Type [EQUALS]. Validation Type [POSITIVE]. @05-10-2021 01:57:39.0036 A
[ReportManager] File Action [GetAbsolutePath] successfully performed. With the following test data [Relative Folder Path: "target/downloadedFiles/"]. @05-10-2021 01:57:39.0038 AM
[ReportManager] Attempting to run remotely on: [Linux-64], [GoogleChrome], [http://localhost:4444/wd/hub], Headless Execution. @05-10-2021 01:57:39.0038 AM
[ReportManager] Successfully Opened [GoogleChrome]. @05-10-2021 01:57:39.0249 AM
[ReportManager] Target URL: [https://the-internet.herokuapp.com/] @05-10-2021 01:57:39.0266 AM
[ReportManager] Initial URL: [data:,] @05-10-2021 01:57:39.0303 AM
[ReportManager] Browser Action [NavigateToURL] successfully performed. With the following test data [https://the-internet.herokuapp.com/]. @05-10-2021 01:57:40.0009 A

################################################################################################################################################
Starting Execution:	[135 out of 144] test cases in the current suite
Test Method:		[testPackage01.Test_NewValidationHelper.f8]
################################################################################################################################################
[ReportManager] Loaded Shared OpenCV @05-10-2021 01:57:40.0212 AM
[ReportManager] Assertion [ValidateElementExists] PASSED. Expected [Element Should Exist, locator 'By.tagName: h1'] and Actual [Element Exists]. Comparison Type [EQUALS]. Validation Type [POSITIVE]. @05-10-2021 01:57:40.0298 AM
[ReportManager] Successfully created attachment [Screenshot - 1633399060212_f8_ValidateElementExists_passed] @05-10-2021 01:57:40.0299 A
[ReportManager] Successfully Closed All Drivers. @05-10-2021 01:57:40.0369 A
[ReportManager] File Action [GetAbsolutePath] successfully performed. With the following test data [Relative Folder Path: "target/downloadedFiles/"]. @05-10-2021 01:57:40.0371 AM
[ReportManager] Attempting to run remotely on: [Linux-64], [GoogleChrome], [http://localhost:4444/wd/hub], Headless Execution. @05-10-2021 01:57:40.0372 AM
[ReportManager] Successfully Opened [GoogleChrome]. @05-10-2021 01:57:40.0621 AM
[ReportManager] Target URL: [https://the-internet.herokuapp.com/] @05-10-2021 01:57:40.0631 AM
[ReportManager] Initial URL: [data:,] @05-10-2021 01:57:40.0673 AM
[ReportManager] Browser Action [NavigateToURL] successfully performed. With the following test data [https://the-internet.herokuapp.com/]. @05-10-2021 01:57:41.0366 A

################################################################################################################################################
Starting Execution:	[136 out of 144] test cases in the current suite
Test Method:		[testPackage01.Test_NewValidationHelper.f9]
################################################################################################################################################
[ReportManager] Assertion [ValidateElementExists] FAILED. Expected [Element Should Exist, locator 'By.tagName: h3'] and Actual [Element Doesn't Exists]. Comparison Type [EQUALS]. Validation Type [POSITIVE]. @05-10-2021 01:58:12.0039 AM
[ReportManager] Successfully created attachment [Screenshot - 1633399091979_f9_ValidateElementExists_failed] @05-10-2021 01:58:12.0040 A
[ReportManager] Successfully Closed All Drivers. @05-10-2021 01:58:12.0115 A

################################################################################################################################################
Starting Execution:	[137 out of 144] test cases in the current suite
Test Method:		[testPackage01.Test_NewValidationHelper.forceFail]
################################################################################################################################################
[ReportManager] Assertion [ValidateFail] FAILED. Successfully force failed the test. @05-10-2021 01:58:12.0119 A

################################################################################################################################################
Starting Execution:	[138 out of 144] test cases in the current suite
Test Method:		[testPackage01.Test_NewValidationHelper.forceFail2]
################################################################################################################################################
[ReportManager] Assertion Failed: Custom Message @05-10-2021 01:58:12.0122 AM
[ReportManager] Assertion [ValidateFail] FAILED. Successfully force failed the test. @05-10-2021 01:58:12.0122 A

################################################################################################################################################
Starting Execution:	[139 out of 144] test cases in the current suite
Test Method:		[testPackage01.Test_sendGraphqlRequest.sendGraphqlRequestUsingMutationAndVariables]
################################################################################################################################################
[ReportManager] GraphQl Request is being Performed with the Following Parameters [Service URL: https://api.spacex.land/graphql | Request Body: {"variables":"{\"name\": \"sherlock holmes\",\"rocket\": \"221B Baker Street\"}","query":"mutation ($name: String, $rocket: String) {\n  insert_users(objects: {name: $name, rocket: $rocket}) {\n    returning {\n      name\n      rocket\n    }\n  }\n}"}] @05-10-2021 01:58:12.0125 AM
[ReportManager] Response status code: [200], status line: [HTTP/1.1 200 OK] @05-10-2021 01:58:12.0566 AM
[ReportManager] Assertion Passed: Evaluating the actual response status code against the expected one... @05-10-2021 01:58:12.0566 AM
[ReportManager] Assertion [ValidateEquals] PASSED. Expected [200] and Actual [200]. Comparison Type [EQUALS]. Validation Type [POSITIVE]. @05-10-2021 01:58:12.0566 AM
[ReportManager] API Action [PerformRequest] successfully performed. With the following test data [Request Type: "POST" | Target Status Code: "200" | Service URL: "https://api.spacex.land/graphql" | Content Type: "application/json" | Response Time: "364ms"]. @05-10-2021 01:58:12.0578 AM
[ReportManager] Successfully created attachment [API Request - Specifications] @05-10-2021 01:58:12.0579 AM
[ReportManager] Successfully created attachment [API Request - JSON Body] @05-10-2021 01:58:12.0579 AM
[ReportManager] Successfully created attachment [API Response - JSON Body] @05-10-2021 01:58:12.0579 AM
[ReportManager] API Action [GetResponseJSONValue] successfully performed. With the following test data [data.insert_users.returning[0].name]. @05-10-2021 01:58:12.0626 AM
[ReportManager] Assertion [ValidateEquals] PASSED. Expected [sherlock holmes] and Actual [sherlock holmes]. Comparison Type [EQUALS]. Validation Type [POSITIVE]. @05-10-2021 01:58:12.0626 A

################################################################################################################################################
Starting Execution:	[140 out of 144] test cases in the current suite
Test Method:		[testPackage01.Test_sendGraphqlRequest.sendGraphqlRequestUsingQuery]
################################################################################################################################################
[ReportManager] GraphQl Request is being Performed with the Following Parameters [Service URL: https://api.spacex.land/graphql | Request Body: {"query":"{company {ceo}}"}] @05-10-2021 01:58:12.0629 AM
[ReportManager] Response status code: [200], status line: [HTTP/1.1 200 OK] @05-10-2021 01:58:12.0796 AM
[ReportManager] Assertion Passed: Evaluating the actual response status code against the expected one... @05-10-2021 01:58:12.0796 AM
[ReportManager] Assertion [ValidateEquals] PASSED. Expected [200] and Actual [200]. Comparison Type [EQUALS]. Validation Type [POSITIVE]. @05-10-2021 01:58:12.0796 AM
[ReportManager] API Action [PerformRequest] successfully performed. With the following test data [Request Type: "POST" | Target Status Code: "200" | Service URL: "https://api.spacex.land/graphql" | Content Type: "application/json" | Response Time: "163ms"]. @05-10-2021 01:58:12.0808 AM
[ReportManager] Successfully created attachment [API Request - Specifications] @05-10-2021 01:58:12.0808 AM
[ReportManager] Successfully created attachment [API Request - JSON Body] @05-10-2021 01:58:12.0809 AM
[ReportManager] Successfully created attachment [API Response - JSON Body] @05-10-2021 01:58:12.0809 AM
[ReportManager] API Action [GetResponseJSONValue] successfully performed. With the following test data [data.company.ceo]. @05-10-2021 01:58:12.0818 AM
[ReportManager] Assertion [ValidateEquals] PASSED. Expected [Elon Musk] and Actual [Elon Musk]. Comparison Type [EQUALS]. Validation Type [POSITIVE]. @05-10-2021 01:58:12.0819 A

################################################################################################################################################
Starting Execution:	[141 out of 144] test cases in the current suite
Test Method:		[testPackage01.Test_chainableElementActions.chainElementActions]
################################################################################################################################################
[ReportManager] File Action [GetAbsolutePath] successfully performed. With the following test data [Relative Folder Path: "target/downloadedFiles/"]. @05-10-2021 01:58:12.0822 AM
[ReportManager] Attempting to run remotely on: [Linux-64], [GoogleChrome], [http://localhost:4444/wd/hub], Headless Execution. @05-10-2021 01:58:12.0822 AM
[ReportManager] Successfully Opened [GoogleChrome]. @05-10-2021 01:58:13.0027 AM
[ReportManager] Target URL: [https://www.google.com/ncr], and after redirection: [https://www.google.com] @05-10-2021 01:58:13.0038 AM
[ReportManager] Initial URL: [data:,] @05-10-2021 01:58:13.0087 AM
[ReportManager] Browser Action [NavigateToURL] successfully performed. With the following test data [https://www.google.com/ncr]. @05-10-2021 01:58:14.0166 AM
[ReportManager] Element Action [Type] successfully performed. With the following test data [chained type 1]. @05-10-2021 01:58:14.0515 AM
[ReportManager] Element Action [Type] successfully performed. With the following test data [chained type 2]. @05-10-2021 01:58:14.0849 AM
[ReportManager] Element Action [TypeAppend] successfully performed. With the following test data [345]. @05-10-2021 01:58:14.0947 AM
[ReportManager] Element Action [GetText] successfully performed. With the following test data [chained type 2345]. @05-10-2021 01:58:15.0066 AM
[ReportManager] Loaded Shared OpenCV @05-10-2021 01:58:15.0187 AM
[ReportManager] Assertion [ValidateElementAttribute] PASSED. Expected [Value Should be 'chained type 2345' for the 'text' attribute, element locator 'By.name: q'] and Actual [chained type 2345]. Comparison Type [EQUALS]. Validation Type [POSITIVE]. @05-10-2021 01:58:15.0280 AM
[ReportManager] Successfully created attachment [Screenshot - 1633399095187_chainElementActions_ValidateElementAttribute_passed] @05-10-2021 01:58:15.0281 AM
[ReportManager] Browser Action [CloseCurrentWindow] successfully performed. @05-10-2021 01:58:15.0400 AM
[ReportManager] Successfully created attachment [Browser Action Test Data - CloseCurrentWindow - Actual Value] @05-10-2021 01:58:15.0400 A

################################################################################################################################################
Starting Execution:	[142 out of 144] test cases in the current suite
Test Method:		[testPackage01.Test_SkipDueToIssue.doNotSkip]
################################################################################################################################################
[ReportManager] This should not be skipped. @05-10-2021 01:58:15.0407 A

################################################################################################################################################
Starting Execution:	[143 out of 144] test cases in the current suite
Test Method:		[testPackage01.Test_SkipDueToIssue.skip]
################################################################################################################################################
[ReportManager] This should be skipped. @05-10-2021 01:58:15.0412 A

################################################################################################################################################
Starting Execution:	[144 out of 144] test cases in the current suite
Test Method:		[testPackage01.Test_SkipDueToIssue.skip2]
################################################################################################################################################
[ReportManager] This should be skipped. @05-10-2021 01:58:15.0419 A

################################################################################################################################################
Test Closure Activities
################################################################################################################################################
[ReportManager] Successfully created attachment [SHAFT Engine Logs - Execution log] @05-10-2021 01:58:15.0450 AM

################################################################################################################################################
This test run was powered by SHAFT Engine Version: [SHAFT Engine v5.3.20210902]
SHAFT Engine is licensed under the MIT License: [https://github.com/MohabMohie/SHAFT_ENGINE/blob/master/LICENSE].
################################################################################################################################################