################################################################################################################################################
Detected SHAFT Engine Version: [SHAFT Engine v5.4.20211202-BETA]
################################################################################################################################################
[ReportManager] File Action [GetAbsolutePath] successfully performed. With the following test data [Relative Folder Path: "target/downloadedFiles/"]. @09-12-2021 01:54:12.0540 AM
[ReportManager] Attempting to run locally on: [Mac-64], [Safari], Headless Execution. @09-12-2021 01:54:12.0607 AM
[ReportManager] Successfully Opened Safari. @09-12-2021 01:54:18.0732 AM
[ReportManager] Initial window size: (800, 600) @09-12-2021 01:54:18.0756 AM
[ReportManager] Window size after SWD Maximize: (1176, 802) @09-12-2021 01:54:18.0813 AM
[ReportManager] Browser Action [MaximizeWindow] successfully performed. With the following test data [New screen size is now: (1176, 802)]. @09-12-2021 01:54:18.0829 A

################################################################################################################################################
Starting Execution:	[1 out of 146] test cases in the current suite
Test Method:		[unitTests.tests_element_elementActions.waitForElementToBePresent_false_expectedToFail]
################################################################################################################################################
[ReportManager] Target URL: [https://www.google.com/ncr], and after redirection: [www.google.com] @09-12-2021 01:54:18.0997 AM
[ReportManager] Initial URL: [] @09-12-2021 01:54:19.0240 AM
[ReportManager] Browser Action [NavigateToURL] successfully performed. With the following test data [https://www.google.com/ncr]. @09-12-2021 01:54:23.0371 AM
[ReportManager] Waiting for element to be present; elementLocator [By.xpath: //*[@id='hplogo' or @alt='Google']], numberOfTries[1], stateOfPresence[false]... @09-12-2021 01:54:23.0380 AM
[ReportManager] Element Action [WaitForElementToBePresent] failed. With the following test data [waited for the element's state of presence to be (false). Element locator (By.xpath: //*[@id='hplogo' or @alt='Google'])]. @09-12-2021 01:54:26.0309 AM
[ReportManager] Successfully created attachment [Screenshot - 1639014863635_waitForElementToBePresent_false_expectedToFail_WaitForElementToBePresent_failed] @09-12-2021 01:54:26.0322 A
[ReportManager] Browser Action [CloseCurrentWindow] successfully performed. @09-12-2021 01:54:26.0950 AM
[ReportManager] Successfully created attachment [Browser Action Test Data - CloseCurrentWindow - Actual Value] @09-12-2021 01:54:26.0967 A
[ReportManager] File Action [GetAbsolutePath] successfully performed. With the following test data [Relative Folder Path: "target/downloadedFiles/"]. @09-12-2021 01:54:26.0999 AM
[ReportManager] Attempting to run locally on: [Mac-64], [Safari], Headless Execution. @09-12-2021 01:54:26.0999 AM
[ReportManager] An Exception Occured with this Message: Could not start a new session. Possible causes are invalid address of the remote server or browser start-up failure.. @09-12-2021 01:54:27.0298 AM
[ReportManager] Successfully created attachment [Exception Stack Trace - org.openqa.selenium.SessionNotCreatedException] @09-12-2021 01:54:27.0299 AM
[ReportManager] Driver Factory Action [createNewLocalDriverInstanceForSafari] failed. With the following test data [Failed to create a session on DESKTOP_SAFARI]. @09-12-2021 01:54:27.0300 A

################################################################################################################################################
Starting Execution:	[2 out of 146] test cases in the current suite
Test Method:		[unitTests.tests_element_elementActions.waitForElementToBePresent_false_expectedToPass]
###############################################################################################################################################



################################################################################################################################################
Starting Execution:	[3 out of 146] test cases in the current suite
Test Method:		[unitTests.tests_element_elementActions.waitForElementToBePresent_moreThanOneElement_expectedToFail]
###############################################################################################################################################



################################################################################################################################################
Starting Execution:	[4 out of 146] test cases in the current suite
Test Method:		[unitTests.tests_element_elementActions.waitForElementToBePresent_true_expectedToFail]
###############################################################################################################################################



################################################################################################################################################
Starting Execution:	[5 out of 146] test cases in the current suite
Test Method:		[unitTests.tests_element_elementActions.waitForElementToBePresent_true_expectedToPass]
###############################################################################################################################################

[ReportManager] File Action [GetAbsolutePath] successfully performed. With the following test data [Relative Folder Path: "target/downloadedFiles/"]. @09-12-2021 01:54:27.0418 AM
[ReportManager] Attempting to run locally on: [Mac-64], [Safari], Headless Execution. @09-12-2021 01:54:27.0418 AM
[ReportManager] Successfully Opened Safari. @09-12-2021 01:54:28.0661 AM
[ReportManager] Initial window size: (800, 600) @09-12-2021 01:54:28.0681 AM
[ReportManager] Window size after SWD Maximize: (1176, 803) @09-12-2021 01:54:28.0820 AM
[ReportManager] Browser Action [MaximizeWindow] successfully performed. With the following test data [New screen size is now: (1176, 803)]. @09-12-2021 01:54:28.0821 AM
[ReportManager] Target URL: [https://duckduckgo.com] @09-12-2021 01:54:28.0821 AM
[ReportManager] Initial URL: [] @09-12-2021 01:54:28.0877 AM
[ReportManager] Browser Action [NavigateToURL] successfully performed. With the following test data [https://duckduckgo.com]. @09-12-2021 01:54:30.0022 A

################################################################################################################################################
Starting Execution:	[6 out of 146] test cases in the current suite
Test Method:		[unitTests.tests_browserActions.fullScreenWindow]
################################################################################################################################################
[ReportManager] Initial Windows Size: 1176x803 @09-12-2021 01:54:30.0034 AM
[ReportManager] Current Windows Size after fullScreen: 1176x885 @09-12-2021 01:54:30.0681 AM
[ReportManager] Browser Action [FullScreenWindow] successfully performed. @09-12-2021 01:54:30.0725 AM
[ReportManager] Successfully created attachment [Browser Action Test Data - FullScreenWindow - Actual Value] @09-12-2021 01:54:30.0726 A
[ReportManager] Target URL: [https://duckduckgo.com] @09-12-2021 01:54:30.0730 AM
[ReportManager] Initial URL: [https://duckduckgo.com] @09-12-2021 01:54:30.0868 AM
[ReportManager] Browser Action [NavigateToURL] successfully performed. With the following test data [https://duckduckgo.com]. @09-12-2021 01:54:31.0966 AM
[ReportManager] Browser Action [CloseCurrentWindow] successfully performed. @09-12-2021 01:54:32.0113 AM
[ReportManager] Successfully created attachment [Browser Action Test Data - CloseCurrentWindow - Actual Value] @09-12-2021 01:54:32.0115 A
[ReportManager] File Action [GetAbsolutePath] successfully performed. With the following test data [Relative Folder Path: "target/downloadedFiles/"]. @09-12-2021 01:54:32.0126 AM
[ReportManager] Attempting to run locally on: [Mac-64], [Safari], Headless Execution. @09-12-2021 01:54:32.0127 AM
[ReportManager] An Exception Occured with this Message: Could not start a new session. Possible causes are invalid address of the remote server or browser start-up failure.. @09-12-2021 01:54:32.0433 AM
[ReportManager] Successfully created attachment [Exception Stack Trace - org.openqa.selenium.SessionNotCreatedException] @09-12-2021 01:54:32.0434 AM
[ReportManager] Driver Factory Action [createNewLocalDriverInstanceForSafari] failed. With the following test data [Failed to create a session on DESKTOP_SAFARI]. @09-12-2021 01:54:32.0434 A

################################################################################################################################################
Starting Execution:	[7 out of 146] test cases in the current suite
Test Method:		[unitTests.tests_browserActions.getCurrentURL]
###############################################################################################################################################



################################################################################################################################################
Starting Execution:	[8 out of 146] test cases in the current suite
Test Method:		[unitTests.tests_browserActions.getCurrentWindowTitle]
###############################################################################################################################################



################################################################################################################################################
Starting Execution:	[9 out of 146] test cases in the current suite
Test Method:		[unitTests.tests_browserActions.getPageSource]
###############################################################################################################################################



################################################################################################################################################
Starting Execution:	[10 out of 146] test cases in the current suite
Test Method:		[unitTests.tests_browserActions.getWindowHandle]
###############################################################################################################################################



################################################################################################################################################
Starting Execution:	[11 out of 146] test cases in the current suite
Test Method:		[unitTests.tests_browserActions.getWindowPosition]
###############################################################################################################################################



################################################################################################################################################
Starting Execution:	[12 out of 146] test cases in the current suite
Test Method:		[unitTests.tests_browserActions.getWindowSize]
###############################################################################################################################################



################################################################################################################################################
Starting Execution:	[13 out of 146] test cases in the current suite
Test Method:		[unitTests.tests_browserActions.maximizeWindow]
###############################################################################################################################################



################################################################################################################################################
Starting Execution:	[14 out of 146] test cases in the current suite
Test Method:		[unitTests.tests_browserActions.navigateBack]
###############################################################################################################################################



################################################################################################################################################
Starting Execution:	[15 out of 146] test cases in the current suite
Test Method:		[unitTests.tests_browserActions.navigateForward]
###############################################################################################################################################



################################################################################################################################################
Starting Execution:	[16 out of 146] test cases in the current suite
Test Method:		[unitTests.tests_browserActions.navigateToURL]
###############################################################################################################################################



################################################################################################################################################
Starting Execution:	[17 out of 146] test cases in the current suite
Test Method:		[unitTests.tests_browserActions.navigateToURLWithRedirection]
###############################################################################################################################################



################################################################################################################################################
Starting Execution:	[18 out of 146] test cases in the current suite
Test Method:		[unitTests.tests_browserActions.refreshCurrentPage]
###############################################################################################################################################



################################################################################################################################################
Starting Execution:	[19 out of 146] test cases in the current suite
Test Method:		[unitTests.tests_browserActions.setWindowSize]
###############################################################################################################################################

[ReportManager] Successfully loaded the following test data file [src/test/resources/testDataFiles/testSuite01/TestData.xlsx]. @09-12-2021 01:54:35.0923 AM
[ReportManager] Successfully created attachment [Test Data - Excel] @09-12-2021 01:54:35.0924 A

################################################################################################################################################
Starting Execution:	[20 out of 146] test cases in the current suite
Test Method:		[unitTests.tests_io_excelFileManager.getCellData_rowName_expectedToPass]
################################################################################################################################################
[ReportManager] testRowData. @09-12-2021 01:54:35.0947 A

################################################################################################################################################
Starting Execution:	[21 out of 146] test cases in the current suite
Test Method:		[unitTests.tests_validations_assertions.assertComparativeRelation_greaterThanOrEquals_false_equals_expectedToFail]
################################################################################################################################################
[ReportManager] Assertion [ValidateComparativeRelation] FAILED. Expected [1] and Actual [1]. Comparison Type [GREATER_THAN_OR_EQUALS]. Validation Type [NEGATIVE]. @09-12-2021 01:54:36.0073 A

################################################################################################################################################
Starting Execution:	[22 out of 146] test cases in the current suite
Test Method:		[unitTests.tests_validations_assertions.assertComparativeRelation_greaterThanOrEquals_false_equals_expectedToPass]
################################################################################################################################################
[ReportManager] Assertion [ValidateComparativeRelation] PASSED. Expected [2] and Actual [1]. Comparison Type [GREATER_THAN_OR_EQUALS]. Validation Type [NEGATIVE]. @09-12-2021 01:54:36.0090 A

################################################################################################################################################
Starting Execution:	[23 out of 146] test cases in the current suite
Test Method:		[unitTests.tests_validations_assertions.assertComparativeRelation_greaterThanOrEquals_false_greaterThan_expectedToFail]
################################################################################################################################################
[ReportManager] Assertion [ValidateComparativeRelation] FAILED. Expected [1] and Actual [2]. Comparison Type [GREATER_THAN_OR_EQUALS]. Validation Type [NEGATIVE]. @09-12-2021 01:54:36.0094 A

################################################################################################################################################
Starting Execution:	[24 out of 146] test cases in the current suite
Test Method:		[unitTests.tests_validations_assertions.assertComparativeRelation_greaterThanOrEquals_false_greaterThan_expectedToPass]
################################################################################################################################################
[ReportManager] Assertion [ValidateComparativeRelation] PASSED. Expected [2] and Actual [1]. Comparison Type [GREATER_THAN_OR_EQUALS]. Validation Type [NEGATIVE]. @09-12-2021 01:54:36.0099 A

################################################################################################################################################
Starting Execution:	[25 out of 146] test cases in the current suite
Test Method:		[unitTests.tests_validations_assertions.assertComparativeRelation_greaterThanOrEquals_true_equals_expectedToFail]
################################################################################################################################################
[ReportManager] Assertion [ValidateComparativeRelation] FAILED. Expected [1] and Actual [0]. Comparison Type [GREATER_THAN_OR_EQUALS]. Validation Type [POSITIVE]. @09-12-2021 01:54:36.0103 A

################################################################################################################################################
Starting Execution:	[26 out of 146] test cases in the current suite
Test Method:		[unitTests.tests_validations_assertions.assertComparativeRelation_greaterThanOrEquals_true_equals_expectedToPass]
################################################################################################################################################
[ReportManager] Assertion [ValidateComparativeRelation] PASSED. Expected [1] and Actual [1]. Comparison Type [GREATER_THAN_OR_EQUALS]. Validation Type [POSITIVE]. @09-12-2021 01:54:36.0131 A

################################################################################################################################################
Starting Execution:	[27 out of 146] test cases in the current suite
Test Method:		[unitTests.tests_validations_assertions.assertComparativeRelation_greaterThanOrEquals_true_greaterThan_expectedToFail]
################################################################################################################################################
[ReportManager] Assertion [ValidateComparativeRelation] FAILED. Expected [2] and Actual [1]. Comparison Type [GREATER_THAN_OR_EQUALS]. Validation Type [POSITIVE]. @09-12-2021 01:54:36.0213 A

################################################################################################################################################
Starting Execution:	[28 out of 146] test cases in the current suite
Test Method:		[unitTests.tests_validations_assertions.assertComparativeRelation_greaterThanOrEquals_true_greaterThan_expectedToPass]
################################################################################################################################################
[ReportManager] Assertion [ValidateComparativeRelation] PASSED. Expected [1] and Actual [2]. Comparison Type [GREATER_THAN_OR_EQUALS]. Validation Type [POSITIVE]. @09-12-2021 01:54:36.0216 A
[ReportManager] File Action [GetAbsolutePath] successfully performed. With the following test data [Relative Folder Path: "target/downloadedFiles/"]. @09-12-2021 01:54:36.0220 AM
[ReportManager] Attempting to run locally on: [Mac-64], [Safari], Headless Execution. @09-12-2021 01:54:36.0220 AM
[ReportManager] Successfully Opened Safari. @09-12-2021 01:54:37.0107 AM
[ReportManager] Initial window size: (800, 600) @09-12-2021 01:54:37.0126 AM
[ReportManager] Window size after SWD Maximize: (1176, 803) @09-12-2021 01:54:37.0159 AM
[ReportManager] Browser Action [MaximizeWindow] successfully performed. With the following test data [New screen size is now: (1176, 803)]. @09-12-2021 01:54:37.0160 AM
[ReportManager] Target URL: [https://www.google.com/ncr], and after redirection: [www.google.com] @09-12-2021 01:54:37.0160 AM
[ReportManager] Initial URL: [] @09-12-2021 01:54:37.0209 AM
[ReportManager] Browser Action [NavigateToURL] successfully performed. With the following test data [https://www.google.com/ncr]. @09-12-2021 01:54:40.0107 A

################################################################################################################################################
Starting Execution:	[29 out of 146] test cases in the current suite
Test Method:		[unitTests.tests_validations_assertions.assertElementAttribute_false_caseInsensitiveComparison_expectedToFail]
################################################################################################################################################
[ReportManager] Element Action [Type] successfully performed. With the following test data [AUTOMATION]. @09-12-2021 01:54:40.0428 AM
[ReportManager] Element Action [GetText] successfully performed. With the following test data [AUTOMATION]. @09-12-2021 01:54:40.0504 AM
[ReportManager] Loaded Shared OpenCV @09-12-2021 01:54:41.0981 AM
[ReportManager] Assertion [ValidateElementAttribute] FAILED. Expected [Value Should not be 'AutomaTion' for the 'text' attribute, element locator 'By.name: q'] and Actual [AUTOMATION]. Comparison Type [CASE_INSENSITIVE]. Validation Type [NEGATIVE]. @09-12-2021 01:54:42.0473 AM
[ReportManager] Successfully created attachment [Screenshot - 1639014880593_assertElementAttribute_false_caseInsensitiveComparison_expectedToFail_ValidateElementAttribute_failed] @09-12-2021 01:54:42.0490 A
[ReportManager] Browser Action [CloseCurrentWindow] successfully performed. @09-12-2021 01:54:42.0860 AM
[ReportManager] Successfully created attachment [Browser Action Test Data - CloseCurrentWindow - Actual Value] @09-12-2021 01:54:42.0862 A
[ReportManager] File Action [GetAbsolutePath] successfully performed. With the following test data [Relative Folder Path: "target/downloadedFiles/"]. @09-12-2021 01:54:42.0870 AM
[ReportManager] Attempting to run locally on: [Mac-64], [Safari], Headless Execution. @09-12-2021 01:54:42.0870 AM
[ReportManager] Successfully Opened Safari. @09-12-2021 01:54:43.0807 AM
[ReportManager] Initial window size: (800, 600) @09-12-2021 01:54:43.0847 AM
[ReportManager] Window size after SWD Maximize: (1176, 803) @09-12-2021 01:54:43.0907 AM
[ReportManager] Browser Action [MaximizeWindow] successfully performed. With the following test data [New screen size is now: (1176, 803)]. @09-12-2021 01:54:43.0908 AM
[ReportManager] Target URL: [https://www.google.com/ncr], and after redirection: [www.google.com] @09-12-2021 01:54:43.0908 AM
[ReportManager] Initial URL: [] @09-12-2021 01:54:43.0992 AM
[ReportManager] Browser Action [NavigateToURL] successfully performed. With the following test data [https://www.google.com/ncr]. @09-12-2021 01:54:46.0362 A

################################################################################################################################################
Starting Execution:	[30 out of 146] test cases in the current suite
Test Method:		[unitTests.tests_validations_assertions.assertElementAttribute_false_caseInsensitiveComparison_expectedToPass]
################################################################################################################################################
[ReportManager] Element Action [Type] successfully performed. With the following test data [AUTOMATION]. @09-12-2021 01:54:46.0856 AM
[ReportManager] Element Action [GetText] successfully performed. With the following test data [AUTOMATION]. @09-12-2021 01:54:47.0061 AM
[ReportManager] Loaded Shared OpenCV @09-12-2021 01:54:47.0155 AM
[ReportManager] Assertion [ValidateElementAttribute] PASSED. Expected [Value Should not be 'AutomaTion123' for the 'text' attribute, element locator 'By.name: q'] and Actual [AUTOMATION]. Comparison Type [CASE_INSENSITIVE]. Validation Type [NEGATIVE]. @09-12-2021 01:54:47.0264 AM
[ReportManager] Successfully created attachment [Screenshot - 1639014887155_assertElementAttribute_false_caseInsensitiveComparison_expectedToPass_ValidateElementAttribute_passed] @09-12-2021 01:54:47.0266 A
[ReportManager] Browser Action [CloseCurrentWindow] successfully performed. @09-12-2021 01:54:47.0827 AM
[ReportManager] Successfully created attachment [Browser Action Test Data - CloseCurrentWindow - Actual Value] @09-12-2021 01:54:47.0829 A
[ReportManager] File Action [GetAbsolutePath] successfully performed. With the following test data [Relative Folder Path: "target/downloadedFiles/"]. @09-12-2021 01:54:47.0836 AM
[ReportManager] Attempting to run locally on: [Mac-64], [Safari], Headless Execution. @09-12-2021 01:54:47.0836 AM
[ReportManager] Successfully Opened Safari. @09-12-2021 01:54:48.0747 AM
[ReportManager] Initial window size: (800, 600) @09-12-2021 01:54:48.0796 AM
[ReportManager] Window size after SWD Maximize: (1176, 803) @09-12-2021 01:54:48.0845 AM
[ReportManager] Browser Action [MaximizeWindow] successfully performed. With the following test data [New screen size is now: (1176, 803)]. @09-12-2021 01:54:48.0845 AM
[ReportManager] Target URL: [https://www.google.com/ncr], and after redirection: [www.google.com] @09-12-2021 01:54:48.0845 AM
[ReportManager] Initial URL: [] @09-12-2021 01:54:49.0064 AM
[ReportManager] Browser Action [NavigateToURL] successfully performed. With the following test data [https://www.google.com/ncr]. @09-12-2021 01:54:51.0464 A

################################################################################################################################################
Starting Execution:	[31 out of 146] test cases in the current suite
Test Method:		[unitTests.tests_validations_assertions.assertElementAttribute_false_containsComparison_expectedToFail]
################################################################################################################################################
[ReportManager] Element Action [Type] successfully performed. With the following test data [Automation123]. @09-12-2021 01:54:52.0067 AM
[ReportManager] Element Action [GetText] successfully performed. With the following test data [Automation123]. @09-12-2021 01:54:52.0161 AM
[ReportManager] Loaded Shared OpenCV @09-12-2021 01:54:52.0240 AM
[ReportManager] Assertion [ValidateElementAttribute] FAILED. Expected [Value Should not be 'Automation' for the 'text' attribute, element locator 'By.name: q'] and Actual [Automation123]. Comparison Type [CONTAINS]. Validation Type [NEGATIVE]. @09-12-2021 01:54:52.0394 AM
[ReportManager] Successfully created attachment [Screenshot - 1639014892240_assertElementAttribute_false_containsComparison_expectedToFail_ValidateElementAttribute_failed] @09-12-2021 01:54:52.0396 A
[ReportManager] Browser Action [CloseCurrentWindow] successfully performed. @09-12-2021 01:54:52.0763 AM
[ReportManager] Successfully created attachment [Browser Action Test Data - CloseCurrentWindow - Actual Value] @09-12-2021 01:54:52.0765 A
[ReportManager] File Action [GetAbsolutePath] successfully performed. With the following test data [Relative Folder Path: "target/downloadedFiles/"]. @09-12-2021 01:54:52.0772 AM
[ReportManager] Attempting to run locally on: [Mac-64], [Safari], Headless Execution. @09-12-2021 01:54:52.0773 AM
[ReportManager] Successfully Opened Safari. @09-12-2021 01:54:53.0749 AM
[ReportManager] Initial window size: (800, 600) @09-12-2021 01:54:53.0797 AM
[ReportManager] Window size after SWD Maximize: (1176, 803) @09-12-2021 01:54:53.0840 AM
[ReportManager] Browser Action [MaximizeWindow] successfully performed. With the following test data [New screen size is now: (1176, 803)]. @09-12-2021 01:54:53.0841 AM
[ReportManager] Target URL: [https://www.google.com/ncr], and after redirection: [www.google.com] @09-12-2021 01:54:53.0841 AM
[ReportManager] Initial URL: [] @09-12-2021 01:54:54.0012 AM
[ReportManager] Browser Action [NavigateToURL] successfully performed. With the following test data [https://www.google.com/ncr]. @09-12-2021 01:54:56.0329 A

################################################################################################################################################
Starting Execution:	[32 out of 146] test cases in the current suite
Test Method:		[unitTests.tests_validations_assertions.assertElementAttribute_false_containsComparison_expectedToPass]
################################################################################################################################################
[ReportManager] Element Action [Type] successfully performed. With the following test data [Automation123]. @09-12-2021 01:54:56.0774 AM
[ReportManager] Element Action [GetText] successfully performed. With the following test data [Automation123]. @09-12-2021 01:54:56.0939 AM
[ReportManager] Loaded Shared OpenCV @09-12-2021 01:54:57.0017 AM
[ReportManager] Assertion [ValidateElementAttribute] PASSED. Expected [Value Should not be 'Automation1234' for the 'text' attribute, element locator 'By.name: q'] and Actual [Automation123]. Comparison Type [CONTAINS]. Validation Type [NEGATIVE]. @09-12-2021 01:54:57.0124 AM
[ReportManager] Successfully created attachment [Screenshot - 1639014897017_assertElementAttribute_false_containsComparison_expectedToPass_ValidateElementAttribute_passed] @09-12-2021 01:54:57.0125 A
[ReportManager] Browser Action [CloseCurrentWindow] successfully performed. @09-12-2021 01:54:57.0607 AM
[ReportManager] Successfully created attachment [Browser Action Test Data - CloseCurrentWindow - Actual Value] @09-12-2021 01:54:57.0609 A
[ReportManager] File Action [GetAbsolutePath] successfully performed. With the following test data [Relative Folder Path: "target/downloadedFiles/"]. @09-12-2021 01:54:57.0616 AM
[ReportManager] Attempting to run locally on: [Mac-64], [Safari], Headless Execution. @09-12-2021 01:54:57.0617 AM
[ReportManager] Successfully Opened Safari. @09-12-2021 01:54:58.0530 AM
[ReportManager] Initial window size: (800, 600) @09-12-2021 01:54:58.0564 AM
[ReportManager] Window size after SWD Maximize: (1176, 803) @09-12-2021 01:54:58.0598 AM
[ReportManager] Browser Action [MaximizeWindow] successfully performed. With the following test data [New screen size is now: (1176, 803)]. @09-12-2021 01:54:58.0598 AM
[ReportManager] Target URL: [https://www.google.com/ncr], and after redirection: [www.google.com] @09-12-2021 01:54:58.0599 AM
[ReportManager] Initial URL: [] @09-12-2021 01:54:58.0665 AM
[ReportManager] Browser Action [NavigateToURL] successfully performed. With the following test data [https://www.google.com/ncr]. @09-12-2021 01:55:01.0046 A

################################################################################################################################################
Starting Execution:	[33 out of 146] test cases in the current suite
Test Method:		[unitTests.tests_validations_assertions.assertElementAttribute_false_literalComparison_expectedToFail]
################################################################################################################################################
[ReportManager] Element Action [Type] successfully performed. With the following test data [Automation!@#$%^&*()_+{}[]\';/.,]. @09-12-2021 01:55:01.0573 AM
[ReportManager] Element Action [GetText] successfully performed. With the following test data [Automation!@#$%^&*()_+{}[]\';/.,]. @09-12-2021 01:55:01.0746 AM
[ReportManager] Loaded Shared OpenCV @09-12-2021 01:55:01.0841 AM
[ReportManager] Assertion [ValidateElementAttribute] PASSED. Expected [Value Should not be 'Automation!@#$%^&*()_+{}[]\\';/.,' for the 'text' attribute, element locator 'By.name: q'] and Actual [Automation!@#$%^&*()_+{}[]\';/.,]. Comparison Type [EQUALS]. Validation Type [NEGATIVE]. @09-12-2021 01:55:02.0010 AM
[ReportManager] Successfully created attachment [Screenshot - 1639014901841_assertElementAttribute_false_literalComparison_expectedToFail_ValidateElementAttribute_passed] @09-12-2021 01:55:02.0012 A
[ReportManager] Browser Action [CloseCurrentWindow] successfully performed. @09-12-2021 01:55:02.0138 AM
[ReportManager] Successfully created attachment [Browser Action Test Data - CloseCurrentWindow - Actual Value] @09-12-2021 01:55:02.0149 A
[ReportManager] File Action [GetAbsolutePath] successfully performed. With the following test data [Relative Folder Path: "target/downloadedFiles/"]. @09-12-2021 01:55:02.0157 AM
[ReportManager] Attempting to run locally on: [Mac-64], [Safari], Headless Execution. @09-12-2021 01:55:02.0158 AM
[ReportManager] An Exception Occured with this Message: Could not start a new session. Possible causes are invalid address of the remote server or browser start-up failure.. @09-12-2021 01:55:02.0316 AM
[ReportManager] Successfully created attachment [Exception Stack Trace - org.openqa.selenium.SessionNotCreatedException] @09-12-2021 01:55:02.0316 AM
[ReportManager] Driver Factory Action [createNewLocalDriverInstanceForSafari] failed. With the following test data [Failed to create a session on DESKTOP_SAFARI]. @09-12-2021 01:55:02.0320 A

################################################################################################################################################
Starting Execution:	[34 out of 146] test cases in the current suite
Test Method:		[unitTests.tests_validations_assertions.assertElementAttribute_false_literalComparison_expectedToPass]
###############################################################################################################################################



################################################################################################################################################
Starting Execution:	[35 out of 146] test cases in the current suite
Test Method:		[unitTests.tests_validations_assertions.assertElementAttribute_false_regexComparison_expectedToFail]
###############################################################################################################################################



################################################################################################################################################
Starting Execution:	[36 out of 146] test cases in the current suite
Test Method:		[unitTests.tests_validations_assertions.assertElementAttribute_false_regexComparison_expectedToPass]
###############################################################################################################################################



################################################################################################################################################
Starting Execution:	[37 out of 146] test cases in the current suite
Test Method:		[unitTests.tests_validations_assertions.assertElementAttribute_true_caseInsensitiveComparison_expectedToFail]
###############################################################################################################################################



################################################################################################################################################
Starting Execution:	[38 out of 146] test cases in the current suite
Test Method:		[unitTests.tests_validations_assertions.assertElementAttribute_true_caseInsensitiveComparison_expectedToPass]
###############################################################################################################################################



################################################################################################################################################
Starting Execution:	[39 out of 146] test cases in the current suite
Test Method:		[unitTests.tests_validations_assertions.assertElementAttribute_true_containsComparison_expectedToFail]
###############################################################################################################################################



################################################################################################################################################
Starting Execution:	[40 out of 146] test cases in the current suite
Test Method:		[unitTests.tests_validations_assertions.assertElementAttribute_true_containsComparison_expectedToPass]
###############################################################################################################################################



################################################################################################################################################
Starting Execution:	[41 out of 146] test cases in the current suite
Test Method:		[unitTests.tests_validations_assertions.assertElementAttribute_true_literalComparison_expectedToFail]
###############################################################################################################################################



################################################################################################################################################
Starting Execution:	[42 out of 146] test cases in the current suite
Test Method:		[unitTests.tests_validations_assertions.assertElementAttribute_true_literalComparison_expectedToPass]
###############################################################################################################################################



################################################################################################################################################
Starting Execution:	[43 out of 146] test cases in the current suite
Test Method:		[unitTests.tests_validations_assertions.assertElementAttribute_true_regexComparison_expectedToFail]
###############################################################################################################################################



################################################################################################################################################
Starting Execution:	[44 out of 146] test cases in the current suite
Test Method:		[unitTests.tests_validations_assertions.assertElementAttribute_true_regexComparison_expectedToPass]
###############################################################################################################################################



################################################################################################################################################
Starting Execution:	[45 out of 146] test cases in the current suite
Test Method:		[unitTests.tests_validations_assertions.assertElementAttribute_type_true_literalComparison_expectedToPass]
###############################################################################################################################################



################################################################################################################################################
Starting Execution:	[46 out of 146] test cases in the current suite
Test Method:		[unitTests.tests_validations_assertions.assertElementExists_false_expectedToFail]
###############################################################################################################################################



################################################################################################################################################
Starting Execution:	[47 out of 146] test cases in the current suite
Test Method:		[unitTests.tests_validations_assertions.assertElementExists_false_expectedToPass]
###############################################################################################################################################



################################################################################################################################################
Starting Execution:	[48 out of 146] test cases in the current suite
Test Method:		[unitTests.tests_validations_assertions.assertElementExists_false_multipleElementsFound_expectedToFail]
###############################################################################################################################################



################################################################################################################################################
Starting Execution:	[49 out of 146] test cases in the current suite
Test Method:		[unitTests.tests_validations_assertions.assertElementExists_true_expectedToFail]
###############################################################################################################################################



################################################################################################################################################
Starting Execution:	[50 out of 146] test cases in the current suite
Test Method:		[unitTests.tests_validations_assertions.assertElementExists_true_expectedToPass]
###############################################################################################################################################



################################################################################################################################################
Starting Execution:	[51 out of 146] test cases in the current suite
Test Method:		[unitTests.tests_validations_assertions.assertElementExists_true_multipleElementsFound_expectedToFail]
###############################################################################################################################################


################################################################################################################################################
Starting Execution:	[52 out of 146] test cases in the current suite
Test Method:		[unitTests.tests_validations_assertions.assertEquals_false_expectedToFail]
###############################################################################################################################################

################################################################################################################################################
Starting Execution:	[53 out of 146] test cases in the current suite
Test Method:		[unitTests.tests_validations_assertions.assertEquals_false_expectedToPass]
###############################################################################################################################################

################################################################################################################################################
Starting Execution:	[54 out of 146] test cases in the current suite
Test Method:		[unitTests.tests_validations_assertions.assertEquals_longCharacters]
###############################################################################################################################################

################################################################################################################################################
Starting Execution:	[55 out of 146] test cases in the current suite
Test Method:		[unitTests.tests_validations_assertions.assertEquals_longCharacters_Discreet]
###############################################################################################################################################

################################################################################################################################################
Starting Execution:	[56 out of 146] test cases in the current suite
Test Method:		[unitTests.tests_validations_assertions.assertEquals_true_expectedToFail]
###############################################################################################################################################

################################################################################################################################################
Starting Execution:	[57 out of 146] test cases in the current suite
Test Method:		[unitTests.tests_validations_assertions.assertEquals_true_expectedToPass]
Test Description:	[Assert that assertEquals works as expected when the two values are equal.]
###############################################################################################################################################

################################################################################################################################################
Starting Execution:	[58 out of 146] test cases in the current suite
Test Method:		[unitTests.tests_validations_assertions.assertEquals_true_expectedToPass__]
###############################################################################################################################################

################################################################################################################################################
Starting Execution:	[59 out of 146] test cases in the current suite
Test Method:		[unitTests.tests_validations_assertions.assertFileExists_false_expectedToFail]
###############################################################################################################################################

################################################################################################################################################
Starting Execution:	[60 out of 146] test cases in the current suite
Test Method:		[unitTests.tests_validations_assertions.assertFileExists_false_expectedToPass]
###############################################################################################################################################

################################################################################################################################################
Starting Execution:	[61 out of 146] test cases in the current suite
Test Method:		[unitTests.tests_validations_assertions.assertFileExists_true_expectedToFail]
###############################################################################################################################################

################################################################################################################################################
Starting Execution:	[62 out of 146] test cases in the current suite
Test Method:		[unitTests.tests_validations_assertions.assertFileExists_true_expectedToPass]
###############################################################################################################################################

################################################################################################################################################
Starting Execution:	[63 out of 146] test cases in the current suite
Test Method:		[unitTests.tests_validations_assertions.assertNull_false_expectedToFail]
###############################################################################################################################################

################################################################################################################################################
Starting Execution:	[64 out of 146] test cases in the current suite
Test Method:		[unitTests.tests_validations_assertions.assertNull_false_expectedToPass]
###############################################################################################################################################

################################################################################################################################################
Starting Execution:	[65 out of 146] test cases in the current suite
Test Method:		[unitTests.tests_validations_assertions.assertNull_true_expectedToFail]
###############################################################################################################################################

################################################################################################################################################
Starting Execution:	[66 out of 146] test cases in the current suite
Test Method:		[unitTests.tests_validations_assertions.assertNull_true_expectedToPass]
###############################################################################################################################################

################################################################################################################################################
Starting Execution:	[67 out of 146] test cases in the current suite
Test Method:		[unitTests.tests_restActions.getPostsAndAssertBodyForSpecificTitle]
################################################################################################################################################
[ReportManager] Response status code: [200], status line: [HTTP/1.1 200 OK] @09-12-2021 01:55:06.0251 AM
[ReportManager] Assertion Passed: Evaluating the actual response status code against the expected one... @09-12-2021 01:55:06.0256 AM
[ReportManager] Assertion [ValidateComparativeRelation] PASSED. Expected [200] and Actual [200]. Comparison Type [EQUALS]. Validation Type [POSITIVE]. @09-12-2021 01:55:06.0257 AM
[ReportManager] API Action [PerformRequest] successfully performed. With the following test data [Request Type: "GET" | Target Status Code: "200" | Service URL: "https://jsonplaceholder.typicode.com/posts" | Content Type: "*/*" | Response Time: "1131ms"]. @09-12-2021 01:55:07.0583 AM
[ReportManager] Successfully created attachment [API Request - Specifications] @09-12-2021 01:55:07.0584 AM
[ReportManager] Successfully created attachment [API Response - JSON Body] @09-12-2021 01:55:07.0855 AM
[ReportManager] API Action [GetResponseJSONValueAsList] successfully performed. @09-12-2021 01:55:07.0953 AM
[ReportManager] API Action [GetResponseJSONValue] successfully performed. With the following test data [title]. @09-12-2021 01:55:07.0977 AM
[ReportManager] API Action [GetResponseJSONValue] successfully performed. With the following test data [title]. @09-12-2021 01:55:07.0993 AM
[ReportManager] API Action [GetResponseJSONValue] successfully performed. With the following test data [body]. @09-12-2021 01:55:08.0008 AM
[ReportManager] Assertion [ValidateEquals] PASSED. Expected [qui neque nisi nulla] and Actual [est rerum tempore vitae
sequi sint nihil reprehenderit dolor beatae ea dolores neque
fugiat blanditiis voluptate porro vel nihil molestiae ut reiciendis
qui aperiam non debitis possimus qui neque nisi nulla]. Comparison Type [CONTAINS]. Validation Type [POSITIVE]. @09-12-2021 01:55:08.0008 AM
[ReportManager] API Action [GetResponseJSONValue] successfully performed. With the following test data [title]. @09-12-2021 01:55:08.0023 AM
[ReportManager] API Action [GetResponseJSONValue] successfully performed. With the following test data [title]. @09-12-2021 01:55:08.0038 AM
[ReportManager] API Action [GetResponseJSONValue] successfully performed. With the following test data [title]. @09-12-2021 01:55:08.0052 AM
[ReportManager] API Action [GetResponseJSONValue] successfully performed. With the following test data [title]. @09-12-2021 01:55:08.0069 AM
[ReportManager] API Action [GetResponseJSONValue] successfully performed. With the following test data [title]. @09-12-2021 01:55:08.0106 AM
[ReportManager] API Action [GetResponseJSONValue] successfully performed. With the following test data [title]. @09-12-2021 01:55:08.0121 AM
[ReportManager] API Action [GetResponseJSONValue] successfully performed. With the following test data [title]. @09-12-2021 01:55:08.0135 AM
[ReportManager] API Action [GetResponseJSONValue] successfully performed. With the following test data [title]. @09-12-2021 01:55:08.0148 AM
[ReportManager] API Action [GetResponseJSONValue] successfully performed. With the following test data [title]. @09-12-2021 01:55:08.0164 AM
[ReportManager] API Action [GetResponseJSONValue] successfully performed. With the following test data [title]. @09-12-2021 01:55:08.0178 AM
[ReportManager] API Action [GetResponseJSONValue] successfully performed. With the following test data [title]. @09-12-2021 01:55:08.0196 AM
[ReportManager] API Action [GetResponseJSONValue] successfully performed. With the following test data [title]. @09-12-2021 01:55:08.0212 AM
[ReportManager] API Action [GetResponseJSONValue] successfully performed. With the following test data [title]. @09-12-2021 01:55:08.0226 AM
[ReportManager] API Action [GetResponseJSONValue] successfully performed. With the following test data [title]. @09-12-2021 01:55:08.0240 AM
[ReportManager] API Action [GetResponseJSONValue] successfully performed. With the following test data [title]. @09-12-2021 01:55:08.0255 AM
[ReportManager] API Action [GetResponseJSONValue] successfully performed. With the following test data [title]. @09-12-2021 01:55:08.0269 AM
[ReportManager] API Action [GetResponseJSONValue] successfully performed. With the following test data [title]. @09-12-2021 01:55:08.0283 AM
[ReportManager] API Action [GetResponseJSONValue] successfully performed. With the following test data [title]. @09-12-2021 01:55:08.0296 AM
[ReportManager] API Action [GetResponseJSONValue] successfully performed. With the following test data [title]. @09-12-2021 01:55:08.0309 AM
[ReportManager] API Action [GetResponseJSONValue] successfully performed. With the following test data [title]. @09-12-2021 01:55:08.0322 AM
[ReportManager] API Action [GetResponseJSONValue] successfully performed. With the following test data [title]. @09-12-2021 01:55:08.0336 AM
[ReportManager] API Action [GetResponseJSONValue] successfully performed. With the following test data [title]. @09-12-2021 01:55:08.0350 AM
[ReportManager] API Action [GetResponseJSONValue] successfully performed. With the following test data [title]. @09-12-2021 01:55:08.0362 AM
[ReportManager] API Action [GetResponseJSONValue] successfully performed. With the following test data [title]. @09-12-2021 01:55:08.0376 AM
[ReportManager] API Action [GetResponseJSONValue] successfully performed. With the following test data [title]. @09-12-2021 01:55:08.0389 AM
[ReportManager] API Action [GetResponseJSONValue] successfully performed. With the following test data [title]. @09-12-2021 01:55:08.0402 AM
[ReportManager] API Action [GetResponseJSONValue] successfully performed. With the following test data [title]. @09-12-2021 01:55:08.0414 AM
[ReportManager] API Action [GetResponseJSONValue] successfully performed. With the following test data [title]. @09-12-2021 01:55:08.0427 AM
[ReportManager] API Action [GetResponseJSONValue] successfully performed. With the following test data [title]. @09-12-2021 01:55:08.0439 AM
[ReportManager] API Action [GetResponseJSONValue] successfully performed. With the following test data [title]. @09-12-2021 01:55:08.0450 AM
[ReportManager] API Action [GetResponseJSONValue] successfully performed. With the following test data [title]. @09-12-2021 01:55:08.0462 AM
[ReportManager] API Action [GetResponseJSONValue] successfully performed. With the following test data [title]. @09-12-2021 01:55:08.0474 AM
[ReportManager] API Action [GetResponseJSONValue] successfully performed. With the following test data [title]. @09-12-2021 01:55:08.0486 AM
[ReportManager] API Action [GetResponseJSONValue] successfully performed. With the following test data [title]. @09-12-2021 01:55:08.0499 AM
[ReportManager] API Action [GetResponseJSONValue] successfully performed. With the following test data [title]. @09-12-2021 01:55:08.0511 AM
[ReportManager] API Action [GetResponseJSONValue] successfully performed. With the following test data [title]. @09-12-2021 01:55:08.0524 AM
[ReportManager] API Action [GetResponseJSONValue] successfully performed. With the following test data [title]. @09-12-2021 01:55:08.0546 AM
[ReportManager] API Action [GetResponseJSONValue] successfully performed. With the following test data [title]. @09-12-2021 01:55:08.0564 AM
[ReportManager] API Action [GetResponseJSONValue] successfully performed. With the following test data [title]. @09-12-2021 01:55:08.0581 AM
[ReportManager] API Action [GetResponseJSONValue] successfully performed. With the following test data [title]. @09-12-2021 01:55:08.0597 AM
[ReportManager] API Action [GetResponseJSONValue] successfully performed. With the following test data [title]. @09-12-2021 01:55:08.0616 AM
[ReportManager] API Action [GetResponseJSONValue] successfully performed. With the following test data [title]. @09-12-2021 01:55:08.0635 AM
[ReportManager] API Action [GetResponseJSONValue] successfully performed. With the following test data [title]. @09-12-2021 01:55:08.0657 AM
[ReportManager] API Action [GetResponseJSONValue] successfully performed. With the following test data [title]. @09-12-2021 01:55:08.0674 AM
[ReportManager] API Action [GetResponseJSONValue] successfully performed. With the following test data [title]. @09-12-2021 01:55:08.0686 AM
[ReportManager] API Action [GetResponseJSONValue] successfully performed. With the following test data [title]. @09-12-2021 01:55:08.0702 AM
[ReportManager] API Action [GetResponseJSONValue] successfully performed. With the following test data [title]. @09-12-2021 01:55:08.0791 AM
[ReportManager] API Action [GetResponseJSONValue] successfully performed. With the following test data [title]. @09-12-2021 01:55:08.0809 AM
[ReportManager] API Action [GetResponseJSONValue] successfully performed. With the following test data [title]. @09-12-2021 01:55:08.0824 AM
[ReportManager] API Action [GetResponseJSONValue] successfully performed. With the following test data [title]. @09-12-2021 01:55:08.0841 AM
[ReportManager] API Action [GetResponseJSONValue] successfully performed. With the following test data [title]. @09-12-2021 01:55:08.0870 AM
[ReportManager] API Action [GetResponseJSONValue] successfully performed. With the following test data [title]. @09-12-2021 01:55:08.0886 AM
[ReportManager] API Action [GetResponseJSONValue] successfully performed. With the following test data [title]. @09-12-2021 01:55:08.0901 AM
[ReportManager] API Action [GetResponseJSONValue] successfully performed. With the following test data [title]. @09-12-2021 01:55:08.0914 AM
[ReportManager] API Action [GetResponseJSONValue] successfully performed. With the following test data [title]. @09-12-2021 01:55:08.0927 AM
[ReportManager] API Action [GetResponseJSONValue] successfully performed. With the following test data [title]. @09-12-2021 01:55:08.0940 AM
[ReportManager] API Action [GetResponseJSONValue] successfully performed. With the following test data [title]. @09-12-2021 01:55:08.0953 AM
[ReportManager] API Action [GetResponseJSONValue] successfully performed. With the following test data [title]. @09-12-2021 01:55:08.0965 AM
[ReportManager] API Action [GetResponseJSONValue] successfully performed. With the following test data [title]. @09-12-2021 01:55:08.0977 AM
[ReportManager] API Action [GetResponseJSONValue] successfully performed. With the following test data [title]. @09-12-2021 01:55:09.0005 AM
[ReportManager] API Action [GetResponseJSONValue] successfully performed. With the following test data [title]. @09-12-2021 01:55:09.0018 AM
[ReportManager] API Action [GetResponseJSONValue] successfully performed. With the following test data [title]. @09-12-2021 01:55:09.0030 AM
[ReportManager] API Action [GetResponseJSONValue] successfully performed. With the following test data [title]. @09-12-2021 01:55:09.0041 AM
[ReportManager] API Action [GetResponseJSONValue] successfully performed. With the following test data [title]. @09-12-2021 01:55:09.0054 AM
[ReportManager] API Action [GetResponseJSONValue] successfully performed. With the following test data [title]. @09-12-2021 01:55:09.0067 AM
[ReportManager] API Action [GetResponseJSONValue] successfully performed. With the following test data [title]. @09-12-2021 01:55:09.0080 AM
[ReportManager] API Action [GetResponseJSONValue] successfully performed. With the following test data [title]. @09-12-2021 01:55:09.0093 AM
[ReportManager] API Action [GetResponseJSONValue] successfully performed. With the following test data [title]. @09-12-2021 01:55:09.0106 AM
[ReportManager] API Action [GetResponseJSONValue] successfully performed. With the following test data [title]. @09-12-2021 01:55:09.0117 AM
[ReportManager] API Action [GetResponseJSONValue] successfully performed. With the following test data [title]. @09-12-2021 01:55:09.0130 AM
[ReportManager] API Action [GetResponseJSONValue] successfully performed. With the following test data [title]. @09-12-2021 01:55:09.0142 AM
[ReportManager] API Action [GetResponseJSONValue] successfully performed. With the following test data [title]. @09-12-2021 01:55:09.0154 AM
[ReportManager] API Action [GetResponseJSONValue] successfully performed. With the following test data [title]. @09-12-2021 01:55:09.0166 AM
[ReportManager] API Action [GetResponseJSONValue] successfully performed. With the following test data [title]. @09-12-2021 01:55:09.0179 AM
[ReportManager] API Action [GetResponseJSONValue] successfully performed. With the following test data [title]. @09-12-2021 01:55:09.0191 AM
[ReportManager] API Action [GetResponseJSONValue] successfully performed. With the following test data [title]. @09-12-2021 01:55:09.0203 AM
[ReportManager] API Action [GetResponseJSONValue] successfully performed. With the following test data [title]. @09-12-2021 01:55:09.0216 AM
[ReportManager] API Action [GetResponseJSONValue] successfully performed. With the following test data [title]. @09-12-2021 01:55:09.0228 AM
[ReportManager] API Action [GetResponseJSONValue] successfully performed. With the following test data [title]. @09-12-2021 01:55:09.0240 AM
[ReportManager] API Action [GetResponseJSONValue] successfully performed. With the following test data [title]. @09-12-2021 01:55:09.0253 AM
[ReportManager] API Action [GetResponseJSONValue] successfully performed. With the following test data [title]. @09-12-2021 01:55:09.0265 AM
[ReportManager] API Action [GetResponseJSONValue] successfully performed. With the following test data [title]. @09-12-2021 01:55:09.0280 AM
[ReportManager] API Action [GetResponseJSONValue] successfully performed. With the following test data [title]. @09-12-2021 01:55:09.0295 AM
[ReportManager] API Action [GetResponseJSONValue] successfully performed. With the following test data [title]. @09-12-2021 01:55:09.0307 AM
[ReportManager] API Action [GetResponseJSONValue] successfully performed. With the following test data [title]. @09-12-2021 01:55:09.0319 AM
[ReportManager] API Action [GetResponseJSONValue] successfully performed. With the following test data [title]. @09-12-2021 01:55:09.0331 AM
[ReportManager] API Action [GetResponseJSONValue] successfully performed. With the following test data [title]. @09-12-2021 01:55:09.0344 AM
[ReportManager] API Action [GetResponseJSONValue] successfully performed. With the following test data [title]. @09-12-2021 01:55:09.0356 AM
[ReportManager] API Action [GetResponseJSONValue] successfully performed. With the following test data [title]. @09-12-2021 01:55:09.0368 AM
[ReportManager] API Action [GetResponseJSONValue] successfully performed. With the following test data [title]. @09-12-2021 01:55:09.0444 AM
[ReportManager] API Action [GetResponseJSONValue] successfully performed. With the following test data [title]. @09-12-2021 01:55:09.0459 AM
[ReportManager] API Action [GetResponseJSONValue] successfully performed. With the following test data [title]. @09-12-2021 01:55:09.0484 AM
[ReportManager] API Action [GetResponseJSONValue] successfully performed. With the following test data [title]. @09-12-2021 01:55:09.0499 AM
[ReportManager] API Action [GetResponseJSONValue] successfully performed. With the following test data [title]. @09-12-2021 01:55:09.0512 AM
[ReportManager] API Action [GetResponseJSONValue] successfully performed. With the following test data [title]. @09-12-2021 01:55:09.0537 AM
[ReportManager] API Action [GetResponseJSONValue] successfully performed. With the following test data [title]. @09-12-2021 01:55:09.0549 AM
[ReportManager] API Action [GetResponseJSONValue] successfully performed. With the following test data [title]. @09-12-2021 01:55:09.0560 AM
[ReportManager] API Action [GetResponseJSONValue] successfully performed. With the following test data [title]. @09-12-2021 01:55:09.0572 A

################################################################################################################################################
Starting Execution:	[68 out of 146] test cases in the current suite
Test Method:		[unitTests.tests_restActions.validateUserEmail]
################################################################################################################################################
[ReportManager] Response status code: [200], status line: [HTTP/1.1 200 OK] @09-12-2021 01:55:09.0832 AM
[ReportManager] Assertion Passed: Evaluating the actual response status code against the expected one... @09-12-2021 01:55:09.0833 AM
[ReportManager] Assertion [ValidateComparativeRelation] PASSED. Expected [200] and Actual [200]. Comparison Type [EQUALS]. Validation Type [POSITIVE]. @09-12-2021 01:55:09.0833 AM
[ReportManager] API Action [PerformRequest] successfully performed. With the following test data [Request Type: "GET" | Target Status Code: "200" | Service URL: "https://jsonplaceholder.typicode.com/users" | Content Type: "*/*" | Response Time: "146ms"]. @09-12-2021 01:55:09.0865 AM
[ReportManager] Successfully created attachment [API Request - Specifications] @09-12-2021 01:55:09.0865 AM
[ReportManager] Successfully created attachment [API Response - JSON Body] @09-12-2021 01:55:09.0867 AM
[ReportManager] Assertion [ValidateEquals] PASSED. Expected and Actual values are attached. Comparison Type [CONTAINS]. Validation Type [POSITIVE]. @09-12-2021 01:55:09.0868 AM
[ReportManager] Successfully created attachment [Validation Test Data - Expected Value] @09-12-2021 01:55:09.0869 AM
[ReportManager] Successfully created attachment [Validation Test Data - Actual Value] @09-12-2021 01:55:09.0869 AM
[ReportManager] API Action [GetResponseJSONValueAsList] successfully performed. With the following test data [$]. @09-12-2021 01:55:09.0889 AM
[ReportManager] API Action [GetResponseJSONValue] successfully performed. With the following test data [name]. @09-12-2021 01:55:09.0915 AM
[ReportManager] API Action [GetResponseJSONValue] successfully performed. With the following test data [email]. @09-12-2021 01:55:09.0935 AM
[ReportManager] Assertion [ValidateEquals] PASSED. Expected [Sincere@april.biz] and Actual [Sincere@april.biz]. Comparison Type [EQUALS]. Validation Type [POSITIVE]. @09-12-2021 01:55:09.0936 AM
[ReportManager] API Action [GetResponseJSONValue] successfully performed. With the following test data [name]. @09-12-2021 01:55:09.0952 AM
[ReportManager] API Action [GetResponseJSONValue] successfully performed. With the following test data [name]. @09-12-2021 01:55:09.0968 AM
[ReportManager] API Action [GetResponseJSONValue] successfully performed. With the following test data [name]. @09-12-2021 01:55:09.0982 AM
[ReportManager] API Action [GetResponseJSONValue] successfully performed. With the following test data [name]. @09-12-2021 01:55:09.0996 AM
[ReportManager] API Action [GetResponseJSONValue] successfully performed. With the following test data [name]. @09-12-2021 01:55:10.0009 AM
[ReportManager] API Action [GetResponseJSONValue] successfully performed. With the following test data [name]. @09-12-2021 01:55:10.0022 AM
[ReportManager] API Action [GetResponseJSONValue] successfully performed. With the following test data [name]. @09-12-2021 01:55:10.0036 AM
[ReportManager] API Action [GetResponseJSONValue] successfully performed. With the following test data [name]. @09-12-2021 01:55:10.0050 AM
[ReportManager] API Action [GetResponseJSONValue] successfully performed. With the following test data [name]. @09-12-2021 01:55:10.0064 A
[ReportManager] File Action [GetAbsolutePath] successfully performed. With the following test data [Relative Folder Path: "target/downloadedFiles/"]. @09-12-2021 01:55:10.0068 AM
[ReportManager] Attempting to run locally on: [Mac-64], [Safari], Headless Execution. @09-12-2021 01:55:10.0068 AM
[ReportManager] Successfully Opened Safari. @09-12-2021 01:55:10.0989 AM
[ReportManager] Initial window size: (800, 600) @09-12-2021 01:55:11.0038 AM
[ReportManager] Window size after SWD Maximize: (1176, 803) @09-12-2021 01:55:11.0142 AM
[ReportManager] Browser Action [MaximizeWindow] successfully performed. With the following test data [New screen size is now: (1176, 803)]. @09-12-2021 01:55:11.0143 A

################################################################################################################################################
Starting Execution:	[69 out of 146] test cases in the current suite
Test Method:		[testPackage01.Test_uploadFile.uploadFile_invisibleUploadInput]
################################################################################################################################################
[ReportManager] Target URL: [https://fineuploader.com/demos.html#gallery-view] @09-12-2021 01:55:11.0145 AM
[ReportManager] Initial URL: [] @09-12-2021 01:55:11.0228 AM
[ReportManager] Browser Action [NavigateToURL] successfully performed. With the following test data [https://fineuploader.com/demos.html#gallery-view]. @09-12-2021 01:55:13.0181 AM
[ReportManager] File Action [GetAbsolutePath] successfully performed. With the following test data [Relative File Path: "src/main/resources/images/shaft.png"]. @09-12-2021 01:55:13.0181 AM
[ReportManager] Successfully created attachment [File Action Actual Result - Command Log] @09-12-2021 01:55:13.0182 AM
[ReportManager] Element Action [TypeFileLocationForUpload] successfully performed. With the following test data [/Users/runner/work/SHAFT_ENGINE/SHAFT_ENGINE/src/main/resources/images/shaft.png]. @09-12-2021 01:55:13.0275 AM
[ReportManager] Attempting to getAttribute [src] from elementLocator [By.xpath: //div[@id='fine-uploader-gallery']//div[@class='qq-thumbnail-wrapper']/img]. @09-12-2021 01:55:13.0279 AM
[ReportManager] Element Action [GetAttribute] successfully performed. @09-12-2021 01:55:13.0471 AM
[ReportManager] Successfully created attachment [Element Action Test Data - GetAttribute - Actual Value] @09-12-2021 01:55:13.0473 AM
[ReportManager] Loaded Shared OpenCV @09-12-2021 01:55:13.0632 AM
[ReportManager] Assertion Passed: Then I Assert that the element found by [By.xpath: //div[@id='fine-uploader-gallery']//div[@class='qq-thumbnail-wrapper']/img] attribute [src] contains [data:image/png;base64]. @09-12-2021 01:55:13.0771 AM
[ReportManager] Successfully created attachment [Validation Test Data - Expected Value] @09-12-2021 01:55:13.0773 AM
[ReportManager] Successfully created attachment [Validation Test Data - Actual Value] @09-12-2021 01:55:13.0773 AM
[ReportManager] Successfully created attachment [Screenshot - 1639014913632_uploadFile_invisibleUploadInput_ValidateElementAttribute_passed] @09-12-2021 01:55:13.0776 AM
[ReportManager] Assertion [ValidateElementAttribute] PASSED. Expected and Actual values are attached. Comparison Type [CONTAINS]. Validation Type [POSITIVE]. @09-12-2021 01:55:13.0776 A
[ReportManager] Browser Action [CloseCurrentWindow] successfully performed. @09-12-2021 01:55:14.0160 AM
[ReportManager] Successfully created attachment [Browser Action Test Data - CloseCurrentWindow - Actual Value] @09-12-2021 01:55:14.0161 A
[ReportManager] File Action [GetAbsolutePath] successfully performed. With the following test data [Relative Folder Path: "target/downloadedFiles/"]. @09-12-2021 01:55:14.0166 AM
[ReportManager] Attempting to run locally on: [Mac-64], [Safari], Headless Execution. @09-12-2021 01:55:14.0166 AM
[ReportManager] Successfully Opened Safari. @09-12-2021 01:55:15.0202 AM
[ReportManager] Initial window size: (800, 600) @09-12-2021 01:55:15.0260 AM
[ReportManager] Window size after SWD Maximize: (1176, 803) @09-12-2021 01:55:15.0314 AM
[ReportManager] Browser Action [MaximizeWindow] successfully performed. With the following test data [New screen size is now: (1176, 803)]. @09-12-2021 01:55:15.0314 A

################################################################################################################################################
Starting Execution:	[70 out of 146] test cases in the current suite
Test Method:		[testPackage01.Test_uploadFile.uploadFile_visibleUploadInput]
################################################################################################################################################
[ReportManager] Target URL: [http://demo.guru99.com/test/upload/] @09-12-2021 01:55:15.0351 AM
[ReportManager] Initial URL: [] @09-12-2021 01:55:15.0630 AM
[ReportManager] Browser Action [NavigateToURL] successfully performed. With the following test data [http://demo.guru99.com/test/upload/]. @09-12-2021 01:55:17.0442 AM
[ReportManager] File Action [GetAbsolutePath] successfully performed. With the following test data [Relative Folder Path: "src/main/resources/images/shaft.png"]. @09-12-2021 01:55:17.0442 AM
[ReportManager] Element Action [TypeFileLocationForUpload] successfully performed. With the following test data [/Users/runner/work/SHAFT_ENGINE/SHAFT_ENGINE/src/main/resources/images/shaft.png]. @09-12-2021 01:55:17.0507 AM
[ReportManager] Element Action [Click] successfully performed. With the following test data [By.id: terms]. @09-12-2021 01:55:17.0767 AM
[ReportManager] Element Action [Click] successfully performed. With the following test data [By.id: submitbutton]. @09-12-2021 01:55:19.0056 AM
[ReportManager] Element Action [GetText] successfully performed. With the following test data [1 file has been successfully uploaded.]. @09-12-2021 01:55:19.0768 AM
[ReportManager] Loaded Shared OpenCV @09-12-2021 01:55:19.0857 AM
[ReportManager] Assertion Passed: Then I Assert that the element found by [By.id: res] attribute [Text] contains [1 file]. @09-12-2021 01:55:20.0030 AM
[ReportManager] Successfully created attachment [Screenshot - 1639014919857_uploadFile_visibleUploadInput_ValidateElementAttribute_passed] @09-12-2021 01:55:20.0032 AM
[ReportManager] Assertion [ValidateElementAttribute] PASSED. Expected [Value Should be '1 file' for the 'Text' attribute, element locator 'By.id: res'] and Actual [1 file has been successfully uploaded.]. Comparison Type [CONTAINS]. Validation Type [POSITIVE]. @09-12-2021 01:55:20.0032 A
[ReportManager] Browser Action [CloseCurrentWindow] successfully performed. @09-12-2021 01:55:20.0296 AM
[ReportManager] Successfully created attachment [Browser Action Test Data - CloseCurrentWindow - Actual Value] @09-12-2021 01:55:20.0297 A

################################################################################################################################################
Starting Execution:	[71 out of 146] test cases in the current suite
Test Method:		[testPackage01.Test_AssertApiResponseEquals.assertApiResponseEquals_expectedToPass]
################################################################################################################################################
[ReportManager] Response status code: [200], status line: [HTTP/1.1 200 OK] @09-12-2021 01:55:20.0437 AM
[ReportManager] Assertion Passed: Evaluating the actual response status code against the expected one... @09-12-2021 01:55:20.0437 AM
[ReportManager] Assertion [ValidateComparativeRelation] PASSED. Expected [200] and Actual [200]. Comparison Type [EQUALS]. Validation Type [POSITIVE]. @09-12-2021 01:55:20.0438 AM
[ReportManager] API Action [PerformRequest] successfully performed. With the following test data [Request Type: "GET" | Target Status Code: "200" | Service URL: "https://jsonplaceholder.typicode.com/users" | Content Type: "*/*" | Response Time: "131ms"]. @09-12-2021 01:55:20.0467 AM
[ReportManager] Successfully created attachment [API Request - Specifications] @09-12-2021 01:55:20.0468 AM
[ReportManager] Successfully created attachment [API Response - JSON Body] @09-12-2021 01:55:20.0469 AM
[ReportManager] API Action [GetResponseJSONValueAsList] successfully performed. With the following test data [$]. @09-12-2021 01:55:20.0479 AM
[ReportManager] API Action [GetResponseJSONValue] successfully performed. With the following test data [name]. @09-12-2021 01:55:20.0495 AM
[ReportManager] API Action [GetResponseJSONValue] successfully performed. With the following test data [email]. @09-12-2021 01:55:20.0513 AM
[ReportManager] Verification [ValidateEquals] PASSED. Expected [Sincere@april.biz] and Actual [Sincere@april.biz]. Comparison Type [EQUALS]. Validation Type [POSITIVE]. @09-12-2021 01:55:20.0513 AM
[ReportManager] API Action [GetResponseJSONValue] successfully performed. With the following test data [username]. @09-12-2021 01:55:20.0526 AM
[ReportManager] Assertion [ValidateEquals] PASSED. Expected [Bret] and Actual [Bret]. Comparison Type [EQUALS]. Validation Type [POSITIVE]. @09-12-2021 01:55:20.0527 AM
[ReportManager] API Action [GetResponseJSONValue] successfully performed. With the following test data [name]. @09-12-2021 01:55:20.0539 AM
[ReportManager] API Action [GetResponseJSONValue] successfully performed. With the following test data [name]. @09-12-2021 01:55:20.0552 AM
[ReportManager] API Action [GetResponseJSONValue] successfully performed. With the following test data [name]. @09-12-2021 01:55:20.0565 AM
[ReportManager] API Action [GetResponseJSONValue] successfully performed. With the following test data [name]. @09-12-2021 01:55:20.0578 AM
[ReportManager] API Action [GetResponseJSONValue] successfully performed. With the following test data [name]. @09-12-2021 01:55:20.0590 AM
[ReportManager] API Action [GetResponseJSONValue] successfully performed. With the following test data [name]. @09-12-2021 01:55:20.0603 AM
[ReportManager] API Action [GetResponseJSONValue] successfully performed. With the following test data [name]. @09-12-2021 01:55:20.0617 AM
[ReportManager] API Action [GetResponseJSONValue] successfully performed. With the following test data [name]. @09-12-2021 01:55:20.0632 AM
[ReportManager] API Action [GetResponseJSONValue] successfully performed. With the following test data [name]. @09-12-2021 01:55:20.0648 A

################################################################################################################################################
Starting Execution:	[72 out of 146] test cases in the current suite
Test Method:		[testPackage01.Test_testData.f]
################################################################################################################################################
[ReportManager] Successfully loaded the following test data file [src/test/resources/testDataFiles/testSuite01/TestData.xlsx]. @09-12-2021 01:55:20.0696 AM
[ReportManager] Successfully created attachment [Test Data - Excel] @09-12-2021 01:55:20.0697 AM
[ReportManager] Last Column Number is: [3]. Zero-based. @09-12-2021 01:55:20.0697 A

################################################################################################################################################
Starting Execution:	[73 out of 146] test cases in the current suite
Test Method:		[testPackage01.Test_PDF.testPDF1]
################################################################################################################################################
[ReportManager] File Action [DoesFileExist] successfully performed. With the following test data [File Path: "src/test/resources/testDataFiles/sample.pdf"]. @09-12-2021 01:55:20.0706 AM
[ReportManager] File Action [GetAbsolutePath] successfully performed. With the following test data [Relative Folder Path: "src/test/resources/testDataFiles/sample.pdf"]. @09-12-2021 01:55:20.0707 AM
[ReportManager] Assertion Passed: Checking to see that the pdf file contains [A Simple PDF File] @09-12-2021 01:55:26.0311 AM
[ReportManager] Successfully created attachment [Validation Test Data - Expected Value] @09-12-2021 01:55:26.0312 AM
[ReportManager] Successfully created attachment [Validation Test Data - Actual Value] @09-12-2021 01:55:26.0312 AM
[ReportManager] Assertion [ValidateEquals] PASSED. Expected and Actual values are attached. Comparison Type [CONTAINS]. Validation Type [POSITIVE]. @09-12-2021 01:55:26.0312 A

################################################################################################################################################
Starting Execution:	[74 out of 146] test cases in the current suite
Test Method:		[testPackage01.Test_PDF.testPDF2]
################################################################################################################################################
[ReportManager] File Action [DoesFileExist] successfully performed. With the following test data [File Path: "src/test/resources/testDataFiles/sample.pdf"]. @09-12-2021 01:55:26.0319 AM
[ReportManager] File Action [GetAbsolutePath] successfully performed. With the following test data [Relative Folder Path: "src/test/resources/testDataFiles/sample.pdf"]. @09-12-2021 01:55:26.0319 AM
[ReportManager] Assertion Passed: Checking to see that the pdf file contains [A Simple PDF File] @09-12-2021 01:55:26.0338 AM
[ReportManager] Successfully created attachment [Validation Test Data - Expected Value] @09-12-2021 01:55:26.0339 AM
[ReportManager] Successfully created attachment [Validation Test Data - Actual Value] @09-12-2021 01:55:26.0339 AM
[ReportManager] Assertion [ValidateEquals] PASSED. Expected and Actual values are attached. Comparison Type [CONTAINS]. Validation Type [POSITIVE]. @09-12-2021 01:55:26.0339 A
[ReportManager] File Action [GetAbsolutePath] successfully performed. With the following test data [Relative Folder Path: "target/downloadedFiles/"]. @09-12-2021 01:55:26.0342 AM
[ReportManager] Attempting to run locally on: [Mac-64], [Safari], Headless Execution. @09-12-2021 01:55:26.0342 AM
[ReportManager] Successfully Opened Safari. @09-12-2021 01:55:27.0247 AM
[ReportManager] Initial window size: (800, 600) @09-12-2021 01:55:27.0287 AM
[ReportManager] Window size after SWD Maximize: (1176, 803) @09-12-2021 01:55:27.0328 AM
[ReportManager] Browser Action [MaximizeWindow] successfully performed. With the following test data [New screen size is now: (1176, 803)]. @09-12-2021 01:55:27.0329 A

################################################################################################################################################
Starting Execution:	[75 out of 146] test cases in the current suite
Test Method:		[testPackage01.Test_ShadowDOM.shadowdom]
################################################################################################################################################
[ReportManager] Target URL: [https://mdn.github.io/web-components-examples/popup-info-box-web-component/] @09-12-2021 01:55:27.0333 AM
[ReportManager] Initial URL: [] @09-12-2021 01:55:27.0588 AM
[ReportManager] Browser Action [NavigateToURL] successfully performed. With the following test data [https://mdn.github.io/web-components-examples/popup-info-box-web-component/]. @09-12-2021 01:55:28.0402 AM
[ReportManager] Element Action [Type] successfully performed. With the following test data [Typing into SHADOW DOM...]. @09-12-2021 01:55:29.0232 AM
[ReportManager] Element Action [GetText] successfully performed. With the following test data [Typing into SHADOW DOM...]. @09-12-2021 01:55:29.0431 AM
[ReportManager] Loaded Shared OpenCV @09-12-2021 01:55:29.0504 AM
[ReportManager] Assertion [ValidateElementAttribute] PASSED. Expected [Value Should be 'Typing into SHADOW DOM...' for the 'Text' attribute, element locator 'By.id: cvc'] and Actual [Typing into SHADOW DOM...]. Comparison Type [EQUALS]. Validation Type [POSITIVE]. @09-12-2021 01:55:29.0602 AM
[ReportManager] Successfully created attachment [Screenshot - 1639014929504_shadowdom_ValidateElementAttribute_passed] @09-12-2021 01:55:29.0603 A
[ReportManager] Browser Action [CloseCurrentWindow] successfully performed. @09-12-2021 01:55:29.0898 AM
[ReportManager] Successfully created attachment [Browser Action Test Data - CloseCurrentWindow - Actual Value] @09-12-2021 01:55:29.0899 A
[ReportManager] File Action [GetAbsolutePath] successfully performed. With the following test data [Relative Folder Path: "target/downloadedFiles/"]. @09-12-2021 01:55:29.0901 AM
[ReportManager] Attempting to run locally on: [Mac-64], [Safari], Headless Execution. @09-12-2021 01:55:29.0902 AM
[ReportManager] Successfully Opened Safari. @09-12-2021 01:55:30.0796 AM
[ReportManager] Initial window size: (800, 600) @09-12-2021 01:55:30.0828 AM
[ReportManager] Window size after SWD Maximize: (1176, 803) @09-12-2021 01:55:30.0858 AM
[ReportManager] Browser Action [MaximizeWindow] successfully performed. With the following test data [New screen size is now: (1176, 803)]. @09-12-2021 01:55:30.0858 A

################################################################################################################################################
Starting Execution:	[76 out of 146] test cases in the current suite
Test Method:		[testPackage01.Test_clipboardActions.typeTextAndCopyPaste]
################################################################################################################################################
[ReportManager] Target URL: [https://www.google.com/ncr], and after redirection: [https://www.google.com] @09-12-2021 01:55:30.0861 AM
[ReportManager] Initial URL: [] @09-12-2021 01:55:30.0901 AM
[ReportManager] Browser Action [NavigateToURL] successfully performed. With the following test data [https://www.google.com/ncr]. @09-12-2021 01:55:33.0193 AM
[ReportManager] Element Action [Type] successfully performed. With the following test data [FIRST]. @09-12-2021 01:55:33.0475 A
[ReportManager] Browser Action [CloseCurrentWindow] successfully performed. @09-12-2021 01:55:33.0864 AM
[ReportManager] Successfully created attachment [Browser Action Test Data - CloseCurrentWindow - Actual Value] @09-12-2021 01:55:33.0866 A

################################################################################################################################################
Starting Execution:	[77 out of 146] test cases in the current suite
Test Method:		[testPackage01.Test_NewValidationHelper.f1]
################################################################################################################################################
[ReportManager] Assertion Passed: Checking valid user data @09-12-2021 01:55:33.0871 AM
[ReportManager] Successfully created attachment [Validation Test Data - Expected Value] @09-12-2021 01:55:33.0872 AM
[ReportManager] Successfully created attachment [Validation Test Data - Actual Value] @09-12-2021 01:55:33.0872 AM
[ReportManager] Assertion [ValidateEquals] PASSED. Expected and Actual values are attached. Comparison Type [EQUALS]. Validation Type [POSITIVE]. @09-12-2021 01:55:33.0872 A
[ReportManager] File Action [GetAbsolutePath] successfully performed. With the following test data [Relative Folder Path: "target/downloadedFiles/"]. @09-12-2021 01:55:33.0875 AM
[ReportManager] Attempting to run locally on: [Mac-64], [Safari], Headless Execution. @09-12-2021 01:55:33.0875 AM
[ReportManager] Successfully Opened Safari. @09-12-2021 01:55:34.0763 AM
[ReportManager] Initial window size: (800, 600) @09-12-2021 01:55:34.0774 AM
[ReportManager] Window size after SWD Maximize: (1176, 803) @09-12-2021 01:55:34.0796 AM
[ReportManager] Browser Action [MaximizeWindow] successfully performed. With the following test data [New screen size is now: (1176, 803)]. @09-12-2021 01:55:34.0797 AM
[ReportManager] Target URL: [https://the-internet.herokuapp.com/] @09-12-2021 01:55:34.0797 AM
[ReportManager] Initial URL: [] @09-12-2021 01:55:34.0881 AM
[ReportManager] Browser Action [NavigateToURL] successfully performed. With the following test data [https://the-internet.herokuapp.com/]. @09-12-2021 01:55:36.0224 A

################################################################################################################################################
Starting Execution:	[78 out of 146] test cases in the current suite
Test Method:		[testPackage01.Test_NewValidationHelper.f10]
################################################################################################################################################
[ReportManager] Loaded Shared OpenCV @09-12-2021 01:55:36.0333 AM
[ReportManager] Assertion [ValidateElementExists] FAILED. Expected [Element Should Exist, locator 'By.tagName: div'] and Actual [Element Exists but is not unique]. Comparison Type [EQUALS]. Validation Type [POSITIVE]. @09-12-2021 01:55:36.0438 AM
[ReportManager] Successfully created attachment [Screenshot - 1639014936333_f10_ValidateElementExists_failed] @09-12-2021 01:55:36.0440 A
[ReportManager] Successfully Closed All Drivers. @09-12-2021 01:55:36.0593 A
[ReportManager] File Action [GetAbsolutePath] successfully performed. With the following test data [Relative Folder Path: "target/downloadedFiles/"]. @09-12-2021 01:55:36.0596 AM
[ReportManager] Attempting to run locally on: [Mac-64], [Safari], Headless Execution. @09-12-2021 01:55:36.0597 AM
[ReportManager] Successfully Opened Safari. @09-12-2021 01:55:37.0443 AM
[ReportManager] Initial window size: (800, 600) @09-12-2021 01:55:37.0478 AM
[ReportManager] Window size after SWD Maximize: (1176, 803) @09-12-2021 01:55:37.0500 AM
[ReportManager] Browser Action [MaximizeWindow] successfully performed. With the following test data [New screen size is now: (1176, 803)]. @09-12-2021 01:55:37.0501 AM
[ReportManager] Target URL: [https://the-internet.herokuapp.com/] @09-12-2021 01:55:37.0501 AM
[ReportManager] Initial URL: [] @09-12-2021 01:55:37.0581 AM
[ReportManager] Browser Action [NavigateToURL] successfully performed. With the following test data [https://the-internet.herokuapp.com/]. @09-12-2021 01:55:38.0855 A

################################################################################################################################################
Starting Execution:	[79 out of 146] test cases in the current suite
Test Method:		[testPackage01.Test_NewValidationHelper.f11]
################################################################################################################################################
[ReportManager] org.openqa.selenium.TimeoutException:
Expected condition failed: waiting for com.shaft.gui.element.ElementActionsHelper$$Lambda$625/0x000000080110a1b8@4b6607a (tried for 5 second(s) with 1000 milliseconds interval)
org.openqa.selenium.support.ui.FluentWait.timeoutException(FluentWait.java:263)
org.openqa.selenium.support.ui.FluentWait.until(FluentWait.java:231)
com.shaft.gui.element.ElementActionsHelper.waitForElementPresence(ElementActionsHelper.java:63)
com.shaft.gui.element.ElementActionsHelper.waitForElementPresence(ElementActionsHelper.java:37)
com.shaft.gui.element.WebDriverElementActions.getMatchingElementsCount(WebDriverElementActions.java:1468)
com.shaft.gui.element.WebDriverElementActions.getElementsCount(WebDriverElementActions.java:559)
com.shaft.gui.element.ElementActions.getElementsCount(ElementActions.java:261)
com.shaft.validation.ValidationsHelper.validateElementExists(ValidationsHelper.java:149)
com.shaft.validation.Assertions.assertElementExists(Assertions.java:118)
testPackage01.Test_NewValidationHelper.f11(Test_NewValidationHelper.java:137)
java.base/jdk.internal.reflect.NativeMethodAccessorImpl.invoke0(Native Method)
java.base/jdk.internal.reflect.NativeMethodAccessorImpl.invoke(NativeMethodAccessorImpl.java:77)
java.base/jdk.internal.reflect.DelegatingMethodAccessorImpl.invoke(DelegatingMethodAccessorImpl.java:43)
java.base/java.lang.reflect.Method.invoke(Method.java:568)
org.testng.internal.MethodInvocationHelper.invokeMethod(MethodInvocationHelper.java:133)
org.testng.internal.TestInvoker.invokeMethod(TestInvoker.java:598)
org.testng.internal.TestInvoker.invokeTestMethod(TestInvoker.java:173)
org.testng.internal.MethodRunner.runInSequence(MethodRunner.java:46)
org.testng.internal.TestInvoker$MethodInvocationAgent.invoke(TestInvoker.java:824)
org.testng.internal.TestInvoker.invokeTestMethods(TestInvoker.java:146)
org.testng.internal.TestMethodWorker.invokeTestMethods(TestMethodWorker.java:146)
org.testng.internal.TestMethodWorker.run(TestMethodWorker.java:128)
java.base/java.util.ArrayList.forEach(ArrayList.java:1511)
org.testng.TestRunner.privateRun(TestRunner.java:794)
org.testng.TestRunner.run(TestRunner.java:596)
org.testng.SuiteRunner.runTest(SuiteRunner.java:377)
org.testng.SuiteRunner.runSequentially(SuiteRunner.java:371)
org.testng.SuiteRunner.privateRun(SuiteRunner.java:332)
org.testng.SuiteRunner.run(SuiteRunner.java:276)
org.testng.SuiteRunnerWorker.runSuite(SuiteRunnerWorker.java:53)
org.testng.SuiteRunnerWorker.run(SuiteRunnerWorker.java:96)
org.testng.TestNG.runSuitesSequentially(TestNG.java:1212)
org.testng.TestNG.runSuitesLocally(TestNG.java:1134)
org.testng.TestNG.runSuites(TestNG.java:1063)
org.testng.TestNG.run(TestNG.java:1031)
org.apache.maven.surefire.testng.TestNGExecutor.run(TestNGExecutor.java:136)
org.apache.maven.surefire.testng.TestNGDirectoryTestSuite.executeMulti(TestNGDirectoryTestSuite.java:193)
org.apache.maven.surefire.testng.TestNGDirectoryTestSuite.execute(TestNGDirectoryTestSuite.java:94)
org.apache.maven.surefire.testng.TestNGProvider.invoke(TestNGProvider.java:145)
org.apache.maven.surefire.booter.ForkedBooter.runSuitesInProcess(ForkedBooter.java:428)
org.apache.maven.surefire.booter.ForkedBooter.execute(ForkedBooter.java:162)
org.apache.maven.surefire.booter.ForkedBooter.run(ForkedBooter.java:562)
org.apache.maven.surefire.booter.ForkedBooter.main(ForkedBooter.java:548)

Caused by: org.openqa.selenium.NoSuchElementException:
For documentation on this error, please visit: https://selenium.dev/exceptions/#no_such_element
Build info: version: '4.1.0', revision: '87802e897b'
System info: host: 'Mac-1639014615750.local', ip: '10.212.3.161', os.name: 'Mac OS X', os.arch: 'x86_64', os.version: '11.5', java.version: '17.0.1'
Driver info: org.openqa.selenium.safari.SafariDriver
Command: [0EC3E127-B909-43E5-872A-E97DC9B51551, findElement {using=tag name, value=h3}]
Capabilities {acceptInsecureCerts: false, browserName: Safari, browserVersion: 15.1, goog:loggingPrefs: {browser: ALL, client: ALL, driver: ALL, performance: ALL, profiler: ALL, server: ALL}, javascriptEnabled: true, pageLoadStrategy: normal, platform: MAC, platformName: MAC, safari:automaticInspection: false, safari:automaticProfiling: false, safari:diagnose: false, safari:platformBuildVersion: 20G224, safari:platformVersion: 11.6.1, safari:useSimulator: false, setWindowRect: true, strictFileInteractability: false, timeouts: {pageLoad: 30000, script: 30000}, webkit:WebRTC: {DisableICECandidateFiltering: false, DisableInsecureMediaCapture: false}}
Session ID: 0EC3E127-B909-43E5-872A-E97DC9B51551
java.base/jdk.internal.reflect.NativeConstructorAccessorImpl.newInstance0(Native Method)
java.base/jdk.internal.reflect.NativeConstructorAccessorImpl.newInstance(NativeConstructorAccessorImpl.java:77)
java.base/jdk.internal.reflect.DelegatingConstructorAccessorImpl.newInstance(DelegatingConstructorAccessorImpl.java:45)
java.base/java.lang.reflect.Constructor.newInstanceWithCaller(Constructor.java:499)
java.base/java.lang.reflect.Constructor.newInstance(Constructor.java:480)
org.openqa.selenium.remote.codec.w3c.W3CHttpResponseCodec.createException(W3CHttpResponseCodec.java:200)
org.openqa.selenium.remote.codec.w3c.W3CHttpResponseCodec.decode(W3CHttpResponseCodec.java:133)
org.openqa.selenium.remote.codec.w3c.W3CHttpResponseCodec.decode(W3CHttpResponseCodec.java:53)
org.openqa.selenium.remote.HttpCommandExecutor.execute(HttpCommandExecutor.java:184)
org.openqa.selenium.remote.service.DriverCommandExecutor.invokeExecute(DriverCommandExecutor.java:164)
org.openqa.selenium.remote.service.DriverCommandExecutor.execute(DriverCommandExecutor.java:139)
org.openqa.selenium.remote.RemoteWebDriver.execute(RemoteWebDriver.java:559)
org.openqa.selenium.remote.ElementLocation$ElementFinder$2.findElement(ElementLocation.java:162)
org.openqa.selenium.remote.ElementLocation.findElement(ElementLocation.java:60)
org.openqa.selenium.remote.RemoteWebDriver.findElement(RemoteWebDriver.java:383)
org.openqa.selenium.remote.RemoteWebDriver.findElement(RemoteWebDriver.java:375)
com.shaft.gui.element.ElementActionsHelper.lambda$waitForElementPresence$0(ElementActionsHelper.java:66)
org.openqa.selenium.support.ui.FluentWait.until(FluentWait.java:208)
com.shaft.gui.element.ElementActionsHelper.waitForElementPresence(ElementActionsHelper.java:63)
com.shaft.gui.element.ElementActionsHelper.waitForElementPresence(ElementActionsHelper.java:37)
com.shaft.gui.element.WebDriverElementActions.getMatchingElementsCount(WebDriverElementActions.java:1468)
com.shaft.gui.element.WebDriverElementActions.getElementsCount(WebDriverElementActions.java:559)
com.shaft.gui.element.ElementActions.getElementsCount(ElementActions.java:261)
com.shaft.validation.ValidationsHelper.validateElementExists(ValidationsHelper.java:149)
com.shaft.validation.Assertions.assertElementExists(Assertions.java:118)
testPackage01.Test_NewValidationHelper.f11(Test_NewValidationHelper.java:137)
java.base/jdk.internal.reflect.NativeMethodAccessorImpl.invoke0(Native Method)
java.base/jdk.internal.reflect.NativeMethodAccessorImpl.invoke(NativeMethodAccessorImpl.java:77)
java.base/jdk.internal.reflect.DelegatingMethodAccessorImpl.invoke(DelegatingMethodAccessorImpl.java:43)
java.base/java.lang.reflect.Method.invoke(Method.java:568)
org.testng.internal.MethodInvocationHelper.invokeMethod(MethodInvocationHelper.java:133)
org.testng.internal.TestInvoker.invokeMethod(TestInvoker.java:598)
org.testng.internal.TestInvoker.invokeTestMethod(TestInvoker.java:173)
org.testng.internal.MethodRunner.runInSequence(MethodRunner.java:46)
org.testng.internal.TestInvoker$MethodInvocationAgent.invoke(TestInvoker.java:824)
org.testng.internal.TestInvoker.invokeTestMethods(TestInvoker.java:146)
org.testng.internal.TestMethodWorker.invokeTestMethods(TestMethodWorker.java:146)
org.testng.internal.TestMethodWorker.run(TestMethodWorker.java:128)
java.base/java.util.ArrayList.forEach(ArrayList.java:1511)
org.testng.TestRunner.privateRun(TestRunner.java:794)
org.testng.TestRunner.run(TestRunner.java:596)
org.testng.SuiteRunner.runTest(SuiteRunner.java:377)
org.testng.SuiteRunner.runSequentially(SuiteRunner.java:371)
org.testng.SuiteRunner.privateRun(SuiteRunner.java:332)
org.testng.SuiteRunner.run(SuiteRunner.java:276)
org.testng.SuiteRunnerWorker.runSuite(SuiteRunnerWorker.java:53)
org.testng.SuiteRunnerWorker.run(SuiteRunnerWorker.java:96)
org.testng.TestNG.runSuitesSequentially(TestNG.java:1212)
org.testng.TestNG.runSuitesLocally(TestNG.java:1134)
org.testng.TestNG.runSuites(TestNG.java:1063)
org.testng.TestNG.run(TestNG.java:1031)
org.apache.maven.surefire.testng.TestNGExecutor.run(TestNGExecutor.java:136)
org.apache.maven.surefire.testng.TestNGDirectoryTestSuite.executeMulti(TestNGDirectoryTestSuite.java:193)
org.apache.maven.surefire.testng.TestNGDirectoryTestSuite.execute(TestNGDirectoryTestSuite.java:94)
org.apache.maven.surefire.testng.TestNGProvider.invoke(TestNGProvider.java:145)
org.apache.maven.surefire.booter.ForkedBooter.runSuitesInProcess(ForkedBooter.java:428)
org.apache.maven.surefire.booter.ForkedBooter.execute(ForkedBooter.java:162)
org.apache.maven.surefire.booter.ForkedBooter.run(ForkedBooter.java:562)
org.apache.maven.surefire.booter.ForkedBooter.main(ForkedBooter.java:548) @09-12-2021 01:55:44.0449 AM
[ReportManager] org.openqa.selenium.TimeoutException:
Expected condition failed: waiting for com.shaft.gui.element.ElementActionsHelper$$Lambda$625/0x000000080110a1b8@69c70887 (tried for 5 second(s) with 1000 milliseconds interval)
org.openqa.selenium.support.ui.FluentWait.timeoutException(FluentWait.java:263)
org.openqa.selenium.support.ui.FluentWait.until(FluentWait.java:231)
com.shaft.gui.element.ElementActionsHelper.waitForElementPresence(ElementActionsHelper.java:63)
com.shaft.gui.element.ElementActionsHelper.waitForElementPresence(ElementActionsHelper.java:37)
com.shaft.gui.element.WebDriverElementActions.getMatchingElementsCount(WebDriverElementActions.java:1468)
com.shaft.gui.element.WebDriverElementActions.getElementsCount(WebDriverElementActions.java:559)
com.shaft.gui.element.ElementActions.getElementsCount(ElementActions.java:261)
com.shaft.gui.image.ScreenshotManager.internalCaptureScreenShot(ScreenshotManager.java:394)
com.shaft.gui.image.ScreenshotManager.captureScreenShot(ScreenshotManager.java:141)
com.shaft.validation.ValidationsHelper.reportValidationState(ValidationsHelper.java:823)
com.shaft.validation.ValidationsHelper.pass(ValidationsHelper.java:564)
com.shaft.validation.ValidationsHelper.validateElementExists(ValidationsHelper.java:166)
com.shaft.validation.Assertions.assertElementExists(Assertions.java:118)
testPackage01.Test_NewValidationHelper.f11(Test_NewValidationHelper.java:137)
java.base/jdk.internal.reflect.NativeMethodAccessorImpl.invoke0(Native Method)
java.base/jdk.internal.reflect.NativeMethodAccessorImpl.invoke(NativeMethodAccessorImpl.java:77)
java.base/jdk.internal.reflect.DelegatingMethodAccessorImpl.invoke(DelegatingMethodAccessorImpl.java:43)
java.base/java.lang.reflect.Method.invoke(Method.java:568)
org.testng.internal.MethodInvocationHelper.invokeMethod(MethodInvocationHelper.java:133)
org.testng.internal.TestInvoker.invokeMethod(TestInvoker.java:598)
org.testng.internal.TestInvoker.invokeTestMethod(TestInvoker.java:173)
org.testng.internal.MethodRunner.runInSequence(MethodRunner.java:46)
org.testng.internal.TestInvoker$MethodInvocationAgent.invoke(TestInvoker.java:824)
org.testng.internal.TestInvoker.invokeTestMethods(TestInvoker.java:146)
org.testng.internal.TestMethodWorker.invokeTestMethods(TestMethodWorker.java:146)
org.testng.internal.TestMethodWorker.run(TestMethodWorker.java:128)
java.base/java.util.ArrayList.forEach(ArrayList.java:1511)
org.testng.TestRunner.privateRun(TestRunner.java:794)
org.testng.TestRunner.run(TestRunner.java:596)
org.testng.SuiteRunner.runTest(SuiteRunner.java:377)
org.testng.SuiteRunner.runSequentially(SuiteRunner.java:371)
org.testng.SuiteRunner.privateRun(SuiteRunner.java:332)
org.testng.SuiteRunner.run(SuiteRunner.java:276)
org.testng.SuiteRunnerWorker.runSuite(SuiteRunnerWorker.java:53)
org.testng.SuiteRunnerWorker.run(SuiteRunnerWorker.java:96)
org.testng.TestNG.runSuitesSequentially(TestNG.java:1212)
org.testng.TestNG.runSuitesLocally(TestNG.java:1134)
org.testng.TestNG.runSuites(TestNG.java:1063)
org.testng.TestNG.run(TestNG.java:1031)
org.apache.maven.surefire.testng.TestNGExecutor.run(TestNGExecutor.java:136)
org.apache.maven.surefire.testng.TestNGDirectoryTestSuite.executeMulti(TestNGDirectoryTestSuite.java:193)
org.apache.maven.surefire.testng.TestNGDirectoryTestSuite.execute(TestNGDirectoryTestSuite.java:94)
org.apache.maven.surefire.testng.TestNGProvider.invoke(TestNGProvider.java:145)
org.apache.maven.surefire.booter.ForkedBooter.runSuitesInProcess(ForkedBooter.java:428)
org.apache.maven.surefire.booter.ForkedBooter.execute(ForkedBooter.java:162)
org.apache.maven.surefire.booter.ForkedBooter.run(ForkedBooter.java:562)
org.apache.maven.surefire.booter.ForkedBooter.main(ForkedBooter.java:548)

Caused by: org.openqa.selenium.NoSuchElementException:
For documentation on this error, please visit: https://selenium.dev/exceptions/#no_such_element
Build info: version: '4.1.0', revision: '87802e897b'
System info: host: 'Mac-1639014615750.local', ip: '10.212.3.161', os.name: 'Mac OS X', os.arch: 'x86_64', os.version: '11.5', java.version: '17.0.1'
Driver info: org.openqa.selenium.safari.SafariDriver
Command: [0EC3E127-B909-43E5-872A-E97DC9B51551, findElement {using=tag name, value=h3}]
Capabilities {acceptInsecureCerts: false, browserName: Safari, browserVersion: 15.1, goog:loggingPrefs: {browser: ALL, client: ALL, driver: ALL, performance: ALL, profiler: ALL, server: ALL}, javascriptEnabled: true, pageLoadStrategy: normal, platform: MAC, platformName: MAC, safari:automaticInspection: false, safari:automaticProfiling: false, safari:diagnose: false, safari:platformBuildVersion: 20G224, safari:platformVersion: 11.6.1, safari:useSimulator: false, setWindowRect: true, strictFileInteractability: false, timeouts: {pageLoad: 30000, script: 30000}, webkit:WebRTC: {DisableICECandidateFiltering: false, DisableInsecureMediaCapture: false}}
Session ID: 0EC3E127-B909-43E5-872A-E97DC9B51551
java.base/jdk.internal.reflect.NativeConstructorAccessorImpl.newInstance0(Native Method)
java.base/jdk.internal.reflect.NativeConstructorAccessorImpl.newInstance(NativeConstructorAccessorImpl.java:77)
java.base/jdk.internal.reflect.DelegatingConstructorAccessorImpl.newInstance(DelegatingConstructorAccessorImpl.java:45)
java.base/java.lang.reflect.Constructor.newInstanceWithCaller(Constructor.java:499)
java.base/java.lang.reflect.Constructor.newInstance(Constructor.java:480)
org.openqa.selenium.remote.codec.w3c.W3CHttpResponseCodec.createException(W3CHttpResponseCodec.java:200)
org.openqa.selenium.remote.codec.w3c.W3CHttpResponseCodec.decode(W3CHttpResponseCodec.java:133)
org.openqa.selenium.remote.codec.w3c.W3CHttpResponseCodec.decode(W3CHttpResponseCodec.java:53)
org.openqa.selenium.remote.HttpCommandExecutor.execute(HttpCommandExecutor.java:184)
org.openqa.selenium.remote.service.DriverCommandExecutor.invokeExecute(DriverCommandExecutor.java:164)
org.openqa.selenium.remote.service.DriverCommandExecutor.execute(DriverCommandExecutor.java:139)
org.openqa.selenium.remote.RemoteWebDriver.execute(RemoteWebDriver.java:559)
org.openqa.selenium.remote.ElementLocation$ElementFinder$2.findElement(ElementLocation.java:162)
org.openqa.selenium.remote.ElementLocation.findElement(ElementLocation.java:60)
org.openqa.selenium.remote.RemoteWebDriver.findElement(RemoteWebDriver.java:383)
org.openqa.selenium.remote.RemoteWebDriver.findElement(RemoteWebDriver.java:375)
com.shaft.gui.element.ElementActionsHelper.lambda$waitForElementPresence$0(ElementActionsHelper.java:66)
org.openqa.selenium.support.ui.FluentWait.until(FluentWait.java:208)
com.shaft.gui.element.ElementActionsHelper.waitForElementPresence(ElementActionsHelper.java:63)
com.shaft.gui.element.ElementActionsHelper.waitForElementPresence(ElementActionsHelper.java:37)
com.shaft.gui.element.WebDriverElementActions.getMatchingElementsCount(WebDriverElementActions.java:1468)
com.shaft.gui.element.WebDriverElementActions.getElementsCount(WebDriverElementActions.java:559)
com.shaft.gui.element.ElementActions.getElementsCount(ElementActions.java:261)
com.shaft.gui.image.ScreenshotManager.internalCaptureScreenShot(ScreenshotManager.java:394)
com.shaft.gui.image.ScreenshotManager.captureScreenShot(ScreenshotManager.java:141)
com.shaft.validation.ValidationsHelper.reportValidationState(ValidationsHelper.java:823)
com.shaft.validation.ValidationsHelper.pass(ValidationsHelper.java:564)
com.shaft.validation.ValidationsHelper.validateElementExists(ValidationsHelper.java:166)
com.shaft.validation.Assertions.assertElementExists(Assertions.java:118)
testPackage01.Test_NewValidationHelper.f11(Test_NewValidationHelper.java:137)
java.base/jdk.internal.reflect.NativeMethodAccessorImpl.invoke0(Native Method)
java.base/jdk.internal.reflect.NativeMethodAccessorImpl.invoke(NativeMethodAccessorImpl.java:77)
java.base/jdk.internal.reflect.DelegatingMethodAccessorImpl.invoke(DelegatingMethodAccessorImpl.java:43)
java.base/java.lang.reflect.Method.invoke(Method.java:568)
org.testng.internal.MethodInvocationHelper.invokeMethod(MethodInvocationHelper.java:133)
org.testng.internal.TestInvoker.invokeMethod(TestInvoker.java:598)
org.testng.internal.TestInvoker.invokeTestMethod(TestInvoker.java:173)
org.testng.internal.MethodRunner.runInSequence(MethodRunner.java:46)
org.testng.internal.TestInvoker$MethodInvocationAgent.invoke(TestInvoker.java:824)
org.testng.internal.TestInvoker.invokeTestMethods(TestInvoker.java:146)
org.testng.internal.TestMethodWorker.invokeTestMethods(TestMethodWorker.java:146)
org.testng.internal.TestMethodWorker.run(TestMethodWorker.java:128)
java.base/java.util.ArrayList.forEach(ArrayList.java:1511)
org.testng.TestRunner.privateRun(TestRunner.java:794)
org.testng.TestRunner.run(TestRunner.java:596)
org.testng.SuiteRunner.runTest(SuiteRunner.java:377)
org.testng.SuiteRunner.runSequentially(SuiteRunner.java:371)
org.testng.SuiteRunner.privateRun(SuiteRunner.java:332)
org.testng.SuiteRunner.run(SuiteRunner.java:276)
org.testng.SuiteRunnerWorker.runSuite(SuiteRunnerWorker.java:53)
org.testng.SuiteRunnerWorker.run(SuiteRunnerWorker.java:96)
org.testng.TestNG.runSuitesSequentially(TestNG.java:1212)
org.testng.TestNG.runSuitesLocally(TestNG.java:1134)
org.testng.TestNG.runSuites(TestNG.java:1063)
org.testng.TestNG.run(TestNG.java:1031)
org.apache.maven.surefire.testng.TestNGExecutor.run(TestNGExecutor.java:136)
org.apache.maven.surefire.testng.TestNGDirectoryTestSuite.executeMulti(TestNGDirectoryTestSuite.java:193)
org.apache.maven.surefire.testng.TestNGDirectoryTestSuite.execute(TestNGDirectoryTestSuite.java:94)
org.apache.maven.surefire.testng.TestNGProvider.invoke(TestNGProvider.java:145)
org.apache.maven.surefire.booter.ForkedBooter.runSuitesInProcess(ForkedBooter.java:428)
org.apache.maven.surefire.booter.ForkedBooter.execute(ForkedBooter.java:162)
org.apache.maven.surefire.booter.ForkedBooter.run(ForkedBooter.java:562)
org.apache.maven.surefire.booter.ForkedBooter.main(ForkedBooter.java:548) @09-12-2021 01:55:49.0798 AM
[ReportManager] Assertion Passed: Checking that false tag doesn't exist @09-12-2021 01:55:49.0922 AM
[ReportManager] Successfully created attachment [Screenshot - 1639014949830_f11_ValidateElementExists_passed] @09-12-2021 01:55:49.0924 AM
[ReportManager] Assertion [ValidateElementExists] PASSED. Expected [Element Should not Exist, locator 'By.tagName: h3'] and Actual [Element Doesn't Exists]. Comparison Type [EQUALS]. Validation Type [NEGATIVE]. @09-12-2021 01:55:49.0924 A
[ReportManager] Successfully Closed All Drivers. @09-12-2021 01:55:50.0179 A
[ReportManager] File Action [GetAbsolutePath] successfully performed. With the following test data [Relative Folder Path: "target/downloadedFiles/"]. @09-12-2021 01:55:50.0182 AM
[ReportManager] Attempting to run locally on: [Mac-64], [Safari], Headless Execution. @09-12-2021 01:55:50.0182 AM
[ReportManager] Successfully Opened Safari. @09-12-2021 01:55:51.0055 AM
[ReportManager] Initial window size: (800, 600) @09-12-2021 01:55:51.0082 AM
[ReportManager] Window size after SWD Maximize: (1176, 803) @09-12-2021 01:55:51.0195 AM
[ReportManager] Browser Action [MaximizeWindow] successfully performed. With the following test data [New screen size is now: (1176, 803)]. @09-12-2021 01:55:51.0195 AM
[ReportManager] Target URL: [https://the-internet.herokuapp.com/] @09-12-2021 01:55:51.0195 AM
[ReportManager] Initial URL: [] @09-12-2021 01:55:51.0229 AM
[ReportManager] Browser Action [NavigateToURL] successfully performed. With the following test data [https://the-internet.herokuapp.com/]. @09-12-2021 01:55:52.0384 A

################################################################################################################################################
Starting Execution:	[80 out of 146] test cases in the current suite
Test Method:		[testPackage01.Test_NewValidationHelper.f12]
################################################################################################################################################
[ReportManager] Loaded Shared OpenCV @09-12-2021 01:55:52.0570 AM
[ReportManager] Assertion [ValidateElementExists] FAILED. Expected [Element Should not Exist, locator 'By.tagName: h1'] and Actual [Element Exists]. Comparison Type [EQUALS]. Validation Type [NEGATIVE]. @09-12-2021 01:55:52.0676 AM
[ReportManager] Successfully created attachment [Screenshot - 1639014952569_f12_ValidateElementExists_failed] @09-12-2021 01:55:52.0678 A
[ReportManager] Successfully Closed All Drivers. @09-12-2021 01:55:52.0997 A
[ReportManager] File Action [GetAbsolutePath] successfully performed. With the following test data [Relative Folder Path: "target/downloadedFiles/"]. @09-12-2021 01:55:53.0000 AM
[ReportManager] Attempting to run locally on: [Mac-64], [Safari], Headless Execution. @09-12-2021 01:55:53.0000 AM
[ReportManager] Successfully Opened Safari. @09-12-2021 01:55:53.0855 AM
[ReportManager] Initial window size: (800, 600) @09-12-2021 01:55:53.0878 AM
[ReportManager] Window size after SWD Maximize: (1176, 803) @09-12-2021 01:55:53.0895 AM
[ReportManager] Browser Action [MaximizeWindow] successfully performed. With the following test data [New screen size is now: (1176, 803)]. @09-12-2021 01:55:53.0895 AM
[ReportManager] Target URL: [https://the-internet.herokuapp.com/] @09-12-2021 01:55:53.0895 AM
[ReportManager] Initial URL: [] @09-12-2021 01:55:53.0957 AM
[ReportManager] Browser Action [NavigateToURL] successfully performed. With the following test data [https://the-internet.herokuapp.com/]. @09-12-2021 01:55:55.0163 A

################################################################################################################################################
Starting Execution:	[81 out of 146] test cases in the current suite
Test Method:		[testPackage01.Test_NewValidationHelper.f13]
################################################################################################################################################
[ReportManager] Loaded Shared OpenCV @09-12-2021 01:55:55.0313 AM
[ReportManager] Assertion [ValidateElementExists] FAILED. Expected [Element Should not Exist, locator 'By.tagName: div'] and Actual [Element Exists but is not unique]. Comparison Type [EQUALS]. Validation Type [NEGATIVE]. @09-12-2021 01:55:55.0416 AM
[ReportManager] Successfully created attachment [Screenshot - 1639014955313_f13_ValidateElementExists_failed] @09-12-2021 01:55:55.0417 A
[ReportManager] Successfully Closed All Drivers. @09-12-2021 01:55:55.0554 A
[ReportManager] File Action [GetAbsolutePath] successfully performed. With the following test data [Relative Folder Path: "target/downloadedFiles/"]. @09-12-2021 01:55:55.0557 AM
[ReportManager] Attempting to run locally on: [Mac-64], [Safari], Headless Execution. @09-12-2021 01:55:55.0557 AM
[ReportManager] Successfully Opened Safari. @09-12-2021 01:55:56.0414 AM
[ReportManager] Initial window size: (800, 600) @09-12-2021 01:55:56.0446 AM
[ReportManager] Window size after SWD Maximize: (1176, 803) @09-12-2021 01:55:56.0464 AM
[ReportManager] Browser Action [MaximizeWindow] successfully performed. With the following test data [New screen size is now: (1176, 803)]. @09-12-2021 01:55:56.0464 AM
[ReportManager] Target URL: [https://the-internet.herokuapp.com/] @09-12-2021 01:55:56.0465 AM
[ReportManager] Initial URL: [] @09-12-2021 01:55:56.0581 AM
[ReportManager] Browser Action [NavigateToURL] successfully performed. With the following test data [https://the-internet.herokuapp.com/]. @09-12-2021 01:55:57.0903 A

################################################################################################################################################
Starting Execution:	[82 out of 146] test cases in the current suite
Test Method:		[testPackage01.Test_NewValidationHelper.f14]
################################################################################################################################################
[ReportManager] Element Action [GetText] successfully performed. With the following test data [Welcome to the-internet]. @09-12-2021 01:55:57.0956 AM
[ReportManager] Loaded Shared OpenCV @09-12-2021 01:55:58.0021 AM
[ReportManager] Assertion Passed: Asserting that the header text is correct @09-12-2021 01:55:58.0125 AM
[ReportManager] Successfully created attachment [Screenshot - 1639014958021_f14_ValidateElementAttribute_passed] @09-12-2021 01:55:58.0127 AM
[ReportManager] Assertion [ValidateElementAttribute] PASSED. Expected [Value Should be 'Welcome to the-internet' for the 'text' attribute, element locator 'By.tagName: h1'] and Actual [Welcome to the-internet]. Comparison Type [EQUALS]. Validation Type [POSITIVE]. @09-12-2021 01:55:58.0127 A
[ReportManager] Successfully Closed All Drivers. @09-12-2021 01:55:58.0379 A
[ReportManager] File Action [GetAbsolutePath] successfully performed. With the following test data [Relative Folder Path: "target/downloadedFiles/"]. @09-12-2021 01:55:58.0382 AM
[ReportManager] Attempting to run locally on: [Mac-64], [Safari], Headless Execution. @09-12-2021 01:55:58.0382 AM
[ReportManager] Successfully Opened Safari. @09-12-2021 01:55:59.0246 AM
[ReportManager] Initial window size: (800, 600) @09-12-2021 01:55:59.0300 AM
[ReportManager] Window size after SWD Maximize: (1176, 803) @09-12-2021 01:55:59.0322 AM
[ReportManager] Browser Action [MaximizeWindow] successfully performed. With the following test data [New screen size is now: (1176, 803)]. @09-12-2021 01:55:59.0323 AM
[ReportManager] Target URL: [https://the-internet.herokuapp.com/] @09-12-2021 01:55:59.0323 AM
[ReportManager] Initial URL: [] @09-12-2021 01:55:59.0439 AM
[ReportManager] Browser Action [NavigateToURL] successfully performed. With the following test data [https://the-internet.herokuapp.com/]. @09-12-2021 01:56:00.0831 A

################################################################################################################################################
Starting Execution:	[83 out of 146] test cases in the current suite
Test Method:		[testPackage01.Test_NewValidationHelper.f15]
################################################################################################################################################
[ReportManager] Element Action [GetText] successfully performed. With the following test data [Welcome to the-internet]. @09-12-2021 01:56:00.0971 AM
[ReportManager] Loaded Shared OpenCV @09-12-2021 01:56:01.0083 AM
[ReportManager] Assertion [ValidateElementAttribute] FAILED. Expected [Value Should not be 'Welcome' for the 'text' attribute, element locator 'By.tagName: h1'] and Actual [Welcome to the-internet]. Comparison Type [CONTAINS]. Validation Type [NEGATIVE]. @09-12-2021 01:56:01.0203 AM
[ReportManager] Successfully created attachment [Screenshot - 1639014961083_f15_ValidateElementAttribute_failed] @09-12-2021 01:56:01.0205 A
[ReportManager] Successfully Closed All Drivers. @09-12-2021 01:56:01.0289 A
[ReportManager] File Action [GetAbsolutePath] successfully performed. With the following test data [Relative Folder Path: "target/downloadedFiles/"]. @09-12-2021 01:56:01.0293 AM
[ReportManager] Attempting to run locally on: [Mac-64], [Safari], Headless Execution. @09-12-2021 01:56:01.0293 AM
[ReportManager] Successfully Opened Safari. @09-12-2021 01:56:02.0238 AM
[ReportManager] Initial window size: (800, 600) @09-12-2021 01:56:02.0259 AM
[ReportManager] Window size after SWD Maximize: (1176, 803) @09-12-2021 01:56:02.0287 AM
[ReportManager] Browser Action [MaximizeWindow] successfully performed. With the following test data [New screen size is now: (1176, 803)]. @09-12-2021 01:56:02.0288 AM
[ReportManager] Target URL: [https://the-internet.herokuapp.com/] @09-12-2021 01:56:02.0288 AM
[ReportManager] Initial URL: [] @09-12-2021 01:56:02.0328 AM
[ReportManager] Browser Action [NavigateToURL] successfully performed. With the following test data [https://the-internet.herokuapp.com/]. @09-12-2021 01:56:03.0531 A

################################################################################################################################################
Starting Execution:	[84 out of 146] test cases in the current suite
Test Method:		[testPackage01.Test_NewValidationHelper.f16]
################################################################################################################################################
[ReportManager] org.openqa.selenium.TimeoutException:
Expected condition failed: waiting for com.shaft.gui.element.ElementActionsHelper$$Lambda$625/0x000000080110a1b8@778e52d0 (tried for 25 second(s) with 1000 milliseconds interval)
org.openqa.selenium.support.ui.FluentWait.timeoutException(FluentWait.java:263)
org.openqa.selenium.support.ui.FluentWait.until(FluentWait.java:231)
com.shaft.gui.element.ElementActionsHelper.waitForElementPresence(ElementActionsHelper.java:63)
com.shaft.gui.element.ElementActionsHelper.waitForElementPresence(ElementActionsHelper.java:41)
com.shaft.gui.element.WebDriverElementActions.getMatchingElementsCount(WebDriverElementActions.java:1470)
com.shaft.gui.element.WebDriverElementActions.identifyUniqueElement(WebDriverElementActions.java:1518)
com.shaft.gui.element.WebDriverElementActions.identifyUniqueElement(WebDriverElementActions.java:1316)
com.shaft.gui.element.WebDriverElementActions.getText(WebDriverElementActions.java:658)
com.shaft.gui.element.ElementActions.getText(ElementActions.java:311)
com.shaft.validation.ValidationsHelper.validateElementAttribute(ValidationsHelper.java:237)
com.shaft.validation.Assertions.assertElementAttribute(Assertions.java:201)
testPackage01.Test_NewValidationHelper.f16(Test_NewValidationHelper.java:181)
java.base/jdk.internal.reflect.NativeMethodAccessorImpl.invoke0(Native Method)
java.base/jdk.internal.reflect.NativeMethodAccessorImpl.invoke(NativeMethodAccessorImpl.java:77)
java.base/jdk.internal.reflect.DelegatingMethodAccessorImpl.invoke(DelegatingMethodAccessorImpl.java:43)
java.base/java.lang.reflect.Method.invoke(Method.java:568)
org.testng.internal.MethodInvocationHelper.invokeMethod(MethodInvocationHelper.java:133)
org.testng.internal.TestInvoker.invokeMethod(TestInvoker.java:598)
org.testng.internal.TestInvoker.invokeTestMethod(TestInvoker.java:173)
org.testng.internal.MethodRunner.runInSequence(MethodRunner.java:46)
org.testng.internal.TestInvoker$MethodInvocationAgent.invoke(TestInvoker.java:824)
org.testng.internal.TestInvoker.invokeTestMethods(TestInvoker.java:146)
org.testng.internal.TestMethodWorker.invokeTestMethods(TestMethodWorker.java:146)
org.testng.internal.TestMethodWorker.run(TestMethodWorker.java:128)
java.base/java.util.ArrayList.forEach(ArrayList.java:1511)
org.testng.TestRunner.privateRun(TestRunner.java:794)
org.testng.TestRunner.run(TestRunner.java:596)
org.testng.SuiteRunner.runTest(SuiteRunner.java:377)
org.testng.SuiteRunner.runSequentially(SuiteRunner.java:371)
org.testng.SuiteRunner.privateRun(SuiteRunner.java:332)
org.testng.SuiteRunner.run(SuiteRunner.java:276)
org.testng.SuiteRunnerWorker.runSuite(SuiteRunnerWorker.java:53)
org.testng.SuiteRunnerWorker.run(SuiteRunnerWorker.java:96)
org.testng.TestNG.runSuitesSequentially(TestNG.java:1212)
org.testng.TestNG.runSuitesLocally(TestNG.java:1134)
org.testng.TestNG.runSuites(TestNG.java:1063)
org.testng.TestNG.run(TestNG.java:1031)
org.apache.maven.surefire.testng.TestNGExecutor.run(TestNGExecutor.java:136)
org.apache.maven.surefire.testng.TestNGDirectoryTestSuite.executeMulti(TestNGDirectoryTestSuite.java:193)
org.apache.maven.surefire.testng.TestNGDirectoryTestSuite.execute(TestNGDirectoryTestSuite.java:94)
org.apache.maven.surefire.testng.TestNGProvider.invoke(TestNGProvider.java:145)
org.apache.maven.surefire.booter.ForkedBooter.runSuitesInProcess(ForkedBooter.java:428)
org.apache.maven.surefire.booter.ForkedBooter.execute(ForkedBooter.java:162)
org.apache.maven.surefire.booter.ForkedBooter.run(ForkedBooter.java:562)
org.apache.maven.surefire.booter.ForkedBooter.main(ForkedBooter.java:548)

Caused by: org.openqa.selenium.NoSuchElementException:
For documentation on this error, please visit: https://selenium.dev/exceptions/#no_such_element
Build info: version: '4.1.0', revision: '87802e897b'
System info: host: 'Mac-1639014615750.local', ip: '10.212.3.161', os.name: 'Mac OS X', os.arch: 'x86_64', os.version: '11.5', java.version: '17.0.1'
Driver info: org.openqa.selenium.safari.SafariDriver
Command: [BCB0DBBF-EDED-470D-A5F2-D007BA29358D, findElement {using=tag name, value=h3}]
Capabilities {acceptInsecureCerts: false, browserName: Safari, browserVersion: 15.1, goog:loggingPrefs: {browser: ALL, client: ALL, driver: ALL, performance: ALL, profiler: ALL, server: ALL}, javascriptEnabled: true, pageLoadStrategy: normal, platform: MAC, platformName: MAC, safari:automaticInspection: false, safari:automaticProfiling: false, safari:diagnose: false, safari:platformBuildVersion: 20G224, safari:platformVersion: 11.6.1, safari:useSimulator: false, setWindowRect: true, strictFileInteractability: false, timeouts: {pageLoad: 30000, script: 30000}, webkit:WebRTC: {DisableICECandidateFiltering: false, DisableInsecureMediaCapture: false}}
Session ID: BCB0DBBF-EDED-470D-A5F2-D007BA29358D
jdk.internal.reflect.GeneratedConstructorAccessor70.newInstance(Unknown Source)
java.base/jdk.internal.reflect.DelegatingConstructorAccessorImpl.newInstance(DelegatingConstructorAccessorImpl.java:45)
java.base/java.lang.reflect.Constructor.newInstanceWithCaller(Constructor.java:499)
java.base/java.lang.reflect.Constructor.newInstance(Constructor.java:480)
org.openqa.selenium.remote.codec.w3c.W3CHttpResponseCodec.createException(W3CHttpResponseCodec.java:200)
org.openqa.selenium.remote.codec.w3c.W3CHttpResponseCodec.decode(W3CHttpResponseCodec.java:133)
org.openqa.selenium.remote.codec.w3c.W3CHttpResponseCodec.decode(W3CHttpResponseCodec.java:53)
org.openqa.selenium.remote.HttpCommandExecutor.execute(HttpCommandExecutor.java:184)
org.openqa.selenium.remote.service.DriverCommandExecutor.invokeExecute(DriverCommandExecutor.java:164)
org.openqa.selenium.remote.service.DriverCommandExecutor.execute(DriverCommandExecutor.java:139)
org.openqa.selenium.remote.RemoteWebDriver.execute(RemoteWebDriver.java:559)
org.openqa.selenium.remote.ElementLocation$ElementFinder$2.findElement(ElementLocation.java:162)
org.openqa.selenium.remote.ElementLocation.findElement(ElementLocation.java:60)
org.openqa.selenium.remote.RemoteWebDriver.findElement(RemoteWebDriver.java:383)
org.openqa.selenium.remote.RemoteWebDriver.findElement(RemoteWebDriver.java:375)
com.shaft.gui.element.ElementActionsHelper.lambda$waitForElementPresence$0(ElementActionsHelper.java:66)
org.openqa.selenium.support.ui.FluentWait.until(FluentWait.java:208)
com.shaft.gui.element.ElementActionsHelper.waitForElementPresence(ElementActionsHelper.java:63)
com.shaft.gui.element.ElementActionsHelper.waitForElementPresence(ElementActionsHelper.java:41)
com.shaft.gui.element.WebDriverElementActions.getMatchingElementsCount(WebDriverElementActions.java:1470)
com.shaft.gui.element.WebDriverElementActions.identifyUniqueElement(WebDriverElementActions.java:1518)
com.shaft.gui.element.WebDriverElementActions.identifyUniqueElement(WebDriverElementActions.java:1316)
com.shaft.gui.element.WebDriverElementActions.getText(WebDriverElementActions.java:658)
com.shaft.gui.element.ElementActions.getText(ElementActions.java:311)
com.shaft.validation.ValidationsHelper.validateElementAttribute(ValidationsHelper.java:237)
com.shaft.validation.Assertions.assertElementAttribute(Assertions.java:201)
testPackage01.Test_NewValidationHelper.f16(Test_NewValidationHelper.java:181)
java.base/jdk.internal.reflect.NativeMethodAccessorImpl.invoke0(Native Method)
java.base/jdk.internal.reflect.NativeMethodAccessorImpl.invoke(NativeMethodAccessorImpl.java:77)
java.base/jdk.internal.reflect.DelegatingMethodAccessorImpl.invoke(DelegatingMethodAccessorImpl.java:43)
java.base/java.lang.reflect.Method.invoke(Method.java:568)
org.testng.internal.MethodInvocationHelper.invokeMethod(MethodInvocationHelper.java:133)
org.testng.internal.TestInvoker.invokeMethod(TestInvoker.java:598)
org.testng.internal.TestInvoker.invokeTestMethod(TestInvoker.java:173)
org.testng.internal.MethodRunner.runInSequence(MethodRunner.java:46)
org.testng.internal.TestInvoker$MethodInvocationAgent.invoke(TestInvoker.java:824)
org.testng.internal.TestInvoker.invokeTestMethods(TestInvoker.java:146)
org.testng.internal.TestMethodWorker.invokeTestMethods(TestMethodWorker.java:146)
org.testng.internal.TestMethodWorker.run(TestMethodWorker.java:128)
java.base/java.util.ArrayList.forEach(ArrayList.java:1511)
org.testng.TestRunner.privateRun(TestRunner.java:794)
org.testng.TestRunner.run(TestRunner.java:596)
org.testng.SuiteRunner.runTest(SuiteRunner.java:377)
org.testng.SuiteRunner.runSequentially(SuiteRunner.java:371)
org.testng.SuiteRunner.privateRun(SuiteRunner.java:332)
org.testng.SuiteRunner.run(SuiteRunner.java:276)
org.testng.SuiteRunnerWorker.runSuite(SuiteRunnerWorker.java:53)
org.testng.SuiteRunnerWorker.run(SuiteRunnerWorker.java:96)
org.testng.TestNG.runSuitesSequentially(TestNG.java:1212)
org.testng.TestNG.runSuitesLocally(TestNG.java:1134)
org.testng.TestNG.runSuites(TestNG.java:1063)
org.testng.TestNG.run(TestNG.java:1031)
org.apache.maven.surefire.testng.TestNGExecutor.run(TestNGExecutor.java:136)
org.apache.maven.surefire.testng.TestNGDirectoryTestSuite.executeMulti(TestNGDirectoryTestSuite.java:193)
org.apache.maven.surefire.testng.TestNGDirectoryTestSuite.execute(TestNGDirectoryTestSuite.java:94)
org.apache.maven.surefire.testng.TestNGProvider.invoke(TestNGProvider.java:145)
org.apache.maven.surefire.booter.ForkedBooter.runSuitesInProcess(ForkedBooter.java:428)
org.apache.maven.surefire.booter.ForkedBooter.execute(ForkedBooter.java:162)
org.apache.maven.surefire.booter.ForkedBooter.run(ForkedBooter.java:562)
org.apache.maven.surefire.booter.ForkedBooter.main(ForkedBooter.java:548) @09-12-2021 01:56:28.0934 AM
[ReportManager] Element Action [IdentifyUniqueElement] failed. With the following test data [zero elements found matching this locator "By.tagName: h3".]. @09-12-2021 01:56:29.0133 AM
[ReportManager] Successfully created attachment [Screenshot - 1639014988965_f16_IdentifyUniqueElement_failed] @09-12-2021 01:56:29.0215 AM
[ReportManager] Assertion [ValidateElementAttribute] FAILED. Expected [Value Should not be 'Welcome' for the 'text' attribute, element locator 'By.tagName: h3'] and Actual [Failed to read the desired element attribute]. Comparison Type [CONTAINS]. Validation Type [NEGATIVE]. @09-12-2021 01:56:29.0216 A
[ReportManager] Successfully Closed All Drivers. @09-12-2021 01:56:29.0634 A
[ReportManager] File Action [GetAbsolutePath] successfully performed. With the following test data [Relative Folder Path: "target/downloadedFiles/"]. @09-12-2021 01:56:29.0759 AM
[ReportManager] Attempting to run locally on: [Mac-64], [Safari], Headless Execution. @09-12-2021 01:56:29.0760 AM
[ReportManager] Successfully Opened Safari. @09-12-2021 01:56:30.0795 AM
[ReportManager] Initial window size: (800, 600) @09-12-2021 01:56:30.0828 AM
[ReportManager] Window size after SWD Maximize: (1176, 803) @09-12-2021 01:56:30.0884 AM
[ReportManager] Browser Action [MaximizeWindow] successfully performed. With the following test data [New screen size is now: (1176, 803)]. @09-12-2021 01:56:30.0884 AM
[ReportManager] Target URL: [https://the-internet.herokuapp.com/] @09-12-2021 01:56:30.0884 AM
[ReportManager] Initial URL: [] @09-12-2021 01:56:30.0946 AM
[ReportManager] Browser Action [NavigateToURL] successfully performed. With the following test data [https://the-internet.herokuapp.com/]. @09-12-2021 01:56:32.0325 A

################################################################################################################################################
Starting Execution:	[85 out of 146] test cases in the current suite
Test Method:		[testPackage01.Test_NewValidationHelper.f17]
################################################################################################################################################
[ReportManager] Attempting to getAttribute [text2] from elementLocator [By.tagName: h1]. @09-12-2021 01:56:32.0716 AM
[ReportManager] Element Action [GetAttribute] successfully performed. @09-12-2021 01:56:32.0803 AM
[ReportManager] Loaded Shared OpenCV @09-12-2021 01:56:32.0885 AM
[ReportManager] Assertion [ValidateElementAttribute] PASSED. Expected [Value Should not be 'Welcome' for the 'text2' attribute, element locator 'By.tagName: h1'] and Actual [null]. Comparison Type [CONTAINS]. Validation Type [NEGATIVE]. @09-12-2021 01:56:33.0169 AM
[ReportManager] Successfully created attachment [Screenshot - 1639014992885_f17_ValidateElementAttribute_passed] @09-12-2021 01:56:33.0252 A
[ReportManager] Successfully Closed All Drivers. @09-12-2021 01:56:33.0773 A
[ReportManager] File Action [GetAbsolutePath] successfully performed. With the following test data [Relative Folder Path: "target/downloadedFiles/"]. @09-12-2021 01:56:33.0858 AM
[ReportManager] Attempting to run locally on: [Mac-64], [Safari], Headless Execution. @09-12-2021 01:56:33.0859 AM
[ReportManager] Successfully Opened Safari. @09-12-2021 01:56:34.0883 AM
[ReportManager] Initial window size: (800, 600) @09-12-2021 01:56:34.0942 AM
[ReportManager] Window size after SWD Maximize: (1176, 803) @09-12-2021 01:56:35.0070 AM
[ReportManager] Browser Action [MaximizeWindow] successfully performed. With the following test data [New screen size is now: (1176, 803)]. @09-12-2021 01:56:35.0070 AM
[ReportManager] Target URL: [https://the-internet.herokuapp.com/] @09-12-2021 01:56:35.0071 AM
[ReportManager] Initial URL: [] @09-12-2021 01:56:35.0128 AM
[ReportManager] Browser Action [NavigateToURL] successfully performed. With the following test data [https://the-internet.herokuapp.com/]. @09-12-2021 01:56:36.0823 A

################################################################################################################################################
Starting Execution:	[86 out of 146] test cases in the current suite
Test Method:		[testPackage01.Test_NewValidationHelper.f18]
################################################################################################################################################
[ReportManager] Element Action [GetText] successfully performed. With the following test data [Welcome to the-internet]. @09-12-2021 01:56:37.0019 AM
[ReportManager] Loaded Shared OpenCV @09-12-2021 01:56:37.0152 AM
[ReportManager] Assertion [ValidateElementAttribute] PASSED. Expected [Value Should not be 'no' for the 'text' attribute, element locator 'By.tagName: h1'] and Actual [Welcome to the-internet]. Comparison Type [CONTAINS]. Validation Type [NEGATIVE]. @09-12-2021 01:56:37.0427 AM
[ReportManager] Successfully created attachment [Screenshot - 1639014997152_f18_ValidateElementAttribute_passed] @09-12-2021 01:56:37.0428 A
[ReportManager] Successfully Closed All Drivers. @09-12-2021 01:56:37.0531 A

################################################################################################################################################
Starting Execution:	[87 out of 146] test cases in the current suite
Test Method:		[testPackage01.Test_NewValidationHelper.f2]
################################################################################################################################################
[ReportManager] Assertion Failed: Checking valid user data @09-12-2021 01:56:37.0664 AM
[ReportManager] Assertion [ValidateEquals] FAILED. Expected [1] and Actual [2]. Comparison Type [EQUALS]. Validation Type [POSITIVE]. @09-12-2021 01:56:37.0664 A
[ReportManager] File Action [GetAbsolutePath] successfully performed. With the following test data [Relative Folder Path: "target/downloadedFiles/"]. @09-12-2021 01:56:37.0790 AM
[ReportManager] Attempting to run locally on: [Mac-64], [Safari], Headless Execution. @09-12-2021 01:56:37.0790 AM
[ReportManager] Successfully Opened Safari. @09-12-2021 01:56:38.0749 AM
[ReportManager] Initial window size: (800, 600) @09-12-2021 01:56:38.0791 AM
[ReportManager] Window size after SWD Maximize: (1176, 803) @09-12-2021 01:56:38.0951 AM
[ReportManager] Browser Action [MaximizeWindow] successfully performed. With the following test data [New screen size is now: (1176, 803)]. @09-12-2021 01:56:38.0951 AM
[ReportManager] Target URL: [https://the-internet.herokuapp.com/] @09-12-2021 01:56:38.0952 AM
[ReportManager] Initial URL: [] @09-12-2021 01:56:38.0991 AM
[ReportManager] Browser Action [NavigateToURL] successfully performed. With the following test data [https://the-internet.herokuapp.com/]. @09-12-2021 01:56:40.0227 A

################################################################################################################################################
Starting Execution:	[88 out of 146] test cases in the current suite
Test Method:		[testPackage01.Test_NewValidationHelper.f20]
################################################################################################################################################
[ReportManager] Element Action [GetSize] successfully performed. With the following test data [(971, 62)]. @09-12-2021 01:56:40.0338 AM
[ReportManager] Loaded Shared OpenCV @09-12-2021 01:56:40.0425 AM
[ReportManager] Assertion [ValidateElementAttribute] PASSED. Expected [Value Should not be 'a' for the 'size' attribute, element locator 'By.tagName: h1'] and Actual [(971, 62)]. Comparison Type [CONTAINS]. Validation Type [NEGATIVE]. @09-12-2021 01:56:40.0815 AM
[ReportManager] Successfully created attachment [Screenshot - 1639015000425_f20_ValidateElementAttribute_passed] @09-12-2021 01:56:40.0901 A
[ReportManager] Successfully Closed All Drivers. @09-12-2021 01:56:41.0305 A
[ReportManager] File Action [GetAbsolutePath] successfully performed. With the following test data [Relative Folder Path: "target/downloadedFiles/"]. @09-12-2021 01:56:41.0349 AM
[ReportManager] Attempting to run locally on: [Mac-64], [Safari], Headless Execution. @09-12-2021 01:56:41.0349 AM
[ReportManager] Successfully Opened Safari. @09-12-2021 01:56:42.0242 AM
[ReportManager] Initial window size: (800, 600) @09-12-2021 01:56:42.0281 AM
[ReportManager] Window size after SWD Maximize: (1176, 803) @09-12-2021 01:56:42.0416 AM
[ReportManager] Browser Action [MaximizeWindow] successfully performed. With the following test data [New screen size is now: (1176, 803)]. @09-12-2021 01:56:42.0416 AM
[ReportManager] Target URL: [https://the-internet.herokuapp.com/] @09-12-2021 01:56:42.0417 AM
[ReportManager] Initial URL: [] @09-12-2021 01:56:42.0455 AM
[ReportManager] Browser Action [NavigateToURL] successfully performed. With the following test data [https://the-internet.herokuapp.com/]. @09-12-2021 01:56:43.0778 A

################################################################################################################################################
Starting Execution:	[89 out of 146] test cases in the current suite
Test Method:		[testPackage01.Test_NewValidationHelper.f21]
################################################################################################################################################
[ReportManager] org.openqa.selenium.TimeoutException:
Expected condition failed: waiting for com.shaft.gui.element.ElementActionsHelper$$Lambda$625/0x000000080110a1b8@4111bcd6 (tried for 25 second(s) with 1000 milliseconds interval)
org.openqa.selenium.support.ui.FluentWait.timeoutException(FluentWait.java:263)
org.openqa.selenium.support.ui.FluentWait.until(FluentWait.java:231)
com.shaft.gui.element.ElementActionsHelper.waitForElementPresence(ElementActionsHelper.java:63)
com.shaft.gui.element.ElementActionsHelper.waitForElementPresence(ElementActionsHelper.java:41)
com.shaft.gui.element.WebDriverElementActions.getMatchingElementsCount(WebDriverElementActions.java:1470)
com.shaft.gui.element.WebDriverElementActions.identifyUniqueElement(WebDriverElementActions.java:1518)
com.shaft.gui.element.WebDriverElementActions.identifyUniqueElement(WebDriverElementActions.java:1316)
com.shaft.gui.element.WebDriverElementActions.getText(WebDriverElementActions.java:658)
com.shaft.gui.element.ElementActions.getText(ElementActions.java:311)
com.shaft.validation.ValidationsHelper.validateElementAttribute(ValidationsHelper.java:237)
com.shaft.validation.Assertions.assertElementAttribute(Assertions.java:201)
testPackage01.Test_NewValidationHelper.f21(Test_NewValidationHelper.java:210)
java.base/jdk.internal.reflect.NativeMethodAccessorImpl.invoke0(Native Method)
java.base/jdk.internal.reflect.NativeMethodAccessorImpl.invoke(NativeMethodAccessorImpl.java:77)
java.base/jdk.internal.reflect.DelegatingMethodAccessorImpl.invoke(DelegatingMethodAccessorImpl.java:43)
java.base/java.lang.reflect.Method.invoke(Method.java:568)
org.testng.internal.MethodInvocationHelper.invokeMethod(MethodInvocationHelper.java:133)
org.testng.internal.TestInvoker.invokeMethod(TestInvoker.java:598)
org.testng.internal.TestInvoker.invokeTestMethod(TestInvoker.java:173)
org.testng.internal.MethodRunner.runInSequence(MethodRunner.java:46)
org.testng.internal.TestInvoker$MethodInvocationAgent.invoke(TestInvoker.java:824)
org.testng.internal.TestInvoker.invokeTestMethods(TestInvoker.java:146)
org.testng.internal.TestMethodWorker.invokeTestMethods(TestMethodWorker.java:146)
org.testng.internal.TestMethodWorker.run(TestMethodWorker.java:128)
java.base/java.util.ArrayList.forEach(ArrayList.java:1511)
org.testng.TestRunner.privateRun(TestRunner.java:794)
org.testng.TestRunner.run(TestRunner.java:596)
org.testng.SuiteRunner.runTest(SuiteRunner.java:377)
org.testng.SuiteRunner.runSequentially(SuiteRunner.java:371)
org.testng.SuiteRunner.privateRun(SuiteRunner.java:332)
org.testng.SuiteRunner.run(SuiteRunner.java:276)
org.testng.SuiteRunnerWorker.runSuite(SuiteRunnerWorker.java:53)
org.testng.SuiteRunnerWorker.run(SuiteRunnerWorker.java:96)
org.testng.TestNG.runSuitesSequentially(TestNG.java:1212)
org.testng.TestNG.runSuitesLocally(TestNG.java:1134)
org.testng.TestNG.runSuites(TestNG.java:1063)
org.testng.TestNG.run(TestNG.java:1031)
org.apache.maven.surefire.testng.TestNGExecutor.run(TestNGExecutor.java:136)
org.apache.maven.surefire.testng.TestNGDirectoryTestSuite.executeMulti(TestNGDirectoryTestSuite.java:193)
org.apache.maven.surefire.testng.TestNGDirectoryTestSuite.execute(TestNGDirectoryTestSuite.java:94)
org.apache.maven.surefire.testng.TestNGProvider.invoke(TestNGProvider.java:145)
org.apache.maven.surefire.booter.ForkedBooter.runSuitesInProcess(ForkedBooter.java:428)
org.apache.maven.surefire.booter.ForkedBooter.execute(ForkedBooter.java:162)
org.apache.maven.surefire.booter.ForkedBooter.run(ForkedBooter.java:562)
org.apache.maven.surefire.booter.ForkedBooter.main(ForkedBooter.java:548)

Caused by: org.openqa.selenium.NoSuchElementException:
For documentation on this error, please visit: https://selenium.dev/exceptions/#no_such_element
Build info: version: '4.1.0', revision: '87802e897b'
System info: host: 'Mac-1639014615750.local', ip: '10.212.3.161', os.name: 'Mac OS X', os.arch: 'x86_64', os.version: '11.5', java.version: '17.0.1'
Driver info: org.openqa.selenium.safari.SafariDriver
Command: [13D61B3A-C71D-4C7F-AC40-841A62F4BE70, findElement {using=tag name, value=h3}]
Capabilities {acceptInsecureCerts: false, browserName: Safari, browserVersion: 15.1, goog:loggingPrefs: {browser: ALL, client: ALL, driver: ALL, performance: ALL, profiler: ALL, server: ALL}, javascriptEnabled: true, pageLoadStrategy: normal, platform: MAC, platformName: MAC, safari:automaticInspection: false, safari:automaticProfiling: false, safari:diagnose: false, safari:platformBuildVersion: 20G224, safari:platformVersion: 11.6.1, safari:useSimulator: false, setWindowRect: true, strictFileInteractability: false, timeouts: {pageLoad: 30000, script: 30000}, webkit:WebRTC: {DisableICECandidateFiltering: false, DisableInsecureMediaCapture: false}}
Session ID: 13D61B3A-C71D-4C7F-AC40-841A62F4BE70
jdk.internal.reflect.GeneratedConstructorAccessor70.newInstance(Unknown Source)
java.base/jdk.internal.reflect.DelegatingConstructorAccessorImpl.newInstance(DelegatingConstructorAccessorImpl.java:45)
java.base/java.lang.reflect.Constructor.newInstanceWithCaller(Constructor.java:499)
java.base/java.lang.reflect.Constructor.newInstance(Constructor.java:480)
org.openqa.selenium.remote.codec.w3c.W3CHttpResponseCodec.createException(W3CHttpResponseCodec.java:200)
org.openqa.selenium.remote.codec.w3c.W3CHttpResponseCodec.decode(W3CHttpResponseCodec.java:133)
org.openqa.selenium.remote.codec.w3c.W3CHttpResponseCodec.decode(W3CHttpResponseCodec.java:53)
org.openqa.selenium.remote.HttpCommandExecutor.execute(HttpCommandExecutor.java:184)
org.openqa.selenium.remote.service.DriverCommandExecutor.invokeExecute(DriverCommandExecutor.java:164)
org.openqa.selenium.remote.service.DriverCommandExecutor.execute(DriverCommandExecutor.java:139)
org.openqa.selenium.remote.RemoteWebDriver.execute(RemoteWebDriver.java:559)
org.openqa.selenium.remote.ElementLocation$ElementFinder$2.findElement(ElementLocation.java:162)
org.openqa.selenium.remote.ElementLocation.findElement(ElementLocation.java:60)
org.openqa.selenium.remote.RemoteWebDriver.findElement(RemoteWebDriver.java:383)
org.openqa.selenium.remote.RemoteWebDriver.findElement(RemoteWebDriver.java:375)
com.shaft.gui.element.ElementActionsHelper.lambda$waitForElementPresence$0(ElementActionsHelper.java:66)
org.openqa.selenium.support.ui.FluentWait.until(FluentWait.java:208)
com.shaft.gui.element.ElementActionsHelper.waitForElementPresence(ElementActionsHelper.java:63)
com.shaft.gui.element.ElementActionsHelper.waitForElementPresence(ElementActionsHelper.java:41)
com.shaft.gui.element.WebDriverElementActions.getMatchingElementsCount(WebDriverElementActions.java:1470)
com.shaft.gui.element.WebDriverElementActions.identifyUniqueElement(WebDriverElementActions.java:1518)
com.shaft.gui.element.WebDriverElementActions.identifyUniqueElement(WebDriverElementActions.java:1316)
com.shaft.gui.element.WebDriverElementActions.getText(WebDriverElementActions.java:658)
com.shaft.gui.element.ElementActions.getText(ElementActions.java:311)
com.shaft.validation.ValidationsHelper.validateElementAttribute(ValidationsHelper.java:237)
com.shaft.validation.Assertions.assertElementAttribute(Assertions.java:201)
testPackage01.Test_NewValidationHelper.f21(Test_NewValidationHelper.java:210)
java.base/jdk.internal.reflect.NativeMethodAccessorImpl.invoke0(Native Method)
java.base/jdk.internal.reflect.NativeMethodAccessorImpl.invoke(NativeMethodAccessorImpl.java:77)
java.base/jdk.internal.reflect.DelegatingMethodAccessorImpl.invoke(DelegatingMethodAccessorImpl.java:43)
java.base/java.lang.reflect.Method.invoke(Method.java:568)
org.testng.internal.MethodInvocationHelper.invokeMethod(MethodInvocationHelper.java:133)
org.testng.internal.TestInvoker.invokeMethod(TestInvoker.java:598)
org.testng.internal.TestInvoker.invokeTestMethod(TestInvoker.java:173)
org.testng.internal.MethodRunner.runInSequence(MethodRunner.java:46)
org.testng.internal.TestInvoker$MethodInvocationAgent.invoke(TestInvoker.java:824)
org.testng.internal.TestInvoker.invokeTestMethods(TestInvoker.java:146)
org.testng.internal.TestMethodWorker.invokeTestMethods(TestMethodWorker.java:146)
org.testng.internal.TestMethodWorker.run(TestMethodWorker.java:128)
java.base/java.util.ArrayList.forEach(ArrayList.java:1511)
org.testng.TestRunner.privateRun(TestRunner.java:794)
org.testng.TestRunner.run(TestRunner.java:596)
org.testng.SuiteRunner.runTest(SuiteRunner.java:377)
org.testng.SuiteRunner.runSequentially(SuiteRunner.java:371)
org.testng.SuiteRunner.privateRun(SuiteRunner.java:332)
org.testng.SuiteRunner.run(SuiteRunner.java:276)
org.testng.SuiteRunnerWorker.runSuite(SuiteRunnerWorker.java:53)
org.testng.SuiteRunnerWorker.run(SuiteRunnerWorker.java:96)
org.testng.TestNG.runSuitesSequentially(TestNG.java:1212)
org.testng.TestNG.runSuitesLocally(TestNG.java:1134)
org.testng.TestNG.runSuites(TestNG.java:1063)
org.testng.TestNG.run(TestNG.java:1031)
org.apache.maven.surefire.testng.TestNGExecutor.run(TestNGExecutor.java:136)
org.apache.maven.surefire.testng.TestNGDirectoryTestSuite.executeMulti(TestNGDirectoryTestSuite.java:193)
org.apache.maven.surefire.testng.TestNGDirectoryTestSuite.execute(TestNGDirectoryTestSuite.java:94)
org.apache.maven.surefire.testng.TestNGProvider.invoke(TestNGProvider.java:145)
org.apache.maven.surefire.booter.ForkedBooter.runSuitesInProcess(ForkedBooter.java:428)
org.apache.maven.surefire.booter.ForkedBooter.execute(ForkedBooter.java:162)
org.apache.maven.surefire.booter.ForkedBooter.run(ForkedBooter.java:562)
org.apache.maven.surefire.booter.ForkedBooter.main(ForkedBooter.java:548) @09-12-2021 01:57:09.0100 AM
[ReportManager] Element Action [IdentifyUniqueElement] failed. With the following test data [zero elements found matching this locator "By.tagName: h3".]. @09-12-2021 01:57:09.0371 AM
[ReportManager] Successfully created attachment [Screenshot - 1639015029144_f21_IdentifyUniqueElement_failed] @09-12-2021 01:57:09.0454 AM
[ReportManager] Assertion [ValidateElementAttribute] FAILED. Expected [Value Should be 'Welcome' for the 'text' attribute, element locator 'By.tagName: h3'] and Actual [Failed to read the desired element attribute]. Comparison Type [CONTAINS]. Validation Type [POSITIVE]. @09-12-2021 01:57:09.0455 A
[ReportManager] Successfully Closed All Drivers. @09-12-2021 01:57:09.0778 A
[ReportManager] File Action [GetAbsolutePath] successfully performed. With the following test data [Relative Folder Path: "target/downloadedFiles/"]. @09-12-2021 01:57:09.0903 AM
[ReportManager] Attempting to run locally on: [Mac-64], [Safari], Headless Execution. @09-12-2021 01:57:09.0904 AM
[ReportManager] Successfully Opened Safari. @09-12-2021 01:57:11.0361 AM
[ReportManager] Initial window size: (800, 600) @09-12-2021 01:57:11.0404 AM
[ReportManager] Window size after SWD Maximize: (1176, 803) @09-12-2021 01:57:11.0443 AM
[ReportManager] Browser Action [MaximizeWindow] successfully performed. With the following test data [New screen size is now: (1176, 803)]. @09-12-2021 01:57:11.0443 AM
[ReportManager] Target URL: [https://the-internet.herokuapp.com/] @09-12-2021 01:57:11.0443 AM
[ReportManager] Initial URL: [] @09-12-2021 01:57:11.0542 AM
[ReportManager] Browser Action [NavigateToURL] successfully performed. With the following test data [https://the-internet.herokuapp.com/]. @09-12-2021 01:57:12.0874 A

################################################################################################################################################
Starting Execution:	[90 out of 146] test cases in the current suite
Test Method:		[testPackage01.Test_NewValidationHelper.f22]
################################################################################################################################################
[ReportManager] Element Action [GetText] successfully performed. With the following test data [Welcome to the-internet]. @09-12-2021 01:57:13.0096 AM
[ReportManager] Loaded Shared OpenCV @09-12-2021 01:57:13.0177 AM
[ReportManager] Assertion [ValidateElementAttribute] FAILED. Expected [Value Should be 'yyy' for the 'text' attribute, element locator 'By.tagName: h1'] and Actual [Welcome to the-internet]. Comparison Type [CONTAINS]. Validation Type [POSITIVE]. @09-12-2021 01:57:13.0454 AM
[ReportManager] Successfully created attachment [Screenshot - 1639015033177_f22_ValidateElementAttribute_failed] @09-12-2021 01:57:13.0494 A
[ReportManager] Successfully Closed All Drivers. @09-12-2021 01:57:13.0798 A

################################################################################################################################################
Starting Execution:	[91 out of 146] test cases in the current suite
Test Method:		[testPackage01.Test_NewValidationHelper.f23]
################################################################################################################################################
[ReportManager] Assertion Passed: confirming that the actual is greater than or equal to the expected @09-12-2021 01:57:13.0926 AM
[ReportManager] Assertion [ValidateComparativeRelation] PASSED. Expected [1] and Actual [1]. Comparison Type [GREATER_THAN_OR_EQUALS]. Validation Type [POSITIVE]. @09-12-2021 01:57:13.0926 A

################################################################################################################################################
Starting Execution:	[92 out of 146] test cases in the current suite
Test Method:		[testPackage01.Test_NewValidationHelper.f24]
################################################################################################################################################
[ReportManager] Assertion [ValidateComparativeRelation] PASSED. Expected [1] and Actual [10]. Comparison Type [GREATER_THAN_OR_EQUALS]. Validation Type [POSITIVE]. @09-12-2021 01:57:14.0053 A

################################################################################################################################################
Starting Execution:	[93 out of 146] test cases in the current suite
Test Method:		[testPackage01.Test_NewValidationHelper.f25]
################################################################################################################################################
[ReportManager] Assertion [ValidateComparativeRelation] PASSED. Expected [1] and Actual [1]. Comparison Type [EQUALS]. Validation Type [POSITIVE]. @09-12-2021 01:57:14.0181 A

################################################################################################################################################
Starting Execution:	[94 out of 146] test cases in the current suite
Test Method:		[testPackage01.Test_NewValidationHelper.f26]
################################################################################################################################################
[ReportManager] Assertion [ValidateComparativeRelation] PASSED. Expected [1] and Actual [5]. Comparison Type [GREATER_THAN]. Validation Type [POSITIVE]. @09-12-2021 01:57:14.0307 A

################################################################################################################################################
Starting Execution:	[95 out of 146] test cases in the current suite
Test Method:		[testPackage01.Test_NewValidationHelper.f27]
################################################################################################################################################
[ReportManager] Assertion [ValidateComparativeRelation] PASSED. Expected [11] and Actual [5]. Comparison Type [LESS_THAN]. Validation Type [POSITIVE]. @09-12-2021 01:57:14.0434 A

################################################################################################################################################
Starting Execution:	[96 out of 146] test cases in the current suite
Test Method:		[testPackage01.Test_NewValidationHelper.f28]
################################################################################################################################################
[ReportManager] Assertion [ValidateComparativeRelation] PASSED. Expected [11] and Actual [5]. Comparison Type [LESS_THAN_OR_EQUALS]. Validation Type [POSITIVE]. @09-12-2021 01:57:14.0560 A

################################################################################################################################################
Starting Execution:	[97 out of 146] test cases in the current suite
Test Method:		[testPackage01.Test_NewValidationHelper.f29]
################################################################################################################################################
[ReportManager] Assertion [ValidateComparativeRelation] PASSED. Expected [11] and Actual [11]. Comparison Type [LESS_THAN_OR_EQUALS]. Validation Type [POSITIVE]. @09-12-2021 01:57:14.0688 A

################################################################################################################################################
Starting Execution:	[98 out of 146] test cases in the current suite
Test Method:		[testPackage01.Test_NewValidationHelper.f3]
################################################################################################################################################
[ReportManager] Assertion [ValidateEquals] PASSED. Expected [1] and Actual [2]. Comparison Type [EQUALS]. Validation Type [NEGATIVE]. @09-12-2021 01:57:14.0817 A

################################################################################################################################################
Starting Execution:	[99 out of 146] test cases in the current suite
Test Method:		[testPackage01.Test_NewValidationHelper.f30]
################################################################################################################################################
[ReportManager] Assertion [ValidateComparativeRelation] FAILED. Expected [-9] and Actual [11]. Comparison Type [LESS_THAN_OR_EQUALS]. Validation Type [POSITIVE]. @09-12-2021 01:57:14.0946 A

################################################################################################################################################
Starting Execution:	[100 out of 146] test cases in the current suite
Test Method:		[testPackage01.Test_NewValidationHelper.f31]
################################################################################################################################################
[ReportManager] Assertion [ValidateTrue] PASSED. Expected [TRUE] and Actual [TRUE]. Validation Type [POSITIVE]. @09-12-2021 01:57:15.0072 A

################################################################################################################################################
Starting Execution:	[101 out of 146] test cases in the current suite
Test Method:		[testPackage01.Test_NewValidationHelper.f32]
################################################################################################################################################
[ReportManager] Assertion [ValidateTrue] PASSED. Expected [FALSE] and Actual [FALSE]. Validation Type [NEGATIVE]. @09-12-2021 01:57:15.0201 A

################################################################################################################################################
Starting Execution:	[102 out of 146] test cases in the current suite
Test Method:		[testPackage01.Test_NewValidationHelper.f33]
################################################################################################################################################
[ReportManager] Assertion [ValidateTrue] FAILED. Expected [FALSE] and Actual [TRUE]. Validation Type [NEGATIVE]. @09-12-2021 01:57:15.0330 A

################################################################################################################################################
Starting Execution:	[103 out of 146] test cases in the current suite
Test Method:		[testPackage01.Test_NewValidationHelper.f34]
################################################################################################################################################
[ReportManager] Assertion [ValidateTrue] FAILED. Expected [TRUE] and Actual [FALSE]. Validation Type [POSITIVE]. @09-12-2021 01:57:15.0457 A

################################################################################################################################################
Starting Execution:	[104 out of 146] test cases in the current suite
Test Method:		[testPackage01.Test_NewValidationHelper.f35]
################################################################################################################################################
[ReportManager] File Action [DoesFileExist] successfully performed. With the following test data [File Path: "pom.xml"]. @09-12-2021 01:57:15.0586 AM
[ReportManager] Assertion [ValidateFileExists] PASSED. Expected [File 'pom.xml' should exist, after up to '1' retries] and Actual [File exists]. Validation Type [POSITIVE]. @09-12-2021 01:57:15.0597 A

################################################################################################################################################
Starting Execution:	[105 out of 146] test cases in the current suite
Test Method:		[testPackage01.Test_NewValidationHelper.f36]
################################################################################################################################################
[ReportManager] File Action [DoesFileExist] successfully performed. With the following test data [File Path: "src/test/java/testPackage01/Test_NewValidationHelper.java"]. @09-12-2021 01:57:15.0724 AM
[ReportManager] Assertion [ValidateFileExists] PASSED. Expected [File 'src/test/java/testPackage01/Test_NewValidationHelper.java' should exist, after up to '1' retries] and Actual [File exists]. Validation Type [POSITIVE]. @09-12-2021 01:57:15.0724 A

################################################################################################################################################
Starting Execution:	[106 out of 146] test cases in the current suite
Test Method:		[testPackage01.Test_NewValidationHelper.f37]
################################################################################################################################################
[ReportManager] File Action [DoesFileExist] successfully performed. With the following test data [File Path: "pom.xml"]. @09-12-2021 01:57:15.0809 AM
[ReportManager] Assertion Failed: confirming that the file does't exist after 5 retries @09-12-2021 01:57:15.0810 AM
[ReportManager] Assertion [ValidateFileExists] FAILED. Expected [File 'pom.xml' should not exist, after up to '5' retries] and Actual [File exists]. Validation Type [NEGATIVE]. @09-12-2021 01:57:15.0810 A

################################################################################################################################################
Starting Execution:	[107 out of 146] test cases in the current suite
Test Method:		[testPackage01.Test_NewValidationHelper.f3_1]
################################################################################################################################################
[ReportManager] Assertion Passed: Checking valid user data @09-12-2021 01:57:15.0814 AM
[ReportManager] Assertion [ValidateEquals] PASSED. Expected [null] and Actual [null]. Comparison Type [EQUALS]. Validation Type [POSITIVE]. @09-12-2021 01:57:15.0814 A

################################################################################################################################################
Starting Execution:	[108 out of 146] test cases in the current suite
Test Method:		[testPackage01.Test_NewValidationHelper.f4]
################################################################################################################################################
[ReportManager] Assertion [ValidateEquals] PASSED. Expected [1] and Actual [123]. Comparison Type [CONTAINS]. Validation Type [POSITIVE]. @09-12-2021 01:57:15.0817 A

################################################################################################################################################
Starting Execution:	[109 out of 146] test cases in the current suite
Test Method:		[testPackage01.Test_NewValidationHelper.f5]
################################################################################################################################################
[ReportManager] Assertion [ValidateNull] PASSED. Expected [NULL] and Actual [1]. Comparison Type [EQUALS]. Validation Type [NEGATIVE]. @09-12-2021 01:57:15.0942 A

################################################################################################################################################
Starting Execution:	[110 out of 146] test cases in the current suite
Test Method:		[testPackage01.Test_NewValidationHelper.f6]
################################################################################################################################################
[ReportManager] Assertion Failed: Making sure that null string is not equal to null object @09-12-2021 01:57:16.0111 AM
[ReportManager] Assertion [ValidateNull] FAILED. Expected [NULL] and Actual [NULL]. Comparison Type [EQUALS]. Validation Type [POSITIVE]. @09-12-2021 01:57:16.0112 A

################################################################################################################################################
Starting Execution:	[111 out of 146] test cases in the current suite
Test Method:		[testPackage01.Test_NewValidationHelper.f6_1]
################################################################################################################################################
[ReportManager] Assertion [ValidateNull] FAILED. Expected [NULL] and Actual [NULL]. Comparison Type [EQUALS]. Validation Type [NEGATIVE]. @09-12-2021 01:57:16.0241 A

################################################################################################################################################
Starting Execution:	[112 out of 146] test cases in the current suite
Test Method:		[testPackage01.Test_NewValidationHelper.f6_2]
################################################################################################################################################
[ReportManager] Assertion Failed: Making sure that null string is not equal to null object @09-12-2021 01:57:16.0368 AM
[ReportManager] Assertion [ValidateNull] FAILED. Expected [NULL] and Actual [not null]. Comparison Type [EQUALS]. Validation Type [POSITIVE]. @09-12-2021 01:57:16.0368 A

################################################################################################################################################
Starting Execution:	[113 out of 146] test cases in the current suite
Test Method:		[testPackage01.Test_NewValidationHelper.f7]
################################################################################################################################################
[ReportManager] Assertion [ValidateNull] PASSED. Expected [NULL] and Actual [NULL]. Comparison Type [EQUALS]. Validation Type [POSITIVE]. @09-12-2021 01:57:16.0496 A
[ReportManager] File Action [GetAbsolutePath] successfully performed. With the following test data [Relative Folder Path: "target/downloadedFiles/"]. @09-12-2021 01:57:16.0622 AM
[ReportManager] Attempting to run locally on: [Mac-64], [Safari], Headless Execution. @09-12-2021 01:57:16.0623 AM
[ReportManager] Successfully Opened Safari. @09-12-2021 01:57:17.0505 AM
[ReportManager] Initial window size: (800, 600) @09-12-2021 01:57:17.0533 AM
[ReportManager] Window size after SWD Maximize: (1176, 803) @09-12-2021 01:57:17.0550 AM
[ReportManager] Browser Action [MaximizeWindow] successfully performed. With the following test data [New screen size is now: (1176, 803)]. @09-12-2021 01:57:17.0550 AM
[ReportManager] Target URL: [https://the-internet.herokuapp.com/] @09-12-2021 01:57:17.0550 AM
[ReportManager] Initial URL: [] @09-12-2021 01:57:17.0626 AM
[ReportManager] Browser Action [NavigateToURL] successfully performed. With the following test data [https://the-internet.herokuapp.com/]. @09-12-2021 01:57:18.0799 A

################################################################################################################################################
Starting Execution:	[114 out of 146] test cases in the current suite
Test Method:		[testPackage01.Test_NewValidationHelper.f8]
################################################################################################################################################
[ReportManager] Loaded Shared OpenCV @09-12-2021 01:57:19.0020 AM
[ReportManager] Assertion [ValidateElementExists] PASSED. Expected [Element Should Exist, locator 'By.tagName: h1'] and Actual [Element Exists]. Comparison Type [EQUALS]. Validation Type [POSITIVE]. @09-12-2021 01:57:19.0302 AM
[ReportManager] Successfully created attachment [Screenshot - 1639015039020_f8_ValidateElementExists_passed] @09-12-2021 01:57:19.0387 A
[ReportManager] Successfully Closed All Drivers. @09-12-2021 01:57:19.0757 A
[ReportManager] File Action [GetAbsolutePath] successfully performed. With the following test data [Relative Folder Path: "target/downloadedFiles/"]. @09-12-2021 01:57:19.0881 AM
[ReportManager] Attempting to run locally on: [Mac-64], [Safari], Headless Execution. @09-12-2021 01:57:19.0882 AM
[ReportManager] An Exception Occured with this Message: Could not start a new session. Possible causes are invalid address of the remote server or browser start-up failure.. @09-12-2021 01:57:19.0953 AM
[ReportManager] Successfully created attachment [Exception Stack Trace - org.openqa.selenium.SessionNotCreatedException] @09-12-2021 01:57:19.0994 AM
[ReportManager] Driver Factory Action [createNewLocalDriverInstanceForSafari] failed. With the following test data [Failed to create a session on DESKTOP_SAFARI]. @09-12-2021 01:57:19.0995 A

################################################################################################################################################
Starting Execution:	[115 out of 146] test cases in the current suite
Test Method:		[testPackage01.Test_NewValidationHelper.f9]
###############################################################################################################################################


################################################################################################################################################
Starting Execution:	[116 out of 146] test cases in the current suite
Test Method:		[testPackage01.Test_NewValidationHelper.forceFail]
###############################################################################################################################################

################################################################################################################################################
Starting Execution:	[117 out of 146] test cases in the current suite
Test Method:		[testPackage01.Test_NewValidationHelper.forceFail2]
###############################################################################################################################################

################################################################################################################################################
Starting Execution:	[118 out of 146] test cases in the current suite
Test Method:		[testPackage01.Test_JsonActions.f]
###############################################################################################################################################

################################################################################################################################################
Starting Execution:	[119 out of 146] test cases in the current suite
Test Method:		[testPackage01.Test_JsonActions.f2]
###############################################################################################################################################

################################################################################################################################################
Starting Execution:	[120 out of 146] test cases in the current suite
Test Method:		[testPackage01.Test_sendGraphqlRequest.sendGraphqlRequestUsingMutationAndVariables]
################################################################################################################################################
[ReportManager] GraphQl Request is being Performed with the Following Parameters [Service URL: https://api.spacex.land/graphql | Request Body: {"variables":"{\"name\": \"sherlock holmes\",\"rocket\": \"221B Baker Street\"}","query":"mutation ($name: String, $rocket: String) {\n  insert_users(objects: {name: $name, rocket: $rocket}) {\n    returning {\n      name\n      rocket\n    }\n  }\n}"}] @09-12-2021 01:57:20.0942 AM
[ReportManager] Response status code: [200], status line: [HTTP/1.1 200 OK] @09-12-2021 01:57:21.0499 AM
[ReportManager] Assertion Passed: Evaluating the actual response status code against the expected one... @09-12-2021 01:57:21.0499 AM
[ReportManager] Assertion [ValidateComparativeRelation] PASSED. Expected [200] and Actual [200]. Comparison Type [EQUALS]. Validation Type [POSITIVE]. @09-12-2021 01:57:21.0499 AM
[ReportManager] API Action [PerformRequest] successfully performed. With the following test data [Request Type: "POST" | Target Status Code: "200" | Service URL: "https://api.spacex.land/graphql" | Content Type: "application/json" | Response Time: "457ms"]. @09-12-2021 01:57:21.0529 AM
[ReportManager] Successfully created attachment [API Request - Specifications] @09-12-2021 01:57:21.0571 AM
[ReportManager] Successfully created attachment [API Request - JSON Body] @09-12-2021 01:57:21.0654 AM
[ReportManager] Successfully created attachment [API Response - JSON Body] @09-12-2021 01:57:21.0696 AM
[ReportManager] API Action [GetResponseJSONValue] successfully performed. With the following test data [data.insert_users.returning[0].name]. @09-12-2021 01:57:21.0744 AM
[ReportManager] Assertion [ValidateEquals] PASSED. Expected [sherlock holmes] and Actual [sherlock holmes]. Comparison Type [EQUALS]. Validation Type [POSITIVE]. @09-12-2021 01:57:21.0745 A

################################################################################################################################################
Starting Execution:	[121 out of 146] test cases in the current suite
Test Method:		[testPackage01.Test_sendGraphqlRequest.sendGraphqlRequestUsingQuery]
################################################################################################################################################
[ReportManager] GraphQl Request is being Performed with the Following Parameters [Service URL: https://api.spacex.land/graphql | Request Body: {"query":"{company {ceo}}"}] @09-12-2021 01:57:21.0871 AM
[ReportManager] Response status code: [200], status line: [HTTP/1.1 200 OK] @09-12-2021 01:57:22.0149 AM
[ReportManager] Assertion Passed: Evaluating the actual response status code against the expected one... @09-12-2021 01:57:22.0149 AM
[ReportManager] Assertion [ValidateComparativeRelation] PASSED. Expected [200] and Actual [200]. Comparison Type [EQUALS]. Validation Type [POSITIVE]. @09-12-2021 01:57:22.0149 AM
[ReportManager] API Action [PerformRequest] successfully performed. With the following test data [Request Type: "POST" | Target Status Code: "200" | Service URL: "https://api.spacex.land/graphql" | Content Type: "application/json" | Response Time: "274ms"]. @09-12-2021 01:57:22.0163 AM
[ReportManager] Successfully created attachment [API Request - Specifications] @09-12-2021 01:57:22.0205 AM
[ReportManager] Successfully created attachment [API Request - JSON Body] @09-12-2021 01:57:22.0289 AM
[ReportManager] Successfully created attachment [API Response - JSON Body] @09-12-2021 01:57:22.0331 AM
[ReportManager] API Action [GetResponseJSONValue] successfully performed. With the following test data [data.company.ceo]. @09-12-2021 01:57:22.0353 AM
[ReportManager] Assertion [ValidateEquals] PASSED. Expected [Elon Musk] and Actual [Elon Musk]. Comparison Type [EQUALS]. Validation Type [POSITIVE]. @09-12-2021 01:57:22.0353 A

################################################################################################################################################
Starting Execution:	[122 out of 146] test cases in the current suite
Test Method:		[testPackage01.Test_MatchJsonSchema.checkAPI_ResponseSchema]
################################################################################################################################################
[ReportManager] Response status code: [200], status line: [HTTP/1.1 200 OK] @09-12-2021 01:57:22.0604 AM
[ReportManager] Assertion Passed: Evaluating the actual response status code against the expected one... @09-12-2021 01:57:22.0604 AM
[ReportManager] Assertion [ValidateComparativeRelation] PASSED. Expected [200] and Actual [200]. Comparison Type [EQUALS]. Validation Type [POSITIVE]. @09-12-2021 01:57:22.0604 AM
[ReportManager] API Action [PerformRequest] successfully performed. With the following test data [Request Type: "GET" | Target Status Code: "200" | Service URL: "http://api.zippopotam.us/us/90210" | Content Type: "*/*" | Response Time: "115ms"]. @09-12-2021 01:57:22.0627 AM
[ReportManager] Successfully created attachment [API Request - Specifications] @09-12-2021 01:57:22.0669 AM
[ReportManager] Successfully created attachment [API Response - JSON Body] @09-12-2021 01:57:22.0751 AM
[ReportManager] File Action [GetAbsolutePath] successfully performed. With the following test data [Relative Folder Path: "src/test/resources/testDataFiles/schema.json"]. @09-12-2021 01:57:22.0754 AM
[ReportManager] File Action [GetAbsolutePath] successfully performed. With the following test data [Relative Folder Path: "/Users/runner/work/SHAFT_ENGINE/SHAFT_ENGINE/src/test/resources/testDataFiles/schema.json"]. @09-12-2021 01:57:24.0038 AM
[ReportManager] File Action [ReadFromFile] successfully performed. With the following test data [File Path: "/Users/runner/work/SHAFT_ENGINE/SHAFT_ENGINE/src/test/resources/testDataFiles/schema.json"]. @09-12-2021 01:57:24.0038 AM
[ReportManager] Assertion Passed: Then I Assert that the API response schema matches that in this file [src/test/resources/testDataFiles/schema.json]. @09-12-2021 01:57:24.0040 AM
[ReportManager] Successfully created attachment [Validation Test Data - Expected JSON Value] @09-12-2021 01:57:24.0082 AM
[ReportManager] Successfully created attachment [Validation Test Data - Actual JSON Value] @09-12-2021 01:57:24.0123 AM
[ReportManager] Assertion [ValidateResponseFileSchema] PASSED. Expected [Response data should match the JSON File in this path '/Users/runner/work/SHAFT_ENGINE/SHAFT_ENGINE/src/test/resources/testDataFiles/schema.json'] and Actual [TRUE]. Comparison Type [EQUALS]. Validation Type [POSITIVE]. @09-12-2021 01:57:24.0123 A
[ReportManager] File Action [GetAbsolutePath] successfully performed. With the following test data [Relative Folder Path: "target/downloadedFiles/"]. @09-12-2021 01:57:24.0128 AM
[ReportManager] Attempting to run locally on: [Mac-64], [Safari], Headless Execution. @09-12-2021 01:57:24.0129 AM
[ReportManager] Successfully Opened Safari. @09-12-2021 01:57:25.0187 AM
[ReportManager] Initial window size: (800, 600) @09-12-2021 01:57:25.0197 AM
[ReportManager] Window size after SWD Maximize: (1176, 803) @09-12-2021 01:57:25.0240 AM
[ReportManager] Browser Action [MaximizeWindow] successfully performed. With the following test data [New screen size is now: (1176, 803)]. @09-12-2021 01:57:25.0240 A

################################################################################################################################################
Starting Execution:	[123 out of 146] test cases in the current suite
Test Method:		[testPackage01.Test_dragAndDrop.dragAndDropJquery]
################################################################################################################################################
[ReportManager] Target URL: [https://jqueryui.com/resources/demos/droppable/default.html] @09-12-2021 01:57:25.0326 AM
[ReportManager] Initial URL: [] @09-12-2021 01:57:25.0363 AM
[ReportManager] Browser Action [NavigateToURL] successfully performed. With the following test data [https://jqueryui.com/resources/demos/droppable/default.html]. @09-12-2021 01:57:25.0919 AM
[ReportManager] Element Action [GetText] successfully performed. With the following test data [
	Drop here
]. @09-12-2021 01:57:26.0016 AM
[ReportManager] Element Action [DragAndDrop] successfully performed. With the following test data [Start point: (8, 18), End point: (8, 18)]. @09-12-2021 01:57:27.0126 AM
[ReportManager] Element Action [GetText] successfully performed. With the following test data [
	Dropped!
]. @09-12-2021 01:57:27.0202 AM
[ReportManager] Assertion Passed: Checking to see if the text has changed after performing drag and drop @09-12-2021 01:57:27.0202 AM
[ReportManager] Assertion [ValidateEquals] PASSED. Expected [
	Drop here
] and Actual [
	Dropped!
]. Comparison Type [EQUALS]. Validation Type [NEGATIVE]. @09-12-2021 01:57:27.0202 A
[ReportManager] Browser Action [CloseCurrentWindow] successfully performed. @09-12-2021 01:57:27.0575 AM
[ReportManager] Successfully created attachment [Browser Action Test Data - CloseCurrentWindow - Actual Value] @09-12-2021 01:57:27.0616 A
[ReportManager] File Action [GetAbsolutePath] successfully performed. With the following test data [Relative Folder Path: "target/downloadedFiles/"]. @09-12-2021 01:57:27.0742 AM
[ReportManager] Attempting to run locally on: [Mac-64], [Safari], Headless Execution. @09-12-2021 01:57:27.0742 AM
[ReportManager] Successfully Opened Safari. @09-12-2021 01:57:28.0739 AM
[ReportManager] Initial window size: (800, 600) @09-12-2021 01:57:28.0749 AM
[ReportManager] Window size after SWD Maximize: (1176, 803) @09-12-2021 01:57:28.0786 AM
[ReportManager] Browser Action [MaximizeWindow] successfully performed. With the following test data [New screen size is now: (1176, 803)]. @09-12-2021 01:57:28.0786 A

################################################################################################################################################
Starting Execution:	[124 out of 146] test cases in the current suite
Test Method:		[testPackage01.Test_dragAndDrop.dragAndDrop]
Test Description:	[TC001 - Test Drag and Drop function.]
################################################################################################################################################
[ReportManager] Target URL: [http://the-internet.herokuapp.com/drag_and_drop] @09-12-2021 01:57:28.0911 AM
[ReportManager] Initial URL: [] @09-12-2021 01:57:28.0957 AM
[ReportManager] Browser Action [NavigateToURL] successfully performed. With the following test data [http://the-internet.herokuapp.com/drag_and_drop]. @09-12-2021 01:57:30.0194 AM
[ReportManager] Attempting Drag and Drop @09-12-2021 01:57:30.0194 AM
[ReportManager] Element Action [DragAndDrop] successfully performed. With the following test data [Start point: (120, 89), End point: (335, 89)]. @09-12-2021 01:57:30.0864 A
[ReportManager] Browser Action [CloseCurrentWindow] successfully performed. @09-12-2021 01:57:31.0226 AM
[ReportManager] Successfully created attachment [Browser Action Test Data - CloseCurrentWindow - Actual Value] @09-12-2021 01:57:31.0267 A
[ReportManager] File Action [GetAbsolutePath] successfully performed. With the following test data [Relative Folder Path: "target/downloadedFiles/"]. @09-12-2021 01:57:31.0353 AM
[ReportManager] Attempting to run locally on: [Mac-64], [Safari], Headless Execution. @09-12-2021 01:57:31.0353 AM
[ReportManager] An Exception Occured with this Message: Could not start a new session. Possible causes are invalid address of the remote server or browser start-up failure.. @09-12-2021 01:57:31.0570 AM
[ReportManager] Successfully created attachment [Exception Stack Trace - org.openqa.selenium.SessionNotCreatedException] @09-12-2021 01:57:31.0612 AM
[ReportManager] Driver Factory Action [createNewLocalDriverInstanceForSafari] failed. With the following test data [Failed to create a session on DESKTOP_SAFARI]. @09-12-2021 01:57:31.0613 A

################################################################################################################################################
Starting Execution:	[125 out of 146] test cases in the current suite
Test Method:		[testPackage01.Test_dragAndDrop.dragAndDropByOffset]
Test Description:	[TC002 - Test Drag and Drop by offset function.]
###############################################################################################################################################

[ReportManager] Successfully loaded the following test data file [src/test/resources/testDataFiles/testSuite01/TestData.xlsx]. @09-12-2021 01:57:32.0024 AM
[ReportManager] Successfully created attachment [Test Data - Excel] @09-12-2021 01:57:32.0106 AM
[ReportManager] File Action [GetAbsolutePath] successfully performed. With the following test data [Relative Folder Path: "target/downloadedFiles/"]. @09-12-2021 01:57:32.0106 AM
[ReportManager] Attempting to run locally on: [Mac-64], [Safari], Headless Execution. @09-12-2021 01:57:32.0107 AM
[ReportManager] An Exception Occured with this Message: Could not start a new session. Possible causes are invalid address of the remote server or browser start-up failure.. @09-12-2021 01:57:32.0201 AM
[ReportManager] Successfully created attachment [Exception Stack Trace - org.openqa.selenium.SessionNotCreatedException] @09-12-2021 01:57:32.0243 AM
[ReportManager] Driver Factory Action [createNewLocalDriverInstanceForSafari] failed. With the following test data [Failed to create a session on DESKTOP_SAFARI]. @09-12-2021 01:57:32.0243 A

################################################################################################################################################
Starting Execution:	[126 out of 146] test cases in the current suite
Test Method:		[testPackage01.Test_google.navigateToURLandVerifyGoogleLogoIsDisplayed]
Test Description:	[TC001 - Navigate to URL and Verify Google Logo is Displayed]
###############################################################################################################################################

################################################################################################################################################
Starting Execution:	[127 out of 146] test cases in the current suite
Test Method:		[testPackage01.Test_google.searchForQueryandAssertResultsNumDisplayed]
Test Description:	[TC002 - Search for Query and Assert that the number of results is displayed]
###############################################################################################################################################

################################################################################################################################################
Starting Execution:	[128 out of 146] test cases in the current suite
Test Method:		[testPackage01.Test_google.clickNextThrice]
Test Description:	[TC003 - Clicks the next button to make sure that the framework can scroll element into view before clicking it]
###############################################################################################################################################

[ReportManager] File Action [GetAbsolutePath] successfully performed. With the following test data [Relative Folder Path: "target/downloadedFiles/"]. @09-12-2021 01:57:32.0754 AM
[ReportManager] Attempting to run locally on: [Mac-64], [Safari], Headless Execution. @09-12-2021 01:57:32.0755 AM
[ReportManager] Successfully Opened Safari. @09-12-2021 01:57:33.0674 AM
[ReportManager] Initial window size: (800, 600) @09-12-2021 01:57:33.0685 AM
[ReportManager] Window size after SWD Maximize: (1176, 803) @09-12-2021 01:57:33.0700 AM
[ReportManager] Browser Action [MaximizeWindow] successfully performed. With the following test data [New screen size is now: (1176, 803)]. @09-12-2021 01:57:33.0700 A

################################################################################################################################################
Starting Execution:	[129 out of 146] test cases in the current suite
Test Method:		[testPackage01.Test_chainableElementActions.chainElementActions]
################################################################################################################################################
[ReportManager] Target URL: [https://www.google.com/ncr], and after redirection: [https://www.google.com] @09-12-2021 01:57:33.0825 AM
[ReportManager] Initial URL: [] @09-12-2021 01:57:33.0862 AM
[ReportManager] Browser Action [NavigateToURL] successfully performed. With the following test data [https://www.google.com/ncr]. @09-12-2021 01:57:36.0202 AM
[ReportManager] Element Action [Type] successfully performed. With the following test data [chained type 1]. @09-12-2021 01:57:36.0492 AM
[ReportManager] Element Action [Type] successfully performed. With the following test data [chained type 2]. @09-12-2021 01:57:36.0789 AM
[ReportManager] Element Action [TypeAppend] successfully performed. With the following test data [345]. @09-12-2021 01:57:36.0840 AM
[ReportManager] Element Action [GetText] successfully performed. With the following test data [chained type 2345]. @09-12-2021 01:57:36.0893 AM
[ReportManager] Loaded Shared OpenCV @09-12-2021 01:57:36.0961 AM
[ReportManager] Assertion Passed: Then I Assert that the element found by [By.name: q] text is equal to [chained type 2345]. @09-12-2021 01:57:37.0237 AM
[ReportManager] Successfully created attachment [Screenshot - 1639015056961_chainElementActions_ValidateElementAttribute_passed] @09-12-2021 01:57:37.0321 AM
[ReportManager] Assertion [ValidateElementAttribute] PASSED. Expected [Value Should be 'chained type 2345' for the 'text' attribute, element locator 'By.name: q'] and Actual [chained type 2345]. Comparison Type [EQUALS]. Validation Type [POSITIVE]. @09-12-2021 01:57:37.0321 A
[ReportManager] Successfully Closed All Drivers. @09-12-2021 01:57:37.0617 A
[ReportManager] File Action [GetAbsolutePath] successfully performed. With the following test data [Relative Folder Path: "target/downloadedFiles/"]. @09-12-2021 01:57:37.0743 AM
[ReportManager] Attempting to run locally on: [Mac-64], [Safari], Headless Execution. @09-12-2021 01:57:37.0743 AM
[ReportManager] Successfully Opened Safari. @09-12-2021 01:57:38.0606 AM
[ReportManager] Initial window size: (800, 600) @09-12-2021 01:57:38.0624 AM
[ReportManager] Window size after SWD Maximize: (1176, 803) @09-12-2021 01:57:38.0655 AM
[ReportManager] Browser Action [MaximizeWindow] successfully performed. With the following test data [New screen size is now: (1176, 803)]. @09-12-2021 01:57:38.0656 A

################################################################################################################################################
Starting Execution:	[130 out of 146] test cases in the current suite
Test Method:		[testPackage01.Test_RelativeLocators.relativeLocatorsTest1]
################################################################################################################################################
[ReportManager] Target URL: [https://duckduckgo.com/] @09-12-2021 01:57:38.0825 AM
[ReportManager] Initial URL: [] @09-12-2021 01:57:38.0862 AM
[ReportManager] Browser Action [NavigateToURL] successfully performed. With the following test data [https://duckduckgo.com/]. @09-12-2021 01:57:39.0693 AM
[ReportManager] Element Action [Type] successfully performed. With the following test data [SHAFT_Engine]. @09-12-2021 01:57:40.0004 AM
[ReportManager] Element Action [KeyPress] successfully performed. With the following test data [ENTER]. @09-12-2021 01:57:40.0099 AM
[ReportManager] Element Action [GetText] successfully performed. With the following test data [GitHub - MohabMohie/SHAFT_ENGINE: SHAFT_ENGINE is a Test ...]. @09-12-2021 01:57:41.0853 AM
[ReportManager] Loaded Shared OpenCV @09-12-2021 01:57:41.0992 AM
[ReportManager] Assertion Passed: Then I Assert that the element found by [Relative Locator: {root={xpath=//a[@class='result__a js-result-title-link']}, filters=[{kind=below, args=[{xpath=//input[@name='q']}]}]}] text does not equal []. @09-12-2021 01:57:42.0504 AM
[ReportManager] Successfully created attachment [Screenshot - 1639015061992_relativeLocatorsTest1_ValidateElementAttribute_passed] @09-12-2021 01:57:42.0625 AM
[ReportManager] Assertion [ValidateElementAttribute] PASSED. Expected [Value Should not be '' for the 'text' attribute, element locator '[unknown locator]'] and Actual [GitHub - MohabMohie/SHAFT_ENGINE: SHAFT_ENGINE is a Test ...]. Comparison Type [EQUALS]. Validation Type [NEGATIVE]. @09-12-2021 01:57:42.0625 A
[ReportManager] Browser Action [CloseCurrentWindow] successfully performed. @09-12-2021 01:57:43.0314 AM
[ReportManager] Successfully created attachment [Browser Action Test Data - CloseCurrentWindow - Actual Value] @09-12-2021 01:57:43.0405 A

################################################################################################################################################
Starting Execution:	[131 out of 146] test cases in the current suite
Test Method:		[testPackage01.Test_JsonCompareWithSpecialCharacters.specialCharacters]
################################################################################################################################################
[ReportManager] File Action [GetAbsolutePath] successfully performed. With the following test data [Relative Folder Path: "src/test/resources/testDataFiles/specialCharacters.json"]. @09-12-2021 01:57:43.0653 AM
[ReportManager] File Action [ReadFromFile] successfully performed. With the following test data [File Path: "/Users/runner/work/SHAFT_ENGINE/SHAFT_ENGINE/src/test/resources/testDataFiles/specialCharacters.json"]. @09-12-2021 01:57:43.0653 AM
[ReportManager] Successfully created attachment [File Action Actual Result - Command Log] @09-12-2021 01:57:43.0732 AM
[ReportManager] Comparing the provided API response with the file at this path "src/test/resources/testDataFiles/specialCharacters.json", comparison type "EQUALS" @09-12-2021 01:57:43.0734 AM
[ReportManager] API Action [CompareJSON] successfully performed. With the following test data [src/test/resources/testDataFiles/specialCharacters.json]. @09-12-2021 01:57:43.0743 AM
[ReportManager] File Action [GetAbsolutePath] successfully performed. With the following test data [Relative Folder Path: "src/test/resources/testDataFiles/specialCharacters.json"]. @09-12-2021 01:57:43.0743 AM
[ReportManager] File Action [ReadFromFile] successfully performed. With the following test data [File Path: "/Users/runner/work/SHAFT_ENGINE/SHAFT_ENGINE/src/test/resources/testDataFiles/specialCharacters.json"]. @09-12-2021 01:57:43.0744 AM
[ReportManager] Verification [ValidateJSONFileContent] PASSED. Expected [Response data should match the JSON File in this path 'src/test/resources/testDataFiles/specialCharacters.json'] and Actual [TRUE]. Comparison Type [EQUALS]. Validation Type [POSITIVE]. @09-12-2021 01:57:43.0749 AM
[ReportManager] Successfully created attachment [Validation Test Data - Expected JSON Value] @09-12-2021 01:57:43.0865 AM
[ReportManager] Successfully created attachment [Validation Test Data - Actual JSON Value] @09-12-2021 01:57:43.0987 A

################################################################################################################################################
Starting Execution:	[132 out of 146] test cases in the current suite
Test Method:		[testPackage01.Test_JsonCompareWithSpecialCharacters.specialCharacters_assertion]
################################################################################################################################################
[ReportManager] File Action [GetAbsolutePath] successfully performed. With the following test data [Relative Folder Path: "src/test/resources/testDataFiles/specialCharacters.json"]. @09-12-2021 01:57:44.0235 AM
[ReportManager] File Action [ReadFromFile] successfully performed. With the following test data [File Path: "/Users/runner/work/SHAFT_ENGINE/SHAFT_ENGINE/src/test/resources/testDataFiles/specialCharacters.json"]. @09-12-2021 01:57:44.0235 AM
[ReportManager] Successfully created attachment [File Action Actual Result - Command Log] @09-12-2021 01:57:44.0352 AM
[ReportManager] Comparing the provided API response with the file at this path "src/test/resources/testDataFiles/specialCharacters.json", comparison type "CONTAINS" @09-12-2021 01:57:44.0352 AM
[ReportManager] API Action [CompareJSON] successfully performed. With the following test data [src/test/resources/testDataFiles/specialCharacters.json]. @09-12-2021 01:57:44.0362 AM
[ReportManager] File Action [GetAbsolutePath] successfully performed. With the following test data [Relative Folder Path: "src/test/resources/testDataFiles/specialCharacters.json"]. @09-12-2021 01:57:44.0362 AM
[ReportManager] File Action [ReadFromFile] successfully performed. With the following test data [File Path: "/Users/runner/work/SHAFT_ENGINE/SHAFT_ENGINE/src/test/resources/testDataFiles/specialCharacters.json"]. @09-12-2021 01:57:44.0362 AM
[ReportManager] Assertion Passed: trying out the log message @09-12-2021 01:57:44.0367 AM
[ReportManager] Successfully created attachment [Validation Test Data - Expected JSON Value] @09-12-2021 01:57:44.0473 AM
[ReportManager] Successfully created attachment [Validation Test Data - Actual JSON Value] @09-12-2021 01:57:44.0594 AM
[ReportManager] Assertion [ValidateJSONFileContent] PASSED. Expected [Response data should match the JSON File in this path 'src/test/resources/testDataFiles/specialCharacters.json'] and Actual [TRUE]. Comparison Type [CONTAINS]. Validation Type [POSITIVE]. @09-12-2021 01:57:44.0594 A

################################################################################################################################################
Starting Execution:	[133 out of 146] test cases in the current suite
Test Method:		[testPackage01.Test_SkipDueToIssue.doNotSkip]
################################################################################################################################################
[ReportManager] This should not be skipped. @09-12-2021 01:57:44.0839 A

################################################################################################################################################
Starting Execution:	[134 out of 146] test cases in the current suite
Test Method:		[testPackage01.Test_SkipDueToIssue.skip]
################################################################################################################################################
[ReportManager] This should be skipped. @09-12-2021 01:57:44.0931 A

################################################################################################################################################
Starting Execution:	[135 out of 146] test cases in the current suite
Test Method:		[testPackage01.Test_SkipDueToIssue.skip2]
################################################################################################################################################
[ReportManager] This should be skipped. @09-12-2021 01:57:45.0218 A

################################################################################################################################################
Starting Execution:	[136 out of 146] test cases in the current suite
Test Method:		[testPackage01.Test_JSONFileManager.readStringFromJson]
################################################################################################################################################
[ReportManager] File Action [GetAbsolutePath] successfully performed. With the following test data [Relative Folder Path: "src/test/resources/testDataFiles/simpleJSON.json"]. @09-12-2021 01:57:45.0591 AM
[ReportManager] Successfully loaded the following test data file [src/test/resources/testDataFiles/simpleJSON.json]. @09-12-2021 01:57:45.0592 AM
[ReportManager] Successfully created attachment [Test Data - JSON] @09-12-2021 01:57:45.0788 AM
[ReportManager] File Action [GetAbsolutePath] successfully performed. With the following test data [Relative Folder Path: "src/test/resources/testDataFiles/simpleJSON.json"]. @09-12-2021 01:57:45.0790 AM
[ReportManager] Assertion [ValidateEquals] PASSED. Expected [Mohab Mohie] and Actual [Mohab Mohie]. Comparison Type [EQUALS]. Validation Type [POSITIVE]. @09-12-2021 01:57:45.0803 A
[ReportManager] File Action [GetAbsolutePath] successfully performed. With the following test data [Relative Folder Path: "target/downloadedFiles/"]. @09-12-2021 01:57:46.0152 AM
[ReportManager] Attempting to run locally on: [Mac-64], [Safari], Headless Execution. @09-12-2021 01:57:46.0152 AM
[ReportManager] An Exception Occured with this Message: Could not start a new session. Possible causes are invalid address of the remote server or browser start-up failure.. @09-12-2021 01:57:46.0350 AM
[ReportManager] Successfully created attachment [Exception Stack Trace - org.openqa.selenium.SessionNotCreatedException] @09-12-2021 01:57:46.0554 AM
[ReportManager] Driver Factory Action [createNewLocalDriverInstanceForSafari] failed. With the following test data [Failed to create a session on DESKTOP_SAFARI]. @09-12-2021 01:57:46.0555 A

################################################################################################################################################
Starting Execution:	[137 out of 146] test cases in the current suite
Test Method:		[testPackage01.Test_assertEquals.test_assertElementAttribute]
###############################################################################################################################################

[ReportManager] File Action [GetAbsolutePath] successfully performed. With the following test data [Relative Folder Path: "target/downloadedFiles/"]. @09-12-2021 01:57:47.0453 AM
[ReportManager] Attempting to run locally on: [Mac-64], [Safari], Headless Execution. @09-12-2021 01:57:47.0453 AM
[ReportManager] Successfully Opened Safari. @09-12-2021 01:57:48.0671 AM
[ReportManager] Initial window size: (800, 600) @09-12-2021 01:57:48.0720 AM
[ReportManager] Window size after SWD Maximize: (1176, 803) @09-12-2021 01:57:48.0889 AM
[ReportManager] Browser Action [MaximizeWindow] successfully performed. With the following test data [New screen size is now: (1176, 803)]. @09-12-2021 01:57:48.0891 A

################################################################################################################################################
Starting Execution:	[138 out of 146] test cases in the current suite
Test Method:		[testPackage01.Test_IsElementClickable.testIsElementClickable]
################################################################################################################################################
[ReportManager] Target URL: [https://the-internet.herokuapp.com/] @09-12-2021 01:57:49.0114 AM
[ReportManager] Initial URL: [] @09-12-2021 01:57:49.0186 AM
[ReportManager] Browser Action [NavigateToURL] successfully performed. With the following test data [https://the-internet.herokuapp.com/]. @09-12-2021 01:57:50.0740 AM
[ReportManager] Element Action [IsElementClickable] successfully performed. @09-12-2021 01:57:50.0901 AM
[ReportManager] Assertion [ValidateTrue] PASSED. Expected [TRUE] and Actual [TRUE]. Validation Type [POSITIVE]. @09-12-2021 01:57:50.0902 A
[ReportManager] Browser Action [CloseCurrentWindow] successfully performed. @09-12-2021 01:57:51.0303 AM
[ReportManager] Successfully created attachment [Browser Action Test Data - CloseCurrentWindow - Actual Value] @09-12-2021 01:57:51.0395 A
[ReportManager] Successfully loaded the following test data file [src/test/resources/testDataFiles/testSuite01/TestData.xlsx]. @09-12-2021 01:57:51.0669 AM
[ReportManager] Successfully created attachment [Test Data - Excel] @09-12-2021 01:57:51.0841 AM
[ReportManager] Attempting to run using Playwright locally on: [Mac-64], [Safari], Headless Execution. @09-12-2021 01:59:48.0087 AM
[ReportManager] File Action [GetAbsolutePath] successfully performed. With the following test data [Relative Folder Path: "target/downloadedFiles/"]. @09-12-2021 01:59:48.0090 AM
[ReportManager] Initial window size: (1280, 720) @09-12-2021 01:59:53.0356 AM
[ReportManager] Window size after Toolkit: com.microsoft.playwright.options.ViewportSize@4bb8a22d @09-12-2021 01:59:53.0365 AM
[ReportManager] Browser Action [MaximizeWindow] successfully performed. With the following test data [New screen size is now: (1920, 1080)]. @09-12-2021 01:59:53.0366 A

################################################################################################################################################
Starting Execution:	[139 out of 146] test cases in the current suite
Test Method:		[testPackage01.Test_google_playwright.navigateToURLandVerifyGoogleLogoIsDisplayed]
Test Description:	[TC001 - Navigate to URL and Verify Google Logo is Displayed]
################################################################################################################################################
[ReportManager] Target URL: [https://www.google.com/ncr], and after redirection: [https://www.google.com] @09-12-2021 01:59:53.0548 AM
[ReportManager] Initial URL: [about:blank] @09-12-2021 01:59:53.0964 AM
[ReportManager] Browser Action [NavigateToURL] successfully performed. With the following test data [https://www.google.com/ncr]. @09-12-2021 01:59:56.0911 AM
[ReportManager] Loaded Shared OpenCV @09-12-2021 01:59:57.0041 AM
[ReportManager] Assertion [ValidateElementExists] PASSED. Expected [Element Should Exist, locator 'xpath=//*[@id='hplogo' or @alt='Google']'] and Actual [Element Exists]. Comparison Type [EQUALS]. Validation Type [POSITIVE]. @09-12-2021 01:59:57.0277 AM
[ReportManager] Successfully created attachment [Screenshot - 1639015197037_navigateToURLandVerifyGoogleLogoIsDisplayed_ValidateElementExists_passed] @09-12-2021 01:59:57.0278 A

################################################################################################################################################
Starting Execution:	[140 out of 146] test cases in the current suite
Test Method:		[testPackage01.Test_google_playwright.searchForQueryandAssertResultsNumDisplayed]
Test Description:	[TC002 - Search for Query and Assert that the number of results is displayed]
################################################################################################################################################
[ReportManager] Element Action [Type] successfully performed. With the following test data [SHAFT_Engine]. @09-12-2021 01:59:57.0522 AM
[ReportManager] Element Action [KeyPress] successfully performed. With the following test data [Enter]. @09-12-2021 01:59:57.0573 AM
[ReportManager] Element Action [GetText] successfully performed. With the following test data [About 627,000 results (0.59 seconds)
]. @09-12-2021 01:59:58.0555 AM
[ReportManager] Loaded Shared OpenCV @09-12-2021 02:00:00.0835 AM
[ReportManager] Assertion [ValidateElementAttribute] PASSED. Expected [Value Should not be '' for the 'text' attribute, element locator 'xpath=//div[@id='appbar']'] and Actual [About 627,000 results (0.59 seconds)
]. Comparison Type [EQUALS]. Validation Type [NEGATIVE]. @09-12-2021 02:00:01.0064 AM
[ReportManager] Successfully created attachment [Screenshot - 1639015200831_searchForQueryandAssertResultsNumDisplayed_ValidateElementAttribute_passed] @09-12-2021 02:00:01.0069 A

################################################################################################################################################
Starting Execution:	[141 out of 146] test cases in the current suite
Test Method:		[testPackage01.Test_google_playwright.clickNextThrice]
Test Description:	[TC003 - Clicks the next button to make sure that the framework can scroll element into view before clicking it]
################################################################################################################################################
[ReportManager] Element Action [Click] successfully performed. With the following test data [Next]. @09-12-2021 02:00:01.0640 A
[ReportManager] Failed to find video recording. @09-12-2021 02:00:01.0642 AM
[ReportManager] Successfully Closed PlayWright Driver. @09-12-2021 02:00:01.0756 A
[ReportManager] File Action [GetAbsolutePath] successfully performed. With the following test data [Relative Folder Path: "target/downloadedFiles/"]. @09-12-2021 02:00:01.0785 AM
[ReportManager] Attempting to run locally on: [Mac-64], [Safari], Headless Execution. @09-12-2021 02:00:01.0785 AM
[ReportManager] Successfully Opened Safari. @09-12-2021 02:00:03.0542 AM
[ReportManager] Initial window size: (800, 600) @09-12-2021 02:00:03.0653 AM
[ReportManager] Window size after SWD Maximize: (1176, 803) @09-12-2021 02:00:03.0725 AM
[ReportManager] Browser Action [MaximizeWindow] successfully performed. With the following test data [New screen size is now: (1176, 803)]. @09-12-2021 02:00:03.0735 A

################################################################################################################################################
Starting Execution:	[142 out of 146] test cases in the current suite
Test Method:		[testPackage01.Test_verifyEquals.test_assertElementAttribute]
################################################################################################################################################
[ReportManager] Target URL: [https://www.google.com/ncr], and after redirection: [https://www.google.com] @09-12-2021 02:00:06.0005 AM
[ReportManager] Initial URL: [] @09-12-2021 02:00:06.0036 AM
[ReportManager] Browser Action [NavigateToURL] successfully performed. With the following test data [https://www.google.com/ncr]. @09-12-2021 02:00:09.0206 AM
[ReportManager] Element Action [Type] successfully performed. With the following test data [INC_004010050:Another SCHEDULER with the same name [Duplicate Job Name] already exists.]. @09-12-2021 02:00:10.0412 AM
[ReportManager] Element Action [GetText] successfully performed. With the following test data [INC_004010050:Another SCHEDULER with the same name [Duplicate Job Name] already exists.]. @09-12-2021 02:00:10.0706 AM
[ReportManager] Loaded Shared OpenCV @09-12-2021 02:00:10.0848 AM
[ReportManager] Verification [ValidateElementAttribute] PASSED. Expected [Value Should be 'INC_004010050:Another SCHEDULER with the same name \[Duplicate Job Name\] already exists.' for the 'text' attribute, element locator 'By.name: q'] and Actual [INC_004010050:Another SCHEDULER with the same name [Duplicate Job Name] already exists.]. Comparison Type [MATCHES]. Validation Type [POSITIVE]. @09-12-2021 02:00:11.0088 AM
[ReportManager] Successfully created attachment [Screenshot - 1639015210848_test_assertElementAttribute_ValidateElementAttribute_passed] @09-12-2021 02:00:11.0090 A
[ReportManager] Browser Action [CloseCurrentWindow] successfully performed. @09-12-2021 02:00:11.0587 AM
[ReportManager] Successfully created attachment [Browser Action Test Data - CloseCurrentWindow - Actual Value] @09-12-2021 02:00:11.0590 A

################################################################################################################################################
Starting Execution:	[143 out of 146] test cases in the current suite
Test Method:		[testPackage01.Test_SelectedValue.multipleSelect]
################################################################################################################################################
[ReportManager] File Action [GetAbsolutePath] successfully performed. With the following test data [Relative Folder Path: "target/downloadedFiles/"]. @09-12-2021 02:00:11.0607 AM
[ReportManager] Attempting to run locally on: [Mac-64], [GoogleChrome], Headless Execution. @09-12-2021 02:00:11.0609 AM
[ReportManager] Identifying OS/Driver combination and selecting the correct driver version automatically. Please note that if a new driver executable will be downloaded it may take some time... @09-12-2021 02:00:11.0609 AM
[ReportManager] Successfully Opened Google Chrome. @09-12-2021 02:00:16.0729 AM
[ReportManager] Initial window size: (1920, 1080) @09-12-2021 02:00:16.0736 AM
[ReportManager] Window size after SWD Maximize: (1920, 1080) @09-12-2021 02:00:16.0920 AM
[ReportManager] Window size after Toolkit: (1920, 1080) @09-12-2021 02:00:17.0400 AM
[ReportManager] Browser Action [MaximizeWindow] successfully performed. With the following test data [New screen size is now: (1920, 1080)]. @09-12-2021 02:00:17.0408 AM
[ReportManager] Target URL: [https://yari-demos.prod.mdn.mozit.cloud/en-US/docs/Web/HTML/Element/select/_sample_.Advanced_select_with_multiple_features.html] @09-12-2021 02:00:17.0409 AM
[ReportManager] Initial URL: [data:,] @09-12-2021 02:00:17.0456 AM
[ReportManager] Browser Action [NavigateToURL] successfully performed. With the following test data [https://yari-demos.prod.mdn.mozit.cloud/en-US/docs/Web/HTML/Element/select/_sample_.Advanced_select_with_multiple_features.html]. @09-12-2021 02:00:20.0406 AM
[ReportManager] Element Action [Select] successfully performed. With the following test data [Dog]. @09-12-2021 02:00:20.0638 AM
[ReportManager] Element Action [Select] successfully performed. With the following test data [Cat]. @09-12-2021 02:00:20.0859 AM
[ReportManager] Element Action [GetSelectedText] successfully performed. With the following test data [DogCat]. @09-12-2021 02:00:21.0002 AM
[ReportManager] DogCat @09-12-2021 02:00:21.0003 AM
[ReportManager] Element Action [GetSelectedText] successfully performed. With the following test data [DogCat]. @09-12-2021 02:00:21.0123 AM
[ReportManager] Loaded Shared OpenCV @09-12-2021 02:00:21.0593 AM
[ReportManager] Assertion [ValidateElementAttribute] PASSED. Expected [Value Should be 'DogCat' for the 'selectedText' attribute, element locator 'By.tagName: select'] and Actual [DogCat]. Comparison Type [EQUALS]. Validation Type [POSITIVE]. @09-12-2021 02:00:21.0796 AM
[ReportManager] Successfully created attachment [Screenshot - 1639015221593_multipleSelect_ValidateElementAttribute_passed] @09-12-2021 02:00:21.0797 AM
[ReportManager] Browser Action [CloseCurrentWindow] successfully performed. @09-12-2021 02:00:21.0870 AM
[ReportManager] Successfully created attachment [Browser Action Test Data - CloseCurrentWindow - Actual Value] @09-12-2021 02:00:21.0871 A

################################################################################################################################################
Starting Execution:	[144 out of 146] test cases in the current suite
Test Method:		[testPackage01.Test_SelectedValue.simpleSelect]
################################################################################################################################################
[ReportManager] File Action [GetAbsolutePath] successfully performed. With the following test data [Relative Folder Path: "target/downloadedFiles/"]. @09-12-2021 02:00:21.0878 AM
[ReportManager] Attempting to run locally on: [Mac-64], [GoogleChrome], Headless Execution. @09-12-2021 02:00:21.0878 AM
[ReportManager] Identifying OS/Driver combination and selecting the correct driver version automatically. Please note that if a new driver executable will be downloaded it may take some time... @09-12-2021 02:00:21.0878 AM
[ReportManager] Successfully Opened Google Chrome. @09-12-2021 02:00:22.0727 AM
[ReportManager] Initial window size: (1920, 1080) @09-12-2021 02:00:22.0738 AM
[ReportManager] Window size after SWD Maximize: (1920, 1080) @09-12-2021 02:00:22.0947 AM
[ReportManager] Window size after Toolkit: (1920, 1080) @09-12-2021 02:00:23.0640 AM
[ReportManager] Browser Action [MaximizeWindow] successfully performed. With the following test data [New screen size is now: (1920, 1080)]. @09-12-2021 02:00:23.0645 AM
[ReportManager] Target URL: [https://yari-demos.prod.mdn.mozit.cloud/en-US/docs/Web/HTML/Element/select/_sample_.Basic_select.html] @09-12-2021 02:00:23.0645 AM
[ReportManager] Initial URL: [data:,] @09-12-2021 02:00:23.0697 AM
[ReportManager] Browser Action [NavigateToURL] successfully performed. With the following test data [https://yari-demos.prod.mdn.mozit.cloud/en-US/docs/Web/HTML/Element/select/_sample_.Basic_select.html]. @09-12-2021 02:00:26.0283 AM
[ReportManager] Element Action [Select] successfully performed. With the following test data [Third Value]. @09-12-2021 02:00:26.0563 AM
[ReportManager] Element Action [GetSelectedText] successfully performed. With the following test data [Third Value]. @09-12-2021 02:00:26.0655 AM
[ReportManager] Third Value @09-12-2021 02:00:26.0655 AM
[ReportManager] Element Action [GetSelectedText] successfully performed. With the following test data [Third Value]. @09-12-2021 02:00:26.0750 AM
[ReportManager] Loaded Shared OpenCV @09-12-2021 02:00:27.0141 AM
[ReportManager] Assertion [ValidateElementAttribute] PASSED. Expected [Value Should be 'Third Value' for the 'selectedText' attribute, element locator 'By.tagName: select'] and Actual [Third Value]. Comparison Type [EQUALS]. Validation Type [POSITIVE]. @09-12-2021 02:00:27.0323 AM
[ReportManager] Successfully created attachment [Screenshot - 1639015227141_simpleSelect_ValidateElementAttribute_passed] @09-12-2021 02:00:27.0324 AM
[ReportManager] Browser Action [CloseCurrentWindow] successfully performed. @09-12-2021 02:00:27.0479 AM
[ReportManager] Successfully created attachment [Browser Action Test Data - CloseCurrentWindow - Actual Value] @09-12-2021 02:00:27.0480 A
[ReportManager] File Action [GetAbsolutePath] successfully performed. With the following test data [Relative Folder Path: "target/downloadedFiles/"]. @09-12-2021 02:00:27.0483 AM
[ReportManager] Attempting to run locally on: [Mac-64], [Safari], Headless Execution. @09-12-2021 02:00:27.0483 AM
[ReportManager] Successfully Opened Safari. @09-12-2021 02:00:28.0469 AM
[ReportManager] Initial window size: (800, 600) @09-12-2021 02:00:28.0507 AM
[ReportManager] Window size after SWD Maximize: (1176, 803) @09-12-2021 02:00:28.0545 AM
[ReportManager] Browser Action [MaximizeWindow] successfully performed. With the following test data [New screen size is now: (1176, 803)]. @09-12-2021 02:00:28.0545 A

################################################################################################################################################
Starting Execution:	[145 out of 146] test cases in the current suite
Test Method:		[testPackage01.Test_dynamicLoading.dynamicLoading_elementIsHidden]
################################################################################################################################################
[ReportManager] Target URL: [https://the-internet.herokuapp.com/dynamic_loading/1] @09-12-2021 02:00:28.0549 AM
[ReportManager] Initial URL: [] @09-12-2021 02:00:28.0605 AM
[ReportManager] Browser Action [NavigateToURL] successfully performed. With the following test data [https://the-internet.herokuapp.com/dynamic_loading/1]. @09-12-2021 02:00:29.0893 AM
[ReportManager] Element Action [Click] successfully performed. With the following test data [By.xpath: //button[text()='Start']]. @09-12-2021 02:00:30.0106 AM
[ReportManager] Element Action [GetText] successfully performed. With the following test data [
    Hello World!
  ]. @09-12-2021 02:00:30.0143 A
[ReportManager] Browser Action [CloseCurrentWindow] successfully performed. @09-12-2021 02:00:30.0547 AM
[ReportManager] Successfully created attachment [Browser Action Test Data - CloseCurrentWindow - Actual Value] @09-12-2021 02:00:30.0548 A
[ReportManager] File Action [GetAbsolutePath] successfully performed. With the following test data [Relative Folder Path: "target/downloadedFiles/"]. @09-12-2021 02:00:30.0550 AM
[ReportManager] Attempting to run locally on: [Mac-64], [Safari], Headless Execution. @09-12-2021 02:00:30.0550 AM
[ReportManager] Successfully Opened Safari. @09-12-2021 02:00:31.0436 AM
[ReportManager] Initial window size: (800, 600) @09-12-2021 02:00:31.0473 AM
[ReportManager] Window size after SWD Maximize: (1176, 803) @09-12-2021 02:00:31.0501 AM
[ReportManager] Browser Action [MaximizeWindow] successfully performed. With the following test data [New screen size is now: (1176, 803)]. @09-12-2021 02:00:31.0501 A

################################################################################################################################################
Starting Execution:	[146 out of 146] test cases in the current suite
Test Method:		[testPackage01.Test_dynamicLoading.dynamicLoading_elementIsRendered]
################################################################################################################################################
[ReportManager] Target URL: [https://the-internet.herokuapp.com/dynamic_loading/2] @09-12-2021 02:00:31.0505 AM
[ReportManager] Initial URL: [] @09-12-2021 02:00:31.0610 AM
[ReportManager] Browser Action [NavigateToURL] successfully performed. With the following test data [https://the-internet.herokuapp.com/dynamic_loading/2]. @09-12-2021 02:00:32.0751 AM
[ReportManager] Element Action [Click] successfully performed. With the following test data [By.xpath: //button[text()='Start']]. @09-12-2021 02:00:33.0017 AM
[ReportManager] Element Action [GetText] successfully performed. With the following test data [Hello World!]. @09-12-2021 02:00:38.0208 AM
[ReportManager] Loaded Shared OpenCV @09-12-2021 02:00:38.0279 AM
[ReportManager] Assertion [ValidateElementAttribute] PASSED. Expected [Value Should be 'Hello World!' for the 'text' attribute, element locator 'By.id: finish'] and Actual [Hello World!]. Comparison Type [CONTAINS]. Validation Type [POSITIVE]. @09-12-2021 02:00:38.0370 AM
[ReportManager] Successfully created attachment [Screenshot - 1639015238279_dynamicLoading_elementIsRendered_ValidateElementAttribute_passed] @09-12-2021 02:00:38.0371 A
[ReportManager] Browser Action [CloseCurrentWindow] successfully performed. @09-12-2021 02:00:38.0788 AM
[ReportManager] Successfully created attachment [Browser Action Test Data - CloseCurrentWindow - Actual Value] @09-12-2021 02:00:39.0146 A
[ReportManager] Successfully created attachment [SHAFT Engine Logs - Execution log] @09-12-2021 02:00:39.0234 AM

################################################################################################################################################
This test run was powered by SHAFT Engine Version: [SHAFT Engine v5.4.20211202-BETA]
SHAFT Engine is licensed under the MIT License: [https://github.com/MohabMohie/SHAFT_ENGINE/blob/master/LICENSE].
################################################################################################################################################