################################################################################################################################################
Detected SHAFT Engine Version: [SHAFT Engine v5.4.20211030-BETA]
################################################################################################################################################

################################################################################################################################################
Starting Execution:	[1 out of 143] test cases in the current suite
Test Method:		[unitTests.tests_validations_assertions.assertComparativeRelation_greaterThanOrEquals_false_equals_expectedToFail]
################################################################################################################################################
[ReportManager] Assertion [ValidateComparativeRelation] FAILED. Expected [1] and Actual [1]. Comparison Type [GREATER_THAN_OR_EQUALS]. Validation Type [NEGATIVE]. @01-11-2021 07:27:01.0148 A

################################################################################################################################################
Starting Execution:	[2 out of 143] test cases in the current suite
Test Method:		[unitTests.tests_validations_assertions.assertComparativeRelation_greaterThanOrEquals_false_equals_expectedToPass]
################################################################################################################################################
[ReportManager] Assertion [ValidateComparativeRelation] PASSED. Expected [2] and Actual [1]. Comparison Type [GREATER_THAN_OR_EQUALS]. Validation Type [NEGATIVE]. @01-11-2021 07:27:01.0270 A

################################################################################################################################################
Starting Execution:	[3 out of 143] test cases in the current suite
Test Method:		[unitTests.tests_validations_assertions.assertComparativeRelation_greaterThanOrEquals_false_greaterThan_expectedToFail]
################################################################################################################################################
[ReportManager] Assertion [ValidateComparativeRelation] FAILED. Expected [1] and Actual [2]. Comparison Type [GREATER_THAN_OR_EQUALS]. Validation Type [NEGATIVE]. @01-11-2021 07:27:01.0276 A

################################################################################################################################################
Starting Execution:	[4 out of 143] test cases in the current suite
Test Method:		[unitTests.tests_validations_assertions.assertComparativeRelation_greaterThanOrEquals_false_greaterThan_expectedToPass]
################################################################################################################################################
[ReportManager] Assertion [ValidateComparativeRelation] PASSED. Expected [2] and Actual [1]. Comparison Type [GREATER_THAN_OR_EQUALS]. Validation Type [NEGATIVE]. @01-11-2021 07:27:01.0286 A

################################################################################################################################################
Starting Execution:	[5 out of 143] test cases in the current suite
Test Method:		[unitTests.tests_validations_assertions.assertComparativeRelation_greaterThanOrEquals_true_equals_expectedToFail]
################################################################################################################################################
[ReportManager] Assertion [ValidateComparativeRelation] FAILED. Expected [1] and Actual [0]. Comparison Type [GREATER_THAN_OR_EQUALS]. Validation Type [POSITIVE]. @01-11-2021 07:27:01.0292 A

################################################################################################################################################
Starting Execution:	[6 out of 143] test cases in the current suite
Test Method:		[unitTests.tests_validations_assertions.assertComparativeRelation_greaterThanOrEquals_true_equals_expectedToPass]
################################################################################################################################################
[ReportManager] Assertion [ValidateComparativeRelation] PASSED. Expected [1] and Actual [1]. Comparison Type [GREATER_THAN_OR_EQUALS]. Validation Type [POSITIVE]. @01-11-2021 07:27:01.0297 A

################################################################################################################################################
Starting Execution:	[7 out of 143] test cases in the current suite
Test Method:		[unitTests.tests_validations_assertions.assertComparativeRelation_greaterThanOrEquals_true_greaterThan_expectedToFail]
################################################################################################################################################
[ReportManager] Assertion [ValidateComparativeRelation] FAILED. Expected [2] and Actual [1]. Comparison Type [GREATER_THAN_OR_EQUALS]. Validation Type [POSITIVE]. @01-11-2021 07:27:01.0303 A

################################################################################################################################################
Starting Execution:	[8 out of 143] test cases in the current suite
Test Method:		[unitTests.tests_validations_assertions.assertComparativeRelation_greaterThanOrEquals_true_greaterThan_expectedToPass]
################################################################################################################################################
[ReportManager] Assertion [ValidateComparativeRelation] PASSED. Expected [1] and Actual [2]. Comparison Type [GREATER_THAN_OR_EQUALS]. Validation Type [POSITIVE]. @01-11-2021 07:27:01.0309 A
[ReportManager] File Action [GetAbsolutePath] successfully performed. With the following test data [Relative Folder Path: "target/downloadedFiles/"]. @01-11-2021 07:27:01.0323 AM
[ReportManager] Attempting to run remotely on: [Linux-64], [GoogleChrome], [http://localhost:4444/wd/hub], Headless Execution. @01-11-2021 07:27:01.0338 AM
[ReportManager] Successfully Opened [GoogleChrome]. @01-11-2021 07:27:09.0162 AM
[ReportManager] Target URL: [https://www.google.com/ncr], and after redirection: [www.google.com] @01-11-2021 07:27:09.0172 AM
[ReportManager] Initial URL: [data:,] @01-11-2021 07:27:09.0583 AM
[ReportManager] Browser Action [NavigateToURL] successfully performed. With the following test data [https://www.google.com/ncr]. @01-11-2021 07:27:11.0296 A

################################################################################################################################################
Starting Execution:	[9 out of 143] test cases in the current suite
Test Method:		[unitTests.tests_validations_assertions.assertElementAttribute_false_caseInsensitiveComparison_expectedToFail]
################################################################################################################################################
[ReportManager] Element Action [Type] successfully performed. With the following test data [AUTOMATION]. @01-11-2021 07:27:12.0136 AM
[ReportManager] Element Action [GetText] successfully performed. With the following test data [AUTOMATION]. @01-11-2021 07:27:12.0421 AM
[ReportManager] Loaded Shared OpenCV @01-11-2021 07:27:13.0452 AM
[ReportManager] Assertion [ValidateElementAttribute] FAILED. Expected [Value Should not be 'AutomaTion' for the 'text' attribute, element locator 'By.name: q'] and Actual [AUTOMATION]. Comparison Type [CASE_INSENSITIVE]. Validation Type [NEGATIVE]. @01-11-2021 07:27:14.0039 AM
[ReportManager] Successfully created attachment [Screenshot - 1635751632907_assertElementAttribute_false_caseInsensitiveComparison_expectedToFail_ValidateElementAttribute_failed] @01-11-2021 07:27:14.0073 A
[ReportManager] Browser Action [CloseCurrentWindow] successfully performed. @01-11-2021 07:27:14.0353 AM
[ReportManager] Successfully created attachment [Browser Action Test Data - CloseCurrentWindow - Actual Value] @01-11-2021 07:27:14.0358 A
[ReportManager] File Action [GetAbsolutePath] successfully performed. With the following test data [Relative Folder Path: "target/downloadedFiles/"]. @01-11-2021 07:27:14.0377 AM
[ReportManager] Attempting to run remotely on: [Linux-64], [GoogleChrome], [http://localhost:4444/wd/hub], Headless Execution. @01-11-2021 07:27:14.0377 AM
[ReportManager] Successfully Opened [GoogleChrome]. @01-11-2021 07:27:18.0132 AM
[ReportManager] Target URL: [https://www.google.com/ncr], and after redirection: [www.google.com] @01-11-2021 07:27:18.0132 AM
[ReportManager] Initial URL: [data:,] @01-11-2021 07:27:18.0308 AM
[ReportManager] Browser Action [NavigateToURL] successfully performed. With the following test data [https://www.google.com/ncr]. @01-11-2021 07:27:19.0403 A

################################################################################################################################################
Starting Execution:	[10 out of 143] test cases in the current suite
Test Method:		[unitTests.tests_validations_assertions.assertElementAttribute_false_caseInsensitiveComparison_expectedToPass]
################################################################################################################################################
[ReportManager] Element Action [Type] successfully performed. With the following test data [AUTOMATION]. @01-11-2021 07:27:20.0125 AM
[ReportManager] Element Action [GetText] successfully performed. With the following test data [AUTOMATION]. @01-11-2021 07:27:20.0372 AM
[ReportManager] Loaded Shared OpenCV @01-11-2021 07:27:20.0819 AM
[ReportManager] Assertion [ValidateElementAttribute] PASSED. Expected [Value Should not be 'AutomaTion123' for the 'text' attribute, element locator 'By.name: q'] and Actual [AUTOMATION]. Comparison Type [CASE_INSENSITIVE]. Validation Type [NEGATIVE]. @01-11-2021 07:27:21.0150 AM
[ReportManager] Successfully created attachment [Screenshot - 1635751640819_assertElementAttribute_false_caseInsensitiveComparison_expectedToPass_ValidateElementAttribute_passed] @01-11-2021 07:27:21.0155 A
[ReportManager] Browser Action [CloseCurrentWindow] successfully performed. @01-11-2021 07:27:21.0340 AM
[ReportManager] Successfully created attachment [Browser Action Test Data - CloseCurrentWindow - Actual Value] @01-11-2021 07:27:21.0343 A
[ReportManager] File Action [GetAbsolutePath] successfully performed. With the following test data [Relative Folder Path: "target/downloadedFiles/"]. @01-11-2021 07:27:21.0355 AM
[ReportManager] Attempting to run remotely on: [Linux-64], [GoogleChrome], [http://localhost:4444/wd/hub], Headless Execution. @01-11-2021 07:27:21.0356 AM
[ReportManager] Successfully Opened [GoogleChrome]. @01-11-2021 07:27:23.0110 AM
[ReportManager] Target URL: [https://www.google.com/ncr], and after redirection: [www.google.com] @01-11-2021 07:27:23.0110 AM
[ReportManager] Initial URL: [data:,] @01-11-2021 07:27:23.0250 AM
[ReportManager] Browser Action [NavigateToURL] successfully performed. With the following test data [https://www.google.com/ncr]. @01-11-2021 07:27:24.0325 A

################################################################################################################################################
Starting Execution:	[11 out of 143] test cases in the current suite
Test Method:		[unitTests.tests_validations_assertions.assertElementAttribute_false_containsComparison_expectedToFail]
################################################################################################################################################
[ReportManager] Element Action [Type] successfully performed. With the following test data [Automation123]. @01-11-2021 07:27:25.0068 AM
[ReportManager] Element Action [GetText] successfully performed. With the following test data [Automation123]. @01-11-2021 07:27:25.0345 AM
[ReportManager] Loaded Shared OpenCV @01-11-2021 07:27:25.0784 AM
[ReportManager] Assertion [ValidateElementAttribute] FAILED. Expected [Value Should not be 'Automation' for the 'text' attribute, element locator 'By.name: q'] and Actual [Automation123]. Comparison Type [CONTAINS]. Validation Type [NEGATIVE]. @01-11-2021 07:27:26.0068 AM
[ReportManager] Successfully created attachment [Screenshot - 1635751645784_assertElementAttribute_false_containsComparison_expectedToFail_ValidateElementAttribute_failed] @01-11-2021 07:27:26.0072 A
[ReportManager] Browser Action [CloseCurrentWindow] successfully performed. @01-11-2021 07:27:26.0276 AM
[ReportManager] Successfully created attachment [Browser Action Test Data - CloseCurrentWindow - Actual Value] @01-11-2021 07:27:26.0278 A
[ReportManager] File Action [GetAbsolutePath] successfully performed. With the following test data [Relative Folder Path: "target/downloadedFiles/"]. @01-11-2021 07:27:26.0297 AM
[ReportManager] Attempting to run remotely on: [Linux-64], [GoogleChrome], [http://localhost:4444/wd/hub], Headless Execution. @01-11-2021 07:27:26.0299 AM
[ReportManager] Successfully Opened [GoogleChrome]. @01-11-2021 07:27:28.0126 AM
[ReportManager] Target URL: [https://www.google.com/ncr], and after redirection: [www.google.com] @01-11-2021 07:27:28.0127 AM
[ReportManager] Initial URL: [data:,] @01-11-2021 07:27:28.0235 AM
[ReportManager] Browser Action [NavigateToURL] successfully performed. With the following test data [https://www.google.com/ncr]. @01-11-2021 07:27:29.0249 A

################################################################################################################################################
Starting Execution:	[12 out of 143] test cases in the current suite
Test Method:		[unitTests.tests_validations_assertions.assertElementAttribute_false_containsComparison_expectedToPass]
################################################################################################################################################
[ReportManager] Element Action [Type] successfully performed. With the following test data [Automation123]. @01-11-2021 07:27:30.0136 AM
[ReportManager] Element Action [GetText] successfully performed. With the following test data [Automation123]. @01-11-2021 07:27:30.0399 AM
[ReportManager] Loaded Shared OpenCV @01-11-2021 07:27:30.0786 AM
[ReportManager] Assertion [ValidateElementAttribute] PASSED. Expected [Value Should not be 'Automation1234' for the 'text' attribute, element locator 'By.name: q'] and Actual [Automation123]. Comparison Type [CONTAINS]. Validation Type [NEGATIVE]. @01-11-2021 07:27:31.0054 AM
[ReportManager] Successfully created attachment [Screenshot - 1635751650786_assertElementAttribute_false_containsComparison_expectedToPass_ValidateElementAttribute_passed] @01-11-2021 07:27:31.0076 A
[ReportManager] Browser Action [CloseCurrentWindow] successfully performed. @01-11-2021 07:27:31.0249 AM
[ReportManager] Successfully created attachment [Browser Action Test Data - CloseCurrentWindow - Actual Value] @01-11-2021 07:27:31.0250 A
[ReportManager] File Action [GetAbsolutePath] successfully performed. With the following test data [Relative Folder Path: "target/downloadedFiles/"]. @01-11-2021 07:27:31.0253 AM
[ReportManager] Attempting to run remotely on: [Linux-64], [GoogleChrome], [http://localhost:4444/wd/hub], Headless Execution. @01-11-2021 07:27:31.0253 AM
[ReportManager] Successfully Opened [GoogleChrome]. @01-11-2021 07:27:33.0076 AM
[ReportManager] Target URL: [https://www.google.com/ncr], and after redirection: [www.google.com] @01-11-2021 07:27:33.0077 AM
[ReportManager] Initial URL: [data:,] @01-11-2021 07:27:33.0179 AM
[ReportManager] Browser Action [NavigateToURL] successfully performed. With the following test data [https://www.google.com/ncr]. @01-11-2021 07:27:34.0197 A

################################################################################################################################################
Starting Execution:	[13 out of 143] test cases in the current suite
Test Method:		[unitTests.tests_validations_assertions.assertElementAttribute_false_literalComparison_expectedToFail]
################################################################################################################################################
[ReportManager] Element Action [Type] successfully performed. With the following test data [Automation!@#$%^&*()_+{}[]\';/.,]. @01-11-2021 07:27:34.0916 AM
[ReportManager] Element Action [GetText] successfully performed. With the following test data [Automation!@#$%^&*()_+{}[]\';/.,]. @01-11-2021 07:27:35.0135 AM
[ReportManager] Loaded Shared OpenCV @01-11-2021 07:27:35.0510 AM
[ReportManager] Assertion [ValidateElementAttribute] PASSED. Expected [Value Should not be 'Automation!@#$%^&*()_+{}[]\\';/.,' for the 'text' attribute, element locator 'By.name: q'] and Actual [Automation!@#$%^&*()_+{}[]\';/.,]. Comparison Type [EQUALS]. Validation Type [NEGATIVE]. @01-11-2021 07:27:35.0752 AM
[ReportManager] Successfully created attachment [Screenshot - 1635751655510_assertElementAttribute_false_literalComparison_expectedToFail_ValidateElementAttribute_passed] @01-11-2021 07:27:35.0755 A
[ReportManager] Browser Action [CloseCurrentWindow] successfully performed. @01-11-2021 07:27:35.0921 AM
[ReportManager] Successfully created attachment [Browser Action Test Data - CloseCurrentWindow - Actual Value] @01-11-2021 07:27:35.0922 A
[ReportManager] File Action [GetAbsolutePath] successfully performed. With the following test data [Relative Folder Path: "target/downloadedFiles/"]. @01-11-2021 07:27:35.0927 AM
[ReportManager] Attempting to run remotely on: [Linux-64], [GoogleChrome], [http://localhost:4444/wd/hub], Headless Execution. @01-11-2021 07:27:35.0927 AM
[ReportManager] Successfully Opened [GoogleChrome]. @01-11-2021 07:27:38.0065 AM
[ReportManager] Target URL: [https://www.google.com/ncr], and after redirection: [www.google.com] @01-11-2021 07:27:38.0066 AM
[ReportManager] Initial URL: [data:,] @01-11-2021 07:27:38.0202 AM
[ReportManager] Browser Action [NavigateToURL] successfully performed. With the following test data [https://www.google.com/ncr]. @01-11-2021 07:27:39.0117 A

################################################################################################################################################
Starting Execution:	[14 out of 143] test cases in the current suite
Test Method:		[unitTests.tests_validations_assertions.assertElementAttribute_false_literalComparison_expectedToPass]
################################################################################################################################################
[ReportManager] Element Action [Type] successfully performed. With the following test data [Automation!@#$%^&*()_+{}[]\';/.,]. @01-11-2021 07:27:39.0780 AM
[ReportManager] Element Action [GetText] successfully performed. With the following test data [Automation!@#$%^&*()_+{}[]\';/.,]. @01-11-2021 07:27:39.0991 AM
[ReportManager] Loaded Shared OpenCV @01-11-2021 07:27:40.0377 AM
[ReportManager] Assertion [ValidateElementAttribute] PASSED. Expected [Value Should not be 'Automation' for the 'text' attribute, element locator 'By.name: q'] and Actual [Automation!@#$%^&*()_+{}[]\';/.,]. Comparison Type [EQUALS]. Validation Type [NEGATIVE]. @01-11-2021 07:27:40.0619 AM
[ReportManager] Successfully created attachment [Screenshot - 1635751660377_assertElementAttribute_false_literalComparison_expectedToPass_ValidateElementAttribute_passed] @01-11-2021 07:27:40.0622 A
[ReportManager] Browser Action [CloseCurrentWindow] successfully performed. @01-11-2021 07:27:40.0789 AM
[ReportManager] Successfully created attachment [Browser Action Test Data - CloseCurrentWindow - Actual Value] @01-11-2021 07:27:40.0790 A
[ReportManager] File Action [GetAbsolutePath] successfully performed. With the following test data [Relative Folder Path: "target/downloadedFiles/"]. @01-11-2021 07:27:40.0793 AM
[ReportManager] Attempting to run remotely on: [Linux-64], [GoogleChrome], [http://localhost:4444/wd/hub], Headless Execution. @01-11-2021 07:27:40.0793 AM
[ReportManager] Successfully Opened [GoogleChrome]. @01-11-2021 07:27:43.0060 AM
[ReportManager] Target URL: [https://www.google.com/ncr], and after redirection: [www.google.com] @01-11-2021 07:27:43.0060 AM
[ReportManager] Initial URL: [data:,] @01-11-2021 07:27:43.0197 AM
[ReportManager] Browser Action [NavigateToURL] successfully performed. With the following test data [https://www.google.com/ncr]. @01-11-2021 07:27:44.0147 A

################################################################################################################################################
Starting Execution:	[15 out of 143] test cases in the current suite
Test Method:		[unitTests.tests_validations_assertions.assertElementAttribute_false_regexComparison_expectedToFail]
################################################################################################################################################
[ReportManager] Element Action [Type] successfully performed. With the following test data [Automation123]. @01-11-2021 07:27:44.0756 AM
[ReportManager] Element Action [GetText] successfully performed. With the following test data [Automation123]. @01-11-2021 07:27:44.0939 AM
[ReportManager] Loaded Shared OpenCV @01-11-2021 07:27:45.0283 AM
[ReportManager] Assertion [ValidateElementAttribute] FAILED. Expected [Value Should not be 'Automation.*' for the 'text' attribute, element locator 'By.name: q'] and Actual [Automation123]. Comparison Type [MATCHES]. Validation Type [NEGATIVE]. @01-11-2021 07:27:45.0526 AM
[ReportManager] Successfully created attachment [Screenshot - 1635751665283_assertElementAttribute_false_regexComparison_expectedToFail_ValidateElementAttribute_failed] @01-11-2021 07:27:45.0528 A
[ReportManager] Browser Action [CloseCurrentWindow] successfully performed. @01-11-2021 07:27:45.0692 AM
[ReportManager] Successfully created attachment [Browser Action Test Data - CloseCurrentWindow - Actual Value] @01-11-2021 07:27:45.0693 A
[ReportManager] File Action [GetAbsolutePath] successfully performed. With the following test data [Relative Folder Path: "target/downloadedFiles/"]. @01-11-2021 07:27:45.0696 AM
[ReportManager] Attempting to run remotely on: [Linux-64], [GoogleChrome], [http://localhost:4444/wd/hub], Headless Execution. @01-11-2021 07:27:45.0697 AM
[ReportManager] Successfully Opened [GoogleChrome]. @01-11-2021 07:27:48.0076 AM
[ReportManager] Target URL: [https://www.google.com/ncr], and after redirection: [www.google.com] @01-11-2021 07:27:48.0077 AM
[ReportManager] Initial URL: [data:,] @01-11-2021 07:27:48.0154 AM
[ReportManager] Browser Action [NavigateToURL] successfully performed. With the following test data [https://www.google.com/ncr]. @01-11-2021 07:27:49.0018 A

################################################################################################################################################
Starting Execution:	[16 out of 143] test cases in the current suite
Test Method:		[unitTests.tests_validations_assertions.assertElementAttribute_false_regexComparison_expectedToPass]
################################################################################################################################################
[ReportManager] Element Action [Type] successfully performed. With the following test data [Automation123]. @01-11-2021 07:27:49.0615 AM
[ReportManager] Element Action [GetText] successfully performed. With the following test data [Automation123]. @01-11-2021 07:27:49.0790 AM
[ReportManager] Loaded Shared OpenCV @01-11-2021 07:27:50.0173 AM
[ReportManager] Assertion [ValidateElementAttribute] PASSED. Expected [Value Should not be 'Automation' for the 'text' attribute, element locator 'By.name: q'] and Actual [Automation123]. Comparison Type [MATCHES]. Validation Type [NEGATIVE]. @01-11-2021 07:27:50.0430 AM
[ReportManager] Successfully created attachment [Screenshot - 1635751670173_assertElementAttribute_false_regexComparison_expectedToPass_ValidateElementAttribute_passed] @01-11-2021 07:27:50.0432 A
[ReportManager] Browser Action [CloseCurrentWindow] successfully performed. @01-11-2021 07:27:50.0599 AM
[ReportManager] Successfully created attachment [Browser Action Test Data - CloseCurrentWindow - Actual Value] @01-11-2021 07:27:50.0600 A
[ReportManager] File Action [GetAbsolutePath] successfully performed. With the following test data [Relative Folder Path: "target/downloadedFiles/"]. @01-11-2021 07:27:50.0610 AM
[ReportManager] Attempting to run remotely on: [Linux-64], [GoogleChrome], [http://localhost:4444/wd/hub], Headless Execution. @01-11-2021 07:27:50.0610 AM
[ReportManager] Successfully Opened [GoogleChrome]. @01-11-2021 07:27:53.0053 AM
[ReportManager] Target URL: [https://www.google.com/ncr], and after redirection: [www.google.com] @01-11-2021 07:27:53.0053 AM
[ReportManager] Initial URL: [data:,] @01-11-2021 07:27:53.0190 AM
[ReportManager] Browser Action [NavigateToURL] successfully performed. With the following test data [https://www.google.com/ncr]. @01-11-2021 07:27:54.0134 A

################################################################################################################################################
Starting Execution:	[17 out of 143] test cases in the current suite
Test Method:		[unitTests.tests_validations_assertions.assertElementAttribute_true_caseInsensitiveComparison_expectedToFail]
################################################################################################################################################
[ReportManager] Element Action [Type] successfully performed. With the following test data [AUTOMATION]. @01-11-2021 07:27:54.0701 AM
[ReportManager] Element Action [GetText] successfully performed. With the following test data [AUTOMATION]. @01-11-2021 07:27:54.0871 AM
[ReportManager] Loaded Shared OpenCV @01-11-2021 07:27:55.0263 AM
[ReportManager] Assertion [ValidateElementAttribute] FAILED. Expected [Value Should be 'AutomaTion123' for the 'text' attribute, element locator 'By.name: q'] and Actual [AUTOMATION]. Comparison Type [CASE_INSENSITIVE]. Validation Type [POSITIVE]. @01-11-2021 07:27:55.0518 AM
[ReportManager] Successfully created attachment [Screenshot - 1635751675263_assertElementAttribute_true_caseInsensitiveComparison_expectedToFail_ValidateElementAttribute_failed] @01-11-2021 07:27:55.0520 A
[ReportManager] Browser Action [CloseCurrentWindow] successfully performed. @01-11-2021 07:27:55.0657 AM
[ReportManager] Successfully created attachment [Browser Action Test Data - CloseCurrentWindow - Actual Value] @01-11-2021 07:27:55.0658 A
[ReportManager] File Action [GetAbsolutePath] successfully performed. With the following test data [Relative Folder Path: "target/downloadedFiles/"]. @01-11-2021 07:27:55.0661 AM
[ReportManager] Attempting to run remotely on: [Linux-64], [GoogleChrome], [http://localhost:4444/wd/hub], Headless Execution. @01-11-2021 07:27:55.0662 AM
[ReportManager] Successfully Opened [GoogleChrome]. @01-11-2021 07:27:58.0059 AM
[ReportManager] Target URL: [https://www.google.com/ncr], and after redirection: [www.google.com] @01-11-2021 07:27:58.0060 AM
[ReportManager] Initial URL: [data:,] @01-11-2021 07:27:58.0153 AM
[ReportManager] Browser Action [NavigateToURL] successfully performed. With the following test data [https://www.google.com/ncr]. @01-11-2021 07:27:59.0108 A

################################################################################################################################################
Starting Execution:	[18 out of 143] test cases in the current suite
Test Method:		[unitTests.tests_validations_assertions.assertElementAttribute_true_caseInsensitiveComparison_expectedToPass]
################################################################################################################################################
[ReportManager] Element Action [Type] successfully performed. With the following test data [AUTOMATION]. @01-11-2021 07:27:59.0722 AM
[ReportManager] Element Action [GetText] successfully performed. With the following test data [AUTOMATION]. @01-11-2021 07:27:59.0927 AM
[ReportManager] Loaded Shared OpenCV @01-11-2021 07:28:00.0274 AM
[ReportManager] Assertion [ValidateElementAttribute] PASSED. Expected [Value Should be 'AutomaTion' for the 'text' attribute, element locator 'By.name: q'] and Actual [AUTOMATION]. Comparison Type [CASE_INSENSITIVE]. Validation Type [POSITIVE]. @01-11-2021 07:28:00.0512 AM
[ReportManager] Successfully created attachment [Screenshot - 1635751680274_assertElementAttribute_true_caseInsensitiveComparison_expectedToPass_ValidateElementAttribute_passed] @01-11-2021 07:28:00.0514 A
[ReportManager] Browser Action [CloseCurrentWindow] successfully performed. @01-11-2021 07:28:00.0679 AM
[ReportManager] Successfully created attachment [Browser Action Test Data - CloseCurrentWindow - Actual Value] @01-11-2021 07:28:00.0680 A
[ReportManager] File Action [GetAbsolutePath] successfully performed. With the following test data [Relative Folder Path: "target/downloadedFiles/"]. @01-11-2021 07:28:00.0683 AM
[ReportManager] Attempting to run remotely on: [Linux-64], [GoogleChrome], [http://localhost:4444/wd/hub], Headless Execution. @01-11-2021 07:28:00.0684 AM
[ReportManager] Successfully Opened [GoogleChrome]. @01-11-2021 07:28:03.0060 AM
[ReportManager] Target URL: [https://www.google.com/ncr], and after redirection: [www.google.com] @01-11-2021 07:28:03.0061 AM
[ReportManager] Initial URL: [data:,] @01-11-2021 07:28:03.0156 AM
[ReportManager] Browser Action [NavigateToURL] successfully performed. With the following test data [https://www.google.com/ncr]. @01-11-2021 07:28:04.0044 A

################################################################################################################################################
Starting Execution:	[19 out of 143] test cases in the current suite
Test Method:		[unitTests.tests_validations_assertions.assertElementAttribute_true_containsComparison_expectedToFail]
################################################################################################################################################
[ReportManager] Element Action [Type] successfully performed. With the following test data [Automation123]. @01-11-2021 07:28:04.0661 AM
[ReportManager] Element Action [GetText] successfully performed. With the following test data [Automation123]. @01-11-2021 07:28:04.0868 AM
[ReportManager] Loaded Shared OpenCV @01-11-2021 07:28:05.0282 AM
[ReportManager] Assertion [ValidateElementAttribute] FAILED. Expected [Value Should be 'Automation1234' for the 'text' attribute, element locator 'By.name: q'] and Actual [Automation123]. Comparison Type [CONTAINS]. Validation Type [POSITIVE]. @01-11-2021 07:28:05.0508 AM
[ReportManager] Successfully created attachment [Screenshot - 1635751685281_assertElementAttribute_true_containsComparison_expectedToFail_ValidateElementAttribute_failed] @01-11-2021 07:28:05.0510 A
[ReportManager] Browser Action [CloseCurrentWindow] successfully performed. @01-11-2021 07:28:05.0677 AM
[ReportManager] Successfully created attachment [Browser Action Test Data - CloseCurrentWindow - Actual Value] @01-11-2021 07:28:05.0678 A
[ReportManager] File Action [GetAbsolutePath] successfully performed. With the following test data [Relative Folder Path: "target/downloadedFiles/"]. @01-11-2021 07:28:05.0681 AM
[ReportManager] Attempting to run remotely on: [Linux-64], [GoogleChrome], [http://localhost:4444/wd/hub], Headless Execution. @01-11-2021 07:28:05.0682 AM
[ReportManager] Successfully Opened [GoogleChrome]. @01-11-2021 07:28:08.0067 AM
[ReportManager] Target URL: [https://www.google.com/ncr], and after redirection: [www.google.com] @01-11-2021 07:28:08.0067 AM
[ReportManager] Initial URL: [data:,] @01-11-2021 07:28:08.0126 AM
[ReportManager] Browser Action [NavigateToURL] successfully performed. With the following test data [https://www.google.com/ncr]. @01-11-2021 07:28:09.0054 A

################################################################################################################################################
Starting Execution:	[20 out of 143] test cases in the current suite
Test Method:		[unitTests.tests_validations_assertions.assertElementAttribute_true_containsComparison_expectedToPass]
################################################################################################################################################
[ReportManager] Element Action [Type] successfully performed. With the following test data [Automation123]. @01-11-2021 07:28:09.0590 AM
[ReportManager] Element Action [GetText] successfully performed. With the following test data [Automation123]. @01-11-2021 07:28:09.0768 AM
[ReportManager] Loaded Shared OpenCV @01-11-2021 07:28:10.0134 AM
[ReportManager] Assertion [ValidateElementAttribute] PASSED. Expected [Value Should be 'Automation' for the 'text' attribute, element locator 'By.name: q'] and Actual [Automation123]. Comparison Type [CONTAINS]. Validation Type [POSITIVE]. @01-11-2021 07:28:10.0365 AM
[ReportManager] Successfully created attachment [Screenshot - 1635751690134_assertElementAttribute_true_containsComparison_expectedToPass_ValidateElementAttribute_passed] @01-11-2021 07:28:10.0367 A
[ReportManager] Browser Action [CloseCurrentWindow] successfully performed. @01-11-2021 07:28:10.0503 AM
[ReportManager] Successfully created attachment [Browser Action Test Data - CloseCurrentWindow - Actual Value] @01-11-2021 07:28:10.0504 A
[ReportManager] File Action [GetAbsolutePath] successfully performed. With the following test data [Relative Folder Path: "target/downloadedFiles/"]. @01-11-2021 07:28:10.0507 AM
[ReportManager] Attempting to run remotely on: [Linux-64], [GoogleChrome], [http://localhost:4444/wd/hub], Headless Execution. @01-11-2021 07:28:10.0507 AM
[ReportManager] Successfully Opened [GoogleChrome]. @01-11-2021 07:28:13.0063 AM
[ReportManager] Target URL: [https://www.google.com/ncr], and after redirection: [www.google.com] @01-11-2021 07:28:13.0063 AM
[ReportManager] Initial URL: [data:,] @01-11-2021 07:28:13.0125 AM
[ReportManager] Browser Action [NavigateToURL] successfully performed. With the following test data [https://www.google.com/ncr]. @01-11-2021 07:28:14.0015 A

################################################################################################################################################
Starting Execution:	[21 out of 143] test cases in the current suite
Test Method:		[unitTests.tests_validations_assertions.assertElementAttribute_true_literalComparison_expectedToFail]
################################################################################################################################################
[ReportManager] Element Action [Type] successfully performed. With the following test data [Automation!@#$%^&*()_+{}[]\';/.,]. @01-11-2021 07:28:14.0772 AM
[ReportManager] Element Action [GetText] successfully performed. With the following test data [Automation!@#$%^&*()_+{}[]\';/.,]. @01-11-2021 07:28:14.0939 AM
[ReportManager] Loaded Shared OpenCV @01-11-2021 07:28:15.0372 AM
[ReportManager] Assertion [ValidateElementAttribute] FAILED. Expected [Value Should be 'Automation' for the 'text' attribute, element locator 'By.name: q'] and Actual [Automation!@#$%^&*()_+{}[]\';/.,]. Comparison Type [EQUALS]. Validation Type [POSITIVE]. @01-11-2021 07:28:15.0611 AM
[ReportManager] Successfully created attachment [Screenshot - 1635751695372_assertElementAttribute_true_literalComparison_expectedToFail_ValidateElementAttribute_failed] @01-11-2021 07:28:15.0614 A
[ReportManager] Browser Action [CloseCurrentWindow] successfully performed. @01-11-2021 07:28:15.0750 AM
[ReportManager] Successfully created attachment [Browser Action Test Data - CloseCurrentWindow - Actual Value] @01-11-2021 07:28:15.0750 A
[ReportManager] File Action [GetAbsolutePath] successfully performed. With the following test data [Relative Folder Path: "target/downloadedFiles/"]. @01-11-2021 07:28:15.0755 AM
[ReportManager] Attempting to run remotely on: [Linux-64], [GoogleChrome], [http://localhost:4444/wd/hub], Headless Execution. @01-11-2021 07:28:15.0756 AM
[ReportManager] Successfully Opened [GoogleChrome]. @01-11-2021 07:28:18.0044 AM
[ReportManager] Target URL: [https://www.google.com/ncr], and after redirection: [www.google.com] @01-11-2021 07:28:18.0046 AM
[ReportManager] Initial URL: [data:,] @01-11-2021 07:28:18.0171 AM
[ReportManager] Browser Action [NavigateToURL] successfully performed. With the following test data [https://www.google.com/ncr]. @01-11-2021 07:28:19.0081 A

################################################################################################################################################
Starting Execution:	[22 out of 143] test cases in the current suite
Test Method:		[unitTests.tests_validations_assertions.assertElementAttribute_true_literalComparison_expectedToPass]
################################################################################################################################################
[ReportManager] Element Action [Type] successfully performed. With the following test data [Automation!@#$%^&*()_+{}[]\';/.,]. @01-11-2021 07:28:19.0717 AM
[ReportManager] Element Action [GetText] successfully performed. With the following test data [Automation!@#$%^&*()_+{}[]\';/.,]. @01-11-2021 07:28:19.0885 AM
[ReportManager] Loaded Shared OpenCV @01-11-2021 07:28:20.0221 AM
[ReportManager] Assertion [ValidateElementAttribute] PASSED. Expected [Value Should be 'Automation!@#$%^&*()_+{}[]\';/.,' for the 'text' attribute, element locator 'By.name: q'] and Actual [Automation!@#$%^&*()_+{}[]\';/.,]. Comparison Type [EQUALS]. Validation Type [POSITIVE]. @01-11-2021 07:28:20.0468 AM
[ReportManager] Successfully created attachment [Screenshot - 1635751700221_assertElementAttribute_true_literalComparison_expectedToPass_ValidateElementAttribute_passed] @01-11-2021 07:28:20.0470 A
[ReportManager] Browser Action [CloseCurrentWindow] successfully performed. @01-11-2021 07:28:20.0614 AM
[ReportManager] Successfully created attachment [Browser Action Test Data - CloseCurrentWindow - Actual Value] @01-11-2021 07:28:20.0615 A
[ReportManager] File Action [GetAbsolutePath] successfully performed. With the following test data [Relative Folder Path: "target/downloadedFiles/"]. @01-11-2021 07:28:20.0618 AM
[ReportManager] Attempting to run remotely on: [Linux-64], [GoogleChrome], [http://localhost:4444/wd/hub], Headless Execution. @01-11-2021 07:28:20.0618 AM
[ReportManager] Successfully Opened [GoogleChrome]. @01-11-2021 07:28:23.0047 AM
[ReportManager] Target URL: [https://www.google.com/ncr], and after redirection: [www.google.com] @01-11-2021 07:28:23.0047 AM
[ReportManager] Initial URL: [data:,] @01-11-2021 07:28:23.0140 AM
[ReportManager] Browser Action [NavigateToURL] successfully performed. With the following test data [https://www.google.com/ncr]. @01-11-2021 07:28:23.0989 A

################################################################################################################################################
Starting Execution:	[23 out of 143] test cases in the current suite
Test Method:		[unitTests.tests_validations_assertions.assertElementAttribute_true_regexComparison_expectedToFail]
################################################################################################################################################
[ReportManager] Element Action [Type] successfully performed. With the following test data [Automation123]. @01-11-2021 07:28:24.0525 AM
[ReportManager] Element Action [GetText] successfully performed. With the following test data [Automation123]. @01-11-2021 07:28:24.0691 AM
[ReportManager] Loaded Shared OpenCV @01-11-2021 07:28:25.0064 AM
[ReportManager] Assertion [ValidateElementAttribute] FAILED. Expected [Value Should be 'Automation' for the 'text' attribute, element locator 'By.name: q'] and Actual [Automation123]. Comparison Type [MATCHES]. Validation Type [POSITIVE]. @01-11-2021 07:28:25.0309 AM
[ReportManager] Successfully created attachment [Screenshot - 1635751705064_assertElementAttribute_true_regexComparison_expectedToFail_ValidateElementAttribute_failed] @01-11-2021 07:28:25.0310 A
[ReportManager] Browser Action [CloseCurrentWindow] successfully performed. @01-11-2021 07:28:25.0495 AM
[ReportManager] Successfully created attachment [Browser Action Test Data - CloseCurrentWindow - Actual Value] @01-11-2021 07:28:25.0495 A
[ReportManager] File Action [GetAbsolutePath] successfully performed. With the following test data [Relative Folder Path: "target/downloadedFiles/"]. @01-11-2021 07:28:25.0499 AM
[ReportManager] Attempting to run remotely on: [Linux-64], [GoogleChrome], [http://localhost:4444/wd/hub], Headless Execution. @01-11-2021 07:28:25.0499 AM
[ReportManager] Successfully Opened [GoogleChrome]. @01-11-2021 07:28:28.0096 AM
[ReportManager] Target URL: [https://www.google.com/ncr], and after redirection: [www.google.com] @01-11-2021 07:28:28.0096 AM
[ReportManager] Initial URL: [data:,] @01-11-2021 07:28:28.0164 AM
[ReportManager] Browser Action [NavigateToURL] successfully performed. With the following test data [https://www.google.com/ncr]. @01-11-2021 07:28:29.0049 A

################################################################################################################################################
Starting Execution:	[24 out of 143] test cases in the current suite
Test Method:		[unitTests.tests_validations_assertions.assertElementAttribute_true_regexComparison_expectedToPass]
################################################################################################################################################
[ReportManager] Element Action [Type] successfully performed. With the following test data [Automation123]. @01-11-2021 07:28:29.0724 AM
[ReportManager] Element Action [GetText] successfully performed. With the following test data [Automation123]. @01-11-2021 07:28:29.0887 AM
[ReportManager] Loaded Shared OpenCV @01-11-2021 07:28:30.0327 AM
[ReportManager] Assertion [ValidateElementAttribute] PASSED. Expected [Value Should be 'Automation.*' for the 'text' attribute, element locator 'By.name: q'] and Actual [Automation123]. Comparison Type [MATCHES]. Validation Type [POSITIVE]. @01-11-2021 07:28:30.0556 AM
[ReportManager] Successfully created attachment [Screenshot - 1635751710327_assertElementAttribute_true_regexComparison_expectedToPass_ValidateElementAttribute_passed] @01-11-2021 07:28:30.0558 A
[ReportManager] Browser Action [CloseCurrentWindow] successfully performed. @01-11-2021 07:28:30.0706 AM
[ReportManager] Successfully created attachment [Browser Action Test Data - CloseCurrentWindow - Actual Value] @01-11-2021 07:28:30.0707 A
[ReportManager] File Action [GetAbsolutePath] successfully performed. With the following test data [Relative Folder Path: "target/downloadedFiles/"]. @01-11-2021 07:28:30.0710 AM
[ReportManager] Attempting to run remotely on: [Linux-64], [GoogleChrome], [http://localhost:4444/wd/hub], Headless Execution. @01-11-2021 07:28:30.0711 AM
[ReportManager] Successfully Opened [GoogleChrome]. @01-11-2021 07:28:33.0054 AM
[ReportManager] Target URL: [https://www.google.com/ncr], and after redirection: [www.google.com] @01-11-2021 07:28:33.0054 AM
[ReportManager] Initial URL: [data:,] @01-11-2021 07:28:33.0108 AM
[ReportManager] Browser Action [NavigateToURL] successfully performed. With the following test data [https://www.google.com/ncr]. @01-11-2021 07:28:34.0039 A

################################################################################################################################################
Starting Execution:	[25 out of 143] test cases in the current suite
Test Method:		[unitTests.tests_validations_assertions.assertElementAttribute_type_true_literalComparison_expectedToPass]
################################################################################################################################################
[ReportManager] Element Action [Type] successfully performed. With the following test data [Automation!@#$%^&*()_+{}[]\';/.,]. @01-11-2021 07:28:34.0727 AM
[ReportManager] Element Action [GetText] successfully performed. With the following test data [Automation!@#$%^&*()_+{}[]\';/.,]. @01-11-2021 07:28:34.0880 AM
[ReportManager] Loaded Shared OpenCV @01-11-2021 07:28:35.0307 AM
[ReportManager] Assertion [ValidateElementAttribute] PASSED. Expected [Value Should be 'Automation!@#$%^&*()_+{}[]\';/.,' for the 'text' attribute, element locator 'By.name: q'] and Actual [Automation!@#$%^&*()_+{}[]\';/.,]. Comparison Type [EQUALS]. Validation Type [POSITIVE]. @01-11-2021 07:28:35.0540 AM
[ReportManager] Successfully created attachment [Screenshot - 1635751715307_assertElementAttribute_type_true_literalComparison_expectedToPass_ValidateElementAttribute_passed] @01-11-2021 07:28:35.0543 A
[ReportManager] Browser Action [CloseCurrentWindow] successfully performed. @01-11-2021 07:28:35.0677 AM
[ReportManager] Successfully created attachment [Browser Action Test Data - CloseCurrentWindow - Actual Value] @01-11-2021 07:28:35.0678 A
[ReportManager] File Action [GetAbsolutePath] successfully performed. With the following test data [Relative Folder Path: "target/downloadedFiles/"]. @01-11-2021 07:28:35.0682 AM
[ReportManager] Attempting to run remotely on: [Linux-64], [GoogleChrome], [http://localhost:4444/wd/hub], Headless Execution. @01-11-2021 07:28:35.0683 AM
[ReportManager] Successfully Opened [GoogleChrome]. @01-11-2021 07:28:38.0063 AM
[ReportManager] Target URL: [https://www.google.com/ncr], and after redirection: [www.google.com] @01-11-2021 07:28:38.0063 AM
[ReportManager] Initial URL: [data:,] @01-11-2021 07:28:38.0133 AM
[ReportManager] Browser Action [NavigateToURL] successfully performed. With the following test data [https://www.google.com/ncr]. @01-11-2021 07:28:39.0067 A

################################################################################################################################################
Starting Execution:	[26 out of 143] test cases in the current suite
Test Method:		[unitTests.tests_validations_assertions.assertElementExists_false_expectedToFail]
################################################################################################################################################
[ReportManager] Loaded Shared OpenCV @01-11-2021 07:28:39.0498 AM
[ReportManager] Assertion [ValidateElementExists] FAILED. Expected [Element Should not Exist, locator 'By.id: hplogo'] and Actual [Element Exists]. Comparison Type [EQUALS]. Validation Type [NEGATIVE]. @01-11-2021 07:28:39.0732 AM
[ReportManager] Successfully created attachment [Screenshot - 1635751719498_assertElementExists_false_expectedToFail_ValidateElementExists_failed] @01-11-2021 07:28:39.0734 A
[ReportManager] Browser Action [CloseCurrentWindow] successfully performed. @01-11-2021 07:28:39.0887 AM
[ReportManager] Successfully created attachment [Browser Action Test Data - CloseCurrentWindow - Actual Value] @01-11-2021 07:28:39.0888 A
[ReportManager] File Action [GetAbsolutePath] successfully performed. With the following test data [Relative Folder Path: "target/downloadedFiles/"]. @01-11-2021 07:28:39.0898 AM
[ReportManager] Attempting to run remotely on: [Linux-64], [GoogleChrome], [http://localhost:4444/wd/hub], Headless Execution. @01-11-2021 07:28:39.0898 AM
[ReportManager] Successfully Opened [GoogleChrome]. @01-11-2021 07:28:43.0080 AM
[ReportManager] Target URL: [https://www.google.com/ncr], and after redirection: [www.google.com] @01-11-2021 07:28:43.0081 AM
[ReportManager] Initial URL: [data:,] @01-11-2021 07:28:43.0128 AM
[ReportManager] Browser Action [NavigateToURL] successfully performed. With the following test data [https://www.google.com/ncr]. @01-11-2021 07:28:44.0111 A

################################################################################################################################################
Starting Execution:	[27 out of 143] test cases in the current suite
Test Method:		[unitTests.tests_validations_assertions.assertElementExists_false_expectedToPass]
################################################################################################################################################
[ReportManager] Assertion [ValidateElementExists] PASSED. Expected [Element Should not Exist, locator 'By.id: fakeElement'] and Actual [Element Doesn't Exists]. Comparison Type [EQUALS]. Validation Type [NEGATIVE]. @01-11-2021 07:28:54.0947 AM
[ReportManager] Successfully created attachment [Screenshot - 1635751734709_assertElementExists_false_expectedToPass_ValidateElementExists_passed] @01-11-2021 07:28:54.0949 A
[ReportManager] Browser Action [CloseCurrentWindow] successfully performed. @01-11-2021 07:28:55.0098 AM
[ReportManager] Successfully created attachment [Browser Action Test Data - CloseCurrentWindow - Actual Value] @01-11-2021 07:28:55.0099 A
[ReportManager] File Action [GetAbsolutePath] successfully performed. With the following test data [Relative Folder Path: "target/downloadedFiles/"]. @01-11-2021 07:28:55.0107 AM
[ReportManager] Attempting to run remotely on: [Linux-64], [GoogleChrome], [http://localhost:4444/wd/hub], Headless Execution. @01-11-2021 07:28:55.0108 AM
[ReportManager] Successfully Opened [GoogleChrome]. @01-11-2021 07:28:58.0069 AM
[ReportManager] Target URL: [https://www.google.com/ncr], and after redirection: [www.google.com] @01-11-2021 07:28:58.0069 AM
[ReportManager] Initial URL: [data:,] @01-11-2021 07:28:58.0159 AM
[ReportManager] Browser Action [NavigateToURL] successfully performed. With the following test data [https://www.google.com/ncr]. @01-11-2021 07:28:59.0096 A

################################################################################################################################################
Starting Execution:	[28 out of 143] test cases in the current suite
Test Method:		[unitTests.tests_validations_assertions.assertElementExists_false_multipleElementsFound_expectedToFail]
################################################################################################################################################
[ReportManager] Assertion [ValidateElementExists] FAILED. Expected [Element Should not Exist, locator 'By.xpath: //div'] and Actual [Element Exists but is not unique]. Comparison Type [EQUALS]. Validation Type [NEGATIVE]. @01-11-2021 07:28:59.0703 AM
[ReportManager] Successfully created attachment [Screenshot - 1635751739490_assertElementExists_false_multipleElementsFound_expectedToFail_ValidateElementExists_failed] @01-11-2021 07:28:59.0704 A
[ReportManager] Browser Action [CloseCurrentWindow] successfully performed. @01-11-2021 07:28:59.0834 AM
[ReportManager] Successfully created attachment [Browser Action Test Data - CloseCurrentWindow - Actual Value] @01-11-2021 07:28:59.0835 A
[ReportManager] File Action [GetAbsolutePath] successfully performed. With the following test data [Relative Folder Path: "target/downloadedFiles/"]. @01-11-2021 07:28:59.0838 AM
[ReportManager] Attempting to run remotely on: [Linux-64], [GoogleChrome], [http://localhost:4444/wd/hub], Headless Execution. @01-11-2021 07:28:59.0838 AM
[ReportManager] Successfully Opened [GoogleChrome]. @01-11-2021 07:29:03.0094 AM
[ReportManager] Target URL: [https://www.google.com/ncr], and after redirection: [www.google.com] @01-11-2021 07:29:03.0094 AM
[ReportManager] Initial URL: [data:,] @01-11-2021 07:29:03.0177 AM
[ReportManager] Browser Action [NavigateToURL] successfully performed. With the following test data [https://www.google.com/ncr]. @01-11-2021 07:29:04.0039 A

################################################################################################################################################
Starting Execution:	[29 out of 143] test cases in the current suite
Test Method:		[unitTests.tests_validations_assertions.assertElementExists_true_expectedToFail]
################################################################################################################################################
[ReportManager] Assertion [ValidateElementExists] FAILED. Expected [Element Should Exist, locator 'By.id: fakeElement'] and Actual [Element Doesn't Exists]. Comparison Type [EQUALS]. Validation Type [POSITIVE]. @01-11-2021 07:29:35.0224 AM
[ReportManager] Successfully created attachment [Screenshot - 1635751774983_assertElementExists_true_expectedToFail_ValidateElementExists_failed] @01-11-2021 07:29:35.0226 A
[ReportManager] Browser Action [CloseCurrentWindow] successfully performed. @01-11-2021 07:29:35.0368 AM
[ReportManager] Successfully created attachment [Browser Action Test Data - CloseCurrentWindow - Actual Value] @01-11-2021 07:29:35.0369 A
[ReportManager] File Action [GetAbsolutePath] successfully performed. With the following test data [Relative Folder Path: "target/downloadedFiles/"]. @01-11-2021 07:29:35.0373 AM
[ReportManager] Attempting to run remotely on: [Linux-64], [GoogleChrome], [http://localhost:4444/wd/hub], Headless Execution. @01-11-2021 07:29:35.0373 AM
[ReportManager] Successfully Opened [GoogleChrome]. @01-11-2021 07:29:38.0084 AM
[ReportManager] Target URL: [https://www.google.com/ncr], and after redirection: [www.google.com] @01-11-2021 07:29:38.0084 AM
[ReportManager] Initial URL: [data:,] @01-11-2021 07:29:38.0190 AM
[ReportManager] Browser Action [NavigateToURL] successfully performed. With the following test data [https://www.google.com/ncr]. @01-11-2021 07:29:39.0036 A

################################################################################################################################################
Starting Execution:	[30 out of 143] test cases in the current suite
Test Method:		[unitTests.tests_validations_assertions.assertElementExists_true_expectedToPass]
################################################################################################################################################
[ReportManager] Loaded Shared OpenCV @01-11-2021 07:29:39.0441 AM
[ReportManager] Assertion [ValidateElementExists] PASSED. Expected [Element Should Exist, locator 'By.xpath: //*[@id='hplogo' or @alt='Google']'] and Actual [Element Exists]. Comparison Type [EQUALS]. Validation Type [POSITIVE]. @01-11-2021 07:29:39.0696 AM
[ReportManager] Successfully created attachment [Screenshot - 1635751779441_assertElementExists_true_expectedToPass_ValidateElementExists_passed] @01-11-2021 07:29:39.0698 A
[ReportManager] Browser Action [CloseCurrentWindow] successfully performed. @01-11-2021 07:29:39.0824 AM
[ReportManager] Successfully created attachment [Browser Action Test Data - CloseCurrentWindow - Actual Value] @01-11-2021 07:29:39.0825 A
[ReportManager] File Action [GetAbsolutePath] successfully performed. With the following test data [Relative Folder Path: "target/downloadedFiles/"]. @01-11-2021 07:29:39.0828 AM
[ReportManager] Attempting to run remotely on: [Linux-64], [GoogleChrome], [http://localhost:4444/wd/hub], Headless Execution. @01-11-2021 07:29:39.0829 AM
[ReportManager] Successfully Opened [GoogleChrome]. @01-11-2021 07:29:43.0049 AM
[ReportManager] Target URL: [https://www.google.com/ncr], and after redirection: [www.google.com] @01-11-2021 07:29:43.0049 AM
[ReportManager] Initial URL: [data:,] @01-11-2021 07:29:43.0100 AM
[ReportManager] Browser Action [NavigateToURL] successfully performed. With the following test data [https://www.google.com/ncr]. @01-11-2021 07:29:43.0959 A

################################################################################################################################################
Starting Execution:	[31 out of 143] test cases in the current suite
Test Method:		[unitTests.tests_validations_assertions.assertElementExists_true_multipleElementsFound_expectedToFail]
################################################################################################################################################
[ReportManager] Assertion [ValidateElementExists] FAILED. Expected [Element Should Exist, locator 'By.xpath: //div'] and Actual [Element Exists but is not unique]. Comparison Type [EQUALS]. Validation Type [POSITIVE]. @01-11-2021 07:29:44.0674 AM
[ReportManager] Successfully created attachment [Screenshot - 1635751784419_assertElementExists_true_multipleElementsFound_expectedToFail_ValidateElementExists_failed] @01-11-2021 07:29:44.0676 A
[ReportManager] Browser Action [CloseCurrentWindow] successfully performed. @01-11-2021 07:29:44.0836 AM
[ReportManager] Successfully created attachment [Browser Action Test Data - CloseCurrentWindow - Actual Value] @01-11-2021 07:29:44.0837 A

################################################################################################################################################
Starting Execution:	[32 out of 143] test cases in the current suite
Test Method:		[unitTests.tests_validations_assertions.assertEquals_false_expectedToFail]
################################################################################################################################################
[ReportManager] Assertion [ValidateEquals] FAILED. Expected [1] and Actual [1]. Comparison Type [EQUALS]. Validation Type [NEGATIVE]. @01-11-2021 07:29:44.0843 A

################################################################################################################################################
Starting Execution:	[33 out of 143] test cases in the current suite
Test Method:		[unitTests.tests_validations_assertions.assertEquals_false_expectedToPass]
################################################################################################################################################
[ReportManager] Assertion [ValidateEquals] PASSED. Expected [1] and Actual [2]. Comparison Type [EQUALS]. Validation Type [NEGATIVE]. @01-11-2021 07:29:44.0846 A

################################################################################################################################################
Starting Execution:	[34 out of 143] test cases in the current suite
Test Method:		[unitTests.tests_validations_assertions.assertEquals_longCharacters]
################################################################################################################################################
[ReportManager] Verification [ValidateEquals] PASSED. Expected and Actual values are attached. Comparison Type [EQUALS]. Validation Type [POSITIVE]. @01-11-2021 07:29:44.0851 AM
[ReportManager] Successfully created attachment [Validation Test Data - Expected Value] @01-11-2021 07:29:44.0851 AM
[ReportManager] Successfully created attachment [Validation Test Data - Actual Value] @01-11-2021 07:29:44.0851 AM
[ReportManager] Assertion [ValidateEquals] PASSED. Expected and Actual values are attached. Comparison Type [EQUALS]. Validation Type [POSITIVE]. @01-11-2021 07:29:44.0852 AM
[ReportManager] Successfully created attachment [Validation Test Data - Expected Value] @01-11-2021 07:29:44.0852 AM
[ReportManager] Successfully created attachment [Validation Test Data - Actual Value] @01-11-2021 07:29:44.0852 A

################################################################################################################################################
Starting Execution:	[35 out of 143] test cases in the current suite
Test Method:		[unitTests.tests_validations_assertions.assertEquals_longCharacters_Discreet]
################################################################################################################################################
[ReportManager] Assertion [ValidateEquals] PASSED. Expected [1LH5pROcDBjjQk0t0mCr0lXuzQu9lcGj28kY8R1H81X67eVAQJgWQhILiRWVPUgZ6uCtK5cnBkF55Jr9vYngjGO1Iyf0Mktv6lruDlL9T8MAUPcUZJGHZtji6nIeadujDSNmWMj5d6C8zlFqw0CRqBU0hO5adIasHgBSNoLotAjce3NGXoDwAlp3rYreeV16VIyZXROQY] and Actual [1LH5pROcDBjjQk0t0mCr0lXuzQu9lcGj28kY8R1H81X67eVAQJgWQhILiRWVPUgZ6uCtK5cnBkF55Jr9vYngjGO1Iyf0Mktv6lruDlL9T8MAUPcUZJGHZtji6nIeadujDSNmWMj5d6C8zlFqw0CRqBU0hO5adIasHgBSNoLotAjce3NGXoDwAlp3rYreeV16VIyZXROQY]. Comparison Type [EQUALS]. Validation Type [POSITIVE]. @01-11-2021 07:29:44.0855 A

################################################################################################################################################
Starting Execution:	[36 out of 143] test cases in the current suite
Test Method:		[unitTests.tests_validations_assertions.assertEquals_true_expectedToFail]
################################################################################################################################################
[ReportManager] Assertion [ValidateEquals] FAILED. Expected [1] and Actual [2]. Comparison Type [EQUALS]. Validation Type [POSITIVE]. @01-11-2021 07:29:44.0858 A

################################################################################################################################################
Starting Execution:	[37 out of 143] test cases in the current suite
Test Method:		[unitTests.tests_validations_assertions.assertEquals_true_expectedToPass]
Test Description:	[Assert that assertEquals works as expected when the two values are equal.]
################################################################################################################################################
[ReportManager] Verification [ValidateEquals] PASSED. Expected [1] and Actual [1]. Comparison Type [EQUALS]. Validation Type [POSITIVE]. @01-11-2021 07:29:44.0866 AM
[ReportManager] Assertion [ValidateEquals] PASSED. Expected [1] and Actual [1]. Comparison Type [EQUALS]. Validation Type [POSITIVE]. @01-11-2021 07:29:44.0867 A

################################################################################################################################################
Starting Execution:	[38 out of 143] test cases in the current suite
Test Method:		[unitTests.tests_validations_assertions.assertEquals_true_expectedToPass__]
################################################################################################################################################
[ReportManager] Assertion [ValidateEquals] PASSED. Expected [1] and Actual [1]. Comparison Type [EQUALS]. Validation Type [POSITIVE]. @01-11-2021 07:29:44.0874 A

################################################################################################################################################
Starting Execution:	[39 out of 143] test cases in the current suite
Test Method:		[unitTests.tests_validations_assertions.assertFileExists_false_expectedToFail]
################################################################################################################################################
[ReportManager] File Action [DoesFileExist] successfully performed. With the following test data [File Path: "src/main/java/com/shaft/gui/element/ElementActions.java"]. @01-11-2021 07:29:44.0877 AM
[ReportManager] Assertion [ValidateFileExists] FAILED. Expected [File 'src/main/java/com/shaft/gui/element/ElementActions.java' should not exist, after up to '1' retries] and Actual [File exists]. Validation Type [NEGATIVE]. @01-11-2021 07:29:44.0884 A

################################################################################################################################################
Starting Execution:	[40 out of 143] test cases in the current suite
Test Method:		[unitTests.tests_validations_assertions.assertFileExists_false_expectedToPass]
################################################################################################################################################
[ReportManager] File Action [DoesFileExist] successfully performed. With the following test data [File Path: "src/main/java/com/shaft/gui/element/ElementActions.java_fail"]. @01-11-2021 07:29:45.0387 AM
[ReportManager] Assertion [ValidateFileExists] PASSED. Expected [File 'src/main/java/com/shaft/gui/element/ElementActions.java_fail' should not exist, after up to '1' retries] and Actual [File does not exist]. Validation Type [NEGATIVE]. @01-11-2021 07:29:45.0388 A

################################################################################################################################################
Starting Execution:	[41 out of 143] test cases in the current suite
Test Method:		[unitTests.tests_validations_assertions.assertFileExists_true_expectedToFail]
################################################################################################################################################
[ReportManager] File Action [DoesFileExist] successfully performed. With the following test data [File Path: "src/main/java/com/shaft/gui/element/ElementActions.java_fail"]. @01-11-2021 07:29:45.0893 AM
[ReportManager] Assertion [ValidateFileExists] FAILED. Expected [File 'src/main/java/com/shaft/gui/element/ElementActions.java_fail' should exist, after up to '1' retries] and Actual [File does not exist]. Validation Type [POSITIVE]. @01-11-2021 07:29:45.0894 A

################################################################################################################################################
Starting Execution:	[42 out of 143] test cases in the current suite
Test Method:		[unitTests.tests_validations_assertions.assertFileExists_true_expectedToPass]
################################################################################################################################################
[ReportManager] File Action [DoesFileExist] successfully performed. With the following test data [File Path: "src/main/java/com/shaft/gui/element/ElementActions.java"]. @01-11-2021 07:29:45.0905 AM
[ReportManager] Assertion [ValidateFileExists] PASSED. Expected [File 'src/main/java/com/shaft/gui/element/ElementActions.java' should exist, after up to '1' retries] and Actual [File exists]. Validation Type [POSITIVE]. @01-11-2021 07:29:45.0905 A

################################################################################################################################################
Starting Execution:	[43 out of 143] test cases in the current suite
Test Method:		[unitTests.tests_validations_assertions.assertNull_false_expectedToFail]
################################################################################################################################################
[ReportManager] Assertion [ValidateNull] FAILED. Expected [NULL] and Actual [NULL]. Comparison Type [EQUALS]. Validation Type [NEGATIVE]. @01-11-2021 07:29:45.0910 A

################################################################################################################################################
Starting Execution:	[44 out of 143] test cases in the current suite
Test Method:		[unitTests.tests_validations_assertions.assertNull_false_expectedToPass]
################################################################################################################################################
[ReportManager] Assertion [ValidateNull] PASSED. Expected [NULL] and Actual [1]. Comparison Type [EQUALS]. Validation Type [NEGATIVE]. @01-11-2021 07:29:45.0912 A

################################################################################################################################################
Starting Execution:	[45 out of 143] test cases in the current suite
Test Method:		[unitTests.tests_validations_assertions.assertNull_true_expectedToFail]
################################################################################################################################################
[ReportManager] Assertion [ValidateNull] FAILED. Expected [NULL] and Actual [1]. Comparison Type [EQUALS]. Validation Type [POSITIVE]. @01-11-2021 07:29:45.0915 A

################################################################################################################################################
Starting Execution:	[46 out of 143] test cases in the current suite
Test Method:		[unitTests.tests_validations_assertions.assertNull_true_expectedToPass]
################################################################################################################################################
[ReportManager] Assertion [ValidateNull] PASSED. Expected [NULL] and Actual [NULL]. Comparison Type [EQUALS]. Validation Type [POSITIVE]. @01-11-2021 07:29:45.0918 A

################################################################################################################################################
Starting Execution:	[47 out of 143] test cases in the current suite
Test Method:		[unitTests.tests_restActions.getPostsAndAssertBodyForSpecificTitle]
################################################################################################################################################
[ReportManager] Response status code: [200], status line: [HTTP/1.1 200 OK] @01-11-2021 07:29:47.0814 AM
[ReportManager] Assertion Passed: Evaluating the actual response status code against the expected one... @01-11-2021 07:29:47.0815 AM
[ReportManager] Assertion [ValidateEquals] PASSED. Expected [200] and Actual [200]. Comparison Type [EQUALS]. Validation Type [POSITIVE]. @01-11-2021 07:29:47.0815 AM
[ReportManager] API Action [PerformRequest] successfully performed. With the following test data [Request Type: "GET" | Target Status Code: "200" | Service URL: "https://jsonplaceholder.typicode.com/posts" | Content Type: "*/*" | Response Time: "729ms"]. @01-11-2021 07:29:49.0280 AM
[ReportManager] Successfully created attachment [API Request - Specifications] @01-11-2021 07:29:49.0281 AM
[ReportManager] Successfully created attachment [API Response - JSON Body] @01-11-2021 07:29:49.0558 AM
[ReportManager] API Action [GetResponseJSONValueAsList] successfully performed. @01-11-2021 07:29:49.0589 AM
[ReportManager] API Action [GetResponseJSONValue] successfully performed. With the following test data [title]. @01-11-2021 07:29:49.0616 AM
[ReportManager] API Action [GetResponseJSONValue] successfully performed. With the following test data [title]. @01-11-2021 07:29:49.0642 AM
[ReportManager] API Action [GetResponseJSONValue] successfully performed. With the following test data [body]. @01-11-2021 07:29:49.0671 AM
[ReportManager] Assertion [ValidateEquals] PASSED. Expected [qui neque nisi nulla] and Actual [est rerum tempore vitae
sequi sint nihil reprehenderit dolor beatae ea dolores neque
fugiat blanditiis voluptate porro vel nihil molestiae ut reiciendis
qui aperiam non debitis possimus qui neque nisi nulla]. Comparison Type [CONTAINS]. Validation Type [POSITIVE]. @01-11-2021 07:29:49.0671 AM
[ReportManager] API Action [GetResponseJSONValue] successfully performed. With the following test data [title]. @01-11-2021 07:29:49.0690 AM
[ReportManager] API Action [GetResponseJSONValue] successfully performed. With the following test data [title]. @01-11-2021 07:29:49.0707 AM
[ReportManager] API Action [GetResponseJSONValue] successfully performed. With the following test data [title]. @01-11-2021 07:29:49.0728 AM
[ReportManager] API Action [GetResponseJSONValue] successfully performed. With the following test data [title]. @01-11-2021 07:29:49.0748 AM
[ReportManager] API Action [GetResponseJSONValue] successfully performed. With the following test data [title]. @01-11-2021 07:29:49.0768 AM
[ReportManager] API Action [GetResponseJSONValue] successfully performed. With the following test data [title]. @01-11-2021 07:29:49.0788 AM
[ReportManager] API Action [GetResponseJSONValue] successfully performed. With the following test data [title]. @01-11-2021 07:29:49.0807 AM
[ReportManager] API Action [GetResponseJSONValue] successfully performed. With the following test data [title]. @01-11-2021 07:29:49.0825 AM
[ReportManager] API Action [GetResponseJSONValue] successfully performed. With the following test data [title]. @01-11-2021 07:29:49.0843 AM
[ReportManager] API Action [GetResponseJSONValue] successfully performed. With the following test data [title]. @01-11-2021 07:29:49.0858 AM
[ReportManager] API Action [GetResponseJSONValue] successfully performed. With the following test data [title]. @01-11-2021 07:29:49.0886 AM
[ReportManager] API Action [GetResponseJSONValue] successfully performed. With the following test data [title]. @01-11-2021 07:29:49.0919 AM
[ReportManager] API Action [GetResponseJSONValue] successfully performed. With the following test data [title]. @01-11-2021 07:29:49.0937 AM
[ReportManager] API Action [GetResponseJSONValue] successfully performed. With the following test data [title]. @01-11-2021 07:29:49.0955 AM
[ReportManager] API Action [GetResponseJSONValue] successfully performed. With the following test data [title]. @01-11-2021 07:29:49.0978 AM
[ReportManager] API Action [GetResponseJSONValue] successfully performed. With the following test data [title]. @01-11-2021 07:29:49.0996 AM
[ReportManager] API Action [GetResponseJSONValue] successfully performed. With the following test data [title]. @01-11-2021 07:29:50.0013 AM
[ReportManager] API Action [GetResponseJSONValue] successfully performed. With the following test data [title]. @01-11-2021 07:29:50.0031 AM
[ReportManager] API Action [GetResponseJSONValue] successfully performed. With the following test data [title]. @01-11-2021 07:29:50.0045 AM
[ReportManager] API Action [GetResponseJSONValue] successfully performed. With the following test data [title]. @01-11-2021 07:29:50.0064 AM
[ReportManager] API Action [GetResponseJSONValue] successfully performed. With the following test data [title]. @01-11-2021 07:29:50.0086 AM
[ReportManager] API Action [GetResponseJSONValue] successfully performed. With the following test data [title]. @01-11-2021 07:29:50.0108 AM
[ReportManager] API Action [GetResponseJSONValue] successfully performed. With the following test data [title]. @01-11-2021 07:29:50.0122 AM
[ReportManager] API Action [GetResponseJSONValue] successfully performed. With the following test data [title]. @01-11-2021 07:29:50.0139 AM
[ReportManager] API Action [GetResponseJSONValue] successfully performed. With the following test data [title]. @01-11-2021 07:29:50.0159 AM
[ReportManager] API Action [GetResponseJSONValue] successfully performed. With the following test data [title]. @01-11-2021 07:29:50.0173 AM
[ReportManager] API Action [GetResponseJSONValue] successfully performed. With the following test data [title]. @01-11-2021 07:29:50.0193 AM
[ReportManager] API Action [GetResponseJSONValue] successfully performed. With the following test data [title]. @01-11-2021 07:29:50.0208 AM
[ReportManager] API Action [GetResponseJSONValue] successfully performed. With the following test data [title]. @01-11-2021 07:29:50.0218 AM
[ReportManager] API Action [GetResponseJSONValue] successfully performed. With the following test data [title]. @01-11-2021 07:29:50.0227 AM
[ReportManager] API Action [GetResponseJSONValue] successfully performed. With the following test data [title]. @01-11-2021 07:29:50.0236 AM
[ReportManager] API Action [GetResponseJSONValue] successfully performed. With the following test data [title]. @01-11-2021 07:29:50.0245 AM
[ReportManager] API Action [GetResponseJSONValue] successfully performed. With the following test data [title]. @01-11-2021 07:29:50.0254 AM
[ReportManager] API Action [GetResponseJSONValue] successfully performed. With the following test data [title]. @01-11-2021 07:29:50.0263 AM
[ReportManager] API Action [GetResponseJSONValue] successfully performed. With the following test data [title]. @01-11-2021 07:29:50.0272 AM
[ReportManager] API Action [GetResponseJSONValue] successfully performed. With the following test data [title]. @01-11-2021 07:29:50.0281 AM
[ReportManager] API Action [GetResponseJSONValue] successfully performed. With the following test data [title]. @01-11-2021 07:29:50.0290 AM
[ReportManager] API Action [GetResponseJSONValue] successfully performed. With the following test data [title]. @01-11-2021 07:29:50.0299 AM
[ReportManager] API Action [GetResponseJSONValue] successfully performed. With the following test data [title]. @01-11-2021 07:29:50.0308 AM
[ReportManager] API Action [GetResponseJSONValue] successfully performed. With the following test data [title]. @01-11-2021 07:29:50.0317 AM
[ReportManager] API Action [GetResponseJSONValue] successfully performed. With the following test data [title]. @01-11-2021 07:29:50.0325 AM
[ReportManager] API Action [GetResponseJSONValue] successfully performed. With the following test data [title]. @01-11-2021 07:29:50.0334 AM
[ReportManager] API Action [GetResponseJSONValue] successfully performed. With the following test data [title]. @01-11-2021 07:29:50.0343 AM
[ReportManager] API Action [GetResponseJSONValue] successfully performed. With the following test data [title]. @01-11-2021 07:29:50.0352 AM
[ReportManager] API Action [GetResponseJSONValue] successfully performed. With the following test data [title]. @01-11-2021 07:29:50.0361 AM
[ReportManager] API Action [GetResponseJSONValue] successfully performed. With the following test data [title]. @01-11-2021 07:29:50.0370 AM
[ReportManager] API Action [GetResponseJSONValue] successfully performed. With the following test data [title]. @01-11-2021 07:29:50.0379 AM
[ReportManager] API Action [GetResponseJSONValue] successfully performed. With the following test data [title]. @01-11-2021 07:29:50.0388 AM
[ReportManager] API Action [GetResponseJSONValue] successfully performed. With the following test data [title]. @01-11-2021 07:29:50.0397 AM
[ReportManager] API Action [GetResponseJSONValue] successfully performed. With the following test data [title]. @01-11-2021 07:29:50.0405 AM
[ReportManager] API Action [GetResponseJSONValue] successfully performed. With the following test data [title]. @01-11-2021 07:29:50.0415 AM
[ReportManager] API Action [GetResponseJSONValue] successfully performed. With the following test data [title]. @01-11-2021 07:29:50.0424 AM
[ReportManager] API Action [GetResponseJSONValue] successfully performed. With the following test data [title]. @01-11-2021 07:29:50.0433 AM
[ReportManager] API Action [GetResponseJSONValue] successfully performed. With the following test data [title]. @01-11-2021 07:29:50.0443 AM
[ReportManager] API Action [GetResponseJSONValue] successfully performed. With the following test data [title]. @01-11-2021 07:29:50.0452 AM
[ReportManager] API Action [GetResponseJSONValue] successfully performed. With the following test data [title]. @01-11-2021 07:29:50.0461 AM
[ReportManager] API Action [GetResponseJSONValue] successfully performed. With the following test data [title]. @01-11-2021 07:29:50.0470 AM
[ReportManager] API Action [GetResponseJSONValue] successfully performed. With the following test data [title]. @01-11-2021 07:29:50.0480 AM
[ReportManager] API Action [GetResponseJSONValue] successfully performed. With the following test data [title]. @01-11-2021 07:29:50.0489 AM
[ReportManager] API Action [GetResponseJSONValue] successfully performed. With the following test data [title]. @01-11-2021 07:29:50.0521 AM
[ReportManager] API Action [GetResponseJSONValue] successfully performed. With the following test data [title]. @01-11-2021 07:29:50.0530 AM
[ReportManager] API Action [GetResponseJSONValue] successfully performed. With the following test data [title]. @01-11-2021 07:29:50.0540 AM
[ReportManager] API Action [GetResponseJSONValue] successfully performed. With the following test data [title]. @01-11-2021 07:29:50.0549 AM
[ReportManager] API Action [GetResponseJSONValue] successfully performed. With the following test data [title]. @01-11-2021 07:29:50.0558 AM
[ReportManager] API Action [GetResponseJSONValue] successfully performed. With the following test data [title]. @01-11-2021 07:29:50.0567 AM
[ReportManager] API Action [GetResponseJSONValue] successfully performed. With the following test data [title]. @01-11-2021 07:29:50.0576 AM
[ReportManager] API Action [GetResponseJSONValue] successfully performed. With the following test data [title]. @01-11-2021 07:29:50.0585 AM
[ReportManager] API Action [GetResponseJSONValue] successfully performed. With the following test data [title]. @01-11-2021 07:29:50.0594 AM
[ReportManager] API Action [GetResponseJSONValue] successfully performed. With the following test data [title]. @01-11-2021 07:29:50.0603 AM
[ReportManager] API Action [GetResponseJSONValue] successfully performed. With the following test data [title]. @01-11-2021 07:29:50.0612 AM
[ReportManager] API Action [GetResponseJSONValue] successfully performed. With the following test data [title]. @01-11-2021 07:29:50.0621 AM
[ReportManager] API Action [GetResponseJSONValue] successfully performed. With the following test data [title]. @01-11-2021 07:29:50.0630 AM
[ReportManager] API Action [GetResponseJSONValue] successfully performed. With the following test data [title]. @01-11-2021 07:29:50.0639 AM
[ReportManager] API Action [GetResponseJSONValue] successfully performed. With the following test data [title]. @01-11-2021 07:29:50.0648 AM
[ReportManager] API Action [GetResponseJSONValue] successfully performed. With the following test data [title]. @01-11-2021 07:29:50.0657 AM
[ReportManager] API Action [GetResponseJSONValue] successfully performed. With the following test data [title]. @01-11-2021 07:29:50.0666 AM
[ReportManager] API Action [GetResponseJSONValue] successfully performed. With the following test data [title]. @01-11-2021 07:29:50.0674 AM
[ReportManager] API Action [GetResponseJSONValue] successfully performed. With the following test data [title]. @01-11-2021 07:29:50.0683 AM
[ReportManager] API Action [GetResponseJSONValue] successfully performed. With the following test data [title]. @01-11-2021 07:29:50.0692 AM
[ReportManager] API Action [GetResponseJSONValue] successfully performed. With the following test data [title]. @01-11-2021 07:29:50.0701 AM
[ReportManager] API Action [GetResponseJSONValue] successfully performed. With the following test data [title]. @01-11-2021 07:29:50.0710 AM
[ReportManager] API Action [GetResponseJSONValue] successfully performed. With the following test data [title]. @01-11-2021 07:29:50.0719 AM
[ReportManager] API Action [GetResponseJSONValue] successfully performed. With the following test data [title]. @01-11-2021 07:29:50.0728 AM
[ReportManager] API Action [GetResponseJSONValue] successfully performed. With the following test data [title]. @01-11-2021 07:29:50.0736 AM
[ReportManager] API Action [GetResponseJSONValue] successfully performed. With the following test data [title]. @01-11-2021 07:29:50.0744 AM
[ReportManager] API Action [GetResponseJSONValue] successfully performed. With the following test data [title]. @01-11-2021 07:29:50.0753 AM
[ReportManager] API Action [GetResponseJSONValue] successfully performed. With the following test data [title]. @01-11-2021 07:29:50.0762 AM
[ReportManager] API Action [GetResponseJSONValue] successfully performed. With the following test data [title]. @01-11-2021 07:29:50.0771 AM
[ReportManager] API Action [GetResponseJSONValue] successfully performed. With the following test data [title]. @01-11-2021 07:29:50.0779 AM
[ReportManager] API Action [GetResponseJSONValue] successfully performed. With the following test data [title]. @01-11-2021 07:29:50.0788 AM
[ReportManager] API Action [GetResponseJSONValue] successfully performed. With the following test data [title]. @01-11-2021 07:29:50.0796 AM
[ReportManager] API Action [GetResponseJSONValue] successfully performed. With the following test data [title]. @01-11-2021 07:29:50.0805 AM
[ReportManager] API Action [GetResponseJSONValue] successfully performed. With the following test data [title]. @01-11-2021 07:29:50.0814 AM
[ReportManager] API Action [GetResponseJSONValue] successfully performed. With the following test data [title]. @01-11-2021 07:29:50.0822 AM
[ReportManager] API Action [GetResponseJSONValue] successfully performed. With the following test data [title]. @01-11-2021 07:29:50.0830 AM
[ReportManager] API Action [GetResponseJSONValue] successfully performed. With the following test data [title]. @01-11-2021 07:29:50.0839 AM
[ReportManager] API Action [GetResponseJSONValue] successfully performed. With the following test data [title]. @01-11-2021 07:29:50.0848 AM
[ReportManager] API Action [GetResponseJSONValue] successfully performed. With the following test data [title]. @01-11-2021 07:29:50.0856 A

################################################################################################################################################
Starting Execution:	[48 out of 143] test cases in the current suite
Test Method:		[unitTests.tests_restActions.validateUserEmail]
################################################################################################################################################
[ReportManager] Response status code: [200], status line: [HTTP/1.1 200 OK] @01-11-2021 07:29:50.0931 AM
[ReportManager] Assertion Passed: Evaluating the actual response status code against the expected one... @01-11-2021 07:29:50.0932 AM
[ReportManager] Assertion [ValidateEquals] PASSED. Expected [200] and Actual [200]. Comparison Type [EQUALS]. Validation Type [POSITIVE]. @01-11-2021 07:29:50.0932 AM
[ReportManager] API Action [PerformRequest] successfully performed. With the following test data [Request Type: "GET" | Target Status Code: "200" | Service URL: "https://jsonplaceholder.typicode.com/users" | Content Type: "*/*" | Response Time: "55ms"]. @01-11-2021 07:29:50.0949 AM
[ReportManager] Successfully created attachment [API Request - Specifications] @01-11-2021 07:29:50.0949 AM
[ReportManager] Successfully created attachment [API Response - JSON Body] @01-11-2021 07:29:50.0950 AM
[ReportManager] Assertion [ValidateEquals] PASSED. Expected and Actual values are attached. Comparison Type [CONTAINS]. Validation Type [POSITIVE]. @01-11-2021 07:29:50.0950 AM
[ReportManager] Successfully created attachment [Validation Test Data - Expected Value] @01-11-2021 07:29:50.0950 AM
[ReportManager] Successfully created attachment [Validation Test Data - Actual Value] @01-11-2021 07:29:50.0950 AM
[ReportManager] API Action [GetResponseJSONValueAsList] successfully performed. With the following test data [$]. @01-11-2021 07:29:50.0954 AM
[ReportManager] API Action [GetResponseJSONValue] successfully performed. With the following test data [name]. @01-11-2021 07:29:50.0965 AM
[ReportManager] API Action [GetResponseJSONValue] successfully performed. With the following test data [email]. @01-11-2021 07:29:50.0975 AM
[ReportManager] Assertion [ValidateEquals] PASSED. Expected [Sincere@april.biz] and Actual [Sincere@april.biz]. Comparison Type [EQUALS]. Validation Type [POSITIVE]. @01-11-2021 07:29:50.0975 AM
[ReportManager] API Action [GetResponseJSONValue] successfully performed. With the following test data [name]. @01-11-2021 07:29:50.0985 AM
[ReportManager] API Action [GetResponseJSONValue] successfully performed. With the following test data [name]. @01-11-2021 07:29:50.0995 AM
[ReportManager] API Action [GetResponseJSONValue] successfully performed. With the following test data [name]. @01-11-2021 07:29:51.0005 AM
[ReportManager] API Action [GetResponseJSONValue] successfully performed. With the following test data [name]. @01-11-2021 07:29:51.0014 AM
[ReportManager] API Action [GetResponseJSONValue] successfully performed. With the following test data [name]. @01-11-2021 07:29:51.0023 AM
[ReportManager] API Action [GetResponseJSONValue] successfully performed. With the following test data [name]. @01-11-2021 07:29:51.0031 AM
[ReportManager] API Action [GetResponseJSONValue] successfully performed. With the following test data [name]. @01-11-2021 07:29:51.0040 AM
[ReportManager] API Action [GetResponseJSONValue] successfully performed. With the following test data [name]. @01-11-2021 07:29:51.0048 AM
[ReportManager] API Action [GetResponseJSONValue] successfully performed. With the following test data [name]. @01-11-2021 07:29:51.0058 A
[ReportManager] File Action [GetAbsolutePath] successfully performed. With the following test data [Relative Folder Path: "target/downloadedFiles/"]. @01-11-2021 07:29:51.0069 AM
[ReportManager] Attempting to run remotely on: [Linux-64], [GoogleChrome], [http://localhost:4444/wd/hub], Headless Execution. @01-11-2021 07:29:51.0069 AM
[ReportManager] Successfully Opened [GoogleChrome]. @01-11-2021 07:29:53.0114 AM
[ReportManager] Target URL: [https://duckduckgo.com] @01-11-2021 07:29:53.0114 AM
[ReportManager] Initial URL: [data:,] @01-11-2021 07:29:53.0239 AM
[ReportManager] Browser Action [NavigateToURL] successfully performed. With the following test data [https://duckduckgo.com]. @01-11-2021 07:29:53.0935 A

################################################################################################################################################
Starting Execution:	[49 out of 143] test cases in the current suite
Test Method:		[unitTests.tests_browserActions.fullScreenWindow]
################################################################################################################################################
[ReportManager] Initial Windows Size: 1920x1080 @01-11-2021 07:29:53.0969 AM
[ReportManager] Initial window size: (1920, 1080) @01-11-2021 07:29:53.0974 AM
[ReportManager] Window size after Toolkit: (1920, 1080) @01-11-2021 07:29:54.0205 AM
[ReportManager] Browser Action [MaximizeWindow] successfully performed. With the following test data [New screen size is now: (1920, 1080)]. @01-11-2021 07:29:54.0211 AM
[ReportManager] Current Windows Size after fullScreen: 1920x1080 @01-11-2021 07:29:54.0220 AM
[ReportManager] Browser Action [FullScreenWindow] successfully performed. @01-11-2021 07:29:54.0232 AM
[ReportManager] Successfully created attachment [Browser Action Test Data - FullScreenWindow - Actual Value] @01-11-2021 07:29:54.0234 A
[ReportManager] Target URL: [https://duckduckgo.com] @01-11-2021 07:29:54.0237 AM
[ReportManager] Initial URL: [https://duckduckgo.com] @01-11-2021 07:29:54.0381 AM
[ReportManager] Browser Action [NavigateToURL] successfully performed. With the following test data [https://duckduckgo.com]. @01-11-2021 07:29:54.0815 AM
[ReportManager] Browser Action [CloseCurrentWindow] successfully performed. @01-11-2021 07:29:54.0956 AM
[ReportManager] Successfully created attachment [Browser Action Test Data - CloseCurrentWindow - Actual Value] @01-11-2021 07:29:54.0958 A
[ReportManager] File Action [GetAbsolutePath] successfully performed. With the following test data [Relative Folder Path: "target/downloadedFiles/"]. @01-11-2021 07:29:54.0961 AM
[ReportManager] Attempting to run remotely on: [Linux-64], [GoogleChrome], [http://localhost:4444/wd/hub], Headless Execution. @01-11-2021 07:29:54.0961 AM
[ReportManager] Successfully Opened [GoogleChrome]. @01-11-2021 07:29:58.0086 AM
[ReportManager] Target URL: [https://duckduckgo.com] @01-11-2021 07:29:58.0086 AM
[ReportManager] Initial URL: [data:,] @01-11-2021 07:29:58.0177 AM
[ReportManager] Browser Action [NavigateToURL] successfully performed. With the following test data [https://duckduckgo.com]. @01-11-2021 07:29:58.0809 A

################################################################################################################################################
Starting Execution:	[50 out of 143] test cases in the current suite
Test Method:		[unitTests.tests_browserActions.getCurrentURL]
################################################################################################################################################
[ReportManager] Browser Action [GetCurrentURL] successfully performed. With the following test data [https://duckduckgo.com/]. @01-11-2021 07:29:58.0878 A
[ReportManager] Target URL: [https://duckduckgo.com] @01-11-2021 07:29:58.0885 AM
[ReportManager] Initial URL: [https://duckduckgo.com] @01-11-2021 07:29:58.0998 AM
[ReportManager] Browser Action [NavigateToURL] successfully performed. With the following test data [https://duckduckgo.com]. @01-11-2021 07:29:59.0385 AM
[ReportManager] Browser Action [CloseCurrentWindow] successfully performed. @01-11-2021 07:29:59.0501 AM
[ReportManager] Successfully created attachment [Browser Action Test Data - CloseCurrentWindow - Actual Value] @01-11-2021 07:29:59.0510 A
[ReportManager] File Action [GetAbsolutePath] successfully performed. With the following test data [Relative Folder Path: "target/downloadedFiles/"]. @01-11-2021 07:29:59.0520 AM
[ReportManager] Attempting to run remotely on: [Linux-64], [GoogleChrome], [http://localhost:4444/wd/hub], Headless Execution. @01-11-2021 07:29:59.0520 AM
[ReportManager] Successfully Opened [GoogleChrome]. @01-11-2021 07:30:03.0149 AM
[ReportManager] Target URL: [https://duckduckgo.com] @01-11-2021 07:30:03.0149 AM
[ReportManager] Initial URL: [data:,] @01-11-2021 07:30:03.0213 AM
[ReportManager] Browser Action [NavigateToURL] successfully performed. With the following test data [https://duckduckgo.com]. @01-11-2021 07:30:03.0824 A

################################################################################################################################################
Starting Execution:	[51 out of 143] test cases in the current suite
Test Method:		[unitTests.tests_browserActions.getCurrentWindowTitle]
################################################################################################################################################
[ReportManager] Browser Action [GetCurrentWindowTitle] successfully performed. With the following test data [DuckDuckGo  Privacy, simplified.]. @01-11-2021 07:30:03.0886 A
[ReportManager] Target URL: [https://duckduckgo.com] @01-11-2021 07:30:03.0888 AM
[ReportManager] Initial URL: [https://duckduckgo.com] @01-11-2021 07:30:03.0960 AM
[ReportManager] Browser Action [NavigateToURL] successfully performed. With the following test data [https://duckduckgo.com]. @01-11-2021 07:30:04.0296 AM
[ReportManager] Browser Action [CloseCurrentWindow] successfully performed. @01-11-2021 07:30:04.0435 AM
[ReportManager] Successfully created attachment [Browser Action Test Data - CloseCurrentWindow - Actual Value] @01-11-2021 07:30:04.0436 A
[ReportManager] File Action [GetAbsolutePath] successfully performed. With the following test data [Relative Folder Path: "target/downloadedFiles/"]. @01-11-2021 07:30:04.0438 AM
[ReportManager] Attempting to run remotely on: [Linux-64], [GoogleChrome], [http://localhost:4444/wd/hub], Headless Execution. @01-11-2021 07:30:04.0438 AM
[ReportManager] Successfully Opened [GoogleChrome]. @01-11-2021 07:30:08.0080 AM
[ReportManager] Target URL: [https://duckduckgo.com] @01-11-2021 07:30:08.0080 AM
[ReportManager] Initial URL: [data:,] @01-11-2021 07:30:08.0132 AM
[ReportManager] Browser Action [NavigateToURL] successfully performed. With the following test data [https://duckduckgo.com]. @01-11-2021 07:30:08.0746 A

################################################################################################################################################
Starting Execution:	[52 out of 143] test cases in the current suite
Test Method:		[unitTests.tests_browserActions.getPageSource]
################################################################################################################################################
[ReportManager] Browser Action [GetPageSource] successfully performed. @01-11-2021 07:30:08.0814 AM
[ReportManager] Successfully created attachment [Browser Action Test Data - GetPageSource - Actual Value] @01-11-2021 07:30:08.0814 A
[ReportManager] Target URL: [https://duckduckgo.com] @01-11-2021 07:30:08.0820 AM
[ReportManager] Initial URL: [https://duckduckgo.com] @01-11-2021 07:30:08.0943 AM
[ReportManager] Browser Action [NavigateToURL] successfully performed. With the following test data [https://duckduckgo.com]. @01-11-2021 07:30:09.0336 AM
[ReportManager] Browser Action [CloseCurrentWindow] successfully performed. @01-11-2021 07:30:09.0453 AM
[ReportManager] Successfully created attachment [Browser Action Test Data - CloseCurrentWindow - Actual Value] @01-11-2021 07:30:09.0454 A
[ReportManager] File Action [GetAbsolutePath] successfully performed. With the following test data [Relative Folder Path: "target/downloadedFiles/"]. @01-11-2021 07:30:09.0456 AM
[ReportManager] Attempting to run remotely on: [Linux-64], [GoogleChrome], [http://localhost:4444/wd/hub], Headless Execution. @01-11-2021 07:30:09.0456 AM
[ReportManager] Successfully Opened [GoogleChrome]. @01-11-2021 07:30:13.0079 AM
[ReportManager] Target URL: [https://duckduckgo.com] @01-11-2021 07:30:13.0079 AM
[ReportManager] Initial URL: [data:,] @01-11-2021 07:30:13.0161 AM
[ReportManager] Browser Action [NavigateToURL] successfully performed. With the following test data [https://duckduckgo.com]. @01-11-2021 07:30:13.0715 A

################################################################################################################################################
Starting Execution:	[53 out of 143] test cases in the current suite
Test Method:		[unitTests.tests_browserActions.getWindowHandle]
################################################################################################################################################
[ReportManager] Browser Action [GetWindowHandle] successfully performed. With the following test data [CDwindow-5709232B993BC36DFB402097E649F414]. @01-11-2021 07:30:13.0764 A
[ReportManager] Target URL: [https://duckduckgo.com] @01-11-2021 07:30:13.0766 AM
[ReportManager] Initial URL: [https://duckduckgo.com] @01-11-2021 07:30:13.0847 AM
[ReportManager] Browser Action [NavigateToURL] successfully performed. With the following test data [https://duckduckgo.com]. @01-11-2021 07:30:14.0261 AM
[ReportManager] Browser Action [CloseCurrentWindow] successfully performed. @01-11-2021 07:30:14.0375 AM
[ReportManager] Successfully created attachment [Browser Action Test Data - CloseCurrentWindow - Actual Value] @01-11-2021 07:30:14.0375 A
[ReportManager] File Action [GetAbsolutePath] successfully performed. With the following test data [Relative Folder Path: "target/downloadedFiles/"]. @01-11-2021 07:30:14.0378 AM
[ReportManager] Attempting to run remotely on: [Linux-64], [GoogleChrome], [http://localhost:4444/wd/hub], Headless Execution. @01-11-2021 07:30:14.0378 AM
[ReportManager] Successfully Opened [GoogleChrome]. @01-11-2021 07:30:18.0051 AM
[ReportManager] Target URL: [https://duckduckgo.com] @01-11-2021 07:30:18.0051 AM
[ReportManager] Initial URL: [data:,] @01-11-2021 07:30:18.0147 AM
[ReportManager] Browser Action [NavigateToURL] successfully performed. With the following test data [https://duckduckgo.com]. @01-11-2021 07:30:18.0840 A

################################################################################################################################################
Starting Execution:	[54 out of 143] test cases in the current suite
Test Method:		[unitTests.tests_browserActions.getWindowPosition]
################################################################################################################################################
[ReportManager] Browser Action [GetWindowPosition] successfully performed. With the following test data [(0, 0)]. @01-11-2021 07:30:18.0878 A
[ReportManager] Target URL: [https://duckduckgo.com] @01-11-2021 07:30:18.0879 AM
[ReportManager] Initial URL: [https://duckduckgo.com] @01-11-2021 07:30:18.0944 AM
[ReportManager] Browser Action [NavigateToURL] successfully performed. With the following test data [https://duckduckgo.com]. @01-11-2021 07:30:19.0329 AM
[ReportManager] Browser Action [CloseCurrentWindow] successfully performed. @01-11-2021 07:30:19.0503 AM
[ReportManager] Successfully created attachment [Browser Action Test Data - CloseCurrentWindow - Actual Value] @01-11-2021 07:30:19.0504 A
[ReportManager] File Action [GetAbsolutePath] successfully performed. With the following test data [Relative Folder Path: "target/downloadedFiles/"]. @01-11-2021 07:30:19.0508 AM
[ReportManager] Attempting to run remotely on: [Linux-64], [GoogleChrome], [http://localhost:4444/wd/hub], Headless Execution. @01-11-2021 07:30:19.0508 AM
[ReportManager] Successfully Opened [GoogleChrome]. @01-11-2021 07:30:23.0072 AM
[ReportManager] Target URL: [https://duckduckgo.com] @01-11-2021 07:30:23.0072 AM
[ReportManager] Initial URL: [data:,] @01-11-2021 07:30:23.0181 AM
[ReportManager] Browser Action [NavigateToURL] successfully performed. With the following test data [https://duckduckgo.com]. @01-11-2021 07:30:23.0772 A

################################################################################################################################################
Starting Execution:	[55 out of 143] test cases in the current suite
Test Method:		[unitTests.tests_browserActions.getWindowSize]
################################################################################################################################################
[ReportManager] Browser Action [GetWindowSize] successfully performed. With the following test data [(1920, 1080)]. @01-11-2021 07:30:23.0838 A
[ReportManager] Target URL: [https://duckduckgo.com] @01-11-2021 07:30:23.0840 AM
[ReportManager] Initial URL: [https://duckduckgo.com] @01-11-2021 07:30:23.0923 AM
[ReportManager] Browser Action [NavigateToURL] successfully performed. With the following test data [https://duckduckgo.com]. @01-11-2021 07:30:24.0365 AM
[ReportManager] Browser Action [CloseCurrentWindow] successfully performed. @01-11-2021 07:30:24.0495 AM
[ReportManager] Successfully created attachment [Browser Action Test Data - CloseCurrentWindow - Actual Value] @01-11-2021 07:30:24.0496 A
[ReportManager] File Action [GetAbsolutePath] successfully performed. With the following test data [Relative Folder Path: "target/downloadedFiles/"]. @01-11-2021 07:30:24.0498 AM
[ReportManager] Attempting to run remotely on: [Linux-64], [GoogleChrome], [http://localhost:4444/wd/hub], Headless Execution. @01-11-2021 07:30:24.0499 AM
[ReportManager] Successfully Opened [GoogleChrome]. @01-11-2021 07:30:28.0063 AM
[ReportManager] Target URL: [https://duckduckgo.com] @01-11-2021 07:30:28.0063 AM
[ReportManager] Initial URL: [data:,] @01-11-2021 07:30:28.0143 AM
[ReportManager] Browser Action [NavigateToURL] successfully performed. With the following test data [https://duckduckgo.com]. @01-11-2021 07:30:28.0698 A

################################################################################################################################################
Starting Execution:	[56 out of 143] test cases in the current suite
Test Method:		[unitTests.tests_browserActions.maximizeWindow]
################################################################################################################################################
[ReportManager] Initial window size: (1920, 1080) @01-11-2021 07:30:28.0712 AM
[ReportManager] Window size after Toolkit: (1920, 1080) @01-11-2021 07:30:28.0943 AM
[ReportManager] Browser Action [MaximizeWindow] successfully performed. With the following test data [New screen size is now: (1920, 1080)]. @01-11-2021 07:30:28.0953 A
[ReportManager] Target URL: [https://duckduckgo.com] @01-11-2021 07:30:28.0954 AM
[ReportManager] Initial URL: [https://duckduckgo.com] @01-11-2021 07:30:29.0029 AM
[ReportManager] Browser Action [NavigateToURL] successfully performed. With the following test data [https://duckduckgo.com]. @01-11-2021 07:30:29.0359 AM
[ReportManager] Browser Action [CloseCurrentWindow] successfully performed. @01-11-2021 07:30:29.0516 AM
[ReportManager] Successfully created attachment [Browser Action Test Data - CloseCurrentWindow - Actual Value] @01-11-2021 07:30:29.0517 A
[ReportManager] File Action [GetAbsolutePath] successfully performed. With the following test data [Relative Folder Path: "target/downloadedFiles/"]. @01-11-2021 07:30:29.0520 AM
[ReportManager] Attempting to run remotely on: [Linux-64], [GoogleChrome], [http://localhost:4444/wd/hub], Headless Execution. @01-11-2021 07:30:29.0520 AM
[ReportManager] Successfully Opened [GoogleChrome]. @01-11-2021 07:30:33.0059 AM
[ReportManager] Target URL: [https://duckduckgo.com] @01-11-2021 07:30:33.0059 AM
[ReportManager] Initial URL: [data:,] @01-11-2021 07:30:33.0128 AM
[ReportManager] Browser Action [NavigateToURL] successfully performed. With the following test data [https://duckduckgo.com]. @01-11-2021 07:30:33.0678 A

################################################################################################################################################
Starting Execution:	[57 out of 143] test cases in the current suite
Test Method:		[unitTests.tests_browserActions.navigateBack]
################################################################################################################################################
[ReportManager] Target URL: [https://www.google.com/ncr], and after redirection: [https://www.google.com] @01-11-2021 07:30:33.0681 AM
[ReportManager] Initial URL: [https://duckduckgo.com] @01-11-2021 07:30:33.0797 AM
[ReportManager] Browser Action [NavigateToURL] successfully performed. With the following test data [https://www.google.com/ncr]. @01-11-2021 07:30:34.0652 AM
[ReportManager] Browser Action [NavigateBack] successfully performed. With the following test data [https://duckduckgo.com/]. @01-11-2021 07:30:35.0231 AM
[ReportManager] Browser Action [GetCurrentURL] successfully performed. With the following test data [https://duckduckgo.com/]. @01-11-2021 07:30:35.0369 AM
[ReportManager] Assertion Passed: Confirming that navigating back was successful @01-11-2021 07:30:35.0778 AM
[ReportManager] Successfully created attachment [Screenshot - 1635751835592_navigateBack_ValidateBrowserAttribute_passed] @01-11-2021 07:30:35.0779 AM
[ReportManager] Assertion [ValidateBrowserAttribute] PASSED. Expected [Value Should be 'https://duckduckgo.com' for the 'CurrentUrl' attribute] and Actual [https://duckduckgo.com/]. Comparison Type [CONTAINS]. Validation Type [POSITIVE]. @01-11-2021 07:30:35.0779 A
[ReportManager] Target URL: [https://duckduckgo.com] @01-11-2021 07:30:35.0781 AM
[ReportManager] Initial URL: [https://duckduckgo.com] @01-11-2021 07:30:35.0854 AM
[ReportManager] Browser Action [NavigateToURL] successfully performed. With the following test data [https://duckduckgo.com]. @01-11-2021 07:30:36.0192 AM
[ReportManager] Browser Action [CloseCurrentWindow] successfully performed. @01-11-2021 07:30:36.0324 AM
[ReportManager] Successfully created attachment [Browser Action Test Data - CloseCurrentWindow - Actual Value] @01-11-2021 07:30:36.0325 A
[ReportManager] File Action [GetAbsolutePath] successfully performed. With the following test data [Relative Folder Path: "target/downloadedFiles/"]. @01-11-2021 07:30:36.0328 AM
[ReportManager] Attempting to run remotely on: [Linux-64], [GoogleChrome], [http://localhost:4444/wd/hub], Headless Execution. @01-11-2021 07:30:36.0332 AM
[ReportManager] Successfully Opened [GoogleChrome]. @01-11-2021 07:30:38.0065 AM
[ReportManager] Target URL: [https://duckduckgo.com] @01-11-2021 07:30:38.0065 AM
[ReportManager] Initial URL: [data:,] @01-11-2021 07:30:38.0120 AM
[ReportManager] Browser Action [NavigateToURL] successfully performed. With the following test data [https://duckduckgo.com]. @01-11-2021 07:30:38.0714 A

################################################################################################################################################
Starting Execution:	[58 out of 143] test cases in the current suite
Test Method:		[unitTests.tests_browserActions.navigateForward]
################################################################################################################################################
[ReportManager] Target URL: [https://www.google.com/ncr], and after redirection: [https://www.google.com] @01-11-2021 07:30:38.0723 AM
[ReportManager] Initial URL: [https://duckduckgo.com] @01-11-2021 07:30:38.0809 AM
[ReportManager] Browser Action [NavigateToURL] successfully performed. With the following test data [https://www.google.com/ncr]. @01-11-2021 07:30:39.0636 AM
[ReportManager] Browser Action [NavigateBack] successfully performed. With the following test data [https://duckduckgo.com/]. @01-11-2021 07:30:40.0168 AM
[ReportManager] Browser Action [NavigateForward] successfully performed. With the following test data [https://www.google.com/]. @01-11-2021 07:30:40.0699 A
[ReportManager] Target URL: [https://duckduckgo.com] @01-11-2021 07:30:40.0704 AM
[ReportManager] Initial URL: [https://www.google.com] @01-11-2021 07:30:40.0778 AM
[ReportManager] Browser Action [NavigateToURL] successfully performed. With the following test data [https://duckduckgo.com]. @01-11-2021 07:30:41.0268 AM
[ReportManager] Browser Action [CloseCurrentWindow] successfully performed. @01-11-2021 07:30:41.0428 AM
[ReportManager] Successfully created attachment [Browser Action Test Data - CloseCurrentWindow - Actual Value] @01-11-2021 07:30:41.0429 A
[ReportManager] File Action [GetAbsolutePath] successfully performed. With the following test data [Relative Folder Path: "target/downloadedFiles/"]. @01-11-2021 07:30:41.0432 AM
[ReportManager] Attempting to run remotely on: [Linux-64], [GoogleChrome], [http://localhost:4444/wd/hub], Headless Execution. @01-11-2021 07:30:41.0432 AM
[ReportManager] Successfully Opened [GoogleChrome]. @01-11-2021 07:30:43.0061 AM
[ReportManager] Target URL: [https://duckduckgo.com] @01-11-2021 07:30:43.0061 AM
[ReportManager] Initial URL: [data:,] @01-11-2021 07:30:43.0123 AM
[ReportManager] Browser Action [NavigateToURL] successfully performed. With the following test data [https://duckduckgo.com]. @01-11-2021 07:30:43.0647 A

################################################################################################################################################
Starting Execution:	[59 out of 143] test cases in the current suite
Test Method:		[unitTests.tests_browserActions.navigateToURL]
################################################################################################################################################
[ReportManager] Target URL: [https://duckduckgo.com] @01-11-2021 07:30:43.0656 AM
[ReportManager] Initial URL: [https://duckduckgo.com] @01-11-2021 07:30:43.0802 AM
[ReportManager] Browser Action [NavigateToURL] successfully performed. With the following test data [https://duckduckgo.com]. @01-11-2021 07:30:44.0422 A
[ReportManager] Target URL: [https://duckduckgo.com] @01-11-2021 07:30:44.0427 AM
[ReportManager] Initial URL: [https://duckduckgo.com] @01-11-2021 07:30:44.0507 AM
[ReportManager] Browser Action [NavigateToURL] successfully performed. With the following test data [https://duckduckgo.com]. @01-11-2021 07:30:44.0828 AM
[ReportManager] Browser Action [CloseCurrentWindow] successfully performed. @01-11-2021 07:30:44.0993 AM
[ReportManager] Successfully created attachment [Browser Action Test Data - CloseCurrentWindow - Actual Value] @01-11-2021 07:30:44.0994 A
[ReportManager] File Action [GetAbsolutePath] successfully performed. With the following test data [Relative Folder Path: "target/downloadedFiles/"]. @01-11-2021 07:30:44.0996 AM
[ReportManager] Attempting to run remotely on: [Linux-64], [GoogleChrome], [http://localhost:4444/wd/hub], Headless Execution. @01-11-2021 07:30:44.0997 AM
[ReportManager] Successfully Opened [GoogleChrome]. @01-11-2021 07:30:48.0067 AM
[ReportManager] Target URL: [https://duckduckgo.com] @01-11-2021 07:30:48.0067 AM
[ReportManager] Initial URL: [data:,] @01-11-2021 07:30:48.0127 AM
[ReportManager] Browser Action [NavigateToURL] successfully performed. With the following test data [https://duckduckgo.com]. @01-11-2021 07:30:48.0664 A

################################################################################################################################################
Starting Execution:	[60 out of 143] test cases in the current suite
Test Method:		[unitTests.tests_browserActions.navigateToURLWithRedirection]
################################################################################################################################################
[ReportManager] Target URL: [https://www.google.com/ncr], and after redirection: [https://www.google.com] @01-11-2021 07:30:48.0667 AM
[ReportManager] Initial URL: [https://duckduckgo.com] @01-11-2021 07:30:48.0768 AM
[ReportManager] Browser Action [NavigateToURL] successfully performed. With the following test data [https://www.google.com/ncr]. @01-11-2021 07:30:49.0658 A
[ReportManager] Target URL: [https://duckduckgo.com] @01-11-2021 07:30:49.0660 AM
[ReportManager] Initial URL: [https://www.google.com] @01-11-2021 07:30:49.0731 AM
[ReportManager] Browser Action [NavigateToURL] successfully performed. With the following test data [https://duckduckgo.com]. @01-11-2021 07:30:50.0270 AM
[ReportManager] Browser Action [CloseCurrentWindow] successfully performed. @01-11-2021 07:30:50.0417 AM
[ReportManager] Successfully created attachment [Browser Action Test Data - CloseCurrentWindow - Actual Value] @01-11-2021 07:30:50.0417 A
[ReportManager] File Action [GetAbsolutePath] successfully performed. With the following test data [Relative Folder Path: "target/downloadedFiles/"]. @01-11-2021 07:30:50.0421 AM
[ReportManager] Attempting to run remotely on: [Linux-64], [GoogleChrome], [http://localhost:4444/wd/hub], Headless Execution. @01-11-2021 07:30:50.0421 AM
[ReportManager] Successfully Opened [GoogleChrome]. @01-11-2021 07:30:53.0077 AM
[ReportManager] Target URL: [https://duckduckgo.com] @01-11-2021 07:30:53.0077 AM
[ReportManager] Initial URL: [data:,] @01-11-2021 07:30:53.0122 AM
[ReportManager] Browser Action [NavigateToURL] successfully performed. With the following test data [https://duckduckgo.com]. @01-11-2021 07:30:53.0670 A

################################################################################################################################################
Starting Execution:	[61 out of 143] test cases in the current suite
Test Method:		[unitTests.tests_browserActions.refreshCurrentPage]
################################################################################################################################################
[ReportManager] Browser Action [RefreshCurrentPage] successfully performed. @01-11-2021 07:30:53.0890 AM
[ReportManager] Successfully created attachment [Browser Action Test Data - RefreshCurrentPage - Actual Value] @01-11-2021 07:30:53.0891 A
[ReportManager] Target URL: [https://duckduckgo.com] @01-11-2021 07:30:53.0896 AM
[ReportManager] Initial URL: [https://duckduckgo.com] @01-11-2021 07:30:53.0963 AM
[ReportManager] Browser Action [NavigateToURL] successfully performed. With the following test data [https://duckduckgo.com]. @01-11-2021 07:30:54.0313 AM
[ReportManager] Browser Action [CloseCurrentWindow] successfully performed. @01-11-2021 07:30:54.0398 AM
[ReportManager] Successfully created attachment [Browser Action Test Data - CloseCurrentWindow - Actual Value] @01-11-2021 07:30:54.0399 A
[ReportManager] File Action [GetAbsolutePath] successfully performed. With the following test data [Relative Folder Path: "target/downloadedFiles/"]. @01-11-2021 07:30:54.0405 AM
[ReportManager] Attempting to run remotely on: [Linux-64], [GoogleChrome], [http://localhost:4444/wd/hub], Headless Execution. @01-11-2021 07:30:54.0407 AM
[ReportManager] Successfully Opened [GoogleChrome]. @01-11-2021 07:30:58.0071 AM
[ReportManager] Target URL: [https://duckduckgo.com] @01-11-2021 07:30:58.0071 AM
[ReportManager] Initial URL: [data:,] @01-11-2021 07:30:58.0149 AM
[ReportManager] Browser Action [NavigateToURL] successfully performed. With the following test data [https://duckduckgo.com]. @01-11-2021 07:30:58.0691 A

################################################################################################################################################
Starting Execution:	[62 out of 143] test cases in the current suite
Test Method:		[unitTests.tests_browserActions.setWindowSize]
################################################################################################################################################
[ReportManager] Initial window size: (1920, 1080) @01-11-2021 07:30:58.0703 AM
[ReportManager] Window size after SWD: (1280, 720) @01-11-2021 07:30:58.0933 AM
[ReportManager] Browser Action [SetWindowSize] successfully performed. With the following test data [New screen size is now: (1280, 720)]. @01-11-2021 07:30:58.0933 A
[ReportManager] Target URL: [https://duckduckgo.com] @01-11-2021 07:30:58.0944 AM
[ReportManager] Initial URL: [https://duckduckgo.com] @01-11-2021 07:30:59.0033 AM
[ReportManager] Browser Action [NavigateToURL] successfully performed. With the following test data [https://duckduckgo.com]. @01-11-2021 07:30:59.0365 AM
[ReportManager] Browser Action [CloseCurrentWindow] successfully performed. @01-11-2021 07:30:59.0486 AM
[ReportManager] Successfully created attachment [Browser Action Test Data - CloseCurrentWindow - Actual Value] @01-11-2021 07:30:59.0486 A
[ReportManager] File Action [GetAbsolutePath] successfully performed. With the following test data [Relative Folder Path: "target/downloadedFiles/"]. @01-11-2021 07:30:59.0488 AM
[ReportManager] Attempting to run remotely on: [Linux-64], [GoogleChrome], [http://localhost:4444/wd/hub], Headless Execution. @01-11-2021 07:30:59.0489 AM
[ReportManager] Successfully Opened [GoogleChrome]. @01-11-2021 07:31:03.0070 A

################################################################################################################################################
Starting Execution:	[63 out of 143] test cases in the current suite
Test Method:		[unitTests.tests_element_elementActions.waitForElementToBePresent_false_expectedToFail]
################################################################################################################################################
[ReportManager] Target URL: [https://www.google.com/ncr], and after redirection: [www.google.com] @01-11-2021 07:31:03.0073 AM
[ReportManager] Initial URL: [data:,] @01-11-2021 07:31:03.0128 AM
[ReportManager] Browser Action [NavigateToURL] successfully performed. With the following test data [https://www.google.com/ncr]. @01-11-2021 07:31:03.0978 AM
[ReportManager] Waiting for element to be present; elementLocator [By.xpath: //*[@id='hplogo' or @alt='Google']], numberOfTries[1], stateOfPresence[false]... @01-11-2021 07:31:03.0981 AM
[ReportManager] Element Action [WaitForElementToBePresent] failed. With the following test data [waited for the element's state of presence to be (false). Element locator (By.xpath: //*[@id='hplogo' or @alt='Google'])]. @01-11-2021 07:31:04.0497 AM
[ReportManager] Successfully created attachment [Screenshot - 1635751864286_waitForElementToBePresent_false_expectedToFail_WaitForElementToBePresent_failed] @01-11-2021 07:31:04.0498 A
[ReportManager] Browser Action [CloseCurrentWindow] successfully performed. @01-11-2021 07:31:04.0631 AM
[ReportManager] Successfully created attachment [Browser Action Test Data - CloseCurrentWindow - Actual Value] @01-11-2021 07:31:04.0632 A
[ReportManager] File Action [GetAbsolutePath] successfully performed. With the following test data [Relative Folder Path: "target/downloadedFiles/"]. @01-11-2021 07:31:04.0636 AM
[ReportManager] Attempting to run remotely on: [Linux-64], [GoogleChrome], [http://localhost:4444/wd/hub], Headless Execution. @01-11-2021 07:31:04.0637 AM
[ReportManager] Successfully Opened [GoogleChrome]. @01-11-2021 07:31:08.0092 A

################################################################################################################################################
Starting Execution:	[64 out of 143] test cases in the current suite
Test Method:		[unitTests.tests_element_elementActions.waitForElementToBePresent_false_expectedToPass]
################################################################################################################################################
[ReportManager] Target URL: [https://www.google.com/ncr], and after redirection: [www.google.com] @01-11-2021 07:31:08.0095 AM
[ReportManager] Initial URL: [data:,] @01-11-2021 07:31:08.0192 AM
[ReportManager] Browser Action [NavigateToURL] successfully performed. With the following test data [https://www.google.com/ncr]. @01-11-2021 07:31:09.0146 AM
[ReportManager] Waiting for element to be present; elementLocator [By.id: bla], numberOfTries[1], stateOfPresence[false]... @01-11-2021 07:31:09.0146 AM
[ReportManager] Element Action [WaitForElementToBePresent] successfully performed. With the following test data [waited for the element's state of presence to be (false). Element locator (By.id: bla)]. @01-11-2021 07:31:14.0291 A
[ReportManager] Browser Action [CloseCurrentWindow] successfully performed. @01-11-2021 07:31:14.0426 AM
[ReportManager] Successfully created attachment [Browser Action Test Data - CloseCurrentWindow - Actual Value] @01-11-2021 07:31:14.0428 A
[ReportManager] File Action [GetAbsolutePath] successfully performed. With the following test data [Relative Folder Path: "target/downloadedFiles/"]. @01-11-2021 07:31:14.0431 AM
[ReportManager] Attempting to run remotely on: [Linux-64], [GoogleChrome], [http://localhost:4444/wd/hub], Headless Execution. @01-11-2021 07:31:14.0431 AM
[ReportManager] Successfully Opened [GoogleChrome]. @01-11-2021 07:31:18.0060 A

################################################################################################################################################
Starting Execution:	[65 out of 143] test cases in the current suite
Test Method:		[unitTests.tests_element_elementActions.waitForElementToBePresent_moreThanOneElement_expectedToFail]
################################################################################################################################################
[ReportManager] Target URL: [https://www.google.com/ncr], and after redirection: [www.google.com] @01-11-2021 07:31:18.0070 AM
[ReportManager] Initial URL: [data:,] @01-11-2021 07:31:18.0114 AM
[ReportManager] Browser Action [NavigateToURL] successfully performed. With the following test data [https://www.google.com/ncr]. @01-11-2021 07:31:18.0947 AM
[ReportManager] Waiting for element to be present; elementLocator [By.xpath: //*], numberOfTries[1], stateOfPresence[false]... @01-11-2021 07:31:18.0947 AM
[ReportManager] Element Action [WaitForElementToBePresent] failed. With the following test data [waited for the element's state of presence to be (false). Element locator (By.xpath: //*)]. @01-11-2021 07:31:19.0475 AM
[ReportManager] Successfully created attachment [Screenshot - 1635751879271_waitForElementToBePresent_moreThanOneElement_expectedToFail_WaitForElementToBePresent_failed] @01-11-2021 07:31:19.0477 A
[ReportManager] Browser Action [CloseCurrentWindow] successfully performed. @01-11-2021 07:31:19.0620 AM
[ReportManager] Successfully created attachment [Browser Action Test Data - CloseCurrentWindow - Actual Value] @01-11-2021 07:31:19.0621 A
[ReportManager] File Action [GetAbsolutePath] successfully performed. With the following test data [Relative Folder Path: "target/downloadedFiles/"]. @01-11-2021 07:31:19.0623 AM
[ReportManager] Attempting to run remotely on: [Linux-64], [GoogleChrome], [http://localhost:4444/wd/hub], Headless Execution. @01-11-2021 07:31:19.0624 AM
[ReportManager] Successfully Opened [GoogleChrome]. @01-11-2021 07:31:23.0054 A

################################################################################################################################################
Starting Execution:	[66 out of 143] test cases in the current suite
Test Method:		[unitTests.tests_element_elementActions.waitForElementToBePresent_true_expectedToFail]
################################################################################################################################################
[ReportManager] Target URL: [https://www.google.com/ncr], and after redirection: [www.google.com] @01-11-2021 07:31:23.0058 AM
[ReportManager] Initial URL: [data:,] @01-11-2021 07:31:23.0119 AM
[ReportManager] Browser Action [NavigateToURL] successfully performed. With the following test data [https://www.google.com/ncr]. @01-11-2021 07:31:23.0980 AM
[ReportManager] Waiting for element to be present; elementLocator [By.id: bla], numberOfTries[1], stateOfPresence[true]... @01-11-2021 07:31:23.0980 AM
[ReportManager] Element Action [WaitForElementToBePresent] failed. With the following test data [waited for the element's state of presence to be (true). Element locator (By.id: bla)]. @01-11-2021 07:31:29.0571 AM
[ReportManager] Successfully created attachment [Screenshot - 1635751889352_waitForElementToBePresent_true_expectedToFail_WaitForElementToBePresent_failed] @01-11-2021 07:31:29.0573 A
[ReportManager] Browser Action [CloseCurrentWindow] successfully performed. @01-11-2021 07:31:29.0706 AM
[ReportManager] Successfully created attachment [Browser Action Test Data - CloseCurrentWindow - Actual Value] @01-11-2021 07:31:29.0707 A
[ReportManager] File Action [GetAbsolutePath] successfully performed. With the following test data [Relative Folder Path: "target/downloadedFiles/"]. @01-11-2021 07:31:29.0710 AM
[ReportManager] Attempting to run remotely on: [Linux-64], [GoogleChrome], [http://localhost:4444/wd/hub], Headless Execution. @01-11-2021 07:31:29.0710 AM
[ReportManager] Successfully Opened [GoogleChrome]. @01-11-2021 07:31:33.0067 A

################################################################################################################################################
Starting Execution:	[67 out of 143] test cases in the current suite
Test Method:		[unitTests.tests_element_elementActions.waitForElementToBePresent_true_expectedToPass]
################################################################################################################################################
[ReportManager] Target URL: [https://www.google.com/ncr], and after redirection: [www.google.com] @01-11-2021 07:31:33.0073 AM
[ReportManager] Initial URL: [data:,] @01-11-2021 07:31:33.0129 AM
[ReportManager] Browser Action [NavigateToURL] successfully performed. With the following test data [https://www.google.com/ncr]. @01-11-2021 07:31:33.0968 AM
[ReportManager] Waiting for element to be present; elementLocator [By.xpath: //*[@id='hplogo' or @alt='Google']], numberOfTries[1], stateOfPresence[true]... @01-11-2021 07:31:33.0968 AM
[ReportManager] Element Action [WaitForElementToBePresent] successfully performed. With the following test data [waited for the element's state of presence to be (true). Element locator (By.xpath: //*[@id='hplogo' or @alt='Google'])]. @01-11-2021 07:31:34.0068 AM
[ReportManager] File Action [DoesFileExist] successfully performed. With the following test data [File Path: "src/test/resources/DynamicObjectRepository/unitTests_tests_element_elementActions_waitForElementToBePresent_true_expectedToPass_By_xpath_id_hplogo_or_alt_Google.png"]. @01-11-2021 07:31:34.0075 AM
[ReportManager] File Action [DoesFileExist] successfully performed. With the following test data [File Path: "src/test/resources/DynamicObjectRepository/unitTests_tests_element_elementActions_waitForElementToBePresent_true_expectedToPass_By_xpath_id_hplogo_or_alt_Google.png"]. @01-11-2021 07:31:34.0362 AM
[ReportManager] Passing the test and saving a reference image @01-11-2021 07:31:34.0362 AM
[ReportManager] File Action [GetAbsolutePath] successfully performed. With the following test data [Relative File Path: "src/test/resources/DynamicObjectRepository/unitTests_tests_element_elementActions_waitForElementToBePresent_true_expectedToPass_By_xpath_id_hplogo_or_alt_Google.png"]. @01-11-2021 07:31:34.0362 AM
[ReportManager] File Action [WriteToFile] successfully performed. With the following test data [Target File Path: "/home/runner/work/SHAFT_ENGINE/SHAFT_ENGINE/src/test/resources/DynamicObjectRepository/unitTests_tests_element_elementActions_waitForElementToBePresent_true_expectedToPass_By_xpath_id_hplogo_or_alt_Google.png"]. @01-11-2021 07:31:34.0370 AM
[ReportManager] Assertion Passed: Using Visual AI; OpenCV @01-11-2021 07:31:34.0370 AM
[ReportManager] Successfully created attachment [Validation Test Data - Actual Screenshot] @01-11-2021 07:31:34.0371 AM
[ReportManager] Assertion [ValidateElementMatches] PASSED. Expected [Element should match the reference screenshot] and Actual [TRUE]. Comparison Type [EXACT_OPENCV]. Validation Type [POSITIVE]. @01-11-2021 07:31:34.0371 A
[ReportManager] Browser Action [CloseCurrentWindow] successfully performed. @01-11-2021 07:31:34.0500 AM
[ReportManager] Successfully created attachment [Browser Action Test Data - CloseCurrentWindow - Actual Value] @01-11-2021 07:31:34.0500 A
[ReportManager] Successfully loaded the following test data file [src/test/resources/TestDataFiles/testSuite01/TestData.xlsx]. @01-11-2021 07:31:35.0304 AM
[ReportManager] Successfully created attachment [Test Data - Excel] @01-11-2021 07:31:35.0304 A

################################################################################################################################################
Starting Execution:	[68 out of 143] test cases in the current suite
Test Method:		[unitTests.tests_io_excelFileManager.getCellData_rowName_expectedToPass]
################################################################################################################################################
[ReportManager] testRowData. @01-11-2021 07:31:35.0317 A

################################################################################################################################################
Starting Execution:	[69 out of 143] test cases in the current suite
Test Method:		[testPackage01.Test_testData.f]
################################################################################################################################################
[ReportManager] Successfully loaded the following test data file [src/test/resources/TestDataFiles/testSuite01/TestData.xlsx]. @01-11-2021 07:31:35.0349 AM
[ReportManager] Successfully created attachment [Test Data - Excel] @01-11-2021 07:31:35.0350 AM
[ReportManager] Last Column Number is: [3]. Zero-based. @01-11-2021 07:31:35.0350 A

################################################################################################################################################
Starting Execution:	[70 out of 143] test cases in the current suite
Test Method:		[testPackage01.Test_SkipDueToIssue.doNotSkip]
################################################################################################################################################
[ReportManager] This should not be skipped. @01-11-2021 07:31:35.0355 A

################################################################################################################################################
Starting Execution:	[71 out of 143] test cases in the current suite
Test Method:		[testPackage01.Test_SkipDueToIssue.skip]
################################################################################################################################################
[ReportManager] This should be skipped. @01-11-2021 07:31:35.0361 A

################################################################################################################################################
Starting Execution:	[72 out of 143] test cases in the current suite
Test Method:		[testPackage01.Test_SkipDueToIssue.skip2]
################################################################################################################################################
[ReportManager] This should be skipped. @01-11-2021 07:31:35.0366 A

################################################################################################################################################
Starting Execution:	[73 out of 143] test cases in the current suite
Test Method:		[testPackage01.Test_chainableElementActions.chainElementActions]
################################################################################################################################################
[ReportManager] File Action [GetAbsolutePath] successfully performed. With the following test data [Relative Folder Path: "target/downloadedFiles/"]. @01-11-2021 07:31:35.0370 AM
[ReportManager] Attempting to run remotely on: [Linux-64], [GoogleChrome], [http://localhost:4444/wd/hub], Headless Execution. @01-11-2021 07:31:35.0371 AM
[ReportManager] Successfully Opened [GoogleChrome]. @01-11-2021 07:31:38.0057 AM
[ReportManager] Target URL: [https://www.google.com/ncr], and after redirection: [https://www.google.com] @01-11-2021 07:31:38.0058 AM
[ReportManager] Initial URL: [data:,] @01-11-2021 07:31:38.0134 AM
[ReportManager] Browser Action [NavigateToURL] successfully performed. With the following test data [https://www.google.com/ncr]. @01-11-2021 07:31:39.0044 AM
[ReportManager] Element Action [Type] successfully performed. With the following test data [chained type 1]. @01-11-2021 07:31:39.0500 AM
[ReportManager] Element Action [Type] successfully performed. With the following test data [chained type 2]. @01-11-2021 07:31:40.0016 AM
[ReportManager] Element Action [TypeAppend] successfully performed. With the following test data [345]. @01-11-2021 07:31:40.0125 AM
[ReportManager] Element Action [GetText] successfully performed. With the following test data [chained type 2345]. @01-11-2021 07:31:40.0325 AM
[ReportManager] Loaded Shared OpenCV @01-11-2021 07:31:40.0706 AM
[ReportManager] Assertion [ValidateElementAttribute] PASSED. Expected [Value Should be 'chained type 2345' for the 'text' attribute, element locator 'By.name: q'] and Actual [chained type 2345]. Comparison Type [EQUALS]. Validation Type [POSITIVE]. @01-11-2021 07:31:40.0955 AM
[ReportManager] Successfully created attachment [Screenshot - 1635751900706_chainElementActions_ValidateElementAttribute_passed] @01-11-2021 07:31:40.0957 AM
[ReportManager] Browser Action [CloseCurrentWindow] successfully performed. @01-11-2021 07:31:41.0080 AM
[ReportManager] Successfully created attachment [Browser Action Test Data - CloseCurrentWindow - Actual Value] @01-11-2021 07:31:41.0081 A

################################################################################################################################################
Starting Execution:	[74 out of 143] test cases in the current suite
Test Method:		[testPackage01.Test_NewValidationHelper.f1]
################################################################################################################################################
[ReportManager] Assertion Passed: Checking valid user data @01-11-2021 07:31:41.0094 AM
[ReportManager] Successfully created attachment [Validation Test Data - Expected Value] @01-11-2021 07:31:41.0094 AM
[ReportManager] Successfully created attachment [Validation Test Data - Actual Value] @01-11-2021 07:31:41.0095 AM
[ReportManager] Assertion [ValidateEquals] PASSED. Expected and Actual values are attached. Comparison Type [EQUALS]. Validation Type [POSITIVE]. @01-11-2021 07:31:41.0095 A
[ReportManager] File Action [GetAbsolutePath] successfully performed. With the following test data [Relative Folder Path: "target/downloadedFiles/"]. @01-11-2021 07:31:41.0097 AM
[ReportManager] Attempting to run remotely on: [Linux-64], [GoogleChrome], [http://localhost:4444/wd/hub], Headless Execution. @01-11-2021 07:31:41.0097 AM
[ReportManager] Successfully Opened [GoogleChrome]. @01-11-2021 07:31:43.0066 AM
[ReportManager] Target URL: [https://the-internet.herokuapp.com/] @01-11-2021 07:31:43.0066 AM
[ReportManager] Initial URL: [data:,] @01-11-2021 07:31:43.0153 AM
[ReportManager] Browser Action [NavigateToURL] successfully performed. With the following test data [https://the-internet.herokuapp.com/]. @01-11-2021 07:31:43.0596 A

################################################################################################################################################
Starting Execution:	[75 out of 143] test cases in the current suite
Test Method:		[testPackage01.Test_NewValidationHelper.f10]
################################################################################################################################################
[ReportManager] Assertion [ValidateElementExists] FAILED. Expected [Element Should Exist, locator 'By.tagName: div'] and Actual [Element Exists but is not unique]. Comparison Type [EQUALS]. Validation Type [POSITIVE]. @01-11-2021 07:31:44.0110 AM
[ReportManager] Successfully created attachment [Screenshot - 1635751903908_f10_ValidateElementExists_failed] @01-11-2021 07:31:44.0111 A
[ReportManager] Successfully Closed All Drivers. @01-11-2021 07:31:44.0212 A
[ReportManager] File Action [GetAbsolutePath] successfully performed. With the following test data [Relative Folder Path: "target/downloadedFiles/"]. @01-11-2021 07:31:44.0214 AM
[ReportManager] Attempting to run remotely on: [Linux-64], [GoogleChrome], [http://localhost:4444/wd/hub], Headless Execution. @01-11-2021 07:31:44.0218 AM
[ReportManager] Successfully Opened [GoogleChrome]. @01-11-2021 07:31:48.0069 AM
[ReportManager] Target URL: [https://the-internet.herokuapp.com/] @01-11-2021 07:31:48.0069 AM
[ReportManager] Initial URL: [data:,] @01-11-2021 07:31:48.0134 AM
[ReportManager] Browser Action [NavigateToURL] successfully performed. With the following test data [https://the-internet.herokuapp.com/]. @01-11-2021 07:31:48.0513 A

################################################################################################################################################
Starting Execution:	[76 out of 143] test cases in the current suite
Test Method:		[testPackage01.Test_NewValidationHelper.f11]
################################################################################################################################################
[ReportManager] Assertion Passed: Checking that false tag doesn't exist @01-11-2021 07:31:59.0208 AM
[ReportManager] Successfully created attachment [Screenshot - 1635751919006_f11_ValidateElementExists_passed] @01-11-2021 07:31:59.0210 AM
[ReportManager] Assertion [ValidateElementExists] PASSED. Expected [Element Should not Exist, locator 'By.tagName: h3'] and Actual [Element Doesn't Exists]. Comparison Type [EQUALS]. Validation Type [NEGATIVE]. @01-11-2021 07:31:59.0210 A
[ReportManager] Successfully Closed All Drivers. @01-11-2021 07:31:59.0297 A
[ReportManager] File Action [GetAbsolutePath] successfully performed. With the following test data [Relative Folder Path: "target/downloadedFiles/"]. @01-11-2021 07:31:59.0299 AM
[ReportManager] Attempting to run remotely on: [Linux-64], [GoogleChrome], [http://localhost:4444/wd/hub], Headless Execution. @01-11-2021 07:31:59.0299 AM
[ReportManager] Successfully Opened [GoogleChrome]. @01-11-2021 07:32:03.0061 AM
[ReportManager] Target URL: [https://the-internet.herokuapp.com/] @01-11-2021 07:32:03.0061 AM
[ReportManager] Initial URL: [data:,] @01-11-2021 07:32:03.0134 AM
[ReportManager] Browser Action [NavigateToURL] successfully performed. With the following test data [https://the-internet.herokuapp.com/]. @01-11-2021 07:32:03.0536 A

################################################################################################################################################
Starting Execution:	[77 out of 143] test cases in the current suite
Test Method:		[testPackage01.Test_NewValidationHelper.f12]
################################################################################################################################################
[ReportManager] Loaded Shared OpenCV @01-11-2021 07:32:03.0906 AM
[ReportManager] Assertion [ValidateElementExists] FAILED. Expected [Element Should not Exist, locator 'By.tagName: h1'] and Actual [Element Exists]. Comparison Type [EQUALS]. Validation Type [NEGATIVE]. @01-11-2021 07:32:04.0145 AM
[ReportManager] Successfully created attachment [Screenshot - 1635751923906_f12_ValidateElementExists_failed] @01-11-2021 07:32:04.0147 A
[ReportManager] Successfully Closed All Drivers. @01-11-2021 07:32:04.0235 A
[ReportManager] File Action [GetAbsolutePath] successfully performed. With the following test data [Relative Folder Path: "target/downloadedFiles/"]. @01-11-2021 07:32:04.0237 AM
[ReportManager] Attempting to run remotely on: [Linux-64], [GoogleChrome], [http://localhost:4444/wd/hub], Headless Execution. @01-11-2021 07:32:04.0238 AM
[ReportManager] Successfully Opened [GoogleChrome]. @01-11-2021 07:32:08.0073 AM
[ReportManager] Target URL: [https://the-internet.herokuapp.com/] @01-11-2021 07:32:08.0073 AM
[ReportManager] Initial URL: [data:,] @01-11-2021 07:32:08.0187 AM
[ReportManager] Browser Action [NavigateToURL] successfully performed. With the following test data [https://the-internet.herokuapp.com/]. @01-11-2021 07:32:08.0642 A

################################################################################################################################################
Starting Execution:	[78 out of 143] test cases in the current suite
Test Method:		[testPackage01.Test_NewValidationHelper.f13]
################################################################################################################################################
[ReportManager] Assertion [ValidateElementExists] FAILED. Expected [Element Should not Exist, locator 'By.tagName: div'] and Actual [Element Exists but is not unique]. Comparison Type [EQUALS]. Validation Type [NEGATIVE]. @01-11-2021 07:32:09.0161 AM
[ReportManager] Successfully created attachment [Screenshot - 1635751928966_f13_ValidateElementExists_failed] @01-11-2021 07:32:09.0169 A
[ReportManager] Successfully Closed All Drivers. @01-11-2021 07:32:09.0254 A
[ReportManager] File Action [GetAbsolutePath] successfully performed. With the following test data [Relative Folder Path: "target/downloadedFiles/"]. @01-11-2021 07:32:09.0256 AM
[ReportManager] Attempting to run remotely on: [Linux-64], [GoogleChrome], [http://localhost:4444/wd/hub], Headless Execution. @01-11-2021 07:32:09.0256 AM
[ReportManager] Successfully Opened [GoogleChrome]. @01-11-2021 07:32:13.0065 AM
[ReportManager] Target URL: [https://the-internet.herokuapp.com/] @01-11-2021 07:32:13.0065 AM
[ReportManager] Initial URL: [data:,] @01-11-2021 07:32:13.0124 AM
[ReportManager] Browser Action [NavigateToURL] successfully performed. With the following test data [https://the-internet.herokuapp.com/]. @01-11-2021 07:32:13.0521 A

################################################################################################################################################
Starting Execution:	[79 out of 143] test cases in the current suite
Test Method:		[testPackage01.Test_NewValidationHelper.f14]
################################################################################################################################################
[ReportManager] Element Action [GetText] successfully performed. With the following test data [Welcome to the-internet]. @01-11-2021 07:32:13.0653 AM
[ReportManager] Loaded Shared OpenCV @01-11-2021 07:32:13.0941 AM
[ReportManager] Assertion Passed: Asserting that the header text is correct @01-11-2021 07:32:14.0191 AM
[ReportManager] Successfully created attachment [Screenshot - 1635751933941_f14_ValidateElementAttribute_passed] @01-11-2021 07:32:14.0193 AM
[ReportManager] Assertion [ValidateElementAttribute] PASSED. Expected [Value Should be 'Welcome to the-internet' for the 'text' attribute, element locator 'By.tagName: h1'] and Actual [Welcome to the-internet]. Comparison Type [EQUALS]. Validation Type [POSITIVE]. @01-11-2021 07:32:14.0193 A
[ReportManager] Successfully Closed All Drivers. @01-11-2021 07:32:14.0283 A
[ReportManager] File Action [GetAbsolutePath] successfully performed. With the following test data [Relative Folder Path: "target/downloadedFiles/"]. @01-11-2021 07:32:14.0285 AM
[ReportManager] Attempting to run remotely on: [Linux-64], [GoogleChrome], [http://localhost:4444/wd/hub], Headless Execution. @01-11-2021 07:32:14.0285 AM
[ReportManager] Successfully Opened [GoogleChrome]. @01-11-2021 07:32:18.0078 AM
[ReportManager] Target URL: [https://the-internet.herokuapp.com/] @01-11-2021 07:32:18.0078 AM
[ReportManager] Initial URL: [data:,] @01-11-2021 07:32:18.0118 AM
[ReportManager] Browser Action [NavigateToURL] successfully performed. With the following test data [https://the-internet.herokuapp.com/]. @01-11-2021 07:32:18.0520 A

################################################################################################################################################
Starting Execution:	[80 out of 143] test cases in the current suite
Test Method:		[testPackage01.Test_NewValidationHelper.f15]
################################################################################################################################################
[ReportManager] Element Action [GetText] successfully performed. With the following test data [Welcome to the-internet]. @01-11-2021 07:32:18.0659 AM
[ReportManager] Loaded Shared OpenCV @01-11-2021 07:32:18.0914 AM
[ReportManager] Assertion [ValidateElementAttribute] FAILED. Expected [Value Should not be 'Welcome' for the 'text' attribute, element locator 'By.tagName: h1'] and Actual [Welcome to the-internet]. Comparison Type [CONTAINS]. Validation Type [NEGATIVE]. @01-11-2021 07:32:19.0150 AM
[ReportManager] Successfully created attachment [Screenshot - 1635751938914_f15_ValidateElementAttribute_failed] @01-11-2021 07:32:19.0151 A
[ReportManager] Successfully Closed All Drivers. @01-11-2021 07:32:19.0240 A
[ReportManager] File Action [GetAbsolutePath] successfully performed. With the following test data [Relative Folder Path: "target/downloadedFiles/"]. @01-11-2021 07:32:19.0242 AM
[ReportManager] Attempting to run remotely on: [Linux-64], [GoogleChrome], [http://localhost:4444/wd/hub], Headless Execution. @01-11-2021 07:32:19.0242 AM
[ReportManager] Successfully Opened [GoogleChrome]. @01-11-2021 07:32:23.0068 AM
[ReportManager] Target URL: [https://the-internet.herokuapp.com/] @01-11-2021 07:32:23.0068 AM
[ReportManager] Initial URL: [data:,] @01-11-2021 07:32:23.0164 AM
[ReportManager] Browser Action [NavigateToURL] successfully performed. With the following test data [https://the-internet.herokuapp.com/]. @01-11-2021 07:32:23.0537 A

################################################################################################################################################
Starting Execution:	[81 out of 143] test cases in the current suite
Test Method:		[testPackage01.Test_NewValidationHelper.f16]
################################################################################################################################################
[ReportManager] Element Action [IdentifyUniqueElement] failed. With the following test data [zero elements found matching this locator "By.tagName: h3".]. @01-11-2021 07:32:49.0360 AM
[ReportManager] Successfully created attachment [Screenshot - 1635751969169_f16_IdentifyUniqueElement_failed] @01-11-2021 07:32:49.0361 AM
[ReportManager] Assertion [ValidateElementAttribute] FAILED. Expected [Value Should not be 'Welcome' for the 'text' attribute, element locator 'By.tagName: h3'] and Actual [Failed to read the desired element attribute]. Comparison Type [CONTAINS]. Validation Type [NEGATIVE]. @01-11-2021 07:32:49.0362 A
[ReportManager] Successfully Closed All Drivers. @01-11-2021 07:32:49.0450 A
[ReportManager] File Action [GetAbsolutePath] successfully performed. With the following test data [Relative Folder Path: "target/downloadedFiles/"]. @01-11-2021 07:32:49.0452 AM
[ReportManager] Attempting to run remotely on: [Linux-64], [GoogleChrome], [http://localhost:4444/wd/hub], Headless Execution. @01-11-2021 07:32:49.0452 AM
[ReportManager] Successfully Opened [GoogleChrome]. @01-11-2021 07:32:53.0067 AM
[ReportManager] Target URL: [https://the-internet.herokuapp.com/] @01-11-2021 07:32:53.0067 AM
[ReportManager] Initial URL: [data:,] @01-11-2021 07:32:53.0116 AM
[ReportManager] Browser Action [NavigateToURL] successfully performed. With the following test data [https://the-internet.herokuapp.com/]. @01-11-2021 07:32:53.0505 A

################################################################################################################################################
Starting Execution:	[82 out of 143] test cases in the current suite
Test Method:		[testPackage01.Test_NewValidationHelper.f17]
################################################################################################################################################
[ReportManager] Attempting to getAttribute [text2] from elementLocator [By.tagName: h1]. @01-11-2021 07:32:53.0513 AM
[ReportManager] Element Action [GetAttribute] successfully performed. @01-11-2021 07:32:53.0611 AM
[ReportManager] Loaded Shared OpenCV @01-11-2021 07:32:54.0024 AM
[ReportManager] Assertion [ValidateElementAttribute] PASSED. Expected [Value Should not be 'Welcome' for the 'text2' attribute, element locator 'By.tagName: h1'] and Actual [null]. Comparison Type [CONTAINS]. Validation Type [NEGATIVE]. @01-11-2021 07:32:54.0306 AM
[ReportManager] Successfully created attachment [Screenshot - 1635751974024_f17_ValidateElementAttribute_passed] @01-11-2021 07:32:54.0314 A
[ReportManager] Successfully Closed All Drivers. @01-11-2021 07:32:54.0401 A
[ReportManager] File Action [GetAbsolutePath] successfully performed. With the following test data [Relative Folder Path: "target/downloadedFiles/"]. @01-11-2021 07:32:54.0406 AM
[ReportManager] Attempting to run remotely on: [Linux-64], [GoogleChrome], [http://localhost:4444/wd/hub], Headless Execution. @01-11-2021 07:32:54.0406 AM
[ReportManager] Successfully Opened [GoogleChrome]. @01-11-2021 07:32:58.0083 AM
[ReportManager] Target URL: [https://the-internet.herokuapp.com/] @01-11-2021 07:32:58.0083 AM
[ReportManager] Initial URL: [data:,] @01-11-2021 07:32:58.0128 AM
[ReportManager] Browser Action [NavigateToURL] successfully performed. With the following test data [https://the-internet.herokuapp.com/]. @01-11-2021 07:32:58.0500 A

################################################################################################################################################
Starting Execution:	[83 out of 143] test cases in the current suite
Test Method:		[testPackage01.Test_NewValidationHelper.f18]
################################################################################################################################################
[ReportManager] Element Action [GetText] successfully performed. With the following test data [Welcome to the-internet]. @01-11-2021 07:32:58.0625 AM
[ReportManager] Loaded Shared OpenCV @01-11-2021 07:32:58.0898 AM
[ReportManager] Assertion [ValidateElementAttribute] PASSED. Expected [Value Should not be 'no' for the 'text' attribute, element locator 'By.tagName: h1'] and Actual [Welcome to the-internet]. Comparison Type [CONTAINS]. Validation Type [NEGATIVE]. @01-11-2021 07:32:59.0136 AM
[ReportManager] Successfully created attachment [Screenshot - 1635751978898_f18_ValidateElementAttribute_passed] @01-11-2021 07:32:59.0138 A
[ReportManager] Successfully Closed All Drivers. @01-11-2021 07:32:59.0225 A

################################################################################################################################################
Starting Execution:	[84 out of 143] test cases in the current suite
Test Method:		[testPackage01.Test_NewValidationHelper.f2]
################################################################################################################################################
[ReportManager] Assertion Failed: Checking valid user data @01-11-2021 07:32:59.0228 AM
[ReportManager] Assertion [ValidateEquals] FAILED. Expected [1] and Actual [2]. Comparison Type [EQUALS]. Validation Type [POSITIVE]. @01-11-2021 07:32:59.0228 A
[ReportManager] File Action [GetAbsolutePath] successfully performed. With the following test data [Relative Folder Path: "target/downloadedFiles/"]. @01-11-2021 07:32:59.0230 AM
[ReportManager] Attempting to run remotely on: [Linux-64], [GoogleChrome], [http://localhost:4444/wd/hub], Headless Execution. @01-11-2021 07:32:59.0231 AM
[ReportManager] Successfully Opened [GoogleChrome]. @01-11-2021 07:33:03.0068 AM
[ReportManager] Target URL: [https://the-internet.herokuapp.com/] @01-11-2021 07:33:03.0068 AM
[ReportManager] Initial URL: [data:,] @01-11-2021 07:33:03.0161 AM
[ReportManager] Browser Action [NavigateToURL] successfully performed. With the following test data [https://the-internet.herokuapp.com/]. @01-11-2021 07:33:03.0569 A

################################################################################################################################################
Starting Execution:	[85 out of 143] test cases in the current suite
Test Method:		[testPackage01.Test_NewValidationHelper.f20]
################################################################################################################################################
[ReportManager] Element Action [GetSize] successfully performed. With the following test data [(970, 61)]. @01-11-2021 07:33:03.0652 AM
[ReportManager] Loaded Shared OpenCV @01-11-2021 07:33:03.0956 AM
[ReportManager] Assertion [ValidateElementAttribute] PASSED. Expected [Value Should not be 'a' for the 'size' attribute, element locator 'By.tagName: h1'] and Actual [(970, 61)]. Comparison Type [CONTAINS]. Validation Type [NEGATIVE]. @01-11-2021 07:33:04.0216 AM
[ReportManager] Successfully created attachment [Screenshot - 1635751983956_f20_ValidateElementAttribute_passed] @01-11-2021 07:33:04.0218 A
[ReportManager] Successfully Closed All Drivers. @01-11-2021 07:33:04.0332 A
[ReportManager] File Action [GetAbsolutePath] successfully performed. With the following test data [Relative Folder Path: "target/downloadedFiles/"]. @01-11-2021 07:33:04.0349 AM
[ReportManager] Attempting to run remotely on: [Linux-64], [GoogleChrome], [http://localhost:4444/wd/hub], Headless Execution. @01-11-2021 07:33:04.0349 AM
[ReportManager] Successfully Opened [GoogleChrome]. @01-11-2021 07:33:08.0076 AM
[ReportManager] Target URL: [https://the-internet.herokuapp.com/] @01-11-2021 07:33:08.0076 AM
[ReportManager] Initial URL: [data:,] @01-11-2021 07:33:08.0150 AM
[ReportManager] Browser Action [NavigateToURL] successfully performed. With the following test data [https://the-internet.herokuapp.com/]. @01-11-2021 07:33:08.0562 A

################################################################################################################################################
Starting Execution:	[86 out of 143] test cases in the current suite
Test Method:		[testPackage01.Test_NewValidationHelper.f21]
################################################################################################################################################
[ReportManager] Element Action [IdentifyUniqueElement] failed. With the following test data [zero elements found matching this locator "By.tagName: h3".]. @01-11-2021 07:33:34.0388 AM
[ReportManager] Successfully created attachment [Screenshot - 1635752014199_f21_IdentifyUniqueElement_failed] @01-11-2021 07:33:34.0389 AM
[ReportManager] Assertion [ValidateElementAttribute] FAILED. Expected [Value Should be 'Welcome' for the 'text' attribute, element locator 'By.tagName: h3'] and Actual [Failed to read the desired element attribute]. Comparison Type [CONTAINS]. Validation Type [POSITIVE]. @01-11-2021 07:33:34.0390 A
[ReportManager] Successfully Closed All Drivers. @01-11-2021 07:33:34.0479 A
[ReportManager] File Action [GetAbsolutePath] successfully performed. With the following test data [Relative Folder Path: "target/downloadedFiles/"]. @01-11-2021 07:33:34.0481 AM
[ReportManager] Attempting to run remotely on: [Linux-64], [GoogleChrome], [http://localhost:4444/wd/hub], Headless Execution. @01-11-2021 07:33:34.0482 AM
[ReportManager] Successfully Opened [GoogleChrome]. @01-11-2021 07:33:38.0071 AM
[ReportManager] Target URL: [https://the-internet.herokuapp.com/] @01-11-2021 07:33:38.0071 AM
[ReportManager] Initial URL: [data:,] @01-11-2021 07:33:38.0141 AM
[ReportManager] Browser Action [NavigateToURL] successfully performed. With the following test data [https://the-internet.herokuapp.com/]. @01-11-2021 07:33:38.0517 A

################################################################################################################################################
Starting Execution:	[87 out of 143] test cases in the current suite
Test Method:		[testPackage01.Test_NewValidationHelper.f22]
################################################################################################################################################
[ReportManager] Element Action [GetText] successfully performed. With the following test data [Welcome to the-internet]. @01-11-2021 07:33:38.0645 AM
[ReportManager] Loaded Shared OpenCV @01-11-2021 07:33:38.0882 AM
[ReportManager] Assertion [ValidateElementAttribute] FAILED. Expected [Value Should be 'yyy' for the 'text' attribute, element locator 'By.tagName: h1'] and Actual [Welcome to the-internet]. Comparison Type [CONTAINS]. Validation Type [POSITIVE]. @01-11-2021 07:33:39.0119 AM
[ReportManager] Successfully created attachment [Screenshot - 1635752018882_f22_ValidateElementAttribute_failed] @01-11-2021 07:33:39.0120 A
[ReportManager] Successfully Closed All Drivers. @01-11-2021 07:33:39.0209 A

################################################################################################################################################
Starting Execution:	[88 out of 143] test cases in the current suite
Test Method:		[testPackage01.Test_NewValidationHelper.f23]
################################################################################################################################################
[ReportManager] Assertion Passed: confirming that the actual is greater than or equal to the expected @01-11-2021 07:33:39.0212 AM
[ReportManager] Assertion [ValidateComparativeRelation] PASSED. Expected [1] and Actual [1]. Comparison Type [GREATER_THAN_OR_EQUALS]. Validation Type [POSITIVE]. @01-11-2021 07:33:39.0212 A

################################################################################################################################################
Starting Execution:	[89 out of 143] test cases in the current suite
Test Method:		[testPackage01.Test_NewValidationHelper.f24]
################################################################################################################################################
[ReportManager] Assertion [ValidateComparativeRelation] PASSED. Expected [1] and Actual [10]. Comparison Type [GREATER_THAN_OR_EQUALS]. Validation Type [POSITIVE]. @01-11-2021 07:33:39.0214 A

################################################################################################################################################
Starting Execution:	[90 out of 143] test cases in the current suite
Test Method:		[testPackage01.Test_NewValidationHelper.f25]
################################################################################################################################################
[ReportManager] Assertion [ValidateComparativeRelation] PASSED. Expected [1] and Actual [1]. Comparison Type [EQUALS]. Validation Type [POSITIVE]. @01-11-2021 07:33:39.0225 A

################################################################################################################################################
Starting Execution:	[91 out of 143] test cases in the current suite
Test Method:		[testPackage01.Test_NewValidationHelper.f26]
################################################################################################################################################
[ReportManager] Assertion [ValidateComparativeRelation] PASSED. Expected [1] and Actual [5]. Comparison Type [GREATER_THAN]. Validation Type [POSITIVE]. @01-11-2021 07:33:39.0227 A

################################################################################################################################################
Starting Execution:	[92 out of 143] test cases in the current suite
Test Method:		[testPackage01.Test_NewValidationHelper.f27]
################################################################################################################################################
[ReportManager] Assertion [ValidateComparativeRelation] PASSED. Expected [11] and Actual [5]. Comparison Type [LESS_THAN]. Validation Type [POSITIVE]. @01-11-2021 07:33:39.0232 A

################################################################################################################################################
Starting Execution:	[93 out of 143] test cases in the current suite
Test Method:		[testPackage01.Test_NewValidationHelper.f28]
################################################################################################################################################
[ReportManager] Assertion [ValidateComparativeRelation] PASSED. Expected [11] and Actual [5]. Comparison Type [LESS_THAN_OR_EQUALS]. Validation Type [POSITIVE]. @01-11-2021 07:33:39.0234 A

################################################################################################################################################
Starting Execution:	[94 out of 143] test cases in the current suite
Test Method:		[testPackage01.Test_NewValidationHelper.f29]
################################################################################################################################################
[ReportManager] Assertion [ValidateComparativeRelation] PASSED. Expected [11] and Actual [11]. Comparison Type [LESS_THAN_OR_EQUALS]. Validation Type [POSITIVE]. @01-11-2021 07:33:39.0239 A

################################################################################################################################################
Starting Execution:	[95 out of 143] test cases in the current suite
Test Method:		[testPackage01.Test_NewValidationHelper.f3]
################################################################################################################################################
[ReportManager] Assertion [ValidateEquals] PASSED. Expected [1] and Actual [2]. Comparison Type [EQUALS]. Validation Type [NEGATIVE]. @01-11-2021 07:33:39.0243 A

################################################################################################################################################
Starting Execution:	[96 out of 143] test cases in the current suite
Test Method:		[testPackage01.Test_NewValidationHelper.f30]
################################################################################################################################################
[ReportManager] Assertion [ValidateComparativeRelation] FAILED. Expected [-9] and Actual [11]. Comparison Type [LESS_THAN_OR_EQUALS]. Validation Type [POSITIVE]. @01-11-2021 07:33:39.0246 A

################################################################################################################################################
Starting Execution:	[97 out of 143] test cases in the current suite
Test Method:		[testPackage01.Test_NewValidationHelper.f31]
################################################################################################################################################
[ReportManager] Assertion [ValidateTrue] PASSED. Expected [TRUE] and Actual [TRUE]. Validation Type [POSITIVE]. @01-11-2021 07:33:39.0250 A

################################################################################################################################################
Starting Execution:	[98 out of 143] test cases in the current suite
Test Method:		[testPackage01.Test_NewValidationHelper.f32]
################################################################################################################################################
[ReportManager] Assertion [ValidateTrue] PASSED. Expected [FALSE] and Actual [FALSE]. Validation Type [NEGATIVE]. @01-11-2021 07:33:39.0252 A

################################################################################################################################################
Starting Execution:	[99 out of 143] test cases in the current suite
Test Method:		[testPackage01.Test_NewValidationHelper.f33]
################################################################################################################################################
[ReportManager] Assertion [ValidateTrue] FAILED. Expected [FALSE] and Actual [TRUE]. Validation Type [NEGATIVE]. @01-11-2021 07:33:39.0254 A

################################################################################################################################################
Starting Execution:	[100 out of 143] test cases in the current suite
Test Method:		[testPackage01.Test_NewValidationHelper.f34]
################################################################################################################################################
[ReportManager] Assertion [ValidateTrue] FAILED. Expected [TRUE] and Actual [FALSE]. Validation Type [POSITIVE]. @01-11-2021 07:33:39.0257 A

################################################################################################################################################
Starting Execution:	[101 out of 143] test cases in the current suite
Test Method:		[testPackage01.Test_NewValidationHelper.f35]
################################################################################################################################################
[ReportManager] File Action [DoesFileExist] successfully performed. With the following test data [File Path: "pom.xml"]. @01-11-2021 07:33:39.0260 AM
[ReportManager] Assertion [ValidateFileExists] PASSED. Expected [File 'pom.xml' should exist, after up to '1' retries] and Actual [File exists]. Validation Type [POSITIVE]. @01-11-2021 07:33:39.0260 A

################################################################################################################################################
Starting Execution:	[102 out of 143] test cases in the current suite
Test Method:		[testPackage01.Test_NewValidationHelper.f36]
################################################################################################################################################
[ReportManager] File Action [DoesFileExist] successfully performed. With the following test data [File Path: "src/test/java/testPackage01/Test_NewValidationHelper.java"]. @01-11-2021 07:33:39.0268 AM
[ReportManager] Assertion [ValidateFileExists] PASSED. Expected [File 'src/test/java/testPackage01/Test_NewValidationHelper.java' should exist, after up to '1' retries] and Actual [File exists]. Validation Type [POSITIVE]. @01-11-2021 07:33:39.0268 A

################################################################################################################################################
Starting Execution:	[103 out of 143] test cases in the current suite
Test Method:		[testPackage01.Test_NewValidationHelper.f37]
################################################################################################################################################
[ReportManager] File Action [DoesFileExist] successfully performed. With the following test data [File Path: "pom.xml"]. @01-11-2021 07:33:39.0277 AM
[ReportManager] Assertion Failed: confirming that the file does't exist after 5 retries @01-11-2021 07:33:39.0277 AM
[ReportManager] Assertion [ValidateFileExists] FAILED. Expected [File 'pom.xml' should not exist, after up to '5' retries] and Actual [File exists]. Validation Type [NEGATIVE]. @01-11-2021 07:33:39.0277 A

################################################################################################################################################
Starting Execution:	[104 out of 143] test cases in the current suite
Test Method:		[testPackage01.Test_NewValidationHelper.f3_1]
################################################################################################################################################
[ReportManager] Assertion Passed: Checking valid user data @01-11-2021 07:33:39.0281 AM
[ReportManager] Assertion [ValidateEquals] PASSED. Expected [null] and Actual [null]. Comparison Type [EQUALS]. Validation Type [POSITIVE]. @01-11-2021 07:33:39.0281 A

################################################################################################################################################
Starting Execution:	[105 out of 143] test cases in the current suite
Test Method:		[testPackage01.Test_NewValidationHelper.f4]
################################################################################################################################################
[ReportManager] Assertion [ValidateEquals] PASSED. Expected [1] and Actual [123]. Comparison Type [CONTAINS]. Validation Type [POSITIVE]. @01-11-2021 07:33:39.0286 A

################################################################################################################################################
Starting Execution:	[106 out of 143] test cases in the current suite
Test Method:		[testPackage01.Test_NewValidationHelper.f5]
################################################################################################################################################
[ReportManager] Assertion [ValidateNull] PASSED. Expected [NULL] and Actual [1]. Comparison Type [EQUALS]. Validation Type [NEGATIVE]. @01-11-2021 07:33:39.0289 A

################################################################################################################################################
Starting Execution:	[107 out of 143] test cases in the current suite
Test Method:		[testPackage01.Test_NewValidationHelper.f6]
################################################################################################################################################
[ReportManager] Assertion Failed: Making sure that null string is not equal to null object @01-11-2021 07:33:39.0293 AM
[ReportManager] Assertion [ValidateNull] FAILED. Expected [NULL] and Actual [NULL]. Comparison Type [EQUALS]. Validation Type [POSITIVE]. @01-11-2021 07:33:39.0293 A

################################################################################################################################################
Starting Execution:	[108 out of 143] test cases in the current suite
Test Method:		[testPackage01.Test_NewValidationHelper.f6_1]
################################################################################################################################################
[ReportManager] Assertion [ValidateNull] FAILED. Expected [NULL] and Actual [NULL]. Comparison Type [EQUALS]. Validation Type [NEGATIVE]. @01-11-2021 07:33:39.0305 A

################################################################################################################################################
Starting Execution:	[109 out of 143] test cases in the current suite
Test Method:		[testPackage01.Test_NewValidationHelper.f6_2]
################################################################################################################################################
[ReportManager] Assertion Failed: Making sure that null string is not equal to null object @01-11-2021 07:33:39.0315 AM
[ReportManager] Assertion [ValidateNull] FAILED. Expected [NULL] and Actual [not null]. Comparison Type [EQUALS]. Validation Type [POSITIVE]. @01-11-2021 07:33:39.0315 A

################################################################################################################################################
Starting Execution:	[110 out of 143] test cases in the current suite
Test Method:		[testPackage01.Test_NewValidationHelper.f7]
################################################################################################################################################
[ReportManager] Assertion [ValidateNull] PASSED. Expected [NULL] and Actual [NULL]. Comparison Type [EQUALS]. Validation Type [POSITIVE]. @01-11-2021 07:33:39.0318 A
[ReportManager] File Action [GetAbsolutePath] successfully performed. With the following test data [Relative Folder Path: "target/downloadedFiles/"]. @01-11-2021 07:33:39.0320 AM
[ReportManager] Attempting to run remotely on: [Linux-64], [GoogleChrome], [http://localhost:4444/wd/hub], Headless Execution. @01-11-2021 07:33:39.0320 AM
[ReportManager] Successfully Opened [GoogleChrome]. @01-11-2021 07:33:43.0073 AM
[ReportManager] Target URL: [https://the-internet.herokuapp.com/] @01-11-2021 07:33:43.0073 AM
[ReportManager] Initial URL: [data:,] @01-11-2021 07:33:43.0116 AM
[ReportManager] Browser Action [NavigateToURL] successfully performed. With the following test data [https://the-internet.herokuapp.com/]. @01-11-2021 07:33:43.0494 A

################################################################################################################################################
Starting Execution:	[111 out of 143] test cases in the current suite
Test Method:		[testPackage01.Test_NewValidationHelper.f8]
################################################################################################################################################
[ReportManager] Loaded Shared OpenCV @01-11-2021 07:33:43.0818 AM
[ReportManager] Assertion [ValidateElementExists] PASSED. Expected [Element Should Exist, locator 'By.tagName: h1'] and Actual [Element Exists]. Comparison Type [EQUALS]. Validation Type [POSITIVE]. @01-11-2021 07:33:44.0062 AM
[ReportManager] Successfully created attachment [Screenshot - 1635752023818_f8_ValidateElementExists_passed] @01-11-2021 07:33:44.0064 A
[ReportManager] Successfully Closed All Drivers. @01-11-2021 07:33:44.0170 A
[ReportManager] File Action [GetAbsolutePath] successfully performed. With the following test data [Relative Folder Path: "target/downloadedFiles/"]. @01-11-2021 07:33:44.0173 AM
[ReportManager] Attempting to run remotely on: [Linux-64], [GoogleChrome], [http://localhost:4444/wd/hub], Headless Execution. @01-11-2021 07:33:44.0173 AM
[ReportManager] Successfully Opened [GoogleChrome]. @01-11-2021 07:33:48.0084 AM
[ReportManager] Target URL: [https://the-internet.herokuapp.com/] @01-11-2021 07:33:48.0084 AM
[ReportManager] Initial URL: [data:,] @01-11-2021 07:33:48.0159 AM
[ReportManager] Browser Action [NavigateToURL] successfully performed. With the following test data [https://the-internet.herokuapp.com/]. @01-11-2021 07:33:48.0572 A

################################################################################################################################################
Starting Execution:	[112 out of 143] test cases in the current suite
Test Method:		[testPackage01.Test_NewValidationHelper.f9]
################################################################################################################################################
[ReportManager] Assertion [ValidateElementExists] FAILED. Expected [Element Should Exist, locator 'By.tagName: h3'] and Actual [Element Doesn't Exists]. Comparison Type [EQUALS]. Validation Type [POSITIVE]. @01-11-2021 07:34:19.0590 AM
[ReportManager] Successfully created attachment [Screenshot - 1635752059385_f9_ValidateElementExists_failed] @01-11-2021 07:34:19.0591 A
[ReportManager] Successfully Closed All Drivers. @01-11-2021 07:34:19.0680 A

################################################################################################################################################
Starting Execution:	[113 out of 143] test cases in the current suite
Test Method:		[testPackage01.Test_NewValidationHelper.forceFail]
################################################################################################################################################
[ReportManager] Assertion [ValidateFail] FAILED. Successfully force failed the test. @01-11-2021 07:34:19.0684 A

################################################################################################################################################
Starting Execution:	[114 out of 143] test cases in the current suite
Test Method:		[testPackage01.Test_NewValidationHelper.forceFail2]
################################################################################################################################################
[ReportManager] Assertion Failed: Custom Message @01-11-2021 07:34:19.0689 AM
[ReportManager] Assertion [ValidateFail] FAILED. Successfully force failed the test. @01-11-2021 07:34:19.0689 A

################################################################################################################################################
Starting Execution:	[115 out of 143] test cases in the current suite
Test Method:		[testPackage01.Test_sendGraphqlRequest.sendGraphqlRequestUsingMutationAndVariables]
################################################################################################################################################
[ReportManager] GraphQl Request is being Performed with the Following Parameters [Service URL: https://api.spacex.land/graphql | Request Body: {"variables":"{\"name\": \"sherlock holmes\",\"rocket\": \"221B Baker Street\"}","query":"mutation ($name: String, $rocket: String) {\n  insert_users(objects: {name: $name, rocket: $rocket}) {\n    returning {\n      name\n      rocket\n    }\n  }\n}"}] @01-11-2021 07:34:19.0696 AM
[ReportManager] Response status code: [200], status line: [HTTP/1.1 200 OK] @01-11-2021 07:34:19.0993 AM
[ReportManager] Assertion Passed: Evaluating the actual response status code against the expected one... @01-11-2021 07:34:19.0993 AM
[ReportManager] Assertion [ValidateEquals] PASSED. Expected [200] and Actual [200]. Comparison Type [EQUALS]. Validation Type [POSITIVE]. @01-11-2021 07:34:19.0993 AM
[ReportManager] API Action [PerformRequest] successfully performed. With the following test data [Request Type: "POST" | Target Status Code: "200" | Service URL: "https://api.spacex.land/graphql" | Content Type: "application/json" | Response Time: "218ms"]. @01-11-2021 07:34:20.0008 AM
[ReportManager] Successfully created attachment [API Request - Specifications] @01-11-2021 07:34:20.0009 AM
[ReportManager] Successfully created attachment [API Request - JSON Body] @01-11-2021 07:34:20.0009 AM
[ReportManager] Successfully created attachment [API Response - JSON Body] @01-11-2021 07:34:20.0009 AM
[ReportManager] API Action [GetResponseJSONValue] successfully performed. With the following test data [data.insert_users.returning[0].name]. @01-11-2021 07:34:20.0071 AM
[ReportManager] Assertion [ValidateEquals] PASSED. Expected [sherlock holmes] and Actual [sherlock holmes]. Comparison Type [EQUALS]. Validation Type [POSITIVE]. @01-11-2021 07:34:20.0071 A

################################################################################################################################################
Starting Execution:	[116 out of 143] test cases in the current suite
Test Method:		[testPackage01.Test_sendGraphqlRequest.sendGraphqlRequestUsingQuery]
################################################################################################################################################
[ReportManager] GraphQl Request is being Performed with the Following Parameters [Service URL: https://api.spacex.land/graphql | Request Body: {"query":"{company {ceo}}"}] @01-11-2021 07:34:20.0079 AM
[ReportManager] Response status code: [200], status line: [HTTP/1.1 200 OK] @01-11-2021 07:34:20.0167 AM
[ReportManager] Assertion Passed: Evaluating the actual response status code against the expected one... @01-11-2021 07:34:20.0167 AM
[ReportManager] Assertion [ValidateEquals] PASSED. Expected [200] and Actual [200]. Comparison Type [EQUALS]. Validation Type [POSITIVE]. @01-11-2021 07:34:20.0167 AM
[ReportManager] API Action [PerformRequest] successfully performed. With the following test data [Request Type: "POST" | Target Status Code: "200" | Service URL: "https://api.spacex.land/graphql" | Content Type: "application/json" | Response Time: "82ms"]. @01-11-2021 07:34:20.0178 AM
[ReportManager] Successfully created attachment [API Request - Specifications] @01-11-2021 07:34:20.0179 AM
[ReportManager] Successfully created attachment [API Request - JSON Body] @01-11-2021 07:34:20.0179 AM
[ReportManager] Successfully created attachment [API Response - JSON Body] @01-11-2021 07:34:20.0179 AM
[ReportManager] API Action [GetResponseJSONValue] successfully performed. With the following test data [data.company.ceo]. @01-11-2021 07:34:20.0188 AM
[ReportManager] Assertion [ValidateEquals] PASSED. Expected [Elon Musk] and Actual [Elon Musk]. Comparison Type [EQUALS]. Validation Type [POSITIVE]. @01-11-2021 07:34:20.0188 A
[ReportManager] Successfully loaded the following test data file [src/test/resources/TestDataFiles/testSuite01/TestData.xlsx]. @01-11-2021 07:34:20.0219 AM
[ReportManager] Successfully created attachment [Test Data - Excel] @01-11-2021 07:34:20.0220 AM
[ReportManager] File Action [GetAbsolutePath] successfully performed. With the following test data [Relative Folder Path: "target/downloadedFiles/"]. @01-11-2021 07:34:20.0220 AM
[ReportManager] Attempting to run remotely on: [Linux-64], [GoogleChrome], [http://localhost:4444/wd/hub], Headless Execution. @01-11-2021 07:34:20.0220 AM
[ReportManager] Successfully Opened [GoogleChrome]. @01-11-2021 07:34:23.0079 A

################################################################################################################################################
Starting Execution:	[117 out of 143] test cases in the current suite
Test Method:		[testPackage01.Test_google.navigateToURLandVerifyGoogleLogoIsDisplayed]
Test Description:	[TC001 - Navigate to URL and Verify Google Logo is Displayed]
################################################################################################################################################
[ReportManager] Target URL: [https://www.google.com/ncr], and after redirection: [https://www.google.com] @01-11-2021 07:34:23.0084 AM
[ReportManager] Initial URL: [data:,] @01-11-2021 07:34:23.0152 AM
[ReportManager] Browser Action [NavigateToURL] successfully performed. With the following test data [https://www.google.com/ncr]. @01-11-2021 07:34:24.0005 AM
[ReportManager] Loaded Shared OpenCV @01-11-2021 07:34:24.0371 AM
[ReportManager] Assertion [ValidateElementExists] PASSED. Expected [Element Should Exist, locator 'By.xpath: //*[@id='hplogo' or @alt='Google']'] and Actual [Element Exists]. Comparison Type [EQUALS]. Validation Type [POSITIVE]. @01-11-2021 07:34:24.0623 AM
[ReportManager] Successfully created attachment [Screenshot - 1635752064371_navigateToURLandVerifyGoogleLogoIsDisplayed_ValidateElementExists_passed] @01-11-2021 07:34:24.0625 A

################################################################################################################################################
Starting Execution:	[118 out of 143] test cases in the current suite
Test Method:		[testPackage01.Test_google.searchForQueryandAssertResultsNumDisplayed]
Test Description:	[TC002 - Search for Query and Assert that the number of results is displayed]
################################################################################################################################################
[ReportManager] Element Action [Type] successfully performed. With the following test data [SHAFT_Engine]. @01-11-2021 07:34:25.0180 AM
[ReportManager] Element Action [KeyPress] successfully performed. With the following test data [Enter]. @01-11-2021 07:34:26.0364 AM
[ReportManager] Element Action [GetText] successfully performed. With the following test data [About 1,100,000 results (0.52 seconds) ]. @01-11-2021 07:34:26.0477 AM
[ReportManager] Loaded Shared OpenCV @01-11-2021 07:34:26.0742 AM
[ReportManager] Assertion [ValidateElementAttribute] PASSED. Expected [Value Should not be '' for the 'Text' attribute, element locator 'By.id: appbar'] and Actual [About 1,100,000 results (0.52 seconds) ]. Comparison Type [EQUALS]. Validation Type [NEGATIVE]. @01-11-2021 07:34:26.0998 AM
[ReportManager] Successfully created attachment [Screenshot - 1635752066742_searchForQueryandAssertResultsNumDisplayed_ValidateElementAttribute_passed] @01-11-2021 07:34:27.0002 A

################################################################################################################################################
Starting Execution:	[119 out of 143] test cases in the current suite
Test Method:		[testPackage01.Test_google.clickNextThrice]
Test Description:	[TC003 - Clicks the next button to make sure that the framework can scroll element into view before clicking it]
################################################################################################################################################
[ReportManager] Element Action [Click] successfully performed. With the following test data [Next]. @01-11-2021 07:34:28.0297 A
[ReportManager] Browser Action [CloseCurrentWindow] successfully performed. @01-11-2021 07:34:28.0535 AM
[ReportManager] Successfully created attachment [Browser Action Test Data - CloseCurrentWindow - Actual Value] @01-11-2021 07:34:28.0540 A
[ReportManager] File Action [GetAbsolutePath] successfully performed. With the following test data [Relative Folder Path: "target/downloadedFiles/"]. @01-11-2021 07:34:28.0542 AM
[ReportManager] Attempting to run remotely on: [Linux-64], [GoogleChrome], [http://localhost:4444/wd/hub], Headless Execution. @01-11-2021 07:34:28.0542 AM
[ReportManager] Successfully Opened [GoogleChrome]. @01-11-2021 07:34:33.0092 A

################################################################################################################################################
Starting Execution:	[120 out of 143] test cases in the current suite
Test Method:		[testPackage01.Test_ShadowDOM.shadowdom]
################################################################################################################################################
[ReportManager] Target URL: [https://mdn.github.io/web-components-examples/popup-info-box-web-component/] @01-11-2021 07:34:33.0104 AM
[ReportManager] Initial URL: [data:,] @01-11-2021 07:34:33.0191 AM
[ReportManager] Browser Action [NavigateToURL] successfully performed. With the following test data [https://mdn.github.io/web-components-examples/popup-info-box-web-component/]. @01-11-2021 07:34:33.0456 AM
[ReportManager] Element Action [Type] successfully performed. With the following test data [Typing into SHADOW DOM...]. @01-11-2021 07:34:33.0842 AM
[ReportManager] Element Action [GetText] successfully performed. With the following test data [Typing into SHADOW DOM...]. @01-11-2021 07:34:33.0983 AM
[ReportManager] Loaded Shared OpenCV @01-11-2021 07:34:34.0196 AM
[ReportManager] Assertion [ValidateElementAttribute] PASSED. Expected [Value Should be 'Typing into SHADOW DOM...' for the 'Text' attribute, element locator 'By.id: cvc'] and Actual [Typing into SHADOW DOM...]. Comparison Type [EQUALS]. Validation Type [POSITIVE]. @01-11-2021 07:34:34.0407 AM
[ReportManager] Successfully created attachment [Screenshot - 1635752074196_shadowdom_ValidateElementAttribute_passed] @01-11-2021 07:34:34.0408 A
[ReportManager] Browser Action [CloseCurrentWindow] successfully performed. @01-11-2021 07:34:34.0524 AM
[ReportManager] Successfully created attachment [Browser Action Test Data - CloseCurrentWindow - Actual Value] @01-11-2021 07:34:34.0525 A

################################################################################################################################################
Starting Execution:	[121 out of 143] test cases in the current suite
Test Method:		[testPackage01.Test_AssertApiResponseEquals.assertApiResponseEquals_expectedToPass]
################################################################################################################################################
[ReportManager] Response status code: [200], status line: [HTTP/1.1 200 OK] @01-11-2021 07:34:34.0600 AM
[ReportManager] Assertion Passed: Evaluating the actual response status code against the expected one... @01-11-2021 07:34:34.0600 AM
[ReportManager] Assertion [ValidateEquals] PASSED. Expected [200] and Actual [200]. Comparison Type [EQUALS]. Validation Type [POSITIVE]. @01-11-2021 07:34:34.0600 AM
[ReportManager] API Action [PerformRequest] successfully performed. With the following test data [Request Type: "GET" | Target Status Code: "200" | Service URL: "https://jsonplaceholder.typicode.com/users" | Content Type: "*/*" | Response Time: "55ms"]. @01-11-2021 07:34:34.0628 AM
[ReportManager] Successfully created attachment [API Request - Specifications] @01-11-2021 07:34:34.0628 AM
[ReportManager] Successfully created attachment [API Response - JSON Body] @01-11-2021 07:34:34.0629 AM
[ReportManager] API Action [GetResponseJSONValueAsList] successfully performed. With the following test data [$]. @01-11-2021 07:34:34.0636 AM
[ReportManager] API Action [GetResponseJSONValue] successfully performed. With the following test data [name]. @01-11-2021 07:34:34.0654 AM
[ReportManager] API Action [GetResponseJSONValue] successfully performed. With the following test data [email]. @01-11-2021 07:34:34.0667 AM
[ReportManager] Verification [ValidateEquals] PASSED. Expected [Sincere@april.biz] and Actual [Sincere@april.biz]. Comparison Type [EQUALS]. Validation Type [POSITIVE]. @01-11-2021 07:34:34.0667 AM
[ReportManager] API Action [GetResponseJSONValue] successfully performed. With the following test data [username]. @01-11-2021 07:34:34.0681 AM
[ReportManager] Assertion [ValidateEquals] PASSED. Expected [Bret] and Actual [Bret]. Comparison Type [EQUALS]. Validation Type [POSITIVE]. @01-11-2021 07:34:34.0681 AM
[ReportManager] API Action [GetResponseJSONValue] successfully performed. With the following test data [name]. @01-11-2021 07:34:34.0696 AM
[ReportManager] API Action [GetResponseJSONValue] successfully performed. With the following test data [name]. @01-11-2021 07:34:34.0706 AM
[ReportManager] API Action [GetResponseJSONValue] successfully performed. With the following test data [name]. @01-11-2021 07:34:34.0716 AM
[ReportManager] API Action [GetResponseJSONValue] successfully performed. With the following test data [name]. @01-11-2021 07:34:34.0732 AM
[ReportManager] API Action [GetResponseJSONValue] successfully performed. With the following test data [name]. @01-11-2021 07:34:34.0745 AM
[ReportManager] API Action [GetResponseJSONValue] successfully performed. With the following test data [name]. @01-11-2021 07:34:34.0795 AM
[ReportManager] API Action [GetResponseJSONValue] successfully performed. With the following test data [name]. @01-11-2021 07:34:34.0806 AM
[ReportManager] API Action [GetResponseJSONValue] successfully performed. With the following test data [name]. @01-11-2021 07:34:34.0815 AM
[ReportManager] API Action [GetResponseJSONValue] successfully performed. With the following test data [name]. @01-11-2021 07:34:34.0822 A
[ReportManager] File Action [GetAbsolutePath] successfully performed. With the following test data [Relative Folder Path: "target/downloadedFiles/"]. @01-11-2021 07:34:34.0826 AM
[ReportManager] Attempting to run remotely on: [Linux-64], [GoogleChrome], [http://localhost:4444/wd/hub], Headless Execution. @01-11-2021 07:34:34.0826 AM
[ReportManager] Successfully Opened [GoogleChrome]. @01-11-2021 07:34:38.0084 A

################################################################################################################################################
Starting Execution:	[122 out of 143] test cases in the current suite
Test Method:		[testPackage01.Test_IsElementClickable.testIsElementClickable]
################################################################################################################################################
[ReportManager] Target URL: [https://the-internet.herokuapp.com/] @01-11-2021 07:34:38.0088 AM
[ReportManager] Initial URL: [data:,] @01-11-2021 07:34:38.0150 AM
[ReportManager] Browser Action [NavigateToURL] successfully performed. With the following test data [https://the-internet.herokuapp.com/]. @01-11-2021 07:34:38.0545 AM
[ReportManager] Element Action [IsElementClickable] successfully performed. @01-11-2021 07:34:38.0754 AM
[ReportManager] Assertion [ValidateTrue] PASSED. Expected [TRUE] and Actual [TRUE]. Validation Type [POSITIVE]. @01-11-2021 07:34:38.0754 A
[ReportManager] Browser Action [CloseCurrentWindow] successfully performed. @01-11-2021 07:34:38.0867 AM
[ReportManager] Successfully created attachment [Browser Action Test Data - CloseCurrentWindow - Actual Value] @01-11-2021 07:34:38.0867 A

################################################################################################################################################
Starting Execution:	[123 out of 143] test cases in the current suite
Test Method:		[testPackage01.Test_JsonCompareWithSpecialCharacters.specialCharacters]
################################################################################################################################################
[ReportManager] File Action [GetAbsolutePath] successfully performed. With the following test data [Relative Folder Path: "src/test/resources/TestJsonFiles/specialCharacters.json"]. @01-11-2021 07:34:38.0877 AM
[ReportManager] File Action [ReadFromFile] successfully performed. With the following test data [File Path: "/home/runner/work/SHAFT_ENGINE/SHAFT_ENGINE/src/test/resources/TestJsonFiles/specialCharacters.json"]. @01-11-2021 07:34:38.0884 AM
[ReportManager] Successfully created attachment [File Action Actual Result - Command Log] @01-11-2021 07:34:38.0884 AM
[ReportManager] Comparing the provided API response with the file at this path "src/test/resources/TestJsonFiles/specialCharacters.json", comparison type "EQUALS" @01-11-2021 07:34:38.0885 AM
[ReportManager] API Action [CompareJSON] successfully performed. With the following test data [src/test/resources/TestJsonFiles/specialCharacters.json]. @01-11-2021 07:34:38.0893 AM
[ReportManager] File Action [GetAbsolutePath] successfully performed. With the following test data [Relative Folder Path: "src/test/resources/TestJsonFiles/specialCharacters.json"]. @01-11-2021 07:34:38.0893 AM
[ReportManager] File Action [ReadFromFile] successfully performed. With the following test data [File Path: "/home/runner/work/SHAFT_ENGINE/SHAFT_ENGINE/src/test/resources/TestJsonFiles/specialCharacters.json"]. @01-11-2021 07:34:38.0894 AM
[ReportManager] Verification [ValidateJSONFileContent] PASSED. Expected [Response data should match the JSON File in this path 'src/test/resources/TestJsonFiles/specialCharacters.json'] and Actual [TRUE]. Comparison Type [EQUALS]. Validation Type [POSITIVE]. @01-11-2021 07:34:38.0897 AM
[ReportManager] Successfully created attachment [Validation Test Data - Expected JSON Value] @01-11-2021 07:34:38.0898 AM
[ReportManager] Successfully created attachment [Validation Test Data - Actual JSON Value] @01-11-2021 07:34:38.0898 A

################################################################################################################################################
Starting Execution:	[124 out of 143] test cases in the current suite
Test Method:		[testPackage01.Test_JsonCompareWithSpecialCharacters.specialCharacters_assertion]
################################################################################################################################################
[ReportManager] File Action [GetAbsolutePath] successfully performed. With the following test data [Relative Folder Path: "src/test/resources/TestJsonFiles/specialCharacters.json"]. @01-11-2021 07:34:38.0904 AM
[ReportManager] File Action [ReadFromFile] successfully performed. With the following test data [File Path: "/home/runner/work/SHAFT_ENGINE/SHAFT_ENGINE/src/test/resources/TestJsonFiles/specialCharacters.json"]. @01-11-2021 07:34:38.0905 AM
[ReportManager] Successfully created attachment [File Action Actual Result - Command Log] @01-11-2021 07:34:38.0905 AM
[ReportManager] Comparing the provided API response with the file at this path "src/test/resources/TestJsonFiles/specialCharacters.json", comparison type "CONTAINS" @01-11-2021 07:34:38.0905 AM
[ReportManager] API Action [CompareJSON] successfully performed. With the following test data [src/test/resources/TestJsonFiles/specialCharacters.json]. @01-11-2021 07:34:38.0922 AM
[ReportManager] File Action [GetAbsolutePath] successfully performed. With the following test data [Relative Folder Path: "src/test/resources/TestJsonFiles/specialCharacters.json"]. @01-11-2021 07:34:38.0922 AM
[ReportManager] File Action [ReadFromFile] successfully performed. With the following test data [File Path: "/home/runner/work/SHAFT_ENGINE/SHAFT_ENGINE/src/test/resources/TestJsonFiles/specialCharacters.json"]. @01-11-2021 07:34:38.0922 AM
[ReportManager] Assertion Passed: trying out the log message @01-11-2021 07:34:38.0925 AM
[ReportManager] Successfully created attachment [Validation Test Data - Expected JSON Value] @01-11-2021 07:34:38.0926 AM
[ReportManager] Successfully created attachment [Validation Test Data - Actual JSON Value] @01-11-2021 07:34:38.0926 AM
[ReportManager] Assertion [ValidateJSONFileContent] PASSED. Expected [Response data should match the JSON File in this path 'src/test/resources/TestJsonFiles/specialCharacters.json'] and Actual [TRUE]. Comparison Type [CONTAINS]. Validation Type [POSITIVE]. @01-11-2021 07:34:38.0926 A
[ReportManager] File Action [GetAbsolutePath] successfully performed. With the following test data [Relative Folder Path: "target/downloadedFiles/"]. @01-11-2021 07:34:38.0928 AM
[ReportManager] Attempting to run remotely on: [Linux-64], [GoogleChrome], [http://localhost:4444/wd/hub], Headless Execution. @01-11-2021 07:34:38.0929 AM
[ReportManager] Successfully Opened [GoogleChrome]. @01-11-2021 07:34:43.0078 A

################################################################################################################################################
Starting Execution:	[125 out of 143] test cases in the current suite
Test Method:		[testPackage01.Test_assertEquals.test_assertElementAttribute]
################################################################################################################################################
[ReportManager] Target URL: [https://www.google.com/ncr], and after redirection: [https://www.google.com] @01-11-2021 07:34:43.0083 AM
[ReportManager] Initial URL: [data:,] @01-11-2021 07:34:43.0160 AM
[ReportManager] Browser Action [NavigateToURL] successfully performed. With the following test data [https://www.google.com/ncr]. @01-11-2021 07:34:43.0945 AM
[ReportManager] Element Action [Type] successfully performed. With the following test data [INC_004010050:Another SCHEDULER with the same name [Duplicate Job Name] already exists.]. @01-11-2021 07:34:44.0850 AM
[ReportManager] Element Action [GetText] successfully performed. With the following test data [INC_004010050:Another SCHEDULER with the same name [Duplicate Job Name] already exists.]. @01-11-2021 07:34:44.0989 AM
[ReportManager] Loaded Shared OpenCV @01-11-2021 07:34:45.0312 AM
[ReportManager] Assertion [ValidateElementAttribute] PASSED. Expected [Value Should be 'INC_004010050:Another SCHEDULER with the same name \[Duplicate Job Name\] already exists.' for the 'text' attribute, element locator 'By.name: q'] and Actual [INC_004010050:Another SCHEDULER with the same name [Duplicate Job Name] already exists.]. Comparison Type [MATCHES]. Validation Type [POSITIVE]. @01-11-2021 07:34:45.0578 AM
[ReportManager] Successfully created attachment [Screenshot - 1635752085312_test_assertElementAttribute_ValidateElementAttribute_passed] @01-11-2021 07:34:45.0579 A
[ReportManager] Browser Action [CloseCurrentWindow] successfully performed. @01-11-2021 07:34:45.0757 AM
[ReportManager] Successfully created attachment [Browser Action Test Data - CloseCurrentWindow - Actual Value] @01-11-2021 07:34:45.0758 A
[ReportManager] File Action [GetAbsolutePath] successfully performed. With the following test data [Relative Folder Path: "target/downloadedFiles/"]. @01-11-2021 07:34:45.0764 AM
[ReportManager] Attempting to run remotely on: [Linux-64], [GoogleChrome], [http://localhost:4444/wd/hub], Headless Execution. @01-11-2021 07:34:45.0764 AM
[ReportManager] Successfully Opened [GoogleChrome]. @01-11-2021 07:34:48.0086 A

################################################################################################################################################
Starting Execution:	[126 out of 143] test cases in the current suite
Test Method:		[testPackage01.Test_verifyEquals.test_assertElementAttribute]
################################################################################################################################################
[ReportManager] Target URL: [https://www.google.com/ncr], and after redirection: [https://www.google.com] @01-11-2021 07:34:48.0089 AM
[ReportManager] Initial URL: [data:,] @01-11-2021 07:34:48.0143 AM
[ReportManager] Browser Action [NavigateToURL] successfully performed. With the following test data [https://www.google.com/ncr]. @01-11-2021 07:34:49.0002 AM
[ReportManager] Element Action [Type] successfully performed. With the following test data [INC_004010050:Another SCHEDULER with the same name [Duplicate Job Name] already exists.]. @01-11-2021 07:34:49.0784 AM
[ReportManager] Element Action [GetText] successfully performed. With the following test data [INC_004010050:Another SCHEDULER with the same name [Duplicate Job Name] already exists.]. @01-11-2021 07:34:49.0946 AM
[ReportManager] Loaded Shared OpenCV @01-11-2021 07:34:50.0302 AM
[ReportManager] Verification [ValidateElementAttribute] PASSED. Expected [Value Should be 'INC_004010050:Another SCHEDULER with the same name \[Duplicate Job Name\] already exists.' for the 'text' attribute, element locator 'By.name: q'] and Actual [INC_004010050:Another SCHEDULER with the same name [Duplicate Job Name] already exists.]. Comparison Type [MATCHES]. Validation Type [POSITIVE]. @01-11-2021 07:34:50.0541 AM
[ReportManager] Successfully created attachment [Screenshot - 1635752090302_test_assertElementAttribute_ValidateElementAttribute_passed] @01-11-2021 07:34:50.0543 A
[ReportManager] Browser Action [CloseCurrentWindow] successfully performed. @01-11-2021 07:34:50.0683 AM
[ReportManager] Successfully created attachment [Browser Action Test Data - CloseCurrentWindow - Actual Value] @01-11-2021 07:34:50.0684 A

################################################################################################################################################
Starting Execution:	[127 out of 143] test cases in the current suite
Test Method:		[testPackage01.Test_JsonActions.f]
###############################################################################################################################################

################################################################################################################################################
Starting Execution:	[128 out of 143] test cases in the current suite
Test Method:		[testPackage01.Test_JsonActions.f2]
###############################################################################################################################################

################################################################################################################################################
Starting Execution:	[129 out of 143] test cases in the current suite
Test Method:		[testPackage01.Test_PDF.testPDF_Downloaded]
################################################################################################################################################
[ReportManager] File Action [DoesFileExist] successfully performed. With the following test data [File Path: "src/test/resources/TestDataFiles/sample.pdf"]. @01-11-2021 07:34:50.0712 AM
[ReportManager] File Action [GetAbsolutePath] successfully performed. With the following test data [Relative File Path: "src/test/resources/TestDataFiles/sample.pdf"]. @01-11-2021 07:34:50.0712 AM
[ReportManager] Assertion [ValidateTrue] PASSED. Expected [TRUE] and Actual [TRUE]. Validation Type [POSITIVE]. @01-11-2021 07:34:51.0202 A
[ReportManager] File Action [GetAbsolutePath] successfully performed. With the following test data [Relative Folder Path: "target/downloadedFiles/"]. @01-11-2021 07:34:51.0205 AM
[ReportManager] Attempting to run remotely on: [Linux-64], [GoogleChrome], [http://localhost:4444/wd/hub], Headless Execution. @01-11-2021 07:34:51.0205 AM
[ReportManager] Successfully Opened [GoogleChrome]. @01-11-2021 07:34:53.0087 A

################################################################################################################################################
Starting Execution:	[130 out of 143] test cases in the current suite
Test Method:		[testPackage01.Test_dragAndDrop.dragAndDropJquery]
################################################################################################################################################
[ReportManager] Target URL: [https://jqueryui.com/resources/demos/droppable/default.html] @01-11-2021 07:34:53.0089 AM
[ReportManager] Initial URL: [data:,] @01-11-2021 07:34:53.0157 AM
[ReportManager] Browser Action [NavigateToURL] successfully performed. With the following test data [https://jqueryui.com/resources/demos/droppable/default.html]. @01-11-2021 07:34:53.0553 AM
[ReportManager] Element Action [GetText] successfully performed. With the following test data [Drop here]. @01-11-2021 07:34:53.0624 AM
[ReportManager] Element Action [DragAndDrop] successfully performed. With the following test data [Start point: (8, 18), End point: (8, 18)]. @01-11-2021 07:34:55.0197 AM
[ReportManager] Element Action [GetText] successfully performed. With the following test data [Dropped!]. @01-11-2021 07:34:55.0289 AM
[ReportManager] Assertion Passed: Checking to see if the text has changed after performing drag and drop @01-11-2021 07:34:55.0289 AM
[ReportManager] Assertion [ValidateEquals] PASSED. Expected [Drop here] and Actual [Dropped!]. Comparison Type [EQUALS]. Validation Type [NEGATIVE]. @01-11-2021 07:34:55.0289 A
[ReportManager] Browser Action [CloseCurrentWindow] successfully performed. @01-11-2021 07:34:55.0481 AM
[ReportManager] Successfully created attachment [Browser Action Test Data - CloseCurrentWindow - Actual Value] @01-11-2021 07:34:55.0481 A
[ReportManager] File Action [GetAbsolutePath] successfully performed. With the following test data [Relative Folder Path: "target/downloadedFiles/"]. @01-11-2021 07:34:55.0483 AM
[ReportManager] Attempting to run remotely on: [Linux-64], [GoogleChrome], [http://localhost:4444/wd/hub], Headless Execution. @01-11-2021 07:34:55.0483 AM
[ReportManager] Successfully Opened [GoogleChrome]. @01-11-2021 07:34:58.0090 A

################################################################################################################################################
Starting Execution:	[131 out of 143] test cases in the current suite
Test Method:		[testPackage01.Test_dragAndDrop.dragAndDrop]
Test Description:	[TC001 - Test Drag and Drop function.]
################################################################################################################################################
[ReportManager] Target URL: [http://the-internet.herokuapp.com/drag_and_drop] @01-11-2021 07:34:58.0097 AM
[ReportManager] Initial URL: [data:,] @01-11-2021 07:34:58.0137 AM
[ReportManager] Browser Action [NavigateToURL] successfully performed. With the following test data [http://the-internet.herokuapp.com/drag_and_drop]. @01-11-2021 07:34:58.0520 AM
[ReportManager] Attempting Drag and Drop @01-11-2021 07:34:58.0520 AM
[ReportManager] Element Action [DragAndDrop] successfully performed. With the following test data [Start point: (492, 89), End point: (707, 89)]. @01-11-2021 07:34:59.0752 A
[ReportManager] Browser Action [CloseCurrentWindow] successfully performed. @01-11-2021 07:34:59.0867 AM
[ReportManager] Successfully created attachment [Browser Action Test Data - CloseCurrentWindow - Actual Value] @01-11-2021 07:34:59.0867 A
[ReportManager] File Action [GetAbsolutePath] successfully performed. With the following test data [Relative Folder Path: "target/downloadedFiles/"]. @01-11-2021 07:34:59.0872 AM
[ReportManager] Attempting to run remotely on: [Linux-64], [GoogleChrome], [http://localhost:4444/wd/hub], Headless Execution. @01-11-2021 07:34:59.0872 AM
[ReportManager] Successfully Opened [GoogleChrome]. @01-11-2021 07:35:03.0084 A

################################################################################################################################################
Starting Execution:	[132 out of 143] test cases in the current suite
Test Method:		[testPackage01.Test_dragAndDrop.dragAndDropByOffset]
Test Description:	[TC002 - Test Drag and Drop by offset function.]
################################################################################################################################################
[ReportManager] Target URL: [https://jqueryui.com/resources/demos/draggable/default.html] @01-11-2021 07:35:03.0087 AM
[ReportManager] Initial URL: [data:,] @01-11-2021 07:35:03.0129 AM
[ReportManager] Browser Action [NavigateToURL] successfully performed. With the following test data [https://jqueryui.com/resources/demos/draggable/default.html]. @01-11-2021 07:35:03.0473 AM
[ReportManager] Element Action [DragAndDropByOffset] successfully performed. With the following test data [Start point: (8, 8), End point: (108, 58)]. @01-11-2021 07:35:04.0024 A
[ReportManager] Browser Action [CloseCurrentWindow] successfully performed. @01-11-2021 07:35:04.0154 AM
[ReportManager] Successfully created attachment [Browser Action Test Data - CloseCurrentWindow - Actual Value] @01-11-2021 07:35:04.0154 A
[ReportManager] File Action [GetAbsolutePath] successfully performed. With the following test data [Relative Folder Path: "target/downloadedFiles/"]. @01-11-2021 07:35:04.0156 AM
[ReportManager] Attempting to run remotely on: [Linux-64], [GoogleChrome], [http://localhost:4444/wd/hub], Headless Execution. @01-11-2021 07:35:04.0156 AM
[ReportManager] Successfully Opened [GoogleChrome]. @01-11-2021 07:35:08.0086 A

################################################################################################################################################
Starting Execution:	[133 out of 143] test cases in the current suite
Test Method:		[testPackage01.Test_clipboardActions.typeTextAndCopyPaste]
################################################################################################################################################
[ReportManager] Target URL: [https://www.google.com/ncr], and after redirection: [https://www.google.com] @01-11-2021 07:35:08.0089 AM
[ReportManager] Initial URL: [data:,] @01-11-2021 07:35:08.0140 AM
[ReportManager] Browser Action [NavigateToURL] successfully performed. With the following test data [https://www.google.com/ncr]. @01-11-2021 07:35:08.0950 AM
[ReportManager] Element Action [Type] successfully performed. With the following test data [FIRST]. @01-11-2021 07:35:09.0402 AM
[ReportManager] Element Action [ClipboardActions] successfully performed. With the following test data [select all]. @01-11-2021 07:35:09.0502 AM
[ReportManager] Element Action [ClipboardActions] successfully performed. With the following test data [copy]. @01-11-2021 07:35:09.0583 AM
[ReportManager] Element Action [ClipboardActions] successfully performed. With the following test data [unselect]. @01-11-2021 07:35:09.0682 AM
[ReportManager] Element Action [ClipboardActions] successfully performed. With the following test data [paste]. @01-11-2021 07:35:09.0799 AM
[ReportManager] Element Action [ClipboardActions] successfully performed. With the following test data [select all]. @01-11-2021 07:35:09.0865 AM
[ReportManager] Element Action [Type] successfully performed. @01-11-2021 07:35:10.0284 AM
[ReportManager] Element Action [ClipboardActions] successfully performed. With the following test data [cut]. @01-11-2021 07:35:10.0284 AM
[ReportManager] Element Action [ClipboardActions] successfully performed. With the following test data [paste]. @01-11-2021 07:35:10.0335 AM
[ReportManager] Element Action [ClipboardActions] successfully performed. With the following test data [paste]. @01-11-2021 07:35:10.0418 A
[ReportManager] Browser Action [CloseCurrentWindow] successfully performed. @01-11-2021 07:35:10.0588 AM
[ReportManager] Successfully created attachment [Browser Action Test Data - CloseCurrentWindow - Actual Value] @01-11-2021 07:35:10.0589 A
[ReportManager] File Action [GetAbsolutePath] successfully performed. With the following test data [Relative Folder Path: "target/downloadedFiles/"]. @01-11-2021 07:35:10.0591 AM
[ReportManager] Attempting to run remotely on: [Linux-64], [GoogleChrome], [http://localhost:4444/wd/hub], Headless Execution. @01-11-2021 07:35:10.0591 AM
[ReportManager] Successfully Opened [GoogleChrome]. @01-11-2021 07:35:13.0080 A

################################################################################################################################################
Starting Execution:	[134 out of 143] test cases in the current suite
Test Method:		[testPackage01.Test_dynamicLoading.dynamicLoading_elementIsHidden]
################################################################################################################################################
[ReportManager] Target URL: [https://the-internet.herokuapp.com/dynamic_loading/1] @01-11-2021 07:35:13.0092 AM
[ReportManager] Initial URL: [data:,] @01-11-2021 07:35:13.0129 AM
[ReportManager] Browser Action [NavigateToURL] successfully performed. With the following test data [https://the-internet.herokuapp.com/dynamic_loading/1]. @01-11-2021 07:35:13.0526 AM
[ReportManager] Element Action [Click] successfully performed. With the following test data [Start]. @01-11-2021 07:35:14.0024 AM
[ReportManager] Element Action [GetText] successfully performed. With the following test data [
    Hello World!
  ]. @01-11-2021 07:35:14.0164 AM
[ReportManager] Loaded Shared OpenCV @01-11-2021 07:35:14.0413 AM
[ReportManager] Assertion [ValidateElementAttribute] PASSED. Expected [Value Should be 'Hello World!' for the 'text' attribute, element locator 'By.id: finish'] and Actual [
    Hello World!
  ]. Comparison Type [CONTAINS]. Validation Type [POSITIVE]. @01-11-2021 07:35:14.0702 AM
[ReportManager] Successfully created attachment [Screenshot - 1635752114413_dynamicLoading_elementIsHidden_ValidateElementAttribute_passed] @01-11-2021 07:35:14.0703 A
[ReportManager] Browser Action [CloseCurrentWindow] successfully performed. @01-11-2021 07:35:14.0813 AM
[ReportManager] Successfully created attachment [Browser Action Test Data - CloseCurrentWindow - Actual Value] @01-11-2021 07:35:14.0814 A
[ReportManager] File Action [GetAbsolutePath] successfully performed. With the following test data [Relative Folder Path: "target/downloadedFiles/"]. @01-11-2021 07:35:14.0815 AM
[ReportManager] Attempting to run remotely on: [Linux-64], [GoogleChrome], [http://localhost:4444/wd/hub], Headless Execution. @01-11-2021 07:35:14.0815 AM
[ReportManager] Successfully Opened [GoogleChrome]. @01-11-2021 07:35:18.0086 A

################################################################################################################################################
Starting Execution:	[135 out of 143] test cases in the current suite
Test Method:		[testPackage01.Test_dynamicLoading.dynamicLoading_elementIsRendered]
################################################################################################################################################
[ReportManager] Target URL: [https://the-internet.herokuapp.com/dynamic_loading/2] @01-11-2021 07:35:18.0098 AM
[ReportManager] Initial URL: [data:,] @01-11-2021 07:35:18.0146 AM
[ReportManager] Browser Action [NavigateToURL] successfully performed. With the following test data [https://the-internet.herokuapp.com/dynamic_loading/2]. @01-11-2021 07:35:18.0511 AM
[ReportManager] Element Action [Click] successfully performed. With the following test data [Start]. @01-11-2021 07:35:19.0048 AM
[ReportManager] Element Action [GetText] successfully performed. With the following test data [Hello World!]. @01-11-2021 07:35:24.0209 AM
[ReportManager] Loaded Shared OpenCV @01-11-2021 07:35:24.0468 AM
[ReportManager] Assertion [ValidateElementAttribute] PASSED. Expected [Value Should be 'Hello World!' for the 'text' attribute, element locator 'By.id: finish'] and Actual [Hello World!]. Comparison Type [CONTAINS]. Validation Type [POSITIVE]. @01-11-2021 07:35:24.0679 AM
[ReportManager] Successfully created attachment [Screenshot - 1635752124468_dynamicLoading_elementIsRendered_ValidateElementAttribute_passed] @01-11-2021 07:35:24.0680 A
[ReportManager] Browser Action [CloseCurrentWindow] successfully performed. @01-11-2021 07:35:24.0800 AM
[ReportManager] Successfully created attachment [Browser Action Test Data - CloseCurrentWindow - Actual Value] @01-11-2021 07:35:24.0800 A
[ReportManager] File Action [GetAbsolutePath] successfully performed. With the following test data [Relative Folder Path: "target/downloadedFiles/"]. @01-11-2021 07:35:24.0802 AM
[ReportManager] Attempting to run remotely on: [Linux-64], [GoogleChrome], [http://localhost:4444/wd/hub], Headless Execution. @01-11-2021 07:35:24.0803 AM
[ReportManager] Successfully Opened [GoogleChrome]. @01-11-2021 07:35:28.0114 A

################################################################################################################################################
Starting Execution:	[136 out of 143] test cases in the current suite
Test Method:		[testPackage01.Test_uploadFile.uploadFile_invisibleUploadInput]
################################################################################################################################################
[ReportManager] Target URL: [https://fineuploader.com/demos.html#gallery-view] @01-11-2021 07:35:28.0123 AM
[ReportManager] Initial URL: [data:,] @01-11-2021 07:35:28.0169 AM
[ReportManager] Browser Action [NavigateToURL] successfully performed. With the following test data [https://fineuploader.com/demos.html#gallery-view]. @01-11-2021 07:35:29.0459 AM
[ReportManager] File Action [GetAbsolutePath] successfully performed. With the following test data [Relative File Path: "src/main/resources/images/shaft.png"]. @01-11-2021 07:35:29.0459 AM
[ReportManager] Successfully created attachment [File Action Actual Result - Command Log] @01-11-2021 07:35:29.0460 AM
[ReportManager] Element Action [TypeFileLocationForUpload] successfully performed. With the following test data [/home/runner/work/SHAFT_ENGINE/SHAFT_ENGINE/src/main/resources/images/shaft.png]. @01-11-2021 07:35:29.0648 AM
[ReportManager] Attempting to getAttribute [src] from elementLocator [By.xpath: //div[@id='fine-uploader-gallery']//div[@class='qq-thumbnail-wrapper']/img]. @01-11-2021 07:35:29.0648 AM
[ReportManager] Element Action [GetAttribute] successfully performed. @01-11-2021 07:35:29.0771 AM
[ReportManager] Successfully created attachment [Element Action Test Data - GetAttribute - Actual Value] @01-11-2021 07:35:29.0771 AM
[ReportManager] Loaded Shared OpenCV @01-11-2021 07:35:30.0048 AM
[ReportManager] Assertion [ValidateElementAttribute] PASSED. Expected and Actual values are attached. Comparison Type [CONTAINS]. Validation Type [POSITIVE]. @01-11-2021 07:35:30.0290 AM
[ReportManager] Successfully created attachment [Validation Test Data - Expected Value] @01-11-2021 07:35:30.0290 AM
[ReportManager] Successfully created attachment [Validation Test Data - Actual Value] @01-11-2021 07:35:30.0290 AM
[ReportManager] Successfully created attachment [Screenshot - 1635752130048_uploadFile_invisibleUploadInput_ValidateElementAttribute_passed] @01-11-2021 07:35:30.0292 A
[ReportManager] Browser Action [CloseCurrentWindow] successfully performed. @01-11-2021 07:35:30.0426 AM
[ReportManager] Successfully created attachment [Browser Action Test Data - CloseCurrentWindow - Actual Value] @01-11-2021 07:35:30.0426 A
[ReportManager] File Action [GetAbsolutePath] successfully performed. With the following test data [Relative Folder Path: "target/downloadedFiles/"]. @01-11-2021 07:35:30.0432 AM
[ReportManager] Attempting to run remotely on: [Linux-64], [GoogleChrome], [http://localhost:4444/wd/hub], Headless Execution. @01-11-2021 07:35:30.0433 AM
[ReportManager] Successfully Opened [GoogleChrome]. @01-11-2021 07:35:33.0077 A

################################################################################################################################################
Starting Execution:	[137 out of 143] test cases in the current suite
Test Method:		[testPackage01.Test_uploadFile.uploadFile_visibleUploadInput]
################################################################################################################################################
[ReportManager] Target URL: [http://demo.guru99.com/test/upload/] @01-11-2021 07:35:33.0080 AM
[ReportManager] Initial URL: [data:,] @01-11-2021 07:35:33.0167 AM
[ReportManager] Browser Action [NavigateToURL] successfully performed. With the following test data [http://demo.guru99.com/test/upload/]. @01-11-2021 07:35:34.0080 AM
[ReportManager] File Action [GetAbsolutePath] successfully performed. With the following test data [Relative File Path: "src/main/resources/images/shaft.png"]. @01-11-2021 07:35:34.0080 AM
[ReportManager] Successfully created attachment [File Action Actual Result - Command Log] @01-11-2021 07:35:34.0081 AM
[ReportManager] Element Action [TypeFileLocationForUpload] successfully performed. With the following test data [/home/runner/work/SHAFT_ENGINE/SHAFT_ENGINE/src/main/resources/images/shaft.png]. @01-11-2021 07:35:34.0206 AM
[ReportManager] Element Action [Click] successfully performed. With the following test data [on]. @01-11-2021 07:35:34.0786 AM
[ReportManager] Element Action [Click] successfully performed. With the following test data [Submit File]. @01-11-2021 07:35:35.0402 AM
[ReportManager] Element Action [GetText] successfully performed. With the following test data [1 file
has been successfully uploaded.]. @01-11-2021 07:35:35.0562 AM
[ReportManager] Loaded Shared OpenCV @01-11-2021 07:35:35.0881 AM
[ReportManager] Assertion [ValidateElementAttribute] PASSED. Expected [Value Should be '1 file' for the 'Text' attribute, element locator 'By.id: res'] and Actual [1 file
has been successfully uploaded.]. Comparison Type [CONTAINS]. Validation Type [POSITIVE]. @01-11-2021 07:35:36.0092 AM
[ReportManager] Successfully created attachment [Screenshot - 1635752135881_uploadFile_visibleUploadInput_ValidateElementAttribute_passed] @01-11-2021 07:35:36.0092 A
[ReportManager] Browser Action [CloseCurrentWindow] successfully performed. @01-11-2021 07:35:36.0210 AM
[ReportManager] Successfully created attachment [Browser Action Test Data - CloseCurrentWindow - Actual Value] @01-11-2021 07:35:36.0210 A

################################################################################################################################################
Starting Execution:	[138 out of 143] test cases in the current suite
Test Method:		[testPackage01.Test_SelectedValue.multipleSelect]
################################################################################################################################################
[ReportManager] File Action [GetAbsolutePath] successfully performed. With the following test data [Relative Folder Path: "target/downloadedFiles/"]. @01-11-2021 07:35:36.0213 AM
[ReportManager] Attempting to run remotely on: [Linux-64], [GoogleChrome], [http://localhost:4444/wd/hub], Headless Execution. @01-11-2021 07:35:36.0214 AM
[ReportManager] Successfully Opened [GoogleChrome]. @01-11-2021 07:35:38.0095 AM
[ReportManager] Target URL: [https://yari-demos.prod.mdn.mozit.cloud/en-US/docs/Web/HTML/Element/select/_sample_.Advanced_select_with_multiple_features.html] @01-11-2021 07:35:38.0095 AM
[ReportManager] Initial URL: [data:,] @01-11-2021 07:35:38.0142 AM
[ReportManager] Browser Action [NavigateToURL] successfully performed. With the following test data [https://yari-demos.prod.mdn.mozit.cloud/en-US/docs/Web/HTML/Element/select/_sample_.Advanced_select_with_multiple_features.html]. @01-11-2021 07:35:38.0578 AM
[ReportManager] Element Action [Select] successfully performed. With the following test data [Dog]. @01-11-2021 07:35:38.0892 AM
[ReportManager] Element Action [Select] successfully performed. With the following test data [Cat]. @01-11-2021 07:35:39.0207 AM
[ReportManager] Element Action [GetSelectedText] successfully performed. With the following test data [DogCat]. @01-11-2021 07:35:39.0389 AM
[ReportManager] DogCat @01-11-2021 07:35:39.0390 AM
[ReportManager] Element Action [GetSelectedText] successfully performed. With the following test data [DogCat]. @01-11-2021 07:35:39.0546 AM
[ReportManager] Loaded Shared OpenCV @01-11-2021 07:35:39.0806 AM
[ReportManager] Assertion [ValidateElementAttribute] PASSED. Expected [Value Should be 'DogCat' for the 'selectedText' attribute, element locator 'By.tagName: select'] and Actual [DogCat]. Comparison Type [EQUALS]. Validation Type [POSITIVE]. @01-11-2021 07:35:40.0018 AM
[ReportManager] Successfully created attachment [Screenshot - 1635752139806_multipleSelect_ValidateElementAttribute_passed] @01-11-2021 07:35:40.0019 AM
[ReportManager] Browser Action [CloseCurrentWindow] successfully performed. @01-11-2021 07:35:40.0134 AM
[ReportManager] Successfully created attachment [Browser Action Test Data - CloseCurrentWindow - Actual Value] @01-11-2021 07:35:40.0134 A

################################################################################################################################################
Starting Execution:	[139 out of 143] test cases in the current suite
Test Method:		[testPackage01.Test_SelectedValue.simpleSelect]
################################################################################################################################################
[ReportManager] File Action [GetAbsolutePath] successfully performed. With the following test data [Relative Folder Path: "target/downloadedFiles/"]. @01-11-2021 07:35:40.0145 AM
[ReportManager] Attempting to run remotely on: [Linux-64], [GoogleChrome], [http://localhost:4444/wd/hub], Headless Execution. @01-11-2021 07:35:40.0145 AM
[ReportManager] Successfully Opened [GoogleChrome]. @01-11-2021 07:35:43.0085 AM
[ReportManager] Target URL: [https://yari-demos.prod.mdn.mozit.cloud/en-US/docs/Web/HTML/Element/select/_sample_.Basic_select.html] @01-11-2021 07:35:43.0086 AM
[ReportManager] Initial URL: [data:,] @01-11-2021 07:35:43.0133 AM
[ReportManager] Browser Action [NavigateToURL] successfully performed. With the following test data [https://yari-demos.prod.mdn.mozit.cloud/en-US/docs/Web/HTML/Element/select/_sample_.Basic_select.html]. @01-11-2021 07:35:43.0426 AM
[ReportManager] Element Action [Select] successfully performed. With the following test data [Third Value]. @01-11-2021 07:35:43.0888 AM
[ReportManager] Element Action [GetSelectedText] successfully performed. With the following test data [Third Value]. @01-11-2021 07:35:44.0011 AM
[ReportManager] Third Value @01-11-2021 07:35:44.0011 AM
[ReportManager] Element Action [GetSelectedText] successfully performed. With the following test data [Third Value]. @01-11-2021 07:35:44.0167 AM
[ReportManager] Loaded Shared OpenCV @01-11-2021 07:35:44.0407 AM
[ReportManager] Assertion [ValidateElementAttribute] PASSED. Expected [Value Should be 'Third Value' for the 'selectedText' attribute, element locator 'By.tagName: select'] and Actual [Third Value]. Comparison Type [EQUALS]. Validation Type [POSITIVE]. @01-11-2021 07:35:44.0627 AM
[ReportManager] Successfully created attachment [Screenshot - 1635752144407_simpleSelect_ValidateElementAttribute_passed] @01-11-2021 07:35:44.0627 AM
[ReportManager] Browser Action [CloseCurrentWindow] successfully performed. @01-11-2021 07:35:44.0720 AM
[ReportManager] Successfully created attachment [Browser Action Test Data - CloseCurrentWindow - Actual Value] @01-11-2021 07:35:44.0721 A

################################################################################################################################################
Starting Execution:	[140 out of 143] test cases in the current suite
Test Method:		[testPackage01.Test_JSONFileManager.readStringFromJson]
################################################################################################################################################
[ReportManager] Successfully loaded the following test data file [src/test/resources/TestDataFiles/simpleJSON.json]. @01-11-2021 07:35:44.0733 AM
[ReportManager] Successfully created attachment [Test Data - JSON] @01-11-2021 07:35:44.0734 AM
[ReportManager] Assertion [ValidateEquals] PASSED. Expected [Mohab Mohie] and Actual [Mohab Mohie]. Comparison Type [EQUALS]. Validation Type [POSITIVE]. @01-11-2021 07:35:44.0776 A
[ReportManager] Successfully loaded the following test data file [src/test/resources/TestDataFiles/testSuite01/TestData.xlsx]. @01-11-2021 07:35:44.0853 AM
[ReportManager] Successfully created attachment [Test Data - Excel] @01-11-2021 07:35:44.0853 AM
[ReportManager] Attempting to run using Playwright locally on: [Linux-64], [GoogleChrome], Headless Execution. @01-11-2021 07:35:59.0327 AM
[ReportManager] File Action [GetAbsolutePath] successfully performed. With the following test data [Relative Folder Path: "target/downloadedFiles/"]. @01-11-2021 07:35:59.0329 AM
[ReportManager] Initial window size: (1280, 720) @01-11-2021 07:35:59.0695 AM
[ReportManager] Window size after Toolkit: com.microsoft.playwright.options.ViewportSize@33f7c082 @01-11-2021 07:35:59.0700 AM
[ReportManager] Browser Action [MaximizeWindow] successfully performed. With the following test data [New screen size is now: (1920, 1080)]. @01-11-2021 07:35:59.0701 A

################################################################################################################################################
Starting Execution:	[141 out of 143] test cases in the current suite
Test Method:		[testPackage01.Test_google_playwright.navigateToURLandVerifyGoogleLogoIsDisplayed]
Test Description:	[TC001 - Navigate to URL and Verify Google Logo is Displayed]
################################################################################################################################################
[ReportManager] Target URL: [https://www.google.com/ncr], and after redirection: [https://www.google.com] @01-11-2021 07:35:59.0707 AM
[ReportManager] Initial URL: [about:blank] @01-11-2021 07:36:00.0186 AM
[ReportManager] Browser Action [NavigateToURL] successfully performed. With the following test data [https://www.google.com/ncr]. @01-11-2021 07:36:02.0746 AM
[ReportManager] Loaded Shared OpenCV @01-11-2021 07:36:03.0041 AM
[ReportManager] Assertion [ValidateElementExists] PASSED. Expected [Element Should Exist, locator 'xpath=//*[@id='hplogo' or @alt='Google']'] and Actual [Element Exists]. Comparison Type [EQUALS]. Validation Type [POSITIVE]. @01-11-2021 07:36:03.0277 AM
[ReportManager] Successfully created attachment [Screenshot - 1635752163034_navigateToURLandVerifyGoogleLogoIsDisplayed_ValidateElementExists_passed] @01-11-2021 07:36:03.0279 A

################################################################################################################################################
Starting Execution:	[142 out of 143] test cases in the current suite
Test Method:		[testPackage01.Test_google_playwright.searchForQueryandAssertResultsNumDisplayed]
Test Description:	[TC002 - Search for Query and Assert that the number of results is displayed]
################################################################################################################################################
[ReportManager] Element Action [Type] successfully performed. With the following test data [SHAFT_Engine]. @01-11-2021 07:36:03.0592 AM
[ReportManager] Element Action [KeyPress] successfully performed. With the following test data [Enter]. @01-11-2021 07:36:03.0624 AM
[ReportManager] Element Action [GetText] successfully performed. With the following test data [About 1,100,000 results (0.60 seconds)]. @01-11-2021 07:36:04.0508 AM
[ReportManager] Loaded Shared OpenCV @01-11-2021 07:36:06.0697 AM
[ReportManager] Assertion [ValidateElementAttribute] PASSED. Expected [Value Should not be '' for the 'text' attribute, element locator 'xpath=//div[@id='appbar']'] and Actual [About 1,100,000 results (0.60 seconds)]. Comparison Type [EQUALS]. Validation Type [NEGATIVE]. @01-11-2021 07:36:06.0957 AM
[ReportManager] Successfully created attachment [Screenshot - 1635752166695_searchForQueryandAssertResultsNumDisplayed_ValidateElementAttribute_passed] @01-11-2021 07:36:06.0959 A

################################################################################################################################################
Starting Execution:	[143 out of 143] test cases in the current suite
Test Method:		[testPackage01.Test_google_playwright.clickNextThrice]
Test Description:	[TC003 - Clicks the next button to make sure that the framework can scroll element into view before clicking it]
################################################################################################################################################
[ReportManager] Element Action [Click] successfully performed. With the following test data [Next]. @01-11-2021 07:36:07.0198 A
[ReportManager] Failed to find video recording. @01-11-2021 07:36:07.0203 AM
[ReportManager] Successfully Closed PlayWright Driver. @01-11-2021 07:36:07.0261 A

################################################################################################################################################
Test Closure Activities
################################################################################################################################################
[ReportManager] Successfully created attachment [SHAFT Engine Logs - Execution log] @01-11-2021 07:36:07.0302 AM

################################################################################################################################################
This test run was powered by SHAFT Engine Version: [SHAFT Engine v5.4.20211030-BETA]
SHAFT Engine is licensed under the MIT License: [https://github.com/MohabMohie/SHAFT_ENGINE/blob/master/LICENSE].
################################################################################################################################################