################################################################################################################################################
Detected SHAFT Engine Version: [SHAFT Engine v5.5.20220112]
################################################################################################################################################
[ReportManager] File Action [GetAbsolutePath] successfully performed. With the following test data [Relative Folder Path: "target/downloadedFiles/"]. @12-01-2022 19:36:50.0538 PM
[ReportManager] Attempting to run locally on: [Mac-64], [Safari], Headless Execution. @12-01-2022 19:36:50.0552 PM
[ReportManager] Successfully Opened Safari. @12-01-2022 19:36:56.0309 PM
[ReportManager] Initial window size: (800, 600) @12-01-2022 19:36:56.0342 PM
[ReportManager] Window size after SWD Maximize: (1176, 802) @12-01-2022 19:36:56.0505 PM
[ReportManager] Browser Action [MaximizeWindow] successfully performed. With the following test data [New screen size is now: (1176, 802)]. @12-01-2022 19:36:56.0578 P

################################################################################################################################################
Starting Execution:	[1 out of 161] test cases in the current suite
Test Method:		[unitTests.tests_element_elementActions.waitForElementToBePresent_false_expectedToFail]
################################################################################################################################################
[ReportManager] Target URL: [https://www.google.com/ncr], and after redirection: [www.google.com] @12-01-2022 19:36:56.0900 PM
[ReportManager] Initial URL: [] @12-01-2022 19:36:56.0990 PM
[ReportManager] Browser Action [NavigateToURL] successfully performed. With the following test data [https://www.google.com/ncr]. @12-01-2022 19:36:59.0425 PM
[ReportManager] Waiting for element to be present; elementLocator [By.xpath: //*[@id='hplogo' or @alt='Google']], numberOfTries[1], stateOfPresence[false]... @12-01-2022 19:36:59.0435 PM
[ReportManager] Element Action [WaitForElementToBePresent] failed. With the following test data [waited for the element's state of presence to be (false). Element locator (By.xpath: //*[@id='hplogo' or @alt='Google'])]. @12-01-2022 19:37:02.0421 PM
[ReportManager] Successfully created attachment [Screenshot - 1642016219709_waitForElementToBePresent_false_expectedToFail_WaitForElementToBePresent_failed] @12-01-2022 19:37:02.0433 P
[ReportManager] Browser Action [CloseCurrentWindow] successfully performed. @12-01-2022 19:37:02.0622 PM
[ReportManager] Successfully created attachment [Browser Action Test Data - CloseCurrentWindow - Actual Value] @12-01-2022 19:37:02.0624 P
[ReportManager] File Action [GetAbsolutePath] successfully performed. With the following test data [Relative Folder Path: "target/downloadedFiles/"]. @12-01-2022 19:37:02.0641 PM
[ReportManager] Attempting to run locally on: [Mac-64], [Safari], Headless Execution. @12-01-2022 19:37:02.0641 PM
[ReportManager] An Exception Occured with this Message: Could not start a new session. Possible causes are invalid address of the remote server or browser start-up failure.. @12-01-2022 19:37:02.0713 PM
[ReportManager] Successfully created attachment [Exception Stack Trace - org.openqa.selenium.SessionNotCreatedException] @12-01-2022 19:37:02.0716 PM
[ReportManager] Driver Factory Action [createNewLocalDriverInstanceForSafari] failed. With the following test data [Failed to create a session on DESKTOP_SAFARI]. @12-01-2022 19:37:02.0717 P

################################################################################################################################################
Starting Execution:	[2 out of 161] test cases in the current suite
Test Method:		[unitTests.tests_element_elementActions.waitForElementToBePresent_false_expectedToPass]
###############################################################################################################################################



################################################################################################################################################
Starting Execution:	[3 out of 161] test cases in the current suite
Test Method:		[unitTests.tests_element_elementActions.waitForElementToBePresent_moreThanOneElement_expectedToFail]
###############################################################################################################################################



################################################################################################################################################
Starting Execution:	[4 out of 161] test cases in the current suite
Test Method:		[unitTests.tests_element_elementActions.waitForElementToBePresent_true_expectedToFail]
###############################################################################################################################################



################################################################################################################################################
Starting Execution:	[5 out of 161] test cases in the current suite
Test Method:		[unitTests.tests_element_elementActions.waitForElementToBePresent_true_expectedToPass]
###############################################################################################################################################

[ReportManager] File Action [GetAbsolutePath] successfully performed. With the following test data [Relative Folder Path: "target/downloadedFiles/"]. @12-01-2022 19:37:02.0804 PM
[ReportManager] Attempting to run locally on: [Mac-64], [Safari], Headless Execution. @12-01-2022 19:37:02.0805 PM
[ReportManager] Successfully Opened Safari. @12-01-2022 19:37:03.0851 PM
[ReportManager] Initial window size: (800, 600) @12-01-2022 19:37:03.0895 PM
[ReportManager] Window size after SWD Maximize: (1176, 803) @12-01-2022 19:37:03.0942 PM
[ReportManager] Browser Action [MaximizeWindow] successfully performed. With the following test data [New screen size is now: (1176, 803)]. @12-01-2022 19:37:03.0942 PM
[ReportManager] Target URL: [https://duckduckgo.com] @12-01-2022 19:37:03.0943 PM
[ReportManager] Initial URL: [] @12-01-2022 19:37:04.0052 PM
[ReportManager] Browser Action [NavigateToURL] successfully performed. With the following test data [https://duckduckgo.com]. @12-01-2022 19:37:05.0100 P

################################################################################################################################################
Starting Execution:	[6 out of 161] test cases in the current suite
Test Method:		[unitTests.tests_browserActions.fullScreenWindow]
################################################################################################################################################
[ReportManager] Initial Windows Size: 1176x803 @12-01-2022 19:37:05.0112 PM
[ReportManager] Current Windows Size after fullScreen: 1176x885 @12-01-2022 19:37:05.0584 PM
[ReportManager] Browser Action [FullScreenWindow] successfully performed. @12-01-2022 19:37:05.0677 PM
[ReportManager] Successfully created attachment [Browser Action Test Data - FullScreenWindow - Actual Value] @12-01-2022 19:37:05.0679 P
[ReportManager] Target URL: [https://duckduckgo.com] @12-01-2022 19:37:05.0685 PM
[ReportManager] Initial URL: [https://duckduckgo.com] @12-01-2022 19:37:05.0897 PM
[ReportManager] Browser Action [NavigateToURL] successfully performed. With the following test data [https://duckduckgo.com]. @12-01-2022 19:37:06.0515 PM
[ReportManager] Browser Action [CloseCurrentWindow] successfully performed. @12-01-2022 19:37:06.0876 PM
[ReportManager] Successfully created attachment [Browser Action Test Data - CloseCurrentWindow - Actual Value] @12-01-2022 19:37:06.0878 P
[ReportManager] File Action [GetAbsolutePath] successfully performed. With the following test data [Relative Folder Path: "target/downloadedFiles/"]. @12-01-2022 19:37:06.0885 PM
[ReportManager] Attempting to run locally on: [Mac-64], [Safari], Headless Execution. @12-01-2022 19:37:06.0887 PM
[ReportManager] Successfully Opened Safari. @12-01-2022 19:37:07.0961 PM
[ReportManager] Initial window size: (800, 600) @12-01-2022 19:37:07.0983 PM
[ReportManager] Window size after SWD Maximize: (1176, 803) @12-01-2022 19:37:08.0079 PM
[ReportManager] Browser Action [MaximizeWindow] successfully performed. With the following test data [New screen size is now: (1176, 803)]. @12-01-2022 19:37:08.0079 PM
[ReportManager] Target URL: [https://duckduckgo.com] @12-01-2022 19:37:08.0080 PM
[ReportManager] Initial URL: [] @12-01-2022 19:37:08.0159 PM
[ReportManager] Browser Action [NavigateToURL] successfully performed. With the following test data [https://duckduckgo.com]. @12-01-2022 19:37:09.0051 P

################################################################################################################################################
Starting Execution:	[7 out of 161] test cases in the current suite
Test Method:		[unitTests.tests_browserActions.getCurrentURL]
################################################################################################################################################
[ReportManager] Browser Action [GetCurrentURL] successfully performed. With the following test data [https://duckduckgo.com/]. @12-01-2022 19:37:09.0090 P
[ReportManager] Target URL: [https://duckduckgo.com] @12-01-2022 19:37:09.0092 PM
[ReportManager] Initial URL: [https://duckduckgo.com] @12-01-2022 19:37:09.0144 PM
[ReportManager] Browser Action [NavigateToURL] successfully performed. With the following test data [https://duckduckgo.com]. @12-01-2022 19:37:09.0587 PM
[ReportManager] Browser Action [CloseCurrentWindow] successfully performed. @12-01-2022 19:37:09.0891 PM
[ReportManager] Successfully created attachment [Browser Action Test Data - CloseCurrentWindow - Actual Value] @12-01-2022 19:37:09.0893 P
[ReportManager] File Action [GetAbsolutePath] successfully performed. With the following test data [Relative Folder Path: "target/downloadedFiles/"]. @12-01-2022 19:37:09.0896 PM
[ReportManager] Attempting to run locally on: [Mac-64], [Safari], Headless Execution. @12-01-2022 19:37:09.0897 PM
[ReportManager] Successfully Opened Safari. @12-01-2022 19:37:10.0795 PM
[ReportManager] Initial window size: (800, 600) @12-01-2022 19:37:10.0819 PM
[ReportManager] Window size after SWD Maximize: (1176, 803) @12-01-2022 19:37:10.0847 PM
[ReportManager] Browser Action [MaximizeWindow] successfully performed. With the following test data [New screen size is now: (1176, 803)]. @12-01-2022 19:37:10.0848 PM
[ReportManager] Target URL: [https://duckduckgo.com] @12-01-2022 19:37:10.0848 PM
[ReportManager] Initial URL: [] @12-01-2022 19:37:10.0929 PM
[ReportManager] Browser Action [NavigateToURL] successfully performed. With the following test data [https://duckduckgo.com]. @12-01-2022 19:37:11.0699 P

################################################################################################################################################
Starting Execution:	[8 out of 161] test cases in the current suite
Test Method:		[unitTests.tests_browserActions.getCurrentWindowTitle]
################################################################################################################################################
[ReportManager] Browser Action [GetCurrentWindowTitle] successfully performed. With the following test data [DuckDuckGo â€” Privacy, simplified.]. @12-01-2022 19:37:11.0739 P
[ReportManager] Target URL: [https://duckduckgo.com] @12-01-2022 19:37:11.0741 PM
[ReportManager] Initial URL: [https://duckduckgo.com] @12-01-2022 19:37:11.0829 PM
[ReportManager] Browser Action [NavigateToURL] successfully performed. With the following test data [https://duckduckgo.com]. @12-01-2022 19:37:12.0230 PM
[ReportManager] Browser Action [CloseCurrentWindow] successfully performed. @12-01-2022 19:37:12.0417 PM
[ReportManager] Successfully created attachment [Browser Action Test Data - CloseCurrentWindow - Actual Value] @12-01-2022 19:37:12.0418 P
[ReportManager] File Action [GetAbsolutePath] successfully performed. With the following test data [Relative Folder Path: "target/downloadedFiles/"]. @12-01-2022 19:37:12.0426 PM
[ReportManager] Attempting to run locally on: [Mac-64], [Safari], Headless Execution. @12-01-2022 19:37:12.0426 PM
[ReportManager] An Exception Occured with this Message: Could not start a new session. Possible causes are invalid address of the remote server or browser start-up failure.. @12-01-2022 19:37:12.0581 PM
[ReportManager] Successfully created attachment [Exception Stack Trace - org.openqa.selenium.SessionNotCreatedException] @12-01-2022 19:37:12.0582 PM
[ReportManager] Driver Factory Action [createNewLocalDriverInstanceForSafari] failed. With the following test data [Failed to create a session on DESKTOP_SAFARI]. @12-01-2022 19:37:12.0582 P

################################################################################################################################################
Starting Execution:	[9 out of 161] test cases in the current suite
Test Method:		[unitTests.tests_browserActions.getPageSource]
###############################################################################################################################################



################################################################################################################################################
Starting Execution:	[10 out of 161] test cases in the current suite
Test Method:		[unitTests.tests_browserActions.getWindowHandle]
###############################################################################################################################################



################################################################################################################################################
Starting Execution:	[11 out of 161] test cases in the current suite
Test Method:		[unitTests.tests_browserActions.getWindowPosition]
###############################################################################################################################################



################################################################################################################################################
Starting Execution:	[12 out of 161] test cases in the current suite
Test Method:		[unitTests.tests_browserActions.getWindowSize]
###############################################################################################################################################



################################################################################################################################################
Starting Execution:	[13 out of 161] test cases in the current suite
Test Method:		[unitTests.tests_browserActions.maximizeWindow]
###############################################################################################################################################



################################################################################################################################################
Starting Execution:	[14 out of 161] test cases in the current suite
Test Method:		[unitTests.tests_browserActions.navigateBack]
###############################################################################################################################################



################################################################################################################################################
Starting Execution:	[15 out of 161] test cases in the current suite
Test Method:		[unitTests.tests_browserActions.navigateForward]
###############################################################################################################################################



################################################################################################################################################
Starting Execution:	[16 out of 161] test cases in the current suite
Test Method:		[unitTests.tests_browserActions.navigateToURL]
###############################################################################################################################################



################################################################################################################################################
Starting Execution:	[17 out of 161] test cases in the current suite
Test Method:		[unitTests.tests_browserActions.navigateToURLWithRedirection]
###############################################################################################################################################



################################################################################################################################################
Starting Execution:	[18 out of 161] test cases in the current suite
Test Method:		[unitTests.tests_browserActions.refreshCurrentPage]
###############################################################################################################################################



################################################################################################################################################
Starting Execution:	[19 out of 161] test cases in the current suite
Test Method:		[unitTests.tests_browserActions.setWindowSize]
###############################################################################################################################################

[ReportManager] Successfully loaded the following test data file [src/test/resources/testDataFiles/testSuite01/TestData.xlsx]. @12-01-2022 19:37:13.0885 PM
[ReportManager] Successfully created attachment [Test Data - Excel] @12-01-2022 19:37:13.0886 P

################################################################################################################################################
Starting Execution:	[20 out of 161] test cases in the current suite
Test Method:		[unitTests.tests_io_excelFileManager.getCellData_rowName_expectedToPass]
################################################################################################################################################
[ReportManager] testRowData. @12-01-2022 19:37:13.0899 P

################################################################################################################################################
Starting Execution:	[21 out of 161] test cases in the current suite
Test Method:		[unitTests.tests_validations_assertions.assertComparativeRelation_greaterThanOrEquals_false_equals_expectedToFail]
################################################################################################################################################
[ReportManager] Assertion [ValidateComparativeRelation] FAILED. Expected [1] and Actual [1]. Comparison Type [GREATER_THAN_OR_EQUALS]. Validation Type [NEGATIVE]. @12-01-2022 19:37:13.0915 P

################################################################################################################################################
Starting Execution:	[22 out of 161] test cases in the current suite
Test Method:		[unitTests.tests_validations_assertions.assertComparativeRelation_greaterThanOrEquals_false_equals_expectedToPass]
################################################################################################################################################
[ReportManager] Assertion [ValidateComparativeRelation] PASSED. Expected [2] and Actual [1]. Comparison Type [GREATER_THAN_OR_EQUALS]. Validation Type [NEGATIVE]. @12-01-2022 19:37:13.0920 P

################################################################################################################################################
Starting Execution:	[23 out of 161] test cases in the current suite
Test Method:		[unitTests.tests_validations_assertions.assertComparativeRelation_greaterThanOrEquals_false_greaterThan_expectedToFail]
################################################################################################################################################
[ReportManager] Assertion [ValidateComparativeRelation] FAILED. Expected [1] and Actual [2]. Comparison Type [GREATER_THAN_OR_EQUALS]. Validation Type [NEGATIVE]. @12-01-2022 19:37:13.0924 P

################################################################################################################################################
Starting Execution:	[24 out of 161] test cases in the current suite
Test Method:		[unitTests.tests_validations_assertions.assertComparativeRelation_greaterThanOrEquals_false_greaterThan_expectedToPass]
################################################################################################################################################
[ReportManager] Assertion [ValidateComparativeRelation] PASSED. Expected [2] and Actual [1]. Comparison Type [GREATER_THAN_OR_EQUALS]. Validation Type [NEGATIVE]. @12-01-2022 19:37:13.0929 P

################################################################################################################################################
Starting Execution:	[25 out of 161] test cases in the current suite
Test Method:		[unitTests.tests_validations_assertions.assertComparativeRelation_greaterThanOrEquals_true_equals_expectedToFail]
################################################################################################################################################
[ReportManager] Assertion [ValidateComparativeRelation] FAILED. Expected [1] and Actual [0]. Comparison Type [GREATER_THAN_OR_EQUALS]. Validation Type [POSITIVE]. @12-01-2022 19:37:13.0933 P

################################################################################################################################################
Starting Execution:	[26 out of 161] test cases in the current suite
Test Method:		[unitTests.tests_validations_assertions.assertComparativeRelation_greaterThanOrEquals_true_equals_expectedToPass]
################################################################################################################################################
[ReportManager] Assertion [ValidateComparativeRelation] PASSED. Expected [1] and Actual [1]. Comparison Type [GREATER_THAN_OR_EQUALS]. Validation Type [POSITIVE]. @12-01-2022 19:37:13.0938 P

################################################################################################################################################
Starting Execution:	[27 out of 161] test cases in the current suite
Test Method:		[unitTests.tests_validations_assertions.assertComparativeRelation_greaterThanOrEquals_true_greaterThan_expectedToFail]
################################################################################################################################################
[ReportManager] Assertion [ValidateComparativeRelation] FAILED. Expected [2] and Actual [1]. Comparison Type [GREATER_THAN_OR_EQUALS]. Validation Type [POSITIVE]. @12-01-2022 19:37:13.0942 P

################################################################################################################################################
Starting Execution:	[28 out of 161] test cases in the current suite
Test Method:		[unitTests.tests_validations_assertions.assertComparativeRelation_greaterThanOrEquals_true_greaterThan_expectedToPass]
################################################################################################################################################
[ReportManager] Assertion [ValidateComparativeRelation] PASSED. Expected [1] and Actual [2]. Comparison Type [GREATER_THAN_OR_EQUALS]. Validation Type [POSITIVE]. @12-01-2022 19:37:13.0947 P
[ReportManager] File Action [GetAbsolutePath] successfully performed. With the following test data [Relative Folder Path: "target/downloadedFiles/"]. @12-01-2022 19:37:13.0952 PM
[ReportManager] Attempting to run locally on: [Mac-64], [Safari], Headless Execution. @12-01-2022 19:37:13.0952 PM
[ReportManager] Successfully Opened Safari. @12-01-2022 19:37:14.0852 PM
[ReportManager] Initial window size: (800, 600) @12-01-2022 19:37:14.0885 PM
[ReportManager] Window size after SWD Maximize: (1176, 803) @12-01-2022 19:37:14.0937 PM
[ReportManager] Browser Action [MaximizeWindow] successfully performed. With the following test data [New screen size is now: (1176, 803)]. @12-01-2022 19:37:14.0938 PM
[ReportManager] Target URL: [https://www.google.com/ncr], and after redirection: [www.google.com] @12-01-2022 19:37:14.0938 PM
[ReportManager] Initial URL: [] @12-01-2022 19:37:15.0001 PM
[ReportManager] Browser Action [NavigateToURL] successfully performed. With the following test data [https://www.google.com/ncr]. @12-01-2022 19:37:16.0768 P

################################################################################################################################################
Starting Execution:	[29 out of 161] test cases in the current suite
Test Method:		[unitTests.tests_validations_assertions.assertElementAttribute_false_caseInsensitiveComparison_expectedToFail]
################################################################################################################################################
[ReportManager] Element Action [Type] successfully performed. With the following test data [AUTOMATION]. @12-01-2022 19:37:17.0051 PM
[ReportManager] Element Action [GetText] successfully performed. With the following test data [AUTOMATION]. @12-01-2022 19:37:17.0148 PM
[ReportManager] Assertion [ValidateElementAttribute] FAILED. Expected [Value Should not be 'AutomaTion' for the 'text' attribute, element locator 'By.name: q'] and Actual [AUTOMATION]. Comparison Type [CASE_INSENSITIVE]. Validation Type [NEGATIVE]. @12-01-2022 19:37:17.0772 PM
[ReportManager] Successfully created attachment [Screenshot - 1642016237622_assertElementAttribute_false_caseInsensitiveComparison_expectedToFail_ValidateElementAttribute_failed] @12-01-2022 19:37:17.0783 P
[ReportManager] Browser Action [CloseCurrentWindow] successfully performed. @12-01-2022 19:37:17.0922 PM
[ReportManager] Successfully created attachment [Browser Action Test Data - CloseCurrentWindow - Actual Value] @12-01-2022 19:37:17.0926 P
[ReportManager] File Action [GetAbsolutePath] successfully performed. With the following test data [Relative Folder Path: "target/downloadedFiles/"]. @12-01-2022 19:37:17.0933 PM
[ReportManager] Attempting to run locally on: [Mac-64], [Safari], Headless Execution. @12-01-2022 19:37:17.0933 PM
[ReportManager] Successfully Opened Safari. @12-01-2022 19:37:18.0913 PM
[ReportManager] Initial window size: (800, 600) @12-01-2022 19:37:18.0924 PM
[ReportManager] Window size after SWD Maximize: (1176, 803) @12-01-2022 19:37:18.0956 PM
[ReportManager] Browser Action [MaximizeWindow] successfully performed. With the following test data [New screen size is now: (1176, 803)]. @12-01-2022 19:37:18.0956 PM
[ReportManager] Target URL: [https://www.google.com/ncr], and after redirection: [www.google.com] @12-01-2022 19:37:18.0956 PM
[ReportManager] Initial URL: [] @12-01-2022 19:37:19.0111 PM
[ReportManager] Browser Action [NavigateToURL] successfully performed. With the following test data [https://www.google.com/ncr]. @12-01-2022 19:37:20.0907 P

################################################################################################################################################
Starting Execution:	[30 out of 161] test cases in the current suite
Test Method:		[unitTests.tests_validations_assertions.assertElementAttribute_false_caseInsensitiveComparison_expectedToPass]
################################################################################################################################################
[ReportManager] Element Action [Type] successfully performed. With the following test data [AUTOMATION]. @12-01-2022 19:37:21.0394 PM
[ReportManager] Element Action [GetText] successfully performed. With the following test data [AUTOMATION]. @12-01-2022 19:37:21.0528 PM
[ReportManager] Assertion [ValidateElementAttribute] PASSED. Expected [Value Should not be 'AutomaTion123' for the 'text' attribute, element locator 'By.name: q'] and Actual [AUTOMATION]. Comparison Type [CASE_INSENSITIVE]. Validation Type [NEGATIVE]. @12-01-2022 19:37:21.0743 PM
[ReportManager] Successfully created attachment [Screenshot - 1642016241652_assertElementAttribute_false_caseInsensitiveComparison_expectedToPass_ValidateElementAttribute_passed] @12-01-2022 19:37:21.0745 P
[ReportManager] Browser Action [CloseCurrentWindow] successfully performed. @12-01-2022 19:37:21.0937 PM
[ReportManager] Successfully created attachment [Browser Action Test Data - CloseCurrentWindow - Actual Value] @12-01-2022 19:37:21.0939 P
[ReportManager] File Action [GetAbsolutePath] successfully performed. With the following test data [Relative Folder Path: "target/downloadedFiles/"]. @12-01-2022 19:37:21.0943 PM
[ReportManager] Attempting to run locally on: [Mac-64], [Safari], Headless Execution. @12-01-2022 19:37:21.0943 PM
[ReportManager] Successfully Opened Safari. @12-01-2022 19:37:22.0817 PM
[ReportManager] Initial window size: (800, 600) @12-01-2022 19:37:22.0851 PM
[ReportManager] Window size after SWD Maximize: (1176, 803) @12-01-2022 19:37:22.0891 PM
[ReportManager] Browser Action [MaximizeWindow] successfully performed. With the following test data [New screen size is now: (1176, 803)]. @12-01-2022 19:37:22.0892 PM
[ReportManager] Target URL: [https://www.google.com/ncr], and after redirection: [www.google.com] @12-01-2022 19:37:22.0892 PM
[ReportManager] Initial URL: [] @12-01-2022 19:37:23.0011 PM
[ReportManager] Browser Action [NavigateToURL] successfully performed. With the following test data [https://www.google.com/ncr]. @12-01-2022 19:37:25.0715 P

################################################################################################################################################
Starting Execution:	[31 out of 161] test cases in the current suite
Test Method:		[unitTests.tests_validations_assertions.assertElementAttribute_false_containsComparison_expectedToFail]
################################################################################################################################################
[ReportManager] Element Action [Type] successfully performed. With the following test data [Automation123]. @12-01-2022 19:37:25.0988 PM
[ReportManager] Element Action [GetText] successfully performed. With the following test data [Automation123]. @12-01-2022 19:37:26.0047 PM
[ReportManager] Assertion [ValidateElementAttribute] FAILED. Expected [Value Should not be 'Automation' for the 'text' attribute, element locator 'By.name: q'] and Actual [Automation123]. Comparison Type [CONTAINS]. Validation Type [NEGATIVE]. @12-01-2022 19:37:26.0266 PM
[ReportManager] Successfully created attachment [Screenshot - 1642016246187_assertElementAttribute_false_containsComparison_expectedToFail_ValidateElementAttribute_failed] @12-01-2022 19:37:26.0268 P
[ReportManager] Browser Action [CloseCurrentWindow] successfully performed. @12-01-2022 19:37:26.0619 PM
[ReportManager] Successfully created attachment [Browser Action Test Data - CloseCurrentWindow - Actual Value] @12-01-2022 19:37:26.0620 P
[ReportManager] File Action [GetAbsolutePath] successfully performed. With the following test data [Relative Folder Path: "target/downloadedFiles/"]. @12-01-2022 19:37:26.0624 PM
[ReportManager] Attempting to run locally on: [Mac-64], [Safari], Headless Execution. @12-01-2022 19:37:26.0624 PM
[ReportManager] Successfully Opened Safari. @12-01-2022 19:37:27.0462 PM
[ReportManager] Initial window size: (800, 600) @12-01-2022 19:37:27.0499 PM
[ReportManager] Window size after SWD Maximize: (1176, 803) @12-01-2022 19:37:27.0516 PM
[ReportManager] Browser Action [MaximizeWindow] successfully performed. With the following test data [New screen size is now: (1176, 803)]. @12-01-2022 19:37:27.0516 PM
[ReportManager] Target URL: [https://www.google.com/ncr], and after redirection: [www.google.com] @12-01-2022 19:37:27.0516 PM
[ReportManager] Initial URL: [] @12-01-2022 19:37:27.0571 PM
[ReportManager] Browser Action [NavigateToURL] successfully performed. With the following test data [https://www.google.com/ncr]. @12-01-2022 19:37:29.0707 P

################################################################################################################################################
Starting Execution:	[32 out of 161] test cases in the current suite
Test Method:		[unitTests.tests_validations_assertions.assertElementAttribute_false_containsComparison_expectedToPass]
################################################################################################################################################
[ReportManager] Element Action [Type] successfully performed. With the following test data [Automation123]. @12-01-2022 19:37:29.0989 PM
[ReportManager] Element Action [GetText] successfully performed. With the following test data [Automation123]. @12-01-2022 19:37:30.0081 PM
[ReportManager] Assertion [ValidateElementAttribute] PASSED. Expected [Value Should not be 'Automation1234' for the 'text' attribute, element locator 'By.name: q'] and Actual [Automation123]. Comparison Type [CONTAINS]. Validation Type [NEGATIVE]. @12-01-2022 19:37:30.0459 PM
[ReportManager] Successfully created attachment [Screenshot - 1642016250256_assertElementAttribute_false_containsComparison_expectedToPass_ValidateElementAttribute_passed] @12-01-2022 19:37:30.0473 P
[ReportManager] Browser Action [CloseCurrentWindow] successfully performed. @12-01-2022 19:37:30.0888 PM
[ReportManager] Successfully created attachment [Browser Action Test Data - CloseCurrentWindow - Actual Value] @12-01-2022 19:37:30.0890 P
[ReportManager] File Action [GetAbsolutePath] successfully performed. With the following test data [Relative Folder Path: "target/downloadedFiles/"]. @12-01-2022 19:37:30.0896 PM
[ReportManager] Attempting to run locally on: [Mac-64], [Safari], Headless Execution. @12-01-2022 19:37:30.0896 PM
[ReportManager] Successfully Opened Safari. @12-01-2022 19:37:31.0880 PM
[ReportManager] Initial window size: (800, 600) @12-01-2022 19:37:31.0928 PM
[ReportManager] Window size after SWD Maximize: (1176, 803) @12-01-2022 19:37:32.0018 PM
[ReportManager] Browser Action [MaximizeWindow] successfully performed. With the following test data [New screen size is now: (1176, 803)]. @12-01-2022 19:37:32.0018 PM
[ReportManager] Target URL: [https://www.google.com/ncr], and after redirection: [www.google.com] @12-01-2022 19:37:32.0019 PM
[ReportManager] Initial URL: [] @12-01-2022 19:37:32.0078 PM
[ReportManager] Browser Action [NavigateToURL] successfully performed. With the following test data [https://www.google.com/ncr]. @12-01-2022 19:37:33.0849 P

################################################################################################################################################
Starting Execution:	[33 out of 161] test cases in the current suite
Test Method:		[unitTests.tests_validations_assertions.assertElementAttribute_false_literalComparison_expectedToFail]
################################################################################################################################################
[ReportManager] Element Action [Type] successfully performed. With the following test data [Automation!@#$%^&*()_+{}[]\';/.,]. @12-01-2022 19:37:34.0267 PM
[ReportManager] Element Action [GetText] successfully performed. With the following test data [Automation!@#$%^&*()_+{}[]\';/.,]. @12-01-2022 19:37:34.0334 PM
[ReportManager] Assertion [ValidateElementAttribute] PASSED. Expected [Value Should not be 'Automation!@#$%^&*()_+{}[]\\';/.,' for the 'text' attribute, element locator 'By.name: q'] and Actual [Automation!@#$%^&*()_+{}[]\';/.,]. Comparison Type [EQUALS]. Validation Type [NEGATIVE]. @12-01-2022 19:37:34.0591 PM
[ReportManager] Successfully created attachment [Screenshot - 1642016254516_assertElementAttribute_false_literalComparison_expectedToFail_ValidateElementAttribute_passed] @12-01-2022 19:37:34.0592 P
[ReportManager] Browser Action [CloseCurrentWindow] successfully performed. @12-01-2022 19:37:34.0938 PM
[ReportManager] Successfully created attachment [Browser Action Test Data - CloseCurrentWindow - Actual Value] @12-01-2022 19:37:34.0939 P
[ReportManager] File Action [GetAbsolutePath] successfully performed. With the following test data [Relative Folder Path: "target/downloadedFiles/"]. @12-01-2022 19:37:34.0943 PM
[ReportManager] Attempting to run locally on: [Mac-64], [Safari], Headless Execution. @12-01-2022 19:37:34.0943 PM
[ReportManager] An Exception Occured with this Message: Could not start a new session. Possible causes are invalid address of the remote server or browser start-up failure.. @12-01-2022 19:37:34.0997 PM
[ReportManager] Successfully created attachment [Exception Stack Trace - org.openqa.selenium.SessionNotCreatedException] @12-01-2022 19:37:34.0999 PM
[ReportManager] Driver Factory Action [createNewLocalDriverInstanceForSafari] failed. With the following test data [Failed to create a session on DESKTOP_SAFARI]. @12-01-2022 19:37:34.0999 P

################################################################################################################################################
Starting Execution:	[34 out of 161] test cases in the current suite
Test Method:		[unitTests.tests_validations_assertions.assertElementAttribute_false_literalComparison_expectedToPass]
###############################################################################################################################################



################################################################################################################################################
Starting Execution:	[35 out of 161] test cases in the current suite
Test Method:		[unitTests.tests_validations_assertions.assertElementAttribute_false_regexComparison_expectedToFail]
###############################################################################################################################################



################################################################################################################################################
Starting Execution:	[36 out of 161] test cases in the current suite
Test Method:		[unitTests.tests_validations_assertions.assertElementAttribute_false_regexComparison_expectedToPass]
###############################################################################################################################################



################################################################################################################################################
Starting Execution:	[37 out of 161] test cases in the current suite
Test Method:		[unitTests.tests_validations_assertions.assertElementAttribute_true_caseInsensitiveComparison_expectedToFail]
###############################################################################################################################################



################################################################################################################################################
Starting Execution:	[38 out of 161] test cases in the current suite
Test Method:		[unitTests.tests_validations_assertions.assertElementAttribute_true_caseInsensitiveComparison_expectedToPass]
###############################################################################################################################################



################################################################################################################################################
Starting Execution:	[39 out of 161] test cases in the current suite
Test Method:		[unitTests.tests_validations_assertions.assertElementAttribute_true_containsComparison_expectedToFail]
###############################################################################################################################################



################################################################################################################################################
Starting Execution:	[40 out of 161] test cases in the current suite
Test Method:		[unitTests.tests_validations_assertions.assertElementAttribute_true_containsComparison_expectedToPass]
###############################################################################################################################################



################################################################################################################################################
Starting Execution:	[41 out of 161] test cases in the current suite
Test Method:		[unitTests.tests_validations_assertions.assertElementAttribute_true_literalComparison_expectedToFail]
###############################################################################################################################################



################################################################################################################################################
Starting Execution:	[42 out of 161] test cases in the current suite
Test Method:		[unitTests.tests_validations_assertions.assertElementAttribute_true_literalComparison_expectedToPass]
###############################################################################################################################################



################################################################################################################################################
Starting Execution:	[43 out of 161] test cases in the current suite
Test Method:		[unitTests.tests_validations_assertions.assertElementAttribute_true_regexComparison_expectedToFail]
###############################################################################################################################################



################################################################################################################################################
Starting Execution:	[44 out of 161] test cases in the current suite
Test Method:		[unitTests.tests_validations_assertions.assertElementAttribute_true_regexComparison_expectedToPass]
###############################################################################################################################################



################################################################################################################################################
Starting Execution:	[45 out of 161] test cases in the current suite
Test Method:		[unitTests.tests_validations_assertions.assertElementAttribute_type_true_literalComparison_expectedToPass]
###############################################################################################################################################



################################################################################################################################################
Starting Execution:	[46 out of 161] test cases in the current suite
Test Method:		[unitTests.tests_validations_assertions.assertElementExists_false_expectedToFail]
###############################################################################################################################################



################################################################################################################################################
Starting Execution:	[47 out of 161] test cases in the current suite
Test Method:		[unitTests.tests_validations_assertions.assertElementExists_false_expectedToPass]
###############################################################################################################################################



################################################################################################################################################
Starting Execution:	[48 out of 161] test cases in the current suite
Test Method:		[unitTests.tests_validations_assertions.assertElementExists_false_multipleElementsFound_expectedToFail]
###############################################################################################################################################



################################################################################################################################################
Starting Execution:	[49 out of 161] test cases in the current suite
Test Method:		[unitTests.tests_validations_assertions.assertElementExists_true_expectedToFail]
###############################################################################################################################################



################################################################################################################################################
Starting Execution:	[50 out of 161] test cases in the current suite
Test Method:		[unitTests.tests_validations_assertions.assertElementExists_true_expectedToPass]
###############################################################################################################################################



################################################################################################################################################
Starting Execution:	[51 out of 161] test cases in the current suite
Test Method:		[unitTests.tests_validations_assertions.assertElementExists_true_multipleElementsFound_expectedToFail]
###############################################################################################################################################


################################################################################################################################################
Starting Execution:	[52 out of 161] test cases in the current suite
Test Method:		[unitTests.tests_validations_assertions.assertEquals_false_expectedToFail]
###############################################################################################################################################

################################################################################################################################################
Starting Execution:	[53 out of 161] test cases in the current suite
Test Method:		[unitTests.tests_validations_assertions.assertEquals_false_expectedToPass]
###############################################################################################################################################

################################################################################################################################################
Starting Execution:	[54 out of 161] test cases in the current suite
Test Method:		[unitTests.tests_validations_assertions.assertEquals_longCharacters]
###############################################################################################################################################

################################################################################################################################################
Starting Execution:	[55 out of 161] test cases in the current suite
Test Method:		[unitTests.tests_validations_assertions.assertEquals_longCharacters_Discreet]
###############################################################################################################################################

################################################################################################################################################
Starting Execution:	[56 out of 161] test cases in the current suite
Test Method:		[unitTests.tests_validations_assertions.assertEquals_true_expectedToFail]
###############################################################################################################################################

################################################################################################################################################
Starting Execution:	[57 out of 161] test cases in the current suite
Test Method:		[unitTests.tests_validations_assertions.assertEquals_true_expectedToPass]
Test Description:	[Assert that assertEquals works as expected when the two values are equal.]
###############################################################################################################################################

################################################################################################################################################
Starting Execution:	[58 out of 161] test cases in the current suite
Test Method:		[unitTests.tests_validations_assertions.assertEquals_true_expectedToPass__]
###############################################################################################################################################

################################################################################################################################################
Starting Execution:	[59 out of 161] test cases in the current suite
Test Method:		[unitTests.tests_validations_assertions.assertFileExists_false_expectedToFail]
###############################################################################################################################################

################################################################################################################################################
Starting Execution:	[60 out of 161] test cases in the current suite
Test Method:		[unitTests.tests_validations_assertions.assertFileExists_false_expectedToPass]
###############################################################################################################################################

################################################################################################################################################
Starting Execution:	[61 out of 161] test cases in the current suite
Test Method:		[unitTests.tests_validations_assertions.assertFileExists_true_expectedToFail]
###############################################################################################################################################

################################################################################################################################################
Starting Execution:	[62 out of 161] test cases in the current suite
Test Method:		[unitTests.tests_validations_assertions.assertFileExists_true_expectedToPass]
###############################################################################################################################################

################################################################################################################################################
Starting Execution:	[63 out of 161] test cases in the current suite
Test Method:		[unitTests.tests_validations_assertions.assertNull_false_expectedToFail]
###############################################################################################################################################

################################################################################################################################################
Starting Execution:	[64 out of 161] test cases in the current suite
Test Method:		[unitTests.tests_validations_assertions.assertNull_false_expectedToPass]
###############################################################################################################################################

################################################################################################################################################
Starting Execution:	[65 out of 161] test cases in the current suite
Test Method:		[unitTests.tests_validations_assertions.assertNull_true_expectedToFail]
###############################################################################################################################################

################################################################################################################################################
Starting Execution:	[66 out of 161] test cases in the current suite
Test Method:		[unitTests.tests_validations_assertions.assertNull_true_expectedToPass]
###############################################################################################################################################

################################################################################################################################################
Starting Execution:	[67 out of 161] test cases in the current suite
Test Method:		[unitTests.tests_restActions.getPostsAndAssertBodyForSpecificTitle]
################################################################################################################################################
[ReportManager] Response status code: [200], status line: [HTTP/1.1 200 OK] @12-01-2022 19:37:37.0461 PM
[ReportManager] Assertion Passed: Evaluating the actual response status code against the expected one... @12-01-2022 19:37:37.0467 PM
[ReportManager] Assertion [ValidateComparativeRelation] PASSED. Expected [200] and Actual [200]. Comparison Type [EQUALS]. Validation Type [POSITIVE]. @12-01-2022 19:37:37.0467 PM
[ReportManager] API Action [PerformRequest] successfully performed. With the following test data [Request Type: "GET" | Target Status Code: "200" | Service URL: "https://jsonplaceholder.typicode.com/posts" | Content Type: "*/*" | Response Time: "698ms"]. @12-01-2022 19:37:38.0559 PM
[ReportManager] Successfully created attachment [API Request - Specifications] @12-01-2022 19:37:38.0561 PM
[ReportManager] Successfully created attachment [API Response - JSON Body] @12-01-2022 19:37:38.0805 PM
[ReportManager] API Action [GetResponseJSONValueAsList] successfully performed. @12-01-2022 19:37:38.0847 PM
[ReportManager] API Action [GetResponseJSONValue] successfully performed. With the following test data [title]. @12-01-2022 19:37:38.0881 PM
[ReportManager] API Action [GetResponseJSONValue] successfully performed. With the following test data [title]. @12-01-2022 19:37:38.0906 PM
[ReportManager] API Action [GetResponseJSONValue] successfully performed. With the following test data [body]. @12-01-2022 19:37:38.0920 PM
[ReportManager] Assertion [ValidateEquals] PASSED. Expected [qui neque nisi nulla] and Actual [est rerum tempore vitae
sequi sint nihil reprehenderit dolor beatae ea dolores neque
fugiat blanditiis voluptate porro vel nihil molestiae ut reiciendis
qui aperiam non debitis possimus qui neque nisi nulla]. Comparison Type [CONTAINS]. Validation Type [POSITIVE]. @12-01-2022 19:37:38.0921 PM
[ReportManager] API Action [GetResponseJSONValue] successfully performed. With the following test data [title]. @12-01-2022 19:37:38.0934 PM
[ReportManager] API Action [GetResponseJSONValue] successfully performed. With the following test data [title]. @12-01-2022 19:37:38.0947 PM
[ReportManager] API Action [GetResponseJSONValue] successfully performed. With the following test data [title]. @12-01-2022 19:37:38.0960 PM
[ReportManager] API Action [GetResponseJSONValue] successfully performed. With the following test data [title]. @12-01-2022 19:37:38.0972 PM
[ReportManager] API Action [GetResponseJSONValue] successfully performed. With the following test data [title]. @12-01-2022 19:37:38.0985 PM
[ReportManager] API Action [GetResponseJSONValue] successfully performed. With the following test data [title]. @12-01-2022 19:37:38.0998 PM
[ReportManager] API Action [GetResponseJSONValue] successfully performed. With the following test data [title]. @12-01-2022 19:37:39.0011 PM
[ReportManager] API Action [GetResponseJSONValue] successfully performed. With the following test data [title]. @12-01-2022 19:37:39.0023 PM
[ReportManager] API Action [GetResponseJSONValue] successfully performed. With the following test data [title]. @12-01-2022 19:37:39.0038 PM
[ReportManager] API Action [GetResponseJSONValue] successfully performed. With the following test data [title]. @12-01-2022 19:37:39.0052 PM
[ReportManager] API Action [GetResponseJSONValue] successfully performed. With the following test data [title]. @12-01-2022 19:37:39.0067 PM
[ReportManager] API Action [GetResponseJSONValue] successfully performed. With the following test data [title]. @12-01-2022 19:37:39.0081 PM
[ReportManager] API Action [GetResponseJSONValue] successfully performed. With the following test data [title]. @12-01-2022 19:37:39.0094 PM
[ReportManager] API Action [GetResponseJSONValue] successfully performed. With the following test data [title]. @12-01-2022 19:37:39.0107 PM
[ReportManager] API Action [GetResponseJSONValue] successfully performed. With the following test data [title]. @12-01-2022 19:37:39.0119 PM
[ReportManager] API Action [GetResponseJSONValue] successfully performed. With the following test data [title]. @12-01-2022 19:37:39.0131 PM
[ReportManager] API Action [GetResponseJSONValue] successfully performed. With the following test data [title]. @12-01-2022 19:37:39.0144 PM
[ReportManager] API Action [GetResponseJSONValue] successfully performed. With the following test data [title]. @12-01-2022 19:37:39.0157 PM
[ReportManager] API Action [GetResponseJSONValue] successfully performed. With the following test data [title]. @12-01-2022 19:37:39.0189 PM
[ReportManager] API Action [GetResponseJSONValue] successfully performed. With the following test data [title]. @12-01-2022 19:37:39.0202 PM
[ReportManager] API Action [GetResponseJSONValue] successfully performed. With the following test data [title]. @12-01-2022 19:37:39.0214 PM
[ReportManager] API Action [GetResponseJSONValue] successfully performed. With the following test data [title]. @12-01-2022 19:37:39.0228 PM
[ReportManager] API Action [GetResponseJSONValue] successfully performed. With the following test data [title]. @12-01-2022 19:37:39.0242 PM
[ReportManager] API Action [GetResponseJSONValue] successfully performed. With the following test data [title]. @12-01-2022 19:37:39.0255 PM
[ReportManager] API Action [GetResponseJSONValue] successfully performed. With the following test data [title]. @12-01-2022 19:37:39.0268 PM
[ReportManager] API Action [GetResponseJSONValue] successfully performed. With the following test data [title]. @12-01-2022 19:37:39.0280 PM
[ReportManager] API Action [GetResponseJSONValue] successfully performed. With the following test data [title]. @12-01-2022 19:37:39.0293 PM
[ReportManager] API Action [GetResponseJSONValue] successfully performed. With the following test data [title]. @12-01-2022 19:37:39.0306 PM
[ReportManager] API Action [GetResponseJSONValue] successfully performed. With the following test data [title]. @12-01-2022 19:37:39.0319 PM
[ReportManager] API Action [GetResponseJSONValue] successfully performed. With the following test data [title]. @12-01-2022 19:37:39.0331 PM
[ReportManager] API Action [GetResponseJSONValue] successfully performed. With the following test data [title]. @12-01-2022 19:37:39.0343 PM
[ReportManager] API Action [GetResponseJSONValue] successfully performed. With the following test data [title]. @12-01-2022 19:37:39.0356 PM
[ReportManager] API Action [GetResponseJSONValue] successfully performed. With the following test data [title]. @12-01-2022 19:37:39.0372 PM
[ReportManager] API Action [GetResponseJSONValue] successfully performed. With the following test data [title]. @12-01-2022 19:37:39.0384 PM
[ReportManager] API Action [GetResponseJSONValue] successfully performed. With the following test data [title]. @12-01-2022 19:37:39.0398 PM
[ReportManager] API Action [GetResponseJSONValue] successfully performed. With the following test data [title]. @12-01-2022 19:37:39.0409 PM
[ReportManager] API Action [GetResponseJSONValue] successfully performed. With the following test data [title]. @12-01-2022 19:37:39.0421 PM
[ReportManager] API Action [GetResponseJSONValue] successfully performed. With the following test data [title]. @12-01-2022 19:37:39.0433 PM
[ReportManager] API Action [GetResponseJSONValue] successfully performed. With the following test data [title]. @12-01-2022 19:37:39.0446 PM
[ReportManager] API Action [GetResponseJSONValue] successfully performed. With the following test data [title]. @12-01-2022 19:37:39.0458 PM
[ReportManager] API Action [GetResponseJSONValue] successfully performed. With the following test data [title]. @12-01-2022 19:37:39.0470 PM
[ReportManager] API Action [GetResponseJSONValue] successfully performed. With the following test data [title]. @12-01-2022 19:37:39.0483 PM
[ReportManager] API Action [GetResponseJSONValue] successfully performed. With the following test data [title]. @12-01-2022 19:37:39.0496 PM
[ReportManager] API Action [GetResponseJSONValue] successfully performed. With the following test data [title]. @12-01-2022 19:37:39.0508 PM
[ReportManager] API Action [GetResponseJSONValue] successfully performed. With the following test data [title]. @12-01-2022 19:37:39.0520 PM
[ReportManager] API Action [GetResponseJSONValue] successfully performed. With the following test data [title]. @12-01-2022 19:37:39.0533 PM
[ReportManager] API Action [GetResponseJSONValue] successfully performed. With the following test data [title]. @12-01-2022 19:37:39.0547 PM
[ReportManager] API Action [GetResponseJSONValue] successfully performed. With the following test data [title]. @12-01-2022 19:37:39.0560 PM
[ReportManager] API Action [GetResponseJSONValue] successfully performed. With the following test data [title]. @12-01-2022 19:37:39.0575 PM
[ReportManager] API Action [GetResponseJSONValue] successfully performed. With the following test data [title]. @12-01-2022 19:37:39.0591 PM
[ReportManager] API Action [GetResponseJSONValue] successfully performed. With the following test data [title]. @12-01-2022 19:37:39.0607 PM
[ReportManager] API Action [GetResponseJSONValue] successfully performed. With the following test data [title]. @12-01-2022 19:37:39.0620 PM
[ReportManager] API Action [GetResponseJSONValue] successfully performed. With the following test data [title]. @12-01-2022 19:37:39.0633 PM
[ReportManager] API Action [GetResponseJSONValue] successfully performed. With the following test data [title]. @12-01-2022 19:37:39.0646 PM
[ReportManager] API Action [GetResponseJSONValue] successfully performed. With the following test data [title]. @12-01-2022 19:37:39.0657 PM
[ReportManager] API Action [GetResponseJSONValue] successfully performed. With the following test data [title]. @12-01-2022 19:37:39.0670 PM
[ReportManager] API Action [GetResponseJSONValue] successfully performed. With the following test data [title]. @12-01-2022 19:37:39.0682 PM
[ReportManager] API Action [GetResponseJSONValue] successfully performed. With the following test data [title]. @12-01-2022 19:37:39.0693 PM
[ReportManager] API Action [GetResponseJSONValue] successfully performed. With the following test data [title]. @12-01-2022 19:37:39.0704 PM
[ReportManager] API Action [GetResponseJSONValue] successfully performed. With the following test data [title]. @12-01-2022 19:37:39.0730 PM
[ReportManager] API Action [GetResponseJSONValue] successfully performed. With the following test data [title]. @12-01-2022 19:37:39.0741 PM
[ReportManager] API Action [GetResponseJSONValue] successfully performed. With the following test data [title]. @12-01-2022 19:37:39.0753 PM
[ReportManager] API Action [GetResponseJSONValue] successfully performed. With the following test data [title]. @12-01-2022 19:37:39.0766 PM
[ReportManager] API Action [GetResponseJSONValue] successfully performed. With the following test data [title]. @12-01-2022 19:37:39.0779 PM
[ReportManager] API Action [GetResponseJSONValue] successfully performed. With the following test data [title]. @12-01-2022 19:37:39.0790 PM
[ReportManager] API Action [GetResponseJSONValue] successfully performed. With the following test data [title]. @12-01-2022 19:37:39.0802 PM
[ReportManager] API Action [GetResponseJSONValue] successfully performed. With the following test data [title]. @12-01-2022 19:37:39.0814 PM
[ReportManager] API Action [GetResponseJSONValue] successfully performed. With the following test data [title]. @12-01-2022 19:37:39.0828 PM
[ReportManager] API Action [GetResponseJSONValue] successfully performed. With the following test data [title]. @12-01-2022 19:37:39.0842 PM
[ReportManager] API Action [GetResponseJSONValue] successfully performed. With the following test data [title]. @12-01-2022 19:37:39.0853 PM
[ReportManager] API Action [GetResponseJSONValue] successfully performed. With the following test data [title]. @12-01-2022 19:37:39.0866 PM
[ReportManager] API Action [GetResponseJSONValue] successfully performed. With the following test data [title]. @12-01-2022 19:37:39.0878 PM
[ReportManager] API Action [GetResponseJSONValue] successfully performed. With the following test data [title]. @12-01-2022 19:37:39.0890 PM
[ReportManager] API Action [GetResponseJSONValue] successfully performed. With the following test data [title]. @12-01-2022 19:37:39.0902 PM
[ReportManager] API Action [GetResponseJSONValue] successfully performed. With the following test data [title]. @12-01-2022 19:37:39.0914 PM
[ReportManager] API Action [GetResponseJSONValue] successfully performed. With the following test data [title]. @12-01-2022 19:37:39.0928 PM
[ReportManager] API Action [GetResponseJSONValue] successfully performed. With the following test data [title]. @12-01-2022 19:37:39.0940 PM
[ReportManager] API Action [GetResponseJSONValue] successfully performed. With the following test data [title]. @12-01-2022 19:37:39.0951 PM
[ReportManager] API Action [GetResponseJSONValue] successfully performed. With the following test data [title]. @12-01-2022 19:37:39.0964 PM
[ReportManager] API Action [GetResponseJSONValue] successfully performed. With the following test data [title]. @12-01-2022 19:37:39.0976 PM
[ReportManager] API Action [GetResponseJSONValue] successfully performed. With the following test data [title]. @12-01-2022 19:37:39.0990 PM
[ReportManager] API Action [GetResponseJSONValue] successfully performed. With the following test data [title]. @12-01-2022 19:37:40.0001 PM
[ReportManager] API Action [GetResponseJSONValue] successfully performed. With the following test data [title]. @12-01-2022 19:37:40.0017 PM
[ReportManager] API Action [GetResponseJSONValue] successfully performed. With the following test data [title]. @12-01-2022 19:37:40.0027 PM
[ReportManager] API Action [GetResponseJSONValue] successfully performed. With the following test data [title]. @12-01-2022 19:37:40.0039 PM
[ReportManager] API Action [GetResponseJSONValue] successfully performed. With the following test data [title]. @12-01-2022 19:37:40.0051 PM
[ReportManager] API Action [GetResponseJSONValue] successfully performed. With the following test data [title]. @12-01-2022 19:37:40.0065 PM
[ReportManager] API Action [GetResponseJSONValue] successfully performed. With the following test data [title]. @12-01-2022 19:37:40.0077 PM
[ReportManager] API Action [GetResponseJSONValue] successfully performed. With the following test data [title]. @12-01-2022 19:37:40.0089 PM
[ReportManager] API Action [GetResponseJSONValue] successfully performed. With the following test data [title]. @12-01-2022 19:37:40.0101 PM
[ReportManager] API Action [GetResponseJSONValue] successfully performed. With the following test data [title]. @12-01-2022 19:37:40.0112 PM
[ReportManager] API Action [GetResponseJSONValue] successfully performed. With the following test data [title]. @12-01-2022 19:37:40.0125 PM
[ReportManager] API Action [GetResponseJSONValue] successfully performed. With the following test data [title]. @12-01-2022 19:37:40.0138 PM
[ReportManager] API Action [GetResponseJSONValue] successfully performed. With the following test data [title]. @12-01-2022 19:37:40.0150 PM
[ReportManager] API Action [GetResponseJSONValue] successfully performed. With the following test data [title]. @12-01-2022 19:37:40.0162 PM
[ReportManager] API Action [GetResponseJSONValue] successfully performed. With the following test data [title]. @12-01-2022 19:37:40.0173 PM
[ReportManager] API Action [GetResponseJSONValue] successfully performed. With the following test data [title]. @12-01-2022 19:37:40.0188 PM
[ReportManager] API Action [GetResponseJSONValue] successfully performed. With the following test data [title]. @12-01-2022 19:37:40.0200 P

################################################################################################################################################
Starting Execution:	[68 out of 161] test cases in the current suite
Test Method:		[unitTests.tests_restActions.validateUserEmail]
################################################################################################################################################
[ReportManager] Response status code: [200], status line: [HTTP/1.1 200 OK] @12-01-2022 19:37:40.0278 PM
[ReportManager] Assertion Passed: Evaluating the actual response status code against the expected one... @12-01-2022 19:37:40.0279 PM
[ReportManager] Assertion [ValidateComparativeRelation] PASSED. Expected [200] and Actual [200]. Comparison Type [EQUALS]. Validation Type [POSITIVE]. @12-01-2022 19:37:40.0279 PM
[ReportManager] API Action [PerformRequest] successfully performed. With the following test data [Request Type: "GET" | Target Status Code: "200" | Service URL: "https://jsonplaceholder.typicode.com/users" | Content Type: "*/*" | Response Time: "68ms"]. @12-01-2022 19:37:40.0301 PM
[ReportManager] Successfully created attachment [API Request - Specifications] @12-01-2022 19:37:40.0302 PM
[ReportManager] Successfully created attachment [API Response - JSON Body] @12-01-2022 19:37:40.0303 PM
[ReportManager] Assertion [ValidateEquals] PASSED. Expected and Actual values are attached. Comparison Type [CONTAINS]. Validation Type [POSITIVE]. @12-01-2022 19:37:40.0304 PM
[ReportManager] Successfully created attachment [Validation Test Data - Expected Value] @12-01-2022 19:37:40.0305 PM
[ReportManager] Successfully created attachment [Validation Test Data - Actual Value] @12-01-2022 19:37:40.0306 PM
[ReportManager] API Action [GetResponseJSONValueAsList] successfully performed. With the following test data [$]. @12-01-2022 19:37:40.0312 PM
[ReportManager] API Action [GetResponseJSONValue] successfully performed. With the following test data [name]. @12-01-2022 19:37:40.0324 PM
[ReportManager] API Action [GetResponseJSONValue] successfully performed. With the following test data [email]. @12-01-2022 19:37:40.0335 PM
[ReportManager] Assertion [ValidateEquals] PASSED. Expected [Sincere@april.biz] and Actual [Sincere@april.biz]. Comparison Type [EQUALS]. Validation Type [POSITIVE]. @12-01-2022 19:37:40.0335 PM
[ReportManager] API Action [GetResponseJSONValue] successfully performed. With the following test data [name]. @12-01-2022 19:37:40.0346 PM
[ReportManager] API Action [GetResponseJSONValue] successfully performed. With the following test data [name]. @12-01-2022 19:37:40.0374 PM
[ReportManager] API Action [GetResponseJSONValue] successfully performed. With the following test data [name]. @12-01-2022 19:37:40.0389 PM
[ReportManager] API Action [GetResponseJSONValue] successfully performed. With the following test data [name]. @12-01-2022 19:37:40.0402 PM
[ReportManager] API Action [GetResponseJSONValue] successfully performed. With the following test data [name]. @12-01-2022 19:37:40.0413 PM
[ReportManager] API Action [GetResponseJSONValue] successfully performed. With the following test data [name]. @12-01-2022 19:37:40.0426 PM
[ReportManager] API Action [GetResponseJSONValue] successfully performed. With the following test data [name]. @12-01-2022 19:37:40.0439 PM
[ReportManager] API Action [GetResponseJSONValue] successfully performed. With the following test data [name]. @12-01-2022 19:37:40.0452 PM
[ReportManager] API Action [GetResponseJSONValue] successfully performed. With the following test data [name]. @12-01-2022 19:37:40.0462 P
[ReportManager] File Action [GetAbsolutePath] successfully performed. With the following test data [Relative Folder Path: "target/downloadedFiles/"]. @12-01-2022 19:37:40.0467 PM
[ReportManager] Attempting to run locally on: [Mac-64], [Safari], Headless Execution. @12-01-2022 19:37:40.0467 PM
[ReportManager] Successfully Opened Safari. @12-01-2022 19:37:41.0349 PM
[ReportManager] Initial window size: (800, 600) @12-01-2022 19:37:41.0382 PM
[ReportManager] Window size after SWD Maximize: (1176, 803) @12-01-2022 19:37:41.0414 PM
[ReportManager] Browser Action [MaximizeWindow] successfully performed. With the following test data [New screen size is now: (1176, 803)]. @12-01-2022 19:37:41.0414 P

################################################################################################################################################
Starting Execution:	[69 out of 161] test cases in the current suite
Test Method:		[testPackage01.Test_uploadFile.uploadFile_invisibleUploadInput]
################################################################################################################################################
[ReportManager] Target URL: [https://fineuploader.com/demos.html#gallery-view] @12-01-2022 19:37:41.0417 PM
[ReportManager] Initial URL: [] @12-01-2022 19:37:41.0488 PM
[ReportManager] Browser Action [NavigateToURL] successfully performed. With the following test data [https://fineuploader.com/demos.html#gallery-view]. @12-01-2022 19:37:43.0237 PM
[ReportManager] File Action [GetAbsolutePath] successfully performed. With the following test data [Relative File Path: "src/main/resources/images/shaft.png"]. @12-01-2022 19:37:43.0237 PM
[ReportManager] Successfully created attachment [File Action Actual Result - Command Log] @12-01-2022 19:37:43.0238 PM
[ReportManager] Element Action [TypeFileLocationForUpload] successfully performed. With the following test data [/Users/runner/work/SHAFT_ENGINE/SHAFT_ENGINE/src/main/resources/images/shaft.png]. @12-01-2022 19:37:43.0284 PM
[ReportManager] Attempting to getAttribute [src] from elementLocator [By.xpath: //div[@id='fine-uploader-gallery']//div[@class='qq-thumbnail-wrapper']/img]. @12-01-2022 19:37:43.0287 PM
[ReportManager] Element Action [GetAttribute] successfully performed. @12-01-2022 19:37:43.0380 PM
[ReportManager] Successfully created attachment [Element Action Test Data - GetAttribute - Actual Value] @12-01-2022 19:37:43.0382 PM
[ReportManager] Assertion Passed: Then I Assert that the element found by [By.xpath: //div[@id='fine-uploader-gallery']//div[@class='qq-thumbnail-wrapper']/img] attribute [src] contains [data:image/png;base64]. @12-01-2022 19:37:43.0615 PM
[ReportManager] Successfully created attachment [Validation Test Data - Expected Value] @12-01-2022 19:37:43.0616 PM
[ReportManager] Successfully created attachment [Validation Test Data - Actual Value] @12-01-2022 19:37:43.0616 PM
[ReportManager] Successfully created attachment [Screenshot - 1642016263533_uploadFile_invisibleUploadInput_ValidateElementAttribute_passed] @12-01-2022 19:37:43.0617 PM
[ReportManager] Assertion [ValidateElementAttribute] PASSED. Expected and Actual values are attached. Comparison Type [CONTAINS]. Validation Type [POSITIVE]. @12-01-2022 19:37:43.0617 P
[ReportManager] Browser Action [CloseCurrentWindow] successfully performed. @12-01-2022 19:37:43.0995 PM
[ReportManager] Successfully created attachment [Browser Action Test Data - CloseCurrentWindow - Actual Value] @12-01-2022 19:37:43.0996 P
[ReportManager] File Action [GetAbsolutePath] successfully performed. With the following test data [Relative Folder Path: "target/downloadedFiles/"]. @12-01-2022 19:37:44.0000 PM
[ReportManager] Attempting to run locally on: [Mac-64], [Safari], Headless Execution. @12-01-2022 19:37:44.0001 PM
[ReportManager] Successfully Opened Safari. @12-01-2022 19:37:44.0865 PM
[ReportManager] Initial window size: (800, 600) @12-01-2022 19:37:44.0899 PM
[ReportManager] Window size after SWD Maximize: (1176, 803) @12-01-2022 19:37:44.0913 PM
[ReportManager] Browser Action [MaximizeWindow] successfully performed. With the following test data [New screen size is now: (1176, 803)]. @12-01-2022 19:37:44.0914 P

################################################################################################################################################
Starting Execution:	[70 out of 161] test cases in the current suite
Test Method:		[testPackage01.Test_uploadFile.uploadFile_visibleUploadInput]
################################################################################################################################################
[ReportManager] Target URL: [http://demo.guru99.com/test/upload/] @12-01-2022 19:37:44.0917 PM
[ReportManager] Initial URL: [] @12-01-2022 19:37:44.0973 PM
[ReportManager] Browser Action [CheckNavigationWasSuccesssful] failed. With the following test data [Waited for 30 seconds to navigate to [http://demo.guru99.com/test/upload/] but ended up with [https://demo.guru99.com/test/upload/].]. @12-01-2022 19:38:18.0255 P
[ReportManager] Browser Action [CloseCurrentWindow] successfully performed. @12-01-2022 19:38:18.0412 PM
[ReportManager] Successfully created attachment [Browser Action Test Data - CloseCurrentWindow - Actual Value] @12-01-2022 19:38:18.0412 P

################################################################################################################################################
Starting Execution:	[71 out of 161] test cases in the current suite
Test Method:		[testPackage01.Test_AssertApiResponseEquals.assertApiResponseEquals_expectedToPass]
################################################################################################################################################
[ReportManager] Response status code: [200], status line: [HTTP/1.1 200 OK] @12-01-2022 19:38:18.0473 PM
[ReportManager] Assertion Passed: Evaluating the actual response status code against the expected one... @12-01-2022 19:38:18.0473 PM
[ReportManager] Assertion [ValidateComparativeRelation] PASSED. Expected [200] and Actual [200]. Comparison Type [EQUALS]. Validation Type [POSITIVE]. @12-01-2022 19:38:18.0473 PM
[ReportManager] API Action [PerformRequest] successfully performed. With the following test data [Request Type: "GET" | Target Status Code: "200" | Service URL: "https://jsonplaceholder.typicode.com/users" | Content Type: "*/*" | Response Time: "51ms"]. @12-01-2022 19:38:18.0498 PM
[ReportManager] Successfully created attachment [API Request - Specifications] @12-01-2022 19:38:18.0499 PM
[ReportManager] Successfully created attachment [API Response - JSON Body] @12-01-2022 19:38:18.0499 PM
[ReportManager] API Action [GetResponseJSONValueAsList] successfully performed. With the following test data [$]. @12-01-2022 19:38:18.0508 PM
[ReportManager] API Action [GetResponseJSONValue] successfully performed. With the following test data [name]. @12-01-2022 19:38:18.0521 PM
[ReportManager] API Action [GetResponseJSONValue] successfully performed. With the following test data [email]. @12-01-2022 19:38:18.0536 PM
[ReportManager] Verification [ValidateEquals] PASSED. Expected [Sincere@april.biz] and Actual [Sincere@april.biz]. Comparison Type [EQUALS]. Validation Type [POSITIVE]. @12-01-2022 19:38:18.0537 PM
[ReportManager] API Action [GetResponseJSONValue] successfully performed. With the following test data [username]. @12-01-2022 19:38:18.0549 PM
[ReportManager] Assertion [ValidateEquals] PASSED. Expected [Bret] and Actual [Bret]. Comparison Type [EQUALS]. Validation Type [POSITIVE]. @12-01-2022 19:38:18.0549 PM
[ReportManager] API Action [GetResponseJSONValue] successfully performed. With the following test data [name]. @12-01-2022 19:38:18.0563 PM
[ReportManager] API Action [GetResponseJSONValue] successfully performed. With the following test data [name]. @12-01-2022 19:38:18.0575 PM
[ReportManager] API Action [GetResponseJSONValue] successfully performed. With the following test data [name]. @12-01-2022 19:38:18.0588 PM
[ReportManager] API Action [GetResponseJSONValue] successfully performed. With the following test data [name]. @12-01-2022 19:38:18.0602 PM
[ReportManager] API Action [GetResponseJSONValue] successfully performed. With the following test data [name]. @12-01-2022 19:38:18.0615 PM
[ReportManager] API Action [GetResponseJSONValue] successfully performed. With the following test data [name]. @12-01-2022 19:38:18.0628 PM
[ReportManager] API Action [GetResponseJSONValue] successfully performed. With the following test data [name]. @12-01-2022 19:38:18.0641 PM
[ReportManager] API Action [GetResponseJSONValue] successfully performed. With the following test data [name]. @12-01-2022 19:38:18.0655 PM
[ReportManager] API Action [GetResponseJSONValue] successfully performed. With the following test data [name]. @12-01-2022 19:38:18.0668 P
[ReportManager] File Action [GetAbsolutePath] successfully performed. With the following test data [Relative Folder Path: "target/downloadedFiles/"]. @12-01-2022 19:38:18.0671 PM
[ReportManager] Attempting to run locally on: [Mac-64], [Safari], Headless Execution. @12-01-2022 19:38:18.0671 PM
[ReportManager] Successfully Opened Safari. @12-01-2022 19:38:19.0584 PM
[ReportManager] Initial window size: (800, 600) @12-01-2022 19:38:19.0627 PM
[ReportManager] Window size after SWD Maximize: (1176, 803) @12-01-2022 19:38:19.0657 PM
[ReportManager] Browser Action [MaximizeWindow] successfully performed. With the following test data [New screen size is now: (1176, 803)]. @12-01-2022 19:38:19.0657 PM
[ReportManager] Target URL: [http://the-internet.herokuapp.com/javascript_alerts] @12-01-2022 19:38:19.0657 PM
[ReportManager] Initial URL: [] @12-01-2022 19:38:19.0703 PM
[ReportManager] Browser Action [NavigateToURL] successfully performed. With the following test data [http://the-internet.herokuapp.com/javascript_alerts]. @12-01-2022 19:38:20.0760 P

################################################################################################################################################
Starting Execution:	[72 out of 161] test cases in the current suite
Test Method:		[testPackage01.TestJSPromptBox.dismissAlert]
################################################################################################################################################
[ReportManager] Element Action [Click] successfully performed. With the following test data [By.xpath: //button[contains(text(),'Click for JS Prompt')]]. @12-01-2022 19:38:21.0082 PM
[ReportManager] Alert is present @12-01-2022 19:38:21.0172 PM
[ReportManager] Element Action [DismissAlert] successfully performed. @12-01-2022 19:38:21.0225 P

################################################################################################################################################
Starting Execution:	[73 out of 161] test cases in the current suite
Test Method:		[testPackage01.TestJSPromptBox.assertOnCancelAlertResultText]
################################################################################################################################################
[ReportManager] Element Action [GetText] successfully performed. With the following test data [You entered: null]. @12-01-2022 19:38:21.0310 PM
[ReportManager] Assertion Passed: Then I Assert that the element found by [By.id: result] attribute [TEXT] is equal to [You entered: null]. @12-01-2022 19:38:21.0482 PM
[ReportManager] Successfully created attachment [Screenshot - 1642016301414_assertOnCancelAlertResultText_ValidateElementAttribute_passed] @12-01-2022 19:38:21.0483 PM
[ReportManager] Assertion [ValidateElementAttribute] PASSED. Expected [Value Should be 'You entered: null' for the 'text' attribute, element locator 'By.id: result'] and Actual [You entered: null]. Comparison Type [EQUALS]. Validation Type [POSITIVE]. @12-01-2022 19:38:21.0483 P

################################################################################################################################################
Starting Execution:	[74 out of 161] test cases in the current suite
Test Method:		[testPackage01.TestJSPromptBox.getAlertText]
################################################################################################################################################
[ReportManager] Element Action [Click] successfully performed. With the following test data [By.xpath: //button[contains(text(),'Click for JS Prompt')]]. @12-01-2022 19:38:21.0691 PM
[ReportManager] Alert is present @12-01-2022 19:38:21.0713 PM
[ReportManager] Alert Text is: [I am a JS prompt] @12-01-2022 19:38:21.0724 PM
[ReportManager] Element Action [GetAlertText] successfully performed. @12-01-2022 19:38:21.0724 PM
[ReportManager] Alert text is: [I am a JS prompt] @12-01-2022 19:38:21.0725 PM
[ReportManager] Alert is present @12-01-2022 19:38:21.0878 PM
[ReportManager] Alert Text is: [I am a JS prompt] @12-01-2022 19:38:21.0887 PM
[ReportManager] Element Action [GetAlertText] successfully performed. @12-01-2022 19:38:21.0887 PM
[ReportManager] Assertion Passed: Then I Assert that [I am a JS prompt] is equal to [I am a JS prompt]. @12-01-2022 19:38:21.0888 PM
[ReportManager] Assertion [ValidateEquals] PASSED. Expected [I am a JS prompt] and Actual [I am a JS prompt]. Comparison Type [EQUALS]. Validation Type [POSITIVE]. @12-01-2022 19:38:21.0888 P

################################################################################################################################################
Starting Execution:	[75 out of 161] test cases in the current suite
Test Method:		[testPackage01.TestJSPromptBox.acceptPromptAlertWithoutTypingTextMessage]
################################################################################################################################################
[ReportManager] Alert is not present @12-01-2022 19:38:52.0067 PM
[ReportManager] Element Action [WaitForAlertToBePresent] failed. @12-01-2022 19:38:52.0175 PM
[ReportManager] Successfully created attachment [Screenshot - 1642016332091_acceptPromptAlertWithoutTypingTextMessage_WaitForAlertToBePresent_failed] @12-01-2022 19:38:52.0176 P

################################################################################################################################################
Starting Execution:	[76 out of 161] test cases in the current suite
Test Method:		[testPackage01.TestJSPromptBox.assertOnConfirmPromptAlertWithoutTypingTextMessageResultText]
###############################################################################################################################################

################################################################################################################################################
Starting Execution:	[77 out of 161] test cases in the current suite
Test Method:		[testPackage01.TestJSPromptBox.acceptPromptAlertWithTextMessage]
###############################################################################################################################################

################################################################################################################################################
Starting Execution:	[78 out of 161] test cases in the current suite
Test Method:		[testPackage01.TestJSPromptBox.assertOnConfirmPromptAlertWithTextMessageResultText]
###############################################################################################################################################
[ReportManager] Browser Action [CloseCurrentWindow] successfully performed. @12-01-2022 19:38:52.0350 PM
[ReportManager] Successfully created attachment [Browser Action Test Data - CloseCurrentWindow - Actual Value] @12-01-2022 19:38:52.0351 P

################################################################################################################################################
Starting Execution:	[79 out of 161] test cases in the current suite
Test Method:		[testPackage01.Test_testData.f]
################################################################################################################################################
[ReportManager] Successfully loaded the following test data file [src/test/resources/testDataFiles/testSuite01/TestData.xlsx]. @12-01-2022 19:38:52.0393 PM
[ReportManager] Successfully created attachment [Test Data - Excel] @12-01-2022 19:38:52.0394 PM
[ReportManager] Last Column Number is: [3]. Zero-based. @12-01-2022 19:38:52.0394 P

################################################################################################################################################
Starting Execution:	[80 out of 161] test cases in the current suite
Test Method:		[testPackage01.Test_PDF.testPDF1]
################################################################################################################################################
[ReportManager] File Action [DoesFileExist] successfully performed. With the following test data [File Path: "src/test/resources/testDataFiles/sample.pdf"]. @12-01-2022 19:38:52.0408 PM
[ReportManager] File Action [GetAbsolutePath] successfully performed. With the following test data [Relative Folder Path: "src/test/resources/testDataFiles/sample.pdf"]. @12-01-2022 19:38:52.0409 PM
[ReportManager] Assertion Passed: Checking to see that the pdf file contains [A Simple PDF File] @12-01-2022 19:38:56.0860 PM
[ReportManager] Successfully created attachment [Validation Test Data - Expected Value] @12-01-2022 19:38:56.0860 PM
[ReportManager] Successfully created attachment [Validation Test Data - Actual Value] @12-01-2022 19:38:56.0862 PM
[ReportManager] Assertion [ValidateEquals] PASSED. Expected and Actual values are attached. Comparison Type [CONTAINS]. Validation Type [POSITIVE]. @12-01-2022 19:38:56.0862 P

################################################################################################################################################
Starting Execution:	[81 out of 161] test cases in the current suite
Test Method:		[testPackage01.Test_PDF.testPDF2]
################################################################################################################################################
[ReportManager] File Action [DoesFileExist] successfully performed. With the following test data [File Path: "src/test/resources/testDataFiles/sample.pdf"]. @12-01-2022 19:38:56.0867 PM
[ReportManager] File Action [GetAbsolutePath] successfully performed. With the following test data [Relative Folder Path: "src/test/resources/testDataFiles/sample.pdf"]. @12-01-2022 19:38:56.0868 PM
[ReportManager] Assertion Passed: Checking to see that the pdf file contains [A Simple PDF File] @12-01-2022 19:38:56.0887 PM
[ReportManager] Successfully created attachment [Validation Test Data - Expected Value] @12-01-2022 19:38:56.0888 PM
[ReportManager] Successfully created attachment [Validation Test Data - Actual Value] @12-01-2022 19:38:56.0889 PM
[ReportManager] Assertion [ValidateEquals] PASSED. Expected and Actual values are attached. Comparison Type [CONTAINS]. Validation Type [POSITIVE]. @12-01-2022 19:38:56.0889 P
[ReportManager] File Action [GetAbsolutePath] successfully performed. With the following test data [Relative Folder Path: "target/downloadedFiles/"]. @12-01-2022 19:38:56.0892 PM
[ReportManager] Attempting to run locally on: [Mac-64], [Safari], Headless Execution. @12-01-2022 19:38:56.0893 PM
[ReportManager] Successfully Opened Safari. @12-01-2022 19:38:57.0764 PM
[ReportManager] Initial window size: (800, 600) @12-01-2022 19:38:57.0804 PM
[ReportManager] Window size after SWD Maximize: (1176, 803) @12-01-2022 19:38:57.0841 PM
[ReportManager] Browser Action [MaximizeWindow] successfully performed. With the following test data [New screen size is now: (1176, 803)]. @12-01-2022 19:38:57.0842 P

################################################################################################################################################
Starting Execution:	[82 out of 161] test cases in the current suite
Test Method:		[testPackage01.Test_ShadowDOM.shadowdom]
################################################################################################################################################
[ReportManager] Target URL: [https://mdn.github.io/web-components-examples/popup-info-box-web-component/] @12-01-2022 19:38:57.0846 PM
[ReportManager] Initial URL: [] @12-01-2022 19:38:57.0927 PM
[ReportManager] Browser Action [NavigateToURL] successfully performed. With the following test data [https://mdn.github.io/web-components-examples/popup-info-box-web-component/]. @12-01-2022 19:38:58.0350 PM
[ReportManager] Element Action [Type] successfully performed. With the following test data [Typing into SHADOW DOM...]. @12-01-2022 19:38:58.0799 PM
[ReportManager] Element Action [GetText] successfully performed. With the following test data [Typing into SHADOW DOM...]. @12-01-2022 19:38:58.0868 PM
[ReportManager] Assertion [ValidateElementAttribute] PASSED. Expected [Value Should be 'Typing into SHADOW DOM...' for the 'Text' attribute, element locator 'By.id: cvc'] and Actual [Typing into SHADOW DOM...]. Comparison Type [EQUALS]. Validation Type [POSITIVE]. @12-01-2022 19:38:59.0051 PM
[ReportManager] Successfully created attachment [Screenshot - 1642016338950_shadowdom_ValidateElementAttribute_passed] @12-01-2022 19:38:59.0053 P
[ReportManager] Browser Action [CloseCurrentWindow] successfully performed. @12-01-2022 19:38:59.0341 PM
[ReportManager] Successfully created attachment [Browser Action Test Data - CloseCurrentWindow - Actual Value] @12-01-2022 19:38:59.0342 P
[ReportManager] File Action [GetAbsolutePath] successfully performed. With the following test data [Relative Folder Path: "target/downloadedFiles/"]. @12-01-2022 19:38:59.0344 PM
[ReportManager] Attempting to run locally on: [Mac-64], [Safari], Headless Execution. @12-01-2022 19:38:59.0345 PM
[ReportManager] Successfully Opened Safari. @12-01-2022 19:39:00.0191 PM
[ReportManager] Initial window size: (800, 600) @12-01-2022 19:39:00.0221 PM
[ReportManager] Window size after SWD Maximize: (1176, 803) @12-01-2022 19:39:00.0249 PM
[ReportManager] Browser Action [MaximizeWindow] successfully performed. With the following test data [New screen size is now: (1176, 803)]. @12-01-2022 19:39:00.0249 P

################################################################################################################################################
Starting Execution:	[83 out of 161] test cases in the current suite
Test Method:		[testPackage01.Test_clipboardActions.typeTextAndCopyPaste]
################################################################################################################################################
[ReportManager] Target URL: [https://www.google.com/ncr], and after redirection: [https://www.google.com] @12-01-2022 19:39:00.0252 PM
[ReportManager] Initial URL: [] @12-01-2022 19:39:00.0336 PM
[ReportManager] Browser Action [NavigateToURL] successfully performed. With the following test data [https://www.google.com/ncr]. @12-01-2022 19:39:02.0089 PM
[ReportManager] Element Action [Type] successfully performed. With the following test data [FIRST]. @12-01-2022 19:39:02.0348 P
[ReportManager] Browser Action [CloseCurrentWindow] successfully performed. @12-01-2022 19:39:02.0512 PM
[ReportManager] Successfully created attachment [Browser Action Test Data - CloseCurrentWindow - Actual Value] @12-01-2022 19:39:02.0513 P
[ReportManager] File Action [GetAbsolutePath] successfully performed. With the following test data [Relative Folder Path: "target/downloadedFiles/"]. @12-01-2022 19:39:02.0515 PM
[ReportManager] Attempting to run locally on: [Mac-64], [Safari], Headless Execution. @12-01-2022 19:39:02.0515 PM
[ReportManager] Successfully Opened Safari. @12-01-2022 19:39:03.0409 PM
[ReportManager] Initial window size: (800, 600) @12-01-2022 19:39:03.0435 PM
[ReportManager] Window size after SWD Maximize: (1176, 803) @12-01-2022 19:39:03.0472 PM
[ReportManager] Browser Action [MaximizeWindow] successfully performed. With the following test data [New screen size is now: (1176, 803)]. @12-01-2022 19:39:03.0472 PM
[ReportManager] Target URL: [http://the-internet.herokuapp.com/javascript_alerts] @12-01-2022 19:39:03.0472 PM
[ReportManager] Initial URL: [] @12-01-2022 19:39:03.0526 PM
[ReportManager] Browser Action [NavigateToURL] successfully performed. With the following test data [http://the-internet.herokuapp.com/javascript_alerts]. @12-01-2022 19:39:04.0548 P

################################################################################################################################################
Starting Execution:	[84 out of 161] test cases in the current suite
Test Method:		[testPackage01.TestJSAlertBox.getJSAlertText]
################################################################################################################################################
[ReportManager] Element Action [Click] successfully performed. With the following test data [By.xpath: //button[contains(text(),'Click for JS Alert')]]. @12-01-2022 19:39:04.0753 PM
[ReportManager] Alert is present @12-01-2022 19:39:04.0766 PM
[ReportManager] Alert Text is: [I am a JS Alert] @12-01-2022 19:39:04.0782 PM
[ReportManager] Element Action [GetAlertText] successfully performed. @12-01-2022 19:39:04.0783 PM
[ReportManager] Alert text is: [I am a JS Alert] @12-01-2022 19:39:04.0783 PM
[ReportManager] Alert is present @12-01-2022 19:39:04.0793 PM
[ReportManager] Alert Text is: [I am a JS Alert] @12-01-2022 19:39:04.0801 PM
[ReportManager] Element Action [GetAlertText] successfully performed. @12-01-2022 19:39:04.0802 PM
[ReportManager] Assertion Passed: Then I Assert that [I am a JS Alert] is equal to [I am a JS Alert]. @12-01-2022 19:39:04.0803 PM
[ReportManager] Assertion [ValidateEquals] PASSED. Expected [I am a JS Alert] and Actual [I am a JS Alert]. Comparison Type [EQUALS]. Validation Type [POSITIVE]. @12-01-2022 19:39:04.0803 P

################################################################################################################################################
Starting Execution:	[85 out of 161] test cases in the current suite
Test Method:		[testPackage01.TestJSAlertBox.acceptAlert]
################################################################################################################################################
[ReportManager] Alert is not present @12-01-2022 19:39:34.0942 PM
[ReportManager] Element Action [WaitForAlertToBePresent] failed. @12-01-2022 19:39:35.0238 PM
[ReportManager] Successfully created attachment [Screenshot - 1642016374965_acceptAlert_WaitForAlertToBePresent_failed] @12-01-2022 19:39:35.0363 P

################################################################################################################################################
Starting Execution:	[86 out of 161] test cases in the current suite
Test Method:		[testPackage01.TestJSAlertBox.assertOnConfirmAlertResultText]
###############################################################################################################################################
[ReportManager] Browser Action [CloseCurrentWindow] successfully performed. @12-01-2022 19:39:35.0760 PM
[ReportManager] Successfully created attachment [Browser Action Test Data - CloseCurrentWindow - Actual Value] @12-01-2022 19:39:35.0800 P
[ReportManager] File Action [GetAbsolutePath] successfully performed. With the following test data [Relative Folder Path: "target/downloadedFiles/"]. @12-01-2022 19:39:35.0883 PM
[ReportManager] Attempting to run locally on: [Mac-64], [Safari], Headless Execution. @12-01-2022 19:39:35.0884 PM
[ReportManager] Successfully Opened Safari. @12-01-2022 19:39:36.0877 PM
[ReportManager] Initial window size: (800, 600) @12-01-2022 19:39:36.0890 PM
[ReportManager] Window size after SWD Maximize: (1176, 803) @12-01-2022 19:39:36.0914 PM
[ReportManager] Browser Action [MaximizeWindow] successfully performed. With the following test data [New screen size is now: (1176, 803)]. @12-01-2022 19:39:36.0914 PM
[ReportManager] Target URL: [http://the-internet.herokuapp.com/javascript_alerts] @12-01-2022 19:39:36.0914 PM
[ReportManager] Initial URL: [] @12-01-2022 19:39:36.0983 PM
[ReportManager] Browser Action [NavigateToURL] successfully performed. With the following test data [http://the-internet.herokuapp.com/javascript_alerts]. @12-01-2022 19:39:38.0676 P

################################################################################################################################################
Starting Execution:	[87 out of 161] test cases in the current suite
Test Method:		[testPackage01.TestJSConfirmBox.dismissAlert]
################################################################################################################################################
[ReportManager] Element Action [Click] successfully performed. With the following test data [By.xpath: //button[contains(text(),'Click for JS Confirm')]]. @12-01-2022 19:39:38.0974 PM
[ReportManager] Alert is present @12-01-2022 19:39:38.0981 PM
[ReportManager] Element Action [DismissAlert] successfully performed. @12-01-2022 19:39:38.0993 P

################################################################################################################################################
Starting Execution:	[88 out of 161] test cases in the current suite
Test Method:		[testPackage01.TestJSConfirmBox.assertOnCancelAlertResultText]
################################################################################################################################################
[ReportManager] Element Action [GetText] successfully performed. With the following test data [You clicked: Cancel]. @12-01-2022 19:39:39.0218 PM
[ReportManager] Assertion Passed: Then I Assert that the element found by [By.id: result] attribute [TEXT] is equal to [You clicked: Cancel]. @12-01-2022 19:39:39.0580 PM
[ReportManager] Successfully created attachment [Screenshot - 1642016379349_assertOnCancelAlertResultText_ValidateElementAttribute_passed] @12-01-2022 19:39:39.0664 PM
[ReportManager] Assertion [ValidateElementAttribute] PASSED. Expected [Value Should be 'You clicked: Cancel' for the 'text' attribute, element locator 'By.id: result'] and Actual [You clicked: Cancel]. Comparison Type [EQUALS]. Validation Type [POSITIVE]. @12-01-2022 19:39:39.0664 P

################################################################################################################################################
Starting Execution:	[89 out of 161] test cases in the current suite
Test Method:		[testPackage01.TestJSConfirmBox.getAlertText]
################################################################################################################################################
[ReportManager] Element Action [Click] successfully performed. With the following test data [By.xpath: //button[contains(text(),'Click for JS Confirm')]]. @12-01-2022 19:39:39.0978 PM
[ReportManager] Alert is present @12-01-2022 19:39:39.0985 PM
[ReportManager] Alert Text is: [I am a JS Confirm] @12-01-2022 19:39:39.0999 PM
[ReportManager] Element Action [GetAlertText] successfully performed. @12-01-2022 19:39:39.0999 PM
[ReportManager] Alert text is: [I am a JS Confirm] @12-01-2022 19:39:40.0000 PM
[ReportManager] Alert is present @12-01-2022 19:39:40.0013 PM
[ReportManager] Alert Text is: [I am a JS Confirm] @12-01-2022 19:39:40.0018 PM
[ReportManager] Element Action [GetAlertText] successfully performed. @12-01-2022 19:39:40.0019 PM
[ReportManager] Assertion Passed: Then I Assert that [I am a JS Confirm] is equal to [I am a JS Confirm]. @12-01-2022 19:39:40.0020 PM
[ReportManager] Assertion [ValidateEquals] PASSED. Expected [I am a JS Confirm] and Actual [I am a JS Confirm]. Comparison Type [EQUALS]. Validation Type [POSITIVE]. @12-01-2022 19:39:40.0020 P

################################################################################################################################################
Starting Execution:	[90 out of 161] test cases in the current suite
Test Method:		[testPackage01.TestJSConfirmBox.acceptAlert]
################################################################################################################################################
[ReportManager] Alert is not present @12-01-2022 19:40:10.0254 PM
[ReportManager] Element Action [WaitForAlertToBePresent] failed. @12-01-2022 19:40:10.0452 PM
[ReportManager] Successfully created attachment [Screenshot - 1642016410278_acceptAlert_WaitForAlertToBePresent_failed] @12-01-2022 19:40:10.0492 P

################################################################################################################################################
Starting Execution:	[91 out of 161] test cases in the current suite
Test Method:		[testPackage01.TestJSConfirmBox.assertOnConfirmAlertResultText]
###############################################################################################################################################
[ReportManager] Browser Action [CloseCurrentWindow] successfully performed. @12-01-2022 19:40:11.0250 PM
[ReportManager] Successfully created attachment [Browser Action Test Data - CloseCurrentWindow - Actual Value] @12-01-2022 19:40:11.0292 P

################################################################################################################################################
Starting Execution:	[92 out of 161] test cases in the current suite
Test Method:		[testPackage01.Test_NewValidationHelper.f1]
################################################################################################################################################
[ReportManager] Assertion Passed: Checking valid user data @12-01-2022 19:40:11.0420 PM
[ReportManager] Successfully created attachment [Validation Test Data - Expected Value] @12-01-2022 19:40:11.0421 PM
[ReportManager] Successfully created attachment [Validation Test Data - Actual Value] @12-01-2022 19:40:11.0421 PM
[ReportManager] Assertion [ValidateEquals] PASSED. Expected and Actual values are attached. Comparison Type [EQUALS]. Validation Type [POSITIVE]. @12-01-2022 19:40:11.0422 P
[ReportManager] File Action [GetAbsolutePath] successfully performed. With the following test data [Relative Folder Path: "target/downloadedFiles/"]. @12-01-2022 19:40:11.0425 PM
[ReportManager] Attempting to run locally on: [Mac-64], [Safari], Headless Execution. @12-01-2022 19:40:11.0425 PM
[ReportManager] Successfully Opened Safari. @12-01-2022 19:40:12.0366 PM
[ReportManager] Initial window size: (800, 600) @12-01-2022 19:40:12.0477 PM
[ReportManager] Window size after SWD Maximize: (1176, 803) @12-01-2022 19:40:12.0564 PM
[ReportManager] Browser Action [MaximizeWindow] successfully performed. With the following test data [New screen size is now: (1176, 803)]. @12-01-2022 19:40:12.0564 PM
[ReportManager] Target URL: [https://the-internet.herokuapp.com/] @12-01-2022 19:40:12.0564 PM
[ReportManager] Initial URL: [] @12-01-2022 19:40:12.0670 PM
[ReportManager] Browser Action [NavigateToURL] successfully performed. With the following test data [https://the-internet.herokuapp.com/]. @12-01-2022 19:40:14.0059 P

################################################################################################################################################
Starting Execution:	[93 out of 161] test cases in the current suite
Test Method:		[testPackage01.Test_NewValidationHelper.f10]
################################################################################################################################################
[ReportManager] Assertion [ValidateElementExists] FAILED. Expected [Element Should Exist, locator 'By.tagName: div'] and Actual [Element Exists but is not unique]. Comparison Type [EQUALS]. Validation Type [POSITIVE]. @12-01-2022 19:40:14.0668 PM
[ReportManager] Successfully created attachment [Screenshot - 1642016414444_f10_ValidateElementExists_failed] @12-01-2022 19:40:14.0757 P
[ReportManager] Successfully Closed All Drivers. @12-01-2022 19:40:15.0159 P
[ReportManager] File Action [GetAbsolutePath] successfully performed. With the following test data [Relative Folder Path: "target/downloadedFiles/"]. @12-01-2022 19:40:15.0209 PM
[ReportManager] Attempting to run locally on: [Mac-64], [Safari], Headless Execution. @12-01-2022 19:40:15.0210 PM
[ReportManager] Successfully Opened Safari. @12-01-2022 19:40:16.0230 PM
[ReportManager] Initial window size: (800, 600) @12-01-2022 19:40:16.0268 PM
[ReportManager] Window size after SWD Maximize: (1176, 803) @12-01-2022 19:40:16.0285 PM
[ReportManager] Browser Action [MaximizeWindow] successfully performed. With the following test data [New screen size is now: (1176, 803)]. @12-01-2022 19:40:16.0286 PM
[ReportManager] Target URL: [https://the-internet.herokuapp.com/] @12-01-2022 19:40:16.0286 PM
[ReportManager] Initial URL: [] @12-01-2022 19:40:16.0365 PM
[ReportManager] Browser Action [NavigateToURL] successfully performed. With the following test data [https://the-internet.herokuapp.com/]. @12-01-2022 19:40:17.0612 P

################################################################################################################################################
Starting Execution:	[94 out of 161] test cases in the current suite
Test Method:		[testPackage01.Test_NewValidationHelper.f11]
################################################################################################################################################
[ReportManager] org.openqa.selenium.TimeoutException:
Expected condition failed: waiting for com.shaft.gui.element.ElementActionsHelper$$Lambda$641/0x000000080112b9c0@d7479ae (tried for 5 second(s) with 1000 milliseconds interval)
org.openqa.selenium.support.ui.FluentWait.timeoutException(FluentWait.java:263)
org.openqa.selenium.support.ui.FluentWait.until(FluentWait.java:231)
com.shaft.gui.element.ElementActionsHelper.waitForElementPresence(ElementActionsHelper.java:89)
com.shaft.gui.element.ElementActionsHelper.waitForElementPresence(ElementActionsHelper.java:37)
com.shaft.gui.element.WebDriverElementActions.getMatchingElementsCount(WebDriverElementActions.java:1481)
com.shaft.gui.element.WebDriverElementActions.getElementsCount(WebDriverElementActions.java:561)
com.shaft.gui.element.ElementActions.getElementsCount(ElementActions.java:269)
com.shaft.validation.ValidationsHelper.validateElementExists(ValidationsHelper.java:149)
com.shaft.validation.Assertions.assertElementExists(Assertions.java:118)
testPackage01.Test_NewValidationHelper.f11(Test_NewValidationHelper.java:137)
java.base/jdk.internal.reflect.NativeMethodAccessorImpl.invoke0(Native Method)
java.base/jdk.internal.reflect.NativeMethodAccessorImpl.invoke(NativeMethodAccessorImpl.java:77)
java.base/jdk.internal.reflect.DelegatingMethodAccessorImpl.invoke(DelegatingMethodAccessorImpl.java:43)
java.base/java.lang.reflect.Method.invoke(Method.java:568)
org.testng.internal.invokers.MethodInvocationHelper.invokeMethod(MethodInvocationHelper.java:135)
org.testng.internal.invokers.TestInvoker.invokeMethod(TestInvoker.java:673)
org.testng.internal.invokers.TestInvoker.invokeTestMethod(TestInvoker.java:220)
org.testng.internal.invokers.MethodRunner.runInSequence(MethodRunner.java:50)
org.testng.internal.invokers.TestInvoker$MethodInvocationAgent.invoke(TestInvoker.java:945)
org.testng.internal.invokers.TestInvoker.invokeTestMethods(TestInvoker.java:193)
org.testng.internal.invokers.TestMethodWorker.invokeTestMethods(TestMethodWorker.java:146)
org.testng.internal.invokers.TestMethodWorker.run(TestMethodWorker.java:128)
java.base/java.util.ArrayList.forEach(ArrayList.java:1511)
org.testng.TestRunner.privateRun(TestRunner.java:808)
org.testng.TestRunner.run(TestRunner.java:603)
org.testng.SuiteRunner.runTest(SuiteRunner.java:429)
org.testng.SuiteRunner.runSequentially(SuiteRunner.java:423)
org.testng.SuiteRunner.privateRun(SuiteRunner.java:383)
org.testng.SuiteRunner.run(SuiteRunner.java:326)
org.testng.SuiteRunnerWorker.runSuite(SuiteRunnerWorker.java:52)
org.testng.SuiteRunnerWorker.run(SuiteRunnerWorker.java:95)
org.testng.TestNG.runSuitesSequentially(TestNG.java:1249)
org.testng.TestNG.runSuitesLocally(TestNG.java:1169)
org.testng.TestNG.runSuites(TestNG.java:1092)
org.testng.TestNG.run(TestNG.java:1060)
org.apache.maven.surefire.testng.TestNGExecutor.run(TestNGExecutor.java:136)
org.apache.maven.surefire.testng.TestNGDirectoryTestSuite.executeMulti(TestNGDirectoryTestSuite.java:193)
org.apache.maven.surefire.testng.TestNGDirectoryTestSuite.execute(TestNGDirectoryTestSuite.java:94)
org.apache.maven.surefire.testng.TestNGProvider.invoke(TestNGProvider.java:145)
org.apache.maven.surefire.booter.ForkedBooter.runSuitesInProcess(ForkedBooter.java:428)
org.apache.maven.surefire.booter.ForkedBooter.execute(ForkedBooter.java:162)
org.apache.maven.surefire.booter.ForkedBooter.run(ForkedBooter.java:562)
org.apache.maven.surefire.booter.ForkedBooter.main(ForkedBooter.java:548)

Caused by: org.openqa.selenium.NoSuchElementException:
For documentation on this error, please visit: https://selenium.dev/exceptions/#no_such_element
Build info: version: '4.1.1', revision: 'e8fcc2cecf'
System info: host: 'Mac-1642016069660.local', ip: '10.212.3.171', os.name: 'Mac OS X', os.arch: 'x86_64', os.version: '11.5', java.version: '17.0.1'
Driver info: org.openqa.selenium.safari.SafariDriver
Command: [6736B36D-49A9-4744-84C4-0ADE3DC224BA, findElement {using=tag name, value=h3}]
Capabilities {acceptInsecureCerts: false, browserName: Safari, browserVersion: 15.2, goog:loggingPrefs: {browser: ALL, client: ALL, driver: ALL, performance: ALL, profiler: ALL, server: ALL}, javascriptEnabled: true, pageLoadStrategy: normal, platform: MAC, platformName: MAC, safari:automaticInspection: false, safari:automaticProfiling: false, safari:diagnose: false, safari:platformBuildVersion: 20G314, safari:platformVersion: 11.6.2, safari:useSimulator: false, setWindowRect: true, strictFileInteractability: false, timeouts: {pageLoad: 30000, script: 30000}, webkit:WebRTC: {DisableICECandidateFiltering: false, DisableInsecureMediaCapture: false}}
Session ID: 6736B36D-49A9-4744-84C4-0ADE3DC224BA
java.base/jdk.internal.reflect.NativeConstructorAccessorImpl.newInstance0(Native Method)
java.base/jdk.internal.reflect.NativeConstructorAccessorImpl.newInstance(NativeConstructorAccessorImpl.java:77)
java.base/jdk.internal.reflect.DelegatingConstructorAccessorImpl.newInstance(DelegatingConstructorAccessorImpl.java:45)
java.base/java.lang.reflect.Constructor.newInstanceWithCaller(Constructor.java:499)
java.base/java.lang.reflect.Constructor.newInstance(Constructor.java:480)
org.openqa.selenium.remote.codec.w3c.W3CHttpResponseCodec.createException(W3CHttpResponseCodec.java:200)
org.openqa.selenium.remote.codec.w3c.W3CHttpResponseCodec.decode(W3CHttpResponseCodec.java:133)
org.openqa.selenium.remote.codec.w3c.W3CHttpResponseCodec.decode(W3CHttpResponseCodec.java:53)
org.openqa.selenium.remote.HttpCommandExecutor.execute(HttpCommandExecutor.java:184)
org.openqa.selenium.remote.service.DriverCommandExecutor.invokeExecute(DriverCommandExecutor.java:167)
org.openqa.selenium.remote.service.DriverCommandExecutor.execute(DriverCommandExecutor.java:142)
org.openqa.selenium.remote.RemoteWebDriver.execute(RemoteWebDriver.java:543)
org.openqa.selenium.remote.ElementLocation$ElementFinder$2.findElement(ElementLocation.java:162)
org.openqa.selenium.remote.ElementLocation.findElement(ElementLocation.java:60)
org.openqa.selenium.remote.RemoteWebDriver.findElement(RemoteWebDriver.java:367)
org.openqa.selenium.remote.RemoteWebDriver.findElement(RemoteWebDriver.java:359)
com.shaft.gui.element.ElementActionsHelper.lambda$waitForElementPresence$0(ElementActionsHelper.java:92)
org.openqa.selenium.support.ui.FluentWait.until(FluentWait.java:208)
com.shaft.gui.element.ElementActionsHelper.waitForElementPresence(ElementActionsHelper.java:89)
com.shaft.gui.element.ElementActionsHelper.waitForElementPresence(ElementActionsHelper.java:37)
com.shaft.gui.element.WebDriverElementActions.getMatchingElementsCount(WebDriverElementActions.java:1481)
com.shaft.gui.element.WebDriverElementActions.getElementsCount(WebDriverElementActions.java:561)
com.shaft.gui.element.ElementActions.getElementsCount(ElementActions.java:269)
com.shaft.validation.ValidationsHelper.validateElementExists(ValidationsHelper.java:149)
com.shaft.validation.Assertions.assertElementExists(Assertions.java:118)
testPackage01.Test_NewValidationHelper.f11(Test_NewValidationHelper.java:137)
java.base/jdk.internal.reflect.NativeMethodAccessorImpl.invoke0(Native Method)
java.base/jdk.internal.reflect.NativeMethodAccessorImpl.invoke(NativeMethodAccessorImpl.java:77)
java.base/jdk.internal.reflect.DelegatingMethodAccessorImpl.invoke(DelegatingMethodAccessorImpl.java:43)
java.base/java.lang.reflect.Method.invoke(Method.java:568)
org.testng.internal.invokers.MethodInvocationHelper.invokeMethod(MethodInvocationHelper.java:135)
org.testng.internal.invokers.TestInvoker.invokeMethod(TestInvoker.java:673)
org.testng.internal.invokers.TestInvoker.invokeTestMethod(TestInvoker.java:220)
org.testng.internal.invokers.MethodRunner.runInSequence(MethodRunner.java:50)
org.testng.internal.invokers.TestInvoker$MethodInvocationAgent.invoke(TestInvoker.java:945)
org.testng.internal.invokers.TestInvoker.invokeTestMethods(TestInvoker.java:193)
org.testng.internal.invokers.TestMethodWorker.invokeTestMethods(TestMethodWorker.java:146)
org.testng.internal.invokers.TestMethodWorker.run(TestMethodWorker.java:128)
java.base/java.util.ArrayList.forEach(ArrayList.java:1511)
org.testng.TestRunner.privateRun(TestRunner.java:808)
org.testng.TestRunner.run(TestRunner.java:603)
org.testng.SuiteRunner.runTest(SuiteRunner.java:429)
org.testng.SuiteRunner.runSequentially(SuiteRunner.java:423)
org.testng.SuiteRunner.privateRun(SuiteRunner.java:383)
org.testng.SuiteRunner.run(SuiteRunner.java:326)
org.testng.SuiteRunnerWorker.runSuite(SuiteRunnerWorker.java:52)
org.testng.SuiteRunnerWorker.run(SuiteRunnerWorker.java:95)
org.testng.TestNG.runSuitesSequentially(TestNG.java:1249)
org.testng.TestNG.runSuitesLocally(TestNG.java:1169)
org.testng.TestNG.runSuites(TestNG.java:1092)
org.testng.TestNG.run(TestNG.java:1060)
org.apache.maven.surefire.testng.TestNGExecutor.run(TestNGExecutor.java:136)
org.apache.maven.surefire.testng.TestNGDirectoryTestSuite.executeMulti(TestNGDirectoryTestSuite.java:193)
org.apache.maven.surefire.testng.TestNGDirectoryTestSuite.execute(TestNGDirectoryTestSuite.java:94)
org.apache.maven.surefire.testng.TestNGProvider.invoke(TestNGProvider.java:145)
org.apache.maven.surefire.booter.ForkedBooter.runSuitesInProcess(ForkedBooter.java:428)
org.apache.maven.surefire.booter.ForkedBooter.execute(ForkedBooter.java:162)
org.apache.maven.surefire.booter.ForkedBooter.run(ForkedBooter.java:562)
org.apache.maven.surefire.booter.ForkedBooter.main(ForkedBooter.java:548) @12-01-2022 19:40:23.0270 PM
[ReportManager] org.openqa.selenium.TimeoutException:
Expected condition failed: waiting for com.shaft.gui.element.ElementActionsHelper$$Lambda$641/0x000000080112b9c0@c94b341 (tried for 5 second(s) with 1000 milliseconds interval)
org.openqa.selenium.support.ui.FluentWait.timeoutException(FluentWait.java:263)
org.openqa.selenium.support.ui.FluentWait.until(FluentWait.java:231)
com.shaft.gui.element.ElementActionsHelper.waitForElementPresence(ElementActionsHelper.java:89)
com.shaft.gui.element.ElementActionsHelper.waitForElementPresence(ElementActionsHelper.java:37)
com.shaft.gui.element.WebDriverElementActions.getMatchingElementsCount(WebDriverElementActions.java:1481)
com.shaft.gui.element.WebDriverElementActions.getElementsCount(WebDriverElementActions.java:561)
com.shaft.gui.element.ElementActions.getElementsCount(ElementActions.java:269)
com.shaft.gui.image.ScreenshotManager.internalCaptureScreenShot(ScreenshotManager.java:385)
com.shaft.gui.image.ScreenshotManager.captureScreenShot(ScreenshotManager.java:141)
com.shaft.validation.ValidationsHelper.reportValidationState(ValidationsHelper.java:823)
com.shaft.validation.ValidationsHelper.pass(ValidationsHelper.java:564)
com.shaft.validation.ValidationsHelper.validateElementExists(ValidationsHelper.java:166)
com.shaft.validation.Assertions.assertElementExists(Assertions.java:118)
testPackage01.Test_NewValidationHelper.f11(Test_NewValidationHelper.java:137)
java.base/jdk.internal.reflect.NativeMethodAccessorImpl.invoke0(Native Method)
java.base/jdk.internal.reflect.NativeMethodAccessorImpl.invoke(NativeMethodAccessorImpl.java:77)
java.base/jdk.internal.reflect.DelegatingMethodAccessorImpl.invoke(DelegatingMethodAccessorImpl.java:43)
java.base/java.lang.reflect.Method.invoke(Method.java:568)
org.testng.internal.invokers.MethodInvocationHelper.invokeMethod(MethodInvocationHelper.java:135)
org.testng.internal.invokers.TestInvoker.invokeMethod(TestInvoker.java:673)
org.testng.internal.invokers.TestInvoker.invokeTestMethod(TestInvoker.java:220)
org.testng.internal.invokers.MethodRunner.runInSequence(MethodRunner.java:50)
org.testng.internal.invokers.TestInvoker$MethodInvocationAgent.invoke(TestInvoker.java:945)
org.testng.internal.invokers.TestInvoker.invokeTestMethods(TestInvoker.java:193)
org.testng.internal.invokers.TestMethodWorker.invokeTestMethods(TestMethodWorker.java:146)
org.testng.internal.invokers.TestMethodWorker.run(TestMethodWorker.java:128)
java.base/java.util.ArrayList.forEach(ArrayList.java:1511)
org.testng.TestRunner.privateRun(TestRunner.java:808)
org.testng.TestRunner.run(TestRunner.java:603)
org.testng.SuiteRunner.runTest(SuiteRunner.java:429)
org.testng.SuiteRunner.runSequentially(SuiteRunner.java:423)
org.testng.SuiteRunner.privateRun(SuiteRunner.java:383)
org.testng.SuiteRunner.run(SuiteRunner.java:326)
org.testng.SuiteRunnerWorker.runSuite(SuiteRunnerWorker.java:52)
org.testng.SuiteRunnerWorker.run(SuiteRunnerWorker.java:95)
org.testng.TestNG.runSuitesSequentially(TestNG.java:1249)
org.testng.TestNG.runSuitesLocally(TestNG.java:1169)
org.testng.TestNG.runSuites(TestNG.java:1092)
org.testng.TestNG.run(TestNG.java:1060)
org.apache.maven.surefire.testng.TestNGExecutor.run(TestNGExecutor.java:136)
org.apache.maven.surefire.testng.TestNGDirectoryTestSuite.executeMulti(TestNGDirectoryTestSuite.java:193)
org.apache.maven.surefire.testng.TestNGDirectoryTestSuite.execute(TestNGDirectoryTestSuite.java:94)
org.apache.maven.surefire.testng.TestNGProvider.invoke(TestNGProvider.java:145)
org.apache.maven.surefire.booter.ForkedBooter.runSuitesInProcess(ForkedBooter.java:428)
org.apache.maven.surefire.booter.ForkedBooter.execute(ForkedBooter.java:162)
org.apache.maven.surefire.booter.ForkedBooter.run(ForkedBooter.java:562)
org.apache.maven.surefire.booter.ForkedBooter.main(ForkedBooter.java:548)

Caused by: org.openqa.selenium.NoSuchElementException:
For documentation on this error, please visit: https://selenium.dev/exceptions/#no_such_element
Build info: version: '4.1.1', revision: 'e8fcc2cecf'
System info: host: 'Mac-1642016069660.local', ip: '10.212.3.171', os.name: 'Mac OS X', os.arch: 'x86_64', os.version: '11.5', java.version: '17.0.1'
Driver info: org.openqa.selenium.safari.SafariDriver
Command: [6736B36D-49A9-4744-84C4-0ADE3DC224BA, findElement {using=tag name, value=h3}]
Capabilities {acceptInsecureCerts: false, browserName: Safari, browserVersion: 15.2, goog:loggingPrefs: {browser: ALL, client: ALL, driver: ALL, performance: ALL, profiler: ALL, server: ALL}, javascriptEnabled: true, pageLoadStrategy: normal, platform: MAC, platformName: MAC, safari:automaticInspection: false, safari:automaticProfiling: false, safari:diagnose: false, safari:platformBuildVersion: 20G314, safari:platformVersion: 11.6.2, safari:useSimulator: false, setWindowRect: true, strictFileInteractability: false, timeouts: {pageLoad: 30000, script: 30000}, webkit:WebRTC: {DisableICECandidateFiltering: false, DisableInsecureMediaCapture: false}}
Session ID: 6736B36D-49A9-4744-84C4-0ADE3DC224BA
java.base/jdk.internal.reflect.NativeConstructorAccessorImpl.newInstance0(Native Method)
java.base/jdk.internal.reflect.NativeConstructorAccessorImpl.newInstance(NativeConstructorAccessorImpl.java:77)
java.base/jdk.internal.reflect.DelegatingConstructorAccessorImpl.newInstance(DelegatingConstructorAccessorImpl.java:45)
java.base/java.lang.reflect.Constructor.newInstanceWithCaller(Constructor.java:499)
java.base/java.lang.reflect.Constructor.newInstance(Constructor.java:480)
org.openqa.selenium.remote.codec.w3c.W3CHttpResponseCodec.createException(W3CHttpResponseCodec.java:200)
org.openqa.selenium.remote.codec.w3c.W3CHttpResponseCodec.decode(W3CHttpResponseCodec.java:133)
org.openqa.selenium.remote.codec.w3c.W3CHttpResponseCodec.decode(W3CHttpResponseCodec.java:53)
org.openqa.selenium.remote.HttpCommandExecutor.execute(HttpCommandExecutor.java:184)
org.openqa.selenium.remote.service.DriverCommandExecutor.invokeExecute(DriverCommandExecutor.java:167)
org.openqa.selenium.remote.service.DriverCommandExecutor.execute(DriverCommandExecutor.java:142)
org.openqa.selenium.remote.RemoteWebDriver.execute(RemoteWebDriver.java:543)
org.openqa.selenium.remote.ElementLocation$ElementFinder$2.findElement(ElementLocation.java:162)
org.openqa.selenium.remote.ElementLocation.findElement(ElementLocation.java:60)
org.openqa.selenium.remote.RemoteWebDriver.findElement(RemoteWebDriver.java:367)
org.openqa.selenium.remote.RemoteWebDriver.findElement(RemoteWebDriver.java:359)
com.shaft.gui.element.ElementActionsHelper.lambda$waitForElementPresence$0(ElementActionsHelper.java:92)
org.openqa.selenium.support.ui.FluentWait.until(FluentWait.java:208)
com.shaft.gui.element.ElementActionsHelper.waitForElementPresence(ElementActionsHelper.java:89)
com.shaft.gui.element.ElementActionsHelper.waitForElementPresence(ElementActionsHelper.java:37)
com.shaft.gui.element.WebDriverElementActions.getMatchingElementsCount(WebDriverElementActions.java:1481)
com.shaft.gui.element.WebDriverElementActions.getElementsCount(WebDriverElementActions.java:561)
com.shaft.gui.element.ElementActions.getElementsCount(ElementActions.java:269)
com.shaft.gui.image.ScreenshotManager.internalCaptureScreenShot(ScreenshotManager.java:385)
com.shaft.gui.image.ScreenshotManager.captureScreenShot(ScreenshotManager.java:141)
com.shaft.validation.ValidationsHelper.reportValidationState(ValidationsHelper.java:823)
com.shaft.validation.ValidationsHelper.pass(ValidationsHelper.java:564)
com.shaft.validation.ValidationsHelper.validateElementExists(ValidationsHelper.java:166)
com.shaft.validation.Assertions.assertElementExists(Assertions.java:118)
testPackage01.Test_NewValidationHelper.f11(Test_NewValidationHelper.java:137)
java.base/jdk.internal.reflect.NativeMethodAccessorImpl.invoke0(Native Method)
java.base/jdk.internal.reflect.NativeMethodAccessorImpl.invoke(NativeMethodAccessorImpl.java:77)
java.base/jdk.internal.reflect.DelegatingMethodAccessorImpl.invoke(DelegatingMethodAccessorImpl.java:43)
java.base/java.lang.reflect.Method.invoke(Method.java:568)
org.testng.internal.invokers.MethodInvocationHelper.invokeMethod(MethodInvocationHelper.java:135)
org.testng.internal.invokers.TestInvoker.invokeMethod(TestInvoker.java:673)
org.testng.internal.invokers.TestInvoker.invokeTestMethod(TestInvoker.java:220)
org.testng.internal.invokers.MethodRunner.runInSequence(MethodRunner.java:50)
org.testng.internal.invokers.TestInvoker$MethodInvocationAgent.invoke(TestInvoker.java:945)
org.testng.internal.invokers.TestInvoker.invokeTestMethods(TestInvoker.java:193)
org.testng.internal.invokers.TestMethodWorker.invokeTestMethods(TestMethodWorker.java:146)
org.testng.internal.invokers.TestMethodWorker.run(TestMethodWorker.java:128)
java.base/java.util.ArrayList.forEach(ArrayList.java:1511)
org.testng.TestRunner.privateRun(TestRunner.java:808)
org.testng.TestRunner.run(TestRunner.java:603)
org.testng.SuiteRunner.runTest(SuiteRunner.java:429)
org.testng.SuiteRunner.runSequentially(SuiteRunner.java:423)
org.testng.SuiteRunner.privateRun(SuiteRunner.java:383)
org.testng.SuiteRunner.run(SuiteRunner.java:326)
org.testng.SuiteRunnerWorker.runSuite(SuiteRunnerWorker.java:52)
org.testng.SuiteRunnerWorker.run(SuiteRunnerWorker.java:95)
org.testng.TestNG.runSuitesSequentially(TestNG.java:1249)
org.testng.TestNG.runSuitesLocally(TestNG.java:1169)
org.testng.TestNG.runSuites(TestNG.java:1092)
org.testng.TestNG.run(TestNG.java:1060)
org.apache.maven.surefire.testng.TestNGExecutor.run(TestNGExecutor.java:136)
org.apache.maven.surefire.testng.TestNGDirectoryTestSuite.executeMulti(TestNGDirectoryTestSuite.java:193)
org.apache.maven.surefire.testng.TestNGDirectoryTestSuite.execute(TestNGDirectoryTestSuite.java:94)
org.apache.maven.surefire.testng.TestNGProvider.invoke(TestNGProvider.java:145)
org.apache.maven.surefire.booter.ForkedBooter.runSuitesInProcess(ForkedBooter.java:428)
org.apache.maven.surefire.booter.ForkedBooter.execute(ForkedBooter.java:162)
org.apache.maven.surefire.booter.ForkedBooter.run(ForkedBooter.java:562)
org.apache.maven.surefire.booter.ForkedBooter.main(ForkedBooter.java:548) @12-01-2022 19:40:28.0718 PM
[ReportManager] Assertion Passed: Checking that false tag doesn't exist @12-01-2022 19:40:28.0969 PM
[ReportManager] Successfully created attachment [Screenshot - 1642016428753_f11_ValidateElementExists_passed] @12-01-2022 19:40:29.0053 PM
[ReportManager] Assertion [ValidateElementExists] PASSED. Expected [Element Should not Exist, locator 'By.tagName: h3'] and Actual [Element Doesn't Exists]. Comparison Type [EQUALS]. Validation Type [NEGATIVE]. @12-01-2022 19:40:29.0053 P
[ReportManager] Successfully Closed All Drivers. @12-01-2022 19:40:29.0441 P
[ReportManager] File Action [GetAbsolutePath] successfully performed. With the following test data [Relative Folder Path: "target/downloadedFiles/"]. @12-01-2022 19:40:29.0526 PM
[ReportManager] Attempting to run locally on: [Mac-64], [Safari], Headless Execution. @12-01-2022 19:40:29.0526 PM
[ReportManager] An Exception Occured with this Message: Could not start a new session. Possible causes are invalid address of the remote server or browser start-up failure.. @12-01-2022 19:40:29.0578 PM
[ReportManager] Successfully created attachment [Exception Stack Trace - org.openqa.selenium.SessionNotCreatedException] @12-01-2022 19:40:29.0618 PM
[ReportManager] Driver Factory Action [createNewLocalDriverInstanceForSafari] failed. With the following test data [Failed to create a session on DESKTOP_SAFARI]. @12-01-2022 19:40:29.0619 P

################################################################################################################################################
Starting Execution:	[95 out of 161] test cases in the current suite
Test Method:		[testPackage01.Test_NewValidationHelper.f12]
###############################################################################################################################################



################################################################################################################################################
Starting Execution:	[96 out of 161] test cases in the current suite
Test Method:		[testPackage01.Test_NewValidationHelper.f13]
###############################################################################################################################################



################################################################################################################################################
Starting Execution:	[97 out of 161] test cases in the current suite
Test Method:		[testPackage01.Test_NewValidationHelper.f14]
###############################################################################################################################################



################################################################################################################################################
Starting Execution:	[98 out of 161] test cases in the current suite
Test Method:		[testPackage01.Test_NewValidationHelper.f15]
###############################################################################################################################################



################################################################################################################################################
Starting Execution:	[99 out of 161] test cases in the current suite
Test Method:		[testPackage01.Test_NewValidationHelper.f16]
###############################################################################################################################################



################################################################################################################################################
Starting Execution:	[100 out of 161] test cases in the current suite
Test Method:		[testPackage01.Test_NewValidationHelper.f17]
###############################################################################################################################################



################################################################################################################################################
Starting Execution:	[101 out of 161] test cases in the current suite
Test Method:		[testPackage01.Test_NewValidationHelper.f18]
###############################################################################################################################################


################################################################################################################################################
Starting Execution:	[102 out of 161] test cases in the current suite
Test Method:		[testPackage01.Test_NewValidationHelper.f2]
###############################################################################################################################################


################################################################################################################################################
Starting Execution:	[103 out of 161] test cases in the current suite
Test Method:		[testPackage01.Test_NewValidationHelper.f20]
###############################################################################################################################################



################################################################################################################################################
Starting Execution:	[104 out of 161] test cases in the current suite
Test Method:		[testPackage01.Test_NewValidationHelper.f21]
###############################################################################################################################################



################################################################################################################################################
Starting Execution:	[105 out of 161] test cases in the current suite
Test Method:		[testPackage01.Test_NewValidationHelper.f22]
###############################################################################################################################################


################################################################################################################################################
Starting Execution:	[106 out of 161] test cases in the current suite
Test Method:		[testPackage01.Test_NewValidationHelper.f23]
###############################################################################################################################################

################################################################################################################################################
Starting Execution:	[107 out of 161] test cases in the current suite
Test Method:		[testPackage01.Test_NewValidationHelper.f24]
###############################################################################################################################################

################################################################################################################################################
Starting Execution:	[108 out of 161] test cases in the current suite
Test Method:		[testPackage01.Test_NewValidationHelper.f25]
###############################################################################################################################################

################################################################################################################################################
Starting Execution:	[109 out of 161] test cases in the current suite
Test Method:		[testPackage01.Test_NewValidationHelper.f26]
###############################################################################################################################################

################################################################################################################################################
Starting Execution:	[110 out of 161] test cases in the current suite
Test Method:		[testPackage01.Test_NewValidationHelper.f27]
###############################################################################################################################################

################################################################################################################################################
Starting Execution:	[111 out of 161] test cases in the current suite
Test Method:		[testPackage01.Test_NewValidationHelper.f28]
###############################################################################################################################################

################################################################################################################################################
Starting Execution:	[112 out of 161] test cases in the current suite
Test Method:		[testPackage01.Test_NewValidationHelper.f29]
###############################################################################################################################################

################################################################################################################################################
Starting Execution:	[113 out of 161] test cases in the current suite
Test Method:		[testPackage01.Test_NewValidationHelper.f3]
###############################################################################################################################################

################################################################################################################################################
Starting Execution:	[114 out of 161] test cases in the current suite
Test Method:		[testPackage01.Test_NewValidationHelper.f30]
###############################################################################################################################################

################################################################################################################################################
Starting Execution:	[115 out of 161] test cases in the current suite
Test Method:		[testPackage01.Test_NewValidationHelper.f31]
###############################################################################################################################################

################################################################################################################################################
Starting Execution:	[116 out of 161] test cases in the current suite
Test Method:		[testPackage01.Test_NewValidationHelper.f32]
###############################################################################################################################################

################################################################################################################################################
Starting Execution:	[117 out of 161] test cases in the current suite
Test Method:		[testPackage01.Test_NewValidationHelper.f33]
###############################################################################################################################################

################################################################################################################################################
Starting Execution:	[118 out of 161] test cases in the current suite
Test Method:		[testPackage01.Test_NewValidationHelper.f34]
###############################################################################################################################################

################################################################################################################################################
Starting Execution:	[119 out of 161] test cases in the current suite
Test Method:		[testPackage01.Test_NewValidationHelper.f35]
###############################################################################################################################################

################################################################################################################################################
Starting Execution:	[120 out of 161] test cases in the current suite
Test Method:		[testPackage01.Test_NewValidationHelper.f36]
###############################################################################################################################################

################################################################################################################################################
Starting Execution:	[121 out of 161] test cases in the current suite
Test Method:		[testPackage01.Test_NewValidationHelper.f37]
###############################################################################################################################################

################################################################################################################################################
Starting Execution:	[122 out of 161] test cases in the current suite
Test Method:		[testPackage01.Test_NewValidationHelper.f3_1]
###############################################################################################################################################

################################################################################################################################################
Starting Execution:	[123 out of 161] test cases in the current suite
Test Method:		[testPackage01.Test_NewValidationHelper.f4]
###############################################################################################################################################

################################################################################################################################################
Starting Execution:	[124 out of 161] test cases in the current suite
Test Method:		[testPackage01.Test_NewValidationHelper.f5]
###############################################################################################################################################

################################################################################################################################################
Starting Execution:	[125 out of 161] test cases in the current suite
Test Method:		[testPackage01.Test_NewValidationHelper.f6]
###############################################################################################################################################

################################################################################################################################################
Starting Execution:	[126 out of 161] test cases in the current suite
Test Method:		[testPackage01.Test_NewValidationHelper.f6_1]
###############################################################################################################################################

################################################################################################################################################
Starting Execution:	[127 out of 161] test cases in the current suite
Test Method:		[testPackage01.Test_NewValidationHelper.f6_2]
###############################################################################################################################################

################################################################################################################################################
Starting Execution:	[128 out of 161] test cases in the current suite
Test Method:		[testPackage01.Test_NewValidationHelper.f7]
###############################################################################################################################################


################################################################################################################################################
Starting Execution:	[129 out of 161] test cases in the current suite
Test Method:		[testPackage01.Test_NewValidationHelper.f8]
###############################################################################################################################################



################################################################################################################################################
Starting Execution:	[130 out of 161] test cases in the current suite
Test Method:		[testPackage01.Test_NewValidationHelper.f9]
###############################################################################################################################################


################################################################################################################################################
Starting Execution:	[131 out of 161] test cases in the current suite
Test Method:		[testPackage01.Test_NewValidationHelper.forceFail]
###############################################################################################################################################

################################################################################################################################################
Starting Execution:	[132 out of 161] test cases in the current suite
Test Method:		[testPackage01.Test_NewValidationHelper.forceFail2]
###############################################################################################################################################

################################################################################################################################################
Starting Execution:	[133 out of 161] test cases in the current suite
Test Method:		[testPackage01.Test_JsonActions.f]
###############################################################################################################################################

################################################################################################################################################
Starting Execution:	[134 out of 161] test cases in the current suite
Test Method:		[testPackage01.Test_JsonActions.f2]
###############################################################################################################################################

################################################################################################################################################
Starting Execution:	[135 out of 161] test cases in the current suite
Test Method:		[testPackage01.Test_sendGraphqlRequest.sendGraphqlRequestUsingMutationAndVariables]
################################################################################################################################################
[ReportManager] GraphQl Request is being Performed with the Following Parameters [Service URL: https://api.spacex.land/graphql | Request Body: {"variables":"{\"name\": \"sherlock holmes\",\"rocket\": \"221B Baker Street\"}","query":"mutation ($name: String, $rocket: String) {\n  insert_users(objects: {name: $name, rocket: $rocket}) {\n    returning {\n      name\n      rocket\n    }\n  }\n}"}] @12-01-2022 19:40:36.0363 PM
[ReportManager] Response status code: [200], status line: [HTTP/1.1 200 OK] @12-01-2022 19:40:36.0955 PM
[ReportManager] Assertion Passed: Evaluating the actual response status code against the expected one... @12-01-2022 19:40:36.0955 PM
[ReportManager] Assertion [ValidateComparativeRelation] PASSED. Expected [200] and Actual [200]. Comparison Type [EQUALS]. Validation Type [POSITIVE]. @12-01-2022 19:40:36.0955 PM
[ReportManager] API Action [PerformRequest] successfully performed. With the following test data [Request Type: "POST" | Target Status Code: "200" | Service URL: "https://api.spacex.land/graphql" | Content Type: "application/json" | Response Time: "488ms"]. @12-01-2022 19:40:36.0996 PM
[ReportManager] Successfully created attachment [API Request - Specifications] @12-01-2022 19:40:37.0038 PM
[ReportManager] Successfully created attachment [API Request - JSON Body] @12-01-2022 19:40:37.0119 PM
[ReportManager] Successfully created attachment [API Response - JSON Body] @12-01-2022 19:40:37.0161 PM
[ReportManager] API Action [GetResponseJSONValue] successfully performed. With the following test data [data.insert_users.returning[0].name]. @12-01-2022 19:40:37.0216 PM
[ReportManager] Assertion [ValidateEquals] PASSED. Expected [sherlock holmes] and Actual [sherlock holmes]. Comparison Type [EQUALS]. Validation Type [POSITIVE]. @12-01-2022 19:40:37.0216 P

################################################################################################################################################
Starting Execution:	[136 out of 161] test cases in the current suite
Test Method:		[testPackage01.Test_sendGraphqlRequest.sendGraphqlRequestUsingQuery]
################################################################################################################################################
[ReportManager] GraphQl Request is being Performed with the Following Parameters [Service URL: https://api.spacex.land/graphql | Request Body: {"query":"{company {ceo}}"}] @12-01-2022 19:40:37.0342 PM
[ReportManager] Response status code: [200], status line: [HTTP/1.1 200 OK] @12-01-2022 19:40:37.0617 PM
[ReportManager] Assertion Passed: Evaluating the actual response status code against the expected one... @12-01-2022 19:40:37.0618 PM
[ReportManager] Assertion [ValidateComparativeRelation] PASSED. Expected [200] and Actual [200]. Comparison Type [EQUALS]. Validation Type [POSITIVE]. @12-01-2022 19:40:37.0618 PM
[ReportManager] API Action [PerformRequest] successfully performed. With the following test data [Request Type: "POST" | Target Status Code: "200" | Service URL: "https://api.spacex.land/graphql" | Content Type: "application/json" | Response Time: "270ms"]. @12-01-2022 19:40:37.0631 PM
[ReportManager] Successfully created attachment [API Request - Specifications] @12-01-2022 19:40:37.0645 PM
[ReportManager] Successfully created attachment [API Request - JSON Body] @12-01-2022 19:40:37.0645 PM
[ReportManager] Successfully created attachment [API Response - JSON Body] @12-01-2022 19:40:37.0646 PM
[ReportManager] API Action [GetResponseJSONValue] successfully performed. With the following test data [data.company.ceo]. @12-01-2022 19:40:37.0659 PM
[ReportManager] Assertion [ValidateEquals] PASSED. Expected [Elon Musk] and Actual [Elon Musk]. Comparison Type [EQUALS]. Validation Type [POSITIVE]. @12-01-2022 19:40:37.0659 P

################################################################################################################################################
Starting Execution:	[137 out of 161] test cases in the current suite
Test Method:		[testPackage01.Test_MatchJsonSchema.checkAPI_ResponseSchema]
################################################################################################################################################
[ReportManager] Response status code: [200], status line: [HTTP/1.1 200 OK] @12-01-2022 19:40:37.0846 PM
[ReportManager] Assertion Passed: Evaluating the actual response status code against the expected one... @12-01-2022 19:40:37.0846 PM
[ReportManager] Assertion [ValidateComparativeRelation] PASSED. Expected [200] and Actual [200]. Comparison Type [EQUALS]. Validation Type [POSITIVE]. @12-01-2022 19:40:37.0847 PM
[ReportManager] API Action [PerformRequest] successfully performed. With the following test data [Request Type: "GET" | Target Status Code: "200" | Service URL: "http://api.zippopotam.us/us/90210" | Content Type: "*/*" | Response Time: "148ms"]. @12-01-2022 19:40:37.0879 PM
[ReportManager] Successfully created attachment [API Request - Specifications] @12-01-2022 19:40:37.0920 PM
[ReportManager] Successfully created attachment [API Response - JSON Body] @12-01-2022 19:40:38.0004 PM
[ReportManager] File Action [GetAbsolutePath] successfully performed. With the following test data [Relative Folder Path: "src/test/resources/testDataFiles/schema.json"]. @12-01-2022 19:40:38.0006 PM
[ReportManager] File Action [GetAbsolutePath] successfully performed. With the following test data [Relative Folder Path: "/Users/runner/work/SHAFT_ENGINE/SHAFT_ENGINE/src/test/resources/testDataFiles/schema.json"]. @12-01-2022 19:40:38.0885 PM
[ReportManager] File Action [ReadFromFile] successfully performed. With the following test data [File Path: "/Users/runner/work/SHAFT_ENGINE/SHAFT_ENGINE/src/test/resources/testDataFiles/schema.json"]. @12-01-2022 19:40:38.0886 PM
[ReportManager] Assertion Passed: Then I Assert that the API response schema matches that in this file [src/test/resources/testDataFiles/schema.json]. @12-01-2022 19:40:38.0887 PM
[ReportManager] Successfully created attachment [Validation Test Data - Expected JSON Value] @12-01-2022 19:40:38.0929 PM
[ReportManager] Successfully created attachment [Validation Test Data - Actual JSON Value] @12-01-2022 19:40:39.0011 PM
[ReportManager] Assertion [ValidateResponseFileSchema] PASSED. Expected [Response data should match the JSON File in this path '/Users/runner/work/SHAFT_ENGINE/SHAFT_ENGINE/src/test/resources/testDataFiles/schema.json'] and Actual [TRUE]. Comparison Type [EQUALS]. Validation Type [POSITIVE]. @12-01-2022 19:40:39.0011 P
[ReportManager] File Action [GetAbsolutePath] successfully performed. With the following test data [Relative Folder Path: "target/downloadedFiles/"]. @12-01-2022 19:40:39.0136 PM
[ReportManager] Attempting to run locally on: [Mac-64], [Safari], Headless Execution. @12-01-2022 19:40:39.0136 PM
[ReportManager] An Exception Occured with this Message: Could not start a new session. Possible causes are invalid address of the remote server or browser start-up failure.. @12-01-2022 19:40:39.0201 PM
[ReportManager] Successfully created attachment [Exception Stack Trace - org.openqa.selenium.SessionNotCreatedException] @12-01-2022 19:40:39.0264 PM
[ReportManager] Driver Factory Action [createNewLocalDriverInstanceForSafari] failed. With the following test data [Failed to create a session on DESKTOP_SAFARI]. @12-01-2022 19:40:39.0264 P

################################################################################################################################################
Starting Execution:	[138 out of 161] test cases in the current suite
Test Method:		[testPackage01.Test_dragAndDrop.dragAndDropJquery]
###############################################################################################################################################



################################################################################################################################################
Starting Execution:	[139 out of 161] test cases in the current suite
Test Method:		[testPackage01.Test_dragAndDrop.dragAndDrop]
Test Description:	[TC001 - Test Drag and Drop function.]
###############################################################################################################################################



################################################################################################################################################
Starting Execution:	[140 out of 161] test cases in the current suite
Test Method:		[testPackage01.Test_dragAndDrop.dragAndDropByOffset]
Test Description:	[TC002 - Test Drag and Drop by offset function.]
###############################################################################################################################################

[ReportManager] Successfully loaded the following test data file [src/test/resources/testDataFiles/testSuite01/TestData.xlsx]. @12-01-2022 19:40:40.0417 PM
[ReportManager] Successfully created attachment [Test Data - Excel] @12-01-2022 19:40:40.0498 PM
[ReportManager] File Action [GetAbsolutePath] successfully performed. With the following test data [Relative Folder Path: "target/downloadedFiles/"]. @12-01-2022 19:40:40.0499 PM
[ReportManager] Attempting to run locally on: [Mac-64], [Safari], Headless Execution. @12-01-2022 19:40:40.0499 PM
[ReportManager] Successfully Opened Safari. @12-01-2022 19:40:41.0361 PM
[ReportManager] Initial window size: (800, 600) @12-01-2022 19:40:41.0368 PM
[ReportManager] Window size after SWD Maximize: (1176, 803) @12-01-2022 19:40:41.0383 PM
[ReportManager] Browser Action [MaximizeWindow] successfully performed. With the following test data [New screen size is now: (1176, 803)]. @12-01-2022 19:40:41.0384 P

################################################################################################################################################
Starting Execution:	[141 out of 161] test cases in the current suite
Test Method:		[testPackage01.Test_google.navigateToURLandVerifyGoogleLogoIsDisplayed]
Test Description:	[TC001 - Navigate to URL and Verify Google Logo is Displayed]
################################################################################################################################################
[ReportManager] Target URL: [https://www.google.com/ncr], and after redirection: [https://www.google.com] @12-01-2022 19:40:41.0428 PM
[ReportManager] Initial URL: [] @12-01-2022 19:40:41.0467 PM
[ReportManager] Browser Action [NavigateToURL] successfully performed. With the following test data [https://www.google.com/ncr]. @12-01-2022 19:40:43.0173 PM
[ReportManager] Assertion Passed: Then I Assert that the element found by [By.xpath: //*[@id='hplogo' or @alt='Google']] exists. @12-01-2022 19:40:43.0594 PM
[ReportManager] Successfully created attachment [Screenshot - 1642016443388_navigateToURLandVerifyGoogleLogoIsDisplayed_ValidateElementExists_passed] @12-01-2022 19:40:43.0676 PM
[ReportManager] Assertion [ValidateElementExists] PASSED. Expected [Element Should Exist, locator 'By.xpath: //*[@id='hplogo' or @alt='Google']'] and Actual [Element Exists]. Comparison Type [EQUALS]. Validation Type [POSITIVE]. @12-01-2022 19:40:43.0676 P

################################################################################################################################################
Starting Execution:	[142 out of 161] test cases in the current suite
Test Method:		[testPackage01.Test_google.searchForQueryandAssertResultsNumDisplayed]
Test Description:	[TC002 - Search for Query and Assert that the number of results is displayed]
################################################################################################################################################
[ReportManager] Element Action [Type] successfully performed. With the following test data [SHAFT_Engine]. @12-01-2022 19:40:44.0085 PM
[ReportManager] Element Action [KeyPress] successfully performed. With the following test data [Enter]. @12-01-2022 19:40:44.0160 PM
[ReportManager] Element Action [GetText] successfully performed. With the following test data [About 760,000 results (0.76 seconds)Â ]. @12-01-2022 19:40:45.0252 PM
[ReportManager] Assertion Passed: Then I Assert that the element found by [By.id: appbar] text does not equal []. @12-01-2022 19:40:46.0379 PM
[ReportManager] Successfully created attachment [Screenshot - 1642016446159_searchForQueryandAssertResultsNumDisplayed_ValidateElementAttribute_passed] @12-01-2022 19:40:46.0465 PM
[ReportManager] Assertion [ValidateElementAttribute] PASSED. Expected [Value Should not be '' for the 'text' attribute, element locator 'By.id: appbar'] and Actual [About 760,000 results (0.76 seconds)Â ]. Comparison Type [EQUALS]. Validation Type [NEGATIVE]. @12-01-2022 19:40:46.0465 P

################################################################################################################################################
Starting Execution:	[143 out of 161] test cases in the current suite
Test Method:		[testPackage01.Test_google.clickNextThrice]
Test Description:	[TC003 - Clicks the next button to make sure that the framework can scroll element into view before clicking it]
################################################################################################################################################
[ReportManager] Element Action [Click] successfully performed. With the following test data [By.xpath: //span[text()='Next']]. @12-01-2022 19:40:46.0926 P
[ReportManager] Successfully Closed All Drivers. @12-01-2022 19:40:47.0299 P
[ReportManager] File Action [GetAbsolutePath] successfully performed. With the following test data [Relative Folder Path: "target/downloadedFiles/"]. @12-01-2022 19:40:47.0342 PM
[ReportManager] Attempting to run locally on: [Mac-64], [Safari], Headless Execution. @12-01-2022 19:40:47.0343 PM
[ReportManager] Successfully Opened Safari. @12-01-2022 19:40:48.0277 PM
[ReportManager] Initial window size: (800, 600) @12-01-2022 19:40:48.0315 PM
[ReportManager] Window size after SWD Maximize: (1176, 803) @12-01-2022 19:40:48.0340 PM
[ReportManager] Browser Action [MaximizeWindow] successfully performed. With the following test data [New screen size is now: (1176, 803)]. @12-01-2022 19:40:48.0340 P

################################################################################################################################################
Starting Execution:	[144 out of 161] test cases in the current suite
Test Method:		[testPackage01.Test_chainableElementActions.chainElementActions]
################################################################################################################################################
[ReportManager] Target URL: [https://www.google.com/ncr], and after redirection: [https://www.google.com] @12-01-2022 19:40:48.0468 PM
[ReportManager] Initial URL: [] @12-01-2022 19:40:48.0502 PM
[ReportManager] Browser Action [NavigateToURL] successfully performed. With the following test data [https://www.google.com/ncr]. @12-01-2022 19:40:50.0259 PM
[ReportManager] Element Action [Type] successfully performed. With the following test data [chained type 1]. @12-01-2022 19:40:50.0540 PM
[ReportManager] Element Action [Type] successfully performed. With the following test data [chained type 2]. @12-01-2022 19:40:50.0910 PM
[ReportManager] Element Action [TypeAppend] successfully performed. With the following test data [345]. @12-01-2022 19:40:50.0960 PM
[ReportManager] Element Action [GetText] successfully performed. With the following test data [chained type 2345]. @12-01-2022 19:40:51.0020 PM
[ReportManager] Assertion Passed: Then I Assert that the element found by [By.name: q] text is equal to [chained type 2345]. @12-01-2022 19:40:51.0367 PM
[ReportManager] Successfully created attachment [Screenshot - 1642016451153_chainElementActions_ValidateElementAttribute_passed] @12-01-2022 19:40:51.0450 PM
[ReportManager] Assertion [ValidateElementAttribute] PASSED. Expected [Value Should be 'chained type 2345' for the 'text' attribute, element locator 'By.name: q'] and Actual [chained type 2345]. Comparison Type [EQUALS]. Validation Type [POSITIVE]. @12-01-2022 19:40:51.0450 P
[ReportManager] Successfully Closed All Drivers. @12-01-2022 19:40:51.0822 P
[ReportManager] File Action [GetAbsolutePath] successfully performed. With the following test data [Relative Folder Path: "target/downloadedFiles/"]. @12-01-2022 19:40:51.0947 PM
[ReportManager] Attempting to run locally on: [Mac-64], [Safari], Headless Execution. @12-01-2022 19:40:51.0947 PM
[ReportManager] Successfully Opened Safari. @12-01-2022 19:40:52.0802 PM
[ReportManager] Initial window size: (800, 600) @12-01-2022 19:40:52.0813 PM
[ReportManager] Window size after SWD Maximize: (1176, 803) @12-01-2022 19:40:52.0842 PM
[ReportManager] Browser Action [MaximizeWindow] successfully performed. With the following test data [New screen size is now: (1176, 803)]. @12-01-2022 19:40:52.0842 P

################################################################################################################################################
Starting Execution:	[145 out of 161] test cases in the current suite
Test Method:		[testPackage01.Test_RelativeLocators.relativeLocatorsTest1]
################################################################################################################################################
[ReportManager] Target URL: [https://duckduckgo.com/] @12-01-2022 19:40:53.0011 PM
[ReportManager] Initial URL: [] @12-01-2022 19:40:53.0040 PM
[ReportManager] Browser Action [NavigateToURL] successfully performed. With the following test data [https://duckduckgo.com/]. @12-01-2022 19:40:53.0701 PM
[ReportManager] Element Action [Type] successfully performed. With the following test data [SHAFT_Engine]. @12-01-2022 19:40:53.0992 PM
[ReportManager] Element Action [KeyPress] successfully performed. With the following test data [ENTER]. @12-01-2022 19:40:54.0050 PM
[ReportManager] Element Action [GetText] successfully performed. With the following test data [GitHub - MohabMohie/SHAFT_ENGINE: SHAFT_ENGINE is a Test ...]. @12-01-2022 19:40:55.0371 PM
[ReportManager] Assertion Passed: Then I Assert that the element found by [Relative Locator: {root={xpath=//a[@class='result__a js-result-title-link']}, filters=[{kind=below, args=[{xpath=//input[@name='q']}]}]}] text does not equal []. @12-01-2022 19:40:55.0943 PM
[ReportManager] Successfully created attachment [Screenshot - 1642016455619_relativeLocatorsTest1_ValidateElementAttribute_passed] @12-01-2022 19:40:56.0066 PM
[ReportManager] Assertion [ValidateElementAttribute] PASSED. Expected [Value Should not be '' for the 'text' attribute, element locator '[unknown locator]'] and Actual [GitHub - MohabMohie/SHAFT_ENGINE: SHAFT_ENGINE is a Test ...]. Comparison Type [EQUALS]. Validation Type [NEGATIVE]. @12-01-2022 19:40:56.0066 P
[ReportManager] Browser Action [CloseCurrentWindow] successfully performed. @12-01-2022 19:40:56.0618 PM
[ReportManager] Successfully created attachment [Browser Action Test Data - CloseCurrentWindow - Actual Value] @12-01-2022 19:40:56.0719 P

################################################################################################################################################
Starting Execution:	[146 out of 161] test cases in the current suite
Test Method:		[testPackage01.Test_JsonCompareWithSpecialCharacters.specialCharacters]
################################################################################################################################################
[ReportManager] File Action [GetAbsolutePath] successfully performed. With the following test data [Relative Folder Path: "src/test/resources/testDataFiles/specialCharacters.json"]. @12-01-2022 19:40:56.0970 PM
[ReportManager] File Action [ReadFromFile] successfully performed. With the following test data [File Path: "/Users/runner/work/SHAFT_ENGINE/SHAFT_ENGINE/src/test/resources/testDataFiles/specialCharacters.json"]. @12-01-2022 19:40:56.0971 PM
[ReportManager] Successfully created attachment [File Action Actual Result - Command Log] @12-01-2022 19:40:57.0090 PM
[ReportManager] Comparing the provided API response with the file at this path "src/test/resources/testDataFiles/specialCharacters.json", comparison type "EQUALS" @12-01-2022 19:40:57.0093 PM
[ReportManager] API Action [CompareJSON] successfully performed. With the following test data [src/test/resources/testDataFiles/specialCharacters.json]. @12-01-2022 19:40:57.0105 PM
[ReportManager] File Action [GetAbsolutePath] successfully performed. With the following test data [Relative Folder Path: "src/test/resources/testDataFiles/specialCharacters.json"]. @12-01-2022 19:40:57.0105 PM
[ReportManager] File Action [ReadFromFile] successfully performed. With the following test data [File Path: "/Users/runner/work/SHAFT_ENGINE/SHAFT_ENGINE/src/test/resources/testDataFiles/specialCharacters.json"]. @12-01-2022 19:40:57.0105 PM
[ReportManager] Verification [ValidateJSONFileContent] PASSED. Expected [Response data should match the JSON File in this path 'src/test/resources/testDataFiles/specialCharacters.json'] and Actual [TRUE]. Comparison Type [EQUALS]. Validation Type [POSITIVE]. @12-01-2022 19:40:57.0113 PM
[ReportManager] Successfully created attachment [Validation Test Data - Expected JSON Value] @12-01-2022 19:40:57.0212 PM
[ReportManager] Successfully created attachment [Validation Test Data - Actual JSON Value] @12-01-2022 19:40:57.0452 P

################################################################################################################################################
Starting Execution:	[147 out of 161] test cases in the current suite
Test Method:		[testPackage01.Test_JsonCompareWithSpecialCharacters.specialCharacters_assertion]
################################################################################################################################################
[ReportManager] File Action [GetAbsolutePath] successfully performed. With the following test data [Relative Folder Path: "src/test/resources/testDataFiles/specialCharacters.json"]. @12-01-2022 19:40:57.0697 PM
[ReportManager] File Action [ReadFromFile] successfully performed. With the following test data [File Path: "/Users/runner/work/SHAFT_ENGINE/SHAFT_ENGINE/src/test/resources/testDataFiles/specialCharacters.json"]. @12-01-2022 19:40:57.0698 PM
[ReportManager] Successfully created attachment [File Action Actual Result - Command Log] @12-01-2022 19:40:57.0819 PM
[ReportManager] Comparing the provided API response with the file at this path "src/test/resources/testDataFiles/specialCharacters.json", comparison type "CONTAINS" @12-01-2022 19:40:57.0819 PM
[ReportManager] API Action [CompareJSON] successfully performed. With the following test data [src/test/resources/testDataFiles/specialCharacters.json]. @12-01-2022 19:40:57.0832 PM
[ReportManager] File Action [GetAbsolutePath] successfully performed. With the following test data [Relative Folder Path: "src/test/resources/testDataFiles/specialCharacters.json"]. @12-01-2022 19:40:57.0832 PM
[ReportManager] File Action [ReadFromFile] successfully performed. With the following test data [File Path: "/Users/runner/work/SHAFT_ENGINE/SHAFT_ENGINE/src/test/resources/testDataFiles/specialCharacters.json"]. @12-01-2022 19:40:57.0838 PM
[ReportManager] Assertion Passed: trying out the log message @12-01-2022 19:40:57.0843 PM
[ReportManager] Successfully created attachment [Validation Test Data - Expected JSON Value] @12-01-2022 19:40:57.0956 PM
[ReportManager] Successfully created attachment [Validation Test Data - Actual JSON Value] @12-01-2022 19:40:58.0077 PM
[ReportManager] Assertion [ValidateJSONFileContent] PASSED. Expected [Response data should match the JSON File in this path 'src/test/resources/testDataFiles/specialCharacters.json'] and Actual [TRUE]. Comparison Type [CONTAINS]. Validation Type [POSITIVE]. @12-01-2022 19:40:58.0077 P

################################################################################################################################################
Starting Execution:	[148 out of 161] test cases in the current suite
Test Method:		[testPackage01.Test_SkipDueToIssue.doNotSkip]
################################################################################################################################################
[ReportManager] This should not be skipped. @12-01-2022 19:40:58.0323 P

################################################################################################################################################
Starting Execution:	[149 out of 161] test cases in the current suite
Test Method:		[testPackage01.Test_SkipDueToIssue.skip]
################################################################################################################################################
[ReportManager] This should be skipped. @12-01-2022 19:40:58.0568 P

################################################################################################################################################
Starting Execution:	[150 out of 161] test cases in the current suite
Test Method:		[testPackage01.Test_SkipDueToIssue.skip2]
################################################################################################################################################
[ReportManager] This should be skipped. @12-01-2022 19:40:58.0812 P

################################################################################################################################################
Starting Execution:	[151 out of 161] test cases in the current suite
Test Method:		[testPackage01.Test_JSONFileManager.readStringFromJson]
################################################################################################################################################
[ReportManager] File Action [GetAbsolutePath] successfully performed. With the following test data [Relative Folder Path: "src/test/resources/testDataFiles/simpleJSON.json"]. @12-01-2022 19:40:59.0055 PM
[ReportManager] Successfully loaded the following test data file [src/test/resources/testDataFiles/simpleJSON.json]. @12-01-2022 19:40:59.0056 PM
[ReportManager] Successfully created attachment [Test Data - JSON] @12-01-2022 19:40:59.0174 PM
[ReportManager] File Action [GetAbsolutePath] successfully performed. With the following test data [Relative Folder Path: "src/test/resources/testDataFiles/simpleJSON.json"]. @12-01-2022 19:40:59.0175 PM
[ReportManager] Assertion [ValidateEquals] PASSED. Expected [Mohab Mohie] and Actual [Mohab Mohie]. Comparison Type [EQUALS]. Validation Type [POSITIVE]. @12-01-2022 19:40:59.0197 P
[ReportManager] File Action [GetAbsolutePath] successfully performed. With the following test data [Relative Folder Path: "target/downloadedFiles/"]. @12-01-2022 19:40:59.0420 PM
[ReportManager] Attempting to run locally on: [Mac-64], [Safari], Headless Execution. @12-01-2022 19:40:59.0420 PM
[ReportManager] Successfully Opened Safari. @12-01-2022 19:41:00.0361 PM
[ReportManager] Initial window size: (800, 600) @12-01-2022 19:41:00.0397 PM
[ReportManager] Window size after SWD Maximize: (1176, 803) @12-01-2022 19:41:00.0411 PM
[ReportManager] Browser Action [MaximizeWindow] successfully performed. With the following test data [New screen size is now: (1176, 803)]. @12-01-2022 19:41:00.0411 P

################################################################################################################################################
Starting Execution:	[152 out of 161] test cases in the current suite
Test Method:		[testPackage01.Test_assertEquals.test_assertElementAttribute]
################################################################################################################################################
[ReportManager] Target URL: [https://www.google.com/ncr], and after redirection: [https://www.google.com] @12-01-2022 19:41:00.0510 PM
[ReportManager] Initial URL: [] @12-01-2022 19:41:00.0542 PM
[ReportManager] Browser Action [NavigateToURL] successfully performed. With the following test data [https://www.google.com/ncr]. @12-01-2022 19:41:02.0813 PM
[ReportManager] Element Action [Type] successfully performed. With the following test data [INC_004010050:Another SCHEDULER with the same name [Duplicate Job Name] already exists.]. @12-01-2022 19:41:03.0615 PM
[ReportManager] Element Action [GetText] successfully performed. With the following test data [INC_004010050:Another SCHEDULER with the same name [Duplicate Job Name] already exists.]. @12-01-2022 19:41:03.0675 PM
[ReportManager] Assertion [ValidateElementAttribute] PASSED. Expected [Value Should be 'INC_004010050:Another SCHEDULER with the same name \[Duplicate Job Name\] already exists.' for the 'text' attribute, element locator 'By.name: q'] and Actual [INC_004010050:Another SCHEDULER with the same name [Duplicate Job Name] already exists.]. Comparison Type [MATCHES]. Validation Type [POSITIVE]. @12-01-2022 19:41:03.0995 PM
[ReportManager] Successfully created attachment [Screenshot - 1642016463808_test_assertElementAttribute_ValidateElementAttribute_passed] @12-01-2022 19:41:04.0079 P
[ReportManager] Browser Action [CloseCurrentWindow] successfully performed. @12-01-2022 19:41:04.0546 PM
[ReportManager] Successfully created attachment [Browser Action Test Data - CloseCurrentWindow - Actual Value] @12-01-2022 19:41:04.0587 P
[ReportManager] File Action [GetAbsolutePath] successfully performed. With the following test data [Relative Folder Path: "target/downloadedFiles/"]. @12-01-2022 19:41:04.0670 PM
[ReportManager] Attempting to run locally on: [Mac-64], [Safari], Headless Execution. @12-01-2022 19:41:04.0671 PM
[ReportManager] Successfully Opened Safari. @12-01-2022 19:41:05.0515 PM
[ReportManager] Initial window size: (800, 600) @12-01-2022 19:41:05.0543 PM
[ReportManager] Window size after SWD Maximize: (1176, 803) @12-01-2022 19:41:05.0577 PM
[ReportManager] Browser Action [MaximizeWindow] successfully performed. With the following test data [New screen size is now: (1176, 803)]. @12-01-2022 19:41:05.0579 P

################################################################################################################################################
Starting Execution:	[153 out of 161] test cases in the current suite
Test Method:		[testPackage01.Test_IsElementClickable.testIsElementClickable]
################################################################################################################################################
[ReportManager] Target URL: [https://the-internet.herokuapp.com/] @12-01-2022 19:41:05.0878 PM
[ReportManager] Initial URL: [] @12-01-2022 19:41:05.0909 PM
[ReportManager] Browser Action [NavigateToURL] successfully performed. With the following test data [https://the-internet.herokuapp.com/]. @12-01-2022 19:41:07.0194 PM
[ReportManager] Element Action [IsElementClickable] successfully performed. @12-01-2022 19:41:07.0277 PM
[ReportManager] Assertion [ValidateTrue] PASSED. Expected [TRUE] and Actual [TRUE]. Validation Type [POSITIVE]. @12-01-2022 19:41:07.0277 P
[ReportManager] Browser Action [CloseCurrentWindow] successfully performed. @12-01-2022 19:41:07.0669 PM
[ReportManager] Successfully created attachment [Browser Action Test Data - CloseCurrentWindow - Actual Value] @12-01-2022 19:41:07.0710 P
[ReportManager] Successfully loaded the following test data file [src/test/resources/testDataFiles/testSuite01/TestData.xlsx]. @12-01-2022 19:41:07.0934 PM
[ReportManager] Successfully created attachment [Test Data - Excel] @12-01-2022 19:41:08.0056 PM
[ReportManager] Attempting to run using Playwright locally on: [Mac-64], [Safari], Headless Execution. @12-01-2022 19:42:57.0531 PM
[ReportManager] File Action [GetAbsolutePath] successfully performed. With the following test data [Relative Folder Path: "target/downloadedFiles/"]. @12-01-2022 19:42:57.0532 PM
[ReportManager] Initial window size: (1280, 720) @12-01-2022 19:43:04.0463 PM
[ReportManager] Window size after Toolkit: com.microsoft.playwright.options.ViewportSize@af2670 @12-01-2022 19:43:04.0473 PM
[ReportManager] Browser Action [MaximizeWindow] successfully performed. With the following test data [New screen size is now: (1920, 1080)]. @12-01-2022 19:43:04.0474 P

################################################################################################################################################
Starting Execution:	[154 out of 161] test cases in the current suite
Test Method:		[testPackage01.Test_google_playwright.navigateToURLandVerifyGoogleLogoIsDisplayed]
Test Description:	[TC001 - Navigate to URL and Verify Google Logo is Displayed]
################################################################################################################################################
[ReportManager] Target URL: [https://www.google.com/ncr], and after redirection: [https://www.google.com] @12-01-2022 19:43:04.0478 PM
[ReportManager] Initial URL: [about:blank] @12-01-2022 19:43:05.0043 PM
[ReportManager] Browser Action [NavigateToURL] successfully performed. With the following test data [https://www.google.com/ncr]. @12-01-2022 19:43:08.0183 PM
[ReportManager] Assertion [ValidateElementExists] PASSED. Expected [Element Should Exist, locator 'xpath=//*[@id='hplogo' or @alt='Google']'] and Actual [Element Exists]. Comparison Type [EQUALS]. Validation Type [POSITIVE]. @12-01-2022 19:43:08.0459 PM
[ReportManager] Successfully created attachment [Screenshot - 1642016588346_navigateToURLandVerifyGoogleLogoIsDisplayed_ValidateElementExists_passed] @12-01-2022 19:43:08.0460 P

################################################################################################################################################
Starting Execution:	[155 out of 161] test cases in the current suite
Test Method:		[testPackage01.Test_google_playwright.searchForQueryandAssertResultsNumDisplayed]
Test Description:	[TC002 - Search for Query and Assert that the number of results is displayed]
################################################################################################################################################
[ReportManager] Element Action [Type] successfully performed. With the following test data [SHAFT_Engine]. @12-01-2022 19:43:08.0621 PM
[ReportManager] Element Action [KeyPress] successfully performed. With the following test data [Enter]. @12-01-2022 19:43:08.0651 PM
[ReportManager] Element Action [GetText] successfully performed. With the following test data [About 760,000 results (0.74 seconds)Â 
]. @12-01-2022 19:43:09.0722 PM
[ReportManager] Assertion [ValidateElementAttribute] PASSED. Expected [Value Should not be '' for the 'text' attribute, element locator 'xpath=//div[@id='appbar']'] and Actual [About 760,000 results (0.74 seconds)Â 
]. Comparison Type [EQUALS]. Validation Type [NEGATIVE]. @12-01-2022 19:43:12.0649 PM
[ReportManager] Successfully created attachment [Screenshot - 1642016592516_searchForQueryandAssertResultsNumDisplayed_ValidateElementAttribute_passed] @12-01-2022 19:43:12.0651 P

################################################################################################################################################
Starting Execution:	[156 out of 161] test cases in the current suite
Test Method:		[testPackage01.Test_google_playwright.clickNextThrice]
Test Description:	[TC003 - Clicks the next button to make sure that the framework can scroll element into view before clicking it]
################################################################################################################################################
[ReportManager] Element Action [Click] successfully performed. With the following test data [Next]. @12-01-2022 19:43:13.0072 P
[ReportManager] Failed to find video recording. @12-01-2022 19:43:13.0075 PM
[ReportManager] Successfully Closed PlayWright Driver. @12-01-2022 19:43:13.0115 P
[ReportManager] File Action [GetAbsolutePath] successfully performed. With the following test data [Relative Folder Path: "target/downloadedFiles/"]. @12-01-2022 19:43:13.0117 PM
[ReportManager] Attempting to run locally on: [Mac-64], [Safari], Headless Execution. @12-01-2022 19:43:13.0117 PM
[ReportManager] Successfully Opened Safari. @12-01-2022 19:43:13.0940 PM
[ReportManager] Initial window size: (800, 600) @12-01-2022 19:43:14.0075 PM
[ReportManager] Window size after SWD Maximize: (1176, 803) @12-01-2022 19:43:14.0119 PM
[ReportManager] Browser Action [MaximizeWindow] successfully performed. With the following test data [New screen size is now: (1176, 803)]. @12-01-2022 19:43:14.0120 P

################################################################################################################################################
Starting Execution:	[157 out of 161] test cases in the current suite
Test Method:		[testPackage01.Test_verifyEquals.test_assertElementAttribute]
################################################################################################################################################
[ReportManager] Target URL: [https://www.google.com/ncr], and after redirection: [https://www.google.com] @12-01-2022 19:43:14.0122 PM
[ReportManager] Initial URL: [] @12-01-2022 19:43:14.0180 PM
[ReportManager] Browser Action [NavigateToURL] successfully performed. With the following test data [https://www.google.com/ncr]. @12-01-2022 19:43:17.0097 PM
[ReportManager] Element Action [Type] successfully performed. With the following test data [INC_004010050:Another SCHEDULER with the same name [Duplicate Job Name] already exists.]. @12-01-2022 19:43:17.0943 PM
[ReportManager] Element Action [GetText] successfully performed. With the following test data [INC_004010050:Another SCHEDULER with the same name [Duplicate Job Name] already exists.]. @12-01-2022 19:43:18.0087 PM
[ReportManager] Verification [ValidateElementAttribute] PASSED. Expected [Value Should be 'INC_004010050:Another SCHEDULER with the same name \[Duplicate Job Name\] already exists.' for the 'text' attribute, element locator 'By.name: q'] and Actual [INC_004010050:Another SCHEDULER with the same name [Duplicate Job Name] already exists.]. Comparison Type [MATCHES]. Validation Type [POSITIVE]. @12-01-2022 19:43:18.0332 PM
[ReportManager] Successfully created attachment [Screenshot - 1642016598256_test_assertElementAttribute_ValidateElementAttribute_passed] @12-01-2022 19:43:18.0334 P
[ReportManager] Browser Action [CloseCurrentWindow] successfully performed. @12-01-2022 19:43:18.0658 PM
[ReportManager] Successfully created attachment [Browser Action Test Data - CloseCurrentWindow - Actual Value] @12-01-2022 19:43:18.0659 P

################################################################################################################################################
Starting Execution:	[158 out of 161] test cases in the current suite
Test Method:		[testPackage01.Test_SelectedValue.multipleSelect]
################################################################################################################################################
[ReportManager] File Action [GetAbsolutePath] successfully performed. With the following test data [Relative Folder Path: "target/downloadedFiles/"]. @12-01-2022 19:43:18.0665 PM
[ReportManager] Attempting to run locally on: [Mac-64], [GoogleChrome], Headless Execution. @12-01-2022 19:43:18.0667 PM
[ReportManager] Identifying OS/Driver combination and selecting the correct driver version automatically. Please note that if a new driver executable will be downloaded it may take some time... @12-01-2022 19:43:18.0667 PM
[ReportManager] Successfully Opened Google Chrome. @12-01-2022 19:43:24.0515 PM
[ReportManager] Initial window size: (1920, 1080) @12-01-2022 19:43:24.0519 PM
[ReportManager] Window size after SWD Maximize: (1920, 1080) @12-01-2022 19:43:24.0720 PM
[ReportManager] Window size after Toolkit: (1920, 1080) @12-01-2022 19:43:25.0248 PM
[ReportManager] Browser Action [MaximizeWindow] successfully performed. With the following test data [New screen size is now: (1920, 1080)]. @12-01-2022 19:43:25.0252 PM
[ReportManager] Target URL: [https://yari-demos.prod.mdn.mozit.cloud/en-US/docs/Web/HTML/Element/select/_sample_.Advanced_select_with_multiple_features.html] @12-01-2022 19:43:25.0252 PM
[ReportManager] Initial URL: [data:,] @12-01-2022 19:43:25.0286 PM
[ReportManager] Browser Action [NavigateToURL] successfully performed. With the following test data [https://yari-demos.prod.mdn.mozit.cloud/en-US/docs/Web/HTML/Element/select/_sample_.Advanced_select_with_multiple_features.html]. @12-01-2022 19:43:26.0140 PM
[ReportManager] Element Action [Select] successfully performed. With the following test data [Dog]. @12-01-2022 19:43:26.0381 PM
[ReportManager] Element Action [Select] successfully performed. With the following test data [Cat]. @12-01-2022 19:43:26.0557 PM
[ReportManager] Element Action [GetSelectedText] successfully performed. With the following test data [DogCat]. @12-01-2022 19:43:26.0672 PM
[ReportManager] DogCat @12-01-2022 19:43:26.0672 PM
[ReportManager] Element Action [GetSelectedText] successfully performed. With the following test data [DogCat]. @12-01-2022 19:43:26.0768 PM
[ReportManager] Assertion [ValidateElementAttribute] PASSED. Expected [Value Should be 'DogCat' for the 'selectedText' attribute, element locator 'By.tagName: select'] and Actual [DogCat]. Comparison Type [EQUALS]. Validation Type [POSITIVE]. @12-01-2022 19:43:27.0246 PM
[ReportManager] Successfully created attachment [Screenshot - 1642016607133_multipleSelect_ValidateElementAttribute_passed] @12-01-2022 19:43:27.0247 PM
[ReportManager] Browser Action [CloseCurrentWindow] successfully performed. @12-01-2022 19:43:27.0491 PM
[ReportManager] Successfully created attachment [Browser Action Test Data - CloseCurrentWindow - Actual Value] @12-01-2022 19:43:27.0492 P

################################################################################################################################################
Starting Execution:	[159 out of 161] test cases in the current suite
Test Method:		[testPackage01.Test_SelectedValue.simpleSelect]
################################################################################################################################################
[ReportManager] File Action [GetAbsolutePath] successfully performed. With the following test data [Relative Folder Path: "target/downloadedFiles/"]. @12-01-2022 19:43:27.0500 PM
[ReportManager] Attempting to run locally on: [Mac-64], [GoogleChrome], Headless Execution. @12-01-2022 19:43:27.0500 PM
[ReportManager] Identifying OS/Driver combination and selecting the correct driver version automatically. Please note that if a new driver executable will be downloaded it may take some time... @12-01-2022 19:43:27.0500 PM
[ReportManager] Successfully Opened Google Chrome. @12-01-2022 19:43:28.0110 PM
[ReportManager] Initial window size: (1920, 1080) @12-01-2022 19:43:28.0119 PM
[ReportManager] Window size after SWD Maximize: (1920, 1080) @12-01-2022 19:43:28.0230 PM
[ReportManager] Window size after Toolkit: (1920, 1080) @12-01-2022 19:43:28.0742 PM
[ReportManager] Browser Action [MaximizeWindow] successfully performed. With the following test data [New screen size is now: (1920, 1080)]. @12-01-2022 19:43:28.0745 PM
[ReportManager] Target URL: [https://yari-demos.prod.mdn.mozit.cloud/en-US/docs/Web/HTML/Element/select/_sample_.Basic_select.html] @12-01-2022 19:43:28.0745 PM
[ReportManager] Initial URL: [data:,] @12-01-2022 19:43:28.0791 PM
[ReportManager] Browser Action [NavigateToURL] successfully performed. With the following test data [https://yari-demos.prod.mdn.mozit.cloud/en-US/docs/Web/HTML/Element/select/_sample_.Basic_select.html]. @12-01-2022 19:43:29.0413 PM
[ReportManager] Element Action [Select] successfully performed. With the following test data [Third Value]. @12-01-2022 19:43:29.0749 PM
[ReportManager] Element Action [GetSelectedText] successfully performed. With the following test data [Third Value]. @12-01-2022 19:43:29.0825 PM
[ReportManager] Third Value @12-01-2022 19:43:29.0825 PM
[ReportManager] Element Action [GetSelectedText] successfully performed. With the following test data [Third Value]. @12-01-2022 19:43:29.0896 PM
[ReportManager] Assertion [ValidateElementAttribute] PASSED. Expected [Value Should be 'Third Value' for the 'selectedText' attribute, element locator 'By.tagName: select'] and Actual [Third Value]. Comparison Type [EQUALS]. Validation Type [POSITIVE]. @12-01-2022 19:43:30.0468 PM
[ReportManager] Successfully created attachment [Screenshot - 1642016610361_simpleSelect_ValidateElementAttribute_passed] @12-01-2022 19:43:30.0469 PM
[ReportManager] Browser Action [CloseCurrentWindow] successfully performed. @12-01-2022 19:43:30.0716 PM
[ReportManager] Successfully created attachment [Browser Action Test Data - CloseCurrentWindow - Actual Value] @12-01-2022 19:43:30.0716 P
[ReportManager] File Action [GetAbsolutePath] successfully performed. With the following test data [Relative Folder Path: "target/downloadedFiles/"]. @12-01-2022 19:43:30.0719 PM
[ReportManager] Attempting to run locally on: [Mac-64], [Safari], Headless Execution. @12-01-2022 19:43:30.0719 PM
[ReportManager] An Exception Occured with this Message: Could not start a new session. Possible causes are invalid address of the remote server or browser start-up failure.. @12-01-2022 19:43:31.0137 PM
[ReportManager] Successfully created attachment [Exception Stack Trace - org.openqa.selenium.SessionNotCreatedException] @12-01-2022 19:43:31.0138 PM
[ReportManager] Driver Factory Action [createNewLocalDriverInstanceForSafari] failed. With the following test data [Failed to create a session on DESKTOP_SAFARI]. @12-01-2022 19:43:31.0138 P

################################################################################################################################################
Starting Execution:	[160 out of 161] test cases in the current suite
Test Method:		[testPackage01.Test_dynamicLoading.dynamicLoading_elementIsHidden]
###############################################################################################################################################



################################################################################################################################################
Starting Execution:	[161 out of 161] test cases in the current suite
Test Method:		[testPackage01.Test_dynamicLoading.dynamicLoading_elementIsRendered]
###############################################################################################################################################

[ReportManager] Successfully created attachment [SHAFT Engine Logs - Execution log] @12-01-2022 19:43:31.0181 PM

################################################################################################################################################
This test run was powered by SHAFT Engine Version: [SHAFT Engine v5.5.20220112]
SHAFT Engine is licensed under the MIT License: [https://github.com/MohabMohie/SHAFT_ENGINE/blob/master/LICENSE].
################################################################################################################################################