################################################################################################################################################
Detected SHAFT Engine Version: [SHAFT Engine v5.3.20210902]
################################################################################################################################################

################################################################################################################################################
Starting Execution:	[1 out of 143] test cases in the current suite
Test Method:		[unitTests.tests_restActions.getPostsAndAssertBodyForSpecificTitle]
################################################################################################################################################
[ReportManager] Response status code: [200], status line: [HTTP/1.1 200 OK] @16-09-2021 01:56:37.0666 AM
[ReportManager] Assertion Passed: Evaluating the actual response status code against the expected one... @16-09-2021 01:56:37.0681 AM
[ReportManager] Assertion [ValidateEquals] PASSED. Expected [200] and Actual [200]. Comparison Type [EQUALS]. Validation Type [POSITIVE]. @16-09-2021 01:56:37.0689 AM
[ReportManager] API Action [PerformRequest] successfully performed. With the following test data [Request Type: "GET" | Target Status Code: "200" | Service URL: "https://jsonplaceholder.typicode.com/posts" | Content Type: "*/*" | Response Time: "995ms"]. @16-09-2021 01:56:38.0952 AM
[ReportManager] Successfully created attachment [API Request - Specifications] @16-09-2021 01:56:38.0963 AM
[ReportManager] Successfully created attachment [API Response - JSON Body] @16-09-2021 01:56:39.0305 AM
[ReportManager] API Action [GetResponseJSONValueAsList] successfully performed. @16-09-2021 01:56:39.0323 AM
[ReportManager] API Action [GetResponseJSONValue] successfully performed. With the following test data [title]. @16-09-2021 01:56:39.0357 AM
[ReportManager] API Action [GetResponseJSONValue] successfully performed. With the following test data [title]. @16-09-2021 01:56:39.0379 AM
[ReportManager] API Action [GetResponseJSONValue] successfully performed. With the following test data [body]. @16-09-2021 01:56:39.0410 AM
[ReportManager] Assertion [ValidateEquals] PASSED. Expected [qui neque nisi nulla] and Actual [est rerum tempore vitae
sequi sint nihil reprehenderit dolor beatae ea dolores neque
fugiat blanditiis voluptate porro vel nihil molestiae ut reiciendis
qui aperiam non debitis possimus qui neque nisi nulla]. Comparison Type [CONTAINS]. Validation Type [POSITIVE]. @16-09-2021 01:56:39.0413 AM
[ReportManager] API Action [GetResponseJSONValue] successfully performed. With the following test data [title]. @16-09-2021 01:56:39.0429 AM
[ReportManager] API Action [GetResponseJSONValue] successfully performed. With the following test data [title]. @16-09-2021 01:56:39.0445 AM
[ReportManager] API Action [GetResponseJSONValue] successfully performed. With the following test data [title]. @16-09-2021 01:56:39.0464 AM
[ReportManager] API Action [GetResponseJSONValue] successfully performed. With the following test data [title]. @16-09-2021 01:56:39.0481 AM
[ReportManager] API Action [GetResponseJSONValue] successfully performed. With the following test data [title]. @16-09-2021 01:56:39.0497 AM
[ReportManager] API Action [GetResponseJSONValue] successfully performed. With the following test data [title]. @16-09-2021 01:56:39.0516 AM
[ReportManager] API Action [GetResponseJSONValue] successfully performed. With the following test data [title]. @16-09-2021 01:56:39.0532 AM
[ReportManager] API Action [GetResponseJSONValue] successfully performed. With the following test data [title]. @16-09-2021 01:56:39.0549 AM
[ReportManager] API Action [GetResponseJSONValue] successfully performed. With the following test data [title]. @16-09-2021 01:56:39.0568 AM
[ReportManager] API Action [GetResponseJSONValue] successfully performed. With the following test data [title]. @16-09-2021 01:56:39.0583 AM
[ReportManager] API Action [GetResponseJSONValue] successfully performed. With the following test data [title]. @16-09-2021 01:56:39.0611 AM
[ReportManager] API Action [GetResponseJSONValue] successfully performed. With the following test data [title]. @16-09-2021 01:56:39.0638 AM
[ReportManager] API Action [GetResponseJSONValue] successfully performed. With the following test data [title]. @16-09-2021 01:56:39.0653 AM
[ReportManager] API Action [GetResponseJSONValue] successfully performed. With the following test data [title]. @16-09-2021 01:56:39.0669 AM
[ReportManager] API Action [GetResponseJSONValue] successfully performed. With the following test data [title]. @16-09-2021 01:56:39.0690 AM
[ReportManager] API Action [GetResponseJSONValue] successfully performed. With the following test data [title]. @16-09-2021 01:56:39.0706 AM
[ReportManager] API Action [GetResponseJSONValue] successfully performed. With the following test data [title]. @16-09-2021 01:56:39.0720 AM
[ReportManager] API Action [GetResponseJSONValue] successfully performed. With the following test data [title]. @16-09-2021 01:56:39.0735 AM
[ReportManager] API Action [GetResponseJSONValue] successfully performed. With the following test data [title]. @16-09-2021 01:56:39.0748 AM
[ReportManager] API Action [GetResponseJSONValue] successfully performed. With the following test data [title]. @16-09-2021 01:56:39.0762 AM
[ReportManager] API Action [GetResponseJSONValue] successfully performed. With the following test data [title]. @16-09-2021 01:56:39.0779 AM
[ReportManager] API Action [GetResponseJSONValue] successfully performed. With the following test data [title]. @16-09-2021 01:56:39.0796 AM
[ReportManager] API Action [GetResponseJSONValue] successfully performed. With the following test data [title]. @16-09-2021 01:56:39.0808 AM
[ReportManager] API Action [GetResponseJSONValue] successfully performed. With the following test data [title]. @16-09-2021 01:56:39.0823 AM
[ReportManager] API Action [GetResponseJSONValue] successfully performed. With the following test data [title]. @16-09-2021 01:56:39.0838 AM
[ReportManager] API Action [GetResponseJSONValue] successfully performed. With the following test data [title]. @16-09-2021 01:56:39.0851 AM
[ReportManager] API Action [GetResponseJSONValue] successfully performed. With the following test data [title]. @16-09-2021 01:56:39.0868 AM
[ReportManager] API Action [GetResponseJSONValue] successfully performed. With the following test data [title]. @16-09-2021 01:56:39.0891 AM
[ReportManager] API Action [GetResponseJSONValue] successfully performed. With the following test data [title]. @16-09-2021 01:56:39.0903 AM
[ReportManager] API Action [GetResponseJSONValue] successfully performed. With the following test data [title]. @16-09-2021 01:56:39.0912 AM
[ReportManager] API Action [GetResponseJSONValue] successfully performed. With the following test data [title]. @16-09-2021 01:56:39.0926 AM
[ReportManager] API Action [GetResponseJSONValue] successfully performed. With the following test data [title]. @16-09-2021 01:56:39.0938 AM
[ReportManager] API Action [GetResponseJSONValue] successfully performed. With the following test data [title]. @16-09-2021 01:56:39.0957 AM
[ReportManager] API Action [GetResponseJSONValue] successfully performed. With the following test data [title]. @16-09-2021 01:56:39.0968 AM
[ReportManager] API Action [GetResponseJSONValue] successfully performed. With the following test data [title]. @16-09-2021 01:56:39.0983 AM
[ReportManager] API Action [GetResponseJSONValue] successfully performed. With the following test data [title]. @16-09-2021 01:56:39.0994 AM
[ReportManager] API Action [GetResponseJSONValue] successfully performed. With the following test data [title]. @16-09-2021 01:56:40.0006 AM
[ReportManager] API Action [GetResponseJSONValue] successfully performed. With the following test data [title]. @16-09-2021 01:56:40.0018 AM
[ReportManager] API Action [GetResponseJSONValue] successfully performed. With the following test data [title]. @16-09-2021 01:56:40.0040 AM
[ReportManager] API Action [GetResponseJSONValue] successfully performed. With the following test data [title]. @16-09-2021 01:56:40.0050 AM
[ReportManager] API Action [GetResponseJSONValue] successfully performed. With the following test data [title]. @16-09-2021 01:56:40.0059 AM
[ReportManager] API Action [GetResponseJSONValue] successfully performed. With the following test data [title]. @16-09-2021 01:56:40.0068 AM
[ReportManager] API Action [GetResponseJSONValue] successfully performed. With the following test data [title]. @16-09-2021 01:56:40.0077 AM
[ReportManager] API Action [GetResponseJSONValue] successfully performed. With the following test data [title]. @16-09-2021 01:56:40.0086 AM
[ReportManager] API Action [GetResponseJSONValue] successfully performed. With the following test data [title]. @16-09-2021 01:56:40.0095 AM
[ReportManager] API Action [GetResponseJSONValue] successfully performed. With the following test data [title]. @16-09-2021 01:56:40.0105 AM
[ReportManager] API Action [GetResponseJSONValue] successfully performed. With the following test data [title]. @16-09-2021 01:56:40.0115 AM
[ReportManager] API Action [GetResponseJSONValue] successfully performed. With the following test data [title]. @16-09-2021 01:56:40.0124 AM
[ReportManager] API Action [GetResponseJSONValue] successfully performed. With the following test data [title]. @16-09-2021 01:56:40.0133 AM
[ReportManager] API Action [GetResponseJSONValue] successfully performed. With the following test data [title]. @16-09-2021 01:56:40.0142 AM
[ReportManager] API Action [GetResponseJSONValue] successfully performed. With the following test data [title]. @16-09-2021 01:56:40.0151 AM
[ReportManager] API Action [GetResponseJSONValue] successfully performed. With the following test data [title]. @16-09-2021 01:56:40.0161 AM
[ReportManager] API Action [GetResponseJSONValue] successfully performed. With the following test data [title]. @16-09-2021 01:56:40.0170 AM
[ReportManager] API Action [GetResponseJSONValue] successfully performed. With the following test data [title]. @16-09-2021 01:56:40.0178 AM
[ReportManager] API Action [GetResponseJSONValue] successfully performed. With the following test data [title]. @16-09-2021 01:56:40.0214 AM
[ReportManager] API Action [GetResponseJSONValue] successfully performed. With the following test data [title]. @16-09-2021 01:56:40.0226 AM
[ReportManager] API Action [GetResponseJSONValue] successfully performed. With the following test data [title]. @16-09-2021 01:56:40.0237 AM
[ReportManager] API Action [GetResponseJSONValue] successfully performed. With the following test data [title]. @16-09-2021 01:56:40.0246 AM
[ReportManager] API Action [GetResponseJSONValue] successfully performed. With the following test data [title]. @16-09-2021 01:56:40.0255 AM
[ReportManager] API Action [GetResponseJSONValue] successfully performed. With the following test data [title]. @16-09-2021 01:56:40.0281 AM
[ReportManager] API Action [GetResponseJSONValue] successfully performed. With the following test data [title]. @16-09-2021 01:56:40.0303 AM
[ReportManager] API Action [GetResponseJSONValue] successfully performed. With the following test data [title]. @16-09-2021 01:56:40.0312 AM
[ReportManager] API Action [GetResponseJSONValue] successfully performed. With the following test data [title]. @16-09-2021 01:56:40.0320 AM
[ReportManager] API Action [GetResponseJSONValue] successfully performed. With the following test data [title]. @16-09-2021 01:56:40.0329 AM
[ReportManager] API Action [GetResponseJSONValue] successfully performed. With the following test data [title]. @16-09-2021 01:56:40.0338 AM
[ReportManager] API Action [GetResponseJSONValue] successfully performed. With the following test data [title]. @16-09-2021 01:56:40.0346 AM
[ReportManager] API Action [GetResponseJSONValue] successfully performed. With the following test data [title]. @16-09-2021 01:56:40.0355 AM
[ReportManager] API Action [GetResponseJSONValue] successfully performed. With the following test data [title]. @16-09-2021 01:56:40.0363 AM
[ReportManager] API Action [GetResponseJSONValue] successfully performed. With the following test data [title]. @16-09-2021 01:56:40.0372 AM
[ReportManager] API Action [GetResponseJSONValue] successfully performed. With the following test data [title]. @16-09-2021 01:56:40.0380 AM
[ReportManager] API Action [GetResponseJSONValue] successfully performed. With the following test data [title]. @16-09-2021 01:56:40.0389 AM
[ReportManager] API Action [GetResponseJSONValue] successfully performed. With the following test data [title]. @16-09-2021 01:56:40.0398 AM
[ReportManager] API Action [GetResponseJSONValue] successfully performed. With the following test data [title]. @16-09-2021 01:56:40.0406 AM
[ReportManager] API Action [GetResponseJSONValue] successfully performed. With the following test data [title]. @16-09-2021 01:56:40.0437 AM
[ReportManager] API Action [GetResponseJSONValue] successfully performed. With the following test data [title]. @16-09-2021 01:56:40.0450 AM
[ReportManager] API Action [GetResponseJSONValue] successfully performed. With the following test data [title]. @16-09-2021 01:56:40.0466 AM
[ReportManager] API Action [GetResponseJSONValue] successfully performed. With the following test data [title]. @16-09-2021 01:56:40.0481 AM
[ReportManager] API Action [GetResponseJSONValue] successfully performed. With the following test data [title]. @16-09-2021 01:56:40.0491 AM
[ReportManager] API Action [GetResponseJSONValue] successfully performed. With the following test data [title]. @16-09-2021 01:56:40.0499 AM
[ReportManager] API Action [GetResponseJSONValue] successfully performed. With the following test data [title]. @16-09-2021 01:56:40.0508 AM
[ReportManager] API Action [GetResponseJSONValue] successfully performed. With the following test data [title]. @16-09-2021 01:56:40.0517 AM
[ReportManager] API Action [GetResponseJSONValue] successfully performed. With the following test data [title]. @16-09-2021 01:56:40.0526 AM
[ReportManager] API Action [GetResponseJSONValue] successfully performed. With the following test data [title]. @16-09-2021 01:56:40.0540 AM
[ReportManager] API Action [GetResponseJSONValue] successfully performed. With the following test data [title]. @16-09-2021 01:56:40.0558 AM
[ReportManager] API Action [GetResponseJSONValue] successfully performed. With the following test data [title]. @16-09-2021 01:56:40.0572 AM
[ReportManager] API Action [GetResponseJSONValue] successfully performed. With the following test data [title]. @16-09-2021 01:56:40.0582 AM
[ReportManager] API Action [GetResponseJSONValue] successfully performed. With the following test data [title]. @16-09-2021 01:56:40.0591 AM
[ReportManager] API Action [GetResponseJSONValue] successfully performed. With the following test data [title]. @16-09-2021 01:56:40.0602 AM
[ReportManager] API Action [GetResponseJSONValue] successfully performed. With the following test data [title]. @16-09-2021 01:56:40.0614 AM
[ReportManager] API Action [GetResponseJSONValue] successfully performed. With the following test data [title]. @16-09-2021 01:56:40.0625 AM
[ReportManager] API Action [GetResponseJSONValue] successfully performed. With the following test data [title]. @16-09-2021 01:56:40.0639 AM
[ReportManager] API Action [GetResponseJSONValue] successfully performed. With the following test data [title]. @16-09-2021 01:56:40.0673 AM
[ReportManager] API Action [GetResponseJSONValue] successfully performed. With the following test data [title]. @16-09-2021 01:56:40.0688 AM
[ReportManager] API Action [GetResponseJSONValue] successfully performed. With the following test data [title]. @16-09-2021 01:56:40.0702 AM
[ReportManager] API Action [GetResponseJSONValue] successfully performed. With the following test data [title]. @16-09-2021 01:56:40.0713 AM
[ReportManager] API Action [GetResponseJSONValue] successfully performed. With the following test data [title]. @16-09-2021 01:56:40.0725 AM
[ReportManager] API Action [GetResponseJSONValue] successfully performed. With the following test data [title]. @16-09-2021 01:56:40.0735 AM
[ReportManager] API Action [GetResponseJSONValue] successfully performed. With the following test data [title]. @16-09-2021 01:56:40.0744 A

################################################################################################################################################
Starting Execution:	[2 out of 143] test cases in the current suite
Test Method:		[unitTests.tests_restActions.validateUserEmail]
################################################################################################################################################
[ReportManager] Response status code: [200], status line: [HTTP/1.1 200 OK] @16-09-2021 01:56:40.0980 AM
[ReportManager] Assertion Passed: Evaluating the actual response status code against the expected one... @16-09-2021 01:56:40.0980 AM
[ReportManager] Assertion [ValidateEquals] PASSED. Expected [200] and Actual [200]. Comparison Type [EQUALS]. Validation Type [POSITIVE]. @16-09-2021 01:56:40.0981 AM
[ReportManager] API Action [PerformRequest] successfully performed. With the following test data [Request Type: "GET" | Target Status Code: "200" | Service URL: "https://jsonplaceholder.typicode.com/users" | Content Type: "*/*" | Response Time: "72ms"]. @16-09-2021 01:56:41.0015 AM
[ReportManager] Successfully created attachment [API Request - Specifications] @16-09-2021 01:56:41.0016 AM
[ReportManager] Successfully created attachment [API Response - JSON Body] @16-09-2021 01:56:41.0017 AM
[ReportManager] Assertion [ValidateEquals] PASSED. Expected and Actual values are attached. Comparison Type [CONTAINS]. Validation Type [POSITIVE]. @16-09-2021 01:56:41.0017 AM
[ReportManager] Successfully created attachment [Validation Test Data - Expected Value] @16-09-2021 01:56:41.0017 AM
[ReportManager] Successfully created attachment [Validation Test Data - Actual Value] @16-09-2021 01:56:41.0018 AM
[ReportManager] API Action [GetResponseJSONValueAsList] successfully performed. With the following test data [$]. @16-09-2021 01:56:41.0025 AM
[ReportManager] API Action [GetResponseJSONValue] successfully performed. With the following test data [name]. @16-09-2021 01:56:41.0038 AM
[ReportManager] API Action [GetResponseJSONValue] successfully performed. With the following test data [email]. @16-09-2021 01:56:41.0052 AM
[ReportManager] Assertion [ValidateEquals] PASSED. Expected [Sincere@april.biz] and Actual [Sincere@april.biz]. Comparison Type [EQUALS]. Validation Type [POSITIVE]. @16-09-2021 01:56:41.0053 AM
[ReportManager] API Action [GetResponseJSONValue] successfully performed. With the following test data [name]. @16-09-2021 01:56:41.0065 AM
[ReportManager] API Action [GetResponseJSONValue] successfully performed. With the following test data [name]. @16-09-2021 01:56:41.0075 AM
[ReportManager] API Action [GetResponseJSONValue] successfully performed. With the following test data [name]. @16-09-2021 01:56:41.0091 AM
[ReportManager] API Action [GetResponseJSONValue] successfully performed. With the following test data [name]. @16-09-2021 01:56:41.0101 AM
[ReportManager] API Action [GetResponseJSONValue] successfully performed. With the following test data [name]. @16-09-2021 01:56:41.0112 AM
[ReportManager] API Action [GetResponseJSONValue] successfully performed. With the following test data [name]. @16-09-2021 01:56:41.0121 AM
[ReportManager] API Action [GetResponseJSONValue] successfully performed. With the following test data [name]. @16-09-2021 01:56:41.0130 AM
[ReportManager] API Action [GetResponseJSONValue] successfully performed. With the following test data [name]. @16-09-2021 01:56:41.0141 AM
[ReportManager] API Action [GetResponseJSONValue] successfully performed. With the following test data [name]. @16-09-2021 01:56:41.0151 A

################################################################################################################################################
Starting Execution:	[3 out of 143] test cases in the current suite
Test Method:		[unitTests.tests_validations_assertions.assertComparativeRelation_greaterThanOrEquals_false_equals_expectedToFail]
################################################################################################################################################
[ReportManager] Assertion [ValidateComparativeRelation] FAILED. Expected [1] and Actual [1]. Comparison Type [GREATER_THAN_OR_EQUALS]. Validation Type [NEGATIVE]. @16-09-2021 01:56:41.0186 A

################################################################################################################################################
Starting Execution:	[4 out of 143] test cases in the current suite
Test Method:		[unitTests.tests_validations_assertions.assertComparativeRelation_greaterThanOrEquals_false_equals_expectedToPass]
################################################################################################################################################
[ReportManager] Assertion [ValidateComparativeRelation] PASSED. Expected [2] and Actual [1]. Comparison Type [GREATER_THAN_OR_EQUALS]. Validation Type [NEGATIVE]. @16-09-2021 01:56:41.0196 A

################################################################################################################################################
Starting Execution:	[5 out of 143] test cases in the current suite
Test Method:		[unitTests.tests_validations_assertions.assertComparativeRelation_greaterThanOrEquals_false_greaterThan_expectedToFail]
################################################################################################################################################
[ReportManager] Assertion [ValidateComparativeRelation] FAILED. Expected [1] and Actual [2]. Comparison Type [GREATER_THAN_OR_EQUALS]. Validation Type [NEGATIVE]. @16-09-2021 01:56:41.0204 A

################################################################################################################################################
Starting Execution:	[6 out of 143] test cases in the current suite
Test Method:		[unitTests.tests_validations_assertions.assertComparativeRelation_greaterThanOrEquals_false_greaterThan_expectedToPass]
################################################################################################################################################
[ReportManager] Assertion [ValidateComparativeRelation] PASSED. Expected [2] and Actual [1]. Comparison Type [GREATER_THAN_OR_EQUALS]. Validation Type [NEGATIVE]. @16-09-2021 01:56:41.0211 A

################################################################################################################################################
Starting Execution:	[7 out of 143] test cases in the current suite
Test Method:		[unitTests.tests_validations_assertions.assertComparativeRelation_greaterThanOrEquals_true_equals_expectedToFail]
################################################################################################################################################
[ReportManager] Assertion [ValidateComparativeRelation] FAILED. Expected [1] and Actual [0]. Comparison Type [GREATER_THAN_OR_EQUALS]. Validation Type [POSITIVE]. @16-09-2021 01:56:41.0223 A

################################################################################################################################################
Starting Execution:	[8 out of 143] test cases in the current suite
Test Method:		[unitTests.tests_validations_assertions.assertComparativeRelation_greaterThanOrEquals_true_equals_expectedToPass]
################################################################################################################################################
[ReportManager] Assertion [ValidateComparativeRelation] PASSED. Expected [1] and Actual [1]. Comparison Type [GREATER_THAN_OR_EQUALS]. Validation Type [POSITIVE]. @16-09-2021 01:56:41.0237 A

################################################################################################################################################
Starting Execution:	[9 out of 143] test cases in the current suite
Test Method:		[unitTests.tests_validations_assertions.assertComparativeRelation_greaterThanOrEquals_true_greaterThan_expectedToFail]
################################################################################################################################################
[ReportManager] Assertion [ValidateComparativeRelation] FAILED. Expected [2] and Actual [1]. Comparison Type [GREATER_THAN_OR_EQUALS]. Validation Type [POSITIVE]. @16-09-2021 01:56:41.0252 A

################################################################################################################################################
Starting Execution:	[10 out of 143] test cases in the current suite
Test Method:		[unitTests.tests_validations_assertions.assertComparativeRelation_greaterThanOrEquals_true_greaterThan_expectedToPass]
################################################################################################################################################
[ReportManager] Assertion [ValidateComparativeRelation] PASSED. Expected [1] and Actual [2]. Comparison Type [GREATER_THAN_OR_EQUALS]. Validation Type [POSITIVE]. @16-09-2021 01:56:41.0258 A
[ReportManager] File Action [GetAbsolutePath] successfully performed. With the following test data [Relative Folder Path: "target/downloadedFiles/"]. @16-09-2021 01:56:41.0281 AM
[ReportManager] Attempting to run remotely on: [Linux-64], [GoogleChrome], [http://localhost:4444/wd/hub], Headless Execution. @16-09-2021 01:56:41.0312 AM
[ReportManager] Successfully Opened [GoogleChrome]. @16-09-2021 01:56:42.0603 AM
[ReportManager] Target URL: [https://www.google.com/ncr], and after redirection: [www.google.com] @16-09-2021 01:56:42.0650 AM
[ReportManager] Initial URL: [data:,] @16-09-2021 01:56:42.0789 AM
[ReportManager] Browser Action [NavigateToURL] successfully performed. With the following test data [https://www.google.com/ncr]. @16-09-2021 01:56:44.0204 A

################################################################################################################################################
Starting Execution:	[11 out of 143] test cases in the current suite
Test Method:		[unitTests.tests_validations_assertions.assertElementAttribute_false_caseInsensitiveComparison_expectedToFail]
################################################################################################################################################
[ReportManager] Element Action [Type] successfully performed. With the following test data [AUTOMATION]. @16-09-2021 01:56:44.0764 AM
[ReportManager] Element Action [GetText] successfully performed. With the following test data [AUTOMATION]. @16-09-2021 01:56:44.0952 AM
[ReportManager] Loaded Shared OpenCV @16-09-2021 01:56:45.0748 AM
[ReportManager] Assertion [ValidateElementAttribute] FAILED. Expected [Value Should not be 'AutomaTion' for the 'text' attribute, element locator 'By.name: q'] and Actual [AUTOMATION]. Comparison Type [CASE_INSENSITIVE]. Validation Type [NEGATIVE]. @16-09-2021 01:56:46.0056 AM
[ReportManager] Successfully created attachment [Screenshot - 1631757405194_assertElementAttribute_false_caseInsensitiveComparison_expectedToFail_ValidateElementAttribute_failed] @16-09-2021 01:56:46.0071 A
[ReportManager] Browser Action [CloseCurrentWindow] successfully performed. @16-09-2021 01:56:46.0248 AM
[ReportManager] Successfully created attachment [Browser Action Test Data - CloseCurrentWindow - Actual Value] @16-09-2021 01:56:46.0255 A
[ReportManager] File Action [GetAbsolutePath] successfully performed. With the following test data [Relative Folder Path: "target/downloadedFiles/"]. @16-09-2021 01:56:46.0275 AM
[ReportManager] Attempting to run remotely on: [Linux-64], [GoogleChrome], [http://localhost:4444/wd/hub], Headless Execution. @16-09-2021 01:56:46.0275 AM
[ReportManager] Successfully Opened [GoogleChrome]. @16-09-2021 01:56:46.0574 AM
[ReportManager] Target URL: [https://www.google.com/ncr], and after redirection: [www.google.com] @16-09-2021 01:56:46.0594 AM
[ReportManager] Initial URL: [data:,] @16-09-2021 01:56:46.0700 AM
[ReportManager] Browser Action [NavigateToURL] successfully performed. With the following test data [https://www.google.com/ncr]. @16-09-2021 01:56:47.0686 A

################################################################################################################################################
Starting Execution:	[12 out of 143] test cases in the current suite
Test Method:		[unitTests.tests_validations_assertions.assertElementAttribute_false_caseInsensitiveComparison_expectedToPass]
################################################################################################################################################
[ReportManager] Element Action [Type] successfully performed. With the following test data [AUTOMATION]. @16-09-2021 01:56:48.0160 AM
[ReportManager] Element Action [GetText] successfully performed. With the following test data [AUTOMATION]. @16-09-2021 01:56:48.0324 AM
[ReportManager] Loaded Shared OpenCV @16-09-2021 01:56:48.0543 AM
[ReportManager] Assertion [ValidateElementAttribute] PASSED. Expected [Value Should not be 'AutomaTion123' for the 'text' attribute, element locator 'By.name: q'] and Actual [AUTOMATION]. Comparison Type [CASE_INSENSITIVE]. Validation Type [NEGATIVE]. @16-09-2021 01:56:48.0707 AM
[ReportManager] Successfully created attachment [Screenshot - 1631757408543_assertElementAttribute_false_caseInsensitiveComparison_expectedToPass_ValidateElementAttribute_passed] @16-09-2021 01:56:48.0709 A
[ReportManager] Browser Action [CloseCurrentWindow] successfully performed. @16-09-2021 01:56:48.0854 AM
[ReportManager] Successfully created attachment [Browser Action Test Data - CloseCurrentWindow - Actual Value] @16-09-2021 01:56:48.0856 A
[ReportManager] File Action [GetAbsolutePath] successfully performed. With the following test data [Relative Folder Path: "target/downloadedFiles/"]. @16-09-2021 01:56:48.0862 AM
[ReportManager] Attempting to run remotely on: [Linux-64], [GoogleChrome], [http://localhost:4444/wd/hub], Headless Execution. @16-09-2021 01:56:48.0862 AM
[ReportManager] Successfully Opened [GoogleChrome]. @16-09-2021 01:56:49.0112 AM
[ReportManager] Target URL: [https://www.google.com/ncr], and after redirection: [www.google.com] @16-09-2021 01:56:49.0135 AM
[ReportManager] Initial URL: [data:,] @16-09-2021 01:56:49.0218 AM
[ReportManager] Browser Action [NavigateToURL] successfully performed. With the following test data [https://www.google.com/ncr]. @16-09-2021 01:56:50.0096 A

################################################################################################################################################
Starting Execution:	[13 out of 143] test cases in the current suite
Test Method:		[unitTests.tests_validations_assertions.assertElementAttribute_false_containsComparison_expectedToFail]
################################################################################################################################################
[ReportManager] Element Action [Type] successfully performed. With the following test data [Automation123]. @16-09-2021 01:56:50.0516 AM
[ReportManager] Element Action [GetText] successfully performed. With the following test data [Automation123]. @16-09-2021 01:56:50.0665 AM
[ReportManager] Loaded Shared OpenCV @16-09-2021 01:56:50.0869 AM
[ReportManager] Assertion [ValidateElementAttribute] FAILED. Expected [Value Should not be 'Automation' for the 'text' attribute, element locator 'By.name: q'] and Actual [Automation123]. Comparison Type [CONTAINS]. Validation Type [NEGATIVE]. @16-09-2021 01:56:50.0967 AM
[ReportManager] Successfully created attachment [Screenshot - 1631757410869_assertElementAttribute_false_containsComparison_expectedToFail_ValidateElementAttribute_failed] @16-09-2021 01:56:50.0969 A
[ReportManager] Browser Action [CloseCurrentWindow] successfully performed. @16-09-2021 01:56:51.0113 AM
[ReportManager] Successfully created attachment [Browser Action Test Data - CloseCurrentWindow - Actual Value] @16-09-2021 01:56:51.0115 A
[ReportManager] File Action [GetAbsolutePath] successfully performed. With the following test data [Relative Folder Path: "target/downloadedFiles/"]. @16-09-2021 01:56:51.0125 AM
[ReportManager] Attempting to run remotely on: [Linux-64], [GoogleChrome], [http://localhost:4444/wd/hub], Headless Execution. @16-09-2021 01:56:51.0126 AM
[ReportManager] Successfully Opened [GoogleChrome]. @16-09-2021 01:56:51.0345 AM
[ReportManager] Target URL: [https://www.google.com/ncr], and after redirection: [www.google.com] @16-09-2021 01:56:51.0362 AM
[ReportManager] Initial URL: [data:,] @16-09-2021 01:56:51.0423 AM
[ReportManager] Browser Action [NavigateToURL] successfully performed. With the following test data [https://www.google.com/ncr]. @16-09-2021 01:56:52.0277 A

################################################################################################################################################
Starting Execution:	[14 out of 143] test cases in the current suite
Test Method:		[unitTests.tests_validations_assertions.assertElementAttribute_false_containsComparison_expectedToPass]
################################################################################################################################################
[ReportManager] Element Action [Type] successfully performed. With the following test data [Automation123]. @16-09-2021 01:56:52.0688 AM
[ReportManager] Element Action [GetText] successfully performed. With the following test data [Automation123]. @16-09-2021 01:56:52.0832 AM
[ReportManager] Loaded Shared OpenCV @16-09-2021 01:56:53.0026 AM
[ReportManager] Assertion [ValidateElementAttribute] PASSED. Expected [Value Should not be 'Automation1234' for the 'text' attribute, element locator 'By.name: q'] and Actual [Automation123]. Comparison Type [CONTAINS]. Validation Type [NEGATIVE]. @16-09-2021 01:56:53.0117 AM
[ReportManager] Successfully created attachment [Screenshot - 1631757413026_assertElementAttribute_false_containsComparison_expectedToPass_ValidateElementAttribute_passed] @16-09-2021 01:56:53.0119 A
[ReportManager] Browser Action [CloseCurrentWindow] successfully performed. @16-09-2021 01:56:53.0274 AM
[ReportManager] Successfully created attachment [Browser Action Test Data - CloseCurrentWindow - Actual Value] @16-09-2021 01:56:53.0275 A
[ReportManager] File Action [GetAbsolutePath] successfully performed. With the following test data [Relative Folder Path: "target/downloadedFiles/"]. @16-09-2021 01:56:53.0278 AM
[ReportManager] Attempting to run remotely on: [Linux-64], [GoogleChrome], [http://localhost:4444/wd/hub], Headless Execution. @16-09-2021 01:56:53.0278 AM
[ReportManager] Successfully Opened [GoogleChrome]. @16-09-2021 01:56:53.0524 AM
[ReportManager] Target URL: [https://www.google.com/ncr], and after redirection: [www.google.com] @16-09-2021 01:56:53.0550 AM
[ReportManager] Initial URL: [data:,] @16-09-2021 01:56:53.0606 AM
[ReportManager] Browser Action [NavigateToURL] successfully performed. With the following test data [https://www.google.com/ncr]. @16-09-2021 01:56:54.0494 A

################################################################################################################################################
Starting Execution:	[15 out of 143] test cases in the current suite
Test Method:		[unitTests.tests_validations_assertions.assertElementAttribute_false_literalComparison_expectedToFail]
################################################################################################################################################
[ReportManager] Element Action [Type] successfully performed. With the following test data [Automation!@#$%^&*()_+{}[]\';/.,]. @16-09-2021 01:56:55.0022 AM
[ReportManager] Element Action [GetText] successfully performed. With the following test data [Automation!@#$%^&*()_+{}[]\';/.,]. @16-09-2021 01:56:55.0165 AM
[ReportManager] Loaded Shared OpenCV @16-09-2021 01:56:55.0358 AM
[ReportManager] Assertion [ValidateElementAttribute] PASSED. Expected [Value Should not be 'Automation!@#$%^&*()_+{}[]\\';/.,' for the 'text' attribute, element locator 'By.name: q'] and Actual [Automation!@#$%^&*()_+{}[]\';/.,]. Comparison Type [EQUALS]. Validation Type [NEGATIVE]. @16-09-2021 01:56:55.0449 AM
[ReportManager] Successfully created attachment [Screenshot - 1631757415358_assertElementAttribute_false_literalComparison_expectedToFail_ValidateElementAttribute_passed] @16-09-2021 01:56:55.0451 A
[ReportManager] Browser Action [CloseCurrentWindow] successfully performed. @16-09-2021 01:56:55.0611 AM
[ReportManager] Successfully created attachment [Browser Action Test Data - CloseCurrentWindow - Actual Value] @16-09-2021 01:56:55.0612 A
[ReportManager] File Action [GetAbsolutePath] successfully performed. With the following test data [Relative Folder Path: "target/downloadedFiles/"]. @16-09-2021 01:56:55.0616 AM
[ReportManager] Attempting to run remotely on: [Linux-64], [GoogleChrome], [http://localhost:4444/wd/hub], Headless Execution. @16-09-2021 01:56:55.0616 AM
[ReportManager] Successfully Opened [GoogleChrome]. @16-09-2021 01:56:55.0875 AM
[ReportManager] Target URL: [https://www.google.com/ncr], and after redirection: [www.google.com] @16-09-2021 01:56:55.0894 AM
[ReportManager] Initial URL: [data:,] @16-09-2021 01:56:55.0951 AM
[ReportManager] Browser Action [NavigateToURL] successfully performed. With the following test data [https://www.google.com/ncr]. @16-09-2021 01:56:56.0874 A

################################################################################################################################################
Starting Execution:	[16 out of 143] test cases in the current suite
Test Method:		[unitTests.tests_validations_assertions.assertElementAttribute_false_literalComparison_expectedToPass]
################################################################################################################################################
[ReportManager] Element Action [Type] successfully performed. With the following test data [Automation!@#$%^&*()_+{}[]\';/.,]. @16-09-2021 01:56:57.0407 AM
[ReportManager] Element Action [GetText] successfully performed. With the following test data [Automation!@#$%^&*()_+{}[]\';/.,]. @16-09-2021 01:56:57.0526 AM
[ReportManager] Loaded Shared OpenCV @16-09-2021 01:56:57.0731 AM
[ReportManager] Assertion [ValidateElementAttribute] PASSED. Expected [Value Should not be 'Automation' for the 'text' attribute, element locator 'By.name: q'] and Actual [Automation!@#$%^&*()_+{}[]\';/.,]. Comparison Type [EQUALS]. Validation Type [NEGATIVE]. @16-09-2021 01:56:57.0822 AM
[ReportManager] Successfully created attachment [Screenshot - 1631757417730_assertElementAttribute_false_literalComparison_expectedToPass_ValidateElementAttribute_passed] @16-09-2021 01:56:57.0823 A
[ReportManager] Browser Action [CloseCurrentWindow] successfully performed. @16-09-2021 01:56:57.0967 AM
[ReportManager] Successfully created attachment [Browser Action Test Data - CloseCurrentWindow - Actual Value] @16-09-2021 01:56:57.0968 A
[ReportManager] File Action [GetAbsolutePath] successfully performed. With the following test data [Relative Folder Path: "target/downloadedFiles/"]. @16-09-2021 01:56:57.0971 AM
[ReportManager] Attempting to run remotely on: [Linux-64], [GoogleChrome], [http://localhost:4444/wd/hub], Headless Execution. @16-09-2021 01:56:57.0971 AM
[ReportManager] Successfully Opened [GoogleChrome]. @16-09-2021 01:56:58.0181 AM
[ReportManager] Target URL: [https://www.google.com/ncr], and after redirection: [www.google.com] @16-09-2021 01:56:58.0206 AM
[ReportManager] Initial URL: [data:,] @16-09-2021 01:56:58.0255 AM
[ReportManager] Browser Action [NavigateToURL] successfully performed. With the following test data [https://www.google.com/ncr]. @16-09-2021 01:56:59.0118 A

################################################################################################################################################
Starting Execution:	[17 out of 143] test cases in the current suite
Test Method:		[unitTests.tests_validations_assertions.assertElementAttribute_false_regexComparison_expectedToFail]
################################################################################################################################################
[ReportManager] Element Action [Type] successfully performed. With the following test data [Automation123]. @16-09-2021 01:56:59.0530 AM
[ReportManager] Element Action [GetText] successfully performed. With the following test data [Automation123]. @16-09-2021 01:56:59.0659 AM
[ReportManager] Loaded Shared OpenCV @16-09-2021 01:56:59.0846 AM
[ReportManager] Assertion [ValidateElementAttribute] FAILED. Expected [Value Should not be 'Automation.*' for the 'text' attribute, element locator 'By.name: q'] and Actual [Automation123]. Comparison Type [MATCHES]. Validation Type [NEGATIVE]. @16-09-2021 01:56:59.0933 AM
[ReportManager] Successfully created attachment [Screenshot - 1631757419846_assertElementAttribute_false_regexComparison_expectedToFail_ValidateElementAttribute_failed] @16-09-2021 01:56:59.0934 A
[ReportManager] Browser Action [CloseCurrentWindow] successfully performed. @16-09-2021 01:57:00.0067 AM
[ReportManager] Successfully created attachment [Browser Action Test Data - CloseCurrentWindow - Actual Value] @16-09-2021 01:57:00.0067 A
[ReportManager] File Action [GetAbsolutePath] successfully performed. With the following test data [Relative Folder Path: "target/downloadedFiles/"]. @16-09-2021 01:57:00.0071 AM
[ReportManager] Attempting to run remotely on: [Linux-64], [GoogleChrome], [http://localhost:4444/wd/hub], Headless Execution. @16-09-2021 01:57:00.0071 AM
[ReportManager] Successfully Opened [GoogleChrome]. @16-09-2021 01:57:00.0288 AM
[ReportManager] Target URL: [https://www.google.com/ncr], and after redirection: [www.google.com] @16-09-2021 01:57:00.0302 AM
[ReportManager] Initial URL: [data:,] @16-09-2021 01:57:00.0369 AM
[ReportManager] Browser Action [NavigateToURL] successfully performed. With the following test data [https://www.google.com/ncr]. @16-09-2021 01:57:01.0232 A

################################################################################################################################################
Starting Execution:	[18 out of 143] test cases in the current suite
Test Method:		[unitTests.tests_validations_assertions.assertElementAttribute_false_regexComparison_expectedToPass]
################################################################################################################################################
[ReportManager] Element Action [Type] successfully performed. With the following test data [Automation123]. @16-09-2021 01:57:01.0626 AM
[ReportManager] Element Action [GetText] successfully performed. With the following test data [Automation123]. @16-09-2021 01:57:01.0748 AM
[ReportManager] Loaded Shared OpenCV @16-09-2021 01:57:01.0933 AM
[ReportManager] Assertion [ValidateElementAttribute] PASSED. Expected [Value Should not be 'Automation' for the 'text' attribute, element locator 'By.name: q'] and Actual [Automation123]. Comparison Type [MATCHES]. Validation Type [NEGATIVE]. @16-09-2021 01:57:02.0019 AM
[ReportManager] Successfully created attachment [Screenshot - 1631757421933_assertElementAttribute_false_regexComparison_expectedToPass_ValidateElementAttribute_passed] @16-09-2021 01:57:02.0020 A
[ReportManager] Browser Action [CloseCurrentWindow] successfully performed. @16-09-2021 01:57:02.0175 AM
[ReportManager] Successfully created attachment [Browser Action Test Data - CloseCurrentWindow - Actual Value] @16-09-2021 01:57:02.0177 A
[ReportManager] File Action [GetAbsolutePath] successfully performed. With the following test data [Relative Folder Path: "target/downloadedFiles/"]. @16-09-2021 01:57:02.0182 AM
[ReportManager] Attempting to run remotely on: [Linux-64], [GoogleChrome], [http://localhost:4444/wd/hub], Headless Execution. @16-09-2021 01:57:02.0182 AM
[ReportManager] Successfully Opened [GoogleChrome]. @16-09-2021 01:57:02.0394 AM
[ReportManager] Target URL: [https://www.google.com/ncr], and after redirection: [www.google.com] @16-09-2021 01:57:02.0412 AM
[ReportManager] Initial URL: [data:,] @16-09-2021 01:57:02.0462 AM
[ReportManager] Browser Action [NavigateToURL] successfully performed. With the following test data [https://www.google.com/ncr]. @16-09-2021 01:57:04.0727 A

################################################################################################################################################
Starting Execution:	[19 out of 143] test cases in the current suite
Test Method:		[unitTests.tests_validations_assertions.assertElementAttribute_true_caseInsensitiveComparison_expectedToFail]
################################################################################################################################################
[ReportManager] Element Action [Type] successfully performed. With the following test data [AUTOMATION]. @16-09-2021 01:57:05.0092 AM
[ReportManager] Element Action [GetText] successfully performed. With the following test data [AUTOMATION]. @16-09-2021 01:57:05.0213 AM
[ReportManager] Loaded Shared OpenCV @16-09-2021 01:57:05.0403 AM
[ReportManager] Assertion [ValidateElementAttribute] FAILED. Expected [Value Should be 'AutomaTion123' for the 'text' attribute, element locator 'By.name: q'] and Actual [AUTOMATION]. Comparison Type [CASE_INSENSITIVE]. Validation Type [POSITIVE]. @16-09-2021 01:57:05.0493 AM
[ReportManager] Successfully created attachment [Screenshot - 1631757425403_assertElementAttribute_true_caseInsensitiveComparison_expectedToFail_ValidateElementAttribute_failed] @16-09-2021 01:57:05.0494 A
[ReportManager] Browser Action [CloseCurrentWindow] successfully performed. @16-09-2021 01:57:05.0641 AM
[ReportManager] Successfully created attachment [Browser Action Test Data - CloseCurrentWindow - Actual Value] @16-09-2021 01:57:05.0642 A
[ReportManager] File Action [GetAbsolutePath] successfully performed. With the following test data [Relative Folder Path: "target/downloadedFiles/"]. @16-09-2021 01:57:05.0646 AM
[ReportManager] Attempting to run remotely on: [Linux-64], [GoogleChrome], [http://localhost:4444/wd/hub], Headless Execution. @16-09-2021 01:57:05.0646 AM
[ReportManager] Successfully Opened [GoogleChrome]. @16-09-2021 01:57:05.0861 AM
[ReportManager] Target URL: [https://www.google.com/ncr], and after redirection: [www.google.com] @16-09-2021 01:57:05.0873 AM
[ReportManager] Initial URL: [data:,] @16-09-2021 01:57:05.0932 AM
[ReportManager] Browser Action [NavigateToURL] successfully performed. With the following test data [https://www.google.com/ncr]. @16-09-2021 01:57:06.0767 A

################################################################################################################################################
Starting Execution:	[20 out of 143] test cases in the current suite
Test Method:		[unitTests.tests_validations_assertions.assertElementAttribute_true_caseInsensitiveComparison_expectedToPass]
################################################################################################################################################
[ReportManager] Element Action [Type] successfully performed. With the following test data [AUTOMATION]. @16-09-2021 01:57:07.0152 AM
[ReportManager] Element Action [GetText] successfully performed. With the following test data [AUTOMATION]. @16-09-2021 01:57:07.0263 AM
[ReportManager] Loaded Shared OpenCV @16-09-2021 01:57:07.0452 AM
[ReportManager] Assertion [ValidateElementAttribute] PASSED. Expected [Value Should be 'AutomaTion' for the 'text' attribute, element locator 'By.name: q'] and Actual [AUTOMATION]. Comparison Type [CASE_INSENSITIVE]. Validation Type [POSITIVE]. @16-09-2021 01:57:07.0552 AM
[ReportManager] Successfully created attachment [Screenshot - 1631757427452_assertElementAttribute_true_caseInsensitiveComparison_expectedToPass_ValidateElementAttribute_passed] @16-09-2021 01:57:07.0553 A
[ReportManager] Browser Action [CloseCurrentWindow] successfully performed. @16-09-2021 01:57:07.0688 AM
[ReportManager] Successfully created attachment [Browser Action Test Data - CloseCurrentWindow - Actual Value] @16-09-2021 01:57:07.0690 A
[ReportManager] File Action [GetAbsolutePath] successfully performed. With the following test data [Relative Folder Path: "target/downloadedFiles/"]. @16-09-2021 01:57:07.0696 AM
[ReportManager] Attempting to run remotely on: [Linux-64], [GoogleChrome], [http://localhost:4444/wd/hub], Headless Execution. @16-09-2021 01:57:07.0697 AM
[ReportManager] Successfully Opened [GoogleChrome]. @16-09-2021 01:57:07.0928 AM
[ReportManager] Target URL: [https://www.google.com/ncr], and after redirection: [www.google.com] @16-09-2021 01:57:07.0943 AM
[ReportManager] Initial URL: [data:,] @16-09-2021 01:57:07.0989 AM
[ReportManager] Browser Action [NavigateToURL] successfully performed. With the following test data [https://www.google.com/ncr]. @16-09-2021 01:57:08.0815 A

################################################################################################################################################
Starting Execution:	[21 out of 143] test cases in the current suite
Test Method:		[unitTests.tests_validations_assertions.assertElementAttribute_true_containsComparison_expectedToFail]
################################################################################################################################################
[ReportManager] Element Action [Type] successfully performed. With the following test data [Automation123]. @16-09-2021 01:57:09.0206 AM
[ReportManager] Element Action [GetText] successfully performed. With the following test data [Automation123]. @16-09-2021 01:57:09.0350 AM
[ReportManager] Loaded Shared OpenCV @16-09-2021 01:57:09.0544 AM
[ReportManager] Assertion [ValidateElementAttribute] FAILED. Expected [Value Should be 'Automation1234' for the 'text' attribute, element locator 'By.name: q'] and Actual [Automation123]. Comparison Type [CONTAINS]. Validation Type [POSITIVE]. @16-09-2021 01:57:09.0631 AM
[ReportManager] Successfully created attachment [Screenshot - 1631757429544_assertElementAttribute_true_containsComparison_expectedToFail_ValidateElementAttribute_failed] @16-09-2021 01:57:09.0633 A
[ReportManager] Browser Action [CloseCurrentWindow] successfully performed. @16-09-2021 01:57:09.0776 AM
[ReportManager] Successfully created attachment [Browser Action Test Data - CloseCurrentWindow - Actual Value] @16-09-2021 01:57:09.0777 A
[ReportManager] File Action [GetAbsolutePath] successfully performed. With the following test data [Relative Folder Path: "target/downloadedFiles/"]. @16-09-2021 01:57:09.0781 AM
[ReportManager] Attempting to run remotely on: [Linux-64], [GoogleChrome], [http://localhost:4444/wd/hub], Headless Execution. @16-09-2021 01:57:09.0781 AM
[ReportManager] Successfully Opened [GoogleChrome]. @16-09-2021 01:57:09.0987 AM
[ReportManager] Target URL: [https://www.google.com/ncr], and after redirection: [www.google.com] @16-09-2021 01:57:09.0999 AM
[ReportManager] Initial URL: [data:,] @16-09-2021 01:57:10.0061 AM
[ReportManager] Browser Action [NavigateToURL] successfully performed. With the following test data [https://www.google.com/ncr]. @16-09-2021 01:57:10.0896 A

################################################################################################################################################
Starting Execution:	[22 out of 143] test cases in the current suite
Test Method:		[unitTests.tests_validations_assertions.assertElementAttribute_true_containsComparison_expectedToPass]
################################################################################################################################################
[ReportManager] Element Action [Type] successfully performed. With the following test data [Automation123]. @16-09-2021 01:57:11.0300 AM
[ReportManager] Element Action [GetText] successfully performed. With the following test data [Automation123]. @16-09-2021 01:57:11.0406 AM
[ReportManager] Loaded Shared OpenCV @16-09-2021 01:57:11.0578 AM
[ReportManager] Assertion [ValidateElementAttribute] PASSED. Expected [Value Should be 'Automation' for the 'text' attribute, element locator 'By.name: q'] and Actual [Automation123]. Comparison Type [CONTAINS]. Validation Type [POSITIVE]. @16-09-2021 01:57:11.0665 AM
[ReportManager] Successfully created attachment [Screenshot - 1631757431578_assertElementAttribute_true_containsComparison_expectedToPass_ValidateElementAttribute_passed] @16-09-2021 01:57:11.0667 A
[ReportManager] Browser Action [CloseCurrentWindow] successfully performed. @16-09-2021 01:57:11.0813 AM
[ReportManager] Successfully created attachment [Browser Action Test Data - CloseCurrentWindow - Actual Value] @16-09-2021 01:57:11.0814 A
[ReportManager] File Action [GetAbsolutePath] successfully performed. With the following test data [Relative Folder Path: "target/downloadedFiles/"]. @16-09-2021 01:57:11.0816 AM
[ReportManager] Attempting to run remotely on: [Linux-64], [GoogleChrome], [http://localhost:4444/wd/hub], Headless Execution. @16-09-2021 01:57:11.0816 AM
[ReportManager] Successfully Opened [GoogleChrome]. @16-09-2021 01:57:12.0093 AM
[ReportManager] Target URL: [https://www.google.com/ncr], and after redirection: [www.google.com] @16-09-2021 01:57:12.0106 AM
[ReportManager] Initial URL: [data:,] @16-09-2021 01:57:12.0161 AM
[ReportManager] Browser Action [NavigateToURL] successfully performed. With the following test data [https://www.google.com/ncr]. @16-09-2021 01:57:13.0588 A

################################################################################################################################################
Starting Execution:	[23 out of 143] test cases in the current suite
Test Method:		[unitTests.tests_validations_assertions.assertElementAttribute_true_literalComparison_expectedToFail]
################################################################################################################################################
[ReportManager] Element Action [Type] successfully performed. With the following test data [Automation!@#$%^&*()_+{}[]\';/.,]. @16-09-2021 01:57:14.0071 AM
[ReportManager] Element Action [GetText] successfully performed. With the following test data [Automation!@#$%^&*()_+{}[]\';/.,]. @16-09-2021 01:57:14.0194 AM
[ReportManager] Loaded Shared OpenCV @16-09-2021 01:57:14.0409 AM
[ReportManager] Assertion [ValidateElementAttribute] FAILED. Expected [Value Should be 'Automation' for the 'text' attribute, element locator 'By.name: q'] and Actual [Automation!@#$%^&*()_+{}[]\';/.,]. Comparison Type [EQUALS]. Validation Type [POSITIVE]. @16-09-2021 01:57:14.0515 AM
[ReportManager] Successfully created attachment [Screenshot - 1631757434409_assertElementAttribute_true_literalComparison_expectedToFail_ValidateElementAttribute_failed] @16-09-2021 01:57:14.0517 A
[ReportManager] Browser Action [CloseCurrentWindow] successfully performed. @16-09-2021 01:57:14.0674 AM
[ReportManager] Successfully created attachment [Browser Action Test Data - CloseCurrentWindow - Actual Value] @16-09-2021 01:57:14.0679 A
[ReportManager] File Action [GetAbsolutePath] successfully performed. With the following test data [Relative Folder Path: "target/downloadedFiles/"]. @16-09-2021 01:57:14.0684 AM
[ReportManager] Attempting to run remotely on: [Linux-64], [GoogleChrome], [http://localhost:4444/wd/hub], Headless Execution. @16-09-2021 01:57:14.0684 AM
[ReportManager] Successfully Opened [GoogleChrome]. @16-09-2021 01:57:14.0958 AM
[ReportManager] Target URL: [https://www.google.com/ncr], and after redirection: [www.google.com] @16-09-2021 01:57:14.0973 AM
[ReportManager] Initial URL: [data:,] @16-09-2021 01:57:15.0023 AM
[ReportManager] Browser Action [NavigateToURL] successfully performed. With the following test data [https://www.google.com/ncr]. @16-09-2021 01:57:15.0845 A

################################################################################################################################################
Starting Execution:	[24 out of 143] test cases in the current suite
Test Method:		[unitTests.tests_validations_assertions.assertElementAttribute_true_literalComparison_expectedToPass]
################################################################################################################################################
[ReportManager] Element Action [Type] successfully performed. With the following test data [Automation!@#$%^&*()_+{}[]\';/.,]. @16-09-2021 01:57:16.0300 AM
[ReportManager] Element Action [GetText] successfully performed. With the following test data [Automation!@#$%^&*()_+{}[]\';/.,]. @16-09-2021 01:57:16.0400 AM
[ReportManager] Loaded Shared OpenCV @16-09-2021 01:57:16.0573 AM
[ReportManager] Assertion [ValidateElementAttribute] PASSED. Expected [Value Should be 'Automation!@#$%^&*()_+{}[]\';/.,' for the 'text' attribute, element locator 'By.name: q'] and Actual [Automation!@#$%^&*()_+{}[]\';/.,]. Comparison Type [EQUALS]. Validation Type [POSITIVE]. @16-09-2021 01:57:16.0663 AM
[ReportManager] Successfully created attachment [Screenshot - 1631757436573_assertElementAttribute_true_literalComparison_expectedToPass_ValidateElementAttribute_passed] @16-09-2021 01:57:16.0664 A
[ReportManager] Browser Action [CloseCurrentWindow] successfully performed. @16-09-2021 01:57:16.0797 AM
[ReportManager] Successfully created attachment [Browser Action Test Data - CloseCurrentWindow - Actual Value] @16-09-2021 01:57:16.0799 A
[ReportManager] File Action [GetAbsolutePath] successfully performed. With the following test data [Relative Folder Path: "target/downloadedFiles/"]. @16-09-2021 01:57:16.0803 AM
[ReportManager] Attempting to run remotely on: [Linux-64], [GoogleChrome], [http://localhost:4444/wd/hub], Headless Execution. @16-09-2021 01:57:16.0803 AM
[ReportManager] Successfully Opened [GoogleChrome]. @16-09-2021 01:57:17.0045 AM
[ReportManager] Target URL: [https://www.google.com/ncr], and after redirection: [www.google.com] @16-09-2021 01:57:17.0057 AM
[ReportManager] Initial URL: [data:,] @16-09-2021 01:57:17.0103 AM
[ReportManager] Browser Action [NavigateToURL] successfully performed. With the following test data [https://www.google.com/ncr]. @16-09-2021 01:57:17.0922 A

################################################################################################################################################
Starting Execution:	[25 out of 143] test cases in the current suite
Test Method:		[unitTests.tests_validations_assertions.assertElementAttribute_true_regexComparison_expectedToFail]
################################################################################################################################################
[ReportManager] Element Action [Type] successfully performed. With the following test data [Automation123]. @16-09-2021 01:57:18.0311 AM
[ReportManager] Element Action [GetText] successfully performed. With the following test data [Automation123]. @16-09-2021 01:57:18.0434 AM
[ReportManager] Loaded Shared OpenCV @16-09-2021 01:57:18.0595 AM
[ReportManager] Assertion [ValidateElementAttribute] FAILED. Expected [Value Should be 'Automation' for the 'text' attribute, element locator 'By.name: q'] and Actual [Automation123]. Comparison Type [MATCHES]. Validation Type [POSITIVE]. @16-09-2021 01:57:18.0680 AM
[ReportManager] Successfully created attachment [Screenshot - 1631757438595_assertElementAttribute_true_regexComparison_expectedToFail_ValidateElementAttribute_failed] @16-09-2021 01:57:18.0682 A
[ReportManager] Browser Action [CloseCurrentWindow] successfully performed. @16-09-2021 01:57:18.0813 AM
[ReportManager] Successfully created attachment [Browser Action Test Data - CloseCurrentWindow - Actual Value] @16-09-2021 01:57:18.0814 A
[ReportManager] File Action [GetAbsolutePath] successfully performed. With the following test data [Relative Folder Path: "target/downloadedFiles/"]. @16-09-2021 01:57:18.0817 AM
[ReportManager] Attempting to run remotely on: [Linux-64], [GoogleChrome], [http://localhost:4444/wd/hub], Headless Execution. @16-09-2021 01:57:18.0818 AM
[ReportManager] Successfully Opened [GoogleChrome]. @16-09-2021 01:57:19.0053 AM
[ReportManager] Target URL: [https://www.google.com/ncr], and after redirection: [www.google.com] @16-09-2021 01:57:19.0071 AM
[ReportManager] Initial URL: [data:,] @16-09-2021 01:57:19.0130 AM
[ReportManager] Browser Action [NavigateToURL] successfully performed. With the following test data [https://www.google.com/ncr]. @16-09-2021 01:57:20.0014 A

################################################################################################################################################
Starting Execution:	[26 out of 143] test cases in the current suite
Test Method:		[unitTests.tests_validations_assertions.assertElementAttribute_true_regexComparison_expectedToPass]
################################################################################################################################################
[ReportManager] Element Action [Type] successfully performed. With the following test data [Automation123]. @16-09-2021 01:57:20.0393 AM
[ReportManager] Element Action [GetText] successfully performed. With the following test data [Automation123]. @16-09-2021 01:57:20.0505 AM
[ReportManager] Loaded Shared OpenCV @16-09-2021 01:57:20.0694 AM
[ReportManager] Assertion [ValidateElementAttribute] PASSED. Expected [Value Should be 'Automation.*' for the 'text' attribute, element locator 'By.name: q'] and Actual [Automation123]. Comparison Type [MATCHES]. Validation Type [POSITIVE]. @16-09-2021 01:57:20.0779 AM
[ReportManager] Successfully created attachment [Screenshot - 1631757440694_assertElementAttribute_true_regexComparison_expectedToPass_ValidateElementAttribute_passed] @16-09-2021 01:57:20.0781 A
[ReportManager] Browser Action [CloseCurrentWindow] successfully performed. @16-09-2021 01:57:20.0907 AM
[ReportManager] Successfully created attachment [Browser Action Test Data - CloseCurrentWindow - Actual Value] @16-09-2021 01:57:20.0908 A
[ReportManager] File Action [GetAbsolutePath] successfully performed. With the following test data [Relative Folder Path: "target/downloadedFiles/"]. @16-09-2021 01:57:20.0910 AM
[ReportManager] Attempting to run remotely on: [Linux-64], [GoogleChrome], [http://localhost:4444/wd/hub], Headless Execution. @16-09-2021 01:57:20.0911 AM
[ReportManager] Successfully Opened [GoogleChrome]. @16-09-2021 01:57:21.0113 AM
[ReportManager] Target URL: [https://www.google.com/ncr], and after redirection: [www.google.com] @16-09-2021 01:57:21.0126 AM
[ReportManager] Initial URL: [data:,] @16-09-2021 01:57:21.0168 AM
[ReportManager] Browser Action [NavigateToURL] successfully performed. With the following test data [https://www.google.com/ncr]. @16-09-2021 01:57:21.0995 A

################################################################################################################################################
Starting Execution:	[27 out of 143] test cases in the current suite
Test Method:		[unitTests.tests_validations_assertions.assertElementAttribute_type_true_literalComparison_expectedToPass]
################################################################################################################################################
[ReportManager] Element Action [Type] successfully performed. With the following test data [Automation!@#$%^&*()_+{}[]\';/.,]. @16-09-2021 01:57:22.0488 AM
[ReportManager] Element Action [GetText] successfully performed. With the following test data [Automation!@#$%^&*()_+{}[]\';/.,]. @16-09-2021 01:57:22.0593 AM
[ReportManager] Loaded Shared OpenCV @16-09-2021 01:57:22.0768 AM
[ReportManager] Assertion [ValidateElementAttribute] PASSED. Expected [Value Should be 'Automation!@#$%^&*()_+{}[]\';/.,' for the 'text' attribute, element locator 'By.name: q'] and Actual [Automation!@#$%^&*()_+{}[]\';/.,]. Comparison Type [EQUALS]. Validation Type [POSITIVE]. @16-09-2021 01:57:22.0865 AM
[ReportManager] Successfully created attachment [Screenshot - 1631757442768_assertElementAttribute_type_true_literalComparison_expectedToPass_ValidateElementAttribute_passed] @16-09-2021 01:57:22.0866 A
[ReportManager] Browser Action [CloseCurrentWindow] successfully performed. @16-09-2021 01:57:23.0013 AM
[ReportManager] Successfully created attachment [Browser Action Test Data - CloseCurrentWindow - Actual Value] @16-09-2021 01:57:23.0014 A
[ReportManager] File Action [GetAbsolutePath] successfully performed. With the following test data [Relative Folder Path: "target/downloadedFiles/"]. @16-09-2021 01:57:23.0017 AM
[ReportManager] Attempting to run remotely on: [Linux-64], [GoogleChrome], [http://localhost:4444/wd/hub], Headless Execution. @16-09-2021 01:57:23.0018 AM
[ReportManager] Successfully Opened [GoogleChrome]. @16-09-2021 01:57:23.0231 AM
[ReportManager] Target URL: [https://www.google.com/ncr], and after redirection: [www.google.com] @16-09-2021 01:57:23.0243 AM
[ReportManager] Initial URL: [data:,] @16-09-2021 01:57:23.0301 AM
[ReportManager] Browser Action [NavigateToURL] successfully performed. With the following test data [https://www.google.com/ncr]. @16-09-2021 01:57:24.0141 A

################################################################################################################################################
Starting Execution:	[28 out of 143] test cases in the current suite
Test Method:		[unitTests.tests_validations_assertions.assertElementExists_false_expectedToFail]
################################################################################################################################################
[ReportManager] Loaded Shared OpenCV @16-09-2021 01:57:24.0390 AM
[ReportManager] Assertion [ValidateElementExists] FAILED. Expected [Element Should not Exist, locator 'By.id: hplogo'] and Actual [Element Exists]. Comparison Type [EQUALS]. Validation Type [NEGATIVE]. @16-09-2021 01:57:24.0475 AM
[ReportManager] Successfully created attachment [Screenshot - 1631757444390_assertElementExists_false_expectedToFail_ValidateElementExists_failed] @16-09-2021 01:57:24.0477 A
[ReportManager] Browser Action [CloseCurrentWindow] successfully performed. @16-09-2021 01:57:24.0608 AM
[ReportManager] Successfully created attachment [Browser Action Test Data - CloseCurrentWindow - Actual Value] @16-09-2021 01:57:24.0608 A
[ReportManager] File Action [GetAbsolutePath] successfully performed. With the following test data [Relative Folder Path: "target/downloadedFiles/"]. @16-09-2021 01:57:24.0611 AM
[ReportManager] Attempting to run remotely on: [Linux-64], [GoogleChrome], [http://localhost:4444/wd/hub], Headless Execution. @16-09-2021 01:57:24.0611 AM
[ReportManager] Successfully Opened [GoogleChrome]. @16-09-2021 01:57:24.0920 AM
[ReportManager] Target URL: [https://www.google.com/ncr], and after redirection: [www.google.com] @16-09-2021 01:57:24.0931 AM
[ReportManager] Initial URL: [data:,] @16-09-2021 01:57:24.0986 AM
[ReportManager] Browser Action [NavigateToURL] successfully performed. With the following test data [https://www.google.com/ncr]. @16-09-2021 01:57:25.0800 A

################################################################################################################################################
Starting Execution:	[29 out of 143] test cases in the current suite
Test Method:		[unitTests.tests_validations_assertions.assertElementExists_false_expectedToPass]
################################################################################################################################################
[ReportManager] Assertion [ValidateElementExists] PASSED. Expected [Element Should not Exist, locator 'By.id: fakeElement'] and Actual [Element Doesn't Exists]. Comparison Type [EQUALS]. Validation Type [NEGATIVE]. @16-09-2021 01:57:36.0245 AM
[ReportManager] Successfully created attachment [Screenshot - 1631757456159_assertElementExists_false_expectedToPass_ValidateElementExists_passed] @16-09-2021 01:57:36.0246 A
[ReportManager] Browser Action [CloseCurrentWindow] successfully performed. @16-09-2021 01:57:36.0374 AM
[ReportManager] Successfully created attachment [Browser Action Test Data - CloseCurrentWindow - Actual Value] @16-09-2021 01:57:36.0375 A
[ReportManager] File Action [GetAbsolutePath] successfully performed. With the following test data [Relative Folder Path: "target/downloadedFiles/"]. @16-09-2021 01:57:36.0378 AM
[ReportManager] Attempting to run remotely on: [Linux-64], [GoogleChrome], [http://localhost:4444/wd/hub], Headless Execution. @16-09-2021 01:57:36.0379 AM
[ReportManager] Successfully Opened [GoogleChrome]. @16-09-2021 01:57:36.0571 AM
[ReportManager] Target URL: [https://www.google.com/ncr], and after redirection: [www.google.com] @16-09-2021 01:57:36.0594 AM
[ReportManager] Initial URL: [data:,] @16-09-2021 01:57:36.0657 AM
[ReportManager] Browser Action [NavigateToURL] successfully performed. With the following test data [https://www.google.com/ncr]. @16-09-2021 01:57:37.0531 A

################################################################################################################################################
Starting Execution:	[30 out of 143] test cases in the current suite
Test Method:		[unitTests.tests_validations_assertions.assertElementExists_false_multipleElementsFound_expectedToFail]
################################################################################################################################################
[ReportManager] Assertion [ValidateElementExists] FAILED. Expected [Element Should not Exist, locator 'By.xpath: //div'] and Actual [Element Exists but is not unique]. Comparison Type [EQUALS]. Validation Type [NEGATIVE]. @16-09-2021 01:57:37.0831 AM
[ReportManager] Successfully created attachment [Screenshot - 1631757457756_assertElementExists_false_multipleElementsFound_expectedToFail_ValidateElementExists_failed] @16-09-2021 01:57:37.0832 A
[ReportManager] Browser Action [CloseCurrentWindow] successfully performed. @16-09-2021 01:57:37.0974 AM
[ReportManager] Successfully created attachment [Browser Action Test Data - CloseCurrentWindow - Actual Value] @16-09-2021 01:57:37.0975 A
[ReportManager] File Action [GetAbsolutePath] successfully performed. With the following test data [Relative Folder Path: "target/downloadedFiles/"]. @16-09-2021 01:57:37.0978 AM
[ReportManager] Attempting to run remotely on: [Linux-64], [GoogleChrome], [http://localhost:4444/wd/hub], Headless Execution. @16-09-2021 01:57:37.0979 AM
[ReportManager] Successfully Opened [GoogleChrome]. @16-09-2021 01:57:38.0171 AM
[ReportManager] Target URL: [https://www.google.com/ncr], and after redirection: [www.google.com] @16-09-2021 01:57:38.0188 AM
[ReportManager] Initial URL: [data:,] @16-09-2021 01:57:38.0231 AM
[ReportManager] Browser Action [NavigateToURL] successfully performed. With the following test data [https://www.google.com/ncr]. @16-09-2021 01:57:39.0070 A

################################################################################################################################################
Starting Execution:	[31 out of 143] test cases in the current suite
Test Method:		[unitTests.tests_validations_assertions.assertElementExists_true_expectedToFail]
################################################################################################################################################
[ReportManager] Assertion [ValidateElementExists] FAILED. Expected [Element Should Exist, locator 'By.id: fakeElement'] and Actual [Element Doesn't Exists]. Comparison Type [EQUALS]. Validation Type [POSITIVE]. @16-09-2021 01:58:09.0836 AM
[ReportManager] Successfully created attachment [Screenshot - 1631757489761_assertElementExists_true_expectedToFail_ValidateElementExists_failed] @16-09-2021 01:58:09.0837 A
[ReportManager] Browser Action [CloseCurrentWindow] successfully performed. @16-09-2021 01:58:09.0965 AM
[ReportManager] Successfully created attachment [Browser Action Test Data - CloseCurrentWindow - Actual Value] @16-09-2021 01:58:09.0967 A
[ReportManager] File Action [GetAbsolutePath] successfully performed. With the following test data [Relative Folder Path: "target/downloadedFiles/"]. @16-09-2021 01:58:09.0969 AM
[ReportManager] Attempting to run remotely on: [Linux-64], [GoogleChrome], [http://localhost:4444/wd/hub], Headless Execution. @16-09-2021 01:58:09.0970 AM
[ReportManager] Successfully Opened [GoogleChrome]. @16-09-2021 01:58:10.0166 AM
[ReportManager] Target URL: [https://www.google.com/ncr], and after redirection: [www.google.com] @16-09-2021 01:58:10.0177 AM
[ReportManager] Initial URL: [data:,] @16-09-2021 01:58:10.0219 AM
[ReportManager] Browser Action [NavigateToURL] successfully performed. With the following test data [https://www.google.com/ncr]. @16-09-2021 01:58:11.0049 A

################################################################################################################################################
Starting Execution:	[32 out of 143] test cases in the current suite
Test Method:		[unitTests.tests_validations_assertions.assertElementExists_true_expectedToPass]
################################################################################################################################################
[ReportManager] Loaded Shared OpenCV @16-09-2021 01:58:11.0272 AM
[ReportManager] Assertion [ValidateElementExists] PASSED. Expected [Element Should Exist, locator 'By.xpath: //*[@id='hplogo' or @alt='Google']'] and Actual [Element Exists]. Comparison Type [EQUALS]. Validation Type [POSITIVE]. @16-09-2021 01:58:11.0362 AM
[ReportManager] Successfully created attachment [Screenshot - 1631757491272_assertElementExists_true_expectedToPass_ValidateElementExists_passed] @16-09-2021 01:58:11.0363 A
[ReportManager] Browser Action [CloseCurrentWindow] successfully performed. @16-09-2021 01:58:11.0488 AM
[ReportManager] Successfully created attachment [Browser Action Test Data - CloseCurrentWindow - Actual Value] @16-09-2021 01:58:11.0497 A
[ReportManager] File Action [GetAbsolutePath] successfully performed. With the following test data [Relative Folder Path: "target/downloadedFiles/"]. @16-09-2021 01:58:11.0499 AM
[ReportManager] Attempting to run remotely on: [Linux-64], [GoogleChrome], [http://localhost:4444/wd/hub], Headless Execution. @16-09-2021 01:58:11.0499 AM
[ReportManager] Successfully Opened [GoogleChrome]. @16-09-2021 01:58:11.0706 AM
[ReportManager] Target URL: [https://www.google.com/ncr], and after redirection: [www.google.com] @16-09-2021 01:58:11.0719 AM
[ReportManager] Initial URL: [data:,] @16-09-2021 01:58:11.0762 AM
[ReportManager] Browser Action [NavigateToURL] successfully performed. With the following test data [https://www.google.com/ncr]. @16-09-2021 01:58:12.0583 A

################################################################################################################################################
Starting Execution:	[33 out of 143] test cases in the current suite
Test Method:		[unitTests.tests_validations_assertions.assertElementExists_true_multipleElementsFound_expectedToFail]
################################################################################################################################################
[ReportManager] Assertion [ValidateElementExists] FAILED. Expected [Element Should Exist, locator 'By.xpath: //div'] and Actual [Element Exists but is not unique]. Comparison Type [EQUALS]. Validation Type [POSITIVE]. @16-09-2021 01:58:12.0877 AM
[ReportManager] Successfully created attachment [Screenshot - 1631757492806_assertElementExists_true_multipleElementsFound_expectedToFail_ValidateElementExists_failed] @16-09-2021 01:58:12.0878 A
[ReportManager] Browser Action [CloseCurrentWindow] successfully performed. @16-09-2021 01:58:13.0008 AM
[ReportManager] Successfully created attachment [Browser Action Test Data - CloseCurrentWindow - Actual Value] @16-09-2021 01:58:13.0010 A

################################################################################################################################################
Starting Execution:	[34 out of 143] test cases in the current suite
Test Method:		[unitTests.tests_validations_assertions.assertEquals_false_expectedToFail]
################################################################################################################################################
[ReportManager] Assertion [ValidateEquals] FAILED. Expected [1] and Actual [1]. Comparison Type [EQUALS]. Validation Type [NEGATIVE]. @16-09-2021 01:58:13.0015 A

################################################################################################################################################
Starting Execution:	[35 out of 143] test cases in the current suite
Test Method:		[unitTests.tests_validations_assertions.assertEquals_false_expectedToPass]
################################################################################################################################################
[ReportManager] Assertion [ValidateEquals] PASSED. Expected [1] and Actual [2]. Comparison Type [EQUALS]. Validation Type [NEGATIVE]. @16-09-2021 01:58:13.0018 A

################################################################################################################################################
Starting Execution:	[36 out of 143] test cases in the current suite
Test Method:		[unitTests.tests_validations_assertions.assertEquals_longCharacters]
################################################################################################################################################
[ReportManager] Verification [ValidateEquals] PASSED. Expected and Actual values are attached. Comparison Type [EQUALS]. Validation Type [POSITIVE]. @16-09-2021 01:58:13.0022 AM
[ReportManager] Successfully created attachment [Validation Test Data - Expected Value] @16-09-2021 01:58:13.0023 AM
[ReportManager] Successfully created attachment [Validation Test Data - Actual Value] @16-09-2021 01:58:13.0023 AM
[ReportManager] Assertion [ValidateEquals] PASSED. Expected and Actual values are attached. Comparison Type [EQUALS]. Validation Type [POSITIVE]. @16-09-2021 01:58:13.0023 AM
[ReportManager] Successfully created attachment [Validation Test Data - Expected Value] @16-09-2021 01:58:13.0023 AM
[ReportManager] Successfully created attachment [Validation Test Data - Actual Value] @16-09-2021 01:58:13.0023 A

################################################################################################################################################
Starting Execution:	[37 out of 143] test cases in the current suite
Test Method:		[unitTests.tests_validations_assertions.assertEquals_longCharacters_Discreet]
################################################################################################################################################
[ReportManager] Assertion [ValidateEquals] PASSED. Expected [1LH5pROcDBjjQk0t0mCr0lXuzQu9lcGj28kY8R1H81X67eVAQJgWQhILiRWVPUgZ6uCtK5cnBkF55Jr9vYngjGO1Iyf0Mktv6lruDlL9T8MAUPcUZJGHZtji6nIeadujDSNmWMj5d6C8zlFqw0CRqBU0hO5adIasHgBSNoLotAjce3NGXoDwAlp3rYreeV16VIyZXROQY] and Actual [1LH5pROcDBjjQk0t0mCr0lXuzQu9lcGj28kY8R1H81X67eVAQJgWQhILiRWVPUgZ6uCtK5cnBkF55Jr9vYngjGO1Iyf0Mktv6lruDlL9T8MAUPcUZJGHZtji6nIeadujDSNmWMj5d6C8zlFqw0CRqBU0hO5adIasHgBSNoLotAjce3NGXoDwAlp3rYreeV16VIyZXROQY]. Comparison Type [EQUALS]. Validation Type [POSITIVE]. @16-09-2021 01:58:13.0026 A

################################################################################################################################################
Starting Execution:	[38 out of 143] test cases in the current suite
Test Method:		[unitTests.tests_validations_assertions.assertEquals_true_expectedToFail]
################################################################################################################################################
[ReportManager] Assertion [ValidateEquals] FAILED. Expected [1] and Actual [2]. Comparison Type [EQUALS]. Validation Type [POSITIVE]. @16-09-2021 01:58:13.0029 A

################################################################################################################################################
Starting Execution:	[39 out of 143] test cases in the current suite
Test Method:		[unitTests.tests_validations_assertions.assertEquals_true_expectedToPass]
Test Description:	[Assert that assertEquals works as expected when the two values are equal.]
################################################################################################################################################
[ReportManager] Verification [ValidateEquals] PASSED. Expected [1] and Actual [1]. Comparison Type [EQUALS]. Validation Type [POSITIVE]. @16-09-2021 01:58:13.0039 AM
[ReportManager] Assertion [ValidateEquals] PASSED. Expected [1] and Actual [1]. Comparison Type [EQUALS]. Validation Type [POSITIVE]. @16-09-2021 01:58:13.0039 A

################################################################################################################################################
Starting Execution:	[40 out of 143] test cases in the current suite
Test Method:		[unitTests.tests_validations_assertions.assertEquals_true_expectedToPass__]
################################################################################################################################################
[ReportManager] Assertion [ValidateEquals] PASSED. Expected [1] and Actual [1]. Comparison Type [EQUALS]. Validation Type [POSITIVE]. @16-09-2021 01:58:13.0043 A

################################################################################################################################################
Starting Execution:	[41 out of 143] test cases in the current suite
Test Method:		[unitTests.tests_validations_assertions.assertFileExists_false_expectedToFail]
################################################################################################################################################
[ReportManager] File Action [DoesFileExist] successfully performed. With the following test data [File Path: "src/main/java/com/shaft/gui/element/ElementActions.java"]. @16-09-2021 01:58:13.0045 AM
[ReportManager] Assertion [ValidateFileExists] FAILED. Expected [File 'src/main/java/com/shaft/gui/element/ElementActions.java' should not exist, after up to '1' retries] and Actual [File exists]. Validation Type [NEGATIVE]. @16-09-2021 01:58:13.0052 A

################################################################################################################################################
Starting Execution:	[42 out of 143] test cases in the current suite
Test Method:		[unitTests.tests_validations_assertions.assertFileExists_false_expectedToPass]
################################################################################################################################################
[ReportManager] File Action [DoesFileExist] successfully performed. With the following test data [File Path: "src/main/java/com/shaft/gui/element/ElementActions.java_fail"]. @16-09-2021 01:58:13.0557 AM
[ReportManager] Assertion [ValidateFileExists] PASSED. Expected [File 'src/main/java/com/shaft/gui/element/ElementActions.java_fail' should not exist, after up to '1' retries] and Actual [File does not exist]. Validation Type [NEGATIVE]. @16-09-2021 01:58:13.0558 A

################################################################################################################################################
Starting Execution:	[43 out of 143] test cases in the current suite
Test Method:		[unitTests.tests_validations_assertions.assertFileExists_true_expectedToFail]
################################################################################################################################################
[ReportManager] File Action [DoesFileExist] successfully performed. With the following test data [File Path: "src/main/java/com/shaft/gui/element/ElementActions.java_fail"]. @16-09-2021 01:58:14.0062 AM
[ReportManager] Assertion [ValidateFileExists] FAILED. Expected [File 'src/main/java/com/shaft/gui/element/ElementActions.java_fail' should exist, after up to '1' retries] and Actual [File does not exist]. Validation Type [POSITIVE]. @16-09-2021 01:58:14.0062 A

################################################################################################################################################
Starting Execution:	[44 out of 143] test cases in the current suite
Test Method:		[unitTests.tests_validations_assertions.assertFileExists_true_expectedToPass]
################################################################################################################################################
[ReportManager] File Action [DoesFileExist] successfully performed. With the following test data [File Path: "src/main/java/com/shaft/gui/element/ElementActions.java"]. @16-09-2021 01:58:14.0068 AM
[ReportManager] Assertion [ValidateFileExists] PASSED. Expected [File 'src/main/java/com/shaft/gui/element/ElementActions.java' should exist, after up to '1' retries] and Actual [File exists]. Validation Type [POSITIVE]. @16-09-2021 01:58:14.0068 A

################################################################################################################################################
Starting Execution:	[45 out of 143] test cases in the current suite
Test Method:		[unitTests.tests_validations_assertions.assertNull_false_expectedToFail]
################################################################################################################################################
[ReportManager] Assertion [ValidateNull] FAILED. Expected [NULL] and Actual [NULL]. Comparison Type [EQUALS]. Validation Type [NEGATIVE]. @16-09-2021 01:58:14.0072 A

################################################################################################################################################
Starting Execution:	[46 out of 143] test cases in the current suite
Test Method:		[unitTests.tests_validations_assertions.assertNull_false_expectedToPass]
################################################################################################################################################
[ReportManager] Assertion [ValidateNull] PASSED. Expected [NULL] and Actual [1]. Comparison Type [EQUALS]. Validation Type [NEGATIVE]. @16-09-2021 01:58:14.0076 A

################################################################################################################################################
Starting Execution:	[47 out of 143] test cases in the current suite
Test Method:		[unitTests.tests_validations_assertions.assertNull_true_expectedToFail]
################################################################################################################################################
[ReportManager] Assertion [ValidateNull] FAILED. Expected [NULL] and Actual [1]. Comparison Type [EQUALS]. Validation Type [POSITIVE]. @16-09-2021 01:58:14.0079 A

################################################################################################################################################
Starting Execution:	[48 out of 143] test cases in the current suite
Test Method:		[unitTests.tests_validations_assertions.assertNull_true_expectedToPass]
################################################################################################################################################
[ReportManager] Assertion [ValidateNull] PASSED. Expected [NULL] and Actual [NULL]. Comparison Type [EQUALS]. Validation Type [POSITIVE]. @16-09-2021 01:58:14.0083 A
[ReportManager] Successfully loaded the following test data file [src/test/resources/TestDataFiles/testSuite01/TestData.xlsx]. @16-09-2021 01:58:14.0854 AM
[ReportManager] Successfully created attachment [Test Data - Excel] @16-09-2021 01:58:14.0855 A

################################################################################################################################################
Starting Execution:	[49 out of 143] test cases in the current suite
Test Method:		[unitTests.tests_io_excelFileManager.getCellData_rowName_expectedToPass]
################################################################################################################################################
[ReportManager] testRowData. @16-09-2021 01:58:14.0867 A
[ReportManager] File Action [GetAbsolutePath] successfully performed. With the following test data [Relative Folder Path: "target/downloadedFiles/"]. @16-09-2021 01:58:14.0870 AM
[ReportManager] Attempting to run remotely on: [Linux-64], [GoogleChrome], [http://localhost:4444/wd/hub], Headless Execution. @16-09-2021 01:58:14.0870 AM
[ReportManager] Successfully Opened [GoogleChrome]. @16-09-2021 01:58:15.0136 AM
[ReportManager] Target URL: [https://duckduckgo.com] @16-09-2021 01:58:15.0159 AM
[ReportManager] Initial URL: [data:,] @16-09-2021 01:58:15.0202 AM
[ReportManager] Browser Action [NavigateToURL] successfully performed. With the following test data [https://duckduckgo.com]. @16-09-2021 01:58:15.0832 A

################################################################################################################################################
Starting Execution:	[50 out of 143] test cases in the current suite
Test Method:		[unitTests.tests_browserActions.fullScreenWindow]
################################################################################################################################################
[ReportManager] Initial Windows Size: 800x600 @16-09-2021 01:58:15.0841 AM
[ReportManager] Initial window size: (800, 600) @16-09-2021 01:58:15.0844 AM
[ReportManager] Window size after Toolkit: (1920, 1080) @16-09-2021 01:58:16.0064 AM
[ReportManager] Browser Action [MaximizeWindow] successfully performed. With the following test data [New screen size is now: (1920, 1080)]. @16-09-2021 01:58:16.0071 AM
[ReportManager] Current Windows Size after fullScreen: 1920x1080 @16-09-2021 01:58:16.0079 AM
[ReportManager] Browser Action [FullScreenWindow] successfully performed. @16-09-2021 01:58:16.0096 AM
[ReportManager] Successfully created attachment [Browser Action Test Data - FullScreenWindow - Actual Value] @16-09-2021 01:58:16.0098 A
[ReportManager] Target URL: [https://duckduckgo.com] @16-09-2021 01:58:16.0103 AM
[ReportManager] Initial URL: [https://duckduckgo.com] @16-09-2021 01:58:16.0162 AM
[ReportManager] Browser Action [NavigateToURL] successfully performed. With the following test data [https://duckduckgo.com]. @16-09-2021 01:58:16.0489 AM
[ReportManager] Browser Action [CloseCurrentWindow] successfully performed. @16-09-2021 01:58:16.0603 AM
[ReportManager] Successfully created attachment [Browser Action Test Data - CloseCurrentWindow - Actual Value] @16-09-2021 01:58:16.0605 A
[ReportManager] File Action [GetAbsolutePath] successfully performed. With the following test data [Relative Folder Path: "target/downloadedFiles/"]. @16-09-2021 01:58:16.0607 AM
[ReportManager] Attempting to run remotely on: [Linux-64], [GoogleChrome], [http://localhost:4444/wd/hub], Headless Execution. @16-09-2021 01:58:16.0608 AM
[ReportManager] Successfully Opened [GoogleChrome]. @16-09-2021 01:58:16.0834 AM
[ReportManager] Target URL: [https://duckduckgo.com] @16-09-2021 01:58:16.0845 AM
[ReportManager] Initial URL: [data:,] @16-09-2021 01:58:16.0895 AM
[ReportManager] Browser Action [NavigateToURL] successfully performed. With the following test data [https://duckduckgo.com]. @16-09-2021 01:58:17.0397 A

################################################################################################################################################
Starting Execution:	[51 out of 143] test cases in the current suite
Test Method:		[unitTests.tests_browserActions.getCurrentURL]
################################################################################################################################################
[ReportManager] Browser Action [GetCurrentURL] successfully performed. With the following test data [https://duckduckgo.com/]. @16-09-2021 01:58:17.0441 A
[ReportManager] Target URL: [https://duckduckgo.com] @16-09-2021 01:58:17.0443 AM
[ReportManager] Initial URL: [https://duckduckgo.com] @16-09-2021 01:58:17.0504 AM
[ReportManager] Browser Action [NavigateToURL] successfully performed. With the following test data [https://duckduckgo.com]. @16-09-2021 01:58:17.0858 AM
[ReportManager] Browser Action [CloseCurrentWindow] successfully performed. @16-09-2021 01:58:17.0961 AM
[ReportManager] Successfully created attachment [Browser Action Test Data - CloseCurrentWindow - Actual Value] @16-09-2021 01:58:17.0962 A
[ReportManager] File Action [GetAbsolutePath] successfully performed. With the following test data [Relative Folder Path: "target/downloadedFiles/"]. @16-09-2021 01:58:17.0964 AM
[ReportManager] Attempting to run remotely on: [Linux-64], [GoogleChrome], [http://localhost:4444/wd/hub], Headless Execution. @16-09-2021 01:58:17.0964 AM
[ReportManager] Successfully Opened [GoogleChrome]. @16-09-2021 01:58:18.0168 AM
[ReportManager] Target URL: [https://duckduckgo.com] @16-09-2021 01:58:18.0181 AM
[ReportManager] Initial URL: [data:,] @16-09-2021 01:58:18.0225 AM
[ReportManager] Browser Action [NavigateToURL] successfully performed. With the following test data [https://duckduckgo.com]. @16-09-2021 01:58:18.0840 A

################################################################################################################################################
Starting Execution:	[52 out of 143] test cases in the current suite
Test Method:		[unitTests.tests_browserActions.getCurrentWindowTitle]
################################################################################################################################################
[ReportManager] Browser Action [GetCurrentWindowTitle] successfully performed. With the following test data [DuckDuckGo  Privacy, simplified.]. @16-09-2021 01:58:18.0879 A
[ReportManager] Target URL: [https://duckduckgo.com] @16-09-2021 01:58:18.0881 AM
[ReportManager] Initial URL: [https://duckduckgo.com] @16-09-2021 01:58:18.0937 AM
[ReportManager] Browser Action [NavigateToURL] successfully performed. With the following test data [https://duckduckgo.com]. @16-09-2021 01:58:19.0332 AM
[ReportManager] Browser Action [CloseCurrentWindow] successfully performed. @16-09-2021 01:58:19.0443 AM
[ReportManager] Successfully created attachment [Browser Action Test Data - CloseCurrentWindow - Actual Value] @16-09-2021 01:58:19.0447 A
[ReportManager] File Action [GetAbsolutePath] successfully performed. With the following test data [Relative Folder Path: "target/downloadedFiles/"]. @16-09-2021 01:58:19.0449 AM
[ReportManager] Attempting to run remotely on: [Linux-64], [GoogleChrome], [http://localhost:4444/wd/hub], Headless Execution. @16-09-2021 01:58:19.0449 AM
[ReportManager] Successfully Opened [GoogleChrome]. @16-09-2021 01:58:19.0654 AM
[ReportManager] Target URL: [https://duckduckgo.com] @16-09-2021 01:58:19.0678 AM
[ReportManager] Initial URL: [data:,] @16-09-2021 01:58:19.0725 AM
[ReportManager] Browser Action [NavigateToURL] successfully performed. With the following test data [https://duckduckgo.com]. @16-09-2021 01:58:20.0220 A

################################################################################################################################################
Starting Execution:	[53 out of 143] test cases in the current suite
Test Method:		[unitTests.tests_browserActions.getPageSource]
################################################################################################################################################
[ReportManager] Browser Action [GetPageSource] successfully performed. @16-09-2021 01:58:20.0268 AM
[ReportManager] Successfully created attachment [Browser Action Test Data - GetPageSource - Actual Value] @16-09-2021 01:58:20.0269 A
[ReportManager] Target URL: [https://duckduckgo.com] @16-09-2021 01:58:20.0272 AM
[ReportManager] Initial URL: [https://duckduckgo.com] @16-09-2021 01:58:20.0330 AM
[ReportManager] Browser Action [NavigateToURL] successfully performed. With the following test data [https://duckduckgo.com]. @16-09-2021 01:58:20.0717 AM
[ReportManager] Browser Action [CloseCurrentWindow] successfully performed. @16-09-2021 01:58:20.0841 AM
[ReportManager] Successfully created attachment [Browser Action Test Data - CloseCurrentWindow - Actual Value] @16-09-2021 01:58:20.0842 A
[ReportManager] File Action [GetAbsolutePath] successfully performed. With the following test data [Relative Folder Path: "target/downloadedFiles/"]. @16-09-2021 01:58:20.0846 AM
[ReportManager] Attempting to run remotely on: [Linux-64], [GoogleChrome], [http://localhost:4444/wd/hub], Headless Execution. @16-09-2021 01:58:20.0846 AM
[ReportManager] Successfully Opened [GoogleChrome]. @16-09-2021 01:58:21.0047 AM
[ReportManager] Target URL: [https://duckduckgo.com] @16-09-2021 01:58:21.0058 AM
[ReportManager] Initial URL: [data:,] @16-09-2021 01:58:21.0100 AM
[ReportManager] Browser Action [NavigateToURL] successfully performed. With the following test data [https://duckduckgo.com]. @16-09-2021 01:58:21.0614 A

################################################################################################################################################
Starting Execution:	[54 out of 143] test cases in the current suite
Test Method:		[unitTests.tests_browserActions.getWindowHandle]
################################################################################################################################################
[ReportManager] Browser Action [GetWindowHandle] successfully performed. With the following test data [CDwindow-939E7BC037D55755F02CED3C36C2C182]. @16-09-2021 01:58:21.0662 A
[ReportManager] Target URL: [https://duckduckgo.com] @16-09-2021 01:58:21.0663 AM
[ReportManager] Initial URL: [https://duckduckgo.com] @16-09-2021 01:58:21.0761 AM
[ReportManager] Browser Action [NavigateToURL] successfully performed. With the following test data [https://duckduckgo.com]. @16-09-2021 01:58:22.0192 AM
[ReportManager] Browser Action [CloseCurrentWindow] successfully performed. @16-09-2021 01:58:22.0299 AM
[ReportManager] Successfully created attachment [Browser Action Test Data - CloseCurrentWindow - Actual Value] @16-09-2021 01:58:22.0299 A
[ReportManager] File Action [GetAbsolutePath] successfully performed. With the following test data [Relative Folder Path: "target/downloadedFiles/"]. @16-09-2021 01:58:22.0303 AM
[ReportManager] Attempting to run remotely on: [Linux-64], [GoogleChrome], [http://localhost:4444/wd/hub], Headless Execution. @16-09-2021 01:58:22.0303 AM
[ReportManager] Successfully Opened [GoogleChrome]. @16-09-2021 01:58:22.0558 AM
[ReportManager] Target URL: [https://duckduckgo.com] @16-09-2021 01:58:22.0569 AM
[ReportManager] Initial URL: [data:,] @16-09-2021 01:58:22.0621 AM
[ReportManager] Browser Action [NavigateToURL] successfully performed. With the following test data [https://duckduckgo.com]. @16-09-2021 01:58:23.0156 A

################################################################################################################################################
Starting Execution:	[55 out of 143] test cases in the current suite
Test Method:		[unitTests.tests_browserActions.getWindowPosition]
################################################################################################################################################
[ReportManager] Browser Action [GetWindowPosition] successfully performed. With the following test data [(0, 0)]. @16-09-2021 01:58:23.0194 A
[ReportManager] Target URL: [https://duckduckgo.com] @16-09-2021 01:58:23.0195 AM
[ReportManager] Initial URL: [https://duckduckgo.com] @16-09-2021 01:58:23.0261 AM
[ReportManager] Browser Action [NavigateToURL] successfully performed. With the following test data [https://duckduckgo.com]. @16-09-2021 01:58:23.0595 AM
[ReportManager] Browser Action [CloseCurrentWindow] successfully performed. @16-09-2021 01:58:23.0707 AM
[ReportManager] Successfully created attachment [Browser Action Test Data - CloseCurrentWindow - Actual Value] @16-09-2021 01:58:23.0707 A
[ReportManager] File Action [GetAbsolutePath] successfully performed. With the following test data [Relative Folder Path: "target/downloadedFiles/"]. @16-09-2021 01:58:23.0710 AM
[ReportManager] Attempting to run remotely on: [Linux-64], [GoogleChrome], [http://localhost:4444/wd/hub], Headless Execution. @16-09-2021 01:58:23.0710 AM
[ReportManager] Successfully Opened [GoogleChrome]. @16-09-2021 01:58:24.0221 AM
[ReportManager] Target URL: [https://duckduckgo.com] @16-09-2021 01:58:24.0233 AM
[ReportManager] Initial URL: [data:,] @16-09-2021 01:58:24.0274 AM
[ReportManager] Browser Action [NavigateToURL] successfully performed. With the following test data [https://duckduckgo.com]. @16-09-2021 01:58:24.0950 A

################################################################################################################################################
Starting Execution:	[56 out of 143] test cases in the current suite
Test Method:		[unitTests.tests_browserActions.getWindowSize]
################################################################################################################################################
[ReportManager] Browser Action [GetWindowSize] successfully performed. With the following test data [(800, 600)]. @16-09-2021 01:58:24.0988 A
[ReportManager] Target URL: [https://duckduckgo.com] @16-09-2021 01:58:24.0989 AM
[ReportManager] Initial URL: [https://duckduckgo.com] @16-09-2021 01:58:25.0045 AM
[ReportManager] Browser Action [NavigateToURL] successfully performed. With the following test data [https://duckduckgo.com]. @16-09-2021 01:58:25.0432 AM
[ReportManager] Browser Action [CloseCurrentWindow] successfully performed. @16-09-2021 01:58:25.0534 AM
[ReportManager] Successfully created attachment [Browser Action Test Data - CloseCurrentWindow - Actual Value] @16-09-2021 01:58:25.0535 A
[ReportManager] File Action [GetAbsolutePath] successfully performed. With the following test data [Relative Folder Path: "target/downloadedFiles/"]. @16-09-2021 01:58:25.0537 AM
[ReportManager] Attempting to run remotely on: [Linux-64], [GoogleChrome], [http://localhost:4444/wd/hub], Headless Execution. @16-09-2021 01:58:25.0537 AM
[ReportManager] Successfully Opened [GoogleChrome]. @16-09-2021 01:58:25.0783 AM
[ReportManager] Target URL: [https://duckduckgo.com] @16-09-2021 01:58:25.0793 AM
[ReportManager] Initial URL: [data:,] @16-09-2021 01:58:25.0835 AM
[ReportManager] Browser Action [NavigateToURL] successfully performed. With the following test data [https://duckduckgo.com]. @16-09-2021 01:58:26.0326 A

################################################################################################################################################
Starting Execution:	[57 out of 143] test cases in the current suite
Test Method:		[unitTests.tests_browserActions.maximizeWindow]
################################################################################################################################################
[ReportManager] Initial window size: (800, 600) @16-09-2021 01:58:26.0335 AM
[ReportManager] Window size after Toolkit: (1920, 1080) @16-09-2021 01:58:26.0559 AM
[ReportManager] Browser Action [MaximizeWindow] successfully performed. With the following test data [New screen size is now: (1920, 1080)]. @16-09-2021 01:58:26.0562 A
[ReportManager] Target URL: [https://duckduckgo.com] @16-09-2021 01:58:26.0564 AM
[ReportManager] Initial URL: [https://duckduckgo.com] @16-09-2021 01:58:26.0641 AM
[ReportManager] Browser Action [NavigateToURL] successfully performed. With the following test data [https://duckduckgo.com]. @16-09-2021 01:58:26.0971 AM
[ReportManager] Browser Action [CloseCurrentWindow] successfully performed. @16-09-2021 01:58:27.0075 AM
[ReportManager] Successfully created attachment [Browser Action Test Data - CloseCurrentWindow - Actual Value] @16-09-2021 01:58:27.0076 A
[ReportManager] File Action [GetAbsolutePath] successfully performed. With the following test data [Relative Folder Path: "target/downloadedFiles/"]. @16-09-2021 01:58:27.0078 AM
[ReportManager] Attempting to run remotely on: [Linux-64], [GoogleChrome], [http://localhost:4444/wd/hub], Headless Execution. @16-09-2021 01:58:27.0078 AM
[ReportManager] Successfully Opened [GoogleChrome]. @16-09-2021 01:58:27.0273 AM
[ReportManager] Target URL: [https://duckduckgo.com] @16-09-2021 01:58:27.0291 AM
[ReportManager] Initial URL: [data:,] @16-09-2021 01:58:27.0332 AM
[ReportManager] Browser Action [NavigateToURL] successfully performed. With the following test data [https://duckduckgo.com]. @16-09-2021 01:58:27.0795 A

################################################################################################################################################
Starting Execution:	[58 out of 143] test cases in the current suite
Test Method:		[unitTests.tests_browserActions.navigateBack]
################################################################################################################################################
[ReportManager] Target URL: [https://www.google.com/ncr], and after redirection: [https://www.google.com] @16-09-2021 01:58:27.0797 AM
[ReportManager] Initial URL: [https://duckduckgo.com] @16-09-2021 01:58:27.0870 AM
[ReportManager] Browser Action [NavigateToURL] successfully performed. With the following test data [https://www.google.com/ncr]. @16-09-2021 01:58:28.0719 AM
[ReportManager] Browser Action [NavigateBack] successfully performed. With the following test data [https://duckduckgo.com/]. @16-09-2021 01:58:29.0149 AM
[ReportManager] Browser Action [GetCurrentURL] successfully performed. With the following test data [https://duckduckgo.com/]. @16-09-2021 01:58:29.0184 AM
[ReportManager] Assertion Passed: Confirming that navigating back was successful @16-09-2021 01:58:29.0340 AM
[ReportManager] Successfully created attachment [Screenshot - 1631757509269_navigateBack_ValidateBrowserAttribute_passed] @16-09-2021 01:58:29.0341 AM
[ReportManager] Assertion [ValidateBrowserAttribute] PASSED. Expected [Value Should be 'https://duckduckgo.com' for the 'CurrentUrl' attribute] and Actual [https://duckduckgo.com/]. Comparison Type [CONTAINS]. Validation Type [POSITIVE]. @16-09-2021 01:58:29.0341 A
[ReportManager] Target URL: [https://duckduckgo.com] @16-09-2021 01:58:29.0342 AM
[ReportManager] Initial URL: [https://duckduckgo.com] @16-09-2021 01:58:29.0402 AM
[ReportManager] Browser Action [NavigateToURL] successfully performed. With the following test data [https://duckduckgo.com]. @16-09-2021 01:58:29.0743 AM
[ReportManager] Browser Action [CloseCurrentWindow] successfully performed. @16-09-2021 01:58:29.0848 AM
[ReportManager] Successfully created attachment [Browser Action Test Data - CloseCurrentWindow - Actual Value] @16-09-2021 01:58:29.0849 A
[ReportManager] File Action [GetAbsolutePath] successfully performed. With the following test data [Relative Folder Path: "target/downloadedFiles/"]. @16-09-2021 01:58:29.0852 AM
[ReportManager] Attempting to run remotely on: [Linux-64], [GoogleChrome], [http://localhost:4444/wd/hub], Headless Execution. @16-09-2021 01:58:29.0852 AM
[ReportManager] Successfully Opened [GoogleChrome]. @16-09-2021 01:58:30.0111 AM
[ReportManager] Target URL: [https://duckduckgo.com] @16-09-2021 01:58:30.0122 AM
[ReportManager] Initial URL: [data:,] @16-09-2021 01:58:30.0186 AM
[ReportManager] Browser Action [NavigateToURL] successfully performed. With the following test data [https://duckduckgo.com]. @16-09-2021 01:58:30.0787 A

################################################################################################################################################
Starting Execution:	[59 out of 143] test cases in the current suite
Test Method:		[unitTests.tests_browserActions.navigateForward]
################################################################################################################################################
[ReportManager] Target URL: [https://www.google.com/ncr], and after redirection: [https://www.google.com] @16-09-2021 01:58:30.0790 AM
[ReportManager] Initial URL: [https://duckduckgo.com] @16-09-2021 01:58:30.0852 AM
[ReportManager] Browser Action [NavigateToURL] successfully performed. With the following test data [https://www.google.com/ncr]. @16-09-2021 01:58:31.0677 AM
[ReportManager] Browser Action [NavigateBack] successfully performed. With the following test data [https://duckduckgo.com/]. @16-09-2021 01:58:32.0029 AM
[ReportManager] Browser Action [NavigateForward] successfully performed. With the following test data [https://www.google.com/]. @16-09-2021 01:58:32.0461 A
[ReportManager] Target URL: [https://duckduckgo.com] @16-09-2021 01:58:32.0465 AM
[ReportManager] Initial URL: [https://www.google.com] @16-09-2021 01:58:32.0546 AM
[ReportManager] Browser Action [NavigateToURL] successfully performed. With the following test data [https://duckduckgo.com]. @16-09-2021 01:58:33.0003 AM
[ReportManager] Browser Action [CloseCurrentWindow] successfully performed. @16-09-2021 01:58:33.0127 AM
[ReportManager] Successfully created attachment [Browser Action Test Data - CloseCurrentWindow - Actual Value] @16-09-2021 01:58:33.0127 A
[ReportManager] File Action [GetAbsolutePath] successfully performed. With the following test data [Relative Folder Path: "target/downloadedFiles/"]. @16-09-2021 01:58:33.0130 AM
[ReportManager] Attempting to run remotely on: [Linux-64], [GoogleChrome], [http://localhost:4444/wd/hub], Headless Execution. @16-09-2021 01:58:33.0131 AM
[ReportManager] Successfully Opened [GoogleChrome]. @16-09-2021 01:58:33.0329 AM
[ReportManager] Target URL: [https://duckduckgo.com] @16-09-2021 01:58:33.0357 AM
[ReportManager] Initial URL: [data:,] @16-09-2021 01:58:33.0399 AM
[ReportManager] Browser Action [NavigateToURL] successfully performed. With the following test data [https://duckduckgo.com]. @16-09-2021 01:58:33.0907 A

################################################################################################################################################
Starting Execution:	[60 out of 143] test cases in the current suite
Test Method:		[unitTests.tests_browserActions.navigateToURL]
################################################################################################################################################
[ReportManager] Target URL: [https://duckduckgo.com] @16-09-2021 01:58:33.0913 AM
[ReportManager] Initial URL: [https://duckduckgo.com] @16-09-2021 01:58:33.0979 AM
[ReportManager] Browser Action [NavigateToURL] successfully performed. With the following test data [https://duckduckgo.com]. @16-09-2021 01:58:34.0299 A
[ReportManager] Target URL: [https://duckduckgo.com] @16-09-2021 01:58:34.0305 AM
[ReportManager] Initial URL: [https://duckduckgo.com] @16-09-2021 01:58:34.0379 AM
[ReportManager] Browser Action [NavigateToURL] successfully performed. With the following test data [https://duckduckgo.com]. @16-09-2021 01:58:34.0679 AM
[ReportManager] Browser Action [CloseCurrentWindow] successfully performed. @16-09-2021 01:58:34.0781 AM
[ReportManager] Successfully created attachment [Browser Action Test Data - CloseCurrentWindow - Actual Value] @16-09-2021 01:58:34.0781 A
[ReportManager] File Action [GetAbsolutePath] successfully performed. With the following test data [Relative Folder Path: "target/downloadedFiles/"]. @16-09-2021 01:58:34.0789 AM
[ReportManager] Attempting to run remotely on: [Linux-64], [GoogleChrome], [http://localhost:4444/wd/hub], Headless Execution. @16-09-2021 01:58:34.0790 AM
[ReportManager] Successfully Opened [GoogleChrome]. @16-09-2021 01:58:34.0999 AM
[ReportManager] Target URL: [https://duckduckgo.com] @16-09-2021 01:58:35.0010 AM
[ReportManager] Initial URL: [data:,] @16-09-2021 01:58:35.0055 AM
[ReportManager] Browser Action [NavigateToURL] successfully performed. With the following test data [https://duckduckgo.com]. @16-09-2021 01:58:35.0539 A

################################################################################################################################################
Starting Execution:	[61 out of 143] test cases in the current suite
Test Method:		[unitTests.tests_browserActions.navigateToURLWithRedirection]
################################################################################################################################################
[ReportManager] Target URL: [https://www.google.com/ncr], and after redirection: [https://www.google.com] @16-09-2021 01:58:35.0541 AM
[ReportManager] Initial URL: [https://duckduckgo.com] @16-09-2021 01:58:35.0600 AM
[ReportManager] Browser Action [NavigateToURL] successfully performed. With the following test data [https://www.google.com/ncr]. @16-09-2021 01:58:36.0412 A
[ReportManager] Target URL: [https://duckduckgo.com] @16-09-2021 01:58:36.0414 AM
[ReportManager] Initial URL: [https://www.google.com] @16-09-2021 01:58:36.0500 AM
[ReportManager] Browser Action [NavigateToURL] successfully performed. With the following test data [https://duckduckgo.com]. @16-09-2021 01:58:36.0977 AM
[ReportManager] Browser Action [CloseCurrentWindow] successfully performed. @16-09-2021 01:58:37.0091 AM
[ReportManager] Successfully created attachment [Browser Action Test Data - CloseCurrentWindow - Actual Value] @16-09-2021 01:58:37.0091 A
[ReportManager] File Action [GetAbsolutePath] successfully performed. With the following test data [Relative Folder Path: "target/downloadedFiles/"]. @16-09-2021 01:58:37.0094 AM
[ReportManager] Attempting to run remotely on: [Linux-64], [GoogleChrome], [http://localhost:4444/wd/hub], Headless Execution. @16-09-2021 01:58:37.0094 AM
[ReportManager] Successfully Opened [GoogleChrome]. @16-09-2021 01:58:37.0346 AM
[ReportManager] Target URL: [https://duckduckgo.com] @16-09-2021 01:58:37.0356 AM
[ReportManager] Initial URL: [data:,] @16-09-2021 01:58:37.0409 AM
[ReportManager] Browser Action [NavigateToURL] successfully performed. With the following test data [https://duckduckgo.com]. @16-09-2021 01:58:37.0896 A

################################################################################################################################################
Starting Execution:	[62 out of 143] test cases in the current suite
Test Method:		[unitTests.tests_browserActions.refreshCurrentPage]
################################################################################################################################################
[ReportManager] Browser Action [RefreshCurrentPage] successfully performed. @16-09-2021 01:58:38.0083 AM
[ReportManager] Successfully created attachment [Browser Action Test Data - RefreshCurrentPage - Actual Value] @16-09-2021 01:58:38.0085 A
[ReportManager] Target URL: [https://duckduckgo.com] @16-09-2021 01:58:38.0089 AM
[ReportManager] Initial URL: [https://duckduckgo.com] @16-09-2021 01:58:38.0149 AM
[ReportManager] Browser Action [NavigateToURL] successfully performed. With the following test data [https://duckduckgo.com]. @16-09-2021 01:58:38.0452 AM
[ReportManager] Browser Action [CloseCurrentWindow] successfully performed. @16-09-2021 01:58:38.0510 AM
[ReportManager] Successfully created attachment [Browser Action Test Data - CloseCurrentWindow - Actual Value] @16-09-2021 01:58:38.0511 A
[ReportManager] File Action [GetAbsolutePath] successfully performed. With the following test data [Relative Folder Path: "target/downloadedFiles/"]. @16-09-2021 01:58:38.0513 AM
[ReportManager] Attempting to run remotely on: [Linux-64], [GoogleChrome], [http://localhost:4444/wd/hub], Headless Execution. @16-09-2021 01:58:38.0521 AM
[ReportManager] Successfully Opened [GoogleChrome]. @16-09-2021 01:58:38.0722 AM
[ReportManager] Target URL: [https://duckduckgo.com] @16-09-2021 01:58:38.0737 AM
[ReportManager] Initial URL: [data:,] @16-09-2021 01:58:38.0781 AM
[ReportManager] Browser Action [NavigateToURL] successfully performed. With the following test data [https://duckduckgo.com]. @16-09-2021 01:58:39.0294 A

################################################################################################################################################
Starting Execution:	[63 out of 143] test cases in the current suite
Test Method:		[unitTests.tests_browserActions.setWindowSize]
################################################################################################################################################
[ReportManager] Initial window size: (800, 600) @16-09-2021 01:58:39.0305 AM
[ReportManager] Window size after SWD: (1280, 720) @16-09-2021 01:58:39.0523 AM
[ReportManager] Browser Action [SetWindowSize] successfully performed. With the following test data [New screen size is now: (1280, 720)]. @16-09-2021 01:58:39.0524 A
[ReportManager] Target URL: [https://duckduckgo.com] @16-09-2021 01:58:39.0531 AM
[ReportManager] Initial URL: [https://duckduckgo.com] @16-09-2021 01:58:39.0591 AM
[ReportManager] Browser Action [NavigateToURL] successfully performed. With the following test data [https://duckduckgo.com]. @16-09-2021 01:58:39.0905 AM
[ReportManager] Browser Action [CloseCurrentWindow] successfully performed. @16-09-2021 01:58:40.0014 AM
[ReportManager] Successfully created attachment [Browser Action Test Data - CloseCurrentWindow - Actual Value] @16-09-2021 01:58:40.0015 A
[ReportManager] File Action [GetAbsolutePath] successfully performed. With the following test data [Relative Folder Path: "target/downloadedFiles/"]. @16-09-2021 01:58:40.0017 AM
[ReportManager] Attempting to run remotely on: [Linux-64], [GoogleChrome], [http://localhost:4444/wd/hub], Headless Execution. @16-09-2021 01:58:40.0017 AM
[ReportManager] Successfully Opened [GoogleChrome]. @16-09-2021 01:58:40.0211 A

################################################################################################################################################
Starting Execution:	[64 out of 143] test cases in the current suite
Test Method:		[unitTests.tests_element_elementActions.waitForElementToBePresent_false_expectedToFail]
################################################################################################################################################
[ReportManager] Target URL: [https://www.google.com/ncr], and after redirection: [www.google.com] @16-09-2021 01:58:40.0224 AM
[ReportManager] Initial URL: [data:,] @16-09-2021 01:58:40.0271 AM
[ReportManager] Browser Action [NavigateToURL] successfully performed. With the following test data [https://www.google.com/ncr]. @16-09-2021 01:58:41.0079 AM
[ReportManager] Waiting for element to be present; elementLocator [By.xpath: //*[@id='hplogo' or @alt='Google']], numberOfTries[1], stateOfPresence[false]... @16-09-2021 01:58:41.0082 AM
[ReportManager] Element Action [WaitForElementToBePresent] failed. With the following test data [waited for the element's state of presence to be (false). Element locator (By.xpath: //*[@id='hplogo' or @alt='Google'])]. @16-09-2021 01:58:41.0316 AM
[ReportManager] Successfully created attachment [Screenshot - 1631757521237_waitForElementToBePresent_false_expectedToFail_WaitForElementToBePresent_failed] @16-09-2021 01:58:41.0317 A
[ReportManager] Browser Action [CloseCurrentWindow] successfully performed. @16-09-2021 01:58:41.0442 AM
[ReportManager] Successfully created attachment [Browser Action Test Data - CloseCurrentWindow - Actual Value] @16-09-2021 01:58:41.0443 A
[ReportManager] File Action [GetAbsolutePath] successfully performed. With the following test data [Relative Folder Path: "target/downloadedFiles/"]. @16-09-2021 01:58:41.0446 AM
[ReportManager] Attempting to run remotely on: [Linux-64], [GoogleChrome], [http://localhost:4444/wd/hub], Headless Execution. @16-09-2021 01:58:41.0446 AM
[ReportManager] Successfully Opened [GoogleChrome]. @16-09-2021 01:58:41.0677 A

################################################################################################################################################
Starting Execution:	[65 out of 143] test cases in the current suite
Test Method:		[unitTests.tests_element_elementActions.waitForElementToBePresent_false_expectedToPass]
################################################################################################################################################
[ReportManager] Target URL: [https://www.google.com/ncr], and after redirection: [www.google.com] @16-09-2021 01:58:41.0699 AM
[ReportManager] Initial URL: [data:,] @16-09-2021 01:58:41.0742 AM
[ReportManager] Browser Action [NavigateToURL] successfully performed. With the following test data [https://www.google.com/ncr]. @16-09-2021 01:58:42.0557 AM
[ReportManager] Waiting for element to be present; elementLocator [By.id: bla], numberOfTries[1], stateOfPresence[false]... @16-09-2021 01:58:42.0557 AM
[ReportManager] Element Action [WaitForElementToBePresent] successfully performed. With the following test data [waited for the element's state of presence to be (false). Element locator (By.id: bla)]. @16-09-2021 01:58:47.0681 A
[ReportManager] Browser Action [CloseCurrentWindow] successfully performed. @16-09-2021 01:58:47.0817 AM
[ReportManager] Successfully created attachment [Browser Action Test Data - CloseCurrentWindow - Actual Value] @16-09-2021 01:58:47.0821 A
[ReportManager] File Action [GetAbsolutePath] successfully performed. With the following test data [Relative Folder Path: "target/downloadedFiles/"]. @16-09-2021 01:58:47.0823 AM
[ReportManager] Attempting to run remotely on: [Linux-64], [GoogleChrome], [http://localhost:4444/wd/hub], Headless Execution. @16-09-2021 01:58:47.0823 AM
[ReportManager] Successfully Opened [GoogleChrome]. @16-09-2021 01:58:48.0004 A

################################################################################################################################################
Starting Execution:	[66 out of 143] test cases in the current suite
Test Method:		[unitTests.tests_element_elementActions.waitForElementToBePresent_moreThanOneElement_expectedToFail]
################################################################################################################################################
[ReportManager] Target URL: [https://www.google.com/ncr], and after redirection: [www.google.com] @16-09-2021 01:58:48.0017 AM
[ReportManager] Initial URL: [data:,] @16-09-2021 01:58:48.0060 AM
[ReportManager] Browser Action [NavigateToURL] successfully performed. With the following test data [https://www.google.com/ncr]. @16-09-2021 01:58:48.0859 AM
[ReportManager] Waiting for element to be present; elementLocator [By.xpath: //*], numberOfTries[1], stateOfPresence[false]... @16-09-2021 01:58:48.0859 AM
[ReportManager] Element Action [WaitForElementToBePresent] failed. With the following test data [waited for the element's state of presence to be (false). Element locator (By.xpath: //*)]. @16-09-2021 01:58:49.0114 AM
[ReportManager] Successfully created attachment [Screenshot - 1631757529042_waitForElementToBePresent_moreThanOneElement_expectedToFail_WaitForElementToBePresent_failed] @16-09-2021 01:58:49.0115 A
[ReportManager] Browser Action [CloseCurrentWindow] successfully performed. @16-09-2021 01:58:49.0243 AM
[ReportManager] Successfully created attachment [Browser Action Test Data - CloseCurrentWindow - Actual Value] @16-09-2021 01:58:49.0244 A
[ReportManager] File Action [GetAbsolutePath] successfully performed. With the following test data [Relative Folder Path: "target/downloadedFiles/"]. @16-09-2021 01:58:49.0246 AM
[ReportManager] Attempting to run remotely on: [Linux-64], [GoogleChrome], [http://localhost:4444/wd/hub], Headless Execution. @16-09-2021 01:58:49.0246 AM
[ReportManager] Successfully Opened [GoogleChrome]. @16-09-2021 01:58:49.0459 A

################################################################################################################################################
Starting Execution:	[67 out of 143] test cases in the current suite
Test Method:		[unitTests.tests_element_elementActions.waitForElementToBePresent_true_expectedToFail]
################################################################################################################################################
[ReportManager] Target URL: [https://www.google.com/ncr], and after redirection: [www.google.com] @16-09-2021 01:58:49.0471 AM
[ReportManager] Initial URL: [data:,] @16-09-2021 01:58:49.0513 AM
[ReportManager] Browser Action [NavigateToURL] successfully performed. With the following test data [https://www.google.com/ncr]. @16-09-2021 01:58:50.0351 AM
[ReportManager] Waiting for element to be present; elementLocator [By.id: bla], numberOfTries[1], stateOfPresence[true]... @16-09-2021 01:58:50.0352 AM
[ReportManager] Element Action [WaitForElementToBePresent] failed. With the following test data [waited for the element's state of presence to be (true). Element locator (By.id: bla)]. @16-09-2021 01:58:55.0642 AM
[ReportManager] Successfully created attachment [Screenshot - 1631757535570_waitForElementToBePresent_true_expectedToFail_WaitForElementToBePresent_failed] @16-09-2021 01:58:55.0643 A
[ReportManager] Browser Action [CloseCurrentWindow] successfully performed. @16-09-2021 01:58:55.0773 AM
[ReportManager] Successfully created attachment [Browser Action Test Data - CloseCurrentWindow - Actual Value] @16-09-2021 01:58:55.0774 A
[ReportManager] File Action [GetAbsolutePath] successfully performed. With the following test data [Relative Folder Path: "target/downloadedFiles/"]. @16-09-2021 01:58:55.0776 AM
[ReportManager] Attempting to run remotely on: [Linux-64], [GoogleChrome], [http://localhost:4444/wd/hub], Headless Execution. @16-09-2021 01:58:55.0776 AM
[ReportManager] Successfully Opened [GoogleChrome]. @16-09-2021 01:58:55.0967 A

################################################################################################################################################
Starting Execution:	[68 out of 143] test cases in the current suite
Test Method:		[unitTests.tests_element_elementActions.waitForElementToBePresent_true_expectedToPass]
################################################################################################################################################
[ReportManager] Target URL: [https://www.google.com/ncr], and after redirection: [www.google.com] @16-09-2021 01:58:55.0980 AM
[ReportManager] Initial URL: [data:,] @16-09-2021 01:58:56.0022 AM
[ReportManager] Browser Action [NavigateToURL] successfully performed. With the following test data [https://www.google.com/ncr]. @16-09-2021 01:58:56.0826 AM
[ReportManager] Waiting for element to be present; elementLocator [By.xpath: //*[@id='hplogo' or @alt='Google']], numberOfTries[1], stateOfPresence[true]... @16-09-2021 01:58:56.0826 AM
[ReportManager] Element Action [WaitForElementToBePresent] successfully performed. With the following test data [waited for the element's state of presence to be (true). Element locator (By.xpath: //*[@id='hplogo' or @alt='Google'])]. @16-09-2021 01:58:56.0886 AM
[ReportManager] File Action [DoesFileExist] successfully performed. With the following test data [File Path: "src/test/resources/DynamicObjectRepository/unitTests_tests_element_elementActions_waitForElementToBePresent_true_expectedToPass_By_xpath_id_hplogo_or_alt_Google.png"]. @16-09-2021 01:58:56.0888 AM
[ReportManager] File Action [DoesFileExist] successfully performed. With the following test data [File Path: "src/test/resources/DynamicObjectRepository/unitTests_tests_element_elementActions_waitForElementToBePresent_true_expectedToPass_By_xpath_id_hplogo_or_alt_Google.png"]. @16-09-2021 01:58:57.0074 AM
[ReportManager] Passing the test and saving a reference image @16-09-2021 01:58:57.0074 AM
[ReportManager] File Action [GetAbsolutePath] successfully performed. With the following test data [Relative File Path: "src/test/resources/DynamicObjectRepository/unitTests_tests_element_elementActions_waitForElementToBePresent_true_expectedToPass_By_xpath_id_hplogo_or_alt_Google.png"]. @16-09-2021 01:58:57.0075 AM
[ReportManager] File Action [WriteToFile] successfully performed. With the following test data [Target File Path: "/home/runner/work/SHAFT_ENGINE/SHAFT_ENGINE/src/test/resources/DynamicObjectRepository/unitTests_tests_element_elementActions_waitForElementToBePresent_true_expectedToPass_By_xpath_id_hplogo_or_alt_Google.png"]. @16-09-2021 01:58:57.0079 AM
[ReportManager] Assertion Passed: Using Visual AI; OpenCV @16-09-2021 01:58:57.0080 AM
[ReportManager] Successfully created attachment [Validation Test Data - Actual Screenshot] @16-09-2021 01:58:57.0080 AM
[ReportManager] Assertion [ValidateElementMatches] PASSED. Expected [Element should match the reference screenshot] and Actual [TRUE]. Comparison Type [EXACT_OPENCV]. Validation Type [POSITIVE]. @16-09-2021 01:58:57.0080 A
[ReportManager] Browser Action [CloseCurrentWindow] successfully performed. @16-09-2021 01:58:57.0210 AM
[ReportManager] Successfully created attachment [Browser Action Test Data - CloseCurrentWindow - Actual Value] @16-09-2021 01:58:57.0211 A
[ReportManager] File Action [GetAbsolutePath] successfully performed. With the following test data [Relative Folder Path: "target/downloadedFiles/"]. @16-09-2021 01:58:57.0216 AM
[ReportManager] Attempting to run remotely on: [Linux-64], [GoogleChrome], [http://localhost:4444/wd/hub], Headless Execution. @16-09-2021 01:58:57.0216 AM
[ReportManager] Successfully Opened [GoogleChrome]. @16-09-2021 01:58:57.0404 A

################################################################################################################################################
Starting Execution:	[69 out of 143] test cases in the current suite
Test Method:		[testPackage01.Test_assertEquals.test_assertElementAttribute]
################################################################################################################################################
[ReportManager] Target URL: [https://www.google.com/ncr], and after redirection: [https://www.google.com] @16-09-2021 01:58:57.0417 AM
[ReportManager] Initial URL: [data:,] @16-09-2021 01:58:57.0464 AM
[ReportManager] Browser Action [NavigateToURL] successfully performed. With the following test data [https://www.google.com/ncr]. @16-09-2021 01:58:58.0311 AM
[ReportManager] Element Action [Type] successfully performed. With the following test data [INC_004010050:Another SCHEDULER with the same name [Duplicate Job Name] already exists.]. @16-09-2021 01:58:58.0982 AM
[ReportManager] Element Action [GetText] successfully performed. With the following test data [INC_004010050:Another SCHEDULER with the same name [Duplicate Job Name] already exists.]. @16-09-2021 01:58:59.0109 AM
[ReportManager] Loaded Shared OpenCV @16-09-2021 01:58:59.0288 AM
[ReportManager] Assertion [ValidateElementAttribute] PASSED. Expected [Value Should be 'INC_004010050:Another SCHEDULER with the same name \[Duplicate Job Name\] already exists.' for the 'text' attribute, element locator 'By.name: q'] and Actual [INC_004010050:Another SCHEDULER with the same name [Duplicate Job Name] already exists.]. Comparison Type [MATCHES]. Validation Type [POSITIVE]. @16-09-2021 01:58:59.0379 AM
[ReportManager] Successfully created attachment [Screenshot - 1631757539288_test_assertElementAttribute_ValidateElementAttribute_passed] @16-09-2021 01:58:59.0380 A
[ReportManager] Browser Action [CloseCurrentWindow] successfully performed. @16-09-2021 01:58:59.0513 AM
[ReportManager] Successfully created attachment [Browser Action Test Data - CloseCurrentWindow - Actual Value] @16-09-2021 01:58:59.0514 A

################################################################################################################################################
Starting Execution:	[70 out of 143] test cases in the current suite
Test Method:		[testPackage01.Test_SelectedValue.multipleSelect]
################################################################################################################################################
[ReportManager] File Action [GetAbsolutePath] successfully performed. With the following test data [Relative Folder Path: "target/downloadedFiles/"]. @16-09-2021 01:58:59.0524 AM
[ReportManager] Attempting to run remotely on: [Linux-64], [GoogleChrome], [http://localhost:4444/wd/hub], Headless Execution. @16-09-2021 01:58:59.0524 AM
[ReportManager] Successfully Opened [GoogleChrome]. @16-09-2021 01:58:59.0809 AM
[ReportManager] Target URL: [https://yari-demos.prod.mdn.mozit.cloud/en-US/docs/Web/HTML/Element/select/_sample_.Advanced_select_with_multiple_features.html] @16-09-2021 01:58:59.0825 AM
[ReportManager] Initial URL: [data:,] @16-09-2021 01:58:59.0865 AM
[ReportManager] Browser Action [NavigateToURL] successfully performed. With the following test data [https://yari-demos.prod.mdn.mozit.cloud/en-US/docs/Web/HTML/Element/select/_sample_.Advanced_select_with_multiple_features.html]. @16-09-2021 01:59:00.0135 AM
[ReportManager] Element Action [Select] successfully performed. With the following test data [Dog]. @16-09-2021 01:59:00.0410 AM
[ReportManager] Element Action [Select] successfully performed. With the following test data [Cat]. @16-09-2021 01:59:00.0642 AM
[ReportManager] Element Action [GetSelectedText] successfully performed. With the following test data [DogCat]. @16-09-2021 01:59:00.0807 AM
[ReportManager] DogCat @16-09-2021 01:59:00.0808 AM
[ReportManager] Element Action [GetSelectedText] successfully performed. With the following test data [DogCat]. @16-09-2021 01:59:00.0951 AM
[ReportManager] Loaded Shared OpenCV @16-09-2021 01:59:01.0081 AM
[ReportManager] Assertion [ValidateElementAttribute] PASSED. Expected [Value Should be 'DogCat' for the 'selectedText' attribute, element locator 'By.tagName: select'] and Actual [DogCat]. Comparison Type [EQUALS]. Validation Type [POSITIVE]. @16-09-2021 01:59:01.0153 AM
[ReportManager] Successfully created attachment [Screenshot - 1631757541081_multipleSelect_ValidateElementAttribute_passed] @16-09-2021 01:59:01.0154 AM
[ReportManager] Browser Action [CloseCurrentWindow] successfully performed. @16-09-2021 01:59:01.0237 AM
[ReportManager] Successfully created attachment [Browser Action Test Data - CloseCurrentWindow - Actual Value] @16-09-2021 01:59:01.0237 A

################################################################################################################################################
Starting Execution:	[71 out of 143] test cases in the current suite
Test Method:		[testPackage01.Test_SelectedValue.simpleSelect]
################################################################################################################################################
[ReportManager] File Action [GetAbsolutePath] successfully performed. With the following test data [Relative Folder Path: "target/downloadedFiles/"]. @16-09-2021 01:59:01.0243 AM
[ReportManager] Attempting to run remotely on: [Linux-64], [GoogleChrome], [http://localhost:4444/wd/hub], Headless Execution. @16-09-2021 01:59:01.0243 AM
[ReportManager] Successfully Opened [GoogleChrome]. @16-09-2021 01:59:01.0436 AM
[ReportManager] Target URL: [https://yari-demos.prod.mdn.mozit.cloud/en-US/docs/Web/HTML/Element/select/_sample_.Basic_select.html] @16-09-2021 01:59:01.0446 AM
[ReportManager] Initial URL: [data:,] @16-09-2021 01:59:01.0487 AM
[ReportManager] Browser Action [NavigateToURL] successfully performed. With the following test data [https://yari-demos.prod.mdn.mozit.cloud/en-US/docs/Web/HTML/Element/select/_sample_.Basic_select.html]. @16-09-2021 01:59:01.0754 AM
[ReportManager] Element Action [Select] successfully performed. With the following test data [Third Value]. @16-09-2021 01:59:02.0052 AM
[ReportManager] Element Action [GetSelectedText] successfully performed. With the following test data [Third Value]. @16-09-2021 01:59:02.0159 AM
[ReportManager] Third Value @16-09-2021 01:59:02.0159 AM
[ReportManager] Element Action [GetSelectedText] successfully performed. With the following test data [Third Value]. @16-09-2021 01:59:02.0255 AM
[ReportManager] Loaded Shared OpenCV @16-09-2021 01:59:02.0395 AM
[ReportManager] Assertion [ValidateElementAttribute] PASSED. Expected [Value Should be 'Third Value' for the 'selectedText' attribute, element locator 'By.tagName: select'] and Actual [Third Value]. Comparison Type [EQUALS]. Validation Type [POSITIVE]. @16-09-2021 01:59:02.0471 AM
[ReportManager] Successfully created attachment [Screenshot - 1631757542395_simpleSelect_ValidateElementAttribute_passed] @16-09-2021 01:59:02.0472 AM
[ReportManager] Browser Action [CloseCurrentWindow] successfully performed. @16-09-2021 01:59:02.0564 AM
[ReportManager] Successfully created attachment [Browser Action Test Data - CloseCurrentWindow - Actual Value] @16-09-2021 01:59:02.0564 A

################################################################################################################################################
Starting Execution:	[72 out of 143] test cases in the current suite
Test Method:		[testPackage01.Test_SkipDueToIssue.doNotSkip]
################################################################################################################################################
[ReportManager] This should not be skipped. @16-09-2021 01:59:02.0568 A

################################################################################################################################################
Starting Execution:	[73 out of 143] test cases in the current suite
Test Method:		[testPackage01.Test_SkipDueToIssue.skip]
################################################################################################################################################
[ReportManager] This should be skipped. @16-09-2021 01:59:02.0574 A

################################################################################################################################################
Starting Execution:	[74 out of 143] test cases in the current suite
Test Method:		[testPackage01.Test_SkipDueToIssue.skip2]
################################################################################################################################################
[ReportManager] This should be skipped. @16-09-2021 01:59:02.0580 A
[ReportManager] File Action [GetAbsolutePath] successfully performed. With the following test data [Relative Folder Path: "target/downloadedFiles/"]. @16-09-2021 01:59:02.0588 AM
[ReportManager] Attempting to run remotely on: [Linux-64], [GoogleChrome], [http://localhost:4444/wd/hub], Headless Execution. @16-09-2021 01:59:02.0588 AM
[ReportManager] Successfully Opened [GoogleChrome]. @16-09-2021 01:59:02.0782 A

################################################################################################################################################
Starting Execution:	[75 out of 143] test cases in the current suite
Test Method:		[testPackage01.Test_IsElementClickable.testIsElementClickable]
################################################################################################################################################
[ReportManager] Target URL: [https://the-internet.herokuapp.com/] @16-09-2021 01:59:02.0797 AM
[ReportManager] Initial URL: [data:,] @16-09-2021 01:59:02.0845 AM
[ReportManager] Browser Action [NavigateToURL] successfully performed. With the following test data [https://the-internet.herokuapp.com/]. @16-09-2021 01:59:03.0191 AM
[ReportManager] Element Action [IsElementClickable] successfully performed. @16-09-2021 01:59:03.0333 AM
[ReportManager] Assertion [ValidateTrue] PASSED. Expected [TRUE] and Actual [TRUE]. Validation Type [POSITIVE]. @16-09-2021 01:59:03.0333 A
[ReportManager] Browser Action [CloseCurrentWindow] successfully performed. @16-09-2021 01:59:03.0430 AM
[ReportManager] Successfully created attachment [Browser Action Test Data - CloseCurrentWindow - Actual Value] @16-09-2021 01:59:03.0430 A
[ReportManager] File Action [GetAbsolutePath] successfully performed. With the following test data [Relative Folder Path: "target/downloadedFiles/"]. @16-09-2021 01:59:03.0433 AM
[ReportManager] Attempting to run remotely on: [Linux-64], [GoogleChrome], [http://localhost:4444/wd/hub], Headless Execution. @16-09-2021 01:59:03.0433 AM
[ReportManager] Successfully Opened [GoogleChrome]. @16-09-2021 01:59:03.0662 A

################################################################################################################################################
Starting Execution:	[76 out of 143] test cases in the current suite
Test Method:		[testPackage01.Test_ShadowDOM.shadowdom]
################################################################################################################################################
[ReportManager] Target URL: [https://mdn.github.io/web-components-examples/popup-info-box-web-component/] @16-09-2021 01:59:03.0676 AM
[ReportManager] Initial URL: [data:,] @16-09-2021 01:59:03.0727 AM
[ReportManager] Browser Action [NavigateToURL] successfully performed. With the following test data [https://mdn.github.io/web-components-examples/popup-info-box-web-component/]. @16-09-2021 01:59:03.0955 AM
[ReportManager] Element Action [Type] successfully performed. With the following test data [Typing into SHADOW DOM...]. @16-09-2021 01:59:04.0236 AM
[ReportManager] Element Action [GetText] successfully performed. With the following test data [Typing into SHADOW DOM...]. @16-09-2021 01:59:04.0327 AM
[ReportManager] Loaded Shared OpenCV @16-09-2021 01:59:04.0451 AM
[ReportManager] Assertion [ValidateElementAttribute] PASSED. Expected [Value Should be 'Typing into SHADOW DOM...' for the 'Text' attribute, element locator 'By.id: cvc'] and Actual [Typing into SHADOW DOM...]. Comparison Type [EQUALS]. Validation Type [POSITIVE]. @16-09-2021 01:59:04.0523 AM
[ReportManager] Successfully created attachment [Screenshot - 1631757544451_shadowdom_ValidateElementAttribute_passed] @16-09-2021 01:59:04.0524 A
[ReportManager] Browser Action [CloseCurrentWindow] successfully performed. @16-09-2021 01:59:04.0608 AM
[ReportManager] Successfully created attachment [Browser Action Test Data - CloseCurrentWindow - Actual Value] @16-09-2021 01:59:04.0609 A

################################################################################################################################################
Starting Execution:	[77 out of 143] test cases in the current suite
Test Method:		[testPackage01.Test_NewValidationHelper.f1]
################################################################################################################################################
[ReportManager] Assertion Passed: Checking valid user data @16-09-2021 01:59:04.0617 AM
[ReportManager] Successfully created attachment [Validation Test Data - Expected Value] @16-09-2021 01:59:04.0618 AM
[ReportManager] Successfully created attachment [Validation Test Data - Actual Value] @16-09-2021 01:59:04.0618 AM
[ReportManager] Assertion [ValidateEquals] PASSED. Expected and Actual values are attached. Comparison Type [EQUALS]. Validation Type [POSITIVE]. @16-09-2021 01:59:04.0618 A
[ReportManager] File Action [GetAbsolutePath] successfully performed. With the following test data [Relative Folder Path: "target/downloadedFiles/"]. @16-09-2021 01:59:04.0623 AM
[ReportManager] Attempting to run remotely on: [Linux-64], [GoogleChrome], [http://localhost:4444/wd/hub], Headless Execution. @16-09-2021 01:59:04.0623 AM
[ReportManager] Successfully Opened [GoogleChrome]. @16-09-2021 01:59:04.0811 AM
[ReportManager] Target URL: [https://the-internet.herokuapp.com/] @16-09-2021 01:59:04.0826 AM
[ReportManager] Initial URL: [data:,] @16-09-2021 01:59:04.0878 AM
[ReportManager] Browser Action [NavigateToURL] successfully performed. With the following test data [https://the-internet.herokuapp.com/]. @16-09-2021 01:59:05.0227 A

################################################################################################################################################
Starting Execution:	[78 out of 143] test cases in the current suite
Test Method:		[testPackage01.Test_NewValidationHelper.f10]
################################################################################################################################################
[ReportManager] Assertion [ValidateElementExists] FAILED. Expected [Element Should Exist, locator 'By.tagName: div'] and Actual [Element Exists but is not unique]. Comparison Type [EQUALS]. Validation Type [POSITIVE]. @16-09-2021 01:59:05.0509 AM
[ReportManager] Successfully created attachment [Screenshot - 1631757545432_f10_ValidateElementExists_failed] @16-09-2021 01:59:05.0510 A
[ReportManager] Successfully Closed All Drivers. @16-09-2021 01:59:05.0582 A
[ReportManager] File Action [GetAbsolutePath] successfully performed. With the following test data [Relative Folder Path: "target/downloadedFiles/"]. @16-09-2021 01:59:05.0584 AM
[ReportManager] Attempting to run remotely on: [Linux-64], [GoogleChrome], [http://localhost:4444/wd/hub], Headless Execution. @16-09-2021 01:59:05.0584 AM
[ReportManager] Successfully Opened [GoogleChrome]. @16-09-2021 01:59:05.0788 AM
[ReportManager] Target URL: [https://the-internet.herokuapp.com/] @16-09-2021 01:59:05.0803 AM
[ReportManager] Initial URL: [data:,] @16-09-2021 01:59:05.0851 AM
[ReportManager] Browser Action [NavigateToURL] successfully performed. With the following test data [https://the-internet.herokuapp.com/]. @16-09-2021 01:59:06.0204 A

################################################################################################################################################
Starting Execution:	[79 out of 143] test cases in the current suite
Test Method:		[testPackage01.Test_NewValidationHelper.f11]
################################################################################################################################################
[ReportManager] Assertion Passed: Checking that false tag doesn't exist @16-09-2021 01:59:16.0610 AM
[ReportManager] Successfully created attachment [Screenshot - 1631757556541_f11_ValidateElementExists_passed] @16-09-2021 01:59:16.0611 AM
[ReportManager] Assertion [ValidateElementExists] PASSED. Expected [Element Should not Exist, locator 'By.tagName: h3'] and Actual [Element Doesn't Exists]. Comparison Type [EQUALS]. Validation Type [NEGATIVE]. @16-09-2021 01:59:16.0611 A
[ReportManager] Successfully Closed All Drivers. @16-09-2021 01:59:16.0684 A
[ReportManager] File Action [GetAbsolutePath] successfully performed. With the following test data [Relative Folder Path: "target/downloadedFiles/"]. @16-09-2021 01:59:16.0686 AM
[ReportManager] Attempting to run remotely on: [Linux-64], [GoogleChrome], [http://localhost:4444/wd/hub], Headless Execution. @16-09-2021 01:59:16.0686 AM
[ReportManager] Successfully Opened [GoogleChrome]. @16-09-2021 01:59:16.0885 AM
[ReportManager] Target URL: [https://the-internet.herokuapp.com/] @16-09-2021 01:59:16.0914 AM
[ReportManager] Initial URL: [data:,] @16-09-2021 01:59:16.0981 AM
[ReportManager] Browser Action [NavigateToURL] successfully performed. With the following test data [https://the-internet.herokuapp.com/]. @16-09-2021 01:59:17.0356 A

################################################################################################################################################
Starting Execution:	[80 out of 143] test cases in the current suite
Test Method:		[testPackage01.Test_NewValidationHelper.f12]
################################################################################################################################################
[ReportManager] Loaded Shared OpenCV @16-09-2021 01:59:17.0570 AM
[ReportManager] Assertion [ValidateElementExists] FAILED. Expected [Element Should not Exist, locator 'By.tagName: h1'] and Actual [Element Exists]. Comparison Type [EQUALS]. Validation Type [NEGATIVE]. @16-09-2021 01:59:17.0661 AM
[ReportManager] Successfully created attachment [Screenshot - 1631757557570_f12_ValidateElementExists_failed] @16-09-2021 01:59:17.0662 A
[ReportManager] Successfully Closed All Drivers. @16-09-2021 01:59:17.0781 A
[ReportManager] File Action [GetAbsolutePath] successfully performed. With the following test data [Relative Folder Path: "target/downloadedFiles/"]. @16-09-2021 01:59:17.0783 AM
[ReportManager] Attempting to run remotely on: [Linux-64], [GoogleChrome], [http://localhost:4444/wd/hub], Headless Execution. @16-09-2021 01:59:17.0783 AM
[ReportManager] Successfully Opened [GoogleChrome]. @16-09-2021 01:59:17.0983 AM
[ReportManager] Target URL: [https://the-internet.herokuapp.com/] @16-09-2021 01:59:17.0993 AM
[ReportManager] Initial URL: [data:,] @16-09-2021 01:59:18.0037 AM
[ReportManager] Browser Action [NavigateToURL] successfully performed. With the following test data [https://the-internet.herokuapp.com/]. @16-09-2021 01:59:18.0385 A

################################################################################################################################################
Starting Execution:	[81 out of 143] test cases in the current suite
Test Method:		[testPackage01.Test_NewValidationHelper.f13]
################################################################################################################################################
[ReportManager] Assertion [ValidateElementExists] FAILED. Expected [Element Should not Exist, locator 'By.tagName: div'] and Actual [Element Exists but is not unique]. Comparison Type [EQUALS]. Validation Type [NEGATIVE]. @16-09-2021 01:59:18.0684 AM
[ReportManager] Successfully created attachment [Screenshot - 1631757558606_f13_ValidateElementExists_failed] @16-09-2021 01:59:18.0685 A
[ReportManager] Successfully Closed All Drivers. @16-09-2021 01:59:18.0757 A
[ReportManager] File Action [GetAbsolutePath] successfully performed. With the following test data [Relative Folder Path: "target/downloadedFiles/"]. @16-09-2021 01:59:18.0759 AM
[ReportManager] Attempting to run remotely on: [Linux-64], [GoogleChrome], [http://localhost:4444/wd/hub], Headless Execution. @16-09-2021 01:59:18.0759 AM
[ReportManager] Successfully Opened [GoogleChrome]. @16-09-2021 01:59:18.0954 AM
[ReportManager] Target URL: [https://the-internet.herokuapp.com/] @16-09-2021 01:59:18.0967 AM
[ReportManager] Initial URL: [data:,] @16-09-2021 01:59:19.0014 AM
[ReportManager] Browser Action [NavigateToURL] successfully performed. With the following test data [https://the-internet.herokuapp.com/]. @16-09-2021 01:59:19.0397 A

################################################################################################################################################
Starting Execution:	[82 out of 143] test cases in the current suite
Test Method:		[testPackage01.Test_NewValidationHelper.f14]
################################################################################################################################################
[ReportManager] Element Action [GetText] successfully performed. With the following test data [Welcome to the-internet]. @16-09-2021 01:59:19.0482 AM
[ReportManager] Loaded Shared OpenCV @16-09-2021 01:59:19.0636 AM
[ReportManager] Assertion Passed: Asserting that the header text is correct @16-09-2021 01:59:19.0721 AM
[ReportManager] Successfully created attachment [Screenshot - 1631757559636_f14_ValidateElementAttribute_passed] @16-09-2021 01:59:19.0722 AM
[ReportManager] Assertion [ValidateElementAttribute] PASSED. Expected [Value Should be 'Welcome to the-internet' for the 'text' attribute, element locator 'By.tagName: h1'] and Actual [Welcome to the-internet]. Comparison Type [EQUALS]. Validation Type [POSITIVE]. @16-09-2021 01:59:19.0722 A
[ReportManager] Successfully Closed All Drivers. @16-09-2021 01:59:19.0795 A
[ReportManager] File Action [GetAbsolutePath] successfully performed. With the following test data [Relative Folder Path: "target/downloadedFiles/"]. @16-09-2021 01:59:19.0799 AM
[ReportManager] Attempting to run remotely on: [Linux-64], [GoogleChrome], [http://localhost:4444/wd/hub], Headless Execution. @16-09-2021 01:59:19.0799 AM
[ReportManager] Successfully Opened [GoogleChrome]. @16-09-2021 01:59:19.0991 AM
[ReportManager] Target URL: [https://the-internet.herokuapp.com/] @16-09-2021 01:59:20.0007 AM
[ReportManager] Initial URL: [data:,] @16-09-2021 01:59:20.0057 AM
[ReportManager] Browser Action [NavigateToURL] successfully performed. With the following test data [https://the-internet.herokuapp.com/]. @16-09-2021 01:59:20.0402 A

################################################################################################################################################
Starting Execution:	[83 out of 143] test cases in the current suite
Test Method:		[testPackage01.Test_NewValidationHelper.f15]
################################################################################################################################################
[ReportManager] Element Action [GetText] successfully performed. With the following test data [Welcome to the-internet]. @16-09-2021 01:59:20.0489 AM
[ReportManager] Loaded Shared OpenCV @16-09-2021 01:59:20.0638 AM
[ReportManager] Assertion [ValidateElementAttribute] FAILED. Expected [Value Should not be 'Welcome' for the 'text' attribute, element locator 'By.tagName: h1'] and Actual [Welcome to the-internet]. Comparison Type [CONTAINS]. Validation Type [NEGATIVE]. @16-09-2021 01:59:20.0731 AM
[ReportManager] Successfully created attachment [Screenshot - 1631757560638_f15_ValidateElementAttribute_failed] @16-09-2021 01:59:20.0732 A
[ReportManager] Successfully Closed All Drivers. @16-09-2021 01:59:20.0808 A
[ReportManager] File Action [GetAbsolutePath] successfully performed. With the following test data [Relative Folder Path: "target/downloadedFiles/"]. @16-09-2021 01:59:20.0814 AM
[ReportManager] Attempting to run remotely on: [Linux-64], [GoogleChrome], [http://localhost:4444/wd/hub], Headless Execution. @16-09-2021 01:59:20.0814 AM
[ReportManager] Successfully Opened [GoogleChrome]. @16-09-2021 01:59:21.0001 AM
[ReportManager] Target URL: [https://the-internet.herokuapp.com/] @16-09-2021 01:59:21.0017 AM
[ReportManager] Initial URL: [data:,] @16-09-2021 01:59:21.0075 AM
[ReportManager] Browser Action [NavigateToURL] successfully performed. With the following test data [https://the-internet.herokuapp.com/]. @16-09-2021 01:59:21.0419 A

################################################################################################################################################
Starting Execution:	[84 out of 143] test cases in the current suite
Test Method:		[testPackage01.Test_NewValidationHelper.f16]
################################################################################################################################################
[ReportManager] Element Action [IdentifyUniqueElement] failed. With the following test data [zero elements found matching this locator "By.tagName: h3".]. @16-09-2021 01:59:47.0014 AM
[ReportManager] Successfully created attachment [Screenshot - 1631757586946_f16_IdentifyUniqueElement_failed] @16-09-2021 01:59:47.0015 AM
[ReportManager] Assertion [ValidateElementAttribute] FAILED. Expected [Value Should not be 'Welcome' for the 'text' attribute, element locator 'By.tagName: h3'] and Actual [Failed to read the desired element attribute]. Comparison Type [CONTAINS]. Validation Type [NEGATIVE]. @16-09-2021 01:59:47.0015 A
[ReportManager] Successfully Closed All Drivers. @16-09-2021 01:59:47.0090 A
[ReportManager] File Action [GetAbsolutePath] successfully performed. With the following test data [Relative Folder Path: "target/downloadedFiles/"]. @16-09-2021 01:59:47.0095 AM
[ReportManager] Attempting to run remotely on: [Linux-64], [GoogleChrome], [http://localhost:4444/wd/hub], Headless Execution. @16-09-2021 01:59:47.0096 AM
[ReportManager] Successfully Opened [GoogleChrome]. @16-09-2021 01:59:47.0282 AM
[ReportManager] Target URL: [https://the-internet.herokuapp.com/] @16-09-2021 01:59:47.0293 AM
[ReportManager] Initial URL: [data:,] @16-09-2021 01:59:47.0334 AM
[ReportManager] Browser Action [NavigateToURL] successfully performed. With the following test data [https://the-internet.herokuapp.com/]. @16-09-2021 01:59:47.0692 A

################################################################################################################################################
Starting Execution:	[85 out of 143] test cases in the current suite
Test Method:		[testPackage01.Test_NewValidationHelper.f17]
################################################################################################################################################
[ReportManager] Attempting to getAttribute [text2] from elementLocator [By.tagName: h1]. @16-09-2021 01:59:47.0695 AM
[ReportManager] Element Action [GetAttribute] successfully performed. @16-09-2021 01:59:47.0801 AM
[ReportManager] Loaded Shared OpenCV @16-09-2021 01:59:47.0954 AM
[ReportManager] Assertion [ValidateElementAttribute] PASSED. Expected [Value Should not be 'Welcome' for the 'text2' attribute, element locator 'By.tagName: h1'] and Actual [null]. Comparison Type [CONTAINS]. Validation Type [NEGATIVE]. @16-09-2021 01:59:48.0053 AM
[ReportManager] Successfully created attachment [Screenshot - 1631757587954_f17_ValidateElementAttribute_passed] @16-09-2021 01:59:48.0054 A
[ReportManager] Successfully Closed All Drivers. @16-09-2021 01:59:48.0134 A
[ReportManager] File Action [GetAbsolutePath] successfully performed. With the following test data [Relative Folder Path: "target/downloadedFiles/"]. @16-09-2021 01:59:48.0141 AM
[ReportManager] Attempting to run remotely on: [Linux-64], [GoogleChrome], [http://localhost:4444/wd/hub], Headless Execution. @16-09-2021 01:59:48.0142 AM
[ReportManager] Successfully Opened [GoogleChrome]. @16-09-2021 01:59:48.0343 AM
[ReportManager] Target URL: [https://the-internet.herokuapp.com/] @16-09-2021 01:59:48.0353 AM
[ReportManager] Initial URL: [data:,] @16-09-2021 01:59:48.0401 AM
[ReportManager] Browser Action [NavigateToURL] successfully performed. With the following test data [https://the-internet.herokuapp.com/]. @16-09-2021 01:59:48.0803 A

################################################################################################################################################
Starting Execution:	[86 out of 143] test cases in the current suite
Test Method:		[testPackage01.Test_NewValidationHelper.f18]
################################################################################################################################################
[ReportManager] Element Action [GetText] successfully performed. With the following test data [Welcome to the-internet]. @16-09-2021 01:59:48.0900 AM
[ReportManager] Loaded Shared OpenCV @16-09-2021 01:59:49.0054 AM
[ReportManager] Assertion [ValidateElementAttribute] PASSED. Expected [Value Should not be 'no' for the 'text' attribute, element locator 'By.tagName: h1'] and Actual [Welcome to the-internet]. Comparison Type [CONTAINS]. Validation Type [NEGATIVE]. @16-09-2021 01:59:49.0144 AM
[ReportManager] Successfully created attachment [Screenshot - 1631757589054_f18_ValidateElementAttribute_passed] @16-09-2021 01:59:49.0145 A
[ReportManager] Successfully Closed All Drivers. @16-09-2021 01:59:49.0221 A
[ReportManager] File Action [GetAbsolutePath] successfully performed. With the following test data [Relative Folder Path: "target/downloadedFiles/"]. @16-09-2021 01:59:49.0223 AM
[ReportManager] Attempting to run remotely on: [Linux-64], [GoogleChrome], [http://localhost:4444/wd/hub], Headless Execution. @16-09-2021 01:59:49.0223 AM
[ReportManager] Successfully Opened [GoogleChrome]. @16-09-2021 01:59:49.0404 AM
[ReportManager] Target URL: [https://the-internet.herokuapp.com/] @16-09-2021 01:59:49.0422 AM
[ReportManager] Initial URL: [data:,] @16-09-2021 01:59:49.0470 AM
[ReportManager] Browser Action [NavigateToURL] successfully performed. With the following test data [https://the-internet.herokuapp.com/]. @16-09-2021 01:59:49.0829 A

################################################################################################################################################
Starting Execution:	[87 out of 143] test cases in the current suite
Test Method:		[testPackage01.Test_NewValidationHelper.f19]
################################################################################################################################################
[ReportManager] Element Action [GetTagName] successfully performed. With the following test data [h1]. @16-09-2021 01:59:49.0907 AM
[ReportManager] Loaded Shared OpenCV @16-09-2021 01:59:50.0056 AM
[ReportManager] Assertion [ValidateElementAttribute] PASSED. Expected [Value Should be 'h' for the 'tagname' attribute, element locator 'By.tagName: h1'] and Actual [h1]. Comparison Type [CONTAINS]. Validation Type [POSITIVE]. @16-09-2021 01:59:50.0141 AM
[ReportManager] Successfully created attachment [Screenshot - 1631757590056_f19_ValidateElementAttribute_passed] @16-09-2021 01:59:50.0143 A
[ReportManager] Successfully Closed All Drivers. @16-09-2021 01:59:50.0218 A

################################################################################################################################################
Starting Execution:	[88 out of 143] test cases in the current suite
Test Method:		[testPackage01.Test_NewValidationHelper.f2]
################################################################################################################################################
[ReportManager] Assertion Failed: Checking valid user data @16-09-2021 01:59:50.0224 AM
[ReportManager] Assertion [ValidateEquals] FAILED. Expected [1] and Actual [2]. Comparison Type [EQUALS]. Validation Type [POSITIVE]. @16-09-2021 01:59:50.0224 A
[ReportManager] File Action [GetAbsolutePath] successfully performed. With the following test data [Relative Folder Path: "target/downloadedFiles/"]. @16-09-2021 01:59:50.0229 AM
[ReportManager] Attempting to run remotely on: [Linux-64], [GoogleChrome], [http://localhost:4444/wd/hub], Headless Execution. @16-09-2021 01:59:50.0230 AM
[ReportManager] Successfully Opened [GoogleChrome]. @16-09-2021 01:59:50.0427 AM
[ReportManager] Target URL: [https://the-internet.herokuapp.com/] @16-09-2021 01:59:50.0445 AM
[ReportManager] Initial URL: [data:,] @16-09-2021 01:59:50.0487 AM
[ReportManager] Browser Action [NavigateToURL] successfully performed. With the following test data [https://the-internet.herokuapp.com/]. @16-09-2021 01:59:50.0864 A

################################################################################################################################################
Starting Execution:	[89 out of 143] test cases in the current suite
Test Method:		[testPackage01.Test_NewValidationHelper.f20]
################################################################################################################################################
[ReportManager] Element Action [GetSize] successfully performed. With the following test data [(755, 61)]. @16-09-2021 01:59:50.0944 AM
[ReportManager] Loaded Shared OpenCV @16-09-2021 01:59:51.0104 AM
[ReportManager] Assertion [ValidateElementAttribute] PASSED. Expected [Value Should not be 'a' for the 'size' attribute, element locator 'By.tagName: h1'] and Actual [(755, 61)]. Comparison Type [CONTAINS]. Validation Type [NEGATIVE]. @16-09-2021 01:59:51.0195 AM
[ReportManager] Successfully created attachment [Screenshot - 1631757591104_f20_ValidateElementAttribute_passed] @16-09-2021 01:59:51.0196 A
[ReportManager] Successfully Closed All Drivers. @16-09-2021 01:59:51.0271 A
[ReportManager] File Action [GetAbsolutePath] successfully performed. With the following test data [Relative Folder Path: "target/downloadedFiles/"]. @16-09-2021 01:59:51.0273 AM
[ReportManager] Attempting to run remotely on: [Linux-64], [GoogleChrome], [http://localhost:4444/wd/hub], Headless Execution. @16-09-2021 01:59:51.0273 AM
[ReportManager] Successfully Opened [GoogleChrome]. @16-09-2021 01:59:51.0484 AM
[ReportManager] Target URL: [https://the-internet.herokuapp.com/] @16-09-2021 01:59:51.0494 AM
[ReportManager] Initial URL: [data:,] @16-09-2021 01:59:51.0534 AM
[ReportManager] Browser Action [NavigateToURL] successfully performed. With the following test data [https://the-internet.herokuapp.com/]. @16-09-2021 01:59:51.0883 A

################################################################################################################################################
Starting Execution:	[90 out of 143] test cases in the current suite
Test Method:		[testPackage01.Test_NewValidationHelper.f21]
################################################################################################################################################
[ReportManager] Element Action [IdentifyUniqueElement] failed. With the following test data [zero elements found matching this locator "By.tagName: h3".]. @16-09-2021 02:00:17.0477 AM
[ReportManager] Successfully created attachment [Screenshot - 1631757617408_f21_IdentifyUniqueElement_failed] @16-09-2021 02:00:17.0477 AM
[ReportManager] Assertion [ValidateElementAttribute] FAILED. Expected [Value Should be 'Welcome' for the 'text' attribute, element locator 'By.tagName: h3'] and Actual [Failed to read the desired element attribute]. Comparison Type [CONTAINS]. Validation Type [POSITIVE]. @16-09-2021 02:00:17.0478 A
[ReportManager] Successfully Closed All Drivers. @16-09-2021 02:00:17.0551 A
[ReportManager] File Action [GetAbsolutePath] successfully performed. With the following test data [Relative Folder Path: "target/downloadedFiles/"]. @16-09-2021 02:00:17.0553 AM
[ReportManager] Attempting to run remotely on: [Linux-64], [GoogleChrome], [http://localhost:4444/wd/hub], Headless Execution. @16-09-2021 02:00:17.0553 AM
[ReportManager] Successfully Opened [GoogleChrome]. @16-09-2021 02:00:17.0751 AM
[ReportManager] Target URL: [https://the-internet.herokuapp.com/] @16-09-2021 02:00:17.0765 AM
[ReportManager] Initial URL: [data:,] @16-09-2021 02:00:17.0806 AM
[ReportManager] Browser Action [NavigateToURL] successfully performed. With the following test data [https://the-internet.herokuapp.com/]. @16-09-2021 02:00:18.0158 A

################################################################################################################################################
Starting Execution:	[91 out of 143] test cases in the current suite
Test Method:		[testPackage01.Test_NewValidationHelper.f22]
################################################################################################################################################
[ReportManager] Element Action [GetText] successfully performed. With the following test data [Welcome to the-internet]. @16-09-2021 02:00:18.0254 AM
[ReportManager] Loaded Shared OpenCV @16-09-2021 02:00:18.0404 AM
[ReportManager] Assertion [ValidateElementAttribute] FAILED. Expected [Value Should be 'yyy' for the 'text' attribute, element locator 'By.tagName: h1'] and Actual [Welcome to the-internet]. Comparison Type [CONTAINS]. Validation Type [POSITIVE]. @16-09-2021 02:00:18.0494 AM
[ReportManager] Successfully created attachment [Screenshot - 1631757618404_f22_ValidateElementAttribute_failed] @16-09-2021 02:00:18.0495 A
[ReportManager] Successfully Closed All Drivers. @16-09-2021 02:00:18.0567 A

################################################################################################################################################
Starting Execution:	[92 out of 143] test cases in the current suite
Test Method:		[testPackage01.Test_NewValidationHelper.f23]
################################################################################################################################################
[ReportManager] Assertion Passed: confirming that the actual is greater than or equal to the expected @16-09-2021 02:00:18.0571 AM
[ReportManager] Assertion [ValidateComparativeRelation] PASSED. Expected [1] and Actual [1]. Comparison Type [GREATER_THAN_OR_EQUALS]. Validation Type [POSITIVE]. @16-09-2021 02:00:18.0571 A

################################################################################################################################################
Starting Execution:	[93 out of 143] test cases in the current suite
Test Method:		[testPackage01.Test_NewValidationHelper.f24]
################################################################################################################################################
[ReportManager] Assertion [ValidateComparativeRelation] PASSED. Expected [1] and Actual [10]. Comparison Type [GREATER_THAN_OR_EQUALS]. Validation Type [POSITIVE]. @16-09-2021 02:00:18.0574 A

################################################################################################################################################
Starting Execution:	[94 out of 143] test cases in the current suite
Test Method:		[testPackage01.Test_NewValidationHelper.f25]
################################################################################################################################################
[ReportManager] Assertion [ValidateComparativeRelation] PASSED. Expected [1] and Actual [1]. Comparison Type [EQUALS]. Validation Type [POSITIVE]. @16-09-2021 02:00:18.0577 A

################################################################################################################################################
Starting Execution:	[95 out of 143] test cases in the current suite
Test Method:		[testPackage01.Test_NewValidationHelper.f26]
################################################################################################################################################
[ReportManager] Assertion [ValidateComparativeRelation] PASSED. Expected [1] and Actual [5]. Comparison Type [GREATER_THAN]. Validation Type [POSITIVE]. @16-09-2021 02:00:18.0580 A

################################################################################################################################################
Starting Execution:	[96 out of 143] test cases in the current suite
Test Method:		[testPackage01.Test_NewValidationHelper.f27]
################################################################################################################################################
[ReportManager] Assertion [ValidateComparativeRelation] PASSED. Expected [11] and Actual [5]. Comparison Type [LESS_THAN]. Validation Type [POSITIVE]. @16-09-2021 02:00:18.0583 A

################################################################################################################################################
Starting Execution:	[97 out of 143] test cases in the current suite
Test Method:		[testPackage01.Test_NewValidationHelper.f28]
################################################################################################################################################
[ReportManager] Assertion [ValidateComparativeRelation] PASSED. Expected [11] and Actual [5]. Comparison Type [LESS_THAN_OR_EQUALS]. Validation Type [POSITIVE]. @16-09-2021 02:00:18.0585 A

################################################################################################################################################
Starting Execution:	[98 out of 143] test cases in the current suite
Test Method:		[testPackage01.Test_NewValidationHelper.f29]
################################################################################################################################################
[ReportManager] Assertion [ValidateComparativeRelation] PASSED. Expected [11] and Actual [11]. Comparison Type [LESS_THAN_OR_EQUALS]. Validation Type [POSITIVE]. @16-09-2021 02:00:18.0588 A

################################################################################################################################################
Starting Execution:	[99 out of 143] test cases in the current suite
Test Method:		[testPackage01.Test_NewValidationHelper.f3]
################################################################################################################################################
[ReportManager] Assertion [ValidateEquals] PASSED. Expected [1] and Actual [2]. Comparison Type [EQUALS]. Validation Type [NEGATIVE]. @16-09-2021 02:00:18.0594 A

################################################################################################################################################
Starting Execution:	[100 out of 143] test cases in the current suite
Test Method:		[testPackage01.Test_NewValidationHelper.f30]
################################################################################################################################################
[ReportManager] Assertion [ValidateComparativeRelation] FAILED. Expected [-9] and Actual [11]. Comparison Type [LESS_THAN_OR_EQUALS]. Validation Type [POSITIVE]. @16-09-2021 02:00:18.0596 A

################################################################################################################################################
Starting Execution:	[101 out of 143] test cases in the current suite
Test Method:		[testPackage01.Test_NewValidationHelper.f31]
################################################################################################################################################
[ReportManager] Assertion [ValidateTrue] PASSED. Expected [TRUE] and Actual [TRUE]. Validation Type [POSITIVE]. @16-09-2021 02:00:18.0598 A

################################################################################################################################################
Starting Execution:	[102 out of 143] test cases in the current suite
Test Method:		[testPackage01.Test_NewValidationHelper.f32]
################################################################################################################################################
[ReportManager] Assertion [ValidateTrue] PASSED. Expected [FALSE] and Actual [FALSE]. Validation Type [NEGATIVE]. @16-09-2021 02:00:18.0600 A

################################################################################################################################################
Starting Execution:	[103 out of 143] test cases in the current suite
Test Method:		[testPackage01.Test_NewValidationHelper.f33]
################################################################################################################################################
[ReportManager] Assertion [ValidateTrue] FAILED. Expected [FALSE] and Actual [TRUE]. Validation Type [NEGATIVE]. @16-09-2021 02:00:18.0602 A

################################################################################################################################################
Starting Execution:	[104 out of 143] test cases in the current suite
Test Method:		[testPackage01.Test_NewValidationHelper.f34]
################################################################################################################################################
[ReportManager] Assertion [ValidateTrue] FAILED. Expected [TRUE] and Actual [FALSE]. Validation Type [POSITIVE]. @16-09-2021 02:00:18.0604 A

################################################################################################################################################
Starting Execution:	[105 out of 143] test cases in the current suite
Test Method:		[testPackage01.Test_NewValidationHelper.f35]
################################################################################################################################################
[ReportManager] File Action [DoesFileExist] successfully performed. With the following test data [File Path: "pom.xml"]. @16-09-2021 02:00:18.0611 AM
[ReportManager] Assertion [ValidateFileExists] PASSED. Expected [File 'pom.xml' should exist, after up to '1' retries] and Actual [File exists]. Validation Type [POSITIVE]. @16-09-2021 02:00:18.0611 A

################################################################################################################################################
Starting Execution:	[106 out of 143] test cases in the current suite
Test Method:		[testPackage01.Test_NewValidationHelper.f36]
################################################################################################################################################
[ReportManager] File Action [DoesFileExist] successfully performed. With the following test data [File Path: "src/test/java/testPackage01/Test_NewValidationHelper.java"]. @16-09-2021 02:00:18.0613 AM
[ReportManager] Assertion [ValidateFileExists] PASSED. Expected [File 'src/test/java/testPackage01/Test_NewValidationHelper.java' should exist, after up to '1' retries] and Actual [File exists]. Validation Type [POSITIVE]. @16-09-2021 02:00:18.0613 A

################################################################################################################################################
Starting Execution:	[107 out of 143] test cases in the current suite
Test Method:		[testPackage01.Test_NewValidationHelper.f37]
################################################################################################################################################
[ReportManager] File Action [DoesFileExist] successfully performed. With the following test data [File Path: "pom.xml"]. @16-09-2021 02:00:18.0616 AM
[ReportManager] Assertion Failed: confirming that the file does't exist after 5 retries @16-09-2021 02:00:18.0616 AM
[ReportManager] Assertion [ValidateFileExists] FAILED. Expected [File 'pom.xml' should not exist, after up to '5' retries] and Actual [File exists]. Validation Type [NEGATIVE]. @16-09-2021 02:00:18.0616 A

################################################################################################################################################
Starting Execution:	[108 out of 143] test cases in the current suite
Test Method:		[testPackage01.Test_NewValidationHelper.f3_1]
################################################################################################################################################
[ReportManager] Assertion Passed: Checking valid user data @16-09-2021 02:00:18.0618 AM
[ReportManager] Assertion [ValidateEquals] PASSED. Expected [null] and Actual [null]. Comparison Type [EQUALS]. Validation Type [POSITIVE]. @16-09-2021 02:00:18.0618 A

################################################################################################################################################
Starting Execution:	[109 out of 143] test cases in the current suite
Test Method:		[testPackage01.Test_NewValidationHelper.f4]
################################################################################################################################################
[ReportManager] Assertion [ValidateEquals] PASSED. Expected [1] and Actual [123]. Comparison Type [CONTAINS]. Validation Type [POSITIVE]. @16-09-2021 02:00:18.0620 A

################################################################################################################################################
Starting Execution:	[110 out of 143] test cases in the current suite
Test Method:		[testPackage01.Test_NewValidationHelper.f5]
################################################################################################################################################
[ReportManager] Assertion [ValidateNull] PASSED. Expected [NULL] and Actual [1]. Comparison Type [EQUALS]. Validation Type [NEGATIVE]. @16-09-2021 02:00:18.0622 A

################################################################################################################################################
Starting Execution:	[111 out of 143] test cases in the current suite
Test Method:		[testPackage01.Test_NewValidationHelper.f6]
################################################################################################################################################
[ReportManager] Assertion Failed: Making sure that null string is not equal to null object @16-09-2021 02:00:18.0624 AM
[ReportManager] Assertion [ValidateNull] FAILED. Expected [NULL] and Actual [NULL]. Comparison Type [EQUALS]. Validation Type [POSITIVE]. @16-09-2021 02:00:18.0624 A

################################################################################################################################################
Starting Execution:	[112 out of 143] test cases in the current suite
Test Method:		[testPackage01.Test_NewValidationHelper.f6_1]
################################################################################################################################################
[ReportManager] Assertion [ValidateNull] FAILED. Expected [NULL] and Actual [NULL]. Comparison Type [EQUALS]. Validation Type [NEGATIVE]. @16-09-2021 02:00:18.0626 A

################################################################################################################################################
Starting Execution:	[113 out of 143] test cases in the current suite
Test Method:		[testPackage01.Test_NewValidationHelper.f6_2]
################################################################################################################################################
[ReportManager] Assertion Failed: Making sure that null string is not equal to null object @16-09-2021 02:00:18.0630 AM
[ReportManager] Assertion [ValidateNull] FAILED. Expected [NULL] and Actual [not null]. Comparison Type [EQUALS]. Validation Type [POSITIVE]. @16-09-2021 02:00:18.0630 A

################################################################################################################################################
Starting Execution:	[114 out of 143] test cases in the current suite
Test Method:		[testPackage01.Test_NewValidationHelper.f7]
################################################################################################################################################
[ReportManager] Assertion [ValidateNull] PASSED. Expected [NULL] and Actual [NULL]. Comparison Type [EQUALS]. Validation Type [POSITIVE]. @16-09-2021 02:00:18.0632 A
[ReportManager] File Action [GetAbsolutePath] successfully performed. With the following test data [Relative Folder Path: "target/downloadedFiles/"]. @16-09-2021 02:00:18.0634 AM
[ReportManager] Attempting to run remotely on: [Linux-64], [GoogleChrome], [http://localhost:4444/wd/hub], Headless Execution. @16-09-2021 02:00:18.0634 AM
[ReportManager] Successfully Opened [GoogleChrome]. @16-09-2021 02:00:18.0813 AM
[ReportManager] Target URL: [https://the-internet.herokuapp.com/] @16-09-2021 02:00:18.0829 AM
[ReportManager] Initial URL: [data:,] @16-09-2021 02:00:18.0878 AM
[ReportManager] Browser Action [NavigateToURL] successfully performed. With the following test data [https://the-internet.herokuapp.com/]. @16-09-2021 02:00:19.0222 A

################################################################################################################################################
Starting Execution:	[115 out of 143] test cases in the current suite
Test Method:		[testPackage01.Test_NewValidationHelper.f8]
################################################################################################################################################
[ReportManager] Loaded Shared OpenCV @16-09-2021 02:00:19.0437 AM
[ReportManager] Assertion [ValidateElementExists] PASSED. Expected [Element Should Exist, locator 'By.tagName: h1'] and Actual [Element Exists]. Comparison Type [EQUALS]. Validation Type [POSITIVE]. @16-09-2021 02:00:19.0522 AM
[ReportManager] Successfully created attachment [Screenshot - 1631757619437_f8_ValidateElementExists_passed] @16-09-2021 02:00:19.0523 A
[ReportManager] Successfully Closed All Drivers. @16-09-2021 02:00:19.0595 A
[ReportManager] File Action [GetAbsolutePath] successfully performed. With the following test data [Relative Folder Path: "target/downloadedFiles/"]. @16-09-2021 02:00:19.0597 AM
[ReportManager] Attempting to run remotely on: [Linux-64], [GoogleChrome], [http://localhost:4444/wd/hub], Headless Execution. @16-09-2021 02:00:19.0598 AM
[ReportManager] Successfully Opened [GoogleChrome]. @16-09-2021 02:00:19.0782 AM
[ReportManager] Target URL: [https://the-internet.herokuapp.com/] @16-09-2021 02:00:19.0794 AM
[ReportManager] Initial URL: [data:,] @16-09-2021 02:00:19.0834 AM
[ReportManager] Browser Action [NavigateToURL] successfully performed. With the following test data [https://the-internet.herokuapp.com/]. @16-09-2021 02:00:20.0205 A

################################################################################################################################################
Starting Execution:	[116 out of 143] test cases in the current suite
Test Method:		[testPackage01.Test_NewValidationHelper.f9]
################################################################################################################################################
[ReportManager] Assertion [ValidateElementExists] FAILED. Expected [Element Should Exist, locator 'By.tagName: h3'] and Actual [Element Doesn't Exists]. Comparison Type [EQUALS]. Validation Type [POSITIVE]. @16-09-2021 02:00:50.0954 AM
[ReportManager] Successfully created attachment [Screenshot - 1631757650882_f9_ValidateElementExists_failed] @16-09-2021 02:00:50.0955 A
[ReportManager] Successfully Closed All Drivers. @16-09-2021 02:00:51.0028 A

################################################################################################################################################
Starting Execution:	[117 out of 143] test cases in the current suite
Test Method:		[testPackage01.Test_NewValidationHelper.forceFail]
################################################################################################################################################
[ReportManager] Assertion [ValidateFail] FAILED. Successfully force failed the test. @16-09-2021 02:00:51.0032 A

################################################################################################################################################
Starting Execution:	[118 out of 143] test cases in the current suite
Test Method:		[testPackage01.Test_NewValidationHelper.forceFail2]
################################################################################################################################################
[ReportManager] Assertion Failed: Custom Message @16-09-2021 02:00:51.0034 AM
[ReportManager] Assertion [ValidateFail] FAILED. Successfully force failed the test. @16-09-2021 02:00:51.0034 A

################################################################################################################################################
Starting Execution:	[119 out of 143] test cases in the current suite
Test Method:		[testPackage01.Test_sendGraphqlRequest.sendGraphqlRequestUsingMutationAndVariables]
################################################################################################################################################
[ReportManager] GraphQl Request is being Performed with the Following Parameters [Service URL: https://api.spacex.land/graphql | Request Body: {"variables":"{\"name\": \"sherlock holmes\",\"rocket\": \"221B Baker Street\"}","query":"mutation ($name: String, $rocket: String) {\n  insert_users(objects: {name: $name, rocket: $rocket}) {\n    returning {\n      name\n      rocket\n    }\n  }\n}"}] @16-09-2021 02:00:51.0038 AM
[ReportManager] Response status code: [200], status line: [HTTP/1.1 200 OK] @16-09-2021 02:00:51.0286 AM
[ReportManager] Assertion Passed: Evaluating the actual response status code against the expected one... @16-09-2021 02:00:51.0286 AM
[ReportManager] Assertion [ValidateEquals] PASSED. Expected [200] and Actual [200]. Comparison Type [EQUALS]. Validation Type [POSITIVE]. @16-09-2021 02:00:51.0286 AM
[ReportManager] API Action [PerformRequest] successfully performed. With the following test data [Request Type: "POST" | Target Status Code: "200" | Service URL: "https://api.spacex.land/graphql" | Content Type: "application/json" | Response Time: "182ms"]. @16-09-2021 02:00:51.0302 AM
[ReportManager] Successfully created attachment [API Request - Specifications] @16-09-2021 02:00:51.0302 AM
[ReportManager] Successfully created attachment [API Request - JSON Body] @16-09-2021 02:00:51.0303 AM
[ReportManager] Successfully created attachment [API Response - JSON Body] @16-09-2021 02:00:51.0303 AM
[ReportManager] API Action [GetResponseJSONValue] successfully performed. With the following test data [data.insert_users.returning[0].name]. @16-09-2021 02:00:51.0351 AM
[ReportManager] Assertion [ValidateEquals] PASSED. Expected [sherlock holmes] and Actual [sherlock holmes]. Comparison Type [EQUALS]. Validation Type [POSITIVE]. @16-09-2021 02:00:51.0351 A

################################################################################################################################################
Starting Execution:	[120 out of 143] test cases in the current suite
Test Method:		[testPackage01.Test_sendGraphqlRequest.sendGraphqlRequestUsingQuery]
################################################################################################################################################
[ReportManager] GraphQl Request is being Performed with the Following Parameters [Service URL: https://api.spacex.land/graphql | Request Body: {"query":"{company {ceo}}"}] @16-09-2021 02:00:51.0358 AM
[ReportManager] Response status code: [200], status line: [HTTP/1.1 200 OK] @16-09-2021 02:00:51.0423 AM
[ReportManager] Assertion Passed: Evaluating the actual response status code against the expected one... @16-09-2021 02:00:51.0423 AM
[ReportManager] Assertion [ValidateEquals] PASSED. Expected [200] and Actual [200]. Comparison Type [EQUALS]. Validation Type [POSITIVE]. @16-09-2021 02:00:51.0423 AM
[ReportManager] API Action [PerformRequest] successfully performed. With the following test data [Request Type: "POST" | Target Status Code: "200" | Service URL: "https://api.spacex.land/graphql" | Content Type: "application/json" | Response Time: "59ms"]. @16-09-2021 02:00:51.0434 AM
[ReportManager] Successfully created attachment [API Request - Specifications] @16-09-2021 02:00:51.0435 AM
[ReportManager] Successfully created attachment [API Request - JSON Body] @16-09-2021 02:00:51.0435 AM
[ReportManager] Successfully created attachment [API Response - JSON Body] @16-09-2021 02:00:51.0435 AM
[ReportManager] API Action [GetResponseJSONValue] successfully performed. With the following test data [data.company.ceo]. @16-09-2021 02:00:51.0446 AM
[ReportManager] Assertion [ValidateEquals] PASSED. Expected [Elon Musk] and Actual [Elon Musk]. Comparison Type [EQUALS]. Validation Type [POSITIVE]. @16-09-2021 02:00:51.0446 A

################################################################################################################################################
Starting Execution:	[121 out of 143] test cases in the current suite
Test Method:		[testPackage01.Test_JsonCompareWithSpecialCharacters.specialCharacters]
################################################################################################################################################
[ReportManager] File Action [GetAbsolutePath] successfully performed. With the following test data [Relative Folder Path: "src/test/resources/TestJsonFiles/specialCharacters.json"]. @16-09-2021 02:00:51.0455 AM
[ReportManager] File Action [ReadFromFile] successfully performed. With the following test data [File Path: "/home/runner/work/SHAFT_ENGINE/SHAFT_ENGINE/src/test/resources/TestJsonFiles/specialCharacters.json"]. @16-09-2021 02:00:51.0461 AM
[ReportManager] Successfully created attachment [File Action Actual Result - Command Log] @16-09-2021 02:00:51.0461 AM
[ReportManager] Comparing the provided API response with the file at this path "src/test/resources/TestJsonFiles/specialCharacters.json", comparison type "EQUALS" @16-09-2021 02:00:51.0462 AM
[ReportManager] API Action [CompareJSON] successfully performed. With the following test data [src/test/resources/TestJsonFiles/specialCharacters.json]. @16-09-2021 02:00:51.0469 AM
[ReportManager] File Action [GetAbsolutePath] successfully performed. With the following test data [Relative Folder Path: "src/test/resources/TestJsonFiles/specialCharacters.json"]. @16-09-2021 02:00:51.0469 AM
[ReportManager] File Action [ReadFromFile] successfully performed. With the following test data [File Path: "/home/runner/work/SHAFT_ENGINE/SHAFT_ENGINE/src/test/resources/TestJsonFiles/specialCharacters.json"]. @16-09-2021 02:00:51.0469 AM
[ReportManager] Verification [ValidateJSONFileContent] PASSED. Expected [Response data should match the JSON File in this path 'src/test/resources/TestJsonFiles/specialCharacters.json'] and Actual [TRUE]. Comparison Type [EQUALS]. Validation Type [POSITIVE]. @16-09-2021 02:00:51.0473 AM
[ReportManager] Successfully created attachment [Validation Test Data - Expected JSON Value] @16-09-2021 02:00:51.0474 AM
[ReportManager] Successfully created attachment [Validation Test Data - Actual JSON Value] @16-09-2021 02:00:51.0474 A

################################################################################################################################################
Starting Execution:	[122 out of 143] test cases in the current suite
Test Method:		[testPackage01.Test_JsonCompareWithSpecialCharacters.specialCharacters_assertion]
################################################################################################################################################
[ReportManager] File Action [GetAbsolutePath] successfully performed. With the following test data [Relative Folder Path: "src/test/resources/TestJsonFiles/specialCharacters.json"]. @16-09-2021 02:00:51.0481 AM
[ReportManager] File Action [ReadFromFile] successfully performed. With the following test data [File Path: "/home/runner/work/SHAFT_ENGINE/SHAFT_ENGINE/src/test/resources/TestJsonFiles/specialCharacters.json"]. @16-09-2021 02:00:51.0482 AM
[ReportManager] Successfully created attachment [File Action Actual Result - Command Log] @16-09-2021 02:00:51.0482 AM
[ReportManager] Comparing the provided API response with the file at this path "src/test/resources/TestJsonFiles/specialCharacters.json", comparison type "CONTAINS" @16-09-2021 02:00:51.0482 AM
[ReportManager] API Action [CompareJSON] successfully performed. With the following test data [src/test/resources/TestJsonFiles/specialCharacters.json]. @16-09-2021 02:00:51.0501 AM
[ReportManager] File Action [GetAbsolutePath] successfully performed. With the following test data [Relative Folder Path: "src/test/resources/TestJsonFiles/specialCharacters.json"]. @16-09-2021 02:00:51.0501 AM
[ReportManager] File Action [ReadFromFile] successfully performed. With the following test data [File Path: "/home/runner/work/SHAFT_ENGINE/SHAFT_ENGINE/src/test/resources/TestJsonFiles/specialCharacters.json"]. @16-09-2021 02:00:51.0501 AM
[ReportManager] Assertion Passed: trying out the log message @16-09-2021 02:00:51.0504 AM
[ReportManager] Successfully created attachment [Validation Test Data - Expected JSON Value] @16-09-2021 02:00:51.0505 AM
[ReportManager] Successfully created attachment [Validation Test Data - Actual JSON Value] @16-09-2021 02:00:51.0505 AM
[ReportManager] Assertion [ValidateJSONFileContent] PASSED. Expected [Response data should match the JSON File in this path 'src/test/resources/TestJsonFiles/specialCharacters.json'] and Actual [TRUE]. Comparison Type [CONTAINS]. Validation Type [POSITIVE]. @16-09-2021 02:00:51.0505 A

################################################################################################################################################
Starting Execution:	[123 out of 143] test cases in the current suite
Test Method:		[testPackage01.Test_JsonActions.f]
###############################################################################################################################################

################################################################################################################################################
Starting Execution:	[124 out of 143] test cases in the current suite
Test Method:		[testPackage01.Test_JsonActions.f2]
###############################################################################################################################################
[ReportManager] File Action [GetAbsolutePath] successfully performed. With the following test data [Relative Folder Path: "target/downloadedFiles/"]. @16-09-2021 02:00:51.0522 AM
[ReportManager] Attempting to run remotely on: [Linux-64], [GoogleChrome], [http://localhost:4444/wd/hub], Headless Execution. @16-09-2021 02:00:51.0522 AM
[ReportManager] Successfully Opened [GoogleChrome]. @16-09-2021 02:00:51.0736 A

################################################################################################################################################
Starting Execution:	[125 out of 143] test cases in the current suite
Test Method:		[testPackage01.Test_dynamicLoading.dynamicLoading_elementIsHidden]
################################################################################################################################################
[ReportManager] Target URL: [https://the-internet.herokuapp.com/dynamic_loading/1] @16-09-2021 02:00:51.0750 AM
[ReportManager] Initial URL: [data:,] @16-09-2021 02:00:51.0803 AM
[ReportManager] Browser Action [NavigateToURL] successfully performed. With the following test data [https://the-internet.herokuapp.com/dynamic_loading/1]. @16-09-2021 02:00:52.0197 AM
[ReportManager] Element Action [Click] successfully performed. With the following test data [Start]. @16-09-2021 02:00:52.0572 AM
[ReportManager] Element Action [GetText] successfully performed. With the following test data [
    Hello World!
  ]. @16-09-2021 02:00:52.0692 AM
[ReportManager] Loaded Shared OpenCV @16-09-2021 02:00:52.0855 AM
[ReportManager] Assertion [ValidateElementAttribute] PASSED. Expected [Value Should be 'Hello World!' for the 'text' attribute, element locator 'By.id: finish'] and Actual [
    Hello World!
  ]. Comparison Type [CONTAINS]. Validation Type [POSITIVE]. @16-09-2021 02:00:52.0930 AM
[ReportManager] Successfully created attachment [Screenshot - 1631757652855_dynamicLoading_elementIsHidden_ValidateElementAttribute_passed] @16-09-2021 02:00:52.0931 A
[ReportManager] Browser Action [CloseCurrentWindow] successfully performed. @16-09-2021 02:00:53.0037 AM
[ReportManager] Successfully created attachment [Browser Action Test Data - CloseCurrentWindow - Actual Value] @16-09-2021 02:00:53.0038 A
[ReportManager] File Action [GetAbsolutePath] successfully performed. With the following test data [Relative Folder Path: "target/downloadedFiles/"]. @16-09-2021 02:00:53.0041 AM
[ReportManager] Attempting to run remotely on: [Linux-64], [GoogleChrome], [http://localhost:4444/wd/hub], Headless Execution. @16-09-2021 02:00:53.0041 AM
[ReportManager] Successfully Opened [GoogleChrome]. @16-09-2021 02:00:53.0229 A

################################################################################################################################################
Starting Execution:	[126 out of 143] test cases in the current suite
Test Method:		[testPackage01.Test_dynamicLoading.dynamicLoading_elementIsRendered]
################################################################################################################################################
[ReportManager] Target URL: [https://the-internet.herokuapp.com/dynamic_loading/2] @16-09-2021 02:00:53.0250 AM
[ReportManager] Initial URL: [data:,] @16-09-2021 02:00:53.0294 AM
[ReportManager] Browser Action [NavigateToURL] successfully performed. With the following test data [https://the-internet.herokuapp.com/dynamic_loading/2]. @16-09-2021 02:00:53.0639 AM
[ReportManager] Element Action [Click] successfully performed. With the following test data [Start]. @16-09-2021 02:00:53.0983 AM
[ReportManager] Element Action [GetText] successfully performed. With the following test data [Hello World!]. @16-09-2021 02:00:59.0175 AM
[ReportManager] Loaded Shared OpenCV @16-09-2021 02:00:59.0323 AM
[ReportManager] Assertion [ValidateElementAttribute] PASSED. Expected [Value Should be 'Hello World!' for the 'text' attribute, element locator 'By.id: finish'] and Actual [Hello World!]. Comparison Type [CONTAINS]. Validation Type [POSITIVE]. @16-09-2021 02:00:59.0409 AM
[ReportManager] Successfully created attachment [Screenshot - 1631757659323_dynamicLoading_elementIsRendered_ValidateElementAttribute_passed] @16-09-2021 02:00:59.0410 A
[ReportManager] Browser Action [CloseCurrentWindow] successfully performed. @16-09-2021 02:00:59.0512 AM
[ReportManager] Successfully created attachment [Browser Action Test Data - CloseCurrentWindow - Actual Value] @16-09-2021 02:00:59.0513 A

################################################################################################################################################
Starting Execution:	[127 out of 143] test cases in the current suite
Test Method:		[testPackage01.Test_chainableElementActions.chainElementActions]
################################################################################################################################################
[ReportManager] File Action [GetAbsolutePath] successfully performed. With the following test data [Relative Folder Path: "target/downloadedFiles/"]. @16-09-2021 02:00:59.0517 AM
[ReportManager] Attempting to run remotely on: [Linux-64], [GoogleChrome], [http://localhost:4444/wd/hub], Headless Execution. @16-09-2021 02:00:59.0518 AM
[ReportManager] Successfully Opened [GoogleChrome]. @16-09-2021 02:00:59.0710 AM
[ReportManager] Target URL: [https://www.google.com/ncr], and after redirection: [https://www.google.com] @16-09-2021 02:00:59.0720 AM
[ReportManager] Initial URL: [data:,] @16-09-2021 02:00:59.0774 AM
[ReportManager] Browser Action [NavigateToURL] successfully performed. With the following test data [https://www.google.com/ncr]. @16-09-2021 02:01:00.0648 AM
[ReportManager] Element Action [Type] successfully performed. With the following test data [chained type 1]. @16-09-2021 02:01:00.0999 AM
[ReportManager] Element Action [Type] successfully performed. With the following test data [chained type 2]. @16-09-2021 02:01:01.0338 AM
[ReportManager] Element Action [TypeAppend] successfully performed. With the following test data [345]. @16-09-2021 02:01:01.0420 AM
[ReportManager] Element Action [GetText] successfully performed. With the following test data [chained type 2345]. @16-09-2021 02:01:01.0531 AM
[ReportManager] Loaded Shared OpenCV @16-09-2021 02:01:01.0711 AM
[ReportManager] Assertion [ValidateElementAttribute] PASSED. Expected [Value Should be 'chained type 2345' for the 'text' attribute, element locator 'By.name: q'] and Actual [chained type 2345]. Comparison Type [EQUALS]. Validation Type [POSITIVE]. @16-09-2021 02:01:01.0796 AM
[ReportManager] Successfully created attachment [Screenshot - 1631757661711_chainElementActions_ValidateElementAttribute_passed] @16-09-2021 02:01:01.0797 AM
[ReportManager] Browser Action [CloseCurrentWindow] successfully performed. @16-09-2021 02:01:01.0927 AM
[ReportManager] Successfully created attachment [Browser Action Test Data - CloseCurrentWindow - Actual Value] @16-09-2021 02:01:01.0928 A
[ReportManager] File Action [GetAbsolutePath] successfully performed. With the following test data [Relative Folder Path: "target/downloadedFiles/"]. @16-09-2021 02:01:01.0931 AM
[ReportManager] Attempting to run remotely on: [Linux-64], [GoogleChrome], [http://localhost:4444/wd/hub], Headless Execution. @16-09-2021 02:01:01.0931 AM
[ReportManager] Successfully Opened [GoogleChrome]. @16-09-2021 02:01:02.0128 A

################################################################################################################################################
Starting Execution:	[128 out of 143] test cases in the current suite
Test Method:		[testPackage01.Test_dragAndDrop.dragAndDropJquery]
################################################################################################################################################
[ReportManager] Target URL: [https://jqueryui.com/resources/demos/droppable/default.html] @16-09-2021 02:01:02.0140 AM
[ReportManager] Initial URL: [data:,] @16-09-2021 02:01:02.0196 AM
[ReportManager] Browser Action [NavigateToURL] successfully performed. With the following test data [https://jqueryui.com/resources/demos/droppable/default.html]. @16-09-2021 02:01:02.0566 AM
[ReportManager] Element Action [GetText] successfully performed. With the following test data [Drop here]. @16-09-2021 02:01:02.0652 AM
[ReportManager] Element Action [DragAndDrop] successfully performed. With the following test data [Start point: (8, 18), End point: (8, 18)]. @16-09-2021 02:01:04.0024 AM
[ReportManager] Element Action [GetText] successfully performed. With the following test data [Dropped!]. @16-09-2021 02:01:04.0100 AM
[ReportManager] Assertion Passed: Checking to see if the text has changed after performing drag and drop @16-09-2021 02:01:04.0101 AM
[ReportManager] Assertion [ValidateEquals] PASSED. Expected [Drop here] and Actual [Dropped!]. Comparison Type [EQUALS]. Validation Type [NEGATIVE]. @16-09-2021 02:01:04.0101 A
[ReportManager] Browser Action [CloseCurrentWindow] successfully performed. @16-09-2021 02:01:04.0215 AM
[ReportManager] Successfully created attachment [Browser Action Test Data - CloseCurrentWindow - Actual Value] @16-09-2021 02:01:04.0215 A
[ReportManager] File Action [GetAbsolutePath] successfully performed. With the following test data [Relative Folder Path: "target/downloadedFiles/"]. @16-09-2021 02:01:04.0222 AM
[ReportManager] Attempting to run remotely on: [Linux-64], [GoogleChrome], [http://localhost:4444/wd/hub], Headless Execution. @16-09-2021 02:01:04.0222 AM
[ReportManager] Successfully Opened [GoogleChrome]. @16-09-2021 02:01:04.0434 A

################################################################################################################################################
Starting Execution:	[129 out of 143] test cases in the current suite
Test Method:		[testPackage01.Test_dragAndDrop.dragAndDrop]
Test Description:	[TC001 - Test Drag and Drop function.]
################################################################################################################################################
[ReportManager] Target URL: [http://the-internet.herokuapp.com/drag_and_drop] @16-09-2021 02:01:04.0446 AM
[ReportManager] Initial URL: [data:,] @16-09-2021 02:01:04.0512 AM
[ReportManager] Browser Action [NavigateToURL] successfully performed. With the following test data [http://the-internet.herokuapp.com/drag_and_drop]. @16-09-2021 02:01:04.0850 AM
[ReportManager] Attempting Drag and Drop @16-09-2021 02:01:04.0850 AM
[ReportManager] Element Action [DragAndDrop] successfully performed. With the following test data [Start point: (32, 89), End point: (247, 89)]. @16-09-2021 02:01:06.0078 A
[ReportManager] Browser Action [CloseCurrentWindow] successfully performed. @16-09-2021 02:01:06.0183 AM
[ReportManager] Successfully created attachment [Browser Action Test Data - CloseCurrentWindow - Actual Value] @16-09-2021 02:01:06.0184 A
[ReportManager] File Action [GetAbsolutePath] successfully performed. With the following test data [Relative Folder Path: "target/downloadedFiles/"]. @16-09-2021 02:01:06.0185 AM
[ReportManager] Attempting to run remotely on: [Linux-64], [GoogleChrome], [http://localhost:4444/wd/hub], Headless Execution. @16-09-2021 02:01:06.0186 AM
[ReportManager] Successfully Opened [GoogleChrome]. @16-09-2021 02:01:06.0369 A

################################################################################################################################################
Starting Execution:	[130 out of 143] test cases in the current suite
Test Method:		[testPackage01.Test_dragAndDrop.dragAndDropByOffset]
Test Description:	[TC002 - Test Drag and Drop by offset function.]
################################################################################################################################################
[ReportManager] Target URL: [https://jqueryui.com/resources/demos/draggable/default.html] @16-09-2021 02:01:06.0390 AM
[ReportManager] Initial URL: [data:,] @16-09-2021 02:01:06.0434 AM
[ReportManager] Browser Action [NavigateToURL] successfully performed. With the following test data [https://jqueryui.com/resources/demos/draggable/default.html]. @16-09-2021 02:01:06.0731 AM
[ReportManager] Element Action [DragAndDropByOffset] successfully performed. With the following test data [Start point: (8, 8), End point: (108, 58)]. @16-09-2021 02:01:06.0896 A
[ReportManager] Browser Action [CloseCurrentWindow] successfully performed. @16-09-2021 02:01:06.0985 AM
[ReportManager] Successfully created attachment [Browser Action Test Data - CloseCurrentWindow - Actual Value] @16-09-2021 02:01:06.0985 A

################################################################################################################################################
Starting Execution:	[131 out of 143] test cases in the current suite
Test Method:		[testPackage01.Test_AssertApiResponseEquals.assertApiResponseEquals_expectedToPass]
################################################################################################################################################
[ReportManager] Response status code: [200], status line: [HTTP/1.1 200 OK] @16-09-2021 02:01:07.0049 AM
[ReportManager] Assertion Passed: Evaluating the actual response status code against the expected one... @16-09-2021 02:01:07.0049 AM
[ReportManager] Assertion [ValidateEquals] PASSED. Expected [200] and Actual [200]. Comparison Type [EQUALS]. Validation Type [POSITIVE]. @16-09-2021 02:01:07.0049 AM
[ReportManager] API Action [PerformRequest] successfully performed. With the following test data [Request Type: "GET" | Target Status Code: "200" | Service URL: "https://jsonplaceholder.typicode.com/users" | Content Type: "*/*" | Response Time: "55ms"]. @16-09-2021 02:01:07.0064 AM
[ReportManager] Successfully created attachment [API Request - Specifications] @16-09-2021 02:01:07.0064 AM
[ReportManager] Successfully created attachment [API Response - JSON Body] @16-09-2021 02:01:07.0065 AM
[ReportManager] API Action [GetResponseJSONValueAsList] successfully performed. With the following test data [$]. @16-09-2021 02:01:07.0068 AM
[ReportManager] API Action [GetResponseJSONValue] successfully performed. With the following test data [name]. @16-09-2021 02:01:07.0078 AM
[ReportManager] API Action [GetResponseJSONValue] successfully performed. With the following test data [email]. @16-09-2021 02:01:07.0086 AM
[ReportManager] Verification [ValidateEquals] PASSED. Expected [Sincere@april.biz] and Actual [Sincere@april.biz]. Comparison Type [EQUALS]. Validation Type [POSITIVE]. @16-09-2021 02:01:07.0086 AM
[ReportManager] API Action [GetResponseJSONValue] successfully performed. With the following test data [username]. @16-09-2021 02:01:07.0095 AM
[ReportManager] Assertion [ValidateEquals] PASSED. Expected [Bret] and Actual [Bret]. Comparison Type [EQUALS]. Validation Type [POSITIVE]. @16-09-2021 02:01:07.0095 AM
[ReportManager] API Action [GetResponseJSONValue] successfully performed. With the following test data [name]. @16-09-2021 02:01:07.0103 AM
[ReportManager] API Action [GetResponseJSONValue] successfully performed. With the following test data [name]. @16-09-2021 02:01:07.0112 AM
[ReportManager] API Action [GetResponseJSONValue] successfully performed. With the following test data [name]. @16-09-2021 02:01:07.0120 AM
[ReportManager] API Action [GetResponseJSONValue] successfully performed. With the following test data [name]. @16-09-2021 02:01:07.0128 AM
[ReportManager] API Action [GetResponseJSONValue] successfully performed. With the following test data [name]. @16-09-2021 02:01:07.0136 AM
[ReportManager] API Action [GetResponseJSONValue] successfully performed. With the following test data [name]. @16-09-2021 02:01:07.0181 AM
[ReportManager] API Action [GetResponseJSONValue] successfully performed. With the following test data [name]. @16-09-2021 02:01:07.0189 AM
[ReportManager] API Action [GetResponseJSONValue] successfully performed. With the following test data [name]. @16-09-2021 02:01:07.0197 AM
[ReportManager] API Action [GetResponseJSONValue] successfully performed. With the following test data [name]. @16-09-2021 02:01:07.0206 A

################################################################################################################################################
Starting Execution:	[132 out of 143] test cases in the current suite
Test Method:		[testPackage01.Test_testData.f]
################################################################################################################################################
[ReportManager] Successfully loaded the following test data file [src/test/resources/TestDataFiles/testSuite01/TestData.xlsx]. @16-09-2021 02:01:07.0253 AM
[ReportManager] Successfully created attachment [Test Data - Excel] @16-09-2021 02:01:07.0253 AM
[ReportManager] Last Column Number is: [3]. Zero-based. @16-09-2021 02:01:07.0254 A
[ReportManager] Successfully loaded the following test data file [src/test/resources/TestDataFiles/testSuite01/TestData.xlsx]. @16-09-2021 02:01:07.0318 AM
[ReportManager] Successfully created attachment [Test Data - Excel] @16-09-2021 02:01:07.0318 AM
[ReportManager] Attempting to run using Playwright locally on: [Linux-64], [GoogleChrome], Headless Execution. @16-09-2021 02:01:21.0949 AM
[ReportManager] File Action [GetAbsolutePath] successfully performed. With the following test data [Relative Folder Path: "target/downloadedFiles/"]. @16-09-2021 02:01:21.0951 AM
[ReportManager] Initial window size: (1280, 720) @16-09-2021 02:01:22.0399 AM
[ReportManager] Window size after Toolkit: com.microsoft.playwright.options.ViewportSize@c70c603 @16-09-2021 02:01:22.0412 AM
[ReportManager] Browser Action [MaximizeWindow] successfully performed. With the following test data [New screen size is now: (1920, 1080)]. @16-09-2021 02:01:22.0413 A

################################################################################################################################################
Starting Execution:	[133 out of 143] test cases in the current suite
Test Method:		[testPackage01.Test_google_playwright.navigateToURLandVerifyGoogleLogoIsDisplayed]
Test Description:	[TC001 - Navigate to URL and Verify Google Logo is Displayed]
################################################################################################################################################
[ReportManager] Target URL: [https://www.google.com/ncr], and after redirection: [https://www.google.com] @16-09-2021 02:01:22.0419 AM
[ReportManager] Initial URL: [about:blank] @16-09-2021 02:01:22.0882 AM
[ReportManager] Browser Action [NavigateToURL] successfully performed. With the following test data [https://www.google.com/ncr]. @16-09-2021 02:01:24.0068 AM
[ReportManager] Loaded Shared OpenCV @16-09-2021 02:01:24.0333 AM
[ReportManager] Assertion [ValidateElementExists] PASSED. Expected [Element Should Exist, locator 'xpath=//*[@id='hplogo' or @alt='Google']'] and Actual [Element Exists]. Comparison Type [EQUALS]. Validation Type [POSITIVE]. @16-09-2021 02:01:24.0585 AM
[ReportManager] Successfully created attachment [Screenshot - 1631757684330_navigateToURLandVerifyGoogleLogoIsDisplayed_ValidateElementExists_passed] @16-09-2021 02:01:24.0587 A

################################################################################################################################################
Starting Execution:	[134 out of 143] test cases in the current suite
Test Method:		[testPackage01.Test_google_playwright.searchForQueryandAssertResultsNumDisplayed]
Test Description:	[TC002 - Search for Query and Assert that the number of results is displayed]
################################################################################################################################################
[ReportManager] Element Action [Type] successfully performed. With the following test data [SHAFT_Engine]. @16-09-2021 02:01:24.0875 AM
[ReportManager] Element Action [KeyPress] successfully performed. With the following test data [Enter]. @16-09-2021 02:01:24.0912 AM
[ReportManager] Element Action [GetText] successfully performed. With the following test data [About 737,000 results (0.66 seconds)]. @16-09-2021 02:01:25.0795 AM
[ReportManager] Loaded Shared OpenCV @16-09-2021 02:01:27.0141 AM
[ReportManager] Assertion [ValidateElementAttribute] PASSED. Expected [Value Should not be '' for the 'text' attribute, element locator 'xpath=//div[@id='appbar']'] and Actual [About 737,000 results (0.66 seconds)]. Comparison Type [EQUALS]. Validation Type [NEGATIVE]. @16-09-2021 02:01:27.0434 AM
[ReportManager] Successfully created attachment [Screenshot - 1631757687138_searchForQueryandAssertResultsNumDisplayed_ValidateElementAttribute_passed] @16-09-2021 02:01:27.0446 A

################################################################################################################################################
Starting Execution:	[135 out of 143] test cases in the current suite
Test Method:		[testPackage01.Test_google_playwright.clickNextThrice]
Test Description:	[TC003 - Clicks the next button to make sure that the framework can scroll element into view before clicking it]
################################################################################################################################################
[ReportManager] Element Action [Click] successfully performed. With the following test data [Next]. @16-09-2021 02:01:27.0707 A
[ReportManager] Failed to find video recording. @16-09-2021 02:01:27.0709 AM
[ReportManager] Successfully Closed PlayWright Driver. @16-09-2021 02:01:27.0778 A
[ReportManager] File Action [GetAbsolutePath] successfully performed. With the following test data [Relative Folder Path: "target/downloadedFiles/"]. @16-09-2021 02:01:27.0779 AM
[ReportManager] Attempting to run remotely on: [Linux-64], [GoogleChrome], [http://localhost:4444/wd/hub], Headless Execution. @16-09-2021 02:01:27.0779 AM
[ReportManager] Successfully Opened [GoogleChrome]. @16-09-2021 02:01:28.0018 A

################################################################################################################################################
Starting Execution:	[136 out of 143] test cases in the current suite
Test Method:		[testPackage01.Test_clipboardActions.typeTextAndCopyPaste]
################################################################################################################################################
[ReportManager] Target URL: [https://www.google.com/ncr], and after redirection: [https://www.google.com] @16-09-2021 02:01:28.0035 AM
[ReportManager] Initial URL: [data:,] @16-09-2021 02:01:28.0082 AM
[ReportManager] Browser Action [NavigateToURL] successfully performed. With the following test data [https://www.google.com/ncr]. @16-09-2021 02:01:28.0888 AM
[ReportManager] Element Action [Type] successfully performed. With the following test data [FIRST]. @16-09-2021 02:01:29.0238 AM
[ReportManager] Element Action [ClipboardActions] successfully performed. With the following test data [select all]. @16-09-2021 02:01:29.0307 AM
[ReportManager] Element Action [ClipboardActions] successfully performed. With the following test data [copy]. @16-09-2021 02:01:29.0362 AM
[ReportManager] Element Action [ClipboardActions] successfully performed. With the following test data [unselect]. @16-09-2021 02:01:29.0417 AM
[ReportManager] Element Action [ClipboardActions] successfully performed. With the following test data [paste]. @16-09-2021 02:01:29.0471 AM
[ReportManager] Element Action [ClipboardActions] successfully performed. With the following test data [select all]. @16-09-2021 02:01:29.0540 AM
[ReportManager] Element Action [Type] successfully performed. @16-09-2021 02:01:29.0802 AM
[ReportManager] Element Action [ClipboardActions] successfully performed. With the following test data [cut]. @16-09-2021 02:01:29.0802 AM
[ReportManager] Element Action [ClipboardActions] successfully performed. With the following test data [paste]. @16-09-2021 02:01:29.0879 AM
[ReportManager] Element Action [ClipboardActions] successfully performed. With the following test data [paste]. @16-09-2021 02:01:29.0956 A
[ReportManager] Browser Action [CloseCurrentWindow] successfully performed. @16-09-2021 02:01:30.0189 AM
[ReportManager] Successfully created attachment [Browser Action Test Data - CloseCurrentWindow - Actual Value] @16-09-2021 02:01:30.0194 A
[ReportManager] File Action [GetAbsolutePath] successfully performed. With the following test data [Relative Folder Path: "target/downloadedFiles/"]. @16-09-2021 02:01:30.0196 AM
[ReportManager] Attempting to run remotely on: [Linux-64], [GoogleChrome], [http://localhost:4444/wd/hub], Headless Execution. @16-09-2021 02:01:30.0196 AM
[ReportManager] Successfully Opened [GoogleChrome]. @16-09-2021 02:01:30.0392 A

################################################################################################################################################
Starting Execution:	[137 out of 143] test cases in the current suite
Test Method:		[testPackage01.Test_uploadFile.uploadFile_invisibleUploadInput]
################################################################################################################################################
[ReportManager] Target URL: [https://fineuploader.com/demos.html#gallery-view] @16-09-2021 02:01:30.0411 AM
[ReportManager] Initial URL: [data:,] @16-09-2021 02:01:30.0457 AM
[ReportManager] Browser Action [NavigateToURL] successfully performed. With the following test data [https://fineuploader.com/demos.html#gallery-view]. @16-09-2021 02:01:31.0830 AM
[ReportManager] File Action [GetAbsolutePath] successfully performed. With the following test data [Relative File Path: "src/main/resources/images/shaft.png"]. @16-09-2021 02:01:31.0835 AM
[ReportManager] Successfully created attachment [File Action Actual Result - Command Log] @16-09-2021 02:01:31.0836 AM
[ReportManager] Element Action [TypeFileLocationForUpload] successfully performed. With the following test data [/home/runner/work/SHAFT_ENGINE/SHAFT_ENGINE/src/main/resources/images/shaft.png]. @16-09-2021 02:01:32.0054 AM
[ReportManager] Attempting to getAttribute [src] from elementLocator [By.xpath: //div[@id='fine-uploader-gallery']//div[@class='qq-thumbnail-wrapper']/img]. @16-09-2021 02:01:32.0055 AM
[ReportManager] Element Action [GetAttribute] successfully performed. @16-09-2021 02:01:32.0182 AM
[ReportManager] Successfully created attachment [Element Action Test Data - GetAttribute - Actual Value] @16-09-2021 02:01:32.0182 AM
[ReportManager] Loaded Shared OpenCV @16-09-2021 02:01:32.0334 AM
[ReportManager] Assertion [ValidateElementAttribute] PASSED. Expected and Actual values are attached. Comparison Type [CONTAINS]. Validation Type [POSITIVE]. @16-09-2021 02:01:32.0421 AM
[ReportManager] Successfully created attachment [Validation Test Data - Expected Value] @16-09-2021 02:01:32.0421 AM
[ReportManager] Successfully created attachment [Validation Test Data - Actual Value] @16-09-2021 02:01:32.0421 AM
[ReportManager] Successfully created attachment [Screenshot - 1631757692334_uploadFile_invisibleUploadInput_ValidateElementAttribute_passed] @16-09-2021 02:01:32.0422 A
[ReportManager] Browser Action [CloseCurrentWindow] successfully performed. @16-09-2021 02:01:32.0565 AM
[ReportManager] Successfully created attachment [Browser Action Test Data - CloseCurrentWindow - Actual Value] @16-09-2021 02:01:32.0565 A
[ReportManager] File Action [GetAbsolutePath] successfully performed. With the following test data [Relative Folder Path: "target/downloadedFiles/"]. @16-09-2021 02:01:32.0569 AM
[ReportManager] Attempting to run remotely on: [Linux-64], [GoogleChrome], [http://localhost:4444/wd/hub], Headless Execution. @16-09-2021 02:01:32.0569 AM
[ReportManager] Successfully Opened [GoogleChrome]. @16-09-2021 02:01:32.0760 A

################################################################################################################################################
Starting Execution:	[138 out of 143] test cases in the current suite
Test Method:		[testPackage01.Test_uploadFile.uploadFile_visibleUploadInput]
################################################################################################################################################
[ReportManager] Target URL: [http://demo.guru99.com/test/upload/] @16-09-2021 02:01:32.0782 AM
[ReportManager] Initial URL: [data:,] @16-09-2021 02:01:32.0831 AM
[ReportManager] Browser Action [NavigateToURL] successfully performed. With the following test data [http://demo.guru99.com/test/upload/]. @16-09-2021 02:01:33.0684 AM
[ReportManager] File Action [GetAbsolutePath] successfully performed. With the following test data [Relative File Path: "src/main/resources/images/shaft.png"]. @16-09-2021 02:01:33.0684 AM
[ReportManager] Successfully created attachment [File Action Actual Result - Command Log] @16-09-2021 02:01:33.0684 AM
[ReportManager] Element Action [TypeFileLocationForUpload] successfully performed. With the following test data [/home/runner/work/SHAFT_ENGINE/SHAFT_ENGINE/src/main/resources/images/shaft.png]. @16-09-2021 02:01:33.0846 AM
[ReportManager] Element Action [Click] successfully performed. With the following test data [on]. @16-09-2021 02:01:34.0196 AM
[ReportManager] Element Action [Click] successfully performed. With the following test data [Submit File]. @16-09-2021 02:01:34.0506 AM
[ReportManager] Element Action [GetText] successfully performed. With the following test data [1 file
has been successfully uploaded.]. @16-09-2021 02:01:35.0161 AM
[ReportManager] Loaded Shared OpenCV @16-09-2021 02:01:35.0309 AM
[ReportManager] Assertion [ValidateElementAttribute] PASSED. Expected [Value Should be '1 file' for the 'Text' attribute, element locator 'By.id: res'] and Actual [1 file
has been successfully uploaded.]. Comparison Type [CONTAINS]. Validation Type [POSITIVE]. @16-09-2021 02:01:35.0405 AM
[ReportManager] Successfully created attachment [Screenshot - 1631757695309_uploadFile_visibleUploadInput_ValidateElementAttribute_passed] @16-09-2021 02:01:35.0406 A
[ReportManager] Browser Action [CloseCurrentWindow] successfully performed. @16-09-2021 02:01:35.0528 AM
[ReportManager] Successfully created attachment [Browser Action Test Data - CloseCurrentWindow - Actual Value] @16-09-2021 02:01:35.0528 A
[ReportManager] Successfully loaded the following test data file [src/test/resources/TestDataFiles/testSuite01/TestData.xlsx]. @16-09-2021 02:01:35.0562 AM
[ReportManager] Successfully created attachment [Test Data - Excel] @16-09-2021 02:01:35.0562 AM
[ReportManager] File Action [GetAbsolutePath] successfully performed. With the following test data [Relative Folder Path: "target/downloadedFiles/"]. @16-09-2021 02:01:35.0563 AM
[ReportManager] Attempting to run remotely on: [Linux-64], [GoogleChrome], [http://localhost:4444/wd/hub], Headless Execution. @16-09-2021 02:01:35.0563 AM
[ReportManager] Successfully Opened [GoogleChrome]. @16-09-2021 02:01:35.0752 A

################################################################################################################################################
Starting Execution:	[139 out of 143] test cases in the current suite
Test Method:		[testPackage01.Test_google.navigateToURLandVerifyGoogleLogoIsDisplayed]
Test Description:	[TC001 - Navigate to URL and Verify Google Logo is Displayed]
################################################################################################################################################
[ReportManager] Target URL: [https://www.google.com/ncr], and after redirection: [https://www.google.com] @16-09-2021 02:01:35.0765 AM
[ReportManager] Initial URL: [data:,] @16-09-2021 02:01:35.0818 AM
[ReportManager] Browser Action [NavigateToURL] successfully performed. With the following test data [https://www.google.com/ncr]. @16-09-2021 02:01:36.0714 AM
[ReportManager] Loaded Shared OpenCV @16-09-2021 02:01:36.0960 AM
[ReportManager] Assertion [ValidateElementExists] PASSED. Expected [Element Should Exist, locator 'By.xpath: //*[@id='hplogo' or @alt='Google']'] and Actual [Element Exists]. Comparison Type [EQUALS]. Validation Type [POSITIVE]. @16-09-2021 02:01:37.0054 AM
[ReportManager] Successfully created attachment [Screenshot - 1631757696960_navigateToURLandVerifyGoogleLogoIsDisplayed_ValidateElementExists_passed] @16-09-2021 02:01:37.0056 A

################################################################################################################################################
Starting Execution:	[140 out of 143] test cases in the current suite
Test Method:		[testPackage01.Test_google.searchForQueryandAssertResultsNumDisplayed]
Test Description:	[TC002 - Search for Query and Assert that the number of results is displayed]
################################################################################################################################################
[ReportManager] Element Action [Type] successfully performed. With the following test data [SHAFT_Engine]. @16-09-2021 02:01:37.0413 AM
[ReportManager] Element Action [KeyPress] successfully performed. With the following test data [Enter]. @16-09-2021 02:01:38.0882 AM
[ReportManager] Element Action [GetText] successfully performed. With the following test data [About 720,000 results (0.75 seconds) ]. @16-09-2021 02:01:38.0964 AM
[ReportManager] Loaded Shared OpenCV @16-09-2021 02:01:39.0136 AM
[ReportManager] Assertion [ValidateElementAttribute] PASSED. Expected [Value Should not be '' for the 'Text' attribute, element locator 'By.id: appbar'] and Actual [About 720,000 results (0.75 seconds) ]. Comparison Type [EQUALS]. Validation Type [NEGATIVE]. @16-09-2021 02:01:39.0230 AM
[ReportManager] Successfully created attachment [Screenshot - 1631757699136_searchForQueryandAssertResultsNumDisplayed_ValidateElementAttribute_passed] @16-09-2021 02:01:39.0232 A

################################################################################################################################################
Starting Execution:	[141 out of 143] test cases in the current suite
Test Method:		[testPackage01.Test_google.clickNextThrice]
Test Description:	[TC003 - Clicks the next button to make sure that the framework can scroll element into view before clicking it]
################################################################################################################################################
[ReportManager] Element Action [Click] successfully performed. With the following test data [Next]. @16-09-2021 02:01:40.0643 A
[ReportManager] Browser Action [CloseCurrentWindow] successfully performed. @16-09-2021 02:01:40.0851 AM
[ReportManager] Successfully created attachment [Browser Action Test Data - CloseCurrentWindow - Actual Value] @16-09-2021 02:01:40.0859 A
[ReportManager] File Action [GetAbsolutePath] successfully performed. With the following test data [Relative Folder Path: "target/downloadedFiles/"]. @16-09-2021 02:01:40.0865 AM
[ReportManager] Attempting to run remotely on: [Linux-64], [GoogleChrome], [http://localhost:4444/wd/hub], Headless Execution. @16-09-2021 02:01:40.0865 AM
[ReportManager] Successfully Opened [GoogleChrome]. @16-09-2021 02:01:41.0059 A

################################################################################################################################################
Starting Execution:	[142 out of 143] test cases in the current suite
Test Method:		[testPackage01.Test_verifyEquals.test_assertElementAttribute]
################################################################################################################################################
[ReportManager] Target URL: [https://www.google.com/ncr], and after redirection: [https://www.google.com] @16-09-2021 02:01:41.0082 AM
[ReportManager] Initial URL: [data:,] @16-09-2021 02:01:41.0138 AM
[ReportManager] Browser Action [NavigateToURL] successfully performed. With the following test data [https://www.google.com/ncr]. @16-09-2021 02:01:42.0137 AM
[ReportManager] Element Action [Type] successfully performed. With the following test data [INC_004010050:Another SCHEDULER with the same name [Duplicate Job Name] already exists.]. @16-09-2021 02:01:42.0824 AM
[ReportManager] Element Action [GetText] successfully performed. With the following test data [INC_004010050:Another SCHEDULER with the same name [Duplicate Job Name] already exists.]. @16-09-2021 02:01:42.0921 AM
[ReportManager] Loaded Shared OpenCV @16-09-2021 02:01:43.0092 AM
[ReportManager] Verification [ValidateElementAttribute] PASSED. Expected [Value Should be 'INC_004010050:Another SCHEDULER with the same name \[Duplicate Job Name\] already exists.' for the 'text' attribute, element locator 'By.name: q'] and Actual [INC_004010050:Another SCHEDULER with the same name [Duplicate Job Name] already exists.]. Comparison Type [MATCHES]. Validation Type [POSITIVE]. @16-09-2021 02:01:43.0189 AM
[ReportManager] Successfully created attachment [Screenshot - 1631757703092_test_assertElementAttribute_ValidateElementAttribute_passed] @16-09-2021 02:01:43.0190 A
[ReportManager] Browser Action [CloseCurrentWindow] successfully performed. @16-09-2021 02:01:43.0326 AM
[ReportManager] Successfully created attachment [Browser Action Test Data - CloseCurrentWindow - Actual Value] @16-09-2021 02:01:43.0329 A

################################################################################################################################################
Starting Execution:	[143 out of 143] test cases in the current suite
Test Method:		[testPackage01.Test_JSONFileManager.readStringFromJson]
################################################################################################################################################
[ReportManager] Successfully loaded the following test data file [src/test/resources/TestDataFiles/simpleJSON.json]. @16-09-2021 02:01:43.0335 AM
[ReportManager] Successfully created attachment [Test Data - JSON] @16-09-2021 02:01:43.0336 AM
[ReportManager] Assertion [ValidateEquals] PASSED. Expected [Mohab Mohie] and Actual [Mohab Mohie]. Comparison Type [EQUALS]. Validation Type [POSITIVE]. @16-09-2021 02:01:43.0352 A

################################################################################################################################################
Test Closure Activities
################################################################################################################################################
[ReportManager] Successfully created attachment [SHAFT Engine Logs - Execution log] @16-09-2021 02:01:43.0377 AM

################################################################################################################################################
This test run was powered by SHAFT Engine Version: [SHAFT Engine v5.3.20210902]
SHAFT Engine is licensed under the MIT License: [https://github.com/MohabMohie/SHAFT_ENGINE/blob/master/LICENSE].
################################################################################################################################################