################################################################################################################################################
Detected SHAFT Engine Version: [SHAFT Engine v5.4.20211025-BETA]
################################################################################################################################################

################################################################################################################################################
Starting Execution:	[1 out of 143] test cases in the current suite
Test Method:		[unitTests.tests_validations_assertions.assertComparativeRelation_greaterThanOrEquals_false_equals_expectedToFail]
################################################################################################################################################
[ReportManager] Assertion [ValidateComparativeRelation] FAILED. Expected [1] and Actual [1]. Comparison Type [GREATER_THAN_OR_EQUALS]. Validation Type [NEGATIVE]. @30-10-2021 19:09:23.0502 P

################################################################################################################################################
Starting Execution:	[2 out of 143] test cases in the current suite
Test Method:		[unitTests.tests_validations_assertions.assertComparativeRelation_greaterThanOrEquals_false_equals_expectedToPass]
################################################################################################################################################
[ReportManager] Assertion [ValidateComparativeRelation] PASSED. Expected [2] and Actual [1]. Comparison Type [GREATER_THAN_OR_EQUALS]. Validation Type [NEGATIVE]. @30-10-2021 19:09:23.0620 P

################################################################################################################################################
Starting Execution:	[3 out of 143] test cases in the current suite
Test Method:		[unitTests.tests_validations_assertions.assertComparativeRelation_greaterThanOrEquals_false_greaterThan_expectedToFail]
################################################################################################################################################
[ReportManager] Assertion [ValidateComparativeRelation] FAILED. Expected [1] and Actual [2]. Comparison Type [GREATER_THAN_OR_EQUALS]. Validation Type [NEGATIVE]. @30-10-2021 19:09:23.0628 P

################################################################################################################################################
Starting Execution:	[4 out of 143] test cases in the current suite
Test Method:		[unitTests.tests_validations_assertions.assertComparativeRelation_greaterThanOrEquals_false_greaterThan_expectedToPass]
################################################################################################################################################
[ReportManager] Assertion [ValidateComparativeRelation] PASSED. Expected [2] and Actual [1]. Comparison Type [GREATER_THAN_OR_EQUALS]. Validation Type [NEGATIVE]. @30-10-2021 19:09:23.0638 P

################################################################################################################################################
Starting Execution:	[5 out of 143] test cases in the current suite
Test Method:		[unitTests.tests_validations_assertions.assertComparativeRelation_greaterThanOrEquals_true_equals_expectedToFail]
################################################################################################################################################
[ReportManager] Assertion [ValidateComparativeRelation] FAILED. Expected [1] and Actual [0]. Comparison Type [GREATER_THAN_OR_EQUALS]. Validation Type [POSITIVE]. @30-10-2021 19:09:23.0644 P

################################################################################################################################################
Starting Execution:	[6 out of 143] test cases in the current suite
Test Method:		[unitTests.tests_validations_assertions.assertComparativeRelation_greaterThanOrEquals_true_equals_expectedToPass]
################################################################################################################################################
[ReportManager] Assertion [ValidateComparativeRelation] PASSED. Expected [1] and Actual [1]. Comparison Type [GREATER_THAN_OR_EQUALS]. Validation Type [POSITIVE]. @30-10-2021 19:09:23.0651 P

################################################################################################################################################
Starting Execution:	[7 out of 143] test cases in the current suite
Test Method:		[unitTests.tests_validations_assertions.assertComparativeRelation_greaterThanOrEquals_true_greaterThan_expectedToFail]
################################################################################################################################################
[ReportManager] Assertion [ValidateComparativeRelation] FAILED. Expected [2] and Actual [1]. Comparison Type [GREATER_THAN_OR_EQUALS]. Validation Type [POSITIVE]. @30-10-2021 19:09:23.0656 P

################################################################################################################################################
Starting Execution:	[8 out of 143] test cases in the current suite
Test Method:		[unitTests.tests_validations_assertions.assertComparativeRelation_greaterThanOrEquals_true_greaterThan_expectedToPass]
################################################################################################################################################
[ReportManager] Assertion [ValidateComparativeRelation] PASSED. Expected [1] and Actual [2]. Comparison Type [GREATER_THAN_OR_EQUALS]. Validation Type [POSITIVE]. @30-10-2021 19:09:23.0661 P
[ReportManager] File Action [GetAbsolutePath] successfully performed. With the following test data [Relative Folder Path: "target/downloadedFiles/"]. @30-10-2021 19:09:23.0675 PM
[ReportManager] Attempting to run remotely on: [Linux-64], [GoogleChrome], [http://localhost:4444/wd/hub], Headless Execution. @30-10-2021 19:09:23.0731 PM
[ReportManager] Successfully Opened [GoogleChrome]. @30-10-2021 19:09:31.0327 PM
[ReportManager] Target URL: [https://www.google.com/ncr], and after redirection: [www.google.com] @30-10-2021 19:09:31.0338 PM
[ReportManager] Initial URL: [data:,] @30-10-2021 19:09:31.0728 PM
[ReportManager] Browser Action [NavigateToURL] successfully performed. With the following test data [https://www.google.com/ncr]. @30-10-2021 19:09:33.0371 P

################################################################################################################################################
Starting Execution:	[9 out of 143] test cases in the current suite
Test Method:		[unitTests.tests_validations_assertions.assertElementAttribute_false_caseInsensitiveComparison_expectedToFail]
################################################################################################################################################
[ReportManager] Element Action [Type] successfully performed. With the following test data [AUTOMATION]. @30-10-2021 19:09:34.0188 PM
[ReportManager] Element Action [GetText] successfully performed. With the following test data [AUTOMATION]. @30-10-2021 19:09:34.0429 PM
[ReportManager] Loaded Shared OpenCV @30-10-2021 19:09:35.0405 PM
[ReportManager] Assertion [ValidateElementAttribute] FAILED. Expected [Value Should not be 'AutomaTion' for the 'text' attribute, element locator 'By.name: q'] and Actual [AUTOMATION]. Comparison Type [CASE_INSENSITIVE]. Validation Type [NEGATIVE]. @30-10-2021 19:09:35.0960 PM
[ReportManager] Successfully created attachment [Screenshot - 1635620974926_assertElementAttribute_false_caseInsensitiveComparison_expectedToFail_ValidateElementAttribute_failed] @30-10-2021 19:09:35.0988 P
[ReportManager] Browser Action [CloseCurrentWindow] successfully performed. @30-10-2021 19:09:36.0219 PM
[ReportManager] Successfully created attachment [Browser Action Test Data - CloseCurrentWindow - Actual Value] @30-10-2021 19:09:36.0234 P
[ReportManager] File Action [GetAbsolutePath] successfully performed. With the following test data [Relative Folder Path: "target/downloadedFiles/"]. @30-10-2021 19:09:36.0254 PM
[ReportManager] Attempting to run remotely on: [Linux-64], [GoogleChrome], [http://localhost:4444/wd/hub], Headless Execution. @30-10-2021 19:09:36.0255 PM
[ReportManager] Successfully Opened [GoogleChrome]. @30-10-2021 19:09:40.0448 PM
[ReportManager] Target URL: [https://www.google.com/ncr], and after redirection: [www.google.com] @30-10-2021 19:09:40.0448 PM
[ReportManager] Initial URL: [data:,] @30-10-2021 19:09:40.0588 PM
[ReportManager] Browser Action [NavigateToURL] successfully performed. With the following test data [https://www.google.com/ncr]. @30-10-2021 19:09:41.0595 P

################################################################################################################################################
Starting Execution:	[10 out of 143] test cases in the current suite
Test Method:		[unitTests.tests_validations_assertions.assertElementAttribute_false_caseInsensitiveComparison_expectedToPass]
################################################################################################################################################
[ReportManager] Element Action [Type] successfully performed. With the following test data [AUTOMATION]. @30-10-2021 19:09:42.0311 PM
[ReportManager] Element Action [GetText] successfully performed. With the following test data [AUTOMATION]. @30-10-2021 19:09:42.0560 PM
[ReportManager] Loaded Shared OpenCV @30-10-2021 19:09:42.0877 PM
[ReportManager] Assertion [ValidateElementAttribute] PASSED. Expected [Value Should not be 'AutomaTion123' for the 'text' attribute, element locator 'By.name: q'] and Actual [AUTOMATION]. Comparison Type [CASE_INSENSITIVE]. Validation Type [NEGATIVE]. @30-10-2021 19:09:43.0172 PM
[ReportManager] Successfully created attachment [Screenshot - 1635620982877_assertElementAttribute_false_caseInsensitiveComparison_expectedToPass_ValidateElementAttribute_passed] @30-10-2021 19:09:43.0175 P
[ReportManager] Browser Action [CloseCurrentWindow] successfully performed. @30-10-2021 19:09:43.0357 PM
[ReportManager] Successfully created attachment [Browser Action Test Data - CloseCurrentWindow - Actual Value] @30-10-2021 19:09:43.0362 P
[ReportManager] File Action [GetAbsolutePath] successfully performed. With the following test data [Relative Folder Path: "target/downloadedFiles/"]. @30-10-2021 19:09:43.0370 PM
[ReportManager] Attempting to run remotely on: [Linux-64], [GoogleChrome], [http://localhost:4444/wd/hub], Headless Execution. @30-10-2021 19:09:43.0371 PM
[ReportManager] Successfully Opened [GoogleChrome]. @30-10-2021 19:09:45.0439 PM
[ReportManager] Target URL: [https://www.google.com/ncr], and after redirection: [www.google.com] @30-10-2021 19:09:45.0439 PM
[ReportManager] Initial URL: [data:,] @30-10-2021 19:09:45.0628 PM
[ReportManager] Browser Action [NavigateToURL] successfully performed. With the following test data [https://www.google.com/ncr]. @30-10-2021 19:09:46.0664 P

################################################################################################################################################
Starting Execution:	[11 out of 143] test cases in the current suite
Test Method:		[unitTests.tests_validations_assertions.assertElementAttribute_false_containsComparison_expectedToFail]
################################################################################################################################################
[ReportManager] Element Action [Type] successfully performed. With the following test data [Automation123]. @30-10-2021 19:09:47.0564 PM
[ReportManager] Element Action [GetText] successfully performed. With the following test data [Automation123]. @30-10-2021 19:09:47.0830 PM
[ReportManager] Loaded Shared OpenCV @30-10-2021 19:09:48.0148 PM
[ReportManager] Assertion [ValidateElementAttribute] FAILED. Expected [Value Should not be 'Automation' for the 'text' attribute, element locator 'By.name: q'] and Actual [Automation123]. Comparison Type [CONTAINS]. Validation Type [NEGATIVE]. @30-10-2021 19:09:48.0411 PM
[ReportManager] Successfully created attachment [Screenshot - 1635620988148_assertElementAttribute_false_containsComparison_expectedToFail_ValidateElementAttribute_failed] @30-10-2021 19:09:48.0413 P
[ReportManager] Browser Action [CloseCurrentWindow] successfully performed. @30-10-2021 19:09:48.0618 PM
[ReportManager] Successfully created attachment [Browser Action Test Data - CloseCurrentWindow - Actual Value] @30-10-2021 19:09:48.0621 P
[ReportManager] File Action [GetAbsolutePath] successfully performed. With the following test data [Relative Folder Path: "target/downloadedFiles/"]. @30-10-2021 19:09:48.0638 PM
[ReportManager] Attempting to run remotely on: [Linux-64], [GoogleChrome], [http://localhost:4444/wd/hub], Headless Execution. @30-10-2021 19:09:48.0639 PM
[ReportManager] Successfully Opened [GoogleChrome]. @30-10-2021 19:09:50.0403 PM
[ReportManager] Target URL: [https://www.google.com/ncr], and after redirection: [www.google.com] @30-10-2021 19:09:50.0403 PM
[ReportManager] Initial URL: [data:,] @30-10-2021 19:09:50.0508 PM
[ReportManager] Browser Action [NavigateToNewURL] failed. With the following test data [https://www.google.com/ncr]. @30-10-2021 19:12:50.0523 P

################################################################################################################################################
Starting Execution:	[12 out of 143] test cases in the current suite
Test Method:		[unitTests.tests_validations_assertions.assertElementAttribute_false_containsComparison_expectedToPass]
###############################################################################################################################################



################################################################################################################################################
Starting Execution:	[13 out of 143] test cases in the current suite
Test Method:		[unitTests.tests_validations_assertions.assertElementAttribute_false_literalComparison_expectedToFail]
###############################################################################################################################################



################################################################################################################################################
Starting Execution:	[14 out of 143] test cases in the current suite
Test Method:		[unitTests.tests_validations_assertions.assertElementAttribute_false_literalComparison_expectedToPass]
###############################################################################################################################################



################################################################################################################################################
Starting Execution:	[15 out of 143] test cases in the current suite
Test Method:		[unitTests.tests_validations_assertions.assertElementAttribute_false_regexComparison_expectedToFail]
###############################################################################################################################################



################################################################################################################################################
Starting Execution:	[16 out of 143] test cases in the current suite
Test Method:		[unitTests.tests_validations_assertions.assertElementAttribute_false_regexComparison_expectedToPass]
###############################################################################################################################################



################################################################################################################################################
Starting Execution:	[17 out of 143] test cases in the current suite
Test Method:		[unitTests.tests_validations_assertions.assertElementAttribute_true_caseInsensitiveComparison_expectedToFail]
###############################################################################################################################################



################################################################################################################################################
Starting Execution:	[18 out of 143] test cases in the current suite
Test Method:		[unitTests.tests_validations_assertions.assertElementAttribute_true_caseInsensitiveComparison_expectedToPass]
###############################################################################################################################################



################################################################################################################################################
Starting Execution:	[19 out of 143] test cases in the current suite
Test Method:		[unitTests.tests_validations_assertions.assertElementAttribute_true_containsComparison_expectedToFail]
###############################################################################################################################################



################################################################################################################################################
Starting Execution:	[20 out of 143] test cases in the current suite
Test Method:		[unitTests.tests_validations_assertions.assertElementAttribute_true_containsComparison_expectedToPass]
###############################################################################################################################################



################################################################################################################################################
Starting Execution:	[21 out of 143] test cases in the current suite
Test Method:		[unitTests.tests_validations_assertions.assertElementAttribute_true_literalComparison_expectedToFail]
###############################################################################################################################################



################################################################################################################################################
Starting Execution:	[22 out of 143] test cases in the current suite
Test Method:		[unitTests.tests_validations_assertions.assertElementAttribute_true_literalComparison_expectedToPass]
###############################################################################################################################################



################################################################################################################################################
Starting Execution:	[23 out of 143] test cases in the current suite
Test Method:		[unitTests.tests_validations_assertions.assertElementAttribute_true_regexComparison_expectedToFail]
###############################################################################################################################################



################################################################################################################################################
Starting Execution:	[24 out of 143] test cases in the current suite
Test Method:		[unitTests.tests_validations_assertions.assertElementAttribute_true_regexComparison_expectedToPass]
###############################################################################################################################################



################################################################################################################################################
Starting Execution:	[25 out of 143] test cases in the current suite
Test Method:		[unitTests.tests_validations_assertions.assertElementAttribute_type_true_literalComparison_expectedToPass]
###############################################################################################################################################



################################################################################################################################################
Starting Execution:	[26 out of 143] test cases in the current suite
Test Method:		[unitTests.tests_validations_assertions.assertElementExists_false_expectedToFail]
###############################################################################################################################################



################################################################################################################################################
Starting Execution:	[27 out of 143] test cases in the current suite
Test Method:		[unitTests.tests_validations_assertions.assertElementExists_false_expectedToPass]
###############################################################################################################################################



################################################################################################################################################
Starting Execution:	[28 out of 143] test cases in the current suite
Test Method:		[unitTests.tests_validations_assertions.assertElementExists_false_multipleElementsFound_expectedToFail]
###############################################################################################################################################



################################################################################################################################################
Starting Execution:	[29 out of 143] test cases in the current suite
Test Method:		[unitTests.tests_validations_assertions.assertElementExists_true_expectedToFail]
###############################################################################################################################################



################################################################################################################################################
Starting Execution:	[30 out of 143] test cases in the current suite
Test Method:		[unitTests.tests_validations_assertions.assertElementExists_true_expectedToPass]
###############################################################################################################################################



################################################################################################################################################
Starting Execution:	[31 out of 143] test cases in the current suite
Test Method:		[unitTests.tests_validations_assertions.assertElementExists_true_multipleElementsFound_expectedToFail]
###############################################################################################################################################


################################################################################################################################################
Starting Execution:	[32 out of 143] test cases in the current suite
Test Method:		[unitTests.tests_validations_assertions.assertEquals_false_expectedToFail]
###############################################################################################################################################

################################################################################################################################################
Starting Execution:	[33 out of 143] test cases in the current suite
Test Method:		[unitTests.tests_validations_assertions.assertEquals_false_expectedToPass]
###############################################################################################################################################

################################################################################################################################################
Starting Execution:	[34 out of 143] test cases in the current suite
Test Method:		[unitTests.tests_validations_assertions.assertEquals_longCharacters]
###############################################################################################################################################

################################################################################################################################################
Starting Execution:	[35 out of 143] test cases in the current suite
Test Method:		[unitTests.tests_validations_assertions.assertEquals_longCharacters_Discreet]
###############################################################################################################################################

################################################################################################################################################
Starting Execution:	[36 out of 143] test cases in the current suite
Test Method:		[unitTests.tests_validations_assertions.assertEquals_true_expectedToFail]
###############################################################################################################################################

################################################################################################################################################
Starting Execution:	[37 out of 143] test cases in the current suite
Test Method:		[unitTests.tests_validations_assertions.assertEquals_true_expectedToPass]
Test Description:	[Assert that assertEquals works as expected when the two values are equal.]
###############################################################################################################################################

################################################################################################################################################
Starting Execution:	[38 out of 143] test cases in the current suite
Test Method:		[unitTests.tests_validations_assertions.assertEquals_true_expectedToPass__]
###############################################################################################################################################

################################################################################################################################################
Starting Execution:	[39 out of 143] test cases in the current suite
Test Method:		[unitTests.tests_validations_assertions.assertFileExists_false_expectedToFail]
###############################################################################################################################################

################################################################################################################################################
Starting Execution:	[40 out of 143] test cases in the current suite
Test Method:		[unitTests.tests_validations_assertions.assertFileExists_false_expectedToPass]
###############################################################################################################################################

################################################################################################################################################
Starting Execution:	[41 out of 143] test cases in the current suite
Test Method:		[unitTests.tests_validations_assertions.assertFileExists_true_expectedToFail]
###############################################################################################################################################

################################################################################################################################################
Starting Execution:	[42 out of 143] test cases in the current suite
Test Method:		[unitTests.tests_validations_assertions.assertFileExists_true_expectedToPass]
###############################################################################################################################################

################################################################################################################################################
Starting Execution:	[43 out of 143] test cases in the current suite
Test Method:		[unitTests.tests_validations_assertions.assertNull_false_expectedToFail]
###############################################################################################################################################

################################################################################################################################################
Starting Execution:	[44 out of 143] test cases in the current suite
Test Method:		[unitTests.tests_validations_assertions.assertNull_false_expectedToPass]
###############################################################################################################################################

################################################################################################################################################
Starting Execution:	[45 out of 143] test cases in the current suite
Test Method:		[unitTests.tests_validations_assertions.assertNull_true_expectedToFail]
###############################################################################################################################################

################################################################################################################################################
Starting Execution:	[46 out of 143] test cases in the current suite
Test Method:		[unitTests.tests_validations_assertions.assertNull_true_expectedToPass]
###############################################################################################################################################

################################################################################################################################################
Starting Execution:	[47 out of 143] test cases in the current suite
Test Method:		[unitTests.tests_restActions.getPostsAndAssertBodyForSpecificTitle]
################################################################################################################################################
[ReportManager] Response status code: [200], status line: [HTTP/1.1 200 OK] @30-10-2021 19:12:53.0114 PM
[ReportManager] Assertion Passed: Evaluating the actual response status code against the expected one... @30-10-2021 19:12:53.0115 PM
[ReportManager] Assertion [ValidateEquals] PASSED. Expected [200] and Actual [200]. Comparison Type [EQUALS]. Validation Type [POSITIVE]. @30-10-2021 19:12:53.0115 PM
[ReportManager] API Action [PerformRequest] successfully performed. With the following test data [Request Type: "GET" | Target Status Code: "200" | Service URL: "https://jsonplaceholder.typicode.com/posts" | Content Type: "*/*" | Response Time: "869ms"]. @30-10-2021 19:12:54.0471 PM
[ReportManager] Successfully created attachment [API Request - Specifications] @30-10-2021 19:12:54.0472 PM
[ReportManager] Successfully created attachment [API Response - JSON Body] @30-10-2021 19:12:54.0734 PM
[ReportManager] API Action [GetResponseJSONValueAsList] successfully performed. @30-10-2021 19:12:54.0770 PM
[ReportManager] API Action [GetResponseJSONValue] successfully performed. With the following test data [title]. @30-10-2021 19:12:54.0796 PM
[ReportManager] API Action [GetResponseJSONValue] successfully performed. With the following test data [title]. @30-10-2021 19:12:54.0820 PM
[ReportManager] API Action [GetResponseJSONValue] successfully performed. With the following test data [body]. @30-10-2021 19:12:54.0846 PM
[ReportManager] Assertion [ValidateEquals] PASSED. Expected [qui neque nisi nulla] and Actual [est rerum tempore vitae
sequi sint nihil reprehenderit dolor beatae ea dolores neque
fugiat blanditiis voluptate porro vel nihil molestiae ut reiciendis
qui aperiam non debitis possimus qui neque nisi nulla]. Comparison Type [CONTAINS]. Validation Type [POSITIVE]. @30-10-2021 19:12:54.0847 PM
[ReportManager] API Action [GetResponseJSONValue] successfully performed. With the following test data [title]. @30-10-2021 19:12:54.0864 PM
[ReportManager] API Action [GetResponseJSONValue] successfully performed. With the following test data [title]. @30-10-2021 19:12:54.0881 PM
[ReportManager] API Action [GetResponseJSONValue] successfully performed. With the following test data [title]. @30-10-2021 19:12:54.0899 PM
[ReportManager] API Action [GetResponseJSONValue] successfully performed. With the following test data [title]. @30-10-2021 19:12:54.0917 PM
[ReportManager] API Action [GetResponseJSONValue] successfully performed. With the following test data [title]. @30-10-2021 19:12:54.0938 PM
[ReportManager] API Action [GetResponseJSONValue] successfully performed. With the following test data [title]. @30-10-2021 19:12:54.0958 PM
[ReportManager] API Action [GetResponseJSONValue] successfully performed. With the following test data [title]. @30-10-2021 19:12:54.0977 PM
[ReportManager] API Action [GetResponseJSONValue] successfully performed. With the following test data [title]. @30-10-2021 19:12:54.0992 PM
[ReportManager] API Action [GetResponseJSONValue] successfully performed. With the following test data [title]. @30-10-2021 19:12:55.0010 PM
[ReportManager] API Action [GetResponseJSONValue] successfully performed. With the following test data [title]. @30-10-2021 19:12:55.0025 PM
[ReportManager] API Action [GetResponseJSONValue] successfully performed. With the following test data [title]. @30-10-2021 19:12:55.0047 PM
[ReportManager] API Action [GetResponseJSONValue] successfully performed. With the following test data [title]. @30-10-2021 19:12:55.0079 PM
[ReportManager] API Action [GetResponseJSONValue] successfully performed. With the following test data [title]. @30-10-2021 19:12:55.0094 PM
[ReportManager] API Action [GetResponseJSONValue] successfully performed. With the following test data [title]. @30-10-2021 19:12:55.0111 PM
[ReportManager] API Action [GetResponseJSONValue] successfully performed. With the following test data [title]. @30-10-2021 19:12:55.0133 PM
[ReportManager] API Action [GetResponseJSONValue] successfully performed. With the following test data [title]. @30-10-2021 19:12:55.0151 PM
[ReportManager] API Action [GetResponseJSONValue] successfully performed. With the following test data [title]. @30-10-2021 19:12:55.0164 PM
[ReportManager] API Action [GetResponseJSONValue] successfully performed. With the following test data [title]. @30-10-2021 19:12:55.0180 PM
[ReportManager] API Action [GetResponseJSONValue] successfully performed. With the following test data [title]. @30-10-2021 19:12:55.0192 PM
[ReportManager] API Action [GetResponseJSONValue] successfully performed. With the following test data [title]. @30-10-2021 19:12:55.0213 PM
[ReportManager] API Action [GetResponseJSONValue] successfully performed. With the following test data [title]. @30-10-2021 19:12:55.0230 PM
[ReportManager] API Action [GetResponseJSONValue] successfully performed. With the following test data [title]. @30-10-2021 19:12:55.0251 PM
[ReportManager] API Action [GetResponseJSONValue] successfully performed. With the following test data [title]. @30-10-2021 19:12:55.0263 PM
[ReportManager] API Action [GetResponseJSONValue] successfully performed. With the following test data [title]. @30-10-2021 19:12:55.0279 PM
[ReportManager] API Action [GetResponseJSONValue] successfully performed. With the following test data [title]. @30-10-2021 19:12:55.0297 PM
[ReportManager] API Action [GetResponseJSONValue] successfully performed. With the following test data [title]. @30-10-2021 19:12:55.0309 PM
[ReportManager] API Action [GetResponseJSONValue] successfully performed. With the following test data [title]. @30-10-2021 19:12:55.0331 PM
[ReportManager] API Action [GetResponseJSONValue] successfully performed. With the following test data [title]. @30-10-2021 19:12:55.0350 PM
[ReportManager] API Action [GetResponseJSONValue] successfully performed. With the following test data [title]. @30-10-2021 19:12:55.0362 PM
[ReportManager] API Action [GetResponseJSONValue] successfully performed. With the following test data [title]. @30-10-2021 19:12:55.0371 PM
[ReportManager] API Action [GetResponseJSONValue] successfully performed. With the following test data [title]. @30-10-2021 19:12:55.0382 PM
[ReportManager] API Action [GetResponseJSONValue] successfully performed. With the following test data [title]. @30-10-2021 19:12:55.0393 PM
[ReportManager] API Action [GetResponseJSONValue] successfully performed. With the following test data [title]. @30-10-2021 19:12:55.0412 PM
[ReportManager] API Action [GetResponseJSONValue] successfully performed. With the following test data [title]. @30-10-2021 19:12:55.0427 PM
[ReportManager] API Action [GetResponseJSONValue] successfully performed. With the following test data [title]. @30-10-2021 19:12:55.0437 PM
[ReportManager] API Action [GetResponseJSONValue] successfully performed. With the following test data [title]. @30-10-2021 19:12:55.0447 PM
[ReportManager] API Action [GetResponseJSONValue] successfully performed. With the following test data [title]. @30-10-2021 19:12:55.0457 PM
[ReportManager] API Action [GetResponseJSONValue] successfully performed. With the following test data [title]. @30-10-2021 19:12:55.0466 PM
[ReportManager] API Action [GetResponseJSONValue] successfully performed. With the following test data [title]. @30-10-2021 19:12:55.0475 PM
[ReportManager] API Action [GetResponseJSONValue] successfully performed. With the following test data [title]. @30-10-2021 19:12:55.0485 PM
[ReportManager] API Action [GetResponseJSONValue] successfully performed. With the following test data [title]. @30-10-2021 19:12:55.0495 PM
[ReportManager] API Action [GetResponseJSONValue] successfully performed. With the following test data [title]. @30-10-2021 19:12:55.0505 PM
[ReportManager] API Action [GetResponseJSONValue] successfully performed. With the following test data [title]. @30-10-2021 19:12:55.0515 PM
[ReportManager] API Action [GetResponseJSONValue] successfully performed. With the following test data [title]. @30-10-2021 19:12:55.0525 PM
[ReportManager] API Action [GetResponseJSONValue] successfully performed. With the following test data [title]. @30-10-2021 19:12:55.0536 PM
[ReportManager] API Action [GetResponseJSONValue] successfully performed. With the following test data [title]. @30-10-2021 19:12:55.0547 PM
[ReportManager] API Action [GetResponseJSONValue] successfully performed. With the following test data [title]. @30-10-2021 19:12:55.0557 PM
[ReportManager] API Action [GetResponseJSONValue] successfully performed. With the following test data [title]. @30-10-2021 19:12:55.0566 PM
[ReportManager] API Action [GetResponseJSONValue] successfully performed. With the following test data [title]. @30-10-2021 19:12:55.0576 PM
[ReportManager] API Action [GetResponseJSONValue] successfully performed. With the following test data [title]. @30-10-2021 19:12:55.0585 PM
[ReportManager] API Action [GetResponseJSONValue] successfully performed. With the following test data [title]. @30-10-2021 19:12:55.0594 PM
[ReportManager] API Action [GetResponseJSONValue] successfully performed. With the following test data [title]. @30-10-2021 19:12:55.0604 PM
[ReportManager] API Action [GetResponseJSONValue] successfully performed. With the following test data [title]. @30-10-2021 19:12:55.0613 PM
[ReportManager] API Action [GetResponseJSONValue] successfully performed. With the following test data [title]. @30-10-2021 19:12:55.0623 PM
[ReportManager] API Action [GetResponseJSONValue] successfully performed. With the following test data [title]. @30-10-2021 19:12:55.0633 PM
[ReportManager] API Action [GetResponseJSONValue] successfully performed. With the following test data [title]. @30-10-2021 19:12:55.0642 PM
[ReportManager] API Action [GetResponseJSONValue] successfully performed. With the following test data [title]. @30-10-2021 19:12:55.0652 PM
[ReportManager] API Action [GetResponseJSONValue] successfully performed. With the following test data [title]. @30-10-2021 19:12:55.0661 PM
[ReportManager] API Action [GetResponseJSONValue] successfully performed. With the following test data [title]. @30-10-2021 19:12:55.0671 PM
[ReportManager] API Action [GetResponseJSONValue] successfully performed. With the following test data [title]. @30-10-2021 19:12:55.0697 PM
[ReportManager] API Action [GetResponseJSONValue] successfully performed. With the following test data [title]. @30-10-2021 19:12:55.0707 PM
[ReportManager] API Action [GetResponseJSONValue] successfully performed. With the following test data [title]. @30-10-2021 19:12:55.0716 PM
[ReportManager] API Action [GetResponseJSONValue] successfully performed. With the following test data [title]. @30-10-2021 19:12:55.0725 PM
[ReportManager] API Action [GetResponseJSONValue] successfully performed. With the following test data [title]. @30-10-2021 19:12:55.0734 PM
[ReportManager] API Action [GetResponseJSONValue] successfully performed. With the following test data [title]. @30-10-2021 19:12:55.0742 PM
[ReportManager] API Action [GetResponseJSONValue] successfully performed. With the following test data [title]. @30-10-2021 19:12:55.0751 PM
[ReportManager] API Action [GetResponseJSONValue] successfully performed. With the following test data [title]. @30-10-2021 19:12:55.0760 PM
[ReportManager] API Action [GetResponseJSONValue] successfully performed. With the following test data [title]. @30-10-2021 19:12:55.0769 PM
[ReportManager] API Action [GetResponseJSONValue] successfully performed. With the following test data [title]. @30-10-2021 19:12:55.0779 PM
[ReportManager] API Action [GetResponseJSONValue] successfully performed. With the following test data [title]. @30-10-2021 19:12:55.0788 PM
[ReportManager] API Action [GetResponseJSONValue] successfully performed. With the following test data [title]. @30-10-2021 19:12:55.0796 PM
[ReportManager] API Action [GetResponseJSONValue] successfully performed. With the following test data [title]. @30-10-2021 19:12:55.0805 PM
[ReportManager] API Action [GetResponseJSONValue] successfully performed. With the following test data [title]. @30-10-2021 19:12:55.0814 PM
[ReportManager] API Action [GetResponseJSONValue] successfully performed. With the following test data [title]. @30-10-2021 19:12:55.0823 PM
[ReportManager] API Action [GetResponseJSONValue] successfully performed. With the following test data [title]. @30-10-2021 19:12:55.0831 PM
[ReportManager] API Action [GetResponseJSONValue] successfully performed. With the following test data [title]. @30-10-2021 19:12:55.0840 PM
[ReportManager] API Action [GetResponseJSONValue] successfully performed. With the following test data [title]. @30-10-2021 19:12:55.0849 PM
[ReportManager] API Action [GetResponseJSONValue] successfully performed. With the following test data [title]. @30-10-2021 19:12:55.0858 PM
[ReportManager] API Action [GetResponseJSONValue] successfully performed. With the following test data [title]. @30-10-2021 19:12:55.0869 PM
[ReportManager] API Action [GetResponseJSONValue] successfully performed. With the following test data [title]. @30-10-2021 19:12:55.0878 PM
[ReportManager] API Action [GetResponseJSONValue] successfully performed. With the following test data [title]. @30-10-2021 19:12:55.0896 PM
[ReportManager] API Action [GetResponseJSONValue] successfully performed. With the following test data [title]. @30-10-2021 19:12:55.0905 PM
[ReportManager] API Action [GetResponseJSONValue] successfully performed. With the following test data [title]. @30-10-2021 19:12:55.0914 PM
[ReportManager] API Action [GetResponseJSONValue] successfully performed. With the following test data [title]. @30-10-2021 19:12:55.0923 PM
[ReportManager] API Action [GetResponseJSONValue] successfully performed. With the following test data [title]. @30-10-2021 19:12:55.0931 PM
[ReportManager] API Action [GetResponseJSONValue] successfully performed. With the following test data [title]. @30-10-2021 19:12:55.0940 PM
[ReportManager] API Action [GetResponseJSONValue] successfully performed. With the following test data [title]. @30-10-2021 19:12:55.0948 PM
[ReportManager] API Action [GetResponseJSONValue] successfully performed. With the following test data [title]. @30-10-2021 19:12:55.0962 PM
[ReportManager] API Action [GetResponseJSONValue] successfully performed. With the following test data [title]. @30-10-2021 19:12:55.0972 PM
[ReportManager] API Action [GetResponseJSONValue] successfully performed. With the following test data [title]. @30-10-2021 19:12:55.0982 PM
[ReportManager] API Action [GetResponseJSONValue] successfully performed. With the following test data [title]. @30-10-2021 19:12:55.0991 PM
[ReportManager] API Action [GetResponseJSONValue] successfully performed. With the following test data [title]. @30-10-2021 19:12:56.0000 PM
[ReportManager] API Action [GetResponseJSONValue] successfully performed. With the following test data [title]. @30-10-2021 19:12:56.0009 PM
[ReportManager] API Action [GetResponseJSONValue] successfully performed. With the following test data [title]. @30-10-2021 19:12:56.0018 PM
[ReportManager] API Action [GetResponseJSONValue] successfully performed. With the following test data [title]. @30-10-2021 19:12:56.0026 PM
[ReportManager] API Action [GetResponseJSONValue] successfully performed. With the following test data [title]. @30-10-2021 19:12:56.0035 PM
[ReportManager] API Action [GetResponseJSONValue] successfully performed. With the following test data [title]. @30-10-2021 19:12:56.0043 PM
[ReportManager] API Action [GetResponseJSONValue] successfully performed. With the following test data [title]. @30-10-2021 19:12:56.0052 P

################################################################################################################################################
Starting Execution:	[48 out of 143] test cases in the current suite
Test Method:		[unitTests.tests_restActions.validateUserEmail]
################################################################################################################################################
[ReportManager] Response status code: [200], status line: [HTTP/1.1 200 OK] @30-10-2021 19:12:56.0132 PM
[ReportManager] Assertion Passed: Evaluating the actual response status code against the expected one... @30-10-2021 19:12:56.0133 PM
[ReportManager] Assertion [ValidateEquals] PASSED. Expected [200] and Actual [200]. Comparison Type [EQUALS]. Validation Type [POSITIVE]. @30-10-2021 19:12:56.0133 PM
[ReportManager] API Action [PerformRequest] successfully performed. With the following test data [Request Type: "GET" | Target Status Code: "200" | Service URL: "https://jsonplaceholder.typicode.com/users" | Content Type: "*/*" | Response Time: "71ms"]. @30-10-2021 19:12:56.0158 PM
[ReportManager] Successfully created attachment [API Request - Specifications] @30-10-2021 19:12:56.0159 PM
[ReportManager] Successfully created attachment [API Response - JSON Body] @30-10-2021 19:12:56.0159 PM
[ReportManager] Assertion [ValidateEquals] PASSED. Expected and Actual values are attached. Comparison Type [CONTAINS]. Validation Type [POSITIVE]. @30-10-2021 19:12:56.0160 PM
[ReportManager] Successfully created attachment [Validation Test Data - Expected Value] @30-10-2021 19:12:56.0160 PM
[ReportManager] Successfully created attachment [Validation Test Data - Actual Value] @30-10-2021 19:12:56.0160 PM
[ReportManager] API Action [GetResponseJSONValueAsList] successfully performed. With the following test data [$]. @30-10-2021 19:12:56.0164 PM
[ReportManager] API Action [GetResponseJSONValue] successfully performed. With the following test data [name]. @30-10-2021 19:12:56.0175 PM
[ReportManager] API Action [GetResponseJSONValue] successfully performed. With the following test data [email]. @30-10-2021 19:12:56.0191 PM
[ReportManager] Assertion [ValidateEquals] PASSED. Expected [Sincere@april.biz] and Actual [Sincere@april.biz]. Comparison Type [EQUALS]. Validation Type [POSITIVE]. @30-10-2021 19:12:56.0192 PM
[ReportManager] API Action [GetResponseJSONValue] successfully performed. With the following test data [name]. @30-10-2021 19:12:56.0201 PM
[ReportManager] API Action [GetResponseJSONValue] successfully performed. With the following test data [name]. @30-10-2021 19:12:56.0210 PM
[ReportManager] API Action [GetResponseJSONValue] successfully performed. With the following test data [name]. @30-10-2021 19:12:56.0219 PM
[ReportManager] API Action [GetResponseJSONValue] successfully performed. With the following test data [name]. @30-10-2021 19:12:56.0229 PM
[ReportManager] API Action [GetResponseJSONValue] successfully performed. With the following test data [name]. @30-10-2021 19:12:56.0237 PM
[ReportManager] API Action [GetResponseJSONValue] successfully performed. With the following test data [name]. @30-10-2021 19:12:56.0246 PM
[ReportManager] API Action [GetResponseJSONValue] successfully performed. With the following test data [name]. @30-10-2021 19:12:56.0255 PM
[ReportManager] API Action [GetResponseJSONValue] successfully performed. With the following test data [name]. @30-10-2021 19:12:56.0264 PM
[ReportManager] API Action [GetResponseJSONValue] successfully performed. With the following test data [name]. @30-10-2021 19:12:56.0272 P
[ReportManager] File Action [GetAbsolutePath] successfully performed. With the following test data [Relative Folder Path: "target/downloadedFiles/"]. @30-10-2021 19:12:56.0283 PM
[ReportManager] Attempting to run remotely on: [Linux-64], [GoogleChrome], [http://localhost:4444/wd/hub], Headless Execution. @30-10-2021 19:12:56.0283 PM
[ReportManager] Successfully Opened [GoogleChrome]. @30-10-2021 19:15:20.0450 PM
[ReportManager] Target URL: [https://duckduckgo.com] @30-10-2021 19:15:20.0450 PM
[ReportManager] Initial URL: [data:,] @30-10-2021 19:15:20.0587 PM
[ReportManager] Browser Action [NavigateToURL] successfully performed. With the following test data [https://duckduckgo.com]. @30-10-2021 19:15:21.0497 P

################################################################################################################################################
Starting Execution:	[49 out of 143] test cases in the current suite
Test Method:		[unitTests.tests_browserActions.fullScreenWindow]
################################################################################################################################################
[ReportManager] Initial Windows Size: 1920x1080 @30-10-2021 19:15:21.0569 PM
[ReportManager] Initial window size: (1920, 1080) @30-10-2021 19:15:21.0600 PM
[ReportManager] Window size after Toolkit: (1920, 1080) @30-10-2021 19:15:21.0882 PM
[ReportManager] Browser Action [MaximizeWindow] successfully performed. With the following test data [New screen size is now: (1920, 1080)]. @30-10-2021 19:15:21.0897 PM
[ReportManager] Current Windows Size after fullScreen: 1920x1080 @30-10-2021 19:15:21.0949 PM
[ReportManager] Browser Action [FullScreenWindow] successfully performed. @30-10-2021 19:15:21.0977 PM
[ReportManager] Successfully created attachment [Browser Action Test Data - FullScreenWindow - Actual Value] @30-10-2021 19:15:21.0979 P
[ReportManager] Target URL: [https://duckduckgo.com] @30-10-2021 19:15:21.0987 PM
[ReportManager] Initial URL: [https://duckduckgo.com] @30-10-2021 19:15:22.0126 PM
[ReportManager] Browser Action [NavigateToURL] successfully performed. With the following test data [https://duckduckgo.com]. @30-10-2021 19:15:22.0661 PM
[ReportManager] Browser Action [CloseCurrentWindow] successfully performed. @30-10-2021 19:15:22.0822 PM
[ReportManager] Successfully created attachment [Browser Action Test Data - CloseCurrentWindow - Actual Value] @30-10-2021 19:15:22.0829 P
[ReportManager] File Action [GetAbsolutePath] successfully performed. With the following test data [Relative Folder Path: "target/downloadedFiles/"]. @30-10-2021 19:15:22.0836 PM
[ReportManager] Attempting to run remotely on: [Linux-64], [GoogleChrome], [http://localhost:4444/wd/hub], Headless Execution. @30-10-2021 19:15:22.0838 PM
[ReportManager] Successfully Opened [GoogleChrome]. @30-10-2021 19:15:25.0399 PM
[ReportManager] Target URL: [https://duckduckgo.com] @30-10-2021 19:15:25.0399 PM
[ReportManager] Initial URL: [data:,] @30-10-2021 19:15:25.0508 PM
[ReportManager] Browser Action [NavigateToURL] successfully performed. With the following test data [https://duckduckgo.com]. @30-10-2021 19:15:26.0181 P

################################################################################################################################################
Starting Execution:	[50 out of 143] test cases in the current suite
Test Method:		[unitTests.tests_browserActions.getCurrentURL]
################################################################################################################################################
[ReportManager] Browser Action [GetCurrentURL] successfully performed. With the following test data [https://duckduckgo.com/]. @30-10-2021 19:15:26.0269 P
[ReportManager] Target URL: [https://duckduckgo.com] @30-10-2021 19:15:26.0283 PM
[ReportManager] Initial URL: [https://duckduckgo.com] @30-10-2021 19:15:26.0424 PM
[ReportManager] Browser Action [NavigateToURL] successfully performed. With the following test data [https://duckduckgo.com]. @30-10-2021 19:15:26.0896 PM
[ReportManager] Browser Action [CloseCurrentWindow] successfully performed. @30-10-2021 19:15:27.0078 PM
[ReportManager] Successfully created attachment [Browser Action Test Data - CloseCurrentWindow - Actual Value] @30-10-2021 19:15:27.0078 P
[ReportManager] File Action [GetAbsolutePath] successfully performed. With the following test data [Relative Folder Path: "target/downloadedFiles/"]. @30-10-2021 19:15:27.0081 PM
[ReportManager] Attempting to run remotely on: [Linux-64], [GoogleChrome], [http://localhost:4444/wd/hub], Headless Execution. @30-10-2021 19:15:27.0081 PM
[ReportManager] Successfully Opened [GoogleChrome]. @30-10-2021 19:15:30.0412 PM
[ReportManager] Target URL: [https://duckduckgo.com] @30-10-2021 19:15:30.0412 PM
[ReportManager] Initial URL: [data:,] @30-10-2021 19:15:30.0537 PM
[ReportManager] Browser Action [NavigateToURL] successfully performed. With the following test data [https://duckduckgo.com]. @30-10-2021 19:15:31.0175 P

################################################################################################################################################
Starting Execution:	[51 out of 143] test cases in the current suite
Test Method:		[unitTests.tests_browserActions.getCurrentWindowTitle]
################################################################################################################################################
[ReportManager] Browser Action [GetCurrentWindowTitle] successfully performed. With the following test data [DuckDuckGo  Privacy, simplified.]. @30-10-2021 19:15:31.0237 P
[ReportManager] Target URL: [https://duckduckgo.com] @30-10-2021 19:15:31.0239 PM
[ReportManager] Initial URL: [https://duckduckgo.com] @30-10-2021 19:15:31.0385 PM
[ReportManager] Browser Action [NavigateToURL] successfully performed. With the following test data [https://duckduckgo.com]. @30-10-2021 19:15:31.0821 PM
[ReportManager] Browser Action [CloseCurrentWindow] successfully performed. @30-10-2021 19:15:31.0972 PM
[ReportManager] Successfully created attachment [Browser Action Test Data - CloseCurrentWindow - Actual Value] @30-10-2021 19:15:31.0972 P
[ReportManager] File Action [GetAbsolutePath] successfully performed. With the following test data [Relative Folder Path: "target/downloadedFiles/"]. @30-10-2021 19:15:31.0974 PM
[ReportManager] Attempting to run remotely on: [Linux-64], [GoogleChrome], [http://localhost:4444/wd/hub], Headless Execution. @30-10-2021 19:15:31.0975 PM
[ReportManager] Successfully Opened [GoogleChrome]. @30-10-2021 19:15:35.0420 PM
[ReportManager] Target URL: [https://duckduckgo.com] @30-10-2021 19:15:35.0420 PM
[ReportManager] Initial URL: [data:,] @30-10-2021 19:15:35.0549 PM
[ReportManager] Browser Action [NavigateToURL] successfully performed. With the following test data [https://duckduckgo.com]. @30-10-2021 19:15:36.0262 P

################################################################################################################################################
Starting Execution:	[52 out of 143] test cases in the current suite
Test Method:		[unitTests.tests_browserActions.getPageSource]
################################################################################################################################################
[ReportManager] Browser Action [GetPageSource] successfully performed. @30-10-2021 19:15:36.0333 PM
[ReportManager] Successfully created attachment [Browser Action Test Data - GetPageSource - Actual Value] @30-10-2021 19:15:36.0334 P
[ReportManager] Target URL: [https://duckduckgo.com] @30-10-2021 19:15:36.0336 PM
[ReportManager] Initial URL: [https://duckduckgo.com] @30-10-2021 19:15:36.0456 PM
[ReportManager] Browser Action [NavigateToURL] successfully performed. With the following test data [https://duckduckgo.com]. @30-10-2021 19:15:36.0935 PM
[ReportManager] Browser Action [CloseCurrentWindow] successfully performed. @30-10-2021 19:15:37.0099 PM
[ReportManager] Successfully created attachment [Browser Action Test Data - CloseCurrentWindow - Actual Value] @30-10-2021 19:15:37.0100 P
[ReportManager] File Action [GetAbsolutePath] successfully performed. With the following test data [Relative Folder Path: "target/downloadedFiles/"]. @30-10-2021 19:15:37.0102 PM
[ReportManager] Attempting to run remotely on: [Linux-64], [GoogleChrome], [http://localhost:4444/wd/hub], Headless Execution. @30-10-2021 19:15:37.0102 PM
[ReportManager] Successfully Opened [GoogleChrome]. @30-10-2021 19:15:40.0410 PM
[ReportManager] Target URL: [https://duckduckgo.com] @30-10-2021 19:15:40.0410 PM
[ReportManager] Initial URL: [data:,] @30-10-2021 19:15:40.0492 PM
[ReportManager] Browser Action [NavigateToURL] successfully performed. With the following test data [https://duckduckgo.com]. @30-10-2021 19:15:41.0146 P

################################################################################################################################################
Starting Execution:	[53 out of 143] test cases in the current suite
Test Method:		[unitTests.tests_browserActions.getWindowHandle]
################################################################################################################################################
[ReportManager] Browser Action [GetWindowHandle] successfully performed. With the following test data [CDwindow-B2CEF802BBF08A00C5EC7F35B8BB3458]. @30-10-2021 19:15:41.0232 P
[ReportManager] Target URL: [https://duckduckgo.com] @30-10-2021 19:15:41.0238 PM
[ReportManager] Initial URL: [https://duckduckgo.com] @30-10-2021 19:15:41.0338 PM
[ReportManager] Browser Action [NavigateToURL] successfully performed. With the following test data [https://duckduckgo.com]. @30-10-2021 19:15:41.0802 PM
[ReportManager] Browser Action [CloseCurrentWindow] successfully performed. @30-10-2021 19:15:41.0954 PM
[ReportManager] Successfully created attachment [Browser Action Test Data - CloseCurrentWindow - Actual Value] @30-10-2021 19:15:41.0955 P
[ReportManager] File Action [GetAbsolutePath] successfully performed. With the following test data [Relative Folder Path: "target/downloadedFiles/"]. @30-10-2021 19:15:41.0958 PM
[ReportManager] Attempting to run remotely on: [Linux-64], [GoogleChrome], [http://localhost:4444/wd/hub], Headless Execution. @30-10-2021 19:15:41.0959 PM
[ReportManager] Successfully Opened [GoogleChrome]. @30-10-2021 19:15:45.0411 PM
[ReportManager] Target URL: [https://duckduckgo.com] @30-10-2021 19:15:45.0411 PM
[ReportManager] Initial URL: [data:,] @30-10-2021 19:15:45.0501 PM
[ReportManager] Browser Action [NavigateToURL] successfully performed. With the following test data [https://duckduckgo.com]. @30-10-2021 19:15:46.0219 P

################################################################################################################################################
Starting Execution:	[54 out of 143] test cases in the current suite
Test Method:		[unitTests.tests_browserActions.getWindowPosition]
################################################################################################################################################
[ReportManager] Browser Action [GetWindowPosition] successfully performed. With the following test data [(0, 0)]. @30-10-2021 19:15:46.0300 P
[ReportManager] Target URL: [https://duckduckgo.com] @30-10-2021 19:15:46.0301 PM
[ReportManager] Initial URL: [https://duckduckgo.com] @30-10-2021 19:15:46.0427 PM
[ReportManager] Browser Action [NavigateToURL] successfully performed. With the following test data [https://duckduckgo.com]. @30-10-2021 19:15:46.0837 PM
[ReportManager] Browser Action [CloseCurrentWindow] successfully performed. @30-10-2021 19:15:46.0974 PM
[ReportManager] Successfully created attachment [Browser Action Test Data - CloseCurrentWindow - Actual Value] @30-10-2021 19:15:46.0975 P
[ReportManager] File Action [GetAbsolutePath] successfully performed. With the following test data [Relative Folder Path: "target/downloadedFiles/"]. @30-10-2021 19:15:46.0977 PM
[ReportManager] Attempting to run remotely on: [Linux-64], [GoogleChrome], [http://localhost:4444/wd/hub], Headless Execution. @30-10-2021 19:15:46.0977 PM
[ReportManager] Successfully Opened [GoogleChrome]. @30-10-2021 19:15:50.0400 PM
[ReportManager] Target URL: [https://duckduckgo.com] @30-10-2021 19:15:50.0400 PM
[ReportManager] Initial URL: [data:,] @30-10-2021 19:15:50.0486 PM
[ReportManager] Browser Action [NavigateToURL] successfully performed. With the following test data [https://duckduckgo.com]. @30-10-2021 19:15:51.0108 P

################################################################################################################################################
Starting Execution:	[55 out of 143] test cases in the current suite
Test Method:		[unitTests.tests_browserActions.getWindowSize]
################################################################################################################################################
[ReportManager] Browser Action [GetWindowSize] successfully performed. With the following test data [(1920, 1080)]. @30-10-2021 19:15:51.0177 P
[ReportManager] Target URL: [https://duckduckgo.com] @30-10-2021 19:15:51.0179 PM
[ReportManager] Initial URL: [https://duckduckgo.com] @30-10-2021 19:15:51.0265 PM
[ReportManager] Browser Action [NavigateToURL] successfully performed. With the following test data [https://duckduckgo.com]. @30-10-2021 19:15:51.0688 PM
[ReportManager] Browser Action [CloseCurrentWindow] successfully performed. @30-10-2021 19:15:51.0826 PM
[ReportManager] Successfully created attachment [Browser Action Test Data - CloseCurrentWindow - Actual Value] @30-10-2021 19:15:51.0827 P
[ReportManager] File Action [GetAbsolutePath] successfully performed. With the following test data [Relative Folder Path: "target/downloadedFiles/"]. @30-10-2021 19:15:51.0829 PM
[ReportManager] Attempting to run remotely on: [Linux-64], [GoogleChrome], [http://localhost:4444/wd/hub], Headless Execution. @30-10-2021 19:15:51.0829 PM
[ReportManager] Successfully Opened [GoogleChrome]. @30-10-2021 19:15:55.0394 PM
[ReportManager] Target URL: [https://duckduckgo.com] @30-10-2021 19:15:55.0394 PM
[ReportManager] Initial URL: [data:,] @30-10-2021 19:15:55.0473 PM
[ReportManager] Browser Action [NavigateToURL] successfully performed. With the following test data [https://duckduckgo.com]. @30-10-2021 19:15:56.0099 P

################################################################################################################################################
Starting Execution:	[56 out of 143] test cases in the current suite
Test Method:		[unitTests.tests_browserActions.maximizeWindow]
################################################################################################################################################
[ReportManager] Initial window size: (1920, 1080) @30-10-2021 19:15:56.0114 PM
[ReportManager] Window size after Toolkit: (1920, 1080) @30-10-2021 19:15:56.0350 PM
[ReportManager] Browser Action [MaximizeWindow] successfully performed. With the following test data [New screen size is now: (1920, 1080)]. @30-10-2021 19:15:56.0356 P
[ReportManager] Target URL: [https://duckduckgo.com] @30-10-2021 19:15:56.0360 PM
[ReportManager] Initial URL: [https://duckduckgo.com] @30-10-2021 19:15:56.0437 PM
[ReportManager] Browser Action [NavigateToURL] successfully performed. With the following test data [https://duckduckgo.com]. @30-10-2021 19:15:56.0817 PM
[ReportManager] Browser Action [CloseCurrentWindow] successfully performed. @30-10-2021 19:15:57.0041 PM
[ReportManager] Successfully created attachment [Browser Action Test Data - CloseCurrentWindow - Actual Value] @30-10-2021 19:15:57.0042 P
[ReportManager] File Action [GetAbsolutePath] successfully performed. With the following test data [Relative Folder Path: "target/downloadedFiles/"]. @30-10-2021 19:15:57.0044 PM
[ReportManager] Attempting to run remotely on: [Linux-64], [GoogleChrome], [http://localhost:4444/wd/hub], Headless Execution. @30-10-2021 19:15:57.0045 PM
[ReportManager] Successfully Opened [GoogleChrome]. @30-10-2021 19:16:00.0410 PM
[ReportManager] Target URL: [https://duckduckgo.com] @30-10-2021 19:16:00.0410 PM
[ReportManager] Initial URL: [data:,] @30-10-2021 19:16:00.0488 PM
[ReportManager] Browser Action [NavigateToURL] successfully performed. With the following test data [https://duckduckgo.com]. @30-10-2021 19:16:01.0083 P

################################################################################################################################################
Starting Execution:	[57 out of 143] test cases in the current suite
Test Method:		[unitTests.tests_browserActions.navigateBack]
################################################################################################################################################
[ReportManager] Target URL: [https://www.google.com/ncr], and after redirection: [https://www.google.com] @30-10-2021 19:16:01.0091 PM
[ReportManager] Initial URL: [https://duckduckgo.com] @30-10-2021 19:16:01.0172 PM
[ReportManager] Browser Action [NavigateToURL] successfully performed. With the following test data [https://www.google.com/ncr]. @30-10-2021 19:16:01.0976 PM
[ReportManager] Browser Action [NavigateBack] successfully performed. With the following test data [https://duckduckgo.com/]. @30-10-2021 19:16:02.0433 PM
[ReportManager] Browser Action [GetCurrentURL] successfully performed. With the following test data [https://duckduckgo.com/]. @30-10-2021 19:16:02.0509 PM
[ReportManager] Assertion Passed: Confirming that navigating back was successful @30-10-2021 19:16:03.0115 PM
[ReportManager] Successfully created attachment [Screenshot - 1635621362708_navigateBack_ValidateBrowserAttribute_passed] @30-10-2021 19:16:03.0116 PM
[ReportManager] Assertion [ValidateBrowserAttribute] PASSED. Expected [Value Should be 'https://duckduckgo.com' for the 'CurrentUrl' attribute] and Actual [https://duckduckgo.com/]. Comparison Type [CONTAINS]. Validation Type [POSITIVE]. @30-10-2021 19:16:03.0116 P
[ReportManager] Target URL: [https://duckduckgo.com] @30-10-2021 19:16:03.0119 PM
[ReportManager] Initial URL: [https://duckduckgo.com] @30-10-2021 19:16:03.0236 PM
[ReportManager] Browser Action [NavigateToURL] successfully performed. With the following test data [https://duckduckgo.com]. @30-10-2021 19:16:03.0648 PM
[ReportManager] Browser Action [CloseCurrentWindow] successfully performed. @30-10-2021 19:16:03.0810 PM
[ReportManager] Successfully created attachment [Browser Action Test Data - CloseCurrentWindow - Actual Value] @30-10-2021 19:16:03.0810 P
[ReportManager] File Action [GetAbsolutePath] successfully performed. With the following test data [Relative Folder Path: "target/downloadedFiles/"]. @30-10-2021 19:16:03.0812 PM
[ReportManager] Attempting to run remotely on: [Linux-64], [GoogleChrome], [http://localhost:4444/wd/hub], Headless Execution. @30-10-2021 19:16:03.0813 PM
[ReportManager] Successfully Opened [GoogleChrome]. @30-10-2021 19:16:05.0406 PM
[ReportManager] Target URL: [https://duckduckgo.com] @30-10-2021 19:16:05.0406 PM
[ReportManager] Initial URL: [data:,] @30-10-2021 19:16:05.0486 PM
[ReportManager] Browser Action [NavigateToURL] successfully performed. With the following test data [https://duckduckgo.com]. @30-10-2021 19:16:06.0121 P

################################################################################################################################################
Starting Execution:	[58 out of 143] test cases in the current suite
Test Method:		[unitTests.tests_browserActions.navigateForward]
################################################################################################################################################
[ReportManager] Target URL: [https://www.google.com/ncr], and after redirection: [https://www.google.com] @30-10-2021 19:16:06.0124 PM
[ReportManager] Initial URL: [https://duckduckgo.com] @30-10-2021 19:16:06.0199 PM
[ReportManager] Browser Action [NavigateToURL] successfully performed. With the following test data [https://www.google.com/ncr]. @30-10-2021 19:16:06.0998 PM
[ReportManager] Browser Action [NavigateBack] successfully performed. With the following test data [https://duckduckgo.com/]. @30-10-2021 19:16:07.0450 PM
[ReportManager] Browser Action [NavigateForward] successfully performed. With the following test data [https://www.google.com/]. @30-10-2021 19:16:07.0949 P
[ReportManager] Target URL: [https://duckduckgo.com] @30-10-2021 19:16:07.0952 PM
[ReportManager] Initial URL: [https://www.google.com] @30-10-2021 19:16:08.0055 PM
[ReportManager] Browser Action [NavigateToURL] successfully performed. With the following test data [https://duckduckgo.com]. @30-10-2021 19:16:08.0631 PM
[ReportManager] Browser Action [CloseCurrentWindow] successfully performed. @30-10-2021 19:16:08.0758 PM
[ReportManager] Successfully created attachment [Browser Action Test Data - CloseCurrentWindow - Actual Value] @30-10-2021 19:16:08.0758 P
[ReportManager] File Action [GetAbsolutePath] successfully performed. With the following test data [Relative Folder Path: "target/downloadedFiles/"]. @30-10-2021 19:16:08.0784 PM
[ReportManager] Attempting to run remotely on: [Linux-64], [GoogleChrome], [http://localhost:4444/wd/hub], Headless Execution. @30-10-2021 19:16:08.0784 PM
[ReportManager] Successfully Opened [GoogleChrome]. @30-10-2021 19:16:10.0399 PM
[ReportManager] Target URL: [https://duckduckgo.com] @30-10-2021 19:16:10.0399 PM
[ReportManager] Initial URL: [data:,] @30-10-2021 19:16:10.0492 PM
[ReportManager] Browser Action [NavigateToURL] successfully performed. With the following test data [https://duckduckgo.com]. @30-10-2021 19:16:11.0141 P

################################################################################################################################################
Starting Execution:	[59 out of 143] test cases in the current suite
Test Method:		[unitTests.tests_browserActions.navigateToURL]
################################################################################################################################################
[ReportManager] Target URL: [https://duckduckgo.com] @30-10-2021 19:16:11.0150 PM
[ReportManager] Initial URL: [https://duckduckgo.com] @30-10-2021 19:16:11.0238 PM
[ReportManager] Browser Action [NavigateToURL] successfully performed. With the following test data [https://duckduckgo.com]. @30-10-2021 19:16:11.0640 P
[ReportManager] Target URL: [https://duckduckgo.com] @30-10-2021 19:16:11.0642 PM
[ReportManager] Initial URL: [https://duckduckgo.com] @30-10-2021 19:16:11.0701 PM
[ReportManager] Browser Action [NavigateToURL] successfully performed. With the following test data [https://duckduckgo.com]. @30-10-2021 19:16:12.0047 PM
[ReportManager] Browser Action [CloseCurrentWindow] successfully performed. @30-10-2021 19:16:12.0186 PM
[ReportManager] Successfully created attachment [Browser Action Test Data - CloseCurrentWindow - Actual Value] @30-10-2021 19:16:12.0187 P
[ReportManager] File Action [GetAbsolutePath] successfully performed. With the following test data [Relative Folder Path: "target/downloadedFiles/"]. @30-10-2021 19:16:12.0189 PM
[ReportManager] Attempting to run remotely on: [Linux-64], [GoogleChrome], [http://localhost:4444/wd/hub], Headless Execution. @30-10-2021 19:16:12.0189 PM
[ReportManager] Successfully Opened [GoogleChrome]. @30-10-2021 19:16:15.0410 PM
[ReportManager] Target URL: [https://duckduckgo.com] @30-10-2021 19:16:15.0410 PM
[ReportManager] Initial URL: [data:,] @30-10-2021 19:16:15.0508 PM
[ReportManager] Browser Action [NavigateToURL] successfully performed. With the following test data [https://duckduckgo.com]. @30-10-2021 19:16:16.0090 P

################################################################################################################################################
Starting Execution:	[60 out of 143] test cases in the current suite
Test Method:		[unitTests.tests_browserActions.navigateToURLWithRedirection]
################################################################################################################################################
[ReportManager] Target URL: [https://www.google.com/ncr], and after redirection: [https://www.google.com] @30-10-2021 19:16:16.0101 PM
[ReportManager] Initial URL: [https://duckduckgo.com] @30-10-2021 19:16:16.0205 PM
[ReportManager] Browser Action [NavigateToURL] successfully performed. With the following test data [https://www.google.com/ncr]. @30-10-2021 19:16:16.0975 P
[ReportManager] Target URL: [https://duckduckgo.com] @30-10-2021 19:16:16.0978 PM
[ReportManager] Initial URL: [https://www.google.com] @30-10-2021 19:16:17.0063 PM
[ReportManager] Browser Action [NavigateToURL] successfully performed. With the following test data [https://duckduckgo.com]. @30-10-2021 19:16:17.0614 PM
[ReportManager] Browser Action [CloseCurrentWindow] successfully performed. @30-10-2021 19:16:17.0743 PM
[ReportManager] Successfully created attachment [Browser Action Test Data - CloseCurrentWindow - Actual Value] @30-10-2021 19:16:17.0743 P
[ReportManager] File Action [GetAbsolutePath] successfully performed. With the following test data [Relative Folder Path: "target/downloadedFiles/"]. @30-10-2021 19:16:17.0745 PM
[ReportManager] Attempting to run remotely on: [Linux-64], [GoogleChrome], [http://localhost:4444/wd/hub], Headless Execution. @30-10-2021 19:16:17.0746 PM
[ReportManager] Successfully Opened [GoogleChrome]. @30-10-2021 19:16:20.0426 PM
[ReportManager] Target URL: [https://duckduckgo.com] @30-10-2021 19:16:20.0426 PM
[ReportManager] Initial URL: [data:,] @30-10-2021 19:16:20.0527 PM
[ReportManager] Browser Action [NavigateToURL] successfully performed. With the following test data [https://duckduckgo.com]. @30-10-2021 19:16:21.0155 P

################################################################################################################################################
Starting Execution:	[61 out of 143] test cases in the current suite
Test Method:		[unitTests.tests_browserActions.refreshCurrentPage]
################################################################################################################################################
[ReportManager] Browser Action [RefreshCurrentPage] successfully performed. @30-10-2021 19:16:21.0492 PM
[ReportManager] Successfully created attachment [Browser Action Test Data - RefreshCurrentPage - Actual Value] @30-10-2021 19:16:21.0493 P
[ReportManager] Target URL: [https://duckduckgo.com] @30-10-2021 19:16:21.0500 PM
[ReportManager] Initial URL: [https://duckduckgo.com] @30-10-2021 19:16:21.0569 PM
[ReportManager] Browser Action [NavigateToURL] successfully performed. With the following test data [https://duckduckgo.com]. @30-10-2021 19:16:21.0940 PM
[ReportManager] Browser Action [CloseCurrentWindow] successfully performed. @30-10-2021 19:16:22.0102 PM
[ReportManager] Successfully created attachment [Browser Action Test Data - CloseCurrentWindow - Actual Value] @30-10-2021 19:16:22.0102 P
[ReportManager] File Action [GetAbsolutePath] successfully performed. With the following test data [Relative Folder Path: "target/downloadedFiles/"]. @30-10-2021 19:16:22.0105 PM
[ReportManager] Attempting to run remotely on: [Linux-64], [GoogleChrome], [http://localhost:4444/wd/hub], Headless Execution. @30-10-2021 19:16:22.0105 PM
[ReportManager] Successfully Opened [GoogleChrome]. @30-10-2021 19:16:25.0414 PM
[ReportManager] Target URL: [https://duckduckgo.com] @30-10-2021 19:16:25.0414 PM
[ReportManager] Initial URL: [data:,] @30-10-2021 19:16:25.0488 PM
[ReportManager] Browser Action [NavigateToURL] successfully performed. With the following test data [https://duckduckgo.com]. @30-10-2021 19:16:26.0088 P

################################################################################################################################################
Starting Execution:	[62 out of 143] test cases in the current suite
Test Method:		[unitTests.tests_browserActions.setWindowSize]
################################################################################################################################################
[ReportManager] Initial window size: (1920, 1080) @30-10-2021 19:16:26.0104 PM
[ReportManager] Window size after SWD: (1280, 720) @30-10-2021 19:16:26.0326 PM
[ReportManager] Browser Action [SetWindowSize] successfully performed. With the following test data [New screen size is now: (1280, 720)]. @30-10-2021 19:16:26.0327 P
[ReportManager] Target URL: [https://duckduckgo.com] @30-10-2021 19:16:26.0345 PM
[ReportManager] Initial URL: [https://duckduckgo.com] @30-10-2021 19:16:26.0412 PM
[ReportManager] Browser Action [NavigateToURL] successfully performed. With the following test data [https://duckduckgo.com]. @30-10-2021 19:16:26.0795 PM
[ReportManager] Browser Action [CloseCurrentWindow] successfully performed. @30-10-2021 19:16:26.0939 PM
[ReportManager] Successfully created attachment [Browser Action Test Data - CloseCurrentWindow - Actual Value] @30-10-2021 19:16:26.0940 P
[ReportManager] File Action [GetAbsolutePath] successfully performed. With the following test data [Relative Folder Path: "target/downloadedFiles/"]. @30-10-2021 19:16:26.0949 PM
[ReportManager] Attempting to run remotely on: [Linux-64], [GoogleChrome], [http://localhost:4444/wd/hub], Headless Execution. @30-10-2021 19:16:26.0949 PM
[ReportManager] Successfully Opened [GoogleChrome]. @30-10-2021 19:16:30.0421 P

################################################################################################################################################
Starting Execution:	[63 out of 143] test cases in the current suite
Test Method:		[unitTests.tests_element_elementActions.waitForElementToBePresent_false_expectedToFail]
################################################################################################################################################
[ReportManager] Target URL: [https://www.google.com/ncr], and after redirection: [www.google.com] @30-10-2021 19:16:30.0426 PM
[ReportManager] Initial URL: [data:,] @30-10-2021 19:16:30.0513 PM
[ReportManager] Browser Action [NavigateToURL] successfully performed. With the following test data [https://www.google.com/ncr]. @30-10-2021 19:16:31.0422 PM
[ReportManager] Waiting for element to be present; elementLocator [By.xpath: //*[@id='hplogo' or @alt='Google']], numberOfTries[1], stateOfPresence[false]... @30-10-2021 19:16:31.0430 PM
[ReportManager] Element Action [WaitForElementToBePresent] failed. With the following test data [waited for the element's state of presence to be (false). Element locator (By.xpath: //*[@id='hplogo' or @alt='Google'])]. @30-10-2021 19:16:31.0881 PM
[ReportManager] Successfully created attachment [Screenshot - 1635621391695_waitForElementToBePresent_false_expectedToFail_WaitForElementToBePresent_failed] @30-10-2021 19:16:31.0882 P
[ReportManager] Browser Action [CloseCurrentWindow] successfully performed. @30-10-2021 19:16:32.0025 PM
[ReportManager] Successfully created attachment [Browser Action Test Data - CloseCurrentWindow - Actual Value] @30-10-2021 19:16:32.0026 P
[ReportManager] File Action [GetAbsolutePath] successfully performed. With the following test data [Relative Folder Path: "target/downloadedFiles/"]. @30-10-2021 19:16:32.0033 PM
[ReportManager] Attempting to run remotely on: [Linux-64], [GoogleChrome], [http://localhost:4444/wd/hub], Headless Execution. @30-10-2021 19:16:32.0033 PM
[ReportManager] Successfully Opened [GoogleChrome]. @30-10-2021 19:16:35.0395 P

################################################################################################################################################
Starting Execution:	[64 out of 143] test cases in the current suite
Test Method:		[unitTests.tests_element_elementActions.waitForElementToBePresent_false_expectedToPass]
################################################################################################################################################
[ReportManager] Target URL: [https://www.google.com/ncr], and after redirection: [www.google.com] @30-10-2021 19:16:35.0399 PM
[ReportManager] Initial URL: [data:,] @30-10-2021 19:16:35.0485 PM
[ReportManager] Browser Action [NavigateToURL] successfully performed. With the following test data [https://www.google.com/ncr]. @30-10-2021 19:16:36.0330 PM
[ReportManager] Waiting for element to be present; elementLocator [By.id: bla], numberOfTries[1], stateOfPresence[false]... @30-10-2021 19:16:36.0330 PM
[ReportManager] Element Action [WaitForElementToBePresent] successfully performed. With the following test data [waited for the element's state of presence to be (false). Element locator (By.id: bla)]. @30-10-2021 19:16:41.0490 P
[ReportManager] Browser Action [CloseCurrentWindow] successfully performed. @30-10-2021 19:16:41.0664 PM
[ReportManager] Successfully created attachment [Browser Action Test Data - CloseCurrentWindow - Actual Value] @30-10-2021 19:16:41.0665 P
[ReportManager] File Action [GetAbsolutePath] successfully performed. With the following test data [Relative Folder Path: "target/downloadedFiles/"]. @30-10-2021 19:16:41.0668 PM
[ReportManager] Attempting to run remotely on: [Linux-64], [GoogleChrome], [http://localhost:4444/wd/hub], Headless Execution. @30-10-2021 19:16:41.0668 PM
[ReportManager] Successfully Opened [GoogleChrome]. @30-10-2021 19:16:45.0429 P

################################################################################################################################################
Starting Execution:	[65 out of 143] test cases in the current suite
Test Method:		[unitTests.tests_element_elementActions.waitForElementToBePresent_moreThanOneElement_expectedToFail]
################################################################################################################################################
[ReportManager] Target URL: [https://www.google.com/ncr], and after redirection: [www.google.com] @30-10-2021 19:16:45.0437 PM
[ReportManager] Initial URL: [data:,] @30-10-2021 19:16:45.0553 PM
[ReportManager] Browser Action [NavigateToURL] successfully performed. With the following test data [https://www.google.com/ncr]. @30-10-2021 19:16:46.0519 PM
[ReportManager] Waiting for element to be present; elementLocator [By.xpath: //*], numberOfTries[1], stateOfPresence[false]... @30-10-2021 19:16:46.0520 PM
[ReportManager] Element Action [WaitForElementToBePresent] failed. With the following test data [waited for the element's state of presence to be (false). Element locator (By.xpath: //*)]. @30-10-2021 19:16:47.0012 PM
[ReportManager] Successfully created attachment [Screenshot - 1635621406835_waitForElementToBePresent_moreThanOneElement_expectedToFail_WaitForElementToBePresent_failed] @30-10-2021 19:16:47.0013 P
[ReportManager] Browser Action [CloseCurrentWindow] successfully performed. @30-10-2021 19:16:47.0150 PM
[ReportManager] Successfully created attachment [Browser Action Test Data - CloseCurrentWindow - Actual Value] @30-10-2021 19:16:47.0150 P
[ReportManager] File Action [GetAbsolutePath] successfully performed. With the following test data [Relative Folder Path: "target/downloadedFiles/"]. @30-10-2021 19:16:47.0153 PM
[ReportManager] Attempting to run remotely on: [Linux-64], [GoogleChrome], [http://localhost:4444/wd/hub], Headless Execution. @30-10-2021 19:16:47.0153 PM
[ReportManager] Successfully Opened [GoogleChrome]. @30-10-2021 19:16:50.0422 P

################################################################################################################################################
Starting Execution:	[66 out of 143] test cases in the current suite
Test Method:		[unitTests.tests_element_elementActions.waitForElementToBePresent_true_expectedToFail]
################################################################################################################################################
[ReportManager] Target URL: [https://www.google.com/ncr], and after redirection: [www.google.com] @30-10-2021 19:16:50.0425 PM
[ReportManager] Initial URL: [data:,] @30-10-2021 19:16:50.0509 PM
[ReportManager] Browser Action [NavigateToURL] successfully performed. With the following test data [https://www.google.com/ncr]. @30-10-2021 19:16:51.0372 PM
[ReportManager] Waiting for element to be present; elementLocator [By.id: bla], numberOfTries[1], stateOfPresence[true]... @30-10-2021 19:16:51.0372 PM
[ReportManager] Element Action [WaitForElementToBePresent] failed. With the following test data [waited for the element's state of presence to be (true). Element locator (By.id: bla)]. @30-10-2021 19:16:56.0906 PM
[ReportManager] Successfully created attachment [Screenshot - 1635621416726_waitForElementToBePresent_true_expectedToFail_WaitForElementToBePresent_failed] @30-10-2021 19:16:56.0907 P
[ReportManager] Browser Action [CloseCurrentWindow] successfully performed. @30-10-2021 19:16:57.0032 PM
[ReportManager] Successfully created attachment [Browser Action Test Data - CloseCurrentWindow - Actual Value] @30-10-2021 19:16:57.0033 P
[ReportManager] File Action [GetAbsolutePath] successfully performed. With the following test data [Relative Folder Path: "target/downloadedFiles/"]. @30-10-2021 19:16:57.0035 PM
[ReportManager] Attempting to run remotely on: [Linux-64], [GoogleChrome], [http://localhost:4444/wd/hub], Headless Execution. @30-10-2021 19:16:57.0035 PM
[ReportManager] Successfully Opened [GoogleChrome]. @30-10-2021 19:17:00.0402 P

################################################################################################################################################
Starting Execution:	[67 out of 143] test cases in the current suite
Test Method:		[unitTests.tests_element_elementActions.waitForElementToBePresent_true_expectedToPass]
################################################################################################################################################
[ReportManager] Target URL: [https://www.google.com/ncr], and after redirection: [www.google.com] @30-10-2021 19:17:00.0404 PM
[ReportManager] Initial URL: [data:,] @30-10-2021 19:17:00.0474 PM
[ReportManager] Browser Action [NavigateToURL] successfully performed. With the following test data [https://www.google.com/ncr]. @30-10-2021 19:17:01.0264 PM
[ReportManager] Waiting for element to be present; elementLocator [By.xpath: //*[@id='hplogo' or @alt='Google']], numberOfTries[1], stateOfPresence[true]... @30-10-2021 19:17:01.0264 PM
[ReportManager] Element Action [WaitForElementToBePresent] successfully performed. With the following test data [waited for the element's state of presence to be (true). Element locator (By.xpath: //*[@id='hplogo' or @alt='Google'])]. @30-10-2021 19:17:01.0364 PM
[ReportManager] File Action [DoesFileExist] successfully performed. With the following test data [File Path: "src/test/resources/DynamicObjectRepository/unitTests_tests_element_elementActions_waitForElementToBePresent_true_expectedToPass_By_xpath_id_hplogo_or_alt_Google.png"]. @30-10-2021 19:17:01.0383 PM
[ReportManager] File Action [DoesFileExist] successfully performed. With the following test data [File Path: "src/test/resources/DynamicObjectRepository/unitTests_tests_element_elementActions_waitForElementToBePresent_true_expectedToPass_By_xpath_id_hplogo_or_alt_Google.png"]. @30-10-2021 19:17:01.0624 PM
[ReportManager] Passing the test and saving a reference image @30-10-2021 19:17:01.0624 PM
[ReportManager] File Action [GetAbsolutePath] successfully performed. With the following test data [Relative File Path: "src/test/resources/DynamicObjectRepository/unitTests_tests_element_elementActions_waitForElementToBePresent_true_expectedToPass_By_xpath_id_hplogo_or_alt_Google.png"]. @30-10-2021 19:17:01.0624 PM
[ReportManager] File Action [WriteToFile] successfully performed. With the following test data [Target File Path: "/home/runner/work/SHAFT_ENGINE/SHAFT_ENGINE/src/test/resources/DynamicObjectRepository/unitTests_tests_element_elementActions_waitForElementToBePresent_true_expectedToPass_By_xpath_id_hplogo_or_alt_Google.png"]. @30-10-2021 19:17:01.0625 PM
[ReportManager] Assertion Passed: Using Visual AI; OpenCV @30-10-2021 19:17:01.0625 PM
[ReportManager] Successfully created attachment [Validation Test Data - Actual Screenshot] @30-10-2021 19:17:01.0625 PM
[ReportManager] Assertion [ValidateElementMatches] PASSED. Expected [Element should match the reference screenshot] and Actual [TRUE]. Comparison Type [EXACT_OPENCV]. Validation Type [POSITIVE]. @30-10-2021 19:17:01.0625 P
[ReportManager] Browser Action [CloseCurrentWindow] successfully performed. @30-10-2021 19:17:01.0773 PM
[ReportManager] Successfully created attachment [Browser Action Test Data - CloseCurrentWindow - Actual Value] @30-10-2021 19:17:01.0774 P
[ReportManager] Successfully loaded the following test data file [src/test/resources/TestDataFiles/testSuite01/TestData.xlsx]. @30-10-2021 19:17:02.0547 PM
[ReportManager] Successfully created attachment [Test Data - Excel] @30-10-2021 19:17:02.0547 P

################################################################################################################################################
Starting Execution:	[68 out of 143] test cases in the current suite
Test Method:		[unitTests.tests_io_excelFileManager.getCellData_rowName_expectedToPass]
################################################################################################################################################
[ReportManager] testRowData. @30-10-2021 19:17:02.0561 P

################################################################################################################################################
Starting Execution:	[69 out of 143] test cases in the current suite
Test Method:		[testPackage01.Test_testData.f]
################################################################################################################################################
[ReportManager] Successfully loaded the following test data file [src/test/resources/TestDataFiles/testSuite01/TestData.xlsx]. @30-10-2021 19:17:02.0594 PM
[ReportManager] Successfully created attachment [Test Data - Excel] @30-10-2021 19:17:02.0595 PM
[ReportManager] Last Column Number is: [3]. Zero-based. @30-10-2021 19:17:02.0595 P

################################################################################################################################################
Starting Execution:	[70 out of 143] test cases in the current suite
Test Method:		[testPackage01.Test_SkipDueToIssue.doNotSkip]
################################################################################################################################################
[ReportManager] This should not be skipped. @30-10-2021 19:17:02.0600 P

################################################################################################################################################
Starting Execution:	[71 out of 143] test cases in the current suite
Test Method:		[testPackage01.Test_SkipDueToIssue.skip]
################################################################################################################################################
[ReportManager] This should be skipped. @30-10-2021 19:17:02.0606 P

################################################################################################################################################
Starting Execution:	[72 out of 143] test cases in the current suite
Test Method:		[testPackage01.Test_SkipDueToIssue.skip2]
################################################################################################################################################
[ReportManager] This should be skipped. @30-10-2021 19:17:02.0611 P

################################################################################################################################################
Starting Execution:	[73 out of 143] test cases in the current suite
Test Method:		[testPackage01.Test_chainableElementActions.chainElementActions]
################################################################################################################################################
[ReportManager] File Action [GetAbsolutePath] successfully performed. With the following test data [Relative Folder Path: "target/downloadedFiles/"]. @30-10-2021 19:17:02.0616 PM
[ReportManager] Attempting to run remotely on: [Linux-64], [GoogleChrome], [http://localhost:4444/wd/hub], Headless Execution. @30-10-2021 19:17:02.0616 PM
[ReportManager] Successfully Opened [GoogleChrome]. @30-10-2021 19:17:05.0448 PM
[ReportManager] Target URL: [https://www.google.com/ncr], and after redirection: [https://www.google.com] @30-10-2021 19:17:05.0449 PM
[ReportManager] Initial URL: [data:,] @30-10-2021 19:17:05.0535 PM
[ReportManager] Browser Action [NavigateToURL] successfully performed. With the following test data [https://www.google.com/ncr]. @30-10-2021 19:17:06.0355 PM
[ReportManager] Element Action [Type] successfully performed. With the following test data [chained type 1]. @30-10-2021 19:17:06.0902 PM
[ReportManager] Element Action [Type] successfully performed. With the following test data [chained type 2]. @30-10-2021 19:17:07.0398 PM
[ReportManager] Element Action [TypeAppend] successfully performed. With the following test data [345]. @30-10-2021 19:17:07.0543 PM
[ReportManager] Element Action [GetText] successfully performed. With the following test data [chained type 2345]. @30-10-2021 19:17:07.0747 PM
[ReportManager] Loaded Shared OpenCV @30-10-2021 19:17:07.0994 PM
[ReportManager] Assertion [ValidateElementAttribute] PASSED. Expected [Value Should be 'chained type 2345' for the 'text' attribute, element locator 'By.name: q'] and Actual [chained type 2345]. Comparison Type [EQUALS]. Validation Type [POSITIVE]. @30-10-2021 19:17:08.0281 PM
[ReportManager] Successfully created attachment [Screenshot - 1635621427994_chainElementActions_ValidateElementAttribute_passed] @30-10-2021 19:17:08.0282 PM
[ReportManager] Browser Action [CloseCurrentWindow] successfully performed. @30-10-2021 19:17:08.0557 PM
[ReportManager] Successfully created attachment [Browser Action Test Data - CloseCurrentWindow - Actual Value] @30-10-2021 19:17:08.0558 P

################################################################################################################################################
Starting Execution:	[74 out of 143] test cases in the current suite
Test Method:		[testPackage01.Test_NewValidationHelper.f1]
################################################################################################################################################
[ReportManager] Assertion Passed: Checking valid user data @30-10-2021 19:17:08.0585 PM
[ReportManager] Successfully created attachment [Validation Test Data - Expected Value] @30-10-2021 19:17:08.0586 PM
[ReportManager] Successfully created attachment [Validation Test Data - Actual Value] @30-10-2021 19:17:08.0586 PM
[ReportManager] Assertion [ValidateEquals] PASSED. Expected and Actual values are attached. Comparison Type [EQUALS]. Validation Type [POSITIVE]. @30-10-2021 19:17:08.0586 P
[ReportManager] File Action [GetAbsolutePath] successfully performed. With the following test data [Relative Folder Path: "target/downloadedFiles/"]. @30-10-2021 19:17:08.0592 PM
[ReportManager] Attempting to run remotely on: [Linux-64], [GoogleChrome], [http://localhost:4444/wd/hub], Headless Execution. @30-10-2021 19:17:08.0592 PM
[ReportManager] Successfully Opened [GoogleChrome]. @30-10-2021 19:17:10.0420 PM
[ReportManager] Target URL: [https://the-internet.herokuapp.com/] @30-10-2021 19:17:10.0420 PM
[ReportManager] Initial URL: [data:,] @30-10-2021 19:17:10.0487 PM
[ReportManager] Browser Action [NavigateToURL] successfully performed. With the following test data [https://the-internet.herokuapp.com/]. @30-10-2021 19:17:10.0955 P

################################################################################################################################################
Starting Execution:	[75 out of 143] test cases in the current suite
Test Method:		[testPackage01.Test_NewValidationHelper.f10]
################################################################################################################################################
[ReportManager] Assertion [ValidateElementExists] FAILED. Expected [Element Should Exist, locator 'By.tagName: div'] and Actual [Element Exists but is not unique]. Comparison Type [EQUALS]. Validation Type [POSITIVE]. @30-10-2021 19:17:11.0476 PM
[ReportManager] Successfully created attachment [Screenshot - 1635621431283_f10_ValidateElementExists_failed] @30-10-2021 19:17:11.0477 P
[ReportManager] Successfully Closed All Drivers. @30-10-2021 19:17:11.0572 P
[ReportManager] File Action [GetAbsolutePath] successfully performed. With the following test data [Relative Folder Path: "target/downloadedFiles/"]. @30-10-2021 19:17:11.0574 PM
[ReportManager] Attempting to run remotely on: [Linux-64], [GoogleChrome], [http://localhost:4444/wd/hub], Headless Execution. @30-10-2021 19:17:11.0574 PM
[ReportManager] Successfully Opened [GoogleChrome]. @30-10-2021 19:17:15.0406 PM
[ReportManager] Target URL: [https://the-internet.herokuapp.com/] @30-10-2021 19:17:15.0406 PM
[ReportManager] Initial URL: [data:,] @30-10-2021 19:17:15.0480 PM
[ReportManager] Browser Action [NavigateToURL] successfully performed. With the following test data [https://the-internet.herokuapp.com/]. @30-10-2021 19:17:15.0913 P

################################################################################################################################################
Starting Execution:	[76 out of 143] test cases in the current suite
Test Method:		[testPackage01.Test_NewValidationHelper.f11]
################################################################################################################################################
[ReportManager] Assertion Passed: Checking that false tag doesn't exist @30-10-2021 19:17:26.0594 PM
[ReportManager] Successfully created attachment [Screenshot - 1635621446404_f11_ValidateElementExists_passed] @30-10-2021 19:17:26.0595 PM
[ReportManager] Assertion [ValidateElementExists] PASSED. Expected [Element Should not Exist, locator 'By.tagName: h3'] and Actual [Element Doesn't Exists]. Comparison Type [EQUALS]. Validation Type [NEGATIVE]. @30-10-2021 19:17:26.0595 P
[ReportManager] Successfully Closed All Drivers. @30-10-2021 19:17:26.0692 P
[ReportManager] File Action [GetAbsolutePath] successfully performed. With the following test data [Relative Folder Path: "target/downloadedFiles/"]. @30-10-2021 19:17:26.0694 PM
[ReportManager] Attempting to run remotely on: [Linux-64], [GoogleChrome], [http://localhost:4444/wd/hub], Headless Execution. @30-10-2021 19:17:26.0694 PM
[ReportManager] Successfully Opened [GoogleChrome]. @30-10-2021 19:17:30.0485 PM
[ReportManager] Target URL: [https://the-internet.herokuapp.com/] @30-10-2021 19:17:30.0485 PM
[ReportManager] Initial URL: [data:,] @30-10-2021 19:17:30.0549 PM
[ReportManager] Browser Action [NavigateToURL] successfully performed. With the following test data [https://the-internet.herokuapp.com/]. @30-10-2021 19:17:31.0014 P

################################################################################################################################################
Starting Execution:	[77 out of 143] test cases in the current suite
Test Method:		[testPackage01.Test_NewValidationHelper.f12]
################################################################################################################################################
[ReportManager] Loaded Shared OpenCV @30-10-2021 19:17:31.0357 PM
[ReportManager] Assertion [ValidateElementExists] FAILED. Expected [Element Should not Exist, locator 'By.tagName: h1'] and Actual [Element Exists]. Comparison Type [EQUALS]. Validation Type [NEGATIVE]. @30-10-2021 19:17:31.0590 PM
[ReportManager] Successfully created attachment [Screenshot - 1635621451357_f12_ValidateElementExists_failed] @30-10-2021 19:17:31.0592 P
[ReportManager] Successfully Closed All Drivers. @30-10-2021 19:17:31.0698 P
[ReportManager] File Action [GetAbsolutePath] successfully performed. With the following test data [Relative Folder Path: "target/downloadedFiles/"]. @30-10-2021 19:17:31.0701 PM
[ReportManager] Attempting to run remotely on: [Linux-64], [GoogleChrome], [http://localhost:4444/wd/hub], Headless Execution. @30-10-2021 19:17:31.0701 PM
[ReportManager] Successfully Opened [GoogleChrome]. @30-10-2021 19:17:35.0417 PM
[ReportManager] Target URL: [https://the-internet.herokuapp.com/] @30-10-2021 19:17:35.0417 PM
[ReportManager] Initial URL: [data:,] @30-10-2021 19:17:35.0476 PM
[ReportManager] Browser Action [NavigateToURL] successfully performed. With the following test data [https://the-internet.herokuapp.com/]. @30-10-2021 19:17:35.0925 P

################################################################################################################################################
Starting Execution:	[78 out of 143] test cases in the current suite
Test Method:		[testPackage01.Test_NewValidationHelper.f13]
################################################################################################################################################
[ReportManager] Assertion [ValidateElementExists] FAILED. Expected [Element Should not Exist, locator 'By.tagName: div'] and Actual [Element Exists but is not unique]. Comparison Type [EQUALS]. Validation Type [NEGATIVE]. @30-10-2021 19:17:36.0486 PM
[ReportManager] Successfully created attachment [Screenshot - 1635621456295_f13_ValidateElementExists_failed] @30-10-2021 19:17:36.0488 P
[ReportManager] Successfully Closed All Drivers. @30-10-2021 19:17:36.0574 P
[ReportManager] File Action [GetAbsolutePath] successfully performed. With the following test data [Relative Folder Path: "target/downloadedFiles/"]. @30-10-2021 19:17:36.0577 PM
[ReportManager] Attempting to run remotely on: [Linux-64], [GoogleChrome], [http://localhost:4444/wd/hub], Headless Execution. @30-10-2021 19:17:36.0577 PM
[ReportManager] Successfully Opened [GoogleChrome]. @30-10-2021 19:17:40.0401 PM
[ReportManager] Target URL: [https://the-internet.herokuapp.com/] @30-10-2021 19:17:40.0402 PM
[ReportManager] Initial URL: [data:,] @30-10-2021 19:17:40.0486 PM
[ReportManager] Browser Action [NavigateToURL] successfully performed. With the following test data [https://the-internet.herokuapp.com/]. @30-10-2021 19:17:40.0990 P

################################################################################################################################################
Starting Execution:	[79 out of 143] test cases in the current suite
Test Method:		[testPackage01.Test_NewValidationHelper.f14]
################################################################################################################################################
[ReportManager] Element Action [GetText] successfully performed. With the following test data [Welcome to the-internet]. @30-10-2021 19:17:41.0112 PM
[ReportManager] Loaded Shared OpenCV @30-10-2021 19:17:41.0422 PM
[ReportManager] Assertion Passed: Asserting that the header text is correct @30-10-2021 19:17:41.0710 PM
[ReportManager] Successfully created attachment [Screenshot - 1635621461422_f14_ValidateElementAttribute_passed] @30-10-2021 19:17:41.0712 PM
[ReportManager] Assertion [ValidateElementAttribute] PASSED. Expected [Value Should be 'Welcome to the-internet' for the 'text' attribute, element locator 'By.tagName: h1'] and Actual [Welcome to the-internet]. Comparison Type [EQUALS]. Validation Type [POSITIVE]. @30-10-2021 19:17:41.0712 P
[ReportManager] Successfully Closed All Drivers. @30-10-2021 19:17:41.0822 P
[ReportManager] File Action [GetAbsolutePath] successfully performed. With the following test data [Relative Folder Path: "target/downloadedFiles/"]. @30-10-2021 19:17:41.0825 PM
[ReportManager] Attempting to run remotely on: [Linux-64], [GoogleChrome], [http://localhost:4444/wd/hub], Headless Execution. @30-10-2021 19:17:41.0825 PM
[ReportManager] Successfully Opened [GoogleChrome]. @30-10-2021 19:17:45.0407 PM
[ReportManager] Target URL: [https://the-internet.herokuapp.com/] @30-10-2021 19:17:45.0407 PM
[ReportManager] Initial URL: [data:,] @30-10-2021 19:17:45.0467 PM
[ReportManager] Browser Action [NavigateToURL] successfully performed. With the following test data [https://the-internet.herokuapp.com/]. @30-10-2021 19:17:45.0948 P

################################################################################################################################################
Starting Execution:	[80 out of 143] test cases in the current suite
Test Method:		[testPackage01.Test_NewValidationHelper.f15]
################################################################################################################################################
[ReportManager] Element Action [GetText] successfully performed. With the following test data [Welcome to the-internet]. @30-10-2021 19:17:46.0081 PM
[ReportManager] Loaded Shared OpenCV @30-10-2021 19:17:46.0369 PM
[ReportManager] Assertion [ValidateElementAttribute] FAILED. Expected [Value Should not be 'Welcome' for the 'text' attribute, element locator 'By.tagName: h1'] and Actual [Welcome to the-internet]. Comparison Type [CONTAINS]. Validation Type [NEGATIVE]. @30-10-2021 19:17:46.0600 PM
[ReportManager] Successfully created attachment [Screenshot - 1635621466369_f15_ValidateElementAttribute_failed] @30-10-2021 19:17:46.0601 P
[ReportManager] Successfully Closed All Drivers. @30-10-2021 19:17:46.0709 P
[ReportManager] File Action [GetAbsolutePath] successfully performed. With the following test data [Relative Folder Path: "target/downloadedFiles/"]. @30-10-2021 19:17:46.0711 PM
[ReportManager] Attempting to run remotely on: [Linux-64], [GoogleChrome], [http://localhost:4444/wd/hub], Headless Execution. @30-10-2021 19:17:46.0711 PM
[ReportManager] Successfully Opened [GoogleChrome]. @30-10-2021 19:17:50.0399 PM
[ReportManager] Target URL: [https://the-internet.herokuapp.com/] @30-10-2021 19:17:50.0399 PM
[ReportManager] Initial URL: [data:,] @30-10-2021 19:17:50.0514 PM
[ReportManager] Browser Action [NavigateToURL] successfully performed. With the following test data [https://the-internet.herokuapp.com/]. @30-10-2021 19:17:50.0977 P

################################################################################################################################################
Starting Execution:	[81 out of 143] test cases in the current suite
Test Method:		[testPackage01.Test_NewValidationHelper.f16]
################################################################################################################################################
[ReportManager] Element Action [IdentifyUniqueElement] failed. With the following test data [zero elements found matching this locator "By.tagName: h3".]. @30-10-2021 19:18:16.0857 PM
[ReportManager] Successfully created attachment [Screenshot - 1635621496668_f16_IdentifyUniqueElement_failed] @30-10-2021 19:18:16.0859 PM
[ReportManager] Assertion [ValidateElementAttribute] FAILED. Expected [Value Should not be 'Welcome' for the 'text' attribute, element locator 'By.tagName: h3'] and Actual [Failed to read the desired element attribute]. Comparison Type [CONTAINS]. Validation Type [NEGATIVE]. @30-10-2021 19:18:16.0859 P
[ReportManager] Successfully Closed All Drivers. @30-10-2021 19:18:16.0951 P
[ReportManager] File Action [GetAbsolutePath] successfully performed. With the following test data [Relative Folder Path: "target/downloadedFiles/"]. @30-10-2021 19:18:16.0953 PM
[ReportManager] Attempting to run remotely on: [Linux-64], [GoogleChrome], [http://localhost:4444/wd/hub], Headless Execution. @30-10-2021 19:18:16.0953 PM
[ReportManager] Successfully Opened [GoogleChrome]. @30-10-2021 19:18:20.0401 PM
[ReportManager] Target URL: [https://the-internet.herokuapp.com/] @30-10-2021 19:18:20.0401 PM
[ReportManager] Initial URL: [data:,] @30-10-2021 19:18:20.0500 PM
[ReportManager] Browser Action [NavigateToURL] successfully performed. With the following test data [https://the-internet.herokuapp.com/]. @30-10-2021 19:18:21.0076 P

################################################################################################################################################
Starting Execution:	[82 out of 143] test cases in the current suite
Test Method:		[testPackage01.Test_NewValidationHelper.f17]
################################################################################################################################################
[ReportManager] Attempting to getAttribute [text2] from elementLocator [By.tagName: h1]. @30-10-2021 19:18:21.0080 PM
[ReportManager] Element Action [GetAttribute] successfully performed. @30-10-2021 19:18:21.0184 PM
[ReportManager] Loaded Shared OpenCV @30-10-2021 19:18:21.0507 PM
[ReportManager] Assertion [ValidateElementAttribute] PASSED. Expected [Value Should not be 'Welcome' for the 'text2' attribute, element locator 'By.tagName: h1'] and Actual [null]. Comparison Type [CONTAINS]. Validation Type [NEGATIVE]. @30-10-2021 19:18:21.0763 PM
[ReportManager] Successfully created attachment [Screenshot - 1635621501507_f17_ValidateElementAttribute_passed] @30-10-2021 19:18:21.0765 P
[ReportManager] Successfully Closed All Drivers. @30-10-2021 19:18:21.0862 P
[ReportManager] File Action [GetAbsolutePath] successfully performed. With the following test data [Relative Folder Path: "target/downloadedFiles/"]. @30-10-2021 19:18:21.0864 PM
[ReportManager] Attempting to run remotely on: [Linux-64], [GoogleChrome], [http://localhost:4444/wd/hub], Headless Execution. @30-10-2021 19:18:21.0864 PM
[ReportManager] Successfully Opened [GoogleChrome]. @30-10-2021 19:18:25.0427 PM
[ReportManager] Target URL: [https://the-internet.herokuapp.com/] @30-10-2021 19:18:25.0427 PM
[ReportManager] Initial URL: [data:,] @30-10-2021 19:18:25.0494 PM
[ReportManager] Browser Action [NavigateToURL] successfully performed. With the following test data [https://the-internet.herokuapp.com/]. @30-10-2021 19:18:26.0014 P

################################################################################################################################################
Starting Execution:	[83 out of 143] test cases in the current suite
Test Method:		[testPackage01.Test_NewValidationHelper.f18]
################################################################################################################################################
[ReportManager] Element Action [GetText] successfully performed. With the following test data [Welcome to the-internet]. @30-10-2021 19:18:26.0112 PM
[ReportManager] Loaded Shared OpenCV @30-10-2021 19:18:26.0451 PM
[ReportManager] Assertion [ValidateElementAttribute] PASSED. Expected [Value Should not be 'no' for the 'text' attribute, element locator 'By.tagName: h1'] and Actual [Welcome to the-internet]. Comparison Type [CONTAINS]. Validation Type [NEGATIVE]. @30-10-2021 19:18:26.0692 PM
[ReportManager] Successfully created attachment [Screenshot - 1635621506451_f18_ValidateElementAttribute_passed] @30-10-2021 19:18:26.0701 P
[ReportManager] Successfully Closed All Drivers. @30-10-2021 19:18:26.0809 P

################################################################################################################################################
Starting Execution:	[84 out of 143] test cases in the current suite
Test Method:		[testPackage01.Test_NewValidationHelper.f2]
################################################################################################################################################
[ReportManager] Assertion Failed: Checking valid user data @30-10-2021 19:18:26.0812 PM
[ReportManager] Assertion [ValidateEquals] FAILED. Expected [1] and Actual [2]. Comparison Type [EQUALS]. Validation Type [POSITIVE]. @30-10-2021 19:18:26.0812 P
[ReportManager] File Action [GetAbsolutePath] successfully performed. With the following test data [Relative Folder Path: "target/downloadedFiles/"]. @30-10-2021 19:18:26.0814 PM
[ReportManager] Attempting to run remotely on: [Linux-64], [GoogleChrome], [http://localhost:4444/wd/hub], Headless Execution. @30-10-2021 19:18:26.0815 PM
[ReportManager] Successfully Opened [GoogleChrome]. @30-10-2021 19:18:30.0411 PM
[ReportManager] Target URL: [https://the-internet.herokuapp.com/] @30-10-2021 19:18:30.0411 PM
[ReportManager] Initial URL: [data:,] @30-10-2021 19:18:30.0477 PM
[ReportManager] Browser Action [NavigateToURL] successfully performed. With the following test data [https://the-internet.herokuapp.com/]. @30-10-2021 19:18:30.0945 P

################################################################################################################################################
Starting Execution:	[85 out of 143] test cases in the current suite
Test Method:		[testPackage01.Test_NewValidationHelper.f20]
################################################################################################################################################
[ReportManager] Element Action [GetSize] successfully performed. With the following test data [(970, 61)]. @30-10-2021 19:18:31.0096 PM
[ReportManager] Loaded Shared OpenCV @30-10-2021 19:18:31.0391 PM
[ReportManager] Assertion [ValidateElementAttribute] PASSED. Expected [Value Should not be 'a' for the 'size' attribute, element locator 'By.tagName: h1'] and Actual [(970, 61)]. Comparison Type [CONTAINS]. Validation Type [NEGATIVE]. @30-10-2021 19:18:31.0621 PM
[ReportManager] Successfully created attachment [Screenshot - 1635621511391_f20_ValidateElementAttribute_passed] @30-10-2021 19:18:31.0623 P
[ReportManager] Successfully Closed All Drivers. @30-10-2021 19:18:31.0720 P
[ReportManager] File Action [GetAbsolutePath] successfully performed. With the following test data [Relative Folder Path: "target/downloadedFiles/"]. @30-10-2021 19:18:31.0729 PM
[ReportManager] Attempting to run remotely on: [Linux-64], [GoogleChrome], [http://localhost:4444/wd/hub], Headless Execution. @30-10-2021 19:18:31.0730 PM
[ReportManager] Successfully Opened [GoogleChrome]. @30-10-2021 19:18:35.0415 PM
[ReportManager] Target URL: [https://the-internet.herokuapp.com/] @30-10-2021 19:18:35.0415 PM
[ReportManager] Initial URL: [data:,] @30-10-2021 19:18:35.0493 PM
[ReportManager] Browser Action [NavigateToURL] successfully performed. With the following test data [https://the-internet.herokuapp.com/]. @30-10-2021 19:18:35.0940 P

################################################################################################################################################
Starting Execution:	[86 out of 143] test cases in the current suite
Test Method:		[testPackage01.Test_NewValidationHelper.f21]
################################################################################################################################################
[ReportManager] Element Action [IdentifyUniqueElement] failed. With the following test data [zero elements found matching this locator "By.tagName: h3".]. @30-10-2021 19:19:01.0772 PM
[ReportManager] Successfully created attachment [Screenshot - 1635621541585_f21_IdentifyUniqueElement_failed] @30-10-2021 19:19:01.0773 PM
[ReportManager] Assertion [ValidateElementAttribute] FAILED. Expected [Value Should be 'Welcome' for the 'text' attribute, element locator 'By.tagName: h3'] and Actual [Failed to read the desired element attribute]. Comparison Type [CONTAINS]. Validation Type [POSITIVE]. @30-10-2021 19:19:01.0774 P
[ReportManager] Successfully Closed All Drivers. @30-10-2021 19:19:01.0868 P
[ReportManager] File Action [GetAbsolutePath] successfully performed. With the following test data [Relative Folder Path: "target/downloadedFiles/"]. @30-10-2021 19:19:01.0870 PM
[ReportManager] Attempting to run remotely on: [Linux-64], [GoogleChrome], [http://localhost:4444/wd/hub], Headless Execution. @30-10-2021 19:19:01.0870 PM
[ReportManager] Successfully Opened [GoogleChrome]. @30-10-2021 19:19:05.0414 PM
[ReportManager] Target URL: [https://the-internet.herokuapp.com/] @30-10-2021 19:19:05.0414 PM
[ReportManager] Initial URL: [data:,] @30-10-2021 19:19:05.0486 PM
[ReportManager] Browser Action [NavigateToURL] successfully performed. With the following test data [https://the-internet.herokuapp.com/]. @30-10-2021 19:19:05.0944 P

################################################################################################################################################
Starting Execution:	[87 out of 143] test cases in the current suite
Test Method:		[testPackage01.Test_NewValidationHelper.f22]
################################################################################################################################################
[ReportManager] Element Action [GetText] successfully performed. With the following test data [Welcome to the-internet]. @30-10-2021 19:19:06.0070 PM
[ReportManager] Loaded Shared OpenCV @30-10-2021 19:19:06.0343 PM
[ReportManager] Assertion [ValidateElementAttribute] FAILED. Expected [Value Should be 'yyy' for the 'text' attribute, element locator 'By.tagName: h1'] and Actual [Welcome to the-internet]. Comparison Type [CONTAINS]. Validation Type [POSITIVE]. @30-10-2021 19:19:06.0582 PM
[ReportManager] Successfully created attachment [Screenshot - 1635621546343_f22_ValidateElementAttribute_failed] @30-10-2021 19:19:06.0584 P
[ReportManager] Successfully Closed All Drivers. @30-10-2021 19:19:06.0675 P

################################################################################################################################################
Starting Execution:	[88 out of 143] test cases in the current suite
Test Method:		[testPackage01.Test_NewValidationHelper.f23]
################################################################################################################################################
[ReportManager] Assertion Passed: confirming that the actual is greater than or equal to the expected @30-10-2021 19:19:06.0678 PM
[ReportManager] Assertion [ValidateComparativeRelation] PASSED. Expected [1] and Actual [1]. Comparison Type [GREATER_THAN_OR_EQUALS]. Validation Type [POSITIVE]. @30-10-2021 19:19:06.0678 P

################################################################################################################################################
Starting Execution:	[89 out of 143] test cases in the current suite
Test Method:		[testPackage01.Test_NewValidationHelper.f24]
################################################################################################################################################
[ReportManager] Assertion [ValidateComparativeRelation] PASSED. Expected [1] and Actual [10]. Comparison Type [GREATER_THAN_OR_EQUALS]. Validation Type [POSITIVE]. @30-10-2021 19:19:06.0680 P

################################################################################################################################################
Starting Execution:	[90 out of 143] test cases in the current suite
Test Method:		[testPackage01.Test_NewValidationHelper.f25]
################################################################################################################################################
[ReportManager] Assertion [ValidateComparativeRelation] PASSED. Expected [1] and Actual [1]. Comparison Type [EQUALS]. Validation Type [POSITIVE]. @30-10-2021 19:19:06.0683 P

################################################################################################################################################
Starting Execution:	[91 out of 143] test cases in the current suite
Test Method:		[testPackage01.Test_NewValidationHelper.f26]
################################################################################################################################################
[ReportManager] Assertion [ValidateComparativeRelation] PASSED. Expected [1] and Actual [5]. Comparison Type [GREATER_THAN]. Validation Type [POSITIVE]. @30-10-2021 19:19:06.0685 P

################################################################################################################################################
Starting Execution:	[92 out of 143] test cases in the current suite
Test Method:		[testPackage01.Test_NewValidationHelper.f27]
################################################################################################################################################
[ReportManager] Assertion [ValidateComparativeRelation] PASSED. Expected [11] and Actual [5]. Comparison Type [LESS_THAN]. Validation Type [POSITIVE]. @30-10-2021 19:19:06.0687 P

################################################################################################################################################
Starting Execution:	[93 out of 143] test cases in the current suite
Test Method:		[testPackage01.Test_NewValidationHelper.f28]
################################################################################################################################################
[ReportManager] Assertion [ValidateComparativeRelation] PASSED. Expected [11] and Actual [5]. Comparison Type [LESS_THAN_OR_EQUALS]. Validation Type [POSITIVE]. @30-10-2021 19:19:06.0690 P

################################################################################################################################################
Starting Execution:	[94 out of 143] test cases in the current suite
Test Method:		[testPackage01.Test_NewValidationHelper.f29]
################################################################################################################################################
[ReportManager] Assertion [ValidateComparativeRelation] PASSED. Expected [11] and Actual [11]. Comparison Type [LESS_THAN_OR_EQUALS]. Validation Type [POSITIVE]. @30-10-2021 19:19:06.0692 P

################################################################################################################################################
Starting Execution:	[95 out of 143] test cases in the current suite
Test Method:		[testPackage01.Test_NewValidationHelper.f3]
################################################################################################################################################
[ReportManager] Assertion [ValidateEquals] PASSED. Expected [1] and Actual [2]. Comparison Type [EQUALS]. Validation Type [NEGATIVE]. @30-10-2021 19:19:06.0695 P

################################################################################################################################################
Starting Execution:	[96 out of 143] test cases in the current suite
Test Method:		[testPackage01.Test_NewValidationHelper.f30]
################################################################################################################################################
[ReportManager] Assertion [ValidateComparativeRelation] FAILED. Expected [-9] and Actual [11]. Comparison Type [LESS_THAN_OR_EQUALS]. Validation Type [POSITIVE]. @30-10-2021 19:19:06.0698 P

################################################################################################################################################
Starting Execution:	[97 out of 143] test cases in the current suite
Test Method:		[testPackage01.Test_NewValidationHelper.f31]
################################################################################################################################################
[ReportManager] Assertion [ValidateTrue] PASSED. Expected [TRUE] and Actual [TRUE]. Validation Type [POSITIVE]. @30-10-2021 19:19:06.0700 P

################################################################################################################################################
Starting Execution:	[98 out of 143] test cases in the current suite
Test Method:		[testPackage01.Test_NewValidationHelper.f32]
################################################################################################################################################
[ReportManager] Assertion [ValidateTrue] PASSED. Expected [FALSE] and Actual [FALSE]. Validation Type [NEGATIVE]. @30-10-2021 19:19:06.0703 P

################################################################################################################################################
Starting Execution:	[99 out of 143] test cases in the current suite
Test Method:		[testPackage01.Test_NewValidationHelper.f33]
################################################################################################################################################
[ReportManager] Assertion [ValidateTrue] FAILED. Expected [FALSE] and Actual [TRUE]. Validation Type [NEGATIVE]. @30-10-2021 19:19:06.0705 P

################################################################################################################################################
Starting Execution:	[100 out of 143] test cases in the current suite
Test Method:		[testPackage01.Test_NewValidationHelper.f34]
################################################################################################################################################
[ReportManager] Assertion [ValidateTrue] FAILED. Expected [TRUE] and Actual [FALSE]. Validation Type [POSITIVE]. @30-10-2021 19:19:06.0707 P

################################################################################################################################################
Starting Execution:	[101 out of 143] test cases in the current suite
Test Method:		[testPackage01.Test_NewValidationHelper.f35]
################################################################################################################################################
[ReportManager] File Action [DoesFileExist] successfully performed. With the following test data [File Path: "pom.xml"]. @30-10-2021 19:19:06.0710 PM
[ReportManager] Assertion [ValidateFileExists] PASSED. Expected [File 'pom.xml' should exist, after up to '1' retries] and Actual [File exists]. Validation Type [POSITIVE]. @30-10-2021 19:19:06.0715 P

################################################################################################################################################
Starting Execution:	[102 out of 143] test cases in the current suite
Test Method:		[testPackage01.Test_NewValidationHelper.f36]
################################################################################################################################################
[ReportManager] File Action [DoesFileExist] successfully performed. With the following test data [File Path: "src/test/java/testPackage01/Test_NewValidationHelper.java"]. @30-10-2021 19:19:06.0717 PM
[ReportManager] Assertion [ValidateFileExists] PASSED. Expected [File 'src/test/java/testPackage01/Test_NewValidationHelper.java' should exist, after up to '1' retries] and Actual [File exists]. Validation Type [POSITIVE]. @30-10-2021 19:19:06.0717 P

################################################################################################################################################
Starting Execution:	[103 out of 143] test cases in the current suite
Test Method:		[testPackage01.Test_NewValidationHelper.f37]
################################################################################################################################################
[ReportManager] File Action [DoesFileExist] successfully performed. With the following test data [File Path: "pom.xml"]. @30-10-2021 19:19:06.0720 PM
[ReportManager] Assertion Failed: confirming that the file does't exist after 5 retries @30-10-2021 19:19:06.0720 PM
[ReportManager] Assertion [ValidateFileExists] FAILED. Expected [File 'pom.xml' should not exist, after up to '5' retries] and Actual [File exists]. Validation Type [NEGATIVE]. @30-10-2021 19:19:06.0720 P

################################################################################################################################################
Starting Execution:	[104 out of 143] test cases in the current suite
Test Method:		[testPackage01.Test_NewValidationHelper.f3_1]
################################################################################################################################################
[ReportManager] Assertion Passed: Checking valid user data @30-10-2021 19:19:06.0722 PM
[ReportManager] Assertion [ValidateEquals] PASSED. Expected [null] and Actual [null]. Comparison Type [EQUALS]. Validation Type [POSITIVE]. @30-10-2021 19:19:06.0723 P

################################################################################################################################################
Starting Execution:	[105 out of 143] test cases in the current suite
Test Method:		[testPackage01.Test_NewValidationHelper.f4]
################################################################################################################################################
[ReportManager] Assertion [ValidateEquals] PASSED. Expected [1] and Actual [123]. Comparison Type [CONTAINS]. Validation Type [POSITIVE]. @30-10-2021 19:19:06.0725 P

################################################################################################################################################
Starting Execution:	[106 out of 143] test cases in the current suite
Test Method:		[testPackage01.Test_NewValidationHelper.f5]
################################################################################################################################################
[ReportManager] Assertion [ValidateNull] PASSED. Expected [NULL] and Actual [1]. Comparison Type [EQUALS]. Validation Type [NEGATIVE]. @30-10-2021 19:19:06.0727 P

################################################################################################################################################
Starting Execution:	[107 out of 143] test cases in the current suite
Test Method:		[testPackage01.Test_NewValidationHelper.f6]
################################################################################################################################################
[ReportManager] Assertion Failed: Making sure that null string is not equal to null object @30-10-2021 19:19:06.0736 PM
[ReportManager] Assertion [ValidateNull] FAILED. Expected [NULL] and Actual [NULL]. Comparison Type [EQUALS]. Validation Type [POSITIVE]. @30-10-2021 19:19:06.0736 P

################################################################################################################################################
Starting Execution:	[108 out of 143] test cases in the current suite
Test Method:		[testPackage01.Test_NewValidationHelper.f6_1]
################################################################################################################################################
[ReportManager] Assertion [ValidateNull] FAILED. Expected [NULL] and Actual [NULL]. Comparison Type [EQUALS]. Validation Type [NEGATIVE]. @30-10-2021 19:19:06.0739 P

################################################################################################################################################
Starting Execution:	[109 out of 143] test cases in the current suite
Test Method:		[testPackage01.Test_NewValidationHelper.f6_2]
################################################################################################################################################
[ReportManager] Assertion Failed: Making sure that null string is not equal to null object @30-10-2021 19:19:06.0743 PM
[ReportManager] Assertion [ValidateNull] FAILED. Expected [NULL] and Actual [not null]. Comparison Type [EQUALS]. Validation Type [POSITIVE]. @30-10-2021 19:19:06.0743 P

################################################################################################################################################
Starting Execution:	[110 out of 143] test cases in the current suite
Test Method:		[testPackage01.Test_NewValidationHelper.f7]
################################################################################################################################################
[ReportManager] Assertion [ValidateNull] PASSED. Expected [NULL] and Actual [NULL]. Comparison Type [EQUALS]. Validation Type [POSITIVE]. @30-10-2021 19:19:06.0745 P
[ReportManager] File Action [GetAbsolutePath] successfully performed. With the following test data [Relative Folder Path: "target/downloadedFiles/"]. @30-10-2021 19:19:06.0747 PM
[ReportManager] Attempting to run remotely on: [Linux-64], [GoogleChrome], [http://localhost:4444/wd/hub], Headless Execution. @30-10-2021 19:19:06.0747 PM
[ReportManager] Successfully Opened [GoogleChrome]. @30-10-2021 19:19:10.0414 PM
[ReportManager] Target URL: [https://the-internet.herokuapp.com/] @30-10-2021 19:19:10.0414 PM
[ReportManager] Initial URL: [data:,] @30-10-2021 19:19:10.0467 PM
[ReportManager] Browser Action [NavigateToURL] successfully performed. With the following test data [https://the-internet.herokuapp.com/]. @30-10-2021 19:19:10.0883 P

################################################################################################################################################
Starting Execution:	[111 out of 143] test cases in the current suite
Test Method:		[testPackage01.Test_NewValidationHelper.f8]
################################################################################################################################################
[ReportManager] Loaded Shared OpenCV @30-10-2021 19:19:11.0271 PM
[ReportManager] Assertion [ValidateElementExists] PASSED. Expected [Element Should Exist, locator 'By.tagName: h1'] and Actual [Element Exists]. Comparison Type [EQUALS]. Validation Type [POSITIVE]. @30-10-2021 19:19:11.0510 PM
[ReportManager] Successfully created attachment [Screenshot - 1635621551271_f8_ValidateElementExists_passed] @30-10-2021 19:19:11.0512 P
[ReportManager] Successfully Closed All Drivers. @30-10-2021 19:19:11.0609 P
[ReportManager] File Action [GetAbsolutePath] successfully performed. With the following test data [Relative Folder Path: "target/downloadedFiles/"]. @30-10-2021 19:19:11.0617 PM
[ReportManager] Attempting to run remotely on: [Linux-64], [GoogleChrome], [http://localhost:4444/wd/hub], Headless Execution. @30-10-2021 19:19:11.0618 PM
[ReportManager] Successfully Opened [GoogleChrome]. @30-10-2021 19:19:15.0435 PM
[ReportManager] Target URL: [https://the-internet.herokuapp.com/] @30-10-2021 19:19:15.0435 PM
[ReportManager] Initial URL: [data:,] @30-10-2021 19:19:15.0496 PM
[ReportManager] Browser Action [NavigateToURL] successfully performed. With the following test data [https://the-internet.herokuapp.com/]. @30-10-2021 19:19:15.0965 P

################################################################################################################################################
Starting Execution:	[112 out of 143] test cases in the current suite
Test Method:		[testPackage01.Test_NewValidationHelper.f9]
################################################################################################################################################
[ReportManager] Assertion [ValidateElementExists] FAILED. Expected [Element Should Exist, locator 'By.tagName: h3'] and Actual [Element Doesn't Exists]. Comparison Type [EQUALS]. Validation Type [POSITIVE]. @30-10-2021 19:19:46.0938 PM
[ReportManager] Successfully created attachment [Screenshot - 1635621586746_f9_ValidateElementExists_failed] @30-10-2021 19:19:46.0939 P
[ReportManager] Successfully Closed All Drivers. @30-10-2021 19:19:47.0028 P

################################################################################################################################################
Starting Execution:	[113 out of 143] test cases in the current suite
Test Method:		[testPackage01.Test_NewValidationHelper.forceFail]
################################################################################################################################################
[ReportManager] Assertion [ValidateFail] FAILED. Successfully force failed the test. @30-10-2021 19:19:47.0036 P

################################################################################################################################################
Starting Execution:	[114 out of 143] test cases in the current suite
Test Method:		[testPackage01.Test_NewValidationHelper.forceFail2]
################################################################################################################################################
[ReportManager] Assertion Failed: Custom Message @30-10-2021 19:19:47.0042 PM
[ReportManager] Assertion [ValidateFail] FAILED. Successfully force failed the test. @30-10-2021 19:19:47.0042 P

################################################################################################################################################
Starting Execution:	[115 out of 143] test cases in the current suite
Test Method:		[testPackage01.Test_sendGraphqlRequest.sendGraphqlRequestUsingMutationAndVariables]
################################################################################################################################################
[ReportManager] GraphQl Request is being Performed with the Following Parameters [Service URL: https://api.spacex.land/graphql | Request Body: {"variables":"{\"name\": \"sherlock holmes\",\"rocket\": \"221B Baker Street\"}","query":"mutation ($name: String, $rocket: String) {\n  insert_users(objects: {name: $name, rocket: $rocket}) {\n    returning {\n      name\n      rocket\n    }\n  }\n}"}] @30-10-2021 19:19:47.0045 PM
[ReportManager] Response status code: [200], status line: [HTTP/1.1 200 OK] @30-10-2021 19:19:47.0290 PM
[ReportManager] Assertion Passed: Evaluating the actual response status code against the expected one... @30-10-2021 19:19:47.0290 PM
[ReportManager] Assertion [ValidateEquals] PASSED. Expected [200] and Actual [200]. Comparison Type [EQUALS]. Validation Type [POSITIVE]. @30-10-2021 19:19:47.0290 PM
[ReportManager] API Action [PerformRequest] successfully performed. With the following test data [Request Type: "POST" | Target Status Code: "200" | Service URL: "https://api.spacex.land/graphql" | Content Type: "application/json" | Response Time: "151ms"]. @30-10-2021 19:19:47.0306 PM
[ReportManager] Successfully created attachment [API Request - Specifications] @30-10-2021 19:19:47.0306 PM
[ReportManager] Successfully created attachment [API Request - JSON Body] @30-10-2021 19:19:47.0306 PM
[ReportManager] Successfully created attachment [API Response - JSON Body] @30-10-2021 19:19:47.0307 PM
[ReportManager] API Action [GetResponseJSONValue] successfully performed. With the following test data [data.insert_users.returning[0].name]. @30-10-2021 19:19:47.0350 PM
[ReportManager] Assertion [ValidateEquals] PASSED. Expected [sherlock holmes] and Actual [sherlock holmes]. Comparison Type [EQUALS]. Validation Type [POSITIVE]. @30-10-2021 19:19:47.0351 P

################################################################################################################################################
Starting Execution:	[116 out of 143] test cases in the current suite
Test Method:		[testPackage01.Test_sendGraphqlRequest.sendGraphqlRequestUsingQuery]
################################################################################################################################################
[ReportManager] GraphQl Request is being Performed with the Following Parameters [Service URL: https://api.spacex.land/graphql | Request Body: {"query":"{company {ceo}}"}] @30-10-2021 19:19:47.0354 PM
[ReportManager] Response status code: [200], status line: [HTTP/1.1 200 OK] @30-10-2021 19:19:47.0431 PM
[ReportManager] Assertion Passed: Evaluating the actual response status code against the expected one... @30-10-2021 19:19:47.0431 PM
[ReportManager] Assertion [ValidateEquals] PASSED. Expected [200] and Actual [200]. Comparison Type [EQUALS]. Validation Type [POSITIVE]. @30-10-2021 19:19:47.0431 PM
[ReportManager] API Action [PerformRequest] successfully performed. With the following test data [Request Type: "POST" | Target Status Code: "200" | Service URL: "https://api.spacex.land/graphql" | Content Type: "application/json" | Response Time: "73ms"]. @30-10-2021 19:19:47.0442 PM
[ReportManager] Successfully created attachment [API Request - Specifications] @30-10-2021 19:19:47.0443 PM
[ReportManager] Successfully created attachment [API Request - JSON Body] @30-10-2021 19:19:47.0443 PM
[ReportManager] Successfully created attachment [API Response - JSON Body] @30-10-2021 19:19:47.0443 PM
[ReportManager] API Action [GetResponseJSONValue] successfully performed. With the following test data [data.company.ceo]. @30-10-2021 19:19:47.0452 PM
[ReportManager] Assertion [ValidateEquals] PASSED. Expected [Elon Musk] and Actual [Elon Musk]. Comparison Type [EQUALS]. Validation Type [POSITIVE]. @30-10-2021 19:19:47.0452 P
[ReportManager] Successfully loaded the following test data file [src/test/resources/TestDataFiles/testSuite01/TestData.xlsx]. @30-10-2021 19:19:47.0486 PM
[ReportManager] Successfully created attachment [Test Data - Excel] @30-10-2021 19:19:47.0486 PM
[ReportManager] File Action [GetAbsolutePath] successfully performed. With the following test data [Relative Folder Path: "target/downloadedFiles/"]. @30-10-2021 19:19:47.0486 PM
[ReportManager] Attempting to run remotely on: [Linux-64], [GoogleChrome], [http://localhost:4444/wd/hub], Headless Execution. @30-10-2021 19:19:47.0487 PM
[ReportManager] Successfully Opened [GoogleChrome]. @30-10-2021 19:19:50.0435 P

################################################################################################################################################
Starting Execution:	[117 out of 143] test cases in the current suite
Test Method:		[testPackage01.Test_google.navigateToURLandVerifyGoogleLogoIsDisplayed]
Test Description:	[TC001 - Navigate to URL and Verify Google Logo is Displayed]
################################################################################################################################################
[ReportManager] Target URL: [https://www.google.com/ncr], and after redirection: [https://www.google.com] @30-10-2021 19:19:50.0444 PM
[ReportManager] Initial URL: [data:,] @30-10-2021 19:19:50.0517 PM
[ReportManager] Browser Action [NavigateToURL] successfully performed. With the following test data [https://www.google.com/ncr]. @30-10-2021 19:19:51.0390 PM
[ReportManager] Loaded Shared OpenCV @30-10-2021 19:19:51.0704 PM
[ReportManager] Assertion [ValidateElementExists] PASSED. Expected [Element Should Exist, locator 'By.xpath: //*[@id='hplogo' or @alt='Google']'] and Actual [Element Exists]. Comparison Type [EQUALS]. Validation Type [POSITIVE]. @30-10-2021 19:19:51.0925 PM
[ReportManager] Successfully created attachment [Screenshot - 1635621591704_navigateToURLandVerifyGoogleLogoIsDisplayed_ValidateElementExists_passed] @30-10-2021 19:19:51.0926 P

################################################################################################################################################
Starting Execution:	[118 out of 143] test cases in the current suite
Test Method:		[testPackage01.Test_google.searchForQueryandAssertResultsNumDisplayed]
Test Description:	[TC002 - Search for Query and Assert that the number of results is displayed]
################################################################################################################################################
[ReportManager] Element Action [Type] successfully performed. With the following test data [SHAFT_Engine]. @30-10-2021 19:19:52.0400 PM
[ReportManager] Element Action [KeyPress] successfully performed. With the following test data [Enter]. @30-10-2021 19:19:53.0750 PM
[ReportManager] Element Action [GetText] successfully performed. With the following test data [About 922,000 results (0.56 seconds) ]. @30-10-2021 19:19:53.0852 PM
[ReportManager] Loaded Shared OpenCV @30-10-2021 19:19:54.0152 PM
[ReportManager] Assertion [ValidateElementAttribute] PASSED. Expected [Value Should not be '' for the 'Text' attribute, element locator 'By.id: appbar'] and Actual [About 922,000 results (0.56 seconds) ]. Comparison Type [EQUALS]. Validation Type [NEGATIVE]. @30-10-2021 19:19:54.0405 PM
[ReportManager] Successfully created attachment [Screenshot - 1635621594152_searchForQueryandAssertResultsNumDisplayed_ValidateElementAttribute_passed] @30-10-2021 19:19:54.0407 P

################################################################################################################################################
Starting Execution:	[119 out of 143] test cases in the current suite
Test Method:		[testPackage01.Test_google.clickNextThrice]
Test Description:	[TC003 - Clicks the next button to make sure that the framework can scroll element into view before clicking it]
################################################################################################################################################
[ReportManager] Element Action [Click] successfully performed. With the following test data [Next]. @30-10-2021 19:19:56.0183 P
[ReportManager] Browser Action [CloseCurrentWindow] successfully performed. @30-10-2021 19:19:56.0350 PM
[ReportManager] Successfully created attachment [Browser Action Test Data - CloseCurrentWindow - Actual Value] @30-10-2021 19:19:56.0365 P
[ReportManager] File Action [GetAbsolutePath] successfully performed. With the following test data [Relative Folder Path: "target/downloadedFiles/"]. @30-10-2021 19:19:56.0376 PM
[ReportManager] Attempting to run remotely on: [Linux-64], [GoogleChrome], [http://localhost:4444/wd/hub], Headless Execution. @30-10-2021 19:19:56.0376 PM
[ReportManager] Successfully Opened [GoogleChrome]. @30-10-2021 19:20:00.0422 P

################################################################################################################################################
Starting Execution:	[120 out of 143] test cases in the current suite
Test Method:		[testPackage01.Test_ShadowDOM.shadowdom]
################################################################################################################################################
[ReportManager] Target URL: [https://mdn.github.io/web-components-examples/popup-info-box-web-component/] @30-10-2021 19:20:00.0429 PM
[ReportManager] Initial URL: [data:,] @30-10-2021 19:20:00.0493 PM
[ReportManager] Browser Action [NavigateToURL] successfully performed. With the following test data [https://mdn.github.io/web-components-examples/popup-info-box-web-component/]. @30-10-2021 19:20:00.0801 PM
[ReportManager] Element Action [Type] successfully performed. With the following test data [Typing into SHADOW DOM...]. @30-10-2021 19:20:01.0342 PM
[ReportManager] Element Action [GetText] successfully performed. With the following test data [Typing into SHADOW DOM...]. @30-10-2021 19:20:01.0464 PM
[ReportManager] Loaded Shared OpenCV @30-10-2021 19:20:01.0768 PM
[ReportManager] Assertion [ValidateElementAttribute] PASSED. Expected [Value Should be 'Typing into SHADOW DOM...' for the 'Text' attribute, element locator 'By.id: cvc'] and Actual [Typing into SHADOW DOM...]. Comparison Type [EQUALS]. Validation Type [POSITIVE]. @30-10-2021 19:20:01.0993 PM
[ReportManager] Successfully created attachment [Screenshot - 1635621601767_shadowdom_ValidateElementAttribute_passed] @30-10-2021 19:20:01.0994 P
[ReportManager] Browser Action [CloseCurrentWindow] successfully performed. @30-10-2021 19:20:02.0176 PM
[ReportManager] Successfully created attachment [Browser Action Test Data - CloseCurrentWindow - Actual Value] @30-10-2021 19:20:02.0177 P

################################################################################################################################################
Starting Execution:	[121 out of 143] test cases in the current suite
Test Method:		[testPackage01.Test_AssertApiResponseEquals.assertApiResponseEquals_expectedToPass]
################################################################################################################################################
[ReportManager] Response status code: [200], status line: [HTTP/1.1 200 OK] @30-10-2021 19:20:02.0264 PM
[ReportManager] Assertion Passed: Evaluating the actual response status code against the expected one... @30-10-2021 19:20:02.0265 PM
[ReportManager] Assertion [ValidateEquals] PASSED. Expected [200] and Actual [200]. Comparison Type [EQUALS]. Validation Type [POSITIVE]. @30-10-2021 19:20:02.0265 PM
[ReportManager] API Action [PerformRequest] successfully performed. With the following test data [Request Type: "GET" | Target Status Code: "200" | Service URL: "https://jsonplaceholder.typicode.com/users" | Content Type: "*/*" | Response Time: "77ms"]. @30-10-2021 19:20:02.0283 PM
[ReportManager] Successfully created attachment [API Request - Specifications] @30-10-2021 19:20:02.0283 PM
[ReportManager] Successfully created attachment [API Response - JSON Body] @30-10-2021 19:20:02.0284 PM
[ReportManager] API Action [GetResponseJSONValueAsList] successfully performed. With the following test data [$]. @30-10-2021 19:20:02.0288 PM
[ReportManager] API Action [GetResponseJSONValue] successfully performed. With the following test data [name]. @30-10-2021 19:20:02.0297 PM
[ReportManager] API Action [GetResponseJSONValue] successfully performed. With the following test data [email]. @30-10-2021 19:20:02.0306 PM
[ReportManager] Verification [ValidateEquals] PASSED. Expected [Sincere@april.biz] and Actual [Sincere@april.biz]. Comparison Type [EQUALS]. Validation Type [POSITIVE]. @30-10-2021 19:20:02.0306 PM
[ReportManager] API Action [GetResponseJSONValue] successfully performed. With the following test data [username]. @30-10-2021 19:20:02.0314 PM
[ReportManager] Assertion [ValidateEquals] PASSED. Expected [Bret] and Actual [Bret]. Comparison Type [EQUALS]. Validation Type [POSITIVE]. @30-10-2021 19:20:02.0315 PM
[ReportManager] API Action [GetResponseJSONValue] successfully performed. With the following test data [name]. @30-10-2021 19:20:02.0323 PM
[ReportManager] API Action [GetResponseJSONValue] successfully performed. With the following test data [name]. @30-10-2021 19:20:02.0332 PM
[ReportManager] API Action [GetResponseJSONValue] successfully performed. With the following test data [name]. @30-10-2021 19:20:02.0340 PM
[ReportManager] API Action [GetResponseJSONValue] successfully performed. With the following test data [name]. @30-10-2021 19:20:02.0348 PM
[ReportManager] API Action [GetResponseJSONValue] successfully performed. With the following test data [name]. @30-10-2021 19:20:02.0356 PM
[ReportManager] API Action [GetResponseJSONValue] successfully performed. With the following test data [name]. @30-10-2021 19:20:02.0379 PM
[ReportManager] API Action [GetResponseJSONValue] successfully performed. With the following test data [name]. @30-10-2021 19:20:02.0388 PM
[ReportManager] API Action [GetResponseJSONValue] successfully performed. With the following test data [name]. @30-10-2021 19:20:02.0396 PM
[ReportManager] API Action [GetResponseJSONValue] successfully performed. With the following test data [name]. @30-10-2021 19:20:02.0404 P
[ReportManager] File Action [GetAbsolutePath] successfully performed. With the following test data [Relative Folder Path: "target/downloadedFiles/"]. @30-10-2021 19:20:02.0407 PM
[ReportManager] Attempting to run remotely on: [Linux-64], [GoogleChrome], [http://localhost:4444/wd/hub], Headless Execution. @30-10-2021 19:20:02.0407 PM
[ReportManager] Successfully Opened [GoogleChrome]. @30-10-2021 19:20:05.0409 P

################################################################################################################################################
Starting Execution:	[122 out of 143] test cases in the current suite
Test Method:		[testPackage01.Test_IsElementClickable.testIsElementClickable]
################################################################################################################################################
[ReportManager] Target URL: [https://the-internet.herokuapp.com/] @30-10-2021 19:20:05.0411 PM
[ReportManager] Initial URL: [data:,] @30-10-2021 19:20:05.0489 PM
[ReportManager] Browser Action [NavigateToURL] successfully performed. With the following test data [https://the-internet.herokuapp.com/]. @30-10-2021 19:20:05.0942 PM
[ReportManager] Element Action [IsElementClickable] successfully performed. @30-10-2021 19:20:06.0197 PM
[ReportManager] Assertion [ValidateTrue] PASSED. Expected [TRUE] and Actual [TRUE]. Validation Type [POSITIVE]. @30-10-2021 19:20:06.0198 P
[ReportManager] Browser Action [CloseCurrentWindow] successfully performed. @30-10-2021 19:20:06.0337 PM
[ReportManager] Successfully created attachment [Browser Action Test Data - CloseCurrentWindow - Actual Value] @30-10-2021 19:20:06.0338 P

################################################################################################################################################
Starting Execution:	[123 out of 143] test cases in the current suite
Test Method:		[testPackage01.Test_JsonCompareWithSpecialCharacters.specialCharacters]
################################################################################################################################################
[ReportManager] File Action [GetAbsolutePath] successfully performed. With the following test data [Relative Folder Path: "src/test/resources/TestJsonFiles/specialCharacters.json"]. @30-10-2021 19:20:06.0342 PM
[ReportManager] File Action [ReadFromFile] successfully performed. With the following test data [File Path: "/home/runner/work/SHAFT_ENGINE/SHAFT_ENGINE/src/test/resources/TestJsonFiles/specialCharacters.json"]. @30-10-2021 19:20:06.0368 PM
[ReportManager] Successfully created attachment [File Action Actual Result - Command Log] @30-10-2021 19:20:06.0368 PM
[ReportManager] Comparing the provided API response with the file at this path "src/test/resources/TestJsonFiles/specialCharacters.json", comparison type "EQUALS" @30-10-2021 19:20:06.0370 PM
[ReportManager] API Action [CompareJSON] successfully performed. With the following test data [src/test/resources/TestJsonFiles/specialCharacters.json]. @30-10-2021 19:20:06.0395 PM
[ReportManager] File Action [GetAbsolutePath] successfully performed. With the following test data [Relative Folder Path: "src/test/resources/TestJsonFiles/specialCharacters.json"]. @30-10-2021 19:20:06.0395 PM
[ReportManager] File Action [ReadFromFile] successfully performed. With the following test data [File Path: "/home/runner/work/SHAFT_ENGINE/SHAFT_ENGINE/src/test/resources/TestJsonFiles/specialCharacters.json"]. @30-10-2021 19:20:06.0395 PM
[ReportManager] Verification [ValidateJSONFileContent] PASSED. Expected [Response data should match the JSON File in this path 'src/test/resources/TestJsonFiles/specialCharacters.json'] and Actual [TRUE]. Comparison Type [EQUALS]. Validation Type [POSITIVE]. @30-10-2021 19:20:06.0403 PM
[ReportManager] Successfully created attachment [Validation Test Data - Expected JSON Value] @30-10-2021 19:20:06.0404 PM
[ReportManager] Successfully created attachment [Validation Test Data - Actual JSON Value] @30-10-2021 19:20:06.0404 P

################################################################################################################################################
Starting Execution:	[124 out of 143] test cases in the current suite
Test Method:		[testPackage01.Test_JsonCompareWithSpecialCharacters.specialCharacters_assertion]
################################################################################################################################################
[ReportManager] File Action [GetAbsolutePath] successfully performed. With the following test data [Relative Folder Path: "src/test/resources/TestJsonFiles/specialCharacters.json"]. @30-10-2021 19:20:06.0412 PM
[ReportManager] File Action [ReadFromFile] successfully performed. With the following test data [File Path: "/home/runner/work/SHAFT_ENGINE/SHAFT_ENGINE/src/test/resources/TestJsonFiles/specialCharacters.json"]. @30-10-2021 19:20:06.0412 PM
[ReportManager] Successfully created attachment [File Action Actual Result - Command Log] @30-10-2021 19:20:06.0412 PM
[ReportManager] Comparing the provided API response with the file at this path "src/test/resources/TestJsonFiles/specialCharacters.json", comparison type "CONTAINS" @30-10-2021 19:20:06.0412 PM
[ReportManager] API Action [CompareJSON] successfully performed. With the following test data [src/test/resources/TestJsonFiles/specialCharacters.json]. @30-10-2021 19:20:06.0442 PM
[ReportManager] File Action [GetAbsolutePath] successfully performed. With the following test data [Relative Folder Path: "src/test/resources/TestJsonFiles/specialCharacters.json"]. @30-10-2021 19:20:06.0442 PM
[ReportManager] File Action [ReadFromFile] successfully performed. With the following test data [File Path: "/home/runner/work/SHAFT_ENGINE/SHAFT_ENGINE/src/test/resources/TestJsonFiles/specialCharacters.json"]. @30-10-2021 19:20:06.0442 PM
[ReportManager] Assertion Passed: trying out the log message @30-10-2021 19:20:06.0445 PM
[ReportManager] Successfully created attachment [Validation Test Data - Expected JSON Value] @30-10-2021 19:20:06.0446 PM
[ReportManager] Successfully created attachment [Validation Test Data - Actual JSON Value] @30-10-2021 19:20:06.0446 PM
[ReportManager] Assertion [ValidateJSONFileContent] PASSED. Expected [Response data should match the JSON File in this path 'src/test/resources/TestJsonFiles/specialCharacters.json'] and Actual [TRUE]. Comparison Type [CONTAINS]. Validation Type [POSITIVE]. @30-10-2021 19:20:06.0446 P
[ReportManager] File Action [GetAbsolutePath] successfully performed. With the following test data [Relative Folder Path: "target/downloadedFiles/"]. @30-10-2021 19:20:06.0450 PM
[ReportManager] Attempting to run remotely on: [Linux-64], [GoogleChrome], [http://localhost:4444/wd/hub], Headless Execution. @30-10-2021 19:20:06.0451 PM
[ReportManager] Successfully Opened [GoogleChrome]. @30-10-2021 19:20:10.0433 P

################################################################################################################################################
Starting Execution:	[125 out of 143] test cases in the current suite
Test Method:		[testPackage01.Test_assertEquals.test_assertElementAttribute]
################################################################################################################################################
[ReportManager] Target URL: [https://www.google.com/ncr], and after redirection: [https://www.google.com] @30-10-2021 19:20:10.0438 PM
[ReportManager] Initial URL: [data:,] @30-10-2021 19:20:10.0512 PM
[ReportManager] Browser Action [NavigateToURL] successfully performed. With the following test data [https://www.google.com/ncr]. @30-10-2021 19:20:11.0280 PM
[ReportManager] Element Action [Type] successfully performed. With the following test data [INC_004010050:Another SCHEDULER with the same name [Duplicate Job Name] already exists.]. @30-10-2021 19:20:12.0119 PM
[ReportManager] Element Action [GetText] successfully performed. With the following test data [INC_004010050:Another SCHEDULER with the same name [Duplicate Job Name] already exists.]. @30-10-2021 19:20:12.0269 PM
[ReportManager] Loaded Shared OpenCV @30-10-2021 19:20:12.0537 PM
[ReportManager] Assertion [ValidateElementAttribute] PASSED. Expected [Value Should be 'INC_004010050:Another SCHEDULER with the same name \[Duplicate Job Name\] already exists.' for the 'text' attribute, element locator 'By.name: q'] and Actual [INC_004010050:Another SCHEDULER with the same name [Duplicate Job Name] already exists.]. Comparison Type [MATCHES]. Validation Type [POSITIVE]. @30-10-2021 19:20:12.0753 PM
[ReportManager] Successfully created attachment [Screenshot - 1635621612537_test_assertElementAttribute_ValidateElementAttribute_passed] @30-10-2021 19:20:12.0754 P
[ReportManager] Browser Action [CloseCurrentWindow] successfully performed. @30-10-2021 19:20:12.0894 PM
[ReportManager] Successfully created attachment [Browser Action Test Data - CloseCurrentWindow - Actual Value] @30-10-2021 19:20:12.0895 P
[ReportManager] File Action [GetAbsolutePath] successfully performed. With the following test data [Relative Folder Path: "target/downloadedFiles/"]. @30-10-2021 19:20:12.0896 PM
[ReportManager] Attempting to run remotely on: [Linux-64], [GoogleChrome], [http://localhost:4444/wd/hub], Headless Execution. @30-10-2021 19:20:12.0896 PM
[ReportManager] Successfully Opened [GoogleChrome]. @30-10-2021 19:20:15.0414 P

################################################################################################################################################
Starting Execution:	[126 out of 143] test cases in the current suite
Test Method:		[testPackage01.Test_verifyEquals.test_assertElementAttribute]
################################################################################################################################################
[ReportManager] Target URL: [https://www.google.com/ncr], and after redirection: [https://www.google.com] @30-10-2021 19:20:15.0416 PM
[ReportManager] Initial URL: [data:,] @30-10-2021 19:20:15.0472 PM
[ReportManager] Browser Action [NavigateToURL] successfully performed. With the following test data [https://www.google.com/ncr]. @30-10-2021 19:20:16.0243 PM
[ReportManager] Element Action [Type] successfully performed. With the following test data [INC_004010050:Another SCHEDULER with the same name [Duplicate Job Name] already exists.]. @30-10-2021 19:20:16.0984 PM
[ReportManager] Element Action [GetText] successfully performed. With the following test data [INC_004010050:Another SCHEDULER with the same name [Duplicate Job Name] already exists.]. @30-10-2021 19:20:17.0186 PM
[ReportManager] Loaded Shared OpenCV @30-10-2021 19:20:17.0494 PM
[ReportManager] Verification [ValidateElementAttribute] PASSED. Expected [Value Should be 'INC_004010050:Another SCHEDULER with the same name \[Duplicate Job Name\] already exists.' for the 'text' attribute, element locator 'By.name: q'] and Actual [INC_004010050:Another SCHEDULER with the same name [Duplicate Job Name] already exists.]. Comparison Type [MATCHES]. Validation Type [POSITIVE]. @30-10-2021 19:20:17.0722 PM
[ReportManager] Successfully created attachment [Screenshot - 1635621617494_test_assertElementAttribute_ValidateElementAttribute_passed] @30-10-2021 19:20:17.0723 P
[ReportManager] Browser Action [CloseCurrentWindow] successfully performed. @30-10-2021 19:20:17.0851 PM
[ReportManager] Successfully created attachment [Browser Action Test Data - CloseCurrentWindow - Actual Value] @30-10-2021 19:20:17.0852 P

################################################################################################################################################
Starting Execution:	[127 out of 143] test cases in the current suite
Test Method:		[testPackage01.Test_JsonActions.f]
###############################################################################################################################################

################################################################################################################################################
Starting Execution:	[128 out of 143] test cases in the current suite
Test Method:		[testPackage01.Test_JsonActions.f2]
###############################################################################################################################################

################################################################################################################################################
Starting Execution:	[129 out of 143] test cases in the current suite
Test Method:		[testPackage01.Test_PDF.testPDF_Downloaded]
################################################################################################################################################
[ReportManager] File Action [DoesFileExist] successfully performed. With the following test data [File Path: "src/test/resources/TestDataFiles/sample.pdf"]. @30-10-2021 19:20:17.0875 PM
[ReportManager] File Action [GetAbsolutePath] successfully performed. With the following test data [Relative File Path: "src/test/resources/TestDataFiles/sample.pdf"]. @30-10-2021 19:20:17.0875 PM
[ReportManager] Assertion [ValidateTrue] PASSED. Expected [TRUE] and Actual [TRUE]. Validation Type [POSITIVE]. @30-10-2021 19:20:18.0407 P
[ReportManager] File Action [GetAbsolutePath] successfully performed. With the following test data [Relative Folder Path: "target/downloadedFiles/"]. @30-10-2021 19:20:18.0411 PM
[ReportManager] Attempting to run remotely on: [Linux-64], [GoogleChrome], [http://localhost:4444/wd/hub], Headless Execution. @30-10-2021 19:20:18.0411 PM
[ReportManager] Successfully Opened [GoogleChrome]. @30-10-2021 19:20:20.0426 P

################################################################################################################################################
Starting Execution:	[130 out of 143] test cases in the current suite
Test Method:		[testPackage01.Test_dragAndDrop.dragAndDropJquery]
################################################################################################################################################
[ReportManager] Target URL: [https://jqueryui.com/resources/demos/droppable/default.html] @30-10-2021 19:20:20.0429 PM
[ReportManager] Initial URL: [data:,] @30-10-2021 19:20:20.0519 PM
[ReportManager] Browser Action [NavigateToURL] successfully performed. With the following test data [https://jqueryui.com/resources/demos/droppable/default.html]. @30-10-2021 19:20:20.0905 PM
[ReportManager] Element Action [GetText] successfully performed. With the following test data [Drop here]. @30-10-2021 19:20:20.0991 PM
[ReportManager] Element Action [DragAndDrop] successfully performed. With the following test data [Start point: (8, 18), End point: (8, 18)]. @30-10-2021 19:20:22.0533 PM
[ReportManager] Element Action [GetText] successfully performed. With the following test data [Dropped!]. @30-10-2021 19:20:22.0665 PM
[ReportManager] Assertion Passed: Checking to see if the text has changed after performing drag and drop @30-10-2021 19:20:22.0665 PM
[ReportManager] Assertion [ValidateEquals] PASSED. Expected [Drop here] and Actual [Dropped!]. Comparison Type [EQUALS]. Validation Type [NEGATIVE]. @30-10-2021 19:20:22.0665 P
[ReportManager] Browser Action [CloseCurrentWindow] successfully performed. @30-10-2021 19:20:22.0805 PM
[ReportManager] Successfully created attachment [Browser Action Test Data - CloseCurrentWindow - Actual Value] @30-10-2021 19:20:22.0805 P
[ReportManager] File Action [GetAbsolutePath] successfully performed. With the following test data [Relative Folder Path: "target/downloadedFiles/"]. @30-10-2021 19:20:22.0807 PM
[ReportManager] Attempting to run remotely on: [Linux-64], [GoogleChrome], [http://localhost:4444/wd/hub], Headless Execution. @30-10-2021 19:20:22.0807 PM
[ReportManager] Successfully Opened [GoogleChrome]. @30-10-2021 19:20:25.0417 P

################################################################################################################################################
Starting Execution:	[131 out of 143] test cases in the current suite
Test Method:		[testPackage01.Test_dragAndDrop.dragAndDrop]
Test Description:	[TC001 - Test Drag and Drop function.]
################################################################################################################################################
[ReportManager] Target URL: [http://the-internet.herokuapp.com/drag_and_drop] @30-10-2021 19:20:25.0427 PM
[ReportManager] Initial URL: [data:,] @30-10-2021 19:20:25.0518 PM
[ReportManager] Browser Action [NavigateToURL] successfully performed. With the following test data [http://the-internet.herokuapp.com/drag_and_drop]. @30-10-2021 19:20:25.0906 PM
[ReportManager] Attempting Drag and Drop @30-10-2021 19:20:25.0906 PM
[ReportManager] Element Action [DragAndDrop] successfully performed. With the following test data [Start point: (492, 89), End point: (707, 89)]. @30-10-2021 19:20:27.0194 P
[ReportManager] Browser Action [CloseCurrentWindow] successfully performed. @30-10-2021 19:20:27.0312 PM
[ReportManager] Successfully created attachment [Browser Action Test Data - CloseCurrentWindow - Actual Value] @30-10-2021 19:20:27.0312 P
[ReportManager] File Action [GetAbsolutePath] successfully performed. With the following test data [Relative Folder Path: "target/downloadedFiles/"]. @30-10-2021 19:20:27.0314 PM
[ReportManager] Attempting to run remotely on: [Linux-64], [GoogleChrome], [http://localhost:4444/wd/hub], Headless Execution. @30-10-2021 19:20:27.0314 PM
[ReportManager] Successfully Opened [GoogleChrome]. @30-10-2021 19:20:30.0423 P

################################################################################################################################################
Starting Execution:	[132 out of 143] test cases in the current suite
Test Method:		[testPackage01.Test_dragAndDrop.dragAndDropByOffset]
Test Description:	[TC002 - Test Drag and Drop by offset function.]
################################################################################################################################################
[ReportManager] Target URL: [https://jqueryui.com/resources/demos/draggable/default.html] @30-10-2021 19:20:30.0427 PM
[ReportManager] Initial URL: [data:,] @30-10-2021 19:20:30.0491 PM
[ReportManager] Browser Action [NavigateToURL] successfully performed. With the following test data [https://jqueryui.com/resources/demos/draggable/default.html]. @30-10-2021 19:20:30.0860 PM
[ReportManager] Element Action [DragAndDropByOffset] successfully performed. With the following test data [Start point: (8, 8), End point: (108, 58)]. @30-10-2021 19:20:31.0370 P
[ReportManager] Browser Action [CloseCurrentWindow] successfully performed. @30-10-2021 19:20:31.0497 PM
[ReportManager] Successfully created attachment [Browser Action Test Data - CloseCurrentWindow - Actual Value] @30-10-2021 19:20:31.0497 P
[ReportManager] File Action [GetAbsolutePath] successfully performed. With the following test data [Relative Folder Path: "target/downloadedFiles/"]. @30-10-2021 19:20:31.0499 PM
[ReportManager] Attempting to run remotely on: [Linux-64], [GoogleChrome], [http://localhost:4444/wd/hub], Headless Execution. @30-10-2021 19:20:31.0499 PM
[ReportManager] Successfully Opened [GoogleChrome]. @30-10-2021 19:20:35.0412 P

################################################################################################################################################
Starting Execution:	[133 out of 143] test cases in the current suite
Test Method:		[testPackage01.Test_clipboardActions.typeTextAndCopyPaste]
################################################################################################################################################
[ReportManager] Target URL: [https://www.google.com/ncr], and after redirection: [https://www.google.com] @30-10-2021 19:20:35.0414 PM
[ReportManager] Initial URL: [data:,] @30-10-2021 19:20:35.0477 PM
[ReportManager] Browser Action [NavigateToURL] successfully performed. With the following test data [https://www.google.com/ncr]. @30-10-2021 19:20:36.0242 PM
[ReportManager] Element Action [Type] successfully performed. With the following test data [FIRST]. @30-10-2021 19:20:36.0687 PM
[ReportManager] Element Action [ClipboardActions] successfully performed. With the following test data [select all]. @30-10-2021 19:20:36.0816 PM
[ReportManager] Element Action [ClipboardActions] successfully performed. With the following test data [copy]. @30-10-2021 19:20:36.0882 PM
[ReportManager] Element Action [ClipboardActions] successfully performed. With the following test data [unselect]. @30-10-2021 19:20:37.0130 PM
[ReportManager] Element Action [ClipboardActions] successfully performed. With the following test data [paste]. @30-10-2021 19:20:37.0266 PM
[ReportManager] Element Action [ClipboardActions] successfully performed. With the following test data [select all]. @30-10-2021 19:20:37.0334 PM
[ReportManager] Element Action [Type] successfully performed. @30-10-2021 19:20:37.0813 PM
[ReportManager] Element Action [ClipboardActions] successfully performed. With the following test data [cut]. @30-10-2021 19:20:37.0813 PM
[ReportManager] Element Action [ClipboardActions] successfully performed. With the following test data [paste]. @30-10-2021 19:20:37.0916 PM
[ReportManager] Element Action [ClipboardActions] successfully performed. With the following test data [paste]. @30-10-2021 19:20:38.0047 P
[ReportManager] Browser Action [CloseCurrentWindow] successfully performed. @30-10-2021 19:20:38.0183 PM
[ReportManager] Successfully created attachment [Browser Action Test Data - CloseCurrentWindow - Actual Value] @30-10-2021 19:20:38.0184 P
[ReportManager] File Action [GetAbsolutePath] successfully performed. With the following test data [Relative Folder Path: "target/downloadedFiles/"]. @30-10-2021 19:20:38.0185 PM
[ReportManager] Attempting to run remotely on: [Linux-64], [GoogleChrome], [http://localhost:4444/wd/hub], Headless Execution. @30-10-2021 19:20:38.0186 PM
[ReportManager] Successfully Opened [GoogleChrome]. @30-10-2021 19:20:40.0420 P

################################################################################################################################################
Starting Execution:	[134 out of 143] test cases in the current suite
Test Method:		[testPackage01.Test_dynamicLoading.dynamicLoading_elementIsHidden]
################################################################################################################################################
[ReportManager] Target URL: [https://the-internet.herokuapp.com/dynamic_loading/1] @30-10-2021 19:20:40.0423 PM
[ReportManager] Initial URL: [data:,] @30-10-2021 19:20:40.0520 PM
[ReportManager] Browser Action [NavigateToURL] successfully performed. With the following test data [https://the-internet.herokuapp.com/dynamic_loading/1]. @30-10-2021 19:20:40.0952 PM
[ReportManager] Element Action [Click] successfully performed. With the following test data [Start]. @30-10-2021 19:20:41.0500 PM
[ReportManager] Element Action [GetText] successfully performed. With the following test data [
    Hello World!
  ]. @30-10-2021 19:20:41.0727 PM
[ReportManager] Loaded Shared OpenCV @30-10-2021 19:20:41.0982 PM
[ReportManager] Assertion [ValidateElementAttribute] PASSED. Expected [Value Should be 'Hello World!' for the 'text' attribute, element locator 'By.id: finish'] and Actual [
    Hello World!
  ]. Comparison Type [CONTAINS]. Validation Type [POSITIVE]. @30-10-2021 19:20:42.0251 PM
[ReportManager] Successfully created attachment [Screenshot - 1635621641982_dynamicLoading_elementIsHidden_ValidateElementAttribute_passed] @30-10-2021 19:20:42.0252 P
[ReportManager] Browser Action [CloseCurrentWindow] successfully performed. @30-10-2021 19:20:42.0356 PM
[ReportManager] Successfully created attachment [Browser Action Test Data - CloseCurrentWindow - Actual Value] @30-10-2021 19:20:42.0356 P
[ReportManager] File Action [GetAbsolutePath] successfully performed. With the following test data [Relative Folder Path: "target/downloadedFiles/"]. @30-10-2021 19:20:42.0358 PM
[ReportManager] Attempting to run remotely on: [Linux-64], [GoogleChrome], [http://localhost:4444/wd/hub], Headless Execution. @30-10-2021 19:20:42.0358 PM
[ReportManager] Successfully Opened [GoogleChrome]. @30-10-2021 19:20:45.0425 P

################################################################################################################################################
Starting Execution:	[135 out of 143] test cases in the current suite
Test Method:		[testPackage01.Test_dynamicLoading.dynamicLoading_elementIsRendered]
################################################################################################################################################
[ReportManager] Target URL: [https://the-internet.herokuapp.com/dynamic_loading/2] @30-10-2021 19:20:45.0428 PM
[ReportManager] Initial URL: [data:,] @30-10-2021 19:20:45.0490 PM
[ReportManager] Browser Action [NavigateToURL] successfully performed. With the following test data [https://the-internet.herokuapp.com/dynamic_loading/2]. @30-10-2021 19:20:45.0989 PM
[ReportManager] Element Action [Click] successfully performed. With the following test data [Start]. @30-10-2021 19:20:46.0535 PM
[ReportManager] Element Action [GetText] successfully performed. With the following test data [Hello World!]. @30-10-2021 19:20:51.0757 PM
[ReportManager] Loaded Shared OpenCV @30-10-2021 19:20:52.0032 PM
[ReportManager] Assertion [ValidateElementAttribute] PASSED. Expected [Value Should be 'Hello World!' for the 'text' attribute, element locator 'By.id: finish'] and Actual [Hello World!]. Comparison Type [CONTAINS]. Validation Type [POSITIVE]. @30-10-2021 19:20:52.0249 PM
[ReportManager] Successfully created attachment [Screenshot - 1635621652032_dynamicLoading_elementIsRendered_ValidateElementAttribute_passed] @30-10-2021 19:20:52.0249 P
[ReportManager] Browser Action [CloseCurrentWindow] successfully performed. @30-10-2021 19:20:52.0371 PM
[ReportManager] Successfully created attachment [Browser Action Test Data - CloseCurrentWindow - Actual Value] @30-10-2021 19:20:52.0371 P
[ReportManager] File Action [GetAbsolutePath] successfully performed. With the following test data [Relative Folder Path: "target/downloadedFiles/"]. @30-10-2021 19:20:52.0373 PM
[ReportManager] Attempting to run remotely on: [Linux-64], [GoogleChrome], [http://localhost:4444/wd/hub], Headless Execution. @30-10-2021 19:20:52.0373 PM
[ReportManager] Successfully Opened [GoogleChrome]. @30-10-2021 19:20:55.0416 P

################################################################################################################################################
Starting Execution:	[136 out of 143] test cases in the current suite
Test Method:		[testPackage01.Test_uploadFile.uploadFile_invisibleUploadInput]
################################################################################################################################################
[ReportManager] Target URL: [https://fineuploader.com/demos.html#gallery-view] @30-10-2021 19:20:55.0419 PM
[ReportManager] Initial URL: [data:,] @30-10-2021 19:20:55.0485 PM
[ReportManager] Browser Action [NavigateToURL] successfully performed. With the following test data [https://fineuploader.com/demos.html#gallery-view]. @30-10-2021 19:20:56.0815 PM
[ReportManager] File Action [GetAbsolutePath] successfully performed. With the following test data [Relative File Path: "src/main/resources/images/shaft.png"]. @30-10-2021 19:20:56.0815 PM
[ReportManager] Successfully created attachment [File Action Actual Result - Command Log] @30-10-2021 19:20:56.0816 PM
[ReportManager] Element Action [TypeFileLocationForUpload] successfully performed. With the following test data [/home/runner/work/SHAFT_ENGINE/SHAFT_ENGINE/src/main/resources/images/shaft.png]. @30-10-2021 19:20:57.0001 PM
[ReportManager] Attempting to getAttribute [src] from elementLocator [By.xpath: //div[@id='fine-uploader-gallery']//div[@class='qq-thumbnail-wrapper']/img]. @30-10-2021 19:20:57.0001 PM
[ReportManager] Element Action [GetAttribute] successfully performed. @30-10-2021 19:20:57.0168 PM
[ReportManager] Successfully created attachment [Element Action Test Data - GetAttribute - Actual Value] @30-10-2021 19:20:57.0169 PM
[ReportManager] Loaded Shared OpenCV @30-10-2021 19:20:57.0454 PM
[ReportManager] Assertion [ValidateElementAttribute] PASSED. Expected and Actual values are attached. Comparison Type [CONTAINS]. Validation Type [POSITIVE]. @30-10-2021 19:20:57.0696 PM
[ReportManager] Successfully created attachment [Validation Test Data - Expected Value] @30-10-2021 19:20:57.0697 PM
[ReportManager] Successfully created attachment [Validation Test Data - Actual Value] @30-10-2021 19:20:57.0697 PM
[ReportManager] Successfully created attachment [Screenshot - 1635621657454_uploadFile_invisibleUploadInput_ValidateElementAttribute_passed] @30-10-2021 19:20:57.0699 P
[ReportManager] Browser Action [CloseCurrentWindow] successfully performed. @30-10-2021 19:20:57.0871 PM
[ReportManager] Successfully created attachment [Browser Action Test Data - CloseCurrentWindow - Actual Value] @30-10-2021 19:20:57.0871 P
[ReportManager] File Action [GetAbsolutePath] successfully performed. With the following test data [Relative Folder Path: "target/downloadedFiles/"]. @30-10-2021 19:20:57.0874 PM
[ReportManager] Attempting to run remotely on: [Linux-64], [GoogleChrome], [http://localhost:4444/wd/hub], Headless Execution. @30-10-2021 19:20:57.0874 PM
[ReportManager] Successfully Opened [GoogleChrome]. @30-10-2021 19:21:00.0413 P

################################################################################################################################################
Starting Execution:	[137 out of 143] test cases in the current suite
Test Method:		[testPackage01.Test_uploadFile.uploadFile_visibleUploadInput]
################################################################################################################################################
[ReportManager] Target URL: [http://demo.guru99.com/test/upload/] @30-10-2021 19:21:00.0416 PM
[ReportManager] Initial URL: [data:,] @30-10-2021 19:21:00.0467 PM
[ReportManager] Browser Action [NavigateToURL] successfully performed. With the following test data [http://demo.guru99.com/test/upload/]. @30-10-2021 19:21:01.0631 PM
[ReportManager] File Action [GetAbsolutePath] successfully performed. With the following test data [Relative File Path: "src/main/resources/images/shaft.png"]. @30-10-2021 19:21:01.0632 PM
[ReportManager] Successfully created attachment [File Action Actual Result - Command Log] @30-10-2021 19:21:01.0632 PM
[ReportManager] Element Action [TypeFileLocationForUpload] successfully performed. With the following test data [/home/runner/work/SHAFT_ENGINE/SHAFT_ENGINE/src/main/resources/images/shaft.png]. @30-10-2021 19:21:01.0745 PM
[ReportManager] Element Action [Click] successfully performed. With the following test data [on]. @30-10-2021 19:21:02.0376 PM
[ReportManager] Element Action [Click] successfully performed. With the following test data [Submit File]. @30-10-2021 19:21:02.0960 PM
[ReportManager] Element Action [GetText] successfully performed. With the following test data [1 file
has been successfully uploaded.]. @30-10-2021 19:21:03.0633 PM
[ReportManager] Loaded Shared OpenCV @30-10-2021 19:21:03.0917 PM
[ReportManager] Assertion [ValidateElementAttribute] PASSED. Expected [Value Should be '1 file' for the 'Text' attribute, element locator 'By.id: res'] and Actual [1 file
has been successfully uploaded.]. Comparison Type [CONTAINS]. Validation Type [POSITIVE]. @30-10-2021 19:21:04.0133 PM
[ReportManager] Successfully created attachment [Screenshot - 1635621663917_uploadFile_visibleUploadInput_ValidateElementAttribute_passed] @30-10-2021 19:21:04.0134 P
[ReportManager] Browser Action [CloseCurrentWindow] successfully performed. @30-10-2021 19:21:04.0305 PM
[ReportManager] Successfully created attachment [Browser Action Test Data - CloseCurrentWindow - Actual Value] @30-10-2021 19:21:04.0305 P

################################################################################################################################################
Starting Execution:	[138 out of 143] test cases in the current suite
Test Method:		[testPackage01.Test_SelectedValue.multipleSelect]
################################################################################################################################################
[ReportManager] File Action [GetAbsolutePath] successfully performed. With the following test data [Relative Folder Path: "target/downloadedFiles/"]. @30-10-2021 19:21:04.0308 PM
[ReportManager] Attempting to run remotely on: [Linux-64], [GoogleChrome], [http://localhost:4444/wd/hub], Headless Execution. @30-10-2021 19:21:04.0308 PM
[ReportManager] Successfully Opened [GoogleChrome]. @30-10-2021 19:21:05.0402 PM
[ReportManager] Target URL: [https://yari-demos.prod.mdn.mozit.cloud/en-US/docs/Web/HTML/Element/select/_sample_.Advanced_select_with_multiple_features.html] @30-10-2021 19:21:05.0403 PM
[ReportManager] Initial URL: [data:,] @30-10-2021 19:21:05.0478 PM
[ReportManager] Browser Action [NavigateToURL] successfully performed. With the following test data [https://yari-demos.prod.mdn.mozit.cloud/en-US/docs/Web/HTML/Element/select/_sample_.Advanced_select_with_multiple_features.html]. @30-10-2021 19:21:05.0915 PM
[ReportManager] Element Action [Select] successfully performed. With the following test data [Dog]. @30-10-2021 19:21:06.0236 PM
[ReportManager] Element Action [Select] successfully performed. With the following test data [Cat]. @30-10-2021 19:21:06.0536 PM
[ReportManager] Element Action [GetSelectedText] successfully performed. With the following test data [DogCat]. @30-10-2021 19:21:06.0747 PM
[ReportManager] DogCat @30-10-2021 19:21:06.0759 PM
[ReportManager] Element Action [GetSelectedText] successfully performed. With the following test data [DogCat]. @30-10-2021 19:21:07.0007 PM
[ReportManager] Loaded Shared OpenCV @30-10-2021 19:21:07.0250 PM
[ReportManager] Assertion [ValidateElementAttribute] PASSED. Expected [Value Should be 'DogCat' for the 'selectedText' attribute, element locator 'By.tagName: select'] and Actual [DogCat]. Comparison Type [EQUALS]. Validation Type [POSITIVE]. @30-10-2021 19:21:07.0466 PM
[ReportManager] Successfully created attachment [Screenshot - 1635621667250_multipleSelect_ValidateElementAttribute_passed] @30-10-2021 19:21:07.0469 PM
[ReportManager] Browser Action [CloseCurrentWindow] successfully performed. @30-10-2021 19:21:07.0612 PM
[ReportManager] Successfully created attachment [Browser Action Test Data - CloseCurrentWindow - Actual Value] @30-10-2021 19:21:07.0613 P

################################################################################################################################################
Starting Execution:	[139 out of 143] test cases in the current suite
Test Method:		[testPackage01.Test_SelectedValue.simpleSelect]
################################################################################################################################################
[ReportManager] File Action [GetAbsolutePath] successfully performed. With the following test data [Relative Folder Path: "target/downloadedFiles/"]. @30-10-2021 19:21:07.0629 PM
[ReportManager] Attempting to run remotely on: [Linux-64], [GoogleChrome], [http://localhost:4444/wd/hub], Headless Execution. @30-10-2021 19:21:07.0629 PM
[ReportManager] Successfully Opened [GoogleChrome]. @30-10-2021 19:21:10.0418 PM
[ReportManager] Target URL: [https://yari-demos.prod.mdn.mozit.cloud/en-US/docs/Web/HTML/Element/select/_sample_.Basic_select.html] @30-10-2021 19:21:10.0418 PM
[ReportManager] Initial URL: [data:,] @30-10-2021 19:21:10.0476 PM
[ReportManager] Browser Action [NavigateToURL] successfully performed. With the following test data [https://yari-demos.prod.mdn.mozit.cloud/en-US/docs/Web/HTML/Element/select/_sample_.Basic_select.html]. @30-10-2021 19:21:10.0722 PM
[ReportManager] Element Action [Select] successfully performed. With the following test data [Third Value]. @30-10-2021 19:21:11.0136 PM
[ReportManager] Element Action [GetSelectedText] successfully performed. With the following test data [Third Value]. @30-10-2021 19:21:11.0295 PM
[ReportManager] Third Value @30-10-2021 19:21:11.0295 PM
[ReportManager] Element Action [GetSelectedText] successfully performed. With the following test data [Third Value]. @30-10-2021 19:21:11.0453 PM
[ReportManager] Loaded Shared OpenCV @30-10-2021 19:21:11.0748 PM
[ReportManager] Assertion [ValidateElementAttribute] PASSED. Expected [Value Should be 'Third Value' for the 'selectedText' attribute, element locator 'By.tagName: select'] and Actual [Third Value]. Comparison Type [EQUALS]. Validation Type [POSITIVE]. @30-10-2021 19:21:11.0950 PM
[ReportManager] Successfully created attachment [Screenshot - 1635621671748_simpleSelect_ValidateElementAttribute_passed] @30-10-2021 19:21:11.0950 PM
[ReportManager] Browser Action [CloseCurrentWindow] successfully performed. @30-10-2021 19:21:12.0063 PM
[ReportManager] Successfully created attachment [Browser Action Test Data - CloseCurrentWindow - Actual Value] @30-10-2021 19:21:12.0064 P

################################################################################################################################################
Starting Execution:	[140 out of 143] test cases in the current suite
Test Method:		[testPackage01.Test_JSONFileManager.readStringFromJson]
################################################################################################################################################
[ReportManager] Successfully loaded the following test data file [src/test/resources/TestDataFiles/simpleJSON.json]. @30-10-2021 19:21:12.0068 PM
[ReportManager] Successfully created attachment [Test Data - JSON] @30-10-2021 19:21:12.0069 PM
[ReportManager] Assertion [ValidateEquals] PASSED. Expected [Mohab Mohie] and Actual [Mohab Mohie]. Comparison Type [EQUALS]. Validation Type [POSITIVE]. @30-10-2021 19:21:12.0083 P
[ReportManager] Successfully loaded the following test data file [src/test/resources/TestDataFiles/testSuite01/TestData.xlsx]. @30-10-2021 19:21:12.0136 PM
[ReportManager] Successfully created attachment [Test Data - Excel] @30-10-2021 19:21:12.0136 PM
[ReportManager] Attempting to run using Playwright locally on: [Linux-64], [GoogleChrome], Headless Execution. @30-10-2021 19:21:27.0570 PM
[ReportManager] File Action [GetAbsolutePath] successfully performed. With the following test data [Relative Folder Path: "target/downloadedFiles/"]. @30-10-2021 19:21:27.0571 PM
[ReportManager] Initial window size: (1280, 720) @30-10-2021 19:21:27.0874 PM
[ReportManager] Window size after Toolkit: com.microsoft.playwright.options.ViewportSize@6cb110c @30-10-2021 19:21:27.0880 PM
[ReportManager] Browser Action [MaximizeWindow] successfully performed. With the following test data [New screen size is now: (1920, 1080)]. @30-10-2021 19:21:27.0880 P

################################################################################################################################################
Starting Execution:	[141 out of 143] test cases in the current suite
Test Method:		[testPackage01.Test_google_playwright.navigateToURLandVerifyGoogleLogoIsDisplayed]
Test Description:	[TC001 - Navigate to URL and Verify Google Logo is Displayed]
################################################################################################################################################
[ReportManager] Target URL: [https://www.google.com/ncr], and after redirection: [https://www.google.com] @30-10-2021 19:21:27.0882 PM
[ReportManager] Initial URL: [about:blank] @30-10-2021 19:21:28.0360 PM
[ReportManager] Browser Action [NavigateToURL] successfully performed. With the following test data [https://www.google.com/ncr]. @30-10-2021 19:21:30.0626 PM
[ReportManager] Loaded Shared OpenCV @30-10-2021 19:21:30.0868 PM
[ReportManager] Assertion [ValidateElementExists] PASSED. Expected [Element Should Exist, locator 'xpath=//*[@id='hplogo' or @alt='Google']'] and Actual [Element Exists]. Comparison Type [EQUALS]. Validation Type [POSITIVE]. @30-10-2021 19:21:31.0083 PM
[ReportManager] Successfully created attachment [Screenshot - 1635621690862_navigateToURLandVerifyGoogleLogoIsDisplayed_ValidateElementExists_passed] @30-10-2021 19:21:31.0084 P

################################################################################################################################################
Starting Execution:	[142 out of 143] test cases in the current suite
Test Method:		[testPackage01.Test_google_playwright.searchForQueryandAssertResultsNumDisplayed]
Test Description:	[TC002 - Search for Query and Assert that the number of results is displayed]
################################################################################################################################################
[ReportManager] Element Action [Type] successfully performed. With the following test data [SHAFT_Engine]. @30-10-2021 19:21:31.0399 PM
[ReportManager] Element Action [KeyPress] successfully performed. With the following test data [Enter]. @30-10-2021 19:21:31.0441 PM
[ReportManager] Element Action [GetText] successfully performed. With the following test data [About 922,000 results (0.55 seconds)]. @30-10-2021 19:21:32.0231 PM
[ReportManager] Loaded Shared OpenCV @30-10-2021 19:21:34.0353 PM
[ReportManager] Assertion [ValidateElementAttribute] PASSED. Expected [Value Should not be '' for the 'text' attribute, element locator 'xpath=//div[@id='appbar']'] and Actual [About 922,000 results (0.55 seconds)]. Comparison Type [EQUALS]. Validation Type [NEGATIVE]. @30-10-2021 19:21:34.0657 PM
[ReportManager] Successfully created attachment [Screenshot - 1635621694352_searchForQueryandAssertResultsNumDisplayed_ValidateElementAttribute_passed] @30-10-2021 19:21:34.0659 P

################################################################################################################################################
Starting Execution:	[143 out of 143] test cases in the current suite
Test Method:		[testPackage01.Test_google_playwright.clickNextThrice]
Test Description:	[TC003 - Clicks the next button to make sure that the framework can scroll element into view before clicking it]
################################################################################################################################################
[ReportManager] Element Action [Click] successfully performed. With the following test data [Next]. @30-10-2021 19:21:34.0951 P
[ReportManager] Failed to find video recording. @30-10-2021 19:21:34.0953 PM
[ReportManager] Successfully Closed PlayWright Driver. @30-10-2021 19:21:35.0000 P

################################################################################################################################################
Test Closure Activities
################################################################################################################################################
[ReportManager] Successfully created attachment [SHAFT Engine Logs - Execution log] @30-10-2021 19:21:35.0055 PM

################################################################################################################################################
This test run was powered by SHAFT Engine Version: [SHAFT Engine v5.4.20211025-BETA]
SHAFT Engine is licensed under the MIT License: [https://github.com/MohabMohie/SHAFT_ENGINE/blob/master/LICENSE].
################################################################################################################################################