################################################################################################################################################
Detected SHAFT Engine Version: [SHAFT Engine v5.3.20210902]
################################################################################################################################################
[ReportManager] File Action [GetAbsolutePath] successfully performed. With the following test data [Relative Folder Path: "target/downloadedFiles/"]. @30-09-2021 01:58:10.0512 AM
[ReportManager] Attempting to run locally on: [Mac-64], [Safari], Headless Execution. @30-09-2021 01:58:10.0525 AM
[ReportManager] Successfully Opened Safari. @30-09-2021 01:58:14.0758 AM
[ReportManager] Initial window size: (800, 600) @30-09-2021 01:58:14.0813 AM
[ReportManager] Window size after SWD Maximize: (1176, 810) @30-09-2021 01:58:14.0889 AM
[ReportManager] Browser Action [MaximizeWindow] successfully performed. With the following test data [New screen size is now: (1176, 810)]. @30-09-2021 01:58:14.0895 A

################################################################################################################################################
Starting Execution:	[1 out of 144] test cases in the current suite
Test Method:		[unitTests.tests_element_elementActions.waitForElementToBePresent_false_expectedToFail]
################################################################################################################################################
[ReportManager] Target URL: [https://www.google.com/ncr], and after redirection: [www.google.com] @30-09-2021 01:58:15.0204 AM
[ReportManager] Initial URL: [] @30-09-2021 01:58:15.0277 AM
[ReportManager] Browser Action [NavigateToURL] successfully performed. With the following test data [https://www.google.com/ncr]. @30-09-2021 01:58:16.0999 AM
[ReportManager] Waiting for element to be present; elementLocator [By.xpath: //*[@id='hplogo' or @alt='Google']], numberOfTries[1], stateOfPresence[false]... @30-09-2021 01:58:17.0010 AM
[ReportManager] Element Action [WaitForElementToBePresent] failed. With the following test data [waited for the element's state of presence to be (false). Element locator (By.xpath: //*[@id='hplogo' or @alt='Google'])]. @30-09-2021 01:58:19.0747 AM
[ReportManager] Successfully created attachment [Screenshot - 1632967097097_waitForElementToBePresent_false_expectedToFail_WaitForElementToBePresent_failed] @30-09-2021 01:58:19.0773 A
[ReportManager] Browser Action [CloseCurrentWindow] successfully performed. @30-09-2021 01:58:20.0018 AM
[ReportManager] Successfully created attachment [Browser Action Test Data - CloseCurrentWindow - Actual Value] @30-09-2021 01:58:20.0019 A
[ReportManager] File Action [GetAbsolutePath] successfully performed. With the following test data [Relative Folder Path: "target/downloadedFiles/"]. @30-09-2021 01:58:20.0069 AM
[ReportManager] Attempting to run locally on: [Mac-64], [Safari], Headless Execution. @30-09-2021 01:58:20.0069 AM
[ReportManager] Successfully Opened Safari. @30-09-2021 01:58:20.0884 AM
[ReportManager] Initial window size: (800, 600) @30-09-2021 01:58:20.0937 AM
[ReportManager] Window size after SWD Maximize: (1176, 811) @30-09-2021 01:58:20.0965 AM
[ReportManager] Browser Action [MaximizeWindow] successfully performed. With the following test data [New screen size is now: (1176, 811)]. @30-09-2021 01:58:20.0965 A

################################################################################################################################################
Starting Execution:	[2 out of 144] test cases in the current suite
Test Method:		[unitTests.tests_element_elementActions.waitForElementToBePresent_false_expectedToPass]
################################################################################################################################################
[ReportManager] Target URL: [https://www.google.com/ncr], and after redirection: [www.google.com] @30-09-2021 01:58:20.0990 AM
[ReportManager] Initial URL: [] @30-09-2021 01:58:21.0039 AM
[ReportManager] Browser Action [NavigateToURL] successfully performed. With the following test data [https://www.google.com/ncr]. @30-09-2021 01:58:22.0388 AM
[ReportManager] Waiting for element to be present; elementLocator [By.id: bla], numberOfTries[1], stateOfPresence[false]... @30-09-2021 01:58:22.0389 AM
[ReportManager] Element Action [WaitForElementToBePresent] successfully performed. With the following test data [waited for the element's state of presence to be (false). Element locator (By.id: bla)]. @30-09-2021 01:58:28.0237 A
[ReportManager] Browser Action [CloseCurrentWindow] successfully performed. @30-09-2021 01:58:28.0507 AM
[ReportManager] Successfully created attachment [Browser Action Test Data - CloseCurrentWindow - Actual Value] @30-09-2021 01:58:28.0508 A
[ReportManager] File Action [GetAbsolutePath] successfully performed. With the following test data [Relative Folder Path: "target/downloadedFiles/"]. @30-09-2021 01:58:28.0515 AM
[ReportManager] Attempting to run locally on: [Mac-64], [Safari], Headless Execution. @30-09-2021 01:58:28.0515 AM
[ReportManager] Successfully Opened Safari. @30-09-2021 01:58:29.0383 AM
[ReportManager] Initial window size: (800, 600) @30-09-2021 01:58:29.0481 AM
[ReportManager] Window size after SWD Maximize: (1176, 811) @30-09-2021 01:58:29.0497 AM
[ReportManager] Browser Action [MaximizeWindow] successfully performed. With the following test data [New screen size is now: (1176, 811)]. @30-09-2021 01:58:29.0497 A

################################################################################################################################################
Starting Execution:	[3 out of 144] test cases in the current suite
Test Method:		[unitTests.tests_element_elementActions.waitForElementToBePresent_moreThanOneElement_expectedToFail]
################################################################################################################################################
[ReportManager] Target URL: [https://www.google.com/ncr], and after redirection: [www.google.com] @30-09-2021 01:58:29.0502 AM
[ReportManager] Initial URL: [] @30-09-2021 01:58:29.0551 AM
[ReportManager] Browser Action [NavigateToURL] successfully performed. With the following test data [https://www.google.com/ncr]. @30-09-2021 01:58:31.0057 AM
[ReportManager] Waiting for element to be present; elementLocator [By.xpath: //*], numberOfTries[1], stateOfPresence[false]... @30-09-2021 01:58:31.0058 AM
[ReportManager] Element Action [WaitForElementToBePresent] failed. With the following test data [waited for the element's state of presence to be (false). Element locator (By.xpath: //*)]. @30-09-2021 01:58:31.0412 AM
[ReportManager] Successfully created attachment [Screenshot - 1632967111297_waitForElementToBePresent_moreThanOneElement_expectedToFail_WaitForElementToBePresent_failed] @30-09-2021 01:58:31.0415 A
[ReportManager] Browser Action [CloseCurrentWindow] successfully performed. @30-09-2021 01:58:31.0495 AM
[ReportManager] Successfully created attachment [Browser Action Test Data - CloseCurrentWindow - Actual Value] @30-09-2021 01:58:31.0496 A
[ReportManager] File Action [GetAbsolutePath] successfully performed. With the following test data [Relative Folder Path: "target/downloadedFiles/"]. @30-09-2021 01:58:31.0502 AM
[ReportManager] Attempting to run locally on: [Mac-64], [Safari], Headless Execution. @30-09-2021 01:58:31.0503 AM
[ReportManager] Successfully Opened Safari. @30-09-2021 01:58:32.0373 AM
[ReportManager] Initial window size: (800, 600) @30-09-2021 01:58:32.0393 AM
[ReportManager] Window size after SWD Maximize: (1176, 811) @30-09-2021 01:58:32.0418 AM
[ReportManager] Browser Action [MaximizeWindow] successfully performed. With the following test data [New screen size is now: (1176, 811)]. @30-09-2021 01:58:32.0418 A

################################################################################################################################################
Starting Execution:	[4 out of 144] test cases in the current suite
Test Method:		[unitTests.tests_element_elementActions.waitForElementToBePresent_true_expectedToFail]
################################################################################################################################################
[ReportManager] Target URL: [https://www.google.com/ncr], and after redirection: [www.google.com] @30-09-2021 01:58:32.0422 AM
[ReportManager] Initial URL: [] @30-09-2021 01:58:32.0482 AM
[ReportManager] Browser Action [NavigateToURL] successfully performed. With the following test data [https://www.google.com/ncr]. @30-09-2021 01:58:33.0537 AM
[ReportManager] Waiting for element to be present; elementLocator [By.id: bla], numberOfTries[1], stateOfPresence[true]... @30-09-2021 01:58:33.0537 AM
[ReportManager] Element Action [WaitForElementToBePresent] failed. With the following test data [waited for the element's state of presence to be (true). Element locator (By.id: bla)]. @30-09-2021 01:58:39.0005 AM
[ReportManager] Successfully created attachment [Screenshot - 1632967118926_waitForElementToBePresent_true_expectedToFail_WaitForElementToBePresent_failed] @30-09-2021 01:58:39.0008 A
[ReportManager] Browser Action [CloseCurrentWindow] successfully performed. @30-09-2021 01:58:39.0148 AM
[ReportManager] Successfully created attachment [Browser Action Test Data - CloseCurrentWindow - Actual Value] @30-09-2021 01:58:39.0149 A
[ReportManager] File Action [GetAbsolutePath] successfully performed. With the following test data [Relative Folder Path: "target/downloadedFiles/"]. @30-09-2021 01:58:39.0153 AM
[ReportManager] Attempting to run locally on: [Mac-64], [Safari], Headless Execution. @30-09-2021 01:58:39.0153 AM
[ReportManager] Successfully Opened Safari. @30-09-2021 01:58:39.0964 AM
[ReportManager] Initial window size: (800, 600) @30-09-2021 01:58:39.0983 AM
[ReportManager] Window size after SWD Maximize: (1176, 811) @30-09-2021 01:58:39.0999 AM
[ReportManager] Browser Action [MaximizeWindow] successfully performed. With the following test data [New screen size is now: (1176, 811)]. @30-09-2021 01:58:40.0000 A

################################################################################################################################################
Starting Execution:	[5 out of 144] test cases in the current suite
Test Method:		[unitTests.tests_element_elementActions.waitForElementToBePresent_true_expectedToPass]
################################################################################################################################################
[ReportManager] Target URL: [https://www.google.com/ncr], and after redirection: [www.google.com] @30-09-2021 01:58:40.0017 AM
[ReportManager] Initial URL: [] @30-09-2021 01:58:40.0059 AM
[ReportManager] Browser Action [NavigateToURL] successfully performed. With the following test data [https://www.google.com/ncr]. @30-09-2021 01:58:41.0656 AM
[ReportManager] Waiting for element to be present; elementLocator [By.xpath: //*[@id='hplogo' or @alt='Google']], numberOfTries[1], stateOfPresence[true]... @30-09-2021 01:58:41.0657 AM
[ReportManager] Element Action [WaitForElementToBePresent] successfully performed. With the following test data [waited for the element's state of presence to be (true). Element locator (By.xpath: //*[@id='hplogo' or @alt='Google'])]. @30-09-2021 01:58:41.0693 AM
[ReportManager] File Action [DoesFileExist] successfully performed. With the following test data [File Path: "src/test/resources/DynamicObjectRepository/unitTests_tests_element_elementActions_waitForElementToBePresent_true_expectedToPass_By_xpath_id_hplogo_or_alt_Google.png"]. @30-09-2021 01:58:41.0718 AM
[ReportManager] File Action [DoesFileExist] successfully performed. With the following test data [File Path: "src/test/resources/DynamicObjectRepository/unitTests_tests_element_elementActions_waitForElementToBePresent_true_expectedToPass_By_xpath_id_hplogo_or_alt_Google.png"]. @30-09-2021 01:58:41.0798 AM
[ReportManager] Passing the test and saving a reference image @30-09-2021 01:58:41.0798 AM
[ReportManager] File Action [GetAbsolutePath] successfully performed. With the following test data [Relative File Path: "src/test/resources/DynamicObjectRepository/unitTests_tests_element_elementActions_waitForElementToBePresent_true_expectedToPass_By_xpath_id_hplogo_or_alt_Google.png"]. @30-09-2021 01:58:41.0798 AM
[ReportManager] File Action [WriteToFile] successfully performed. With the following test data [Target File Path: "/Users/runner/work/SHAFT_ENGINE/SHAFT_ENGINE/src/test/resources/DynamicObjectRepository/unitTests_tests_element_elementActions_waitForElementToBePresent_true_expectedToPass_By_xpath_id_hplogo_or_alt_Google.png"]. @30-09-2021 01:58:41.0802 AM
[ReportManager] Assertion Passed: Using Visual AI; OpenCV @30-09-2021 01:58:41.0804 AM
[ReportManager] Successfully created attachment [Validation Test Data - Actual Screenshot] @30-09-2021 01:58:41.0806 AM
[ReportManager] Assertion [ValidateElementMatches] PASSED. Expected [Element should match the reference screenshot] and Actual [TRUE]. Comparison Type [EXACT_OPENCV]. Validation Type [POSITIVE]. @30-09-2021 01:58:41.0806 A
[ReportManager] Browser Action [CloseCurrentWindow] successfully performed. @30-09-2021 01:58:41.0892 AM
[ReportManager] Successfully created attachment [Browser Action Test Data - CloseCurrentWindow - Actual Value] @30-09-2021 01:58:41.0914 A
[ReportManager] File Action [GetAbsolutePath] successfully performed. With the following test data [Relative Folder Path: "target/downloadedFiles/"]. @30-09-2021 01:58:41.0922 AM
[ReportManager] Attempting to run locally on: [Mac-64], [Safari], Headless Execution. @30-09-2021 01:58:41.0922 AM
[ReportManager] Successfully Opened Safari. @30-09-2021 01:58:42.0715 AM
[ReportManager] Initial window size: (800, 600) @30-09-2021 01:58:42.0841 AM
[ReportManager] Window size after SWD Maximize: (1176, 811) @30-09-2021 01:58:42.0898 AM
[ReportManager] Browser Action [MaximizeWindow] successfully performed. With the following test data [New screen size is now: (1176, 811)]. @30-09-2021 01:58:42.0899 AM
[ReportManager] Target URL: [https://duckduckgo.com] @30-09-2021 01:58:42.0899 AM
[ReportManager] Initial URL: [] @30-09-2021 01:58:43.0032 AM
[ReportManager] Browser Action [NavigateToURL] successfully performed. With the following test data [https://duckduckgo.com]. @30-09-2021 01:58:44.0155 A

################################################################################################################################################
Starting Execution:	[6 out of 144] test cases in the current suite
Test Method:		[unitTests.tests_browserActions.fullScreenWindow]
################################################################################################################################################
[ReportManager] Initial Windows Size: 1176x811 @30-09-2021 01:58:44.0183 AM
[ReportManager] Current Windows Size after fullScreen: 1176x885 @30-09-2021 01:58:44.0416 AM
[ReportManager] Browser Action [FullScreenWindow] successfully performed. @30-09-2021 01:58:44.0446 AM
[ReportManager] Successfully created attachment [Browser Action Test Data - FullScreenWindow - Actual Value] @30-09-2021 01:58:44.0449 A
[ReportManager] Target URL: [https://duckduckgo.com] @30-09-2021 01:58:44.0452 AM
[ReportManager] Initial URL: [https://duckduckgo.com] @30-09-2021 01:58:44.0514 AM
[ReportManager] Browser Action [NavigateToURL] successfully performed. With the following test data [https://duckduckgo.com]. @30-09-2021 01:58:45.0032 AM
[ReportManager] Browser Action [CloseCurrentWindow] successfully performed. @30-09-2021 01:58:45.0078 AM
[ReportManager] Successfully created attachment [Browser Action Test Data - CloseCurrentWindow - Actual Value] @30-09-2021 01:58:45.0080 A
[ReportManager] File Action [GetAbsolutePath] successfully performed. With the following test data [Relative Folder Path: "target/downloadedFiles/"]. @30-09-2021 01:58:45.0085 AM
[ReportManager] Attempting to run locally on: [Mac-64], [Safari], Headless Execution. @30-09-2021 01:58:45.0086 AM
[ReportManager] An Exception Occured with this Message: Could not create a session: The Safari instance terminated while trying to pair with it.. @30-09-2021 01:58:45.0498 AM
[ReportManager] Successfully created attachment [Exception Stack Trace - org.openqa.selenium.SessionNotCreatedException] @30-09-2021 01:58:45.0499 AM
[ReportManager] Driver Factory Action [createNewLocalDriverInstanceForSafari] failed. With the following test data [Failed to create a session onDESKTOP_SAFARI]. @30-09-2021 01:58:45.0499 A

################################################################################################################################################
Starting Execution:	[7 out of 144] test cases in the current suite
Test Method:		[unitTests.tests_browserActions.getCurrentURL]
###############################################################################################################################################



################################################################################################################################################
Starting Execution:	[8 out of 144] test cases in the current suite
Test Method:		[unitTests.tests_browserActions.getCurrentWindowTitle]
###############################################################################################################################################



################################################################################################################################################
Starting Execution:	[9 out of 144] test cases in the current suite
Test Method:		[unitTests.tests_browserActions.getPageSource]
###############################################################################################################################################



################################################################################################################################################
Starting Execution:	[10 out of 144] test cases in the current suite
Test Method:		[unitTests.tests_browserActions.getWindowHandle]
###############################################################################################################################################



################################################################################################################################################
Starting Execution:	[11 out of 144] test cases in the current suite
Test Method:		[unitTests.tests_browserActions.getWindowPosition]
###############################################################################################################################################



################################################################################################################################################
Starting Execution:	[12 out of 144] test cases in the current suite
Test Method:		[unitTests.tests_browserActions.getWindowSize]
###############################################################################################################################################



################################################################################################################################################
Starting Execution:	[13 out of 144] test cases in the current suite
Test Method:		[unitTests.tests_browserActions.maximizeWindow]
###############################################################################################################################################



################################################################################################################################################
Starting Execution:	[14 out of 144] test cases in the current suite
Test Method:		[unitTests.tests_browserActions.navigateBack]
###############################################################################################################################################



################################################################################################################################################
Starting Execution:	[15 out of 144] test cases in the current suite
Test Method:		[unitTests.tests_browserActions.navigateForward]
###############################################################################################################################################



################################################################################################################################################
Starting Execution:	[16 out of 144] test cases in the current suite
Test Method:		[unitTests.tests_browserActions.navigateToURL]
###############################################################################################################################################



################################################################################################################################################
Starting Execution:	[17 out of 144] test cases in the current suite
Test Method:		[unitTests.tests_browserActions.navigateToURLWithRedirection]
###############################################################################################################################################



################################################################################################################################################
Starting Execution:	[18 out of 144] test cases in the current suite
Test Method:		[unitTests.tests_browserActions.refreshCurrentPage]
###############################################################################################################################################



################################################################################################################################################
Starting Execution:	[19 out of 144] test cases in the current suite
Test Method:		[unitTests.tests_browserActions.setWindowSize]
###############################################################################################################################################

[ReportManager] Successfully loaded the following test data file [src/test/resources/TestDataFiles/testSuite01/TestData.xlsx]. @30-09-2021 01:58:47.0147 AM
[ReportManager] Successfully created attachment [Test Data - Excel] @30-09-2021 01:58:47.0148 A

################################################################################################################################################
Starting Execution:	[20 out of 144] test cases in the current suite
Test Method:		[unitTests.tests_io_excelFileManager.getCellData_rowName_expectedToPass]
################################################################################################################################################
[ReportManager] testRowData. @30-09-2021 01:58:47.0168 A

################################################################################################################################################
Starting Execution:	[21 out of 144] test cases in the current suite
Test Method:		[unitTests.tests_validations_assertions.assertComparativeRelation_greaterThanOrEquals_false_equals_expectedToFail]
################################################################################################################################################
[ReportManager] Assertion [ValidateComparativeRelation] FAILED. Expected [1] and Actual [1]. Comparison Type [GREATER_THAN_OR_EQUALS]. Validation Type [NEGATIVE]. @30-09-2021 01:58:47.0176 A

################################################################################################################################################
Starting Execution:	[22 out of 144] test cases in the current suite
Test Method:		[unitTests.tests_validations_assertions.assertComparativeRelation_greaterThanOrEquals_false_equals_expectedToPass]
################################################################################################################################################
[ReportManager] Assertion [ValidateComparativeRelation] PASSED. Expected [2] and Actual [1]. Comparison Type [GREATER_THAN_OR_EQUALS]. Validation Type [NEGATIVE]. @30-09-2021 01:58:47.0182 A

################################################################################################################################################
Starting Execution:	[23 out of 144] test cases in the current suite
Test Method:		[unitTests.tests_validations_assertions.assertComparativeRelation_greaterThanOrEquals_false_greaterThan_expectedToFail]
################################################################################################################################################
[ReportManager] Assertion [ValidateComparativeRelation] FAILED. Expected [1] and Actual [2]. Comparison Type [GREATER_THAN_OR_EQUALS]. Validation Type [NEGATIVE]. @30-09-2021 01:58:47.0187 A

################################################################################################################################################
Starting Execution:	[24 out of 144] test cases in the current suite
Test Method:		[unitTests.tests_validations_assertions.assertComparativeRelation_greaterThanOrEquals_false_greaterThan_expectedToPass]
################################################################################################################################################
[ReportManager] Assertion [ValidateComparativeRelation] PASSED. Expected [2] and Actual [1]. Comparison Type [GREATER_THAN_OR_EQUALS]. Validation Type [NEGATIVE]. @30-09-2021 01:58:47.0193 A

################################################################################################################################################
Starting Execution:	[25 out of 144] test cases in the current suite
Test Method:		[unitTests.tests_validations_assertions.assertComparativeRelation_greaterThanOrEquals_true_equals_expectedToFail]
################################################################################################################################################
[ReportManager] Assertion [ValidateComparativeRelation] FAILED. Expected [1] and Actual [0]. Comparison Type [GREATER_THAN_OR_EQUALS]. Validation Type [POSITIVE]. @30-09-2021 01:58:47.0198 A

################################################################################################################################################
Starting Execution:	[26 out of 144] test cases in the current suite
Test Method:		[unitTests.tests_validations_assertions.assertComparativeRelation_greaterThanOrEquals_true_equals_expectedToPass]
################################################################################################################################################
[ReportManager] Assertion [ValidateComparativeRelation] PASSED. Expected [1] and Actual [1]. Comparison Type [GREATER_THAN_OR_EQUALS]. Validation Type [POSITIVE]. @30-09-2021 01:58:47.0204 A

################################################################################################################################################
Starting Execution:	[27 out of 144] test cases in the current suite
Test Method:		[unitTests.tests_validations_assertions.assertComparativeRelation_greaterThanOrEquals_true_greaterThan_expectedToFail]
################################################################################################################################################
[ReportManager] Assertion [ValidateComparativeRelation] FAILED. Expected [2] and Actual [1]. Comparison Type [GREATER_THAN_OR_EQUALS]. Validation Type [POSITIVE]. @30-09-2021 01:58:47.0209 A

################################################################################################################################################
Starting Execution:	[28 out of 144] test cases in the current suite
Test Method:		[unitTests.tests_validations_assertions.assertComparativeRelation_greaterThanOrEquals_true_greaterThan_expectedToPass]
################################################################################################################################################
[ReportManager] Assertion [ValidateComparativeRelation] PASSED. Expected [1] and Actual [2]. Comparison Type [GREATER_THAN_OR_EQUALS]. Validation Type [POSITIVE]. @30-09-2021 01:58:47.0215 A
[ReportManager] File Action [GetAbsolutePath] successfully performed. With the following test data [Relative Folder Path: "target/downloadedFiles/"]. @30-09-2021 01:58:47.0218 AM
[ReportManager] Attempting to run locally on: [Mac-64], [Safari], Headless Execution. @30-09-2021 01:58:47.0220 AM
[ReportManager] Successfully Opened Safari. @30-09-2021 01:58:48.0052 AM
[ReportManager] Initial window size: (800, 600) @30-09-2021 01:58:48.0104 AM
[ReportManager] Window size after SWD Maximize: (1176, 811) @30-09-2021 01:58:48.0141 AM
[ReportManager] Browser Action [MaximizeWindow] successfully performed. With the following test data [New screen size is now: (1176, 811)]. @30-09-2021 01:58:48.0142 AM
[ReportManager] Target URL: [https://www.google.com/ncr], and after redirection: [www.google.com] @30-09-2021 01:58:48.0142 AM
[ReportManager] Initial URL: [] @30-09-2021 01:58:48.0182 AM
[ReportManager] Browser Action [NavigateToURL] successfully performed. With the following test data [https://www.google.com/ncr]. @30-09-2021 01:58:49.0630 A

################################################################################################################################################
Starting Execution:	[29 out of 144] test cases in the current suite
Test Method:		[unitTests.tests_validations_assertions.assertElementAttribute_false_caseInsensitiveComparison_expectedToFail]
################################################################################################################################################
[ReportManager] Element Action [Type] successfully performed. With the following test data [AUTOMATION]. @30-09-2021 01:58:50.0111 AM
[ReportManager] Element Action [GetText] successfully performed. With the following test data [AUTOMATION]. @30-09-2021 01:58:50.0353 AM
[ReportManager] Loaded Shared OpenCV @30-09-2021 01:58:51.0724 AM
[ReportManager] Assertion [ValidateElementAttribute] FAILED. Expected [Value Should not be 'AutomaTion' for the 'text' attribute, element locator 'By.name: q'] and Actual [AUTOMATION]. Comparison Type [CASE_INSENSITIVE]. Validation Type [NEGATIVE]. @30-09-2021 01:58:52.0028 AM
[ReportManager] Successfully created attachment [Screenshot - 1632967130592_assertElementAttribute_false_caseInsensitiveComparison_expectedToFail_ValidateElementAttribute_failed] @30-09-2021 01:58:52.0042 A
[ReportManager] Browser Action [CloseCurrentWindow] successfully performed. @30-09-2021 01:58:52.0185 AM
[ReportManager] Successfully created attachment [Browser Action Test Data - CloseCurrentWindow - Actual Value] @30-09-2021 01:58:52.0188 A
[ReportManager] File Action [GetAbsolutePath] successfully performed. With the following test data [Relative Folder Path: "target/downloadedFiles/"]. @30-09-2021 01:58:52.0195 AM
[ReportManager] Attempting to run locally on: [Mac-64], [Safari], Headless Execution. @30-09-2021 01:58:52.0196 AM
[ReportManager] Successfully Opened Safari. @30-09-2021 01:58:53.0142 AM
[ReportManager] Initial window size: (800, 600) @30-09-2021 01:58:53.0227 AM
[ReportManager] Window size after SWD Maximize: (1176, 811) @30-09-2021 01:58:53.0304 AM
[ReportManager] Browser Action [MaximizeWindow] successfully performed. With the following test data [New screen size is now: (1176, 811)]. @30-09-2021 01:58:53.0305 AM
[ReportManager] Target URL: [https://www.google.com/ncr], and after redirection: [www.google.com] @30-09-2021 01:58:53.0305 AM
[ReportManager] Initial URL: [] @30-09-2021 01:58:53.0345 AM
[ReportManager] Browser Action [NavigateToURL] successfully performed. With the following test data [https://www.google.com/ncr]. @30-09-2021 01:58:54.0786 A

################################################################################################################################################
Starting Execution:	[30 out of 144] test cases in the current suite
Test Method:		[unitTests.tests_validations_assertions.assertElementAttribute_false_caseInsensitiveComparison_expectedToPass]
################################################################################################################################################
[ReportManager] Element Action [Type] successfully performed. With the following test data [AUTOMATION]. @30-09-2021 01:58:55.0448 AM
[ReportManager] Element Action [GetText] successfully performed. With the following test data [AUTOMATION]. @30-09-2021 01:58:55.0522 AM
[ReportManager] Loaded Shared OpenCV @30-09-2021 01:58:55.0675 AM
[ReportManager] Assertion [ValidateElementAttribute] PASSED. Expected [Value Should not be 'AutomaTion123' for the 'text' attribute, element locator 'By.name: q'] and Actual [AUTOMATION]. Comparison Type [CASE_INSENSITIVE]. Validation Type [NEGATIVE]. @30-09-2021 01:58:55.0852 AM
[ReportManager] Successfully created attachment [Screenshot - 1632967135674_assertElementAttribute_false_caseInsensitiveComparison_expectedToPass_ValidateElementAttribute_passed] @30-09-2021 01:58:55.0855 A
[ReportManager] Browser Action [CloseCurrentWindow] successfully performed. @30-09-2021 01:58:55.0915 AM
[ReportManager] Successfully created attachment [Browser Action Test Data - CloseCurrentWindow - Actual Value] @30-09-2021 01:58:55.0927 A
[ReportManager] File Action [GetAbsolutePath] successfully performed. With the following test data [Relative Folder Path: "target/downloadedFiles/"]. @30-09-2021 01:58:55.0933 AM
[ReportManager] Attempting to run locally on: [Mac-64], [Safari], Headless Execution. @30-09-2021 01:58:55.0933 AM
[ReportManager] Successfully Opened Safari. @30-09-2021 01:58:56.0842 AM
[ReportManager] Initial window size: (800, 600) @30-09-2021 01:58:56.0875 AM
[ReportManager] Window size after SWD Maximize: (1176, 811) @30-09-2021 01:58:56.0952 AM
[ReportManager] Browser Action [MaximizeWindow] successfully performed. With the following test data [New screen size is now: (1176, 811)]. @30-09-2021 01:58:56.0953 AM
[ReportManager] Target URL: [https://www.google.com/ncr], and after redirection: [www.google.com] @30-09-2021 01:58:56.0953 AM
[ReportManager] Initial URL: [] @30-09-2021 01:58:56.0995 AM
[ReportManager] Browser Action [NavigateToURL] successfully performed. With the following test data [https://www.google.com/ncr]. @30-09-2021 01:58:58.0425 A

################################################################################################################################################
Starting Execution:	[31 out of 144] test cases in the current suite
Test Method:		[unitTests.tests_validations_assertions.assertElementAttribute_false_containsComparison_expectedToFail]
################################################################################################################################################
[ReportManager] Element Action [Type] successfully performed. With the following test data [Automation123]. @30-09-2021 01:58:58.0992 AM
[ReportManager] Element Action [GetText] successfully performed. With the following test data [Automation123]. @30-09-2021 01:58:59.0055 AM
[ReportManager] Loaded Shared OpenCV @30-09-2021 01:58:59.0341 AM
[ReportManager] Assertion [ValidateElementAttribute] FAILED. Expected [Value Should not be 'Automation' for the 'text' attribute, element locator 'By.name: q'] and Actual [Automation123]. Comparison Type [CONTAINS]. Validation Type [NEGATIVE]. @30-09-2021 01:58:59.0489 AM
[ReportManager] Successfully created attachment [Screenshot - 1632967139340_assertElementAttribute_false_containsComparison_expectedToFail_ValidateElementAttribute_failed] @30-09-2021 01:58:59.0491 A
[ReportManager] Browser Action [CloseCurrentWindow] successfully performed. @30-09-2021 01:58:59.0544 AM
[ReportManager] Successfully created attachment [Browser Action Test Data - CloseCurrentWindow - Actual Value] @30-09-2021 01:58:59.0546 A
[ReportManager] File Action [GetAbsolutePath] successfully performed. With the following test data [Relative Folder Path: "target/downloadedFiles/"]. @30-09-2021 01:58:59.0569 AM
[ReportManager] Attempting to run locally on: [Mac-64], [Safari], Headless Execution. @30-09-2021 01:58:59.0569 AM
[ReportManager] Successfully Opened Safari. @30-09-2021 01:59:00.0325 AM
[ReportManager] Initial window size: (800, 600) @30-09-2021 01:59:00.0455 AM
[ReportManager] Window size after SWD Maximize: (1176, 811) @30-09-2021 01:59:00.0521 AM
[ReportManager] Browser Action [MaximizeWindow] successfully performed. With the following test data [New screen size is now: (1176, 811)]. @30-09-2021 01:59:00.0522 AM
[ReportManager] Target URL: [https://www.google.com/ncr], and after redirection: [www.google.com] @30-09-2021 01:59:00.0522 AM
[ReportManager] Initial URL: [] @30-09-2021 01:59:00.0606 AM
[ReportManager] Browser Action [NavigateToURL] successfully performed. With the following test data [https://www.google.com/ncr]. @30-09-2021 01:59:02.0198 A

################################################################################################################################################
Starting Execution:	[32 out of 144] test cases in the current suite
Test Method:		[unitTests.tests_validations_assertions.assertElementAttribute_false_containsComparison_expectedToPass]
################################################################################################################################################
[ReportManager] Element Action [Type] successfully performed. With the following test data [Automation123]. @30-09-2021 01:59:02.0821 AM
[ReportManager] Element Action [GetText] successfully performed. With the following test data [Automation123]. @30-09-2021 01:59:02.0912 AM
[ReportManager] Loaded Shared OpenCV @30-09-2021 01:59:03.0009 AM
[ReportManager] Assertion [ValidateElementAttribute] PASSED. Expected [Value Should not be 'Automation1234' for the 'text' attribute, element locator 'By.name: q'] and Actual [Automation123]. Comparison Type [CONTAINS]. Validation Type [NEGATIVE]. @30-09-2021 01:59:03.0150 AM
[ReportManager] Successfully created attachment [Screenshot - 1632967143009_assertElementAttribute_false_containsComparison_expectedToPass_ValidateElementAttribute_passed] @30-09-2021 01:59:03.0151 A
[ReportManager] Browser Action [CloseCurrentWindow] successfully performed. @30-09-2021 01:59:03.0344 AM
[ReportManager] Successfully created attachment [Browser Action Test Data - CloseCurrentWindow - Actual Value] @30-09-2021 01:59:03.0349 A
[ReportManager] File Action [GetAbsolutePath] successfully performed. With the following test data [Relative Folder Path: "target/downloadedFiles/"]. @30-09-2021 01:59:03.0365 AM
[ReportManager] Attempting to run locally on: [Mac-64], [Safari], Headless Execution. @30-09-2021 01:59:03.0365 AM
[ReportManager] Successfully Opened Safari. @30-09-2021 01:59:04.0196 AM
[ReportManager] Initial window size: (800, 600) @30-09-2021 01:59:04.0327 AM
[ReportManager] Window size after SWD Maximize: (1176, 811) @30-09-2021 01:59:04.0363 AM
[ReportManager] Browser Action [MaximizeWindow] successfully performed. With the following test data [New screen size is now: (1176, 811)]. @30-09-2021 01:59:04.0364 AM
[ReportManager] Target URL: [https://www.google.com/ncr], and after redirection: [www.google.com] @30-09-2021 01:59:04.0364 AM
[ReportManager] Initial URL: [] @30-09-2021 01:59:04.0407 AM
[ReportManager] Browser Action [NavigateToURL] successfully performed. With the following test data [https://www.google.com/ncr]. @30-09-2021 01:59:06.0055 A

################################################################################################################################################
Starting Execution:	[33 out of 144] test cases in the current suite
Test Method:		[unitTests.tests_validations_assertions.assertElementAttribute_false_literalComparison_expectedToFail]
################################################################################################################################################
[ReportManager] Element Action [Type] successfully performed. With the following test data [Automation!@#$%^&*()_+{}[]\';/.,]. @30-09-2021 01:59:07.0095 AM
[ReportManager] Element Action [GetText] successfully performed. With the following test data [Automation!@#$%^&*()_+{}[]\';/.,]. @30-09-2021 01:59:07.0152 AM
[ReportManager] Loaded Shared OpenCV @30-09-2021 01:59:07.0220 AM
[ReportManager] Assertion [ValidateElementAttribute] PASSED. Expected [Value Should not be 'Automation!@#$%^&*()_+{}[]\\';/.,' for the 'text' attribute, element locator 'By.name: q'] and Actual [Automation!@#$%^&*()_+{}[]\';/.,]. Comparison Type [EQUALS]. Validation Type [NEGATIVE]. @30-09-2021 01:59:07.0315 AM
[ReportManager] Successfully created attachment [Screenshot - 1632967147219_assertElementAttribute_false_literalComparison_expectedToFail_ValidateElementAttribute_passed] @30-09-2021 01:59:07.0317 A
[ReportManager] Browser Action [CloseCurrentWindow] successfully performed. @30-09-2021 01:59:07.0458 AM
[ReportManager] Successfully created attachment [Browser Action Test Data - CloseCurrentWindow - Actual Value] @30-09-2021 01:59:07.0458 A
[ReportManager] File Action [GetAbsolutePath] successfully performed. With the following test data [Relative Folder Path: "target/downloadedFiles/"]. @30-09-2021 01:59:07.0462 AM
[ReportManager] Attempting to run locally on: [Mac-64], [Safari], Headless Execution. @30-09-2021 01:59:07.0462 AM
[ReportManager] Successfully Opened Safari. @30-09-2021 01:59:08.0258 AM
[ReportManager] Initial window size: (800, 600) @30-09-2021 01:59:08.0317 AM
[ReportManager] Window size after SWD Maximize: (1176, 811) @30-09-2021 01:59:08.0333 AM
[ReportManager] Browser Action [MaximizeWindow] successfully performed. With the following test data [New screen size is now: (1176, 811)]. @30-09-2021 01:59:08.0334 AM
[ReportManager] Target URL: [https://www.google.com/ncr], and after redirection: [www.google.com] @30-09-2021 01:59:08.0334 AM
[ReportManager] Initial URL: [] @30-09-2021 01:59:08.0438 AM
[ReportManager] Browser Action [NavigateToURL] successfully performed. With the following test data [https://www.google.com/ncr]. @30-09-2021 01:59:09.0713 A

################################################################################################################################################
Starting Execution:	[34 out of 144] test cases in the current suite
Test Method:		[unitTests.tests_validations_assertions.assertElementAttribute_false_literalComparison_expectedToPass]
################################################################################################################################################
[ReportManager] Element Action [Type] successfully performed. With the following test data [Automation!@#$%^&*()_+{}[]\';/.,]. @30-09-2021 01:59:10.0925 AM
[ReportManager] Element Action [GetText] successfully performed. With the following test data [Automation!@#$%^&*()_+{}[]\';/.,]. @30-09-2021 01:59:11.0067 AM
[ReportManager] Loaded Shared OpenCV @30-09-2021 01:59:11.0159 AM
[ReportManager] Assertion [ValidateElementAttribute] PASSED. Expected [Value Should not be 'Automation' for the 'text' attribute, element locator 'By.name: q'] and Actual [Automation!@#$%^&*()_+{}[]\';/.,]. Comparison Type [EQUALS]. Validation Type [NEGATIVE]. @30-09-2021 01:59:11.0256 AM
[ReportManager] Successfully created attachment [Screenshot - 1632967151159_assertElementAttribute_false_literalComparison_expectedToPass_ValidateElementAttribute_passed] @30-09-2021 01:59:11.0258 A
[ReportManager] Browser Action [CloseCurrentWindow] successfully performed. @30-09-2021 01:59:11.0391 AM
[ReportManager] Successfully created attachment [Browser Action Test Data - CloseCurrentWindow - Actual Value] @30-09-2021 01:59:11.0392 A
[ReportManager] File Action [GetAbsolutePath] successfully performed. With the following test data [Relative Folder Path: "target/downloadedFiles/"]. @30-09-2021 01:59:11.0396 AM
[ReportManager] Attempting to run locally on: [Mac-64], [Safari], Headless Execution. @30-09-2021 01:59:11.0397 AM
[ReportManager] Successfully Opened Safari. @30-09-2021 01:59:12.0527 AM
[ReportManager] Initial window size: (800, 600) @30-09-2021 01:59:12.0546 AM
[ReportManager] Window size after SWD Maximize: (1176, 811) @30-09-2021 01:59:12.0562 AM
[ReportManager] Browser Action [MaximizeWindow] successfully performed. With the following test data [New screen size is now: (1176, 811)]. @30-09-2021 01:59:12.0562 AM
[ReportManager] Target URL: [https://www.google.com/ncr], and after redirection: [www.google.com] @30-09-2021 01:59:12.0563 AM
[ReportManager] Initial URL: [] @30-09-2021 01:59:12.0608 AM
[ReportManager] Browser Action [NavigateToURL] successfully performed. With the following test data [https://www.google.com/ncr]. @30-09-2021 01:59:13.0951 A

################################################################################################################################################
Starting Execution:	[35 out of 144] test cases in the current suite
Test Method:		[unitTests.tests_validations_assertions.assertElementAttribute_false_regexComparison_expectedToFail]
################################################################################################################################################
[ReportManager] Element Action [Type] successfully performed. With the following test data [Automation123]. @30-09-2021 01:59:14.0567 AM
[ReportManager] Element Action [GetText] successfully performed. With the following test data [Automation123]. @30-09-2021 01:59:14.0866 AM
[ReportManager] Loaded Shared OpenCV @30-09-2021 01:59:14.0981 AM
[ReportManager] Assertion [ValidateElementAttribute] FAILED. Expected [Value Should not be 'Automation.*' for the 'text' attribute, element locator 'By.name: q'] and Actual [Automation123]. Comparison Type [MATCHES]. Validation Type [NEGATIVE]. @30-09-2021 01:59:15.0074 AM
[ReportManager] Successfully created attachment [Screenshot - 1632967154981_assertElementAttribute_false_regexComparison_expectedToFail_ValidateElementAttribute_failed] @30-09-2021 01:59:15.0075 A
[ReportManager] Browser Action [CloseCurrentWindow] successfully performed. @30-09-2021 01:59:15.0144 AM
[ReportManager] Successfully created attachment [Browser Action Test Data - CloseCurrentWindow - Actual Value] @30-09-2021 01:59:15.0145 A
[ReportManager] File Action [GetAbsolutePath] successfully performed. With the following test data [Relative Folder Path: "target/downloadedFiles/"]. @30-09-2021 01:59:15.0149 AM
[ReportManager] Attempting to run locally on: [Mac-64], [Safari], Headless Execution. @30-09-2021 01:59:15.0150 AM
[ReportManager] Successfully Opened Safari. @30-09-2021 01:59:15.0970 AM
[ReportManager] Initial window size: (800, 600) @30-09-2021 01:59:15.0984 AM
[ReportManager] Window size after SWD Maximize: (1176, 811) @30-09-2021 01:59:16.0016 AM
[ReportManager] Browser Action [MaximizeWindow] successfully performed. With the following test data [New screen size is now: (1176, 811)]. @30-09-2021 01:59:16.0017 AM
[ReportManager] Target URL: [https://www.google.com/ncr], and after redirection: [www.google.com] @30-09-2021 01:59:16.0017 AM
[ReportManager] Initial URL: [] @30-09-2021 01:59:16.0073 AM
[ReportManager] Browser Action [NavigateToURL] successfully performed. With the following test data [https://www.google.com/ncr]. @30-09-2021 01:59:17.0162 A

################################################################################################################################################
Starting Execution:	[36 out of 144] test cases in the current suite
Test Method:		[unitTests.tests_validations_assertions.assertElementAttribute_false_regexComparison_expectedToPass]
################################################################################################################################################
[ReportManager] Element Action [Type] successfully performed. With the following test data [Automation123]. @30-09-2021 01:59:17.0664 AM
[ReportManager] Element Action [GetText] successfully performed. With the following test data [Automation123]. @30-09-2021 01:59:17.0723 AM
[ReportManager] Loaded Shared OpenCV @30-09-2021 01:59:17.0790 AM
[ReportManager] Assertion [ValidateElementAttribute] PASSED. Expected [Value Should not be 'Automation' for the 'text' attribute, element locator 'By.name: q'] and Actual [Automation123]. Comparison Type [MATCHES]. Validation Type [NEGATIVE]. @30-09-2021 01:59:17.0959 AM
[ReportManager] Successfully created attachment [Screenshot - 1632967157790_assertElementAttribute_false_regexComparison_expectedToPass_ValidateElementAttribute_passed] @30-09-2021 01:59:17.0961 A
[ReportManager] Browser Action [CloseCurrentWindow] successfully performed. @30-09-2021 01:59:18.0018 AM
[ReportManager] Successfully created attachment [Browser Action Test Data - CloseCurrentWindow - Actual Value] @30-09-2021 01:59:18.0019 A
[ReportManager] File Action [GetAbsolutePath] successfully performed. With the following test data [Relative Folder Path: "target/downloadedFiles/"]. @30-09-2021 01:59:18.0026 AM
[ReportManager] Attempting to run locally on: [Mac-64], [Safari], Headless Execution. @30-09-2021 01:59:18.0026 AM
[ReportManager] Successfully Opened Safari. @30-09-2021 01:59:18.0978 AM
[ReportManager] Initial window size: (800, 600) @30-09-2021 01:59:18.0996 AM
[ReportManager] Window size after SWD Maximize: (1176, 811) @30-09-2021 01:59:19.0013 AM
[ReportManager] Browser Action [MaximizeWindow] successfully performed. With the following test data [New screen size is now: (1176, 811)]. @30-09-2021 01:59:19.0014 AM
[ReportManager] Target URL: [https://www.google.com/ncr], and after redirection: [www.google.com] @30-09-2021 01:59:19.0014 AM
[ReportManager] Initial URL: [] @30-09-2021 01:59:19.0076 AM
[ReportManager] Browser Action [NavigateToURL] successfully performed. With the following test data [https://www.google.com/ncr]. @30-09-2021 01:59:20.0588 A

################################################################################################################################################
Starting Execution:	[37 out of 144] test cases in the current suite
Test Method:		[unitTests.tests_validations_assertions.assertElementAttribute_true_caseInsensitiveComparison_expectedToFail]
################################################################################################################################################
[ReportManager] Element Action [Type] successfully performed. With the following test data [AUTOMATION]. @30-09-2021 01:59:21.0372 AM
[ReportManager] Element Action [GetText] successfully performed. With the following test data [AUTOMATION]. @30-09-2021 01:59:21.0668 AM
[ReportManager] Loaded Shared OpenCV @30-09-2021 01:59:21.0751 AM
[ReportManager] Assertion [ValidateElementAttribute] FAILED. Expected [Value Should be 'AutomaTion123' for the 'text' attribute, element locator 'By.name: q'] and Actual [AUTOMATION]. Comparison Type [CASE_INSENSITIVE]. Validation Type [POSITIVE]. @30-09-2021 01:59:21.0851 AM
[ReportManager] Successfully created attachment [Screenshot - 1632967161751_assertElementAttribute_true_caseInsensitiveComparison_expectedToFail_ValidateElementAttribute_failed] @30-09-2021 01:59:21.0852 A
[ReportManager] Browser Action [CloseCurrentWindow] successfully performed. @30-09-2021 01:59:22.0009 AM
[ReportManager] Successfully created attachment [Browser Action Test Data - CloseCurrentWindow - Actual Value] @30-09-2021 01:59:22.0010 A
[ReportManager] File Action [GetAbsolutePath] successfully performed. With the following test data [Relative Folder Path: "target/downloadedFiles/"]. @30-09-2021 01:59:22.0014 AM
[ReportManager] Attempting to run locally on: [Mac-64], [Safari], Headless Execution. @30-09-2021 01:59:22.0015 AM
[ReportManager] Successfully Opened Safari. @30-09-2021 01:59:22.0869 AM
[ReportManager] Initial window size: (800, 600) @30-09-2021 01:59:22.0957 AM
[ReportManager] Window size after SWD Maximize: (1176, 811) @30-09-2021 01:59:22.0990 AM
[ReportManager] Browser Action [MaximizeWindow] successfully performed. With the following test data [New screen size is now: (1176, 811)]. @30-09-2021 01:59:22.0991 AM
[ReportManager] Target URL: [https://www.google.com/ncr], and after redirection: [www.google.com] @30-09-2021 01:59:22.0991 AM
[ReportManager] Initial URL: [] @30-09-2021 01:59:23.0046 AM
[ReportManager] Browser Action [NavigateToURL] successfully performed. With the following test data [https://www.google.com/ncr]. @30-09-2021 01:59:24.0139 A

################################################################################################################################################
Starting Execution:	[38 out of 144] test cases in the current suite
Test Method:		[unitTests.tests_validations_assertions.assertElementAttribute_true_caseInsensitiveComparison_expectedToPass]
################################################################################################################################################
[ReportManager] Element Action [Type] successfully performed. With the following test data [AUTOMATION]. @30-09-2021 01:59:24.0528 AM
[ReportManager] Element Action [GetText] successfully performed. With the following test data [AUTOMATION]. @30-09-2021 01:59:24.0752 AM
[ReportManager] Loaded Shared OpenCV @30-09-2021 01:59:24.0828 AM
[ReportManager] Assertion [ValidateElementAttribute] PASSED. Expected [Value Should be 'AutomaTion' for the 'text' attribute, element locator 'By.name: q'] and Actual [AUTOMATION]. Comparison Type [CASE_INSENSITIVE]. Validation Type [POSITIVE]. @30-09-2021 01:59:24.0935 AM
[ReportManager] Successfully created attachment [Screenshot - 1632967164828_assertElementAttribute_true_caseInsensitiveComparison_expectedToPass_ValidateElementAttribute_passed] @30-09-2021 01:59:24.0936 A
[ReportManager] Browser Action [CloseCurrentWindow] successfully performed. @30-09-2021 01:59:25.0059 AM
[ReportManager] Successfully created attachment [Browser Action Test Data - CloseCurrentWindow - Actual Value] @30-09-2021 01:59:25.0063 A
[ReportManager] File Action [GetAbsolutePath] successfully performed. With the following test data [Relative Folder Path: "target/downloadedFiles/"]. @30-09-2021 01:59:25.0080 AM
[ReportManager] Attempting to run locally on: [Mac-64], [Safari], Headless Execution. @30-09-2021 01:59:25.0080 AM
[ReportManager] Successfully Opened Safari. @30-09-2021 01:59:26.0131 AM
[ReportManager] Initial window size: (800, 600) @30-09-2021 01:59:26.0149 AM
[ReportManager] Window size after SWD Maximize: (1176, 811) @30-09-2021 01:59:26.0164 AM
[ReportManager] Browser Action [MaximizeWindow] successfully performed. With the following test data [New screen size is now: (1176, 811)]. @30-09-2021 01:59:26.0165 AM
[ReportManager] Target URL: [https://www.google.com/ncr], and after redirection: [www.google.com] @30-09-2021 01:59:26.0165 AM
[ReportManager] Initial URL: [] @30-09-2021 01:59:26.0208 AM
[ReportManager] Browser Action [NavigateToURL] successfully performed. With the following test data [https://www.google.com/ncr]. @30-09-2021 01:59:27.0758 A

################################################################################################################################################
Starting Execution:	[39 out of 144] test cases in the current suite
Test Method:		[unitTests.tests_validations_assertions.assertElementAttribute_true_containsComparison_expectedToFail]
################################################################################################################################################
[ReportManager] Element Action [Type] successfully performed. With the following test data [Automation123]. @30-09-2021 01:59:28.0734 AM
[ReportManager] Element Action [GetText] successfully performed. With the following test data [Automation123]. @30-09-2021 01:59:28.0828 AM
[ReportManager] Loaded Shared OpenCV @30-09-2021 01:59:28.0893 AM
[ReportManager] Assertion [ValidateElementAttribute] FAILED. Expected [Value Should be 'Automation1234' for the 'text' attribute, element locator 'By.name: q'] and Actual [Automation123]. Comparison Type [CONTAINS]. Validation Type [POSITIVE]. @30-09-2021 01:59:29.0079 AM
[ReportManager] Successfully created attachment [Screenshot - 1632967168893_assertElementAttribute_true_containsComparison_expectedToFail_ValidateElementAttribute_failed] @30-09-2021 01:59:29.0080 A
[ReportManager] Browser Action [CloseCurrentWindow] successfully performed. @30-09-2021 01:59:29.0370 AM
[ReportManager] Successfully created attachment [Browser Action Test Data - CloseCurrentWindow - Actual Value] @30-09-2021 01:59:29.0371 A
[ReportManager] File Action [GetAbsolutePath] successfully performed. With the following test data [Relative Folder Path: "target/downloadedFiles/"]. @30-09-2021 01:59:29.0375 AM
[ReportManager] Attempting to run locally on: [Mac-64], [Safari], Headless Execution. @30-09-2021 01:59:29.0375 AM
[ReportManager] Successfully Opened Safari. @30-09-2021 01:59:30.0261 AM
[ReportManager] Initial window size: (800, 600) @30-09-2021 01:59:30.0273 AM
[ReportManager] Window size after SWD Maximize: (1176, 811) @30-09-2021 01:59:30.0285 AM
[ReportManager] Browser Action [MaximizeWindow] successfully performed. With the following test data [New screen size is now: (1176, 811)]. @30-09-2021 01:59:30.0285 AM
[ReportManager] Target URL: [https://www.google.com/ncr], and after redirection: [www.google.com] @30-09-2021 01:59:30.0285 AM
[ReportManager] Initial URL: [] @30-09-2021 01:59:30.0338 AM
[ReportManager] Browser Action [NavigateToURL] successfully performed. With the following test data [https://www.google.com/ncr]. @30-09-2021 01:59:31.0614 A

################################################################################################################################################
Starting Execution:	[40 out of 144] test cases in the current suite
Test Method:		[unitTests.tests_validations_assertions.assertElementAttribute_true_containsComparison_expectedToPass]
################################################################################################################################################
[ReportManager] Element Action [Type] successfully performed. With the following test data [Automation123]. @30-09-2021 01:59:32.0118 AM
[ReportManager] Element Action [GetText] successfully performed. With the following test data [Automation123]. @30-09-2021 01:59:32.0169 AM
[ReportManager] Loaded Shared OpenCV @30-09-2021 01:59:32.0231 AM
[ReportManager] Assertion [ValidateElementAttribute] PASSED. Expected [Value Should be 'Automation' for the 'text' attribute, element locator 'By.name: q'] and Actual [Automation123]. Comparison Type [CONTAINS]. Validation Type [POSITIVE]. @30-09-2021 01:59:32.0345 AM
[ReportManager] Successfully created attachment [Screenshot - 1632967172231_assertElementAttribute_true_containsComparison_expectedToPass_ValidateElementAttribute_passed] @30-09-2021 01:59:32.0347 A
[ReportManager] Browser Action [CloseCurrentWindow] successfully performed. @30-09-2021 01:59:32.0533 AM
[ReportManager] Successfully created attachment [Browser Action Test Data - CloseCurrentWindow - Actual Value] @30-09-2021 01:59:32.0534 A
[ReportManager] File Action [GetAbsolutePath] successfully performed. With the following test data [Relative Folder Path: "target/downloadedFiles/"]. @30-09-2021 01:59:32.0537 AM
[ReportManager] Attempting to run locally on: [Mac-64], [Safari], Headless Execution. @30-09-2021 01:59:32.0537 AM
[ReportManager] Successfully Opened Safari. @30-09-2021 01:59:33.0315 AM
[ReportManager] Initial window size: (800, 600) @30-09-2021 01:59:33.0345 AM
[ReportManager] Window size after SWD Maximize: (1176, 811) @30-09-2021 01:59:33.0371 AM
[ReportManager] Browser Action [MaximizeWindow] successfully performed. With the following test data [New screen size is now: (1176, 811)]. @30-09-2021 01:59:33.0371 AM
[ReportManager] Target URL: [https://www.google.com/ncr], and after redirection: [www.google.com] @30-09-2021 01:59:33.0371 AM
[ReportManager] Initial URL: [] @30-09-2021 01:59:33.0549 AM
[ReportManager] Browser Action [NavigateToURL] successfully performed. With the following test data [https://www.google.com/ncr]. @30-09-2021 01:59:35.0150 A

################################################################################################################################################
Starting Execution:	[41 out of 144] test cases in the current suite
Test Method:		[unitTests.tests_validations_assertions.assertElementAttribute_true_literalComparison_expectedToFail]
################################################################################################################################################
[ReportManager] Element Action [Type] successfully performed. With the following test data [Automation!@#$%^&*()_+{}[]\';/.,]. @30-09-2021 01:59:36.0089 AM
[ReportManager] Element Action [GetText] successfully performed. With the following test data [Automation!@#$%^&*()_+{}[]\';/.,]. @30-09-2021 01:59:36.0148 AM
[ReportManager] Loaded Shared OpenCV @30-09-2021 01:59:36.0225 AM
[ReportManager] Assertion [ValidateElementAttribute] FAILED. Expected [Value Should be 'Automation' for the 'text' attribute, element locator 'By.name: q'] and Actual [Automation!@#$%^&*()_+{}[]\';/.,]. Comparison Type [EQUALS]. Validation Type [POSITIVE]. @30-09-2021 01:59:36.0329 AM
[ReportManager] Successfully created attachment [Screenshot - 1632967176225_assertElementAttribute_true_literalComparison_expectedToFail_ValidateElementAttribute_failed] @30-09-2021 01:59:36.0330 A
[ReportManager] Browser Action [CloseCurrentWindow] successfully performed. @30-09-2021 01:59:36.0394 AM
[ReportManager] Successfully created attachment [Browser Action Test Data - CloseCurrentWindow - Actual Value] @30-09-2021 01:59:36.0395 A
[ReportManager] File Action [GetAbsolutePath] successfully performed. With the following test data [Relative Folder Path: "target/downloadedFiles/"]. @30-09-2021 01:59:36.0413 AM
[ReportManager] Attempting to run locally on: [Mac-64], [Safari], Headless Execution. @30-09-2021 01:59:36.0413 AM
[ReportManager] Successfully Opened Safari. @30-09-2021 01:59:37.0265 AM
[ReportManager] Initial window size: (800, 600) @30-09-2021 01:59:37.0277 AM
[ReportManager] Window size after SWD Maximize: (1176, 811) @30-09-2021 01:59:37.0303 AM
[ReportManager] Browser Action [MaximizeWindow] successfully performed. With the following test data [New screen size is now: (1176, 811)]. @30-09-2021 01:59:37.0303 AM
[ReportManager] Target URL: [https://www.google.com/ncr], and after redirection: [www.google.com] @30-09-2021 01:59:37.0303 AM
[ReportManager] Initial URL: [] @30-09-2021 01:59:37.0362 AM
[ReportManager] Browser Action [NavigateToURL] successfully performed. With the following test data [https://www.google.com/ncr]. @30-09-2021 01:59:38.0959 A

################################################################################################################################################
Starting Execution:	[42 out of 144] test cases in the current suite
Test Method:		[unitTests.tests_validations_assertions.assertElementAttribute_true_literalComparison_expectedToPass]
################################################################################################################################################
[ReportManager] Element Action [Type] successfully performed. With the following test data [Automation!@#$%^&*()_+{}[]\';/.,]. @30-09-2021 01:59:40.0219 AM
[ReportManager] Element Action [GetText] successfully performed. With the following test data [Automation!@#$%^&*()_+{}[]\';/.,]. @30-09-2021 01:59:40.0281 AM
[ReportManager] Loaded Shared OpenCV @30-09-2021 01:59:40.0355 AM
[ReportManager] Assertion [ValidateElementAttribute] PASSED. Expected [Value Should be 'Automation!@#$%^&*()_+{}[]\';/.,' for the 'text' attribute, element locator 'By.name: q'] and Actual [Automation!@#$%^&*()_+{}[]\';/.,]. Comparison Type [EQUALS]. Validation Type [POSITIVE]. @30-09-2021 01:59:40.0454 AM
[ReportManager] Successfully created attachment [Screenshot - 1632967180355_assertElementAttribute_true_literalComparison_expectedToPass_ValidateElementAttribute_passed] @30-09-2021 01:59:40.0456 A
[ReportManager] Browser Action [CloseCurrentWindow] successfully performed. @30-09-2021 01:59:40.0721 AM
[ReportManager] Successfully created attachment [Browser Action Test Data - CloseCurrentWindow - Actual Value] @30-09-2021 01:59:40.0722 A
[ReportManager] File Action [GetAbsolutePath] successfully performed. With the following test data [Relative Folder Path: "target/downloadedFiles/"]. @30-09-2021 01:59:40.0725 AM
[ReportManager] Attempting to run locally on: [Mac-64], [Safari], Headless Execution. @30-09-2021 01:59:40.0725 AM
[ReportManager] Successfully Opened Safari. @30-09-2021 01:59:41.0675 AM
[ReportManager] Initial window size: (800, 600) @30-09-2021 01:59:41.0707 AM
[ReportManager] Window size after SWD Maximize: (1176, 811) @30-09-2021 01:59:41.0731 AM
[ReportManager] Browser Action [MaximizeWindow] successfully performed. With the following test data [New screen size is now: (1176, 811)]. @30-09-2021 01:59:41.0732 AM
[ReportManager] Target URL: [https://www.google.com/ncr], and after redirection: [www.google.com] @30-09-2021 01:59:41.0732 AM
[ReportManager] Initial URL: [] @30-09-2021 01:59:41.0779 AM
[ReportManager] Browser Action [NavigateToURL] successfully performed. With the following test data [https://www.google.com/ncr]. @30-09-2021 01:59:43.0418 A

################################################################################################################################################
Starting Execution:	[43 out of 144] test cases in the current suite
Test Method:		[unitTests.tests_validations_assertions.assertElementAttribute_true_regexComparison_expectedToFail]
################################################################################################################################################
[ReportManager] Element Action [Type] successfully performed. With the following test data [Automation123]. @30-09-2021 01:59:44.0376 AM
[ReportManager] Element Action [GetText] successfully performed. With the following test data [Automation123]. @30-09-2021 01:59:44.0454 AM
[ReportManager] Loaded Shared OpenCV @30-09-2021 01:59:44.0554 AM
[ReportManager] Assertion [ValidateElementAttribute] FAILED. Expected [Value Should be 'Automation' for the 'text' attribute, element locator 'By.name: q'] and Actual [Automation123]. Comparison Type [MATCHES]. Validation Type [POSITIVE]. @30-09-2021 01:59:44.0677 AM
[ReportManager] Successfully created attachment [Screenshot - 1632967184554_assertElementAttribute_true_regexComparison_expectedToFail_ValidateElementAttribute_failed] @30-09-2021 01:59:44.0678 A
[ReportManager] Browser Action [CloseCurrentWindow] successfully performed. @30-09-2021 01:59:44.0791 AM
[ReportManager] Successfully created attachment [Browser Action Test Data - CloseCurrentWindow - Actual Value] @30-09-2021 01:59:44.0792 A
[ReportManager] File Action [GetAbsolutePath] successfully performed. With the following test data [Relative Folder Path: "target/downloadedFiles/"]. @30-09-2021 01:59:44.0809 AM
[ReportManager] Attempting to run locally on: [Mac-64], [Safari], Headless Execution. @30-09-2021 01:59:44.0810 AM
[ReportManager] Successfully Opened Safari. @30-09-2021 01:59:45.0702 AM
[ReportManager] Initial window size: (800, 600) @30-09-2021 01:59:45.0723 AM
[ReportManager] Window size after SWD Maximize: (1176, 811) @30-09-2021 01:59:45.0762 AM
[ReportManager] Browser Action [MaximizeWindow] successfully performed. With the following test data [New screen size is now: (1176, 811)]. @30-09-2021 01:59:45.0762 AM
[ReportManager] Target URL: [https://www.google.com/ncr], and after redirection: [www.google.com] @30-09-2021 01:59:45.0762 AM
[ReportManager] Initial URL: [] @30-09-2021 01:59:45.0838 AM
[ReportManager] Browser Action [NavigateToURL] successfully performed. With the following test data [https://www.google.com/ncr]. @30-09-2021 01:59:46.0917 A

################################################################################################################################################
Starting Execution:	[44 out of 144] test cases in the current suite
Test Method:		[unitTests.tests_validations_assertions.assertElementAttribute_true_regexComparison_expectedToPass]
################################################################################################################################################
[ReportManager] Element Action [Type] successfully performed. With the following test data [Automation123]. @30-09-2021 01:59:47.0790 AM
[ReportManager] Element Action [GetText] successfully performed. With the following test data [Automation123]. @30-09-2021 01:59:47.0874 AM
[ReportManager] Loaded Shared OpenCV @30-09-2021 01:59:47.0986 AM
[ReportManager] Assertion [ValidateElementAttribute] PASSED. Expected [Value Should be 'Automation.*' for the 'text' attribute, element locator 'By.name: q'] and Actual [Automation123]. Comparison Type [MATCHES]. Validation Type [POSITIVE]. @30-09-2021 01:59:48.0081 AM
[ReportManager] Successfully created attachment [Screenshot - 1632967187986_assertElementAttribute_true_regexComparison_expectedToPass_ValidateElementAttribute_passed] @30-09-2021 01:59:48.0084 A
[ReportManager] Browser Action [CloseCurrentWindow] successfully performed. @30-09-2021 01:59:48.0135 AM
[ReportManager] Successfully created attachment [Browser Action Test Data - CloseCurrentWindow - Actual Value] @30-09-2021 01:59:48.0136 A
[ReportManager] File Action [GetAbsolutePath] successfully performed. With the following test data [Relative Folder Path: "target/downloadedFiles/"]. @30-09-2021 01:59:48.0145 AM
[ReportManager] Attempting to run locally on: [Mac-64], [Safari], Headless Execution. @30-09-2021 01:59:48.0145 AM
[ReportManager] Successfully Opened Safari. @30-09-2021 01:59:48.0960 AM
[ReportManager] Initial window size: (800, 600) @30-09-2021 01:59:48.0983 AM
[ReportManager] Window size after SWD Maximize: (1176, 811) @30-09-2021 01:59:48.0998 AM
[ReportManager] Browser Action [MaximizeWindow] successfully performed. With the following test data [New screen size is now: (1176, 811)]. @30-09-2021 01:59:48.0999 AM
[ReportManager] Target URL: [https://www.google.com/ncr], and after redirection: [www.google.com] @30-09-2021 01:59:48.0999 AM
[ReportManager] Initial URL: [] @30-09-2021 01:59:49.0042 AM
[ReportManager] Browser Action [NavigateToURL] successfully performed. With the following test data [https://www.google.com/ncr]. @30-09-2021 01:59:50.0280 A

################################################################################################################################################
Starting Execution:	[45 out of 144] test cases in the current suite
Test Method:		[unitTests.tests_validations_assertions.assertElementAttribute_type_true_literalComparison_expectedToPass]
################################################################################################################################################
[ReportManager] Element Action [Type] successfully performed. With the following test data [Automation!@#$%^&*()_+{}[]\';/.,]. @30-09-2021 01:59:51.0697 AM
[ReportManager] Element Action [GetText] successfully performed. With the following test data [Automation!@#$%^&*()_+{}[]\';/.,]. @30-09-2021 01:59:51.0792 AM
[ReportManager] Loaded Shared OpenCV @30-09-2021 01:59:51.0894 AM
[ReportManager] Assertion [ValidateElementAttribute] PASSED. Expected [Value Should be 'Automation!@#$%^&*()_+{}[]\';/.,' for the 'text' attribute, element locator 'By.name: q'] and Actual [Automation!@#$%^&*()_+{}[]\';/.,]. Comparison Type [EQUALS]. Validation Type [POSITIVE]. @30-09-2021 01:59:51.0993 AM
[ReportManager] Successfully created attachment [Screenshot - 1632967191894_assertElementAttribute_type_true_literalComparison_expectedToPass_ValidateElementAttribute_passed] @30-09-2021 01:59:51.0995 A
[ReportManager] Browser Action [CloseCurrentWindow] successfully performed. @30-09-2021 01:59:52.0084 AM
[ReportManager] Successfully created attachment [Browser Action Test Data - CloseCurrentWindow - Actual Value] @30-09-2021 01:59:52.0085 A
[ReportManager] File Action [GetAbsolutePath] successfully performed. With the following test data [Relative Folder Path: "target/downloadedFiles/"]. @30-09-2021 01:59:52.0097 AM
[ReportManager] Attempting to run locally on: [Mac-64], [Safari], Headless Execution. @30-09-2021 01:59:52.0098 AM
[ReportManager] Successfully Opened Safari. @30-09-2021 01:59:53.0112 AM
[ReportManager] Initial window size: (800, 600) @30-09-2021 01:59:53.0128 AM
[ReportManager] Window size after SWD Maximize: (1176, 811) @30-09-2021 01:59:53.0141 AM
[ReportManager] Browser Action [MaximizeWindow] successfully performed. With the following test data [New screen size is now: (1176, 811)]. @30-09-2021 01:59:53.0141 AM
[ReportManager] Target URL: [https://www.google.com/ncr], and after redirection: [www.google.com] @30-09-2021 01:59:53.0141 AM
[ReportManager] Initial URL: [] @30-09-2021 01:59:53.0237 AM
[ReportManager] Browser Action [NavigateToURL] successfully performed. With the following test data [https://www.google.com/ncr]. @30-09-2021 01:59:54.0447 A

################################################################################################################################################
Starting Execution:	[46 out of 144] test cases in the current suite
Test Method:		[unitTests.tests_validations_assertions.assertElementExists_false_expectedToFail]
################################################################################################################################################
[ReportManager] Assertion [ValidateElementExists] PASSED. Expected [Element Should not Exist, locator 'By.id: hplogo'] and Actual [Element Doesn't Exists]. Comparison Type [EQUALS]. Validation Type [NEGATIVE]. @30-09-2021 02:00:05.0413 AM
[ReportManager] Successfully created attachment [Screenshot - 1632967205341_assertElementExists_false_expectedToFail_ValidateElementExists_passed] @30-09-2021 02:00:05.0414 A
[ReportManager] Browser Action [CloseCurrentWindow] successfully performed. @30-09-2021 02:00:05.0701 AM
[ReportManager] Successfully created attachment [Browser Action Test Data - CloseCurrentWindow - Actual Value] @30-09-2021 02:00:05.0702 A
[ReportManager] File Action [GetAbsolutePath] successfully performed. With the following test data [Relative Folder Path: "target/downloadedFiles/"]. @30-09-2021 02:00:05.0705 AM
[ReportManager] Attempting to run locally on: [Mac-64], [Safari], Headless Execution. @30-09-2021 02:00:05.0705 AM
[ReportManager] Successfully Opened Safari. @30-09-2021 02:00:06.0477 AM
[ReportManager] Initial window size: (800, 600) @30-09-2021 02:00:06.0487 AM
[ReportManager] Window size after SWD Maximize: (1176, 811) @30-09-2021 02:00:06.0502 AM
[ReportManager] Browser Action [MaximizeWindow] successfully performed. With the following test data [New screen size is now: (1176, 811)]. @30-09-2021 02:00:06.0502 AM
[ReportManager] Target URL: [https://www.google.com/ncr], and after redirection: [www.google.com] @30-09-2021 02:00:06.0502 AM
[ReportManager] Initial URL: [] @30-09-2021 02:00:06.0543 AM
[ReportManager] Browser Action [NavigateToURL] successfully performed. With the following test data [https://www.google.com/ncr]. @30-09-2021 02:00:07.0682 A

################################################################################################################################################
Starting Execution:	[47 out of 144] test cases in the current suite
Test Method:		[unitTests.tests_validations_assertions.assertElementExists_false_expectedToPass]
################################################################################################################################################
[ReportManager] Assertion [ValidateElementExists] PASSED. Expected [Element Should not Exist, locator 'By.id: fakeElement'] and Actual [Element Doesn't Exists]. Comparison Type [EQUALS]. Validation Type [NEGATIVE]. @30-09-2021 02:00:18.0451 AM
[ReportManager] Successfully created attachment [Screenshot - 1632967218375_assertElementExists_false_expectedToPass_ValidateElementExists_passed] @30-09-2021 02:00:18.0452 A
[ReportManager] Browser Action [CloseCurrentWindow] successfully performed. @30-09-2021 02:00:18.0553 AM
[ReportManager] Successfully created attachment [Browser Action Test Data - CloseCurrentWindow - Actual Value] @30-09-2021 02:00:18.0554 A
[ReportManager] File Action [GetAbsolutePath] successfully performed. With the following test data [Relative Folder Path: "target/downloadedFiles/"]. @30-09-2021 02:00:18.0557 AM
[ReportManager] Attempting to run locally on: [Mac-64], [Safari], Headless Execution. @30-09-2021 02:00:18.0558 AM
[ReportManager] Successfully Opened Safari. @30-09-2021 02:00:19.0433 AM
[ReportManager] Initial window size: (800, 600) @30-09-2021 02:00:19.0444 AM
[ReportManager] Window size after SWD Maximize: (1176, 811) @30-09-2021 02:00:19.0467 AM
[ReportManager] Browser Action [MaximizeWindow] successfully performed. With the following test data [New screen size is now: (1176, 811)]. @30-09-2021 02:00:19.0467 AM
[ReportManager] Target URL: [https://www.google.com/ncr], and after redirection: [www.google.com] @30-09-2021 02:00:19.0467 AM
[ReportManager] Initial URL: [] @30-09-2021 02:00:19.0527 AM
[ReportManager] Browser Action [NavigateToURL] successfully performed. With the following test data [https://www.google.com/ncr]. @30-09-2021 02:00:20.0581 A

################################################################################################################################################
Starting Execution:	[48 out of 144] test cases in the current suite
Test Method:		[unitTests.tests_validations_assertions.assertElementExists_false_multipleElementsFound_expectedToFail]
################################################################################################################################################
[ReportManager] Assertion [ValidateElementExists] FAILED. Expected [Element Should not Exist, locator 'By.xpath: //div'] and Actual [Element Exists but is not unique]. Comparison Type [EQUALS]. Validation Type [NEGATIVE]. @30-09-2021 02:00:21.0010 AM
[ReportManager] Successfully created attachment [Screenshot - 1632967220934_assertElementExists_false_multipleElementsFound_expectedToFail_ValidateElementExists_failed] @30-09-2021 02:00:21.0011 A
[ReportManager] Browser Action [CloseCurrentWindow] successfully performed. @30-09-2021 02:00:21.0068 AM
[ReportManager] Successfully created attachment [Browser Action Test Data - CloseCurrentWindow - Actual Value] @30-09-2021 02:00:21.0075 A
[ReportManager] File Action [GetAbsolutePath] successfully performed. With the following test data [Relative Folder Path: "target/downloadedFiles/"]. @30-09-2021 02:00:21.0080 AM
[ReportManager] Attempting to run locally on: [Mac-64], [Safari], Headless Execution. @30-09-2021 02:00:21.0081 AM
[ReportManager] Successfully Opened Safari. @30-09-2021 02:00:22.0087 AM
[ReportManager] Initial window size: (800, 600) @30-09-2021 02:00:22.0188 AM
[ReportManager] Window size after SWD Maximize: (1176, 811) @30-09-2021 02:00:22.0250 AM
[ReportManager] Browser Action [MaximizeWindow] successfully performed. With the following test data [New screen size is now: (1176, 811)]. @30-09-2021 02:00:22.0251 AM
[ReportManager] Target URL: [https://www.google.com/ncr], and after redirection: [www.google.com] @30-09-2021 02:00:22.0251 AM
[ReportManager] Initial URL: [] @30-09-2021 02:00:22.0289 AM
[ReportManager] Browser Action [NavigateToURL] successfully performed. With the following test data [https://www.google.com/ncr]. @30-09-2021 02:00:23.0893 A

################################################################################################################################################
Starting Execution:	[49 out of 144] test cases in the current suite
Test Method:		[unitTests.tests_validations_assertions.assertElementExists_true_expectedToFail]
################################################################################################################################################
[ReportManager] Assertion [ValidateElementExists] FAILED. Expected [Element Should Exist, locator 'By.id: fakeElement'] and Actual [Element Doesn't Exists]. Comparison Type [EQUALS]. Validation Type [POSITIVE]. @30-09-2021 02:00:55.0364 AM
[ReportManager] Successfully created attachment [Screenshot - 1632967255288_assertElementExists_true_expectedToFail_ValidateElementExists_failed] @30-09-2021 02:00:55.0365 A
[ReportManager] Browser Action [CloseCurrentWindow] successfully performed. @30-09-2021 02:00:55.0571 AM
[ReportManager] Successfully created attachment [Browser Action Test Data - CloseCurrentWindow - Actual Value] @30-09-2021 02:00:55.0572 A
[ReportManager] File Action [GetAbsolutePath] successfully performed. With the following test data [Relative Folder Path: "target/downloadedFiles/"]. @30-09-2021 02:00:55.0575 AM
[ReportManager] Attempting to run locally on: [Mac-64], [Safari], Headless Execution. @30-09-2021 02:00:55.0575 AM
[ReportManager] Successfully Opened Safari. @30-09-2021 02:00:56.0563 AM
[ReportManager] Initial window size: (800, 600) @30-09-2021 02:00:56.0579 AM
[ReportManager] Window size after SWD Maximize: (1176, 811) @30-09-2021 02:00:56.0596 AM
[ReportManager] Browser Action [MaximizeWindow] successfully performed. With the following test data [New screen size is now: (1176, 811)]. @30-09-2021 02:00:56.0596 AM
[ReportManager] Target URL: [https://www.google.com/ncr], and after redirection: [www.google.com] @30-09-2021 02:00:56.0596 AM
[ReportManager] Initial URL: [] @30-09-2021 02:00:56.0648 AM
[ReportManager] Browser Action [NavigateToURL] successfully performed. With the following test data [https://www.google.com/ncr]. @30-09-2021 02:00:58.0214 A

################################################################################################################################################
Starting Execution:	[50 out of 144] test cases in the current suite
Test Method:		[unitTests.tests_validations_assertions.assertElementExists_true_expectedToPass]
################################################################################################################################################
[ReportManager] Loaded Shared OpenCV @30-09-2021 02:00:58.0315 AM
[ReportManager] Assertion [ValidateElementExists] PASSED. Expected [Element Should Exist, locator 'By.xpath: //*[@id='hplogo' or @alt='Google']'] and Actual [Element Exists]. Comparison Type [EQUALS]. Validation Type [POSITIVE]. @30-09-2021 02:00:58.0478 AM
[ReportManager] Successfully created attachment [Screenshot - 1632967258315_assertElementExists_true_expectedToPass_ValidateElementExists_passed] @30-09-2021 02:00:58.0479 A
[ReportManager] Browser Action [CloseCurrentWindow] successfully performed. @30-09-2021 02:00:58.0755 AM
[ReportManager] Successfully created attachment [Browser Action Test Data - CloseCurrentWindow - Actual Value] @30-09-2021 02:00:58.0756 A
[ReportManager] File Action [GetAbsolutePath] successfully performed. With the following test data [Relative Folder Path: "target/downloadedFiles/"]. @30-09-2021 02:00:58.0759 AM
[ReportManager] Attempting to run locally on: [Mac-64], [Safari], Headless Execution. @30-09-2021 02:00:58.0759 AM
[ReportManager] Successfully Opened Safari. @30-09-2021 02:00:59.0583 AM
[ReportManager] Initial window size: (800, 600) @30-09-2021 02:00:59.0604 AM
[ReportManager] Window size after SWD Maximize: (1176, 811) @30-09-2021 02:00:59.0616 AM
[ReportManager] Browser Action [MaximizeWindow] successfully performed. With the following test data [New screen size is now: (1176, 811)]. @30-09-2021 02:00:59.0617 AM
[ReportManager] Target URL: [https://www.google.com/ncr], and after redirection: [www.google.com] @30-09-2021 02:00:59.0617 AM
[ReportManager] Initial URL: [] @30-09-2021 02:00:59.0687 AM
[ReportManager] Browser Action [NavigateToURL] successfully performed. With the following test data [https://www.google.com/ncr]. @30-09-2021 02:01:00.0987 A

################################################################################################################################################
Starting Execution:	[51 out of 144] test cases in the current suite
Test Method:		[unitTests.tests_validations_assertions.assertElementExists_true_multipleElementsFound_expectedToFail]
################################################################################################################################################
[ReportManager] Assertion [ValidateElementExists] FAILED. Expected [Element Should Exist, locator 'By.xpath: //div'] and Actual [Element Exists but is not unique]. Comparison Type [EQUALS]. Validation Type [POSITIVE]. @30-09-2021 02:01:01.0165 AM
[ReportManager] Successfully created attachment [Screenshot - 1632967261078_assertElementExists_true_multipleElementsFound_expectedToFail_ValidateElementExists_failed] @30-09-2021 02:01:01.0166 A
[ReportManager] Browser Action [CloseCurrentWindow] successfully performed. @30-09-2021 02:01:01.0248 AM
[ReportManager] Successfully created attachment [Browser Action Test Data - CloseCurrentWindow - Actual Value] @30-09-2021 02:01:01.0249 A

################################################################################################################################################
Starting Execution:	[52 out of 144] test cases in the current suite
Test Method:		[unitTests.tests_validations_assertions.assertEquals_false_expectedToFail]
################################################################################################################################################
[ReportManager] Assertion [ValidateEquals] FAILED. Expected [1] and Actual [1]. Comparison Type [EQUALS]. Validation Type [NEGATIVE]. @30-09-2021 02:01:01.0264 A

################################################################################################################################################
Starting Execution:	[53 out of 144] test cases in the current suite
Test Method:		[unitTests.tests_validations_assertions.assertEquals_false_expectedToPass]
################################################################################################################################################
[ReportManager] Assertion [ValidateEquals] PASSED. Expected [1] and Actual [2]. Comparison Type [EQUALS]. Validation Type [NEGATIVE]. @30-09-2021 02:01:01.0271 A

################################################################################################################################################
Starting Execution:	[54 out of 144] test cases in the current suite
Test Method:		[unitTests.tests_validations_assertions.assertEquals_longCharacters]
################################################################################################################################################
[ReportManager] Verification [ValidateEquals] PASSED. Expected and Actual values are attached. Comparison Type [EQUALS]. Validation Type [POSITIVE]. @30-09-2021 02:01:01.0281 AM
[ReportManager] Successfully created attachment [Validation Test Data - Expected Value] @30-09-2021 02:01:01.0281 AM
[ReportManager] Successfully created attachment [Validation Test Data - Actual Value] @30-09-2021 02:01:01.0282 AM
[ReportManager] Assertion [ValidateEquals] PASSED. Expected and Actual values are attached. Comparison Type [EQUALS]. Validation Type [POSITIVE]. @30-09-2021 02:01:01.0283 AM
[ReportManager] Successfully created attachment [Validation Test Data - Expected Value] @30-09-2021 02:01:01.0284 AM
[ReportManager] Successfully created attachment [Validation Test Data - Actual Value] @30-09-2021 02:01:01.0284 A

################################################################################################################################################
Starting Execution:	[55 out of 144] test cases in the current suite
Test Method:		[unitTests.tests_validations_assertions.assertEquals_longCharacters_Discreet]
################################################################################################################################################
[ReportManager] Assertion [ValidateEquals] PASSED. Expected [1LH5pROcDBjjQk0t0mCr0lXuzQu9lcGj28kY8R1H81X67eVAQJgWQhILiRWVPUgZ6uCtK5cnBkF55Jr9vYngjGO1Iyf0Mktv6lruDlL9T8MAUPcUZJGHZtji6nIeadujDSNmWMj5d6C8zlFqw0CRqBU0hO5adIasHgBSNoLotAjce3NGXoDwAlp3rYreeV16VIyZXROQY] and Actual [1LH5pROcDBjjQk0t0mCr0lXuzQu9lcGj28kY8R1H81X67eVAQJgWQhILiRWVPUgZ6uCtK5cnBkF55Jr9vYngjGO1Iyf0Mktv6lruDlL9T8MAUPcUZJGHZtji6nIeadujDSNmWMj5d6C8zlFqw0CRqBU0hO5adIasHgBSNoLotAjce3NGXoDwAlp3rYreeV16VIyZXROQY]. Comparison Type [EQUALS]. Validation Type [POSITIVE]. @30-09-2021 02:01:01.0288 A

################################################################################################################################################
Starting Execution:	[56 out of 144] test cases in the current suite
Test Method:		[unitTests.tests_validations_assertions.assertEquals_true_expectedToFail]
################################################################################################################################################
[ReportManager] Assertion [ValidateEquals] FAILED. Expected [1] and Actual [2]. Comparison Type [EQUALS]. Validation Type [POSITIVE]. @30-09-2021 02:01:01.0292 A

################################################################################################################################################
Starting Execution:	[57 out of 144] test cases in the current suite
Test Method:		[unitTests.tests_validations_assertions.assertEquals_true_expectedToPass]
Test Description:	[Assert that assertEquals works as expected when the two values are equal.]
################################################################################################################################################
[ReportManager] Verification [ValidateEquals] PASSED. Expected [1] and Actual [1]. Comparison Type [EQUALS]. Validation Type [POSITIVE]. @30-09-2021 02:01:01.0310 AM
[ReportManager] Assertion [ValidateEquals] PASSED. Expected [1] and Actual [1]. Comparison Type [EQUALS]. Validation Type [POSITIVE]. @30-09-2021 02:01:01.0311 A

################################################################################################################################################
Starting Execution:	[58 out of 144] test cases in the current suite
Test Method:		[unitTests.tests_validations_assertions.assertEquals_true_expectedToPass__]
################################################################################################################################################
[ReportManager] Assertion [ValidateEquals] PASSED. Expected [1] and Actual [1]. Comparison Type [EQUALS]. Validation Type [POSITIVE]. @30-09-2021 02:01:01.0316 A

################################################################################################################################################
Starting Execution:	[59 out of 144] test cases in the current suite
Test Method:		[unitTests.tests_validations_assertions.assertFileExists_false_expectedToFail]
################################################################################################################################################
[ReportManager] File Action [DoesFileExist] successfully performed. With the following test data [File Path: "src/main/java/com/shaft/gui/element/ElementActions.java"]. @30-09-2021 02:01:01.0319 AM
[ReportManager] Assertion [ValidateFileExists] FAILED. Expected [File 'src/main/java/com/shaft/gui/element/ElementActions.java' should not exist, after up to '1' retries] and Actual [File exists]. Validation Type [NEGATIVE]. @30-09-2021 02:01:01.0338 A

################################################################################################################################################
Starting Execution:	[60 out of 144] test cases in the current suite
Test Method:		[unitTests.tests_validations_assertions.assertFileExists_false_expectedToPass]
################################################################################################################################################
[ReportManager] File Action [DoesFileExist] successfully performed. With the following test data [File Path: "src/main/java/com/shaft/gui/element/ElementActions.java_fail"]. @30-09-2021 02:01:01.0843 AM
[ReportManager] Assertion [ValidateFileExists] PASSED. Expected [File 'src/main/java/com/shaft/gui/element/ElementActions.java_fail' should not exist, after up to '1' retries] and Actual [File does not exist]. Validation Type [NEGATIVE]. @30-09-2021 02:01:01.0843 A

################################################################################################################################################
Starting Execution:	[61 out of 144] test cases in the current suite
Test Method:		[unitTests.tests_validations_assertions.assertFileExists_true_expectedToFail]
################################################################################################################################################
[ReportManager] File Action [DoesFileExist] successfully performed. With the following test data [File Path: "src/main/java/com/shaft/gui/element/ElementActions.java_fail"]. @30-09-2021 02:01:02.0460 AM
[ReportManager] Assertion [ValidateFileExists] FAILED. Expected [File 'src/main/java/com/shaft/gui/element/ElementActions.java_fail' should exist, after up to '1' retries] and Actual [File does not exist]. Validation Type [POSITIVE]. @30-09-2021 02:01:02.0461 A

################################################################################################################################################
Starting Execution:	[62 out of 144] test cases in the current suite
Test Method:		[unitTests.tests_validations_assertions.assertFileExists_true_expectedToPass]
################################################################################################################################################
[ReportManager] File Action [DoesFileExist] successfully performed. With the following test data [File Path: "src/main/java/com/shaft/gui/element/ElementActions.java"]. @30-09-2021 02:01:02.0465 AM
[ReportManager] Assertion [ValidateFileExists] PASSED. Expected [File 'src/main/java/com/shaft/gui/element/ElementActions.java' should exist, after up to '1' retries] and Actual [File exists]. Validation Type [POSITIVE]. @30-09-2021 02:01:02.0465 A

################################################################################################################################################
Starting Execution:	[63 out of 144] test cases in the current suite
Test Method:		[unitTests.tests_validations_assertions.assertNull_false_expectedToFail]
################################################################################################################################################
[ReportManager] Assertion [ValidateNull] FAILED. Expected [NULL] and Actual [NULL]. Comparison Type [EQUALS]. Validation Type [NEGATIVE]. @30-09-2021 02:01:02.0468 A

################################################################################################################################################
Starting Execution:	[64 out of 144] test cases in the current suite
Test Method:		[unitTests.tests_validations_assertions.assertNull_false_expectedToPass]
################################################################################################################################################
[ReportManager] Assertion [ValidateNull] PASSED. Expected [NULL] and Actual [1]. Comparison Type [EQUALS]. Validation Type [NEGATIVE]. @30-09-2021 02:01:02.0471 A

################################################################################################################################################
Starting Execution:	[65 out of 144] test cases in the current suite
Test Method:		[unitTests.tests_validations_assertions.assertNull_true_expectedToFail]
################################################################################################################################################
[ReportManager] Assertion [ValidateNull] FAILED. Expected [NULL] and Actual [1]. Comparison Type [EQUALS]. Validation Type [POSITIVE]. @30-09-2021 02:01:02.0474 A

################################################################################################################################################
Starting Execution:	[66 out of 144] test cases in the current suite
Test Method:		[unitTests.tests_validations_assertions.assertNull_true_expectedToPass]
################################################################################################################################################
[ReportManager] Assertion [ValidateNull] PASSED. Expected [NULL] and Actual [NULL]. Comparison Type [EQUALS]. Validation Type [POSITIVE]. @30-09-2021 02:01:02.0477 A

################################################################################################################################################
Starting Execution:	[67 out of 144] test cases in the current suite
Test Method:		[unitTests.tests_restActions.getPostsAndAssertBodyForSpecificTitle]
################################################################################################################################################
[ReportManager] Response status code: [200], status line: [HTTP/1.1 200 OK] @30-09-2021 02:01:06.0028 AM
[ReportManager] Assertion Passed: Evaluating the actual response status code against the expected one... @30-09-2021 02:01:06.0028 AM
[ReportManager] Assertion [ValidateEquals] PASSED. Expected [200] and Actual [200]. Comparison Type [EQUALS]. Validation Type [POSITIVE]. @30-09-2021 02:01:06.0028 AM
[ReportManager] API Action [PerformRequest] successfully performed. With the following test data [Request Type: "GET" | Target Status Code: "200" | Service URL: "https://jsonplaceholder.typicode.com/posts" | Content Type: "*/*" | Response Time: "811ms"]. @30-09-2021 02:01:07.0590 AM
[ReportManager] Successfully created attachment [API Request - Specifications] @30-09-2021 02:01:07.0591 AM
[ReportManager] Successfully created attachment [API Response - JSON Body] @30-09-2021 02:01:08.0232 AM
[ReportManager] API Action [GetResponseJSONValueAsList] successfully performed. @30-09-2021 02:01:08.0281 AM
[ReportManager] API Action [GetResponseJSONValue] successfully performed. With the following test data [title]. @30-09-2021 02:01:08.0312 AM
[ReportManager] API Action [GetResponseJSONValue] successfully performed. With the following test data [title]. @30-09-2021 02:01:08.0332 AM
[ReportManager] API Action [GetResponseJSONValue] successfully performed. With the following test data [body]. @30-09-2021 02:01:08.0379 AM
[ReportManager] Assertion [ValidateEquals] PASSED. Expected [qui neque nisi nulla] and Actual [est rerum tempore vitae
sequi sint nihil reprehenderit dolor beatae ea dolores neque
fugiat blanditiis voluptate porro vel nihil molestiae ut reiciendis
qui aperiam non debitis possimus qui neque nisi nulla]. Comparison Type [CONTAINS]. Validation Type [POSITIVE]. @30-09-2021 02:01:08.0380 AM
[ReportManager] API Action [GetResponseJSONValue] successfully performed. With the following test data [title]. @30-09-2021 02:01:08.0406 AM
[ReportManager] API Action [GetResponseJSONValue] successfully performed. With the following test data [title]. @30-09-2021 02:01:08.0423 AM
[ReportManager] API Action [GetResponseJSONValue] successfully performed. With the following test data [title]. @30-09-2021 02:01:08.0454 AM
[ReportManager] API Action [GetResponseJSONValue] successfully performed. With the following test data [title]. @30-09-2021 02:01:08.0483 AM
[ReportManager] API Action [GetResponseJSONValue] successfully performed. With the following test data [title]. @30-09-2021 02:01:08.0504 AM
[ReportManager] API Action [GetResponseJSONValue] successfully performed. With the following test data [title]. @30-09-2021 02:01:08.0538 AM
[ReportManager] API Action [GetResponseJSONValue] successfully performed. With the following test data [title]. @30-09-2021 02:01:08.0737 AM
[ReportManager] API Action [GetResponseJSONValue] successfully performed. With the following test data [title]. @30-09-2021 02:01:08.0759 AM
[ReportManager] API Action [GetResponseJSONValue] successfully performed. With the following test data [title]. @30-09-2021 02:01:08.0775 AM
[ReportManager] API Action [GetResponseJSONValue] successfully performed. With the following test data [title]. @30-09-2021 02:01:08.0792 AM
[ReportManager] API Action [GetResponseJSONValue] successfully performed. With the following test data [title]. @30-09-2021 02:01:08.0809 AM
[ReportManager] API Action [GetResponseJSONValue] successfully performed. With the following test data [title]. @30-09-2021 02:01:08.0837 AM
[ReportManager] API Action [GetResponseJSONValue] successfully performed. With the following test data [title]. @30-09-2021 02:01:08.0851 AM
[ReportManager] API Action [GetResponseJSONValue] successfully performed. With the following test data [title]. @30-09-2021 02:01:08.0865 AM
[ReportManager] API Action [GetResponseJSONValue] successfully performed. With the following test data [title]. @30-09-2021 02:01:08.0880 AM
[ReportManager] API Action [GetResponseJSONValue] successfully performed. With the following test data [title]. @30-09-2021 02:01:08.0900 AM
[ReportManager] API Action [GetResponseJSONValue] successfully performed. With the following test data [title]. @30-09-2021 02:01:08.0933 AM
[ReportManager] API Action [GetResponseJSONValue] successfully performed. With the following test data [title]. @30-09-2021 02:01:08.0959 AM
[ReportManager] API Action [GetResponseJSONValue] successfully performed. With the following test data [title]. @30-09-2021 02:01:08.0973 AM
[ReportManager] API Action [GetResponseJSONValue] successfully performed. With the following test data [title]. @30-09-2021 02:01:08.0987 AM
[ReportManager] API Action [GetResponseJSONValue] successfully performed. With the following test data [title]. @30-09-2021 02:01:09.0012 AM
[ReportManager] API Action [GetResponseJSONValue] successfully performed. With the following test data [title]. @30-09-2021 02:01:09.0062 AM
[ReportManager] API Action [GetResponseJSONValue] successfully performed. With the following test data [title]. @30-09-2021 02:01:09.0082 AM
[ReportManager] API Action [GetResponseJSONValue] successfully performed. With the following test data [title]. @30-09-2021 02:01:09.0097 AM
[ReportManager] API Action [GetResponseJSONValue] successfully performed. With the following test data [title]. @30-09-2021 02:01:09.0111 AM
[ReportManager] API Action [GetResponseJSONValue] successfully performed. With the following test data [title]. @30-09-2021 02:01:09.0125 AM
[ReportManager] API Action [GetResponseJSONValue] successfully performed. With the following test data [title]. @30-09-2021 02:01:09.0178 AM
[ReportManager] API Action [GetResponseJSONValue] successfully performed. With the following test data [title]. @30-09-2021 02:01:09.0202 AM
[ReportManager] API Action [GetResponseJSONValue] successfully performed. With the following test data [title]. @30-09-2021 02:01:09.0214 AM
[ReportManager] API Action [GetResponseJSONValue] successfully performed. With the following test data [title]. @30-09-2021 02:01:09.0225 AM
[ReportManager] API Action [GetResponseJSONValue] successfully performed. With the following test data [title]. @30-09-2021 02:01:09.0238 AM
[ReportManager] API Action [GetResponseJSONValue] successfully performed. With the following test data [title]. @30-09-2021 02:01:09.0251 AM
[ReportManager] API Action [GetResponseJSONValue] successfully performed. With the following test data [title]. @30-09-2021 02:01:09.0269 AM
[ReportManager] API Action [GetResponseJSONValue] successfully performed. With the following test data [title]. @30-09-2021 02:01:09.0290 AM
[ReportManager] API Action [GetResponseJSONValue] successfully performed. With the following test data [title]. @30-09-2021 02:01:09.0310 AM
[ReportManager] API Action [GetResponseJSONValue] successfully performed. With the following test data [title]. @30-09-2021 02:01:09.0327 AM
[ReportManager] API Action [GetResponseJSONValue] successfully performed. With the following test data [title]. @30-09-2021 02:01:09.0358 AM
[ReportManager] API Action [GetResponseJSONValue] successfully performed. With the following test data [title]. @30-09-2021 02:01:09.0377 AM
[ReportManager] API Action [GetResponseJSONValue] successfully performed. With the following test data [title]. @30-09-2021 02:01:09.0399 AM
[ReportManager] API Action [GetResponseJSONValue] successfully performed. With the following test data [title]. @30-09-2021 02:01:09.0441 AM
[ReportManager] API Action [GetResponseJSONValue] successfully performed. With the following test data [title]. @30-09-2021 02:01:09.0476 AM
[ReportManager] API Action [GetResponseJSONValue] successfully performed. With the following test data [title]. @30-09-2021 02:01:09.0490 AM
[ReportManager] API Action [GetResponseJSONValue] successfully performed. With the following test data [title]. @30-09-2021 02:01:09.0502 AM
[ReportManager] API Action [GetResponseJSONValue] successfully performed. With the following test data [title]. @30-09-2021 02:01:09.0516 AM
[ReportManager] API Action [GetResponseJSONValue] successfully performed. With the following test data [title]. @30-09-2021 02:01:09.0528 AM
[ReportManager] API Action [GetResponseJSONValue] successfully performed. With the following test data [title]. @30-09-2021 02:01:09.0547 AM
[ReportManager] API Action [GetResponseJSONValue] successfully performed. With the following test data [title]. @30-09-2021 02:01:09.0558 AM
[ReportManager] API Action [GetResponseJSONValue] successfully performed. With the following test data [title]. @30-09-2021 02:01:09.0572 AM
[ReportManager] API Action [GetResponseJSONValue] successfully performed. With the following test data [title]. @30-09-2021 02:01:09.0585 AM
[ReportManager] API Action [GetResponseJSONValue] successfully performed. With the following test data [title]. @30-09-2021 02:01:09.0597 AM
[ReportManager] API Action [GetResponseJSONValue] successfully performed. With the following test data [title]. @30-09-2021 02:01:09.0612 AM
[ReportManager] API Action [GetResponseJSONValue] successfully performed. With the following test data [title]. @30-09-2021 02:01:09.0707 AM
[ReportManager] API Action [GetResponseJSONValue] successfully performed. With the following test data [title]. @30-09-2021 02:01:09.0750 AM
[ReportManager] API Action [GetResponseJSONValue] successfully performed. With the following test data [title]. @30-09-2021 02:01:09.0765 AM
[ReportManager] API Action [GetResponseJSONValue] successfully performed. With the following test data [title]. @30-09-2021 02:01:09.0785 AM
[ReportManager] API Action [GetResponseJSONValue] successfully performed. With the following test data [title]. @30-09-2021 02:01:09.0827 AM
[ReportManager] API Action [GetResponseJSONValue] successfully performed. With the following test data [title]. @30-09-2021 02:01:09.0839 AM
[ReportManager] API Action [GetResponseJSONValue] successfully performed. With the following test data [title]. @30-09-2021 02:01:09.0853 AM
[ReportManager] API Action [GetResponseJSONValue] successfully performed. With the following test data [title]. @30-09-2021 02:01:09.0869 AM
[ReportManager] API Action [GetResponseJSONValue] successfully performed. With the following test data [title]. @30-09-2021 02:01:09.0977 AM
[ReportManager] API Action [GetResponseJSONValue] successfully performed. With the following test data [title]. @30-09-2021 02:01:09.0997 AM
[ReportManager] API Action [GetResponseJSONValue] successfully performed. With the following test data [title]. @30-09-2021 02:01:10.0032 AM
[ReportManager] API Action [GetResponseJSONValue] successfully performed. With the following test data [title]. @30-09-2021 02:01:10.0051 AM
[ReportManager] API Action [GetResponseJSONValue] successfully performed. With the following test data [title]. @30-09-2021 02:01:10.0069 AM
[ReportManager] API Action [GetResponseJSONValue] successfully performed. With the following test data [title]. @30-09-2021 02:01:10.0092 AM
[ReportManager] API Action [GetResponseJSONValue] successfully performed. With the following test data [title]. @30-09-2021 02:01:10.0205 AM
[ReportManager] API Action [GetResponseJSONValue] successfully performed. With the following test data [title]. @30-09-2021 02:01:10.0250 AM
[ReportManager] API Action [GetResponseJSONValue] successfully performed. With the following test data [title]. @30-09-2021 02:01:10.0285 AM
[ReportManager] API Action [GetResponseJSONValue] successfully performed. With the following test data [title]. @30-09-2021 02:01:10.0310 AM
[ReportManager] API Action [GetResponseJSONValue] successfully performed. With the following test data [title]. @30-09-2021 02:01:10.0335 AM
[ReportManager] API Action [GetResponseJSONValue] successfully performed. With the following test data [title]. @30-09-2021 02:01:10.0362 AM
[ReportManager] API Action [GetResponseJSONValue] successfully performed. With the following test data [title]. @30-09-2021 02:01:10.0381 AM
[ReportManager] API Action [GetResponseJSONValue] successfully performed. With the following test data [title]. @30-09-2021 02:01:10.0411 AM
[ReportManager] API Action [GetResponseJSONValue] successfully performed. With the following test data [title]. @30-09-2021 02:01:10.0429 AM
[ReportManager] API Action [GetResponseJSONValue] successfully performed. With the following test data [title]. @30-09-2021 02:01:10.0446 AM
[ReportManager] API Action [GetResponseJSONValue] successfully performed. With the following test data [title]. @30-09-2021 02:01:10.0471 AM
[ReportManager] API Action [GetResponseJSONValue] successfully performed. With the following test data [title]. @30-09-2021 02:01:10.0515 AM
[ReportManager] API Action [GetResponseJSONValue] successfully performed. With the following test data [title]. @30-09-2021 02:01:10.0542 AM
[ReportManager] API Action [GetResponseJSONValue] successfully performed. With the following test data [title]. @30-09-2021 02:01:10.0560 AM
[ReportManager] API Action [GetResponseJSONValue] successfully performed. With the following test data [title]. @30-09-2021 02:01:10.0602 AM
[ReportManager] API Action [GetResponseJSONValue] successfully performed. With the following test data [title]. @30-09-2021 02:01:10.0631 AM
[ReportManager] API Action [GetResponseJSONValue] successfully performed. With the following test data [title]. @30-09-2021 02:01:10.0673 AM
[ReportManager] API Action [GetResponseJSONValue] successfully performed. With the following test data [title]. @30-09-2021 02:01:10.0700 AM
[ReportManager] API Action [GetResponseJSONValue] successfully performed. With the following test data [title]. @30-09-2021 02:01:10.0721 AM
[ReportManager] API Action [GetResponseJSONValue] successfully performed. With the following test data [title]. @30-09-2021 02:01:10.0771 AM
[ReportManager] API Action [GetResponseJSONValue] successfully performed. With the following test data [title]. @30-09-2021 02:01:10.0787 AM
[ReportManager] API Action [GetResponseJSONValue] successfully performed. With the following test data [title]. @30-09-2021 02:01:10.0799 AM
[ReportManager] API Action [GetResponseJSONValue] successfully performed. With the following test data [title]. @30-09-2021 02:01:10.0813 AM
[ReportManager] API Action [GetResponseJSONValue] successfully performed. With the following test data [title]. @30-09-2021 02:01:10.0825 AM
[ReportManager] API Action [GetResponseJSONValue] successfully performed. With the following test data [title]. @30-09-2021 02:01:10.0839 AM
[ReportManager] API Action [GetResponseJSONValue] successfully performed. With the following test data [title]. @30-09-2021 02:01:10.0851 AM
[ReportManager] API Action [GetResponseJSONValue] successfully performed. With the following test data [title]. @30-09-2021 02:01:10.0864 AM
[ReportManager] API Action [GetResponseJSONValue] successfully performed. With the following test data [title]. @30-09-2021 02:01:10.0877 AM
[ReportManager] API Action [GetResponseJSONValue] successfully performed. With the following test data [title]. @30-09-2021 02:01:10.0889 AM
[ReportManager] API Action [GetResponseJSONValue] successfully performed. With the following test data [title]. @30-09-2021 02:01:10.0921 AM
[ReportManager] API Action [GetResponseJSONValue] successfully performed. With the following test data [title]. @30-09-2021 02:01:10.0938 AM
[ReportManager] API Action [GetResponseJSONValue] successfully performed. With the following test data [title]. @30-09-2021 02:01:11.0006 AM
[ReportManager] API Action [GetResponseJSONValue] successfully performed. With the following test data [title]. @30-09-2021 02:01:11.0017 A

################################################################################################################################################
Starting Execution:	[68 out of 144] test cases in the current suite
Test Method:		[unitTests.tests_restActions.validateUserEmail]
################################################################################################################################################
[ReportManager] Response status code: [200], status line: [HTTP/1.1 200 OK] @30-09-2021 02:01:11.0213 AM
[ReportManager] Assertion Passed: Evaluating the actual response status code against the expected one... @30-09-2021 02:01:11.0213 AM
[ReportManager] Assertion [ValidateEquals] PASSED. Expected [200] and Actual [200]. Comparison Type [EQUALS]. Validation Type [POSITIVE]. @30-09-2021 02:01:11.0213 AM
[ReportManager] API Action [PerformRequest] successfully performed. With the following test data [Request Type: "GET" | Target Status Code: "200" | Service URL: "https://jsonplaceholder.typicode.com/users" | Content Type: "*/*" | Response Time: "182ms"]. @30-09-2021 02:01:11.0248 AM
[ReportManager] Successfully created attachment [API Request - Specifications] @30-09-2021 02:01:11.0249 AM
[ReportManager] Successfully created attachment [API Response - JSON Body] @30-09-2021 02:01:11.0250 AM
[ReportManager] Assertion [ValidateEquals] PASSED. Expected and Actual values are attached. Comparison Type [CONTAINS]. Validation Type [POSITIVE]. @30-09-2021 02:01:11.0250 AM
[ReportManager] Successfully created attachment [Validation Test Data - Expected Value] @30-09-2021 02:01:11.0251 AM
[ReportManager] Successfully created attachment [Validation Test Data - Actual Value] @30-09-2021 02:01:11.0251 AM
[ReportManager] API Action [GetResponseJSONValueAsList] successfully performed. With the following test data [$]. @30-09-2021 02:01:11.0269 AM
[ReportManager] API Action [GetResponseJSONValue] successfully performed. With the following test data [name]. @30-09-2021 02:01:11.0295 AM
[ReportManager] API Action [GetResponseJSONValue] successfully performed. With the following test data [email]. @30-09-2021 02:01:11.0313 AM
[ReportManager] Assertion [ValidateEquals] PASSED. Expected [Sincere@april.biz] and Actual [Sincere@april.biz]. Comparison Type [EQUALS]. Validation Type [POSITIVE]. @30-09-2021 02:01:11.0313 AM
[ReportManager] API Action [GetResponseJSONValue] successfully performed. With the following test data [name]. @30-09-2021 02:01:11.0496 AM
[ReportManager] API Action [GetResponseJSONValue] successfully performed. With the following test data [name]. @30-09-2021 02:01:11.0558 AM
[ReportManager] API Action [GetResponseJSONValue] successfully performed. With the following test data [name]. @30-09-2021 02:01:11.0709 AM
[ReportManager] API Action [GetResponseJSONValue] successfully performed. With the following test data [name]. @30-09-2021 02:01:11.0722 AM
[ReportManager] API Action [GetResponseJSONValue] successfully performed. With the following test data [name]. @30-09-2021 02:01:11.0734 AM
[ReportManager] API Action [GetResponseJSONValue] successfully performed. With the following test data [name]. @30-09-2021 02:01:11.0745 AM
[ReportManager] API Action [GetResponseJSONValue] successfully performed. With the following test data [name]. @30-09-2021 02:01:11.0756 AM
[ReportManager] API Action [GetResponseJSONValue] successfully performed. With the following test data [name]. @30-09-2021 02:01:11.0813 AM
[ReportManager] API Action [GetResponseJSONValue] successfully performed. With the following test data [name]. @30-09-2021 02:01:11.0839 A
[ReportManager] File Action [GetAbsolutePath] successfully performed. With the following test data [Relative Folder Path: "target/downloadedFiles/"]. @30-09-2021 02:01:11.0842 AM
[ReportManager] Attempting to run locally on: [Mac-64], [Safari], Headless Execution. @30-09-2021 02:01:11.0843 AM
[ReportManager] Successfully Opened Safari. @30-09-2021 02:01:12.0782 AM
[ReportManager] Initial window size: (800, 600) @30-09-2021 02:01:12.0885 AM
[ReportManager] Window size after SWD Maximize: (1176, 811) @30-09-2021 02:01:12.0901 AM
[ReportManager] Browser Action [MaximizeWindow] successfully performed. With the following test data [New screen size is now: (1176, 811)]. @30-09-2021 02:01:12.0901 A

################################################################################################################################################
Starting Execution:	[69 out of 144] test cases in the current suite
Test Method:		[testPackage01.Test_uploadFile.uploadFile_invisibleUploadInput]
################################################################################################################################################
[ReportManager] Target URL: [https://fineuploader.com/demos.html#gallery-view] @30-09-2021 02:01:12.0919 AM
[ReportManager] Initial URL: [] @30-09-2021 02:01:12.0994 AM
[ReportManager] Browser Action [NavigateToURL] successfully performed. With the following test data [https://fineuploader.com/demos.html#gallery-view]. @30-09-2021 02:01:14.0955 AM
[ReportManager] File Action [GetAbsolutePath] successfully performed. With the following test data [Relative File Path: "src/main/resources/images/shaft.png"]. @30-09-2021 02:01:14.0956 AM
[ReportManager] Successfully created attachment [File Action Actual Result - Command Log] @30-09-2021 02:01:14.0957 A
[ReportManager] Browser Action [CloseCurrentWindow] successfully performed. @30-09-2021 02:01:15.0513 AM
[ReportManager] Successfully created attachment [Browser Action Test Data - CloseCurrentWindow - Actual Value] @30-09-2021 02:01:15.0514 A
[ReportManager] File Action [GetAbsolutePath] successfully performed. With the following test data [Relative Folder Path: "target/downloadedFiles/"]. @30-09-2021 02:01:15.0520 AM
[ReportManager] Attempting to run locally on: [Mac-64], [Safari], Headless Execution. @30-09-2021 02:01:15.0520 AM
[ReportManager] Successfully Opened Safari. @30-09-2021 02:01:16.0612 AM
[ReportManager] Initial window size: (800, 600) @30-09-2021 02:01:16.0632 AM
[ReportManager] Window size after SWD Maximize: (1176, 811) @30-09-2021 02:01:16.0650 AM
[ReportManager] Browser Action [MaximizeWindow] successfully performed. With the following test data [New screen size is now: (1176, 811)]. @30-09-2021 02:01:16.0650 A

################################################################################################################################################
Starting Execution:	[70 out of 144] test cases in the current suite
Test Method:		[testPackage01.Test_uploadFile.uploadFile_visibleUploadInput]
################################################################################################################################################
[ReportManager] Target URL: [http://demo.guru99.com/test/upload/] @30-09-2021 02:01:16.0657 AM
[ReportManager] Initial URL: [] @30-09-2021 02:01:16.0716 AM
[ReportManager] Browser Action [NavigateToURL] successfully performed. With the following test data [http://demo.guru99.com/test/upload/]. @30-09-2021 02:01:18.0385 AM
[ReportManager] File Action [GetAbsolutePath] successfully performed. With the following test data [Relative File Path: "src/main/resources/images/shaft.png"]. @30-09-2021 02:01:18.0386 AM
[ReportManager] Successfully created attachment [File Action Actual Result - Command Log] @30-09-2021 02:01:18.0386 AM
[ReportManager] Element Action [TypeFileLocationForUpload] successfully performed. With the following test data [/Users/runner/work/SHAFT_ENGINE/SHAFT_ENGINE/src/main/resources/images/shaft.png]. @30-09-2021 02:01:18.0453 AM
[ReportManager] Element Action [Click] successfully performed. With the following test data [on]. @30-09-2021 02:01:18.0885 AM
[ReportManager] Element Action [Click] successfully performed. With the following test data [ Submit File]. @30-09-2021 02:01:21.0919 AM
[ReportManager] Element Action [GetText] successfully performed. With the following test data [1 file has been successfully uploaded.]. @30-09-2021 02:01:22.0527 AM
[ReportManager] Loaded Shared OpenCV @30-09-2021 02:01:22.0593 AM
[ReportManager] Assertion [ValidateElementAttribute] PASSED. Expected [Value Should be '1 file' for the 'Text' attribute, element locator 'By.id: res'] and Actual [1 file has been successfully uploaded.]. Comparison Type [CONTAINS]. Validation Type [POSITIVE]. @30-09-2021 02:01:22.0747 AM
[ReportManager] Successfully created attachment [Screenshot - 1632967282593_uploadFile_visibleUploadInput_ValidateElementAttribute_passed] @30-09-2021 02:01:22.0748 A
[ReportManager] Browser Action [CloseCurrentWindow] successfully performed. @30-09-2021 02:01:22.0946 AM
[ReportManager] Successfully created attachment [Browser Action Test Data - CloseCurrentWindow - Actual Value] @30-09-2021 02:01:22.0946 A

################################################################################################################################################
Starting Execution:	[71 out of 144] test cases in the current suite
Test Method:		[testPackage01.Test_AssertApiResponseEquals.assertApiResponseEquals_expectedToPass]
################################################################################################################################################
[ReportManager] Response status code: [200], status line: [HTTP/1.1 200 OK] @30-09-2021 02:01:23.0050 AM
[ReportManager] Assertion Passed: Evaluating the actual response status code against the expected one... @30-09-2021 02:01:23.0050 AM
[ReportManager] Assertion [ValidateEquals] PASSED. Expected [200] and Actual [200]. Comparison Type [EQUALS]. Validation Type [POSITIVE]. @30-09-2021 02:01:23.0050 AM
[ReportManager] API Action [PerformRequest] successfully performed. With the following test data [Request Type: "GET" | Target Status Code: "200" | Service URL: "https://jsonplaceholder.typicode.com/users" | Content Type: "*/*" | Response Time: "93ms"]. @30-09-2021 02:01:23.0078 AM
[ReportManager] Successfully created attachment [API Request - Specifications] @30-09-2021 02:01:23.0079 AM
[ReportManager] Successfully created attachment [API Response - JSON Body] @30-09-2021 02:01:23.0080 AM
[ReportManager] API Action [GetResponseJSONValueAsList] successfully performed. With the following test data [$]. @30-09-2021 02:01:23.0088 AM
[ReportManager] API Action [GetResponseJSONValue] successfully performed. With the following test data [name]. @30-09-2021 02:01:23.0102 AM
[ReportManager] API Action [GetResponseJSONValue] successfully performed. With the following test data [email]. @30-09-2021 02:01:23.0116 AM
[ReportManager] Verification [ValidateEquals] PASSED. Expected [Sincere@april.biz] and Actual [Sincere@april.biz]. Comparison Type [EQUALS]. Validation Type [POSITIVE]. @30-09-2021 02:01:23.0117 AM
[ReportManager] API Action [GetResponseJSONValue] successfully performed. With the following test data [username]. @30-09-2021 02:01:23.0131 AM
[ReportManager] Assertion [ValidateEquals] PASSED. Expected [Bret] and Actual [Bret]. Comparison Type [EQUALS]. Validation Type [POSITIVE]. @30-09-2021 02:01:23.0131 AM
[ReportManager] API Action [GetResponseJSONValue] successfully performed. With the following test data [name]. @30-09-2021 02:01:23.0144 AM
[ReportManager] API Action [GetResponseJSONValue] successfully performed. With the following test data [name]. @30-09-2021 02:01:23.0156 AM
[ReportManager] API Action [GetResponseJSONValue] successfully performed. With the following test data [name]. @30-09-2021 02:01:23.0172 AM
[ReportManager] API Action [GetResponseJSONValue] successfully performed. With the following test data [name]. @30-09-2021 02:01:23.0185 AM
[ReportManager] API Action [GetResponseJSONValue] successfully performed. With the following test data [name]. @30-09-2021 02:01:23.0199 AM
[ReportManager] API Action [GetResponseJSONValue] successfully performed. With the following test data [name]. @30-09-2021 02:01:23.0225 AM
[ReportManager] API Action [GetResponseJSONValue] successfully performed. With the following test data [name]. @30-09-2021 02:01:23.0277 AM
[ReportManager] API Action [GetResponseJSONValue] successfully performed. With the following test data [name]. @30-09-2021 02:01:23.0317 AM
[ReportManager] API Action [GetResponseJSONValue] successfully performed. With the following test data [name]. @30-09-2021 02:01:23.0361 A

################################################################################################################################################
Starting Execution:	[72 out of 144] test cases in the current suite
Test Method:		[testPackage01.Test_testData.f]
################################################################################################################################################
[ReportManager] Successfully loaded the following test data file [src/test/resources/TestDataFiles/testSuite01/TestData.xlsx]. @30-09-2021 02:01:23.0444 AM
[ReportManager] Successfully created attachment [Test Data - Excel] @30-09-2021 02:01:23.0445 AM
[ReportManager] Last Column Number is: [3]. Zero-based. @30-09-2021 02:01:23.0446 A

################################################################################################################################################
Starting Execution:	[73 out of 144] test cases in the current suite
Test Method:		[testPackage01.Test_PDF.testPDF_Downloaded]
################################################################################################################################################
[ReportManager] File Action [DoesFileExist] successfully performed. With the following test data [File Path: "src/test/resources/TestDataFiles/sample.pdf"]. @30-09-2021 02:01:23.0482 AM
[ReportManager] File Action [GetAbsolutePath] successfully performed. With the following test data [Relative File Path: "src/test/resources/TestDataFiles/sample.pdf"]. @30-09-2021 02:01:23.0482 AM
[ReportManager] Assertion [ValidateTrue] PASSED. Expected [TRUE] and Actual [TRUE]. Validation Type [POSITIVE]. @30-09-2021 02:01:28.0451 A
[ReportManager] File Action [GetAbsolutePath] successfully performed. With the following test data [Relative Folder Path: "target/downloadedFiles/"]. @30-09-2021 02:01:28.0456 AM
[ReportManager] Attempting to run locally on: [Mac-64], [Safari], Headless Execution. @30-09-2021 02:01:28.0462 AM
[ReportManager] Successfully Opened Safari. @30-09-2021 02:01:29.0667 AM
[ReportManager] Initial window size: (800, 600) @30-09-2021 02:01:29.0693 AM
[ReportManager] Window size after SWD Maximize: (1176, 811) @30-09-2021 02:01:29.0708 AM
[ReportManager] Browser Action [MaximizeWindow] successfully performed. With the following test data [New screen size is now: (1176, 811)]. @30-09-2021 02:01:29.0709 A

################################################################################################################################################
Starting Execution:	[74 out of 144] test cases in the current suite
Test Method:		[testPackage01.Test_ShadowDOM.shadowdom]
################################################################################################################################################
[ReportManager] Target URL: [https://mdn.github.io/web-components-examples/popup-info-box-web-component/] @30-09-2021 02:01:29.0713 AM
[ReportManager] Initial URL: [] @30-09-2021 02:01:29.0767 AM
[ReportManager] Browser Action [NavigateToURL] successfully performed. With the following test data [https://mdn.github.io/web-components-examples/popup-info-box-web-component/]. @30-09-2021 02:01:30.0117 AM
[ReportManager] Element Action [Type] successfully performed. With the following test data [Typing into SHADOW DOM...]. @30-09-2021 02:01:31.0095 AM
[ReportManager] Element Action [GetText] successfully performed. With the following test data [Typing into SHADOW DOM...]. @30-09-2021 02:01:31.0207 AM
[ReportManager] Loaded Shared OpenCV @30-09-2021 02:01:31.0326 AM
[ReportManager] Assertion [ValidateElementAttribute] PASSED. Expected [Value Should be 'Typing into SHADOW DOM...' for the 'Text' attribute, element locator 'By.id: cvc'] and Actual [Typing into SHADOW DOM...]. Comparison Type [EQUALS]. Validation Type [POSITIVE]. @30-09-2021 02:01:31.0492 AM
[ReportManager] Successfully created attachment [Screenshot - 1632967291326_shadowdom_ValidateElementAttribute_passed] @30-09-2021 02:01:31.0493 A
[ReportManager] Browser Action [CloseCurrentWindow] successfully performed. @30-09-2021 02:01:31.0531 AM
[ReportManager] Successfully created attachment [Browser Action Test Data - CloseCurrentWindow - Actual Value] @30-09-2021 02:01:31.0538 A
[ReportManager] File Action [GetAbsolutePath] successfully performed. With the following test data [Relative Folder Path: "target/downloadedFiles/"]. @30-09-2021 02:01:31.0551 AM
[ReportManager] Attempting to run locally on: [Mac-64], [Safari], Headless Execution. @30-09-2021 02:01:31.0552 AM
[ReportManager] Successfully Opened Safari. @30-09-2021 02:01:32.0449 AM
[ReportManager] Initial window size: (800, 600) @30-09-2021 02:01:32.0474 AM
[ReportManager] Window size after SWD Maximize: (1176, 811) @30-09-2021 02:01:32.0501 AM
[ReportManager] Browser Action [MaximizeWindow] successfully performed. With the following test data [New screen size is now: (1176, 811)]. @30-09-2021 02:01:32.0501 A

################################################################################################################################################
Starting Execution:	[75 out of 144] test cases in the current suite
Test Method:		[testPackage01.Test_clipboardActions.typeTextAndCopyPaste]
################################################################################################################################################
[ReportManager] Target URL: [https://www.google.com/ncr], and after redirection: [https://www.google.com] @30-09-2021 02:01:32.0504 AM
[ReportManager] Initial URL: [] @30-09-2021 02:01:32.0589 AM
[ReportManager] Browser Action [NavigateToURL] successfully performed. With the following test data [https://www.google.com/ncr]. @30-09-2021 02:01:34.0055 AM
[ReportManager] Element Action [Type] successfully performed. With the following test data [FIRST]. @30-09-2021 02:01:34.0400 A
[ReportManager] Browser Action [CloseCurrentWindow] successfully performed. @30-09-2021 02:01:34.0492 AM
[ReportManager] Successfully created attachment [Browser Action Test Data - CloseCurrentWindow - Actual Value] @30-09-2021 02:01:34.0493 A

################################################################################################################################################
Starting Execution:	[76 out of 144] test cases in the current suite
Test Method:		[testPackage01.Test_NewValidationHelper.f1]
################################################################################################################################################
[ReportManager] Assertion Passed: Checking valid user data @30-09-2021 02:01:34.0498 AM
[ReportManager] Successfully created attachment [Validation Test Data - Expected Value] @30-09-2021 02:01:34.0499 AM
[ReportManager] Successfully created attachment [Validation Test Data - Actual Value] @30-09-2021 02:01:34.0500 AM
[ReportManager] Assertion [ValidateEquals] PASSED. Expected and Actual values are attached. Comparison Type [EQUALS]. Validation Type [POSITIVE]. @30-09-2021 02:01:34.0501 A
[ReportManager] File Action [GetAbsolutePath] successfully performed. With the following test data [Relative Folder Path: "target/downloadedFiles/"]. @30-09-2021 02:01:34.0513 AM
[ReportManager] Attempting to run locally on: [Mac-64], [Safari], Headless Execution. @30-09-2021 02:01:34.0513 AM
[ReportManager] Successfully Opened Safari. @30-09-2021 02:01:35.0328 AM
[ReportManager] Initial window size: (800, 600) @30-09-2021 02:01:35.0345 AM
[ReportManager] Window size after SWD Maximize: (1176, 811) @30-09-2021 02:01:35.0356 AM
[ReportManager] Browser Action [MaximizeWindow] successfully performed. With the following test data [New screen size is now: (1176, 811)]. @30-09-2021 02:01:35.0357 AM
[ReportManager] Target URL: [https://the-internet.herokuapp.com/] @30-09-2021 02:01:35.0357 AM
[ReportManager] Initial URL: [] @30-09-2021 02:01:35.0410 AM
[ReportManager] Browser Action [NavigateToURL] successfully performed. With the following test data [https://the-internet.herokuapp.com/]. @30-09-2021 02:01:35.0978 A

################################################################################################################################################
Starting Execution:	[77 out of 144] test cases in the current suite
Test Method:		[testPackage01.Test_NewValidationHelper.f10]
################################################################################################################################################
[ReportManager] Assertion [ValidateElementExists] FAILED. Expected [Element Should Exist, locator 'By.tagName: div'] and Actual [Element Exists but is not unique]. Comparison Type [EQUALS]. Validation Type [POSITIVE]. @30-09-2021 02:01:36.0374 AM
[ReportManager] Successfully created attachment [Screenshot - 1632967296227_f10_ValidateElementExists_failed] @30-09-2021 02:01:36.0378 A
[ReportManager] Successfully Closed All Drivers. @30-09-2021 02:01:36.0487 A
[ReportManager] File Action [GetAbsolutePath] successfully performed. With the following test data [Relative Folder Path: "target/downloadedFiles/"]. @30-09-2021 02:01:36.0490 AM
[ReportManager] Attempting to run locally on: [Mac-64], [Safari], Headless Execution. @30-09-2021 02:01:36.0490 AM
[ReportManager] Successfully Opened Safari. @30-09-2021 02:01:37.0253 AM
[ReportManager] Initial window size: (800, 600) @30-09-2021 02:01:37.0265 AM
[ReportManager] Window size after SWD Maximize: (1176, 811) @30-09-2021 02:01:37.0299 AM
[ReportManager] Browser Action [MaximizeWindow] successfully performed. With the following test data [New screen size is now: (1176, 811)]. @30-09-2021 02:01:37.0300 AM
[ReportManager] Target URL: [https://the-internet.herokuapp.com/] @30-09-2021 02:01:37.0300 AM
[ReportManager] Initial URL: [] @30-09-2021 02:01:37.0354 AM
[ReportManager] Browser Action [NavigateToURL] successfully performed. With the following test data [https://the-internet.herokuapp.com/]. @30-09-2021 02:01:37.0944 A

################################################################################################################################################
Starting Execution:	[78 out of 144] test cases in the current suite
Test Method:		[testPackage01.Test_NewValidationHelper.f11]
################################################################################################################################################
[ReportManager] Assertion Passed: Checking that false tag doesn't exist @30-09-2021 02:01:48.0989 AM
[ReportManager] Successfully created attachment [Screenshot - 1632967308896_f11_ValidateElementExists_passed] @30-09-2021 02:01:48.0990 AM
[ReportManager] Assertion [ValidateElementExists] PASSED. Expected [Element Should not Exist, locator 'By.tagName: h3'] and Actual [Element Doesn't Exists]. Comparison Type [EQUALS]. Validation Type [NEGATIVE]. @30-09-2021 02:01:48.0990 A
[ReportManager] Successfully Closed All Drivers. @30-09-2021 02:01:49.0115 A
[ReportManager] File Action [GetAbsolutePath] successfully performed. With the following test data [Relative Folder Path: "target/downloadedFiles/"]. @30-09-2021 02:01:49.0117 AM
[ReportManager] Attempting to run locally on: [Mac-64], [Safari], Headless Execution. @30-09-2021 02:01:49.0118 AM
[ReportManager] Successfully Opened Safari. @30-09-2021 02:01:49.0898 AM
[ReportManager] Initial window size: (800, 600) @30-09-2021 02:01:49.0911 AM
[ReportManager] Window size after SWD Maximize: (1176, 811) @30-09-2021 02:01:49.0936 AM
[ReportManager] Browser Action [MaximizeWindow] successfully performed. With the following test data [New screen size is now: (1176, 811)]. @30-09-2021 02:01:49.0936 AM
[ReportManager] Target URL: [https://the-internet.herokuapp.com/] @30-09-2021 02:01:49.0936 AM
[ReportManager] Initial URL: [] @30-09-2021 02:01:50.0004 AM
[ReportManager] Browser Action [NavigateToURL] successfully performed. With the following test data [https://the-internet.herokuapp.com/]. @30-09-2021 02:01:50.0563 A

################################################################################################################################################
Starting Execution:	[79 out of 144] test cases in the current suite
Test Method:		[testPackage01.Test_NewValidationHelper.f12]
################################################################################################################################################
[ReportManager] Loaded Shared OpenCV @30-09-2021 02:01:50.0679 AM
[ReportManager] Assertion [ValidateElementExists] FAILED. Expected [Element Should not Exist, locator 'By.tagName: h1'] and Actual [Element Exists]. Comparison Type [EQUALS]. Validation Type [NEGATIVE]. @30-09-2021 02:01:50.0790 AM
[ReportManager] Successfully created attachment [Screenshot - 1632967310679_f12_ValidateElementExists_failed] @30-09-2021 02:01:50.0793 A
[ReportManager] Successfully Closed All Drivers. @30-09-2021 02:01:50.0841 A
[ReportManager] File Action [GetAbsolutePath] successfully performed. With the following test data [Relative Folder Path: "target/downloadedFiles/"]. @30-09-2021 02:01:50.0845 AM
[ReportManager] Attempting to run locally on: [Mac-64], [Safari], Headless Execution. @30-09-2021 02:01:50.0846 AM
[ReportManager] Successfully Opened Safari. @30-09-2021 02:01:51.0673 AM
[ReportManager] Initial window size: (800, 600) @30-09-2021 02:01:51.0699 AM
[ReportManager] Window size after SWD Maximize: (1176, 811) @30-09-2021 02:01:51.0732 AM
[ReportManager] Browser Action [MaximizeWindow] successfully performed. With the following test data [New screen size is now: (1176, 811)]. @30-09-2021 02:01:51.0732 AM
[ReportManager] Target URL: [https://the-internet.herokuapp.com/] @30-09-2021 02:01:51.0732 AM
[ReportManager] Initial URL: [] @30-09-2021 02:01:51.0785 AM
[ReportManager] Browser Action [NavigateToURL] successfully performed. With the following test data [https://the-internet.herokuapp.com/]. @30-09-2021 02:01:52.0309 A

################################################################################################################################################
Starting Execution:	[80 out of 144] test cases in the current suite
Test Method:		[testPackage01.Test_NewValidationHelper.f13]
################################################################################################################################################
[ReportManager] Assertion [ValidateElementExists] FAILED. Expected [Element Should not Exist, locator 'By.tagName: div'] and Actual [Element Exists but is not unique]. Comparison Type [EQUALS]. Validation Type [NEGATIVE]. @30-09-2021 02:01:52.0521 AM
[ReportManager] Successfully created attachment [Screenshot - 1632967312428_f13_ValidateElementExists_failed] @30-09-2021 02:01:52.0522 A
[ReportManager] Successfully Closed All Drivers. @30-09-2021 02:01:52.0625 A
[ReportManager] File Action [GetAbsolutePath] successfully performed. With the following test data [Relative Folder Path: "target/downloadedFiles/"]. @30-09-2021 02:01:52.0628 AM
[ReportManager] Attempting to run locally on: [Mac-64], [Safari], Headless Execution. @30-09-2021 02:01:52.0628 AM
[ReportManager] Successfully Opened Safari. @30-09-2021 02:01:53.0433 AM
[ReportManager] Initial window size: (800, 600) @30-09-2021 02:01:53.0464 AM
[ReportManager] Window size after SWD Maximize: (1176, 811) @30-09-2021 02:01:53.0480 AM
[ReportManager] Browser Action [MaximizeWindow] successfully performed. With the following test data [New screen size is now: (1176, 811)]. @30-09-2021 02:01:53.0480 AM
[ReportManager] Target URL: [https://the-internet.herokuapp.com/] @30-09-2021 02:01:53.0480 AM
[ReportManager] Initial URL: [] @30-09-2021 02:01:53.0535 AM
[ReportManager] Browser Action [NavigateToURL] successfully performed. With the following test data [https://the-internet.herokuapp.com/]. @30-09-2021 02:01:54.0124 A

################################################################################################################################################
Starting Execution:	[81 out of 144] test cases in the current suite
Test Method:		[testPackage01.Test_NewValidationHelper.f14]
################################################################################################################################################
[ReportManager] Element Action [GetText] successfully performed. With the following test data [Welcome to the-internet]. @30-09-2021 02:01:54.0167 AM
[ReportManager] Loaded Shared OpenCV @30-09-2021 02:01:54.0244 AM
[ReportManager] Assertion Passed: Asserting that the header text is correct @30-09-2021 02:01:54.0385 AM
[ReportManager] Successfully created attachment [Screenshot - 1632967314243_f14_ValidateElementAttribute_passed] @30-09-2021 02:01:54.0387 AM
[ReportManager] Assertion [ValidateElementAttribute] PASSED. Expected [Value Should be 'Welcome to the-internet' for the 'text' attribute, element locator 'By.tagName: h1'] and Actual [Welcome to the-internet]. Comparison Type [EQUALS]. Validation Type [POSITIVE]. @30-09-2021 02:01:54.0387 A
[ReportManager] Successfully Closed All Drivers. @30-09-2021 02:01:54.0493 A
[ReportManager] File Action [GetAbsolutePath] successfully performed. With the following test data [Relative Folder Path: "target/downloadedFiles/"]. @30-09-2021 02:01:54.0496 AM
[ReportManager] Attempting to run locally on: [Mac-64], [Safari], Headless Execution. @30-09-2021 02:01:54.0496 AM
[ReportManager] Successfully Opened Safari. @30-09-2021 02:01:55.0229 AM
[ReportManager] Initial window size: (800, 600) @30-09-2021 02:01:55.0252 AM
[ReportManager] Window size after SWD Maximize: (1176, 811) @30-09-2021 02:01:55.0268 AM
[ReportManager] Browser Action [MaximizeWindow] successfully performed. With the following test data [New screen size is now: (1176, 811)]. @30-09-2021 02:01:55.0268 AM
[ReportManager] Target URL: [https://the-internet.herokuapp.com/] @30-09-2021 02:01:55.0268 AM
[ReportManager] Initial URL: [] @30-09-2021 02:01:55.0319 AM
[ReportManager] Browser Action [NavigateToURL] successfully performed. With the following test data [https://the-internet.herokuapp.com/]. @30-09-2021 02:01:55.0821 A

################################################################################################################################################
Starting Execution:	[82 out of 144] test cases in the current suite
Test Method:		[testPackage01.Test_NewValidationHelper.f15]
################################################################################################################################################
[ReportManager] Element Action [GetText] successfully performed. With the following test data [Welcome to the-internet]. @30-09-2021 02:01:55.0869 AM
[ReportManager] Loaded Shared OpenCV @30-09-2021 02:01:55.0950 AM
[ReportManager] Assertion [ValidateElementAttribute] FAILED. Expected [Value Should not be 'Welcome' for the 'text' attribute, element locator 'By.tagName: h1'] and Actual [Welcome to the-internet]. Comparison Type [CONTAINS]. Validation Type [NEGATIVE]. @30-09-2021 02:01:56.0049 AM
[ReportManager] Successfully created attachment [Screenshot - 1632967315950_f15_ValidateElementAttribute_failed] @30-09-2021 02:01:56.0050 A
[ReportManager] Successfully Closed All Drivers. @30-09-2021 02:01:56.0157 A
[ReportManager] File Action [GetAbsolutePath] successfully performed. With the following test data [Relative Folder Path: "target/downloadedFiles/"]. @30-09-2021 02:01:56.0160 AM
[ReportManager] Attempting to run locally on: [Mac-64], [Safari], Headless Execution. @30-09-2021 02:01:56.0160 AM
[ReportManager] Successfully Opened Safari. @30-09-2021 02:01:56.0954 AM
[ReportManager] Initial window size: (800, 600) @30-09-2021 02:01:56.0966 AM
[ReportManager] Window size after SWD Maximize: (1176, 811) @30-09-2021 02:01:56.0988 AM
[ReportManager] Browser Action [MaximizeWindow] successfully performed. With the following test data [New screen size is now: (1176, 811)]. @30-09-2021 02:01:56.0988 AM
[ReportManager] Target URL: [https://the-internet.herokuapp.com/] @30-09-2021 02:01:56.0989 AM
[ReportManager] Initial URL: [] @30-09-2021 02:01:57.0048 AM
[ReportManager] Browser Action [NavigateToURL] successfully performed. With the following test data [https://the-internet.herokuapp.com/]. @30-09-2021 02:01:57.0619 A

################################################################################################################################################
Starting Execution:	[83 out of 144] test cases in the current suite
Test Method:		[testPackage01.Test_NewValidationHelper.f16]
################################################################################################################################################
[ReportManager] Element Action [IdentifyUniqueElement] failed. With the following test data [zero elements found matching this locator "By.tagName: h3".]. @30-09-2021 02:02:23.0234 AM
[ReportManager] Successfully created attachment [Screenshot - 1632967343153_f16_IdentifyUniqueElement_failed] @30-09-2021 02:02:23.0235 AM
[ReportManager] Assertion [ValidateElementAttribute] FAILED. Expected [Value Should not be 'Welcome' for the 'text' attribute, element locator 'By.tagName: h3'] and Actual [Failed to read the desired element attribute]. Comparison Type [CONTAINS]. Validation Type [NEGATIVE]. @30-09-2021 02:02:23.0236 A
[ReportManager] Successfully Closed All Drivers. @30-09-2021 02:02:23.0344 A
[ReportManager] File Action [GetAbsolutePath] successfully performed. With the following test data [Relative Folder Path: "target/downloadedFiles/"]. @30-09-2021 02:02:23.0346 AM
[ReportManager] Attempting to run locally on: [Mac-64], [Safari], Headless Execution. @30-09-2021 02:02:23.0347 AM
[ReportManager] Successfully Opened Safari. @30-09-2021 02:02:24.0176 AM
[ReportManager] Initial window size: (800, 600) @30-09-2021 02:02:24.0196 AM
[ReportManager] Window size after SWD Maximize: (1176, 811) @30-09-2021 02:02:24.0208 AM
[ReportManager] Browser Action [MaximizeWindow] successfully performed. With the following test data [New screen size is now: (1176, 811)]. @30-09-2021 02:02:24.0208 AM
[ReportManager] Target URL: [https://the-internet.herokuapp.com/] @30-09-2021 02:02:24.0208 AM
[ReportManager] Initial URL: [] @30-09-2021 02:02:24.0272 AM
[ReportManager] Browser Action [NavigateToURL] successfully performed. With the following test data [https://the-internet.herokuapp.com/]. @30-09-2021 02:02:24.0868 A

################################################################################################################################################
Starting Execution:	[84 out of 144] test cases in the current suite
Test Method:		[testPackage01.Test_NewValidationHelper.f17]
################################################################################################################################################
[ReportManager] Attempting to getAttribute [text2] from elementLocator [By.tagName: h1]. @30-09-2021 02:02:25.0071 AM
[ReportManager] Element Action [GetAttribute] successfully performed. @30-09-2021 02:02:25.0111 AM
[ReportManager] Loaded Shared OpenCV @30-09-2021 02:02:25.0180 AM
[ReportManager] Assertion [ValidateElementAttribute] PASSED. Expected [Value Should not be 'Welcome' for the 'text2' attribute, element locator 'By.tagName: h1'] and Actual [null]. Comparison Type [CONTAINS]. Validation Type [NEGATIVE]. @30-09-2021 02:02:25.0279 AM
[ReportManager] Successfully created attachment [Screenshot - 1632967345180_f17_ValidateElementAttribute_passed] @30-09-2021 02:02:25.0280 A
[ReportManager] Successfully Closed All Drivers. @30-09-2021 02:02:25.0525 A
[ReportManager] File Action [GetAbsolutePath] successfully performed. With the following test data [Relative Folder Path: "target/downloadedFiles/"]. @30-09-2021 02:02:25.0527 AM
[ReportManager] Attempting to run locally on: [Mac-64], [Safari], Headless Execution. @30-09-2021 02:02:25.0528 AM
[ReportManager] Successfully Opened Safari. @30-09-2021 02:02:26.0344 AM
[ReportManager] Initial window size: (800, 600) @30-09-2021 02:02:26.0368 AM
[ReportManager] Window size after SWD Maximize: (1176, 811) @30-09-2021 02:02:26.0380 AM
[ReportManager] Browser Action [MaximizeWindow] successfully performed. With the following test data [New screen size is now: (1176, 811)]. @30-09-2021 02:02:26.0381 AM
[ReportManager] Target URL: [https://the-internet.herokuapp.com/] @30-09-2021 02:02:26.0381 AM
[ReportManager] Initial URL: [] @30-09-2021 02:02:26.0448 AM
[ReportManager] Browser Action [NavigateToURL] successfully performed. With the following test data [https://the-internet.herokuapp.com/]. @30-09-2021 02:02:26.0961 A

################################################################################################################################################
Starting Execution:	[85 out of 144] test cases in the current suite
Test Method:		[testPackage01.Test_NewValidationHelper.f18]
################################################################################################################################################
[ReportManager] Element Action [GetText] successfully performed. With the following test data [Welcome to the-internet]. @30-09-2021 02:02:27.0007 AM
[ReportManager] Loaded Shared OpenCV @30-09-2021 02:02:27.0081 AM
[ReportManager] Assertion [ValidateElementAttribute] PASSED. Expected [Value Should not be 'no' for the 'text' attribute, element locator 'By.tagName: h1'] and Actual [Welcome to the-internet]. Comparison Type [CONTAINS]. Validation Type [NEGATIVE]. @30-09-2021 02:02:27.0184 AM
[ReportManager] Successfully created attachment [Screenshot - 1632967347081_f18_ValidateElementAttribute_passed] @30-09-2021 02:02:27.0185 A
[ReportManager] Successfully Closed All Drivers. @30-09-2021 02:02:27.0313 A
[ReportManager] File Action [GetAbsolutePath] successfully performed. With the following test data [Relative Folder Path: "target/downloadedFiles/"]. @30-09-2021 02:02:27.0316 AM
[ReportManager] Attempting to run locally on: [Mac-64], [Safari], Headless Execution. @30-09-2021 02:02:27.0316 AM
[ReportManager] Successfully Opened Safari. @30-09-2021 02:02:28.0084 AM
[ReportManager] Initial window size: (800, 600) @30-09-2021 02:02:28.0097 AM
[ReportManager] Window size after SWD Maximize: (1176, 811) @30-09-2021 02:02:28.0135 AM
[ReportManager] Browser Action [MaximizeWindow] successfully performed. With the following test data [New screen size is now: (1176, 811)]. @30-09-2021 02:02:28.0135 AM
[ReportManager] Target URL: [https://the-internet.herokuapp.com/] @30-09-2021 02:02:28.0135 AM
[ReportManager] Initial URL: [] @30-09-2021 02:02:28.0187 AM
[ReportManager] Browser Action [NavigateToURL] successfully performed. With the following test data [https://the-internet.herokuapp.com/]. @30-09-2021 02:02:28.0656 A

################################################################################################################################################
Starting Execution:	[86 out of 144] test cases in the current suite
Test Method:		[testPackage01.Test_NewValidationHelper.f19]
################################################################################################################################################
[ReportManager] Element Action [GetTagName] successfully performed. With the following test data [H1]. @30-09-2021 02:02:28.0721 AM
[ReportManager] Loaded Shared OpenCV @30-09-2021 02:02:28.0793 AM
[ReportManager] Assertion [ValidateElementAttribute] FAILED. Expected [Value Should be 'h' for the 'tagname' attribute, element locator 'By.tagName: h1'] and Actual [H1]. Comparison Type [CONTAINS]. Validation Type [POSITIVE]. @30-09-2021 02:02:28.0891 AM
[ReportManager] Successfully created attachment [Screenshot - 1632967348793_f19_ValidateElementAttribute_failed] @30-09-2021 02:02:28.0892 A
[ReportManager] Successfully Closed All Drivers. @30-09-2021 02:02:29.0018 A

################################################################################################################################################
Starting Execution:	[87 out of 144] test cases in the current suite
Test Method:		[testPackage01.Test_NewValidationHelper.f2]
################################################################################################################################################
[ReportManager] Assertion Failed: Checking valid user data @30-09-2021 02:02:29.0021 AM
[ReportManager] Assertion [ValidateEquals] FAILED. Expected [1] and Actual [2]. Comparison Type [EQUALS]. Validation Type [POSITIVE]. @30-09-2021 02:02:29.0021 A
[ReportManager] File Action [GetAbsolutePath] successfully performed. With the following test data [Relative Folder Path: "target/downloadedFiles/"]. @30-09-2021 02:02:29.0024 AM
[ReportManager] Attempting to run locally on: [Mac-64], [Safari], Headless Execution. @30-09-2021 02:02:29.0024 AM
[ReportManager] Successfully Opened Safari. @30-09-2021 02:02:29.0868 AM
[ReportManager] Initial window size: (800, 600) @30-09-2021 02:02:29.0881 AM
[ReportManager] Window size after SWD Maximize: (1176, 811) @30-09-2021 02:02:29.0905 AM
[ReportManager] Browser Action [MaximizeWindow] successfully performed. With the following test data [New screen size is now: (1176, 811)]. @30-09-2021 02:02:29.0906 AM
[ReportManager] Target URL: [https://the-internet.herokuapp.com/] @30-09-2021 02:02:29.0906 AM
[ReportManager] Initial URL: [] @30-09-2021 02:02:29.0970 AM
[ReportManager] Browser Action [NavigateToURL] successfully performed. With the following test data [https://the-internet.herokuapp.com/]. @30-09-2021 02:02:30.0526 A

################################################################################################################################################
Starting Execution:	[88 out of 144] test cases in the current suite
Test Method:		[testPackage01.Test_NewValidationHelper.f20]
################################################################################################################################################
[ReportManager] Element Action [GetSize] successfully performed. With the following test data [(971, 62)]. @30-09-2021 02:02:30.0576 AM
[ReportManager] Loaded Shared OpenCV @30-09-2021 02:02:30.0644 AM
[ReportManager] Assertion [ValidateElementAttribute] PASSED. Expected [Value Should not be 'a' for the 'size' attribute, element locator 'By.tagName: h1'] and Actual [(971, 62)]. Comparison Type [CONTAINS]. Validation Type [NEGATIVE]. @30-09-2021 02:02:30.0746 AM
[ReportManager] Successfully created attachment [Screenshot - 1632967350644_f20_ValidateElementAttribute_passed] @30-09-2021 02:02:30.0748 A
[ReportManager] Successfully Closed All Drivers. @30-09-2021 02:02:30.0867 A
[ReportManager] File Action [GetAbsolutePath] successfully performed. With the following test data [Relative Folder Path: "target/downloadedFiles/"]. @30-09-2021 02:02:30.0869 AM
[ReportManager] Attempting to run locally on: [Mac-64], [Safari], Headless Execution. @30-09-2021 02:02:30.0869 AM
[ReportManager] Successfully Opened Safari. @30-09-2021 02:02:31.0694 AM
[ReportManager] Initial window size: (800, 600) @30-09-2021 02:02:31.0714 AM
[ReportManager] Window size after SWD Maximize: (1176, 811) @30-09-2021 02:02:31.0729 AM
[ReportManager] Browser Action [MaximizeWindow] successfully performed. With the following test data [New screen size is now: (1176, 811)]. @30-09-2021 02:02:31.0729 AM
[ReportManager] Target URL: [https://the-internet.herokuapp.com/] @30-09-2021 02:02:31.0729 AM
[ReportManager] Initial URL: [] @30-09-2021 02:02:31.0773 AM
[ReportManager] Browser Action [NavigateToURL] successfully performed. With the following test data [https://the-internet.herokuapp.com/]. @30-09-2021 02:02:32.0304 A

################################################################################################################################################
Starting Execution:	[89 out of 144] test cases in the current suite
Test Method:		[testPackage01.Test_NewValidationHelper.f21]
################################################################################################################################################
[ReportManager] Element Action [IdentifyUniqueElement] failed. With the following test data [zero elements found matching this locator "By.tagName: h3".]. @30-09-2021 02:02:58.0305 AM
[ReportManager] Successfully created attachment [Screenshot - 1632967378224_f21_IdentifyUniqueElement_failed] @30-09-2021 02:02:58.0306 AM
[ReportManager] Assertion [ValidateElementAttribute] FAILED. Expected [Value Should be 'Welcome' for the 'text' attribute, element locator 'By.tagName: h3'] and Actual [Failed to read the desired element attribute]. Comparison Type [CONTAINS]. Validation Type [POSITIVE]. @30-09-2021 02:02:58.0307 A
[ReportManager] Successfully Closed All Drivers. @30-09-2021 02:02:58.0549 A
[ReportManager] File Action [GetAbsolutePath] successfully performed. With the following test data [Relative Folder Path: "target/downloadedFiles/"]. @30-09-2021 02:02:58.0551 AM
[ReportManager] Attempting to run locally on: [Mac-64], [Safari], Headless Execution. @30-09-2021 02:02:58.0551 AM
[ReportManager] Successfully Opened Safari. @30-09-2021 02:02:59.0365 AM
[ReportManager] Initial window size: (800, 600) @30-09-2021 02:02:59.0377 AM
[ReportManager] Window size after SWD Maximize: (1176, 811) @30-09-2021 02:02:59.0399 AM
[ReportManager] Browser Action [MaximizeWindow] successfully performed. With the following test data [New screen size is now: (1176, 811)]. @30-09-2021 02:02:59.0399 AM
[ReportManager] Target URL: [https://the-internet.herokuapp.com/] @30-09-2021 02:02:59.0399 AM
[ReportManager] Initial URL: [] @30-09-2021 02:02:59.0448 AM
[ReportManager] Browser Action [NavigateToURL] successfully performed. With the following test data [https://the-internet.herokuapp.com/]. @30-09-2021 02:03:00.0012 A

################################################################################################################################################
Starting Execution:	[90 out of 144] test cases in the current suite
Test Method:		[testPackage01.Test_NewValidationHelper.f22]
################################################################################################################################################
[ReportManager] Element Action [GetText] successfully performed. With the following test data [Welcome to the-internet]. @30-09-2021 02:03:00.0063 AM
[ReportManager] Loaded Shared OpenCV @30-09-2021 02:03:00.0136 AM
[ReportManager] Assertion [ValidateElementAttribute] FAILED. Expected [Value Should be 'yyy' for the 'text' attribute, element locator 'By.tagName: h1'] and Actual [Welcome to the-internet]. Comparison Type [CONTAINS]. Validation Type [POSITIVE]. @30-09-2021 02:03:00.0248 AM
[ReportManager] Successfully created attachment [Screenshot - 1632967380136_f22_ValidateElementAttribute_failed] @30-09-2021 02:03:00.0250 A
[ReportManager] Successfully Closed All Drivers. @30-09-2021 02:03:00.0487 A

################################################################################################################################################
Starting Execution:	[91 out of 144] test cases in the current suite
Test Method:		[testPackage01.Test_NewValidationHelper.f23]
################################################################################################################################################
[ReportManager] Assertion Passed: confirming that the actual is greater than or equal to the expected @30-09-2021 02:03:00.0490 AM
[ReportManager] Assertion [ValidateComparativeRelation] PASSED. Expected [1] and Actual [1]. Comparison Type [GREATER_THAN_OR_EQUALS]. Validation Type [POSITIVE]. @30-09-2021 02:03:00.0491 A

################################################################################################################################################
Starting Execution:	[92 out of 144] test cases in the current suite
Test Method:		[testPackage01.Test_NewValidationHelper.f24]
################################################################################################################################################
[ReportManager] Assertion [ValidateComparativeRelation] PASSED. Expected [1] and Actual [10]. Comparison Type [GREATER_THAN_OR_EQUALS]. Validation Type [POSITIVE]. @30-09-2021 02:03:00.0494 A

################################################################################################################################################
Starting Execution:	[93 out of 144] test cases in the current suite
Test Method:		[testPackage01.Test_NewValidationHelper.f25]
################################################################################################################################################
[ReportManager] Assertion [ValidateComparativeRelation] PASSED. Expected [1] and Actual [1]. Comparison Type [EQUALS]. Validation Type [POSITIVE]. @30-09-2021 02:03:00.0498 A

################################################################################################################################################
Starting Execution:	[94 out of 144] test cases in the current suite
Test Method:		[testPackage01.Test_NewValidationHelper.f26]
################################################################################################################################################
[ReportManager] Assertion [ValidateComparativeRelation] PASSED. Expected [1] and Actual [5]. Comparison Type [GREATER_THAN]. Validation Type [POSITIVE]. @30-09-2021 02:03:00.0501 A

################################################################################################################################################
Starting Execution:	[95 out of 144] test cases in the current suite
Test Method:		[testPackage01.Test_NewValidationHelper.f27]
################################################################################################################################################
[ReportManager] Assertion [ValidateComparativeRelation] PASSED. Expected [11] and Actual [5]. Comparison Type [LESS_THAN]. Validation Type [POSITIVE]. @30-09-2021 02:03:00.0505 A

################################################################################################################################################
Starting Execution:	[96 out of 144] test cases in the current suite
Test Method:		[testPackage01.Test_NewValidationHelper.f28]
################################################################################################################################################
[ReportManager] Assertion [ValidateComparativeRelation] PASSED. Expected [11] and Actual [5]. Comparison Type [LESS_THAN_OR_EQUALS]. Validation Type [POSITIVE]. @30-09-2021 02:03:00.0508 A

################################################################################################################################################
Starting Execution:	[97 out of 144] test cases in the current suite
Test Method:		[testPackage01.Test_NewValidationHelper.f29]
################################################################################################################################################
[ReportManager] Assertion [ValidateComparativeRelation] PASSED. Expected [11] and Actual [11]. Comparison Type [LESS_THAN_OR_EQUALS]. Validation Type [POSITIVE]. @30-09-2021 02:03:00.0512 A

################################################################################################################################################
Starting Execution:	[98 out of 144] test cases in the current suite
Test Method:		[testPackage01.Test_NewValidationHelper.f3]
################################################################################################################################################
[ReportManager] Assertion [ValidateEquals] PASSED. Expected [1] and Actual [2]. Comparison Type [EQUALS]. Validation Type [NEGATIVE]. @30-09-2021 02:03:00.0516 A

################################################################################################################################################
Starting Execution:	[99 out of 144] test cases in the current suite
Test Method:		[testPackage01.Test_NewValidationHelper.f30]
################################################################################################################################################
[ReportManager] Assertion [ValidateComparativeRelation] FAILED. Expected [-9] and Actual [11]. Comparison Type [LESS_THAN_OR_EQUALS]. Validation Type [POSITIVE]. @30-09-2021 02:03:00.0519 A

################################################################################################################################################
Starting Execution:	[100 out of 144] test cases in the current suite
Test Method:		[testPackage01.Test_NewValidationHelper.f31]
################################################################################################################################################
[ReportManager] Assertion [ValidateTrue] PASSED. Expected [TRUE] and Actual [TRUE]. Validation Type [POSITIVE]. @30-09-2021 02:03:00.0523 A

################################################################################################################################################
Starting Execution:	[101 out of 144] test cases in the current suite
Test Method:		[testPackage01.Test_NewValidationHelper.f32]
################################################################################################################################################
[ReportManager] Assertion [ValidateTrue] PASSED. Expected [FALSE] and Actual [FALSE]. Validation Type [NEGATIVE]. @30-09-2021 02:03:00.0527 A

################################################################################################################################################
Starting Execution:	[102 out of 144] test cases in the current suite
Test Method:		[testPackage01.Test_NewValidationHelper.f33]
################################################################################################################################################
[ReportManager] Assertion [ValidateTrue] FAILED. Expected [FALSE] and Actual [TRUE]. Validation Type [NEGATIVE]. @30-09-2021 02:03:00.0531 A

################################################################################################################################################
Starting Execution:	[103 out of 144] test cases in the current suite
Test Method:		[testPackage01.Test_NewValidationHelper.f34]
################################################################################################################################################
[ReportManager] Assertion [ValidateTrue] FAILED. Expected [TRUE] and Actual [FALSE]. Validation Type [POSITIVE]. @30-09-2021 02:03:00.0535 A

################################################################################################################################################
Starting Execution:	[104 out of 144] test cases in the current suite
Test Method:		[testPackage01.Test_NewValidationHelper.f35]
################################################################################################################################################
[ReportManager] File Action [DoesFileExist] successfully performed. With the following test data [File Path: "pom.xml"]. @30-09-2021 02:03:00.0538 AM
[ReportManager] Assertion [ValidateFileExists] PASSED. Expected [File 'pom.xml' should exist, after up to '1' retries] and Actual [File exists]. Validation Type [POSITIVE]. @30-09-2021 02:03:00.0538 A

################################################################################################################################################
Starting Execution:	[105 out of 144] test cases in the current suite
Test Method:		[testPackage01.Test_NewValidationHelper.f36]
################################################################################################################################################
[ReportManager] File Action [DoesFileExist] successfully performed. With the following test data [File Path: "src/test/java/testPackage01/Test_NewValidationHelper.java"]. @30-09-2021 02:03:00.0544 AM
[ReportManager] Assertion [ValidateFileExists] PASSED. Expected [File 'src/test/java/testPackage01/Test_NewValidationHelper.java' should exist, after up to '1' retries] and Actual [File exists]. Validation Type [POSITIVE]. @30-09-2021 02:03:00.0544 A

################################################################################################################################################
Starting Execution:	[106 out of 144] test cases in the current suite
Test Method:		[testPackage01.Test_NewValidationHelper.f37]
################################################################################################################################################
[ReportManager] File Action [DoesFileExist] successfully performed. With the following test data [File Path: "pom.xml"]. @30-09-2021 02:03:00.0548 AM
[ReportManager] Assertion Failed: confirming that the file does't exist after 5 retries @30-09-2021 02:03:00.0548 AM
[ReportManager] Assertion [ValidateFileExists] FAILED. Expected [File 'pom.xml' should not exist, after up to '5' retries] and Actual [File exists]. Validation Type [NEGATIVE]. @30-09-2021 02:03:00.0548 A

################################################################################################################################################
Starting Execution:	[107 out of 144] test cases in the current suite
Test Method:		[testPackage01.Test_NewValidationHelper.f3_1]
################################################################################################################################################
[ReportManager] Assertion Passed: Checking valid user data @30-09-2021 02:03:00.0551 AM
[ReportManager] Assertion [ValidateEquals] PASSED. Expected [null] and Actual [null]. Comparison Type [EQUALS]. Validation Type [POSITIVE]. @30-09-2021 02:03:00.0552 A

################################################################################################################################################
Starting Execution:	[108 out of 144] test cases in the current suite
Test Method:		[testPackage01.Test_NewValidationHelper.f4]
################################################################################################################################################
[ReportManager] Assertion [ValidateEquals] PASSED. Expected [1] and Actual [123]. Comparison Type [CONTAINS]. Validation Type [POSITIVE]. @30-09-2021 02:03:00.0555 A

################################################################################################################################################
Starting Execution:	[109 out of 144] test cases in the current suite
Test Method:		[testPackage01.Test_NewValidationHelper.f5]
################################################################################################################################################
[ReportManager] Assertion [ValidateNull] PASSED. Expected [NULL] and Actual [1]. Comparison Type [EQUALS]. Validation Type [NEGATIVE]. @30-09-2021 02:03:00.0559 A

################################################################################################################################################
Starting Execution:	[110 out of 144] test cases in the current suite
Test Method:		[testPackage01.Test_NewValidationHelper.f6]
################################################################################################################################################
[ReportManager] Assertion Failed: Making sure that null string is not equal to null object @30-09-2021 02:03:00.0563 AM
[ReportManager] Assertion [ValidateNull] FAILED. Expected [NULL] and Actual [NULL]. Comparison Type [EQUALS]. Validation Type [POSITIVE]. @30-09-2021 02:03:00.0563 A

################################################################################################################################################
Starting Execution:	[111 out of 144] test cases in the current suite
Test Method:		[testPackage01.Test_NewValidationHelper.f6_1]
################################################################################################################################################
[ReportManager] Assertion [ValidateNull] FAILED. Expected [NULL] and Actual [NULL]. Comparison Type [EQUALS]. Validation Type [NEGATIVE]. @30-09-2021 02:03:00.0566 A

################################################################################################################################################
Starting Execution:	[112 out of 144] test cases in the current suite
Test Method:		[testPackage01.Test_NewValidationHelper.f6_2]
################################################################################################################################################
[ReportManager] Assertion Failed: Making sure that null string is not equal to null object @30-09-2021 02:03:00.0570 AM
[ReportManager] Assertion [ValidateNull] FAILED. Expected [NULL] and Actual [not null]. Comparison Type [EQUALS]. Validation Type [POSITIVE]. @30-09-2021 02:03:00.0570 A

################################################################################################################################################
Starting Execution:	[113 out of 144] test cases in the current suite
Test Method:		[testPackage01.Test_NewValidationHelper.f7]
################################################################################################################################################
[ReportManager] Assertion [ValidateNull] PASSED. Expected [NULL] and Actual [NULL]. Comparison Type [EQUALS]. Validation Type [POSITIVE]. @30-09-2021 02:03:00.0573 A
[ReportManager] File Action [GetAbsolutePath] successfully performed. With the following test data [Relative Folder Path: "target/downloadedFiles/"]. @30-09-2021 02:03:00.0575 AM
[ReportManager] Attempting to run locally on: [Mac-64], [Safari], Headless Execution. @30-09-2021 02:03:00.0575 AM
[ReportManager] Successfully Opened Safari. @30-09-2021 02:03:01.0449 AM
[ReportManager] Initial window size: (800, 600) @30-09-2021 02:03:01.0473 AM
[ReportManager] Window size after SWD Maximize: (1176, 811) @30-09-2021 02:03:01.0499 AM
[ReportManager] Browser Action [MaximizeWindow] successfully performed. With the following test data [New screen size is now: (1176, 811)]. @30-09-2021 02:03:01.0499 AM
[ReportManager] Target URL: [https://the-internet.herokuapp.com/] @30-09-2021 02:03:01.0499 AM
[ReportManager] Initial URL: [] @30-09-2021 02:03:01.0552 AM
[ReportManager] Browser Action [NavigateToURL] successfully performed. With the following test data [https://the-internet.herokuapp.com/]. @30-09-2021 02:03:02.0135 A

################################################################################################################################################
Starting Execution:	[114 out of 144] test cases in the current suite
Test Method:		[testPackage01.Test_NewValidationHelper.f8]
################################################################################################################################################
[ReportManager] Loaded Shared OpenCV @30-09-2021 02:03:02.0248 AM
[ReportManager] Assertion [ValidateElementExists] PASSED. Expected [Element Should Exist, locator 'By.tagName: h1'] and Actual [Element Exists]. Comparison Type [EQUALS]. Validation Type [POSITIVE]. @30-09-2021 02:03:02.0375 AM
[ReportManager] Successfully created attachment [Screenshot - 1632967382248_f8_ValidateElementExists_passed] @30-09-2021 02:03:02.0378 A
[ReportManager] Successfully Closed All Drivers. @30-09-2021 02:03:02.0424 A
[ReportManager] File Action [GetAbsolutePath] successfully performed. With the following test data [Relative Folder Path: "target/downloadedFiles/"]. @30-09-2021 02:03:02.0427 AM
[ReportManager] Attempting to run locally on: [Mac-64], [Safari], Headless Execution. @30-09-2021 02:03:02.0427 AM
[ReportManager] Successfully Opened Safari. @30-09-2021 02:03:03.0248 AM
[ReportManager] Initial window size: (800, 600) @30-09-2021 02:03:03.0273 AM
[ReportManager] Window size after SWD Maximize: (1176, 811) @30-09-2021 02:03:03.0285 AM
[ReportManager] Browser Action [MaximizeWindow] successfully performed. With the following test data [New screen size is now: (1176, 811)]. @30-09-2021 02:03:03.0286 AM
[ReportManager] Target URL: [https://the-internet.herokuapp.com/] @30-09-2021 02:03:03.0286 AM
[ReportManager] Initial URL: [] @30-09-2021 02:03:03.0343 AM
[ReportManager] Browser Action [NavigateToURL] successfully performed. With the following test data [https://the-internet.herokuapp.com/]. @30-09-2021 02:03:03.0834 A

################################################################################################################################################
Starting Execution:	[115 out of 144] test cases in the current suite
Test Method:		[testPackage01.Test_NewValidationHelper.f9]
################################################################################################################################################
[ReportManager] Assertion [ValidateElementExists] FAILED. Expected [Element Should Exist, locator 'By.tagName: h3'] and Actual [Element Doesn't Exists]. Comparison Type [EQUALS]. Validation Type [POSITIVE]. @30-09-2021 02:03:35.0022 AM
[ReportManager] Successfully created attachment [Screenshot - 1632967414927_f9_ValidateElementExists_failed] @30-09-2021 02:03:35.0023 A
[ReportManager] Successfully Closed All Drivers. @30-09-2021 02:03:35.0257 A

################################################################################################################################################
Starting Execution:	[116 out of 144] test cases in the current suite
Test Method:		[testPackage01.Test_NewValidationHelper.forceFail]
################################################################################################################################################
[ReportManager] Assertion [ValidateFail] FAILED. Successfully force failed the test. @30-09-2021 02:03:35.0262 A

################################################################################################################################################
Starting Execution:	[117 out of 144] test cases in the current suite
Test Method:		[testPackage01.Test_NewValidationHelper.forceFail2]
################################################################################################################################################
[ReportManager] Assertion Failed: Custom Message @30-09-2021 02:03:35.0265 AM
[ReportManager] Assertion [ValidateFail] FAILED. Successfully force failed the test. @30-09-2021 02:03:35.0265 A

################################################################################################################################################
Starting Execution:	[118 out of 144] test cases in the current suite
Test Method:		[testPackage01.Test_JsonActions.f]
###############################################################################################################################################

################################################################################################################################################
Starting Execution:	[119 out of 144] test cases in the current suite
Test Method:		[testPackage01.Test_JsonActions.f2]
###############################################################################################################################################

################################################################################################################################################
Starting Execution:	[120 out of 144] test cases in the current suite
Test Method:		[testPackage01.Test_sendGraphqlRequest.sendGraphqlRequestUsingMutationAndVariables]
################################################################################################################################################
[ReportManager] GraphQl Request is being Performed with the Following Parameters [Service URL: https://api.spacex.land/graphql | Request Body: {"variables":"{\"name\": \"sherlock holmes\",\"rocket\": \"221B Baker Street\"}","query":"mutation ($name: String, $rocket: String) {\n  insert_users(objects: {name: $name, rocket: $rocket}) {\n    returning {\n      name\n      rocket\n    }\n  }\n}"}] @30-09-2021 02:03:35.0290 AM
[ReportManager] Response status code: [200], status line: [HTTP/1.1 200 OK] @30-09-2021 02:03:35.0565 AM
[ReportManager] Assertion Passed: Evaluating the actual response status code against the expected one... @30-09-2021 02:03:35.0566 AM
[ReportManager] Assertion [ValidateEquals] PASSED. Expected [200] and Actual [200]. Comparison Type [EQUALS]. Validation Type [POSITIVE]. @30-09-2021 02:03:35.0566 AM
[ReportManager] API Action [PerformRequest] successfully performed. With the following test data [Request Type: "POST" | Target Status Code: "200" | Service URL: "https://api.spacex.land/graphql" | Content Type: "application/json" | Response Time: "180ms"]. @30-09-2021 02:03:35.0599 AM
[ReportManager] Successfully created attachment [API Request - Specifications] @30-09-2021 02:03:35.0600 AM
[ReportManager] Successfully created attachment [API Request - JSON Body] @30-09-2021 02:03:35.0601 AM
[ReportManager] Successfully created attachment [API Response - JSON Body] @30-09-2021 02:03:35.0601 AM
[ReportManager] API Action [GetResponseJSONValue] successfully performed. With the following test data [data.insert_users.returning[0].name]. @30-09-2021 02:03:35.0653 AM
[ReportManager] Assertion [ValidateEquals] PASSED. Expected [sherlock holmes] and Actual [sherlock holmes]. Comparison Type [EQUALS]. Validation Type [POSITIVE]. @30-09-2021 02:03:35.0653 A

################################################################################################################################################
Starting Execution:	[121 out of 144] test cases in the current suite
Test Method:		[testPackage01.Test_sendGraphqlRequest.sendGraphqlRequestUsingQuery]
################################################################################################################################################
[ReportManager] GraphQl Request is being Performed with the Following Parameters [Service URL: https://api.spacex.land/graphql | Request Body: {"query":"{company {ceo}}"}] @30-09-2021 02:03:35.0657 AM
[ReportManager] Response status code: [200], status line: [HTTP/1.1 200 OK] @30-09-2021 02:03:35.0768 AM
[ReportManager] Assertion Passed: Evaluating the actual response status code against the expected one... @30-09-2021 02:03:35.0768 AM
[ReportManager] Assertion [ValidateEquals] PASSED. Expected [200] and Actual [200]. Comparison Type [EQUALS]. Validation Type [POSITIVE]. @30-09-2021 02:03:35.0769 AM
[ReportManager] API Action [PerformRequest] successfully performed. With the following test data [Request Type: "POST" | Target Status Code: "200" | Service URL: "https://api.spacex.land/graphql" | Content Type: "application/json" | Response Time: "107ms"]. @30-09-2021 02:03:35.0781 AM
[ReportManager] Successfully created attachment [API Request - Specifications] @30-09-2021 02:03:35.0781 AM
[ReportManager] Successfully created attachment [API Request - JSON Body] @30-09-2021 02:03:35.0782 AM
[ReportManager] Successfully created attachment [API Response - JSON Body] @30-09-2021 02:03:35.0782 AM
[ReportManager] API Action [GetResponseJSONValue] successfully performed. With the following test data [data.company.ceo]. @30-09-2021 02:03:35.0794 AM
[ReportManager] Assertion [ValidateEquals] PASSED. Expected [Elon Musk] and Actual [Elon Musk]. Comparison Type [EQUALS]. Validation Type [POSITIVE]. @30-09-2021 02:03:35.0795 A
[ReportManager] File Action [GetAbsolutePath] successfully performed. With the following test data [Relative Folder Path: "target/downloadedFiles/"]. @30-09-2021 02:03:35.0797 AM
[ReportManager] Attempting to run locally on: [Mac-64], [Safari], Headless Execution. @30-09-2021 02:03:35.0798 AM
[ReportManager] Successfully Opened Safari. @30-09-2021 02:03:36.0600 AM
[ReportManager] Initial window size: (800, 600) @30-09-2021 02:03:36.0619 AM
[ReportManager] Window size after SWD Maximize: (1176, 811) @30-09-2021 02:03:36.0634 AM
[ReportManager] Browser Action [MaximizeWindow] successfully performed. With the following test data [New screen size is now: (1176, 811)]. @30-09-2021 02:03:36.0634 A

################################################################################################################################################
Starting Execution:	[122 out of 144] test cases in the current suite
Test Method:		[testPackage01.Test_dragAndDrop.dragAndDropJquery]
################################################################################################################################################
[ReportManager] Target URL: [https://jqueryui.com/resources/demos/droppable/default.html] @30-09-2021 02:03:36.0647 AM
[ReportManager] Initial URL: [] @30-09-2021 02:03:36.0689 AM
[ReportManager] Browser Action [NavigateToURL] successfully performed. With the following test data [https://jqueryui.com/resources/demos/droppable/default.html]. @30-09-2021 02:03:37.0290 AM
[ReportManager] Element Action [GetText] successfully performed. With the following test data [
	Drop here
]. @30-09-2021 02:03:37.0336 AM
[ReportManager] Element Action [DragAndDrop] successfully performed. With the following test data [Start point: (8, 18), End point: (8, 18)]. @30-09-2021 02:03:38.0395 AM
[ReportManager] Element Action [GetText] successfully performed. With the following test data [
	Dropped!
]. @30-09-2021 02:03:38.0426 AM
[ReportManager] Assertion Passed: Checking to see if the text has changed after performing drag and drop @30-09-2021 02:03:38.0426 AM
[ReportManager] Assertion [ValidateEquals] PASSED. Expected [
	Drop here
] and Actual [
	Dropped!
]. Comparison Type [EQUALS]. Validation Type [NEGATIVE]. @30-09-2021 02:03:38.0426 A
[ReportManager] Browser Action [CloseCurrentWindow] successfully performed. @30-09-2021 02:03:38.0528 AM
[ReportManager] Successfully created attachment [Browser Action Test Data - CloseCurrentWindow - Actual Value] @30-09-2021 02:03:38.0529 A
[ReportManager] File Action [GetAbsolutePath] successfully performed. With the following test data [Relative Folder Path: "target/downloadedFiles/"]. @30-09-2021 02:03:38.0531 AM
[ReportManager] Attempting to run locally on: [Mac-64], [Safari], Headless Execution. @30-09-2021 02:03:38.0531 AM
[ReportManager] Successfully Opened Safari. @30-09-2021 02:03:39.0383 AM
[ReportManager] Initial window size: (800, 600) @30-09-2021 02:03:39.0408 AM
[ReportManager] Window size after SWD Maximize: (1176, 811) @30-09-2021 02:03:39.0429 AM
[ReportManager] Browser Action [MaximizeWindow] successfully performed. With the following test data [New screen size is now: (1176, 811)]. @30-09-2021 02:03:39.0430 A

################################################################################################################################################
Starting Execution:	[123 out of 144] test cases in the current suite
Test Method:		[testPackage01.Test_dragAndDrop.dragAndDrop]
Test Description:	[TC001 - Test Drag and Drop function.]
################################################################################################################################################
[ReportManager] Target URL: [http://the-internet.herokuapp.com/drag_and_drop] @30-09-2021 02:03:39.0434 AM
[ReportManager] Initial URL: [] @30-09-2021 02:03:39.0493 AM
[ReportManager] Browser Action [NavigateToURL] successfully performed. With the following test data [http://the-internet.herokuapp.com/drag_and_drop]. @30-09-2021 02:03:40.0007 AM
[ReportManager] Attempting Drag and Drop @30-09-2021 02:03:40.0008 AM
[ReportManager] Element Action [DragAndDrop] successfully performed. With the following test data [Start point: (120, 89), End point: (335, 89)]. @30-09-2021 02:03:40.0662 A
[ReportManager] Browser Action [CloseCurrentWindow] successfully performed. @30-09-2021 02:03:40.0918 AM
[ReportManager] Successfully created attachment [Browser Action Test Data - CloseCurrentWindow - Actual Value] @30-09-2021 02:03:40.0918 A
[ReportManager] File Action [GetAbsolutePath] successfully performed. With the following test data [Relative Folder Path: "target/downloadedFiles/"]. @30-09-2021 02:03:40.0921 AM
[ReportManager] Attempting to run locally on: [Mac-64], [Safari], Headless Execution. @30-09-2021 02:03:40.0921 AM
[ReportManager] Successfully Opened Safari. @30-09-2021 02:03:41.0752 AM
[ReportManager] Initial window size: (800, 600) @30-09-2021 02:03:41.0764 AM
[ReportManager] Window size after SWD Maximize: (1176, 811) @30-09-2021 02:03:41.0784 AM
[ReportManager] Browser Action [MaximizeWindow] successfully performed. With the following test data [New screen size is now: (1176, 811)]. @30-09-2021 02:03:41.0784 A

################################################################################################################################################
Starting Execution:	[124 out of 144] test cases in the current suite
Test Method:		[testPackage01.Test_dragAndDrop.dragAndDropByOffset]
Test Description:	[TC002 - Test Drag and Drop by offset function.]
################################################################################################################################################
[ReportManager] Target URL: [https://jqueryui.com/resources/demos/draggable/default.html] @30-09-2021 02:03:41.0788 AM
[ReportManager] Initial URL: [] @30-09-2021 02:03:41.0853 AM
[ReportManager] Browser Action [NavigateToURL] successfully performed. With the following test data [https://jqueryui.com/resources/demos/draggable/default.html]. @30-09-2021 02:03:42.0271 AM
[ReportManager] Element Action [DragAndDropByOffset] successfully performed. With the following test data [Start point: (8, 8), End point: (108, 58)]. @30-09-2021 02:03:43.0038 A
[ReportManager] Browser Action [CloseCurrentWindow] successfully performed. @30-09-2021 02:03:43.0226 AM
[ReportManager] Successfully created attachment [Browser Action Test Data - CloseCurrentWindow - Actual Value] @30-09-2021 02:03:43.0227 A
[ReportManager] Successfully loaded the following test data file [src/test/resources/TestDataFiles/testSuite01/TestData.xlsx]. @30-09-2021 02:03:43.0260 AM
[ReportManager] Successfully created attachment [Test Data - Excel] @30-09-2021 02:03:43.0261 AM
[ReportManager] File Action [GetAbsolutePath] successfully performed. With the following test data [Relative Folder Path: "target/downloadedFiles/"]. @30-09-2021 02:03:43.0261 AM
[ReportManager] Attempting to run locally on: [Mac-64], [Safari], Headless Execution. @30-09-2021 02:03:43.0261 AM
[ReportManager] Successfully Opened Safari. @30-09-2021 02:03:44.0075 AM
[ReportManager] Initial window size: (800, 600) @30-09-2021 02:03:44.0096 AM
[ReportManager] Window size after SWD Maximize: (1176, 811) @30-09-2021 02:03:44.0108 AM
[ReportManager] Browser Action [MaximizeWindow] successfully performed. With the following test data [New screen size is now: (1176, 811)]. @30-09-2021 02:03:44.0109 A

################################################################################################################################################
Starting Execution:	[125 out of 144] test cases in the current suite
Test Method:		[testPackage01.Test_google.navigateToURLandVerifyGoogleLogoIsDisplayed]
Test Description:	[TC001 - Navigate to URL and Verify Google Logo is Displayed]
################################################################################################################################################
[ReportManager] Target URL: [https://www.google.com/ncr], and after redirection: [https://www.google.com] @30-09-2021 02:03:44.0111 AM
[ReportManager] Initial URL: [] @30-09-2021 02:03:44.0182 AM
[ReportManager] Browser Action [NavigateToURL] successfully performed. With the following test data [https://www.google.com/ncr]. @30-09-2021 02:03:45.0425 AM
[ReportManager] Loaded Shared OpenCV @30-09-2021 02:03:45.0512 AM
[ReportManager] Assertion [ValidateElementExists] PASSED. Expected [Element Should Exist, locator 'By.xpath: //*[@id='hplogo' or @alt='Google']'] and Actual [Element Exists]. Comparison Type [EQUALS]. Validation Type [POSITIVE]. @30-09-2021 02:03:45.0621 AM
[ReportManager] Successfully created attachment [Screenshot - 1632967425512_navigateToURLandVerifyGoogleLogoIsDisplayed_ValidateElementExists_passed] @30-09-2021 02:03:45.0622 A

################################################################################################################################################
Starting Execution:	[126 out of 144] test cases in the current suite
Test Method:		[testPackage01.Test_google.searchForQueryandAssertResultsNumDisplayed]
Test Description:	[TC002 - Search for Query and Assert that the number of results is displayed]
################################################################################################################################################
[ReportManager] Element Action [Type] successfully performed. With the following test data [SHAFT_Engine]. @30-09-2021 02:03:46.0067 AM
[ReportManager] Element Action [KeyPress] successfully performed. With the following test data [Enter]. @30-09-2021 02:03:46.0127 AM
[ReportManager] Element Action [GetText] successfully performed. With the following test data [About 810,000 results (0.81 seconds)]. @30-09-2021 02:03:47.0299 AM
[ReportManager] Loaded Shared OpenCV @30-09-2021 02:03:47.0979 AM
[ReportManager] Assertion [ValidateElementAttribute] PASSED. Expected [Value Should not be '' for the 'Text' attribute, element locator 'By.id: appbar'] and Actual [About 810,000 results (0.81 seconds)]. Comparison Type [EQUALS]. Validation Type [NEGATIVE]. @30-09-2021 02:03:48.0144 AM
[ReportManager] Successfully created attachment [Screenshot - 1632967427979_searchForQueryandAssertResultsNumDisplayed_ValidateElementAttribute_passed] @30-09-2021 02:03:48.0146 A

################################################################################################################################################
Starting Execution:	[127 out of 144] test cases in the current suite
Test Method:		[testPackage01.Test_google.clickNextThrice]
Test Description:	[TC003 - Clicks the next button to make sure that the framework can scroll element into view before clicking it]
################################################################################################################################################
[ReportManager] org.openqa.selenium.interactions.MoveTargetOutOfBoundsException:

Build info: version: '3.141.59', revision: 'e82be7d358', time: '2018-11-14T08:17:03'
System info: host: 'Mac-1632966315814.local', ip: '10.79.0.127', os.name: 'Mac OS X', os.arch: 'x86_64', os.version: '10.15.7', java.version: '16.0.2'
Driver info: org.openqa.selenium.safari.SafariDriver
Capabilities {acceptInsecureCerts: false, browserName: Safari, browserVersion: 14.1.2, javascriptEnabled: true, platform: MAC, platformName: MAC, safari:automaticInspection: false, safari:automaticProfiling: false, safari:diagnose: false, safari:platformBuildVersion: 19H1417, safari:platformVersion: 10.15.7, safari:useSimulator: false, setWindowRect: true, strictFileInteractability: false, webkit:WebRTC: {DisableICECandidateFiltering: false, DisableInsecureMediaCapture: false}}
Session ID: AF3D4F38-1B51-4C1E-A6AE-B38FA6FB0001
java.base/jdk.internal.reflect.NativeConstructorAccessorImpl.newInstance0(Native Method)
java.base/jdk.internal.reflect.NativeConstructorAccessorImpl.newInstance(NativeConstructorAccessorImpl.java:78)
java.base/jdk.internal.reflect.DelegatingConstructorAccessorImpl.newInstance(DelegatingConstructorAccessorImpl.java:45)
java.base/java.lang.reflect.Constructor.newInstanceWithCaller(Constructor.java:499)
java.base/java.lang.reflect.Constructor.newInstance(Constructor.java:480)
org.openqa.selenium.remote.http.W3CHttpResponseCodec.createException(W3CHttpResponseCodec.java:187)
org.openqa.selenium.remote.http.W3CHttpResponseCodec.decode(W3CHttpResponseCodec.java:122)
org.openqa.selenium.remote.http.W3CHttpResponseCodec.decode(W3CHttpResponseCodec.java:49)
org.openqa.selenium.remote.HttpCommandExecutor.execute(HttpCommandExecutor.java:158)
org.openqa.selenium.remote.service.DriverCommandExecutor.execute(DriverCommandExecutor.java:83)
org.openqa.selenium.remote.RemoteWebDriver.execute(RemoteWebDriver.java:552)
org.openqa.selenium.remote.RemoteWebDriver.perform(RemoteWebDriver.java:618)
org.openqa.selenium.interactions.Actions$BuiltAction.perform(Actions.java:639)
org.openqa.selenium.interactions.Actions.perform(Actions.java:595)
com.shaft.gui.element.ElementActionsHelper.performHoverUsingJavascript(ElementActionsHelper.java:209)
com.shaft.gui.element.WebDriverElementActions.click(WebDriverElementActions.java:116)
com.shaft.gui.element.ElementActions.click(ElementActions.java:62)
poms.GoogleSearchResults.clickNext(GoogleSearchResults.java:51)
testPackage01.Test_google.clickNextThrice(Test_google.java:43)
java.base/jdk.internal.reflect.NativeMethodAccessorImpl.invoke0(Native Method)
java.base/jdk.internal.reflect.NativeMethodAccessorImpl.invoke(NativeMethodAccessorImpl.java:78)
java.base/jdk.internal.reflect.DelegatingMethodAccessorImpl.invoke(DelegatingMethodAccessorImpl.java:43)
java.base/java.lang.reflect.Method.invoke(Method.java:567)
org.testng.internal.MethodInvocationHelper.invokeMethod(MethodInvocationHelper.java:133)
org.testng.internal.TestInvoker.invokeMethod(TestInvoker.java:598)
org.testng.internal.TestInvoker.invokeTestMethod(TestInvoker.java:173)
org.testng.internal.MethodRunner.runInSequence(MethodRunner.java:46)
org.testng.internal.TestInvoker$MethodInvocationAgent.invoke(TestInvoker.java:824)
org.testng.internal.TestInvoker.invokeTestMethods(TestInvoker.java:146)
org.testng.internal.TestMethodWorker.invokeTestMethods(TestMethodWorker.java:146)
org.testng.internal.TestMethodWorker.run(TestMethodWorker.java:128)
java.base/java.util.ArrayList.forEach(ArrayList.java:1511)
org.testng.TestRunner.privateRun(TestRunner.java:794)
org.testng.TestRunner.run(TestRunner.java:596)
org.testng.SuiteRunner.runTest(SuiteRunner.java:377)
org.testng.SuiteRunner.runSequentially(SuiteRunner.java:371)
org.testng.SuiteRunner.privateRun(SuiteRunner.java:332)
org.testng.SuiteRunner.run(SuiteRunner.java:276)
org.testng.SuiteRunnerWorker.runSuite(SuiteRunnerWorker.java:53)
org.testng.SuiteRunnerWorker.run(SuiteRunnerWorker.java:96)
org.testng.TestNG.runSuitesSequentially(TestNG.java:1212)
org.testng.TestNG.runSuitesLocally(TestNG.java:1134)
org.testng.TestNG.runSuites(TestNG.java:1063)
org.testng.TestNG.run(TestNG.java:1031)
org.apache.maven.surefire.testng.TestNGExecutor.run(TestNGExecutor.java:136)
org.apache.maven.surefire.testng.TestNGDirectoryTestSuite.executeMulti(TestNGDirectoryTestSuite.java:193)
org.apache.maven.surefire.testng.TestNGDirectoryTestSuite.execute(TestNGDirectoryTestSuite.java:94)
org.apache.maven.surefire.testng.TestNGProvider.invoke(TestNGProvider.java:145)
org.apache.maven.surefire.booter.ForkedBooter.runSuitesInProcess(ForkedBooter.java:428)
org.apache.maven.surefire.booter.ForkedBooter.execute(ForkedBooter.java:162)
org.apache.maven.surefire.booter.ForkedBooter.run(ForkedBooter.java:562)
org.apache.maven.surefire.booter.ForkedBooter.main(ForkedBooter.java:548) @30-09-2021 02:03:48.0241 AM
[ReportManager] Element Action [Click] successfully performed. With the following test data [Next]. @30-09-2021 02:03:48.0317 A
[ReportManager] Browser Action [CloseCurrentWindow] successfully performed. @30-09-2021 02:03:48.0460 AM
[ReportManager] Successfully created attachment [Browser Action Test Data - CloseCurrentWindow - Actual Value] @30-09-2021 02:03:48.0511 A

################################################################################################################################################
Starting Execution:	[128 out of 144] test cases in the current suite
Test Method:		[testPackage01.Test_chainableElementActions.chainElementActions]
################################################################################################################################################
[ReportManager] File Action [GetAbsolutePath] successfully performed. With the following test data [Relative Folder Path: "target/downloadedFiles/"]. @30-09-2021 02:03:48.0524 AM
[ReportManager] Attempting to run locally on: [Mac-64], [GoogleChrome], Headless Execution. @30-09-2021 02:03:48.0528 AM
[ReportManager] Identifying OS/Driver combination and selecting the correct driver version automatically. Please note that if a new driver executable will be downloaded it may take some time... @30-09-2021 02:03:48.0528 AM
[ReportManager] Successfully Opened Google Chrome. @30-09-2021 02:03:51.0652 AM
[ReportManager] Initial window size: (800, 600) @30-09-2021 02:03:51.0661 AM
[ReportManager] Window size after SWD Maximize: (800, 600) @30-09-2021 02:03:51.0787 AM
[ReportManager] Window size after Toolkit: (1920, 1080) @30-09-2021 02:03:52.0466 AM
[ReportManager] Browser Action [MaximizeWindow] successfully performed. With the following test data [New screen size is now: (1920, 1080)]. @30-09-2021 02:03:52.0468 AM
[ReportManager] Target URL: [https://www.google.com/ncr], and after redirection: [https://www.google.com] @30-09-2021 02:03:52.0468 AM
[ReportManager] Initial URL: [data:,] @30-09-2021 02:03:52.0506 AM
[ReportManager] Browser Action [NavigateToURL] successfully performed. With the following test data [https://www.google.com/ncr]. @30-09-2021 02:03:53.0400 AM
[ReportManager] Element Action [Type] successfully performed. With the following test data [chained type 1]. @30-09-2021 02:03:53.0841 AM
[ReportManager] Element Action [Type] successfully performed. With the following test data [chained type 2]. @30-09-2021 02:03:54.0138 AM
[ReportManager] Element Action [TypeAppend] successfully performed. With the following test data [345]. @30-09-2021 02:03:54.0245 AM
[ReportManager] Element Action [GetText] successfully performed. With the following test data [chained type 2345]. @30-09-2021 02:03:54.0330 AM
[ReportManager] Loaded Shared OpenCV @30-09-2021 02:03:54.0672 AM
[ReportManager] Assertion [ValidateElementAttribute] PASSED. Expected [Value Should be 'chained type 2345' for the 'text' attribute, element locator 'By.name: q'] and Actual [chained type 2345]. Comparison Type [EQUALS]. Validation Type [POSITIVE]. @30-09-2021 02:03:54.0850 AM
[ReportManager] Successfully created attachment [Screenshot - 1632967434672_chainElementActions_ValidateElementAttribute_passed] @30-09-2021 02:03:54.0851 AM
[ReportManager] Browser Action [CloseCurrentWindow] successfully performed. @30-09-2021 02:03:55.0037 AM
[ReportManager] Successfully created attachment [Browser Action Test Data - CloseCurrentWindow - Actual Value] @30-09-2021 02:03:55.0038 A

################################################################################################################################################
Starting Execution:	[129 out of 144] test cases in the current suite
Test Method:		[testPackage01.Test_JsonCompareWithSpecialCharacters.specialCharacters]
################################################################################################################################################
[ReportManager] File Action [GetAbsolutePath] successfully performed. With the following test data [Relative Folder Path: "src/test/resources/TestJsonFiles/specialCharacters.json"]. @30-09-2021 02:03:55.0046 AM
[ReportManager] File Action [ReadFromFile] successfully performed. With the following test data [File Path: "/Users/runner/work/SHAFT_ENGINE/SHAFT_ENGINE/src/test/resources/TestJsonFiles/specialCharacters.json"]. @30-09-2021 02:03:55.0053 AM
[ReportManager] Successfully created attachment [File Action Actual Result - Command Log] @30-09-2021 02:03:55.0054 AM
[ReportManager] Comparing the provided API response with the file at this path "src/test/resources/TestJsonFiles/specialCharacters.json", comparison type "EQUALS" @30-09-2021 02:03:55.0054 AM
[ReportManager] API Action [CompareJSON] successfully performed. With the following test data [src/test/resources/TestJsonFiles/specialCharacters.json]. @30-09-2021 02:03:55.0068 AM
[ReportManager] File Action [GetAbsolutePath] successfully performed. With the following test data [Relative Folder Path: "src/test/resources/TestJsonFiles/specialCharacters.json"]. @30-09-2021 02:03:55.0068 AM
[ReportManager] File Action [ReadFromFile] successfully performed. With the following test data [File Path: "/Users/runner/work/SHAFT_ENGINE/SHAFT_ENGINE/src/test/resources/TestJsonFiles/specialCharacters.json"]. @30-09-2021 02:03:55.0068 AM
[ReportManager] Verification [ValidateJSONFileContent] PASSED. Expected [Response data should match the JSON File in this path 'src/test/resources/TestJsonFiles/specialCharacters.json'] and Actual [TRUE]. Comparison Type [EQUALS]. Validation Type [POSITIVE]. @30-09-2021 02:03:55.0074 AM
[ReportManager] Successfully created attachment [Validation Test Data - Expected JSON Value] @30-09-2021 02:03:55.0075 AM
[ReportManager] Successfully created attachment [Validation Test Data - Actual JSON Value] @30-09-2021 02:03:55.0076 A

################################################################################################################################################
Starting Execution:	[130 out of 144] test cases in the current suite
Test Method:		[testPackage01.Test_JsonCompareWithSpecialCharacters.specialCharacters_assertion]
################################################################################################################################################
[ReportManager] File Action [GetAbsolutePath] successfully performed. With the following test data [Relative Folder Path: "src/test/resources/TestJsonFiles/specialCharacters.json"]. @30-09-2021 02:03:55.0079 AM
[ReportManager] File Action [ReadFromFile] successfully performed. With the following test data [File Path: "/Users/runner/work/SHAFT_ENGINE/SHAFT_ENGINE/src/test/resources/TestJsonFiles/specialCharacters.json"]. @30-09-2021 02:03:55.0079 AM
[ReportManager] Successfully created attachment [File Action Actual Result - Command Log] @30-09-2021 02:03:55.0080 AM
[ReportManager] Comparing the provided API response with the file at this path "src/test/resources/TestJsonFiles/specialCharacters.json", comparison type "CONTAINS" @30-09-2021 02:03:55.0080 AM
[ReportManager] API Action [CompareJSON] successfully performed. With the following test data [src/test/resources/TestJsonFiles/specialCharacters.json]. @30-09-2021 02:03:55.0090 AM
[ReportManager] File Action [GetAbsolutePath] successfully performed. With the following test data [Relative Folder Path: "src/test/resources/TestJsonFiles/specialCharacters.json"]. @30-09-2021 02:03:55.0090 AM
[ReportManager] File Action [ReadFromFile] successfully performed. With the following test data [File Path: "/Users/runner/work/SHAFT_ENGINE/SHAFT_ENGINE/src/test/resources/TestJsonFiles/specialCharacters.json"]. @30-09-2021 02:03:55.0090 AM
[ReportManager] Assertion Passed: trying out the log message @30-09-2021 02:03:55.0094 AM
[ReportManager] Successfully created attachment [Validation Test Data - Expected JSON Value] @30-09-2021 02:03:55.0095 AM
[ReportManager] Successfully created attachment [Validation Test Data - Actual JSON Value] @30-09-2021 02:03:55.0095 AM
[ReportManager] Assertion [ValidateJSONFileContent] PASSED. Expected [Response data should match the JSON File in this path 'src/test/resources/TestJsonFiles/specialCharacters.json'] and Actual [TRUE]. Comparison Type [CONTAINS]. Validation Type [POSITIVE]. @30-09-2021 02:03:55.0095 A

################################################################################################################################################
Starting Execution:	[131 out of 144] test cases in the current suite
Test Method:		[testPackage01.Test_SkipDueToIssue.doNotSkip]
################################################################################################################################################
[ReportManager] This should not be skipped. @30-09-2021 02:03:55.0098 A

################################################################################################################################################
Starting Execution:	[132 out of 144] test cases in the current suite
Test Method:		[testPackage01.Test_SkipDueToIssue.skip]
################################################################################################################################################
[ReportManager] This should be skipped. @30-09-2021 02:03:55.0106 A

################################################################################################################################################
Starting Execution:	[133 out of 144] test cases in the current suite
Test Method:		[testPackage01.Test_SkipDueToIssue.skip2]
################################################################################################################################################
[ReportManager] This should be skipped. @30-09-2021 02:03:55.0113 A

################################################################################################################################################
Starting Execution:	[134 out of 144] test cases in the current suite
Test Method:		[testPackage01.Test_JSONFileManager.readStringFromJson]
################################################################################################################################################
[ReportManager] Successfully loaded the following test data file [src/test/resources/TestDataFiles/simpleJSON.json]. @30-09-2021 02:03:55.0118 AM
[ReportManager] Successfully created attachment [Test Data - JSON] @30-09-2021 02:03:55.0119 AM
[ReportManager] Assertion [ValidateEquals] PASSED. Expected [Mohab Mohie] and Actual [Mohab Mohie]. Comparison Type [EQUALS]. Validation Type [POSITIVE]. @30-09-2021 02:03:55.0133 A
[ReportManager] File Action [GetAbsolutePath] successfully performed. With the following test data [Relative Folder Path: "target/downloadedFiles/"]. @30-09-2021 02:03:55.0135 AM
[ReportManager] Attempting to run locally on: [Mac-64], [Safari], Headless Execution. @30-09-2021 02:03:55.0135 AM
[ReportManager] Successfully Opened Safari. @30-09-2021 02:03:55.0911 AM
[ReportManager] Initial window size: (800, 600) @30-09-2021 02:03:55.0927 AM
[ReportManager] Window size after SWD Maximize: (1176, 811) @30-09-2021 02:03:55.0939 AM
[ReportManager] Browser Action [MaximizeWindow] successfully performed. With the following test data [New screen size is now: (1176, 811)]. @30-09-2021 02:03:55.0940 A

################################################################################################################################################
Starting Execution:	[135 out of 144] test cases in the current suite
Test Method:		[testPackage01.Test_assertEquals.test_assertElementAttribute]
################################################################################################################################################
[ReportManager] Target URL: [https://www.google.com/ncr], and after redirection: [https://www.google.com] @30-09-2021 02:03:55.0947 AM
[ReportManager] Initial URL: [] @30-09-2021 02:03:56.0015 AM
[ReportManager] Browser Action [NavigateToURL] successfully performed. With the following test data [https://www.google.com/ncr]. @30-09-2021 02:03:56.0872 AM
[ReportManager] Element Action [Type] successfully performed. With the following test data [INC_004010050:Another SCHEDULER with the same name [Duplicate Job Name] already exists.]. @30-09-2021 02:03:59.0225 AM
[ReportManager] Element Action [GetText] successfully performed. With the following test data [INC_004010050:Another SCHEDULER with the same name [Duplicate Job Name] already exists.]. @30-09-2021 02:03:59.0279 AM
[ReportManager] Loaded Shared OpenCV @30-09-2021 02:03:59.0330 AM
[ReportManager] Assertion [ValidateElementAttribute] PASSED. Expected [Value Should be 'INC_004010050:Another SCHEDULER with the same name \[Duplicate Job Name\] already exists.' for the 'text' attribute, element locator 'By.name: q'] and Actual [INC_004010050:Another SCHEDULER with the same name [Duplicate Job Name] already exists.]. Comparison Type [MATCHES]. Validation Type [POSITIVE]. @30-09-2021 02:03:59.0425 AM
[ReportManager] Successfully created attachment [Screenshot - 1632967439330_test_assertElementAttribute_ValidateElementAttribute_passed] @30-09-2021 02:03:59.0426 A
[ReportManager] Browser Action [CloseCurrentWindow] successfully performed. @30-09-2021 02:03:59.0581 AM
[ReportManager] Successfully created attachment [Browser Action Test Data - CloseCurrentWindow - Actual Value] @30-09-2021 02:03:59.0582 A
[ReportManager] File Action [GetAbsolutePath] successfully performed. With the following test data [Relative Folder Path: "target/downloadedFiles/"]. @30-09-2021 02:03:59.0583 AM
[ReportManager] Attempting to run locally on: [Mac-64], [Safari], Headless Execution. @30-09-2021 02:03:59.0584 AM
[ReportManager] Successfully Opened Safari. @30-09-2021 02:04:00.0361 AM
[ReportManager] Initial window size: (800, 600) @30-09-2021 02:04:00.0385 AM
[ReportManager] Window size after SWD Maximize: (1176, 811) @30-09-2021 02:04:00.0401 AM
[ReportManager] Browser Action [MaximizeWindow] successfully performed. With the following test data [New screen size is now: (1176, 811)]. @30-09-2021 02:04:00.0401 A

################################################################################################################################################
Starting Execution:	[136 out of 144] test cases in the current suite
Test Method:		[testPackage01.Test_IsElementClickable.testIsElementClickable]
################################################################################################################################################
[ReportManager] Target URL: [https://the-internet.herokuapp.com/] @30-09-2021 02:04:00.0422 AM
[ReportManager] Initial URL: [] @30-09-2021 02:04:00.0479 AM
[ReportManager] Browser Action [NavigateToURL] successfully performed. With the following test data [https://the-internet.herokuapp.com/]. @30-09-2021 02:04:00.0971 AM
[ReportManager] Element Action [IsElementClickable] successfully performed. @30-09-2021 02:04:01.0035 AM
[ReportManager] Assertion [ValidateTrue] PASSED. Expected [TRUE] and Actual [TRUE]. Validation Type [POSITIVE]. @30-09-2021 02:04:01.0036 A
[ReportManager] Browser Action [CloseCurrentWindow] successfully performed. @30-09-2021 02:04:01.0080 AM
[ReportManager] Successfully created attachment [Browser Action Test Data - CloseCurrentWindow - Actual Value] @30-09-2021 02:04:01.0081 A
[ReportManager] Successfully loaded the following test data file [src/test/resources/TestDataFiles/testSuite01/TestData.xlsx]. @30-09-2021 02:04:01.0185 AM
[ReportManager] Successfully created attachment [Test Data - Excel] @30-09-2021 02:04:01.0185 AM
[ReportManager] Attempting to run using Playwright locally on: [Mac-64], [Safari], Headless Execution. @30-09-2021 02:04:21.0877 AM
[ReportManager] File Action [GetAbsolutePath] successfully performed. With the following test data [Relative Folder Path: "target/downloadedFiles/"]. @30-09-2021 02:04:21.0878 AM
[ReportManager] Initial window size: (1280, 720) @30-09-2021 02:04:28.0164 AM
[ReportManager] Window size after Toolkit: com.microsoft.playwright.options.ViewportSize@2765c540 @30-09-2021 02:04:28.0172 AM
[ReportManager] Browser Action [MaximizeWindow] successfully performed. With the following test data [New screen size is now: (1920, 1080)]. @30-09-2021 02:04:28.0173 A

################################################################################################################################################
Starting Execution:	[137 out of 144] test cases in the current suite
Test Method:		[testPackage01.Test_google_playwright.navigateToURLandVerifyGoogleLogoIsDisplayed]
Test Description:	[TC001 - Navigate to URL and Verify Google Logo is Displayed]
################################################################################################################################################
[ReportManager] Target URL: [https://www.google.com/ncr], and after redirection: [https://www.google.com] @30-09-2021 02:04:28.0458 AM
[ReportManager] Initial URL: [about:blank] @30-09-2021 02:04:28.0778 AM
[ReportManager] Browser Action [NavigateToURL] successfully performed. With the following test data [https://www.google.com/ncr]. @30-09-2021 02:04:30.0444 AM
[ReportManager] Loaded Shared OpenCV @30-09-2021 02:04:30.0521 AM
[ReportManager] Assertion [ValidateElementExists] PASSED. Expected [Element Should Exist, locator 'xpath=//*[@id='hplogo' or @alt='Google']'] and Actual [Element Exists]. Comparison Type [EQUALS]. Validation Type [POSITIVE]. @30-09-2021 02:04:30.0690 AM
[ReportManager] Successfully created attachment [Screenshot - 1632967470518_navigateToURLandVerifyGoogleLogoIsDisplayed_ValidateElementExists_passed] @30-09-2021 02:04:30.0691 A

################################################################################################################################################
Starting Execution:	[138 out of 144] test cases in the current suite
Test Method:		[testPackage01.Test_google_playwright.searchForQueryandAssertResultsNumDisplayed]
Test Description:	[TC002 - Search for Query and Assert that the number of results is displayed]
################################################################################################################################################
[ReportManager] Element Action [Type] successfully performed. With the following test data [SHAFT_Engine]. @30-09-2021 02:04:30.0864 AM
[ReportManager] Element Action [KeyPress] successfully performed. With the following test data [Enter]. @30-09-2021 02:04:30.0962 AM
[ReportManager] Element Action [GetText] successfully performed. With the following test data [About 1,030,000 results (0.77 seconds)
]. @30-09-2021 02:04:32.0668 AM
[ReportManager] Loaded Shared OpenCV @30-09-2021 02:04:33.0338 AM
[ReportManager] Assertion [ValidateElementAttribute] PASSED. Expected [Value Should not be '' for the 'text' attribute, element locator 'xpath=//div[@id='appbar']'] and Actual [About 1,030,000 results (0.77 seconds)
]. Comparison Type [EQUALS]. Validation Type [NEGATIVE]. @30-09-2021 02:04:33.0583 AM
[ReportManager] Successfully created attachment [Screenshot - 1632967473337_searchForQueryandAssertResultsNumDisplayed_ValidateElementAttribute_passed] @30-09-2021 02:04:33.0585 A

################################################################################################################################################
Starting Execution:	[139 out of 144] test cases in the current suite
Test Method:		[testPackage01.Test_google_playwright.clickNextThrice]
Test Description:	[TC003 - Clicks the next button to make sure that the framework can scroll element into view before clicking it]
################################################################################################################################################
[ReportManager] Element Action [Click] successfully performed. With the following test data [Next]. @30-09-2021 02:04:33.0873 A
[ReportManager] Failed to find video recording. @30-09-2021 02:04:33.0879 AM
[ReportManager] Successfully Closed PlayWright Driver. @30-09-2021 02:04:33.0921 A
[ReportManager] File Action [GetAbsolutePath] successfully performed. With the following test data [Relative Folder Path: "target/downloadedFiles/"]. @30-09-2021 02:04:33.0927 AM
[ReportManager] Attempting to run locally on: [Mac-64], [Safari], Headless Execution. @30-09-2021 02:04:33.0927 AM
[ReportManager] Successfully Opened Safari. @30-09-2021 02:04:34.0754 AM
[ReportManager] Initial window size: (800, 600) @30-09-2021 02:04:34.0766 AM
[ReportManager] Window size after SWD Maximize: (1176, 811) @30-09-2021 02:04:34.0788 AM
[ReportManager] Browser Action [MaximizeWindow] successfully performed. With the following test data [New screen size is now: (1176, 811)]. @30-09-2021 02:04:34.0789 A

################################################################################################################################################
Starting Execution:	[140 out of 144] test cases in the current suite
Test Method:		[testPackage01.Test_verifyEquals.test_assertElementAttribute]
################################################################################################################################################
[ReportManager] Target URL: [https://www.google.com/ncr], and after redirection: [https://www.google.com] @30-09-2021 02:04:34.0792 AM
[ReportManager] Initial URL: [] @30-09-2021 02:04:34.0847 AM
[ReportManager] Browser Action [NavigateToURL] successfully performed. With the following test data [https://www.google.com/ncr]. @30-09-2021 02:04:36.0292 AM
[ReportManager] Element Action [Type] successfully performed. With the following test data [INC_004010050:Another SCHEDULER with the same name [Duplicate Job Name] already exists.]. @30-09-2021 02:04:38.0538 AM
[ReportManager] Element Action [GetText] successfully performed. With the following test data [INC_004010050:Another SCHEDULER with the same name [Duplicate Job Name] already exists.]. @30-09-2021 02:04:38.0585 AM
[ReportManager] Loaded Shared OpenCV @30-09-2021 02:04:38.0639 AM
[ReportManager] Verification [ValidateElementAttribute] PASSED. Expected [Value Should be 'INC_004010050:Another SCHEDULER with the same name \[Duplicate Job Name\] already exists.' for the 'text' attribute, element locator 'By.name: q'] and Actual [INC_004010050:Another SCHEDULER with the same name [Duplicate Job Name] already exists.]. Comparison Type [MATCHES]. Validation Type [POSITIVE]. @30-09-2021 02:04:38.0732 AM
[ReportManager] Successfully created attachment [Screenshot - 1632967478639_test_assertElementAttribute_ValidateElementAttribute_passed] @30-09-2021 02:04:38.0733 A
[ReportManager] Browser Action [CloseCurrentWindow] successfully performed. @30-09-2021 02:04:38.0955 AM
[ReportManager] Successfully created attachment [Browser Action Test Data - CloseCurrentWindow - Actual Value] @30-09-2021 02:04:38.0956 A

################################################################################################################################################
Starting Execution:	[141 out of 144] test cases in the current suite
Test Method:		[testPackage01.Test_SelectedValue.multipleSelect]
################################################################################################################################################
[ReportManager] File Action [GetAbsolutePath] successfully performed. With the following test data [Relative Folder Path: "target/downloadedFiles/"]. @30-09-2021 02:04:38.0959 AM
[ReportManager] Attempting to run locally on: [Mac-64], [GoogleChrome], Headless Execution. @30-09-2021 02:04:38.0960 AM
[ReportManager] Identifying OS/Driver combination and selecting the correct driver version automatically. Please note that if a new driver executable will be downloaded it may take some time... @30-09-2021 02:04:38.0960 AM
[ReportManager] Successfully Opened Google Chrome. @30-09-2021 02:04:39.0511 AM
[ReportManager] Initial window size: (800, 600) @30-09-2021 02:04:39.0517 AM
[ReportManager] Window size after SWD Maximize: (800, 600) @30-09-2021 02:04:39.0637 AM
[ReportManager] Window size after Toolkit: (1920, 1080) @30-09-2021 02:04:40.0344 AM
[ReportManager] Browser Action [MaximizeWindow] successfully performed. With the following test data [New screen size is now: (1920, 1080)]. @30-09-2021 02:04:40.0345 AM
[ReportManager] Target URL: [https://yari-demos.prod.mdn.mozit.cloud/en-US/docs/Web/HTML/Element/select/_sample_.Advanced_select_with_multiple_features.html] @30-09-2021 02:04:40.0345 AM
[ReportManager] Initial URL: [data:,] @30-09-2021 02:04:40.0372 AM
[ReportManager] Browser Action [NavigateToURL] successfully performed. With the following test data [https://yari-demos.prod.mdn.mozit.cloud/en-US/docs/Web/HTML/Element/select/_sample_.Advanced_select_with_multiple_features.html]. @30-09-2021 02:04:40.0611 AM
[ReportManager] Element Action [Select] successfully performed. With the following test data [Dog]. @30-09-2021 02:04:40.0793 AM
[ReportManager] Element Action [Select] successfully performed. With the following test data [Cat]. @30-09-2021 02:04:40.0935 AM
[ReportManager] Element Action [GetSelectedText] successfully performed. With the following test data [DogCat]. @30-09-2021 02:04:41.0029 AM
[ReportManager] DogCat @30-09-2021 02:04:41.0029 AM
[ReportManager] Element Action [GetSelectedText] successfully performed. With the following test data [DogCat]. @30-09-2021 02:04:41.0106 AM
[ReportManager] Loaded Shared OpenCV @30-09-2021 02:04:41.0496 AM
[ReportManager] Assertion [ValidateElementAttribute] PASSED. Expected [Value Should be 'DogCat' for the 'selectedText' attribute, element locator 'By.tagName: select'] and Actual [DogCat]. Comparison Type [EQUALS]. Validation Type [POSITIVE]. @30-09-2021 02:04:41.0665 AM
[ReportManager] Successfully created attachment [Screenshot - 1632967481496_multipleSelect_ValidateElementAttribute_passed] @30-09-2021 02:04:41.0666 AM
[ReportManager] Browser Action [CloseCurrentWindow] successfully performed. @30-09-2021 02:04:41.0909 AM
[ReportManager] Successfully created attachment [Browser Action Test Data - CloseCurrentWindow - Actual Value] @30-09-2021 02:04:41.0910 A

################################################################################################################################################
Starting Execution:	[142 out of 144] test cases in the current suite
Test Method:		[testPackage01.Test_SelectedValue.simpleSelect]
################################################################################################################################################
[ReportManager] File Action [GetAbsolutePath] successfully performed. With the following test data [Relative Folder Path: "target/downloadedFiles/"]. @30-09-2021 02:04:41.0913 AM
[ReportManager] Attempting to run locally on: [Mac-64], [GoogleChrome], Headless Execution. @30-09-2021 02:04:41.0913 AM
[ReportManager] Identifying OS/Driver combination and selecting the correct driver version automatically. Please note that if a new driver executable will be downloaded it may take some time... @30-09-2021 02:04:41.0914 AM
[ReportManager] Successfully Opened Google Chrome. @30-09-2021 02:04:42.0383 AM
[ReportManager] Initial window size: (800, 600) @30-09-2021 02:04:42.0389 AM
[ReportManager] Window size after SWD Maximize: (800, 600) @30-09-2021 02:04:42.0584 AM
[ReportManager] Window size after Toolkit: (1920, 1080) @30-09-2021 02:04:43.0212 AM
[ReportManager] Browser Action [MaximizeWindow] successfully performed. With the following test data [New screen size is now: (1920, 1080)]. @30-09-2021 02:04:43.0213 AM
[ReportManager] Target URL: [https://yari-demos.prod.mdn.mozit.cloud/en-US/docs/Web/HTML/Element/select/_sample_.Basic_select.html] @30-09-2021 02:04:43.0213 AM
[ReportManager] Initial URL: [data:,] @30-09-2021 02:04:43.0240 AM
[ReportManager] Browser Action [NavigateToURL] successfully performed. With the following test data [https://yari-demos.prod.mdn.mozit.cloud/en-US/docs/Web/HTML/Element/select/_sample_.Basic_select.html]. @30-09-2021 02:04:43.0421 AM
[ReportManager] Element Action [Select] successfully performed. With the following test data [Third Value]. @30-09-2021 02:04:43.0629 AM
[ReportManager] Element Action [GetSelectedText] successfully performed. With the following test data [Third Value]. @30-09-2021 02:04:43.0694 AM
[ReportManager] Third Value @30-09-2021 02:04:43.0694 AM
[ReportManager] Element Action [GetSelectedText] successfully performed. With the following test data [Third Value]. @30-09-2021 02:04:43.0755 AM
[ReportManager] Loaded Shared OpenCV @30-09-2021 02:04:44.0084 AM
[ReportManager] Assertion [ValidateElementAttribute] PASSED. Expected [Value Should be 'Third Value' for the 'selectedText' attribute, element locator 'By.tagName: select'] and Actual [Third Value]. Comparison Type [EQUALS]. Validation Type [POSITIVE]. @30-09-2021 02:04:44.0292 AM
[ReportManager] Successfully created attachment [Screenshot - 1632967484084_simpleSelect_ValidateElementAttribute_passed] @30-09-2021 02:04:44.0293 AM
[ReportManager] Browser Action [CloseCurrentWindow] successfully performed. @30-09-2021 02:04:44.0416 AM
[ReportManager] Successfully created attachment [Browser Action Test Data - CloseCurrentWindow - Actual Value] @30-09-2021 02:04:44.0416 A
[ReportManager] File Action [GetAbsolutePath] successfully performed. With the following test data [Relative Folder Path: "target/downloadedFiles/"]. @30-09-2021 02:04:44.0419 AM
[ReportManager] Attempting to run locally on: [Mac-64], [Safari], Headless Execution. @30-09-2021 02:04:44.0419 AM
[ReportManager] Successfully Opened Safari. @30-09-2021 02:04:45.0216 AM
[ReportManager] Initial window size: (800, 600) @30-09-2021 02:04:45.0245 AM
[ReportManager] Window size after SWD Maximize: (1176, 811) @30-09-2021 02:04:45.0270 AM
[ReportManager] Browser Action [MaximizeWindow] successfully performed. With the following test data [New screen size is now: (1176, 811)]. @30-09-2021 02:04:45.0271 A

################################################################################################################################################
Starting Execution:	[143 out of 144] test cases in the current suite
Test Method:		[testPackage01.Test_dynamicLoading.dynamicLoading_elementIsHidden]
################################################################################################################################################
[ReportManager] Target URL: [https://the-internet.herokuapp.com/dynamic_loading/1] @30-09-2021 02:04:45.0275 AM
[ReportManager] Initial URL: [] @30-09-2021 02:04:45.0347 AM
[ReportManager] Browser Action [NavigateToURL] successfully performed. With the following test data [https://the-internet.herokuapp.com/dynamic_loading/1]. @30-09-2021 02:04:45.0840 AM
[ReportManager] Element Action [Click] successfully performed. With the following test data [Start]. @30-09-2021 02:04:46.0093 AM
[ReportManager] Element Action [GetText] successfully performed. With the following test data [
    Hello World!
  ]. @30-09-2021 02:04:46.0125 A
[ReportManager] Browser Action [CloseCurrentWindow] successfully performed. @30-09-2021 02:04:46.0340 AM
[ReportManager] Successfully created attachment [Browser Action Test Data - CloseCurrentWindow - Actual Value] @30-09-2021 02:04:46.0341 A
[ReportManager] File Action [GetAbsolutePath] successfully performed. With the following test data [Relative Folder Path: "target/downloadedFiles/"]. @30-09-2021 02:04:46.0343 AM
[ReportManager] Attempting to run locally on: [Mac-64], [Safari], Headless Execution. @30-09-2021 02:04:46.0343 AM
[ReportManager] Successfully Opened Safari. @30-09-2021 02:04:47.0203 AM
[ReportManager] Initial window size: (800, 600) @30-09-2021 02:04:47.0214 AM
[ReportManager] Window size after SWD Maximize: (1176, 811) @30-09-2021 02:04:47.0230 AM
[ReportManager] Browser Action [MaximizeWindow] successfully performed. With the following test data [New screen size is now: (1176, 811)]. @30-09-2021 02:04:47.0230 A

################################################################################################################################################
Starting Execution:	[144 out of 144] test cases in the current suite
Test Method:		[testPackage01.Test_dynamicLoading.dynamicLoading_elementIsRendered]
################################################################################################################################################
[ReportManager] Target URL: [https://the-internet.herokuapp.com/dynamic_loading/2] @30-09-2021 02:04:47.0232 AM
[ReportManager] Initial URL: [] @30-09-2021 02:04:47.0297 AM
[ReportManager] Browser Action [NavigateToURL] successfully performed. With the following test data [https://the-internet.herokuapp.com/dynamic_loading/2]. @30-09-2021 02:04:47.0869 AM
[ReportManager] Element Action [Click] successfully performed. With the following test data [Start]. @30-09-2021 02:04:48.0148 AM
[ReportManager] Element Action [GetText] successfully performed. With the following test data [Hello World!]. @30-09-2021 02:04:53.0569 AM
[ReportManager] Loaded Shared OpenCV @30-09-2021 02:04:53.0625 AM
[ReportManager] Assertion [ValidateElementAttribute] PASSED. Expected [Value Should be 'Hello World!' for the 'text' attribute, element locator 'By.id: finish'] and Actual [Hello World!]. Comparison Type [CONTAINS]. Validation Type [POSITIVE]. @30-09-2021 02:04:53.0711 AM
[ReportManager] Successfully created attachment [Screenshot - 1632967493625_dynamicLoading_elementIsRendered_ValidateElementAttribute_passed] @30-09-2021 02:04:53.0712 A
[ReportManager] Browser Action [CloseCurrentWindow] successfully performed. @30-09-2021 02:04:53.0929 AM
[ReportManager] Successfully created attachment [Browser Action Test Data - CloseCurrentWindow - Actual Value] @30-09-2021 02:04:53.0930 A

################################################################################################################################################
Test Closure Activities
################################################################################################################################################
[ReportManager] Successfully created attachment [SHAFT Engine Logs - Execution log] @30-09-2021 02:04:53.0967 AM

################################################################################################################################################
This test run was powered by SHAFT Engine Version: [SHAFT Engine v5.3.20210902]
SHAFT Engine is licensed under the MIT License: [https://github.com/MohabMohie/SHAFT_ENGINE/blob/master/LICENSE].
################################################################################################################################################