################################################################################################################################################
Detected SHAFT Engine Version: [SHAFT Engine v6.1.20220113]
################################################################################################################################################
[ReportManager] File Action [GetAbsolutePath] successfully performed. With the following test data [Relative Folder Path: "target/downloadedFiles/"]. @09-02-2022 02:00:27.0465 AM
[ReportManager] Attempting to run locally on: [Mac-64], [Safari], Headless Execution. @09-02-2022 02:00:27.0484 AM
[ReportManager] An Exception Occured with this Message: Could not start a new session. Possible causes are invalid address of the remote server or browser start-up failure.. @09-02-2022 02:00:28.0959 AM
[ReportManager] Successfully created attachment [Exception Stack Trace - org.openqa.selenium.SessionNotCreatedException] @09-02-2022 02:00:28.0960 AM
[ReportManager] Driver Factory Action [createNewLocalDriverInstanceForSafari] failed. With the following test data [Failed to create a session on DESKTOP_SAFARI]. @09-02-2022 02:00:28.0961 A

################################################################################################################################################
Starting Execution:	[1 out of 165] test cases in the current suite
Test Method:		[unitTests.tests_element_elementActions.waitForElementToBePresent_false_expectedToFail]
###############################################################################################################################################



################################################################################################################################################
Starting Execution:	[2 out of 165] test cases in the current suite
Test Method:		[unitTests.tests_element_elementActions.waitForElementToBePresent_false_expectedToPass]
###############################################################################################################################################



################################################################################################################################################
Starting Execution:	[3 out of 165] test cases in the current suite
Test Method:		[unitTests.tests_element_elementActions.waitForElementToBePresent_moreThanOneElement_expectedToFail]
###############################################################################################################################################



################################################################################################################################################
Starting Execution:	[4 out of 165] test cases in the current suite
Test Method:		[unitTests.tests_element_elementActions.waitForElementToBePresent_true_expectedToFail]
###############################################################################################################################################



################################################################################################################################################
Starting Execution:	[5 out of 165] test cases in the current suite
Test Method:		[unitTests.tests_element_elementActions.waitForElementToBePresent_true_expectedToPass]
###############################################################################################################################################

[ReportManager] File Action [GetAbsolutePath] successfully performed. With the following test data [Relative Folder Path: "target/downloadedFiles/"]. @09-02-2022 02:00:30.0633 AM
[ReportManager] Attempting to run locally on: [Mac-64], [Safari], Headless Execution. @09-02-2022 02:00:30.0633 AM
[ReportManager] Successfully Opened Safari. @09-02-2022 02:00:37.0744 AM
[ReportManager] Initial window size: (800, 600) @09-02-2022 02:00:37.0767 AM
[ReportManager] Window size after SWD Maximize: (1176, 802) @09-02-2022 02:00:37.0815 AM
[ReportManager] Browser Action [MaximizeWindow] successfully performed. With the following test data [New screen size is now: (1176, 802)]. @09-02-2022 02:00:37.0816 AM
[ReportManager] Target URL: [https://duckduckgo.com] @09-02-2022 02:00:37.0821 AM
[ReportManager] Initial URL: [] @09-02-2022 02:00:37.0924 AM
[ReportManager] Browser Action [NavigateToURL] successfully performed. With the following test data [https://duckduckgo.com]. @09-02-2022 02:00:39.0408 A

################################################################################################################################################
Starting Execution:	[6 out of 165] test cases in the current suite
Test Method:		[unitTests.tests_browserActions.fullScreenWindow]
################################################################################################################################################
[ReportManager] Initial Windows Size: 1176x802 @09-02-2022 02:00:39.0609 AM
[ReportManager] Current Windows Size after fullScreen: 1176x885 @09-02-2022 02:00:40.0576 AM
[ReportManager] Browser Action [FullScreenWindow] successfully performed. @09-02-2022 02:00:40.0664 AM
[ReportManager] Successfully created attachment [Browser Action Test Data - FullScreenWindow - Actual Value] @09-02-2022 02:00:40.0707 A
[ReportManager] Target URL: [https://duckduckgo.com] @09-02-2022 02:00:40.0773 AM
[ReportManager] Initial URL: [https://duckduckgo.com] @09-02-2022 02:00:41.0112 AM
[ReportManager] Browser Action [NavigateToURL] successfully performed. With the following test data [https://duckduckgo.com]. @09-02-2022 02:00:41.0575 AM
[ReportManager] Browser Action [CloseCurrentWindow] successfully performed. @09-02-2022 02:00:41.0800 AM
[ReportManager] Successfully created attachment [Browser Action Test Data - CloseCurrentWindow - Actual Value] @09-02-2022 02:00:41.0846 A
[ReportManager] File Action [GetAbsolutePath] successfully performed. With the following test data [Relative Folder Path: "target/downloadedFiles/"]. @09-02-2022 02:00:41.0983 AM
[ReportManager] Attempting to run locally on: [Mac-64], [Safari], Headless Execution. @09-02-2022 02:00:41.0983 AM
[ReportManager] An Exception Occured with this Message: Could not start a new session. Possible causes are invalid address of the remote server or browser start-up failure.. @09-02-2022 02:00:42.0401 AM
[ReportManager] Successfully created attachment [Exception Stack Trace - org.openqa.selenium.SessionNotCreatedException] @09-02-2022 02:00:42.0443 AM
[ReportManager] Driver Factory Action [createNewLocalDriverInstanceForSafari] failed. With the following test data [Failed to create a session on DESKTOP_SAFARI]. @09-02-2022 02:00:42.0443 A

################################################################################################################################################
Starting Execution:	[7 out of 165] test cases in the current suite
Test Method:		[unitTests.tests_browserActions.getCurrentURL]
###############################################################################################################################################



################################################################################################################################################
Starting Execution:	[8 out of 165] test cases in the current suite
Test Method:		[unitTests.tests_browserActions.getCurrentWindowTitle]
###############################################################################################################################################



################################################################################################################################################
Starting Execution:	[9 out of 165] test cases in the current suite
Test Method:		[unitTests.tests_browserActions.getPageSource]
###############################################################################################################################################



################################################################################################################################################
Starting Execution:	[10 out of 165] test cases in the current suite
Test Method:		[unitTests.tests_browserActions.getWindowHandle]
###############################################################################################################################################



################################################################################################################################################
Starting Execution:	[11 out of 165] test cases in the current suite
Test Method:		[unitTests.tests_browserActions.getWindowPosition]
###############################################################################################################################################



################################################################################################################################################
Starting Execution:	[12 out of 165] test cases in the current suite
Test Method:		[unitTests.tests_browserActions.getWindowSize]
###############################################################################################################################################



################################################################################################################################################
Starting Execution:	[13 out of 165] test cases in the current suite
Test Method:		[unitTests.tests_browserActions.maximizeWindow]
###############################################################################################################################################



################################################################################################################################################
Starting Execution:	[14 out of 165] test cases in the current suite
Test Method:		[unitTests.tests_browserActions.navigateBack]
###############################################################################################################################################



################################################################################################################################################
Starting Execution:	[15 out of 165] test cases in the current suite
Test Method:		[unitTests.tests_browserActions.navigateForward]
###############################################################################################################################################



################################################################################################################################################
Starting Execution:	[16 out of 165] test cases in the current suite
Test Method:		[unitTests.tests_browserActions.navigateToURL]
###############################################################################################################################################



################################################################################################################################################
Starting Execution:	[17 out of 165] test cases in the current suite
Test Method:		[unitTests.tests_browserActions.navigateToURLWithRedirection]
###############################################################################################################################################



################################################################################################################################################
Starting Execution:	[18 out of 165] test cases in the current suite
Test Method:		[unitTests.tests_browserActions.refreshCurrentPage]
###############################################################################################################################################



################################################################################################################################################
Starting Execution:	[19 out of 165] test cases in the current suite
Test Method:		[unitTests.tests_browserActions.setWindowSize]
###############################################################################################################################################

[ReportManager] Successfully loaded the following test data file [src/test/resources/testDataFiles/testSuite01/TestData.xlsx]. @09-02-2022 02:00:45.0432 AM
[ReportManager] Successfully created attachment [Test Data - Excel] @09-02-2022 02:00:45.0433 A

################################################################################################################################################
Starting Execution:	[20 out of 165] test cases in the current suite
Test Method:		[unitTests.tests_io_excelFileManager.getCellData_rowName_expectedToPass]
################################################################################################################################################
[ReportManager] testRowData. @09-02-2022 02:00:45.0447 A

################################################################################################################################################
Starting Execution:	[21 out of 165] test cases in the current suite
Test Method:		[unitTests.tests_validations_assertions.assertComparativeRelation_greaterThanOrEquals_false_equals_expectedToFail]
################################################################################################################################################
[ReportManager] Assertion [ValidateComparativeRelation] FAILED. Expected [1] and Actual [1]. Comparison Type [GREATER_THAN_OR_EQUALS]. Validation Type [NEGATIVE]. @09-02-2022 02:00:45.0460 A

################################################################################################################################################
Starting Execution:	[22 out of 165] test cases in the current suite
Test Method:		[unitTests.tests_validations_assertions.assertComparativeRelation_greaterThanOrEquals_false_equals_expectedToPass]
################################################################################################################################################
[ReportManager] Assertion [ValidateComparativeRelation] PASSED. Expected [2] and Actual [1]. Comparison Type [GREATER_THAN_OR_EQUALS]. Validation Type [NEGATIVE]. @09-02-2022 02:00:45.0479 A

################################################################################################################################################
Starting Execution:	[23 out of 165] test cases in the current suite
Test Method:		[unitTests.tests_validations_assertions.assertComparativeRelation_greaterThanOrEquals_false_greaterThan_expectedToFail]
################################################################################################################################################
[ReportManager] Assertion [ValidateComparativeRelation] FAILED. Expected [1] and Actual [2]. Comparison Type [GREATER_THAN_OR_EQUALS]. Validation Type [NEGATIVE]. @09-02-2022 02:00:45.0491 A

################################################################################################################################################
Starting Execution:	[24 out of 165] test cases in the current suite
Test Method:		[unitTests.tests_validations_assertions.assertComparativeRelation_greaterThanOrEquals_false_greaterThan_expectedToPass]
################################################################################################################################################
[ReportManager] Assertion [ValidateComparativeRelation] PASSED. Expected [2] and Actual [1]. Comparison Type [GREATER_THAN_OR_EQUALS]. Validation Type [NEGATIVE]. @09-02-2022 02:00:45.0496 A

################################################################################################################################################
Starting Execution:	[25 out of 165] test cases in the current suite
Test Method:		[unitTests.tests_validations_assertions.assertComparativeRelation_greaterThanOrEquals_true_equals_expectedToFail]
################################################################################################################################################
[ReportManager] Assertion [ValidateComparativeRelation] FAILED. Expected [1] and Actual [0]. Comparison Type [GREATER_THAN_OR_EQUALS]. Validation Type [POSITIVE]. @09-02-2022 02:00:45.0500 A

################################################################################################################################################
Starting Execution:	[26 out of 165] test cases in the current suite
Test Method:		[unitTests.tests_validations_assertions.assertComparativeRelation_greaterThanOrEquals_true_equals_expectedToPass]
################################################################################################################################################
[ReportManager] Assertion [ValidateComparativeRelation] PASSED. Expected [1] and Actual [1]. Comparison Type [GREATER_THAN_OR_EQUALS]. Validation Type [POSITIVE]. @09-02-2022 02:00:45.0505 A

################################################################################################################################################
Starting Execution:	[27 out of 165] test cases in the current suite
Test Method:		[unitTests.tests_validations_assertions.assertComparativeRelation_greaterThanOrEquals_true_greaterThan_expectedToFail]
################################################################################################################################################
[ReportManager] Assertion [ValidateComparativeRelation] FAILED. Expected [2] and Actual [1]. Comparison Type [GREATER_THAN_OR_EQUALS]. Validation Type [POSITIVE]. @09-02-2022 02:00:45.0509 A

################################################################################################################################################
Starting Execution:	[28 out of 165] test cases in the current suite
Test Method:		[unitTests.tests_validations_assertions.assertComparativeRelation_greaterThanOrEquals_true_greaterThan_expectedToPass]
################################################################################################################################################
[ReportManager] Assertion [ValidateComparativeRelation] PASSED. Expected [1] and Actual [2]. Comparison Type [GREATER_THAN_OR_EQUALS]. Validation Type [POSITIVE]. @09-02-2022 02:00:45.0514 A
[ReportManager] File Action [GetAbsolutePath] successfully performed. With the following test data [Relative Folder Path: "target/downloadedFiles/"]. @09-02-2022 02:00:45.0517 AM
[ReportManager] Attempting to run locally on: [Mac-64], [Safari], Headless Execution. @09-02-2022 02:00:45.0517 AM
[ReportManager] Successfully Opened Safari. @09-02-2022 02:00:46.0505 AM
[ReportManager] Initial window size: (800, 600) @09-02-2022 02:00:46.0543 AM
[ReportManager] Window size after SWD Maximize: (1176, 802) @09-02-2022 02:00:46.0576 AM
[ReportManager] Browser Action [MaximizeWindow] successfully performed. With the following test data [New screen size is now: (1176, 802)]. @09-02-2022 02:00:46.0576 AM
[ReportManager] Target URL: [https://www.google.com/ncr], and after redirection: [www.google.com] @09-02-2022 02:00:46.0577 AM
[ReportManager] Initial URL: [] @09-02-2022 02:00:46.0634 AM
[ReportManager] Browser Action [NavigateToURL] successfully performed. With the following test data [https://www.google.com/ncr]. @09-02-2022 02:00:47.0729 A

################################################################################################################################################
Starting Execution:	[29 out of 165] test cases in the current suite
Test Method:		[unitTests.tests_validations_assertions.assertElementAttribute_false_caseInsensitiveComparison_expectedToFail]
################################################################################################################################################
[ReportManager] Element Action [Type] successfully performed. With the following test data [AUTOMATION]. @09-02-2022 02:00:48.0118 AM
[ReportManager] Element Action [GetText] successfully performed. With the following test data [AUTOMATION]. @09-02-2022 02:00:48.0200 AM
[ReportManager] Assertion [ValidateElementAttribute] FAILED. Expected [Value Should not be 'AutomaTion' for the 'text' attribute, element locator 'By.name: q'] and Actual [AUTOMATION]. Comparison Type [CASE_INSENSITIVE]. Validation Type [NEGATIVE]. @09-02-2022 02:00:53.0579 AM
[ReportManager] Successfully created attachment [Screenshot - 1644372049110_assertElementAttribute_false_caseInsensitiveComparison_expectedToFail_ValidateElementAttribute_failed] @09-02-2022 02:00:53.0595 A
[ReportManager] Browser Action [CloseCurrentWindow] successfully performed. @09-02-2022 02:00:53.0995 AM
[ReportManager] Successfully created attachment [Browser Action Test Data - CloseCurrentWindow - Actual Value] @09-02-2022 02:00:53.0996 A
[ReportManager] File Action [GetAbsolutePath] successfully performed. With the following test data [Relative Folder Path: "target/downloadedFiles/"]. @09-02-2022 02:00:54.0001 AM
[ReportManager] Attempting to run locally on: [Mac-64], [Safari], Headless Execution. @09-02-2022 02:00:54.0001 AM
[ReportManager] Successfully Opened Safari. @09-02-2022 02:00:55.0039 AM
[ReportManager] Initial window size: (800, 600) @09-02-2022 02:00:55.0053 AM
[ReportManager] Window size after SWD Maximize: (1176, 803) @09-02-2022 02:00:55.0086 AM
[ReportManager] Browser Action [MaximizeWindow] successfully performed. With the following test data [New screen size is now: (1176, 803)]. @09-02-2022 02:00:55.0086 AM
[ReportManager] Target URL: [https://www.google.com/ncr], and after redirection: [www.google.com] @09-02-2022 02:00:55.0087 AM
[ReportManager] Initial URL: [] @09-02-2022 02:00:55.0157 AM
[ReportManager] Browser Action [NavigateToURL] successfully performed. With the following test data [https://www.google.com/ncr]. @09-02-2022 02:00:56.0191 A

################################################################################################################################################
Starting Execution:	[30 out of 165] test cases in the current suite
Test Method:		[unitTests.tests_validations_assertions.assertElementAttribute_false_caseInsensitiveComparison_expectedToPass]
################################################################################################################################################
[ReportManager] Element Action [Type] successfully performed. With the following test data [AUTOMATION]. @09-02-2022 02:00:56.0769 AM
[ReportManager] Element Action [GetText] successfully performed. With the following test data [AUTOMATION]. @09-02-2022 02:00:56.0871 AM
[ReportManager] Assertion [ValidateElementAttribute] PASSED. Expected [Value Should not be 'AutomaTion123' for the 'text' attribute, element locator 'By.name: q'] and Actual [AUTOMATION]. Comparison Type [CASE_INSENSITIVE]. Validation Type [NEGATIVE]. @09-02-2022 02:00:57.0323 AM
[ReportManager] Successfully created attachment [Screenshot - 1644372057179_assertElementAttribute_false_caseInsensitiveComparison_expectedToPass_ValidateElementAttribute_passed] @09-02-2022 02:00:57.0328 A
[ReportManager] Browser Action [CloseCurrentWindow] successfully performed. @09-02-2022 02:00:57.0722 AM
[ReportManager] Successfully created attachment [Browser Action Test Data - CloseCurrentWindow - Actual Value] @09-02-2022 02:00:57.0723 A
[ReportManager] File Action [GetAbsolutePath] successfully performed. With the following test data [Relative Folder Path: "target/downloadedFiles/"]. @09-02-2022 02:00:57.0727 AM
[ReportManager] Attempting to run locally on: [Mac-64], [Safari], Headless Execution. @09-02-2022 02:00:57.0727 AM
[ReportManager] Successfully Opened Safari. @09-02-2022 02:00:58.0633 AM
[ReportManager] Initial window size: (800, 600) @09-02-2022 02:00:58.0647 AM
[ReportManager] Window size after SWD Maximize: (1176, 803) @09-02-2022 02:00:58.0664 AM
[ReportManager] Browser Action [MaximizeWindow] successfully performed. With the following test data [New screen size is now: (1176, 803)]. @09-02-2022 02:00:58.0664 AM
[ReportManager] Target URL: [https://www.google.com/ncr], and after redirection: [www.google.com] @09-02-2022 02:00:58.0664 AM
[ReportManager] Initial URL: [] @09-02-2022 02:00:58.0741 AM
[ReportManager] Browser Action [NavigateToURL] successfully performed. With the following test data [https://www.google.com/ncr]. @09-02-2022 02:01:00.0438 A

################################################################################################################################################
Starting Execution:	[31 out of 165] test cases in the current suite
Test Method:		[unitTests.tests_validations_assertions.assertElementAttribute_false_containsComparison_expectedToFail]
################################################################################################################################################
[ReportManager] Element Action [Type] successfully performed. With the following test data [Automation123]. @09-02-2022 02:01:00.0796 AM
[ReportManager] Element Action [GetText] successfully performed. With the following test data [Automation123]. @09-02-2022 02:01:00.0870 AM
[ReportManager] Assertion [ValidateElementAttribute] FAILED. Expected [Value Should not be 'Automation' for the 'text' attribute, element locator 'By.name: q'] and Actual [Automation123]. Comparison Type [CONTAINS]. Validation Type [NEGATIVE]. @09-02-2022 02:01:01.0113 AM
[ReportManager] Successfully created attachment [Screenshot - 1644372060967_assertElementAttribute_false_containsComparison_expectedToFail_ValidateElementAttribute_failed] @09-02-2022 02:01:01.0115 A
[ReportManager] Browser Action [CloseCurrentWindow] successfully performed. @09-02-2022 02:01:01.0519 AM
[ReportManager] Successfully created attachment [Browser Action Test Data - CloseCurrentWindow - Actual Value] @09-02-2022 02:01:01.0521 A
[ReportManager] File Action [GetAbsolutePath] successfully performed. With the following test data [Relative Folder Path: "target/downloadedFiles/"]. @09-02-2022 02:01:01.0525 AM
[ReportManager] Attempting to run locally on: [Mac-64], [Safari], Headless Execution. @09-02-2022 02:01:01.0525 AM
[ReportManager] Successfully Opened Safari. @09-02-2022 02:01:02.0512 AM
[ReportManager] Initial window size: (800, 600) @09-02-2022 02:01:02.0519 AM
[ReportManager] Window size after SWD Maximize: (1176, 803) @09-02-2022 02:01:02.0554 AM
[ReportManager] Browser Action [MaximizeWindow] successfully performed. With the following test data [New screen size is now: (1176, 803)]. @09-02-2022 02:01:02.0555 AM
[ReportManager] Target URL: [https://www.google.com/ncr], and after redirection: [www.google.com] @09-02-2022 02:01:02.0555 AM
[ReportManager] Initial URL: [] @09-02-2022 02:01:02.0617 AM
[ReportManager] Browser Action [NavigateToURL] successfully performed. With the following test data [https://www.google.com/ncr]. @09-02-2022 02:01:04.0234 A

################################################################################################################################################
Starting Execution:	[32 out of 165] test cases in the current suite
Test Method:		[unitTests.tests_validations_assertions.assertElementAttribute_false_containsComparison_expectedToPass]
################################################################################################################################################
[ReportManager] Element Action [Type] successfully performed. With the following test data [Automation123]. @09-02-2022 02:01:04.0827 AM
[ReportManager] Element Action [GetText] successfully performed. With the following test data [Automation123]. @09-02-2022 02:01:04.0940 AM
[ReportManager] Assertion [ValidateElementAttribute] PASSED. Expected [Value Should not be 'Automation1234' for the 'text' attribute, element locator 'By.name: q'] and Actual [Automation123]. Comparison Type [CONTAINS]. Validation Type [NEGATIVE]. @09-02-2022 02:01:05.0137 AM
[ReportManager] Successfully created attachment [Screenshot - 1644372065049_assertElementAttribute_false_containsComparison_expectedToPass_ValidateElementAttribute_passed] @09-02-2022 02:01:05.0138 A
[ReportManager] Browser Action [CloseCurrentWindow] successfully performed. @09-02-2022 02:01:05.0585 AM
[ReportManager] Successfully created attachment [Browser Action Test Data - CloseCurrentWindow - Actual Value] @09-02-2022 02:01:05.0587 A
[ReportManager] File Action [GetAbsolutePath] successfully performed. With the following test data [Relative Folder Path: "target/downloadedFiles/"]. @09-02-2022 02:01:05.0593 AM
[ReportManager] Attempting to run locally on: [Mac-64], [Safari], Headless Execution. @09-02-2022 02:01:05.0593 AM
[ReportManager] Successfully Opened Safari. @09-02-2022 02:01:06.0518 AM
[ReportManager] Initial window size: (800, 600) @09-02-2022 02:01:06.0590 AM
[ReportManager] Window size after SWD Maximize: (1176, 803) @09-02-2022 02:01:06.0640 AM
[ReportManager] Browser Action [MaximizeWindow] successfully performed. With the following test data [New screen size is now: (1176, 803)]. @09-02-2022 02:01:06.0640 AM
[ReportManager] Target URL: [https://www.google.com/ncr], and after redirection: [www.google.com] @09-02-2022 02:01:06.0640 AM
[ReportManager] Initial URL: [] @09-02-2022 02:01:06.0676 AM
[ReportManager] Browser Action [NavigateToURL] successfully performed. With the following test data [https://www.google.com/ncr]. @09-02-2022 02:01:08.0384 A

################################################################################################################################################
Starting Execution:	[33 out of 165] test cases in the current suite
Test Method:		[unitTests.tests_validations_assertions.assertElementAttribute_false_literalComparison_expectedToFail]
################################################################################################################################################
[ReportManager] Element Action [Type] successfully performed. With the following test data [Automation!@#$%^&*()_+{}[]\';/.,]. @09-02-2022 02:01:08.0997 AM
[ReportManager] Element Action [GetText] successfully performed. With the following test data [Automation!@#$%^&*()_+{}[]\';/.,]. @09-02-2022 02:01:09.0088 AM
[ReportManager] Assertion [ValidateElementAttribute] PASSED. Expected [Value Should not be 'Automation!@#$%^&*()_+{}[]\\';/.,' for the 'text' attribute, element locator 'By.name: q'] and Actual [Automation!@#$%^&*()_+{}[]\';/.,]. Comparison Type [EQUALS]. Validation Type [NEGATIVE]. @09-02-2022 02:01:09.0279 AM
[ReportManager] Successfully created attachment [Screenshot - 1644372069206_assertElementAttribute_false_literalComparison_expectedToFail_ValidateElementAttribute_passed] @09-02-2022 02:01:09.0281 A
[ReportManager] Browser Action [CloseCurrentWindow] successfully performed. @09-02-2022 02:01:09.0722 AM
[ReportManager] Successfully created attachment [Browser Action Test Data - CloseCurrentWindow - Actual Value] @09-02-2022 02:01:09.0723 A
[ReportManager] File Action [GetAbsolutePath] successfully performed. With the following test data [Relative Folder Path: "target/downloadedFiles/"]. @09-02-2022 02:01:09.0730 AM
[ReportManager] Attempting to run locally on: [Mac-64], [Safari], Headless Execution. @09-02-2022 02:01:09.0730 AM
[ReportManager] Successfully Opened Safari. @09-02-2022 02:01:10.0688 AM
[ReportManager] Initial window size: (800, 600) @09-02-2022 02:01:10.0754 AM
[ReportManager] Window size after SWD Maximize: (1176, 803) @09-02-2022 02:01:10.0789 AM
[ReportManager] Browser Action [MaximizeWindow] successfully performed. With the following test data [New screen size is now: (1176, 803)]. @09-02-2022 02:01:10.0789 AM
[ReportManager] Target URL: [https://www.google.com/ncr], and after redirection: [www.google.com] @09-02-2022 02:01:10.0789 AM
[ReportManager] Initial URL: [] @09-02-2022 02:01:10.0837 AM
[ReportManager] Browser Action [NavigateToURL] successfully performed. With the following test data [https://www.google.com/ncr]. @09-02-2022 02:01:12.0276 A

################################################################################################################################################
Starting Execution:	[34 out of 165] test cases in the current suite
Test Method:		[unitTests.tests_validations_assertions.assertElementAttribute_false_literalComparison_expectedToPass]
################################################################################################################################################
[ReportManager] Element Action [Type] successfully performed. With the following test data [Automation!@#$%^&*()_+{}[]\';/.,]. @09-02-2022 02:01:13.0000 AM
[ReportManager] Element Action [GetText] successfully performed. With the following test data [Automation!@#$%^&*()_+{}[]\';/.,]. @09-02-2022 02:01:13.0283 AM
[ReportManager] Assertion [ValidateElementAttribute] PASSED. Expected [Value Should not be 'Automation' for the 'text' attribute, element locator 'By.name: q'] and Actual [Automation!@#$%^&*()_+{}[]\';/.,]. Comparison Type [EQUALS]. Validation Type [NEGATIVE]. @09-02-2022 02:01:13.0510 AM
[ReportManager] Successfully created attachment [Screenshot - 1644372073385_assertElementAttribute_false_literalComparison_expectedToPass_ValidateElementAttribute_passed] @09-02-2022 02:01:13.0512 A
[ReportManager] Browser Action [CloseCurrentWindow] successfully performed. @09-02-2022 02:01:13.0848 AM
[ReportManager] Successfully created attachment [Browser Action Test Data - CloseCurrentWindow - Actual Value] @09-02-2022 02:01:13.0849 A
[ReportManager] File Action [GetAbsolutePath] successfully performed. With the following test data [Relative Folder Path: "target/downloadedFiles/"]. @09-02-2022 02:01:13.0853 AM
[ReportManager] Attempting to run locally on: [Mac-64], [Safari], Headless Execution. @09-02-2022 02:01:13.0853 AM
[ReportManager] Successfully Opened Safari. @09-02-2022 02:01:14.0755 AM
[ReportManager] Initial window size: (800, 600) @09-02-2022 02:01:14.0796 AM
[ReportManager] Window size after SWD Maximize: (1176, 803) @09-02-2022 02:01:14.0913 AM
[ReportManager] Browser Action [MaximizeWindow] successfully performed. With the following test data [New screen size is now: (1176, 803)]. @09-02-2022 02:01:14.0913 AM
[ReportManager] Target URL: [https://www.google.com/ncr], and after redirection: [www.google.com] @09-02-2022 02:01:14.0913 AM
[ReportManager] Initial URL: [] @09-02-2022 02:01:14.0959 AM
[ReportManager] Browser Action [NavigateToURL] successfully performed. With the following test data [https://www.google.com/ncr]. @09-02-2022 02:01:16.0412 A

################################################################################################################################################
Starting Execution:	[35 out of 165] test cases in the current suite
Test Method:		[unitTests.tests_validations_assertions.assertElementAttribute_false_regexComparison_expectedToFail]
################################################################################################################################################
[ReportManager] Element Action [Type] successfully performed. With the following test data [Automation123]. @09-02-2022 02:01:16.0796 AM
[ReportManager] Element Action [GetText] successfully performed. With the following test data [Automation123]. @09-02-2022 02:01:16.0969 AM
[ReportManager] Assertion [ValidateElementAttribute] FAILED. Expected [Value Should not be 'Automation.*' for the 'text' attribute, element locator 'By.name: q'] and Actual [Automation123]. Comparison Type [MATCHES]. Validation Type [NEGATIVE]. @09-02-2022 02:01:17.0180 AM
[ReportManager] Successfully created attachment [Screenshot - 1644372077058_assertElementAttribute_false_regexComparison_expectedToFail_ValidateElementAttribute_failed] @09-02-2022 02:01:17.0181 A
[ReportManager] Browser Action [CloseCurrentWindow] successfully performed. @09-02-2022 02:01:17.0556 AM
[ReportManager] Successfully created attachment [Browser Action Test Data - CloseCurrentWindow - Actual Value] @09-02-2022 02:01:17.0557 A
[ReportManager] File Action [GetAbsolutePath] successfully performed. With the following test data [Relative Folder Path: "target/downloadedFiles/"]. @09-02-2022 02:01:17.0560 AM
[ReportManager] Attempting to run locally on: [Mac-64], [Safari], Headless Execution. @09-02-2022 02:01:17.0561 AM
[ReportManager] Successfully Opened Safari. @09-02-2022 02:01:18.0584 AM
[ReportManager] Initial window size: (800, 600) @09-02-2022 02:01:18.0590 AM
[ReportManager] Window size after SWD Maximize: (1176, 803) @09-02-2022 02:01:18.0624 AM
[ReportManager] Browser Action [MaximizeWindow] successfully performed. With the following test data [New screen size is now: (1176, 803)]. @09-02-2022 02:01:18.0624 AM
[ReportManager] Target URL: [https://www.google.com/ncr], and after redirection: [www.google.com] @09-02-2022 02:01:18.0625 AM
[ReportManager] Initial URL: [] @09-02-2022 02:01:18.0674 AM
[ReportManager] Browser Action [NavigateToURL] successfully performed. With the following test data [https://www.google.com/ncr]. @09-02-2022 02:01:20.0143 A

################################################################################################################################################
Starting Execution:	[36 out of 165] test cases in the current suite
Test Method:		[unitTests.tests_validations_assertions.assertElementAttribute_false_regexComparison_expectedToPass]
################################################################################################################################################
[ReportManager] Element Action [Type] successfully performed. With the following test data [Automation123]. @09-02-2022 02:01:20.0786 AM
[ReportManager] Element Action [GetText] successfully performed. With the following test data [Automation123]. @09-02-2022 02:01:20.0875 AM
[ReportManager] Assertion [ValidateElementAttribute] PASSED. Expected [Value Should not be 'Automation' for the 'text' attribute, element locator 'By.name: q'] and Actual [Automation123]. Comparison Type [MATCHES]. Validation Type [NEGATIVE]. @09-02-2022 02:01:21.0123 AM
[ReportManager] Successfully created attachment [Screenshot - 1644372081001_assertElementAttribute_false_regexComparison_expectedToPass_ValidateElementAttribute_passed] @09-02-2022 02:01:21.0125 A
[ReportManager] Browser Action [CloseCurrentWindow] successfully performed. @09-02-2022 02:01:21.0618 AM
[ReportManager] Successfully created attachment [Browser Action Test Data - CloseCurrentWindow - Actual Value] @09-02-2022 02:01:21.0619 A
[ReportManager] File Action [GetAbsolutePath] successfully performed. With the following test data [Relative Folder Path: "target/downloadedFiles/"]. @09-02-2022 02:01:21.0622 AM
[ReportManager] Attempting to run locally on: [Mac-64], [Safari], Headless Execution. @09-02-2022 02:01:21.0622 AM
[ReportManager] Successfully Opened Safari. @09-02-2022 02:01:22.0539 AM
[ReportManager] Initial window size: (800, 600) @09-02-2022 02:01:22.0570 AM
[ReportManager] Window size after SWD Maximize: (1176, 803) @09-02-2022 02:01:22.0610 AM
[ReportManager] Browser Action [MaximizeWindow] successfully performed. With the following test data [New screen size is now: (1176, 803)]. @09-02-2022 02:01:22.0611 AM
[ReportManager] Target URL: [https://www.google.com/ncr], and after redirection: [www.google.com] @09-02-2022 02:01:22.0611 AM
[ReportManager] Initial URL: [] @09-02-2022 02:01:22.0649 AM
[ReportManager] Browser Action [NavigateToURL] successfully performed. With the following test data [https://www.google.com/ncr]. @09-02-2022 02:01:24.0031 A

################################################################################################################################################
Starting Execution:	[37 out of 165] test cases in the current suite
Test Method:		[unitTests.tests_validations_assertions.assertElementAttribute_true_caseInsensitiveComparison_expectedToFail]
################################################################################################################################################
[ReportManager] Element Action [Type] successfully performed. With the following test data [AUTOMATION]. @09-02-2022 02:01:24.0479 AM
[ReportManager] Element Action [GetText] successfully performed. With the following test data [AUTOMATION]. @09-02-2022 02:01:24.0544 AM
[ReportManager] Assertion [ValidateElementAttribute] FAILED. Expected [Value Should be 'AutomaTion123' for the 'text' attribute, element locator 'By.name: q'] and Actual [AUTOMATION]. Comparison Type [CASE_INSENSITIVE]. Validation Type [POSITIVE]. @09-02-2022 02:01:24.0964 AM
[ReportManager] Successfully created attachment [Screenshot - 1644372084879_assertElementAttribute_true_caseInsensitiveComparison_expectedToFail_ValidateElementAttribute_failed] @09-02-2022 02:01:24.0965 A
[ReportManager] Browser Action [CloseCurrentWindow] successfully performed. @09-02-2022 02:01:25.0126 AM
[ReportManager] Successfully created attachment [Browser Action Test Data - CloseCurrentWindow - Actual Value] @09-02-2022 02:01:25.0127 A
[ReportManager] File Action [GetAbsolutePath] successfully performed. With the following test data [Relative Folder Path: "target/downloadedFiles/"]. @09-02-2022 02:01:25.0131 AM
[ReportManager] Attempting to run locally on: [Mac-64], [Safari], Headless Execution. @09-02-2022 02:01:25.0131 AM
[ReportManager] Successfully Opened Safari. @09-02-2022 02:01:25.0998 AM
[ReportManager] Initial window size: (800, 600) @09-02-2022 02:01:26.0013 AM
[ReportManager] Window size after SWD Maximize: (1176, 803) @09-02-2022 02:01:26.0027 AM
[ReportManager] Browser Action [MaximizeWindow] successfully performed. With the following test data [New screen size is now: (1176, 803)]. @09-02-2022 02:01:26.0027 AM
[ReportManager] Target URL: [https://www.google.com/ncr], and after redirection: [www.google.com] @09-02-2022 02:01:26.0027 AM
[ReportManager] Initial URL: [] @09-02-2022 02:01:26.0103 AM
[ReportManager] Browser Action [NavigateToURL] successfully performed. With the following test data [https://www.google.com/ncr]. @09-02-2022 02:01:27.0665 A

################################################################################################################################################
Starting Execution:	[38 out of 165] test cases in the current suite
Test Method:		[unitTests.tests_validations_assertions.assertElementAttribute_true_caseInsensitiveComparison_expectedToPass]
################################################################################################################################################
[ReportManager] Element Action [Type] successfully performed. With the following test data [AUTOMATION]. @09-02-2022 02:01:28.0222 AM
[ReportManager] Element Action [GetText] successfully performed. With the following test data [AUTOMATION]. @09-02-2022 02:01:28.0378 AM
[ReportManager] Assertion [ValidateElementAttribute] PASSED. Expected [Value Should be 'AutomaTion' for the 'text' attribute, element locator 'By.name: q'] and Actual [AUTOMATION]. Comparison Type [CASE_INSENSITIVE]. Validation Type [POSITIVE]. @09-02-2022 02:01:28.0596 AM
[ReportManager] Successfully created attachment [Screenshot - 1644372088482_assertElementAttribute_true_caseInsensitiveComparison_expectedToPass_ValidateElementAttribute_passed] @09-02-2022 02:01:28.0597 A
[ReportManager] Browser Action [CloseCurrentWindow] successfully performed. @09-02-2022 02:01:28.0712 AM
[ReportManager] Successfully created attachment [Browser Action Test Data - CloseCurrentWindow - Actual Value] @09-02-2022 02:01:28.0713 A
[ReportManager] File Action [GetAbsolutePath] successfully performed. With the following test data [Relative Folder Path: "target/downloadedFiles/"]. @09-02-2022 02:01:28.0716 AM
[ReportManager] Attempting to run locally on: [Mac-64], [Safari], Headless Execution. @09-02-2022 02:01:28.0716 AM
[ReportManager] Successfully Opened Safari. @09-02-2022 02:01:29.0602 AM
[ReportManager] Initial window size: (800, 600) @09-02-2022 02:01:29.0672 AM
[ReportManager] Window size after SWD Maximize: (1176, 803) @09-02-2022 02:01:29.0725 AM
[ReportManager] Browser Action [MaximizeWindow] successfully performed. With the following test data [New screen size is now: (1176, 803)]. @09-02-2022 02:01:29.0726 AM
[ReportManager] Target URL: [https://www.google.com/ncr], and after redirection: [www.google.com] @09-02-2022 02:01:29.0726 AM
[ReportManager] Initial URL: [] @09-02-2022 02:01:29.0777 AM
[ReportManager] Browser Action [NavigateToURL] successfully performed. With the following test data [https://www.google.com/ncr]. @09-02-2022 02:01:31.0223 A

################################################################################################################################################
Starting Execution:	[39 out of 165] test cases in the current suite
Test Method:		[unitTests.tests_validations_assertions.assertElementAttribute_true_containsComparison_expectedToFail]
################################################################################################################################################
[ReportManager] Element Action [Type] successfully performed. With the following test data [Automation123]. @09-02-2022 02:01:31.0677 AM
[ReportManager] Element Action [GetText] successfully performed. With the following test data [Automation123]. @09-02-2022 02:01:31.0874 AM
[ReportManager] Assertion [ValidateElementAttribute] FAILED. Expected [Value Should be 'Automation1234' for the 'text' attribute, element locator 'By.name: q'] and Actual [Automation123]. Comparison Type [CONTAINS]. Validation Type [POSITIVE]. @09-02-2022 02:01:32.0128 AM
[ReportManager] Successfully created attachment [Screenshot - 1644372092025_assertElementAttribute_true_containsComparison_expectedToFail_ValidateElementAttribute_failed] @09-02-2022 02:01:32.0129 A
[ReportManager] Browser Action [CloseCurrentWindow] successfully performed. @09-02-2022 02:01:32.0602 AM
[ReportManager] Successfully created attachment [Browser Action Test Data - CloseCurrentWindow - Actual Value] @09-02-2022 02:01:32.0603 A
[ReportManager] File Action [GetAbsolutePath] successfully performed. With the following test data [Relative Folder Path: "target/downloadedFiles/"]. @09-02-2022 02:01:32.0607 AM
[ReportManager] Attempting to run locally on: [Mac-64], [Safari], Headless Execution. @09-02-2022 02:01:32.0607 AM
[ReportManager] Successfully Opened Safari. @09-02-2022 02:01:33.0476 AM
[ReportManager] Initial window size: (800, 600) @09-02-2022 02:01:33.0553 AM
[ReportManager] Window size after SWD Maximize: (1176, 803) @09-02-2022 02:01:33.0593 AM
[ReportManager] Browser Action [MaximizeWindow] successfully performed. With the following test data [New screen size is now: (1176, 803)]. @09-02-2022 02:01:33.0594 AM
[ReportManager] Target URL: [https://www.google.com/ncr], and after redirection: [www.google.com] @09-02-2022 02:01:33.0594 AM
[ReportManager] Initial URL: [] @09-02-2022 02:01:33.0648 AM
[ReportManager] Browser Action [NavigateToURL] successfully performed. With the following test data [https://www.google.com/ncr]. @09-02-2022 02:01:35.0230 A

################################################################################################################################################
Starting Execution:	[40 out of 165] test cases in the current suite
Test Method:		[unitTests.tests_validations_assertions.assertElementAttribute_true_containsComparison_expectedToPass]
################################################################################################################################################
[ReportManager] Element Action [Type] successfully performed. With the following test data [Automation123]. @09-02-2022 02:01:35.0606 AM
[ReportManager] Element Action [GetText] successfully performed. With the following test data [Automation123]. @09-02-2022 02:01:35.0691 AM
[ReportManager] Assertion [ValidateElementAttribute] PASSED. Expected [Value Should be 'Automation' for the 'text' attribute, element locator 'By.name: q'] and Actual [Automation123]. Comparison Type [CONTAINS]. Validation Type [POSITIVE]. @09-02-2022 02:01:35.0857 AM
[ReportManager] Successfully created attachment [Screenshot - 1644372095786_assertElementAttribute_true_containsComparison_expectedToPass_ValidateElementAttribute_passed] @09-02-2022 02:01:35.0859 A
[ReportManager] Browser Action [CloseCurrentWindow] successfully performed. @09-02-2022 02:01:36.0370 AM
[ReportManager] Successfully created attachment [Browser Action Test Data - CloseCurrentWindow - Actual Value] @09-02-2022 02:01:36.0371 A
[ReportManager] File Action [GetAbsolutePath] successfully performed. With the following test data [Relative Folder Path: "target/downloadedFiles/"]. @09-02-2022 02:01:36.0375 AM
[ReportManager] Attempting to run locally on: [Mac-64], [Safari], Headless Execution. @09-02-2022 02:01:36.0375 AM
[ReportManager] Successfully Opened Safari. @09-02-2022 02:01:37.0223 AM
[ReportManager] Initial window size: (800, 600) @09-02-2022 02:01:37.0293 AM
[ReportManager] Window size after SWD Maximize: (1176, 803) @09-02-2022 02:01:37.0376 AM
[ReportManager] Browser Action [MaximizeWindow] successfully performed. With the following test data [New screen size is now: (1176, 803)]. @09-02-2022 02:01:37.0377 AM
[ReportManager] Target URL: [https://www.google.com/ncr], and after redirection: [www.google.com] @09-02-2022 02:01:37.0377 AM
[ReportManager] Initial URL: [] @09-02-2022 02:01:37.0412 AM
[ReportManager] Browser Action [NavigateToURL] successfully performed. With the following test data [https://www.google.com/ncr]. @09-02-2022 02:01:38.0872 A

################################################################################################################################################
Starting Execution:	[41 out of 165] test cases in the current suite
Test Method:		[unitTests.tests_validations_assertions.assertElementAttribute_true_literalComparison_expectedToFail]
################################################################################################################################################
[ReportManager] Element Action [Type] successfully performed. With the following test data [Automation!@#$%^&*()_+{}[]\';/.,]. @09-02-2022 02:01:39.0424 AM
[ReportManager] Element Action [GetText] successfully performed. With the following test data [Automation!@#$%^&*()_+{}[]\';/.,]. @09-02-2022 02:01:39.0540 AM
[ReportManager] Assertion [ValidateElementAttribute] FAILED. Expected [Value Should be 'Automation' for the 'text' attribute, element locator 'By.name: q'] and Actual [Automation!@#$%^&*()_+{}[]\';/.,]. Comparison Type [EQUALS]. Validation Type [POSITIVE]. @09-02-2022 02:01:39.0765 AM
[ReportManager] Successfully created attachment [Screenshot - 1644372099632_assertElementAttribute_true_literalComparison_expectedToFail_ValidateElementAttribute_failed] @09-02-2022 02:01:39.0767 A
[ReportManager] Browser Action [CloseCurrentWindow] successfully performed. @09-02-2022 02:01:39.0952 AM
[ReportManager] Successfully created attachment [Browser Action Test Data - CloseCurrentWindow - Actual Value] @09-02-2022 02:01:39.0953 A
[ReportManager] File Action [GetAbsolutePath] successfully performed. With the following test data [Relative Folder Path: "target/downloadedFiles/"]. @09-02-2022 02:01:39.0956 AM
[ReportManager] Attempting to run locally on: [Mac-64], [Safari], Headless Execution. @09-02-2022 02:01:39.0957 AM
[ReportManager] Successfully Opened Safari. @09-02-2022 02:01:40.0804 AM
[ReportManager] Initial window size: (800, 600) @09-02-2022 02:01:40.0816 AM
[ReportManager] Window size after SWD Maximize: (1176, 803) @09-02-2022 02:01:40.0851 AM
[ReportManager] Browser Action [MaximizeWindow] successfully performed. With the following test data [New screen size is now: (1176, 803)]. @09-02-2022 02:01:40.0851 AM
[ReportManager] Target URL: [https://www.google.com/ncr], and after redirection: [www.google.com] @09-02-2022 02:01:40.0851 AM
[ReportManager] Initial URL: [] @09-02-2022 02:01:40.0896 AM
[ReportManager] Browser Action [NavigateToURL] successfully performed. With the following test data [https://www.google.com/ncr]. @09-02-2022 02:01:42.0543 A

################################################################################################################################################
Starting Execution:	[42 out of 165] test cases in the current suite
Test Method:		[unitTests.tests_validations_assertions.assertElementAttribute_true_literalComparison_expectedToPass]
################################################################################################################################################
[ReportManager] Element Action [Type] successfully performed. With the following test data [Automation!@#$%^&*()_+{}[]\';/.,]. @09-02-2022 02:01:43.0170 AM
[ReportManager] Element Action [GetText] successfully performed. With the following test data [Automation!@#$%^&*()_+{}[]\';/.,]. @09-02-2022 02:01:43.0234 AM
[ReportManager] Assertion [ValidateElementAttribute] PASSED. Expected [Value Should be 'Automation!@#$%^&*()_+{}[]\';/.,' for the 'text' attribute, element locator 'By.name: q'] and Actual [Automation!@#$%^&*()_+{}[]\';/.,]. Comparison Type [EQUALS]. Validation Type [POSITIVE]. @09-02-2022 02:01:43.0467 AM
[ReportManager] Successfully created attachment [Screenshot - 1644372103331_assertElementAttribute_true_literalComparison_expectedToPass_ValidateElementAttribute_passed] @09-02-2022 02:01:43.0469 A
[ReportManager] Browser Action [CloseCurrentWindow] successfully performed. @09-02-2022 02:01:43.0870 AM
[ReportManager] Successfully created attachment [Browser Action Test Data - CloseCurrentWindow - Actual Value] @09-02-2022 02:01:43.0871 A
[ReportManager] File Action [GetAbsolutePath] successfully performed. With the following test data [Relative Folder Path: "target/downloadedFiles/"]. @09-02-2022 02:01:43.0875 AM
[ReportManager] Attempting to run locally on: [Mac-64], [Safari], Headless Execution. @09-02-2022 02:01:43.0875 AM
[ReportManager] An Exception Occured with this Message: Could not start a new session. Possible causes are invalid address of the remote server or browser start-up failure.. @09-02-2022 02:01:43.0956 AM
[ReportManager] Successfully created attachment [Exception Stack Trace - org.openqa.selenium.SessionNotCreatedException] @09-02-2022 02:01:43.0957 AM
[ReportManager] Driver Factory Action [createNewLocalDriverInstanceForSafari] failed. With the following test data [Failed to create a session on DESKTOP_SAFARI]. @09-02-2022 02:01:43.0957 A

################################################################################################################################################
Starting Execution:	[43 out of 165] test cases in the current suite
Test Method:		[unitTests.tests_validations_assertions.assertElementAttribute_true_regexComparison_expectedToFail]
###############################################################################################################################################



################################################################################################################################################
Starting Execution:	[44 out of 165] test cases in the current suite
Test Method:		[unitTests.tests_validations_assertions.assertElementAttribute_true_regexComparison_expectedToPass]
###############################################################################################################################################



################################################################################################################################################
Starting Execution:	[45 out of 165] test cases in the current suite
Test Method:		[unitTests.tests_validations_assertions.assertElementAttribute_type_true_literalComparison_expectedToPass]
###############################################################################################################################################



################################################################################################################################################
Starting Execution:	[46 out of 165] test cases in the current suite
Test Method:		[unitTests.tests_validations_assertions.assertElementExists_false_expectedToFail]
###############################################################################################################################################



################################################################################################################################################
Starting Execution:	[47 out of 165] test cases in the current suite
Test Method:		[unitTests.tests_validations_assertions.assertElementExists_false_expectedToPass]
###############################################################################################################################################



################################################################################################################################################
Starting Execution:	[48 out of 165] test cases in the current suite
Test Method:		[unitTests.tests_validations_assertions.assertElementExists_false_multipleElementsFound_expectedToFail]
###############################################################################################################################################



################################################################################################################################################
Starting Execution:	[49 out of 165] test cases in the current suite
Test Method:		[unitTests.tests_validations_assertions.assertElementExists_true_expectedToFail]
###############################################################################################################################################



################################################################################################################################################
Starting Execution:	[50 out of 165] test cases in the current suite
Test Method:		[unitTests.tests_validations_assertions.assertElementExists_true_expectedToPass]
###############################################################################################################################################



################################################################################################################################################
Starting Execution:	[51 out of 165] test cases in the current suite
Test Method:		[unitTests.tests_validations_assertions.assertElementExists_true_multipleElementsFound_expectedToFail]
###############################################################################################################################################


################################################################################################################################################
Starting Execution:	[52 out of 165] test cases in the current suite
Test Method:		[unitTests.tests_validations_assertions.assertEquals_false_expectedToFail]
###############################################################################################################################################

################################################################################################################################################
Starting Execution:	[53 out of 165] test cases in the current suite
Test Method:		[unitTests.tests_validations_assertions.assertEquals_false_expectedToPass]
###############################################################################################################################################

################################################################################################################################################
Starting Execution:	[54 out of 165] test cases in the current suite
Test Method:		[unitTests.tests_validations_assertions.assertEquals_longCharacters]
###############################################################################################################################################

################################################################################################################################################
Starting Execution:	[55 out of 165] test cases in the current suite
Test Method:		[unitTests.tests_validations_assertions.assertEquals_longCharacters_Discreet]
###############################################################################################################################################

################################################################################################################################################
Starting Execution:	[56 out of 165] test cases in the current suite
Test Method:		[unitTests.tests_validations_assertions.assertEquals_true_expectedToFail]
###############################################################################################################################################

################################################################################################################################################
Starting Execution:	[57 out of 165] test cases in the current suite
Test Method:		[unitTests.tests_validations_assertions.assertEquals_true_expectedToPass]
Test Description:	[Assert that assertEquals works as expected when the two values are equal.]
###############################################################################################################################################

################################################################################################################################################
Starting Execution:	[58 out of 165] test cases in the current suite
Test Method:		[unitTests.tests_validations_assertions.assertEquals_true_expectedToPass__]
###############################################################################################################################################

################################################################################################################################################
Starting Execution:	[59 out of 165] test cases in the current suite
Test Method:		[unitTests.tests_validations_assertions.assertFileExists_false_expectedToFail]
###############################################################################################################################################

################################################################################################################################################
Starting Execution:	[60 out of 165] test cases in the current suite
Test Method:		[unitTests.tests_validations_assertions.assertFileExists_false_expectedToPass]
###############################################################################################################################################

################################################################################################################################################
Starting Execution:	[61 out of 165] test cases in the current suite
Test Method:		[unitTests.tests_validations_assertions.assertFileExists_true_expectedToFail]
###############################################################################################################################################

################################################################################################################################################
Starting Execution:	[62 out of 165] test cases in the current suite
Test Method:		[unitTests.tests_validations_assertions.assertFileExists_true_expectedToPass]
###############################################################################################################################################

################################################################################################################################################
Starting Execution:	[63 out of 165] test cases in the current suite
Test Method:		[unitTests.tests_validations_assertions.assertNull_false_expectedToFail]
###############################################################################################################################################

################################################################################################################################################
Starting Execution:	[64 out of 165] test cases in the current suite
Test Method:		[unitTests.tests_validations_assertions.assertNull_false_expectedToPass]
###############################################################################################################################################

################################################################################################################################################
Starting Execution:	[65 out of 165] test cases in the current suite
Test Method:		[unitTests.tests_validations_assertions.assertNull_true_expectedToFail]
###############################################################################################################################################

################################################################################################################################################
Starting Execution:	[66 out of 165] test cases in the current suite
Test Method:		[unitTests.tests_validations_assertions.assertNull_true_expectedToPass]
###############################################################################################################################################

################################################################################################################################################
Starting Execution:	[67 out of 165] test cases in the current suite
Test Method:		[unitTests.tests_restActions.getPostsAndAssertBodyForSpecificTitle]
################################################################################################################################################
[ReportManager] Response status code: [200], status line: [HTTP/1.1 200 OK] @09-02-2022 02:01:48.0587 AM
[ReportManager] Assertion Passed: Evaluating the actual response status code against the expected one... @09-02-2022 02:01:48.0592 AM
[ReportManager] Assertion [ValidateComparativeRelation] PASSED. Expected [200] and Actual [200]. Comparison Type [EQUALS]. Validation Type [POSITIVE]. @09-02-2022 02:01:48.0593 AM
[ReportManager] API Action [PerformRequest] successfully performed. With the following test data [Request Type: "GET" | Target Status Code: "200" | Service URL: "https://jsonplaceholder.typicode.com/posts" | Content Type: "*/*" | Response Time: "1289ms"]. @09-02-2022 02:01:50.0719 AM
[ReportManager] Successfully created attachment [API Request - Specifications] @09-02-2022 02:01:50.0720 AM
[ReportManager] Successfully created attachment [API Response - JSON Body] @09-02-2022 02:01:50.0960 AM
[ReportManager] API Action [GetResponseJSONValueAsList] successfully performed. @09-02-2022 02:01:50.0985 AM
[ReportManager] API Action [GetResponseJSONValue] successfully performed. With the following test data [title]. @09-02-2022 02:01:51.0007 AM
[ReportManager] API Action [GetResponseJSONValue] successfully performed. With the following test data [title]. @09-02-2022 02:01:51.0024 AM
[ReportManager] API Action [GetResponseJSONValue] successfully performed. With the following test data [body]. @09-02-2022 02:01:51.0040 AM
[ReportManager] Assertion [ValidateEquals] PASSED. Expected [qui neque nisi nulla] and Actual [est rerum tempore vitae
sequi sint nihil reprehenderit dolor beatae ea dolores neque
fugiat blanditiis voluptate porro vel nihil molestiae ut reiciendis
qui aperiam non debitis possimus qui neque nisi nulla]. Comparison Type [CONTAINS]. Validation Type [POSITIVE]. @09-02-2022 02:01:51.0040 AM
[ReportManager] API Action [GetResponseJSONValue] successfully performed. With the following test data [title]. @09-02-2022 02:01:51.0057 AM
[ReportManager] API Action [GetResponseJSONValue] successfully performed. With the following test data [title]. @09-02-2022 02:01:51.0072 AM
[ReportManager] API Action [GetResponseJSONValue] successfully performed. With the following test data [title]. @09-02-2022 02:01:51.0085 AM
[ReportManager] API Action [GetResponseJSONValue] successfully performed. With the following test data [title]. @09-02-2022 02:01:51.0100 AM
[ReportManager] API Action [GetResponseJSONValue] successfully performed. With the following test data [title]. @09-02-2022 02:01:51.0141 AM
[ReportManager] API Action [GetResponseJSONValue] successfully performed. With the following test data [title]. @09-02-2022 02:01:51.0215 AM
[ReportManager] API Action [GetResponseJSONValue] successfully performed. With the following test data [title]. @09-02-2022 02:01:51.0231 AM
[ReportManager] API Action [GetResponseJSONValue] successfully performed. With the following test data [title]. @09-02-2022 02:01:51.0247 AM
[ReportManager] API Action [GetResponseJSONValue] successfully performed. With the following test data [title]. @09-02-2022 02:01:51.0264 AM
[ReportManager] API Action [GetResponseJSONValue] successfully performed. With the following test data [title]. @09-02-2022 02:01:51.0277 AM
[ReportManager] API Action [GetResponseJSONValue] successfully performed. With the following test data [title]. @09-02-2022 02:01:51.0293 AM
[ReportManager] API Action [GetResponseJSONValue] successfully performed. With the following test data [title]. @09-02-2022 02:01:51.0313 AM
[ReportManager] API Action [GetResponseJSONValue] successfully performed. With the following test data [title]. @09-02-2022 02:01:51.0399 AM
[ReportManager] API Action [GetResponseJSONValue] successfully performed. With the following test data [title]. @09-02-2022 02:01:51.0448 AM
[ReportManager] API Action [GetResponseJSONValue] successfully performed. With the following test data [title]. @09-02-2022 02:01:51.0460 AM
[ReportManager] API Action [GetResponseJSONValue] successfully performed. With the following test data [title]. @09-02-2022 02:01:51.0473 AM
[ReportManager] API Action [GetResponseJSONValue] successfully performed. With the following test data [title]. @09-02-2022 02:01:51.0486 AM
[ReportManager] API Action [GetResponseJSONValue] successfully performed. With the following test data [title]. @09-02-2022 02:01:51.0511 AM
[ReportManager] API Action [GetResponseJSONValue] successfully performed. With the following test data [title]. @09-02-2022 02:01:51.0524 AM
[ReportManager] API Action [GetResponseJSONValue] successfully performed. With the following test data [title]. @09-02-2022 02:01:51.0539 AM
[ReportManager] API Action [GetResponseJSONValue] successfully performed. With the following test data [title]. @09-02-2022 02:01:51.0552 AM
[ReportManager] API Action [GetResponseJSONValue] successfully performed. With the following test data [title]. @09-02-2022 02:01:51.0565 AM
[ReportManager] API Action [GetResponseJSONValue] successfully performed. With the following test data [title]. @09-02-2022 02:01:51.0663 AM
[ReportManager] API Action [GetResponseJSONValue] successfully performed. With the following test data [title]. @09-02-2022 02:01:51.0689 AM
[ReportManager] API Action [GetResponseJSONValue] successfully performed. With the following test data [title]. @09-02-2022 02:01:51.0703 AM
[ReportManager] API Action [GetResponseJSONValue] successfully performed. With the following test data [title]. @09-02-2022 02:01:51.0715 AM
[ReportManager] API Action [GetResponseJSONValue] successfully performed. With the following test data [title]. @09-02-2022 02:01:51.0727 AM
[ReportManager] API Action [GetResponseJSONValue] successfully performed. With the following test data [title]. @09-02-2022 02:01:51.0742 AM
[ReportManager] API Action [GetResponseJSONValue] successfully performed. With the following test data [title]. @09-02-2022 02:01:51.0756 AM
[ReportManager] API Action [GetResponseJSONValue] successfully performed. With the following test data [title]. @09-02-2022 02:01:51.0768 AM
[ReportManager] API Action [GetResponseJSONValue] successfully performed. With the following test data [title]. @09-02-2022 02:01:51.0780 AM
[ReportManager] API Action [GetResponseJSONValue] successfully performed. With the following test data [title]. @09-02-2022 02:01:51.0792 AM
[ReportManager] API Action [GetResponseJSONValue] successfully performed. With the following test data [title]. @09-02-2022 02:01:51.0816 AM
[ReportManager] API Action [GetResponseJSONValue] successfully performed. With the following test data [title]. @09-02-2022 02:01:51.0833 AM
[ReportManager] API Action [GetResponseJSONValue] successfully performed. With the following test data [title]. @09-02-2022 02:01:51.0844 AM
[ReportManager] API Action [GetResponseJSONValue] successfully performed. With the following test data [title]. @09-02-2022 02:01:51.0856 AM
[ReportManager] API Action [GetResponseJSONValue] successfully performed. With the following test data [title]. @09-02-2022 02:01:51.0868 AM
[ReportManager] API Action [GetResponseJSONValue] successfully performed. With the following test data [title]. @09-02-2022 02:01:51.0892 AM
[ReportManager] API Action [GetResponseJSONValue] successfully performed. With the following test data [title]. @09-02-2022 02:01:51.0919 AM
[ReportManager] API Action [GetResponseJSONValue] successfully performed. With the following test data [title]. @09-02-2022 02:01:51.0948 AM
[ReportManager] API Action [GetResponseJSONValue] successfully performed. With the following test data [title]. @09-02-2022 02:01:51.0960 AM
[ReportManager] API Action [GetResponseJSONValue] successfully performed. With the following test data [title]. @09-02-2022 02:01:51.0972 AM
[ReportManager] API Action [GetResponseJSONValue] successfully performed. With the following test data [title]. @09-02-2022 02:01:51.0983 AM
[ReportManager] API Action [GetResponseJSONValue] successfully performed. With the following test data [title]. @09-02-2022 02:01:51.0996 AM
[ReportManager] API Action [GetResponseJSONValue] successfully performed. With the following test data [title]. @09-02-2022 02:01:52.0020 AM
[ReportManager] API Action [GetResponseJSONValue] successfully performed. With the following test data [title]. @09-02-2022 02:01:52.0047 AM
[ReportManager] API Action [GetResponseJSONValue] successfully performed. With the following test data [title]. @09-02-2022 02:01:52.0072 AM
[ReportManager] API Action [GetResponseJSONValue] successfully performed. With the following test data [title]. @09-02-2022 02:01:52.0086 AM
[ReportManager] API Action [GetResponseJSONValue] successfully performed. With the following test data [title]. @09-02-2022 02:01:52.0099 AM
[ReportManager] API Action [GetResponseJSONValue] successfully performed. With the following test data [title]. @09-02-2022 02:01:52.0112 AM
[ReportManager] API Action [GetResponseJSONValue] successfully performed. With the following test data [title]. @09-02-2022 02:01:52.0203 AM
[ReportManager] API Action [GetResponseJSONValue] successfully performed. With the following test data [title]. @09-02-2022 02:01:52.0215 AM
[ReportManager] API Action [GetResponseJSONValue] successfully performed. With the following test data [title]. @09-02-2022 02:01:52.0228 AM
[ReportManager] API Action [GetResponseJSONValue] successfully performed. With the following test data [title]. @09-02-2022 02:01:52.0241 AM
[ReportManager] API Action [GetResponseJSONValue] successfully performed. With the following test data [title]. @09-02-2022 02:01:52.0263 AM
[ReportManager] API Action [GetResponseJSONValue] successfully performed. With the following test data [title]. @09-02-2022 02:01:52.0326 AM
[ReportManager] API Action [GetResponseJSONValue] successfully performed. With the following test data [title]. @09-02-2022 02:01:52.0368 AM
[ReportManager] API Action [GetResponseJSONValue] successfully performed. With the following test data [title]. @09-02-2022 02:01:52.0402 AM
[ReportManager] API Action [GetResponseJSONValue] successfully performed. With the following test data [title]. @09-02-2022 02:01:52.0444 AM
[ReportManager] API Action [GetResponseJSONValue] successfully performed. With the following test data [title]. @09-02-2022 02:01:52.0544 AM
[ReportManager] API Action [GetResponseJSONValue] successfully performed. With the following test data [title]. @09-02-2022 02:01:52.0569 AM
[ReportManager] API Action [GetResponseJSONValue] successfully performed. With the following test data [title]. @09-02-2022 02:01:52.0595 AM
[ReportManager] API Action [GetResponseJSONValue] successfully performed. With the following test data [title]. @09-02-2022 02:01:52.0621 AM
[ReportManager] API Action [GetResponseJSONValue] successfully performed. With the following test data [title]. @09-02-2022 02:01:52.0653 AM
[ReportManager] API Action [GetResponseJSONValue] successfully performed. With the following test data [title]. @09-02-2022 02:01:52.0678 AM
[ReportManager] API Action [GetResponseJSONValue] successfully performed. With the following test data [title]. @09-02-2022 02:01:52.0694 AM
[ReportManager] API Action [GetResponseJSONValue] successfully performed. With the following test data [title]. @09-02-2022 02:01:52.0743 AM
[ReportManager] API Action [GetResponseJSONValue] successfully performed. With the following test data [title]. @09-02-2022 02:01:52.0763 AM
[ReportManager] API Action [GetResponseJSONValue] successfully performed. With the following test data [title]. @09-02-2022 02:01:52.0781 AM
[ReportManager] API Action [GetResponseJSONValue] successfully performed. With the following test data [title]. @09-02-2022 02:01:52.0804 AM
[ReportManager] API Action [GetResponseJSONValue] successfully performed. With the following test data [title]. @09-02-2022 02:01:52.0836 AM
[ReportManager] API Action [GetResponseJSONValue] successfully performed. With the following test data [title]. @09-02-2022 02:01:52.0861 AM
[ReportManager] API Action [GetResponseJSONValue] successfully performed. With the following test data [title]. @09-02-2022 02:01:52.0881 AM
[ReportManager] API Action [GetResponseJSONValue] successfully performed. With the following test data [title]. @09-02-2022 02:01:52.0899 AM
[ReportManager] API Action [GetResponseJSONValue] successfully performed. With the following test data [title]. @09-02-2022 02:01:52.0922 AM
[ReportManager] API Action [GetResponseJSONValue] successfully performed. With the following test data [title]. @09-02-2022 02:01:52.0945 AM
[ReportManager] API Action [GetResponseJSONValue] successfully performed. With the following test data [title]. @09-02-2022 02:01:52.0966 AM
[ReportManager] API Action [GetResponseJSONValue] successfully performed. With the following test data [title]. @09-02-2022 02:01:52.0991 AM
[ReportManager] API Action [GetResponseJSONValue] successfully performed. With the following test data [title]. @09-02-2022 02:01:53.0012 AM
[ReportManager] API Action [GetResponseJSONValue] successfully performed. With the following test data [title]. @09-02-2022 02:01:53.0040 AM
[ReportManager] API Action [GetResponseJSONValue] successfully performed. With the following test data [title]. @09-02-2022 02:01:53.0059 AM
[ReportManager] API Action [GetResponseJSONValue] successfully performed. With the following test data [title]. @09-02-2022 02:01:53.0108 AM
[ReportManager] API Action [GetResponseJSONValue] successfully performed. With the following test data [title]. @09-02-2022 02:01:53.0150 AM
[ReportManager] API Action [GetResponseJSONValue] successfully performed. With the following test data [title]. @09-02-2022 02:01:53.0201 AM
[ReportManager] API Action [GetResponseJSONValue] successfully performed. With the following test data [title]. @09-02-2022 02:01:53.0226 AM
[ReportManager] API Action [GetResponseJSONValue] successfully performed. With the following test data [title]. @09-02-2022 02:01:53.0261 AM
[ReportManager] API Action [GetResponseJSONValue] successfully performed. With the following test data [title]. @09-02-2022 02:01:53.0281 AM
[ReportManager] API Action [GetResponseJSONValue] successfully performed. With the following test data [title]. @09-02-2022 02:01:53.0301 AM
[ReportManager] API Action [GetResponseJSONValue] successfully performed. With the following test data [title]. @09-02-2022 02:01:53.0322 AM
[ReportManager] API Action [GetResponseJSONValue] successfully performed. With the following test data [title]. @09-02-2022 02:01:53.0344 AM
[ReportManager] API Action [GetResponseJSONValue] successfully performed. With the following test data [title]. @09-02-2022 02:01:53.0399 AM
[ReportManager] API Action [GetResponseJSONValue] successfully performed. With the following test data [title]. @09-02-2022 02:01:53.0462 AM
[ReportManager] API Action [GetResponseJSONValue] successfully performed. With the following test data [title]. @09-02-2022 02:01:53.0493 AM
[ReportManager] API Action [GetResponseJSONValue] successfully performed. With the following test data [title]. @09-02-2022 02:01:53.0531 AM
[ReportManager] API Action [GetResponseJSONValue] successfully performed. With the following test data [title]. @09-02-2022 02:01:53.0563 AM
[ReportManager] API Action [GetResponseJSONValue] successfully performed. With the following test data [title]. @09-02-2022 02:01:53.0577 AM
[ReportManager] API Action [GetResponseJSONValue] successfully performed. With the following test data [title]. @09-02-2022 02:01:53.0608 AM
[ReportManager] API Action [GetResponseJSONValue] successfully performed. With the following test data [title]. @09-02-2022 02:01:53.0639 A

################################################################################################################################################
Starting Execution:	[68 out of 165] test cases in the current suite
Test Method:		[unitTests.tests_restActions.validateUserEmail]
################################################################################################################################################
[ReportManager] Response status code: [200], status line: [HTTP/1.1 200 OK] @09-02-2022 02:01:53.0781 AM
[ReportManager] Assertion Passed: Evaluating the actual response status code against the expected one... @09-02-2022 02:01:53.0781 AM
[ReportManager] Assertion [ValidateComparativeRelation] PASSED. Expected [200] and Actual [200]. Comparison Type [EQUALS]. Validation Type [POSITIVE]. @09-02-2022 02:01:53.0781 AM
[ReportManager] API Action [PerformRequest] successfully performed. With the following test data [Request Type: "GET" | Target Status Code: "200" | Service URL: "https://jsonplaceholder.typicode.com/users" | Content Type: "*/*" | Response Time: "104ms"]. @09-02-2022 02:01:53.0801 AM
[ReportManager] Successfully created attachment [API Request - Specifications] @09-02-2022 02:01:53.0801 AM
[ReportManager] Successfully created attachment [API Response - JSON Body] @09-02-2022 02:01:53.0802 AM
[ReportManager] Assertion [ValidateEquals] PASSED. Expected and Actual values are attached. Comparison Type [CONTAINS]. Validation Type [POSITIVE]. @09-02-2022 02:01:53.0802 AM
[ReportManager] Successfully created attachment [Validation Test Data - Expected Value] @09-02-2022 02:01:53.0803 AM
[ReportManager] Successfully created attachment [Validation Test Data - Actual Value] @09-02-2022 02:01:53.0803 AM
[ReportManager] API Action [GetResponseJSONValueAsList] successfully performed. With the following test data [$]. @09-02-2022 02:01:53.0809 AM
[ReportManager] API Action [GetResponseJSONValue] successfully performed. With the following test data [name]. @09-02-2022 02:01:53.0821 AM
[ReportManager] API Action [GetResponseJSONValue] successfully performed. With the following test data [email]. @09-02-2022 02:01:53.0832 AM
[ReportManager] Assertion [ValidateEquals] PASSED. Expected [Sincere@april.biz] and Actual [Sincere@april.biz]. Comparison Type [EQUALS]. Validation Type [POSITIVE]. @09-02-2022 02:01:53.0833 AM
[ReportManager] API Action [GetResponseJSONValue] successfully performed. With the following test data [name]. @09-02-2022 02:01:53.0844 AM
[ReportManager] API Action [GetResponseJSONValue] successfully performed. With the following test data [name]. @09-02-2022 02:01:53.0856 AM
[ReportManager] API Action [GetResponseJSONValue] successfully performed. With the following test data [name]. @09-02-2022 02:01:53.0867 AM
[ReportManager] API Action [GetResponseJSONValue] successfully performed. With the following test data [name]. @09-02-2022 02:01:53.0878 AM
[ReportManager] API Action [GetResponseJSONValue] successfully performed. With the following test data [name]. @09-02-2022 02:01:53.0902 AM
[ReportManager] API Action [GetResponseJSONValue] successfully performed. With the following test data [name]. @09-02-2022 02:01:53.0934 AM
[ReportManager] API Action [GetResponseJSONValue] successfully performed. With the following test data [name]. @09-02-2022 02:01:53.0963 AM
[ReportManager] API Action [GetResponseJSONValue] successfully performed. With the following test data [name]. @09-02-2022 02:01:53.0976 AM
[ReportManager] API Action [GetResponseJSONValue] successfully performed. With the following test data [name]. @09-02-2022 02:01:53.0989 A
[ReportManager] File Action [GetAbsolutePath] successfully performed. With the following test data [Relative Folder Path: "target/downloadedFiles/"]. @09-02-2022 02:01:53.0998 AM
[ReportManager] Attempting to run locally on: [Mac-64], [Safari], Headless Execution. @09-02-2022 02:01:53.0999 AM
[ReportManager] Successfully Opened Safari. @09-02-2022 02:01:55.0091 AM
[ReportManager] Initial window size: (800, 600) @09-02-2022 02:01:55.0158 AM
[ReportManager] Window size after SWD Maximize: (1176, 803) @09-02-2022 02:01:55.0210 AM
[ReportManager] Browser Action [MaximizeWindow] successfully performed. With the following test data [New screen size is now: (1176, 803)]. @09-02-2022 02:01:55.0219 A

################################################################################################################################################
Starting Execution:	[69 out of 165] test cases in the current suite
Test Method:		[testPackage01.Test_uploadFile.uploadFile_invisibleUploadInput]
################################################################################################################################################
[ReportManager] Target URL: [https://fineuploader.com/demos.html#gallery-view] @09-02-2022 02:01:55.0224 AM
[ReportManager] Initial URL: [] @09-02-2022 02:01:55.0262 AM
[ReportManager] Browser Action [NavigateToURL] successfully performed. With the following test data [https://fineuploader.com/demos.html#gallery-view]. @09-02-2022 02:01:56.0977 AM
[ReportManager] File Action [GetAbsolutePath] successfully performed. With the following test data [Relative File Path: "src/main/resources/images/shaft.png"]. @09-02-2022 02:01:56.0977 AM
[ReportManager] Successfully created attachment [File Action Actual Result - Command Log] @09-02-2022 02:01:56.0978 AM
[ReportManager] Element Action [TypeFileLocationForUpload] successfully performed. With the following test data [/Users/runner/work/SHAFT_ENGINE/SHAFT_ENGINE/src/main/resources/images/shaft.png]. @09-02-2022 02:01:57.0036 AM
[ReportManager] Attempting to getAttribute [src] from elementLocator [By.xpath: //div[@id='fine-uploader-gallery']//div[@class='qq-thumbnail-wrapper']/img]. @09-02-2022 02:01:57.0040 AM
[ReportManager] Element Action [GetAttribute] successfully performed. @09-02-2022 02:01:57.0200 AM
[ReportManager] Successfully created attachment [Element Action Test Data - GetAttribute - Actual Value] @09-02-2022 02:01:57.0202 AM
[ReportManager] Assertion Passed: Then I Assert that the element found by [By.xpath: //div[@id='fine-uploader-gallery']//div[@class='qq-thumbnail-wrapper']/img] attribute [src] contains [data:image/png;base64]. @09-02-2022 02:01:57.0403 AM
[ReportManager] Successfully created attachment [Validation Test Data - Expected Value] @09-02-2022 02:01:57.0405 AM
[ReportManager] Successfully created attachment [Validation Test Data - Actual Value] @09-02-2022 02:01:57.0405 AM
[ReportManager] Successfully created attachment [Screenshot - 1644372117311_uploadFile_invisibleUploadInput_ValidateElementAttribute_passed] @09-02-2022 02:01:57.0408 AM
[ReportManager] Assertion [ValidateElementAttribute] PASSED. Expected and Actual values are attached. Comparison Type [CONTAINS]. Validation Type [POSITIVE]. @09-02-2022 02:01:57.0408 A
[ReportManager] Browser Action [CloseCurrentWindow] successfully performed. @09-02-2022 02:01:57.0823 AM
[ReportManager] Successfully created attachment [Browser Action Test Data - CloseCurrentWindow - Actual Value] @09-02-2022 02:01:57.0824 A
[ReportManager] File Action [GetAbsolutePath] successfully performed. With the following test data [Relative Folder Path: "target/downloadedFiles/"]. @09-02-2022 02:01:57.0830 AM
[ReportManager] Attempting to run locally on: [Mac-64], [Safari], Headless Execution. @09-02-2022 02:01:57.0830 AM
[ReportManager] Successfully Opened Safari. @09-02-2022 02:01:58.0821 AM
[ReportManager] Initial window size: (800, 600) @09-02-2022 02:01:58.0876 AM
[ReportManager] Window size after SWD Maximize: (1176, 803) @09-02-2022 02:01:58.0927 AM
[ReportManager] Browser Action [MaximizeWindow] successfully performed. With the following test data [New screen size is now: (1176, 803)]. @09-02-2022 02:01:58.0928 A

################################################################################################################################################
Starting Execution:	[70 out of 165] test cases in the current suite
Test Method:		[testPackage01.Test_uploadFile.uploadFile_visibleUploadInput]
################################################################################################################################################
[ReportManager] Target URL: [https://demo.guru99.com/test/upload/] @09-02-2022 02:01:58.0932 AM
[ReportManager] Initial URL: [] @09-02-2022 02:01:58.0993 AM
[ReportManager] Browser Action [NavigateToURL] successfully performed. With the following test data [https://demo.guru99.com/test/upload/]. @09-02-2022 02:02:01.0030 AM
[ReportManager] File Action [GetAbsolutePath] successfully performed. With the following test data [Relative Folder Path: "src/main/resources/images/shaft.png"]. @09-02-2022 02:02:01.0031 AM
[ReportManager] Element Action [TypeFileLocationForUpload] successfully performed. With the following test data [/Users/runner/work/SHAFT_ENGINE/SHAFT_ENGINE/src/main/resources/images/shaft.png]. @09-02-2022 02:02:01.0100 AM
[ReportManager] Element Action [Click] successfully performed. With the following test data [By.id: terms]. @09-02-2022 02:02:02.0585 AM
[ReportManager] Element Action [Click] successfully performed. With the following test data [By.id: submitbutton]. @09-02-2022 02:02:02.0867 AM
[ReportManager] Element Action [GetText] successfully performed. With the following test data [1 file has been successfully uploaded.]. @09-02-2022 02:02:03.0581 AM
[ReportManager] Assertion Passed: Then I Assert that the element found by [By.id: res] attribute [Text] contains [1 file]. @09-02-2022 02:02:03.0751 AM
[ReportManager] Successfully created attachment [Screenshot - 1644372123672_uploadFile_visibleUploadInput_ValidateElementAttribute_passed] @09-02-2022 02:02:03.0758 AM
[ReportManager] Assertion [ValidateElementAttribute] PASSED. Expected [Value Should be '1 file' for the 'Text' attribute, element locator 'By.id: res'] and Actual [1 file has been successfully uploaded.]. Comparison Type [CONTAINS]. Validation Type [POSITIVE]. @09-02-2022 02:02:03.0758 A
[ReportManager] Browser Action [CloseCurrentWindow] successfully performed. @09-02-2022 02:02:04.0156 AM
[ReportManager] Successfully created attachment [Browser Action Test Data - CloseCurrentWindow - Actual Value] @09-02-2022 02:02:04.0157 A

################################################################################################################################################
Starting Execution:	[71 out of 165] test cases in the current suite
Test Method:		[testPackage01.Test_AssertApiResponseEquals.assertApiResponseEquals_expectedToPass]
################################################################################################################################################
[ReportManager] Response status code: [200], status line: [HTTP/1.1 200 OK] @09-02-2022 02:02:04.0231 AM
[ReportManager] Assertion Passed: Evaluating the actual response status code against the expected one... @09-02-2022 02:02:04.0231 AM
[ReportManager] Assertion [ValidateComparativeRelation] PASSED. Expected [200] and Actual [200]. Comparison Type [EQUALS]. Validation Type [POSITIVE]. @09-02-2022 02:02:04.0231 AM
[ReportManager] API Action [PerformRequest] successfully performed. With the following test data [Request Type: "GET" | Target Status Code: "200" | Service URL: "https://jsonplaceholder.typicode.com/users" | Content Type: "*/*" | Response Time: "62ms"]. @09-02-2022 02:02:04.0252 AM
[ReportManager] Successfully created attachment [API Request - Specifications] @09-02-2022 02:02:04.0253 AM
[ReportManager] Successfully created attachment [API Response - JSON Body] @09-02-2022 02:02:04.0254 AM
[ReportManager] API Action [GetResponseJSONValueAsList] successfully performed. With the following test data [$]. @09-02-2022 02:02:04.0260 AM
[ReportManager] API Action [GetResponseJSONValue] successfully performed. With the following test data [name]. @09-02-2022 02:02:04.0272 AM
[ReportManager] API Action [GetResponseJSONValue] successfully performed. With the following test data [email]. @09-02-2022 02:02:04.0286 AM
[ReportManager] Verification [ValidateEquals] PASSED. Expected [Sincere@april.biz] and Actual [Sincere@april.biz]. Comparison Type [EQUALS]. Validation Type [POSITIVE]. @09-02-2022 02:02:04.0286 AM
[ReportManager] API Action [GetResponseJSONValue] successfully performed. With the following test data [username]. @09-02-2022 02:02:04.0298 AM
[ReportManager] Assertion [ValidateEquals] PASSED. Expected [Bret] and Actual [Bret]. Comparison Type [EQUALS]. Validation Type [POSITIVE]. @09-02-2022 02:02:04.0298 AM
[ReportManager] API Action [GetResponseJSONValue] successfully performed. With the following test data [name]. @09-02-2022 02:02:04.0351 AM
[ReportManager] API Action [GetResponseJSONValue] successfully performed. With the following test data [name]. @09-02-2022 02:02:04.0373 AM
[ReportManager] API Action [GetResponseJSONValue] successfully performed. With the following test data [name]. @09-02-2022 02:02:04.0388 AM
[ReportManager] API Action [GetResponseJSONValue] successfully performed. With the following test data [name]. @09-02-2022 02:02:04.0401 AM
[ReportManager] API Action [GetResponseJSONValue] successfully performed. With the following test data [name]. @09-02-2022 02:02:04.0412 AM
[ReportManager] API Action [GetResponseJSONValue] successfully performed. With the following test data [name]. @09-02-2022 02:02:04.0426 AM
[ReportManager] API Action [GetResponseJSONValue] successfully performed. With the following test data [name]. @09-02-2022 02:02:04.0437 AM
[ReportManager] API Action [GetResponseJSONValue] successfully performed. With the following test data [name]. @09-02-2022 02:02:04.0483 AM
[ReportManager] API Action [GetResponseJSONValue] successfully performed. With the following test data [name]. @09-02-2022 02:02:04.0519 A
[ReportManager] File Action [GetAbsolutePath] successfully performed. With the following test data [Relative Folder Path: "target/downloadedFiles/"]. @09-02-2022 02:02:04.0522 AM
[ReportManager] Attempting to run locally on: [Mac-64], [Safari], Headless Execution. @09-02-2022 02:02:04.0523 AM
[ReportManager] Successfully Opened Safari. @09-02-2022 02:02:05.0551 AM
[ReportManager] Initial window size: (800, 600) @09-02-2022 02:02:05.0589 AM
[ReportManager] Window size after SWD Maximize: (1176, 803) @09-02-2022 02:02:05.0625 AM
[ReportManager] Browser Action [MaximizeWindow] successfully performed. With the following test data [New screen size is now: (1176, 803)]. @09-02-2022 02:02:05.0626 AM
[ReportManager] Target URL: [http://the-internet.herokuapp.com/javascript_alerts] @09-02-2022 02:02:05.0626 AM
[ReportManager] Initial URL: [] @09-02-2022 02:02:05.0688 AM
[ReportManager] Browser Action [NavigateToURL] successfully performed. With the following test data [http://the-internet.herokuapp.com/javascript_alerts]. @09-02-2022 02:02:06.0784 A

################################################################################################################################################
Starting Execution:	[72 out of 165] test cases in the current suite
Test Method:		[testPackage01.TestJSPromptBox.dismissAlert]
################################################################################################################################################
[ReportManager] Element Action [Click] successfully performed. With the following test data [By.xpath: //button[contains(text(),'Click for JS Prompt')]]. @09-02-2022 02:02:07.0073 AM
[ReportManager] Alert is present @09-02-2022 02:02:07.0094 AM
[ReportManager] Element Action [DismissAlert] successfully performed. @09-02-2022 02:02:07.0107 A

################################################################################################################################################
Starting Execution:	[73 out of 165] test cases in the current suite
Test Method:		[testPackage01.TestJSPromptBox.assertOnCancelAlertResultText]
################################################################################################################################################
[ReportManager] Element Action [GetText] successfully performed. With the following test data [You entered: null]. @09-02-2022 02:02:07.0170 AM
[ReportManager] Assertion Passed: Then I Assert that the element found by [By.id: result] attribute [TEXT] is equal to [You entered: null]. @09-02-2022 02:02:07.0355 AM
[ReportManager] Successfully created attachment [Screenshot - 1644372127271_assertOnCancelAlertResultText_ValidateElementAttribute_passed] @09-02-2022 02:02:07.0356 AM
[ReportManager] Assertion [ValidateElementAttribute] PASSED. Expected [Value Should be 'You entered: null' for the 'text' attribute, element locator 'By.id: result'] and Actual [You entered: null]. Comparison Type [EQUALS]. Validation Type [POSITIVE]. @09-02-2022 02:02:07.0357 A

################################################################################################################################################
Starting Execution:	[74 out of 165] test cases in the current suite
Test Method:		[testPackage01.TestJSPromptBox.getAlertText]
################################################################################################################################################
[ReportManager] Element Action [Click] successfully performed. With the following test data [By.xpath: //button[contains(text(),'Click for JS Prompt')]]. @09-02-2022 02:02:07.0736 AM
[ReportManager] Alert is present @09-02-2022 02:02:07.0760 AM
[ReportManager] Alert Text is: [I am a JS prompt] @09-02-2022 02:02:07.0778 AM
[ReportManager] Element Action [GetAlertText] successfully performed. @09-02-2022 02:02:07.0779 AM
[ReportManager] Alert text is: [I am a JS prompt] @09-02-2022 02:02:07.0779 AM
[ReportManager] Alert is present @09-02-2022 02:02:07.0788 AM
[ReportManager] Alert Text is: [I am a JS prompt] @09-02-2022 02:02:07.0798 AM
[ReportManager] Element Action [GetAlertText] successfully performed. @09-02-2022 02:02:07.0799 AM
[ReportManager] Assertion Passed: Then I Assert that [I am a JS prompt] is equal to [I am a JS prompt]. @09-02-2022 02:02:07.0799 AM
[ReportManager] Assertion [ValidateEquals] PASSED. Expected [I am a JS prompt] and Actual [I am a JS prompt]. Comparison Type [EQUALS]. Validation Type [POSITIVE]. @09-02-2022 02:02:07.0799 A

################################################################################################################################################
Starting Execution:	[75 out of 165] test cases in the current suite
Test Method:		[testPackage01.TestJSPromptBox.acceptPromptAlertWithoutTypingTextMessage]
################################################################################################################################################
[ReportManager] Alert is not present @09-02-2022 02:02:38.0282 AM
[ReportManager] Element Action [WaitForAlertToBePresent] failed. @09-02-2022 02:02:38.0439 AM
[ReportManager] Successfully created attachment [Screenshot - 1644372158308_acceptPromptAlertWithoutTypingTextMessage_WaitForAlertToBePresent_failed] @09-02-2022 02:02:38.0440 A

################################################################################################################################################
Starting Execution:	[76 out of 165] test cases in the current suite
Test Method:		[testPackage01.TestJSPromptBox.assertOnConfirmPromptAlertWithoutTypingTextMessageResultText]
###############################################################################################################################################

################################################################################################################################################
Starting Execution:	[77 out of 165] test cases in the current suite
Test Method:		[testPackage01.TestJSPromptBox.acceptPromptAlertWithTextMessage]
###############################################################################################################################################

################################################################################################################################################
Starting Execution:	[78 out of 165] test cases in the current suite
Test Method:		[testPackage01.TestJSPromptBox.assertOnConfirmPromptAlertWithTextMessageResultText]
###############################################################################################################################################
[ReportManager] Browser Action [CloseCurrentWindow] successfully performed. @09-02-2022 02:02:38.0942 AM
[ReportManager] Successfully created attachment [Browser Action Test Data - CloseCurrentWindow - Actual Value] @09-02-2022 02:02:38.0943 A

################################################################################################################################################
Starting Execution:	[79 out of 165] test cases in the current suite
Test Method:		[testPackage01.Test_testData.f]
################################################################################################################################################
[ReportManager] Successfully loaded the following test data file [src/test/resources/testDataFiles/testSuite01/TestData.xlsx]. @09-02-2022 02:02:39.0003 AM
[ReportManager] Successfully created attachment [Test Data - Excel] @09-02-2022 02:02:39.0003 AM
[ReportManager] Last Column Number is: [3]. Zero-based. @09-02-2022 02:02:39.0004 A

################################################################################################################################################
Starting Execution:	[80 out of 165] test cases in the current suite
Test Method:		[testPackage01.Test_PDF.testPDF1]
################################################################################################################################################
[ReportManager] File Action [DoesFileExist] successfully performed. With the following test data [File Path: "src/test/resources/testDataFiles/sample.pdf"]. @09-02-2022 02:02:39.0012 AM
[ReportManager] File Action [GetAbsolutePath] successfully performed. With the following test data [Relative Folder Path: "src/test/resources/testDataFiles/sample.pdf"]. @09-02-2022 02:02:39.0013 AM
[ReportManager] Assertion Passed: Checking to see that the pdf file contains [A Simple PDF File] @09-02-2022 02:02:45.0166 AM
[ReportManager] Successfully created attachment [Validation Test Data - Expected Value] @09-02-2022 02:02:45.0167 AM
[ReportManager] Successfully created attachment [Validation Test Data - Actual Value] @09-02-2022 02:02:45.0168 AM
[ReportManager] Assertion [ValidateEquals] PASSED. Expected and Actual values are attached. Comparison Type [CONTAINS]. Validation Type [POSITIVE]. @09-02-2022 02:02:45.0168 A

################################################################################################################################################
Starting Execution:	[81 out of 165] test cases in the current suite
Test Method:		[testPackage01.Test_PDF.testPDF2]
################################################################################################################################################
[ReportManager] File Action [DoesFileExist] successfully performed. With the following test data [File Path: "src/test/resources/testDataFiles/sample.pdf"]. @09-02-2022 02:02:45.0176 AM
[ReportManager] File Action [GetAbsolutePath] successfully performed. With the following test data [Relative Folder Path: "src/test/resources/testDataFiles/sample.pdf"]. @09-02-2022 02:02:45.0176 AM
[ReportManager] Assertion Passed: Checking to see that the pdf file contains [A Simple PDF File] @09-02-2022 02:02:45.0202 AM
[ReportManager] Successfully created attachment [Validation Test Data - Expected Value] @09-02-2022 02:02:45.0203 AM
[ReportManager] Successfully created attachment [Validation Test Data - Actual Value] @09-02-2022 02:02:45.0203 AM
[ReportManager] Assertion [ValidateEquals] PASSED. Expected and Actual values are attached. Comparison Type [CONTAINS]. Validation Type [POSITIVE]. @09-02-2022 02:02:45.0203 A
[ReportManager] File Action [GetAbsolutePath] successfully performed. With the following test data [Relative Folder Path: "target/downloadedFiles/"]. @09-02-2022 02:02:45.0208 AM
[ReportManager] Attempting to run locally on: [Mac-64], [Safari], Headless Execution. @09-02-2022 02:02:45.0209 AM
[ReportManager] Successfully Opened Safari. @09-02-2022 02:02:46.0255 AM
[ReportManager] Initial window size: (800, 600) @09-02-2022 02:02:46.0274 AM
[ReportManager] Window size after SWD Maximize: (1176, 803) @09-02-2022 02:02:46.0292 AM
[ReportManager] Browser Action [MaximizeWindow] successfully performed. With the following test data [New screen size is now: (1176, 803)]. @09-02-2022 02:02:46.0293 A

################################################################################################################################################
Starting Execution:	[82 out of 165] test cases in the current suite
Test Method:		[testPackage01.Test_ShadowDOM.shadowdom]
################################################################################################################################################
[ReportManager] Target URL: [https://mdn.github.io/web-components-examples/popup-info-box-web-component/] @09-02-2022 02:02:46.0298 AM
[ReportManager] Initial URL: [] @09-02-2022 02:02:46.0367 AM
[ReportManager] Browser Action [NavigateToURL] successfully performed. With the following test data [https://mdn.github.io/web-components-examples/popup-info-box-web-component/]. @09-02-2022 02:02:46.0783 AM
[ReportManager] Element Action [Type] successfully performed. With the following test data [Typing into SHADOW DOM...]. @09-02-2022 02:02:47.0336 AM
[ReportManager] Element Action [GetText] successfully performed. With the following test data [Typing into SHADOW DOM...]. @09-02-2022 02:02:47.0433 AM
[ReportManager] Assertion [ValidateElementAttribute] PASSED. Expected [Value Should be 'Typing into SHADOW DOM...' for the 'Text' attribute, element locator 'By.id: cvc'] and Actual [Typing into SHADOW DOM...]. Comparison Type [EQUALS]. Validation Type [POSITIVE]. @09-02-2022 02:02:47.0838 AM
[ReportManager] Successfully created attachment [Screenshot - 1644372167563_shadowdom_ValidateElementAttribute_passed] @09-02-2022 02:02:47.0839 A
[ReportManager] Browser Action [CloseCurrentWindow] successfully performed. @09-02-2022 02:02:48.0069 AM
[ReportManager] Successfully created attachment [Browser Action Test Data - CloseCurrentWindow - Actual Value] @09-02-2022 02:02:48.0070 A
[ReportManager] File Action [GetAbsolutePath] successfully performed. With the following test data [Relative Folder Path: "target/downloadedFiles/"]. @09-02-2022 02:02:48.0073 AM
[ReportManager] Attempting to run locally on: [Mac-64], [Safari], Headless Execution. @09-02-2022 02:02:48.0073 AM
[ReportManager] Successfully Opened Safari. @09-02-2022 02:02:49.0325 AM
[ReportManager] Initial window size: (800, 600) @09-02-2022 02:02:49.0363 AM
[ReportManager] Window size after SWD Maximize: (1176, 803) @09-02-2022 02:02:49.0403 AM
[ReportManager] Browser Action [MaximizeWindow] successfully performed. With the following test data [New screen size is now: (1176, 803)]. @09-02-2022 02:02:49.0404 A

################################################################################################################################################
Starting Execution:	[83 out of 165] test cases in the current suite
Test Method:		[testPackage01.Test_clipboardActions.typeTextAndCopyPaste]
################################################################################################################################################
[ReportManager] Target URL: [https://www.google.com/ncr], and after redirection: [https://www.google.com] @09-02-2022 02:02:49.0408 AM
[ReportManager] Initial URL: [] @09-02-2022 02:02:49.0479 AM
[ReportManager] Browser Action [NavigateToURL] successfully performed. With the following test data [https://www.google.com/ncr]. @09-02-2022 02:02:51.0217 AM
[ReportManager] Element Action [Type] successfully performed. With the following test data [FIRST]. @09-02-2022 02:02:51.0655 A
[ReportManager] Browser Action [CloseCurrentWindow] successfully performed. @09-02-2022 02:02:52.0063 AM
[ReportManager] Successfully created attachment [Browser Action Test Data - CloseCurrentWindow - Actual Value] @09-02-2022 02:02:52.0064 A
[ReportManager] File Action [GetAbsolutePath] successfully performed. With the following test data [Relative Folder Path: "target/downloadedFiles/"]. @09-02-2022 02:02:52.0070 AM
[ReportManager] Attempting to run locally on: [Mac-64], [Safari], Headless Execution. @09-02-2022 02:02:52.0070 AM
[ReportManager] Successfully Opened Safari. @09-02-2022 02:02:53.0055 AM
[ReportManager] Initial window size: (800, 600) @09-02-2022 02:02:53.0092 AM
[ReportManager] Window size after SWD Maximize: (1176, 803) @09-02-2022 02:02:53.0120 AM
[ReportManager] Browser Action [MaximizeWindow] successfully performed. With the following test data [New screen size is now: (1176, 803)]. @09-02-2022 02:02:53.0120 AM
[ReportManager] Target URL: [http://the-internet.herokuapp.com/javascript_alerts] @09-02-2022 02:02:53.0121 AM
[ReportManager] Initial URL: [] @09-02-2022 02:02:53.0207 AM
[ReportManager] Browser Action [NavigateToURL] successfully performed. With the following test data [http://the-internet.herokuapp.com/javascript_alerts]. @09-02-2022 02:02:53.0825 A

################################################################################################################################################
Starting Execution:	[84 out of 165] test cases in the current suite
Test Method:		[testPackage01.TestJSAlertBox.getJSAlertText]
################################################################################################################################################
[ReportManager] Element Action [Click] successfully performed. With the following test data [By.xpath: //button[contains(text(),'Click for JS Alert')]]. @09-02-2022 02:02:54.0115 AM
[ReportManager] Alert is present @09-02-2022 02:02:54.0124 AM
[ReportManager] Alert Text is: [I am a JS Alert] @09-02-2022 02:02:54.0147 AM
[ReportManager] Element Action [GetAlertText] successfully performed. @09-02-2022 02:02:54.0148 AM
[ReportManager] Alert text is: [I am a JS Alert] @09-02-2022 02:02:54.0148 AM
[ReportManager] Alert is present @09-02-2022 02:02:54.0184 AM
[ReportManager] Alert Text is: [I am a JS Alert] @09-02-2022 02:02:54.0192 AM
[ReportManager] Element Action [GetAlertText] successfully performed. @09-02-2022 02:02:54.0193 AM
[ReportManager] Assertion Passed: Then I Assert that [I am a JS Alert] is equal to [I am a JS Alert]. @09-02-2022 02:02:54.0193 AM
[ReportManager] Assertion [ValidateEquals] PASSED. Expected [I am a JS Alert] and Actual [I am a JS Alert]. Comparison Type [EQUALS]. Validation Type [POSITIVE]. @09-02-2022 02:02:54.0193 A

################################################################################################################################################
Starting Execution:	[85 out of 165] test cases in the current suite
Test Method:		[testPackage01.TestJSAlertBox.acceptAlert]
################################################################################################################################################
[ReportManager] Alert is not present @09-02-2022 02:03:24.0566 AM
[ReportManager] Element Action [WaitForAlertToBePresent] failed. @09-02-2022 02:03:24.0695 AM
[ReportManager] Successfully created attachment [Screenshot - 1644372204593_acceptAlert_WaitForAlertToBePresent_failed] @09-02-2022 02:03:24.0696 A

################################################################################################################################################
Starting Execution:	[86 out of 165] test cases in the current suite
Test Method:		[testPackage01.TestJSAlertBox.assertOnConfirmAlertResultText]
###############################################################################################################################################
[ReportManager] Browser Action [CloseCurrentWindow] successfully performed. @09-02-2022 02:03:25.0045 AM
[ReportManager] Successfully created attachment [Browser Action Test Data - CloseCurrentWindow - Actual Value] @09-02-2022 02:03:25.0046 A

################################################################################################################################################
Starting Execution:	[87 out of 165] test cases in the current suite
Test Method:		[testPackage01.Test_checkJDKShellFilesGenerated.testJDKGeneratedSuccessfully]
################################################################################################################################################
[ReportManager] Configuring JDK @09-02-2022 02:03:25.0049 AM
[ReportManager] File Action [GetAbsolutePath] successfully performed. With the following test data [Relative File Path: "generateJdkMac.sh"]. @09-02-2022 02:03:25.0050 AM
[ReportManager] File Action [WriteToFile] successfully performed. With the following test data [Target File Path: "/Users/runner/work/SHAFT_ENGINE/SHAFT_ENGINE/generateJdkMac.sh"]. @09-02-2022 02:03:25.0051 AM
[ReportManager] Attempting to perform the following command locally. Command: [chmod u+x generateJdk.sh] @09-02-2022 02:03:25.0051 AM
[ReportManager] Terminal Action [PerformTerminalCommands] successfully performed. With the following test data [Host Name: "localHost" | Command: "chmod u+x generateJdk.sh" | Exit Status: "1"]. @09-02-2022 02:03:25.0143 AM
[ReportManager] Successfully created attachment [Terminal Action Actual Result - Command Log] @09-02-2022 02:03:25.0144 AM
[ReportManager] Assertion Passed: Then I Assert that [[#!/bin/bash, export JAVA_HOME=$(/usr/libexec/java_home), export PATH=$JAVA_HOME/bin:$PATH, source ~/.zshenv, echo $JAVA_HOME, echo $PATH, exec bash]] contains [JAVA_HOME=$(/usr/libexec/java_home)]. @09-02-2022 02:03:25.0145 AM
[ReportManager] Assertion [ValidateEquals] PASSED. Expected [JAVA_HOME=$(/usr/libexec/java_home)] and Actual [[#!/bin/bash, export JAVA_HOME=$(/usr/libexec/java_home), export PATH=$JAVA_HOME/bin:$PATH, source ~/.zshenv, echo $JAVA_HOME, echo $PATH, exec bash]]. Comparison Type [CONTAINS]. Validation Type [POSITIVE]. @09-02-2022 02:03:25.0145 A
[ReportManager] File Action [GetAbsolutePath] successfully performed. With the following test data [Relative Folder Path: "target/downloadedFiles/"]. @09-02-2022 02:03:25.0149 AM
[ReportManager] Attempting to run locally on: [Mac-64], [Safari], Headless Execution. @09-02-2022 02:03:25.0149 AM
[ReportManager] Successfully Opened Safari. @09-02-2022 02:03:26.0126 AM
[ReportManager] Initial window size: (800, 600) @09-02-2022 02:03:26.0154 AM
[ReportManager] Window size after SWD Maximize: (1176, 803) @09-02-2022 02:03:26.0207 AM
[ReportManager] Browser Action [MaximizeWindow] successfully performed. With the following test data [New screen size is now: (1176, 803)]. @09-02-2022 02:03:26.0207 AM
[ReportManager] Target URL: [http://the-internet.herokuapp.com/javascript_alerts] @09-02-2022 02:03:26.0208 AM
[ReportManager] Initial URL: [] @09-02-2022 02:03:26.0246 AM
[ReportManager] Browser Action [NavigateToURL] successfully performed. With the following test data [http://the-internet.herokuapp.com/javascript_alerts]. @09-02-2022 02:03:26.0764 A

################################################################################################################################################
Starting Execution:	[88 out of 165] test cases in the current suite
Test Method:		[testPackage01.TestJSConfirmBox.dismissAlert]
################################################################################################################################################
[ReportManager] Element Action [Click] successfully performed. With the following test data [By.xpath: //button[contains(text(),'Click for JS Confirm')]]. @09-02-2022 02:03:27.0025 AM
[ReportManager] Alert is present @09-02-2022 02:03:27.0055 AM
[ReportManager] Element Action [DismissAlert] successfully performed. @09-02-2022 02:03:27.0089 A

################################################################################################################################################
Starting Execution:	[89 out of 165] test cases in the current suite
Test Method:		[testPackage01.TestJSConfirmBox.assertOnCancelAlertResultText]
################################################################################################################################################
[ReportManager] Element Action [GetText] successfully performed. With the following test data [You clicked: Cancel]. @09-02-2022 02:03:27.0178 AM
[ReportManager] Assertion Passed: Then I Assert that the element found by [By.id: result] attribute [TEXT] is equal to [You clicked: Cancel]. @09-02-2022 02:03:27.0365 AM
[ReportManager] Successfully created attachment [Screenshot - 1644372207280_assertOnCancelAlertResultText_ValidateElementAttribute_passed] @09-02-2022 02:03:27.0367 AM
[ReportManager] Assertion [ValidateElementAttribute] PASSED. Expected [Value Should be 'You clicked: Cancel' for the 'text' attribute, element locator 'By.id: result'] and Actual [You clicked: Cancel]. Comparison Type [EQUALS]. Validation Type [POSITIVE]. @09-02-2022 02:03:27.0367 A

################################################################################################################################################
Starting Execution:	[90 out of 165] test cases in the current suite
Test Method:		[testPackage01.TestJSConfirmBox.getAlertText]
################################################################################################################################################
[ReportManager] Element Action [Click] successfully performed. With the following test data [By.xpath: //button[contains(text(),'Click for JS Confirm')]]. @09-02-2022 02:03:27.0598 AM
[ReportManager] Alert is present @09-02-2022 02:03:27.0624 AM
[ReportManager] Alert Text is: [I am a JS Confirm] @09-02-2022 02:03:27.0650 AM
[ReportManager] Element Action [GetAlertText] successfully performed. @09-02-2022 02:03:27.0651 AM
[ReportManager] Alert text is: [I am a JS Confirm] @09-02-2022 02:03:27.0651 AM
[ReportManager] Alert is present @09-02-2022 02:03:27.0690 AM
[ReportManager] Alert Text is: [I am a JS Confirm] @09-02-2022 02:03:27.0714 AM
[ReportManager] Element Action [GetAlertText] successfully performed. @09-02-2022 02:03:27.0715 AM
[ReportManager] Assertion Passed: Then I Assert that [I am a JS Confirm] is equal to [I am a JS Confirm]. @09-02-2022 02:03:27.0715 AM
[ReportManager] Assertion [ValidateEquals] PASSED. Expected [I am a JS Confirm] and Actual [I am a JS Confirm]. Comparison Type [EQUALS]. Validation Type [POSITIVE]. @09-02-2022 02:03:27.0716 A

################################################################################################################################################
Starting Execution:	[91 out of 165] test cases in the current suite
Test Method:		[testPackage01.TestJSConfirmBox.acceptAlert]
################################################################################################################################################
[ReportManager] Alert is not present @09-02-2022 02:03:58.0231 AM
[ReportManager] Element Action [WaitForAlertToBePresent] failed. @09-02-2022 02:03:58.0357 AM
[ReportManager] Successfully created attachment [Screenshot - 1644372238257_acceptAlert_WaitForAlertToBePresent_failed] @09-02-2022 02:03:58.0359 A

################################################################################################################################################
Starting Execution:	[92 out of 165] test cases in the current suite
Test Method:		[testPackage01.TestJSConfirmBox.assertOnConfirmAlertResultText]
###############################################################################################################################################
[ReportManager] Browser Action [CloseCurrentWindow] successfully performed. @09-02-2022 02:03:58.0747 AM
[ReportManager] Successfully created attachment [Browser Action Test Data - CloseCurrentWindow - Actual Value] @09-02-2022 02:03:58.0748 A

################################################################################################################################################
Starting Execution:	[93 out of 165] test cases in the current suite
Test Method:		[testPackage01.Test_NewValidationHelper.f1]
################################################################################################################################################
[ReportManager] Assertion Passed: Checking valid user data @09-02-2022 02:03:58.0752 AM
[ReportManager] Successfully created attachment [Validation Test Data - Expected Value] @09-02-2022 02:03:58.0753 AM
[ReportManager] Successfully created attachment [Validation Test Data - Actual Value] @09-02-2022 02:03:58.0754 AM
[ReportManager] Assertion [ValidateEquals] PASSED. Expected and Actual values are attached. Comparison Type [EQUALS]. Validation Type [POSITIVE]. @09-02-2022 02:03:58.0754 A
[ReportManager] File Action [GetAbsolutePath] successfully performed. With the following test data [Relative Folder Path: "target/downloadedFiles/"]. @09-02-2022 02:03:58.0757 AM
[ReportManager] Attempting to run locally on: [Mac-64], [Safari], Headless Execution. @09-02-2022 02:03:58.0757 AM
[ReportManager] Successfully Opened Safari. @09-02-2022 02:03:59.0843 AM
[ReportManager] Initial window size: (800, 600) @09-02-2022 02:03:59.0859 AM
[ReportManager] Window size after SWD Maximize: (1176, 803) @09-02-2022 02:03:59.0924 AM
[ReportManager] Browser Action [MaximizeWindow] successfully performed. With the following test data [New screen size is now: (1176, 803)]. @09-02-2022 02:03:59.0925 AM
[ReportManager] Target URL: [https://the-internet.herokuapp.com/] @09-02-2022 02:03:59.0925 AM
[ReportManager] Initial URL: [] @09-02-2022 02:04:00.0025 AM
[ReportManager] Browser Action [NavigateToURL] successfully performed. With the following test data [https://the-internet.herokuapp.com/]. @09-02-2022 02:04:00.0593 A

################################################################################################################################################
Starting Execution:	[94 out of 165] test cases in the current suite
Test Method:		[testPackage01.Test_NewValidationHelper.f10]
################################################################################################################################################
[ReportManager] Assertion [ValidateElementExists] FAILED. Expected [Element Should Exist, locator 'By.tagName: div'] and Actual [Element Exists but is not unique]. Comparison Type [EQUALS]. Validation Type [POSITIVE]. @09-02-2022 02:04:00.0992 AM
[ReportManager] Successfully created attachment [Screenshot - 1644372240914_f10_ValidateElementExists_failed] @09-02-2022 02:04:00.0994 A
[ReportManager] Successfully Closed All Drivers. @09-02-2022 02:04:01.0261 A
[ReportManager] File Action [GetAbsolutePath] successfully performed. With the following test data [Relative Folder Path: "target/downloadedFiles/"]. @09-02-2022 02:04:01.0263 AM
[ReportManager] Attempting to run locally on: [Mac-64], [Safari], Headless Execution. @09-02-2022 02:04:01.0263 AM
[ReportManager] Successfully Opened Safari. @09-02-2022 02:04:02.0187 AM
[ReportManager] Initial window size: (800, 600) @09-02-2022 02:04:02.0211 AM
[ReportManager] Window size after SWD Maximize: (1176, 803) @09-02-2022 02:04:02.0229 AM
[ReportManager] Browser Action [MaximizeWindow] successfully performed. With the following test data [New screen size is now: (1176, 803)]. @09-02-2022 02:04:02.0230 AM
[ReportManager] Target URL: [https://the-internet.herokuapp.com/] @09-02-2022 02:04:02.0230 AM
[ReportManager] Initial URL: [] @09-02-2022 02:04:02.0296 AM
[ReportManager] Browser Action [NavigateToURL] successfully performed. With the following test data [https://the-internet.herokuapp.com/]. @09-02-2022 02:04:02.0912 A

################################################################################################################################################
Starting Execution:	[95 out of 165] test cases in the current suite
Test Method:		[testPackage01.Test_NewValidationHelper.f11]
################################################################################################################################################
[ReportManager] org.openqa.selenium.TimeoutException:
Expected condition failed: waiting for com.shaft.gui.element.ElementActionsHelper$$Lambda$675/0x00000008011529a0@412144f4 (tried for 5 second(s) with 1000 milliseconds interval)
org.openqa.selenium.support.ui.FluentWait.timeoutException(FluentWait.java:263)
org.openqa.selenium.support.ui.FluentWait.until(FluentWait.java:231)
com.shaft.gui.element.ElementActionsHelper.waitForElementPresence(ElementActionsHelper.java:89)
com.shaft.gui.element.ElementActionsHelper.waitForElementPresence(ElementActionsHelper.java:37)
com.shaft.gui.element.WebDriverElementActions.getMatchingElementsCount(WebDriverElementActions.java:1481)
com.shaft.gui.element.WebDriverElementActions.getElementsCount(WebDriverElementActions.java:561)
com.shaft.gui.element.ElementActions.getElementsCount(ElementActions.java:269)
com.shaft.validation.ValidationsHelper.validateElementExists(ValidationsHelper.java:149)
com.shaft.validation.Assertions.assertElementExists(Assertions.java:118)
testPackage01.Test_NewValidationHelper.f11(Test_NewValidationHelper.java:137)
java.base/jdk.internal.reflect.NativeMethodAccessorImpl.invoke0(Native Method)
java.base/jdk.internal.reflect.NativeMethodAccessorImpl.invoke(NativeMethodAccessorImpl.java:77)
java.base/jdk.internal.reflect.DelegatingMethodAccessorImpl.invoke(DelegatingMethodAccessorImpl.java:43)
java.base/java.lang.reflect.Method.invoke(Method.java:568)
org.testng.internal.invokers.MethodInvocationHelper.invokeMethod(MethodInvocationHelper.java:135)
org.testng.internal.invokers.TestInvoker.invokeMethod(TestInvoker.java:673)
org.testng.internal.invokers.TestInvoker.invokeTestMethod(TestInvoker.java:220)
org.testng.internal.invokers.MethodRunner.runInSequence(MethodRunner.java:50)
org.testng.internal.invokers.TestInvoker$MethodInvocationAgent.invoke(TestInvoker.java:945)
org.testng.internal.invokers.TestInvoker.invokeTestMethods(TestInvoker.java:193)
org.testng.internal.invokers.TestMethodWorker.invokeTestMethods(TestMethodWorker.java:146)
org.testng.internal.invokers.TestMethodWorker.run(TestMethodWorker.java:128)
java.base/java.util.ArrayList.forEach(ArrayList.java:1511)
org.testng.TestRunner.privateRun(TestRunner.java:808)
org.testng.TestRunner.run(TestRunner.java:603)
org.testng.SuiteRunner.runTest(SuiteRunner.java:429)
org.testng.SuiteRunner.runSequentially(SuiteRunner.java:423)
org.testng.SuiteRunner.privateRun(SuiteRunner.java:383)
org.testng.SuiteRunner.run(SuiteRunner.java:326)
org.testng.SuiteRunnerWorker.runSuite(SuiteRunnerWorker.java:52)
org.testng.SuiteRunnerWorker.run(SuiteRunnerWorker.java:95)
org.testng.TestNG.runSuitesSequentially(TestNG.java:1249)
org.testng.TestNG.runSuitesLocally(TestNG.java:1169)
org.testng.TestNG.runSuites(TestNG.java:1092)
org.testng.TestNG.run(TestNG.java:1060)
org.apache.maven.surefire.testng.TestNGExecutor.run(TestNGExecutor.java:136)
org.apache.maven.surefire.testng.TestNGDirectoryTestSuite.executeMulti(TestNGDirectoryTestSuite.java:193)
org.apache.maven.surefire.testng.TestNGDirectoryTestSuite.execute(TestNGDirectoryTestSuite.java:94)
org.apache.maven.surefire.testng.TestNGProvider.invoke(TestNGProvider.java:145)
org.apache.maven.surefire.booter.ForkedBooter.runSuitesInProcess(ForkedBooter.java:428)
org.apache.maven.surefire.booter.ForkedBooter.execute(ForkedBooter.java:162)
org.apache.maven.surefire.booter.ForkedBooter.run(ForkedBooter.java:562)
org.apache.maven.surefire.booter.ForkedBooter.main(ForkedBooter.java:548)

Caused by: org.openqa.selenium.NoSuchElementException:
For documentation on this error, please visit: https://selenium.dev/exceptions/#no_such_element
Build info: version: '4.1.2', revision: '9a5a329c5a'
System info: host: 'Mac-1644371515852.local', ip: '10.79.14.126', os.name: 'Mac OS X', os.arch: 'x86_64', os.version: '11.6.3', java.version: '17.0.2'
Driver info: org.openqa.selenium.safari.SafariDriver
Command: [E384CBF9-1A83-407C-BD02-6A7E8F6E9D53, findElement {using=tag name, value=h3}]
Capabilities {acceptInsecureCerts: false, browserName: Safari, browserVersion: 15.3, goog:loggingPrefs: {browser: ALL, client: ALL, driver: ALL, performance: ALL, profiler: ALL, server: ALL}, javascriptEnabled: true, pageLoadStrategy: normal, platform: MAC, platformName: MAC, safari:automaticInspection: false, safari:automaticProfiling: false, safari:diagnose: false, safari:platformBuildVersion: 20G415, safari:platformVersion: 11.6.3, safari:useSimulator: false, setWindowRect: true, strictFileInteractability: false, timeouts: {pageLoad: 30000, script: 30000}, webkit:WebRTC: {DisableICECandidateFiltering: false, DisableInsecureMediaCapture: false}}
Session ID: E384CBF9-1A83-407C-BD02-6A7E8F6E9D53
java.base/jdk.internal.reflect.NativeConstructorAccessorImpl.newInstance0(Native Method)
java.base/jdk.internal.reflect.NativeConstructorAccessorImpl.newInstance(NativeConstructorAccessorImpl.java:77)
java.base/jdk.internal.reflect.DelegatingConstructorAccessorImpl.newInstance(DelegatingConstructorAccessorImpl.java:45)
java.base/java.lang.reflect.Constructor.newInstanceWithCaller(Constructor.java:499)
java.base/java.lang.reflect.Constructor.newInstance(Constructor.java:480)
org.openqa.selenium.remote.codec.w3c.W3CHttpResponseCodec.createException(W3CHttpResponseCodec.java:200)
org.openqa.selenium.remote.codec.w3c.W3CHttpResponseCodec.decode(W3CHttpResponseCodec.java:133)
org.openqa.selenium.remote.codec.w3c.W3CHttpResponseCodec.decode(W3CHttpResponseCodec.java:53)
org.openqa.selenium.remote.HttpCommandExecutor.execute(HttpCommandExecutor.java:184)
org.openqa.selenium.remote.service.DriverCommandExecutor.invokeExecute(DriverCommandExecutor.java:167)
org.openqa.selenium.remote.service.DriverCommandExecutor.execute(DriverCommandExecutor.java:142)
org.openqa.selenium.remote.RemoteWebDriver.execute(RemoteWebDriver.java:558)
org.openqa.selenium.remote.ElementLocation$ElementFinder$2.findElement(ElementLocation.java:162)
org.openqa.selenium.remote.ElementLocation.findElement(ElementLocation.java:60)
org.openqa.selenium.remote.RemoteWebDriver.findElement(RemoteWebDriver.java:382)
org.openqa.selenium.remote.RemoteWebDriver.findElement(RemoteWebDriver.java:374)
com.shaft.gui.element.ElementActionsHelper.lambda$waitForElementPresence$0(ElementActionsHelper.java:92)
org.openqa.selenium.support.ui.FluentWait.until(FluentWait.java:208)
com.shaft.gui.element.ElementActionsHelper.waitForElementPresence(ElementActionsHelper.java:89)
com.shaft.gui.element.ElementActionsHelper.waitForElementPresence(ElementActionsHelper.java:37)
com.shaft.gui.element.WebDriverElementActions.getMatchingElementsCount(WebDriverElementActions.java:1481)
com.shaft.gui.element.WebDriverElementActions.getElementsCount(WebDriverElementActions.java:561)
com.shaft.gui.element.ElementActions.getElementsCount(ElementActions.java:269)
com.shaft.validation.ValidationsHelper.validateElementExists(ValidationsHelper.java:149)
com.shaft.validation.Assertions.assertElementExists(Assertions.java:118)
testPackage01.Test_NewValidationHelper.f11(Test_NewValidationHelper.java:137)
java.base/jdk.internal.reflect.NativeMethodAccessorImpl.invoke0(Native Method)
java.base/jdk.internal.reflect.NativeMethodAccessorImpl.invoke(NativeMethodAccessorImpl.java:77)
java.base/jdk.internal.reflect.DelegatingMethodAccessorImpl.invoke(DelegatingMethodAccessorImpl.java:43)
java.base/java.lang.reflect.Method.invoke(Method.java:568)
org.testng.internal.invokers.MethodInvocationHelper.invokeMethod(MethodInvocationHelper.java:135)
org.testng.internal.invokers.TestInvoker.invokeMethod(TestInvoker.java:673)
org.testng.internal.invokers.TestInvoker.invokeTestMethod(TestInvoker.java:220)
org.testng.internal.invokers.MethodRunner.runInSequence(MethodRunner.java:50)
org.testng.internal.invokers.TestInvoker$MethodInvocationAgent.invoke(TestInvoker.java:945)
org.testng.internal.invokers.TestInvoker.invokeTestMethods(TestInvoker.java:193)
org.testng.internal.invokers.TestMethodWorker.invokeTestMethods(TestMethodWorker.java:146)
org.testng.internal.invokers.TestMethodWorker.run(TestMethodWorker.java:128)
java.base/java.util.ArrayList.forEach(ArrayList.java:1511)
org.testng.TestRunner.privateRun(TestRunner.java:808)
org.testng.TestRunner.run(TestRunner.java:603)
org.testng.SuiteRunner.runTest(SuiteRunner.java:429)
org.testng.SuiteRunner.runSequentially(SuiteRunner.java:423)
org.testng.SuiteRunner.privateRun(SuiteRunner.java:383)
org.testng.SuiteRunner.run(SuiteRunner.java:326)
org.testng.SuiteRunnerWorker.runSuite(SuiteRunnerWorker.java:52)
org.testng.SuiteRunnerWorker.run(SuiteRunnerWorker.java:95)
org.testng.TestNG.runSuitesSequentially(TestNG.java:1249)
org.testng.TestNG.runSuitesLocally(TestNG.java:1169)
org.testng.TestNG.runSuites(TestNG.java:1092)
org.testng.TestNG.run(TestNG.java:1060)
org.apache.maven.surefire.testng.TestNGExecutor.run(TestNGExecutor.java:136)
org.apache.maven.surefire.testng.TestNGDirectoryTestSuite.executeMulti(TestNGDirectoryTestSuite.java:193)
org.apache.maven.surefire.testng.TestNGDirectoryTestSuite.execute(TestNGDirectoryTestSuite.java:94)
org.apache.maven.surefire.testng.TestNGProvider.invoke(TestNGProvider.java:145)
org.apache.maven.surefire.booter.ForkedBooter.runSuitesInProcess(ForkedBooter.java:428)
org.apache.maven.surefire.booter.ForkedBooter.execute(ForkedBooter.java:162)
org.apache.maven.surefire.booter.ForkedBooter.run(ForkedBooter.java:562)
org.apache.maven.surefire.booter.ForkedBooter.main(ForkedBooter.java:548) @09-02-2022 02:04:08.0299 AM
[ReportManager] org.openqa.selenium.TimeoutException:
Expected condition failed: waiting for com.shaft.gui.element.ElementActionsHelper$$Lambda$675/0x00000008011529a0@19b4948b (tried for 5 second(s) with 1000 milliseconds interval)
org.openqa.selenium.support.ui.FluentWait.timeoutException(FluentWait.java:263)
org.openqa.selenium.support.ui.FluentWait.until(FluentWait.java:231)
com.shaft.gui.element.ElementActionsHelper.waitForElementPresence(ElementActionsHelper.java:89)
com.shaft.gui.element.ElementActionsHelper.waitForElementPresence(ElementActionsHelper.java:37)
com.shaft.gui.element.WebDriverElementActions.getMatchingElementsCount(WebDriverElementActions.java:1481)
com.shaft.gui.element.WebDriverElementActions.getElementsCount(WebDriverElementActions.java:561)
com.shaft.gui.element.ElementActions.getElementsCount(ElementActions.java:269)
com.shaft.gui.image.ScreenshotManager.internalCaptureScreenShot(ScreenshotManager.java:385)
com.shaft.gui.image.ScreenshotManager.captureScreenShot(ScreenshotManager.java:141)
com.shaft.validation.ValidationsHelper.reportValidationState(ValidationsHelper.java:823)
com.shaft.validation.ValidationsHelper.pass(ValidationsHelper.java:564)
com.shaft.validation.ValidationsHelper.validateElementExists(ValidationsHelper.java:166)
com.shaft.validation.Assertions.assertElementExists(Assertions.java:118)
testPackage01.Test_NewValidationHelper.f11(Test_NewValidationHelper.java:137)
java.base/jdk.internal.reflect.NativeMethodAccessorImpl.invoke0(Native Method)
java.base/jdk.internal.reflect.NativeMethodAccessorImpl.invoke(NativeMethodAccessorImpl.java:77)
java.base/jdk.internal.reflect.DelegatingMethodAccessorImpl.invoke(DelegatingMethodAccessorImpl.java:43)
java.base/java.lang.reflect.Method.invoke(Method.java:568)
org.testng.internal.invokers.MethodInvocationHelper.invokeMethod(MethodInvocationHelper.java:135)
org.testng.internal.invokers.TestInvoker.invokeMethod(TestInvoker.java:673)
org.testng.internal.invokers.TestInvoker.invokeTestMethod(TestInvoker.java:220)
org.testng.internal.invokers.MethodRunner.runInSequence(MethodRunner.java:50)
org.testng.internal.invokers.TestInvoker$MethodInvocationAgent.invoke(TestInvoker.java:945)
org.testng.internal.invokers.TestInvoker.invokeTestMethods(TestInvoker.java:193)
org.testng.internal.invokers.TestMethodWorker.invokeTestMethods(TestMethodWorker.java:146)
org.testng.internal.invokers.TestMethodWorker.run(TestMethodWorker.java:128)
java.base/java.util.ArrayList.forEach(ArrayList.java:1511)
org.testng.TestRunner.privateRun(TestRunner.java:808)
org.testng.TestRunner.run(TestRunner.java:603)
org.testng.SuiteRunner.runTest(SuiteRunner.java:429)
org.testng.SuiteRunner.runSequentially(SuiteRunner.java:423)
org.testng.SuiteRunner.privateRun(SuiteRunner.java:383)
org.testng.SuiteRunner.run(SuiteRunner.java:326)
org.testng.SuiteRunnerWorker.runSuite(SuiteRunnerWorker.java:52)
org.testng.SuiteRunnerWorker.run(SuiteRunnerWorker.java:95)
org.testng.TestNG.runSuitesSequentially(TestNG.java:1249)
org.testng.TestNG.runSuitesLocally(TestNG.java:1169)
org.testng.TestNG.runSuites(TestNG.java:1092)
org.testng.TestNG.run(TestNG.java:1060)
org.apache.maven.surefire.testng.TestNGExecutor.run(TestNGExecutor.java:136)
org.apache.maven.surefire.testng.TestNGDirectoryTestSuite.executeMulti(TestNGDirectoryTestSuite.java:193)
org.apache.maven.surefire.testng.TestNGDirectoryTestSuite.execute(TestNGDirectoryTestSuite.java:94)
org.apache.maven.surefire.testng.TestNGProvider.invoke(TestNGProvider.java:145)
org.apache.maven.surefire.booter.ForkedBooter.runSuitesInProcess(ForkedBooter.java:428)
org.apache.maven.surefire.booter.ForkedBooter.execute(ForkedBooter.java:162)
org.apache.maven.surefire.booter.ForkedBooter.run(ForkedBooter.java:562)
org.apache.maven.surefire.booter.ForkedBooter.main(ForkedBooter.java:548)

Caused by: org.openqa.selenium.NoSuchElementException:
For documentation on this error, please visit: https://selenium.dev/exceptions/#no_such_element
Build info: version: '4.1.2', revision: '9a5a329c5a'
System info: host: 'Mac-1644371515852.local', ip: '10.79.14.126', os.name: 'Mac OS X', os.arch: 'x86_64', os.version: '11.6.3', java.version: '17.0.2'
Driver info: org.openqa.selenium.safari.SafariDriver
Command: [E384CBF9-1A83-407C-BD02-6A7E8F6E9D53, findElement {using=tag name, value=h3}]
Capabilities {acceptInsecureCerts: false, browserName: Safari, browserVersion: 15.3, goog:loggingPrefs: {browser: ALL, client: ALL, driver: ALL, performance: ALL, profiler: ALL, server: ALL}, javascriptEnabled: true, pageLoadStrategy: normal, platform: MAC, platformName: MAC, safari:automaticInspection: false, safari:automaticProfiling: false, safari:diagnose: false, safari:platformBuildVersion: 20G415, safari:platformVersion: 11.6.3, safari:useSimulator: false, setWindowRect: true, strictFileInteractability: false, timeouts: {pageLoad: 30000, script: 30000}, webkit:WebRTC: {DisableICECandidateFiltering: false, DisableInsecureMediaCapture: false}}
Session ID: E384CBF9-1A83-407C-BD02-6A7E8F6E9D53
java.base/jdk.internal.reflect.NativeConstructorAccessorImpl.newInstance0(Native Method)
java.base/jdk.internal.reflect.NativeConstructorAccessorImpl.newInstance(NativeConstructorAccessorImpl.java:77)
java.base/jdk.internal.reflect.DelegatingConstructorAccessorImpl.newInstance(DelegatingConstructorAccessorImpl.java:45)
java.base/java.lang.reflect.Constructor.newInstanceWithCaller(Constructor.java:499)
java.base/java.lang.reflect.Constructor.newInstance(Constructor.java:480)
org.openqa.selenium.remote.codec.w3c.W3CHttpResponseCodec.createException(W3CHttpResponseCodec.java:200)
org.openqa.selenium.remote.codec.w3c.W3CHttpResponseCodec.decode(W3CHttpResponseCodec.java:133)
org.openqa.selenium.remote.codec.w3c.W3CHttpResponseCodec.decode(W3CHttpResponseCodec.java:53)
org.openqa.selenium.remote.HttpCommandExecutor.execute(HttpCommandExecutor.java:184)
org.openqa.selenium.remote.service.DriverCommandExecutor.invokeExecute(DriverCommandExecutor.java:167)
org.openqa.selenium.remote.service.DriverCommandExecutor.execute(DriverCommandExecutor.java:142)
org.openqa.selenium.remote.RemoteWebDriver.execute(RemoteWebDriver.java:558)
org.openqa.selenium.remote.ElementLocation$ElementFinder$2.findElement(ElementLocation.java:162)
org.openqa.selenium.remote.ElementLocation.findElement(ElementLocation.java:60)
org.openqa.selenium.remote.RemoteWebDriver.findElement(RemoteWebDriver.java:382)
org.openqa.selenium.remote.RemoteWebDriver.findElement(RemoteWebDriver.java:374)
com.shaft.gui.element.ElementActionsHelper.lambda$waitForElementPresence$0(ElementActionsHelper.java:92)
org.openqa.selenium.support.ui.FluentWait.until(FluentWait.java:208)
com.shaft.gui.element.ElementActionsHelper.waitForElementPresence(ElementActionsHelper.java:89)
com.shaft.gui.element.ElementActionsHelper.waitForElementPresence(ElementActionsHelper.java:37)
com.shaft.gui.element.WebDriverElementActions.getMatchingElementsCount(WebDriverElementActions.java:1481)
com.shaft.gui.element.WebDriverElementActions.getElementsCount(WebDriverElementActions.java:561)
com.shaft.gui.element.ElementActions.getElementsCount(ElementActions.java:269)
com.shaft.gui.image.ScreenshotManager.internalCaptureScreenShot(ScreenshotManager.java:385)
com.shaft.gui.image.ScreenshotManager.captureScreenShot(ScreenshotManager.java:141)
com.shaft.validation.ValidationsHelper.reportValidationState(ValidationsHelper.java:823)
com.shaft.validation.ValidationsHelper.pass(ValidationsHelper.java:564)
com.shaft.validation.ValidationsHelper.validateElementExists(ValidationsHelper.java:166)
com.shaft.validation.Assertions.assertElementExists(Assertions.java:118)
testPackage01.Test_NewValidationHelper.f11(Test_NewValidationHelper.java:137)
java.base/jdk.internal.reflect.NativeMethodAccessorImpl.invoke0(Native Method)
java.base/jdk.internal.reflect.NativeMethodAccessorImpl.invoke(NativeMethodAccessorImpl.java:77)
java.base/jdk.internal.reflect.DelegatingMethodAccessorImpl.invoke(DelegatingMethodAccessorImpl.java:43)
java.base/java.lang.reflect.Method.invoke(Method.java:568)
org.testng.internal.invokers.MethodInvocationHelper.invokeMethod(MethodInvocationHelper.java:135)
org.testng.internal.invokers.TestInvoker.invokeMethod(TestInvoker.java:673)
org.testng.internal.invokers.TestInvoker.invokeTestMethod(TestInvoker.java:220)
org.testng.internal.invokers.MethodRunner.runInSequence(MethodRunner.java:50)
org.testng.internal.invokers.TestInvoker$MethodInvocationAgent.invoke(TestInvoker.java:945)
org.testng.internal.invokers.TestInvoker.invokeTestMethods(TestInvoker.java:193)
org.testng.internal.invokers.TestMethodWorker.invokeTestMethods(TestMethodWorker.java:146)
org.testng.internal.invokers.TestMethodWorker.run(TestMethodWorker.java:128)
java.base/java.util.ArrayList.forEach(ArrayList.java:1511)
org.testng.TestRunner.privateRun(TestRunner.java:808)
org.testng.TestRunner.run(TestRunner.java:603)
org.testng.SuiteRunner.runTest(SuiteRunner.java:429)
org.testng.SuiteRunner.runSequentially(SuiteRunner.java:423)
org.testng.SuiteRunner.privateRun(SuiteRunner.java:383)
org.testng.SuiteRunner.run(SuiteRunner.java:326)
org.testng.SuiteRunnerWorker.runSuite(SuiteRunnerWorker.java:52)
org.testng.SuiteRunnerWorker.run(SuiteRunnerWorker.java:95)
org.testng.TestNG.runSuitesSequentially(TestNG.java:1249)
org.testng.TestNG.runSuitesLocally(TestNG.java:1169)
org.testng.TestNG.runSuites(TestNG.java:1092)
org.testng.TestNG.run(TestNG.java:1060)
org.apache.maven.surefire.testng.TestNGExecutor.run(TestNGExecutor.java:136)
org.apache.maven.surefire.testng.TestNGDirectoryTestSuite.executeMulti(TestNGDirectoryTestSuite.java:193)
org.apache.maven.surefire.testng.TestNGDirectoryTestSuite.execute(TestNGDirectoryTestSuite.java:94)
org.apache.maven.surefire.testng.TestNGProvider.invoke(TestNGProvider.java:145)
org.apache.maven.surefire.booter.ForkedBooter.runSuitesInProcess(ForkedBooter.java:428)
org.apache.maven.surefire.booter.ForkedBooter.execute(ForkedBooter.java:162)
org.apache.maven.surefire.booter.ForkedBooter.run(ForkedBooter.java:562)
org.apache.maven.surefire.booter.ForkedBooter.main(ForkedBooter.java:548) @09-02-2022 02:04:13.0537 AM
[ReportManager] Assertion Passed: Checking that false tag doesn't exist @09-02-2022 02:04:13.0658 AM
[ReportManager] Successfully created attachment [Screenshot - 1644372253568_f11_ValidateElementExists_passed] @09-02-2022 02:04:13.0659 AM
[ReportManager] Assertion [ValidateElementExists] PASSED. Expected [Element Should not Exist, locator 'By.tagName: h3'] and Actual [Element Doesn't Exists]. Comparison Type [EQUALS]. Validation Type [NEGATIVE]. @09-02-2022 02:04:13.0659 A
[ReportManager] Successfully Closed All Drivers. @09-02-2022 02:04:13.0814 A
[ReportManager] File Action [GetAbsolutePath] successfully performed. With the following test data [Relative Folder Path: "target/downloadedFiles/"]. @09-02-2022 02:04:13.0817 AM
[ReportManager] Attempting to run locally on: [Mac-64], [Safari], Headless Execution. @09-02-2022 02:04:13.0817 AM
[ReportManager] Successfully Opened Safari. @09-02-2022 02:04:14.0737 AM
[ReportManager] Initial window size: (800, 600) @09-02-2022 02:04:14.0771 AM
[ReportManager] Window size after SWD Maximize: (1176, 803) @09-02-2022 02:04:14.0789 AM
[ReportManager] Browser Action [MaximizeWindow] successfully performed. With the following test data [New screen size is now: (1176, 803)]. @09-02-2022 02:04:14.0790 AM
[ReportManager] Target URL: [https://the-internet.herokuapp.com/] @09-02-2022 02:04:14.0790 AM
[ReportManager] Initial URL: [] @09-02-2022 02:04:14.0872 AM
[ReportManager] Browser Action [NavigateToURL] successfully performed. With the following test data [https://the-internet.herokuapp.com/]. @09-02-2022 02:04:15.0509 A

################################################################################################################################################
Starting Execution:	[96 out of 165] test cases in the current suite
Test Method:		[testPackage01.Test_NewValidationHelper.f12]
################################################################################################################################################
[ReportManager] Assertion [ValidateElementExists] FAILED. Expected [Element Should not Exist, locator 'By.tagName: h1'] and Actual [Element Exists]. Comparison Type [EQUALS]. Validation Type [NEGATIVE]. @09-02-2022 02:04:15.0964 AM
[ReportManager] Successfully created attachment [Screenshot - 1644372255884_f12_ValidateElementExists_failed] @09-02-2022 02:04:15.0966 A
[ReportManager] Successfully Closed All Drivers. @09-02-2022 02:04:16.0214 A
[ReportManager] File Action [GetAbsolutePath] successfully performed. With the following test data [Relative Folder Path: "target/downloadedFiles/"]. @09-02-2022 02:04:16.0217 AM
[ReportManager] Attempting to run locally on: [Mac-64], [Safari], Headless Execution. @09-02-2022 02:04:16.0217 AM
[ReportManager] Successfully Opened Safari. @09-02-2022 02:04:17.0154 AM
[ReportManager] Initial window size: (800, 600) @09-02-2022 02:04:17.0181 AM
[ReportManager] Window size after SWD Maximize: (1176, 803) @09-02-2022 02:04:17.0197 AM
[ReportManager] Browser Action [MaximizeWindow] successfully performed. With the following test data [New screen size is now: (1176, 803)]. @09-02-2022 02:04:17.0197 AM
[ReportManager] Target URL: [https://the-internet.herokuapp.com/] @09-02-2022 02:04:17.0197 AM
[ReportManager] Initial URL: [] @09-02-2022 02:04:17.0276 AM
[ReportManager] Browser Action [NavigateToURL] successfully performed. With the following test data [https://the-internet.herokuapp.com/]. @09-02-2022 02:04:17.0789 A

################################################################################################################################################
Starting Execution:	[97 out of 165] test cases in the current suite
Test Method:		[testPackage01.Test_NewValidationHelper.f13]
################################################################################################################################################
[ReportManager] Assertion [ValidateElementExists] FAILED. Expected [Element Should not Exist, locator 'By.tagName: div'] and Actual [Element Exists but is not unique]. Comparison Type [EQUALS]. Validation Type [NEGATIVE]. @09-02-2022 02:04:18.0058 AM
[ReportManager] Successfully created attachment [Screenshot - 1644372257985_f13_ValidateElementExists_failed] @09-02-2022 02:04:18.0060 A
[ReportManager] Successfully Closed All Drivers. @09-02-2022 02:04:18.0320 A
[ReportManager] File Action [GetAbsolutePath] successfully performed. With the following test data [Relative Folder Path: "target/downloadedFiles/"]. @09-02-2022 02:04:18.0323 AM
[ReportManager] Attempting to run locally on: [Mac-64], [Safari], Headless Execution. @09-02-2022 02:04:18.0323 AM
[ReportManager] Successfully Opened Safari. @09-02-2022 02:04:19.0205 AM
[ReportManager] Initial window size: (800, 600) @09-02-2022 02:04:19.0243 AM
[ReportManager] Window size after SWD Maximize: (1176, 803) @09-02-2022 02:04:19.0311 AM
[ReportManager] Browser Action [MaximizeWindow] successfully performed. With the following test data [New screen size is now: (1176, 803)]. @09-02-2022 02:04:19.0311 AM
[ReportManager] Target URL: [https://the-internet.herokuapp.com/] @09-02-2022 02:04:19.0311 AM
[ReportManager] Initial URL: [] @09-02-2022 02:04:19.0368 AM
[ReportManager] Browser Action [NavigateToURL] successfully performed. With the following test data [https://the-internet.herokuapp.com/]. @09-02-2022 02:04:20.0095 A

################################################################################################################################################
Starting Execution:	[98 out of 165] test cases in the current suite
Test Method:		[testPackage01.Test_NewValidationHelper.f14]
################################################################################################################################################
[ReportManager] Element Action [GetText] successfully performed. With the following test data [Welcome to the-internet]. @09-02-2022 02:04:20.0143 AM
[ReportManager] Assertion Passed: Asserting that the header text is correct @09-02-2022 02:04:20.0327 AM
[ReportManager] Successfully created attachment [Screenshot - 1644372260244_f14_ValidateElementAttribute_passed] @09-02-2022 02:04:20.0329 AM
[ReportManager] Assertion [ValidateElementAttribute] PASSED. Expected [Value Should be 'Welcome to the-internet' for the 'text' attribute, element locator 'By.tagName: h1'] and Actual [Welcome to the-internet]. Comparison Type [EQUALS]. Validation Type [POSITIVE]. @09-02-2022 02:04:20.0329 A
[ReportManager] Successfully Closed All Drivers. @09-02-2022 02:04:20.0552 A
[ReportManager] File Action [GetAbsolutePath] successfully performed. With the following test data [Relative Folder Path: "target/downloadedFiles/"]. @09-02-2022 02:04:20.0555 AM
[ReportManager] Attempting to run locally on: [Mac-64], [Safari], Headless Execution. @09-02-2022 02:04:20.0555 AM
[ReportManager] Successfully Opened Safari. @09-02-2022 02:04:21.0488 AM
[ReportManager] Initial window size: (800, 600) @09-02-2022 02:04:21.0570 AM
[ReportManager] Window size after SWD Maximize: (1176, 803) @09-02-2022 02:04:21.0618 AM
[ReportManager] Browser Action [MaximizeWindow] successfully performed. With the following test data [New screen size is now: (1176, 803)]. @09-02-2022 02:04:21.0618 AM
[ReportManager] Target URL: [https://the-internet.herokuapp.com/] @09-02-2022 02:04:21.0618 AM
[ReportManager] Initial URL: [] @09-02-2022 02:04:21.0677 AM
[ReportManager] Browser Action [NavigateToURL] successfully performed. With the following test data [https://the-internet.herokuapp.com/]. @09-02-2022 02:04:22.0445 A

################################################################################################################################################
Starting Execution:	[99 out of 165] test cases in the current suite
Test Method:		[testPackage01.Test_NewValidationHelper.f15]
################################################################################################################################################
[ReportManager] Element Action [GetText] successfully performed. With the following test data [Welcome to the-internet]. @09-02-2022 02:04:22.0491 AM
[ReportManager] Assertion [ValidateElementAttribute] FAILED. Expected [Value Should not be 'Welcome' for the 'text' attribute, element locator 'By.tagName: h1'] and Actual [Welcome to the-internet]. Comparison Type [CONTAINS]. Validation Type [NEGATIVE]. @09-02-2022 02:04:22.0703 AM
[ReportManager] Successfully created attachment [Screenshot - 1644372262608_f15_ValidateElementAttribute_failed] @09-02-2022 02:04:22.0705 A
[ReportManager] Successfully Closed All Drivers. @09-02-2022 02:04:22.0971 A
[ReportManager] File Action [GetAbsolutePath] successfully performed. With the following test data [Relative Folder Path: "target/downloadedFiles/"]. @09-02-2022 02:04:22.0974 AM
[ReportManager] Attempting to run locally on: [Mac-64], [Safari], Headless Execution. @09-02-2022 02:04:22.0975 AM
[ReportManager] An Exception Occured with this Message: Could not start a new session. Possible causes are invalid address of the remote server or browser start-up failure.. @09-02-2022 02:04:23.0314 AM
[ReportManager] Successfully created attachment [Exception Stack Trace - org.openqa.selenium.SessionNotCreatedException] @09-02-2022 02:04:23.0315 AM
[ReportManager] Driver Factory Action [createNewLocalDriverInstanceForSafari] failed. With the following test data [Failed to create a session on DESKTOP_SAFARI]. @09-02-2022 02:04:23.0315 A

################################################################################################################################################
Starting Execution:	[100 out of 165] test cases in the current suite
Test Method:		[testPackage01.Test_NewValidationHelper.f16]
###############################################################################################################################################



################################################################################################################################################
Starting Execution:	[101 out of 165] test cases in the current suite
Test Method:		[testPackage01.Test_NewValidationHelper.f17]
###############################################################################################################################################



################################################################################################################################################
Starting Execution:	[102 out of 165] test cases in the current suite
Test Method:		[testPackage01.Test_NewValidationHelper.f18]
###############################################################################################################################################


################################################################################################################################################
Starting Execution:	[103 out of 165] test cases in the current suite
Test Method:		[testPackage01.Test_NewValidationHelper.f2]
###############################################################################################################################################


################################################################################################################################################
Starting Execution:	[104 out of 165] test cases in the current suite
Test Method:		[testPackage01.Test_NewValidationHelper.f20]
###############################################################################################################################################



################################################################################################################################################
Starting Execution:	[105 out of 165] test cases in the current suite
Test Method:		[testPackage01.Test_NewValidationHelper.f21]
###############################################################################################################################################



################################################################################################################################################
Starting Execution:	[106 out of 165] test cases in the current suite
Test Method:		[testPackage01.Test_NewValidationHelper.f22]
###############################################################################################################################################


################################################################################################################################################
Starting Execution:	[107 out of 165] test cases in the current suite
Test Method:		[testPackage01.Test_NewValidationHelper.f23]
###############################################################################################################################################

################################################################################################################################################
Starting Execution:	[108 out of 165] test cases in the current suite
Test Method:		[testPackage01.Test_NewValidationHelper.f24]
###############################################################################################################################################

################################################################################################################################################
Starting Execution:	[109 out of 165] test cases in the current suite
Test Method:		[testPackage01.Test_NewValidationHelper.f25]
###############################################################################################################################################

################################################################################################################################################
Starting Execution:	[110 out of 165] test cases in the current suite
Test Method:		[testPackage01.Test_NewValidationHelper.f26]
###############################################################################################################################################

################################################################################################################################################
Starting Execution:	[111 out of 165] test cases in the current suite
Test Method:		[testPackage01.Test_NewValidationHelper.f27]
###############################################################################################################################################

################################################################################################################################################
Starting Execution:	[112 out of 165] test cases in the current suite
Test Method:		[testPackage01.Test_NewValidationHelper.f28]
###############################################################################################################################################

################################################################################################################################################
Starting Execution:	[113 out of 165] test cases in the current suite
Test Method:		[testPackage01.Test_NewValidationHelper.f29]
###############################################################################################################################################

################################################################################################################################################
Starting Execution:	[114 out of 165] test cases in the current suite
Test Method:		[testPackage01.Test_NewValidationHelper.f3]
###############################################################################################################################################

################################################################################################################################################
Starting Execution:	[115 out of 165] test cases in the current suite
Test Method:		[testPackage01.Test_NewValidationHelper.f30]
###############################################################################################################################################

################################################################################################################################################
Starting Execution:	[116 out of 165] test cases in the current suite
Test Method:		[testPackage01.Test_NewValidationHelper.f31]
###############################################################################################################################################

################################################################################################################################################
Starting Execution:	[117 out of 165] test cases in the current suite
Test Method:		[testPackage01.Test_NewValidationHelper.f32]
###############################################################################################################################################

################################################################################################################################################
Starting Execution:	[118 out of 165] test cases in the current suite
Test Method:		[testPackage01.Test_NewValidationHelper.f33]
###############################################################################################################################################

################################################################################################################################################
Starting Execution:	[119 out of 165] test cases in the current suite
Test Method:		[testPackage01.Test_NewValidationHelper.f34]
###############################################################################################################################################

################################################################################################################################################
Starting Execution:	[120 out of 165] test cases in the current suite
Test Method:		[testPackage01.Test_NewValidationHelper.f35]
###############################################################################################################################################

################################################################################################################################################
Starting Execution:	[121 out of 165] test cases in the current suite
Test Method:		[testPackage01.Test_NewValidationHelper.f36]
###############################################################################################################################################

################################################################################################################################################
Starting Execution:	[122 out of 165] test cases in the current suite
Test Method:		[testPackage01.Test_NewValidationHelper.f37]
###############################################################################################################################################

################################################################################################################################################
Starting Execution:	[123 out of 165] test cases in the current suite
Test Method:		[testPackage01.Test_NewValidationHelper.f3_1]
###############################################################################################################################################

################################################################################################################################################
Starting Execution:	[124 out of 165] test cases in the current suite
Test Method:		[testPackage01.Test_NewValidationHelper.f4]
###############################################################################################################################################

################################################################################################################################################
Starting Execution:	[125 out of 165] test cases in the current suite
Test Method:		[testPackage01.Test_NewValidationHelper.f5]
###############################################################################################################################################

################################################################################################################################################
Starting Execution:	[126 out of 165] test cases in the current suite
Test Method:		[testPackage01.Test_NewValidationHelper.f6]
###############################################################################################################################################

################################################################################################################################################
Starting Execution:	[127 out of 165] test cases in the current suite
Test Method:		[testPackage01.Test_NewValidationHelper.f6_1]
###############################################################################################################################################

################################################################################################################################################
Starting Execution:	[128 out of 165] test cases in the current suite
Test Method:		[testPackage01.Test_NewValidationHelper.f6_2]
###############################################################################################################################################

################################################################################################################################################
Starting Execution:	[129 out of 165] test cases in the current suite
Test Method:		[testPackage01.Test_NewValidationHelper.f7]
###############################################################################################################################################


################################################################################################################################################
Starting Execution:	[130 out of 165] test cases in the current suite
Test Method:		[testPackage01.Test_NewValidationHelper.f8]
###############################################################################################################################################



################################################################################################################################################
Starting Execution:	[131 out of 165] test cases in the current suite
Test Method:		[testPackage01.Test_NewValidationHelper.f9]
###############################################################################################################################################


################################################################################################################################################
Starting Execution:	[132 out of 165] test cases in the current suite
Test Method:		[testPackage01.Test_NewValidationHelper.forceFail]
###############################################################################################################################################

################################################################################################################################################
Starting Execution:	[133 out of 165] test cases in the current suite
Test Method:		[testPackage01.Test_NewValidationHelper.forceFail2]
###############################################################################################################################################

################################################################################################################################################
Starting Execution:	[134 out of 165] test cases in the current suite
Test Method:		[testPackage01.Test_JsonActions.f]
###############################################################################################################################################

################################################################################################################################################
Starting Execution:	[135 out of 165] test cases in the current suite
Test Method:		[testPackage01.Test_JsonActions.f2]
###############################################################################################################################################

################################################################################################################################################
Starting Execution:	[136 out of 165] test cases in the current suite
Test Method:		[testPackage01.Test_sendGraphqlRequest.sendGraphqlRequestUsingMutationAndVariables]
################################################################################################################################################
[ReportManager] GraphQl Request is being Performed with the Following Parameters [Service URL: https://api.spacex.land/graphql | Request Body: {"variables":"{\"name\": \"sherlock holmes\",\"rocket\": \"221B Baker Street\"}","query":"mutation ($name: String, $rocket: String) {\n  insert_users(objects: {name: $name, rocket: $rocket}) {\n    returning {\n      name\n      rocket\n    }\n  }\n}"}] @09-02-2022 02:04:23.0937 AM
[ReportManager] Response status code: [200], status line: [HTTP/1.1 200 OK] @09-02-2022 02:04:24.0521 AM
[ReportManager] Assertion Passed: Evaluating the actual response status code against the expected one... @09-02-2022 02:04:24.0521 AM
[ReportManager] Assertion [ValidateComparativeRelation] PASSED. Expected [200] and Actual [200]. Comparison Type [EQUALS]. Validation Type [POSITIVE]. @09-02-2022 02:04:24.0521 AM
[ReportManager] API Action [PerformRequest] successfully performed. With the following test data [Request Type: "POST" | Target Status Code: "200" | Service URL: "https://api.spacex.land/graphql" | Content Type: "application/json" | Response Time: "433ms"]. @09-02-2022 02:04:24.0554 AM
[ReportManager] Successfully created attachment [API Request - Specifications] @09-02-2022 02:04:24.0555 AM
[ReportManager] Successfully created attachment [API Request - JSON Body] @09-02-2022 02:04:24.0555 AM
[ReportManager] Successfully created attachment [API Response - JSON Body] @09-02-2022 02:04:24.0556 AM
[ReportManager] API Action [GetResponseJSONValue] successfully performed. With the following test data [data.insert_users.returning[0].name]. @09-02-2022 02:04:24.0667 AM
[ReportManager] Assertion [ValidateEquals] PASSED. Expected [sherlock holmes] and Actual [sherlock holmes]. Comparison Type [EQUALS]. Validation Type [POSITIVE]. @09-02-2022 02:04:24.0668 A

################################################################################################################################################
Starting Execution:	[137 out of 165] test cases in the current suite
Test Method:		[testPackage01.Test_sendGraphqlRequest.sendGraphqlRequestUsingQuery]
################################################################################################################################################
[ReportManager] GraphQl Request is being Performed with the Following Parameters [Service URL: https://api.spacex.land/graphql | Request Body: {"query":"{company {ceo}}"}] @09-02-2022 02:04:24.0671 AM
[ReportManager] Response status code: [200], status line: [HTTP/1.1 200 OK] @09-02-2022 02:04:24.0811 AM
[ReportManager] Assertion Passed: Evaluating the actual response status code against the expected one... @09-02-2022 02:04:24.0811 AM
[ReportManager] Assertion [ValidateComparativeRelation] PASSED. Expected [200] and Actual [200]. Comparison Type [EQUALS]. Validation Type [POSITIVE]. @09-02-2022 02:04:24.0811 AM
[ReportManager] API Action [PerformRequest] successfully performed. With the following test data [Request Type: "POST" | Target Status Code: "200" | Service URL: "https://api.spacex.land/graphql" | Content Type: "application/json" | Response Time: "124ms"]. @09-02-2022 02:04:24.0834 AM
[ReportManager] Successfully created attachment [API Request - Specifications] @09-02-2022 02:04:24.0835 AM
[ReportManager] Successfully created attachment [API Request - JSON Body] @09-02-2022 02:04:24.0836 AM
[ReportManager] Successfully created attachment [API Response - JSON Body] @09-02-2022 02:04:24.0836 AM
[ReportManager] API Action [GetResponseJSONValue] successfully performed. With the following test data [data.company.ceo]. @09-02-2022 02:04:24.0850 AM
[ReportManager] Assertion [ValidateEquals] PASSED. Expected [Elon Musk] and Actual [Elon Musk]. Comparison Type [EQUALS]. Validation Type [POSITIVE]. @09-02-2022 02:04:24.0850 A

################################################################################################################################################
Starting Execution:	[138 out of 165] test cases in the current suite
Test Method:		[testPackage01.Test_MatchJsonSchema.checkAPI_ResponseSchema]
################################################################################################################################################
[ReportManager] Response status code: [200], status line: [HTTP/1.1 200 OK] @09-02-2022 02:04:24.0985 AM
[ReportManager] Assertion Passed: Evaluating the actual response status code against the expected one... @09-02-2022 02:04:24.0986 AM
[ReportManager] Assertion [ValidateComparativeRelation] PASSED. Expected [200] and Actual [200]. Comparison Type [EQUALS]. Validation Type [POSITIVE]. @09-02-2022 02:04:24.0986 AM
[ReportManager] API Action [PerformRequest] successfully performed. With the following test data [Request Type: "GET" | Target Status Code: "200" | Service URL: "http://api.zippopotam.us/us/90210" | Content Type: "*/*" | Response Time: "122ms"]. @09-02-2022 02:04:25.0004 AM
[ReportManager] Successfully created attachment [API Request - Specifications] @09-02-2022 02:04:25.0044 AM
[ReportManager] Successfully created attachment [API Response - JSON Body] @09-02-2022 02:04:25.0045 AM
[ReportManager] File Action [GetAbsolutePath] successfully performed. With the following test data [Relative Folder Path: "src/test/resources/testDataFiles/schema.json"]. @09-02-2022 02:04:25.0046 AM
[ReportManager] File Action [GetAbsolutePath] successfully performed. With the following test data [Relative Folder Path: "/Users/runner/work/SHAFT_ENGINE/SHAFT_ENGINE/src/test/resources/testDataFiles/schema.json"]. @09-02-2022 02:04:25.0807 AM
[ReportManager] File Action [ReadFromFile] successfully performed. With the following test data [File Path: "/Users/runner/work/SHAFT_ENGINE/SHAFT_ENGINE/src/test/resources/testDataFiles/schema.json"]. @09-02-2022 02:04:25.0807 AM
[ReportManager] Assertion Passed: Then I Assert that the API response schema matches that in this file [src/test/resources/testDataFiles/schema.json]. @09-02-2022 02:04:25.0809 AM
[ReportManager] Successfully created attachment [Validation Test Data - Expected JSON Value] @09-02-2022 02:04:25.0810 AM
[ReportManager] Successfully created attachment [Validation Test Data - Actual JSON Value] @09-02-2022 02:04:25.0811 AM
[ReportManager] Assertion [ValidateResponseFileSchema] PASSED. Expected [Response data should match the JSON File in this path '/Users/runner/work/SHAFT_ENGINE/SHAFT_ENGINE/src/test/resources/testDataFiles/schema.json'] and Actual [TRUE]. Comparison Type [EQUALS]. Validation Type [POSITIVE]. @09-02-2022 02:04:25.0811 A
[ReportManager] File Action [GetAbsolutePath] successfully performed. With the following test data [Relative Folder Path: "target/downloadedFiles/"]. @09-02-2022 02:04:25.0814 AM
[ReportManager] Attempting to run locally on: [Mac-64], [Safari], Headless Execution. @09-02-2022 02:04:25.0814 AM
[ReportManager] Successfully Opened Safari. @09-02-2022 02:04:26.0672 AM
[ReportManager] Initial window size: (800, 600) @09-02-2022 02:04:26.0699 AM
[ReportManager] Window size after SWD Maximize: (1176, 803) @09-02-2022 02:04:26.0717 AM
[ReportManager] Browser Action [MaximizeWindow] successfully performed. With the following test data [New screen size is now: (1176, 803)]. @09-02-2022 02:04:26.0718 A

################################################################################################################################################
Starting Execution:	[139 out of 165] test cases in the current suite
Test Method:		[testPackage01.Test_dragAndDrop.dragAndDropJquery]
################################################################################################################################################
[ReportManager] Target URL: [https://jqueryui.com/resources/demos/droppable/default.html] @09-02-2022 02:04:26.0721 AM
[ReportManager] Initial URL: [] @09-02-2022 02:04:26.0802 AM
[ReportManager] Browser Action [NavigateToURL] successfully performed. With the following test data [https://jqueryui.com/resources/demos/droppable/default.html]. @09-02-2022 02:04:27.0221 AM
[ReportManager] Element Action [GetText] successfully performed. With the following test data [
	Drop here
]. @09-02-2022 02:04:27.0326 AM
[ReportManager] Element Action [DragAndDrop] successfully performed. With the following test data [Start point: (8, 18), End point: (8, 18)]. @09-02-2022 02:04:28.0537 AM
[ReportManager] Element Action [GetText] successfully performed. With the following test data [
	Dropped!
]. @09-02-2022 02:04:28.0582 AM
[ReportManager] Assertion Passed: Checking to see if the text has changed after performing drag and drop @09-02-2022 02:04:28.0582 AM
[ReportManager] Assertion [ValidateEquals] PASSED. Expected [
	Drop here
] and Actual [
	Dropped!
]. Comparison Type [EQUALS]. Validation Type [NEGATIVE]. @09-02-2022 02:04:28.0582 A
[ReportManager] Browser Action [CloseCurrentWindow] successfully performed. @09-02-2022 02:04:28.0829 AM
[ReportManager] Successfully created attachment [Browser Action Test Data - CloseCurrentWindow - Actual Value] @09-02-2022 02:04:28.0830 A
[ReportManager] File Action [GetAbsolutePath] successfully performed. With the following test data [Relative Folder Path: "target/downloadedFiles/"]. @09-02-2022 02:04:28.0833 AM
[ReportManager] Attempting to run locally on: [Mac-64], [Safari], Headless Execution. @09-02-2022 02:04:28.0833 AM
[ReportManager] Successfully Opened Safari. @09-02-2022 02:04:29.0784 AM
[ReportManager] Initial window size: (800, 600) @09-02-2022 02:04:29.0814 AM
[ReportManager] Window size after SWD Maximize: (1176, 803) @09-02-2022 02:04:29.0850 AM
[ReportManager] Browser Action [MaximizeWindow] successfully performed. With the following test data [New screen size is now: (1176, 803)]. @09-02-2022 02:04:29.0850 A

################################################################################################################################################
Starting Execution:	[140 out of 165] test cases in the current suite
Test Method:		[testPackage01.Test_dragAndDrop.dragAndDrop]
Test Description:	[TC001 - Test Drag and Drop function.]
################################################################################################################################################
[ReportManager] Target URL: [http://the-internet.herokuapp.com/drag_and_drop] @09-02-2022 02:04:29.0897 AM
[ReportManager] Initial URL: [] @09-02-2022 02:04:29.0945 AM
[ReportManager] Browser Action [NavigateToURL] successfully performed. With the following test data [http://the-internet.herokuapp.com/drag_and_drop]. @09-02-2022 02:04:30.0618 AM
[ReportManager] Attempting Drag and Drop @09-02-2022 02:04:30.0618 AM
[ReportManager] Element Action [DragAndDrop] successfully performed. With the following test data [Start point: (120, 89), End point: (335, 89)]. @09-02-2022 02:04:31.0369 A
[ReportManager] Browser Action [CloseCurrentWindow] successfully performed. @09-02-2022 02:04:31.0687 AM
[ReportManager] Successfully created attachment [Browser Action Test Data - CloseCurrentWindow - Actual Value] @09-02-2022 02:04:31.0688 A
[ReportManager] File Action [GetAbsolutePath] successfully performed. With the following test data [Relative Folder Path: "target/downloadedFiles/"]. @09-02-2022 02:04:31.0690 AM
[ReportManager] Attempting to run locally on: [Mac-64], [Safari], Headless Execution. @09-02-2022 02:04:31.0691 AM
[ReportManager] An Exception Occured with this Message: Could not start a new session. Possible causes are invalid address of the remote server or browser start-up failure.. @09-02-2022 02:04:31.0899 AM
[ReportManager] Successfully created attachment [Exception Stack Trace - org.openqa.selenium.SessionNotCreatedException] @09-02-2022 02:04:31.0899 AM
[ReportManager] Driver Factory Action [createNewLocalDriverInstanceForSafari] failed. With the following test data [Failed to create a session on DESKTOP_SAFARI]. @09-02-2022 02:04:31.0899 A

################################################################################################################################################
Starting Execution:	[141 out of 165] test cases in the current suite
Test Method:		[testPackage01.Test_dragAndDrop.dragAndDropByOffset]
Test Description:	[TC002 - Test Drag and Drop by offset function.]
###############################################################################################################################################

[ReportManager] Successfully loaded the following test data file [src/test/resources/testDataFiles/testSuite01/TestData.xlsx]. @09-02-2022 02:04:31.0969 AM
[ReportManager] Successfully created attachment [Test Data - Excel] @09-02-2022 02:04:31.0970 AM
[ReportManager] File Action [GetAbsolutePath] successfully performed. With the following test data [Relative Folder Path: "target/downloadedFiles/"]. @09-02-2022 02:04:31.0970 AM
[ReportManager] Attempting to run locally on: [Mac-64], [Safari], Headless Execution. @09-02-2022 02:04:31.0971 AM
[ReportManager] Successfully Opened Safari. @09-02-2022 02:04:32.0924 AM
[ReportManager] Initial window size: (800, 600) @09-02-2022 02:04:32.0946 AM
[ReportManager] Window size after SWD Maximize: (1176, 803) @09-02-2022 02:04:32.0962 AM
[ReportManager] Browser Action [MaximizeWindow] successfully performed. With the following test data [New screen size is now: (1176, 803)]. @09-02-2022 02:04:32.0963 A

################################################################################################################################################
Starting Execution:	[142 out of 165] test cases in the current suite
Test Method:		[testPackage01.Test_google.navigateToURLandVerifyGoogleLogoIsDisplayed]
Test Description:	[TC001 - Navigate to URL and Verify Google Logo is Displayed]
################################################################################################################################################
[ReportManager] Target URL: [https://www.google.com/ncr], and after redirection: [https://www.google.com] @09-02-2022 02:04:32.0968 AM
[ReportManager] Initial URL: [] @09-02-2022 02:04:33.0041 AM
[ReportManager] Browser Action [NavigateToURL] successfully performed. With the following test data [https://www.google.com/ncr]. @09-02-2022 02:04:34.0718 AM
[ReportManager] Assertion Passed: Then I Assert that the element found by [By.xpath: //*[@id='hplogo' or @alt='Google']] exists. @09-02-2022 02:04:34.0978 AM
[ReportManager] Successfully created attachment [Screenshot - 1644372274860_navigateToURLandVerifyGoogleLogoIsDisplayed_ValidateElementExists_passed] @09-02-2022 02:04:34.0979 AM
[ReportManager] Assertion [ValidateElementExists] PASSED. Expected [Element Should Exist, locator 'By.xpath: //*[@id='hplogo' or @alt='Google']'] and Actual [Element Exists]. Comparison Type [EQUALS]. Validation Type [POSITIVE]. @09-02-2022 02:04:34.0979 A

################################################################################################################################################
Starting Execution:	[143 out of 165] test cases in the current suite
Test Method:		[testPackage01.Test_google.searchForQueryandAssertResultsNumDisplayed]
Test Description:	[TC002 - Search for Query and Assert that the number of results is displayed]
################################################################################################################################################
[ReportManager] Element Action [Type] successfully performed. With the following test data [SHAFT_Engine]. @09-02-2022 02:04:35.0342 AM
[ReportManager] Element Action [KeyPress] successfully performed. With the following test data [Enter]. @09-02-2022 02:04:35.0415 AM
[ReportManager] Element Action [GetText] successfully performed. With the following test data [About 833,000 results (0.44 seconds)Quick SettingsSee all settingsPrivacySearch historyYour data in SearchUsing SearchExplicit results filterLearn more about SafeSearchHide explicit resultsLanguagesEnglishAdvanced searchAppearanceLight themeDark themeDevice defaultSupportSearch help]. @09-02-2022 02:04:36.0876 AM
[ReportManager] Assertion Passed: Then I Assert that the element found by [By.id: appbar] text does not equal []. @09-02-2022 02:04:37.0193 AM
[ReportManager] Successfully created attachment [Screenshot - 1644372277112_searchForQueryandAssertResultsNumDisplayed_ValidateElementAttribute_passed] @09-02-2022 02:04:37.0195 AM
[ReportManager] Assertion [ValidateElementAttribute] PASSED. Expected [Value Should not be '' for the 'text' attribute, element locator 'By.id: appbar'] and Actual [About 833,000 results (0.44 seconds)Quick SettingsSee all settingsPrivacySearch historyYour data in SearchUsing SearchExplicit results filterLearn more about SafeSearchHide explicit resultsLanguagesEnglishAdvanced searchAppearanceLight themeDark themeDevice defaultSupportSearch help]. Comparison Type [EQUALS]. Validation Type [NEGATIVE]. @09-02-2022 02:04:37.0195 A

################################################################################################################################################
Starting Execution:	[144 out of 165] test cases in the current suite
Test Method:		[testPackage01.Test_google.clickNextThrice]
Test Description:	[TC003 - Clicks the next button to make sure that the framework can scroll element into view before clicking it]
################################################################################################################################################
[ReportManager] Element Action [Click] successfully performed. With the following test data [By.xpath: //span[text()='Next']]. @09-02-2022 02:04:37.0436 A
[ReportManager] Successfully Closed All Drivers. @09-02-2022 02:04:37.0714 A
[ReportManager] File Action [GetAbsolutePath] successfully performed. With the following test data [Relative Folder Path: "target/downloadedFiles/"]. @09-02-2022 02:04:37.0718 AM
[ReportManager] Attempting to run locally on: [Mac-64], [Safari], Headless Execution. @09-02-2022 02:04:37.0718 AM
[ReportManager] Successfully Opened Safari. @09-02-2022 02:04:38.0761 AM
[ReportManager] Initial window size: (800, 600) @09-02-2022 02:04:38.0778 AM
[ReportManager] Window size after SWD Maximize: (1176, 803) @09-02-2022 02:04:38.0797 AM
[ReportManager] Browser Action [MaximizeWindow] successfully performed. With the following test data [New screen size is now: (1176, 803)]. @09-02-2022 02:04:38.0797 A

################################################################################################################################################
Starting Execution:	[145 out of 165] test cases in the current suite
Test Method:		[testPackage01.Test_chainableElementActions.chainElementActions]
################################################################################################################################################
[ReportManager] Target URL: [https://www.google.com/ncr], and after redirection: [https://www.google.com] @09-02-2022 02:04:38.0811 AM
[ReportManager] Initial URL: [] @09-02-2022 02:04:38.0877 AM
[ReportManager] Browser Action [NavigateToURL] successfully performed. With the following test data [https://www.google.com/ncr]. @09-02-2022 02:04:40.0518 AM
[ReportManager] Element Action [Type] successfully performed. With the following test data [chained type 1]. @09-02-2022 02:04:40.0916 AM
[ReportManager] Element Action [Type] successfully performed. With the following test data [chained type 2]. @09-02-2022 02:04:41.0231 AM
[ReportManager] Element Action [TypeAppend] successfully performed. With the following test data [345]. @09-02-2022 02:04:41.0339 AM
[ReportManager] Element Action [GetText] successfully performed. With the following test data [chained type 2345]. @09-02-2022 02:04:41.0455 AM
[ReportManager] Assertion Passed: Then I Assert that the element found by [By.name: q] text is equal to [chained type 2345]. @09-02-2022 02:04:41.0694 AM
[ReportManager] Successfully created attachment [Screenshot - 1644372281578_chainElementActions_ValidateElementAttribute_passed] @09-02-2022 02:04:41.0695 AM
[ReportManager] Assertion [ValidateElementAttribute] PASSED. Expected [Value Should be 'chained type 2345' for the 'text' attribute, element locator 'By.name: q'] and Actual [chained type 2345]. Comparison Type [EQUALS]. Validation Type [POSITIVE]. @09-02-2022 02:04:41.0695 A
[ReportManager] Successfully Closed All Drivers. @09-02-2022 02:04:41.0945 A
[ReportManager] File Action [GetAbsolutePath] successfully performed. With the following test data [Relative Folder Path: "target/downloadedFiles/"]. @09-02-2022 02:04:41.0948 AM
[ReportManager] Attempting to run locally on: [Mac-64], [Safari], Headless Execution. @09-02-2022 02:04:41.0948 AM
[ReportManager] Successfully Opened Safari. @09-02-2022 02:04:42.0849 AM
[ReportManager] Initial window size: (800, 600) @09-02-2022 02:04:42.0877 AM
[ReportManager] Window size after SWD Maximize: (1176, 803) @09-02-2022 02:04:42.0895 AM
[ReportManager] Browser Action [MaximizeWindow] successfully performed. With the following test data [New screen size is now: (1176, 803)]. @09-02-2022 02:04:42.0896 A

################################################################################################################################################
Starting Execution:	[146 out of 165] test cases in the current suite
Test Method:		[testPackage01.Test_RelativeLocators.relativeLocatorsTest1]
################################################################################################################################################
[ReportManager] Target URL: [https://duckduckgo.com/] @09-02-2022 02:04:42.0904 AM
[ReportManager] Initial URL: [] @09-02-2022 02:04:42.0976 AM
[ReportManager] Browser Action [NavigateToURL] successfully performed. With the following test data [https://duckduckgo.com/]. @09-02-2022 02:04:43.0838 AM
[ReportManager] Element Action [Type] successfully performed. With the following test data [SHAFT_Engine]. @09-02-2022 02:04:44.0162 AM
[ReportManager] Element Action [KeyPress] successfully performed. With the following test data [ENTER]. @09-02-2022 02:04:44.0237 AM
[ReportManager] Element Action [GetText] successfully performed. With the following test data [GitHub - MohabMohie/SHAFT_ENGINE: SHAFT_ENGINE is a Test ...]. @09-02-2022 02:04:45.0588 AM
[ReportManager] Assertion Passed: Then I Assert that the element found by [Relative Locator: {root={xpath=//a[@class='result__a js-result-title-link']}, filters=[{kind=below, args=[{xpath=//input[@name='q']}]}]}] text does not equal []. @09-02-2022 02:04:45.0938 AM
[ReportManager] Successfully created attachment [Screenshot - 1644372285785_relativeLocatorsTest1_ValidateElementAttribute_passed] @09-02-2022 02:04:45.0942 AM
[ReportManager] Assertion [ValidateElementAttribute] PASSED. Expected [Value Should not be '' for the 'text' attribute, element locator '[unknown locator]'] and Actual [GitHub - MohabMohie/SHAFT_ENGINE: SHAFT_ENGINE is a Test ...]. Comparison Type [EQUALS]. Validation Type [NEGATIVE]. @09-02-2022 02:04:45.0942 A
[ReportManager] Browser Action [CloseCurrentWindow] successfully performed. @09-02-2022 02:04:46.0149 AM
[ReportManager] Successfully created attachment [Browser Action Test Data - CloseCurrentWindow - Actual Value] @09-02-2022 02:04:46.0150 A

################################################################################################################################################
Starting Execution:	[147 out of 165] test cases in the current suite
Test Method:		[testPackage01.Test_JsonCompareWithSpecialCharacters.specialCharacters]
################################################################################################################################################
[ReportManager] File Action [GetAbsolutePath] successfully performed. With the following test data [Relative Folder Path: "src/test/resources/testDataFiles/specialCharacters.json"]. @09-02-2022 02:04:46.0156 AM
[ReportManager] File Action [ReadFromFile] successfully performed. With the following test data [File Path: "/Users/runner/work/SHAFT_ENGINE/SHAFT_ENGINE/src/test/resources/testDataFiles/specialCharacters.json"]. @09-02-2022 02:04:46.0157 AM
[ReportManager] Successfully created attachment [File Action Actual Result - Command Log] @09-02-2022 02:04:46.0158 AM
[ReportManager] Comparing the provided API response with the file at this path "src/test/resources/testDataFiles/specialCharacters.json", comparison type "EQUALS" @09-02-2022 02:04:46.0160 AM
[ReportManager] API Action [CompareJSON] successfully performed. With the following test data [src/test/resources/testDataFiles/specialCharacters.json]. @09-02-2022 02:04:46.0172 AM
[ReportManager] File Action [GetAbsolutePath] successfully performed. With the following test data [Relative Folder Path: "src/test/resources/testDataFiles/specialCharacters.json"]. @09-02-2022 02:04:46.0172 AM
[ReportManager] File Action [ReadFromFile] successfully performed. With the following test data [File Path: "/Users/runner/work/SHAFT_ENGINE/SHAFT_ENGINE/src/test/resources/testDataFiles/specialCharacters.json"]. @09-02-2022 02:04:46.0173 AM
[ReportManager] Verification [ValidateJSONFileContent] PASSED. Expected [Response data should match the JSON File in this path 'src/test/resources/testDataFiles/specialCharacters.json'] and Actual [TRUE]. Comparison Type [EQUALS]. Validation Type [POSITIVE]. @09-02-2022 02:04:46.0181 AM
[ReportManager] Successfully created attachment [Validation Test Data - Expected JSON Value] @09-02-2022 02:04:46.0182 AM
[ReportManager] Successfully created attachment [Validation Test Data - Actual JSON Value] @09-02-2022 02:04:46.0184 A

################################################################################################################################################
Starting Execution:	[148 out of 165] test cases in the current suite
Test Method:		[testPackage01.Test_JsonCompareWithSpecialCharacters.specialCharacters_assertion]
################################################################################################################################################
[ReportManager] File Action [GetAbsolutePath] successfully performed. With the following test data [Relative Folder Path: "src/test/resources/testDataFiles/specialCharacters.json"]. @09-02-2022 02:04:46.0190 AM
[ReportManager] File Action [ReadFromFile] successfully performed. With the following test data [File Path: "/Users/runner/work/SHAFT_ENGINE/SHAFT_ENGINE/src/test/resources/testDataFiles/specialCharacters.json"]. @09-02-2022 02:04:46.0191 AM
[ReportManager] Successfully created attachment [File Action Actual Result - Command Log] @09-02-2022 02:04:46.0191 AM
[ReportManager] Comparing the provided API response with the file at this path "src/test/resources/testDataFiles/specialCharacters.json", comparison type "CONTAINS" @09-02-2022 02:04:46.0192 AM
[ReportManager] API Action [CompareJSON] successfully performed. With the following test data [src/test/resources/testDataFiles/specialCharacters.json]. @09-02-2022 02:04:46.0202 AM
[ReportManager] File Action [GetAbsolutePath] successfully performed. With the following test data [Relative Folder Path: "src/test/resources/testDataFiles/specialCharacters.json"]. @09-02-2022 02:04:46.0202 AM
[ReportManager] File Action [ReadFromFile] successfully performed. With the following test data [File Path: "/Users/runner/work/SHAFT_ENGINE/SHAFT_ENGINE/src/test/resources/testDataFiles/specialCharacters.json"]. @09-02-2022 02:04:46.0203 AM
[ReportManager] Assertion Passed: trying out the log message @09-02-2022 02:04:46.0207 AM
[ReportManager] Successfully created attachment [Validation Test Data - Expected JSON Value] @09-02-2022 02:04:46.0209 AM
[ReportManager] Successfully created attachment [Validation Test Data - Actual JSON Value] @09-02-2022 02:04:46.0210 AM
[ReportManager] Assertion [ValidateJSONFileContent] PASSED. Expected [Response data should match the JSON File in this path 'src/test/resources/testDataFiles/specialCharacters.json'] and Actual [TRUE]. Comparison Type [CONTAINS]. Validation Type [POSITIVE]. @09-02-2022 02:04:46.0210 A

################################################################################################################################################
Starting Execution:	[149 out of 165] test cases in the current suite
Test Method:		[testPackage01.Test_SkipDueToIssue.doNotSkip]
################################################################################################################################################
[ReportManager] This should not be skipped. @09-02-2022 02:04:46.0215 A

################################################################################################################################################
Starting Execution:	[150 out of 165] test cases in the current suite
Test Method:		[testPackage01.Test_SkipDueToIssue.skip]
################################################################################################################################################
[ReportManager] This should be skipped. @09-02-2022 02:04:46.0223 A

################################################################################################################################################
Starting Execution:	[151 out of 165] test cases in the current suite
Test Method:		[testPackage01.Test_SkipDueToIssue.skip2]
################################################################################################################################################
[ReportManager] This should be skipped. @09-02-2022 02:04:46.0229 A

################################################################################################################################################
Starting Execution:	[152 out of 165] test cases in the current suite
Test Method:		[testPackage01.Test_JSONFileManager.readStringFromJson]
################################################################################################################################################
[ReportManager] File Action [GetAbsolutePath] successfully performed. With the following test data [Relative Folder Path: "src/test/resources/testDataFiles/simpleJSON.json"]. @09-02-2022 02:04:46.0237 AM
[ReportManager] Successfully loaded the following test data file [src/test/resources/testDataFiles/simpleJSON.json]. @09-02-2022 02:04:46.0238 AM
[ReportManager] Successfully created attachment [Test Data - JSON] @09-02-2022 02:04:46.0239 AM
[ReportManager] File Action [GetAbsolutePath] successfully performed. With the following test data [Relative Folder Path: "src/test/resources/testDataFiles/simpleJSON.json"]. @09-02-2022 02:04:46.0240 AM
[ReportManager] Assertion [ValidateEquals] PASSED. Expected [Mohab Mohie] and Actual [Mohab Mohie]. Comparison Type [EQUALS]. Validation Type [POSITIVE]. @09-02-2022 02:04:46.0279 A
[ReportManager] File Action [GetAbsolutePath] successfully performed. With the following test data [Relative Folder Path: "target/downloadedFiles/"]. @09-02-2022 02:04:46.0283 AM
[ReportManager] Attempting to run locally on: [Mac-64], [Safari], Headless Execution. @09-02-2022 02:04:46.0283 AM
[ReportManager] Successfully Opened Safari. @09-02-2022 02:04:47.0185 AM
[ReportManager] Initial window size: (800, 600) @09-02-2022 02:04:47.0210 AM
[ReportManager] Window size after SWD Maximize: (1176, 803) @09-02-2022 02:04:47.0227 AM
[ReportManager] Browser Action [MaximizeWindow] successfully performed. With the following test data [New screen size is now: (1176, 803)]. @09-02-2022 02:04:47.0227 A

################################################################################################################################################
Starting Execution:	[153 out of 165] test cases in the current suite
Test Method:		[testPackage01.Test_assertEquals.test_assertElementAttribute]
################################################################################################################################################
[ReportManager] Target URL: [https://www.google.com/ncr], and after redirection: [https://www.google.com] @09-02-2022 02:04:47.0275 AM
[ReportManager] Initial URL: [] @09-02-2022 02:04:47.0364 AM
[ReportManager] Browser Action [NavigateToURL] successfully performed. With the following test data [https://www.google.com/ncr]. @09-02-2022 02:04:48.0456 AM
[ReportManager] Element Action [Type] successfully performed. With the following test data [INC_004010050:Another SCHEDULER with the same name [Duplicate Job Name] already exists.]. @09-02-2022 02:04:50.0347 AM
[ReportManager] Element Action [GetText] successfully performed. With the following test data [INC_004010050:Another SCHEDULER with the same name [Duplicate Job Name] already exists.]. @09-02-2022 02:04:50.0412 AM
[ReportManager] Assertion [ValidateElementAttribute] PASSED. Expected [Value Should be 'INC_004010050:Another SCHEDULER with the same name \[Duplicate Job Name\] already exists.' for the 'text' attribute, element locator 'By.name: q'] and Actual [INC_004010050:Another SCHEDULER with the same name [Duplicate Job Name] already exists.]. Comparison Type [MATCHES]. Validation Type [POSITIVE]. @09-02-2022 02:04:50.0586 AM
[ReportManager] Successfully created attachment [Screenshot - 1644372290505_test_assertElementAttribute_ValidateElementAttribute_passed] @09-02-2022 02:04:50.0587 A
[ReportManager] Browser Action [CloseCurrentWindow] successfully performed. @09-02-2022 02:04:50.0997 AM
[ReportManager] Successfully created attachment [Browser Action Test Data - CloseCurrentWindow - Actual Value] @09-02-2022 02:04:50.0998 A
[ReportManager] File Action [GetAbsolutePath] successfully performed. With the following test data [Relative Folder Path: "target/downloadedFiles/"]. @09-02-2022 02:04:51.0000 AM
[ReportManager] Attempting to run locally on: [Mac-64], [Safari], Headless Execution. @09-02-2022 02:04:51.0000 AM
[ReportManager] Successfully Opened Safari. @09-02-2022 02:04:52.0036 AM
[ReportManager] Initial window size: (800, 600) @09-02-2022 02:04:52.0052 AM
[ReportManager] Window size after SWD Maximize: (1176, 803) @09-02-2022 02:04:52.0106 AM
[ReportManager] Browser Action [MaximizeWindow] successfully performed. With the following test data [New screen size is now: (1176, 803)]. @09-02-2022 02:04:52.0106 A

################################################################################################################################################
Starting Execution:	[154 out of 165] test cases in the current suite
Test Method:		[testPackage01.Test_IsElementClickable.testIsElementClickable]
################################################################################################################################################
[ReportManager] Target URL: [https://the-internet.herokuapp.com/] @09-02-2022 02:04:52.0124 AM
[ReportManager] Initial URL: [] @09-02-2022 02:04:52.0188 AM
[ReportManager] Browser Action [NavigateToURL] successfully performed. With the following test data [https://the-internet.herokuapp.com/]. @09-02-2022 02:04:52.0928 AM
[ReportManager] Element Action [IsElementClickable] successfully performed. @09-02-2022 02:04:53.0004 AM
[ReportManager] Assertion [ValidateTrue] PASSED. Expected [TRUE] and Actual [TRUE]. Validation Type [POSITIVE]. @09-02-2022 02:04:53.0005 A
[ReportManager] Browser Action [CloseCurrentWindow] successfully performed. @09-02-2022 02:04:53.0242 AM
[ReportManager] Successfully created attachment [Browser Action Test Data - CloseCurrentWindow - Actual Value] @09-02-2022 02:04:53.0242 A
[ReportManager] Successfully loaded the following test data file [src/test/resources/testDataFiles/testSuite01/TestData.xlsx]. @09-02-2022 02:04:53.0296 AM
[ReportManager] Successfully created attachment [Test Data - Excel] @09-02-2022 02:04:53.0297 AM
[ReportManager] Attempting to run using Playwright locally on: [Mac-64], [Safari], Headless Execution. @09-02-2022 02:05:20.0333 AM
[ReportManager] File Action [GetAbsolutePath] successfully performed. With the following test data [Relative Folder Path: "target/downloadedFiles/"]. @09-02-2022 02:05:20.0334 AM
[ReportManager] Initial window size: (1280, 720) @09-02-2022 02:05:25.0521 AM
[ReportManager] Window size after Toolkit: com.microsoft.playwright.options.ViewportSize@4a817313 @09-02-2022 02:05:25.0532 AM
[ReportManager] Browser Action [MaximizeWindow] successfully performed. With the following test data [New screen size is now: (1920, 1080)]. @09-02-2022 02:05:25.0532 A

################################################################################################################################################
Starting Execution:	[155 out of 165] test cases in the current suite
Test Method:		[testPackage01.Test_google_playwright.navigateToURLandVerifyGoogleLogoIsDisplayed]
Test Description:	[TC001 - Navigate to URL and Verify Google Logo is Displayed]
################################################################################################################################################
[ReportManager] Target URL: [https://www.google.com/ncr], and after redirection: [https://www.google.com] @09-02-2022 02:05:25.0537 AM
[ReportManager] Initial URL: [about:blank] @09-02-2022 02:05:26.0069 AM
[ReportManager] Browser Action [NavigateToURL] successfully performed. With the following test data [https://www.google.com/ncr]. @09-02-2022 02:05:27.0676 AM
[ReportManager] Assertion [ValidateElementExists] PASSED. Expected [Element Should Exist, locator 'xpath=//*[@id='hplogo' or @alt='Google']'] and Actual [Element Exists]. Comparison Type [EQUALS]. Validation Type [POSITIVE]. @09-02-2022 02:05:27.0967 AM
[ReportManager] Successfully created attachment [Screenshot - 1644372327825_navigateToURLandVerifyGoogleLogoIsDisplayed_ValidateElementExists_passed] @09-02-2022 02:05:27.0968 A

################################################################################################################################################
Starting Execution:	[156 out of 165] test cases in the current suite
Test Method:		[testPackage01.Test_google_playwright.searchForQueryandAssertResultsNumDisplayed]
Test Description:	[TC002 - Search for Query and Assert that the number of results is displayed]
################################################################################################################################################
[ReportManager] Element Action [Type] successfully performed. With the following test data [SHAFT_Engine]. @09-02-2022 02:05:28.0254 AM
[ReportManager] Element Action [KeyPress] successfully performed. With the following test data [Enter]. @09-02-2022 02:05:28.0288 AM
[ReportManager] Element Action [GetText] successfully performed. With the following test data [About 833,000 results (0.33 seconds)
]. @09-02-2022 02:05:28.0879 AM
[ReportManager] Assertion [ValidateElementAttribute] PASSED. Expected [Value Should not be '' for the 'text' attribute, element locator 'xpath=//div[@id='appbar']'] and Actual [About 833,000 results (0.33 seconds)
]. Comparison Type [EQUALS]. Validation Type [NEGATIVE]. @09-02-2022 02:05:30.0616 AM
[ReportManager] Successfully created attachment [Screenshot - 1644372330448_searchForQueryandAssertResultsNumDisplayed_ValidateElementAttribute_passed] @09-02-2022 02:05:30.0619 A

################################################################################################################################################
Starting Execution:	[157 out of 165] test cases in the current suite
Test Method:		[testPackage01.Test_google_playwright.clickNextThrice]
Test Description:	[TC003 - Clicks the next button to make sure that the framework can scroll element into view before clicking it]
################################################################################################################################################
[ReportManager] Element Action [Click] successfully performed. With the following test data [Next]. @09-02-2022 02:05:30.0958 A
[ReportManager] Failed to find video recording. @09-02-2022 02:05:30.0961 AM
[ReportManager] Successfully Closed PlayWright Driver. @09-02-2022 02:05:31.0004 A
[ReportManager] File Action [GetAbsolutePath] successfully performed. With the following test data [Relative Folder Path: "target/downloadedFiles/"]. @09-02-2022 02:05:31.0006 AM
[ReportManager] Attempting to run locally on: [Mac-64], [Safari], Headless Execution. @09-02-2022 02:05:31.0006 AM
[ReportManager] Successfully Opened Safari. @09-02-2022 02:05:31.0929 AM
[ReportManager] Initial window size: (800, 600) @09-02-2022 02:05:31.0955 AM
[ReportManager] Window size after SWD Maximize: (1176, 803) @09-02-2022 02:05:31.0986 AM
[ReportManager] Browser Action [MaximizeWindow] successfully performed. With the following test data [New screen size is now: (1176, 803)]. @09-02-2022 02:05:31.0986 A

################################################################################################################################################
Starting Execution:	[158 out of 165] test cases in the current suite
Test Method:		[testPackage01.Test_verifyEquals.test_assertElementAttribute]
################################################################################################################################################
[ReportManager] Target URL: [https://www.google.com/ncr], and after redirection: [https://www.google.com] @09-02-2022 02:05:31.0989 AM
[ReportManager] Initial URL: [] @09-02-2022 02:05:32.0094 AM
[ReportManager] Browser Action [NavigateToURL] successfully performed. With the following test data [https://www.google.com/ncr]. @09-02-2022 02:05:33.0066 AM
[ReportManager] Element Action [Type] successfully performed. With the following test data [INC_004010050:Another SCHEDULER with the same name [Duplicate Job Name] already exists.]. @09-02-2022 02:05:34.0734 AM
[ReportManager] Element Action [GetText] successfully performed. With the following test data [INC_004010050:Another SCHEDULER with the same name [Duplicate Job Name] already exists.]. @09-02-2022 02:05:34.0799 AM
[ReportManager] Verification [ValidateElementAttribute] PASSED. Expected [Value Should be 'INC_004010050:Another SCHEDULER with the same name \[Duplicate Job Name\] already exists.' for the 'text' attribute, element locator 'By.name: q'] and Actual [INC_004010050:Another SCHEDULER with the same name [Duplicate Job Name] already exists.]. Comparison Type [MATCHES]. Validation Type [POSITIVE]. @09-02-2022 02:05:34.0969 AM
[ReportManager] Successfully created attachment [Screenshot - 1644372334890_test_assertElementAttribute_ValidateElementAttribute_passed] @09-02-2022 02:05:34.0970 A
[ReportManager] Browser Action [CloseCurrentWindow] successfully performed. @09-02-2022 02:05:35.0384 AM
[ReportManager] Successfully created attachment [Browser Action Test Data - CloseCurrentWindow - Actual Value] @09-02-2022 02:05:35.0384 A

################################################################################################################################################
Starting Execution:	[159 out of 165] test cases in the current suite
Test Method:		[testPackage01.Test_SelectedValue.multipleSelect]
################################################################################################################################################
[ReportManager] File Action [GetAbsolutePath] successfully performed. With the following test data [Relative Folder Path: "target/downloadedFiles/"]. @09-02-2022 02:05:35.0387 AM
[ReportManager] Attempting to run locally on: [Mac-64], [GoogleChrome], Headless Execution. @09-02-2022 02:05:35.0388 AM
[ReportManager] Identifying OS/Driver combination and selecting the correct driver version automatically. Please note that if a new driver executable will be downloaded it may take some time... @09-02-2022 02:05:35.0389 AM
[ReportManager] Successfully Opened Google Chrome. @09-02-2022 02:05:39.0640 AM
[ReportManager] Initial window size: (1920, 1080) @09-02-2022 02:05:39.0645 AM
[ReportManager] Window size after SWD Maximize: (1920, 1080) @09-02-2022 02:05:39.0875 AM
[ReportManager] Window size after Toolkit: (1920, 1080) @09-02-2022 02:05:40.0405 AM
[ReportManager] Browser Action [MaximizeWindow] successfully performed. With the following test data [New screen size is now: (1920, 1080)]. @09-02-2022 02:05:40.0410 AM
[ReportManager] Target URL: [https://yari-demos.prod.mdn.mozit.cloud/en-US/docs/Web/HTML/Element/select/_sample_.Advanced_select_with_multiple_features.html] @09-02-2022 02:05:40.0410 AM
[ReportManager] Initial URL: [data:,] @09-02-2022 02:05:40.0450 AM
[ReportManager] Browser Action [NavigateToURL] successfully performed. With the following test data [https://yari-demos.prod.mdn.mozit.cloud/en-US/docs/Web/HTML/Element/select/_sample_.Advanced_select_with_multiple_features.html]. @09-02-2022 02:05:40.0713 AM
[ReportManager] Element Action [Select] successfully performed. With the following test data [Dog]. @09-02-2022 02:05:40.0947 AM
[ReportManager] Element Action [Select] successfully performed. With the following test data [Cat]. @09-02-2022 02:05:41.0130 AM
[ReportManager] Element Action [GetSelectedText] successfully performed. With the following test data [DogCat]. @09-02-2022 02:05:41.0240 AM
[ReportManager] DogCat @09-02-2022 02:05:41.0240 AM
[ReportManager] Element Action [GetSelectedText] successfully performed. With the following test data [DogCat]. @09-02-2022 02:05:41.0338 AM
[ReportManager] Assertion [ValidateElementAttribute] PASSED. Expected [Value Should be 'DogCat' for the 'selectedText' attribute, element locator 'By.tagName: select'] and Actual [DogCat]. Comparison Type [EQUALS]. Validation Type [POSITIVE]. @09-02-2022 02:05:42.0030 AM
[ReportManager] Successfully created attachment [Screenshot - 1644372341893_multipleSelect_ValidateElementAttribute_passed] @09-02-2022 02:05:42.0031 AM
[ReportManager] Browser Action [CloseCurrentWindow] successfully performed. @09-02-2022 02:05:42.0336 AM
[ReportManager] Successfully created attachment [Browser Action Test Data - CloseCurrentWindow - Actual Value] @09-02-2022 02:05:42.0337 A

################################################################################################################################################
Starting Execution:	[160 out of 165] test cases in the current suite
Test Method:		[testPackage01.Test_SelectedValue.simpleSelect]
################################################################################################################################################
[ReportManager] File Action [GetAbsolutePath] successfully performed. With the following test data [Relative Folder Path: "target/downloadedFiles/"]. @09-02-2022 02:05:42.0344 AM
[ReportManager] Attempting to run locally on: [Mac-64], [GoogleChrome], Headless Execution. @09-02-2022 02:05:42.0346 AM
[ReportManager] Identifying OS/Driver combination and selecting the correct driver version automatically. Please note that if a new driver executable will be downloaded it may take some time... @09-02-2022 02:05:42.0346 AM
[ReportManager] Successfully Opened Google Chrome. @09-02-2022 02:05:42.0900 AM
[ReportManager] Initial window size: (1920, 1080) @09-02-2022 02:05:42.0904 AM
[ReportManager] Window size after SWD Maximize: (1920, 1080) @09-02-2022 02:05:43.0125 AM
[ReportManager] Window size after Toolkit: (1920, 1080) @09-02-2022 02:05:43.0515 AM
[ReportManager] Browser Action [MaximizeWindow] successfully performed. With the following test data [New screen size is now: (1920, 1080)]. @09-02-2022 02:05:43.0519 AM
[ReportManager] Target URL: [https://yari-demos.prod.mdn.mozit.cloud/en-US/docs/Web/HTML/Element/select/_sample_.Basic_select.html] @09-02-2022 02:05:43.0519 AM
[ReportManager] Initial URL: [data:,] @09-02-2022 02:05:43.0570 AM
[ReportManager] Browser Action [NavigateToURL] successfully performed. With the following test data [https://yari-demos.prod.mdn.mozit.cloud/en-US/docs/Web/HTML/Element/select/_sample_.Basic_select.html]. @09-02-2022 02:05:43.0909 AM
[ReportManager] Element Action [Select] successfully performed. With the following test data [Third Value]. @09-02-2022 02:05:44.0216 AM
[ReportManager] Element Action [GetSelectedText] successfully performed. With the following test data [Third Value]. @09-02-2022 02:05:44.0305 AM
[ReportManager] Third Value @09-02-2022 02:05:44.0305 AM
[ReportManager] Element Action [GetSelectedText] successfully performed. With the following test data [Third Value]. @09-02-2022 02:05:44.0378 AM
[ReportManager] Assertion [ValidateElementAttribute] PASSED. Expected [Value Should be 'Third Value' for the 'selectedText' attribute, element locator 'By.tagName: select'] and Actual [Third Value]. Comparison Type [EQUALS]. Validation Type [POSITIVE]. @09-02-2022 02:05:44.0846 AM
[ReportManager] Successfully created attachment [Screenshot - 1644372344728_simpleSelect_ValidateElementAttribute_passed] @09-02-2022 02:05:44.0846 AM
[ReportManager] Browser Action [CloseCurrentWindow] successfully performed. @09-02-2022 02:05:45.0162 AM
[ReportManager] Successfully created attachment [Browser Action Test Data - CloseCurrentWindow - Actual Value] @09-02-2022 02:05:45.0162 A
[ReportManager] File Action [GetAbsolutePath] successfully performed. With the following test data [Relative Folder Path: "target/downloadedFiles/"]. @09-02-2022 02:05:45.0165 AM
[ReportManager] Attempting to run locally on: [Mac-64], [Safari], Headless Execution. @09-02-2022 02:05:45.0165 AM
[ReportManager] Successfully Opened Safari. @09-02-2022 02:05:46.0071 AM
[ReportManager] Initial window size: (800, 600) @09-02-2022 02:05:46.0104 AM
[ReportManager] Window size after SWD Maximize: (1176, 803) @09-02-2022 02:05:46.0123 AM
[ReportManager] Browser Action [MaximizeWindow] successfully performed. With the following test data [New screen size is now: (1176, 803)]. @09-02-2022 02:05:46.0123 A

################################################################################################################################################
Starting Execution:	[161 out of 165] test cases in the current suite
Test Method:		[testPackage01.Test_dynamicLoading.dynamicLoading_elementIsHidden]
################################################################################################################################################
[ReportManager] Target URL: [https://the-internet.herokuapp.com/dynamic_loading/1] @09-02-2022 02:05:46.0181 AM
[ReportManager] Initial URL: [] @09-02-2022 02:05:46.0222 AM
[ReportManager] Browser Action [NavigateToURL] successfully performed. With the following test data [https://the-internet.herokuapp.com/dynamic_loading/1]. @09-02-2022 02:05:46.0717 AM
[ReportManager] Element Action [Click] successfully performed. With the following test data [By.xpath: //button[text()='Start']]. @09-02-2022 02:05:46.0918 AM
[ReportManager] Element Action [GetText] successfully performed. With the following test data [
    Hello World!
  ]. @09-02-2022 02:05:46.0956 A
[ReportManager] Browser Action [CloseCurrentWindow] successfully performed. @09-02-2022 02:05:47.0280 AM
[ReportManager] Successfully created attachment [Browser Action Test Data - CloseCurrentWindow - Actual Value] @09-02-2022 02:05:47.0281 A
[ReportManager] File Action [GetAbsolutePath] successfully performed. With the following test data [Relative Folder Path: "target/downloadedFiles/"]. @09-02-2022 02:05:47.0283 AM
[ReportManager] Attempting to run locally on: [Mac-64], [Safari], Headless Execution. @09-02-2022 02:05:47.0283 AM
[ReportManager] Successfully Opened Safari. @09-02-2022 02:05:48.0110 AM
[ReportManager] Initial window size: (800, 600) @09-02-2022 02:05:48.0130 AM
[ReportManager] Window size after SWD Maximize: (1176, 803) @09-02-2022 02:05:48.0149 AM
[ReportManager] Browser Action [MaximizeWindow] successfully performed. With the following test data [New screen size is now: (1176, 803)]. @09-02-2022 02:05:48.0150 A

################################################################################################################################################
Starting Execution:	[162 out of 165] test cases in the current suite
Test Method:		[testPackage01.Test_dynamicLoading.dynamicLoading_elementIsRendered]
################################################################################################################################################
[ReportManager] Target URL: [https://the-internet.herokuapp.com/dynamic_loading/2] @09-02-2022 02:05:48.0155 AM
[ReportManager] Initial URL: [] @09-02-2022 02:05:48.0221 AM
[ReportManager] Browser Action [NavigateToURL] successfully performed. With the following test data [https://the-internet.herokuapp.com/dynamic_loading/2]. @09-02-2022 02:05:48.0888 AM
[ReportManager] Element Action [Click] successfully performed. With the following test data [By.xpath: //button[text()='Start']]. @09-02-2022 02:05:49.0113 AM
[ReportManager] Element Action [GetText] successfully performed. With the following test data [Hello World!]. @09-02-2022 02:05:54.0241 AM
[ReportManager] Assertion [ValidateElementAttribute] PASSED. Expected [Value Should be 'Hello World!' for the 'text' attribute, element locator 'By.id: finish'] and Actual [Hello World!]. Comparison Type [CONTAINS]. Validation Type [POSITIVE]. @09-02-2022 02:05:54.0401 AM
[ReportManager] Successfully created attachment [Screenshot - 1644372354336_dynamicLoading_elementIsRendered_ValidateElementAttribute_passed] @09-02-2022 02:05:54.0402 A
[ReportManager] Browser Action [CloseCurrentWindow] successfully performed. @09-02-2022 02:05:54.0749 AM
[ReportManager] Successfully created attachment [Browser Action Test Data - CloseCurrentWindow - Actual Value] @09-02-2022 02:05:54.0749 A

################################################################################################################################################
Starting Execution:	[163 out of 165] test cases in the current suite
Test Method:		[dsl.testDsl.testButton]
################################################################################################################################################
[ReportManager] File Action [GetAbsolutePath] successfully performed. With the following test data [Relative Folder Path: "target/downloadedFiles/"]. @09-02-2022 02:05:54.0756 AM
[ReportManager] Attempting to run locally on: [Mac-64], [Safari], Headless Execution. @09-02-2022 02:05:54.0756 AM
[ReportManager] An Exception Occured with this Message: Could not start a new session. Possible causes are invalid address of the remote server or browser start-up failure.. @09-02-2022 02:05:54.0881 AM
[ReportManager] Successfully created attachment [Exception Stack Trace - org.openqa.selenium.SessionNotCreatedException] @09-02-2022 02:05:54.0882 AM
[ReportManager] Driver Factory Action [createNewLocalDriverInstanceForSafari] failed. With the following test data [Failed to create a session on DESKTOP_SAFARI]. @09-02-2022 02:05:54.0883 A

################################################################################################################################################
Starting Execution:	[164 out of 165] test cases in the current suite
Test Method:		[dsl.testDsl.testCheckBox]
################################################################################################################################################
[ReportManager] File Action [GetAbsolutePath] successfully performed. With the following test data [Relative Folder Path: "target/downloadedFiles/"]. @09-02-2022 02:05:54.0888 AM
[ReportManager] Attempting to run locally on: [Mac-64], [Safari], Headless Execution. @09-02-2022 02:05:54.0888 AM
[ReportManager] Successfully Opened Safari. @09-02-2022 02:05:55.0855 AM
[ReportManager] Initial window size: (800, 600) @09-02-2022 02:05:55.0884 AM
[ReportManager] Window size after SWD Maximize: (1176, 803) @09-02-2022 02:05:55.0920 AM
[ReportManager] Browser Action [MaximizeWindow] successfully performed. With the following test data [New screen size is now: (1176, 803)]. @09-02-2022 02:05:55.0920 AM
[ReportManager] Target URL: [http://the-internet.herokuapp.com/] @09-02-2022 02:05:55.0920 AM
[ReportManager] Initial URL: [] @09-02-2022 02:05:55.0969 AM
[ReportManager] Browser Action [NavigateToURL] successfully performed. With the following test data [http://the-internet.herokuapp.com/]. @09-02-2022 02:05:56.0572 AM
[ReportManager] Element Action [Click] successfully performed. With the following test data [By.linkText: Checkboxes]. @09-02-2022 02:05:56.0808 AM
[ReportManager] Element Action [Click] successfully performed. With the following test data [By.xpath: (//INPUT[@type='checkbox'])[1]]. @09-02-2022 02:05:57.0185 AM
[ReportManager] Element Action [Click] successfully performed. With the following test data [By.xpath: (//INPUT[@type='checkbox'])[2]]. @09-02-2022 02:05:57.0370 A

################################################################################################################################################
Starting Execution:	[165 out of 165] test cases in the current suite
Test Method:		[dsl.testDsl.testLabel]
################################################################################################################################################
[ReportManager] File Action [GetAbsolutePath] successfully performed. With the following test data [Relative Folder Path: "target/downloadedFiles/"]. @09-02-2022 02:05:57.0776 AM
[ReportManager] Attempting to run locally on: [Mac-64], [Safari], Headless Execution. @09-02-2022 02:05:57.0776 AM
[ReportManager] Successfully Opened Safari. @09-02-2022 02:05:58.0672 AM
[ReportManager] Initial window size: (800, 600) @09-02-2022 02:05:58.0702 AM
[ReportManager] Window size after SWD Maximize: (1176, 803) @09-02-2022 02:05:58.0717 AM
[ReportManager] Browser Action [MaximizeWindow] successfully performed. With the following test data [New screen size is now: (1176, 803)]. @09-02-2022 02:05:58.0718 AM
[ReportManager] Element Action [GetText] successfully performed. With the following test data [Welcome to the-internet]. @09-02-2022 02:05:59.0292 AM
[ReportManager] Assertion Passed: Then I Assert that [Welcome to the-internet] is equal to [Welcome to the-internet]. @09-02-2022 02:05:59.0292 AM
[ReportManager] Assertion [ValidateEquals] PASSED. Expected [Welcome to the-internet] and Actual [Welcome to the-internet]. Comparison Type [EQUALS]. Validation Type [POSITIVE]. @09-02-2022 02:05:59.0292 A
[ReportManager] Successfully created attachment [SHAFT Engine Logs - Execution log] @09-02-2022 02:05:59.0662 AM

################################################################################################################################################
This test run was powered by SHAFT Engine Version: [SHAFT Engine v6.1.20220113]
SHAFT Engine is licensed under the MIT License: [https://github.com/MohabMohie/SHAFT_ENGINE/blob/master/LICENSE].
################################################################################################################################################