################################################################################################################################################
Detected SHAFT Engine Version: [SHAFT Engine v5.3.20210902]
################################################################################################################################################

################################################################################################################################################
Starting Execution:	[1 out of 143] test cases in the current suite
Test Method:		[unitTests.tests_validations_assertions.assertComparativeRelation_greaterThanOrEquals_false_equals_expectedToFail]
################################################################################################################################################
[ReportManager] Assertion [ValidateComparativeRelation] FAILED. Expected [1] and Actual [1]. Comparison Type [GREATER_THAN_OR_EQUALS]. Validation Type [NEGATIVE]. @19-09-2021 01:53:09.0713 A

################################################################################################################################################
Starting Execution:	[2 out of 143] test cases in the current suite
Test Method:		[unitTests.tests_validations_assertions.assertComparativeRelation_greaterThanOrEquals_false_equals_expectedToPass]
################################################################################################################################################
[ReportManager] Assertion [ValidateComparativeRelation] PASSED. Expected [2] and Actual [1]. Comparison Type [GREATER_THAN_OR_EQUALS]. Validation Type [NEGATIVE]. @19-09-2021 01:53:09.0845 A

################################################################################################################################################
Starting Execution:	[3 out of 143] test cases in the current suite
Test Method:		[unitTests.tests_validations_assertions.assertComparativeRelation_greaterThanOrEquals_false_greaterThan_expectedToFail]
################################################################################################################################################
[ReportManager] Assertion [ValidateComparativeRelation] FAILED. Expected [1] and Actual [2]. Comparison Type [GREATER_THAN_OR_EQUALS]. Validation Type [NEGATIVE]. @19-09-2021 01:53:09.0854 A

################################################################################################################################################
Starting Execution:	[4 out of 143] test cases in the current suite
Test Method:		[unitTests.tests_validations_assertions.assertComparativeRelation_greaterThanOrEquals_false_greaterThan_expectedToPass]
################################################################################################################################################
[ReportManager] Assertion [ValidateComparativeRelation] PASSED. Expected [2] and Actual [1]. Comparison Type [GREATER_THAN_OR_EQUALS]. Validation Type [NEGATIVE]. @19-09-2021 01:53:09.0862 A

################################################################################################################################################
Starting Execution:	[5 out of 143] test cases in the current suite
Test Method:		[unitTests.tests_validations_assertions.assertComparativeRelation_greaterThanOrEquals_true_equals_expectedToFail]
################################################################################################################################################
[ReportManager] Assertion [ValidateComparativeRelation] FAILED. Expected [1] and Actual [0]. Comparison Type [GREATER_THAN_OR_EQUALS]. Validation Type [POSITIVE]. @19-09-2021 01:53:09.0871 A

################################################################################################################################################
Starting Execution:	[6 out of 143] test cases in the current suite
Test Method:		[unitTests.tests_validations_assertions.assertComparativeRelation_greaterThanOrEquals_true_equals_expectedToPass]
################################################################################################################################################
[ReportManager] Assertion [ValidateComparativeRelation] PASSED. Expected [1] and Actual [1]. Comparison Type [GREATER_THAN_OR_EQUALS]. Validation Type [POSITIVE]. @19-09-2021 01:53:09.0883 A

################################################################################################################################################
Starting Execution:	[7 out of 143] test cases in the current suite
Test Method:		[unitTests.tests_validations_assertions.assertComparativeRelation_greaterThanOrEquals_true_greaterThan_expectedToFail]
################################################################################################################################################
[ReportManager] Assertion [ValidateComparativeRelation] FAILED. Expected [2] and Actual [1]. Comparison Type [GREATER_THAN_OR_EQUALS]. Validation Type [POSITIVE]. @19-09-2021 01:53:09.0897 A

################################################################################################################################################
Starting Execution:	[8 out of 143] test cases in the current suite
Test Method:		[unitTests.tests_validations_assertions.assertComparativeRelation_greaterThanOrEquals_true_greaterThan_expectedToPass]
################################################################################################################################################
[ReportManager] Assertion [ValidateComparativeRelation] PASSED. Expected [1] and Actual [2]. Comparison Type [GREATER_THAN_OR_EQUALS]. Validation Type [POSITIVE]. @19-09-2021 01:53:09.0905 A
[ReportManager] File Action [GetAbsolutePath] successfully performed. With the following test data [Relative Folder Path: "target/downloadedFiles/"]. @19-09-2021 01:53:09.0921 AM
[ReportManager] Attempting to run remotely on: [Linux-64], [GoogleChrome], [http://localhost:4444/wd/hub], Headless Execution. @19-09-2021 01:53:09.0964 AM
[ReportManager] Successfully Opened [GoogleChrome]. @19-09-2021 01:53:11.0637 AM
[ReportManager] Target URL: [https://www.google.com/ncr], and after redirection: [www.google.com] @19-09-2021 01:53:11.0704 AM
[ReportManager] Initial URL: [data:,] @19-09-2021 01:53:11.0793 AM
[ReportManager] Browser Action [NavigateToURL] successfully performed. With the following test data [https://www.google.com/ncr]. @19-09-2021 01:53:13.0264 A

################################################################################################################################################
Starting Execution:	[9 out of 143] test cases in the current suite
Test Method:		[unitTests.tests_validations_assertions.assertElementAttribute_false_caseInsensitiveComparison_expectedToFail]
################################################################################################################################################
[ReportManager] Element Action [Type] successfully performed. With the following test data [AUTOMATION]. @19-09-2021 01:53:13.0757 AM
[ReportManager] Element Action [GetText] successfully performed. With the following test data [AUTOMATION]. @19-09-2021 01:53:13.0923 AM
[ReportManager] Loaded Shared OpenCV @19-09-2021 01:53:14.0622 AM
[ReportManager] Assertion [ValidateElementAttribute] FAILED. Expected [Value Should not be 'AutomaTion' for the 'text' attribute, element locator 'By.name: q'] and Actual [AUTOMATION]. Comparison Type [CASE_INSENSITIVE]. Validation Type [NEGATIVE]. @19-09-2021 01:53:14.0918 AM
[ReportManager] Successfully created attachment [Screenshot - 1632016394149_assertElementAttribute_false_caseInsensitiveComparison_expectedToFail_ValidateElementAttribute_failed] @19-09-2021 01:53:14.0942 A
[ReportManager] Browser Action [CloseCurrentWindow] successfully performed. @19-09-2021 01:53:15.0106 AM
[ReportManager] Successfully created attachment [Browser Action Test Data - CloseCurrentWindow - Actual Value] @19-09-2021 01:53:15.0113 A
[ReportManager] File Action [GetAbsolutePath] successfully performed. With the following test data [Relative Folder Path: "target/downloadedFiles/"]. @19-09-2021 01:53:15.0129 AM
[ReportManager] Attempting to run remotely on: [Linux-64], [GoogleChrome], [http://localhost:4444/wd/hub], Headless Execution. @19-09-2021 01:53:15.0129 AM
[ReportManager] Successfully Opened [GoogleChrome]. @19-09-2021 01:53:15.0411 AM
[ReportManager] Target URL: [https://www.google.com/ncr], and after redirection: [www.google.com] @19-09-2021 01:53:15.0432 AM
[ReportManager] Initial URL: [data:,] @19-09-2021 01:53:15.0510 AM
[ReportManager] Browser Action [NavigateToURL] successfully performed. With the following test data [https://www.google.com/ncr]. @19-09-2021 01:53:16.0475 A

################################################################################################################################################
Starting Execution:	[10 out of 143] test cases in the current suite
Test Method:		[unitTests.tests_validations_assertions.assertElementAttribute_false_caseInsensitiveComparison_expectedToPass]
################################################################################################################################################
[ReportManager] Element Action [Type] successfully performed. With the following test data [AUTOMATION]. @19-09-2021 01:53:16.0930 AM
[ReportManager] Element Action [GetText] successfully performed. With the following test data [AUTOMATION]. @19-09-2021 01:53:17.0086 AM
[ReportManager] Loaded Shared OpenCV @19-09-2021 01:53:17.0248 AM
[ReportManager] Assertion [ValidateElementAttribute] PASSED. Expected [Value Should not be 'AutomaTion123' for the 'text' attribute, element locator 'By.name: q'] and Actual [AUTOMATION]. Comparison Type [CASE_INSENSITIVE]. Validation Type [NEGATIVE]. @19-09-2021 01:53:17.0374 AM
[ReportManager] Successfully created attachment [Screenshot - 1632016397248_assertElementAttribute_false_caseInsensitiveComparison_expectedToPass_ValidateElementAttribute_passed] @19-09-2021 01:53:17.0379 A
[ReportManager] Browser Action [CloseCurrentWindow] successfully performed. @19-09-2021 01:53:17.0532 AM
[ReportManager] Successfully created attachment [Browser Action Test Data - CloseCurrentWindow - Actual Value] @19-09-2021 01:53:17.0533 A
[ReportManager] File Action [GetAbsolutePath] successfully performed. With the following test data [Relative Folder Path: "target/downloadedFiles/"]. @19-09-2021 01:53:17.0540 AM
[ReportManager] Attempting to run remotely on: [Linux-64], [GoogleChrome], [http://localhost:4444/wd/hub], Headless Execution. @19-09-2021 01:53:17.0540 AM
[ReportManager] Successfully Opened [GoogleChrome]. @19-09-2021 01:53:17.0802 AM
[ReportManager] Target URL: [https://www.google.com/ncr], and after redirection: [www.google.com] @19-09-2021 01:53:17.0825 AM
[ReportManager] Initial URL: [data:,] @19-09-2021 01:53:17.0889 AM
[ReportManager] Browser Action [NavigateToURL] successfully performed. With the following test data [https://www.google.com/ncr]. @19-09-2021 01:53:18.0752 A

################################################################################################################################################
Starting Execution:	[11 out of 143] test cases in the current suite
Test Method:		[unitTests.tests_validations_assertions.assertElementAttribute_false_containsComparison_expectedToFail]
################################################################################################################################################
[ReportManager] Element Action [Type] successfully performed. With the following test data [Automation123]. @19-09-2021 01:53:19.0164 AM
[ReportManager] Element Action [GetText] successfully performed. With the following test data [Automation123]. @19-09-2021 01:53:19.0284 AM
[ReportManager] Loaded Shared OpenCV @19-09-2021 01:53:19.0447 AM
[ReportManager] Assertion [ValidateElementAttribute] FAILED. Expected [Value Should not be 'Automation' for the 'text' attribute, element locator 'By.name: q'] and Actual [Automation123]. Comparison Type [CONTAINS]. Validation Type [NEGATIVE]. @19-09-2021 01:53:19.0537 AM
[ReportManager] Successfully created attachment [Screenshot - 1632016399446_assertElementAttribute_false_containsComparison_expectedToFail_ValidateElementAttribute_failed] @19-09-2021 01:53:19.0538 A
[ReportManager] Browser Action [CloseCurrentWindow] successfully performed. @19-09-2021 01:53:19.0696 AM
[ReportManager] Successfully created attachment [Browser Action Test Data - CloseCurrentWindow - Actual Value] @19-09-2021 01:53:19.0697 A
[ReportManager] File Action [GetAbsolutePath] successfully performed. With the following test data [Relative Folder Path: "target/downloadedFiles/"]. @19-09-2021 01:53:19.0706 AM
[ReportManager] Attempting to run remotely on: [Linux-64], [GoogleChrome], [http://localhost:4444/wd/hub], Headless Execution. @19-09-2021 01:53:19.0708 AM
[ReportManager] Successfully Opened [GoogleChrome]. @19-09-2021 01:53:19.0946 AM
[ReportManager] Target URL: [https://www.google.com/ncr], and after redirection: [www.google.com] @19-09-2021 01:53:19.0963 AM
[ReportManager] Initial URL: [data:,] @19-09-2021 01:53:20.0012 AM
[ReportManager] Browser Action [NavigateToURL] successfully performed. With the following test data [https://www.google.com/ncr]. @19-09-2021 01:53:20.0862 A

################################################################################################################################################
Starting Execution:	[12 out of 143] test cases in the current suite
Test Method:		[unitTests.tests_validations_assertions.assertElementAttribute_false_containsComparison_expectedToPass]
################################################################################################################################################
[ReportManager] Element Action [Type] successfully performed. With the following test data [Automation123]. @19-09-2021 01:53:21.0257 AM
[ReportManager] Element Action [GetText] successfully performed. With the following test data [Automation123]. @19-09-2021 01:53:21.0378 AM
[ReportManager] Loaded Shared OpenCV @19-09-2021 01:53:21.0546 AM
[ReportManager] Assertion [ValidateElementAttribute] PASSED. Expected [Value Should not be 'Automation1234' for the 'text' attribute, element locator 'By.name: q'] and Actual [Automation123]. Comparison Type [CONTAINS]. Validation Type [NEGATIVE]. @19-09-2021 01:53:21.0626 AM
[ReportManager] Successfully created attachment [Screenshot - 1632016401546_assertElementAttribute_false_containsComparison_expectedToPass_ValidateElementAttribute_passed] @19-09-2021 01:53:21.0628 A
[ReportManager] Browser Action [CloseCurrentWindow] successfully performed. @19-09-2021 01:53:21.0790 AM
[ReportManager] Successfully created attachment [Browser Action Test Data - CloseCurrentWindow - Actual Value] @19-09-2021 01:53:21.0792 A
[ReportManager] File Action [GetAbsolutePath] successfully performed. With the following test data [Relative Folder Path: "target/downloadedFiles/"]. @19-09-2021 01:53:21.0797 AM
[ReportManager] Attempting to run remotely on: [Linux-64], [GoogleChrome], [http://localhost:4444/wd/hub], Headless Execution. @19-09-2021 01:53:21.0797 AM
[ReportManager] Successfully Opened [GoogleChrome]. @19-09-2021 01:53:22.0032 AM
[ReportManager] Target URL: [https://www.google.com/ncr], and after redirection: [www.google.com] @19-09-2021 01:53:22.0065 AM
[ReportManager] Initial URL: [data:,] @19-09-2021 01:53:22.0120 AM
[ReportManager] Browser Action [NavigateToURL] successfully performed. With the following test data [https://www.google.com/ncr]. @19-09-2021 01:53:23.0036 A

################################################################################################################################################
Starting Execution:	[13 out of 143] test cases in the current suite
Test Method:		[unitTests.tests_validations_assertions.assertElementAttribute_false_literalComparison_expectedToFail]
################################################################################################################################################
[ReportManager] Element Action [Type] successfully performed. With the following test data [Automation!@#$%^&*()_+{}[]\';/.,]. @19-09-2021 01:53:23.0522 AM
[ReportManager] Element Action [GetText] successfully performed. With the following test data [Automation!@#$%^&*()_+{}[]\';/.,]. @19-09-2021 01:53:23.0632 AM
[ReportManager] Loaded Shared OpenCV @19-09-2021 01:53:23.0798 AM
[ReportManager] Assertion [ValidateElementAttribute] PASSED. Expected [Value Should not be 'Automation!@#$%^&*()_+{}[]\\';/.,' for the 'text' attribute, element locator 'By.name: q'] and Actual [Automation!@#$%^&*()_+{}[]\';/.,]. Comparison Type [EQUALS]. Validation Type [NEGATIVE]. @19-09-2021 01:53:23.0889 AM
[ReportManager] Successfully created attachment [Screenshot - 1632016403798_assertElementAttribute_false_literalComparison_expectedToFail_ValidateElementAttribute_passed] @19-09-2021 01:53:23.0891 A
[ReportManager] Browser Action [CloseCurrentWindow] successfully performed. @19-09-2021 01:53:24.0029 AM
[ReportManager] Successfully created attachment [Browser Action Test Data - CloseCurrentWindow - Actual Value] @19-09-2021 01:53:24.0030 A
[ReportManager] File Action [GetAbsolutePath] successfully performed. With the following test data [Relative Folder Path: "target/downloadedFiles/"]. @19-09-2021 01:53:24.0036 AM
[ReportManager] Attempting to run remotely on: [Linux-64], [GoogleChrome], [http://localhost:4444/wd/hub], Headless Execution. @19-09-2021 01:53:24.0036 AM
[ReportManager] Successfully Opened [GoogleChrome]. @19-09-2021 01:53:24.0260 AM
[ReportManager] Target URL: [https://www.google.com/ncr], and after redirection: [www.google.com] @19-09-2021 01:53:24.0277 AM
[ReportManager] Initial URL: [data:,] @19-09-2021 01:53:24.0328 AM
[ReportManager] Browser Action [NavigateToURL] successfully performed. With the following test data [https://www.google.com/ncr]. @19-09-2021 01:53:25.0258 A

################################################################################################################################################
Starting Execution:	[14 out of 143] test cases in the current suite
Test Method:		[unitTests.tests_validations_assertions.assertElementAttribute_false_literalComparison_expectedToPass]
################################################################################################################################################
[ReportManager] Element Action [Type] successfully performed. With the following test data [Automation!@#$%^&*()_+{}[]\';/.,]. @19-09-2021 01:53:25.0719 AM
[ReportManager] Element Action [GetText] successfully performed. With the following test data [Automation!@#$%^&*()_+{}[]\';/.,]. @19-09-2021 01:53:25.0831 AM
[ReportManager] Loaded Shared OpenCV @19-09-2021 01:53:26.0003 AM
[ReportManager] Assertion [ValidateElementAttribute] PASSED. Expected [Value Should not be 'Automation' for the 'text' attribute, element locator 'By.name: q'] and Actual [Automation!@#$%^&*()_+{}[]\';/.,]. Comparison Type [EQUALS]. Validation Type [NEGATIVE]. @19-09-2021 01:53:26.0095 AM
[ReportManager] Successfully created attachment [Screenshot - 1632016406002_assertElementAttribute_false_literalComparison_expectedToPass_ValidateElementAttribute_passed] @19-09-2021 01:53:26.0096 A
[ReportManager] Browser Action [CloseCurrentWindow] successfully performed. @19-09-2021 01:53:26.0228 AM
[ReportManager] Successfully created attachment [Browser Action Test Data - CloseCurrentWindow - Actual Value] @19-09-2021 01:53:26.0230 A
[ReportManager] File Action [GetAbsolutePath] successfully performed. With the following test data [Relative Folder Path: "target/downloadedFiles/"]. @19-09-2021 01:53:26.0235 AM
[ReportManager] Attempting to run remotely on: [Linux-64], [GoogleChrome], [http://localhost:4444/wd/hub], Headless Execution. @19-09-2021 01:53:26.0235 AM
[ReportManager] Successfully Opened [GoogleChrome]. @19-09-2021 01:53:26.0461 AM
[ReportManager] Target URL: [https://www.google.com/ncr], and after redirection: [www.google.com] @19-09-2021 01:53:26.0483 AM
[ReportManager] Initial URL: [data:,] @19-09-2021 01:53:26.0526 AM
[ReportManager] Browser Action [NavigateToURL] successfully performed. With the following test data [https://www.google.com/ncr]. @19-09-2021 01:53:27.0404 A

################################################################################################################################################
Starting Execution:	[15 out of 143] test cases in the current suite
Test Method:		[unitTests.tests_validations_assertions.assertElementAttribute_false_regexComparison_expectedToFail]
################################################################################################################################################
[ReportManager] Element Action [Type] successfully performed. With the following test data [Automation123]. @19-09-2021 01:53:27.0779 AM
[ReportManager] Element Action [GetText] successfully performed. With the following test data [Automation123]. @19-09-2021 01:53:27.0881 AM
[ReportManager] Loaded Shared OpenCV @19-09-2021 01:53:28.0021 AM
[ReportManager] Assertion [ValidateElementAttribute] FAILED. Expected [Value Should not be 'Automation.*' for the 'text' attribute, element locator 'By.name: q'] and Actual [Automation123]. Comparison Type [MATCHES]. Validation Type [NEGATIVE]. @19-09-2021 01:53:28.0116 AM
[ReportManager] Successfully created attachment [Screenshot - 1632016408021_assertElementAttribute_false_regexComparison_expectedToFail_ValidateElementAttribute_failed] @19-09-2021 01:53:28.0117 A
[ReportManager] Browser Action [CloseCurrentWindow] successfully performed. @19-09-2021 01:53:28.0250 AM
[ReportManager] Successfully created attachment [Browser Action Test Data - CloseCurrentWindow - Actual Value] @19-09-2021 01:53:28.0252 A
[ReportManager] File Action [GetAbsolutePath] successfully performed. With the following test data [Relative Folder Path: "target/downloadedFiles/"]. @19-09-2021 01:53:28.0257 AM
[ReportManager] Attempting to run remotely on: [Linux-64], [GoogleChrome], [http://localhost:4444/wd/hub], Headless Execution. @19-09-2021 01:53:28.0257 AM
[ReportManager] Successfully Opened [GoogleChrome]. @19-09-2021 01:53:28.0474 AM
[ReportManager] Target URL: [https://www.google.com/ncr], and after redirection: [www.google.com] @19-09-2021 01:53:28.0495 AM
[ReportManager] Initial URL: [data:,] @19-09-2021 01:53:28.0548 AM
[ReportManager] Browser Action [NavigateToURL] successfully performed. With the following test data [https://www.google.com/ncr]. @19-09-2021 01:53:29.0404 A

################################################################################################################################################
Starting Execution:	[16 out of 143] test cases in the current suite
Test Method:		[unitTests.tests_validations_assertions.assertElementAttribute_false_regexComparison_expectedToPass]
################################################################################################################################################
[ReportManager] Element Action [Type] successfully performed. With the following test data [Automation123]. @19-09-2021 01:53:29.0794 AM
[ReportManager] Element Action [GetText] successfully performed. With the following test data [Automation123]. @19-09-2021 01:53:29.0918 AM
[ReportManager] Loaded Shared OpenCV @19-09-2021 01:53:30.0051 AM
[ReportManager] Assertion [ValidateElementAttribute] PASSED. Expected [Value Should not be 'Automation' for the 'text' attribute, element locator 'By.name: q'] and Actual [Automation123]. Comparison Type [MATCHES]. Validation Type [NEGATIVE]. @19-09-2021 01:53:30.0153 AM
[ReportManager] Successfully created attachment [Screenshot - 1632016410051_assertElementAttribute_false_regexComparison_expectedToPass_ValidateElementAttribute_passed] @19-09-2021 01:53:30.0154 A
[ReportManager] Browser Action [CloseCurrentWindow] successfully performed. @19-09-2021 01:53:30.0295 AM
[ReportManager] Successfully created attachment [Browser Action Test Data - CloseCurrentWindow - Actual Value] @19-09-2021 01:53:30.0296 A
[ReportManager] File Action [GetAbsolutePath] successfully performed. With the following test data [Relative Folder Path: "target/downloadedFiles/"]. @19-09-2021 01:53:30.0303 AM
[ReportManager] Attempting to run remotely on: [Linux-64], [GoogleChrome], [http://localhost:4444/wd/hub], Headless Execution. @19-09-2021 01:53:30.0303 AM
[ReportManager] Successfully Opened [GoogleChrome]. @19-09-2021 01:53:30.0522 AM
[ReportManager] Target URL: [https://www.google.com/ncr], and after redirection: [www.google.com] @19-09-2021 01:53:30.0536 AM
[ReportManager] Initial URL: [data:,] @19-09-2021 01:53:30.0579 AM
[ReportManager] Browser Action [NavigateToURL] successfully performed. With the following test data [https://www.google.com/ncr]. @19-09-2021 01:53:31.0431 A

################################################################################################################################################
Starting Execution:	[17 out of 143] test cases in the current suite
Test Method:		[unitTests.tests_validations_assertions.assertElementAttribute_true_caseInsensitiveComparison_expectedToFail]
################################################################################################################################################
[ReportManager] Element Action [Type] successfully performed. With the following test data [AUTOMATION]. @19-09-2021 01:53:31.0804 AM
[ReportManager] Element Action [GetText] successfully performed. With the following test data [AUTOMATION]. @19-09-2021 01:53:31.0924 AM
[ReportManager] Loaded Shared OpenCV @19-09-2021 01:53:32.0086 AM
[ReportManager] Assertion [ValidateElementAttribute] FAILED. Expected [Value Should be 'AutomaTion123' for the 'text' attribute, element locator 'By.name: q'] and Actual [AUTOMATION]. Comparison Type [CASE_INSENSITIVE]. Validation Type [POSITIVE]. @19-09-2021 01:53:32.0171 AM
[ReportManager] Successfully created attachment [Screenshot - 1632016412086_assertElementAttribute_true_caseInsensitiveComparison_expectedToFail_ValidateElementAttribute_failed] @19-09-2021 01:53:32.0173 A
[ReportManager] Browser Action [CloseCurrentWindow] successfully performed. @19-09-2021 01:53:32.0323 AM
[ReportManager] Successfully created attachment [Browser Action Test Data - CloseCurrentWindow - Actual Value] @19-09-2021 01:53:32.0324 A
[ReportManager] File Action [GetAbsolutePath] successfully performed. With the following test data [Relative Folder Path: "target/downloadedFiles/"]. @19-09-2021 01:53:32.0327 AM
[ReportManager] Attempting to run remotely on: [Linux-64], [GoogleChrome], [http://localhost:4444/wd/hub], Headless Execution. @19-09-2021 01:53:32.0328 AM
[ReportManager] Successfully Opened [GoogleChrome]. @19-09-2021 01:53:32.0553 AM
[ReportManager] Target URL: [https://www.google.com/ncr], and after redirection: [www.google.com] @19-09-2021 01:53:32.0565 AM
[ReportManager] Initial URL: [data:,] @19-09-2021 01:53:32.0620 AM
[ReportManager] Browser Action [NavigateToURL] successfully performed. With the following test data [https://www.google.com/ncr]. @19-09-2021 01:53:33.0494 A

################################################################################################################################################
Starting Execution:	[18 out of 143] test cases in the current suite
Test Method:		[unitTests.tests_validations_assertions.assertElementAttribute_true_caseInsensitiveComparison_expectedToPass]
################################################################################################################################################
[ReportManager] Element Action [Type] successfully performed. With the following test data [AUTOMATION]. @19-09-2021 01:53:33.0856 AM
[ReportManager] Element Action [GetText] successfully performed. With the following test data [AUTOMATION]. @19-09-2021 01:53:33.0959 AM
[ReportManager] Loaded Shared OpenCV @19-09-2021 01:53:34.0097 AM
[ReportManager] Assertion [ValidateElementAttribute] PASSED. Expected [Value Should be 'AutomaTion' for the 'text' attribute, element locator 'By.name: q'] and Actual [AUTOMATION]. Comparison Type [CASE_INSENSITIVE]. Validation Type [POSITIVE]. @19-09-2021 01:53:34.0179 AM
[ReportManager] Successfully created attachment [Screenshot - 1632016414096_assertElementAttribute_true_caseInsensitiveComparison_expectedToPass_ValidateElementAttribute_passed] @19-09-2021 01:53:34.0180 A
[ReportManager] Browser Action [CloseCurrentWindow] successfully performed. @19-09-2021 01:53:34.0313 AM
[ReportManager] Successfully created attachment [Browser Action Test Data - CloseCurrentWindow - Actual Value] @19-09-2021 01:53:34.0314 A
[ReportManager] File Action [GetAbsolutePath] successfully performed. With the following test data [Relative Folder Path: "target/downloadedFiles/"]. @19-09-2021 01:53:34.0317 AM
[ReportManager] Attempting to run remotely on: [Linux-64], [GoogleChrome], [http://localhost:4444/wd/hub], Headless Execution. @19-09-2021 01:53:34.0317 AM
[ReportManager] Successfully Opened [GoogleChrome]. @19-09-2021 01:53:34.0521 AM
[ReportManager] Target URL: [https://www.google.com/ncr], and after redirection: [www.google.com] @19-09-2021 01:53:34.0534 AM
[ReportManager] Initial URL: [data:,] @19-09-2021 01:53:34.0594 AM
[ReportManager] Browser Action [NavigateToURL] successfully performed. With the following test data [https://www.google.com/ncr]. @19-09-2021 01:53:35.0466 A

################################################################################################################################################
Starting Execution:	[19 out of 143] test cases in the current suite
Test Method:		[unitTests.tests_validations_assertions.assertElementAttribute_true_containsComparison_expectedToFail]
################################################################################################################################################
[ReportManager] Element Action [Type] successfully performed. With the following test data [Automation123]. @19-09-2021 01:53:35.0870 AM
[ReportManager] Element Action [GetText] successfully performed. With the following test data [Automation123]. @19-09-2021 01:53:35.0991 AM
[ReportManager] Loaded Shared OpenCV @19-09-2021 01:53:36.0144 AM
[ReportManager] Assertion [ValidateElementAttribute] FAILED. Expected [Value Should be 'Automation1234' for the 'text' attribute, element locator 'By.name: q'] and Actual [Automation123]. Comparison Type [CONTAINS]. Validation Type [POSITIVE]. @19-09-2021 01:53:36.0229 AM
[ReportManager] Successfully created attachment [Screenshot - 1632016416144_assertElementAttribute_true_containsComparison_expectedToFail_ValidateElementAttribute_failed] @19-09-2021 01:53:36.0230 A
[ReportManager] Browser Action [CloseCurrentWindow] successfully performed. @19-09-2021 01:53:36.0365 AM
[ReportManager] Successfully created attachment [Browser Action Test Data - CloseCurrentWindow - Actual Value] @19-09-2021 01:53:36.0366 A
[ReportManager] File Action [GetAbsolutePath] successfully performed. With the following test data [Relative Folder Path: "target/downloadedFiles/"]. @19-09-2021 01:53:36.0369 AM
[ReportManager] Attempting to run remotely on: [Linux-64], [GoogleChrome], [http://localhost:4444/wd/hub], Headless Execution. @19-09-2021 01:53:36.0369 AM
[ReportManager] Successfully Opened [GoogleChrome]. @19-09-2021 01:53:36.0626 AM
[ReportManager] Target URL: [https://www.google.com/ncr], and after redirection: [www.google.com] @19-09-2021 01:53:36.0646 AM
[ReportManager] Initial URL: [data:,] @19-09-2021 01:53:36.0691 AM
[ReportManager] Browser Action [NavigateToURL] successfully performed. With the following test data [https://www.google.com/ncr]. @19-09-2021 01:53:37.0496 A

################################################################################################################################################
Starting Execution:	[20 out of 143] test cases in the current suite
Test Method:		[unitTests.tests_validations_assertions.assertElementAttribute_true_containsComparison_expectedToPass]
################################################################################################################################################
[ReportManager] Element Action [Type] successfully performed. With the following test data [Automation123]. @19-09-2021 01:53:37.0898 AM
[ReportManager] Element Action [GetText] successfully performed. With the following test data [Automation123]. @19-09-2021 01:53:38.0002 AM
[ReportManager] Loaded Shared OpenCV @19-09-2021 01:53:38.0135 AM
[ReportManager] Assertion [ValidateElementAttribute] PASSED. Expected [Value Should be 'Automation' for the 'text' attribute, element locator 'By.name: q'] and Actual [Automation123]. Comparison Type [CONTAINS]. Validation Type [POSITIVE]. @19-09-2021 01:53:38.0216 AM
[ReportManager] Successfully created attachment [Screenshot - 1632016418135_assertElementAttribute_true_containsComparison_expectedToPass_ValidateElementAttribute_passed] @19-09-2021 01:53:38.0217 A
[ReportManager] Browser Action [CloseCurrentWindow] successfully performed. @19-09-2021 01:53:38.0350 AM
[ReportManager] Successfully created attachment [Browser Action Test Data - CloseCurrentWindow - Actual Value] @19-09-2021 01:53:38.0351 A
[ReportManager] File Action [GetAbsolutePath] successfully performed. With the following test data [Relative Folder Path: "target/downloadedFiles/"]. @19-09-2021 01:53:38.0354 AM
[ReportManager] Attempting to run remotely on: [Linux-64], [GoogleChrome], [http://localhost:4444/wd/hub], Headless Execution. @19-09-2021 01:53:38.0354 AM
[ReportManager] Successfully Opened [GoogleChrome]. @19-09-2021 01:53:38.0631 AM
[ReportManager] Target URL: [https://www.google.com/ncr], and after redirection: [www.google.com] @19-09-2021 01:53:38.0648 AM
[ReportManager] Initial URL: [data:,] @19-09-2021 01:53:38.0689 AM
[ReportManager] Browser Action [NavigateToURL] successfully performed. With the following test data [https://www.google.com/ncr]. @19-09-2021 01:53:39.0510 A

################################################################################################################################################
Starting Execution:	[21 out of 143] test cases in the current suite
Test Method:		[unitTests.tests_validations_assertions.assertElementAttribute_true_literalComparison_expectedToFail]
################################################################################################################################################
[ReportManager] Element Action [Type] successfully performed. With the following test data [Automation!@#$%^&*()_+{}[]\';/.,]. @19-09-2021 01:53:39.0979 AM
[ReportManager] Element Action [GetText] successfully performed. With the following test data [Automation!@#$%^&*()_+{}[]\';/.,]. @19-09-2021 01:53:40.0099 AM
[ReportManager] Loaded Shared OpenCV @19-09-2021 01:53:40.0269 AM
[ReportManager] Assertion [ValidateElementAttribute] FAILED. Expected [Value Should be 'Automation' for the 'text' attribute, element locator 'By.name: q'] and Actual [Automation!@#$%^&*()_+{}[]\';/.,]. Comparison Type [EQUALS]. Validation Type [POSITIVE]. @19-09-2021 01:53:40.0379 AM
[ReportManager] Successfully created attachment [Screenshot - 1632016420268_assertElementAttribute_true_literalComparison_expectedToFail_ValidateElementAttribute_failed] @19-09-2021 01:53:40.0381 A
[ReportManager] Browser Action [CloseCurrentWindow] successfully performed. @19-09-2021 01:53:40.0514 AM
[ReportManager] Successfully created attachment [Browser Action Test Data - CloseCurrentWindow - Actual Value] @19-09-2021 01:53:40.0515 A
[ReportManager] File Action [GetAbsolutePath] successfully performed. With the following test data [Relative Folder Path: "target/downloadedFiles/"]. @19-09-2021 01:53:40.0518 AM
[ReportManager] Attempting to run remotely on: [Linux-64], [GoogleChrome], [http://localhost:4444/wd/hub], Headless Execution. @19-09-2021 01:53:40.0519 AM
[ReportManager] Successfully Opened [GoogleChrome]. @19-09-2021 01:53:40.0748 AM
[ReportManager] Target URL: [https://www.google.com/ncr], and after redirection: [www.google.com] @19-09-2021 01:53:40.0762 AM
[ReportManager] Initial URL: [data:,] @19-09-2021 01:53:40.0808 AM
[ReportManager] Browser Action [NavigateToURL] successfully performed. With the following test data [https://www.google.com/ncr]. @19-09-2021 01:53:41.0688 A

################################################################################################################################################
Starting Execution:	[22 out of 143] test cases in the current suite
Test Method:		[unitTests.tests_validations_assertions.assertElementAttribute_true_literalComparison_expectedToPass]
################################################################################################################################################
[ReportManager] Element Action [Type] successfully performed. With the following test data [Automation!@#$%^&*()_+{}[]\';/.,]. @19-09-2021 01:53:42.0144 AM
[ReportManager] Element Action [GetText] successfully performed. With the following test data [Automation!@#$%^&*()_+{}[]\';/.,]. @19-09-2021 01:53:42.0245 AM
[ReportManager] Loaded Shared OpenCV @19-09-2021 01:53:42.0412 AM
[ReportManager] Assertion [ValidateElementAttribute] PASSED. Expected [Value Should be 'Automation!@#$%^&*()_+{}[]\';/.,' for the 'text' attribute, element locator 'By.name: q'] and Actual [Automation!@#$%^&*()_+{}[]\';/.,]. Comparison Type [EQUALS]. Validation Type [POSITIVE]. @19-09-2021 01:53:42.0498 AM
[ReportManager] Successfully created attachment [Screenshot - 1632016422412_assertElementAttribute_true_literalComparison_expectedToPass_ValidateElementAttribute_passed] @19-09-2021 01:53:42.0499 A
[ReportManager] Browser Action [CloseCurrentWindow] successfully performed. @19-09-2021 01:53:42.0630 AM
[ReportManager] Successfully created attachment [Browser Action Test Data - CloseCurrentWindow - Actual Value] @19-09-2021 01:53:42.0631 A
[ReportManager] File Action [GetAbsolutePath] successfully performed. With the following test data [Relative Folder Path: "target/downloadedFiles/"]. @19-09-2021 01:53:42.0635 AM
[ReportManager] Attempting to run remotely on: [Linux-64], [GoogleChrome], [http://localhost:4444/wd/hub], Headless Execution. @19-09-2021 01:53:42.0635 AM
[ReportManager] Successfully Opened [GoogleChrome]. @19-09-2021 01:53:42.0840 AM
[ReportManager] Target URL: [https://www.google.com/ncr], and after redirection: [www.google.com] @19-09-2021 01:53:42.0850 AM
[ReportManager] Initial URL: [data:,] @19-09-2021 01:53:42.0890 AM
[ReportManager] Browser Action [NavigateToURL] successfully performed. With the following test data [https://www.google.com/ncr]. @19-09-2021 01:53:43.0736 A

################################################################################################################################################
Starting Execution:	[23 out of 143] test cases in the current suite
Test Method:		[unitTests.tests_validations_assertions.assertElementAttribute_true_regexComparison_expectedToFail]
################################################################################################################################################
[ReportManager] Element Action [Type] successfully performed. With the following test data [Automation123]. @19-09-2021 01:53:44.0080 AM
[ReportManager] Element Action [GetText] successfully performed. With the following test data [Automation123]. @19-09-2021 01:53:44.0211 AM
[ReportManager] Loaded Shared OpenCV @19-09-2021 01:53:44.0386 AM
[ReportManager] Assertion [ValidateElementAttribute] FAILED. Expected [Value Should be 'Automation' for the 'text' attribute, element locator 'By.name: q'] and Actual [Automation123]. Comparison Type [MATCHES]. Validation Type [POSITIVE]. @19-09-2021 01:53:44.0462 AM
[ReportManager] Successfully created attachment [Screenshot - 1632016424386_assertElementAttribute_true_regexComparison_expectedToFail_ValidateElementAttribute_failed] @19-09-2021 01:53:44.0464 A
[ReportManager] Browser Action [CloseCurrentWindow] successfully performed. @19-09-2021 01:53:44.0584 AM
[ReportManager] Successfully created attachment [Browser Action Test Data - CloseCurrentWindow - Actual Value] @19-09-2021 01:53:44.0585 A
[ReportManager] File Action [GetAbsolutePath] successfully performed. With the following test data [Relative Folder Path: "target/downloadedFiles/"]. @19-09-2021 01:53:44.0588 AM
[ReportManager] Attempting to run remotely on: [Linux-64], [GoogleChrome], [http://localhost:4444/wd/hub], Headless Execution. @19-09-2021 01:53:44.0588 AM
[ReportManager] Successfully Opened [GoogleChrome]. @19-09-2021 01:53:44.0797 AM
[ReportManager] Target URL: [https://www.google.com/ncr], and after redirection: [www.google.com] @19-09-2021 01:53:44.0807 AM
[ReportManager] Initial URL: [data:,] @19-09-2021 01:53:44.0852 AM
[ReportManager] Browser Action [NavigateToURL] successfully performed. With the following test data [https://www.google.com/ncr]. @19-09-2021 01:53:45.0713 A

################################################################################################################################################
Starting Execution:	[24 out of 143] test cases in the current suite
Test Method:		[unitTests.tests_validations_assertions.assertElementAttribute_true_regexComparison_expectedToPass]
################################################################################################################################################
[ReportManager] Element Action [Type] successfully performed. With the following test data [Automation123]. @19-09-2021 01:53:46.0067 AM
[ReportManager] Element Action [GetText] successfully performed. With the following test data [Automation123]. @19-09-2021 01:53:46.0176 AM
[ReportManager] Loaded Shared OpenCV @19-09-2021 01:53:46.0320 AM
[ReportManager] Assertion [ValidateElementAttribute] PASSED. Expected [Value Should be 'Automation.*' for the 'text' attribute, element locator 'By.name: q'] and Actual [Automation123]. Comparison Type [MATCHES]. Validation Type [POSITIVE]. @19-09-2021 01:53:46.0398 AM
[ReportManager] Successfully created attachment [Screenshot - 1632016426319_assertElementAttribute_true_regexComparison_expectedToPass_ValidateElementAttribute_passed] @19-09-2021 01:53:46.0399 A
[ReportManager] Browser Action [CloseCurrentWindow] successfully performed. @19-09-2021 01:53:46.0530 AM
[ReportManager] Successfully created attachment [Browser Action Test Data - CloseCurrentWindow - Actual Value] @19-09-2021 01:53:46.0531 A
[ReportManager] File Action [GetAbsolutePath] successfully performed. With the following test data [Relative Folder Path: "target/downloadedFiles/"]. @19-09-2021 01:53:46.0534 AM
[ReportManager] Attempting to run remotely on: [Linux-64], [GoogleChrome], [http://localhost:4444/wd/hub], Headless Execution. @19-09-2021 01:53:46.0534 AM
[ReportManager] Successfully Opened [GoogleChrome]. @19-09-2021 01:53:46.0787 AM
[ReportManager] Target URL: [https://www.google.com/ncr], and after redirection: [www.google.com] @19-09-2021 01:53:46.0802 AM
[ReportManager] Initial URL: [data:,] @19-09-2021 01:53:46.0847 AM
[ReportManager] Browser Action [NavigateToURL] successfully performed. With the following test data [https://www.google.com/ncr]. @19-09-2021 01:53:47.0744 A

################################################################################################################################################
Starting Execution:	[25 out of 143] test cases in the current suite
Test Method:		[unitTests.tests_validations_assertions.assertElementAttribute_type_true_literalComparison_expectedToPass]
################################################################################################################################################
[ReportManager] Element Action [Type] successfully performed. With the following test data [Automation!@#$%^&*()_+{}[]\';/.,]. @19-09-2021 01:53:48.0239 AM
[ReportManager] Element Action [GetText] successfully performed. With the following test data [Automation!@#$%^&*()_+{}[]\';/.,]. @19-09-2021 01:53:48.0342 AM
[ReportManager] Loaded Shared OpenCV @19-09-2021 01:53:48.0479 AM
[ReportManager] Assertion [ValidateElementAttribute] PASSED. Expected [Value Should be 'Automation!@#$%^&*()_+{}[]\';/.,' for the 'text' attribute, element locator 'By.name: q'] and Actual [Automation!@#$%^&*()_+{}[]\';/.,]. Comparison Type [EQUALS]. Validation Type [POSITIVE]. @19-09-2021 01:53:48.0597 AM
[ReportManager] Successfully created attachment [Screenshot - 1632016428479_assertElementAttribute_type_true_literalComparison_expectedToPass_ValidateElementAttribute_passed] @19-09-2021 01:53:48.0598 A
[ReportManager] Browser Action [CloseCurrentWindow] successfully performed. @19-09-2021 01:53:48.0726 AM
[ReportManager] Successfully created attachment [Browser Action Test Data - CloseCurrentWindow - Actual Value] @19-09-2021 01:53:48.0727 A
[ReportManager] File Action [GetAbsolutePath] successfully performed. With the following test data [Relative Folder Path: "target/downloadedFiles/"]. @19-09-2021 01:53:48.0738 AM
[ReportManager] Attempting to run remotely on: [Linux-64], [GoogleChrome], [http://localhost:4444/wd/hub], Headless Execution. @19-09-2021 01:53:48.0738 AM
[ReportManager] Successfully Opened [GoogleChrome]. @19-09-2021 01:53:48.0961 AM
[ReportManager] Target URL: [https://www.google.com/ncr], and after redirection: [www.google.com] @19-09-2021 01:53:48.0988 AM
[ReportManager] Initial URL: [data:,] @19-09-2021 01:53:49.0046 AM
[ReportManager] Browser Action [NavigateToURL] successfully performed. With the following test data [https://www.google.com/ncr]. @19-09-2021 01:53:49.0903 A

################################################################################################################################################
Starting Execution:	[26 out of 143] test cases in the current suite
Test Method:		[unitTests.tests_validations_assertions.assertElementExists_false_expectedToFail]
################################################################################################################################################
[ReportManager] Assertion [ValidateElementExists] PASSED. Expected [Element Should not Exist, locator 'By.id: hplogo'] and Actual [Element Doesn't Exists]. Comparison Type [EQUALS]. Validation Type [NEGATIVE]. @19-09-2021 01:54:00.0303 AM
[ReportManager] Successfully created attachment [Screenshot - 1632016440215_assertElementExists_false_expectedToFail_ValidateElementExists_passed] @19-09-2021 01:54:00.0304 A
[ReportManager] Browser Action [CloseCurrentWindow] successfully performed. @19-09-2021 01:54:00.0431 AM
[ReportManager] Successfully created attachment [Browser Action Test Data - CloseCurrentWindow - Actual Value] @19-09-2021 01:54:00.0432 A
[ReportManager] File Action [GetAbsolutePath] successfully performed. With the following test data [Relative Folder Path: "target/downloadedFiles/"]. @19-09-2021 01:54:00.0434 AM
[ReportManager] Attempting to run remotely on: [Linux-64], [GoogleChrome], [http://localhost:4444/wd/hub], Headless Execution. @19-09-2021 01:54:00.0435 AM
[ReportManager] Successfully Opened [GoogleChrome]. @19-09-2021 01:54:00.0644 AM
[ReportManager] Target URL: [https://www.google.com/ncr], and after redirection: [www.google.com] @19-09-2021 01:54:00.0663 AM
[ReportManager] Initial URL: [data:,] @19-09-2021 01:54:00.0704 AM
[ReportManager] Browser Action [NavigateToURL] successfully performed. With the following test data [https://www.google.com/ncr]. @19-09-2021 01:54:01.0538 A

################################################################################################################################################
Starting Execution:	[27 out of 143] test cases in the current suite
Test Method:		[unitTests.tests_validations_assertions.assertElementExists_false_expectedToPass]
################################################################################################################################################
[ReportManager] Assertion [ValidateElementExists] PASSED. Expected [Element Should not Exist, locator 'By.id: fakeElement'] and Actual [Element Doesn't Exists]. Comparison Type [EQUALS]. Validation Type [NEGATIVE]. @19-09-2021 01:54:11.0907 AM
[ReportManager] Successfully created attachment [Screenshot - 1632016451833_assertElementExists_false_expectedToPass_ValidateElementExists_passed] @19-09-2021 01:54:11.0907 A
[ReportManager] Browser Action [CloseCurrentWindow] successfully performed. @19-09-2021 01:54:12.0036 AM
[ReportManager] Successfully created attachment [Browser Action Test Data - CloseCurrentWindow - Actual Value] @19-09-2021 01:54:12.0036 A
[ReportManager] File Action [GetAbsolutePath] successfully performed. With the following test data [Relative Folder Path: "target/downloadedFiles/"]. @19-09-2021 01:54:12.0039 AM
[ReportManager] Attempting to run remotely on: [Linux-64], [GoogleChrome], [http://localhost:4444/wd/hub], Headless Execution. @19-09-2021 01:54:12.0039 AM
[ReportManager] Successfully Opened [GoogleChrome]. @19-09-2021 01:54:12.0239 AM
[ReportManager] Target URL: [https://www.google.com/ncr], and after redirection: [www.google.com] @19-09-2021 01:54:12.0255 AM
[ReportManager] Initial URL: [data:,] @19-09-2021 01:54:12.0305 AM
[ReportManager] Browser Action [NavigateToURL] successfully performed. With the following test data [https://www.google.com/ncr]. @19-09-2021 01:54:13.0136 A

################################################################################################################################################
Starting Execution:	[28 out of 143] test cases in the current suite
Test Method:		[unitTests.tests_validations_assertions.assertElementExists_false_multipleElementsFound_expectedToFail]
################################################################################################################################################
[ReportManager] Assertion [ValidateElementExists] FAILED. Expected [Element Should not Exist, locator 'By.xpath: //div'] and Actual [Element Exists but is not unique]. Comparison Type [EQUALS]. Validation Type [NEGATIVE]. @19-09-2021 01:54:13.0412 AM
[ReportManager] Successfully created attachment [Screenshot - 1632016453349_assertElementExists_false_multipleElementsFound_expectedToFail_ValidateElementExists_failed] @19-09-2021 01:54:13.0413 A
[ReportManager] Browser Action [CloseCurrentWindow] successfully performed. @19-09-2021 01:54:13.0538 AM
[ReportManager] Successfully created attachment [Browser Action Test Data - CloseCurrentWindow - Actual Value] @19-09-2021 01:54:13.0539 A
[ReportManager] File Action [GetAbsolutePath] successfully performed. With the following test data [Relative Folder Path: "target/downloadedFiles/"]. @19-09-2021 01:54:13.0541 AM
[ReportManager] Attempting to run remotely on: [Linux-64], [GoogleChrome], [http://localhost:4444/wd/hub], Headless Execution. @19-09-2021 01:54:13.0541 AM
[ReportManager] Successfully Opened [GoogleChrome]. @19-09-2021 01:54:13.0783 AM
[ReportManager] Target URL: [https://www.google.com/ncr], and after redirection: [www.google.com] @19-09-2021 01:54:13.0793 AM
[ReportManager] Initial URL: [data:,] @19-09-2021 01:54:13.0838 AM
[ReportManager] Browser Action [NavigateToURL] successfully performed. With the following test data [https://www.google.com/ncr]. @19-09-2021 01:54:15.0140 A

################################################################################################################################################
Starting Execution:	[29 out of 143] test cases in the current suite
Test Method:		[unitTests.tests_validations_assertions.assertElementExists_true_expectedToFail]
################################################################################################################################################
[ReportManager] Assertion [ValidateElementExists] FAILED. Expected [Element Should Exist, locator 'By.id: fakeElement'] and Actual [Element Doesn't Exists]. Comparison Type [EQUALS]. Validation Type [POSITIVE]. @19-09-2021 01:54:45.0792 AM
[ReportManager] Successfully created attachment [Screenshot - 1632016485730_assertElementExists_true_expectedToFail_ValidateElementExists_failed] @19-09-2021 01:54:45.0793 A
[ReportManager] Browser Action [CloseCurrentWindow] successfully performed. @19-09-2021 01:54:45.0926 AM
[ReportManager] Successfully created attachment [Browser Action Test Data - CloseCurrentWindow - Actual Value] @19-09-2021 01:54:45.0927 A
[ReportManager] File Action [GetAbsolutePath] successfully performed. With the following test data [Relative Folder Path: "target/downloadedFiles/"]. @19-09-2021 01:54:45.0929 AM
[ReportManager] Attempting to run remotely on: [Linux-64], [GoogleChrome], [http://localhost:4444/wd/hub], Headless Execution. @19-09-2021 01:54:45.0930 AM
[ReportManager] Successfully Opened [GoogleChrome]. @19-09-2021 01:54:46.0132 AM
[ReportManager] Target URL: [https://www.google.com/ncr], and after redirection: [www.google.com] @19-09-2021 01:54:46.0142 AM
[ReportManager] Initial URL: [data:,] @19-09-2021 01:54:46.0187 AM
[ReportManager] Browser Action [NavigateToURL] successfully performed. With the following test data [https://www.google.com/ncr]. @19-09-2021 01:54:47.0052 A

################################################################################################################################################
Starting Execution:	[30 out of 143] test cases in the current suite
Test Method:		[unitTests.tests_validations_assertions.assertElementExists_true_expectedToPass]
################################################################################################################################################
[ReportManager] Loaded Shared OpenCV @19-09-2021 01:54:47.0247 AM
[ReportManager] Assertion [ValidateElementExists] PASSED. Expected [Element Should Exist, locator 'By.xpath: //*[@id='hplogo' or @alt='Google']'] and Actual [Element Exists]. Comparison Type [EQUALS]. Validation Type [POSITIVE]. @19-09-2021 01:54:47.0327 AM
[ReportManager] Successfully created attachment [Screenshot - 1632016487247_assertElementExists_true_expectedToPass_ValidateElementExists_passed] @19-09-2021 01:54:47.0328 A
[ReportManager] Browser Action [CloseCurrentWindow] successfully performed. @19-09-2021 01:54:47.0448 AM
[ReportManager] Successfully created attachment [Browser Action Test Data - CloseCurrentWindow - Actual Value] @19-09-2021 01:54:47.0449 A
[ReportManager] File Action [GetAbsolutePath] successfully performed. With the following test data [Relative Folder Path: "target/downloadedFiles/"]. @19-09-2021 01:54:47.0451 AM
[ReportManager] Attempting to run remotely on: [Linux-64], [GoogleChrome], [http://localhost:4444/wd/hub], Headless Execution. @19-09-2021 01:54:47.0451 AM
[ReportManager] Successfully Opened [GoogleChrome]. @19-09-2021 01:54:47.0659 AM
[ReportManager] Target URL: [https://www.google.com/ncr], and after redirection: [www.google.com] @19-09-2021 01:54:47.0675 AM
[ReportManager] Initial URL: [data:,] @19-09-2021 01:54:47.0712 AM
[ReportManager] Browser Action [NavigateToURL] successfully performed. With the following test data [https://www.google.com/ncr]. @19-09-2021 01:54:48.0603 A

################################################################################################################################################
Starting Execution:	[31 out of 143] test cases in the current suite
Test Method:		[unitTests.tests_validations_assertions.assertElementExists_true_multipleElementsFound_expectedToFail]
################################################################################################################################################
[ReportManager] Assertion [ValidateElementExists] FAILED. Expected [Element Should Exist, locator 'By.xpath: //div'] and Actual [Element Exists but is not unique]. Comparison Type [EQUALS]. Validation Type [POSITIVE]. @19-09-2021 01:54:48.0843 AM
[ReportManager] Successfully created attachment [Screenshot - 1632016488780_assertElementExists_true_multipleElementsFound_expectedToFail_ValidateElementExists_failed] @19-09-2021 01:54:48.0844 A
[ReportManager] Browser Action [CloseCurrentWindow] successfully performed. @19-09-2021 01:54:48.0961 AM
[ReportManager] Successfully created attachment [Browser Action Test Data - CloseCurrentWindow - Actual Value] @19-09-2021 01:54:48.0962 A

################################################################################################################################################
Starting Execution:	[32 out of 143] test cases in the current suite
Test Method:		[unitTests.tests_validations_assertions.assertEquals_false_expectedToFail]
################################################################################################################################################
[ReportManager] Assertion [ValidateEquals] FAILED. Expected [1] and Actual [1]. Comparison Type [EQUALS]. Validation Type [NEGATIVE]. @19-09-2021 01:54:48.0970 A

################################################################################################################################################
Starting Execution:	[33 out of 143] test cases in the current suite
Test Method:		[unitTests.tests_validations_assertions.assertEquals_false_expectedToPass]
################################################################################################################################################
[ReportManager] Assertion [ValidateEquals] PASSED. Expected [1] and Actual [2]. Comparison Type [EQUALS]. Validation Type [NEGATIVE]. @19-09-2021 01:54:48.0973 A

################################################################################################################################################
Starting Execution:	[34 out of 143] test cases in the current suite
Test Method:		[unitTests.tests_validations_assertions.assertEquals_longCharacters]
################################################################################################################################################
[ReportManager] Verification [ValidateEquals] PASSED. Expected and Actual values are attached. Comparison Type [EQUALS]. Validation Type [POSITIVE]. @19-09-2021 01:54:48.0978 AM
[ReportManager] Successfully created attachment [Validation Test Data - Expected Value] @19-09-2021 01:54:48.0978 AM
[ReportManager] Successfully created attachment [Validation Test Data - Actual Value] @19-09-2021 01:54:48.0978 AM
[ReportManager] Assertion [ValidateEquals] PASSED. Expected and Actual values are attached. Comparison Type [EQUALS]. Validation Type [POSITIVE]. @19-09-2021 01:54:48.0979 AM
[ReportManager] Successfully created attachment [Validation Test Data - Expected Value] @19-09-2021 01:54:48.0979 AM
[ReportManager] Successfully created attachment [Validation Test Data - Actual Value] @19-09-2021 01:54:48.0980 A

################################################################################################################################################
Starting Execution:	[35 out of 143] test cases in the current suite
Test Method:		[unitTests.tests_validations_assertions.assertEquals_longCharacters_Discreet]
################################################################################################################################################
[ReportManager] Assertion [ValidateEquals] PASSED. Expected [1LH5pROcDBjjQk0t0mCr0lXuzQu9lcGj28kY8R1H81X67eVAQJgWQhILiRWVPUgZ6uCtK5cnBkF55Jr9vYngjGO1Iyf0Mktv6lruDlL9T8MAUPcUZJGHZtji6nIeadujDSNmWMj5d6C8zlFqw0CRqBU0hO5adIasHgBSNoLotAjce3NGXoDwAlp3rYreeV16VIyZXROQY] and Actual [1LH5pROcDBjjQk0t0mCr0lXuzQu9lcGj28kY8R1H81X67eVAQJgWQhILiRWVPUgZ6uCtK5cnBkF55Jr9vYngjGO1Iyf0Mktv6lruDlL9T8MAUPcUZJGHZtji6nIeadujDSNmWMj5d6C8zlFqw0CRqBU0hO5adIasHgBSNoLotAjce3NGXoDwAlp3rYreeV16VIyZXROQY]. Comparison Type [EQUALS]. Validation Type [POSITIVE]. @19-09-2021 01:54:48.0985 A

################################################################################################################################################
Starting Execution:	[36 out of 143] test cases in the current suite
Test Method:		[unitTests.tests_validations_assertions.assertEquals_true_expectedToFail]
################################################################################################################################################
[ReportManager] Assertion [ValidateEquals] FAILED. Expected [1] and Actual [2]. Comparison Type [EQUALS]. Validation Type [POSITIVE]. @19-09-2021 01:54:48.0988 A

################################################################################################################################################
Starting Execution:	[37 out of 143] test cases in the current suite
Test Method:		[unitTests.tests_validations_assertions.assertEquals_true_expectedToPass]
Test Description:	[Assert that assertEquals works as expected when the two values are equal.]
################################################################################################################################################
[ReportManager] Verification [ValidateEquals] PASSED. Expected [1] and Actual [1]. Comparison Type [EQUALS]. Validation Type [POSITIVE]. @19-09-2021 01:54:48.0999 AM
[ReportManager] Assertion [ValidateEquals] PASSED. Expected [1] and Actual [1]. Comparison Type [EQUALS]. Validation Type [POSITIVE]. @19-09-2021 01:54:48.0999 A

################################################################################################################################################
Starting Execution:	[38 out of 143] test cases in the current suite
Test Method:		[unitTests.tests_validations_assertions.assertEquals_true_expectedToPass__]
################################################################################################################################################
[ReportManager] Assertion [ValidateEquals] PASSED. Expected [1] and Actual [1]. Comparison Type [EQUALS]. Validation Type [POSITIVE]. @19-09-2021 01:54:49.0003 A

################################################################################################################################################
Starting Execution:	[39 out of 143] test cases in the current suite
Test Method:		[unitTests.tests_validations_assertions.assertFileExists_false_expectedToFail]
################################################################################################################################################
[ReportManager] File Action [DoesFileExist] successfully performed. With the following test data [File Path: "src/main/java/com/shaft/gui/element/ElementActions.java"]. @19-09-2021 01:54:49.0007 AM
[ReportManager] Assertion [ValidateFileExists] FAILED. Expected [File 'src/main/java/com/shaft/gui/element/ElementActions.java' should not exist, after up to '1' retries] and Actual [File exists]. Validation Type [NEGATIVE]. @19-09-2021 01:54:49.0013 A

################################################################################################################################################
Starting Execution:	[40 out of 143] test cases in the current suite
Test Method:		[unitTests.tests_validations_assertions.assertFileExists_false_expectedToPass]
################################################################################################################################################
[ReportManager] File Action [DoesFileExist] successfully performed. With the following test data [File Path: "src/main/java/com/shaft/gui/element/ElementActions.java_fail"]. @19-09-2021 01:54:49.0516 AM
[ReportManager] Assertion [ValidateFileExists] PASSED. Expected [File 'src/main/java/com/shaft/gui/element/ElementActions.java_fail' should not exist, after up to '1' retries] and Actual [File does not exist]. Validation Type [NEGATIVE]. @19-09-2021 01:54:49.0516 A

################################################################################################################################################
Starting Execution:	[41 out of 143] test cases in the current suite
Test Method:		[unitTests.tests_validations_assertions.assertFileExists_true_expectedToFail]
################################################################################################################################################
[ReportManager] File Action [DoesFileExist] successfully performed. With the following test data [File Path: "src/main/java/com/shaft/gui/element/ElementActions.java_fail"]. @19-09-2021 01:54:50.0020 AM
[ReportManager] Assertion [ValidateFileExists] FAILED. Expected [File 'src/main/java/com/shaft/gui/element/ElementActions.java_fail' should exist, after up to '1' retries] and Actual [File does not exist]. Validation Type [POSITIVE]. @19-09-2021 01:54:50.0020 A

################################################################################################################################################
Starting Execution:	[42 out of 143] test cases in the current suite
Test Method:		[unitTests.tests_validations_assertions.assertFileExists_true_expectedToPass]
################################################################################################################################################
[ReportManager] File Action [DoesFileExist] successfully performed. With the following test data [File Path: "src/main/java/com/shaft/gui/element/ElementActions.java"]. @19-09-2021 01:54:50.0026 AM
[ReportManager] Assertion [ValidateFileExists] PASSED. Expected [File 'src/main/java/com/shaft/gui/element/ElementActions.java' should exist, after up to '1' retries] and Actual [File exists]. Validation Type [POSITIVE]. @19-09-2021 01:54:50.0026 A

################################################################################################################################################
Starting Execution:	[43 out of 143] test cases in the current suite
Test Method:		[unitTests.tests_validations_assertions.assertNull_false_expectedToFail]
################################################################################################################################################
[ReportManager] Assertion [ValidateNull] FAILED. Expected [NULL] and Actual [NULL]. Comparison Type [EQUALS]. Validation Type [NEGATIVE]. @19-09-2021 01:54:50.0028 A

################################################################################################################################################
Starting Execution:	[44 out of 143] test cases in the current suite
Test Method:		[unitTests.tests_validations_assertions.assertNull_false_expectedToPass]
################################################################################################################################################
[ReportManager] Assertion [ValidateNull] PASSED. Expected [NULL] and Actual [1]. Comparison Type [EQUALS]. Validation Type [NEGATIVE]. @19-09-2021 01:54:50.0031 A

################################################################################################################################################
Starting Execution:	[45 out of 143] test cases in the current suite
Test Method:		[unitTests.tests_validations_assertions.assertNull_true_expectedToFail]
################################################################################################################################################
[ReportManager] Assertion [ValidateNull] FAILED. Expected [NULL] and Actual [1]. Comparison Type [EQUALS]. Validation Type [POSITIVE]. @19-09-2021 01:54:50.0034 A

################################################################################################################################################
Starting Execution:	[46 out of 143] test cases in the current suite
Test Method:		[unitTests.tests_validations_assertions.assertNull_true_expectedToPass]
################################################################################################################################################
[ReportManager] Assertion [ValidateNull] PASSED. Expected [NULL] and Actual [NULL]. Comparison Type [EQUALS]. Validation Type [POSITIVE]. @19-09-2021 01:54:50.0038 A

################################################################################################################################################
Starting Execution:	[47 out of 143] test cases in the current suite
Test Method:		[unitTests.tests_restActions.getPostsAndAssertBodyForSpecificTitle]
################################################################################################################################################
[ReportManager] Response status code: [200], status line: [HTTP/1.1 200 OK] @19-09-2021 01:54:52.0514 AM
[ReportManager] Assertion Passed: Evaluating the actual response status code against the expected one... @19-09-2021 01:54:52.0514 AM
[ReportManager] Assertion [ValidateEquals] PASSED. Expected [200] and Actual [200]. Comparison Type [EQUALS]. Validation Type [POSITIVE]. @19-09-2021 01:54:52.0514 AM
[ReportManager] API Action [PerformRequest] successfully performed. With the following test data [Request Type: "GET" | Target Status Code: "200" | Service URL: "https://jsonplaceholder.typicode.com/posts" | Content Type: "*/*" | Response Time: "834ms"]. @19-09-2021 01:54:53.0815 AM
[ReportManager] Successfully created attachment [API Request - Specifications] @19-09-2021 01:54:53.0816 AM
[ReportManager] Successfully created attachment [API Response - JSON Body] @19-09-2021 01:54:54.0070 AM
[ReportManager] API Action [GetResponseJSONValueAsList] successfully performed. @19-09-2021 01:54:54.0115 AM
[ReportManager] API Action [GetResponseJSONValue] successfully performed. With the following test data [title]. @19-09-2021 01:54:54.0137 AM
[ReportManager] API Action [GetResponseJSONValue] successfully performed. With the following test data [title]. @19-09-2021 01:54:54.0165 AM
[ReportManager] API Action [GetResponseJSONValue] successfully performed. With the following test data [body]. @19-09-2021 01:54:54.0187 AM
[ReportManager] Assertion [ValidateEquals] PASSED. Expected [qui neque nisi nulla] and Actual [est rerum tempore vitae
sequi sint nihil reprehenderit dolor beatae ea dolores neque
fugiat blanditiis voluptate porro vel nihil molestiae ut reiciendis
qui aperiam non debitis possimus qui neque nisi nulla]. Comparison Type [CONTAINS]. Validation Type [POSITIVE]. @19-09-2021 01:54:54.0188 AM
[ReportManager] API Action [GetResponseJSONValue] successfully performed. With the following test data [title]. @19-09-2021 01:54:54.0202 AM
[ReportManager] API Action [GetResponseJSONValue] successfully performed. With the following test data [title]. @19-09-2021 01:54:54.0217 AM
[ReportManager] API Action [GetResponseJSONValue] successfully performed. With the following test data [title]. @19-09-2021 01:54:54.0232 AM
[ReportManager] API Action [GetResponseJSONValue] successfully performed. With the following test data [title]. @19-09-2021 01:54:54.0250 AM
[ReportManager] API Action [GetResponseJSONValue] successfully performed. With the following test data [title]. @19-09-2021 01:54:54.0292 AM
[ReportManager] API Action [GetResponseJSONValue] successfully performed. With the following test data [title]. @19-09-2021 01:54:54.0312 AM
[ReportManager] API Action [GetResponseJSONValue] successfully performed. With the following test data [title]. @19-09-2021 01:54:54.0330 AM
[ReportManager] API Action [GetResponseJSONValue] successfully performed. With the following test data [title]. @19-09-2021 01:54:54.0348 AM
[ReportManager] API Action [GetResponseJSONValue] successfully performed. With the following test data [title]. @19-09-2021 01:54:54.0366 AM
[ReportManager] API Action [GetResponseJSONValue] successfully performed. With the following test data [title]. @19-09-2021 01:54:54.0379 AM
[ReportManager] API Action [GetResponseJSONValue] successfully performed. With the following test data [title]. @19-09-2021 01:54:54.0405 AM
[ReportManager] API Action [GetResponseJSONValue] successfully performed. With the following test data [title]. @19-09-2021 01:54:54.0428 AM
[ReportManager] API Action [GetResponseJSONValue] successfully performed. With the following test data [title]. @19-09-2021 01:54:54.0443 AM
[ReportManager] API Action [GetResponseJSONValue] successfully performed. With the following test data [title]. @19-09-2021 01:54:54.0459 AM
[ReportManager] API Action [GetResponseJSONValue] successfully performed. With the following test data [title]. @19-09-2021 01:54:54.0479 AM
[ReportManager] API Action [GetResponseJSONValue] successfully performed. With the following test data [title]. @19-09-2021 01:54:54.0495 AM
[ReportManager] API Action [GetResponseJSONValue] successfully performed. With the following test data [title]. @19-09-2021 01:54:54.0510 AM
[ReportManager] API Action [GetResponseJSONValue] successfully performed. With the following test data [title]. @19-09-2021 01:54:54.0523 AM
[ReportManager] API Action [GetResponseJSONValue] successfully performed. With the following test data [title]. @19-09-2021 01:54:54.0535 AM
[ReportManager] API Action [GetResponseJSONValue] successfully performed. With the following test data [title]. @19-09-2021 01:54:54.0552 AM
[ReportManager] API Action [GetResponseJSONValue] successfully performed. With the following test data [title]. @19-09-2021 01:54:54.0565 AM
[ReportManager] API Action [GetResponseJSONValue] successfully performed. With the following test data [title]. @19-09-2021 01:54:54.0600 AM
[ReportManager] API Action [GetResponseJSONValue] successfully performed. With the following test data [title]. @19-09-2021 01:54:54.0616 AM
[ReportManager] API Action [GetResponseJSONValue] successfully performed. With the following test data [title]. @19-09-2021 01:54:54.0628 AM
[ReportManager] API Action [GetResponseJSONValue] successfully performed. With the following test data [title]. @19-09-2021 01:54:54.0659 AM
[ReportManager] API Action [GetResponseJSONValue] successfully performed. With the following test data [title]. @19-09-2021 01:54:54.0672 AM
[ReportManager] API Action [GetResponseJSONValue] successfully performed. With the following test data [title]. @19-09-2021 01:54:54.0687 AM
[ReportManager] API Action [GetResponseJSONValue] successfully performed. With the following test data [title]. @19-09-2021 01:54:54.0699 AM
[ReportManager] API Action [GetResponseJSONValue] successfully performed. With the following test data [title]. @19-09-2021 01:54:54.0709 AM
[ReportManager] API Action [GetResponseJSONValue] successfully performed. With the following test data [title]. @19-09-2021 01:54:54.0719 AM
[ReportManager] API Action [GetResponseJSONValue] successfully performed. With the following test data [title]. @19-09-2021 01:54:54.0730 AM
[ReportManager] API Action [GetResponseJSONValue] successfully performed. With the following test data [title]. @19-09-2021 01:54:54.0744 AM
[ReportManager] API Action [GetResponseJSONValue] successfully performed. With the following test data [title]. @19-09-2021 01:54:54.0764 AM
[ReportManager] API Action [GetResponseJSONValue] successfully performed. With the following test data [title]. @19-09-2021 01:54:54.0778 AM
[ReportManager] API Action [GetResponseJSONValue] successfully performed. With the following test data [title]. @19-09-2021 01:54:54.0791 AM
[ReportManager] API Action [GetResponseJSONValue] successfully performed. With the following test data [title]. @19-09-2021 01:54:54.0802 AM
[ReportManager] API Action [GetResponseJSONValue] successfully performed. With the following test data [title]. @19-09-2021 01:54:54.0814 AM
[ReportManager] API Action [GetResponseJSONValue] successfully performed. With the following test data [title]. @19-09-2021 01:54:54.0825 AM
[ReportManager] API Action [GetResponseJSONValue] successfully performed. With the following test data [title]. @19-09-2021 01:54:54.0842 AM
[ReportManager] API Action [GetResponseJSONValue] successfully performed. With the following test data [title]. @19-09-2021 01:54:54.0855 AM
[ReportManager] API Action [GetResponseJSONValue] successfully performed. With the following test data [title]. @19-09-2021 01:54:54.0863 AM
[ReportManager] API Action [GetResponseJSONValue] successfully performed. With the following test data [title]. @19-09-2021 01:54:54.0874 AM
[ReportManager] API Action [GetResponseJSONValue] successfully performed. With the following test data [title]. @19-09-2021 01:54:54.0884 AM
[ReportManager] API Action [GetResponseJSONValue] successfully performed. With the following test data [title]. @19-09-2021 01:54:54.0918 AM
[ReportManager] API Action [GetResponseJSONValue] successfully performed. With the following test data [title]. @19-09-2021 01:54:54.0931 AM
[ReportManager] API Action [GetResponseJSONValue] successfully performed. With the following test data [title]. @19-09-2021 01:54:54.0941 AM
[ReportManager] API Action [GetResponseJSONValue] successfully performed. With the following test data [title]. @19-09-2021 01:54:54.0954 AM
[ReportManager] API Action [GetResponseJSONValue] successfully performed. With the following test data [title]. @19-09-2021 01:54:54.0970 AM
[ReportManager] API Action [GetResponseJSONValue] successfully performed. With the following test data [title]. @19-09-2021 01:54:54.0981 AM
[ReportManager] API Action [GetResponseJSONValue] successfully performed. With the following test data [title]. @19-09-2021 01:54:54.0989 AM
[ReportManager] API Action [GetResponseJSONValue] successfully performed. With the following test data [title]. @19-09-2021 01:54:55.0002 AM
[ReportManager] API Action [GetResponseJSONValue] successfully performed. With the following test data [title]. @19-09-2021 01:54:55.0015 AM
[ReportManager] API Action [GetResponseJSONValue] successfully performed. With the following test data [title]. @19-09-2021 01:54:55.0027 AM
[ReportManager] API Action [GetResponseJSONValue] successfully performed. With the following test data [title]. @19-09-2021 01:54:55.0035 AM
[ReportManager] API Action [GetResponseJSONValue] successfully performed. With the following test data [title]. @19-09-2021 01:54:55.0045 AM
[ReportManager] API Action [GetResponseJSONValue] successfully performed. With the following test data [title]. @19-09-2021 01:54:55.0056 AM
[ReportManager] API Action [GetResponseJSONValue] successfully performed. With the following test data [title]. @19-09-2021 01:54:55.0065 AM
[ReportManager] API Action [GetResponseJSONValue] successfully performed. With the following test data [title]. @19-09-2021 01:54:55.0079 AM
[ReportManager] API Action [GetResponseJSONValue] successfully performed. With the following test data [title]. @19-09-2021 01:54:55.0096 AM
[ReportManager] API Action [GetResponseJSONValue] successfully performed. With the following test data [title]. @19-09-2021 01:54:55.0162 AM
[ReportManager] API Action [GetResponseJSONValue] successfully performed. With the following test data [title]. @19-09-2021 01:54:55.0172 AM
[ReportManager] API Action [GetResponseJSONValue] successfully performed. With the following test data [title]. @19-09-2021 01:54:55.0182 AM
[ReportManager] API Action [GetResponseJSONValue] successfully performed. With the following test data [title]. @19-09-2021 01:54:55.0191 AM
[ReportManager] API Action [GetResponseJSONValue] successfully performed. With the following test data [title]. @19-09-2021 01:54:55.0209 AM
[ReportManager] API Action [GetResponseJSONValue] successfully performed. With the following test data [title]. @19-09-2021 01:54:55.0217 AM
[ReportManager] API Action [GetResponseJSONValue] successfully performed. With the following test data [title]. @19-09-2021 01:54:55.0226 AM
[ReportManager] API Action [GetResponseJSONValue] successfully performed. With the following test data [title]. @19-09-2021 01:54:55.0235 AM
[ReportManager] API Action [GetResponseJSONValue] successfully performed. With the following test data [title]. @19-09-2021 01:54:55.0244 AM
[ReportManager] API Action [GetResponseJSONValue] successfully performed. With the following test data [title]. @19-09-2021 01:54:55.0253 AM
[ReportManager] API Action [GetResponseJSONValue] successfully performed. With the following test data [title]. @19-09-2021 01:54:55.0262 AM
[ReportManager] API Action [GetResponseJSONValue] successfully performed. With the following test data [title]. @19-09-2021 01:54:55.0272 AM
[ReportManager] API Action [GetResponseJSONValue] successfully performed. With the following test data [title]. @19-09-2021 01:54:55.0281 AM
[ReportManager] API Action [GetResponseJSONValue] successfully performed. With the following test data [title]. @19-09-2021 01:54:55.0289 AM
[ReportManager] API Action [GetResponseJSONValue] successfully performed. With the following test data [title]. @19-09-2021 01:54:55.0297 AM
[ReportManager] API Action [GetResponseJSONValue] successfully performed. With the following test data [title]. @19-09-2021 01:54:55.0305 AM
[ReportManager] API Action [GetResponseJSONValue] successfully performed. With the following test data [title]. @19-09-2021 01:54:55.0317 AM
[ReportManager] API Action [GetResponseJSONValue] successfully performed. With the following test data [title]. @19-09-2021 01:54:55.0325 AM
[ReportManager] API Action [GetResponseJSONValue] successfully performed. With the following test data [title]. @19-09-2021 01:54:55.0334 AM
[ReportManager] API Action [GetResponseJSONValue] successfully performed. With the following test data [title]. @19-09-2021 01:54:55.0342 AM
[ReportManager] API Action [GetResponseJSONValue] successfully performed. With the following test data [title]. @19-09-2021 01:54:55.0352 AM
[ReportManager] API Action [GetResponseJSONValue] successfully performed. With the following test data [title]. @19-09-2021 01:54:55.0362 AM
[ReportManager] API Action [GetResponseJSONValue] successfully performed. With the following test data [title]. @19-09-2021 01:54:55.0379 AM
[ReportManager] API Action [GetResponseJSONValue] successfully performed. With the following test data [title]. @19-09-2021 01:54:55.0391 AM
[ReportManager] API Action [GetResponseJSONValue] successfully performed. With the following test data [title]. @19-09-2021 01:54:55.0400 AM
[ReportManager] API Action [GetResponseJSONValue] successfully performed. With the following test data [title]. @19-09-2021 01:54:55.0411 AM
[ReportManager] API Action [GetResponseJSONValue] successfully performed. With the following test data [title]. @19-09-2021 01:54:55.0425 AM
[ReportManager] API Action [GetResponseJSONValue] successfully performed. With the following test data [title]. @19-09-2021 01:54:55.0435 AM
[ReportManager] API Action [GetResponseJSONValue] successfully performed. With the following test data [title]. @19-09-2021 01:54:55.0444 AM
[ReportManager] API Action [GetResponseJSONValue] successfully performed. With the following test data [title]. @19-09-2021 01:54:55.0455 AM
[ReportManager] API Action [GetResponseJSONValue] successfully performed. With the following test data [title]. @19-09-2021 01:54:55.0465 AM
[ReportManager] API Action [GetResponseJSONValue] successfully performed. With the following test data [title]. @19-09-2021 01:54:55.0477 AM
[ReportManager] API Action [GetResponseJSONValue] successfully performed. With the following test data [title]. @19-09-2021 01:54:55.0493 AM
[ReportManager] API Action [GetResponseJSONValue] successfully performed. With the following test data [title]. @19-09-2021 01:54:55.0507 AM
[ReportManager] API Action [GetResponseJSONValue] successfully performed. With the following test data [title]. @19-09-2021 01:54:55.0517 AM
[ReportManager] API Action [GetResponseJSONValue] successfully performed. With the following test data [title]. @19-09-2021 01:54:55.0533 AM
[ReportManager] API Action [GetResponseJSONValue] successfully performed. With the following test data [title]. @19-09-2021 01:54:55.0544 AM
[ReportManager] API Action [GetResponseJSONValue] successfully performed. With the following test data [title]. @19-09-2021 01:54:55.0555 AM
[ReportManager] API Action [GetResponseJSONValue] successfully performed. With the following test data [title]. @19-09-2021 01:54:55.0564 A

################################################################################################################################################
Starting Execution:	[48 out of 143] test cases in the current suite
Test Method:		[unitTests.tests_restActions.validateUserEmail]
################################################################################################################################################
[ReportManager] Response status code: [200], status line: [HTTP/1.1 200 OK] @19-09-2021 01:54:55.0652 AM
[ReportManager] Assertion Passed: Evaluating the actual response status code against the expected one... @19-09-2021 01:54:55.0652 AM
[ReportManager] Assertion [ValidateEquals] PASSED. Expected [200] and Actual [200]. Comparison Type [EQUALS]. Validation Type [POSITIVE]. @19-09-2021 01:54:55.0652 AM
[ReportManager] API Action [PerformRequest] successfully performed. With the following test data [Request Type: "GET" | Target Status Code: "200" | Service URL: "https://jsonplaceholder.typicode.com/users" | Content Type: "*/*" | Response Time: "77ms"]. @19-09-2021 01:54:55.0687 AM
[ReportManager] Successfully created attachment [API Request - Specifications] @19-09-2021 01:54:55.0687 AM
[ReportManager] Successfully created attachment [API Response - JSON Body] @19-09-2021 01:54:55.0688 AM
[ReportManager] Assertion [ValidateEquals] PASSED. Expected and Actual values are attached. Comparison Type [CONTAINS]. Validation Type [POSITIVE]. @19-09-2021 01:54:55.0688 AM
[ReportManager] Successfully created attachment [Validation Test Data - Expected Value] @19-09-2021 01:54:55.0689 AM
[ReportManager] Successfully created attachment [Validation Test Data - Actual Value] @19-09-2021 01:54:55.0689 AM
[ReportManager] API Action [GetResponseJSONValueAsList] successfully performed. With the following test data [$]. @19-09-2021 01:54:55.0701 AM
[ReportManager] API Action [GetResponseJSONValue] successfully performed. With the following test data [name]. @19-09-2021 01:54:55.0715 AM
[ReportManager] API Action [GetResponseJSONValue] successfully performed. With the following test data [email]. @19-09-2021 01:54:55.0725 AM
[ReportManager] Assertion [ValidateEquals] PASSED. Expected [Sincere@april.biz] and Actual [Sincere@april.biz]. Comparison Type [EQUALS]. Validation Type [POSITIVE]. @19-09-2021 01:54:55.0725 AM
[ReportManager] API Action [GetResponseJSONValue] successfully performed. With the following test data [name]. @19-09-2021 01:54:55.0738 AM
[ReportManager] API Action [GetResponseJSONValue] successfully performed. With the following test data [name]. @19-09-2021 01:54:55.0752 AM
[ReportManager] API Action [GetResponseJSONValue] successfully performed. With the following test data [name]. @19-09-2021 01:54:55.0769 AM
[ReportManager] API Action [GetResponseJSONValue] successfully performed. With the following test data [name]. @19-09-2021 01:54:55.0781 AM
[ReportManager] API Action [GetResponseJSONValue] successfully performed. With the following test data [name]. @19-09-2021 01:54:55.0791 AM
[ReportManager] API Action [GetResponseJSONValue] successfully performed. With the following test data [name]. @19-09-2021 01:54:55.0800 AM
[ReportManager] API Action [GetResponseJSONValue] successfully performed. With the following test data [name]. @19-09-2021 01:54:55.0808 AM
[ReportManager] API Action [GetResponseJSONValue] successfully performed. With the following test data [name]. @19-09-2021 01:54:55.0819 AM
[ReportManager] API Action [GetResponseJSONValue] successfully performed. With the following test data [name]. @19-09-2021 01:54:55.0829 A
[ReportManager] File Action [GetAbsolutePath] successfully performed. With the following test data [Relative Folder Path: "target/downloadedFiles/"]. @19-09-2021 01:54:55.0833 AM
[ReportManager] Attempting to run remotely on: [Linux-64], [GoogleChrome], [http://localhost:4444/wd/hub], Headless Execution. @19-09-2021 01:54:55.0834 AM
[ReportManager] Successfully Opened [GoogleChrome]. @19-09-2021 01:54:56.0173 A

################################################################################################################################################
Starting Execution:	[49 out of 143] test cases in the current suite
Test Method:		[unitTests.tests_element_elementActions.waitForElementToBePresent_false_expectedToFail]
################################################################################################################################################
[ReportManager] Target URL: [https://www.google.com/ncr], and after redirection: [www.google.com] @19-09-2021 01:54:56.0203 AM
[ReportManager] Initial URL: [data:,] @19-09-2021 01:54:56.0270 AM
[ReportManager] Browser Action [NavigateToURL] successfully performed. With the following test data [https://www.google.com/ncr]. @19-09-2021 01:54:57.0252 AM
[ReportManager] Waiting for element to be present; elementLocator [By.xpath: //*[@id='hplogo' or @alt='Google']], numberOfTries[1], stateOfPresence[false]... @19-09-2021 01:54:57.0256 AM
[ReportManager] Element Action [WaitForElementToBePresent] failed. With the following test data [waited for the element's state of presence to be (false). Element locator (By.xpath: //*[@id='hplogo' or @alt='Google'])]. @19-09-2021 01:54:57.0451 AM
[ReportManager] Successfully created attachment [Screenshot - 1632016497381_waitForElementToBePresent_false_expectedToFail_WaitForElementToBePresent_failed] @19-09-2021 01:54:57.0451 A
[ReportManager] Browser Action [CloseCurrentWindow] successfully performed. @19-09-2021 01:54:57.0573 AM
[ReportManager] Successfully created attachment [Browser Action Test Data - CloseCurrentWindow - Actual Value] @19-09-2021 01:54:57.0574 A
[ReportManager] File Action [GetAbsolutePath] successfully performed. With the following test data [Relative Folder Path: "target/downloadedFiles/"]. @19-09-2021 01:54:57.0578 AM
[ReportManager] Attempting to run remotely on: [Linux-64], [GoogleChrome], [http://localhost:4444/wd/hub], Headless Execution. @19-09-2021 01:54:57.0578 AM
[ReportManager] Successfully Opened [GoogleChrome]. @19-09-2021 01:54:57.0764 A

################################################################################################################################################
Starting Execution:	[50 out of 143] test cases in the current suite
Test Method:		[unitTests.tests_element_elementActions.waitForElementToBePresent_false_expectedToPass]
################################################################################################################################################
[ReportManager] Target URL: [https://www.google.com/ncr], and after redirection: [www.google.com] @19-09-2021 01:54:57.0785 AM
[ReportManager] Initial URL: [data:,] @19-09-2021 01:54:57.0831 AM
[ReportManager] Browser Action [NavigateToURL] successfully performed. With the following test data [https://www.google.com/ncr]. @19-09-2021 01:54:58.0702 AM
[ReportManager] Waiting for element to be present; elementLocator [By.id: bla], numberOfTries[1], stateOfPresence[false]... @19-09-2021 01:54:58.0703 AM
[ReportManager] Element Action [WaitForElementToBePresent] successfully performed. With the following test data [waited for the element's state of presence to be (false). Element locator (By.id: bla)]. @19-09-2021 01:55:03.0820 A
[ReportManager] Browser Action [CloseCurrentWindow] successfully performed. @19-09-2021 01:55:03.0953 AM
[ReportManager] Successfully created attachment [Browser Action Test Data - CloseCurrentWindow - Actual Value] @19-09-2021 01:55:03.0955 A
[ReportManager] File Action [GetAbsolutePath] successfully performed. With the following test data [Relative Folder Path: "target/downloadedFiles/"]. @19-09-2021 01:55:03.0957 AM
[ReportManager] Attempting to run remotely on: [Linux-64], [GoogleChrome], [http://localhost:4444/wd/hub], Headless Execution. @19-09-2021 01:55:03.0958 AM
[ReportManager] Successfully Opened [GoogleChrome]. @19-09-2021 01:55:04.0160 A

################################################################################################################################################
Starting Execution:	[51 out of 143] test cases in the current suite
Test Method:		[unitTests.tests_element_elementActions.waitForElementToBePresent_moreThanOneElement_expectedToFail]
################################################################################################################################################
[ReportManager] Target URL: [https://www.google.com/ncr], and after redirection: [www.google.com] @19-09-2021 01:55:04.0190 AM
[ReportManager] Initial URL: [data:,] @19-09-2021 01:55:04.0238 AM
[ReportManager] Browser Action [NavigateToURL] successfully performed. With the following test data [https://www.google.com/ncr]. @19-09-2021 01:55:05.0351 AM
[ReportManager] Waiting for element to be present; elementLocator [By.xpath: //*], numberOfTries[1], stateOfPresence[false]... @19-09-2021 01:55:05.0351 AM
[ReportManager] Element Action [WaitForElementToBePresent] failed. With the following test data [waited for the element's state of presence to be (false). Element locator (By.xpath: //*)]. @19-09-2021 01:55:05.0574 AM
[ReportManager] Successfully created attachment [Screenshot - 1632016505513_waitForElementToBePresent_moreThanOneElement_expectedToFail_WaitForElementToBePresent_failed] @19-09-2021 01:55:05.0574 A
[ReportManager] Browser Action [CloseCurrentWindow] successfully performed. @19-09-2021 01:55:05.0690 AM
[ReportManager] Successfully created attachment [Browser Action Test Data - CloseCurrentWindow - Actual Value] @19-09-2021 01:55:05.0691 A
[ReportManager] File Action [GetAbsolutePath] successfully performed. With the following test data [Relative Folder Path: "target/downloadedFiles/"]. @19-09-2021 01:55:05.0694 AM
[ReportManager] Attempting to run remotely on: [Linux-64], [GoogleChrome], [http://localhost:4444/wd/hub], Headless Execution. @19-09-2021 01:55:05.0694 AM
[ReportManager] Successfully Opened [GoogleChrome]. @19-09-2021 01:55:05.0905 A

################################################################################################################################################
Starting Execution:	[52 out of 143] test cases in the current suite
Test Method:		[unitTests.tests_element_elementActions.waitForElementToBePresent_true_expectedToFail]
################################################################################################################################################
[ReportManager] Target URL: [https://www.google.com/ncr], and after redirection: [www.google.com] @19-09-2021 01:55:05.0925 AM
[ReportManager] Initial URL: [data:,] @19-09-2021 01:55:05.0986 AM
[ReportManager] Browser Action [NavigateToURL] successfully performed. With the following test data [https://www.google.com/ncr]. @19-09-2021 01:55:09.0223 AM
[ReportManager] Waiting for element to be present; elementLocator [By.id: bla], numberOfTries[1], stateOfPresence[true]... @19-09-2021 01:55:09.0223 AM
[ReportManager] Element Action [WaitForElementToBePresent] failed. With the following test data [waited for the element's state of presence to be (true). Element locator (By.id: bla)]. @19-09-2021 01:55:14.0489 AM
[ReportManager] Successfully created attachment [Screenshot - 1632016514426_waitForElementToBePresent_true_expectedToFail_WaitForElementToBePresent_failed] @19-09-2021 01:55:14.0490 A
[ReportManager] Browser Action [CloseCurrentWindow] successfully performed. @19-09-2021 01:55:14.0621 AM
[ReportManager] Successfully created attachment [Browser Action Test Data - CloseCurrentWindow - Actual Value] @19-09-2021 01:55:14.0622 A
[ReportManager] File Action [GetAbsolutePath] successfully performed. With the following test data [Relative Folder Path: "target/downloadedFiles/"]. @19-09-2021 01:55:14.0625 AM
[ReportManager] Attempting to run remotely on: [Linux-64], [GoogleChrome], [http://localhost:4444/wd/hub], Headless Execution. @19-09-2021 01:55:14.0626 AM
[ReportManager] Successfully Opened [GoogleChrome]. @19-09-2021 01:55:14.0847 A

################################################################################################################################################
Starting Execution:	[53 out of 143] test cases in the current suite
Test Method:		[unitTests.tests_element_elementActions.waitForElementToBePresent_true_expectedToPass]
################################################################################################################################################
[ReportManager] Target URL: [https://www.google.com/ncr], and after redirection: [www.google.com] @19-09-2021 01:55:14.0868 AM
[ReportManager] Initial URL: [data:,] @19-09-2021 01:55:14.0917 AM
[ReportManager] Browser Action [NavigateToURL] successfully performed. With the following test data [https://www.google.com/ncr]. @19-09-2021 01:55:15.0743 AM
[ReportManager] Waiting for element to be present; elementLocator [By.xpath: //*[@id='hplogo' or @alt='Google']], numberOfTries[1], stateOfPresence[true]... @19-09-2021 01:55:15.0743 AM
[ReportManager] Element Action [WaitForElementToBePresent] successfully performed. With the following test data [waited for the element's state of presence to be (true). Element locator (By.xpath: //*[@id='hplogo' or @alt='Google'])]. @19-09-2021 01:55:15.0792 AM
[ReportManager] File Action [DoesFileExist] successfully performed. With the following test data [File Path: "src/test/resources/DynamicObjectRepository/unitTests_tests_element_elementActions_waitForElementToBePresent_true_expectedToPass_By_xpath_id_hplogo_or_alt_Google.png"]. @19-09-2021 01:55:15.0795 AM
[ReportManager] File Action [DoesFileExist] successfully performed. With the following test data [File Path: "src/test/resources/DynamicObjectRepository/unitTests_tests_element_elementActions_waitForElementToBePresent_true_expectedToPass_By_xpath_id_hplogo_or_alt_Google.png"]. @19-09-2021 01:55:15.0971 AM
[ReportManager] Passing the test and saving a reference image @19-09-2021 01:55:15.0971 AM
[ReportManager] File Action [GetAbsolutePath] successfully performed. With the following test data [Relative File Path: "src/test/resources/DynamicObjectRepository/unitTests_tests_element_elementActions_waitForElementToBePresent_true_expectedToPass_By_xpath_id_hplogo_or_alt_Google.png"]. @19-09-2021 01:55:15.0971 AM
[ReportManager] File Action [WriteToFile] successfully performed. With the following test data [Target File Path: "/home/runner/work/SHAFT_ENGINE/SHAFT_ENGINE/src/test/resources/DynamicObjectRepository/unitTests_tests_element_elementActions_waitForElementToBePresent_true_expectedToPass_By_xpath_id_hplogo_or_alt_Google.png"]. @19-09-2021 01:55:15.0972 AM
[ReportManager] Assertion Passed: Using Visual AI; OpenCV @19-09-2021 01:55:15.0973 AM
[ReportManager] Successfully created attachment [Validation Test Data - Actual Screenshot] @19-09-2021 01:55:15.0973 AM
[ReportManager] Assertion [ValidateElementMatches] PASSED. Expected [Element should match the reference screenshot] and Actual [TRUE]. Comparison Type [EXACT_OPENCV]. Validation Type [POSITIVE]. @19-09-2021 01:55:15.0973 A
[ReportManager] Browser Action [CloseCurrentWindow] successfully performed. @19-09-2021 01:55:16.0103 AM
[ReportManager] Successfully created attachment [Browser Action Test Data - CloseCurrentWindow - Actual Value] @19-09-2021 01:55:16.0103 A
[ReportManager] File Action [GetAbsolutePath] successfully performed. With the following test data [Relative Folder Path: "target/downloadedFiles/"]. @19-09-2021 01:55:16.0112 AM
[ReportManager] Attempting to run remotely on: [Linux-64], [GoogleChrome], [http://localhost:4444/wd/hub], Headless Execution. @19-09-2021 01:55:16.0112 AM
[ReportManager] Successfully Opened [GoogleChrome]. @19-09-2021 01:55:16.0426 AM
[ReportManager] Target URL: [https://duckduckgo.com] @19-09-2021 01:55:16.0438 AM
[ReportManager] Initial URL: [data:,] @19-09-2021 01:55:16.0476 AM
[ReportManager] Browser Action [NavigateToURL] successfully performed. With the following test data [https://duckduckgo.com]. @19-09-2021 01:55:16.0997 A

################################################################################################################################################
Starting Execution:	[54 out of 143] test cases in the current suite
Test Method:		[unitTests.tests_browserActions.fullScreenWindow]
################################################################################################################################################
[ReportManager] Initial Windows Size: 800x600 @19-09-2021 01:55:17.0005 AM
[ReportManager] Initial window size: (800, 600) @19-09-2021 01:55:17.0008 AM
[ReportManager] Window size after Toolkit: (1920, 1080) @19-09-2021 01:55:17.0236 AM
[ReportManager] Browser Action [MaximizeWindow] successfully performed. With the following test data [New screen size is now: (1920, 1080)]. @19-09-2021 01:55:17.0238 AM
[ReportManager] Current Windows Size after fullScreen: 1920x1080 @19-09-2021 01:55:17.0263 AM
[ReportManager] Browser Action [FullScreenWindow] successfully performed. @19-09-2021 01:55:17.0284 AM
[ReportManager] Successfully created attachment [Browser Action Test Data - FullScreenWindow - Actual Value] @19-09-2021 01:55:17.0287 A
[ReportManager] Target URL: [https://duckduckgo.com] @19-09-2021 01:55:17.0289 AM
[ReportManager] Initial URL: [https://duckduckgo.com] @19-09-2021 01:55:17.0344 AM
[ReportManager] Browser Action [NavigateToURL] successfully performed. With the following test data [https://duckduckgo.com]. @19-09-2021 01:55:17.0674 AM
[ReportManager] Browser Action [CloseCurrentWindow] successfully performed. @19-09-2021 01:55:17.0773 AM
[ReportManager] Successfully created attachment [Browser Action Test Data - CloseCurrentWindow - Actual Value] @19-09-2021 01:55:17.0780 A
[ReportManager] File Action [GetAbsolutePath] successfully performed. With the following test data [Relative Folder Path: "target/downloadedFiles/"]. @19-09-2021 01:55:17.0782 AM
[ReportManager] Attempting to run remotely on: [Linux-64], [GoogleChrome], [http://localhost:4444/wd/hub], Headless Execution. @19-09-2021 01:55:17.0782 AM
[ReportManager] Successfully Opened [GoogleChrome]. @19-09-2021 01:55:18.0002 AM
[ReportManager] Target URL: [https://duckduckgo.com] @19-09-2021 01:55:18.0013 AM
[ReportManager] Initial URL: [data:,] @19-09-2021 01:55:18.0054 AM
[ReportManager] Browser Action [NavigateToURL] successfully performed. With the following test data [https://duckduckgo.com]. @19-09-2021 01:55:18.0552 A

################################################################################################################################################
Starting Execution:	[55 out of 143] test cases in the current suite
Test Method:		[unitTests.tests_browserActions.getCurrentURL]
################################################################################################################################################
[ReportManager] Browser Action [GetCurrentURL] successfully performed. With the following test data [https://duckduckgo.com/]. @19-09-2021 01:55:18.0586 A
[ReportManager] Target URL: [https://duckduckgo.com] @19-09-2021 01:55:18.0589 AM
[ReportManager] Initial URL: [https://duckduckgo.com] @19-09-2021 01:55:18.0660 AM
[ReportManager] Browser Action [NavigateToURL] successfully performed. With the following test data [https://duckduckgo.com]. @19-09-2021 01:55:18.0980 AM
[ReportManager] Browser Action [CloseCurrentWindow] successfully performed. @19-09-2021 01:55:19.0114 AM
[ReportManager] Successfully created attachment [Browser Action Test Data - CloseCurrentWindow - Actual Value] @19-09-2021 01:55:19.0114 A
[ReportManager] File Action [GetAbsolutePath] successfully performed. With the following test data [Relative Folder Path: "target/downloadedFiles/"]. @19-09-2021 01:55:19.0117 AM
[ReportManager] Attempting to run remotely on: [Linux-64], [GoogleChrome], [http://localhost:4444/wd/hub], Headless Execution. @19-09-2021 01:55:19.0119 AM
[ReportManager] Successfully Opened [GoogleChrome]. @19-09-2021 01:55:19.0319 AM
[ReportManager] Target URL: [https://duckduckgo.com] @19-09-2021 01:55:19.0330 AM
[ReportManager] Initial URL: [data:,] @19-09-2021 01:55:19.0372 AM
[ReportManager] Browser Action [NavigateToURL] successfully performed. With the following test data [https://duckduckgo.com]. @19-09-2021 01:55:19.0897 A

################################################################################################################################################
Starting Execution:	[56 out of 143] test cases in the current suite
Test Method:		[unitTests.tests_browserActions.getCurrentWindowTitle]
################################################################################################################################################
[ReportManager] Browser Action [GetCurrentWindowTitle] successfully performed. With the following test data [DuckDuckGo  Privacy, simplified.]. @19-09-2021 01:55:19.0958 A
[ReportManager] Target URL: [https://duckduckgo.com] @19-09-2021 01:55:19.0964 AM
[ReportManager] Initial URL: [https://duckduckgo.com] @19-09-2021 01:55:20.0024 AM
[ReportManager] Browser Action [NavigateToURL] successfully performed. With the following test data [https://duckduckgo.com]. @19-09-2021 01:55:20.0349 AM
[ReportManager] Browser Action [CloseCurrentWindow] successfully performed. @19-09-2021 01:55:20.0447 AM
[ReportManager] Successfully created attachment [Browser Action Test Data - CloseCurrentWindow - Actual Value] @19-09-2021 01:55:20.0448 A
[ReportManager] File Action [GetAbsolutePath] successfully performed. With the following test data [Relative Folder Path: "target/downloadedFiles/"]. @19-09-2021 01:55:20.0450 AM
[ReportManager] Attempting to run remotely on: [Linux-64], [GoogleChrome], [http://localhost:4444/wd/hub], Headless Execution. @19-09-2021 01:55:20.0450 AM
[ReportManager] Successfully Opened [GoogleChrome]. @19-09-2021 01:55:20.0724 AM
[ReportManager] Target URL: [https://duckduckgo.com] @19-09-2021 01:55:20.0734 AM
[ReportManager] Initial URL: [data:,] @19-09-2021 01:55:20.0774 AM
[ReportManager] Browser Action [NavigateToURL] successfully performed. With the following test data [https://duckduckgo.com]. @19-09-2021 01:55:21.0337 A

################################################################################################################################################
Starting Execution:	[57 out of 143] test cases in the current suite
Test Method:		[unitTests.tests_browserActions.getPageSource]
################################################################################################################################################
[ReportManager] Browser Action [GetPageSource] successfully performed. @19-09-2021 01:55:21.0381 AM
[ReportManager] Successfully created attachment [Browser Action Test Data - GetPageSource - Actual Value] @19-09-2021 01:55:21.0382 A
[ReportManager] Target URL: [https://duckduckgo.com] @19-09-2021 01:55:21.0385 AM
[ReportManager] Initial URL: [https://duckduckgo.com] @19-09-2021 01:55:21.0439 AM
[ReportManager] Browser Action [NavigateToURL] successfully performed. With the following test data [https://duckduckgo.com]. @19-09-2021 01:55:21.0754 AM
[ReportManager] Browser Action [CloseCurrentWindow] successfully performed. @19-09-2021 01:55:21.0849 AM
[ReportManager] Successfully created attachment [Browser Action Test Data - CloseCurrentWindow - Actual Value] @19-09-2021 01:55:21.0850 A
[ReportManager] File Action [GetAbsolutePath] successfully performed. With the following test data [Relative Folder Path: "target/downloadedFiles/"]. @19-09-2021 01:55:21.0852 AM
[ReportManager] Attempting to run remotely on: [Linux-64], [GoogleChrome], [http://localhost:4444/wd/hub], Headless Execution. @19-09-2021 01:55:21.0856 AM
[ReportManager] Successfully Opened [GoogleChrome]. @19-09-2021 01:55:22.0047 AM
[ReportManager] Target URL: [https://duckduckgo.com] @19-09-2021 01:55:22.0061 AM
[ReportManager] Initial URL: [data:,] @19-09-2021 01:55:22.0099 AM
[ReportManager] Browser Action [NavigateToURL] successfully performed. With the following test data [https://duckduckgo.com]. @19-09-2021 01:55:22.0608 A

################################################################################################################################################
Starting Execution:	[58 out of 143] test cases in the current suite
Test Method:		[unitTests.tests_browserActions.getWindowHandle]
################################################################################################################################################
[ReportManager] Browser Action [GetWindowHandle] successfully performed. With the following test data [CDwindow-72E65BDBB0457D426D163CA52312AEBE]. @19-09-2021 01:55:22.0645 A
[ReportManager] Target URL: [https://duckduckgo.com] @19-09-2021 01:55:22.0648 AM
[ReportManager] Initial URL: [https://duckduckgo.com] @19-09-2021 01:55:22.0701 AM
[ReportManager] Browser Action [NavigateToURL] successfully performed. With the following test data [https://duckduckgo.com]. @19-09-2021 01:55:23.0113 AM
[ReportManager] Browser Action [CloseCurrentWindow] successfully performed. @19-09-2021 01:55:23.0210 AM
[ReportManager] Successfully created attachment [Browser Action Test Data - CloseCurrentWindow - Actual Value] @19-09-2021 01:55:23.0211 A
[ReportManager] File Action [GetAbsolutePath] successfully performed. With the following test data [Relative Folder Path: "target/downloadedFiles/"]. @19-09-2021 01:55:23.0220 AM
[ReportManager] Attempting to run remotely on: [Linux-64], [GoogleChrome], [http://localhost:4444/wd/hub], Headless Execution. @19-09-2021 01:55:23.0220 AM
[ReportManager] Successfully Opened [GoogleChrome]. @19-09-2021 01:55:23.0466 AM
[ReportManager] Target URL: [https://duckduckgo.com] @19-09-2021 01:55:23.0481 AM
[ReportManager] Initial URL: [data:,] @19-09-2021 01:55:23.0518 AM
[ReportManager] Browser Action [NavigateToURL] successfully performed. With the following test data [https://duckduckgo.com]. @19-09-2021 01:55:23.0993 A

################################################################################################################################################
Starting Execution:	[59 out of 143] test cases in the current suite
Test Method:		[unitTests.tests_browserActions.getWindowPosition]
################################################################################################################################################
[ReportManager] Browser Action [GetWindowPosition] successfully performed. With the following test data [(0, 0)]. @19-09-2021 01:55:24.0026 A
[ReportManager] Target URL: [https://duckduckgo.com] @19-09-2021 01:55:24.0028 AM
[ReportManager] Initial URL: [https://duckduckgo.com] @19-09-2021 01:55:24.0085 AM
[ReportManager] Browser Action [NavigateToURL] successfully performed. With the following test data [https://duckduckgo.com]. @19-09-2021 01:55:24.0378 AM
[ReportManager] Browser Action [CloseCurrentWindow] successfully performed. @19-09-2021 01:55:24.0485 AM
[ReportManager] Successfully created attachment [Browser Action Test Data - CloseCurrentWindow - Actual Value] @19-09-2021 01:55:24.0486 A
[ReportManager] File Action [GetAbsolutePath] successfully performed. With the following test data [Relative Folder Path: "target/downloadedFiles/"]. @19-09-2021 01:55:24.0488 AM
[ReportManager] Attempting to run remotely on: [Linux-64], [GoogleChrome], [http://localhost:4444/wd/hub], Headless Execution. @19-09-2021 01:55:24.0488 AM
[ReportManager] Successfully Opened [GoogleChrome]. @19-09-2021 01:55:24.0713 AM
[ReportManager] Target URL: [https://duckduckgo.com] @19-09-2021 01:55:24.0727 AM
[ReportManager] Initial URL: [data:,] @19-09-2021 01:55:24.0764 AM
[ReportManager] Browser Action [NavigateToURL] successfully performed. With the following test data [https://duckduckgo.com]. @19-09-2021 01:55:25.0252 A

################################################################################################################################################
Starting Execution:	[60 out of 143] test cases in the current suite
Test Method:		[unitTests.tests_browserActions.getWindowSize]
################################################################################################################################################
[ReportManager] Browser Action [GetWindowSize] successfully performed. With the following test data [(800, 600)]. @19-09-2021 01:55:25.0283 A
[ReportManager] Target URL: [https://duckduckgo.com] @19-09-2021 01:55:25.0284 AM
[ReportManager] Initial URL: [https://duckduckgo.com] @19-09-2021 01:55:25.0343 AM
[ReportManager] Browser Action [NavigateToURL] successfully performed. With the following test data [https://duckduckgo.com]. @19-09-2021 01:55:25.0639 AM
[ReportManager] Browser Action [CloseCurrentWindow] successfully performed. @19-09-2021 01:55:25.0733 AM
[ReportManager] Successfully created attachment [Browser Action Test Data - CloseCurrentWindow - Actual Value] @19-09-2021 01:55:25.0734 A
[ReportManager] File Action [GetAbsolutePath] successfully performed. With the following test data [Relative Folder Path: "target/downloadedFiles/"]. @19-09-2021 01:55:25.0735 AM
[ReportManager] Attempting to run remotely on: [Linux-64], [GoogleChrome], [http://localhost:4444/wd/hub], Headless Execution. @19-09-2021 01:55:25.0736 AM
[ReportManager] Successfully Opened [GoogleChrome]. @19-09-2021 01:55:25.0930 AM
[ReportManager] Target URL: [https://duckduckgo.com] @19-09-2021 01:55:25.0944 AM
[ReportManager] Initial URL: [data:,] @19-09-2021 01:55:25.0989 AM
[ReportManager] Browser Action [NavigateToURL] successfully performed. With the following test data [https://duckduckgo.com]. @19-09-2021 01:55:26.0484 A

################################################################################################################################################
Starting Execution:	[61 out of 143] test cases in the current suite
Test Method:		[unitTests.tests_browserActions.maximizeWindow]
################################################################################################################################################
[ReportManager] Initial window size: (800, 600) @19-09-2021 01:55:26.0498 AM
[ReportManager] Window size after Toolkit: (1920, 1080) @19-09-2021 01:55:26.0726 AM
[ReportManager] Browser Action [MaximizeWindow] successfully performed. With the following test data [New screen size is now: (1920, 1080)]. @19-09-2021 01:55:26.0738 A
[ReportManager] Target URL: [https://duckduckgo.com] @19-09-2021 01:55:26.0744 AM
[ReportManager] Initial URL: [https://duckduckgo.com] @19-09-2021 01:55:26.0815 AM
[ReportManager] Browser Action [NavigateToURL] successfully performed. With the following test data [https://duckduckgo.com]. @19-09-2021 01:55:27.0161 AM
[ReportManager] Browser Action [CloseCurrentWindow] successfully performed. @19-09-2021 01:55:27.0269 AM
[ReportManager] Successfully created attachment [Browser Action Test Data - CloseCurrentWindow - Actual Value] @19-09-2021 01:55:27.0270 A
[ReportManager] File Action [GetAbsolutePath] successfully performed. With the following test data [Relative Folder Path: "target/downloadedFiles/"]. @19-09-2021 01:55:27.0275 AM
[ReportManager] Attempting to run remotely on: [Linux-64], [GoogleChrome], [http://localhost:4444/wd/hub], Headless Execution. @19-09-2021 01:55:27.0275 AM
[ReportManager] Successfully Opened [GoogleChrome]. @19-09-2021 01:55:27.0515 AM
[ReportManager] Target URL: [https://duckduckgo.com] @19-09-2021 01:55:27.0532 AM
[ReportManager] Initial URL: [data:,] @19-09-2021 01:55:27.0571 AM
[ReportManager] Browser Action [NavigateToURL] successfully performed. With the following test data [https://duckduckgo.com]. @19-09-2021 01:55:28.0042 A

################################################################################################################################################
Starting Execution:	[62 out of 143] test cases in the current suite
Test Method:		[unitTests.tests_browserActions.navigateBack]
################################################################################################################################################
[ReportManager] Target URL: [https://www.google.com/ncr], and after redirection: [https://www.google.com] @19-09-2021 01:55:28.0046 AM
[ReportManager] Initial URL: [https://duckduckgo.com] @19-09-2021 01:55:28.0096 AM
[ReportManager] Browser Action [NavigateToURL] successfully performed. With the following test data [https://www.google.com/ncr]. @19-09-2021 01:55:28.0943 AM
[ReportManager] Browser Action [NavigateBack] successfully performed. With the following test data [https://duckduckgo.com/]. @19-09-2021 01:55:29.0307 AM
[ReportManager] Browser Action [GetCurrentURL] successfully performed. With the following test data [https://duckduckgo.com/]. @19-09-2021 01:55:29.0341 AM
[ReportManager] Assertion Passed: Confirming that navigating back was successful @19-09-2021 01:55:29.0480 AM
[ReportManager] Successfully created attachment [Screenshot - 1632016529414_navigateBack_ValidateBrowserAttribute_passed] @19-09-2021 01:55:29.0482 AM
[ReportManager] Assertion [ValidateBrowserAttribute] PASSED. Expected [Value Should be 'https://duckduckgo.com' for the 'CurrentUrl' attribute] and Actual [https://duckduckgo.com/]. Comparison Type [CONTAINS]. Validation Type [POSITIVE]. @19-09-2021 01:55:29.0482 A
[ReportManager] Target URL: [https://duckduckgo.com] @19-09-2021 01:55:29.0487 AM
[ReportManager] Initial URL: [https://duckduckgo.com] @19-09-2021 01:55:29.0565 AM
[ReportManager] Browser Action [NavigateToURL] successfully performed. With the following test data [https://duckduckgo.com]. @19-09-2021 01:55:29.0856 AM
[ReportManager] Browser Action [CloseCurrentWindow] successfully performed. @19-09-2021 01:55:29.0957 AM
[ReportManager] Successfully created attachment [Browser Action Test Data - CloseCurrentWindow - Actual Value] @19-09-2021 01:55:29.0958 A
[ReportManager] File Action [GetAbsolutePath] successfully performed. With the following test data [Relative Folder Path: "target/downloadedFiles/"]. @19-09-2021 01:55:29.0960 AM
[ReportManager] Attempting to run remotely on: [Linux-64], [GoogleChrome], [http://localhost:4444/wd/hub], Headless Execution. @19-09-2021 01:55:29.0960 AM
[ReportManager] Successfully Opened [GoogleChrome]. @19-09-2021 01:55:30.0168 AM
[ReportManager] Target URL: [https://duckduckgo.com] @19-09-2021 01:55:30.0182 AM
[ReportManager] Initial URL: [data:,] @19-09-2021 01:55:30.0221 AM
[ReportManager] Browser Action [NavigateToURL] successfully performed. With the following test data [https://duckduckgo.com]. @19-09-2021 01:55:30.0690 A

################################################################################################################################################
Starting Execution:	[63 out of 143] test cases in the current suite
Test Method:		[unitTests.tests_browserActions.navigateForward]
################################################################################################################################################
[ReportManager] Target URL: [https://www.google.com/ncr], and after redirection: [https://www.google.com] @19-09-2021 01:55:30.0692 AM
[ReportManager] Initial URL: [https://duckduckgo.com] @19-09-2021 01:55:30.0762 AM
[ReportManager] Browser Action [NavigateToURL] successfully performed. With the following test data [https://www.google.com/ncr]. @19-09-2021 01:55:31.0558 AM
[ReportManager] Browser Action [NavigateBack] successfully performed. With the following test data [https://duckduckgo.com/]. @19-09-2021 01:55:31.0909 AM
[ReportManager] Browser Action [NavigateForward] successfully performed. With the following test data [https://www.google.com/]. @19-09-2021 01:55:32.0335 A
[ReportManager] Target URL: [https://duckduckgo.com] @19-09-2021 01:55:32.0338 AM
[ReportManager] Initial URL: [https://www.google.com] @19-09-2021 01:55:32.0410 AM
[ReportManager] Browser Action [NavigateToURL] successfully performed. With the following test data [https://duckduckgo.com]. @19-09-2021 01:55:32.0885 AM
[ReportManager] Browser Action [CloseCurrentWindow] successfully performed. @19-09-2021 01:55:32.0982 AM
[ReportManager] Successfully created attachment [Browser Action Test Data - CloseCurrentWindow - Actual Value] @19-09-2021 01:55:32.0982 A
[ReportManager] File Action [GetAbsolutePath] successfully performed. With the following test data [Relative Folder Path: "target/downloadedFiles/"]. @19-09-2021 01:55:32.0985 AM
[ReportManager] Attempting to run remotely on: [Linux-64], [GoogleChrome], [http://localhost:4444/wd/hub], Headless Execution. @19-09-2021 01:55:32.0985 AM
[ReportManager] Successfully Opened [GoogleChrome]. @19-09-2021 01:55:33.0220 AM
[ReportManager] Target URL: [https://duckduckgo.com] @19-09-2021 01:55:33.0230 AM
[ReportManager] Initial URL: [data:,] @19-09-2021 01:55:33.0270 AM
[ReportManager] Browser Action [NavigateToURL] successfully performed. With the following test data [https://duckduckgo.com]. @19-09-2021 01:55:33.0722 A

################################################################################################################################################
Starting Execution:	[64 out of 143] test cases in the current suite
Test Method:		[unitTests.tests_browserActions.navigateToURL]
################################################################################################################################################
[ReportManager] Target URL: [https://duckduckgo.com] @19-09-2021 01:55:33.0728 AM
[ReportManager] Initial URL: [https://duckduckgo.com] @19-09-2021 01:55:33.0780 AM
[ReportManager] Browser Action [NavigateToURL] successfully performed. With the following test data [https://duckduckgo.com]. @19-09-2021 01:55:34.0071 A
[ReportManager] Target URL: [https://duckduckgo.com] @19-09-2021 01:55:34.0073 AM
[ReportManager] Initial URL: [https://duckduckgo.com] @19-09-2021 01:55:34.0126 AM
[ReportManager] Browser Action [NavigateToURL] successfully performed. With the following test data [https://duckduckgo.com]. @19-09-2021 01:55:34.0397 AM
[ReportManager] Browser Action [CloseCurrentWindow] successfully performed. @19-09-2021 01:55:34.0494 AM
[ReportManager] Successfully created attachment [Browser Action Test Data - CloseCurrentWindow - Actual Value] @19-09-2021 01:55:34.0494 A
[ReportManager] File Action [GetAbsolutePath] successfully performed. With the following test data [Relative Folder Path: "target/downloadedFiles/"]. @19-09-2021 01:55:34.0496 AM
[ReportManager] Attempting to run remotely on: [Linux-64], [GoogleChrome], [http://localhost:4444/wd/hub], Headless Execution. @19-09-2021 01:55:34.0496 AM
[ReportManager] Successfully Opened [GoogleChrome]. @19-09-2021 01:55:34.0700 AM
[ReportManager] Target URL: [https://duckduckgo.com] @19-09-2021 01:55:34.0715 AM
[ReportManager] Initial URL: [data:,] @19-09-2021 01:55:34.0750 AM
[ReportManager] Browser Action [NavigateToURL] successfully performed. With the following test data [https://duckduckgo.com]. @19-09-2021 01:55:35.0269 A

################################################################################################################################################
Starting Execution:	[65 out of 143] test cases in the current suite
Test Method:		[unitTests.tests_browserActions.navigateToURLWithRedirection]
################################################################################################################################################
[ReportManager] Target URL: [https://www.google.com/ncr], and after redirection: [https://www.google.com] @19-09-2021 01:55:35.0273 AM
[ReportManager] Initial URL: [https://duckduckgo.com] @19-09-2021 01:55:35.0330 AM
[ReportManager] Browser Action [NavigateToURL] successfully performed. With the following test data [https://www.google.com/ncr]. @19-09-2021 01:55:36.0192 A
[ReportManager] Target URL: [https://duckduckgo.com] @19-09-2021 01:55:36.0194 AM
[ReportManager] Initial URL: [https://www.google.com] @19-09-2021 01:55:36.0271 AM
[ReportManager] Browser Action [NavigateToURL] successfully performed. With the following test data [https://duckduckgo.com]. @19-09-2021 01:55:36.0734 AM
[ReportManager] Browser Action [CloseCurrentWindow] successfully performed. @19-09-2021 01:55:36.0827 AM
[ReportManager] Successfully created attachment [Browser Action Test Data - CloseCurrentWindow - Actual Value] @19-09-2021 01:55:36.0829 A
[ReportManager] File Action [GetAbsolutePath] successfully performed. With the following test data [Relative Folder Path: "target/downloadedFiles/"]. @19-09-2021 01:55:36.0831 AM
[ReportManager] Attempting to run remotely on: [Linux-64], [GoogleChrome], [http://localhost:4444/wd/hub], Headless Execution. @19-09-2021 01:55:36.0831 AM
[ReportManager] Successfully Opened [GoogleChrome]. @19-09-2021 01:55:37.0036 AM
[ReportManager] Target URL: [https://duckduckgo.com] @19-09-2021 01:55:37.0046 AM
[ReportManager] Initial URL: [data:,] @19-09-2021 01:55:37.0087 AM
[ReportManager] Browser Action [NavigateToURL] successfully performed. With the following test data [https://duckduckgo.com]. @19-09-2021 01:55:37.0571 A

################################################################################################################################################
Starting Execution:	[66 out of 143] test cases in the current suite
Test Method:		[unitTests.tests_browserActions.refreshCurrentPage]
################################################################################################################################################
[ReportManager] Browser Action [RefreshCurrentPage] successfully performed. @19-09-2021 01:55:37.0758 AM
[ReportManager] Successfully created attachment [Browser Action Test Data - RefreshCurrentPage - Actual Value] @19-09-2021 01:55:37.0758 A
[ReportManager] Target URL: [https://duckduckgo.com] @19-09-2021 01:55:37.0762 AM
[ReportManager] Initial URL: [https://duckduckgo.com] @19-09-2021 01:55:37.0818 AM
[ReportManager] Browser Action [NavigateToURL] successfully performed. With the following test data [https://duckduckgo.com]. @19-09-2021 01:55:38.0106 AM
[ReportManager] Browser Action [CloseCurrentWindow] successfully performed. @19-09-2021 01:55:38.0201 AM
[ReportManager] Successfully created attachment [Browser Action Test Data - CloseCurrentWindow - Actual Value] @19-09-2021 01:55:38.0202 A
[ReportManager] File Action [GetAbsolutePath] successfully performed. With the following test data [Relative Folder Path: "target/downloadedFiles/"]. @19-09-2021 01:55:38.0212 AM
[ReportManager] Attempting to run remotely on: [Linux-64], [GoogleChrome], [http://localhost:4444/wd/hub], Headless Execution. @19-09-2021 01:55:38.0212 AM
[ReportManager] Successfully Opened [GoogleChrome]. @19-09-2021 01:55:38.0411 AM
[ReportManager] Target URL: [https://duckduckgo.com] @19-09-2021 01:55:38.0427 AM
[ReportManager] Initial URL: [data:,] @19-09-2021 01:55:38.0481 AM
[ReportManager] Browser Action [NavigateToURL] successfully performed. With the following test data [https://duckduckgo.com]. @19-09-2021 01:55:38.0961 A

################################################################################################################################################
Starting Execution:	[67 out of 143] test cases in the current suite
Test Method:		[unitTests.tests_browserActions.setWindowSize]
################################################################################################################################################
[ReportManager] Initial window size: (800, 600) @19-09-2021 01:55:38.0969 AM
[ReportManager] Window size after SWD: (1280, 720) @19-09-2021 01:55:39.0184 AM
[ReportManager] Browser Action [SetWindowSize] successfully performed. With the following test data [New screen size is now: (1280, 720)]. @19-09-2021 01:55:39.0184 A
[ReportManager] Target URL: [https://duckduckgo.com] @19-09-2021 01:55:39.0186 AM
[ReportManager] Initial URL: [https://duckduckgo.com] @19-09-2021 01:55:39.0270 AM
[ReportManager] Browser Action [NavigateToURL] successfully performed. With the following test data [https://duckduckgo.com]. @19-09-2021 01:55:39.0584 AM
[ReportManager] Browser Action [CloseCurrentWindow] successfully performed. @19-09-2021 01:55:39.0688 AM
[ReportManager] Successfully created attachment [Browser Action Test Data - CloseCurrentWindow - Actual Value] @19-09-2021 01:55:39.0688 A
[ReportManager] Successfully loaded the following test data file [src/test/resources/TestDataFiles/testSuite01/TestData.xlsx]. @19-09-2021 01:55:40.0529 AM
[ReportManager] Successfully created attachment [Test Data - Excel] @19-09-2021 01:55:40.0530 A

################################################################################################################################################
Starting Execution:	[68 out of 143] test cases in the current suite
Test Method:		[unitTests.tests_io_excelFileManager.getCellData_rowName_expectedToPass]
################################################################################################################################################
[ReportManager] testRowData. @19-09-2021 01:55:40.0545 A
[ReportManager] Successfully loaded the following test data file [src/test/resources/TestDataFiles/testSuite01/TestData.xlsx]. @19-09-2021 01:55:40.0573 AM
[ReportManager] Successfully created attachment [Test Data - Excel] @19-09-2021 01:55:40.0574 AM
[ReportManager] File Action [GetAbsolutePath] successfully performed. With the following test data [Relative Folder Path: "target/downloadedFiles/"]. @19-09-2021 01:55:40.0574 AM
[ReportManager] Attempting to run remotely on: [Linux-64], [GoogleChrome], [http://localhost:4444/wd/hub], Headless Execution. @19-09-2021 01:55:40.0574 AM
[ReportManager] Successfully Opened [GoogleChrome]. @19-09-2021 01:55:40.0856 A

################################################################################################################################################
Starting Execution:	[69 out of 143] test cases in the current suite
Test Method:		[testPackage01.Test_google.navigateToURLandVerifyGoogleLogoIsDisplayed]
Test Description:	[TC001 - Navigate to URL and Verify Google Logo is Displayed]
################################################################################################################################################
[ReportManager] Target URL: [https://www.google.com/ncr], and after redirection: [https://www.google.com] @19-09-2021 01:55:40.0892 AM
[ReportManager] Initial URL: [data:,] @19-09-2021 01:55:40.0931 AM
[ReportManager] Browser Action [NavigateToURL] successfully performed. With the following test data [https://www.google.com/ncr]. @19-09-2021 01:55:41.0761 AM
[ReportManager] Loaded Shared OpenCV @19-09-2021 01:55:41.0976 AM
[ReportManager] Assertion [ValidateElementExists] PASSED. Expected [Element Should Exist, locator 'By.xpath: //*[@id='hplogo' or @alt='Google']'] and Actual [Element Exists]. Comparison Type [EQUALS]. Validation Type [POSITIVE]. @19-09-2021 01:55:42.0059 AM
[ReportManager] Successfully created attachment [Screenshot - 1632016541976_navigateToURLandVerifyGoogleLogoIsDisplayed_ValidateElementExists_passed] @19-09-2021 01:55:42.0092 A

################################################################################################################################################
Starting Execution:	[70 out of 143] test cases in the current suite
Test Method:		[testPackage01.Test_google.searchForQueryandAssertResultsNumDisplayed]
Test Description:	[TC002 - Search for Query and Assert that the number of results is displayed]
################################################################################################################################################
[ReportManager] Element Action [Type] successfully performed. With the following test data [SHAFT_Engine]. @19-09-2021 01:55:42.0482 AM
[ReportManager] Element Action [KeyPress] successfully performed. With the following test data [Enter]. @19-09-2021 01:55:44.0194 AM
[ReportManager] Element Action [GetText] successfully performed. With the following test data [About 968,000 results (0.84 seconds) ]. @19-09-2021 01:55:44.0285 AM
[ReportManager] Loaded Shared OpenCV @19-09-2021 01:55:44.0437 AM
[ReportManager] Assertion [ValidateElementAttribute] PASSED. Expected [Value Should not be '' for the 'Text' attribute, element locator 'By.id: appbar'] and Actual [About 968,000 results (0.84 seconds) ]. Comparison Type [EQUALS]. Validation Type [NEGATIVE]. @19-09-2021 01:55:44.0528 AM
[ReportManager] Successfully created attachment [Screenshot - 1632016544437_searchForQueryandAssertResultsNumDisplayed_ValidateElementAttribute_passed] @19-09-2021 01:55:44.0529 A

################################################################################################################################################
Starting Execution:	[71 out of 143] test cases in the current suite
Test Method:		[testPackage01.Test_google.clickNextThrice]
Test Description:	[TC003 - Clicks the next button to make sure that the framework can scroll element into view before clicking it]
################################################################################################################################################
[ReportManager] Element Action [Click] successfully performed. With the following test data [Next]. @19-09-2021 01:55:45.0922 A
[ReportManager] Browser Action [CloseCurrentWindow] successfully performed. @19-09-2021 01:55:46.0234 AM
[ReportManager] Successfully created attachment [Browser Action Test Data - CloseCurrentWindow - Actual Value] @19-09-2021 01:55:46.0242 A

################################################################################################################################################
Starting Execution:	[72 out of 143] test cases in the current suite
Test Method:		[testPackage01.Test_testData.f]
################################################################################################################################################
[ReportManager] Successfully loaded the following test data file [src/test/resources/TestDataFiles/testSuite01/TestData.xlsx]. @19-09-2021 01:55:46.0307 AM
[ReportManager] Successfully created attachment [Test Data - Excel] @19-09-2021 01:55:46.0307 AM
[ReportManager] Last Column Number is: [3]. Zero-based. @19-09-2021 01:55:46.0308 A

################################################################################################################################################
Starting Execution:	[73 out of 143] test cases in the current suite
Test Method:		[testPackage01.Test_JSONFileManager.readStringFromJson]
################################################################################################################################################
[ReportManager] Successfully loaded the following test data file [src/test/resources/TestDataFiles/simpleJSON.json]. @19-09-2021 01:55:46.0321 AM
[ReportManager] Successfully created attachment [Test Data - JSON] @19-09-2021 01:55:46.0322 AM
[ReportManager] Assertion [ValidateEquals] PASSED. Expected [Mohab Mohie] and Actual [Mohab Mohie]. Comparison Type [EQUALS]. Validation Type [POSITIVE]. @19-09-2021 01:55:46.0335 A
[ReportManager] File Action [GetAbsolutePath] successfully performed. With the following test data [Relative Folder Path: "target/downloadedFiles/"]. @19-09-2021 01:55:46.0339 AM
[ReportManager] Attempting to run remotely on: [Linux-64], [GoogleChrome], [http://localhost:4444/wd/hub], Headless Execution. @19-09-2021 01:55:46.0339 AM
[ReportManager] Successfully Opened [GoogleChrome]. @19-09-2021 01:55:46.0540 A

################################################################################################################################################
Starting Execution:	[74 out of 143] test cases in the current suite
Test Method:		[testPackage01.Test_dragAndDrop.dragAndDropJquery]
################################################################################################################################################
[ReportManager] Target URL: [https://jqueryui.com/resources/demos/droppable/default.html] @19-09-2021 01:55:46.0555 AM
[ReportManager] Initial URL: [data:,] @19-09-2021 01:55:46.0592 AM
[ReportManager] Browser Action [NavigateToURL] successfully performed. With the following test data [https://jqueryui.com/resources/demos/droppable/default.html]. @19-09-2021 01:55:47.0298 AM
[ReportManager] Element Action [GetText] successfully performed. With the following test data [Drop here]. @19-09-2021 01:55:47.0390 AM
[ReportManager] Element Action [DragAndDrop] successfully performed. With the following test data [Start point: (8, 18), End point: (8, 18)]. @19-09-2021 01:55:48.0722 AM
[ReportManager] Element Action [GetText] successfully performed. With the following test data [Dropped!]. @19-09-2021 01:55:48.0783 AM
[ReportManager] Assertion Passed: Checking to see if the text has changed after performing drag and drop @19-09-2021 01:55:48.0783 AM
[ReportManager] Assertion [ValidateEquals] PASSED. Expected [Drop here] and Actual [Dropped!]. Comparison Type [EQUALS]. Validation Type [NEGATIVE]. @19-09-2021 01:55:48.0783 A
[ReportManager] Browser Action [CloseCurrentWindow] successfully performed. @19-09-2021 01:55:48.0893 AM
[ReportManager] Successfully created attachment [Browser Action Test Data - CloseCurrentWindow - Actual Value] @19-09-2021 01:55:48.0893 A
[ReportManager] File Action [GetAbsolutePath] successfully performed. With the following test data [Relative Folder Path: "target/downloadedFiles/"]. @19-09-2021 01:55:48.0896 AM
[ReportManager] Attempting to run remotely on: [Linux-64], [GoogleChrome], [http://localhost:4444/wd/hub], Headless Execution. @19-09-2021 01:55:48.0897 AM
[ReportManager] Successfully Opened [GoogleChrome]. @19-09-2021 01:55:49.0115 A

################################################################################################################################################
Starting Execution:	[75 out of 143] test cases in the current suite
Test Method:		[testPackage01.Test_dragAndDrop.dragAndDrop]
Test Description:	[TC001 - Test Drag and Drop function.]
################################################################################################################################################
[ReportManager] Target URL: [http://the-internet.herokuapp.com/drag_and_drop] @19-09-2021 01:55:49.0130 AM
[ReportManager] Initial URL: [data:,] @19-09-2021 01:55:49.0167 AM
[ReportManager] Browser Action [NavigateToURL] successfully performed. With the following test data [http://the-internet.herokuapp.com/drag_and_drop]. @19-09-2021 01:55:50.0228 AM
[ReportManager] Attempting Drag and Drop @19-09-2021 01:55:50.0228 AM
[ReportManager] Element Action [DragAndDrop] successfully performed. With the following test data [Start point: (32, 89), End point: (247, 89)]. @19-09-2021 01:55:51.0405 A
[ReportManager] Browser Action [CloseCurrentWindow] successfully performed. @19-09-2021 01:55:51.0497 AM
[ReportManager] Successfully created attachment [Browser Action Test Data - CloseCurrentWindow - Actual Value] @19-09-2021 01:55:51.0498 A
[ReportManager] File Action [GetAbsolutePath] successfully performed. With the following test data [Relative Folder Path: "target/downloadedFiles/"]. @19-09-2021 01:55:51.0499 AM
[ReportManager] Attempting to run remotely on: [Linux-64], [GoogleChrome], [http://localhost:4444/wd/hub], Headless Execution. @19-09-2021 01:55:51.0500 AM
[ReportManager] Successfully Opened [GoogleChrome]. @19-09-2021 01:55:51.0695 A

################################################################################################################################################
Starting Execution:	[76 out of 143] test cases in the current suite
Test Method:		[testPackage01.Test_dragAndDrop.dragAndDropByOffset]
Test Description:	[TC002 - Test Drag and Drop by offset function.]
################################################################################################################################################
[ReportManager] Target URL: [https://jqueryui.com/resources/demos/draggable/default.html] @19-09-2021 01:55:51.0713 AM
[ReportManager] Initial URL: [data:,] @19-09-2021 01:55:51.0752 AM
[ReportManager] Browser Action [NavigateToURL] successfully performed. With the following test data [https://jqueryui.com/resources/demos/draggable/default.html]. @19-09-2021 01:55:52.0388 AM
[ReportManager] Element Action [DragAndDropByOffset] successfully performed. With the following test data [Start point: (8, 8), End point: (108, 58)]. @19-09-2021 01:55:52.0580 A
[ReportManager] Browser Action [CloseCurrentWindow] successfully performed. @19-09-2021 01:55:52.0680 AM
[ReportManager] Successfully created attachment [Browser Action Test Data - CloseCurrentWindow - Actual Value] @19-09-2021 01:55:52.0681 A
[ReportManager] File Action [GetAbsolutePath] successfully performed. With the following test data [Relative Folder Path: "target/downloadedFiles/"]. @19-09-2021 01:55:52.0682 AM
[ReportManager] Attempting to run remotely on: [Linux-64], [GoogleChrome], [http://localhost:4444/wd/hub], Headless Execution. @19-09-2021 01:55:52.0684 AM
[ReportManager] Successfully Opened [GoogleChrome]. @19-09-2021 01:55:52.0881 A

################################################################################################################################################
Starting Execution:	[77 out of 143] test cases in the current suite
Test Method:		[testPackage01.Test_verifyEquals.test_assertElementAttribute]
################################################################################################################################################
[ReportManager] Target URL: [https://www.google.com/ncr], and after redirection: [https://www.google.com] @19-09-2021 01:55:52.0895 AM
[ReportManager] Initial URL: [data:,] @19-09-2021 01:55:52.0946 AM
[ReportManager] Browser Action [NavigateToURL] successfully performed. With the following test data [https://www.google.com/ncr]. @19-09-2021 01:55:53.0775 AM
[ReportManager] Element Action [Type] successfully performed. With the following test data [INC_004010050:Another SCHEDULER with the same name [Duplicate Job Name] already exists.]. @19-09-2021 01:55:54.0468 AM
[ReportManager] Element Action [GetText] successfully performed. With the following test data [INC_004010050:Another SCHEDULER with the same name [Duplicate Job Name] already exists.]. @19-09-2021 01:55:54.0544 AM
[ReportManager] Loaded Shared OpenCV @19-09-2021 01:55:54.0680 AM
[ReportManager] Verification [ValidateElementAttribute] PASSED. Expected [Value Should be 'INC_004010050:Another SCHEDULER with the same name \[Duplicate Job Name\] already exists.' for the 'text' attribute, element locator 'By.name: q'] and Actual [INC_004010050:Another SCHEDULER with the same name [Duplicate Job Name] already exists.]. Comparison Type [MATCHES]. Validation Type [POSITIVE]. @19-09-2021 01:55:54.0754 AM
[ReportManager] Successfully created attachment [Screenshot - 1632016554680_test_assertElementAttribute_ValidateElementAttribute_passed] @19-09-2021 01:55:54.0755 A
[ReportManager] Browser Action [CloseCurrentWindow] successfully performed. @19-09-2021 01:55:54.0880 AM
[ReportManager] Successfully created attachment [Browser Action Test Data - CloseCurrentWindow - Actual Value] @19-09-2021 01:55:54.0888 A
[ReportManager] Successfully loaded the following test data file [src/test/resources/TestDataFiles/testSuite01/TestData.xlsx]. @19-09-2021 01:55:54.0938 AM
[ReportManager] Successfully created attachment [Test Data - Excel] @19-09-2021 01:55:54.0939 AM
[ReportManager] Attempting to run using Playwright locally on: [Linux-64], [GoogleChrome], Headless Execution. @19-09-2021 01:56:10.0659 AM
[ReportManager] File Action [GetAbsolutePath] successfully performed. With the following test data [Relative Folder Path: "target/downloadedFiles/"]. @19-09-2021 01:56:10.0660 AM
[ReportManager] Initial window size: (1280, 720) @19-09-2021 01:56:10.0990 AM
[ReportManager] Window size after Toolkit: com.microsoft.playwright.options.ViewportSize@1f8d048 @19-09-2021 01:56:10.0994 AM
[ReportManager] Browser Action [MaximizeWindow] successfully performed. With the following test data [New screen size is now: (1920, 1080)]. @19-09-2021 01:56:10.0995 A

################################################################################################################################################
Starting Execution:	[78 out of 143] test cases in the current suite
Test Method:		[testPackage01.Test_google_playwright.navigateToURLandVerifyGoogleLogoIsDisplayed]
Test Description:	[TC001 - Navigate to URL and Verify Google Logo is Displayed]
################################################################################################################################################
[ReportManager] Target URL: [https://www.google.com/ncr], and after redirection: [https://www.google.com] @19-09-2021 01:56:11.0004 AM
[ReportManager] Initial URL: [about:blank] @19-09-2021 01:56:11.0478 AM
[ReportManager] Browser Action [NavigateToURL] successfully performed. With the following test data [https://www.google.com/ncr]. @19-09-2021 01:56:12.0645 AM
[ReportManager] Loaded Shared OpenCV @19-09-2021 01:56:12.0901 AM
[ReportManager] Assertion [ValidateElementExists] PASSED. Expected [Element Should Exist, locator 'xpath=//*[@id='hplogo' or @alt='Google']'] and Actual [Element Exists]. Comparison Type [EQUALS]. Validation Type [POSITIVE]. @19-09-2021 01:56:13.0109 AM
[ReportManager] Successfully created attachment [Screenshot - 1632016572895_navigateToURLandVerifyGoogleLogoIsDisplayed_ValidateElementExists_passed] @19-09-2021 01:56:13.0111 A

################################################################################################################################################
Starting Execution:	[79 out of 143] test cases in the current suite
Test Method:		[testPackage01.Test_google_playwright.searchForQueryandAssertResultsNumDisplayed]
Test Description:	[TC002 - Search for Query and Assert that the number of results is displayed]
################################################################################################################################################
[ReportManager] Element Action [Type] successfully performed. With the following test data [SHAFT_Engine]. @19-09-2021 01:56:13.0377 AM
[ReportManager] Element Action [KeyPress] successfully performed. With the following test data [Enter]. @19-09-2021 01:56:13.0414 AM
[ReportManager] Element Action [GetText] successfully performed. With the following test data [About 968,000 results (0.70 seconds)]. @19-09-2021 01:56:14.0516 AM
[ReportManager] Loaded Shared OpenCV @19-09-2021 01:56:15.0912 AM
[ReportManager] Assertion [ValidateElementAttribute] PASSED. Expected [Value Should not be '' for the 'text' attribute, element locator 'xpath=//div[@id='appbar']'] and Actual [About 968,000 results (0.70 seconds)]. Comparison Type [EQUALS]. Validation Type [NEGATIVE]. @19-09-2021 01:56:16.0154 AM
[ReportManager] Successfully created attachment [Screenshot - 1632016575911_searchForQueryandAssertResultsNumDisplayed_ValidateElementAttribute_passed] @19-09-2021 01:56:16.0156 A

################################################################################################################################################
Starting Execution:	[80 out of 143] test cases in the current suite
Test Method:		[testPackage01.Test_google_playwright.clickNextThrice]
Test Description:	[TC003 - Clicks the next button to make sure that the framework can scroll element into view before clicking it]
################################################################################################################################################
[ReportManager] Element Action [Click] successfully performed. With the following test data [Next]. @19-09-2021 01:56:16.0399 A
[ReportManager] Failed to find video recording. @19-09-2021 01:56:16.0401 AM
[ReportManager] Successfully Closed PlayWright Driver. @19-09-2021 01:56:16.0450 A

################################################################################################################################################
Starting Execution:	[81 out of 143] test cases in the current suite
Test Method:		[testPackage01.Test_JsonActions.f]
###############################################################################################################################################

################################################################################################################################################
Starting Execution:	[82 out of 143] test cases in the current suite
Test Method:		[testPackage01.Test_JsonActions.f2]
###############################################################################################################################################

################################################################################################################################################
Starting Execution:	[83 out of 143] test cases in the current suite
Test Method:		[testPackage01.Test_AssertApiResponseEquals.assertApiResponseEquals_expectedToPass]
################################################################################################################################################
[ReportManager] Response status code: [200], status line: [HTTP/1.1 200 OK] @19-09-2021 01:56:16.0565 AM
[ReportManager] Assertion Passed: Evaluating the actual response status code against the expected one... @19-09-2021 01:56:16.0565 AM
[ReportManager] Assertion [ValidateEquals] PASSED. Expected [200] and Actual [200]. Comparison Type [EQUALS]. Validation Type [POSITIVE]. @19-09-2021 01:56:16.0569 AM
[ReportManager] API Action [PerformRequest] successfully performed. With the following test data [Request Type: "GET" | Target Status Code: "200" | Service URL: "https://jsonplaceholder.typicode.com/users" | Content Type: "*/*" | Response Time: "89ms"]. @19-09-2021 01:56:16.0588 AM
[ReportManager] Successfully created attachment [API Request - Specifications] @19-09-2021 01:56:16.0589 AM
[ReportManager] Successfully created attachment [API Response - JSON Body] @19-09-2021 01:56:16.0589 AM
[ReportManager] API Action [GetResponseJSONValueAsList] successfully performed. With the following test data [$]. @19-09-2021 01:56:16.0593 AM
[ReportManager] API Action [GetResponseJSONValue] successfully performed. With the following test data [name]. @19-09-2021 01:56:16.0603 AM
[ReportManager] API Action [GetResponseJSONValue] successfully performed. With the following test data [email]. @19-09-2021 01:56:16.0610 AM
[ReportManager] Verification [ValidateEquals] PASSED. Expected [Sincere@april.biz] and Actual [Sincere@april.biz]. Comparison Type [EQUALS]. Validation Type [POSITIVE]. @19-09-2021 01:56:16.0611 AM
[ReportManager] API Action [GetResponseJSONValue] successfully performed. With the following test data [username]. @19-09-2021 01:56:16.0619 AM
[ReportManager] Assertion [ValidateEquals] PASSED. Expected [Bret] and Actual [Bret]. Comparison Type [EQUALS]. Validation Type [POSITIVE]. @19-09-2021 01:56:16.0619 AM
[ReportManager] API Action [GetResponseJSONValue] successfully performed. With the following test data [name]. @19-09-2021 01:56:16.0627 AM
[ReportManager] API Action [GetResponseJSONValue] successfully performed. With the following test data [name]. @19-09-2021 01:56:16.0638 AM
[ReportManager] API Action [GetResponseJSONValue] successfully performed. With the following test data [name]. @19-09-2021 01:56:16.0646 AM
[ReportManager] API Action [GetResponseJSONValue] successfully performed. With the following test data [name]. @19-09-2021 01:56:16.0656 AM
[ReportManager] API Action [GetResponseJSONValue] successfully performed. With the following test data [name]. @19-09-2021 01:56:16.0665 AM
[ReportManager] API Action [GetResponseJSONValue] successfully performed. With the following test data [name]. @19-09-2021 01:56:16.0676 AM
[ReportManager] API Action [GetResponseJSONValue] successfully performed. With the following test data [name]. @19-09-2021 01:56:16.0684 AM
[ReportManager] API Action [GetResponseJSONValue] successfully performed. With the following test data [name]. @19-09-2021 01:56:16.0699 AM
[ReportManager] API Action [GetResponseJSONValue] successfully performed. With the following test data [name]. @19-09-2021 01:56:16.0740 A
[ReportManager] File Action [GetAbsolutePath] successfully performed. With the following test data [Relative Folder Path: "target/downloadedFiles/"]. @19-09-2021 01:56:16.0752 AM
[ReportManager] Attempting to run remotely on: [Linux-64], [GoogleChrome], [http://localhost:4444/wd/hub], Headless Execution. @19-09-2021 01:56:16.0753 AM
[ReportManager] Successfully Opened [GoogleChrome]. @19-09-2021 01:56:16.0961 A

################################################################################################################################################
Starting Execution:	[84 out of 143] test cases in the current suite
Test Method:		[testPackage01.Test_ShadowDOM.shadowdom]
################################################################################################################################################
[ReportManager] Target URL: [https://mdn.github.io/web-components-examples/popup-info-box-web-component/] @19-09-2021 01:56:16.0980 AM
[ReportManager] Initial URL: [data:,] @19-09-2021 01:56:17.0022 AM
[ReportManager] Browser Action [NavigateToURL] successfully performed. With the following test data [https://mdn.github.io/web-components-examples/popup-info-box-web-component/]. @19-09-2021 01:56:17.0711 AM
[ReportManager] Element Action [Type] successfully performed. With the following test data [Typing into SHADOW DOM...]. @19-09-2021 01:56:17.0967 AM
[ReportManager] Element Action [GetText] successfully performed. With the following test data [Typing into SHADOW DOM...]. @19-09-2021 01:56:18.0054 AM
[ReportManager] Loaded Shared OpenCV @19-09-2021 01:56:18.0169 AM
[ReportManager] Assertion [ValidateElementAttribute] PASSED. Expected [Value Should be 'Typing into SHADOW DOM...' for the 'Text' attribute, element locator 'By.id: cvc'] and Actual [Typing into SHADOW DOM...]. Comparison Type [EQUALS]. Validation Type [POSITIVE]. @19-09-2021 01:56:18.0247 AM
[ReportManager] Successfully created attachment [Screenshot - 1632016578169_shadowdom_ValidateElementAttribute_passed] @19-09-2021 01:56:18.0248 A
[ReportManager] Browser Action [CloseCurrentWindow] successfully performed. @19-09-2021 01:56:18.0333 AM
[ReportManager] Successfully created attachment [Browser Action Test Data - CloseCurrentWindow - Actual Value] @19-09-2021 01:56:18.0333 A

################################################################################################################################################
Starting Execution:	[85 out of 143] test cases in the current suite
Test Method:		[testPackage01.Test_SelectedValue.multipleSelect]
################################################################################################################################################
[ReportManager] File Action [GetAbsolutePath] successfully performed. With the following test data [Relative Folder Path: "target/downloadedFiles/"]. @19-09-2021 01:56:18.0339 AM
[ReportManager] Attempting to run remotely on: [Linux-64], [GoogleChrome], [http://localhost:4444/wd/hub], Headless Execution. @19-09-2021 01:56:18.0339 AM
[ReportManager] Successfully Opened [GoogleChrome]. @19-09-2021 01:56:18.0537 AM
[ReportManager] Target URL: [https://yari-demos.prod.mdn.mozit.cloud/en-US/docs/Web/HTML/Element/select/_sample_.Advanced_select_with_multiple_features.html] @19-09-2021 01:56:18.0548 AM
[ReportManager] Initial URL: [data:,] @19-09-2021 01:56:18.0587 AM
[ReportManager] Browser Action [NavigateToURL] successfully performed. With the following test data [https://yari-demos.prod.mdn.mozit.cloud/en-US/docs/Web/HTML/Element/select/_sample_.Advanced_select_with_multiple_features.html]. @19-09-2021 01:56:18.0876 AM
[ReportManager] Element Action [Select] successfully performed. With the following test data [Dog]. @19-09-2021 01:56:19.0086 AM
[ReportManager] Element Action [Select] successfully performed. With the following test data [Cat]. @19-09-2021 01:56:19.0318 AM
[ReportManager] Element Action [GetSelectedText] successfully performed. With the following test data [DogCat]. @19-09-2021 01:56:19.0442 AM
[ReportManager] DogCat @19-09-2021 01:56:19.0443 AM
[ReportManager] Element Action [GetSelectedText] successfully performed. With the following test data [DogCat]. @19-09-2021 01:56:19.0585 AM
[ReportManager] Loaded Shared OpenCV @19-09-2021 01:56:19.0703 AM
[ReportManager] Assertion [ValidateElementAttribute] PASSED. Expected [Value Should be 'DogCat' for the 'selectedText' attribute, element locator 'By.tagName: select'] and Actual [DogCat]. Comparison Type [EQUALS]. Validation Type [POSITIVE]. @19-09-2021 01:56:19.0770 AM
[ReportManager] Successfully created attachment [Screenshot - 1632016579703_multipleSelect_ValidateElementAttribute_passed] @19-09-2021 01:56:19.0771 AM
[ReportManager] Browser Action [CloseCurrentWindow] successfully performed. @19-09-2021 01:56:19.0861 AM
[ReportManager] Successfully created attachment [Browser Action Test Data - CloseCurrentWindow - Actual Value] @19-09-2021 01:56:19.0861 A

################################################################################################################################################
Starting Execution:	[86 out of 143] test cases in the current suite
Test Method:		[testPackage01.Test_SelectedValue.simpleSelect]
################################################################################################################################################
[ReportManager] File Action [GetAbsolutePath] successfully performed. With the following test data [Relative Folder Path: "target/downloadedFiles/"]. @19-09-2021 01:56:19.0870 AM
[ReportManager] Attempting to run remotely on: [Linux-64], [GoogleChrome], [http://localhost:4444/wd/hub], Headless Execution. @19-09-2021 01:56:19.0870 AM
[ReportManager] Successfully Opened [GoogleChrome]. @19-09-2021 01:56:20.0075 AM
[ReportManager] Target URL: [https://yari-demos.prod.mdn.mozit.cloud/en-US/docs/Web/HTML/Element/select/_sample_.Basic_select.html] @19-09-2021 01:56:20.0098 AM
[ReportManager] Initial URL: [data:,] @19-09-2021 01:56:20.0136 AM
[ReportManager] Browser Action [NavigateToURL] successfully performed. With the following test data [https://yari-demos.prod.mdn.mozit.cloud/en-US/docs/Web/HTML/Element/select/_sample_.Basic_select.html]. @19-09-2021 01:56:20.0341 AM
[ReportManager] Element Action [Select] successfully performed. With the following test data [Third Value]. @19-09-2021 01:56:20.0626 AM
[ReportManager] Element Action [GetSelectedText] successfully performed. With the following test data [Third Value]. @19-09-2021 01:56:20.0731 AM
[ReportManager] Third Value @19-09-2021 01:56:20.0731 AM
[ReportManager] Element Action [GetSelectedText] successfully performed. With the following test data [Third Value]. @19-09-2021 01:56:20.0825 AM
[ReportManager] Loaded Shared OpenCV @19-09-2021 01:56:20.0931 AM
[ReportManager] Assertion [ValidateElementAttribute] PASSED. Expected [Value Should be 'Third Value' for the 'selectedText' attribute, element locator 'By.tagName: select'] and Actual [Third Value]. Comparison Type [EQUALS]. Validation Type [POSITIVE]. @19-09-2021 01:56:20.0993 AM
[ReportManager] Successfully created attachment [Screenshot - 1632016580931_simpleSelect_ValidateElementAttribute_passed] @19-09-2021 01:56:20.0993 AM
[ReportManager] Browser Action [CloseCurrentWindow] successfully performed. @19-09-2021 01:56:21.0077 AM
[ReportManager] Successfully created attachment [Browser Action Test Data - CloseCurrentWindow - Actual Value] @19-09-2021 01:56:21.0077 A
[ReportManager] File Action [GetAbsolutePath] successfully performed. With the following test data [Relative Folder Path: "target/downloadedFiles/"]. @19-09-2021 01:56:21.0080 AM
[ReportManager] Attempting to run remotely on: [Linux-64], [GoogleChrome], [http://localhost:4444/wd/hub], Headless Execution. @19-09-2021 01:56:21.0080 AM
[ReportManager] Successfully Opened [GoogleChrome]. @19-09-2021 01:56:21.0276 A

################################################################################################################################################
Starting Execution:	[87 out of 143] test cases in the current suite
Test Method:		[testPackage01.Test_IsElementClickable.testIsElementClickable]
################################################################################################################################################
[ReportManager] Target URL: [https://the-internet.herokuapp.com/] @19-09-2021 01:56:21.0292 AM
[ReportManager] Initial URL: [data:,] @19-09-2021 01:56:21.0334 AM
[ReportManager] Browser Action [NavigateToURL] successfully performed. With the following test data [https://the-internet.herokuapp.com/]. @19-09-2021 01:56:22.0521 AM
[ReportManager] Element Action [IsElementClickable] successfully performed. @19-09-2021 01:56:22.0656 AM
[ReportManager] Assertion [ValidateTrue] PASSED. Expected [TRUE] and Actual [TRUE]. Validation Type [POSITIVE]. @19-09-2021 01:56:22.0656 A
[ReportManager] Browser Action [CloseCurrentWindow] successfully performed. @19-09-2021 01:56:22.0753 AM
[ReportManager] Successfully created attachment [Browser Action Test Data - CloseCurrentWindow - Actual Value] @19-09-2021 01:56:22.0753 A
[ReportManager] File Action [GetAbsolutePath] successfully performed. With the following test data [Relative Folder Path: "target/downloadedFiles/"]. @19-09-2021 01:56:22.0755 AM
[ReportManager] Attempting to run remotely on: [Linux-64], [GoogleChrome], [http://localhost:4444/wd/hub], Headless Execution. @19-09-2021 01:56:22.0755 AM
[ReportManager] Successfully Opened [GoogleChrome]. @19-09-2021 01:56:22.0936 A

################################################################################################################################################
Starting Execution:	[88 out of 143] test cases in the current suite
Test Method:		[testPackage01.Test_clipboardActions.typeTextAndCopyPaste]
################################################################################################################################################
[ReportManager] Target URL: [https://www.google.com/ncr], and after redirection: [https://www.google.com] @19-09-2021 01:56:22.0953 AM
[ReportManager] Initial URL: [data:,] @19-09-2021 01:56:22.0994 AM
[ReportManager] Browser Action [NavigateToURL] successfully performed. With the following test data [https://www.google.com/ncr]. @19-09-2021 01:56:23.0887 AM
[ReportManager] Element Action [Type] successfully performed. With the following test data [FIRST]. @19-09-2021 01:56:24.0225 AM
[ReportManager] Element Action [ClipboardActions] successfully performed. With the following test data [select all]. @19-09-2021 01:56:24.0276 AM
[ReportManager] Element Action [ClipboardActions] successfully performed. With the following test data [copy]. @19-09-2021 01:56:24.0324 AM
[ReportManager] Element Action [ClipboardActions] successfully performed. With the following test data [unselect]. @19-09-2021 01:56:24.0407 AM
[ReportManager] Element Action [ClipboardActions] successfully performed. With the following test data [paste]. @19-09-2021 01:56:24.0454 AM
[ReportManager] Element Action [ClipboardActions] successfully performed. With the following test data [select all]. @19-09-2021 01:56:24.0502 AM
[ReportManager] Element Action [Type] successfully performed. @19-09-2021 01:56:24.0694 AM
[ReportManager] Element Action [ClipboardActions] successfully performed. With the following test data [cut]. @19-09-2021 01:56:24.0694 AM
[ReportManager] Element Action [ClipboardActions] successfully performed. With the following test data [paste]. @19-09-2021 01:56:24.0810 AM
[ReportManager] Element Action [ClipboardActions] successfully performed. With the following test data [paste]. @19-09-2021 01:56:24.0898 A
[ReportManager] Browser Action [CloseCurrentWindow] successfully performed. @19-09-2021 01:56:25.0066 AM
[ReportManager] Successfully created attachment [Browser Action Test Data - CloseCurrentWindow - Actual Value] @19-09-2021 01:56:25.0066 A
[ReportManager] File Action [GetAbsolutePath] successfully performed. With the following test data [Relative Folder Path: "target/downloadedFiles/"]. @19-09-2021 01:56:25.0068 AM
[ReportManager] Attempting to run remotely on: [Linux-64], [GoogleChrome], [http://localhost:4444/wd/hub], Headless Execution. @19-09-2021 01:56:25.0068 AM
[ReportManager] Successfully Opened [GoogleChrome]. @19-09-2021 01:56:25.0273 A

################################################################################################################################################
Starting Execution:	[89 out of 143] test cases in the current suite
Test Method:		[testPackage01.Test_dynamicLoading.dynamicLoading_elementIsHidden]
################################################################################################################################################
[ReportManager] Target URL: [https://the-internet.herokuapp.com/dynamic_loading/1] @19-09-2021 01:56:25.0289 AM
[ReportManager] Initial URL: [data:,] @19-09-2021 01:56:25.0337 AM
[ReportManager] Browser Action [NavigateToURL] successfully performed. With the following test data [https://the-internet.herokuapp.com/dynamic_loading/1]. @19-09-2021 01:56:26.0536 AM
[ReportManager] Element Action [Click] successfully performed. With the following test data [Start]. @19-09-2021 01:56:26.0813 AM
[ReportManager] Element Action [GetText] successfully performed. With the following test data [
    Hello World!
  ]. @19-09-2021 01:56:26.0908 AM
[ReportManager] Loaded Shared OpenCV @19-09-2021 01:56:27.0040 AM
[ReportManager] Assertion [ValidateElementAttribute] PASSED. Expected [Value Should be 'Hello World!' for the 'text' attribute, element locator 'By.id: finish'] and Actual [
    Hello World!
  ]. Comparison Type [CONTAINS]. Validation Type [POSITIVE]. @19-09-2021 01:56:27.0114 AM
[ReportManager] Successfully created attachment [Screenshot - 1632016587040_dynamicLoading_elementIsHidden_ValidateElementAttribute_passed] @19-09-2021 01:56:27.0115 A
[ReportManager] Browser Action [CloseCurrentWindow] successfully performed. @19-09-2021 01:56:27.0204 AM
[ReportManager] Successfully created attachment [Browser Action Test Data - CloseCurrentWindow - Actual Value] @19-09-2021 01:56:27.0205 A
[ReportManager] File Action [GetAbsolutePath] successfully performed. With the following test data [Relative Folder Path: "target/downloadedFiles/"]. @19-09-2021 01:56:27.0217 AM
[ReportManager] Attempting to run remotely on: [Linux-64], [GoogleChrome], [http://localhost:4444/wd/hub], Headless Execution. @19-09-2021 01:56:27.0218 AM
[ReportManager] Successfully Opened [GoogleChrome]. @19-09-2021 01:56:27.0408 A

################################################################################################################################################
Starting Execution:	[90 out of 143] test cases in the current suite
Test Method:		[testPackage01.Test_dynamicLoading.dynamicLoading_elementIsRendered]
################################################################################################################################################
[ReportManager] Target URL: [https://the-internet.herokuapp.com/dynamic_loading/2] @19-09-2021 01:56:27.0420 AM
[ReportManager] Initial URL: [data:,] @19-09-2021 01:56:27.0459 AM
[ReportManager] Browser Action [NavigateToURL] successfully performed. With the following test data [https://the-internet.herokuapp.com/dynamic_loading/2]. @19-09-2021 01:56:28.0666 AM
[ReportManager] Element Action [Click] successfully performed. With the following test data [Start]. @19-09-2021 01:56:28.0945 AM
[ReportManager] Element Action [GetText] successfully performed. With the following test data [Hello World!]. @19-09-2021 01:56:34.0091 AM
[ReportManager] Loaded Shared OpenCV @19-09-2021 01:56:34.0227 AM
[ReportManager] Assertion [ValidateElementAttribute] PASSED. Expected [Value Should be 'Hello World!' for the 'text' attribute, element locator 'By.id: finish'] and Actual [Hello World!]. Comparison Type [CONTAINS]. Validation Type [POSITIVE]. @19-09-2021 01:56:34.0300 AM
[ReportManager] Successfully created attachment [Screenshot - 1632016594227_dynamicLoading_elementIsRendered_ValidateElementAttribute_passed] @19-09-2021 01:56:34.0300 A
[ReportManager] Browser Action [CloseCurrentWindow] successfully performed. @19-09-2021 01:56:34.0393 AM
[ReportManager] Successfully created attachment [Browser Action Test Data - CloseCurrentWindow - Actual Value] @19-09-2021 01:56:34.0393 A

################################################################################################################################################
Starting Execution:	[91 out of 143] test cases in the current suite
Test Method:		[testPackage01.Test_JsonCompareWithSpecialCharacters.specialCharacters]
################################################################################################################################################
[ReportManager] File Action [GetAbsolutePath] successfully performed. With the following test data [Relative Folder Path: "src/test/resources/TestJsonFiles/specialCharacters.json"]. @19-09-2021 01:56:34.0399 AM
[ReportManager] File Action [ReadFromFile] successfully performed. With the following test data [File Path: "/home/runner/work/SHAFT_ENGINE/SHAFT_ENGINE/src/test/resources/TestJsonFiles/specialCharacters.json"]. @19-09-2021 01:56:34.0406 AM
[ReportManager] Successfully created attachment [File Action Actual Result - Command Log] @19-09-2021 01:56:34.0406 AM
[ReportManager] Comparing the provided API response with the file at this path "src/test/resources/TestJsonFiles/specialCharacters.json", comparison type "EQUALS" @19-09-2021 01:56:34.0407 AM
[ReportManager] API Action [CompareJSON] successfully performed. With the following test data [src/test/resources/TestJsonFiles/specialCharacters.json]. @19-09-2021 01:56:34.0421 AM
[ReportManager] File Action [GetAbsolutePath] successfully performed. With the following test data [Relative Folder Path: "src/test/resources/TestJsonFiles/specialCharacters.json"]. @19-09-2021 01:56:34.0421 AM
[ReportManager] File Action [ReadFromFile] successfully performed. With the following test data [File Path: "/home/runner/work/SHAFT_ENGINE/SHAFT_ENGINE/src/test/resources/TestJsonFiles/specialCharacters.json"]. @19-09-2021 01:56:34.0421 AM
[ReportManager] Verification [ValidateJSONFileContent] PASSED. Expected [Response data should match the JSON File in this path 'src/test/resources/TestJsonFiles/specialCharacters.json'] and Actual [TRUE]. Comparison Type [EQUALS]. Validation Type [POSITIVE]. @19-09-2021 01:56:34.0429 AM
[ReportManager] Successfully created attachment [Validation Test Data - Expected JSON Value] @19-09-2021 01:56:34.0429 AM
[ReportManager] Successfully created attachment [Validation Test Data - Actual JSON Value] @19-09-2021 01:56:34.0430 A

################################################################################################################################################
Starting Execution:	[92 out of 143] test cases in the current suite
Test Method:		[testPackage01.Test_JsonCompareWithSpecialCharacters.specialCharacters_assertion]
################################################################################################################################################
[ReportManager] File Action [GetAbsolutePath] successfully performed. With the following test data [Relative Folder Path: "src/test/resources/TestJsonFiles/specialCharacters.json"]. @19-09-2021 01:56:34.0433 AM
[ReportManager] File Action [ReadFromFile] successfully performed. With the following test data [File Path: "/home/runner/work/SHAFT_ENGINE/SHAFT_ENGINE/src/test/resources/TestJsonFiles/specialCharacters.json"]. @19-09-2021 01:56:34.0433 AM
[ReportManager] Successfully created attachment [File Action Actual Result - Command Log] @19-09-2021 01:56:34.0434 AM
[ReportManager] Comparing the provided API response with the file at this path "src/test/resources/TestJsonFiles/specialCharacters.json", comparison type "CONTAINS" @19-09-2021 01:56:34.0434 AM
[ReportManager] API Action [CompareJSON] successfully performed. With the following test data [src/test/resources/TestJsonFiles/specialCharacters.json]. @19-09-2021 01:56:34.0452 AM
[ReportManager] File Action [GetAbsolutePath] successfully performed. With the following test data [Relative Folder Path: "src/test/resources/TestJsonFiles/specialCharacters.json"]. @19-09-2021 01:56:34.0452 AM
[ReportManager] File Action [ReadFromFile] successfully performed. With the following test data [File Path: "/home/runner/work/SHAFT_ENGINE/SHAFT_ENGINE/src/test/resources/TestJsonFiles/specialCharacters.json"]. @19-09-2021 01:56:34.0452 AM
[ReportManager] Assertion Passed: trying out the log message @19-09-2021 01:56:34.0456 AM
[ReportManager] Successfully created attachment [Validation Test Data - Expected JSON Value] @19-09-2021 01:56:34.0456 AM
[ReportManager] Successfully created attachment [Validation Test Data - Actual JSON Value] @19-09-2021 01:56:34.0457 AM
[ReportManager] Assertion [ValidateJSONFileContent] PASSED. Expected [Response data should match the JSON File in this path 'src/test/resources/TestJsonFiles/specialCharacters.json'] and Actual [TRUE]. Comparison Type [CONTAINS]. Validation Type [POSITIVE]. @19-09-2021 01:56:34.0457 A
[ReportManager] File Action [GetAbsolutePath] successfully performed. With the following test data [Relative Folder Path: "target/downloadedFiles/"]. @19-09-2021 01:56:34.0460 AM
[ReportManager] Attempting to run remotely on: [Linux-64], [GoogleChrome], [http://localhost:4444/wd/hub], Headless Execution. @19-09-2021 01:56:34.0460 AM
[ReportManager] Successfully Opened [GoogleChrome]. @19-09-2021 01:56:34.0649 A

################################################################################################################################################
Starting Execution:	[93 out of 143] test cases in the current suite
Test Method:		[testPackage01.Test_uploadFile.uploadFile_invisibleUploadInput]
################################################################################################################################################
[ReportManager] Target URL: [https://fineuploader.com/demos.html#gallery-view] @19-09-2021 01:56:34.0665 AM
[ReportManager] Initial URL: [data:,] @19-09-2021 01:56:34.0700 AM
[ReportManager] Browser Action [NavigateToURL] successfully performed. With the following test data [https://fineuploader.com/demos.html#gallery-view]. @19-09-2021 01:56:36.0679 AM
[ReportManager] File Action [GetAbsolutePath] successfully performed. With the following test data [Relative File Path: "src/main/resources/images/shaft.png"]. @19-09-2021 01:56:36.0679 AM
[ReportManager] Successfully created attachment [File Action Actual Result - Command Log] @19-09-2021 01:56:36.0679 AM
[ReportManager] Element Action [TypeFileLocationForUpload] successfully performed. With the following test data [/home/runner/work/SHAFT_ENGINE/SHAFT_ENGINE/src/main/resources/images/shaft.png]. @19-09-2021 01:56:36.0868 AM
[ReportManager] Attempting to getAttribute [src] from elementLocator [By.xpath: //div[@id='fine-uploader-gallery']//div[@class='qq-thumbnail-wrapper']/img]. @19-09-2021 01:56:36.0869 AM
[ReportManager] Element Action [GetAttribute] successfully performed. @19-09-2021 01:56:36.0976 AM
[ReportManager] Successfully created attachment [Element Action Test Data - GetAttribute - Actual Value] @19-09-2021 01:56:36.0976 AM
[ReportManager] Loaded Shared OpenCV @19-09-2021 01:56:37.0119 AM
[ReportManager] Assertion [ValidateElementAttribute] PASSED. Expected and Actual values are attached. Comparison Type [CONTAINS]. Validation Type [POSITIVE]. @19-09-2021 01:56:37.0217 AM
[ReportManager] Successfully created attachment [Validation Test Data - Expected Value] @19-09-2021 01:56:37.0217 AM
[ReportManager] Successfully created attachment [Validation Test Data - Actual Value] @19-09-2021 01:56:37.0217 AM
[ReportManager] Successfully created attachment [Screenshot - 1632016597119_uploadFile_invisibleUploadInput_ValidateElementAttribute_passed] @19-09-2021 01:56:37.0218 A
[ReportManager] Browser Action [CloseCurrentWindow] successfully performed. @19-09-2021 01:56:37.0346 AM
[ReportManager] Successfully created attachment [Browser Action Test Data - CloseCurrentWindow - Actual Value] @19-09-2021 01:56:37.0346 A
[ReportManager] File Action [GetAbsolutePath] successfully performed. With the following test data [Relative Folder Path: "target/downloadedFiles/"]. @19-09-2021 01:56:37.0349 AM
[ReportManager] Attempting to run remotely on: [Linux-64], [GoogleChrome], [http://localhost:4444/wd/hub], Headless Execution. @19-09-2021 01:56:37.0349 AM
[ReportManager] Successfully Opened [GoogleChrome]. @19-09-2021 01:56:37.0558 A

################################################################################################################################################
Starting Execution:	[94 out of 143] test cases in the current suite
Test Method:		[testPackage01.Test_uploadFile.uploadFile_visibleUploadInput]
################################################################################################################################################
[ReportManager] Target URL: [http://demo.guru99.com/test/upload/] @19-09-2021 01:56:37.0571 AM
[ReportManager] Initial URL: [data:,] @19-09-2021 01:56:37.0611 AM
[ReportManager] Browser Action [NavigateToURL] successfully performed. With the following test data [http://demo.guru99.com/test/upload/]. @19-09-2021 01:56:38.0755 AM
[ReportManager] File Action [GetAbsolutePath] successfully performed. With the following test data [Relative File Path: "src/main/resources/images/shaft.png"]. @19-09-2021 01:56:38.0755 AM
[ReportManager] Successfully created attachment [File Action Actual Result - Command Log] @19-09-2021 01:56:38.0755 AM
[ReportManager] Element Action [TypeFileLocationForUpload] successfully performed. With the following test data [/home/runner/work/SHAFT_ENGINE/SHAFT_ENGINE/src/main/resources/images/shaft.png]. @19-09-2021 01:56:38.0913 AM
[ReportManager] Element Action [Click] successfully performed. With the following test data [on]. @19-09-2021 01:56:39.0246 AM
[ReportManager] Element Action [Click] successfully performed. With the following test data [Submit File]. @19-09-2021 01:56:39.0533 AM
[ReportManager] Element Action [GetText] successfully performed. With the following test data [1 file
has been successfully uploaded.]. @19-09-2021 01:56:40.0165 AM
[ReportManager] Loaded Shared OpenCV @19-09-2021 01:56:40.0313 AM
[ReportManager] Assertion [ValidateElementAttribute] PASSED. Expected [Value Should be '1 file' for the 'Text' attribute, element locator 'By.id: res'] and Actual [1 file
has been successfully uploaded.]. Comparison Type [CONTAINS]. Validation Type [POSITIVE]. @19-09-2021 01:56:40.0393 AM
[ReportManager] Successfully created attachment [Screenshot - 1632016600313_uploadFile_visibleUploadInput_ValidateElementAttribute_passed] @19-09-2021 01:56:40.0394 A
[ReportManager] Browser Action [CloseCurrentWindow] successfully performed. @19-09-2021 01:56:40.0501 AM
[ReportManager] Successfully created attachment [Browser Action Test Data - CloseCurrentWindow - Actual Value] @19-09-2021 01:56:40.0501 A
[ReportManager] File Action [GetAbsolutePath] successfully performed. With the following test data [Relative Folder Path: "target/downloadedFiles/"]. @19-09-2021 01:56:40.0503 AM
[ReportManager] Attempting to run remotely on: [Linux-64], [GoogleChrome], [http://localhost:4444/wd/hub], Headless Execution. @19-09-2021 01:56:40.0503 AM
[ReportManager] Successfully Opened [GoogleChrome]. @19-09-2021 01:56:40.0755 A

################################################################################################################################################
Starting Execution:	[95 out of 143] test cases in the current suite
Test Method:		[testPackage01.Test_assertEquals.test_assertElementAttribute]
################################################################################################################################################
[ReportManager] Target URL: [https://www.google.com/ncr], and after redirection: [https://www.google.com] @19-09-2021 01:56:40.0774 AM
[ReportManager] Initial URL: [data:,] @19-09-2021 01:56:40.0813 AM
[ReportManager] Browser Action [NavigateToURL] successfully performed. With the following test data [https://www.google.com/ncr]. @19-09-2021 01:56:41.0616 AM
[ReportManager] Element Action [Type] successfully performed. With the following test data [INC_004010050:Another SCHEDULER with the same name [Duplicate Job Name] already exists.]. @19-09-2021 01:56:42.0298 AM
[ReportManager] Element Action [GetText] successfully performed. With the following test data [INC_004010050:Another SCHEDULER with the same name [Duplicate Job Name] already exists.]. @19-09-2021 01:56:42.0384 AM
[ReportManager] Loaded Shared OpenCV @19-09-2021 01:56:42.0512 AM
[ReportManager] Assertion [ValidateElementAttribute] PASSED. Expected [Value Should be 'INC_004010050:Another SCHEDULER with the same name \[Duplicate Job Name\] already exists.' for the 'text' attribute, element locator 'By.name: q'] and Actual [INC_004010050:Another SCHEDULER with the same name [Duplicate Job Name] already exists.]. Comparison Type [MATCHES]. Validation Type [POSITIVE]. @19-09-2021 01:56:42.0588 AM
[ReportManager] Successfully created attachment [Screenshot - 1632016602512_test_assertElementAttribute_ValidateElementAttribute_passed] @19-09-2021 01:56:42.0588 A
[ReportManager] Browser Action [CloseCurrentWindow] successfully performed. @19-09-2021 01:56:42.0703 AM
[ReportManager] Successfully created attachment [Browser Action Test Data - CloseCurrentWindow - Actual Value] @19-09-2021 01:56:42.0704 A

################################################################################################################################################
Starting Execution:	[96 out of 143] test cases in the current suite
Test Method:		[testPackage01.Test_NewValidationHelper.f1]
################################################################################################################################################
[ReportManager] Assertion Passed: Checking valid user data @19-09-2021 01:56:42.0706 AM
[ReportManager] Successfully created attachment [Validation Test Data - Expected Value] @19-09-2021 01:56:42.0707 AM
[ReportManager] Successfully created attachment [Validation Test Data - Actual Value] @19-09-2021 01:56:42.0707 AM
[ReportManager] Assertion [ValidateEquals] PASSED. Expected and Actual values are attached. Comparison Type [EQUALS]. Validation Type [POSITIVE]. @19-09-2021 01:56:42.0707 A
[ReportManager] File Action [GetAbsolutePath] successfully performed. With the following test data [Relative Folder Path: "target/downloadedFiles/"]. @19-09-2021 01:56:42.0709 AM
[ReportManager] Attempting to run remotely on: [Linux-64], [GoogleChrome], [http://localhost:4444/wd/hub], Headless Execution. @19-09-2021 01:56:42.0709 AM
[ReportManager] Successfully Opened [GoogleChrome]. @19-09-2021 01:56:42.0920 AM
[ReportManager] Target URL: [https://the-internet.herokuapp.com/] @19-09-2021 01:56:42.0930 AM
[ReportManager] Initial URL: [data:,] @19-09-2021 01:56:42.0972 AM
[ReportManager] Browser Action [NavigateToURL] successfully performed. With the following test data [https://the-internet.herokuapp.com/]. @19-09-2021 01:56:44.0130 A

################################################################################################################################################
Starting Execution:	[97 out of 143] test cases in the current suite
Test Method:		[testPackage01.Test_NewValidationHelper.f10]
################################################################################################################################################
[ReportManager] Assertion [ValidateElementExists] FAILED. Expected [Element Should Exist, locator 'By.tagName: div'] and Actual [Element Exists but is not unique]. Comparison Type [EQUALS]. Validation Type [POSITIVE]. @19-09-2021 01:56:44.0372 AM
[ReportManager] Successfully created attachment [Screenshot - 1632016604304_f10_ValidateElementExists_failed] @19-09-2021 01:56:44.0372 A
[ReportManager] Successfully Closed All Drivers. @19-09-2021 01:56:44.0449 A
[ReportManager] File Action [GetAbsolutePath] successfully performed. With the following test data [Relative Folder Path: "target/downloadedFiles/"]. @19-09-2021 01:56:44.0451 AM
[ReportManager] Attempting to run remotely on: [Linux-64], [GoogleChrome], [http://localhost:4444/wd/hub], Headless Execution. @19-09-2021 01:56:44.0451 AM
[ReportManager] Successfully Opened [GoogleChrome]. @19-09-2021 01:56:44.0631 AM
[ReportManager] Target URL: [https://the-internet.herokuapp.com/] @19-09-2021 01:56:44.0641 AM
[ReportManager] Initial URL: [data:,] @19-09-2021 01:56:44.0676 AM
[ReportManager] Browser Action [NavigateToURL] successfully performed. With the following test data [https://the-internet.herokuapp.com/]. @19-09-2021 01:56:45.0859 A

################################################################################################################################################
Starting Execution:	[98 out of 143] test cases in the current suite
Test Method:		[testPackage01.Test_NewValidationHelper.f11]
################################################################################################################################################
[ReportManager] Assertion Passed: Checking that false tag doesn't exist @19-09-2021 01:56:56.0237 AM
[ReportManager] Successfully created attachment [Screenshot - 1632016616170_f11_ValidateElementExists_passed] @19-09-2021 01:56:56.0238 AM
[ReportManager] Assertion [ValidateElementExists] PASSED. Expected [Element Should not Exist, locator 'By.tagName: h3'] and Actual [Element Doesn't Exists]. Comparison Type [EQUALS]. Validation Type [NEGATIVE]. @19-09-2021 01:56:56.0238 A
[ReportManager] Successfully Closed All Drivers. @19-09-2021 01:56:56.0310 A
[ReportManager] File Action [GetAbsolutePath] successfully performed. With the following test data [Relative Folder Path: "target/downloadedFiles/"]. @19-09-2021 01:56:56.0312 AM
[ReportManager] Attempting to run remotely on: [Linux-64], [GoogleChrome], [http://localhost:4444/wd/hub], Headless Execution. @19-09-2021 01:56:56.0312 AM
[ReportManager] Successfully Opened [GoogleChrome]. @19-09-2021 01:56:56.0503 AM
[ReportManager] Target URL: [https://the-internet.herokuapp.com/] @19-09-2021 01:56:56.0514 AM
[ReportManager] Initial URL: [data:,] @19-09-2021 01:56:56.0555 AM
[ReportManager] Browser Action [NavigateToURL] successfully performed. With the following test data [https://the-internet.herokuapp.com/]. @19-09-2021 01:56:57.0755 A

################################################################################################################################################
Starting Execution:	[99 out of 143] test cases in the current suite
Test Method:		[testPackage01.Test_NewValidationHelper.f12]
################################################################################################################################################
[ReportManager] Loaded Shared OpenCV @19-09-2021 01:56:57.0966 AM
[ReportManager] Assertion [ValidateElementExists] FAILED. Expected [Element Should not Exist, locator 'By.tagName: h1'] and Actual [Element Exists]. Comparison Type [EQUALS]. Validation Type [NEGATIVE]. @19-09-2021 01:56:58.0049 AM
[ReportManager] Successfully created attachment [Screenshot - 1632016617966_f12_ValidateElementExists_failed] @19-09-2021 01:56:58.0050 A
[ReportManager] Successfully Closed All Drivers. @19-09-2021 01:56:58.0123 A
[ReportManager] File Action [GetAbsolutePath] successfully performed. With the following test data [Relative Folder Path: "target/downloadedFiles/"]. @19-09-2021 01:56:58.0125 AM
[ReportManager] Attempting to run remotely on: [Linux-64], [GoogleChrome], [http://localhost:4444/wd/hub], Headless Execution. @19-09-2021 01:56:58.0125 AM
[ReportManager] Successfully Opened [GoogleChrome]. @19-09-2021 01:56:58.0312 AM
[ReportManager] Target URL: [https://the-internet.herokuapp.com/] @19-09-2021 01:56:58.0321 AM
[ReportManager] Initial URL: [data:,] @19-09-2021 01:56:58.0357 AM
[ReportManager] Browser Action [NavigateToURL] successfully performed. With the following test data [https://the-internet.herokuapp.com/]. @19-09-2021 01:56:59.0531 A

################################################################################################################################################
Starting Execution:	[100 out of 143] test cases in the current suite
Test Method:		[testPackage01.Test_NewValidationHelper.f13]
################################################################################################################################################
[ReportManager] Assertion [ValidateElementExists] FAILED. Expected [Element Should not Exist, locator 'By.tagName: div'] and Actual [Element Exists but is not unique]. Comparison Type [EQUALS]. Validation Type [NEGATIVE]. @19-09-2021 01:56:59.0761 AM
[ReportManager] Successfully created attachment [Screenshot - 1632016619700_f13_ValidateElementExists_failed] @19-09-2021 01:56:59.0761 A
[ReportManager] Successfully Closed All Drivers. @19-09-2021 01:56:59.0879 A
[ReportManager] File Action [GetAbsolutePath] successfully performed. With the following test data [Relative Folder Path: "target/downloadedFiles/"]. @19-09-2021 01:56:59.0881 AM
[ReportManager] Attempting to run remotely on: [Linux-64], [GoogleChrome], [http://localhost:4444/wd/hub], Headless Execution. @19-09-2021 01:56:59.0881 AM
[ReportManager] Successfully Opened [GoogleChrome]. @19-09-2021 01:57:00.0074 AM
[ReportManager] Target URL: [https://the-internet.herokuapp.com/] @19-09-2021 01:57:00.0085 AM
[ReportManager] Initial URL: [data:,] @19-09-2021 01:57:00.0129 AM
[ReportManager] Browser Action [NavigateToURL] successfully performed. With the following test data [https://the-internet.herokuapp.com/]. @19-09-2021 01:57:01.0380 A

################################################################################################################################################
Starting Execution:	[101 out of 143] test cases in the current suite
Test Method:		[testPackage01.Test_NewValidationHelper.f14]
################################################################################################################################################
[ReportManager] Element Action [GetText] successfully performed. With the following test data [Welcome to the-internet]. @19-09-2021 01:57:01.0461 AM
[ReportManager] Loaded Shared OpenCV @19-09-2021 01:57:01.0602 AM
[ReportManager] Assertion Passed: Asserting that the header text is correct @19-09-2021 01:57:01.0680 AM
[ReportManager] Successfully created attachment [Screenshot - 1632016621602_f14_ValidateElementAttribute_passed] @19-09-2021 01:57:01.0681 AM
[ReportManager] Assertion [ValidateElementAttribute] PASSED. Expected [Value Should be 'Welcome to the-internet' for the 'text' attribute, element locator 'By.tagName: h1'] and Actual [Welcome to the-internet]. Comparison Type [EQUALS]. Validation Type [POSITIVE]. @19-09-2021 01:57:01.0681 A
[ReportManager] Successfully Closed All Drivers. @19-09-2021 01:57:01.0752 A
[ReportManager] File Action [GetAbsolutePath] successfully performed. With the following test data [Relative Folder Path: "target/downloadedFiles/"]. @19-09-2021 01:57:01.0754 AM
[ReportManager] Attempting to run remotely on: [Linux-64], [GoogleChrome], [http://localhost:4444/wd/hub], Headless Execution. @19-09-2021 01:57:01.0754 AM
[ReportManager] Successfully Opened [GoogleChrome]. @19-09-2021 01:57:01.0946 AM
[ReportManager] Target URL: [https://the-internet.herokuapp.com/] @19-09-2021 01:57:01.0958 AM
[ReportManager] Initial URL: [data:,] @19-09-2021 01:57:01.0998 AM
[ReportManager] Browser Action [NavigateToURL] successfully performed. With the following test data [https://the-internet.herokuapp.com/]. @19-09-2021 01:57:03.0133 A

################################################################################################################################################
Starting Execution:	[102 out of 143] test cases in the current suite
Test Method:		[testPackage01.Test_NewValidationHelper.f15]
################################################################################################################################################
[ReportManager] Element Action [GetText] successfully performed. With the following test data [Welcome to the-internet]. @19-09-2021 01:57:03.0215 AM
[ReportManager] Loaded Shared OpenCV @19-09-2021 01:57:03.0353 AM
[ReportManager] Assertion [ValidateElementAttribute] FAILED. Expected [Value Should not be 'Welcome' for the 'text' attribute, element locator 'By.tagName: h1'] and Actual [Welcome to the-internet]. Comparison Type [CONTAINS]. Validation Type [NEGATIVE]. @19-09-2021 01:57:03.0437 AM
[ReportManager] Successfully created attachment [Screenshot - 1632016623353_f15_ValidateElementAttribute_failed] @19-09-2021 01:57:03.0438 A
[ReportManager] Successfully Closed All Drivers. @19-09-2021 01:57:03.0519 A
[ReportManager] File Action [GetAbsolutePath] successfully performed. With the following test data [Relative Folder Path: "target/downloadedFiles/"]. @19-09-2021 01:57:03.0521 AM
[ReportManager] Attempting to run remotely on: [Linux-64], [GoogleChrome], [http://localhost:4444/wd/hub], Headless Execution. @19-09-2021 01:57:03.0522 AM
[ReportManager] Successfully Opened [GoogleChrome]. @19-09-2021 01:57:03.0728 AM
[ReportManager] Target URL: [https://the-internet.herokuapp.com/] @19-09-2021 01:57:03.0748 AM
[ReportManager] Initial URL: [data:,] @19-09-2021 01:57:03.0786 AM
[ReportManager] Browser Action [NavigateToURL] successfully performed. With the following test data [https://the-internet.herokuapp.com/]. @19-09-2021 01:57:04.0922 A

################################################################################################################################################
Starting Execution:	[103 out of 143] test cases in the current suite
Test Method:		[testPackage01.Test_NewValidationHelper.f16]
################################################################################################################################################
[ReportManager] Element Action [IdentifyUniqueElement] failed. With the following test data [zero elements found matching this locator "By.tagName: h3".]. @19-09-2021 01:57:30.0469 AM
[ReportManager] Successfully created attachment [Screenshot - 1632016650404_f16_IdentifyUniqueElement_failed] @19-09-2021 01:57:30.0470 AM
[ReportManager] Assertion [ValidateElementAttribute] FAILED. Expected [Value Should not be 'Welcome' for the 'text' attribute, element locator 'By.tagName: h3'] and Actual [Failed to read the desired element attribute]. Comparison Type [CONTAINS]. Validation Type [NEGATIVE]. @19-09-2021 01:57:30.0472 A
[ReportManager] Successfully Closed All Drivers. @19-09-2021 01:57:30.0546 A
[ReportManager] File Action [GetAbsolutePath] successfully performed. With the following test data [Relative Folder Path: "target/downloadedFiles/"]. @19-09-2021 01:57:30.0548 AM
[ReportManager] Attempting to run remotely on: [Linux-64], [GoogleChrome], [http://localhost:4444/wd/hub], Headless Execution. @19-09-2021 01:57:30.0548 AM
[ReportManager] Successfully Opened [GoogleChrome]. @19-09-2021 01:57:30.0740 AM
[ReportManager] Target URL: [https://the-internet.herokuapp.com/] @19-09-2021 01:57:30.0750 AM
[ReportManager] Initial URL: [data:,] @19-09-2021 01:57:30.0787 AM
[ReportManager] Browser Action [NavigateToURL] successfully performed. With the following test data [https://the-internet.herokuapp.com/]. @19-09-2021 01:57:31.0994 A

################################################################################################################################################
Starting Execution:	[104 out of 143] test cases in the current suite
Test Method:		[testPackage01.Test_NewValidationHelper.f17]
################################################################################################################################################
[ReportManager] Attempting to getAttribute [text2] from elementLocator [By.tagName: h1]. @19-09-2021 01:57:32.0000 AM
[ReportManager] Element Action [GetAttribute] successfully performed. @19-09-2021 01:57:32.0079 AM
[ReportManager] Loaded Shared OpenCV @19-09-2021 01:57:32.0217 AM
[ReportManager] Assertion [ValidateElementAttribute] PASSED. Expected [Value Should not be 'Welcome' for the 'text2' attribute, element locator 'By.tagName: h1'] and Actual [null]. Comparison Type [CONTAINS]. Validation Type [NEGATIVE]. @19-09-2021 01:57:32.0300 AM
[ReportManager] Successfully created attachment [Screenshot - 1632016652217_f17_ValidateElementAttribute_passed] @19-09-2021 01:57:32.0301 A
[ReportManager] Successfully Closed All Drivers. @19-09-2021 01:57:32.0375 A
[ReportManager] File Action [GetAbsolutePath] successfully performed. With the following test data [Relative Folder Path: "target/downloadedFiles/"]. @19-09-2021 01:57:32.0376 AM
[ReportManager] Attempting to run remotely on: [Linux-64], [GoogleChrome], [http://localhost:4444/wd/hub], Headless Execution. @19-09-2021 01:57:32.0377 AM
[ReportManager] Successfully Opened [GoogleChrome]. @19-09-2021 01:57:32.0566 AM
[ReportManager] Target URL: [https://the-internet.herokuapp.com/] @19-09-2021 01:57:32.0575 AM
[ReportManager] Initial URL: [data:,] @19-09-2021 01:57:32.0615 AM
[ReportManager] Browser Action [NavigateToURL] successfully performed. With the following test data [https://the-internet.herokuapp.com/]. @19-09-2021 01:57:33.0772 A

################################################################################################################################################
Starting Execution:	[105 out of 143] test cases in the current suite
Test Method:		[testPackage01.Test_NewValidationHelper.f18]
################################################################################################################################################
[ReportManager] Element Action [GetText] successfully performed. With the following test data [Welcome to the-internet]. @19-09-2021 01:57:33.0869 AM
[ReportManager] Loaded Shared OpenCV @19-09-2021 01:57:34.0000 AM
[ReportManager] Assertion [ValidateElementAttribute] PASSED. Expected [Value Should not be 'no' for the 'text' attribute, element locator 'By.tagName: h1'] and Actual [Welcome to the-internet]. Comparison Type [CONTAINS]. Validation Type [NEGATIVE]. @19-09-2021 01:57:34.0080 AM
[ReportManager] Successfully created attachment [Screenshot - 1632016654000_f18_ValidateElementAttribute_passed] @19-09-2021 01:57:34.0081 A
[ReportManager] Successfully Closed All Drivers. @19-09-2021 01:57:34.0152 A
[ReportManager] File Action [GetAbsolutePath] successfully performed. With the following test data [Relative Folder Path: "target/downloadedFiles/"]. @19-09-2021 01:57:34.0154 AM
[ReportManager] Attempting to run remotely on: [Linux-64], [GoogleChrome], [http://localhost:4444/wd/hub], Headless Execution. @19-09-2021 01:57:34.0154 AM
[ReportManager] Successfully Opened [GoogleChrome]. @19-09-2021 01:57:34.0354 AM
[ReportManager] Target URL: [https://the-internet.herokuapp.com/] @19-09-2021 01:57:34.0364 AM
[ReportManager] Initial URL: [data:,] @19-09-2021 01:57:34.0401 AM
[ReportManager] Browser Action [NavigateToURL] successfully performed. With the following test data [https://the-internet.herokuapp.com/]. @19-09-2021 01:57:35.0543 A

################################################################################################################################################
Starting Execution:	[106 out of 143] test cases in the current suite
Test Method:		[testPackage01.Test_NewValidationHelper.f19]
################################################################################################################################################
[ReportManager] Element Action [GetTagName] successfully performed. With the following test data [h1]. @19-09-2021 01:57:35.0631 AM
[ReportManager] Loaded Shared OpenCV @19-09-2021 01:57:35.0800 AM
[ReportManager] Assertion [ValidateElementAttribute] PASSED. Expected [Value Should be 'h' for the 'tagname' attribute, element locator 'By.tagName: h1'] and Actual [h1]. Comparison Type [CONTAINS]. Validation Type [POSITIVE]. @19-09-2021 01:57:35.0901 AM
[ReportManager] Successfully created attachment [Screenshot - 1632016655800_f19_ValidateElementAttribute_passed] @19-09-2021 01:57:35.0915 A
[ReportManager] Successfully Closed All Drivers. @19-09-2021 01:57:35.0989 A

################################################################################################################################################
Starting Execution:	[107 out of 143] test cases in the current suite
Test Method:		[testPackage01.Test_NewValidationHelper.f2]
################################################################################################################################################
[ReportManager] Assertion Failed: Checking valid user data @19-09-2021 01:57:35.0992 AM
[ReportManager] Assertion [ValidateEquals] FAILED. Expected [1] and Actual [2]. Comparison Type [EQUALS]. Validation Type [POSITIVE]. @19-09-2021 01:57:35.0992 A
[ReportManager] File Action [GetAbsolutePath] successfully performed. With the following test data [Relative Folder Path: "target/downloadedFiles/"]. @19-09-2021 01:57:35.0994 AM
[ReportManager] Attempting to run remotely on: [Linux-64], [GoogleChrome], [http://localhost:4444/wd/hub], Headless Execution. @19-09-2021 01:57:35.0994 AM
[ReportManager] Successfully Opened [GoogleChrome]. @19-09-2021 01:57:36.0188 AM
[ReportManager] Target URL: [https://the-internet.herokuapp.com/] @19-09-2021 01:57:36.0197 AM
[ReportManager] Initial URL: [data:,] @19-09-2021 01:57:36.0236 AM
[ReportManager] Browser Action [NavigateToURL] successfully performed. With the following test data [https://the-internet.herokuapp.com/]. @19-09-2021 01:57:37.0374 A

################################################################################################################################################
Starting Execution:	[108 out of 143] test cases in the current suite
Test Method:		[testPackage01.Test_NewValidationHelper.f20]
################################################################################################################################################
[ReportManager] Element Action [GetSize] successfully performed. With the following test data [(755, 61)]. @19-09-2021 01:57:37.0460 AM
[ReportManager] Loaded Shared OpenCV @19-09-2021 01:57:37.0615 AM
[ReportManager] Assertion [ValidateElementAttribute] PASSED. Expected [Value Should not be 'a' for the 'size' attribute, element locator 'By.tagName: h1'] and Actual [(755, 61)]. Comparison Type [CONTAINS]. Validation Type [NEGATIVE]. @19-09-2021 01:57:37.0711 AM
[ReportManager] Successfully created attachment [Screenshot - 1632016657615_f20_ValidateElementAttribute_passed] @19-09-2021 01:57:37.0712 A
[ReportManager] Successfully Closed All Drivers. @19-09-2021 01:57:37.0832 A
[ReportManager] File Action [GetAbsolutePath] successfully performed. With the following test data [Relative Folder Path: "target/downloadedFiles/"]. @19-09-2021 01:57:37.0834 AM
[ReportManager] Attempting to run remotely on: [Linux-64], [GoogleChrome], [http://localhost:4444/wd/hub], Headless Execution. @19-09-2021 01:57:37.0834 AM
[ReportManager] Successfully Opened [GoogleChrome]. @19-09-2021 01:57:38.0036 AM
[ReportManager] Target URL: [https://the-internet.herokuapp.com/] @19-09-2021 01:57:38.0049 AM
[ReportManager] Initial URL: [data:,] @19-09-2021 01:57:38.0088 AM
[ReportManager] Browser Action [NavigateToURL] successfully performed. With the following test data [https://the-internet.herokuapp.com/]. @19-09-2021 01:57:39.0272 A

################################################################################################################################################
Starting Execution:	[109 out of 143] test cases in the current suite
Test Method:		[testPackage01.Test_NewValidationHelper.f21]
################################################################################################################################################
[ReportManager] Element Action [IdentifyUniqueElement] failed. With the following test data [zero elements found matching this locator "By.tagName: h3".]. @19-09-2021 01:58:04.0816 AM
[ReportManager] Successfully created attachment [Screenshot - 1632016684748_f21_IdentifyUniqueElement_failed] @19-09-2021 01:58:04.0817 AM
[ReportManager] Assertion [ValidateElementAttribute] FAILED. Expected [Value Should be 'Welcome' for the 'text' attribute, element locator 'By.tagName: h3'] and Actual [Failed to read the desired element attribute]. Comparison Type [CONTAINS]. Validation Type [POSITIVE]. @19-09-2021 01:58:04.0817 A
[ReportManager] Successfully Closed All Drivers. @19-09-2021 01:58:04.0893 A
[ReportManager] File Action [GetAbsolutePath] successfully performed. With the following test data [Relative Folder Path: "target/downloadedFiles/"]. @19-09-2021 01:58:04.0895 AM
[ReportManager] Attempting to run remotely on: [Linux-64], [GoogleChrome], [http://localhost:4444/wd/hub], Headless Execution. @19-09-2021 01:58:04.0895 AM
[ReportManager] Successfully Opened [GoogleChrome]. @19-09-2021 01:58:05.0078 AM
[ReportManager] Target URL: [https://the-internet.herokuapp.com/] @19-09-2021 01:58:05.0087 AM
[ReportManager] Initial URL: [data:,] @19-09-2021 01:58:05.0125 AM
[ReportManager] Browser Action [NavigateToURL] successfully performed. With the following test data [https://the-internet.herokuapp.com/]. @19-09-2021 01:58:06.0361 A

################################################################################################################################################
Starting Execution:	[110 out of 143] test cases in the current suite
Test Method:		[testPackage01.Test_NewValidationHelper.f22]
################################################################################################################################################
[ReportManager] Element Action [GetText] successfully performed. With the following test data [Welcome to the-internet]. @19-09-2021 01:58:06.0434 AM
[ReportManager] Loaded Shared OpenCV @19-09-2021 01:58:06.0564 AM
[ReportManager] Assertion [ValidateElementAttribute] FAILED. Expected [Value Should be 'yyy' for the 'text' attribute, element locator 'By.tagName: h1'] and Actual [Welcome to the-internet]. Comparison Type [CONTAINS]. Validation Type [POSITIVE]. @19-09-2021 01:58:06.0647 AM
[ReportManager] Successfully created attachment [Screenshot - 1632016686564_f22_ValidateElementAttribute_failed] @19-09-2021 01:58:06.0648 A
[ReportManager] Successfully Closed All Drivers. @19-09-2021 01:58:06.0726 A

################################################################################################################################################
Starting Execution:	[111 out of 143] test cases in the current suite
Test Method:		[testPackage01.Test_NewValidationHelper.f23]
################################################################################################################################################
[ReportManager] Assertion Passed: confirming that the actual is greater than or equal to the expected @19-09-2021 01:58:06.0729 AM
[ReportManager] Assertion [ValidateComparativeRelation] PASSED. Expected [1] and Actual [1]. Comparison Type [GREATER_THAN_OR_EQUALS]. Validation Type [POSITIVE]. @19-09-2021 01:58:06.0729 A

################################################################################################################################################
Starting Execution:	[112 out of 143] test cases in the current suite
Test Method:		[testPackage01.Test_NewValidationHelper.f24]
################################################################################################################################################
[ReportManager] Assertion [ValidateComparativeRelation] PASSED. Expected [1] and Actual [10]. Comparison Type [GREATER_THAN_OR_EQUALS]. Validation Type [POSITIVE]. @19-09-2021 01:58:06.0731 A

################################################################################################################################################
Starting Execution:	[113 out of 143] test cases in the current suite
Test Method:		[testPackage01.Test_NewValidationHelper.f25]
################################################################################################################################################
[ReportManager] Assertion [ValidateComparativeRelation] PASSED. Expected [1] and Actual [1]. Comparison Type [EQUALS]. Validation Type [POSITIVE]. @19-09-2021 01:58:06.0732 A

################################################################################################################################################
Starting Execution:	[114 out of 143] test cases in the current suite
Test Method:		[testPackage01.Test_NewValidationHelper.f26]
################################################################################################################################################
[ReportManager] Assertion [ValidateComparativeRelation] PASSED. Expected [1] and Actual [5]. Comparison Type [GREATER_THAN]. Validation Type [POSITIVE]. @19-09-2021 01:58:06.0740 A

################################################################################################################################################
Starting Execution:	[115 out of 143] test cases in the current suite
Test Method:		[testPackage01.Test_NewValidationHelper.f27]
################################################################################################################################################
[ReportManager] Assertion [ValidateComparativeRelation] PASSED. Expected [11] and Actual [5]. Comparison Type [LESS_THAN]. Validation Type [POSITIVE]. @19-09-2021 01:58:06.0743 A

################################################################################################################################################
Starting Execution:	[116 out of 143] test cases in the current suite
Test Method:		[testPackage01.Test_NewValidationHelper.f28]
################################################################################################################################################
[ReportManager] Assertion [ValidateComparativeRelation] PASSED. Expected [11] and Actual [5]. Comparison Type [LESS_THAN_OR_EQUALS]. Validation Type [POSITIVE]. @19-09-2021 01:58:06.0745 A

################################################################################################################################################
Starting Execution:	[117 out of 143] test cases in the current suite
Test Method:		[testPackage01.Test_NewValidationHelper.f29]
################################################################################################################################################
[ReportManager] Assertion [ValidateComparativeRelation] PASSED. Expected [11] and Actual [11]. Comparison Type [LESS_THAN_OR_EQUALS]. Validation Type [POSITIVE]. @19-09-2021 01:58:06.0747 A

################################################################################################################################################
Starting Execution:	[118 out of 143] test cases in the current suite
Test Method:		[testPackage01.Test_NewValidationHelper.f3]
################################################################################################################################################
[ReportManager] Assertion [ValidateEquals] PASSED. Expected [1] and Actual [2]. Comparison Type [EQUALS]. Validation Type [NEGATIVE]. @19-09-2021 01:58:06.0749 A

################################################################################################################################################
Starting Execution:	[119 out of 143] test cases in the current suite
Test Method:		[testPackage01.Test_NewValidationHelper.f30]
################################################################################################################################################
[ReportManager] Assertion [ValidateComparativeRelation] FAILED. Expected [-9] and Actual [11]. Comparison Type [LESS_THAN_OR_EQUALS]. Validation Type [POSITIVE]. @19-09-2021 01:58:06.0751 A

################################################################################################################################################
Starting Execution:	[120 out of 143] test cases in the current suite
Test Method:		[testPackage01.Test_NewValidationHelper.f31]
################################################################################################################################################
[ReportManager] Assertion [ValidateTrue] PASSED. Expected [TRUE] and Actual [TRUE]. Validation Type [POSITIVE]. @19-09-2021 01:58:06.0753 A

################################################################################################################################################
Starting Execution:	[121 out of 143] test cases in the current suite
Test Method:		[testPackage01.Test_NewValidationHelper.f32]
################################################################################################################################################
[ReportManager] Assertion [ValidateTrue] PASSED. Expected [FALSE] and Actual [FALSE]. Validation Type [NEGATIVE]. @19-09-2021 01:58:06.0755 A

################################################################################################################################################
Starting Execution:	[122 out of 143] test cases in the current suite
Test Method:		[testPackage01.Test_NewValidationHelper.f33]
################################################################################################################################################
[ReportManager] Assertion [ValidateTrue] FAILED. Expected [FALSE] and Actual [TRUE]. Validation Type [NEGATIVE]. @19-09-2021 01:58:06.0756 A

################################################################################################################################################
Starting Execution:	[123 out of 143] test cases in the current suite
Test Method:		[testPackage01.Test_NewValidationHelper.f34]
################################################################################################################################################
[ReportManager] Assertion [ValidateTrue] FAILED. Expected [TRUE] and Actual [FALSE]. Validation Type [POSITIVE]. @19-09-2021 01:58:06.0758 A

################################################################################################################################################
Starting Execution:	[124 out of 143] test cases in the current suite
Test Method:		[testPackage01.Test_NewValidationHelper.f35]
################################################################################################################################################
[ReportManager] File Action [DoesFileExist] successfully performed. With the following test data [File Path: "pom.xml"]. @19-09-2021 01:58:06.0760 AM
[ReportManager] Assertion [ValidateFileExists] PASSED. Expected [File 'pom.xml' should exist, after up to '1' retries] and Actual [File exists]. Validation Type [POSITIVE]. @19-09-2021 01:58:06.0761 A

################################################################################################################################################
Starting Execution:	[125 out of 143] test cases in the current suite
Test Method:		[testPackage01.Test_NewValidationHelper.f36]
################################################################################################################################################
[ReportManager] File Action [DoesFileExist] successfully performed. With the following test data [File Path: "src/test/java/testPackage01/Test_NewValidationHelper.java"]. @19-09-2021 01:58:06.0763 AM
[ReportManager] Assertion [ValidateFileExists] PASSED. Expected [File 'src/test/java/testPackage01/Test_NewValidationHelper.java' should exist, after up to '1' retries] and Actual [File exists]. Validation Type [POSITIVE]. @19-09-2021 01:58:06.0763 A

################################################################################################################################################
Starting Execution:	[126 out of 143] test cases in the current suite
Test Method:		[testPackage01.Test_NewValidationHelper.f37]
################################################################################################################################################
[ReportManager] File Action [DoesFileExist] successfully performed. With the following test data [File Path: "pom.xml"]. @19-09-2021 01:58:06.0765 AM
[ReportManager] Assertion Failed: confirming that the file does't exist after 5 retries @19-09-2021 01:58:06.0765 AM
[ReportManager] Assertion [ValidateFileExists] FAILED. Expected [File 'pom.xml' should not exist, after up to '5' retries] and Actual [File exists]. Validation Type [NEGATIVE]. @19-09-2021 01:58:06.0765 A

################################################################################################################################################
Starting Execution:	[127 out of 143] test cases in the current suite
Test Method:		[testPackage01.Test_NewValidationHelper.f3_1]
################################################################################################################################################
[ReportManager] Assertion Passed: Checking valid user data @19-09-2021 01:58:06.0767 AM
[ReportManager] Assertion [ValidateEquals] PASSED. Expected [null] and Actual [null]. Comparison Type [EQUALS]. Validation Type [POSITIVE]. @19-09-2021 01:58:06.0767 A

################################################################################################################################################
Starting Execution:	[128 out of 143] test cases in the current suite
Test Method:		[testPackage01.Test_NewValidationHelper.f4]
################################################################################################################################################
[ReportManager] Assertion [ValidateEquals] PASSED. Expected [1] and Actual [123]. Comparison Type [CONTAINS]. Validation Type [POSITIVE]. @19-09-2021 01:58:06.0770 A

################################################################################################################################################
Starting Execution:	[129 out of 143] test cases in the current suite
Test Method:		[testPackage01.Test_NewValidationHelper.f5]
################################################################################################################################################
[ReportManager] Assertion [ValidateNull] PASSED. Expected [NULL] and Actual [1]. Comparison Type [EQUALS]. Validation Type [NEGATIVE]. @19-09-2021 01:58:06.0772 A

################################################################################################################################################
Starting Execution:	[130 out of 143] test cases in the current suite
Test Method:		[testPackage01.Test_NewValidationHelper.f6]
################################################################################################################################################
[ReportManager] Assertion Failed: Making sure that null string is not equal to null object @19-09-2021 01:58:06.0774 AM
[ReportManager] Assertion [ValidateNull] FAILED. Expected [NULL] and Actual [NULL]. Comparison Type [EQUALS]. Validation Type [POSITIVE]. @19-09-2021 01:58:06.0774 A

################################################################################################################################################
Starting Execution:	[131 out of 143] test cases in the current suite
Test Method:		[testPackage01.Test_NewValidationHelper.f6_1]
################################################################################################################################################
[ReportManager] Assertion [ValidateNull] FAILED. Expected [NULL] and Actual [NULL]. Comparison Type [EQUALS]. Validation Type [NEGATIVE]. @19-09-2021 01:58:06.0776 A

################################################################################################################################################
Starting Execution:	[132 out of 143] test cases in the current suite
Test Method:		[testPackage01.Test_NewValidationHelper.f6_2]
################################################################################################################################################
[ReportManager] Assertion Failed: Making sure that null string is not equal to null object @19-09-2021 01:58:06.0778 AM
[ReportManager] Assertion [ValidateNull] FAILED. Expected [NULL] and Actual [not null]. Comparison Type [EQUALS]. Validation Type [POSITIVE]. @19-09-2021 01:58:06.0778 A

################################################################################################################################################
Starting Execution:	[133 out of 143] test cases in the current suite
Test Method:		[testPackage01.Test_NewValidationHelper.f7]
################################################################################################################################################
[ReportManager] Assertion [ValidateNull] PASSED. Expected [NULL] and Actual [NULL]. Comparison Type [EQUALS]. Validation Type [POSITIVE]. @19-09-2021 01:58:06.0779 A
[ReportManager] File Action [GetAbsolutePath] successfully performed. With the following test data [Relative Folder Path: "target/downloadedFiles/"]. @19-09-2021 01:58:06.0781 AM
[ReportManager] Attempting to run remotely on: [Linux-64], [GoogleChrome], [http://localhost:4444/wd/hub], Headless Execution. @19-09-2021 01:58:06.0781 AM
[ReportManager] Successfully Opened [GoogleChrome]. @19-09-2021 01:58:07.0000 AM
[ReportManager] Target URL: [https://the-internet.herokuapp.com/] @19-09-2021 01:58:07.0016 AM
[ReportManager] Initial URL: [data:,] @19-09-2021 01:58:07.0051 AM
[ReportManager] Browser Action [NavigateToURL] successfully performed. With the following test data [https://the-internet.herokuapp.com/]. @19-09-2021 01:58:08.0210 A

################################################################################################################################################
Starting Execution:	[134 out of 143] test cases in the current suite
Test Method:		[testPackage01.Test_NewValidationHelper.f8]
################################################################################################################################################
[ReportManager] Loaded Shared OpenCV @19-09-2021 01:58:08.0419 AM
[ReportManager] Assertion [ValidateElementExists] PASSED. Expected [Element Should Exist, locator 'By.tagName: h1'] and Actual [Element Exists]. Comparison Type [EQUALS]. Validation Type [POSITIVE]. @19-09-2021 01:58:08.0502 AM
[ReportManager] Successfully created attachment [Screenshot - 1632016688419_f8_ValidateElementExists_passed] @19-09-2021 01:58:08.0503 A
[ReportManager] Successfully Closed All Drivers. @19-09-2021 01:58:08.0623 A
[ReportManager] File Action [GetAbsolutePath] successfully performed. With the following test data [Relative Folder Path: "target/downloadedFiles/"]. @19-09-2021 01:58:08.0625 AM
[ReportManager] Attempting to run remotely on: [Linux-64], [GoogleChrome], [http://localhost:4444/wd/hub], Headless Execution. @19-09-2021 01:58:08.0625 AM
[ReportManager] Successfully Opened [GoogleChrome]. @19-09-2021 01:58:08.0802 AM
[ReportManager] Target URL: [https://the-internet.herokuapp.com/] @19-09-2021 01:58:08.0811 AM
[ReportManager] Initial URL: [data:,] @19-09-2021 01:58:08.0853 AM
[ReportManager] Browser Action [NavigateToURL] successfully performed. With the following test data [https://the-internet.herokuapp.com/]. @19-09-2021 01:58:10.0004 A

################################################################################################################################################
Starting Execution:	[135 out of 143] test cases in the current suite
Test Method:		[testPackage01.Test_NewValidationHelper.f9]
################################################################################################################################################
[ReportManager] Assertion [ValidateElementExists] FAILED. Expected [Element Should Exist, locator 'By.tagName: h3'] and Actual [Element Doesn't Exists]. Comparison Type [EQUALS]. Validation Type [POSITIVE]. @19-09-2021 01:58:40.0649 AM
[ReportManager] Successfully created attachment [Screenshot - 1632016720584_f9_ValidateElementExists_failed] @19-09-2021 01:58:40.0650 A
[ReportManager] Successfully Closed All Drivers. @19-09-2021 01:58:40.0722 A

################################################################################################################################################
Starting Execution:	[136 out of 143] test cases in the current suite
Test Method:		[testPackage01.Test_NewValidationHelper.forceFail]
################################################################################################################################################
[ReportManager] Assertion [ValidateFail] FAILED. Successfully force failed the test. @19-09-2021 01:58:40.0724 A

################################################################################################################################################
Starting Execution:	[137 out of 143] test cases in the current suite
Test Method:		[testPackage01.Test_NewValidationHelper.forceFail2]
################################################################################################################################################
[ReportManager] Assertion Failed: Custom Message @19-09-2021 01:58:40.0727 AM
[ReportManager] Assertion [ValidateFail] FAILED. Successfully force failed the test. @19-09-2021 01:58:40.0727 A

################################################################################################################################################
Starting Execution:	[138 out of 143] test cases in the current suite
Test Method:		[testPackage01.Test_sendGraphqlRequest.sendGraphqlRequestUsingMutationAndVariables]
################################################################################################################################################
[ReportManager] GraphQl Request is being Performed with the Following Parameters [Service URL: https://api.spacex.land/graphql | Request Body: {"variables":"{\"name\": \"sherlock holmes\",\"rocket\": \"221B Baker Street\"}","query":"mutation ($name: String, $rocket: String) {\n  insert_users(objects: {name: $name, rocket: $rocket}) {\n    returning {\n      name\n      rocket\n    }\n  }\n}"}] @19-09-2021 01:58:40.0731 AM
[ReportManager] Response status code: [200], status line: [HTTP/1.1 200 OK] @19-09-2021 01:58:41.0251 AM
[ReportManager] Assertion Passed: Evaluating the actual response status code against the expected one... @19-09-2021 01:58:41.0251 AM
[ReportManager] Assertion [ValidateEquals] PASSED. Expected [200] and Actual [200]. Comparison Type [EQUALS]. Validation Type [POSITIVE]. @19-09-2021 01:58:41.0251 AM
[ReportManager] API Action [PerformRequest] successfully performed. With the following test data [Request Type: "POST" | Target Status Code: "200" | Service URL: "https://api.spacex.land/graphql" | Content Type: "application/json" | Response Time: "441ms"]. @19-09-2021 01:58:41.0262 AM
[ReportManager] Successfully created attachment [API Request - Specifications] @19-09-2021 01:58:41.0262 AM
[ReportManager] Successfully created attachment [API Request - JSON Body] @19-09-2021 01:58:41.0263 AM
[ReportManager] Successfully created attachment [API Response - JSON Body] @19-09-2021 01:58:41.0263 AM
[ReportManager] API Action [GetResponseJSONValue] successfully performed. With the following test data [data.insert_users.returning[0].name]. @19-09-2021 01:58:41.0312 AM
[ReportManager] Assertion [ValidateEquals] PASSED. Expected [sherlock holmes] and Actual [sherlock holmes]. Comparison Type [EQUALS]. Validation Type [POSITIVE]. @19-09-2021 01:58:41.0312 A

################################################################################################################################################
Starting Execution:	[139 out of 143] test cases in the current suite
Test Method:		[testPackage01.Test_sendGraphqlRequest.sendGraphqlRequestUsingQuery]
################################################################################################################################################
[ReportManager] GraphQl Request is being Performed with the Following Parameters [Service URL: https://api.spacex.land/graphql | Request Body: {"query":"{company {ceo}}"}] @19-09-2021 01:58:41.0315 AM
[ReportManager] Response status code: [200], status line: [HTTP/1.1 200 OK] @19-09-2021 01:58:41.0615 AM
[ReportManager] Assertion Passed: Evaluating the actual response status code against the expected one... @19-09-2021 01:58:41.0616 AM
[ReportManager] Assertion [ValidateEquals] PASSED. Expected [200] and Actual [200]. Comparison Type [EQUALS]. Validation Type [POSITIVE]. @19-09-2021 01:58:41.0616 AM
[ReportManager] API Action [PerformRequest] successfully performed. With the following test data [Request Type: "POST" | Target Status Code: "200" | Service URL: "https://api.spacex.land/graphql" | Content Type: "application/json" | Response Time: "293ms"]. @19-09-2021 01:58:41.0626 AM
[ReportManager] Successfully created attachment [API Request - Specifications] @19-09-2021 01:58:41.0626 AM
[ReportManager] Successfully created attachment [API Request - JSON Body] @19-09-2021 01:58:41.0626 AM
[ReportManager] Successfully created attachment [API Response - JSON Body] @19-09-2021 01:58:41.0627 AM
[ReportManager] API Action [GetResponseJSONValue] successfully performed. With the following test data [data.company.ceo]. @19-09-2021 01:58:41.0634 AM
[ReportManager] Assertion [ValidateEquals] PASSED. Expected [Elon Musk] and Actual [Elon Musk]. Comparison Type [EQUALS]. Validation Type [POSITIVE]. @19-09-2021 01:58:41.0634 A

################################################################################################################################################
Starting Execution:	[140 out of 143] test cases in the current suite
Test Method:		[testPackage01.Test_chainableElementActions.chainElementActions]
################################################################################################################################################
[ReportManager] File Action [GetAbsolutePath] successfully performed. With the following test data [Relative Folder Path: "target/downloadedFiles/"]. @19-09-2021 01:58:41.0637 AM
[ReportManager] Attempting to run remotely on: [Linux-64], [GoogleChrome], [http://localhost:4444/wd/hub], Headless Execution. @19-09-2021 01:58:41.0637 AM
[ReportManager] Successfully Opened [GoogleChrome]. @19-09-2021 01:58:41.0892 AM
[ReportManager] Target URL: [https://www.google.com/ncr], and after redirection: [https://www.google.com] @19-09-2021 01:58:41.0902 AM
[ReportManager] Initial URL: [data:,] @19-09-2021 01:58:41.0941 AM
[ReportManager] Browser Action [NavigateToURL] successfully performed. With the following test data [https://www.google.com/ncr]. @19-09-2021 01:58:42.0745 AM
[ReportManager] Element Action [Type] successfully performed. With the following test data [chained type 1]. @19-09-2021 01:58:43.0059 AM
[ReportManager] Element Action [Type] successfully performed. With the following test data [chained type 2]. @19-09-2021 01:58:43.0372 AM
[ReportManager] Element Action [TypeAppend] successfully performed. With the following test data [345]. @19-09-2021 01:58:43.0456 AM
[ReportManager] Element Action [GetText] successfully performed. With the following test data [chained type 2345]. @19-09-2021 01:58:43.0563 AM
[ReportManager] Loaded Shared OpenCV @19-09-2021 01:58:43.0690 AM
[ReportManager] Assertion [ValidateElementAttribute] PASSED. Expected [Value Should be 'chained type 2345' for the 'text' attribute, element locator 'By.name: q'] and Actual [chained type 2345]. Comparison Type [EQUALS]. Validation Type [POSITIVE]. @19-09-2021 01:58:43.0763 AM
[ReportManager] Successfully created attachment [Screenshot - 1632016723690_chainElementActions_ValidateElementAttribute_passed] @19-09-2021 01:58:43.0764 AM
[ReportManager] Browser Action [CloseCurrentWindow] successfully performed. @19-09-2021 01:58:43.0885 AM
[ReportManager] Successfully created attachment [Browser Action Test Data - CloseCurrentWindow - Actual Value] @19-09-2021 01:58:43.0886 A

################################################################################################################################################
Starting Execution:	[141 out of 143] test cases in the current suite
Test Method:		[testPackage01.Test_SkipDueToIssue.doNotSkip]
################################################################################################################################################
[ReportManager] This should not be skipped. @19-09-2021 01:58:43.0889 A

################################################################################################################################################
Starting Execution:	[142 out of 143] test cases in the current suite
Test Method:		[testPackage01.Test_SkipDueToIssue.skip]
################################################################################################################################################
[ReportManager] This should be skipped. @19-09-2021 01:58:43.0893 A

################################################################################################################################################
Starting Execution:	[143 out of 143] test cases in the current suite
Test Method:		[testPackage01.Test_SkipDueToIssue.skip2]
################################################################################################################################################
[ReportManager] This should be skipped. @19-09-2021 01:58:43.0901 A

################################################################################################################################################
Test Closure Activities
################################################################################################################################################
[ReportManager] Successfully created attachment [SHAFT Engine Logs - Execution log] @19-09-2021 01:58:43.0933 AM

################################################################################################################################################
This test run was powered by SHAFT Engine Version: [SHAFT Engine v5.3.20210902]
SHAFT Engine is licensed under the MIT License: [https://github.com/MohabMohie/SHAFT_ENGINE/blob/master/LICENSE].
################################################################################################################################################