################################################################################################################################################
Detected SHAFT Engine Version: [SHAFT Engine v6.1.20220113]
################################################################################################################################################
[ReportManager] File Action [GetAbsolutePath] successfully performed. With the following test data [Relative Folder Path: "target/downloadedFiles/"]. @15-03-2022 18:05:46.0081 PM
[ReportManager] Attempting to run locally on: [Mac-64], [Safari], Headless Execution. @15-03-2022 18:05:46.0095 PM
[ReportManager] An Exception Occured with this Message: Could not start a new session. Possible causes are invalid address of the remote server or browser start-up failure.. @15-03-2022 18:05:48.0341 PM
[ReportManager] Successfully created attachment [Exception Stack Trace - org.openqa.selenium.SessionNotCreatedException] @15-03-2022 18:05:48.0462 PM
[ReportManager] Driver Factory Action [createNewLocalDriverInstanceForSafari] failed. With the following test data [Failed to create a session on DESKTOP_SAFARI]. @15-03-2022 18:05:48.0464 P

################################################################################################################################################
Starting Execution:	[1 out of 165] test cases in the current suite
Test Method:		[unitTests.tests_element_elementActions.waitForElementToBePresent_false_expectedToFail]
###############################################################################################################################################



################################################################################################################################################
Starting Execution:	[2 out of 165] test cases in the current suite
Test Method:		[unitTests.tests_element_elementActions.waitForElementToBePresent_false_expectedToPass]
###############################################################################################################################################



################################################################################################################################################
Starting Execution:	[3 out of 165] test cases in the current suite
Test Method:		[unitTests.tests_element_elementActions.waitForElementToBePresent_moreThanOneElement_expectedToFail]
###############################################################################################################################################



################################################################################################################################################
Starting Execution:	[4 out of 165] test cases in the current suite
Test Method:		[unitTests.tests_element_elementActions.waitForElementToBePresent_true_expectedToFail]
###############################################################################################################################################



################################################################################################################################################
Starting Execution:	[5 out of 165] test cases in the current suite
Test Method:		[unitTests.tests_element_elementActions.waitForElementToBePresent_true_expectedToPass]
###############################################################################################################################################

[ReportManager] File Action [GetAbsolutePath] successfully performed. With the following test data [Relative Folder Path: "target/downloadedFiles/"]. @15-03-2022 18:05:48.0954 PM
[ReportManager] Attempting to run locally on: [Mac-64], [Safari], Headless Execution. @15-03-2022 18:05:48.0955 PM
[ReportManager] Successfully Opened Safari. @15-03-2022 18:05:53.0843 PM
[ReportManager] Initial window size: (800, 600) @15-03-2022 18:05:53.0864 PM
[ReportManager] Window size after SWD Maximize: (1176, 802) @15-03-2022 18:05:53.0906 PM
[ReportManager] Browser Action [MaximizeWindow] successfully performed. With the following test data [New screen size is now: (1176, 802)]. @15-03-2022 18:05:53.0907 PM
[ReportManager] Target URL: [https://duckduckgo.com] @15-03-2022 18:05:53.0914 PM
[ReportManager] Initial URL: [] @15-03-2022 18:05:54.0068 PM
[ReportManager] Browser Action [NavigateToURL] successfully performed. With the following test data [https://duckduckgo.com]. @15-03-2022 18:05:55.0235 P

################################################################################################################################################
Starting Execution:	[6 out of 165] test cases in the current suite
Test Method:		[unitTests.tests_browserActions.fullScreenWindow]
################################################################################################################################################
[ReportManager] Initial Windows Size: 1176x802 @15-03-2022 18:05:55.0251 PM
[ReportManager] Current Windows Size after fullScreen: 1176x885 @15-03-2022 18:05:55.0530 PM
[ReportManager] Browser Action [FullScreenWindow] successfully performed. @15-03-2022 18:05:55.0574 PM
[ReportManager] Successfully created attachment [Browser Action Test Data - FullScreenWindow - Actual Value] @15-03-2022 18:05:55.0577 P
[ReportManager] Target URL: [https://duckduckgo.com] @15-03-2022 18:05:55.0644 PM
[ReportManager] Initial URL: [https://duckduckgo.com] @15-03-2022 18:05:55.0777 PM
[ReportManager] Browser Action [NavigateToURL] successfully performed. With the following test data [https://duckduckgo.com]. @15-03-2022 18:05:56.0927 PM
[ReportManager] Browser Action [CloseCurrentWindow] successfully performed. @15-03-2022 18:05:57.0210 PM
[ReportManager] Successfully created attachment [Browser Action Test Data - CloseCurrentWindow - Actual Value] @15-03-2022 18:05:57.0258 P
[ReportManager] File Action [GetAbsolutePath] successfully performed. With the following test data [Relative Folder Path: "target/downloadedFiles/"]. @15-03-2022 18:05:57.0392 PM
[ReportManager] Attempting to run locally on: [Mac-64], [Safari], Headless Execution. @15-03-2022 18:05:57.0392 PM
[ReportManager] An Exception Occured with this Message: Could not start a new session. Possible causes are invalid address of the remote server or browser start-up failure.. @15-03-2022 18:05:57.0687 PM
[ReportManager] Successfully created attachment [Exception Stack Trace - org.openqa.selenium.SessionNotCreatedException] @15-03-2022 18:05:57.0688 PM
[ReportManager] Driver Factory Action [createNewLocalDriverInstanceForSafari] failed. With the following test data [Failed to create a session on DESKTOP_SAFARI]. @15-03-2022 18:05:57.0689 P

################################################################################################################################################
Starting Execution:	[7 out of 165] test cases in the current suite
Test Method:		[unitTests.tests_browserActions.getCurrentURL]
###############################################################################################################################################



################################################################################################################################################
Starting Execution:	[8 out of 165] test cases in the current suite
Test Method:		[unitTests.tests_browserActions.getCurrentWindowTitle]
###############################################################################################################################################



################################################################################################################################################
Starting Execution:	[9 out of 165] test cases in the current suite
Test Method:		[unitTests.tests_browserActions.getPageSource]
###############################################################################################################################################



################################################################################################################################################
Starting Execution:	[10 out of 165] test cases in the current suite
Test Method:		[unitTests.tests_browserActions.getWindowHandle]
###############################################################################################################################################



################################################################################################################################################
Starting Execution:	[11 out of 165] test cases in the current suite
Test Method:		[unitTests.tests_browserActions.getWindowPosition]
###############################################################################################################################################



################################################################################################################################################
Starting Execution:	[12 out of 165] test cases in the current suite
Test Method:		[unitTests.tests_browserActions.getWindowSize]
###############################################################################################################################################



################################################################################################################################################
Starting Execution:	[13 out of 165] test cases in the current suite
Test Method:		[unitTests.tests_browserActions.maximizeWindow]
###############################################################################################################################################



################################################################################################################################################
Starting Execution:	[14 out of 165] test cases in the current suite
Test Method:		[unitTests.tests_browserActions.navigateBack]
###############################################################################################################################################



################################################################################################################################################
Starting Execution:	[15 out of 165] test cases in the current suite
Test Method:		[unitTests.tests_browserActions.navigateForward]
###############################################################################################################################################



################################################################################################################################################
Starting Execution:	[16 out of 165] test cases in the current suite
Test Method:		[unitTests.tests_browserActions.navigateToURL]
###############################################################################################################################################



################################################################################################################################################
Starting Execution:	[17 out of 165] test cases in the current suite
Test Method:		[unitTests.tests_browserActions.navigateToURLWithRedirection]
###############################################################################################################################################



################################################################################################################################################
Starting Execution:	[18 out of 165] test cases in the current suite
Test Method:		[unitTests.tests_browserActions.refreshCurrentPage]
###############################################################################################################################################



################################################################################################################################################
Starting Execution:	[19 out of 165] test cases in the current suite
Test Method:		[unitTests.tests_browserActions.setWindowSize]
###############################################################################################################################################

[ReportManager] Successfully loaded the following test data file [src/test/resources/testDataFiles/testSuite01/TestData.xlsx]. @15-03-2022 18:06:02.0337 PM
[ReportManager] Successfully created attachment [Test Data - Excel] @15-03-2022 18:06:02.0337 P

################################################################################################################################################
Starting Execution:	[20 out of 165] test cases in the current suite
Test Method:		[unitTests.tests_io_excelFileManager.getCellData_rowName_expectedToPass]
################################################################################################################################################
[ReportManager] testRowData. @15-03-2022 18:06:02.0352 P

################################################################################################################################################
Starting Execution:	[21 out of 165] test cases in the current suite
Test Method:		[unitTests.tests_validations_assertions.assertComparativeRelation_greaterThanOrEquals_false_equals_expectedToFail]
################################################################################################################################################
[ReportManager] Assertion [ValidateComparativeRelation] FAILED. Expected [1] and Actual [1]. Comparison Type [GREATER_THAN_OR_EQUALS]. Validation Type [NEGATIVE]. @15-03-2022 18:06:02.0366 P

################################################################################################################################################
Starting Execution:	[22 out of 165] test cases in the current suite
Test Method:		[unitTests.tests_validations_assertions.assertComparativeRelation_greaterThanOrEquals_false_equals_expectedToPass]
################################################################################################################################################
[ReportManager] Assertion [ValidateComparativeRelation] PASSED. Expected [2] and Actual [1]. Comparison Type [GREATER_THAN_OR_EQUALS]. Validation Type [NEGATIVE]. @15-03-2022 18:06:02.0386 P

################################################################################################################################################
Starting Execution:	[23 out of 165] test cases in the current suite
Test Method:		[unitTests.tests_validations_assertions.assertComparativeRelation_greaterThanOrEquals_false_greaterThan_expectedToFail]
################################################################################################################################################
[ReportManager] Assertion [ValidateComparativeRelation] FAILED. Expected [1] and Actual [2]. Comparison Type [GREATER_THAN_OR_EQUALS]. Validation Type [NEGATIVE]. @15-03-2022 18:06:02.0404 P

################################################################################################################################################
Starting Execution:	[24 out of 165] test cases in the current suite
Test Method:		[unitTests.tests_validations_assertions.assertComparativeRelation_greaterThanOrEquals_false_greaterThan_expectedToPass]
################################################################################################################################################
[ReportManager] Assertion [ValidateComparativeRelation] PASSED. Expected [2] and Actual [1]. Comparison Type [GREATER_THAN_OR_EQUALS]. Validation Type [NEGATIVE]. @15-03-2022 18:06:02.0410 P

################################################################################################################################################
Starting Execution:	[25 out of 165] test cases in the current suite
Test Method:		[unitTests.tests_validations_assertions.assertComparativeRelation_greaterThanOrEquals_true_equals_expectedToFail]
################################################################################################################################################
[ReportManager] Assertion [ValidateComparativeRelation] FAILED. Expected [1] and Actual [0]. Comparison Type [GREATER_THAN_OR_EQUALS]. Validation Type [POSITIVE]. @15-03-2022 18:06:02.0428 P

################################################################################################################################################
Starting Execution:	[26 out of 165] test cases in the current suite
Test Method:		[unitTests.tests_validations_assertions.assertComparativeRelation_greaterThanOrEquals_true_equals_expectedToPass]
################################################################################################################################################
[ReportManager] Assertion [ValidateComparativeRelation] PASSED. Expected [1] and Actual [1]. Comparison Type [GREATER_THAN_OR_EQUALS]. Validation Type [POSITIVE]. @15-03-2022 18:06:02.0433 P

################################################################################################################################################
Starting Execution:	[27 out of 165] test cases in the current suite
Test Method:		[unitTests.tests_validations_assertions.assertComparativeRelation_greaterThanOrEquals_true_greaterThan_expectedToFail]
################################################################################################################################################
[ReportManager] Assertion [ValidateComparativeRelation] FAILED. Expected [2] and Actual [1]. Comparison Type [GREATER_THAN_OR_EQUALS]. Validation Type [POSITIVE]. @15-03-2022 18:06:02.0438 P

################################################################################################################################################
Starting Execution:	[28 out of 165] test cases in the current suite
Test Method:		[unitTests.tests_validations_assertions.assertComparativeRelation_greaterThanOrEquals_true_greaterThan_expectedToPass]
################################################################################################################################################
[ReportManager] Assertion [ValidateComparativeRelation] PASSED. Expected [1] and Actual [2]. Comparison Type [GREATER_THAN_OR_EQUALS]. Validation Type [POSITIVE]. @15-03-2022 18:06:02.0447 P
[ReportManager] File Action [GetAbsolutePath] successfully performed. With the following test data [Relative Folder Path: "target/downloadedFiles/"]. @15-03-2022 18:06:02.0450 PM
[ReportManager] Attempting to run locally on: [Mac-64], [Safari], Headless Execution. @15-03-2022 18:06:02.0451 PM
[ReportManager] Successfully Opened Safari. @15-03-2022 18:06:03.0430 PM
[ReportManager] Initial window size: (800, 600) @15-03-2022 18:06:03.0464 PM
[ReportManager] Window size after SWD Maximize: (1176, 802) @15-03-2022 18:06:03.0515 PM
[ReportManager] Browser Action [MaximizeWindow] successfully performed. With the following test data [New screen size is now: (1176, 802)]. @15-03-2022 18:06:03.0516 PM
[ReportManager] Target URL: [https://www.google.com/ncr], and after redirection: [www.google.com] @15-03-2022 18:06:03.0516 PM
[ReportManager] Initial URL: [] @15-03-2022 18:06:03.0589 PM
[ReportManager] Browser Action [NavigateToURL] successfully performed. With the following test data [https://www.google.com/ncr]. @15-03-2022 18:06:04.0585 P

################################################################################################################################################
Starting Execution:	[29 out of 165] test cases in the current suite
Test Method:		[unitTests.tests_validations_assertions.assertElementAttribute_false_caseInsensitiveComparison_expectedToFail]
################################################################################################################################################
[ReportManager] Element Action [Type] successfully performed. With the following test data [AUTOMATION]. @15-03-2022 18:06:05.0183 PM
[ReportManager] Element Action [GetText] successfully performed. With the following test data [AUTOMATION]. @15-03-2022 18:06:05.0366 PM
[ReportManager] Assertion [ValidateElementAttribute] FAILED. Expected [Value Should not be 'AutomaTion' for the 'text' attribute, element locator 'By.name: q'] and Actual [AUTOMATION]. Comparison Type [CASE_INSENSITIVE]. Validation Type [NEGATIVE]. @15-03-2022 18:06:10.0317 PM
[ReportManager] Successfully created attachment [Screenshot - 1647367566159_assertElementAttribute_false_caseInsensitiveComparison_expectedToFail_ValidateElementAttribute_failed] @15-03-2022 18:06:10.0332 P
[ReportManager] Browser Action [CloseCurrentWindow] successfully performed. @15-03-2022 18:06:10.0685 PM
[ReportManager] Successfully created attachment [Browser Action Test Data - CloseCurrentWindow - Actual Value] @15-03-2022 18:06:10.0686 P
[ReportManager] File Action [GetAbsolutePath] successfully performed. With the following test data [Relative Folder Path: "target/downloadedFiles/"]. @15-03-2022 18:06:10.0692 PM
[ReportManager] Attempting to run locally on: [Mac-64], [Safari], Headless Execution. @15-03-2022 18:06:10.0692 PM
[ReportManager] Successfully Opened Safari. @15-03-2022 18:06:11.0601 PM
[ReportManager] Initial window size: (800, 600) @15-03-2022 18:06:11.0632 PM
[ReportManager] Window size after SWD Maximize: (1176, 803) @15-03-2022 18:06:11.0674 PM
[ReportManager] Browser Action [MaximizeWindow] successfully performed. With the following test data [New screen size is now: (1176, 803)]. @15-03-2022 18:06:11.0674 PM
[ReportManager] Target URL: [https://www.google.com/ncr], and after redirection: [www.google.com] @15-03-2022 18:06:11.0675 PM
[ReportManager] Initial URL: [] @15-03-2022 18:06:11.0757 PM
[ReportManager] Browser Action [NavigateToURL] successfully performed. With the following test data [https://www.google.com/ncr]. @15-03-2022 18:06:12.0917 P

################################################################################################################################################
Starting Execution:	[30 out of 165] test cases in the current suite
Test Method:		[unitTests.tests_validations_assertions.assertElementAttribute_false_caseInsensitiveComparison_expectedToPass]
################################################################################################################################################
[ReportManager] Element Action [Type] successfully performed. With the following test data [AUTOMATION]. @15-03-2022 18:06:14.0184 PM
[ReportManager] Element Action [GetText] successfully performed. With the following test data [AUTOMATION]. @15-03-2022 18:06:14.0267 PM
[ReportManager] Assertion [ValidateElementAttribute] PASSED. Expected [Value Should not be 'AutomaTion123' for the 'text' attribute, element locator 'By.name: q'] and Actual [AUTOMATION]. Comparison Type [CASE_INSENSITIVE]. Validation Type [NEGATIVE]. @15-03-2022 18:06:14.0483 PM
[ReportManager] Successfully created attachment [Screenshot - 1647367574380_assertElementAttribute_false_caseInsensitiveComparison_expectedToPass_ValidateElementAttribute_passed] @15-03-2022 18:06:14.0486 P
[ReportManager] Browser Action [CloseCurrentWindow] successfully performed. @15-03-2022 18:06:14.0663 PM
[ReportManager] Successfully created attachment [Browser Action Test Data - CloseCurrentWindow - Actual Value] @15-03-2022 18:06:14.0665 P
[ReportManager] File Action [GetAbsolutePath] successfully performed. With the following test data [Relative Folder Path: "target/downloadedFiles/"]. @15-03-2022 18:06:14.0670 PM
[ReportManager] Attempting to run locally on: [Mac-64], [Safari], Headless Execution. @15-03-2022 18:06:14.0671 PM
[ReportManager] Successfully Opened Safari. @15-03-2022 18:06:15.0526 PM
[ReportManager] Initial window size: (800, 600) @15-03-2022 18:06:15.0537 PM
[ReportManager] Window size after SWD Maximize: (1176, 803) @15-03-2022 18:06:15.0554 PM
[ReportManager] Browser Action [MaximizeWindow] successfully performed. With the following test data [New screen size is now: (1176, 803)]. @15-03-2022 18:06:15.0555 PM
[ReportManager] Target URL: [https://www.google.com/ncr], and after redirection: [www.google.com] @15-03-2022 18:06:15.0555 PM
[ReportManager] Initial URL: [] @15-03-2022 18:06:15.0618 PM
[ReportManager] Browser Action [NavigateToURL] successfully performed. With the following test data [https://www.google.com/ncr]. @15-03-2022 18:06:16.0601 P

################################################################################################################################################
Starting Execution:	[31 out of 165] test cases in the current suite
Test Method:		[unitTests.tests_validations_assertions.assertElementAttribute_false_containsComparison_expectedToFail]
################################################################################################################################################
[ReportManager] Element Action [Type] successfully performed. With the following test data [Automation123]. @15-03-2022 18:06:16.0978 PM
[ReportManager] Element Action [GetText] successfully performed. With the following test data [Automation123]. @15-03-2022 18:06:17.0052 PM
[ReportManager] Assertion [ValidateElementAttribute] FAILED. Expected [Value Should not be 'Automation' for the 'text' attribute, element locator 'By.name: q'] and Actual [Automation123]. Comparison Type [CONTAINS]. Validation Type [NEGATIVE]. @15-03-2022 18:06:17.0223 PM
[ReportManager] Successfully created attachment [Screenshot - 1647367577148_assertElementAttribute_false_containsComparison_expectedToFail_ValidateElementAttribute_failed] @15-03-2022 18:06:17.0225 P
[ReportManager] Browser Action [CloseCurrentWindow] successfully performed. @15-03-2022 18:06:17.0400 PM
[ReportManager] Successfully created attachment [Browser Action Test Data - CloseCurrentWindow - Actual Value] @15-03-2022 18:06:17.0401 P
[ReportManager] File Action [GetAbsolutePath] successfully performed. With the following test data [Relative Folder Path: "target/downloadedFiles/"]. @15-03-2022 18:06:17.0404 PM
[ReportManager] Attempting to run locally on: [Mac-64], [Safari], Headless Execution. @15-03-2022 18:06:17.0404 PM
[ReportManager] An Exception Occured with this Message: Could not start a new session. Possible causes are invalid address of the remote server or browser start-up failure.. @15-03-2022 18:06:17.0510 PM
[ReportManager] Successfully created attachment [Exception Stack Trace - org.openqa.selenium.SessionNotCreatedException] @15-03-2022 18:06:17.0511 PM
[ReportManager] Driver Factory Action [createNewLocalDriverInstanceForSafari] failed. With the following test data [Failed to create a session on DESKTOP_SAFARI]. @15-03-2022 18:06:17.0511 P

################################################################################################################################################
Starting Execution:	[32 out of 165] test cases in the current suite
Test Method:		[unitTests.tests_validations_assertions.assertElementAttribute_false_containsComparison_expectedToPass]
###############################################################################################################################################



################################################################################################################################################
Starting Execution:	[33 out of 165] test cases in the current suite
Test Method:		[unitTests.tests_validations_assertions.assertElementAttribute_false_literalComparison_expectedToFail]
###############################################################################################################################################



################################################################################################################################################
Starting Execution:	[34 out of 165] test cases in the current suite
Test Method:		[unitTests.tests_validations_assertions.assertElementAttribute_false_literalComparison_expectedToPass]
###############################################################################################################################################



################################################################################################################################################
Starting Execution:	[35 out of 165] test cases in the current suite
Test Method:		[unitTests.tests_validations_assertions.assertElementAttribute_false_regexComparison_expectedToFail]
###############################################################################################################################################



################################################################################################################################################
Starting Execution:	[36 out of 165] test cases in the current suite
Test Method:		[unitTests.tests_validations_assertions.assertElementAttribute_false_regexComparison_expectedToPass]
###############################################################################################################################################



################################################################################################################################################
Starting Execution:	[37 out of 165] test cases in the current suite
Test Method:		[unitTests.tests_validations_assertions.assertElementAttribute_true_caseInsensitiveComparison_expectedToFail]
###############################################################################################################################################



################################################################################################################################################
Starting Execution:	[38 out of 165] test cases in the current suite
Test Method:		[unitTests.tests_validations_assertions.assertElementAttribute_true_caseInsensitiveComparison_expectedToPass]
###############################################################################################################################################



################################################################################################################################################
Starting Execution:	[39 out of 165] test cases in the current suite
Test Method:		[unitTests.tests_validations_assertions.assertElementAttribute_true_containsComparison_expectedToFail]
###############################################################################################################################################



################################################################################################################################################
Starting Execution:	[40 out of 165] test cases in the current suite
Test Method:		[unitTests.tests_validations_assertions.assertElementAttribute_true_containsComparison_expectedToPass]
###############################################################################################################################################



################################################################################################################################################
Starting Execution:	[41 out of 165] test cases in the current suite
Test Method:		[unitTests.tests_validations_assertions.assertElementAttribute_true_literalComparison_expectedToFail]
###############################################################################################################################################



################################################################################################################################################
Starting Execution:	[42 out of 165] test cases in the current suite
Test Method:		[unitTests.tests_validations_assertions.assertElementAttribute_true_literalComparison_expectedToPass]
###############################################################################################################################################



################################################################################################################################################
Starting Execution:	[43 out of 165] test cases in the current suite
Test Method:		[unitTests.tests_validations_assertions.assertElementAttribute_true_regexComparison_expectedToFail]
###############################################################################################################################################



################################################################################################################################################
Starting Execution:	[44 out of 165] test cases in the current suite
Test Method:		[unitTests.tests_validations_assertions.assertElementAttribute_true_regexComparison_expectedToPass]
###############################################################################################################################################



################################################################################################################################################
Starting Execution:	[45 out of 165] test cases in the current suite
Test Method:		[unitTests.tests_validations_assertions.assertElementAttribute_type_true_literalComparison_expectedToPass]
###############################################################################################################################################



################################################################################################################################################
Starting Execution:	[46 out of 165] test cases in the current suite
Test Method:		[unitTests.tests_validations_assertions.assertElementExists_false_expectedToFail]
###############################################################################################################################################



################################################################################################################################################
Starting Execution:	[47 out of 165] test cases in the current suite
Test Method:		[unitTests.tests_validations_assertions.assertElementExists_false_expectedToPass]
###############################################################################################################################################



################################################################################################################################################
Starting Execution:	[48 out of 165] test cases in the current suite
Test Method:		[unitTests.tests_validations_assertions.assertElementExists_false_multipleElementsFound_expectedToFail]
###############################################################################################################################################



################################################################################################################################################
Starting Execution:	[49 out of 165] test cases in the current suite
Test Method:		[unitTests.tests_validations_assertions.assertElementExists_true_expectedToFail]
###############################################################################################################################################



################################################################################################################################################
Starting Execution:	[50 out of 165] test cases in the current suite
Test Method:		[unitTests.tests_validations_assertions.assertElementExists_true_expectedToPass]
###############################################################################################################################################



################################################################################################################################################
Starting Execution:	[51 out of 165] test cases in the current suite
Test Method:		[unitTests.tests_validations_assertions.assertElementExists_true_multipleElementsFound_expectedToFail]
###############################################################################################################################################


################################################################################################################################################
Starting Execution:	[52 out of 165] test cases in the current suite
Test Method:		[unitTests.tests_validations_assertions.assertEquals_false_expectedToFail]
###############################################################################################################################################

################################################################################################################################################
Starting Execution:	[53 out of 165] test cases in the current suite
Test Method:		[unitTests.tests_validations_assertions.assertEquals_false_expectedToPass]
###############################################################################################################################################

################################################################################################################################################
Starting Execution:	[54 out of 165] test cases in the current suite
Test Method:		[unitTests.tests_validations_assertions.assertEquals_longCharacters]
###############################################################################################################################################

################################################################################################################################################
Starting Execution:	[55 out of 165] test cases in the current suite
Test Method:		[unitTests.tests_validations_assertions.assertEquals_longCharacters_Discreet]
###############################################################################################################################################

################################################################################################################################################
Starting Execution:	[56 out of 165] test cases in the current suite
Test Method:		[unitTests.tests_validations_assertions.assertEquals_true_expectedToFail]
###############################################################################################################################################

################################################################################################################################################
Starting Execution:	[57 out of 165] test cases in the current suite
Test Method:		[unitTests.tests_validations_assertions.assertEquals_true_expectedToPass]
Test Description:	[Assert that assertEquals works as expected when the two values are equal.]
###############################################################################################################################################

################################################################################################################################################
Starting Execution:	[58 out of 165] test cases in the current suite
Test Method:		[unitTests.tests_validations_assertions.assertEquals_true_expectedToPass__]
###############################################################################################################################################

################################################################################################################################################
Starting Execution:	[59 out of 165] test cases in the current suite
Test Method:		[unitTests.tests_validations_assertions.assertFileExists_false_expectedToFail]
###############################################################################################################################################

################################################################################################################################################
Starting Execution:	[60 out of 165] test cases in the current suite
Test Method:		[unitTests.tests_validations_assertions.assertFileExists_false_expectedToPass]
###############################################################################################################################################

################################################################################################################################################
Starting Execution:	[61 out of 165] test cases in the current suite
Test Method:		[unitTests.tests_validations_assertions.assertFileExists_true_expectedToFail]
###############################################################################################################################################

################################################################################################################################################
Starting Execution:	[62 out of 165] test cases in the current suite
Test Method:		[unitTests.tests_validations_assertions.assertFileExists_true_expectedToPass]
###############################################################################################################################################

################################################################################################################################################
Starting Execution:	[63 out of 165] test cases in the current suite
Test Method:		[unitTests.tests_validations_assertions.assertNull_false_expectedToFail]
###############################################################################################################################################

################################################################################################################################################
Starting Execution:	[64 out of 165] test cases in the current suite
Test Method:		[unitTests.tests_validations_assertions.assertNull_false_expectedToPass]
###############################################################################################################################################

################################################################################################################################################
Starting Execution:	[65 out of 165] test cases in the current suite
Test Method:		[unitTests.tests_validations_assertions.assertNull_true_expectedToFail]
###############################################################################################################################################

################################################################################################################################################
Starting Execution:	[66 out of 165] test cases in the current suite
Test Method:		[unitTests.tests_validations_assertions.assertNull_true_expectedToPass]
###############################################################################################################################################

################################################################################################################################################
Starting Execution:	[67 out of 165] test cases in the current suite
Test Method:		[unitTests.tests_restActions.getPostsAndAssertBodyForSpecificTitle]
################################################################################################################################################
[ReportManager] Response status code: [200], status line: [HTTP/1.1 200 OK] @15-03-2022 18:06:20.0134 PM
[ReportManager] Assertion Passed: Evaluating the actual response status code against the expected one... @15-03-2022 18:06:20.0139 PM
[ReportManager] Assertion [ValidateComparativeRelation] PASSED. Expected [200] and Actual [200]. Comparison Type [EQUALS]. Validation Type [POSITIVE]. @15-03-2022 18:06:20.0140 PM
[ReportManager] API Action [PerformRequest] successfully performed. With the following test data [Request Type: "GET" | Target Status Code: "200" | Service URL: "https://jsonplaceholder.typicode.com/posts" | Content Type: "*/*" | Response Time: "662ms"]. @15-03-2022 18:06:21.0177 PM
[ReportManager] Successfully created attachment [API Request - Specifications] @15-03-2022 18:06:21.0178 PM
[ReportManager] Successfully created attachment [API Response - JSON Body] @15-03-2022 18:06:21.0453 PM
[ReportManager] API Action [GetResponseJSONValueAsList] successfully performed. @15-03-2022 18:06:21.0477 PM
[ReportManager] API Action [GetResponseJSONValue] successfully performed. With the following test data [title]. @15-03-2022 18:06:21.0501 PM
[ReportManager] API Action [GetResponseJSONValue] successfully performed. With the following test data [title]. @15-03-2022 18:06:21.0517 PM
[ReportManager] API Action [GetResponseJSONValue] successfully performed. With the following test data [body]. @15-03-2022 18:06:21.0533 PM
[ReportManager] Assertion [ValidateEquals] PASSED. Expected [qui neque nisi nulla] and Actual [est rerum tempore vitae
sequi sint nihil reprehenderit dolor beatae ea dolores neque
fugiat blanditiis voluptate porro vel nihil molestiae ut reiciendis
qui aperiam non debitis possimus qui neque nisi nulla]. Comparison Type [CONTAINS]. Validation Type [POSITIVE]. @15-03-2022 18:06:21.0534 PM
[ReportManager] API Action [GetResponseJSONValue] successfully performed. With the following test data [title]. @15-03-2022 18:06:21.0549 PM
[ReportManager] API Action [GetResponseJSONValue] successfully performed. With the following test data [title]. @15-03-2022 18:06:21.0563 PM
[ReportManager] API Action [GetResponseJSONValue] successfully performed. With the following test data [title]. @15-03-2022 18:06:21.0578 PM
[ReportManager] API Action [GetResponseJSONValue] successfully performed. With the following test data [title]. @15-03-2022 18:06:21.0593 PM
[ReportManager] API Action [GetResponseJSONValue] successfully performed. With the following test data [title]. @15-03-2022 18:06:21.0608 PM
[ReportManager] API Action [GetResponseJSONValue] successfully performed. With the following test data [title]. @15-03-2022 18:06:21.0625 PM
[ReportManager] API Action [GetResponseJSONValue] successfully performed. With the following test data [title]. @15-03-2022 18:06:21.0639 PM
[ReportManager] API Action [GetResponseJSONValue] successfully performed. With the following test data [title]. @15-03-2022 18:06:21.0654 PM
[ReportManager] API Action [GetResponseJSONValue] successfully performed. With the following test data [title]. @15-03-2022 18:06:21.0671 PM
[ReportManager] API Action [GetResponseJSONValue] successfully performed. With the following test data [title]. @15-03-2022 18:06:21.0687 PM
[ReportManager] API Action [GetResponseJSONValue] successfully performed. With the following test data [title]. @15-03-2022 18:06:21.0703 PM
[ReportManager] API Action [GetResponseJSONValue] successfully performed. With the following test data [title]. @15-03-2022 18:06:21.0721 PM
[ReportManager] API Action [GetResponseJSONValue] successfully performed. With the following test data [title]. @15-03-2022 18:06:21.0737 PM
[ReportManager] API Action [GetResponseJSONValue] successfully performed. With the following test data [title]. @15-03-2022 18:06:21.0752 PM
[ReportManager] API Action [GetResponseJSONValue] successfully performed. With the following test data [title]. @15-03-2022 18:06:21.0768 PM
[ReportManager] API Action [GetResponseJSONValue] successfully performed. With the following test data [title]. @15-03-2022 18:06:21.0782 PM
[ReportManager] API Action [GetResponseJSONValue] successfully performed. With the following test data [title]. @15-03-2022 18:06:21.0796 PM
[ReportManager] API Action [GetResponseJSONValue] successfully performed. With the following test data [title]. @15-03-2022 18:06:21.0811 PM
[ReportManager] API Action [GetResponseJSONValue] successfully performed. With the following test data [title]. @15-03-2022 18:06:21.0826 PM
[ReportManager] API Action [GetResponseJSONValue] successfully performed. With the following test data [title]. @15-03-2022 18:06:21.0840 PM
[ReportManager] API Action [GetResponseJSONValue] successfully performed. With the following test data [title]. @15-03-2022 18:06:21.0854 PM
[ReportManager] API Action [GetResponseJSONValue] successfully performed. With the following test data [title]. @15-03-2022 18:06:21.0870 PM
[ReportManager] API Action [GetResponseJSONValue] successfully performed. With the following test data [title]. @15-03-2022 18:06:21.0884 PM
[ReportManager] API Action [GetResponseJSONValue] successfully performed. With the following test data [title]. @15-03-2022 18:06:21.0899 PM
[ReportManager] API Action [GetResponseJSONValue] successfully performed. With the following test data [title]. @15-03-2022 18:06:21.0913 PM
[ReportManager] API Action [GetResponseJSONValue] successfully performed. With the following test data [title]. @15-03-2022 18:06:21.0927 PM
[ReportManager] API Action [GetResponseJSONValue] successfully performed. With the following test data [title]. @15-03-2022 18:06:21.0943 PM
[ReportManager] API Action [GetResponseJSONValue] successfully performed. With the following test data [title]. @15-03-2022 18:06:21.0959 PM
[ReportManager] API Action [GetResponseJSONValue] successfully performed. With the following test data [title]. @15-03-2022 18:06:21.0974 PM
[ReportManager] API Action [GetResponseJSONValue] successfully performed. With the following test data [title]. @15-03-2022 18:06:21.0989 PM
[ReportManager] API Action [GetResponseJSONValue] successfully performed. With the following test data [title]. @15-03-2022 18:06:22.0003 PM
[ReportManager] API Action [GetResponseJSONValue] successfully performed. With the following test data [title]. @15-03-2022 18:06:22.0016 PM
[ReportManager] API Action [GetResponseJSONValue] successfully performed. With the following test data [title]. @15-03-2022 18:06:22.0029 PM
[ReportManager] API Action [GetResponseJSONValue] successfully performed. With the following test data [title]. @15-03-2022 18:06:22.0043 PM
[ReportManager] API Action [GetResponseJSONValue] successfully performed. With the following test data [title]. @15-03-2022 18:06:22.0056 PM
[ReportManager] API Action [GetResponseJSONValue] successfully performed. With the following test data [title]. @15-03-2022 18:06:22.0070 PM
[ReportManager] API Action [GetResponseJSONValue] successfully performed. With the following test data [title]. @15-03-2022 18:06:22.0084 PM
[ReportManager] API Action [GetResponseJSONValue] successfully performed. With the following test data [title]. @15-03-2022 18:06:22.0100 PM
[ReportManager] API Action [GetResponseJSONValue] successfully performed. With the following test data [title]. @15-03-2022 18:06:22.0118 PM
[ReportManager] API Action [GetResponseJSONValue] successfully performed. With the following test data [title]. @15-03-2022 18:06:22.0133 PM
[ReportManager] API Action [GetResponseJSONValue] successfully performed. With the following test data [title]. @15-03-2022 18:06:22.0148 PM
[ReportManager] API Action [GetResponseJSONValue] successfully performed. With the following test data [title]. @15-03-2022 18:06:22.0161 PM
[ReportManager] API Action [GetResponseJSONValue] successfully performed. With the following test data [title]. @15-03-2022 18:06:22.0176 PM
[ReportManager] API Action [GetResponseJSONValue] successfully performed. With the following test data [title]. @15-03-2022 18:06:22.0189 PM
[ReportManager] API Action [GetResponseJSONValue] successfully performed. With the following test data [title]. @15-03-2022 18:06:22.0203 PM
[ReportManager] API Action [GetResponseJSONValue] successfully performed. With the following test data [title]. @15-03-2022 18:06:22.0233 PM
[ReportManager] API Action [GetResponseJSONValue] successfully performed. With the following test data [title]. @15-03-2022 18:06:22.0246 PM
[ReportManager] API Action [GetResponseJSONValue] successfully performed. With the following test data [title]. @15-03-2022 18:06:22.0259 PM
[ReportManager] API Action [GetResponseJSONValue] successfully performed. With the following test data [title]. @15-03-2022 18:06:22.0271 PM
[ReportManager] API Action [GetResponseJSONValue] successfully performed. With the following test data [title]. @15-03-2022 18:06:22.0283 PM
[ReportManager] API Action [GetResponseJSONValue] successfully performed. With the following test data [title]. @15-03-2022 18:06:22.0296 PM
[ReportManager] API Action [GetResponseJSONValue] successfully performed. With the following test data [title]. @15-03-2022 18:06:22.0309 PM
[ReportManager] API Action [GetResponseJSONValue] successfully performed. With the following test data [title]. @15-03-2022 18:06:22.0322 PM
[ReportManager] API Action [GetResponseJSONValue] successfully performed. With the following test data [title]. @15-03-2022 18:06:22.0338 PM
[ReportManager] API Action [GetResponseJSONValue] successfully performed. With the following test data [title]. @15-03-2022 18:06:22.0351 PM
[ReportManager] API Action [GetResponseJSONValue] successfully performed. With the following test data [title]. @15-03-2022 18:06:22.0363 PM
[ReportManager] API Action [GetResponseJSONValue] successfully performed. With the following test data [title]. @15-03-2022 18:06:22.0376 PM
[ReportManager] API Action [GetResponseJSONValue] successfully performed. With the following test data [title]. @15-03-2022 18:06:22.0401 PM
[ReportManager] API Action [GetResponseJSONValue] successfully performed. With the following test data [title]. @15-03-2022 18:06:22.0420 PM
[ReportManager] API Action [GetResponseJSONValue] successfully performed. With the following test data [title]. @15-03-2022 18:06:22.0455 PM
[ReportManager] API Action [GetResponseJSONValue] successfully performed. With the following test data [title]. @15-03-2022 18:06:22.0471 PM
[ReportManager] API Action [GetResponseJSONValue] successfully performed. With the following test data [title]. @15-03-2022 18:06:22.0487 PM
[ReportManager] API Action [GetResponseJSONValue] successfully performed. With the following test data [title]. @15-03-2022 18:06:22.0502 PM
[ReportManager] API Action [GetResponseJSONValue] successfully performed. With the following test data [title]. @15-03-2022 18:06:22.0516 PM
[ReportManager] API Action [GetResponseJSONValue] successfully performed. With the following test data [title]. @15-03-2022 18:06:22.0530 PM
[ReportManager] API Action [GetResponseJSONValue] successfully performed. With the following test data [title]. @15-03-2022 18:06:22.0545 PM
[ReportManager] API Action [GetResponseJSONValue] successfully performed. With the following test data [title]. @15-03-2022 18:06:22.0556 PM
[ReportManager] API Action [GetResponseJSONValue] successfully performed. With the following test data [title]. @15-03-2022 18:06:22.0568 PM
[ReportManager] API Action [GetResponseJSONValue] successfully performed. With the following test data [title]. @15-03-2022 18:06:22.0580 PM
[ReportManager] API Action [GetResponseJSONValue] successfully performed. With the following test data [title]. @15-03-2022 18:06:22.0591 PM
[ReportManager] API Action [GetResponseJSONValue] successfully performed. With the following test data [title]. @15-03-2022 18:06:22.0602 PM
[ReportManager] API Action [GetResponseJSONValue] successfully performed. With the following test data [title]. @15-03-2022 18:06:22.0613 PM
[ReportManager] API Action [GetResponseJSONValue] successfully performed. With the following test data [title]. @15-03-2022 18:06:22.0624 PM
[ReportManager] API Action [GetResponseJSONValue] successfully performed. With the following test data [title]. @15-03-2022 18:06:22.0635 PM
[ReportManager] API Action [GetResponseJSONValue] successfully performed. With the following test data [title]. @15-03-2022 18:06:22.0647 PM
[ReportManager] API Action [GetResponseJSONValue] successfully performed. With the following test data [title]. @15-03-2022 18:06:22.0658 PM
[ReportManager] API Action [GetResponseJSONValue] successfully performed. With the following test data [title]. @15-03-2022 18:06:22.0669 PM
[ReportManager] API Action [GetResponseJSONValue] successfully performed. With the following test data [title]. @15-03-2022 18:06:22.0680 PM
[ReportManager] API Action [GetResponseJSONValue] successfully performed. With the following test data [title]. @15-03-2022 18:06:22.0691 PM
[ReportManager] API Action [GetResponseJSONValue] successfully performed. With the following test data [title]. @15-03-2022 18:06:22.0701 PM
[ReportManager] API Action [GetResponseJSONValue] successfully performed. With the following test data [title]. @15-03-2022 18:06:22.0712 PM
[ReportManager] API Action [GetResponseJSONValue] successfully performed. With the following test data [title]. @15-03-2022 18:06:22.0723 PM
[ReportManager] API Action [GetResponseJSONValue] successfully performed. With the following test data [title]. @15-03-2022 18:06:22.0734 PM
[ReportManager] API Action [GetResponseJSONValue] successfully performed. With the following test data [title]. @15-03-2022 18:06:22.0744 PM
[ReportManager] API Action [GetResponseJSONValue] successfully performed. With the following test data [title]. @15-03-2022 18:06:22.0756 PM
[ReportManager] API Action [GetResponseJSONValue] successfully performed. With the following test data [title]. @15-03-2022 18:06:22.0767 PM
[ReportManager] API Action [GetResponseJSONValue] successfully performed. With the following test data [title]. @15-03-2022 18:06:22.0779 PM
[ReportManager] API Action [GetResponseJSONValue] successfully performed. With the following test data [title]. @15-03-2022 18:06:22.0790 PM
[ReportManager] API Action [GetResponseJSONValue] successfully performed. With the following test data [title]. @15-03-2022 18:06:22.0801 PM
[ReportManager] API Action [GetResponseJSONValue] successfully performed. With the following test data [title]. @15-03-2022 18:06:22.0812 PM
[ReportManager] API Action [GetResponseJSONValue] successfully performed. With the following test data [title]. @15-03-2022 18:06:22.0822 PM
[ReportManager] API Action [GetResponseJSONValue] successfully performed. With the following test data [title]. @15-03-2022 18:06:22.0833 PM
[ReportManager] API Action [GetResponseJSONValue] successfully performed. With the following test data [title]. @15-03-2022 18:06:22.0844 PM
[ReportManager] API Action [GetResponseJSONValue] successfully performed. With the following test data [title]. @15-03-2022 18:06:22.0854 PM
[ReportManager] API Action [GetResponseJSONValue] successfully performed. With the following test data [title]. @15-03-2022 18:06:22.0865 PM
[ReportManager] API Action [GetResponseJSONValue] successfully performed. With the following test data [title]. @15-03-2022 18:06:22.0875 PM
[ReportManager] API Action [GetResponseJSONValue] successfully performed. With the following test data [title]. @15-03-2022 18:06:22.0885 PM
[ReportManager] API Action [GetResponseJSONValue] successfully performed. With the following test data [title]. @15-03-2022 18:06:22.0895 P

################################################################################################################################################
Starting Execution:	[68 out of 165] test cases in the current suite
Test Method:		[unitTests.tests_restActions.validateUserEmail]
################################################################################################################################################
[ReportManager] Response status code: [200], status line: [HTTP/1.1 200 OK] @15-03-2022 18:06:23.0001 PM
[ReportManager] Assertion Passed: Evaluating the actual response status code against the expected one... @15-03-2022 18:06:23.0002 PM
[ReportManager] Assertion [ValidateComparativeRelation] PASSED. Expected [200] and Actual [200]. Comparison Type [EQUALS]. Validation Type [POSITIVE]. @15-03-2022 18:06:23.0002 PM
[ReportManager] API Action [PerformRequest] successfully performed. With the following test data [Request Type: "GET" | Target Status Code: "200" | Service URL: "https://jsonplaceholder.typicode.com/users" | Content Type: "*/*" | Response Time: "95ms"]. @15-03-2022 18:06:23.0023 PM
[ReportManager] Successfully created attachment [API Request - Specifications] @15-03-2022 18:06:23.0023 PM
[ReportManager] Successfully created attachment [API Response - JSON Body] @15-03-2022 18:06:23.0024 PM
[ReportManager] Assertion [ValidateEquals] PASSED. Expected and Actual values are attached. Comparison Type [CONTAINS]. Validation Type [POSITIVE]. @15-03-2022 18:06:23.0025 PM
[ReportManager] Successfully created attachment [Validation Test Data - Expected Value] @15-03-2022 18:06:23.0025 PM
[ReportManager] Successfully created attachment [Validation Test Data - Actual Value] @15-03-2022 18:06:23.0026 PM
[ReportManager] API Action [GetResponseJSONValueAsList] successfully performed. With the following test data [$]. @15-03-2022 18:06:23.0037 PM
[ReportManager] API Action [GetResponseJSONValue] successfully performed. With the following test data [name]. @15-03-2022 18:06:23.0048 PM
[ReportManager] API Action [GetResponseJSONValue] successfully performed. With the following test data [email]. @15-03-2022 18:06:23.0058 PM
[ReportManager] Assertion [ValidateEquals] PASSED. Expected [Sincere@april.biz] and Actual [Sincere@april.biz]. Comparison Type [EQUALS]. Validation Type [POSITIVE]. @15-03-2022 18:06:23.0059 PM
[ReportManager] API Action [GetResponseJSONValue] successfully performed. With the following test data [name]. @15-03-2022 18:06:23.0072 PM
[ReportManager] API Action [GetResponseJSONValue] successfully performed. With the following test data [name]. @15-03-2022 18:06:23.0086 PM
[ReportManager] API Action [GetResponseJSONValue] successfully performed. With the following test data [name]. @15-03-2022 18:06:23.0098 PM
[ReportManager] API Action [GetResponseJSONValue] successfully performed. With the following test data [name]. @15-03-2022 18:06:23.0108 PM
[ReportManager] API Action [GetResponseJSONValue] successfully performed. With the following test data [name]. @15-03-2022 18:06:23.0119 PM
[ReportManager] API Action [GetResponseJSONValue] successfully performed. With the following test data [name]. @15-03-2022 18:06:23.0129 PM
[ReportManager] API Action [GetResponseJSONValue] successfully performed. With the following test data [name]. @15-03-2022 18:06:23.0140 PM
[ReportManager] API Action [GetResponseJSONValue] successfully performed. With the following test data [name]. @15-03-2022 18:06:23.0151 PM
[ReportManager] API Action [GetResponseJSONValue] successfully performed. With the following test data [name]. @15-03-2022 18:06:23.0172 P
[ReportManager] File Action [GetAbsolutePath] successfully performed. With the following test data [Relative Folder Path: "target/downloadedFiles/"]. @15-03-2022 18:06:23.0176 PM
[ReportManager] Attempting to run locally on: [Mac-64], [Safari], Headless Execution. @15-03-2022 18:06:23.0176 PM
[ReportManager] Successfully Opened Safari. @15-03-2022 18:06:24.0047 PM
[ReportManager] Initial window size: (800, 600) @15-03-2022 18:06:24.0065 PM
[ReportManager] Window size after SWD Maximize: (1176, 803) @15-03-2022 18:06:24.0085 PM
[ReportManager] Browser Action [MaximizeWindow] successfully performed. With the following test data [New screen size is now: (1176, 803)]. @15-03-2022 18:06:24.0086 P

################################################################################################################################################
Starting Execution:	[69 out of 165] test cases in the current suite
Test Method:		[testPackage01.Test_uploadFile.uploadFile_invisibleUploadInput]
################################################################################################################################################
[ReportManager] Target URL: [https://fineuploader.com/demos.html#gallery-view] @15-03-2022 18:06:24.0092 PM
[ReportManager] Initial URL: [] @15-03-2022 18:06:24.0174 PM
[ReportManager] Browser Action [NavigateToURL] successfully performed. With the following test data [https://fineuploader.com/demos.html#gallery-view]. @15-03-2022 18:06:25.0931 PM
[ReportManager] File Action [GetAbsolutePath] successfully performed. With the following test data [Relative File Path: "src/main/resources/images/shaft.png"]. @15-03-2022 18:06:25.0932 PM
[ReportManager] Successfully created attachment [File Action Actual Result - Command Log] @15-03-2022 18:06:25.0932 PM
[ReportManager] Element Action [TypeFileLocationForUpload] successfully performed. With the following test data [/Users/runner/work/SHAFT_ENGINE/SHAFT_ENGINE/src/main/resources/images/shaft.png]. @15-03-2022 18:06:25.0988 PM
[ReportManager] Attempting to getAttribute [src] from elementLocator [By.xpath: //div[@id='fine-uploader-gallery']//div[@class='qq-thumbnail-wrapper']/img]. @15-03-2022 18:06:25.0992 PM
[ReportManager] Element Action [GetAttribute] successfully performed. @15-03-2022 18:06:26.0099 PM
[ReportManager] Successfully created attachment [Element Action Test Data - GetAttribute - Actual Value] @15-03-2022 18:06:26.0102 PM
[ReportManager] Assertion Passed: Then I Assert that the element found by [By.xpath: //div[@id='fine-uploader-gallery']//div[@class='qq-thumbnail-wrapper']/img] attribute [src] contains [data:image/png;base64]. @15-03-2022 18:06:26.0322 PM
[ReportManager] Successfully created attachment [Validation Test Data - Expected Value] @15-03-2022 18:06:26.0323 PM
[ReportManager] Successfully created attachment [Validation Test Data - Actual Value] @15-03-2022 18:06:26.0323 PM
[ReportManager] Successfully created attachment [Screenshot - 1647367586240_uploadFile_invisibleUploadInput_ValidateElementAttribute_passed] @15-03-2022 18:06:26.0325 PM
[ReportManager] Assertion [ValidateElementAttribute] PASSED. Expected and Actual values are attached. Comparison Type [CONTAINS]. Validation Type [POSITIVE]. @15-03-2022 18:06:26.0325 P
[ReportManager] Browser Action [CloseCurrentWindow] successfully performed. @15-03-2022 18:06:26.0650 PM
[ReportManager] Successfully created attachment [Browser Action Test Data - CloseCurrentWindow - Actual Value] @15-03-2022 18:06:26.0651 P
[ReportManager] File Action [GetAbsolutePath] successfully performed. With the following test data [Relative Folder Path: "target/downloadedFiles/"]. @15-03-2022 18:06:26.0654 PM
[ReportManager] Attempting to run locally on: [Mac-64], [Safari], Headless Execution. @15-03-2022 18:06:26.0654 PM
[ReportManager] Successfully Opened Safari. @15-03-2022 18:06:27.0492 PM
[ReportManager] Initial window size: (800, 600) @15-03-2022 18:06:27.0518 PM
[ReportManager] Window size after SWD Maximize: (1176, 803) @15-03-2022 18:06:27.0535 PM
[ReportManager] Browser Action [MaximizeWindow] successfully performed. With the following test data [New screen size is now: (1176, 803)]. @15-03-2022 18:06:27.0536 P

################################################################################################################################################
Starting Execution:	[70 out of 165] test cases in the current suite
Test Method:		[testPackage01.Test_uploadFile.uploadFile_visibleUploadInput]
################################################################################################################################################
[ReportManager] Target URL: [https://demo.guru99.com/test/upload/] @15-03-2022 18:06:27.0539 PM
[ReportManager] Initial URL: [] @15-03-2022 18:06:27.0595 PM
[ReportManager] Browser Action [NavigateToURL] successfully performed. With the following test data [https://demo.guru99.com/test/upload/]. @15-03-2022 18:06:29.0976 PM
[ReportManager] File Action [GetAbsolutePath] successfully performed. With the following test data [Relative Folder Path: "src/main/resources/images/shaft.png"]. @15-03-2022 18:06:29.0977 PM
[ReportManager] Element Action [TypeFileLocationForUpload] successfully performed. With the following test data [/Users/runner/work/SHAFT_ENGINE/SHAFT_ENGINE/src/main/resources/images/shaft.png]. @15-03-2022 18:06:30.0027 PM
[ReportManager] An Exception Occured with this Message: Build info: version: '4.1.2', revision: '9a5a329c5a'. @15-03-2022 18:06:30.0246 PM
[ReportManager] Successfully created attachment [Exception Stack Trace - org.openqa.selenium.WebDriverException] @15-03-2022 18:06:30.0249 PM
[ReportManager] Element Action [Click] failed. @15-03-2022 18:06:30.0410 PM
[ReportManager] Successfully created attachment [Screenshot - 1647367590292_uploadFile_visibleUploadInput_Click_failed] @15-03-2022 18:06:30.0411 P
[ReportManager] Browser Action [CloseCurrentWindow] successfully performed. @15-03-2022 18:06:30.0805 PM
[ReportManager] Successfully created attachment [Browser Action Test Data - CloseCurrentWindow - Actual Value] @15-03-2022 18:06:30.0809 P

################################################################################################################################################
Starting Execution:	[71 out of 165] test cases in the current suite
Test Method:		[testPackage01.Test_AssertApiResponseEquals.assertApiResponseEquals_expectedToPass]
################################################################################################################################################
[ReportManager] Response status code: [200], status line: [HTTP/1.1 200 OK] @15-03-2022 18:06:30.0872 PM
[ReportManager] Assertion Passed: Evaluating the actual response status code against the expected one... @15-03-2022 18:06:30.0872 PM
[ReportManager] Assertion [ValidateComparativeRelation] PASSED. Expected [200] and Actual [200]. Comparison Type [EQUALS]. Validation Type [POSITIVE]. @15-03-2022 18:06:30.0873 PM
[ReportManager] API Action [PerformRequest] successfully performed. With the following test data [Request Type: "GET" | Target Status Code: "200" | Service URL: "https://jsonplaceholder.typicode.com/users" | Content Type: "*/*" | Response Time: "49ms"]. @15-03-2022 18:06:30.0894 PM
[ReportManager] Successfully created attachment [API Request - Specifications] @15-03-2022 18:06:30.0895 PM
[ReportManager] Successfully created attachment [API Response - JSON Body] @15-03-2022 18:06:30.0895 PM
[ReportManager] API Action [GetResponseJSONValueAsList] successfully performed. With the following test data [$]. @15-03-2022 18:06:30.0901 PM
[ReportManager] API Action [GetResponseJSONValue] successfully performed. With the following test data [name]. @15-03-2022 18:06:30.0913 PM
[ReportManager] API Action [GetResponseJSONValue] successfully performed. With the following test data [email]. @15-03-2022 18:06:30.0927 PM
[ReportManager] Verification [ValidateEquals] PASSED. Expected [Sincere@april.biz] and Actual [Sincere@april.biz]. Comparison Type [EQUALS]. Validation Type [POSITIVE]. @15-03-2022 18:06:30.0928 PM
[ReportManager] API Action [GetResponseJSONValue] successfully performed. With the following test data [username]. @15-03-2022 18:06:30.0939 PM
[ReportManager] Assertion [ValidateEquals] PASSED. Expected [Bret] and Actual [Bret]. Comparison Type [EQUALS]. Validation Type [POSITIVE]. @15-03-2022 18:06:30.0940 PM
[ReportManager] API Action [GetResponseJSONValue] successfully performed. With the following test data [name]. @15-03-2022 18:06:30.0950 PM
[ReportManager] API Action [GetResponseJSONValue] successfully performed. With the following test data [name]. @15-03-2022 18:06:30.0960 PM
[ReportManager] API Action [GetResponseJSONValue] successfully performed. With the following test data [name]. @15-03-2022 18:06:30.0971 PM
[ReportManager] API Action [GetResponseJSONValue] successfully performed. With the following test data [name]. @15-03-2022 18:06:30.0982 PM
[ReportManager] API Action [GetResponseJSONValue] successfully performed. With the following test data [name]. @15-03-2022 18:06:30.0994 PM
[ReportManager] API Action [GetResponseJSONValue] successfully performed. With the following test data [name]. @15-03-2022 18:06:31.0010 PM
[ReportManager] API Action [GetResponseJSONValue] successfully performed. With the following test data [name]. @15-03-2022 18:06:31.0022 PM
[ReportManager] API Action [GetResponseJSONValue] successfully performed. With the following test data [name]. @15-03-2022 18:06:31.0033 PM
[ReportManager] API Action [GetResponseJSONValue] successfully performed. With the following test data [name]. @15-03-2022 18:06:31.0045 P
[ReportManager] File Action [GetAbsolutePath] successfully performed. With the following test data [Relative Folder Path: "target/downloadedFiles/"]. @15-03-2022 18:06:31.0048 PM
[ReportManager] Attempting to run locally on: [Mac-64], [Safari], Headless Execution. @15-03-2022 18:06:31.0048 PM
[ReportManager] Successfully Opened Safari. @15-03-2022 18:06:31.0879 PM
[ReportManager] Initial window size: (800, 600) @15-03-2022 18:06:31.0894 PM
[ReportManager] Window size after SWD Maximize: (1176, 803) @15-03-2022 18:06:31.0912 PM
[ReportManager] Browser Action [MaximizeWindow] successfully performed. With the following test data [New screen size is now: (1176, 803)]. @15-03-2022 18:06:31.0913 PM
[ReportManager] Target URL: [http://the-internet.herokuapp.com/javascript_alerts] @15-03-2022 18:06:31.0913 PM
[ReportManager] Initial URL: [] @15-03-2022 18:06:31.0973 PM
[ReportManager] Browser Action [NavigateToURL] successfully performed. With the following test data [http://the-internet.herokuapp.com/javascript_alerts]. @15-03-2022 18:06:32.0591 P

################################################################################################################################################
Starting Execution:	[72 out of 165] test cases in the current suite
Test Method:		[testPackage01.TestJSPromptBox.dismissAlert]
################################################################################################################################################
[ReportManager] Element Action [Click] successfully performed. With the following test data [By.xpath: //button[contains(text(),'Click for JS Prompt')]]. @15-03-2022 18:06:32.0895 PM
[ReportManager] Alert is present @15-03-2022 18:06:32.0914 PM
[ReportManager] Element Action [DismissAlert] successfully performed. @15-03-2022 18:06:32.0930 P

################################################################################################################################################
Starting Execution:	[73 out of 165] test cases in the current suite
Test Method:		[testPackage01.TestJSPromptBox.assertOnCancelAlertResultText]
################################################################################################################################################
[ReportManager] Element Action [GetText] successfully performed. With the following test data [You entered: null]. @15-03-2022 18:06:32.0995 PM
[ReportManager] Assertion Passed: Then I Assert that the element found by [By.id: result] attribute [TEXT] is equal to [You entered: null]. @15-03-2022 18:06:33.0157 PM
[ReportManager] Successfully created attachment [Screenshot - 1647367593085_assertOnCancelAlertResultText_ValidateElementAttribute_passed] @15-03-2022 18:06:33.0159 PM
[ReportManager] Assertion [ValidateElementAttribute] PASSED. Expected [Value Should be 'You entered: null' for the 'text' attribute, element locator 'By.id: result'] and Actual [You entered: null]. Comparison Type [EQUALS]. Validation Type [POSITIVE]. @15-03-2022 18:06:33.0159 P

################################################################################################################################################
Starting Execution:	[74 out of 165] test cases in the current suite
Test Method:		[testPackage01.TestJSPromptBox.getAlertText]
################################################################################################################################################
[ReportManager] Element Action [Click] successfully performed. With the following test data [By.xpath: //button[contains(text(),'Click for JS Prompt')]]. @15-03-2022 18:06:33.0347 PM
[ReportManager] Alert is present @15-03-2022 18:06:33.0354 PM
[ReportManager] Alert Text is: [I am a JS prompt] @15-03-2022 18:06:33.0375 PM
[ReportManager] Element Action [GetAlertText] successfully performed. @15-03-2022 18:06:33.0375 PM
[ReportManager] Alert text is: [I am a JS prompt] @15-03-2022 18:06:33.0377 PM
[ReportManager] Alert is present @15-03-2022 18:06:33.0386 PM
[ReportManager] Alert Text is: [I am a JS prompt] @15-03-2022 18:06:33.0397 PM
[ReportManager] Element Action [GetAlertText] successfully performed. @15-03-2022 18:06:33.0398 PM
[ReportManager] Assertion Passed: Then I Assert that [I am a JS prompt] is equal to [I am a JS prompt]. @15-03-2022 18:06:33.0398 PM
[ReportManager] Assertion [ValidateEquals] PASSED. Expected [I am a JS prompt] and Actual [I am a JS prompt]. Comparison Type [EQUALS]. Validation Type [POSITIVE]. @15-03-2022 18:06:33.0398 P

################################################################################################################################################
Starting Execution:	[75 out of 165] test cases in the current suite
Test Method:		[testPackage01.TestJSPromptBox.acceptPromptAlertWithoutTypingTextMessage]
################################################################################################################################################
[ReportManager] Alert is not present @15-03-2022 18:07:03.0787 PM
[ReportManager] Element Action [WaitForAlertToBePresent] failed. @15-03-2022 18:07:03.0897 PM
[ReportManager] Successfully created attachment [Screenshot - 1647367623809_acceptPromptAlertWithoutTypingTextMessage_WaitForAlertToBePresent_failed] @15-03-2022 18:07:03.0898 P

################################################################################################################################################
Starting Execution:	[76 out of 165] test cases in the current suite
Test Method:		[testPackage01.TestJSPromptBox.assertOnConfirmPromptAlertWithoutTypingTextMessageResultText]
###############################################################################################################################################

################################################################################################################################################
Starting Execution:	[77 out of 165] test cases in the current suite
Test Method:		[testPackage01.TestJSPromptBox.acceptPromptAlertWithTextMessage]
###############################################################################################################################################

################################################################################################################################################
Starting Execution:	[78 out of 165] test cases in the current suite
Test Method:		[testPackage01.TestJSPromptBox.assertOnConfirmPromptAlertWithTextMessageResultText]
###############################################################################################################################################
[ReportManager] Browser Action [CloseCurrentWindow] successfully performed. @15-03-2022 18:07:04.0246 PM
[ReportManager] Successfully created attachment [Browser Action Test Data - CloseCurrentWindow - Actual Value] @15-03-2022 18:07:04.0247 P

################################################################################################################################################
Starting Execution:	[79 out of 165] test cases in the current suite
Test Method:		[testPackage01.Test_testData.f]
################################################################################################################################################
[ReportManager] Successfully loaded the following test data file [src/test/resources/testDataFiles/testSuite01/TestData.xlsx]. @15-03-2022 18:07:04.0290 PM
[ReportManager] Successfully created attachment [Test Data - Excel] @15-03-2022 18:07:04.0291 PM
[ReportManager] Last Column Number is: [3]. Zero-based. @15-03-2022 18:07:04.0296 P

################################################################################################################################################
Starting Execution:	[80 out of 165] test cases in the current suite
Test Method:		[testPackage01.Test_PDF.testPDF1]
################################################################################################################################################
[ReportManager] File Action [DoesFileExist] successfully performed. With the following test data [File Path: "src/test/resources/testDataFiles/sample.pdf"]. @15-03-2022 18:07:04.0305 PM
[ReportManager] File Action [GetAbsolutePath] successfully performed. With the following test data [Relative Folder Path: "src/test/resources/testDataFiles/sample.pdf"]. @15-03-2022 18:07:04.0306 PM
[ReportManager] Assertion Passed: Checking to see that the pdf file contains [A Simple PDF File] @15-03-2022 18:07:09.0721 PM
[ReportManager] Successfully created attachment [Validation Test Data - Expected Value] @15-03-2022 18:07:09.0722 PM
[ReportManager] Successfully created attachment [Validation Test Data - Actual Value] @15-03-2022 18:07:09.0722 PM
[ReportManager] Assertion [ValidateEquals] PASSED. Expected and Actual values are attached. Comparison Type [CONTAINS]. Validation Type [POSITIVE]. @15-03-2022 18:07:09.0722 P

################################################################################################################################################
Starting Execution:	[81 out of 165] test cases in the current suite
Test Method:		[testPackage01.Test_PDF.testPDF2]
################################################################################################################################################
[ReportManager] File Action [DoesFileExist] successfully performed. With the following test data [File Path: "src/test/resources/testDataFiles/sample.pdf"]. @15-03-2022 18:07:09.0730 PM
[ReportManager] File Action [GetAbsolutePath] successfully performed. With the following test data [Relative Folder Path: "src/test/resources/testDataFiles/sample.pdf"]. @15-03-2022 18:07:09.0730 PM
[ReportManager] Assertion Passed: Checking to see that the pdf file contains [A Simple PDF File] @15-03-2022 18:07:09.0746 PM
[ReportManager] Successfully created attachment [Validation Test Data - Expected Value] @15-03-2022 18:07:09.0747 PM
[ReportManager] Successfully created attachment [Validation Test Data - Actual Value] @15-03-2022 18:07:09.0747 PM
[ReportManager] Assertion [ValidateEquals] PASSED. Expected and Actual values are attached. Comparison Type [CONTAINS]. Validation Type [POSITIVE]. @15-03-2022 18:07:09.0748 P
[ReportManager] File Action [GetAbsolutePath] successfully performed. With the following test data [Relative Folder Path: "target/downloadedFiles/"]. @15-03-2022 18:07:09.0751 PM
[ReportManager] Attempting to run locally on: [Mac-64], [Safari], Headless Execution. @15-03-2022 18:07:09.0751 PM
[ReportManager] Successfully Opened Safari. @15-03-2022 18:07:10.0650 PM
[ReportManager] Initial window size: (800, 600) @15-03-2022 18:07:10.0674 PM
[ReportManager] Window size after SWD Maximize: (1176, 803) @15-03-2022 18:07:10.0704 PM
[ReportManager] Browser Action [MaximizeWindow] successfully performed. With the following test data [New screen size is now: (1176, 803)]. @15-03-2022 18:07:10.0704 P

################################################################################################################################################
Starting Execution:	[82 out of 165] test cases in the current suite
Test Method:		[testPackage01.Test_ShadowDOM.shadowdom]
################################################################################################################################################
[ReportManager] Target URL: [https://mdn.github.io/web-components-examples/popup-info-box-web-component/] @15-03-2022 18:07:10.0739 PM
[ReportManager] Initial URL: [] @15-03-2022 18:07:10.0775 PM
[ReportManager] Browser Action [NavigateToURL] successfully performed. With the following test data [https://mdn.github.io/web-components-examples/popup-info-box-web-component/]. @15-03-2022 18:07:11.0109 PM
[ReportManager] Element Action [Type] successfully performed. With the following test data [Typing into SHADOW DOM...]. @15-03-2022 18:07:11.0565 PM
[ReportManager] Element Action [GetText] successfully performed. With the following test data [Typing into SHADOW DOM...]. @15-03-2022 18:07:11.0662 PM
[ReportManager] Assertion [ValidateElementAttribute] PASSED. Expected [Value Should be 'Typing into SHADOW DOM...' for the 'Text' attribute, element locator 'By.id: cvc'] and Actual [Typing into SHADOW DOM...]. Comparison Type [EQUALS]. Validation Type [POSITIVE]. @15-03-2022 18:07:11.0853 PM
[ReportManager] Successfully created attachment [Screenshot - 1647367631749_shadowdom_ValidateElementAttribute_passed] @15-03-2022 18:07:11.0854 P
[ReportManager] Browser Action [CloseCurrentWindow] successfully performed. @15-03-2022 18:07:12.0171 PM
[ReportManager] Successfully created attachment [Browser Action Test Data - CloseCurrentWindow - Actual Value] @15-03-2022 18:07:12.0171 P
[ReportManager] File Action [GetAbsolutePath] successfully performed. With the following test data [Relative Folder Path: "target/downloadedFiles/"]. @15-03-2022 18:07:12.0173 PM
[ReportManager] Attempting to run locally on: [Mac-64], [Safari], Headless Execution. @15-03-2022 18:07:12.0173 PM
[ReportManager] Successfully Opened Safari. @15-03-2022 18:07:12.0991 PM
[ReportManager] Initial window size: (800, 600) @15-03-2022 18:07:13.0018 PM
[ReportManager] Window size after SWD Maximize: (1176, 803) @15-03-2022 18:07:13.0034 PM
[ReportManager] Browser Action [MaximizeWindow] successfully performed. With the following test data [New screen size is now: (1176, 803)]. @15-03-2022 18:07:13.0035 P

################################################################################################################################################
Starting Execution:	[83 out of 165] test cases in the current suite
Test Method:		[testPackage01.Test_clipboardActions.typeTextAndCopyPaste]
################################################################################################################################################
[ReportManager] Target URL: [https://www.google.com/ncr], and after redirection: [https://www.google.com] @15-03-2022 18:07:13.0038 PM
[ReportManager] Initial URL: [] @15-03-2022 18:07:13.0108 PM
[ReportManager] Browser Action [NavigateToURL] successfully performed. With the following test data [https://www.google.com/ncr]. @15-03-2022 18:07:14.0499 PM
[ReportManager] Element Action [Type] successfully performed. With the following test data [FIRST]. @15-03-2022 18:07:14.0785 P
[ReportManager] Browser Action [CloseCurrentWindow] successfully performed. @15-03-2022 18:07:15.0223 PM
[ReportManager] Successfully created attachment [Browser Action Test Data - CloseCurrentWindow - Actual Value] @15-03-2022 18:07:15.0224 P
[ReportManager] File Action [GetAbsolutePath] successfully performed. With the following test data [Relative Folder Path: "target/downloadedFiles/"]. @15-03-2022 18:07:15.0226 PM
[ReportManager] Attempting to run locally on: [Mac-64], [Safari], Headless Execution. @15-03-2022 18:07:15.0226 PM
[ReportManager] Successfully Opened Safari. @15-03-2022 18:07:16.0076 PM
[ReportManager] Initial window size: (800, 600) @15-03-2022 18:07:16.0101 PM
[ReportManager] Window size after SWD Maximize: (1176, 803) @15-03-2022 18:07:16.0127 PM
[ReportManager] Browser Action [MaximizeWindow] successfully performed. With the following test data [New screen size is now: (1176, 803)]. @15-03-2022 18:07:16.0127 PM
[ReportManager] Target URL: [http://the-internet.herokuapp.com/javascript_alerts] @15-03-2022 18:07:16.0127 PM
[ReportManager] Initial URL: [] @15-03-2022 18:07:16.0177 PM
[ReportManager] Browser Action [NavigateToURL] successfully performed. With the following test data [http://the-internet.herokuapp.com/javascript_alerts]. @15-03-2022 18:07:16.0712 P

################################################################################################################################################
Starting Execution:	[84 out of 165] test cases in the current suite
Test Method:		[testPackage01.TestJSAlertBox.getJSAlertText]
################################################################################################################################################
[ReportManager] Element Action [Click] successfully performed. With the following test data [By.xpath: //button[contains(text(),'Click for JS Alert')]]. @15-03-2022 18:07:17.0078 PM
[ReportManager] Alert is present @15-03-2022 18:07:17.0090 PM
[ReportManager] Alert Text is: [I am a JS Alert] @15-03-2022 18:07:17.0104 PM
[ReportManager] Element Action [GetAlertText] successfully performed. @15-03-2022 18:07:17.0105 PM
[ReportManager] Alert text is: [I am a JS Alert] @15-03-2022 18:07:17.0105 PM
[ReportManager] Alert is present @15-03-2022 18:07:17.0114 PM
[ReportManager] Alert Text is: [I am a JS Alert] @15-03-2022 18:07:17.0131 PM
[ReportManager] Element Action [GetAlertText] successfully performed. @15-03-2022 18:07:17.0131 PM
[ReportManager] Assertion Passed: Then I Assert that [I am a JS Alert] is equal to [I am a JS Alert]. @15-03-2022 18:07:17.0131 PM
[ReportManager] Assertion [ValidateEquals] PASSED. Expected [I am a JS Alert] and Actual [I am a JS Alert]. Comparison Type [EQUALS]. Validation Type [POSITIVE]. @15-03-2022 18:07:17.0131 P

################################################################################################################################################
Starting Execution:	[85 out of 165] test cases in the current suite
Test Method:		[testPackage01.TestJSAlertBox.acceptAlert]
################################################################################################################################################
[ReportManager] Alert is not present @15-03-2022 18:07:47.0373 PM
[ReportManager] Element Action [WaitForAlertToBePresent] failed. @15-03-2022 18:07:47.0477 PM
[ReportManager] Successfully created attachment [Screenshot - 1647367667397_acceptAlert_WaitForAlertToBePresent_failed] @15-03-2022 18:07:47.0478 P

################################################################################################################################################
Starting Execution:	[86 out of 165] test cases in the current suite
Test Method:		[testPackage01.TestJSAlertBox.assertOnConfirmAlertResultText]
###############################################################################################################################################
[ReportManager] Browser Action [CloseCurrentWindow] successfully performed. @15-03-2022 18:07:47.0949 PM
[ReportManager] Successfully created attachment [Browser Action Test Data - CloseCurrentWindow - Actual Value] @15-03-2022 18:07:47.0950 P

################################################################################################################################################
Starting Execution:	[87 out of 165] test cases in the current suite
Test Method:		[testPackage01.Test_checkJDKShellFilesGenerated.testJDKGeneratedSuccessfully]
################################################################################################################################################
[ReportManager] Configuring JDK @15-03-2022 18:07:47.0952 PM
[ReportManager] File Action [GetAbsolutePath] successfully performed. With the following test data [Relative File Path: "generateJdkMac.sh"]. @15-03-2022 18:07:47.0952 PM
[ReportManager] File Action [WriteToFile] successfully performed. With the following test data [Target File Path: "/Users/runner/work/SHAFT_ENGINE/SHAFT_ENGINE/generateJdkMac.sh"]. @15-03-2022 18:07:47.0953 PM
[ReportManager] Attempting to perform the following command locally. Command: [chmod u+x generateJdk.sh] @15-03-2022 18:07:47.0953 PM
[ReportManager] Terminal Action [PerformTerminalCommands] successfully performed. With the following test data [Host Name: "localHost" | Command: "chmod u+x generateJdk.sh" | Exit Status: "1"]. @15-03-2022 18:07:47.0988 PM
[ReportManager] Successfully created attachment [Terminal Action Actual Result - Command Log] @15-03-2022 18:07:47.0989 PM
[ReportManager] Assertion Passed: Then I Assert that [[#!/bin/bash, export JAVA_HOME=$(/usr/libexec/java_home), export PATH=$JAVA_HOME/bin:$PATH, source ~/.zshenv, echo $JAVA_HOME, echo $PATH, exec bash]] contains [JAVA_HOME=$(/usr/libexec/java_home)]. @15-03-2022 18:07:47.0989 PM
[ReportManager] Assertion [ValidateEquals] PASSED. Expected [JAVA_HOME=$(/usr/libexec/java_home)] and Actual [[#!/bin/bash, export JAVA_HOME=$(/usr/libexec/java_home), export PATH=$JAVA_HOME/bin:$PATH, source ~/.zshenv, echo $JAVA_HOME, echo $PATH, exec bash]]. Comparison Type [CONTAINS]. Validation Type [POSITIVE]. @15-03-2022 18:07:47.0989 P
[ReportManager] File Action [GetAbsolutePath] successfully performed. With the following test data [Relative Folder Path: "target/downloadedFiles/"]. @15-03-2022 18:07:47.0991 PM
[ReportManager] Attempting to run locally on: [Mac-64], [Safari], Headless Execution. @15-03-2022 18:07:47.0992 PM
[ReportManager] Successfully Opened Safari. @15-03-2022 18:07:48.0861 PM
[ReportManager] Initial window size: (800, 600) @15-03-2022 18:07:48.0881 PM
[ReportManager] Window size after SWD Maximize: (1176, 803) @15-03-2022 18:07:48.0910 PM
[ReportManager] Browser Action [MaximizeWindow] successfully performed. With the following test data [New screen size is now: (1176, 803)]. @15-03-2022 18:07:48.0910 PM
[ReportManager] Target URL: [http://the-internet.herokuapp.com/javascript_alerts] @15-03-2022 18:07:48.0910 PM
[ReportManager] Initial URL: [] @15-03-2022 18:07:48.0953 PM
[ReportManager] Browser Action [NavigateToURL] successfully performed. With the following test data [http://the-internet.herokuapp.com/javascript_alerts]. @15-03-2022 18:07:49.0477 P

################################################################################################################################################
Starting Execution:	[88 out of 165] test cases in the current suite
Test Method:		[testPackage01.TestJSConfirmBox.dismissAlert]
################################################################################################################################################
[ReportManager] Element Action [Click] successfully performed. With the following test data [By.xpath: //button[contains(text(),'Click for JS Confirm')]]. @15-03-2022 18:07:49.0768 PM
[ReportManager] Alert is present @15-03-2022 18:07:49.0781 PM
[ReportManager] Element Action [DismissAlert] successfully performed. @15-03-2022 18:07:49.0799 P

################################################################################################################################################
Starting Execution:	[89 out of 165] test cases in the current suite
Test Method:		[testPackage01.TestJSConfirmBox.assertOnCancelAlertResultText]
################################################################################################################################################
[ReportManager] Element Action [GetText] successfully performed. With the following test data [You clicked: Cancel]. @15-03-2022 18:07:49.0927 PM
[ReportManager] Assertion Passed: Then I Assert that the element found by [By.id: result] attribute [TEXT] is equal to [You clicked: Cancel]. @15-03-2022 18:07:50.0099 PM
[ReportManager] Successfully created attachment [Screenshot - 1647367670033_assertOnCancelAlertResultText_ValidateElementAttribute_passed] @15-03-2022 18:07:50.0100 PM
[ReportManager] Assertion [ValidateElementAttribute] PASSED. Expected [Value Should be 'You clicked: Cancel' for the 'text' attribute, element locator 'By.id: result'] and Actual [You clicked: Cancel]. Comparison Type [EQUALS]. Validation Type [POSITIVE]. @15-03-2022 18:07:50.0100 P

################################################################################################################################################
Starting Execution:	[90 out of 165] test cases in the current suite
Test Method:		[testPackage01.TestJSConfirmBox.getAlertText]
################################################################################################################################################
[ReportManager] Element Action [Click] successfully performed. With the following test data [By.xpath: //button[contains(text(),'Click for JS Confirm')]]. @15-03-2022 18:07:50.0405 PM
[ReportManager] Alert is present @15-03-2022 18:07:50.0415 PM
[ReportManager] Alert Text is: [I am a JS Confirm] @15-03-2022 18:07:50.0421 PM
[ReportManager] Element Action [GetAlertText] successfully performed. @15-03-2022 18:07:50.0422 PM
[ReportManager] Alert text is: [I am a JS Confirm] @15-03-2022 18:07:50.0422 PM
[ReportManager] Alert is present @15-03-2022 18:07:50.0429 PM
[ReportManager] Alert Text is: [I am a JS Confirm] @15-03-2022 18:07:50.0443 PM
[ReportManager] Element Action [GetAlertText] successfully performed. @15-03-2022 18:07:50.0443 PM
[ReportManager] Assertion Passed: Then I Assert that [I am a JS Confirm] is equal to [I am a JS Confirm]. @15-03-2022 18:07:50.0444 PM
[ReportManager] Assertion [ValidateEquals] PASSED. Expected [I am a JS Confirm] and Actual [I am a JS Confirm]. Comparison Type [EQUALS]. Validation Type [POSITIVE]. @15-03-2022 18:07:50.0444 P

################################################################################################################################################
Starting Execution:	[91 out of 165] test cases in the current suite
Test Method:		[testPackage01.TestJSConfirmBox.acceptAlert]
################################################################################################################################################
[ReportManager] Alert is not present @15-03-2022 18:08:20.0743 PM
[ReportManager] Element Action [WaitForAlertToBePresent] failed. @15-03-2022 18:08:20.0877 PM
[ReportManager] Successfully created attachment [Screenshot - 1647367700799_acceptAlert_WaitForAlertToBePresent_failed] @15-03-2022 18:08:20.0878 P

################################################################################################################################################
Starting Execution:	[92 out of 165] test cases in the current suite
Test Method:		[testPackage01.TestJSConfirmBox.assertOnConfirmAlertResultText]
###############################################################################################################################################
[ReportManager] Browser Action [CloseCurrentWindow] successfully performed. @15-03-2022 18:08:21.0408 PM
[ReportManager] Successfully created attachment [Browser Action Test Data - CloseCurrentWindow - Actual Value] @15-03-2022 18:08:21.0409 P

################################################################################################################################################
Starting Execution:	[93 out of 165] test cases in the current suite
Test Method:		[testPackage01.Test_NewValidationHelper.f1]
################################################################################################################################################
[ReportManager] Assertion Passed: Checking valid user data @15-03-2022 18:08:21.0412 PM
[ReportManager] Successfully created attachment [Validation Test Data - Expected Value] @15-03-2022 18:08:21.0452 PM
[ReportManager] Successfully created attachment [Validation Test Data - Actual Value] @15-03-2022 18:08:21.0453 PM
[ReportManager] Assertion [ValidateEquals] PASSED. Expected and Actual values are attached. Comparison Type [EQUALS]. Validation Type [POSITIVE]. @15-03-2022 18:08:21.0453 P
[ReportManager] File Action [GetAbsolutePath] successfully performed. With the following test data [Relative Folder Path: "target/downloadedFiles/"]. @15-03-2022 18:08:21.0455 PM
[ReportManager] Attempting to run locally on: [Mac-64], [Safari], Headless Execution. @15-03-2022 18:08:21.0456 PM
[ReportManager] Successfully Opened Safari. @15-03-2022 18:08:23.0210 PM
[ReportManager] Initial window size: (800, 600) @15-03-2022 18:08:23.0234 PM
[ReportManager] Window size after SWD Maximize: (1176, 803) @15-03-2022 18:08:23.0253 PM
[ReportManager] Browser Action [MaximizeWindow] successfully performed. With the following test data [New screen size is now: (1176, 803)]. @15-03-2022 18:08:23.0253 PM
[ReportManager] Target URL: [https://the-internet.herokuapp.com/] @15-03-2022 18:08:23.0254 PM
[ReportManager] Initial URL: [] @15-03-2022 18:08:23.0315 PM
[ReportManager] Browser Action [NavigateToURL] successfully performed. With the following test data [https://the-internet.herokuapp.com/]. @15-03-2022 18:08:23.0843 P

################################################################################################################################################
Starting Execution:	[94 out of 165] test cases in the current suite
Test Method:		[testPackage01.Test_NewValidationHelper.f10]
################################################################################################################################################
[ReportManager] Assertion [ValidateElementExists] FAILED. Expected [Element Should Exist, locator 'By.tagName: div'] and Actual [Element Exists but is not unique]. Comparison Type [EQUALS]. Validation Type [POSITIVE]. @15-03-2022 18:08:24.0228 PM
[ReportManager] Successfully created attachment [Screenshot - 1647367704134_f10_ValidateElementExists_failed] @15-03-2022 18:08:24.0229 P
[ReportManager] Successfully Closed All Drivers. @15-03-2022 18:08:24.0678 P
[ReportManager] File Action [GetAbsolutePath] successfully performed. With the following test data [Relative Folder Path: "target/downloadedFiles/"]. @15-03-2022 18:08:24.0802 PM
[ReportManager] Attempting to run locally on: [Mac-64], [Safari], Headless Execution. @15-03-2022 18:08:24.0802 PM
[ReportManager] Successfully Opened Safari. @15-03-2022 18:08:25.0642 PM
[ReportManager] Initial window size: (800, 600) @15-03-2022 18:08:25.0666 PM
[ReportManager] Window size after SWD Maximize: (1176, 803) @15-03-2022 18:08:25.0680 PM
[ReportManager] Browser Action [MaximizeWindow] successfully performed. With the following test data [New screen size is now: (1176, 803)]. @15-03-2022 18:08:25.0680 PM
[ReportManager] Target URL: [https://the-internet.herokuapp.com/] @15-03-2022 18:08:25.0680 PM
[ReportManager] Initial URL: [] @15-03-2022 18:08:25.0743 PM
[ReportManager] Browser Action [NavigateToURL] successfully performed. With the following test data [https://the-internet.herokuapp.com/]. @15-03-2022 18:08:26.0229 P

################################################################################################################################################
Starting Execution:	[95 out of 165] test cases in the current suite
Test Method:		[testPackage01.Test_NewValidationHelper.f11]
################################################################################################################################################
[ReportManager] org.openqa.selenium.TimeoutException:
Expected condition failed: waiting for com.shaft.gui.element.ElementActionsHelper$$Lambda$676/0x0000000801149c30@bf2677f (tried for 5 second(s) with 1000 milliseconds interval)
org.openqa.selenium.support.ui.FluentWait.timeoutException(FluentWait.java:263)
org.openqa.selenium.support.ui.FluentWait.until(FluentWait.java:231)
com.shaft.gui.element.ElementActionsHelper.waitForElementPresence(ElementActionsHelper.java:89)
com.shaft.gui.element.ElementActionsHelper.waitForElementPresence(ElementActionsHelper.java:37)
com.shaft.gui.element.WebDriverElementActions.getMatchingElementsCount(WebDriverElementActions.java:1494)
com.shaft.gui.element.WebDriverElementActions.getElementsCount(WebDriverElementActions.java:561)
com.shaft.gui.element.ElementActions.getElementsCount(ElementActions.java:269)
com.shaft.validation.ValidationsHelper.validateElementExists(ValidationsHelper.java:149)
com.shaft.validation.Assertions.assertElementExists(Assertions.java:118)
testPackage01.Test_NewValidationHelper.f11(Test_NewValidationHelper.java:137)
java.base/jdk.internal.reflect.NativeMethodAccessorImpl.invoke0(Native Method)
java.base/jdk.internal.reflect.NativeMethodAccessorImpl.invoke(NativeMethodAccessorImpl.java:77)
java.base/jdk.internal.reflect.DelegatingMethodAccessorImpl.invoke(DelegatingMethodAccessorImpl.java:43)
java.base/java.lang.reflect.Method.invoke(Method.java:568)
org.testng.internal.invokers.MethodInvocationHelper.invokeMethod(MethodInvocationHelper.java:135)
org.testng.internal.invokers.TestInvoker.invokeMethod(TestInvoker.java:673)
org.testng.internal.invokers.TestInvoker.invokeTestMethod(TestInvoker.java:220)
org.testng.internal.invokers.MethodRunner.runInSequence(MethodRunner.java:50)
org.testng.internal.invokers.TestInvoker$MethodInvocationAgent.invoke(TestInvoker.java:945)
org.testng.internal.invokers.TestInvoker.invokeTestMethods(TestInvoker.java:193)
org.testng.internal.invokers.TestMethodWorker.invokeTestMethods(TestMethodWorker.java:146)
org.testng.internal.invokers.TestMethodWorker.run(TestMethodWorker.java:128)
java.base/java.util.ArrayList.forEach(ArrayList.java:1511)
org.testng.TestRunner.privateRun(TestRunner.java:808)
org.testng.TestRunner.run(TestRunner.java:603)
org.testng.SuiteRunner.runTest(SuiteRunner.java:429)
org.testng.SuiteRunner.runSequentially(SuiteRunner.java:423)
org.testng.SuiteRunner.privateRun(SuiteRunner.java:383)
org.testng.SuiteRunner.run(SuiteRunner.java:326)
org.testng.SuiteRunnerWorker.runSuite(SuiteRunnerWorker.java:52)
org.testng.SuiteRunnerWorker.run(SuiteRunnerWorker.java:95)
org.testng.TestNG.runSuitesSequentially(TestNG.java:1249)
org.testng.TestNG.runSuitesLocally(TestNG.java:1169)
org.testng.TestNG.runSuites(TestNG.java:1092)
org.testng.TestNG.run(TestNG.java:1060)
org.apache.maven.surefire.testng.TestNGExecutor.run(TestNGExecutor.java:136)
org.apache.maven.surefire.testng.TestNGDirectoryTestSuite.executeMulti(TestNGDirectoryTestSuite.java:193)
org.apache.maven.surefire.testng.TestNGDirectoryTestSuite.execute(TestNGDirectoryTestSuite.java:94)
org.apache.maven.surefire.testng.TestNGProvider.invoke(TestNGProvider.java:145)
org.apache.maven.surefire.booter.ForkedBooter.runSuitesInProcess(ForkedBooter.java:428)
org.apache.maven.surefire.booter.ForkedBooter.execute(ForkedBooter.java:162)
org.apache.maven.surefire.booter.ForkedBooter.run(ForkedBooter.java:562)
org.apache.maven.surefire.booter.ForkedBooter.main(ForkedBooter.java:548)

Caused by: org.openqa.selenium.NoSuchElementException:
For documentation on this error, please visit: https://selenium.dev/exceptions/#no_such_element
Build info: version: '4.1.2', revision: '9a5a329c5a'
System info: host: 'Mac-1647367416787.local', ip: '10.79.8.230', os.name: 'Mac OS X', os.arch: 'x86_64', os.version: '11.6.4', java.version: '17.0.2'
Driver info: org.openqa.selenium.safari.SafariDriver
Command: [F809F3C8-6657-4084-98EC-AA030C1B4417, findElement {using=tag name, value=h3}]
Capabilities {acceptInsecureCerts: false, browserName: Safari, browserVersion: 15.3, goog:loggingPrefs: {browser: ALL, client: ALL, driver: ALL, performance: ALL, profiler: ALL, server: ALL}, javascriptEnabled: true, pageLoadStrategy: normal, platform: MAC, platformName: MAC, safari:automaticInspection: false, safari:automaticProfiling: false, safari:diagnose: false, safari:platformBuildVersion: 20G417, safari:platformVersion: 11.6.4, safari:useSimulator: false, setWindowRect: true, strictFileInteractability: false, timeouts: {pageLoad: 30000, script: 30000}, webkit:WebRTC: {DisableICECandidateFiltering: false, DisableInsecureMediaCapture: false}}
Session ID: F809F3C8-6657-4084-98EC-AA030C1B4417
java.base/jdk.internal.reflect.NativeConstructorAccessorImpl.newInstance0(Native Method)
java.base/jdk.internal.reflect.NativeConstructorAccessorImpl.newInstance(NativeConstructorAccessorImpl.java:77)
java.base/jdk.internal.reflect.DelegatingConstructorAccessorImpl.newInstance(DelegatingConstructorAccessorImpl.java:45)
java.base/java.lang.reflect.Constructor.newInstanceWithCaller(Constructor.java:499)
java.base/java.lang.reflect.Constructor.newInstance(Constructor.java:480)
org.openqa.selenium.remote.codec.w3c.W3CHttpResponseCodec.createException(W3CHttpResponseCodec.java:200)
org.openqa.selenium.remote.codec.w3c.W3CHttpResponseCodec.decode(W3CHttpResponseCodec.java:133)
org.openqa.selenium.remote.codec.w3c.W3CHttpResponseCodec.decode(W3CHttpResponseCodec.java:53)
org.openqa.selenium.remote.HttpCommandExecutor.execute(HttpCommandExecutor.java:184)
org.openqa.selenium.remote.service.DriverCommandExecutor.invokeExecute(DriverCommandExecutor.java:167)
org.openqa.selenium.remote.service.DriverCommandExecutor.execute(DriverCommandExecutor.java:142)
org.openqa.selenium.remote.RemoteWebDriver.execute(RemoteWebDriver.java:558)
org.openqa.selenium.remote.ElementLocation$ElementFinder$2.findElement(ElementLocation.java:162)
org.openqa.selenium.remote.ElementLocation.findElement(ElementLocation.java:60)
org.openqa.selenium.remote.RemoteWebDriver.findElement(RemoteWebDriver.java:382)
org.openqa.selenium.remote.RemoteWebDriver.findElement(RemoteWebDriver.java:374)
com.shaft.gui.element.ElementActionsHelper.lambda$waitForElementPresence$0(ElementActionsHelper.java:92)
org.openqa.selenium.support.ui.FluentWait.until(FluentWait.java:208)
com.shaft.gui.element.ElementActionsHelper.waitForElementPresence(ElementActionsHelper.java:89)
com.shaft.gui.element.ElementActionsHelper.waitForElementPresence(ElementActionsHelper.java:37)
com.shaft.gui.element.WebDriverElementActions.getMatchingElementsCount(WebDriverElementActions.java:1494)
com.shaft.gui.element.WebDriverElementActions.getElementsCount(WebDriverElementActions.java:561)
com.shaft.gui.element.ElementActions.getElementsCount(ElementActions.java:269)
com.shaft.validation.ValidationsHelper.validateElementExists(ValidationsHelper.java:149)
com.shaft.validation.Assertions.assertElementExists(Assertions.java:118)
testPackage01.Test_NewValidationHelper.f11(Test_NewValidationHelper.java:137)
java.base/jdk.internal.reflect.NativeMethodAccessorImpl.invoke0(Native Method)
java.base/jdk.internal.reflect.NativeMethodAccessorImpl.invoke(NativeMethodAccessorImpl.java:77)
java.base/jdk.internal.reflect.DelegatingMethodAccessorImpl.invoke(DelegatingMethodAccessorImpl.java:43)
java.base/java.lang.reflect.Method.invoke(Method.java:568)
org.testng.internal.invokers.MethodInvocationHelper.invokeMethod(MethodInvocationHelper.java:135)
org.testng.internal.invokers.TestInvoker.invokeMethod(TestInvoker.java:673)
org.testng.internal.invokers.TestInvoker.invokeTestMethod(TestInvoker.java:220)
org.testng.internal.invokers.MethodRunner.runInSequence(MethodRunner.java:50)
org.testng.internal.invokers.TestInvoker$MethodInvocationAgent.invoke(TestInvoker.java:945)
org.testng.internal.invokers.TestInvoker.invokeTestMethods(TestInvoker.java:193)
org.testng.internal.invokers.TestMethodWorker.invokeTestMethods(TestMethodWorker.java:146)
org.testng.internal.invokers.TestMethodWorker.run(TestMethodWorker.java:128)
java.base/java.util.ArrayList.forEach(ArrayList.java:1511)
org.testng.TestRunner.privateRun(TestRunner.java:808)
org.testng.TestRunner.run(TestRunner.java:603)
org.testng.SuiteRunner.runTest(SuiteRunner.java:429)
org.testng.SuiteRunner.runSequentially(SuiteRunner.java:423)
org.testng.SuiteRunner.privateRun(SuiteRunner.java:383)
org.testng.SuiteRunner.run(SuiteRunner.java:326)
org.testng.SuiteRunnerWorker.runSuite(SuiteRunnerWorker.java:52)
org.testng.SuiteRunnerWorker.run(SuiteRunnerWorker.java:95)
org.testng.TestNG.runSuitesSequentially(TestNG.java:1249)
org.testng.TestNG.runSuitesLocally(TestNG.java:1169)
org.testng.TestNG.runSuites(TestNG.java:1092)
org.testng.TestNG.run(TestNG.java:1060)
org.apache.maven.surefire.testng.TestNGExecutor.run(TestNGExecutor.java:136)
org.apache.maven.surefire.testng.TestNGDirectoryTestSuite.executeMulti(TestNGDirectoryTestSuite.java:193)
org.apache.maven.surefire.testng.TestNGDirectoryTestSuite.execute(TestNGDirectoryTestSuite.java:94)
org.apache.maven.surefire.testng.TestNGProvider.invoke(TestNGProvider.java:145)
org.apache.maven.surefire.booter.ForkedBooter.runSuitesInProcess(ForkedBooter.java:428)
org.apache.maven.surefire.booter.ForkedBooter.execute(ForkedBooter.java:162)
org.apache.maven.surefire.booter.ForkedBooter.run(ForkedBooter.java:562)
org.apache.maven.surefire.booter.ForkedBooter.main(ForkedBooter.java:548) @15-03-2022 18:08:31.0515 PM
[ReportManager] org.openqa.selenium.TimeoutException:
Expected condition failed: waiting for com.shaft.gui.element.ElementActionsHelper$$Lambda$676/0x0000000801149c30@1fd58b03 (tried for 5 second(s) with 1000 milliseconds interval)
org.openqa.selenium.support.ui.FluentWait.timeoutException(FluentWait.java:263)
org.openqa.selenium.support.ui.FluentWait.until(FluentWait.java:231)
com.shaft.gui.element.ElementActionsHelper.waitForElementPresence(ElementActionsHelper.java:89)
com.shaft.gui.element.ElementActionsHelper.waitForElementPresence(ElementActionsHelper.java:37)
com.shaft.gui.element.WebDriverElementActions.getMatchingElementsCount(WebDriverElementActions.java:1494)
com.shaft.gui.element.WebDriverElementActions.getElementsCount(WebDriverElementActions.java:561)
com.shaft.gui.element.ElementActions.getElementsCount(ElementActions.java:269)
com.shaft.gui.image.ScreenshotManager.internalCaptureScreenShot(ScreenshotManager.java:386)
com.shaft.gui.image.ScreenshotManager.captureScreenShot(ScreenshotManager.java:142)
com.shaft.validation.ValidationsHelper.reportValidationState(ValidationsHelper.java:823)
com.shaft.validation.ValidationsHelper.pass(ValidationsHelper.java:564)
com.shaft.validation.ValidationsHelper.validateElementExists(ValidationsHelper.java:166)
com.shaft.validation.Assertions.assertElementExists(Assertions.java:118)
testPackage01.Test_NewValidationHelper.f11(Test_NewValidationHelper.java:137)
java.base/jdk.internal.reflect.NativeMethodAccessorImpl.invoke0(Native Method)
java.base/jdk.internal.reflect.NativeMethodAccessorImpl.invoke(NativeMethodAccessorImpl.java:77)
java.base/jdk.internal.reflect.DelegatingMethodAccessorImpl.invoke(DelegatingMethodAccessorImpl.java:43)
java.base/java.lang.reflect.Method.invoke(Method.java:568)
org.testng.internal.invokers.MethodInvocationHelper.invokeMethod(MethodInvocationHelper.java:135)
org.testng.internal.invokers.TestInvoker.invokeMethod(TestInvoker.java:673)
org.testng.internal.invokers.TestInvoker.invokeTestMethod(TestInvoker.java:220)
org.testng.internal.invokers.MethodRunner.runInSequence(MethodRunner.java:50)
org.testng.internal.invokers.TestInvoker$MethodInvocationAgent.invoke(TestInvoker.java:945)
org.testng.internal.invokers.TestInvoker.invokeTestMethods(TestInvoker.java:193)
org.testng.internal.invokers.TestMethodWorker.invokeTestMethods(TestMethodWorker.java:146)
org.testng.internal.invokers.TestMethodWorker.run(TestMethodWorker.java:128)
java.base/java.util.ArrayList.forEach(ArrayList.java:1511)
org.testng.TestRunner.privateRun(TestRunner.java:808)
org.testng.TestRunner.run(TestRunner.java:603)
org.testng.SuiteRunner.runTest(SuiteRunner.java:429)
org.testng.SuiteRunner.runSequentially(SuiteRunner.java:423)
org.testng.SuiteRunner.privateRun(SuiteRunner.java:383)
org.testng.SuiteRunner.run(SuiteRunner.java:326)
org.testng.SuiteRunnerWorker.runSuite(SuiteRunnerWorker.java:52)
org.testng.SuiteRunnerWorker.run(SuiteRunnerWorker.java:95)
org.testng.TestNG.runSuitesSequentially(TestNG.java:1249)
org.testng.TestNG.runSuitesLocally(TestNG.java:1169)
org.testng.TestNG.runSuites(TestNG.java:1092)
org.testng.TestNG.run(TestNG.java:1060)
org.apache.maven.surefire.testng.TestNGExecutor.run(TestNGExecutor.java:136)
org.apache.maven.surefire.testng.TestNGDirectoryTestSuite.executeMulti(TestNGDirectoryTestSuite.java:193)
org.apache.maven.surefire.testng.TestNGDirectoryTestSuite.execute(TestNGDirectoryTestSuite.java:94)
org.apache.maven.surefire.testng.TestNGProvider.invoke(TestNGProvider.java:145)
org.apache.maven.surefire.booter.ForkedBooter.runSuitesInProcess(ForkedBooter.java:428)
org.apache.maven.surefire.booter.ForkedBooter.execute(ForkedBooter.java:162)
org.apache.maven.surefire.booter.ForkedBooter.run(ForkedBooter.java:562)
org.apache.maven.surefire.booter.ForkedBooter.main(ForkedBooter.java:548)

Caused by: org.openqa.selenium.NoSuchElementException:
For documentation on this error, please visit: https://selenium.dev/exceptions/#no_such_element
Build info: version: '4.1.2', revision: '9a5a329c5a'
System info: host: 'Mac-1647367416787.local', ip: '10.79.8.230', os.name: 'Mac OS X', os.arch: 'x86_64', os.version: '11.6.4', java.version: '17.0.2'
Driver info: org.openqa.selenium.safari.SafariDriver
Command: [F809F3C8-6657-4084-98EC-AA030C1B4417, findElement {using=tag name, value=h3}]
Capabilities {acceptInsecureCerts: false, browserName: Safari, browserVersion: 15.3, goog:loggingPrefs: {browser: ALL, client: ALL, driver: ALL, performance: ALL, profiler: ALL, server: ALL}, javascriptEnabled: true, pageLoadStrategy: normal, platform: MAC, platformName: MAC, safari:automaticInspection: false, safari:automaticProfiling: false, safari:diagnose: false, safari:platformBuildVersion: 20G417, safari:platformVersion: 11.6.4, safari:useSimulator: false, setWindowRect: true, strictFileInteractability: false, timeouts: {pageLoad: 30000, script: 30000}, webkit:WebRTC: {DisableICECandidateFiltering: false, DisableInsecureMediaCapture: false}}
Session ID: F809F3C8-6657-4084-98EC-AA030C1B4417
java.base/jdk.internal.reflect.NativeConstructorAccessorImpl.newInstance0(Native Method)
java.base/jdk.internal.reflect.NativeConstructorAccessorImpl.newInstance(NativeConstructorAccessorImpl.java:77)
java.base/jdk.internal.reflect.DelegatingConstructorAccessorImpl.newInstance(DelegatingConstructorAccessorImpl.java:45)
java.base/java.lang.reflect.Constructor.newInstanceWithCaller(Constructor.java:499)
java.base/java.lang.reflect.Constructor.newInstance(Constructor.java:480)
org.openqa.selenium.remote.codec.w3c.W3CHttpResponseCodec.createException(W3CHttpResponseCodec.java:200)
org.openqa.selenium.remote.codec.w3c.W3CHttpResponseCodec.decode(W3CHttpResponseCodec.java:133)
org.openqa.selenium.remote.codec.w3c.W3CHttpResponseCodec.decode(W3CHttpResponseCodec.java:53)
org.openqa.selenium.remote.HttpCommandExecutor.execute(HttpCommandExecutor.java:184)
org.openqa.selenium.remote.service.DriverCommandExecutor.invokeExecute(DriverCommandExecutor.java:167)
org.openqa.selenium.remote.service.DriverCommandExecutor.execute(DriverCommandExecutor.java:142)
org.openqa.selenium.remote.RemoteWebDriver.execute(RemoteWebDriver.java:558)
org.openqa.selenium.remote.ElementLocation$ElementFinder$2.findElement(ElementLocation.java:162)
org.openqa.selenium.remote.ElementLocation.findElement(ElementLocation.java:60)
org.openqa.selenium.remote.RemoteWebDriver.findElement(RemoteWebDriver.java:382)
org.openqa.selenium.remote.RemoteWebDriver.findElement(RemoteWebDriver.java:374)
com.shaft.gui.element.ElementActionsHelper.lambda$waitForElementPresence$0(ElementActionsHelper.java:92)
org.openqa.selenium.support.ui.FluentWait.until(FluentWait.java:208)
com.shaft.gui.element.ElementActionsHelper.waitForElementPresence(ElementActionsHelper.java:89)
com.shaft.gui.element.ElementActionsHelper.waitForElementPresence(ElementActionsHelper.java:37)
com.shaft.gui.element.WebDriverElementActions.getMatchingElementsCount(WebDriverElementActions.java:1494)
com.shaft.gui.element.WebDriverElementActions.getElementsCount(WebDriverElementActions.java:561)
com.shaft.gui.element.ElementActions.getElementsCount(ElementActions.java:269)
com.shaft.gui.image.ScreenshotManager.internalCaptureScreenShot(ScreenshotManager.java:386)
com.shaft.gui.image.ScreenshotManager.captureScreenShot(ScreenshotManager.java:142)
com.shaft.validation.ValidationsHelper.reportValidationState(ValidationsHelper.java:823)
com.shaft.validation.ValidationsHelper.pass(ValidationsHelper.java:564)
com.shaft.validation.ValidationsHelper.validateElementExists(ValidationsHelper.java:166)
com.shaft.validation.Assertions.assertElementExists(Assertions.java:118)
testPackage01.Test_NewValidationHelper.f11(Test_NewValidationHelper.java:137)
java.base/jdk.internal.reflect.NativeMethodAccessorImpl.invoke0(Native Method)
java.base/jdk.internal.reflect.NativeMethodAccessorImpl.invoke(NativeMethodAccessorImpl.java:77)
java.base/jdk.internal.reflect.DelegatingMethodAccessorImpl.invoke(DelegatingMethodAccessorImpl.java:43)
java.base/java.lang.reflect.Method.invoke(Method.java:568)
org.testng.internal.invokers.MethodInvocationHelper.invokeMethod(MethodInvocationHelper.java:135)
org.testng.internal.invokers.TestInvoker.invokeMethod(TestInvoker.java:673)
org.testng.internal.invokers.TestInvoker.invokeTestMethod(TestInvoker.java:220)
org.testng.internal.invokers.MethodRunner.runInSequence(MethodRunner.java:50)
org.testng.internal.invokers.TestInvoker$MethodInvocationAgent.invoke(TestInvoker.java:945)
org.testng.internal.invokers.TestInvoker.invokeTestMethods(TestInvoker.java:193)
org.testng.internal.invokers.TestMethodWorker.invokeTestMethods(TestMethodWorker.java:146)
org.testng.internal.invokers.TestMethodWorker.run(TestMethodWorker.java:128)
java.base/java.util.ArrayList.forEach(ArrayList.java:1511)
org.testng.TestRunner.privateRun(TestRunner.java:808)
org.testng.TestRunner.run(TestRunner.java:603)
org.testng.SuiteRunner.runTest(SuiteRunner.java:429)
org.testng.SuiteRunner.runSequentially(SuiteRunner.java:423)
org.testng.SuiteRunner.privateRun(SuiteRunner.java:383)
org.testng.SuiteRunner.run(SuiteRunner.java:326)
org.testng.SuiteRunnerWorker.runSuite(SuiteRunnerWorker.java:52)
org.testng.SuiteRunnerWorker.run(SuiteRunnerWorker.java:95)
org.testng.TestNG.runSuitesSequentially(TestNG.java:1249)
org.testng.TestNG.runSuitesLocally(TestNG.java:1169)
org.testng.TestNG.runSuites(TestNG.java:1092)
org.testng.TestNG.run(TestNG.java:1060)
org.apache.maven.surefire.testng.TestNGExecutor.run(TestNGExecutor.java:136)
org.apache.maven.surefire.testng.TestNGDirectoryTestSuite.executeMulti(TestNGDirectoryTestSuite.java:193)
org.apache.maven.surefire.testng.TestNGDirectoryTestSuite.execute(TestNGDirectoryTestSuite.java:94)
org.apache.maven.surefire.testng.TestNGProvider.invoke(TestNGProvider.java:145)
org.apache.maven.surefire.booter.ForkedBooter.runSuitesInProcess(ForkedBooter.java:428)
org.apache.maven.surefire.booter.ForkedBooter.execute(ForkedBooter.java:162)
org.apache.maven.surefire.booter.ForkedBooter.run(ForkedBooter.java:562)
org.apache.maven.surefire.booter.ForkedBooter.main(ForkedBooter.java:548) @15-03-2022 18:08:36.0794 PM
[ReportManager] Assertion Passed: Checking that false tag doesn't exist @15-03-2022 18:08:36.0996 PM
[ReportManager] Successfully created attachment [Screenshot - 1647367716820_f11_ValidateElementExists_passed] @15-03-2022 18:08:37.0078 PM
[ReportManager] Assertion [ValidateElementExists] PASSED. Expected [Element Should not Exist, locator 'By.tagName: h3'] and Actual [Element Doesn't Exists]. Comparison Type [EQUALS]. Validation Type [NEGATIVE]. @15-03-2022 18:08:37.0078 P
[ReportManager] Successfully Closed All Drivers. @15-03-2022 18:08:37.0370 P
[ReportManager] File Action [GetAbsolutePath] successfully performed. With the following test data [Relative Folder Path: "target/downloadedFiles/"]. @15-03-2022 18:08:37.0495 PM
[ReportManager] Attempting to run locally on: [Mac-64], [Safari], Headless Execution. @15-03-2022 18:08:37.0495 PM
[ReportManager] Successfully Opened Safari. @15-03-2022 18:08:39.0275 PM
[ReportManager] Initial window size: (800, 600) @15-03-2022 18:08:39.0307 PM
[ReportManager] Window size after SWD Maximize: (1176, 803) @15-03-2022 18:08:39.0373 PM
[ReportManager] Browser Action [MaximizeWindow] successfully performed. With the following test data [New screen size is now: (1176, 803)]. @15-03-2022 18:08:39.0374 PM
[ReportManager] Target URL: [https://the-internet.herokuapp.com/] @15-03-2022 18:08:39.0374 PM
[ReportManager] Initial URL: [] @15-03-2022 18:08:39.0421 PM
[ReportManager] Browser Action [NavigateToURL] successfully performed. With the following test data [https://the-internet.herokuapp.com/]. @15-03-2022 18:08:40.0008 P

################################################################################################################################################
Starting Execution:	[96 out of 165] test cases in the current suite
Test Method:		[testPackage01.Test_NewValidationHelper.f12]
################################################################################################################################################
[ReportManager] Assertion [ValidateElementExists] FAILED. Expected [Element Should not Exist, locator 'By.tagName: h1'] and Actual [Element Exists]. Comparison Type [EQUALS]. Validation Type [NEGATIVE]. @15-03-2022 18:08:40.0513 PM
[ReportManager] Successfully created attachment [Screenshot - 1647367720297_f12_ValidateElementExists_failed] @15-03-2022 18:08:40.0597 P
[ReportManager] Successfully Closed All Drivers. @15-03-2022 18:08:40.0864 P
[ReportManager] File Action [GetAbsolutePath] successfully performed. With the following test data [Relative Folder Path: "target/downloadedFiles/"]. @15-03-2022 18:08:40.0989 PM
[ReportManager] Attempting to run locally on: [Mac-64], [Safari], Headless Execution. @15-03-2022 18:08:40.0989 PM
[ReportManager] Successfully Opened Safari. @15-03-2022 18:08:41.0842 PM
[ReportManager] Initial window size: (800, 600) @15-03-2022 18:08:41.0869 PM
[ReportManager] Window size after SWD Maximize: (1176, 803) @15-03-2022 18:08:41.0908 PM
[ReportManager] Browser Action [MaximizeWindow] successfully performed. With the following test data [New screen size is now: (1176, 803)]. @15-03-2022 18:08:41.0909 PM
[ReportManager] Target URL: [https://the-internet.herokuapp.com/] @15-03-2022 18:08:41.0909 PM
[ReportManager] Initial URL: [] @15-03-2022 18:08:41.0956 PM
[ReportManager] Browser Action [NavigateToURL] successfully performed. With the following test data [https://the-internet.herokuapp.com/]. @15-03-2022 18:08:42.0450 P

################################################################################################################################################
Starting Execution:	[97 out of 165] test cases in the current suite
Test Method:		[testPackage01.Test_NewValidationHelper.f13]
################################################################################################################################################
[ReportManager] Assertion [ValidateElementExists] FAILED. Expected [Element Should not Exist, locator 'By.tagName: div'] and Actual [Element Exists but is not unique]. Comparison Type [EQUALS]. Validation Type [NEGATIVE]. @15-03-2022 18:08:42.0972 PM
[ReportManager] Successfully created attachment [Screenshot - 1647367722776_f13_ValidateElementExists_failed] @15-03-2022 18:08:43.0016 P
[ReportManager] Successfully Closed All Drivers. @15-03-2022 18:08:43.0291 P
[ReportManager] File Action [GetAbsolutePath] successfully performed. With the following test data [Relative Folder Path: "target/downloadedFiles/"]. @15-03-2022 18:08:43.0415 PM
[ReportManager] Attempting to run locally on: [Mac-64], [Safari], Headless Execution. @15-03-2022 18:08:43.0415 PM
[ReportManager] Successfully Opened Safari. @15-03-2022 18:08:44.0254 PM
[ReportManager] Initial window size: (800, 600) @15-03-2022 18:08:44.0270 PM
[ReportManager] Window size after SWD Maximize: (1176, 803) @15-03-2022 18:08:44.0287 PM
[ReportManager] Browser Action [MaximizeWindow] successfully performed. With the following test data [New screen size is now: (1176, 803)]. @15-03-2022 18:08:44.0288 PM
[ReportManager] Target URL: [https://the-internet.herokuapp.com/] @15-03-2022 18:08:44.0288 PM
[ReportManager] Initial URL: [] @15-03-2022 18:08:44.0343 PM
[ReportManager] Browser Action [NavigateToURL] successfully performed. With the following test data [https://the-internet.herokuapp.com/]. @15-03-2022 18:08:44.0861 P

################################################################################################################################################
Starting Execution:	[98 out of 165] test cases in the current suite
Test Method:		[testPackage01.Test_NewValidationHelper.f14]
################################################################################################################################################
[ReportManager] Element Action [GetText] successfully performed. With the following test data [Welcome to the-internet]. @15-03-2022 18:08:45.0036 PM
[ReportManager] Assertion Passed: Asserting that the header text is correct @15-03-2022 18:08:45.0361 PM
[ReportManager] Successfully created attachment [Screenshot - 1647367725165_f14_ValidateElementAttribute_passed] @15-03-2022 18:08:45.0401 PM
[ReportManager] Assertion [ValidateElementAttribute] PASSED. Expected [Value Should be 'Welcome to the-internet' for the 'text' attribute, element locator 'By.tagName: h1'] and Actual [Welcome to the-internet]. Comparison Type [EQUALS]. Validation Type [POSITIVE]. @15-03-2022 18:08:45.0402 P
[ReportManager] Successfully Closed All Drivers. @15-03-2022 18:08:45.0765 P
[ReportManager] File Action [GetAbsolutePath] successfully performed. With the following test data [Relative Folder Path: "target/downloadedFiles/"]. @15-03-2022 18:08:45.0889 PM
[ReportManager] Attempting to run locally on: [Mac-64], [Safari], Headless Execution. @15-03-2022 18:08:45.0889 PM
[ReportManager] Successfully Opened Safari. @15-03-2022 18:08:46.0746 PM
[ReportManager] Initial window size: (800, 600) @15-03-2022 18:08:46.0810 PM
[ReportManager] Window size after SWD Maximize: (1176, 803) @15-03-2022 18:08:46.0861 PM
[ReportManager] Browser Action [MaximizeWindow] successfully performed. With the following test data [New screen size is now: (1176, 803)]. @15-03-2022 18:08:46.0861 PM
[ReportManager] Target URL: [https://the-internet.herokuapp.com/] @15-03-2022 18:08:46.0862 PM
[ReportManager] Initial URL: [] @15-03-2022 18:08:46.0893 PM
[ReportManager] Browser Action [NavigateToURL] successfully performed. With the following test data [https://the-internet.herokuapp.com/]. @15-03-2022 18:08:47.0738 P

################################################################################################################################################
Starting Execution:	[99 out of 165] test cases in the current suite
Test Method:		[testPackage01.Test_NewValidationHelper.f15]
################################################################################################################################################
[ReportManager] Element Action [GetText] successfully performed. With the following test data [Welcome to the-internet]. @15-03-2022 18:08:47.0865 PM
[ReportManager] Assertion [ValidateElementAttribute] FAILED. Expected [Value Should not be 'Welcome' for the 'text' attribute, element locator 'By.tagName: h1'] and Actual [Welcome to the-internet]. Comparison Type [CONTAINS]. Validation Type [NEGATIVE]. @15-03-2022 18:08:48.0122 PM
[ReportManager] Successfully created attachment [Screenshot - 1647367728002_f15_ValidateElementAttribute_failed] @15-03-2022 18:08:48.0207 P
[ReportManager] Successfully Closed All Drivers. @15-03-2022 18:08:48.0680 P
[ReportManager] File Action [GetAbsolutePath] successfully performed. With the following test data [Relative Folder Path: "target/downloadedFiles/"]. @15-03-2022 18:08:48.0804 PM
[ReportManager] Attempting to run locally on: [Mac-64], [Safari], Headless Execution. @15-03-2022 18:08:48.0804 PM
[ReportManager] Successfully Opened Safari. @15-03-2022 18:08:49.0695 PM
[ReportManager] Initial window size: (800, 600) @15-03-2022 18:08:49.0708 PM
[ReportManager] Window size after SWD Maximize: (1176, 803) @15-03-2022 18:08:49.0756 PM
[ReportManager] Browser Action [MaximizeWindow] successfully performed. With the following test data [New screen size is now: (1176, 803)]. @15-03-2022 18:08:49.0757 PM
[ReportManager] Target URL: [https://the-internet.herokuapp.com/] @15-03-2022 18:08:49.0757 PM
[ReportManager] Initial URL: [] @15-03-2022 18:08:49.0802 PM
[ReportManager] Browser Action [NavigateToURL] successfully performed. With the following test data [https://the-internet.herokuapp.com/]. @15-03-2022 18:08:50.0375 P

################################################################################################################################################
Starting Execution:	[100 out of 165] test cases in the current suite
Test Method:		[testPackage01.Test_NewValidationHelper.f16]
################################################################################################################################################
[ReportManager] org.openqa.selenium.TimeoutException:
Expected condition failed: waiting for com.shaft.gui.element.ElementActionsHelper$$Lambda$676/0x0000000801149c30@70f15b (tried for 25 second(s) with 1000 milliseconds interval)
org.openqa.selenium.support.ui.FluentWait.timeoutException(FluentWait.java:263)
org.openqa.selenium.support.ui.FluentWait.until(FluentWait.java:231)
com.shaft.gui.element.ElementActionsHelper.waitForElementPresence(ElementActionsHelper.java:89)
com.shaft.gui.element.ElementActionsHelper.waitForElementPresence(ElementActionsHelper.java:41)
com.shaft.gui.element.WebDriverElementActions.getMatchingElementsCount(WebDriverElementActions.java:1496)
com.shaft.gui.element.WebDriverElementActions.identifyUniqueElement(WebDriverElementActions.java:1544)
com.shaft.gui.element.WebDriverElementActions.identifyUniqueElement(WebDriverElementActions.java:1325)
com.shaft.gui.element.WebDriverElementActions.getText(WebDriverElementActions.java:660)
com.shaft.gui.element.ElementActions.getText(ElementActions.java:319)
com.shaft.validation.ValidationsHelper.validateElementAttribute(ValidationsHelper.java:237)
com.shaft.validation.Assertions.assertElementAttribute(Assertions.java:201)
testPackage01.Test_NewValidationHelper.f16(Test_NewValidationHelper.java:181)
java.base/jdk.internal.reflect.NativeMethodAccessorImpl.invoke0(Native Method)
java.base/jdk.internal.reflect.NativeMethodAccessorImpl.invoke(NativeMethodAccessorImpl.java:77)
java.base/jdk.internal.reflect.DelegatingMethodAccessorImpl.invoke(DelegatingMethodAccessorImpl.java:43)
java.base/java.lang.reflect.Method.invoke(Method.java:568)
org.testng.internal.invokers.MethodInvocationHelper.invokeMethod(MethodInvocationHelper.java:135)
org.testng.internal.invokers.TestInvoker.invokeMethod(TestInvoker.java:673)
org.testng.internal.invokers.TestInvoker.invokeTestMethod(TestInvoker.java:220)
org.testng.internal.invokers.MethodRunner.runInSequence(MethodRunner.java:50)
org.testng.internal.invokers.TestInvoker$MethodInvocationAgent.invoke(TestInvoker.java:945)
org.testng.internal.invokers.TestInvoker.invokeTestMethods(TestInvoker.java:193)
org.testng.internal.invokers.TestMethodWorker.invokeTestMethods(TestMethodWorker.java:146)
org.testng.internal.invokers.TestMethodWorker.run(TestMethodWorker.java:128)
java.base/java.util.ArrayList.forEach(ArrayList.java:1511)
org.testng.TestRunner.privateRun(TestRunner.java:808)
org.testng.TestRunner.run(TestRunner.java:603)
org.testng.SuiteRunner.runTest(SuiteRunner.java:429)
org.testng.SuiteRunner.runSequentially(SuiteRunner.java:423)
org.testng.SuiteRunner.privateRun(SuiteRunner.java:383)
org.testng.SuiteRunner.run(SuiteRunner.java:326)
org.testng.SuiteRunnerWorker.runSuite(SuiteRunnerWorker.java:52)
org.testng.SuiteRunnerWorker.run(SuiteRunnerWorker.java:95)
org.testng.TestNG.runSuitesSequentially(TestNG.java:1249)
org.testng.TestNG.runSuitesLocally(TestNG.java:1169)
org.testng.TestNG.runSuites(TestNG.java:1092)
org.testng.TestNG.run(TestNG.java:1060)
org.apache.maven.surefire.testng.TestNGExecutor.run(TestNGExecutor.java:136)
org.apache.maven.surefire.testng.TestNGDirectoryTestSuite.executeMulti(TestNGDirectoryTestSuite.java:193)
org.apache.maven.surefire.testng.TestNGDirectoryTestSuite.execute(TestNGDirectoryTestSuite.java:94)
org.apache.maven.surefire.testng.TestNGProvider.invoke(TestNGProvider.java:145)
org.apache.maven.surefire.booter.ForkedBooter.runSuitesInProcess(ForkedBooter.java:428)
org.apache.maven.surefire.booter.ForkedBooter.execute(ForkedBooter.java:162)
org.apache.maven.surefire.booter.ForkedBooter.run(ForkedBooter.java:562)
org.apache.maven.surefire.booter.ForkedBooter.main(ForkedBooter.java:548)

Caused by: org.openqa.selenium.NoSuchElementException:
For documentation on this error, please visit: https://selenium.dev/exceptions/#no_such_element
Build info: version: '4.1.2', revision: '9a5a329c5a'
System info: host: 'Mac-1647367416787.local', ip: '10.79.8.230', os.name: 'Mac OS X', os.arch: 'x86_64', os.version: '11.6.4', java.version: '17.0.2'
Driver info: org.openqa.selenium.safari.SafariDriver
Command: [38D4E2F2-8775-4F0B-9D6C-BBB9053A37FF, findElement {using=tag name, value=h3}]
Capabilities {acceptInsecureCerts: false, browserName: Safari, browserVersion: 15.3, goog:loggingPrefs: {browser: ALL, client: ALL, driver: ALL, performance: ALL, profiler: ALL, server: ALL}, javascriptEnabled: true, pageLoadStrategy: normal, platform: MAC, platformName: MAC, safari:automaticInspection: false, safari:automaticProfiling: false, safari:diagnose: false, safari:platformBuildVersion: 20G417, safari:platformVersion: 11.6.4, safari:useSimulator: false, setWindowRect: true, strictFileInteractability: false, timeouts: {pageLoad: 30000, script: 30000}, webkit:WebRTC: {DisableICECandidateFiltering: false, DisableInsecureMediaCapture: false}}
Session ID: 38D4E2F2-8775-4F0B-9D6C-BBB9053A37FF
jdk.internal.reflect.GeneratedConstructorAccessor71.newInstance(Unknown Source)
java.base/jdk.internal.reflect.DelegatingConstructorAccessorImpl.newInstance(DelegatingConstructorAccessorImpl.java:45)
java.base/java.lang.reflect.Constructor.newInstanceWithCaller(Constructor.java:499)
java.base/java.lang.reflect.Constructor.newInstance(Constructor.java:480)
org.openqa.selenium.remote.codec.w3c.W3CHttpResponseCodec.createException(W3CHttpResponseCodec.java:200)
org.openqa.selenium.remote.codec.w3c.W3CHttpResponseCodec.decode(W3CHttpResponseCodec.java:133)
org.openqa.selenium.remote.codec.w3c.W3CHttpResponseCodec.decode(W3CHttpResponseCodec.java:53)
org.openqa.selenium.remote.HttpCommandExecutor.execute(HttpCommandExecutor.java:184)
org.openqa.selenium.remote.service.DriverCommandExecutor.invokeExecute(DriverCommandExecutor.java:167)
org.openqa.selenium.remote.service.DriverCommandExecutor.execute(DriverCommandExecutor.java:142)
org.openqa.selenium.remote.RemoteWebDriver.execute(RemoteWebDriver.java:558)
org.openqa.selenium.remote.ElementLocation$ElementFinder$2.findElement(ElementLocation.java:162)
org.openqa.selenium.remote.ElementLocation.findElement(ElementLocation.java:60)
org.openqa.selenium.remote.RemoteWebDriver.findElement(RemoteWebDriver.java:382)
org.openqa.selenium.remote.RemoteWebDriver.findElement(RemoteWebDriver.java:374)
com.shaft.gui.element.ElementActionsHelper.lambda$waitForElementPresence$0(ElementActionsHelper.java:92)
org.openqa.selenium.support.ui.FluentWait.until(FluentWait.java:208)
com.shaft.gui.element.ElementActionsHelper.waitForElementPresence(ElementActionsHelper.java:89)
com.shaft.gui.element.ElementActionsHelper.waitForElementPresence(ElementActionsHelper.java:41)
com.shaft.gui.element.WebDriverElementActions.getMatchingElementsCount(WebDriverElementActions.java:1496)
com.shaft.gui.element.WebDriverElementActions.identifyUniqueElement(WebDriverElementActions.java:1544)
com.shaft.gui.element.WebDriverElementActions.identifyUniqueElement(WebDriverElementActions.java:1325)
com.shaft.gui.element.WebDriverElementActions.getText(WebDriverElementActions.java:660)
com.shaft.gui.element.ElementActions.getText(ElementActions.java:319)
com.shaft.validation.ValidationsHelper.validateElementAttribute(ValidationsHelper.java:237)
com.shaft.validation.Assertions.assertElementAttribute(Assertions.java:201)
testPackage01.Test_NewValidationHelper.f16(Test_NewValidationHelper.java:181)
java.base/jdk.internal.reflect.NativeMethodAccessorImpl.invoke0(Native Method)
java.base/jdk.internal.reflect.NativeMethodAccessorImpl.invoke(NativeMethodAccessorImpl.java:77)
java.base/jdk.internal.reflect.DelegatingMethodAccessorImpl.invoke(DelegatingMethodAccessorImpl.java:43)
java.base/java.lang.reflect.Method.invoke(Method.java:568)
org.testng.internal.invokers.MethodInvocationHelper.invokeMethod(MethodInvocationHelper.java:135)
org.testng.internal.invokers.TestInvoker.invokeMethod(TestInvoker.java:673)
org.testng.internal.invokers.TestInvoker.invokeTestMethod(TestInvoker.java:220)
org.testng.internal.invokers.MethodRunner.runInSequence(MethodRunner.java:50)
org.testng.internal.invokers.TestInvoker$MethodInvocationAgent.invoke(TestInvoker.java:945)
org.testng.internal.invokers.TestInvoker.invokeTestMethods(TestInvoker.java:193)
org.testng.internal.invokers.TestMethodWorker.invokeTestMethods(TestMethodWorker.java:146)
org.testng.internal.invokers.TestMethodWorker.run(TestMethodWorker.java:128)
java.base/java.util.ArrayList.forEach(ArrayList.java:1511)
org.testng.TestRunner.privateRun(TestRunner.java:808)
org.testng.TestRunner.run(TestRunner.java:603)
org.testng.SuiteRunner.runTest(SuiteRunner.java:429)
org.testng.SuiteRunner.runSequentially(SuiteRunner.java:423)
org.testng.SuiteRunner.privateRun(SuiteRunner.java:383)
org.testng.SuiteRunner.run(SuiteRunner.java:326)
org.testng.SuiteRunnerWorker.runSuite(SuiteRunnerWorker.java:52)
org.testng.SuiteRunnerWorker.run(SuiteRunnerWorker.java:95)
org.testng.TestNG.runSuitesSequentially(TestNG.java:1249)
org.testng.TestNG.runSuitesLocally(TestNG.java:1169)
org.testng.TestNG.runSuites(TestNG.java:1092)
org.testng.TestNG.run(TestNG.java:1060)
org.apache.maven.surefire.testng.TestNGExecutor.run(TestNGExecutor.java:136)
org.apache.maven.surefire.testng.TestNGDirectoryTestSuite.executeMulti(TestNGDirectoryTestSuite.java:193)
org.apache.maven.surefire.testng.TestNGDirectoryTestSuite.execute(TestNGDirectoryTestSuite.java:94)
org.apache.maven.surefire.testng.TestNGProvider.invoke(TestNGProvider.java:145)
org.apache.maven.surefire.booter.ForkedBooter.runSuitesInProcess(ForkedBooter.java:428)
org.apache.maven.surefire.booter.ForkedBooter.execute(ForkedBooter.java:162)
org.apache.maven.surefire.booter.ForkedBooter.run(ForkedBooter.java:562)
org.apache.maven.surefire.booter.ForkedBooter.main(ForkedBooter.java:548) @15-03-2022 18:09:15.0556 PM
[ReportManager] Element Action [IdentifyUniqueElement] failed. With the following test data [zero elements found matching this locator "By.tagName: h3".]. @15-03-2022 18:09:15.0760 PM
[ReportManager] Successfully created attachment [Screenshot - 1647367755582_f16_IdentifyUniqueElement_failed] @15-03-2022 18:09:15.0842 PM
[ReportManager] Assertion [ValidateElementAttribute] FAILED. Expected [Value Should not be 'Welcome' for the 'text' attribute, element locator 'By.tagName: h3'] and Actual [Failed to read the desired element attribute]. Comparison Type [CONTAINS]. Validation Type [NEGATIVE]. @15-03-2022 18:09:15.0843 P
[ReportManager] Successfully Closed All Drivers. @15-03-2022 18:09:16.0223 P
[ReportManager] File Action [GetAbsolutePath] successfully performed. With the following test data [Relative Folder Path: "target/downloadedFiles/"]. @15-03-2022 18:09:16.0347 PM
[ReportManager] Attempting to run locally on: [Mac-64], [Safari], Headless Execution. @15-03-2022 18:09:16.0348 PM
[ReportManager] Successfully Opened Safari. @15-03-2022 18:09:17.0198 PM
[ReportManager] Initial window size: (800, 600) @15-03-2022 18:09:17.0217 PM
[ReportManager] Window size after SWD Maximize: (1176, 803) @15-03-2022 18:09:17.0261 PM
[ReportManager] Browser Action [MaximizeWindow] successfully performed. With the following test data [New screen size is now: (1176, 803)]. @15-03-2022 18:09:17.0262 PM
[ReportManager] Target URL: [https://the-internet.herokuapp.com/] @15-03-2022 18:09:17.0262 PM
[ReportManager] Initial URL: [] @15-03-2022 18:09:17.0296 PM
[ReportManager] Browser Action [NavigateToURL] successfully performed. With the following test data [https://the-internet.herokuapp.com/]. @15-03-2022 18:09:17.0903 P

################################################################################################################################################
Starting Execution:	[101 out of 165] test cases in the current suite
Test Method:		[testPackage01.Test_NewValidationHelper.f17]
################################################################################################################################################
[ReportManager] Attempting to getAttribute [text2] from elementLocator [By.tagName: h1]. @15-03-2022 18:09:18.0048 PM
[ReportManager] Element Action [GetAttribute] successfully performed. @15-03-2022 18:09:18.0114 PM
[ReportManager] Assertion [ValidateElementAttribute] PASSED. Expected [Value Should not be 'Welcome' for the 'text2' attribute, element locator 'By.tagName: h1'] and Actual [null]. Comparison Type [CONTAINS]. Validation Type [NEGATIVE]. @15-03-2022 18:09:18.0471 PM
[ReportManager] Successfully created attachment [Screenshot - 1647367758292_f17_ValidateElementAttribute_passed] @15-03-2022 18:09:18.0473 P
[ReportManager] Successfully Closed All Drivers. @15-03-2022 18:09:18.0713 P
[ReportManager] File Action [GetAbsolutePath] successfully performed. With the following test data [Relative Folder Path: "target/downloadedFiles/"]. @15-03-2022 18:09:18.0715 PM
[ReportManager] Attempting to run locally on: [Mac-64], [Safari], Headless Execution. @15-03-2022 18:09:18.0715 PM
[ReportManager] Successfully Opened Safari. @15-03-2022 18:09:19.0566 PM
[ReportManager] Initial window size: (800, 600) @15-03-2022 18:09:19.0583 PM
[ReportManager] Window size after SWD Maximize: (1176, 803) @15-03-2022 18:09:19.0615 PM
[ReportManager] Browser Action [MaximizeWindow] successfully performed. With the following test data [New screen size is now: (1176, 803)]. @15-03-2022 18:09:19.0615 PM
[ReportManager] Target URL: [https://the-internet.herokuapp.com/] @15-03-2022 18:09:19.0615 PM
[ReportManager] Initial URL: [] @15-03-2022 18:09:19.0659 PM
[ReportManager] Browser Action [NavigateToURL] successfully performed. With the following test data [https://the-internet.herokuapp.com/]. @15-03-2022 18:09:20.0338 P

################################################################################################################################################
Starting Execution:	[102 out of 165] test cases in the current suite
Test Method:		[testPackage01.Test_NewValidationHelper.f18]
################################################################################################################################################
[ReportManager] Element Action [GetText] successfully performed. With the following test data [Welcome to the-internet]. @15-03-2022 18:09:20.0383 PM
[ReportManager] Assertion [ValidateElementAttribute] PASSED. Expected [Value Should not be 'no' for the 'text' attribute, element locator 'By.tagName: h1'] and Actual [Welcome to the-internet]. Comparison Type [CONTAINS]. Validation Type [NEGATIVE]. @15-03-2022 18:09:20.0593 PM
[ReportManager] Successfully created attachment [Screenshot - 1647367760475_f18_ValidateElementAttribute_passed] @15-03-2022 18:09:20.0595 P
[ReportManager] Successfully Closed All Drivers. @15-03-2022 18:09:20.0886 P

################################################################################################################################################
Starting Execution:	[103 out of 165] test cases in the current suite
Test Method:		[testPackage01.Test_NewValidationHelper.f2]
################################################################################################################################################
[ReportManager] Assertion Failed: Checking valid user data @15-03-2022 18:09:20.0958 PM
[ReportManager] Assertion [ValidateEquals] FAILED. Expected [1] and Actual [2]. Comparison Type [EQUALS]. Validation Type [POSITIVE]. @15-03-2022 18:09:20.0958 P
[ReportManager] File Action [GetAbsolutePath] successfully performed. With the following test data [Relative Folder Path: "target/downloadedFiles/"]. @15-03-2022 18:09:21.0010 PM
[ReportManager] Attempting to run locally on: [Mac-64], [Safari], Headless Execution. @15-03-2022 18:09:21.0010 PM
[ReportManager] Successfully Opened Safari. @15-03-2022 18:09:21.0959 PM
[ReportManager] Initial window size: (800, 600) @15-03-2022 18:09:21.0985 PM
[ReportManager] Window size after SWD Maximize: (1176, 803) @15-03-2022 18:09:22.0004 PM
[ReportManager] Browser Action [MaximizeWindow] successfully performed. With the following test data [New screen size is now: (1176, 803)]. @15-03-2022 18:09:22.0005 PM
[ReportManager] Target URL: [https://the-internet.herokuapp.com/] @15-03-2022 18:09:22.0005 PM
[ReportManager] Initial URL: [] @15-03-2022 18:09:22.0071 PM
[ReportManager] Browser Action [NavigateToURL] successfully performed. With the following test data [https://the-internet.herokuapp.com/]. @15-03-2022 18:09:22.0635 P

################################################################################################################################################
Starting Execution:	[104 out of 165] test cases in the current suite
Test Method:		[testPackage01.Test_NewValidationHelper.f20]
################################################################################################################################################
[ReportManager] Element Action [GetSize] successfully performed. With the following test data [(971, 62)]. @15-03-2022 18:09:22.0753 PM
[ReportManager] Assertion [ValidateElementAttribute] PASSED. Expected [Value Should not be 'a' for the 'size' attribute, element locator 'By.tagName: h1'] and Actual [(971, 62)]. Comparison Type [CONTAINS]. Validation Type [NEGATIVE]. @15-03-2022 18:09:23.0037 PM
[ReportManager] Successfully created attachment [Screenshot - 1647367762881_f20_ValidateElementAttribute_passed] @15-03-2022 18:09:23.0081 P
[ReportManager] Successfully Closed All Drivers. @15-03-2022 18:09:23.0448 P
[ReportManager] File Action [GetAbsolutePath] successfully performed. With the following test data [Relative Folder Path: "target/downloadedFiles/"]. @15-03-2022 18:09:23.0531 PM
[ReportManager] Attempting to run locally on: [Mac-64], [Safari], Headless Execution. @15-03-2022 18:09:23.0531 PM
[ReportManager] Successfully Opened Safari. @15-03-2022 18:09:24.0395 PM
[ReportManager] Initial window size: (800, 600) @15-03-2022 18:09:24.0434 PM
[ReportManager] Window size after SWD Maximize: (1176, 803) @15-03-2022 18:09:24.0447 PM
[ReportManager] Browser Action [MaximizeWindow] successfully performed. With the following test data [New screen size is now: (1176, 803)]. @15-03-2022 18:09:24.0448 PM
[ReportManager] Target URL: [https://the-internet.herokuapp.com/] @15-03-2022 18:09:24.0448 PM
[ReportManager] Initial URL: [] @15-03-2022 18:09:24.0500 PM
[ReportManager] Browser Action [NavigateToURL] successfully performed. With the following test data [https://the-internet.herokuapp.com/]. @15-03-2022 18:09:25.0085 P

################################################################################################################################################
Starting Execution:	[105 out of 165] test cases in the current suite
Test Method:		[testPackage01.Test_NewValidationHelper.f21]
################################################################################################################################################
[ReportManager] org.openqa.selenium.TimeoutException:
Expected condition failed: waiting for com.shaft.gui.element.ElementActionsHelper$$Lambda$676/0x0000000801149c30@1cfb1d4e (tried for 25 second(s) with 1000 milliseconds interval)
org.openqa.selenium.support.ui.FluentWait.timeoutException(FluentWait.java:263)
org.openqa.selenium.support.ui.FluentWait.until(FluentWait.java:231)
com.shaft.gui.element.ElementActionsHelper.waitForElementPresence(ElementActionsHelper.java:89)
com.shaft.gui.element.ElementActionsHelper.waitForElementPresence(ElementActionsHelper.java:41)
com.shaft.gui.element.WebDriverElementActions.getMatchingElementsCount(WebDriverElementActions.java:1496)
com.shaft.gui.element.WebDriverElementActions.identifyUniqueElement(WebDriverElementActions.java:1544)
com.shaft.gui.element.WebDriverElementActions.identifyUniqueElement(WebDriverElementActions.java:1325)
com.shaft.gui.element.WebDriverElementActions.getText(WebDriverElementActions.java:660)
com.shaft.gui.element.ElementActions.getText(ElementActions.java:319)
com.shaft.validation.ValidationsHelper.validateElementAttribute(ValidationsHelper.java:237)
com.shaft.validation.Assertions.assertElementAttribute(Assertions.java:201)
testPackage01.Test_NewValidationHelper.f21(Test_NewValidationHelper.java:210)
java.base/jdk.internal.reflect.NativeMethodAccessorImpl.invoke0(Native Method)
java.base/jdk.internal.reflect.NativeMethodAccessorImpl.invoke(NativeMethodAccessorImpl.java:77)
java.base/jdk.internal.reflect.DelegatingMethodAccessorImpl.invoke(DelegatingMethodAccessorImpl.java:43)
java.base/java.lang.reflect.Method.invoke(Method.java:568)
org.testng.internal.invokers.MethodInvocationHelper.invokeMethod(MethodInvocationHelper.java:135)
org.testng.internal.invokers.TestInvoker.invokeMethod(TestInvoker.java:673)
org.testng.internal.invokers.TestInvoker.invokeTestMethod(TestInvoker.java:220)
org.testng.internal.invokers.MethodRunner.runInSequence(MethodRunner.java:50)
org.testng.internal.invokers.TestInvoker$MethodInvocationAgent.invoke(TestInvoker.java:945)
org.testng.internal.invokers.TestInvoker.invokeTestMethods(TestInvoker.java:193)
org.testng.internal.invokers.TestMethodWorker.invokeTestMethods(TestMethodWorker.java:146)
org.testng.internal.invokers.TestMethodWorker.run(TestMethodWorker.java:128)
java.base/java.util.ArrayList.forEach(ArrayList.java:1511)
org.testng.TestRunner.privateRun(TestRunner.java:808)
org.testng.TestRunner.run(TestRunner.java:603)
org.testng.SuiteRunner.runTest(SuiteRunner.java:429)
org.testng.SuiteRunner.runSequentially(SuiteRunner.java:423)
org.testng.SuiteRunner.privateRun(SuiteRunner.java:383)
org.testng.SuiteRunner.run(SuiteRunner.java:326)
org.testng.SuiteRunnerWorker.runSuite(SuiteRunnerWorker.java:52)
org.testng.SuiteRunnerWorker.run(SuiteRunnerWorker.java:95)
org.testng.TestNG.runSuitesSequentially(TestNG.java:1249)
org.testng.TestNG.runSuitesLocally(TestNG.java:1169)
org.testng.TestNG.runSuites(TestNG.java:1092)
org.testng.TestNG.run(TestNG.java:1060)
org.apache.maven.surefire.testng.TestNGExecutor.run(TestNGExecutor.java:136)
org.apache.maven.surefire.testng.TestNGDirectoryTestSuite.executeMulti(TestNGDirectoryTestSuite.java:193)
org.apache.maven.surefire.testng.TestNGDirectoryTestSuite.execute(TestNGDirectoryTestSuite.java:94)
org.apache.maven.surefire.testng.TestNGProvider.invoke(TestNGProvider.java:145)
org.apache.maven.surefire.booter.ForkedBooter.runSuitesInProcess(ForkedBooter.java:428)
org.apache.maven.surefire.booter.ForkedBooter.execute(ForkedBooter.java:162)
org.apache.maven.surefire.booter.ForkedBooter.run(ForkedBooter.java:562)
org.apache.maven.surefire.booter.ForkedBooter.main(ForkedBooter.java:548)

Caused by: org.openqa.selenium.NoSuchElementException:
For documentation on this error, please visit: https://selenium.dev/exceptions/#no_such_element
Build info: version: '4.1.2', revision: '9a5a329c5a'
System info: host: 'Mac-1647367416787.local', ip: '10.79.8.230', os.name: 'Mac OS X', os.arch: 'x86_64', os.version: '11.6.4', java.version: '17.0.2'
Driver info: org.openqa.selenium.safari.SafariDriver
Command: [BC1A9B88-E07E-4E7E-8348-3AE5EE242F36, findElement {using=tag name, value=h3}]
Capabilities {acceptInsecureCerts: false, browserName: Safari, browserVersion: 15.3, goog:loggingPrefs: {browser: ALL, client: ALL, driver: ALL, performance: ALL, profiler: ALL, server: ALL}, javascriptEnabled: true, pageLoadStrategy: normal, platform: MAC, platformName: MAC, safari:automaticInspection: false, safari:automaticProfiling: false, safari:diagnose: false, safari:platformBuildVersion: 20G417, safari:platformVersion: 11.6.4, safari:useSimulator: false, setWindowRect: true, strictFileInteractability: false, timeouts: {pageLoad: 30000, script: 30000}, webkit:WebRTC: {DisableICECandidateFiltering: false, DisableInsecureMediaCapture: false}}
Session ID: BC1A9B88-E07E-4E7E-8348-3AE5EE242F36
jdk.internal.reflect.GeneratedConstructorAccessor71.newInstance(Unknown Source)
java.base/jdk.internal.reflect.DelegatingConstructorAccessorImpl.newInstance(DelegatingConstructorAccessorImpl.java:45)
java.base/java.lang.reflect.Constructor.newInstanceWithCaller(Constructor.java:499)
java.base/java.lang.reflect.Constructor.newInstance(Constructor.java:480)
org.openqa.selenium.remote.codec.w3c.W3CHttpResponseCodec.createException(W3CHttpResponseCodec.java:200)
org.openqa.selenium.remote.codec.w3c.W3CHttpResponseCodec.decode(W3CHttpResponseCodec.java:133)
org.openqa.selenium.remote.codec.w3c.W3CHttpResponseCodec.decode(W3CHttpResponseCodec.java:53)
org.openqa.selenium.remote.HttpCommandExecutor.execute(HttpCommandExecutor.java:184)
org.openqa.selenium.remote.service.DriverCommandExecutor.invokeExecute(DriverCommandExecutor.java:167)
org.openqa.selenium.remote.service.DriverCommandExecutor.execute(DriverCommandExecutor.java:142)
org.openqa.selenium.remote.RemoteWebDriver.execute(RemoteWebDriver.java:558)
org.openqa.selenium.remote.ElementLocation$ElementFinder$2.findElement(ElementLocation.java:162)
org.openqa.selenium.remote.ElementLocation.findElement(ElementLocation.java:60)
org.openqa.selenium.remote.RemoteWebDriver.findElement(RemoteWebDriver.java:382)
org.openqa.selenium.remote.RemoteWebDriver.findElement(RemoteWebDriver.java:374)
com.shaft.gui.element.ElementActionsHelper.lambda$waitForElementPresence$0(ElementActionsHelper.java:92)
org.openqa.selenium.support.ui.FluentWait.until(FluentWait.java:208)
com.shaft.gui.element.ElementActionsHelper.waitForElementPresence(ElementActionsHelper.java:89)
com.shaft.gui.element.ElementActionsHelper.waitForElementPresence(ElementActionsHelper.java:41)
com.shaft.gui.element.WebDriverElementActions.getMatchingElementsCount(WebDriverElementActions.java:1496)
com.shaft.gui.element.WebDriverElementActions.identifyUniqueElement(WebDriverElementActions.java:1544)
com.shaft.gui.element.WebDriverElementActions.identifyUniqueElement(WebDriverElementActions.java:1325)
com.shaft.gui.element.WebDriverElementActions.getText(WebDriverElementActions.java:660)
com.shaft.gui.element.ElementActions.getText(ElementActions.java:319)
com.shaft.validation.ValidationsHelper.validateElementAttribute(ValidationsHelper.java:237)
com.shaft.validation.Assertions.assertElementAttribute(Assertions.java:201)
testPackage01.Test_NewValidationHelper.f21(Test_NewValidationHelper.java:210)
java.base/jdk.internal.reflect.NativeMethodAccessorImpl.invoke0(Native Method)
java.base/jdk.internal.reflect.NativeMethodAccessorImpl.invoke(NativeMethodAccessorImpl.java:77)
java.base/jdk.internal.reflect.DelegatingMethodAccessorImpl.invoke(DelegatingMethodAccessorImpl.java:43)
java.base/java.lang.reflect.Method.invoke(Method.java:568)
org.testng.internal.invokers.MethodInvocationHelper.invokeMethod(MethodInvocationHelper.java:135)
org.testng.internal.invokers.TestInvoker.invokeMethod(TestInvoker.java:673)
org.testng.internal.invokers.TestInvoker.invokeTestMethod(TestInvoker.java:220)
org.testng.internal.invokers.MethodRunner.runInSequence(MethodRunner.java:50)
org.testng.internal.invokers.TestInvoker$MethodInvocationAgent.invoke(TestInvoker.java:945)
org.testng.internal.invokers.TestInvoker.invokeTestMethods(TestInvoker.java:193)
org.testng.internal.invokers.TestMethodWorker.invokeTestMethods(TestMethodWorker.java:146)
org.testng.internal.invokers.TestMethodWorker.run(TestMethodWorker.java:128)
java.base/java.util.ArrayList.forEach(ArrayList.java:1511)
org.testng.TestRunner.privateRun(TestRunner.java:808)
org.testng.TestRunner.run(TestRunner.java:603)
org.testng.SuiteRunner.runTest(SuiteRunner.java:429)
org.testng.SuiteRunner.runSequentially(SuiteRunner.java:423)
org.testng.SuiteRunner.privateRun(SuiteRunner.java:383)
org.testng.SuiteRunner.run(SuiteRunner.java:326)
org.testng.SuiteRunnerWorker.runSuite(SuiteRunnerWorker.java:52)
org.testng.SuiteRunnerWorker.run(SuiteRunnerWorker.java:95)
org.testng.TestNG.runSuitesSequentially(TestNG.java:1249)
org.testng.TestNG.runSuitesLocally(TestNG.java:1169)
org.testng.TestNG.runSuites(TestNG.java:1092)
org.testng.TestNG.run(TestNG.java:1060)
org.apache.maven.surefire.testng.TestNGExecutor.run(TestNGExecutor.java:136)
org.apache.maven.surefire.testng.TestNGDirectoryTestSuite.executeMulti(TestNGDirectoryTestSuite.java:193)
org.apache.maven.surefire.testng.TestNGDirectoryTestSuite.execute(TestNGDirectoryTestSuite.java:94)
org.apache.maven.surefire.testng.TestNGProvider.invoke(TestNGProvider.java:145)
org.apache.maven.surefire.booter.ForkedBooter.runSuitesInProcess(ForkedBooter.java:428)
org.apache.maven.surefire.booter.ForkedBooter.execute(ForkedBooter.java:162)
org.apache.maven.surefire.booter.ForkedBooter.run(ForkedBooter.java:562)
org.apache.maven.surefire.booter.ForkedBooter.main(ForkedBooter.java:548) @15-03-2022 18:09:50.0608 PM
[ReportManager] Element Action [IdentifyUniqueElement] failed. With the following test data [zero elements found matching this locator "By.tagName: h3".]. @15-03-2022 18:09:50.0768 PM
[ReportManager] Successfully created attachment [Screenshot - 1647367790636_f21_IdentifyUniqueElement_failed] @15-03-2022 18:09:50.0851 PM
[ReportManager] Assertion [ValidateElementAttribute] FAILED. Expected [Value Should be 'Welcome' for the 'text' attribute, element locator 'By.tagName: h3'] and Actual [Failed to read the desired element attribute]. Comparison Type [CONTAINS]. Validation Type [POSITIVE]. @15-03-2022 18:09:50.0852 P
[ReportManager] Successfully Closed All Drivers. @15-03-2022 18:09:51.0216 P
[ReportManager] File Action [GetAbsolutePath] successfully performed. With the following test data [Relative Folder Path: "target/downloadedFiles/"]. @15-03-2022 18:09:51.0341 PM
[ReportManager] Attempting to run locally on: [Mac-64], [Safari], Headless Execution. @15-03-2022 18:09:51.0341 PM
[ReportManager] An Exception Occured with this Message: Could not start a new session. Possible causes are invalid address of the remote server or browser start-up failure.. @15-03-2022 18:09:51.0503 PM
[ReportManager] Successfully created attachment [Exception Stack Trace - org.openqa.selenium.SessionNotCreatedException] @15-03-2022 18:09:51.0544 PM
[ReportManager] Driver Factory Action [createNewLocalDriverInstanceForSafari] failed. With the following test data [Failed to create a session on DESKTOP_SAFARI]. @15-03-2022 18:09:51.0545 P

################################################################################################################################################
Starting Execution:	[106 out of 165] test cases in the current suite
Test Method:		[testPackage01.Test_NewValidationHelper.f22]
###############################################################################################################################################


################################################################################################################################################
Starting Execution:	[107 out of 165] test cases in the current suite
Test Method:		[testPackage01.Test_NewValidationHelper.f23]
###############################################################################################################################################

################################################################################################################################################
Starting Execution:	[108 out of 165] test cases in the current suite
Test Method:		[testPackage01.Test_NewValidationHelper.f24]
###############################################################################################################################################

################################################################################################################################################
Starting Execution:	[109 out of 165] test cases in the current suite
Test Method:		[testPackage01.Test_NewValidationHelper.f25]
###############################################################################################################################################

################################################################################################################################################
Starting Execution:	[110 out of 165] test cases in the current suite
Test Method:		[testPackage01.Test_NewValidationHelper.f26]
###############################################################################################################################################

################################################################################################################################################
Starting Execution:	[111 out of 165] test cases in the current suite
Test Method:		[testPackage01.Test_NewValidationHelper.f27]
###############################################################################################################################################

################################################################################################################################################
Starting Execution:	[112 out of 165] test cases in the current suite
Test Method:		[testPackage01.Test_NewValidationHelper.f28]
###############################################################################################################################################

################################################################################################################################################
Starting Execution:	[113 out of 165] test cases in the current suite
Test Method:		[testPackage01.Test_NewValidationHelper.f29]
###############################################################################################################################################

################################################################################################################################################
Starting Execution:	[114 out of 165] test cases in the current suite
Test Method:		[testPackage01.Test_NewValidationHelper.f3]
###############################################################################################################################################

################################################################################################################################################
Starting Execution:	[115 out of 165] test cases in the current suite
Test Method:		[testPackage01.Test_NewValidationHelper.f30]
###############################################################################################################################################

################################################################################################################################################
Starting Execution:	[116 out of 165] test cases in the current suite
Test Method:		[testPackage01.Test_NewValidationHelper.f31]
###############################################################################################################################################

################################################################################################################################################
Starting Execution:	[117 out of 165] test cases in the current suite
Test Method:		[testPackage01.Test_NewValidationHelper.f32]
###############################################################################################################################################

################################################################################################################################################
Starting Execution:	[118 out of 165] test cases in the current suite
Test Method:		[testPackage01.Test_NewValidationHelper.f33]
###############################################################################################################################################

################################################################################################################################################
Starting Execution:	[119 out of 165] test cases in the current suite
Test Method:		[testPackage01.Test_NewValidationHelper.f34]
###############################################################################################################################################

################################################################################################################################################
Starting Execution:	[120 out of 165] test cases in the current suite
Test Method:		[testPackage01.Test_NewValidationHelper.f35]
###############################################################################################################################################

################################################################################################################################################
Starting Execution:	[121 out of 165] test cases in the current suite
Test Method:		[testPackage01.Test_NewValidationHelper.f36]
###############################################################################################################################################

################################################################################################################################################
Starting Execution:	[122 out of 165] test cases in the current suite
Test Method:		[testPackage01.Test_NewValidationHelper.f37]
###############################################################################################################################################

################################################################################################################################################
Starting Execution:	[123 out of 165] test cases in the current suite
Test Method:		[testPackage01.Test_NewValidationHelper.f3_1]
###############################################################################################################################################

################################################################################################################################################
Starting Execution:	[124 out of 165] test cases in the current suite
Test Method:		[testPackage01.Test_NewValidationHelper.f4]
###############################################################################################################################################

################################################################################################################################################
Starting Execution:	[125 out of 165] test cases in the current suite
Test Method:		[testPackage01.Test_NewValidationHelper.f5]
###############################################################################################################################################

################################################################################################################################################
Starting Execution:	[126 out of 165] test cases in the current suite
Test Method:		[testPackage01.Test_NewValidationHelper.f6]
###############################################################################################################################################

################################################################################################################################################
Starting Execution:	[127 out of 165] test cases in the current suite
Test Method:		[testPackage01.Test_NewValidationHelper.f6_1]
###############################################################################################################################################

################################################################################################################################################
Starting Execution:	[128 out of 165] test cases in the current suite
Test Method:		[testPackage01.Test_NewValidationHelper.f6_2]
###############################################################################################################################################

################################################################################################################################################
Starting Execution:	[129 out of 165] test cases in the current suite
Test Method:		[testPackage01.Test_NewValidationHelper.f7]
###############################################################################################################################################


################################################################################################################################################
Starting Execution:	[130 out of 165] test cases in the current suite
Test Method:		[testPackage01.Test_NewValidationHelper.f8]
###############################################################################################################################################



################################################################################################################################################
Starting Execution:	[131 out of 165] test cases in the current suite
Test Method:		[testPackage01.Test_NewValidationHelper.f9]
###############################################################################################################################################


################################################################################################################################################
Starting Execution:	[132 out of 165] test cases in the current suite
Test Method:		[testPackage01.Test_NewValidationHelper.forceFail]
###############################################################################################################################################

################################################################################################################################################
Starting Execution:	[133 out of 165] test cases in the current suite
Test Method:		[testPackage01.Test_NewValidationHelper.forceFail2]
###############################################################################################################################################

################################################################################################################################################
Starting Execution:	[134 out of 165] test cases in the current suite
Test Method:		[testPackage01.Test_JsonActions.f]
###############################################################################################################################################

################################################################################################################################################
Starting Execution:	[135 out of 165] test cases in the current suite
Test Method:		[testPackage01.Test_JsonActions.f2]
###############################################################################################################################################

################################################################################################################################################
Starting Execution:	[136 out of 165] test cases in the current suite
Test Method:		[testPackage01.Test_sendGraphqlRequest.sendGraphqlRequestUsingMutationAndVariables]
################################################################################################################################################
[ReportManager] GraphQl Request is being Performed with the Following Parameters [Service URL: https://api.spacex.land/graphql | Request Body: {"variables":"{\"name\": \"sherlock holmes\",\"rocket\": \"221B Baker Street\"}","query":"mutation ($name: String, $rocket: String) {\n  insert_users(objects: {name: $name, rocket: $rocket}) {\n    returning {\n      name\n      rocket\n    }\n  }\n}"}] @15-03-2022 18:09:54.0572 PM
[ReportManager] Response status code: [200], status line: [HTTP/1.1 200 OK] @15-03-2022 18:09:55.0652 PM
[ReportManager] Assertion Passed: Evaluating the actual response status code against the expected one... @15-03-2022 18:09:55.0652 PM
[ReportManager] Assertion [ValidateComparativeRelation] PASSED. Expected [200] and Actual [200]. Comparison Type [EQUALS]. Validation Type [POSITIVE]. @15-03-2022 18:09:55.0653 PM
[ReportManager] API Action [PerformRequest] successfully performed. With the following test data [Request Type: "POST" | Target Status Code: "200" | Service URL: "https://api.spacex.land/graphql" | Content Type: "application/json" | Response Time: "430ms"]. @15-03-2022 18:09:55.0719 PM
[ReportManager] Successfully created attachment [API Request - Specifications] @15-03-2022 18:09:55.0801 PM
[ReportManager] Successfully created attachment [API Request - JSON Body] @15-03-2022 18:09:55.0844 PM
[ReportManager] Successfully created attachment [API Response - JSON Body] @15-03-2022 18:09:55.0845 PM
[ReportManager] API Action [GetResponseJSONValue] successfully performed. With the following test data [data.insert_users.returning[0].name]. @15-03-2022 18:09:56.0950 PM
[ReportManager] Assertion [ValidateEquals] PASSED. Expected [sherlock holmes] and Actual [sherlock holmes]. Comparison Type [EQUALS]. Validation Type [POSITIVE]. @15-03-2022 18:09:56.0951 P

################################################################################################################################################
Starting Execution:	[137 out of 165] test cases in the current suite
Test Method:		[testPackage01.Test_sendGraphqlRequest.sendGraphqlRequestUsingQuery]
################################################################################################################################################
[ReportManager] GraphQl Request is being Performed with the Following Parameters [Service URL: https://api.spacex.land/graphql | Request Body: {"query":"{company {ceo}}"}] @15-03-2022 18:09:57.0079 PM
[ReportManager] Response status code: [200], status line: [HTTP/1.1 200 OK] @15-03-2022 18:09:57.0196 PM
[ReportManager] Assertion Passed: Evaluating the actual response status code against the expected one... @15-03-2022 18:09:57.0196 PM
[ReportManager] Assertion [ValidateComparativeRelation] PASSED. Expected [200] and Actual [200]. Comparison Type [EQUALS]. Validation Type [POSITIVE]. @15-03-2022 18:09:57.0196 PM
[ReportManager] API Action [PerformRequest] successfully performed. With the following test data [Request Type: "POST" | Target Status Code: "200" | Service URL: "https://api.spacex.land/graphql" | Content Type: "application/json" | Response Time: "113ms"]. @15-03-2022 18:09:57.0210 PM
[ReportManager] Successfully created attachment [API Request - Specifications] @15-03-2022 18:09:57.0252 PM
[ReportManager] Successfully created attachment [API Request - JSON Body] @15-03-2022 18:09:57.0336 PM
[ReportManager] Successfully created attachment [API Response - JSON Body] @15-03-2022 18:09:57.0462 PM
[ReportManager] API Action [GetResponseJSONValue] successfully performed. With the following test data [data.company.ceo]. @15-03-2022 18:09:57.0474 PM
[ReportManager] Assertion [ValidateEquals] PASSED. Expected [Elon Musk] and Actual [Elon Musk]. Comparison Type [EQUALS]. Validation Type [POSITIVE]. @15-03-2022 18:09:57.0474 P

################################################################################################################################################
Starting Execution:	[138 out of 165] test cases in the current suite
Test Method:		[testPackage01.Test_MatchJsonSchema.checkAPI_ResponseSchema]
################################################################################################################################################
[ReportManager] Response status code: [200], status line: [HTTP/1.1 200 OK] @15-03-2022 18:09:57.0697 PM
[ReportManager] Assertion Passed: Evaluating the actual response status code against the expected one... @15-03-2022 18:09:57.0698 PM
[ReportManager] Assertion [ValidateComparativeRelation] PASSED. Expected [200] and Actual [200]. Comparison Type [EQUALS]. Validation Type [POSITIVE]. @15-03-2022 18:09:57.0698 PM
[ReportManager] API Action [PerformRequest] successfully performed. With the following test data [Request Type: "GET" | Target Status Code: "200" | Service URL: "http://api.zippopotam.us/us/90210" | Content Type: "*/*" | Response Time: "89ms"]. @15-03-2022 18:09:57.0711 PM
[ReportManager] Successfully created attachment [API Request - Specifications] @15-03-2022 18:09:57.0731 PM
[ReportManager] Successfully created attachment [API Response - JSON Body] @15-03-2022 18:09:57.0732 PM
[ReportManager] File Action [GetAbsolutePath] successfully performed. With the following test data [Relative Folder Path: "src/test/resources/testDataFiles/schema.json"]. @15-03-2022 18:09:57.0733 PM
[ReportManager] File Action [GetAbsolutePath] successfully performed. With the following test data [Relative Folder Path: "/Users/runner/work/SHAFT_ENGINE/SHAFT_ENGINE/src/test/resources/testDataFiles/schema.json"]. @15-03-2022 18:10:08.0501 PM
[ReportManager] File Action [ReadFromFile] successfully performed. With the following test data [File Path: "/Users/runner/work/SHAFT_ENGINE/SHAFT_ENGINE/src/test/resources/testDataFiles/schema.json"]. @15-03-2022 18:10:08.0501 PM
[ReportManager] Assertion Passed: Then I Assert that the API response schema matches that in this file [src/test/resources/testDataFiles/schema.json]. @15-03-2022 18:10:08.0503 PM
[ReportManager] Successfully created attachment [Validation Test Data - Expected JSON Value] @15-03-2022 18:10:08.0532 PM
[ReportManager] Successfully created attachment [Validation Test Data - Actual JSON Value] @15-03-2022 18:10:08.0533 PM
[ReportManager] Assertion [ValidateResponseFileSchema] PASSED. Expected [Response data should match the JSON File in this path '/Users/runner/work/SHAFT_ENGINE/SHAFT_ENGINE/src/test/resources/testDataFiles/schema.json'] and Actual [TRUE]. Comparison Type [EQUALS]. Validation Type [POSITIVE]. @15-03-2022 18:10:08.0533 P
[ReportManager] File Action [GetAbsolutePath] successfully performed. With the following test data [Relative Folder Path: "target/downloadedFiles/"]. @15-03-2022 18:10:08.0536 PM
[ReportManager] Attempting to run locally on: [Mac-64], [Safari], Headless Execution. @15-03-2022 18:10:08.0536 PM
[ReportManager] Successfully Opened Safari. @15-03-2022 18:10:09.0428 PM
[ReportManager] Initial window size: (800, 600) @15-03-2022 18:10:09.0456 PM
[ReportManager] Window size after SWD Maximize: (1176, 803) @15-03-2022 18:10:09.0475 PM
[ReportManager] Browser Action [MaximizeWindow] successfully performed. With the following test data [New screen size is now: (1176, 803)]. @15-03-2022 18:10:09.0476 P

################################################################################################################################################
Starting Execution:	[139 out of 165] test cases in the current suite
Test Method:		[testPackage01.Test_dragAndDrop.dragAndDropJquery]
################################################################################################################################################
[ReportManager] Target URL: [https://jqueryui.com/resources/demos/droppable/default.html] @15-03-2022 18:10:09.0614 PM
[ReportManager] Initial URL: [] @15-03-2022 18:10:09.0649 PM
[ReportManager] Browser Action [NavigateToURL] successfully performed. With the following test data [https://jqueryui.com/resources/demos/droppable/default.html]. @15-03-2022 18:10:10.0044 PM
[ReportManager] Element Action [GetText] successfully performed. With the following test data [
	Drop here
]. @15-03-2022 18:10:10.0090 PM
[ReportManager] Element Action [DragAndDrop] successfully performed. With the following test data [Start point: (8, 18), End point: (8, 18)]. @15-03-2022 18:10:11.0303 PM
[ReportManager] Element Action [GetText] successfully performed. With the following test data [
	Dropped!
]. @15-03-2022 18:10:11.0338 PM
[ReportManager] Assertion Passed: Checking to see if the text has changed after performing drag and drop @15-03-2022 18:10:11.0338 PM
[ReportManager] Assertion [ValidateEquals] PASSED. Expected [
	Drop here
] and Actual [
	Dropped!
]. Comparison Type [EQUALS]. Validation Type [NEGATIVE]. @15-03-2022 18:10:11.0338 P
[ReportManager] Browser Action [CloseCurrentWindow] successfully performed. @15-03-2022 18:10:11.0853 PM
[ReportManager] Successfully created attachment [Browser Action Test Data - CloseCurrentWindow - Actual Value] @15-03-2022 18:10:11.0895 P
[ReportManager] File Action [GetAbsolutePath] successfully performed. With the following test data [Relative Folder Path: "target/downloadedFiles/"]. @15-03-2022 18:10:12.0019 PM
[ReportManager] Attempting to run locally on: [Mac-64], [Safari], Headless Execution. @15-03-2022 18:10:12.0019 PM
[ReportManager] Successfully Opened Safari. @15-03-2022 18:10:12.0880 PM
[ReportManager] Initial window size: (800, 600) @15-03-2022 18:10:12.0906 PM
[ReportManager] Window size after SWD Maximize: (1176, 803) @15-03-2022 18:10:12.0937 PM
[ReportManager] Browser Action [MaximizeWindow] successfully performed. With the following test data [New screen size is now: (1176, 803)]. @15-03-2022 18:10:12.0937 P

################################################################################################################################################
Starting Execution:	[140 out of 165] test cases in the current suite
Test Method:		[testPackage01.Test_dragAndDrop.dragAndDrop]
Test Description:	[TC001 - Test Drag and Drop function.]
################################################################################################################################################
[ReportManager] Target URL: [http://the-internet.herokuapp.com/drag_and_drop] @15-03-2022 18:10:13.0062 PM
[ReportManager] Initial URL: [] @15-03-2022 18:10:13.0097 PM
[ReportManager] Browser Action [NavigateToURL] successfully performed. With the following test data [http://the-internet.herokuapp.com/drag_and_drop]. @15-03-2022 18:10:13.0638 PM
[ReportManager] Attempting Drag and Drop @15-03-2022 18:10:13.0639 PM
[ReportManager] Element Action [DragAndDrop] successfully performed. With the following test data [Start point: (120, 89), End point: (335, 89)]. @15-03-2022 18:10:14.0379 P
[ReportManager] Browser Action [CloseCurrentWindow] successfully performed. @15-03-2022 18:10:14.0900 PM
[ReportManager] Successfully created attachment [Browser Action Test Data - CloseCurrentWindow - Actual Value] @15-03-2022 18:10:14.0941 P
[ReportManager] File Action [GetAbsolutePath] successfully performed. With the following test data [Relative Folder Path: "target/downloadedFiles/"]. @15-03-2022 18:10:15.0067 PM
[ReportManager] Attempting to run locally on: [Mac-64], [Safari], Headless Execution. @15-03-2022 18:10:15.0067 PM
[ReportManager] Successfully Opened Safari. @15-03-2022 18:10:15.0912 PM
[ReportManager] Initial window size: (800, 600) @15-03-2022 18:10:15.0931 PM
[ReportManager] Window size after SWD Maximize: (1176, 803) @15-03-2022 18:10:15.0951 PM
[ReportManager] Browser Action [MaximizeWindow] successfully performed. With the following test data [New screen size is now: (1176, 803)]. @15-03-2022 18:10:15.0951 P

################################################################################################################################################
Starting Execution:	[141 out of 165] test cases in the current suite
Test Method:		[testPackage01.Test_dragAndDrop.dragAndDropByOffset]
Test Description:	[TC002 - Test Drag and Drop by offset function.]
################################################################################################################################################
[ReportManager] Target URL: [https://jqueryui.com/resources/demos/draggable/default.html] @15-03-2022 18:10:16.0085 PM
[ReportManager] Initial URL: [] @15-03-2022 18:10:16.0116 PM
[ReportManager] Browser Action [NavigateToURL] successfully performed. With the following test data [https://jqueryui.com/resources/demos/draggable/default.html]. @15-03-2022 18:10:16.0531 PM
[ReportManager] Element Action [DragAndDropByOffset] successfully performed. With the following test data [Start point: (8, 8), End point: (108, 58)]. @15-03-2022 18:10:17.0329 P
[ReportManager] Browser Action [CloseCurrentWindow] successfully performed. @15-03-2022 18:10:17.0604 PM
[ReportManager] Successfully created attachment [Browser Action Test Data - CloseCurrentWindow - Actual Value] @15-03-2022 18:10:17.0646 P
[ReportManager] Successfully loaded the following test data file [src/test/resources/testDataFiles/testSuite01/TestData.xlsx]. @15-03-2022 18:10:17.0768 PM
[ReportManager] Successfully created attachment [Test Data - Excel] @15-03-2022 18:10:17.0878 PM
[ReportManager] File Action [GetAbsolutePath] successfully performed. With the following test data [Relative Folder Path: "target/downloadedFiles/"]. @15-03-2022 18:10:17.0878 PM
[ReportManager] Attempting to run locally on: [Mac-64], [Safari], Headless Execution. @15-03-2022 18:10:17.0879 PM
[ReportManager] Successfully Opened Safari. @15-03-2022 18:10:18.0757 PM
[ReportManager] Initial window size: (800, 600) @15-03-2022 18:10:18.0775 PM
[ReportManager] Window size after SWD Maximize: (1176, 803) @15-03-2022 18:10:18.0808 PM
[ReportManager] Browser Action [MaximizeWindow] successfully performed. With the following test data [New screen size is now: (1176, 803)]. @15-03-2022 18:10:18.0809 P

################################################################################################################################################
Starting Execution:	[142 out of 165] test cases in the current suite
Test Method:		[testPackage01.Test_google.navigateToURLandVerifyGoogleLogoIsDisplayed]
Test Description:	[TC001 - Navigate to URL and Verify Google Logo is Displayed]
################################################################################################################################################
[ReportManager] Target URL: [https://www.google.com/ncr], and after redirection: [https://www.google.com] @15-03-2022 18:10:18.0853 PM
[ReportManager] Initial URL: [] @15-03-2022 18:10:18.0891 PM
[ReportManager] Browser Action [NavigateToURL] successfully performed. With the following test data [https://www.google.com/ncr]. @15-03-2022 18:10:20.0341 PM
[ReportManager] Assertion Passed: Then I Assert that the element found by [By.xpath: //*[@id='hplogo' or @alt='Google']] exists. @15-03-2022 18:10:20.0679 PM
[ReportManager] Successfully created attachment [Screenshot - 1647367820491_navigateToURLandVerifyGoogleLogoIsDisplayed_ValidateElementExists_passed] @15-03-2022 18:10:20.0763 PM
[ReportManager] Assertion [ValidateElementExists] PASSED. Expected [Element Should Exist, locator 'By.xpath: //*[@id='hplogo' or @alt='Google']'] and Actual [Element Exists]. Comparison Type [EQUALS]. Validation Type [POSITIVE]. @15-03-2022 18:10:20.0763 P

################################################################################################################################################
Starting Execution:	[143 out of 165] test cases in the current suite
Test Method:		[testPackage01.Test_google.searchForQueryandAssertResultsNumDisplayed]
Test Description:	[TC002 - Search for Query and Assert that the number of results is displayed]
################################################################################################################################################
[ReportManager] Element Action [Type] successfully performed. With the following test data [SHAFT_Engine]. @15-03-2022 18:10:21.0146 PM
[ReportManager] Element Action [KeyPress] successfully performed. With the following test data [Enter]. @15-03-2022 18:10:21.0269 PM
[ReportManager] Element Action [GetText] successfully performed. With the following test data [Quick SettingsSee all settingsPrivacySearch historyYour data in SearchUsing SearchExplicit results filterLearn more about SafeSearchHide explicit resultsLanguagesEnglishAdvanced searchAppearanceLight themeDark themeDevice defaultSupportSearch help]. @15-03-2022 18:10:22.0720 PM
[ReportManager] Assertion Passed: Then I Assert that the element found by [By.id: appbar] text does not equal []. @15-03-2022 18:10:23.0132 PM
[ReportManager] Successfully created attachment [Screenshot - 1647367822976_searchForQueryandAssertResultsNumDisplayed_ValidateElementAttribute_passed] @15-03-2022 18:10:23.0221 PM
[ReportManager] Assertion [ValidateElementAttribute] PASSED. Expected [Value Should not be '' for the 'text' attribute, element locator 'By.id: appbar'] and Actual [Quick SettingsSee all settingsPrivacySearch historyYour data in SearchUsing SearchExplicit results filterLearn more about SafeSearchHide explicit resultsLanguagesEnglishAdvanced searchAppearanceLight themeDark themeDevice defaultSupportSearch help]. Comparison Type [EQUALS]. Validation Type [NEGATIVE]. @15-03-2022 18:10:23.0222 P

################################################################################################################################################
Starting Execution:	[144 out of 165] test cases in the current suite
Test Method:		[testPackage01.Test_google.clickNextThrice]
Test Description:	[TC003 - Clicks the next button to make sure that the framework can scroll element into view before clicking it]
################################################################################################################################################
[ReportManager] Element Action [Click] successfully performed. With the following test data [By.xpath: //span[text()='Next']]. @15-03-2022 18:10:23.0555 P
[ReportManager] Successfully Closed All Drivers. @15-03-2022 18:10:23.0951 P
[ReportManager] File Action [GetAbsolutePath] successfully performed. With the following test data [Relative Folder Path: "target/downloadedFiles/"]. @15-03-2022 18:10:23.0994 PM
[ReportManager] Attempting to run locally on: [Mac-64], [Safari], Headless Execution. @15-03-2022 18:10:23.0995 PM
[ReportManager] Successfully Opened Safari. @15-03-2022 18:10:24.0875 PM
[ReportManager] Initial window size: (800, 600) @15-03-2022 18:10:24.0899 PM
[ReportManager] Window size after SWD Maximize: (1176, 803) @15-03-2022 18:10:24.0913 PM
[ReportManager] Browser Action [MaximizeWindow] successfully performed. With the following test data [New screen size is now: (1176, 803)]. @15-03-2022 18:10:24.0913 P

################################################################################################################################################
Starting Execution:	[145 out of 165] test cases in the current suite
Test Method:		[testPackage01.Test_chainableElementActions.chainElementActions]
################################################################################################################################################
[ReportManager] Target URL: [https://www.google.com/ncr], and after redirection: [https://www.google.com] @15-03-2022 18:10:25.0043 PM
[ReportManager] Initial URL: [] @15-03-2022 18:10:25.0072 PM
[ReportManager] Browser Action [NavigateToURL] successfully performed. With the following test data [https://www.google.com/ncr]. @15-03-2022 18:10:26.0443 PM
[ReportManager] Element Action [Type] successfully performed. With the following test data [chained type 1]. @15-03-2022 18:10:26.0667 PM
[ReportManager] Element Action [Type] successfully performed. With the following test data [chained type 2]. @15-03-2022 18:10:26.0914 PM
[ReportManager] Element Action [TypeAppend] successfully performed. With the following test data [345]. @15-03-2022 18:10:26.0972 PM
[ReportManager] Element Action [GetText] successfully performed. With the following test data [chained type 2345]. @15-03-2022 18:10:27.0043 PM
[ReportManager] Assertion Passed: Then I Assert that the element found by [By.name: q] text is equal to [chained type 2345]. @15-03-2022 18:10:27.0375 PM
[ReportManager] Successfully created attachment [Screenshot - 1647367827185_chainElementActions_ValidateElementAttribute_passed] @15-03-2022 18:10:27.0457 PM
[ReportManager] Assertion [ValidateElementAttribute] PASSED. Expected [Value Should be 'chained type 2345' for the 'text' attribute, element locator 'By.name: q'] and Actual [chained type 2345]. Comparison Type [EQUALS]. Validation Type [POSITIVE]. @15-03-2022 18:10:27.0458 P
[ReportManager] Successfully Closed All Drivers. @15-03-2022 18:10:27.0847 P
[ReportManager] File Action [GetAbsolutePath] successfully performed. With the following test data [Relative Folder Path: "target/downloadedFiles/"]. @15-03-2022 18:10:27.0973 PM
[ReportManager] Attempting to run locally on: [Mac-64], [Safari], Headless Execution. @15-03-2022 18:10:27.0973 PM
[ReportManager] Successfully Opened Safari. @15-03-2022 18:10:28.0810 PM
[ReportManager] Initial window size: (800, 600) @15-03-2022 18:10:28.0841 PM
[ReportManager] Window size after SWD Maximize: (1176, 803) @15-03-2022 18:10:28.0878 PM
[ReportManager] Browser Action [MaximizeWindow] successfully performed. With the following test data [New screen size is now: (1176, 803)]. @15-03-2022 18:10:28.0879 P

################################################################################################################################################
Starting Execution:	[146 out of 165] test cases in the current suite
Test Method:		[testPackage01.Test_RelativeLocators.relativeLocatorsTest1]
################################################################################################################################################
[ReportManager] Target URL: [https://duckduckgo.com/] @15-03-2022 18:10:29.0047 PM
[ReportManager] Initial URL: [] @15-03-2022 18:10:29.0078 PM
[ReportManager] Browser Action [NavigateToURL] successfully performed. With the following test data [https://duckduckgo.com/]. @15-03-2022 18:10:29.0835 PM
[ReportManager] Element Action [Type] successfully performed. With the following test data [SHAFT_Engine]. @15-03-2022 18:10:30.0127 PM
[ReportManager] Element Action [KeyPress] successfully performed. With the following test data [ENTER]. @15-03-2022 18:10:30.0202 PM
[ReportManager] Element Action [GetText] successfully performed. With the following test data [GitHub - MohabMohie/SHAFT_ENGINE: SHAFT_ENGINE is a Test ...]. @15-03-2022 18:10:31.0744 PM
[ReportManager] Assertion Passed: Then I Assert that the element found by [Relative Locator: {root={xpath=//a[@class='result__a js-result-title-link']}, filters=[{kind=below, args=[{xpath=//input[@name='q']}]}]}] text does not equal []. @15-03-2022 18:10:32.0184 PM
[ReportManager] Successfully created attachment [Screenshot - 1647367831960_relativeLocatorsTest1_ValidateElementAttribute_passed] @15-03-2022 18:10:32.0270 PM
[ReportManager] Assertion [ValidateElementAttribute] PASSED. Expected [Value Should not be '' for the 'text' attribute, element locator '[unknown locator]'] and Actual [GitHub - MohabMohie/SHAFT_ENGINE: SHAFT_ENGINE is a Test ...]. Comparison Type [EQUALS]. Validation Type [NEGATIVE]. @15-03-2022 18:10:32.0270 P
[ReportManager] Browser Action [CloseCurrentWindow] successfully performed. @15-03-2022 18:10:32.0630 PM
[ReportManager] Successfully created attachment [Browser Action Test Data - CloseCurrentWindow - Actual Value] @15-03-2022 18:10:32.0631 P

################################################################################################################################################
Starting Execution:	[147 out of 165] test cases in the current suite
Test Method:		[testPackage01.Test_JsonCompareWithSpecialCharacters.specialCharacters]
################################################################################################################################################
[ReportManager] File Action [GetAbsolutePath] successfully performed. With the following test data [Relative Folder Path: "src/test/resources/testDataFiles/specialCharacters.json"]. @15-03-2022 18:10:32.0637 PM
[ReportManager] File Action [ReadFromFile] successfully performed. With the following test data [File Path: "/Users/runner/work/SHAFT_ENGINE/SHAFT_ENGINE/src/test/resources/testDataFiles/specialCharacters.json"]. @15-03-2022 18:10:32.0638 PM
[ReportManager] Successfully created attachment [File Action Actual Result - Command Log] @15-03-2022 18:10:32.0638 PM
[ReportManager] Comparing the provided API response with the file at this path "src/test/resources/testDataFiles/specialCharacters.json", comparison type "EQUALS" @15-03-2022 18:10:32.0640 PM
[ReportManager] API Action [CompareJSON] successfully performed. With the following test data [src/test/resources/testDataFiles/specialCharacters.json]. @15-03-2022 18:10:32.0648 PM
[ReportManager] File Action [GetAbsolutePath] successfully performed. With the following test data [Relative Folder Path: "src/test/resources/testDataFiles/specialCharacters.json"]. @15-03-2022 18:10:32.0648 PM
[ReportManager] File Action [ReadFromFile] successfully performed. With the following test data [File Path: "/Users/runner/work/SHAFT_ENGINE/SHAFT_ENGINE/src/test/resources/testDataFiles/specialCharacters.json"]. @15-03-2022 18:10:32.0648 PM
[ReportManager] Verification [ValidateJSONFileContent] PASSED. Expected [Response data should match the JSON File in this path 'src/test/resources/testDataFiles/specialCharacters.json'] and Actual [TRUE]. Comparison Type [EQUALS]. Validation Type [POSITIVE]. @15-03-2022 18:10:32.0656 PM
[ReportManager] Successfully created attachment [Validation Test Data - Expected JSON Value] @15-03-2022 18:10:32.0657 PM
[ReportManager] Successfully created attachment [Validation Test Data - Actual JSON Value] @15-03-2022 18:10:32.0657 P

################################################################################################################################################
Starting Execution:	[148 out of 165] test cases in the current suite
Test Method:		[testPackage01.Test_JsonCompareWithSpecialCharacters.specialCharacters_assertion]
################################################################################################################################################
[ReportManager] File Action [GetAbsolutePath] successfully performed. With the following test data [Relative Folder Path: "src/test/resources/testDataFiles/specialCharacters.json"]. @15-03-2022 18:10:32.0662 PM
[ReportManager] File Action [ReadFromFile] successfully performed. With the following test data [File Path: "/Users/runner/work/SHAFT_ENGINE/SHAFT_ENGINE/src/test/resources/testDataFiles/specialCharacters.json"]. @15-03-2022 18:10:32.0662 PM
[ReportManager] Successfully created attachment [File Action Actual Result - Command Log] @15-03-2022 18:10:32.0663 PM
[ReportManager] Comparing the provided API response with the file at this path "src/test/resources/testDataFiles/specialCharacters.json", comparison type "CONTAINS" @15-03-2022 18:10:32.0663 PM
[ReportManager] API Action [CompareJSON] successfully performed. With the following test data [src/test/resources/testDataFiles/specialCharacters.json]. @15-03-2022 18:10:32.0677 PM
[ReportManager] File Action [GetAbsolutePath] successfully performed. With the following test data [Relative Folder Path: "src/test/resources/testDataFiles/specialCharacters.json"]. @15-03-2022 18:10:32.0677 PM
[ReportManager] File Action [ReadFromFile] successfully performed. With the following test data [File Path: "/Users/runner/work/SHAFT_ENGINE/SHAFT_ENGINE/src/test/resources/testDataFiles/specialCharacters.json"]. @15-03-2022 18:10:32.0678 PM
[ReportManager] Assertion Passed: trying out the log message @15-03-2022 18:10:32.0683 PM
[ReportManager] Successfully created attachment [Validation Test Data - Expected JSON Value] @15-03-2022 18:10:32.0712 PM
[ReportManager] Successfully created attachment [Validation Test Data - Actual JSON Value] @15-03-2022 18:10:32.0713 PM
[ReportManager] Assertion [ValidateJSONFileContent] PASSED. Expected [Response data should match the JSON File in this path 'src/test/resources/testDataFiles/specialCharacters.json'] and Actual [TRUE]. Comparison Type [CONTAINS]. Validation Type [POSITIVE]. @15-03-2022 18:10:32.0713 P

################################################################################################################################################
Starting Execution:	[149 out of 165] test cases in the current suite
Test Method:		[testPackage01.Test_SkipDueToIssue.doNotSkip]
################################################################################################################################################
[ReportManager] This should not be skipped. @15-03-2022 18:10:32.0716 P

################################################################################################################################################
Starting Execution:	[150 out of 165] test cases in the current suite
Test Method:		[testPackage01.Test_SkipDueToIssue.skip]
################################################################################################################################################
[ReportManager] This should be skipped. @15-03-2022 18:10:32.0723 P

################################################################################################################################################
Starting Execution:	[151 out of 165] test cases in the current suite
Test Method:		[testPackage01.Test_SkipDueToIssue.skip2]
################################################################################################################################################
[ReportManager] This should be skipped. @15-03-2022 18:10:32.0728 P

################################################################################################################################################
Starting Execution:	[152 out of 165] test cases in the current suite
Test Method:		[testPackage01.Test_JSONFileManager.readStringFromJson]
################################################################################################################################################
[ReportManager] File Action [GetAbsolutePath] successfully performed. With the following test data [Relative Folder Path: "src/test/resources/testDataFiles/simpleJSON.json"]. @15-03-2022 18:10:33.0102 PM
[ReportManager] Successfully loaded the following test data file [src/test/resources/testDataFiles/simpleJSON.json]. @15-03-2022 18:10:33.0103 PM
[ReportManager] Successfully created attachment [Test Data - JSON] @15-03-2022 18:10:33.0186 PM
[ReportManager] File Action [GetAbsolutePath] successfully performed. With the following test data [Relative Folder Path: "src/test/resources/testDataFiles/simpleJSON.json"]. @15-03-2022 18:10:33.0188 PM
[ReportManager] Assertion [ValidateEquals] PASSED. Expected [Mohab Mohie] and Actual [Mohab Mohie]. Comparison Type [EQUALS]. Validation Type [POSITIVE]. @15-03-2022 18:10:33.0244 P
[ReportManager] File Action [GetAbsolutePath] successfully performed. With the following test data [Relative Folder Path: "target/downloadedFiles/"]. @15-03-2022 18:10:33.0270 PM
[ReportManager] Attempting to run locally on: [Mac-64], [Safari], Headless Execution. @15-03-2022 18:10:33.0271 PM
[ReportManager] Successfully Opened Safari. @15-03-2022 18:10:34.0145 PM
[ReportManager] Initial window size: (800, 600) @15-03-2022 18:10:34.0170 PM
[ReportManager] Window size after SWD Maximize: (1176, 803) @15-03-2022 18:10:34.0213 PM
[ReportManager] Browser Action [MaximizeWindow] successfully performed. With the following test data [New screen size is now: (1176, 803)]. @15-03-2022 18:10:34.0213 P

################################################################################################################################################
Starting Execution:	[153 out of 165] test cases in the current suite
Test Method:		[testPackage01.Test_assertEquals.test_assertElementAttribute]
################################################################################################################################################
[ReportManager] Target URL: [https://www.google.com/ncr], and after redirection: [https://www.google.com] @15-03-2022 18:10:34.0257 PM
[ReportManager] Initial URL: [] @15-03-2022 18:10:34.0292 PM
[ReportManager] Browser Action [NavigateToURL] successfully performed. With the following test data [https://www.google.com/ncr]. @15-03-2022 18:10:35.0858 PM
[ReportManager] Element Action [Type] successfully performed. With the following test data [INC_004010050:Another SCHEDULER with the same name [Duplicate Job Name] already exists.]. @15-03-2022 18:10:36.0541 PM
[ReportManager] Element Action [GetText] successfully performed. With the following test data [INC_004010050:Another SCHEDULER with the same name [Duplicate Job Name] already exists.]. @15-03-2022 18:10:36.0607 PM
[ReportManager] Assertion [ValidateElementAttribute] PASSED. Expected [Value Should be 'INC_004010050:Another SCHEDULER with the same name \[Duplicate Job Name\] already exists.' for the 'text' attribute, element locator 'By.name: q'] and Actual [INC_004010050:Another SCHEDULER with the same name [Duplicate Job Name] already exists.]. Comparison Type [MATCHES]. Validation Type [POSITIVE]. @15-03-2022 18:10:36.0797 PM
[ReportManager] Successfully created attachment [Screenshot - 1647367836698_test_assertElementAttribute_ValidateElementAttribute_passed] @15-03-2022 18:10:36.0839 P
[ReportManager] Browser Action [CloseCurrentWindow] successfully performed. @15-03-2022 18:10:37.0220 PM
[ReportManager] Successfully created attachment [Browser Action Test Data - CloseCurrentWindow - Actual Value] @15-03-2022 18:10:37.0261 P
[ReportManager] File Action [GetAbsolutePath] successfully performed. With the following test data [Relative Folder Path: "target/downloadedFiles/"]. @15-03-2022 18:10:37.0344 PM
[ReportManager] Attempting to run locally on: [Mac-64], [Safari], Headless Execution. @15-03-2022 18:10:37.0344 PM
[ReportManager] Successfully Opened Safari. @15-03-2022 18:10:38.0215 PM
[ReportManager] Initial window size: (800, 600) @15-03-2022 18:10:38.0243 PM
[ReportManager] Window size after SWD Maximize: (1176, 803) @15-03-2022 18:10:38.0279 PM
[ReportManager] Browser Action [MaximizeWindow] successfully performed. With the following test data [New screen size is now: (1176, 803)]. @15-03-2022 18:10:38.0280 P

################################################################################################################################################
Starting Execution:	[154 out of 165] test cases in the current suite
Test Method:		[testPackage01.Test_IsElementClickable.testIsElementClickable]
################################################################################################################################################
[ReportManager] Target URL: [https://the-internet.herokuapp.com/] @15-03-2022 18:10:38.0324 PM
[ReportManager] Initial URL: [] @15-03-2022 18:10:38.0354 PM
[ReportManager] Browser Action [NavigateToURL] successfully performed. With the following test data [https://the-internet.herokuapp.com/]. @15-03-2022 18:10:38.0886 PM
[ReportManager] Element Action [IsElementClickable] successfully performed. @15-03-2022 18:10:38.0989 PM
[ReportManager] Assertion [ValidateTrue] PASSED. Expected [TRUE] and Actual [TRUE]. Validation Type [POSITIVE]. @15-03-2022 18:10:38.0990 P
[ReportManager] Browser Action [CloseCurrentWindow] successfully performed. @15-03-2022 18:10:39.0530 PM
[ReportManager] Successfully created attachment [Browser Action Test Data - CloseCurrentWindow - Actual Value] @15-03-2022 18:10:39.0571 P
[ReportManager] Successfully loaded the following test data file [src/test/resources/testDataFiles/testSuite01/TestData.xlsx]. @15-03-2022 18:10:39.0741 PM
[ReportManager] Successfully created attachment [Test Data - Excel] @15-03-2022 18:10:39.0782 PM
[ReportManager] Attempting to run using Playwright locally on: [Mac-64], [Safari], Headless Execution. @15-03-2022 18:12:42.0975 PM
[ReportManager] File Action [GetAbsolutePath] successfully performed. With the following test data [Relative Folder Path: "target/downloadedFiles/"]. @15-03-2022 18:12:42.0978 PM
[ReportManager] Initial window size: (1280, 720) @15-03-2022 18:12:48.0241 PM
[ReportManager] Window size after Toolkit: com.microsoft.playwright.options.ViewportSize@aa43edc @15-03-2022 18:12:48.0254 PM
[ReportManager] Browser Action [MaximizeWindow] successfully performed. With the following test data [New screen size is now: (1920, 1080)]. @15-03-2022 18:12:48.0254 P

################################################################################################################################################
Starting Execution:	[155 out of 165] test cases in the current suite
Test Method:		[testPackage01.Test_google_playwright.navigateToURLandVerifyGoogleLogoIsDisplayed]
Test Description:	[TC001 - Navigate to URL and Verify Google Logo is Displayed]
################################################################################################################################################
[ReportManager] Target URL: [https://www.google.com/ncr], and after redirection: [https://www.google.com] @15-03-2022 18:12:48.0458 PM
[ReportManager] Initial URL: [about:blank] @15-03-2022 18:12:48.0756 PM
[ReportManager] Browser Action [NavigateToURL] successfully performed. With the following test data [https://www.google.com/ncr]. @15-03-2022 18:12:50.0570 PM
[ReportManager] Assertion [ValidateElementExists] PASSED. Expected [Element Should Exist, locator 'xpath=//*[@id='hplogo' or @alt='Google']'] and Actual [Element Exists]. Comparison Type [EQUALS]. Validation Type [POSITIVE]. @15-03-2022 18:12:50.0908 PM
[ReportManager] Successfully created attachment [Screenshot - 1647367970752_navigateToURLandVerifyGoogleLogoIsDisplayed_ValidateElementExists_passed] @15-03-2022 18:12:50.0909 P

################################################################################################################################################
Starting Execution:	[156 out of 165] test cases in the current suite
Test Method:		[testPackage01.Test_google_playwright.searchForQueryandAssertResultsNumDisplayed]
Test Description:	[TC002 - Search for Query and Assert that the number of results is displayed]
################################################################################################################################################
[ReportManager] Element Action [Type] successfully performed. With the following test data [SHAFT_Engine]. @15-03-2022 18:12:51.0243 PM
[ReportManager] Element Action [KeyPress] successfully performed. With the following test data [Enter]. @15-03-2022 18:12:51.0279 PM
[ReportManager] Element Action [GetText] successfully performed. With the following test data [About 792,000 results (0.35 seconds)
]. @15-03-2022 18:12:51.0868 PM
[ReportManager] Assertion [ValidateElementAttribute] PASSED. Expected [Value Should not be '' for the 'text' attribute, element locator 'xpath=//div[@id='appbar']'] and Actual [About 792,000 results (0.35 seconds)
]. Comparison Type [EQUALS]. Validation Type [NEGATIVE]. @15-03-2022 18:12:54.0278 PM
[ReportManager] Successfully created attachment [Screenshot - 1647367973889_searchForQueryandAssertResultsNumDisplayed_ValidateElementAttribute_passed] @15-03-2022 18:12:54.0281 P

################################################################################################################################################
Starting Execution:	[157 out of 165] test cases in the current suite
Test Method:		[testPackage01.Test_google_playwright.clickNextThrice]
Test Description:	[TC003 - Clicks the next button to make sure that the framework can scroll element into view before clicking it]
################################################################################################################################################
[ReportManager] Element Action [Click] successfully performed. With the following test data [Next]. @15-03-2022 18:12:54.0680 P
[ReportManager] Failed to find video recording. @15-03-2022 18:12:54.0689 PM
[ReportManager] Successfully Closed PlayWright Driver. @15-03-2022 18:12:54.0741 P
[ReportManager] File Action [GetAbsolutePath] successfully performed. With the following test data [Relative Folder Path: "target/downloadedFiles/"]. @15-03-2022 18:12:54.0743 PM
[ReportManager] Attempting to run locally on: [Mac-64], [Safari], Headless Execution. @15-03-2022 18:12:54.0743 PM
[ReportManager] Successfully Opened Safari. @15-03-2022 18:12:55.0741 PM
[ReportManager] Initial window size: (800, 600) @15-03-2022 18:12:55.0790 PM
[ReportManager] Window size after SWD Maximize: (1176, 803) @15-03-2022 18:12:55.0921 PM
[ReportManager] Browser Action [MaximizeWindow] successfully performed. With the following test data [New screen size is now: (1176, 803)]. @15-03-2022 18:12:55.0921 P

################################################################################################################################################
Starting Execution:	[158 out of 165] test cases in the current suite
Test Method:		[testPackage01.Test_verifyEquals.test_assertElementAttribute]
################################################################################################################################################
[ReportManager] Target URL: [https://www.google.com/ncr], and after redirection: [https://www.google.com] @15-03-2022 18:12:55.0924 PM
[ReportManager] Initial URL: [] @15-03-2022 18:12:55.0967 PM
[ReportManager] Browser Action [NavigateToURL] successfully performed. With the following test data [https://www.google.com/ncr]. @15-03-2022 18:12:57.0847 PM
[ReportManager] Element Action [Type] successfully performed. With the following test data [INC_004010050:Another SCHEDULER with the same name [Duplicate Job Name] already exists.]. @15-03-2022 18:12:59.0590 PM
[ReportManager] Element Action [GetText] successfully performed. With the following test data [INC_004010050:Another SCHEDULER with the same name [Duplicate Job Name] already exists.]. @15-03-2022 18:12:59.0658 PM
[ReportManager] Verification [ValidateElementAttribute] PASSED. Expected [Value Should be 'INC_004010050:Another SCHEDULER with the same name \[Duplicate Job Name\] already exists.' for the 'text' attribute, element locator 'By.name: q'] and Actual [INC_004010050:Another SCHEDULER with the same name [Duplicate Job Name] already exists.]. Comparison Type [MATCHES]. Validation Type [POSITIVE]. @15-03-2022 18:12:59.0814 PM
[ReportManager] Successfully created attachment [Screenshot - 1647367979746_test_assertElementAttribute_ValidateElementAttribute_passed] @15-03-2022 18:12:59.0815 P
[ReportManager] Browser Action [CloseCurrentWindow] successfully performed. @15-03-2022 18:13:00.0196 PM
[ReportManager] Successfully created attachment [Browser Action Test Data - CloseCurrentWindow - Actual Value] @15-03-2022 18:13:00.0197 P

################################################################################################################################################
Starting Execution:	[159 out of 165] test cases in the current suite
Test Method:		[testPackage01.Test_SelectedValue.multipleSelect]
################################################################################################################################################
[ReportManager] File Action [GetAbsolutePath] successfully performed. With the following test data [Relative Folder Path: "target/downloadedFiles/"]. @15-03-2022 18:13:00.0202 PM
[ReportManager] Attempting to run locally on: [Mac-64], [GoogleChrome], Headless Execution. @15-03-2022 18:13:00.0203 PM
[ReportManager] Identifying OS/Driver combination and selecting the correct driver version automatically. Please note that if a new driver executable will be downloaded it may take some time... @15-03-2022 18:13:00.0204 PM
[ReportManager] Successfully Opened Google Chrome. @15-03-2022 18:13:03.0560 PM
[ReportManager] Initial window size: (1920, 1080) @15-03-2022 18:13:03.0565 PM
[ReportManager] Window size after SWD Maximize: (1920, 1080) @15-03-2022 18:13:03.0794 PM
[ReportManager] Window size after Toolkit: (1920, 1080) @15-03-2022 18:13:04.0401 PM
[ReportManager] Browser Action [MaximizeWindow] successfully performed. With the following test data [New screen size is now: (1920, 1080)]. @15-03-2022 18:13:04.0404 PM
[ReportManager] Target URL: [https://yari-demos.prod.mdn.mozit.cloud/en-US/docs/Web/HTML/Element/select/_sample_.Advanced_select_with_multiple_features.html] @15-03-2022 18:13:04.0405 PM
[ReportManager] Initial URL: [data:,] @15-03-2022 18:13:04.0436 PM
[ReportManager] Browser Action [NavigateToURL] successfully performed. With the following test data [https://yari-demos.prod.mdn.mozit.cloud/en-US/docs/Web/HTML/Element/select/_sample_.Advanced_select_with_multiple_features.html]. @15-03-2022 18:13:04.0696 PM
[ReportManager] Element Action [Select] successfully performed. With the following test data [Dog]. @15-03-2022 18:13:04.0933 PM
[ReportManager] Element Action [Select] successfully performed. With the following test data [Cat]. @15-03-2022 18:13:05.0132 PM
[ReportManager] Element Action [GetSelectedText] successfully performed. With the following test data [DogCat]. @15-03-2022 18:13:05.0245 PM
[ReportManager] DogCat @15-03-2022 18:13:05.0246 PM
[ReportManager] Element Action [GetSelectedText] successfully performed. With the following test data [DogCat]. @15-03-2022 18:13:05.0344 PM
[ReportManager] Assertion [ValidateElementAttribute] PASSED. Expected [Value Should be 'DogCat' for the 'selectedText' attribute, element locator 'By.tagName: select'] and Actual [DogCat]. Comparison Type [EQUALS]. Validation Type [POSITIVE]. @15-03-2022 18:13:05.0913 PM
[ReportManager] Successfully created attachment [Screenshot - 1647367985803_multipleSelect_ValidateElementAttribute_passed] @15-03-2022 18:13:05.0914 PM
[ReportManager] Browser Action [CloseCurrentWindow] successfully performed. @15-03-2022 18:13:06.0150 PM
[ReportManager] Successfully created attachment [Browser Action Test Data - CloseCurrentWindow - Actual Value] @15-03-2022 18:13:06.0150 P

################################################################################################################################################
Starting Execution:	[160 out of 165] test cases in the current suite
Test Method:		[testPackage01.Test_SelectedValue.simpleSelect]
################################################################################################################################################
[ReportManager] File Action [GetAbsolutePath] successfully performed. With the following test data [Relative Folder Path: "target/downloadedFiles/"]. @15-03-2022 18:13:06.0155 PM
[ReportManager] Attempting to run locally on: [Mac-64], [GoogleChrome], Headless Execution. @15-03-2022 18:13:06.0156 PM
[ReportManager] Identifying OS/Driver combination and selecting the correct driver version automatically. Please note that if a new driver executable will be downloaded it may take some time... @15-03-2022 18:13:06.0156 PM
[ReportManager] Successfully Opened Google Chrome. @15-03-2022 18:13:06.0803 PM
[ReportManager] Initial window size: (1920, 1080) @15-03-2022 18:13:06.0808 PM
[ReportManager] Window size after SWD Maximize: (1920, 1080) @15-03-2022 18:13:06.0931 PM
[ReportManager] Window size after Toolkit: (1920, 1080) @15-03-2022 18:13:07.0423 PM
[ReportManager] Browser Action [MaximizeWindow] successfully performed. With the following test data [New screen size is now: (1920, 1080)]. @15-03-2022 18:13:07.0427 PM
[ReportManager] Target URL: [https://yari-demos.prod.mdn.mozit.cloud/en-US/docs/Web/HTML/Element/select/_sample_.Basic_select.html] @15-03-2022 18:13:07.0428 PM
[ReportManager] Initial URL: [data:,] @15-03-2022 18:13:07.0466 PM
[ReportManager] Browser Action [NavigateToURL] successfully performed. With the following test data [https://yari-demos.prod.mdn.mozit.cloud/en-US/docs/Web/HTML/Element/select/_sample_.Basic_select.html]. @15-03-2022 18:13:07.0809 PM
[ReportManager] Element Action [Select] successfully performed. With the following test data [Third Value]. @15-03-2022 18:13:08.0095 PM
[ReportManager] Element Action [GetSelectedText] successfully performed. With the following test data [Third Value]. @15-03-2022 18:13:08.0175 PM
[ReportManager] Third Value @15-03-2022 18:13:08.0175 PM
[ReportManager] Element Action [GetSelectedText] successfully performed. With the following test data [Third Value]. @15-03-2022 18:13:08.0249 PM
[ReportManager] Assertion [ValidateElementAttribute] PASSED. Expected [Value Should be 'Third Value' for the 'selectedText' attribute, element locator 'By.tagName: select'] and Actual [Third Value]. Comparison Type [EQUALS]. Validation Type [POSITIVE]. @15-03-2022 18:13:08.0848 PM
[ReportManager] Successfully created attachment [Screenshot - 1647367988730_simpleSelect_ValidateElementAttribute_passed] @15-03-2022 18:13:08.0849 PM
[ReportManager] Browser Action [CloseCurrentWindow] successfully performed. @15-03-2022 18:13:09.0227 PM
[ReportManager] Successfully created attachment [Browser Action Test Data - CloseCurrentWindow - Actual Value] @15-03-2022 18:13:09.0227 P
[ReportManager] File Action [GetAbsolutePath] successfully performed. With the following test data [Relative Folder Path: "target/downloadedFiles/"]. @15-03-2022 18:13:09.0229 PM
[ReportManager] Attempting to run locally on: [Mac-64], [Safari], Headless Execution. @15-03-2022 18:13:09.0230 PM
[ReportManager] Successfully Opened Safari. @15-03-2022 18:13:10.0493 PM
[ReportManager] Initial window size: (800, 600) @15-03-2022 18:13:10.0523 PM
[ReportManager] Window size after SWD Maximize: (1176, 803) @15-03-2022 18:13:10.0544 PM
[ReportManager] Browser Action [MaximizeWindow] successfully performed. With the following test data [New screen size is now: (1176, 803)]. @15-03-2022 18:13:10.0544 P

################################################################################################################################################
Starting Execution:	[161 out of 165] test cases in the current suite
Test Method:		[testPackage01.Test_dynamicLoading.dynamicLoading_elementIsHidden]
################################################################################################################################################
[ReportManager] Target URL: [https://the-internet.herokuapp.com/dynamic_loading/1] @15-03-2022 18:13:10.0588 PM
[ReportManager] Initial URL: [] @15-03-2022 18:13:10.0638 PM
[ReportManager] Browser Action [NavigateToURL] successfully performed. With the following test data [https://the-internet.herokuapp.com/dynamic_loading/1]. @15-03-2022 18:13:11.0154 PM
[ReportManager] Element Action [Click] successfully performed. With the following test data [By.xpath: //button[text()='Start']]. @15-03-2022 18:13:11.0347 PM
[ReportManager] Element Action [GetText] successfully performed. With the following test data [
    Hello World!
  ]. @15-03-2022 18:13:11.0396 P
[ReportManager] Browser Action [CloseCurrentWindow] successfully performed. @15-03-2022 18:13:11.0745 PM
[ReportManager] Successfully created attachment [Browser Action Test Data - CloseCurrentWindow - Actual Value] @15-03-2022 18:13:11.0745 P
[ReportManager] File Action [GetAbsolutePath] successfully performed. With the following test data [Relative Folder Path: "target/downloadedFiles/"]. @15-03-2022 18:13:11.0747 PM
[ReportManager] Attempting to run locally on: [Mac-64], [Safari], Headless Execution. @15-03-2022 18:13:11.0747 PM
[ReportManager] Successfully Opened Safari. @15-03-2022 18:13:12.0613 PM
[ReportManager] Initial window size: (800, 600) @15-03-2022 18:13:12.0620 PM
[ReportManager] Window size after SWD Maximize: (1176, 803) @15-03-2022 18:13:12.0637 PM
[ReportManager] Browser Action [MaximizeWindow] successfully performed. With the following test data [New screen size is now: (1176, 803)]. @15-03-2022 18:13:12.0637 P

################################################################################################################################################
Starting Execution:	[162 out of 165] test cases in the current suite
Test Method:		[testPackage01.Test_dynamicLoading.dynamicLoading_elementIsRendered]
################################################################################################################################################
[ReportManager] Target URL: [https://the-internet.herokuapp.com/dynamic_loading/2] @15-03-2022 18:13:12.0643 PM
[ReportManager] Initial URL: [] @15-03-2022 18:13:12.0703 PM
[ReportManager] Browser Action [NavigateToURL] successfully performed. With the following test data [https://the-internet.herokuapp.com/dynamic_loading/2]. @15-03-2022 18:13:13.0347 PM
[ReportManager] Element Action [Click] successfully performed. With the following test data [By.xpath: //button[text()='Start']]. @15-03-2022 18:13:13.0586 PM
[ReportManager] Element Action [GetText] successfully performed. With the following test data [Hello World!]. @15-03-2022 18:13:19.0179 PM
[ReportManager] Assertion [ValidateElementAttribute] PASSED. Expected [Value Should be 'Hello World!' for the 'text' attribute, element locator 'By.id: finish'] and Actual [Hello World!]. Comparison Type [CONTAINS]. Validation Type [POSITIVE]. @15-03-2022 18:13:19.0333 PM
[ReportManager] Successfully created attachment [Screenshot - 1647367999265_dynamicLoading_elementIsRendered_ValidateElementAttribute_passed] @15-03-2022 18:13:19.0334 P
[ReportManager] Browser Action [CloseCurrentWindow] successfully performed. @15-03-2022 18:13:19.0762 PM
[ReportManager] Successfully created attachment [Browser Action Test Data - CloseCurrentWindow - Actual Value] @15-03-2022 18:13:19.0762 P

################################################################################################################################################
Starting Execution:	[163 out of 165] test cases in the current suite
Test Method:		[dsl.testDsl.testButton]
################################################################################################################################################
[ReportManager] File Action [GetAbsolutePath] successfully performed. With the following test data [Relative Folder Path: "target/downloadedFiles/"]. @15-03-2022 18:13:19.0766 PM
[ReportManager] Attempting to run locally on: [Mac-64], [Safari], Headless Execution. @15-03-2022 18:13:19.0766 PM
[ReportManager] Successfully Opened Safari. @15-03-2022 18:13:20.0663 PM
[ReportManager] Initial window size: (800, 600) @15-03-2022 18:13:20.0678 PM
[ReportManager] Window size after SWD Maximize: (1176, 803) @15-03-2022 18:13:20.0723 PM
[ReportManager] Browser Action [MaximizeWindow] successfully performed. With the following test data [New screen size is now: (1176, 803)]. @15-03-2022 18:13:20.0723 PM
[ReportManager] Target URL: [http://the-internet.herokuapp.com/] @15-03-2022 18:13:20.0723 PM
[ReportManager] Initial URL: [] @15-03-2022 18:13:20.0770 PM
[ReportManager] Browser Action [NavigateToURL] successfully performed. With the following test data [http://the-internet.herokuapp.com/]. @15-03-2022 18:13:21.0244 PM
[ReportManager] Element Action [Click] successfully performed. With the following test data [By.linkText: Add/Remove Elements]. @15-03-2022 18:13:21.0469 PM
[ReportManager] Element Action [GetText] successfully performed. With the following test data [Add Element]. @15-03-2022 18:13:22.0624 PM
[ReportManager] Assertion Passed: Then I Assert that [Add Element] is equal to [Add Element]. @15-03-2022 18:13:22.0625 PM
[ReportManager] Assertion [ValidateEquals] PASSED. Expected [Add Element] and Actual [Add Element]. Comparison Type [EQUALS]. Validation Type [POSITIVE]. @15-03-2022 18:13:22.0625 PM
[ReportManager] Element Action [Click] successfully performed. With the following test data [By.xpath: //button[text()='Add Element']]. @15-03-2022 18:13:22.0821 PM
[ReportManager] Attempting to getAttribute [disabled] from elementLocator [By.xpath: //button[text()='Add Element']]. @15-03-2022 18:13:22.0821 PM
[ReportManager] Element Action [GetAttribute] successfully performed. @15-03-2022 18:13:22.0902 PM
[ReportManager] Element Action [GetText] successfully performed. With the following test data [Delete]. @15-03-2022 18:13:22.0948 PM
[ReportManager] Assertion Passed: Then I Assert that [Delete] is equal to [Delete]. @15-03-2022 18:13:22.0949 PM
[ReportManager] Assertion [ValidateEquals] PASSED. Expected [Delete] and Actual [Delete]. Comparison Type [EQUALS]. Validation Type [POSITIVE]. @15-03-2022 18:13:22.0949 P

################################################################################################################################################
Starting Execution:	[164 out of 165] test cases in the current suite
Test Method:		[dsl.testDsl.testCheckBox]
################################################################################################################################################
[ReportManager] File Action [GetAbsolutePath] successfully performed. With the following test data [Relative Folder Path: "target/downloadedFiles/"]. @15-03-2022 18:13:23.0376 PM
[ReportManager] Attempting to run locally on: [Mac-64], [Safari], Headless Execution. @15-03-2022 18:13:23.0377 PM
[ReportManager] Successfully Opened Safari. @15-03-2022 18:13:24.0230 PM
[ReportManager] Initial window size: (800, 600) @15-03-2022 18:13:24.0251 PM
[ReportManager] Window size after SWD Maximize: (1176, 803) @15-03-2022 18:13:24.0277 PM
[ReportManager] Browser Action [MaximizeWindow] successfully performed. With the following test data [New screen size is now: (1176, 803)]. @15-03-2022 18:13:24.0278 PM
[ReportManager] Target URL: [http://the-internet.herokuapp.com/] @15-03-2022 18:13:24.0278 PM
[ReportManager] Initial URL: [] @15-03-2022 18:13:24.0332 PM
[ReportManager] Browser Action [NavigateToURL] successfully performed. With the following test data [http://the-internet.herokuapp.com/]. @15-03-2022 18:13:24.0815 PM
[ReportManager] Element Action [Click] successfully performed. With the following test data [By.linkText: Checkboxes]. @15-03-2022 18:13:25.0228 PM
[ReportManager] Element Action [Click] successfully performed. With the following test data [By.xpath: (//INPUT[@type='checkbox'])[1]]. @15-03-2022 18:13:25.0526 PM
[ReportManager] Element Action [Click] successfully performed. With the following test data [By.xpath: (//INPUT[@type='checkbox'])[2]]. @15-03-2022 18:13:25.0724 P

################################################################################################################################################
Starting Execution:	[165 out of 165] test cases in the current suite
Test Method:		[dsl.testDsl.testLabel]
################################################################################################################################################
[ReportManager] File Action [GetAbsolutePath] successfully performed. With the following test data [Relative Folder Path: "target/downloadedFiles/"]. @15-03-2022 18:13:25.0926 PM
[ReportManager] Attempting to run locally on: [Mac-64], [Safari], Headless Execution. @15-03-2022 18:13:25.0927 PM
[ReportManager] Successfully Opened Safari. @15-03-2022 18:13:26.0947 PM
[ReportManager] Initial window size: (800, 600) @15-03-2022 18:13:26.0967 PM
[ReportManager] Window size after SWD Maximize: (1176, 803) @15-03-2022 18:13:26.0987 PM
[ReportManager] Browser Action [MaximizeWindow] successfully performed. With the following test data [New screen size is now: (1176, 803)]. @15-03-2022 18:13:26.0987 PM
[ReportManager] Element Action [GetText] successfully performed. With the following test data [Welcome to the-internet]. @15-03-2022 18:13:27.0542 PM
[ReportManager] Assertion Passed: Then I Assert that [Welcome to the-internet] is equal to [Welcome to the-internet]. @15-03-2022 18:13:27.0543 PM
[ReportManager] Assertion [ValidateEquals] PASSED. Expected [Welcome to the-internet] and Actual [Welcome to the-internet]. Comparison Type [EQUALS]. Validation Type [POSITIVE]. @15-03-2022 18:13:27.0543 P
[ReportManager] Successfully created attachment [SHAFT Engine Logs - Execution log] @15-03-2022 18:13:27.0937 PM

################################################################################################################################################
This test run was powered by SHAFT Engine Version: [SHAFT Engine v6.1.20220113]
SHAFT Engine is licensed under the MIT License: [https://github.com/MohabMohie/SHAFT_ENGINE/blob/master/LICENSE].
################################################################################################################################################