################################################################################################################################################
Detected SHAFT Engine Version: [SHAFT Engine v5.4.20211025-BETA]
################################################################################################################################################

################################################################################################################################################
Starting Execution:	[1 out of 143] test cases in the current suite
Test Method:		[unitTests.tests_validations_assertions.assertComparativeRelation_greaterThanOrEquals_false_equals_expectedToFail]
################################################################################################################################################
[ReportManager] Assertion [ValidateComparativeRelation] FAILED. Expected [1] and Actual [1]. Comparison Type [GREATER_THAN_OR_EQUALS]. Validation Type [NEGATIVE]. @30-10-2021 19:09:48.0024 P

################################################################################################################################################
Starting Execution:	[2 out of 143] test cases in the current suite
Test Method:		[unitTests.tests_validations_assertions.assertComparativeRelation_greaterThanOrEquals_false_equals_expectedToPass]
################################################################################################################################################
[ReportManager] Assertion [ValidateComparativeRelation] PASSED. Expected [2] and Actual [1]. Comparison Type [GREATER_THAN_OR_EQUALS]. Validation Type [NEGATIVE]. @30-10-2021 19:09:48.0148 P

################################################################################################################################################
Starting Execution:	[3 out of 143] test cases in the current suite
Test Method:		[unitTests.tests_validations_assertions.assertComparativeRelation_greaterThanOrEquals_false_greaterThan_expectedToFail]
################################################################################################################################################
[ReportManager] Assertion [ValidateComparativeRelation] FAILED. Expected [1] and Actual [2]. Comparison Type [GREATER_THAN_OR_EQUALS]. Validation Type [NEGATIVE]. @30-10-2021 19:09:48.0157 P

################################################################################################################################################
Starting Execution:	[4 out of 143] test cases in the current suite
Test Method:		[unitTests.tests_validations_assertions.assertComparativeRelation_greaterThanOrEquals_false_greaterThan_expectedToPass]
################################################################################################################################################
[ReportManager] Assertion [ValidateComparativeRelation] PASSED. Expected [2] and Actual [1]. Comparison Type [GREATER_THAN_OR_EQUALS]. Validation Type [NEGATIVE]. @30-10-2021 19:09:48.0165 P

################################################################################################################################################
Starting Execution:	[5 out of 143] test cases in the current suite
Test Method:		[unitTests.tests_validations_assertions.assertComparativeRelation_greaterThanOrEquals_true_equals_expectedToFail]
################################################################################################################################################
[ReportManager] Assertion [ValidateComparativeRelation] FAILED. Expected [1] and Actual [0]. Comparison Type [GREATER_THAN_OR_EQUALS]. Validation Type [POSITIVE]. @30-10-2021 19:09:48.0171 P

################################################################################################################################################
Starting Execution:	[6 out of 143] test cases in the current suite
Test Method:		[unitTests.tests_validations_assertions.assertComparativeRelation_greaterThanOrEquals_true_equals_expectedToPass]
################################################################################################################################################
[ReportManager] Assertion [ValidateComparativeRelation] PASSED. Expected [1] and Actual [1]. Comparison Type [GREATER_THAN_OR_EQUALS]. Validation Type [POSITIVE]. @30-10-2021 19:09:48.0176 P

################################################################################################################################################
Starting Execution:	[7 out of 143] test cases in the current suite
Test Method:		[unitTests.tests_validations_assertions.assertComparativeRelation_greaterThanOrEquals_true_greaterThan_expectedToFail]
################################################################################################################################################
[ReportManager] Assertion [ValidateComparativeRelation] FAILED. Expected [2] and Actual [1]. Comparison Type [GREATER_THAN_OR_EQUALS]. Validation Type [POSITIVE]. @30-10-2021 19:09:48.0182 P

################################################################################################################################################
Starting Execution:	[8 out of 143] test cases in the current suite
Test Method:		[unitTests.tests_validations_assertions.assertComparativeRelation_greaterThanOrEquals_true_greaterThan_expectedToPass]
################################################################################################################################################
[ReportManager] Assertion [ValidateComparativeRelation] PASSED. Expected [1] and Actual [2]. Comparison Type [GREATER_THAN_OR_EQUALS]. Validation Type [POSITIVE]. @30-10-2021 19:09:48.0186 P
[ReportManager] File Action [GetAbsolutePath] successfully performed. With the following test data [Relative Folder Path: "target/downloadedFiles/"]. @30-10-2021 19:09:48.0201 PM
[ReportManager] Attempting to run remotely on: [Linux-64], [GoogleChrome], [http://localhost:4444/wd/hub], Headless Execution. @30-10-2021 19:09:48.0249 PM
[ReportManager] Successfully Opened [GoogleChrome]. @30-10-2021 19:09:51.0217 PM
[ReportManager] Target URL: [https://www.google.com/ncr], and after redirection: [www.google.com] @30-10-2021 19:09:51.0230 PM
[ReportManager] Initial URL: [data:,] @30-10-2021 19:09:51.0524 PM
[ReportManager] Browser Action [NavigateToURL] successfully performed. With the following test data [https://www.google.com/ncr]. @30-10-2021 19:09:52.0687 P

################################################################################################################################################
Starting Execution:	[9 out of 143] test cases in the current suite
Test Method:		[unitTests.tests_validations_assertions.assertElementAttribute_false_caseInsensitiveComparison_expectedToFail]
################################################################################################################################################
[ReportManager] Element Action [Type] successfully performed. With the following test data [AUTOMATION]. @30-10-2021 19:09:53.0465 PM
[ReportManager] Element Action [GetText] successfully performed. With the following test data [AUTOMATION]. @30-10-2021 19:09:53.0714 PM
[ReportManager] Loaded Shared OpenCV @30-10-2021 19:09:54.0534 PM
[ReportManager] Assertion [ValidateElementAttribute] FAILED. Expected [Value Should not be 'AutomaTion' for the 'text' attribute, element locator 'By.name: q'] and Actual [AUTOMATION]. Comparison Type [CASE_INSENSITIVE]. Validation Type [NEGATIVE]. @30-10-2021 19:09:55.0015 PM
[ReportManager] Successfully created attachment [Screenshot - 1635620994058_assertElementAttribute_false_caseInsensitiveComparison_expectedToFail_ValidateElementAttribute_failed] @30-10-2021 19:09:55.0040 P
[ReportManager] Browser Action [CloseCurrentWindow] successfully performed. @30-10-2021 19:09:55.0238 PM
[ReportManager] Successfully created attachment [Browser Action Test Data - CloseCurrentWindow - Actual Value] @30-10-2021 19:09:55.0242 P
[ReportManager] File Action [GetAbsolutePath] successfully performed. With the following test data [Relative Folder Path: "target/downloadedFiles/"]. @30-10-2021 19:09:55.0251 PM
[ReportManager] Attempting to run remotely on: [Linux-64], [GoogleChrome], [http://localhost:4444/wd/hub], Headless Execution. @30-10-2021 19:09:55.0251 PM
[ReportManager] Successfully Opened [GoogleChrome]. @30-10-2021 19:10:00.0321 PM
[ReportManager] Target URL: [https://www.google.com/ncr], and after redirection: [www.google.com] @30-10-2021 19:10:00.0321 PM
[ReportManager] Initial URL: [data:,] @30-10-2021 19:10:00.0451 PM
[ReportManager] Browser Action [NavigateToURL] successfully performed. With the following test data [https://www.google.com/ncr]. @30-10-2021 19:10:01.0572 P

################################################################################################################################################
Starting Execution:	[10 out of 143] test cases in the current suite
Test Method:		[unitTests.tests_validations_assertions.assertElementAttribute_false_caseInsensitiveComparison_expectedToPass]
################################################################################################################################################
[ReportManager] Element Action [Type] successfully performed. With the following test data [AUTOMATION]. @30-10-2021 19:10:02.0272 PM
[ReportManager] Element Action [GetText] successfully performed. With the following test data [AUTOMATION]. @30-10-2021 19:10:02.0520 PM
[ReportManager] Loaded Shared OpenCV @30-10-2021 19:10:02.0811 PM
[ReportManager] Assertion [ValidateElementAttribute] PASSED. Expected [Value Should not be 'AutomaTion123' for the 'text' attribute, element locator 'By.name: q'] and Actual [AUTOMATION]. Comparison Type [CASE_INSENSITIVE]. Validation Type [NEGATIVE]. @30-10-2021 19:10:03.0054 PM
[ReportManager] Successfully created attachment [Screenshot - 1635621002811_assertElementAttribute_false_caseInsensitiveComparison_expectedToPass_ValidateElementAttribute_passed] @30-10-2021 19:10:03.0065 P
[ReportManager] Browser Action [CloseCurrentWindow] successfully performed. @30-10-2021 19:10:03.0242 PM
[ReportManager] Successfully created attachment [Browser Action Test Data - CloseCurrentWindow - Actual Value] @30-10-2021 19:10:03.0245 P
[ReportManager] File Action [GetAbsolutePath] successfully performed. With the following test data [Relative Folder Path: "target/downloadedFiles/"]. @30-10-2021 19:10:03.0252 PM
[ReportManager] Attempting to run remotely on: [Linux-64], [GoogleChrome], [http://localhost:4444/wd/hub], Headless Execution. @30-10-2021 19:10:03.0252 PM
[ReportManager] Successfully Opened [GoogleChrome]. @30-10-2021 19:10:05.0317 PM
[ReportManager] Target URL: [https://www.google.com/ncr], and after redirection: [www.google.com] @30-10-2021 19:10:05.0317 PM
[ReportManager] Initial URL: [data:,] @30-10-2021 19:10:05.0438 PM
[ReportManager] Browser Action [NavigateToURL] successfully performed. With the following test data [https://www.google.com/ncr]. @30-10-2021 19:10:06.0368 P

################################################################################################################################################
Starting Execution:	[11 out of 143] test cases in the current suite
Test Method:		[unitTests.tests_validations_assertions.assertElementAttribute_false_containsComparison_expectedToFail]
################################################################################################################################################
[ReportManager] Element Action [Type] successfully performed. With the following test data [Automation123]. @30-10-2021 19:10:07.0148 PM
[ReportManager] Element Action [GetText] successfully performed. With the following test data [Automation123]. @30-10-2021 19:10:07.0420 PM
[ReportManager] Loaded Shared OpenCV @30-10-2021 19:10:07.0715 PM
[ReportManager] Assertion [ValidateElementAttribute] FAILED. Expected [Value Should not be 'Automation' for the 'text' attribute, element locator 'By.name: q'] and Actual [Automation123]. Comparison Type [CONTAINS]. Validation Type [NEGATIVE]. @30-10-2021 19:10:07.0957 PM
[ReportManager] Successfully created attachment [Screenshot - 1635621007715_assertElementAttribute_false_containsComparison_expectedToFail_ValidateElementAttribute_failed] @30-10-2021 19:10:07.0959 P
[ReportManager] Browser Action [CloseCurrentWindow] successfully performed. @30-10-2021 19:10:08.0154 PM
[ReportManager] Successfully created attachment [Browser Action Test Data - CloseCurrentWindow - Actual Value] @30-10-2021 19:10:08.0156 P
[ReportManager] File Action [GetAbsolutePath] successfully performed. With the following test data [Relative Folder Path: "target/downloadedFiles/"]. @30-10-2021 19:10:08.0180 PM
[ReportManager] Attempting to run remotely on: [Linux-64], [GoogleChrome], [http://localhost:4444/wd/hub], Headless Execution. @30-10-2021 19:10:08.0181 PM
[ReportManager] Successfully Opened [GoogleChrome]. @30-10-2021 19:10:10.0276 PM
[ReportManager] Target URL: [https://www.google.com/ncr], and after redirection: [www.google.com] @30-10-2021 19:10:10.0276 PM
[ReportManager] Initial URL: [data:,] @30-10-2021 19:10:10.0401 PM
[ReportManager] Browser Action [NavigateToURL] successfully performed. With the following test data [https://www.google.com/ncr]. @30-10-2021 19:10:11.0221 P

################################################################################################################################################
Starting Execution:	[12 out of 143] test cases in the current suite
Test Method:		[unitTests.tests_validations_assertions.assertElementAttribute_false_containsComparison_expectedToPass]
################################################################################################################################################
[ReportManager] Element Action [Type] successfully performed. With the following test data [Automation123]. @30-10-2021 19:10:11.0784 PM
[ReportManager] Element Action [GetText] successfully performed. With the following test data [Automation123]. @30-10-2021 19:10:11.0998 PM
[ReportManager] Loaded Shared OpenCV @30-10-2021 19:10:12.0261 PM
[ReportManager] Assertion [ValidateElementAttribute] PASSED. Expected [Value Should not be 'Automation1234' for the 'text' attribute, element locator 'By.name: q'] and Actual [Automation123]. Comparison Type [CONTAINS]. Validation Type [NEGATIVE]. @30-10-2021 19:10:12.0484 PM
[ReportManager] Successfully created attachment [Screenshot - 1635621012261_assertElementAttribute_false_containsComparison_expectedToPass_ValidateElementAttribute_passed] @30-10-2021 19:10:12.0486 P
[ReportManager] Browser Action [CloseCurrentWindow] successfully performed. @30-10-2021 19:10:12.0664 PM
[ReportManager] Successfully created attachment [Browser Action Test Data - CloseCurrentWindow - Actual Value] @30-10-2021 19:10:12.0665 P
[ReportManager] File Action [GetAbsolutePath] successfully performed. With the following test data [Relative Folder Path: "target/downloadedFiles/"]. @30-10-2021 19:10:12.0673 PM
[ReportManager] Attempting to run remotely on: [Linux-64], [GoogleChrome], [http://localhost:4444/wd/hub], Headless Execution. @30-10-2021 19:10:12.0674 PM
[ReportManager] Successfully Opened [GoogleChrome]. @30-10-2021 19:10:15.0261 PM
[ReportManager] Target URL: [https://www.google.com/ncr], and after redirection: [www.google.com] @30-10-2021 19:10:15.0262 PM
[ReportManager] Initial URL: [data:,] @30-10-2021 19:10:15.0352 PM
[ReportManager] Browser Action [NavigateToURL] successfully performed. With the following test data [https://www.google.com/ncr]. @30-10-2021 19:10:16.0252 P

################################################################################################################################################
Starting Execution:	[13 out of 143] test cases in the current suite
Test Method:		[unitTests.tests_validations_assertions.assertElementAttribute_false_literalComparison_expectedToFail]
################################################################################################################################################
[ReportManager] Element Action [Type] successfully performed. With the following test data [Automation!@#$%^&*()_+{}[]\';/.,]. @30-10-2021 19:10:16.0832 PM
[ReportManager] Element Action [GetText] successfully performed. With the following test data [Automation!@#$%^&*()_+{}[]\';/.,]. @30-10-2021 19:10:16.0987 PM
[ReportManager] Loaded Shared OpenCV @30-10-2021 19:10:17.0277 PM
[ReportManager] Assertion [ValidateElementAttribute] PASSED. Expected [Value Should not be 'Automation!@#$%^&*()_+{}[]\\';/.,' for the 'text' attribute, element locator 'By.name: q'] and Actual [Automation!@#$%^&*()_+{}[]\';/.,]. Comparison Type [EQUALS]. Validation Type [NEGATIVE]. @30-10-2021 19:10:17.0471 PM
[ReportManager] Successfully created attachment [Screenshot - 1635621017277_assertElementAttribute_false_literalComparison_expectedToFail_ValidateElementAttribute_passed] @30-10-2021 19:10:17.0473 P
[ReportManager] Browser Action [CloseCurrentWindow] successfully performed. @30-10-2021 19:10:17.0637 PM
[ReportManager] Successfully created attachment [Browser Action Test Data - CloseCurrentWindow - Actual Value] @30-10-2021 19:10:17.0638 P
[ReportManager] File Action [GetAbsolutePath] successfully performed. With the following test data [Relative Folder Path: "target/downloadedFiles/"]. @30-10-2021 19:10:17.0642 PM
[ReportManager] Attempting to run remotely on: [Linux-64], [GoogleChrome], [http://localhost:4444/wd/hub], Headless Execution. @30-10-2021 19:10:17.0645 PM
[ReportManager] Successfully Opened [GoogleChrome]. @30-10-2021 19:10:20.0275 PM
[ReportManager] Target URL: [https://www.google.com/ncr], and after redirection: [www.google.com] @30-10-2021 19:10:20.0282 PM
[ReportManager] Initial URL: [data:,] @30-10-2021 19:10:20.0366 PM
[ReportManager] Browser Action [NavigateToURL] successfully performed. With the following test data [https://www.google.com/ncr]. @30-10-2021 19:10:21.0115 P

################################################################################################################################################
Starting Execution:	[14 out of 143] test cases in the current suite
Test Method:		[unitTests.tests_validations_assertions.assertElementAttribute_false_literalComparison_expectedToPass]
################################################################################################################################################
[ReportManager] Element Action [Type] successfully performed. With the following test data [Automation!@#$%^&*()_+{}[]\';/.,]. @30-10-2021 19:10:21.0692 PM
[ReportManager] Element Action [GetText] successfully performed. With the following test data [Automation!@#$%^&*()_+{}[]\';/.,]. @30-10-2021 19:10:21.0860 PM
[ReportManager] Loaded Shared OpenCV @30-10-2021 19:10:22.0166 PM
[ReportManager] Assertion [ValidateElementAttribute] PASSED. Expected [Value Should not be 'Automation' for the 'text' attribute, element locator 'By.name: q'] and Actual [Automation!@#$%^&*()_+{}[]\';/.,]. Comparison Type [EQUALS]. Validation Type [NEGATIVE]. @30-10-2021 19:10:22.0363 PM
[ReportManager] Successfully created attachment [Screenshot - 1635621022166_assertElementAttribute_false_literalComparison_expectedToPass_ValidateElementAttribute_passed] @30-10-2021 19:10:22.0364 P
[ReportManager] Browser Action [CloseCurrentWindow] successfully performed. @30-10-2021 19:10:22.0503 PM
[ReportManager] Successfully created attachment [Browser Action Test Data - CloseCurrentWindow - Actual Value] @30-10-2021 19:10:22.0504 P
[ReportManager] File Action [GetAbsolutePath] successfully performed. With the following test data [Relative Folder Path: "target/downloadedFiles/"]. @30-10-2021 19:10:22.0509 PM
[ReportManager] Attempting to run remotely on: [Linux-64], [GoogleChrome], [http://localhost:4444/wd/hub], Headless Execution. @30-10-2021 19:10:22.0511 PM
[ReportManager] Successfully Opened [GoogleChrome]. @30-10-2021 19:10:25.0273 PM
[ReportManager] Target URL: [https://www.google.com/ncr], and after redirection: [www.google.com] @30-10-2021 19:10:25.0273 PM
[ReportManager] Initial URL: [data:,] @30-10-2021 19:10:25.0380 PM
[ReportManager] Browser Action [NavigateToURL] successfully performed. With the following test data [https://www.google.com/ncr]. @30-10-2021 19:10:26.0170 P

################################################################################################################################################
Starting Execution:	[15 out of 143] test cases in the current suite
Test Method:		[unitTests.tests_validations_assertions.assertElementAttribute_false_regexComparison_expectedToFail]
################################################################################################################################################
[ReportManager] Element Action [Type] successfully performed. With the following test data [Automation123]. @30-10-2021 19:10:26.0632 PM
[ReportManager] Element Action [GetText] successfully performed. With the following test data [Automation123]. @30-10-2021 19:10:26.0796 PM
[ReportManager] Loaded Shared OpenCV @30-10-2021 19:10:27.0042 PM
[ReportManager] Assertion [ValidateElementAttribute] FAILED. Expected [Value Should not be 'Automation.*' for the 'text' attribute, element locator 'By.name: q'] and Actual [Automation123]. Comparison Type [MATCHES]. Validation Type [NEGATIVE]. @30-10-2021 19:10:27.0232 PM
[ReportManager] Successfully created attachment [Screenshot - 1635621027042_assertElementAttribute_false_regexComparison_expectedToFail_ValidateElementAttribute_failed] @30-10-2021 19:10:27.0234 P
[ReportManager] Browser Action [CloseCurrentWindow] successfully performed. @30-10-2021 19:10:27.0386 PM
[ReportManager] Successfully created attachment [Browser Action Test Data - CloseCurrentWindow - Actual Value] @30-10-2021 19:10:27.0387 P
[ReportManager] File Action [GetAbsolutePath] successfully performed. With the following test data [Relative Folder Path: "target/downloadedFiles/"]. @30-10-2021 19:10:27.0393 PM
[ReportManager] Attempting to run remotely on: [Linux-64], [GoogleChrome], [http://localhost:4444/wd/hub], Headless Execution. @30-10-2021 19:10:27.0394 PM
[ReportManager] Successfully Opened [GoogleChrome]. @30-10-2021 19:10:30.0268 PM
[ReportManager] Target URL: [https://www.google.com/ncr], and after redirection: [www.google.com] @30-10-2021 19:10:30.0268 PM
[ReportManager] Initial URL: [data:,] @30-10-2021 19:10:30.0354 PM
[ReportManager] Browser Action [NavigateToURL] successfully performed. With the following test data [https://www.google.com/ncr]. @30-10-2021 19:10:31.0079 P

################################################################################################################################################
Starting Execution:	[16 out of 143] test cases in the current suite
Test Method:		[unitTests.tests_validations_assertions.assertElementAttribute_false_regexComparison_expectedToPass]
################################################################################################################################################
[ReportManager] Element Action [Type] successfully performed. With the following test data [Automation123]. @30-10-2021 19:10:31.0606 PM
[ReportManager] Element Action [GetText] successfully performed. With the following test data [Automation123]. @30-10-2021 19:10:31.0746 PM
[ReportManager] Loaded Shared OpenCV @30-10-2021 19:10:31.0974 PM
[ReportManager] Assertion [ValidateElementAttribute] PASSED. Expected [Value Should not be 'Automation' for the 'text' attribute, element locator 'By.name: q'] and Actual [Automation123]. Comparison Type [MATCHES]. Validation Type [NEGATIVE]. @30-10-2021 19:10:32.0166 PM
[ReportManager] Successfully created attachment [Screenshot - 1635621031974_assertElementAttribute_false_regexComparison_expectedToPass_ValidateElementAttribute_passed] @30-10-2021 19:10:32.0168 P
[ReportManager] Browser Action [CloseCurrentWindow] successfully performed. @30-10-2021 19:10:32.0350 PM
[ReportManager] Successfully created attachment [Browser Action Test Data - CloseCurrentWindow - Actual Value] @30-10-2021 19:10:32.0351 P
[ReportManager] File Action [GetAbsolutePath] successfully performed. With the following test data [Relative Folder Path: "target/downloadedFiles/"]. @30-10-2021 19:10:32.0372 PM
[ReportManager] Attempting to run remotely on: [Linux-64], [GoogleChrome], [http://localhost:4444/wd/hub], Headless Execution. @30-10-2021 19:10:32.0373 PM
[ReportManager] Successfully Opened [GoogleChrome]. @30-10-2021 19:10:35.0273 PM
[ReportManager] Target URL: [https://www.google.com/ncr], and after redirection: [www.google.com] @30-10-2021 19:10:35.0273 PM
[ReportManager] Initial URL: [data:,] @30-10-2021 19:10:35.0365 PM
[ReportManager] Browser Action [NavigateToURL] successfully performed. With the following test data [https://www.google.com/ncr]. @30-10-2021 19:10:36.0147 P

################################################################################################################################################
Starting Execution:	[17 out of 143] test cases in the current suite
Test Method:		[unitTests.tests_validations_assertions.assertElementAttribute_true_caseInsensitiveComparison_expectedToFail]
################################################################################################################################################
[ReportManager] Element Action [Type] successfully performed. With the following test data [AUTOMATION]. @30-10-2021 19:10:36.0617 PM
[ReportManager] Element Action [GetText] successfully performed. With the following test data [AUTOMATION]. @30-10-2021 19:10:36.0746 PM
[ReportManager] Loaded Shared OpenCV @30-10-2021 19:10:36.0988 PM
[ReportManager] Assertion [ValidateElementAttribute] FAILED. Expected [Value Should be 'AutomaTion123' for the 'text' attribute, element locator 'By.name: q'] and Actual [AUTOMATION]. Comparison Type [CASE_INSENSITIVE]. Validation Type [POSITIVE]. @30-10-2021 19:10:37.0219 PM
[ReportManager] Successfully created attachment [Screenshot - 1635621036988_assertElementAttribute_true_caseInsensitiveComparison_expectedToFail_ValidateElementAttribute_failed] @30-10-2021 19:10:37.0220 P
[ReportManager] Browser Action [CloseCurrentWindow] successfully performed. @30-10-2021 19:10:37.0371 PM
[ReportManager] Successfully created attachment [Browser Action Test Data - CloseCurrentWindow - Actual Value] @30-10-2021 19:10:37.0372 P
[ReportManager] File Action [GetAbsolutePath] successfully performed. With the following test data [Relative Folder Path: "target/downloadedFiles/"]. @30-10-2021 19:10:37.0375 PM
[ReportManager] Attempting to run remotely on: [Linux-64], [GoogleChrome], [http://localhost:4444/wd/hub], Headless Execution. @30-10-2021 19:10:37.0376 PM
[ReportManager] Successfully Opened [GoogleChrome]. @30-10-2021 19:10:40.0264 PM
[ReportManager] Target URL: [https://www.google.com/ncr], and after redirection: [www.google.com] @30-10-2021 19:10:40.0264 PM
[ReportManager] Initial URL: [data:,] @30-10-2021 19:10:40.0314 PM
[ReportManager] Browser Action [NavigateToURL] successfully performed. With the following test data [https://www.google.com/ncr]. @30-10-2021 19:10:41.0069 P

################################################################################################################################################
Starting Execution:	[18 out of 143] test cases in the current suite
Test Method:		[unitTests.tests_validations_assertions.assertElementAttribute_true_caseInsensitiveComparison_expectedToPass]
################################################################################################################################################
[ReportManager] Element Action [Type] successfully performed. With the following test data [AUTOMATION]. @30-10-2021 19:10:41.0591 PM
[ReportManager] Element Action [GetText] successfully performed. With the following test data [AUTOMATION]. @30-10-2021 19:10:41.0729 PM
[ReportManager] Loaded Shared OpenCV @30-10-2021 19:10:41.0980 PM
[ReportManager] Assertion [ValidateElementAttribute] PASSED. Expected [Value Should be 'AutomaTion' for the 'text' attribute, element locator 'By.name: q'] and Actual [AUTOMATION]. Comparison Type [CASE_INSENSITIVE]. Validation Type [POSITIVE]. @30-10-2021 19:10:42.0174 PM
[ReportManager] Successfully created attachment [Screenshot - 1635621041979_assertElementAttribute_true_caseInsensitiveComparison_expectedToPass_ValidateElementAttribute_passed] @30-10-2021 19:10:42.0176 P
[ReportManager] Browser Action [CloseCurrentWindow] successfully performed. @30-10-2021 19:10:42.0315 PM
[ReportManager] Successfully created attachment [Browser Action Test Data - CloseCurrentWindow - Actual Value] @30-10-2021 19:10:42.0316 P
[ReportManager] File Action [GetAbsolutePath] successfully performed. With the following test data [Relative Folder Path: "target/downloadedFiles/"]. @30-10-2021 19:10:42.0322 PM
[ReportManager] Attempting to run remotely on: [Linux-64], [GoogleChrome], [http://localhost:4444/wd/hub], Headless Execution. @30-10-2021 19:10:42.0322 PM
[ReportManager] Successfully Opened [GoogleChrome]. @30-10-2021 19:10:45.0280 PM
[ReportManager] Target URL: [https://www.google.com/ncr], and after redirection: [www.google.com] @30-10-2021 19:10:45.0280 PM
[ReportManager] Initial URL: [data:,] @30-10-2021 19:10:45.0358 PM
[ReportManager] Browser Action [NavigateToURL] successfully performed. With the following test data [https://www.google.com/ncr]. @30-10-2021 19:10:46.0105 P

################################################################################################################################################
Starting Execution:	[19 out of 143] test cases in the current suite
Test Method:		[unitTests.tests_validations_assertions.assertElementAttribute_true_containsComparison_expectedToFail]
################################################################################################################################################
[ReportManager] Element Action [Type] successfully performed. With the following test data [Automation123]. @30-10-2021 19:10:46.0555 PM
[ReportManager] Element Action [GetText] successfully performed. With the following test data [Automation123]. @30-10-2021 19:10:46.0693 PM
[ReportManager] Loaded Shared OpenCV @30-10-2021 19:10:46.0923 PM
[ReportManager] Assertion [ValidateElementAttribute] FAILED. Expected [Value Should be 'Automation1234' for the 'text' attribute, element locator 'By.name: q'] and Actual [Automation123]. Comparison Type [CONTAINS]. Validation Type [POSITIVE]. @30-10-2021 19:10:47.0112 PM
[ReportManager] Successfully created attachment [Screenshot - 1635621046923_assertElementAttribute_true_containsComparison_expectedToFail_ValidateElementAttribute_failed] @30-10-2021 19:10:47.0113 P
[ReportManager] Browser Action [CloseCurrentWindow] successfully performed. @30-10-2021 19:10:47.0256 PM
[ReportManager] Successfully created attachment [Browser Action Test Data - CloseCurrentWindow - Actual Value] @30-10-2021 19:10:47.0257 P
[ReportManager] File Action [GetAbsolutePath] successfully performed. With the following test data [Relative Folder Path: "target/downloadedFiles/"]. @30-10-2021 19:10:47.0260 PM
[ReportManager] Attempting to run remotely on: [Linux-64], [GoogleChrome], [http://localhost:4444/wd/hub], Headless Execution. @30-10-2021 19:10:47.0260 PM
[ReportManager] Successfully Opened [GoogleChrome]. @30-10-2021 19:10:50.0268 PM
[ReportManager] Target URL: [https://www.google.com/ncr], and after redirection: [www.google.com] @30-10-2021 19:10:50.0268 PM
[ReportManager] Initial URL: [data:,] @30-10-2021 19:10:50.0385 PM
[ReportManager] Browser Action [NavigateToURL] successfully performed. With the following test data [https://www.google.com/ncr]. @30-10-2021 19:10:51.0191 P

################################################################################################################################################
Starting Execution:	[20 out of 143] test cases in the current suite
Test Method:		[unitTests.tests_validations_assertions.assertElementAttribute_true_containsComparison_expectedToPass]
################################################################################################################################################
[ReportManager] Element Action [Type] successfully performed. With the following test data [Automation123]. @30-10-2021 19:10:51.0737 PM
[ReportManager] Element Action [GetText] successfully performed. With the following test data [Automation123]. @30-10-2021 19:10:51.0888 PM
[ReportManager] Loaded Shared OpenCV @30-10-2021 19:10:52.0119 PM
[ReportManager] Assertion [ValidateElementAttribute] PASSED. Expected [Value Should be 'Automation' for the 'text' attribute, element locator 'By.name: q'] and Actual [Automation123]. Comparison Type [CONTAINS]. Validation Type [POSITIVE]. @30-10-2021 19:10:52.0304 PM
[ReportManager] Successfully created attachment [Screenshot - 1635621052119_assertElementAttribute_true_containsComparison_expectedToPass_ValidateElementAttribute_passed] @30-10-2021 19:10:52.0305 P
[ReportManager] Browser Action [CloseCurrentWindow] successfully performed. @30-10-2021 19:10:52.0433 PM
[ReportManager] Successfully created attachment [Browser Action Test Data - CloseCurrentWindow - Actual Value] @30-10-2021 19:10:52.0434 P
[ReportManager] File Action [GetAbsolutePath] successfully performed. With the following test data [Relative Folder Path: "target/downloadedFiles/"]. @30-10-2021 19:10:52.0437 PM
[ReportManager] Attempting to run remotely on: [Linux-64], [GoogleChrome], [http://localhost:4444/wd/hub], Headless Execution. @30-10-2021 19:10:52.0437 PM
[ReportManager] Successfully Opened [GoogleChrome]. @30-10-2021 19:10:55.0262 PM
[ReportManager] Target URL: [https://www.google.com/ncr], and after redirection: [www.google.com] @30-10-2021 19:10:55.0262 PM
[ReportManager] Initial URL: [data:,] @30-10-2021 19:10:55.0323 PM
[ReportManager] Browser Action [NavigateToURL] successfully performed. With the following test data [https://www.google.com/ncr]. @30-10-2021 19:10:56.0024 P

################################################################################################################################################
Starting Execution:	[21 out of 143] test cases in the current suite
Test Method:		[unitTests.tests_validations_assertions.assertElementAttribute_true_literalComparison_expectedToFail]
################################################################################################################################################
[ReportManager] Element Action [Type] successfully performed. With the following test data [Automation!@#$%^&*()_+{}[]\';/.,]. @30-10-2021 19:10:56.0549 PM
[ReportManager] Element Action [GetText] successfully performed. With the following test data [Automation!@#$%^&*()_+{}[]\';/.,]. @30-10-2021 19:10:56.0680 PM
[ReportManager] Loaded Shared OpenCV @30-10-2021 19:10:56.0924 PM
[ReportManager] Assertion [ValidateElementAttribute] FAILED. Expected [Value Should be 'Automation' for the 'text' attribute, element locator 'By.name: q'] and Actual [Automation!@#$%^&*()_+{}[]\';/.,]. Comparison Type [EQUALS]. Validation Type [POSITIVE]. @30-10-2021 19:10:57.0115 PM
[ReportManager] Successfully created attachment [Screenshot - 1635621056924_assertElementAttribute_true_literalComparison_expectedToFail_ValidateElementAttribute_failed] @30-10-2021 19:10:57.0117 P
[ReportManager] Browser Action [CloseCurrentWindow] successfully performed. @30-10-2021 19:10:57.0301 PM
[ReportManager] Successfully created attachment [Browser Action Test Data - CloseCurrentWindow - Actual Value] @30-10-2021 19:10:57.0302 P
[ReportManager] File Action [GetAbsolutePath] successfully performed. With the following test data [Relative Folder Path: "target/downloadedFiles/"]. @30-10-2021 19:10:57.0306 PM
[ReportManager] Attempting to run remotely on: [Linux-64], [GoogleChrome], [http://localhost:4444/wd/hub], Headless Execution. @30-10-2021 19:10:57.0309 PM
[ReportManager] Successfully Opened [GoogleChrome]. @30-10-2021 19:11:00.0260 PM
[ReportManager] Target URL: [https://www.google.com/ncr], and after redirection: [www.google.com] @30-10-2021 19:11:00.0260 PM
[ReportManager] Initial URL: [data:,] @30-10-2021 19:11:00.0331 PM
[ReportManager] Browser Action [NavigateToURL] successfully performed. With the following test data [https://www.google.com/ncr]. @30-10-2021 19:11:01.0985 P

################################################################################################################################################
Starting Execution:	[22 out of 143] test cases in the current suite
Test Method:		[unitTests.tests_validations_assertions.assertElementAttribute_true_literalComparison_expectedToPass]
################################################################################################################################################
[ReportManager] Element Action [Type] successfully performed. With the following test data [Automation!@#$%^&*()_+{}[]\';/.,]. @30-10-2021 19:11:02.0545 PM
[ReportManager] Element Action [GetText] successfully performed. With the following test data [Automation!@#$%^&*()_+{}[]\';/.,]. @30-10-2021 19:11:02.0691 PM
[ReportManager] Loaded Shared OpenCV @30-10-2021 19:11:02.0993 PM
[ReportManager] Assertion [ValidateElementAttribute] PASSED. Expected [Value Should be 'Automation!@#$%^&*()_+{}[]\';/.,' for the 'text' attribute, element locator 'By.name: q'] and Actual [Automation!@#$%^&*()_+{}[]\';/.,]. Comparison Type [EQUALS]. Validation Type [POSITIVE]. @30-10-2021 19:11:03.0185 PM
[ReportManager] Successfully created attachment [Screenshot - 1635621062993_assertElementAttribute_true_literalComparison_expectedToPass_ValidateElementAttribute_passed] @30-10-2021 19:11:03.0186 P
[ReportManager] Browser Action [CloseCurrentWindow] successfully performed. @30-10-2021 19:11:03.0326 PM
[ReportManager] Successfully created attachment [Browser Action Test Data - CloseCurrentWindow - Actual Value] @30-10-2021 19:11:03.0328 P
[ReportManager] File Action [GetAbsolutePath] successfully performed. With the following test data [Relative Folder Path: "target/downloadedFiles/"]. @30-10-2021 19:11:03.0331 PM
[ReportManager] Attempting to run remotely on: [Linux-64], [GoogleChrome], [http://localhost:4444/wd/hub], Headless Execution. @30-10-2021 19:11:03.0332 PM
[ReportManager] Successfully Opened [GoogleChrome]. @30-10-2021 19:11:05.0265 PM
[ReportManager] Target URL: [https://www.google.com/ncr], and after redirection: [www.google.com] @30-10-2021 19:11:05.0265 PM
[ReportManager] Initial URL: [data:,] @30-10-2021 19:11:05.0325 PM
[ReportManager] Browser Action [NavigateToURL] successfully performed. With the following test data [https://www.google.com/ncr]. @30-10-2021 19:11:06.0104 P

################################################################################################################################################
Starting Execution:	[23 out of 143] test cases in the current suite
Test Method:		[unitTests.tests_validations_assertions.assertElementAttribute_true_regexComparison_expectedToFail]
################################################################################################################################################
[ReportManager] Element Action [Type] successfully performed. With the following test data [Automation123]. @30-10-2021 19:11:06.0535 PM
[ReportManager] Element Action [GetText] successfully performed. With the following test data [Automation123]. @30-10-2021 19:11:06.0673 PM
[ReportManager] Loaded Shared OpenCV @30-10-2021 19:11:06.0883 PM
[ReportManager] Assertion [ValidateElementAttribute] FAILED. Expected [Value Should be 'Automation' for the 'text' attribute, element locator 'By.name: q'] and Actual [Automation123]. Comparison Type [MATCHES]. Validation Type [POSITIVE]. @30-10-2021 19:11:07.0069 PM
[ReportManager] Successfully created attachment [Screenshot - 1635621066883_assertElementAttribute_true_regexComparison_expectedToFail_ValidateElementAttribute_failed] @30-10-2021 19:11:07.0070 P
[ReportManager] Browser Action [CloseCurrentWindow] successfully performed. @30-10-2021 19:11:07.0197 PM
[ReportManager] Successfully created attachment [Browser Action Test Data - CloseCurrentWindow - Actual Value] @30-10-2021 19:11:07.0198 P
[ReportManager] File Action [GetAbsolutePath] successfully performed. With the following test data [Relative Folder Path: "target/downloadedFiles/"]. @30-10-2021 19:11:07.0201 PM
[ReportManager] Attempting to run remotely on: [Linux-64], [GoogleChrome], [http://localhost:4444/wd/hub], Headless Execution. @30-10-2021 19:11:07.0202 PM
[ReportManager] Successfully Opened [GoogleChrome]. @30-10-2021 19:11:10.0296 PM
[ReportManager] Target URL: [https://www.google.com/ncr], and after redirection: [www.google.com] @30-10-2021 19:11:10.0296 PM
[ReportManager] Initial URL: [data:,] @30-10-2021 19:11:10.0406 PM
[ReportManager] Browser Action [NavigateToURL] successfully performed. With the following test data [https://www.google.com/ncr]. @30-10-2021 19:11:11.0103 P

################################################################################################################################################
Starting Execution:	[24 out of 143] test cases in the current suite
Test Method:		[unitTests.tests_validations_assertions.assertElementAttribute_true_regexComparison_expectedToPass]
################################################################################################################################################
[ReportManager] Element Action [Type] successfully performed. With the following test data [Automation123]. @30-10-2021 19:11:11.0520 PM
[ReportManager] Element Action [GetText] successfully performed. With the following test data [Automation123]. @30-10-2021 19:11:11.0664 PM
[ReportManager] Loaded Shared OpenCV @30-10-2021 19:11:11.0915 PM
[ReportManager] Assertion [ValidateElementAttribute] PASSED. Expected [Value Should be 'Automation.*' for the 'text' attribute, element locator 'By.name: q'] and Actual [Automation123]. Comparison Type [MATCHES]. Validation Type [POSITIVE]. @30-10-2021 19:11:12.0105 PM
[ReportManager] Successfully created attachment [Screenshot - 1635621071915_assertElementAttribute_true_regexComparison_expectedToPass_ValidateElementAttribute_passed] @30-10-2021 19:11:12.0107 P
[ReportManager] Browser Action [CloseCurrentWindow] successfully performed. @30-10-2021 19:11:12.0255 PM
[ReportManager] Successfully created attachment [Browser Action Test Data - CloseCurrentWindow - Actual Value] @30-10-2021 19:11:12.0256 P
[ReportManager] File Action [GetAbsolutePath] successfully performed. With the following test data [Relative Folder Path: "target/downloadedFiles/"]. @30-10-2021 19:11:12.0269 PM
[ReportManager] Attempting to run remotely on: [Linux-64], [GoogleChrome], [http://localhost:4444/wd/hub], Headless Execution. @30-10-2021 19:11:12.0269 PM
[ReportManager] Successfully Opened [GoogleChrome]. @30-10-2021 19:11:15.0276 PM
[ReportManager] Target URL: [https://www.google.com/ncr], and after redirection: [www.google.com] @30-10-2021 19:11:15.0276 PM
[ReportManager] Initial URL: [data:,] @30-10-2021 19:11:15.0357 PM
[ReportManager] Browser Action [NavigateToURL] successfully performed. With the following test data [https://www.google.com/ncr]. @30-10-2021 19:11:16.0067 P

################################################################################################################################################
Starting Execution:	[25 out of 143] test cases in the current suite
Test Method:		[unitTests.tests_validations_assertions.assertElementAttribute_type_true_literalComparison_expectedToPass]
################################################################################################################################################
[ReportManager] Element Action [Type] successfully performed. With the following test data [Automation!@#$%^&*()_+{}[]\';/.,]. @30-10-2021 19:11:16.0594 PM
[ReportManager] Element Action [GetText] successfully performed. With the following test data [Automation!@#$%^&*()_+{}[]\';/.,]. @30-10-2021 19:11:16.0736 PM
[ReportManager] Loaded Shared OpenCV @30-10-2021 19:11:16.0966 PM
[ReportManager] Assertion [ValidateElementAttribute] PASSED. Expected [Value Should be 'Automation!@#$%^&*()_+{}[]\';/.,' for the 'text' attribute, element locator 'By.name: q'] and Actual [Automation!@#$%^&*()_+{}[]\';/.,]. Comparison Type [EQUALS]. Validation Type [POSITIVE]. @30-10-2021 19:11:17.0159 PM
[ReportManager] Successfully created attachment [Screenshot - 1635621076966_assertElementAttribute_type_true_literalComparison_expectedToPass_ValidateElementAttribute_passed] @30-10-2021 19:11:17.0161 P
[ReportManager] Browser Action [CloseCurrentWindow] successfully performed. @30-10-2021 19:11:17.0351 PM
[ReportManager] Successfully created attachment [Browser Action Test Data - CloseCurrentWindow - Actual Value] @30-10-2021 19:11:17.0352 P
[ReportManager] File Action [GetAbsolutePath] successfully performed. With the following test data [Relative Folder Path: "target/downloadedFiles/"]. @30-10-2021 19:11:17.0355 PM
[ReportManager] Attempting to run remotely on: [Linux-64], [GoogleChrome], [http://localhost:4444/wd/hub], Headless Execution. @30-10-2021 19:11:17.0356 PM
[ReportManager] Successfully Opened [GoogleChrome]. @30-10-2021 19:11:20.0276 PM
[ReportManager] Target URL: [https://www.google.com/ncr], and after redirection: [www.google.com] @30-10-2021 19:11:20.0276 PM
[ReportManager] Initial URL: [data:,] @30-10-2021 19:11:20.0320 PM
[ReportManager] Browser Action [NavigateToURL] successfully performed. With the following test data [https://www.google.com/ncr]. @30-10-2021 19:11:21.0162 P

################################################################################################################################################
Starting Execution:	[26 out of 143] test cases in the current suite
Test Method:		[unitTests.tests_validations_assertions.assertElementExists_false_expectedToFail]
################################################################################################################################################
[ReportManager] Assertion [ValidateElementExists] PASSED. Expected [Element Should not Exist, locator 'By.id: hplogo'] and Actual [Element Doesn't Exists]. Comparison Type [EQUALS]. Validation Type [NEGATIVE]. @30-10-2021 19:11:31.0778 PM
[ReportManager] Successfully created attachment [Screenshot - 1635621091602_assertElementExists_false_expectedToFail_ValidateElementExists_passed] @30-10-2021 19:11:31.0779 P
[ReportManager] Browser Action [CloseCurrentWindow] successfully performed. @30-10-2021 19:11:31.0900 PM
[ReportManager] Successfully created attachment [Browser Action Test Data - CloseCurrentWindow - Actual Value] @30-10-2021 19:11:31.0901 P
[ReportManager] File Action [GetAbsolutePath] successfully performed. With the following test data [Relative Folder Path: "target/downloadedFiles/"]. @30-10-2021 19:11:31.0903 PM
[ReportManager] Attempting to run remotely on: [Linux-64], [GoogleChrome], [http://localhost:4444/wd/hub], Headless Execution. @30-10-2021 19:11:31.0903 PM
[ReportManager] Successfully Opened [GoogleChrome]. @30-10-2021 19:11:35.0266 PM
[ReportManager] Target URL: [https://www.google.com/ncr], and after redirection: [www.google.com] @30-10-2021 19:11:35.0266 PM
[ReportManager] Initial URL: [data:,] @30-10-2021 19:11:35.0347 PM
[ReportManager] Browser Action [NavigateToURL] successfully performed. With the following test data [https://www.google.com/ncr]. @30-10-2021 19:11:36.0100 P

################################################################################################################################################
Starting Execution:	[27 out of 143] test cases in the current suite
Test Method:		[unitTests.tests_validations_assertions.assertElementExists_false_expectedToPass]
################################################################################################################################################
[ReportManager] Assertion [ValidateElementExists] PASSED. Expected [Element Should not Exist, locator 'By.id: fakeElement'] and Actual [Element Doesn't Exists]. Comparison Type [EQUALS]. Validation Type [NEGATIVE]. @30-10-2021 19:11:46.0702 PM
[ReportManager] Successfully created attachment [Screenshot - 1635621106540_assertElementExists_false_expectedToPass_ValidateElementExists_passed] @30-10-2021 19:11:46.0703 P
[ReportManager] Browser Action [CloseCurrentWindow] successfully performed. @30-10-2021 19:11:46.0825 PM
[ReportManager] Successfully created attachment [Browser Action Test Data - CloseCurrentWindow - Actual Value] @30-10-2021 19:11:46.0826 P
[ReportManager] File Action [GetAbsolutePath] successfully performed. With the following test data [Relative Folder Path: "target/downloadedFiles/"]. @30-10-2021 19:11:46.0830 PM
[ReportManager] Attempting to run remotely on: [Linux-64], [GoogleChrome], [http://localhost:4444/wd/hub], Headless Execution. @30-10-2021 19:11:46.0830 PM
[ReportManager] Successfully Opened [GoogleChrome]. @30-10-2021 19:11:50.0273 PM
[ReportManager] Target URL: [https://www.google.com/ncr], and after redirection: [www.google.com] @30-10-2021 19:11:50.0273 PM
[ReportManager] Initial URL: [data:,] @30-10-2021 19:11:50.0325 PM
[ReportManager] Browser Action [NavigateToURL] successfully performed. With the following test data [https://www.google.com/ncr]. @30-10-2021 19:11:51.0049 P

################################################################################################################################################
Starting Execution:	[28 out of 143] test cases in the current suite
Test Method:		[unitTests.tests_validations_assertions.assertElementExists_false_multipleElementsFound_expectedToFail]
################################################################################################################################################
[ReportManager] Assertion [ValidateElementExists] FAILED. Expected [Element Should not Exist, locator 'By.xpath: //div'] and Actual [Element Exists but is not unique]. Comparison Type [EQUALS]. Validation Type [NEGATIVE]. @30-10-2021 19:11:51.0496 PM
[ReportManager] Successfully created attachment [Screenshot - 1635621111341_assertElementExists_false_multipleElementsFound_expectedToFail_ValidateElementExists_failed] @30-10-2021 19:11:51.0497 P
[ReportManager] Browser Action [CloseCurrentWindow] successfully performed. @30-10-2021 19:11:51.0619 PM
[ReportManager] Successfully created attachment [Browser Action Test Data - CloseCurrentWindow - Actual Value] @30-10-2021 19:11:51.0620 P
[ReportManager] File Action [GetAbsolutePath] successfully performed. With the following test data [Relative Folder Path: "target/downloadedFiles/"]. @30-10-2021 19:11:51.0638 PM
[ReportManager] Attempting to run remotely on: [Linux-64], [GoogleChrome], [http://localhost:4444/wd/hub], Headless Execution. @30-10-2021 19:11:51.0640 PM
[ReportManager] Successfully Opened [GoogleChrome]. @30-10-2021 19:11:55.0270 PM
[ReportManager] Target URL: [https://www.google.com/ncr], and after redirection: [www.google.com] @30-10-2021 19:11:55.0270 PM
[ReportManager] Initial URL: [data:,] @30-10-2021 19:11:55.0319 PM
[ReportManager] Browser Action [NavigateToURL] successfully performed. With the following test data [https://www.google.com/ncr]. @30-10-2021 19:11:56.0036 P

################################################################################################################################################
Starting Execution:	[29 out of 143] test cases in the current suite
Test Method:		[unitTests.tests_validations_assertions.assertElementExists_true_expectedToFail]
################################################################################################################################################
[ReportManager] Assertion [ValidateElementExists] FAILED. Expected [Element Should Exist, locator 'By.id: fakeElement'] and Actual [Element Doesn't Exists]. Comparison Type [EQUALS]. Validation Type [POSITIVE]. @30-10-2021 19:12:26.0903 PM
[ReportManager] Successfully created attachment [Screenshot - 1635621146749_assertElementExists_true_expectedToFail_ValidateElementExists_failed] @30-10-2021 19:12:26.0904 P
[ReportManager] Browser Action [CloseCurrentWindow] successfully performed. @30-10-2021 19:12:27.0046 PM
[ReportManager] Successfully created attachment [Browser Action Test Data - CloseCurrentWindow - Actual Value] @30-10-2021 19:12:27.0047 P
[ReportManager] File Action [GetAbsolutePath] successfully performed. With the following test data [Relative Folder Path: "target/downloadedFiles/"]. @30-10-2021 19:12:27.0049 PM
[ReportManager] Attempting to run remotely on: [Linux-64], [GoogleChrome], [http://localhost:4444/wd/hub], Headless Execution. @30-10-2021 19:12:27.0050 PM
[ReportManager] Successfully Opened [GoogleChrome]. @30-10-2021 19:12:30.0273 PM
[ReportManager] Target URL: [https://www.google.com/ncr], and after redirection: [www.google.com] @30-10-2021 19:12:30.0273 PM
[ReportManager] Initial URL: [data:,] @30-10-2021 19:12:30.0349 PM
[ReportManager] Browser Action [NavigateToURL] successfully performed. With the following test data [https://www.google.com/ncr]. @30-10-2021 19:12:31.0067 P

################################################################################################################################################
Starting Execution:	[30 out of 143] test cases in the current suite
Test Method:		[unitTests.tests_validations_assertions.assertElementExists_true_expectedToPass]
################################################################################################################################################
[ReportManager] Loaded Shared OpenCV @30-10-2021 19:12:31.0366 PM
[ReportManager] Assertion [ValidateElementExists] PASSED. Expected [Element Should Exist, locator 'By.xpath: //*[@id='hplogo' or @alt='Google']'] and Actual [Element Exists]. Comparison Type [EQUALS]. Validation Type [POSITIVE]. @30-10-2021 19:12:31.0562 PM
[ReportManager] Successfully created attachment [Screenshot - 1635621151366_assertElementExists_true_expectedToPass_ValidateElementExists_passed] @30-10-2021 19:12:31.0563 P
[ReportManager] Browser Action [CloseCurrentWindow] successfully performed. @30-10-2021 19:12:31.0680 PM
[ReportManager] Successfully created attachment [Browser Action Test Data - CloseCurrentWindow - Actual Value] @30-10-2021 19:12:31.0681 P
[ReportManager] File Action [GetAbsolutePath] successfully performed. With the following test data [Relative Folder Path: "target/downloadedFiles/"]. @30-10-2021 19:12:31.0684 PM
[ReportManager] Attempting to run remotely on: [Linux-64], [GoogleChrome], [http://localhost:4444/wd/hub], Headless Execution. @30-10-2021 19:12:31.0684 PM
[ReportManager] Successfully Opened [GoogleChrome]. @30-10-2021 19:12:35.0269 PM
[ReportManager] Target URL: [https://www.google.com/ncr], and after redirection: [www.google.com] @30-10-2021 19:12:35.0270 PM
[ReportManager] Initial URL: [data:,] @30-10-2021 19:12:35.0327 PM
[ReportManager] Browser Action [NavigateToURL] successfully performed. With the following test data [https://www.google.com/ncr]. @30-10-2021 19:12:36.0105 P

################################################################################################################################################
Starting Execution:	[31 out of 143] test cases in the current suite
Test Method:		[unitTests.tests_validations_assertions.assertElementExists_true_multipleElementsFound_expectedToFail]
################################################################################################################################################
[ReportManager] Assertion [ValidateElementExists] FAILED. Expected [Element Should Exist, locator 'By.xpath: //div'] and Actual [Element Exists but is not unique]. Comparison Type [EQUALS]. Validation Type [POSITIVE]. @30-10-2021 19:12:36.0553 PM
[ReportManager] Successfully created attachment [Screenshot - 1635621156399_assertElementExists_true_multipleElementsFound_expectedToFail_ValidateElementExists_failed] @30-10-2021 19:12:36.0554 P
[ReportManager] Browser Action [CloseCurrentWindow] successfully performed. @30-10-2021 19:12:36.0679 PM
[ReportManager] Successfully created attachment [Browser Action Test Data - CloseCurrentWindow - Actual Value] @30-10-2021 19:12:36.0680 P

################################################################################################################################################
Starting Execution:	[32 out of 143] test cases in the current suite
Test Method:		[unitTests.tests_validations_assertions.assertEquals_false_expectedToFail]
################################################################################################################################################
[ReportManager] Assertion [ValidateEquals] FAILED. Expected [1] and Actual [1]. Comparison Type [EQUALS]. Validation Type [NEGATIVE]. @30-10-2021 19:12:36.0685 P

################################################################################################################################################
Starting Execution:	[33 out of 143] test cases in the current suite
Test Method:		[unitTests.tests_validations_assertions.assertEquals_false_expectedToPass]
################################################################################################################################################
[ReportManager] Assertion [ValidateEquals] PASSED. Expected [1] and Actual [2]. Comparison Type [EQUALS]. Validation Type [NEGATIVE]. @30-10-2021 19:12:36.0688 P

################################################################################################################################################
Starting Execution:	[34 out of 143] test cases in the current suite
Test Method:		[unitTests.tests_validations_assertions.assertEquals_longCharacters]
################################################################################################################################################
[ReportManager] Verification [ValidateEquals] PASSED. Expected and Actual values are attached. Comparison Type [EQUALS]. Validation Type [POSITIVE]. @30-10-2021 19:12:36.0692 PM
[ReportManager] Successfully created attachment [Validation Test Data - Expected Value] @30-10-2021 19:12:36.0692 PM
[ReportManager] Successfully created attachment [Validation Test Data - Actual Value] @30-10-2021 19:12:36.0692 PM
[ReportManager] Assertion [ValidateEquals] PASSED. Expected and Actual values are attached. Comparison Type [EQUALS]. Validation Type [POSITIVE]. @30-10-2021 19:12:36.0693 PM
[ReportManager] Successfully created attachment [Validation Test Data - Expected Value] @30-10-2021 19:12:36.0693 PM
[ReportManager] Successfully created attachment [Validation Test Data - Actual Value] @30-10-2021 19:12:36.0693 P

################################################################################################################################################
Starting Execution:	[35 out of 143] test cases in the current suite
Test Method:		[unitTests.tests_validations_assertions.assertEquals_longCharacters_Discreet]
################################################################################################################################################
[ReportManager] Assertion [ValidateEquals] PASSED. Expected [1LH5pROcDBjjQk0t0mCr0lXuzQu9lcGj28kY8R1H81X67eVAQJgWQhILiRWVPUgZ6uCtK5cnBkF55Jr9vYngjGO1Iyf0Mktv6lruDlL9T8MAUPcUZJGHZtji6nIeadujDSNmWMj5d6C8zlFqw0CRqBU0hO5adIasHgBSNoLotAjce3NGXoDwAlp3rYreeV16VIyZXROQY] and Actual [1LH5pROcDBjjQk0t0mCr0lXuzQu9lcGj28kY8R1H81X67eVAQJgWQhILiRWVPUgZ6uCtK5cnBkF55Jr9vYngjGO1Iyf0Mktv6lruDlL9T8MAUPcUZJGHZtji6nIeadujDSNmWMj5d6C8zlFqw0CRqBU0hO5adIasHgBSNoLotAjce3NGXoDwAlp3rYreeV16VIyZXROQY]. Comparison Type [EQUALS]. Validation Type [POSITIVE]. @30-10-2021 19:12:36.0697 P

################################################################################################################################################
Starting Execution:	[36 out of 143] test cases in the current suite
Test Method:		[unitTests.tests_validations_assertions.assertEquals_true_expectedToFail]
################################################################################################################################################
[ReportManager] Assertion [ValidateEquals] FAILED. Expected [1] and Actual [2]. Comparison Type [EQUALS]. Validation Type [POSITIVE]. @30-10-2021 19:12:36.0704 P

################################################################################################################################################
Starting Execution:	[37 out of 143] test cases in the current suite
Test Method:		[unitTests.tests_validations_assertions.assertEquals_true_expectedToPass]
Test Description:	[Assert that assertEquals works as expected when the two values are equal.]
################################################################################################################################################
[ReportManager] Verification [ValidateEquals] PASSED. Expected [1] and Actual [1]. Comparison Type [EQUALS]. Validation Type [POSITIVE]. @30-10-2021 19:12:36.0713 PM
[ReportManager] Assertion [ValidateEquals] PASSED. Expected [1] and Actual [1]. Comparison Type [EQUALS]. Validation Type [POSITIVE]. @30-10-2021 19:12:36.0715 P

################################################################################################################################################
Starting Execution:	[38 out of 143] test cases in the current suite
Test Method:		[unitTests.tests_validations_assertions.assertEquals_true_expectedToPass__]
################################################################################################################################################
[ReportManager] Assertion [ValidateEquals] PASSED. Expected [1] and Actual [1]. Comparison Type [EQUALS]. Validation Type [POSITIVE]. @30-10-2021 19:12:36.0719 P

################################################################################################################################################
Starting Execution:	[39 out of 143] test cases in the current suite
Test Method:		[unitTests.tests_validations_assertions.assertFileExists_false_expectedToFail]
################################################################################################################################################
[ReportManager] File Action [DoesFileExist] successfully performed. With the following test data [File Path: "src/main/java/com/shaft/gui/element/ElementActions.java"]. @30-10-2021 19:12:36.0722 PM
[ReportManager] Assertion [ValidateFileExists] FAILED. Expected [File 'src/main/java/com/shaft/gui/element/ElementActions.java' should not exist, after up to '1' retries] and Actual [File exists]. Validation Type [NEGATIVE]. @30-10-2021 19:12:36.0729 P

################################################################################################################################################
Starting Execution:	[40 out of 143] test cases in the current suite
Test Method:		[unitTests.tests_validations_assertions.assertFileExists_false_expectedToPass]
################################################################################################################################################
[ReportManager] File Action [DoesFileExist] successfully performed. With the following test data [File Path: "src/main/java/com/shaft/gui/element/ElementActions.java_fail"]. @30-10-2021 19:12:37.0233 PM
[ReportManager] Assertion [ValidateFileExists] PASSED. Expected [File 'src/main/java/com/shaft/gui/element/ElementActions.java_fail' should not exist, after up to '1' retries] and Actual [File does not exist]. Validation Type [NEGATIVE]. @30-10-2021 19:12:37.0234 P

################################################################################################################################################
Starting Execution:	[41 out of 143] test cases in the current suite
Test Method:		[unitTests.tests_validations_assertions.assertFileExists_true_expectedToFail]
################################################################################################################################################
[ReportManager] File Action [DoesFileExist] successfully performed. With the following test data [File Path: "src/main/java/com/shaft/gui/element/ElementActions.java_fail"]. @30-10-2021 19:12:37.0738 PM
[ReportManager] Assertion [ValidateFileExists] FAILED. Expected [File 'src/main/java/com/shaft/gui/element/ElementActions.java_fail' should exist, after up to '1' retries] and Actual [File does not exist]. Validation Type [POSITIVE]. @30-10-2021 19:12:37.0738 P

################################################################################################################################################
Starting Execution:	[42 out of 143] test cases in the current suite
Test Method:		[unitTests.tests_validations_assertions.assertFileExists_true_expectedToPass]
################################################################################################################################################
[ReportManager] File Action [DoesFileExist] successfully performed. With the following test data [File Path: "src/main/java/com/shaft/gui/element/ElementActions.java"]. @30-10-2021 19:12:37.0744 PM
[ReportManager] Assertion [ValidateFileExists] PASSED. Expected [File 'src/main/java/com/shaft/gui/element/ElementActions.java' should exist, after up to '1' retries] and Actual [File exists]. Validation Type [POSITIVE]. @30-10-2021 19:12:37.0744 P

################################################################################################################################################
Starting Execution:	[43 out of 143] test cases in the current suite
Test Method:		[unitTests.tests_validations_assertions.assertNull_false_expectedToFail]
################################################################################################################################################
[ReportManager] Assertion [ValidateNull] FAILED. Expected [NULL] and Actual [NULL]. Comparison Type [EQUALS]. Validation Type [NEGATIVE]. @30-10-2021 19:12:37.0751 P

################################################################################################################################################
Starting Execution:	[44 out of 143] test cases in the current suite
Test Method:		[unitTests.tests_validations_assertions.assertNull_false_expectedToPass]
################################################################################################################################################
[ReportManager] Assertion [ValidateNull] PASSED. Expected [NULL] and Actual [1]. Comparison Type [EQUALS]. Validation Type [NEGATIVE]. @30-10-2021 19:12:37.0755 P

################################################################################################################################################
Starting Execution:	[45 out of 143] test cases in the current suite
Test Method:		[unitTests.tests_validations_assertions.assertNull_true_expectedToFail]
################################################################################################################################################
[ReportManager] Assertion [ValidateNull] FAILED. Expected [NULL] and Actual [1]. Comparison Type [EQUALS]. Validation Type [POSITIVE]. @30-10-2021 19:12:37.0758 P

################################################################################################################################################
Starting Execution:	[46 out of 143] test cases in the current suite
Test Method:		[unitTests.tests_validations_assertions.assertNull_true_expectedToPass]
################################################################################################################################################
[ReportManager] Assertion [ValidateNull] PASSED. Expected [NULL] and Actual [NULL]. Comparison Type [EQUALS]. Validation Type [POSITIVE]. @30-10-2021 19:12:37.0760 P

################################################################################################################################################
Starting Execution:	[47 out of 143] test cases in the current suite
Test Method:		[unitTests.tests_restActions.getPostsAndAssertBodyForSpecificTitle]
################################################################################################################################################
[ReportManager] Response status code: [200], status line: [HTTP/1.1 200 OK] @30-10-2021 19:12:39.0634 PM
[ReportManager] Assertion Passed: Evaluating the actual response status code against the expected one... @30-10-2021 19:12:39.0634 PM
[ReportManager] Assertion [ValidateEquals] PASSED. Expected [200] and Actual [200]. Comparison Type [EQUALS]. Validation Type [POSITIVE]. @30-10-2021 19:12:39.0635 PM
[ReportManager] API Action [PerformRequest] successfully performed. With the following test data [Request Type: "GET" | Target Status Code: "200" | Service URL: "https://jsonplaceholder.typicode.com/posts" | Content Type: "*/*" | Response Time: "664ms"]. @30-10-2021 19:12:40.0687 PM
[ReportManager] Successfully created attachment [API Request - Specifications] @30-10-2021 19:12:40.0687 PM
[ReportManager] Successfully created attachment [API Response - JSON Body] @30-10-2021 19:12:40.0900 PM
[ReportManager] API Action [GetResponseJSONValueAsList] successfully performed. @30-10-2021 19:12:40.0912 PM
[ReportManager] API Action [GetResponseJSONValue] successfully performed. With the following test data [title]. @30-10-2021 19:12:40.0931 PM
[ReportManager] API Action [GetResponseJSONValue] successfully performed. With the following test data [title]. @30-10-2021 19:12:40.0943 PM
[ReportManager] API Action [GetResponseJSONValue] successfully performed. With the following test data [body]. @30-10-2021 19:12:40.0954 PM
[ReportManager] Assertion [ValidateEquals] PASSED. Expected [qui neque nisi nulla] and Actual [est rerum tempore vitae
sequi sint nihil reprehenderit dolor beatae ea dolores neque
fugiat blanditiis voluptate porro vel nihil molestiae ut reiciendis
qui aperiam non debitis possimus qui neque nisi nulla]. Comparison Type [CONTAINS]. Validation Type [POSITIVE]. @30-10-2021 19:12:40.0954 PM
[ReportManager] API Action [GetResponseJSONValue] successfully performed. With the following test data [title]. @30-10-2021 19:12:40.0964 PM
[ReportManager] API Action [GetResponseJSONValue] successfully performed. With the following test data [title]. @30-10-2021 19:12:40.0974 PM
[ReportManager] API Action [GetResponseJSONValue] successfully performed. With the following test data [title]. @30-10-2021 19:12:40.0983 PM
[ReportManager] API Action [GetResponseJSONValue] successfully performed. With the following test data [title]. @30-10-2021 19:12:40.0993 PM
[ReportManager] API Action [GetResponseJSONValue] successfully performed. With the following test data [title]. @30-10-2021 19:12:41.0002 PM
[ReportManager] API Action [GetResponseJSONValue] successfully performed. With the following test data [title]. @30-10-2021 19:12:41.0012 PM
[ReportManager] API Action [GetResponseJSONValue] successfully performed. With the following test data [title]. @30-10-2021 19:12:41.0021 PM
[ReportManager] API Action [GetResponseJSONValue] successfully performed. With the following test data [title]. @30-10-2021 19:12:41.0030 PM
[ReportManager] API Action [GetResponseJSONValue] successfully performed. With the following test data [title]. @30-10-2021 19:12:41.0040 PM
[ReportManager] API Action [GetResponseJSONValue] successfully performed. With the following test data [title]. @30-10-2021 19:12:41.0049 PM
[ReportManager] API Action [GetResponseJSONValue] successfully performed. With the following test data [title]. @30-10-2021 19:12:41.0059 PM
[ReportManager] API Action [GetResponseJSONValue] successfully performed. With the following test data [title]. @30-10-2021 19:12:41.0069 PM
[ReportManager] API Action [GetResponseJSONValue] successfully performed. With the following test data [title]. @30-10-2021 19:12:41.0078 PM
[ReportManager] API Action [GetResponseJSONValue] successfully performed. With the following test data [title]. @30-10-2021 19:12:41.0086 PM
[ReportManager] API Action [GetResponseJSONValue] successfully performed. With the following test data [title]. @30-10-2021 19:12:41.0095 PM
[ReportManager] API Action [GetResponseJSONValue] successfully performed. With the following test data [title]. @30-10-2021 19:12:41.0104 PM
[ReportManager] API Action [GetResponseJSONValue] successfully performed. With the following test data [title]. @30-10-2021 19:12:41.0113 PM
[ReportManager] API Action [GetResponseJSONValue] successfully performed. With the following test data [title]. @30-10-2021 19:12:41.0121 PM
[ReportManager] API Action [GetResponseJSONValue] successfully performed. With the following test data [title]. @30-10-2021 19:12:41.0130 PM
[ReportManager] API Action [GetResponseJSONValue] successfully performed. With the following test data [title]. @30-10-2021 19:12:41.0138 PM
[ReportManager] API Action [GetResponseJSONValue] successfully performed. With the following test data [title]. @30-10-2021 19:12:41.0147 PM
[ReportManager] API Action [GetResponseJSONValue] successfully performed. With the following test data [title]. @30-10-2021 19:12:41.0156 PM
[ReportManager] API Action [GetResponseJSONValue] successfully performed. With the following test data [title]. @30-10-2021 19:12:41.0165 PM
[ReportManager] API Action [GetResponseJSONValue] successfully performed. With the following test data [title]. @30-10-2021 19:12:41.0173 PM
[ReportManager] API Action [GetResponseJSONValue] successfully performed. With the following test data [title]. @30-10-2021 19:12:41.0182 PM
[ReportManager] API Action [GetResponseJSONValue] successfully performed. With the following test data [title]. @30-10-2021 19:12:41.0190 PM
[ReportManager] API Action [GetResponseJSONValue] successfully performed. With the following test data [title]. @30-10-2021 19:12:41.0199 PM
[ReportManager] API Action [GetResponseJSONValue] successfully performed. With the following test data [title]. @30-10-2021 19:12:41.0207 PM
[ReportManager] API Action [GetResponseJSONValue] successfully performed. With the following test data [title]. @30-10-2021 19:12:41.0215 PM
[ReportManager] API Action [GetResponseJSONValue] successfully performed. With the following test data [title]. @30-10-2021 19:12:41.0223 PM
[ReportManager] API Action [GetResponseJSONValue] successfully performed. With the following test data [title]. @30-10-2021 19:12:41.0231 PM
[ReportManager] API Action [GetResponseJSONValue] successfully performed. With the following test data [title]. @30-10-2021 19:12:41.0239 PM
[ReportManager] API Action [GetResponseJSONValue] successfully performed. With the following test data [title]. @30-10-2021 19:12:41.0248 PM
[ReportManager] API Action [GetResponseJSONValue] successfully performed. With the following test data [title]. @30-10-2021 19:12:41.0256 PM
[ReportManager] API Action [GetResponseJSONValue] successfully performed. With the following test data [title]. @30-10-2021 19:12:41.0264 PM
[ReportManager] API Action [GetResponseJSONValue] successfully performed. With the following test data [title]. @30-10-2021 19:12:41.0272 PM
[ReportManager] API Action [GetResponseJSONValue] successfully performed. With the following test data [title]. @30-10-2021 19:12:41.0280 PM
[ReportManager] API Action [GetResponseJSONValue] successfully performed. With the following test data [title]. @30-10-2021 19:12:41.0289 PM
[ReportManager] API Action [GetResponseJSONValue] successfully performed. With the following test data [title]. @30-10-2021 19:12:41.0297 PM
[ReportManager] API Action [GetResponseJSONValue] successfully performed. With the following test data [title]. @30-10-2021 19:12:41.0304 PM
[ReportManager] API Action [GetResponseJSONValue] successfully performed. With the following test data [title]. @30-10-2021 19:12:41.0313 PM
[ReportManager] API Action [GetResponseJSONValue] successfully performed. With the following test data [title]. @30-10-2021 19:12:41.0321 PM
[ReportManager] API Action [GetResponseJSONValue] successfully performed. With the following test data [title]. @30-10-2021 19:12:41.0329 PM
[ReportManager] API Action [GetResponseJSONValue] successfully performed. With the following test data [title]. @30-10-2021 19:12:41.0338 PM
[ReportManager] API Action [GetResponseJSONValue] successfully performed. With the following test data [title]. @30-10-2021 19:12:41.0346 PM
[ReportManager] API Action [GetResponseJSONValue] successfully performed. With the following test data [title]. @30-10-2021 19:12:41.0354 PM
[ReportManager] API Action [GetResponseJSONValue] successfully performed. With the following test data [title]. @30-10-2021 19:12:41.0363 PM
[ReportManager] API Action [GetResponseJSONValue] successfully performed. With the following test data [title]. @30-10-2021 19:12:41.0372 PM
[ReportManager] API Action [GetResponseJSONValue] successfully performed. With the following test data [title]. @30-10-2021 19:12:41.0381 PM
[ReportManager] API Action [GetResponseJSONValue] successfully performed. With the following test data [title]. @30-10-2021 19:12:41.0389 PM
[ReportManager] API Action [GetResponseJSONValue] successfully performed. With the following test data [title]. @30-10-2021 19:12:41.0397 PM
[ReportManager] API Action [GetResponseJSONValue] successfully performed. With the following test data [title]. @30-10-2021 19:12:41.0405 PM
[ReportManager] API Action [GetResponseJSONValue] successfully performed. With the following test data [title]. @30-10-2021 19:12:41.0413 PM
[ReportManager] API Action [GetResponseJSONValue] successfully performed. With the following test data [title]. @30-10-2021 19:12:41.0421 PM
[ReportManager] API Action [GetResponseJSONValue] successfully performed. With the following test data [title]. @30-10-2021 19:12:41.0428 PM
[ReportManager] API Action [GetResponseJSONValue] successfully performed. With the following test data [title]. @30-10-2021 19:12:41.0435 PM
[ReportManager] API Action [GetResponseJSONValue] successfully performed. With the following test data [title]. @30-10-2021 19:12:41.0442 PM
[ReportManager] API Action [GetResponseJSONValue] successfully performed. With the following test data [title]. @30-10-2021 19:12:41.0449 PM
[ReportManager] API Action [GetResponseJSONValue] successfully performed. With the following test data [title]. @30-10-2021 19:12:41.0457 PM
[ReportManager] API Action [GetResponseJSONValue] successfully performed. With the following test data [title]. @30-10-2021 19:12:41.0479 PM
[ReportManager] API Action [GetResponseJSONValue] successfully performed. With the following test data [title]. @30-10-2021 19:12:41.0488 PM
[ReportManager] API Action [GetResponseJSONValue] successfully performed. With the following test data [title]. @30-10-2021 19:12:41.0496 PM
[ReportManager] API Action [GetResponseJSONValue] successfully performed. With the following test data [title]. @30-10-2021 19:12:41.0503 PM
[ReportManager] API Action [GetResponseJSONValue] successfully performed. With the following test data [title]. @30-10-2021 19:12:41.0511 PM
[ReportManager] API Action [GetResponseJSONValue] successfully performed. With the following test data [title]. @30-10-2021 19:12:41.0519 PM
[ReportManager] API Action [GetResponseJSONValue] successfully performed. With the following test data [title]. @30-10-2021 19:12:41.0527 PM
[ReportManager] API Action [GetResponseJSONValue] successfully performed. With the following test data [title]. @30-10-2021 19:12:41.0534 PM
[ReportManager] API Action [GetResponseJSONValue] successfully performed. With the following test data [title]. @30-10-2021 19:12:41.0542 PM
[ReportManager] API Action [GetResponseJSONValue] successfully performed. With the following test data [title]. @30-10-2021 19:12:41.0550 PM
[ReportManager] API Action [GetResponseJSONValue] successfully performed. With the following test data [title]. @30-10-2021 19:12:41.0558 PM
[ReportManager] API Action [GetResponseJSONValue] successfully performed. With the following test data [title]. @30-10-2021 19:12:41.0566 PM
[ReportManager] API Action [GetResponseJSONValue] successfully performed. With the following test data [title]. @30-10-2021 19:12:41.0574 PM
[ReportManager] API Action [GetResponseJSONValue] successfully performed. With the following test data [title]. @30-10-2021 19:12:41.0582 PM
[ReportManager] API Action [GetResponseJSONValue] successfully performed. With the following test data [title]. @30-10-2021 19:12:41.0589 PM
[ReportManager] API Action [GetResponseJSONValue] successfully performed. With the following test data [title]. @30-10-2021 19:12:41.0597 PM
[ReportManager] API Action [GetResponseJSONValue] successfully performed. With the following test data [title]. @30-10-2021 19:12:41.0605 PM
[ReportManager] API Action [GetResponseJSONValue] successfully performed. With the following test data [title]. @30-10-2021 19:12:41.0613 PM
[ReportManager] API Action [GetResponseJSONValue] successfully performed. With the following test data [title]. @30-10-2021 19:12:41.0620 PM
[ReportManager] API Action [GetResponseJSONValue] successfully performed. With the following test data [title]. @30-10-2021 19:12:41.0627 PM
[ReportManager] API Action [GetResponseJSONValue] successfully performed. With the following test data [title]. @30-10-2021 19:12:41.0635 PM
[ReportManager] API Action [GetResponseJSONValue] successfully performed. With the following test data [title]. @30-10-2021 19:12:41.0643 PM
[ReportManager] API Action [GetResponseJSONValue] successfully performed. With the following test data [title]. @30-10-2021 19:12:41.0650 PM
[ReportManager] API Action [GetResponseJSONValue] successfully performed. With the following test data [title]. @30-10-2021 19:12:41.0657 PM
[ReportManager] API Action [GetResponseJSONValue] successfully performed. With the following test data [title]. @30-10-2021 19:12:41.0665 PM
[ReportManager] API Action [GetResponseJSONValue] successfully performed. With the following test data [title]. @30-10-2021 19:12:41.0672 PM
[ReportManager] API Action [GetResponseJSONValue] successfully performed. With the following test data [title]. @30-10-2021 19:12:41.0679 PM
[ReportManager] API Action [GetResponseJSONValue] successfully performed. With the following test data [title]. @30-10-2021 19:12:41.0686 PM
[ReportManager] API Action [GetResponseJSONValue] successfully performed. With the following test data [title]. @30-10-2021 19:12:41.0693 PM
[ReportManager] API Action [GetResponseJSONValue] successfully performed. With the following test data [title]. @30-10-2021 19:12:41.0700 PM
[ReportManager] API Action [GetResponseJSONValue] successfully performed. With the following test data [title]. @30-10-2021 19:12:41.0707 PM
[ReportManager] API Action [GetResponseJSONValue] successfully performed. With the following test data [title]. @30-10-2021 19:12:41.0714 PM
[ReportManager] API Action [GetResponseJSONValue] successfully performed. With the following test data [title]. @30-10-2021 19:12:41.0721 PM
[ReportManager] API Action [GetResponseJSONValue] successfully performed. With the following test data [title]. @30-10-2021 19:12:41.0728 PM
[ReportManager] API Action [GetResponseJSONValue] successfully performed. With the following test data [title]. @30-10-2021 19:12:41.0735 PM
[ReportManager] API Action [GetResponseJSONValue] successfully performed. With the following test data [title]. @30-10-2021 19:12:41.0743 PM
[ReportManager] API Action [GetResponseJSONValue] successfully performed. With the following test data [title]. @30-10-2021 19:12:41.0750 PM
[ReportManager] API Action [GetResponseJSONValue] successfully performed. With the following test data [title]. @30-10-2021 19:12:41.0756 PM
[ReportManager] API Action [GetResponseJSONValue] successfully performed. With the following test data [title]. @30-10-2021 19:12:41.0763 P

################################################################################################################################################
Starting Execution:	[48 out of 143] test cases in the current suite
Test Method:		[unitTests.tests_restActions.validateUserEmail]
################################################################################################################################################
[ReportManager] Response status code: [200], status line: [HTTP/1.1 200 OK] @30-10-2021 19:12:41.0857 PM
[ReportManager] Assertion Passed: Evaluating the actual response status code against the expected one... @30-10-2021 19:12:41.0857 PM
[ReportManager] Assertion [ValidateEquals] PASSED. Expected [200] and Actual [200]. Comparison Type [EQUALS]. Validation Type [POSITIVE]. @30-10-2021 19:12:41.0857 PM
[ReportManager] API Action [PerformRequest] successfully performed. With the following test data [Request Type: "GET" | Target Status Code: "200" | Service URL: "https://jsonplaceholder.typicode.com/users" | Content Type: "*/*" | Response Time: "70ms"]. @30-10-2021 19:12:41.0873 PM
[ReportManager] Successfully created attachment [API Request - Specifications] @30-10-2021 19:12:41.0874 PM
[ReportManager] Successfully created attachment [API Response - JSON Body] @30-10-2021 19:12:41.0874 PM
[ReportManager] Assertion [ValidateEquals] PASSED. Expected and Actual values are attached. Comparison Type [CONTAINS]. Validation Type [POSITIVE]. @30-10-2021 19:12:41.0875 PM
[ReportManager] Successfully created attachment [Validation Test Data - Expected Value] @30-10-2021 19:12:41.0875 PM
[ReportManager] Successfully created attachment [Validation Test Data - Actual Value] @30-10-2021 19:12:41.0875 PM
[ReportManager] API Action [GetResponseJSONValueAsList] successfully performed. With the following test data [$]. @30-10-2021 19:12:41.0879 PM
[ReportManager] API Action [GetResponseJSONValue] successfully performed. With the following test data [name]. @30-10-2021 19:12:41.0889 PM
[ReportManager] API Action [GetResponseJSONValue] successfully performed. With the following test data [email]. @30-10-2021 19:12:41.0955 PM
[ReportManager] Assertion [ValidateEquals] PASSED. Expected [Sincere@april.biz] and Actual [Sincere@april.biz]. Comparison Type [EQUALS]. Validation Type [POSITIVE]. @30-10-2021 19:12:41.0955 PM
[ReportManager] API Action [GetResponseJSONValue] successfully performed. With the following test data [name]. @30-10-2021 19:12:41.0972 PM
[ReportManager] API Action [GetResponseJSONValue] successfully performed. With the following test data [name]. @30-10-2021 19:12:41.0989 PM
[ReportManager] API Action [GetResponseJSONValue] successfully performed. With the following test data [name]. @30-10-2021 19:12:42.0003 PM
[ReportManager] API Action [GetResponseJSONValue] successfully performed. With the following test data [name]. @30-10-2021 19:12:42.0014 PM
[ReportManager] API Action [GetResponseJSONValue] successfully performed. With the following test data [name]. @30-10-2021 19:12:42.0024 PM
[ReportManager] API Action [GetResponseJSONValue] successfully performed. With the following test data [name]. @30-10-2021 19:12:42.0032 PM
[ReportManager] API Action [GetResponseJSONValue] successfully performed. With the following test data [name]. @30-10-2021 19:12:42.0042 PM
[ReportManager] API Action [GetResponseJSONValue] successfully performed. With the following test data [name]. @30-10-2021 19:12:42.0052 PM
[ReportManager] API Action [GetResponseJSONValue] successfully performed. With the following test data [name]. @30-10-2021 19:12:42.0064 P
[ReportManager] File Action [GetAbsolutePath] successfully performed. With the following test data [Relative Folder Path: "target/downloadedFiles/"]. @30-10-2021 19:12:42.0074 PM
[ReportManager] Attempting to run remotely on: [Linux-64], [GoogleChrome], [http://localhost:4444/wd/hub], Headless Execution. @30-10-2021 19:12:42.0074 PM
[ReportManager] Successfully Opened [GoogleChrome]. @30-10-2021 19:12:45.0313 PM
[ReportManager] Target URL: [https://duckduckgo.com] @30-10-2021 19:12:45.0313 PM
[ReportManager] Initial URL: [data:,] @30-10-2021 19:12:45.0429 PM
[ReportManager] Browser Action [NavigateToURL] successfully performed. With the following test data [https://duckduckgo.com]. @30-10-2021 19:12:46.0228 P

################################################################################################################################################
Starting Execution:	[49 out of 143] test cases in the current suite
Test Method:		[unitTests.tests_browserActions.fullScreenWindow]
################################################################################################################################################
[ReportManager] Initial Windows Size: 1920x1080 @30-10-2021 19:12:46.0249 PM
[ReportManager] Initial window size: (1920, 1080) @30-10-2021 19:12:46.0259 PM
[ReportManager] Window size after Toolkit: (1920, 1080) @30-10-2021 19:12:46.0505 PM
[ReportManager] Browser Action [MaximizeWindow] successfully performed. With the following test data [New screen size is now: (1920, 1080)]. @30-10-2021 19:12:46.0510 PM
[ReportManager] Current Windows Size after fullScreen: 1920x1080 @30-10-2021 19:12:46.0525 PM
[ReportManager] Browser Action [FullScreenWindow] successfully performed. @30-10-2021 19:12:46.0540 PM
[ReportManager] Successfully created attachment [Browser Action Test Data - FullScreenWindow - Actual Value] @30-10-2021 19:12:46.0542 P
[ReportManager] Target URL: [https://duckduckgo.com] @30-10-2021 19:12:46.0549 PM
[ReportManager] Initial URL: [https://duckduckgo.com] @30-10-2021 19:12:46.0675 PM
[ReportManager] Browser Action [NavigateToURL] successfully performed. With the following test data [https://duckduckgo.com]. @30-10-2021 19:12:47.0193 PM
[ReportManager] Browser Action [CloseCurrentWindow] successfully performed. @30-10-2021 19:12:47.0323 PM
[ReportManager] Successfully created attachment [Browser Action Test Data - CloseCurrentWindow - Actual Value] @30-10-2021 19:12:47.0325 P
[ReportManager] File Action [GetAbsolutePath] successfully performed. With the following test data [Relative Folder Path: "target/downloadedFiles/"]. @30-10-2021 19:12:47.0333 PM
[ReportManager] Attempting to run remotely on: [Linux-64], [GoogleChrome], [http://localhost:4444/wd/hub], Headless Execution. @30-10-2021 19:12:47.0333 PM
[ReportManager] Successfully Opened [GoogleChrome]. @30-10-2021 19:12:50.0265 PM
[ReportManager] Target URL: [https://duckduckgo.com] @30-10-2021 19:12:50.0266 PM
[ReportManager] Initial URL: [data:,] @30-10-2021 19:12:50.0419 PM
[ReportManager] Browser Action [NavigateToURL] successfully performed. With the following test data [https://duckduckgo.com]. @30-10-2021 19:12:51.0018 P

################################################################################################################################################
Starting Execution:	[50 out of 143] test cases in the current suite
Test Method:		[unitTests.tests_browserActions.getCurrentURL]
################################################################################################################################################
[ReportManager] Browser Action [GetCurrentURL] successfully performed. With the following test data [https://duckduckgo.com/]. @30-10-2021 19:12:51.0082 P
[ReportManager] Target URL: [https://duckduckgo.com] @30-10-2021 19:12:51.0084 PM
[ReportManager] Initial URL: [https://duckduckgo.com] @30-10-2021 19:12:51.0158 PM
[ReportManager] Browser Action [NavigateToURL] successfully performed. With the following test data [https://duckduckgo.com]. @30-10-2021 19:12:51.0479 PM
[ReportManager] Browser Action [CloseCurrentWindow] successfully performed. @30-10-2021 19:12:51.0649 PM
[ReportManager] Successfully created attachment [Browser Action Test Data - CloseCurrentWindow - Actual Value] @30-10-2021 19:12:51.0649 P
[ReportManager] File Action [GetAbsolutePath] successfully performed. With the following test data [Relative Folder Path: "target/downloadedFiles/"]. @30-10-2021 19:12:51.0652 PM
[ReportManager] Attempting to run remotely on: [Linux-64], [GoogleChrome], [http://localhost:4444/wd/hub], Headless Execution. @30-10-2021 19:12:51.0652 PM
[ReportManager] Successfully Opened [GoogleChrome]. @30-10-2021 19:12:55.0332 PM
[ReportManager] Target URL: [https://duckduckgo.com] @30-10-2021 19:12:55.0332 PM
[ReportManager] Initial URL: [data:,] @30-10-2021 19:12:55.0393 PM
[ReportManager] Browser Action [NavigateToURL] successfully performed. With the following test data [https://duckduckgo.com]. @30-10-2021 19:12:56.0020 P

################################################################################################################################################
Starting Execution:	[51 out of 143] test cases in the current suite
Test Method:		[unitTests.tests_browserActions.getCurrentWindowTitle]
################################################################################################################################################
[ReportManager] Browser Action [GetCurrentWindowTitle] successfully performed. With the following test data [DuckDuckGo  Privacy, simplified.]. @30-10-2021 19:12:56.0074 P
[ReportManager] Target URL: [https://duckduckgo.com] @30-10-2021 19:12:56.0076 PM
[ReportManager] Initial URL: [https://duckduckgo.com] @30-10-2021 19:12:56.0158 PM
[ReportManager] Browser Action [NavigateToURL] successfully performed. With the following test data [https://duckduckgo.com]. @30-10-2021 19:12:56.0472 PM
[ReportManager] Browser Action [CloseCurrentWindow] successfully performed. @30-10-2021 19:12:56.0578 PM
[ReportManager] Successfully created attachment [Browser Action Test Data - CloseCurrentWindow - Actual Value] @30-10-2021 19:12:56.0582 P
[ReportManager] File Action [GetAbsolutePath] successfully performed. With the following test data [Relative Folder Path: "target/downloadedFiles/"]. @30-10-2021 19:12:56.0585 PM
[ReportManager] Attempting to run remotely on: [Linux-64], [GoogleChrome], [http://localhost:4444/wd/hub], Headless Execution. @30-10-2021 19:12:56.0586 PM
[ReportManager] Successfully Opened [GoogleChrome]. @30-10-2021 19:13:00.0272 PM
[ReportManager] Target URL: [https://duckduckgo.com] @30-10-2021 19:13:00.0272 PM
[ReportManager] Initial URL: [data:,] @30-10-2021 19:13:00.0337 PM
[ReportManager] Browser Action [NavigateToURL] successfully performed. With the following test data [https://duckduckgo.com]. @30-10-2021 19:13:00.0943 P

################################################################################################################################################
Starting Execution:	[52 out of 143] test cases in the current suite
Test Method:		[unitTests.tests_browserActions.getPageSource]
################################################################################################################################################
[ReportManager] Browser Action [GetPageSource] successfully performed. @30-10-2021 19:13:01.0013 PM
[ReportManager] Successfully created attachment [Browser Action Test Data - GetPageSource - Actual Value] @30-10-2021 19:13:01.0013 P
[ReportManager] Target URL: [https://duckduckgo.com] @30-10-2021 19:13:01.0015 PM
[ReportManager] Initial URL: [https://duckduckgo.com] @30-10-2021 19:13:01.0059 PM
[ReportManager] Browser Action [NavigateToURL] successfully performed. With the following test data [https://duckduckgo.com]. @30-10-2021 19:13:01.0395 PM
[ReportManager] Browser Action [CloseCurrentWindow] successfully performed. @30-10-2021 19:13:01.0522 PM
[ReportManager] Successfully created attachment [Browser Action Test Data - CloseCurrentWindow - Actual Value] @30-10-2021 19:13:01.0522 P
[ReportManager] File Action [GetAbsolutePath] successfully performed. With the following test data [Relative Folder Path: "target/downloadedFiles/"]. @30-10-2021 19:13:01.0525 PM
[ReportManager] Attempting to run remotely on: [Linux-64], [GoogleChrome], [http://localhost:4444/wd/hub], Headless Execution. @30-10-2021 19:13:01.0525 PM
[ReportManager] Successfully Opened [GoogleChrome]. @30-10-2021 19:13:05.0272 PM
[ReportManager] Target URL: [https://duckduckgo.com] @30-10-2021 19:13:05.0273 PM
[ReportManager] Initial URL: [data:,] @30-10-2021 19:13:05.0388 PM
[ReportManager] Browser Action [NavigateToURL] successfully performed. With the following test data [https://duckduckgo.com]. @30-10-2021 19:13:06.0049 P

################################################################################################################################################
Starting Execution:	[53 out of 143] test cases in the current suite
Test Method:		[unitTests.tests_browserActions.getWindowHandle]
################################################################################################################################################
[ReportManager] Browser Action [GetWindowHandle] successfully performed. With the following test data [CDwindow-64819B464FEF3AC39A98DCC4FD74B8F7]. @30-10-2021 19:13:06.0127 P
[ReportManager] Target URL: [https://duckduckgo.com] @30-10-2021 19:13:06.0131 PM
[ReportManager] Initial URL: [https://duckduckgo.com] @30-10-2021 19:13:06.0222 PM
[ReportManager] Browser Action [NavigateToURL] successfully performed. With the following test data [https://duckduckgo.com]. @30-10-2021 19:13:06.0626 PM
[ReportManager] Browser Action [CloseCurrentWindow] successfully performed. @30-10-2021 19:13:06.0755 PM
[ReportManager] Successfully created attachment [Browser Action Test Data - CloseCurrentWindow - Actual Value] @30-10-2021 19:13:06.0755 P
[ReportManager] File Action [GetAbsolutePath] successfully performed. With the following test data [Relative Folder Path: "target/downloadedFiles/"]. @30-10-2021 19:13:06.0757 PM
[ReportManager] Attempting to run remotely on: [Linux-64], [GoogleChrome], [http://localhost:4444/wd/hub], Headless Execution. @30-10-2021 19:13:06.0758 PM
[ReportManager] Successfully Opened [GoogleChrome]. @30-10-2021 19:13:10.0273 PM
[ReportManager] Target URL: [https://duckduckgo.com] @30-10-2021 19:13:10.0273 PM
[ReportManager] Initial URL: [data:,] @30-10-2021 19:13:10.0362 PM
[ReportManager] Browser Action [NavigateToURL] successfully performed. With the following test data [https://duckduckgo.com]. @30-10-2021 19:13:11.0075 P

################################################################################################################################################
Starting Execution:	[54 out of 143] test cases in the current suite
Test Method:		[unitTests.tests_browserActions.getWindowPosition]
################################################################################################################################################
[ReportManager] Browser Action [GetWindowPosition] successfully performed. With the following test data [(0, 0)]. @30-10-2021 19:13:11.0119 P
[ReportManager] Target URL: [https://duckduckgo.com] @30-10-2021 19:13:11.0122 PM
[ReportManager] Initial URL: [https://duckduckgo.com] @30-10-2021 19:13:11.0176 PM
[ReportManager] Browser Action [NavigateToURL] successfully performed. With the following test data [https://duckduckgo.com]. @30-10-2021 19:13:11.0534 PM
[ReportManager] Browser Action [CloseCurrentWindow] successfully performed. @30-10-2021 19:13:11.0676 PM
[ReportManager] Successfully created attachment [Browser Action Test Data - CloseCurrentWindow - Actual Value] @30-10-2021 19:13:11.0676 P
[ReportManager] File Action [GetAbsolutePath] successfully performed. With the following test data [Relative Folder Path: "target/downloadedFiles/"]. @30-10-2021 19:13:11.0687 PM
[ReportManager] Attempting to run remotely on: [Linux-64], [GoogleChrome], [http://localhost:4444/wd/hub], Headless Execution. @30-10-2021 19:13:11.0687 PM
[ReportManager] Successfully Opened [GoogleChrome]. @30-10-2021 19:13:15.0267 PM
[ReportManager] Target URL: [https://duckduckgo.com] @30-10-2021 19:13:15.0267 PM
[ReportManager] Initial URL: [data:,] @30-10-2021 19:13:15.0350 PM
[ReportManager] Browser Action [NavigateToURL] successfully performed. With the following test data [https://duckduckgo.com]. @30-10-2021 19:13:15.0994 P

################################################################################################################################################
Starting Execution:	[55 out of 143] test cases in the current suite
Test Method:		[unitTests.tests_browserActions.getWindowSize]
################################################################################################################################################
[ReportManager] Browser Action [GetWindowSize] successfully performed. With the following test data [(1920, 1080)]. @30-10-2021 19:13:16.0052 P
[ReportManager] Target URL: [https://duckduckgo.com] @30-10-2021 19:13:16.0054 PM
[ReportManager] Initial URL: [https://duckduckgo.com] @30-10-2021 19:13:16.0124 PM
[ReportManager] Browser Action [NavigateToURL] successfully performed. With the following test data [https://duckduckgo.com]. @30-10-2021 19:13:16.0504 PM
[ReportManager] Browser Action [CloseCurrentWindow] successfully performed. @30-10-2021 19:13:16.0645 PM
[ReportManager] Successfully created attachment [Browser Action Test Data - CloseCurrentWindow - Actual Value] @30-10-2021 19:13:16.0646 P
[ReportManager] File Action [GetAbsolutePath] successfully performed. With the following test data [Relative Folder Path: "target/downloadedFiles/"]. @30-10-2021 19:13:16.0648 PM
[ReportManager] Attempting to run remotely on: [Linux-64], [GoogleChrome], [http://localhost:4444/wd/hub], Headless Execution. @30-10-2021 19:13:16.0649 PM
[ReportManager] Successfully Opened [GoogleChrome]. @30-10-2021 19:13:20.0279 PM
[ReportManager] Target URL: [https://duckduckgo.com] @30-10-2021 19:13:20.0279 PM
[ReportManager] Initial URL: [data:,] @30-10-2021 19:13:20.0349 PM
[ReportManager] Browser Action [NavigateToURL] successfully performed. With the following test data [https://duckduckgo.com]. @30-10-2021 19:13:20.0996 P

################################################################################################################################################
Starting Execution:	[56 out of 143] test cases in the current suite
Test Method:		[unitTests.tests_browserActions.maximizeWindow]
################################################################################################################################################
[ReportManager] Initial window size: (1920, 1080) @30-10-2021 19:13:21.0007 PM
[ReportManager] Window size after Toolkit: (1920, 1080) @30-10-2021 19:13:21.0243 PM
[ReportManager] Browser Action [MaximizeWindow] successfully performed. With the following test data [New screen size is now: (1920, 1080)]. @30-10-2021 19:13:21.0248 P
[ReportManager] Target URL: [https://duckduckgo.com] @30-10-2021 19:13:21.0269 PM
[ReportManager] Initial URL: [https://duckduckgo.com] @30-10-2021 19:13:21.0352 PM
[ReportManager] Browser Action [NavigateToURL] successfully performed. With the following test data [https://duckduckgo.com]. @30-10-2021 19:13:21.0677 PM
[ReportManager] Browser Action [CloseCurrentWindow] successfully performed. @30-10-2021 19:13:21.0808 PM
[ReportManager] Successfully created attachment [Browser Action Test Data - CloseCurrentWindow - Actual Value] @30-10-2021 19:13:21.0809 P
[ReportManager] File Action [GetAbsolutePath] successfully performed. With the following test data [Relative Folder Path: "target/downloadedFiles/"]. @30-10-2021 19:13:21.0811 PM
[ReportManager] Attempting to run remotely on: [Linux-64], [GoogleChrome], [http://localhost:4444/wd/hub], Headless Execution. @30-10-2021 19:13:21.0811 PM
[ReportManager] Successfully Opened [GoogleChrome]. @30-10-2021 19:13:25.0288 PM
[ReportManager] Target URL: [https://duckduckgo.com] @30-10-2021 19:13:25.0288 PM
[ReportManager] Initial URL: [data:,] @30-10-2021 19:13:25.0363 PM
[ReportManager] Browser Action [NavigateToURL] successfully performed. With the following test data [https://duckduckgo.com]. @30-10-2021 19:13:26.0015 P

################################################################################################################################################
Starting Execution:	[57 out of 143] test cases in the current suite
Test Method:		[unitTests.tests_browserActions.navigateBack]
################################################################################################################################################
[ReportManager] Target URL: [https://www.google.com/ncr], and after redirection: [https://www.google.com] @30-10-2021 19:13:26.0018 PM
[ReportManager] Initial URL: [https://duckduckgo.com] @30-10-2021 19:13:26.0098 PM
[ReportManager] Browser Action [NavigateToURL] successfully performed. With the following test data [https://www.google.com/ncr]. @30-10-2021 19:13:26.0781 PM
[ReportManager] Browser Action [NavigateBack] successfully performed. With the following test data [https://duckduckgo.com/]. @30-10-2021 19:13:27.0172 PM
[ReportManager] Browser Action [GetCurrentURL] successfully performed. With the following test data [https://duckduckgo.com/]. @30-10-2021 19:13:27.0295 PM
[ReportManager] Assertion Passed: Confirming that navigating back was successful @30-10-2021 19:13:27.0646 PM
[ReportManager] Successfully created attachment [Screenshot - 1635621207482_navigateBack_ValidateBrowserAttribute_passed] @30-10-2021 19:13:27.0647 PM
[ReportManager] Assertion [ValidateBrowserAttribute] PASSED. Expected [Value Should be 'https://duckduckgo.com' for the 'CurrentUrl' attribute] and Actual [https://duckduckgo.com/]. Comparison Type [CONTAINS]. Validation Type [POSITIVE]. @30-10-2021 19:13:27.0647 P
[ReportManager] Target URL: [https://duckduckgo.com] @30-10-2021 19:13:27.0650 PM
[ReportManager] Initial URL: [https://duckduckgo.com] @30-10-2021 19:13:27.0719 PM
[ReportManager] Browser Action [NavigateToURL] successfully performed. With the following test data [https://duckduckgo.com]. @30-10-2021 19:13:28.0033 PM
[ReportManager] Browser Action [CloseCurrentWindow] successfully performed. @30-10-2021 19:13:28.0144 PM
[ReportManager] Successfully created attachment [Browser Action Test Data - CloseCurrentWindow - Actual Value] @30-10-2021 19:13:28.0145 P
[ReportManager] File Action [GetAbsolutePath] successfully performed. With the following test data [Relative Folder Path: "target/downloadedFiles/"]. @30-10-2021 19:13:28.0147 PM
[ReportManager] Attempting to run remotely on: [Linux-64], [GoogleChrome], [http://localhost:4444/wd/hub], Headless Execution. @30-10-2021 19:13:28.0148 PM
[ReportManager] Successfully Opened [GoogleChrome]. @30-10-2021 19:13:30.0301 PM
[ReportManager] Target URL: [https://duckduckgo.com] @30-10-2021 19:13:30.0301 PM
[ReportManager] Initial URL: [data:,] @30-10-2021 19:13:30.0355 PM
[ReportManager] Browser Action [NavigateToURL] successfully performed. With the following test data [https://duckduckgo.com]. @30-10-2021 19:13:30.0961 P

################################################################################################################################################
Starting Execution:	[58 out of 143] test cases in the current suite
Test Method:		[unitTests.tests_browserActions.navigateForward]
################################################################################################################################################
[ReportManager] Target URL: [https://www.google.com/ncr], and after redirection: [https://www.google.com] @30-10-2021 19:13:30.0964 PM
[ReportManager] Initial URL: [https://duckduckgo.com] @30-10-2021 19:13:31.0051 PM
[ReportManager] Browser Action [NavigateToURL] successfully performed. With the following test data [https://www.google.com/ncr]. @30-10-2021 19:13:31.0713 PM
[ReportManager] Browser Action [NavigateBack] successfully performed. With the following test data [https://duckduckgo.com/]. @30-10-2021 19:13:32.0067 PM
[ReportManager] Browser Action [NavigateForward] successfully performed. With the following test data [https://www.google.com/]. @30-10-2021 19:13:32.0468 P
[ReportManager] Target URL: [https://duckduckgo.com] @30-10-2021 19:13:32.0478 PM
[ReportManager] Initial URL: [https://www.google.com] @30-10-2021 19:13:32.0580 PM
[ReportManager] Browser Action [NavigateToURL] successfully performed. With the following test data [https://duckduckgo.com]. @30-10-2021 19:13:33.0051 PM
[ReportManager] Browser Action [CloseCurrentWindow] successfully performed. @30-10-2021 19:13:33.0187 PM
[ReportManager] Successfully created attachment [Browser Action Test Data - CloseCurrentWindow - Actual Value] @30-10-2021 19:13:33.0188 P
[ReportManager] File Action [GetAbsolutePath] successfully performed. With the following test data [Relative Folder Path: "target/downloadedFiles/"]. @30-10-2021 19:13:33.0190 PM
[ReportManager] Attempting to run remotely on: [Linux-64], [GoogleChrome], [http://localhost:4444/wd/hub], Headless Execution. @30-10-2021 19:13:33.0190 PM
[ReportManager] Successfully Opened [GoogleChrome]. @30-10-2021 19:13:35.0273 PM
[ReportManager] Target URL: [https://duckduckgo.com] @30-10-2021 19:13:35.0273 PM
[ReportManager] Initial URL: [data:,] @30-10-2021 19:13:35.0308 PM
[ReportManager] Browser Action [NavigateToURL] successfully performed. With the following test data [https://duckduckgo.com]. @30-10-2021 19:13:35.0915 P

################################################################################################################################################
Starting Execution:	[59 out of 143] test cases in the current suite
Test Method:		[unitTests.tests_browserActions.navigateToURL]
################################################################################################################################################
[ReportManager] Target URL: [https://duckduckgo.com] @30-10-2021 19:13:35.0921 PM
[ReportManager] Initial URL: [https://duckduckgo.com] @30-10-2021 19:13:36.0001 PM
[ReportManager] Browser Action [NavigateToURL] successfully performed. With the following test data [https://duckduckgo.com]. @30-10-2021 19:13:36.0359 P
[ReportManager] Target URL: [https://duckduckgo.com] @30-10-2021 19:13:36.0362 PM
[ReportManager] Initial URL: [https://duckduckgo.com] @30-10-2021 19:13:36.0423 PM
[ReportManager] Browser Action [NavigateToURL] successfully performed. With the following test data [https://duckduckgo.com]. @30-10-2021 19:13:36.0715 PM
[ReportManager] Browser Action [CloseCurrentWindow] successfully performed. @30-10-2021 19:13:36.0855 PM
[ReportManager] Successfully created attachment [Browser Action Test Data - CloseCurrentWindow - Actual Value] @30-10-2021 19:13:36.0855 P
[ReportManager] File Action [GetAbsolutePath] successfully performed. With the following test data [Relative Folder Path: "target/downloadedFiles/"]. @30-10-2021 19:13:36.0857 PM
[ReportManager] Attempting to run remotely on: [Linux-64], [GoogleChrome], [http://localhost:4444/wd/hub], Headless Execution. @30-10-2021 19:13:36.0857 PM
[ReportManager] Successfully Opened [GoogleChrome]. @30-10-2021 19:13:40.0269 PM
[ReportManager] Target URL: [https://duckduckgo.com] @30-10-2021 19:13:40.0270 PM
[ReportManager] Initial URL: [data:,] @30-10-2021 19:13:40.0313 PM
[ReportManager] Browser Action [NavigateToURL] successfully performed. With the following test data [https://duckduckgo.com]. @30-10-2021 19:13:40.0987 P

################################################################################################################################################
Starting Execution:	[60 out of 143] test cases in the current suite
Test Method:		[unitTests.tests_browserActions.navigateToURLWithRedirection]
################################################################################################################################################
[ReportManager] Target URL: [https://www.google.com/ncr], and after redirection: [https://www.google.com] @30-10-2021 19:13:40.0995 PM
[ReportManager] Initial URL: [https://duckduckgo.com] @30-10-2021 19:13:41.0067 PM
[ReportManager] Browser Action [NavigateToURL] successfully performed. With the following test data [https://www.google.com/ncr]. @30-10-2021 19:13:42.0308 P
[ReportManager] Target URL: [https://duckduckgo.com] @30-10-2021 19:13:42.0311 PM
[ReportManager] Initial URL: [https://www.google.com] @30-10-2021 19:13:42.0395 PM
[ReportManager] Browser Action [NavigateToURL] successfully performed. With the following test data [https://duckduckgo.com]. @30-10-2021 19:13:42.0870 PM
[ReportManager] Browser Action [CloseCurrentWindow] successfully performed. @30-10-2021 19:13:42.0991 PM
[ReportManager] Successfully created attachment [Browser Action Test Data - CloseCurrentWindow - Actual Value] @30-10-2021 19:13:42.0991 P
[ReportManager] File Action [GetAbsolutePath] successfully performed. With the following test data [Relative Folder Path: "target/downloadedFiles/"]. @30-10-2021 19:13:42.0995 PM
[ReportManager] Attempting to run remotely on: [Linux-64], [GoogleChrome], [http://localhost:4444/wd/hub], Headless Execution. @30-10-2021 19:13:42.0995 PM
[ReportManager] Successfully Opened [GoogleChrome]. @30-10-2021 19:13:45.0272 PM
[ReportManager] Target URL: [https://duckduckgo.com] @30-10-2021 19:13:45.0272 PM
[ReportManager] Initial URL: [data:,] @30-10-2021 19:13:45.0316 PM
[ReportManager] Browser Action [NavigateToURL] successfully performed. With the following test data [https://duckduckgo.com]. @30-10-2021 19:13:45.0957 P

################################################################################################################################################
Starting Execution:	[61 out of 143] test cases in the current suite
Test Method:		[unitTests.tests_browserActions.refreshCurrentPage]
################################################################################################################################################
[ReportManager] Browser Action [RefreshCurrentPage] successfully performed. @30-10-2021 19:13:46.0237 PM
[ReportManager] Successfully created attachment [Browser Action Test Data - RefreshCurrentPage - Actual Value] @30-10-2021 19:13:46.0237 P
[ReportManager] Target URL: [https://duckduckgo.com] @30-10-2021 19:13:46.0241 PM
[ReportManager] Initial URL: [https://duckduckgo.com] @30-10-2021 19:13:46.0345 PM
[ReportManager] Browser Action [NavigateToURL] successfully performed. With the following test data [https://duckduckgo.com]. @30-10-2021 19:13:46.0660 PM
[ReportManager] Browser Action [CloseCurrentWindow] successfully performed. @30-10-2021 19:13:46.0778 PM
[ReportManager] Successfully created attachment [Browser Action Test Data - CloseCurrentWindow - Actual Value] @30-10-2021 19:13:46.0779 P
[ReportManager] File Action [GetAbsolutePath] successfully performed. With the following test data [Relative Folder Path: "target/downloadedFiles/"]. @30-10-2021 19:13:46.0791 PM
[ReportManager] Attempting to run remotely on: [Linux-64], [GoogleChrome], [http://localhost:4444/wd/hub], Headless Execution. @30-10-2021 19:13:46.0792 PM
[ReportManager] Successfully Opened [GoogleChrome]. @30-10-2021 19:13:50.0274 PM
[ReportManager] Target URL: [https://duckduckgo.com] @30-10-2021 19:13:50.0275 PM
[ReportManager] Initial URL: [data:,] @30-10-2021 19:13:50.0317 PM
[ReportManager] Browser Action [NavigateToURL] successfully performed. With the following test data [https://duckduckgo.com]. @30-10-2021 19:13:50.0900 P

################################################################################################################################################
Starting Execution:	[62 out of 143] test cases in the current suite
Test Method:		[unitTests.tests_browserActions.setWindowSize]
################################################################################################################################################
[ReportManager] Initial window size: (1920, 1080) @30-10-2021 19:13:50.0911 PM
[ReportManager] Window size after SWD: (1280, 720) @30-10-2021 19:13:51.0139 PM
[ReportManager] Browser Action [SetWindowSize] successfully performed. With the following test data [New screen size is now: (1280, 720)]. @30-10-2021 19:13:51.0140 P
[ReportManager] Target URL: [https://duckduckgo.com] @30-10-2021 19:13:51.0143 PM
[ReportManager] Initial URL: [https://duckduckgo.com] @30-10-2021 19:13:51.0224 PM
[ReportManager] Browser Action [NavigateToURL] successfully performed. With the following test data [https://duckduckgo.com]. @30-10-2021 19:13:51.0522 PM
[ReportManager] Browser Action [CloseCurrentWindow] successfully performed. @30-10-2021 19:13:51.0638 PM
[ReportManager] Successfully created attachment [Browser Action Test Data - CloseCurrentWindow - Actual Value] @30-10-2021 19:13:51.0639 P
[ReportManager] File Action [GetAbsolutePath] successfully performed. With the following test data [Relative Folder Path: "target/downloadedFiles/"]. @30-10-2021 19:13:51.0641 PM
[ReportManager] Attempting to run remotely on: [Linux-64], [GoogleChrome], [http://localhost:4444/wd/hub], Headless Execution. @30-10-2021 19:13:51.0641 PM
[ReportManager] Successfully Opened [GoogleChrome]. @30-10-2021 19:13:55.0265 P

################################################################################################################################################
Starting Execution:	[63 out of 143] test cases in the current suite
Test Method:		[unitTests.tests_element_elementActions.waitForElementToBePresent_false_expectedToFail]
################################################################################################################################################
[ReportManager] Target URL: [https://www.google.com/ncr], and after redirection: [www.google.com] @30-10-2021 19:13:55.0272 PM
[ReportManager] Initial URL: [data:,] @30-10-2021 19:13:55.0320 PM
[ReportManager] Browser Action [NavigateToURL] successfully performed. With the following test data [https://www.google.com/ncr]. @30-10-2021 19:13:56.0010 PM
[ReportManager] Waiting for element to be present; elementLocator [By.xpath: //*[@id='hplogo' or @alt='Google']], numberOfTries[1], stateOfPresence[false]... @30-10-2021 19:13:56.0013 PM
[ReportManager] Element Action [WaitForElementToBePresent] failed. With the following test data [waited for the element's state of presence to be (false). Element locator (By.xpath: //*[@id='hplogo' or @alt='Google'])]. @30-10-2021 19:13:56.0365 PM
[ReportManager] Successfully created attachment [Screenshot - 1635621236210_waitForElementToBePresent_false_expectedToFail_WaitForElementToBePresent_failed] @30-10-2021 19:13:56.0366 P
[ReportManager] Browser Action [CloseCurrentWindow] successfully performed. @30-10-2021 19:13:56.0520 PM
[ReportManager] Successfully created attachment [Browser Action Test Data - CloseCurrentWindow - Actual Value] @30-10-2021 19:13:56.0522 P
[ReportManager] File Action [GetAbsolutePath] successfully performed. With the following test data [Relative Folder Path: "target/downloadedFiles/"]. @30-10-2021 19:13:56.0524 PM
[ReportManager] Attempting to run remotely on: [Linux-64], [GoogleChrome], [http://localhost:4444/wd/hub], Headless Execution. @30-10-2021 19:13:56.0524 PM
[ReportManager] Successfully Opened [GoogleChrome]. @30-10-2021 19:14:00.0303 P

################################################################################################################################################
Starting Execution:	[64 out of 143] test cases in the current suite
Test Method:		[unitTests.tests_element_elementActions.waitForElementToBePresent_false_expectedToPass]
################################################################################################################################################
[ReportManager] Target URL: [https://www.google.com/ncr], and after redirection: [www.google.com] @30-10-2021 19:14:00.0307 PM
[ReportManager] Initial URL: [data:,] @30-10-2021 19:14:00.0346 PM
[ReportManager] Browser Action [NavigateToURL] successfully performed. With the following test data [https://www.google.com/ncr]. @30-10-2021 19:14:01.0071 PM
[ReportManager] Waiting for element to be present; elementLocator [By.id: bla], numberOfTries[1], stateOfPresence[false]... @30-10-2021 19:14:01.0071 PM
[ReportManager] Element Action [WaitForElementToBePresent] successfully performed. With the following test data [waited for the element's state of presence to be (false). Element locator (By.id: bla)]. @30-10-2021 19:14:06.0214 P
[ReportManager] Browser Action [CloseCurrentWindow] successfully performed. @30-10-2021 19:14:06.0339 PM
[ReportManager] Successfully created attachment [Browser Action Test Data - CloseCurrentWindow - Actual Value] @30-10-2021 19:14:06.0340 P
[ReportManager] File Action [GetAbsolutePath] successfully performed. With the following test data [Relative Folder Path: "target/downloadedFiles/"]. @30-10-2021 19:14:06.0343 PM
[ReportManager] Attempting to run remotely on: [Linux-64], [GoogleChrome], [http://localhost:4444/wd/hub], Headless Execution. @30-10-2021 19:14:06.0343 PM
[ReportManager] Successfully Opened [GoogleChrome]. @30-10-2021 19:14:10.0266 P

################################################################################################################################################
Starting Execution:	[65 out of 143] test cases in the current suite
Test Method:		[unitTests.tests_element_elementActions.waitForElementToBePresent_moreThanOneElement_expectedToFail]
################################################################################################################################################
[ReportManager] Target URL: [https://www.google.com/ncr], and after redirection: [www.google.com] @30-10-2021 19:14:10.0269 PM
[ReportManager] Initial URL: [data:,] @30-10-2021 19:14:10.0305 PM
[ReportManager] Browser Action [NavigateToURL] successfully performed. With the following test data [https://www.google.com/ncr]. @30-10-2021 19:14:11.0041 PM
[ReportManager] Waiting for element to be present; elementLocator [By.xpath: //*], numberOfTries[1], stateOfPresence[false]... @30-10-2021 19:14:11.0042 PM
[ReportManager] Element Action [WaitForElementToBePresent] failed. With the following test data [waited for the element's state of presence to be (false). Element locator (By.xpath: //*)]. @30-10-2021 19:14:11.0476 PM
[ReportManager] Successfully created attachment [Screenshot - 1635621251323_waitForElementToBePresent_moreThanOneElement_expectedToFail_WaitForElementToBePresent_failed] @30-10-2021 19:14:11.0477 P
[ReportManager] Browser Action [CloseCurrentWindow] successfully performed. @30-10-2021 19:14:11.0596 PM
[ReportManager] Successfully created attachment [Browser Action Test Data - CloseCurrentWindow - Actual Value] @30-10-2021 19:14:11.0597 P
[ReportManager] File Action [GetAbsolutePath] successfully performed. With the following test data [Relative Folder Path: "target/downloadedFiles/"]. @30-10-2021 19:14:11.0599 PM
[ReportManager] Attempting to run remotely on: [Linux-64], [GoogleChrome], [http://localhost:4444/wd/hub], Headless Execution. @30-10-2021 19:14:11.0600 PM
[ReportManager] Successfully Opened [GoogleChrome]. @30-10-2021 19:14:15.0278 P

################################################################################################################################################
Starting Execution:	[66 out of 143] test cases in the current suite
Test Method:		[unitTests.tests_element_elementActions.waitForElementToBePresent_true_expectedToFail]
################################################################################################################################################
[ReportManager] Target URL: [https://www.google.com/ncr], and after redirection: [www.google.com] @30-10-2021 19:14:15.0280 PM
[ReportManager] Initial URL: [data:,] @30-10-2021 19:14:15.0373 PM
[ReportManager] Browser Action [NavigateToURL] successfully performed. With the following test data [https://www.google.com/ncr]. @30-10-2021 19:14:16.0029 PM
[ReportManager] Waiting for element to be present; elementLocator [By.id: bla], numberOfTries[1], stateOfPresence[true]... @30-10-2021 19:14:16.0030 PM
[ReportManager] Element Action [WaitForElementToBePresent] failed. With the following test data [waited for the element's state of presence to be (true). Element locator (By.id: bla)]. @30-10-2021 19:14:21.0462 PM
[ReportManager] Successfully created attachment [Screenshot - 1635621261311_waitForElementToBePresent_true_expectedToFail_WaitForElementToBePresent_failed] @30-10-2021 19:14:21.0463 P
[ReportManager] Browser Action [CloseCurrentWindow] successfully performed. @30-10-2021 19:14:21.0538 PM
[ReportManager] Successfully created attachment [Browser Action Test Data - CloseCurrentWindow - Actual Value] @30-10-2021 19:14:21.0539 P
[ReportManager] File Action [GetAbsolutePath] successfully performed. With the following test data [Relative Folder Path: "target/downloadedFiles/"]. @30-10-2021 19:14:21.0541 PM
[ReportManager] Attempting to run remotely on: [Linux-64], [GoogleChrome], [http://localhost:4444/wd/hub], Headless Execution. @30-10-2021 19:14:21.0542 PM
[ReportManager] Successfully Opened [GoogleChrome]. @30-10-2021 19:14:25.0283 P

################################################################################################################################################
Starting Execution:	[67 out of 143] test cases in the current suite
Test Method:		[unitTests.tests_element_elementActions.waitForElementToBePresent_true_expectedToPass]
################################################################################################################################################
[ReportManager] Target URL: [https://www.google.com/ncr], and after redirection: [www.google.com] @30-10-2021 19:14:25.0289 PM
[ReportManager] Initial URL: [data:,] @30-10-2021 19:14:25.0363 PM
[ReportManager] Browser Action [NavigateToURL] successfully performed. With the following test data [https://www.google.com/ncr]. @30-10-2021 19:14:26.0088 PM
[ReportManager] Waiting for element to be present; elementLocator [By.xpath: //*[@id='hplogo' or @alt='Google']], numberOfTries[1], stateOfPresence[true]... @30-10-2021 19:14:26.0089 PM
[ReportManager] Element Action [WaitForElementToBePresent] successfully performed. With the following test data [waited for the element's state of presence to be (true). Element locator (By.xpath: //*[@id='hplogo' or @alt='Google'])]. @30-10-2021 19:14:26.0139 PM
[ReportManager] File Action [DoesFileExist] successfully performed. With the following test data [File Path: "src/test/resources/DynamicObjectRepository/unitTests_tests_element_elementActions_waitForElementToBePresent_true_expectedToPass_By_xpath_id_hplogo_or_alt_Google.png"]. @30-10-2021 19:14:26.0142 PM
[ReportManager] File Action [DoesFileExist] successfully performed. With the following test data [File Path: "src/test/resources/DynamicObjectRepository/unitTests_tests_element_elementActions_waitForElementToBePresent_true_expectedToPass_By_xpath_id_hplogo_or_alt_Google.png"]. @30-10-2021 19:14:26.0304 PM
[ReportManager] Passing the test and saving a reference image @30-10-2021 19:14:26.0304 PM
[ReportManager] File Action [GetAbsolutePath] successfully performed. With the following test data [Relative File Path: "src/test/resources/DynamicObjectRepository/unitTests_tests_element_elementActions_waitForElementToBePresent_true_expectedToPass_By_xpath_id_hplogo_or_alt_Google.png"]. @30-10-2021 19:14:26.0304 PM
[ReportManager] File Action [WriteToFile] successfully performed. With the following test data [Target File Path: "/home/runner/work/SHAFT_ENGINE/SHAFT_ENGINE/src/test/resources/DynamicObjectRepository/unitTests_tests_element_elementActions_waitForElementToBePresent_true_expectedToPass_By_xpath_id_hplogo_or_alt_Google.png"]. @30-10-2021 19:14:26.0305 PM
[ReportManager] Assertion Passed: Using Visual AI; OpenCV @30-10-2021 19:14:26.0305 PM
[ReportManager] Successfully created attachment [Validation Test Data - Actual Screenshot] @30-10-2021 19:14:26.0306 PM
[ReportManager] Assertion [ValidateElementMatches] PASSED. Expected [Element should match the reference screenshot] and Actual [TRUE]. Comparison Type [EXACT_OPENCV]. Validation Type [POSITIVE]. @30-10-2021 19:14:26.0306 P
[ReportManager] Browser Action [CloseCurrentWindow] successfully performed. @30-10-2021 19:14:26.0427 PM
[ReportManager] Successfully created attachment [Browser Action Test Data - CloseCurrentWindow - Actual Value] @30-10-2021 19:14:26.0428 P
[ReportManager] Successfully loaded the following test data file [src/test/resources/TestDataFiles/testSuite01/TestData.xlsx]. @30-10-2021 19:14:27.0278 PM
[ReportManager] Successfully created attachment [Test Data - Excel] @30-10-2021 19:14:27.0279 P

################################################################################################################################################
Starting Execution:	[68 out of 143] test cases in the current suite
Test Method:		[unitTests.tests_io_excelFileManager.getCellData_rowName_expectedToPass]
################################################################################################################################################
[ReportManager] testRowData. @30-10-2021 19:14:27.0297 P

################################################################################################################################################
Starting Execution:	[69 out of 143] test cases in the current suite
Test Method:		[testPackage01.Test_testData.f]
################################################################################################################################################
[ReportManager] Successfully loaded the following test data file [src/test/resources/TestDataFiles/testSuite01/TestData.xlsx]. @30-10-2021 19:14:27.0339 PM
[ReportManager] Successfully created attachment [Test Data - Excel] @30-10-2021 19:14:27.0339 PM
[ReportManager] Last Column Number is: [3]. Zero-based. @30-10-2021 19:14:27.0340 P

################################################################################################################################################
Starting Execution:	[70 out of 143] test cases in the current suite
Test Method:		[testPackage01.Test_SkipDueToIssue.doNotSkip]
################################################################################################################################################
[ReportManager] This should not be skipped. @30-10-2021 19:14:27.0344 P

################################################################################################################################################
Starting Execution:	[71 out of 143] test cases in the current suite
Test Method:		[testPackage01.Test_SkipDueToIssue.skip]
################################################################################################################################################
[ReportManager] This should be skipped. @30-10-2021 19:14:27.0350 P

################################################################################################################################################
Starting Execution:	[72 out of 143] test cases in the current suite
Test Method:		[testPackage01.Test_SkipDueToIssue.skip2]
################################################################################################################################################
[ReportManager] This should be skipped. @30-10-2021 19:14:27.0355 P

################################################################################################################################################
Starting Execution:	[73 out of 143] test cases in the current suite
Test Method:		[testPackage01.Test_chainableElementActions.chainElementActions]
################################################################################################################################################
[ReportManager] File Action [GetAbsolutePath] successfully performed. With the following test data [Relative Folder Path: "target/downloadedFiles/"]. @30-10-2021 19:14:27.0359 PM
[ReportManager] Attempting to run remotely on: [Linux-64], [GoogleChrome], [http://localhost:4444/wd/hub], Headless Execution. @30-10-2021 19:14:27.0359 PM
[ReportManager] Successfully Opened [GoogleChrome]. @30-10-2021 19:14:30.0268 PM
[ReportManager] Target URL: [https://www.google.com/ncr], and after redirection: [https://www.google.com] @30-10-2021 19:14:30.0268 PM
[ReportManager] Initial URL: [data:,] @30-10-2021 19:14:30.0339 PM
[ReportManager] Browser Action [NavigateToURL] successfully performed. With the following test data [https://www.google.com/ncr]. @30-10-2021 19:14:31.0010 PM
[ReportManager] Element Action [Type] successfully performed. With the following test data [chained type 1]. @30-10-2021 19:14:31.0425 PM
[ReportManager] Element Action [Type] successfully performed. With the following test data [chained type 2]. @30-10-2021 19:14:31.0822 PM
[ReportManager] Element Action [TypeAppend] successfully performed. With the following test data [345]. @30-10-2021 19:14:31.0906 PM
[ReportManager] Element Action [GetText] successfully performed. With the following test data [chained type 2345]. @30-10-2021 19:14:32.0076 PM
[ReportManager] Loaded Shared OpenCV @30-10-2021 19:14:32.0295 PM
[ReportManager] Assertion [ValidateElementAttribute] PASSED. Expected [Value Should be 'chained type 2345' for the 'text' attribute, element locator 'By.name: q'] and Actual [chained type 2345]. Comparison Type [EQUALS]. Validation Type [POSITIVE]. @30-10-2021 19:14:32.0480 PM
[ReportManager] Successfully created attachment [Screenshot - 1635621272295_chainElementActions_ValidateElementAttribute_passed] @30-10-2021 19:14:32.0481 PM
[ReportManager] Browser Action [CloseCurrentWindow] successfully performed. @30-10-2021 19:14:32.0599 PM
[ReportManager] Successfully created attachment [Browser Action Test Data - CloseCurrentWindow - Actual Value] @30-10-2021 19:14:32.0600 P

################################################################################################################################################
Starting Execution:	[74 out of 143] test cases in the current suite
Test Method:		[testPackage01.Test_NewValidationHelper.f1]
################################################################################################################################################
[ReportManager] Assertion Passed: Checking valid user data @30-10-2021 19:14:32.0610 PM
[ReportManager] Successfully created attachment [Validation Test Data - Expected Value] @30-10-2021 19:14:32.0610 PM
[ReportManager] Successfully created attachment [Validation Test Data - Actual Value] @30-10-2021 19:14:32.0610 PM
[ReportManager] Assertion [ValidateEquals] PASSED. Expected and Actual values are attached. Comparison Type [EQUALS]. Validation Type [POSITIVE]. @30-10-2021 19:14:32.0610 P
[ReportManager] File Action [GetAbsolutePath] successfully performed. With the following test data [Relative Folder Path: "target/downloadedFiles/"]. @30-10-2021 19:14:32.0613 PM
[ReportManager] Attempting to run remotely on: [Linux-64], [GoogleChrome], [http://localhost:4444/wd/hub], Headless Execution. @30-10-2021 19:14:32.0613 PM
[ReportManager] Successfully Opened [GoogleChrome]. @30-10-2021 19:14:35.0272 PM
[ReportManager] Target URL: [https://the-internet.herokuapp.com/] @30-10-2021 19:14:35.0273 PM
[ReportManager] Initial URL: [data:,] @30-10-2021 19:14:35.0353 PM
[ReportManager] Browser Action [NavigateToURL] successfully performed. With the following test data [https://the-internet.herokuapp.com/]. @30-10-2021 19:14:36.0074 P

################################################################################################################################################
Starting Execution:	[75 out of 143] test cases in the current suite
Test Method:		[testPackage01.Test_NewValidationHelper.f10]
################################################################################################################################################
[ReportManager] Assertion [ValidateElementExists] FAILED. Expected [Element Should Exist, locator 'By.tagName: div'] and Actual [Element Exists but is not unique]. Comparison Type [EQUALS]. Validation Type [POSITIVE]. @30-10-2021 19:14:36.0549 PM
[ReportManager] Successfully created attachment [Screenshot - 1635621276355_f10_ValidateElementExists_failed] @30-10-2021 19:14:36.0550 P
[ReportManager] Successfully Closed All Drivers. @30-10-2021 19:14:36.0636 P
[ReportManager] File Action [GetAbsolutePath] successfully performed. With the following test data [Relative Folder Path: "target/downloadedFiles/"]. @30-10-2021 19:14:36.0638 PM
[ReportManager] Attempting to run remotely on: [Linux-64], [GoogleChrome], [http://localhost:4444/wd/hub], Headless Execution. @30-10-2021 19:14:36.0638 PM
[ReportManager] Successfully Opened [GoogleChrome]. @30-10-2021 19:14:40.0275 PM
[ReportManager] Target URL: [https://the-internet.herokuapp.com/] @30-10-2021 19:14:40.0275 PM
[ReportManager] Initial URL: [data:,] @30-10-2021 19:14:40.0351 PM
[ReportManager] Browser Action [NavigateToURL] successfully performed. With the following test data [https://the-internet.herokuapp.com/]. @30-10-2021 19:14:41.0030 P

################################################################################################################################################
Starting Execution:	[76 out of 143] test cases in the current suite
Test Method:		[testPackage01.Test_NewValidationHelper.f11]
################################################################################################################################################
[ReportManager] Assertion Passed: Checking that false tag doesn't exist @30-10-2021 19:14:51.0612 PM
[ReportManager] Successfully created attachment [Screenshot - 1635621291446_f11_ValidateElementExists_passed] @30-10-2021 19:14:51.0613 PM
[ReportManager] Assertion [ValidateElementExists] PASSED. Expected [Element Should not Exist, locator 'By.tagName: h3'] and Actual [Element Doesn't Exists]. Comparison Type [EQUALS]. Validation Type [NEGATIVE]. @30-10-2021 19:14:51.0613 P
[ReportManager] Successfully Closed All Drivers. @30-10-2021 19:14:51.0701 P
[ReportManager] File Action [GetAbsolutePath] successfully performed. With the following test data [Relative Folder Path: "target/downloadedFiles/"]. @30-10-2021 19:14:51.0703 PM
[ReportManager] Attempting to run remotely on: [Linux-64], [GoogleChrome], [http://localhost:4444/wd/hub], Headless Execution. @30-10-2021 19:14:51.0704 PM
[ReportManager] Successfully Opened [GoogleChrome]. @30-10-2021 19:14:55.0285 PM
[ReportManager] Target URL: [https://the-internet.herokuapp.com/] @30-10-2021 19:14:55.0285 PM
[ReportManager] Initial URL: [data:,] @30-10-2021 19:14:55.0320 PM
[ReportManager] Browser Action [NavigateToURL] successfully performed. With the following test data [https://the-internet.herokuapp.com/]. @30-10-2021 19:14:56.0080 P

################################################################################################################################################
Starting Execution:	[77 out of 143] test cases in the current suite
Test Method:		[testPackage01.Test_NewValidationHelper.f12]
################################################################################################################################################
[ReportManager] Loaded Shared OpenCV @30-10-2021 19:14:56.0573 PM
[ReportManager] Assertion [ValidateElementExists] FAILED. Expected [Element Should not Exist, locator 'By.tagName: h1'] and Actual [Element Exists]. Comparison Type [EQUALS]. Validation Type [NEGATIVE]. @30-10-2021 19:14:56.0783 PM
[ReportManager] Successfully created attachment [Screenshot - 1635621296573_f12_ValidateElementExists_failed] @30-10-2021 19:14:56.0785 P
[ReportManager] Successfully Closed All Drivers. @30-10-2021 19:14:56.0872 P
[ReportManager] File Action [GetAbsolutePath] successfully performed. With the following test data [Relative Folder Path: "target/downloadedFiles/"]. @30-10-2021 19:14:56.0874 PM
[ReportManager] Attempting to run remotely on: [Linux-64], [GoogleChrome], [http://localhost:4444/wd/hub], Headless Execution. @30-10-2021 19:14:56.0875 PM
[ReportManager] Successfully Opened [GoogleChrome]. @30-10-2021 19:15:00.0278 PM
[ReportManager] Target URL: [https://the-internet.herokuapp.com/] @30-10-2021 19:15:00.0278 PM
[ReportManager] Initial URL: [data:,] @30-10-2021 19:15:00.0338 PM
[ReportManager] Browser Action [NavigateToURL] successfully performed. With the following test data [https://the-internet.herokuapp.com/]. @30-10-2021 19:15:01.0041 P

################################################################################################################################################
Starting Execution:	[78 out of 143] test cases in the current suite
Test Method:		[testPackage01.Test_NewValidationHelper.f13]
################################################################################################################################################
[ReportManager] Assertion [ValidateElementExists] FAILED. Expected [Element Should not Exist, locator 'By.tagName: div'] and Actual [Element Exists but is not unique]. Comparison Type [EQUALS]. Validation Type [NEGATIVE]. @30-10-2021 19:15:01.0515 PM
[ReportManager] Successfully created attachment [Screenshot - 1635621301339_f13_ValidateElementExists_failed] @30-10-2021 19:15:01.0516 P
[ReportManager] Successfully Closed All Drivers. @30-10-2021 19:15:01.0606 P
[ReportManager] File Action [GetAbsolutePath] successfully performed. With the following test data [Relative Folder Path: "target/downloadedFiles/"]. @30-10-2021 19:15:01.0608 PM
[ReportManager] Attempting to run remotely on: [Linux-64], [GoogleChrome], [http://localhost:4444/wd/hub], Headless Execution. @30-10-2021 19:15:01.0608 PM
[ReportManager] Successfully Opened [GoogleChrome]. @30-10-2021 19:15:05.0274 PM
[ReportManager] Target URL: [https://the-internet.herokuapp.com/] @30-10-2021 19:15:05.0274 PM
[ReportManager] Initial URL: [data:,] @30-10-2021 19:15:05.0333 PM
[ReportManager] Browser Action [NavigateToURL] successfully performed. With the following test data [https://the-internet.herokuapp.com/]. @30-10-2021 19:15:06.0115 P

################################################################################################################################################
Starting Execution:	[79 out of 143] test cases in the current suite
Test Method:		[testPackage01.Test_NewValidationHelper.f14]
################################################################################################################################################
[ReportManager] Element Action [GetText] successfully performed. With the following test data [Welcome to the-internet]. @30-10-2021 19:15:06.0239 PM
[ReportManager] Loaded Shared OpenCV @30-10-2021 19:15:06.0506 PM
[ReportManager] Assertion Passed: Asserting that the header text is correct @30-10-2021 19:15:06.0705 PM
[ReportManager] Successfully created attachment [Screenshot - 1635621306506_f14_ValidateElementAttribute_passed] @30-10-2021 19:15:06.0707 PM
[ReportManager] Assertion [ValidateElementAttribute] PASSED. Expected [Value Should be 'Welcome to the-internet' for the 'text' attribute, element locator 'By.tagName: h1'] and Actual [Welcome to the-internet]. Comparison Type [EQUALS]. Validation Type [POSITIVE]. @30-10-2021 19:15:06.0707 P
[ReportManager] Successfully Closed All Drivers. @30-10-2021 19:15:06.0793 P
[ReportManager] File Action [GetAbsolutePath] successfully performed. With the following test data [Relative Folder Path: "target/downloadedFiles/"]. @30-10-2021 19:15:06.0798 PM
[ReportManager] Attempting to run remotely on: [Linux-64], [GoogleChrome], [http://localhost:4444/wd/hub], Headless Execution. @30-10-2021 19:15:06.0798 PM
[ReportManager] Successfully Opened [GoogleChrome]. @30-10-2021 19:15:10.0281 PM
[ReportManager] Target URL: [https://the-internet.herokuapp.com/] @30-10-2021 19:15:10.0281 PM
[ReportManager] Initial URL: [data:,] @30-10-2021 19:15:10.0319 PM
[ReportManager] Browser Action [NavigateToURL] successfully performed. With the following test data [https://the-internet.herokuapp.com/]. @30-10-2021 19:15:11.0008 P

################################################################################################################################################
Starting Execution:	[80 out of 143] test cases in the current suite
Test Method:		[testPackage01.Test_NewValidationHelper.f15]
################################################################################################################################################
[ReportManager] Element Action [GetText] successfully performed. With the following test data [Welcome to the-internet]. @30-10-2021 19:15:11.0112 PM
[ReportManager] Loaded Shared OpenCV @30-10-2021 19:15:11.0355 PM
[ReportManager] Assertion [ValidateElementAttribute] FAILED. Expected [Value Should not be 'Welcome' for the 'text' attribute, element locator 'By.tagName: h1'] and Actual [Welcome to the-internet]. Comparison Type [CONTAINS]. Validation Type [NEGATIVE]. @30-10-2021 19:15:11.0568 PM
[ReportManager] Successfully created attachment [Screenshot - 1635621311355_f15_ValidateElementAttribute_failed] @30-10-2021 19:15:11.0570 P
[ReportManager] Successfully Closed All Drivers. @30-10-2021 19:15:11.0655 P
[ReportManager] File Action [GetAbsolutePath] successfully performed. With the following test data [Relative Folder Path: "target/downloadedFiles/"]. @30-10-2021 19:15:11.0657 PM
[ReportManager] Attempting to run remotely on: [Linux-64], [GoogleChrome], [http://localhost:4444/wd/hub], Headless Execution. @30-10-2021 19:15:11.0658 PM
[ReportManager] Successfully Opened [GoogleChrome]. @30-10-2021 19:15:15.0271 PM
[ReportManager] Target URL: [https://the-internet.herokuapp.com/] @30-10-2021 19:15:15.0271 PM
[ReportManager] Initial URL: [data:,] @30-10-2021 19:15:15.0322 PM
[ReportManager] Browser Action [NavigateToURL] successfully performed. With the following test data [https://the-internet.herokuapp.com/]. @30-10-2021 19:15:16.0105 P

################################################################################################################################################
Starting Execution:	[81 out of 143] test cases in the current suite
Test Method:		[testPackage01.Test_NewValidationHelper.f16]
################################################################################################################################################
[ReportManager] Element Action [IdentifyUniqueElement] failed. With the following test data [zero elements found matching this locator "By.tagName: h3".]. @30-10-2021 19:15:41.0863 PM
[ReportManager] Successfully created attachment [Screenshot - 1635621341687_f16_IdentifyUniqueElement_failed] @30-10-2021 19:15:41.0864 PM
[ReportManager] Assertion [ValidateElementAttribute] FAILED. Expected [Value Should not be 'Welcome' for the 'text' attribute, element locator 'By.tagName: h3'] and Actual [Failed to read the desired element attribute]. Comparison Type [CONTAINS]. Validation Type [NEGATIVE]. @30-10-2021 19:15:41.0865 P
[ReportManager] Successfully Closed All Drivers. @30-10-2021 19:15:41.0951 P
[ReportManager] File Action [GetAbsolutePath] successfully performed. With the following test data [Relative Folder Path: "target/downloadedFiles/"]. @30-10-2021 19:15:41.0953 PM
[ReportManager] Attempting to run remotely on: [Linux-64], [GoogleChrome], [http://localhost:4444/wd/hub], Headless Execution. @30-10-2021 19:15:41.0953 PM
[ReportManager] Successfully Opened [GoogleChrome]. @30-10-2021 19:15:45.0280 PM
[ReportManager] Target URL: [https://the-internet.herokuapp.com/] @30-10-2021 19:15:45.0280 PM
[ReportManager] Initial URL: [data:,] @30-10-2021 19:15:45.0333 PM
[ReportManager] Browser Action [NavigateToURL] successfully performed. With the following test data [https://the-internet.herokuapp.com/]. @30-10-2021 19:15:46.0089 P

################################################################################################################################################
Starting Execution:	[82 out of 143] test cases in the current suite
Test Method:		[testPackage01.Test_NewValidationHelper.f17]
################################################################################################################################################
[ReportManager] Attempting to getAttribute [text2] from elementLocator [By.tagName: h1]. @30-10-2021 19:15:46.0092 PM
[ReportManager] Element Action [GetAttribute] successfully performed. @30-10-2021 19:15:46.0272 PM
[ReportManager] Loaded Shared OpenCV @30-10-2021 19:15:46.0503 PM
[ReportManager] Assertion [ValidateElementAttribute] PASSED. Expected [Value Should not be 'Welcome' for the 'text2' attribute, element locator 'By.tagName: h1'] and Actual [null]. Comparison Type [CONTAINS]. Validation Type [NEGATIVE]. @30-10-2021 19:15:46.0706 PM
[ReportManager] Successfully created attachment [Screenshot - 1635621346503_f17_ValidateElementAttribute_passed] @30-10-2021 19:15:46.0708 P
[ReportManager] Successfully Closed All Drivers. @30-10-2021 19:15:46.0796 P
[ReportManager] File Action [GetAbsolutePath] successfully performed. With the following test data [Relative Folder Path: "target/downloadedFiles/"]. @30-10-2021 19:15:46.0800 PM
[ReportManager] Attempting to run remotely on: [Linux-64], [GoogleChrome], [http://localhost:4444/wd/hub], Headless Execution. @30-10-2021 19:15:46.0801 PM
[ReportManager] Successfully Opened [GoogleChrome]. @30-10-2021 19:15:50.0275 PM
[ReportManager] Target URL: [https://the-internet.herokuapp.com/] @30-10-2021 19:15:50.0275 PM
[ReportManager] Initial URL: [data:,] @30-10-2021 19:15:50.0335 PM
[ReportManager] Browser Action [NavigateToURL] successfully performed. With the following test data [https://the-internet.herokuapp.com/]. @30-10-2021 19:15:51.0098 P

################################################################################################################################################
Starting Execution:	[83 out of 143] test cases in the current suite
Test Method:		[testPackage01.Test_NewValidationHelper.f18]
################################################################################################################################################
[ReportManager] Element Action [GetText] successfully performed. With the following test data [Welcome to the-internet]. @30-10-2021 19:15:51.0196 PM
[ReportManager] Loaded Shared OpenCV @30-10-2021 19:15:51.0421 PM
[ReportManager] Assertion [ValidateElementAttribute] PASSED. Expected [Value Should not be 'no' for the 'text' attribute, element locator 'By.tagName: h1'] and Actual [Welcome to the-internet]. Comparison Type [CONTAINS]. Validation Type [NEGATIVE]. @30-10-2021 19:15:51.0632 PM
[ReportManager] Successfully created attachment [Screenshot - 1635621351421_f18_ValidateElementAttribute_passed] @30-10-2021 19:15:51.0634 P
[ReportManager] Successfully Closed All Drivers. @30-10-2021 19:15:51.0731 P

################################################################################################################################################
Starting Execution:	[84 out of 143] test cases in the current suite
Test Method:		[testPackage01.Test_NewValidationHelper.f2]
################################################################################################################################################
[ReportManager] Assertion Failed: Checking valid user data @30-10-2021 19:15:51.0735 PM
[ReportManager] Assertion [ValidateEquals] FAILED. Expected [1] and Actual [2]. Comparison Type [EQUALS]. Validation Type [POSITIVE]. @30-10-2021 19:15:51.0736 P
[ReportManager] File Action [GetAbsolutePath] successfully performed. With the following test data [Relative Folder Path: "target/downloadedFiles/"]. @30-10-2021 19:15:51.0739 PM
[ReportManager] Attempting to run remotely on: [Linux-64], [GoogleChrome], [http://localhost:4444/wd/hub], Headless Execution. @30-10-2021 19:15:51.0740 PM
[ReportManager] Successfully Opened [GoogleChrome]. @30-10-2021 19:15:55.0287 PM
[ReportManager] Target URL: [https://the-internet.herokuapp.com/] @30-10-2021 19:15:55.0287 PM
[ReportManager] Initial URL: [data:,] @30-10-2021 19:15:55.0355 PM
[ReportManager] Browser Action [NavigateToURL] successfully performed. With the following test data [https://the-internet.herokuapp.com/]. @30-10-2021 19:15:56.0086 P

################################################################################################################################################
Starting Execution:	[85 out of 143] test cases in the current suite
Test Method:		[testPackage01.Test_NewValidationHelper.f20]
################################################################################################################################################
[ReportManager] Element Action [GetSize] successfully performed. With the following test data [(970, 61)]. @30-10-2021 19:15:56.0168 PM
[ReportManager] Loaded Shared OpenCV @30-10-2021 19:15:56.0393 PM
[ReportManager] Assertion [ValidateElementAttribute] PASSED. Expected [Value Should not be 'a' for the 'size' attribute, element locator 'By.tagName: h1'] and Actual [(970, 61)]. Comparison Type [CONTAINS]. Validation Type [NEGATIVE]. @30-10-2021 19:15:56.0604 PM
[ReportManager] Successfully created attachment [Screenshot - 1635621356393_f20_ValidateElementAttribute_passed] @30-10-2021 19:15:56.0605 P
[ReportManager] Successfully Closed All Drivers. @30-10-2021 19:15:56.0702 P
[ReportManager] File Action [GetAbsolutePath] successfully performed. With the following test data [Relative Folder Path: "target/downloadedFiles/"]. @30-10-2021 19:15:56.0704 PM
[ReportManager] Attempting to run remotely on: [Linux-64], [GoogleChrome], [http://localhost:4444/wd/hub], Headless Execution. @30-10-2021 19:15:56.0705 PM
[ReportManager] Successfully Opened [GoogleChrome]. @30-10-2021 19:16:00.0281 PM
[ReportManager] Target URL: [https://the-internet.herokuapp.com/] @30-10-2021 19:16:00.0281 PM
[ReportManager] Initial URL: [data:,] @30-10-2021 19:16:00.0323 PM
[ReportManager] Browser Action [NavigateToURL] successfully performed. With the following test data [https://the-internet.herokuapp.com/]. @30-10-2021 19:16:01.0034 P

################################################################################################################################################
Starting Execution:	[86 out of 143] test cases in the current suite
Test Method:		[testPackage01.Test_NewValidationHelper.f21]
################################################################################################################################################
[ReportManager] Element Action [IdentifyUniqueElement] failed. With the following test data [zero elements found matching this locator "By.tagName: h3".]. @30-10-2021 19:16:26.0748 PM
[ReportManager] Successfully created attachment [Screenshot - 1635621386583_f21_IdentifyUniqueElement_failed] @30-10-2021 19:16:26.0749 PM
[ReportManager] Assertion [ValidateElementAttribute] FAILED. Expected [Value Should be 'Welcome' for the 'text' attribute, element locator 'By.tagName: h3'] and Actual [Failed to read the desired element attribute]. Comparison Type [CONTAINS]. Validation Type [POSITIVE]. @30-10-2021 19:16:26.0750 P
[ReportManager] Successfully Closed All Drivers. @30-10-2021 19:16:26.0848 P
[ReportManager] File Action [GetAbsolutePath] successfully performed. With the following test data [Relative Folder Path: "target/downloadedFiles/"]. @30-10-2021 19:16:26.0850 PM
[ReportManager] Attempting to run remotely on: [Linux-64], [GoogleChrome], [http://localhost:4444/wd/hub], Headless Execution. @30-10-2021 19:16:26.0850 PM
[ReportManager] Successfully Opened [GoogleChrome]. @30-10-2021 19:16:30.0284 PM
[ReportManager] Target URL: [https://the-internet.herokuapp.com/] @30-10-2021 19:16:30.0284 PM
[ReportManager] Initial URL: [data:,] @30-10-2021 19:16:30.0330 PM
[ReportManager] Browser Action [NavigateToURL] successfully performed. With the following test data [https://the-internet.herokuapp.com/]. @30-10-2021 19:16:31.0103 P

################################################################################################################################################
Starting Execution:	[87 out of 143] test cases in the current suite
Test Method:		[testPackage01.Test_NewValidationHelper.f22]
################################################################################################################################################
[ReportManager] Element Action [GetText] successfully performed. With the following test data [Welcome to the-internet]. @30-10-2021 19:16:31.0191 PM
[ReportManager] Loaded Shared OpenCV @30-10-2021 19:16:31.0434 PM
[ReportManager] Assertion [ValidateElementAttribute] FAILED. Expected [Value Should be 'yyy' for the 'text' attribute, element locator 'By.tagName: h1'] and Actual [Welcome to the-internet]. Comparison Type [CONTAINS]. Validation Type [POSITIVE]. @30-10-2021 19:16:31.0643 PM
[ReportManager] Successfully created attachment [Screenshot - 1635621391434_f22_ValidateElementAttribute_failed] @30-10-2021 19:16:31.0645 P
[ReportManager] Successfully Closed All Drivers. @30-10-2021 19:16:31.0727 P

################################################################################################################################################
Starting Execution:	[88 out of 143] test cases in the current suite
Test Method:		[testPackage01.Test_NewValidationHelper.f23]
################################################################################################################################################
[ReportManager] Assertion Passed: confirming that the actual is greater than or equal to the expected @30-10-2021 19:16:31.0731 PM
[ReportManager] Assertion [ValidateComparativeRelation] PASSED. Expected [1] and Actual [1]. Comparison Type [GREATER_THAN_OR_EQUALS]. Validation Type [POSITIVE]. @30-10-2021 19:16:31.0731 P

################################################################################################################################################
Starting Execution:	[89 out of 143] test cases in the current suite
Test Method:		[testPackage01.Test_NewValidationHelper.f24]
################################################################################################################################################
[ReportManager] Assertion [ValidateComparativeRelation] PASSED. Expected [1] and Actual [10]. Comparison Type [GREATER_THAN_OR_EQUALS]. Validation Type [POSITIVE]. @30-10-2021 19:16:31.0737 P

################################################################################################################################################
Starting Execution:	[90 out of 143] test cases in the current suite
Test Method:		[testPackage01.Test_NewValidationHelper.f25]
################################################################################################################################################
[ReportManager] Assertion [ValidateComparativeRelation] PASSED. Expected [1] and Actual [1]. Comparison Type [EQUALS]. Validation Type [POSITIVE]. @30-10-2021 19:16:31.0740 P

################################################################################################################################################
Starting Execution:	[91 out of 143] test cases in the current suite
Test Method:		[testPackage01.Test_NewValidationHelper.f26]
################################################################################################################################################
[ReportManager] Assertion [ValidateComparativeRelation] PASSED. Expected [1] and Actual [5]. Comparison Type [GREATER_THAN]. Validation Type [POSITIVE]. @30-10-2021 19:16:31.0744 P

################################################################################################################################################
Starting Execution:	[92 out of 143] test cases in the current suite
Test Method:		[testPackage01.Test_NewValidationHelper.f27]
################################################################################################################################################
[ReportManager] Assertion [ValidateComparativeRelation] PASSED. Expected [11] and Actual [5]. Comparison Type [LESS_THAN]. Validation Type [POSITIVE]. @30-10-2021 19:16:31.0747 P

################################################################################################################################################
Starting Execution:	[93 out of 143] test cases in the current suite
Test Method:		[testPackage01.Test_NewValidationHelper.f28]
################################################################################################################################################
[ReportManager] Assertion [ValidateComparativeRelation] PASSED. Expected [11] and Actual [5]. Comparison Type [LESS_THAN_OR_EQUALS]. Validation Type [POSITIVE]. @30-10-2021 19:16:31.0749 P

################################################################################################################################################
Starting Execution:	[94 out of 143] test cases in the current suite
Test Method:		[testPackage01.Test_NewValidationHelper.f29]
################################################################################################################################################
[ReportManager] Assertion [ValidateComparativeRelation] PASSED. Expected [11] and Actual [11]. Comparison Type [LESS_THAN_OR_EQUALS]. Validation Type [POSITIVE]. @30-10-2021 19:16:31.0751 P

################################################################################################################################################
Starting Execution:	[95 out of 143] test cases in the current suite
Test Method:		[testPackage01.Test_NewValidationHelper.f3]
################################################################################################################################################
[ReportManager] Assertion [ValidateEquals] PASSED. Expected [1] and Actual [2]. Comparison Type [EQUALS]. Validation Type [NEGATIVE]. @30-10-2021 19:16:31.0753 P

################################################################################################################################################
Starting Execution:	[96 out of 143] test cases in the current suite
Test Method:		[testPackage01.Test_NewValidationHelper.f30]
################################################################################################################################################
[ReportManager] Assertion [ValidateComparativeRelation] FAILED. Expected [-9] and Actual [11]. Comparison Type [LESS_THAN_OR_EQUALS]. Validation Type [POSITIVE]. @30-10-2021 19:16:31.0757 P

################################################################################################################################################
Starting Execution:	[97 out of 143] test cases in the current suite
Test Method:		[testPackage01.Test_NewValidationHelper.f31]
################################################################################################################################################
[ReportManager] Assertion [ValidateTrue] PASSED. Expected [TRUE] and Actual [TRUE]. Validation Type [POSITIVE]. @30-10-2021 19:16:31.0759 P

################################################################################################################################################
Starting Execution:	[98 out of 143] test cases in the current suite
Test Method:		[testPackage01.Test_NewValidationHelper.f32]
################################################################################################################################################
[ReportManager] Assertion [ValidateTrue] PASSED. Expected [FALSE] and Actual [FALSE]. Validation Type [NEGATIVE]. @30-10-2021 19:16:31.0762 P

################################################################################################################################################
Starting Execution:	[99 out of 143] test cases in the current suite
Test Method:		[testPackage01.Test_NewValidationHelper.f33]
################################################################################################################################################
[ReportManager] Assertion [ValidateTrue] FAILED. Expected [FALSE] and Actual [TRUE]. Validation Type [NEGATIVE]. @30-10-2021 19:16:31.0765 P

################################################################################################################################################
Starting Execution:	[100 out of 143] test cases in the current suite
Test Method:		[testPackage01.Test_NewValidationHelper.f34]
################################################################################################################################################
[ReportManager] Assertion [ValidateTrue] FAILED. Expected [TRUE] and Actual [FALSE]. Validation Type [POSITIVE]. @30-10-2021 19:16:31.0768 P

################################################################################################################################################
Starting Execution:	[101 out of 143] test cases in the current suite
Test Method:		[testPackage01.Test_NewValidationHelper.f35]
################################################################################################################################################
[ReportManager] File Action [DoesFileExist] successfully performed. With the following test data [File Path: "pom.xml"]. @30-10-2021 19:16:31.0771 PM
[ReportManager] Assertion [ValidateFileExists] PASSED. Expected [File 'pom.xml' should exist, after up to '1' retries] and Actual [File exists]. Validation Type [POSITIVE]. @30-10-2021 19:16:31.0771 P

################################################################################################################################################
Starting Execution:	[102 out of 143] test cases in the current suite
Test Method:		[testPackage01.Test_NewValidationHelper.f36]
################################################################################################################################################
[ReportManager] File Action [DoesFileExist] successfully performed. With the following test data [File Path: "src/test/java/testPackage01/Test_NewValidationHelper.java"]. @30-10-2021 19:16:31.0774 PM
[ReportManager] Assertion [ValidateFileExists] PASSED. Expected [File 'src/test/java/testPackage01/Test_NewValidationHelper.java' should exist, after up to '1' retries] and Actual [File exists]. Validation Type [POSITIVE]. @30-10-2021 19:16:31.0775 P

################################################################################################################################################
Starting Execution:	[103 out of 143] test cases in the current suite
Test Method:		[testPackage01.Test_NewValidationHelper.f37]
################################################################################################################################################
[ReportManager] File Action [DoesFileExist] successfully performed. With the following test data [File Path: "pom.xml"]. @30-10-2021 19:16:31.0777 PM
[ReportManager] Assertion Failed: confirming that the file does't exist after 5 retries @30-10-2021 19:16:31.0777 PM
[ReportManager] Assertion [ValidateFileExists] FAILED. Expected [File 'pom.xml' should not exist, after up to '5' retries] and Actual [File exists]. Validation Type [NEGATIVE]. @30-10-2021 19:16:31.0777 P

################################################################################################################################################
Starting Execution:	[104 out of 143] test cases in the current suite
Test Method:		[testPackage01.Test_NewValidationHelper.f3_1]
################################################################################################################################################
[ReportManager] Assertion Passed: Checking valid user data @30-10-2021 19:16:31.0779 PM
[ReportManager] Assertion [ValidateEquals] PASSED. Expected [null] and Actual [null]. Comparison Type [EQUALS]. Validation Type [POSITIVE]. @30-10-2021 19:16:31.0779 P

################################################################################################################################################
Starting Execution:	[105 out of 143] test cases in the current suite
Test Method:		[testPackage01.Test_NewValidationHelper.f4]
################################################################################################################################################
[ReportManager] Assertion [ValidateEquals] PASSED. Expected [1] and Actual [123]. Comparison Type [CONTAINS]. Validation Type [POSITIVE]. @30-10-2021 19:16:31.0781 P

################################################################################################################################################
Starting Execution:	[106 out of 143] test cases in the current suite
Test Method:		[testPackage01.Test_NewValidationHelper.f5]
################################################################################################################################################
[ReportManager] Assertion [ValidateNull] PASSED. Expected [NULL] and Actual [1]. Comparison Type [EQUALS]. Validation Type [NEGATIVE]. @30-10-2021 19:16:31.0783 P

################################################################################################################################################
Starting Execution:	[107 out of 143] test cases in the current suite
Test Method:		[testPackage01.Test_NewValidationHelper.f6]
################################################################################################################################################
[ReportManager] Assertion Failed: Making sure that null string is not equal to null object @30-10-2021 19:16:31.0785 PM
[ReportManager] Assertion [ValidateNull] FAILED. Expected [NULL] and Actual [NULL]. Comparison Type [EQUALS]. Validation Type [POSITIVE]. @30-10-2021 19:16:31.0785 P

################################################################################################################################################
Starting Execution:	[108 out of 143] test cases in the current suite
Test Method:		[testPackage01.Test_NewValidationHelper.f6_1]
################################################################################################################################################
[ReportManager] Assertion [ValidateNull] FAILED. Expected [NULL] and Actual [NULL]. Comparison Type [EQUALS]. Validation Type [NEGATIVE]. @30-10-2021 19:16:31.0787 P

################################################################################################################################################
Starting Execution:	[109 out of 143] test cases in the current suite
Test Method:		[testPackage01.Test_NewValidationHelper.f6_2]
################################################################################################################################################
[ReportManager] Assertion Failed: Making sure that null string is not equal to null object @30-10-2021 19:16:31.0791 PM
[ReportManager] Assertion [ValidateNull] FAILED. Expected [NULL] and Actual [not null]. Comparison Type [EQUALS]. Validation Type [POSITIVE]. @30-10-2021 19:16:31.0792 P

################################################################################################################################################
Starting Execution:	[110 out of 143] test cases in the current suite
Test Method:		[testPackage01.Test_NewValidationHelper.f7]
################################################################################################################################################
[ReportManager] Assertion [ValidateNull] PASSED. Expected [NULL] and Actual [NULL]. Comparison Type [EQUALS]. Validation Type [POSITIVE]. @30-10-2021 19:16:31.0794 P
[ReportManager] File Action [GetAbsolutePath] successfully performed. With the following test data [Relative Folder Path: "target/downloadedFiles/"]. @30-10-2021 19:16:31.0797 PM
[ReportManager] Attempting to run remotely on: [Linux-64], [GoogleChrome], [http://localhost:4444/wd/hub], Headless Execution. @30-10-2021 19:16:31.0797 PM
[ReportManager] Successfully Opened [GoogleChrome]. @30-10-2021 19:16:35.0282 PM
[ReportManager] Target URL: [https://the-internet.herokuapp.com/] @30-10-2021 19:16:35.0282 PM
[ReportManager] Initial URL: [data:,] @30-10-2021 19:16:35.0343 PM
[ReportManager] Browser Action [NavigateToURL] successfully performed. With the following test data [https://the-internet.herokuapp.com/]. @30-10-2021 19:16:36.0056 P

################################################################################################################################################
Starting Execution:	[111 out of 143] test cases in the current suite
Test Method:		[testPackage01.Test_NewValidationHelper.f8]
################################################################################################################################################
[ReportManager] Loaded Shared OpenCV @30-10-2021 19:16:36.0353 PM
[ReportManager] Assertion [ValidateElementExists] PASSED. Expected [Element Should Exist, locator 'By.tagName: h1'] and Actual [Element Exists]. Comparison Type [EQUALS]. Validation Type [POSITIVE]. @30-10-2021 19:16:36.0573 PM
[ReportManager] Successfully created attachment [Screenshot - 1635621396353_f8_ValidateElementExists_passed] @30-10-2021 19:16:36.0575 P
[ReportManager] Successfully Closed All Drivers. @30-10-2021 19:16:36.0659 P
[ReportManager] File Action [GetAbsolutePath] successfully performed. With the following test data [Relative Folder Path: "target/downloadedFiles/"]. @30-10-2021 19:16:36.0661 PM
[ReportManager] Attempting to run remotely on: [Linux-64], [GoogleChrome], [http://localhost:4444/wd/hub], Headless Execution. @30-10-2021 19:16:36.0661 PM
[ReportManager] Successfully Opened [GoogleChrome]. @30-10-2021 19:16:40.0302 PM
[ReportManager] Target URL: [https://the-internet.herokuapp.com/] @30-10-2021 19:16:40.0302 PM
[ReportManager] Initial URL: [data:,] @30-10-2021 19:16:40.0364 PM
[ReportManager] Browser Action [NavigateToURL] successfully performed. With the following test data [https://the-internet.herokuapp.com/]. @30-10-2021 19:16:41.0149 P

################################################################################################################################################
Starting Execution:	[112 out of 143] test cases in the current suite
Test Method:		[testPackage01.Test_NewValidationHelper.f9]
################################################################################################################################################
[ReportManager] Assertion [ValidateElementExists] FAILED. Expected [Element Should Exist, locator 'By.tagName: h3'] and Actual [Element Doesn't Exists]. Comparison Type [EQUALS]. Validation Type [POSITIVE]. @30-10-2021 19:17:11.0966 PM
[ReportManager] Successfully created attachment [Screenshot - 1635621431798_f9_ValidateElementExists_failed] @30-10-2021 19:17:11.0967 P
[ReportManager] Successfully Closed All Drivers. @30-10-2021 19:17:12.0051 P

################################################################################################################################################
Starting Execution:	[113 out of 143] test cases in the current suite
Test Method:		[testPackage01.Test_NewValidationHelper.forceFail]
################################################################################################################################################
[ReportManager] Assertion [ValidateFail] FAILED. Successfully force failed the test. @30-10-2021 19:17:12.0056 P

################################################################################################################################################
Starting Execution:	[114 out of 143] test cases in the current suite
Test Method:		[testPackage01.Test_NewValidationHelper.forceFail2]
################################################################################################################################################
[ReportManager] Assertion Failed: Custom Message @30-10-2021 19:17:12.0059 PM
[ReportManager] Assertion [ValidateFail] FAILED. Successfully force failed the test. @30-10-2021 19:17:12.0059 P

################################################################################################################################################
Starting Execution:	[115 out of 143] test cases in the current suite
Test Method:		[testPackage01.Test_sendGraphqlRequest.sendGraphqlRequestUsingMutationAndVariables]
################################################################################################################################################
[ReportManager] GraphQl Request is being Performed with the Following Parameters [Service URL: https://api.spacex.land/graphql | Request Body: {"variables":"{\"name\": \"sherlock holmes\",\"rocket\": \"221B Baker Street\"}","query":"mutation ($name: String, $rocket: String) {\n  insert_users(objects: {name: $name, rocket: $rocket}) {\n    returning {\n      name\n      rocket\n    }\n  }\n}"}] @30-10-2021 19:17:12.0067 PM
[ReportManager] Response status code: [200], status line: [HTTP/1.1 200 OK] @30-10-2021 19:17:12.0753 PM
[ReportManager] Assertion Passed: Evaluating the actual response status code against the expected one... @30-10-2021 19:17:12.0754 PM
[ReportManager] Assertion [ValidateEquals] PASSED. Expected [200] and Actual [200]. Comparison Type [EQUALS]. Validation Type [POSITIVE]. @30-10-2021 19:17:12.0754 PM
[ReportManager] API Action [PerformRequest] successfully performed. With the following test data [Request Type: "POST" | Target Status Code: "200" | Service URL: "https://api.spacex.land/graphql" | Content Type: "application/json" | Response Time: "617ms"]. @30-10-2021 19:17:12.0766 PM
[ReportManager] Successfully created attachment [API Request - Specifications] @30-10-2021 19:17:12.0766 PM
[ReportManager] Successfully created attachment [API Request - JSON Body] @30-10-2021 19:17:12.0767 PM
[ReportManager] Successfully created attachment [API Response - JSON Body] @30-10-2021 19:17:12.0767 PM
[ReportManager] API Action [GetResponseJSONValue] successfully performed. With the following test data [data.insert_users.returning[0].name]. @30-10-2021 19:17:12.0822 PM
[ReportManager] Assertion [ValidateEquals] PASSED. Expected [sherlock holmes] and Actual [sherlock holmes]. Comparison Type [EQUALS]. Validation Type [POSITIVE]. @30-10-2021 19:17:12.0822 P

################################################################################################################################################
Starting Execution:	[116 out of 143] test cases in the current suite
Test Method:		[testPackage01.Test_sendGraphqlRequest.sendGraphqlRequestUsingQuery]
################################################################################################################################################
[ReportManager] GraphQl Request is being Performed with the Following Parameters [Service URL: https://api.spacex.land/graphql | Request Body: {"query":"{company {ceo}}"}] @30-10-2021 19:17:12.0825 PM
[ReportManager] Response status code: [200], status line: [HTTP/1.1 200 OK] @30-10-2021 19:17:13.0009 PM
[ReportManager] Assertion Passed: Evaluating the actual response status code against the expected one... @30-10-2021 19:17:13.0009 PM
[ReportManager] Assertion [ValidateEquals] PASSED. Expected [200] and Actual [200]. Comparison Type [EQUALS]. Validation Type [POSITIVE]. @30-10-2021 19:17:13.0009 PM
[ReportManager] API Action [PerformRequest] successfully performed. With the following test data [Request Type: "POST" | Target Status Code: "200" | Service URL: "https://api.spacex.land/graphql" | Content Type: "application/json" | Response Time: "176ms"]. @30-10-2021 19:17:13.0023 PM
[ReportManager] Successfully created attachment [API Request - Specifications] @30-10-2021 19:17:13.0023 PM
[ReportManager] Successfully created attachment [API Request - JSON Body] @30-10-2021 19:17:13.0023 PM
[ReportManager] Successfully created attachment [API Response - JSON Body] @30-10-2021 19:17:13.0024 PM
[ReportManager] API Action [GetResponseJSONValue] successfully performed. With the following test data [data.company.ceo]. @30-10-2021 19:17:13.0035 PM
[ReportManager] Assertion [ValidateEquals] PASSED. Expected [Elon Musk] and Actual [Elon Musk]. Comparison Type [EQUALS]. Validation Type [POSITIVE]. @30-10-2021 19:17:13.0035 P
[ReportManager] Successfully loaded the following test data file [src/test/resources/TestDataFiles/testSuite01/TestData.xlsx]. @30-10-2021 19:17:13.0087 PM
[ReportManager] Successfully created attachment [Test Data - Excel] @30-10-2021 19:17:13.0087 PM
[ReportManager] File Action [GetAbsolutePath] successfully performed. With the following test data [Relative Folder Path: "target/downloadedFiles/"]. @30-10-2021 19:17:13.0087 PM
[ReportManager] Attempting to run remotely on: [Linux-64], [GoogleChrome], [http://localhost:4444/wd/hub], Headless Execution. @30-10-2021 19:17:13.0087 PM
[ReportManager] Successfully Opened [GoogleChrome]. @30-10-2021 19:17:15.0291 P

################################################################################################################################################
Starting Execution:	[117 out of 143] test cases in the current suite
Test Method:		[testPackage01.Test_google.navigateToURLandVerifyGoogleLogoIsDisplayed]
Test Description:	[TC001 - Navigate to URL and Verify Google Logo is Displayed]
################################################################################################################################################
[ReportManager] Target URL: [https://www.google.com/ncr], and after redirection: [https://www.google.com] @30-10-2021 19:17:15.0298 PM
[ReportManager] Initial URL: [data:,] @30-10-2021 19:17:15.0375 PM
[ReportManager] Browser Action [NavigateToURL] successfully performed. With the following test data [https://www.google.com/ncr]. @30-10-2021 19:17:16.0057 PM
[ReportManager] Loaded Shared OpenCV @30-10-2021 19:17:16.0335 PM
[ReportManager] Assertion [ValidateElementExists] PASSED. Expected [Element Should Exist, locator 'By.xpath: //*[@id='hplogo' or @alt='Google']'] and Actual [Element Exists]. Comparison Type [EQUALS]. Validation Type [POSITIVE]. @30-10-2021 19:17:16.0534 PM
[ReportManager] Successfully created attachment [Screenshot - 1635621436335_navigateToURLandVerifyGoogleLogoIsDisplayed_ValidateElementExists_passed] @30-10-2021 19:17:16.0535 P

################################################################################################################################################
Starting Execution:	[118 out of 143] test cases in the current suite
Test Method:		[testPackage01.Test_google.searchForQueryandAssertResultsNumDisplayed]
Test Description:	[TC002 - Search for Query and Assert that the number of results is displayed]
################################################################################################################################################
[ReportManager] Element Action [Type] successfully performed. With the following test data [SHAFT_Engine]. @30-10-2021 19:17:16.0914 PM
[ReportManager] Element Action [KeyPress] successfully performed. With the following test data [Enter]. @30-10-2021 19:17:18.0442 PM
[ReportManager] Element Action [GetText] successfully performed. With the following test data [About 878,000 results (0.79 seconds) ]. @30-10-2021 19:17:18.0538 PM
[ReportManager] Loaded Shared OpenCV @30-10-2021 19:17:18.0783 PM
[ReportManager] Assertion [ValidateElementAttribute] PASSED. Expected [Value Should not be '' for the 'Text' attribute, element locator 'By.id: appbar'] and Actual [About 878,000 results (0.79 seconds) ]. Comparison Type [EQUALS]. Validation Type [NEGATIVE]. @30-10-2021 19:17:19.0017 PM
[ReportManager] Successfully created attachment [Screenshot - 1635621438783_searchForQueryandAssertResultsNumDisplayed_ValidateElementAttribute_passed] @30-10-2021 19:17:19.0019 P

################################################################################################################################################
Starting Execution:	[119 out of 143] test cases in the current suite
Test Method:		[testPackage01.Test_google.clickNextThrice]
Test Description:	[TC003 - Clicks the next button to make sure that the framework can scroll element into view before clicking it]
################################################################################################################################################
[ReportManager] Element Action [Click] successfully performed. With the following test data [Next]. @30-10-2021 19:17:20.0999 P
[ReportManager] Browser Action [CloseCurrentWindow] successfully performed. @30-10-2021 19:17:21.0191 PM
[ReportManager] Successfully created attachment [Browser Action Test Data - CloseCurrentWindow - Actual Value] @30-10-2021 19:17:21.0193 P
[ReportManager] File Action [GetAbsolutePath] successfully performed. With the following test data [Relative Folder Path: "target/downloadedFiles/"]. @30-10-2021 19:17:21.0194 PM
[ReportManager] Attempting to run remotely on: [Linux-64], [GoogleChrome], [http://localhost:4444/wd/hub], Headless Execution. @30-10-2021 19:17:21.0195 PM
[ReportManager] Successfully Opened [GoogleChrome]. @30-10-2021 19:17:25.0295 P

################################################################################################################################################
Starting Execution:	[120 out of 143] test cases in the current suite
Test Method:		[testPackage01.Test_ShadowDOM.shadowdom]
################################################################################################################################################
[ReportManager] Target URL: [https://mdn.github.io/web-components-examples/popup-info-box-web-component/] @30-10-2021 19:17:25.0305 PM
[ReportManager] Initial URL: [data:,] @30-10-2021 19:17:25.0360 PM
[ReportManager] Browser Action [NavigateToURL] successfully performed. With the following test data [https://mdn.github.io/web-components-examples/popup-info-box-web-component/]. @30-10-2021 19:17:25.0710 PM
[ReportManager] Element Action [Type] successfully performed. With the following test data [Typing into SHADOW DOM...]. @30-10-2021 19:17:26.0045 PM
[ReportManager] Element Action [GetText] successfully performed. With the following test data [Typing into SHADOW DOM...]. @30-10-2021 19:17:26.0181 PM
[ReportManager] Loaded Shared OpenCV @30-10-2021 19:17:26.0396 PM
[ReportManager] Assertion [ValidateElementAttribute] PASSED. Expected [Value Should be 'Typing into SHADOW DOM...' for the 'Text' attribute, element locator 'By.id: cvc'] and Actual [Typing into SHADOW DOM...]. Comparison Type [EQUALS]. Validation Type [POSITIVE]. @30-10-2021 19:17:26.0576 PM
[ReportManager] Successfully created attachment [Screenshot - 1635621446396_shadowdom_ValidateElementAttribute_passed] @30-10-2021 19:17:26.0577 P
[ReportManager] Browser Action [CloseCurrentWindow] successfully performed. @30-10-2021 19:17:26.0681 PM
[ReportManager] Successfully created attachment [Browser Action Test Data - CloseCurrentWindow - Actual Value] @30-10-2021 19:17:26.0682 P

################################################################################################################################################
Starting Execution:	[121 out of 143] test cases in the current suite
Test Method:		[testPackage01.Test_AssertApiResponseEquals.assertApiResponseEquals_expectedToPass]
################################################################################################################################################
[ReportManager] Response status code: [200], status line: [HTTP/1.1 200 OK] @30-10-2021 19:17:26.0746 PM
[ReportManager] Assertion Passed: Evaluating the actual response status code against the expected one... @30-10-2021 19:17:26.0747 PM
[ReportManager] Assertion [ValidateEquals] PASSED. Expected [200] and Actual [200]. Comparison Type [EQUALS]. Validation Type [POSITIVE]. @30-10-2021 19:17:26.0747 PM
[ReportManager] API Action [PerformRequest] successfully performed. With the following test data [Request Type: "GET" | Target Status Code: "200" | Service URL: "https://jsonplaceholder.typicode.com/users" | Content Type: "*/*" | Response Time: "57ms"]. @30-10-2021 19:17:26.0778 PM
[ReportManager] Successfully created attachment [API Request - Specifications] @30-10-2021 19:17:26.0778 PM
[ReportManager] Successfully created attachment [API Response - JSON Body] @30-10-2021 19:17:26.0779 PM
[ReportManager] API Action [GetResponseJSONValueAsList] successfully performed. With the following test data [$]. @30-10-2021 19:17:26.0789 PM
[ReportManager] API Action [GetResponseJSONValue] successfully performed. With the following test data [name]. @30-10-2021 19:17:26.0798 PM
[ReportManager] API Action [GetResponseJSONValue] successfully performed. With the following test data [email]. @30-10-2021 19:17:26.0806 PM
[ReportManager] Verification [ValidateEquals] PASSED. Expected [Sincere@april.biz] and Actual [Sincere@april.biz]. Comparison Type [EQUALS]. Validation Type [POSITIVE]. @30-10-2021 19:17:26.0806 PM
[ReportManager] API Action [GetResponseJSONValue] successfully performed. With the following test data [username]. @30-10-2021 19:17:26.0814 PM
[ReportManager] Assertion [ValidateEquals] PASSED. Expected [Bret] and Actual [Bret]. Comparison Type [EQUALS]. Validation Type [POSITIVE]. @30-10-2021 19:17:26.0814 PM
[ReportManager] API Action [GetResponseJSONValue] successfully performed. With the following test data [name]. @30-10-2021 19:17:26.0822 PM
[ReportManager] API Action [GetResponseJSONValue] successfully performed. With the following test data [name]. @30-10-2021 19:17:26.0829 PM
[ReportManager] API Action [GetResponseJSONValue] successfully performed. With the following test data [name]. @30-10-2021 19:17:26.0836 PM
[ReportManager] API Action [GetResponseJSONValue] successfully performed. With the following test data [name]. @30-10-2021 19:17:26.0843 PM
[ReportManager] API Action [GetResponseJSONValue] successfully performed. With the following test data [name]. @30-10-2021 19:17:26.0851 PM
[ReportManager] API Action [GetResponseJSONValue] successfully performed. With the following test data [name]. @30-10-2021 19:17:26.0867 PM
[ReportManager] API Action [GetResponseJSONValue] successfully performed. With the following test data [name]. @30-10-2021 19:17:26.0874 PM
[ReportManager] API Action [GetResponseJSONValue] successfully performed. With the following test data [name]. @30-10-2021 19:17:26.0881 PM
[ReportManager] API Action [GetResponseJSONValue] successfully performed. With the following test data [name]. @30-10-2021 19:17:26.0888 P
[ReportManager] File Action [GetAbsolutePath] successfully performed. With the following test data [Relative Folder Path: "target/downloadedFiles/"]. @30-10-2021 19:17:26.0897 PM
[ReportManager] Attempting to run remotely on: [Linux-64], [GoogleChrome], [http://localhost:4444/wd/hub], Headless Execution. @30-10-2021 19:17:26.0897 PM
[ReportManager] Successfully Opened [GoogleChrome]. @30-10-2021 19:17:30.0283 P

################################################################################################################################################
Starting Execution:	[122 out of 143] test cases in the current suite
Test Method:		[testPackage01.Test_IsElementClickable.testIsElementClickable]
################################################################################################################################################
[ReportManager] Target URL: [https://the-internet.herokuapp.com/] @30-10-2021 19:17:30.0286 PM
[ReportManager] Initial URL: [data:,] @30-10-2021 19:17:30.0335 PM
[ReportManager] Browser Action [NavigateToURL] successfully performed. With the following test data [https://the-internet.herokuapp.com/]. @30-10-2021 19:17:31.0074 PM
[ReportManager] Element Action [IsElementClickable] successfully performed. @30-10-2021 19:17:31.0225 PM
[ReportManager] Assertion [ValidateTrue] PASSED. Expected [TRUE] and Actual [TRUE]. Validation Type [POSITIVE]. @30-10-2021 19:17:31.0225 P
[ReportManager] Browser Action [CloseCurrentWindow] successfully performed. @30-10-2021 19:17:31.0345 PM
[ReportManager] Successfully created attachment [Browser Action Test Data - CloseCurrentWindow - Actual Value] @30-10-2021 19:17:31.0345 P

################################################################################################################################################
Starting Execution:	[123 out of 143] test cases in the current suite
Test Method:		[testPackage01.Test_JsonCompareWithSpecialCharacters.specialCharacters]
################################################################################################################################################
[ReportManager] File Action [GetAbsolutePath] successfully performed. With the following test data [Relative Folder Path: "src/test/resources/TestJsonFiles/specialCharacters.json"]. @30-10-2021 19:17:31.0350 PM
[ReportManager] File Action [ReadFromFile] successfully performed. With the following test data [File Path: "/home/runner/work/SHAFT_ENGINE/SHAFT_ENGINE/src/test/resources/TestJsonFiles/specialCharacters.json"]. @30-10-2021 19:17:31.0356 PM
[ReportManager] Successfully created attachment [File Action Actual Result - Command Log] @30-10-2021 19:17:31.0356 PM
[ReportManager] Comparing the provided API response with the file at this path "src/test/resources/TestJsonFiles/specialCharacters.json", comparison type "EQUALS" @30-10-2021 19:17:31.0357 PM
[ReportManager] API Action [CompareJSON] successfully performed. With the following test data [src/test/resources/TestJsonFiles/specialCharacters.json]. @30-10-2021 19:17:31.0363 PM
[ReportManager] File Action [GetAbsolutePath] successfully performed. With the following test data [Relative Folder Path: "src/test/resources/TestJsonFiles/specialCharacters.json"]. @30-10-2021 19:17:31.0363 PM
[ReportManager] File Action [ReadFromFile] successfully performed. With the following test data [File Path: "/home/runner/work/SHAFT_ENGINE/SHAFT_ENGINE/src/test/resources/TestJsonFiles/specialCharacters.json"]. @30-10-2021 19:17:31.0364 PM
[ReportManager] Verification [ValidateJSONFileContent] PASSED. Expected [Response data should match the JSON File in this path 'src/test/resources/TestJsonFiles/specialCharacters.json'] and Actual [TRUE]. Comparison Type [EQUALS]. Validation Type [POSITIVE]. @30-10-2021 19:17:31.0368 PM
[ReportManager] Successfully created attachment [Validation Test Data - Expected JSON Value] @30-10-2021 19:17:31.0368 PM
[ReportManager] Successfully created attachment [Validation Test Data - Actual JSON Value] @30-10-2021 19:17:31.0369 P

################################################################################################################################################
Starting Execution:	[124 out of 143] test cases in the current suite
Test Method:		[testPackage01.Test_JsonCompareWithSpecialCharacters.specialCharacters_assertion]
################################################################################################################################################
[ReportManager] File Action [GetAbsolutePath] successfully performed. With the following test data [Relative Folder Path: "src/test/resources/TestJsonFiles/specialCharacters.json"]. @30-10-2021 19:17:31.0371 PM
[ReportManager] File Action [ReadFromFile] successfully performed. With the following test data [File Path: "/home/runner/work/SHAFT_ENGINE/SHAFT_ENGINE/src/test/resources/TestJsonFiles/specialCharacters.json"]. @30-10-2021 19:17:31.0372 PM
[ReportManager] Successfully created attachment [File Action Actual Result - Command Log] @30-10-2021 19:17:31.0372 PM
[ReportManager] Comparing the provided API response with the file at this path "src/test/resources/TestJsonFiles/specialCharacters.json", comparison type "CONTAINS" @30-10-2021 19:17:31.0372 PM
[ReportManager] API Action [CompareJSON] successfully performed. With the following test data [src/test/resources/TestJsonFiles/specialCharacters.json]. @30-10-2021 19:17:31.0389 PM
[ReportManager] File Action [GetAbsolutePath] successfully performed. With the following test data [Relative Folder Path: "src/test/resources/TestJsonFiles/specialCharacters.json"]. @30-10-2021 19:17:31.0389 PM
[ReportManager] File Action [ReadFromFile] successfully performed. With the following test data [File Path: "/home/runner/work/SHAFT_ENGINE/SHAFT_ENGINE/src/test/resources/TestJsonFiles/specialCharacters.json"]. @30-10-2021 19:17:31.0389 PM
[ReportManager] Assertion Passed: trying out the log message @30-10-2021 19:17:31.0393 PM
[ReportManager] Successfully created attachment [Validation Test Data - Expected JSON Value] @30-10-2021 19:17:31.0393 PM
[ReportManager] Successfully created attachment [Validation Test Data - Actual JSON Value] @30-10-2021 19:17:31.0394 PM
[ReportManager] Assertion [ValidateJSONFileContent] PASSED. Expected [Response data should match the JSON File in this path 'src/test/resources/TestJsonFiles/specialCharacters.json'] and Actual [TRUE]. Comparison Type [CONTAINS]. Validation Type [POSITIVE]. @30-10-2021 19:17:31.0394 P
[ReportManager] File Action [GetAbsolutePath] successfully performed. With the following test data [Relative Folder Path: "target/downloadedFiles/"]. @30-10-2021 19:17:31.0396 PM
[ReportManager] Attempting to run remotely on: [Linux-64], [GoogleChrome], [http://localhost:4444/wd/hub], Headless Execution. @30-10-2021 19:17:31.0396 PM
[ReportManager] Successfully Opened [GoogleChrome]. @30-10-2021 19:17:35.0283 P

################################################################################################################################################
Starting Execution:	[125 out of 143] test cases in the current suite
Test Method:		[testPackage01.Test_assertEquals.test_assertElementAttribute]
################################################################################################################################################
[ReportManager] Target URL: [https://www.google.com/ncr], and after redirection: [https://www.google.com] @30-10-2021 19:17:35.0285 PM
[ReportManager] Initial URL: [data:,] @30-10-2021 19:17:35.0329 PM
[ReportManager] Browser Action [NavigateToURL] successfully performed. With the following test data [https://www.google.com/ncr]. @30-10-2021 19:17:36.0024 PM
[ReportManager] Element Action [Type] successfully performed. With the following test data [INC_004010050:Another SCHEDULER with the same name [Duplicate Job Name] already exists.]. @30-10-2021 19:17:36.0691 PM
[ReportManager] Element Action [GetText] successfully performed. With the following test data [INC_004010050:Another SCHEDULER with the same name [Duplicate Job Name] already exists.]. @30-10-2021 19:17:36.0830 PM
[ReportManager] Loaded Shared OpenCV @30-10-2021 19:17:37.0035 PM
[ReportManager] Assertion [ValidateElementAttribute] PASSED. Expected [Value Should be 'INC_004010050:Another SCHEDULER with the same name \[Duplicate Job Name\] already exists.' for the 'text' attribute, element locator 'By.name: q'] and Actual [INC_004010050:Another SCHEDULER with the same name [Duplicate Job Name] already exists.]. Comparison Type [MATCHES]. Validation Type [POSITIVE]. @30-10-2021 19:17:37.0233 PM
[ReportManager] Successfully created attachment [Screenshot - 1635621457035_test_assertElementAttribute_ValidateElementAttribute_passed] @30-10-2021 19:17:37.0234 P
[ReportManager] Browser Action [CloseCurrentWindow] successfully performed. @30-10-2021 19:17:37.0369 PM
[ReportManager] Successfully created attachment [Browser Action Test Data - CloseCurrentWindow - Actual Value] @30-10-2021 19:17:37.0370 P
[ReportManager] File Action [GetAbsolutePath] successfully performed. With the following test data [Relative Folder Path: "target/downloadedFiles/"]. @30-10-2021 19:17:37.0371 PM
[ReportManager] Attempting to run remotely on: [Linux-64], [GoogleChrome], [http://localhost:4444/wd/hub], Headless Execution. @30-10-2021 19:17:37.0372 PM
[ReportManager] Successfully Opened [GoogleChrome]. @30-10-2021 19:17:40.0287 P

################################################################################################################################################
Starting Execution:	[126 out of 143] test cases in the current suite
Test Method:		[testPackage01.Test_verifyEquals.test_assertElementAttribute]
################################################################################################################################################
[ReportManager] Target URL: [https://www.google.com/ncr], and after redirection: [https://www.google.com] @30-10-2021 19:17:40.0289 PM
[ReportManager] Initial URL: [data:,] @30-10-2021 19:17:40.0352 PM
[ReportManager] Browser Action [NavigateToURL] successfully performed. With the following test data [https://www.google.com/ncr]. @30-10-2021 19:17:41.0050 PM
[ReportManager] Element Action [Type] successfully performed. With the following test data [INC_004010050:Another SCHEDULER with the same name [Duplicate Job Name] already exists.]. @30-10-2021 19:17:41.0688 PM
[ReportManager] Element Action [GetText] successfully performed. With the following test data [INC_004010050:Another SCHEDULER with the same name [Duplicate Job Name] already exists.]. @30-10-2021 19:17:41.0795 PM
[ReportManager] Loaded Shared OpenCV @30-10-2021 19:17:42.0035 PM
[ReportManager] Verification [ValidateElementAttribute] PASSED. Expected [Value Should be 'INC_004010050:Another SCHEDULER with the same name \[Duplicate Job Name\] already exists.' for the 'text' attribute, element locator 'By.name: q'] and Actual [INC_004010050:Another SCHEDULER with the same name [Duplicate Job Name] already exists.]. Comparison Type [MATCHES]. Validation Type [POSITIVE]. @30-10-2021 19:17:42.0231 PM
[ReportManager] Successfully created attachment [Screenshot - 1635621462035_test_assertElementAttribute_ValidateElementAttribute_passed] @30-10-2021 19:17:42.0232 P
[ReportManager] Browser Action [CloseCurrentWindow] successfully performed. @30-10-2021 19:17:42.0356 PM
[ReportManager] Successfully created attachment [Browser Action Test Data - CloseCurrentWindow - Actual Value] @30-10-2021 19:17:42.0357 P

################################################################################################################################################
Starting Execution:	[127 out of 143] test cases in the current suite
Test Method:		[testPackage01.Test_JsonActions.f]
###############################################################################################################################################

################################################################################################################################################
Starting Execution:	[128 out of 143] test cases in the current suite
Test Method:		[testPackage01.Test_JsonActions.f2]
###############################################################################################################################################

################################################################################################################################################
Starting Execution:	[129 out of 143] test cases in the current suite
Test Method:		[testPackage01.Test_PDF.testPDF_Downloaded]
################################################################################################################################################
[ReportManager] File Action [DoesFileExist] successfully performed. With the following test data [File Path: "src/test/resources/TestDataFiles/sample.pdf"]. @30-10-2021 19:17:42.0384 PM
[ReportManager] File Action [GetAbsolutePath] successfully performed. With the following test data [Relative File Path: "src/test/resources/TestDataFiles/sample.pdf"]. @30-10-2021 19:17:42.0384 PM
[ReportManager] Assertion [ValidateTrue] PASSED. Expected [TRUE] and Actual [TRUE]. Validation Type [POSITIVE]. @30-10-2021 19:17:43.0699 P
[ReportManager] File Action [GetAbsolutePath] successfully performed. With the following test data [Relative Folder Path: "target/downloadedFiles/"]. @30-10-2021 19:17:43.0702 PM
[ReportManager] Attempting to run remotely on: [Linux-64], [GoogleChrome], [http://localhost:4444/wd/hub], Headless Execution. @30-10-2021 19:17:43.0702 PM
[ReportManager] Successfully Opened [GoogleChrome]. @30-10-2021 19:17:45.0291 P

################################################################################################################################################
Starting Execution:	[130 out of 143] test cases in the current suite
Test Method:		[testPackage01.Test_dragAndDrop.dragAndDropJquery]
################################################################################################################################################
[ReportManager] Target URL: [https://jqueryui.com/resources/demos/droppable/default.html] @30-10-2021 19:17:45.0297 PM
[ReportManager] Initial URL: [data:,] @30-10-2021 19:17:45.0355 PM
[ReportManager] Browser Action [NavigateToURL] successfully performed. With the following test data [https://jqueryui.com/resources/demos/droppable/default.html]. @30-10-2021 19:17:45.0827 PM
[ReportManager] Element Action [GetText] successfully performed. With the following test data [Drop here]. @30-10-2021 19:17:45.0935 PM
[ReportManager] Element Action [DragAndDrop] successfully performed. With the following test data [Start point: (8, 18), End point: (8, 18)]. @30-10-2021 19:17:47.0442 PM
[ReportManager] Element Action [GetText] successfully performed. With the following test data [Dropped!]. @30-10-2021 19:17:47.0500 PM
[ReportManager] Assertion Passed: Checking to see if the text has changed after performing drag and drop @30-10-2021 19:17:47.0500 PM
[ReportManager] Assertion [ValidateEquals] PASSED. Expected [Drop here] and Actual [Dropped!]. Comparison Type [EQUALS]. Validation Type [NEGATIVE]. @30-10-2021 19:17:47.0500 P
[ReportManager] Browser Action [CloseCurrentWindow] successfully performed. @30-10-2021 19:17:47.0664 PM
[ReportManager] Successfully created attachment [Browser Action Test Data - CloseCurrentWindow - Actual Value] @30-10-2021 19:17:47.0664 P
[ReportManager] File Action [GetAbsolutePath] successfully performed. With the following test data [Relative Folder Path: "target/downloadedFiles/"]. @30-10-2021 19:17:47.0666 PM
[ReportManager] Attempting to run remotely on: [Linux-64], [GoogleChrome], [http://localhost:4444/wd/hub], Headless Execution. @30-10-2021 19:17:47.0666 PM
[ReportManager] Successfully Opened [GoogleChrome]. @30-10-2021 19:17:50.0287 P

################################################################################################################################################
Starting Execution:	[131 out of 143] test cases in the current suite
Test Method:		[testPackage01.Test_dragAndDrop.dragAndDrop]
Test Description:	[TC001 - Test Drag and Drop function.]
################################################################################################################################################
[ReportManager] Target URL: [http://the-internet.herokuapp.com/drag_and_drop] @30-10-2021 19:17:50.0296 PM
[ReportManager] Initial URL: [data:,] @30-10-2021 19:17:50.0346 PM
[ReportManager] Browser Action [NavigateToURL] successfully performed. With the following test data [http://the-internet.herokuapp.com/drag_and_drop]. @30-10-2021 19:17:50.0957 PM
[ReportManager] Attempting Drag and Drop @30-10-2021 19:17:50.0957 PM
[ReportManager] Element Action [DragAndDrop] successfully performed. With the following test data [Start point: (492, 89), End point: (707, 89)]. @30-10-2021 19:17:52.0188 P
[ReportManager] Browser Action [CloseCurrentWindow] successfully performed. @30-10-2021 19:17:52.0311 PM
[ReportManager] Successfully created attachment [Browser Action Test Data - CloseCurrentWindow - Actual Value] @30-10-2021 19:17:52.0311 P
[ReportManager] File Action [GetAbsolutePath] successfully performed. With the following test data [Relative Folder Path: "target/downloadedFiles/"]. @30-10-2021 19:17:52.0313 PM
[ReportManager] Attempting to run remotely on: [Linux-64], [GoogleChrome], [http://localhost:4444/wd/hub], Headless Execution. @30-10-2021 19:17:52.0313 PM
[ReportManager] Successfully Opened [GoogleChrome]. @30-10-2021 19:17:55.0288 P

################################################################################################################################################
Starting Execution:	[132 out of 143] test cases in the current suite
Test Method:		[testPackage01.Test_dragAndDrop.dragAndDropByOffset]
Test Description:	[TC002 - Test Drag and Drop by offset function.]
################################################################################################################################################
[ReportManager] Target URL: [https://jqueryui.com/resources/demos/draggable/default.html] @30-10-2021 19:17:55.0292 PM
[ReportManager] Initial URL: [data:,] @30-10-2021 19:17:55.0353 PM
[ReportManager] Browser Action [NavigateToURL] successfully performed. With the following test data [https://jqueryui.com/resources/demos/draggable/default.html]. @30-10-2021 19:17:55.0775 PM
[ReportManager] Element Action [DragAndDropByOffset] successfully performed. With the following test data [Start point: (8, 8), End point: (108, 58)]. @30-10-2021 19:17:56.0270 P
[ReportManager] Browser Action [CloseCurrentWindow] successfully performed. @30-10-2021 19:17:56.0376 PM
[ReportManager] Successfully created attachment [Browser Action Test Data - CloseCurrentWindow - Actual Value] @30-10-2021 19:17:56.0377 P
[ReportManager] File Action [GetAbsolutePath] successfully performed. With the following test data [Relative Folder Path: "target/downloadedFiles/"]. @30-10-2021 19:17:56.0378 PM
[ReportManager] Attempting to run remotely on: [Linux-64], [GoogleChrome], [http://localhost:4444/wd/hub], Headless Execution. @30-10-2021 19:17:56.0379 PM
[ReportManager] Successfully Opened [GoogleChrome]. @30-10-2021 19:18:00.0287 P

################################################################################################################################################
Starting Execution:	[133 out of 143] test cases in the current suite
Test Method:		[testPackage01.Test_clipboardActions.typeTextAndCopyPaste]
################################################################################################################################################
[ReportManager] Target URL: [https://www.google.com/ncr], and after redirection: [https://www.google.com] @30-10-2021 19:18:00.0289 PM
[ReportManager] Initial URL: [data:,] @30-10-2021 19:18:00.0365 PM
[ReportManager] Browser Action [NavigateToURL] successfully performed. With the following test data [https://www.google.com/ncr]. @30-10-2021 19:18:01.0054 PM
[ReportManager] Element Action [Type] successfully performed. With the following test data [FIRST]. @30-10-2021 19:18:01.0455 PM
[ReportManager] Element Action [ClipboardActions] successfully performed. With the following test data [select all]. @30-10-2021 19:18:01.0521 PM
[ReportManager] Element Action [ClipboardActions] successfully performed. With the following test data [copy]. @30-10-2021 19:18:01.0570 PM
[ReportManager] Element Action [ClipboardActions] successfully performed. With the following test data [unselect]. @30-10-2021 19:18:01.0701 PM
[ReportManager] Element Action [ClipboardActions] successfully performed. With the following test data [paste]. @30-10-2021 19:18:01.0778 PM
[ReportManager] Element Action [ClipboardActions] successfully performed. With the following test data [select all]. @30-10-2021 19:18:01.0851 PM
[ReportManager] Element Action [Type] successfully performed. @30-10-2021 19:18:02.0212 PM
[ReportManager] Element Action [ClipboardActions] successfully performed. With the following test data [cut]. @30-10-2021 19:18:02.0212 PM
[ReportManager] Element Action [ClipboardActions] successfully performed. With the following test data [paste]. @30-10-2021 19:18:02.0280 PM
[ReportManager] Element Action [ClipboardActions] successfully performed. With the following test data [paste]. @30-10-2021 19:18:02.0354 P
[ReportManager] Browser Action [CloseCurrentWindow] successfully performed. @30-10-2021 19:18:02.0471 PM
[ReportManager] Successfully created attachment [Browser Action Test Data - CloseCurrentWindow - Actual Value] @30-10-2021 19:18:02.0472 P
[ReportManager] File Action [GetAbsolutePath] successfully performed. With the following test data [Relative Folder Path: "target/downloadedFiles/"]. @30-10-2021 19:18:02.0474 PM
[ReportManager] Attempting to run remotely on: [Linux-64], [GoogleChrome], [http://localhost:4444/wd/hub], Headless Execution. @30-10-2021 19:18:02.0474 PM
[ReportManager] Successfully Opened [GoogleChrome]. @30-10-2021 19:18:05.0300 P

################################################################################################################################################
Starting Execution:	[134 out of 143] test cases in the current suite
Test Method:		[testPackage01.Test_dynamicLoading.dynamicLoading_elementIsHidden]
################################################################################################################################################
[ReportManager] Target URL: [https://the-internet.herokuapp.com/dynamic_loading/1] @30-10-2021 19:18:05.0313 PM
[ReportManager] Initial URL: [data:,] @30-10-2021 19:18:05.0388 PM
[ReportManager] Browser Action [NavigateToURL] successfully performed. With the following test data [https://the-internet.herokuapp.com/dynamic_loading/1]. @30-10-2021 19:18:06.0136 PM
[ReportManager] Element Action [Click] successfully performed. With the following test data [Start]. @30-10-2021 19:18:06.0602 PM
[ReportManager] Element Action [GetText] successfully performed. With the following test data [
    Hello World!
  ]. @30-10-2021 19:18:06.0723 PM
[ReportManager] Loaded Shared OpenCV @30-10-2021 19:18:06.0975 PM
[ReportManager] Assertion [ValidateElementAttribute] PASSED. Expected [Value Should be 'Hello World!' for the 'text' attribute, element locator 'By.id: finish'] and Actual [
    Hello World!
  ]. Comparison Type [CONTAINS]. Validation Type [POSITIVE]. @30-10-2021 19:18:07.0183 PM
[ReportManager] Successfully created attachment [Screenshot - 1635621486975_dynamicLoading_elementIsHidden_ValidateElementAttribute_passed] @30-10-2021 19:18:07.0184 P
[ReportManager] Browser Action [CloseCurrentWindow] successfully performed. @30-10-2021 19:18:07.0288 PM
[ReportManager] Successfully created attachment [Browser Action Test Data - CloseCurrentWindow - Actual Value] @30-10-2021 19:18:07.0288 P
[ReportManager] File Action [GetAbsolutePath] successfully performed. With the following test data [Relative Folder Path: "target/downloadedFiles/"]. @30-10-2021 19:18:07.0290 PM
[ReportManager] Attempting to run remotely on: [Linux-64], [GoogleChrome], [http://localhost:4444/wd/hub], Headless Execution. @30-10-2021 19:18:07.0290 PM
[ReportManager] Successfully Opened [GoogleChrome]. @30-10-2021 19:18:10.0303 P

################################################################################################################################################
Starting Execution:	[135 out of 143] test cases in the current suite
Test Method:		[testPackage01.Test_dynamicLoading.dynamicLoading_elementIsRendered]
################################################################################################################################################
[ReportManager] Target URL: [https://the-internet.herokuapp.com/dynamic_loading/2] @30-10-2021 19:18:10.0307 PM
[ReportManager] Initial URL: [data:,] @30-10-2021 19:18:10.0377 PM
[ReportManager] Browser Action [NavigateToURL] successfully performed. With the following test data [https://the-internet.herokuapp.com/dynamic_loading/2]. @30-10-2021 19:18:11.0118 PM
[ReportManager] Element Action [Click] successfully performed. With the following test data [Start]. @30-10-2021 19:18:11.0584 PM
[ReportManager] Element Action [GetText] successfully performed. With the following test data [Hello World!]. @30-10-2021 19:18:16.0740 PM
[ReportManager] Loaded Shared OpenCV @30-10-2021 19:18:16.0985 PM
[ReportManager] Assertion [ValidateElementAttribute] PASSED. Expected [Value Should be 'Hello World!' for the 'text' attribute, element locator 'By.id: finish'] and Actual [Hello World!]. Comparison Type [CONTAINS]. Validation Type [POSITIVE]. @30-10-2021 19:18:17.0214 PM
[ReportManager] Successfully created attachment [Screenshot - 1635621496985_dynamicLoading_elementIsRendered_ValidateElementAttribute_passed] @30-10-2021 19:18:17.0215 P
[ReportManager] Browser Action [CloseCurrentWindow] successfully performed. @30-10-2021 19:18:17.0334 PM
[ReportManager] Successfully created attachment [Browser Action Test Data - CloseCurrentWindow - Actual Value] @30-10-2021 19:18:17.0334 P
[ReportManager] File Action [GetAbsolutePath] successfully performed. With the following test data [Relative Folder Path: "target/downloadedFiles/"]. @30-10-2021 19:18:17.0336 PM
[ReportManager] Attempting to run remotely on: [Linux-64], [GoogleChrome], [http://localhost:4444/wd/hub], Headless Execution. @30-10-2021 19:18:17.0336 PM
[ReportManager] Successfully Opened [GoogleChrome]. @30-10-2021 19:18:20.0292 P

################################################################################################################################################
Starting Execution:	[136 out of 143] test cases in the current suite
Test Method:		[testPackage01.Test_uploadFile.uploadFile_invisibleUploadInput]
################################################################################################################################################
[ReportManager] Target URL: [https://fineuploader.com/demos.html#gallery-view] @30-10-2021 19:18:20.0297 PM
[ReportManager] Initial URL: [data:,] @30-10-2021 19:18:20.0363 PM
[ReportManager] Browser Action [NavigateToURL] successfully performed. With the following test data [https://fineuploader.com/demos.html#gallery-view]. @30-10-2021 19:18:21.0953 PM
[ReportManager] File Action [GetAbsolutePath] successfully performed. With the following test data [Relative File Path: "src/main/resources/images/shaft.png"]. @30-10-2021 19:18:21.0953 PM
[ReportManager] Successfully created attachment [File Action Actual Result - Command Log] @30-10-2021 19:18:21.0953 PM
[ReportManager] Element Action [TypeFileLocationForUpload] successfully performed. With the following test data [/home/runner/work/SHAFT_ENGINE/SHAFT_ENGINE/src/main/resources/images/shaft.png]. @30-10-2021 19:18:22.0128 PM
[ReportManager] Attempting to getAttribute [src] from elementLocator [By.xpath: //div[@id='fine-uploader-gallery']//div[@class='qq-thumbnail-wrapper']/img]. @30-10-2021 19:18:22.0128 PM
[ReportManager] Element Action [GetAttribute] successfully performed. @30-10-2021 19:18:22.0254 PM
[ReportManager] Successfully created attachment [Element Action Test Data - GetAttribute - Actual Value] @30-10-2021 19:18:22.0254 PM
[ReportManager] Loaded Shared OpenCV @30-10-2021 19:18:22.0478 PM
[ReportManager] Assertion [ValidateElementAttribute] PASSED. Expected and Actual values are attached. Comparison Type [CONTAINS]. Validation Type [POSITIVE]. @30-10-2021 19:18:22.0687 PM
[ReportManager] Successfully created attachment [Validation Test Data - Expected Value] @30-10-2021 19:18:22.0688 PM
[ReportManager] Successfully created attachment [Validation Test Data - Actual Value] @30-10-2021 19:18:22.0688 PM
[ReportManager] Successfully created attachment [Screenshot - 1635621502478_uploadFile_invisibleUploadInput_ValidateElementAttribute_passed] @30-10-2021 19:18:22.0690 P
[ReportManager] Browser Action [CloseCurrentWindow] successfully performed. @30-10-2021 19:18:22.0844 PM
[ReportManager] Successfully created attachment [Browser Action Test Data - CloseCurrentWindow - Actual Value] @30-10-2021 19:18:22.0844 P
[ReportManager] File Action [GetAbsolutePath] successfully performed. With the following test data [Relative Folder Path: "target/downloadedFiles/"]. @30-10-2021 19:18:22.0848 PM
[ReportManager] Attempting to run remotely on: [Linux-64], [GoogleChrome], [http://localhost:4444/wd/hub], Headless Execution. @30-10-2021 19:18:22.0848 PM
[ReportManager] Successfully Opened [GoogleChrome]. @30-10-2021 19:18:25.0288 P

################################################################################################################################################
Starting Execution:	[137 out of 143] test cases in the current suite
Test Method:		[testPackage01.Test_uploadFile.uploadFile_visibleUploadInput]
################################################################################################################################################
[ReportManager] Target URL: [http://demo.guru99.com/test/upload/] @30-10-2021 19:18:25.0299 PM
[ReportManager] Initial URL: [data:,] @30-10-2021 19:18:25.0349 PM
[ReportManager] Browser Action [NavigateToURL] successfully performed. With the following test data [http://demo.guru99.com/test/upload/]. @30-10-2021 19:18:26.0521 PM
[ReportManager] File Action [GetAbsolutePath] successfully performed. With the following test data [Relative File Path: "src/main/resources/images/shaft.png"]. @30-10-2021 19:18:26.0521 PM
[ReportManager] Successfully created attachment [File Action Actual Result - Command Log] @30-10-2021 19:18:26.0522 PM
[ReportManager] Element Action [TypeFileLocationForUpload] successfully performed. With the following test data [/home/runner/work/SHAFT_ENGINE/SHAFT_ENGINE/src/main/resources/images/shaft.png]. @30-10-2021 19:18:26.0629 PM
[ReportManager] Element Action [Click] successfully performed. With the following test data [on]. @30-10-2021 19:18:27.0078 PM
[ReportManager] Element Action [Click] successfully performed. With the following test data [Submit File]. @30-10-2021 19:18:27.0516 PM
[ReportManager] Element Action [GetText] successfully performed. With the following test data [1 file
has been successfully uploaded.]. @30-10-2021 19:18:27.0673 PM
[ReportManager] Loaded Shared OpenCV @30-10-2021 19:18:27.0882 PM
[ReportManager] Assertion [ValidateElementAttribute] PASSED. Expected [Value Should be '1 file' for the 'Text' attribute, element locator 'By.id: res'] and Actual [1 file
has been successfully uploaded.]. Comparison Type [CONTAINS]. Validation Type [POSITIVE]. @30-10-2021 19:18:28.0062 PM
[ReportManager] Successfully created attachment [Screenshot - 1635621507882_uploadFile_visibleUploadInput_ValidateElementAttribute_passed] @30-10-2021 19:18:28.0063 P
[ReportManager] Browser Action [CloseCurrentWindow] successfully performed. @30-10-2021 19:18:28.0201 PM
[ReportManager] Successfully created attachment [Browser Action Test Data - CloseCurrentWindow - Actual Value] @30-10-2021 19:18:28.0202 P

################################################################################################################################################
Starting Execution:	[138 out of 143] test cases in the current suite
Test Method:		[testPackage01.Test_SelectedValue.multipleSelect]
################################################################################################################################################
[ReportManager] File Action [GetAbsolutePath] successfully performed. With the following test data [Relative Folder Path: "target/downloadedFiles/"]. @30-10-2021 19:18:28.0208 PM
[ReportManager] Attempting to run remotely on: [Linux-64], [GoogleChrome], [http://localhost:4444/wd/hub], Headless Execution. @30-10-2021 19:18:28.0208 PM
[ReportManager] Successfully Opened [GoogleChrome]. @30-10-2021 19:18:30.0298 PM
[ReportManager] Target URL: [https://yari-demos.prod.mdn.mozit.cloud/en-US/docs/Web/HTML/Element/select/_sample_.Advanced_select_with_multiple_features.html] @30-10-2021 19:18:30.0298 PM
[ReportManager] Initial URL: [data:,] @30-10-2021 19:18:30.0333 PM
[ReportManager] Browser Action [NavigateToURL] successfully performed. With the following test data [https://yari-demos.prod.mdn.mozit.cloud/en-US/docs/Web/HTML/Element/select/_sample_.Advanced_select_with_multiple_features.html]. @30-10-2021 19:18:30.0692 PM
[ReportManager] Element Action [Select] successfully performed. With the following test data [Dog]. @30-10-2021 19:18:30.0967 PM
[ReportManager] Element Action [Select] successfully performed. With the following test data [Cat]. @30-10-2021 19:18:31.0231 PM
[ReportManager] Element Action [GetSelectedText] successfully performed. With the following test data [DogCat]. @30-10-2021 19:18:31.0390 PM
[ReportManager] DogCat @30-10-2021 19:18:31.0390 PM
[ReportManager] Element Action [GetSelectedText] successfully performed. With the following test data [DogCat]. @30-10-2021 19:18:31.0543 PM
[ReportManager] Loaded Shared OpenCV @30-10-2021 19:18:31.0782 PM
[ReportManager] Assertion [ValidateElementAttribute] PASSED. Expected [Value Should be 'DogCat' for the 'selectedText' attribute, element locator 'By.tagName: select'] and Actual [DogCat]. Comparison Type [EQUALS]. Validation Type [POSITIVE]. @30-10-2021 19:18:31.0965 PM
[ReportManager] Successfully created attachment [Screenshot - 1635621511782_multipleSelect_ValidateElementAttribute_passed] @30-10-2021 19:18:31.0966 PM
[ReportManager] Browser Action [CloseCurrentWindow] successfully performed. @30-10-2021 19:18:32.0075 PM
[ReportManager] Successfully created attachment [Browser Action Test Data - CloseCurrentWindow - Actual Value] @30-10-2021 19:18:32.0076 P

################################################################################################################################################
Starting Execution:	[139 out of 143] test cases in the current suite
Test Method:		[testPackage01.Test_SelectedValue.simpleSelect]
################################################################################################################################################
[ReportManager] File Action [GetAbsolutePath] successfully performed. With the following test data [Relative Folder Path: "target/downloadedFiles/"]. @30-10-2021 19:18:32.0119 PM
[ReportManager] Attempting to run remotely on: [Linux-64], [GoogleChrome], [http://localhost:4444/wd/hub], Headless Execution. @30-10-2021 19:18:32.0119 PM
[ReportManager] Successfully Opened [GoogleChrome]. @30-10-2021 19:18:35.0298 PM
[ReportManager] Target URL: [https://yari-demos.prod.mdn.mozit.cloud/en-US/docs/Web/HTML/Element/select/_sample_.Basic_select.html] @30-10-2021 19:18:35.0299 PM
[ReportManager] Initial URL: [data:,] @30-10-2021 19:18:35.0389 PM
[ReportManager] Browser Action [NavigateToURL] successfully performed. With the following test data [https://yari-demos.prod.mdn.mozit.cloud/en-US/docs/Web/HTML/Element/select/_sample_.Basic_select.html]. @30-10-2021 19:18:35.0625 PM
[ReportManager] Element Action [Select] successfully performed. With the following test data [Third Value]. @30-10-2021 19:18:36.0004 PM
[ReportManager] Element Action [GetSelectedText] successfully performed. With the following test data [Third Value]. @30-10-2021 19:18:36.0115 PM
[ReportManager] Third Value @30-10-2021 19:18:36.0115 PM
[ReportManager] Element Action [GetSelectedText] successfully performed. With the following test data [Third Value]. @30-10-2021 19:18:36.0228 PM
[ReportManager] Loaded Shared OpenCV @30-10-2021 19:18:36.0430 PM
[ReportManager] Assertion [ValidateElementAttribute] PASSED. Expected [Value Should be 'Third Value' for the 'selectedText' attribute, element locator 'By.tagName: select'] and Actual [Third Value]. Comparison Type [EQUALS]. Validation Type [POSITIVE]. @30-10-2021 19:18:36.0615 PM
[ReportManager] Successfully created attachment [Screenshot - 1635621516430_simpleSelect_ValidateElementAttribute_passed] @30-10-2021 19:18:36.0616 PM
[ReportManager] Browser Action [CloseCurrentWindow] successfully performed. @30-10-2021 19:18:36.0708 PM
[ReportManager] Successfully created attachment [Browser Action Test Data - CloseCurrentWindow - Actual Value] @30-10-2021 19:18:36.0708 P

################################################################################################################################################
Starting Execution:	[140 out of 143] test cases in the current suite
Test Method:		[testPackage01.Test_JSONFileManager.readStringFromJson]
################################################################################################################################################
[ReportManager] Successfully loaded the following test data file [src/test/resources/TestDataFiles/simpleJSON.json]. @30-10-2021 19:18:36.0714 PM
[ReportManager] Successfully created attachment [Test Data - JSON] @30-10-2021 19:18:36.0715 PM
[ReportManager] Assertion [ValidateEquals] PASSED. Expected [Mohab Mohie] and Actual [Mohab Mohie]. Comparison Type [EQUALS]. Validation Type [POSITIVE]. @30-10-2021 19:18:36.0730 P
[ReportManager] Successfully loaded the following test data file [src/test/resources/TestDataFiles/testSuite01/TestData.xlsx]. @30-10-2021 19:18:36.0764 PM
[ReportManager] Successfully created attachment [Test Data - Excel] @30-10-2021 19:18:36.0765 PM
[ReportManager] Attempting to run using Playwright locally on: [Linux-64], [GoogleChrome], Headless Execution. @30-10-2021 19:18:51.0112 PM
[ReportManager] File Action [GetAbsolutePath] successfully performed. With the following test data [Relative Folder Path: "target/downloadedFiles/"]. @30-10-2021 19:18:51.0113 PM
[ReportManager] Initial window size: (1280, 720) @30-10-2021 19:18:51.0429 PM
[ReportManager] Window size after Toolkit: com.microsoft.playwright.options.ViewportSize@6c06fdb5 @30-10-2021 19:18:51.0435 PM
[ReportManager] Browser Action [MaximizeWindow] successfully performed. With the following test data [New screen size is now: (1920, 1080)]. @30-10-2021 19:18:51.0436 P

################################################################################################################################################
Starting Execution:	[141 out of 143] test cases in the current suite
Test Method:		[testPackage01.Test_google_playwright.navigateToURLandVerifyGoogleLogoIsDisplayed]
Test Description:	[TC001 - Navigate to URL and Verify Google Logo is Displayed]
################################################################################################################################################
[ReportManager] Target URL: [https://www.google.com/ncr], and after redirection: [https://www.google.com] @30-10-2021 19:18:51.0440 PM
[ReportManager] Initial URL: [about:blank] @30-10-2021 19:18:51.0921 PM
[ReportManager] Browser Action [NavigateToURL] successfully performed. With the following test data [https://www.google.com/ncr]. @30-10-2021 19:18:54.0141 PM
[ReportManager] Loaded Shared OpenCV @30-10-2021 19:18:54.0343 PM
[ReportManager] Assertion [ValidateElementExists] PASSED. Expected [Element Should Exist, locator 'xpath=//*[@id='hplogo' or @alt='Google']'] and Actual [Element Exists]. Comparison Type [EQUALS]. Validation Type [POSITIVE]. @30-10-2021 19:18:54.0531 PM
[ReportManager] Successfully created attachment [Screenshot - 1635621534335_navigateToURLandVerifyGoogleLogoIsDisplayed_ValidateElementExists_passed] @30-10-2021 19:18:54.0532 P

################################################################################################################################################
Starting Execution:	[142 out of 143] test cases in the current suite
Test Method:		[testPackage01.Test_google_playwright.searchForQueryandAssertResultsNumDisplayed]
Test Description:	[TC002 - Search for Query and Assert that the number of results is displayed]
################################################################################################################################################
[ReportManager] Element Action [Type] successfully performed. With the following test data [SHAFT_Engine]. @30-10-2021 19:18:54.0783 PM
[ReportManager] Element Action [KeyPress] successfully performed. With the following test data [Enter]. @30-10-2021 19:18:54.0810 PM
[ReportManager] Element Action [GetText] successfully performed. With the following test data [About 878,000 results (0.69 seconds)]. @30-10-2021 19:18:55.0910 PM
[ReportManager] Loaded Shared OpenCV @30-10-2021 19:18:57.0950 PM
[ReportManager] Assertion [ValidateElementAttribute] PASSED. Expected [Value Should not be '' for the 'text' attribute, element locator 'xpath=//div[@id='appbar']'] and Actual [About 878,000 results (0.69 seconds)]. Comparison Type [EQUALS]. Validation Type [NEGATIVE]. @30-10-2021 19:18:58.0186 PM
[ReportManager] Successfully created attachment [Screenshot - 1635621537949_searchForQueryandAssertResultsNumDisplayed_ValidateElementAttribute_passed] @30-10-2021 19:18:58.0189 P

################################################################################################################################################
Starting Execution:	[143 out of 143] test cases in the current suite
Test Method:		[testPackage01.Test_google_playwright.clickNextThrice]
Test Description:	[TC003 - Clicks the next button to make sure that the framework can scroll element into view before clicking it]
################################################################################################################################################
[ReportManager] Element Action [Click] successfully performed. With the following test data [Next]. @30-10-2021 19:18:58.0416 P
[ReportManager] Failed to find video recording. @30-10-2021 19:18:58.0420 PM
[ReportManager] Successfully Closed PlayWright Driver. @30-10-2021 19:18:58.0456 P

################################################################################################################################################
Test Closure Activities
################################################################################################################################################
[ReportManager] Successfully created attachment [SHAFT Engine Logs - Execution log] @30-10-2021 19:18:58.0478 PM

################################################################################################################################################
This test run was powered by SHAFT Engine Version: [SHAFT Engine v5.4.20211025-BETA]
SHAFT Engine is licensed under the MIT License: [https://github.com/MohabMohie/SHAFT_ENGINE/blob/master/LICENSE].
################################################################################################################################################