################################################################################################################################################
Detected SHAFT Engine Version: [SHAFT Engine v5.4.20211011]
################################################################################################################################################

################################################################################################################################################
Starting Execution:	[1 out of 143] test cases in the current suite
Test Method:		[unitTests.tests_validations_assertions.assertComparativeRelation_greaterThanOrEquals_false_equals_expectedToFail]
################################################################################################################################################
[ReportManager] Assertion [ValidateComparativeRelation] FAILED. Expected [1] and Actual [1]. Comparison Type [GREATER_THAN_OR_EQUALS]. Validation Type [NEGATIVE]. @25-10-2021 01:53:56.0720 A

################################################################################################################################################
Starting Execution:	[2 out of 143] test cases in the current suite
Test Method:		[unitTests.tests_validations_assertions.assertComparativeRelation_greaterThanOrEquals_false_equals_expectedToPass]
################################################################################################################################################
[ReportManager] Assertion [ValidateComparativeRelation] PASSED. Expected [2] and Actual [1]. Comparison Type [GREATER_THAN_OR_EQUALS]. Validation Type [NEGATIVE]. @25-10-2021 01:53:56.0825 A

################################################################################################################################################
Starting Execution:	[3 out of 143] test cases in the current suite
Test Method:		[unitTests.tests_validations_assertions.assertComparativeRelation_greaterThanOrEquals_false_greaterThan_expectedToFail]
################################################################################################################################################
[ReportManager] Assertion [ValidateComparativeRelation] FAILED. Expected [1] and Actual [2]. Comparison Type [GREATER_THAN_OR_EQUALS]. Validation Type [NEGATIVE]. @25-10-2021 01:53:56.0831 A

################################################################################################################################################
Starting Execution:	[4 out of 143] test cases in the current suite
Test Method:		[unitTests.tests_validations_assertions.assertComparativeRelation_greaterThanOrEquals_false_greaterThan_expectedToPass]
################################################################################################################################################
[ReportManager] Assertion [ValidateComparativeRelation] PASSED. Expected [2] and Actual [1]. Comparison Type [GREATER_THAN_OR_EQUALS]. Validation Type [NEGATIVE]. @25-10-2021 01:53:56.0837 A

################################################################################################################################################
Starting Execution:	[5 out of 143] test cases in the current suite
Test Method:		[unitTests.tests_validations_assertions.assertComparativeRelation_greaterThanOrEquals_true_equals_expectedToFail]
################################################################################################################################################
[ReportManager] Assertion [ValidateComparativeRelation] FAILED. Expected [1] and Actual [0]. Comparison Type [GREATER_THAN_OR_EQUALS]. Validation Type [POSITIVE]. @25-10-2021 01:53:56.0842 A

################################################################################################################################################
Starting Execution:	[6 out of 143] test cases in the current suite
Test Method:		[unitTests.tests_validations_assertions.assertComparativeRelation_greaterThanOrEquals_true_equals_expectedToPass]
################################################################################################################################################
[ReportManager] Assertion [ValidateComparativeRelation] PASSED. Expected [1] and Actual [1]. Comparison Type [GREATER_THAN_OR_EQUALS]. Validation Type [POSITIVE]. @25-10-2021 01:53:56.0846 A

################################################################################################################################################
Starting Execution:	[7 out of 143] test cases in the current suite
Test Method:		[unitTests.tests_validations_assertions.assertComparativeRelation_greaterThanOrEquals_true_greaterThan_expectedToFail]
################################################################################################################################################
[ReportManager] Assertion [ValidateComparativeRelation] FAILED. Expected [2] and Actual [1]. Comparison Type [GREATER_THAN_OR_EQUALS]. Validation Type [POSITIVE]. @25-10-2021 01:53:56.0850 A

################################################################################################################################################
Starting Execution:	[8 out of 143] test cases in the current suite
Test Method:		[unitTests.tests_validations_assertions.assertComparativeRelation_greaterThanOrEquals_true_greaterThan_expectedToPass]
################################################################################################################################################
[ReportManager] Assertion [ValidateComparativeRelation] PASSED. Expected [1] and Actual [2]. Comparison Type [GREATER_THAN_OR_EQUALS]. Validation Type [POSITIVE]. @25-10-2021 01:53:56.0856 A
[ReportManager] File Action [GetAbsolutePath] successfully performed. With the following test data [Relative Folder Path: "target/downloadedFiles/"]. @25-10-2021 01:53:56.0867 AM
[ReportManager] Attempting to run remotely on: [Linux-64], [GoogleChrome], [http://localhost:4444/wd/hub], Headless Execution. @25-10-2021 01:53:56.0921 AM
[ReportManager] Successfully Opened [GoogleChrome]. @25-10-2021 01:53:58.0367 AM
[ReportManager] Target URL: [https://www.google.com/ncr], and after redirection: [www.google.com] @25-10-2021 01:53:58.0425 AM
[ReportManager] Initial URL: [data:,] @25-10-2021 01:53:58.0532 AM
[ReportManager] Browser Action [NavigateToURL] successfully performed. With the following test data [https://www.google.com/ncr]. @25-10-2021 01:53:59.0943 A

################################################################################################################################################
Starting Execution:	[9 out of 143] test cases in the current suite
Test Method:		[unitTests.tests_validations_assertions.assertElementAttribute_false_caseInsensitiveComparison_expectedToFail]
################################################################################################################################################
[ReportManager] Element Action [Type] successfully performed. With the following test data [AUTOMATION]. @25-10-2021 01:54:00.0404 AM
[ReportManager] Element Action [GetText] successfully performed. With the following test data [AUTOMATION]. @25-10-2021 01:54:00.0538 AM
[ReportManager] Loaded Shared OpenCV @25-10-2021 01:54:01.0199 AM
[ReportManager] Assertion [ValidateElementAttribute] FAILED. Expected [Value Should not be 'AutomaTion' for the 'text' attribute, element locator 'By.name: q'] and Actual [AUTOMATION]. Comparison Type [CASE_INSENSITIVE]. Validation Type [NEGATIVE]. @25-10-2021 01:54:01.0461 AM
[ReportManager] Successfully created attachment [Screenshot - 1635126840760_assertElementAttribute_false_caseInsensitiveComparison_expectedToFail_ValidateElementAttribute_failed] @25-10-2021 01:54:01.0480 A
[ReportManager] Browser Action [CloseCurrentWindow] successfully performed. @25-10-2021 01:54:01.0639 AM
[ReportManager] Successfully created attachment [Browser Action Test Data - CloseCurrentWindow - Actual Value] @25-10-2021 01:54:01.0643 A
[ReportManager] File Action [GetAbsolutePath] successfully performed. With the following test data [Relative Folder Path: "target/downloadedFiles/"]. @25-10-2021 01:54:01.0656 AM
[ReportManager] Attempting to run remotely on: [Linux-64], [GoogleChrome], [http://localhost:4444/wd/hub], Headless Execution. @25-10-2021 01:54:01.0656 AM
[ReportManager] Successfully Opened [GoogleChrome]. @25-10-2021 01:54:01.0887 AM
[ReportManager] Target URL: [https://www.google.com/ncr], and after redirection: [www.google.com] @25-10-2021 01:54:01.0912 AM
[ReportManager] Initial URL: [data:,] @25-10-2021 01:54:01.0970 AM
[ReportManager] Browser Action [NavigateToURL] successfully performed. With the following test data [https://www.google.com/ncr]. @25-10-2021 01:54:02.0820 A

################################################################################################################################################
Starting Execution:	[10 out of 143] test cases in the current suite
Test Method:		[unitTests.tests_validations_assertions.assertElementAttribute_false_caseInsensitiveComparison_expectedToPass]
################################################################################################################################################
[ReportManager] Element Action [Type] successfully performed. With the following test data [AUTOMATION]. @25-10-2021 01:54:03.0227 AM
[ReportManager] Element Action [GetText] successfully performed. With the following test data [AUTOMATION]. @25-10-2021 01:54:03.0360 AM
[ReportManager] Loaded Shared OpenCV @25-10-2021 01:54:03.0523 AM
[ReportManager] Assertion [ValidateElementAttribute] PASSED. Expected [Value Should not be 'AutomaTion123' for the 'text' attribute, element locator 'By.name: q'] and Actual [AUTOMATION]. Comparison Type [CASE_INSENSITIVE]. Validation Type [NEGATIVE]. @25-10-2021 01:54:03.0654 AM
[ReportManager] Successfully created attachment [Screenshot - 1635126843523_assertElementAttribute_false_caseInsensitiveComparison_expectedToPass_ValidateElementAttribute_passed] @25-10-2021 01:54:03.0657 A
[ReportManager] Browser Action [CloseCurrentWindow] successfully performed. @25-10-2021 01:54:03.0803 AM
[ReportManager] Successfully created attachment [Browser Action Test Data - CloseCurrentWindow - Actual Value] @25-10-2021 01:54:03.0805 A
[ReportManager] File Action [GetAbsolutePath] successfully performed. With the following test data [Relative Folder Path: "target/downloadedFiles/"]. @25-10-2021 01:54:03.0816 AM
[ReportManager] Attempting to run remotely on: [Linux-64], [GoogleChrome], [http://localhost:4444/wd/hub], Headless Execution. @25-10-2021 01:54:03.0816 AM
[ReportManager] Successfully Opened [GoogleChrome]. @25-10-2021 01:54:04.0066 AM
[ReportManager] Target URL: [https://www.google.com/ncr], and after redirection: [www.google.com] @25-10-2021 01:54:04.0084 AM
[ReportManager] Initial URL: [data:,] @25-10-2021 01:54:04.0177 AM
[ReportManager] Browser Action [NavigateToURL] successfully performed. With the following test data [https://www.google.com/ncr]. @25-10-2021 01:54:04.0969 A

################################################################################################################################################
Starting Execution:	[11 out of 143] test cases in the current suite
Test Method:		[unitTests.tests_validations_assertions.assertElementAttribute_false_containsComparison_expectedToFail]
################################################################################################################################################
[ReportManager] Element Action [Type] successfully performed. With the following test data [Automation123]. @25-10-2021 01:54:05.0313 AM
[ReportManager] Element Action [GetText] successfully performed. With the following test data [Automation123]. @25-10-2021 01:54:05.0433 AM
[ReportManager] Loaded Shared OpenCV @25-10-2021 01:54:05.0579 AM
[ReportManager] Assertion [ValidateElementAttribute] FAILED. Expected [Value Should not be 'Automation' for the 'text' attribute, element locator 'By.name: q'] and Actual [Automation123]. Comparison Type [CONTAINS]. Validation Type [NEGATIVE]. @25-10-2021 01:54:05.0650 AM
[ReportManager] Successfully created attachment [Screenshot - 1635126845579_assertElementAttribute_false_containsComparison_expectedToFail_ValidateElementAttribute_failed] @25-10-2021 01:54:05.0651 A
[ReportManager] Browser Action [CloseCurrentWindow] successfully performed. @25-10-2021 01:54:05.0802 AM
[ReportManager] Successfully created attachment [Browser Action Test Data - CloseCurrentWindow - Actual Value] @25-10-2021 01:54:05.0803 A
[ReportManager] File Action [GetAbsolutePath] successfully performed. With the following test data [Relative Folder Path: "target/downloadedFiles/"]. @25-10-2021 01:54:05.0807 AM
[ReportManager] Attempting to run remotely on: [Linux-64], [GoogleChrome], [http://localhost:4444/wd/hub], Headless Execution. @25-10-2021 01:54:05.0808 AM
[ReportManager] Successfully Opened [GoogleChrome]. @25-10-2021 01:54:06.0026 AM
[ReportManager] Target URL: [https://www.google.com/ncr], and after redirection: [www.google.com] @25-10-2021 01:54:06.0043 AM
[ReportManager] Initial URL: [data:,] @25-10-2021 01:54:06.0110 AM
[ReportManager] Browser Action [NavigateToURL] successfully performed. With the following test data [https://www.google.com/ncr]. @25-10-2021 01:54:06.0871 A

################################################################################################################################################
Starting Execution:	[12 out of 143] test cases in the current suite
Test Method:		[unitTests.tests_validations_assertions.assertElementAttribute_false_containsComparison_expectedToPass]
################################################################################################################################################
[ReportManager] Element Action [Type] successfully performed. With the following test data [Automation123]. @25-10-2021 01:54:07.0247 AM
[ReportManager] Element Action [GetText] successfully performed. With the following test data [Automation123]. @25-10-2021 01:54:07.0355 AM
[ReportManager] Loaded Shared OpenCV @25-10-2021 01:54:07.0476 AM
[ReportManager] Assertion [ValidateElementAttribute] PASSED. Expected [Value Should not be 'Automation1234' for the 'text' attribute, element locator 'By.name: q'] and Actual [Automation123]. Comparison Type [CONTAINS]. Validation Type [NEGATIVE]. @25-10-2021 01:54:07.0551 AM
[ReportManager] Successfully created attachment [Screenshot - 1635126847476_assertElementAttribute_false_containsComparison_expectedToPass_ValidateElementAttribute_passed] @25-10-2021 01:54:07.0552 A
[ReportManager] Browser Action [CloseCurrentWindow] successfully performed. @25-10-2021 01:54:07.0696 AM
[ReportManager] Successfully created attachment [Browser Action Test Data - CloseCurrentWindow - Actual Value] @25-10-2021 01:54:07.0698 A
[ReportManager] File Action [GetAbsolutePath] successfully performed. With the following test data [Relative Folder Path: "target/downloadedFiles/"]. @25-10-2021 01:54:07.0706 AM
[ReportManager] Attempting to run remotely on: [Linux-64], [GoogleChrome], [http://localhost:4444/wd/hub], Headless Execution. @25-10-2021 01:54:07.0707 AM
[ReportManager] Successfully Opened [GoogleChrome]. @25-10-2021 01:54:07.0933 AM
[ReportManager] Target URL: [https://www.google.com/ncr], and after redirection: [www.google.com] @25-10-2021 01:54:07.0946 AM
[ReportManager] Initial URL: [data:,] @25-10-2021 01:54:08.0000 AM
[ReportManager] Browser Action [NavigateToURL] successfully performed. With the following test data [https://www.google.com/ncr]. @25-10-2021 01:54:08.0760 A

################################################################################################################################################
Starting Execution:	[13 out of 143] test cases in the current suite
Test Method:		[unitTests.tests_validations_assertions.assertElementAttribute_false_literalComparison_expectedToFail]
################################################################################################################################################
[ReportManager] Element Action [Type] successfully performed. With the following test data [Automation!@#$%^&*()_+{}[]\';/.,]. @25-10-2021 01:54:09.0185 AM
[ReportManager] Element Action [GetText] successfully performed. With the following test data [Automation!@#$%^&*()_+{}[]\';/.,]. @25-10-2021 01:54:09.0317 AM
[ReportManager] Loaded Shared OpenCV @25-10-2021 01:54:09.0451 AM
[ReportManager] Assertion [ValidateElementAttribute] PASSED. Expected [Value Should not be 'Automation!@#$%^&*()_+{}[]\\';/.,' for the 'text' attribute, element locator 'By.name: q'] and Actual [Automation!@#$%^&*()_+{}[]\';/.,]. Comparison Type [EQUALS]. Validation Type [NEGATIVE]. @25-10-2021 01:54:09.0524 AM
[ReportManager] Successfully created attachment [Screenshot - 1635126849451_assertElementAttribute_false_literalComparison_expectedToFail_ValidateElementAttribute_passed] @25-10-2021 01:54:09.0525 A
[ReportManager] Browser Action [CloseCurrentWindow] successfully performed. @25-10-2021 01:54:09.0662 AM
[ReportManager] Successfully created attachment [Browser Action Test Data - CloseCurrentWindow - Actual Value] @25-10-2021 01:54:09.0664 A
[ReportManager] File Action [GetAbsolutePath] successfully performed. With the following test data [Relative Folder Path: "target/downloadedFiles/"]. @25-10-2021 01:54:09.0671 AM
[ReportManager] Attempting to run remotely on: [Linux-64], [GoogleChrome], [http://localhost:4444/wd/hub], Headless Execution. @25-10-2021 01:54:09.0671 AM
[ReportManager] Successfully Opened [GoogleChrome]. @25-10-2021 01:54:09.0860 AM
[ReportManager] Target URL: [https://www.google.com/ncr], and after redirection: [www.google.com] @25-10-2021 01:54:09.0884 AM
[ReportManager] Initial URL: [data:,] @25-10-2021 01:54:09.0928 AM
[ReportManager] Browser Action [NavigateToURL] successfully performed. With the following test data [https://www.google.com/ncr]. @25-10-2021 01:54:10.0728 A

################################################################################################################################################
Starting Execution:	[14 out of 143] test cases in the current suite
Test Method:		[unitTests.tests_validations_assertions.assertElementAttribute_false_literalComparison_expectedToPass]
################################################################################################################################################
[ReportManager] Element Action [Type] successfully performed. With the following test data [Automation!@#$%^&*()_+{}[]\';/.,]. @25-10-2021 01:54:11.0144 AM
[ReportManager] Element Action [GetText] successfully performed. With the following test data [Automation!@#$%^&*()_+{}[]\';/.,]. @25-10-2021 01:54:11.0267 AM
[ReportManager] Loaded Shared OpenCV @25-10-2021 01:54:11.0401 AM
[ReportManager] Assertion [ValidateElementAttribute] PASSED. Expected [Value Should not be 'Automation' for the 'text' attribute, element locator 'By.name: q'] and Actual [Automation!@#$%^&*()_+{}[]\';/.,]. Comparison Type [EQUALS]. Validation Type [NEGATIVE]. @25-10-2021 01:54:11.0473 AM
[ReportManager] Successfully created attachment [Screenshot - 1635126851401_assertElementAttribute_false_literalComparison_expectedToPass_ValidateElementAttribute_passed] @25-10-2021 01:54:11.0474 A
[ReportManager] Browser Action [CloseCurrentWindow] successfully performed. @25-10-2021 01:54:11.0597 AM
[ReportManager] Successfully created attachment [Browser Action Test Data - CloseCurrentWindow - Actual Value] @25-10-2021 01:54:11.0598 A
[ReportManager] File Action [GetAbsolutePath] successfully performed. With the following test data [Relative Folder Path: "target/downloadedFiles/"]. @25-10-2021 01:54:11.0602 AM
[ReportManager] Attempting to run remotely on: [Linux-64], [GoogleChrome], [http://localhost:4444/wd/hub], Headless Execution. @25-10-2021 01:54:11.0602 AM
[ReportManager] Successfully Opened [GoogleChrome]. @25-10-2021 01:54:11.0812 AM
[ReportManager] Target URL: [https://www.google.com/ncr], and after redirection: [www.google.com] @25-10-2021 01:54:11.0844 AM
[ReportManager] Initial URL: [data:,] @25-10-2021 01:54:11.0894 AM
[ReportManager] Browser Action [NavigateToURL] successfully performed. With the following test data [https://www.google.com/ncr]. @25-10-2021 01:54:12.0701 A

################################################################################################################################################
Starting Execution:	[15 out of 143] test cases in the current suite
Test Method:		[unitTests.tests_validations_assertions.assertElementAttribute_false_regexComparison_expectedToFail]
################################################################################################################################################
[ReportManager] Element Action [Type] successfully performed. With the following test data [Automation123]. @25-10-2021 01:54:13.0028 AM
[ReportManager] Element Action [GetText] successfully performed. With the following test data [Automation123]. @25-10-2021 01:54:13.0115 AM
[ReportManager] Loaded Shared OpenCV @25-10-2021 01:54:13.0242 AM
[ReportManager] Assertion [ValidateElementAttribute] FAILED. Expected [Value Should not be 'Automation.*' for the 'text' attribute, element locator 'By.name: q'] and Actual [Automation123]. Comparison Type [MATCHES]. Validation Type [NEGATIVE]. @25-10-2021 01:54:13.0310 AM
[ReportManager] Successfully created attachment [Screenshot - 1635126853242_assertElementAttribute_false_regexComparison_expectedToFail_ValidateElementAttribute_failed] @25-10-2021 01:54:13.0311 A
[ReportManager] Browser Action [CloseCurrentWindow] successfully performed. @25-10-2021 01:54:13.0434 AM
[ReportManager] Successfully created attachment [Browser Action Test Data - CloseCurrentWindow - Actual Value] @25-10-2021 01:54:13.0435 A
[ReportManager] File Action [GetAbsolutePath] successfully performed. With the following test data [Relative Folder Path: "target/downloadedFiles/"]. @25-10-2021 01:54:13.0441 AM
[ReportManager] Attempting to run remotely on: [Linux-64], [GoogleChrome], [http://localhost:4444/wd/hub], Headless Execution. @25-10-2021 01:54:13.0442 AM
[ReportManager] Successfully Opened [GoogleChrome]. @25-10-2021 01:54:13.0655 AM
[ReportManager] Target URL: [https://www.google.com/ncr], and after redirection: [www.google.com] @25-10-2021 01:54:13.0675 AM
[ReportManager] Initial URL: [data:,] @25-10-2021 01:54:13.0726 AM
[ReportManager] Browser Action [NavigateToURL] successfully performed. With the following test data [https://www.google.com/ncr]. @25-10-2021 01:54:14.0518 A

################################################################################################################################################
Starting Execution:	[16 out of 143] test cases in the current suite
Test Method:		[unitTests.tests_validations_assertions.assertElementAttribute_false_regexComparison_expectedToPass]
################################################################################################################################################
[ReportManager] Element Action [Type] successfully performed. With the following test data [Automation123]. @25-10-2021 01:54:14.0877 AM
[ReportManager] Element Action [GetText] successfully performed. With the following test data [Automation123]. @25-10-2021 01:54:14.0982 AM
[ReportManager] Loaded Shared OpenCV @25-10-2021 01:54:15.0110 AM
[ReportManager] Assertion [ValidateElementAttribute] PASSED. Expected [Value Should not be 'Automation' for the 'text' attribute, element locator 'By.name: q'] and Actual [Automation123]. Comparison Type [MATCHES]. Validation Type [NEGATIVE]. @25-10-2021 01:54:15.0180 AM
[ReportManager] Successfully created attachment [Screenshot - 1635126855110_assertElementAttribute_false_regexComparison_expectedToPass_ValidateElementAttribute_passed] @25-10-2021 01:54:15.0181 A
[ReportManager] Browser Action [CloseCurrentWindow] successfully performed. @25-10-2021 01:54:15.0305 AM
[ReportManager] Successfully created attachment [Browser Action Test Data - CloseCurrentWindow - Actual Value] @25-10-2021 01:54:15.0306 A
[ReportManager] File Action [GetAbsolutePath] successfully performed. With the following test data [Relative Folder Path: "target/downloadedFiles/"]. @25-10-2021 01:54:15.0314 AM
[ReportManager] Attempting to run remotely on: [Linux-64], [GoogleChrome], [http://localhost:4444/wd/hub], Headless Execution. @25-10-2021 01:54:15.0314 AM
[ReportManager] Successfully Opened [GoogleChrome]. @25-10-2021 01:54:15.0564 AM
[ReportManager] Target URL: [https://www.google.com/ncr], and after redirection: [www.google.com] @25-10-2021 01:54:15.0583 AM
[ReportManager] Initial URL: [data:,] @25-10-2021 01:54:15.0633 AM
[ReportManager] Browser Action [NavigateToURL] successfully performed. With the following test data [https://www.google.com/ncr]. @25-10-2021 01:54:16.0379 A

################################################################################################################################################
Starting Execution:	[17 out of 143] test cases in the current suite
Test Method:		[unitTests.tests_validations_assertions.assertElementAttribute_true_caseInsensitiveComparison_expectedToFail]
################################################################################################################################################
[ReportManager] Element Action [Type] successfully performed. With the following test data [AUTOMATION]. @25-10-2021 01:54:16.0715 AM
[ReportManager] Element Action [GetText] successfully performed. With the following test data [AUTOMATION]. @25-10-2021 01:54:16.0824 AM
[ReportManager] Loaded Shared OpenCV @25-10-2021 01:54:16.0947 AM
[ReportManager] Assertion [ValidateElementAttribute] FAILED. Expected [Value Should be 'AutomaTion123' for the 'text' attribute, element locator 'By.name: q'] and Actual [AUTOMATION]. Comparison Type [CASE_INSENSITIVE]. Validation Type [POSITIVE]. @25-10-2021 01:54:17.0031 AM
[ReportManager] Successfully created attachment [Screenshot - 1635126856947_assertElementAttribute_true_caseInsensitiveComparison_expectedToFail_ValidateElementAttribute_failed] @25-10-2021 01:54:17.0032 A
[ReportManager] Browser Action [CloseCurrentWindow] successfully performed. @25-10-2021 01:54:17.0190 AM
[ReportManager] Successfully created attachment [Browser Action Test Data - CloseCurrentWindow - Actual Value] @25-10-2021 01:54:17.0191 A
[ReportManager] File Action [GetAbsolutePath] successfully performed. With the following test data [Relative Folder Path: "target/downloadedFiles/"]. @25-10-2021 01:54:17.0194 AM
[ReportManager] Attempting to run remotely on: [Linux-64], [GoogleChrome], [http://localhost:4444/wd/hub], Headless Execution. @25-10-2021 01:54:17.0195 AM
[ReportManager] Successfully Opened [GoogleChrome]. @25-10-2021 01:54:17.0392 AM
[ReportManager] Target URL: [https://www.google.com/ncr], and after redirection: [www.google.com] @25-10-2021 01:54:17.0404 AM
[ReportManager] Initial URL: [data:,] @25-10-2021 01:54:17.0442 AM
[ReportManager] Browser Action [NavigateToURL] successfully performed. With the following test data [https://www.google.com/ncr]. @25-10-2021 01:54:18.0179 A

################################################################################################################################################
Starting Execution:	[18 out of 143] test cases in the current suite
Test Method:		[unitTests.tests_validations_assertions.assertElementAttribute_true_caseInsensitiveComparison_expectedToPass]
################################################################################################################################################
[ReportManager] Element Action [Type] successfully performed. With the following test data [AUTOMATION]. @25-10-2021 01:54:18.0535 AM
[ReportManager] Element Action [GetText] successfully performed. With the following test data [AUTOMATION]. @25-10-2021 01:54:18.0622 AM
[ReportManager] Loaded Shared OpenCV @25-10-2021 01:54:18.0752 AM
[ReportManager] Assertion [ValidateElementAttribute] PASSED. Expected [Value Should be 'AutomaTion' for the 'text' attribute, element locator 'By.name: q'] and Actual [AUTOMATION]. Comparison Type [CASE_INSENSITIVE]. Validation Type [POSITIVE]. @25-10-2021 01:54:18.0827 AM
[ReportManager] Successfully created attachment [Screenshot - 1635126858752_assertElementAttribute_true_caseInsensitiveComparison_expectedToPass_ValidateElementAttribute_passed] @25-10-2021 01:54:18.0828 A
[ReportManager] Browser Action [CloseCurrentWindow] successfully performed. @25-10-2021 01:54:18.0954 AM
[ReportManager] Successfully created attachment [Browser Action Test Data - CloseCurrentWindow - Actual Value] @25-10-2021 01:54:18.0955 A
[ReportManager] File Action [GetAbsolutePath] successfully performed. With the following test data [Relative Folder Path: "target/downloadedFiles/"]. @25-10-2021 01:54:18.0958 AM
[ReportManager] Attempting to run remotely on: [Linux-64], [GoogleChrome], [http://localhost:4444/wd/hub], Headless Execution. @25-10-2021 01:54:18.0958 AM
[ReportManager] Successfully Opened [GoogleChrome]. @25-10-2021 01:54:19.0141 AM
[ReportManager] Target URL: [https://www.google.com/ncr], and after redirection: [www.google.com] @25-10-2021 01:54:19.0156 AM
[ReportManager] Initial URL: [data:,] @25-10-2021 01:54:19.0198 AM
[ReportManager] Browser Action [NavigateToURL] successfully performed. With the following test data [https://www.google.com/ncr]. @25-10-2021 01:54:19.0959 A

################################################################################################################################################
Starting Execution:	[19 out of 143] test cases in the current suite
Test Method:		[unitTests.tests_validations_assertions.assertElementAttribute_true_containsComparison_expectedToFail]
################################################################################################################################################
[ReportManager] Element Action [Type] successfully performed. With the following test data [Automation123]. @25-10-2021 01:54:20.0281 AM
[ReportManager] Element Action [GetText] successfully performed. With the following test data [Automation123]. @25-10-2021 01:54:20.0386 AM
[ReportManager] Loaded Shared OpenCV @25-10-2021 01:54:20.0524 AM
[ReportManager] Assertion [ValidateElementAttribute] FAILED. Expected [Value Should be 'Automation1234' for the 'text' attribute, element locator 'By.name: q'] and Actual [Automation123]. Comparison Type [CONTAINS]. Validation Type [POSITIVE]. @25-10-2021 01:54:20.0591 AM
[ReportManager] Successfully created attachment [Screenshot - 1635126860524_assertElementAttribute_true_containsComparison_expectedToFail_ValidateElementAttribute_failed] @25-10-2021 01:54:20.0592 A
[ReportManager] Browser Action [CloseCurrentWindow] successfully performed. @25-10-2021 01:54:20.0730 AM
[ReportManager] Successfully created attachment [Browser Action Test Data - CloseCurrentWindow - Actual Value] @25-10-2021 01:54:20.0731 A
[ReportManager] File Action [GetAbsolutePath] successfully performed. With the following test data [Relative Folder Path: "target/downloadedFiles/"]. @25-10-2021 01:54:20.0733 AM
[ReportManager] Attempting to run remotely on: [Linux-64], [GoogleChrome], [http://localhost:4444/wd/hub], Headless Execution. @25-10-2021 01:54:20.0734 AM
[ReportManager] Successfully Opened [GoogleChrome]. @25-10-2021 01:54:20.0969 AM
[ReportManager] Target URL: [https://www.google.com/ncr], and after redirection: [www.google.com] @25-10-2021 01:54:20.0982 AM
[ReportManager] Initial URL: [data:,] @25-10-2021 01:54:21.0025 AM
[ReportManager] Browser Action [NavigateToURL] successfully performed. With the following test data [https://www.google.com/ncr]. @25-10-2021 01:54:21.0912 A

################################################################################################################################################
Starting Execution:	[20 out of 143] test cases in the current suite
Test Method:		[unitTests.tests_validations_assertions.assertElementAttribute_true_containsComparison_expectedToPass]
################################################################################################################################################
[ReportManager] Element Action [Type] successfully performed. With the following test data [Automation123]. @25-10-2021 01:54:22.0303 AM
[ReportManager] Element Action [GetText] successfully performed. With the following test data [Automation123]. @25-10-2021 01:54:22.0388 AM
[ReportManager] Loaded Shared OpenCV @25-10-2021 01:54:22.0508 AM
[ReportManager] Assertion [ValidateElementAttribute] PASSED. Expected [Value Should be 'Automation' for the 'text' attribute, element locator 'By.name: q'] and Actual [Automation123]. Comparison Type [CONTAINS]. Validation Type [POSITIVE]. @25-10-2021 01:54:22.0578 AM
[ReportManager] Successfully created attachment [Screenshot - 1635126862508_assertElementAttribute_true_containsComparison_expectedToPass_ValidateElementAttribute_passed] @25-10-2021 01:54:22.0579 A
[ReportManager] Browser Action [CloseCurrentWindow] successfully performed. @25-10-2021 01:54:22.0697 AM
[ReportManager] Successfully created attachment [Browser Action Test Data - CloseCurrentWindow - Actual Value] @25-10-2021 01:54:22.0698 A
[ReportManager] File Action [GetAbsolutePath] successfully performed. With the following test data [Relative Folder Path: "target/downloadedFiles/"]. @25-10-2021 01:54:22.0701 AM
[ReportManager] Attempting to run remotely on: [Linux-64], [GoogleChrome], [http://localhost:4444/wd/hub], Headless Execution. @25-10-2021 01:54:22.0701 AM
[ReportManager] Successfully Opened [GoogleChrome]. @25-10-2021 01:54:22.0932 AM
[ReportManager] Target URL: [https://www.google.com/ncr], and after redirection: [www.google.com] @25-10-2021 01:54:22.0943 AM
[ReportManager] Initial URL: [data:,] @25-10-2021 01:54:22.0985 AM
[ReportManager] Browser Action [NavigateToURL] successfully performed. With the following test data [https://www.google.com/ncr]. @25-10-2021 01:54:23.0763 A

################################################################################################################################################
Starting Execution:	[21 out of 143] test cases in the current suite
Test Method:		[unitTests.tests_validations_assertions.assertElementAttribute_true_literalComparison_expectedToFail]
################################################################################################################################################
[ReportManager] Element Action [Type] successfully performed. With the following test data [Automation!@#$%^&*()_+{}[]\';/.,]. @25-10-2021 01:54:24.0221 AM
[ReportManager] Element Action [GetText] successfully performed. With the following test data [Automation!@#$%^&*()_+{}[]\';/.,]. @25-10-2021 01:54:24.0326 AM
[ReportManager] Loaded Shared OpenCV @25-10-2021 01:54:24.0486 AM
[ReportManager] Assertion [ValidateElementAttribute] FAILED. Expected [Value Should be 'Automation' for the 'text' attribute, element locator 'By.name: q'] and Actual [Automation!@#$%^&*()_+{}[]\';/.,]. Comparison Type [EQUALS]. Validation Type [POSITIVE]. @25-10-2021 01:54:24.0611 AM
[ReportManager] Successfully created attachment [Screenshot - 1635126864486_assertElementAttribute_true_literalComparison_expectedToFail_ValidateElementAttribute_failed] @25-10-2021 01:54:24.0612 A
[ReportManager] Browser Action [CloseCurrentWindow] successfully performed. @25-10-2021 01:54:24.0737 AM
[ReportManager] Successfully created attachment [Browser Action Test Data - CloseCurrentWindow - Actual Value] @25-10-2021 01:54:24.0738 A
[ReportManager] File Action [GetAbsolutePath] successfully performed. With the following test data [Relative Folder Path: "target/downloadedFiles/"]. @25-10-2021 01:54:24.0741 AM
[ReportManager] Attempting to run remotely on: [Linux-64], [GoogleChrome], [http://localhost:4444/wd/hub], Headless Execution. @25-10-2021 01:54:24.0741 AM
[ReportManager] Successfully Opened [GoogleChrome]. @25-10-2021 01:54:24.0991 AM
[ReportManager] Target URL: [https://www.google.com/ncr], and after redirection: [www.google.com] @25-10-2021 01:54:25.0002 AM
[ReportManager] Initial URL: [data:,] @25-10-2021 01:54:25.0044 AM
[ReportManager] Browser Action [NavigateToURL] successfully performed. With the following test data [https://www.google.com/ncr]. @25-10-2021 01:54:25.0776 A

################################################################################################################################################
Starting Execution:	[22 out of 143] test cases in the current suite
Test Method:		[unitTests.tests_validations_assertions.assertElementAttribute_true_literalComparison_expectedToPass]
################################################################################################################################################
[ReportManager] Element Action [Type] successfully performed. With the following test data [Automation!@#$%^&*()_+{}[]\';/.,]. @25-10-2021 01:54:26.0156 AM
[ReportManager] Element Action [GetText] successfully performed. With the following test data [Automation!@#$%^&*()_+{}[]\';/.,]. @25-10-2021 01:54:26.0256 AM
[ReportManager] Loaded Shared OpenCV @25-10-2021 01:54:26.0381 AM
[ReportManager] Assertion [ValidateElementAttribute] PASSED. Expected [Value Should be 'Automation!@#$%^&*()_+{}[]\';/.,' for the 'text' attribute, element locator 'By.name: q'] and Actual [Automation!@#$%^&*()_+{}[]\';/.,]. Comparison Type [EQUALS]. Validation Type [POSITIVE]. @25-10-2021 01:54:26.0458 AM
[ReportManager] Successfully created attachment [Screenshot - 1635126866381_assertElementAttribute_true_literalComparison_expectedToPass_ValidateElementAttribute_passed] @25-10-2021 01:54:26.0459 A
[ReportManager] Browser Action [CloseCurrentWindow] successfully performed. @25-10-2021 01:54:26.0578 AM
[ReportManager] Successfully created attachment [Browser Action Test Data - CloseCurrentWindow - Actual Value] @25-10-2021 01:54:26.0579 A
[ReportManager] File Action [GetAbsolutePath] successfully performed. With the following test data [Relative Folder Path: "target/downloadedFiles/"]. @25-10-2021 01:54:26.0582 AM
[ReportManager] Attempting to run remotely on: [Linux-64], [GoogleChrome], [http://localhost:4444/wd/hub], Headless Execution. @25-10-2021 01:54:26.0582 AM
[ReportManager] Successfully Opened [GoogleChrome]. @25-10-2021 01:54:26.0761 AM
[ReportManager] Target URL: [https://www.google.com/ncr], and after redirection: [www.google.com] @25-10-2021 01:54:26.0773 AM
[ReportManager] Initial URL: [data:,] @25-10-2021 01:54:26.0810 AM
[ReportManager] Browser Action [NavigateToURL] successfully performed. With the following test data [https://www.google.com/ncr]. @25-10-2021 01:54:27.0537 A

################################################################################################################################################
Starting Execution:	[23 out of 143] test cases in the current suite
Test Method:		[unitTests.tests_validations_assertions.assertElementAttribute_true_regexComparison_expectedToFail]
################################################################################################################################################
[ReportManager] Element Action [Type] successfully performed. With the following test data [Automation123]. @25-10-2021 01:54:27.0858 AM
[ReportManager] Element Action [GetText] successfully performed. With the following test data [Automation123]. @25-10-2021 01:54:27.0955 AM
[ReportManager] Loaded Shared OpenCV @25-10-2021 01:54:28.0124 AM
[ReportManager] Assertion [ValidateElementAttribute] FAILED. Expected [Value Should be 'Automation' for the 'text' attribute, element locator 'By.name: q'] and Actual [Automation123]. Comparison Type [MATCHES]. Validation Type [POSITIVE]. @25-10-2021 01:54:28.0191 AM
[ReportManager] Successfully created attachment [Screenshot - 1635126868124_assertElementAttribute_true_regexComparison_expectedToFail_ValidateElementAttribute_failed] @25-10-2021 01:54:28.0192 A
[ReportManager] Browser Action [CloseCurrentWindow] successfully performed. @25-10-2021 01:54:28.0321 AM
[ReportManager] Successfully created attachment [Browser Action Test Data - CloseCurrentWindow - Actual Value] @25-10-2021 01:54:28.0323 A
[ReportManager] File Action [GetAbsolutePath] successfully performed. With the following test data [Relative Folder Path: "target/downloadedFiles/"]. @25-10-2021 01:54:28.0327 AM
[ReportManager] Attempting to run remotely on: [Linux-64], [GoogleChrome], [http://localhost:4444/wd/hub], Headless Execution. @25-10-2021 01:54:28.0327 AM
[ReportManager] Successfully Opened [GoogleChrome]. @25-10-2021 01:54:28.0518 AM
[ReportManager] Target URL: [https://www.google.com/ncr], and after redirection: [www.google.com] @25-10-2021 01:54:28.0528 AM
[ReportManager] Initial URL: [data:,] @25-10-2021 01:54:28.0573 AM
[ReportManager] Browser Action [NavigateToURL] successfully performed. With the following test data [https://www.google.com/ncr]. @25-10-2021 01:54:29.0554 A

################################################################################################################################################
Starting Execution:	[24 out of 143] test cases in the current suite
Test Method:		[unitTests.tests_validations_assertions.assertElementAttribute_true_regexComparison_expectedToPass]
################################################################################################################################################
[ReportManager] Element Action [Type] successfully performed. With the following test data [Automation123]. @25-10-2021 01:54:29.0870 AM
[ReportManager] Element Action [GetText] successfully performed. With the following test data [Automation123]. @25-10-2021 01:54:29.0958 AM
[ReportManager] Loaded Shared OpenCV @25-10-2021 01:54:30.0092 AM
[ReportManager] Assertion [ValidateElementAttribute] PASSED. Expected [Value Should be 'Automation.*' for the 'text' attribute, element locator 'By.name: q'] and Actual [Automation123]. Comparison Type [MATCHES]. Validation Type [POSITIVE]. @25-10-2021 01:54:30.0158 AM
[ReportManager] Successfully created attachment [Screenshot - 1635126870092_assertElementAttribute_true_regexComparison_expectedToPass_ValidateElementAttribute_passed] @25-10-2021 01:54:30.0159 A
[ReportManager] Browser Action [CloseCurrentWindow] successfully performed. @25-10-2021 01:54:30.0277 AM
[ReportManager] Successfully created attachment [Browser Action Test Data - CloseCurrentWindow - Actual Value] @25-10-2021 01:54:30.0278 A
[ReportManager] File Action [GetAbsolutePath] successfully performed. With the following test data [Relative Folder Path: "target/downloadedFiles/"]. @25-10-2021 01:54:30.0282 AM
[ReportManager] Attempting to run remotely on: [Linux-64], [GoogleChrome], [http://localhost:4444/wd/hub], Headless Execution. @25-10-2021 01:54:30.0283 AM
[ReportManager] Successfully Opened [GoogleChrome]. @25-10-2021 01:54:30.0496 AM
[ReportManager] Target URL: [https://www.google.com/ncr], and after redirection: [www.google.com] @25-10-2021 01:54:30.0507 AM
[ReportManager] Initial URL: [data:,] @25-10-2021 01:54:30.0550 AM
[ReportManager] Browser Action [NavigateToURL] successfully performed. With the following test data [https://www.google.com/ncr]. @25-10-2021 01:54:31.0291 A

################################################################################################################################################
Starting Execution:	[25 out of 143] test cases in the current suite
Test Method:		[unitTests.tests_validations_assertions.assertElementAttribute_type_true_literalComparison_expectedToPass]
################################################################################################################################################
[ReportManager] Element Action [Type] successfully performed. With the following test data [Automation!@#$%^&*()_+{}[]\';/.,]. @25-10-2021 01:54:31.0762 AM
[ReportManager] Element Action [GetText] successfully performed. With the following test data [Automation!@#$%^&*()_+{}[]\';/.,]. @25-10-2021 01:54:31.0851 AM
[ReportManager] Loaded Shared OpenCV @25-10-2021 01:54:31.0987 AM
[ReportManager] Assertion [ValidateElementAttribute] PASSED. Expected [Value Should be 'Automation!@#$%^&*()_+{}[]\';/.,' for the 'text' attribute, element locator 'By.name: q'] and Actual [Automation!@#$%^&*()_+{}[]\';/.,]. Comparison Type [EQUALS]. Validation Type [POSITIVE]. @25-10-2021 01:54:32.0057 AM
[ReportManager] Successfully created attachment [Screenshot - 1635126871987_assertElementAttribute_type_true_literalComparison_expectedToPass_ValidateElementAttribute_passed] @25-10-2021 01:54:32.0058 A
[ReportManager] Browser Action [CloseCurrentWindow] successfully performed. @25-10-2021 01:54:32.0195 AM
[ReportManager] Successfully created attachment [Browser Action Test Data - CloseCurrentWindow - Actual Value] @25-10-2021 01:54:32.0195 A
[ReportManager] File Action [GetAbsolutePath] successfully performed. With the following test data [Relative Folder Path: "target/downloadedFiles/"]. @25-10-2021 01:54:32.0198 AM
[ReportManager] Attempting to run remotely on: [Linux-64], [GoogleChrome], [http://localhost:4444/wd/hub], Headless Execution. @25-10-2021 01:54:32.0199 AM
[ReportManager] Successfully Opened [GoogleChrome]. @25-10-2021 01:54:32.0397 AM
[ReportManager] Target URL: [https://www.google.com/ncr], and after redirection: [www.google.com] @25-10-2021 01:54:32.0407 AM
[ReportManager] Initial URL: [data:,] @25-10-2021 01:54:32.0451 AM
[ReportManager] Browser Action [NavigateToURL] successfully performed. With the following test data [https://www.google.com/ncr]. @25-10-2021 01:54:33.0200 A

################################################################################################################################################
Starting Execution:	[26 out of 143] test cases in the current suite
Test Method:		[unitTests.tests_validations_assertions.assertElementExists_false_expectedToFail]
################################################################################################################################################
[ReportManager] Assertion [ValidateElementExists] PASSED. Expected [Element Should not Exist, locator 'By.id: hplogo'] and Actual [Element Doesn't Exists]. Comparison Type [EQUALS]. Validation Type [NEGATIVE]. @25-10-2021 01:54:43.0570 AM
[ReportManager] Successfully created attachment [Screenshot - 1635126883486_assertElementExists_false_expectedToFail_ValidateElementExists_passed] @25-10-2021 01:54:43.0571 A
[ReportManager] Browser Action [CloseCurrentWindow] successfully performed. @25-10-2021 01:54:43.0688 AM
[ReportManager] Successfully created attachment [Browser Action Test Data - CloseCurrentWindow - Actual Value] @25-10-2021 01:54:43.0689 A
[ReportManager] File Action [GetAbsolutePath] successfully performed. With the following test data [Relative Folder Path: "target/downloadedFiles/"]. @25-10-2021 01:54:43.0692 AM
[ReportManager] Attempting to run remotely on: [Linux-64], [GoogleChrome], [http://localhost:4444/wd/hub], Headless Execution. @25-10-2021 01:54:43.0692 AM
[ReportManager] Successfully Opened [GoogleChrome]. @25-10-2021 01:54:43.0885 AM
[ReportManager] Target URL: [https://www.google.com/ncr], and after redirection: [www.google.com] @25-10-2021 01:54:43.0895 AM
[ReportManager] Initial URL: [data:,] @25-10-2021 01:54:43.0932 AM
[ReportManager] Browser Action [NavigateToURL] successfully performed. With the following test data [https://www.google.com/ncr]. @25-10-2021 01:54:44.0740 A

################################################################################################################################################
Starting Execution:	[27 out of 143] test cases in the current suite
Test Method:		[unitTests.tests_validations_assertions.assertElementExists_false_expectedToPass]
################################################################################################################################################
[ReportManager] Assertion [ValidateElementExists] PASSED. Expected [Element Should not Exist, locator 'By.id: fakeElement'] and Actual [Element Doesn't Exists]. Comparison Type [EQUALS]. Validation Type [NEGATIVE]. @25-10-2021 01:54:55.0105 AM
[ReportManager] Successfully created attachment [Screenshot - 1635126895051_assertElementExists_false_expectedToPass_ValidateElementExists_passed] @25-10-2021 01:54:55.0106 A
[ReportManager] Browser Action [CloseCurrentWindow] successfully performed. @25-10-2021 01:54:55.0222 AM
[ReportManager] Successfully created attachment [Browser Action Test Data - CloseCurrentWindow - Actual Value] @25-10-2021 01:54:55.0222 A
[ReportManager] File Action [GetAbsolutePath] successfully performed. With the following test data [Relative Folder Path: "target/downloadedFiles/"]. @25-10-2021 01:54:55.0227 AM
[ReportManager] Attempting to run remotely on: [Linux-64], [GoogleChrome], [http://localhost:4444/wd/hub], Headless Execution. @25-10-2021 01:54:55.0228 AM
[ReportManager] Successfully Opened [GoogleChrome]. @25-10-2021 01:54:55.0431 AM
[ReportManager] Target URL: [https://www.google.com/ncr], and after redirection: [www.google.com] @25-10-2021 01:54:55.0445 AM
[ReportManager] Initial URL: [data:,] @25-10-2021 01:54:55.0482 AM
[ReportManager] Browser Action [NavigateToURL] successfully performed. With the following test data [https://www.google.com/ncr]. @25-10-2021 01:54:56.0225 A

################################################################################################################################################
Starting Execution:	[28 out of 143] test cases in the current suite
Test Method:		[unitTests.tests_validations_assertions.assertElementExists_false_multipleElementsFound_expectedToFail]
################################################################################################################################################
[ReportManager] Assertion [ValidateElementExists] FAILED. Expected [Element Should not Exist, locator 'By.xpath: //div'] and Actual [Element Exists but is not unique]. Comparison Type [EQUALS]. Validation Type [NEGATIVE]. @25-10-2021 01:54:56.0464 AM
[ReportManager] Successfully created attachment [Screenshot - 1635126896410_assertElementExists_false_multipleElementsFound_expectedToFail_ValidateElementExists_failed] @25-10-2021 01:54:56.0464 A
[ReportManager] Browser Action [CloseCurrentWindow] successfully performed. @25-10-2021 01:54:56.0587 AM
[ReportManager] Successfully created attachment [Browser Action Test Data - CloseCurrentWindow - Actual Value] @25-10-2021 01:54:56.0588 A
[ReportManager] File Action [GetAbsolutePath] successfully performed. With the following test data [Relative Folder Path: "target/downloadedFiles/"]. @25-10-2021 01:54:56.0591 AM
[ReportManager] Attempting to run remotely on: [Linux-64], [GoogleChrome], [http://localhost:4444/wd/hub], Headless Execution. @25-10-2021 01:54:56.0591 AM
[ReportManager] Successfully Opened [GoogleChrome]. @25-10-2021 01:54:56.0784 AM
[ReportManager] Target URL: [https://www.google.com/ncr], and after redirection: [www.google.com] @25-10-2021 01:54:56.0796 AM
[ReportManager] Initial URL: [data:,] @25-10-2021 01:54:56.0847 AM
[ReportManager] Browser Action [NavigateToURL] successfully performed. With the following test data [https://www.google.com/ncr]. @25-10-2021 01:54:57.0572 A

################################################################################################################################################
Starting Execution:	[29 out of 143] test cases in the current suite
Test Method:		[unitTests.tests_validations_assertions.assertElementExists_true_expectedToFail]
################################################################################################################################################
[ReportManager] Assertion [ValidateElementExists] FAILED. Expected [Element Should Exist, locator 'By.id: fakeElement'] and Actual [Element Doesn't Exists]. Comparison Type [EQUALS]. Validation Type [POSITIVE]. @25-10-2021 01:55:28.0206 AM
[ReportManager] Successfully created attachment [Screenshot - 1635126928152_assertElementExists_true_expectedToFail_ValidateElementExists_failed] @25-10-2021 01:55:28.0206 A
[ReportManager] Browser Action [CloseCurrentWindow] successfully performed. @25-10-2021 01:55:28.0322 AM
[ReportManager] Successfully created attachment [Browser Action Test Data - CloseCurrentWindow - Actual Value] @25-10-2021 01:55:28.0323 A
[ReportManager] File Action [GetAbsolutePath] successfully performed. With the following test data [Relative Folder Path: "target/downloadedFiles/"]. @25-10-2021 01:55:28.0327 AM
[ReportManager] Attempting to run remotely on: [Linux-64], [GoogleChrome], [http://localhost:4444/wd/hub], Headless Execution. @25-10-2021 01:55:28.0327 AM
[ReportManager] Successfully Opened [GoogleChrome]. @25-10-2021 01:55:28.0525 AM
[ReportManager] Target URL: [https://www.google.com/ncr], and after redirection: [www.google.com] @25-10-2021 01:55:28.0539 AM
[ReportManager] Initial URL: [data:,] @25-10-2021 01:55:28.0589 AM
[ReportManager] Browser Action [NavigateToURL] successfully performed. With the following test data [https://www.google.com/ncr]. @25-10-2021 01:55:29.0345 A

################################################################################################################################################
Starting Execution:	[30 out of 143] test cases in the current suite
Test Method:		[unitTests.tests_validations_assertions.assertElementExists_true_expectedToPass]
################################################################################################################################################
[ReportManager] Loaded Shared OpenCV @25-10-2021 01:55:29.0536 AM
[ReportManager] Assertion [ValidateElementExists] PASSED. Expected [Element Should Exist, locator 'By.xpath: //*[@id='hplogo' or @alt='Google']'] and Actual [Element Exists]. Comparison Type [EQUALS]. Validation Type [POSITIVE]. @25-10-2021 01:55:29.0607 AM
[ReportManager] Successfully created attachment [Screenshot - 1635126929535_assertElementExists_true_expectedToPass_ValidateElementExists_passed] @25-10-2021 01:55:29.0608 A
[ReportManager] Browser Action [CloseCurrentWindow] successfully performed. @25-10-2021 01:55:29.0731 AM
[ReportManager] Successfully created attachment [Browser Action Test Data - CloseCurrentWindow - Actual Value] @25-10-2021 01:55:29.0732 A
[ReportManager] File Action [GetAbsolutePath] successfully performed. With the following test data [Relative Folder Path: "target/downloadedFiles/"]. @25-10-2021 01:55:29.0735 AM
[ReportManager] Attempting to run remotely on: [Linux-64], [GoogleChrome], [http://localhost:4444/wd/hub], Headless Execution. @25-10-2021 01:55:29.0735 AM
[ReportManager] Successfully Opened [GoogleChrome]. @25-10-2021 01:55:29.0925 AM
[ReportManager] Target URL: [https://www.google.com/ncr], and after redirection: [www.google.com] @25-10-2021 01:55:29.0937 AM
[ReportManager] Initial URL: [data:,] @25-10-2021 01:55:29.0979 AM
[ReportManager] Browser Action [NavigateToURL] successfully performed. With the following test data [https://www.google.com/ncr]. @25-10-2021 01:55:31.0301 A

################################################################################################################################################
Starting Execution:	[31 out of 143] test cases in the current suite
Test Method:		[unitTests.tests_validations_assertions.assertElementExists_true_multipleElementsFound_expectedToFail]
################################################################################################################################################
[ReportManager] Assertion [ValidateElementExists] FAILED. Expected [Element Should Exist, locator 'By.xpath: //div'] and Actual [Element Exists but is not unique]. Comparison Type [EQUALS]. Validation Type [POSITIVE]. @25-10-2021 01:55:31.0505 AM
[ReportManager] Successfully created attachment [Screenshot - 1635126931451_assertElementExists_true_multipleElementsFound_expectedToFail_ValidateElementExists_failed] @25-10-2021 01:55:31.0506 A
[ReportManager] Browser Action [CloseCurrentWindow] successfully performed. @25-10-2021 01:55:31.0622 AM
[ReportManager] Successfully created attachment [Browser Action Test Data - CloseCurrentWindow - Actual Value] @25-10-2021 01:55:31.0623 A

################################################################################################################################################
Starting Execution:	[32 out of 143] test cases in the current suite
Test Method:		[unitTests.tests_validations_assertions.assertEquals_false_expectedToFail]
################################################################################################################################################
[ReportManager] Assertion [ValidateEquals] FAILED. Expected [1] and Actual [1]. Comparison Type [EQUALS]. Validation Type [NEGATIVE]. @25-10-2021 01:55:31.0632 A

################################################################################################################################################
Starting Execution:	[33 out of 143] test cases in the current suite
Test Method:		[unitTests.tests_validations_assertions.assertEquals_false_expectedToPass]
################################################################################################################################################
[ReportManager] Assertion [ValidateEquals] PASSED. Expected [1] and Actual [2]. Comparison Type [EQUALS]. Validation Type [NEGATIVE]. @25-10-2021 01:55:31.0635 A

################################################################################################################################################
Starting Execution:	[34 out of 143] test cases in the current suite
Test Method:		[unitTests.tests_validations_assertions.assertEquals_longCharacters]
################################################################################################################################################
[ReportManager] Verification [ValidateEquals] PASSED. Expected and Actual values are attached. Comparison Type [EQUALS]. Validation Type [POSITIVE]. @25-10-2021 01:55:31.0640 AM
[ReportManager] Successfully created attachment [Validation Test Data - Expected Value] @25-10-2021 01:55:31.0640 AM
[ReportManager] Successfully created attachment [Validation Test Data - Actual Value] @25-10-2021 01:55:31.0641 AM
[ReportManager] Assertion [ValidateEquals] PASSED. Expected and Actual values are attached. Comparison Type [EQUALS]. Validation Type [POSITIVE]. @25-10-2021 01:55:31.0641 AM
[ReportManager] Successfully created attachment [Validation Test Data - Expected Value] @25-10-2021 01:55:31.0641 AM
[ReportManager] Successfully created attachment [Validation Test Data - Actual Value] @25-10-2021 01:55:31.0641 A

################################################################################################################################################
Starting Execution:	[35 out of 143] test cases in the current suite
Test Method:		[unitTests.tests_validations_assertions.assertEquals_longCharacters_Discreet]
################################################################################################################################################
[ReportManager] Assertion [ValidateEquals] PASSED. Expected [1LH5pROcDBjjQk0t0mCr0lXuzQu9lcGj28kY8R1H81X67eVAQJgWQhILiRWVPUgZ6uCtK5cnBkF55Jr9vYngjGO1Iyf0Mktv6lruDlL9T8MAUPcUZJGHZtji6nIeadujDSNmWMj5d6C8zlFqw0CRqBU0hO5adIasHgBSNoLotAjce3NGXoDwAlp3rYreeV16VIyZXROQY] and Actual [1LH5pROcDBjjQk0t0mCr0lXuzQu9lcGj28kY8R1H81X67eVAQJgWQhILiRWVPUgZ6uCtK5cnBkF55Jr9vYngjGO1Iyf0Mktv6lruDlL9T8MAUPcUZJGHZtji6nIeadujDSNmWMj5d6C8zlFqw0CRqBU0hO5adIasHgBSNoLotAjce3NGXoDwAlp3rYreeV16VIyZXROQY]. Comparison Type [EQUALS]. Validation Type [POSITIVE]. @25-10-2021 01:55:31.0643 A

################################################################################################################################################
Starting Execution:	[36 out of 143] test cases in the current suite
Test Method:		[unitTests.tests_validations_assertions.assertEquals_true_expectedToFail]
################################################################################################################################################
[ReportManager] Assertion [ValidateEquals] FAILED. Expected [1] and Actual [2]. Comparison Type [EQUALS]. Validation Type [POSITIVE]. @25-10-2021 01:55:31.0645 A

################################################################################################################################################
Starting Execution:	[37 out of 143] test cases in the current suite
Test Method:		[unitTests.tests_validations_assertions.assertEquals_true_expectedToPass]
Test Description:	[Assert that assertEquals works as expected when the two values are equal.]
################################################################################################################################################
[ReportManager] Verification [ValidateEquals] PASSED. Expected [1] and Actual [1]. Comparison Type [EQUALS]. Validation Type [POSITIVE]. @25-10-2021 01:55:31.0656 AM
[ReportManager] Assertion [ValidateEquals] PASSED. Expected [1] and Actual [1]. Comparison Type [EQUALS]. Validation Type [POSITIVE]. @25-10-2021 01:55:31.0656 A

################################################################################################################################################
Starting Execution:	[38 out of 143] test cases in the current suite
Test Method:		[unitTests.tests_validations_assertions.assertEquals_true_expectedToPass__]
################################################################################################################################################
[ReportManager] Assertion [ValidateEquals] PASSED. Expected [1] and Actual [1]. Comparison Type [EQUALS]. Validation Type [POSITIVE]. @25-10-2021 01:55:31.0660 A

################################################################################################################################################
Starting Execution:	[39 out of 143] test cases in the current suite
Test Method:		[unitTests.tests_validations_assertions.assertFileExists_false_expectedToFail]
################################################################################################################################################
[ReportManager] File Action [DoesFileExist] successfully performed. With the following test data [File Path: "src/main/java/com/shaft/gui/element/ElementActions.java"]. @25-10-2021 01:55:31.0663 AM
[ReportManager] Assertion [ValidateFileExists] FAILED. Expected [File 'src/main/java/com/shaft/gui/element/ElementActions.java' should not exist, after up to '1' retries] and Actual [File exists]. Validation Type [NEGATIVE]. @25-10-2021 01:55:31.0667 A

################################################################################################################################################
Starting Execution:	[40 out of 143] test cases in the current suite
Test Method:		[unitTests.tests_validations_assertions.assertFileExists_false_expectedToPass]
################################################################################################################################################
[ReportManager] File Action [DoesFileExist] successfully performed. With the following test data [File Path: "src/main/java/com/shaft/gui/element/ElementActions.java_fail"]. @25-10-2021 01:55:32.0170 AM
[ReportManager] Assertion [ValidateFileExists] PASSED. Expected [File 'src/main/java/com/shaft/gui/element/ElementActions.java_fail' should not exist, after up to '1' retries] and Actual [File does not exist]. Validation Type [NEGATIVE]. @25-10-2021 01:55:32.0170 A

################################################################################################################################################
Starting Execution:	[41 out of 143] test cases in the current suite
Test Method:		[unitTests.tests_validations_assertions.assertFileExists_true_expectedToFail]
################################################################################################################################################
[ReportManager] File Action [DoesFileExist] successfully performed. With the following test data [File Path: "src/main/java/com/shaft/gui/element/ElementActions.java_fail"]. @25-10-2021 01:55:32.0675 AM
[ReportManager] Assertion [ValidateFileExists] FAILED. Expected [File 'src/main/java/com/shaft/gui/element/ElementActions.java_fail' should exist, after up to '1' retries] and Actual [File does not exist]. Validation Type [POSITIVE]. @25-10-2021 01:55:32.0675 A

################################################################################################################################################
Starting Execution:	[42 out of 143] test cases in the current suite
Test Method:		[unitTests.tests_validations_assertions.assertFileExists_true_expectedToPass]
################################################################################################################################################
[ReportManager] File Action [DoesFileExist] successfully performed. With the following test data [File Path: "src/main/java/com/shaft/gui/element/ElementActions.java"]. @25-10-2021 01:55:32.0679 AM
[ReportManager] Assertion [ValidateFileExists] PASSED. Expected [File 'src/main/java/com/shaft/gui/element/ElementActions.java' should exist, after up to '1' retries] and Actual [File exists]. Validation Type [POSITIVE]. @25-10-2021 01:55:32.0680 A

################################################################################################################################################
Starting Execution:	[43 out of 143] test cases in the current suite
Test Method:		[unitTests.tests_validations_assertions.assertNull_false_expectedToFail]
################################################################################################################################################
[ReportManager] Assertion [ValidateNull] FAILED. Expected [NULL] and Actual [NULL]. Comparison Type [EQUALS]. Validation Type [NEGATIVE]. @25-10-2021 01:55:32.0683 A

################################################################################################################################################
Starting Execution:	[44 out of 143] test cases in the current suite
Test Method:		[unitTests.tests_validations_assertions.assertNull_false_expectedToPass]
################################################################################################################################################
[ReportManager] Assertion [ValidateNull] PASSED. Expected [NULL] and Actual [1]. Comparison Type [EQUALS]. Validation Type [NEGATIVE]. @25-10-2021 01:55:32.0685 A

################################################################################################################################################
Starting Execution:	[45 out of 143] test cases in the current suite
Test Method:		[unitTests.tests_validations_assertions.assertNull_true_expectedToFail]
################################################################################################################################################
[ReportManager] Assertion [ValidateNull] FAILED. Expected [NULL] and Actual [1]. Comparison Type [EQUALS]. Validation Type [POSITIVE]. @25-10-2021 01:55:32.0688 A

################################################################################################################################################
Starting Execution:	[46 out of 143] test cases in the current suite
Test Method:		[unitTests.tests_validations_assertions.assertNull_true_expectedToPass]
################################################################################################################################################
[ReportManager] Assertion [ValidateNull] PASSED. Expected [NULL] and Actual [NULL]. Comparison Type [EQUALS]. Validation Type [POSITIVE]. @25-10-2021 01:55:32.0691 A

################################################################################################################################################
Starting Execution:	[47 out of 143] test cases in the current suite
Test Method:		[unitTests.tests_restActions.getPostsAndAssertBodyForSpecificTitle]
################################################################################################################################################
[ReportManager] Response status code: [200], status line: [HTTP/1.1 200 OK] @25-10-2021 01:55:34.0761 AM
[ReportManager] Assertion Passed: Evaluating the actual response status code against the expected one... @25-10-2021 01:55:34.0761 AM
[ReportManager] Assertion [ValidateEquals] PASSED. Expected [200] and Actual [200]. Comparison Type [EQUALS]. Validation Type [POSITIVE]. @25-10-2021 01:55:34.0761 AM
[ReportManager] API Action [PerformRequest] successfully performed. With the following test data [Request Type: "GET" | Target Status Code: "200" | Service URL: "https://jsonplaceholder.typicode.com/posts" | Content Type: "*/*" | Response Time: "769ms"]. @25-10-2021 01:55:35.0834 AM
[ReportManager] Successfully created attachment [API Request - Specifications] @25-10-2021 01:55:35.0834 AM
[ReportManager] Successfully created attachment [API Response - JSON Body] @25-10-2021 01:55:36.0118 AM
[ReportManager] API Action [GetResponseJSONValueAsList] successfully performed. @25-10-2021 01:55:36.0142 AM
[ReportManager] API Action [GetResponseJSONValue] successfully performed. With the following test data [title]. @25-10-2021 01:55:36.0165 AM
[ReportManager] API Action [GetResponseJSONValue] successfully performed. With the following test data [title]. @25-10-2021 01:55:36.0184 AM
[ReportManager] API Action [GetResponseJSONValue] successfully performed. With the following test data [body]. @25-10-2021 01:55:36.0205 AM
[ReportManager] Assertion [ValidateEquals] PASSED. Expected [qui neque nisi nulla] and Actual [est rerum tempore vitae
sequi sint nihil reprehenderit dolor beatae ea dolores neque
fugiat blanditiis voluptate porro vel nihil molestiae ut reiciendis
qui aperiam non debitis possimus qui neque nisi nulla]. Comparison Type [CONTAINS]. Validation Type [POSITIVE]. @25-10-2021 01:55:36.0205 AM
[ReportManager] API Action [GetResponseJSONValue] successfully performed. With the following test data [title]. @25-10-2021 01:55:36.0219 AM
[ReportManager] API Action [GetResponseJSONValue] successfully performed. With the following test data [title]. @25-10-2021 01:55:36.0231 AM
[ReportManager] API Action [GetResponseJSONValue] successfully performed. With the following test data [title]. @25-10-2021 01:55:36.0245 AM
[ReportManager] API Action [GetResponseJSONValue] successfully performed. With the following test data [title]. @25-10-2021 01:55:36.0260 AM
[ReportManager] API Action [GetResponseJSONValue] successfully performed. With the following test data [title]. @25-10-2021 01:55:36.0285 AM
[ReportManager] API Action [GetResponseJSONValue] successfully performed. With the following test data [title]. @25-10-2021 01:55:36.0303 AM
[ReportManager] API Action [GetResponseJSONValue] successfully performed. With the following test data [title]. @25-10-2021 01:55:36.0319 AM
[ReportManager] API Action [GetResponseJSONValue] successfully performed. With the following test data [title]. @25-10-2021 01:55:36.0332 AM
[ReportManager] API Action [GetResponseJSONValue] successfully performed. With the following test data [title]. @25-10-2021 01:55:36.0348 AM
[ReportManager] API Action [GetResponseJSONValue] successfully performed. With the following test data [title]. @25-10-2021 01:55:36.0364 AM
[ReportManager] API Action [GetResponseJSONValue] successfully performed. With the following test data [title]. @25-10-2021 01:55:36.0382 AM
[ReportManager] API Action [GetResponseJSONValue] successfully performed. With the following test data [title]. @25-10-2021 01:55:36.0407 AM
[ReportManager] API Action [GetResponseJSONValue] successfully performed. With the following test data [title]. @25-10-2021 01:55:36.0418 AM
[ReportManager] API Action [GetResponseJSONValue] successfully performed. With the following test data [title]. @25-10-2021 01:55:36.0430 AM
[ReportManager] API Action [GetResponseJSONValue] successfully performed. With the following test data [title]. @25-10-2021 01:55:36.0447 AM
[ReportManager] API Action [GetResponseJSONValue] successfully performed. With the following test data [title]. @25-10-2021 01:55:36.0459 AM
[ReportManager] API Action [GetResponseJSONValue] successfully performed. With the following test data [title]. @25-10-2021 01:55:36.0470 AM
[ReportManager] API Action [GetResponseJSONValue] successfully performed. With the following test data [title]. @25-10-2021 01:55:36.0481 AM
[ReportManager] API Action [GetResponseJSONValue] successfully performed. With the following test data [title]. @25-10-2021 01:55:36.0490 AM
[ReportManager] API Action [GetResponseJSONValue] successfully performed. With the following test data [title]. @25-10-2021 01:55:36.0501 AM
[ReportManager] API Action [GetResponseJSONValue] successfully performed. With the following test data [title]. @25-10-2021 01:55:36.0512 AM
[ReportManager] API Action [GetResponseJSONValue] successfully performed. With the following test data [title]. @25-10-2021 01:55:36.0527 AM
[ReportManager] API Action [GetResponseJSONValue] successfully performed. With the following test data [title]. @25-10-2021 01:55:36.0536 AM
[ReportManager] API Action [GetResponseJSONValue] successfully performed. With the following test data [title]. @25-10-2021 01:55:36.0550 AM
[ReportManager] API Action [GetResponseJSONValue] successfully performed. With the following test data [title]. @25-10-2021 01:55:36.0562 AM
[ReportManager] API Action [GetResponseJSONValue] successfully performed. With the following test data [title]. @25-10-2021 01:55:36.0569 AM
[ReportManager] API Action [GetResponseJSONValue] successfully performed. With the following test data [title]. @25-10-2021 01:55:36.0584 AM
[ReportManager] API Action [GetResponseJSONValue] successfully performed. With the following test data [title]. @25-10-2021 01:55:36.0597 AM
[ReportManager] API Action [GetResponseJSONValue] successfully performed. With the following test data [title]. @25-10-2021 01:55:36.0606 AM
[ReportManager] API Action [GetResponseJSONValue] successfully performed. With the following test data [title]. @25-10-2021 01:55:36.0612 AM
[ReportManager] API Action [GetResponseJSONValue] successfully performed. With the following test data [title]. @25-10-2021 01:55:36.0620 AM
[ReportManager] API Action [GetResponseJSONValue] successfully performed. With the following test data [title]. @25-10-2021 01:55:36.0630 AM
[ReportManager] API Action [GetResponseJSONValue] successfully performed. With the following test data [title]. @25-10-2021 01:55:36.0644 AM
[ReportManager] API Action [GetResponseJSONValue] successfully performed. With the following test data [title]. @25-10-2021 01:55:36.0651 AM
[ReportManager] API Action [GetResponseJSONValue] successfully performed. With the following test data [title]. @25-10-2021 01:55:36.0660 AM
[ReportManager] API Action [GetResponseJSONValue] successfully performed. With the following test data [title]. @25-10-2021 01:55:36.0668 AM
[ReportManager] API Action [GetResponseJSONValue] successfully performed. With the following test data [title]. @25-10-2021 01:55:36.0675 AM
[ReportManager] API Action [GetResponseJSONValue] successfully performed. With the following test data [title]. @25-10-2021 01:55:36.0683 AM
[ReportManager] API Action [GetResponseJSONValue] successfully performed. With the following test data [title]. @25-10-2021 01:55:36.0720 AM
[ReportManager] API Action [GetResponseJSONValue] successfully performed. With the following test data [title]. @25-10-2021 01:55:36.0729 AM
[ReportManager] API Action [GetResponseJSONValue] successfully performed. With the following test data [title]. @25-10-2021 01:55:36.0737 AM
[ReportManager] API Action [GetResponseJSONValue] successfully performed. With the following test data [title]. @25-10-2021 01:55:36.0745 AM
[ReportManager] API Action [GetResponseJSONValue] successfully performed. With the following test data [title]. @25-10-2021 01:55:36.0754 AM
[ReportManager] API Action [GetResponseJSONValue] successfully performed. With the following test data [title]. @25-10-2021 01:55:36.0775 AM
[ReportManager] API Action [GetResponseJSONValue] successfully performed. With the following test data [title]. @25-10-2021 01:55:36.0784 AM
[ReportManager] API Action [GetResponseJSONValue] successfully performed. With the following test data [title]. @25-10-2021 01:55:36.0795 AM
[ReportManager] API Action [GetResponseJSONValue] successfully performed. With the following test data [title]. @25-10-2021 01:55:36.0805 AM
[ReportManager] API Action [GetResponseJSONValue] successfully performed. With the following test data [title]. @25-10-2021 01:55:36.0821 AM
[ReportManager] API Action [GetResponseJSONValue] successfully performed. With the following test data [title]. @25-10-2021 01:55:36.0831 AM
[ReportManager] API Action [GetResponseJSONValue] successfully performed. With the following test data [title]. @25-10-2021 01:55:36.0840 AM
[ReportManager] API Action [GetResponseJSONValue] successfully performed. With the following test data [title]. @25-10-2021 01:55:36.0849 AM
[ReportManager] API Action [GetResponseJSONValue] successfully performed. With the following test data [title]. @25-10-2021 01:55:36.0859 AM
[ReportManager] API Action [GetResponseJSONValue] successfully performed. With the following test data [title]. @25-10-2021 01:55:36.0870 AM
[ReportManager] API Action [GetResponseJSONValue] successfully performed. With the following test data [title]. @25-10-2021 01:55:36.0878 AM
[ReportManager] API Action [GetResponseJSONValue] successfully performed. With the following test data [title]. @25-10-2021 01:55:36.0887 AM
[ReportManager] API Action [GetResponseJSONValue] successfully performed. With the following test data [title]. @25-10-2021 01:55:36.0895 AM
[ReportManager] API Action [GetResponseJSONValue] successfully performed. With the following test data [title]. @25-10-2021 01:55:36.0903 AM
[ReportManager] API Action [GetResponseJSONValue] successfully performed. With the following test data [title]. @25-10-2021 01:55:36.0911 AM
[ReportManager] API Action [GetResponseJSONValue] successfully performed. With the following test data [title]. @25-10-2021 01:55:36.0925 AM
[ReportManager] API Action [GetResponseJSONValue] successfully performed. With the following test data [title]. @25-10-2021 01:55:36.0970 AM
[ReportManager] API Action [GetResponseJSONValue] successfully performed. With the following test data [title]. @25-10-2021 01:55:36.0979 AM
[ReportManager] API Action [GetResponseJSONValue] successfully performed. With the following test data [title]. @25-10-2021 01:55:36.0990 AM
[ReportManager] API Action [GetResponseJSONValue] successfully performed. With the following test data [title]. @25-10-2021 01:55:36.0998 AM
[ReportManager] API Action [GetResponseJSONValue] successfully performed. With the following test data [title]. @25-10-2021 01:55:37.0005 AM
[ReportManager] API Action [GetResponseJSONValue] successfully performed. With the following test data [title]. @25-10-2021 01:55:37.0012 AM
[ReportManager] API Action [GetResponseJSONValue] successfully performed. With the following test data [title]. @25-10-2021 01:55:37.0019 AM
[ReportManager] API Action [GetResponseJSONValue] successfully performed. With the following test data [title]. @25-10-2021 01:55:37.0025 AM
[ReportManager] API Action [GetResponseJSONValue] successfully performed. With the following test data [title]. @25-10-2021 01:55:37.0032 AM
[ReportManager] API Action [GetResponseJSONValue] successfully performed. With the following test data [title]. @25-10-2021 01:55:37.0039 AM
[ReportManager] API Action [GetResponseJSONValue] successfully performed. With the following test data [title]. @25-10-2021 01:55:37.0045 AM
[ReportManager] API Action [GetResponseJSONValue] successfully performed. With the following test data [title]. @25-10-2021 01:55:37.0052 AM
[ReportManager] API Action [GetResponseJSONValue] successfully performed. With the following test data [title]. @25-10-2021 01:55:37.0067 AM
[ReportManager] API Action [GetResponseJSONValue] successfully performed. With the following test data [title]. @25-10-2021 01:55:37.0075 AM
[ReportManager] API Action [GetResponseJSONValue] successfully performed. With the following test data [title]. @25-10-2021 01:55:37.0083 AM
[ReportManager] API Action [GetResponseJSONValue] successfully performed. With the following test data [title]. @25-10-2021 01:55:37.0092 AM
[ReportManager] API Action [GetResponseJSONValue] successfully performed. With the following test data [title]. @25-10-2021 01:55:37.0100 AM
[ReportManager] API Action [GetResponseJSONValue] successfully performed. With the following test data [title]. @25-10-2021 01:55:37.0113 AM
[ReportManager] API Action [GetResponseJSONValue] successfully performed. With the following test data [title]. @25-10-2021 01:55:37.0121 AM
[ReportManager] API Action [GetResponseJSONValue] successfully performed. With the following test data [title]. @25-10-2021 01:55:37.0129 AM
[ReportManager] API Action [GetResponseJSONValue] successfully performed. With the following test data [title]. @25-10-2021 01:55:37.0139 AM
[ReportManager] API Action [GetResponseJSONValue] successfully performed. With the following test data [title]. @25-10-2021 01:55:37.0148 AM
[ReportManager] API Action [GetResponseJSONValue] successfully performed. With the following test data [title]. @25-10-2021 01:55:37.0166 AM
[ReportManager] API Action [GetResponseJSONValue] successfully performed. With the following test data [title]. @25-10-2021 01:55:37.0174 AM
[ReportManager] API Action [GetResponseJSONValue] successfully performed. With the following test data [title]. @25-10-2021 01:55:37.0181 AM
[ReportManager] API Action [GetResponseJSONValue] successfully performed. With the following test data [title]. @25-10-2021 01:55:37.0188 AM
[ReportManager] API Action [GetResponseJSONValue] successfully performed. With the following test data [title]. @25-10-2021 01:55:37.0196 AM
[ReportManager] API Action [GetResponseJSONValue] successfully performed. With the following test data [title]. @25-10-2021 01:55:37.0203 AM
[ReportManager] API Action [GetResponseJSONValue] successfully performed. With the following test data [title]. @25-10-2021 01:55:37.0210 AM
[ReportManager] API Action [GetResponseJSONValue] successfully performed. With the following test data [title]. @25-10-2021 01:55:37.0217 AM
[ReportManager] API Action [GetResponseJSONValue] successfully performed. With the following test data [title]. @25-10-2021 01:55:37.0224 AM
[ReportManager] API Action [GetResponseJSONValue] successfully performed. With the following test data [title]. @25-10-2021 01:55:37.0231 AM
[ReportManager] API Action [GetResponseJSONValue] successfully performed. With the following test data [title]. @25-10-2021 01:55:37.0238 AM
[ReportManager] API Action [GetResponseJSONValue] successfully performed. With the following test data [title]. @25-10-2021 01:55:37.0244 AM
[ReportManager] API Action [GetResponseJSONValue] successfully performed. With the following test data [title]. @25-10-2021 01:55:37.0251 AM
[ReportManager] API Action [GetResponseJSONValue] successfully performed. With the following test data [title]. @25-10-2021 01:55:37.0258 AM
[ReportManager] API Action [GetResponseJSONValue] successfully performed. With the following test data [title]. @25-10-2021 01:55:37.0272 AM
[ReportManager] API Action [GetResponseJSONValue] successfully performed. With the following test data [title]. @25-10-2021 01:55:37.0280 AM
[ReportManager] API Action [GetResponseJSONValue] successfully performed. With the following test data [title]. @25-10-2021 01:55:37.0288 A

################################################################################################################################################
Starting Execution:	[48 out of 143] test cases in the current suite
Test Method:		[unitTests.tests_restActions.validateUserEmail]
################################################################################################################################################
[ReportManager] Response status code: [200], status line: [HTTP/1.1 200 OK] @25-10-2021 01:55:37.0353 AM
[ReportManager] Assertion Passed: Evaluating the actual response status code against the expected one... @25-10-2021 01:55:37.0354 AM
[ReportManager] Assertion [ValidateEquals] PASSED. Expected [200] and Actual [200]. Comparison Type [EQUALS]. Validation Type [POSITIVE]. @25-10-2021 01:55:37.0354 AM
[ReportManager] API Action [PerformRequest] successfully performed. With the following test data [Request Type: "GET" | Target Status Code: "200" | Service URL: "https://jsonplaceholder.typicode.com/users" | Content Type: "*/*" | Response Time: "56ms"]. @25-10-2021 01:55:37.0372 AM
[ReportManager] Successfully created attachment [API Request - Specifications] @25-10-2021 01:55:37.0372 AM
[ReportManager] Successfully created attachment [API Response - JSON Body] @25-10-2021 01:55:37.0372 AM
[ReportManager] Assertion [ValidateEquals] PASSED. Expected and Actual values are attached. Comparison Type [CONTAINS]. Validation Type [POSITIVE]. @25-10-2021 01:55:37.0373 AM
[ReportManager] Successfully created attachment [Validation Test Data - Expected Value] @25-10-2021 01:55:37.0373 AM
[ReportManager] Successfully created attachment [Validation Test Data - Actual Value] @25-10-2021 01:55:37.0373 AM
[ReportManager] API Action [GetResponseJSONValueAsList] successfully performed. With the following test data [$]. @25-10-2021 01:55:37.0377 AM
[ReportManager] API Action [GetResponseJSONValue] successfully performed. With the following test data [name]. @25-10-2021 01:55:37.0388 AM
[ReportManager] API Action [GetResponseJSONValue] successfully performed. With the following test data [email]. @25-10-2021 01:55:37.0395 AM
[ReportManager] Assertion [ValidateEquals] PASSED. Expected [Sincere@april.biz] and Actual [Sincere@april.biz]. Comparison Type [EQUALS]. Validation Type [POSITIVE]. @25-10-2021 01:55:37.0396 AM
[ReportManager] API Action [GetResponseJSONValue] successfully performed. With the following test data [name]. @25-10-2021 01:55:37.0403 AM
[ReportManager] API Action [GetResponseJSONValue] successfully performed. With the following test data [name]. @25-10-2021 01:55:37.0410 AM
[ReportManager] API Action [GetResponseJSONValue] successfully performed. With the following test data [name]. @25-10-2021 01:55:37.0417 AM
[ReportManager] API Action [GetResponseJSONValue] successfully performed. With the following test data [name]. @25-10-2021 01:55:37.0424 AM
[ReportManager] API Action [GetResponseJSONValue] successfully performed. With the following test data [name]. @25-10-2021 01:55:37.0430 AM
[ReportManager] API Action [GetResponseJSONValue] successfully performed. With the following test data [name]. @25-10-2021 01:55:37.0437 AM
[ReportManager] API Action [GetResponseJSONValue] successfully performed. With the following test data [name]. @25-10-2021 01:55:37.0444 AM
[ReportManager] API Action [GetResponseJSONValue] successfully performed. With the following test data [name]. @25-10-2021 01:55:37.0451 AM
[ReportManager] API Action [GetResponseJSONValue] successfully performed. With the following test data [name]. @25-10-2021 01:55:37.0457 A
[ReportManager] File Action [GetAbsolutePath] successfully performed. With the following test data [Relative Folder Path: "target/downloadedFiles/"]. @25-10-2021 01:55:37.0466 AM
[ReportManager] Attempting to run remotely on: [Linux-64], [GoogleChrome], [http://localhost:4444/wd/hub], Headless Execution. @25-10-2021 01:55:37.0466 AM
[ReportManager] Successfully Opened [GoogleChrome]. @25-10-2021 01:55:37.0693 AM
[ReportManager] Target URL: [https://duckduckgo.com] @25-10-2021 01:55:37.0704 AM
[ReportManager] Initial URL: [data:,] @25-10-2021 01:55:37.0764 AM
[ReportManager] Browser Action [NavigateToURL] successfully performed. With the following test data [https://duckduckgo.com]. @25-10-2021 01:55:38.0355 A

################################################################################################################################################
Starting Execution:	[49 out of 143] test cases in the current suite
Test Method:		[unitTests.tests_browserActions.fullScreenWindow]
################################################################################################################################################
[ReportManager] Initial Windows Size: 800x600 @25-10-2021 01:55:38.0370 AM
[ReportManager] Initial window size: (800, 600) @25-10-2021 01:55:38.0374 AM
[ReportManager] Window size after Toolkit: (1920, 1080) @25-10-2021 01:55:38.0598 AM
[ReportManager] Browser Action [MaximizeWindow] successfully performed. With the following test data [New screen size is now: (1920, 1080)]. @25-10-2021 01:55:38.0601 AM
[ReportManager] Current Windows Size after fullScreen: 1920x1080 @25-10-2021 01:55:38.0606 AM
[ReportManager] Browser Action [FullScreenWindow] successfully performed. @25-10-2021 01:55:38.0623 AM
[ReportManager] Successfully created attachment [Browser Action Test Data - FullScreenWindow - Actual Value] @25-10-2021 01:55:38.0626 A
[ReportManager] Target URL: [https://duckduckgo.com] @25-10-2021 01:55:38.0631 AM
[ReportManager] Initial URL: [https://duckduckgo.com] @25-10-2021 01:55:38.0694 AM
[ReportManager] Browser Action [NavigateToURL] successfully performed. With the following test data [https://duckduckgo.com]. @25-10-2021 01:55:39.0041 AM
[ReportManager] Browser Action [CloseCurrentWindow] successfully performed. @25-10-2021 01:55:39.0158 AM
[ReportManager] Successfully created attachment [Browser Action Test Data - CloseCurrentWindow - Actual Value] @25-10-2021 01:55:39.0164 A
[ReportManager] File Action [GetAbsolutePath] successfully performed. With the following test data [Relative Folder Path: "target/downloadedFiles/"]. @25-10-2021 01:55:39.0167 AM
[ReportManager] Attempting to run remotely on: [Linux-64], [GoogleChrome], [http://localhost:4444/wd/hub], Headless Execution. @25-10-2021 01:55:39.0167 AM
[ReportManager] Successfully Opened [GoogleChrome]. @25-10-2021 01:55:39.0360 AM
[ReportManager] Target URL: [https://duckduckgo.com] @25-10-2021 01:55:39.0370 AM
[ReportManager] Initial URL: [data:,] @25-10-2021 01:55:39.0411 AM
[ReportManager] Browser Action [NavigateToURL] successfully performed. With the following test data [https://duckduckgo.com]. @25-10-2021 01:55:39.0917 A

################################################################################################################################################
Starting Execution:	[50 out of 143] test cases in the current suite
Test Method:		[unitTests.tests_browserActions.getCurrentURL]
################################################################################################################################################
[ReportManager] Browser Action [GetCurrentURL] successfully performed. With the following test data [https://duckduckgo.com/]. @25-10-2021 01:55:39.0961 A
[ReportManager] Target URL: [https://duckduckgo.com] @25-10-2021 01:55:39.0963 AM
[ReportManager] Initial URL: [https://duckduckgo.com] @25-10-2021 01:55:40.0021 AM
[ReportManager] Browser Action [NavigateToURL] successfully performed. With the following test data [https://duckduckgo.com]. @25-10-2021 01:55:40.0334 AM
[ReportManager] Browser Action [CloseCurrentWindow] successfully performed. @25-10-2021 01:55:40.0429 AM
[ReportManager] Successfully created attachment [Browser Action Test Data - CloseCurrentWindow - Actual Value] @25-10-2021 01:55:40.0429 A
[ReportManager] File Action [GetAbsolutePath] successfully performed. With the following test data [Relative Folder Path: "target/downloadedFiles/"]. @25-10-2021 01:55:40.0434 AM
[ReportManager] Attempting to run remotely on: [Linux-64], [GoogleChrome], [http://localhost:4444/wd/hub], Headless Execution. @25-10-2021 01:55:40.0434 AM
[ReportManager] Successfully Opened [GoogleChrome]. @25-10-2021 01:55:40.0623 AM
[ReportManager] Target URL: [https://duckduckgo.com] @25-10-2021 01:55:40.0641 AM
[ReportManager] Initial URL: [data:,] @25-10-2021 01:55:40.0686 AM
[ReportManager] Browser Action [NavigateToURL] successfully performed. With the following test data [https://duckduckgo.com]. @25-10-2021 01:55:41.0174 A

################################################################################################################################################
Starting Execution:	[51 out of 143] test cases in the current suite
Test Method:		[unitTests.tests_browserActions.getCurrentWindowTitle]
################################################################################################################################################
[ReportManager] Browser Action [GetCurrentWindowTitle] successfully performed. With the following test data [DuckDuckGo  Privacy, simplified.]. @25-10-2021 01:55:41.0211 A
[ReportManager] Target URL: [https://duckduckgo.com] @25-10-2021 01:55:41.0218 AM
[ReportManager] Initial URL: [https://duckduckgo.com] @25-10-2021 01:55:41.0291 AM
[ReportManager] Browser Action [NavigateToURL] successfully performed. With the following test data [https://duckduckgo.com]. @25-10-2021 01:55:41.0578 AM
[ReportManager] Browser Action [CloseCurrentWindow] successfully performed. @25-10-2021 01:55:41.0674 AM
[ReportManager] Successfully created attachment [Browser Action Test Data - CloseCurrentWindow - Actual Value] @25-10-2021 01:55:41.0674 A
[ReportManager] File Action [GetAbsolutePath] successfully performed. With the following test data [Relative Folder Path: "target/downloadedFiles/"]. @25-10-2021 01:55:41.0677 AM
[ReportManager] Attempting to run remotely on: [Linux-64], [GoogleChrome], [http://localhost:4444/wd/hub], Headless Execution. @25-10-2021 01:55:41.0677 AM
[ReportManager] Successfully Opened [GoogleChrome]. @25-10-2021 01:55:41.0893 AM
[ReportManager] Target URL: [https://duckduckgo.com] @25-10-2021 01:55:41.0905 AM
[ReportManager] Initial URL: [data:,] @25-10-2021 01:55:41.0946 AM
[ReportManager] Browser Action [NavigateToURL] successfully performed. With the following test data [https://duckduckgo.com]. @25-10-2021 01:55:42.0399 A

################################################################################################################################################
Starting Execution:	[52 out of 143] test cases in the current suite
Test Method:		[unitTests.tests_browserActions.getPageSource]
################################################################################################################################################
[ReportManager] Browser Action [GetPageSource] successfully performed. @25-10-2021 01:55:42.0459 AM
[ReportManager] Successfully created attachment [Browser Action Test Data - GetPageSource - Actual Value] @25-10-2021 01:55:42.0460 A
[ReportManager] Target URL: [https://duckduckgo.com] @25-10-2021 01:55:42.0463 AM
[ReportManager] Initial URL: [https://duckduckgo.com] @25-10-2021 01:55:42.0516 AM
[ReportManager] Browser Action [NavigateToURL] successfully performed. With the following test data [https://duckduckgo.com]. @25-10-2021 01:55:42.0828 AM
[ReportManager] Browser Action [CloseCurrentWindow] successfully performed. @25-10-2021 01:55:42.0927 AM
[ReportManager] Successfully created attachment [Browser Action Test Data - CloseCurrentWindow - Actual Value] @25-10-2021 01:55:42.0927 A
[ReportManager] File Action [GetAbsolutePath] successfully performed. With the following test data [Relative Folder Path: "target/downloadedFiles/"]. @25-10-2021 01:55:42.0932 AM
[ReportManager] Attempting to run remotely on: [Linux-64], [GoogleChrome], [http://localhost:4444/wd/hub], Headless Execution. @25-10-2021 01:55:42.0932 AM
[ReportManager] Successfully Opened [GoogleChrome]. @25-10-2021 01:55:43.0126 AM
[ReportManager] Target URL: [https://duckduckgo.com] @25-10-2021 01:55:43.0145 AM
[ReportManager] Initial URL: [data:,] @25-10-2021 01:55:43.0194 AM
[ReportManager] Browser Action [NavigateToURL] successfully performed. With the following test data [https://duckduckgo.com]. @25-10-2021 01:55:43.0661 A

################################################################################################################################################
Starting Execution:	[53 out of 143] test cases in the current suite
Test Method:		[unitTests.tests_browserActions.getWindowHandle]
################################################################################################################################################
[ReportManager] Browser Action [GetWindowHandle] successfully performed. With the following test data [CDwindow-F7A0D9836AC8EED52A9C444B3CF13B7D]. @25-10-2021 01:55:43.0694 A
[ReportManager] Target URL: [https://duckduckgo.com] @25-10-2021 01:55:43.0696 AM
[ReportManager] Initial URL: [https://duckduckgo.com] @25-10-2021 01:55:43.0753 AM
[ReportManager] Browser Action [NavigateToURL] successfully performed. With the following test data [https://duckduckgo.com]. @25-10-2021 01:55:44.0074 AM
[ReportManager] Browser Action [CloseCurrentWindow] successfully performed. @25-10-2021 01:55:44.0175 AM
[ReportManager] Successfully created attachment [Browser Action Test Data - CloseCurrentWindow - Actual Value] @25-10-2021 01:55:44.0175 A
[ReportManager] File Action [GetAbsolutePath] successfully performed. With the following test data [Relative Folder Path: "target/downloadedFiles/"]. @25-10-2021 01:55:44.0177 AM
[ReportManager] Attempting to run remotely on: [Linux-64], [GoogleChrome], [http://localhost:4444/wd/hub], Headless Execution. @25-10-2021 01:55:44.0178 AM
[ReportManager] Successfully Opened [GoogleChrome]. @25-10-2021 01:55:44.0358 AM
[ReportManager] Target URL: [https://duckduckgo.com] @25-10-2021 01:55:44.0368 AM
[ReportManager] Initial URL: [data:,] @25-10-2021 01:55:44.0406 AM
[ReportManager] Browser Action [NavigateToURL] successfully performed. With the following test data [https://duckduckgo.com]. @25-10-2021 01:55:44.0876 A

################################################################################################################################################
Starting Execution:	[54 out of 143] test cases in the current suite
Test Method:		[unitTests.tests_browserActions.getWindowPosition]
################################################################################################################################################
[ReportManager] Browser Action [GetWindowPosition] successfully performed. With the following test data [(0, 0)]. @25-10-2021 01:55:44.0918 A
[ReportManager] Target URL: [https://duckduckgo.com] @25-10-2021 01:55:44.0920 AM
[ReportManager] Initial URL: [https://duckduckgo.com] @25-10-2021 01:55:44.0966 AM
[ReportManager] Browser Action [NavigateToURL] successfully performed. With the following test data [https://duckduckgo.com]. @25-10-2021 01:55:45.0317 AM
[ReportManager] Browser Action [CloseCurrentWindow] successfully performed. @25-10-2021 01:55:45.0427 AM
[ReportManager] Successfully created attachment [Browser Action Test Data - CloseCurrentWindow - Actual Value] @25-10-2021 01:55:45.0428 A
[ReportManager] File Action [GetAbsolutePath] successfully performed. With the following test data [Relative Folder Path: "target/downloadedFiles/"]. @25-10-2021 01:55:45.0430 AM
[ReportManager] Attempting to run remotely on: [Linux-64], [GoogleChrome], [http://localhost:4444/wd/hub], Headless Execution. @25-10-2021 01:55:45.0430 AM
[ReportManager] Successfully Opened [GoogleChrome]. @25-10-2021 01:55:45.0738 AM
[ReportManager] Target URL: [https://duckduckgo.com] @25-10-2021 01:55:45.0756 AM
[ReportManager] Initial URL: [data:,] @25-10-2021 01:55:45.0791 AM
[ReportManager] Browser Action [NavigateToURL] successfully performed. With the following test data [https://duckduckgo.com]. @25-10-2021 01:55:46.0404 A

################################################################################################################################################
Starting Execution:	[55 out of 143] test cases in the current suite
Test Method:		[unitTests.tests_browserActions.getWindowSize]
################################################################################################################################################
[ReportManager] Browser Action [GetWindowSize] successfully performed. With the following test data [(800, 600)]. @25-10-2021 01:55:46.0437 A
[ReportManager] Target URL: [https://duckduckgo.com] @25-10-2021 01:55:46.0438 AM
[ReportManager] Initial URL: [https://duckduckgo.com] @25-10-2021 01:55:46.0498 AM
[ReportManager] Browser Action [NavigateToURL] successfully performed. With the following test data [https://duckduckgo.com]. @25-10-2021 01:55:46.0801 AM
[ReportManager] Browser Action [CloseCurrentWindow] successfully performed. @25-10-2021 01:55:46.0908 AM
[ReportManager] Successfully created attachment [Browser Action Test Data - CloseCurrentWindow - Actual Value] @25-10-2021 01:55:46.0909 A
[ReportManager] File Action [GetAbsolutePath] successfully performed. With the following test data [Relative Folder Path: "target/downloadedFiles/"]. @25-10-2021 01:55:46.0911 AM
[ReportManager] Attempting to run remotely on: [Linux-64], [GoogleChrome], [http://localhost:4444/wd/hub], Headless Execution. @25-10-2021 01:55:46.0912 AM
[ReportManager] Successfully Opened [GoogleChrome]. @25-10-2021 01:55:47.0078 AM
[ReportManager] Target URL: [https://duckduckgo.com] @25-10-2021 01:55:47.0091 AM
[ReportManager] Initial URL: [data:,] @25-10-2021 01:55:47.0136 AM
[ReportManager] Browser Action [NavigateToURL] successfully performed. With the following test data [https://duckduckgo.com]. @25-10-2021 01:55:47.0588 A

################################################################################################################################################
Starting Execution:	[56 out of 143] test cases in the current suite
Test Method:		[unitTests.tests_browserActions.maximizeWindow]
################################################################################################################################################
[ReportManager] Initial window size: (800, 600) @25-10-2021 01:55:47.0610 AM
[ReportManager] Window size after Toolkit: (1920, 1080) @25-10-2021 01:55:47.0831 AM
[ReportManager] Browser Action [MaximizeWindow] successfully performed. With the following test data [New screen size is now: (1920, 1080)]. @25-10-2021 01:55:47.0836 A
[ReportManager] Target URL: [https://duckduckgo.com] @25-10-2021 01:55:47.0840 AM
[ReportManager] Initial URL: [https://duckduckgo.com] @25-10-2021 01:55:47.0904 AM
[ReportManager] Browser Action [NavigateToURL] successfully performed. With the following test data [https://duckduckgo.com]. @25-10-2021 01:55:48.0199 AM
[ReportManager] Browser Action [CloseCurrentWindow] successfully performed. @25-10-2021 01:55:48.0297 AM
[ReportManager] Successfully created attachment [Browser Action Test Data - CloseCurrentWindow - Actual Value] @25-10-2021 01:55:48.0297 A
[ReportManager] File Action [GetAbsolutePath] successfully performed. With the following test data [Relative Folder Path: "target/downloadedFiles/"]. @25-10-2021 01:55:48.0300 AM
[ReportManager] Attempting to run remotely on: [Linux-64], [GoogleChrome], [http://localhost:4444/wd/hub], Headless Execution. @25-10-2021 01:55:48.0301 AM
[ReportManager] Successfully Opened [GoogleChrome]. @25-10-2021 01:55:48.0490 AM
[ReportManager] Target URL: [https://duckduckgo.com] @25-10-2021 01:55:48.0500 AM
[ReportManager] Initial URL: [data:,] @25-10-2021 01:55:48.0538 AM
[ReportManager] Browser Action [NavigateToURL] successfully performed. With the following test data [https://duckduckgo.com]. @25-10-2021 01:55:48.0971 A

################################################################################################################################################
Starting Execution:	[57 out of 143] test cases in the current suite
Test Method:		[unitTests.tests_browserActions.navigateBack]
################################################################################################################################################
[ReportManager] Target URL: [https://www.google.com/ncr], and after redirection: [https://www.google.com] @25-10-2021 01:55:48.0974 AM
[ReportManager] Initial URL: [https://duckduckgo.com] @25-10-2021 01:55:49.0025 AM
[ReportManager] Browser Action [NavigateToURL] successfully performed. With the following test data [https://www.google.com/ncr]. @25-10-2021 01:55:49.0746 AM
[ReportManager] Browser Action [NavigateBack] successfully performed. With the following test data [https://duckduckgo.com/]. @25-10-2021 01:55:50.0070 AM
[ReportManager] Browser Action [GetCurrentURL] successfully performed. With the following test data [https://duckduckgo.com/]. @25-10-2021 01:55:50.0101 AM
[ReportManager] Assertion Passed: Confirming that navigating back was successful @25-10-2021 01:55:50.0207 AM
[ReportManager] Successfully created attachment [Screenshot - 1635126950152_navigateBack_ValidateBrowserAttribute_passed] @25-10-2021 01:55:50.0209 AM
[ReportManager] Assertion [ValidateBrowserAttribute] PASSED. Expected [Value Should be 'https://duckduckgo.com' for the 'CurrentUrl' attribute] and Actual [https://duckduckgo.com/]. Comparison Type [CONTAINS]. Validation Type [POSITIVE]. @25-10-2021 01:55:50.0209 A
[ReportManager] Target URL: [https://duckduckgo.com] @25-10-2021 01:55:50.0210 AM
[ReportManager] Initial URL: [https://duckduckgo.com] @25-10-2021 01:55:50.0262 AM
[ReportManager] Browser Action [NavigateToURL] successfully performed. With the following test data [https://duckduckgo.com]. @25-10-2021 01:55:50.0513 AM
[ReportManager] Browser Action [CloseCurrentWindow] successfully performed. @25-10-2021 01:55:50.0603 AM
[ReportManager] Successfully created attachment [Browser Action Test Data - CloseCurrentWindow - Actual Value] @25-10-2021 01:55:50.0604 A
[ReportManager] File Action [GetAbsolutePath] successfully performed. With the following test data [Relative Folder Path: "target/downloadedFiles/"]. @25-10-2021 01:55:50.0608 AM
[ReportManager] Attempting to run remotely on: [Linux-64], [GoogleChrome], [http://localhost:4444/wd/hub], Headless Execution. @25-10-2021 01:55:50.0608 AM
[ReportManager] Successfully Opened [GoogleChrome]. @25-10-2021 01:55:50.0792 AM
[ReportManager] Target URL: [https://duckduckgo.com] @25-10-2021 01:55:50.0804 AM
[ReportManager] Initial URL: [data:,] @25-10-2021 01:55:50.0845 AM
[ReportManager] Browser Action [NavigateToURL] successfully performed. With the following test data [https://duckduckgo.com]. @25-10-2021 01:55:51.0288 A

################################################################################################################################################
Starting Execution:	[58 out of 143] test cases in the current suite
Test Method:		[unitTests.tests_browserActions.navigateForward]
################################################################################################################################################
[ReportManager] Target URL: [https://www.google.com/ncr], and after redirection: [https://www.google.com] @25-10-2021 01:55:51.0296 AM
[ReportManager] Initial URL: [https://duckduckgo.com] @25-10-2021 01:55:51.0350 AM
[ReportManager] Browser Action [NavigateToURL] successfully performed. With the following test data [https://www.google.com/ncr]. @25-10-2021 01:55:52.0050 AM
[ReportManager] Browser Action [NavigateBack] successfully performed. With the following test data [https://duckduckgo.com/]. @25-10-2021 01:55:52.0353 AM
[ReportManager] Browser Action [NavigateForward] successfully performed. With the following test data [https://www.google.com/]. @25-10-2021 01:55:52.0724 A
[ReportManager] Target URL: [https://duckduckgo.com] @25-10-2021 01:55:52.0729 AM
[ReportManager] Initial URL: [https://www.google.com] @25-10-2021 01:55:52.0792 AM
[ReportManager] Browser Action [NavigateToURL] successfully performed. With the following test data [https://duckduckgo.com]. @25-10-2021 01:55:53.0183 AM
[ReportManager] Browser Action [CloseCurrentWindow] successfully performed. @25-10-2021 01:55:53.0278 AM
[ReportManager] Successfully created attachment [Browser Action Test Data - CloseCurrentWindow - Actual Value] @25-10-2021 01:55:53.0279 A
[ReportManager] File Action [GetAbsolutePath] successfully performed. With the following test data [Relative Folder Path: "target/downloadedFiles/"]. @25-10-2021 01:55:53.0285 AM
[ReportManager] Attempting to run remotely on: [Linux-64], [GoogleChrome], [http://localhost:4444/wd/hub], Headless Execution. @25-10-2021 01:55:53.0285 AM
[ReportManager] Successfully Opened [GoogleChrome]. @25-10-2021 01:55:53.0462 AM
[ReportManager] Target URL: [https://duckduckgo.com] @25-10-2021 01:55:53.0485 AM
[ReportManager] Initial URL: [data:,] @25-10-2021 01:55:53.0521 AM
[ReportManager] Browser Action [NavigateToURL] successfully performed. With the following test data [https://duckduckgo.com]. @25-10-2021 01:55:53.0984 A

################################################################################################################################################
Starting Execution:	[59 out of 143] test cases in the current suite
Test Method:		[unitTests.tests_browserActions.navigateToURL]
################################################################################################################################################
[ReportManager] Target URL: [https://duckduckgo.com] @25-10-2021 01:55:53.0988 AM
[ReportManager] Initial URL: [https://duckduckgo.com] @25-10-2021 01:55:54.0034 AM
[ReportManager] Browser Action [NavigateToURL] successfully performed. With the following test data [https://duckduckgo.com]. @25-10-2021 01:55:54.0329 A
[ReportManager] Target URL: [https://duckduckgo.com] @25-10-2021 01:55:54.0334 AM
[ReportManager] Initial URL: [https://duckduckgo.com] @25-10-2021 01:55:54.0386 AM
[ReportManager] Browser Action [NavigateToURL] successfully performed. With the following test data [https://duckduckgo.com]. @25-10-2021 01:55:54.0648 AM
[ReportManager] Browser Action [CloseCurrentWindow] successfully performed. @25-10-2021 01:55:54.0742 AM
[ReportManager] Successfully created attachment [Browser Action Test Data - CloseCurrentWindow - Actual Value] @25-10-2021 01:55:54.0742 A
[ReportManager] File Action [GetAbsolutePath] successfully performed. With the following test data [Relative Folder Path: "target/downloadedFiles/"]. @25-10-2021 01:55:54.0745 AM
[ReportManager] Attempting to run remotely on: [Linux-64], [GoogleChrome], [http://localhost:4444/wd/hub], Headless Execution. @25-10-2021 01:55:54.0745 AM
[ReportManager] Successfully Opened [GoogleChrome]. @25-10-2021 01:55:54.0929 AM
[ReportManager] Target URL: [https://duckduckgo.com] @25-10-2021 01:55:54.0946 AM
[ReportManager] Initial URL: [data:,] @25-10-2021 01:55:54.0982 AM
[ReportManager] Browser Action [NavigateToURL] successfully performed. With the following test data [https://duckduckgo.com]. @25-10-2021 01:55:55.0414 A

################################################################################################################################################
Starting Execution:	[60 out of 143] test cases in the current suite
Test Method:		[unitTests.tests_browserActions.navigateToURLWithRedirection]
################################################################################################################################################
[ReportManager] Target URL: [https://www.google.com/ncr], and after redirection: [https://www.google.com] @25-10-2021 01:55:55.0417 AM
[ReportManager] Initial URL: [https://duckduckgo.com] @25-10-2021 01:55:55.0466 AM
[ReportManager] Browser Action [NavigateToURL] successfully performed. With the following test data [https://www.google.com/ncr]. @25-10-2021 01:55:56.0169 A
[ReportManager] Target URL: [https://duckduckgo.com] @25-10-2021 01:55:56.0171 AM
[ReportManager] Initial URL: [https://www.google.com] @25-10-2021 01:55:56.0251 AM
[ReportManager] Browser Action [NavigateToURL] successfully performed. With the following test data [https://duckduckgo.com]. @25-10-2021 01:55:56.0697 AM
[ReportManager] Browser Action [CloseCurrentWindow] successfully performed. @25-10-2021 01:55:56.0791 AM
[ReportManager] Successfully created attachment [Browser Action Test Data - CloseCurrentWindow - Actual Value] @25-10-2021 01:55:56.0792 A
[ReportManager] File Action [GetAbsolutePath] successfully performed. With the following test data [Relative Folder Path: "target/downloadedFiles/"]. @25-10-2021 01:55:56.0797 AM
[ReportManager] Attempting to run remotely on: [Linux-64], [GoogleChrome], [http://localhost:4444/wd/hub], Headless Execution. @25-10-2021 01:55:56.0797 AM
[ReportManager] Successfully Opened [GoogleChrome]. @25-10-2021 01:55:57.0001 AM
[ReportManager] Target URL: [https://duckduckgo.com] @25-10-2021 01:55:57.0027 AM
[ReportManager] Initial URL: [data:,] @25-10-2021 01:55:57.0060 AM
[ReportManager] Browser Action [NavigateToURL] successfully performed. With the following test data [https://duckduckgo.com]. @25-10-2021 01:55:57.0508 A

################################################################################################################################################
Starting Execution:	[61 out of 143] test cases in the current suite
Test Method:		[unitTests.tests_browserActions.refreshCurrentPage]
################################################################################################################################################
[ReportManager] Browser Action [RefreshCurrentPage] successfully performed. @25-10-2021 01:55:57.0674 AM
[ReportManager] Successfully created attachment [Browser Action Test Data - RefreshCurrentPage - Actual Value] @25-10-2021 01:55:57.0674 A
[ReportManager] Target URL: [https://duckduckgo.com] @25-10-2021 01:55:57.0678 AM
[ReportManager] Initial URL: [https://duckduckgo.com] @25-10-2021 01:55:57.0733 AM
[ReportManager] Browser Action [NavigateToURL] successfully performed. With the following test data [https://duckduckgo.com]. @25-10-2021 01:55:57.0987 AM
[ReportManager] Browser Action [CloseCurrentWindow] successfully performed. @25-10-2021 01:55:58.0078 AM
[ReportManager] Successfully created attachment [Browser Action Test Data - CloseCurrentWindow - Actual Value] @25-10-2021 01:55:58.0078 A
[ReportManager] File Action [GetAbsolutePath] successfully performed. With the following test data [Relative Folder Path: "target/downloadedFiles/"]. @25-10-2021 01:55:58.0081 AM
[ReportManager] Attempting to run remotely on: [Linux-64], [GoogleChrome], [http://localhost:4444/wd/hub], Headless Execution. @25-10-2021 01:55:58.0081 AM
[ReportManager] Successfully Opened [GoogleChrome]. @25-10-2021 01:55:58.0302 AM
[ReportManager] Target URL: [https://duckduckgo.com] @25-10-2021 01:55:58.0313 AM
[ReportManager] Initial URL: [data:,] @25-10-2021 01:55:58.0346 AM
[ReportManager] Browser Action [NavigateToURL] successfully performed. With the following test data [https://duckduckgo.com]. @25-10-2021 01:55:58.0786 A

################################################################################################################################################
Starting Execution:	[62 out of 143] test cases in the current suite
Test Method:		[unitTests.tests_browserActions.setWindowSize]
################################################################################################################################################
[ReportManager] Initial window size: (800, 600) @25-10-2021 01:55:58.0804 AM
[ReportManager] Window size after SWD: (1280, 720) @25-10-2021 01:55:59.0024 AM
[ReportManager] Browser Action [SetWindowSize] successfully performed. With the following test data [New screen size is now: (1280, 720)]. @25-10-2021 01:55:59.0025 A
[ReportManager] Target URL: [https://duckduckgo.com] @25-10-2021 01:55:59.0029 AM
[ReportManager] Initial URL: [https://duckduckgo.com] @25-10-2021 01:55:59.0087 AM
[ReportManager] Browser Action [NavigateToURL] successfully performed. With the following test data [https://duckduckgo.com]. @25-10-2021 01:55:59.0343 AM
[ReportManager] Browser Action [CloseCurrentWindow] successfully performed. @25-10-2021 01:55:59.0437 AM
[ReportManager] Successfully created attachment [Browser Action Test Data - CloseCurrentWindow - Actual Value] @25-10-2021 01:55:59.0438 A
[ReportManager] File Action [GetAbsolutePath] successfully performed. With the following test data [Relative Folder Path: "target/downloadedFiles/"]. @25-10-2021 01:55:59.0440 AM
[ReportManager] Attempting to run remotely on: [Linux-64], [GoogleChrome], [http://localhost:4444/wd/hub], Headless Execution. @25-10-2021 01:55:59.0440 AM
[ReportManager] Successfully Opened [GoogleChrome]. @25-10-2021 01:55:59.0618 A

################################################################################################################################################
Starting Execution:	[63 out of 143] test cases in the current suite
Test Method:		[unitTests.tests_element_elementActions.waitForElementToBePresent_false_expectedToFail]
################################################################################################################################################
[ReportManager] Target URL: [https://www.google.com/ncr], and after redirection: [www.google.com] @25-10-2021 01:55:59.0635 AM
[ReportManager] Initial URL: [data:,] @25-10-2021 01:55:59.0669 AM
[ReportManager] Browser Action [NavigateToURL] successfully performed. With the following test data [https://www.google.com/ncr]. @25-10-2021 01:56:00.0363 AM
[ReportManager] Waiting for element to be present; elementLocator [By.xpath: //*[@id='hplogo' or @alt='Google']], numberOfTries[1], stateOfPresence[false]... @25-10-2021 01:56:00.0371 AM
[ReportManager] Element Action [WaitForElementToBePresent] failed. With the following test data [waited for the element's state of presence to be (false). Element locator (By.xpath: //*[@id='hplogo' or @alt='Google'])]. @25-10-2021 01:56:00.0558 AM
[ReportManager] Successfully created attachment [Screenshot - 1635126960499_waitForElementToBePresent_false_expectedToFail_WaitForElementToBePresent_failed] @25-10-2021 01:56:00.0558 A
[ReportManager] Browser Action [CloseCurrentWindow] successfully performed. @25-10-2021 01:56:00.0672 AM
[ReportManager] Successfully created attachment [Browser Action Test Data - CloseCurrentWindow - Actual Value] @25-10-2021 01:56:00.0677 A
[ReportManager] File Action [GetAbsolutePath] successfully performed. With the following test data [Relative Folder Path: "target/downloadedFiles/"]. @25-10-2021 01:56:00.0683 AM
[ReportManager] Attempting to run remotely on: [Linux-64], [GoogleChrome], [http://localhost:4444/wd/hub], Headless Execution. @25-10-2021 01:56:00.0683 AM
[ReportManager] Successfully Opened [GoogleChrome]. @25-10-2021 01:56:00.0855 A

################################################################################################################################################
Starting Execution:	[64 out of 143] test cases in the current suite
Test Method:		[unitTests.tests_element_elementActions.waitForElementToBePresent_false_expectedToPass]
################################################################################################################################################
[ReportManager] Target URL: [https://www.google.com/ncr], and after redirection: [www.google.com] @25-10-2021 01:56:00.0867 AM
[ReportManager] Initial URL: [data:,] @25-10-2021 01:56:00.0910 AM
[ReportManager] Browser Action [NavigateToURL] successfully performed. With the following test data [https://www.google.com/ncr]. @25-10-2021 01:56:01.0635 AM
[ReportManager] Waiting for element to be present; elementLocator [By.id: bla], numberOfTries[1], stateOfPresence[false]... @25-10-2021 01:56:01.0635 AM
[ReportManager] Element Action [WaitForElementToBePresent] successfully performed. With the following test data [waited for the element's state of presence to be (false). Element locator (By.id: bla)]. @25-10-2021 01:56:06.0743 A
[ReportManager] Browser Action [CloseCurrentWindow] successfully performed. @25-10-2021 01:56:06.0859 AM
[ReportManager] Successfully created attachment [Browser Action Test Data - CloseCurrentWindow - Actual Value] @25-10-2021 01:56:06.0860 A
[ReportManager] File Action [GetAbsolutePath] successfully performed. With the following test data [Relative Folder Path: "target/downloadedFiles/"]. @25-10-2021 01:56:06.0863 AM
[ReportManager] Attempting to run remotely on: [Linux-64], [GoogleChrome], [http://localhost:4444/wd/hub], Headless Execution. @25-10-2021 01:56:06.0863 AM
[ReportManager] Successfully Opened [GoogleChrome]. @25-10-2021 01:56:07.0036 A

################################################################################################################################################
Starting Execution:	[65 out of 143] test cases in the current suite
Test Method:		[unitTests.tests_element_elementActions.waitForElementToBePresent_moreThanOneElement_expectedToFail]
################################################################################################################################################
[ReportManager] Target URL: [https://www.google.com/ncr], and after redirection: [www.google.com] @25-10-2021 01:56:07.0052 AM
[ReportManager] Initial URL: [data:,] @25-10-2021 01:56:07.0093 AM
[ReportManager] Browser Action [NavigateToURL] successfully performed. With the following test data [https://www.google.com/ncr]. @25-10-2021 01:56:07.0800 AM
[ReportManager] Waiting for element to be present; elementLocator [By.xpath: //*], numberOfTries[1], stateOfPresence[false]... @25-10-2021 01:56:07.0800 AM
[ReportManager] Element Action [WaitForElementToBePresent] failed. With the following test data [waited for the element's state of presence to be (false). Element locator (By.xpath: //*)]. @25-10-2021 01:56:07.0986 AM
[ReportManager] Successfully created attachment [Screenshot - 1635126967932_waitForElementToBePresent_moreThanOneElement_expectedToFail_WaitForElementToBePresent_failed] @25-10-2021 01:56:07.0986 A
[ReportManager] Browser Action [CloseCurrentWindow] successfully performed. @25-10-2021 01:56:08.0101 AM
[ReportManager] Successfully created attachment [Browser Action Test Data - CloseCurrentWindow - Actual Value] @25-10-2021 01:56:08.0102 A
[ReportManager] File Action [GetAbsolutePath] successfully performed. With the following test data [Relative Folder Path: "target/downloadedFiles/"]. @25-10-2021 01:56:08.0105 AM
[ReportManager] Attempting to run remotely on: [Linux-64], [GoogleChrome], [http://localhost:4444/wd/hub], Headless Execution. @25-10-2021 01:56:08.0105 AM
[ReportManager] Successfully Opened [GoogleChrome]. @25-10-2021 01:56:08.0299 A

################################################################################################################################################
Starting Execution:	[66 out of 143] test cases in the current suite
Test Method:		[unitTests.tests_element_elementActions.waitForElementToBePresent_true_expectedToFail]
################################################################################################################################################
[ReportManager] Target URL: [https://www.google.com/ncr], and after redirection: [www.google.com] @25-10-2021 01:56:08.0311 AM
[ReportManager] Initial URL: [data:,] @25-10-2021 01:56:08.0365 AM
[ReportManager] Browser Action [NavigateToURL] successfully performed. With the following test data [https://www.google.com/ncr]. @25-10-2021 01:56:09.0075 AM
[ReportManager] Waiting for element to be present; elementLocator [By.id: bla], numberOfTries[1], stateOfPresence[true]... @25-10-2021 01:56:09.0076 AM
[ReportManager] Element Action [WaitForElementToBePresent] failed. With the following test data [waited for the element's state of presence to be (true). Element locator (By.id: bla)]. @25-10-2021 01:56:14.0305 AM
[ReportManager] Successfully created attachment [Screenshot - 1635126974251_waitForElementToBePresent_true_expectedToFail_WaitForElementToBePresent_failed] @25-10-2021 01:56:14.0306 A
[ReportManager] Browser Action [CloseCurrentWindow] successfully performed. @25-10-2021 01:56:14.0430 AM
[ReportManager] Successfully created attachment [Browser Action Test Data - CloseCurrentWindow - Actual Value] @25-10-2021 01:56:14.0431 A
[ReportManager] File Action [GetAbsolutePath] successfully performed. With the following test data [Relative Folder Path: "target/downloadedFiles/"]. @25-10-2021 01:56:14.0437 AM
[ReportManager] Attempting to run remotely on: [Linux-64], [GoogleChrome], [http://localhost:4444/wd/hub], Headless Execution. @25-10-2021 01:56:14.0437 AM
[ReportManager] Successfully Opened [GoogleChrome]. @25-10-2021 01:56:14.0639 A

################################################################################################################################################
Starting Execution:	[67 out of 143] test cases in the current suite
Test Method:		[unitTests.tests_element_elementActions.waitForElementToBePresent_true_expectedToPass]
################################################################################################################################################
[ReportManager] Target URL: [https://www.google.com/ncr], and after redirection: [www.google.com] @25-10-2021 01:56:14.0654 AM
[ReportManager] Initial URL: [data:,] @25-10-2021 01:56:14.0697 AM
[ReportManager] Browser Action [NavigateToURL] successfully performed. With the following test data [https://www.google.com/ncr]. @25-10-2021 01:56:15.0390 AM
[ReportManager] Waiting for element to be present; elementLocator [By.xpath: //*[@id='hplogo' or @alt='Google']], numberOfTries[1], stateOfPresence[true]... @25-10-2021 01:56:15.0390 AM
[ReportManager] Element Action [WaitForElementToBePresent] successfully performed. With the following test data [waited for the element's state of presence to be (true). Element locator (By.xpath: //*[@id='hplogo' or @alt='Google'])]. @25-10-2021 01:56:15.0448 AM
[ReportManager] File Action [DoesFileExist] successfully performed. With the following test data [File Path: "src/test/resources/DynamicObjectRepository/unitTests_tests_element_elementActions_waitForElementToBePresent_true_expectedToPass_By_xpath_id_hplogo_or_alt_Google.png"]. @25-10-2021 01:56:15.0451 AM
[ReportManager] File Action [DoesFileExist] successfully performed. With the following test data [File Path: "src/test/resources/DynamicObjectRepository/unitTests_tests_element_elementActions_waitForElementToBePresent_true_expectedToPass_By_xpath_id_hplogo_or_alt_Google.png"]. @25-10-2021 01:56:15.0597 AM
[ReportManager] Passing the test and saving a reference image @25-10-2021 01:56:15.0597 AM
[ReportManager] File Action [GetAbsolutePath] successfully performed. With the following test data [Relative File Path: "src/test/resources/DynamicObjectRepository/unitTests_tests_element_elementActions_waitForElementToBePresent_true_expectedToPass_By_xpath_id_hplogo_or_alt_Google.png"]. @25-10-2021 01:56:15.0598 AM
[ReportManager] File Action [WriteToFile] successfully performed. With the following test data [Target File Path: "/home/runner/work/SHAFT_ENGINE/SHAFT_ENGINE/src/test/resources/DynamicObjectRepository/unitTests_tests_element_elementActions_waitForElementToBePresent_true_expectedToPass_By_xpath_id_hplogo_or_alt_Google.png"]. @25-10-2021 01:56:15.0599 AM
[ReportManager] Assertion Passed: Using Visual AI; OpenCV @25-10-2021 01:56:15.0600 AM
[ReportManager] Successfully created attachment [Validation Test Data - Actual Screenshot] @25-10-2021 01:56:15.0600 AM
[ReportManager] Assertion [ValidateElementMatches] PASSED. Expected [Element should match the reference screenshot] and Actual [TRUE]. Comparison Type [EXACT_OPENCV]. Validation Type [POSITIVE]. @25-10-2021 01:56:15.0600 A
[ReportManager] Browser Action [CloseCurrentWindow] successfully performed. @25-10-2021 01:56:15.0720 AM
[ReportManager] Successfully created attachment [Browser Action Test Data - CloseCurrentWindow - Actual Value] @25-10-2021 01:56:15.0721 A
[ReportManager] Successfully loaded the following test data file [src/test/resources/TestDataFiles/testSuite01/TestData.xlsx]. @25-10-2021 01:56:16.0323 AM
[ReportManager] Successfully created attachment [Test Data - Excel] @25-10-2021 01:56:16.0323 A

################################################################################################################################################
Starting Execution:	[68 out of 143] test cases in the current suite
Test Method:		[unitTests.tests_io_excelFileManager.getCellData_rowName_expectedToPass]
################################################################################################################################################
[ReportManager] testRowData. @25-10-2021 01:56:16.0333 A

################################################################################################################################################
Starting Execution:	[69 out of 143] test cases in the current suite
Test Method:		[testPackage01.Test_testData.f]
################################################################################################################################################
[ReportManager] Successfully loaded the following test data file [src/test/resources/TestDataFiles/testSuite01/TestData.xlsx]. @25-10-2021 01:56:16.0358 AM
[ReportManager] Successfully created attachment [Test Data - Excel] @25-10-2021 01:56:16.0358 AM
[ReportManager] Last Column Number is: [3]. Zero-based. @25-10-2021 01:56:16.0359 A

################################################################################################################################################
Starting Execution:	[70 out of 143] test cases in the current suite
Test Method:		[testPackage01.Test_SkipDueToIssue.doNotSkip]
################################################################################################################################################
[ReportManager] This should not be skipped. @25-10-2021 01:56:16.0361 A

################################################################################################################################################
Starting Execution:	[71 out of 143] test cases in the current suite
Test Method:		[testPackage01.Test_SkipDueToIssue.skip]
################################################################################################################################################
[ReportManager] This should be skipped. @25-10-2021 01:56:16.0365 A

################################################################################################################################################
Starting Execution:	[72 out of 143] test cases in the current suite
Test Method:		[testPackage01.Test_SkipDueToIssue.skip2]
################################################################################################################################################
[ReportManager] This should be skipped. @25-10-2021 01:56:16.0368 A

################################################################################################################################################
Starting Execution:	[73 out of 143] test cases in the current suite
Test Method:		[testPackage01.Test_chainableElementActions.chainElementActions]
################################################################################################################################################
[ReportManager] File Action [GetAbsolutePath] successfully performed. With the following test data [Relative Folder Path: "target/downloadedFiles/"]. @25-10-2021 01:56:16.0370 AM
[ReportManager] Attempting to run remotely on: [Linux-64], [GoogleChrome], [http://localhost:4444/wd/hub], Headless Execution. @25-10-2021 01:56:16.0371 AM
[ReportManager] Successfully Opened [GoogleChrome]. @25-10-2021 01:56:16.0655 AM
[ReportManager] Target URL: [https://www.google.com/ncr], and after redirection: [https://www.google.com] @25-10-2021 01:56:16.0672 AM
[ReportManager] Initial URL: [data:,] @25-10-2021 01:56:16.0715 AM
[ReportManager] Browser Action [NavigateToURL] successfully performed. With the following test data [https://www.google.com/ncr]. @25-10-2021 01:56:17.0472 AM
[ReportManager] Element Action [Type] successfully performed. With the following test data [chained type 1]. @25-10-2021 01:56:17.0768 AM
[ReportManager] Element Action [Type] successfully performed. With the following test data [chained type 2]. @25-10-2021 01:56:18.0055 AM
[ReportManager] Element Action [TypeAppend] successfully performed. With the following test data [345]. @25-10-2021 01:56:18.0152 AM
[ReportManager] Element Action [GetText] successfully performed. With the following test data [chained type 2345]. @25-10-2021 01:56:18.0262 AM
[ReportManager] Loaded Shared OpenCV @25-10-2021 01:56:18.0367 AM
[ReportManager] Assertion [ValidateElementAttribute] PASSED. Expected [Value Should be 'chained type 2345' for the 'text' attribute, element locator 'By.name: q'] and Actual [chained type 2345]. Comparison Type [EQUALS]. Validation Type [POSITIVE]. @25-10-2021 01:56:18.0432 AM
[ReportManager] Successfully created attachment [Screenshot - 1635126978367_chainElementActions_ValidateElementAttribute_passed] @25-10-2021 01:56:18.0433 AM
[ReportManager] Browser Action [CloseCurrentWindow] successfully performed. @25-10-2021 01:56:18.0538 AM
[ReportManager] Successfully created attachment [Browser Action Test Data - CloseCurrentWindow - Actual Value] @25-10-2021 01:56:18.0539 A

################################################################################################################################################
Starting Execution:	[74 out of 143] test cases in the current suite
Test Method:		[testPackage01.Test_NewValidationHelper.f1]
################################################################################################################################################
[ReportManager] Assertion Passed: Checking valid user data @25-10-2021 01:56:18.0549 AM
[ReportManager] Successfully created attachment [Validation Test Data - Expected Value] @25-10-2021 01:56:18.0550 AM
[ReportManager] Successfully created attachment [Validation Test Data - Actual Value] @25-10-2021 01:56:18.0550 AM
[ReportManager] Assertion [ValidateEquals] PASSED. Expected and Actual values are attached. Comparison Type [EQUALS]. Validation Type [POSITIVE]. @25-10-2021 01:56:18.0550 A
[ReportManager] File Action [GetAbsolutePath] successfully performed. With the following test data [Relative Folder Path: "target/downloadedFiles/"]. @25-10-2021 01:56:18.0555 AM
[ReportManager] Attempting to run remotely on: [Linux-64], [GoogleChrome], [http://localhost:4444/wd/hub], Headless Execution. @25-10-2021 01:56:18.0555 AM
[ReportManager] Successfully Opened [GoogleChrome]. @25-10-2021 01:56:18.0728 AM
[ReportManager] Target URL: [https://the-internet.herokuapp.com/] @25-10-2021 01:56:18.0738 AM
[ReportManager] Initial URL: [data:,] @25-10-2021 01:56:18.0771 AM
[ReportManager] Browser Action [NavigateToURL] successfully performed. With the following test data [https://the-internet.herokuapp.com/]. @25-10-2021 01:56:19.0096 A

################################################################################################################################################
Starting Execution:	[75 out of 143] test cases in the current suite
Test Method:		[testPackage01.Test_NewValidationHelper.f10]
################################################################################################################################################
[ReportManager] Assertion [ValidateElementExists] FAILED. Expected [Element Should Exist, locator 'By.tagName: div'] and Actual [Element Exists but is not unique]. Comparison Type [EQUALS]. Validation Type [POSITIVE]. @25-10-2021 01:56:19.0336 AM
[ReportManager] Successfully created attachment [Screenshot - 1635126979277_f10_ValidateElementExists_failed] @25-10-2021 01:56:19.0336 A
[ReportManager] Successfully Closed All Drivers. @25-10-2021 01:56:19.0413 A
[ReportManager] File Action [GetAbsolutePath] successfully performed. With the following test data [Relative Folder Path: "target/downloadedFiles/"]. @25-10-2021 01:56:19.0415 AM
[ReportManager] Attempting to run remotely on: [Linux-64], [GoogleChrome], [http://localhost:4444/wd/hub], Headless Execution. @25-10-2021 01:56:19.0416 AM
[ReportManager] Successfully Opened [GoogleChrome]. @25-10-2021 01:56:19.0617 AM
[ReportManager] Target URL: [https://the-internet.herokuapp.com/] @25-10-2021 01:56:19.0629 AM
[ReportManager] Initial URL: [data:,] @25-10-2021 01:56:19.0697 AM
[ReportManager] Browser Action [NavigateToURL] successfully performed. With the following test data [https://the-internet.herokuapp.com/]. @25-10-2021 01:56:20.0026 A

################################################################################################################################################
Starting Execution:	[76 out of 143] test cases in the current suite
Test Method:		[testPackage01.Test_NewValidationHelper.f11]
################################################################################################################################################
[ReportManager] Assertion Passed: Checking that false tag doesn't exist @25-10-2021 01:56:30.0375 AM
[ReportManager] Successfully created attachment [Screenshot - 1635126990324_f11_ValidateElementExists_passed] @25-10-2021 01:56:30.0376 AM
[ReportManager] Assertion [ValidateElementExists] PASSED. Expected [Element Should not Exist, locator 'By.tagName: h3'] and Actual [Element Doesn't Exists]. Comparison Type [EQUALS]. Validation Type [NEGATIVE]. @25-10-2021 01:56:30.0376 A
[ReportManager] Successfully Closed All Drivers. @25-10-2021 01:56:30.0450 A
[ReportManager] File Action [GetAbsolutePath] successfully performed. With the following test data [Relative Folder Path: "target/downloadedFiles/"]. @25-10-2021 01:56:30.0453 AM
[ReportManager] Attempting to run remotely on: [Linux-64], [GoogleChrome], [http://localhost:4444/wd/hub], Headless Execution. @25-10-2021 01:56:30.0453 AM
[ReportManager] Successfully Opened [GoogleChrome]. @25-10-2021 01:56:30.0646 AM
[ReportManager] Target URL: [https://the-internet.herokuapp.com/] @25-10-2021 01:56:30.0657 AM
[ReportManager] Initial URL: [data:,] @25-10-2021 01:56:30.0695 AM
[ReportManager] Browser Action [NavigateToURL] successfully performed. With the following test data [https://the-internet.herokuapp.com/]. @25-10-2021 01:56:31.0057 A

################################################################################################################################################
Starting Execution:	[77 out of 143] test cases in the current suite
Test Method:		[testPackage01.Test_NewValidationHelper.f12]
################################################################################################################################################
[ReportManager] Loaded Shared OpenCV @25-10-2021 01:56:31.0249 AM
[ReportManager] Assertion [ValidateElementExists] FAILED. Expected [Element Should not Exist, locator 'By.tagName: h1'] and Actual [Element Exists]. Comparison Type [EQUALS]. Validation Type [NEGATIVE]. @25-10-2021 01:56:31.0321 AM
[ReportManager] Successfully created attachment [Screenshot - 1635126991249_f12_ValidateElementExists_failed] @25-10-2021 01:56:31.0322 A
[ReportManager] Successfully Closed All Drivers. @25-10-2021 01:56:31.0394 A
[ReportManager] File Action [GetAbsolutePath] successfully performed. With the following test data [Relative Folder Path: "target/downloadedFiles/"]. @25-10-2021 01:56:31.0397 AM
[ReportManager] Attempting to run remotely on: [Linux-64], [GoogleChrome], [http://localhost:4444/wd/hub], Headless Execution. @25-10-2021 01:56:31.0397 AM
[ReportManager] Successfully Opened [GoogleChrome]. @25-10-2021 01:56:31.0591 AM
[ReportManager] Target URL: [https://the-internet.herokuapp.com/] @25-10-2021 01:56:31.0601 AM
[ReportManager] Initial URL: [data:,] @25-10-2021 01:56:31.0637 AM
[ReportManager] Browser Action [NavigateToURL] successfully performed. With the following test data [https://the-internet.herokuapp.com/]. @25-10-2021 01:56:31.0944 A

################################################################################################################################################
Starting Execution:	[78 out of 143] test cases in the current suite
Test Method:		[testPackage01.Test_NewValidationHelper.f13]
################################################################################################################################################
[ReportManager] Assertion [ValidateElementExists] FAILED. Expected [Element Should not Exist, locator 'By.tagName: div'] and Actual [Element Exists but is not unique]. Comparison Type [EQUALS]. Validation Type [NEGATIVE]. @25-10-2021 01:56:32.0185 AM
[ReportManager] Successfully created attachment [Screenshot - 1635126992127_f13_ValidateElementExists_failed] @25-10-2021 01:56:32.0185 A
[ReportManager] Successfully Closed All Drivers. @25-10-2021 01:56:32.0256 A
[ReportManager] File Action [GetAbsolutePath] successfully performed. With the following test data [Relative Folder Path: "target/downloadedFiles/"]. @25-10-2021 01:56:32.0258 AM
[ReportManager] Attempting to run remotely on: [Linux-64], [GoogleChrome], [http://localhost:4444/wd/hub], Headless Execution. @25-10-2021 01:56:32.0258 AM
[ReportManager] Successfully Opened [GoogleChrome]. @25-10-2021 01:56:32.0428 AM
[ReportManager] Target URL: [https://the-internet.herokuapp.com/] @25-10-2021 01:56:32.0439 AM
[ReportManager] Initial URL: [data:,] @25-10-2021 01:56:32.0475 AM
[ReportManager] Browser Action [NavigateToURL] successfully performed. With the following test data [https://the-internet.herokuapp.com/]. @25-10-2021 01:56:32.0806 A

################################################################################################################################################
Starting Execution:	[79 out of 143] test cases in the current suite
Test Method:		[testPackage01.Test_NewValidationHelper.f14]
################################################################################################################################################
[ReportManager] Element Action [GetText] successfully performed. With the following test data [Welcome to the-internet]. @25-10-2021 01:56:32.0883 AM
[ReportManager] Loaded Shared OpenCV @25-10-2021 01:56:33.0010 AM
[ReportManager] Assertion Passed: Asserting that the header text is correct @25-10-2021 01:56:33.0081 AM
[ReportManager] Successfully created attachment [Screenshot - 1635126993010_f14_ValidateElementAttribute_passed] @25-10-2021 01:56:33.0082 AM
[ReportManager] Assertion [ValidateElementAttribute] PASSED. Expected [Value Should be 'Welcome to the-internet' for the 'text' attribute, element locator 'By.tagName: h1'] and Actual [Welcome to the-internet]. Comparison Type [EQUALS]. Validation Type [POSITIVE]. @25-10-2021 01:56:33.0082 A
[ReportManager] Successfully Closed All Drivers. @25-10-2021 01:56:33.0166 A
[ReportManager] File Action [GetAbsolutePath] successfully performed. With the following test data [Relative Folder Path: "target/downloadedFiles/"]. @25-10-2021 01:56:33.0167 AM
[ReportManager] Attempting to run remotely on: [Linux-64], [GoogleChrome], [http://localhost:4444/wd/hub], Headless Execution. @25-10-2021 01:56:33.0168 AM
[ReportManager] Successfully Opened [GoogleChrome]. @25-10-2021 01:56:33.0342 AM
[ReportManager] Target URL: [https://the-internet.herokuapp.com/] @25-10-2021 01:56:33.0357 AM
[ReportManager] Initial URL: [data:,] @25-10-2021 01:56:33.0391 AM
[ReportManager] Browser Action [NavigateToURL] successfully performed. With the following test data [https://the-internet.herokuapp.com/]. @25-10-2021 01:56:33.0721 A

################################################################################################################################################
Starting Execution:	[80 out of 143] test cases in the current suite
Test Method:		[testPackage01.Test_NewValidationHelper.f15]
################################################################################################################################################
[ReportManager] Element Action [GetText] successfully performed. With the following test data [Welcome to the-internet]. @25-10-2021 01:56:33.0797 AM
[ReportManager] Loaded Shared OpenCV @25-10-2021 01:56:33.0942 AM
[ReportManager] Assertion [ValidateElementAttribute] FAILED. Expected [Value Should not be 'Welcome' for the 'text' attribute, element locator 'By.tagName: h1'] and Actual [Welcome to the-internet]. Comparison Type [CONTAINS]. Validation Type [NEGATIVE]. @25-10-2021 01:56:34.0005 AM
[ReportManager] Successfully created attachment [Screenshot - 1635126993942_f15_ValidateElementAttribute_failed] @25-10-2021 01:56:34.0006 A
[ReportManager] Successfully Closed All Drivers. @25-10-2021 01:56:34.0082 A
[ReportManager] File Action [GetAbsolutePath] successfully performed. With the following test data [Relative Folder Path: "target/downloadedFiles/"]. @25-10-2021 01:56:34.0084 AM
[ReportManager] Attempting to run remotely on: [Linux-64], [GoogleChrome], [http://localhost:4444/wd/hub], Headless Execution. @25-10-2021 01:56:34.0084 AM
[ReportManager] Successfully Opened [GoogleChrome]. @25-10-2021 01:56:34.0284 AM
[ReportManager] Target URL: [https://the-internet.herokuapp.com/] @25-10-2021 01:56:34.0294 AM
[ReportManager] Initial URL: [data:,] @25-10-2021 01:56:34.0330 AM
[ReportManager] Browser Action [NavigateToURL] successfully performed. With the following test data [https://the-internet.herokuapp.com/]. @25-10-2021 01:56:34.0651 A

################################################################################################################################################
Starting Execution:	[81 out of 143] test cases in the current suite
Test Method:		[testPackage01.Test_NewValidationHelper.f16]
################################################################################################################################################
[ReportManager] Element Action [IdentifyUniqueElement] failed. With the following test data [zero elements found matching this locator "By.tagName: h3".]. @25-10-2021 01:57:00.0185 AM
[ReportManager] Successfully created attachment [Screenshot - 1635127020128_f16_IdentifyUniqueElement_failed] @25-10-2021 01:57:00.0186 AM
[ReportManager] Assertion [ValidateElementAttribute] FAILED. Expected [Value Should not be 'Welcome' for the 'text' attribute, element locator 'By.tagName: h3'] and Actual [Failed to read the desired element attribute]. Comparison Type [CONTAINS]. Validation Type [NEGATIVE]. @25-10-2021 01:57:00.0187 A
[ReportManager] Successfully Closed All Drivers. @25-10-2021 01:57:00.0261 A
[ReportManager] File Action [GetAbsolutePath] successfully performed. With the following test data [Relative Folder Path: "target/downloadedFiles/"]. @25-10-2021 01:57:00.0266 AM
[ReportManager] Attempting to run remotely on: [Linux-64], [GoogleChrome], [http://localhost:4444/wd/hub], Headless Execution. @25-10-2021 01:57:00.0266 AM
[ReportManager] Successfully Opened [GoogleChrome]. @25-10-2021 01:57:00.0436 AM
[ReportManager] Target URL: [https://the-internet.herokuapp.com/] @25-10-2021 01:57:00.0447 AM
[ReportManager] Initial URL: [data:,] @25-10-2021 01:57:00.0483 AM
[ReportManager] Browser Action [NavigateToURL] successfully performed. With the following test data [https://the-internet.herokuapp.com/]. @25-10-2021 01:57:00.0809 A

################################################################################################################################################
Starting Execution:	[82 out of 143] test cases in the current suite
Test Method:		[testPackage01.Test_NewValidationHelper.f17]
################################################################################################################################################
[ReportManager] Attempting to getAttribute [text2] from elementLocator [By.tagName: h1]. @25-10-2021 01:57:00.0812 AM
[ReportManager] Element Action [GetAttribute] successfully performed. @25-10-2021 01:57:00.0886 AM
[ReportManager] Loaded Shared OpenCV @25-10-2021 01:57:01.0010 AM
[ReportManager] Assertion [ValidateElementAttribute] PASSED. Expected [Value Should not be 'Welcome' for the 'text2' attribute, element locator 'By.tagName: h1'] and Actual [null]. Comparison Type [CONTAINS]. Validation Type [NEGATIVE]. @25-10-2021 01:57:01.0084 AM
[ReportManager] Successfully created attachment [Screenshot - 1635127021010_f17_ValidateElementAttribute_passed] @25-10-2021 01:57:01.0085 A
[ReportManager] Successfully Closed All Drivers. @25-10-2021 01:57:01.0158 A
[ReportManager] File Action [GetAbsolutePath] successfully performed. With the following test data [Relative Folder Path: "target/downloadedFiles/"]. @25-10-2021 01:57:01.0162 AM
[ReportManager] Attempting to run remotely on: [Linux-64], [GoogleChrome], [http://localhost:4444/wd/hub], Headless Execution. @25-10-2021 01:57:01.0162 AM
[ReportManager] Successfully Opened [GoogleChrome]. @25-10-2021 01:57:01.0337 AM
[ReportManager] Target URL: [https://the-internet.herokuapp.com/] @25-10-2021 01:57:01.0357 AM
[ReportManager] Initial URL: [data:,] @25-10-2021 01:57:01.0395 AM
[ReportManager] Browser Action [NavigateToURL] successfully performed. With the following test data [https://the-internet.herokuapp.com/]. @25-10-2021 01:57:01.0744 A

################################################################################################################################################
Starting Execution:	[83 out of 143] test cases in the current suite
Test Method:		[testPackage01.Test_NewValidationHelper.f18]
################################################################################################################################################
[ReportManager] Element Action [GetText] successfully performed. With the following test data [Welcome to the-internet]. @25-10-2021 01:57:01.0819 AM
[ReportManager] Loaded Shared OpenCV @25-10-2021 01:57:01.0960 AM
[ReportManager] Assertion [ValidateElementAttribute] PASSED. Expected [Value Should not be 'no' for the 'text' attribute, element locator 'By.tagName: h1'] and Actual [Welcome to the-internet]. Comparison Type [CONTAINS]. Validation Type [NEGATIVE]. @25-10-2021 01:57:02.0031 AM
[ReportManager] Successfully created attachment [Screenshot - 1635127021960_f18_ValidateElementAttribute_passed] @25-10-2021 01:57:02.0032 A
[ReportManager] Successfully Closed All Drivers. @25-10-2021 01:57:02.0107 A

################################################################################################################################################
Starting Execution:	[84 out of 143] test cases in the current suite
Test Method:		[testPackage01.Test_NewValidationHelper.f2]
################################################################################################################################################
[ReportManager] Assertion Failed: Checking valid user data @25-10-2021 01:57:02.0112 AM
[ReportManager] Assertion [ValidateEquals] FAILED. Expected [1] and Actual [2]. Comparison Type [EQUALS]. Validation Type [POSITIVE]. @25-10-2021 01:57:02.0113 A
[ReportManager] File Action [GetAbsolutePath] successfully performed. With the following test data [Relative Folder Path: "target/downloadedFiles/"]. @25-10-2021 01:57:02.0115 AM
[ReportManager] Attempting to run remotely on: [Linux-64], [GoogleChrome], [http://localhost:4444/wd/hub], Headless Execution. @25-10-2021 01:57:02.0115 AM
[ReportManager] Successfully Opened [GoogleChrome]. @25-10-2021 01:57:02.0287 AM
[ReportManager] Target URL: [https://the-internet.herokuapp.com/] @25-10-2021 01:57:02.0311 AM
[ReportManager] Initial URL: [data:,] @25-10-2021 01:57:02.0354 AM
[ReportManager] Browser Action [NavigateToURL] successfully performed. With the following test data [https://the-internet.herokuapp.com/]. @25-10-2021 01:57:02.0667 A

################################################################################################################################################
Starting Execution:	[85 out of 143] test cases in the current suite
Test Method:		[testPackage01.Test_NewValidationHelper.f20]
################################################################################################################################################
[ReportManager] Element Action [GetSize] successfully performed. With the following test data [(755, 61)]. @25-10-2021 01:57:02.0746 AM
[ReportManager] Loaded Shared OpenCV @25-10-2021 01:57:02.0877 AM
[ReportManager] Assertion [ValidateElementAttribute] PASSED. Expected [Value Should not be 'a' for the 'size' attribute, element locator 'By.tagName: h1'] and Actual [(755, 61)]. Comparison Type [CONTAINS]. Validation Type [NEGATIVE]. @25-10-2021 01:57:02.0950 AM
[ReportManager] Successfully created attachment [Screenshot - 1635127022877_f20_ValidateElementAttribute_passed] @25-10-2021 01:57:02.0951 A
[ReportManager] Successfully Closed All Drivers. @25-10-2021 01:57:03.0023 A
[ReportManager] File Action [GetAbsolutePath] successfully performed. With the following test data [Relative Folder Path: "target/downloadedFiles/"]. @25-10-2021 01:57:03.0036 AM
[ReportManager] Attempting to run remotely on: [Linux-64], [GoogleChrome], [http://localhost:4444/wd/hub], Headless Execution. @25-10-2021 01:57:03.0037 AM
[ReportManager] Successfully Opened [GoogleChrome]. @25-10-2021 01:57:03.0218 AM
[ReportManager] Target URL: [https://the-internet.herokuapp.com/] @25-10-2021 01:57:03.0232 AM
[ReportManager] Initial URL: [data:,] @25-10-2021 01:57:03.0275 AM
[ReportManager] Browser Action [NavigateToURL] successfully performed. With the following test data [https://the-internet.herokuapp.com/]. @25-10-2021 01:57:03.0586 A

################################################################################################################################################
Starting Execution:	[86 out of 143] test cases in the current suite
Test Method:		[testPackage01.Test_NewValidationHelper.f21]
################################################################################################################################################
[ReportManager] Element Action [IdentifyUniqueElement] failed. With the following test data [zero elements found matching this locator "By.tagName: h3".]. @25-10-2021 01:57:29.0131 AM
[ReportManager] Successfully created attachment [Screenshot - 1635127049075_f21_IdentifyUniqueElement_failed] @25-10-2021 01:57:29.0132 AM
[ReportManager] Assertion [ValidateElementAttribute] FAILED. Expected [Value Should be 'Welcome' for the 'text' attribute, element locator 'By.tagName: h3'] and Actual [Failed to read the desired element attribute]. Comparison Type [CONTAINS]. Validation Type [POSITIVE]. @25-10-2021 01:57:29.0133 A
[ReportManager] Successfully Closed All Drivers. @25-10-2021 01:57:29.0204 A
[ReportManager] File Action [GetAbsolutePath] successfully performed. With the following test data [Relative Folder Path: "target/downloadedFiles/"]. @25-10-2021 01:57:29.0206 AM
[ReportManager] Attempting to run remotely on: [Linux-64], [GoogleChrome], [http://localhost:4444/wd/hub], Headless Execution. @25-10-2021 01:57:29.0206 AM
[ReportManager] Successfully Opened [GoogleChrome]. @25-10-2021 01:57:29.0379 AM
[ReportManager] Target URL: [https://the-internet.herokuapp.com/] @25-10-2021 01:57:29.0395 AM
[ReportManager] Initial URL: [data:,] @25-10-2021 01:57:29.0429 AM
[ReportManager] Browser Action [NavigateToURL] successfully performed. With the following test data [https://the-internet.herokuapp.com/]. @25-10-2021 01:57:29.0760 A

################################################################################################################################################
Starting Execution:	[87 out of 143] test cases in the current suite
Test Method:		[testPackage01.Test_NewValidationHelper.f22]
################################################################################################################################################
[ReportManager] Element Action [GetText] successfully performed. With the following test data [Welcome to the-internet]. @25-10-2021 01:57:29.0863 AM
[ReportManager] Loaded Shared OpenCV @25-10-2021 01:57:29.0995 AM
[ReportManager] Assertion [ValidateElementAttribute] FAILED. Expected [Value Should be 'yyy' for the 'text' attribute, element locator 'By.tagName: h1'] and Actual [Welcome to the-internet]. Comparison Type [CONTAINS]. Validation Type [POSITIVE]. @25-10-2021 01:57:30.0067 AM
[ReportManager] Successfully created attachment [Screenshot - 1635127049995_f22_ValidateElementAttribute_failed] @25-10-2021 01:57:30.0068 A
[ReportManager] Successfully Closed All Drivers. @25-10-2021 01:57:30.0189 A

################################################################################################################################################
Starting Execution:	[88 out of 143] test cases in the current suite
Test Method:		[testPackage01.Test_NewValidationHelper.f23]
################################################################################################################################################
[ReportManager] Assertion Passed: confirming that the actual is greater than or equal to the expected @25-10-2021 01:57:30.0193 AM
[ReportManager] Assertion [ValidateComparativeRelation] PASSED. Expected [1] and Actual [1]. Comparison Type [GREATER_THAN_OR_EQUALS]. Validation Type [POSITIVE]. @25-10-2021 01:57:30.0193 A

################################################################################################################################################
Starting Execution:	[89 out of 143] test cases in the current suite
Test Method:		[testPackage01.Test_NewValidationHelper.f24]
################################################################################################################################################
[ReportManager] Assertion [ValidateComparativeRelation] PASSED. Expected [1] and Actual [10]. Comparison Type [GREATER_THAN_OR_EQUALS]. Validation Type [POSITIVE]. @25-10-2021 01:57:30.0196 A

################################################################################################################################################
Starting Execution:	[90 out of 143] test cases in the current suite
Test Method:		[testPackage01.Test_NewValidationHelper.f25]
################################################################################################################################################
[ReportManager] Assertion [ValidateComparativeRelation] PASSED. Expected [1] and Actual [1]. Comparison Type [EQUALS]. Validation Type [POSITIVE]. @25-10-2021 01:57:30.0201 A

################################################################################################################################################
Starting Execution:	[91 out of 143] test cases in the current suite
Test Method:		[testPackage01.Test_NewValidationHelper.f26]
################################################################################################################################################
[ReportManager] Assertion [ValidateComparativeRelation] PASSED. Expected [1] and Actual [5]. Comparison Type [GREATER_THAN]. Validation Type [POSITIVE]. @25-10-2021 01:57:30.0204 A

################################################################################################################################################
Starting Execution:	[92 out of 143] test cases in the current suite
Test Method:		[testPackage01.Test_NewValidationHelper.f27]
################################################################################################################################################
[ReportManager] Assertion [ValidateComparativeRelation] PASSED. Expected [11] and Actual [5]. Comparison Type [LESS_THAN]. Validation Type [POSITIVE]. @25-10-2021 01:57:30.0206 A

################################################################################################################################################
Starting Execution:	[93 out of 143] test cases in the current suite
Test Method:		[testPackage01.Test_NewValidationHelper.f28]
################################################################################################################################################
[ReportManager] Assertion [ValidateComparativeRelation] PASSED. Expected [11] and Actual [5]. Comparison Type [LESS_THAN_OR_EQUALS]. Validation Type [POSITIVE]. @25-10-2021 01:57:30.0211 A

################################################################################################################################################
Starting Execution:	[94 out of 143] test cases in the current suite
Test Method:		[testPackage01.Test_NewValidationHelper.f29]
################################################################################################################################################
[ReportManager] Assertion [ValidateComparativeRelation] PASSED. Expected [11] and Actual [11]. Comparison Type [LESS_THAN_OR_EQUALS]. Validation Type [POSITIVE]. @25-10-2021 01:57:30.0213 A

################################################################################################################################################
Starting Execution:	[95 out of 143] test cases in the current suite
Test Method:		[testPackage01.Test_NewValidationHelper.f3]
################################################################################################################################################
[ReportManager] Assertion [ValidateEquals] PASSED. Expected [1] and Actual [2]. Comparison Type [EQUALS]. Validation Type [NEGATIVE]. @25-10-2021 01:57:30.0216 A

################################################################################################################################################
Starting Execution:	[96 out of 143] test cases in the current suite
Test Method:		[testPackage01.Test_NewValidationHelper.f30]
################################################################################################################################################
[ReportManager] Assertion [ValidateComparativeRelation] FAILED. Expected [-9] and Actual [11]. Comparison Type [LESS_THAN_OR_EQUALS]. Validation Type [POSITIVE]. @25-10-2021 01:57:30.0220 A

################################################################################################################################################
Starting Execution:	[97 out of 143] test cases in the current suite
Test Method:		[testPackage01.Test_NewValidationHelper.f31]
################################################################################################################################################
[ReportManager] Assertion [ValidateTrue] PASSED. Expected [TRUE] and Actual [TRUE]. Validation Type [POSITIVE]. @25-10-2021 01:57:30.0222 A

################################################################################################################################################
Starting Execution:	[98 out of 143] test cases in the current suite
Test Method:		[testPackage01.Test_NewValidationHelper.f32]
################################################################################################################################################
[ReportManager] Assertion [ValidateTrue] PASSED. Expected [FALSE] and Actual [FALSE]. Validation Type [NEGATIVE]. @25-10-2021 01:57:30.0224 A

################################################################################################################################################
Starting Execution:	[99 out of 143] test cases in the current suite
Test Method:		[testPackage01.Test_NewValidationHelper.f33]
################################################################################################################################################
[ReportManager] Assertion [ValidateTrue] FAILED. Expected [FALSE] and Actual [TRUE]. Validation Type [NEGATIVE]. @25-10-2021 01:57:30.0226 A

################################################################################################################################################
Starting Execution:	[100 out of 143] test cases in the current suite
Test Method:		[testPackage01.Test_NewValidationHelper.f34]
################################################################################################################################################
[ReportManager] Assertion [ValidateTrue] FAILED. Expected [TRUE] and Actual [FALSE]. Validation Type [POSITIVE]. @25-10-2021 01:57:30.0228 A

################################################################################################################################################
Starting Execution:	[101 out of 143] test cases in the current suite
Test Method:		[testPackage01.Test_NewValidationHelper.f35]
################################################################################################################################################
[ReportManager] File Action [DoesFileExist] successfully performed. With the following test data [File Path: "pom.xml"]. @25-10-2021 01:57:30.0230 AM
[ReportManager] Assertion [ValidateFileExists] PASSED. Expected [File 'pom.xml' should exist, after up to '1' retries] and Actual [File exists]. Validation Type [POSITIVE]. @25-10-2021 01:57:30.0231 A

################################################################################################################################################
Starting Execution:	[102 out of 143] test cases in the current suite
Test Method:		[testPackage01.Test_NewValidationHelper.f36]
################################################################################################################################################
[ReportManager] File Action [DoesFileExist] successfully performed. With the following test data [File Path: "src/test/java/testPackage01/Test_NewValidationHelper.java"]. @25-10-2021 01:57:30.0232 AM
[ReportManager] Assertion [ValidateFileExists] PASSED. Expected [File 'src/test/java/testPackage01/Test_NewValidationHelper.java' should exist, after up to '1' retries] and Actual [File exists]. Validation Type [POSITIVE]. @25-10-2021 01:57:30.0233 A

################################################################################################################################################
Starting Execution:	[103 out of 143] test cases in the current suite
Test Method:		[testPackage01.Test_NewValidationHelper.f37]
################################################################################################################################################
[ReportManager] File Action [DoesFileExist] successfully performed. With the following test data [File Path: "pom.xml"]. @25-10-2021 01:57:30.0235 AM
[ReportManager] Assertion Failed: confirming that the file does't exist after 5 retries @25-10-2021 01:57:30.0235 AM
[ReportManager] Assertion [ValidateFileExists] FAILED. Expected [File 'pom.xml' should not exist, after up to '5' retries] and Actual [File exists]. Validation Type [NEGATIVE]. @25-10-2021 01:57:30.0235 A

################################################################################################################################################
Starting Execution:	[104 out of 143] test cases in the current suite
Test Method:		[testPackage01.Test_NewValidationHelper.f3_1]
################################################################################################################################################
[ReportManager] Assertion Passed: Checking valid user data @25-10-2021 01:57:30.0237 AM
[ReportManager] Assertion [ValidateEquals] PASSED. Expected [null] and Actual [null]. Comparison Type [EQUALS]. Validation Type [POSITIVE]. @25-10-2021 01:57:30.0237 A

################################################################################################################################################
Starting Execution:	[105 out of 143] test cases in the current suite
Test Method:		[testPackage01.Test_NewValidationHelper.f4]
################################################################################################################################################
[ReportManager] Assertion [ValidateEquals] PASSED. Expected [1] and Actual [123]. Comparison Type [CONTAINS]. Validation Type [POSITIVE]. @25-10-2021 01:57:30.0239 A

################################################################################################################################################
Starting Execution:	[106 out of 143] test cases in the current suite
Test Method:		[testPackage01.Test_NewValidationHelper.f5]
################################################################################################################################################
[ReportManager] Assertion [ValidateNull] PASSED. Expected [NULL] and Actual [1]. Comparison Type [EQUALS]. Validation Type [NEGATIVE]. @25-10-2021 01:57:30.0241 A

################################################################################################################################################
Starting Execution:	[107 out of 143] test cases in the current suite
Test Method:		[testPackage01.Test_NewValidationHelper.f6]
################################################################################################################################################
[ReportManager] Assertion Failed: Making sure that null string is not equal to null object @25-10-2021 01:57:30.0244 AM
[ReportManager] Assertion [ValidateNull] FAILED. Expected [NULL] and Actual [NULL]. Comparison Type [EQUALS]. Validation Type [POSITIVE]. @25-10-2021 01:57:30.0244 A

################################################################################################################################################
Starting Execution:	[108 out of 143] test cases in the current suite
Test Method:		[testPackage01.Test_NewValidationHelper.f6_1]
################################################################################################################################################
[ReportManager] Assertion [ValidateNull] FAILED. Expected [NULL] and Actual [NULL]. Comparison Type [EQUALS]. Validation Type [NEGATIVE]. @25-10-2021 01:57:30.0246 A

################################################################################################################################################
Starting Execution:	[109 out of 143] test cases in the current suite
Test Method:		[testPackage01.Test_NewValidationHelper.f6_2]
################################################################################################################################################
[ReportManager] Assertion Failed: Making sure that null string is not equal to null object @25-10-2021 01:57:30.0248 AM
[ReportManager] Assertion [ValidateNull] FAILED. Expected [NULL] and Actual [not null]. Comparison Type [EQUALS]. Validation Type [POSITIVE]. @25-10-2021 01:57:30.0248 A

################################################################################################################################################
Starting Execution:	[110 out of 143] test cases in the current suite
Test Method:		[testPackage01.Test_NewValidationHelper.f7]
################################################################################################################################################
[ReportManager] Assertion [ValidateNull] PASSED. Expected [NULL] and Actual [NULL]. Comparison Type [EQUALS]. Validation Type [POSITIVE]. @25-10-2021 01:57:30.0250 A
[ReportManager] File Action [GetAbsolutePath] successfully performed. With the following test data [Relative Folder Path: "target/downloadedFiles/"]. @25-10-2021 01:57:30.0252 AM
[ReportManager] Attempting to run remotely on: [Linux-64], [GoogleChrome], [http://localhost:4444/wd/hub], Headless Execution. @25-10-2021 01:57:30.0252 AM
[ReportManager] Successfully Opened [GoogleChrome]. @25-10-2021 01:57:30.0428 AM
[ReportManager] Target URL: [https://the-internet.herokuapp.com/] @25-10-2021 01:57:30.0442 AM
[ReportManager] Initial URL: [data:,] @25-10-2021 01:57:30.0475 AM
[ReportManager] Browser Action [NavigateToURL] successfully performed. With the following test data [https://the-internet.herokuapp.com/]. @25-10-2021 01:57:30.0808 A

################################################################################################################################################
Starting Execution:	[111 out of 143] test cases in the current suite
Test Method:		[testPackage01.Test_NewValidationHelper.f8]
################################################################################################################################################
[ReportManager] Loaded Shared OpenCV @25-10-2021 01:57:30.0989 AM
[ReportManager] Assertion [ValidateElementExists] PASSED. Expected [Element Should Exist, locator 'By.tagName: h1'] and Actual [Element Exists]. Comparison Type [EQUALS]. Validation Type [POSITIVE]. @25-10-2021 01:57:31.0060 AM
[ReportManager] Successfully created attachment [Screenshot - 1635127050989_f8_ValidateElementExists_passed] @25-10-2021 01:57:31.0061 A
[ReportManager] Successfully Closed All Drivers. @25-10-2021 01:57:31.0135 A
[ReportManager] File Action [GetAbsolutePath] successfully performed. With the following test data [Relative Folder Path: "target/downloadedFiles/"]. @25-10-2021 01:57:31.0137 AM
[ReportManager] Attempting to run remotely on: [Linux-64], [GoogleChrome], [http://localhost:4444/wd/hub], Headless Execution. @25-10-2021 01:57:31.0137 AM
[ReportManager] Successfully Opened [GoogleChrome]. @25-10-2021 01:57:31.0319 AM
[ReportManager] Target URL: [https://the-internet.herokuapp.com/] @25-10-2021 01:57:31.0329 AM
[ReportManager] Initial URL: [data:,] @25-10-2021 01:57:31.0375 AM
[ReportManager] Browser Action [NavigateToURL] successfully performed. With the following test data [https://the-internet.herokuapp.com/]. @25-10-2021 01:57:31.0720 A

################################################################################################################################################
Starting Execution:	[112 out of 143] test cases in the current suite
Test Method:		[testPackage01.Test_NewValidationHelper.f9]
################################################################################################################################################
[ReportManager] Assertion [ValidateElementExists] FAILED. Expected [Element Should Exist, locator 'By.tagName: h3'] and Actual [Element Doesn't Exists]. Comparison Type [EQUALS]. Validation Type [POSITIVE]. @25-10-2021 01:58:02.0346 AM
[ReportManager] Successfully created attachment [Screenshot - 1635127082289_f9_ValidateElementExists_failed] @25-10-2021 01:58:02.0346 A
[ReportManager] Successfully Closed All Drivers. @25-10-2021 01:58:02.0422 A

################################################################################################################################################
Starting Execution:	[113 out of 143] test cases in the current suite
Test Method:		[testPackage01.Test_NewValidationHelper.forceFail]
################################################################################################################################################
[ReportManager] Assertion [ValidateFail] FAILED. Successfully force failed the test. @25-10-2021 01:58:02.0428 A

################################################################################################################################################
Starting Execution:	[114 out of 143] test cases in the current suite
Test Method:		[testPackage01.Test_NewValidationHelper.forceFail2]
################################################################################################################################################
[ReportManager] Assertion Failed: Custom Message @25-10-2021 01:58:02.0430 AM
[ReportManager] Assertion [ValidateFail] FAILED. Successfully force failed the test. @25-10-2021 01:58:02.0430 A

################################################################################################################################################
Starting Execution:	[115 out of 143] test cases in the current suite
Test Method:		[testPackage01.Test_sendGraphqlRequest.sendGraphqlRequestUsingMutationAndVariables]
################################################################################################################################################
[ReportManager] GraphQl Request is being Performed with the Following Parameters [Service URL: https://api.spacex.land/graphql | Request Body: {"variables":"{\"name\": \"sherlock holmes\",\"rocket\": \"221B Baker Street\"}","query":"mutation ($name: String, $rocket: String) {\n  insert_users(objects: {name: $name, rocket: $rocket}) {\n    returning {\n      name\n      rocket\n    }\n  }\n}"}] @25-10-2021 01:58:02.0432 AM
[ReportManager] Response status code: [200], status line: [HTTP/1.1 200 OK] @25-10-2021 01:58:02.0634 AM
[ReportManager] Assertion Passed: Evaluating the actual response status code against the expected one... @25-10-2021 01:58:02.0635 AM
[ReportManager] Assertion [ValidateEquals] PASSED. Expected [200] and Actual [200]. Comparison Type [EQUALS]. Validation Type [POSITIVE]. @25-10-2021 01:58:02.0635 AM
[ReportManager] API Action [PerformRequest] successfully performed. With the following test data [Request Type: "POST" | Target Status Code: "200" | Service URL: "https://api.spacex.land/graphql" | Content Type: "application/json" | Response Time: "137ms"]. @25-10-2021 01:58:02.0646 AM
[ReportManager] Successfully created attachment [API Request - Specifications] @25-10-2021 01:58:02.0646 AM
[ReportManager] Successfully created attachment [API Request - JSON Body] @25-10-2021 01:58:02.0646 AM
[ReportManager] Successfully created attachment [API Response - JSON Body] @25-10-2021 01:58:02.0647 AM
[ReportManager] API Action [GetResponseJSONValue] successfully performed. With the following test data [data.insert_users.returning[0].name]. @25-10-2021 01:58:02.0685 AM
[ReportManager] Assertion [ValidateEquals] PASSED. Expected [sherlock holmes] and Actual [sherlock holmes]. Comparison Type [EQUALS]. Validation Type [POSITIVE]. @25-10-2021 01:58:02.0685 A

################################################################################################################################################
Starting Execution:	[116 out of 143] test cases in the current suite
Test Method:		[testPackage01.Test_sendGraphqlRequest.sendGraphqlRequestUsingQuery]
################################################################################################################################################
[ReportManager] GraphQl Request is being Performed with the Following Parameters [Service URL: https://api.spacex.land/graphql | Request Body: {"query":"{company {ceo}}"}] @25-10-2021 01:58:02.0688 AM
[ReportManager] Response status code: [200], status line: [HTTP/1.1 200 OK] @25-10-2021 01:58:02.0766 AM
[ReportManager] Assertion Passed: Evaluating the actual response status code against the expected one... @25-10-2021 01:58:02.0767 AM
[ReportManager] Assertion [ValidateEquals] PASSED. Expected [200] and Actual [200]. Comparison Type [EQUALS]. Validation Type [POSITIVE]. @25-10-2021 01:58:02.0767 AM
[ReportManager] API Action [PerformRequest] successfully performed. With the following test data [Request Type: "POST" | Target Status Code: "200" | Service URL: "https://api.spacex.land/graphql" | Content Type: "application/json" | Response Time: "74ms"]. @25-10-2021 01:58:02.0776 AM
[ReportManager] Successfully created attachment [API Request - Specifications] @25-10-2021 01:58:02.0776 AM
[ReportManager] Successfully created attachment [API Request - JSON Body] @25-10-2021 01:58:02.0777 AM
[ReportManager] Successfully created attachment [API Response - JSON Body] @25-10-2021 01:58:02.0777 AM
[ReportManager] API Action [GetResponseJSONValue] successfully performed. With the following test data [data.company.ceo]. @25-10-2021 01:58:02.0784 AM
[ReportManager] Assertion [ValidateEquals] PASSED. Expected [Elon Musk] and Actual [Elon Musk]. Comparison Type [EQUALS]. Validation Type [POSITIVE]. @25-10-2021 01:58:02.0784 A
[ReportManager] Successfully loaded the following test data file [src/test/resources/TestDataFiles/testSuite01/TestData.xlsx]. @25-10-2021 01:58:02.0808 AM
[ReportManager] Successfully created attachment [Test Data - Excel] @25-10-2021 01:58:02.0809 AM
[ReportManager] File Action [GetAbsolutePath] successfully performed. With the following test data [Relative Folder Path: "target/downloadedFiles/"]. @25-10-2021 01:58:02.0809 AM
[ReportManager] Attempting to run remotely on: [Linux-64], [GoogleChrome], [http://localhost:4444/wd/hub], Headless Execution. @25-10-2021 01:58:02.0809 AM
[ReportManager] Successfully Opened [GoogleChrome]. @25-10-2021 01:58:03.0006 A

################################################################################################################################################
Starting Execution:	[117 out of 143] test cases in the current suite
Test Method:		[testPackage01.Test_google.navigateToURLandVerifyGoogleLogoIsDisplayed]
Test Description:	[TC001 - Navigate to URL and Verify Google Logo is Displayed]
################################################################################################################################################
[ReportManager] Target URL: [https://www.google.com/ncr], and after redirection: [https://www.google.com] @25-10-2021 01:58:03.0021 AM
[ReportManager] Initial URL: [data:,] @25-10-2021 01:58:03.0057 AM
[ReportManager] Browser Action [NavigateToURL] successfully performed. With the following test data [https://www.google.com/ncr]. @25-10-2021 01:58:03.0762 AM
[ReportManager] Loaded Shared OpenCV @25-10-2021 01:58:03.0912 AM
[ReportManager] Assertion [ValidateElementExists] PASSED. Expected [Element Should Exist, locator 'By.xpath: //*[@id='hplogo' or @alt='Google']'] and Actual [Element Exists]. Comparison Type [EQUALS]. Validation Type [POSITIVE]. @25-10-2021 01:58:03.0976 AM
[ReportManager] Successfully created attachment [Screenshot - 1635127083912_navigateToURLandVerifyGoogleLogoIsDisplayed_ValidateElementExists_passed] @25-10-2021 01:58:03.0977 A

################################################################################################################################################
Starting Execution:	[118 out of 143] test cases in the current suite
Test Method:		[testPackage01.Test_google.searchForQueryandAssertResultsNumDisplayed]
Test Description:	[TC002 - Search for Query and Assert that the number of results is displayed]
################################################################################################################################################
[ReportManager] Element Action [Type] successfully performed. With the following test data [SHAFT_Engine]. @25-10-2021 01:58:04.0251 AM
[ReportManager] Element Action [KeyPress] successfully performed. With the following test data [Enter]. @25-10-2021 01:58:05.0573 AM
[ReportManager] Element Action [GetText] successfully performed. With the following test data [About 879,000 results (0.59 seconds) ]. @25-10-2021 01:58:05.0642 AM
[ReportManager] Loaded Shared OpenCV @25-10-2021 01:58:05.0765 AM
[ReportManager] Assertion [ValidateElementAttribute] PASSED. Expected [Value Should not be '' for the 'Text' attribute, element locator 'By.id: appbar'] and Actual [About 879,000 results (0.59 seconds) ]. Comparison Type [EQUALS]. Validation Type [NEGATIVE]. @25-10-2021 01:58:05.0845 AM
[ReportManager] Successfully created attachment [Screenshot - 1635127085765_searchForQueryandAssertResultsNumDisplayed_ValidateElementAttribute_passed] @25-10-2021 01:58:05.0847 A

################################################################################################################################################
Starting Execution:	[119 out of 143] test cases in the current suite
Test Method:		[testPackage01.Test_google.clickNextThrice]
Test Description:	[TC003 - Clicks the next button to make sure that the framework can scroll element into view before clicking it]
################################################################################################################################################
[ReportManager] Element Action [Click] successfully performed. With the following test data [Next]. @25-10-2021 01:58:07.0284 A
[ReportManager] Browser Action [CloseCurrentWindow] successfully performed. @25-10-2021 01:58:07.0449 AM
[ReportManager] Successfully created attachment [Browser Action Test Data - CloseCurrentWindow - Actual Value] @25-10-2021 01:58:07.0451 A
[ReportManager] File Action [GetAbsolutePath] successfully performed. With the following test data [Relative Folder Path: "target/downloadedFiles/"]. @25-10-2021 01:58:07.0453 AM
[ReportManager] Attempting to run remotely on: [Linux-64], [GoogleChrome], [http://localhost:4444/wd/hub], Headless Execution. @25-10-2021 01:58:07.0453 AM
[ReportManager] Successfully Opened [GoogleChrome]. @25-10-2021 01:58:07.0630 A

################################################################################################################################################
Starting Execution:	[120 out of 143] test cases in the current suite
Test Method:		[testPackage01.Test_ShadowDOM.shadowdom]
################################################################################################################################################
[ReportManager] Target URL: [https://mdn.github.io/web-components-examples/popup-info-box-web-component/] @25-10-2021 01:58:07.0647 AM
[ReportManager] Initial URL: [data:,] @25-10-2021 01:58:07.0680 AM
[ReportManager] Browser Action [NavigateToURL] successfully performed. With the following test data [https://mdn.github.io/web-components-examples/popup-info-box-web-component/]. @25-10-2021 01:58:07.0883 AM
[ReportManager] Element Action [Type] successfully performed. With the following test data [Typing into SHADOW DOM...]. @25-10-2021 01:58:08.0120 AM
[ReportManager] Element Action [GetText] successfully performed. With the following test data [Typing into SHADOW DOM...]. @25-10-2021 01:58:08.0193 AM
[ReportManager] Loaded Shared OpenCV @25-10-2021 01:58:08.0288 AM
[ReportManager] Assertion [ValidateElementAttribute] PASSED. Expected [Value Should be 'Typing into SHADOW DOM...' for the 'Text' attribute, element locator 'By.id: cvc'] and Actual [Typing into SHADOW DOM...]. Comparison Type [EQUALS]. Validation Type [POSITIVE]. @25-10-2021 01:58:08.0348 AM
[ReportManager] Successfully created attachment [Screenshot - 1635127088288_shadowdom_ValidateElementAttribute_passed] @25-10-2021 01:58:08.0349 A
[ReportManager] Browser Action [CloseCurrentWindow] successfully performed. @25-10-2021 01:58:08.0437 AM
[ReportManager] Successfully created attachment [Browser Action Test Data - CloseCurrentWindow - Actual Value] @25-10-2021 01:58:08.0438 A

################################################################################################################################################
Starting Execution:	[121 out of 143] test cases in the current suite
Test Method:		[testPackage01.Test_AssertApiResponseEquals.assertApiResponseEquals_expectedToPass]
################################################################################################################################################
[ReportManager] Response status code: [200], status line: [HTTP/1.1 200 OK] @25-10-2021 01:58:08.0517 AM
[ReportManager] Assertion Passed: Evaluating the actual response status code against the expected one... @25-10-2021 01:58:08.0518 AM
[ReportManager] Assertion [ValidateEquals] PASSED. Expected [200] and Actual [200]. Comparison Type [EQUALS]. Validation Type [POSITIVE]. @25-10-2021 01:58:08.0518 AM
[ReportManager] API Action [PerformRequest] successfully performed. With the following test data [Request Type: "GET" | Target Status Code: "200" | Service URL: "https://jsonplaceholder.typicode.com/users" | Content Type: "*/*" | Response Time: "68ms"]. @25-10-2021 01:58:08.0540 AM
[ReportManager] Successfully created attachment [API Request - Specifications] @25-10-2021 01:58:08.0541 AM
[ReportManager] Successfully created attachment [API Response - JSON Body] @25-10-2021 01:58:08.0542 AM
[ReportManager] API Action [GetResponseJSONValueAsList] successfully performed. With the following test data [$]. @25-10-2021 01:58:08.0545 AM
[ReportManager] API Action [GetResponseJSONValue] successfully performed. With the following test data [name]. @25-10-2021 01:58:08.0558 AM
[ReportManager] API Action [GetResponseJSONValue] successfully performed. With the following test data [email]. @25-10-2021 01:58:08.0569 AM
[ReportManager] Verification [ValidateEquals] PASSED. Expected [Sincere@april.biz] and Actual [Sincere@april.biz]. Comparison Type [EQUALS]. Validation Type [POSITIVE]. @25-10-2021 01:58:08.0569 AM
[ReportManager] API Action [GetResponseJSONValue] successfully performed. With the following test data [username]. @25-10-2021 01:58:08.0605 AM
[ReportManager] Assertion [ValidateEquals] PASSED. Expected [Bret] and Actual [Bret]. Comparison Type [EQUALS]. Validation Type [POSITIVE]. @25-10-2021 01:58:08.0605 AM
[ReportManager] API Action [GetResponseJSONValue] successfully performed. With the following test data [name]. @25-10-2021 01:58:08.0612 AM
[ReportManager] API Action [GetResponseJSONValue] successfully performed. With the following test data [name]. @25-10-2021 01:58:08.0618 AM
[ReportManager] API Action [GetResponseJSONValue] successfully performed. With the following test data [name]. @25-10-2021 01:58:08.0624 AM
[ReportManager] API Action [GetResponseJSONValue] successfully performed. With the following test data [name]. @25-10-2021 01:58:08.0632 AM
[ReportManager] API Action [GetResponseJSONValue] successfully performed. With the following test data [name]. @25-10-2021 01:58:08.0638 AM
[ReportManager] API Action [GetResponseJSONValue] successfully performed. With the following test data [name]. @25-10-2021 01:58:08.0663 AM
[ReportManager] API Action [GetResponseJSONValue] successfully performed. With the following test data [name]. @25-10-2021 01:58:08.0669 AM
[ReportManager] API Action [GetResponseJSONValue] successfully performed. With the following test data [name]. @25-10-2021 01:58:08.0675 AM
[ReportManager] API Action [GetResponseJSONValue] successfully performed. With the following test data [name]. @25-10-2021 01:58:08.0681 A
[ReportManager] File Action [GetAbsolutePath] successfully performed. With the following test data [Relative Folder Path: "target/downloadedFiles/"]. @25-10-2021 01:58:08.0684 AM
[ReportManager] Attempting to run remotely on: [Linux-64], [GoogleChrome], [http://localhost:4444/wd/hub], Headless Execution. @25-10-2021 01:58:08.0684 AM
[ReportManager] Successfully Opened [GoogleChrome]. @25-10-2021 01:58:08.0913 A

################################################################################################################################################
Starting Execution:	[122 out of 143] test cases in the current suite
Test Method:		[testPackage01.Test_IsElementClickable.testIsElementClickable]
################################################################################################################################################
[ReportManager] Target URL: [https://the-internet.herokuapp.com/] @25-10-2021 01:58:08.0940 AM
[ReportManager] Initial URL: [data:,] @25-10-2021 01:58:09.0009 AM
[ReportManager] Browser Action [NavigateToURL] successfully performed. With the following test data [https://the-internet.herokuapp.com/]. @25-10-2021 01:58:09.0346 AM
[ReportManager] Element Action [IsElementClickable] successfully performed. @25-10-2021 01:58:09.0455 AM
[ReportManager] Assertion [ValidateTrue] PASSED. Expected [TRUE] and Actual [TRUE]. Validation Type [POSITIVE]. @25-10-2021 01:58:09.0456 A
[ReportManager] Browser Action [CloseCurrentWindow] successfully performed. @25-10-2021 01:58:09.0543 AM
[ReportManager] Successfully created attachment [Browser Action Test Data - CloseCurrentWindow - Actual Value] @25-10-2021 01:58:09.0544 A

################################################################################################################################################
Starting Execution:	[123 out of 143] test cases in the current suite
Test Method:		[testPackage01.Test_JsonCompareWithSpecialCharacters.specialCharacters]
################################################################################################################################################
[ReportManager] File Action [GetAbsolutePath] successfully performed. With the following test data [Relative Folder Path: "src/test/resources/TestJsonFiles/specialCharacters.json"]. @25-10-2021 01:58:09.0553 AM
[ReportManager] File Action [ReadFromFile] successfully performed. With the following test data [File Path: "/home/runner/work/SHAFT_ENGINE/SHAFT_ENGINE/src/test/resources/TestJsonFiles/specialCharacters.json"]. @25-10-2021 01:58:09.0559 AM
[ReportManager] Successfully created attachment [File Action Actual Result - Command Log] @25-10-2021 01:58:09.0559 AM
[ReportManager] Comparing the provided API response with the file at this path "src/test/resources/TestJsonFiles/specialCharacters.json", comparison type "EQUALS" @25-10-2021 01:58:09.0561 AM
[ReportManager] API Action [CompareJSON] successfully performed. With the following test data [src/test/resources/TestJsonFiles/specialCharacters.json]. @25-10-2021 01:58:09.0576 AM
[ReportManager] File Action [GetAbsolutePath] successfully performed. With the following test data [Relative Folder Path: "src/test/resources/TestJsonFiles/specialCharacters.json"]. @25-10-2021 01:58:09.0576 AM
[ReportManager] File Action [ReadFromFile] successfully performed. With the following test data [File Path: "/home/runner/work/SHAFT_ENGINE/SHAFT_ENGINE/src/test/resources/TestJsonFiles/specialCharacters.json"]. @25-10-2021 01:58:09.0576 AM
[ReportManager] Verification [ValidateJSONFileContent] PASSED. Expected [Response data should match the JSON File in this path 'src/test/resources/TestJsonFiles/specialCharacters.json'] and Actual [TRUE]. Comparison Type [EQUALS]. Validation Type [POSITIVE]. @25-10-2021 01:58:09.0579 AM
[ReportManager] Successfully created attachment [Validation Test Data - Expected JSON Value] @25-10-2021 01:58:09.0580 AM
[ReportManager] Successfully created attachment [Validation Test Data - Actual JSON Value] @25-10-2021 01:58:09.0580 A

################################################################################################################################################
Starting Execution:	[124 out of 143] test cases in the current suite
Test Method:		[testPackage01.Test_JsonCompareWithSpecialCharacters.specialCharacters_assertion]
################################################################################################################################################
[ReportManager] File Action [GetAbsolutePath] successfully performed. With the following test data [Relative Folder Path: "src/test/resources/TestJsonFiles/specialCharacters.json"]. @25-10-2021 01:58:09.0597 AM
[ReportManager] File Action [ReadFromFile] successfully performed. With the following test data [File Path: "/home/runner/work/SHAFT_ENGINE/SHAFT_ENGINE/src/test/resources/TestJsonFiles/specialCharacters.json"]. @25-10-2021 01:58:09.0598 AM
[ReportManager] Successfully created attachment [File Action Actual Result - Command Log] @25-10-2021 01:58:09.0598 AM
[ReportManager] Comparing the provided API response with the file at this path "src/test/resources/TestJsonFiles/specialCharacters.json", comparison type "CONTAINS" @25-10-2021 01:58:09.0598 AM
[ReportManager] API Action [CompareJSON] successfully performed. With the following test data [src/test/resources/TestJsonFiles/specialCharacters.json]. @25-10-2021 01:58:09.0626 AM
[ReportManager] File Action [GetAbsolutePath] successfully performed. With the following test data [Relative Folder Path: "src/test/resources/TestJsonFiles/specialCharacters.json"]. @25-10-2021 01:58:09.0626 AM
[ReportManager] File Action [ReadFromFile] successfully performed. With the following test data [File Path: "/home/runner/work/SHAFT_ENGINE/SHAFT_ENGINE/src/test/resources/TestJsonFiles/specialCharacters.json"]. @25-10-2021 01:58:09.0626 AM
[ReportManager] Assertion Passed: trying out the log message @25-10-2021 01:58:09.0629 AM
[ReportManager] Successfully created attachment [Validation Test Data - Expected JSON Value] @25-10-2021 01:58:09.0632 AM
[ReportManager] Successfully created attachment [Validation Test Data - Actual JSON Value] @25-10-2021 01:58:09.0632 AM
[ReportManager] Assertion [ValidateJSONFileContent] PASSED. Expected [Response data should match the JSON File in this path 'src/test/resources/TestJsonFiles/specialCharacters.json'] and Actual [TRUE]. Comparison Type [CONTAINS]. Validation Type [POSITIVE]. @25-10-2021 01:58:09.0632 A
[ReportManager] File Action [GetAbsolutePath] successfully performed. With the following test data [Relative Folder Path: "target/downloadedFiles/"]. @25-10-2021 01:58:09.0638 AM
[ReportManager] Attempting to run remotely on: [Linux-64], [GoogleChrome], [http://localhost:4444/wd/hub], Headless Execution. @25-10-2021 01:58:09.0638 AM
[ReportManager] Successfully Opened [GoogleChrome]. @25-10-2021 01:58:09.0858 A

################################################################################################################################################
Starting Execution:	[125 out of 143] test cases in the current suite
Test Method:		[testPackage01.Test_assertEquals.test_assertElementAttribute]
################################################################################################################################################
[ReportManager] Target URL: [https://www.google.com/ncr], and after redirection: [https://www.google.com] @25-10-2021 01:58:09.0869 AM
[ReportManager] Initial URL: [data:,] @25-10-2021 01:58:09.0909 AM
[ReportManager] Browser Action [NavigateToURL] successfully performed. With the following test data [https://www.google.com/ncr]. @25-10-2021 01:58:11.0139 AM
[ReportManager] Element Action [Type] successfully performed. With the following test data [INC_004010050:Another SCHEDULER with the same name [Duplicate Job Name] already exists.]. @25-10-2021 01:58:11.0717 AM
[ReportManager] Element Action [GetText] successfully performed. With the following test data [INC_004010050:Another SCHEDULER with the same name [Duplicate Job Name] already exists.]. @25-10-2021 01:58:11.0791 AM
[ReportManager] Loaded Shared OpenCV @25-10-2021 01:58:11.0913 AM
[ReportManager] Assertion [ValidateElementAttribute] PASSED. Expected [Value Should be 'INC_004010050:Another SCHEDULER with the same name \[Duplicate Job Name\] already exists.' for the 'text' attribute, element locator 'By.name: q'] and Actual [INC_004010050:Another SCHEDULER with the same name [Duplicate Job Name] already exists.]. Comparison Type [MATCHES]. Validation Type [POSITIVE]. @25-10-2021 01:58:11.0979 AM
[ReportManager] Successfully created attachment [Screenshot - 1635127091913_test_assertElementAttribute_ValidateElementAttribute_passed] @25-10-2021 01:58:11.0980 A
[ReportManager] Browser Action [CloseCurrentWindow] successfully performed. @25-10-2021 01:58:12.0094 AM
[ReportManager] Successfully created attachment [Browser Action Test Data - CloseCurrentWindow - Actual Value] @25-10-2021 01:58:12.0095 A
[ReportManager] File Action [GetAbsolutePath] successfully performed. With the following test data [Relative Folder Path: "target/downloadedFiles/"]. @25-10-2021 01:58:12.0097 AM
[ReportManager] Attempting to run remotely on: [Linux-64], [GoogleChrome], [http://localhost:4444/wd/hub], Headless Execution. @25-10-2021 01:58:12.0097 AM
[ReportManager] Successfully Opened [GoogleChrome]. @25-10-2021 01:58:12.0281 A

################################################################################################################################################
Starting Execution:	[126 out of 143] test cases in the current suite
Test Method:		[testPackage01.Test_verifyEquals.test_assertElementAttribute]
################################################################################################################################################
[ReportManager] Target URL: [https://www.google.com/ncr], and after redirection: [https://www.google.com] @25-10-2021 01:58:12.0306 AM
[ReportManager] Initial URL: [data:,] @25-10-2021 01:58:12.0350 AM
[ReportManager] Browser Action [NavigateToURL] successfully performed. With the following test data [https://www.google.com/ncr]. @25-10-2021 01:58:13.0051 AM
[ReportManager] Element Action [Type] successfully performed. With the following test data [INC_004010050:Another SCHEDULER with the same name [Duplicate Job Name] already exists.]. @25-10-2021 01:58:13.0564 AM
[ReportManager] Element Action [GetText] successfully performed. With the following test data [INC_004010050:Another SCHEDULER with the same name [Duplicate Job Name] already exists.]. @25-10-2021 01:58:13.0637 AM
[ReportManager] Loaded Shared OpenCV @25-10-2021 01:58:13.0746 AM
[ReportManager] Verification [ValidateElementAttribute] PASSED. Expected [Value Should be 'INC_004010050:Another SCHEDULER with the same name \[Duplicate Job Name\] already exists.' for the 'text' attribute, element locator 'By.name: q'] and Actual [INC_004010050:Another SCHEDULER with the same name [Duplicate Job Name] already exists.]. Comparison Type [MATCHES]. Validation Type [POSITIVE]. @25-10-2021 01:58:13.0811 AM
[ReportManager] Successfully created attachment [Screenshot - 1635127093746_test_assertElementAttribute_ValidateElementAttribute_passed] @25-10-2021 01:58:13.0836 A
[ReportManager] Browser Action [CloseCurrentWindow] successfully performed. @25-10-2021 01:58:13.0946 AM
[ReportManager] Successfully created attachment [Browser Action Test Data - CloseCurrentWindow - Actual Value] @25-10-2021 01:58:13.0947 A

################################################################################################################################################
Starting Execution:	[127 out of 143] test cases in the current suite
Test Method:		[testPackage01.Test_JsonActions.f]
###############################################################################################################################################

################################################################################################################################################
Starting Execution:	[128 out of 143] test cases in the current suite
Test Method:		[testPackage01.Test_JsonActions.f2]
###############################################################################################################################################

################################################################################################################################################
Starting Execution:	[129 out of 143] test cases in the current suite
Test Method:		[testPackage01.Test_PDF.testPDF_Downloaded]
################################################################################################################################################
[ReportManager] File Action [DoesFileExist] successfully performed. With the following test data [File Path: "src/test/resources/TestDataFiles/sample.pdf"]. @25-10-2021 01:58:13.0981 AM
[ReportManager] File Action [GetAbsolutePath] successfully performed. With the following test data [Relative File Path: "src/test/resources/TestDataFiles/sample.pdf"]. @25-10-2021 01:58:13.0981 AM
[ReportManager] Assertion [ValidateTrue] PASSED. Expected [TRUE] and Actual [TRUE]. Validation Type [POSITIVE]. @25-10-2021 01:58:15.0103 A
[ReportManager] File Action [GetAbsolutePath] successfully performed. With the following test data [Relative Folder Path: "target/downloadedFiles/"]. @25-10-2021 01:58:15.0110 AM
[ReportManager] Attempting to run remotely on: [Linux-64], [GoogleChrome], [http://localhost:4444/wd/hub], Headless Execution. @25-10-2021 01:58:15.0110 AM
[ReportManager] Successfully Opened [GoogleChrome]. @25-10-2021 01:58:15.0309 A

################################################################################################################################################
Starting Execution:	[130 out of 143] test cases in the current suite
Test Method:		[testPackage01.Test_dragAndDrop.dragAndDropJquery]
################################################################################################################################################
[ReportManager] Target URL: [https://jqueryui.com/resources/demos/droppable/default.html] @25-10-2021 01:58:15.0323 AM
[ReportManager] Initial URL: [data:,] @25-10-2021 01:58:15.0361 AM
[ReportManager] Browser Action [NavigateToURL] successfully performed. With the following test data [https://jqueryui.com/resources/demos/droppable/default.html]. @25-10-2021 01:58:15.0693 AM
[ReportManager] Element Action [GetText] successfully performed. With the following test data [Drop here]. @25-10-2021 01:58:15.0764 AM
[ReportManager] Element Action [DragAndDrop] successfully performed. With the following test data [Start point: (8, 18), End point: (8, 18)]. @25-10-2021 01:58:17.0066 AM
[ReportManager] Element Action [GetText] successfully performed. With the following test data [Dropped!]. @25-10-2021 01:58:17.0123 AM
[ReportManager] Assertion Passed: Checking to see if the text has changed after performing drag and drop @25-10-2021 01:58:17.0124 AM
[ReportManager] Assertion [ValidateEquals] PASSED. Expected [Drop here] and Actual [Dropped!]. Comparison Type [EQUALS]. Validation Type [NEGATIVE]. @25-10-2021 01:58:17.0124 A
[ReportManager] Browser Action [CloseCurrentWindow] successfully performed. @25-10-2021 01:58:17.0227 AM
[ReportManager] Successfully created attachment [Browser Action Test Data - CloseCurrentWindow - Actual Value] @25-10-2021 01:58:17.0229 A
[ReportManager] File Action [GetAbsolutePath] successfully performed. With the following test data [Relative Folder Path: "target/downloadedFiles/"]. @25-10-2021 01:58:17.0235 AM
[ReportManager] Attempting to run remotely on: [Linux-64], [GoogleChrome], [http://localhost:4444/wd/hub], Headless Execution. @25-10-2021 01:58:17.0235 AM
[ReportManager] Successfully Opened [GoogleChrome]. @25-10-2021 01:58:17.0422 A

################################################################################################################################################
Starting Execution:	[131 out of 143] test cases in the current suite
Test Method:		[testPackage01.Test_dragAndDrop.dragAndDrop]
Test Description:	[TC001 - Test Drag and Drop function.]
################################################################################################################################################
[ReportManager] Target URL: [http://the-internet.herokuapp.com/drag_and_drop] @25-10-2021 01:58:17.0443 AM
[ReportManager] Initial URL: [data:,] @25-10-2021 01:58:17.0484 AM
[ReportManager] Browser Action [NavigateToURL] successfully performed. With the following test data [http://the-internet.herokuapp.com/drag_and_drop]. @25-10-2021 01:58:17.0781 AM
[ReportManager] Attempting Drag and Drop @25-10-2021 01:58:17.0781 AM
[ReportManager] Element Action [DragAndDrop] successfully performed. With the following test data [Start point: (32, 90), End point: (247, 90)]. @25-10-2021 01:58:18.0940 A
[ReportManager] Browser Action [CloseCurrentWindow] successfully performed. @25-10-2021 01:58:19.0025 AM
[ReportManager] Successfully created attachment [Browser Action Test Data - CloseCurrentWindow - Actual Value] @25-10-2021 01:58:19.0025 A
[ReportManager] File Action [GetAbsolutePath] successfully performed. With the following test data [Relative Folder Path: "target/downloadedFiles/"]. @25-10-2021 01:58:19.0027 AM
[ReportManager] Attempting to run remotely on: [Linux-64], [GoogleChrome], [http://localhost:4444/wd/hub], Headless Execution. @25-10-2021 01:58:19.0027 AM
[ReportManager] Successfully Opened [GoogleChrome]. @25-10-2021 01:58:19.0191 A

################################################################################################################################################
Starting Execution:	[132 out of 143] test cases in the current suite
Test Method:		[testPackage01.Test_dragAndDrop.dragAndDropByOffset]
Test Description:	[TC002 - Test Drag and Drop by offset function.]
################################################################################################################################################
[ReportManager] Target URL: [https://jqueryui.com/resources/demos/draggable/default.html] @25-10-2021 01:58:19.0203 AM
[ReportManager] Initial URL: [data:,] @25-10-2021 01:58:19.0237 AM
[ReportManager] Browser Action [NavigateToURL] successfully performed. With the following test data [https://jqueryui.com/resources/demos/draggable/default.html]. @25-10-2021 01:58:19.0519 AM
[ReportManager] Element Action [DragAndDropByOffset] successfully performed. With the following test data [Start point: (8, 8), End point: (108, 58)]. @25-10-2021 01:58:19.0650 A
[ReportManager] Browser Action [CloseCurrentWindow] successfully performed. @25-10-2021 01:58:19.0746 AM
[ReportManager] Successfully created attachment [Browser Action Test Data - CloseCurrentWindow - Actual Value] @25-10-2021 01:58:19.0746 A
[ReportManager] File Action [GetAbsolutePath] successfully performed. With the following test data [Relative Folder Path: "target/downloadedFiles/"]. @25-10-2021 01:58:19.0748 AM
[ReportManager] Attempting to run remotely on: [Linux-64], [GoogleChrome], [http://localhost:4444/wd/hub], Headless Execution. @25-10-2021 01:58:19.0748 AM
[ReportManager] Successfully Opened [GoogleChrome]. @25-10-2021 01:58:19.0941 A

################################################################################################################################################
Starting Execution:	[133 out of 143] test cases in the current suite
Test Method:		[testPackage01.Test_clipboardActions.typeTextAndCopyPaste]
################################################################################################################################################
[ReportManager] Target URL: [https://www.google.com/ncr], and after redirection: [https://www.google.com] @25-10-2021 01:58:19.0952 AM
[ReportManager] Initial URL: [data:,] @25-10-2021 01:58:19.0988 AM
[ReportManager] Browser Action [NavigateToURL] successfully performed. With the following test data [https://www.google.com/ncr]. @25-10-2021 01:58:20.0657 AM
[ReportManager] Element Action [Type] successfully performed. With the following test data [FIRST]. @25-10-2021 01:58:20.0933 AM
[ReportManager] Element Action [ClipboardActions] successfully performed. With the following test data [select all]. @25-10-2021 01:58:20.0980 AM
[ReportManager] Element Action [ClipboardActions] successfully performed. With the following test data [copy]. @25-10-2021 01:58:21.0025 AM
[ReportManager] Element Action [ClipboardActions] successfully performed. With the following test data [unselect]. @25-10-2021 01:58:21.0074 AM
[ReportManager] Element Action [ClipboardActions] successfully performed. With the following test data [paste]. @25-10-2021 01:58:21.0119 AM
[ReportManager] Element Action [ClipboardActions] successfully performed. With the following test data [select all]. @25-10-2021 01:58:21.0162 AM
[ReportManager] Element Action [Type] successfully performed. @25-10-2021 01:58:21.0350 AM
[ReportManager] Element Action [ClipboardActions] successfully performed. With the following test data [cut]. @25-10-2021 01:58:21.0350 AM
[ReportManager] Element Action [ClipboardActions] successfully performed. With the following test data [paste]. @25-10-2021 01:58:21.0406 AM
[ReportManager] Element Action [ClipboardActions] successfully performed. With the following test data [paste]. @25-10-2021 01:58:21.0459 A
[ReportManager] Browser Action [CloseCurrentWindow] successfully performed. @25-10-2021 01:58:21.0586 AM
[ReportManager] Successfully created attachment [Browser Action Test Data - CloseCurrentWindow - Actual Value] @25-10-2021 01:58:21.0587 A
[ReportManager] File Action [GetAbsolutePath] successfully performed. With the following test data [Relative Folder Path: "target/downloadedFiles/"]. @25-10-2021 01:58:21.0591 AM
[ReportManager] Attempting to run remotely on: [Linux-64], [GoogleChrome], [http://localhost:4444/wd/hub], Headless Execution. @25-10-2021 01:58:21.0592 AM
[ReportManager] Successfully Opened [GoogleChrome]. @25-10-2021 01:58:21.0772 A

################################################################################################################################################
Starting Execution:	[134 out of 143] test cases in the current suite
Test Method:		[testPackage01.Test_dynamicLoading.dynamicLoading_elementIsHidden]
################################################################################################################################################
[ReportManager] Target URL: [https://the-internet.herokuapp.com/dynamic_loading/1] @25-10-2021 01:58:21.0784 AM
[ReportManager] Initial URL: [data:,] @25-10-2021 01:58:21.0818 AM
[ReportManager] Browser Action [NavigateToURL] successfully performed. With the following test data [https://the-internet.herokuapp.com/dynamic_loading/1]. @25-10-2021 01:58:22.0131 AM
[ReportManager] Element Action [Click] successfully performed. With the following test data [Start]. @25-10-2021 01:58:22.0395 AM
[ReportManager] Element Action [GetText] successfully performed. With the following test data [
    Hello World!
  ]. @25-10-2021 01:58:22.0493 AM
[ReportManager] Loaded Shared OpenCV @25-10-2021 01:58:22.0611 AM
[ReportManager] Assertion [ValidateElementAttribute] PASSED. Expected [Value Should be 'Hello World!' for the 'text' attribute, element locator 'By.id: finish'] and Actual [
    Hello World!
  ]. Comparison Type [CONTAINS]. Validation Type [POSITIVE]. @25-10-2021 01:58:22.0695 AM
[ReportManager] Successfully created attachment [Screenshot - 1635127102611_dynamicLoading_elementIsHidden_ValidateElementAttribute_passed] @25-10-2021 01:58:22.0695 A
[ReportManager] Browser Action [CloseCurrentWindow] successfully performed. @25-10-2021 01:58:22.0789 AM
[ReportManager] Successfully created attachment [Browser Action Test Data - CloseCurrentWindow - Actual Value] @25-10-2021 01:58:22.0789 A
[ReportManager] File Action [GetAbsolutePath] successfully performed. With the following test data [Relative Folder Path: "target/downloadedFiles/"]. @25-10-2021 01:58:22.0791 AM
[ReportManager] Attempting to run remotely on: [Linux-64], [GoogleChrome], [http://localhost:4444/wd/hub], Headless Execution. @25-10-2021 01:58:22.0791 AM
[ReportManager] Successfully Opened [GoogleChrome]. @25-10-2021 01:58:22.0983 A

################################################################################################################################################
Starting Execution:	[135 out of 143] test cases in the current suite
Test Method:		[testPackage01.Test_dynamicLoading.dynamicLoading_elementIsRendered]
################################################################################################################################################
[ReportManager] Target URL: [https://the-internet.herokuapp.com/dynamic_loading/2] @25-10-2021 01:58:22.0997 AM
[ReportManager] Initial URL: [data:,] @25-10-2021 01:58:23.0033 AM
[ReportManager] Browser Action [NavigateToURL] successfully performed. With the following test data [https://the-internet.herokuapp.com/dynamic_loading/2]. @25-10-2021 01:58:23.0325 AM
[ReportManager] Element Action [Click] successfully performed. With the following test data [Start]. @25-10-2021 01:58:23.0582 AM
[ReportManager] Element Action [GetText] successfully performed. With the following test data [Hello World!]. @25-10-2021 01:58:28.0731 AM
[ReportManager] Loaded Shared OpenCV @25-10-2021 01:58:28.0843 AM
[ReportManager] Assertion [ValidateElementAttribute] PASSED. Expected [Value Should be 'Hello World!' for the 'text' attribute, element locator 'By.id: finish'] and Actual [Hello World!]. Comparison Type [CONTAINS]. Validation Type [POSITIVE]. @25-10-2021 01:58:28.0907 AM
[ReportManager] Successfully created attachment [Screenshot - 1635127108843_dynamicLoading_elementIsRendered_ValidateElementAttribute_passed] @25-10-2021 01:58:28.0907 A
[ReportManager] Browser Action [CloseCurrentWindow] successfully performed. @25-10-2021 01:58:29.0005 AM
[ReportManager] Successfully created attachment [Browser Action Test Data - CloseCurrentWindow - Actual Value] @25-10-2021 01:58:29.0006 A
[ReportManager] File Action [GetAbsolutePath] successfully performed. With the following test data [Relative Folder Path: "target/downloadedFiles/"]. @25-10-2021 01:58:29.0007 AM
[ReportManager] Attempting to run remotely on: [Linux-64], [GoogleChrome], [http://localhost:4444/wd/hub], Headless Execution. @25-10-2021 01:58:29.0008 AM
[ReportManager] Successfully Opened [GoogleChrome]. @25-10-2021 01:58:29.0180 A

################################################################################################################################################
Starting Execution:	[136 out of 143] test cases in the current suite
Test Method:		[testPackage01.Test_uploadFile.uploadFile_invisibleUploadInput]
################################################################################################################################################
[ReportManager] Target URL: [https://fineuploader.com/demos.html#gallery-view] @25-10-2021 01:58:29.0197 AM
[ReportManager] Initial URL: [data:,] @25-10-2021 01:58:29.0233 AM
[ReportManager] Browser Action [NavigateToURL] successfully performed. With the following test data [https://fineuploader.com/demos.html#gallery-view]. @25-10-2021 01:58:30.0807 AM
[ReportManager] File Action [GetAbsolutePath] successfully performed. With the following test data [Relative File Path: "src/main/resources/images/shaft.png"]. @25-10-2021 01:58:30.0808 AM
[ReportManager] Successfully created attachment [File Action Actual Result - Command Log] @25-10-2021 01:58:30.0808 AM
[ReportManager] Element Action [TypeFileLocationForUpload] successfully performed. With the following test data [/home/runner/work/SHAFT_ENGINE/SHAFT_ENGINE/src/main/resources/images/shaft.png]. @25-10-2021 01:58:30.0983 AM
[ReportManager] Attempting to getAttribute [src] from elementLocator [By.xpath: //div[@id='fine-uploader-gallery']//div[@class='qq-thumbnail-wrapper']/img]. @25-10-2021 01:58:30.0984 AM
[ReportManager] Element Action [GetAttribute] successfully performed. @25-10-2021 01:58:31.0078 AM
[ReportManager] Successfully created attachment [Element Action Test Data - GetAttribute - Actual Value] @25-10-2021 01:58:31.0078 AM
[ReportManager] Loaded Shared OpenCV @25-10-2021 01:58:31.0200 AM
[ReportManager] Assertion [ValidateElementAttribute] PASSED. Expected and Actual values are attached. Comparison Type [CONTAINS]. Validation Type [POSITIVE]. @25-10-2021 01:58:31.0272 AM
[ReportManager] Successfully created attachment [Validation Test Data - Expected Value] @25-10-2021 01:58:31.0272 AM
[ReportManager] Successfully created attachment [Validation Test Data - Actual Value] @25-10-2021 01:58:31.0272 AM
[ReportManager] Successfully created attachment [Screenshot - 1635127111200_uploadFile_invisibleUploadInput_ValidateElementAttribute_passed] @25-10-2021 01:58:31.0273 A
[ReportManager] Browser Action [CloseCurrentWindow] successfully performed. @25-10-2021 01:58:31.0396 AM
[ReportManager] Successfully created attachment [Browser Action Test Data - CloseCurrentWindow - Actual Value] @25-10-2021 01:58:31.0397 A
[ReportManager] File Action [GetAbsolutePath] successfully performed. With the following test data [Relative Folder Path: "target/downloadedFiles/"]. @25-10-2021 01:58:31.0404 AM
[ReportManager] Attempting to run remotely on: [Linux-64], [GoogleChrome], [http://localhost:4444/wd/hub], Headless Execution. @25-10-2021 01:58:31.0404 AM
[ReportManager] Successfully Opened [GoogleChrome]. @25-10-2021 01:58:31.0572 A

################################################################################################################################################
Starting Execution:	[137 out of 143] test cases in the current suite
Test Method:		[testPackage01.Test_uploadFile.uploadFile_visibleUploadInput]
################################################################################################################################################
[ReportManager] Target URL: [http://demo.guru99.com/test/upload/] @25-10-2021 01:58:31.0588 AM
[ReportManager] Initial URL: [data:,] @25-10-2021 01:58:31.0622 AM
[ReportManager] Browser Action [NavigateToURL] successfully performed. With the following test data [http://demo.guru99.com/test/upload/]. @25-10-2021 01:58:32.0553 AM
[ReportManager] File Action [GetAbsolutePath] successfully performed. With the following test data [Relative File Path: "src/main/resources/images/shaft.png"]. @25-10-2021 01:58:32.0553 AM
[ReportManager] Successfully created attachment [File Action Actual Result - Command Log] @25-10-2021 01:58:32.0554 AM
[ReportManager] Element Action [TypeFileLocationForUpload] successfully performed. With the following test data [/home/runner/work/SHAFT_ENGINE/SHAFT_ENGINE/src/main/resources/images/shaft.png]. @25-10-2021 01:58:32.0701 AM
[ReportManager] Element Action [Click] successfully performed. With the following test data [on]. @25-10-2021 01:58:33.0101 AM
[ReportManager] Element Action [Click] successfully performed. With the following test data [Submit File]. @25-10-2021 01:58:33.0382 AM
[ReportManager] Element Action [GetText] successfully performed. With the following test data [1 file
has been successfully uploaded.]. @25-10-2021 01:58:34.0002 AM
[ReportManager] Loaded Shared OpenCV @25-10-2021 01:58:34.0110 AM
[ReportManager] Assertion [ValidateElementAttribute] PASSED. Expected [Value Should be '1 file' for the 'Text' attribute, element locator 'By.id: res'] and Actual [1 file
has been successfully uploaded.]. Comparison Type [CONTAINS]. Validation Type [POSITIVE]. @25-10-2021 01:58:34.0168 AM
[ReportManager] Successfully created attachment [Screenshot - 1635127114110_uploadFile_visibleUploadInput_ValidateElementAttribute_passed] @25-10-2021 01:58:34.0169 A
[ReportManager] Browser Action [CloseCurrentWindow] successfully performed. @25-10-2021 01:58:34.0269 AM
[ReportManager] Successfully created attachment [Browser Action Test Data - CloseCurrentWindow - Actual Value] @25-10-2021 01:58:34.0269 A

################################################################################################################################################
Starting Execution:	[138 out of 143] test cases in the current suite
Test Method:		[testPackage01.Test_SelectedValue.multipleSelect]
################################################################################################################################################
[ReportManager] File Action [GetAbsolutePath] successfully performed. With the following test data [Relative Folder Path: "target/downloadedFiles/"]. @25-10-2021 01:58:34.0272 AM
[ReportManager] Attempting to run remotely on: [Linux-64], [GoogleChrome], [http://localhost:4444/wd/hub], Headless Execution. @25-10-2021 01:58:34.0273 AM
[ReportManager] Successfully Opened [GoogleChrome]. @25-10-2021 01:58:34.0451 AM
[ReportManager] Target URL: [https://yari-demos.prod.mdn.mozit.cloud/en-US/docs/Web/HTML/Element/select/_sample_.Advanced_select_with_multiple_features.html] @25-10-2021 01:58:34.0460 AM
[ReportManager] Initial URL: [data:,] @25-10-2021 01:58:34.0493 AM
[ReportManager] Browser Action [NavigateToURL] successfully performed. With the following test data [https://yari-demos.prod.mdn.mozit.cloud/en-US/docs/Web/HTML/Element/select/_sample_.Advanced_select_with_multiple_features.html]. @25-10-2021 01:58:35.0098 AM
[ReportManager] Element Action [Select] successfully performed. With the following test data [Dog]. @25-10-2021 01:58:35.0295 AM
[ReportManager] Element Action [Select] successfully performed. With the following test data [Cat]. @25-10-2021 01:58:35.0473 AM
[ReportManager] Element Action [GetSelectedText] successfully performed. With the following test data [DogCat]. @25-10-2021 01:58:35.0581 AM
[ReportManager] DogCat @25-10-2021 01:58:35.0581 AM
[ReportManager] Element Action [GetSelectedText] successfully performed. With the following test data [DogCat]. @25-10-2021 01:58:35.0682 AM
[ReportManager] Loaded Shared OpenCV @25-10-2021 01:58:35.0786 AM
[ReportManager] Assertion [ValidateElementAttribute] PASSED. Expected [Value Should be 'DogCat' for the 'selectedText' attribute, element locator 'By.tagName: select'] and Actual [DogCat]. Comparison Type [EQUALS]. Validation Type [POSITIVE]. @25-10-2021 01:58:35.0849 AM
[ReportManager] Successfully created attachment [Screenshot - 1635127115786_multipleSelect_ValidateElementAttribute_passed] @25-10-2021 01:58:35.0850 AM
[ReportManager] Browser Action [CloseCurrentWindow] successfully performed. @25-10-2021 01:58:35.0933 AM
[ReportManager] Successfully created attachment [Browser Action Test Data - CloseCurrentWindow - Actual Value] @25-10-2021 01:58:35.0933 A

################################################################################################################################################
Starting Execution:	[139 out of 143] test cases in the current suite
Test Method:		[testPackage01.Test_SelectedValue.simpleSelect]
################################################################################################################################################
[ReportManager] File Action [GetAbsolutePath] successfully performed. With the following test data [Relative Folder Path: "target/downloadedFiles/"]. @25-10-2021 01:58:35.0938 AM
[ReportManager] Attempting to run remotely on: [Linux-64], [GoogleChrome], [http://localhost:4444/wd/hub], Headless Execution. @25-10-2021 01:58:35.0938 AM
[ReportManager] Successfully Opened [GoogleChrome]. @25-10-2021 01:58:36.0115 AM
[ReportManager] Target URL: [https://yari-demos.prod.mdn.mozit.cloud/en-US/docs/Web/HTML/Element/select/_sample_.Basic_select.html] @25-10-2021 01:58:36.0127 AM
[ReportManager] Initial URL: [data:,] @25-10-2021 01:58:36.0159 AM
[ReportManager] Browser Action [NavigateToURL] successfully performed. With the following test data [https://yari-demos.prod.mdn.mozit.cloud/en-US/docs/Web/HTML/Element/select/_sample_.Basic_select.html]. @25-10-2021 01:58:36.0540 AM
[ReportManager] Element Action [Select] successfully performed. With the following test data [Third Value]. @25-10-2021 01:58:36.0775 AM
[ReportManager] Element Action [GetSelectedText] successfully performed. With the following test data [Third Value]. @25-10-2021 01:58:36.0871 AM
[ReportManager] Third Value @25-10-2021 01:58:36.0872 AM
[ReportManager] Element Action [GetSelectedText] successfully performed. With the following test data [Third Value]. @25-10-2021 01:58:36.0954 AM
[ReportManager] Loaded Shared OpenCV @25-10-2021 01:58:37.0050 AM
[ReportManager] Assertion [ValidateElementAttribute] PASSED. Expected [Value Should be 'Third Value' for the 'selectedText' attribute, element locator 'By.tagName: select'] and Actual [Third Value]. Comparison Type [EQUALS]. Validation Type [POSITIVE]. @25-10-2021 01:58:37.0108 AM
[ReportManager] Successfully created attachment [Screenshot - 1635127117050_simpleSelect_ValidateElementAttribute_passed] @25-10-2021 01:58:37.0108 AM
[ReportManager] Browser Action [CloseCurrentWindow] successfully performed. @25-10-2021 01:58:37.0192 AM
[ReportManager] Successfully created attachment [Browser Action Test Data - CloseCurrentWindow - Actual Value] @25-10-2021 01:58:37.0192 A

################################################################################################################################################
Starting Execution:	[140 out of 143] test cases in the current suite
Test Method:		[testPackage01.Test_JSONFileManager.readStringFromJson]
################################################################################################################################################
[ReportManager] Successfully loaded the following test data file [src/test/resources/TestDataFiles/simpleJSON.json]. @25-10-2021 01:58:37.0201 AM
[ReportManager] Successfully created attachment [Test Data - JSON] @25-10-2021 01:58:37.0202 AM
[ReportManager] Assertion [ValidateEquals] PASSED. Expected [Mohab Mohie] and Actual [Mohab Mohie]. Comparison Type [EQUALS]. Validation Type [POSITIVE]. @25-10-2021 01:58:37.0214 A
[ReportManager] Successfully loaded the following test data file [src/test/resources/TestDataFiles/testSuite01/TestData.xlsx]. @25-10-2021 01:58:37.0264 AM
[ReportManager] Successfully created attachment [Test Data - Excel] @25-10-2021 01:58:37.0264 AM
[ReportManager] Attempting to run using Playwright locally on: [Linux-64], [GoogleChrome], Headless Execution. @25-10-2021 01:58:49.0848 AM
[ReportManager] File Action [GetAbsolutePath] successfully performed. With the following test data [Relative Folder Path: "target/downloadedFiles/"]. @25-10-2021 01:58:49.0849 AM
[ReportManager] Initial window size: (1280, 720) @25-10-2021 01:58:50.0816 AM
[ReportManager] Window size after Toolkit: com.microsoft.playwright.options.ViewportSize@145ca6d2 @25-10-2021 01:58:50.0823 AM
[ReportManager] Browser Action [MaximizeWindow] successfully performed. With the following test data [New screen size is now: (1920, 1080)]. @25-10-2021 01:58:50.0824 A

################################################################################################################################################
Starting Execution:	[141 out of 143] test cases in the current suite
Test Method:		[testPackage01.Test_google_playwright.navigateToURLandVerifyGoogleLogoIsDisplayed]
Test Description:	[TC001 - Navigate to URL and Verify Google Logo is Displayed]
################################################################################################################################################
[ReportManager] Target URL: [https://www.google.com/ncr], and after redirection: [https://www.google.com] @25-10-2021 01:58:50.0828 AM
[ReportManager] Initial URL: [about:blank] @25-10-2021 01:58:51.0304 AM
[ReportManager] Browser Action [NavigateToURL] successfully performed. With the following test data [https://www.google.com/ncr]. @25-10-2021 01:58:53.0567 AM
[ReportManager] Loaded Shared OpenCV @25-10-2021 01:58:53.0783 AM
[ReportManager] Assertion [ValidateElementExists] PASSED. Expected [Element Should Exist, locator 'xpath=//*[@id='hplogo' or @alt='Google']'] and Actual [Element Exists]. Comparison Type [EQUALS]. Validation Type [POSITIVE]. @25-10-2021 01:58:53.0978 AM
[ReportManager] Successfully created attachment [Screenshot - 1635127133771_navigateToURLandVerifyGoogleLogoIsDisplayed_ValidateElementExists_passed] @25-10-2021 01:58:53.0979 A

################################################################################################################################################
Starting Execution:	[142 out of 143] test cases in the current suite
Test Method:		[testPackage01.Test_google_playwright.searchForQueryandAssertResultsNumDisplayed]
Test Description:	[TC002 - Search for Query and Assert that the number of results is displayed]
################################################################################################################################################
[ReportManager] Element Action [Type] successfully performed. With the following test data [SHAFT_Engine]. @25-10-2021 01:58:54.0199 AM
[ReportManager] Element Action [KeyPress] successfully performed. With the following test data [Enter]. @25-10-2021 01:58:54.0227 AM
[ReportManager] Element Action [GetText] successfully performed. With the following test data [About 879,000 results (0.67 seconds)]. @25-10-2021 01:58:55.0086 AM
[ReportManager] Loaded Shared OpenCV @25-10-2021 01:58:57.0150 AM
[ReportManager] Assertion [ValidateElementAttribute] PASSED. Expected [Value Should not be '' for the 'text' attribute, element locator 'xpath=//div[@id='appbar']'] and Actual [About 879,000 results (0.67 seconds)]. Comparison Type [EQUALS]. Validation Type [NEGATIVE]. @25-10-2021 01:58:57.0371 AM
[ReportManager] Successfully created attachment [Screenshot - 1635127137141_searchForQueryandAssertResultsNumDisplayed_ValidateElementAttribute_passed] @25-10-2021 01:58:57.0373 A

################################################################################################################################################
Starting Execution:	[143 out of 143] test cases in the current suite
Test Method:		[testPackage01.Test_google_playwright.clickNextThrice]
Test Description:	[TC003 - Clicks the next button to make sure that the framework can scroll element into view before clicking it]
################################################################################################################################################
[ReportManager] Element Action [Click] successfully performed. With the following test data [Next]. @25-10-2021 01:58:57.0606 A
[ReportManager] Failed to find video recording. @25-10-2021 01:58:57.0608 AM
[ReportManager] Successfully Closed PlayWright Driver. @25-10-2021 01:58:57.0646 A

################################################################################################################################################
Test Closure Activities
################################################################################################################################################
[ReportManager] Successfully created attachment [SHAFT Engine Logs - Execution log] @25-10-2021 01:58:57.0664 AM

################################################################################################################################################
This test run was powered by SHAFT Engine Version: [SHAFT Engine v5.4.20211011]
SHAFT Engine is licensed under the MIT License: [https://github.com/MohabMohie/SHAFT_ENGINE/blob/master/LICENSE].
################################################################################################################################################