################################################################################################################################################
Detected SHAFT Engine Version: [SHAFT Engine v6.1.20220113]
################################################################################################################################################
[ReportManager] File Action [GetAbsolutePath] successfully performed. With the following test data [Relative Folder Path: "target/downloadedFiles/"]. @18-01-2022 20:48:18.0994 PM
[ReportManager] Attempting to run locally on: [Mac-64], [Safari], Headless Execution. @18-01-2022 20:48:19.0009 PM
[ReportManager] Successfully Opened Safari. @18-01-2022 20:48:24.0344 PM
[ReportManager] Initial window size: (800, 600) @18-01-2022 20:48:24.0364 PM
[ReportManager] Window size after SWD Maximize: (1176, 802) @18-01-2022 20:48:24.0471 PM
[ReportManager] Browser Action [MaximizeWindow] successfully performed. With the following test data [New screen size is now: (1176, 802)]. @18-01-2022 20:48:24.0479 P

################################################################################################################################################
Starting Execution:	[1 out of 162] test cases in the current suite
Test Method:		[unitTests.tests_element_elementActions.waitForElementToBePresent_false_expectedToFail]
################################################################################################################################################
[ReportManager] Target URL: [https://www.google.com/ncr], and after redirection: [www.google.com] @18-01-2022 20:48:24.0614 PM
[ReportManager] Initial URL: [] @18-01-2022 20:48:24.0682 PM
[ReportManager] Browser Action [NavigateToURL] successfully performed. With the following test data [https://www.google.com/ncr]. @18-01-2022 20:48:26.0469 PM
[ReportManager] Waiting for element to be present; elementLocator [By.xpath: //*[@id='hplogo' or @alt='Google']], numberOfTries[1], stateOfPresence[false]... @18-01-2022 20:48:26.0480 PM
[ReportManager] Element Action [WaitForElementToBePresent] failed. With the following test data [waited for the element's state of presence to be (false). Element locator (By.xpath: //*[@id='hplogo' or @alt='Google'])]. @18-01-2022 20:48:29.0775 PM
[ReportManager] Successfully created attachment [Screenshot - 1642538906582_waitForElementToBePresent_false_expectedToFail_WaitForElementToBePresent_failed] @18-01-2022 20:48:29.0788 P
[ReportManager] Browser Action [CloseCurrentWindow] successfully performed. @18-01-2022 20:48:30.0211 PM
[ReportManager] Successfully created attachment [Browser Action Test Data - CloseCurrentWindow - Actual Value] @18-01-2022 20:48:30.0212 P
[ReportManager] File Action [GetAbsolutePath] successfully performed. With the following test data [Relative Folder Path: "target/downloadedFiles/"]. @18-01-2022 20:48:30.0225 PM
[ReportManager] Attempting to run locally on: [Mac-64], [Safari], Headless Execution. @18-01-2022 20:48:30.0226 PM
[ReportManager] Successfully Opened Safari. @18-01-2022 20:48:31.0187 PM
[ReportManager] Initial window size: (800, 600) @18-01-2022 20:48:31.0211 PM
[ReportManager] Window size after SWD Maximize: (1176, 803) @18-01-2022 20:48:31.0246 PM
[ReportManager] Browser Action [MaximizeWindow] successfully performed. With the following test data [New screen size is now: (1176, 803)]. @18-01-2022 20:48:31.0247 P

################################################################################################################################################
Starting Execution:	[2 out of 162] test cases in the current suite
Test Method:		[unitTests.tests_element_elementActions.waitForElementToBePresent_false_expectedToPass]
################################################################################################################################################
[ReportManager] Target URL: [https://www.google.com/ncr], and after redirection: [www.google.com] @18-01-2022 20:48:31.0254 PM
[ReportManager] Initial URL: [] @18-01-2022 20:48:31.0310 PM
[ReportManager] Browser Action [NavigateToURL] successfully performed. With the following test data [https://www.google.com/ncr]. @18-01-2022 20:48:32.0286 PM
[ReportManager] Waiting for element to be present; elementLocator [By.id: bla], numberOfTries[1], stateOfPresence[false]... @18-01-2022 20:48:32.0286 PM
[ReportManager] org.openqa.selenium.TimeoutException:
Expected condition failed: waiting for com.shaft.gui.element.ElementActionsHelper$$Lambda$641/0x000000080112b7a8@623bdc46 (tried for 5 second(s) with 1000 milliseconds interval)
org.openqa.selenium.support.ui.FluentWait.timeoutException(FluentWait.java:263)
org.openqa.selenium.support.ui.FluentWait.until(FluentWait.java:231)
com.shaft.gui.element.ElementActionsHelper.waitForElementPresence(ElementActionsHelper.java:89)
com.shaft.gui.element.ElementActionsHelper.waitForElementPresence(ElementActionsHelper.java:37)
com.shaft.gui.element.WebDriverElementActions.getMatchingElementsCount(WebDriverElementActions.java:1481)
com.shaft.gui.element.WebDriverElementActions.waitForElementToBePresent(WebDriverElementActions.java:1295)
com.shaft.gui.element.ElementActions.waitForElementToBePresent(ElementActions.java:630)
unitTests.tests_element_elementActions.waitForElementToBePresent_false_expectedToPass(tests_element_elementActions.java:48)
java.base/jdk.internal.reflect.NativeMethodAccessorImpl.invoke0(Native Method)
java.base/jdk.internal.reflect.NativeMethodAccessorImpl.invoke(NativeMethodAccessorImpl.java:77)
java.base/jdk.internal.reflect.DelegatingMethodAccessorImpl.invoke(DelegatingMethodAccessorImpl.java:43)
java.base/java.lang.reflect.Method.invoke(Method.java:568)
org.testng.internal.invokers.MethodInvocationHelper.invokeMethod(MethodInvocationHelper.java:135)
org.testng.internal.invokers.TestInvoker.invokeMethod(TestInvoker.java:673)
org.testng.internal.invokers.TestInvoker.invokeTestMethod(TestInvoker.java:220)
org.testng.internal.invokers.MethodRunner.runInSequence(MethodRunner.java:50)
org.testng.internal.invokers.TestInvoker$MethodInvocationAgent.invoke(TestInvoker.java:945)
org.testng.internal.invokers.TestInvoker.invokeTestMethods(TestInvoker.java:193)
org.testng.internal.invokers.TestMethodWorker.invokeTestMethods(TestMethodWorker.java:146)
org.testng.internal.invokers.TestMethodWorker.run(TestMethodWorker.java:128)
java.base/java.util.ArrayList.forEach(ArrayList.java:1511)
org.testng.TestRunner.privateRun(TestRunner.java:808)
org.testng.TestRunner.run(TestRunner.java:603)
org.testng.SuiteRunner.runTest(SuiteRunner.java:429)
org.testng.SuiteRunner.runSequentially(SuiteRunner.java:423)
org.testng.SuiteRunner.privateRun(SuiteRunner.java:383)
org.testng.SuiteRunner.run(SuiteRunner.java:326)
org.testng.SuiteRunnerWorker.runSuite(SuiteRunnerWorker.java:52)
org.testng.SuiteRunnerWorker.run(SuiteRunnerWorker.java:95)
org.testng.TestNG.runSuitesSequentially(TestNG.java:1249)
org.testng.TestNG.runSuitesLocally(TestNG.java:1169)
org.testng.TestNG.runSuites(TestNG.java:1092)
org.testng.TestNG.run(TestNG.java:1060)
org.apache.maven.surefire.testng.TestNGExecutor.run(TestNGExecutor.java:136)
org.apache.maven.surefire.testng.TestNGDirectoryTestSuite.executeMulti(TestNGDirectoryTestSuite.java:193)
org.apache.maven.surefire.testng.TestNGDirectoryTestSuite.execute(TestNGDirectoryTestSuite.java:94)
org.apache.maven.surefire.testng.TestNGProvider.invoke(TestNGProvider.java:145)
org.apache.maven.surefire.booter.ForkedBooter.runSuitesInProcess(ForkedBooter.java:428)
org.apache.maven.surefire.booter.ForkedBooter.execute(ForkedBooter.java:162)
org.apache.maven.surefire.booter.ForkedBooter.run(ForkedBooter.java:562)
org.apache.maven.surefire.booter.ForkedBooter.main(ForkedBooter.java:548)

Caused by: org.openqa.selenium.NoSuchElementException:
For documentation on this error, please visit: https://selenium.dev/exceptions/#no_such_element
Build info: version: '4.1.1', revision: 'e8fcc2cecf'
System info: host: 'Mac-1642538731856.local', ip: '10.213.7.96', os.name: 'Mac OS X', os.arch: 'x86_64', os.version: '11.5', java.version: '17.0.1'
Driver info: org.openqa.selenium.safari.SafariDriver
Command: [2283C64C-FC28-4942-BE2C-DA3AD9B8AC5C, findElement {using=id, value=bla}]
Capabilities {acceptInsecureCerts: false, browserName: Safari, browserVersion: 15.2, goog:loggingPrefs: {browser: ALL, client: ALL, driver: ALL, performance: ALL, profiler: ALL, server: ALL}, javascriptEnabled: true, pageLoadStrategy: normal, platform: MAC, platformName: MAC, safari:automaticInspection: false, safari:automaticProfiling: false, safari:diagnose: false, safari:platformBuildVersion: 20G314, safari:platformVersion: 11.6.2, safari:useSimulator: false, setWindowRect: true, strictFileInteractability: false, timeouts: {pageLoad: 30000, script: 30000}, webkit:WebRTC: {DisableICECandidateFiltering: false, DisableInsecureMediaCapture: false}}
Session ID: 2283C64C-FC28-4942-BE2C-DA3AD9B8AC5C
java.base/jdk.internal.reflect.NativeConstructorAccessorImpl.newInstance0(Native Method)
java.base/jdk.internal.reflect.NativeConstructorAccessorImpl.newInstance(NativeConstructorAccessorImpl.java:77)
java.base/jdk.internal.reflect.DelegatingConstructorAccessorImpl.newInstance(DelegatingConstructorAccessorImpl.java:45)
java.base/java.lang.reflect.Constructor.newInstanceWithCaller(Constructor.java:499)
java.base/java.lang.reflect.Constructor.newInstance(Constructor.java:480)
org.openqa.selenium.remote.codec.w3c.W3CHttpResponseCodec.createException(W3CHttpResponseCodec.java:200)
org.openqa.selenium.remote.codec.w3c.W3CHttpResponseCodec.decode(W3CHttpResponseCodec.java:133)
org.openqa.selenium.remote.codec.w3c.W3CHttpResponseCodec.decode(W3CHttpResponseCodec.java:53)
org.openqa.selenium.remote.HttpCommandExecutor.execute(HttpCommandExecutor.java:184)
org.openqa.selenium.remote.service.DriverCommandExecutor.invokeExecute(DriverCommandExecutor.java:167)
org.openqa.selenium.remote.service.DriverCommandExecutor.execute(DriverCommandExecutor.java:142)
org.openqa.selenium.remote.RemoteWebDriver.execute(RemoteWebDriver.java:543)
org.openqa.selenium.remote.ElementLocation$ElementFinder$2.findElement(ElementLocation.java:162)
org.openqa.selenium.remote.ElementLocation.findElement(ElementLocation.java:60)
org.openqa.selenium.remote.RemoteWebDriver.findElement(RemoteWebDriver.java:367)
org.openqa.selenium.remote.RemoteWebDriver.findElement(RemoteWebDriver.java:359)
com.shaft.gui.element.ElementActionsHelper.lambda$waitForElementPresence$0(ElementActionsHelper.java:92)
org.openqa.selenium.support.ui.FluentWait.until(FluentWait.java:208)
com.shaft.gui.element.ElementActionsHelper.waitForElementPresence(ElementActionsHelper.java:89)
com.shaft.gui.element.ElementActionsHelper.waitForElementPresence(ElementActionsHelper.java:37)
com.shaft.gui.element.WebDriverElementActions.getMatchingElementsCount(WebDriverElementActions.java:1481)
com.shaft.gui.element.WebDriverElementActions.waitForElementToBePresent(WebDriverElementActions.java:1295)
com.shaft.gui.element.ElementActions.waitForElementToBePresent(ElementActions.java:630)
unitTests.tests_element_elementActions.waitForElementToBePresent_false_expectedToPass(tests_element_elementActions.java:48)
java.base/jdk.internal.reflect.NativeMethodAccessorImpl.invoke0(Native Method)
java.base/jdk.internal.reflect.NativeMethodAccessorImpl.invoke(NativeMethodAccessorImpl.java:77)
java.base/jdk.internal.reflect.DelegatingMethodAccessorImpl.invoke(DelegatingMethodAccessorImpl.java:43)
java.base/java.lang.reflect.Method.invoke(Method.java:568)
org.testng.internal.invokers.MethodInvocationHelper.invokeMethod(MethodInvocationHelper.java:135)
org.testng.internal.invokers.TestInvoker.invokeMethod(TestInvoker.java:673)
org.testng.internal.invokers.TestInvoker.invokeTestMethod(TestInvoker.java:220)
org.testng.internal.invokers.MethodRunner.runInSequence(MethodRunner.java:50)
org.testng.internal.invokers.TestInvoker$MethodInvocationAgent.invoke(TestInvoker.java:945)
org.testng.internal.invokers.TestInvoker.invokeTestMethods(TestInvoker.java:193)
org.testng.internal.invokers.TestMethodWorker.invokeTestMethods(TestMethodWorker.java:146)
org.testng.internal.invokers.TestMethodWorker.run(TestMethodWorker.java:128)
java.base/java.util.ArrayList.forEach(ArrayList.java:1511)
org.testng.TestRunner.privateRun(TestRunner.java:808)
org.testng.TestRunner.run(TestRunner.java:603)
org.testng.SuiteRunner.runTest(SuiteRunner.java:429)
org.testng.SuiteRunner.runSequentially(SuiteRunner.java:423)
org.testng.SuiteRunner.privateRun(SuiteRunner.java:383)
org.testng.SuiteRunner.run(SuiteRunner.java:326)
org.testng.SuiteRunnerWorker.runSuite(SuiteRunnerWorker.java:52)
org.testng.SuiteRunnerWorker.run(SuiteRunnerWorker.java:95)
org.testng.TestNG.runSuitesSequentially(TestNG.java:1249)
org.testng.TestNG.runSuitesLocally(TestNG.java:1169)
org.testng.TestNG.runSuites(TestNG.java:1092)
org.testng.TestNG.run(TestNG.java:1060)
org.apache.maven.surefire.testng.TestNGExecutor.run(TestNGExecutor.java:136)
org.apache.maven.surefire.testng.TestNGDirectoryTestSuite.executeMulti(TestNGDirectoryTestSuite.java:193)
org.apache.maven.surefire.testng.TestNGDirectoryTestSuite.execute(TestNGDirectoryTestSuite.java:94)
org.apache.maven.surefire.testng.TestNGProvider.invoke(TestNGProvider.java:145)
org.apache.maven.surefire.booter.ForkedBooter.runSuitesInProcess(ForkedBooter.java:428)
org.apache.maven.surefire.booter.ForkedBooter.execute(ForkedBooter.java:162)
org.apache.maven.surefire.booter.ForkedBooter.run(ForkedBooter.java:562)
org.apache.maven.surefire.booter.ForkedBooter.main(ForkedBooter.java:548) @18-01-2022 20:48:37.0472 PM
[ReportManager] Element Action [WaitForElementToBePresent] successfully performed. With the following test data [waited for the element's state of presence to be (false). Element locator (By.id: bla)]. @18-01-2022 20:48:37.0473 P
[ReportManager] Browser Action [CloseCurrentWindow] successfully performed. @18-01-2022 20:48:37.0857 PM
[ReportManager] Successfully created attachment [Browser Action Test Data - CloseCurrentWindow - Actual Value] @18-01-2022 20:48:37.0858 P
[ReportManager] File Action [GetAbsolutePath] successfully performed. With the following test data [Relative Folder Path: "target/downloadedFiles/"]. @18-01-2022 20:48:37.0866 PM
[ReportManager] Attempting to run locally on: [Mac-64], [Safari], Headless Execution. @18-01-2022 20:48:37.0866 PM
[ReportManager] Successfully Opened Safari. @18-01-2022 20:48:38.0690 PM
[ReportManager] Initial window size: (800, 600) @18-01-2022 20:48:38.0708 PM
[ReportManager] Window size after SWD Maximize: (1176, 803) @18-01-2022 20:48:38.0734 PM
[ReportManager] Browser Action [MaximizeWindow] successfully performed. With the following test data [New screen size is now: (1176, 803)]. @18-01-2022 20:48:38.0734 P

################################################################################################################################################
Starting Execution:	[3 out of 162] test cases in the current suite
Test Method:		[unitTests.tests_element_elementActions.waitForElementToBePresent_moreThanOneElement_expectedToFail]
################################################################################################################################################
[ReportManager] Target URL: [https://www.google.com/ncr], and after redirection: [www.google.com] @18-01-2022 20:48:38.0790 PM
[ReportManager] Initial URL: [] @18-01-2022 20:48:38.0836 PM
[ReportManager] Browser Action [NavigateToURL] successfully performed. With the following test data [https://www.google.com/ncr]. @18-01-2022 20:48:39.0685 PM
[ReportManager] Waiting for element to be present; elementLocator [By.xpath: //*], numberOfTries[1], stateOfPresence[false]... @18-01-2022 20:48:39.0685 PM
[ReportManager] Element Action [WaitForElementToBePresent] failed. With the following test data [waited for the element's state of presence to be (false). Element locator (By.xpath: //*)]. @18-01-2022 20:48:39.0913 PM
[ReportManager] Successfully created attachment [Screenshot - 1642538919808_waitForElementToBePresent_moreThanOneElement_expectedToFail_WaitForElementToBePresent_failed] @18-01-2022 20:48:39.0917 P
[ReportManager] Browser Action [CloseCurrentWindow] successfully performed. @18-01-2022 20:48:40.0238 PM
[ReportManager] Successfully created attachment [Browser Action Test Data - CloseCurrentWindow - Actual Value] @18-01-2022 20:48:40.0239 P
[ReportManager] File Action [GetAbsolutePath] successfully performed. With the following test data [Relative Folder Path: "target/downloadedFiles/"]. @18-01-2022 20:48:40.0245 PM
[ReportManager] Attempting to run locally on: [Mac-64], [Safari], Headless Execution. @18-01-2022 20:48:40.0245 PM
[ReportManager] Successfully Opened Safari. @18-01-2022 20:48:41.0165 PM
[ReportManager] Initial window size: (800, 600) @18-01-2022 20:48:41.0175 PM
[ReportManager] Window size after SWD Maximize: (1176, 803) @18-01-2022 20:48:41.0197 PM
[ReportManager] Browser Action [MaximizeWindow] successfully performed. With the following test data [New screen size is now: (1176, 803)]. @18-01-2022 20:48:41.0198 P

################################################################################################################################################
Starting Execution:	[4 out of 162] test cases in the current suite
Test Method:		[unitTests.tests_element_elementActions.waitForElementToBePresent_true_expectedToFail]
################################################################################################################################################
[ReportManager] Target URL: [https://www.google.com/ncr], and after redirection: [www.google.com] @18-01-2022 20:48:41.0201 PM
[ReportManager] Initial URL: [] @18-01-2022 20:48:41.0254 PM
[ReportManager] Browser Action [NavigateToURL] successfully performed. With the following test data [https://www.google.com/ncr]. @18-01-2022 20:48:42.0511 PM
[ReportManager] Waiting for element to be present; elementLocator [By.id: bla], numberOfTries[1], stateOfPresence[true]... @18-01-2022 20:48:42.0511 PM
[ReportManager] org.openqa.selenium.TimeoutException:
Expected condition failed: waiting for com.shaft.gui.element.ElementActionsHelper$$Lambda$641/0x000000080112b7a8@505a48a2 (tried for 5 second(s) with 1000 milliseconds interval)
org.openqa.selenium.support.ui.FluentWait.timeoutException(FluentWait.java:263)
org.openqa.selenium.support.ui.FluentWait.until(FluentWait.java:231)
com.shaft.gui.element.ElementActionsHelper.waitForElementPresence(ElementActionsHelper.java:89)
com.shaft.gui.element.ElementActionsHelper.waitForElementPresence(ElementActionsHelper.java:37)
com.shaft.gui.element.WebDriverElementActions.getMatchingElementsCount(WebDriverElementActions.java:1481)
com.shaft.gui.element.WebDriverElementActions.waitForElementToBePresent(WebDriverElementActions.java:1295)
com.shaft.gui.element.ElementActions.waitForElementToBePresent(ElementActions.java:630)
unitTests.tests_element_elementActions.waitForElementToBePresent_true_expectedToFail(tests_element_elementActions.java:39)
java.base/jdk.internal.reflect.NativeMethodAccessorImpl.invoke0(Native Method)
java.base/jdk.internal.reflect.NativeMethodAccessorImpl.invoke(NativeMethodAccessorImpl.java:77)
java.base/jdk.internal.reflect.DelegatingMethodAccessorImpl.invoke(DelegatingMethodAccessorImpl.java:43)
java.base/java.lang.reflect.Method.invoke(Method.java:568)
org.testng.internal.invokers.MethodInvocationHelper.invokeMethod(MethodInvocationHelper.java:135)
org.testng.internal.invokers.TestInvoker.invokeMethod(TestInvoker.java:673)
org.testng.internal.invokers.TestInvoker.invokeTestMethod(TestInvoker.java:220)
org.testng.internal.invokers.MethodRunner.runInSequence(MethodRunner.java:50)
org.testng.internal.invokers.TestInvoker$MethodInvocationAgent.invoke(TestInvoker.java:945)
org.testng.internal.invokers.TestInvoker.invokeTestMethods(TestInvoker.java:193)
org.testng.internal.invokers.TestMethodWorker.invokeTestMethods(TestMethodWorker.java:146)
org.testng.internal.invokers.TestMethodWorker.run(TestMethodWorker.java:128)
java.base/java.util.ArrayList.forEach(ArrayList.java:1511)
org.testng.TestRunner.privateRun(TestRunner.java:808)
org.testng.TestRunner.run(TestRunner.java:603)
org.testng.SuiteRunner.runTest(SuiteRunner.java:429)
org.testng.SuiteRunner.runSequentially(SuiteRunner.java:423)
org.testng.SuiteRunner.privateRun(SuiteRunner.java:383)
org.testng.SuiteRunner.run(SuiteRunner.java:326)
org.testng.SuiteRunnerWorker.runSuite(SuiteRunnerWorker.java:52)
org.testng.SuiteRunnerWorker.run(SuiteRunnerWorker.java:95)
org.testng.TestNG.runSuitesSequentially(TestNG.java:1249)
org.testng.TestNG.runSuitesLocally(TestNG.java:1169)
org.testng.TestNG.runSuites(TestNG.java:1092)
org.testng.TestNG.run(TestNG.java:1060)
org.apache.maven.surefire.testng.TestNGExecutor.run(TestNGExecutor.java:136)
org.apache.maven.surefire.testng.TestNGDirectoryTestSuite.executeMulti(TestNGDirectoryTestSuite.java:193)
org.apache.maven.surefire.testng.TestNGDirectoryTestSuite.execute(TestNGDirectoryTestSuite.java:94)
org.apache.maven.surefire.testng.TestNGProvider.invoke(TestNGProvider.java:145)
org.apache.maven.surefire.booter.ForkedBooter.runSuitesInProcess(ForkedBooter.java:428)
org.apache.maven.surefire.booter.ForkedBooter.execute(ForkedBooter.java:162)
org.apache.maven.surefire.booter.ForkedBooter.run(ForkedBooter.java:562)
org.apache.maven.surefire.booter.ForkedBooter.main(ForkedBooter.java:548)

Caused by: org.openqa.selenium.NoSuchElementException:
For documentation on this error, please visit: https://selenium.dev/exceptions/#no_such_element
Build info: version: '4.1.1', revision: 'e8fcc2cecf'
System info: host: 'Mac-1642538731856.local', ip: '10.213.7.96', os.name: 'Mac OS X', os.arch: 'x86_64', os.version: '11.5', java.version: '17.0.1'
Driver info: org.openqa.selenium.safari.SafariDriver
Command: [50631C2A-AF48-4450-9FC5-4BD1613AB2AC, findElement {using=id, value=bla}]
Capabilities {acceptInsecureCerts: false, browserName: Safari, browserVersion: 15.2, goog:loggingPrefs: {browser: ALL, client: ALL, driver: ALL, performance: ALL, profiler: ALL, server: ALL}, javascriptEnabled: true, pageLoadStrategy: normal, platform: MAC, platformName: MAC, safari:automaticInspection: false, safari:automaticProfiling: false, safari:diagnose: false, safari:platformBuildVersion: 20G314, safari:platformVersion: 11.6.2, safari:useSimulator: false, setWindowRect: true, strictFileInteractability: false, timeouts: {pageLoad: 30000, script: 30000}, webkit:WebRTC: {DisableICECandidateFiltering: false, DisableInsecureMediaCapture: false}}
Session ID: 50631C2A-AF48-4450-9FC5-4BD1613AB2AC
java.base/jdk.internal.reflect.NativeConstructorAccessorImpl.newInstance0(Native Method)
java.base/jdk.internal.reflect.NativeConstructorAccessorImpl.newInstance(NativeConstructorAccessorImpl.java:77)
java.base/jdk.internal.reflect.DelegatingConstructorAccessorImpl.newInstance(DelegatingConstructorAccessorImpl.java:45)
java.base/java.lang.reflect.Constructor.newInstanceWithCaller(Constructor.java:499)
java.base/java.lang.reflect.Constructor.newInstance(Constructor.java:480)
org.openqa.selenium.remote.codec.w3c.W3CHttpResponseCodec.createException(W3CHttpResponseCodec.java:200)
org.openqa.selenium.remote.codec.w3c.W3CHttpResponseCodec.decode(W3CHttpResponseCodec.java:133)
org.openqa.selenium.remote.codec.w3c.W3CHttpResponseCodec.decode(W3CHttpResponseCodec.java:53)
org.openqa.selenium.remote.HttpCommandExecutor.execute(HttpCommandExecutor.java:184)
org.openqa.selenium.remote.service.DriverCommandExecutor.invokeExecute(DriverCommandExecutor.java:167)
org.openqa.selenium.remote.service.DriverCommandExecutor.execute(DriverCommandExecutor.java:142)
org.openqa.selenium.remote.RemoteWebDriver.execute(RemoteWebDriver.java:543)
org.openqa.selenium.remote.ElementLocation$ElementFinder$2.findElement(ElementLocation.java:162)
org.openqa.selenium.remote.ElementLocation.findElement(ElementLocation.java:60)
org.openqa.selenium.remote.RemoteWebDriver.findElement(RemoteWebDriver.java:367)
org.openqa.selenium.remote.RemoteWebDriver.findElement(RemoteWebDriver.java:359)
com.shaft.gui.element.ElementActionsHelper.lambda$waitForElementPresence$0(ElementActionsHelper.java:92)
org.openqa.selenium.support.ui.FluentWait.until(FluentWait.java:208)
com.shaft.gui.element.ElementActionsHelper.waitForElementPresence(ElementActionsHelper.java:89)
com.shaft.gui.element.ElementActionsHelper.waitForElementPresence(ElementActionsHelper.java:37)
com.shaft.gui.element.WebDriverElementActions.getMatchingElementsCount(WebDriverElementActions.java:1481)
com.shaft.gui.element.WebDriverElementActions.waitForElementToBePresent(WebDriverElementActions.java:1295)
com.shaft.gui.element.ElementActions.waitForElementToBePresent(ElementActions.java:630)
unitTests.tests_element_elementActions.waitForElementToBePresent_true_expectedToFail(tests_element_elementActions.java:39)
java.base/jdk.internal.reflect.NativeMethodAccessorImpl.invoke0(Native Method)
java.base/jdk.internal.reflect.NativeMethodAccessorImpl.invoke(NativeMethodAccessorImpl.java:77)
java.base/jdk.internal.reflect.DelegatingMethodAccessorImpl.invoke(DelegatingMethodAccessorImpl.java:43)
java.base/java.lang.reflect.Method.invoke(Method.java:568)
org.testng.internal.invokers.MethodInvocationHelper.invokeMethod(MethodInvocationHelper.java:135)
org.testng.internal.invokers.TestInvoker.invokeMethod(TestInvoker.java:673)
org.testng.internal.invokers.TestInvoker.invokeTestMethod(TestInvoker.java:220)
org.testng.internal.invokers.MethodRunner.runInSequence(MethodRunner.java:50)
org.testng.internal.invokers.TestInvoker$MethodInvocationAgent.invoke(TestInvoker.java:945)
org.testng.internal.invokers.TestInvoker.invokeTestMethods(TestInvoker.java:193)
org.testng.internal.invokers.TestMethodWorker.invokeTestMethods(TestMethodWorker.java:146)
org.testng.internal.invokers.TestMethodWorker.run(TestMethodWorker.java:128)
java.base/java.util.ArrayList.forEach(ArrayList.java:1511)
org.testng.TestRunner.privateRun(TestRunner.java:808)
org.testng.TestRunner.run(TestRunner.java:603)
org.testng.SuiteRunner.runTest(SuiteRunner.java:429)
org.testng.SuiteRunner.runSequentially(SuiteRunner.java:423)
org.testng.SuiteRunner.privateRun(SuiteRunner.java:383)
org.testng.SuiteRunner.run(SuiteRunner.java:326)
org.testng.SuiteRunnerWorker.runSuite(SuiteRunnerWorker.java:52)
org.testng.SuiteRunnerWorker.run(SuiteRunnerWorker.java:95)
org.testng.TestNG.runSuitesSequentially(TestNG.java:1249)
org.testng.TestNG.runSuitesLocally(TestNG.java:1169)
org.testng.TestNG.runSuites(TestNG.java:1092)
org.testng.TestNG.run(TestNG.java:1060)
org.apache.maven.surefire.testng.TestNGExecutor.run(TestNGExecutor.java:136)
org.apache.maven.surefire.testng.TestNGDirectoryTestSuite.executeMulti(TestNGDirectoryTestSuite.java:193)
org.apache.maven.surefire.testng.TestNGDirectoryTestSuite.execute(TestNGDirectoryTestSuite.java:94)
org.apache.maven.surefire.testng.TestNGProvider.invoke(TestNGProvider.java:145)
org.apache.maven.surefire.booter.ForkedBooter.runSuitesInProcess(ForkedBooter.java:428)
org.apache.maven.surefire.booter.ForkedBooter.execute(ForkedBooter.java:162)
org.apache.maven.surefire.booter.ForkedBooter.run(ForkedBooter.java:562)
org.apache.maven.surefire.booter.ForkedBooter.main(ForkedBooter.java:548) @18-01-2022 20:48:47.0727 PM
[ReportManager] Element Action [WaitForElementToBePresent] failed. With the following test data [waited for the element's state of presence to be (true). Element locator (By.id: bla)]. @18-01-2022 20:48:47.0836 PM
[ReportManager] Successfully created attachment [Screenshot - 1642538927755_waitForElementToBePresent_true_expectedToFail_WaitForElementToBePresent_failed] @18-01-2022 20:48:47.0840 P
[ReportManager] Browser Action [CloseCurrentWindow] successfully performed. @18-01-2022 20:48:47.0988 PM
[ReportManager] Successfully created attachment [Browser Action Test Data - CloseCurrentWindow - Actual Value] @18-01-2022 20:48:47.0989 P
[ReportManager] File Action [GetAbsolutePath] successfully performed. With the following test data [Relative Folder Path: "target/downloadedFiles/"]. @18-01-2022 20:48:47.0993 PM
[ReportManager] Attempting to run locally on: [Mac-64], [Safari], Headless Execution. @18-01-2022 20:48:47.0993 PM
[ReportManager] Successfully Opened Safari. @18-01-2022 20:48:48.0874 PM
[ReportManager] Initial window size: (800, 600) @18-01-2022 20:48:48.0893 PM
[ReportManager] Window size after SWD Maximize: (1176, 803) @18-01-2022 20:48:48.0913 PM
[ReportManager] Browser Action [MaximizeWindow] successfully performed. With the following test data [New screen size is now: (1176, 803)]. @18-01-2022 20:48:48.0917 P

################################################################################################################################################
Starting Execution:	[5 out of 162] test cases in the current suite
Test Method:		[unitTests.tests_element_elementActions.waitForElementToBePresent_true_expectedToPass]
################################################################################################################################################
[ReportManager] Target URL: [https://www.google.com/ncr], and after redirection: [www.google.com] @18-01-2022 20:48:48.0922 PM
[ReportManager] Initial URL: [] @18-01-2022 20:48:48.0978 PM
[ReportManager] Browser Action [NavigateToURL] successfully performed. With the following test data [https://www.google.com/ncr]. @18-01-2022 20:48:50.0311 PM
[ReportManager] Waiting for element to be present; elementLocator [By.xpath: //*[@id='hplogo' or @alt='Google']], numberOfTries[1], stateOfPresence[true]... @18-01-2022 20:48:50.0311 PM
[ReportManager] Element Action [WaitForElementToBePresent] successfully performed. With the following test data [waited for the element's state of presence to be (true). Element locator (By.xpath: //*[@id='hplogo' or @alt='Google'])]. @18-01-2022 20:48:50.0348 PM
[ReportManager] File Action [DoesFileExist] successfully performed. With the following test data [File Path: "src/main/resources/dynamicObjectRepository/unitTests_tests_element_elementActions_waitForElementToBePresent_true_expectedToPass_By_xpath_id_hplogo_or_alt_Google.png"]. @18-01-2022 20:48:50.0356 PM
[ReportManager] File Action [DoesFileExist] successfully performed. With the following test data [File Path: "src/main/resources/dynamicObjectRepository/unitTests_tests_element_elementActions_waitForElementToBePresent_true_expectedToPass_By_xpath_id_hplogo_or_alt_Google.png"]. @18-01-2022 20:48:50.0445 PM
[ReportManager] Passing the test and saving a reference image @18-01-2022 20:48:50.0445 PM
[ReportManager] File Action [GetAbsolutePath] successfully performed. With the following test data [Relative File Path: "src/main/resources/dynamicObjectRepository/unitTests_tests_element_elementActions_waitForElementToBePresent_true_expectedToPass_By_xpath_id_hplogo_or_alt_Google.png"]. @18-01-2022 20:48:50.0446 PM
[ReportManager] File Action [WriteToFile] successfully performed. With the following test data [Target File Path: "/Users/runner/work/SHAFT_ENGINE/SHAFT_ENGINE/src/main/resources/dynamicObjectRepository/unitTests_tests_element_elementActions_waitForElementToBePresent_true_expectedToPass_By_xpath_id_hplogo_or_alt_Google.png"]. @18-01-2022 20:48:50.0447 PM
[ReportManager] Assertion Passed: Using Visual AI; OpenCV @18-01-2022 20:48:50.0449 PM
[ReportManager] Successfully created attachment [Validation Test Data - Actual Screenshot] @18-01-2022 20:48:50.0451 PM
[ReportManager] Assertion [ValidateElementMatches] PASSED. Expected [Element should match the reference screenshot] and Actual [TRUE]. Comparison Type [EXACT_OPENCV]. Validation Type [POSITIVE]. @18-01-2022 20:48:50.0451 P
[ReportManager] Browser Action [CloseCurrentWindow] successfully performed. @18-01-2022 20:48:50.0782 PM
[ReportManager] Successfully created attachment [Browser Action Test Data - CloseCurrentWindow - Actual Value] @18-01-2022 20:48:50.0783 P
[ReportManager] File Action [GetAbsolutePath] successfully performed. With the following test data [Relative Folder Path: "target/downloadedFiles/"]. @18-01-2022 20:48:50.0787 PM
[ReportManager] Attempting to run locally on: [Mac-64], [Safari], Headless Execution. @18-01-2022 20:48:50.0787 PM
[ReportManager] Successfully Opened Safari. @18-01-2022 20:48:51.0654 PM
[ReportManager] Initial window size: (800, 600) @18-01-2022 20:48:51.0664 PM
[ReportManager] Window size after SWD Maximize: (1176, 803) @18-01-2022 20:48:51.0696 PM
[ReportManager] Browser Action [MaximizeWindow] successfully performed. With the following test data [New screen size is now: (1176, 803)]. @18-01-2022 20:48:51.0696 PM
[ReportManager] Target URL: [https://duckduckgo.com] @18-01-2022 20:48:51.0697 PM
[ReportManager] Initial URL: [] @18-01-2022 20:48:51.0748 PM
[ReportManager] Browser Action [NavigateToURL] successfully performed. With the following test data [https://duckduckgo.com]. @18-01-2022 20:48:52.0569 P

################################################################################################################################################
Starting Execution:	[6 out of 162] test cases in the current suite
Test Method:		[unitTests.tests_browserActions.fullScreenWindow]
################################################################################################################################################
[ReportManager] Initial Windows Size: 1176x803 @18-01-2022 20:48:52.0578 PM
[ReportManager] Current Windows Size after fullScreen: 1176x885 @18-01-2022 20:48:52.0883 PM
[ReportManager] Browser Action [FullScreenWindow] successfully performed. @18-01-2022 20:48:52.0910 PM
[ReportManager] Successfully created attachment [Browser Action Test Data - FullScreenWindow - Actual Value] @18-01-2022 20:48:52.0913 P
[ReportManager] Target URL: [https://duckduckgo.com] @18-01-2022 20:48:52.0919 PM
[ReportManager] Initial URL: [https://duckduckgo.com] @18-01-2022 20:48:53.0001 PM
[ReportManager] Browser Action [NavigateToURL] successfully performed. With the following test data [https://duckduckgo.com]. @18-01-2022 20:48:53.0753 PM
[ReportManager] Browser Action [CloseCurrentWindow] successfully performed. @18-01-2022 20:48:54.0093 PM
[ReportManager] Successfully created attachment [Browser Action Test Data - CloseCurrentWindow - Actual Value] @18-01-2022 20:48:54.0096 P
[ReportManager] File Action [GetAbsolutePath] successfully performed. With the following test data [Relative Folder Path: "target/downloadedFiles/"]. @18-01-2022 20:48:54.0100 PM
[ReportManager] Attempting to run locally on: [Mac-64], [Safari], Headless Execution. @18-01-2022 20:48:54.0100 PM
[ReportManager] An Exception Occured with this Message: Could not start a new session. Possible causes are invalid address of the remote server or browser start-up failure.. @18-01-2022 20:48:54.0125 PM
[ReportManager] Successfully created attachment [Exception Stack Trace - org.openqa.selenium.SessionNotCreatedException] @18-01-2022 20:48:54.0126 PM
[ReportManager] Driver Factory Action [createNewLocalDriverInstanceForSafari] failed. With the following test data [Failed to create a session on DESKTOP_SAFARI]. @18-01-2022 20:48:54.0127 P

################################################################################################################################################
Starting Execution:	[7 out of 162] test cases in the current suite
Test Method:		[unitTests.tests_browserActions.getCurrentURL]
###############################################################################################################################################



################################################################################################################################################
Starting Execution:	[8 out of 162] test cases in the current suite
Test Method:		[unitTests.tests_browserActions.getCurrentWindowTitle]
###############################################################################################################################################



################################################################################################################################################
Starting Execution:	[9 out of 162] test cases in the current suite
Test Method:		[unitTests.tests_browserActions.getPageSource]
###############################################################################################################################################



################################################################################################################################################
Starting Execution:	[10 out of 162] test cases in the current suite
Test Method:		[unitTests.tests_browserActions.getWindowHandle]
###############################################################################################################################################



################################################################################################################################################
Starting Execution:	[11 out of 162] test cases in the current suite
Test Method:		[unitTests.tests_browserActions.getWindowPosition]
###############################################################################################################################################



################################################################################################################################################
Starting Execution:	[12 out of 162] test cases in the current suite
Test Method:		[unitTests.tests_browserActions.getWindowSize]
###############################################################################################################################################



################################################################################################################################################
Starting Execution:	[13 out of 162] test cases in the current suite
Test Method:		[unitTests.tests_browserActions.maximizeWindow]
###############################################################################################################################################



################################################################################################################################################
Starting Execution:	[14 out of 162] test cases in the current suite
Test Method:		[unitTests.tests_browserActions.navigateBack]
###############################################################################################################################################



################################################################################################################################################
Starting Execution:	[15 out of 162] test cases in the current suite
Test Method:		[unitTests.tests_browserActions.navigateForward]
###############################################################################################################################################



################################################################################################################################################
Starting Execution:	[16 out of 162] test cases in the current suite
Test Method:		[unitTests.tests_browserActions.navigateToURL]
###############################################################################################################################################



################################################################################################################################################
Starting Execution:	[17 out of 162] test cases in the current suite
Test Method:		[unitTests.tests_browserActions.navigateToURLWithRedirection]
###############################################################################################################################################



################################################################################################################################################
Starting Execution:	[18 out of 162] test cases in the current suite
Test Method:		[unitTests.tests_browserActions.refreshCurrentPage]
###############################################################################################################################################



################################################################################################################################################
Starting Execution:	[19 out of 162] test cases in the current suite
Test Method:		[unitTests.tests_browserActions.setWindowSize]
###############################################################################################################################################

[ReportManager] Successfully loaded the following test data file [src/test/resources/testDataFiles/testSuite01/TestData.xlsx]. @18-01-2022 20:48:55.0503 PM
[ReportManager] Successfully created attachment [Test Data - Excel] @18-01-2022 20:48:55.0505 P

################################################################################################################################################
Starting Execution:	[20 out of 162] test cases in the current suite
Test Method:		[unitTests.tests_io_excelFileManager.getCellData_rowName_expectedToPass]
################################################################################################################################################
[ReportManager] testRowData. @18-01-2022 20:48:55.0520 P

################################################################################################################################################
Starting Execution:	[21 out of 162] test cases in the current suite
Test Method:		[unitTests.tests_validations_assertions.assertComparativeRelation_greaterThanOrEquals_false_equals_expectedToFail]
################################################################################################################################################
[ReportManager] Assertion [ValidateComparativeRelation] FAILED. Expected [1] and Actual [1]. Comparison Type [GREATER_THAN_OR_EQUALS]. Validation Type [NEGATIVE]. @18-01-2022 20:48:55.0527 P

################################################################################################################################################
Starting Execution:	[22 out of 162] test cases in the current suite
Test Method:		[unitTests.tests_validations_assertions.assertComparativeRelation_greaterThanOrEquals_false_equals_expectedToPass]
################################################################################################################################################
[ReportManager] Assertion [ValidateComparativeRelation] PASSED. Expected [2] and Actual [1]. Comparison Type [GREATER_THAN_OR_EQUALS]. Validation Type [NEGATIVE]. @18-01-2022 20:48:55.0532 P

################################################################################################################################################
Starting Execution:	[23 out of 162] test cases in the current suite
Test Method:		[unitTests.tests_validations_assertions.assertComparativeRelation_greaterThanOrEquals_false_greaterThan_expectedToFail]
################################################################################################################################################
[ReportManager] Assertion [ValidateComparativeRelation] FAILED. Expected [1] and Actual [2]. Comparison Type [GREATER_THAN_OR_EQUALS]. Validation Type [NEGATIVE]. @18-01-2022 20:48:55.0539 P

################################################################################################################################################
Starting Execution:	[24 out of 162] test cases in the current suite
Test Method:		[unitTests.tests_validations_assertions.assertComparativeRelation_greaterThanOrEquals_false_greaterThan_expectedToPass]
################################################################################################################################################
[ReportManager] Assertion [ValidateComparativeRelation] PASSED. Expected [2] and Actual [1]. Comparison Type [GREATER_THAN_OR_EQUALS]. Validation Type [NEGATIVE]. @18-01-2022 20:48:55.0544 P

################################################################################################################################################
Starting Execution:	[25 out of 162] test cases in the current suite
Test Method:		[unitTests.tests_validations_assertions.assertComparativeRelation_greaterThanOrEquals_true_equals_expectedToFail]
################################################################################################################################################
[ReportManager] Assertion [ValidateComparativeRelation] FAILED. Expected [1] and Actual [0]. Comparison Type [GREATER_THAN_OR_EQUALS]. Validation Type [POSITIVE]. @18-01-2022 20:48:55.0549 P

################################################################################################################################################
Starting Execution:	[26 out of 162] test cases in the current suite
Test Method:		[unitTests.tests_validations_assertions.assertComparativeRelation_greaterThanOrEquals_true_equals_expectedToPass]
################################################################################################################################################
[ReportManager] Assertion [ValidateComparativeRelation] PASSED. Expected [1] and Actual [1]. Comparison Type [GREATER_THAN_OR_EQUALS]. Validation Type [POSITIVE]. @18-01-2022 20:48:55.0553 P

################################################################################################################################################
Starting Execution:	[27 out of 162] test cases in the current suite
Test Method:		[unitTests.tests_validations_assertions.assertComparativeRelation_greaterThanOrEquals_true_greaterThan_expectedToFail]
################################################################################################################################################
[ReportManager] Assertion [ValidateComparativeRelation] FAILED. Expected [2] and Actual [1]. Comparison Type [GREATER_THAN_OR_EQUALS]. Validation Type [POSITIVE]. @18-01-2022 20:48:55.0559 P

################################################################################################################################################
Starting Execution:	[28 out of 162] test cases in the current suite
Test Method:		[unitTests.tests_validations_assertions.assertComparativeRelation_greaterThanOrEquals_true_greaterThan_expectedToPass]
################################################################################################################################################
[ReportManager] Assertion [ValidateComparativeRelation] PASSED. Expected [1] and Actual [2]. Comparison Type [GREATER_THAN_OR_EQUALS]. Validation Type [POSITIVE]. @18-01-2022 20:48:55.0563 P
[ReportManager] File Action [GetAbsolutePath] successfully performed. With the following test data [Relative Folder Path: "target/downloadedFiles/"]. @18-01-2022 20:48:55.0567 PM
[ReportManager] Attempting to run locally on: [Mac-64], [Safari], Headless Execution. @18-01-2022 20:48:55.0567 PM
[ReportManager] Successfully Opened Safari. @18-01-2022 20:48:56.0400 PM
[ReportManager] Initial window size: (800, 600) @18-01-2022 20:48:56.0462 PM
[ReportManager] Window size after SWD Maximize: (1176, 803) @18-01-2022 20:48:56.0535 PM
[ReportManager] Browser Action [MaximizeWindow] successfully performed. With the following test data [New screen size is now: (1176, 803)]. @18-01-2022 20:48:56.0535 PM
[ReportManager] Target URL: [https://www.google.com/ncr], and after redirection: [www.google.com] @18-01-2022 20:48:56.0536 PM
[ReportManager] Initial URL: [] @18-01-2022 20:48:56.0575 PM
[ReportManager] Browser Action [NavigateToURL] successfully performed. With the following test data [https://www.google.com/ncr]. @18-01-2022 20:48:58.0094 P

################################################################################################################################################
Starting Execution:	[29 out of 162] test cases in the current suite
Test Method:		[unitTests.tests_validations_assertions.assertElementAttribute_false_caseInsensitiveComparison_expectedToFail]
################################################################################################################################################
[ReportManager] Element Action [Type] successfully performed. With the following test data [AUTOMATION]. @18-01-2022 20:48:58.0464 PM
[ReportManager] Element Action [GetText] successfully performed. With the following test data [AUTOMATION]. @18-01-2022 20:48:58.0602 PM
[ReportManager] Assertion [ValidateElementAttribute] FAILED. Expected [Value Should not be 'AutomaTion' for the 'text' attribute, element locator 'By.name: q'] and Actual [AUTOMATION]. Comparison Type [CASE_INSENSITIVE]. Validation Type [NEGATIVE]. @18-01-2022 20:48:58.0991 PM
[ReportManager] Successfully created attachment [Screenshot - 1642538938864_assertElementAttribute_false_caseInsensitiveComparison_expectedToFail_ValidateElementAttribute_failed] @18-01-2022 20:48:58.0998 P
[ReportManager] Browser Action [CloseCurrentWindow] successfully performed. @18-01-2022 20:48:59.0116 PM
[ReportManager] Successfully created attachment [Browser Action Test Data - CloseCurrentWindow - Actual Value] @18-01-2022 20:48:59.0117 P
[ReportManager] File Action [GetAbsolutePath] successfully performed. With the following test data [Relative Folder Path: "target/downloadedFiles/"]. @18-01-2022 20:48:59.0125 PM
[ReportManager] Attempting to run locally on: [Mac-64], [Safari], Headless Execution. @18-01-2022 20:48:59.0126 PM
[ReportManager] Successfully Opened Safari. @18-01-2022 20:48:59.0967 PM
[ReportManager] Initial window size: (800, 600) @18-01-2022 20:48:59.0993 PM
[ReportManager] Window size after SWD Maximize: (1176, 803) @18-01-2022 20:49:00.0027 PM
[ReportManager] Browser Action [MaximizeWindow] successfully performed. With the following test data [New screen size is now: (1176, 803)]. @18-01-2022 20:49:00.0027 PM
[ReportManager] Target URL: [https://www.google.com/ncr], and after redirection: [www.google.com] @18-01-2022 20:49:00.0027 PM
[ReportManager] Initial URL: [] @18-01-2022 20:49:00.0078 PM
[ReportManager] Browser Action [NavigateToURL] successfully performed. With the following test data [https://www.google.com/ncr]. @18-01-2022 20:49:01.0343 P

################################################################################################################################################
Starting Execution:	[30 out of 162] test cases in the current suite
Test Method:		[unitTests.tests_validations_assertions.assertElementAttribute_false_caseInsensitiveComparison_expectedToPass]
################################################################################################################################################
[ReportManager] Element Action [Type] successfully performed. With the following test data [AUTOMATION]. @18-01-2022 20:49:01.0678 PM
[ReportManager] Element Action [GetText] successfully performed. With the following test data [AUTOMATION]. @18-01-2022 20:49:01.0756 PM
[ReportManager] Assertion [ValidateElementAttribute] PASSED. Expected [Value Should not be 'AutomaTion123' for the 'text' attribute, element locator 'By.name: q'] and Actual [AUTOMATION]. Comparison Type [CASE_INSENSITIVE]. Validation Type [NEGATIVE]. @18-01-2022 20:49:01.0922 PM
[ReportManager] Successfully created attachment [Screenshot - 1642538941854_assertElementAttribute_false_caseInsensitiveComparison_expectedToPass_ValidateElementAttribute_passed] @18-01-2022 20:49:01.0924 P
[ReportManager] Browser Action [CloseCurrentWindow] successfully performed. @18-01-2022 20:49:02.0267 PM
[ReportManager] Successfully created attachment [Browser Action Test Data - CloseCurrentWindow - Actual Value] @18-01-2022 20:49:02.0268 P
[ReportManager] File Action [GetAbsolutePath] successfully performed. With the following test data [Relative Folder Path: "target/downloadedFiles/"]. @18-01-2022 20:49:02.0276 PM
[ReportManager] Attempting to run locally on: [Mac-64], [Safari], Headless Execution. @18-01-2022 20:49:02.0276 PM
[ReportManager] Successfully Opened Safari. @18-01-2022 20:49:03.0154 PM
[ReportManager] Initial window size: (800, 600) @18-01-2022 20:49:03.0176 PM
[ReportManager] Window size after SWD Maximize: (1176, 803) @18-01-2022 20:49:03.0198 PM
[ReportManager] Browser Action [MaximizeWindow] successfully performed. With the following test data [New screen size is now: (1176, 803)]. @18-01-2022 20:49:03.0199 PM
[ReportManager] Target URL: [https://www.google.com/ncr], and after redirection: [www.google.com] @18-01-2022 20:49:03.0199 PM
[ReportManager] Initial URL: [] @18-01-2022 20:49:03.0258 PM
[ReportManager] Browser Action [NavigateToURL] successfully performed. With the following test data [https://www.google.com/ncr]. @18-01-2022 20:49:04.0598 P

################################################################################################################################################
Starting Execution:	[31 out of 162] test cases in the current suite
Test Method:		[unitTests.tests_validations_assertions.assertElementAttribute_false_containsComparison_expectedToFail]
################################################################################################################################################
[ReportManager] Element Action [Type] successfully performed. With the following test data [Automation123]. @18-01-2022 20:49:04.0910 PM
[ReportManager] Element Action [GetText] successfully performed. With the following test data [Automation123]. @18-01-2022 20:49:04.0993 PM
[ReportManager] Assertion [ValidateElementAttribute] FAILED. Expected [Value Should not be 'Automation' for the 'text' attribute, element locator 'By.name: q'] and Actual [Automation123]. Comparison Type [CONTAINS]. Validation Type [NEGATIVE]. @18-01-2022 20:49:05.0209 PM
[ReportManager] Successfully created attachment [Screenshot - 1642538945144_assertElementAttribute_false_containsComparison_expectedToFail_ValidateElementAttribute_failed] @18-01-2022 20:49:05.0211 P
[ReportManager] Browser Action [CloseCurrentWindow] successfully performed. @18-01-2022 20:49:05.0394 PM
[ReportManager] Successfully created attachment [Browser Action Test Data - CloseCurrentWindow - Actual Value] @18-01-2022 20:49:05.0395 P
[ReportManager] File Action [GetAbsolutePath] successfully performed. With the following test data [Relative Folder Path: "target/downloadedFiles/"]. @18-01-2022 20:49:05.0399 PM
[ReportManager] Attempting to run locally on: [Mac-64], [Safari], Headless Execution. @18-01-2022 20:49:05.0399 PM
[ReportManager] Successfully Opened Safari. @18-01-2022 20:49:06.0188 PM
[ReportManager] Initial window size: (800, 600) @18-01-2022 20:49:06.0206 PM
[ReportManager] Window size after SWD Maximize: (1176, 803) @18-01-2022 20:49:06.0234 PM
[ReportManager] Browser Action [MaximizeWindow] successfully performed. With the following test data [New screen size is now: (1176, 803)]. @18-01-2022 20:49:06.0235 PM
[ReportManager] Target URL: [https://www.google.com/ncr], and after redirection: [www.google.com] @18-01-2022 20:49:06.0235 PM
[ReportManager] Initial URL: [] @18-01-2022 20:49:06.0278 PM
[ReportManager] Browser Action [NavigateToURL] successfully performed. With the following test data [https://www.google.com/ncr]. @18-01-2022 20:49:07.0662 P

################################################################################################################################################
Starting Execution:	[32 out of 162] test cases in the current suite
Test Method:		[unitTests.tests_validations_assertions.assertElementAttribute_false_containsComparison_expectedToPass]
################################################################################################################################################
[ReportManager] Element Action [Type] successfully performed. With the following test data [Automation123]. @18-01-2022 20:49:08.0021 PM
[ReportManager] Element Action [GetText] successfully performed. With the following test data [Automation123]. @18-01-2022 20:49:08.0112 PM
[ReportManager] Assertion [ValidateElementAttribute] PASSED. Expected [Value Should not be 'Automation1234' for the 'text' attribute, element locator 'By.name: q'] and Actual [Automation123]. Comparison Type [CONTAINS]. Validation Type [NEGATIVE]. @18-01-2022 20:49:08.0296 PM
[ReportManager] Successfully created attachment [Screenshot - 1642538948222_assertElementAttribute_false_containsComparison_expectedToPass_ValidateElementAttribute_passed] @18-01-2022 20:49:08.0297 P
[ReportManager] Browser Action [CloseCurrentWindow] successfully performed. @18-01-2022 20:49:08.0473 PM
[ReportManager] Successfully created attachment [Browser Action Test Data - CloseCurrentWindow - Actual Value] @18-01-2022 20:49:08.0475 P
[ReportManager] File Action [GetAbsolutePath] successfully performed. With the following test data [Relative Folder Path: "target/downloadedFiles/"]. @18-01-2022 20:49:08.0481 PM
[ReportManager] Attempting to run locally on: [Mac-64], [Safari], Headless Execution. @18-01-2022 20:49:08.0481 PM
[ReportManager] An Exception Occured with this Message: Could not start a new session. Possible causes are invalid address of the remote server or browser start-up failure.. @18-01-2022 20:49:08.0491 PM
[ReportManager] Successfully created attachment [Exception Stack Trace - org.openqa.selenium.SessionNotCreatedException] @18-01-2022 20:49:08.0492 PM
[ReportManager] Driver Factory Action [createNewLocalDriverInstanceForSafari] failed. With the following test data [Failed to create a session on DESKTOP_SAFARI]. @18-01-2022 20:49:08.0492 P

################################################################################################################################################
Starting Execution:	[33 out of 162] test cases in the current suite
Test Method:		[unitTests.tests_validations_assertions.assertElementAttribute_false_literalComparison_expectedToFail]
###############################################################################################################################################



################################################################################################################################################
Starting Execution:	[34 out of 162] test cases in the current suite
Test Method:		[unitTests.tests_validations_assertions.assertElementAttribute_false_literalComparison_expectedToPass]
###############################################################################################################################################



################################################################################################################################################
Starting Execution:	[35 out of 162] test cases in the current suite
Test Method:		[unitTests.tests_validations_assertions.assertElementAttribute_false_regexComparison_expectedToFail]
###############################################################################################################################################



################################################################################################################################################
Starting Execution:	[36 out of 162] test cases in the current suite
Test Method:		[unitTests.tests_validations_assertions.assertElementAttribute_false_regexComparison_expectedToPass]
###############################################################################################################################################



################################################################################################################################################
Starting Execution:	[37 out of 162] test cases in the current suite
Test Method:		[unitTests.tests_validations_assertions.assertElementAttribute_true_caseInsensitiveComparison_expectedToFail]
###############################################################################################################################################



################################################################################################################################################
Starting Execution:	[38 out of 162] test cases in the current suite
Test Method:		[unitTests.tests_validations_assertions.assertElementAttribute_true_caseInsensitiveComparison_expectedToPass]
###############################################################################################################################################



################################################################################################################################################
Starting Execution:	[39 out of 162] test cases in the current suite
Test Method:		[unitTests.tests_validations_assertions.assertElementAttribute_true_containsComparison_expectedToFail]
###############################################################################################################################################



################################################################################################################################################
Starting Execution:	[40 out of 162] test cases in the current suite
Test Method:		[unitTests.tests_validations_assertions.assertElementAttribute_true_containsComparison_expectedToPass]
###############################################################################################################################################



################################################################################################################################################
Starting Execution:	[41 out of 162] test cases in the current suite
Test Method:		[unitTests.tests_validations_assertions.assertElementAttribute_true_literalComparison_expectedToFail]
###############################################################################################################################################



################################################################################################################################################
Starting Execution:	[42 out of 162] test cases in the current suite
Test Method:		[unitTests.tests_validations_assertions.assertElementAttribute_true_literalComparison_expectedToPass]
###############################################################################################################################################



################################################################################################################################################
Starting Execution:	[43 out of 162] test cases in the current suite
Test Method:		[unitTests.tests_validations_assertions.assertElementAttribute_true_regexComparison_expectedToFail]
###############################################################################################################################################



################################################################################################################################################
Starting Execution:	[44 out of 162] test cases in the current suite
Test Method:		[unitTests.tests_validations_assertions.assertElementAttribute_true_regexComparison_expectedToPass]
###############################################################################################################################################



################################################################################################################################################
Starting Execution:	[45 out of 162] test cases in the current suite
Test Method:		[unitTests.tests_validations_assertions.assertElementAttribute_type_true_literalComparison_expectedToPass]
###############################################################################################################################################



################################################################################################################################################
Starting Execution:	[46 out of 162] test cases in the current suite
Test Method:		[unitTests.tests_validations_assertions.assertElementExists_false_expectedToFail]
###############################################################################################################################################



################################################################################################################################################
Starting Execution:	[47 out of 162] test cases in the current suite
Test Method:		[unitTests.tests_validations_assertions.assertElementExists_false_expectedToPass]
###############################################################################################################################################



################################################################################################################################################
Starting Execution:	[48 out of 162] test cases in the current suite
Test Method:		[unitTests.tests_validations_assertions.assertElementExists_false_multipleElementsFound_expectedToFail]
###############################################################################################################################################



################################################################################################################################################
Starting Execution:	[49 out of 162] test cases in the current suite
Test Method:		[unitTests.tests_validations_assertions.assertElementExists_true_expectedToFail]
###############################################################################################################################################



################################################################################################################################################
Starting Execution:	[50 out of 162] test cases in the current suite
Test Method:		[unitTests.tests_validations_assertions.assertElementExists_true_expectedToPass]
###############################################################################################################################################



################################################################################################################################################
Starting Execution:	[51 out of 162] test cases in the current suite
Test Method:		[unitTests.tests_validations_assertions.assertElementExists_true_multipleElementsFound_expectedToFail]
###############################################################################################################################################


################################################################################################################################################
Starting Execution:	[52 out of 162] test cases in the current suite
Test Method:		[unitTests.tests_validations_assertions.assertEquals_false_expectedToFail]
###############################################################################################################################################

################################################################################################################################################
Starting Execution:	[53 out of 162] test cases in the current suite
Test Method:		[unitTests.tests_validations_assertions.assertEquals_false_expectedToPass]
###############################################################################################################################################

################################################################################################################################################
Starting Execution:	[54 out of 162] test cases in the current suite
Test Method:		[unitTests.tests_validations_assertions.assertEquals_longCharacters]
###############################################################################################################################################

################################################################################################################################################
Starting Execution:	[55 out of 162] test cases in the current suite
Test Method:		[unitTests.tests_validations_assertions.assertEquals_longCharacters_Discreet]
###############################################################################################################################################

################################################################################################################################################
Starting Execution:	[56 out of 162] test cases in the current suite
Test Method:		[unitTests.tests_validations_assertions.assertEquals_true_expectedToFail]
###############################################################################################################################################

################################################################################################################################################
Starting Execution:	[57 out of 162] test cases in the current suite
Test Method:		[unitTests.tests_validations_assertions.assertEquals_true_expectedToPass]
Test Description:	[Assert that assertEquals works as expected when the two values are equal.]
###############################################################################################################################################

################################################################################################################################################
Starting Execution:	[58 out of 162] test cases in the current suite
Test Method:		[unitTests.tests_validations_assertions.assertEquals_true_expectedToPass__]
###############################################################################################################################################

################################################################################################################################################
Starting Execution:	[59 out of 162] test cases in the current suite
Test Method:		[unitTests.tests_validations_assertions.assertFileExists_false_expectedToFail]
###############################################################################################################################################

################################################################################################################################################
Starting Execution:	[60 out of 162] test cases in the current suite
Test Method:		[unitTests.tests_validations_assertions.assertFileExists_false_expectedToPass]
###############################################################################################################################################

################################################################################################################################################
Starting Execution:	[61 out of 162] test cases in the current suite
Test Method:		[unitTests.tests_validations_assertions.assertFileExists_true_expectedToFail]
###############################################################################################################################################

################################################################################################################################################
Starting Execution:	[62 out of 162] test cases in the current suite
Test Method:		[unitTests.tests_validations_assertions.assertFileExists_true_expectedToPass]
###############################################################################################################################################

################################################################################################################################################
Starting Execution:	[63 out of 162] test cases in the current suite
Test Method:		[unitTests.tests_validations_assertions.assertNull_false_expectedToFail]
###############################################################################################################################################

################################################################################################################################################
Starting Execution:	[64 out of 162] test cases in the current suite
Test Method:		[unitTests.tests_validations_assertions.assertNull_false_expectedToPass]
###############################################################################################################################################

################################################################################################################################################
Starting Execution:	[65 out of 162] test cases in the current suite
Test Method:		[unitTests.tests_validations_assertions.assertNull_true_expectedToFail]
###############################################################################################################################################

################################################################################################################################################
Starting Execution:	[66 out of 162] test cases in the current suite
Test Method:		[unitTests.tests_validations_assertions.assertNull_true_expectedToPass]
###############################################################################################################################################

################################################################################################################################################
Starting Execution:	[67 out of 162] test cases in the current suite
Test Method:		[unitTests.tests_restActions.getPostsAndAssertBodyForSpecificTitle]
################################################################################################################################################
[ReportManager] Response status code: [200], status line: [HTTP/1.1 200 OK] @18-01-2022 20:49:11.0764 PM
[ReportManager] Assertion Passed: Evaluating the actual response status code against the expected one... @18-01-2022 20:49:11.0770 PM
[ReportManager] Assertion [ValidateComparativeRelation] PASSED. Expected [200] and Actual [200]. Comparison Type [EQUALS]. Validation Type [POSITIVE]. @18-01-2022 20:49:11.0770 PM
[ReportManager] API Action [PerformRequest] successfully performed. With the following test data [Request Type: "GET" | Target Status Code: "200" | Service URL: "https://jsonplaceholder.typicode.com/posts" | Content Type: "*/*" | Response Time: "752ms"]. @18-01-2022 20:49:12.0840 PM
[ReportManager] Successfully created attachment [API Request - Specifications] @18-01-2022 20:49:12.0841 PM
[ReportManager] Successfully created attachment [API Response - JSON Body] @18-01-2022 20:49:13.0079 PM
[ReportManager] API Action [GetResponseJSONValueAsList] successfully performed. @18-01-2022 20:49:13.0110 PM
[ReportManager] API Action [GetResponseJSONValue] successfully performed. With the following test data [title]. @18-01-2022 20:49:13.0132 PM
[ReportManager] API Action [GetResponseJSONValue] successfully performed. With the following test data [title]. @18-01-2022 20:49:13.0147 PM
[ReportManager] API Action [GetResponseJSONValue] successfully performed. With the following test data [body]. @18-01-2022 20:49:13.0160 PM
[ReportManager] Assertion [ValidateEquals] PASSED. Expected [qui neque nisi nulla] and Actual [est rerum tempore vitae
sequi sint nihil reprehenderit dolor beatae ea dolores neque
fugiat blanditiis voluptate porro vel nihil molestiae ut reiciendis
qui aperiam non debitis possimus qui neque nisi nulla]. Comparison Type [CONTAINS]. Validation Type [POSITIVE]. @18-01-2022 20:49:13.0161 PM
[ReportManager] API Action [GetResponseJSONValue] successfully performed. With the following test data [title]. @18-01-2022 20:49:13.0175 PM
[ReportManager] API Action [GetResponseJSONValue] successfully performed. With the following test data [title]. @18-01-2022 20:49:13.0189 PM
[ReportManager] API Action [GetResponseJSONValue] successfully performed. With the following test data [title]. @18-01-2022 20:49:13.0205 PM
[ReportManager] API Action [GetResponseJSONValue] successfully performed. With the following test data [title]. @18-01-2022 20:49:13.0219 PM
[ReportManager] API Action [GetResponseJSONValue] successfully performed. With the following test data [title]. @18-01-2022 20:49:13.0233 PM
[ReportManager] API Action [GetResponseJSONValue] successfully performed. With the following test data [title]. @18-01-2022 20:49:13.0247 PM
[ReportManager] API Action [GetResponseJSONValue] successfully performed. With the following test data [title]. @18-01-2022 20:49:13.0261 PM
[ReportManager] API Action [GetResponseJSONValue] successfully performed. With the following test data [title]. @18-01-2022 20:49:13.0275 PM
[ReportManager] API Action [GetResponseJSONValue] successfully performed. With the following test data [title]. @18-01-2022 20:49:13.0290 PM
[ReportManager] API Action [GetResponseJSONValue] successfully performed. With the following test data [title]. @18-01-2022 20:49:13.0305 PM
[ReportManager] API Action [GetResponseJSONValue] successfully performed. With the following test data [title]. @18-01-2022 20:49:13.0326 PM
[ReportManager] API Action [GetResponseJSONValue] successfully performed. With the following test data [title]. @18-01-2022 20:49:13.0344 PM
[ReportManager] API Action [GetResponseJSONValue] successfully performed. With the following test data [title]. @18-01-2022 20:49:13.0360 PM
[ReportManager] API Action [GetResponseJSONValue] successfully performed. With the following test data [title]. @18-01-2022 20:49:13.0375 PM
[ReportManager] API Action [GetResponseJSONValue] successfully performed. With the following test data [title]. @18-01-2022 20:49:13.0391 PM
[ReportManager] API Action [GetResponseJSONValue] successfully performed. With the following test data [title]. @18-01-2022 20:49:13.0407 PM
[ReportManager] API Action [GetResponseJSONValue] successfully performed. With the following test data [title]. @18-01-2022 20:49:13.0420 PM
[ReportManager] API Action [GetResponseJSONValue] successfully performed. With the following test data [title]. @18-01-2022 20:49:13.0432 PM
[ReportManager] API Action [GetResponseJSONValue] successfully performed. With the following test data [title]. @18-01-2022 20:49:13.0459 PM
[ReportManager] API Action [GetResponseJSONValue] successfully performed. With the following test data [title]. @18-01-2022 20:49:13.0470 PM
[ReportManager] API Action [GetResponseJSONValue] successfully performed. With the following test data [title]. @18-01-2022 20:49:13.0482 PM
[ReportManager] API Action [GetResponseJSONValue] successfully performed. With the following test data [title]. @18-01-2022 20:49:13.0495 PM
[ReportManager] API Action [GetResponseJSONValue] successfully performed. With the following test data [title]. @18-01-2022 20:49:13.0507 PM
[ReportManager] API Action [GetResponseJSONValue] successfully performed. With the following test data [title]. @18-01-2022 20:49:13.0521 PM
[ReportManager] API Action [GetResponseJSONValue] successfully performed. With the following test data [title]. @18-01-2022 20:49:13.0534 PM
[ReportManager] API Action [GetResponseJSONValue] successfully performed. With the following test data [title]. @18-01-2022 20:49:13.0546 PM
[ReportManager] API Action [GetResponseJSONValue] successfully performed. With the following test data [title]. @18-01-2022 20:49:13.0558 PM
[ReportManager] API Action [GetResponseJSONValue] successfully performed. With the following test data [title]. @18-01-2022 20:49:13.0571 PM
[ReportManager] API Action [GetResponseJSONValue] successfully performed. With the following test data [title]. @18-01-2022 20:49:13.0584 PM
[ReportManager] API Action [GetResponseJSONValue] successfully performed. With the following test data [title]. @18-01-2022 20:49:13.0596 PM
[ReportManager] API Action [GetResponseJSONValue] successfully performed. With the following test data [title]. @18-01-2022 20:49:13.0607 PM
[ReportManager] API Action [GetResponseJSONValue] successfully performed. With the following test data [title]. @18-01-2022 20:49:13.0619 PM
[ReportManager] API Action [GetResponseJSONValue] successfully performed. With the following test data [title]. @18-01-2022 20:49:13.0631 PM
[ReportManager] API Action [GetResponseJSONValue] successfully performed. With the following test data [title]. @18-01-2022 20:49:13.0642 PM
[ReportManager] API Action [GetResponseJSONValue] successfully performed. With the following test data [title]. @18-01-2022 20:49:13.0654 PM
[ReportManager] API Action [GetResponseJSONValue] successfully performed. With the following test data [title]. @18-01-2022 20:49:13.0665 PM
[ReportManager] API Action [GetResponseJSONValue] successfully performed. With the following test data [title]. @18-01-2022 20:49:13.0676 PM
[ReportManager] API Action [GetResponseJSONValue] successfully performed. With the following test data [title]. @18-01-2022 20:49:13.0687 PM
[ReportManager] API Action [GetResponseJSONValue] successfully performed. With the following test data [title]. @18-01-2022 20:49:13.0699 PM
[ReportManager] API Action [GetResponseJSONValue] successfully performed. With the following test data [title]. @18-01-2022 20:49:13.0710 PM
[ReportManager] API Action [GetResponseJSONValue] successfully performed. With the following test data [title]. @18-01-2022 20:49:13.0720 PM
[ReportManager] API Action [GetResponseJSONValue] successfully performed. With the following test data [title]. @18-01-2022 20:49:13.0732 PM
[ReportManager] API Action [GetResponseJSONValue] successfully performed. With the following test data [title]. @18-01-2022 20:49:13.0743 PM
[ReportManager] API Action [GetResponseJSONValue] successfully performed. With the following test data [title]. @18-01-2022 20:49:13.0754 PM
[ReportManager] API Action [GetResponseJSONValue] successfully performed. With the following test data [title]. @18-01-2022 20:49:13.0765 PM
[ReportManager] API Action [GetResponseJSONValue] successfully performed. With the following test data [title]. @18-01-2022 20:49:13.0776 PM
[ReportManager] API Action [GetResponseJSONValue] successfully performed. With the following test data [title]. @18-01-2022 20:49:13.0787 PM
[ReportManager] API Action [GetResponseJSONValue] successfully performed. With the following test data [title]. @18-01-2022 20:49:13.0797 PM
[ReportManager] API Action [GetResponseJSONValue] successfully performed. With the following test data [title]. @18-01-2022 20:49:13.0808 PM
[ReportManager] API Action [GetResponseJSONValue] successfully performed. With the following test data [title]. @18-01-2022 20:49:13.0819 PM
[ReportManager] API Action [GetResponseJSONValue] successfully performed. With the following test data [title]. @18-01-2022 20:49:13.0832 PM
[ReportManager] API Action [GetResponseJSONValue] successfully performed. With the following test data [title]. @18-01-2022 20:49:13.0844 PM
[ReportManager] API Action [GetResponseJSONValue] successfully performed. With the following test data [title]. @18-01-2022 20:49:13.0858 PM
[ReportManager] API Action [GetResponseJSONValue] successfully performed. With the following test data [title]. @18-01-2022 20:49:13.0871 PM
[ReportManager] API Action [GetResponseJSONValue] successfully performed. With the following test data [title]. @18-01-2022 20:49:13.0884 PM
[ReportManager] API Action [GetResponseJSONValue] successfully performed. With the following test data [title]. @18-01-2022 20:49:13.0897 PM
[ReportManager] API Action [GetResponseJSONValue] successfully performed. With the following test data [title]. @18-01-2022 20:49:13.0910 PM
[ReportManager] API Action [GetResponseJSONValue] successfully performed. With the following test data [title]. @18-01-2022 20:49:13.0924 PM
[ReportManager] API Action [GetResponseJSONValue] successfully performed. With the following test data [title]. @18-01-2022 20:49:13.0937 PM
[ReportManager] API Action [GetResponseJSONValue] successfully performed. With the following test data [title]. @18-01-2022 20:49:13.0966 PM
[ReportManager] API Action [GetResponseJSONValue] successfully performed. With the following test data [title]. @18-01-2022 20:49:13.0977 PM
[ReportManager] API Action [GetResponseJSONValue] successfully performed. With the following test data [title]. @18-01-2022 20:49:13.0989 PM
[ReportManager] API Action [GetResponseJSONValue] successfully performed. With the following test data [title]. @18-01-2022 20:49:13.0999 PM
[ReportManager] API Action [GetResponseJSONValue] successfully performed. With the following test data [title]. @18-01-2022 20:49:14.0011 PM
[ReportManager] API Action [GetResponseJSONValue] successfully performed. With the following test data [title]. @18-01-2022 20:49:14.0022 PM
[ReportManager] API Action [GetResponseJSONValue] successfully performed. With the following test data [title]. @18-01-2022 20:49:14.0032 PM
[ReportManager] API Action [GetResponseJSONValue] successfully performed. With the following test data [title]. @18-01-2022 20:49:14.0043 PM
[ReportManager] API Action [GetResponseJSONValue] successfully performed. With the following test data [title]. @18-01-2022 20:49:14.0054 PM
[ReportManager] API Action [GetResponseJSONValue] successfully performed. With the following test data [title]. @18-01-2022 20:49:14.0065 PM
[ReportManager] API Action [GetResponseJSONValue] successfully performed. With the following test data [title]. @18-01-2022 20:49:14.0077 PM
[ReportManager] API Action [GetResponseJSONValue] successfully performed. With the following test data [title]. @18-01-2022 20:49:14.0087 PM
[ReportManager] API Action [GetResponseJSONValue] successfully performed. With the following test data [title]. @18-01-2022 20:49:14.0098 PM
[ReportManager] API Action [GetResponseJSONValue] successfully performed. With the following test data [title]. @18-01-2022 20:49:14.0108 PM
[ReportManager] API Action [GetResponseJSONValue] successfully performed. With the following test data [title]. @18-01-2022 20:49:14.0118 PM
[ReportManager] API Action [GetResponseJSONValue] successfully performed. With the following test data [title]. @18-01-2022 20:49:14.0130 PM
[ReportManager] API Action [GetResponseJSONValue] successfully performed. With the following test data [title]. @18-01-2022 20:49:14.0141 PM
[ReportManager] API Action [GetResponseJSONValue] successfully performed. With the following test data [title]. @18-01-2022 20:49:14.0153 PM
[ReportManager] API Action [GetResponseJSONValue] successfully performed. With the following test data [title]. @18-01-2022 20:49:14.0164 PM
[ReportManager] API Action [GetResponseJSONValue] successfully performed. With the following test data [title]. @18-01-2022 20:49:14.0175 PM
[ReportManager] API Action [GetResponseJSONValue] successfully performed. With the following test data [title]. @18-01-2022 20:49:14.0185 PM
[ReportManager] API Action [GetResponseJSONValue] successfully performed. With the following test data [title]. @18-01-2022 20:49:14.0196 PM
[ReportManager] API Action [GetResponseJSONValue] successfully performed. With the following test data [title]. @18-01-2022 20:49:14.0207 PM
[ReportManager] API Action [GetResponseJSONValue] successfully performed. With the following test data [title]. @18-01-2022 20:49:14.0218 PM
[ReportManager] API Action [GetResponseJSONValue] successfully performed. With the following test data [title]. @18-01-2022 20:49:14.0229 PM
[ReportManager] API Action [GetResponseJSONValue] successfully performed. With the following test data [title]. @18-01-2022 20:49:14.0239 PM
[ReportManager] API Action [GetResponseJSONValue] successfully performed. With the following test data [title]. @18-01-2022 20:49:14.0250 PM
[ReportManager] API Action [GetResponseJSONValue] successfully performed. With the following test data [title]. @18-01-2022 20:49:14.0260 PM
[ReportManager] API Action [GetResponseJSONValue] successfully performed. With the following test data [title]. @18-01-2022 20:49:14.0270 PM
[ReportManager] API Action [GetResponseJSONValue] successfully performed. With the following test data [title]. @18-01-2022 20:49:14.0281 PM
[ReportManager] API Action [GetResponseJSONValue] successfully performed. With the following test data [title]. @18-01-2022 20:49:14.0293 PM
[ReportManager] API Action [GetResponseJSONValue] successfully performed. With the following test data [title]. @18-01-2022 20:49:14.0304 PM
[ReportManager] API Action [GetResponseJSONValue] successfully performed. With the following test data [title]. @18-01-2022 20:49:14.0315 PM
[ReportManager] API Action [GetResponseJSONValue] successfully performed. With the following test data [title]. @18-01-2022 20:49:14.0326 PM
[ReportManager] API Action [GetResponseJSONValue] successfully performed. With the following test data [title]. @18-01-2022 20:49:14.0337 PM
[ReportManager] API Action [GetResponseJSONValue] successfully performed. With the following test data [title]. @18-01-2022 20:49:14.0347 PM
[ReportManager] API Action [GetResponseJSONValue] successfully performed. With the following test data [title]. @18-01-2022 20:49:14.0358 PM
[ReportManager] API Action [GetResponseJSONValue] successfully performed. With the following test data [title]. @18-01-2022 20:49:14.0369 PM
[ReportManager] API Action [GetResponseJSONValue] successfully performed. With the following test data [title]. @18-01-2022 20:49:14.0379 P

################################################################################################################################################
Starting Execution:	[68 out of 162] test cases in the current suite
Test Method:		[unitTests.tests_restActions.validateUserEmail]
################################################################################################################################################
[ReportManager] Response status code: [200], status line: [HTTP/1.1 200 OK] @18-01-2022 20:49:14.0427 PM
[ReportManager] Assertion Passed: Evaluating the actual response status code against the expected one... @18-01-2022 20:49:14.0427 PM
[ReportManager] Assertion [ValidateComparativeRelation] PASSED. Expected [200] and Actual [200]. Comparison Type [EQUALS]. Validation Type [POSITIVE]. @18-01-2022 20:49:14.0427 PM
[ReportManager] API Action [PerformRequest] successfully performed. With the following test data [Request Type: "GET" | Target Status Code: "200" | Service URL: "https://jsonplaceholder.typicode.com/users" | Content Type: "*/*" | Response Time: "39ms"]. @18-01-2022 20:49:14.0448 PM
[ReportManager] Successfully created attachment [API Request - Specifications] @18-01-2022 20:49:14.0449 PM
[ReportManager] Successfully created attachment [API Response - JSON Body] @18-01-2022 20:49:14.0449 PM
[ReportManager] Assertion [ValidateEquals] PASSED. Expected and Actual values are attached. Comparison Type [CONTAINS]. Validation Type [POSITIVE]. @18-01-2022 20:49:14.0450 PM
[ReportManager] Successfully created attachment [Validation Test Data - Expected Value] @18-01-2022 20:49:14.0450 PM
[ReportManager] Successfully created attachment [Validation Test Data - Actual Value] @18-01-2022 20:49:14.0451 PM
[ReportManager] API Action [GetResponseJSONValueAsList] successfully performed. With the following test data [$]. @18-01-2022 20:49:14.0459 PM
[ReportManager] API Action [GetResponseJSONValue] successfully performed. With the following test data [name]. @18-01-2022 20:49:14.0470 PM
[ReportManager] API Action [GetResponseJSONValue] successfully performed. With the following test data [email]. @18-01-2022 20:49:14.0481 PM
[ReportManager] Assertion [ValidateEquals] PASSED. Expected [Sincere@april.biz] and Actual [Sincere@april.biz]. Comparison Type [EQUALS]. Validation Type [POSITIVE]. @18-01-2022 20:49:14.0481 PM
[ReportManager] API Action [GetResponseJSONValue] successfully performed. With the following test data [name]. @18-01-2022 20:49:14.0491 PM
[ReportManager] API Action [GetResponseJSONValue] successfully performed. With the following test data [name]. @18-01-2022 20:49:14.0502 PM
[ReportManager] API Action [GetResponseJSONValue] successfully performed. With the following test data [name]. @18-01-2022 20:49:14.0513 PM
[ReportManager] API Action [GetResponseJSONValue] successfully performed. With the following test data [name]. @18-01-2022 20:49:14.0524 PM
[ReportManager] API Action [GetResponseJSONValue] successfully performed. With the following test data [name]. @18-01-2022 20:49:14.0534 PM
[ReportManager] API Action [GetResponseJSONValue] successfully performed. With the following test data [name]. @18-01-2022 20:49:14.0556 PM
[ReportManager] API Action [GetResponseJSONValue] successfully performed. With the following test data [name]. @18-01-2022 20:49:14.0569 PM
[ReportManager] API Action [GetResponseJSONValue] successfully performed. With the following test data [name]. @18-01-2022 20:49:14.0580 PM
[ReportManager] API Action [GetResponseJSONValue] successfully performed. With the following test data [name]. @18-01-2022 20:49:14.0592 P
[ReportManager] File Action [GetAbsolutePath] successfully performed. With the following test data [Relative Folder Path: "target/downloadedFiles/"]. @18-01-2022 20:49:14.0596 PM
[ReportManager] Attempting to run locally on: [Mac-64], [Safari], Headless Execution. @18-01-2022 20:49:14.0596 PM
[ReportManager] Successfully Opened Safari. @18-01-2022 20:49:15.0473 PM
[ReportManager] Initial window size: (800, 600) @18-01-2022 20:49:15.0505 PM
[ReportManager] Window size after SWD Maximize: (1176, 803) @18-01-2022 20:49:15.0529 PM
[ReportManager] Browser Action [MaximizeWindow] successfully performed. With the following test data [New screen size is now: (1176, 803)]. @18-01-2022 20:49:15.0530 P

################################################################################################################################################
Starting Execution:	[69 out of 162] test cases in the current suite
Test Method:		[testPackage01.Test_uploadFile.uploadFile_invisibleUploadInput]
################################################################################################################################################
[ReportManager] Target URL: [https://fineuploader.com/demos.html#gallery-view] @18-01-2022 20:49:15.0532 PM
[ReportManager] Initial URL: [] @18-01-2022 20:49:15.0581 PM
[ReportManager] Browser Action [NavigateToURL] successfully performed. With the following test data [https://fineuploader.com/demos.html#gallery-view]. @18-01-2022 20:49:16.0932 PM
[ReportManager] File Action [GetAbsolutePath] successfully performed. With the following test data [Relative File Path: "src/main/resources/images/shaft.png"]. @18-01-2022 20:49:16.0932 PM
[ReportManager] Successfully created attachment [File Action Actual Result - Command Log] @18-01-2022 20:49:16.0984 PM
[ReportManager] Element Action [TypeFileLocationForUpload] successfully performed. With the following test data [/Users/runner/work/SHAFT_ENGINE/SHAFT_ENGINE/src/main/resources/images/shaft.png]. @18-01-2022 20:49:17.0079 PM
[ReportManager] Attempting to getAttribute [src] from elementLocator [By.xpath: //div[@id='fine-uploader-gallery']//div[@class='qq-thumbnail-wrapper']/img]. @18-01-2022 20:49:17.0081 PM
[ReportManager] Element Action [GetAttribute] successfully performed. @18-01-2022 20:49:17.0182 PM
[ReportManager] Successfully created attachment [Element Action Test Data - GetAttribute - Actual Value] @18-01-2022 20:49:17.0183 PM
[ReportManager] Assertion Passed: Then I Assert that the element found by [By.xpath: //div[@id='fine-uploader-gallery']//div[@class='qq-thumbnail-wrapper']/img] attribute [src] contains [data:image/png;base64]. @18-01-2022 20:49:17.0413 PM
[ReportManager] Successfully created attachment [Validation Test Data - Expected Value] @18-01-2022 20:49:17.0414 PM
[ReportManager] Successfully created attachment [Validation Test Data - Actual Value] @18-01-2022 20:49:17.0414 PM
[ReportManager] Successfully created attachment [Screenshot - 1642538957325_uploadFile_invisibleUploadInput_ValidateElementAttribute_passed] @18-01-2022 20:49:17.0416 PM
[ReportManager] Assertion [ValidateElementAttribute] PASSED. Expected and Actual values are attached. Comparison Type [CONTAINS]. Validation Type [POSITIVE]. @18-01-2022 20:49:17.0416 P
[ReportManager] Browser Action [CloseCurrentWindow] successfully performed. @18-01-2022 20:49:17.0614 PM
[ReportManager] Successfully created attachment [Browser Action Test Data - CloseCurrentWindow - Actual Value] @18-01-2022 20:49:17.0616 P
[ReportManager] File Action [GetAbsolutePath] successfully performed. With the following test data [Relative Folder Path: "target/downloadedFiles/"]. @18-01-2022 20:49:17.0621 PM
[ReportManager] Attempting to run locally on: [Mac-64], [Safari], Headless Execution. @18-01-2022 20:49:17.0622 PM
[ReportManager] Successfully Opened Safari. @18-01-2022 20:49:18.0620 PM
[ReportManager] Initial window size: (800, 600) @18-01-2022 20:49:18.0650 PM
[ReportManager] Window size after SWD Maximize: (1176, 803) @18-01-2022 20:49:18.0669 PM
[ReportManager] Browser Action [MaximizeWindow] successfully performed. With the following test data [New screen size is now: (1176, 803)]. @18-01-2022 20:49:18.0670 P

################################################################################################################################################
Starting Execution:	[70 out of 162] test cases in the current suite
Test Method:		[testPackage01.Test_uploadFile.uploadFile_visibleUploadInput]
################################################################################################################################################
[ReportManager] Target URL: [https://demo.guru99.com/test/upload/] @18-01-2022 20:49:18.0673 PM
[ReportManager] Initial URL: [] @18-01-2022 20:49:18.0736 PM
[ReportManager] Browser Action [NavigateToURL] successfully performed. With the following test data [https://demo.guru99.com/test/upload/]. @18-01-2022 20:49:20.0785 PM
[ReportManager] File Action [GetAbsolutePath] successfully performed. With the following test data [Relative Folder Path: "src/main/resources/images/shaft.png"]. @18-01-2022 20:49:20.0785 PM
[ReportManager] Element Action [TypeFileLocationForUpload] successfully performed. With the following test data [/Users/runner/work/SHAFT_ENGINE/SHAFT_ENGINE/src/main/resources/images/shaft.png]. @18-01-2022 20:49:20.0861 PM
[ReportManager] Element Action [Click] successfully performed. With the following test data [By.id: terms]. @18-01-2022 20:49:21.0991 PM
[ReportManager] Element Action [Click] successfully performed. With the following test data [By.id: submitbutton]. @18-01-2022 20:49:22.0201 PM
[ReportManager] Element Action [GetText] successfully performed. With the following test data [1 file has been successfully uploaded.]. @18-01-2022 20:49:22.0811 PM
[ReportManager] Assertion Passed: Then I Assert that the element found by [By.id: res] attribute [Text] contains [1 file]. @18-01-2022 20:49:23.0079 PM
[ReportManager] Successfully created attachment [Screenshot - 1642538963013_uploadFile_visibleUploadInput_ValidateElementAttribute_passed] @18-01-2022 20:49:23.0081 PM
[ReportManager] Assertion [ValidateElementAttribute] PASSED. Expected [Value Should be '1 file' for the 'Text' attribute, element locator 'By.id: res'] and Actual [1 file has been successfully uploaded.]. Comparison Type [CONTAINS]. Validation Type [POSITIVE]. @18-01-2022 20:49:23.0081 P
[ReportManager] Browser Action [CloseCurrentWindow] successfully performed. @18-01-2022 20:49:23.0235 PM
[ReportManager] Successfully created attachment [Browser Action Test Data - CloseCurrentWindow - Actual Value] @18-01-2022 20:49:23.0236 P

################################################################################################################################################
Starting Execution:	[71 out of 162] test cases in the current suite
Test Method:		[testPackage01.Test_AssertApiResponseEquals.assertApiResponseEquals_expectedToPass]
################################################################################################################################################
[ReportManager] Response status code: [200], status line: [HTTP/1.1 200 OK] @18-01-2022 20:49:23.0297 PM
[ReportManager] Assertion Passed: Evaluating the actual response status code against the expected one... @18-01-2022 20:49:23.0298 PM
[ReportManager] Assertion [ValidateComparativeRelation] PASSED. Expected [200] and Actual [200]. Comparison Type [EQUALS]. Validation Type [POSITIVE]. @18-01-2022 20:49:23.0298 PM
[ReportManager] API Action [PerformRequest] successfully performed. With the following test data [Request Type: "GET" | Target Status Code: "200" | Service URL: "https://jsonplaceholder.typicode.com/users" | Content Type: "*/*" | Response Time: "50ms"]. @18-01-2022 20:49:23.0328 PM
[ReportManager] Successfully created attachment [API Request - Specifications] @18-01-2022 20:49:23.0329 PM
[ReportManager] Successfully created attachment [API Response - JSON Body] @18-01-2022 20:49:23.0330 PM
[ReportManager] API Action [GetResponseJSONValueAsList] successfully performed. With the following test data [$]. @18-01-2022 20:49:23.0339 PM
[ReportManager] API Action [GetResponseJSONValue] successfully performed. With the following test data [name]. @18-01-2022 20:49:23.0353 PM
[ReportManager] API Action [GetResponseJSONValue] successfully performed. With the following test data [email]. @18-01-2022 20:49:23.0369 PM
[ReportManager] Verification [ValidateEquals] PASSED. Expected [Sincere@april.biz] and Actual [Sincere@april.biz]. Comparison Type [EQUALS]. Validation Type [POSITIVE]. @18-01-2022 20:49:23.0370 PM
[ReportManager] API Action [GetResponseJSONValue] successfully performed. With the following test data [username]. @18-01-2022 20:49:23.0384 PM
[ReportManager] Assertion [ValidateEquals] PASSED. Expected [Bret] and Actual [Bret]. Comparison Type [EQUALS]. Validation Type [POSITIVE]. @18-01-2022 20:49:23.0385 PM
[ReportManager] API Action [GetResponseJSONValue] successfully performed. With the following test data [name]. @18-01-2022 20:49:23.0399 PM
[ReportManager] API Action [GetResponseJSONValue] successfully performed. With the following test data [name]. @18-01-2022 20:49:23.0411 PM
[ReportManager] API Action [GetResponseJSONValue] successfully performed. With the following test data [name]. @18-01-2022 20:49:23.0423 PM
[ReportManager] API Action [GetResponseJSONValue] successfully performed. With the following test data [name]. @18-01-2022 20:49:23.0435 PM
[ReportManager] API Action [GetResponseJSONValue] successfully performed. With the following test data [name]. @18-01-2022 20:49:23.0447 PM
[ReportManager] API Action [GetResponseJSONValue] successfully performed. With the following test data [name]. @18-01-2022 20:49:23.0459 PM
[ReportManager] API Action [GetResponseJSONValue] successfully performed. With the following test data [name]. @18-01-2022 20:49:23.0472 PM
[ReportManager] API Action [GetResponseJSONValue] successfully performed. With the following test data [name]. @18-01-2022 20:49:23.0485 PM
[ReportManager] API Action [GetResponseJSONValue] successfully performed. With the following test data [name]. @18-01-2022 20:49:23.0499 P
[ReportManager] File Action [GetAbsolutePath] successfully performed. With the following test data [Relative Folder Path: "target/downloadedFiles/"]. @18-01-2022 20:49:23.0502 PM
[ReportManager] Attempting to run locally on: [Mac-64], [Safari], Headless Execution. @18-01-2022 20:49:23.0502 PM
[ReportManager] Successfully Opened Safari. @18-01-2022 20:49:24.0341 PM
[ReportManager] Initial window size: (800, 600) @18-01-2022 20:49:24.0363 PM
[ReportManager] Window size after SWD Maximize: (1176, 803) @18-01-2022 20:49:24.0378 PM
[ReportManager] Browser Action [MaximizeWindow] successfully performed. With the following test data [New screen size is now: (1176, 803)]. @18-01-2022 20:49:24.0379 PM
[ReportManager] Target URL: [http://the-internet.herokuapp.com/javascript_alerts] @18-01-2022 20:49:24.0379 PM
[ReportManager] Initial URL: [] @18-01-2022 20:49:24.0428 PM
[ReportManager] Browser Action [NavigateToURL] successfully performed. With the following test data [http://the-internet.herokuapp.com/javascript_alerts]. @18-01-2022 20:49:24.0752 P

################################################################################################################################################
Starting Execution:	[72 out of 162] test cases in the current suite
Test Method:		[testPackage01.TestJSPromptBox.dismissAlert]
################################################################################################################################################
[ReportManager] Element Action [Click] successfully performed. With the following test data [By.xpath: //button[contains(text(),'Click for JS Prompt')]]. @18-01-2022 20:49:25.0050 PM
[ReportManager] Alert is present @18-01-2022 20:49:25.0065 PM
[ReportManager] Element Action [DismissAlert] successfully performed. @18-01-2022 20:49:25.0082 P

################################################################################################################################################
Starting Execution:	[73 out of 162] test cases in the current suite
Test Method:		[testPackage01.TestJSPromptBox.assertOnCancelAlertResultText]
################################################################################################################################################
[ReportManager] Element Action [GetText] successfully performed. With the following test data [You entered: null]. @18-01-2022 20:49:25.0158 PM
[ReportManager] Assertion Passed: Then I Assert that the element found by [By.id: result] attribute [TEXT] is equal to [You entered: null]. @18-01-2022 20:49:25.0314 PM
[ReportManager] Successfully created attachment [Screenshot - 1642538965247_assertOnCancelAlertResultText_ValidateElementAttribute_passed] @18-01-2022 20:49:25.0315 PM
[ReportManager] Assertion [ValidateElementAttribute] PASSED. Expected [Value Should be 'You entered: null' for the 'text' attribute, element locator 'By.id: result'] and Actual [You entered: null]. Comparison Type [EQUALS]. Validation Type [POSITIVE]. @18-01-2022 20:49:25.0315 P

################################################################################################################################################
Starting Execution:	[74 out of 162] test cases in the current suite
Test Method:		[testPackage01.TestJSPromptBox.getAlertText]
################################################################################################################################################
[ReportManager] Element Action [Click] successfully performed. With the following test data [By.xpath: //button[contains(text(),'Click for JS Prompt')]]. @18-01-2022 20:49:25.0594 PM
[ReportManager] Alert is present @18-01-2022 20:49:25.0618 PM
[ReportManager] Alert Text is: [I am a JS prompt] @18-01-2022 20:49:25.0624 PM
[ReportManager] Element Action [GetAlertText] successfully performed. @18-01-2022 20:49:25.0625 PM
[ReportManager] Alert text is: [I am a JS prompt] @18-01-2022 20:49:25.0627 PM
[ReportManager] Alert is present @18-01-2022 20:49:25.0644 PM
[ReportManager] Alert Text is: [I am a JS prompt] @18-01-2022 20:49:25.0651 PM
[ReportManager] Element Action [GetAlertText] successfully performed. @18-01-2022 20:49:25.0652 PM
[ReportManager] Assertion Passed: Then I Assert that [I am a JS prompt] is equal to [I am a JS prompt]. @18-01-2022 20:49:25.0652 PM
[ReportManager] Assertion [ValidateEquals] PASSED. Expected [I am a JS prompt] and Actual [I am a JS prompt]. Comparison Type [EQUALS]. Validation Type [POSITIVE]. @18-01-2022 20:49:25.0652 P

################################################################################################################################################
Starting Execution:	[75 out of 162] test cases in the current suite
Test Method:		[testPackage01.TestJSPromptBox.acceptPromptAlertWithoutTypingTextMessage]
################################################################################################################################################
[ReportManager] Alert is not present @18-01-2022 20:49:55.0726 PM
[ReportManager] Element Action [WaitForAlertToBePresent] failed. @18-01-2022 20:49:55.0830 PM
[ReportManager] Successfully created attachment [Screenshot - 1642538995749_acceptPromptAlertWithoutTypingTextMessage_WaitForAlertToBePresent_failed] @18-01-2022 20:49:55.0830 P

################################################################################################################################################
Starting Execution:	[76 out of 162] test cases in the current suite
Test Method:		[testPackage01.TestJSPromptBox.assertOnConfirmPromptAlertWithoutTypingTextMessageResultText]
###############################################################################################################################################

################################################################################################################################################
Starting Execution:	[77 out of 162] test cases in the current suite
Test Method:		[testPackage01.TestJSPromptBox.acceptPromptAlertWithTextMessage]
###############################################################################################################################################

################################################################################################################################################
Starting Execution:	[78 out of 162] test cases in the current suite
Test Method:		[testPackage01.TestJSPromptBox.assertOnConfirmPromptAlertWithTextMessageResultText]
###############################################################################################################################################
[ReportManager] Browser Action [CloseCurrentWindow] successfully performed. @18-01-2022 20:49:56.0040 PM
[ReportManager] Successfully created attachment [Browser Action Test Data - CloseCurrentWindow - Actual Value] @18-01-2022 20:49:56.0041 P

################################################################################################################################################
Starting Execution:	[79 out of 162] test cases in the current suite
Test Method:		[testPackage01.Test_testData.f]
################################################################################################################################################
[ReportManager] Successfully loaded the following test data file [src/test/resources/testDataFiles/testSuite01/TestData.xlsx]. @18-01-2022 20:49:56.0077 PM
[ReportManager] Successfully created attachment [Test Data - Excel] @18-01-2022 20:49:56.0077 PM
[ReportManager] Last Column Number is: [3]. Zero-based. @18-01-2022 20:49:56.0078 P

################################################################################################################################################
Starting Execution:	[80 out of 162] test cases in the current suite
Test Method:		[testPackage01.Test_PDF.testPDF1]
################################################################################################################################################
[ReportManager] File Action [DoesFileExist] successfully performed. With the following test data [File Path: "src/test/resources/testDataFiles/sample.pdf"]. @18-01-2022 20:49:56.0085 PM
[ReportManager] File Action [GetAbsolutePath] successfully performed. With the following test data [Relative Folder Path: "src/test/resources/testDataFiles/sample.pdf"]. @18-01-2022 20:49:56.0086 PM
[ReportManager] Assertion Passed: Checking to see that the pdf file contains [A Simple PDF File] @18-01-2022 20:50:00.0252 PM
[ReportManager] Successfully created attachment [Validation Test Data - Expected Value] @18-01-2022 20:50:00.0253 PM
[ReportManager] Successfully created attachment [Validation Test Data - Actual Value] @18-01-2022 20:50:00.0253 PM
[ReportManager] Assertion [ValidateEquals] PASSED. Expected and Actual values are attached. Comparison Type [CONTAINS]. Validation Type [POSITIVE]. @18-01-2022 20:50:00.0253 P

################################################################################################################################################
Starting Execution:	[81 out of 162] test cases in the current suite
Test Method:		[testPackage01.Test_PDF.testPDF2]
################################################################################################################################################
[ReportManager] File Action [DoesFileExist] successfully performed. With the following test data [File Path: "src/test/resources/testDataFiles/sample.pdf"]. @18-01-2022 20:50:00.0258 PM
[ReportManager] File Action [GetAbsolutePath] successfully performed. With the following test data [Relative Folder Path: "src/test/resources/testDataFiles/sample.pdf"]. @18-01-2022 20:50:00.0258 PM
[ReportManager] Assertion Passed: Checking to see that the pdf file contains [A Simple PDF File] @18-01-2022 20:50:00.0272 PM
[ReportManager] Successfully created attachment [Validation Test Data - Expected Value] @18-01-2022 20:50:00.0273 PM
[ReportManager] Successfully created attachment [Validation Test Data - Actual Value] @18-01-2022 20:50:00.0273 PM
[ReportManager] Assertion [ValidateEquals] PASSED. Expected and Actual values are attached. Comparison Type [CONTAINS]. Validation Type [POSITIVE]. @18-01-2022 20:50:00.0273 P
[ReportManager] File Action [GetAbsolutePath] successfully performed. With the following test data [Relative Folder Path: "target/downloadedFiles/"]. @18-01-2022 20:50:00.0276 PM
[ReportManager] Attempting to run locally on: [Mac-64], [Safari], Headless Execution. @18-01-2022 20:50:00.0276 PM
[ReportManager] Successfully Opened Safari. @18-01-2022 20:50:01.0115 PM
[ReportManager] Initial window size: (800, 600) @18-01-2022 20:50:01.0142 PM
[ReportManager] Window size after SWD Maximize: (1176, 803) @18-01-2022 20:50:01.0168 PM
[ReportManager] Browser Action [MaximizeWindow] successfully performed. With the following test data [New screen size is now: (1176, 803)]. @18-01-2022 20:50:01.0168 P

################################################################################################################################################
Starting Execution:	[82 out of 162] test cases in the current suite
Test Method:		[testPackage01.Test_ShadowDOM.shadowdom]
################################################################################################################################################
[ReportManager] Target URL: [https://mdn.github.io/web-components-examples/popup-info-box-web-component/] @18-01-2022 20:50:01.0203 PM
[ReportManager] Initial URL: [] @18-01-2022 20:50:01.0231 PM
[ReportManager] Browser Action [NavigateToURL] successfully performed. With the following test data [https://mdn.github.io/web-components-examples/popup-info-box-web-component/]. @18-01-2022 20:50:01.0480 PM
[ReportManager] Element Action [Type] successfully performed. With the following test data [Typing into SHADOW DOM...]. @18-01-2022 20:50:01.0823 PM
[ReportManager] Element Action [GetText] successfully performed. With the following test data [Typing into SHADOW DOM...]. @18-01-2022 20:50:01.0897 PM
[ReportManager] Assertion [ValidateElementAttribute] PASSED. Expected [Value Should be 'Typing into SHADOW DOM...' for the 'Text' attribute, element locator 'By.id: cvc'] and Actual [Typing into SHADOW DOM...]. Comparison Type [EQUALS]. Validation Type [POSITIVE]. @18-01-2022 20:50:02.0057 PM
[ReportManager] Successfully created attachment [Screenshot - 1642539001968_shadowdom_ValidateElementAttribute_passed] @18-01-2022 20:50:02.0058 P
[ReportManager] Browser Action [CloseCurrentWindow] successfully performed. @18-01-2022 20:50:02.0401 PM
[ReportManager] Successfully created attachment [Browser Action Test Data - CloseCurrentWindow - Actual Value] @18-01-2022 20:50:02.0401 P
[ReportManager] File Action [GetAbsolutePath] successfully performed. With the following test data [Relative Folder Path: "target/downloadedFiles/"]. @18-01-2022 20:50:02.0403 PM
[ReportManager] Attempting to run locally on: [Mac-64], [Safari], Headless Execution. @18-01-2022 20:50:02.0404 PM
[ReportManager] Successfully Opened Safari. @18-01-2022 20:50:03.0232 PM
[ReportManager] Initial window size: (800, 600) @18-01-2022 20:50:03.0242 PM
[ReportManager] Window size after SWD Maximize: (1176, 803) @18-01-2022 20:50:03.0260 PM
[ReportManager] Browser Action [MaximizeWindow] successfully performed. With the following test data [New screen size is now: (1176, 803)]. @18-01-2022 20:50:03.0261 P

################################################################################################################################################
Starting Execution:	[83 out of 162] test cases in the current suite
Test Method:		[testPackage01.Test_clipboardActions.typeTextAndCopyPaste]
################################################################################################################################################
[ReportManager] Target URL: [https://www.google.com/ncr], and after redirection: [https://www.google.com] @18-01-2022 20:50:03.0263 PM
[ReportManager] Initial URL: [] @18-01-2022 20:50:03.0306 PM
[ReportManager] Browser Action [NavigateToURL] successfully performed. With the following test data [https://www.google.com/ncr]. @18-01-2022 20:50:04.0504 PM
[ReportManager] Element Action [Type] successfully performed. With the following test data [FIRST]. @18-01-2022 20:50:04.0817 P
[ReportManager] Browser Action [CloseCurrentWindow] successfully performed. @18-01-2022 20:50:05.0192 PM
[ReportManager] Successfully created attachment [Browser Action Test Data - CloseCurrentWindow - Actual Value] @18-01-2022 20:50:05.0193 P
[ReportManager] File Action [GetAbsolutePath] successfully performed. With the following test data [Relative Folder Path: "target/downloadedFiles/"]. @18-01-2022 20:50:05.0195 PM
[ReportManager] Attempting to run locally on: [Mac-64], [Safari], Headless Execution. @18-01-2022 20:50:05.0195 PM
[ReportManager] An Exception Occured with this Message: Could not start a new session. Possible causes are invalid address of the remote server or browser start-up failure.. @18-01-2022 20:50:05.0319 PM
[ReportManager] Successfully created attachment [Exception Stack Trace - org.openqa.selenium.SessionNotCreatedException] @18-01-2022 20:50:05.0320 PM
[ReportManager] Driver Factory Action [createNewLocalDriverInstanceForSafari] failed. With the following test data [Failed to create a session on DESKTOP_SAFARI]. @18-01-2022 20:50:05.0320 P

################################################################################################################################################
Starting Execution:	[84 out of 162] test cases in the current suite
Test Method:		[testPackage01.TestJSAlertBox.getJSAlertText]
###############################################################################################################################################

################################################################################################################################################
Starting Execution:	[85 out of 162] test cases in the current suite
Test Method:		[testPackage01.TestJSAlertBox.acceptAlert]
###############################################################################################################################################

################################################################################################################################################
Starting Execution:	[86 out of 162] test cases in the current suite
Test Method:		[testPackage01.TestJSAlertBox.assertOnConfirmAlertResultText]
###############################################################################################################################################


################################################################################################################################################
Starting Execution:	[87 out of 162] test cases in the current suite
Test Method:		[testPackage01.Test_checkJDKShellFilesGenerated.testJDKGeneratedSuccessfully]
################################################################################################################################################
[ReportManager] Configuring JDK @18-01-2022 20:50:05.0332 PM
[ReportManager] File Action [GetAbsolutePath] successfully performed. With the following test data [Relative File Path: "generateJdkMac.sh"]. @18-01-2022 20:50:05.0333 PM
[ReportManager] File Action [WriteToFile] successfully performed. With the following test data [Target File Path: "/Users/runner/work/SHAFT_ENGINE/SHAFT_ENGINE/generateJdkMac.sh"]. @18-01-2022 20:50:05.0334 PM
[ReportManager] Attempting to perform the following command locally. Command: [chmod u+x generateJdk.sh] @18-01-2022 20:50:05.0334 PM
[ReportManager] Terminal Action [PerformTerminalCommands] successfully performed. With the following test data [Host Name: "localHost" | Command: "chmod u+x generateJdk.sh" | Exit Status: "1"]. @18-01-2022 20:50:05.0342 PM
[ReportManager] Successfully created attachment [Terminal Action Actual Result - Command Log] @18-01-2022 20:50:05.0342 PM
[ReportManager] Assertion Passed: Then I Assert that [[#!/bin/bash, export JAVA_HOME=$(/usr/libexec/java_home), export PATH=$JAVA_HOME/bin:$PATH, source ~/.zshenv, echo $JAVA_HOME, echo $PATH, exec bash]] contains [JAVA_HOME=$(/usr/libexec/java_home)]. @18-01-2022 20:50:05.0342 PM
[ReportManager] Assertion [ValidateEquals] PASSED. Expected [JAVA_HOME=$(/usr/libexec/java_home)] and Actual [[#!/bin/bash, export JAVA_HOME=$(/usr/libexec/java_home), export PATH=$JAVA_HOME/bin:$PATH, source ~/.zshenv, echo $JAVA_HOME, echo $PATH, exec bash]]. Comparison Type [CONTAINS]. Validation Type [POSITIVE]. @18-01-2022 20:50:05.0343 P
[ReportManager] File Action [GetAbsolutePath] successfully performed. With the following test data [Relative Folder Path: "target/downloadedFiles/"]. @18-01-2022 20:50:05.0344 PM
[ReportManager] Attempting to run locally on: [Mac-64], [Safari], Headless Execution. @18-01-2022 20:50:05.0345 PM
[ReportManager] Successfully Opened Safari. @18-01-2022 20:50:06.0234 PM
[ReportManager] Initial window size: (800, 600) @18-01-2022 20:50:06.0244 PM
[ReportManager] Window size after SWD Maximize: (1176, 803) @18-01-2022 20:50:06.0262 PM
[ReportManager] Browser Action [MaximizeWindow] successfully performed. With the following test data [New screen size is now: (1176, 803)]. @18-01-2022 20:50:06.0262 PM
[ReportManager] Target URL: [http://the-internet.herokuapp.com/javascript_alerts] @18-01-2022 20:50:06.0262 PM
[ReportManager] Initial URL: [] @18-01-2022 20:50:06.0315 PM
[ReportManager] Browser Action [NavigateToURL] successfully performed. With the following test data [http://the-internet.herokuapp.com/javascript_alerts]. @18-01-2022 20:50:06.0645 P

################################################################################################################################################
Starting Execution:	[88 out of 162] test cases in the current suite
Test Method:		[testPackage01.TestJSConfirmBox.dismissAlert]
################################################################################################################################################
[ReportManager] Element Action [Click] successfully performed. With the following test data [By.xpath: //button[contains(text(),'Click for JS Confirm')]]. @18-01-2022 20:50:06.0930 PM
[ReportManager] Alert is present @18-01-2022 20:50:06.0935 PM
[ReportManager] Element Action [DismissAlert] successfully performed. @18-01-2022 20:50:06.0941 P

################################################################################################################################################
Starting Execution:	[89 out of 162] test cases in the current suite
Test Method:		[testPackage01.TestJSConfirmBox.assertOnCancelAlertResultText]
################################################################################################################################################
[ReportManager] Element Action [GetText] successfully performed. With the following test data [You clicked: Cancel]. @18-01-2022 20:50:07.0056 PM
[ReportManager] Assertion Passed: Then I Assert that the element found by [By.id: result] attribute [TEXT] is equal to [You clicked: Cancel]. @18-01-2022 20:50:07.0217 PM
[ReportManager] Successfully created attachment [Screenshot - 1642539007150_assertOnCancelAlertResultText_ValidateElementAttribute_passed] @18-01-2022 20:50:07.0218 PM
[ReportManager] Assertion [ValidateElementAttribute] PASSED. Expected [Value Should be 'You clicked: Cancel' for the 'text' attribute, element locator 'By.id: result'] and Actual [You clicked: Cancel]. Comparison Type [EQUALS]. Validation Type [POSITIVE]. @18-01-2022 20:50:07.0218 P

################################################################################################################################################
Starting Execution:	[90 out of 162] test cases in the current suite
Test Method:		[testPackage01.TestJSConfirmBox.getAlertText]
################################################################################################################################################
[ReportManager] Element Action [Click] successfully performed. With the following test data [By.xpath: //button[contains(text(),'Click for JS Confirm')]]. @18-01-2022 20:50:07.0424 PM
[ReportManager] Alert is present @18-01-2022 20:50:07.0437 PM
[ReportManager] Alert Text is: [I am a JS Confirm] @18-01-2022 20:50:07.0444 PM
[ReportManager] Element Action [GetAlertText] successfully performed. @18-01-2022 20:50:07.0444 PM
[ReportManager] Alert text is: [I am a JS Confirm] @18-01-2022 20:50:07.0445 PM
[ReportManager] Alert is present @18-01-2022 20:50:07.0452 PM
[ReportManager] Alert Text is: [I am a JS Confirm] @18-01-2022 20:50:07.0457 PM
[ReportManager] Element Action [GetAlertText] successfully performed. @18-01-2022 20:50:07.0457 PM
[ReportManager] Assertion Passed: Then I Assert that [I am a JS Confirm] is equal to [I am a JS Confirm]. @18-01-2022 20:50:07.0457 PM
[ReportManager] Assertion [ValidateEquals] PASSED. Expected [I am a JS Confirm] and Actual [I am a JS Confirm]. Comparison Type [EQUALS]. Validation Type [POSITIVE]. @18-01-2022 20:50:07.0457 P

################################################################################################################################################
Starting Execution:	[91 out of 162] test cases in the current suite
Test Method:		[testPackage01.TestJSConfirmBox.acceptAlert]
################################################################################################################################################
[ReportManager] Alert is not present @18-01-2022 20:50:38.0026 PM
[ReportManager] Element Action [WaitForAlertToBePresent] failed. @18-01-2022 20:50:38.0247 PM
[ReportManager] Successfully created attachment [Screenshot - 1642539038049_acceptAlert_WaitForAlertToBePresent_failed] @18-01-2022 20:50:38.0329 P

################################################################################################################################################
Starting Execution:	[92 out of 162] test cases in the current suite
Test Method:		[testPackage01.TestJSConfirmBox.assertOnConfirmAlertResultText]
###############################################################################################################################################
[ReportManager] Browser Action [CloseCurrentWindow] successfully performed. @18-01-2022 20:50:39.0234 PM
[ReportManager] Successfully created attachment [Browser Action Test Data - CloseCurrentWindow - Actual Value] @18-01-2022 20:50:39.0275 P

################################################################################################################################################
Starting Execution:	[93 out of 162] test cases in the current suite
Test Method:		[testPackage01.Test_NewValidationHelper.f1]
################################################################################################################################################
[ReportManager] Assertion Passed: Checking valid user data @18-01-2022 20:50:39.0359 PM
[ReportManager] Successfully created attachment [Validation Test Data - Expected Value] @18-01-2022 20:50:39.0441 PM
[ReportManager] Successfully created attachment [Validation Test Data - Actual Value] @18-01-2022 20:50:39.0482 PM
[ReportManager] Assertion [ValidateEquals] PASSED. Expected and Actual values are attached. Comparison Type [EQUALS]. Validation Type [POSITIVE]. @18-01-2022 20:50:39.0482 P
[ReportManager] File Action [GetAbsolutePath] successfully performed. With the following test data [Relative Folder Path: "target/downloadedFiles/"]. @18-01-2022 20:50:39.0647 PM
[ReportManager] Attempting to run locally on: [Mac-64], [Safari], Headless Execution. @18-01-2022 20:50:39.0647 PM
[ReportManager] Successfully Opened Safari. @18-01-2022 20:50:40.0488 PM
[ReportManager] Initial window size: (800, 600) @18-01-2022 20:50:40.0524 PM
[ReportManager] Window size after SWD Maximize: (1176, 803) @18-01-2022 20:50:40.0557 PM
[ReportManager] Browser Action [MaximizeWindow] successfully performed. With the following test data [New screen size is now: (1176, 803)]. @18-01-2022 20:50:40.0557 PM
[ReportManager] Target URL: [https://the-internet.herokuapp.com/] @18-01-2022 20:50:40.0557 PM
[ReportManager] Initial URL: [] @18-01-2022 20:50:40.0607 PM
[ReportManager] Browser Action [NavigateToURL] successfully performed. With the following test data [https://the-internet.herokuapp.com/]. @18-01-2022 20:50:41.0132 P

################################################################################################################################################
Starting Execution:	[94 out of 162] test cases in the current suite
Test Method:		[testPackage01.Test_NewValidationHelper.f10]
################################################################################################################################################
[ReportManager] Assertion [ValidateElementExists] FAILED. Expected [Element Should Exist, locator 'By.tagName: div'] and Actual [Element Exists but is not unique]. Comparison Type [EQUALS]. Validation Type [POSITIVE]. @18-01-2022 20:50:41.0635 PM
[ReportManager] Successfully created attachment [Screenshot - 1642539041436_f10_ValidateElementExists_failed] @18-01-2022 20:50:41.0718 P
[ReportManager] Successfully Closed All Drivers. @18-01-2022 20:50:41.0908 P
[ReportManager] File Action [GetAbsolutePath] successfully performed. With the following test data [Relative Folder Path: "target/downloadedFiles/"]. @18-01-2022 20:50:42.0034 PM
[ReportManager] Attempting to run locally on: [Mac-64], [Safari], Headless Execution. @18-01-2022 20:50:42.0034 PM
[ReportManager] Successfully Opened Safari. @18-01-2022 20:50:42.0917 PM
[ReportManager] Initial window size: (800, 600) @18-01-2022 20:50:42.0960 PM
[ReportManager] Window size after SWD Maximize: (1176, 803) @18-01-2022 20:50:42.0992 PM
[ReportManager] Browser Action [MaximizeWindow] successfully performed. With the following test data [New screen size is now: (1176, 803)]. @18-01-2022 20:50:42.0992 PM
[ReportManager] Target URL: [https://the-internet.herokuapp.com/] @18-01-2022 20:50:42.0992 PM
[ReportManager] Initial URL: [] @18-01-2022 20:50:43.0038 PM
[ReportManager] Browser Action [NavigateToURL] successfully performed. With the following test data [https://the-internet.herokuapp.com/]. @18-01-2022 20:50:43.0470 P

################################################################################################################################################
Starting Execution:	[95 out of 162] test cases in the current suite
Test Method:		[testPackage01.Test_NewValidationHelper.f11]
################################################################################################################################################
[ReportManager] org.openqa.selenium.TimeoutException:
Expected condition failed: waiting for com.shaft.gui.element.ElementActionsHelper$$Lambda$641/0x000000080112b7a8@1408bbe7 (tried for 5 second(s) with 1000 milliseconds interval)
org.openqa.selenium.support.ui.FluentWait.timeoutException(FluentWait.java:263)
org.openqa.selenium.support.ui.FluentWait.until(FluentWait.java:231)
com.shaft.gui.element.ElementActionsHelper.waitForElementPresence(ElementActionsHelper.java:89)
com.shaft.gui.element.ElementActionsHelper.waitForElementPresence(ElementActionsHelper.java:37)
com.shaft.gui.element.WebDriverElementActions.getMatchingElementsCount(WebDriverElementActions.java:1481)
com.shaft.gui.element.WebDriverElementActions.getElementsCount(WebDriverElementActions.java:561)
com.shaft.gui.element.ElementActions.getElementsCount(ElementActions.java:269)
com.shaft.validation.ValidationsHelper.validateElementExists(ValidationsHelper.java:149)
com.shaft.validation.Assertions.assertElementExists(Assertions.java:118)
testPackage01.Test_NewValidationHelper.f11(Test_NewValidationHelper.java:137)
java.base/jdk.internal.reflect.NativeMethodAccessorImpl.invoke0(Native Method)
java.base/jdk.internal.reflect.NativeMethodAccessorImpl.invoke(NativeMethodAccessorImpl.java:77)
java.base/jdk.internal.reflect.DelegatingMethodAccessorImpl.invoke(DelegatingMethodAccessorImpl.java:43)
java.base/java.lang.reflect.Method.invoke(Method.java:568)
org.testng.internal.invokers.MethodInvocationHelper.invokeMethod(MethodInvocationHelper.java:135)
org.testng.internal.invokers.TestInvoker.invokeMethod(TestInvoker.java:673)
org.testng.internal.invokers.TestInvoker.invokeTestMethod(TestInvoker.java:220)
org.testng.internal.invokers.MethodRunner.runInSequence(MethodRunner.java:50)
org.testng.internal.invokers.TestInvoker$MethodInvocationAgent.invoke(TestInvoker.java:945)
org.testng.internal.invokers.TestInvoker.invokeTestMethods(TestInvoker.java:193)
org.testng.internal.invokers.TestMethodWorker.invokeTestMethods(TestMethodWorker.java:146)
org.testng.internal.invokers.TestMethodWorker.run(TestMethodWorker.java:128)
java.base/java.util.ArrayList.forEach(ArrayList.java:1511)
org.testng.TestRunner.privateRun(TestRunner.java:808)
org.testng.TestRunner.run(TestRunner.java:603)
org.testng.SuiteRunner.runTest(SuiteRunner.java:429)
org.testng.SuiteRunner.runSequentially(SuiteRunner.java:423)
org.testng.SuiteRunner.privateRun(SuiteRunner.java:383)
org.testng.SuiteRunner.run(SuiteRunner.java:326)
org.testng.SuiteRunnerWorker.runSuite(SuiteRunnerWorker.java:52)
org.testng.SuiteRunnerWorker.run(SuiteRunnerWorker.java:95)
org.testng.TestNG.runSuitesSequentially(TestNG.java:1249)
org.testng.TestNG.runSuitesLocally(TestNG.java:1169)
org.testng.TestNG.runSuites(TestNG.java:1092)
org.testng.TestNG.run(TestNG.java:1060)
org.apache.maven.surefire.testng.TestNGExecutor.run(TestNGExecutor.java:136)
org.apache.maven.surefire.testng.TestNGDirectoryTestSuite.executeMulti(TestNGDirectoryTestSuite.java:193)
org.apache.maven.surefire.testng.TestNGDirectoryTestSuite.execute(TestNGDirectoryTestSuite.java:94)
org.apache.maven.surefire.testng.TestNGProvider.invoke(TestNGProvider.java:145)
org.apache.maven.surefire.booter.ForkedBooter.runSuitesInProcess(ForkedBooter.java:428)
org.apache.maven.surefire.booter.ForkedBooter.execute(ForkedBooter.java:162)
org.apache.maven.surefire.booter.ForkedBooter.run(ForkedBooter.java:562)
org.apache.maven.surefire.booter.ForkedBooter.main(ForkedBooter.java:548)

Caused by: org.openqa.selenium.NoSuchElementException:
For documentation on this error, please visit: https://selenium.dev/exceptions/#no_such_element
Build info: version: '4.1.1', revision: 'e8fcc2cecf'
System info: host: 'Mac-1642538731856.local', ip: '10.213.7.96', os.name: 'Mac OS X', os.arch: 'x86_64', os.version: '11.5', java.version: '17.0.1'
Driver info: org.openqa.selenium.safari.SafariDriver
Command: [23D13DDD-40BE-429E-9BE0-CBDA6AB55EBA, findElement {using=tag name, value=h3}]
Capabilities {acceptInsecureCerts: false, browserName: Safari, browserVersion: 15.2, goog:loggingPrefs: {browser: ALL, client: ALL, driver: ALL, performance: ALL, profiler: ALL, server: ALL}, javascriptEnabled: true, pageLoadStrategy: normal, platform: MAC, platformName: MAC, safari:automaticInspection: false, safari:automaticProfiling: false, safari:diagnose: false, safari:platformBuildVersion: 20G314, safari:platformVersion: 11.6.2, safari:useSimulator: false, setWindowRect: true, strictFileInteractability: false, timeouts: {pageLoad: 30000, script: 30000}, webkit:WebRTC: {DisableICECandidateFiltering: false, DisableInsecureMediaCapture: false}}
Session ID: 23D13DDD-40BE-429E-9BE0-CBDA6AB55EBA
jdk.internal.reflect.GeneratedConstructorAccessor72.newInstance(Unknown Source)
java.base/jdk.internal.reflect.DelegatingConstructorAccessorImpl.newInstance(DelegatingConstructorAccessorImpl.java:45)
java.base/java.lang.reflect.Constructor.newInstanceWithCaller(Constructor.java:499)
java.base/java.lang.reflect.Constructor.newInstance(Constructor.java:480)
org.openqa.selenium.remote.codec.w3c.W3CHttpResponseCodec.createException(W3CHttpResponseCodec.java:200)
org.openqa.selenium.remote.codec.w3c.W3CHttpResponseCodec.decode(W3CHttpResponseCodec.java:133)
org.openqa.selenium.remote.codec.w3c.W3CHttpResponseCodec.decode(W3CHttpResponseCodec.java:53)
org.openqa.selenium.remote.HttpCommandExecutor.execute(HttpCommandExecutor.java:184)
org.openqa.selenium.remote.service.DriverCommandExecutor.invokeExecute(DriverCommandExecutor.java:167)
org.openqa.selenium.remote.service.DriverCommandExecutor.execute(DriverCommandExecutor.java:142)
org.openqa.selenium.remote.RemoteWebDriver.execute(RemoteWebDriver.java:543)
org.openqa.selenium.remote.ElementLocation$ElementFinder$2.findElement(ElementLocation.java:162)
org.openqa.selenium.remote.ElementLocation.findElement(ElementLocation.java:60)
org.openqa.selenium.remote.RemoteWebDriver.findElement(RemoteWebDriver.java:367)
org.openqa.selenium.remote.RemoteWebDriver.findElement(RemoteWebDriver.java:359)
com.shaft.gui.element.ElementActionsHelper.lambda$waitForElementPresence$0(ElementActionsHelper.java:92)
org.openqa.selenium.support.ui.FluentWait.until(FluentWait.java:208)
com.shaft.gui.element.ElementActionsHelper.waitForElementPresence(ElementActionsHelper.java:89)
com.shaft.gui.element.ElementActionsHelper.waitForElementPresence(ElementActionsHelper.java:37)
com.shaft.gui.element.WebDriverElementActions.getMatchingElementsCount(WebDriverElementActions.java:1481)
com.shaft.gui.element.WebDriverElementActions.getElementsCount(WebDriverElementActions.java:561)
com.shaft.gui.element.ElementActions.getElementsCount(ElementActions.java:269)
com.shaft.validation.ValidationsHelper.validateElementExists(ValidationsHelper.java:149)
com.shaft.validation.Assertions.assertElementExists(Assertions.java:118)
testPackage01.Test_NewValidationHelper.f11(Test_NewValidationHelper.java:137)
java.base/jdk.internal.reflect.NativeMethodAccessorImpl.invoke0(Native Method)
java.base/jdk.internal.reflect.NativeMethodAccessorImpl.invoke(NativeMethodAccessorImpl.java:77)
java.base/jdk.internal.reflect.DelegatingMethodAccessorImpl.invoke(DelegatingMethodAccessorImpl.java:43)
java.base/java.lang.reflect.Method.invoke(Method.java:568)
org.testng.internal.invokers.MethodInvocationHelper.invokeMethod(MethodInvocationHelper.java:135)
org.testng.internal.invokers.TestInvoker.invokeMethod(TestInvoker.java:673)
org.testng.internal.invokers.TestInvoker.invokeTestMethod(TestInvoker.java:220)
org.testng.internal.invokers.MethodRunner.runInSequence(MethodRunner.java:50)
org.testng.internal.invokers.TestInvoker$MethodInvocationAgent.invoke(TestInvoker.java:945)
org.testng.internal.invokers.TestInvoker.invokeTestMethods(TestInvoker.java:193)
org.testng.internal.invokers.TestMethodWorker.invokeTestMethods(TestMethodWorker.java:146)
org.testng.internal.invokers.TestMethodWorker.run(TestMethodWorker.java:128)
java.base/java.util.ArrayList.forEach(ArrayList.java:1511)
org.testng.TestRunner.privateRun(TestRunner.java:808)
org.testng.TestRunner.run(TestRunner.java:603)
org.testng.SuiteRunner.runTest(SuiteRunner.java:429)
org.testng.SuiteRunner.runSequentially(SuiteRunner.java:423)
org.testng.SuiteRunner.privateRun(SuiteRunner.java:383)
org.testng.SuiteRunner.run(SuiteRunner.java:326)
org.testng.SuiteRunnerWorker.runSuite(SuiteRunnerWorker.java:52)
org.testng.SuiteRunnerWorker.run(SuiteRunnerWorker.java:95)
org.testng.TestNG.runSuitesSequentially(TestNG.java:1249)
org.testng.TestNG.runSuitesLocally(TestNG.java:1169)
org.testng.TestNG.runSuites(TestNG.java:1092)
org.testng.TestNG.run(TestNG.java:1060)
org.apache.maven.surefire.testng.TestNGExecutor.run(TestNGExecutor.java:136)
org.apache.maven.surefire.testng.TestNGDirectoryTestSuite.executeMulti(TestNGDirectoryTestSuite.java:193)
org.apache.maven.surefire.testng.TestNGDirectoryTestSuite.execute(TestNGDirectoryTestSuite.java:94)
org.apache.maven.surefire.testng.TestNGProvider.invoke(TestNGProvider.java:145)
org.apache.maven.surefire.booter.ForkedBooter.runSuitesInProcess(ForkedBooter.java:428)
org.apache.maven.surefire.booter.ForkedBooter.execute(ForkedBooter.java:162)
org.apache.maven.surefire.booter.ForkedBooter.run(ForkedBooter.java:562)
org.apache.maven.surefire.booter.ForkedBooter.main(ForkedBooter.java:548) @18-01-2022 20:50:48.0708 PM
[ReportManager] org.openqa.selenium.TimeoutException:
Expected condition failed: waiting for com.shaft.gui.element.ElementActionsHelper$$Lambda$641/0x000000080112b7a8@6dba4d62 (tried for 5 second(s) with 1000 milliseconds interval)
org.openqa.selenium.support.ui.FluentWait.timeoutException(FluentWait.java:263)
org.openqa.selenium.support.ui.FluentWait.until(FluentWait.java:231)
com.shaft.gui.element.ElementActionsHelper.waitForElementPresence(ElementActionsHelper.java:89)
com.shaft.gui.element.ElementActionsHelper.waitForElementPresence(ElementActionsHelper.java:37)
com.shaft.gui.element.WebDriverElementActions.getMatchingElementsCount(WebDriverElementActions.java:1481)
com.shaft.gui.element.WebDriverElementActions.getElementsCount(WebDriverElementActions.java:561)
com.shaft.gui.element.ElementActions.getElementsCount(ElementActions.java:269)
com.shaft.gui.image.ScreenshotManager.internalCaptureScreenShot(ScreenshotManager.java:385)
com.shaft.gui.image.ScreenshotManager.captureScreenShot(ScreenshotManager.java:141)
com.shaft.validation.ValidationsHelper.reportValidationState(ValidationsHelper.java:823)
com.shaft.validation.ValidationsHelper.pass(ValidationsHelper.java:564)
com.shaft.validation.ValidationsHelper.validateElementExists(ValidationsHelper.java:166)
com.shaft.validation.Assertions.assertElementExists(Assertions.java:118)
testPackage01.Test_NewValidationHelper.f11(Test_NewValidationHelper.java:137)
java.base/jdk.internal.reflect.NativeMethodAccessorImpl.invoke0(Native Method)
java.base/jdk.internal.reflect.NativeMethodAccessorImpl.invoke(NativeMethodAccessorImpl.java:77)
java.base/jdk.internal.reflect.DelegatingMethodAccessorImpl.invoke(DelegatingMethodAccessorImpl.java:43)
java.base/java.lang.reflect.Method.invoke(Method.java:568)
org.testng.internal.invokers.MethodInvocationHelper.invokeMethod(MethodInvocationHelper.java:135)
org.testng.internal.invokers.TestInvoker.invokeMethod(TestInvoker.java:673)
org.testng.internal.invokers.TestInvoker.invokeTestMethod(TestInvoker.java:220)
org.testng.internal.invokers.MethodRunner.runInSequence(MethodRunner.java:50)
org.testng.internal.invokers.TestInvoker$MethodInvocationAgent.invoke(TestInvoker.java:945)
org.testng.internal.invokers.TestInvoker.invokeTestMethods(TestInvoker.java:193)
org.testng.internal.invokers.TestMethodWorker.invokeTestMethods(TestMethodWorker.java:146)
org.testng.internal.invokers.TestMethodWorker.run(TestMethodWorker.java:128)
java.base/java.util.ArrayList.forEach(ArrayList.java:1511)
org.testng.TestRunner.privateRun(TestRunner.java:808)
org.testng.TestRunner.run(TestRunner.java:603)
org.testng.SuiteRunner.runTest(SuiteRunner.java:429)
org.testng.SuiteRunner.runSequentially(SuiteRunner.java:423)
org.testng.SuiteRunner.privateRun(SuiteRunner.java:383)
org.testng.SuiteRunner.run(SuiteRunner.java:326)
org.testng.SuiteRunnerWorker.runSuite(SuiteRunnerWorker.java:52)
org.testng.SuiteRunnerWorker.run(SuiteRunnerWorker.java:95)
org.testng.TestNG.runSuitesSequentially(TestNG.java:1249)
org.testng.TestNG.runSuitesLocally(TestNG.java:1169)
org.testng.TestNG.runSuites(TestNG.java:1092)
org.testng.TestNG.run(TestNG.java:1060)
org.apache.maven.surefire.testng.TestNGExecutor.run(TestNGExecutor.java:136)
org.apache.maven.surefire.testng.TestNGDirectoryTestSuite.executeMulti(TestNGDirectoryTestSuite.java:193)
org.apache.maven.surefire.testng.TestNGDirectoryTestSuite.execute(TestNGDirectoryTestSuite.java:94)
org.apache.maven.surefire.testng.TestNGProvider.invoke(TestNGProvider.java:145)
org.apache.maven.surefire.booter.ForkedBooter.runSuitesInProcess(ForkedBooter.java:428)
org.apache.maven.surefire.booter.ForkedBooter.execute(ForkedBooter.java:162)
org.apache.maven.surefire.booter.ForkedBooter.run(ForkedBooter.java:562)
org.apache.maven.surefire.booter.ForkedBooter.main(ForkedBooter.java:548)

Caused by: org.openqa.selenium.NoSuchElementException:
For documentation on this error, please visit: https://selenium.dev/exceptions/#no_such_element
Build info: version: '4.1.1', revision: 'e8fcc2cecf'
System info: host: 'Mac-1642538731856.local', ip: '10.213.7.96', os.name: 'Mac OS X', os.arch: 'x86_64', os.version: '11.5', java.version: '17.0.1'
Driver info: org.openqa.selenium.safari.SafariDriver
Command: [23D13DDD-40BE-429E-9BE0-CBDA6AB55EBA, findElement {using=tag name, value=h3}]
Capabilities {acceptInsecureCerts: false, browserName: Safari, browserVersion: 15.2, goog:loggingPrefs: {browser: ALL, client: ALL, driver: ALL, performance: ALL, profiler: ALL, server: ALL}, javascriptEnabled: true, pageLoadStrategy: normal, platform: MAC, platformName: MAC, safari:automaticInspection: false, safari:automaticProfiling: false, safari:diagnose: false, safari:platformBuildVersion: 20G314, safari:platformVersion: 11.6.2, safari:useSimulator: false, setWindowRect: true, strictFileInteractability: false, timeouts: {pageLoad: 30000, script: 30000}, webkit:WebRTC: {DisableICECandidateFiltering: false, DisableInsecureMediaCapture: false}}
Session ID: 23D13DDD-40BE-429E-9BE0-CBDA6AB55EBA
jdk.internal.reflect.GeneratedConstructorAccessor72.newInstance(Unknown Source)
java.base/jdk.internal.reflect.DelegatingConstructorAccessorImpl.newInstance(DelegatingConstructorAccessorImpl.java:45)
java.base/java.lang.reflect.Constructor.newInstanceWithCaller(Constructor.java:499)
java.base/java.lang.reflect.Constructor.newInstance(Constructor.java:480)
org.openqa.selenium.remote.codec.w3c.W3CHttpResponseCodec.createException(W3CHttpResponseCodec.java:200)
org.openqa.selenium.remote.codec.w3c.W3CHttpResponseCodec.decode(W3CHttpResponseCodec.java:133)
org.openqa.selenium.remote.codec.w3c.W3CHttpResponseCodec.decode(W3CHttpResponseCodec.java:53)
org.openqa.selenium.remote.HttpCommandExecutor.execute(HttpCommandExecutor.java:184)
org.openqa.selenium.remote.service.DriverCommandExecutor.invokeExecute(DriverCommandExecutor.java:167)
org.openqa.selenium.remote.service.DriverCommandExecutor.execute(DriverCommandExecutor.java:142)
org.openqa.selenium.remote.RemoteWebDriver.execute(RemoteWebDriver.java:543)
org.openqa.selenium.remote.ElementLocation$ElementFinder$2.findElement(ElementLocation.java:162)
org.openqa.selenium.remote.ElementLocation.findElement(ElementLocation.java:60)
org.openqa.selenium.remote.RemoteWebDriver.findElement(RemoteWebDriver.java:367)
org.openqa.selenium.remote.RemoteWebDriver.findElement(RemoteWebDriver.java:359)
com.shaft.gui.element.ElementActionsHelper.lambda$waitForElementPresence$0(ElementActionsHelper.java:92)
org.openqa.selenium.support.ui.FluentWait.until(FluentWait.java:208)
com.shaft.gui.element.ElementActionsHelper.waitForElementPresence(ElementActionsHelper.java:89)
com.shaft.gui.element.ElementActionsHelper.waitForElementPresence(ElementActionsHelper.java:37)
com.shaft.gui.element.WebDriverElementActions.getMatchingElementsCount(WebDriverElementActions.java:1481)
com.shaft.gui.element.WebDriverElementActions.getElementsCount(WebDriverElementActions.java:561)
com.shaft.gui.element.ElementActions.getElementsCount(ElementActions.java:269)
com.shaft.gui.image.ScreenshotManager.internalCaptureScreenShot(ScreenshotManager.java:385)
com.shaft.gui.image.ScreenshotManager.captureScreenShot(ScreenshotManager.java:141)
com.shaft.validation.ValidationsHelper.reportValidationState(ValidationsHelper.java:823)
com.shaft.validation.ValidationsHelper.pass(ValidationsHelper.java:564)
com.shaft.validation.ValidationsHelper.validateElementExists(ValidationsHelper.java:166)
com.shaft.validation.Assertions.assertElementExists(Assertions.java:118)
testPackage01.Test_NewValidationHelper.f11(Test_NewValidationHelper.java:137)
java.base/jdk.internal.reflect.NativeMethodAccessorImpl.invoke0(Native Method)
java.base/jdk.internal.reflect.NativeMethodAccessorImpl.invoke(NativeMethodAccessorImpl.java:77)
java.base/jdk.internal.reflect.DelegatingMethodAccessorImpl.invoke(DelegatingMethodAccessorImpl.java:43)
java.base/java.lang.reflect.Method.invoke(Method.java:568)
org.testng.internal.invokers.MethodInvocationHelper.invokeMethod(MethodInvocationHelper.java:135)
org.testng.internal.invokers.TestInvoker.invokeMethod(TestInvoker.java:673)
org.testng.internal.invokers.TestInvoker.invokeTestMethod(TestInvoker.java:220)
org.testng.internal.invokers.MethodRunner.runInSequence(MethodRunner.java:50)
org.testng.internal.invokers.TestInvoker$MethodInvocationAgent.invoke(TestInvoker.java:945)
org.testng.internal.invokers.TestInvoker.invokeTestMethods(TestInvoker.java:193)
org.testng.internal.invokers.TestMethodWorker.invokeTestMethods(TestMethodWorker.java:146)
org.testng.internal.invokers.TestMethodWorker.run(TestMethodWorker.java:128)
java.base/java.util.ArrayList.forEach(ArrayList.java:1511)
org.testng.TestRunner.privateRun(TestRunner.java:808)
org.testng.TestRunner.run(TestRunner.java:603)
org.testng.SuiteRunner.runTest(SuiteRunner.java:429)
org.testng.SuiteRunner.runSequentially(SuiteRunner.java:423)
org.testng.SuiteRunner.privateRun(SuiteRunner.java:383)
org.testng.SuiteRunner.run(SuiteRunner.java:326)
org.testng.SuiteRunnerWorker.runSuite(SuiteRunnerWorker.java:52)
org.testng.SuiteRunnerWorker.run(SuiteRunnerWorker.java:95)
org.testng.TestNG.runSuitesSequentially(TestNG.java:1249)
org.testng.TestNG.runSuitesLocally(TestNG.java:1169)
org.testng.TestNG.runSuites(TestNG.java:1092)
org.testng.TestNG.run(TestNG.java:1060)
org.apache.maven.surefire.testng.TestNGExecutor.run(TestNGExecutor.java:136)
org.apache.maven.surefire.testng.TestNGDirectoryTestSuite.executeMulti(TestNGDirectoryTestSuite.java:193)
org.apache.maven.surefire.testng.TestNGDirectoryTestSuite.execute(TestNGDirectoryTestSuite.java:94)
org.apache.maven.surefire.testng.TestNGProvider.invoke(TestNGProvider.java:145)
org.apache.maven.surefire.booter.ForkedBooter.runSuitesInProcess(ForkedBooter.java:428)
org.apache.maven.surefire.booter.ForkedBooter.execute(ForkedBooter.java:162)
org.apache.maven.surefire.booter.ForkedBooter.run(ForkedBooter.java:562)
org.apache.maven.surefire.booter.ForkedBooter.main(ForkedBooter.java:548) @18-01-2022 20:50:53.0865 PM
[ReportManager] Assertion Passed: Checking that false tag doesn't exist @18-01-2022 20:50:54.0096 PM
[ReportManager] Successfully created attachment [Screenshot - 1642539053893_f11_ValidateElementExists_passed] @18-01-2022 20:50:54.0178 PM
[ReportManager] Assertion [ValidateElementExists] PASSED. Expected [Element Should not Exist, locator 'By.tagName: h3'] and Actual [Element Doesn't Exists]. Comparison Type [EQUALS]. Validation Type [NEGATIVE]. @18-01-2022 20:50:54.0178 P
[ReportManager] Successfully Closed All Drivers. @18-01-2022 20:50:54.0628 P
[ReportManager] File Action [GetAbsolutePath] successfully performed. With the following test data [Relative Folder Path: "target/downloadedFiles/"]. @18-01-2022 20:50:54.0753 PM
[ReportManager] Attempting to run locally on: [Mac-64], [Safari], Headless Execution. @18-01-2022 20:50:54.0753 PM
[ReportManager] Successfully Opened Safari. @18-01-2022 20:50:55.0602 PM
[ReportManager] Initial window size: (800, 600) @18-01-2022 20:50:55.0622 PM
[ReportManager] Window size after SWD Maximize: (1176, 803) @18-01-2022 20:50:55.0635 PM
[ReportManager] Browser Action [MaximizeWindow] successfully performed. With the following test data [New screen size is now: (1176, 803)]. @18-01-2022 20:50:55.0636 PM
[ReportManager] Target URL: [https://the-internet.herokuapp.com/] @18-01-2022 20:50:55.0636 PM
[ReportManager] Initial URL: [] @18-01-2022 20:50:55.0687 PM
[ReportManager] Browser Action [NavigateToURL] successfully performed. With the following test data [https://the-internet.herokuapp.com/]. @18-01-2022 20:50:56.0130 P

################################################################################################################################################
Starting Execution:	[96 out of 162] test cases in the current suite
Test Method:		[testPackage01.Test_NewValidationHelper.f12]
################################################################################################################################################
[ReportManager] Assertion [ValidateElementExists] FAILED. Expected [Element Should not Exist, locator 'By.tagName: h1'] and Actual [Element Exists]. Comparison Type [EQUALS]. Validation Type [NEGATIVE]. @18-01-2022 20:50:56.0599 PM
[ReportManager] Successfully created attachment [Screenshot - 1642539056406_f12_ValidateElementExists_failed] @18-01-2022 20:50:56.0683 P
[ReportManager] Successfully Closed All Drivers. @18-01-2022 20:50:57.0049 P
[ReportManager] File Action [GetAbsolutePath] successfully performed. With the following test data [Relative Folder Path: "target/downloadedFiles/"]. @18-01-2022 20:50:57.0175 PM
[ReportManager] Attempting to run locally on: [Mac-64], [Safari], Headless Execution. @18-01-2022 20:50:57.0175 PM
[ReportManager] Successfully Opened Safari. @18-01-2022 20:50:58.0021 PM
[ReportManager] Initial window size: (800, 600) @18-01-2022 20:50:58.0037 PM
[ReportManager] Window size after SWD Maximize: (1176, 803) @18-01-2022 20:50:58.0067 PM
[ReportManager] Browser Action [MaximizeWindow] successfully performed. With the following test data [New screen size is now: (1176, 803)]. @18-01-2022 20:50:58.0067 PM
[ReportManager] Target URL: [https://the-internet.herokuapp.com/] @18-01-2022 20:50:58.0067 PM
[ReportManager] Initial URL: [] @18-01-2022 20:50:58.0110 PM
[ReportManager] Browser Action [NavigateToURL] successfully performed. With the following test data [https://the-internet.herokuapp.com/]. @18-01-2022 20:50:58.0479 P

################################################################################################################################################
Starting Execution:	[97 out of 162] test cases in the current suite
Test Method:		[testPackage01.Test_NewValidationHelper.f13]
################################################################################################################################################
[ReportManager] Assertion [ValidateElementExists] FAILED. Expected [Element Should not Exist, locator 'By.tagName: div'] and Actual [Element Exists but is not unique]. Comparison Type [EQUALS]. Validation Type [NEGATIVE]. @18-01-2022 20:50:58.0980 PM
[ReportManager] Successfully created attachment [Screenshot - 1642539058774_f13_ValidateElementExists_failed] @18-01-2022 20:50:59.0071 P
[ReportManager] Successfully Closed All Drivers. @18-01-2022 20:50:59.0565 P
[ReportManager] File Action [GetAbsolutePath] successfully performed. With the following test data [Relative Folder Path: "target/downloadedFiles/"]. @18-01-2022 20:50:59.0692 PM
[ReportManager] Attempting to run locally on: [Mac-64], [Safari], Headless Execution. @18-01-2022 20:50:59.0692 PM
[ReportManager] An Exception Occured with this Message: Could not start a new session. Possible causes are invalid address of the remote server or browser start-up failure.. @18-01-2022 20:50:59.0721 PM
[ReportManager] Successfully created attachment [Exception Stack Trace - org.openqa.selenium.SessionNotCreatedException] @18-01-2022 20:50:59.0803 PM
[ReportManager] Driver Factory Action [createNewLocalDriverInstanceForSafari] failed. With the following test data [Failed to create a session on DESKTOP_SAFARI]. @18-01-2022 20:50:59.0804 P

################################################################################################################################################
Starting Execution:	[98 out of 162] test cases in the current suite
Test Method:		[testPackage01.Test_NewValidationHelper.f14]
###############################################################################################################################################



################################################################################################################################################
Starting Execution:	[99 out of 162] test cases in the current suite
Test Method:		[testPackage01.Test_NewValidationHelper.f15]
###############################################################################################################################################



################################################################################################################################################
Starting Execution:	[100 out of 162] test cases in the current suite
Test Method:		[testPackage01.Test_NewValidationHelper.f16]
###############################################################################################################################################



################################################################################################################################################
Starting Execution:	[101 out of 162] test cases in the current suite
Test Method:		[testPackage01.Test_NewValidationHelper.f17]
###############################################################################################################################################



################################################################################################################################################
Starting Execution:	[102 out of 162] test cases in the current suite
Test Method:		[testPackage01.Test_NewValidationHelper.f18]
###############################################################################################################################################


################################################################################################################################################
Starting Execution:	[103 out of 162] test cases in the current suite
Test Method:		[testPackage01.Test_NewValidationHelper.f2]
###############################################################################################################################################


################################################################################################################################################
Starting Execution:	[104 out of 162] test cases in the current suite
Test Method:		[testPackage01.Test_NewValidationHelper.f20]
###############################################################################################################################################



################################################################################################################################################
Starting Execution:	[105 out of 162] test cases in the current suite
Test Method:		[testPackage01.Test_NewValidationHelper.f21]
###############################################################################################################################################



################################################################################################################################################
Starting Execution:	[106 out of 162] test cases in the current suite
Test Method:		[testPackage01.Test_NewValidationHelper.f22]
###############################################################################################################################################


################################################################################################################################################
Starting Execution:	[107 out of 162] test cases in the current suite
Test Method:		[testPackage01.Test_NewValidationHelper.f23]
###############################################################################################################################################

################################################################################################################################################
Starting Execution:	[108 out of 162] test cases in the current suite
Test Method:		[testPackage01.Test_NewValidationHelper.f24]
###############################################################################################################################################

################################################################################################################################################
Starting Execution:	[109 out of 162] test cases in the current suite
Test Method:		[testPackage01.Test_NewValidationHelper.f25]
###############################################################################################################################################

################################################################################################################################################
Starting Execution:	[110 out of 162] test cases in the current suite
Test Method:		[testPackage01.Test_NewValidationHelper.f26]
###############################################################################################################################################

################################################################################################################################################
Starting Execution:	[111 out of 162] test cases in the current suite
Test Method:		[testPackage01.Test_NewValidationHelper.f27]
###############################################################################################################################################

################################################################################################################################################
Starting Execution:	[112 out of 162] test cases in the current suite
Test Method:		[testPackage01.Test_NewValidationHelper.f28]
###############################################################################################################################################

################################################################################################################################################
Starting Execution:	[113 out of 162] test cases in the current suite
Test Method:		[testPackage01.Test_NewValidationHelper.f29]
###############################################################################################################################################

################################################################################################################################################
Starting Execution:	[114 out of 162] test cases in the current suite
Test Method:		[testPackage01.Test_NewValidationHelper.f3]
###############################################################################################################################################

################################################################################################################################################
Starting Execution:	[115 out of 162] test cases in the current suite
Test Method:		[testPackage01.Test_NewValidationHelper.f30]
###############################################################################################################################################

################################################################################################################################################
Starting Execution:	[116 out of 162] test cases in the current suite
Test Method:		[testPackage01.Test_NewValidationHelper.f31]
###############################################################################################################################################

################################################################################################################################################
Starting Execution:	[117 out of 162] test cases in the current suite
Test Method:		[testPackage01.Test_NewValidationHelper.f32]
###############################################################################################################################################

################################################################################################################################################
Starting Execution:	[118 out of 162] test cases in the current suite
Test Method:		[testPackage01.Test_NewValidationHelper.f33]
###############################################################################################################################################

################################################################################################################################################
Starting Execution:	[119 out of 162] test cases in the current suite
Test Method:		[testPackage01.Test_NewValidationHelper.f34]
###############################################################################################################################################

################################################################################################################################################
Starting Execution:	[120 out of 162] test cases in the current suite
Test Method:		[testPackage01.Test_NewValidationHelper.f35]
###############################################################################################################################################

################################################################################################################################################
Starting Execution:	[121 out of 162] test cases in the current suite
Test Method:		[testPackage01.Test_NewValidationHelper.f36]
###############################################################################################################################################

################################################################################################################################################
Starting Execution:	[122 out of 162] test cases in the current suite
Test Method:		[testPackage01.Test_NewValidationHelper.f37]
###############################################################################################################################################

################################################################################################################################################
Starting Execution:	[123 out of 162] test cases in the current suite
Test Method:		[testPackage01.Test_NewValidationHelper.f3_1]
###############################################################################################################################################

################################################################################################################################################
Starting Execution:	[124 out of 162] test cases in the current suite
Test Method:		[testPackage01.Test_NewValidationHelper.f4]
###############################################################################################################################################

################################################################################################################################################
Starting Execution:	[125 out of 162] test cases in the current suite
Test Method:		[testPackage01.Test_NewValidationHelper.f5]
###############################################################################################################################################

################################################################################################################################################
Starting Execution:	[126 out of 162] test cases in the current suite
Test Method:		[testPackage01.Test_NewValidationHelper.f6]
###############################################################################################################################################

################################################################################################################################################
Starting Execution:	[127 out of 162] test cases in the current suite
Test Method:		[testPackage01.Test_NewValidationHelper.f6_1]
###############################################################################################################################################

################################################################################################################################################
Starting Execution:	[128 out of 162] test cases in the current suite
Test Method:		[testPackage01.Test_NewValidationHelper.f6_2]
###############################################################################################################################################

################################################################################################################################################
Starting Execution:	[129 out of 162] test cases in the current suite
Test Method:		[testPackage01.Test_NewValidationHelper.f7]
###############################################################################################################################################


################################################################################################################################################
Starting Execution:	[130 out of 162] test cases in the current suite
Test Method:		[testPackage01.Test_NewValidationHelper.f8]
###############################################################################################################################################



################################################################################################################################################
Starting Execution:	[131 out of 162] test cases in the current suite
Test Method:		[testPackage01.Test_NewValidationHelper.f9]
###############################################################################################################################################


################################################################################################################################################
Starting Execution:	[132 out of 162] test cases in the current suite
Test Method:		[testPackage01.Test_NewValidationHelper.forceFail]
###############################################################################################################################################

################################################################################################################################################
Starting Execution:	[133 out of 162] test cases in the current suite
Test Method:		[testPackage01.Test_NewValidationHelper.forceFail2]
###############################################################################################################################################

################################################################################################################################################
Starting Execution:	[134 out of 162] test cases in the current suite
Test Method:		[testPackage01.Test_JsonActions.f]
###############################################################################################################################################

################################################################################################################################################
Starting Execution:	[135 out of 162] test cases in the current suite
Test Method:		[testPackage01.Test_JsonActions.f2]
###############################################################################################################################################

################################################################################################################################################
Starting Execution:	[136 out of 162] test cases in the current suite
Test Method:		[testPackage01.Test_sendGraphqlRequest.sendGraphqlRequestUsingMutationAndVariables]
################################################################################################################################################
[ReportManager] GraphQl Request is being Performed with the Following Parameters [Service URL: https://api.spacex.land/graphql | Request Body: {"variables":"{\"name\": \"sherlock holmes\",\"rocket\": \"221B Baker Street\"}","query":"mutation ($name: String, $rocket: String) {\n  insert_users(objects: {name: $name, rocket: $rocket}) {\n    returning {\n      name\n      rocket\n    }\n  }\n}"}] @18-01-2022 20:51:05.0352 PM
[ReportManager] Response status code: [200], status line: [HTTP/1.1 200 OK] @18-01-2022 20:51:05.0593 PM
[ReportManager] Assertion Passed: Evaluating the actual response status code against the expected one... @18-01-2022 20:51:05.0594 PM
[ReportManager] Assertion [ValidateComparativeRelation] PASSED. Expected [200] and Actual [200]. Comparison Type [EQUALS]. Validation Type [POSITIVE]. @18-01-2022 20:51:05.0594 PM
[ReportManager] API Action [PerformRequest] successfully performed. With the following test data [Request Type: "POST" | Target Status Code: "200" | Service URL: "https://api.spacex.land/graphql" | Content Type: "application/json" | Response Time: "148ms"]. @18-01-2022 20:51:05.0629 PM
[ReportManager] Successfully created attachment [API Request - Specifications] @18-01-2022 20:51:05.0671 PM
[ReportManager] Successfully created attachment [API Request - JSON Body] @18-01-2022 20:51:05.0753 PM
[ReportManager] Successfully created attachment [API Response - JSON Body] @18-01-2022 20:51:05.0795 PM
[ReportManager] API Action [GetResponseJSONValue] successfully performed. With the following test data [data.insert_users.returning[0].name]. @18-01-2022 20:51:05.0847 PM
[ReportManager] Assertion [ValidateEquals] PASSED. Expected [sherlock holmes] and Actual [sherlock holmes]. Comparison Type [EQUALS]. Validation Type [POSITIVE]. @18-01-2022 20:51:05.0847 P

################################################################################################################################################
Starting Execution:	[137 out of 162] test cases in the current suite
Test Method:		[testPackage01.Test_sendGraphqlRequest.sendGraphqlRequestUsingQuery]
################################################################################################################################################
[ReportManager] GraphQl Request is being Performed with the Following Parameters [Service URL: https://api.spacex.land/graphql | Request Body: {"query":"{company {ceo}}"}] @18-01-2022 20:51:05.0972 PM
[ReportManager] Response status code: [200], status line: [HTTP/1.1 200 OK] @18-01-2022 20:51:06.0050 PM
[ReportManager] Assertion Passed: Evaluating the actual response status code against the expected one... @18-01-2022 20:51:06.0051 PM
[ReportManager] Assertion [ValidateComparativeRelation] PASSED. Expected [200] and Actual [200]. Comparison Type [EQUALS]. Validation Type [POSITIVE]. @18-01-2022 20:51:06.0051 PM
[ReportManager] API Action [PerformRequest] successfully performed. With the following test data [Request Type: "POST" | Target Status Code: "200" | Service URL: "https://api.spacex.land/graphql" | Content Type: "application/json" | Response Time: "73ms"]. @18-01-2022 20:51:06.0063 PM
[ReportManager] Successfully created attachment [API Request - Specifications] @18-01-2022 20:51:06.0104 PM
[ReportManager] Successfully created attachment [API Request - JSON Body] @18-01-2022 20:51:06.0186 PM
[ReportManager] Successfully created attachment [API Response - JSON Body] @18-01-2022 20:51:06.0227 PM
[ReportManager] API Action [GetResponseJSONValue] successfully performed. With the following test data [data.company.ceo]. @18-01-2022 20:51:06.0240 PM
[ReportManager] Assertion [ValidateEquals] PASSED. Expected [Elon Musk] and Actual [Elon Musk]. Comparison Type [EQUALS]. Validation Type [POSITIVE]. @18-01-2022 20:51:06.0240 P

################################################################################################################################################
Starting Execution:	[138 out of 162] test cases in the current suite
Test Method:		[testPackage01.Test_MatchJsonSchema.checkAPI_ResponseSchema]
################################################################################################################################################
[ReportManager] Response status code: [200], status line: [HTTP/1.1 200 OK] @18-01-2022 20:51:06.0457 PM
[ReportManager] Assertion Passed: Evaluating the actual response status code against the expected one... @18-01-2022 20:51:06.0457 PM
[ReportManager] Assertion [ValidateComparativeRelation] PASSED. Expected [200] and Actual [200]. Comparison Type [EQUALS]. Validation Type [POSITIVE]. @18-01-2022 20:51:06.0457 PM
[ReportManager] API Action [PerformRequest] successfully performed. With the following test data [Request Type: "GET" | Target Status Code: "200" | Service URL: "http://api.zippopotam.us/us/90210" | Content Type: "*/*" | Response Time: "85ms"]. @18-01-2022 20:51:06.0473 PM
[ReportManager] Successfully created attachment [API Request - Specifications] @18-01-2022 20:51:06.0514 PM
[ReportManager] Successfully created attachment [API Response - JSON Body] @18-01-2022 20:51:06.0598 PM
[ReportManager] File Action [GetAbsolutePath] successfully performed. With the following test data [Relative Folder Path: "src/test/resources/testDataFiles/schema.json"]. @18-01-2022 20:51:06.0599 PM
[ReportManager] File Action [GetAbsolutePath] successfully performed. With the following test data [Relative Folder Path: "/Users/runner/work/SHAFT_ENGINE/SHAFT_ENGINE/src/test/resources/testDataFiles/schema.json"]. @18-01-2022 20:51:07.0436 PM
[ReportManager] File Action [ReadFromFile] successfully performed. With the following test data [File Path: "/Users/runner/work/SHAFT_ENGINE/SHAFT_ENGINE/src/test/resources/testDataFiles/schema.json"]. @18-01-2022 20:51:07.0437 PM
[ReportManager] Assertion Passed: Then I Assert that the API response schema matches that in this file [src/test/resources/testDataFiles/schema.json]. @18-01-2022 20:51:07.0438 PM
[ReportManager] Successfully created attachment [Validation Test Data - Expected JSON Value] @18-01-2022 20:51:07.0480 PM
[ReportManager] Successfully created attachment [Validation Test Data - Actual JSON Value] @18-01-2022 20:51:07.0562 PM
[ReportManager] Assertion [ValidateResponseFileSchema] PASSED. Expected [Response data should match the JSON File in this path '/Users/runner/work/SHAFT_ENGINE/SHAFT_ENGINE/src/test/resources/testDataFiles/schema.json'] and Actual [TRUE]. Comparison Type [EQUALS]. Validation Type [POSITIVE]. @18-01-2022 20:51:07.0562 P
[ReportManager] File Action [GetAbsolutePath] successfully performed. With the following test data [Relative Folder Path: "target/downloadedFiles/"]. @18-01-2022 20:51:07.0688 PM
[ReportManager] Attempting to run locally on: [Mac-64], [Safari], Headless Execution. @18-01-2022 20:51:07.0688 PM
[ReportManager] Successfully Opened Safari. @18-01-2022 20:51:08.0603 PM
[ReportManager] Initial window size: (800, 600) @18-01-2022 20:51:08.0645 PM
[ReportManager] Window size after SWD Maximize: (1176, 803) @18-01-2022 20:51:08.0668 PM
[ReportManager] Browser Action [MaximizeWindow] successfully performed. With the following test data [New screen size is now: (1176, 803)]. @18-01-2022 20:51:08.0668 P

################################################################################################################################################
Starting Execution:	[139 out of 162] test cases in the current suite
Test Method:		[testPackage01.Test_dragAndDrop.dragAndDropJquery]
################################################################################################################################################
[ReportManager] Target URL: [https://jqueryui.com/resources/demos/droppable/default.html] @18-01-2022 20:51:08.0684 PM
[ReportManager] Initial URL: [] @18-01-2022 20:51:08.0745 PM
[ReportManager] Browser Action [NavigateToURL] successfully performed. With the following test data [https://jqueryui.com/resources/demos/droppable/default.html]. @18-01-2022 20:51:09.0188 PM
[ReportManager] Element Action [GetText] successfully performed. With the following test data [
	Drop here
]. @18-01-2022 20:51:09.0230 PM
[ReportManager] Element Action [DragAndDrop] successfully performed. With the following test data [Start point: (8, 18), End point: (8, 18)]. @18-01-2022 20:51:10.0282 PM
[ReportManager] Element Action [GetText] successfully performed. With the following test data [
	Dropped!
]. @18-01-2022 20:51:10.0321 PM
[ReportManager] Assertion Passed: Checking to see if the text has changed after performing drag and drop @18-01-2022 20:51:10.0322 PM
[ReportManager] Assertion [ValidateEquals] PASSED. Expected [
	Drop here
] and Actual [
	Dropped!
]. Comparison Type [EQUALS]. Validation Type [NEGATIVE]. @18-01-2022 20:51:10.0322 P
[ReportManager] Browser Action [CloseCurrentWindow] successfully performed. @18-01-2022 20:51:10.0735 PM
[ReportManager] Successfully created attachment [Browser Action Test Data - CloseCurrentWindow - Actual Value] @18-01-2022 20:51:10.0775 P
[ReportManager] File Action [GetAbsolutePath] successfully performed. With the following test data [Relative Folder Path: "target/downloadedFiles/"]. @18-01-2022 20:51:10.0900 PM
[ReportManager] Attempting to run locally on: [Mac-64], [Safari], Headless Execution. @18-01-2022 20:51:10.0900 PM
[ReportManager] Successfully Opened Safari. @18-01-2022 20:51:11.0767 PM
[ReportManager] Initial window size: (800, 600) @18-01-2022 20:51:11.0803 PM
[ReportManager] Window size after SWD Maximize: (1176, 803) @18-01-2022 20:51:11.0831 PM
[ReportManager] Browser Action [MaximizeWindow] successfully performed. With the following test data [New screen size is now: (1176, 803)]. @18-01-2022 20:51:11.0831 P

################################################################################################################################################
Starting Execution:	[140 out of 162] test cases in the current suite
Test Method:		[testPackage01.Test_dragAndDrop.dragAndDrop]
Test Description:	[TC001 - Test Drag and Drop function.]
################################################################################################################################################
[ReportManager] Target URL: [http://the-internet.herokuapp.com/drag_and_drop] @18-01-2022 20:51:11.0960 PM
[ReportManager] Initial URL: [] @18-01-2022 20:51:11.0989 PM
[ReportManager] Browser Action [NavigateToURL] successfully performed. With the following test data [http://the-internet.herokuapp.com/drag_and_drop]. @18-01-2022 20:51:12.0408 PM
[ReportManager] Attempting Drag and Drop @18-01-2022 20:51:12.0408 PM
[ReportManager] Element Action [DragAndDrop] successfully performed. With the following test data [Start point: (120, 89), End point: (335, 89)]. @18-01-2022 20:51:13.0039 P
[ReportManager] Browser Action [CloseCurrentWindow] successfully performed. @18-01-2022 20:51:13.0593 PM
[ReportManager] Successfully created attachment [Browser Action Test Data - CloseCurrentWindow - Actual Value] @18-01-2022 20:51:13.0635 P
[ReportManager] File Action [GetAbsolutePath] successfully performed. With the following test data [Relative Folder Path: "target/downloadedFiles/"]. @18-01-2022 20:51:13.0761 PM
[ReportManager] Attempting to run locally on: [Mac-64], [Safari], Headless Execution. @18-01-2022 20:51:13.0762 PM
[ReportManager] An Exception Occured with this Message: Could not start a new session. Possible causes are invalid address of the remote server or browser start-up failure.. @18-01-2022 20:51:13.0831 PM
[ReportManager] Successfully created attachment [Exception Stack Trace - org.openqa.selenium.SessionNotCreatedException] @18-01-2022 20:51:13.0872 PM
[ReportManager] Driver Factory Action [createNewLocalDriverInstanceForSafari] failed. With the following test data [Failed to create a session on DESKTOP_SAFARI]. @18-01-2022 20:51:13.0872 P

################################################################################################################################################
Starting Execution:	[141 out of 162] test cases in the current suite
Test Method:		[testPackage01.Test_dragAndDrop.dragAndDropByOffset]
Test Description:	[TC002 - Test Drag and Drop by offset function.]
###############################################################################################################################################

[ReportManager] Successfully loaded the following test data file [src/test/resources/testDataFiles/testSuite01/TestData.xlsx]. @18-01-2022 20:51:14.0290 PM
[ReportManager] Successfully created attachment [Test Data - Excel] @18-01-2022 20:51:14.0371 PM
[ReportManager] File Action [GetAbsolutePath] successfully performed. With the following test data [Relative Folder Path: "target/downloadedFiles/"]. @18-01-2022 20:51:14.0371 PM
[ReportManager] Attempting to run locally on: [Mac-64], [Safari], Headless Execution. @18-01-2022 20:51:14.0371 PM
[ReportManager] Successfully Opened Safari. @18-01-2022 20:51:15.0262 PM
[ReportManager] Initial window size: (800, 600) @18-01-2022 20:51:15.0271 PM
[ReportManager] Window size after SWD Maximize: (1176, 803) @18-01-2022 20:51:15.0299 PM
[ReportManager] Browser Action [MaximizeWindow] successfully performed. With the following test data [New screen size is now: (1176, 803)]. @18-01-2022 20:51:15.0299 P

################################################################################################################################################
Starting Execution:	[142 out of 162] test cases in the current suite
Test Method:		[testPackage01.Test_google.navigateToURLandVerifyGoogleLogoIsDisplayed]
Test Description:	[TC001 - Navigate to URL and Verify Google Logo is Displayed]
################################################################################################################################################
[ReportManager] Target URL: [https://www.google.com/ncr], and after redirection: [https://www.google.com] @18-01-2022 20:51:15.0342 PM
[ReportManager] Initial URL: [] @18-01-2022 20:51:15.0380 PM
[ReportManager] Browser Action [NavigateToURL] successfully performed. With the following test data [https://www.google.com/ncr]. @18-01-2022 20:51:16.0843 PM
[ReportManager] Assertion Passed: Then I Assert that the element found by [By.xpath: //*[@id='hplogo' or @alt='Google']] exists. @18-01-2022 20:51:17.0241 PM
[ReportManager] Successfully created attachment [Screenshot - 1642539077040_navigateToURLandVerifyGoogleLogoIsDisplayed_ValidateElementExists_passed] @18-01-2022 20:51:17.0323 PM
[ReportManager] Assertion [ValidateElementExists] PASSED. Expected [Element Should Exist, locator 'By.xpath: //*[@id='hplogo' or @alt='Google']'] and Actual [Element Exists]. Comparison Type [EQUALS]. Validation Type [POSITIVE]. @18-01-2022 20:51:17.0323 P

################################################################################################################################################
Starting Execution:	[143 out of 162] test cases in the current suite
Test Method:		[testPackage01.Test_google.searchForQueryandAssertResultsNumDisplayed]
Test Description:	[TC002 - Search for Query and Assert that the number of results is displayed]
################################################################################################################################################
[ReportManager] Element Action [Type] successfully performed. With the following test data [SHAFT_Engine]. @18-01-2022 20:51:17.0764 PM
[ReportManager] Element Action [KeyPress] successfully performed. With the following test data [Enter]. @18-01-2022 20:51:17.0837 PM
[ReportManager] Element Action [GetText] successfully performed. With the following test data [About 747,000 results (0.68 seconds)Quick SettingsSee all settingsPrivacySearch historyYour data in SearchUsing SearchExplicit results filterLearn more about SafeSearchHide explicit resultsLanguagesEnglishAdvanced searchAppearanceLight themeDark themeDevice defaultSupportSearch help]. @18-01-2022 20:51:19.0529 PM
[ReportManager] Assertion Passed: Then I Assert that the element found by [By.id: appbar] text does not equal []. @18-01-2022 20:51:20.0061 PM
[ReportManager] Successfully created attachment [Screenshot - 1642539079770_searchForQueryandAssertResultsNumDisplayed_ValidateElementAttribute_passed] @18-01-2022 20:51:20.0106 PM
[ReportManager] Assertion [ValidateElementAttribute] PASSED. Expected [Value Should not be '' for the 'text' attribute, element locator 'By.id: appbar'] and Actual [About 747,000 results (0.68 seconds)Quick SettingsSee all settingsPrivacySearch historyYour data in SearchUsing SearchExplicit results filterLearn more about SafeSearchHide explicit resultsLanguagesEnglishAdvanced searchAppearanceLight themeDark themeDevice defaultSupportSearch help]. Comparison Type [EQUALS]. Validation Type [NEGATIVE]. @18-01-2022 20:51:20.0106 P

################################################################################################################################################
Starting Execution:	[144 out of 162] test cases in the current suite
Test Method:		[testPackage01.Test_google.clickNextThrice]
Test Description:	[TC003 - Clicks the next button to make sure that the framework can scroll element into view before clicking it]
################################################################################################################################################
[ReportManager] Element Action [Click] successfully performed. With the following test data [By.xpath: //span[text()='Next']]. @18-01-2022 20:51:20.0435 P
[ReportManager] Successfully Closed All Drivers. @18-01-2022 20:51:20.0843 P
[ReportManager] File Action [GetAbsolutePath] successfully performed. With the following test data [Relative Folder Path: "target/downloadedFiles/"]. @18-01-2022 20:51:20.0886 PM
[ReportManager] Attempting to run locally on: [Mac-64], [Safari], Headless Execution. @18-01-2022 20:51:20.0886 PM
[ReportManager] Successfully Opened Safari. @18-01-2022 20:51:21.0783 PM
[ReportManager] Initial window size: (800, 600) @18-01-2022 20:51:21.0809 PM
[ReportManager] Window size after SWD Maximize: (1176, 803) @18-01-2022 20:51:21.0828 PM
[ReportManager] Browser Action [MaximizeWindow] successfully performed. With the following test data [New screen size is now: (1176, 803)]. @18-01-2022 20:51:21.0829 P

################################################################################################################################################
Starting Execution:	[145 out of 162] test cases in the current suite
Test Method:		[testPackage01.Test_chainableElementActions.chainElementActions]
################################################################################################################################################
[ReportManager] Target URL: [https://www.google.com/ncr], and after redirection: [https://www.google.com] @18-01-2022 20:51:21.0955 PM
[ReportManager] Initial URL: [] @18-01-2022 20:51:21.0993 PM
[ReportManager] Browser Action [NavigateToURL] successfully performed. With the following test data [https://www.google.com/ncr]. @18-01-2022 20:51:23.0437 PM
[ReportManager] Element Action [Type] successfully performed. With the following test data [chained type 1]. @18-01-2022 20:51:23.0778 PM
[ReportManager] Element Action [Type] successfully performed. With the following test data [chained type 2]. @18-01-2022 20:51:24.0034 PM
[ReportManager] Element Action [TypeAppend] successfully performed. With the following test data [345]. @18-01-2022 20:51:24.0126 PM
[ReportManager] Element Action [GetText] successfully performed. With the following test data [chained type 2345]. @18-01-2022 20:51:24.0222 PM
[ReportManager] Assertion Passed: Then I Assert that the element found by [By.name: q] text is equal to [chained type 2345]. @18-01-2022 20:51:24.0547 PM
[ReportManager] Successfully created attachment [Screenshot - 1642539084353_chainElementActions_ValidateElementAttribute_passed] @18-01-2022 20:51:24.0630 PM
[ReportManager] Assertion [ValidateElementAttribute] PASSED. Expected [Value Should be 'chained type 2345' for the 'text' attribute, element locator 'By.name: q'] and Actual [chained type 2345]. Comparison Type [EQUALS]. Validation Type [POSITIVE]. @18-01-2022 20:51:24.0630 P
[ReportManager] Successfully Closed All Drivers. @18-01-2022 20:51:25.0024 P
[ReportManager] File Action [GetAbsolutePath] successfully performed. With the following test data [Relative Folder Path: "target/downloadedFiles/"]. @18-01-2022 20:51:25.0148 PM
[ReportManager] Attempting to run locally on: [Mac-64], [Safari], Headless Execution. @18-01-2022 20:51:25.0148 PM
[ReportManager] Successfully Opened Safari. @18-01-2022 20:51:26.0080 PM
[ReportManager] Initial window size: (800, 600) @18-01-2022 20:51:26.0108 PM
[ReportManager] Window size after SWD Maximize: (1176, 803) @18-01-2022 20:51:26.0127 PM
[ReportManager] Browser Action [MaximizeWindow] successfully performed. With the following test data [New screen size is now: (1176, 803)]. @18-01-2022 20:51:26.0128 P

################################################################################################################################################
Starting Execution:	[146 out of 162] test cases in the current suite
Test Method:		[testPackage01.Test_RelativeLocators.relativeLocatorsTest1]
################################################################################################################################################
[ReportManager] Target URL: [https://duckduckgo.com/] @18-01-2022 20:51:26.0161 PM
[ReportManager] Initial URL: [] @18-01-2022 20:51:26.0217 PM
[ReportManager] Browser Action [NavigateToURL] successfully performed. With the following test data [https://duckduckgo.com/]. @18-01-2022 20:51:27.0058 PM
[ReportManager] Element Action [Type] successfully performed. With the following test data [SHAFT_Engine]. @18-01-2022 20:51:27.0316 PM
[ReportManager] Element Action [KeyPress] successfully performed. With the following test data [ENTER]. @18-01-2022 20:51:27.0380 PM
[ReportManager] Element Action [GetText] successfully performed. With the following test data [GitHub - MohabMohie/SHAFT_ENGINE: SHAFT_ENGINE is a Test ...]. @18-01-2022 20:51:29.0604 PM
[ReportManager] Assertion Passed: Then I Assert that the element found by [Relative Locator: {root={xpath=//a[@class='result__a js-result-title-link']}, filters=[{kind=below, args=[{xpath=//input[@name='q']}]}]}] text does not equal []. @18-01-2022 20:51:30.0079 PM
[ReportManager] Successfully created attachment [Screenshot - 1642539089839_relativeLocatorsTest1_ValidateElementAttribute_passed] @18-01-2022 20:51:30.0167 PM
[ReportManager] Assertion [ValidateElementAttribute] PASSED. Expected [Value Should not be '' for the 'text' attribute, element locator '[unknown locator]'] and Actual [GitHub - MohabMohie/SHAFT_ENGINE: SHAFT_ENGINE is a Test ...]. Comparison Type [EQUALS]. Validation Type [NEGATIVE]. @18-01-2022 20:51:30.0167 P
[ReportManager] Browser Action [CloseCurrentWindow] successfully performed. @18-01-2022 20:51:30.0642 PM
[ReportManager] Successfully created attachment [Browser Action Test Data - CloseCurrentWindow - Actual Value] @18-01-2022 20:51:30.0683 P

################################################################################################################################################
Starting Execution:	[147 out of 162] test cases in the current suite
Test Method:		[testPackage01.Test_JsonCompareWithSpecialCharacters.specialCharacters]
################################################################################################################################################
[ReportManager] File Action [GetAbsolutePath] successfully performed. With the following test data [Relative Folder Path: "src/test/resources/testDataFiles/specialCharacters.json"]. @18-01-2022 20:51:30.0813 PM
[ReportManager] File Action [ReadFromFile] successfully performed. With the following test data [File Path: "/Users/runner/work/SHAFT_ENGINE/SHAFT_ENGINE/src/test/resources/testDataFiles/specialCharacters.json"]. @18-01-2022 20:51:30.0814 PM
[ReportManager] Successfully created attachment [File Action Actual Result - Command Log] @18-01-2022 20:51:30.0897 PM
[ReportManager] Comparing the provided API response with the file at this path "src/test/resources/testDataFiles/specialCharacters.json", comparison type "EQUALS" @18-01-2022 20:51:30.0900 PM
[ReportManager] API Action [CompareJSON] successfully performed. With the following test data [src/test/resources/testDataFiles/specialCharacters.json]. @18-01-2022 20:51:30.0909 PM
[ReportManager] File Action [GetAbsolutePath] successfully performed. With the following test data [Relative Folder Path: "src/test/resources/testDataFiles/specialCharacters.json"]. @18-01-2022 20:51:30.0909 PM
[ReportManager] File Action [ReadFromFile] successfully performed. With the following test data [File Path: "/Users/runner/work/SHAFT_ENGINE/SHAFT_ENGINE/src/test/resources/testDataFiles/specialCharacters.json"]. @18-01-2022 20:51:30.0909 PM
[ReportManager] Verification [ValidateJSONFileContent] PASSED. Expected [Response data should match the JSON File in this path 'src/test/resources/testDataFiles/specialCharacters.json'] and Actual [TRUE]. Comparison Type [EQUALS]. Validation Type [POSITIVE]. @18-01-2022 20:51:30.0915 PM
[ReportManager] Successfully created attachment [Validation Test Data - Expected JSON Value] @18-01-2022 20:51:30.0997 PM
[ReportManager] Successfully created attachment [Validation Test Data - Actual JSON Value] @18-01-2022 20:51:31.0039 P

################################################################################################################################################
Starting Execution:	[148 out of 162] test cases in the current suite
Test Method:		[testPackage01.Test_JsonCompareWithSpecialCharacters.specialCharacters_assertion]
################################################################################################################################################
[ReportManager] File Action [GetAbsolutePath] successfully performed. With the following test data [Relative Folder Path: "src/test/resources/testDataFiles/specialCharacters.json"]. @18-01-2022 20:51:31.0168 PM
[ReportManager] File Action [ReadFromFile] successfully performed. With the following test data [File Path: "/Users/runner/work/SHAFT_ENGINE/SHAFT_ENGINE/src/test/resources/testDataFiles/specialCharacters.json"]. @18-01-2022 20:51:31.0169 PM
[ReportManager] Successfully created attachment [File Action Actual Result - Command Log] @18-01-2022 20:51:31.0250 PM
[ReportManager] Comparing the provided API response with the file at this path "src/test/resources/testDataFiles/specialCharacters.json", comparison type "CONTAINS" @18-01-2022 20:51:31.0251 PM
[ReportManager] API Action [CompareJSON] successfully performed. With the following test data [src/test/resources/testDataFiles/specialCharacters.json]. @18-01-2022 20:51:31.0267 PM
[ReportManager] File Action [GetAbsolutePath] successfully performed. With the following test data [Relative Folder Path: "src/test/resources/testDataFiles/specialCharacters.json"]. @18-01-2022 20:51:31.0268 PM
[ReportManager] File Action [ReadFromFile] successfully performed. With the following test data [File Path: "/Users/runner/work/SHAFT_ENGINE/SHAFT_ENGINE/src/test/resources/testDataFiles/specialCharacters.json"]. @18-01-2022 20:51:31.0268 PM
[ReportManager] Assertion Passed: trying out the log message @18-01-2022 20:51:31.0273 PM
[ReportManager] Successfully created attachment [Validation Test Data - Expected JSON Value] @18-01-2022 20:51:31.0355 PM
[ReportManager] Successfully created attachment [Validation Test Data - Actual JSON Value] @18-01-2022 20:51:31.0396 PM
[ReportManager] Assertion [ValidateJSONFileContent] PASSED. Expected [Response data should match the JSON File in this path 'src/test/resources/testDataFiles/specialCharacters.json'] and Actual [TRUE]. Comparison Type [CONTAINS]. Validation Type [POSITIVE]. @18-01-2022 20:51:31.0396 P

################################################################################################################################################
Starting Execution:	[149 out of 162] test cases in the current suite
Test Method:		[testPackage01.Test_SkipDueToIssue.doNotSkip]
################################################################################################################################################
[ReportManager] This should not be skipped. @18-01-2022 20:51:31.0523 P

################################################################################################################################################
Starting Execution:	[150 out of 162] test cases in the current suite
Test Method:		[testPackage01.Test_SkipDueToIssue.skip]
################################################################################################################################################
[ReportManager] This should be skipped. @18-01-2022 20:51:31.0654 P

################################################################################################################################################
Starting Execution:	[151 out of 162] test cases in the current suite
Test Method:		[testPackage01.Test_SkipDueToIssue.skip2]
################################################################################################################################################
[ReportManager] This should be skipped. @18-01-2022 20:51:31.0782 P

################################################################################################################################################
Starting Execution:	[152 out of 162] test cases in the current suite
Test Method:		[testPackage01.Test_JSONFileManager.readStringFromJson]
################################################################################################################################################
[ReportManager] File Action [GetAbsolutePath] successfully performed. With the following test data [Relative Folder Path: "src/test/resources/testDataFiles/simpleJSON.json"]. @18-01-2022 20:51:31.0910 PM
[ReportManager] Successfully loaded the following test data file [src/test/resources/testDataFiles/simpleJSON.json]. @18-01-2022 20:51:31.0910 PM
[ReportManager] Successfully created attachment [Test Data - JSON] @18-01-2022 20:51:31.0994 PM
[ReportManager] File Action [GetAbsolutePath] successfully performed. With the following test data [Relative Folder Path: "src/test/resources/testDataFiles/simpleJSON.json"]. @18-01-2022 20:51:31.0996 PM
[ReportManager] Assertion [ValidateEquals] PASSED. Expected [Mohab Mohie] and Actual [Mohab Mohie]. Comparison Type [EQUALS]. Validation Type [POSITIVE]. @18-01-2022 20:51:32.0010 P
[ReportManager] File Action [GetAbsolutePath] successfully performed. With the following test data [Relative Folder Path: "target/downloadedFiles/"]. @18-01-2022 20:51:32.0136 PM
[ReportManager] Attempting to run locally on: [Mac-64], [Safari], Headless Execution. @18-01-2022 20:51:32.0137 PM
[ReportManager] Successfully Opened Safari. @18-01-2022 20:51:32.0980 PM
[ReportManager] Initial window size: (800, 600) @18-01-2022 20:51:33.0008 PM
[ReportManager] Window size after SWD Maximize: (1176, 803) @18-01-2022 20:51:33.0025 PM
[ReportManager] Browser Action [MaximizeWindow] successfully performed. With the following test data [New screen size is now: (1176, 803)]. @18-01-2022 20:51:33.0026 P

################################################################################################################################################
Starting Execution:	[153 out of 162] test cases in the current suite
Test Method:		[testPackage01.Test_assertEquals.test_assertElementAttribute]
################################################################################################################################################
[ReportManager] Target URL: [https://www.google.com/ncr], and after redirection: [https://www.google.com] @18-01-2022 20:51:33.0068 PM
[ReportManager] Initial URL: [] @18-01-2022 20:51:33.0121 PM
[ReportManager] Browser Action [NavigateToURL] successfully performed. With the following test data [https://www.google.com/ncr]. @18-01-2022 20:51:34.0483 PM
[ReportManager] Element Action [Type] successfully performed. With the following test data [INC_004010050:Another SCHEDULER with the same name [Duplicate Job Name] already exists.]. @18-01-2022 20:51:35.0879 PM
[ReportManager] Element Action [GetText] successfully performed. With the following test data [INC_004010050:Another SCHEDULER with the same name [Duplicate Job Name] already exists.]. @18-01-2022 20:51:35.0944 PM
[ReportManager] Assertion [ValidateElementAttribute] PASSED. Expected [Value Should be 'INC_004010050:Another SCHEDULER with the same name \[Duplicate Job Name\] already exists.' for the 'text' attribute, element locator 'By.name: q'] and Actual [INC_004010050:Another SCHEDULER with the same name [Duplicate Job Name] already exists.]. Comparison Type [MATCHES]. Validation Type [POSITIVE]. @18-01-2022 20:51:36.0260 PM
[ReportManager] Successfully created attachment [Screenshot - 1642539096072_test_assertElementAttribute_ValidateElementAttribute_passed] @18-01-2022 20:51:36.0342 P
[ReportManager] Browser Action [CloseCurrentWindow] successfully performed. @18-01-2022 20:51:36.0866 PM
[ReportManager] Successfully created attachment [Browser Action Test Data - CloseCurrentWindow - Actual Value] @18-01-2022 20:51:36.0907 P
[ReportManager] File Action [GetAbsolutePath] successfully performed. With the following test data [Relative Folder Path: "target/downloadedFiles/"]. @18-01-2022 20:51:36.0990 PM
[ReportManager] Attempting to run locally on: [Mac-64], [Safari], Headless Execution. @18-01-2022 20:51:36.0990 PM
[ReportManager] Successfully Opened Safari. @18-01-2022 20:51:37.0850 PM
[ReportManager] Initial window size: (800, 600) @18-01-2022 20:51:37.0869 PM
[ReportManager] Window size after SWD Maximize: (1176, 803) @18-01-2022 20:51:37.0899 PM
[ReportManager] Browser Action [MaximizeWindow] successfully performed. With the following test data [New screen size is now: (1176, 803)]. @18-01-2022 20:51:37.0900 P

################################################################################################################################################
Starting Execution:	[154 out of 162] test cases in the current suite
Test Method:		[testPackage01.Test_IsElementClickable.testIsElementClickable]
################################################################################################################################################
[ReportManager] Target URL: [https://the-internet.herokuapp.com/] @18-01-2022 20:51:38.0025 PM
[ReportManager] Initial URL: [] @18-01-2022 20:51:38.0066 PM
[ReportManager] Browser Action [NavigateToURL] successfully performed. With the following test data [https://the-internet.herokuapp.com/]. @18-01-2022 20:51:38.0568 PM
[ReportManager] Element Action [IsElementClickable] successfully performed. @18-01-2022 20:51:38.0650 PM
[ReportManager] Assertion [ValidateTrue] PASSED. Expected [TRUE] and Actual [TRUE]. Validation Type [POSITIVE]. @18-01-2022 20:51:38.0650 P
[ReportManager] Browser Action [CloseCurrentWindow] successfully performed. @18-01-2022 20:51:39.0163 PM
[ReportManager] Successfully created attachment [Browser Action Test Data - CloseCurrentWindow - Actual Value] @18-01-2022 20:51:39.0205 P
[ReportManager] Successfully loaded the following test data file [src/test/resources/testDataFiles/testSuite01/TestData.xlsx]. @18-01-2022 20:51:39.0365 PM
[ReportManager] Successfully created attachment [Test Data - Excel] @18-01-2022 20:51:39.0457 PM
[ReportManager] Attempting to run using Playwright locally on: [Mac-64], [Safari], Headless Execution. @18-01-2022 20:53:45.0329 PM
[ReportManager] File Action [GetAbsolutePath] successfully performed. With the following test data [Relative Folder Path: "target/downloadedFiles/"]. @18-01-2022 20:53:45.0330 PM
[ReportManager] Initial window size: (1280, 720) @18-01-2022 20:53:49.0957 PM
[ReportManager] Window size after Toolkit: com.microsoft.playwright.options.ViewportSize@50dd3bd2 @18-01-2022 20:53:49.0966 PM
[ReportManager] Browser Action [MaximizeWindow] successfully performed. With the following test data [New screen size is now: (1920, 1080)]. @18-01-2022 20:53:49.0967 P

################################################################################################################################################
Starting Execution:	[155 out of 162] test cases in the current suite
Test Method:		[testPackage01.Test_google_playwright.navigateToURLandVerifyGoogleLogoIsDisplayed]
Test Description:	[TC001 - Navigate to URL and Verify Google Logo is Displayed]
################################################################################################################################################
[ReportManager] Target URL: [https://www.google.com/ncr], and after redirection: [https://www.google.com] @18-01-2022 20:53:50.0140 PM
[ReportManager] Initial URL: [about:blank] @18-01-2022 20:53:50.0526 PM
[ReportManager] Browser Action [NavigateToURL] successfully performed. With the following test data [https://www.google.com/ncr]. @18-01-2022 20:53:52.0106 PM
[ReportManager] Assertion [ValidateElementExists] PASSED. Expected [Element Should Exist, locator 'xpath=//*[@id='hplogo' or @alt='Google']'] and Actual [Element Exists]. Comparison Type [EQUALS]. Validation Type [POSITIVE]. @18-01-2022 20:53:52.0403 PM
[ReportManager] Successfully created attachment [Screenshot - 1642539232276_navigateToURLandVerifyGoogleLogoIsDisplayed_ValidateElementExists_passed] @18-01-2022 20:53:52.0404 P

################################################################################################################################################
Starting Execution:	[156 out of 162] test cases in the current suite
Test Method:		[testPackage01.Test_google_playwright.searchForQueryandAssertResultsNumDisplayed]
Test Description:	[TC002 - Search for Query and Assert that the number of results is displayed]
################################################################################################################################################
[ReportManager] Element Action [Type] successfully performed. With the following test data [SHAFT_Engine]. @18-01-2022 20:53:52.0659 PM
[ReportManager] Element Action [KeyPress] successfully performed. With the following test data [Enter]. @18-01-2022 20:53:52.0706 PM
[ReportManager] Element Action [GetText] successfully performed. With the following test data [About 747,000 results (0.59 seconds)
]. @18-01-2022 20:53:54.0453 PM
[ReportManager] Assertion [ValidateElementAttribute] PASSED. Expected [Value Should not be '' for the 'text' attribute, element locator 'xpath=//div[@id='appbar']'] and Actual [About 747,000 results (0.59 seconds)
]. Comparison Type [EQUALS]. Validation Type [NEGATIVE]. @18-01-2022 20:53:55.0290 PM
[ReportManager] Successfully created attachment [Screenshot - 1642539235150_searchForQueryandAssertResultsNumDisplayed_ValidateElementAttribute_passed] @18-01-2022 20:53:55.0292 P

################################################################################################################################################
Starting Execution:	[157 out of 162] test cases in the current suite
Test Method:		[testPackage01.Test_google_playwright.clickNextThrice]
Test Description:	[TC003 - Clicks the next button to make sure that the framework can scroll element into view before clicking it]
################################################################################################################################################
[ReportManager] Element Action [Click] successfully performed. With the following test data [Next]. @18-01-2022 20:53:55.0576 P
[ReportManager] Failed to find video recording. @18-01-2022 20:53:55.0578 PM
[ReportManager] Successfully Closed PlayWright Driver. @18-01-2022 20:53:55.0667 P
[ReportManager] File Action [GetAbsolutePath] successfully performed. With the following test data [Relative Folder Path: "target/downloadedFiles/"]. @18-01-2022 20:53:55.0669 PM
[ReportManager] Attempting to run locally on: [Mac-64], [Safari], Headless Execution. @18-01-2022 20:53:55.0669 PM
[ReportManager] Successfully Opened Safari. @18-01-2022 20:53:56.0740 PM
[ReportManager] Initial window size: (800, 600) @18-01-2022 20:53:56.0754 PM
[ReportManager] Window size after SWD Maximize: (1176, 803) @18-01-2022 20:53:56.0768 PM
[ReportManager] Browser Action [MaximizeWindow] successfully performed. With the following test data [New screen size is now: (1176, 803)]. @18-01-2022 20:53:56.0768 P

################################################################################################################################################
Starting Execution:	[158 out of 162] test cases in the current suite
Test Method:		[testPackage01.Test_verifyEquals.test_assertElementAttribute]
################################################################################################################################################
[ReportManager] Target URL: [https://www.google.com/ncr], and after redirection: [https://www.google.com] @18-01-2022 20:53:56.0811 PM
[ReportManager] Initial URL: [] @18-01-2022 20:53:56.0843 PM
[ReportManager] Browser Action [NavigateToURL] successfully performed. With the following test data [https://www.google.com/ncr]. @18-01-2022 20:53:58.0306 PM
[ReportManager] Element Action [Type] successfully performed. With the following test data [INC_004010050:Another SCHEDULER with the same name [Duplicate Job Name] already exists.]. @18-01-2022 20:53:59.0324 PM
[ReportManager] Element Action [GetText] successfully performed. With the following test data [INC_004010050:Another SCHEDULER with the same name [Duplicate Job Name] already exists.]. @18-01-2022 20:53:59.0420 PM
[ReportManager] Verification [ValidateElementAttribute] PASSED. Expected [Value Should be 'INC_004010050:Another SCHEDULER with the same name \[Duplicate Job Name\] already exists.' for the 'text' attribute, element locator 'By.name: q'] and Actual [INC_004010050:Another SCHEDULER with the same name [Duplicate Job Name] already exists.]. Comparison Type [MATCHES]. Validation Type [POSITIVE]. @18-01-2022 20:53:59.0575 PM
[ReportManager] Successfully created attachment [Screenshot - 1642539239512_test_assertElementAttribute_ValidateElementAttribute_passed] @18-01-2022 20:53:59.0576 P
[ReportManager] Browser Action [CloseCurrentWindow] successfully performed. @18-01-2022 20:53:59.0942 PM
[ReportManager] Successfully created attachment [Browser Action Test Data - CloseCurrentWindow - Actual Value] @18-01-2022 20:53:59.0943 P

################################################################################################################################################
Starting Execution:	[159 out of 162] test cases in the current suite
Test Method:		[testPackage01.Test_SelectedValue.multipleSelect]
################################################################################################################################################
[ReportManager] File Action [GetAbsolutePath] successfully performed. With the following test data [Relative Folder Path: "target/downloadedFiles/"]. @18-01-2022 20:53:59.0946 PM
[ReportManager] Attempting to run locally on: [Mac-64], [GoogleChrome], Headless Execution. @18-01-2022 20:53:59.0947 PM
[ReportManager] Identifying OS/Driver combination and selecting the correct driver version automatically. Please note that if a new driver executable will be downloaded it may take some time... @18-01-2022 20:53:59.0947 PM
[ReportManager] Successfully Opened Google Chrome. @18-01-2022 20:54:03.0243 PM
[ReportManager] Initial window size: (1920, 1080) @18-01-2022 20:54:03.0262 PM
[ReportManager] Window size after SWD Maximize: (1920, 1080) @18-01-2022 20:54:03.0491 PM
[ReportManager] Window size after Toolkit: (1920, 1080) @18-01-2022 20:54:03.0963 PM
[ReportManager] Browser Action [MaximizeWindow] successfully performed. With the following test data [New screen size is now: (1920, 1080)]. @18-01-2022 20:54:03.0967 PM
[ReportManager] Target URL: [https://yari-demos.prod.mdn.mozit.cloud/en-US/docs/Web/HTML/Element/select/_sample_.Advanced_select_with_multiple_features.html] @18-01-2022 20:54:03.0967 PM
[ReportManager] Initial URL: [data:,] @18-01-2022 20:54:04.0008 PM
[ReportManager] Browser Action [NavigateToURL] successfully performed. With the following test data [https://yari-demos.prod.mdn.mozit.cloud/en-US/docs/Web/HTML/Element/select/_sample_.Advanced_select_with_multiple_features.html]. @18-01-2022 20:54:04.0270 PM
[ReportManager] Element Action [Select] successfully performed. With the following test data [Dog]. @18-01-2022 20:54:04.0483 PM
[ReportManager] Element Action [Select] successfully performed. With the following test data [Cat]. @18-01-2022 20:54:04.0652 PM
[ReportManager] Element Action [GetSelectedText] successfully performed. With the following test data [DogCat]. @18-01-2022 20:54:04.0749 PM
[ReportManager] DogCat @18-01-2022 20:54:04.0749 PM
[ReportManager] Element Action [GetSelectedText] successfully performed. With the following test data [DogCat]. @18-01-2022 20:54:04.0831 PM
[ReportManager] Assertion [ValidateElementAttribute] PASSED. Expected [Value Should be 'DogCat' for the 'selectedText' attribute, element locator 'By.tagName: select'] and Actual [DogCat]. Comparison Type [EQUALS]. Validation Type [POSITIVE]. @18-01-2022 20:54:05.0469 PM
[ReportManager] Successfully created attachment [Screenshot - 1642539245322_multipleSelect_ValidateElementAttribute_passed] @18-01-2022 20:54:05.0470 PM
[ReportManager] Browser Action [CloseCurrentWindow] successfully performed. @18-01-2022 20:54:05.0795 PM
[ReportManager] Successfully created attachment [Browser Action Test Data - CloseCurrentWindow - Actual Value] @18-01-2022 20:54:05.0796 P

################################################################################################################################################
Starting Execution:	[160 out of 162] test cases in the current suite
Test Method:		[testPackage01.Test_SelectedValue.simpleSelect]
################################################################################################################################################
[ReportManager] File Action [GetAbsolutePath] successfully performed. With the following test data [Relative Folder Path: "target/downloadedFiles/"]. @18-01-2022 20:54:05.0801 PM
[ReportManager] Attempting to run locally on: [Mac-64], [GoogleChrome], Headless Execution. @18-01-2022 20:54:05.0801 PM
[ReportManager] Identifying OS/Driver combination and selecting the correct driver version automatically. Please note that if a new driver executable will be downloaded it may take some time... @18-01-2022 20:54:05.0801 PM
[ReportManager] Successfully Opened Google Chrome. @18-01-2022 20:54:06.0419 PM
[ReportManager] Initial window size: (1920, 1080) @18-01-2022 20:54:06.0422 PM
[ReportManager] Window size after SWD Maximize: (1920, 1080) @18-01-2022 20:54:06.0566 PM
[ReportManager] Window size after Toolkit: (1920, 1080) @18-01-2022 20:54:07.0089 PM
[ReportManager] Browser Action [MaximizeWindow] successfully performed. With the following test data [New screen size is now: (1920, 1080)]. @18-01-2022 20:54:07.0093 PM
[ReportManager] Target URL: [https://yari-demos.prod.mdn.mozit.cloud/en-US/docs/Web/HTML/Element/select/_sample_.Basic_select.html] @18-01-2022 20:54:07.0093 PM
[ReportManager] Initial URL: [data:,] @18-01-2022 20:54:07.0123 PM
[ReportManager] Browser Action [NavigateToURL] successfully performed. With the following test data [https://yari-demos.prod.mdn.mozit.cloud/en-US/docs/Web/HTML/Element/select/_sample_.Basic_select.html]. @18-01-2022 20:54:07.0338 PM
[ReportManager] Element Action [Select] successfully performed. With the following test data [Third Value]. @18-01-2022 20:54:07.0645 PM
[ReportManager] Element Action [GetSelectedText] successfully performed. With the following test data [Third Value]. @18-01-2022 20:54:07.0716 PM
[ReportManager] Third Value @18-01-2022 20:54:07.0716 PM
[ReportManager] Element Action [GetSelectedText] successfully performed. With the following test data [Third Value]. @18-01-2022 20:54:07.0787 PM
[ReportManager] Assertion [ValidateElementAttribute] PASSED. Expected [Value Should be 'Third Value' for the 'selectedText' attribute, element locator 'By.tagName: select'] and Actual [Third Value]. Comparison Type [EQUALS]. Validation Type [POSITIVE]. @18-01-2022 20:54:08.0358 PM
[ReportManager] Successfully created attachment [Screenshot - 1642539248250_simpleSelect_ValidateElementAttribute_passed] @18-01-2022 20:54:08.0359 PM
[ReportManager] Browser Action [CloseCurrentWindow] successfully performed. @18-01-2022 20:54:08.0637 PM
[ReportManager] Successfully created attachment [Browser Action Test Data - CloseCurrentWindow - Actual Value] @18-01-2022 20:54:08.0638 P
[ReportManager] File Action [GetAbsolutePath] successfully performed. With the following test data [Relative Folder Path: "target/downloadedFiles/"]. @18-01-2022 20:54:08.0640 PM
[ReportManager] Attempting to run locally on: [Mac-64], [Safari], Headless Execution. @18-01-2022 20:54:08.0641 PM
[ReportManager] Successfully Opened Safari. @18-01-2022 20:54:09.0505 PM
[ReportManager] Initial window size: (800, 600) @18-01-2022 20:54:09.0543 PM
[ReportManager] Window size after SWD Maximize: (1176, 803) @18-01-2022 20:54:09.0560 PM
[ReportManager] Browser Action [MaximizeWindow] successfully performed. With the following test data [New screen size is now: (1176, 803)]. @18-01-2022 20:54:09.0561 P

################################################################################################################################################
Starting Execution:	[161 out of 162] test cases in the current suite
Test Method:		[testPackage01.Test_dynamicLoading.dynamicLoading_elementIsHidden]
################################################################################################################################################
[ReportManager] Target URL: [https://the-internet.herokuapp.com/dynamic_loading/1] @18-01-2022 20:54:09.0564 PM
[ReportManager] Initial URL: [] @18-01-2022 20:54:09.0636 PM
[ReportManager] Browser Action [NavigateToURL] successfully performed. With the following test data [https://the-internet.herokuapp.com/dynamic_loading/1]. @18-01-2022 20:54:10.0198 PM
[ReportManager] Element Action [Click] successfully performed. With the following test data [By.xpath: //button[text()='Start']]. @18-01-2022 20:54:10.0461 PM
[ReportManager] Element Action [GetText] successfully performed. With the following test data [
    Hello World!
  ]. @18-01-2022 20:54:10.0520 P
[ReportManager] Browser Action [CloseCurrentWindow] successfully performed. @18-01-2022 20:54:10.0977 PM
[ReportManager] Successfully created attachment [Browser Action Test Data - CloseCurrentWindow - Actual Value] @18-01-2022 20:54:10.0977 P
[ReportManager] File Action [GetAbsolutePath] successfully performed. With the following test data [Relative Folder Path: "target/downloadedFiles/"]. @18-01-2022 20:54:10.0979 PM
[ReportManager] Attempting to run locally on: [Mac-64], [Safari], Headless Execution. @18-01-2022 20:54:10.0980 PM
[ReportManager] Successfully Opened Safari. @18-01-2022 20:54:11.0824 PM
[ReportManager] Initial window size: (800, 600) @18-01-2022 20:54:11.0851 PM
[ReportManager] Window size after SWD Maximize: (1176, 803) @18-01-2022 20:54:11.0871 PM
[ReportManager] Browser Action [MaximizeWindow] successfully performed. With the following test data [New screen size is now: (1176, 803)]. @18-01-2022 20:54:11.0873 P

################################################################################################################################################
Starting Execution:	[162 out of 162] test cases in the current suite
Test Method:		[testPackage01.Test_dynamicLoading.dynamicLoading_elementIsRendered]
################################################################################################################################################
[ReportManager] Target URL: [https://the-internet.herokuapp.com/dynamic_loading/2] @18-01-2022 20:54:11.0878 PM
[ReportManager] Initial URL: [] @18-01-2022 20:54:11.0924 PM
[ReportManager] Browser Action [NavigateToURL] successfully performed. With the following test data [https://the-internet.herokuapp.com/dynamic_loading/2]. @18-01-2022 20:54:12.0513 PM
[ReportManager] Element Action [Click] successfully performed. With the following test data [By.xpath: //button[text()='Start']]. @18-01-2022 20:54:12.0738 PM
[ReportManager] Element Action [GetText] successfully performed. With the following test data [Hello World!]. @18-01-2022 20:54:18.0182 PM
[ReportManager] Assertion [ValidateElementAttribute] PASSED. Expected [Value Should be 'Hello World!' for the 'text' attribute, element locator 'By.id: finish'] and Actual [Hello World!]. Comparison Type [CONTAINS]. Validation Type [POSITIVE]. @18-01-2022 20:54:18.0328 PM
[ReportManager] Successfully created attachment [Screenshot - 1642539258267_dynamicLoading_elementIsRendered_ValidateElementAttribute_passed] @18-01-2022 20:54:18.0329 P
[ReportManager] Browser Action [CloseCurrentWindow] successfully performed. @18-01-2022 20:54:18.0731 PM
[ReportManager] Successfully created attachment [Browser Action Test Data - CloseCurrentWindow - Actual Value] @18-01-2022 20:54:18.0732 P
[ReportManager] Successfully created attachment [SHAFT Engine Logs - Execution log] @18-01-2022 20:54:18.0768 PM

################################################################################################################################################
This test run was powered by SHAFT Engine Version: [SHAFT Engine v6.1.20220113]
SHAFT Engine is licensed under the MIT License: [https://github.com/MohabMohie/SHAFT_ENGINE/blob/master/LICENSE].
################################################################################################################################################