################################################################################################################################################
Detected SHAFT Engine Version: [SHAFT Engine v6.1.20220113]
################################################################################################################################################
[ReportManager] File Action [GetAbsolutePath] successfully performed. With the following test data [Relative Folder Path: "target/downloadedFiles/"]. @07-02-2022 01:51:08.0226 AM
[ReportManager] Attempting to run locally on: [Mac-64], [Safari], Headless Execution. @07-02-2022 01:51:08.0248 AM
[ReportManager] Successfully Opened Safari. @07-02-2022 01:51:17.0240 AM
[ReportManager] Initial window size: (800, 600) @07-02-2022 01:51:17.0426 AM
[ReportManager] Window size after SWD Maximize: (1176, 802) @07-02-2022 01:51:17.0475 AM
[ReportManager] Browser Action [MaximizeWindow] successfully performed. With the following test data [New screen size is now: (1176, 802)]. @07-02-2022 01:51:17.0520 A

################################################################################################################################################
Starting Execution:	[1 out of 162] test cases in the current suite
Test Method:		[unitTests.tests_element_elementActions.waitForElementToBePresent_false_expectedToFail]
################################################################################################################################################
[ReportManager] Target URL: [https://www.google.com/ncr], and after redirection: [www.google.com] @07-02-2022 01:51:17.0780 AM
[ReportManager] Initial URL: [] @07-02-2022 01:51:17.0900 AM
[ReportManager] Browser Action [NavigateToURL] successfully performed. With the following test data [https://www.google.com/ncr]. @07-02-2022 01:51:19.0904 AM
[ReportManager] Waiting for element to be present; elementLocator [By.xpath: //*[@id='hplogo' or @alt='Google']], numberOfTries[1], stateOfPresence[false]... @07-02-2022 01:51:19.0916 AM
[ReportManager] Element Action [WaitForElementToBePresent] failed. With the following test data [waited for the element's state of presence to be (false). Element locator (By.xpath: //*[@id='hplogo' or @alt='Google'])]. @07-02-2022 01:51:23.0566 AM
[ReportManager] Successfully created attachment [Screenshot - 1644198680062_waitForElementToBePresent_false_expectedToFail_WaitForElementToBePresent_failed] @07-02-2022 01:51:23.0612 A
[ReportManager] Browser Action [CloseCurrentWindow] successfully performed. @07-02-2022 01:51:23.0853 AM
[ReportManager] Successfully created attachment [Browser Action Test Data - CloseCurrentWindow - Actual Value] @07-02-2022 01:51:23.0855 A
[ReportManager] File Action [GetAbsolutePath] successfully performed. With the following test data [Relative Folder Path: "target/downloadedFiles/"]. @07-02-2022 01:51:23.0873 AM
[ReportManager] Attempting to run locally on: [Mac-64], [Safari], Headless Execution. @07-02-2022 01:51:23.0873 AM
[ReportManager] An Exception Occured with this Message: Could not start a new session. Possible causes are invalid address of the remote server or browser start-up failure.. @07-02-2022 01:51:24.0290 AM
[ReportManager] Successfully created attachment [Exception Stack Trace - org.openqa.selenium.SessionNotCreatedException] @07-02-2022 01:51:24.0291 AM
[ReportManager] Driver Factory Action [createNewLocalDriverInstanceForSafari] failed. With the following test data [Failed to create a session on DESKTOP_SAFARI]. @07-02-2022 01:51:24.0292 A

################################################################################################################################################
Starting Execution:	[2 out of 162] test cases in the current suite
Test Method:		[unitTests.tests_element_elementActions.waitForElementToBePresent_false_expectedToPass]
###############################################################################################################################################



################################################################################################################################################
Starting Execution:	[3 out of 162] test cases in the current suite
Test Method:		[unitTests.tests_element_elementActions.waitForElementToBePresent_moreThanOneElement_expectedToFail]
###############################################################################################################################################



################################################################################################################################################
Starting Execution:	[4 out of 162] test cases in the current suite
Test Method:		[unitTests.tests_element_elementActions.waitForElementToBePresent_true_expectedToFail]
###############################################################################################################################################



################################################################################################################################################
Starting Execution:	[5 out of 162] test cases in the current suite
Test Method:		[unitTests.tests_element_elementActions.waitForElementToBePresent_true_expectedToPass]
###############################################################################################################################################

[ReportManager] File Action [GetAbsolutePath] successfully performed. With the following test data [Relative Folder Path: "target/downloadedFiles/"]. @07-02-2022 01:51:24.0366 AM
[ReportManager] Attempting to run locally on: [Mac-64], [Safari], Headless Execution. @07-02-2022 01:51:24.0369 AM
[ReportManager] Successfully Opened Safari. @07-02-2022 01:51:25.0954 AM
[ReportManager] Initial window size: (800, 600) @07-02-2022 01:51:25.0968 AM
[ReportManager] Window size after SWD Maximize: (1176, 803) @07-02-2022 01:51:26.0009 AM
[ReportManager] Browser Action [MaximizeWindow] successfully performed. With the following test data [New screen size is now: (1176, 803)]. @07-02-2022 01:51:26.0010 AM
[ReportManager] Target URL: [https://duckduckgo.com] @07-02-2022 01:51:26.0011 AM
[ReportManager] Initial URL: [] @07-02-2022 01:51:26.0185 AM
[ReportManager] Browser Action [NavigateToURL] successfully performed. With the following test data [https://duckduckgo.com]. @07-02-2022 01:51:27.0742 A

################################################################################################################################################
Starting Execution:	[6 out of 162] test cases in the current suite
Test Method:		[unitTests.tests_browserActions.fullScreenWindow]
################################################################################################################################################
[ReportManager] Initial Windows Size: 1176x803 @07-02-2022 01:51:27.0756 AM
[ReportManager] Current Windows Size after fullScreen: 1176x885 @07-02-2022 01:51:28.0366 AM
[ReportManager] Browser Action [FullScreenWindow] successfully performed. @07-02-2022 01:51:28.0402 AM
[ReportManager] Successfully created attachment [Browser Action Test Data - FullScreenWindow - Actual Value] @07-02-2022 01:51:28.0405 A
[ReportManager] Target URL: [https://duckduckgo.com] @07-02-2022 01:51:28.0409 AM
[ReportManager] Initial URL: [https://duckduckgo.com] @07-02-2022 01:51:28.0720 AM
[ReportManager] Browser Action [NavigateToURL] successfully performed. With the following test data [https://duckduckgo.com]. @07-02-2022 01:51:29.0297 AM
[ReportManager] Browser Action [CloseCurrentWindow] successfully performed. @07-02-2022 01:51:29.0896 AM
[ReportManager] Successfully created attachment [Browser Action Test Data - CloseCurrentWindow - Actual Value] @07-02-2022 01:51:29.0899 A
[ReportManager] File Action [GetAbsolutePath] successfully performed. With the following test data [Relative Folder Path: "target/downloadedFiles/"]. @07-02-2022 01:51:29.0906 AM
[ReportManager] Attempting to run locally on: [Mac-64], [Safari], Headless Execution. @07-02-2022 01:51:29.0907 AM
[ReportManager] Successfully Opened Safari. @07-02-2022 01:51:31.0212 AM
[ReportManager] Initial window size: (800, 600) @07-02-2022 01:51:31.0235 AM
[ReportManager] Window size after SWD Maximize: (1176, 803) @07-02-2022 01:51:31.0305 AM
[ReportManager] Browser Action [MaximizeWindow] successfully performed. With the following test data [New screen size is now: (1176, 803)]. @07-02-2022 01:51:31.0306 AM
[ReportManager] Target URL: [https://duckduckgo.com] @07-02-2022 01:51:31.0307 AM
[ReportManager] Initial URL: [] @07-02-2022 01:51:31.0366 AM
[ReportManager] Browser Action [NavigateToURL] successfully performed. With the following test data [https://duckduckgo.com]. @07-02-2022 01:51:32.0354 A

################################################################################################################################################
Starting Execution:	[7 out of 162] test cases in the current suite
Test Method:		[unitTests.tests_browserActions.getCurrentURL]
################################################################################################################################################
[ReportManager] Browser Action [GetCurrentURL] successfully performed. With the following test data [https://duckduckgo.com/]. @07-02-2022 01:51:32.0394 A
[ReportManager] Target URL: [https://duckduckgo.com] @07-02-2022 01:51:32.0397 AM
[ReportManager] Initial URL: [https://duckduckgo.com] @07-02-2022 01:51:32.0446 AM
[ReportManager] Browser Action [NavigateToURL] successfully performed. With the following test data [https://duckduckgo.com]. @07-02-2022 01:51:32.0885 AM
[ReportManager] Browser Action [CloseCurrentWindow] successfully performed. @07-02-2022 01:51:33.0076 AM
[ReportManager] Successfully created attachment [Browser Action Test Data - CloseCurrentWindow - Actual Value] @07-02-2022 01:51:33.0078 A
[ReportManager] File Action [GetAbsolutePath] successfully performed. With the following test data [Relative Folder Path: "target/downloadedFiles/"]. @07-02-2022 01:51:33.0083 AM
[ReportManager] Attempting to run locally on: [Mac-64], [Safari], Headless Execution. @07-02-2022 01:51:33.0083 AM
[ReportManager] Successfully Opened Safari. @07-02-2022 01:51:34.0053 AM
[ReportManager] Initial window size: (800, 600) @07-02-2022 01:51:34.0071 AM
[ReportManager] Window size after SWD Maximize: (1176, 803) @07-02-2022 01:51:34.0150 AM
[ReportManager] Browser Action [MaximizeWindow] successfully performed. With the following test data [New screen size is now: (1176, 803)]. @07-02-2022 01:51:34.0151 AM
[ReportManager] Target URL: [https://duckduckgo.com] @07-02-2022 01:51:34.0151 AM
[ReportManager] Initial URL: [] @07-02-2022 01:51:34.0214 AM
[ReportManager] Browser Action [NavigateToURL] successfully performed. With the following test data [https://duckduckgo.com]. @07-02-2022 01:51:35.0396 A

################################################################################################################################################
Starting Execution:	[8 out of 162] test cases in the current suite
Test Method:		[unitTests.tests_browserActions.getCurrentWindowTitle]
################################################################################################################################################
[ReportManager] Browser Action [GetCurrentWindowTitle] successfully performed. With the following test data [DuckDuckGo â€” Privacy, simplified.]. @07-02-2022 01:51:35.0451 A
[ReportManager] Target URL: [https://duckduckgo.com] @07-02-2022 01:51:35.0454 AM
[ReportManager] Initial URL: [https://duckduckgo.com] @07-02-2022 01:51:35.0497 AM
[ReportManager] Browser Action [NavigateToURL] successfully performed. With the following test data [https://duckduckgo.com]. @07-02-2022 01:51:35.0932 AM
[ReportManager] Browser Action [CloseCurrentWindow] successfully performed. @07-02-2022 01:51:36.0089 AM
[ReportManager] Successfully created attachment [Browser Action Test Data - CloseCurrentWindow - Actual Value] @07-02-2022 01:51:36.0090 A
[ReportManager] File Action [GetAbsolutePath] successfully performed. With the following test data [Relative Folder Path: "target/downloadedFiles/"]. @07-02-2022 01:51:36.0102 AM
[ReportManager] Attempting to run locally on: [Mac-64], [Safari], Headless Execution. @07-02-2022 01:51:36.0102 AM
[ReportManager] Successfully Opened Safari. @07-02-2022 01:51:37.0221 AM
[ReportManager] Initial window size: (800, 600) @07-02-2022 01:51:37.0232 AM
[ReportManager] Window size after SWD Maximize: (1176, 803) @07-02-2022 01:51:37.0269 AM
[ReportManager] Browser Action [MaximizeWindow] successfully performed. With the following test data [New screen size is now: (1176, 803)]. @07-02-2022 01:51:37.0269 AM
[ReportManager] Target URL: [https://duckduckgo.com] @07-02-2022 01:51:37.0269 AM
[ReportManager] Initial URL: [] @07-02-2022 01:51:37.0331 AM
[ReportManager] Browser Action [NavigateToURL] successfully performed. With the following test data [https://duckduckgo.com]. @07-02-2022 01:51:38.0384 A

################################################################################################################################################
Starting Execution:	[9 out of 162] test cases in the current suite
Test Method:		[unitTests.tests_browserActions.getPageSource]
################################################################################################################################################
[ReportManager] Browser Action [GetPageSource] successfully performed. @07-02-2022 01:51:38.0443 AM
[ReportManager] Successfully created attachment [Browser Action Test Data - GetPageSource - Actual Value] @07-02-2022 01:51:38.0445 A
[ReportManager] Target URL: [https://duckduckgo.com] @07-02-2022 01:51:38.0451 AM
[ReportManager] Initial URL: [https://duckduckgo.com] @07-02-2022 01:51:38.0503 AM
[ReportManager] Browser Action [NavigateToURL] successfully performed. With the following test data [https://duckduckgo.com]. @07-02-2022 01:51:38.0911 AM
[ReportManager] Browser Action [CloseCurrentWindow] successfully performed. @07-02-2022 01:51:39.0324 AM
[ReportManager] Successfully created attachment [Browser Action Test Data - CloseCurrentWindow - Actual Value] @07-02-2022 01:51:39.0325 A
[ReportManager] File Action [GetAbsolutePath] successfully performed. With the following test data [Relative Folder Path: "target/downloadedFiles/"]. @07-02-2022 01:51:39.0328 AM
[ReportManager] Attempting to run locally on: [Mac-64], [Safari], Headless Execution. @07-02-2022 01:51:39.0329 AM
[ReportManager] Successfully Opened Safari. @07-02-2022 01:51:40.0296 AM
[ReportManager] Initial window size: (800, 600) @07-02-2022 01:51:40.0316 AM
[ReportManager] Window size after SWD Maximize: (1176, 803) @07-02-2022 01:51:40.0335 AM
[ReportManager] Browser Action [MaximizeWindow] successfully performed. With the following test data [New screen size is now: (1176, 803)]. @07-02-2022 01:51:40.0335 AM
[ReportManager] Target URL: [https://duckduckgo.com] @07-02-2022 01:51:40.0336 AM
[ReportManager] Initial URL: [] @07-02-2022 01:51:40.0404 AM
[ReportManager] Browser Action [NavigateToURL] successfully performed. With the following test data [https://duckduckgo.com]. @07-02-2022 01:51:41.0175 A

################################################################################################################################################
Starting Execution:	[10 out of 162] test cases in the current suite
Test Method:		[unitTests.tests_browserActions.getWindowHandle]
################################################################################################################################################
[ReportManager] Browser Action [GetWindowHandle] successfully performed. With the following test data [page-56303040-8D2A-4B18-BC32-3631FA0D4960]. @07-02-2022 01:51:41.0266 A
[ReportManager] Target URL: [https://duckduckgo.com] @07-02-2022 01:51:41.0270 AM
[ReportManager] Initial URL: [https://duckduckgo.com] @07-02-2022 01:51:41.0312 AM
[ReportManager] Browser Action [NavigateToURL] successfully performed. With the following test data [https://duckduckgo.com]. @07-02-2022 01:51:41.0700 AM
[ReportManager] Browser Action [CloseCurrentWindow] successfully performed. @07-02-2022 01:51:42.0025 AM
[ReportManager] Successfully created attachment [Browser Action Test Data - CloseCurrentWindow - Actual Value] @07-02-2022 01:51:42.0026 A
[ReportManager] File Action [GetAbsolutePath] successfully performed. With the following test data [Relative Folder Path: "target/downloadedFiles/"]. @07-02-2022 01:51:42.0031 AM
[ReportManager] Attempting to run locally on: [Mac-64], [Safari], Headless Execution. @07-02-2022 01:51:42.0031 AM
[ReportManager] Successfully Opened Safari. @07-02-2022 01:51:42.0950 AM
[ReportManager] Initial window size: (800, 600) @07-02-2022 01:51:42.0991 AM
[ReportManager] Window size after SWD Maximize: (1176, 803) @07-02-2022 01:51:43.0045 AM
[ReportManager] Browser Action [MaximizeWindow] successfully performed. With the following test data [New screen size is now: (1176, 803)]. @07-02-2022 01:51:43.0045 AM
[ReportManager] Target URL: [https://duckduckgo.com] @07-02-2022 01:51:43.0045 AM
[ReportManager] Initial URL: [] @07-02-2022 01:51:43.0110 AM
[ReportManager] Browser Action [NavigateToURL] successfully performed. With the following test data [https://duckduckgo.com]. @07-02-2022 01:51:44.0157 A

################################################################################################################################################
Starting Execution:	[11 out of 162] test cases in the current suite
Test Method:		[unitTests.tests_browserActions.getWindowPosition]
################################################################################################################################################
[ReportManager] Browser Action [GetWindowPosition] successfully performed. With the following test data [(0, 25)]. @07-02-2022 01:51:44.0197 A
[ReportManager] Target URL: [https://duckduckgo.com] @07-02-2022 01:51:44.0199 AM
[ReportManager] Initial URL: [https://duckduckgo.com] @07-02-2022 01:51:44.0238 AM
[ReportManager] Browser Action [NavigateToURL] successfully performed. With the following test data [https://duckduckgo.com]. @07-02-2022 01:51:44.0686 AM
[ReportManager] Browser Action [CloseCurrentWindow] successfully performed. @07-02-2022 01:51:44.0913 AM
[ReportManager] Successfully created attachment [Browser Action Test Data - CloseCurrentWindow - Actual Value] @07-02-2022 01:51:44.0914 A
[ReportManager] File Action [GetAbsolutePath] successfully performed. With the following test data [Relative Folder Path: "target/downloadedFiles/"]. @07-02-2022 01:51:44.0917 AM
[ReportManager] Attempting to run locally on: [Mac-64], [Safari], Headless Execution. @07-02-2022 01:51:44.0918 AM
[ReportManager] Successfully Opened Safari. @07-02-2022 01:51:45.0905 AM
[ReportManager] Initial window size: (800, 600) @07-02-2022 01:51:45.0948 AM
[ReportManager] Window size after SWD Maximize: (1176, 803) @07-02-2022 01:51:45.0977 AM
[ReportManager] Browser Action [MaximizeWindow] successfully performed. With the following test data [New screen size is now: (1176, 803)]. @07-02-2022 01:51:45.0978 AM
[ReportManager] Target URL: [https://duckduckgo.com] @07-02-2022 01:51:45.0978 AM
[ReportManager] Initial URL: [] @07-02-2022 01:51:46.0035 AM
[ReportManager] Browser Action [NavigateToURL] successfully performed. With the following test data [https://duckduckgo.com]. @07-02-2022 01:51:47.0021 A

################################################################################################################################################
Starting Execution:	[12 out of 162] test cases in the current suite
Test Method:		[unitTests.tests_browserActions.getWindowSize]
################################################################################################################################################
[ReportManager] Browser Action [GetWindowSize] successfully performed. With the following test data [(1176, 803)]. @07-02-2022 01:51:47.0070 A
[ReportManager] Target URL: [https://duckduckgo.com] @07-02-2022 01:51:47.0073 AM
[ReportManager] Initial URL: [https://duckduckgo.com] @07-02-2022 01:51:47.0111 AM
[ReportManager] Browser Action [NavigateToURL] successfully performed. With the following test data [https://duckduckgo.com]. @07-02-2022 01:51:47.0545 AM
[ReportManager] Browser Action [CloseCurrentWindow] successfully performed. @07-02-2022 01:51:47.0983 AM
[ReportManager] Successfully created attachment [Browser Action Test Data - CloseCurrentWindow - Actual Value] @07-02-2022 01:51:47.0985 A
[ReportManager] File Action [GetAbsolutePath] successfully performed. With the following test data [Relative Folder Path: "target/downloadedFiles/"]. @07-02-2022 01:51:47.0989 AM
[ReportManager] Attempting to run locally on: [Mac-64], [Safari], Headless Execution. @07-02-2022 01:51:47.0989 AM
[ReportManager] Successfully Opened Safari. @07-02-2022 01:51:48.0863 AM
[ReportManager] Initial window size: (800, 600) @07-02-2022 01:51:48.0893 AM
[ReportManager] Window size after SWD Maximize: (1176, 803) @07-02-2022 01:51:48.0925 AM
[ReportManager] Browser Action [MaximizeWindow] successfully performed. With the following test data [New screen size is now: (1176, 803)]. @07-02-2022 01:51:48.0926 AM
[ReportManager] Target URL: [https://duckduckgo.com] @07-02-2022 01:51:48.0926 AM
[ReportManager] Initial URL: [] @07-02-2022 01:51:49.0007 AM
[ReportManager] Browser Action [NavigateToURL] successfully performed. With the following test data [https://duckduckgo.com]. @07-02-2022 01:51:49.0854 A

################################################################################################################################################
Starting Execution:	[13 out of 162] test cases in the current suite
Test Method:		[unitTests.tests_browserActions.maximizeWindow]
################################################################################################################################################
[ReportManager] Initial window size: (1176, 803) @07-02-2022 01:51:49.0865 AM
[ReportManager] Window size after SWD Maximize: (1176, 803) @07-02-2022 01:51:49.0873 AM
[ReportManager] Window size after Toolkit: (1920, 1080) @07-02-2022 01:51:49.0912 AM
[ReportManager] Browser Action [MaximizeWindow] successfully performed. With the following test data [New screen size is now: (1920, 1080)]. @07-02-2022 01:51:49.0917 A
[ReportManager] Target URL: [https://duckduckgo.com] @07-02-2022 01:51:49.0920 AM
[ReportManager] Initial URL: [https://duckduckgo.com] @07-02-2022 01:51:49.0969 AM
[ReportManager] Browser Action [NavigateToURL] successfully performed. With the following test data [https://duckduckgo.com]. @07-02-2022 01:51:50.0370 AM
[ReportManager] Browser Action [CloseCurrentWindow] successfully performed. @07-02-2022 01:51:50.0827 AM
[ReportManager] Successfully created attachment [Browser Action Test Data - CloseCurrentWindow - Actual Value] @07-02-2022 01:51:50.0827 A
[ReportManager] File Action [GetAbsolutePath] successfully performed. With the following test data [Relative Folder Path: "target/downloadedFiles/"]. @07-02-2022 01:51:50.0832 AM
[ReportManager] Attempting to run locally on: [Mac-64], [Safari], Headless Execution. @07-02-2022 01:51:50.0832 AM
[ReportManager] An Exception Occured with this Message: Could not start a new session. Possible causes are invalid address of the remote server or browser start-up failure.. @07-02-2022 01:51:51.0016 AM
[ReportManager] Successfully created attachment [Exception Stack Trace - org.openqa.selenium.SessionNotCreatedException] @07-02-2022 01:51:51.0016 AM
[ReportManager] Driver Factory Action [createNewLocalDriverInstanceForSafari] failed. With the following test data [Failed to create a session on DESKTOP_SAFARI]. @07-02-2022 01:51:51.0017 A

################################################################################################################################################
Starting Execution:	[14 out of 162] test cases in the current suite
Test Method:		[unitTests.tests_browserActions.navigateBack]
###############################################################################################################################################



################################################################################################################################################
Starting Execution:	[15 out of 162] test cases in the current suite
Test Method:		[unitTests.tests_browserActions.navigateForward]
###############################################################################################################################################



################################################################################################################################################
Starting Execution:	[16 out of 162] test cases in the current suite
Test Method:		[unitTests.tests_browserActions.navigateToURL]
###############################################################################################################################################



################################################################################################################################################
Starting Execution:	[17 out of 162] test cases in the current suite
Test Method:		[unitTests.tests_browserActions.navigateToURLWithRedirection]
###############################################################################################################################################



################################################################################################################################################
Starting Execution:	[18 out of 162] test cases in the current suite
Test Method:		[unitTests.tests_browserActions.refreshCurrentPage]
###############################################################################################################################################



################################################################################################################################################
Starting Execution:	[19 out of 162] test cases in the current suite
Test Method:		[unitTests.tests_browserActions.setWindowSize]
###############################################################################################################################################

[ReportManager] Successfully loaded the following test data file [src/test/resources/testDataFiles/testSuite01/TestData.xlsx]. @07-02-2022 01:51:53.0634 AM
[ReportManager] Successfully created attachment [Test Data - Excel] @07-02-2022 01:51:53.0635 A

################################################################################################################################################
Starting Execution:	[20 out of 162] test cases in the current suite
Test Method:		[unitTests.tests_io_excelFileManager.getCellData_rowName_expectedToPass]
################################################################################################################################################
[ReportManager] testRowData. @07-02-2022 01:51:53.0660 A

################################################################################################################################################
Starting Execution:	[21 out of 162] test cases in the current suite
Test Method:		[unitTests.tests_validations_assertions.assertComparativeRelation_greaterThanOrEquals_false_equals_expectedToFail]
################################################################################################################################################
[ReportManager] Assertion [ValidateComparativeRelation] FAILED. Expected [1] and Actual [1]. Comparison Type [GREATER_THAN_OR_EQUALS]. Validation Type [NEGATIVE]. @07-02-2022 01:51:53.0677 A

################################################################################################################################################
Starting Execution:	[22 out of 162] test cases in the current suite
Test Method:		[unitTests.tests_validations_assertions.assertComparativeRelation_greaterThanOrEquals_false_equals_expectedToPass]
################################################################################################################################################
[ReportManager] Assertion [ValidateComparativeRelation] PASSED. Expected [2] and Actual [1]. Comparison Type [GREATER_THAN_OR_EQUALS]. Validation Type [NEGATIVE]. @07-02-2022 01:51:53.0682 A

################################################################################################################################################
Starting Execution:	[23 out of 162] test cases in the current suite
Test Method:		[unitTests.tests_validations_assertions.assertComparativeRelation_greaterThanOrEquals_false_greaterThan_expectedToFail]
################################################################################################################################################
[ReportManager] Assertion [ValidateComparativeRelation] FAILED. Expected [1] and Actual [2]. Comparison Type [GREATER_THAN_OR_EQUALS]. Validation Type [NEGATIVE]. @07-02-2022 01:51:53.0687 A

################################################################################################################################################
Starting Execution:	[24 out of 162] test cases in the current suite
Test Method:		[unitTests.tests_validations_assertions.assertComparativeRelation_greaterThanOrEquals_false_greaterThan_expectedToPass]
################################################################################################################################################
[ReportManager] Assertion [ValidateComparativeRelation] PASSED. Expected [2] and Actual [1]. Comparison Type [GREATER_THAN_OR_EQUALS]. Validation Type [NEGATIVE]. @07-02-2022 01:51:53.0695 A

################################################################################################################################################
Starting Execution:	[25 out of 162] test cases in the current suite
Test Method:		[unitTests.tests_validations_assertions.assertComparativeRelation_greaterThanOrEquals_true_equals_expectedToFail]
################################################################################################################################################
[ReportManager] Assertion [ValidateComparativeRelation] FAILED. Expected [1] and Actual [0]. Comparison Type [GREATER_THAN_OR_EQUALS]. Validation Type [POSITIVE]. @07-02-2022 01:51:53.0703 A

################################################################################################################################################
Starting Execution:	[26 out of 162] test cases in the current suite
Test Method:		[unitTests.tests_validations_assertions.assertComparativeRelation_greaterThanOrEquals_true_equals_expectedToPass]
################################################################################################################################################
[ReportManager] Assertion [ValidateComparativeRelation] PASSED. Expected [1] and Actual [1]. Comparison Type [GREATER_THAN_OR_EQUALS]. Validation Type [POSITIVE]. @07-02-2022 01:51:53.0708 A

################################################################################################################################################
Starting Execution:	[27 out of 162] test cases in the current suite
Test Method:		[unitTests.tests_validations_assertions.assertComparativeRelation_greaterThanOrEquals_true_greaterThan_expectedToFail]
################################################################################################################################################
[ReportManager] Assertion [ValidateComparativeRelation] FAILED. Expected [2] and Actual [1]. Comparison Type [GREATER_THAN_OR_EQUALS]. Validation Type [POSITIVE]. @07-02-2022 01:51:53.0714 A

################################################################################################################################################
Starting Execution:	[28 out of 162] test cases in the current suite
Test Method:		[unitTests.tests_validations_assertions.assertComparativeRelation_greaterThanOrEquals_true_greaterThan_expectedToPass]
################################################################################################################################################
[ReportManager] Assertion [ValidateComparativeRelation] PASSED. Expected [1] and Actual [2]. Comparison Type [GREATER_THAN_OR_EQUALS]. Validation Type [POSITIVE]. @07-02-2022 01:51:53.0727 A
[ReportManager] File Action [GetAbsolutePath] successfully performed. With the following test data [Relative Folder Path: "target/downloadedFiles/"]. @07-02-2022 01:51:53.0731 AM
[ReportManager] Attempting to run locally on: [Mac-64], [Safari], Headless Execution. @07-02-2022 01:51:53.0731 AM
[ReportManager] Successfully Opened Safari. @07-02-2022 01:51:54.0665 AM
[ReportManager] Initial window size: (800, 600) @07-02-2022 01:51:54.0692 AM
[ReportManager] Window size after SWD Maximize: (1176, 803) @07-02-2022 01:51:54.0725 AM
[ReportManager] Browser Action [MaximizeWindow] successfully performed. With the following test data [New screen size is now: (1176, 803)]. @07-02-2022 01:51:54.0725 AM
[ReportManager] Target URL: [https://www.google.com/ncr], and after redirection: [www.google.com] @07-02-2022 01:51:54.0725 AM
[ReportManager] Initial URL: [] @07-02-2022 01:51:54.0796 AM
[ReportManager] Browser Action [NavigateToURL] successfully performed. With the following test data [https://www.google.com/ncr]. @07-02-2022 01:51:56.0807 A

################################################################################################################################################
Starting Execution:	[29 out of 162] test cases in the current suite
Test Method:		[unitTests.tests_validations_assertions.assertElementAttribute_false_caseInsensitiveComparison_expectedToFail]
################################################################################################################################################
[ReportManager] Element Action [Type] successfully performed. With the following test data [AUTOMATION]. @07-02-2022 01:51:57.0237 AM
[ReportManager] Element Action [GetText] successfully performed. With the following test data [AUTOMATION]. @07-02-2022 01:51:57.0360 AM
[ReportManager] Assertion [ValidateElementAttribute] FAILED. Expected [Value Should not be 'AutomaTion' for the 'text' attribute, element locator 'By.name: q'] and Actual [AUTOMATION]. Comparison Type [CASE_INSENSITIVE]. Validation Type [NEGATIVE]. @07-02-2022 01:51:57.0955 AM
[ReportManager] Successfully created attachment [Screenshot - 1644198717776_assertElementAttribute_false_caseInsensitiveComparison_expectedToFail_ValidateElementAttribute_failed] @07-02-2022 01:51:57.0966 A
[ReportManager] Browser Action [CloseCurrentWindow] successfully performed. @07-02-2022 01:51:58.0390 AM
[ReportManager] Successfully created attachment [Browser Action Test Data - CloseCurrentWindow - Actual Value] @07-02-2022 01:51:58.0391 A
[ReportManager] File Action [GetAbsolutePath] successfully performed. With the following test data [Relative Folder Path: "target/downloadedFiles/"]. @07-02-2022 01:51:58.0396 AM
[ReportManager] Attempting to run locally on: [Mac-64], [Safari], Headless Execution. @07-02-2022 01:51:58.0397 AM
[ReportManager] Successfully Opened Safari. @07-02-2022 01:51:59.0265 AM
[ReportManager] Initial window size: (800, 600) @07-02-2022 01:51:59.0277 AM
[ReportManager] Window size after SWD Maximize: (1176, 803) @07-02-2022 01:51:59.0299 AM
[ReportManager] Browser Action [MaximizeWindow] successfully performed. With the following test data [New screen size is now: (1176, 803)]. @07-02-2022 01:51:59.0299 AM
[ReportManager] Target URL: [https://www.google.com/ncr], and after redirection: [www.google.com] @07-02-2022 01:51:59.0300 AM
[ReportManager] Initial URL: [] @07-02-2022 01:51:59.0397 AM
[ReportManager] Browser Action [NavigateToURL] successfully performed. With the following test data [https://www.google.com/ncr]. @07-02-2022 01:52:01.0278 A

################################################################################################################################################
Starting Execution:	[30 out of 162] test cases in the current suite
Test Method:		[unitTests.tests_validations_assertions.assertElementAttribute_false_caseInsensitiveComparison_expectedToPass]
################################################################################################################################################
[ReportManager] Element Action [Type] successfully performed. With the following test data [AUTOMATION]. @07-02-2022 01:52:01.0767 AM
[ReportManager] Element Action [GetText] successfully performed. With the following test data [AUTOMATION]. @07-02-2022 01:52:01.0866 AM
[ReportManager] Assertion [ValidateElementAttribute] PASSED. Expected [Value Should not be 'AutomaTion123' for the 'text' attribute, element locator 'By.name: q'] and Actual [AUTOMATION]. Comparison Type [CASE_INSENSITIVE]. Validation Type [NEGATIVE]. @07-02-2022 01:52:02.0056 AM
[ReportManager] Successfully created attachment [Screenshot - 1644198721983_assertElementAttribute_false_caseInsensitiveComparison_expectedToPass_ValidateElementAttribute_passed] @07-02-2022 01:52:02.0058 A
[ReportManager] Browser Action [CloseCurrentWindow] successfully performed. @07-02-2022 01:52:02.0292 AM
[ReportManager] Successfully created attachment [Browser Action Test Data - CloseCurrentWindow - Actual Value] @07-02-2022 01:52:02.0293 A
[ReportManager] File Action [GetAbsolutePath] successfully performed. With the following test data [Relative Folder Path: "target/downloadedFiles/"]. @07-02-2022 01:52:02.0298 AM
[ReportManager] Attempting to run locally on: [Mac-64], [Safari], Headless Execution. @07-02-2022 01:52:02.0299 AM
[ReportManager] Successfully Opened Safari. @07-02-2022 01:52:03.0233 AM
[ReportManager] Initial window size: (800, 600) @07-02-2022 01:52:03.0257 AM
[ReportManager] Window size after SWD Maximize: (1176, 803) @07-02-2022 01:52:03.0321 AM
[ReportManager] Browser Action [MaximizeWindow] successfully performed. With the following test data [New screen size is now: (1176, 803)]. @07-02-2022 01:52:03.0322 AM
[ReportManager] Target URL: [https://www.google.com/ncr], and after redirection: [www.google.com] @07-02-2022 01:52:03.0323 AM
[ReportManager] Initial URL: [] @07-02-2022 01:52:03.0379 AM
[ReportManager] Browser Action [NavigateToURL] successfully performed. With the following test data [https://www.google.com/ncr]. @07-02-2022 01:52:04.0876 A

################################################################################################################################################
Starting Execution:	[31 out of 162] test cases in the current suite
Test Method:		[unitTests.tests_validations_assertions.assertElementAttribute_false_containsComparison_expectedToFail]
################################################################################################################################################
[ReportManager] Element Action [Type] successfully performed. With the following test data [Automation123]. @07-02-2022 01:52:05.0367 AM
[ReportManager] Element Action [GetText] successfully performed. With the following test data [Automation123]. @07-02-2022 01:52:05.0719 AM
[ReportManager] Assertion [ValidateElementAttribute] FAILED. Expected [Value Should not be 'Automation' for the 'text' attribute, element locator 'By.name: q'] and Actual [Automation123]. Comparison Type [CONTAINS]. Validation Type [NEGATIVE]. @07-02-2022 01:52:05.0893 AM
[ReportManager] Successfully created attachment [Screenshot - 1644198725824_assertElementAttribute_false_containsComparison_expectedToFail_ValidateElementAttribute_failed] @07-02-2022 01:52:05.0894 A
[ReportManager] Browser Action [CloseCurrentWindow] successfully performed. @07-02-2022 01:52:06.0193 AM
[ReportManager] Successfully created attachment [Browser Action Test Data - CloseCurrentWindow - Actual Value] @07-02-2022 01:52:06.0195 A
[ReportManager] File Action [GetAbsolutePath] successfully performed. With the following test data [Relative Folder Path: "target/downloadedFiles/"]. @07-02-2022 01:52:06.0199 AM
[ReportManager] Attempting to run locally on: [Mac-64], [Safari], Headless Execution. @07-02-2022 01:52:06.0199 AM
[ReportManager] Successfully Opened Safari. @07-02-2022 01:52:07.0168 AM
[ReportManager] Initial window size: (800, 600) @07-02-2022 01:52:07.0240 AM
[ReportManager] Window size after SWD Maximize: (1176, 803) @07-02-2022 01:52:07.0306 AM
[ReportManager] Browser Action [MaximizeWindow] successfully performed. With the following test data [New screen size is now: (1176, 803)]. @07-02-2022 01:52:07.0306 AM
[ReportManager] Target URL: [https://www.google.com/ncr], and after redirection: [www.google.com] @07-02-2022 01:52:07.0307 AM
[ReportManager] Initial URL: [] @07-02-2022 01:52:07.0357 AM
[ReportManager] Browser Action [NavigateToURL] successfully performed. With the following test data [https://www.google.com/ncr]. @07-02-2022 01:52:08.0926 A

################################################################################################################################################
Starting Execution:	[32 out of 162] test cases in the current suite
Test Method:		[unitTests.tests_validations_assertions.assertElementAttribute_false_containsComparison_expectedToPass]
################################################################################################################################################
[ReportManager] Element Action [Type] successfully performed. With the following test data [Automation123]. @07-02-2022 01:52:09.0549 AM
[ReportManager] Element Action [GetText] successfully performed. With the following test data [Automation123]. @07-02-2022 01:52:09.0771 AM
[ReportManager] Assertion [ValidateElementAttribute] PASSED. Expected [Value Should not be 'Automation1234' for the 'text' attribute, element locator 'By.name: q'] and Actual [Automation123]. Comparison Type [CONTAINS]. Validation Type [NEGATIVE]. @07-02-2022 01:52:10.0012 AM
[ReportManager] Successfully created attachment [Screenshot - 1644198729890_assertElementAttribute_false_containsComparison_expectedToPass_ValidateElementAttribute_passed] @07-02-2022 01:52:10.0014 A
[ReportManager] Browser Action [CloseCurrentWindow] successfully performed. @07-02-2022 01:52:10.0507 AM
[ReportManager] Successfully created attachment [Browser Action Test Data - CloseCurrentWindow - Actual Value] @07-02-2022 01:52:10.0509 A
[ReportManager] File Action [GetAbsolutePath] successfully performed. With the following test data [Relative Folder Path: "target/downloadedFiles/"]. @07-02-2022 01:52:10.0515 AM
[ReportManager] Attempting to run locally on: [Mac-64], [Safari], Headless Execution. @07-02-2022 01:52:10.0515 AM
[ReportManager] Successfully Opened Safari. @07-02-2022 01:52:11.0439 AM
[ReportManager] Initial window size: (800, 600) @07-02-2022 01:52:11.0461 AM
[ReportManager] Window size after SWD Maximize: (1176, 803) @07-02-2022 01:52:11.0499 AM
[ReportManager] Browser Action [MaximizeWindow] successfully performed. With the following test data [New screen size is now: (1176, 803)]. @07-02-2022 01:52:11.0499 AM
[ReportManager] Target URL: [https://www.google.com/ncr], and after redirection: [www.google.com] @07-02-2022 01:52:11.0499 AM
[ReportManager] Initial URL: [] @07-02-2022 01:52:11.0564 AM
[ReportManager] Browser Action [NavigateToURL] successfully performed. With the following test data [https://www.google.com/ncr]. @07-02-2022 01:52:13.0765 A

################################################################################################################################################
Starting Execution:	[33 out of 162] test cases in the current suite
Test Method:		[unitTests.tests_validations_assertions.assertElementAttribute_false_literalComparison_expectedToFail]
################################################################################################################################################
[ReportManager] Element Action [Type] successfully performed. With the following test data [Automation!@#$%^&*()_+{}[]\';/.,]. @07-02-2022 01:52:14.0399 AM
[ReportManager] Element Action [GetText] successfully performed. With the following test data [Automation!@#$%^&*()_+{}[]\';/.,]. @07-02-2022 01:52:14.0485 AM
[ReportManager] Assertion [ValidateElementAttribute] PASSED. Expected [Value Should not be 'Automation!@#$%^&*()_+{}[]\\';/.,' for the 'text' attribute, element locator 'By.name: q'] and Actual [Automation!@#$%^&*()_+{}[]\';/.,]. Comparison Type [EQUALS]. Validation Type [NEGATIVE]. @07-02-2022 01:52:14.0658 AM
[ReportManager] Successfully created attachment [Screenshot - 1644198734588_assertElementAttribute_false_literalComparison_expectedToFail_ValidateElementAttribute_passed] @07-02-2022 01:52:14.0659 A
[ReportManager] Browser Action [CloseCurrentWindow] successfully performed. @07-02-2022 01:52:14.0962 AM
[ReportManager] Successfully created attachment [Browser Action Test Data - CloseCurrentWindow - Actual Value] @07-02-2022 01:52:14.0962 A
[ReportManager] File Action [GetAbsolutePath] successfully performed. With the following test data [Relative Folder Path: "target/downloadedFiles/"]. @07-02-2022 01:52:14.0969 AM
[ReportManager] Attempting to run locally on: [Mac-64], [Safari], Headless Execution. @07-02-2022 01:52:14.0969 AM
[ReportManager] An Exception Occured with this Message: Could not start a new session. Possible causes are invalid address of the remote server or browser start-up failure.. @07-02-2022 01:52:15.0327 AM
[ReportManager] Successfully created attachment [Exception Stack Trace - org.openqa.selenium.SessionNotCreatedException] @07-02-2022 01:52:15.0328 AM
[ReportManager] Driver Factory Action [createNewLocalDriverInstanceForSafari] failed. With the following test data [Failed to create a session on DESKTOP_SAFARI]. @07-02-2022 01:52:15.0328 A

################################################################################################################################################
Starting Execution:	[34 out of 162] test cases in the current suite
Test Method:		[unitTests.tests_validations_assertions.assertElementAttribute_false_literalComparison_expectedToPass]
###############################################################################################################################################



################################################################################################################################################
Starting Execution:	[35 out of 162] test cases in the current suite
Test Method:		[unitTests.tests_validations_assertions.assertElementAttribute_false_regexComparison_expectedToFail]
###############################################################################################################################################



################################################################################################################################################
Starting Execution:	[36 out of 162] test cases in the current suite
Test Method:		[unitTests.tests_validations_assertions.assertElementAttribute_false_regexComparison_expectedToPass]
###############################################################################################################################################



################################################################################################################################################
Starting Execution:	[37 out of 162] test cases in the current suite
Test Method:		[unitTests.tests_validations_assertions.assertElementAttribute_true_caseInsensitiveComparison_expectedToFail]
###############################################################################################################################################



################################################################################################################################################
Starting Execution:	[38 out of 162] test cases in the current suite
Test Method:		[unitTests.tests_validations_assertions.assertElementAttribute_true_caseInsensitiveComparison_expectedToPass]
###############################################################################################################################################



################################################################################################################################################
Starting Execution:	[39 out of 162] test cases in the current suite
Test Method:		[unitTests.tests_validations_assertions.assertElementAttribute_true_containsComparison_expectedToFail]
###############################################################################################################################################



################################################################################################################################################
Starting Execution:	[40 out of 162] test cases in the current suite
Test Method:		[unitTests.tests_validations_assertions.assertElementAttribute_true_containsComparison_expectedToPass]
###############################################################################################################################################



################################################################################################################################################
Starting Execution:	[41 out of 162] test cases in the current suite
Test Method:		[unitTests.tests_validations_assertions.assertElementAttribute_true_literalComparison_expectedToFail]
###############################################################################################################################################



################################################################################################################################################
Starting Execution:	[42 out of 162] test cases in the current suite
Test Method:		[unitTests.tests_validations_assertions.assertElementAttribute_true_literalComparison_expectedToPass]
###############################################################################################################################################



################################################################################################################################################
Starting Execution:	[43 out of 162] test cases in the current suite
Test Method:		[unitTests.tests_validations_assertions.assertElementAttribute_true_regexComparison_expectedToFail]
###############################################################################################################################################



################################################################################################################################################
Starting Execution:	[44 out of 162] test cases in the current suite
Test Method:		[unitTests.tests_validations_assertions.assertElementAttribute_true_regexComparison_expectedToPass]
###############################################################################################################################################



################################################################################################################################################
Starting Execution:	[45 out of 162] test cases in the current suite
Test Method:		[unitTests.tests_validations_assertions.assertElementAttribute_type_true_literalComparison_expectedToPass]
###############################################################################################################################################



################################################################################################################################################
Starting Execution:	[46 out of 162] test cases in the current suite
Test Method:		[unitTests.tests_validations_assertions.assertElementExists_false_expectedToFail]
###############################################################################################################################################



################################################################################################################################################
Starting Execution:	[47 out of 162] test cases in the current suite
Test Method:		[unitTests.tests_validations_assertions.assertElementExists_false_expectedToPass]
###############################################################################################################################################



################################################################################################################################################
Starting Execution:	[48 out of 162] test cases in the current suite
Test Method:		[unitTests.tests_validations_assertions.assertElementExists_false_multipleElementsFound_expectedToFail]
###############################################################################################################################################



################################################################################################################################################
Starting Execution:	[49 out of 162] test cases in the current suite
Test Method:		[unitTests.tests_validations_assertions.assertElementExists_true_expectedToFail]
###############################################################################################################################################



################################################################################################################################################
Starting Execution:	[50 out of 162] test cases in the current suite
Test Method:		[unitTests.tests_validations_assertions.assertElementExists_true_expectedToPass]
###############################################################################################################################################



################################################################################################################################################
Starting Execution:	[51 out of 162] test cases in the current suite
Test Method:		[unitTests.tests_validations_assertions.assertElementExists_true_multipleElementsFound_expectedToFail]
###############################################################################################################################################


################################################################################################################################################
Starting Execution:	[52 out of 162] test cases in the current suite
Test Method:		[unitTests.tests_validations_assertions.assertEquals_false_expectedToFail]
###############################################################################################################################################

################################################################################################################################################
Starting Execution:	[53 out of 162] test cases in the current suite
Test Method:		[unitTests.tests_validations_assertions.assertEquals_false_expectedToPass]
###############################################################################################################################################

################################################################################################################################################
Starting Execution:	[54 out of 162] test cases in the current suite
Test Method:		[unitTests.tests_validations_assertions.assertEquals_longCharacters]
###############################################################################################################################################

################################################################################################################################################
Starting Execution:	[55 out of 162] test cases in the current suite
Test Method:		[unitTests.tests_validations_assertions.assertEquals_longCharacters_Discreet]
###############################################################################################################################################

################################################################################################################################################
Starting Execution:	[56 out of 162] test cases in the current suite
Test Method:		[unitTests.tests_validations_assertions.assertEquals_true_expectedToFail]
###############################################################################################################################################

################################################################################################################################################
Starting Execution:	[57 out of 162] test cases in the current suite
Test Method:		[unitTests.tests_validations_assertions.assertEquals_true_expectedToPass]
Test Description:	[Assert that assertEquals works as expected when the two values are equal.]
###############################################################################################################################################

################################################################################################################################################
Starting Execution:	[58 out of 162] test cases in the current suite
Test Method:		[unitTests.tests_validations_assertions.assertEquals_true_expectedToPass__]
###############################################################################################################################################

################################################################################################################################################
Starting Execution:	[59 out of 162] test cases in the current suite
Test Method:		[unitTests.tests_validations_assertions.assertFileExists_false_expectedToFail]
###############################################################################################################################################

################################################################################################################################################
Starting Execution:	[60 out of 162] test cases in the current suite
Test Method:		[unitTests.tests_validations_assertions.assertFileExists_false_expectedToPass]
###############################################################################################################################################

################################################################################################################################################
Starting Execution:	[61 out of 162] test cases in the current suite
Test Method:		[unitTests.tests_validations_assertions.assertFileExists_true_expectedToFail]
###############################################################################################################################################

################################################################################################################################################
Starting Execution:	[62 out of 162] test cases in the current suite
Test Method:		[unitTests.tests_validations_assertions.assertFileExists_true_expectedToPass]
###############################################################################################################################################

################################################################################################################################################
Starting Execution:	[63 out of 162] test cases in the current suite
Test Method:		[unitTests.tests_validations_assertions.assertNull_false_expectedToFail]
###############################################################################################################################################

################################################################################################################################################
Starting Execution:	[64 out of 162] test cases in the current suite
Test Method:		[unitTests.tests_validations_assertions.assertNull_false_expectedToPass]
###############################################################################################################################################

################################################################################################################################################
Starting Execution:	[65 out of 162] test cases in the current suite
Test Method:		[unitTests.tests_validations_assertions.assertNull_true_expectedToFail]
###############################################################################################################################################

################################################################################################################################################
Starting Execution:	[66 out of 162] test cases in the current suite
Test Method:		[unitTests.tests_validations_assertions.assertNull_true_expectedToPass]
###############################################################################################################################################

################################################################################################################################################
Starting Execution:	[67 out of 162] test cases in the current suite
Test Method:		[unitTests.tests_restActions.getPostsAndAssertBodyForSpecificTitle]
################################################################################################################################################
[ReportManager] Response status code: [200], status line: [HTTP/1.1 200 OK] @07-02-2022 01:52:20.0482 AM
[ReportManager] Assertion Passed: Evaluating the actual response status code against the expected one... @07-02-2022 01:52:20.0487 AM
[ReportManager] Assertion [ValidateComparativeRelation] PASSED. Expected [200] and Actual [200]. Comparison Type [EQUALS]. Validation Type [POSITIVE]. @07-02-2022 01:52:20.0488 AM
[ReportManager] API Action [PerformRequest] successfully performed. With the following test data [Request Type: "GET" | Target Status Code: "200" | Service URL: "https://jsonplaceholder.typicode.com/posts" | Content Type: "*/*" | Response Time: "890ms"]. @07-02-2022 01:52:22.0090 AM
[ReportManager] Successfully created attachment [API Request - Specifications] @07-02-2022 01:52:22.0091 AM
[ReportManager] Successfully created attachment [API Response - JSON Body] @07-02-2022 01:52:22.0389 AM
[ReportManager] API Action [GetResponseJSONValueAsList] successfully performed. @07-02-2022 01:52:22.0416 AM
[ReportManager] API Action [GetResponseJSONValue] successfully performed. With the following test data [title]. @07-02-2022 01:52:22.0443 AM
[ReportManager] API Action [GetResponseJSONValue] successfully performed. With the following test data [title]. @07-02-2022 01:52:22.0462 AM
[ReportManager] API Action [GetResponseJSONValue] successfully performed. With the following test data [body]. @07-02-2022 01:52:22.0479 AM
[ReportManager] Assertion [ValidateEquals] PASSED. Expected [qui neque nisi nulla] and Actual [est rerum tempore vitae
sequi sint nihil reprehenderit dolor beatae ea dolores neque
fugiat blanditiis voluptate porro vel nihil molestiae ut reiciendis
qui aperiam non debitis possimus qui neque nisi nulla]. Comparison Type [CONTAINS]. Validation Type [POSITIVE]. @07-02-2022 01:52:22.0480 AM
[ReportManager] API Action [GetResponseJSONValue] successfully performed. With the following test data [title]. @07-02-2022 01:52:22.0498 AM
[ReportManager] API Action [GetResponseJSONValue] successfully performed. With the following test data [title]. @07-02-2022 01:52:22.0514 AM
[ReportManager] API Action [GetResponseJSONValue] successfully performed. With the following test data [title]. @07-02-2022 01:52:22.0531 AM
[ReportManager] API Action [GetResponseJSONValue] successfully performed. With the following test data [title]. @07-02-2022 01:52:22.0547 AM
[ReportManager] API Action [GetResponseJSONValue] successfully performed. With the following test data [title]. @07-02-2022 01:52:22.0572 AM
[ReportManager] API Action [GetResponseJSONValue] successfully performed. With the following test data [title]. @07-02-2022 01:52:22.0587 AM
[ReportManager] API Action [GetResponseJSONValue] successfully performed. With the following test data [title]. @07-02-2022 01:52:22.0602 AM
[ReportManager] API Action [GetResponseJSONValue] successfully performed. With the following test data [title]. @07-02-2022 01:52:22.0618 AM
[ReportManager] API Action [GetResponseJSONValue] successfully performed. With the following test data [title]. @07-02-2022 01:52:22.0634 AM
[ReportManager] API Action [GetResponseJSONValue] successfully performed. With the following test data [title]. @07-02-2022 01:52:22.0650 AM
[ReportManager] API Action [GetResponseJSONValue] successfully performed. With the following test data [title]. @07-02-2022 01:52:22.0666 AM
[ReportManager] API Action [GetResponseJSONValue] successfully performed. With the following test data [title]. @07-02-2022 01:52:22.0684 AM
[ReportManager] API Action [GetResponseJSONValue] successfully performed. With the following test data [title]. @07-02-2022 01:52:22.0705 AM
[ReportManager] API Action [GetResponseJSONValue] successfully performed. With the following test data [title]. @07-02-2022 01:52:22.0727 AM
[ReportManager] API Action [GetResponseJSONValue] successfully performed. With the following test data [title]. @07-02-2022 01:52:22.0748 AM
[ReportManager] API Action [GetResponseJSONValue] successfully performed. With the following test data [title]. @07-02-2022 01:52:22.0789 AM
[ReportManager] API Action [GetResponseJSONValue] successfully performed. With the following test data [title]. @07-02-2022 01:52:22.0808 AM
[ReportManager] API Action [GetResponseJSONValue] successfully performed. With the following test data [title]. @07-02-2022 01:52:22.0822 AM
[ReportManager] API Action [GetResponseJSONValue] successfully performed. With the following test data [title]. @07-02-2022 01:52:22.0837 AM
[ReportManager] API Action [GetResponseJSONValue] successfully performed. With the following test data [title]. @07-02-2022 01:52:22.0853 AM
[ReportManager] API Action [GetResponseJSONValue] successfully performed. With the following test data [title]. @07-02-2022 01:52:22.0869 AM
[ReportManager] API Action [GetResponseJSONValue] successfully performed. With the following test data [title]. @07-02-2022 01:52:22.0885 AM
[ReportManager] API Action [GetResponseJSONValue] successfully performed. With the following test data [title]. @07-02-2022 01:52:22.0905 AM
[ReportManager] API Action [GetResponseJSONValue] successfully performed. With the following test data [title]. @07-02-2022 01:52:22.0942 AM
[ReportManager] API Action [GetResponseJSONValue] successfully performed. With the following test data [title]. @07-02-2022 01:52:22.0958 AM
[ReportManager] API Action [GetResponseJSONValue] successfully performed. With the following test data [title]. @07-02-2022 01:52:22.0972 AM
[ReportManager] API Action [GetResponseJSONValue] successfully performed. With the following test data [title]. @07-02-2022 01:52:23.0078 AM
[ReportManager] API Action [GetResponseJSONValue] successfully performed. With the following test data [title]. @07-02-2022 01:52:23.0093 AM
[ReportManager] API Action [GetResponseJSONValue] successfully performed. With the following test data [title]. @07-02-2022 01:52:23.0108 AM
[ReportManager] API Action [GetResponseJSONValue] successfully performed. With the following test data [title]. @07-02-2022 01:52:23.0128 AM
[ReportManager] API Action [GetResponseJSONValue] successfully performed. With the following test data [title]. @07-02-2022 01:52:23.0146 AM
[ReportManager] API Action [GetResponseJSONValue] successfully performed. With the following test data [title]. @07-02-2022 01:52:23.0187 AM
[ReportManager] API Action [GetResponseJSONValue] successfully performed. With the following test data [title]. @07-02-2022 01:52:23.0202 AM
[ReportManager] API Action [GetResponseJSONValue] successfully performed. With the following test data [title]. @07-02-2022 01:52:23.0218 AM
[ReportManager] API Action [GetResponseJSONValue] successfully performed. With the following test data [title]. @07-02-2022 01:52:23.0233 AM
[ReportManager] API Action [GetResponseJSONValue] successfully performed. With the following test data [title]. @07-02-2022 01:52:23.0266 AM
[ReportManager] API Action [GetResponseJSONValue] successfully performed. With the following test data [title]. @07-02-2022 01:52:23.0311 AM
[ReportManager] API Action [GetResponseJSONValue] successfully performed. With the following test data [title]. @07-02-2022 01:52:23.0327 AM
[ReportManager] API Action [GetResponseJSONValue] successfully performed. With the following test data [title]. @07-02-2022 01:52:23.0344 AM
[ReportManager] API Action [GetResponseJSONValue] successfully performed. With the following test data [title]. @07-02-2022 01:52:23.0368 AM
[ReportManager] API Action [GetResponseJSONValue] successfully performed. With the following test data [title]. @07-02-2022 01:52:23.0387 AM
[ReportManager] API Action [GetResponseJSONValue] successfully performed. With the following test data [title]. @07-02-2022 01:52:23.0435 AM
[ReportManager] API Action [GetResponseJSONValue] successfully performed. With the following test data [title]. @07-02-2022 01:52:23.0450 AM
[ReportManager] API Action [GetResponseJSONValue] successfully performed. With the following test data [title]. @07-02-2022 01:52:23.0465 AM
[ReportManager] API Action [GetResponseJSONValue] successfully performed. With the following test data [title]. @07-02-2022 01:52:23.0507 AM
[ReportManager] API Action [GetResponseJSONValue] successfully performed. With the following test data [title]. @07-02-2022 01:52:23.0566 AM
[ReportManager] API Action [GetResponseJSONValue] successfully performed. With the following test data [title]. @07-02-2022 01:52:23.0581 AM
[ReportManager] API Action [GetResponseJSONValue] successfully performed. With the following test data [title]. @07-02-2022 01:52:23.0597 AM
[ReportManager] API Action [GetResponseJSONValue] successfully performed. With the following test data [title]. @07-02-2022 01:52:23.0612 AM
[ReportManager] API Action [GetResponseJSONValue] successfully performed. With the following test data [title]. @07-02-2022 01:52:23.0627 AM
[ReportManager] API Action [GetResponseJSONValue] successfully performed. With the following test data [title]. @07-02-2022 01:52:23.0658 AM
[ReportManager] API Action [GetResponseJSONValue] successfully performed. With the following test data [title]. @07-02-2022 01:52:23.0684 AM
[ReportManager] API Action [GetResponseJSONValue] successfully performed. With the following test data [title]. @07-02-2022 01:52:23.0728 AM
[ReportManager] API Action [GetResponseJSONValue] successfully performed. With the following test data [title]. @07-02-2022 01:52:23.0760 AM
[ReportManager] API Action [GetResponseJSONValue] successfully performed. With the following test data [title]. @07-02-2022 01:52:23.0786 AM
[ReportManager] API Action [GetResponseJSONValue] successfully performed. With the following test data [title]. @07-02-2022 01:52:23.0809 AM
[ReportManager] API Action [GetResponseJSONValue] successfully performed. With the following test data [title]. @07-02-2022 01:52:23.0823 AM
[ReportManager] API Action [GetResponseJSONValue] successfully performed. With the following test data [title]. @07-02-2022 01:52:23.0838 AM
[ReportManager] API Action [GetResponseJSONValue] successfully performed. With the following test data [title]. @07-02-2022 01:52:23.0854 AM
[ReportManager] API Action [GetResponseJSONValue] successfully performed. With the following test data [title]. @07-02-2022 01:52:23.0920 AM
[ReportManager] API Action [GetResponseJSONValue] successfully performed. With the following test data [title]. @07-02-2022 01:52:23.0940 AM
[ReportManager] API Action [GetResponseJSONValue] successfully performed. With the following test data [title]. @07-02-2022 01:52:23.0952 AM
[ReportManager] API Action [GetResponseJSONValue] successfully performed. With the following test data [title]. @07-02-2022 01:52:23.0965 AM
[ReportManager] API Action [GetResponseJSONValue] successfully performed. With the following test data [title]. @07-02-2022 01:52:23.0983 AM
[ReportManager] API Action [GetResponseJSONValue] successfully performed. With the following test data [title]. @07-02-2022 01:52:24.0071 AM
[ReportManager] API Action [GetResponseJSONValue] successfully performed. With the following test data [title]. @07-02-2022 01:52:24.0087 AM
[ReportManager] API Action [GetResponseJSONValue] successfully performed. With the following test data [title]. @07-02-2022 01:52:24.0102 AM
[ReportManager] API Action [GetResponseJSONValue] successfully performed. With the following test data [title]. @07-02-2022 01:52:24.0116 AM
[ReportManager] API Action [GetResponseJSONValue] successfully performed. With the following test data [title]. @07-02-2022 01:52:24.0151 AM
[ReportManager] API Action [GetResponseJSONValue] successfully performed. With the following test data [title]. @07-02-2022 01:52:24.0168 AM
[ReportManager] API Action [GetResponseJSONValue] successfully performed. With the following test data [title]. @07-02-2022 01:52:24.0191 AM
[ReportManager] API Action [GetResponseJSONValue] successfully performed. With the following test data [title]. @07-02-2022 01:52:24.0205 AM
[ReportManager] API Action [GetResponseJSONValue] successfully performed. With the following test data [title]. @07-02-2022 01:52:24.0221 AM
[ReportManager] API Action [GetResponseJSONValue] successfully performed. With the following test data [title]. @07-02-2022 01:52:24.0241 AM
[ReportManager] API Action [GetResponseJSONValue] successfully performed. With the following test data [title]. @07-02-2022 01:52:24.0320 AM
[ReportManager] API Action [GetResponseJSONValue] successfully performed. With the following test data [title]. @07-02-2022 01:52:24.0333 AM
[ReportManager] API Action [GetResponseJSONValue] successfully performed. With the following test data [title]. @07-02-2022 01:52:24.0345 AM
[ReportManager] API Action [GetResponseJSONValue] successfully performed. With the following test data [title]. @07-02-2022 01:52:24.0359 AM
[ReportManager] API Action [GetResponseJSONValue] successfully performed. With the following test data [title]. @07-02-2022 01:52:24.0379 AM
[ReportManager] API Action [GetResponseJSONValue] successfully performed. With the following test data [title]. @07-02-2022 01:52:24.0393 AM
[ReportManager] API Action [GetResponseJSONValue] successfully performed. With the following test data [title]. @07-02-2022 01:52:24.0449 AM
[ReportManager] API Action [GetResponseJSONValue] successfully performed. With the following test data [title]. @07-02-2022 01:52:24.0463 AM
[ReportManager] API Action [GetResponseJSONValue] successfully performed. With the following test data [title]. @07-02-2022 01:52:24.0475 AM
[ReportManager] API Action [GetResponseJSONValue] successfully performed. With the following test data [title]. @07-02-2022 01:52:24.0487 AM
[ReportManager] API Action [GetResponseJSONValue] successfully performed. With the following test data [title]. @07-02-2022 01:52:24.0501 AM
[ReportManager] API Action [GetResponseJSONValue] successfully performed. With the following test data [title]. @07-02-2022 01:52:24.0531 AM
[ReportManager] API Action [GetResponseJSONValue] successfully performed. With the following test data [title]. @07-02-2022 01:52:24.0554 AM
[ReportManager] API Action [GetResponseJSONValue] successfully performed. With the following test data [title]. @07-02-2022 01:52:24.0572 AM
[ReportManager] API Action [GetResponseJSONValue] successfully performed. With the following test data [title]. @07-02-2022 01:52:24.0584 AM
[ReportManager] API Action [GetResponseJSONValue] successfully performed. With the following test data [title]. @07-02-2022 01:52:24.0603 AM
[ReportManager] API Action [GetResponseJSONValue] successfully performed. With the following test data [title]. @07-02-2022 01:52:24.0659 AM
[ReportManager] API Action [GetResponseJSONValue] successfully performed. With the following test data [title]. @07-02-2022 01:52:24.0698 AM
[ReportManager] API Action [GetResponseJSONValue] successfully performed. With the following test data [title]. @07-02-2022 01:52:24.0711 AM
[ReportManager] API Action [GetResponseJSONValue] successfully performed. With the following test data [title]. @07-02-2022 01:52:24.0727 AM
[ReportManager] API Action [GetResponseJSONValue] successfully performed. With the following test data [title]. @07-02-2022 01:52:24.0740 AM
[ReportManager] API Action [GetResponseJSONValue] successfully performed. With the following test data [title]. @07-02-2022 01:52:24.0752 AM
[ReportManager] API Action [GetResponseJSONValue] successfully performed. With the following test data [title]. @07-02-2022 01:52:24.0764 AM
[ReportManager] API Action [GetResponseJSONValue] successfully performed. With the following test data [title]. @07-02-2022 01:52:24.0777 A

################################################################################################################################################
Starting Execution:	[68 out of 162] test cases in the current suite
Test Method:		[unitTests.tests_restActions.validateUserEmail]
################################################################################################################################################
[ReportManager] Response status code: [200], status line: [HTTP/1.1 200 OK] @07-02-2022 01:52:24.0861 AM
[ReportManager] Assertion Passed: Evaluating the actual response status code against the expected one... @07-02-2022 01:52:24.0861 AM
[ReportManager] Assertion [ValidateComparativeRelation] PASSED. Expected [200] and Actual [200]. Comparison Type [EQUALS]. Validation Type [POSITIVE]. @07-02-2022 01:52:24.0862 AM
[ReportManager] API Action [PerformRequest] successfully performed. With the following test data [Request Type: "GET" | Target Status Code: "200" | Service URL: "https://jsonplaceholder.typicode.com/users" | Content Type: "*/*" | Response Time: "69ms"]. @07-02-2022 01:52:24.0890 AM
[ReportManager] Successfully created attachment [API Request - Specifications] @07-02-2022 01:52:24.0891 AM
[ReportManager] Successfully created attachment [API Response - JSON Body] @07-02-2022 01:52:24.0892 AM
[ReportManager] Assertion [ValidateEquals] PASSED. Expected and Actual values are attached. Comparison Type [CONTAINS]. Validation Type [POSITIVE]. @07-02-2022 01:52:24.0894 AM
[ReportManager] Successfully created attachment [Validation Test Data - Expected Value] @07-02-2022 01:52:24.0895 AM
[ReportManager] Successfully created attachment [Validation Test Data - Actual Value] @07-02-2022 01:52:24.0895 AM
[ReportManager] API Action [GetResponseJSONValueAsList] successfully performed. With the following test data [$]. @07-02-2022 01:52:24.0904 AM
[ReportManager] API Action [GetResponseJSONValue] successfully performed. With the following test data [name]. @07-02-2022 01:52:24.0919 AM
[ReportManager] API Action [GetResponseJSONValue] successfully performed. With the following test data [email]. @07-02-2022 01:52:24.0934 AM
[ReportManager] Assertion [ValidateEquals] PASSED. Expected [Sincere@april.biz] and Actual [Sincere@april.biz]. Comparison Type [EQUALS]. Validation Type [POSITIVE]. @07-02-2022 01:52:24.0934 AM
[ReportManager] API Action [GetResponseJSONValue] successfully performed. With the following test data [name]. @07-02-2022 01:52:24.0951 AM
[ReportManager] API Action [GetResponseJSONValue] successfully performed. With the following test data [name]. @07-02-2022 01:52:24.0968 AM
[ReportManager] API Action [GetResponseJSONValue] successfully performed. With the following test data [name]. @07-02-2022 01:52:24.0986 AM
[ReportManager] API Action [GetResponseJSONValue] successfully performed. With the following test data [name]. @07-02-2022 01:52:25.0008 AM
[ReportManager] API Action [GetResponseJSONValue] successfully performed. With the following test data [name]. @07-02-2022 01:52:25.0023 AM
[ReportManager] API Action [GetResponseJSONValue] successfully performed. With the following test data [name]. @07-02-2022 01:52:25.0093 AM
[ReportManager] API Action [GetResponseJSONValue] successfully performed. With the following test data [name]. @07-02-2022 01:52:25.0129 AM
[ReportManager] API Action [GetResponseJSONValue] successfully performed. With the following test data [name]. @07-02-2022 01:52:25.0171 AM
[ReportManager] API Action [GetResponseJSONValue] successfully performed. With the following test data [name]. @07-02-2022 01:52:25.0209 A
[ReportManager] File Action [GetAbsolutePath] successfully performed. With the following test data [Relative Folder Path: "target/downloadedFiles/"]. @07-02-2022 01:52:25.0213 AM
[ReportManager] Attempting to run locally on: [Mac-64], [Safari], Headless Execution. @07-02-2022 01:52:25.0214 AM
[ReportManager] Successfully Opened Safari. @07-02-2022 01:52:26.0080 AM
[ReportManager] Initial window size: (800, 600) @07-02-2022 01:52:26.0093 AM
[ReportManager] Window size after SWD Maximize: (1176, 803) @07-02-2022 01:52:26.0125 AM
[ReportManager] Browser Action [MaximizeWindow] successfully performed. With the following test data [New screen size is now: (1176, 803)]. @07-02-2022 01:52:26.0126 A

################################################################################################################################################
Starting Execution:	[69 out of 162] test cases in the current suite
Test Method:		[testPackage01.Test_uploadFile.uploadFile_invisibleUploadInput]
################################################################################################################################################
[ReportManager] Target URL: [https://fineuploader.com/demos.html#gallery-view] @07-02-2022 01:52:26.0129 AM
[ReportManager] Initial URL: [] @07-02-2022 01:52:26.0181 AM
[ReportManager] Browser Action [NavigateToURL] successfully performed. With the following test data [https://fineuploader.com/demos.html#gallery-view]. @07-02-2022 01:52:28.0120 AM
[ReportManager] File Action [GetAbsolutePath] successfully performed. With the following test data [Relative File Path: "src/main/resources/images/shaft.png"]. @07-02-2022 01:52:28.0121 AM
[ReportManager] Successfully created attachment [File Action Actual Result - Command Log] @07-02-2022 01:52:28.0121 AM
[ReportManager] Element Action [TypeFileLocationForUpload] successfully performed. With the following test data [/Users/runner/work/SHAFT_ENGINE/SHAFT_ENGINE/src/main/resources/images/shaft.png]. @07-02-2022 01:52:28.0185 AM
[ReportManager] Attempting to getAttribute [src] from elementLocator [By.xpath: //div[@id='fine-uploader-gallery']//div[@class='qq-thumbnail-wrapper']/img]. @07-02-2022 01:52:28.0188 AM
[ReportManager] Element Action [GetAttribute] successfully performed. @07-02-2022 01:52:28.0473 AM
[ReportManager] Successfully created attachment [Element Action Test Data - GetAttribute - Actual Value] @07-02-2022 01:52:28.0476 AM
[ReportManager] Assertion Passed: Then I Assert that the element found by [By.xpath: //div[@id='fine-uploader-gallery']//div[@class='qq-thumbnail-wrapper']/img] attribute [src] contains [data:image/png;base64]. @07-02-2022 01:52:28.0727 AM
[ReportManager] Successfully created attachment [Validation Test Data - Expected Value] @07-02-2022 01:52:28.0728 AM
[ReportManager] Successfully created attachment [Validation Test Data - Actual Value] @07-02-2022 01:52:28.0729 AM
[ReportManager] Successfully created attachment [Screenshot - 1644198748623_uploadFile_invisibleUploadInput_ValidateElementAttribute_passed] @07-02-2022 01:52:28.0731 AM
[ReportManager] Assertion [ValidateElementAttribute] PASSED. Expected and Actual values are attached. Comparison Type [CONTAINS]. Validation Type [POSITIVE]. @07-02-2022 01:52:28.0731 A
[ReportManager] Browser Action [CloseCurrentWindow] successfully performed. @07-02-2022 01:52:28.0957 AM
[ReportManager] Successfully created attachment [Browser Action Test Data - CloseCurrentWindow - Actual Value] @07-02-2022 01:52:28.0959 A
[ReportManager] File Action [GetAbsolutePath] successfully performed. With the following test data [Relative Folder Path: "target/downloadedFiles/"]. @07-02-2022 01:52:28.0963 AM
[ReportManager] Attempting to run locally on: [Mac-64], [Safari], Headless Execution. @07-02-2022 01:52:28.0963 AM
[ReportManager] An Exception Occured with this Message: Could not start a new session. Possible causes are invalid address of the remote server or browser start-up failure.. @07-02-2022 01:52:29.0052 AM
[ReportManager] Successfully created attachment [Exception Stack Trace - org.openqa.selenium.SessionNotCreatedException] @07-02-2022 01:52:29.0054 AM
[ReportManager] Driver Factory Action [createNewLocalDriverInstanceForSafari] failed. With the following test data [Failed to create a session on DESKTOP_SAFARI]. @07-02-2022 01:52:29.0055 A

################################################################################################################################################
Starting Execution:	[70 out of 162] test cases in the current suite
Test Method:		[testPackage01.Test_uploadFile.uploadFile_visibleUploadInput]
###############################################################################################################################################


################################################################################################################################################
Starting Execution:	[71 out of 162] test cases in the current suite
Test Method:		[testPackage01.Test_AssertApiResponseEquals.assertApiResponseEquals_expectedToPass]
################################################################################################################################################
[ReportManager] Response status code: [200], status line: [HTTP/1.1 200 OK] @07-02-2022 01:52:29.0149 AM
[ReportManager] Assertion Passed: Evaluating the actual response status code against the expected one... @07-02-2022 01:52:29.0149 AM
[ReportManager] Assertion [ValidateComparativeRelation] PASSED. Expected [200] and Actual [200]. Comparison Type [EQUALS]. Validation Type [POSITIVE]. @07-02-2022 01:52:29.0149 AM
[ReportManager] API Action [PerformRequest] successfully performed. With the following test data [Request Type: "GET" | Target Status Code: "200" | Service URL: "https://jsonplaceholder.typicode.com/users" | Content Type: "*/*" | Response Time: "70ms"]. @07-02-2022 01:52:29.0181 AM
[ReportManager] Successfully created attachment [API Request - Specifications] @07-02-2022 01:52:29.0182 AM
[ReportManager] Successfully created attachment [API Response - JSON Body] @07-02-2022 01:52:29.0183 AM
[ReportManager] API Action [GetResponseJSONValueAsList] successfully performed. With the following test data [$]. @07-02-2022 01:52:29.0195 AM
[ReportManager] API Action [GetResponseJSONValue] successfully performed. With the following test data [name]. @07-02-2022 01:52:29.0214 AM
[ReportManager] API Action [GetResponseJSONValue] successfully performed. With the following test data [email]. @07-02-2022 01:52:29.0261 AM
[ReportManager] Verification [ValidateEquals] PASSED. Expected [Sincere@april.biz] and Actual [Sincere@april.biz]. Comparison Type [EQUALS]. Validation Type [POSITIVE]. @07-02-2022 01:52:29.0262 AM
[ReportManager] API Action [GetResponseJSONValue] successfully performed. With the following test data [username]. @07-02-2022 01:52:29.0315 AM
[ReportManager] Assertion [ValidateEquals] PASSED. Expected [Bret] and Actual [Bret]. Comparison Type [EQUALS]. Validation Type [POSITIVE]. @07-02-2022 01:52:29.0316 AM
[ReportManager] API Action [GetResponseJSONValue] successfully performed. With the following test data [name]. @07-02-2022 01:52:29.0335 AM
[ReportManager] API Action [GetResponseJSONValue] successfully performed. With the following test data [name]. @07-02-2022 01:52:29.0371 AM
[ReportManager] API Action [GetResponseJSONValue] successfully performed. With the following test data [name]. @07-02-2022 01:52:29.0384 AM
[ReportManager] API Action [GetResponseJSONValue] successfully performed. With the following test data [name]. @07-02-2022 01:52:29.0397 AM
[ReportManager] API Action [GetResponseJSONValue] successfully performed. With the following test data [name]. @07-02-2022 01:52:29.0411 AM
[ReportManager] API Action [GetResponseJSONValue] successfully performed. With the following test data [name]. @07-02-2022 01:52:29.0424 AM
[ReportManager] API Action [GetResponseJSONValue] successfully performed. With the following test data [name]. @07-02-2022 01:52:29.0439 AM
[ReportManager] API Action [GetResponseJSONValue] successfully performed. With the following test data [name]. @07-02-2022 01:52:29.0453 AM
[ReportManager] API Action [GetResponseJSONValue] successfully performed. With the following test data [name]. @07-02-2022 01:52:29.0469 A
[ReportManager] File Action [GetAbsolutePath] successfully performed. With the following test data [Relative Folder Path: "target/downloadedFiles/"]. @07-02-2022 01:52:29.0473 AM
[ReportManager] Attempting to run locally on: [Mac-64], [Safari], Headless Execution. @07-02-2022 01:52:29.0473 AM
[ReportManager] Successfully Opened Safari. @07-02-2022 01:52:30.0517 AM
[ReportManager] Initial window size: (800, 600) @07-02-2022 01:52:30.0535 AM
[ReportManager] Window size after SWD Maximize: (1176, 803) @07-02-2022 01:52:30.0587 AM
[ReportManager] Browser Action [MaximizeWindow] successfully performed. With the following test data [New screen size is now: (1176, 803)]. @07-02-2022 01:52:30.0587 AM
[ReportManager] Target URL: [http://the-internet.herokuapp.com/javascript_alerts] @07-02-2022 01:52:30.0588 AM
[ReportManager] Initial URL: [] @07-02-2022 01:52:30.0628 AM
[ReportManager] Browser Action [NavigateToURL] successfully performed. With the following test data [http://the-internet.herokuapp.com/javascript_alerts]. @07-02-2022 01:52:31.0704 A

################################################################################################################################################
Starting Execution:	[72 out of 162] test cases in the current suite
Test Method:		[testPackage01.TestJSPromptBox.dismissAlert]
################################################################################################################################################
[ReportManager] Element Action [Click] successfully performed. With the following test data [By.xpath: //button[contains(text(),'Click for JS Prompt')]]. @07-02-2022 01:52:32.0099 AM
[ReportManager] Alert is present @07-02-2022 01:52:32.0121 AM
[ReportManager] Element Action [DismissAlert] successfully performed. @07-02-2022 01:52:32.0134 A

################################################################################################################################################
Starting Execution:	[73 out of 162] test cases in the current suite
Test Method:		[testPackage01.TestJSPromptBox.assertOnCancelAlertResultText]
################################################################################################################################################
[ReportManager] Element Action [GetText] successfully performed. With the following test data [You entered: null]. @07-02-2022 01:52:32.0202 AM
[ReportManager] Assertion Passed: Then I Assert that the element found by [By.id: result] attribute [TEXT] is equal to [You entered: null]. @07-02-2022 01:52:32.0391 AM
[ReportManager] Successfully created attachment [Screenshot - 1644198752324_assertOnCancelAlertResultText_ValidateElementAttribute_passed] @07-02-2022 01:52:32.0392 AM
[ReportManager] Assertion [ValidateElementAttribute] PASSED. Expected [Value Should be 'You entered: null' for the 'text' attribute, element locator 'By.id: result'] and Actual [You entered: null]. Comparison Type [EQUALS]. Validation Type [POSITIVE]. @07-02-2022 01:52:32.0392 A

################################################################################################################################################
Starting Execution:	[74 out of 162] test cases in the current suite
Test Method:		[testPackage01.TestJSPromptBox.getAlertText]
################################################################################################################################################
[ReportManager] Element Action [Click] successfully performed. With the following test data [By.xpath: //button[contains(text(),'Click for JS Prompt')]]. @07-02-2022 01:52:32.0664 AM
[ReportManager] Alert is present @07-02-2022 01:52:32.0680 AM
[ReportManager] Alert Text is: [I am a JS prompt] @07-02-2022 01:52:32.0700 AM
[ReportManager] Element Action [GetAlertText] successfully performed. @07-02-2022 01:52:32.0701 AM
[ReportManager] Alert text is: [I am a JS prompt] @07-02-2022 01:52:32.0701 AM
[ReportManager] Alert is present @07-02-2022 01:52:32.0737 AM
[ReportManager] Alert Text is: [I am a JS prompt] @07-02-2022 01:52:32.0795 AM
[ReportManager] Element Action [GetAlertText] successfully performed. @07-02-2022 01:52:32.0795 AM
[ReportManager] Assertion Passed: Then I Assert that [I am a JS prompt] is equal to [I am a JS prompt]. @07-02-2022 01:52:32.0796 AM
[ReportManager] Assertion [ValidateEquals] PASSED. Expected [I am a JS prompt] and Actual [I am a JS prompt]. Comparison Type [EQUALS]. Validation Type [POSITIVE]. @07-02-2022 01:52:32.0796 A

################################################################################################################################################
Starting Execution:	[75 out of 162] test cases in the current suite
Test Method:		[testPackage01.TestJSPromptBox.acceptPromptAlertWithoutTypingTextMessage]
################################################################################################################################################
[ReportManager] Alert is not present @07-02-2022 01:53:02.0838 AM
[ReportManager] Element Action [WaitForAlertToBePresent] failed. @07-02-2022 01:53:02.0952 AM
[ReportManager] Successfully created attachment [Screenshot - 1644198782865_acceptPromptAlertWithoutTypingTextMessage_WaitForAlertToBePresent_failed] @07-02-2022 01:53:02.0953 A

################################################################################################################################################
Starting Execution:	[76 out of 162] test cases in the current suite
Test Method:		[testPackage01.TestJSPromptBox.assertOnConfirmPromptAlertWithoutTypingTextMessageResultText]
###############################################################################################################################################

################################################################################################################################################
Starting Execution:	[77 out of 162] test cases in the current suite
Test Method:		[testPackage01.TestJSPromptBox.acceptPromptAlertWithTextMessage]
###############################################################################################################################################

################################################################################################################################################
Starting Execution:	[78 out of 162] test cases in the current suite
Test Method:		[testPackage01.TestJSPromptBox.assertOnConfirmPromptAlertWithTextMessageResultText]
###############################################################################################################################################
[ReportManager] Browser Action [CloseCurrentWindow] successfully performed. @07-02-2022 01:53:03.0396 AM
[ReportManager] Successfully created attachment [Browser Action Test Data - CloseCurrentWindow - Actual Value] @07-02-2022 01:53:03.0397 A

################################################################################################################################################
Starting Execution:	[79 out of 162] test cases in the current suite
Test Method:		[testPackage01.Test_testData.f]
################################################################################################################################################
[ReportManager] Successfully loaded the following test data file [src/test/resources/testDataFiles/testSuite01/TestData.xlsx]. @07-02-2022 01:53:03.0449 AM
[ReportManager] Successfully created attachment [Test Data - Excel] @07-02-2022 01:53:03.0449 AM
[ReportManager] Last Column Number is: [3]. Zero-based. @07-02-2022 01:53:03.0450 A

################################################################################################################################################
Starting Execution:	[80 out of 162] test cases in the current suite
Test Method:		[testPackage01.Test_PDF.testPDF1]
################################################################################################################################################
[ReportManager] File Action [DoesFileExist] successfully performed. With the following test data [File Path: "src/test/resources/testDataFiles/sample.pdf"]. @07-02-2022 01:53:03.0458 AM
[ReportManager] File Action [GetAbsolutePath] successfully performed. With the following test data [Relative Folder Path: "src/test/resources/testDataFiles/sample.pdf"]. @07-02-2022 01:53:03.0459 AM
[ReportManager] Assertion Passed: Checking to see that the pdf file contains [A Simple PDF File] @07-02-2022 01:53:09.0640 AM
[ReportManager] Successfully created attachment [Validation Test Data - Expected Value] @07-02-2022 01:53:09.0640 AM
[ReportManager] Successfully created attachment [Validation Test Data - Actual Value] @07-02-2022 01:53:09.0641 AM
[ReportManager] Assertion [ValidateEquals] PASSED. Expected and Actual values are attached. Comparison Type [CONTAINS]. Validation Type [POSITIVE]. @07-02-2022 01:53:09.0641 A

################################################################################################################################################
Starting Execution:	[81 out of 162] test cases in the current suite
Test Method:		[testPackage01.Test_PDF.testPDF2]
################################################################################################################################################
[ReportManager] File Action [DoesFileExist] successfully performed. With the following test data [File Path: "src/test/resources/testDataFiles/sample.pdf"]. @07-02-2022 01:53:09.0647 AM
[ReportManager] File Action [GetAbsolutePath] successfully performed. With the following test data [Relative Folder Path: "src/test/resources/testDataFiles/sample.pdf"]. @07-02-2022 01:53:09.0647 AM
[ReportManager] Assertion Passed: Checking to see that the pdf file contains [A Simple PDF File] @07-02-2022 01:53:09.0697 AM
[ReportManager] Successfully created attachment [Validation Test Data - Expected Value] @07-02-2022 01:53:09.0698 AM
[ReportManager] Successfully created attachment [Validation Test Data - Actual Value] @07-02-2022 01:53:09.0698 AM
[ReportManager] Assertion [ValidateEquals] PASSED. Expected and Actual values are attached. Comparison Type [CONTAINS]. Validation Type [POSITIVE]. @07-02-2022 01:53:09.0698 A
[ReportManager] File Action [GetAbsolutePath] successfully performed. With the following test data [Relative Folder Path: "target/downloadedFiles/"]. @07-02-2022 01:53:09.0701 AM
[ReportManager] Attempting to run locally on: [Mac-64], [Safari], Headless Execution. @07-02-2022 01:53:09.0701 AM
[ReportManager] An Exception Occured with this Message: Could not start a new session. Possible causes are invalid address of the remote server or browser start-up failure.. @07-02-2022 01:53:09.0793 AM
[ReportManager] Successfully created attachment [Exception Stack Trace - org.openqa.selenium.SessionNotCreatedException] @07-02-2022 01:53:09.0793 AM
[ReportManager] Driver Factory Action [createNewLocalDriverInstanceForSafari] failed. With the following test data [Failed to create a session on DESKTOP_SAFARI]. @07-02-2022 01:53:09.0794 A

################################################################################################################################################
Starting Execution:	[82 out of 162] test cases in the current suite
Test Method:		[testPackage01.Test_ShadowDOM.shadowdom]
###############################################################################################################################################

[ReportManager] File Action [GetAbsolutePath] successfully performed. With the following test data [Relative Folder Path: "target/downloadedFiles/"]. @07-02-2022 01:53:09.0817 AM
[ReportManager] Attempting to run locally on: [Mac-64], [Safari], Headless Execution. @07-02-2022 01:53:09.0817 AM
[ReportManager] Successfully Opened Safari. @07-02-2022 01:53:10.0913 AM
[ReportManager] Initial window size: (800, 600) @07-02-2022 01:53:10.0933 AM
[ReportManager] Window size after SWD Maximize: (1176, 803) @07-02-2022 01:53:10.0962 AM
[ReportManager] Browser Action [MaximizeWindow] successfully performed. With the following test data [New screen size is now: (1176, 803)]. @07-02-2022 01:53:10.0962 A

################################################################################################################################################
Starting Execution:	[83 out of 162] test cases in the current suite
Test Method:		[testPackage01.Test_clipboardActions.typeTextAndCopyPaste]
################################################################################################################################################
[ReportManager] Target URL: [https://www.google.com/ncr], and after redirection: [https://www.google.com] @07-02-2022 01:53:11.0005 AM
[ReportManager] Initial URL: [] @07-02-2022 01:53:11.0041 AM
[ReportManager] Browser Action [NavigateToURL] successfully performed. With the following test data [https://www.google.com/ncr]. @07-02-2022 01:53:12.0450 AM
[ReportManager] Element Action [Type] successfully performed. With the following test data [FIRST]. @07-02-2022 01:53:12.0866 A
[ReportManager] Browser Action [CloseCurrentWindow] successfully performed. @07-02-2022 01:53:13.0610 AM
[ReportManager] Successfully created attachment [Browser Action Test Data - CloseCurrentWindow - Actual Value] @07-02-2022 01:53:13.0610 A
[ReportManager] File Action [GetAbsolutePath] successfully performed. With the following test data [Relative Folder Path: "target/downloadedFiles/"]. @07-02-2022 01:53:13.0612 AM
[ReportManager] Attempting to run locally on: [Mac-64], [Safari], Headless Execution. @07-02-2022 01:53:13.0612 AM
[ReportManager] Successfully Opened Safari. @07-02-2022 01:53:14.0466 AM
[ReportManager] Initial window size: (800, 600) @07-02-2022 01:53:14.0498 AM
[ReportManager] Window size after SWD Maximize: (1176, 803) @07-02-2022 01:53:14.0529 AM
[ReportManager] Browser Action [MaximizeWindow] successfully performed. With the following test data [New screen size is now: (1176, 803)]. @07-02-2022 01:53:14.0529 AM
[ReportManager] Target URL: [http://the-internet.herokuapp.com/javascript_alerts] @07-02-2022 01:53:14.0529 AM
[ReportManager] Initial URL: [] @07-02-2022 01:53:14.0578 AM
[ReportManager] Browser Action [NavigateToURL] successfully performed. With the following test data [http://the-internet.herokuapp.com/javascript_alerts]. @07-02-2022 01:53:15.0514 A

################################################################################################################################################
Starting Execution:	[84 out of 162] test cases in the current suite
Test Method:		[testPackage01.TestJSAlertBox.getJSAlertText]
################################################################################################################################################
[ReportManager] Element Action [Click] successfully performed. With the following test data [By.xpath: //button[contains(text(),'Click for JS Alert')]]. @07-02-2022 01:53:15.0839 AM
[ReportManager] Alert is present @07-02-2022 01:53:15.0894 AM
[ReportManager] Alert Text is: [I am a JS Alert] @07-02-2022 01:53:15.0956 AM
[ReportManager] Element Action [GetAlertText] successfully performed. @07-02-2022 01:53:15.0957 AM
[ReportManager] Alert text is: [I am a JS Alert] @07-02-2022 01:53:15.0957 AM
[ReportManager] Alert is present @07-02-2022 01:53:15.0971 AM
[ReportManager] Alert Text is: [I am a JS Alert] @07-02-2022 01:53:15.0978 AM
[ReportManager] Element Action [GetAlertText] successfully performed. @07-02-2022 01:53:15.0978 AM
[ReportManager] Assertion Passed: Then I Assert that [I am a JS Alert] is equal to [I am a JS Alert]. @07-02-2022 01:53:15.0979 AM
[ReportManager] Assertion [ValidateEquals] PASSED. Expected [I am a JS Alert] and Actual [I am a JS Alert]. Comparison Type [EQUALS]. Validation Type [POSITIVE]. @07-02-2022 01:53:15.0979 A

################################################################################################################################################
Starting Execution:	[85 out of 162] test cases in the current suite
Test Method:		[testPackage01.TestJSAlertBox.acceptAlert]
################################################################################################################################################
[ReportManager] Alert is not present @07-02-2022 01:53:46.0226 AM
[ReportManager] Element Action [WaitForAlertToBePresent] failed. @07-02-2022 01:53:50.0734 AM
[ReportManager] Successfully created attachment [Screenshot - 1644198826252_acceptAlert_WaitForAlertToBePresent_failed] @07-02-2022 01:53:50.0735 A

################################################################################################################################################
Starting Execution:	[86 out of 162] test cases in the current suite
Test Method:		[testPackage01.TestJSAlertBox.assertOnConfirmAlertResultText]
###############################################################################################################################################
[ReportManager] Browser Action [CloseCurrentWindow] successfully performed. @07-02-2022 01:53:51.0077 AM
[ReportManager] Successfully created attachment [Browser Action Test Data - CloseCurrentWindow - Actual Value] @07-02-2022 01:53:57.0987 A

################################################################################################################################################
Starting Execution:	[87 out of 162] test cases in the current suite
Test Method:		[testPackage01.Test_checkJDKShellFilesGenerated.testJDKGeneratedSuccessfully]
################################################################################################################################################
[ReportManager] Configuring JDK @07-02-2022 01:53:58.0033 AM
[ReportManager] File Action [GetAbsolutePath] successfully performed. With the following test data [Relative File Path: "generateJdkMac.sh"]. @07-02-2022 01:53:58.0033 AM
[ReportManager] File Action [WriteToFile] successfully performed. With the following test data [Target File Path: "/Users/runner/work/SHAFT_ENGINE/SHAFT_ENGINE/generateJdkMac.sh"]. @07-02-2022 01:53:58.0034 AM
[ReportManager] Attempting to perform the following command locally. Command: [chmod u+x generateJdk.sh] @07-02-2022 01:53:58.0034 AM
[ReportManager] Terminal Action [PerformTerminalCommands] successfully performed. With the following test data [Host Name: "localHost" | Command: "chmod u+x generateJdk.sh" | Exit Status: "1"]. @07-02-2022 01:53:58.0042 AM
[ReportManager] Successfully created attachment [Terminal Action Actual Result - Command Log] @07-02-2022 01:53:58.0043 AM
[ReportManager] Assertion Passed: Then I Assert that [[#!/bin/bash, export JAVA_HOME=$(/usr/libexec/java_home), export PATH=$JAVA_HOME/bin:$PATH, source ~/.zshenv, echo $JAVA_HOME, echo $PATH, exec bash]] contains [JAVA_HOME=$(/usr/libexec/java_home)]. @07-02-2022 01:53:58.0043 AM
[ReportManager] Assertion [ValidateEquals] PASSED. Expected [JAVA_HOME=$(/usr/libexec/java_home)] and Actual [[#!/bin/bash, export JAVA_HOME=$(/usr/libexec/java_home), export PATH=$JAVA_HOME/bin:$PATH, source ~/.zshenv, echo $JAVA_HOME, echo $PATH, exec bash]]. Comparison Type [CONTAINS]. Validation Type [POSITIVE]. @07-02-2022 01:53:58.0043 A
[ReportManager] File Action [GetAbsolutePath] successfully performed. With the following test data [Relative Folder Path: "target/downloadedFiles/"]. @07-02-2022 01:53:58.0046 AM
[ReportManager] Attempting to run locally on: [Mac-64], [Safari], Headless Execution. @07-02-2022 01:53:58.0046 AM
[ReportManager] Successfully Opened Safari. @07-02-2022 01:53:59.0029 AM
[ReportManager] Initial window size: (800, 600) @07-02-2022 01:53:59.0034 AM
[ReportManager] Window size after SWD Maximize: (1176, 803) @07-02-2022 01:53:59.0084 AM
[ReportManager] Browser Action [MaximizeWindow] successfully performed. With the following test data [New screen size is now: (1176, 803)]. @07-02-2022 01:53:59.0085 AM
[ReportManager] Target URL: [http://the-internet.herokuapp.com/javascript_alerts] @07-02-2022 01:53:59.0085 AM
[ReportManager] Initial URL: [] @07-02-2022 01:53:59.0133 AM
[ReportManager] Browser Action [NavigateToURL] successfully performed. With the following test data [http://the-internet.herokuapp.com/javascript_alerts]. @07-02-2022 01:54:00.0259 A

################################################################################################################################################
Starting Execution:	[88 out of 162] test cases in the current suite
Test Method:		[testPackage01.TestJSConfirmBox.dismissAlert]
################################################################################################################################################
[ReportManager] Element Action [Click] successfully performed. With the following test data [By.xpath: //button[contains(text(),'Click for JS Confirm')]]. @07-02-2022 01:54:01.0894 AM
[ReportManager] Alert is present @07-02-2022 01:54:01.0902 AM
[ReportManager] Element Action [DismissAlert] successfully performed. @07-02-2022 01:54:01.0928 A

################################################################################################################################################
Starting Execution:	[89 out of 162] test cases in the current suite
Test Method:		[testPackage01.TestJSConfirmBox.assertOnCancelAlertResultText]
################################################################################################################################################
[ReportManager] Element Action [GetText] successfully performed. With the following test data [You clicked: Cancel]. @07-02-2022 01:54:02.0396 AM
[ReportManager] Assertion Passed: Then I Assert that the element found by [By.id: result] attribute [TEXT] is equal to [You clicked: Cancel]. @07-02-2022 01:54:02.0543 AM
[ReportManager] Successfully created attachment [Screenshot - 1644198842478_assertOnCancelAlertResultText_ValidateElementAttribute_passed] @07-02-2022 01:54:02.0544 AM
[ReportManager] Assertion [ValidateElementAttribute] PASSED. Expected [Value Should be 'You clicked: Cancel' for the 'text' attribute, element locator 'By.id: result'] and Actual [You clicked: Cancel]. Comparison Type [EQUALS]. Validation Type [POSITIVE]. @07-02-2022 01:54:02.0544 A

################################################################################################################################################
Starting Execution:	[90 out of 162] test cases in the current suite
Test Method:		[testPackage01.TestJSConfirmBox.getAlertText]
################################################################################################################################################
[ReportManager] Element Action [Click] successfully performed. With the following test data [By.xpath: //button[contains(text(),'Click for JS Confirm')]]. @07-02-2022 01:54:02.0767 AM
[ReportManager] Alert is present @07-02-2022 01:54:02.0774 AM
[ReportManager] Alert Text is: [I am a JS Confirm] @07-02-2022 01:54:02.0791 AM
[ReportManager] Element Action [GetAlertText] successfully performed. @07-02-2022 01:54:02.0792 AM
[ReportManager] Alert text is: [I am a JS Confirm] @07-02-2022 01:54:02.0793 AM
[ReportManager] Alert is present @07-02-2022 01:54:02.0811 AM
[ReportManager] Alert Text is: [I am a JS Confirm] @07-02-2022 01:54:02.0817 AM
[ReportManager] Element Action [GetAlertText] successfully performed. @07-02-2022 01:54:02.0818 AM
[ReportManager] Assertion Passed: Then I Assert that [I am a JS Confirm] is equal to [I am a JS Confirm]. @07-02-2022 01:54:02.0818 AM
[ReportManager] Assertion [ValidateEquals] PASSED. Expected [I am a JS Confirm] and Actual [I am a JS Confirm]. Comparison Type [EQUALS]. Validation Type [POSITIVE]. @07-02-2022 01:54:02.0818 A

################################################################################################################################################
Starting Execution:	[91 out of 162] test cases in the current suite
Test Method:		[testPackage01.TestJSConfirmBox.acceptAlert]
################################################################################################################################################
[ReportManager] Alert is not present @07-02-2022 01:54:33.0326 AM
[ReportManager] Element Action [WaitForAlertToBePresent] failed. @07-02-2022 01:54:33.0425 AM
[ReportManager] Successfully created attachment [Screenshot - 1644198873348_acceptAlert_WaitForAlertToBePresent_failed] @07-02-2022 01:54:33.0427 A

################################################################################################################################################
Starting Execution:	[92 out of 162] test cases in the current suite
Test Method:		[testPackage01.TestJSConfirmBox.assertOnConfirmAlertResultText]
###############################################################################################################################################
[ReportManager] Browser Action [CloseCurrentWindow] successfully performed. @07-02-2022 01:54:33.0747 AM
[ReportManager] Successfully created attachment [Browser Action Test Data - CloseCurrentWindow - Actual Value] @07-02-2022 01:54:33.0747 A

################################################################################################################################################
Starting Execution:	[93 out of 162] test cases in the current suite
Test Method:		[testPackage01.Test_NewValidationHelper.f1]
################################################################################################################################################
[ReportManager] Assertion Passed: Checking valid user data @07-02-2022 01:54:33.0751 AM
[ReportManager] Successfully created attachment [Validation Test Data - Expected Value] @07-02-2022 01:54:33.0752 AM
[ReportManager] Successfully created attachment [Validation Test Data - Actual Value] @07-02-2022 01:54:33.0752 AM
[ReportManager] Assertion [ValidateEquals] PASSED. Expected and Actual values are attached. Comparison Type [EQUALS]. Validation Type [POSITIVE]. @07-02-2022 01:54:33.0752 A
[ReportManager] File Action [GetAbsolutePath] successfully performed. With the following test data [Relative Folder Path: "target/downloadedFiles/"]. @07-02-2022 01:54:33.0756 AM
[ReportManager] Attempting to run locally on: [Mac-64], [Safari], Headless Execution. @07-02-2022 01:54:33.0756 AM
[ReportManager] An Exception Occured with this Message: Could not start a new session. Possible causes are invalid address of the remote server or browser start-up failure.. @07-02-2022 01:54:34.0219 AM
[ReportManager] Successfully created attachment [Exception Stack Trace - org.openqa.selenium.SessionNotCreatedException] @07-02-2022 01:54:34.0302 AM
[ReportManager] Driver Factory Action [createNewLocalDriverInstanceForSafari] failed. With the following test data [Failed to create a session on DESKTOP_SAFARI]. @07-02-2022 01:54:34.0302 A

################################################################################################################################################
Starting Execution:	[94 out of 162] test cases in the current suite
Test Method:		[testPackage01.Test_NewValidationHelper.f10]
###############################################################################################################################################



################################################################################################################################################
Starting Execution:	[95 out of 162] test cases in the current suite
Test Method:		[testPackage01.Test_NewValidationHelper.f11]
###############################################################################################################################################



################################################################################################################################################
Starting Execution:	[96 out of 162] test cases in the current suite
Test Method:		[testPackage01.Test_NewValidationHelper.f12]
###############################################################################################################################################



################################################################################################################################################
Starting Execution:	[97 out of 162] test cases in the current suite
Test Method:		[testPackage01.Test_NewValidationHelper.f13]
###############################################################################################################################################



################################################################################################################################################
Starting Execution:	[98 out of 162] test cases in the current suite
Test Method:		[testPackage01.Test_NewValidationHelper.f14]
###############################################################################################################################################



################################################################################################################################################
Starting Execution:	[99 out of 162] test cases in the current suite
Test Method:		[testPackage01.Test_NewValidationHelper.f15]
###############################################################################################################################################



################################################################################################################################################
Starting Execution:	[100 out of 162] test cases in the current suite
Test Method:		[testPackage01.Test_NewValidationHelper.f16]
###############################################################################################################################################



################################################################################################################################################
Starting Execution:	[101 out of 162] test cases in the current suite
Test Method:		[testPackage01.Test_NewValidationHelper.f17]
###############################################################################################################################################



################################################################################################################################################
Starting Execution:	[102 out of 162] test cases in the current suite
Test Method:		[testPackage01.Test_NewValidationHelper.f18]
###############################################################################################################################################


################################################################################################################################################
Starting Execution:	[103 out of 162] test cases in the current suite
Test Method:		[testPackage01.Test_NewValidationHelper.f2]
###############################################################################################################################################


################################################################################################################################################
Starting Execution:	[104 out of 162] test cases in the current suite
Test Method:		[testPackage01.Test_NewValidationHelper.f20]
###############################################################################################################################################



################################################################################################################################################
Starting Execution:	[105 out of 162] test cases in the current suite
Test Method:		[testPackage01.Test_NewValidationHelper.f21]
###############################################################################################################################################



################################################################################################################################################
Starting Execution:	[106 out of 162] test cases in the current suite
Test Method:		[testPackage01.Test_NewValidationHelper.f22]
###############################################################################################################################################


################################################################################################################################################
Starting Execution:	[107 out of 162] test cases in the current suite
Test Method:		[testPackage01.Test_NewValidationHelper.f23]
###############################################################################################################################################

################################################################################################################################################
Starting Execution:	[108 out of 162] test cases in the current suite
Test Method:		[testPackage01.Test_NewValidationHelper.f24]
###############################################################################################################################################

################################################################################################################################################
Starting Execution:	[109 out of 162] test cases in the current suite
Test Method:		[testPackage01.Test_NewValidationHelper.f25]
###############################################################################################################################################

################################################################################################################################################
Starting Execution:	[110 out of 162] test cases in the current suite
Test Method:		[testPackage01.Test_NewValidationHelper.f26]
###############################################################################################################################################

################################################################################################################################################
Starting Execution:	[111 out of 162] test cases in the current suite
Test Method:		[testPackage01.Test_NewValidationHelper.f27]
###############################################################################################################################################

################################################################################################################################################
Starting Execution:	[112 out of 162] test cases in the current suite
Test Method:		[testPackage01.Test_NewValidationHelper.f28]
###############################################################################################################################################

################################################################################################################################################
Starting Execution:	[113 out of 162] test cases in the current suite
Test Method:		[testPackage01.Test_NewValidationHelper.f29]
###############################################################################################################################################

################################################################################################################################################
Starting Execution:	[114 out of 162] test cases in the current suite
Test Method:		[testPackage01.Test_NewValidationHelper.f3]
###############################################################################################################################################

################################################################################################################################################
Starting Execution:	[115 out of 162] test cases in the current suite
Test Method:		[testPackage01.Test_NewValidationHelper.f30]
###############################################################################################################################################

################################################################################################################################################
Starting Execution:	[116 out of 162] test cases in the current suite
Test Method:		[testPackage01.Test_NewValidationHelper.f31]
###############################################################################################################################################

################################################################################################################################################
Starting Execution:	[117 out of 162] test cases in the current suite
Test Method:		[testPackage01.Test_NewValidationHelper.f32]
###############################################################################################################################################

################################################################################################################################################
Starting Execution:	[118 out of 162] test cases in the current suite
Test Method:		[testPackage01.Test_NewValidationHelper.f33]
###############################################################################################################################################

################################################################################################################################################
Starting Execution:	[119 out of 162] test cases in the current suite
Test Method:		[testPackage01.Test_NewValidationHelper.f34]
###############################################################################################################################################

################################################################################################################################################
Starting Execution:	[120 out of 162] test cases in the current suite
Test Method:		[testPackage01.Test_NewValidationHelper.f35]
###############################################################################################################################################

################################################################################################################################################
Starting Execution:	[121 out of 162] test cases in the current suite
Test Method:		[testPackage01.Test_NewValidationHelper.f36]
###############################################################################################################################################

################################################################################################################################################
Starting Execution:	[122 out of 162] test cases in the current suite
Test Method:		[testPackage01.Test_NewValidationHelper.f37]
###############################################################################################################################################

################################################################################################################################################
Starting Execution:	[123 out of 162] test cases in the current suite
Test Method:		[testPackage01.Test_NewValidationHelper.f3_1]
###############################################################################################################################################

################################################################################################################################################
Starting Execution:	[124 out of 162] test cases in the current suite
Test Method:		[testPackage01.Test_NewValidationHelper.f4]
###############################################################################################################################################

################################################################################################################################################
Starting Execution:	[125 out of 162] test cases in the current suite
Test Method:		[testPackage01.Test_NewValidationHelper.f5]
###############################################################################################################################################

################################################################################################################################################
Starting Execution:	[126 out of 162] test cases in the current suite
Test Method:		[testPackage01.Test_NewValidationHelper.f6]
###############################################################################################################################################

################################################################################################################################################
Starting Execution:	[127 out of 162] test cases in the current suite
Test Method:		[testPackage01.Test_NewValidationHelper.f6_1]
###############################################################################################################################################

################################################################################################################################################
Starting Execution:	[128 out of 162] test cases in the current suite
Test Method:		[testPackage01.Test_NewValidationHelper.f6_2]
###############################################################################################################################################

################################################################################################################################################
Starting Execution:	[129 out of 162] test cases in the current suite
Test Method:		[testPackage01.Test_NewValidationHelper.f7]
###############################################################################################################################################


################################################################################################################################################
Starting Execution:	[130 out of 162] test cases in the current suite
Test Method:		[testPackage01.Test_NewValidationHelper.f8]
###############################################################################################################################################



################################################################################################################################################
Starting Execution:	[131 out of 162] test cases in the current suite
Test Method:		[testPackage01.Test_NewValidationHelper.f9]
###############################################################################################################################################


################################################################################################################################################
Starting Execution:	[132 out of 162] test cases in the current suite
Test Method:		[testPackage01.Test_NewValidationHelper.forceFail]
###############################################################################################################################################

################################################################################################################################################
Starting Execution:	[133 out of 162] test cases in the current suite
Test Method:		[testPackage01.Test_NewValidationHelper.forceFail2]
###############################################################################################################################################

################################################################################################################################################
Starting Execution:	[134 out of 162] test cases in the current suite
Test Method:		[testPackage01.Test_JsonActions.f]
###############################################################################################################################################

################################################################################################################################################
Starting Execution:	[135 out of 162] test cases in the current suite
Test Method:		[testPackage01.Test_JsonActions.f2]
###############################################################################################################################################

################################################################################################################################################
Starting Execution:	[136 out of 162] test cases in the current suite
Test Method:		[testPackage01.Test_sendGraphqlRequest.sendGraphqlRequestUsingMutationAndVariables]
################################################################################################################################################
[ReportManager] GraphQl Request is being Performed with the Following Parameters [Service URL: https://api.spacex.land/graphql | Request Body: {"variables":"{\"name\": \"sherlock holmes\",\"rocket\": \"221B Baker Street\"}","query":"mutation ($name: String, $rocket: String) {\n  insert_users(objects: {name: $name, rocket: $rocket}) {\n    returning {\n      name\n      rocket\n    }\n  }\n}"}] @07-02-2022 01:54:34.0820 AM
[ReportManager] Response status code: [200], status line: [HTTP/1.1 200 OK] @07-02-2022 01:54:38.0603 AM
[ReportManager] Assertion Passed: Evaluating the actual response status code against the expected one... @07-02-2022 01:54:38.0604 AM
[ReportManager] Assertion [ValidateComparativeRelation] PASSED. Expected [200] and Actual [200]. Comparison Type [EQUALS]. Validation Type [POSITIVE]. @07-02-2022 01:54:38.0604 AM
[ReportManager] API Action [PerformRequest] successfully performed. With the following test data [Request Type: "POST" | Target Status Code: "200" | Service URL: "https://api.spacex.land/graphql" | Content Type: "application/json" | Response Time: "3645ms"]. @07-02-2022 01:54:38.0633 AM
[ReportManager] Successfully created attachment [API Request - Specifications] @07-02-2022 01:54:38.0633 AM
[ReportManager] Successfully created attachment [API Request - JSON Body] @07-02-2022 01:54:38.0634 AM
[ReportManager] Successfully created attachment [API Response - JSON Body] @07-02-2022 01:54:38.0635 AM
[ReportManager] API Action [GetResponseJSONValue] successfully performed. With the following test data [data.insert_users.returning[0].name]. @07-02-2022 01:54:38.0678 AM
[ReportManager] Assertion [ValidateEquals] PASSED. Expected [sherlock holmes] and Actual [sherlock holmes]. Comparison Type [EQUALS]. Validation Type [POSITIVE]. @07-02-2022 01:54:38.0678 A

################################################################################################################################################
Starting Execution:	[137 out of 162] test cases in the current suite
Test Method:		[testPackage01.Test_sendGraphqlRequest.sendGraphqlRequestUsingQuery]
################################################################################################################################################
[ReportManager] GraphQl Request is being Performed with the Following Parameters [Service URL: https://api.spacex.land/graphql | Request Body: {"query":"{company {ceo}}"}] @07-02-2022 01:54:38.0683 AM
[ReportManager] Response status code: [200], status line: [HTTP/1.1 200 OK] @07-02-2022 01:54:38.0948 AM
[ReportManager] Assertion Passed: Evaluating the actual response status code against the expected one... @07-02-2022 01:54:38.0949 AM
[ReportManager] Assertion [ValidateComparativeRelation] PASSED. Expected [200] and Actual [200]. Comparison Type [EQUALS]. Validation Type [POSITIVE]. @07-02-2022 01:54:38.0949 AM
[ReportManager] API Action [PerformRequest] successfully performed. With the following test data [Request Type: "POST" | Target Status Code: "200" | Service URL: "https://api.spacex.land/graphql" | Content Type: "application/json" | Response Time: "260ms"]. @07-02-2022 01:54:38.0964 AM
[ReportManager] Successfully created attachment [API Request - Specifications] @07-02-2022 01:54:38.0964 AM
[ReportManager] Successfully created attachment [API Request - JSON Body] @07-02-2022 01:54:38.0965 AM
[ReportManager] Successfully created attachment [API Response - JSON Body] @07-02-2022 01:54:38.0966 AM
[ReportManager] API Action [GetResponseJSONValue] successfully performed. With the following test data [data.company.ceo]. @07-02-2022 01:54:38.0978 AM
[ReportManager] Assertion [ValidateEquals] PASSED. Expected [Elon Musk] and Actual [Elon Musk]. Comparison Type [EQUALS]. Validation Type [POSITIVE]. @07-02-2022 01:54:38.0979 A

################################################################################################################################################
Starting Execution:	[138 out of 162] test cases in the current suite
Test Method:		[testPackage01.Test_MatchJsonSchema.checkAPI_ResponseSchema]
################################################################################################################################################
[ReportManager] Response status code: [200], status line: [HTTP/1.1 200 OK] @07-02-2022 01:54:39.0141 AM
[ReportManager] Assertion Passed: Evaluating the actual response status code against the expected one... @07-02-2022 01:54:39.0141 AM
[ReportManager] Assertion [ValidateComparativeRelation] PASSED. Expected [200] and Actual [200]. Comparison Type [EQUALS]. Validation Type [POSITIVE]. @07-02-2022 01:54:39.0141 AM
[ReportManager] API Action [PerformRequest] successfully performed. With the following test data [Request Type: "GET" | Target Status Code: "200" | Service URL: "http://api.zippopotam.us/us/90210" | Content Type: "*/*" | Response Time: "152ms"]. @07-02-2022 01:54:39.0154 AM
[ReportManager] Successfully created attachment [API Request - Specifications] @07-02-2022 01:54:39.0155 AM
[ReportManager] Successfully created attachment [API Response - JSON Body] @07-02-2022 01:54:39.0156 AM
[ReportManager] File Action [GetAbsolutePath] successfully performed. With the following test data [Relative Folder Path: "src/test/resources/testDataFiles/schema.json"]. @07-02-2022 01:54:39.0157 AM
[ReportManager] File Action [GetAbsolutePath] successfully performed. With the following test data [Relative Folder Path: "/Users/runner/work/SHAFT_ENGINE/SHAFT_ENGINE/src/test/resources/testDataFiles/schema.json"]. @07-02-2022 01:54:39.0884 AM
[ReportManager] File Action [ReadFromFile] successfully performed. With the following test data [File Path: "/Users/runner/work/SHAFT_ENGINE/SHAFT_ENGINE/src/test/resources/testDataFiles/schema.json"]. @07-02-2022 01:54:39.0884 AM
[ReportManager] Assertion Passed: Then I Assert that the API response schema matches that in this file [src/test/resources/testDataFiles/schema.json]. @07-02-2022 01:54:39.0885 AM
[ReportManager] Successfully created attachment [Validation Test Data - Expected JSON Value] @07-02-2022 01:54:39.0886 AM
[ReportManager] Successfully created attachment [Validation Test Data - Actual JSON Value] @07-02-2022 01:54:39.0887 AM
[ReportManager] Assertion [ValidateResponseFileSchema] PASSED. Expected [Response data should match the JSON File in this path '/Users/runner/work/SHAFT_ENGINE/SHAFT_ENGINE/src/test/resources/testDataFiles/schema.json'] and Actual [TRUE]. Comparison Type [EQUALS]. Validation Type [POSITIVE]. @07-02-2022 01:54:39.0887 A
[ReportManager] File Action [GetAbsolutePath] successfully performed. With the following test data [Relative Folder Path: "target/downloadedFiles/"]. @07-02-2022 01:54:39.0889 AM
[ReportManager] Attempting to run locally on: [Mac-64], [Safari], Headless Execution. @07-02-2022 01:54:39.0890 AM
[ReportManager] Successfully Opened Safari. @07-02-2022 01:54:40.0745 AM
[ReportManager] Initial window size: (800, 600) @07-02-2022 01:54:40.0768 AM
[ReportManager] Window size after SWD Maximize: (1176, 803) @07-02-2022 01:54:40.0797 AM
[ReportManager] Browser Action [MaximizeWindow] successfully performed. With the following test data [New screen size is now: (1176, 803)]. @07-02-2022 01:54:40.0797 A

################################################################################################################################################
Starting Execution:	[139 out of 162] test cases in the current suite
Test Method:		[testPackage01.Test_dragAndDrop.dragAndDropJquery]
################################################################################################################################################
[ReportManager] Target URL: [https://jqueryui.com/resources/demos/droppable/default.html] @07-02-2022 01:54:40.0845 AM
[ReportManager] Initial URL: [] @07-02-2022 01:54:40.0958 AM
[ReportManager] Browser Action [NavigateToURL] successfully performed. With the following test data [https://jqueryui.com/resources/demos/droppable/default.html]. @07-02-2022 01:54:41.0479 AM
[ReportManager] Element Action [GetText] successfully performed. With the following test data [
	Drop here
]. @07-02-2022 01:54:41.0525 AM
[ReportManager] Element Action [DragAndDrop] successfully performed. With the following test data [Start point: (8, 18), End point: (8, 18)]. @07-02-2022 01:54:42.0603 AM
[ReportManager] Element Action [GetText] successfully performed. With the following test data [
	Dropped!
]. @07-02-2022 01:54:42.0653 AM
[ReportManager] Assertion Passed: Checking to see if the text has changed after performing drag and drop @07-02-2022 01:54:42.0653 AM
[ReportManager] Assertion [ValidateEquals] PASSED. Expected [
	Drop here
] and Actual [
	Dropped!
]. Comparison Type [EQUALS]. Validation Type [NEGATIVE]. @07-02-2022 01:54:42.0653 A
[ReportManager] Browser Action [CloseCurrentWindow] successfully performed. @07-02-2022 01:54:42.0969 AM
[ReportManager] Successfully created attachment [Browser Action Test Data - CloseCurrentWindow - Actual Value] @07-02-2022 01:54:42.0970 A
[ReportManager] File Action [GetAbsolutePath] successfully performed. With the following test data [Relative Folder Path: "target/downloadedFiles/"]. @07-02-2022 01:54:42.0972 AM
[ReportManager] Attempting to run locally on: [Mac-64], [Safari], Headless Execution. @07-02-2022 01:54:42.0972 AM
[ReportManager] Successfully Opened Safari. @07-02-2022 01:54:43.0792 AM
[ReportManager] Initial window size: (800, 600) @07-02-2022 01:54:43.0821 AM
[ReportManager] Window size after SWD Maximize: (1176, 803) @07-02-2022 01:54:43.0866 AM
[ReportManager] Browser Action [MaximizeWindow] successfully performed. With the following test data [New screen size is now: (1176, 803)]. @07-02-2022 01:54:43.0866 A

################################################################################################################################################
Starting Execution:	[140 out of 162] test cases in the current suite
Test Method:		[testPackage01.Test_dragAndDrop.dragAndDrop]
Test Description:	[TC001 - Test Drag and Drop function.]
################################################################################################################################################
[ReportManager] Target URL: [http://the-internet.herokuapp.com/drag_and_drop] @07-02-2022 01:54:43.0882 AM
[ReportManager] Initial URL: [] @07-02-2022 01:54:43.0922 AM
[ReportManager] Browser Action [NavigateToURL] successfully performed. With the following test data [http://the-internet.herokuapp.com/drag_and_drop]. @07-02-2022 01:54:44.0861 AM
[ReportManager] Attempting Drag and Drop @07-02-2022 01:54:44.0861 AM
[ReportManager] Element Action [DragAndDrop] successfully performed. With the following test data [Start point: (120, 89), End point: (335, 89)]. @07-02-2022 01:54:45.0548 A
[ReportManager] Browser Action [CloseCurrentWindow] successfully performed. @07-02-2022 01:54:45.0978 AM
[ReportManager] Successfully created attachment [Browser Action Test Data - CloseCurrentWindow - Actual Value] @07-02-2022 01:54:45.0978 A
[ReportManager] File Action [GetAbsolutePath] successfully performed. With the following test data [Relative Folder Path: "target/downloadedFiles/"]. @07-02-2022 01:54:45.0980 AM
[ReportManager] Attempting to run locally on: [Mac-64], [Safari], Headless Execution. @07-02-2022 01:54:45.0981 AM
[ReportManager] Successfully Opened Safari. @07-02-2022 01:54:46.0811 AM
[ReportManager] Initial window size: (800, 600) @07-02-2022 01:54:46.0824 AM
[ReportManager] Window size after SWD Maximize: (1176, 803) @07-02-2022 01:54:46.0858 AM
[ReportManager] Browser Action [MaximizeWindow] successfully performed. With the following test data [New screen size is now: (1176, 803)]. @07-02-2022 01:54:46.0858 A

################################################################################################################################################
Starting Execution:	[141 out of 162] test cases in the current suite
Test Method:		[testPackage01.Test_dragAndDrop.dragAndDropByOffset]
Test Description:	[TC002 - Test Drag and Drop by offset function.]
################################################################################################################################################
[ReportManager] Target URL: [https://jqueryui.com/resources/demos/draggable/default.html] @07-02-2022 01:54:46.0861 AM
[ReportManager] Initial URL: [] @07-02-2022 01:54:46.0909 AM
[ReportManager] Browser Action [NavigateToURL] successfully performed. With the following test data [https://jqueryui.com/resources/demos/draggable/default.html]. @07-02-2022 01:54:47.0454 AM
[ReportManager] Element Action [DragAndDropByOffset] successfully performed. With the following test data [Start point: (8, 8), End point: (108, 58)]. @07-02-2022 01:54:48.0240 A
[ReportManager] Browser Action [CloseCurrentWindow] successfully performed. @07-02-2022 01:54:48.0571 AM
[ReportManager] Successfully created attachment [Browser Action Test Data - CloseCurrentWindow - Actual Value] @07-02-2022 01:54:48.0572 A
[ReportManager] Successfully loaded the following test data file [src/test/resources/testDataFiles/testSuite01/TestData.xlsx]. @07-02-2022 01:54:48.0609 AM
[ReportManager] Successfully created attachment [Test Data - Excel] @07-02-2022 01:54:48.0610 AM
[ReportManager] File Action [GetAbsolutePath] successfully performed. With the following test data [Relative Folder Path: "target/downloadedFiles/"]. @07-02-2022 01:54:48.0610 AM
[ReportManager] Attempting to run locally on: [Mac-64], [Safari], Headless Execution. @07-02-2022 01:54:48.0610 AM
[ReportManager] Successfully Opened Safari. @07-02-2022 01:54:49.0433 AM
[ReportManager] Initial window size: (800, 600) @07-02-2022 01:54:49.0461 AM
[ReportManager] Window size after SWD Maximize: (1176, 803) @07-02-2022 01:54:49.0492 AM
[ReportManager] Browser Action [MaximizeWindow] successfully performed. With the following test data [New screen size is now: (1176, 803)]. @07-02-2022 01:54:49.0492 A

################################################################################################################################################
Starting Execution:	[142 out of 162] test cases in the current suite
Test Method:		[testPackage01.Test_google.navigateToURLandVerifyGoogleLogoIsDisplayed]
Test Description:	[TC001 - Navigate to URL and Verify Google Logo is Displayed]
################################################################################################################################################
[ReportManager] Target URL: [https://www.google.com/ncr], and after redirection: [https://www.google.com] @07-02-2022 01:54:49.0496 AM
[ReportManager] Initial URL: [] @07-02-2022 01:54:49.0545 AM
[ReportManager] Browser Action [NavigateToURL] successfully performed. With the following test data [https://www.google.com/ncr]. @07-02-2022 01:54:50.0871 AM
[ReportManager] Assertion Passed: Then I Assert that the element found by [By.xpath: //*[@id='hplogo' or @alt='Google']] exists. @07-02-2022 01:54:51.0131 AM
[ReportManager] Successfully created attachment [Screenshot - 1644198891051_navigateToURLandVerifyGoogleLogoIsDisplayed_ValidateElementExists_passed] @07-02-2022 01:54:51.0132 AM
[ReportManager] Assertion [ValidateElementExists] PASSED. Expected [Element Should Exist, locator 'By.xpath: //*[@id='hplogo' or @alt='Google']'] and Actual [Element Exists]. Comparison Type [EQUALS]. Validation Type [POSITIVE]. @07-02-2022 01:54:51.0132 A

################################################################################################################################################
Starting Execution:	[143 out of 162] test cases in the current suite
Test Method:		[testPackage01.Test_google.searchForQueryandAssertResultsNumDisplayed]
Test Description:	[TC002 - Search for Query and Assert that the number of results is displayed]
################################################################################################################################################
[ReportManager] Element Action [Type] successfully performed. With the following test data [SHAFT_Engine]. @07-02-2022 01:54:51.0598 AM
[ReportManager] Element Action [KeyPress] successfully performed. With the following test data [Enter]. @07-02-2022 01:54:51.0714 AM
[ReportManager] Element Action [GetText] successfully performed. With the following test data [About 743,000 results (0.46 seconds)Â Quick SettingsSee all settingsPrivacySearch historyYour data in SearchUsing SearchExplicit results filterLearn more about SafeSearchHide explicit resultsLanguagesEnglishAdvanced searchAppearanceLight themeDark themeDevice defaultSupportSearch help]. @07-02-2022 01:54:52.0923 AM
[ReportManager] Assertion Passed: Then I Assert that the element found by [By.id: appbar] text does not equal []. @07-02-2022 01:54:54.0007 AM
[ReportManager] Successfully created attachment [Screenshot - 1644198893927_searchForQueryandAssertResultsNumDisplayed_ValidateElementAttribute_passed] @07-02-2022 01:54:54.0009 AM
[ReportManager] Assertion [ValidateElementAttribute] PASSED. Expected [Value Should not be '' for the 'text' attribute, element locator 'By.id: appbar'] and Actual [About 743,000 results (0.46 seconds)Â Quick SettingsSee all settingsPrivacySearch historyYour data in SearchUsing SearchExplicit results filterLearn more about SafeSearchHide explicit resultsLanguagesEnglishAdvanced searchAppearanceLight themeDark themeDevice defaultSupportSearch help]. Comparison Type [EQUALS]. Validation Type [NEGATIVE]. @07-02-2022 01:54:54.0009 A

################################################################################################################################################
Starting Execution:	[144 out of 162] test cases in the current suite
Test Method:		[testPackage01.Test_google.clickNextThrice]
Test Description:	[TC003 - Clicks the next button to make sure that the framework can scroll element into view before clicking it]
################################################################################################################################################
[ReportManager] Element Action [Click] successfully performed. With the following test data [By.xpath: //span[text()='Next']]. @07-02-2022 01:54:54.0236 A
[ReportManager] Successfully Closed All Drivers. @07-02-2022 01:54:54.0422 A
[ReportManager] File Action [GetAbsolutePath] successfully performed. With the following test data [Relative Folder Path: "target/downloadedFiles/"]. @07-02-2022 01:54:54.0424 AM
[ReportManager] Attempting to run locally on: [Mac-64], [Safari], Headless Execution. @07-02-2022 01:54:54.0425 AM
[ReportManager] Successfully Opened Safari. @07-02-2022 01:54:55.0285 AM
[ReportManager] Initial window size: (800, 600) @07-02-2022 01:54:55.0321 AM
[ReportManager] Window size after SWD Maximize: (1176, 803) @07-02-2022 01:54:55.0338 AM
[ReportManager] Browser Action [MaximizeWindow] successfully performed. With the following test data [New screen size is now: (1176, 803)]. @07-02-2022 01:54:55.0339 A

################################################################################################################################################
Starting Execution:	[145 out of 162] test cases in the current suite
Test Method:		[testPackage01.Test_chainableElementActions.chainElementActions]
################################################################################################################################################
[ReportManager] Target URL: [https://www.google.com/ncr], and after redirection: [https://www.google.com] @07-02-2022 01:54:55.0344 AM
[ReportManager] Initial URL: [] @07-02-2022 01:54:55.0394 AM
[ReportManager] Browser Action [NavigateToURL] successfully performed. With the following test data [https://www.google.com/ncr]. @07-02-2022 01:54:57.0285 AM
[ReportManager] Element Action [Type] successfully performed. With the following test data [chained type 1]. @07-02-2022 01:54:57.0677 AM
[ReportManager] Element Action [Type] successfully performed. With the following test data [chained type 2]. @07-02-2022 01:54:57.0917 AM
[ReportManager] Element Action [TypeAppend] successfully performed. With the following test data [345]. @07-02-2022 01:54:57.0994 AM
[ReportManager] Element Action [GetText] successfully performed. With the following test data [chained type 2345]. @07-02-2022 01:54:58.0066 AM
[ReportManager] Assertion Passed: Then I Assert that the element found by [By.name: q] text is equal to [chained type 2345]. @07-02-2022 01:54:58.0217 AM
[ReportManager] Successfully created attachment [Screenshot - 1644198898154_chainElementActions_ValidateElementAttribute_passed] @07-02-2022 01:54:58.0218 AM
[ReportManager] Assertion [ValidateElementAttribute] PASSED. Expected [Value Should be 'chained type 2345' for the 'text' attribute, element locator 'By.name: q'] and Actual [chained type 2345]. Comparison Type [EQUALS]. Validation Type [POSITIVE]. @07-02-2022 01:54:58.0218 A
[ReportManager] Successfully Closed All Drivers. @07-02-2022 01:54:58.0470 A
[ReportManager] File Action [GetAbsolutePath] successfully performed. With the following test data [Relative Folder Path: "target/downloadedFiles/"]. @07-02-2022 01:54:58.0472 AM
[ReportManager] Attempting to run locally on: [Mac-64], [Safari], Headless Execution. @07-02-2022 01:54:58.0472 AM
[ReportManager] Successfully Opened Safari. @07-02-2022 01:54:59.0364 AM
[ReportManager] Initial window size: (800, 600) @07-02-2022 01:54:59.0389 AM
[ReportManager] Window size after SWD Maximize: (1176, 803) @07-02-2022 01:54:59.0424 AM
[ReportManager] Browser Action [MaximizeWindow] successfully performed. With the following test data [New screen size is now: (1176, 803)]. @07-02-2022 01:54:59.0424 A

################################################################################################################################################
Starting Execution:	[146 out of 162] test cases in the current suite
Test Method:		[testPackage01.Test_RelativeLocators.relativeLocatorsTest1]
################################################################################################################################################
[ReportManager] Target URL: [https://duckduckgo.com/] @07-02-2022 01:54:59.0428 AM
[ReportManager] Initial URL: [] @07-02-2022 01:54:59.0478 AM
[ReportManager] Browser Action [NavigateToURL] successfully performed. With the following test data [https://duckduckgo.com/]. @07-02-2022 01:55:00.0323 AM
[ReportManager] Element Action [Type] successfully performed. With the following test data [SHAFT_Engine]. @07-02-2022 01:55:00.0683 AM
[ReportManager] Element Action [KeyPress] successfully performed. With the following test data [ENTER]. @07-02-2022 01:55:00.0792 AM
[ReportManager] Element Action [GetText] successfully performed. With the following test data [GitHub - MohabMohie/SHAFT_ENGINE: SHAFT_ENGINE is a Test ...]. @07-02-2022 01:55:02.0524 AM
[ReportManager] Assertion Passed: Then I Assert that the element found by [Relative Locator: {root={xpath=//a[@class='result__a js-result-title-link']}, filters=[{kind=below, args=[{xpath=//input[@name='q']}]}]}] text does not equal []. @07-02-2022 01:55:02.0783 AM
[ReportManager] Successfully created attachment [Screenshot - 1644198902687_relativeLocatorsTest1_ValidateElementAttribute_passed] @07-02-2022 01:55:02.0787 AM
[ReportManager] Assertion [ValidateElementAttribute] PASSED. Expected [Value Should not be '' for the 'text' attribute, element locator '[unknown locator]'] and Actual [GitHub - MohabMohie/SHAFT_ENGINE: SHAFT_ENGINE is a Test ...]. Comparison Type [EQUALS]. Validation Type [NEGATIVE]. @07-02-2022 01:55:02.0787 A
[ReportManager] Browser Action [CloseCurrentWindow] successfully performed. @07-02-2022 01:55:03.0132 AM
[ReportManager] Successfully created attachment [Browser Action Test Data - CloseCurrentWindow - Actual Value] @07-02-2022 01:55:03.0133 A

################################################################################################################################################
Starting Execution:	[147 out of 162] test cases in the current suite
Test Method:		[testPackage01.Test_JsonCompareWithSpecialCharacters.specialCharacters]
################################################################################################################################################
[ReportManager] File Action [GetAbsolutePath] successfully performed. With the following test data [Relative Folder Path: "src/test/resources/testDataFiles/specialCharacters.json"]. @07-02-2022 01:55:03.0140 AM
[ReportManager] File Action [ReadFromFile] successfully performed. With the following test data [File Path: "/Users/runner/work/SHAFT_ENGINE/SHAFT_ENGINE/src/test/resources/testDataFiles/specialCharacters.json"]. @07-02-2022 01:55:03.0140 AM
[ReportManager] Successfully created attachment [File Action Actual Result - Command Log] @07-02-2022 01:55:03.0141 AM
[ReportManager] Comparing the provided API response with the file at this path "src/test/resources/testDataFiles/specialCharacters.json", comparison type "EQUALS" @07-02-2022 01:55:03.0143 AM
[ReportManager] API Action [CompareJSON] successfully performed. With the following test data [src/test/resources/testDataFiles/specialCharacters.json]. @07-02-2022 01:55:03.0149 AM
[ReportManager] File Action [GetAbsolutePath] successfully performed. With the following test data [Relative Folder Path: "src/test/resources/testDataFiles/specialCharacters.json"]. @07-02-2022 01:55:03.0150 AM
[ReportManager] File Action [ReadFromFile] successfully performed. With the following test data [File Path: "/Users/runner/work/SHAFT_ENGINE/SHAFT_ENGINE/src/test/resources/testDataFiles/specialCharacters.json"]. @07-02-2022 01:55:03.0150 AM
[ReportManager] Verification [ValidateJSONFileContent] PASSED. Expected [Response data should match the JSON File in this path 'src/test/resources/testDataFiles/specialCharacters.json'] and Actual [TRUE]. Comparison Type [EQUALS]. Validation Type [POSITIVE]. @07-02-2022 01:55:03.0154 AM
[ReportManager] Successfully created attachment [Validation Test Data - Expected JSON Value] @07-02-2022 01:55:03.0155 AM
[ReportManager] Successfully created attachment [Validation Test Data - Actual JSON Value] @07-02-2022 01:55:03.0156 A

################################################################################################################################################
Starting Execution:	[148 out of 162] test cases in the current suite
Test Method:		[testPackage01.Test_JsonCompareWithSpecialCharacters.specialCharacters_assertion]
################################################################################################################################################
[ReportManager] File Action [GetAbsolutePath] successfully performed. With the following test data [Relative Folder Path: "src/test/resources/testDataFiles/specialCharacters.json"]. @07-02-2022 01:55:03.0159 AM
[ReportManager] File Action [ReadFromFile] successfully performed. With the following test data [File Path: "/Users/runner/work/SHAFT_ENGINE/SHAFT_ENGINE/src/test/resources/testDataFiles/specialCharacters.json"]. @07-02-2022 01:55:03.0159 AM
[ReportManager] Successfully created attachment [File Action Actual Result - Command Log] @07-02-2022 01:55:03.0160 AM
[ReportManager] Comparing the provided API response with the file at this path "src/test/resources/testDataFiles/specialCharacters.json", comparison type "CONTAINS" @07-02-2022 01:55:03.0160 AM
[ReportManager] API Action [CompareJSON] successfully performed. With the following test data [src/test/resources/testDataFiles/specialCharacters.json]. @07-02-2022 01:55:03.0173 AM
[ReportManager] File Action [GetAbsolutePath] successfully performed. With the following test data [Relative Folder Path: "src/test/resources/testDataFiles/specialCharacters.json"]. @07-02-2022 01:55:03.0174 AM
[ReportManager] File Action [ReadFromFile] successfully performed. With the following test data [File Path: "/Users/runner/work/SHAFT_ENGINE/SHAFT_ENGINE/src/test/resources/testDataFiles/specialCharacters.json"]. @07-02-2022 01:55:03.0174 AM
[ReportManager] Assertion Passed: trying out the log message @07-02-2022 01:55:03.0178 AM
[ReportManager] Successfully created attachment [Validation Test Data - Expected JSON Value] @07-02-2022 01:55:03.0179 AM
[ReportManager] Successfully created attachment [Validation Test Data - Actual JSON Value] @07-02-2022 01:55:03.0180 AM
[ReportManager] Assertion [ValidateJSONFileContent] PASSED. Expected [Response data should match the JSON File in this path 'src/test/resources/testDataFiles/specialCharacters.json'] and Actual [TRUE]. Comparison Type [CONTAINS]. Validation Type [POSITIVE]. @07-02-2022 01:55:03.0180 A

################################################################################################################################################
Starting Execution:	[149 out of 162] test cases in the current suite
Test Method:		[testPackage01.Test_SkipDueToIssue.doNotSkip]
################################################################################################################################################
[ReportManager] This should not be skipped. @07-02-2022 01:55:03.0185 A

################################################################################################################################################
Starting Execution:	[150 out of 162] test cases in the current suite
Test Method:		[testPackage01.Test_SkipDueToIssue.skip]
################################################################################################################################################
[ReportManager] This should be skipped. @07-02-2022 01:55:03.0194 A

################################################################################################################################################
Starting Execution:	[151 out of 162] test cases in the current suite
Test Method:		[testPackage01.Test_SkipDueToIssue.skip2]
################################################################################################################################################
[ReportManager] This should be skipped. @07-02-2022 01:55:03.0200 A

################################################################################################################################################
Starting Execution:	[152 out of 162] test cases in the current suite
Test Method:		[testPackage01.Test_JSONFileManager.readStringFromJson]
################################################################################################################################################
[ReportManager] File Action [GetAbsolutePath] successfully performed. With the following test data [Relative Folder Path: "src/test/resources/testDataFiles/simpleJSON.json"]. @07-02-2022 01:55:03.0207 AM
[ReportManager] Successfully loaded the following test data file [src/test/resources/testDataFiles/simpleJSON.json]. @07-02-2022 01:55:03.0207 AM
[ReportManager] Successfully created attachment [Test Data - JSON] @07-02-2022 01:55:03.0208 AM
[ReportManager] File Action [GetAbsolutePath] successfully performed. With the following test data [Relative Folder Path: "src/test/resources/testDataFiles/simpleJSON.json"]. @07-02-2022 01:55:03.0209 AM
[ReportManager] Assertion [ValidateEquals] PASSED. Expected [Mohab Mohie] and Actual [Mohab Mohie]. Comparison Type [EQUALS]. Validation Type [POSITIVE]. @07-02-2022 01:55:03.0222 A
[ReportManager] File Action [GetAbsolutePath] successfully performed. With the following test data [Relative Folder Path: "target/downloadedFiles/"]. @07-02-2022 01:55:03.0224 AM
[ReportManager] Attempting to run locally on: [Mac-64], [Safari], Headless Execution. @07-02-2022 01:55:03.0225 AM
[ReportManager] Successfully Opened Safari. @07-02-2022 01:55:04.0110 AM
[ReportManager] Initial window size: (800, 600) @07-02-2022 01:55:04.0127 AM
[ReportManager] Window size after SWD Maximize: (1176, 803) @07-02-2022 01:55:04.0158 AM
[ReportManager] Browser Action [MaximizeWindow] successfully performed. With the following test data [New screen size is now: (1176, 803)]. @07-02-2022 01:55:04.0158 A

################################################################################################################################################
Starting Execution:	[153 out of 162] test cases in the current suite
Test Method:		[testPackage01.Test_assertEquals.test_assertElementAttribute]
################################################################################################################################################
[ReportManager] Target URL: [https://www.google.com/ncr], and after redirection: [https://www.google.com] @07-02-2022 01:55:04.0161 AM
[ReportManager] Initial URL: [] @07-02-2022 01:55:04.0224 AM
[ReportManager] Browser Action [NavigateToURL] successfully performed. With the following test data [https://www.google.com/ncr]. @07-02-2022 01:55:06.0160 AM
[ReportManager] Element Action [Type] successfully performed. With the following test data [INC_004010050:Another SCHEDULER with the same name [Duplicate Job Name] already exists.]. @07-02-2022 01:55:06.0893 AM
[ReportManager] Element Action [GetText] successfully performed. With the following test data [INC_004010050:Another SCHEDULER with the same name [Duplicate Job Name] already exists.]. @07-02-2022 01:55:06.0954 AM
[ReportManager] Assertion [ValidateElementAttribute] PASSED. Expected [Value Should be 'INC_004010050:Another SCHEDULER with the same name \[Duplicate Job Name\] already exists.' for the 'text' attribute, element locator 'By.name: q'] and Actual [INC_004010050:Another SCHEDULER with the same name [Duplicate Job Name] already exists.]. Comparison Type [MATCHES]. Validation Type [POSITIVE]. @07-02-2022 01:55:07.0103 AM
[ReportManager] Successfully created attachment [Screenshot - 1644198907040_test_assertElementAttribute_ValidateElementAttribute_passed] @07-02-2022 01:55:07.0104 A
[ReportManager] Browser Action [CloseCurrentWindow] successfully performed. @07-02-2022 01:55:07.0519 AM
[ReportManager] Successfully created attachment [Browser Action Test Data - CloseCurrentWindow - Actual Value] @07-02-2022 01:55:07.0520 A
[ReportManager] File Action [GetAbsolutePath] successfully performed. With the following test data [Relative Folder Path: "target/downloadedFiles/"]. @07-02-2022 01:55:07.0522 AM
[ReportManager] Attempting to run locally on: [Mac-64], [Safari], Headless Execution. @07-02-2022 01:55:07.0522 AM
[ReportManager] Successfully Opened Safari. @07-02-2022 01:55:08.0386 AM
[ReportManager] Initial window size: (800, 600) @07-02-2022 01:55:08.0444 AM
[ReportManager] Window size after SWD Maximize: (1176, 803) @07-02-2022 01:55:08.0485 AM
[ReportManager] Browser Action [MaximizeWindow] successfully performed. With the following test data [New screen size is now: (1176, 803)]. @07-02-2022 01:55:08.0485 A

################################################################################################################################################
Starting Execution:	[154 out of 162] test cases in the current suite
Test Method:		[testPackage01.Test_IsElementClickable.testIsElementClickable]
################################################################################################################################################
[ReportManager] Target URL: [https://the-internet.herokuapp.com/] @07-02-2022 01:55:08.0492 AM
[ReportManager] Initial URL: [] @07-02-2022 01:55:08.0580 AM
[ReportManager] Browser Action [NavigateToURL] successfully performed. With the following test data [https://the-internet.herokuapp.com/]. @07-02-2022 01:55:09.0947 AM
[ReportManager] Element Action [IsElementClickable] successfully performed. @07-02-2022 01:55:10.0010 AM
[ReportManager] Assertion [ValidateTrue] PASSED. Expected [TRUE] and Actual [TRUE]. Validation Type [POSITIVE]. @07-02-2022 01:55:10.0011 A
[ReportManager] Browser Action [CloseCurrentWindow] successfully performed. @07-02-2022 01:55:10.0344 AM
[ReportManager] Successfully created attachment [Browser Action Test Data - CloseCurrentWindow - Actual Value] @07-02-2022 01:55:10.0344 A
[ReportManager] Successfully loaded the following test data file [src/test/resources/testDataFiles/testSuite01/TestData.xlsx]. @07-02-2022 01:55:10.0383 AM
[ReportManager] Successfully created attachment [Test Data - Excel] @07-02-2022 01:55:10.0383 AM
[ReportManager] Attempting to run using Playwright locally on: [Mac-64], [Safari], Headless Execution. @07-02-2022 01:55:34.0985 AM
[ReportManager] File Action [GetAbsolutePath] successfully performed. With the following test data [Relative Folder Path: "target/downloadedFiles/"]. @07-02-2022 01:55:34.0986 AM
[ReportManager] Initial window size: (1280, 720) @07-02-2022 01:55:40.0098 AM
[ReportManager] Window size after Toolkit: com.microsoft.playwright.options.ViewportSize@5675ce06 @07-02-2022 01:55:40.0107 AM
[ReportManager] Browser Action [MaximizeWindow] successfully performed. With the following test data [New screen size is now: (1920, 1080)]. @07-02-2022 01:55:40.0108 A

################################################################################################################################################
Starting Execution:	[155 out of 162] test cases in the current suite
Test Method:		[testPackage01.Test_google_playwright.navigateToURLandVerifyGoogleLogoIsDisplayed]
Test Description:	[TC001 - Navigate to URL and Verify Google Logo is Displayed]
################################################################################################################################################
[ReportManager] Target URL: [https://www.google.com/ncr], and after redirection: [https://www.google.com] @07-02-2022 01:55:40.0111 AM
[ReportManager] Initial URL: [about:blank] @07-02-2022 01:55:40.0701 AM
[ReportManager] Browser Action [NavigateToURL] successfully performed. With the following test data [https://www.google.com/ncr]. @07-02-2022 01:55:43.0509 AM
[ReportManager] Assertion [ValidateElementExists] PASSED. Expected [Element Should Exist, locator 'xpath=//*[@id='hplogo' or @alt='Google']'] and Actual [Element Exists]. Comparison Type [EQUALS]. Validation Type [POSITIVE]. @07-02-2022 01:55:43.0783 AM
[ReportManager] Successfully created attachment [Screenshot - 1644198943667_navigateToURLandVerifyGoogleLogoIsDisplayed_ValidateElementExists_passed] @07-02-2022 01:55:43.0785 A

################################################################################################################################################
Starting Execution:	[156 out of 162] test cases in the current suite
Test Method:		[testPackage01.Test_google_playwright.searchForQueryandAssertResultsNumDisplayed]
Test Description:	[TC002 - Search for Query and Assert that the number of results is displayed]
################################################################################################################################################
[ReportManager] Element Action [Type] successfully performed. With the following test data [SHAFT_Engine]. @07-02-2022 01:55:44.0060 AM
[ReportManager] Element Action [KeyPress] successfully performed. With the following test data [Enter]. @07-02-2022 01:55:44.0091 AM
[ReportManager] Element Action [GetText] successfully performed. With the following test data [About 743,000 results (0.35 seconds)Â 
]. @07-02-2022 01:55:45.0181 AM
[ReportManager] Assertion [ValidateElementAttribute] PASSED. Expected [Value Should not be '' for the 'text' attribute, element locator 'xpath=//div[@id='appbar']'] and Actual [About 743,000 results (0.35 seconds)Â 
]. Comparison Type [EQUALS]. Validation Type [NEGATIVE]. @07-02-2022 01:55:46.0590 AM
[ReportManager] Successfully created attachment [Screenshot - 1644198946444_searchForQueryandAssertResultsNumDisplayed_ValidateElementAttribute_passed] @07-02-2022 01:55:46.0605 A

################################################################################################################################################
Starting Execution:	[157 out of 162] test cases in the current suite
Test Method:		[testPackage01.Test_google_playwright.clickNextThrice]
Test Description:	[TC003 - Clicks the next button to make sure that the framework can scroll element into view before clicking it]
################################################################################################################################################
[ReportManager] Element Action [Click] successfully performed. With the following test data [Next]. @07-02-2022 01:55:46.0870 A
[ReportManager] Failed to find video recording. @07-02-2022 01:55:46.0872 AM
[ReportManager] Successfully Closed PlayWright Driver. @07-02-2022 01:55:46.0921 A
[ReportManager] File Action [GetAbsolutePath] successfully performed. With the following test data [Relative Folder Path: "target/downloadedFiles/"]. @07-02-2022 01:55:46.0922 AM
[ReportManager] Attempting to run locally on: [Mac-64], [Safari], Headless Execution. @07-02-2022 01:55:46.0922 AM
[ReportManager] Successfully Opened Safari. @07-02-2022 01:55:47.0919 AM
[ReportManager] Initial window size: (800, 600) @07-02-2022 01:55:47.0946 AM
[ReportManager] Window size after SWD Maximize: (1176, 803) @07-02-2022 01:55:47.0974 AM
[ReportManager] Browser Action [MaximizeWindow] successfully performed. With the following test data [New screen size is now: (1176, 803)]. @07-02-2022 01:55:47.0974 A

################################################################################################################################################
Starting Execution:	[158 out of 162] test cases in the current suite
Test Method:		[testPackage01.Test_verifyEquals.test_assertElementAttribute]
################################################################################################################################################
[ReportManager] Target URL: [https://www.google.com/ncr], and after redirection: [https://www.google.com] @07-02-2022 01:55:47.0977 AM
[ReportManager] Initial URL: [] @07-02-2022 01:55:48.0033 AM
[ReportManager] Browser Action [NavigateToURL] successfully performed. With the following test data [https://www.google.com/ncr]. @07-02-2022 01:55:49.0228 AM
[ReportManager] Element Action [Type] successfully performed. With the following test data [INC_004010050:Another SCHEDULER with the same name [Duplicate Job Name] already exists.]. @07-02-2022 01:55:50.0934 AM
[ReportManager] Element Action [GetText] successfully performed. With the following test data [INC_004010050:Another SCHEDULER with the same name [Duplicate Job Name] already exists.]. @07-02-2022 01:55:50.0993 AM
[ReportManager] Verification [ValidateElementAttribute] PASSED. Expected [Value Should be 'INC_004010050:Another SCHEDULER with the same name \[Duplicate Job Name\] already exists.' for the 'text' attribute, element locator 'By.name: q'] and Actual [INC_004010050:Another SCHEDULER with the same name [Duplicate Job Name] already exists.]. Comparison Type [MATCHES]. Validation Type [POSITIVE]. @07-02-2022 01:55:51.0137 AM
[ReportManager] Successfully created attachment [Screenshot - 1644198951076_test_assertElementAttribute_ValidateElementAttribute_passed] @07-02-2022 01:55:51.0139 A
[ReportManager] Browser Action [CloseCurrentWindow] successfully performed. @07-02-2022 01:55:51.0350 AM
[ReportManager] Successfully created attachment [Browser Action Test Data - CloseCurrentWindow - Actual Value] @07-02-2022 01:55:51.0351 A

################################################################################################################################################
Starting Execution:	[159 out of 162] test cases in the current suite
Test Method:		[testPackage01.Test_SelectedValue.multipleSelect]
################################################################################################################################################
[ReportManager] File Action [GetAbsolutePath] successfully performed. With the following test data [Relative Folder Path: "target/downloadedFiles/"]. @07-02-2022 01:55:51.0354 AM
[ReportManager] Attempting to run locally on: [Mac-64], [GoogleChrome], Headless Execution. @07-02-2022 01:55:51.0356 AM
[ReportManager] Identifying OS/Driver combination and selecting the correct driver version automatically. Please note that if a new driver executable will be downloaded it may take some time... @07-02-2022 01:55:51.0356 AM
[ReportManager] Successfully Opened Google Chrome. @07-02-2022 01:55:55.0666 AM
[ReportManager] Initial window size: (1920, 1080) @07-02-2022 01:55:55.0670 AM
[ReportManager] Window size after SWD Maximize: (1920, 1080) @07-02-2022 01:55:55.0779 AM
[ReportManager] Window size after Toolkit: (1920, 1080) @07-02-2022 01:55:56.0196 AM
[ReportManager] Browser Action [MaximizeWindow] successfully performed. With the following test data [New screen size is now: (1920, 1080)]. @07-02-2022 01:55:56.0199 AM
[ReportManager] Target URL: [https://yari-demos.prod.mdn.mozit.cloud/en-US/docs/Web/HTML/Element/select/_sample_.Advanced_select_with_multiple_features.html] @07-02-2022 01:55:56.0199 AM
[ReportManager] Initial URL: [data:,] @07-02-2022 01:55:56.0232 AM
[ReportManager] Browser Action [NavigateToURL] successfully performed. With the following test data [https://yari-demos.prod.mdn.mozit.cloud/en-US/docs/Web/HTML/Element/select/_sample_.Advanced_select_with_multiple_features.html]. @07-02-2022 01:55:56.0504 AM
[ReportManager] Element Action [Select] successfully performed. With the following test data [Dog]. @07-02-2022 01:55:56.0717 AM
[ReportManager] Element Action [Select] successfully performed. With the following test data [Cat]. @07-02-2022 01:55:56.0894 AM
[ReportManager] Element Action [GetSelectedText] successfully performed. With the following test data [DogCat]. @07-02-2022 01:55:57.0003 AM
[ReportManager] DogCat @07-02-2022 01:55:57.0003 AM
[ReportManager] Element Action [GetSelectedText] successfully performed. With the following test data [DogCat]. @07-02-2022 01:55:57.0092 AM
[ReportManager] Assertion [ValidateElementAttribute] PASSED. Expected [Value Should be 'DogCat' for the 'selectedText' attribute, element locator 'By.tagName: select'] and Actual [DogCat]. Comparison Type [EQUALS]. Validation Type [POSITIVE]. @07-02-2022 01:55:57.0709 AM
[ReportManager] Successfully created attachment [Screenshot - 1644198957603_multipleSelect_ValidateElementAttribute_passed] @07-02-2022 01:55:57.0710 AM
[ReportManager] Browser Action [CloseCurrentWindow] successfully performed. @07-02-2022 01:55:58.0062 AM
[ReportManager] Successfully created attachment [Browser Action Test Data - CloseCurrentWindow - Actual Value] @07-02-2022 01:55:58.0063 A

################################################################################################################################################
Starting Execution:	[160 out of 162] test cases in the current suite
Test Method:		[testPackage01.Test_SelectedValue.simpleSelect]
################################################################################################################################################
[ReportManager] File Action [GetAbsolutePath] successfully performed. With the following test data [Relative Folder Path: "target/downloadedFiles/"]. @07-02-2022 01:55:58.0067 AM
[ReportManager] Attempting to run locally on: [Mac-64], [GoogleChrome], Headless Execution. @07-02-2022 01:55:58.0068 AM
[ReportManager] Identifying OS/Driver combination and selecting the correct driver version automatically. Please note that if a new driver executable will be downloaded it may take some time... @07-02-2022 01:55:58.0068 AM
[ReportManager] Successfully Opened Google Chrome. @07-02-2022 01:55:58.0591 AM
[ReportManager] Initial window size: (1920, 1080) @07-02-2022 01:55:58.0596 AM
[ReportManager] Window size after SWD Maximize: (1920, 1080) @07-02-2022 01:55:58.0805 AM
[ReportManager] Window size after Toolkit: (1920, 1080) @07-02-2022 01:55:59.0448 AM
[ReportManager] Browser Action [MaximizeWindow] successfully performed. With the following test data [New screen size is now: (1920, 1080)]. @07-02-2022 01:55:59.0451 AM
[ReportManager] Target URL: [https://yari-demos.prod.mdn.mozit.cloud/en-US/docs/Web/HTML/Element/select/_sample_.Basic_select.html] @07-02-2022 01:55:59.0451 AM
[ReportManager] Initial URL: [data:,] @07-02-2022 01:55:59.0484 AM
[ReportManager] Browser Action [NavigateToURL] successfully performed. With the following test data [https://yari-demos.prod.mdn.mozit.cloud/en-US/docs/Web/HTML/Element/select/_sample_.Basic_select.html]. @07-02-2022 01:55:59.0724 AM
[ReportManager] Element Action [Select] successfully performed. With the following test data [Third Value]. @07-02-2022 01:55:59.0993 AM
[ReportManager] Element Action [GetSelectedText] successfully performed. With the following test data [Third Value]. @07-02-2022 01:56:00.0078 AM
[ReportManager] Third Value @07-02-2022 01:56:00.0078 AM
[ReportManager] Element Action [GetSelectedText] successfully performed. With the following test data [Third Value]. @07-02-2022 01:56:00.0153 AM
[ReportManager] Assertion [ValidateElementAttribute] PASSED. Expected [Value Should be 'Third Value' for the 'selectedText' attribute, element locator 'By.tagName: select'] and Actual [Third Value]. Comparison Type [EQUALS]. Validation Type [POSITIVE]. @07-02-2022 01:56:00.0606 AM
[ReportManager] Successfully created attachment [Screenshot - 1644198960500_simpleSelect_ValidateElementAttribute_passed] @07-02-2022 01:56:00.0607 AM
[ReportManager] Browser Action [CloseCurrentWindow] successfully performed. @07-02-2022 01:56:00.0825 AM
[ReportManager] Successfully created attachment [Browser Action Test Data - CloseCurrentWindow - Actual Value] @07-02-2022 01:56:00.0826 A
[ReportManager] File Action [GetAbsolutePath] successfully performed. With the following test data [Relative Folder Path: "target/downloadedFiles/"]. @07-02-2022 01:56:00.0828 AM
[ReportManager] Attempting to run locally on: [Mac-64], [Safari], Headless Execution. @07-02-2022 01:56:00.0829 AM
[ReportManager] Successfully Opened Safari. @07-02-2022 01:56:01.0678 AM
[ReportManager] Initial window size: (800, 600) @07-02-2022 01:56:01.0702 AM
[ReportManager] Window size after SWD Maximize: (1176, 803) @07-02-2022 01:56:01.0727 AM
[ReportManager] Browser Action [MaximizeWindow] successfully performed. With the following test data [New screen size is now: (1176, 803)]. @07-02-2022 01:56:01.0727 A

################################################################################################################################################
Starting Execution:	[161 out of 162] test cases in the current suite
Test Method:		[testPackage01.Test_dynamicLoading.dynamicLoading_elementIsHidden]
################################################################################################################################################
[ReportManager] Target URL: [https://the-internet.herokuapp.com/dynamic_loading/1] @07-02-2022 01:56:01.0730 AM
[ReportManager] Initial URL: [] @07-02-2022 01:56:01.0783 AM
[ReportManager] Browser Action [NavigateToURL] successfully performed. With the following test data [https://the-internet.herokuapp.com/dynamic_loading/1]. @07-02-2022 01:56:03.0027 AM
[ReportManager] Element Action [Click] successfully performed. With the following test data [By.xpath: //button[text()='Start']]. @07-02-2022 01:56:03.0258 AM
[ReportManager] Element Action [GetText] successfully performed. With the following test data [
    Hello World!
  ]. @07-02-2022 01:56:03.0311 A
[ReportManager] Browser Action [CloseCurrentWindow] successfully performed. @07-02-2022 01:56:03.0781 AM
[ReportManager] Successfully created attachment [Browser Action Test Data - CloseCurrentWindow - Actual Value] @07-02-2022 01:56:03.0782 A
[ReportManager] File Action [GetAbsolutePath] successfully performed. With the following test data [Relative Folder Path: "target/downloadedFiles/"]. @07-02-2022 01:56:03.0784 AM
[ReportManager] Attempting to run locally on: [Mac-64], [Safari], Headless Execution. @07-02-2022 01:56:03.0784 AM
[ReportManager] Successfully Opened Safari. @07-02-2022 01:56:04.0686 AM
[ReportManager] Initial window size: (800, 600) @07-02-2022 01:56:04.0716 AM
[ReportManager] Window size after SWD Maximize: (1176, 803) @07-02-2022 01:56:04.0761 AM
[ReportManager] Browser Action [MaximizeWindow] successfully performed. With the following test data [New screen size is now: (1176, 803)]. @07-02-2022 01:56:04.0762 A

################################################################################################################################################
Starting Execution:	[162 out of 162] test cases in the current suite
Test Method:		[testPackage01.Test_dynamicLoading.dynamicLoading_elementIsRendered]
################################################################################################################################################
[ReportManager] Target URL: [https://the-internet.herokuapp.com/dynamic_loading/2] @07-02-2022 01:56:04.0805 AM
[ReportManager] Initial URL: [] @07-02-2022 01:56:04.0837 AM
[ReportManager] Browser Action [NavigateToURL] successfully performed. With the following test data [https://the-internet.herokuapp.com/dynamic_loading/2]. @07-02-2022 01:56:06.0009 AM
[ReportManager] Element Action [Click] successfully performed. With the following test data [By.xpath: //button[text()='Start']]. @07-02-2022 01:56:06.0228 AM
[ReportManager] Element Action [GetText] successfully performed. With the following test data [Hello World!]. @07-02-2022 01:56:11.0763 AM
[ReportManager] Assertion [ValidateElementAttribute] PASSED. Expected [Value Should be 'Hello World!' for the 'text' attribute, element locator 'By.id: finish'] and Actual [Hello World!]. Comparison Type [CONTAINS]. Validation Type [POSITIVE]. @07-02-2022 01:56:11.0918 AM
[ReportManager] Successfully created attachment [Screenshot - 1644198971858_dynamicLoading_elementIsRendered_ValidateElementAttribute_passed] @07-02-2022 01:56:11.0919 A
[ReportManager] Browser Action [CloseCurrentWindow] successfully performed. @07-02-2022 01:56:12.0331 AM
[ReportManager] Successfully created attachment [Browser Action Test Data - CloseCurrentWindow - Actual Value] @07-02-2022 01:56:12.0332 A
[ReportManager] Successfully created attachment [SHAFT Engine Logs - Execution log] @07-02-2022 01:56:12.0423 AM

################################################################################################################################################
This test run was powered by SHAFT Engine Version: [SHAFT Engine v6.1.20220113]
SHAFT Engine is licensed under the MIT License: [https://github.com/MohabMohie/SHAFT_ENGINE/blob/master/LICENSE].
################################################################################################################################################