################################################################################################################################################
Detected SHAFT Engine Version: [SHAFT Engine v5.3.20210902]
################################################################################################################################################

################################################################################################################################################
Starting Execution:	[1 out of 143] test cases in the current suite
Test Method:		[unitTests.tests_validations_assertions.assertComparativeRelation_greaterThanOrEquals_false_equals_expectedToFail]
################################################################################################################################################
[ReportManager] Assertion [ValidateComparativeRelation] FAILED. Expected [1] and Actual [1]. Comparison Type [GREATER_THAN_OR_EQUALS]. Validation Type [NEGATIVE]. @22-09-2021 01:54:12.0514 A

################################################################################################################################################
Starting Execution:	[2 out of 143] test cases in the current suite
Test Method:		[unitTests.tests_validations_assertions.assertComparativeRelation_greaterThanOrEquals_false_equals_expectedToPass]
################################################################################################################################################
[ReportManager] Assertion [ValidateComparativeRelation] PASSED. Expected [2] and Actual [1]. Comparison Type [GREATER_THAN_OR_EQUALS]. Validation Type [NEGATIVE]. @22-09-2021 01:54:12.0636 A

################################################################################################################################################
Starting Execution:	[3 out of 143] test cases in the current suite
Test Method:		[unitTests.tests_validations_assertions.assertComparativeRelation_greaterThanOrEquals_false_greaterThan_expectedToFail]
################################################################################################################################################
[ReportManager] Assertion [ValidateComparativeRelation] FAILED. Expected [1] and Actual [2]. Comparison Type [GREATER_THAN_OR_EQUALS]. Validation Type [NEGATIVE]. @22-09-2021 01:54:12.0645 A

################################################################################################################################################
Starting Execution:	[4 out of 143] test cases in the current suite
Test Method:		[unitTests.tests_validations_assertions.assertComparativeRelation_greaterThanOrEquals_false_greaterThan_expectedToPass]
################################################################################################################################################
[ReportManager] Assertion [ValidateComparativeRelation] PASSED. Expected [2] and Actual [1]. Comparison Type [GREATER_THAN_OR_EQUALS]. Validation Type [NEGATIVE]. @22-09-2021 01:54:12.0653 A

################################################################################################################################################
Starting Execution:	[5 out of 143] test cases in the current suite
Test Method:		[unitTests.tests_validations_assertions.assertComparativeRelation_greaterThanOrEquals_true_equals_expectedToFail]
################################################################################################################################################
[ReportManager] Assertion [ValidateComparativeRelation] FAILED. Expected [1] and Actual [0]. Comparison Type [GREATER_THAN_OR_EQUALS]. Validation Type [POSITIVE]. @22-09-2021 01:54:12.0661 A

################################################################################################################################################
Starting Execution:	[6 out of 143] test cases in the current suite
Test Method:		[unitTests.tests_validations_assertions.assertComparativeRelation_greaterThanOrEquals_true_equals_expectedToPass]
################################################################################################################################################
[ReportManager] Assertion [ValidateComparativeRelation] PASSED. Expected [1] and Actual [1]. Comparison Type [GREATER_THAN_OR_EQUALS]. Validation Type [POSITIVE]. @22-09-2021 01:54:12.0668 A

################################################################################################################################################
Starting Execution:	[7 out of 143] test cases in the current suite
Test Method:		[unitTests.tests_validations_assertions.assertComparativeRelation_greaterThanOrEquals_true_greaterThan_expectedToFail]
################################################################################################################################################
[ReportManager] Assertion [ValidateComparativeRelation] FAILED. Expected [2] and Actual [1]. Comparison Type [GREATER_THAN_OR_EQUALS]. Validation Type [POSITIVE]. @22-09-2021 01:54:12.0674 A

################################################################################################################################################
Starting Execution:	[8 out of 143] test cases in the current suite
Test Method:		[unitTests.tests_validations_assertions.assertComparativeRelation_greaterThanOrEquals_true_greaterThan_expectedToPass]
################################################################################################################################################
[ReportManager] Assertion [ValidateComparativeRelation] PASSED. Expected [1] and Actual [2]. Comparison Type [GREATER_THAN_OR_EQUALS]. Validation Type [POSITIVE]. @22-09-2021 01:54:12.0684 A
[ReportManager] File Action [GetAbsolutePath] successfully performed. With the following test data [Relative Folder Path: "target/downloadedFiles/"]. @22-09-2021 01:54:12.0701 AM
[ReportManager] Attempting to run remotely on: [Linux-64], [GoogleChrome], [http://localhost:4444/wd/hub], Headless Execution. @22-09-2021 01:54:12.0733 AM
[ReportManager] Successfully Opened [GoogleChrome]. @22-09-2021 01:54:14.0435 AM
[ReportManager] Target URL: [https://www.google.com/ncr], and after redirection: [www.google.com] @22-09-2021 01:54:14.0485 AM
[ReportManager] Initial URL: [data:,] @22-09-2021 01:54:14.0596 AM
[ReportManager] Browser Action [NavigateToURL] successfully performed. With the following test data [https://www.google.com/ncr]. @22-09-2021 01:54:16.0128 A

################################################################################################################################################
Starting Execution:	[9 out of 143] test cases in the current suite
Test Method:		[unitTests.tests_validations_assertions.assertElementAttribute_false_caseInsensitiveComparison_expectedToFail]
################################################################################################################################################
[ReportManager] Element Action [Type] successfully performed. With the following test data [AUTOMATION]. @22-09-2021 01:54:16.0751 AM
[ReportManager] Element Action [GetText] successfully performed. With the following test data [AUTOMATION]. @22-09-2021 01:54:16.0921 AM
[ReportManager] Loaded Shared OpenCV @22-09-2021 01:54:17.0666 AM
[ReportManager] Assertion [ValidateElementAttribute] FAILED. Expected [Value Should not be 'AutomaTion' for the 'text' attribute, element locator 'By.name: q'] and Actual [AUTOMATION]. Comparison Type [CASE_INSENSITIVE]. Validation Type [NEGATIVE]. @22-09-2021 01:54:17.0967 AM
[ReportManager] Successfully created attachment [Screenshot - 1632275657126_assertElementAttribute_false_caseInsensitiveComparison_expectedToFail_ValidateElementAttribute_failed] @22-09-2021 01:54:17.0984 A
[ReportManager] Browser Action [CloseCurrentWindow] successfully performed. @22-09-2021 01:54:18.0165 AM
[ReportManager] Successfully created attachment [Browser Action Test Data - CloseCurrentWindow - Actual Value] @22-09-2021 01:54:18.0176 A
[ReportManager] File Action [GetAbsolutePath] successfully performed. With the following test data [Relative Folder Path: "target/downloadedFiles/"]. @22-09-2021 01:54:18.0190 AM
[ReportManager] Attempting to run remotely on: [Linux-64], [GoogleChrome], [http://localhost:4444/wd/hub], Headless Execution. @22-09-2021 01:54:18.0191 AM
[ReportManager] Successfully Opened [GoogleChrome]. @22-09-2021 01:54:18.0502 AM
[ReportManager] Target URL: [https://www.google.com/ncr], and after redirection: [www.google.com] @22-09-2021 01:54:18.0522 AM
[ReportManager] Initial URL: [data:,] @22-09-2021 01:54:18.0589 AM
[ReportManager] Browser Action [NavigateToURL] successfully performed. With the following test data [https://www.google.com/ncr]. @22-09-2021 01:54:19.0763 A

################################################################################################################################################
Starting Execution:	[10 out of 143] test cases in the current suite
Test Method:		[unitTests.tests_validations_assertions.assertElementAttribute_false_caseInsensitiveComparison_expectedToPass]
################################################################################################################################################
[ReportManager] Element Action [Type] successfully performed. With the following test data [AUTOMATION]. @22-09-2021 01:54:20.0248 AM
[ReportManager] Element Action [GetText] successfully performed. With the following test data [AUTOMATION]. @22-09-2021 01:54:20.0405 AM
[ReportManager] Loaded Shared OpenCV @22-09-2021 01:54:20.0595 AM
[ReportManager] Assertion [ValidateElementAttribute] PASSED. Expected [Value Should not be 'AutomaTion123' for the 'text' attribute, element locator 'By.name: q'] and Actual [AUTOMATION]. Comparison Type [CASE_INSENSITIVE]. Validation Type [NEGATIVE]. @22-09-2021 01:54:20.0733 AM
[ReportManager] Successfully created attachment [Screenshot - 1632275660595_assertElementAttribute_false_caseInsensitiveComparison_expectedToPass_ValidateElementAttribute_passed] @22-09-2021 01:54:20.0738 A
[ReportManager] Browser Action [CloseCurrentWindow] successfully performed. @22-09-2021 01:54:20.0903 AM
[ReportManager] Successfully created attachment [Browser Action Test Data - CloseCurrentWindow - Actual Value] @22-09-2021 01:54:20.0911 A
[ReportManager] File Action [GetAbsolutePath] successfully performed. With the following test data [Relative Folder Path: "target/downloadedFiles/"]. @22-09-2021 01:54:20.0917 AM
[ReportManager] Attempting to run remotely on: [Linux-64], [GoogleChrome], [http://localhost:4444/wd/hub], Headless Execution. @22-09-2021 01:54:20.0917 AM
[ReportManager] Successfully Opened [GoogleChrome]. @22-09-2021 01:54:21.0155 AM
[ReportManager] Target URL: [https://www.google.com/ncr], and after redirection: [www.google.com] @22-09-2021 01:54:21.0182 AM
[ReportManager] Initial URL: [data:,] @22-09-2021 01:54:21.0270 AM
[ReportManager] Browser Action [NavigateToURL] successfully performed. With the following test data [https://www.google.com/ncr]. @22-09-2021 01:54:22.0311 A

################################################################################################################################################
Starting Execution:	[11 out of 143] test cases in the current suite
Test Method:		[unitTests.tests_validations_assertions.assertElementAttribute_false_containsComparison_expectedToFail]
################################################################################################################################################
[ReportManager] Element Action [Type] successfully performed. With the following test data [Automation123]. @22-09-2021 01:54:22.0743 AM
[ReportManager] Element Action [GetText] successfully performed. With the following test data [Automation123]. @22-09-2021 01:54:22.0885 AM
[ReportManager] Loaded Shared OpenCV @22-09-2021 01:54:23.0062 AM
[ReportManager] Assertion [ValidateElementAttribute] FAILED. Expected [Value Should not be 'Automation' for the 'text' attribute, element locator 'By.name: q'] and Actual [Automation123]. Comparison Type [CONTAINS]. Validation Type [NEGATIVE]. @22-09-2021 01:54:23.0162 AM
[ReportManager] Successfully created attachment [Screenshot - 1632275663061_assertElementAttribute_false_containsComparison_expectedToFail_ValidateElementAttribute_failed] @22-09-2021 01:54:23.0163 A
[ReportManager] Browser Action [CloseCurrentWindow] successfully performed. @22-09-2021 01:54:23.0321 AM
[ReportManager] Successfully created attachment [Browser Action Test Data - CloseCurrentWindow - Actual Value] @22-09-2021 01:54:23.0326 A
[ReportManager] File Action [GetAbsolutePath] successfully performed. With the following test data [Relative Folder Path: "target/downloadedFiles/"]. @22-09-2021 01:54:23.0336 AM
[ReportManager] Attempting to run remotely on: [Linux-64], [GoogleChrome], [http://localhost:4444/wd/hub], Headless Execution. @22-09-2021 01:54:23.0338 AM
[ReportManager] Successfully Opened [GoogleChrome]. @22-09-2021 01:54:23.0550 AM
[ReportManager] Target URL: [https://www.google.com/ncr], and after redirection: [www.google.com] @22-09-2021 01:54:23.0573 AM
[ReportManager] Initial URL: [data:,] @22-09-2021 01:54:23.0625 AM
[ReportManager] Browser Action [NavigateToURL] successfully performed. With the following test data [https://www.google.com/ncr]. @22-09-2021 01:54:24.0649 A

################################################################################################################################################
Starting Execution:	[12 out of 143] test cases in the current suite
Test Method:		[unitTests.tests_validations_assertions.assertElementAttribute_false_containsComparison_expectedToPass]
################################################################################################################################################
[ReportManager] Element Action [Type] successfully performed. With the following test data [Automation123]. @22-09-2021 01:54:25.0060 AM
[ReportManager] Element Action [GetText] successfully performed. With the following test data [Automation123]. @22-09-2021 01:54:25.0199 AM
[ReportManager] Loaded Shared OpenCV @22-09-2021 01:54:25.0356 AM
[ReportManager] Assertion [ValidateElementAttribute] PASSED. Expected [Value Should not be 'Automation1234' for the 'text' attribute, element locator 'By.name: q'] and Actual [Automation123]. Comparison Type [CONTAINS]. Validation Type [NEGATIVE]. @22-09-2021 01:54:25.0443 AM
[ReportManager] Successfully created attachment [Screenshot - 1632275665356_assertElementAttribute_false_containsComparison_expectedToPass_ValidateElementAttribute_passed] @22-09-2021 01:54:25.0444 A
[ReportManager] Browser Action [CloseCurrentWindow] successfully performed. @22-09-2021 01:54:25.0598 AM
[ReportManager] Successfully created attachment [Browser Action Test Data - CloseCurrentWindow - Actual Value] @22-09-2021 01:54:25.0599 A
[ReportManager] File Action [GetAbsolutePath] successfully performed. With the following test data [Relative Folder Path: "target/downloadedFiles/"]. @22-09-2021 01:54:25.0603 AM
[ReportManager] Attempting to run remotely on: [Linux-64], [GoogleChrome], [http://localhost:4444/wd/hub], Headless Execution. @22-09-2021 01:54:25.0603 AM
[ReportManager] Successfully Opened [GoogleChrome]. @22-09-2021 01:54:25.0823 AM
[ReportManager] Target URL: [https://www.google.com/ncr], and after redirection: [www.google.com] @22-09-2021 01:54:25.0842 AM
[ReportManager] Initial URL: [data:,] @22-09-2021 01:54:25.0902 AM
[ReportManager] Browser Action [NavigateToURL] successfully performed. With the following test data [https://www.google.com/ncr]. @22-09-2021 01:54:26.0968 A

################################################################################################################################################
Starting Execution:	[13 out of 143] test cases in the current suite
Test Method:		[unitTests.tests_validations_assertions.assertElementAttribute_false_literalComparison_expectedToFail]
################################################################################################################################################
[ReportManager] Element Action [Type] successfully performed. With the following test data [Automation!@#$%^&*()_+{}[]\';/.,]. @22-09-2021 01:54:27.0500 AM
[ReportManager] Element Action [GetText] successfully performed. With the following test data [Automation!@#$%^&*()_+{}[]\';/.,]. @22-09-2021 01:54:27.0639 AM
[ReportManager] Loaded Shared OpenCV @22-09-2021 01:54:27.0801 AM
[ReportManager] Assertion [ValidateElementAttribute] PASSED. Expected [Value Should not be 'Automation!@#$%^&*()_+{}[]\\';/.,' for the 'text' attribute, element locator 'By.name: q'] and Actual [Automation!@#$%^&*()_+{}[]\';/.,]. Comparison Type [EQUALS]. Validation Type [NEGATIVE]. @22-09-2021 01:54:27.0893 AM
[ReportManager] Successfully created attachment [Screenshot - 1632275667801_assertElementAttribute_false_literalComparison_expectedToFail_ValidateElementAttribute_passed] @22-09-2021 01:54:27.0894 A
[ReportManager] Browser Action [CloseCurrentWindow] successfully performed. @22-09-2021 01:54:28.0034 AM
[ReportManager] Successfully created attachment [Browser Action Test Data - CloseCurrentWindow - Actual Value] @22-09-2021 01:54:28.0035 A
[ReportManager] File Action [GetAbsolutePath] successfully performed. With the following test data [Relative Folder Path: "target/downloadedFiles/"]. @22-09-2021 01:54:28.0038 AM
[ReportManager] Attempting to run remotely on: [Linux-64], [GoogleChrome], [http://localhost:4444/wd/hub], Headless Execution. @22-09-2021 01:54:28.0038 AM
[ReportManager] Successfully Opened [GoogleChrome]. @22-09-2021 01:54:28.0279 AM
[ReportManager] Target URL: [https://www.google.com/ncr], and after redirection: [www.google.com] @22-09-2021 01:54:28.0294 AM
[ReportManager] Initial URL: [data:,] @22-09-2021 01:54:28.0358 AM
[ReportManager] Browser Action [NavigateToURL] successfully performed. With the following test data [https://www.google.com/ncr]. @22-09-2021 01:54:29.0441 A

################################################################################################################################################
Starting Execution:	[14 out of 143] test cases in the current suite
Test Method:		[unitTests.tests_validations_assertions.assertElementAttribute_false_literalComparison_expectedToPass]
################################################################################################################################################
[ReportManager] Element Action [Type] successfully performed. With the following test data [Automation!@#$%^&*()_+{}[]\';/.,]. @22-09-2021 01:54:29.0967 AM
[ReportManager] Element Action [GetText] successfully performed. With the following test data [Automation!@#$%^&*()_+{}[]\';/.,]. @22-09-2021 01:54:30.0086 AM
[ReportManager] Loaded Shared OpenCV @22-09-2021 01:54:30.0267 AM
[ReportManager] Assertion [ValidateElementAttribute] PASSED. Expected [Value Should not be 'Automation' for the 'text' attribute, element locator 'By.name: q'] and Actual [Automation!@#$%^&*()_+{}[]\';/.,]. Comparison Type [EQUALS]. Validation Type [NEGATIVE]. @22-09-2021 01:54:30.0363 AM
[ReportManager] Successfully created attachment [Screenshot - 1632275670267_assertElementAttribute_false_literalComparison_expectedToPass_ValidateElementAttribute_passed] @22-09-2021 01:54:30.0365 A
[ReportManager] Browser Action [CloseCurrentWindow] successfully performed. @22-09-2021 01:54:30.0514 AM
[ReportManager] Successfully created attachment [Browser Action Test Data - CloseCurrentWindow - Actual Value] @22-09-2021 01:54:30.0515 A
[ReportManager] File Action [GetAbsolutePath] successfully performed. With the following test data [Relative Folder Path: "target/downloadedFiles/"]. @22-09-2021 01:54:30.0518 AM
[ReportManager] Attempting to run remotely on: [Linux-64], [GoogleChrome], [http://localhost:4444/wd/hub], Headless Execution. @22-09-2021 01:54:30.0519 AM
[ReportManager] Successfully Opened [GoogleChrome]. @22-09-2021 01:54:30.0755 AM
[ReportManager] Target URL: [https://www.google.com/ncr], and after redirection: [www.google.com] @22-09-2021 01:54:30.0786 AM
[ReportManager] Initial URL: [data:,] @22-09-2021 01:54:30.0835 AM
[ReportManager] Browser Action [NavigateToURL] successfully performed. With the following test data [https://www.google.com/ncr]. @22-09-2021 01:54:31.0834 A

################################################################################################################################################
Starting Execution:	[15 out of 143] test cases in the current suite
Test Method:		[unitTests.tests_validations_assertions.assertElementAttribute_false_regexComparison_expectedToFail]
################################################################################################################################################
[ReportManager] Element Action [Type] successfully performed. With the following test data [Automation123]. @22-09-2021 01:54:32.0195 AM
[ReportManager] Element Action [GetText] successfully performed. With the following test data [Automation123]. @22-09-2021 01:54:32.0296 AM
[ReportManager] Loaded Shared OpenCV @22-09-2021 01:54:32.0432 AM
[ReportManager] Assertion [ValidateElementAttribute] FAILED. Expected [Value Should not be 'Automation.*' for the 'text' attribute, element locator 'By.name: q'] and Actual [Automation123]. Comparison Type [MATCHES]. Validation Type [NEGATIVE]. @22-09-2021 01:54:32.0512 AM
[ReportManager] Successfully created attachment [Screenshot - 1632275672432_assertElementAttribute_false_regexComparison_expectedToFail_ValidateElementAttribute_failed] @22-09-2021 01:54:32.0514 A
[ReportManager] Browser Action [CloseCurrentWindow] successfully performed. @22-09-2021 01:54:32.0655 AM
[ReportManager] Successfully created attachment [Browser Action Test Data - CloseCurrentWindow - Actual Value] @22-09-2021 01:54:32.0657 A
[ReportManager] File Action [GetAbsolutePath] successfully performed. With the following test data [Relative Folder Path: "target/downloadedFiles/"]. @22-09-2021 01:54:32.0660 AM
[ReportManager] Attempting to run remotely on: [Linux-64], [GoogleChrome], [http://localhost:4444/wd/hub], Headless Execution. @22-09-2021 01:54:32.0660 AM
[ReportManager] Successfully Opened [GoogleChrome]. @22-09-2021 01:54:32.0862 AM
[ReportManager] Target URL: [https://www.google.com/ncr], and after redirection: [www.google.com] @22-09-2021 01:54:32.0892 AM
[ReportManager] Initial URL: [data:,] @22-09-2021 01:54:32.0936 AM
[ReportManager] Browser Action [NavigateToURL] successfully performed. With the following test data [https://www.google.com/ncr]. @22-09-2021 01:54:35.0381 A

################################################################################################################################################
Starting Execution:	[16 out of 143] test cases in the current suite
Test Method:		[unitTests.tests_validations_assertions.assertElementAttribute_false_regexComparison_expectedToPass]
################################################################################################################################################
[ReportManager] Element Action [Type] successfully performed. With the following test data [Automation123]. @22-09-2021 01:54:35.0751 AM
[ReportManager] Element Action [GetText] successfully performed. With the following test data [Automation123]. @22-09-2021 01:54:35.0852 AM
[ReportManager] Loaded Shared OpenCV @22-09-2021 01:54:35.0988 AM
[ReportManager] Assertion [ValidateElementAttribute] PASSED. Expected [Value Should not be 'Automation' for the 'text' attribute, element locator 'By.name: q'] and Actual [Automation123]. Comparison Type [MATCHES]. Validation Type [NEGATIVE]. @22-09-2021 01:54:36.0070 AM
[ReportManager] Successfully created attachment [Screenshot - 1632275675987_assertElementAttribute_false_regexComparison_expectedToPass_ValidateElementAttribute_passed] @22-09-2021 01:54:36.0071 A
[ReportManager] Browser Action [CloseCurrentWindow] successfully performed. @22-09-2021 01:54:36.0216 AM
[ReportManager] Successfully created attachment [Browser Action Test Data - CloseCurrentWindow - Actual Value] @22-09-2021 01:54:36.0217 A
[ReportManager] File Action [GetAbsolutePath] successfully performed. With the following test data [Relative Folder Path: "target/downloadedFiles/"]. @22-09-2021 01:54:36.0225 AM
[ReportManager] Attempting to run remotely on: [Linux-64], [GoogleChrome], [http://localhost:4444/wd/hub], Headless Execution. @22-09-2021 01:54:36.0225 AM
[ReportManager] Successfully Opened [GoogleChrome]. @22-09-2021 01:54:36.0428 AM
[ReportManager] Target URL: [https://www.google.com/ncr], and after redirection: [www.google.com] @22-09-2021 01:54:36.0440 AM
[ReportManager] Initial URL: [data:,] @22-09-2021 01:54:36.0484 AM
[ReportManager] Browser Action [NavigateToURL] successfully performed. With the following test data [https://www.google.com/ncr]. @22-09-2021 01:54:37.0509 A

################################################################################################################################################
Starting Execution:	[17 out of 143] test cases in the current suite
Test Method:		[unitTests.tests_validations_assertions.assertElementAttribute_true_caseInsensitiveComparison_expectedToFail]
################################################################################################################################################
[ReportManager] Element Action [Type] successfully performed. With the following test data [AUTOMATION]. @22-09-2021 01:54:37.0870 AM
[ReportManager] Element Action [GetText] successfully performed. With the following test data [AUTOMATION]. @22-09-2021 01:54:37.0972 AM
[ReportManager] Loaded Shared OpenCV @22-09-2021 01:54:38.0149 AM
[ReportManager] Assertion [ValidateElementAttribute] FAILED. Expected [Value Should be 'AutomaTion123' for the 'text' attribute, element locator 'By.name: q'] and Actual [AUTOMATION]. Comparison Type [CASE_INSENSITIVE]. Validation Type [POSITIVE]. @22-09-2021 01:54:38.0235 AM
[ReportManager] Successfully created attachment [Screenshot - 1632275678149_assertElementAttribute_true_caseInsensitiveComparison_expectedToFail_ValidateElementAttribute_failed] @22-09-2021 01:54:38.0236 A
[ReportManager] Browser Action [CloseCurrentWindow] successfully performed. @22-09-2021 01:54:38.0375 AM
[ReportManager] Successfully created attachment [Browser Action Test Data - CloseCurrentWindow - Actual Value] @22-09-2021 01:54:38.0376 A
[ReportManager] File Action [GetAbsolutePath] successfully performed. With the following test data [Relative Folder Path: "target/downloadedFiles/"]. @22-09-2021 01:54:38.0380 AM
[ReportManager] Attempting to run remotely on: [Linux-64], [GoogleChrome], [http://localhost:4444/wd/hub], Headless Execution. @22-09-2021 01:54:38.0380 AM
[ReportManager] Successfully Opened [GoogleChrome]. @22-09-2021 01:54:38.0599 AM
[ReportManager] Target URL: [https://www.google.com/ncr], and after redirection: [www.google.com] @22-09-2021 01:54:38.0611 AM
[ReportManager] Initial URL: [data:,] @22-09-2021 01:54:38.0658 AM
[ReportManager] Browser Action [NavigateToURL] successfully performed. With the following test data [https://www.google.com/ncr]. @22-09-2021 01:54:39.0774 A

################################################################################################################################################
Starting Execution:	[18 out of 143] test cases in the current suite
Test Method:		[unitTests.tests_validations_assertions.assertElementAttribute_true_caseInsensitiveComparison_expectedToPass]
################################################################################################################################################
[ReportManager] Element Action [Type] successfully performed. With the following test data [AUTOMATION]. @22-09-2021 01:54:40.0174 AM
[ReportManager] Element Action [GetText] successfully performed. With the following test data [AUTOMATION]. @22-09-2021 01:54:40.0267 AM
[ReportManager] Loaded Shared OpenCV @22-09-2021 01:54:40.0412 AM
[ReportManager] Assertion [ValidateElementAttribute] PASSED. Expected [Value Should be 'AutomaTion' for the 'text' attribute, element locator 'By.name: q'] and Actual [AUTOMATION]. Comparison Type [CASE_INSENSITIVE]. Validation Type [POSITIVE]. @22-09-2021 01:54:40.0501 AM
[ReportManager] Successfully created attachment [Screenshot - 1632275680412_assertElementAttribute_true_caseInsensitiveComparison_expectedToPass_ValidateElementAttribute_passed] @22-09-2021 01:54:40.0502 A
[ReportManager] Browser Action [CloseCurrentWindow] successfully performed. @22-09-2021 01:54:40.0621 AM
[ReportManager] Successfully created attachment [Browser Action Test Data - CloseCurrentWindow - Actual Value] @22-09-2021 01:54:40.0622 A
[ReportManager] File Action [GetAbsolutePath] successfully performed. With the following test data [Relative Folder Path: "target/downloadedFiles/"]. @22-09-2021 01:54:40.0626 AM
[ReportManager] Attempting to run remotely on: [Linux-64], [GoogleChrome], [http://localhost:4444/wd/hub], Headless Execution. @22-09-2021 01:54:40.0627 AM
[ReportManager] Successfully Opened [GoogleChrome]. @22-09-2021 01:54:40.0816 AM
[ReportManager] Target URL: [https://www.google.com/ncr], and after redirection: [www.google.com] @22-09-2021 01:54:40.0831 AM
[ReportManager] Initial URL: [data:,] @22-09-2021 01:54:40.0883 AM
[ReportManager] Browser Action [NavigateToURL] successfully performed. With the following test data [https://www.google.com/ncr]. @22-09-2021 01:54:41.0838 A

################################################################################################################################################
Starting Execution:	[19 out of 143] test cases in the current suite
Test Method:		[unitTests.tests_validations_assertions.assertElementAttribute_true_containsComparison_expectedToFail]
################################################################################################################################################
[ReportManager] Element Action [Type] successfully performed. With the following test data [Automation123]. @22-09-2021 01:54:42.0153 AM
[ReportManager] Element Action [GetText] successfully performed. With the following test data [Automation123]. @22-09-2021 01:54:42.0275 AM
[ReportManager] Loaded Shared OpenCV @22-09-2021 01:54:42.0416 AM
[ReportManager] Assertion [ValidateElementAttribute] FAILED. Expected [Value Should be 'Automation1234' for the 'text' attribute, element locator 'By.name: q'] and Actual [Automation123]. Comparison Type [CONTAINS]. Validation Type [POSITIVE]. @22-09-2021 01:54:42.0492 AM
[ReportManager] Successfully created attachment [Screenshot - 1632275682416_assertElementAttribute_true_containsComparison_expectedToFail_ValidateElementAttribute_failed] @22-09-2021 01:54:42.0493 A
[ReportManager] Browser Action [CloseCurrentWindow] successfully performed. @22-09-2021 01:54:42.0651 AM
[ReportManager] Successfully created attachment [Browser Action Test Data - CloseCurrentWindow - Actual Value] @22-09-2021 01:54:42.0652 A
[ReportManager] File Action [GetAbsolutePath] successfully performed. With the following test data [Relative Folder Path: "target/downloadedFiles/"]. @22-09-2021 01:54:42.0659 AM
[ReportManager] Attempting to run remotely on: [Linux-64], [GoogleChrome], [http://localhost:4444/wd/hub], Headless Execution. @22-09-2021 01:54:42.0659 AM
[ReportManager] Successfully Opened [GoogleChrome]. @22-09-2021 01:54:42.0883 AM
[ReportManager] Target URL: [https://www.google.com/ncr], and after redirection: [www.google.com] @22-09-2021 01:54:42.0897 AM
[ReportManager] Initial URL: [data:,] @22-09-2021 01:54:42.0946 AM
[ReportManager] Browser Action [NavigateToURL] successfully performed. With the following test data [https://www.google.com/ncr]. @22-09-2021 01:54:43.0868 A

################################################################################################################################################
Starting Execution:	[20 out of 143] test cases in the current suite
Test Method:		[unitTests.tests_validations_assertions.assertElementAttribute_true_containsComparison_expectedToPass]
################################################################################################################################################
[ReportManager] Element Action [Type] successfully performed. With the following test data [Automation123]. @22-09-2021 01:54:44.0215 AM
[ReportManager] Element Action [GetText] successfully performed. With the following test data [Automation123]. @22-09-2021 01:54:44.0333 AM
[ReportManager] Loaded Shared OpenCV @22-09-2021 01:54:44.0466 AM
[ReportManager] Assertion [ValidateElementAttribute] PASSED. Expected [Value Should be 'Automation' for the 'text' attribute, element locator 'By.name: q'] and Actual [Automation123]. Comparison Type [CONTAINS]. Validation Type [POSITIVE]. @22-09-2021 01:54:44.0551 AM
[ReportManager] Successfully created attachment [Screenshot - 1632275684466_assertElementAttribute_true_containsComparison_expectedToPass_ValidateElementAttribute_passed] @22-09-2021 01:54:44.0552 A
[ReportManager] Browser Action [CloseCurrentWindow] successfully performed. @22-09-2021 01:54:44.0675 AM
[ReportManager] Successfully created attachment [Browser Action Test Data - CloseCurrentWindow - Actual Value] @22-09-2021 01:54:44.0677 A
[ReportManager] File Action [GetAbsolutePath] successfully performed. With the following test data [Relative Folder Path: "target/downloadedFiles/"]. @22-09-2021 01:54:44.0682 AM
[ReportManager] Attempting to run remotely on: [Linux-64], [GoogleChrome], [http://localhost:4444/wd/hub], Headless Execution. @22-09-2021 01:54:44.0682 AM
[ReportManager] Successfully Opened [GoogleChrome]. @22-09-2021 01:54:44.0933 AM
[ReportManager] Target URL: [https://www.google.com/ncr], and after redirection: [www.google.com] @22-09-2021 01:54:44.0943 AM
[ReportManager] Initial URL: [data:,] @22-09-2021 01:54:44.0980 AM
[ReportManager] Browser Action [NavigateToURL] successfully performed. With the following test data [https://www.google.com/ncr]. @22-09-2021 01:54:45.0889 A

################################################################################################################################################
Starting Execution:	[21 out of 143] test cases in the current suite
Test Method:		[unitTests.tests_validations_assertions.assertElementAttribute_true_literalComparison_expectedToFail]
################################################################################################################################################
[ReportManager] Element Action [Type] successfully performed. With the following test data [Automation!@#$%^&*()_+{}[]\';/.,]. @22-09-2021 01:54:46.0372 AM
[ReportManager] Element Action [GetText] successfully performed. With the following test data [Automation!@#$%^&*()_+{}[]\';/.,]. @22-09-2021 01:54:46.0485 AM
[ReportManager] Loaded Shared OpenCV @22-09-2021 01:54:46.0625 AM
[ReportManager] Assertion [ValidateElementAttribute] FAILED. Expected [Value Should be 'Automation' for the 'text' attribute, element locator 'By.name: q'] and Actual [Automation!@#$%^&*()_+{}[]\';/.,]. Comparison Type [EQUALS]. Validation Type [POSITIVE]. @22-09-2021 01:54:46.0762 AM
[ReportManager] Successfully created attachment [Screenshot - 1632275686625_assertElementAttribute_true_literalComparison_expectedToFail_ValidateElementAttribute_failed] @22-09-2021 01:54:46.0764 A
[ReportManager] Browser Action [CloseCurrentWindow] successfully performed. @22-09-2021 01:54:46.0895 AM
[ReportManager] Successfully created attachment [Browser Action Test Data - CloseCurrentWindow - Actual Value] @22-09-2021 01:54:46.0896 A
[ReportManager] File Action [GetAbsolutePath] successfully performed. With the following test data [Relative Folder Path: "target/downloadedFiles/"]. @22-09-2021 01:54:46.0899 AM
[ReportManager] Attempting to run remotely on: [Linux-64], [GoogleChrome], [http://localhost:4444/wd/hub], Headless Execution. @22-09-2021 01:54:46.0899 AM
[ReportManager] Successfully Opened [GoogleChrome]. @22-09-2021 01:54:47.0158 AM
[ReportManager] Target URL: [https://www.google.com/ncr], and after redirection: [www.google.com] @22-09-2021 01:54:47.0171 AM
[ReportManager] Initial URL: [data:,] @22-09-2021 01:54:47.0212 AM
[ReportManager] Browser Action [NavigateToURL] successfully performed. With the following test data [https://www.google.com/ncr]. @22-09-2021 01:54:48.0563 A

################################################################################################################################################
Starting Execution:	[22 out of 143] test cases in the current suite
Test Method:		[unitTests.tests_validations_assertions.assertElementAttribute_true_literalComparison_expectedToPass]
################################################################################################################################################
[ReportManager] Element Action [Type] successfully performed. With the following test data [Automation!@#$%^&*()_+{}[]\';/.,]. @22-09-2021 01:54:49.0014 AM
[ReportManager] Element Action [GetText] successfully performed. With the following test data [Automation!@#$%^&*()_+{}[]\';/.,]. @22-09-2021 01:54:49.0104 AM
[ReportManager] Loaded Shared OpenCV @22-09-2021 01:54:49.0246 AM
[ReportManager] Assertion [ValidateElementAttribute] PASSED. Expected [Value Should be 'Automation!@#$%^&*()_+{}[]\';/.,' for the 'text' attribute, element locator 'By.name: q'] and Actual [Automation!@#$%^&*()_+{}[]\';/.,]. Comparison Type [EQUALS]. Validation Type [POSITIVE]. @22-09-2021 01:54:49.0335 AM
[ReportManager] Successfully created attachment [Screenshot - 1632275689245_assertElementAttribute_true_literalComparison_expectedToPass_ValidateElementAttribute_passed] @22-09-2021 01:54:49.0336 A
[ReportManager] Browser Action [CloseCurrentWindow] successfully performed. @22-09-2021 01:54:49.0459 AM
[ReportManager] Successfully created attachment [Browser Action Test Data - CloseCurrentWindow - Actual Value] @22-09-2021 01:54:49.0460 A
[ReportManager] File Action [GetAbsolutePath] successfully performed. With the following test data [Relative Folder Path: "target/downloadedFiles/"]. @22-09-2021 01:54:49.0465 AM
[ReportManager] Attempting to run remotely on: [Linux-64], [GoogleChrome], [http://localhost:4444/wd/hub], Headless Execution. @22-09-2021 01:54:49.0465 AM
[ReportManager] Successfully Opened [GoogleChrome]. @22-09-2021 01:54:49.0661 AM
[ReportManager] Target URL: [https://www.google.com/ncr], and after redirection: [www.google.com] @22-09-2021 01:54:49.0678 AM
[ReportManager] Initial URL: [data:,] @22-09-2021 01:54:49.0715 AM
[ReportManager] Browser Action [NavigateToURL] successfully performed. With the following test data [https://www.google.com/ncr]. @22-09-2021 01:54:50.0743 A

################################################################################################################################################
Starting Execution:	[23 out of 143] test cases in the current suite
Test Method:		[unitTests.tests_validations_assertions.assertElementAttribute_true_regexComparison_expectedToFail]
################################################################################################################################################
[ReportManager] Element Action [Type] successfully performed. With the following test data [Automation123]. @22-09-2021 01:54:51.0074 AM
[ReportManager] Element Action [GetText] successfully performed. With the following test data [Automation123]. @22-09-2021 01:54:51.0196 AM
[ReportManager] Loaded Shared OpenCV @22-09-2021 01:54:51.0355 AM
[ReportManager] Assertion [ValidateElementAttribute] FAILED. Expected [Value Should be 'Automation' for the 'text' attribute, element locator 'By.name: q'] and Actual [Automation123]. Comparison Type [MATCHES]. Validation Type [POSITIVE]. @22-09-2021 01:54:51.0432 AM
[ReportManager] Successfully created attachment [Screenshot - 1632275691355_assertElementAttribute_true_regexComparison_expectedToFail_ValidateElementAttribute_failed] @22-09-2021 01:54:51.0433 A
[ReportManager] Browser Action [CloseCurrentWindow] successfully performed. @22-09-2021 01:54:51.0566 AM
[ReportManager] Successfully created attachment [Browser Action Test Data - CloseCurrentWindow - Actual Value] @22-09-2021 01:54:51.0567 A
[ReportManager] File Action [GetAbsolutePath] successfully performed. With the following test data [Relative Folder Path: "target/downloadedFiles/"]. @22-09-2021 01:54:51.0571 AM
[ReportManager] Attempting to run remotely on: [Linux-64], [GoogleChrome], [http://localhost:4444/wd/hub], Headless Execution. @22-09-2021 01:54:51.0571 AM
[ReportManager] Successfully Opened [GoogleChrome]. @22-09-2021 01:54:51.0776 AM
[ReportManager] Target URL: [https://www.google.com/ncr], and after redirection: [www.google.com] @22-09-2021 01:54:51.0788 AM
[ReportManager] Initial URL: [data:,] @22-09-2021 01:54:51.0829 AM
[ReportManager] Browser Action [NavigateToURL] successfully performed. With the following test data [https://www.google.com/ncr]. @22-09-2021 01:54:52.0767 A

################################################################################################################################################
Starting Execution:	[24 out of 143] test cases in the current suite
Test Method:		[unitTests.tests_validations_assertions.assertElementAttribute_true_regexComparison_expectedToPass]
################################################################################################################################################
[ReportManager] Element Action [Type] successfully performed. With the following test data [Automation123]. @22-09-2021 01:54:53.0093 AM
[ReportManager] Element Action [GetText] successfully performed. With the following test data [Automation123]. @22-09-2021 01:54:53.0188 AM
[ReportManager] Loaded Shared OpenCV @22-09-2021 01:54:53.0334 AM
[ReportManager] Assertion [ValidateElementAttribute] PASSED. Expected [Value Should be 'Automation.*' for the 'text' attribute, element locator 'By.name: q'] and Actual [Automation123]. Comparison Type [MATCHES]. Validation Type [POSITIVE]. @22-09-2021 01:54:53.0409 AM
[ReportManager] Successfully created attachment [Screenshot - 1632275693334_assertElementAttribute_true_regexComparison_expectedToPass_ValidateElementAttribute_passed] @22-09-2021 01:54:53.0410 A
[ReportManager] Browser Action [CloseCurrentWindow] successfully performed. @22-09-2021 01:54:53.0539 AM
[ReportManager] Successfully created attachment [Browser Action Test Data - CloseCurrentWindow - Actual Value] @22-09-2021 01:54:53.0540 A
[ReportManager] File Action [GetAbsolutePath] successfully performed. With the following test data [Relative Folder Path: "target/downloadedFiles/"]. @22-09-2021 01:54:53.0546 AM
[ReportManager] Attempting to run remotely on: [Linux-64], [GoogleChrome], [http://localhost:4444/wd/hub], Headless Execution. @22-09-2021 01:54:53.0546 AM
[ReportManager] Successfully Opened [GoogleChrome]. @22-09-2021 01:54:53.0723 AM
[ReportManager] Target URL: [https://www.google.com/ncr], and after redirection: [www.google.com] @22-09-2021 01:54:53.0744 AM
[ReportManager] Initial URL: [data:,] @22-09-2021 01:54:53.0781 AM
[ReportManager] Browser Action [NavigateToURL] successfully performed. With the following test data [https://www.google.com/ncr]. @22-09-2021 01:54:54.0841 A

################################################################################################################################################
Starting Execution:	[25 out of 143] test cases in the current suite
Test Method:		[unitTests.tests_validations_assertions.assertElementAttribute_type_true_literalComparison_expectedToPass]
################################################################################################################################################
[ReportManager] Element Action [Type] successfully performed. With the following test data [Automation!@#$%^&*()_+{}[]\';/.,]. @22-09-2021 01:54:55.0275 AM
[ReportManager] Element Action [GetText] successfully performed. With the following test data [Automation!@#$%^&*()_+{}[]\';/.,]. @22-09-2021 01:54:55.0376 AM
[ReportManager] Loaded Shared OpenCV @22-09-2021 01:54:55.0508 AM
[ReportManager] Assertion [ValidateElementAttribute] PASSED. Expected [Value Should be 'Automation!@#$%^&*()_+{}[]\';/.,' for the 'text' attribute, element locator 'By.name: q'] and Actual [Automation!@#$%^&*()_+{}[]\';/.,]. Comparison Type [EQUALS]. Validation Type [POSITIVE]. @22-09-2021 01:54:55.0588 AM
[ReportManager] Successfully created attachment [Screenshot - 1632275695508_assertElementAttribute_type_true_literalComparison_expectedToPass_ValidateElementAttribute_passed] @22-09-2021 01:54:55.0589 A
[ReportManager] Browser Action [CloseCurrentWindow] successfully performed. @22-09-2021 01:54:55.0714 AM
[ReportManager] Successfully created attachment [Browser Action Test Data - CloseCurrentWindow - Actual Value] @22-09-2021 01:54:55.0715 A
[ReportManager] File Action [GetAbsolutePath] successfully performed. With the following test data [Relative Folder Path: "target/downloadedFiles/"]. @22-09-2021 01:54:55.0718 AM
[ReportManager] Attempting to run remotely on: [Linux-64], [GoogleChrome], [http://localhost:4444/wd/hub], Headless Execution. @22-09-2021 01:54:55.0718 AM
[ReportManager] Successfully Opened [GoogleChrome]. @22-09-2021 01:54:55.0914 AM
[ReportManager] Target URL: [https://www.google.com/ncr], and after redirection: [www.google.com] @22-09-2021 01:54:55.0927 AM
[ReportManager] Initial URL: [data:,] @22-09-2021 01:54:55.0974 AM
[ReportManager] Browser Action [NavigateToURL] successfully performed. With the following test data [https://www.google.com/ncr]. @22-09-2021 01:54:56.0891 A

################################################################################################################################################
Starting Execution:	[26 out of 143] test cases in the current suite
Test Method:		[unitTests.tests_validations_assertions.assertElementExists_false_expectedToFail]
################################################################################################################################################
[ReportManager] Assertion [ValidateElementExists] PASSED. Expected [Element Should not Exist, locator 'By.id: hplogo'] and Actual [Element Doesn't Exists]. Comparison Type [EQUALS]. Validation Type [NEGATIVE]. @22-09-2021 01:55:07.0307 AM
[ReportManager] Successfully created attachment [Screenshot - 1632275707218_assertElementExists_false_expectedToFail_ValidateElementExists_passed] @22-09-2021 01:55:07.0308 A
[ReportManager] Browser Action [CloseCurrentWindow] successfully performed. @22-09-2021 01:55:07.0440 AM
[ReportManager] Successfully created attachment [Browser Action Test Data - CloseCurrentWindow - Actual Value] @22-09-2021 01:55:07.0441 A
[ReportManager] File Action [GetAbsolutePath] successfully performed. With the following test data [Relative Folder Path: "target/downloadedFiles/"]. @22-09-2021 01:55:07.0446 AM
[ReportManager] Attempting to run remotely on: [Linux-64], [GoogleChrome], [http://localhost:4444/wd/hub], Headless Execution. @22-09-2021 01:55:07.0447 AM
[ReportManager] Successfully Opened [GoogleChrome]. @22-09-2021 01:55:07.0649 AM
[ReportManager] Target URL: [https://www.google.com/ncr], and after redirection: [www.google.com] @22-09-2021 01:55:07.0666 AM
[ReportManager] Initial URL: [data:,] @22-09-2021 01:55:07.0706 AM
[ReportManager] Browser Action [NavigateToURL] successfully performed. With the following test data [https://www.google.com/ncr]. @22-09-2021 01:55:08.0683 A

################################################################################################################################################
Starting Execution:	[27 out of 143] test cases in the current suite
Test Method:		[unitTests.tests_validations_assertions.assertElementExists_false_expectedToPass]
################################################################################################################################################
[ReportManager] Assertion [ValidateElementExists] PASSED. Expected [Element Should not Exist, locator 'By.id: fakeElement'] and Actual [Element Doesn't Exists]. Comparison Type [EQUALS]. Validation Type [NEGATIVE]. @22-09-2021 01:55:19.0095 AM
[ReportManager] Successfully created attachment [Screenshot - 1632275719016_assertElementExists_false_expectedToPass_ValidateElementExists_passed] @22-09-2021 01:55:19.0096 A
[ReportManager] Browser Action [CloseCurrentWindow] successfully performed. @22-09-2021 01:55:19.0223 AM
[ReportManager] Successfully created attachment [Browser Action Test Data - CloseCurrentWindow - Actual Value] @22-09-2021 01:55:19.0224 A
[ReportManager] File Action [GetAbsolutePath] successfully performed. With the following test data [Relative Folder Path: "target/downloadedFiles/"]. @22-09-2021 01:55:19.0230 AM
[ReportManager] Attempting to run remotely on: [Linux-64], [GoogleChrome], [http://localhost:4444/wd/hub], Headless Execution. @22-09-2021 01:55:19.0231 AM
[ReportManager] Successfully Opened [GoogleChrome]. @22-09-2021 01:55:19.0506 AM
[ReportManager] Target URL: [https://www.google.com/ncr], and after redirection: [www.google.com] @22-09-2021 01:55:19.0520 AM
[ReportManager] Initial URL: [data:,] @22-09-2021 01:55:19.0567 AM
[ReportManager] Browser Action [NavigateToURL] successfully performed. With the following test data [https://www.google.com/ncr]. @22-09-2021 01:55:20.0564 A

################################################################################################################################################
Starting Execution:	[28 out of 143] test cases in the current suite
Test Method:		[unitTests.tests_validations_assertions.assertElementExists_false_multipleElementsFound_expectedToFail]
################################################################################################################################################
[ReportManager] Assertion [ValidateElementExists] FAILED. Expected [Element Should not Exist, locator 'By.xpath: //div'] and Actual [Element Exists but is not unique]. Comparison Type [EQUALS]. Validation Type [NEGATIVE]. @22-09-2021 01:55:20.0836 AM
[ReportManager] Successfully created attachment [Screenshot - 1632275720767_assertElementExists_false_multipleElementsFound_expectedToFail_ValidateElementExists_failed] @22-09-2021 01:55:20.0837 A
[ReportManager] Browser Action [CloseCurrentWindow] successfully performed. @22-09-2021 01:55:20.0964 AM
[ReportManager] Successfully created attachment [Browser Action Test Data - CloseCurrentWindow - Actual Value] @22-09-2021 01:55:20.0968 A
[ReportManager] File Action [GetAbsolutePath] successfully performed. With the following test data [Relative Folder Path: "target/downloadedFiles/"]. @22-09-2021 01:55:20.0974 AM
[ReportManager] Attempting to run remotely on: [Linux-64], [GoogleChrome], [http://localhost:4444/wd/hub], Headless Execution. @22-09-2021 01:55:20.0974 AM
[ReportManager] Successfully Opened [GoogleChrome]. @22-09-2021 01:55:21.0208 AM
[ReportManager] Target URL: [https://www.google.com/ncr], and after redirection: [www.google.com] @22-09-2021 01:55:21.0223 AM
[ReportManager] Initial URL: [data:,] @22-09-2021 01:55:21.0262 AM
[ReportManager] Browser Action [NavigateToURL] successfully performed. With the following test data [https://www.google.com/ncr]. @22-09-2021 01:55:22.0287 A

################################################################################################################################################
Starting Execution:	[29 out of 143] test cases in the current suite
Test Method:		[unitTests.tests_validations_assertions.assertElementExists_true_expectedToFail]
################################################################################################################################################
[ReportManager] Assertion [ValidateElementExists] FAILED. Expected [Element Should Exist, locator 'By.id: fakeElement'] and Actual [Element Doesn't Exists]. Comparison Type [EQUALS]. Validation Type [POSITIVE]. @22-09-2021 01:55:52.0995 AM
[ReportManager] Successfully created attachment [Screenshot - 1632275752930_assertElementExists_true_expectedToFail_ValidateElementExists_failed] @22-09-2021 01:55:52.0995 A
[ReportManager] Browser Action [CloseCurrentWindow] successfully performed. @22-09-2021 01:55:53.0114 AM
[ReportManager] Successfully created attachment [Browser Action Test Data - CloseCurrentWindow - Actual Value] @22-09-2021 01:55:53.0115 A
[ReportManager] File Action [GetAbsolutePath] successfully performed. With the following test data [Relative Folder Path: "target/downloadedFiles/"]. @22-09-2021 01:55:53.0118 AM
[ReportManager] Attempting to run remotely on: [Linux-64], [GoogleChrome], [http://localhost:4444/wd/hub], Headless Execution. @22-09-2021 01:55:53.0118 AM
[ReportManager] Successfully Opened [GoogleChrome]. @22-09-2021 01:55:53.0317 AM
[ReportManager] Target URL: [https://www.google.com/ncr], and after redirection: [www.google.com] @22-09-2021 01:55:53.0327 AM
[ReportManager] Initial URL: [data:,] @22-09-2021 01:55:53.0376 AM
[ReportManager] Browser Action [NavigateToURL] successfully performed. With the following test data [https://www.google.com/ncr]. @22-09-2021 01:55:55.0616 A

################################################################################################################################################
Starting Execution:	[30 out of 143] test cases in the current suite
Test Method:		[unitTests.tests_validations_assertions.assertElementExists_true_expectedToPass]
################################################################################################################################################
[ReportManager] Loaded Shared OpenCV @22-09-2021 01:55:55.0796 AM
[ReportManager] Assertion [ValidateElementExists] PASSED. Expected [Element Should Exist, locator 'By.xpath: //*[@id='hplogo' or @alt='Google']'] and Actual [Element Exists]. Comparison Type [EQUALS]. Validation Type [POSITIVE]. @22-09-2021 01:55:55.0884 AM
[ReportManager] Successfully created attachment [Screenshot - 1632275755796_assertElementExists_true_expectedToPass_ValidateElementExists_passed] @22-09-2021 01:55:55.0885 A
[ReportManager] Browser Action [CloseCurrentWindow] successfully performed. @22-09-2021 01:55:56.0005 AM
[ReportManager] Successfully created attachment [Browser Action Test Data - CloseCurrentWindow - Actual Value] @22-09-2021 01:55:56.0005 A
[ReportManager] File Action [GetAbsolutePath] successfully performed. With the following test data [Relative Folder Path: "target/downloadedFiles/"]. @22-09-2021 01:55:56.0008 AM
[ReportManager] Attempting to run remotely on: [Linux-64], [GoogleChrome], [http://localhost:4444/wd/hub], Headless Execution. @22-09-2021 01:55:56.0008 AM
[ReportManager] Successfully Opened [GoogleChrome]. @22-09-2021 01:55:56.0208 AM
[ReportManager] Target URL: [https://www.google.com/ncr], and after redirection: [www.google.com] @22-09-2021 01:55:56.0222 AM
[ReportManager] Initial URL: [data:,] @22-09-2021 01:55:56.0260 AM
[ReportManager] Browser Action [NavigateToURL] successfully performed. With the following test data [https://www.google.com/ncr]. @22-09-2021 01:55:57.0203 A

################################################################################################################################################
Starting Execution:	[31 out of 143] test cases in the current suite
Test Method:		[unitTests.tests_validations_assertions.assertElementExists_true_multipleElementsFound_expectedToFail]
################################################################################################################################################
[ReportManager] Assertion [ValidateElementExists] FAILED. Expected [Element Should Exist, locator 'By.xpath: //div'] and Actual [Element Exists but is not unique]. Comparison Type [EQUALS]. Validation Type [POSITIVE]. @22-09-2021 01:55:57.0444 AM
[ReportManager] Successfully created attachment [Screenshot - 1632275757377_assertElementExists_true_multipleElementsFound_expectedToFail_ValidateElementExists_failed] @22-09-2021 01:55:57.0445 A
[ReportManager] Browser Action [CloseCurrentWindow] successfully performed. @22-09-2021 01:55:57.0575 AM
[ReportManager] Successfully created attachment [Browser Action Test Data - CloseCurrentWindow - Actual Value] @22-09-2021 01:55:57.0576 A

################################################################################################################################################
Starting Execution:	[32 out of 143] test cases in the current suite
Test Method:		[unitTests.tests_validations_assertions.assertEquals_false_expectedToFail]
################################################################################################################################################
[ReportManager] Assertion [ValidateEquals] FAILED. Expected [1] and Actual [1]. Comparison Type [EQUALS]. Validation Type [NEGATIVE]. @22-09-2021 01:55:57.0581 A

################################################################################################################################################
Starting Execution:	[33 out of 143] test cases in the current suite
Test Method:		[unitTests.tests_validations_assertions.assertEquals_false_expectedToPass]
################################################################################################################################################
[ReportManager] Assertion [ValidateEquals] PASSED. Expected [1] and Actual [2]. Comparison Type [EQUALS]. Validation Type [NEGATIVE]. @22-09-2021 01:55:57.0585 A

################################################################################################################################################
Starting Execution:	[34 out of 143] test cases in the current suite
Test Method:		[unitTests.tests_validations_assertions.assertEquals_longCharacters]
################################################################################################################################################
[ReportManager] Verification [ValidateEquals] PASSED. Expected and Actual values are attached. Comparison Type [EQUALS]. Validation Type [POSITIVE]. @22-09-2021 01:55:57.0589 AM
[ReportManager] Successfully created attachment [Validation Test Data - Expected Value] @22-09-2021 01:55:57.0590 AM
[ReportManager] Successfully created attachment [Validation Test Data - Actual Value] @22-09-2021 01:55:57.0590 AM
[ReportManager] Assertion [ValidateEquals] PASSED. Expected and Actual values are attached. Comparison Type [EQUALS]. Validation Type [POSITIVE]. @22-09-2021 01:55:57.0590 AM
[ReportManager] Successfully created attachment [Validation Test Data - Expected Value] @22-09-2021 01:55:57.0591 AM
[ReportManager] Successfully created attachment [Validation Test Data - Actual Value] @22-09-2021 01:55:57.0591 A

################################################################################################################################################
Starting Execution:	[35 out of 143] test cases in the current suite
Test Method:		[unitTests.tests_validations_assertions.assertEquals_longCharacters_Discreet]
################################################################################################################################################
[ReportManager] Assertion [ValidateEquals] PASSED. Expected [1LH5pROcDBjjQk0t0mCr0lXuzQu9lcGj28kY8R1H81X67eVAQJgWQhILiRWVPUgZ6uCtK5cnBkF55Jr9vYngjGO1Iyf0Mktv6lruDlL9T8MAUPcUZJGHZtji6nIeadujDSNmWMj5d6C8zlFqw0CRqBU0hO5adIasHgBSNoLotAjce3NGXoDwAlp3rYreeV16VIyZXROQY] and Actual [1LH5pROcDBjjQk0t0mCr0lXuzQu9lcGj28kY8R1H81X67eVAQJgWQhILiRWVPUgZ6uCtK5cnBkF55Jr9vYngjGO1Iyf0Mktv6lruDlL9T8MAUPcUZJGHZtji6nIeadujDSNmWMj5d6C8zlFqw0CRqBU0hO5adIasHgBSNoLotAjce3NGXoDwAlp3rYreeV16VIyZXROQY]. Comparison Type [EQUALS]. Validation Type [POSITIVE]. @22-09-2021 01:55:57.0595 A

################################################################################################################################################
Starting Execution:	[36 out of 143] test cases in the current suite
Test Method:		[unitTests.tests_validations_assertions.assertEquals_true_expectedToFail]
################################################################################################################################################
[ReportManager] Assertion [ValidateEquals] FAILED. Expected [1] and Actual [2]. Comparison Type [EQUALS]. Validation Type [POSITIVE]. @22-09-2021 01:55:57.0598 A

################################################################################################################################################
Starting Execution:	[37 out of 143] test cases in the current suite
Test Method:		[unitTests.tests_validations_assertions.assertEquals_true_expectedToPass]
Test Description:	[Assert that assertEquals works as expected when the two values are equal.]
################################################################################################################################################
[ReportManager] Verification [ValidateEquals] PASSED. Expected [1] and Actual [1]. Comparison Type [EQUALS]. Validation Type [POSITIVE]. @22-09-2021 01:55:57.0610 AM
[ReportManager] Assertion [ValidateEquals] PASSED. Expected [1] and Actual [1]. Comparison Type [EQUALS]. Validation Type [POSITIVE]. @22-09-2021 01:55:57.0611 A

################################################################################################################################################
Starting Execution:	[38 out of 143] test cases in the current suite
Test Method:		[unitTests.tests_validations_assertions.assertEquals_true_expectedToPass__]
################################################################################################################################################
[ReportManager] Assertion [ValidateEquals] PASSED. Expected [1] and Actual [1]. Comparison Type [EQUALS]. Validation Type [POSITIVE]. @22-09-2021 01:55:57.0614 A

################################################################################################################################################
Starting Execution:	[39 out of 143] test cases in the current suite
Test Method:		[unitTests.tests_validations_assertions.assertFileExists_false_expectedToFail]
################################################################################################################################################
[ReportManager] File Action [DoesFileExist] successfully performed. With the following test data [File Path: "src/main/java/com/shaft/gui/element/ElementActions.java"]. @22-09-2021 01:55:57.0619 AM
[ReportManager] Assertion [ValidateFileExists] FAILED. Expected [File 'src/main/java/com/shaft/gui/element/ElementActions.java' should not exist, after up to '1' retries] and Actual [File exists]. Validation Type [NEGATIVE]. @22-09-2021 01:55:57.0630 A

################################################################################################################################################
Starting Execution:	[40 out of 143] test cases in the current suite
Test Method:		[unitTests.tests_validations_assertions.assertFileExists_false_expectedToPass]
################################################################################################################################################
[ReportManager] File Action [DoesFileExist] successfully performed. With the following test data [File Path: "src/main/java/com/shaft/gui/element/ElementActions.java_fail"]. @22-09-2021 01:55:58.0132 AM
[ReportManager] Assertion [ValidateFileExists] PASSED. Expected [File 'src/main/java/com/shaft/gui/element/ElementActions.java_fail' should not exist, after up to '1' retries] and Actual [File does not exist]. Validation Type [NEGATIVE]. @22-09-2021 01:55:58.0133 A

################################################################################################################################################
Starting Execution:	[41 out of 143] test cases in the current suite
Test Method:		[unitTests.tests_validations_assertions.assertFileExists_true_expectedToFail]
################################################################################################################################################
[ReportManager] File Action [DoesFileExist] successfully performed. With the following test data [File Path: "src/main/java/com/shaft/gui/element/ElementActions.java_fail"]. @22-09-2021 01:55:58.0638 AM
[ReportManager] Assertion [ValidateFileExists] FAILED. Expected [File 'src/main/java/com/shaft/gui/element/ElementActions.java_fail' should exist, after up to '1' retries] and Actual [File does not exist]. Validation Type [POSITIVE]. @22-09-2021 01:55:58.0639 A

################################################################################################################################################
Starting Execution:	[42 out of 143] test cases in the current suite
Test Method:		[unitTests.tests_validations_assertions.assertFileExists_true_expectedToPass]
################################################################################################################################################
[ReportManager] File Action [DoesFileExist] successfully performed. With the following test data [File Path: "src/main/java/com/shaft/gui/element/ElementActions.java"]. @22-09-2021 01:55:58.0645 AM
[ReportManager] Assertion [ValidateFileExists] PASSED. Expected [File 'src/main/java/com/shaft/gui/element/ElementActions.java' should exist, after up to '1' retries] and Actual [File exists]. Validation Type [POSITIVE]. @22-09-2021 01:55:58.0645 A

################################################################################################################################################
Starting Execution:	[43 out of 143] test cases in the current suite
Test Method:		[unitTests.tests_validations_assertions.assertNull_false_expectedToFail]
################################################################################################################################################
[ReportManager] Assertion [ValidateNull] FAILED. Expected [NULL] and Actual [NULL]. Comparison Type [EQUALS]. Validation Type [NEGATIVE]. @22-09-2021 01:55:58.0648 A

################################################################################################################################################
Starting Execution:	[44 out of 143] test cases in the current suite
Test Method:		[unitTests.tests_validations_assertions.assertNull_false_expectedToPass]
################################################################################################################################################
[ReportManager] Assertion [ValidateNull] PASSED. Expected [NULL] and Actual [1]. Comparison Type [EQUALS]. Validation Type [NEGATIVE]. @22-09-2021 01:55:58.0650 A

################################################################################################################################################
Starting Execution:	[45 out of 143] test cases in the current suite
Test Method:		[unitTests.tests_validations_assertions.assertNull_true_expectedToFail]
################################################################################################################################################
[ReportManager] Assertion [ValidateNull] FAILED. Expected [NULL] and Actual [1]. Comparison Type [EQUALS]. Validation Type [POSITIVE]. @22-09-2021 01:55:58.0656 A

################################################################################################################################################
Starting Execution:	[46 out of 143] test cases in the current suite
Test Method:		[unitTests.tests_validations_assertions.assertNull_true_expectedToPass]
################################################################################################################################################
[ReportManager] Assertion [ValidateNull] PASSED. Expected [NULL] and Actual [NULL]. Comparison Type [EQUALS]. Validation Type [POSITIVE]. @22-09-2021 01:55:58.0659 A

################################################################################################################################################
Starting Execution:	[47 out of 143] test cases in the current suite
Test Method:		[unitTests.tests_restActions.getPostsAndAssertBodyForSpecificTitle]
################################################################################################################################################
[ReportManager] Response status code: [200], status line: [HTTP/1.1 200 OK] @22-09-2021 01:56:01.0068 AM
[ReportManager] Assertion Passed: Evaluating the actual response status code against the expected one... @22-09-2021 01:56:01.0068 AM
[ReportManager] Assertion [ValidateEquals] PASSED. Expected [200] and Actual [200]. Comparison Type [EQUALS]. Validation Type [POSITIVE]. @22-09-2021 01:56:01.0068 AM
[ReportManager] API Action [PerformRequest] successfully performed. With the following test data [Request Type: "GET" | Target Status Code: "200" | Service URL: "https://jsonplaceholder.typicode.com/posts" | Content Type: "*/*" | Response Time: "815ms"]. @22-09-2021 01:56:02.0189 AM
[ReportManager] Successfully created attachment [API Request - Specifications] @22-09-2021 01:56:02.0189 AM
[ReportManager] Successfully created attachment [API Response - JSON Body] @22-09-2021 01:56:02.0435 AM
[ReportManager] API Action [GetResponseJSONValueAsList] successfully performed. @22-09-2021 01:56:02.0457 AM
[ReportManager] API Action [GetResponseJSONValue] successfully performed. With the following test data [title]. @22-09-2021 01:56:02.0490 AM
[ReportManager] API Action [GetResponseJSONValue] successfully performed. With the following test data [title]. @22-09-2021 01:56:02.0541 AM
[ReportManager] API Action [GetResponseJSONValue] successfully performed. With the following test data [body]. @22-09-2021 01:56:02.0562 AM
[ReportManager] Assertion [ValidateEquals] PASSED. Expected [qui neque nisi nulla] and Actual [est rerum tempore vitae
sequi sint nihil reprehenderit dolor beatae ea dolores neque
fugiat blanditiis voluptate porro vel nihil molestiae ut reiciendis
qui aperiam non debitis possimus qui neque nisi nulla]. Comparison Type [CONTAINS]. Validation Type [POSITIVE]. @22-09-2021 01:56:02.0562 AM
[ReportManager] API Action [GetResponseJSONValue] successfully performed. With the following test data [title]. @22-09-2021 01:56:02.0586 AM
[ReportManager] API Action [GetResponseJSONValue] successfully performed. With the following test data [title]. @22-09-2021 01:56:02.0606 AM
[ReportManager] API Action [GetResponseJSONValue] successfully performed. With the following test data [title]. @22-09-2021 01:56:02.0633 AM
[ReportManager] API Action [GetResponseJSONValue] successfully performed. With the following test data [title]. @22-09-2021 01:56:02.0654 AM
[ReportManager] API Action [GetResponseJSONValue] successfully performed. With the following test data [title]. @22-09-2021 01:56:02.0686 AM
[ReportManager] API Action [GetResponseJSONValue] successfully performed. With the following test data [title]. @22-09-2021 01:56:02.0704 AM
[ReportManager] API Action [GetResponseJSONValue] successfully performed. With the following test data [title]. @22-09-2021 01:56:02.0737 AM
[ReportManager] API Action [GetResponseJSONValue] successfully performed. With the following test data [title]. @22-09-2021 01:56:02.0756 AM
[ReportManager] API Action [GetResponseJSONValue] successfully performed. With the following test data [title]. @22-09-2021 01:56:02.0773 AM
[ReportManager] API Action [GetResponseJSONValue] successfully performed. With the following test data [title]. @22-09-2021 01:56:02.0784 AM
[ReportManager] API Action [GetResponseJSONValue] successfully performed. With the following test data [title]. @22-09-2021 01:56:02.0796 AM
[ReportManager] API Action [GetResponseJSONValue] successfully performed. With the following test data [title]. @22-09-2021 01:56:02.0848 AM
[ReportManager] API Action [GetResponseJSONValue] successfully performed. With the following test data [title]. @22-09-2021 01:56:02.0864 AM
[ReportManager] API Action [GetResponseJSONValue] successfully performed. With the following test data [title]. @22-09-2021 01:56:02.0878 AM
[ReportManager] API Action [GetResponseJSONValue] successfully performed. With the following test data [title]. @22-09-2021 01:56:02.0897 AM
[ReportManager] API Action [GetResponseJSONValue] successfully performed. With the following test data [title]. @22-09-2021 01:56:02.0915 AM
[ReportManager] API Action [GetResponseJSONValue] successfully performed. With the following test data [title]. @22-09-2021 01:56:02.0929 AM
[ReportManager] API Action [GetResponseJSONValue] successfully performed. With the following test data [title]. @22-09-2021 01:56:02.0946 AM
[ReportManager] API Action [GetResponseJSONValue] successfully performed. With the following test data [title]. @22-09-2021 01:56:02.0958 AM
[ReportManager] API Action [GetResponseJSONValue] successfully performed. With the following test data [title]. @22-09-2021 01:56:02.0977 AM
[ReportManager] API Action [GetResponseJSONValue] successfully performed. With the following test data [title]. @22-09-2021 01:56:02.0994 AM
[ReportManager] API Action [GetResponseJSONValue] successfully performed. With the following test data [title]. @22-09-2021 01:56:03.0010 AM
[ReportManager] API Action [GetResponseJSONValue] successfully performed. With the following test data [title]. @22-09-2021 01:56:03.0025 AM
[ReportManager] API Action [GetResponseJSONValue] successfully performed. With the following test data [title]. @22-09-2021 01:56:03.0035 AM
[ReportManager] API Action [GetResponseJSONValue] successfully performed. With the following test data [title]. @22-09-2021 01:56:03.0049 AM
[ReportManager] API Action [GetResponseJSONValue] successfully performed. With the following test data [title]. @22-09-2021 01:56:03.0058 AM
[ReportManager] API Action [GetResponseJSONValue] successfully performed. With the following test data [title]. @22-09-2021 01:56:03.0075 AM
[ReportManager] API Action [GetResponseJSONValue] successfully performed. With the following test data [title]. @22-09-2021 01:56:03.0093 AM
[ReportManager] API Action [GetResponseJSONValue] successfully performed. With the following test data [title]. @22-09-2021 01:56:03.0104 AM
[ReportManager] API Action [GetResponseJSONValue] successfully performed. With the following test data [title]. @22-09-2021 01:56:03.0113 AM
[ReportManager] API Action [GetResponseJSONValue] successfully performed. With the following test data [title]. @22-09-2021 01:56:03.0123 AM
[ReportManager] API Action [GetResponseJSONValue] successfully performed. With the following test data [title]. @22-09-2021 01:56:03.0133 AM
[ReportManager] API Action [GetResponseJSONValue] successfully performed. With the following test data [title]. @22-09-2021 01:56:03.0149 AM
[ReportManager] API Action [GetResponseJSONValue] successfully performed. With the following test data [title]. @22-09-2021 01:56:03.0159 AM
[ReportManager] API Action [GetResponseJSONValue] successfully performed. With the following test data [title]. @22-09-2021 01:56:03.0170 AM
[ReportManager] API Action [GetResponseJSONValue] successfully performed. With the following test data [title]. @22-09-2021 01:56:03.0180 AM
[ReportManager] API Action [GetResponseJSONValue] successfully performed. With the following test data [title]. @22-09-2021 01:56:03.0188 AM
[ReportManager] API Action [GetResponseJSONValue] successfully performed. With the following test data [title]. @22-09-2021 01:56:03.0197 AM
[ReportManager] API Action [GetResponseJSONValue] successfully performed. With the following test data [title]. @22-09-2021 01:56:03.0215 AM
[ReportManager] API Action [GetResponseJSONValue] successfully performed. With the following test data [title]. @22-09-2021 01:56:03.0223 AM
[ReportManager] API Action [GetResponseJSONValue] successfully performed. With the following test data [title]. @22-09-2021 01:56:03.0234 AM
[ReportManager] API Action [GetResponseJSONValue] successfully performed. With the following test data [title]. @22-09-2021 01:56:03.0252 AM
[ReportManager] API Action [GetResponseJSONValue] successfully performed. With the following test data [title]. @22-09-2021 01:56:03.0266 AM
[ReportManager] API Action [GetResponseJSONValue] successfully performed. With the following test data [title]. @22-09-2021 01:56:03.0281 AM
[ReportManager] API Action [GetResponseJSONValue] successfully performed. With the following test data [title]. @22-09-2021 01:56:03.0295 AM
[ReportManager] API Action [GetResponseJSONValue] successfully performed. With the following test data [title]. @22-09-2021 01:56:03.0306 AM
[ReportManager] API Action [GetResponseJSONValue] successfully performed. With the following test data [title]. @22-09-2021 01:56:03.0317 AM
[ReportManager] API Action [GetResponseJSONValue] successfully performed. With the following test data [title]. @22-09-2021 01:56:03.0336 AM
[ReportManager] API Action [GetResponseJSONValue] successfully performed. With the following test data [title]. @22-09-2021 01:56:03.0347 AM
[ReportManager] API Action [GetResponseJSONValue] successfully performed. With the following test data [title]. @22-09-2021 01:56:03.0359 AM
[ReportManager] API Action [GetResponseJSONValue] successfully performed. With the following test data [title]. @22-09-2021 01:56:03.0372 AM
[ReportManager] API Action [GetResponseJSONValue] successfully performed. With the following test data [title]. @22-09-2021 01:56:03.0384 AM
[ReportManager] API Action [GetResponseJSONValue] successfully performed. With the following test data [title]. @22-09-2021 01:56:03.0427 AM
[ReportManager] API Action [GetResponseJSONValue] successfully performed. With the following test data [title]. @22-09-2021 01:56:03.0440 AM
[ReportManager] API Action [GetResponseJSONValue] successfully performed. With the following test data [title]. @22-09-2021 01:56:03.0452 AM
[ReportManager] API Action [GetResponseJSONValue] successfully performed. With the following test data [title]. @22-09-2021 01:56:03.0462 AM
[ReportManager] API Action [GetResponseJSONValue] successfully performed. With the following test data [title]. @22-09-2021 01:56:03.0472 AM
[ReportManager] API Action [GetResponseJSONValue] successfully performed. With the following test data [title]. @22-09-2021 01:56:03.0481 AM
[ReportManager] API Action [GetResponseJSONValue] successfully performed. With the following test data [title]. @22-09-2021 01:56:03.0501 AM
[ReportManager] API Action [GetResponseJSONValue] successfully performed. With the following test data [title]. @22-09-2021 01:56:03.0544 AM
[ReportManager] API Action [GetResponseJSONValue] successfully performed. With the following test data [title]. @22-09-2021 01:56:03.0556 AM
[ReportManager] API Action [GetResponseJSONValue] successfully performed. With the following test data [title]. @22-09-2021 01:56:03.0565 AM
[ReportManager] API Action [GetResponseJSONValue] successfully performed. With the following test data [title]. @22-09-2021 01:56:03.0575 AM
[ReportManager] API Action [GetResponseJSONValue] successfully performed. With the following test data [title]. @22-09-2021 01:56:03.0587 AM
[ReportManager] API Action [GetResponseJSONValue] successfully performed. With the following test data [title]. @22-09-2021 01:56:03.0596 AM
[ReportManager] API Action [GetResponseJSONValue] successfully performed. With the following test data [title]. @22-09-2021 01:56:03.0607 AM
[ReportManager] API Action [GetResponseJSONValue] successfully performed. With the following test data [title]. @22-09-2021 01:56:03.0619 AM
[ReportManager] API Action [GetResponseJSONValue] successfully performed. With the following test data [title]. @22-09-2021 01:56:03.0628 AM
[ReportManager] API Action [GetResponseJSONValue] successfully performed. With the following test data [title]. @22-09-2021 01:56:03.0640 AM
[ReportManager] API Action [GetResponseJSONValue] successfully performed. With the following test data [title]. @22-09-2021 01:56:03.0652 AM
[ReportManager] API Action [GetResponseJSONValue] successfully performed. With the following test data [title]. @22-09-2021 01:56:03.0661 AM
[ReportManager] API Action [GetResponseJSONValue] successfully performed. With the following test data [title]. @22-09-2021 01:56:03.0674 AM
[ReportManager] API Action [GetResponseJSONValue] successfully performed. With the following test data [title]. @22-09-2021 01:56:03.0691 AM
[ReportManager] API Action [GetResponseJSONValue] successfully performed. With the following test data [title]. @22-09-2021 01:56:03.0699 AM
[ReportManager] API Action [GetResponseJSONValue] successfully performed. With the following test data [title]. @22-09-2021 01:56:03.0707 AM
[ReportManager] API Action [GetResponseJSONValue] successfully performed. With the following test data [title]. @22-09-2021 01:56:03.0716 AM
[ReportManager] API Action [GetResponseJSONValue] successfully performed. With the following test data [title]. @22-09-2021 01:56:03.0730 AM
[ReportManager] API Action [GetResponseJSONValue] successfully performed. With the following test data [title]. @22-09-2021 01:56:03.0739 AM
[ReportManager] API Action [GetResponseJSONValue] successfully performed. With the following test data [title]. @22-09-2021 01:56:03.0748 AM
[ReportManager] API Action [GetResponseJSONValue] successfully performed. With the following test data [title]. @22-09-2021 01:56:03.0760 AM
[ReportManager] API Action [GetResponseJSONValue] successfully performed. With the following test data [title]. @22-09-2021 01:56:03.0771 AM
[ReportManager] API Action [GetResponseJSONValue] successfully performed. With the following test data [title]. @22-09-2021 01:56:03.0792 AM
[ReportManager] API Action [GetResponseJSONValue] successfully performed. With the following test data [title]. @22-09-2021 01:56:03.0800 AM
[ReportManager] API Action [GetResponseJSONValue] successfully performed. With the following test data [title]. @22-09-2021 01:56:03.0807 AM
[ReportManager] API Action [GetResponseJSONValue] successfully performed. With the following test data [title]. @22-09-2021 01:56:03.0818 AM
[ReportManager] API Action [GetResponseJSONValue] successfully performed. With the following test data [title]. @22-09-2021 01:56:03.0827 AM
[ReportManager] API Action [GetResponseJSONValue] successfully performed. With the following test data [title]. @22-09-2021 01:56:03.0834 AM
[ReportManager] API Action [GetResponseJSONValue] successfully performed. With the following test data [title]. @22-09-2021 01:56:03.0842 AM
[ReportManager] API Action [GetResponseJSONValue] successfully performed. With the following test data [title]. @22-09-2021 01:56:03.0852 AM
[ReportManager] API Action [GetResponseJSONValue] successfully performed. With the following test data [title]. @22-09-2021 01:56:03.0862 AM
[ReportManager] API Action [GetResponseJSONValue] successfully performed. With the following test data [title]. @22-09-2021 01:56:03.0872 AM
[ReportManager] API Action [GetResponseJSONValue] successfully performed. With the following test data [title]. @22-09-2021 01:56:03.0891 AM
[ReportManager] API Action [GetResponseJSONValue] successfully performed. With the following test data [title]. @22-09-2021 01:56:03.0904 AM
[ReportManager] API Action [GetResponseJSONValue] successfully performed. With the following test data [title]. @22-09-2021 01:56:03.0912 AM
[ReportManager] API Action [GetResponseJSONValue] successfully performed. With the following test data [title]. @22-09-2021 01:56:03.0922 AM
[ReportManager] API Action [GetResponseJSONValue] successfully performed. With the following test data [title]. @22-09-2021 01:56:03.0931 AM
[ReportManager] API Action [GetResponseJSONValue] successfully performed. With the following test data [title]. @22-09-2021 01:56:03.0939 AM
[ReportManager] API Action [GetResponseJSONValue] successfully performed. With the following test data [title]. @22-09-2021 01:56:03.0946 A

################################################################################################################################################
Starting Execution:	[48 out of 143] test cases in the current suite
Test Method:		[unitTests.tests_restActions.validateUserEmail]
################################################################################################################################################
[ReportManager] Response status code: [200], status line: [HTTP/1.1 200 OK] @22-09-2021 01:56:04.0109 AM
[ReportManager] Assertion Passed: Evaluating the actual response status code against the expected one... @22-09-2021 01:56:04.0110 AM
[ReportManager] Assertion [ValidateEquals] PASSED. Expected [200] and Actual [200]. Comparison Type [EQUALS]. Validation Type [POSITIVE]. @22-09-2021 01:56:04.0110 AM
[ReportManager] API Action [PerformRequest] successfully performed. With the following test data [Request Type: "GET" | Target Status Code: "200" | Service URL: "https://jsonplaceholder.typicode.com/users" | Content Type: "*/*" | Response Time: "134ms"]. @22-09-2021 01:56:04.0137 AM
[ReportManager] Successfully created attachment [API Request - Specifications] @22-09-2021 01:56:04.0138 AM
[ReportManager] Successfully created attachment [API Response - JSON Body] @22-09-2021 01:56:04.0138 AM
[ReportManager] Assertion [ValidateEquals] PASSED. Expected and Actual values are attached. Comparison Type [CONTAINS]. Validation Type [POSITIVE]. @22-09-2021 01:56:04.0141 AM
[ReportManager] Successfully created attachment [Validation Test Data - Expected Value] @22-09-2021 01:56:04.0141 AM
[ReportManager] Successfully created attachment [Validation Test Data - Actual Value] @22-09-2021 01:56:04.0141 AM
[ReportManager] API Action [GetResponseJSONValueAsList] successfully performed. With the following test data [$]. @22-09-2021 01:56:04.0162 AM
[ReportManager] API Action [GetResponseJSONValue] successfully performed. With the following test data [name]. @22-09-2021 01:56:04.0177 AM
[ReportManager] API Action [GetResponseJSONValue] successfully performed. With the following test data [email]. @22-09-2021 01:56:04.0186 AM
[ReportManager] Assertion [ValidateEquals] PASSED. Expected [Sincere@april.biz] and Actual [Sincere@april.biz]. Comparison Type [EQUALS]. Validation Type [POSITIVE]. @22-09-2021 01:56:04.0186 AM
[ReportManager] API Action [GetResponseJSONValue] successfully performed. With the following test data [name]. @22-09-2021 01:56:04.0197 AM
[ReportManager] API Action [GetResponseJSONValue] successfully performed. With the following test data [name]. @22-09-2021 01:56:04.0207 AM
[ReportManager] API Action [GetResponseJSONValue] successfully performed. With the following test data [name]. @22-09-2021 01:56:04.0219 AM
[ReportManager] API Action [GetResponseJSONValue] successfully performed. With the following test data [name]. @22-09-2021 01:56:04.0229 AM
[ReportManager] API Action [GetResponseJSONValue] successfully performed. With the following test data [name]. @22-09-2021 01:56:04.0237 AM
[ReportManager] API Action [GetResponseJSONValue] successfully performed. With the following test data [name]. @22-09-2021 01:56:04.0245 AM
[ReportManager] API Action [GetResponseJSONValue] successfully performed. With the following test data [name]. @22-09-2021 01:56:04.0255 AM
[ReportManager] API Action [GetResponseJSONValue] successfully performed. With the following test data [name]. @22-09-2021 01:56:04.0263 AM
[ReportManager] API Action [GetResponseJSONValue] successfully performed. With the following test data [name]. @22-09-2021 01:56:04.0274 A
[ReportManager] File Action [GetAbsolutePath] successfully performed. With the following test data [Relative Folder Path: "target/downloadedFiles/"]. @22-09-2021 01:56:04.0285 AM
[ReportManager] Attempting to run remotely on: [Linux-64], [GoogleChrome], [http://localhost:4444/wd/hub], Headless Execution. @22-09-2021 01:56:04.0286 AM
[ReportManager] Successfully Opened [GoogleChrome]. @22-09-2021 01:56:04.0617 A

################################################################################################################################################
Starting Execution:	[49 out of 143] test cases in the current suite
Test Method:		[unitTests.tests_element_elementActions.waitForElementToBePresent_false_expectedToFail]
################################################################################################################################################
[ReportManager] Target URL: [https://www.google.com/ncr], and after redirection: [www.google.com] @22-09-2021 01:56:04.0631 AM
[ReportManager] Initial URL: [data:,] @22-09-2021 01:56:04.0692 AM
[ReportManager] Browser Action [NavigateToURL] successfully performed. With the following test data [https://www.google.com/ncr]. @22-09-2021 01:56:06.0617 AM
[ReportManager] Waiting for element to be present; elementLocator [By.xpath: //*[@id='hplogo' or @alt='Google']], numberOfTries[1], stateOfPresence[false]... @22-09-2021 01:56:06.0623 AM
[ReportManager] Element Action [WaitForElementToBePresent] failed. With the following test data [waited for the element's state of presence to be (false). Element locator (By.xpath: //*[@id='hplogo' or @alt='Google'])]. @22-09-2021 01:56:06.0836 AM
[ReportManager] Successfully created attachment [Screenshot - 1632275766764_waitForElementToBePresent_false_expectedToFail_WaitForElementToBePresent_failed] @22-09-2021 01:56:06.0836 A
[ReportManager] Browser Action [CloseCurrentWindow] successfully performed. @22-09-2021 01:56:06.0971 AM
[ReportManager] Successfully created attachment [Browser Action Test Data - CloseCurrentWindow - Actual Value] @22-09-2021 01:56:06.0972 A
[ReportManager] File Action [GetAbsolutePath] successfully performed. With the following test data [Relative Folder Path: "target/downloadedFiles/"]. @22-09-2021 01:56:06.0975 AM
[ReportManager] Attempting to run remotely on: [Linux-64], [GoogleChrome], [http://localhost:4444/wd/hub], Headless Execution. @22-09-2021 01:56:06.0975 AM
[ReportManager] Successfully Opened [GoogleChrome]. @22-09-2021 01:56:07.0176 A

################################################################################################################################################
Starting Execution:	[50 out of 143] test cases in the current suite
Test Method:		[unitTests.tests_element_elementActions.waitForElementToBePresent_false_expectedToPass]
################################################################################################################################################
[ReportManager] Target URL: [https://www.google.com/ncr], and after redirection: [www.google.com] @22-09-2021 01:56:07.0191 AM
[ReportManager] Initial URL: [data:,] @22-09-2021 01:56:07.0238 AM
[ReportManager] Browser Action [NavigateToURL] successfully performed. With the following test data [https://www.google.com/ncr]. @22-09-2021 01:56:08.0233 AM
[ReportManager] Waiting for element to be present; elementLocator [By.id: bla], numberOfTries[1], stateOfPresence[false]... @22-09-2021 01:56:08.0233 AM
[ReportManager] Element Action [WaitForElementToBePresent] successfully performed. With the following test data [waited for the element's state of presence to be (false). Element locator (By.id: bla)]. @22-09-2021 01:56:13.0355 A
[ReportManager] Browser Action [CloseCurrentWindow] successfully performed. @22-09-2021 01:56:13.0478 AM
[ReportManager] Successfully created attachment [Browser Action Test Data - CloseCurrentWindow - Actual Value] @22-09-2021 01:56:13.0479 A
[ReportManager] File Action [GetAbsolutePath] successfully performed. With the following test data [Relative Folder Path: "target/downloadedFiles/"]. @22-09-2021 01:56:13.0484 AM
[ReportManager] Attempting to run remotely on: [Linux-64], [GoogleChrome], [http://localhost:4444/wd/hub], Headless Execution. @22-09-2021 01:56:13.0484 AM
[ReportManager] Successfully Opened [GoogleChrome]. @22-09-2021 01:56:13.0729 A

################################################################################################################################################
Starting Execution:	[51 out of 143] test cases in the current suite
Test Method:		[unitTests.tests_element_elementActions.waitForElementToBePresent_moreThanOneElement_expectedToFail]
################################################################################################################################################
[ReportManager] Target URL: [https://www.google.com/ncr], and after redirection: [www.google.com] @22-09-2021 01:56:13.0747 AM
[ReportManager] Initial URL: [data:,] @22-09-2021 01:56:13.0799 AM
[ReportManager] Browser Action [NavigateToURL] successfully performed. With the following test data [https://www.google.com/ncr]. @22-09-2021 01:56:14.0638 AM
[ReportManager] Waiting for element to be present; elementLocator [By.xpath: //*], numberOfTries[1], stateOfPresence[false]... @22-09-2021 01:56:14.0639 AM
[ReportManager] Element Action [WaitForElementToBePresent] failed. With the following test data [waited for the element's state of presence to be (false). Element locator (By.xpath: //*)]. @22-09-2021 01:56:14.0852 AM
[ReportManager] Successfully created attachment [Screenshot - 1632275774784_waitForElementToBePresent_moreThanOneElement_expectedToFail_WaitForElementToBePresent_failed] @22-09-2021 01:56:14.0852 A
[ReportManager] Browser Action [CloseCurrentWindow] successfully performed. @22-09-2021 01:56:14.0988 AM
[ReportManager] Successfully created attachment [Browser Action Test Data - CloseCurrentWindow - Actual Value] @22-09-2021 01:56:14.0989 A
[ReportManager] File Action [GetAbsolutePath] successfully performed. With the following test data [Relative Folder Path: "target/downloadedFiles/"]. @22-09-2021 01:56:14.0993 AM
[ReportManager] Attempting to run remotely on: [Linux-64], [GoogleChrome], [http://localhost:4444/wd/hub], Headless Execution. @22-09-2021 01:56:14.0993 AM
[ReportManager] Successfully Opened [GoogleChrome]. @22-09-2021 01:56:15.0247 A

################################################################################################################################################
Starting Execution:	[52 out of 143] test cases in the current suite
Test Method:		[unitTests.tests_element_elementActions.waitForElementToBePresent_true_expectedToFail]
################################################################################################################################################
[ReportManager] Target URL: [https://www.google.com/ncr], and after redirection: [www.google.com] @22-09-2021 01:56:15.0272 AM
[ReportManager] Initial URL: [data:,] @22-09-2021 01:56:15.0317 AM
[ReportManager] Browser Action [NavigateToURL] successfully performed. With the following test data [https://www.google.com/ncr]. @22-09-2021 01:56:16.0180 AM
[ReportManager] Waiting for element to be present; elementLocator [By.id: bla], numberOfTries[1], stateOfPresence[true]... @22-09-2021 01:56:16.0180 AM
[ReportManager] Element Action [WaitForElementToBePresent] failed. With the following test data [waited for the element's state of presence to be (true). Element locator (By.id: bla)]. @22-09-2021 01:56:21.0432 AM
[ReportManager] Successfully created attachment [Screenshot - 1632275781363_waitForElementToBePresent_true_expectedToFail_WaitForElementToBePresent_failed] @22-09-2021 01:56:21.0432 A
[ReportManager] Browser Action [CloseCurrentWindow] successfully performed. @22-09-2021 01:56:21.0562 AM
[ReportManager] Successfully created attachment [Browser Action Test Data - CloseCurrentWindow - Actual Value] @22-09-2021 01:56:21.0563 A
[ReportManager] File Action [GetAbsolutePath] successfully performed. With the following test data [Relative Folder Path: "target/downloadedFiles/"]. @22-09-2021 01:56:21.0567 AM
[ReportManager] Attempting to run remotely on: [Linux-64], [GoogleChrome], [http://localhost:4444/wd/hub], Headless Execution. @22-09-2021 01:56:21.0567 AM
[ReportManager] Successfully Opened [GoogleChrome]. @22-09-2021 01:56:21.0768 A

################################################################################################################################################
Starting Execution:	[53 out of 143] test cases in the current suite
Test Method:		[unitTests.tests_element_elementActions.waitForElementToBePresent_true_expectedToPass]
################################################################################################################################################
[ReportManager] Target URL: [https://www.google.com/ncr], and after redirection: [www.google.com] @22-09-2021 01:56:21.0797 AM
[ReportManager] Initial URL: [data:,] @22-09-2021 01:56:21.0853 AM
[ReportManager] Browser Action [NavigateToURL] successfully performed. With the following test data [https://www.google.com/ncr]. @22-09-2021 01:56:22.0751 AM
[ReportManager] Waiting for element to be present; elementLocator [By.xpath: //*[@id='hplogo' or @alt='Google']], numberOfTries[1], stateOfPresence[true]... @22-09-2021 01:56:22.0752 AM
[ReportManager] Element Action [WaitForElementToBePresent] successfully performed. With the following test data [waited for the element's state of presence to be (true). Element locator (By.xpath: //*[@id='hplogo' or @alt='Google'])]. @22-09-2021 01:56:22.0806 AM
[ReportManager] File Action [DoesFileExist] successfully performed. With the following test data [File Path: "src/test/resources/DynamicObjectRepository/unitTests_tests_element_elementActions_waitForElementToBePresent_true_expectedToPass_By_xpath_id_hplogo_or_alt_Google.png"]. @22-09-2021 01:56:22.0809 AM
[ReportManager] File Action [DoesFileExist] successfully performed. With the following test data [File Path: "src/test/resources/DynamicObjectRepository/unitTests_tests_element_elementActions_waitForElementToBePresent_true_expectedToPass_By_xpath_id_hplogo_or_alt_Google.png"]. @22-09-2021 01:56:22.0971 AM
[ReportManager] Passing the test and saving a reference image @22-09-2021 01:56:22.0971 AM
[ReportManager] File Action [GetAbsolutePath] successfully performed. With the following test data [Relative File Path: "src/test/resources/DynamicObjectRepository/unitTests_tests_element_elementActions_waitForElementToBePresent_true_expectedToPass_By_xpath_id_hplogo_or_alt_Google.png"]. @22-09-2021 01:56:22.0971 AM
[ReportManager] File Action [WriteToFile] successfully performed. With the following test data [Target File Path: "/home/runner/work/SHAFT_ENGINE/SHAFT_ENGINE/src/test/resources/DynamicObjectRepository/unitTests_tests_element_elementActions_waitForElementToBePresent_true_expectedToPass_By_xpath_id_hplogo_or_alt_Google.png"]. @22-09-2021 01:56:22.0972 AM
[ReportManager] Assertion Passed: Using Visual AI; OpenCV @22-09-2021 01:56:22.0973 AM
[ReportManager] Successfully created attachment [Validation Test Data - Actual Screenshot] @22-09-2021 01:56:22.0973 AM
[ReportManager] Assertion [ValidateElementMatches] PASSED. Expected [Element should match the reference screenshot] and Actual [TRUE]. Comparison Type [EXACT_OPENCV]. Validation Type [POSITIVE]. @22-09-2021 01:56:22.0973 A
[ReportManager] Browser Action [CloseCurrentWindow] successfully performed. @22-09-2021 01:56:23.0097 AM
[ReportManager] Successfully created attachment [Browser Action Test Data - CloseCurrentWindow - Actual Value] @22-09-2021 01:56:23.0098 A
[ReportManager] File Action [GetAbsolutePath] successfully performed. With the following test data [Relative Folder Path: "target/downloadedFiles/"]. @22-09-2021 01:56:23.0102 AM
[ReportManager] Attempting to run remotely on: [Linux-64], [GoogleChrome], [http://localhost:4444/wd/hub], Headless Execution. @22-09-2021 01:56:23.0104 AM
[ReportManager] Successfully Opened [GoogleChrome]. @22-09-2021 01:56:23.0295 AM
[ReportManager] Target URL: [https://duckduckgo.com] @22-09-2021 01:56:23.0305 AM
[ReportManager] Initial URL: [data:,] @22-09-2021 01:56:23.0348 AM
[ReportManager] Browser Action [NavigateToURL] successfully performed. With the following test data [https://duckduckgo.com]. @22-09-2021 01:56:24.0057 A

################################################################################################################################################
Starting Execution:	[54 out of 143] test cases in the current suite
Test Method:		[unitTests.tests_browserActions.fullScreenWindow]
################################################################################################################################################
[ReportManager] Initial Windows Size: 800x600 @22-09-2021 01:56:24.0065 AM
[ReportManager] Initial window size: (800, 600) @22-09-2021 01:56:24.0068 AM
[ReportManager] Window size after Toolkit: (1920, 1080) @22-09-2021 01:56:24.0288 AM
[ReportManager] Browser Action [MaximizeWindow] successfully performed. With the following test data [New screen size is now: (1920, 1080)]. @22-09-2021 01:56:24.0296 AM
[ReportManager] Current Windows Size after fullScreen: 1920x1080 @22-09-2021 01:56:24.0301 AM
[ReportManager] Browser Action [FullScreenWindow] successfully performed. @22-09-2021 01:56:24.0323 AM
[ReportManager] Successfully created attachment [Browser Action Test Data - FullScreenWindow - Actual Value] @22-09-2021 01:56:24.0326 A
[ReportManager] Target URL: [https://duckduckgo.com] @22-09-2021 01:56:24.0336 AM
[ReportManager] Initial URL: [https://duckduckgo.com] @22-09-2021 01:56:24.0392 AM
[ReportManager] Browser Action [NavigateToURL] successfully performed. With the following test data [https://duckduckgo.com]. @22-09-2021 01:56:24.0768 AM
[ReportManager] Browser Action [CloseCurrentWindow] successfully performed. @22-09-2021 01:56:24.0876 AM
[ReportManager] Successfully created attachment [Browser Action Test Data - CloseCurrentWindow - Actual Value] @22-09-2021 01:56:24.0882 A
[ReportManager] File Action [GetAbsolutePath] successfully performed. With the following test data [Relative Folder Path: "target/downloadedFiles/"]. @22-09-2021 01:56:24.0886 AM
[ReportManager] Attempting to run remotely on: [Linux-64], [GoogleChrome], [http://localhost:4444/wd/hub], Headless Execution. @22-09-2021 01:56:24.0886 AM
[ReportManager] Successfully Opened [GoogleChrome]. @22-09-2021 01:56:25.0109 AM
[ReportManager] Target URL: [https://duckduckgo.com] @22-09-2021 01:56:25.0119 AM
[ReportManager] Initial URL: [data:,] @22-09-2021 01:56:25.0159 AM
[ReportManager] Browser Action [NavigateToURL] successfully performed. With the following test data [https://duckduckgo.com]. @22-09-2021 01:56:25.0823 A

################################################################################################################################################
Starting Execution:	[55 out of 143] test cases in the current suite
Test Method:		[unitTests.tests_browserActions.getCurrentURL]
################################################################################################################################################
[ReportManager] Browser Action [GetCurrentURL] successfully performed. With the following test data [https://duckduckgo.com/]. @22-09-2021 01:56:25.0874 A
[ReportManager] Target URL: [https://duckduckgo.com] @22-09-2021 01:56:25.0881 AM
[ReportManager] Initial URL: [https://duckduckgo.com] @22-09-2021 01:56:25.0956 AM
[ReportManager] Browser Action [NavigateToURL] successfully performed. With the following test data [https://duckduckgo.com]. @22-09-2021 01:56:26.0285 AM
[ReportManager] Browser Action [CloseCurrentWindow] successfully performed. @22-09-2021 01:56:26.0381 AM
[ReportManager] Successfully created attachment [Browser Action Test Data - CloseCurrentWindow - Actual Value] @22-09-2021 01:56:26.0382 A
[ReportManager] File Action [GetAbsolutePath] successfully performed. With the following test data [Relative Folder Path: "target/downloadedFiles/"]. @22-09-2021 01:56:26.0386 AM
[ReportManager] Attempting to run remotely on: [Linux-64], [GoogleChrome], [http://localhost:4444/wd/hub], Headless Execution. @22-09-2021 01:56:26.0388 AM
[ReportManager] Successfully Opened [GoogleChrome]. @22-09-2021 01:56:26.0588 AM
[ReportManager] Target URL: [https://duckduckgo.com] @22-09-2021 01:56:26.0610 AM
[ReportManager] Initial URL: [data:,] @22-09-2021 01:56:26.0667 AM
[ReportManager] Browser Action [NavigateToURL] successfully performed. With the following test data [https://duckduckgo.com]. @22-09-2021 01:56:27.0443 A

################################################################################################################################################
Starting Execution:	[56 out of 143] test cases in the current suite
Test Method:		[unitTests.tests_browserActions.getCurrentWindowTitle]
################################################################################################################################################
[ReportManager] Browser Action [GetCurrentWindowTitle] successfully performed. With the following test data [DuckDuckGo  Privacy, simplified.]. @22-09-2021 01:56:27.0495 A
[ReportManager] Target URL: [https://duckduckgo.com] @22-09-2021 01:56:27.0500 AM
[ReportManager] Initial URL: [https://duckduckgo.com] @22-09-2021 01:56:27.0554 AM
[ReportManager] Browser Action [NavigateToURL] successfully performed. With the following test data [https://duckduckgo.com]. @22-09-2021 01:56:27.0908 AM
[ReportManager] Browser Action [CloseCurrentWindow] successfully performed. @22-09-2021 01:56:28.0017 AM
[ReportManager] Successfully created attachment [Browser Action Test Data - CloseCurrentWindow - Actual Value] @22-09-2021 01:56:28.0019 A
[ReportManager] File Action [GetAbsolutePath] successfully performed. With the following test data [Relative Folder Path: "target/downloadedFiles/"]. @22-09-2021 01:56:28.0022 AM
[ReportManager] Attempting to run remotely on: [Linux-64], [GoogleChrome], [http://localhost:4444/wd/hub], Headless Execution. @22-09-2021 01:56:28.0024 AM
[ReportManager] Successfully Opened [GoogleChrome]. @22-09-2021 01:56:28.0304 AM
[ReportManager] Target URL: [https://duckduckgo.com] @22-09-2021 01:56:28.0316 AM
[ReportManager] Initial URL: [data:,] @22-09-2021 01:56:28.0412 AM
[ReportManager] Browser Action [NavigateToURL] successfully performed. With the following test data [https://duckduckgo.com]. @22-09-2021 01:56:29.0095 A

################################################################################################################################################
Starting Execution:	[57 out of 143] test cases in the current suite
Test Method:		[unitTests.tests_browserActions.getPageSource]
################################################################################################################################################
[ReportManager] Browser Action [GetPageSource] successfully performed. @22-09-2021 01:56:29.0143 AM
[ReportManager] Successfully created attachment [Browser Action Test Data - GetPageSource - Actual Value] @22-09-2021 01:56:29.0144 A
[ReportManager] Target URL: [https://duckduckgo.com] @22-09-2021 01:56:29.0148 AM
[ReportManager] Initial URL: [https://duckduckgo.com] @22-09-2021 01:56:29.0203 AM
[ReportManager] Browser Action [NavigateToURL] successfully performed. With the following test data [https://duckduckgo.com]. @22-09-2021 01:56:29.0533 AM
[ReportManager] Browser Action [CloseCurrentWindow] successfully performed. @22-09-2021 01:56:29.0643 AM
[ReportManager] Successfully created attachment [Browser Action Test Data - CloseCurrentWindow - Actual Value] @22-09-2021 01:56:29.0643 A
[ReportManager] File Action [GetAbsolutePath] successfully performed. With the following test data [Relative Folder Path: "target/downloadedFiles/"]. @22-09-2021 01:56:29.0647 AM
[ReportManager] Attempting to run remotely on: [Linux-64], [GoogleChrome], [http://localhost:4444/wd/hub], Headless Execution. @22-09-2021 01:56:29.0648 AM
[ReportManager] Successfully Opened [GoogleChrome]. @22-09-2021 01:56:29.0882 AM
[ReportManager] Target URL: [https://duckduckgo.com] @22-09-2021 01:56:29.0893 AM
[ReportManager] Initial URL: [data:,] @22-09-2021 01:56:29.0932 AM
[ReportManager] Browser Action [NavigateToURL] successfully performed. With the following test data [https://duckduckgo.com]. @22-09-2021 01:56:30.0580 A

################################################################################################################################################
Starting Execution:	[58 out of 143] test cases in the current suite
Test Method:		[unitTests.tests_browserActions.getWindowHandle]
################################################################################################################################################
[ReportManager] Browser Action [GetWindowHandle] successfully performed. With the following test data [CDwindow-25BEEFCEE53CD7EE3F2DCEB5F23D640D]. @22-09-2021 01:56:30.0613 A
[ReportManager] Target URL: [https://duckduckgo.com] @22-09-2021 01:56:30.0615 AM
[ReportManager] Initial URL: [https://duckduckgo.com] @22-09-2021 01:56:30.0671 AM
[ReportManager] Browser Action [NavigateToURL] successfully performed. With the following test data [https://duckduckgo.com]. @22-09-2021 01:56:30.0991 AM
[ReportManager] Browser Action [CloseCurrentWindow] successfully performed. @22-09-2021 01:56:31.0089 AM
[ReportManager] Successfully created attachment [Browser Action Test Data - CloseCurrentWindow - Actual Value] @22-09-2021 01:56:31.0090 A
[ReportManager] File Action [GetAbsolutePath] successfully performed. With the following test data [Relative Folder Path: "target/downloadedFiles/"]. @22-09-2021 01:56:31.0092 AM
[ReportManager] Attempting to run remotely on: [Linux-64], [GoogleChrome], [http://localhost:4444/wd/hub], Headless Execution. @22-09-2021 01:56:31.0092 AM
[ReportManager] Successfully Opened [GoogleChrome]. @22-09-2021 01:56:31.0306 AM
[ReportManager] Target URL: [https://duckduckgo.com] @22-09-2021 01:56:31.0316 AM
[ReportManager] Initial URL: [data:,] @22-09-2021 01:56:31.0353 AM
[ReportManager] Browser Action [NavigateToURL] successfully performed. With the following test data [https://duckduckgo.com]. @22-09-2021 01:56:31.0969 A

################################################################################################################################################
Starting Execution:	[59 out of 143] test cases in the current suite
Test Method:		[unitTests.tests_browserActions.getWindowPosition]
################################################################################################################################################
[ReportManager] Browser Action [GetWindowPosition] successfully performed. With the following test data [(0, 0)]. @22-09-2021 01:56:32.0010 A
[ReportManager] Target URL: [https://duckduckgo.com] @22-09-2021 01:56:32.0013 AM
[ReportManager] Initial URL: [https://duckduckgo.com] @22-09-2021 01:56:32.0066 AM
[ReportManager] Browser Action [NavigateToURL] successfully performed. With the following test data [https://duckduckgo.com]. @22-09-2021 01:56:32.0390 AM
[ReportManager] Browser Action [CloseCurrentWindow] successfully performed. @22-09-2021 01:56:32.0486 AM
[ReportManager] Successfully created attachment [Browser Action Test Data - CloseCurrentWindow - Actual Value] @22-09-2021 01:56:32.0487 A
[ReportManager] File Action [GetAbsolutePath] successfully performed. With the following test data [Relative Folder Path: "target/downloadedFiles/"]. @22-09-2021 01:56:32.0489 AM
[ReportManager] Attempting to run remotely on: [Linux-64], [GoogleChrome], [http://localhost:4444/wd/hub], Headless Execution. @22-09-2021 01:56:32.0489 AM
[ReportManager] Successfully Opened [GoogleChrome]. @22-09-2021 01:56:32.0688 AM
[ReportManager] Target URL: [https://duckduckgo.com] @22-09-2021 01:56:32.0703 AM
[ReportManager] Initial URL: [data:,] @22-09-2021 01:56:32.0741 AM
[ReportManager] Browser Action [NavigateToURL] successfully performed. With the following test data [https://duckduckgo.com]. @22-09-2021 01:56:33.0364 A

################################################################################################################################################
Starting Execution:	[60 out of 143] test cases in the current suite
Test Method:		[unitTests.tests_browserActions.getWindowSize]
################################################################################################################################################
[ReportManager] Browser Action [GetWindowSize] successfully performed. With the following test data [(800, 600)]. @22-09-2021 01:56:33.0399 A
[ReportManager] Target URL: [https://duckduckgo.com] @22-09-2021 01:56:33.0401 AM
[ReportManager] Initial URL: [https://duckduckgo.com] @22-09-2021 01:56:33.0452 AM
[ReportManager] Browser Action [NavigateToURL] successfully performed. With the following test data [https://duckduckgo.com]. @22-09-2021 01:56:33.0760 AM
[ReportManager] Browser Action [CloseCurrentWindow] successfully performed. @22-09-2021 01:56:33.0862 AM
[ReportManager] Successfully created attachment [Browser Action Test Data - CloseCurrentWindow - Actual Value] @22-09-2021 01:56:33.0863 A
[ReportManager] File Action [GetAbsolutePath] successfully performed. With the following test data [Relative Folder Path: "target/downloadedFiles/"]. @22-09-2021 01:56:33.0867 AM
[ReportManager] Attempting to run remotely on: [Linux-64], [GoogleChrome], [http://localhost:4444/wd/hub], Headless Execution. @22-09-2021 01:56:33.0867 AM
[ReportManager] Successfully Opened [GoogleChrome]. @22-09-2021 01:56:34.0058 AM
[ReportManager] Target URL: [https://duckduckgo.com] @22-09-2021 01:56:34.0077 AM
[ReportManager] Initial URL: [data:,] @22-09-2021 01:56:34.0118 AM
[ReportManager] Browser Action [NavigateToURL] successfully performed. With the following test data [https://duckduckgo.com]. @22-09-2021 01:56:34.0724 A

################################################################################################################################################
Starting Execution:	[61 out of 143] test cases in the current suite
Test Method:		[unitTests.tests_browserActions.maximizeWindow]
################################################################################################################################################
[ReportManager] Initial window size: (800, 600) @22-09-2021 01:56:34.0731 AM
[ReportManager] Window size after Toolkit: (1920, 1080) @22-09-2021 01:56:34.0955 AM
[ReportManager] Browser Action [MaximizeWindow] successfully performed. With the following test data [New screen size is now: (1920, 1080)]. @22-09-2021 01:56:34.0957 A
[ReportManager] Target URL: [https://duckduckgo.com] @22-09-2021 01:56:34.0961 AM
[ReportManager] Initial URL: [https://duckduckgo.com] @22-09-2021 01:56:35.0030 AM
[ReportManager] Browser Action [NavigateToURL] successfully performed. With the following test data [https://duckduckgo.com]. @22-09-2021 01:56:35.0340 AM
[ReportManager] Browser Action [CloseCurrentWindow] successfully performed. @22-09-2021 01:56:35.0445 AM
[ReportManager] Successfully created attachment [Browser Action Test Data - CloseCurrentWindow - Actual Value] @22-09-2021 01:56:35.0445 A
[ReportManager] File Action [GetAbsolutePath] successfully performed. With the following test data [Relative Folder Path: "target/downloadedFiles/"]. @22-09-2021 01:56:35.0448 AM
[ReportManager] Attempting to run remotely on: [Linux-64], [GoogleChrome], [http://localhost:4444/wd/hub], Headless Execution. @22-09-2021 01:56:35.0448 AM
[ReportManager] Successfully Opened [GoogleChrome]. @22-09-2021 01:56:35.0631 AM
[ReportManager] Target URL: [https://duckduckgo.com] @22-09-2021 01:56:35.0647 AM
[ReportManager] Initial URL: [data:,] @22-09-2021 01:56:35.0685 AM
[ReportManager] Browser Action [NavigateToURL] successfully performed. With the following test data [https://duckduckgo.com]. @22-09-2021 01:56:36.0284 A

################################################################################################################################################
Starting Execution:	[62 out of 143] test cases in the current suite
Test Method:		[unitTests.tests_browserActions.navigateBack]
################################################################################################################################################
[ReportManager] Target URL: [https://www.google.com/ncr], and after redirection: [https://www.google.com] @22-09-2021 01:56:36.0288 AM
[ReportManager] Initial URL: [https://duckduckgo.com] @22-09-2021 01:56:36.0349 AM
[ReportManager] Browser Action [NavigateToURL] successfully performed. With the following test data [https://www.google.com/ncr]. @22-09-2021 01:56:37.0171 AM
[ReportManager] Browser Action [NavigateBack] successfully performed. With the following test data [https://duckduckgo.com/]. @22-09-2021 01:56:37.0525 AM
[ReportManager] Browser Action [GetCurrentURL] successfully performed. With the following test data [https://duckduckgo.com/]. @22-09-2021 01:56:37.0553 AM
[ReportManager] Assertion Passed: Confirming that navigating back was successful @22-09-2021 01:56:37.0690 AM
[ReportManager] Successfully created attachment [Screenshot - 1632275797611_navigateBack_ValidateBrowserAttribute_passed] @22-09-2021 01:56:37.0691 AM
[ReportManager] Assertion [ValidateBrowserAttribute] PASSED. Expected [Value Should be 'https://duckduckgo.com' for the 'CurrentUrl' attribute] and Actual [https://duckduckgo.com/]. Comparison Type [CONTAINS]. Validation Type [POSITIVE]. @22-09-2021 01:56:37.0691 A
[ReportManager] Target URL: [https://duckduckgo.com] @22-09-2021 01:56:37.0692 AM
[ReportManager] Initial URL: [https://duckduckgo.com] @22-09-2021 01:56:37.0745 AM
[ReportManager] Browser Action [NavigateToURL] successfully performed. With the following test data [https://duckduckgo.com]. @22-09-2021 01:56:38.0038 AM
[ReportManager] Browser Action [CloseCurrentWindow] successfully performed. @22-09-2021 01:56:38.0139 AM
[ReportManager] Successfully created attachment [Browser Action Test Data - CloseCurrentWindow - Actual Value] @22-09-2021 01:56:38.0140 A
[ReportManager] File Action [GetAbsolutePath] successfully performed. With the following test data [Relative Folder Path: "target/downloadedFiles/"]. @22-09-2021 01:56:38.0144 AM
[ReportManager] Attempting to run remotely on: [Linux-64], [GoogleChrome], [http://localhost:4444/wd/hub], Headless Execution. @22-09-2021 01:56:38.0145 AM
[ReportManager] Successfully Opened [GoogleChrome]. @22-09-2021 01:56:38.0343 AM
[ReportManager] Target URL: [https://duckduckgo.com] @22-09-2021 01:56:38.0354 AM
[ReportManager] Initial URL: [data:,] @22-09-2021 01:56:38.0393 AM
[ReportManager] Browser Action [NavigateToURL] successfully performed. With the following test data [https://duckduckgo.com]. @22-09-2021 01:56:38.0987 A

################################################################################################################################################
Starting Execution:	[63 out of 143] test cases in the current suite
Test Method:		[unitTests.tests_browserActions.navigateForward]
################################################################################################################################################
[ReportManager] Target URL: [https://www.google.com/ncr], and after redirection: [https://www.google.com] @22-09-2021 01:56:38.0992 AM
[ReportManager] Initial URL: [https://duckduckgo.com] @22-09-2021 01:56:39.0041 AM
[ReportManager] Browser Action [NavigateToURL] successfully performed. With the following test data [https://www.google.com/ncr]. @22-09-2021 01:56:39.0831 AM
[ReportManager] Browser Action [NavigateBack] successfully performed. With the following test data [https://duckduckgo.com/]. @22-09-2021 01:56:40.0138 AM
[ReportManager] Browser Action [NavigateForward] successfully performed. With the following test data [https://www.google.com/]. @22-09-2021 01:56:40.0548 A
[ReportManager] Target URL: [https://duckduckgo.com] @22-09-2021 01:56:40.0550 AM
[ReportManager] Initial URL: [https://www.google.com] @22-09-2021 01:56:40.0629 AM
[ReportManager] Browser Action [NavigateToURL] successfully performed. With the following test data [https://duckduckgo.com]. @22-09-2021 01:56:41.0056 AM
[ReportManager] Browser Action [CloseCurrentWindow] successfully performed. @22-09-2021 01:56:41.0155 AM
[ReportManager] Successfully created attachment [Browser Action Test Data - CloseCurrentWindow - Actual Value] @22-09-2021 01:56:41.0157 A
[ReportManager] File Action [GetAbsolutePath] successfully performed. With the following test data [Relative Folder Path: "target/downloadedFiles/"]. @22-09-2021 01:56:41.0161 AM
[ReportManager] Attempting to run remotely on: [Linux-64], [GoogleChrome], [http://localhost:4444/wd/hub], Headless Execution. @22-09-2021 01:56:41.0162 AM
[ReportManager] Successfully Opened [GoogleChrome]. @22-09-2021 01:56:41.0359 AM
[ReportManager] Target URL: [https://duckduckgo.com] @22-09-2021 01:56:41.0371 AM
[ReportManager] Initial URL: [data:,] @22-09-2021 01:56:41.0410 AM
[ReportManager] Browser Action [NavigateToURL] successfully performed. With the following test data [https://duckduckgo.com]. @22-09-2021 01:56:41.0969 A

################################################################################################################################################
Starting Execution:	[64 out of 143] test cases in the current suite
Test Method:		[unitTests.tests_browserActions.navigateToURL]
################################################################################################################################################
[ReportManager] Target URL: [https://duckduckgo.com] @22-09-2021 01:56:41.0974 AM
[ReportManager] Initial URL: [https://duckduckgo.com] @22-09-2021 01:56:42.0023 AM
[ReportManager] Browser Action [NavigateToURL] successfully performed. With the following test data [https://duckduckgo.com]. @22-09-2021 01:56:42.0313 A
[ReportManager] Target URL: [https://duckduckgo.com] @22-09-2021 01:56:42.0317 AM
[ReportManager] Initial URL: [https://duckduckgo.com] @22-09-2021 01:56:42.0367 AM
[ReportManager] Browser Action [NavigateToURL] successfully performed. With the following test data [https://duckduckgo.com]. @22-09-2021 01:56:42.0656 AM
[ReportManager] Browser Action [CloseCurrentWindow] successfully performed. @22-09-2021 01:56:42.0754 AM
[ReportManager] Successfully created attachment [Browser Action Test Data - CloseCurrentWindow - Actual Value] @22-09-2021 01:56:42.0755 A
[ReportManager] File Action [GetAbsolutePath] successfully performed. With the following test data [Relative Folder Path: "target/downloadedFiles/"]. @22-09-2021 01:56:42.0759 AM
[ReportManager] Attempting to run remotely on: [Linux-64], [GoogleChrome], [http://localhost:4444/wd/hub], Headless Execution. @22-09-2021 01:56:42.0759 AM
[ReportManager] Successfully Opened [GoogleChrome]. @22-09-2021 01:56:42.0948 AM
[ReportManager] Target URL: [https://duckduckgo.com] @22-09-2021 01:56:42.0958 AM
[ReportManager] Initial URL: [data:,] @22-09-2021 01:56:42.0993 AM
[ReportManager] Browser Action [NavigateToURL] successfully performed. With the following test data [https://duckduckgo.com]. @22-09-2021 01:56:43.0596 A

################################################################################################################################################
Starting Execution:	[65 out of 143] test cases in the current suite
Test Method:		[unitTests.tests_browserActions.navigateToURLWithRedirection]
################################################################################################################################################
[ReportManager] Target URL: [https://www.google.com/ncr], and after redirection: [https://www.google.com] @22-09-2021 01:56:43.0599 AM
[ReportManager] Initial URL: [https://duckduckgo.com] @22-09-2021 01:56:43.0648 AM
[ReportManager] Browser Action [NavigateToURL] successfully performed. With the following test data [https://www.google.com/ncr]. @22-09-2021 01:56:44.0434 A
[ReportManager] Target URL: [https://duckduckgo.com] @22-09-2021 01:56:44.0436 AM
[ReportManager] Initial URL: [https://www.google.com] @22-09-2021 01:56:44.0508 AM
[ReportManager] Browser Action [NavigateToURL] successfully performed. With the following test data [https://duckduckgo.com]. @22-09-2021 01:56:44.0962 AM
[ReportManager] Browser Action [CloseCurrentWindow] successfully performed. @22-09-2021 01:56:45.0057 AM
[ReportManager] Successfully created attachment [Browser Action Test Data - CloseCurrentWindow - Actual Value] @22-09-2021 01:56:45.0058 A
[ReportManager] File Action [GetAbsolutePath] successfully performed. With the following test data [Relative Folder Path: "target/downloadedFiles/"]. @22-09-2021 01:56:45.0060 AM
[ReportManager] Attempting to run remotely on: [Linux-64], [GoogleChrome], [http://localhost:4444/wd/hub], Headless Execution. @22-09-2021 01:56:45.0060 AM
[ReportManager] Successfully Opened [GoogleChrome]. @22-09-2021 01:56:45.0311 AM
[ReportManager] Target URL: [https://duckduckgo.com] @22-09-2021 01:56:45.0320 AM
[ReportManager] Initial URL: [data:,] @22-09-2021 01:56:45.0358 AM
[ReportManager] Browser Action [NavigateToURL] successfully performed. With the following test data [https://duckduckgo.com]. @22-09-2021 01:56:45.0954 A

################################################################################################################################################
Starting Execution:	[66 out of 143] test cases in the current suite
Test Method:		[unitTests.tests_browserActions.refreshCurrentPage]
################################################################################################################################################
[ReportManager] Browser Action [RefreshCurrentPage] successfully performed. @22-09-2021 01:56:46.0155 AM
[ReportManager] Successfully created attachment [Browser Action Test Data - RefreshCurrentPage - Actual Value] @22-09-2021 01:56:46.0156 A
[ReportManager] Target URL: [https://duckduckgo.com] @22-09-2021 01:56:46.0160 AM
[ReportManager] Initial URL: [https://duckduckgo.com] @22-09-2021 01:56:46.0221 AM
[ReportManager] Browser Action [NavigateToURL] successfully performed. With the following test data [https://duckduckgo.com]. @22-09-2021 01:56:46.0515 AM
[ReportManager] Browser Action [CloseCurrentWindow] successfully performed. @22-09-2021 01:56:46.0610 AM
[ReportManager] Successfully created attachment [Browser Action Test Data - CloseCurrentWindow - Actual Value] @22-09-2021 01:56:46.0611 A
[ReportManager] File Action [GetAbsolutePath] successfully performed. With the following test data [Relative Folder Path: "target/downloadedFiles/"]. @22-09-2021 01:56:46.0613 AM
[ReportManager] Attempting to run remotely on: [Linux-64], [GoogleChrome], [http://localhost:4444/wd/hub], Headless Execution. @22-09-2021 01:56:46.0614 AM
[ReportManager] Successfully Opened [GoogleChrome]. @22-09-2021 01:56:46.0799 AM
[ReportManager] Target URL: [https://duckduckgo.com] @22-09-2021 01:56:46.0816 AM
[ReportManager] Initial URL: [data:,] @22-09-2021 01:56:46.0856 AM
[ReportManager] Browser Action [NavigateToURL] successfully performed. With the following test data [https://duckduckgo.com]. @22-09-2021 01:56:47.0454 A

################################################################################################################################################
Starting Execution:	[67 out of 143] test cases in the current suite
Test Method:		[unitTests.tests_browserActions.setWindowSize]
################################################################################################################################################
[ReportManager] Initial window size: (800, 600) @22-09-2021 01:56:47.0460 AM
[ReportManager] Window size after SWD: (1280, 720) @22-09-2021 01:56:47.0676 AM
[ReportManager] Browser Action [SetWindowSize] successfully performed. With the following test data [New screen size is now: (1280, 720)]. @22-09-2021 01:56:47.0677 A
[ReportManager] Target URL: [https://duckduckgo.com] @22-09-2021 01:56:47.0681 AM
[ReportManager] Initial URL: [https://duckduckgo.com] @22-09-2021 01:56:47.0756 AM
[ReportManager] Browser Action [NavigateToURL] successfully performed. With the following test data [https://duckduckgo.com]. @22-09-2021 01:56:48.0092 AM
[ReportManager] Browser Action [CloseCurrentWindow] successfully performed. @22-09-2021 01:56:48.0198 AM
[ReportManager] Successfully created attachment [Browser Action Test Data - CloseCurrentWindow - Actual Value] @22-09-2021 01:56:48.0199 A
[ReportManager] Successfully loaded the following test data file [src/test/resources/TestDataFiles/testSuite01/TestData.xlsx]. @22-09-2021 01:56:48.0954 AM
[ReportManager] Successfully created attachment [Test Data - Excel] @22-09-2021 01:56:48.0954 A

################################################################################################################################################
Starting Execution:	[68 out of 143] test cases in the current suite
Test Method:		[unitTests.tests_io_excelFileManager.getCellData_rowName_expectedToPass]
################################################################################################################################################
[ReportManager] testRowData. @22-09-2021 01:56:48.0969 A
[ReportManager] Successfully loaded the following test data file [src/test/resources/TestDataFiles/testSuite01/TestData.xlsx]. @22-09-2021 01:56:49.0015 AM
[ReportManager] Successfully created attachment [Test Data - Excel] @22-09-2021 01:56:49.0016 AM
[ReportManager] File Action [GetAbsolutePath] successfully performed. With the following test data [Relative Folder Path: "target/downloadedFiles/"]. @22-09-2021 01:56:49.0016 AM
[ReportManager] Attempting to run remotely on: [Linux-64], [GoogleChrome], [http://localhost:4444/wd/hub], Headless Execution. @22-09-2021 01:56:49.0016 AM
[ReportManager] Successfully Opened [GoogleChrome]. @22-09-2021 01:56:49.0250 A

################################################################################################################################################
Starting Execution:	[69 out of 143] test cases in the current suite
Test Method:		[testPackage01.Test_google.navigateToURLandVerifyGoogleLogoIsDisplayed]
Test Description:	[TC001 - Navigate to URL and Verify Google Logo is Displayed]
################################################################################################################################################
[ReportManager] Target URL: [https://www.google.com/ncr], and after redirection: [https://www.google.com] @22-09-2021 01:56:49.0279 AM
[ReportManager] Initial URL: [data:,] @22-09-2021 01:56:49.0322 AM
[ReportManager] Browser Action [NavigateToURL] successfully performed. With the following test data [https://www.google.com/ncr]. @22-09-2021 01:56:50.0212 AM
[ReportManager] Loaded Shared OpenCV @22-09-2021 01:56:50.0411 AM
[ReportManager] Assertion [ValidateElementExists] PASSED. Expected [Element Should Exist, locator 'By.xpath: //*[@id='hplogo' or @alt='Google']'] and Actual [Element Exists]. Comparison Type [EQUALS]. Validation Type [POSITIVE]. @22-09-2021 01:56:50.0490 AM
[ReportManager] Successfully created attachment [Screenshot - 1632275810411_navigateToURLandVerifyGoogleLogoIsDisplayed_ValidateElementExists_passed] @22-09-2021 01:56:50.0491 A

################################################################################################################################################
Starting Execution:	[70 out of 143] test cases in the current suite
Test Method:		[testPackage01.Test_google.searchForQueryandAssertResultsNumDisplayed]
Test Description:	[TC002 - Search for Query and Assert that the number of results is displayed]
################################################################################################################################################
[ReportManager] Element Action [Type] successfully performed. With the following test data [SHAFT_Engine]. @22-09-2021 01:56:50.0851 AM
[ReportManager] Element Action [KeyPress] successfully performed. With the following test data [Enter]. @22-09-2021 01:56:52.0516 AM
[ReportManager] Element Action [GetText] successfully performed. With the following test data [About 793,000 results (0.84 seconds) ]. @22-09-2021 01:56:52.0604 AM
[ReportManager] Loaded Shared OpenCV @22-09-2021 01:56:52.0779 AM
[ReportManager] Assertion [ValidateElementAttribute] PASSED. Expected [Value Should not be '' for the 'Text' attribute, element locator 'By.id: appbar'] and Actual [About 793,000 results (0.84 seconds) ]. Comparison Type [EQUALS]. Validation Type [NEGATIVE]. @22-09-2021 01:56:52.0873 AM
[ReportManager] Successfully created attachment [Screenshot - 1632275812779_searchForQueryandAssertResultsNumDisplayed_ValidateElementAttribute_passed] @22-09-2021 01:56:52.0875 A

################################################################################################################################################
Starting Execution:	[71 out of 143] test cases in the current suite
Test Method:		[testPackage01.Test_google.clickNextThrice]
Test Description:	[TC003 - Clicks the next button to make sure that the framework can scroll element into view before clicking it]
################################################################################################################################################
[ReportManager] Element Action [Click] successfully performed. With the following test data [Next]. @22-09-2021 01:56:54.0635 A
[ReportManager] Browser Action [CloseCurrentWindow] successfully performed. @22-09-2021 01:56:54.0877 AM
[ReportManager] Successfully created attachment [Browser Action Test Data - CloseCurrentWindow - Actual Value] @22-09-2021 01:56:54.0884 A

################################################################################################################################################
Starting Execution:	[72 out of 143] test cases in the current suite
Test Method:		[testPackage01.Test_testData.f]
################################################################################################################################################
[ReportManager] Successfully loaded the following test data file [src/test/resources/TestDataFiles/testSuite01/TestData.xlsx]. @22-09-2021 01:56:54.0936 AM
[ReportManager] Successfully created attachment [Test Data - Excel] @22-09-2021 01:56:54.0942 AM
[ReportManager] Last Column Number is: [3]. Zero-based. @22-09-2021 01:56:54.0943 A

################################################################################################################################################
Starting Execution:	[73 out of 143] test cases in the current suite
Test Method:		[testPackage01.Test_JSONFileManager.readStringFromJson]
################################################################################################################################################
[ReportManager] Successfully loaded the following test data file [src/test/resources/TestDataFiles/simpleJSON.json]. @22-09-2021 01:56:54.0947 AM
[ReportManager] Successfully created attachment [Test Data - JSON] @22-09-2021 01:56:54.0947 AM
[ReportManager] Assertion [ValidateEquals] PASSED. Expected [Mohab Mohie] and Actual [Mohab Mohie]. Comparison Type [EQUALS]. Validation Type [POSITIVE]. @22-09-2021 01:56:54.0965 A
[ReportManager] File Action [GetAbsolutePath] successfully performed. With the following test data [Relative Folder Path: "target/downloadedFiles/"]. @22-09-2021 01:56:54.0974 AM
[ReportManager] Attempting to run remotely on: [Linux-64], [GoogleChrome], [http://localhost:4444/wd/hub], Headless Execution. @22-09-2021 01:56:54.0974 AM
[ReportManager] Successfully Opened [GoogleChrome]. @22-09-2021 01:56:55.0235 A

################################################################################################################################################
Starting Execution:	[74 out of 143] test cases in the current suite
Test Method:		[testPackage01.Test_dragAndDrop.dragAndDropJquery]
################################################################################################################################################
[ReportManager] Target URL: [https://jqueryui.com/resources/demos/droppable/default.html] @22-09-2021 01:56:55.0248 AM
[ReportManager] Initial URL: [data:,] @22-09-2021 01:56:55.0283 AM
[ReportManager] Browser Action [NavigateToURL] successfully performed. With the following test data [https://jqueryui.com/resources/demos/droppable/default.html]. @22-09-2021 01:56:55.0823 AM
[ReportManager] Element Action [GetText] successfully performed. With the following test data [Drop here]. @22-09-2021 01:56:55.0891 AM
[ReportManager] Element Action [DragAndDrop] successfully performed. With the following test data [Start point: (8, 18), End point: (8, 18)]. @22-09-2021 01:56:57.0249 AM
[ReportManager] Element Action [GetText] successfully performed. With the following test data [Dropped!]. @22-09-2021 01:56:57.0307 AM
[ReportManager] Assertion Passed: Checking to see if the text has changed after performing drag and drop @22-09-2021 01:56:57.0308 AM
[ReportManager] Assertion [ValidateEquals] PASSED. Expected [Drop here] and Actual [Dropped!]. Comparison Type [EQUALS]. Validation Type [NEGATIVE]. @22-09-2021 01:56:57.0308 A
[ReportManager] Browser Action [CloseCurrentWindow] successfully performed. @22-09-2021 01:56:57.0414 AM
[ReportManager] Successfully created attachment [Browser Action Test Data - CloseCurrentWindow - Actual Value] @22-09-2021 01:56:57.0414 A
[ReportManager] File Action [GetAbsolutePath] successfully performed. With the following test data [Relative Folder Path: "target/downloadedFiles/"]. @22-09-2021 01:56:57.0417 AM
[ReportManager] Attempting to run remotely on: [Linux-64], [GoogleChrome], [http://localhost:4444/wd/hub], Headless Execution. @22-09-2021 01:56:57.0417 AM
[ReportManager] Successfully Opened [GoogleChrome]. @22-09-2021 01:56:57.0598 A

################################################################################################################################################
Starting Execution:	[75 out of 143] test cases in the current suite
Test Method:		[testPackage01.Test_dragAndDrop.dragAndDrop]
Test Description:	[TC001 - Test Drag and Drop function.]
################################################################################################################################################
[ReportManager] Target URL: [http://the-internet.herokuapp.com/drag_and_drop] @22-09-2021 01:56:57.0613 AM
[ReportManager] Initial URL: [data:,] @22-09-2021 01:56:57.0650 AM
[ReportManager] Browser Action [NavigateToURL] successfully performed. With the following test data [http://the-internet.herokuapp.com/drag_and_drop]. @22-09-2021 01:56:58.0301 AM
[ReportManager] Attempting Drag and Drop @22-09-2021 01:56:58.0301 AM
[ReportManager] Element Action [DragAndDrop] successfully performed. With the following test data [Start point: (32, 89), End point: (247, 89)]. @22-09-2021 01:56:59.0476 A
[ReportManager] Browser Action [CloseCurrentWindow] successfully performed. @22-09-2021 01:56:59.0574 AM
[ReportManager] Successfully created attachment [Browser Action Test Data - CloseCurrentWindow - Actual Value] @22-09-2021 01:56:59.0575 A
[ReportManager] File Action [GetAbsolutePath] successfully performed. With the following test data [Relative Folder Path: "target/downloadedFiles/"]. @22-09-2021 01:56:59.0577 AM
[ReportManager] Attempting to run remotely on: [Linux-64], [GoogleChrome], [http://localhost:4444/wd/hub], Headless Execution. @22-09-2021 01:56:59.0577 AM
[ReportManager] Successfully Opened [GoogleChrome]. @22-09-2021 01:56:59.0755 A

################################################################################################################################################
Starting Execution:	[76 out of 143] test cases in the current suite
Test Method:		[testPackage01.Test_dragAndDrop.dragAndDropByOffset]
Test Description:	[TC002 - Test Drag and Drop by offset function.]
################################################################################################################################################
[ReportManager] Target URL: [https://jqueryui.com/resources/demos/draggable/default.html] @22-09-2021 01:56:59.0775 AM
[ReportManager] Initial URL: [data:,] @22-09-2021 01:56:59.0811 AM
[ReportManager] Browser Action [NavigateToURL] successfully performed. With the following test data [https://jqueryui.com/resources/demos/draggable/default.html]. @22-09-2021 01:57:00.0267 AM
[ReportManager] Element Action [DragAndDropByOffset] successfully performed. With the following test data [Start point: (8, 8), End point: (108, 58)]. @22-09-2021 01:57:00.0422 A
[ReportManager] Browser Action [CloseCurrentWindow] successfully performed. @22-09-2021 01:57:00.0508 AM
[ReportManager] Successfully created attachment [Browser Action Test Data - CloseCurrentWindow - Actual Value] @22-09-2021 01:57:00.0509 A
[ReportManager] File Action [GetAbsolutePath] successfully performed. With the following test data [Relative Folder Path: "target/downloadedFiles/"]. @22-09-2021 01:57:00.0511 AM
[ReportManager] Attempting to run remotely on: [Linux-64], [GoogleChrome], [http://localhost:4444/wd/hub], Headless Execution. @22-09-2021 01:57:00.0511 AM
[ReportManager] Successfully Opened [GoogleChrome]. @22-09-2021 01:57:00.0697 A

################################################################################################################################################
Starting Execution:	[77 out of 143] test cases in the current suite
Test Method:		[testPackage01.Test_verifyEquals.test_assertElementAttribute]
################################################################################################################################################
[ReportManager] Target URL: [https://www.google.com/ncr], and after redirection: [https://www.google.com] @22-09-2021 01:57:00.0709 AM
[ReportManager] Initial URL: [data:,] @22-09-2021 01:57:00.0747 AM
[ReportManager] Browser Action [NavigateToURL] successfully performed. With the following test data [https://www.google.com/ncr]. @22-09-2021 01:57:01.0644 AM
[ReportManager] Element Action [Type] successfully performed. With the following test data [INC_004010050:Another SCHEDULER with the same name [Duplicate Job Name] already exists.]. @22-09-2021 01:57:02.0273 AM
[ReportManager] Element Action [GetText] successfully performed. With the following test data [INC_004010050:Another SCHEDULER with the same name [Duplicate Job Name] already exists.]. @22-09-2021 01:57:02.0363 AM
[ReportManager] Loaded Shared OpenCV @22-09-2021 01:57:02.0493 AM
[ReportManager] Verification [ValidateElementAttribute] PASSED. Expected [Value Should be 'INC_004010050:Another SCHEDULER with the same name \[Duplicate Job Name\] already exists.' for the 'text' attribute, element locator 'By.name: q'] and Actual [INC_004010050:Another SCHEDULER with the same name [Duplicate Job Name] already exists.]. Comparison Type [MATCHES]. Validation Type [POSITIVE]. @22-09-2021 01:57:02.0573 AM
[ReportManager] Successfully created attachment [Screenshot - 1632275822493_test_assertElementAttribute_ValidateElementAttribute_passed] @22-09-2021 01:57:02.0574 A
[ReportManager] Browser Action [CloseCurrentWindow] successfully performed. @22-09-2021 01:57:02.0697 AM
[ReportManager] Successfully created attachment [Browser Action Test Data - CloseCurrentWindow - Actual Value] @22-09-2021 01:57:02.0698 A
[ReportManager] Successfully loaded the following test data file [src/test/resources/TestDataFiles/testSuite01/TestData.xlsx]. @22-09-2021 01:57:02.0725 AM
[ReportManager] Successfully created attachment [Test Data - Excel] @22-09-2021 01:57:02.0726 AM
[ReportManager] Attempting to run using Playwright locally on: [Linux-64], [GoogleChrome], Headless Execution. @22-09-2021 01:57:20.0357 AM
[ReportManager] File Action [GetAbsolutePath] successfully performed. With the following test data [Relative Folder Path: "target/downloadedFiles/"]. @22-09-2021 01:57:20.0358 AM
[ReportManager] Initial window size: (1280, 720) @22-09-2021 01:57:20.0745 AM
[ReportManager] Window size after Toolkit: com.microsoft.playwright.options.ViewportSize@7b10299c @22-09-2021 01:57:20.0749 AM
[ReportManager] Browser Action [MaximizeWindow] successfully performed. With the following test data [New screen size is now: (1920, 1080)]. @22-09-2021 01:57:20.0750 A

################################################################################################################################################
Starting Execution:	[78 out of 143] test cases in the current suite
Test Method:		[testPackage01.Test_google_playwright.navigateToURLandVerifyGoogleLogoIsDisplayed]
Test Description:	[TC001 - Navigate to URL and Verify Google Logo is Displayed]
################################################################################################################################################
[ReportManager] Target URL: [https://www.google.com/ncr], and after redirection: [https://www.google.com] @22-09-2021 01:57:20.0753 AM
[ReportManager] Initial URL: [about:blank] @22-09-2021 01:57:21.0223 AM
[ReportManager] Browser Action [NavigateToURL] successfully performed. With the following test data [https://www.google.com/ncr]. @22-09-2021 01:57:22.0416 AM
[ReportManager] Loaded Shared OpenCV @22-09-2021 01:57:22.0633 AM
[ReportManager] Assertion [ValidateElementExists] PASSED. Expected [Element Should Exist, locator 'xpath=//*[@id='hplogo' or @alt='Google']'] and Actual [Element Exists]. Comparison Type [EQUALS]. Validation Type [POSITIVE]. @22-09-2021 01:57:22.0862 AM
[ReportManager] Successfully created attachment [Screenshot - 1632275842629_navigateToURLandVerifyGoogleLogoIsDisplayed_ValidateElementExists_passed] @22-09-2021 01:57:22.0864 A

################################################################################################################################################
Starting Execution:	[79 out of 143] test cases in the current suite
Test Method:		[testPackage01.Test_google_playwright.searchForQueryandAssertResultsNumDisplayed]
Test Description:	[TC002 - Search for Query and Assert that the number of results is displayed]
################################################################################################################################################
[ReportManager] Element Action [Type] successfully performed. With the following test data [SHAFT_Engine]. @22-09-2021 01:57:23.0168 AM
[ReportManager] Element Action [KeyPress] successfully performed. With the following test data [Enter]. @22-09-2021 01:57:23.0204 AM
[ReportManager] Element Action [GetText] successfully performed. With the following test data [About 793,000 results (0.76 seconds)]. @22-09-2021 01:57:24.0151 AM
[ReportManager] Loaded Shared OpenCV @22-09-2021 01:57:25.0717 AM
[ReportManager] Assertion [ValidateElementAttribute] PASSED. Expected [Value Should not be '' for the 'text' attribute, element locator 'xpath=//div[@id='appbar']'] and Actual [About 793,000 results (0.76 seconds)]. Comparison Type [EQUALS]. Validation Type [NEGATIVE]. @22-09-2021 01:57:25.0995 AM
[ReportManager] Successfully created attachment [Screenshot - 1632275845716_searchForQueryandAssertResultsNumDisplayed_ValidateElementAttribute_passed] @22-09-2021 01:57:25.0997 A

################################################################################################################################################
Starting Execution:	[80 out of 143] test cases in the current suite
Test Method:		[testPackage01.Test_google_playwright.clickNextThrice]
Test Description:	[TC003 - Clicks the next button to make sure that the framework can scroll element into view before clicking it]
################################################################################################################################################
[ReportManager] Element Action [Click] successfully performed. With the following test data [Next]. @22-09-2021 01:57:26.0242 A
[ReportManager] Failed to find video recording. @22-09-2021 01:57:26.0246 AM
[ReportManager] Successfully Closed PlayWright Driver. @22-09-2021 01:57:26.0302 A

################################################################################################################################################
Starting Execution:	[81 out of 143] test cases in the current suite
Test Method:		[testPackage01.Test_JsonActions.f]
###############################################################################################################################################

################################################################################################################################################
Starting Execution:	[82 out of 143] test cases in the current suite
Test Method:		[testPackage01.Test_JsonActions.f2]
###############################################################################################################################################

################################################################################################################################################
Starting Execution:	[83 out of 143] test cases in the current suite
Test Method:		[testPackage01.Test_AssertApiResponseEquals.assertApiResponseEquals_expectedToPass]
################################################################################################################################################
[ReportManager] Response status code: [200], status line: [HTTP/1.1 200 OK] @22-09-2021 01:57:26.0402 AM
[ReportManager] Assertion Passed: Evaluating the actual response status code against the expected one... @22-09-2021 01:57:26.0402 AM
[ReportManager] Assertion [ValidateEquals] PASSED. Expected [200] and Actual [200]. Comparison Type [EQUALS]. Validation Type [POSITIVE]. @22-09-2021 01:57:26.0407 AM
[ReportManager] API Action [PerformRequest] successfully performed. With the following test data [Request Type: "GET" | Target Status Code: "200" | Service URL: "https://jsonplaceholder.typicode.com/users" | Content Type: "*/*" | Response Time: "73ms"]. @22-09-2021 01:57:26.0423 AM
[ReportManager] Successfully created attachment [API Request - Specifications] @22-09-2021 01:57:26.0424 AM
[ReportManager] Successfully created attachment [API Response - JSON Body] @22-09-2021 01:57:26.0424 AM
[ReportManager] API Action [GetResponseJSONValueAsList] successfully performed. With the following test data [$]. @22-09-2021 01:57:26.0428 AM
[ReportManager] API Action [GetResponseJSONValue] successfully performed. With the following test data [name]. @22-09-2021 01:57:26.0438 AM
[ReportManager] API Action [GetResponseJSONValue] successfully performed. With the following test data [email]. @22-09-2021 01:57:26.0449 AM
[ReportManager] Verification [ValidateEquals] PASSED. Expected [Sincere@april.biz] and Actual [Sincere@april.biz]. Comparison Type [EQUALS]. Validation Type [POSITIVE]. @22-09-2021 01:57:26.0449 AM
[ReportManager] API Action [GetResponseJSONValue] successfully performed. With the following test data [username]. @22-09-2021 01:57:26.0458 AM
[ReportManager] Assertion [ValidateEquals] PASSED. Expected [Bret] and Actual [Bret]. Comparison Type [EQUALS]. Validation Type [POSITIVE]. @22-09-2021 01:57:26.0458 AM
[ReportManager] API Action [GetResponseJSONValue] successfully performed. With the following test data [name]. @22-09-2021 01:57:26.0469 AM
[ReportManager] API Action [GetResponseJSONValue] successfully performed. With the following test data [name]. @22-09-2021 01:57:26.0477 AM
[ReportManager] API Action [GetResponseJSONValue] successfully performed. With the following test data [name]. @22-09-2021 01:57:26.0485 AM
[ReportManager] API Action [GetResponseJSONValue] successfully performed. With the following test data [name]. @22-09-2021 01:57:26.0492 AM
[ReportManager] API Action [GetResponseJSONValue] successfully performed. With the following test data [name]. @22-09-2021 01:57:26.0501 AM
[ReportManager] API Action [GetResponseJSONValue] successfully performed. With the following test data [name]. @22-09-2021 01:57:26.0513 AM
[ReportManager] API Action [GetResponseJSONValue] successfully performed. With the following test data [name]. @22-09-2021 01:57:26.0523 AM
[ReportManager] API Action [GetResponseJSONValue] successfully performed. With the following test data [name]. @22-09-2021 01:57:26.0538 AM
[ReportManager] API Action [GetResponseJSONValue] successfully performed. With the following test data [name]. @22-09-2021 01:57:26.0575 A
[ReportManager] File Action [GetAbsolutePath] successfully performed. With the following test data [Relative Folder Path: "target/downloadedFiles/"]. @22-09-2021 01:57:26.0586 AM
[ReportManager] Attempting to run remotely on: [Linux-64], [GoogleChrome], [http://localhost:4444/wd/hub], Headless Execution. @22-09-2021 01:57:26.0586 AM
[ReportManager] Successfully Opened [GoogleChrome]. @22-09-2021 01:57:26.0892 A

################################################################################################################################################
Starting Execution:	[84 out of 143] test cases in the current suite
Test Method:		[testPackage01.Test_ShadowDOM.shadowdom]
################################################################################################################################################
[ReportManager] Target URL: [https://mdn.github.io/web-components-examples/popup-info-box-web-component/] @22-09-2021 01:57:26.0906 AM
[ReportManager] Initial URL: [data:,] @22-09-2021 01:57:26.0949 AM
[ReportManager] Browser Action [NavigateToURL] successfully performed. With the following test data [https://mdn.github.io/web-components-examples/popup-info-box-web-component/]. @22-09-2021 01:57:27.0302 AM
[ReportManager] Element Action [Type] successfully performed. With the following test data [Typing into SHADOW DOM...]. @22-09-2021 01:57:27.0585 AM
[ReportManager] Element Action [GetText] successfully performed. With the following test data [Typing into SHADOW DOM...]. @22-09-2021 01:57:27.0696 AM
[ReportManager] Loaded Shared OpenCV @22-09-2021 01:57:27.0821 AM
[ReportManager] Assertion [ValidateElementAttribute] PASSED. Expected [Value Should be 'Typing into SHADOW DOM...' for the 'Text' attribute, element locator 'By.id: cvc'] and Actual [Typing into SHADOW DOM...]. Comparison Type [EQUALS]. Validation Type [POSITIVE]. @22-09-2021 01:57:27.0897 AM
[ReportManager] Successfully created attachment [Screenshot - 1632275847821_shadowdom_ValidateElementAttribute_passed] @22-09-2021 01:57:27.0897 A
[ReportManager] Browser Action [CloseCurrentWindow] successfully performed. @22-09-2021 01:57:27.0983 AM
[ReportManager] Successfully created attachment [Browser Action Test Data - CloseCurrentWindow - Actual Value] @22-09-2021 01:57:27.0983 A

################################################################################################################################################
Starting Execution:	[85 out of 143] test cases in the current suite
Test Method:		[testPackage01.Test_SelectedValue.multipleSelect]
################################################################################################################################################
[ReportManager] File Action [GetAbsolutePath] successfully performed. With the following test data [Relative Folder Path: "target/downloadedFiles/"]. @22-09-2021 01:57:27.0991 AM
[ReportManager] Attempting to run remotely on: [Linux-64], [GoogleChrome], [http://localhost:4444/wd/hub], Headless Execution. @22-09-2021 01:57:27.0991 AM
[ReportManager] Successfully Opened [GoogleChrome]. @22-09-2021 01:57:28.0181 AM
[ReportManager] Target URL: [https://yari-demos.prod.mdn.mozit.cloud/en-US/docs/Web/HTML/Element/select/_sample_.Advanced_select_with_multiple_features.html] @22-09-2021 01:57:28.0205 AM
[ReportManager] Initial URL: [data:,] @22-09-2021 01:57:28.0244 AM
[ReportManager] Browser Action [NavigateToURL] successfully performed. With the following test data [https://yari-demos.prod.mdn.mozit.cloud/en-US/docs/Web/HTML/Element/select/_sample_.Advanced_select_with_multiple_features.html]. @22-09-2021 01:57:28.0584 AM
[ReportManager] Element Action [Select] successfully performed. With the following test data [Dog]. @22-09-2021 01:57:28.0804 AM
[ReportManager] Element Action [Select] successfully performed. With the following test data [Cat]. @22-09-2021 01:57:29.0002 AM
[ReportManager] Element Action [GetSelectedText] successfully performed. With the following test data [DogCat]. @22-09-2021 01:57:29.0129 AM
[ReportManager] DogCat @22-09-2021 01:57:29.0129 AM
[ReportManager] Element Action [GetSelectedText] successfully performed. With the following test data [DogCat]. @22-09-2021 01:57:29.0262 AM
[ReportManager] Loaded Shared OpenCV @22-09-2021 01:57:29.0384 AM
[ReportManager] Assertion [ValidateElementAttribute] PASSED. Expected [Value Should be 'DogCat' for the 'selectedText' attribute, element locator 'By.tagName: select'] and Actual [DogCat]. Comparison Type [EQUALS]. Validation Type [POSITIVE]. @22-09-2021 01:57:29.0460 AM
[ReportManager] Successfully created attachment [Screenshot - 1632275849384_multipleSelect_ValidateElementAttribute_passed] @22-09-2021 01:57:29.0461 AM
[ReportManager] Browser Action [CloseCurrentWindow] successfully performed. @22-09-2021 01:57:29.0556 AM
[ReportManager] Successfully created attachment [Browser Action Test Data - CloseCurrentWindow - Actual Value] @22-09-2021 01:57:29.0556 A

################################################################################################################################################
Starting Execution:	[86 out of 143] test cases in the current suite
Test Method:		[testPackage01.Test_SelectedValue.simpleSelect]
################################################################################################################################################
[ReportManager] File Action [GetAbsolutePath] successfully performed. With the following test data [Relative Folder Path: "target/downloadedFiles/"]. @22-09-2021 01:57:29.0566 AM
[ReportManager] Attempting to run remotely on: [Linux-64], [GoogleChrome], [http://localhost:4444/wd/hub], Headless Execution. @22-09-2021 01:57:29.0566 AM
[ReportManager] Successfully Opened [GoogleChrome]. @22-09-2021 01:57:29.0785 AM
[ReportManager] Target URL: [https://yari-demos.prod.mdn.mozit.cloud/en-US/docs/Web/HTML/Element/select/_sample_.Basic_select.html] @22-09-2021 01:57:29.0802 AM
[ReportManager] Initial URL: [data:,] @22-09-2021 01:57:29.0842 AM
[ReportManager] Browser Action [NavigateToURL] successfully performed. With the following test data [https://yari-demos.prod.mdn.mozit.cloud/en-US/docs/Web/HTML/Element/select/_sample_.Basic_select.html]. @22-09-2021 01:57:30.0112 AM
[ReportManager] Element Action [Select] successfully performed. With the following test data [Third Value]. @22-09-2021 01:57:30.0432 AM
[ReportManager] Element Action [GetSelectedText] successfully performed. With the following test data [Third Value]. @22-09-2021 01:57:30.0542 AM
[ReportManager] Third Value @22-09-2021 01:57:30.0542 AM
[ReportManager] Element Action [GetSelectedText] successfully performed. With the following test data [Third Value]. @22-09-2021 01:57:30.0634 AM
[ReportManager] Loaded Shared OpenCV @22-09-2021 01:57:30.0747 AM
[ReportManager] Assertion [ValidateElementAttribute] PASSED. Expected [Value Should be 'Third Value' for the 'selectedText' attribute, element locator 'By.tagName: select'] and Actual [Third Value]. Comparison Type [EQUALS]. Validation Type [POSITIVE]. @22-09-2021 01:57:30.0829 AM
[ReportManager] Successfully created attachment [Screenshot - 1632275850747_simpleSelect_ValidateElementAttribute_passed] @22-09-2021 01:57:30.0829 AM
[ReportManager] Browser Action [CloseCurrentWindow] successfully performed. @22-09-2021 01:57:30.0910 AM
[ReportManager] Successfully created attachment [Browser Action Test Data - CloseCurrentWindow - Actual Value] @22-09-2021 01:57:30.0910 A
[ReportManager] File Action [GetAbsolutePath] successfully performed. With the following test data [Relative Folder Path: "target/downloadedFiles/"]. @22-09-2021 01:57:30.0914 AM
[ReportManager] Attempting to run remotely on: [Linux-64], [GoogleChrome], [http://localhost:4444/wd/hub], Headless Execution. @22-09-2021 01:57:30.0914 AM
[ReportManager] Successfully Opened [GoogleChrome]. @22-09-2021 01:57:31.0125 A

################################################################################################################################################
Starting Execution:	[87 out of 143] test cases in the current suite
Test Method:		[testPackage01.Test_IsElementClickable.testIsElementClickable]
################################################################################################################################################
[ReportManager] Target URL: [https://the-internet.herokuapp.com/] @22-09-2021 01:57:31.0143 AM
[ReportManager] Initial URL: [data:,] @22-09-2021 01:57:31.0185 AM
[ReportManager] Browser Action [NavigateToURL] successfully performed. With the following test data [https://the-internet.herokuapp.com/]. @22-09-2021 01:57:31.0929 AM
[ReportManager] Element Action [IsElementClickable] successfully performed. @22-09-2021 01:57:32.0076 AM
[ReportManager] Assertion [ValidateTrue] PASSED. Expected [TRUE] and Actual [TRUE]. Validation Type [POSITIVE]. @22-09-2021 01:57:32.0076 A
[ReportManager] Browser Action [CloseCurrentWindow] successfully performed. @22-09-2021 01:57:32.0167 AM
[ReportManager] Successfully created attachment [Browser Action Test Data - CloseCurrentWindow - Actual Value] @22-09-2021 01:57:32.0167 A
[ReportManager] File Action [GetAbsolutePath] successfully performed. With the following test data [Relative Folder Path: "target/downloadedFiles/"]. @22-09-2021 01:57:32.0169 AM
[ReportManager] Attempting to run remotely on: [Linux-64], [GoogleChrome], [http://localhost:4444/wd/hub], Headless Execution. @22-09-2021 01:57:32.0169 AM
[ReportManager] Successfully Opened [GoogleChrome]. @22-09-2021 01:57:32.0361 A

################################################################################################################################################
Starting Execution:	[88 out of 143] test cases in the current suite
Test Method:		[testPackage01.Test_clipboardActions.typeTextAndCopyPaste]
################################################################################################################################################
[ReportManager] Target URL: [https://www.google.com/ncr], and after redirection: [https://www.google.com] @22-09-2021 01:57:32.0372 AM
[ReportManager] Initial URL: [data:,] @22-09-2021 01:57:32.0442 AM
[ReportManager] Browser Action [NavigateToURL] successfully performed. With the following test data [https://www.google.com/ncr]. @22-09-2021 01:57:33.0254 AM
[ReportManager] Element Action [Type] successfully performed. With the following test data [FIRST]. @22-09-2021 01:57:33.0548 AM
[ReportManager] Element Action [ClipboardActions] successfully performed. With the following test data [select all]. @22-09-2021 01:57:33.0611 AM
[ReportManager] Element Action [ClipboardActions] successfully performed. With the following test data [copy]. @22-09-2021 01:57:33.0664 AM
[ReportManager] Element Action [ClipboardActions] successfully performed. With the following test data [unselect]. @22-09-2021 01:57:33.0718 AM
[ReportManager] Element Action [ClipboardActions] successfully performed. With the following test data [paste]. @22-09-2021 01:57:33.0765 AM
[ReportManager] Element Action [ClipboardActions] successfully performed. With the following test data [select all]. @22-09-2021 01:57:33.0819 AM
[ReportManager] Element Action [Type] successfully performed. @22-09-2021 01:57:34.0017 AM
[ReportManager] Element Action [ClipboardActions] successfully performed. With the following test data [cut]. @22-09-2021 01:57:34.0018 AM
[ReportManager] Element Action [ClipboardActions] successfully performed. With the following test data [paste]. @22-09-2021 01:57:34.0122 AM
[ReportManager] Element Action [ClipboardActions] successfully performed. With the following test data [paste]. @22-09-2021 01:57:34.0181 A
[ReportManager] Browser Action [CloseCurrentWindow] successfully performed. @22-09-2021 01:57:34.0339 AM
[ReportManager] Successfully created attachment [Browser Action Test Data - CloseCurrentWindow - Actual Value] @22-09-2021 01:57:34.0339 A
[ReportManager] File Action [GetAbsolutePath] successfully performed. With the following test data [Relative Folder Path: "target/downloadedFiles/"]. @22-09-2021 01:57:34.0341 AM
[ReportManager] Attempting to run remotely on: [Linux-64], [GoogleChrome], [http://localhost:4444/wd/hub], Headless Execution. @22-09-2021 01:57:34.0341 AM
[ReportManager] Successfully Opened [GoogleChrome]. @22-09-2021 01:57:34.0547 A

################################################################################################################################################
Starting Execution:	[89 out of 143] test cases in the current suite
Test Method:		[testPackage01.Test_dynamicLoading.dynamicLoading_elementIsHidden]
################################################################################################################################################
[ReportManager] Target URL: [https://the-internet.herokuapp.com/dynamic_loading/1] @22-09-2021 01:57:34.0558 AM
[ReportManager] Initial URL: [data:,] @22-09-2021 01:57:34.0597 AM
[ReportManager] Browser Action [NavigateToURL] successfully performed. With the following test data [https://the-internet.herokuapp.com/dynamic_loading/1]. @22-09-2021 01:57:35.0311 AM
[ReportManager] Element Action [Click] successfully performed. With the following test data [Start]. @22-09-2021 01:57:35.0590 AM
[ReportManager] Element Action [GetText] successfully performed. With the following test data [
    Hello World!
  ]. @22-09-2021 01:57:35.0677 AM
[ReportManager] Loaded Shared OpenCV @22-09-2021 01:57:35.0828 AM
[ReportManager] Assertion [ValidateElementAttribute] PASSED. Expected [Value Should be 'Hello World!' for the 'text' attribute, element locator 'By.id: finish'] and Actual [
    Hello World!
  ]. Comparison Type [CONTAINS]. Validation Type [POSITIVE]. @22-09-2021 01:57:35.0905 AM
[ReportManager] Successfully created attachment [Screenshot - 1632275855828_dynamicLoading_elementIsHidden_ValidateElementAttribute_passed] @22-09-2021 01:57:35.0906 A
[ReportManager] Browser Action [CloseCurrentWindow] successfully performed. @22-09-2021 01:57:35.0994 AM
[ReportManager] Successfully created attachment [Browser Action Test Data - CloseCurrentWindow - Actual Value] @22-09-2021 01:57:35.0994 A
[ReportManager] File Action [GetAbsolutePath] successfully performed. With the following test data [Relative Folder Path: "target/downloadedFiles/"]. @22-09-2021 01:57:35.0997 AM
[ReportManager] Attempting to run remotely on: [Linux-64], [GoogleChrome], [http://localhost:4444/wd/hub], Headless Execution. @22-09-2021 01:57:35.0997 AM
[ReportManager] Successfully Opened [GoogleChrome]. @22-09-2021 01:57:36.0189 A

################################################################################################################################################
Starting Execution:	[90 out of 143] test cases in the current suite
Test Method:		[testPackage01.Test_dynamicLoading.dynamicLoading_elementIsRendered]
################################################################################################################################################
[ReportManager] Target URL: [https://the-internet.herokuapp.com/dynamic_loading/2] @22-09-2021 01:57:36.0204 AM
[ReportManager] Initial URL: [data:,] @22-09-2021 01:57:36.0244 AM
[ReportManager] Browser Action [NavigateToURL] successfully performed. With the following test data [https://the-internet.herokuapp.com/dynamic_loading/2]. @22-09-2021 01:57:36.0940 AM
[ReportManager] Element Action [Click] successfully performed. With the following test data [Start]. @22-09-2021 01:57:37.0223 AM
[ReportManager] Element Action [GetText] successfully performed. With the following test data [Hello World!]. @22-09-2021 01:57:42.0375 AM
[ReportManager] Loaded Shared OpenCV @22-09-2021 01:57:42.0494 AM
[ReportManager] Assertion [ValidateElementAttribute] PASSED. Expected [Value Should be 'Hello World!' for the 'text' attribute, element locator 'By.id: finish'] and Actual [Hello World!]. Comparison Type [CONTAINS]. Validation Type [POSITIVE]. @22-09-2021 01:57:42.0569 AM
[ReportManager] Successfully created attachment [Screenshot - 1632275862493_dynamicLoading_elementIsRendered_ValidateElementAttribute_passed] @22-09-2021 01:57:42.0569 A
[ReportManager] Browser Action [CloseCurrentWindow] successfully performed. @22-09-2021 01:57:42.0667 AM
[ReportManager] Successfully created attachment [Browser Action Test Data - CloseCurrentWindow - Actual Value] @22-09-2021 01:57:42.0668 A

################################################################################################################################################
Starting Execution:	[91 out of 143] test cases in the current suite
Test Method:		[testPackage01.Test_JsonCompareWithSpecialCharacters.specialCharacters]
################################################################################################################################################
[ReportManager] File Action [GetAbsolutePath] successfully performed. With the following test data [Relative Folder Path: "src/test/resources/TestJsonFiles/specialCharacters.json"]. @22-09-2021 01:57:42.0675 AM
[ReportManager] File Action [ReadFromFile] successfully performed. With the following test data [File Path: "/home/runner/work/SHAFT_ENGINE/SHAFT_ENGINE/src/test/resources/TestJsonFiles/specialCharacters.json"]. @22-09-2021 01:57:42.0682 AM
[ReportManager] Successfully created attachment [File Action Actual Result - Command Log] @22-09-2021 01:57:42.0682 AM
[ReportManager] Comparing the provided API response with the file at this path "src/test/resources/TestJsonFiles/specialCharacters.json", comparison type "EQUALS" @22-09-2021 01:57:42.0683 AM
[ReportManager] API Action [CompareJSON] successfully performed. With the following test data [src/test/resources/TestJsonFiles/specialCharacters.json]. @22-09-2021 01:57:42.0699 AM
[ReportManager] File Action [GetAbsolutePath] successfully performed. With the following test data [Relative Folder Path: "src/test/resources/TestJsonFiles/specialCharacters.json"]. @22-09-2021 01:57:42.0699 AM
[ReportManager] File Action [ReadFromFile] successfully performed. With the following test data [File Path: "/home/runner/work/SHAFT_ENGINE/SHAFT_ENGINE/src/test/resources/TestJsonFiles/specialCharacters.json"]. @22-09-2021 01:57:42.0700 AM
[ReportManager] Verification [ValidateJSONFileContent] PASSED. Expected [Response data should match the JSON File in this path 'src/test/resources/TestJsonFiles/specialCharacters.json'] and Actual [TRUE]. Comparison Type [EQUALS]. Validation Type [POSITIVE]. @22-09-2021 01:57:42.0711 AM
[ReportManager] Successfully created attachment [Validation Test Data - Expected JSON Value] @22-09-2021 01:57:42.0711 AM
[ReportManager] Successfully created attachment [Validation Test Data - Actual JSON Value] @22-09-2021 01:57:42.0712 A

################################################################################################################################################
Starting Execution:	[92 out of 143] test cases in the current suite
Test Method:		[testPackage01.Test_JsonCompareWithSpecialCharacters.specialCharacters_assertion]
################################################################################################################################################
[ReportManager] File Action [GetAbsolutePath] successfully performed. With the following test data [Relative Folder Path: "src/test/resources/TestJsonFiles/specialCharacters.json"]. @22-09-2021 01:57:42.0716 AM
[ReportManager] File Action [ReadFromFile] successfully performed. With the following test data [File Path: "/home/runner/work/SHAFT_ENGINE/SHAFT_ENGINE/src/test/resources/TestJsonFiles/specialCharacters.json"]. @22-09-2021 01:57:42.0716 AM
[ReportManager] Successfully created attachment [File Action Actual Result - Command Log] @22-09-2021 01:57:42.0716 AM
[ReportManager] Comparing the provided API response with the file at this path "src/test/resources/TestJsonFiles/specialCharacters.json", comparison type "CONTAINS" @22-09-2021 01:57:42.0717 AM
[ReportManager] API Action [CompareJSON] successfully performed. With the following test data [src/test/resources/TestJsonFiles/specialCharacters.json]. @22-09-2021 01:57:42.0737 AM
[ReportManager] File Action [GetAbsolutePath] successfully performed. With the following test data [Relative Folder Path: "src/test/resources/TestJsonFiles/specialCharacters.json"]. @22-09-2021 01:57:42.0737 AM
[ReportManager] File Action [ReadFromFile] successfully performed. With the following test data [File Path: "/home/runner/work/SHAFT_ENGINE/SHAFT_ENGINE/src/test/resources/TestJsonFiles/specialCharacters.json"]. @22-09-2021 01:57:42.0738 AM
[ReportManager] Assertion Passed: trying out the log message @22-09-2021 01:57:42.0745 AM
[ReportManager] Successfully created attachment [Validation Test Data - Expected JSON Value] @22-09-2021 01:57:42.0745 AM
[ReportManager] Successfully created attachment [Validation Test Data - Actual JSON Value] @22-09-2021 01:57:42.0745 AM
[ReportManager] Assertion [ValidateJSONFileContent] PASSED. Expected [Response data should match the JSON File in this path 'src/test/resources/TestJsonFiles/specialCharacters.json'] and Actual [TRUE]. Comparison Type [CONTAINS]. Validation Type [POSITIVE]. @22-09-2021 01:57:42.0745 A
[ReportManager] File Action [GetAbsolutePath] successfully performed. With the following test data [Relative Folder Path: "target/downloadedFiles/"]. @22-09-2021 01:57:42.0747 AM
[ReportManager] Attempting to run remotely on: [Linux-64], [GoogleChrome], [http://localhost:4444/wd/hub], Headless Execution. @22-09-2021 01:57:42.0748 AM
[ReportManager] Successfully Opened [GoogleChrome]. @22-09-2021 01:57:42.0956 A

################################################################################################################################################
Starting Execution:	[93 out of 143] test cases in the current suite
Test Method:		[testPackage01.Test_uploadFile.uploadFile_invisibleUploadInput]
################################################################################################################################################
[ReportManager] Target URL: [https://fineuploader.com/demos.html#gallery-view] @22-09-2021 01:57:42.0977 AM
[ReportManager] Initial URL: [data:,] @22-09-2021 01:57:43.0012 AM
[ReportManager] Browser Action [NavigateToURL] successfully performed. With the following test data [https://fineuploader.com/demos.html#gallery-view]. @22-09-2021 01:57:44.0708 AM
[ReportManager] File Action [GetAbsolutePath] successfully performed. With the following test data [Relative File Path: "src/main/resources/images/shaft.png"]. @22-09-2021 01:57:44.0708 AM
[ReportManager] Successfully created attachment [File Action Actual Result - Command Log] @22-09-2021 01:57:44.0709 AM
[ReportManager] Element Action [TypeFileLocationForUpload] successfully performed. With the following test data [/home/runner/work/SHAFT_ENGINE/SHAFT_ENGINE/src/main/resources/images/shaft.png]. @22-09-2021 01:57:44.0890 AM
[ReportManager] Attempting to getAttribute [src] from elementLocator [By.xpath: //div[@id='fine-uploader-gallery']//div[@class='qq-thumbnail-wrapper']/img]. @22-09-2021 01:57:44.0890 AM
[ReportManager] Element Action [GetAttribute] successfully performed. @22-09-2021 01:57:44.0985 AM
[ReportManager] Successfully created attachment [Element Action Test Data - GetAttribute - Actual Value] @22-09-2021 01:57:44.0986 AM
[ReportManager] Loaded Shared OpenCV @22-09-2021 01:57:45.0115 AM
[ReportManager] Assertion [ValidateElementAttribute] PASSED. Expected and Actual values are attached. Comparison Type [CONTAINS]. Validation Type [POSITIVE]. @22-09-2021 01:57:45.0197 AM
[ReportManager] Successfully created attachment [Validation Test Data - Expected Value] @22-09-2021 01:57:45.0197 AM
[ReportManager] Successfully created attachment [Validation Test Data - Actual Value] @22-09-2021 01:57:45.0198 AM
[ReportManager] Successfully created attachment [Screenshot - 1632275865115_uploadFile_invisibleUploadInput_ValidateElementAttribute_passed] @22-09-2021 01:57:45.0199 A
[ReportManager] Browser Action [CloseCurrentWindow] successfully performed. @22-09-2021 01:57:45.0353 AM
[ReportManager] Successfully created attachment [Browser Action Test Data - CloseCurrentWindow - Actual Value] @22-09-2021 01:57:45.0353 A
[ReportManager] File Action [GetAbsolutePath] successfully performed. With the following test data [Relative Folder Path: "target/downloadedFiles/"]. @22-09-2021 01:57:45.0356 AM
[ReportManager] Attempting to run remotely on: [Linux-64], [GoogleChrome], [http://localhost:4444/wd/hub], Headless Execution. @22-09-2021 01:57:45.0356 AM
[ReportManager] Successfully Opened [GoogleChrome]. @22-09-2021 01:57:45.0548 A

################################################################################################################################################
Starting Execution:	[94 out of 143] test cases in the current suite
Test Method:		[testPackage01.Test_uploadFile.uploadFile_visibleUploadInput]
################################################################################################################################################
[ReportManager] Target URL: [http://demo.guru99.com/test/upload/] @22-09-2021 01:57:45.0573 AM
[ReportManager] Initial URL: [data:,] @22-09-2021 01:57:45.0610 AM
[ReportManager] Browser Action [NavigateToURL] successfully performed. With the following test data [http://demo.guru99.com/test/upload/]. @22-09-2021 01:57:46.0656 AM
[ReportManager] File Action [GetAbsolutePath] successfully performed. With the following test data [Relative File Path: "src/main/resources/images/shaft.png"]. @22-09-2021 01:57:46.0656 AM
[ReportManager] Successfully created attachment [File Action Actual Result - Command Log] @22-09-2021 01:57:46.0656 AM
[ReportManager] Element Action [TypeFileLocationForUpload] successfully performed. With the following test data [/home/runner/work/SHAFT_ENGINE/SHAFT_ENGINE/src/main/resources/images/shaft.png]. @22-09-2021 01:57:46.0808 AM
[ReportManager] Element Action [Click] successfully performed. With the following test data [on]. @22-09-2021 01:57:47.0133 AM
[ReportManager] Element Action [Click] successfully performed. With the following test data [Submit File]. @22-09-2021 01:57:47.0416 AM
[ReportManager] Element Action [GetText] successfully performed. With the following test data [1 file
has been successfully uploaded.]. @22-09-2021 01:57:48.0041 AM
[ReportManager] Loaded Shared OpenCV @22-09-2021 01:57:48.0155 AM
[ReportManager] Assertion [ValidateElementAttribute] PASSED. Expected [Value Should be '1 file' for the 'Text' attribute, element locator 'By.id: res'] and Actual [1 file
has been successfully uploaded.]. Comparison Type [CONTAINS]. Validation Type [POSITIVE]. @22-09-2021 01:57:48.0232 AM
[ReportManager] Successfully created attachment [Screenshot - 1632275868155_uploadFile_visibleUploadInput_ValidateElementAttribute_passed] @22-09-2021 01:57:48.0233 A
[ReportManager] Browser Action [CloseCurrentWindow] successfully performed. @22-09-2021 01:57:48.0334 AM
[ReportManager] Successfully created attachment [Browser Action Test Data - CloseCurrentWindow - Actual Value] @22-09-2021 01:57:48.0334 A
[ReportManager] File Action [GetAbsolutePath] successfully performed. With the following test data [Relative Folder Path: "target/downloadedFiles/"]. @22-09-2021 01:57:48.0341 AM
[ReportManager] Attempting to run remotely on: [Linux-64], [GoogleChrome], [http://localhost:4444/wd/hub], Headless Execution. @22-09-2021 01:57:48.0342 AM
[ReportManager] Successfully Opened [GoogleChrome]. @22-09-2021 01:57:48.0519 A

################################################################################################################################################
Starting Execution:	[95 out of 143] test cases in the current suite
Test Method:		[testPackage01.Test_assertEquals.test_assertElementAttribute]
################################################################################################################################################
[ReportManager] Target URL: [https://www.google.com/ncr], and after redirection: [https://www.google.com] @22-09-2021 01:57:48.0539 AM
[ReportManager] Initial URL: [data:,] @22-09-2021 01:57:48.0575 AM
[ReportManager] Browser Action [NavigateToURL] successfully performed. With the following test data [https://www.google.com/ncr]. @22-09-2021 01:57:49.0384 AM
[ReportManager] Element Action [Type] successfully performed. With the following test data [INC_004010050:Another SCHEDULER with the same name [Duplicate Job Name] already exists.]. @22-09-2021 01:57:50.0100 AM
[ReportManager] Element Action [GetText] successfully performed. With the following test data [INC_004010050:Another SCHEDULER with the same name [Duplicate Job Name] already exists.]. @22-09-2021 01:57:50.0189 AM
[ReportManager] Loaded Shared OpenCV @22-09-2021 01:57:50.0313 AM
[ReportManager] Assertion [ValidateElementAttribute] PASSED. Expected [Value Should be 'INC_004010050:Another SCHEDULER with the same name \[Duplicate Job Name\] already exists.' for the 'text' attribute, element locator 'By.name: q'] and Actual [INC_004010050:Another SCHEDULER with the same name [Duplicate Job Name] already exists.]. Comparison Type [MATCHES]. Validation Type [POSITIVE]. @22-09-2021 01:57:50.0393 AM
[ReportManager] Successfully created attachment [Screenshot - 1632275870313_test_assertElementAttribute_ValidateElementAttribute_passed] @22-09-2021 01:57:50.0394 A
[ReportManager] Browser Action [CloseCurrentWindow] successfully performed. @22-09-2021 01:57:50.0514 AM
[ReportManager] Successfully created attachment [Browser Action Test Data - CloseCurrentWindow - Actual Value] @22-09-2021 01:57:50.0515 A

################################################################################################################################################
Starting Execution:	[96 out of 143] test cases in the current suite
Test Method:		[testPackage01.Test_NewValidationHelper.f1]
################################################################################################################################################
[ReportManager] Assertion Passed: Checking valid user data @22-09-2021 01:57:50.0517 AM
[ReportManager] Successfully created attachment [Validation Test Data - Expected Value] @22-09-2021 01:57:50.0517 AM
[ReportManager] Successfully created attachment [Validation Test Data - Actual Value] @22-09-2021 01:57:50.0517 AM
[ReportManager] Assertion [ValidateEquals] PASSED. Expected and Actual values are attached. Comparison Type [EQUALS]. Validation Type [POSITIVE]. @22-09-2021 01:57:50.0517 A
[ReportManager] File Action [GetAbsolutePath] successfully performed. With the following test data [Relative Folder Path: "target/downloadedFiles/"]. @22-09-2021 01:57:50.0522 AM
[ReportManager] Attempting to run remotely on: [Linux-64], [GoogleChrome], [http://localhost:4444/wd/hub], Headless Execution. @22-09-2021 01:57:50.0522 AM
[ReportManager] Successfully Opened [GoogleChrome]. @22-09-2021 01:57:50.0731 AM
[ReportManager] Target URL: [https://the-internet.herokuapp.com/] @22-09-2021 01:57:50.0740 AM
[ReportManager] Initial URL: [data:,] @22-09-2021 01:57:50.0783 AM
[ReportManager] Browser Action [NavigateToURL] successfully performed. With the following test data [https://the-internet.herokuapp.com/]. @22-09-2021 01:57:51.0839 A

################################################################################################################################################
Starting Execution:	[97 out of 143] test cases in the current suite
Test Method:		[testPackage01.Test_NewValidationHelper.f10]
################################################################################################################################################
[ReportManager] Assertion [ValidateElementExists] FAILED. Expected [Element Should Exist, locator 'By.tagName: div'] and Actual [Element Exists but is not unique]. Comparison Type [EQUALS]. Validation Type [POSITIVE]. @22-09-2021 01:57:52.0086 AM
[ReportManager] Successfully created attachment [Screenshot - 1632275872017_f10_ValidateElementExists_failed] @22-09-2021 01:57:52.0086 A
[ReportManager] Successfully Closed All Drivers. @22-09-2021 01:57:52.0156 A
[ReportManager] File Action [GetAbsolutePath] successfully performed. With the following test data [Relative Folder Path: "target/downloadedFiles/"]. @22-09-2021 01:57:52.0157 AM
[ReportManager] Attempting to run remotely on: [Linux-64], [GoogleChrome], [http://localhost:4444/wd/hub], Headless Execution. @22-09-2021 01:57:52.0158 AM
[ReportManager] Successfully Opened [GoogleChrome]. @22-09-2021 01:57:52.0343 AM
[ReportManager] Target URL: [https://the-internet.herokuapp.com/] @22-09-2021 01:57:52.0352 AM
[ReportManager] Initial URL: [data:,] @22-09-2021 01:57:52.0389 AM
[ReportManager] Browser Action [NavigateToURL] successfully performed. With the following test data [https://the-internet.herokuapp.com/]. @22-09-2021 01:57:53.0092 A

################################################################################################################################################
Starting Execution:	[98 out of 143] test cases in the current suite
Test Method:		[testPackage01.Test_NewValidationHelper.f11]
################################################################################################################################################
[ReportManager] Assertion Passed: Checking that false tag doesn't exist @22-09-2021 01:58:03.0489 AM
[ReportManager] Successfully created attachment [Screenshot - 1632275883420_f11_ValidateElementExists_passed] @22-09-2021 01:58:03.0490 AM
[ReportManager] Assertion [ValidateElementExists] PASSED. Expected [Element Should not Exist, locator 'By.tagName: h3'] and Actual [Element Doesn't Exists]. Comparison Type [EQUALS]. Validation Type [NEGATIVE]. @22-09-2021 01:58:03.0490 A
[ReportManager] Successfully Closed All Drivers. @22-09-2021 01:58:03.0565 A
[ReportManager] File Action [GetAbsolutePath] successfully performed. With the following test data [Relative Folder Path: "target/downloadedFiles/"]. @22-09-2021 01:58:03.0567 AM
[ReportManager] Attempting to run remotely on: [Linux-64], [GoogleChrome], [http://localhost:4444/wd/hub], Headless Execution. @22-09-2021 01:58:03.0567 AM
[ReportManager] Successfully Opened [GoogleChrome]. @22-09-2021 01:58:03.0755 AM
[ReportManager] Target URL: [https://the-internet.herokuapp.com/] @22-09-2021 01:58:03.0771 AM
[ReportManager] Initial URL: [data:,] @22-09-2021 01:58:03.0815 AM
[ReportManager] Browser Action [NavigateToURL] successfully performed. With the following test data [https://the-internet.herokuapp.com/]. @22-09-2021 01:58:04.0541 A

################################################################################################################################################
Starting Execution:	[99 out of 143] test cases in the current suite
Test Method:		[testPackage01.Test_NewValidationHelper.f12]
################################################################################################################################################
[ReportManager] Loaded Shared OpenCV @22-09-2021 01:58:04.0736 AM
[ReportManager] Assertion [ValidateElementExists] FAILED. Expected [Element Should not Exist, locator 'By.tagName: h1'] and Actual [Element Exists]. Comparison Type [EQUALS]. Validation Type [NEGATIVE]. @22-09-2021 01:58:04.0835 AM
[ReportManager] Successfully created attachment [Screenshot - 1632275884736_f12_ValidateElementExists_failed] @22-09-2021 01:58:04.0836 A
[ReportManager] Successfully Closed All Drivers. @22-09-2021 01:58:04.0908 A
[ReportManager] File Action [GetAbsolutePath] successfully performed. With the following test data [Relative Folder Path: "target/downloadedFiles/"]. @22-09-2021 01:58:04.0910 AM
[ReportManager] Attempting to run remotely on: [Linux-64], [GoogleChrome], [http://localhost:4444/wd/hub], Headless Execution. @22-09-2021 01:58:04.0910 AM
[ReportManager] Successfully Opened [GoogleChrome]. @22-09-2021 01:58:05.0105 AM
[ReportManager] Target URL: [https://the-internet.herokuapp.com/] @22-09-2021 01:58:05.0116 AM
[ReportManager] Initial URL: [data:,] @22-09-2021 01:58:05.0155 AM
[ReportManager] Browser Action [NavigateToURL] successfully performed. With the following test data [https://the-internet.herokuapp.com/]. @22-09-2021 01:58:05.0885 A

################################################################################################################################################
Starting Execution:	[100 out of 143] test cases in the current suite
Test Method:		[testPackage01.Test_NewValidationHelper.f13]
################################################################################################################################################
[ReportManager] Assertion [ValidateElementExists] FAILED. Expected [Element Should not Exist, locator 'By.tagName: div'] and Actual [Element Exists but is not unique]. Comparison Type [EQUALS]. Validation Type [NEGATIVE]. @22-09-2021 01:58:06.0146 AM
[ReportManager] Successfully created attachment [Screenshot - 1632275886071_f13_ValidateElementExists_failed] @22-09-2021 01:58:06.0147 A
[ReportManager] Successfully Closed All Drivers. @22-09-2021 01:58:06.0222 A
[ReportManager] File Action [GetAbsolutePath] successfully performed. With the following test data [Relative Folder Path: "target/downloadedFiles/"]. @22-09-2021 01:58:06.0224 AM
[ReportManager] Attempting to run remotely on: [Linux-64], [GoogleChrome], [http://localhost:4444/wd/hub], Headless Execution. @22-09-2021 01:58:06.0224 AM
[ReportManager] Successfully Opened [GoogleChrome]. @22-09-2021 01:58:06.0414 AM
[ReportManager] Target URL: [https://the-internet.herokuapp.com/] @22-09-2021 01:58:06.0428 AM
[ReportManager] Initial URL: [data:,] @22-09-2021 01:58:06.0469 AM
[ReportManager] Browser Action [NavigateToURL] successfully performed. With the following test data [https://the-internet.herokuapp.com/]. @22-09-2021 01:58:07.0217 A

################################################################################################################################################
Starting Execution:	[101 out of 143] test cases in the current suite
Test Method:		[testPackage01.Test_NewValidationHelper.f14]
################################################################################################################################################
[ReportManager] Element Action [GetText] successfully performed. With the following test data [Welcome to the-internet]. @22-09-2021 01:58:07.0306 AM
[ReportManager] Loaded Shared OpenCV @22-09-2021 01:58:07.0458 AM
[ReportManager] Assertion Passed: Asserting that the header text is correct @22-09-2021 01:58:07.0547 AM
[ReportManager] Successfully created attachment [Screenshot - 1632275887458_f14_ValidateElementAttribute_passed] @22-09-2021 01:58:07.0548 AM
[ReportManager] Assertion [ValidateElementAttribute] PASSED. Expected [Value Should be 'Welcome to the-internet' for the 'text' attribute, element locator 'By.tagName: h1'] and Actual [Welcome to the-internet]. Comparison Type [EQUALS]. Validation Type [POSITIVE]. @22-09-2021 01:58:07.0548 A
[ReportManager] Successfully Closed All Drivers. @22-09-2021 01:58:07.0623 A
[ReportManager] File Action [GetAbsolutePath] successfully performed. With the following test data [Relative Folder Path: "target/downloadedFiles/"]. @22-09-2021 01:58:07.0625 AM
[ReportManager] Attempting to run remotely on: [Linux-64], [GoogleChrome], [http://localhost:4444/wd/hub], Headless Execution. @22-09-2021 01:58:07.0625 AM
[ReportManager] Successfully Opened [GoogleChrome]. @22-09-2021 01:58:07.0819 AM
[ReportManager] Target URL: [https://the-internet.herokuapp.com/] @22-09-2021 01:58:07.0829 AM
[ReportManager] Initial URL: [data:,] @22-09-2021 01:58:07.0866 AM
[ReportManager] Browser Action [NavigateToURL] successfully performed. With the following test data [https://the-internet.herokuapp.com/]. @22-09-2021 01:58:08.0614 A

################################################################################################################################################
Starting Execution:	[102 out of 143] test cases in the current suite
Test Method:		[testPackage01.Test_NewValidationHelper.f15]
################################################################################################################################################
[ReportManager] Element Action [GetText] successfully performed. With the following test data [Welcome to the-internet]. @22-09-2021 01:58:08.0694 AM
[ReportManager] Loaded Shared OpenCV @22-09-2021 01:58:08.0836 AM
[ReportManager] Assertion [ValidateElementAttribute] FAILED. Expected [Value Should not be 'Welcome' for the 'text' attribute, element locator 'By.tagName: h1'] and Actual [Welcome to the-internet]. Comparison Type [CONTAINS]. Validation Type [NEGATIVE]. @22-09-2021 01:58:08.0925 AM
[ReportManager] Successfully created attachment [Screenshot - 1632275888836_f15_ValidateElementAttribute_failed] @22-09-2021 01:58:08.0926 A
[ReportManager] Successfully Closed All Drivers. @22-09-2021 01:58:09.0050 A
[ReportManager] File Action [GetAbsolutePath] successfully performed. With the following test data [Relative Folder Path: "target/downloadedFiles/"]. @22-09-2021 01:58:09.0053 AM
[ReportManager] Attempting to run remotely on: [Linux-64], [GoogleChrome], [http://localhost:4444/wd/hub], Headless Execution. @22-09-2021 01:58:09.0053 AM
[ReportManager] Successfully Opened [GoogleChrome]. @22-09-2021 01:58:09.0251 AM
[ReportManager] Target URL: [https://the-internet.herokuapp.com/] @22-09-2021 01:58:09.0261 AM
[ReportManager] Initial URL: [data:,] @22-09-2021 01:58:09.0301 AM
[ReportManager] Browser Action [NavigateToURL] successfully performed. With the following test data [https://the-internet.herokuapp.com/]. @22-09-2021 01:58:10.0005 A

################################################################################################################################################
Starting Execution:	[103 out of 143] test cases in the current suite
Test Method:		[testPackage01.Test_NewValidationHelper.f16]
################################################################################################################################################
[ReportManager] Element Action [IdentifyUniqueElement] failed. With the following test data [zero elements found matching this locator "By.tagName: h3".]. @22-09-2021 01:58:35.0586 AM
[ReportManager] Successfully created attachment [Screenshot - 1632275915518_f16_IdentifyUniqueElement_failed] @22-09-2021 01:58:35.0586 AM
[ReportManager] Assertion [ValidateElementAttribute] FAILED. Expected [Value Should not be 'Welcome' for the 'text' attribute, element locator 'By.tagName: h3'] and Actual [Failed to read the desired element attribute]. Comparison Type [CONTAINS]. Validation Type [NEGATIVE]. @22-09-2021 01:58:35.0587 A
[ReportManager] Successfully Closed All Drivers. @22-09-2021 01:58:35.0661 A
[ReportManager] File Action [GetAbsolutePath] successfully performed. With the following test data [Relative Folder Path: "target/downloadedFiles/"]. @22-09-2021 01:58:35.0664 AM
[ReportManager] Attempting to run remotely on: [Linux-64], [GoogleChrome], [http://localhost:4444/wd/hub], Headless Execution. @22-09-2021 01:58:35.0664 AM
[ReportManager] Successfully Opened [GoogleChrome]. @22-09-2021 01:58:35.0840 AM
[ReportManager] Target URL: [https://the-internet.herokuapp.com/] @22-09-2021 01:58:35.0851 AM
[ReportManager] Initial URL: [data:,] @22-09-2021 01:58:35.0887 AM
[ReportManager] Browser Action [NavigateToURL] successfully performed. With the following test data [https://the-internet.herokuapp.com/]. @22-09-2021 01:58:36.0623 A

################################################################################################################################################
Starting Execution:	[104 out of 143] test cases in the current suite
Test Method:		[testPackage01.Test_NewValidationHelper.f17]
################################################################################################################################################
[ReportManager] Attempting to getAttribute [text2] from elementLocator [By.tagName: h1]. @22-09-2021 01:58:36.0628 AM
[ReportManager] Element Action [GetAttribute] successfully performed. @22-09-2021 01:58:36.0698 AM
[ReportManager] Loaded Shared OpenCV @22-09-2021 01:58:36.0841 AM
[ReportManager] Assertion [ValidateElementAttribute] PASSED. Expected [Value Should not be 'Welcome' for the 'text2' attribute, element locator 'By.tagName: h1'] and Actual [null]. Comparison Type [CONTAINS]. Validation Type [NEGATIVE]. @22-09-2021 01:58:36.0923 AM
[ReportManager] Successfully created attachment [Screenshot - 1632275916841_f17_ValidateElementAttribute_passed] @22-09-2021 01:58:36.0924 A
[ReportManager] Successfully Closed All Drivers. @22-09-2021 01:58:37.0000 A
[ReportManager] File Action [GetAbsolutePath] successfully performed. With the following test data [Relative Folder Path: "target/downloadedFiles/"]. @22-09-2021 01:58:37.0002 AM
[ReportManager] Attempting to run remotely on: [Linux-64], [GoogleChrome], [http://localhost:4444/wd/hub], Headless Execution. @22-09-2021 01:58:37.0002 AM
[ReportManager] Successfully Opened [GoogleChrome]. @22-09-2021 01:58:37.0204 AM
[ReportManager] Target URL: [https://the-internet.herokuapp.com/] @22-09-2021 01:58:37.0219 AM
[ReportManager] Initial URL: [data:,] @22-09-2021 01:58:37.0254 AM
[ReportManager] Browser Action [NavigateToURL] successfully performed. With the following test data [https://the-internet.herokuapp.com/]. @22-09-2021 01:58:37.0982 A

################################################################################################################################################
Starting Execution:	[105 out of 143] test cases in the current suite
Test Method:		[testPackage01.Test_NewValidationHelper.f18]
################################################################################################################################################
[ReportManager] Element Action [GetText] successfully performed. With the following test data [Welcome to the-internet]. @22-09-2021 01:58:38.0068 AM
[ReportManager] Loaded Shared OpenCV @22-09-2021 01:58:38.0219 AM
[ReportManager] Assertion [ValidateElementAttribute] PASSED. Expected [Value Should not be 'no' for the 'text' attribute, element locator 'By.tagName: h1'] and Actual [Welcome to the-internet]. Comparison Type [CONTAINS]. Validation Type [NEGATIVE]. @22-09-2021 01:58:38.0306 AM
[ReportManager] Successfully created attachment [Screenshot - 1632275918219_f18_ValidateElementAttribute_passed] @22-09-2021 01:58:38.0307 A
[ReportManager] Successfully Closed All Drivers. @22-09-2021 01:58:38.0380 A
[ReportManager] File Action [GetAbsolutePath] successfully performed. With the following test data [Relative Folder Path: "target/downloadedFiles/"]. @22-09-2021 01:58:38.0381 AM
[ReportManager] Attempting to run remotely on: [Linux-64], [GoogleChrome], [http://localhost:4444/wd/hub], Headless Execution. @22-09-2021 01:58:38.0382 AM
[ReportManager] Successfully Opened [GoogleChrome]. @22-09-2021 01:58:38.0586 AM
[ReportManager] Target URL: [https://the-internet.herokuapp.com/] @22-09-2021 01:58:38.0595 AM
[ReportManager] Initial URL: [data:,] @22-09-2021 01:58:38.0635 AM
[ReportManager] Browser Action [NavigateToURL] successfully performed. With the following test data [https://the-internet.herokuapp.com/]. @22-09-2021 01:58:39.0346 A

################################################################################################################################################
Starting Execution:	[106 out of 143] test cases in the current suite
Test Method:		[testPackage01.Test_NewValidationHelper.f19]
################################################################################################################################################
[ReportManager] Element Action [GetTagName] successfully performed. With the following test data [h1]. @22-09-2021 01:58:39.0413 AM
[ReportManager] Loaded Shared OpenCV @22-09-2021 01:58:39.0556 AM
[ReportManager] Assertion [ValidateElementAttribute] PASSED. Expected [Value Should be 'h' for the 'tagname' attribute, element locator 'By.tagName: h1'] and Actual [h1]. Comparison Type [CONTAINS]. Validation Type [POSITIVE]. @22-09-2021 01:58:39.0638 AM
[ReportManager] Successfully created attachment [Screenshot - 1632275919556_f19_ValidateElementAttribute_passed] @22-09-2021 01:58:39.0639 A
[ReportManager] Successfully Closed All Drivers. @22-09-2021 01:58:39.0714 A

################################################################################################################################################
Starting Execution:	[107 out of 143] test cases in the current suite
Test Method:		[testPackage01.Test_NewValidationHelper.f2]
################################################################################################################################################
[ReportManager] Assertion Failed: Checking valid user data @22-09-2021 01:58:39.0717 AM
[ReportManager] Assertion [ValidateEquals] FAILED. Expected [1] and Actual [2]. Comparison Type [EQUALS]. Validation Type [POSITIVE]. @22-09-2021 01:58:39.0717 A
[ReportManager] File Action [GetAbsolutePath] successfully performed. With the following test data [Relative Folder Path: "target/downloadedFiles/"]. @22-09-2021 01:58:39.0718 AM
[ReportManager] Attempting to run remotely on: [Linux-64], [GoogleChrome], [http://localhost:4444/wd/hub], Headless Execution. @22-09-2021 01:58:39.0718 AM
[ReportManager] Successfully Opened [GoogleChrome]. @22-09-2021 01:58:39.0913 AM
[ReportManager] Target URL: [https://the-internet.herokuapp.com/] @22-09-2021 01:58:39.0923 AM
[ReportManager] Initial URL: [data:,] @22-09-2021 01:58:39.0959 AM
[ReportManager] Browser Action [NavigateToURL] successfully performed. With the following test data [https://the-internet.herokuapp.com/]. @22-09-2021 01:58:40.0679 A

################################################################################################################################################
Starting Execution:	[108 out of 143] test cases in the current suite
Test Method:		[testPackage01.Test_NewValidationHelper.f20]
################################################################################################################################################
[ReportManager] Element Action [GetSize] successfully performed. With the following test data [(755, 61)]. @22-09-2021 01:58:40.0752 AM
[ReportManager] Loaded Shared OpenCV @22-09-2021 01:58:40.0885 AM
[ReportManager] Assertion [ValidateElementAttribute] PASSED. Expected [Value Should not be 'a' for the 'size' attribute, element locator 'By.tagName: h1'] and Actual [(755, 61)]. Comparison Type [CONTAINS]. Validation Type [NEGATIVE]. @22-09-2021 01:58:40.0984 AM
[ReportManager] Successfully created attachment [Screenshot - 1632275920885_f20_ValidateElementAttribute_passed] @22-09-2021 01:58:40.0985 A
[ReportManager] Successfully Closed All Drivers. @22-09-2021 01:58:41.0058 A
[ReportManager] File Action [GetAbsolutePath] successfully performed. With the following test data [Relative Folder Path: "target/downloadedFiles/"]. @22-09-2021 01:58:41.0060 AM
[ReportManager] Attempting to run remotely on: [Linux-64], [GoogleChrome], [http://localhost:4444/wd/hub], Headless Execution. @22-09-2021 01:58:41.0060 AM
[ReportManager] Successfully Opened [GoogleChrome]. @22-09-2021 01:58:41.0247 AM
[ReportManager] Target URL: [https://the-internet.herokuapp.com/] @22-09-2021 01:58:41.0256 AM
[ReportManager] Initial URL: [data:,] @22-09-2021 01:58:41.0290 AM
[ReportManager] Browser Action [NavigateToURL] successfully performed. With the following test data [https://the-internet.herokuapp.com/]. @22-09-2021 01:58:42.0054 A

################################################################################################################################################
Starting Execution:	[109 out of 143] test cases in the current suite
Test Method:		[testPackage01.Test_NewValidationHelper.f21]
################################################################################################################################################
[ReportManager] Element Action [IdentifyUniqueElement] failed. With the following test data [zero elements found matching this locator "By.tagName: h3".]. @22-09-2021 01:59:07.0643 AM
[ReportManager] Successfully created attachment [Screenshot - 1632275947571_f21_IdentifyUniqueElement_failed] @22-09-2021 01:59:07.0644 AM
[ReportManager] Assertion [ValidateElementAttribute] FAILED. Expected [Value Should be 'Welcome' for the 'text' attribute, element locator 'By.tagName: h3'] and Actual [Failed to read the desired element attribute]. Comparison Type [CONTAINS]. Validation Type [POSITIVE]. @22-09-2021 01:59:07.0644 A
[ReportManager] Successfully Closed All Drivers. @22-09-2021 01:59:07.0717 A
[ReportManager] File Action [GetAbsolutePath] successfully performed. With the following test data [Relative Folder Path: "target/downloadedFiles/"]. @22-09-2021 01:59:07.0719 AM
[ReportManager] Attempting to run remotely on: [Linux-64], [GoogleChrome], [http://localhost:4444/wd/hub], Headless Execution. @22-09-2021 01:59:07.0719 AM
[ReportManager] Successfully Opened [GoogleChrome]. @22-09-2021 01:59:07.0909 AM
[ReportManager] Target URL: [https://the-internet.herokuapp.com/] @22-09-2021 01:59:07.0918 AM
[ReportManager] Initial URL: [data:,] @22-09-2021 01:59:07.0956 AM
[ReportManager] Browser Action [NavigateToURL] successfully performed. With the following test data [https://the-internet.herokuapp.com/]. @22-09-2021 01:59:08.0700 A

################################################################################################################################################
Starting Execution:	[110 out of 143] test cases in the current suite
Test Method:		[testPackage01.Test_NewValidationHelper.f22]
################################################################################################################################################
[ReportManager] Element Action [GetText] successfully performed. With the following test data [Welcome to the-internet]. @22-09-2021 01:59:08.0784 AM
[ReportManager] Loaded Shared OpenCV @22-09-2021 01:59:08.0939 AM
[ReportManager] Assertion [ValidateElementAttribute] FAILED. Expected [Value Should be 'yyy' for the 'text' attribute, element locator 'By.tagName: h1'] and Actual [Welcome to the-internet]. Comparison Type [CONTAINS]. Validation Type [POSITIVE]. @22-09-2021 01:59:09.0028 AM
[ReportManager] Successfully created attachment [Screenshot - 1632275948939_f22_ValidateElementAttribute_failed] @22-09-2021 01:59:09.0029 A
[ReportManager] Successfully Closed All Drivers. @22-09-2021 01:59:09.0110 A

################################################################################################################################################
Starting Execution:	[111 out of 143] test cases in the current suite
Test Method:		[testPackage01.Test_NewValidationHelper.f23]
################################################################################################################################################
[ReportManager] Assertion Passed: confirming that the actual is greater than or equal to the expected @22-09-2021 01:59:09.0114 AM
[ReportManager] Assertion [ValidateComparativeRelation] PASSED. Expected [1] and Actual [1]. Comparison Type [GREATER_THAN_OR_EQUALS]. Validation Type [POSITIVE]. @22-09-2021 01:59:09.0114 A

################################################################################################################################################
Starting Execution:	[112 out of 143] test cases in the current suite
Test Method:		[testPackage01.Test_NewValidationHelper.f24]
################################################################################################################################################
[ReportManager] Assertion [ValidateComparativeRelation] PASSED. Expected [1] and Actual [10]. Comparison Type [GREATER_THAN_OR_EQUALS]. Validation Type [POSITIVE]. @22-09-2021 01:59:09.0117 A

################################################################################################################################################
Starting Execution:	[113 out of 143] test cases in the current suite
Test Method:		[testPackage01.Test_NewValidationHelper.f25]
################################################################################################################################################
[ReportManager] Assertion [ValidateComparativeRelation] PASSED. Expected [1] and Actual [1]. Comparison Type [EQUALS]. Validation Type [POSITIVE]. @22-09-2021 01:59:09.0121 A

################################################################################################################################################
Starting Execution:	[114 out of 143] test cases in the current suite
Test Method:		[testPackage01.Test_NewValidationHelper.f26]
################################################################################################################################################
[ReportManager] Assertion [ValidateComparativeRelation] PASSED. Expected [1] and Actual [5]. Comparison Type [GREATER_THAN]. Validation Type [POSITIVE]. @22-09-2021 01:59:09.0123 A

################################################################################################################################################
Starting Execution:	[115 out of 143] test cases in the current suite
Test Method:		[testPackage01.Test_NewValidationHelper.f27]
################################################################################################################################################
[ReportManager] Assertion [ValidateComparativeRelation] PASSED. Expected [11] and Actual [5]. Comparison Type [LESS_THAN]. Validation Type [POSITIVE]. @22-09-2021 01:59:09.0126 A

################################################################################################################################################
Starting Execution:	[116 out of 143] test cases in the current suite
Test Method:		[testPackage01.Test_NewValidationHelper.f28]
################################################################################################################################################
[ReportManager] Assertion [ValidateComparativeRelation] PASSED. Expected [11] and Actual [5]. Comparison Type [LESS_THAN_OR_EQUALS]. Validation Type [POSITIVE]. @22-09-2021 01:59:09.0135 A

################################################################################################################################################
Starting Execution:	[117 out of 143] test cases in the current suite
Test Method:		[testPackage01.Test_NewValidationHelper.f29]
################################################################################################################################################
[ReportManager] Assertion [ValidateComparativeRelation] PASSED. Expected [11] and Actual [11]. Comparison Type [LESS_THAN_OR_EQUALS]. Validation Type [POSITIVE]. @22-09-2021 01:59:09.0144 A

################################################################################################################################################
Starting Execution:	[118 out of 143] test cases in the current suite
Test Method:		[testPackage01.Test_NewValidationHelper.f3]
################################################################################################################################################
[ReportManager] Assertion [ValidateEquals] PASSED. Expected [1] and Actual [2]. Comparison Type [EQUALS]. Validation Type [NEGATIVE]. @22-09-2021 01:59:09.0147 A

################################################################################################################################################
Starting Execution:	[119 out of 143] test cases in the current suite
Test Method:		[testPackage01.Test_NewValidationHelper.f30]
################################################################################################################################################
[ReportManager] Assertion [ValidateComparativeRelation] FAILED. Expected [-9] and Actual [11]. Comparison Type [LESS_THAN_OR_EQUALS]. Validation Type [POSITIVE]. @22-09-2021 01:59:09.0153 A

################################################################################################################################################
Starting Execution:	[120 out of 143] test cases in the current suite
Test Method:		[testPackage01.Test_NewValidationHelper.f31]
################################################################################################################################################
[ReportManager] Assertion [ValidateTrue] PASSED. Expected [TRUE] and Actual [TRUE]. Validation Type [POSITIVE]. @22-09-2021 01:59:09.0159 A

################################################################################################################################################
Starting Execution:	[121 out of 143] test cases in the current suite
Test Method:		[testPackage01.Test_NewValidationHelper.f32]
################################################################################################################################################
[ReportManager] Assertion [ValidateTrue] PASSED. Expected [FALSE] and Actual [FALSE]. Validation Type [NEGATIVE]. @22-09-2021 01:59:09.0162 A

################################################################################################################################################
Starting Execution:	[122 out of 143] test cases in the current suite
Test Method:		[testPackage01.Test_NewValidationHelper.f33]
################################################################################################################################################
[ReportManager] Assertion [ValidateTrue] FAILED. Expected [FALSE] and Actual [TRUE]. Validation Type [NEGATIVE]. @22-09-2021 01:59:09.0164 A

################################################################################################################################################
Starting Execution:	[123 out of 143] test cases in the current suite
Test Method:		[testPackage01.Test_NewValidationHelper.f34]
################################################################################################################################################
[ReportManager] Assertion [ValidateTrue] FAILED. Expected [TRUE] and Actual [FALSE]. Validation Type [POSITIVE]. @22-09-2021 01:59:09.0168 A

################################################################################################################################################
Starting Execution:	[124 out of 143] test cases in the current suite
Test Method:		[testPackage01.Test_NewValidationHelper.f35]
################################################################################################################################################
[ReportManager] File Action [DoesFileExist] successfully performed. With the following test data [File Path: "pom.xml"]. @22-09-2021 01:59:09.0173 AM
[ReportManager] Assertion [ValidateFileExists] PASSED. Expected [File 'pom.xml' should exist, after up to '1' retries] and Actual [File exists]. Validation Type [POSITIVE]. @22-09-2021 01:59:09.0173 A

################################################################################################################################################
Starting Execution:	[125 out of 143] test cases in the current suite
Test Method:		[testPackage01.Test_NewValidationHelper.f36]
################################################################################################################################################
[ReportManager] File Action [DoesFileExist] successfully performed. With the following test data [File Path: "src/test/java/testPackage01/Test_NewValidationHelper.java"]. @22-09-2021 01:59:09.0179 AM
[ReportManager] Assertion [ValidateFileExists] PASSED. Expected [File 'src/test/java/testPackage01/Test_NewValidationHelper.java' should exist, after up to '1' retries] and Actual [File exists]. Validation Type [POSITIVE]. @22-09-2021 01:59:09.0180 A

################################################################################################################################################
Starting Execution:	[126 out of 143] test cases in the current suite
Test Method:		[testPackage01.Test_NewValidationHelper.f37]
################################################################################################################################################
[ReportManager] File Action [DoesFileExist] successfully performed. With the following test data [File Path: "pom.xml"]. @22-09-2021 01:59:09.0185 AM
[ReportManager] Assertion Failed: confirming that the file does't exist after 5 retries @22-09-2021 01:59:09.0185 AM
[ReportManager] Assertion [ValidateFileExists] FAILED. Expected [File 'pom.xml' should not exist, after up to '5' retries] and Actual [File exists]. Validation Type [NEGATIVE]. @22-09-2021 01:59:09.0185 A

################################################################################################################################################
Starting Execution:	[127 out of 143] test cases in the current suite
Test Method:		[testPackage01.Test_NewValidationHelper.f3_1]
################################################################################################################################################
[ReportManager] Assertion Passed: Checking valid user data @22-09-2021 01:59:09.0191 AM
[ReportManager] Assertion [ValidateEquals] PASSED. Expected [null] and Actual [null]. Comparison Type [EQUALS]. Validation Type [POSITIVE]. @22-09-2021 01:59:09.0191 A

################################################################################################################################################
Starting Execution:	[128 out of 143] test cases in the current suite
Test Method:		[testPackage01.Test_NewValidationHelper.f4]
################################################################################################################################################
[ReportManager] Assertion [ValidateEquals] PASSED. Expected [1] and Actual [123]. Comparison Type [CONTAINS]. Validation Type [POSITIVE]. @22-09-2021 01:59:09.0200 A

################################################################################################################################################
Starting Execution:	[129 out of 143] test cases in the current suite
Test Method:		[testPackage01.Test_NewValidationHelper.f5]
################################################################################################################################################
[ReportManager] Assertion [ValidateNull] PASSED. Expected [NULL] and Actual [1]. Comparison Type [EQUALS]. Validation Type [NEGATIVE]. @22-09-2021 01:59:09.0201 A

################################################################################################################################################
Starting Execution:	[130 out of 143] test cases in the current suite
Test Method:		[testPackage01.Test_NewValidationHelper.f6]
################################################################################################################################################
[ReportManager] Assertion Failed: Making sure that null string is not equal to null object @22-09-2021 01:59:09.0209 AM
[ReportManager] Assertion [ValidateNull] FAILED. Expected [NULL] and Actual [NULL]. Comparison Type [EQUALS]. Validation Type [POSITIVE]. @22-09-2021 01:59:09.0209 A

################################################################################################################################################
Starting Execution:	[131 out of 143] test cases in the current suite
Test Method:		[testPackage01.Test_NewValidationHelper.f6_1]
################################################################################################################################################
[ReportManager] Assertion [ValidateNull] FAILED. Expected [NULL] and Actual [NULL]. Comparison Type [EQUALS]. Validation Type [NEGATIVE]. @22-09-2021 01:59:09.0210 A

################################################################################################################################################
Starting Execution:	[132 out of 143] test cases in the current suite
Test Method:		[testPackage01.Test_NewValidationHelper.f6_2]
################################################################################################################################################
[ReportManager] Assertion Failed: Making sure that null string is not equal to null object @22-09-2021 01:59:09.0212 AM
[ReportManager] Assertion [ValidateNull] FAILED. Expected [NULL] and Actual [not null]. Comparison Type [EQUALS]. Validation Type [POSITIVE]. @22-09-2021 01:59:09.0212 A

################################################################################################################################################
Starting Execution:	[133 out of 143] test cases in the current suite
Test Method:		[testPackage01.Test_NewValidationHelper.f7]
################################################################################################################################################
[ReportManager] Assertion [ValidateNull] PASSED. Expected [NULL] and Actual [NULL]. Comparison Type [EQUALS]. Validation Type [POSITIVE]. @22-09-2021 01:59:09.0213 A
[ReportManager] File Action [GetAbsolutePath] successfully performed. With the following test data [Relative Folder Path: "target/downloadedFiles/"]. @22-09-2021 01:59:09.0224 AM
[ReportManager] Attempting to run remotely on: [Linux-64], [GoogleChrome], [http://localhost:4444/wd/hub], Headless Execution. @22-09-2021 01:59:09.0226 AM
[ReportManager] Successfully Opened [GoogleChrome]. @22-09-2021 01:59:09.0405 AM
[ReportManager] Target URL: [https://the-internet.herokuapp.com/] @22-09-2021 01:59:09.0426 AM
[ReportManager] Initial URL: [data:,] @22-09-2021 01:59:09.0463 AM
[ReportManager] Browser Action [NavigateToURL] successfully performed. With the following test data [https://the-internet.herokuapp.com/]. @22-09-2021 01:59:10.0183 A

################################################################################################################################################
Starting Execution:	[134 out of 143] test cases in the current suite
Test Method:		[testPackage01.Test_NewValidationHelper.f8]
################################################################################################################################################
[ReportManager] Loaded Shared OpenCV @22-09-2021 01:59:10.0385 AM
[ReportManager] Assertion [ValidateElementExists] PASSED. Expected [Element Should Exist, locator 'By.tagName: h1'] and Actual [Element Exists]. Comparison Type [EQUALS]. Validation Type [POSITIVE]. @22-09-2021 01:59:10.0472 AM
[ReportManager] Successfully created attachment [Screenshot - 1632275950384_f8_ValidateElementExists_passed] @22-09-2021 01:59:10.0473 A
[ReportManager] Successfully Closed All Drivers. @22-09-2021 01:59:10.0595 A
[ReportManager] File Action [GetAbsolutePath] successfully performed. With the following test data [Relative Folder Path: "target/downloadedFiles/"]. @22-09-2021 01:59:10.0597 AM
[ReportManager] Attempting to run remotely on: [Linux-64], [GoogleChrome], [http://localhost:4444/wd/hub], Headless Execution. @22-09-2021 01:59:10.0597 AM
[ReportManager] Successfully Opened [GoogleChrome]. @22-09-2021 01:59:10.0789 AM
[ReportManager] Target URL: [https://the-internet.herokuapp.com/] @22-09-2021 01:59:10.0806 AM
[ReportManager] Initial URL: [data:,] @22-09-2021 01:59:10.0857 AM
[ReportManager] Browser Action [NavigateToURL] successfully performed. With the following test data [https://the-internet.herokuapp.com/]. @22-09-2021 01:59:11.0564 A

################################################################################################################################################
Starting Execution:	[135 out of 143] test cases in the current suite
Test Method:		[testPackage01.Test_NewValidationHelper.f9]
################################################################################################################################################
[ReportManager] Assertion [ValidateElementExists] FAILED. Expected [Element Should Exist, locator 'By.tagName: h3'] and Actual [Element Doesn't Exists]. Comparison Type [EQUALS]. Validation Type [POSITIVE]. @22-09-2021 01:59:42.0282 AM
[ReportManager] Successfully created attachment [Screenshot - 1632275982201_f9_ValidateElementExists_failed] @22-09-2021 01:59:42.0282 A
[ReportManager] Successfully Closed All Drivers. @22-09-2021 01:59:42.0358 A

################################################################################################################################################
Starting Execution:	[136 out of 143] test cases in the current suite
Test Method:		[testPackage01.Test_NewValidationHelper.forceFail]
################################################################################################################################################
[ReportManager] Assertion [ValidateFail] FAILED. Successfully force failed the test. @22-09-2021 01:59:42.0361 A

################################################################################################################################################
Starting Execution:	[137 out of 143] test cases in the current suite
Test Method:		[testPackage01.Test_NewValidationHelper.forceFail2]
################################################################################################################################################
[ReportManager] Assertion Failed: Custom Message @22-09-2021 01:59:42.0363 AM
[ReportManager] Assertion [ValidateFail] FAILED. Successfully force failed the test. @22-09-2021 01:59:42.0363 A

################################################################################################################################################
Starting Execution:	[138 out of 143] test cases in the current suite
Test Method:		[testPackage01.Test_sendGraphqlRequest.sendGraphqlRequestUsingMutationAndVariables]
################################################################################################################################################
[ReportManager] GraphQl Request is being Performed with the Following Parameters [Service URL: https://api.spacex.land/graphql | Request Body: {"variables":"{\"name\": \"sherlock holmes\",\"rocket\": \"221B Baker Street\"}","query":"mutation ($name: String, $rocket: String) {\n  insert_users(objects: {name: $name, rocket: $rocket}) {\n    returning {\n      name\n      rocket\n    }\n  }\n}"}] @22-09-2021 01:59:42.0366 AM
[ReportManager] Response status code: [200], status line: [HTTP/1.1 200 OK] @22-09-2021 01:59:42.0750 AM
[ReportManager] Assertion Passed: Evaluating the actual response status code against the expected one... @22-09-2021 01:59:42.0750 AM
[ReportManager] Assertion [ValidateEquals] PASSED. Expected [200] and Actual [200]. Comparison Type [EQUALS]. Validation Type [POSITIVE]. @22-09-2021 01:59:42.0750 AM
[ReportManager] API Action [PerformRequest] successfully performed. With the following test data [Request Type: "POST" | Target Status Code: "200" | Service URL: "https://api.spacex.land/graphql" | Content Type: "application/json" | Response Time: "315ms"]. @22-09-2021 01:59:42.0762 AM
[ReportManager] Successfully created attachment [API Request - Specifications] @22-09-2021 01:59:42.0763 AM
[ReportManager] Successfully created attachment [API Request - JSON Body] @22-09-2021 01:59:42.0763 AM
[ReportManager] Successfully created attachment [API Response - JSON Body] @22-09-2021 01:59:42.0763 AM
[ReportManager] API Action [GetResponseJSONValue] successfully performed. With the following test data [data.insert_users.returning[0].name]. @22-09-2021 01:59:42.0809 AM
[ReportManager] Assertion [ValidateEquals] PASSED. Expected [sherlock holmes] and Actual [sherlock holmes]. Comparison Type [EQUALS]. Validation Type [POSITIVE]. @22-09-2021 01:59:42.0809 A

################################################################################################################################################
Starting Execution:	[139 out of 143] test cases in the current suite
Test Method:		[testPackage01.Test_sendGraphqlRequest.sendGraphqlRequestUsingQuery]
################################################################################################################################################
[ReportManager] GraphQl Request is being Performed with the Following Parameters [Service URL: https://api.spacex.land/graphql | Request Body: {"query":"{company {ceo}}"}] @22-09-2021 01:59:42.0816 AM
[ReportManager] Response status code: [200], status line: [HTTP/1.1 200 OK] @22-09-2021 01:59:43.0009 AM
[ReportManager] Assertion Passed: Evaluating the actual response status code against the expected one... @22-09-2021 01:59:43.0010 AM
[ReportManager] Assertion [ValidateEquals] PASSED. Expected [200] and Actual [200]. Comparison Type [EQUALS]. Validation Type [POSITIVE]. @22-09-2021 01:59:43.0010 AM
[ReportManager] API Action [PerformRequest] successfully performed. With the following test data [Request Type: "POST" | Target Status Code: "200" | Service URL: "https://api.spacex.land/graphql" | Content Type: "application/json" | Response Time: "189ms"]. @22-09-2021 01:59:43.0020 AM
[ReportManager] Successfully created attachment [API Request - Specifications] @22-09-2021 01:59:43.0020 AM
[ReportManager] Successfully created attachment [API Request - JSON Body] @22-09-2021 01:59:43.0021 AM
[ReportManager] Successfully created attachment [API Response - JSON Body] @22-09-2021 01:59:43.0021 AM
[ReportManager] API Action [GetResponseJSONValue] successfully performed. With the following test data [data.company.ceo]. @22-09-2021 01:59:43.0029 AM
[ReportManager] Assertion [ValidateEquals] PASSED. Expected [Elon Musk] and Actual [Elon Musk]. Comparison Type [EQUALS]. Validation Type [POSITIVE]. @22-09-2021 01:59:43.0029 A

################################################################################################################################################
Starting Execution:	[140 out of 143] test cases in the current suite
Test Method:		[testPackage01.Test_chainableElementActions.chainElementActions]
################################################################################################################################################
[ReportManager] File Action [GetAbsolutePath] successfully performed. With the following test data [Relative Folder Path: "target/downloadedFiles/"]. @22-09-2021 01:59:43.0036 AM
[ReportManager] Attempting to run remotely on: [Linux-64], [GoogleChrome], [http://localhost:4444/wd/hub], Headless Execution. @22-09-2021 01:59:43.0036 AM
[ReportManager] Successfully Opened [GoogleChrome]. @22-09-2021 01:59:43.0224 AM
[ReportManager] Target URL: [https://www.google.com/ncr], and after redirection: [https://www.google.com] @22-09-2021 01:59:43.0235 AM
[ReportManager] Initial URL: [data:,] @22-09-2021 01:59:43.0270 AM
[ReportManager] Browser Action [NavigateToURL] successfully performed. With the following test data [https://www.google.com/ncr]. @22-09-2021 01:59:44.0085 AM
[ReportManager] Element Action [Type] successfully performed. With the following test data [chained type 1]. @22-09-2021 01:59:44.0387 AM
[ReportManager] Element Action [Type] successfully performed. With the following test data [chained type 2]. @22-09-2021 01:59:44.0684 AM
[ReportManager] Element Action [TypeAppend] successfully performed. With the following test data [345]. @22-09-2021 01:59:44.0767 AM
[ReportManager] Element Action [GetText] successfully performed. With the following test data [chained type 2345]. @22-09-2021 01:59:44.0870 AM
[ReportManager] Loaded Shared OpenCV @22-09-2021 01:59:44.0984 AM
[ReportManager] Assertion [ValidateElementAttribute] PASSED. Expected [Value Should be 'chained type 2345' for the 'text' attribute, element locator 'By.name: q'] and Actual [chained type 2345]. Comparison Type [EQUALS]. Validation Type [POSITIVE]. @22-09-2021 01:59:45.0078 AM
[ReportManager] Successfully created attachment [Screenshot - 1632275984984_chainElementActions_ValidateElementAttribute_passed] @22-09-2021 01:59:45.0079 AM
[ReportManager] Browser Action [CloseCurrentWindow] successfully performed. @22-09-2021 01:59:45.0204 AM
[ReportManager] Successfully created attachment [Browser Action Test Data - CloseCurrentWindow - Actual Value] @22-09-2021 01:59:45.0205 A

################################################################################################################################################
Starting Execution:	[141 out of 143] test cases in the current suite
Test Method:		[testPackage01.Test_SkipDueToIssue.doNotSkip]
################################################################################################################################################
[ReportManager] This should not be skipped. @22-09-2021 01:59:45.0210 A

################################################################################################################################################
Starting Execution:	[142 out of 143] test cases in the current suite
Test Method:		[testPackage01.Test_SkipDueToIssue.skip]
################################################################################################################################################
[ReportManager] This should be skipped. @22-09-2021 01:59:45.0219 A

################################################################################################################################################
Starting Execution:	[143 out of 143] test cases in the current suite
Test Method:		[testPackage01.Test_SkipDueToIssue.skip2]
################################################################################################################################################
[ReportManager] This should be skipped. @22-09-2021 01:59:45.0226 A

################################################################################################################################################
Test Closure Activities
################################################################################################################################################
[ReportManager] Successfully created attachment [SHAFT Engine Logs - Execution log] @22-09-2021 01:59:45.0247 AM

################################################################################################################################################
This test run was powered by SHAFT Engine Version: [SHAFT Engine v5.3.20210902]
SHAFT Engine is licensed under the MIT License: [https://github.com/MohabMohie/SHAFT_ENGINE/blob/master/LICENSE].
################################################################################################################################################