################################################################################################################################################
Detected SHAFT Engine Version: [SHAFT Engine v5.3.20210902]
################################################################################################################################################

################################################################################################################################################
Starting Execution:	[1 out of 144] test cases in the current suite
Test Method:		[unitTests.tests_validations_assertions.assertComparativeRelation_greaterThanOrEquals_false_equals_expectedToFail]
################################################################################################################################################
[ReportManager] Assertion [ValidateComparativeRelation] FAILED. Expected [1] and Actual [1]. Comparison Type [GREATER_THAN_OR_EQUALS]. Validation Type [NEGATIVE]. @30-09-2021 01:58:46.0719 A

################################################################################################################################################
Starting Execution:	[2 out of 144] test cases in the current suite
Test Method:		[unitTests.tests_validations_assertions.assertComparativeRelation_greaterThanOrEquals_false_equals_expectedToPass]
################################################################################################################################################
[ReportManager] Assertion [ValidateComparativeRelation] PASSED. Expected [2] and Actual [1]. Comparison Type [GREATER_THAN_OR_EQUALS]. Validation Type [NEGATIVE]. @30-09-2021 01:58:46.0824 A

################################################################################################################################################
Starting Execution:	[3 out of 144] test cases in the current suite
Test Method:		[unitTests.tests_validations_assertions.assertComparativeRelation_greaterThanOrEquals_false_greaterThan_expectedToFail]
################################################################################################################################################
[ReportManager] Assertion [ValidateComparativeRelation] FAILED. Expected [1] and Actual [2]. Comparison Type [GREATER_THAN_OR_EQUALS]. Validation Type [NEGATIVE]. @30-09-2021 01:58:46.0831 A

################################################################################################################################################
Starting Execution:	[4 out of 144] test cases in the current suite
Test Method:		[unitTests.tests_validations_assertions.assertComparativeRelation_greaterThanOrEquals_false_greaterThan_expectedToPass]
################################################################################################################################################
[ReportManager] Assertion [ValidateComparativeRelation] PASSED. Expected [2] and Actual [1]. Comparison Type [GREATER_THAN_OR_EQUALS]. Validation Type [NEGATIVE]. @30-09-2021 01:58:46.0836 A

################################################################################################################################################
Starting Execution:	[5 out of 144] test cases in the current suite
Test Method:		[unitTests.tests_validations_assertions.assertComparativeRelation_greaterThanOrEquals_true_equals_expectedToFail]
################################################################################################################################################
[ReportManager] Assertion [ValidateComparativeRelation] FAILED. Expected [1] and Actual [0]. Comparison Type [GREATER_THAN_OR_EQUALS]. Validation Type [POSITIVE]. @30-09-2021 01:58:46.0841 A

################################################################################################################################################
Starting Execution:	[6 out of 144] test cases in the current suite
Test Method:		[unitTests.tests_validations_assertions.assertComparativeRelation_greaterThanOrEquals_true_equals_expectedToPass]
################################################################################################################################################
[ReportManager] Assertion [ValidateComparativeRelation] PASSED. Expected [1] and Actual [1]. Comparison Type [GREATER_THAN_OR_EQUALS]. Validation Type [POSITIVE]. @30-09-2021 01:58:46.0846 A

################################################################################################################################################
Starting Execution:	[7 out of 144] test cases in the current suite
Test Method:		[unitTests.tests_validations_assertions.assertComparativeRelation_greaterThanOrEquals_true_greaterThan_expectedToFail]
################################################################################################################################################
[ReportManager] Assertion [ValidateComparativeRelation] FAILED. Expected [2] and Actual [1]. Comparison Type [GREATER_THAN_OR_EQUALS]. Validation Type [POSITIVE]. @30-09-2021 01:58:46.0851 A

################################################################################################################################################
Starting Execution:	[8 out of 144] test cases in the current suite
Test Method:		[unitTests.tests_validations_assertions.assertComparativeRelation_greaterThanOrEquals_true_greaterThan_expectedToPass]
################################################################################################################################################
[ReportManager] Assertion [ValidateComparativeRelation] PASSED. Expected [1] and Actual [2]. Comparison Type [GREATER_THAN_OR_EQUALS]. Validation Type [POSITIVE]. @30-09-2021 01:58:46.0856 A
[ReportManager] File Action [GetAbsolutePath] successfully performed. With the following test data [Relative Folder Path: "target/downloadedFiles/"]. @30-09-2021 01:58:46.0868 AM
[ReportManager] Attempting to run remotely on: [Linux-64], [GoogleChrome], [http://localhost:4444/wd/hub], Headless Execution. @30-09-2021 01:58:46.0924 AM
[ReportManager] Successfully Opened [GoogleChrome]. @30-09-2021 01:58:48.0558 AM
[ReportManager] Target URL: [https://www.google.com/ncr], and after redirection: [www.google.com] @30-09-2021 01:58:48.0605 AM
[ReportManager] Initial URL: [data:,] @30-09-2021 01:58:48.0708 AM
[ReportManager] Browser Action [NavigateToURL] successfully performed. With the following test data [https://www.google.com/ncr]. @30-09-2021 01:58:50.0139 A

################################################################################################################################################
Starting Execution:	[9 out of 144] test cases in the current suite
Test Method:		[unitTests.tests_validations_assertions.assertElementAttribute_false_caseInsensitiveComparison_expectedToFail]
################################################################################################################################################
[ReportManager] Element Action [Type] successfully performed. With the following test data [AUTOMATION]. @30-09-2021 01:58:50.0725 AM
[ReportManager] Element Action [GetText] successfully performed. With the following test data [AUTOMATION]. @30-09-2021 01:58:50.0935 AM
[ReportManager] Loaded Shared OpenCV @30-09-2021 01:58:51.0605 AM
[ReportManager] Assertion [ValidateElementAttribute] FAILED. Expected [Value Should not be 'AutomaTion' for the 'text' attribute, element locator 'By.name: q'] and Actual [AUTOMATION]. Comparison Type [CASE_INSENSITIVE]. Validation Type [NEGATIVE]. @30-09-2021 01:58:51.0930 AM
[ReportManager] Successfully created attachment [Screenshot - 1632967131155_assertElementAttribute_false_caseInsensitiveComparison_expectedToFail_ValidateElementAttribute_failed] @30-09-2021 01:58:51.0949 A
[ReportManager] Browser Action [CloseCurrentWindow] successfully performed. @30-09-2021 01:58:52.0117 AM
[ReportManager] Successfully created attachment [Browser Action Test Data - CloseCurrentWindow - Actual Value] @30-09-2021 01:58:52.0126 A
[ReportManager] File Action [GetAbsolutePath] successfully performed. With the following test data [Relative Folder Path: "target/downloadedFiles/"]. @30-09-2021 01:58:52.0139 AM
[ReportManager] Attempting to run remotely on: [Linux-64], [GoogleChrome], [http://localhost:4444/wd/hub], Headless Execution. @30-09-2021 01:58:52.0140 AM
[ReportManager] Successfully Opened [GoogleChrome]. @30-09-2021 01:58:52.0418 AM
[ReportManager] Target URL: [https://www.google.com/ncr], and after redirection: [www.google.com] @30-09-2021 01:58:52.0442 AM
[ReportManager] Initial URL: [data:,] @30-09-2021 01:58:52.0518 AM
[ReportManager] Browser Action [NavigateToURL] successfully performed. With the following test data [https://www.google.com/ncr]. @30-09-2021 01:58:53.0519 A

################################################################################################################################################
Starting Execution:	[10 out of 144] test cases in the current suite
Test Method:		[unitTests.tests_validations_assertions.assertElementAttribute_false_caseInsensitiveComparison_expectedToPass]
################################################################################################################################################
[ReportManager] Element Action [Type] successfully performed. With the following test data [AUTOMATION]. @30-09-2021 01:58:54.0047 AM
[ReportManager] Element Action [GetText] successfully performed. With the following test data [AUTOMATION]. @30-09-2021 01:58:54.0201 AM
[ReportManager] Loaded Shared OpenCV @30-09-2021 01:58:54.0395 AM
[ReportManager] Assertion [ValidateElementAttribute] PASSED. Expected [Value Should not be 'AutomaTion123' for the 'text' attribute, element locator 'By.name: q'] and Actual [AUTOMATION]. Comparison Type [CASE_INSENSITIVE]. Validation Type [NEGATIVE]. @30-09-2021 01:58:54.0554 AM
[ReportManager] Successfully created attachment [Screenshot - 1632967134395_assertElementAttribute_false_caseInsensitiveComparison_expectedToPass_ValidateElementAttribute_passed] @30-09-2021 01:58:54.0558 A
[ReportManager] Browser Action [CloseCurrentWindow] successfully performed. @30-09-2021 01:58:54.0705 AM
[ReportManager] Successfully created attachment [Browser Action Test Data - CloseCurrentWindow - Actual Value] @30-09-2021 01:58:54.0706 A
[ReportManager] File Action [GetAbsolutePath] successfully performed. With the following test data [Relative Folder Path: "target/downloadedFiles/"]. @30-09-2021 01:58:54.0717 AM
[ReportManager] Attempting to run remotely on: [Linux-64], [GoogleChrome], [http://localhost:4444/wd/hub], Headless Execution. @30-09-2021 01:58:54.0718 AM
[ReportManager] Successfully Opened [GoogleChrome]. @30-09-2021 01:58:54.0992 AM
[ReportManager] Target URL: [https://www.google.com/ncr], and after redirection: [www.google.com] @30-09-2021 01:58:55.0008 AM
[ReportManager] Initial URL: [data:,] @30-09-2021 01:58:55.0081 AM
[ReportManager] Browser Action [NavigateToURL] successfully performed. With the following test data [https://www.google.com/ncr]. @30-09-2021 01:58:55.0986 A

################################################################################################################################################
Starting Execution:	[11 out of 144] test cases in the current suite
Test Method:		[unitTests.tests_validations_assertions.assertElementAttribute_false_containsComparison_expectedToFail]
################################################################################################################################################
[ReportManager] Element Action [Type] successfully performed. With the following test data [Automation123]. @30-09-2021 01:58:56.0442 AM
[ReportManager] Element Action [GetText] successfully performed. With the following test data [Automation123]. @30-09-2021 01:58:56.0566 AM
[ReportManager] Loaded Shared OpenCV @30-09-2021 01:58:56.0728 AM
[ReportManager] Assertion [ValidateElementAttribute] FAILED. Expected [Value Should not be 'Automation' for the 'text' attribute, element locator 'By.name: q'] and Actual [Automation123]. Comparison Type [CONTAINS]. Validation Type [NEGATIVE]. @30-09-2021 01:58:56.0808 AM
[ReportManager] Successfully created attachment [Screenshot - 1632967136728_assertElementAttribute_false_containsComparison_expectedToFail_ValidateElementAttribute_failed] @30-09-2021 01:58:56.0809 A
[ReportManager] Browser Action [CloseCurrentWindow] successfully performed. @30-09-2021 01:58:56.0971 AM
[ReportManager] Successfully created attachment [Browser Action Test Data - CloseCurrentWindow - Actual Value] @30-09-2021 01:58:56.0974 A
[ReportManager] File Action [GetAbsolutePath] successfully performed. With the following test data [Relative Folder Path: "target/downloadedFiles/"]. @30-09-2021 01:58:56.0989 AM
[ReportManager] Attempting to run remotely on: [Linux-64], [GoogleChrome], [http://localhost:4444/wd/hub], Headless Execution. @30-09-2021 01:58:56.0992 AM
[ReportManager] Successfully Opened [GoogleChrome]. @30-09-2021 01:58:57.0255 AM
[ReportManager] Target URL: [https://www.google.com/ncr], and after redirection: [www.google.com] @30-09-2021 01:58:57.0279 AM
[ReportManager] Initial URL: [data:,] @30-09-2021 01:58:57.0329 AM
[ReportManager] Browser Action [NavigateToURL] successfully performed. With the following test data [https://www.google.com/ncr]. @30-09-2021 01:58:58.0240 A

################################################################################################################################################
Starting Execution:	[12 out of 144] test cases in the current suite
Test Method:		[unitTests.tests_validations_assertions.assertElementAttribute_false_containsComparison_expectedToPass]
################################################################################################################################################
[ReportManager] Element Action [Type] successfully performed. With the following test data [Automation123]. @30-09-2021 01:58:58.0653 AM
[ReportManager] Element Action [GetText] successfully performed. With the following test data [Automation123]. @30-09-2021 01:58:58.0779 AM
[ReportManager] Loaded Shared OpenCV @30-09-2021 01:58:58.0942 AM
[ReportManager] Assertion [ValidateElementAttribute] PASSED. Expected [Value Should not be 'Automation1234' for the 'text' attribute, element locator 'By.name: q'] and Actual [Automation123]. Comparison Type [CONTAINS]. Validation Type [NEGATIVE]. @30-09-2021 01:58:59.0017 AM
[ReportManager] Successfully created attachment [Screenshot - 1632967138942_assertElementAttribute_false_containsComparison_expectedToPass_ValidateElementAttribute_passed] @30-09-2021 01:58:59.0018 A
[ReportManager] Browser Action [CloseCurrentWindow] successfully performed. @30-09-2021 01:58:59.0175 AM
[ReportManager] Successfully created attachment [Browser Action Test Data - CloseCurrentWindow - Actual Value] @30-09-2021 01:58:59.0176 A
[ReportManager] File Action [GetAbsolutePath] successfully performed. With the following test data [Relative Folder Path: "target/downloadedFiles/"]. @30-09-2021 01:58:59.0179 AM
[ReportManager] Attempting to run remotely on: [Linux-64], [GoogleChrome], [http://localhost:4444/wd/hub], Headless Execution. @30-09-2021 01:58:59.0179 AM
[ReportManager] Successfully Opened [GoogleChrome]. @30-09-2021 01:58:59.0405 AM
[ReportManager] Target URL: [https://www.google.com/ncr], and after redirection: [www.google.com] @30-09-2021 01:58:59.0426 AM
[ReportManager] Initial URL: [data:,] @30-09-2021 01:58:59.0474 AM
[ReportManager] Browser Action [NavigateToURL] successfully performed. With the following test data [https://www.google.com/ncr]. @30-09-2021 01:59:00.0358 A

################################################################################################################################################
Starting Execution:	[13 out of 144] test cases in the current suite
Test Method:		[unitTests.tests_validations_assertions.assertElementAttribute_false_literalComparison_expectedToFail]
################################################################################################################################################
[ReportManager] Element Action [Type] successfully performed. With the following test data [Automation!@#$%^&*()_+{}[]\';/.,]. @30-09-2021 01:59:00.0891 AM
[ReportManager] Element Action [GetText] successfully performed. With the following test data [Automation!@#$%^&*()_+{}[]\';/.,]. @30-09-2021 01:59:01.0035 AM
[ReportManager] Loaded Shared OpenCV @30-09-2021 01:59:01.0206 AM
[ReportManager] Assertion [ValidateElementAttribute] PASSED. Expected [Value Should not be 'Automation!@#$%^&*()_+{}[]\\';/.,' for the 'text' attribute, element locator 'By.name: q'] and Actual [Automation!@#$%^&*()_+{}[]\';/.,]. Comparison Type [EQUALS]. Validation Type [NEGATIVE]. @30-09-2021 01:59:01.0289 AM
[ReportManager] Successfully created attachment [Screenshot - 1632967141205_assertElementAttribute_false_literalComparison_expectedToFail_ValidateElementAttribute_passed] @30-09-2021 01:59:01.0299 A
[ReportManager] Browser Action [CloseCurrentWindow] successfully performed. @30-09-2021 01:59:01.0451 AM
[ReportManager] Successfully created attachment [Browser Action Test Data - CloseCurrentWindow - Actual Value] @30-09-2021 01:59:01.0452 A
[ReportManager] File Action [GetAbsolutePath] successfully performed. With the following test data [Relative Folder Path: "target/downloadedFiles/"]. @30-09-2021 01:59:01.0456 AM
[ReportManager] Attempting to run remotely on: [Linux-64], [GoogleChrome], [http://localhost:4444/wd/hub], Headless Execution. @30-09-2021 01:59:01.0456 AM
[ReportManager] Successfully Opened [GoogleChrome]. @30-09-2021 01:59:01.0717 AM
[ReportManager] Target URL: [https://www.google.com/ncr], and after redirection: [www.google.com] @30-09-2021 01:59:01.0732 AM
[ReportManager] Initial URL: [data:,] @30-09-2021 01:59:01.0788 AM
[ReportManager] Browser Action [NavigateToURL] successfully performed. With the following test data [https://www.google.com/ncr]. @30-09-2021 01:59:02.0756 A

################################################################################################################################################
Starting Execution:	[14 out of 144] test cases in the current suite
Test Method:		[unitTests.tests_validations_assertions.assertElementAttribute_false_literalComparison_expectedToPass]
################################################################################################################################################
[ReportManager] Element Action [Type] successfully performed. With the following test data [Automation!@#$%^&*()_+{}[]\';/.,]. @30-09-2021 01:59:03.0259 AM
[ReportManager] Element Action [GetText] successfully performed. With the following test data [Automation!@#$%^&*()_+{}[]\';/.,]. @30-09-2021 01:59:03.0367 AM
[ReportManager] Loaded Shared OpenCV @30-09-2021 01:59:03.0517 AM
[ReportManager] Assertion [ValidateElementAttribute] PASSED. Expected [Value Should not be 'Automation' for the 'text' attribute, element locator 'By.name: q'] and Actual [Automation!@#$%^&*()_+{}[]\';/.,]. Comparison Type [EQUALS]. Validation Type [NEGATIVE]. @30-09-2021 01:59:03.0588 AM
[ReportManager] Successfully created attachment [Screenshot - 1632967143517_assertElementAttribute_false_literalComparison_expectedToPass_ValidateElementAttribute_passed] @30-09-2021 01:59:03.0589 A
[ReportManager] Browser Action [CloseCurrentWindow] successfully performed. @30-09-2021 01:59:03.0729 AM
[ReportManager] Successfully created attachment [Browser Action Test Data - CloseCurrentWindow - Actual Value] @30-09-2021 01:59:03.0732 A
[ReportManager] File Action [GetAbsolutePath] successfully performed. With the following test data [Relative Folder Path: "target/downloadedFiles/"]. @30-09-2021 01:59:03.0739 AM
[ReportManager] Attempting to run remotely on: [Linux-64], [GoogleChrome], [http://localhost:4444/wd/hub], Headless Execution. @30-09-2021 01:59:03.0739 AM
[ReportManager] Successfully Opened [GoogleChrome]. @30-09-2021 01:59:03.0955 AM
[ReportManager] Target URL: [https://www.google.com/ncr], and after redirection: [www.google.com] @30-09-2021 01:59:03.0979 AM
[ReportManager] Initial URL: [data:,] @30-09-2021 01:59:04.0046 AM
[ReportManager] Browser Action [NavigateToURL] successfully performed. With the following test data [https://www.google.com/ncr]. @30-09-2021 01:59:04.0919 A

################################################################################################################################################
Starting Execution:	[15 out of 144] test cases in the current suite
Test Method:		[unitTests.tests_validations_assertions.assertElementAttribute_false_regexComparison_expectedToFail]
################################################################################################################################################
[ReportManager] Element Action [Type] successfully performed. With the following test data [Automation123]. @30-09-2021 01:59:05.0279 AM
[ReportManager] Element Action [GetText] successfully performed. With the following test data [Automation123]. @30-09-2021 01:59:05.0378 AM
[ReportManager] Loaded Shared OpenCV @30-09-2021 01:59:05.0525 AM
[ReportManager] Assertion [ValidateElementAttribute] FAILED. Expected [Value Should not be 'Automation.*' for the 'text' attribute, element locator 'By.name: q'] and Actual [Automation123]. Comparison Type [MATCHES]. Validation Type [NEGATIVE]. @30-09-2021 01:59:05.0597 AM
[ReportManager] Successfully created attachment [Screenshot - 1632967145524_assertElementAttribute_false_regexComparison_expectedToFail_ValidateElementAttribute_failed] @30-09-2021 01:59:05.0598 A
[ReportManager] Browser Action [CloseCurrentWindow] successfully performed. @30-09-2021 01:59:05.0729 AM
[ReportManager] Successfully created attachment [Browser Action Test Data - CloseCurrentWindow - Actual Value] @30-09-2021 01:59:05.0730 A
[ReportManager] File Action [GetAbsolutePath] successfully performed. With the following test data [Relative Folder Path: "target/downloadedFiles/"]. @30-09-2021 01:59:05.0733 AM
[ReportManager] Attempting to run remotely on: [Linux-64], [GoogleChrome], [http://localhost:4444/wd/hub], Headless Execution. @30-09-2021 01:59:05.0734 AM
[ReportManager] Successfully Opened [GoogleChrome]. @30-09-2021 01:59:05.0949 AM
[ReportManager] Target URL: [https://www.google.com/ncr], and after redirection: [www.google.com] @30-09-2021 01:59:05.0977 AM
[ReportManager] Initial URL: [data:,] @30-09-2021 01:59:06.0044 AM
[ReportManager] Browser Action [NavigateToURL] successfully performed. With the following test data [https://www.google.com/ncr]. @30-09-2021 01:59:06.0950 A

################################################################################################################################################
Starting Execution:	[16 out of 144] test cases in the current suite
Test Method:		[unitTests.tests_validations_assertions.assertElementAttribute_false_regexComparison_expectedToPass]
################################################################################################################################################
[ReportManager] Element Action [Type] successfully performed. With the following test data [Automation123]. @30-09-2021 01:59:07.0329 AM
[ReportManager] Element Action [GetText] successfully performed. With the following test data [Automation123]. @30-09-2021 01:59:07.0456 AM
[ReportManager] Loaded Shared OpenCV @30-09-2021 01:59:07.0591 AM
[ReportManager] Assertion [ValidateElementAttribute] PASSED. Expected [Value Should not be 'Automation' for the 'text' attribute, element locator 'By.name: q'] and Actual [Automation123]. Comparison Type [MATCHES]. Validation Type [NEGATIVE]. @30-09-2021 01:59:07.0675 AM
[ReportManager] Successfully created attachment [Screenshot - 1632967147591_assertElementAttribute_false_regexComparison_expectedToPass_ValidateElementAttribute_passed] @30-09-2021 01:59:07.0676 A
[ReportManager] Browser Action [CloseCurrentWindow] successfully performed. @30-09-2021 01:59:07.0818 AM
[ReportManager] Successfully created attachment [Browser Action Test Data - CloseCurrentWindow - Actual Value] @30-09-2021 01:59:07.0822 A
[ReportManager] File Action [GetAbsolutePath] successfully performed. With the following test data [Relative Folder Path: "target/downloadedFiles/"]. @30-09-2021 01:59:07.0830 AM
[ReportManager] Attempting to run remotely on: [Linux-64], [GoogleChrome], [http://localhost:4444/wd/hub], Headless Execution. @30-09-2021 01:59:07.0830 AM
[ReportManager] Successfully Opened [GoogleChrome]. @30-09-2021 01:59:08.0076 AM
[ReportManager] Target URL: [https://www.google.com/ncr], and after redirection: [www.google.com] @30-09-2021 01:59:08.0099 AM
[ReportManager] Initial URL: [data:,] @30-09-2021 01:59:08.0143 AM
[ReportManager] Browser Action [NavigateToURL] successfully performed. With the following test data [https://www.google.com/ncr]. @30-09-2021 01:59:09.0039 A

################################################################################################################################################
Starting Execution:	[17 out of 144] test cases in the current suite
Test Method:		[unitTests.tests_validations_assertions.assertElementAttribute_true_caseInsensitiveComparison_expectedToFail]
################################################################################################################################################
[ReportManager] Element Action [Type] successfully performed. With the following test data [AUTOMATION]. @30-09-2021 01:59:09.0400 AM
[ReportManager] Element Action [GetText] successfully performed. With the following test data [AUTOMATION]. @30-09-2021 01:59:09.0514 AM
[ReportManager] Loaded Shared OpenCV @30-09-2021 01:59:09.0671 AM
[ReportManager] Assertion [ValidateElementAttribute] FAILED. Expected [Value Should be 'AutomaTion123' for the 'text' attribute, element locator 'By.name: q'] and Actual [AUTOMATION]. Comparison Type [CASE_INSENSITIVE]. Validation Type [POSITIVE]. @30-09-2021 01:59:09.0752 AM
[ReportManager] Successfully created attachment [Screenshot - 1632967149671_assertElementAttribute_true_caseInsensitiveComparison_expectedToFail_ValidateElementAttribute_failed] @30-09-2021 01:59:09.0753 A
[ReportManager] Browser Action [CloseCurrentWindow] successfully performed. @30-09-2021 01:59:09.0890 AM
[ReportManager] Successfully created attachment [Browser Action Test Data - CloseCurrentWindow - Actual Value] @30-09-2021 01:59:09.0891 A
[ReportManager] File Action [GetAbsolutePath] successfully performed. With the following test data [Relative Folder Path: "target/downloadedFiles/"]. @30-09-2021 01:59:09.0896 AM
[ReportManager] Attempting to run remotely on: [Linux-64], [GoogleChrome], [http://localhost:4444/wd/hub], Headless Execution. @30-09-2021 01:59:09.0897 AM
[ReportManager] Successfully Opened [GoogleChrome]. @30-09-2021 01:59:10.0130 AM
[ReportManager] Target URL: [https://www.google.com/ncr], and after redirection: [www.google.com] @30-09-2021 01:59:10.0143 AM
[ReportManager] Initial URL: [data:,] @30-09-2021 01:59:10.0191 AM
[ReportManager] Browser Action [NavigateToURL] successfully performed. With the following test data [https://www.google.com/ncr]. @30-09-2021 01:59:11.0045 A

################################################################################################################################################
Starting Execution:	[18 out of 144] test cases in the current suite
Test Method:		[unitTests.tests_validations_assertions.assertElementAttribute_true_caseInsensitiveComparison_expectedToPass]
################################################################################################################################################
[ReportManager] Element Action [Type] successfully performed. With the following test data [AUTOMATION]. @30-09-2021 01:59:11.0421 AM
[ReportManager] Element Action [GetText] successfully performed. With the following test data [AUTOMATION]. @30-09-2021 01:59:11.0517 AM
[ReportManager] Loaded Shared OpenCV @30-09-2021 01:59:11.0668 AM
[ReportManager] Assertion [ValidateElementAttribute] PASSED. Expected [Value Should be 'AutomaTion' for the 'text' attribute, element locator 'By.name: q'] and Actual [AUTOMATION]. Comparison Type [CASE_INSENSITIVE]. Validation Type [POSITIVE]. @30-09-2021 01:59:11.0747 AM
[ReportManager] Successfully created attachment [Screenshot - 1632967151668_assertElementAttribute_true_caseInsensitiveComparison_expectedToPass_ValidateElementAttribute_passed] @30-09-2021 01:59:11.0748 A
[ReportManager] Browser Action [CloseCurrentWindow] successfully performed. @30-09-2021 01:59:11.0885 AM
[ReportManager] Successfully created attachment [Browser Action Test Data - CloseCurrentWindow - Actual Value] @30-09-2021 01:59:11.0886 A
[ReportManager] File Action [GetAbsolutePath] successfully performed. With the following test data [Relative Folder Path: "target/downloadedFiles/"]. @30-09-2021 01:59:11.0889 AM
[ReportManager] Attempting to run remotely on: [Linux-64], [GoogleChrome], [http://localhost:4444/wd/hub], Headless Execution. @30-09-2021 01:59:11.0889 AM
[ReportManager] Successfully Opened [GoogleChrome]. @30-09-2021 01:59:12.0146 AM
[ReportManager] Target URL: [https://www.google.com/ncr], and after redirection: [www.google.com] @30-09-2021 01:59:12.0161 AM
[ReportManager] Initial URL: [data:,] @30-09-2021 01:59:12.0205 AM
[ReportManager] Browser Action [NavigateToURL] successfully performed. With the following test data [https://www.google.com/ncr]. @30-09-2021 01:59:13.0030 A

################################################################################################################################################
Starting Execution:	[19 out of 144] test cases in the current suite
Test Method:		[unitTests.tests_validations_assertions.assertElementAttribute_true_containsComparison_expectedToFail]
################################################################################################################################################
[ReportManager] Element Action [Type] successfully performed. With the following test data [Automation123]. @30-09-2021 01:59:13.0405 AM
[ReportManager] Element Action [GetText] successfully performed. With the following test data [Automation123]. @30-09-2021 01:59:13.0538 AM
[ReportManager] Loaded Shared OpenCV @30-09-2021 01:59:13.0689 AM
[ReportManager] Assertion [ValidateElementAttribute] FAILED. Expected [Value Should be 'Automation1234' for the 'text' attribute, element locator 'By.name: q'] and Actual [Automation123]. Comparison Type [CONTAINS]. Validation Type [POSITIVE]. @30-09-2021 01:59:13.0768 AM
[ReportManager] Successfully created attachment [Screenshot - 1632967153689_assertElementAttribute_true_containsComparison_expectedToFail_ValidateElementAttribute_failed] @30-09-2021 01:59:13.0769 A
[ReportManager] Browser Action [CloseCurrentWindow] successfully performed. @30-09-2021 01:59:13.0910 AM
[ReportManager] Successfully created attachment [Browser Action Test Data - CloseCurrentWindow - Actual Value] @30-09-2021 01:59:13.0911 A
[ReportManager] File Action [GetAbsolutePath] successfully performed. With the following test data [Relative Folder Path: "target/downloadedFiles/"]. @30-09-2021 01:59:13.0914 AM
[ReportManager] Attempting to run remotely on: [Linux-64], [GoogleChrome], [http://localhost:4444/wd/hub], Headless Execution. @30-09-2021 01:59:13.0914 AM
[ReportManager] Successfully Opened [GoogleChrome]. @30-09-2021 01:59:14.0213 AM
[ReportManager] Target URL: [https://www.google.com/ncr], and after redirection: [www.google.com] @30-09-2021 01:59:14.0233 AM
[ReportManager] Initial URL: [data:,] @30-09-2021 01:59:14.0283 AM
[ReportManager] Browser Action [NavigateToURL] successfully performed. With the following test data [https://www.google.com/ncr]. @30-09-2021 01:59:15.0129 A

################################################################################################################################################
Starting Execution:	[20 out of 144] test cases in the current suite
Test Method:		[unitTests.tests_validations_assertions.assertElementAttribute_true_containsComparison_expectedToPass]
################################################################################################################################################
[ReportManager] Element Action [Type] successfully performed. With the following test data [Automation123]. @30-09-2021 01:59:15.0564 AM
[ReportManager] Element Action [GetText] successfully performed. With the following test data [Automation123]. @30-09-2021 01:59:15.0654 AM
[ReportManager] Loaded Shared OpenCV @30-09-2021 01:59:15.0773 AM
[ReportManager] Assertion [ValidateElementAttribute] PASSED. Expected [Value Should be 'Automation' for the 'text' attribute, element locator 'By.name: q'] and Actual [Automation123]. Comparison Type [CONTAINS]. Validation Type [POSITIVE]. @30-09-2021 01:59:15.0846 AM
[ReportManager] Successfully created attachment [Screenshot - 1632967155773_assertElementAttribute_true_containsComparison_expectedToPass_ValidateElementAttribute_passed] @30-09-2021 01:59:15.0848 A
[ReportManager] Browser Action [CloseCurrentWindow] successfully performed. @30-09-2021 01:59:15.0974 AM
[ReportManager] Successfully created attachment [Browser Action Test Data - CloseCurrentWindow - Actual Value] @30-09-2021 01:59:15.0974 A
[ReportManager] File Action [GetAbsolutePath] successfully performed. With the following test data [Relative Folder Path: "target/downloadedFiles/"]. @30-09-2021 01:59:15.0978 AM
[ReportManager] Attempting to run remotely on: [Linux-64], [GoogleChrome], [http://localhost:4444/wd/hub], Headless Execution. @30-09-2021 01:59:15.0978 AM
[ReportManager] Successfully Opened [GoogleChrome]. @30-09-2021 01:59:16.0187 AM
[ReportManager] Target URL: [https://www.google.com/ncr], and after redirection: [www.google.com] @30-09-2021 01:59:16.0199 AM
[ReportManager] Initial URL: [data:,] @30-09-2021 01:59:16.0247 AM
[ReportManager] Browser Action [NavigateToURL] successfully performed. With the following test data [https://www.google.com/ncr]. @30-09-2021 01:59:17.0116 A

################################################################################################################################################
Starting Execution:	[21 out of 144] test cases in the current suite
Test Method:		[unitTests.tests_validations_assertions.assertElementAttribute_true_literalComparison_expectedToFail]
################################################################################################################################################
[ReportManager] Element Action [Type] successfully performed. With the following test data [Automation!@#$%^&*()_+{}[]\';/.,]. @30-09-2021 01:59:17.0624 AM
[ReportManager] Element Action [GetText] successfully performed. With the following test data [Automation!@#$%^&*()_+{}[]\';/.,]. @30-09-2021 01:59:17.0754 AM
[ReportManager] Loaded Shared OpenCV @30-09-2021 01:59:17.0975 AM
[ReportManager] Assertion [ValidateElementAttribute] FAILED. Expected [Value Should be 'Automation' for the 'text' attribute, element locator 'By.name: q'] and Actual [Automation!@#$%^&*()_+{}[]\';/.,]. Comparison Type [EQUALS]. Validation Type [POSITIVE]. @30-09-2021 01:59:18.0098 AM
[ReportManager] Successfully created attachment [Screenshot - 1632967157974_assertElementAttribute_true_literalComparison_expectedToFail_ValidateElementAttribute_failed] @30-09-2021 01:59:18.0100 A
[ReportManager] Browser Action [CloseCurrentWindow] successfully performed. @30-09-2021 01:59:18.0226 AM
[ReportManager] Successfully created attachment [Browser Action Test Data - CloseCurrentWindow - Actual Value] @30-09-2021 01:59:18.0227 A
[ReportManager] File Action [GetAbsolutePath] successfully performed. With the following test data [Relative Folder Path: "target/downloadedFiles/"]. @30-09-2021 01:59:18.0231 AM
[ReportManager] Attempting to run remotely on: [Linux-64], [GoogleChrome], [http://localhost:4444/wd/hub], Headless Execution. @30-09-2021 01:59:18.0232 AM
[ReportManager] Successfully Opened [GoogleChrome]. @30-09-2021 01:59:18.0511 AM
[ReportManager] Target URL: [https://www.google.com/ncr], and after redirection: [www.google.com] @30-09-2021 01:59:18.0526 AM
[ReportManager] Initial URL: [data:,] @30-09-2021 01:59:18.0577 AM
[ReportManager] Browser Action [NavigateToURL] successfully performed. With the following test data [https://www.google.com/ncr]. @30-09-2021 01:59:19.0385 A

################################################################################################################################################
Starting Execution:	[22 out of 144] test cases in the current suite
Test Method:		[unitTests.tests_validations_assertions.assertElementAttribute_true_literalComparison_expectedToPass]
################################################################################################################################################
[ReportManager] Element Action [Type] successfully performed. With the following test data [Automation!@#$%^&*()_+{}[]\';/.,]. @30-09-2021 01:59:19.0847 AM
[ReportManager] Element Action [GetText] successfully performed. With the following test data [Automation!@#$%^&*()_+{}[]\';/.,]. @30-09-2021 01:59:19.0939 AM
[ReportManager] Loaded Shared OpenCV @30-09-2021 01:59:20.0091 AM
[ReportManager] Assertion [ValidateElementAttribute] PASSED. Expected [Value Should be 'Automation!@#$%^&*()_+{}[]\';/.,' for the 'text' attribute, element locator 'By.name: q'] and Actual [Automation!@#$%^&*()_+{}[]\';/.,]. Comparison Type [EQUALS]. Validation Type [POSITIVE]. @30-09-2021 01:59:20.0170 AM
[ReportManager] Successfully created attachment [Screenshot - 1632967160091_assertElementAttribute_true_literalComparison_expectedToPass_ValidateElementAttribute_passed] @30-09-2021 01:59:20.0171 A
[ReportManager] Browser Action [CloseCurrentWindow] successfully performed. @30-09-2021 01:59:20.0295 AM
[ReportManager] Successfully created attachment [Browser Action Test Data - CloseCurrentWindow - Actual Value] @30-09-2021 01:59:20.0296 A
[ReportManager] File Action [GetAbsolutePath] successfully performed. With the following test data [Relative Folder Path: "target/downloadedFiles/"]. @30-09-2021 01:59:20.0298 AM
[ReportManager] Attempting to run remotely on: [Linux-64], [GoogleChrome], [http://localhost:4444/wd/hub], Headless Execution. @30-09-2021 01:59:20.0299 AM
[ReportManager] Successfully Opened [GoogleChrome]. @30-09-2021 01:59:20.0570 AM
[ReportManager] Target URL: [https://www.google.com/ncr], and after redirection: [www.google.com] @30-09-2021 01:59:20.0580 AM
[ReportManager] Initial URL: [data:,] @30-09-2021 01:59:20.0621 AM
[ReportManager] Browser Action [NavigateToURL] successfully performed. With the following test data [https://www.google.com/ncr]. @30-09-2021 01:59:21.0429 A

################################################################################################################################################
Starting Execution:	[23 out of 144] test cases in the current suite
Test Method:		[unitTests.tests_validations_assertions.assertElementAttribute_true_regexComparison_expectedToFail]
################################################################################################################################################
[ReportManager] Element Action [Type] successfully performed. With the following test data [Automation123]. @30-09-2021 01:59:21.0777 AM
[ReportManager] Element Action [GetText] successfully performed. With the following test data [Automation123]. @30-09-2021 01:59:21.0886 AM
[ReportManager] Loaded Shared OpenCV @30-09-2021 01:59:22.0054 AM
[ReportManager] Assertion [ValidateElementAttribute] FAILED. Expected [Value Should be 'Automation' for the 'text' attribute, element locator 'By.name: q'] and Actual [Automation123]. Comparison Type [MATCHES]. Validation Type [POSITIVE]. @30-09-2021 01:59:22.0124 AM
[ReportManager] Successfully created attachment [Screenshot - 1632967162053_assertElementAttribute_true_regexComparison_expectedToFail_ValidateElementAttribute_failed] @30-09-2021 01:59:22.0125 A
[ReportManager] Browser Action [CloseCurrentWindow] successfully performed. @30-09-2021 01:59:22.0249 AM
[ReportManager] Successfully created attachment [Browser Action Test Data - CloseCurrentWindow - Actual Value] @30-09-2021 01:59:22.0250 A
[ReportManager] File Action [GetAbsolutePath] successfully performed. With the following test data [Relative Folder Path: "target/downloadedFiles/"]. @30-09-2021 01:59:22.0254 AM
[ReportManager] Attempting to run remotely on: [Linux-64], [GoogleChrome], [http://localhost:4444/wd/hub], Headless Execution. @30-09-2021 01:59:22.0255 AM
[ReportManager] Successfully Opened [GoogleChrome]. @30-09-2021 01:59:22.0473 AM
[ReportManager] Target URL: [https://www.google.com/ncr], and after redirection: [www.google.com] @30-09-2021 01:59:22.0484 AM
[ReportManager] Initial URL: [data:,] @30-09-2021 01:59:22.0525 AM
[ReportManager] Browser Action [NavigateToURL] successfully performed. With the following test data [https://www.google.com/ncr]. @30-09-2021 01:59:23.0410 A

################################################################################################################################################
Starting Execution:	[24 out of 144] test cases in the current suite
Test Method:		[unitTests.tests_validations_assertions.assertElementAttribute_true_regexComparison_expectedToPass]
################################################################################################################################################
[ReportManager] Element Action [Type] successfully performed. With the following test data [Automation123]. @30-09-2021 01:59:23.0786 AM
[ReportManager] Element Action [GetText] successfully performed. With the following test data [Automation123]. @30-09-2021 01:59:23.0890 AM
[ReportManager] Loaded Shared OpenCV @30-09-2021 01:59:24.0020 AM
[ReportManager] Assertion [ValidateElementAttribute] PASSED. Expected [Value Should be 'Automation.*' for the 'text' attribute, element locator 'By.name: q'] and Actual [Automation123]. Comparison Type [MATCHES]. Validation Type [POSITIVE]. @30-09-2021 01:59:24.0089 AM
[ReportManager] Successfully created attachment [Screenshot - 1632967164020_assertElementAttribute_true_regexComparison_expectedToPass_ValidateElementAttribute_passed] @30-09-2021 01:59:24.0090 A
[ReportManager] Browser Action [CloseCurrentWindow] successfully performed. @30-09-2021 01:59:24.0213 AM
[ReportManager] Successfully created attachment [Browser Action Test Data - CloseCurrentWindow - Actual Value] @30-09-2021 01:59:24.0216 A
[ReportManager] File Action [GetAbsolutePath] successfully performed. With the following test data [Relative Folder Path: "target/downloadedFiles/"]. @30-09-2021 01:59:24.0222 AM
[ReportManager] Attempting to run remotely on: [Linux-64], [GoogleChrome], [http://localhost:4444/wd/hub], Headless Execution. @30-09-2021 01:59:24.0222 AM
[ReportManager] Successfully Opened [GoogleChrome]. @30-09-2021 01:59:24.0472 AM
[ReportManager] Target URL: [https://www.google.com/ncr], and after redirection: [www.google.com] @30-09-2021 01:59:24.0482 AM
[ReportManager] Initial URL: [data:,] @30-09-2021 01:59:24.0528 AM
[ReportManager] Browser Action [NavigateToURL] successfully performed. With the following test data [https://www.google.com/ncr]. @30-09-2021 01:59:25.0413 A

################################################################################################################################################
Starting Execution:	[25 out of 144] test cases in the current suite
Test Method:		[unitTests.tests_validations_assertions.assertElementAttribute_type_true_literalComparison_expectedToPass]
################################################################################################################################################
[ReportManager] Element Action [Type] successfully performed. With the following test data [Automation!@#$%^&*()_+{}[]\';/.,]. @30-09-2021 01:59:25.0955 AM
[ReportManager] Element Action [GetText] successfully performed. With the following test data [Automation!@#$%^&*()_+{}[]\';/.,]. @30-09-2021 01:59:26.0077 AM
[ReportManager] Loaded Shared OpenCV @30-09-2021 01:59:26.0230 AM
[ReportManager] Assertion [ValidateElementAttribute] PASSED. Expected [Value Should be 'Automation!@#$%^&*()_+{}[]\';/.,' for the 'text' attribute, element locator 'By.name: q'] and Actual [Automation!@#$%^&*()_+{}[]\';/.,]. Comparison Type [EQUALS]. Validation Type [POSITIVE]. @30-09-2021 01:59:26.0302 AM
[ReportManager] Successfully created attachment [Screenshot - 1632967166230_assertElementAttribute_type_true_literalComparison_expectedToPass_ValidateElementAttribute_passed] @30-09-2021 01:59:26.0303 A
[ReportManager] Browser Action [CloseCurrentWindow] successfully performed. @30-09-2021 01:59:26.0434 AM
[ReportManager] Successfully created attachment [Browser Action Test Data - CloseCurrentWindow - Actual Value] @30-09-2021 01:59:26.0435 A
[ReportManager] File Action [GetAbsolutePath] successfully performed. With the following test data [Relative Folder Path: "target/downloadedFiles/"]. @30-09-2021 01:59:26.0438 AM
[ReportManager] Attempting to run remotely on: [Linux-64], [GoogleChrome], [http://localhost:4444/wd/hub], Headless Execution. @30-09-2021 01:59:26.0444 AM
[ReportManager] Successfully Opened [GoogleChrome]. @30-09-2021 01:59:26.0649 AM
[ReportManager] Target URL: [https://www.google.com/ncr], and after redirection: [www.google.com] @30-09-2021 01:59:26.0662 AM
[ReportManager] Initial URL: [data:,] @30-09-2021 01:59:26.0717 AM
[ReportManager] Browser Action [NavigateToURL] successfully performed. With the following test data [https://www.google.com/ncr]. @30-09-2021 01:59:27.0531 A

################################################################################################################################################
Starting Execution:	[26 out of 144] test cases in the current suite
Test Method:		[unitTests.tests_validations_assertions.assertElementExists_false_expectedToFail]
################################################################################################################################################
[ReportManager] Assertion [ValidateElementExists] PASSED. Expected [Element Should not Exist, locator 'By.id: hplogo'] and Actual [Element Doesn't Exists]. Comparison Type [EQUALS]. Validation Type [NEGATIVE]. @30-09-2021 01:59:37.0930 AM
[ReportManager] Successfully created attachment [Screenshot - 1632967177855_assertElementExists_false_expectedToFail_ValidateElementExists_passed] @30-09-2021 01:59:37.0931 A
[ReportManager] Browser Action [CloseCurrentWindow] successfully performed. @30-09-2021 01:59:38.0066 AM
[ReportManager] Successfully created attachment [Browser Action Test Data - CloseCurrentWindow - Actual Value] @30-09-2021 01:59:38.0067 A
[ReportManager] File Action [GetAbsolutePath] successfully performed. With the following test data [Relative Folder Path: "target/downloadedFiles/"]. @30-09-2021 01:59:38.0072 AM
[ReportManager] Attempting to run remotely on: [Linux-64], [GoogleChrome], [http://localhost:4444/wd/hub], Headless Execution. @30-09-2021 01:59:38.0073 AM
[ReportManager] Successfully Opened [GoogleChrome]. @30-09-2021 01:59:38.0293 AM
[ReportManager] Target URL: [https://www.google.com/ncr], and after redirection: [www.google.com] @30-09-2021 01:59:38.0304 AM
[ReportManager] Initial URL: [data:,] @30-09-2021 01:59:38.0343 AM
[ReportManager] Browser Action [NavigateToURL] successfully performed. With the following test data [https://www.google.com/ncr]. @30-09-2021 01:59:39.0206 A

################################################################################################################################################
Starting Execution:	[27 out of 144] test cases in the current suite
Test Method:		[unitTests.tests_validations_assertions.assertElementExists_false_expectedToPass]
################################################################################################################################################
[ReportManager] Assertion [ValidateElementExists] PASSED. Expected [Element Should not Exist, locator 'By.id: fakeElement'] and Actual [Element Doesn't Exists]. Comparison Type [EQUALS]. Validation Type [NEGATIVE]. @30-09-2021 01:59:49.0584 AM
[ReportManager] Successfully created attachment [Screenshot - 1632967189521_assertElementExists_false_expectedToPass_ValidateElementExists_passed] @30-09-2021 01:59:49.0585 A
[ReportManager] Browser Action [CloseCurrentWindow] successfully performed. @30-09-2021 01:59:49.0722 AM
[ReportManager] Successfully created attachment [Browser Action Test Data - CloseCurrentWindow - Actual Value] @30-09-2021 01:59:49.0723 A
[ReportManager] File Action [GetAbsolutePath] successfully performed. With the following test data [Relative Folder Path: "target/downloadedFiles/"]. @30-09-2021 01:59:49.0729 AM
[ReportManager] Attempting to run remotely on: [Linux-64], [GoogleChrome], [http://localhost:4444/wd/hub], Headless Execution. @30-09-2021 01:59:49.0729 AM
[ReportManager] Successfully Opened [GoogleChrome]. @30-09-2021 01:59:49.0972 AM
[ReportManager] Target URL: [https://www.google.com/ncr], and after redirection: [www.google.com] @30-09-2021 01:59:49.0989 AM
[ReportManager] Initial URL: [data:,] @30-09-2021 01:59:50.0036 AM
[ReportManager] Browser Action [NavigateToURL] successfully performed. With the following test data [https://www.google.com/ncr]. @30-09-2021 01:59:52.0497 A

################################################################################################################################################
Starting Execution:	[28 out of 144] test cases in the current suite
Test Method:		[unitTests.tests_validations_assertions.assertElementExists_false_multipleElementsFound_expectedToFail]
################################################################################################################################################
[ReportManager] Assertion [ValidateElementExists] FAILED. Expected [Element Should not Exist, locator 'By.xpath: //div'] and Actual [Element Exists but is not unique]. Comparison Type [EQUALS]. Validation Type [NEGATIVE]. @30-09-2021 01:59:52.0736 AM
[ReportManager] Successfully created attachment [Screenshot - 1632967192684_assertElementExists_false_multipleElementsFound_expectedToFail_ValidateElementExists_failed] @30-09-2021 01:59:52.0736 A
[ReportManager] Browser Action [CloseCurrentWindow] successfully performed. @30-09-2021 01:59:52.0862 AM
[ReportManager] Successfully created attachment [Browser Action Test Data - CloseCurrentWindow - Actual Value] @30-09-2021 01:59:52.0863 A
[ReportManager] File Action [GetAbsolutePath] successfully performed. With the following test data [Relative Folder Path: "target/downloadedFiles/"]. @30-09-2021 01:59:52.0867 AM
[ReportManager] Attempting to run remotely on: [Linux-64], [GoogleChrome], [http://localhost:4444/wd/hub], Headless Execution. @30-09-2021 01:59:52.0867 AM
[ReportManager] Successfully Opened [GoogleChrome]. @30-09-2021 01:59:53.0159 AM
[ReportManager] Target URL: [https://www.google.com/ncr], and after redirection: [www.google.com] @30-09-2021 01:59:53.0171 AM
[ReportManager] Initial URL: [data:,] @30-09-2021 01:59:53.0213 AM
[ReportManager] Browser Action [NavigateToURL] successfully performed. With the following test data [https://www.google.com/ncr]. @30-09-2021 01:59:54.0117 A

################################################################################################################################################
Starting Execution:	[29 out of 144] test cases in the current suite
Test Method:		[unitTests.tests_validations_assertions.assertElementExists_true_expectedToFail]
################################################################################################################################################
[ReportManager] Assertion [ValidateElementExists] FAILED. Expected [Element Should Exist, locator 'By.id: fakeElement'] and Actual [Element Doesn't Exists]. Comparison Type [EQUALS]. Validation Type [POSITIVE]. @30-09-2021 02:00:24.0831 AM
[ReportManager] Successfully created attachment [Screenshot - 1632967224773_assertElementExists_true_expectedToFail_ValidateElementExists_failed] @30-09-2021 02:00:24.0831 A
[ReportManager] Browser Action [CloseCurrentWindow] successfully performed. @30-09-2021 02:00:24.0959 AM
[ReportManager] Successfully created attachment [Browser Action Test Data - CloseCurrentWindow - Actual Value] @30-09-2021 02:00:24.0960 A
[ReportManager] File Action [GetAbsolutePath] successfully performed. With the following test data [Relative Folder Path: "target/downloadedFiles/"]. @30-09-2021 02:00:24.0965 AM
[ReportManager] Attempting to run remotely on: [Linux-64], [GoogleChrome], [http://localhost:4444/wd/hub], Headless Execution. @30-09-2021 02:00:24.0965 AM
[ReportManager] Successfully Opened [GoogleChrome]. @30-09-2021 02:00:25.0195 AM
[ReportManager] Target URL: [https://www.google.com/ncr], and after redirection: [www.google.com] @30-09-2021 02:00:25.0205 AM
[ReportManager] Initial URL: [data:,] @30-09-2021 02:00:25.0251 AM
[ReportManager] Browser Action [NavigateToURL] successfully performed. With the following test data [https://www.google.com/ncr]. @30-09-2021 02:00:26.0142 A

################################################################################################################################################
Starting Execution:	[30 out of 144] test cases in the current suite
Test Method:		[unitTests.tests_validations_assertions.assertElementExists_true_expectedToPass]
################################################################################################################################################
[ReportManager] Loaded Shared OpenCV @30-09-2021 02:00:26.0339 AM
[ReportManager] Assertion [ValidateElementExists] PASSED. Expected [Element Should Exist, locator 'By.xpath: //*[@id='hplogo' or @alt='Google']'] and Actual [Element Exists]. Comparison Type [EQUALS]. Validation Type [POSITIVE]. @30-09-2021 02:00:26.0415 AM
[ReportManager] Successfully created attachment [Screenshot - 1632967226339_assertElementExists_true_expectedToPass_ValidateElementExists_passed] @30-09-2021 02:00:26.0416 A
[ReportManager] Browser Action [CloseCurrentWindow] successfully performed. @30-09-2021 02:00:26.0540 AM
[ReportManager] Successfully created attachment [Browser Action Test Data - CloseCurrentWindow - Actual Value] @30-09-2021 02:00:26.0541 A
[ReportManager] File Action [GetAbsolutePath] successfully performed. With the following test data [Relative Folder Path: "target/downloadedFiles/"]. @30-09-2021 02:00:26.0546 AM
[ReportManager] Attempting to run remotely on: [Linux-64], [GoogleChrome], [http://localhost:4444/wd/hub], Headless Execution. @30-09-2021 02:00:26.0546 AM
[ReportManager] Successfully Opened [GoogleChrome]. @30-09-2021 02:00:26.0735 AM
[ReportManager] Target URL: [https://www.google.com/ncr], and after redirection: [www.google.com] @30-09-2021 02:00:26.0749 AM
[ReportManager] Initial URL: [data:,] @30-09-2021 02:00:26.0789 AM
[ReportManager] Browser Action [NavigateToURL] successfully performed. With the following test data [https://www.google.com/ncr]. @30-09-2021 02:00:27.0642 A

################################################################################################################################################
Starting Execution:	[31 out of 144] test cases in the current suite
Test Method:		[unitTests.tests_validations_assertions.assertElementExists_true_multipleElementsFound_expectedToFail]
################################################################################################################################################
[ReportManager] Assertion [ValidateElementExists] FAILED. Expected [Element Should Exist, locator 'By.xpath: //div'] and Actual [Element Exists but is not unique]. Comparison Type [EQUALS]. Validation Type [POSITIVE]. @30-09-2021 02:00:27.0901 AM
[ReportManager] Successfully created attachment [Screenshot - 1632967227839_assertElementExists_true_multipleElementsFound_expectedToFail_ValidateElementExists_failed] @30-09-2021 02:00:27.0908 A
[ReportManager] Browser Action [CloseCurrentWindow] successfully performed. @30-09-2021 02:00:28.0040 AM
[ReportManager] Successfully created attachment [Browser Action Test Data - CloseCurrentWindow - Actual Value] @30-09-2021 02:00:28.0041 A

################################################################################################################################################
Starting Execution:	[32 out of 144] test cases in the current suite
Test Method:		[unitTests.tests_validations_assertions.assertEquals_false_expectedToFail]
################################################################################################################################################
[ReportManager] Assertion [ValidateEquals] FAILED. Expected [1] and Actual [1]. Comparison Type [EQUALS]. Validation Type [NEGATIVE]. @30-09-2021 02:00:28.0046 A

################################################################################################################################################
Starting Execution:	[33 out of 144] test cases in the current suite
Test Method:		[unitTests.tests_validations_assertions.assertEquals_false_expectedToPass]
################################################################################################################################################
[ReportManager] Assertion [ValidateEquals] PASSED. Expected [1] and Actual [2]. Comparison Type [EQUALS]. Validation Type [NEGATIVE]. @30-09-2021 02:00:28.0049 A

################################################################################################################################################
Starting Execution:	[34 out of 144] test cases in the current suite
Test Method:		[unitTests.tests_validations_assertions.assertEquals_longCharacters]
################################################################################################################################################
[ReportManager] Verification [ValidateEquals] PASSED. Expected and Actual values are attached. Comparison Type [EQUALS]. Validation Type [POSITIVE]. @30-09-2021 02:00:28.0054 AM
[ReportManager] Successfully created attachment [Validation Test Data - Expected Value] @30-09-2021 02:00:28.0054 AM
[ReportManager] Successfully created attachment [Validation Test Data - Actual Value] @30-09-2021 02:00:28.0054 AM
[ReportManager] Assertion [ValidateEquals] PASSED. Expected and Actual values are attached. Comparison Type [EQUALS]. Validation Type [POSITIVE]. @30-09-2021 02:00:28.0054 AM
[ReportManager] Successfully created attachment [Validation Test Data - Expected Value] @30-09-2021 02:00:28.0055 AM
[ReportManager] Successfully created attachment [Validation Test Data - Actual Value] @30-09-2021 02:00:28.0055 A

################################################################################################################################################
Starting Execution:	[35 out of 144] test cases in the current suite
Test Method:		[unitTests.tests_validations_assertions.assertEquals_longCharacters_Discreet]
################################################################################################################################################
[ReportManager] Assertion [ValidateEquals] PASSED. Expected [1LH5pROcDBjjQk0t0mCr0lXuzQu9lcGj28kY8R1H81X67eVAQJgWQhILiRWVPUgZ6uCtK5cnBkF55Jr9vYngjGO1Iyf0Mktv6lruDlL9T8MAUPcUZJGHZtji6nIeadujDSNmWMj5d6C8zlFqw0CRqBU0hO5adIasHgBSNoLotAjce3NGXoDwAlp3rYreeV16VIyZXROQY] and Actual [1LH5pROcDBjjQk0t0mCr0lXuzQu9lcGj28kY8R1H81X67eVAQJgWQhILiRWVPUgZ6uCtK5cnBkF55Jr9vYngjGO1Iyf0Mktv6lruDlL9T8MAUPcUZJGHZtji6nIeadujDSNmWMj5d6C8zlFqw0CRqBU0hO5adIasHgBSNoLotAjce3NGXoDwAlp3rYreeV16VIyZXROQY]. Comparison Type [EQUALS]. Validation Type [POSITIVE]. @30-09-2021 02:00:28.0060 A

################################################################################################################################################
Starting Execution:	[36 out of 144] test cases in the current suite
Test Method:		[unitTests.tests_validations_assertions.assertEquals_true_expectedToFail]
################################################################################################################################################
[ReportManager] Assertion [ValidateEquals] FAILED. Expected [1] and Actual [2]. Comparison Type [EQUALS]. Validation Type [POSITIVE]. @30-09-2021 02:00:28.0062 A

################################################################################################################################################
Starting Execution:	[37 out of 144] test cases in the current suite
Test Method:		[unitTests.tests_validations_assertions.assertEquals_true_expectedToPass]
Test Description:	[Assert that assertEquals works as expected when the two values are equal.]
################################################################################################################################################
[ReportManager] Verification [ValidateEquals] PASSED. Expected [1] and Actual [1]. Comparison Type [EQUALS]. Validation Type [POSITIVE]. @30-09-2021 02:00:28.0072 AM
[ReportManager] Assertion [ValidateEquals] PASSED. Expected [1] and Actual [1]. Comparison Type [EQUALS]. Validation Type [POSITIVE]. @30-09-2021 02:00:28.0072 A

################################################################################################################################################
Starting Execution:	[38 out of 144] test cases in the current suite
Test Method:		[unitTests.tests_validations_assertions.assertEquals_true_expectedToPass__]
################################################################################################################################################
[ReportManager] Assertion [ValidateEquals] PASSED. Expected [1] and Actual [1]. Comparison Type [EQUALS]. Validation Type [POSITIVE]. @30-09-2021 02:00:28.0084 A

################################################################################################################################################
Starting Execution:	[39 out of 144] test cases in the current suite
Test Method:		[unitTests.tests_validations_assertions.assertFileExists_false_expectedToFail]
################################################################################################################################################
[ReportManager] File Action [DoesFileExist] successfully performed. With the following test data [File Path: "src/main/java/com/shaft/gui/element/ElementActions.java"]. @30-09-2021 02:00:28.0086 AM
[ReportManager] Assertion [ValidateFileExists] FAILED. Expected [File 'src/main/java/com/shaft/gui/element/ElementActions.java' should not exist, after up to '1' retries] and Actual [File exists]. Validation Type [NEGATIVE]. @30-09-2021 02:00:28.0091 A

################################################################################################################################################
Starting Execution:	[40 out of 144] test cases in the current suite
Test Method:		[unitTests.tests_validations_assertions.assertFileExists_false_expectedToPass]
################################################################################################################################################
[ReportManager] File Action [DoesFileExist] successfully performed. With the following test data [File Path: "src/main/java/com/shaft/gui/element/ElementActions.java_fail"]. @30-09-2021 02:00:28.0599 AM
[ReportManager] Assertion [ValidateFileExists] PASSED. Expected [File 'src/main/java/com/shaft/gui/element/ElementActions.java_fail' should not exist, after up to '1' retries] and Actual [File does not exist]. Validation Type [NEGATIVE]. @30-09-2021 02:00:28.0599 A

################################################################################################################################################
Starting Execution:	[41 out of 144] test cases in the current suite
Test Method:		[unitTests.tests_validations_assertions.assertFileExists_true_expectedToFail]
################################################################################################################################################
[ReportManager] File Action [DoesFileExist] successfully performed. With the following test data [File Path: "src/main/java/com/shaft/gui/element/ElementActions.java_fail"]. @30-09-2021 02:00:29.0104 AM
[ReportManager] Assertion [ValidateFileExists] FAILED. Expected [File 'src/main/java/com/shaft/gui/element/ElementActions.java_fail' should exist, after up to '1' retries] and Actual [File does not exist]. Validation Type [POSITIVE]. @30-09-2021 02:00:29.0105 A

################################################################################################################################################
Starting Execution:	[42 out of 144] test cases in the current suite
Test Method:		[unitTests.tests_validations_assertions.assertFileExists_true_expectedToPass]
################################################################################################################################################
[ReportManager] File Action [DoesFileExist] successfully performed. With the following test data [File Path: "src/main/java/com/shaft/gui/element/ElementActions.java"]. @30-09-2021 02:00:29.0110 AM
[ReportManager] Assertion [ValidateFileExists] PASSED. Expected [File 'src/main/java/com/shaft/gui/element/ElementActions.java' should exist, after up to '1' retries] and Actual [File exists]. Validation Type [POSITIVE]. @30-09-2021 02:00:29.0110 A

################################################################################################################################################
Starting Execution:	[43 out of 144] test cases in the current suite
Test Method:		[unitTests.tests_validations_assertions.assertNull_false_expectedToFail]
################################################################################################################################################
[ReportManager] Assertion [ValidateNull] FAILED. Expected [NULL] and Actual [NULL]. Comparison Type [EQUALS]. Validation Type [NEGATIVE]. @30-09-2021 02:00:29.0114 A

################################################################################################################################################
Starting Execution:	[44 out of 144] test cases in the current suite
Test Method:		[unitTests.tests_validations_assertions.assertNull_false_expectedToPass]
################################################################################################################################################
[ReportManager] Assertion [ValidateNull] PASSED. Expected [NULL] and Actual [1]. Comparison Type [EQUALS]. Validation Type [NEGATIVE]. @30-09-2021 02:00:29.0123 A

################################################################################################################################################
Starting Execution:	[45 out of 144] test cases in the current suite
Test Method:		[unitTests.tests_validations_assertions.assertNull_true_expectedToFail]
################################################################################################################################################
[ReportManager] Assertion [ValidateNull] FAILED. Expected [NULL] and Actual [1]. Comparison Type [EQUALS]. Validation Type [POSITIVE]. @30-09-2021 02:00:29.0128 A

################################################################################################################################################
Starting Execution:	[46 out of 144] test cases in the current suite
Test Method:		[unitTests.tests_validations_assertions.assertNull_true_expectedToPass]
################################################################################################################################################
[ReportManager] Assertion [ValidateNull] PASSED. Expected [NULL] and Actual [NULL]. Comparison Type [EQUALS]. Validation Type [POSITIVE]. @30-09-2021 02:00:29.0132 A

################################################################################################################################################
Starting Execution:	[47 out of 144] test cases in the current suite
Test Method:		[unitTests.tests_restActions.getPostsAndAssertBodyForSpecificTitle]
################################################################################################################################################
[ReportManager] Response status code: [200], status line: [HTTP/1.1 200 OK] @30-09-2021 02:00:31.0532 AM
[ReportManager] Assertion Passed: Evaluating the actual response status code against the expected one... @30-09-2021 02:00:31.0533 AM
[ReportManager] Assertion [ValidateEquals] PASSED. Expected [200] and Actual [200]. Comparison Type [EQUALS]. Validation Type [POSITIVE]. @30-09-2021 02:00:31.0533 AM
[ReportManager] API Action [PerformRequest] successfully performed. With the following test data [Request Type: "GET" | Target Status Code: "200" | Service URL: "https://jsonplaceholder.typicode.com/posts" | Content Type: "*/*" | Response Time: "848ms"]. @30-09-2021 02:00:32.0835 AM
[ReportManager] Successfully created attachment [API Request - Specifications] @30-09-2021 02:00:32.0835 AM
[ReportManager] Successfully created attachment [API Response - JSON Body] @30-09-2021 02:00:33.0091 AM
[ReportManager] API Action [GetResponseJSONValueAsList] successfully performed. @30-09-2021 02:00:33.0133 AM
[ReportManager] API Action [GetResponseJSONValue] successfully performed. With the following test data [title]. @30-09-2021 02:00:33.0159 AM
[ReportManager] API Action [GetResponseJSONValue] successfully performed. With the following test data [title]. @30-09-2021 02:00:33.0178 AM
[ReportManager] API Action [GetResponseJSONValue] successfully performed. With the following test data [body]. @30-09-2021 02:00:33.0191 AM
[ReportManager] Assertion [ValidateEquals] PASSED. Expected [qui neque nisi nulla] and Actual [est rerum tempore vitae
sequi sint nihil reprehenderit dolor beatae ea dolores neque
fugiat blanditiis voluptate porro vel nihil molestiae ut reiciendis
qui aperiam non debitis possimus qui neque nisi nulla]. Comparison Type [CONTAINS]. Validation Type [POSITIVE]. @30-09-2021 02:00:33.0192 AM
[ReportManager] API Action [GetResponseJSONValue] successfully performed. With the following test data [title]. @30-09-2021 02:00:33.0205 AM
[ReportManager] API Action [GetResponseJSONValue] successfully performed. With the following test data [title]. @30-09-2021 02:00:33.0219 AM
[ReportManager] API Action [GetResponseJSONValue] successfully performed. With the following test data [title]. @30-09-2021 02:00:33.0232 AM
[ReportManager] API Action [GetResponseJSONValue] successfully performed. With the following test data [title]. @30-09-2021 02:00:33.0244 AM
[ReportManager] API Action [GetResponseJSONValue] successfully performed. With the following test data [title]. @30-09-2021 02:00:33.0255 AM
[ReportManager] API Action [GetResponseJSONValue] successfully performed. With the following test data [title]. @30-09-2021 02:00:33.0266 AM
[ReportManager] API Action [GetResponseJSONValue] successfully performed. With the following test data [title]. @30-09-2021 02:00:33.0277 AM
[ReportManager] API Action [GetResponseJSONValue] successfully performed. With the following test data [title]. @30-09-2021 02:00:33.0306 AM
[ReportManager] API Action [GetResponseJSONValue] successfully performed. With the following test data [title]. @30-09-2021 02:00:33.0319 AM
[ReportManager] API Action [GetResponseJSONValue] successfully performed. With the following test data [title]. @30-09-2021 02:00:33.0330 AM
[ReportManager] API Action [GetResponseJSONValue] successfully performed. With the following test data [title]. @30-09-2021 02:00:33.0341 AM
[ReportManager] API Action [GetResponseJSONValue] successfully performed. With the following test data [title]. @30-09-2021 02:00:33.0354 AM
[ReportManager] API Action [GetResponseJSONValue] successfully performed. With the following test data [title]. @30-09-2021 02:00:33.0365 AM
[ReportManager] API Action [GetResponseJSONValue] successfully performed. With the following test data [title]. @30-09-2021 02:00:33.0376 AM
[ReportManager] API Action [GetResponseJSONValue] successfully performed. With the following test data [title]. @30-09-2021 02:00:33.0389 AM
[ReportManager] API Action [GetResponseJSONValue] successfully performed. With the following test data [title]. @30-09-2021 02:00:33.0400 AM
[ReportManager] API Action [GetResponseJSONValue] successfully performed. With the following test data [title]. @30-09-2021 02:00:33.0410 AM
[ReportManager] API Action [GetResponseJSONValue] successfully performed. With the following test data [title]. @30-09-2021 02:00:33.0434 AM
[ReportManager] API Action [GetResponseJSONValue] successfully performed. With the following test data [title]. @30-09-2021 02:00:33.0453 AM
[ReportManager] API Action [GetResponseJSONValue] successfully performed. With the following test data [title]. @30-09-2021 02:00:33.0493 AM
[ReportManager] API Action [GetResponseJSONValue] successfully performed. With the following test data [title]. @30-09-2021 02:00:33.0504 AM
[ReportManager] API Action [GetResponseJSONValue] successfully performed. With the following test data [title]. @30-09-2021 02:00:33.0515 AM
[ReportManager] API Action [GetResponseJSONValue] successfully performed. With the following test data [title]. @30-09-2021 02:00:33.0526 AM
[ReportManager] API Action [GetResponseJSONValue] successfully performed. With the following test data [title]. @30-09-2021 02:00:33.0536 AM
[ReportManager] API Action [GetResponseJSONValue] successfully performed. With the following test data [title]. @30-09-2021 02:00:33.0546 AM
[ReportManager] API Action [GetResponseJSONValue] successfully performed. With the following test data [title]. @30-09-2021 02:00:33.0556 AM
[ReportManager] API Action [GetResponseJSONValue] successfully performed. With the following test data [title]. @30-09-2021 02:00:33.0567 AM
[ReportManager] API Action [GetResponseJSONValue] successfully performed. With the following test data [title]. @30-09-2021 02:00:33.0577 AM
[ReportManager] API Action [GetResponseJSONValue] successfully performed. With the following test data [title]. @30-09-2021 02:00:33.0602 AM
[ReportManager] API Action [GetResponseJSONValue] successfully performed. With the following test data [title]. @30-09-2021 02:00:33.0618 AM
[ReportManager] API Action [GetResponseJSONValue] successfully performed. With the following test data [title]. @30-09-2021 02:00:33.0640 AM
[ReportManager] API Action [GetResponseJSONValue] successfully performed. With the following test data [title]. @30-09-2021 02:00:33.0686 AM
[ReportManager] API Action [GetResponseJSONValue] successfully performed. With the following test data [title]. @30-09-2021 02:00:33.0704 AM
[ReportManager] API Action [GetResponseJSONValue] successfully performed. With the following test data [title]. @30-09-2021 02:00:33.0731 AM
[ReportManager] API Action [GetResponseJSONValue] successfully performed. With the following test data [title]. @30-09-2021 02:00:33.0751 AM
[ReportManager] API Action [GetResponseJSONValue] successfully performed. With the following test data [title]. @30-09-2021 02:00:33.0771 AM
[ReportManager] API Action [GetResponseJSONValue] successfully performed. With the following test data [title]. @30-09-2021 02:00:33.0789 AM
[ReportManager] API Action [GetResponseJSONValue] successfully performed. With the following test data [title]. @30-09-2021 02:00:33.0799 AM
[ReportManager] API Action [GetResponseJSONValue] successfully performed. With the following test data [title]. @30-09-2021 02:00:33.0809 AM
[ReportManager] API Action [GetResponseJSONValue] successfully performed. With the following test data [title]. @30-09-2021 02:00:33.0819 AM
[ReportManager] API Action [GetResponseJSONValue] successfully performed. With the following test data [title]. @30-09-2021 02:00:33.0829 AM
[ReportManager] API Action [GetResponseJSONValue] successfully performed. With the following test data [title]. @30-09-2021 02:00:33.0839 AM
[ReportManager] API Action [GetResponseJSONValue] successfully performed. With the following test data [title]. @30-09-2021 02:00:33.0849 AM
[ReportManager] API Action [GetResponseJSONValue] successfully performed. With the following test data [title]. @30-09-2021 02:00:33.0859 AM
[ReportManager] API Action [GetResponseJSONValue] successfully performed. With the following test data [title]. @30-09-2021 02:00:33.0870 AM
[ReportManager] API Action [GetResponseJSONValue] successfully performed. With the following test data [title]. @30-09-2021 02:00:33.0880 AM
[ReportManager] API Action [GetResponseJSONValue] successfully performed. With the following test data [title]. @30-09-2021 02:00:33.0889 AM
[ReportManager] API Action [GetResponseJSONValue] successfully performed. With the following test data [title]. @30-09-2021 02:00:33.0900 AM
[ReportManager] API Action [GetResponseJSONValue] successfully performed. With the following test data [title]. @30-09-2021 02:00:33.0908 AM
[ReportManager] API Action [GetResponseJSONValue] successfully performed. With the following test data [title]. @30-09-2021 02:00:33.0918 AM
[ReportManager] API Action [GetResponseJSONValue] successfully performed. With the following test data [title]. @30-09-2021 02:00:33.0928 AM
[ReportManager] API Action [GetResponseJSONValue] successfully performed. With the following test data [title]. @30-09-2021 02:00:33.0938 AM
[ReportManager] API Action [GetResponseJSONValue] successfully performed. With the following test data [title]. @30-09-2021 02:00:33.0947 AM
[ReportManager] API Action [GetResponseJSONValue] successfully performed. With the following test data [title]. @30-09-2021 02:00:33.0955 AM
[ReportManager] API Action [GetResponseJSONValue] successfully performed. With the following test data [title]. @30-09-2021 02:00:33.0963 AM
[ReportManager] API Action [GetResponseJSONValue] successfully performed. With the following test data [title]. @30-09-2021 02:00:33.0972 AM
[ReportManager] API Action [GetResponseJSONValue] successfully performed. With the following test data [title]. @30-09-2021 02:00:33.0983 AM
[ReportManager] API Action [GetResponseJSONValue] successfully performed. With the following test data [title]. @30-09-2021 02:00:33.0991 AM
[ReportManager] API Action [GetResponseJSONValue] successfully performed. With the following test data [title]. @30-09-2021 02:00:34.0001 AM
[ReportManager] API Action [GetResponseJSONValue] successfully performed. With the following test data [title]. @30-09-2021 02:00:34.0026 AM
[ReportManager] API Action [GetResponseJSONValue] successfully performed. With the following test data [title]. @30-09-2021 02:00:34.0035 AM
[ReportManager] API Action [GetResponseJSONValue] successfully performed. With the following test data [title]. @30-09-2021 02:00:34.0044 AM
[ReportManager] API Action [GetResponseJSONValue] successfully performed. With the following test data [title]. @30-09-2021 02:00:34.0054 AM
[ReportManager] API Action [GetResponseJSONValue] successfully performed. With the following test data [title]. @30-09-2021 02:00:34.0063 AM
[ReportManager] API Action [GetResponseJSONValue] successfully performed. With the following test data [title]. @30-09-2021 02:00:34.0098 AM
[ReportManager] API Action [GetResponseJSONValue] successfully performed. With the following test data [title]. @30-09-2021 02:00:34.0108 AM
[ReportManager] API Action [GetResponseJSONValue] successfully performed. With the following test data [title]. @30-09-2021 02:00:34.0118 AM
[ReportManager] API Action [GetResponseJSONValue] successfully performed. With the following test data [title]. @30-09-2021 02:00:34.0127 AM
[ReportManager] API Action [GetResponseJSONValue] successfully performed. With the following test data [title]. @30-09-2021 02:00:34.0136 AM
[ReportManager] API Action [GetResponseJSONValue] successfully performed. With the following test data [title]. @30-09-2021 02:00:34.0144 AM
[ReportManager] API Action [GetResponseJSONValue] successfully performed. With the following test data [title]. @30-09-2021 02:00:34.0154 AM
[ReportManager] API Action [GetResponseJSONValue] successfully performed. With the following test data [title]. @30-09-2021 02:00:34.0164 AM
[ReportManager] API Action [GetResponseJSONValue] successfully performed. With the following test data [title]. @30-09-2021 02:00:34.0173 AM
[ReportManager] API Action [GetResponseJSONValue] successfully performed. With the following test data [title]. @30-09-2021 02:00:34.0184 AM
[ReportManager] API Action [GetResponseJSONValue] successfully performed. With the following test data [title]. @30-09-2021 02:00:34.0195 AM
[ReportManager] API Action [GetResponseJSONValue] successfully performed. With the following test data [title]. @30-09-2021 02:00:34.0205 AM
[ReportManager] API Action [GetResponseJSONValue] successfully performed. With the following test data [title]. @30-09-2021 02:00:34.0218 AM
[ReportManager] API Action [GetResponseJSONValue] successfully performed. With the following test data [title]. @30-09-2021 02:00:34.0229 AM
[ReportManager] API Action [GetResponseJSONValue] successfully performed. With the following test data [title]. @30-09-2021 02:00:34.0238 AM
[ReportManager] API Action [GetResponseJSONValue] successfully performed. With the following test data [title]. @30-09-2021 02:00:34.0247 AM
[ReportManager] API Action [GetResponseJSONValue] successfully performed. With the following test data [title]. @30-09-2021 02:00:34.0255 AM
[ReportManager] API Action [GetResponseJSONValue] successfully performed. With the following test data [title]. @30-09-2021 02:00:34.0264 AM
[ReportManager] API Action [GetResponseJSONValue] successfully performed. With the following test data [title]. @30-09-2021 02:00:34.0273 AM
[ReportManager] API Action [GetResponseJSONValue] successfully performed. With the following test data [title]. @30-09-2021 02:00:34.0282 AM
[ReportManager] API Action [GetResponseJSONValue] successfully performed. With the following test data [title]. @30-09-2021 02:00:34.0291 AM
[ReportManager] API Action [GetResponseJSONValue] successfully performed. With the following test data [title]. @30-09-2021 02:00:34.0300 AM
[ReportManager] API Action [GetResponseJSONValue] successfully performed. With the following test data [title]. @30-09-2021 02:00:34.0309 AM
[ReportManager] API Action [GetResponseJSONValue] successfully performed. With the following test data [title]. @30-09-2021 02:00:34.0318 AM
[ReportManager] API Action [GetResponseJSONValue] successfully performed. With the following test data [title]. @30-09-2021 02:00:34.0327 AM
[ReportManager] API Action [GetResponseJSONValue] successfully performed. With the following test data [title]. @30-09-2021 02:00:34.0336 AM
[ReportManager] API Action [GetResponseJSONValue] successfully performed. With the following test data [title]. @30-09-2021 02:00:34.0344 AM
[ReportManager] API Action [GetResponseJSONValue] successfully performed. With the following test data [title]. @30-09-2021 02:00:34.0352 AM
[ReportManager] API Action [GetResponseJSONValue] successfully performed. With the following test data [title]. @30-09-2021 02:00:34.0360 AM
[ReportManager] API Action [GetResponseJSONValue] successfully performed. With the following test data [title]. @30-09-2021 02:00:34.0369 AM
[ReportManager] API Action [GetResponseJSONValue] successfully performed. With the following test data [title]. @30-09-2021 02:00:34.0378 AM
[ReportManager] API Action [GetResponseJSONValue] successfully performed. With the following test data [title]. @30-09-2021 02:00:34.0387 AM
[ReportManager] API Action [GetResponseJSONValue] successfully performed. With the following test data [title]. @30-09-2021 02:00:34.0396 AM
[ReportManager] API Action [GetResponseJSONValue] successfully performed. With the following test data [title]. @30-09-2021 02:00:34.0405 A

################################################################################################################################################
Starting Execution:	[48 out of 144] test cases in the current suite
Test Method:		[unitTests.tests_restActions.validateUserEmail]
################################################################################################################################################
[ReportManager] Response status code: [200], status line: [HTTP/1.1 200 OK] @30-09-2021 02:00:34.0500 AM
[ReportManager] Assertion Passed: Evaluating the actual response status code against the expected one... @30-09-2021 02:00:34.0501 AM
[ReportManager] Assertion [ValidateEquals] PASSED. Expected [200] and Actual [200]. Comparison Type [EQUALS]. Validation Type [POSITIVE]. @30-09-2021 02:00:34.0501 AM
[ReportManager] API Action [PerformRequest] successfully performed. With the following test data [Request Type: "GET" | Target Status Code: "200" | Service URL: "https://jsonplaceholder.typicode.com/users" | Content Type: "*/*" | Response Time: "76ms"]. @30-09-2021 02:00:34.0520 AM
[ReportManager] Successfully created attachment [API Request - Specifications] @30-09-2021 02:00:34.0520 AM
[ReportManager] Successfully created attachment [API Response - JSON Body] @30-09-2021 02:00:34.0521 AM
[ReportManager] Assertion [ValidateEquals] PASSED. Expected and Actual values are attached. Comparison Type [CONTAINS]. Validation Type [POSITIVE]. @30-09-2021 02:00:34.0521 AM
[ReportManager] Successfully created attachment [Validation Test Data - Expected Value] @30-09-2021 02:00:34.0522 AM
[ReportManager] Successfully created attachment [Validation Test Data - Actual Value] @30-09-2021 02:00:34.0522 AM
[ReportManager] API Action [GetResponseJSONValueAsList] successfully performed. With the following test data [$]. @30-09-2021 02:00:34.0526 AM
[ReportManager] API Action [GetResponseJSONValue] successfully performed. With the following test data [name]. @30-09-2021 02:00:34.0537 AM
[ReportManager] API Action [GetResponseJSONValue] successfully performed. With the following test data [email]. @30-09-2021 02:00:34.0545 AM
[ReportManager] Assertion [ValidateEquals] PASSED. Expected [Sincere@april.biz] and Actual [Sincere@april.biz]. Comparison Type [EQUALS]. Validation Type [POSITIVE]. @30-09-2021 02:00:34.0545 AM
[ReportManager] API Action [GetResponseJSONValue] successfully performed. With the following test data [name]. @30-09-2021 02:00:34.0553 AM
[ReportManager] API Action [GetResponseJSONValue] successfully performed. With the following test data [name]. @30-09-2021 02:00:34.0561 AM
[ReportManager] API Action [GetResponseJSONValue] successfully performed. With the following test data [name]. @30-09-2021 02:00:34.0570 AM
[ReportManager] API Action [GetResponseJSONValue] successfully performed. With the following test data [name]. @30-09-2021 02:00:34.0579 AM
[ReportManager] API Action [GetResponseJSONValue] successfully performed. With the following test data [name]. @30-09-2021 02:00:34.0588 AM
[ReportManager] API Action [GetResponseJSONValue] successfully performed. With the following test data [name]. @30-09-2021 02:00:34.0597 AM
[ReportManager] API Action [GetResponseJSONValue] successfully performed. With the following test data [name]. @30-09-2021 02:00:34.0606 AM
[ReportManager] API Action [GetResponseJSONValue] successfully performed. With the following test data [name]. @30-09-2021 02:00:34.0614 AM
[ReportManager] API Action [GetResponseJSONValue] successfully performed. With the following test data [name]. @30-09-2021 02:00:34.0624 A
[ReportManager] File Action [GetAbsolutePath] successfully performed. With the following test data [Relative Folder Path: "target/downloadedFiles/"]. @30-09-2021 02:00:34.0633 AM
[ReportManager] Attempting to run remotely on: [Linux-64], [GoogleChrome], [http://localhost:4444/wd/hub], Headless Execution. @30-09-2021 02:00:34.0634 AM
[ReportManager] Successfully Opened [GoogleChrome]. @30-09-2021 02:00:34.0983 A

################################################################################################################################################
Starting Execution:	[49 out of 144] test cases in the current suite
Test Method:		[unitTests.tests_element_elementActions.waitForElementToBePresent_false_expectedToFail]
################################################################################################################################################
[ReportManager] Target URL: [https://www.google.com/ncr], and after redirection: [www.google.com] @30-09-2021 02:00:35.0008 AM
[ReportManager] Initial URL: [data:,] @30-09-2021 02:00:35.0053 AM
[ReportManager] Browser Action [NavigateToURL] successfully performed. With the following test data [https://www.google.com/ncr]. @30-09-2021 02:00:37.0015 AM
[ReportManager] Waiting for element to be present; elementLocator [By.xpath: //*[@id='hplogo' or @alt='Google']], numberOfTries[1], stateOfPresence[false]... @30-09-2021 02:00:37.0023 AM
[ReportManager] Element Action [WaitForElementToBePresent] failed. With the following test data [waited for the element's state of presence to be (false). Element locator (By.xpath: //*[@id='hplogo' or @alt='Google'])]. @30-09-2021 02:00:37.0227 AM
[ReportManager] Successfully created attachment [Screenshot - 1632967237161_waitForElementToBePresent_false_expectedToFail_WaitForElementToBePresent_failed] @30-09-2021 02:00:37.0228 A
[ReportManager] Browser Action [CloseCurrentWindow] successfully performed. @30-09-2021 02:00:37.0363 AM
[ReportManager] Successfully created attachment [Browser Action Test Data - CloseCurrentWindow - Actual Value] @30-09-2021 02:00:37.0364 A
[ReportManager] File Action [GetAbsolutePath] successfully performed. With the following test data [Relative Folder Path: "target/downloadedFiles/"]. @30-09-2021 02:00:37.0367 AM
[ReportManager] Attempting to run remotely on: [Linux-64], [GoogleChrome], [http://localhost:4444/wd/hub], Headless Execution. @30-09-2021 02:00:37.0367 AM
[ReportManager] Successfully Opened [GoogleChrome]. @30-09-2021 02:00:37.0587 A

################################################################################################################################################
Starting Execution:	[50 out of 144] test cases in the current suite
Test Method:		[unitTests.tests_element_elementActions.waitForElementToBePresent_false_expectedToPass]
################################################################################################################################################
[ReportManager] Target URL: [https://www.google.com/ncr], and after redirection: [www.google.com] @30-09-2021 02:00:37.0611 AM
[ReportManager] Initial URL: [data:,] @30-09-2021 02:00:37.0660 AM
[ReportManager] Browser Action [NavigateToURL] successfully performed. With the following test data [https://www.google.com/ncr]. @30-09-2021 02:00:39.0133 AM
[ReportManager] Waiting for element to be present; elementLocator [By.id: bla], numberOfTries[1], stateOfPresence[false]... @30-09-2021 02:00:39.0133 AM
[ReportManager] Element Action [WaitForElementToBePresent] successfully performed. With the following test data [waited for the element's state of presence to be (false). Element locator (By.id: bla)]. @30-09-2021 02:00:44.0259 A
[ReportManager] Browser Action [CloseCurrentWindow] successfully performed. @30-09-2021 02:00:44.0392 AM
[ReportManager] Successfully created attachment [Browser Action Test Data - CloseCurrentWindow - Actual Value] @30-09-2021 02:00:44.0395 A
[ReportManager] File Action [GetAbsolutePath] successfully performed. With the following test data [Relative Folder Path: "target/downloadedFiles/"]. @30-09-2021 02:00:44.0399 AM
[ReportManager] Attempting to run remotely on: [Linux-64], [GoogleChrome], [http://localhost:4444/wd/hub], Headless Execution. @30-09-2021 02:00:44.0400 AM
[ReportManager] Successfully Opened [GoogleChrome]. @30-09-2021 02:00:44.0613 A

################################################################################################################################################
Starting Execution:	[51 out of 144] test cases in the current suite
Test Method:		[unitTests.tests_element_elementActions.waitForElementToBePresent_moreThanOneElement_expectedToFail]
################################################################################################################################################
[ReportManager] Target URL: [https://www.google.com/ncr], and after redirection: [www.google.com] @30-09-2021 02:00:44.0627 AM
[ReportManager] Initial URL: [data:,] @30-09-2021 02:00:44.0679 AM
[ReportManager] Browser Action [NavigateToURL] successfully performed. With the following test data [https://www.google.com/ncr]. @30-09-2021 02:00:45.0526 AM
[ReportManager] Waiting for element to be present; elementLocator [By.xpath: //*], numberOfTries[1], stateOfPresence[false]... @30-09-2021 02:00:45.0527 AM
[ReportManager] Element Action [WaitForElementToBePresent] failed. With the following test data [waited for the element's state of presence to be (false). Element locator (By.xpath: //*)]. @30-09-2021 02:00:45.0737 AM
[ReportManager] Successfully created attachment [Screenshot - 1632967245671_waitForElementToBePresent_moreThanOneElement_expectedToFail_WaitForElementToBePresent_failed] @30-09-2021 02:00:45.0738 A
[ReportManager] Browser Action [CloseCurrentWindow] successfully performed. @30-09-2021 02:00:45.0865 AM
[ReportManager] Successfully created attachment [Browser Action Test Data - CloseCurrentWindow - Actual Value] @30-09-2021 02:00:45.0866 A
[ReportManager] File Action [GetAbsolutePath] successfully performed. With the following test data [Relative Folder Path: "target/downloadedFiles/"]. @30-09-2021 02:00:45.0869 AM
[ReportManager] Attempting to run remotely on: [Linux-64], [GoogleChrome], [http://localhost:4444/wd/hub], Headless Execution. @30-09-2021 02:00:45.0869 AM
[ReportManager] Successfully Opened [GoogleChrome]. @30-09-2021 02:00:46.0088 A

################################################################################################################################################
Starting Execution:	[52 out of 144] test cases in the current suite
Test Method:		[unitTests.tests_element_elementActions.waitForElementToBePresent_true_expectedToFail]
################################################################################################################################################
[ReportManager] Target URL: [https://www.google.com/ncr], and after redirection: [www.google.com] @30-09-2021 02:00:46.0112 AM
[ReportManager] Initial URL: [data:,] @30-09-2021 02:00:46.0161 AM
[ReportManager] Browser Action [NavigateToURL] successfully performed. With the following test data [https://www.google.com/ncr]. @30-09-2021 02:00:47.0037 AM
[ReportManager] Waiting for element to be present; elementLocator [By.id: bla], numberOfTries[1], stateOfPresence[true]... @30-09-2021 02:00:47.0037 AM
[ReportManager] Element Action [WaitForElementToBePresent] failed. With the following test data [waited for the element's state of presence to be (true). Element locator (By.id: bla)]. @30-09-2021 02:00:52.0304 AM
[ReportManager] Successfully created attachment [Screenshot - 1632967252238_waitForElementToBePresent_true_expectedToFail_WaitForElementToBePresent_failed] @30-09-2021 02:00:52.0305 A
[ReportManager] Browser Action [CloseCurrentWindow] successfully performed. @30-09-2021 02:00:52.0433 AM
[ReportManager] Successfully created attachment [Browser Action Test Data - CloseCurrentWindow - Actual Value] @30-09-2021 02:00:52.0433 A
[ReportManager] File Action [GetAbsolutePath] successfully performed. With the following test data [Relative Folder Path: "target/downloadedFiles/"]. @30-09-2021 02:00:52.0436 AM
[ReportManager] Attempting to run remotely on: [Linux-64], [GoogleChrome], [http://localhost:4444/wd/hub], Headless Execution. @30-09-2021 02:00:52.0436 AM
[ReportManager] Successfully Opened [GoogleChrome]. @30-09-2021 02:00:52.0646 A

################################################################################################################################################
Starting Execution:	[53 out of 144] test cases in the current suite
Test Method:		[unitTests.tests_element_elementActions.waitForElementToBePresent_true_expectedToPass]
################################################################################################################################################
[ReportManager] Target URL: [https://www.google.com/ncr], and after redirection: [www.google.com] @30-09-2021 02:00:52.0661 AM
[ReportManager] Initial URL: [data:,] @30-09-2021 02:00:52.0713 AM
[ReportManager] Browser Action [NavigateToURL] successfully performed. With the following test data [https://www.google.com/ncr]. @30-09-2021 02:00:53.0564 AM
[ReportManager] Waiting for element to be present; elementLocator [By.xpath: //*[@id='hplogo' or @alt='Google']], numberOfTries[1], stateOfPresence[true]... @30-09-2021 02:00:53.0564 AM
[ReportManager] Element Action [WaitForElementToBePresent] successfully performed. With the following test data [waited for the element's state of presence to be (true). Element locator (By.xpath: //*[@id='hplogo' or @alt='Google'])]. @30-09-2021 02:00:53.0614 AM
[ReportManager] File Action [DoesFileExist] successfully performed. With the following test data [File Path: "src/test/resources/DynamicObjectRepository/unitTests_tests_element_elementActions_waitForElementToBePresent_true_expectedToPass_By_xpath_id_hplogo_or_alt_Google.png"]. @30-09-2021 02:00:53.0619 AM
[ReportManager] File Action [DoesFileExist] successfully performed. With the following test data [File Path: "src/test/resources/DynamicObjectRepository/unitTests_tests_element_elementActions_waitForElementToBePresent_true_expectedToPass_By_xpath_id_hplogo_or_alt_Google.png"]. @30-09-2021 02:00:53.0816 AM
[ReportManager] Passing the test and saving a reference image @30-09-2021 02:00:53.0816 AM
[ReportManager] File Action [GetAbsolutePath] successfully performed. With the following test data [Relative File Path: "src/test/resources/DynamicObjectRepository/unitTests_tests_element_elementActions_waitForElementToBePresent_true_expectedToPass_By_xpath_id_hplogo_or_alt_Google.png"]. @30-09-2021 02:00:53.0816 AM
[ReportManager] File Action [WriteToFile] successfully performed. With the following test data [Target File Path: "/home/runner/work/SHAFT_ENGINE/SHAFT_ENGINE/src/test/resources/DynamicObjectRepository/unitTests_tests_element_elementActions_waitForElementToBePresent_true_expectedToPass_By_xpath_id_hplogo_or_alt_Google.png"]. @30-09-2021 02:00:53.0818 AM
[ReportManager] Assertion Passed: Using Visual AI; OpenCV @30-09-2021 02:00:53.0818 AM
[ReportManager] Successfully created attachment [Validation Test Data - Actual Screenshot] @30-09-2021 02:00:53.0819 AM
[ReportManager] Assertion [ValidateElementMatches] PASSED. Expected [Element should match the reference screenshot] and Actual [TRUE]. Comparison Type [EXACT_OPENCV]. Validation Type [POSITIVE]. @30-09-2021 02:00:53.0819 A
[ReportManager] Browser Action [CloseCurrentWindow] successfully performed. @30-09-2021 02:00:53.0966 AM
[ReportManager] Successfully created attachment [Browser Action Test Data - CloseCurrentWindow - Actual Value] @30-09-2021 02:00:53.0967 A
[ReportManager] File Action [GetAbsolutePath] successfully performed. With the following test data [Relative Folder Path: "target/downloadedFiles/"]. @30-09-2021 02:00:53.0970 AM
[ReportManager] Attempting to run remotely on: [Linux-64], [GoogleChrome], [http://localhost:4444/wd/hub], Headless Execution. @30-09-2021 02:00:53.0970 AM
[ReportManager] Successfully Opened [GoogleChrome]. @30-09-2021 02:00:54.0181 AM
[ReportManager] Target URL: [https://duckduckgo.com] @30-09-2021 02:00:54.0192 AM
[ReportManager] Initial URL: [data:,] @30-09-2021 02:00:54.0237 AM
[ReportManager] Browser Action [NavigateToURL] successfully performed. With the following test data [https://duckduckgo.com]. @30-09-2021 02:00:54.0850 A

################################################################################################################################################
Starting Execution:	[54 out of 144] test cases in the current suite
Test Method:		[unitTests.tests_browserActions.fullScreenWindow]
################################################################################################################################################
[ReportManager] Initial Windows Size: 800x600 @30-09-2021 02:00:54.0860 AM
[ReportManager] Initial window size: (800, 600) @30-09-2021 02:00:54.0862 AM
[ReportManager] Window size after Toolkit: (1920, 1080) @30-09-2021 02:00:55.0086 AM
[ReportManager] Browser Action [MaximizeWindow] successfully performed. With the following test data [New screen size is now: (1920, 1080)]. @30-09-2021 02:00:55.0089 AM
[ReportManager] Current Windows Size after fullScreen: 1920x1080 @30-09-2021 02:00:55.0093 AM
[ReportManager] Browser Action [FullScreenWindow] successfully performed. @30-09-2021 02:00:55.0111 AM
[ReportManager] Successfully created attachment [Browser Action Test Data - FullScreenWindow - Actual Value] @30-09-2021 02:00:55.0113 A
[ReportManager] Target URL: [https://duckduckgo.com] @30-09-2021 02:00:55.0117 AM
[ReportManager] Initial URL: [https://duckduckgo.com] @30-09-2021 02:00:55.0177 AM
[ReportManager] Browser Action [NavigateToURL] successfully performed. With the following test data [https://duckduckgo.com]. @30-09-2021 02:00:55.0535 AM
[ReportManager] Browser Action [CloseCurrentWindow] successfully performed. @30-09-2021 02:00:55.0641 AM
[ReportManager] Successfully created attachment [Browser Action Test Data - CloseCurrentWindow - Actual Value] @30-09-2021 02:00:55.0643 A
[ReportManager] File Action [GetAbsolutePath] successfully performed. With the following test data [Relative Folder Path: "target/downloadedFiles/"]. @30-09-2021 02:00:55.0646 AM
[ReportManager] Attempting to run remotely on: [Linux-64], [GoogleChrome], [http://localhost:4444/wd/hub], Headless Execution. @30-09-2021 02:00:55.0646 AM
[ReportManager] Successfully Opened [GoogleChrome]. @30-09-2021 02:00:55.0868 AM
[ReportManager] Target URL: [https://duckduckgo.com] @30-09-2021 02:00:55.0885 AM
[ReportManager] Initial URL: [data:,] @30-09-2021 02:00:55.0942 AM
[ReportManager] Browser Action [NavigateToURL] successfully performed. With the following test data [https://duckduckgo.com]. @30-09-2021 02:00:56.0537 A

################################################################################################################################################
Starting Execution:	[55 out of 144] test cases in the current suite
Test Method:		[unitTests.tests_browserActions.getCurrentURL]
################################################################################################################################################
[ReportManager] Browser Action [GetCurrentURL] successfully performed. With the following test data [https://duckduckgo.com/]. @30-09-2021 02:00:56.0575 A
[ReportManager] Target URL: [https://duckduckgo.com] @30-09-2021 02:00:56.0577 AM
[ReportManager] Initial URL: [https://duckduckgo.com] @30-09-2021 02:00:56.0657 AM
[ReportManager] Browser Action [NavigateToURL] successfully performed. With the following test data [https://duckduckgo.com]. @30-09-2021 02:00:56.0979 AM
[ReportManager] Browser Action [CloseCurrentWindow] successfully performed. @30-09-2021 02:00:57.0093 AM
[ReportManager] Successfully created attachment [Browser Action Test Data - CloseCurrentWindow - Actual Value] @30-09-2021 02:00:57.0094 A
[ReportManager] File Action [GetAbsolutePath] successfully performed. With the following test data [Relative Folder Path: "target/downloadedFiles/"]. @30-09-2021 02:00:57.0096 AM
[ReportManager] Attempting to run remotely on: [Linux-64], [GoogleChrome], [http://localhost:4444/wd/hub], Headless Execution. @30-09-2021 02:00:57.0096 AM
[ReportManager] Successfully Opened [GoogleChrome]. @30-09-2021 02:00:57.0388 AM
[ReportManager] Target URL: [https://duckduckgo.com] @30-09-2021 02:00:57.0407 AM
[ReportManager] Initial URL: [data:,] @30-09-2021 02:00:57.0460 AM
[ReportManager] Browser Action [NavigateToURL] successfully performed. With the following test data [https://duckduckgo.com]. @30-09-2021 02:00:58.0111 A

################################################################################################################################################
Starting Execution:	[56 out of 144] test cases in the current suite
Test Method:		[unitTests.tests_browserActions.getCurrentWindowTitle]
################################################################################################################################################
[ReportManager] Browser Action [GetCurrentWindowTitle] successfully performed. With the following test data [DuckDuckGo  Privacy, simplified.]. @30-09-2021 02:00:58.0148 A
[ReportManager] Target URL: [https://duckduckgo.com] @30-09-2021 02:00:58.0164 AM
[ReportManager] Initial URL: [https://duckduckgo.com] @30-09-2021 02:00:58.0219 AM
[ReportManager] Browser Action [NavigateToURL] successfully performed. With the following test data [https://duckduckgo.com]. @30-09-2021 02:00:58.0685 AM
[ReportManager] Browser Action [CloseCurrentWindow] successfully performed. @30-09-2021 02:00:58.0810 AM
[ReportManager] Successfully created attachment [Browser Action Test Data - CloseCurrentWindow - Actual Value] @30-09-2021 02:00:58.0811 A
[ReportManager] File Action [GetAbsolutePath] successfully performed. With the following test data [Relative Folder Path: "target/downloadedFiles/"]. @30-09-2021 02:00:58.0827 AM
[ReportManager] Attempting to run remotely on: [Linux-64], [GoogleChrome], [http://localhost:4444/wd/hub], Headless Execution. @30-09-2021 02:00:58.0828 AM
[ReportManager] Successfully Opened [GoogleChrome]. @30-09-2021 02:00:59.0138 AM
[ReportManager] Target URL: [https://duckduckgo.com] @30-09-2021 02:00:59.0155 AM
[ReportManager] Initial URL: [data:,] @30-09-2021 02:00:59.0222 AM
[ReportManager] Browser Action [NavigateToURL] successfully performed. With the following test data [https://duckduckgo.com]. @30-09-2021 02:00:59.0764 A

################################################################################################################################################
Starting Execution:	[57 out of 144] test cases in the current suite
Test Method:		[unitTests.tests_browserActions.getPageSource]
################################################################################################################################################
[ReportManager] Browser Action [GetPageSource] successfully performed. @30-09-2021 02:00:59.0824 AM
[ReportManager] Successfully created attachment [Browser Action Test Data - GetPageSource - Actual Value] @30-09-2021 02:00:59.0824 A
[ReportManager] Target URL: [https://duckduckgo.com] @30-09-2021 02:00:59.0826 AM
[ReportManager] Initial URL: [https://duckduckgo.com] @30-09-2021 02:00:59.0889 AM
[ReportManager] Browser Action [NavigateToURL] successfully performed. With the following test data [https://duckduckgo.com]. @30-09-2021 02:01:00.0203 AM
[ReportManager] Browser Action [CloseCurrentWindow] successfully performed. @30-09-2021 02:01:00.0305 AM
[ReportManager] Successfully created attachment [Browser Action Test Data - CloseCurrentWindow - Actual Value] @30-09-2021 02:01:00.0306 A
[ReportManager] File Action [GetAbsolutePath] successfully performed. With the following test data [Relative Folder Path: "target/downloadedFiles/"]. @30-09-2021 02:01:00.0308 AM
[ReportManager] Attempting to run remotely on: [Linux-64], [GoogleChrome], [http://localhost:4444/wd/hub], Headless Execution. @30-09-2021 02:01:00.0308 AM
[ReportManager] Successfully Opened [GoogleChrome]. @30-09-2021 02:01:00.0529 AM
[ReportManager] Target URL: [https://duckduckgo.com] @30-09-2021 02:01:00.0539 AM
[ReportManager] Initial URL: [data:,] @30-09-2021 02:01:00.0578 AM
[ReportManager] Browser Action [NavigateToURL] successfully performed. With the following test data [https://duckduckgo.com]. @30-09-2021 02:01:01.0113 A

################################################################################################################################################
Starting Execution:	[58 out of 144] test cases in the current suite
Test Method:		[unitTests.tests_browserActions.getWindowHandle]
################################################################################################################################################
[ReportManager] Browser Action [GetWindowHandle] successfully performed. With the following test data [CDwindow-B383BD6FD86E9F0EA076BEEA4A58FB1A]. @30-09-2021 02:01:01.0154 A
[ReportManager] Target URL: [https://duckduckgo.com] @30-09-2021 02:01:01.0157 AM
[ReportManager] Initial URL: [https://duckduckgo.com] @30-09-2021 02:01:01.0217 AM
[ReportManager] Browser Action [NavigateToURL] successfully performed. With the following test data [https://duckduckgo.com]. @30-09-2021 02:01:01.0548 AM
[ReportManager] Browser Action [CloseCurrentWindow] successfully performed. @30-09-2021 02:01:01.0652 AM
[ReportManager] Successfully created attachment [Browser Action Test Data - CloseCurrentWindow - Actual Value] @30-09-2021 02:01:01.0654 A
[ReportManager] File Action [GetAbsolutePath] successfully performed. With the following test data [Relative Folder Path: "target/downloadedFiles/"]. @30-09-2021 02:01:01.0656 AM
[ReportManager] Attempting to run remotely on: [Linux-64], [GoogleChrome], [http://localhost:4444/wd/hub], Headless Execution. @30-09-2021 02:01:01.0656 AM
[ReportManager] Successfully Opened [GoogleChrome]. @30-09-2021 02:01:01.0846 AM
[ReportManager] Target URL: [https://duckduckgo.com] @30-09-2021 02:01:01.0857 AM
[ReportManager] Initial URL: [data:,] @30-09-2021 02:01:01.0895 AM
[ReportManager] Browser Action [NavigateToURL] successfully performed. With the following test data [https://duckduckgo.com]. @30-09-2021 02:01:02.0429 A

################################################################################################################################################
Starting Execution:	[59 out of 144] test cases in the current suite
Test Method:		[unitTests.tests_browserActions.getWindowPosition]
################################################################################################################################################
[ReportManager] Browser Action [GetWindowPosition] successfully performed. With the following test data [(0, 0)]. @30-09-2021 02:01:02.0473 A
[ReportManager] Target URL: [https://duckduckgo.com] @30-09-2021 02:01:02.0474 AM
[ReportManager] Initial URL: [https://duckduckgo.com] @30-09-2021 02:01:02.0541 AM
[ReportManager] Browser Action [NavigateToURL] successfully performed. With the following test data [https://duckduckgo.com]. @30-09-2021 02:01:02.0871 AM
[ReportManager] Browser Action [CloseCurrentWindow] successfully performed. @30-09-2021 02:01:02.0981 AM
[ReportManager] Successfully created attachment [Browser Action Test Data - CloseCurrentWindow - Actual Value] @30-09-2021 02:01:02.0982 A
[ReportManager] File Action [GetAbsolutePath] successfully performed. With the following test data [Relative Folder Path: "target/downloadedFiles/"]. @30-09-2021 02:01:02.0985 AM
[ReportManager] Attempting to run remotely on: [Linux-64], [GoogleChrome], [http://localhost:4444/wd/hub], Headless Execution. @30-09-2021 02:01:02.0986 AM
[ReportManager] Successfully Opened [GoogleChrome]. @30-09-2021 02:01:03.0192 AM
[ReportManager] Target URL: [https://duckduckgo.com] @30-09-2021 02:01:03.0218 AM
[ReportManager] Initial URL: [data:,] @30-09-2021 02:01:03.0264 AM
[ReportManager] Browser Action [NavigateToURL] successfully performed. With the following test data [https://duckduckgo.com]. @30-09-2021 02:01:03.0786 A

################################################################################################################################################
Starting Execution:	[60 out of 144] test cases in the current suite
Test Method:		[unitTests.tests_browserActions.getWindowSize]
################################################################################################################################################
[ReportManager] Browser Action [GetWindowSize] successfully performed. With the following test data [(800, 600)]. @30-09-2021 02:01:03.0848 A
[ReportManager] Target URL: [https://duckduckgo.com] @30-09-2021 02:01:03.0850 AM
[ReportManager] Initial URL: [https://duckduckgo.com] @30-09-2021 02:01:03.0908 AM
[ReportManager] Browser Action [NavigateToURL] successfully performed. With the following test data [https://duckduckgo.com]. @30-09-2021 02:01:04.0235 AM
[ReportManager] Browser Action [CloseCurrentWindow] successfully performed. @30-09-2021 02:01:04.0333 AM
[ReportManager] Successfully created attachment [Browser Action Test Data - CloseCurrentWindow - Actual Value] @30-09-2021 02:01:04.0334 A
[ReportManager] File Action [GetAbsolutePath] successfully performed. With the following test data [Relative Folder Path: "target/downloadedFiles/"]. @30-09-2021 02:01:04.0337 AM
[ReportManager] Attempting to run remotely on: [Linux-64], [GoogleChrome], [http://localhost:4444/wd/hub], Headless Execution. @30-09-2021 02:01:04.0338 AM
[ReportManager] Successfully Opened [GoogleChrome]. @30-09-2021 02:01:04.0546 AM
[ReportManager] Target URL: [https://duckduckgo.com] @30-09-2021 02:01:04.0557 AM
[ReportManager] Initial URL: [data:,] @30-09-2021 02:01:04.0612 AM
[ReportManager] Browser Action [NavigateToURL] successfully performed. With the following test data [https://duckduckgo.com]. @30-09-2021 02:01:05.0179 A

################################################################################################################################################
Starting Execution:	[61 out of 144] test cases in the current suite
Test Method:		[unitTests.tests_browserActions.maximizeWindow]
################################################################################################################################################
[ReportManager] Initial window size: (800, 600) @30-09-2021 02:01:05.0186 AM
[ReportManager] Window size after Toolkit: (1920, 1080) @30-09-2021 02:01:05.0406 AM
[ReportManager] Browser Action [MaximizeWindow] successfully performed. With the following test data [New screen size is now: (1920, 1080)]. @30-09-2021 02:01:05.0409 A
[ReportManager] Target URL: [https://duckduckgo.com] @30-09-2021 02:01:05.0412 AM
[ReportManager] Initial URL: [https://duckduckgo.com] @30-09-2021 02:01:05.0480 AM
[ReportManager] Browser Action [NavigateToURL] successfully performed. With the following test data [https://duckduckgo.com]. @30-09-2021 02:01:05.0819 AM
[ReportManager] Browser Action [CloseCurrentWindow] successfully performed. @30-09-2021 02:01:05.0924 AM
[ReportManager] Successfully created attachment [Browser Action Test Data - CloseCurrentWindow - Actual Value] @30-09-2021 02:01:05.0925 A
[ReportManager] File Action [GetAbsolutePath] successfully performed. With the following test data [Relative Folder Path: "target/downloadedFiles/"]. @30-09-2021 02:01:05.0927 AM
[ReportManager] Attempting to run remotely on: [Linux-64], [GoogleChrome], [http://localhost:4444/wd/hub], Headless Execution. @30-09-2021 02:01:05.0927 AM
[ReportManager] Successfully Opened [GoogleChrome]. @30-09-2021 02:01:06.0133 AM
[ReportManager] Target URL: [https://duckduckgo.com] @30-09-2021 02:01:06.0145 AM
[ReportManager] Initial URL: [data:,] @30-09-2021 02:01:06.0189 AM
[ReportManager] Browser Action [NavigateToURL] successfully performed. With the following test data [https://duckduckgo.com]. @30-09-2021 02:01:06.0714 A

################################################################################################################################################
Starting Execution:	[62 out of 144] test cases in the current suite
Test Method:		[unitTests.tests_browserActions.navigateBack]
################################################################################################################################################
[ReportManager] Target URL: [https://www.google.com/ncr], and after redirection: [https://www.google.com] @30-09-2021 02:01:06.0718 AM
[ReportManager] Initial URL: [https://duckduckgo.com] @30-09-2021 02:01:06.0775 AM
[ReportManager] Browser Action [NavigateToURL] successfully performed. With the following test data [https://www.google.com/ncr]. @30-09-2021 02:01:07.0613 AM
[ReportManager] Browser Action [NavigateBack] successfully performed. With the following test data [https://duckduckgo.com/]. @30-09-2021 02:01:07.0987 AM
[ReportManager] Browser Action [GetCurrentURL] successfully performed. With the following test data [https://duckduckgo.com/]. @30-09-2021 02:01:08.0019 AM
[ReportManager] Assertion Passed: Confirming that navigating back was successful @30-09-2021 02:01:08.0143 AM
[ReportManager] Successfully created attachment [Screenshot - 1632967268086_navigateBack_ValidateBrowserAttribute_passed] @30-09-2021 02:01:08.0143 AM
[ReportManager] Assertion [ValidateBrowserAttribute] PASSED. Expected [Value Should be 'https://duckduckgo.com' for the 'CurrentUrl' attribute] and Actual [https://duckduckgo.com/]. Comparison Type [CONTAINS]. Validation Type [POSITIVE]. @30-09-2021 02:01:08.0143 A
[ReportManager] Target URL: [https://duckduckgo.com] @30-09-2021 02:01:08.0145 AM
[ReportManager] Initial URL: [https://duckduckgo.com] @30-09-2021 02:01:08.0200 AM
[ReportManager] Browser Action [NavigateToURL] successfully performed. With the following test data [https://duckduckgo.com]. @30-09-2021 02:01:08.0516 AM
[ReportManager] Browser Action [CloseCurrentWindow] successfully performed. @30-09-2021 02:01:08.0613 AM
[ReportManager] Successfully created attachment [Browser Action Test Data - CloseCurrentWindow - Actual Value] @30-09-2021 02:01:08.0613 A
[ReportManager] File Action [GetAbsolutePath] successfully performed. With the following test data [Relative Folder Path: "target/downloadedFiles/"]. @30-09-2021 02:01:08.0616 AM
[ReportManager] Attempting to run remotely on: [Linux-64], [GoogleChrome], [http://localhost:4444/wd/hub], Headless Execution. @30-09-2021 02:01:08.0616 AM
[ReportManager] Successfully Opened [GoogleChrome]. @30-09-2021 02:01:08.0830 AM
[ReportManager] Target URL: [https://duckduckgo.com] @30-09-2021 02:01:08.0850 AM
[ReportManager] Initial URL: [data:,] @30-09-2021 02:01:08.0889 AM
[ReportManager] Browser Action [NavigateToURL] successfully performed. With the following test data [https://duckduckgo.com]. @30-09-2021 02:01:09.0404 A

################################################################################################################################################
Starting Execution:	[63 out of 144] test cases in the current suite
Test Method:		[unitTests.tests_browserActions.navigateForward]
################################################################################################################################################
[ReportManager] Target URL: [https://www.google.com/ncr], and after redirection: [https://www.google.com] @30-09-2021 02:01:09.0410 AM
[ReportManager] Initial URL: [https://duckduckgo.com] @30-09-2021 02:01:09.0465 AM
[ReportManager] Browser Action [NavigateToURL] successfully performed. With the following test data [https://www.google.com/ncr]. @30-09-2021 02:01:10.0290 AM
[ReportManager] Browser Action [NavigateBack] successfully performed. With the following test data [https://duckduckgo.com/]. @30-09-2021 02:01:10.0658 AM
[ReportManager] Browser Action [NavigateForward] successfully performed. With the following test data [https://www.google.com/]. @30-09-2021 02:01:11.0060 A
[ReportManager] Target URL: [https://duckduckgo.com] @30-09-2021 02:01:11.0064 AM
[ReportManager] Initial URL: [https://www.google.com] @30-09-2021 02:01:11.0136 AM
[ReportManager] Browser Action [NavigateToURL] successfully performed. With the following test data [https://duckduckgo.com]. @30-09-2021 02:01:11.0584 AM
[ReportManager] Browser Action [CloseCurrentWindow] successfully performed. @30-09-2021 02:01:11.0712 AM
[ReportManager] Successfully created attachment [Browser Action Test Data - CloseCurrentWindow - Actual Value] @30-09-2021 02:01:11.0712 A
[ReportManager] File Action [GetAbsolutePath] successfully performed. With the following test data [Relative Folder Path: "target/downloadedFiles/"]. @30-09-2021 02:01:11.0714 AM
[ReportManager] Attempting to run remotely on: [Linux-64], [GoogleChrome], [http://localhost:4444/wd/hub], Headless Execution. @30-09-2021 02:01:11.0715 AM
[ReportManager] Successfully Opened [GoogleChrome]. @30-09-2021 02:01:11.0936 AM
[ReportManager] Target URL: [https://duckduckgo.com] @30-09-2021 02:01:11.0946 AM
[ReportManager] Initial URL: [data:,] @30-09-2021 02:01:11.0991 AM
[ReportManager] Browser Action [NavigateToURL] successfully performed. With the following test data [https://duckduckgo.com]. @30-09-2021 02:01:12.0517 A

################################################################################################################################################
Starting Execution:	[64 out of 144] test cases in the current suite
Test Method:		[unitTests.tests_browserActions.navigateToURL]
################################################################################################################################################
[ReportManager] Target URL: [https://duckduckgo.com] @30-09-2021 02:01:12.0522 AM
[ReportManager] Initial URL: [https://duckduckgo.com] @30-09-2021 02:01:12.0576 AM
[ReportManager] Browser Action [NavigateToURL] successfully performed. With the following test data [https://duckduckgo.com]. @30-09-2021 02:01:12.0953 A
[ReportManager] Target URL: [https://duckduckgo.com] @30-09-2021 02:01:12.0956 AM
[ReportManager] Initial URL: [https://duckduckgo.com] @30-09-2021 02:01:13.0017 AM
[ReportManager] Browser Action [NavigateToURL] successfully performed. With the following test data [https://duckduckgo.com]. @30-09-2021 02:01:13.0305 AM
[ReportManager] Browser Action [CloseCurrentWindow] successfully performed. @30-09-2021 02:01:13.0434 AM
[ReportManager] Successfully created attachment [Browser Action Test Data - CloseCurrentWindow - Actual Value] @30-09-2021 02:01:13.0435 A
[ReportManager] File Action [GetAbsolutePath] successfully performed. With the following test data [Relative Folder Path: "target/downloadedFiles/"]. @30-09-2021 02:01:13.0437 AM
[ReportManager] Attempting to run remotely on: [Linux-64], [GoogleChrome], [http://localhost:4444/wd/hub], Headless Execution. @30-09-2021 02:01:13.0437 AM
[ReportManager] Successfully Opened [GoogleChrome]. @30-09-2021 02:01:13.0646 AM
[ReportManager] Target URL: [https://duckduckgo.com] @30-09-2021 02:01:13.0656 AM
[ReportManager] Initial URL: [data:,] @30-09-2021 02:01:13.0704 AM
[ReportManager] Browser Action [NavigateToURL] successfully performed. With the following test data [https://duckduckgo.com]. @30-09-2021 02:01:14.0217 A

################################################################################################################################################
Starting Execution:	[65 out of 144] test cases in the current suite
Test Method:		[unitTests.tests_browserActions.navigateToURLWithRedirection]
################################################################################################################################################
[ReportManager] Target URL: [https://www.google.com/ncr], and after redirection: [https://www.google.com] @30-09-2021 02:01:14.0222 AM
[ReportManager] Initial URL: [https://duckduckgo.com] @30-09-2021 02:01:14.0280 AM
[ReportManager] Browser Action [NavigateToURL] successfully performed. With the following test data [https://www.google.com/ncr]. @30-09-2021 02:01:15.0088 A
[ReportManager] Target URL: [https://duckduckgo.com] @30-09-2021 02:01:15.0091 AM
[ReportManager] Initial URL: [https://www.google.com] @30-09-2021 02:01:15.0165 AM
[ReportManager] Browser Action [NavigateToURL] successfully performed. With the following test data [https://duckduckgo.com]. @30-09-2021 02:01:15.0687 AM
[ReportManager] Browser Action [CloseCurrentWindow] successfully performed. @30-09-2021 02:01:15.0789 AM
[ReportManager] Successfully created attachment [Browser Action Test Data - CloseCurrentWindow - Actual Value] @30-09-2021 02:01:15.0790 A
[ReportManager] File Action [GetAbsolutePath] successfully performed. With the following test data [Relative Folder Path: "target/downloadedFiles/"]. @30-09-2021 02:01:15.0792 AM
[ReportManager] Attempting to run remotely on: [Linux-64], [GoogleChrome], [http://localhost:4444/wd/hub], Headless Execution. @30-09-2021 02:01:15.0792 AM
[ReportManager] Successfully Opened [GoogleChrome]. @30-09-2021 02:01:15.0999 AM
[ReportManager] Target URL: [https://duckduckgo.com] @30-09-2021 02:01:16.0009 AM
[ReportManager] Initial URL: [data:,] @30-09-2021 02:01:16.0051 AM
[ReportManager] Browser Action [NavigateToURL] successfully performed. With the following test data [https://duckduckgo.com]. @30-09-2021 02:01:16.0566 A

################################################################################################################################################
Starting Execution:	[66 out of 144] test cases in the current suite
Test Method:		[unitTests.tests_browserActions.refreshCurrentPage]
################################################################################################################################################
[ReportManager] Browser Action [RefreshCurrentPage] successfully performed. @30-09-2021 02:01:16.0761 AM
[ReportManager] Successfully created attachment [Browser Action Test Data - RefreshCurrentPage - Actual Value] @30-09-2021 02:01:16.0761 A
[ReportManager] Target URL: [https://duckduckgo.com] @30-09-2021 02:01:16.0765 AM
[ReportManager] Initial URL: [https://duckduckgo.com] @30-09-2021 02:01:16.0817 AM
[ReportManager] Browser Action [NavigateToURL] successfully performed. With the following test data [https://duckduckgo.com]. @30-09-2021 02:01:17.0139 AM
[ReportManager] Browser Action [CloseCurrentWindow] successfully performed. @30-09-2021 02:01:17.0235 AM
[ReportManager] Successfully created attachment [Browser Action Test Data - CloseCurrentWindow - Actual Value] @30-09-2021 02:01:17.0236 A
[ReportManager] File Action [GetAbsolutePath] successfully performed. With the following test data [Relative Folder Path: "target/downloadedFiles/"]. @30-09-2021 02:01:17.0238 AM
[ReportManager] Attempting to run remotely on: [Linux-64], [GoogleChrome], [http://localhost:4444/wd/hub], Headless Execution. @30-09-2021 02:01:17.0242 AM
[ReportManager] Successfully Opened [GoogleChrome]. @30-09-2021 02:01:17.0470 AM
[ReportManager] Target URL: [https://duckduckgo.com] @30-09-2021 02:01:17.0480 AM
[ReportManager] Initial URL: [data:,] @30-09-2021 02:01:17.0520 AM
[ReportManager] Browser Action [NavigateToURL] successfully performed. With the following test data [https://duckduckgo.com]. @30-09-2021 02:01:18.0022 A

################################################################################################################################################
Starting Execution:	[67 out of 144] test cases in the current suite
Test Method:		[unitTests.tests_browserActions.setWindowSize]
################################################################################################################################################
[ReportManager] Initial window size: (800, 600) @30-09-2021 02:01:18.0030 AM
[ReportManager] Window size after SWD: (1280, 720) @30-09-2021 02:01:18.0246 AM
[ReportManager] Browser Action [SetWindowSize] successfully performed. With the following test data [New screen size is now: (1280, 720)]. @30-09-2021 02:01:18.0246 A
[ReportManager] Target URL: [https://duckduckgo.com] @30-09-2021 02:01:18.0262 AM
[ReportManager] Initial URL: [https://duckduckgo.com] @30-09-2021 02:01:18.0330 AM
[ReportManager] Browser Action [NavigateToURL] successfully performed. With the following test data [https://duckduckgo.com]. @30-09-2021 02:01:18.0636 AM
[ReportManager] Browser Action [CloseCurrentWindow] successfully performed. @30-09-2021 02:01:18.0733 AM
[ReportManager] Successfully created attachment [Browser Action Test Data - CloseCurrentWindow - Actual Value] @30-09-2021 02:01:18.0733 A
[ReportManager] Successfully loaded the following test data file [src/test/resources/TestDataFiles/testSuite01/TestData.xlsx]. @30-09-2021 02:01:19.0477 AM
[ReportManager] Successfully created attachment [Test Data - Excel] @30-09-2021 02:01:19.0478 A

################################################################################################################################################
Starting Execution:	[68 out of 144] test cases in the current suite
Test Method:		[unitTests.tests_io_excelFileManager.getCellData_rowName_expectedToPass]
################################################################################################################################################
[ReportManager] testRowData. @30-09-2021 02:01:19.0491 A
[ReportManager] Successfully loaded the following test data file [src/test/resources/TestDataFiles/testSuite01/TestData.xlsx]. @30-09-2021 02:01:19.0525 AM
[ReportManager] Successfully created attachment [Test Data - Excel] @30-09-2021 02:01:19.0525 AM
[ReportManager] File Action [GetAbsolutePath] successfully performed. With the following test data [Relative Folder Path: "target/downloadedFiles/"]. @30-09-2021 02:01:19.0526 AM
[ReportManager] Attempting to run remotely on: [Linux-64], [GoogleChrome], [http://localhost:4444/wd/hub], Headless Execution. @30-09-2021 02:01:19.0526 AM
[ReportManager] Successfully Opened [GoogleChrome]. @30-09-2021 02:01:19.0827 A

################################################################################################################################################
Starting Execution:	[69 out of 144] test cases in the current suite
Test Method:		[testPackage01.Test_google.navigateToURLandVerifyGoogleLogoIsDisplayed]
Test Description:	[TC001 - Navigate to URL and Verify Google Logo is Displayed]
################################################################################################################################################
[ReportManager] Target URL: [https://www.google.com/ncr], and after redirection: [https://www.google.com] @30-09-2021 02:01:19.0849 AM
[ReportManager] Initial URL: [data:,] @30-09-2021 02:01:19.0900 AM
[ReportManager] Browser Action [NavigateToURL] successfully performed. With the following test data [https://www.google.com/ncr]. @30-09-2021 02:01:20.0712 AM
[ReportManager] Loaded Shared OpenCV @30-09-2021 02:01:20.0899 AM
[ReportManager] Assertion [ValidateElementExists] PASSED. Expected [Element Should Exist, locator 'By.xpath: //*[@id='hplogo' or @alt='Google']'] and Actual [Element Exists]. Comparison Type [EQUALS]. Validation Type [POSITIVE]. @30-09-2021 02:01:20.0999 AM
[ReportManager] Successfully created attachment [Screenshot - 1632967280899_navigateToURLandVerifyGoogleLogoIsDisplayed_ValidateElementExists_passed] @30-09-2021 02:01:21.0000 A

################################################################################################################################################
Starting Execution:	[70 out of 144] test cases in the current suite
Test Method:		[testPackage01.Test_google.searchForQueryandAssertResultsNumDisplayed]
Test Description:	[TC002 - Search for Query and Assert that the number of results is displayed]
################################################################################################################################################
[ReportManager] Element Action [Type] successfully performed. With the following test data [SHAFT_Engine]. @30-09-2021 02:01:21.0384 AM
[ReportManager] Element Action [KeyPress] successfully performed. With the following test data [Enter]. @30-09-2021 02:01:23.0051 AM
[ReportManager] Element Action [GetText] successfully performed. With the following test data [About 810,000 results (0.90 seconds) ]. @30-09-2021 02:01:23.0138 AM
[ReportManager] Loaded Shared OpenCV @30-09-2021 02:01:23.0292 AM
[ReportManager] Assertion [ValidateElementAttribute] PASSED. Expected [Value Should not be '' for the 'Text' attribute, element locator 'By.id: appbar'] and Actual [About 810,000 results (0.90 seconds) ]. Comparison Type [EQUALS]. Validation Type [NEGATIVE]. @30-09-2021 02:01:23.0370 AM
[ReportManager] Successfully created attachment [Screenshot - 1632967283292_searchForQueryandAssertResultsNumDisplayed_ValidateElementAttribute_passed] @30-09-2021 02:01:23.0371 A

################################################################################################################################################
Starting Execution:	[71 out of 144] test cases in the current suite
Test Method:		[testPackage01.Test_google.clickNextThrice]
Test Description:	[TC003 - Clicks the next button to make sure that the framework can scroll element into view before clicking it]
################################################################################################################################################
[ReportManager] Element Action [Click] successfully performed. With the following test data [Next]. @30-09-2021 02:01:25.0010 A
[ReportManager] Browser Action [CloseCurrentWindow] successfully performed. @30-09-2021 02:01:25.0203 AM
[ReportManager] Successfully created attachment [Browser Action Test Data - CloseCurrentWindow - Actual Value] @30-09-2021 02:01:25.0205 A

################################################################################################################################################
Starting Execution:	[72 out of 144] test cases in the current suite
Test Method:		[testPackage01.Test_testData.f]
################################################################################################################################################
[ReportManager] Successfully loaded the following test data file [src/test/resources/TestDataFiles/testSuite01/TestData.xlsx]. @30-09-2021 02:01:25.0263 AM
[ReportManager] Successfully created attachment [Test Data - Excel] @30-09-2021 02:01:25.0264 AM
[ReportManager] Last Column Number is: [3]. Zero-based. @30-09-2021 02:01:25.0264 A

################################################################################################################################################
Starting Execution:	[73 out of 144] test cases in the current suite
Test Method:		[testPackage01.Test_PDF.testPDF_Downloaded]
################################################################################################################################################
[ReportManager] File Action [DoesFileExist] successfully performed. With the following test data [File Path: "src/test/resources/TestDataFiles/sample.pdf"]. @30-09-2021 02:01:25.0274 AM
[ReportManager] File Action [GetAbsolutePath] successfully performed. With the following test data [Relative File Path: "src/test/resources/TestDataFiles/sample.pdf"]. @30-09-2021 02:01:25.0275 AM
[ReportManager] Assertion [ValidateTrue] PASSED. Expected [TRUE] and Actual [TRUE]. Validation Type [POSITIVE]. @30-09-2021 02:01:25.0863 A

################################################################################################################################################
Starting Execution:	[74 out of 144] test cases in the current suite
Test Method:		[testPackage01.Test_JSONFileManager.readStringFromJson]
################################################################################################################################################
[ReportManager] Successfully loaded the following test data file [src/test/resources/TestDataFiles/simpleJSON.json]. @30-09-2021 02:01:25.0868 AM
[ReportManager] Successfully created attachment [Test Data - JSON] @30-09-2021 02:01:25.0868 AM
[ReportManager] Assertion [ValidateEquals] PASSED. Expected [Mohab Mohie] and Actual [Mohab Mohie]. Comparison Type [EQUALS]. Validation Type [POSITIVE]. @30-09-2021 02:01:25.0889 A
[ReportManager] File Action [GetAbsolutePath] successfully performed. With the following test data [Relative Folder Path: "target/downloadedFiles/"]. @30-09-2021 02:01:25.0891 AM
[ReportManager] Attempting to run remotely on: [Linux-64], [GoogleChrome], [http://localhost:4444/wd/hub], Headless Execution. @30-09-2021 02:01:25.0892 AM
[ReportManager] Successfully Opened [GoogleChrome]. @30-09-2021 02:01:26.0129 A

################################################################################################################################################
Starting Execution:	[75 out of 144] test cases in the current suite
Test Method:		[testPackage01.Test_dragAndDrop.dragAndDropJquery]
################################################################################################################################################
[ReportManager] Target URL: [https://jqueryui.com/resources/demos/droppable/default.html] @30-09-2021 02:01:26.0143 AM
[ReportManager] Initial URL: [data:,] @30-09-2021 02:01:26.0183 AM
[ReportManager] Browser Action [NavigateToURL] successfully performed. With the following test data [https://jqueryui.com/resources/demos/droppable/default.html]. @30-09-2021 02:01:26.0591 AM
[ReportManager] Element Action [GetText] successfully performed. With the following test data [Drop here]. @30-09-2021 02:01:26.0685 AM
[ReportManager] Element Action [DragAndDrop] successfully performed. With the following test data [Start point: (8, 18), End point: (8, 18)]. @30-09-2021 02:01:28.0040 AM
[ReportManager] Element Action [GetText] successfully performed. With the following test data [Dropped!]. @30-09-2021 02:01:28.0102 AM
[ReportManager] Assertion Passed: Checking to see if the text has changed after performing drag and drop @30-09-2021 02:01:28.0103 AM
[ReportManager] Assertion [ValidateEquals] PASSED. Expected [Drop here] and Actual [Dropped!]. Comparison Type [EQUALS]. Validation Type [NEGATIVE]. @30-09-2021 02:01:28.0103 A
[ReportManager] Browser Action [CloseCurrentWindow] successfully performed. @30-09-2021 02:01:28.0219 AM
[ReportManager] Successfully created attachment [Browser Action Test Data - CloseCurrentWindow - Actual Value] @30-09-2021 02:01:28.0220 A
[ReportManager] File Action [GetAbsolutePath] successfully performed. With the following test data [Relative Folder Path: "target/downloadedFiles/"]. @30-09-2021 02:01:28.0232 AM
[ReportManager] Attempting to run remotely on: [Linux-64], [GoogleChrome], [http://localhost:4444/wd/hub], Headless Execution. @30-09-2021 02:01:28.0232 AM
[ReportManager] Successfully Opened [GoogleChrome]. @30-09-2021 02:01:28.0617 A

################################################################################################################################################
Starting Execution:	[76 out of 144] test cases in the current suite
Test Method:		[testPackage01.Test_dragAndDrop.dragAndDrop]
Test Description:	[TC001 - Test Drag and Drop function.]
################################################################################################################################################
[ReportManager] Target URL: [http://the-internet.herokuapp.com/drag_and_drop] @30-09-2021 02:01:28.0657 AM
[ReportManager] Initial URL: [data:,] @30-09-2021 02:01:28.0721 AM
[ReportManager] Browser Action [NavigateToURL] successfully performed. With the following test data [http://the-internet.herokuapp.com/drag_and_drop]. @30-09-2021 02:01:29.0197 AM
[ReportManager] Attempting Drag and Drop @30-09-2021 02:01:29.0197 AM
[ReportManager] Element Action [DragAndDrop] successfully performed. With the following test data [Start point: (32, 90), End point: (247, 90)]. @30-09-2021 02:01:30.0393 A
[ReportManager] Browser Action [CloseCurrentWindow] successfully performed. @30-09-2021 02:01:30.0482 AM
[ReportManager] Successfully created attachment [Browser Action Test Data - CloseCurrentWindow - Actual Value] @30-09-2021 02:01:30.0482 A
[ReportManager] File Action [GetAbsolutePath] successfully performed. With the following test data [Relative Folder Path: "target/downloadedFiles/"]. @30-09-2021 02:01:30.0490 AM
[ReportManager] Attempting to run remotely on: [Linux-64], [GoogleChrome], [http://localhost:4444/wd/hub], Headless Execution. @30-09-2021 02:01:30.0490 AM
[ReportManager] Successfully Opened [GoogleChrome]. @30-09-2021 02:01:30.0746 A

################################################################################################################################################
Starting Execution:	[77 out of 144] test cases in the current suite
Test Method:		[testPackage01.Test_dragAndDrop.dragAndDropByOffset]
Test Description:	[TC002 - Test Drag and Drop by offset function.]
################################################################################################################################################
[ReportManager] Target URL: [https://jqueryui.com/resources/demos/draggable/default.html] @30-09-2021 02:01:30.0770 AM
[ReportManager] Initial URL: [data:,] @30-09-2021 02:01:30.0822 AM
[ReportManager] Browser Action [NavigateToURL] successfully performed. With the following test data [https://jqueryui.com/resources/demos/draggable/default.html]. @30-09-2021 02:01:31.0215 AM
[ReportManager] Element Action [DragAndDropByOffset] successfully performed. With the following test data [Start point: (8, 8), End point: (108, 58)]. @30-09-2021 02:01:31.0404 A
[ReportManager] Browser Action [CloseCurrentWindow] successfully performed. @30-09-2021 02:01:31.0495 AM
[ReportManager] Successfully created attachment [Browser Action Test Data - CloseCurrentWindow - Actual Value] @30-09-2021 02:01:31.0496 A
[ReportManager] File Action [GetAbsolutePath] successfully performed. With the following test data [Relative Folder Path: "target/downloadedFiles/"]. @30-09-2021 02:01:31.0504 AM
[ReportManager] Attempting to run remotely on: [Linux-64], [GoogleChrome], [http://localhost:4444/wd/hub], Headless Execution. @30-09-2021 02:01:31.0504 AM
[ReportManager] Successfully Opened [GoogleChrome]. @30-09-2021 02:01:31.0818 A

################################################################################################################################################
Starting Execution:	[78 out of 144] test cases in the current suite
Test Method:		[testPackage01.Test_verifyEquals.test_assertElementAttribute]
################################################################################################################################################
[ReportManager] Target URL: [https://www.google.com/ncr], and after redirection: [https://www.google.com] @30-09-2021 02:01:31.0843 AM
[ReportManager] Initial URL: [data:,] @30-09-2021 02:01:31.0884 AM
[ReportManager] Browser Action [NavigateToURL] successfully performed. With the following test data [https://www.google.com/ncr]. @30-09-2021 02:01:32.0869 AM
[ReportManager] Element Action [Type] successfully performed. With the following test data [INC_004010050:Another SCHEDULER with the same name [Duplicate Job Name] already exists.]. @30-09-2021 02:01:33.0532 AM
[ReportManager] Element Action [GetText] successfully performed. With the following test data [INC_004010050:Another SCHEDULER with the same name [Duplicate Job Name] already exists.]. @30-09-2021 02:01:33.0610 AM
[ReportManager] Loaded Shared OpenCV @30-09-2021 02:01:33.0732 AM
[ReportManager] Verification [ValidateElementAttribute] PASSED. Expected [Value Should be 'INC_004010050:Another SCHEDULER with the same name \[Duplicate Job Name\] already exists.' for the 'text' attribute, element locator 'By.name: q'] and Actual [INC_004010050:Another SCHEDULER with the same name [Duplicate Job Name] already exists.]. Comparison Type [MATCHES]. Validation Type [POSITIVE]. @30-09-2021 02:01:33.0824 AM
[ReportManager] Successfully created attachment [Screenshot - 1632967293732_test_assertElementAttribute_ValidateElementAttribute_passed] @30-09-2021 02:01:33.0824 A
[ReportManager] Browser Action [CloseCurrentWindow] successfully performed. @30-09-2021 02:01:33.0953 AM
[ReportManager] Successfully created attachment [Browser Action Test Data - CloseCurrentWindow - Actual Value] @30-09-2021 02:01:33.0962 A
[ReportManager] Successfully loaded the following test data file [src/test/resources/TestDataFiles/testSuite01/TestData.xlsx]. @30-09-2021 02:01:34.0000 AM
[ReportManager] Successfully created attachment [Test Data - Excel] @30-09-2021 02:01:34.0001 AM
[ReportManager] Attempting to run using Playwright locally on: [Linux-64], [GoogleChrome], Headless Execution. @30-09-2021 02:01:48.0420 AM
[ReportManager] File Action [GetAbsolutePath] successfully performed. With the following test data [Relative Folder Path: "target/downloadedFiles/"]. @30-09-2021 02:01:48.0421 AM
[ReportManager] Initial window size: (1280, 720) @30-09-2021 02:01:48.0739 AM
[ReportManager] Window size after Toolkit: com.microsoft.playwright.options.ViewportSize@7fc7ba14 @30-09-2021 02:01:48.0746 AM
[ReportManager] Browser Action [MaximizeWindow] successfully performed. With the following test data [New screen size is now: (1920, 1080)]. @30-09-2021 02:01:48.0750 A

################################################################################################################################################
Starting Execution:	[79 out of 144] test cases in the current suite
Test Method:		[testPackage01.Test_google_playwright.navigateToURLandVerifyGoogleLogoIsDisplayed]
Test Description:	[TC001 - Navigate to URL and Verify Google Logo is Displayed]
################################################################################################################################################
[ReportManager] Target URL: [https://www.google.com/ncr], and after redirection: [https://www.google.com] @30-09-2021 02:01:48.0753 AM
[ReportManager] Initial URL: [about:blank] @30-09-2021 02:01:49.0230 AM
[ReportManager] Browser Action [NavigateToURL] successfully performed. With the following test data [https://www.google.com/ncr]. @30-09-2021 02:01:50.0371 AM
[ReportManager] Loaded Shared OpenCV @30-09-2021 02:01:50.0599 AM
[ReportManager] Assertion [ValidateElementExists] PASSED. Expected [Element Should Exist, locator 'xpath=//*[@id='hplogo' or @alt='Google']'] and Actual [Element Exists]. Comparison Type [EQUALS]. Validation Type [POSITIVE]. @30-09-2021 02:01:50.0813 AM
[ReportManager] Successfully created attachment [Screenshot - 1632967310594_navigateToURLandVerifyGoogleLogoIsDisplayed_ValidateElementExists_passed] @30-09-2021 02:01:50.0814 A

################################################################################################################################################
Starting Execution:	[80 out of 144] test cases in the current suite
Test Method:		[testPackage01.Test_google_playwright.searchForQueryandAssertResultsNumDisplayed]
Test Description:	[TC002 - Search for Query and Assert that the number of results is displayed]
################################################################################################################################################
[ReportManager] Element Action [Type] successfully performed. With the following test data [SHAFT_Engine]. @30-09-2021 02:01:51.0109 AM
[ReportManager] Element Action [KeyPress] successfully performed. With the following test data [Enter]. @30-09-2021 02:01:51.0140 AM
[ReportManager] Element Action [GetText] successfully performed. With the following test data [About 810,000 results (0.73 seconds)]. @30-09-2021 02:01:52.0077 AM
[ReportManager] Loaded Shared OpenCV @30-09-2021 02:01:53.0482 AM
[ReportManager] Assertion [ValidateElementAttribute] PASSED. Expected [Value Should not be '' for the 'text' attribute, element locator 'xpath=//div[@id='appbar']'] and Actual [About 810,000 results (0.73 seconds)]. Comparison Type [EQUALS]. Validation Type [NEGATIVE]. @30-09-2021 02:01:53.0722 AM
[ReportManager] Successfully created attachment [Screenshot - 1632967313480_searchForQueryandAssertResultsNumDisplayed_ValidateElementAttribute_passed] @30-09-2021 02:01:53.0741 A

################################################################################################################################################
Starting Execution:	[81 out of 144] test cases in the current suite
Test Method:		[testPackage01.Test_google_playwright.clickNextThrice]
Test Description:	[TC003 - Clicks the next button to make sure that the framework can scroll element into view before clicking it]
################################################################################################################################################
[ReportManager] Element Action [Click] successfully performed. With the following test data [Next]. @30-09-2021 02:01:53.0979 A
[ReportManager] Failed to find video recording. @30-09-2021 02:01:53.0981 AM
[ReportManager] Successfully Closed PlayWright Driver. @30-09-2021 02:01:54.0031 A

################################################################################################################################################
Starting Execution:	[82 out of 144] test cases in the current suite
Test Method:		[testPackage01.Test_JsonActions.f]
###############################################################################################################################################

################################################################################################################################################
Starting Execution:	[83 out of 144] test cases in the current suite
Test Method:		[testPackage01.Test_JsonActions.f2]
###############################################################################################################################################

################################################################################################################################################
Starting Execution:	[84 out of 144] test cases in the current suite
Test Method:		[testPackage01.Test_AssertApiResponseEquals.assertApiResponseEquals_expectedToPass]
################################################################################################################################################
[ReportManager] Response status code: [200], status line: [HTTP/1.1 200 OK] @30-09-2021 02:01:54.0142 AM
[ReportManager] Assertion Passed: Evaluating the actual response status code against the expected one... @30-09-2021 02:01:54.0142 AM
[ReportManager] Assertion [ValidateEquals] PASSED. Expected [200] and Actual [200]. Comparison Type [EQUALS]. Validation Type [POSITIVE]. @30-09-2021 02:01:54.0142 AM
[ReportManager] API Action [PerformRequest] successfully performed. With the following test data [Request Type: "GET" | Target Status Code: "200" | Service URL: "https://jsonplaceholder.typicode.com/users" | Content Type: "*/*" | Response Time: "70ms"]. @30-09-2021 02:01:54.0159 AM
[ReportManager] Successfully created attachment [API Request - Specifications] @30-09-2021 02:01:54.0159 AM
[ReportManager] Successfully created attachment [API Response - JSON Body] @30-09-2021 02:01:54.0159 AM
[ReportManager] API Action [GetResponseJSONValueAsList] successfully performed. With the following test data [$]. @30-09-2021 02:01:54.0163 AM
[ReportManager] API Action [GetResponseJSONValue] successfully performed. With the following test data [name]. @30-09-2021 02:01:54.0171 AM
[ReportManager] API Action [GetResponseJSONValue] successfully performed. With the following test data [email]. @30-09-2021 02:01:54.0180 AM
[ReportManager] Verification [ValidateEquals] PASSED. Expected [Sincere@april.biz] and Actual [Sincere@april.biz]. Comparison Type [EQUALS]. Validation Type [POSITIVE]. @30-09-2021 02:01:54.0180 AM
[ReportManager] API Action [GetResponseJSONValue] successfully performed. With the following test data [username]. @30-09-2021 02:01:54.0188 AM
[ReportManager] Assertion [ValidateEquals] PASSED. Expected [Bret] and Actual [Bret]. Comparison Type [EQUALS]. Validation Type [POSITIVE]. @30-09-2021 02:01:54.0188 AM
[ReportManager] API Action [GetResponseJSONValue] successfully performed. With the following test data [name]. @30-09-2021 02:01:54.0196 AM
[ReportManager] API Action [GetResponseJSONValue] successfully performed. With the following test data [name]. @30-09-2021 02:01:54.0204 AM
[ReportManager] API Action [GetResponseJSONValue] successfully performed. With the following test data [name]. @30-09-2021 02:01:54.0211 AM
[ReportManager] API Action [GetResponseJSONValue] successfully performed. With the following test data [name]. @30-09-2021 02:01:54.0219 AM
[ReportManager] API Action [GetResponseJSONValue] successfully performed. With the following test data [name]. @30-09-2021 02:01:54.0227 AM
[ReportManager] API Action [GetResponseJSONValue] successfully performed. With the following test data [name]. @30-09-2021 02:01:54.0234 AM
[ReportManager] API Action [GetResponseJSONValue] successfully performed. With the following test data [name]. @30-09-2021 02:01:54.0241 AM
[ReportManager] API Action [GetResponseJSONValue] successfully performed. With the following test data [name]. @30-09-2021 02:01:54.0249 AM
[ReportManager] API Action [GetResponseJSONValue] successfully performed. With the following test data [name]. @30-09-2021 02:01:54.0270 A
[ReportManager] File Action [GetAbsolutePath] successfully performed. With the following test data [Relative Folder Path: "target/downloadedFiles/"]. @30-09-2021 02:01:54.0282 AM
[ReportManager] Attempting to run remotely on: [Linux-64], [GoogleChrome], [http://localhost:4444/wd/hub], Headless Execution. @30-09-2021 02:01:54.0282 AM
[ReportManager] Successfully Opened [GoogleChrome]. @30-09-2021 02:01:54.0519 A

################################################################################################################################################
Starting Execution:	[85 out of 144] test cases in the current suite
Test Method:		[testPackage01.Test_ShadowDOM.shadowdom]
################################################################################################################################################
[ReportManager] Target URL: [https://mdn.github.io/web-components-examples/popup-info-box-web-component/] @30-09-2021 02:01:54.0535 AM
[ReportManager] Initial URL: [data:,] @30-09-2021 02:01:54.0600 AM
[ReportManager] Browser Action [NavigateToURL] successfully performed. With the following test data [https://mdn.github.io/web-components-examples/popup-info-box-web-component/]. @30-09-2021 02:01:54.0810 AM
[ReportManager] Element Action [Type] successfully performed. With the following test data [Typing into SHADOW DOM...]. @30-09-2021 02:01:55.0077 AM
[ReportManager] Element Action [GetText] successfully performed. With the following test data [Typing into SHADOW DOM...]. @30-09-2021 02:01:55.0183 AM
[ReportManager] Loaded Shared OpenCV @30-09-2021 02:01:55.0306 AM
[ReportManager] Assertion [ValidateElementAttribute] PASSED. Expected [Value Should be 'Typing into SHADOW DOM...' for the 'Text' attribute, element locator 'By.id: cvc'] and Actual [Typing into SHADOW DOM...]. Comparison Type [EQUALS]. Validation Type [POSITIVE]. @30-09-2021 02:01:55.0374 AM
[ReportManager] Successfully created attachment [Screenshot - 1632967315306_shadowdom_ValidateElementAttribute_passed] @30-09-2021 02:01:55.0374 A
[ReportManager] Browser Action [CloseCurrentWindow] successfully performed. @30-09-2021 02:01:55.0461 AM
[ReportManager] Successfully created attachment [Browser Action Test Data - CloseCurrentWindow - Actual Value] @30-09-2021 02:01:55.0461 A

################################################################################################################################################
Starting Execution:	[86 out of 144] test cases in the current suite
Test Method:		[testPackage01.Test_SelectedValue.multipleSelect]
################################################################################################################################################
[ReportManager] File Action [GetAbsolutePath] successfully performed. With the following test data [Relative Folder Path: "target/downloadedFiles/"]. @30-09-2021 02:01:55.0466 AM
[ReportManager] Attempting to run remotely on: [Linux-64], [GoogleChrome], [http://localhost:4444/wd/hub], Headless Execution. @30-09-2021 02:01:55.0467 AM
[ReportManager] Successfully Opened [GoogleChrome]. @30-09-2021 02:01:55.0656 AM
[ReportManager] Target URL: [https://yari-demos.prod.mdn.mozit.cloud/en-US/docs/Web/HTML/Element/select/_sample_.Advanced_select_with_multiple_features.html] @30-09-2021 02:01:55.0675 AM
[ReportManager] Initial URL: [data:,] @30-09-2021 02:01:55.0712 AM
[ReportManager] Browser Action [NavigateToURL] successfully performed. With the following test data [https://yari-demos.prod.mdn.mozit.cloud/en-US/docs/Web/HTML/Element/select/_sample_.Advanced_select_with_multiple_features.html]. @30-09-2021 02:01:56.0140 AM
[ReportManager] Element Action [Select] successfully performed. With the following test data [Dog]. @30-09-2021 02:01:56.0368 AM
[ReportManager] Element Action [Select] successfully performed. With the following test data [Cat]. @30-09-2021 02:01:56.0572 AM
[ReportManager] Element Action [GetSelectedText] successfully performed. With the following test data [DogCat]. @30-09-2021 02:01:56.0719 AM
[ReportManager] DogCat @30-09-2021 02:01:56.0719 AM
[ReportManager] Element Action [GetSelectedText] successfully performed. With the following test data [DogCat]. @30-09-2021 02:01:56.0848 AM
[ReportManager] Loaded Shared OpenCV @30-09-2021 02:01:56.0970 AM
[ReportManager] Assertion [ValidateElementAttribute] PASSED. Expected [Value Should be 'DogCat' for the 'selectedText' attribute, element locator 'By.tagName: select'] and Actual [DogCat]. Comparison Type [EQUALS]. Validation Type [POSITIVE]. @30-09-2021 02:01:57.0036 AM
[ReportManager] Successfully created attachment [Screenshot - 1632967316970_multipleSelect_ValidateElementAttribute_passed] @30-09-2021 02:01:57.0037 AM
[ReportManager] Browser Action [CloseCurrentWindow] successfully performed. @30-09-2021 02:01:57.0126 AM
[ReportManager] Successfully created attachment [Browser Action Test Data - CloseCurrentWindow - Actual Value] @30-09-2021 02:01:57.0126 A

################################################################################################################################################
Starting Execution:	[87 out of 144] test cases in the current suite
Test Method:		[testPackage01.Test_SelectedValue.simpleSelect]
################################################################################################################################################
[ReportManager] File Action [GetAbsolutePath] successfully performed. With the following test data [Relative Folder Path: "target/downloadedFiles/"]. @30-09-2021 02:01:57.0133 AM
[ReportManager] Attempting to run remotely on: [Linux-64], [GoogleChrome], [http://localhost:4444/wd/hub], Headless Execution. @30-09-2021 02:01:57.0133 AM
[ReportManager] Successfully Opened [GoogleChrome]. @30-09-2021 02:01:57.0377 AM
[ReportManager] Target URL: [https://yari-demos.prod.mdn.mozit.cloud/en-US/docs/Web/HTML/Element/select/_sample_.Basic_select.html] @30-09-2021 02:01:57.0388 AM
[ReportManager] Initial URL: [data:,] @30-09-2021 02:01:57.0424 AM
[ReportManager] Browser Action [NavigateToURL] successfully performed. With the following test data [https://yari-demos.prod.mdn.mozit.cloud/en-US/docs/Web/HTML/Element/select/_sample_.Basic_select.html]. @30-09-2021 02:01:57.0650 AM
[ReportManager] Element Action [Select] successfully performed. With the following test data [Third Value]. @30-09-2021 02:01:57.0941 AM
[ReportManager] Element Action [GetSelectedText] successfully performed. With the following test data [Third Value]. @30-09-2021 02:01:58.0045 AM
[ReportManager] Third Value @30-09-2021 02:01:58.0045 AM
[ReportManager] Element Action [GetSelectedText] successfully performed. With the following test data [Third Value]. @30-09-2021 02:01:58.0140 AM
[ReportManager] Loaded Shared OpenCV @30-09-2021 02:01:58.0249 AM
[ReportManager] Assertion [ValidateElementAttribute] PASSED. Expected [Value Should be 'Third Value' for the 'selectedText' attribute, element locator 'By.tagName: select'] and Actual [Third Value]. Comparison Type [EQUALS]. Validation Type [POSITIVE]. @30-09-2021 02:01:58.0311 AM
[ReportManager] Successfully created attachment [Screenshot - 1632967318249_simpleSelect_ValidateElementAttribute_passed] @30-09-2021 02:01:58.0312 AM
[ReportManager] Browser Action [CloseCurrentWindow] successfully performed. @30-09-2021 02:01:58.0396 AM
[ReportManager] Successfully created attachment [Browser Action Test Data - CloseCurrentWindow - Actual Value] @30-09-2021 02:01:58.0396 A
[ReportManager] File Action [GetAbsolutePath] successfully performed. With the following test data [Relative Folder Path: "target/downloadedFiles/"]. @30-09-2021 02:01:58.0406 AM
[ReportManager] Attempting to run remotely on: [Linux-64], [GoogleChrome], [http://localhost:4444/wd/hub], Headless Execution. @30-09-2021 02:01:58.0406 AM
[ReportManager] Successfully Opened [GoogleChrome]. @30-09-2021 02:01:58.0603 A

################################################################################################################################################
Starting Execution:	[88 out of 144] test cases in the current suite
Test Method:		[testPackage01.Test_IsElementClickable.testIsElementClickable]
################################################################################################################################################
[ReportManager] Target URL: [https://the-internet.herokuapp.com/] @30-09-2021 02:01:58.0616 AM
[ReportManager] Initial URL: [data:,] @30-09-2021 02:01:58.0673 AM
[ReportManager] Browser Action [NavigateToURL] successfully performed. With the following test data [https://the-internet.herokuapp.com/]. @30-09-2021 02:01:59.0045 AM
[ReportManager] Element Action [IsElementClickable] successfully performed. @30-09-2021 02:01:59.0167 AM
[ReportManager] Assertion [ValidateTrue] PASSED. Expected [TRUE] and Actual [TRUE]. Validation Type [POSITIVE]. @30-09-2021 02:01:59.0168 A
[ReportManager] Browser Action [CloseCurrentWindow] successfully performed. @30-09-2021 02:01:59.0255 AM
[ReportManager] Successfully created attachment [Browser Action Test Data - CloseCurrentWindow - Actual Value] @30-09-2021 02:01:59.0256 A
[ReportManager] File Action [GetAbsolutePath] successfully performed. With the following test data [Relative Folder Path: "target/downloadedFiles/"]. @30-09-2021 02:01:59.0257 AM
[ReportManager] Attempting to run remotely on: [Linux-64], [GoogleChrome], [http://localhost:4444/wd/hub], Headless Execution. @30-09-2021 02:01:59.0257 AM
[ReportManager] Successfully Opened [GoogleChrome]. @30-09-2021 02:01:59.0468 A

################################################################################################################################################
Starting Execution:	[89 out of 144] test cases in the current suite
Test Method:		[testPackage01.Test_clipboardActions.typeTextAndCopyPaste]
################################################################################################################################################
[ReportManager] Target URL: [https://www.google.com/ncr], and after redirection: [https://www.google.com] @30-09-2021 02:01:59.0495 AM
[ReportManager] Initial URL: [data:,] @30-09-2021 02:01:59.0535 AM
[ReportManager] Browser Action [NavigateToURL] successfully performed. With the following test data [https://www.google.com/ncr]. @30-09-2021 02:02:00.0389 AM
[ReportManager] Element Action [Type] successfully performed. With the following test data [FIRST]. @30-09-2021 02:02:00.0734 AM
[ReportManager] Element Action [ClipboardActions] successfully performed. With the following test data [select all]. @30-09-2021 02:02:00.0783 AM
[ReportManager] Element Action [ClipboardActions] successfully performed. With the following test data [copy]. @30-09-2021 02:02:00.0838 AM
[ReportManager] Element Action [ClipboardActions] successfully performed. With the following test data [unselect]. @30-09-2021 02:02:00.0909 AM
[ReportManager] Element Action [ClipboardActions] successfully performed. With the following test data [paste]. @30-09-2021 02:02:00.0959 AM
[ReportManager] Element Action [ClipboardActions] successfully performed. With the following test data [select all]. @30-09-2021 02:02:01.0008 AM
[ReportManager] Element Action [Type] successfully performed. @30-09-2021 02:02:01.0220 AM
[ReportManager] Element Action [ClipboardActions] successfully performed. With the following test data [cut]. @30-09-2021 02:02:01.0220 AM
[ReportManager] Element Action [ClipboardActions] successfully performed. With the following test data [paste]. @30-09-2021 02:02:01.0300 AM
[ReportManager] Element Action [ClipboardActions] successfully performed. With the following test data [paste]. @30-09-2021 02:02:01.0357 A
[ReportManager] Browser Action [CloseCurrentWindow] successfully performed. @30-09-2021 02:02:01.0516 AM
[ReportManager] Successfully created attachment [Browser Action Test Data - CloseCurrentWindow - Actual Value] @30-09-2021 02:02:01.0528 A
[ReportManager] File Action [GetAbsolutePath] successfully performed. With the following test data [Relative Folder Path: "target/downloadedFiles/"]. @30-09-2021 02:02:01.0531 AM
[ReportManager] Attempting to run remotely on: [Linux-64], [GoogleChrome], [http://localhost:4444/wd/hub], Headless Execution. @30-09-2021 02:02:01.0531 AM
[ReportManager] Successfully Opened [GoogleChrome]. @30-09-2021 02:02:01.0735 A

################################################################################################################################################
Starting Execution:	[90 out of 144] test cases in the current suite
Test Method:		[testPackage01.Test_dynamicLoading.dynamicLoading_elementIsHidden]
################################################################################################################################################
[ReportManager] Target URL: [https://the-internet.herokuapp.com/dynamic_loading/1] @30-09-2021 02:02:01.0748 AM
[ReportManager] Initial URL: [data:,] @30-09-2021 02:02:01.0788 AM
[ReportManager] Browser Action [NavigateToURL] successfully performed. With the following test data [https://the-internet.herokuapp.com/dynamic_loading/1]. @30-09-2021 02:02:02.0135 AM
[ReportManager] Element Action [Click] successfully performed. With the following test data [Start]. @30-09-2021 02:02:02.0424 AM
[ReportManager] Element Action [GetText] successfully performed. With the following test data [
    Hello World!
  ]. @30-09-2021 02:02:02.0520 AM
[ReportManager] Loaded Shared OpenCV @30-09-2021 02:02:02.0665 AM
[ReportManager] Assertion [ValidateElementAttribute] PASSED. Expected [Value Should be 'Hello World!' for the 'text' attribute, element locator 'By.id: finish'] and Actual [
    Hello World!
  ]. Comparison Type [CONTAINS]. Validation Type [POSITIVE]. @30-09-2021 02:02:02.0732 AM
[ReportManager] Successfully created attachment [Screenshot - 1632967322665_dynamicLoading_elementIsHidden_ValidateElementAttribute_passed] @30-09-2021 02:02:02.0733 A
[ReportManager] Browser Action [CloseCurrentWindow] successfully performed. @30-09-2021 02:02:02.0827 AM
[ReportManager] Successfully created attachment [Browser Action Test Data - CloseCurrentWindow - Actual Value] @30-09-2021 02:02:02.0827 A
[ReportManager] File Action [GetAbsolutePath] successfully performed. With the following test data [Relative Folder Path: "target/downloadedFiles/"]. @30-09-2021 02:02:02.0831 AM
[ReportManager] Attempting to run remotely on: [Linux-64], [GoogleChrome], [http://localhost:4444/wd/hub], Headless Execution. @30-09-2021 02:02:02.0831 AM
[ReportManager] Successfully Opened [GoogleChrome]. @30-09-2021 02:02:03.0020 A

################################################################################################################################################
Starting Execution:	[91 out of 144] test cases in the current suite
Test Method:		[testPackage01.Test_dynamicLoading.dynamicLoading_elementIsRendered]
################################################################################################################################################
[ReportManager] Target URL: [https://the-internet.herokuapp.com/dynamic_loading/2] @30-09-2021 02:02:03.0036 AM
[ReportManager] Initial URL: [data:,] @30-09-2021 02:02:03.0078 AM
[ReportManager] Browser Action [NavigateToURL] successfully performed. With the following test data [https://the-internet.herokuapp.com/dynamic_loading/2]. @30-09-2021 02:02:03.0423 AM
[ReportManager] Element Action [Click] successfully performed. With the following test data [Start]. @30-09-2021 02:02:03.0768 AM
[ReportManager] Element Action [GetText] successfully performed. With the following test data [Hello World!]. @30-09-2021 02:02:08.0918 AM
[ReportManager] Loaded Shared OpenCV @30-09-2021 02:02:09.0048 AM
[ReportManager] Assertion [ValidateElementAttribute] PASSED. Expected [Value Should be 'Hello World!' for the 'text' attribute, element locator 'By.id: finish'] and Actual [Hello World!]. Comparison Type [CONTAINS]. Validation Type [POSITIVE]. @30-09-2021 02:02:09.0115 AM
[ReportManager] Successfully created attachment [Screenshot - 1632967329048_dynamicLoading_elementIsRendered_ValidateElementAttribute_passed] @30-09-2021 02:02:09.0116 A
[ReportManager] Browser Action [CloseCurrentWindow] successfully performed. @30-09-2021 02:02:09.0216 AM
[ReportManager] Successfully created attachment [Browser Action Test Data - CloseCurrentWindow - Actual Value] @30-09-2021 02:02:09.0217 A

################################################################################################################################################
Starting Execution:	[92 out of 144] test cases in the current suite
Test Method:		[testPackage01.Test_JsonCompareWithSpecialCharacters.specialCharacters]
################################################################################################################################################
[ReportManager] File Action [GetAbsolutePath] successfully performed. With the following test data [Relative Folder Path: "src/test/resources/TestJsonFiles/specialCharacters.json"]. @30-09-2021 02:02:09.0222 AM
[ReportManager] File Action [ReadFromFile] successfully performed. With the following test data [File Path: "/home/runner/work/SHAFT_ENGINE/SHAFT_ENGINE/src/test/resources/TestJsonFiles/specialCharacters.json"]. @30-09-2021 02:02:09.0230 AM
[ReportManager] Successfully created attachment [File Action Actual Result - Command Log] @30-09-2021 02:02:09.0230 AM
[ReportManager] Comparing the provided API response with the file at this path "src/test/resources/TestJsonFiles/specialCharacters.json", comparison type "EQUALS" @30-09-2021 02:02:09.0231 AM
[ReportManager] API Action [CompareJSON] successfully performed. With the following test data [src/test/resources/TestJsonFiles/specialCharacters.json]. @30-09-2021 02:02:09.0240 AM
[ReportManager] File Action [GetAbsolutePath] successfully performed. With the following test data [Relative Folder Path: "src/test/resources/TestJsonFiles/specialCharacters.json"]. @30-09-2021 02:02:09.0240 AM
[ReportManager] File Action [ReadFromFile] successfully performed. With the following test data [File Path: "/home/runner/work/SHAFT_ENGINE/SHAFT_ENGINE/src/test/resources/TestJsonFiles/specialCharacters.json"]. @30-09-2021 02:02:09.0241 AM
[ReportManager] Verification [ValidateJSONFileContent] PASSED. Expected [Response data should match the JSON File in this path 'src/test/resources/TestJsonFiles/specialCharacters.json'] and Actual [TRUE]. Comparison Type [EQUALS]. Validation Type [POSITIVE]. @30-09-2021 02:02:09.0245 AM
[ReportManager] Successfully created attachment [Validation Test Data - Expected JSON Value] @30-09-2021 02:02:09.0246 AM
[ReportManager] Successfully created attachment [Validation Test Data - Actual JSON Value] @30-09-2021 02:02:09.0246 A

################################################################################################################################################
Starting Execution:	[93 out of 144] test cases in the current suite
Test Method:		[testPackage01.Test_JsonCompareWithSpecialCharacters.specialCharacters_assertion]
################################################################################################################################################
[ReportManager] File Action [GetAbsolutePath] successfully performed. With the following test data [Relative Folder Path: "src/test/resources/TestJsonFiles/specialCharacters.json"]. @30-09-2021 02:02:09.0251 AM
[ReportManager] File Action [ReadFromFile] successfully performed. With the following test data [File Path: "/home/runner/work/SHAFT_ENGINE/SHAFT_ENGINE/src/test/resources/TestJsonFiles/specialCharacters.json"]. @30-09-2021 02:02:09.0252 AM
[ReportManager] Successfully created attachment [File Action Actual Result - Command Log] @30-09-2021 02:02:09.0252 AM
[ReportManager] Comparing the provided API response with the file at this path "src/test/resources/TestJsonFiles/specialCharacters.json", comparison type "CONTAINS" @30-09-2021 02:02:09.0252 AM
[ReportManager] API Action [CompareJSON] successfully performed. With the following test data [src/test/resources/TestJsonFiles/specialCharacters.json]. @30-09-2021 02:02:09.0262 AM
[ReportManager] File Action [GetAbsolutePath] successfully performed. With the following test data [Relative Folder Path: "src/test/resources/TestJsonFiles/specialCharacters.json"]. @30-09-2021 02:02:09.0262 AM
[ReportManager] File Action [ReadFromFile] successfully performed. With the following test data [File Path: "/home/runner/work/SHAFT_ENGINE/SHAFT_ENGINE/src/test/resources/TestJsonFiles/specialCharacters.json"]. @30-09-2021 02:02:09.0262 AM
[ReportManager] Assertion Passed: trying out the log message @30-09-2021 02:02:09.0266 AM
[ReportManager] Successfully created attachment [Validation Test Data - Expected JSON Value] @30-09-2021 02:02:09.0266 AM
[ReportManager] Successfully created attachment [Validation Test Data - Actual JSON Value] @30-09-2021 02:02:09.0267 AM
[ReportManager] Assertion [ValidateJSONFileContent] PASSED. Expected [Response data should match the JSON File in this path 'src/test/resources/TestJsonFiles/specialCharacters.json'] and Actual [TRUE]. Comparison Type [CONTAINS]. Validation Type [POSITIVE]. @30-09-2021 02:02:09.0267 A
[ReportManager] File Action [GetAbsolutePath] successfully performed. With the following test data [Relative Folder Path: "target/downloadedFiles/"]. @30-09-2021 02:02:09.0268 AM
[ReportManager] Attempting to run remotely on: [Linux-64], [GoogleChrome], [http://localhost:4444/wd/hub], Headless Execution. @30-09-2021 02:02:09.0269 AM
[ReportManager] Successfully Opened [GoogleChrome]. @30-09-2021 02:02:09.0463 A

################################################################################################################################################
Starting Execution:	[94 out of 144] test cases in the current suite
Test Method:		[testPackage01.Test_uploadFile.uploadFile_invisibleUploadInput]
################################################################################################################################################
[ReportManager] Target URL: [https://fineuploader.com/demos.html#gallery-view] @30-09-2021 02:02:09.0478 AM
[ReportManager] Initial URL: [data:,] @30-09-2021 02:02:09.0522 AM
[ReportManager] Browser Action [NavigateToURL] successfully performed. With the following test data [https://fineuploader.com/demos.html#gallery-view]. @30-09-2021 02:02:11.0000 AM
[ReportManager] File Action [GetAbsolutePath] successfully performed. With the following test data [Relative File Path: "src/main/resources/images/shaft.png"]. @30-09-2021 02:02:11.0000 AM
[ReportManager] Successfully created attachment [File Action Actual Result - Command Log] @30-09-2021 02:02:11.0000 AM
[ReportManager] Element Action [TypeFileLocationForUpload] successfully performed. With the following test data [/home/runner/work/SHAFT_ENGINE/SHAFT_ENGINE/src/main/resources/images/shaft.png]. @30-09-2021 02:02:11.0189 AM
[ReportManager] Attempting to getAttribute [src] from elementLocator [By.xpath: //div[@id='fine-uploader-gallery']//div[@class='qq-thumbnail-wrapper']/img]. @30-09-2021 02:02:11.0189 AM
[ReportManager] Element Action [GetAttribute] successfully performed. @30-09-2021 02:02:11.0302 AM
[ReportManager] Successfully created attachment [Element Action Test Data - GetAttribute - Actual Value] @30-09-2021 02:02:11.0303 AM
[ReportManager] Loaded Shared OpenCV @30-09-2021 02:02:11.0434 AM
[ReportManager] Assertion [ValidateElementAttribute] PASSED. Expected and Actual values are attached. Comparison Type [CONTAINS]. Validation Type [POSITIVE]. @30-09-2021 02:02:11.0505 AM
[ReportManager] Successfully created attachment [Validation Test Data - Expected Value] @30-09-2021 02:02:11.0506 AM
[ReportManager] Successfully created attachment [Validation Test Data - Actual Value] @30-09-2021 02:02:11.0506 AM
[ReportManager] Successfully created attachment [Screenshot - 1632967331434_uploadFile_invisibleUploadInput_ValidateElementAttribute_passed] @30-09-2021 02:02:11.0507 A
[ReportManager] Browser Action [CloseCurrentWindow] successfully performed. @30-09-2021 02:02:11.0658 AM
[ReportManager] Successfully created attachment [Browser Action Test Data - CloseCurrentWindow - Actual Value] @30-09-2021 02:02:11.0659 A
[ReportManager] File Action [GetAbsolutePath] successfully performed. With the following test data [Relative Folder Path: "target/downloadedFiles/"]. @30-09-2021 02:02:11.0663 AM
[ReportManager] Attempting to run remotely on: [Linux-64], [GoogleChrome], [http://localhost:4444/wd/hub], Headless Execution. @30-09-2021 02:02:11.0663 AM
[ReportManager] Successfully Opened [GoogleChrome]. @30-09-2021 02:02:11.0854 A

################################################################################################################################################
Starting Execution:	[95 out of 144] test cases in the current suite
Test Method:		[testPackage01.Test_uploadFile.uploadFile_visibleUploadInput]
################################################################################################################################################
[ReportManager] Target URL: [http://demo.guru99.com/test/upload/] @30-09-2021 02:02:11.0870 AM
[ReportManager] Initial URL: [data:,] @30-09-2021 02:02:11.0927 AM
[ReportManager] Browser Action [NavigateToURL] successfully performed. With the following test data [http://demo.guru99.com/test/upload/]. @30-09-2021 02:02:13.0006 AM
[ReportManager] File Action [GetAbsolutePath] successfully performed. With the following test data [Relative File Path: "src/main/resources/images/shaft.png"]. @30-09-2021 02:02:13.0007 AM
[ReportManager] Successfully created attachment [File Action Actual Result - Command Log] @30-09-2021 02:02:13.0007 AM
[ReportManager] Element Action [TypeFileLocationForUpload] successfully performed. With the following test data [/home/runner/work/SHAFT_ENGINE/SHAFT_ENGINE/src/main/resources/images/shaft.png]. @30-09-2021 02:02:13.0161 AM
[ReportManager] Element Action [Click] successfully performed. With the following test data [on]. @30-09-2021 02:02:13.0471 AM
[ReportManager] Element Action [Click] successfully performed. With the following test data [Submit File]. @30-09-2021 02:02:13.0757 AM
[ReportManager] Element Action [GetText] successfully performed. With the following test data [1 file
has been successfully uploaded.]. @30-09-2021 02:02:14.0392 AM
[ReportManager] Loaded Shared OpenCV @30-09-2021 02:02:14.0585 AM
[ReportManager] Assertion [ValidateElementAttribute] PASSED. Expected [Value Should be '1 file' for the 'Text' attribute, element locator 'By.id: res'] and Actual [1 file
has been successfully uploaded.]. Comparison Type [CONTAINS]. Validation Type [POSITIVE]. @30-09-2021 02:02:14.0658 AM
[ReportManager] Successfully created attachment [Screenshot - 1632967334585_uploadFile_visibleUploadInput_ValidateElementAttribute_passed] @30-09-2021 02:02:14.0659 A
[ReportManager] Browser Action [CloseCurrentWindow] successfully performed. @30-09-2021 02:02:14.0761 AM
[ReportManager] Successfully created attachment [Browser Action Test Data - CloseCurrentWindow - Actual Value] @30-09-2021 02:02:14.0761 A
[ReportManager] File Action [GetAbsolutePath] successfully performed. With the following test data [Relative Folder Path: "target/downloadedFiles/"]. @30-09-2021 02:02:14.0763 AM
[ReportManager] Attempting to run remotely on: [Linux-64], [GoogleChrome], [http://localhost:4444/wd/hub], Headless Execution. @30-09-2021 02:02:14.0763 AM
[ReportManager] Successfully Opened [GoogleChrome]. @30-09-2021 02:02:14.0943 A

################################################################################################################################################
Starting Execution:	[96 out of 144] test cases in the current suite
Test Method:		[testPackage01.Test_assertEquals.test_assertElementAttribute]
################################################################################################################################################
[ReportManager] Target URL: [https://www.google.com/ncr], and after redirection: [https://www.google.com] @30-09-2021 02:02:14.0956 AM
[ReportManager] Initial URL: [data:,] @30-09-2021 02:02:15.0000 AM
[ReportManager] Browser Action [NavigateToURL] successfully performed. With the following test data [https://www.google.com/ncr]. @30-09-2021 02:02:15.0778 AM
[ReportManager] Element Action [Type] successfully performed. With the following test data [INC_004010050:Another SCHEDULER with the same name [Duplicate Job Name] already exists.]. @30-09-2021 02:02:16.0449 AM
[ReportManager] Element Action [GetText] successfully performed. With the following test data [INC_004010050:Another SCHEDULER with the same name [Duplicate Job Name] already exists.]. @30-09-2021 02:02:16.0537 AM
[ReportManager] Loaded Shared OpenCV @30-09-2021 02:02:16.0672 AM
[ReportManager] Assertion [ValidateElementAttribute] PASSED. Expected [Value Should be 'INC_004010050:Another SCHEDULER with the same name \[Duplicate Job Name\] already exists.' for the 'text' attribute, element locator 'By.name: q'] and Actual [INC_004010050:Another SCHEDULER with the same name [Duplicate Job Name] already exists.]. Comparison Type [MATCHES]. Validation Type [POSITIVE]. @30-09-2021 02:02:16.0739 AM
[ReportManager] Successfully created attachment [Screenshot - 1632967336672_test_assertElementAttribute_ValidateElementAttribute_passed] @30-09-2021 02:02:16.0740 A
[ReportManager] Browser Action [CloseCurrentWindow] successfully performed. @30-09-2021 02:02:16.0862 AM
[ReportManager] Successfully created attachment [Browser Action Test Data - CloseCurrentWindow - Actual Value] @30-09-2021 02:02:16.0862 A

################################################################################################################################################
Starting Execution:	[97 out of 144] test cases in the current suite
Test Method:		[testPackage01.Test_NewValidationHelper.f1]
################################################################################################################################################
[ReportManager] Assertion Passed: Checking valid user data @30-09-2021 02:02:16.0865 AM
[ReportManager] Successfully created attachment [Validation Test Data - Expected Value] @30-09-2021 02:02:16.0866 AM
[ReportManager] Successfully created attachment [Validation Test Data - Actual Value] @30-09-2021 02:02:16.0866 AM
[ReportManager] Assertion [ValidateEquals] PASSED. Expected and Actual values are attached. Comparison Type [EQUALS]. Validation Type [POSITIVE]. @30-09-2021 02:02:16.0866 A
[ReportManager] File Action [GetAbsolutePath] successfully performed. With the following test data [Relative Folder Path: "target/downloadedFiles/"]. @30-09-2021 02:02:16.0872 AM
[ReportManager] Attempting to run remotely on: [Linux-64], [GoogleChrome], [http://localhost:4444/wd/hub], Headless Execution. @30-09-2021 02:02:16.0873 AM
[ReportManager] Successfully Opened [GoogleChrome]. @30-09-2021 02:02:17.0050 AM
[ReportManager] Target URL: [https://the-internet.herokuapp.com/] @30-09-2021 02:02:17.0060 AM
[ReportManager] Initial URL: [data:,] @30-09-2021 02:02:17.0104 AM
[ReportManager] Browser Action [NavigateToURL] successfully performed. With the following test data [https://the-internet.herokuapp.com/]. @30-09-2021 02:02:17.0483 A

################################################################################################################################################
Starting Execution:	[98 out of 144] test cases in the current suite
Test Method:		[testPackage01.Test_NewValidationHelper.f10]
################################################################################################################################################
[ReportManager] Assertion [ValidateElementExists] FAILED. Expected [Element Should Exist, locator 'By.tagName: div'] and Actual [Element Exists but is not unique]. Comparison Type [EQUALS]. Validation Type [POSITIVE]. @30-09-2021 02:02:17.0720 AM
[ReportManager] Successfully created attachment [Screenshot - 1632967337659_f10_ValidateElementExists_failed] @30-09-2021 02:02:17.0720 A
[ReportManager] Successfully Closed All Drivers. @30-09-2021 02:02:17.0793 A
[ReportManager] File Action [GetAbsolutePath] successfully performed. With the following test data [Relative Folder Path: "target/downloadedFiles/"]. @30-09-2021 02:02:17.0794 AM
[ReportManager] Attempting to run remotely on: [Linux-64], [GoogleChrome], [http://localhost:4444/wd/hub], Headless Execution. @30-09-2021 02:02:17.0794 AM
[ReportManager] Successfully Opened [GoogleChrome]. @30-09-2021 02:02:18.0008 AM
[ReportManager] Target URL: [https://the-internet.herokuapp.com/] @30-09-2021 02:02:18.0018 AM
[ReportManager] Initial URL: [data:,] @30-09-2021 02:02:18.0058 AM
[ReportManager] Browser Action [NavigateToURL] successfully performed. With the following test data [https://the-internet.herokuapp.com/]. @30-09-2021 02:02:18.0414 A

################################################################################################################################################
Starting Execution:	[99 out of 144] test cases in the current suite
Test Method:		[testPackage01.Test_NewValidationHelper.f11]
################################################################################################################################################
[ReportManager] Assertion Passed: Checking that false tag doesn't exist @30-09-2021 02:02:28.0804 AM
[ReportManager] Successfully created attachment [Screenshot - 1632967348740_f11_ValidateElementExists_passed] @30-09-2021 02:02:28.0805 AM
[ReportManager] Assertion [ValidateElementExists] PASSED. Expected [Element Should not Exist, locator 'By.tagName: h3'] and Actual [Element Doesn't Exists]. Comparison Type [EQUALS]. Validation Type [NEGATIVE]. @30-09-2021 02:02:28.0805 A
[ReportManager] Successfully Closed All Drivers. @30-09-2021 02:02:28.0879 A
[ReportManager] File Action [GetAbsolutePath] successfully performed. With the following test data [Relative Folder Path: "target/downloadedFiles/"]. @30-09-2021 02:02:28.0883 AM
[ReportManager] Attempting to run remotely on: [Linux-64], [GoogleChrome], [http://localhost:4444/wd/hub], Headless Execution. @30-09-2021 02:02:28.0883 AM
[ReportManager] Successfully Opened [GoogleChrome]. @30-09-2021 02:02:29.0081 AM
[ReportManager] Target URL: [https://the-internet.herokuapp.com/] @30-09-2021 02:02:29.0091 AM
[ReportManager] Initial URL: [data:,] @30-09-2021 02:02:29.0128 AM
[ReportManager] Browser Action [NavigateToURL] successfully performed. With the following test data [https://the-internet.herokuapp.com/]. @30-09-2021 02:02:29.0512 A

################################################################################################################################################
Starting Execution:	[100 out of 144] test cases in the current suite
Test Method:		[testPackage01.Test_NewValidationHelper.f12]
################################################################################################################################################
[ReportManager] Loaded Shared OpenCV @30-09-2021 02:02:29.0723 AM
[ReportManager] Assertion [ValidateElementExists] FAILED. Expected [Element Should not Exist, locator 'By.tagName: h1'] and Actual [Element Exists]. Comparison Type [EQUALS]. Validation Type [NEGATIVE]. @30-09-2021 02:02:29.0801 AM
[ReportManager] Successfully created attachment [Screenshot - 1632967349723_f12_ValidateElementExists_failed] @30-09-2021 02:02:29.0802 A
[ReportManager] Successfully Closed All Drivers. @30-09-2021 02:02:29.0875 A
[ReportManager] File Action [GetAbsolutePath] successfully performed. With the following test data [Relative Folder Path: "target/downloadedFiles/"]. @30-09-2021 02:02:29.0877 AM
[ReportManager] Attempting to run remotely on: [Linux-64], [GoogleChrome], [http://localhost:4444/wd/hub], Headless Execution. @30-09-2021 02:02:29.0877 AM
[ReportManager] Successfully Opened [GoogleChrome]. @30-09-2021 02:02:30.0087 AM
[ReportManager] Target URL: [https://the-internet.herokuapp.com/] @30-09-2021 02:02:30.0100 AM
[ReportManager] Initial URL: [data:,] @30-09-2021 02:02:30.0140 AM
[ReportManager] Browser Action [NavigateToURL] successfully performed. With the following test data [https://the-internet.herokuapp.com/]. @30-09-2021 02:02:30.0537 A

################################################################################################################################################
Starting Execution:	[101 out of 144] test cases in the current suite
Test Method:		[testPackage01.Test_NewValidationHelper.f13]
################################################################################################################################################
[ReportManager] Assertion [ValidateElementExists] FAILED. Expected [Element Should not Exist, locator 'By.tagName: div'] and Actual [Element Exists but is not unique]. Comparison Type [EQUALS]. Validation Type [NEGATIVE]. @30-09-2021 02:02:30.0778 AM
[ReportManager] Successfully created attachment [Screenshot - 1632967350719_f13_ValidateElementExists_failed] @30-09-2021 02:02:30.0778 A
[ReportManager] Successfully Closed All Drivers. @30-09-2021 02:02:30.0849 A
[ReportManager] File Action [GetAbsolutePath] successfully performed. With the following test data [Relative Folder Path: "target/downloadedFiles/"]. @30-09-2021 02:02:30.0850 AM
[ReportManager] Attempting to run remotely on: [Linux-64], [GoogleChrome], [http://localhost:4444/wd/hub], Headless Execution. @30-09-2021 02:02:30.0850 AM
[ReportManager] Successfully Opened [GoogleChrome]. @30-09-2021 02:02:31.0050 AM
[ReportManager] Target URL: [https://the-internet.herokuapp.com/] @30-09-2021 02:02:31.0060 AM
[ReportManager] Initial URL: [data:,] @30-09-2021 02:02:31.0098 AM
[ReportManager] Browser Action [NavigateToURL] successfully performed. With the following test data [https://the-internet.herokuapp.com/]. @30-09-2021 02:02:31.0453 A

################################################################################################################################################
Starting Execution:	[102 out of 144] test cases in the current suite
Test Method:		[testPackage01.Test_NewValidationHelper.f14]
################################################################################################################################################
[ReportManager] Element Action [GetText] successfully performed. With the following test data [Welcome to the-internet]. @30-09-2021 02:02:31.0533 AM
[ReportManager] Loaded Shared OpenCV @30-09-2021 02:02:31.0674 AM
[ReportManager] Assertion Passed: Asserting that the header text is correct @30-09-2021 02:02:31.0749 AM
[ReportManager] Successfully created attachment [Screenshot - 1632967351674_f14_ValidateElementAttribute_passed] @30-09-2021 02:02:31.0751 AM
[ReportManager] Assertion [ValidateElementAttribute] PASSED. Expected [Value Should be 'Welcome to the-internet' for the 'text' attribute, element locator 'By.tagName: h1'] and Actual [Welcome to the-internet]. Comparison Type [EQUALS]. Validation Type [POSITIVE]. @30-09-2021 02:02:31.0751 A
[ReportManager] Successfully Closed All Drivers. @30-09-2021 02:02:31.0828 A
[ReportManager] File Action [GetAbsolutePath] successfully performed. With the following test data [Relative Folder Path: "target/downloadedFiles/"]. @30-09-2021 02:02:31.0830 AM
[ReportManager] Attempting to run remotely on: [Linux-64], [GoogleChrome], [http://localhost:4444/wd/hub], Headless Execution. @30-09-2021 02:02:31.0830 AM
[ReportManager] Successfully Opened [GoogleChrome]. @30-09-2021 02:02:32.0012 AM
[ReportManager] Target URL: [https://the-internet.herokuapp.com/] @30-09-2021 02:02:32.0022 AM
[ReportManager] Initial URL: [data:,] @30-09-2021 02:02:32.0060 AM
[ReportManager] Browser Action [NavigateToURL] successfully performed. With the following test data [https://the-internet.herokuapp.com/]. @30-09-2021 02:02:32.0421 A

################################################################################################################################################
Starting Execution:	[103 out of 144] test cases in the current suite
Test Method:		[testPackage01.Test_NewValidationHelper.f15]
################################################################################################################################################
[ReportManager] Element Action [GetText] successfully performed. With the following test data [Welcome to the-internet]. @30-09-2021 02:02:32.0499 AM
[ReportManager] Loaded Shared OpenCV @30-09-2021 02:02:32.0641 AM
[ReportManager] Assertion [ValidateElementAttribute] FAILED. Expected [Value Should not be 'Welcome' for the 'text' attribute, element locator 'By.tagName: h1'] and Actual [Welcome to the-internet]. Comparison Type [CONTAINS]. Validation Type [NEGATIVE]. @30-09-2021 02:02:32.0710 AM
[ReportManager] Successfully created attachment [Screenshot - 1632967352641_f15_ValidateElementAttribute_failed] @30-09-2021 02:02:32.0711 A
[ReportManager] Successfully Closed All Drivers. @30-09-2021 02:02:32.0785 A
[ReportManager] File Action [GetAbsolutePath] successfully performed. With the following test data [Relative Folder Path: "target/downloadedFiles/"]. @30-09-2021 02:02:32.0787 AM
[ReportManager] Attempting to run remotely on: [Linux-64], [GoogleChrome], [http://localhost:4444/wd/hub], Headless Execution. @30-09-2021 02:02:32.0788 AM
[ReportManager] Successfully Opened [GoogleChrome]. @30-09-2021 02:02:32.0985 AM
[ReportManager] Target URL: [https://the-internet.herokuapp.com/] @30-09-2021 02:02:32.0995 AM
[ReportManager] Initial URL: [data:,] @30-09-2021 02:02:33.0036 AM
[ReportManager] Browser Action [NavigateToURL] successfully performed. With the following test data [https://the-internet.herokuapp.com/]. @30-09-2021 02:02:33.0387 A

################################################################################################################################################
Starting Execution:	[104 out of 144] test cases in the current suite
Test Method:		[testPackage01.Test_NewValidationHelper.f16]
################################################################################################################################################
[ReportManager] Element Action [IdentifyUniqueElement] failed. With the following test data [zero elements found matching this locator "By.tagName: h3".]. @30-09-2021 02:02:58.0972 AM
[ReportManager] Successfully created attachment [Screenshot - 1632967378907_f16_IdentifyUniqueElement_failed] @30-09-2021 02:02:58.0973 AM
[ReportManager] Assertion [ValidateElementAttribute] FAILED. Expected [Value Should not be 'Welcome' for the 'text' attribute, element locator 'By.tagName: h3'] and Actual [Failed to read the desired element attribute]. Comparison Type [CONTAINS]. Validation Type [NEGATIVE]. @30-09-2021 02:02:58.0973 A
[ReportManager] Successfully Closed All Drivers. @30-09-2021 02:02:59.0054 A
[ReportManager] File Action [GetAbsolutePath] successfully performed. With the following test data [Relative Folder Path: "target/downloadedFiles/"]. @30-09-2021 02:02:59.0056 AM
[ReportManager] Attempting to run remotely on: [Linux-64], [GoogleChrome], [http://localhost:4444/wd/hub], Headless Execution. @30-09-2021 02:02:59.0056 AM
[ReportManager] Successfully Opened [GoogleChrome]. @30-09-2021 02:02:59.0279 AM
[ReportManager] Target URL: [https://the-internet.herokuapp.com/] @30-09-2021 02:02:59.0291 AM
[ReportManager] Initial URL: [data:,] @30-09-2021 02:02:59.0329 AM
[ReportManager] Browser Action [NavigateToURL] successfully performed. With the following test data [https://the-internet.herokuapp.com/]. @30-09-2021 02:02:59.0705 A

################################################################################################################################################
Starting Execution:	[105 out of 144] test cases in the current suite
Test Method:		[testPackage01.Test_NewValidationHelper.f17]
################################################################################################################################################
[ReportManager] Attempting to getAttribute [text2] from elementLocator [By.tagName: h1]. @30-09-2021 02:02:59.0708 AM
[ReportManager] Element Action [GetAttribute] successfully performed. @30-09-2021 02:02:59.0782 AM
[ReportManager] Loaded Shared OpenCV @30-09-2021 02:02:59.0923 AM
[ReportManager] Assertion [ValidateElementAttribute] PASSED. Expected [Value Should not be 'Welcome' for the 'text2' attribute, element locator 'By.tagName: h1'] and Actual [null]. Comparison Type [CONTAINS]. Validation Type [NEGATIVE]. @30-09-2021 02:03:00.0018 AM
[ReportManager] Successfully created attachment [Screenshot - 1632967379923_f17_ValidateElementAttribute_passed] @30-09-2021 02:03:00.0020 A
[ReportManager] Successfully Closed All Drivers. @30-09-2021 02:03:00.0094 A
[ReportManager] File Action [GetAbsolutePath] successfully performed. With the following test data [Relative Folder Path: "target/downloadedFiles/"]. @30-09-2021 02:03:00.0097 AM
[ReportManager] Attempting to run remotely on: [Linux-64], [GoogleChrome], [http://localhost:4444/wd/hub], Headless Execution. @30-09-2021 02:03:00.0097 AM
[ReportManager] Successfully Opened [GoogleChrome]. @30-09-2021 02:03:00.0302 AM
[ReportManager] Target URL: [https://the-internet.herokuapp.com/] @30-09-2021 02:03:00.0314 AM
[ReportManager] Initial URL: [data:,] @30-09-2021 02:03:00.0355 AM
[ReportManager] Browser Action [NavigateToURL] successfully performed. With the following test data [https://the-internet.herokuapp.com/]. @30-09-2021 02:03:00.0732 A

################################################################################################################################################
Starting Execution:	[106 out of 144] test cases in the current suite
Test Method:		[testPackage01.Test_NewValidationHelper.f18]
################################################################################################################################################
[ReportManager] Element Action [GetText] successfully performed. With the following test data [Welcome to the-internet]. @30-09-2021 02:03:00.0831 AM
[ReportManager] Loaded Shared OpenCV @30-09-2021 02:03:00.0975 AM
[ReportManager] Assertion [ValidateElementAttribute] PASSED. Expected [Value Should not be 'no' for the 'text' attribute, element locator 'By.tagName: h1'] and Actual [Welcome to the-internet]. Comparison Type [CONTAINS]. Validation Type [NEGATIVE]. @30-09-2021 02:03:01.0055 AM
[ReportManager] Successfully created attachment [Screenshot - 1632967380975_f18_ValidateElementAttribute_passed] @30-09-2021 02:03:01.0057 A
[ReportManager] Successfully Closed All Drivers. @30-09-2021 02:03:01.0130 A
[ReportManager] File Action [GetAbsolutePath] successfully performed. With the following test data [Relative Folder Path: "target/downloadedFiles/"]. @30-09-2021 02:03:01.0133 AM
[ReportManager] Attempting to run remotely on: [Linux-64], [GoogleChrome], [http://localhost:4444/wd/hub], Headless Execution. @30-09-2021 02:03:01.0133 AM
[ReportManager] Successfully Opened [GoogleChrome]. @30-09-2021 02:03:01.0349 AM
[ReportManager] Target URL: [https://the-internet.herokuapp.com/] @30-09-2021 02:03:01.0359 AM
[ReportManager] Initial URL: [data:,] @30-09-2021 02:03:01.0401 AM
[ReportManager] Browser Action [NavigateToURL] successfully performed. With the following test data [https://the-internet.herokuapp.com/]. @30-09-2021 02:03:01.0773 A

################################################################################################################################################
Starting Execution:	[107 out of 144] test cases in the current suite
Test Method:		[testPackage01.Test_NewValidationHelper.f19]
################################################################################################################################################
[ReportManager] Element Action [GetTagName] successfully performed. With the following test data [h1]. @30-09-2021 02:03:01.0846 AM
[ReportManager] Loaded Shared OpenCV @30-09-2021 02:03:01.0993 AM
[ReportManager] Assertion [ValidateElementAttribute] PASSED. Expected [Value Should be 'h' for the 'tagname' attribute, element locator 'By.tagName: h1'] and Actual [h1]. Comparison Type [CONTAINS]. Validation Type [POSITIVE]. @30-09-2021 02:03:02.0075 AM
[ReportManager] Successfully created attachment [Screenshot - 1632967381993_f19_ValidateElementAttribute_passed] @30-09-2021 02:03:02.0076 A
[ReportManager] Successfully Closed All Drivers. @30-09-2021 02:03:02.0150 A

################################################################################################################################################
Starting Execution:	[108 out of 144] test cases in the current suite
Test Method:		[testPackage01.Test_NewValidationHelper.f2]
################################################################################################################################################
[ReportManager] Assertion Failed: Checking valid user data @30-09-2021 02:03:02.0155 AM
[ReportManager] Assertion [ValidateEquals] FAILED. Expected [1] and Actual [2]. Comparison Type [EQUALS]. Validation Type [POSITIVE]. @30-09-2021 02:03:02.0155 A
[ReportManager] File Action [GetAbsolutePath] successfully performed. With the following test data [Relative Folder Path: "target/downloadedFiles/"]. @30-09-2021 02:03:02.0158 AM
[ReportManager] Attempting to run remotely on: [Linux-64], [GoogleChrome], [http://localhost:4444/wd/hub], Headless Execution. @30-09-2021 02:03:02.0158 AM
[ReportManager] Successfully Opened [GoogleChrome]. @30-09-2021 02:03:02.0356 AM
[ReportManager] Target URL: [https://the-internet.herokuapp.com/] @30-09-2021 02:03:02.0367 AM
[ReportManager] Initial URL: [data:,] @30-09-2021 02:03:02.0409 AM
[ReportManager] Browser Action [NavigateToURL] successfully performed. With the following test data [https://the-internet.herokuapp.com/]. @30-09-2021 02:03:02.0766 A

################################################################################################################################################
Starting Execution:	[109 out of 144] test cases in the current suite
Test Method:		[testPackage01.Test_NewValidationHelper.f20]
################################################################################################################################################
[ReportManager] Element Action [GetSize] successfully performed. With the following test data [(755, 61)]. @30-09-2021 02:03:02.0845 AM
[ReportManager] Loaded Shared OpenCV @30-09-2021 02:03:02.0990 AM
[ReportManager] Assertion [ValidateElementAttribute] PASSED. Expected [Value Should not be 'a' for the 'size' attribute, element locator 'By.tagName: h1'] and Actual [(755, 61)]. Comparison Type [CONTAINS]. Validation Type [NEGATIVE]. @30-09-2021 02:03:03.0084 AM
[ReportManager] Successfully created attachment [Screenshot - 1632967382990_f20_ValidateElementAttribute_passed] @30-09-2021 02:03:03.0089 A
[ReportManager] Successfully Closed All Drivers. @30-09-2021 02:03:03.0167 A
[ReportManager] File Action [GetAbsolutePath] successfully performed. With the following test data [Relative Folder Path: "target/downloadedFiles/"]. @30-09-2021 02:03:03.0169 AM
[ReportManager] Attempting to run remotely on: [Linux-64], [GoogleChrome], [http://localhost:4444/wd/hub], Headless Execution. @30-09-2021 02:03:03.0169 AM
[ReportManager] Successfully Opened [GoogleChrome]. @30-09-2021 02:03:03.0384 AM
[ReportManager] Target URL: [https://the-internet.herokuapp.com/] @30-09-2021 02:03:03.0394 AM
[ReportManager] Initial URL: [data:,] @30-09-2021 02:03:03.0435 AM
[ReportManager] Browser Action [NavigateToURL] successfully performed. With the following test data [https://the-internet.herokuapp.com/]. @30-09-2021 02:03:03.0815 A

################################################################################################################################################
Starting Execution:	[110 out of 144] test cases in the current suite
Test Method:		[testPackage01.Test_NewValidationHelper.f21]
################################################################################################################################################
[ReportManager] Element Action [IdentifyUniqueElement] failed. With the following test data [zero elements found matching this locator "By.tagName: h3".]. @30-09-2021 02:03:29.0409 AM
[ReportManager] Successfully created attachment [Screenshot - 1632967409338_f21_IdentifyUniqueElement_failed] @30-09-2021 02:03:29.0410 AM
[ReportManager] Assertion [ValidateElementAttribute] FAILED. Expected [Value Should be 'Welcome' for the 'text' attribute, element locator 'By.tagName: h3'] and Actual [Failed to read the desired element attribute]. Comparison Type [CONTAINS]. Validation Type [POSITIVE]. @30-09-2021 02:03:29.0411 A
[ReportManager] Successfully Closed All Drivers. @30-09-2021 02:03:29.0493 A
[ReportManager] File Action [GetAbsolutePath] successfully performed. With the following test data [Relative Folder Path: "target/downloadedFiles/"]. @30-09-2021 02:03:29.0495 AM
[ReportManager] Attempting to run remotely on: [Linux-64], [GoogleChrome], [http://localhost:4444/wd/hub], Headless Execution. @30-09-2021 02:03:29.0495 AM
[ReportManager] Successfully Opened [GoogleChrome]. @30-09-2021 02:03:29.0718 AM
[ReportManager] Target URL: [https://the-internet.herokuapp.com/] @30-09-2021 02:03:29.0728 AM
[ReportManager] Initial URL: [data:,] @30-09-2021 02:03:29.0772 AM
[ReportManager] Browser Action [NavigateToURL] successfully performed. With the following test data [https://the-internet.herokuapp.com/]. @30-09-2021 02:03:30.0157 A

################################################################################################################################################
Starting Execution:	[111 out of 144] test cases in the current suite
Test Method:		[testPackage01.Test_NewValidationHelper.f22]
################################################################################################################################################
[ReportManager] Element Action [GetText] successfully performed. With the following test data [Welcome to the-internet]. @30-09-2021 02:03:30.0234 AM
[ReportManager] Loaded Shared OpenCV @30-09-2021 02:03:30.0373 AM
[ReportManager] Assertion [ValidateElementAttribute] FAILED. Expected [Value Should be 'yyy' for the 'text' attribute, element locator 'By.tagName: h1'] and Actual [Welcome to the-internet]. Comparison Type [CONTAINS]. Validation Type [POSITIVE]. @30-09-2021 02:03:30.0448 AM
[ReportManager] Successfully created attachment [Screenshot - 1632967410373_f22_ValidateElementAttribute_failed] @30-09-2021 02:03:30.0449 A
[ReportManager] Successfully Closed All Drivers. @30-09-2021 02:03:30.0522 A

################################################################################################################################################
Starting Execution:	[112 out of 144] test cases in the current suite
Test Method:		[testPackage01.Test_NewValidationHelper.f23]
################################################################################################################################################
[ReportManager] Assertion Passed: confirming that the actual is greater than or equal to the expected @30-09-2021 02:03:30.0527 AM
[ReportManager] Assertion [ValidateComparativeRelation] PASSED. Expected [1] and Actual [1]. Comparison Type [GREATER_THAN_OR_EQUALS]. Validation Type [POSITIVE]. @30-09-2021 02:03:30.0527 A

################################################################################################################################################
Starting Execution:	[113 out of 144] test cases in the current suite
Test Method:		[testPackage01.Test_NewValidationHelper.f24]
################################################################################################################################################
[ReportManager] Assertion [ValidateComparativeRelation] PASSED. Expected [1] and Actual [10]. Comparison Type [GREATER_THAN_OR_EQUALS]. Validation Type [POSITIVE]. @30-09-2021 02:03:30.0531 A

################################################################################################################################################
Starting Execution:	[114 out of 144] test cases in the current suite
Test Method:		[testPackage01.Test_NewValidationHelper.f25]
################################################################################################################################################
[ReportManager] Assertion [ValidateComparativeRelation] PASSED. Expected [1] and Actual [1]. Comparison Type [EQUALS]. Validation Type [POSITIVE]. @30-09-2021 02:03:30.0535 A

################################################################################################################################################
Starting Execution:	[115 out of 144] test cases in the current suite
Test Method:		[testPackage01.Test_NewValidationHelper.f26]
################################################################################################################################################
[ReportManager] Assertion [ValidateComparativeRelation] PASSED. Expected [1] and Actual [5]. Comparison Type [GREATER_THAN]. Validation Type [POSITIVE]. @30-09-2021 02:03:30.0538 A

################################################################################################################################################
Starting Execution:	[116 out of 144] test cases in the current suite
Test Method:		[testPackage01.Test_NewValidationHelper.f27]
################################################################################################################################################
[ReportManager] Assertion [ValidateComparativeRelation] PASSED. Expected [11] and Actual [5]. Comparison Type [LESS_THAN]. Validation Type [POSITIVE]. @30-09-2021 02:03:30.0545 A

################################################################################################################################################
Starting Execution:	[117 out of 144] test cases in the current suite
Test Method:		[testPackage01.Test_NewValidationHelper.f28]
################################################################################################################################################
[ReportManager] Assertion [ValidateComparativeRelation] PASSED. Expected [11] and Actual [5]. Comparison Type [LESS_THAN_OR_EQUALS]. Validation Type [POSITIVE]. @30-09-2021 02:03:30.0548 A

################################################################################################################################################
Starting Execution:	[118 out of 144] test cases in the current suite
Test Method:		[testPackage01.Test_NewValidationHelper.f29]
################################################################################################################################################
[ReportManager] Assertion [ValidateComparativeRelation] PASSED. Expected [11] and Actual [11]. Comparison Type [LESS_THAN_OR_EQUALS]. Validation Type [POSITIVE]. @30-09-2021 02:03:30.0549 A

################################################################################################################################################
Starting Execution:	[119 out of 144] test cases in the current suite
Test Method:		[testPackage01.Test_NewValidationHelper.f3]
################################################################################################################################################
[ReportManager] Assertion [ValidateEquals] PASSED. Expected [1] and Actual [2]. Comparison Type [EQUALS]. Validation Type [NEGATIVE]. @30-09-2021 02:03:30.0555 A

################################################################################################################################################
Starting Execution:	[120 out of 144] test cases in the current suite
Test Method:		[testPackage01.Test_NewValidationHelper.f30]
################################################################################################################################################
[ReportManager] Assertion [ValidateComparativeRelation] FAILED. Expected [-9] and Actual [11]. Comparison Type [LESS_THAN_OR_EQUALS]. Validation Type [POSITIVE]. @30-09-2021 02:03:30.0557 A

################################################################################################################################################
Starting Execution:	[121 out of 144] test cases in the current suite
Test Method:		[testPackage01.Test_NewValidationHelper.f31]
################################################################################################################################################
[ReportManager] Assertion [ValidateTrue] PASSED. Expected [TRUE] and Actual [TRUE]. Validation Type [POSITIVE]. @30-09-2021 02:03:30.0559 A

################################################################################################################################################
Starting Execution:	[122 out of 144] test cases in the current suite
Test Method:		[testPackage01.Test_NewValidationHelper.f32]
################################################################################################################################################
[ReportManager] Assertion [ValidateTrue] PASSED. Expected [FALSE] and Actual [FALSE]. Validation Type [NEGATIVE]. @30-09-2021 02:03:30.0562 A

################################################################################################################################################
Starting Execution:	[123 out of 144] test cases in the current suite
Test Method:		[testPackage01.Test_NewValidationHelper.f33]
################################################################################################################################################
[ReportManager] Assertion [ValidateTrue] FAILED. Expected [FALSE] and Actual [TRUE]. Validation Type [NEGATIVE]. @30-09-2021 02:03:30.0566 A

################################################################################################################################################
Starting Execution:	[124 out of 144] test cases in the current suite
Test Method:		[testPackage01.Test_NewValidationHelper.f34]
################################################################################################################################################
[ReportManager] Assertion [ValidateTrue] FAILED. Expected [TRUE] and Actual [FALSE]. Validation Type [POSITIVE]. @30-09-2021 02:03:30.0569 A

################################################################################################################################################
Starting Execution:	[125 out of 144] test cases in the current suite
Test Method:		[testPackage01.Test_NewValidationHelper.f35]
################################################################################################################################################
[ReportManager] File Action [DoesFileExist] successfully performed. With the following test data [File Path: "pom.xml"]. @30-09-2021 02:03:30.0572 AM
[ReportManager] Assertion [ValidateFileExists] PASSED. Expected [File 'pom.xml' should exist, after up to '1' retries] and Actual [File exists]. Validation Type [POSITIVE]. @30-09-2021 02:03:30.0572 A

################################################################################################################################################
Starting Execution:	[126 out of 144] test cases in the current suite
Test Method:		[testPackage01.Test_NewValidationHelper.f36]
################################################################################################################################################
[ReportManager] File Action [DoesFileExist] successfully performed. With the following test data [File Path: "src/test/java/testPackage01/Test_NewValidationHelper.java"]. @30-09-2021 02:03:30.0575 AM
[ReportManager] Assertion [ValidateFileExists] PASSED. Expected [File 'src/test/java/testPackage01/Test_NewValidationHelper.java' should exist, after up to '1' retries] and Actual [File exists]. Validation Type [POSITIVE]. @30-09-2021 02:03:30.0575 A

################################################################################################################################################
Starting Execution:	[127 out of 144] test cases in the current suite
Test Method:		[testPackage01.Test_NewValidationHelper.f37]
################################################################################################################################################
[ReportManager] File Action [DoesFileExist] successfully performed. With the following test data [File Path: "pom.xml"]. @30-09-2021 02:03:30.0578 AM
[ReportManager] Assertion Failed: confirming that the file does't exist after 5 retries @30-09-2021 02:03:30.0578 AM
[ReportManager] Assertion [ValidateFileExists] FAILED. Expected [File 'pom.xml' should not exist, after up to '5' retries] and Actual [File exists]. Validation Type [NEGATIVE]. @30-09-2021 02:03:30.0578 A

################################################################################################################################################
Starting Execution:	[128 out of 144] test cases in the current suite
Test Method:		[testPackage01.Test_NewValidationHelper.f3_1]
################################################################################################################################################
[ReportManager] Assertion Passed: Checking valid user data @30-09-2021 02:03:30.0583 AM
[ReportManager] Assertion [ValidateEquals] PASSED. Expected [null] and Actual [null]. Comparison Type [EQUALS]. Validation Type [POSITIVE]. @30-09-2021 02:03:30.0583 A

################################################################################################################################################
Starting Execution:	[129 out of 144] test cases in the current suite
Test Method:		[testPackage01.Test_NewValidationHelper.f4]
################################################################################################################################################
[ReportManager] Assertion [ValidateEquals] PASSED. Expected [1] and Actual [123]. Comparison Type [CONTAINS]. Validation Type [POSITIVE]. @30-09-2021 02:03:30.0587 A

################################################################################################################################################
Starting Execution:	[130 out of 144] test cases in the current suite
Test Method:		[testPackage01.Test_NewValidationHelper.f5]
################################################################################################################################################
[ReportManager] Assertion [ValidateNull] PASSED. Expected [NULL] and Actual [1]. Comparison Type [EQUALS]. Validation Type [NEGATIVE]. @30-09-2021 02:03:30.0590 A

################################################################################################################################################
Starting Execution:	[131 out of 144] test cases in the current suite
Test Method:		[testPackage01.Test_NewValidationHelper.f6]
################################################################################################################################################
[ReportManager] Assertion Failed: Making sure that null string is not equal to null object @30-09-2021 02:03:30.0593 AM
[ReportManager] Assertion [ValidateNull] FAILED. Expected [NULL] and Actual [NULL]. Comparison Type [EQUALS]. Validation Type [POSITIVE]. @30-09-2021 02:03:30.0593 A

################################################################################################################################################
Starting Execution:	[132 out of 144] test cases in the current suite
Test Method:		[testPackage01.Test_NewValidationHelper.f6_1]
################################################################################################################################################
[ReportManager] Assertion [ValidateNull] FAILED. Expected [NULL] and Actual [NULL]. Comparison Type [EQUALS]. Validation Type [NEGATIVE]. @30-09-2021 02:03:30.0595 A

################################################################################################################################################
Starting Execution:	[133 out of 144] test cases in the current suite
Test Method:		[testPackage01.Test_NewValidationHelper.f6_2]
################################################################################################################################################
[ReportManager] Assertion Failed: Making sure that null string is not equal to null object @30-09-2021 02:03:30.0598 AM
[ReportManager] Assertion [ValidateNull] FAILED. Expected [NULL] and Actual [not null]. Comparison Type [EQUALS]. Validation Type [POSITIVE]. @30-09-2021 02:03:30.0598 A

################################################################################################################################################
Starting Execution:	[134 out of 144] test cases in the current suite
Test Method:		[testPackage01.Test_NewValidationHelper.f7]
################################################################################################################################################
[ReportManager] Assertion [ValidateNull] PASSED. Expected [NULL] and Actual [NULL]. Comparison Type [EQUALS]. Validation Type [POSITIVE]. @30-09-2021 02:03:30.0601 A
[ReportManager] File Action [GetAbsolutePath] successfully performed. With the following test data [Relative Folder Path: "target/downloadedFiles/"]. @30-09-2021 02:03:30.0602 AM
[ReportManager] Attempting to run remotely on: [Linux-64], [GoogleChrome], [http://localhost:4444/wd/hub], Headless Execution. @30-09-2021 02:03:30.0603 AM
[ReportManager] Successfully Opened [GoogleChrome]. @30-09-2021 02:03:30.0778 AM
[ReportManager] Target URL: [https://the-internet.herokuapp.com/] @30-09-2021 02:03:30.0788 AM
[ReportManager] Initial URL: [data:,] @30-09-2021 02:03:30.0828 AM
[ReportManager] Browser Action [NavigateToURL] successfully performed. With the following test data [https://the-internet.herokuapp.com/]. @30-09-2021 02:03:31.0182 A

################################################################################################################################################
Starting Execution:	[135 out of 144] test cases in the current suite
Test Method:		[testPackage01.Test_NewValidationHelper.f8]
################################################################################################################################################
[ReportManager] Loaded Shared OpenCV @30-09-2021 02:03:31.0372 AM
[ReportManager] Assertion [ValidateElementExists] PASSED. Expected [Element Should Exist, locator 'By.tagName: h1'] and Actual [Element Exists]. Comparison Type [EQUALS]. Validation Type [POSITIVE]. @30-09-2021 02:03:31.0444 AM
[ReportManager] Successfully created attachment [Screenshot - 1632967411372_f8_ValidateElementExists_passed] @30-09-2021 02:03:31.0445 A
[ReportManager] Successfully Closed All Drivers. @30-09-2021 02:03:31.0519 A
[ReportManager] File Action [GetAbsolutePath] successfully performed. With the following test data [Relative Folder Path: "target/downloadedFiles/"]. @30-09-2021 02:03:31.0521 AM
[ReportManager] Attempting to run remotely on: [Linux-64], [GoogleChrome], [http://localhost:4444/wd/hub], Headless Execution. @30-09-2021 02:03:31.0522 AM
[ReportManager] Successfully Opened [GoogleChrome]. @30-09-2021 02:03:31.0720 AM
[ReportManager] Target URL: [https://the-internet.herokuapp.com/] @30-09-2021 02:03:31.0730 AM
[ReportManager] Initial URL: [data:,] @30-09-2021 02:03:31.0767 AM
[ReportManager] Browser Action [NavigateToURL] successfully performed. With the following test data [https://the-internet.herokuapp.com/]. @30-09-2021 02:03:32.0109 A

################################################################################################################################################
Starting Execution:	[136 out of 144] test cases in the current suite
Test Method:		[testPackage01.Test_NewValidationHelper.f9]
################################################################################################################################################
[ReportManager] Assertion [ValidateElementExists] FAILED. Expected [Element Should Exist, locator 'By.tagName: h3'] and Actual [Element Doesn't Exists]. Comparison Type [EQUALS]. Validation Type [POSITIVE]. @30-09-2021 02:04:02.0812 AM
[ReportManager] Successfully created attachment [Screenshot - 1632967442754_f9_ValidateElementExists_failed] @30-09-2021 02:04:02.0812 A
[ReportManager] Successfully Closed All Drivers. @30-09-2021 02:04:02.0889 A

################################################################################################################################################
Starting Execution:	[137 out of 144] test cases in the current suite
Test Method:		[testPackage01.Test_NewValidationHelper.forceFail]
################################################################################################################################################
[ReportManager] Assertion [ValidateFail] FAILED. Successfully force failed the test. @30-09-2021 02:04:02.0893 A

################################################################################################################################################
Starting Execution:	[138 out of 144] test cases in the current suite
Test Method:		[testPackage01.Test_NewValidationHelper.forceFail2]
################################################################################################################################################
[ReportManager] Assertion Failed: Custom Message @30-09-2021 02:04:02.0896 AM
[ReportManager] Assertion [ValidateFail] FAILED. Successfully force failed the test. @30-09-2021 02:04:02.0896 A

################################################################################################################################################
Starting Execution:	[139 out of 144] test cases in the current suite
Test Method:		[testPackage01.Test_sendGraphqlRequest.sendGraphqlRequestUsingMutationAndVariables]
################################################################################################################################################
[ReportManager] GraphQl Request is being Performed with the Following Parameters [Service URL: https://api.spacex.land/graphql | Request Body: {"variables":"{\"name\": \"sherlock holmes\",\"rocket\": \"221B Baker Street\"}","query":"mutation ($name: String, $rocket: String) {\n  insert_users(objects: {name: $name, rocket: $rocket}) {\n    returning {\n      name\n      rocket\n    }\n  }\n}"}] @30-09-2021 02:04:02.0901 AM
[ReportManager] Response status code: [200], status line: [HTTP/1.1 200 OK] @30-09-2021 02:04:03.0123 AM
[ReportManager] Assertion Passed: Evaluating the actual response status code against the expected one... @30-09-2021 02:04:03.0124 AM
[ReportManager] Assertion [ValidateEquals] PASSED. Expected [200] and Actual [200]. Comparison Type [EQUALS]. Validation Type [POSITIVE]. @30-09-2021 02:04:03.0124 AM
[ReportManager] API Action [PerformRequest] successfully performed. With the following test data [Request Type: "POST" | Target Status Code: "200" | Service URL: "https://api.spacex.land/graphql" | Content Type: "application/json" | Response Time: "152ms"]. @30-09-2021 02:04:03.0136 AM
[ReportManager] Successfully created attachment [API Request - Specifications] @30-09-2021 02:04:03.0136 AM
[ReportManager] Successfully created attachment [API Request - JSON Body] @30-09-2021 02:04:03.0137 AM
[ReportManager] Successfully created attachment [API Response - JSON Body] @30-09-2021 02:04:03.0137 AM
[ReportManager] API Action [GetResponseJSONValue] successfully performed. With the following test data [data.insert_users.returning[0].name]. @30-09-2021 02:04:03.0186 AM
[ReportManager] Assertion [ValidateEquals] PASSED. Expected [sherlock holmes] and Actual [sherlock holmes]. Comparison Type [EQUALS]. Validation Type [POSITIVE]. @30-09-2021 02:04:03.0187 A

################################################################################################################################################
Starting Execution:	[140 out of 144] test cases in the current suite
Test Method:		[testPackage01.Test_sendGraphqlRequest.sendGraphqlRequestUsingQuery]
################################################################################################################################################
[ReportManager] GraphQl Request is being Performed with the Following Parameters [Service URL: https://api.spacex.land/graphql | Request Body: {"query":"{company {ceo}}"}] @30-09-2021 02:04:03.0192 AM
[ReportManager] Response status code: [200], status line: [HTTP/1.1 200 OK] @30-09-2021 02:04:03.0289 AM
[ReportManager] Assertion Passed: Evaluating the actual response status code against the expected one... @30-09-2021 02:04:03.0289 AM
[ReportManager] Assertion [ValidateEquals] PASSED. Expected [200] and Actual [200]. Comparison Type [EQUALS]. Validation Type [POSITIVE]. @30-09-2021 02:04:03.0289 AM
[ReportManager] API Action [PerformRequest] successfully performed. With the following test data [Request Type: "POST" | Target Status Code: "200" | Service URL: "https://api.spacex.land/graphql" | Content Type: "application/json" | Response Time: "84ms"]. @30-09-2021 02:04:03.0298 AM
[ReportManager] Successfully created attachment [API Request - Specifications] @30-09-2021 02:04:03.0298 AM
[ReportManager] Successfully created attachment [API Request - JSON Body] @30-09-2021 02:04:03.0299 AM
[ReportManager] Successfully created attachment [API Response - JSON Body] @30-09-2021 02:04:03.0299 AM
[ReportManager] API Action [GetResponseJSONValue] successfully performed. With the following test data [data.company.ceo]. @30-09-2021 02:04:03.0306 AM
[ReportManager] Assertion [ValidateEquals] PASSED. Expected [Elon Musk] and Actual [Elon Musk]. Comparison Type [EQUALS]. Validation Type [POSITIVE]. @30-09-2021 02:04:03.0306 A

################################################################################################################################################
Starting Execution:	[141 out of 144] test cases in the current suite
Test Method:		[testPackage01.Test_chainableElementActions.chainElementActions]
################################################################################################################################################
[ReportManager] File Action [GetAbsolutePath] successfully performed. With the following test data [Relative Folder Path: "target/downloadedFiles/"]. @30-09-2021 02:04:03.0312 AM
[ReportManager] Attempting to run remotely on: [Linux-64], [GoogleChrome], [http://localhost:4444/wd/hub], Headless Execution. @30-09-2021 02:04:03.0313 AM
[ReportManager] Successfully Opened [GoogleChrome]. @30-09-2021 02:04:03.0567 AM
[ReportManager] Target URL: [https://www.google.com/ncr], and after redirection: [https://www.google.com] @30-09-2021 02:04:03.0577 AM
[ReportManager] Initial URL: [data:,] @30-09-2021 02:04:03.0613 AM
[ReportManager] Browser Action [NavigateToURL] successfully performed. With the following test data [https://www.google.com/ncr]. @30-09-2021 02:04:04.0442 AM
[ReportManager] Element Action [Type] successfully performed. With the following test data [chained type 1]. @30-09-2021 02:04:04.0764 AM
[ReportManager] Element Action [Type] successfully performed. With the following test data [chained type 2]. @30-09-2021 02:04:05.0054 AM
[ReportManager] Element Action [TypeAppend] successfully performed. With the following test data [345]. @30-09-2021 02:04:05.0150 AM
[ReportManager] Element Action [GetText] successfully performed. With the following test data [chained type 2345]. @30-09-2021 02:04:05.0249 AM
[ReportManager] Loaded Shared OpenCV @30-09-2021 02:04:05.0378 AM
[ReportManager] Assertion [ValidateElementAttribute] PASSED. Expected [Value Should be 'chained type 2345' for the 'text' attribute, element locator 'By.name: q'] and Actual [chained type 2345]. Comparison Type [EQUALS]. Validation Type [POSITIVE]. @30-09-2021 02:04:05.0463 AM
[ReportManager] Successfully created attachment [Screenshot - 1632967445378_chainElementActions_ValidateElementAttribute_passed] @30-09-2021 02:04:05.0464 AM
[ReportManager] Browser Action [CloseCurrentWindow] successfully performed. @30-09-2021 02:04:05.0586 AM
[ReportManager] Successfully created attachment [Browser Action Test Data - CloseCurrentWindow - Actual Value] @30-09-2021 02:04:05.0587 A

################################################################################################################################################
Starting Execution:	[142 out of 144] test cases in the current suite
Test Method:		[testPackage01.Test_SkipDueToIssue.doNotSkip]
################################################################################################################################################
[ReportManager] This should not be skipped. @30-09-2021 02:04:05.0592 A

################################################################################################################################################
Starting Execution:	[143 out of 144] test cases in the current suite
Test Method:		[testPackage01.Test_SkipDueToIssue.skip]
################################################################################################################################################
[ReportManager] This should be skipped. @30-09-2021 02:04:05.0600 A

################################################################################################################################################
Starting Execution:	[144 out of 144] test cases in the current suite
Test Method:		[testPackage01.Test_SkipDueToIssue.skip2]
################################################################################################################################################
[ReportManager] This should be skipped. @30-09-2021 02:04:05.0604 A

################################################################################################################################################
Test Closure Activities
################################################################################################################################################
[ReportManager] Successfully created attachment [SHAFT Engine Logs - Execution log] @30-09-2021 02:04:05.0634 AM

################################################################################################################################################
This test run was powered by SHAFT Engine Version: [SHAFT Engine v5.3.20210902]
SHAFT Engine is licensed under the MIT License: [https://github.com/MohabMohie/SHAFT_ENGINE/blob/master/LICENSE].
################################################################################################################################################