################################################################################################################################################
Detected SHAFT Engine Version: [SHAFT Engine v5.4.20211011]
################################################################################################################################################

################################################################################################################################################
Starting Execution:	[1 out of 143] test cases in the current suite
Test Method:		[unitTests.tests_validations_assertions.assertComparativeRelation_greaterThanOrEquals_false_equals_expectedToFail]
################################################################################################################################################
[ReportManager] Assertion [ValidateComparativeRelation] FAILED. Expected [1] and Actual [1]. Comparison Type [GREATER_THAN_OR_EQUALS]. Validation Type [NEGATIVE]. @23-10-2021 20:50:56.0041 P

################################################################################################################################################
Starting Execution:	[2 out of 143] test cases in the current suite
Test Method:		[unitTests.tests_validations_assertions.assertComparativeRelation_greaterThanOrEquals_false_equals_expectedToPass]
################################################################################################################################################
[ReportManager] Assertion [ValidateComparativeRelation] PASSED. Expected [2] and Actual [1]. Comparison Type [GREATER_THAN_OR_EQUALS]. Validation Type [NEGATIVE]. @23-10-2021 20:50:56.0145 P

################################################################################################################################################
Starting Execution:	[3 out of 143] test cases in the current suite
Test Method:		[unitTests.tests_validations_assertions.assertComparativeRelation_greaterThanOrEquals_false_greaterThan_expectedToFail]
################################################################################################################################################
[ReportManager] Assertion [ValidateComparativeRelation] FAILED. Expected [1] and Actual [2]. Comparison Type [GREATER_THAN_OR_EQUALS]. Validation Type [NEGATIVE]. @23-10-2021 20:50:56.0162 P

################################################################################################################################################
Starting Execution:	[4 out of 143] test cases in the current suite
Test Method:		[unitTests.tests_validations_assertions.assertComparativeRelation_greaterThanOrEquals_false_greaterThan_expectedToPass]
################################################################################################################################################
[ReportManager] Assertion [ValidateComparativeRelation] PASSED. Expected [2] and Actual [1]. Comparison Type [GREATER_THAN_OR_EQUALS]. Validation Type [NEGATIVE]. @23-10-2021 20:50:56.0177 P

################################################################################################################################################
Starting Execution:	[5 out of 143] test cases in the current suite
Test Method:		[unitTests.tests_validations_assertions.assertComparativeRelation_greaterThanOrEquals_true_equals_expectedToFail]
################################################################################################################################################
[ReportManager] Assertion [ValidateComparativeRelation] FAILED. Expected [1] and Actual [0]. Comparison Type [GREATER_THAN_OR_EQUALS]. Validation Type [POSITIVE]. @23-10-2021 20:50:56.0183 P

################################################################################################################################################
Starting Execution:	[6 out of 143] test cases in the current suite
Test Method:		[unitTests.tests_validations_assertions.assertComparativeRelation_greaterThanOrEquals_true_equals_expectedToPass]
################################################################################################################################################
[ReportManager] Assertion [ValidateComparativeRelation] PASSED. Expected [1] and Actual [1]. Comparison Type [GREATER_THAN_OR_EQUALS]. Validation Type [POSITIVE]. @23-10-2021 20:50:56.0190 P

################################################################################################################################################
Starting Execution:	[7 out of 143] test cases in the current suite
Test Method:		[unitTests.tests_validations_assertions.assertComparativeRelation_greaterThanOrEquals_true_greaterThan_expectedToFail]
################################################################################################################################################
[ReportManager] Assertion [ValidateComparativeRelation] FAILED. Expected [2] and Actual [1]. Comparison Type [GREATER_THAN_OR_EQUALS]. Validation Type [POSITIVE]. @23-10-2021 20:50:56.0195 P

################################################################################################################################################
Starting Execution:	[8 out of 143] test cases in the current suite
Test Method:		[unitTests.tests_validations_assertions.assertComparativeRelation_greaterThanOrEquals_true_greaterThan_expectedToPass]
################################################################################################################################################
[ReportManager] Assertion [ValidateComparativeRelation] PASSED. Expected [1] and Actual [2]. Comparison Type [GREATER_THAN_OR_EQUALS]. Validation Type [POSITIVE]. @23-10-2021 20:50:56.0200 P
[ReportManager] File Action [GetAbsolutePath] successfully performed. With the following test data [Relative Folder Path: "target/downloadedFiles/"]. @23-10-2021 20:50:56.0210 PM
[ReportManager] Attempting to run remotely on: [Linux-64], [GoogleChrome], [http://localhost:4444/wd/hub], Headless Execution. @23-10-2021 20:50:56.0236 PM
[ReportManager] Successfully Opened [GoogleChrome]. @23-10-2021 20:50:57.0762 PM
[ReportManager] Target URL: [https://www.google.com/ncr], and after redirection: [www.google.com] @23-10-2021 20:50:57.0815 PM
[ReportManager] Initial URL: [data:,] @23-10-2021 20:50:57.0943 PM
[ReportManager] Browser Action [NavigateToURL] successfully performed. With the following test data [https://www.google.com/ncr]. @23-10-2021 20:50:59.0324 P

################################################################################################################################################
Starting Execution:	[9 out of 143] test cases in the current suite
Test Method:		[unitTests.tests_validations_assertions.assertElementAttribute_false_caseInsensitiveComparison_expectedToFail]
################################################################################################################################################
[ReportManager] Element Action [Type] successfully performed. With the following test data [AUTOMATION]. @23-10-2021 20:50:59.0923 PM
[ReportManager] Element Action [GetText] successfully performed. With the following test data [AUTOMATION]. @23-10-2021 20:51:00.0098 PM
[ReportManager] Loaded Shared OpenCV @23-10-2021 20:51:00.0827 PM
[ReportManager] Assertion [ValidateElementAttribute] FAILED. Expected [Value Should not be 'AutomaTion' for the 'text' attribute, element locator 'By.name: q'] and Actual [AUTOMATION]. Comparison Type [CASE_INSENSITIVE]. Validation Type [NEGATIVE]. @23-10-2021 20:51:01.0154 PM
[ReportManager] Successfully created attachment [Screenshot - 1635022260352_assertElementAttribute_false_caseInsensitiveComparison_expectedToFail_ValidateElementAttribute_failed] @23-10-2021 20:51:01.0180 P
[ReportManager] Browser Action [CloseCurrentWindow] successfully performed. @23-10-2021 20:51:01.0356 PM
[ReportManager] Successfully created attachment [Browser Action Test Data - CloseCurrentWindow - Actual Value] @23-10-2021 20:51:01.0359 P
[ReportManager] File Action [GetAbsolutePath] successfully performed. With the following test data [Relative Folder Path: "target/downloadedFiles/"]. @23-10-2021 20:51:01.0373 PM
[ReportManager] Attempting to run remotely on: [Linux-64], [GoogleChrome], [http://localhost:4444/wd/hub], Headless Execution. @23-10-2021 20:51:01.0374 PM
[ReportManager] Successfully Opened [GoogleChrome]. @23-10-2021 20:51:01.0834 PM
[ReportManager] Target URL: [https://www.google.com/ncr], and after redirection: [www.google.com] @23-10-2021 20:51:01.0870 PM
[ReportManager] Initial URL: [data:,] @23-10-2021 20:51:01.0966 PM
[ReportManager] Browser Action [NavigateToURL] successfully performed. With the following test data [https://www.google.com/ncr]. @23-10-2021 20:51:02.0948 P

################################################################################################################################################
Starting Execution:	[10 out of 143] test cases in the current suite
Test Method:		[unitTests.tests_validations_assertions.assertElementAttribute_false_caseInsensitiveComparison_expectedToPass]
################################################################################################################################################
[ReportManager] Element Action [Type] successfully performed. With the following test data [AUTOMATION]. @23-10-2021 20:51:03.0424 PM
[ReportManager] Element Action [GetText] successfully performed. With the following test data [AUTOMATION]. @23-10-2021 20:51:03.0571 PM
[ReportManager] Loaded Shared OpenCV @23-10-2021 20:51:03.0714 PM
[ReportManager] Assertion [ValidateElementAttribute] PASSED. Expected [Value Should not be 'AutomaTion123' for the 'text' attribute, element locator 'By.name: q'] and Actual [AUTOMATION]. Comparison Type [CASE_INSENSITIVE]. Validation Type [NEGATIVE]. @23-10-2021 20:51:03.0824 PM
[ReportManager] Successfully created attachment [Screenshot - 1635022263714_assertElementAttribute_false_caseInsensitiveComparison_expectedToPass_ValidateElementAttribute_passed] @23-10-2021 20:51:03.0827 P
[ReportManager] Browser Action [CloseCurrentWindow] successfully performed. @23-10-2021 20:51:03.0976 PM
[ReportManager] Successfully created attachment [Browser Action Test Data - CloseCurrentWindow - Actual Value] @23-10-2021 20:51:03.0977 P
[ReportManager] File Action [GetAbsolutePath] successfully performed. With the following test data [Relative Folder Path: "target/downloadedFiles/"]. @23-10-2021 20:51:03.0983 PM
[ReportManager] Attempting to run remotely on: [Linux-64], [GoogleChrome], [http://localhost:4444/wd/hub], Headless Execution. @23-10-2021 20:51:03.0983 PM
[ReportManager] Successfully Opened [GoogleChrome]. @23-10-2021 20:51:04.0242 PM
[ReportManager] Target URL: [https://www.google.com/ncr], and after redirection: [www.google.com] @23-10-2021 20:51:04.0262 PM
[ReportManager] Initial URL: [data:,] @23-10-2021 20:51:04.0329 PM
[ReportManager] Browser Action [NavigateToURL] successfully performed. With the following test data [https://www.google.com/ncr]. @23-10-2021 20:51:05.0227 P

################################################################################################################################################
Starting Execution:	[11 out of 143] test cases in the current suite
Test Method:		[unitTests.tests_validations_assertions.assertElementAttribute_false_containsComparison_expectedToFail]
################################################################################################################################################
[ReportManager] Element Action [Type] successfully performed. With the following test data [Automation123]. @23-10-2021 20:51:05.0691 PM
[ReportManager] Element Action [GetText] successfully performed. With the following test data [Automation123]. @23-10-2021 20:51:05.0846 PM
[ReportManager] Loaded Shared OpenCV @23-10-2021 20:51:06.0013 PM
[ReportManager] Assertion [ValidateElementAttribute] FAILED. Expected [Value Should not be 'Automation' for the 'text' attribute, element locator 'By.name: q'] and Actual [Automation123]. Comparison Type [CONTAINS]. Validation Type [NEGATIVE]. @23-10-2021 20:51:06.0112 PM
[ReportManager] Successfully created attachment [Screenshot - 1635022266012_assertElementAttribute_false_containsComparison_expectedToFail_ValidateElementAttribute_failed] @23-10-2021 20:51:06.0113 P
[ReportManager] Browser Action [CloseCurrentWindow] successfully performed. @23-10-2021 20:51:06.0256 PM
[ReportManager] Successfully created attachment [Browser Action Test Data - CloseCurrentWindow - Actual Value] @23-10-2021 20:51:06.0259 P
[ReportManager] File Action [GetAbsolutePath] successfully performed. With the following test data [Relative Folder Path: "target/downloadedFiles/"]. @23-10-2021 20:51:06.0267 PM
[ReportManager] Attempting to run remotely on: [Linux-64], [GoogleChrome], [http://localhost:4444/wd/hub], Headless Execution. @23-10-2021 20:51:06.0268 PM
[ReportManager] Successfully Opened [GoogleChrome]. @23-10-2021 20:51:06.0542 PM
[ReportManager] Target URL: [https://www.google.com/ncr], and after redirection: [www.google.com] @23-10-2021 20:51:06.0566 PM
[ReportManager] Initial URL: [data:,] @23-10-2021 20:51:06.0620 PM
[ReportManager] Browser Action [NavigateToURL] successfully performed. With the following test data [https://www.google.com/ncr]. @23-10-2021 20:51:07.0443 P

################################################################################################################################################
Starting Execution:	[12 out of 143] test cases in the current suite
Test Method:		[unitTests.tests_validations_assertions.assertElementAttribute_false_containsComparison_expectedToPass]
################################################################################################################################################
[ReportManager] Element Action [Type] successfully performed. With the following test data [Automation123]. @23-10-2021 20:51:07.0848 PM
[ReportManager] Element Action [GetText] successfully performed. With the following test data [Automation123]. @23-10-2021 20:51:07.0970 PM
[ReportManager] Loaded Shared OpenCV @23-10-2021 20:51:08.0127 PM
[ReportManager] Assertion [ValidateElementAttribute] PASSED. Expected [Value Should not be 'Automation1234' for the 'text' attribute, element locator 'By.name: q'] and Actual [Automation123]. Comparison Type [CONTAINS]. Validation Type [NEGATIVE]. @23-10-2021 20:51:08.0204 PM
[ReportManager] Successfully created attachment [Screenshot - 1635022268127_assertElementAttribute_false_containsComparison_expectedToPass_ValidateElementAttribute_passed] @23-10-2021 20:51:08.0205 P
[ReportManager] Browser Action [CloseCurrentWindow] successfully performed. @23-10-2021 20:51:08.0345 PM
[ReportManager] Successfully created attachment [Browser Action Test Data - CloseCurrentWindow - Actual Value] @23-10-2021 20:51:08.0345 P
[ReportManager] File Action [GetAbsolutePath] successfully performed. With the following test data [Relative Folder Path: "target/downloadedFiles/"]. @23-10-2021 20:51:08.0349 PM
[ReportManager] Attempting to run remotely on: [Linux-64], [GoogleChrome], [http://localhost:4444/wd/hub], Headless Execution. @23-10-2021 20:51:08.0349 PM
[ReportManager] Successfully Opened [GoogleChrome]. @23-10-2021 20:51:08.0592 PM
[ReportManager] Target URL: [https://www.google.com/ncr], and after redirection: [www.google.com] @23-10-2021 20:51:08.0622 PM
[ReportManager] Initial URL: [data:,] @23-10-2021 20:51:08.0681 PM
[ReportManager] Browser Action [NavigateToURL] successfully performed. With the following test data [https://www.google.com/ncr]. @23-10-2021 20:51:09.0553 P

################################################################################################################################################
Starting Execution:	[13 out of 143] test cases in the current suite
Test Method:		[unitTests.tests_validations_assertions.assertElementAttribute_false_literalComparison_expectedToFail]
################################################################################################################################################
[ReportManager] Element Action [Type] successfully performed. With the following test data [Automation!@#$%^&*()_+{}[]\';/.,]. @23-10-2021 20:51:10.0057 PM
[ReportManager] Element Action [GetText] successfully performed. With the following test data [Automation!@#$%^&*()_+{}[]\';/.,]. @23-10-2021 20:51:10.0189 PM
[ReportManager] Loaded Shared OpenCV @23-10-2021 20:51:10.0349 PM
[ReportManager] Assertion [ValidateElementAttribute] PASSED. Expected [Value Should not be 'Automation!@#$%^&*()_+{}[]\\';/.,' for the 'text' attribute, element locator 'By.name: q'] and Actual [Automation!@#$%^&*()_+{}[]\';/.,]. Comparison Type [EQUALS]. Validation Type [NEGATIVE]. @23-10-2021 20:51:10.0435 PM
[ReportManager] Successfully created attachment [Screenshot - 1635022270348_assertElementAttribute_false_literalComparison_expectedToFail_ValidateElementAttribute_passed] @23-10-2021 20:51:10.0437 P
[ReportManager] Browser Action [CloseCurrentWindow] successfully performed. @23-10-2021 20:51:10.0578 PM
[ReportManager] Successfully created attachment [Browser Action Test Data - CloseCurrentWindow - Actual Value] @23-10-2021 20:51:10.0581 P
[ReportManager] File Action [GetAbsolutePath] successfully performed. With the following test data [Relative Folder Path: "target/downloadedFiles/"]. @23-10-2021 20:51:10.0587 PM
[ReportManager] Attempting to run remotely on: [Linux-64], [GoogleChrome], [http://localhost:4444/wd/hub], Headless Execution. @23-10-2021 20:51:10.0587 PM
[ReportManager] Successfully Opened [GoogleChrome]. @23-10-2021 20:51:10.0850 PM
[ReportManager] Target URL: [https://www.google.com/ncr], and after redirection: [www.google.com] @23-10-2021 20:51:10.0878 PM
[ReportManager] Initial URL: [data:,] @23-10-2021 20:51:10.0929 PM
[ReportManager] Browser Action [NavigateToURL] successfully performed. With the following test data [https://www.google.com/ncr]. @23-10-2021 20:51:11.0849 P

################################################################################################################################################
Starting Execution:	[14 out of 143] test cases in the current suite
Test Method:		[unitTests.tests_validations_assertions.assertElementAttribute_false_literalComparison_expectedToPass]
################################################################################################################################################
[ReportManager] Element Action [Type] successfully performed. With the following test data [Automation!@#$%^&*()_+{}[]\';/.,]. @23-10-2021 20:51:12.0308 PM
[ReportManager] Element Action [GetText] successfully performed. With the following test data [Automation!@#$%^&*()_+{}[]\';/.,]. @23-10-2021 20:51:12.0414 PM
[ReportManager] Loaded Shared OpenCV @23-10-2021 20:51:12.0562 PM
[ReportManager] Assertion [ValidateElementAttribute] PASSED. Expected [Value Should not be 'Automation' for the 'text' attribute, element locator 'By.name: q'] and Actual [Automation!@#$%^&*()_+{}[]\';/.,]. Comparison Type [EQUALS]. Validation Type [NEGATIVE]. @23-10-2021 20:51:12.0634 PM
[ReportManager] Successfully created attachment [Screenshot - 1635022272562_assertElementAttribute_false_literalComparison_expectedToPass_ValidateElementAttribute_passed] @23-10-2021 20:51:12.0635 P
[ReportManager] Browser Action [CloseCurrentWindow] successfully performed. @23-10-2021 20:51:12.0767 PM
[ReportManager] Successfully created attachment [Browser Action Test Data - CloseCurrentWindow - Actual Value] @23-10-2021 20:51:12.0768 P
[ReportManager] File Action [GetAbsolutePath] successfully performed. With the following test data [Relative Folder Path: "target/downloadedFiles/"]. @23-10-2021 20:51:12.0770 PM
[ReportManager] Attempting to run remotely on: [Linux-64], [GoogleChrome], [http://localhost:4444/wd/hub], Headless Execution. @23-10-2021 20:51:12.0771 PM
[ReportManager] Successfully Opened [GoogleChrome]. @23-10-2021 20:51:13.0022 PM
[ReportManager] Target URL: [https://www.google.com/ncr], and after redirection: [www.google.com] @23-10-2021 20:51:13.0053 PM
[ReportManager] Initial URL: [data:,] @23-10-2021 20:51:13.0106 PM
[ReportManager] Browser Action [NavigateToURL] successfully performed. With the following test data [https://www.google.com/ncr]. @23-10-2021 20:51:13.0955 P

################################################################################################################################################
Starting Execution:	[15 out of 143] test cases in the current suite
Test Method:		[unitTests.tests_validations_assertions.assertElementAttribute_false_regexComparison_expectedToFail]
################################################################################################################################################
[ReportManager] Element Action [Type] successfully performed. With the following test data [Automation123]. @23-10-2021 20:51:14.0336 PM
[ReportManager] Element Action [GetText] successfully performed. With the following test data [Automation123]. @23-10-2021 20:51:14.0428 PM
[ReportManager] Loaded Shared OpenCV @23-10-2021 20:51:14.0569 PM
[ReportManager] Assertion [ValidateElementAttribute] FAILED. Expected [Value Should not be 'Automation.*' for the 'text' attribute, element locator 'By.name: q'] and Actual [Automation123]. Comparison Type [MATCHES]. Validation Type [NEGATIVE]. @23-10-2021 20:51:14.0646 PM
[ReportManager] Successfully created attachment [Screenshot - 1635022274569_assertElementAttribute_false_regexComparison_expectedToFail_ValidateElementAttribute_failed] @23-10-2021 20:51:14.0647 P
[ReportManager] Browser Action [CloseCurrentWindow] successfully performed. @23-10-2021 20:51:14.0785 PM
[ReportManager] Successfully created attachment [Browser Action Test Data - CloseCurrentWindow - Actual Value] @23-10-2021 20:51:14.0786 P
[ReportManager] File Action [GetAbsolutePath] successfully performed. With the following test data [Relative Folder Path: "target/downloadedFiles/"]. @23-10-2021 20:51:14.0788 PM
[ReportManager] Attempting to run remotely on: [Linux-64], [GoogleChrome], [http://localhost:4444/wd/hub], Headless Execution. @23-10-2021 20:51:14.0791 PM
[ReportManager] Successfully Opened [GoogleChrome]. @23-10-2021 20:51:15.0016 PM
[ReportManager] Target URL: [https://www.google.com/ncr], and after redirection: [www.google.com] @23-10-2021 20:51:15.0043 PM
[ReportManager] Initial URL: [data:,] @23-10-2021 20:51:15.0099 PM
[ReportManager] Browser Action [NavigateToURL] successfully performed. With the following test data [https://www.google.com/ncr]. @23-10-2021 20:51:15.0947 P

################################################################################################################################################
Starting Execution:	[16 out of 143] test cases in the current suite
Test Method:		[unitTests.tests_validations_assertions.assertElementAttribute_false_regexComparison_expectedToPass]
################################################################################################################################################
[ReportManager] Element Action [Type] successfully performed. With the following test data [Automation123]. @23-10-2021 20:51:16.0355 PM
[ReportManager] Element Action [GetText] successfully performed. With the following test data [Automation123]. @23-10-2021 20:51:16.0470 PM
[ReportManager] Loaded Shared OpenCV @23-10-2021 20:51:16.0604 PM
[ReportManager] Assertion [ValidateElementAttribute] PASSED. Expected [Value Should not be 'Automation' for the 'text' attribute, element locator 'By.name: q'] and Actual [Automation123]. Comparison Type [MATCHES]. Validation Type [NEGATIVE]. @23-10-2021 20:51:16.0675 PM
[ReportManager] Successfully created attachment [Screenshot - 1635022276604_assertElementAttribute_false_regexComparison_expectedToPass_ValidateElementAttribute_passed] @23-10-2021 20:51:16.0676 P
[ReportManager] Browser Action [CloseCurrentWindow] successfully performed. @23-10-2021 20:51:16.0816 PM
[ReportManager] Successfully created attachment [Browser Action Test Data - CloseCurrentWindow - Actual Value] @23-10-2021 20:51:16.0817 P
[ReportManager] File Action [GetAbsolutePath] successfully performed. With the following test data [Relative Folder Path: "target/downloadedFiles/"]. @23-10-2021 20:51:16.0827 PM
[ReportManager] Attempting to run remotely on: [Linux-64], [GoogleChrome], [http://localhost:4444/wd/hub], Headless Execution. @23-10-2021 20:51:16.0827 PM
[ReportManager] Successfully Opened [GoogleChrome]. @23-10-2021 20:51:17.0128 PM
[ReportManager] Target URL: [https://www.google.com/ncr], and after redirection: [www.google.com] @23-10-2021 20:51:17.0140 PM
[ReportManager] Initial URL: [data:,] @23-10-2021 20:51:17.0192 PM
[ReportManager] Browser Action [NavigateToURL] successfully performed. With the following test data [https://www.google.com/ncr]. @23-10-2021 20:51:18.0027 P

################################################################################################################################################
Starting Execution:	[17 out of 143] test cases in the current suite
Test Method:		[unitTests.tests_validations_assertions.assertElementAttribute_true_caseInsensitiveComparison_expectedToFail]
################################################################################################################################################
[ReportManager] Element Action [Type] successfully performed. With the following test data [AUTOMATION]. @23-10-2021 20:51:18.0426 PM
[ReportManager] Element Action [GetText] successfully performed. With the following test data [AUTOMATION]. @23-10-2021 20:51:18.0542 PM
[ReportManager] Loaded Shared OpenCV @23-10-2021 20:51:18.0679 PM
[ReportManager] Assertion [ValidateElementAttribute] FAILED. Expected [Value Should be 'AutomaTion123' for the 'text' attribute, element locator 'By.name: q'] and Actual [AUTOMATION]. Comparison Type [CASE_INSENSITIVE]. Validation Type [POSITIVE]. @23-10-2021 20:51:18.0753 PM
[ReportManager] Successfully created attachment [Screenshot - 1635022278679_assertElementAttribute_true_caseInsensitiveComparison_expectedToFail_ValidateElementAttribute_failed] @23-10-2021 20:51:18.0754 P
[ReportManager] Browser Action [CloseCurrentWindow] successfully performed. @23-10-2021 20:51:18.0901 PM
[ReportManager] Successfully created attachment [Browser Action Test Data - CloseCurrentWindow - Actual Value] @23-10-2021 20:51:18.0901 P
[ReportManager] File Action [GetAbsolutePath] successfully performed. With the following test data [Relative Folder Path: "target/downloadedFiles/"]. @23-10-2021 20:51:18.0906 PM
[ReportManager] Attempting to run remotely on: [Linux-64], [GoogleChrome], [http://localhost:4444/wd/hub], Headless Execution. @23-10-2021 20:51:18.0907 PM
[ReportManager] Successfully Opened [GoogleChrome]. @23-10-2021 20:51:19.0138 PM
[ReportManager] Target URL: [https://www.google.com/ncr], and after redirection: [www.google.com] @23-10-2021 20:51:19.0154 PM
[ReportManager] Initial URL: [data:,] @23-10-2021 20:51:19.0203 PM
[ReportManager] Browser Action [NavigateToURL] successfully performed. With the following test data [https://www.google.com/ncr]. @23-10-2021 20:51:20.0026 P

################################################################################################################################################
Starting Execution:	[18 out of 143] test cases in the current suite
Test Method:		[unitTests.tests_validations_assertions.assertElementAttribute_true_caseInsensitiveComparison_expectedToPass]
################################################################################################################################################
[ReportManager] Element Action [Type] successfully performed. With the following test data [AUTOMATION]. @23-10-2021 20:51:20.0422 PM
[ReportManager] Element Action [GetText] successfully performed. With the following test data [AUTOMATION]. @23-10-2021 20:51:20.0517 PM
[ReportManager] Loaded Shared OpenCV @23-10-2021 20:51:20.0657 PM
[ReportManager] Assertion [ValidateElementAttribute] PASSED. Expected [Value Should be 'AutomaTion' for the 'text' attribute, element locator 'By.name: q'] and Actual [AUTOMATION]. Comparison Type [CASE_INSENSITIVE]. Validation Type [POSITIVE]. @23-10-2021 20:51:20.0739 PM
[ReportManager] Successfully created attachment [Screenshot - 1635022280656_assertElementAttribute_true_caseInsensitiveComparison_expectedToPass_ValidateElementAttribute_passed] @23-10-2021 20:51:20.0740 P
[ReportManager] Browser Action [CloseCurrentWindow] successfully performed. @23-10-2021 20:51:20.0877 PM
[ReportManager] Successfully created attachment [Browser Action Test Data - CloseCurrentWindow - Actual Value] @23-10-2021 20:51:20.0878 P
[ReportManager] File Action [GetAbsolutePath] successfully performed. With the following test data [Relative Folder Path: "target/downloadedFiles/"]. @23-10-2021 20:51:20.0883 PM
[ReportManager] Attempting to run remotely on: [Linux-64], [GoogleChrome], [http://localhost:4444/wd/hub], Headless Execution. @23-10-2021 20:51:20.0883 PM
[ReportManager] Successfully Opened [GoogleChrome]. @23-10-2021 20:51:21.0112 PM
[ReportManager] Target URL: [https://www.google.com/ncr], and after redirection: [www.google.com] @23-10-2021 20:51:21.0140 PM
[ReportManager] Initial URL: [data:,] @23-10-2021 20:51:21.0193 PM
[ReportManager] Browser Action [NavigateToURL] successfully performed. With the following test data [https://www.google.com/ncr]. @23-10-2021 20:51:22.0033 P

################################################################################################################################################
Starting Execution:	[19 out of 143] test cases in the current suite
Test Method:		[unitTests.tests_validations_assertions.assertElementAttribute_true_containsComparison_expectedToFail]
################################################################################################################################################
[ReportManager] Element Action [Type] successfully performed. With the following test data [Automation123]. @23-10-2021 20:51:22.0360 PM
[ReportManager] Element Action [GetText] successfully performed. With the following test data [Automation123]. @23-10-2021 20:51:22.0479 PM
[ReportManager] Loaded Shared OpenCV @23-10-2021 20:51:22.0621 PM
[ReportManager] Assertion [ValidateElementAttribute] FAILED. Expected [Value Should be 'Automation1234' for the 'text' attribute, element locator 'By.name: q'] and Actual [Automation123]. Comparison Type [CONTAINS]. Validation Type [POSITIVE]. @23-10-2021 20:51:22.0693 PM
[ReportManager] Successfully created attachment [Screenshot - 1635022282620_assertElementAttribute_true_containsComparison_expectedToFail_ValidateElementAttribute_failed] @23-10-2021 20:51:22.0694 P
[ReportManager] Browser Action [CloseCurrentWindow] successfully performed. @23-10-2021 20:51:22.0848 PM
[ReportManager] Successfully created attachment [Browser Action Test Data - CloseCurrentWindow - Actual Value] @23-10-2021 20:51:22.0849 P
[ReportManager] File Action [GetAbsolutePath] successfully performed. With the following test data [Relative Folder Path: "target/downloadedFiles/"]. @23-10-2021 20:51:22.0853 PM
[ReportManager] Attempting to run remotely on: [Linux-64], [GoogleChrome], [http://localhost:4444/wd/hub], Headless Execution. @23-10-2021 20:51:22.0853 PM
[ReportManager] Successfully Opened [GoogleChrome]. @23-10-2021 20:51:23.0145 PM
[ReportManager] Target URL: [https://www.google.com/ncr], and after redirection: [www.google.com] @23-10-2021 20:51:23.0157 PM
[ReportManager] Initial URL: [data:,] @23-10-2021 20:51:23.0199 PM
[ReportManager] Browser Action [NavigateToURL] successfully performed. With the following test data [https://www.google.com/ncr]. @23-10-2021 20:51:24.0057 P

################################################################################################################################################
Starting Execution:	[20 out of 143] test cases in the current suite
Test Method:		[unitTests.tests_validations_assertions.assertElementAttribute_true_containsComparison_expectedToPass]
################################################################################################################################################
[ReportManager] Element Action [Type] successfully performed. With the following test data [Automation123]. @23-10-2021 20:51:24.0493 PM
[ReportManager] Element Action [GetText] successfully performed. With the following test data [Automation123]. @23-10-2021 20:51:24.0594 PM
[ReportManager] Loaded Shared OpenCV @23-10-2021 20:51:24.0738 PM
[ReportManager] Assertion [ValidateElementAttribute] PASSED. Expected [Value Should be 'Automation' for the 'text' attribute, element locator 'By.name: q'] and Actual [Automation123]. Comparison Type [CONTAINS]. Validation Type [POSITIVE]. @23-10-2021 20:51:24.0809 PM
[ReportManager] Successfully created attachment [Screenshot - 1635022284738_assertElementAttribute_true_containsComparison_expectedToPass_ValidateElementAttribute_passed] @23-10-2021 20:51:24.0811 P
[ReportManager] Browser Action [CloseCurrentWindow] successfully performed. @23-10-2021 20:51:24.0933 PM
[ReportManager] Successfully created attachment [Browser Action Test Data - CloseCurrentWindow - Actual Value] @23-10-2021 20:51:24.0933 P
[ReportManager] File Action [GetAbsolutePath] successfully performed. With the following test data [Relative Folder Path: "target/downloadedFiles/"]. @23-10-2021 20:51:24.0936 PM
[ReportManager] Attempting to run remotely on: [Linux-64], [GoogleChrome], [http://localhost:4444/wd/hub], Headless Execution. @23-10-2021 20:51:24.0936 PM
[ReportManager] Successfully Opened [GoogleChrome]. @23-10-2021 20:51:25.0203 PM
[ReportManager] Target URL: [https://www.google.com/ncr], and after redirection: [www.google.com] @23-10-2021 20:51:25.0215 PM
[ReportManager] Initial URL: [data:,] @23-10-2021 20:51:25.0260 PM
[ReportManager] Browser Action [NavigateToURL] successfully performed. With the following test data [https://www.google.com/ncr]. @23-10-2021 20:51:26.0074 P

################################################################################################################################################
Starting Execution:	[21 out of 143] test cases in the current suite
Test Method:		[unitTests.tests_validations_assertions.assertElementAttribute_true_literalComparison_expectedToFail]
################################################################################################################################################
[ReportManager] Element Action [Type] successfully performed. With the following test data [Automation!@#$%^&*()_+{}[]\';/.,]. @23-10-2021 20:51:26.0560 PM
[ReportManager] Element Action [GetText] successfully performed. With the following test data [Automation!@#$%^&*()_+{}[]\';/.,]. @23-10-2021 20:51:26.0682 PM
[ReportManager] Loaded Shared OpenCV @23-10-2021 20:51:26.0859 PM
[ReportManager] Assertion [ValidateElementAttribute] FAILED. Expected [Value Should be 'Automation' for the 'text' attribute, element locator 'By.name: q'] and Actual [Automation!@#$%^&*()_+{}[]\';/.,]. Comparison Type [EQUALS]. Validation Type [POSITIVE]. @23-10-2021 20:51:26.0956 PM
[ReportManager] Successfully created attachment [Screenshot - 1635022286858_assertElementAttribute_true_literalComparison_expectedToFail_ValidateElementAttribute_failed] @23-10-2021 20:51:26.0957 P
[ReportManager] Browser Action [CloseCurrentWindow] successfully performed. @23-10-2021 20:51:27.0099 PM
[ReportManager] Successfully created attachment [Browser Action Test Data - CloseCurrentWindow - Actual Value] @23-10-2021 20:51:27.0100 P
[ReportManager] File Action [GetAbsolutePath] successfully performed. With the following test data [Relative Folder Path: "target/downloadedFiles/"]. @23-10-2021 20:51:27.0103 PM
[ReportManager] Attempting to run remotely on: [Linux-64], [GoogleChrome], [http://localhost:4444/wd/hub], Headless Execution. @23-10-2021 20:51:27.0103 PM
[ReportManager] Successfully Opened [GoogleChrome]. @23-10-2021 20:51:27.0306 PM
[ReportManager] Target URL: [https://www.google.com/ncr], and after redirection: [www.google.com] @23-10-2021 20:51:27.0322 PM
[ReportManager] Initial URL: [data:,] @23-10-2021 20:51:27.0372 PM
[ReportManager] Browser Action [NavigateToURL] successfully performed. With the following test data [https://www.google.com/ncr]. @23-10-2021 20:51:28.0209 P

################################################################################################################################################
Starting Execution:	[22 out of 143] test cases in the current suite
Test Method:		[unitTests.tests_validations_assertions.assertElementAttribute_true_literalComparison_expectedToPass]
################################################################################################################################################
[ReportManager] Element Action [Type] successfully performed. With the following test data [Automation!@#$%^&*()_+{}[]\';/.,]. @23-10-2021 20:51:28.0686 PM
[ReportManager] Element Action [GetText] successfully performed. With the following test data [Automation!@#$%^&*()_+{}[]\';/.,]. @23-10-2021 20:51:28.0774 PM
[ReportManager] Loaded Shared OpenCV @23-10-2021 20:51:28.0912 PM
[ReportManager] Assertion [ValidateElementAttribute] PASSED. Expected [Value Should be 'Automation!@#$%^&*()_+{}[]\';/.,' for the 'text' attribute, element locator 'By.name: q'] and Actual [Automation!@#$%^&*()_+{}[]\';/.,]. Comparison Type [EQUALS]. Validation Type [POSITIVE]. @23-10-2021 20:51:28.0989 PM
[ReportManager] Successfully created attachment [Screenshot - 1635022288912_assertElementAttribute_true_literalComparison_expectedToPass_ValidateElementAttribute_passed] @23-10-2021 20:51:28.0990 P
[ReportManager] Browser Action [CloseCurrentWindow] successfully performed. @23-10-2021 20:51:29.0118 PM
[ReportManager] Successfully created attachment [Browser Action Test Data - CloseCurrentWindow - Actual Value] @23-10-2021 20:51:29.0119 P
[ReportManager] File Action [GetAbsolutePath] successfully performed. With the following test data [Relative Folder Path: "target/downloadedFiles/"]. @23-10-2021 20:51:29.0122 PM
[ReportManager] Attempting to run remotely on: [Linux-64], [GoogleChrome], [http://localhost:4444/wd/hub], Headless Execution. @23-10-2021 20:51:29.0123 PM
[ReportManager] Successfully Opened [GoogleChrome]. @23-10-2021 20:51:29.0326 PM
[ReportManager] Target URL: [https://www.google.com/ncr], and after redirection: [www.google.com] @23-10-2021 20:51:29.0342 PM
[ReportManager] Initial URL: [data:,] @23-10-2021 20:51:29.0385 PM
[ReportManager] Browser Action [NavigateToURL] successfully performed. With the following test data [https://www.google.com/ncr]. @23-10-2021 20:51:30.0232 P

################################################################################################################################################
Starting Execution:	[23 out of 143] test cases in the current suite
Test Method:		[unitTests.tests_validations_assertions.assertElementAttribute_true_regexComparison_expectedToFail]
################################################################################################################################################
[ReportManager] Element Action [Type] successfully performed. With the following test data [Automation123]. @23-10-2021 20:51:30.0585 PM
[ReportManager] Element Action [GetText] successfully performed. With the following test data [Automation123]. @23-10-2021 20:51:30.0699 PM
[ReportManager] Loaded Shared OpenCV @23-10-2021 20:51:30.0869 PM
[ReportManager] Assertion [ValidateElementAttribute] FAILED. Expected [Value Should be 'Automation' for the 'text' attribute, element locator 'By.name: q'] and Actual [Automation123]. Comparison Type [MATCHES]. Validation Type [POSITIVE]. @23-10-2021 20:51:30.0945 PM
[ReportManager] Successfully created attachment [Screenshot - 1635022290869_assertElementAttribute_true_regexComparison_expectedToFail_ValidateElementAttribute_failed] @23-10-2021 20:51:30.0946 P
[ReportManager] Browser Action [CloseCurrentWindow] successfully performed. @23-10-2021 20:51:31.0103 PM
[ReportManager] Successfully created attachment [Browser Action Test Data - CloseCurrentWindow - Actual Value] @23-10-2021 20:51:31.0104 P
[ReportManager] File Action [GetAbsolutePath] successfully performed. With the following test data [Relative Folder Path: "target/downloadedFiles/"]. @23-10-2021 20:51:31.0107 PM
[ReportManager] Attempting to run remotely on: [Linux-64], [GoogleChrome], [http://localhost:4444/wd/hub], Headless Execution. @23-10-2021 20:51:31.0108 PM
[ReportManager] Successfully Opened [GoogleChrome]. @23-10-2021 20:51:31.0515 PM
[ReportManager] Target URL: [https://www.google.com/ncr], and after redirection: [www.google.com] @23-10-2021 20:51:31.0535 PM
[ReportManager] Initial URL: [data:,] @23-10-2021 20:51:31.0574 PM
[ReportManager] Browser Action [NavigateToURL] successfully performed. With the following test data [https://www.google.com/ncr]. @23-10-2021 20:51:32.0428 P

################################################################################################################################################
Starting Execution:	[24 out of 143] test cases in the current suite
Test Method:		[unitTests.tests_validations_assertions.assertElementAttribute_true_regexComparison_expectedToPass]
################################################################################################################################################
[ReportManager] Element Action [Type] successfully performed. With the following test data [Automation123]. @23-10-2021 20:51:32.0774 PM
[ReportManager] Element Action [GetText] successfully performed. With the following test data [Automation123]. @23-10-2021 20:51:32.0885 PM
[ReportManager] Loaded Shared OpenCV @23-10-2021 20:51:33.0057 PM
[ReportManager] Assertion [ValidateElementAttribute] PASSED. Expected [Value Should be 'Automation.*' for the 'text' attribute, element locator 'By.name: q'] and Actual [Automation123]. Comparison Type [MATCHES]. Validation Type [POSITIVE]. @23-10-2021 20:51:33.0131 PM
[ReportManager] Successfully created attachment [Screenshot - 1635022293057_assertElementAttribute_true_regexComparison_expectedToPass_ValidateElementAttribute_passed] @23-10-2021 20:51:33.0133 P
[ReportManager] Browser Action [CloseCurrentWindow] successfully performed. @23-10-2021 20:51:33.0264 PM
[ReportManager] Successfully created attachment [Browser Action Test Data - CloseCurrentWindow - Actual Value] @23-10-2021 20:51:33.0264 P
[ReportManager] File Action [GetAbsolutePath] successfully performed. With the following test data [Relative Folder Path: "target/downloadedFiles/"]. @23-10-2021 20:51:33.0267 PM
[ReportManager] Attempting to run remotely on: [Linux-64], [GoogleChrome], [http://localhost:4444/wd/hub], Headless Execution. @23-10-2021 20:51:33.0267 PM
[ReportManager] Successfully Opened [GoogleChrome]. @23-10-2021 20:51:33.0545 PM
[ReportManager] Target URL: [https://www.google.com/ncr], and after redirection: [www.google.com] @23-10-2021 20:51:33.0556 PM
[ReportManager] Initial URL: [data:,] @23-10-2021 20:51:33.0594 PM
[ReportManager] Browser Action [NavigateToURL] successfully performed. With the following test data [https://www.google.com/ncr]. @23-10-2021 20:51:34.0408 P

################################################################################################################################################
Starting Execution:	[25 out of 143] test cases in the current suite
Test Method:		[unitTests.tests_validations_assertions.assertElementAttribute_type_true_literalComparison_expectedToPass]
################################################################################################################################################
[ReportManager] Element Action [Type] successfully performed. With the following test data [Automation!@#$%^&*()_+{}[]\';/.,]. @23-10-2021 20:51:34.0911 PM
[ReportManager] Element Action [GetText] successfully performed. With the following test data [Automation!@#$%^&*()_+{}[]\';/.,]. @23-10-2021 20:51:35.0008 PM
[ReportManager] Loaded Shared OpenCV @23-10-2021 20:51:35.0147 PM
[ReportManager] Assertion [ValidateElementAttribute] PASSED. Expected [Value Should be 'Automation!@#$%^&*()_+{}[]\';/.,' for the 'text' attribute, element locator 'By.name: q'] and Actual [Automation!@#$%^&*()_+{}[]\';/.,]. Comparison Type [EQUALS]. Validation Type [POSITIVE]. @23-10-2021 20:51:35.0217 PM
[ReportManager] Successfully created attachment [Screenshot - 1635022295147_assertElementAttribute_type_true_literalComparison_expectedToPass_ValidateElementAttribute_passed] @23-10-2021 20:51:35.0218 P
[ReportManager] Browser Action [CloseCurrentWindow] successfully performed. @23-10-2021 20:51:35.0347 PM
[ReportManager] Successfully created attachment [Browser Action Test Data - CloseCurrentWindow - Actual Value] @23-10-2021 20:51:35.0348 P
[ReportManager] File Action [GetAbsolutePath] successfully performed. With the following test data [Relative Folder Path: "target/downloadedFiles/"]. @23-10-2021 20:51:35.0351 PM
[ReportManager] Attempting to run remotely on: [Linux-64], [GoogleChrome], [http://localhost:4444/wd/hub], Headless Execution. @23-10-2021 20:51:35.0351 PM
[ReportManager] Successfully Opened [GoogleChrome]. @23-10-2021 20:51:35.0553 PM
[ReportManager] Target URL: [https://www.google.com/ncr], and after redirection: [www.google.com] @23-10-2021 20:51:35.0564 PM
[ReportManager] Initial URL: [data:,] @23-10-2021 20:51:35.0603 PM
[ReportManager] Browser Action [NavigateToURL] successfully performed. With the following test data [https://www.google.com/ncr]. @23-10-2021 20:51:36.0431 P

################################################################################################################################################
Starting Execution:	[26 out of 143] test cases in the current suite
Test Method:		[unitTests.tests_validations_assertions.assertElementExists_false_expectedToFail]
################################################################################################################################################
[ReportManager] Assertion [ValidateElementExists] PASSED. Expected [Element Should not Exist, locator 'By.id: hplogo'] and Actual [Element Doesn't Exists]. Comparison Type [EQUALS]. Validation Type [NEGATIVE]. @23-10-2021 20:51:46.0832 PM
[ReportManager] Successfully created attachment [Screenshot - 1635022306758_assertElementExists_false_expectedToFail_ValidateElementExists_passed] @23-10-2021 20:51:46.0833 P
[ReportManager] Browser Action [CloseCurrentWindow] successfully performed. @23-10-2021 20:51:46.0954 PM
[ReportManager] Successfully created attachment [Browser Action Test Data - CloseCurrentWindow - Actual Value] @23-10-2021 20:51:46.0955 P
[ReportManager] File Action [GetAbsolutePath] successfully performed. With the following test data [Relative Folder Path: "target/downloadedFiles/"]. @23-10-2021 20:51:46.0957 PM
[ReportManager] Attempting to run remotely on: [Linux-64], [GoogleChrome], [http://localhost:4444/wd/hub], Headless Execution. @23-10-2021 20:51:46.0958 PM
[ReportManager] Successfully Opened [GoogleChrome]. @23-10-2021 20:51:47.0153 PM
[ReportManager] Target URL: [https://www.google.com/ncr], and after redirection: [www.google.com] @23-10-2021 20:51:47.0163 PM
[ReportManager] Initial URL: [data:,] @23-10-2021 20:51:47.0203 PM
[ReportManager] Browser Action [NavigateToURL] successfully performed. With the following test data [https://www.google.com/ncr]. @23-10-2021 20:51:48.0037 P

################################################################################################################################################
Starting Execution:	[27 out of 143] test cases in the current suite
Test Method:		[unitTests.tests_validations_assertions.assertElementExists_false_expectedToPass]
################################################################################################################################################
[ReportManager] Assertion [ValidateElementExists] PASSED. Expected [Element Should not Exist, locator 'By.id: fakeElement'] and Actual [Element Doesn't Exists]. Comparison Type [EQUALS]. Validation Type [NEGATIVE]. @23-10-2021 20:51:58.0448 PM
[ReportManager] Successfully created attachment [Screenshot - 1635022318383_assertElementExists_false_expectedToPass_ValidateElementExists_passed] @23-10-2021 20:51:58.0449 P
[ReportManager] Browser Action [CloseCurrentWindow] successfully performed. @23-10-2021 20:51:58.0573 PM
[ReportManager] Successfully created attachment [Browser Action Test Data - CloseCurrentWindow - Actual Value] @23-10-2021 20:51:58.0574 P
[ReportManager] File Action [GetAbsolutePath] successfully performed. With the following test data [Relative Folder Path: "target/downloadedFiles/"]. @23-10-2021 20:51:58.0576 PM
[ReportManager] Attempting to run remotely on: [Linux-64], [GoogleChrome], [http://localhost:4444/wd/hub], Headless Execution. @23-10-2021 20:51:58.0576 PM
[ReportManager] Successfully Opened [GoogleChrome]. @23-10-2021 20:51:58.0794 PM
[ReportManager] Target URL: [https://www.google.com/ncr], and after redirection: [www.google.com] @23-10-2021 20:51:58.0808 PM
[ReportManager] Initial URL: [data:,] @23-10-2021 20:51:58.0850 PM
[ReportManager] Browser Action [NavigateToURL] successfully performed. With the following test data [https://www.google.com/ncr]. @23-10-2021 20:51:59.0666 P

################################################################################################################################################
Starting Execution:	[28 out of 143] test cases in the current suite
Test Method:		[unitTests.tests_validations_assertions.assertElementExists_false_multipleElementsFound_expectedToFail]
################################################################################################################################################
[ReportManager] Assertion [ValidateElementExists] FAILED. Expected [Element Should not Exist, locator 'By.xpath: //div'] and Actual [Element Exists but is not unique]. Comparison Type [EQUALS]. Validation Type [NEGATIVE]. @23-10-2021 20:51:59.0906 PM
[ReportManager] Successfully created attachment [Screenshot - 1635022319852_assertElementExists_false_multipleElementsFound_expectedToFail_ValidateElementExists_failed] @23-10-2021 20:51:59.0907 P
[ReportManager] Browser Action [CloseCurrentWindow] successfully performed. @23-10-2021 20:52:00.0024 PM
[ReportManager] Successfully created attachment [Browser Action Test Data - CloseCurrentWindow - Actual Value] @23-10-2021 20:52:00.0025 P
[ReportManager] File Action [GetAbsolutePath] successfully performed. With the following test data [Relative Folder Path: "target/downloadedFiles/"]. @23-10-2021 20:52:00.0028 PM
[ReportManager] Attempting to run remotely on: [Linux-64], [GoogleChrome], [http://localhost:4444/wd/hub], Headless Execution. @23-10-2021 20:52:00.0028 PM
[ReportManager] Successfully Opened [GoogleChrome]. @23-10-2021 20:52:00.0248 PM
[ReportManager] Target URL: [https://www.google.com/ncr], and after redirection: [www.google.com] @23-10-2021 20:52:00.0258 PM
[ReportManager] Initial URL: [data:,] @23-10-2021 20:52:00.0300 PM
[ReportManager] Browser Action [NavigateToURL] successfully performed. With the following test data [https://www.google.com/ncr]. @23-10-2021 20:52:01.0136 P

################################################################################################################################################
Starting Execution:	[29 out of 143] test cases in the current suite
Test Method:		[unitTests.tests_validations_assertions.assertElementExists_true_expectedToFail]
################################################################################################################################################
[ReportManager] Assertion [ValidateElementExists] FAILED. Expected [Element Should Exist, locator 'By.id: fakeElement'] and Actual [Element Doesn't Exists]. Comparison Type [EQUALS]. Validation Type [POSITIVE]. @23-10-2021 20:52:31.0807 PM
[ReportManager] Successfully created attachment [Screenshot - 1635022351743_assertElementExists_true_expectedToFail_ValidateElementExists_failed] @23-10-2021 20:52:31.0808 P
[ReportManager] Browser Action [CloseCurrentWindow] successfully performed. @23-10-2021 20:52:31.0930 PM
[ReportManager] Successfully created attachment [Browser Action Test Data - CloseCurrentWindow - Actual Value] @23-10-2021 20:52:31.0931 P
[ReportManager] File Action [GetAbsolutePath] successfully performed. With the following test data [Relative Folder Path: "target/downloadedFiles/"]. @23-10-2021 20:52:31.0934 PM
[ReportManager] Attempting to run remotely on: [Linux-64], [GoogleChrome], [http://localhost:4444/wd/hub], Headless Execution. @23-10-2021 20:52:31.0934 PM
[ReportManager] Successfully Opened [GoogleChrome]. @23-10-2021 20:52:32.0155 PM
[ReportManager] Target URL: [https://www.google.com/ncr], and after redirection: [www.google.com] @23-10-2021 20:52:32.0168 PM
[ReportManager] Initial URL: [data:,] @23-10-2021 20:52:32.0208 PM
[ReportManager] Browser Action [NavigateToURL] successfully performed. With the following test data [https://www.google.com/ncr]. @23-10-2021 20:52:33.0066 P

################################################################################################################################################
Starting Execution:	[30 out of 143] test cases in the current suite
Test Method:		[unitTests.tests_validations_assertions.assertElementExists_true_expectedToPass]
################################################################################################################################################
[ReportManager] Loaded Shared OpenCV @23-10-2021 20:52:33.0247 PM
[ReportManager] Assertion [ValidateElementExists] PASSED. Expected [Element Should Exist, locator 'By.xpath: //*[@id='hplogo' or @alt='Google']'] and Actual [Element Exists]. Comparison Type [EQUALS]. Validation Type [POSITIVE]. @23-10-2021 20:52:33.0319 PM
[ReportManager] Successfully created attachment [Screenshot - 1635022353247_assertElementExists_true_expectedToPass_ValidateElementExists_passed] @23-10-2021 20:52:33.0320 P
[ReportManager] Browser Action [CloseCurrentWindow] successfully performed. @23-10-2021 20:52:33.0441 PM
[ReportManager] Successfully created attachment [Browser Action Test Data - CloseCurrentWindow - Actual Value] @23-10-2021 20:52:33.0442 P
[ReportManager] File Action [GetAbsolutePath] successfully performed. With the following test data [Relative Folder Path: "target/downloadedFiles/"]. @23-10-2021 20:52:33.0445 PM
[ReportManager] Attempting to run remotely on: [Linux-64], [GoogleChrome], [http://localhost:4444/wd/hub], Headless Execution. @23-10-2021 20:52:33.0445 PM
[ReportManager] Successfully Opened [GoogleChrome]. @23-10-2021 20:52:33.0635 PM
[ReportManager] Target URL: [https://www.google.com/ncr], and after redirection: [www.google.com] @23-10-2021 20:52:33.0647 PM
[ReportManager] Initial URL: [data:,] @23-10-2021 20:52:33.0697 PM
[ReportManager] Browser Action [NavigateToURL] successfully performed. With the following test data [https://www.google.com/ncr]. @23-10-2021 20:52:34.0502 P

################################################################################################################################################
Starting Execution:	[31 out of 143] test cases in the current suite
Test Method:		[unitTests.tests_validations_assertions.assertElementExists_true_multipleElementsFound_expectedToFail]
################################################################################################################################################
[ReportManager] Assertion [ValidateElementExists] FAILED. Expected [Element Should Exist, locator 'By.xpath: //div'] and Actual [Element Exists but is not unique]. Comparison Type [EQUALS]. Validation Type [POSITIVE]. @23-10-2021 20:52:34.0742 PM
[ReportManager] Successfully created attachment [Screenshot - 1635022354678_assertElementExists_true_multipleElementsFound_expectedToFail_ValidateElementExists_failed] @23-10-2021 20:52:34.0742 P
[ReportManager] Browser Action [CloseCurrentWindow] successfully performed. @23-10-2021 20:52:34.0867 PM
[ReportManager] Successfully created attachment [Browser Action Test Data - CloseCurrentWindow - Actual Value] @23-10-2021 20:52:34.0868 P

################################################################################################################################################
Starting Execution:	[32 out of 143] test cases in the current suite
Test Method:		[unitTests.tests_validations_assertions.assertEquals_false_expectedToFail]
################################################################################################################################################
[ReportManager] Assertion [ValidateEquals] FAILED. Expected [1] and Actual [1]. Comparison Type [EQUALS]. Validation Type [NEGATIVE]. @23-10-2021 20:52:34.0877 P

################################################################################################################################################
Starting Execution:	[33 out of 143] test cases in the current suite
Test Method:		[unitTests.tests_validations_assertions.assertEquals_false_expectedToPass]
################################################################################################################################################
[ReportManager] Assertion [ValidateEquals] PASSED. Expected [1] and Actual [2]. Comparison Type [EQUALS]. Validation Type [NEGATIVE]. @23-10-2021 20:52:34.0883 P

################################################################################################################################################
Starting Execution:	[34 out of 143] test cases in the current suite
Test Method:		[unitTests.tests_validations_assertions.assertEquals_longCharacters]
################################################################################################################################################
[ReportManager] Verification [ValidateEquals] PASSED. Expected and Actual values are attached. Comparison Type [EQUALS]. Validation Type [POSITIVE]. @23-10-2021 20:52:34.0888 PM
[ReportManager] Successfully created attachment [Validation Test Data - Expected Value] @23-10-2021 20:52:34.0888 PM
[ReportManager] Successfully created attachment [Validation Test Data - Actual Value] @23-10-2021 20:52:34.0888 PM
[ReportManager] Assertion [ValidateEquals] PASSED. Expected and Actual values are attached. Comparison Type [EQUALS]. Validation Type [POSITIVE]. @23-10-2021 20:52:34.0888 PM
[ReportManager] Successfully created attachment [Validation Test Data - Expected Value] @23-10-2021 20:52:34.0888 PM
[ReportManager] Successfully created attachment [Validation Test Data - Actual Value] @23-10-2021 20:52:34.0889 P

################################################################################################################################################
Starting Execution:	[35 out of 143] test cases in the current suite
Test Method:		[unitTests.tests_validations_assertions.assertEquals_longCharacters_Discreet]
################################################################################################################################################
[ReportManager] Assertion [ValidateEquals] PASSED. Expected [1LH5pROcDBjjQk0t0mCr0lXuzQu9lcGj28kY8R1H81X67eVAQJgWQhILiRWVPUgZ6uCtK5cnBkF55Jr9vYngjGO1Iyf0Mktv6lruDlL9T8MAUPcUZJGHZtji6nIeadujDSNmWMj5d6C8zlFqw0CRqBU0hO5adIasHgBSNoLotAjce3NGXoDwAlp3rYreeV16VIyZXROQY] and Actual [1LH5pROcDBjjQk0t0mCr0lXuzQu9lcGj28kY8R1H81X67eVAQJgWQhILiRWVPUgZ6uCtK5cnBkF55Jr9vYngjGO1Iyf0Mktv6lruDlL9T8MAUPcUZJGHZtji6nIeadujDSNmWMj5d6C8zlFqw0CRqBU0hO5adIasHgBSNoLotAjce3NGXoDwAlp3rYreeV16VIyZXROQY]. Comparison Type [EQUALS]. Validation Type [POSITIVE]. @23-10-2021 20:52:34.0892 P

################################################################################################################################################
Starting Execution:	[36 out of 143] test cases in the current suite
Test Method:		[unitTests.tests_validations_assertions.assertEquals_true_expectedToFail]
################################################################################################################################################
[ReportManager] Assertion [ValidateEquals] FAILED. Expected [1] and Actual [2]. Comparison Type [EQUALS]. Validation Type [POSITIVE]. @23-10-2021 20:52:34.0896 P

################################################################################################################################################
Starting Execution:	[37 out of 143] test cases in the current suite
Test Method:		[unitTests.tests_validations_assertions.assertEquals_true_expectedToPass]
Test Description:	[Assert that assertEquals works as expected when the two values are equal.]
################################################################################################################################################
[ReportManager] Verification [ValidateEquals] PASSED. Expected [1] and Actual [1]. Comparison Type [EQUALS]. Validation Type [POSITIVE]. @23-10-2021 20:52:34.0910 PM
[ReportManager] Assertion [ValidateEquals] PASSED. Expected [1] and Actual [1]. Comparison Type [EQUALS]. Validation Type [POSITIVE]. @23-10-2021 20:52:34.0910 P

################################################################################################################################################
Starting Execution:	[38 out of 143] test cases in the current suite
Test Method:		[unitTests.tests_validations_assertions.assertEquals_true_expectedToPass__]
################################################################################################################################################
[ReportManager] Assertion [ValidateEquals] PASSED. Expected [1] and Actual [1]. Comparison Type [EQUALS]. Validation Type [POSITIVE]. @23-10-2021 20:52:34.0916 P

################################################################################################################################################
Starting Execution:	[39 out of 143] test cases in the current suite
Test Method:		[unitTests.tests_validations_assertions.assertFileExists_false_expectedToFail]
################################################################################################################################################
[ReportManager] File Action [DoesFileExist] successfully performed. With the following test data [File Path: "src/main/java/com/shaft/gui/element/ElementActions.java"]. @23-10-2021 20:52:34.0924 PM
[ReportManager] Assertion [ValidateFileExists] FAILED. Expected [File 'src/main/java/com/shaft/gui/element/ElementActions.java' should not exist, after up to '1' retries] and Actual [File exists]. Validation Type [NEGATIVE]. @23-10-2021 20:52:34.0928 P

################################################################################################################################################
Starting Execution:	[40 out of 143] test cases in the current suite
Test Method:		[unitTests.tests_validations_assertions.assertFileExists_false_expectedToPass]
################################################################################################################################################
[ReportManager] File Action [DoesFileExist] successfully performed. With the following test data [File Path: "src/main/java/com/shaft/gui/element/ElementActions.java_fail"]. @23-10-2021 20:52:35.0441 PM
[ReportManager] Assertion [ValidateFileExists] PASSED. Expected [File 'src/main/java/com/shaft/gui/element/ElementActions.java_fail' should not exist, after up to '1' retries] and Actual [File does not exist]. Validation Type [NEGATIVE]. @23-10-2021 20:52:35.0441 P

################################################################################################################################################
Starting Execution:	[41 out of 143] test cases in the current suite
Test Method:		[unitTests.tests_validations_assertions.assertFileExists_true_expectedToFail]
################################################################################################################################################
[ReportManager] File Action [DoesFileExist] successfully performed. With the following test data [File Path: "src/main/java/com/shaft/gui/element/ElementActions.java_fail"]. @23-10-2021 20:52:35.0945 PM
[ReportManager] Assertion [ValidateFileExists] FAILED. Expected [File 'src/main/java/com/shaft/gui/element/ElementActions.java_fail' should exist, after up to '1' retries] and Actual [File does not exist]. Validation Type [POSITIVE]. @23-10-2021 20:52:35.0946 P

################################################################################################################################################
Starting Execution:	[42 out of 143] test cases in the current suite
Test Method:		[unitTests.tests_validations_assertions.assertFileExists_true_expectedToPass]
################################################################################################################################################
[ReportManager] File Action [DoesFileExist] successfully performed. With the following test data [File Path: "src/main/java/com/shaft/gui/element/ElementActions.java"]. @23-10-2021 20:52:35.0949 PM
[ReportManager] Assertion [ValidateFileExists] PASSED. Expected [File 'src/main/java/com/shaft/gui/element/ElementActions.java' should exist, after up to '1' retries] and Actual [File exists]. Validation Type [POSITIVE]. @23-10-2021 20:52:35.0949 P

################################################################################################################################################
Starting Execution:	[43 out of 143] test cases in the current suite
Test Method:		[unitTests.tests_validations_assertions.assertNull_false_expectedToFail]
################################################################################################################################################
[ReportManager] Assertion [ValidateNull] FAILED. Expected [NULL] and Actual [NULL]. Comparison Type [EQUALS]. Validation Type [NEGATIVE]. @23-10-2021 20:52:35.0952 P

################################################################################################################################################
Starting Execution:	[44 out of 143] test cases in the current suite
Test Method:		[unitTests.tests_validations_assertions.assertNull_false_expectedToPass]
################################################################################################################################################
[ReportManager] Assertion [ValidateNull] PASSED. Expected [NULL] and Actual [1]. Comparison Type [EQUALS]. Validation Type [NEGATIVE]. @23-10-2021 20:52:35.0956 P

################################################################################################################################################
Starting Execution:	[45 out of 143] test cases in the current suite
Test Method:		[unitTests.tests_validations_assertions.assertNull_true_expectedToFail]
################################################################################################################################################
[ReportManager] Assertion [ValidateNull] FAILED. Expected [NULL] and Actual [1]. Comparison Type [EQUALS]. Validation Type [POSITIVE]. @23-10-2021 20:52:35.0960 P

################################################################################################################################################
Starting Execution:	[46 out of 143] test cases in the current suite
Test Method:		[unitTests.tests_validations_assertions.assertNull_true_expectedToPass]
################################################################################################################################################
[ReportManager] Assertion [ValidateNull] PASSED. Expected [NULL] and Actual [NULL]. Comparison Type [EQUALS]. Validation Type [POSITIVE]. @23-10-2021 20:52:35.0962 P

################################################################################################################################################
Starting Execution:	[47 out of 143] test cases in the current suite
Test Method:		[unitTests.tests_restActions.getPostsAndAssertBodyForSpecificTitle]
################################################################################################################################################
[ReportManager] Response status code: [200], status line: [HTTP/1.1 200 OK] @23-10-2021 20:52:38.0137 PM
[ReportManager] Assertion Passed: Evaluating the actual response status code against the expected one... @23-10-2021 20:52:38.0138 PM
[ReportManager] Assertion [ValidateEquals] PASSED. Expected [200] and Actual [200]. Comparison Type [EQUALS]. Validation Type [POSITIVE]. @23-10-2021 20:52:38.0138 PM
[ReportManager] API Action [PerformRequest] successfully performed. With the following test data [Request Type: "GET" | Target Status Code: "200" | Service URL: "https://jsonplaceholder.typicode.com/posts" | Content Type: "*/*" | Response Time: "931ms"]. @23-10-2021 20:52:39.0156 PM
[ReportManager] Successfully created attachment [API Request - Specifications] @23-10-2021 20:52:39.0156 PM
[ReportManager] Successfully created attachment [API Response - JSON Body] @23-10-2021 20:52:39.0536 PM
[ReportManager] API Action [GetResponseJSONValueAsList] successfully performed. @23-10-2021 20:52:39.0564 PM
[ReportManager] API Action [GetResponseJSONValue] successfully performed. With the following test data [title]. @23-10-2021 20:52:39.0614 PM
[ReportManager] API Action [GetResponseJSONValue] successfully performed. With the following test data [title]. @23-10-2021 20:52:39.0657 PM
[ReportManager] API Action [GetResponseJSONValue] successfully performed. With the following test data [body]. @23-10-2021 20:52:39.0708 PM
[ReportManager] Assertion [ValidateEquals] PASSED. Expected [qui neque nisi nulla] and Actual [est rerum tempore vitae
sequi sint nihil reprehenderit dolor beatae ea dolores neque
fugiat blanditiis voluptate porro vel nihil molestiae ut reiciendis
qui aperiam non debitis possimus qui neque nisi nulla]. Comparison Type [CONTAINS]. Validation Type [POSITIVE]. @23-10-2021 20:52:39.0708 PM
[ReportManager] API Action [GetResponseJSONValue] successfully performed. With the following test data [title]. @23-10-2021 20:52:39.0724 PM
[ReportManager] API Action [GetResponseJSONValue] successfully performed. With the following test data [title]. @23-10-2021 20:52:39.0742 PM
[ReportManager] API Action [GetResponseJSONValue] successfully performed. With the following test data [title]. @23-10-2021 20:52:39.0763 PM
[ReportManager] API Action [GetResponseJSONValue] successfully performed. With the following test data [title]. @23-10-2021 20:52:39.0786 PM
[ReportManager] API Action [GetResponseJSONValue] successfully performed. With the following test data [title]. @23-10-2021 20:52:39.0808 PM
[ReportManager] API Action [GetResponseJSONValue] successfully performed. With the following test data [title]. @23-10-2021 20:52:39.0831 PM
[ReportManager] API Action [GetResponseJSONValue] successfully performed. With the following test data [title]. @23-10-2021 20:52:39.0851 PM
[ReportManager] API Action [GetResponseJSONValue] successfully performed. With the following test data [title]. @23-10-2021 20:52:39.0867 PM
[ReportManager] API Action [GetResponseJSONValue] successfully performed. With the following test data [title]. @23-10-2021 20:52:39.0891 PM
[ReportManager] API Action [GetResponseJSONValue] successfully performed. With the following test data [title]. @23-10-2021 20:52:39.0907 PM
[ReportManager] API Action [GetResponseJSONValue] successfully performed. With the following test data [title]. @23-10-2021 20:52:39.0933 PM
[ReportManager] API Action [GetResponseJSONValue] successfully performed. With the following test data [title]. @23-10-2021 20:52:39.0957 PM
[ReportManager] API Action [GetResponseJSONValue] successfully performed. With the following test data [title]. @23-10-2021 20:52:39.0974 PM
[ReportManager] API Action [GetResponseJSONValue] successfully performed. With the following test data [title]. @23-10-2021 20:52:39.0996 PM
[ReportManager] API Action [GetResponseJSONValue] successfully performed. With the following test data [title]. @23-10-2021 20:52:40.0018 PM
[ReportManager] API Action [GetResponseJSONValue] successfully performed. With the following test data [title]. @23-10-2021 20:52:40.0033 PM
[ReportManager] API Action [GetResponseJSONValue] successfully performed. With the following test data [title]. @23-10-2021 20:52:40.0050 PM
[ReportManager] API Action [GetResponseJSONValue] successfully performed. With the following test data [title]. @23-10-2021 20:52:40.0067 PM
[ReportManager] API Action [GetResponseJSONValue] successfully performed. With the following test data [title]. @23-10-2021 20:52:40.0078 PM
[ReportManager] API Action [GetResponseJSONValue] successfully performed. With the following test data [title]. @23-10-2021 20:52:40.0097 PM
[ReportManager] API Action [GetResponseJSONValue] successfully performed. With the following test data [title]. @23-10-2021 20:52:40.0114 PM
[ReportManager] API Action [GetResponseJSONValue] successfully performed. With the following test data [title]. @23-10-2021 20:52:40.0132 PM
[ReportManager] API Action [GetResponseJSONValue] successfully performed. With the following test data [title]. @23-10-2021 20:52:40.0141 PM
[ReportManager] API Action [GetResponseJSONValue] successfully performed. With the following test data [title]. @23-10-2021 20:52:40.0154 PM
[ReportManager] API Action [GetResponseJSONValue] successfully performed. With the following test data [title]. @23-10-2021 20:52:40.0169 PM
[ReportManager] API Action [GetResponseJSONValue] successfully performed. With the following test data [title]. @23-10-2021 20:52:40.0180 PM
[ReportManager] API Action [GetResponseJSONValue] successfully performed. With the following test data [title]. @23-10-2021 20:52:40.0200 PM
[ReportManager] API Action [GetResponseJSONValue] successfully performed. With the following test data [title]. @23-10-2021 20:52:40.0221 PM
[ReportManager] API Action [GetResponseJSONValue] successfully performed. With the following test data [title]. @23-10-2021 20:52:40.0233 PM
[ReportManager] API Action [GetResponseJSONValue] successfully performed. With the following test data [title]. @23-10-2021 20:52:40.0243 PM
[ReportManager] API Action [GetResponseJSONValue] successfully performed. With the following test data [title]. @23-10-2021 20:52:40.0254 PM
[ReportManager] API Action [GetResponseJSONValue] successfully performed. With the following test data [title]. @23-10-2021 20:52:40.0265 PM
[ReportManager] API Action [GetResponseJSONValue] successfully performed. With the following test data [title]. @23-10-2021 20:52:40.0282 PM
[ReportManager] API Action [GetResponseJSONValue] successfully performed. With the following test data [title]. @23-10-2021 20:52:40.0291 PM
[ReportManager] API Action [GetResponseJSONValue] successfully performed. With the following test data [title]. @23-10-2021 20:52:40.0307 PM
[ReportManager] API Action [GetResponseJSONValue] successfully performed. With the following test data [title]. @23-10-2021 20:52:40.0319 PM
[ReportManager] API Action [GetResponseJSONValue] successfully performed. With the following test data [title]. @23-10-2021 20:52:40.0330 PM
[ReportManager] API Action [GetResponseJSONValue] successfully performed. With the following test data [title]. @23-10-2021 20:52:40.0343 PM
[ReportManager] API Action [GetResponseJSONValue] successfully performed. With the following test data [title]. @23-10-2021 20:52:40.0363 PM
[ReportManager] API Action [GetResponseJSONValue] successfully performed. With the following test data [title]. @23-10-2021 20:52:40.0374 PM
[ReportManager] API Action [GetResponseJSONValue] successfully performed. With the following test data [title]. @23-10-2021 20:52:40.0384 PM
[ReportManager] API Action [GetResponseJSONValue] successfully performed. With the following test data [title]. @23-10-2021 20:52:40.0397 PM
[ReportManager] API Action [GetResponseJSONValue] successfully performed. With the following test data [title]. @23-10-2021 20:52:40.0409 PM
[ReportManager] API Action [GetResponseJSONValue] successfully performed. With the following test data [title]. @23-10-2021 20:52:40.0425 PM
[ReportManager] API Action [GetResponseJSONValue] successfully performed. With the following test data [title]. @23-10-2021 20:52:40.0435 PM
[ReportManager] API Action [GetResponseJSONValue] successfully performed. With the following test data [title]. @23-10-2021 20:52:40.0448 PM
[ReportManager] API Action [GetResponseJSONValue] successfully performed. With the following test data [title]. @23-10-2021 20:52:40.0462 PM
[ReportManager] API Action [GetResponseJSONValue] successfully performed. With the following test data [title]. @23-10-2021 20:52:40.0479 PM
[ReportManager] API Action [GetResponseJSONValue] successfully performed. With the following test data [title]. @23-10-2021 20:52:40.0491 PM
[ReportManager] API Action [GetResponseJSONValue] successfully performed. With the following test data [title]. @23-10-2021 20:52:40.0501 PM
[ReportManager] API Action [GetResponseJSONValue] successfully performed. With the following test data [title]. @23-10-2021 20:52:40.0513 PM
[ReportManager] API Action [GetResponseJSONValue] successfully performed. With the following test data [title]. @23-10-2021 20:52:40.0525 PM
[ReportManager] API Action [GetResponseJSONValue] successfully performed. With the following test data [title]. @23-10-2021 20:52:40.0539 PM
[ReportManager] API Action [GetResponseJSONValue] successfully performed. With the following test data [title]. @23-10-2021 20:52:40.0550 PM
[ReportManager] API Action [GetResponseJSONValue] successfully performed. With the following test data [title]. @23-10-2021 20:52:40.0569 PM
[ReportManager] API Action [GetResponseJSONValue] successfully performed. With the following test data [title]. @23-10-2021 20:52:40.0579 PM
[ReportManager] API Action [GetResponseJSONValue] successfully performed. With the following test data [title]. @23-10-2021 20:52:40.0589 PM
[ReportManager] API Action [GetResponseJSONValue] successfully performed. With the following test data [title]. @23-10-2021 20:52:40.0603 PM
[ReportManager] API Action [GetResponseJSONValue] successfully performed. With the following test data [title]. @23-10-2021 20:52:40.0622 PM
[ReportManager] API Action [GetResponseJSONValue] successfully performed. With the following test data [title]. @23-10-2021 20:52:40.0650 PM
[ReportManager] API Action [GetResponseJSONValue] successfully performed. With the following test data [title]. @23-10-2021 20:52:40.0659 PM
[ReportManager] API Action [GetResponseJSONValue] successfully performed. With the following test data [title]. @23-10-2021 20:52:40.0668 PM
[ReportManager] API Action [GetResponseJSONValue] successfully performed. With the following test data [title]. @23-10-2021 20:52:40.0677 PM
[ReportManager] API Action [GetResponseJSONValue] successfully performed. With the following test data [title]. @23-10-2021 20:52:40.0687 PM
[ReportManager] API Action [GetResponseJSONValue] successfully performed. With the following test data [title]. @23-10-2021 20:52:40.0694 PM
[ReportManager] API Action [GetResponseJSONValue] successfully performed. With the following test data [title]. @23-10-2021 20:52:40.0706 PM
[ReportManager] API Action [GetResponseJSONValue] successfully performed. With the following test data [title]. @23-10-2021 20:52:40.0714 PM
[ReportManager] API Action [GetResponseJSONValue] successfully performed. With the following test data [title]. @23-10-2021 20:52:40.0723 PM
[ReportManager] API Action [GetResponseJSONValue] successfully performed. With the following test data [title]. @23-10-2021 20:52:40.0731 PM
[ReportManager] API Action [GetResponseJSONValue] successfully performed. With the following test data [title]. @23-10-2021 20:52:40.0739 PM
[ReportManager] API Action [GetResponseJSONValue] successfully performed. With the following test data [title]. @23-10-2021 20:52:40.0747 PM
[ReportManager] API Action [GetResponseJSONValue] successfully performed. With the following test data [title]. @23-10-2021 20:52:40.0756 PM
[ReportManager] API Action [GetResponseJSONValue] successfully performed. With the following test data [title]. @23-10-2021 20:52:40.0764 PM
[ReportManager] API Action [GetResponseJSONValue] successfully performed. With the following test data [title]. @23-10-2021 20:52:40.0772 PM
[ReportManager] API Action [GetResponseJSONValue] successfully performed. With the following test data [title]. @23-10-2021 20:52:40.0781 PM
[ReportManager] API Action [GetResponseJSONValue] successfully performed. With the following test data [title]. @23-10-2021 20:52:40.0788 PM
[ReportManager] API Action [GetResponseJSONValue] successfully performed. With the following test data [title]. @23-10-2021 20:52:40.0797 PM
[ReportManager] API Action [GetResponseJSONValue] successfully performed. With the following test data [title]. @23-10-2021 20:52:40.0810 PM
[ReportManager] API Action [GetResponseJSONValue] successfully performed. With the following test data [title]. @23-10-2021 20:52:40.0819 PM
[ReportManager] API Action [GetResponseJSONValue] successfully performed. With the following test data [title]. @23-10-2021 20:52:40.0827 PM
[ReportManager] API Action [GetResponseJSONValue] successfully performed. With the following test data [title]. @23-10-2021 20:52:40.0835 PM
[ReportManager] API Action [GetResponseJSONValue] successfully performed. With the following test data [title]. @23-10-2021 20:52:40.0845 PM
[ReportManager] API Action [GetResponseJSONValue] successfully performed. With the following test data [title]. @23-10-2021 20:52:40.0852 PM
[ReportManager] API Action [GetResponseJSONValue] successfully performed. With the following test data [title]. @23-10-2021 20:52:40.0860 PM
[ReportManager] API Action [GetResponseJSONValue] successfully performed. With the following test data [title]. @23-10-2021 20:52:40.0868 PM
[ReportManager] API Action [GetResponseJSONValue] successfully performed. With the following test data [title]. @23-10-2021 20:52:40.0877 PM
[ReportManager] API Action [GetResponseJSONValue] successfully performed. With the following test data [title]. @23-10-2021 20:52:40.0885 PM
[ReportManager] API Action [GetResponseJSONValue] successfully performed. With the following test data [title]. @23-10-2021 20:52:40.0893 PM
[ReportManager] API Action [GetResponseJSONValue] successfully performed. With the following test data [title]. @23-10-2021 20:52:40.0903 PM
[ReportManager] API Action [GetResponseJSONValue] successfully performed. With the following test data [title]. @23-10-2021 20:52:40.0913 PM
[ReportManager] API Action [GetResponseJSONValue] successfully performed. With the following test data [title]. @23-10-2021 20:52:40.0922 PM
[ReportManager] API Action [GetResponseJSONValue] successfully performed. With the following test data [title]. @23-10-2021 20:52:40.0930 PM
[ReportManager] API Action [GetResponseJSONValue] successfully performed. With the following test data [title]. @23-10-2021 20:52:40.0937 PM
[ReportManager] API Action [GetResponseJSONValue] successfully performed. With the following test data [title]. @23-10-2021 20:52:40.0945 PM
[ReportManager] API Action [GetResponseJSONValue] successfully performed. With the following test data [title]. @23-10-2021 20:52:40.0954 PM
[ReportManager] API Action [GetResponseJSONValue] successfully performed. With the following test data [title]. @23-10-2021 20:52:40.0962 PM
[ReportManager] API Action [GetResponseJSONValue] successfully performed. With the following test data [title]. @23-10-2021 20:52:40.0970 PM
[ReportManager] API Action [GetResponseJSONValue] successfully performed. With the following test data [title]. @23-10-2021 20:52:40.0978 P

################################################################################################################################################
Starting Execution:	[48 out of 143] test cases in the current suite
Test Method:		[unitTests.tests_restActions.validateUserEmail]
################################################################################################################################################
[ReportManager] Response status code: [200], status line: [HTTP/1.1 200 OK] @23-10-2021 20:52:41.0075 PM
[ReportManager] Assertion Passed: Evaluating the actual response status code against the expected one... @23-10-2021 20:52:41.0075 PM
[ReportManager] Assertion [ValidateEquals] PASSED. Expected [200] and Actual [200]. Comparison Type [EQUALS]. Validation Type [POSITIVE]. @23-10-2021 20:52:41.0075 PM
[ReportManager] API Action [PerformRequest] successfully performed. With the following test data [Request Type: "GET" | Target Status Code: "200" | Service URL: "https://jsonplaceholder.typicode.com/users" | Content Type: "*/*" | Response Time: "71ms"]. @23-10-2021 20:52:41.0092 PM
[ReportManager] Successfully created attachment [API Request - Specifications] @23-10-2021 20:52:41.0093 PM
[ReportManager] Successfully created attachment [API Response - JSON Body] @23-10-2021 20:52:41.0093 PM
[ReportManager] Assertion [ValidateEquals] PASSED. Expected and Actual values are attached. Comparison Type [CONTAINS]. Validation Type [POSITIVE]. @23-10-2021 20:52:41.0094 PM
[ReportManager] Successfully created attachment [Validation Test Data - Expected Value] @23-10-2021 20:52:41.0094 PM
[ReportManager] Successfully created attachment [Validation Test Data - Actual Value] @23-10-2021 20:52:41.0094 PM
[ReportManager] API Action [GetResponseJSONValueAsList] successfully performed. With the following test data [$]. @23-10-2021 20:52:41.0098 PM
[ReportManager] API Action [GetResponseJSONValue] successfully performed. With the following test data [name]. @23-10-2021 20:52:41.0110 PM
[ReportManager] API Action [GetResponseJSONValue] successfully performed. With the following test data [email]. @23-10-2021 20:52:41.0120 PM
[ReportManager] Assertion [ValidateEquals] PASSED. Expected [Sincere@april.biz] and Actual [Sincere@april.biz]. Comparison Type [EQUALS]. Validation Type [POSITIVE]. @23-10-2021 20:52:41.0120 PM
[ReportManager] API Action [GetResponseJSONValue] successfully performed. With the following test data [name]. @23-10-2021 20:52:41.0130 PM
[ReportManager] API Action [GetResponseJSONValue] successfully performed. With the following test data [name]. @23-10-2021 20:52:41.0137 PM
[ReportManager] API Action [GetResponseJSONValue] successfully performed. With the following test data [name]. @23-10-2021 20:52:41.0146 PM
[ReportManager] API Action [GetResponseJSONValue] successfully performed. With the following test data [name]. @23-10-2021 20:52:41.0155 PM
[ReportManager] API Action [GetResponseJSONValue] successfully performed. With the following test data [name]. @23-10-2021 20:52:41.0162 PM
[ReportManager] API Action [GetResponseJSONValue] successfully performed. With the following test data [name]. @23-10-2021 20:52:41.0171 PM
[ReportManager] API Action [GetResponseJSONValue] successfully performed. With the following test data [name]. @23-10-2021 20:52:41.0178 PM
[ReportManager] API Action [GetResponseJSONValue] successfully performed. With the following test data [name]. @23-10-2021 20:52:41.0187 PM
[ReportManager] API Action [GetResponseJSONValue] successfully performed. With the following test data [name]. @23-10-2021 20:52:41.0195 P
[ReportManager] File Action [GetAbsolutePath] successfully performed. With the following test data [Relative Folder Path: "target/downloadedFiles/"]. @23-10-2021 20:52:41.0199 PM
[ReportManager] Attempting to run remotely on: [Linux-64], [GoogleChrome], [http://localhost:4444/wd/hub], Headless Execution. @23-10-2021 20:52:41.0199 PM
[ReportManager] Successfully Opened [GoogleChrome]. @23-10-2021 20:52:41.0467 PM
[ReportManager] Target URL: [https://duckduckgo.com] @23-10-2021 20:52:41.0493 PM
[ReportManager] Initial URL: [data:,] @23-10-2021 20:52:41.0550 PM
[ReportManager] Browser Action [NavigateToURL] successfully performed. With the following test data [https://duckduckgo.com]. @23-10-2021 20:52:42.0327 P

################################################################################################################################################
Starting Execution:	[49 out of 143] test cases in the current suite
Test Method:		[unitTests.tests_browserActions.fullScreenWindow]
################################################################################################################################################
[ReportManager] Initial Windows Size: 800x600 @23-10-2021 20:52:42.0348 PM
[ReportManager] Initial window size: (800, 600) @23-10-2021 20:52:42.0351 PM
[ReportManager] Window size after Toolkit: (1920, 1080) @23-10-2021 20:52:42.0574 PM
[ReportManager] Browser Action [MaximizeWindow] successfully performed. With the following test data [New screen size is now: (1920, 1080)]. @23-10-2021 20:52:42.0577 PM
[ReportManager] Current Windows Size after fullScreen: 1920x1080 @23-10-2021 20:52:42.0582 PM
[ReportManager] Browser Action [FullScreenWindow] successfully performed. @23-10-2021 20:52:42.0601 PM
[ReportManager] Successfully created attachment [Browser Action Test Data - FullScreenWindow - Actual Value] @23-10-2021 20:52:42.0609 P
[ReportManager] Target URL: [https://duckduckgo.com] @23-10-2021 20:52:42.0614 PM
[ReportManager] Initial URL: [https://duckduckgo.com] @23-10-2021 20:52:42.0703 PM
[ReportManager] Browser Action [NavigateToURL] successfully performed. With the following test data [https://duckduckgo.com]. @23-10-2021 20:52:43.0089 PM
[ReportManager] Browser Action [CloseCurrentWindow] successfully performed. @23-10-2021 20:52:43.0187 PM
[ReportManager] Successfully created attachment [Browser Action Test Data - CloseCurrentWindow - Actual Value] @23-10-2021 20:52:43.0189 P
[ReportManager] File Action [GetAbsolutePath] successfully performed. With the following test data [Relative Folder Path: "target/downloadedFiles/"]. @23-10-2021 20:52:43.0191 PM
[ReportManager] Attempting to run remotely on: [Linux-64], [GoogleChrome], [http://localhost:4444/wd/hub], Headless Execution. @23-10-2021 20:52:43.0191 PM
[ReportManager] Successfully Opened [GoogleChrome]. @23-10-2021 20:52:43.0390 PM
[ReportManager] Target URL: [https://duckduckgo.com] @23-10-2021 20:52:43.0403 PM
[ReportManager] Initial URL: [data:,] @23-10-2021 20:52:43.0451 PM
[ReportManager] Browser Action [NavigateToURL] successfully performed. With the following test data [https://duckduckgo.com]. @23-10-2021 20:52:43.0940 P

################################################################################################################################################
Starting Execution:	[50 out of 143] test cases in the current suite
Test Method:		[unitTests.tests_browserActions.getCurrentURL]
################################################################################################################################################
[ReportManager] Browser Action [GetCurrentURL] successfully performed. With the following test data [https://duckduckgo.com/]. @23-10-2021 20:52:43.0979 P
[ReportManager] Target URL: [https://duckduckgo.com] @23-10-2021 20:52:43.0981 PM
[ReportManager] Initial URL: [https://duckduckgo.com] @23-10-2021 20:52:44.0035 PM
[ReportManager] Browser Action [NavigateToURL] successfully performed. With the following test data [https://duckduckgo.com]. @23-10-2021 20:52:44.0363 PM
[ReportManager] Browser Action [CloseCurrentWindow] successfully performed. @23-10-2021 20:52:44.0465 PM
[ReportManager] Successfully created attachment [Browser Action Test Data - CloseCurrentWindow - Actual Value] @23-10-2021 20:52:44.0471 P
[ReportManager] File Action [GetAbsolutePath] successfully performed. With the following test data [Relative Folder Path: "target/downloadedFiles/"]. @23-10-2021 20:52:44.0475 PM
[ReportManager] Attempting to run remotely on: [Linux-64], [GoogleChrome], [http://localhost:4444/wd/hub], Headless Execution. @23-10-2021 20:52:44.0475 PM
[ReportManager] Successfully Opened [GoogleChrome]. @23-10-2021 20:52:44.0679 PM
[ReportManager] Target URL: [https://duckduckgo.com] @23-10-2021 20:52:44.0698 PM
[ReportManager] Initial URL: [data:,] @23-10-2021 20:52:44.0740 PM
[ReportManager] Browser Action [NavigateToURL] successfully performed. With the following test data [https://duckduckgo.com]. @23-10-2021 20:52:45.0241 P

################################################################################################################################################
Starting Execution:	[51 out of 143] test cases in the current suite
Test Method:		[unitTests.tests_browserActions.getCurrentWindowTitle]
################################################################################################################################################
[ReportManager] Browser Action [GetCurrentWindowTitle] successfully performed. With the following test data [DuckDuckGo  Privacy, simplified.]. @23-10-2021 20:52:45.0282 P
[ReportManager] Target URL: [https://duckduckgo.com] @23-10-2021 20:52:45.0285 PM
[ReportManager] Initial URL: [https://duckduckgo.com] @23-10-2021 20:52:45.0361 PM
[ReportManager] Browser Action [NavigateToURL] successfully performed. With the following test data [https://duckduckgo.com]. @23-10-2021 20:52:45.0648 PM
[ReportManager] Browser Action [CloseCurrentWindow] successfully performed. @23-10-2021 20:52:45.0756 PM
[ReportManager] Successfully created attachment [Browser Action Test Data - CloseCurrentWindow - Actual Value] @23-10-2021 20:52:45.0756 P
[ReportManager] File Action [GetAbsolutePath] successfully performed. With the following test data [Relative Folder Path: "target/downloadedFiles/"]. @23-10-2021 20:52:45.0759 PM
[ReportManager] Attempting to run remotely on: [Linux-64], [GoogleChrome], [http://localhost:4444/wd/hub], Headless Execution. @23-10-2021 20:52:45.0759 PM
[ReportManager] Successfully Opened [GoogleChrome]. @23-10-2021 20:52:45.0981 PM
[ReportManager] Target URL: [https://duckduckgo.com] @23-10-2021 20:52:45.0992 PM
[ReportManager] Initial URL: [data:,] @23-10-2021 20:52:46.0042 PM
[ReportManager] Browser Action [NavigateToURL] successfully performed. With the following test data [https://duckduckgo.com]. @23-10-2021 20:52:46.0611 P

################################################################################################################################################
Starting Execution:	[52 out of 143] test cases in the current suite
Test Method:		[unitTests.tests_browserActions.getPageSource]
################################################################################################################################################
[ReportManager] Browser Action [GetPageSource] successfully performed. @23-10-2021 20:52:46.0670 PM
[ReportManager] Successfully created attachment [Browser Action Test Data - GetPageSource - Actual Value] @23-10-2021 20:52:46.0671 P
[ReportManager] Target URL: [https://duckduckgo.com] @23-10-2021 20:52:46.0673 PM
[ReportManager] Initial URL: [https://duckduckgo.com] @23-10-2021 20:52:46.0739 PM
[ReportManager] Browser Action [NavigateToURL] successfully performed. With the following test data [https://duckduckgo.com]. @23-10-2021 20:52:47.0080 PM
[ReportManager] Browser Action [CloseCurrentWindow] successfully performed. @23-10-2021 20:52:47.0181 PM
[ReportManager] Successfully created attachment [Browser Action Test Data - CloseCurrentWindow - Actual Value] @23-10-2021 20:52:47.0182 P
[ReportManager] File Action [GetAbsolutePath] successfully performed. With the following test data [Relative Folder Path: "target/downloadedFiles/"]. @23-10-2021 20:52:47.0186 PM
[ReportManager] Attempting to run remotely on: [Linux-64], [GoogleChrome], [http://localhost:4444/wd/hub], Headless Execution. @23-10-2021 20:52:47.0186 PM
[ReportManager] Successfully Opened [GoogleChrome]. @23-10-2021 20:52:47.0380 PM
[ReportManager] Target URL: [https://duckduckgo.com] @23-10-2021 20:52:47.0396 PM
[ReportManager] Initial URL: [data:,] @23-10-2021 20:52:47.0438 PM
[ReportManager] Browser Action [NavigateToURL] successfully performed. With the following test data [https://duckduckgo.com]. @23-10-2021 20:52:47.0959 P

################################################################################################################################################
Starting Execution:	[53 out of 143] test cases in the current suite
Test Method:		[unitTests.tests_browserActions.getWindowHandle]
################################################################################################################################################
[ReportManager] Browser Action [GetWindowHandle] successfully performed. With the following test data [CDwindow-9F60040D455FA23635CCED6785D77312]. @23-10-2021 20:52:47.0996 P
[ReportManager] Target URL: [https://duckduckgo.com] @23-10-2021 20:52:48.0010 PM
[ReportManager] Initial URL: [https://duckduckgo.com] @23-10-2021 20:52:48.0110 PM
[ReportManager] Browser Action [NavigateToURL] successfully performed. With the following test data [https://duckduckgo.com]. @23-10-2021 20:52:48.0572 PM
[ReportManager] Browser Action [CloseCurrentWindow] successfully performed. @23-10-2021 20:52:48.0665 PM
[ReportManager] Successfully created attachment [Browser Action Test Data - CloseCurrentWindow - Actual Value] @23-10-2021 20:52:48.0665 P
[ReportManager] File Action [GetAbsolutePath] successfully performed. With the following test data [Relative Folder Path: "target/downloadedFiles/"]. @23-10-2021 20:52:48.0668 PM
[ReportManager] Attempting to run remotely on: [Linux-64], [GoogleChrome], [http://localhost:4444/wd/hub], Headless Execution. @23-10-2021 20:52:48.0668 PM
[ReportManager] Successfully Opened [GoogleChrome]. @23-10-2021 20:52:48.0862 PM
[ReportManager] Target URL: [https://duckduckgo.com] @23-10-2021 20:52:48.0872 PM
[ReportManager] Initial URL: [data:,] @23-10-2021 20:52:48.0911 PM
[ReportManager] Browser Action [NavigateToURL] successfully performed. With the following test data [https://duckduckgo.com]. @23-10-2021 20:52:49.0389 P

################################################################################################################################################
Starting Execution:	[54 out of 143] test cases in the current suite
Test Method:		[unitTests.tests_browserActions.getWindowPosition]
################################################################################################################################################
[ReportManager] Browser Action [GetWindowPosition] successfully performed. With the following test data [(0, 0)]. @23-10-2021 20:52:49.0422 P
[ReportManager] Target URL: [https://duckduckgo.com] @23-10-2021 20:52:49.0424 PM
[ReportManager] Initial URL: [https://duckduckgo.com] @23-10-2021 20:52:49.0474 PM
[ReportManager] Browser Action [NavigateToURL] successfully performed. With the following test data [https://duckduckgo.com]. @23-10-2021 20:52:49.0803 PM
[ReportManager] Browser Action [CloseCurrentWindow] successfully performed. @23-10-2021 20:52:49.0898 PM
[ReportManager] Successfully created attachment [Browser Action Test Data - CloseCurrentWindow - Actual Value] @23-10-2021 20:52:49.0898 P
[ReportManager] File Action [GetAbsolutePath] successfully performed. With the following test data [Relative Folder Path: "target/downloadedFiles/"]. @23-10-2021 20:52:49.0900 PM
[ReportManager] Attempting to run remotely on: [Linux-64], [GoogleChrome], [http://localhost:4444/wd/hub], Headless Execution. @23-10-2021 20:52:49.0901 PM
[ReportManager] Successfully Opened [GoogleChrome]. @23-10-2021 20:52:50.0181 PM
[ReportManager] Target URL: [https://duckduckgo.com] @23-10-2021 20:52:50.0191 PM
[ReportManager] Initial URL: [data:,] @23-10-2021 20:52:50.0227 PM
[ReportManager] Browser Action [NavigateToURL] successfully performed. With the following test data [https://duckduckgo.com]. @23-10-2021 20:52:50.0966 P

################################################################################################################################################
Starting Execution:	[55 out of 143] test cases in the current suite
Test Method:		[unitTests.tests_browserActions.getWindowSize]
################################################################################################################################################
[ReportManager] Browser Action [GetWindowSize] successfully performed. With the following test data [(800, 600)]. @23-10-2021 20:52:51.0008 P
[ReportManager] Target URL: [https://duckduckgo.com] @23-10-2021 20:52:51.0009 PM
[ReportManager] Initial URL: [https://duckduckgo.com] @23-10-2021 20:52:51.0064 PM
[ReportManager] Browser Action [NavigateToURL] successfully performed. With the following test data [https://duckduckgo.com]. @23-10-2021 20:52:51.0401 PM
[ReportManager] Browser Action [CloseCurrentWindow] successfully performed. @23-10-2021 20:52:51.0498 PM
[ReportManager] Successfully created attachment [Browser Action Test Data - CloseCurrentWindow - Actual Value] @23-10-2021 20:52:51.0498 P
[ReportManager] File Action [GetAbsolutePath] successfully performed. With the following test data [Relative Folder Path: "target/downloadedFiles/"]. @23-10-2021 20:52:51.0500 PM
[ReportManager] Attempting to run remotely on: [Linux-64], [GoogleChrome], [http://localhost:4444/wd/hub], Headless Execution. @23-10-2021 20:52:51.0501 PM
[ReportManager] Successfully Opened [GoogleChrome]. @23-10-2021 20:52:51.0703 PM
[ReportManager] Target URL: [https://duckduckgo.com] @23-10-2021 20:52:51.0712 PM
[ReportManager] Initial URL: [data:,] @23-10-2021 20:52:51.0751 PM
[ReportManager] Browser Action [NavigateToURL] successfully performed. With the following test data [https://duckduckgo.com]. @23-10-2021 20:52:52.0261 P

################################################################################################################################################
Starting Execution:	[56 out of 143] test cases in the current suite
Test Method:		[unitTests.tests_browserActions.maximizeWindow]
################################################################################################################################################
[ReportManager] Initial window size: (800, 600) @23-10-2021 20:52:52.0275 PM
[ReportManager] Window size after Toolkit: (1920, 1080) @23-10-2021 20:52:52.0499 PM
[ReportManager] Browser Action [MaximizeWindow] successfully performed. With the following test data [New screen size is now: (1920, 1080)]. @23-10-2021 20:52:52.0501 P
[ReportManager] Target URL: [https://duckduckgo.com] @23-10-2021 20:52:52.0508 PM
[ReportManager] Initial URL: [https://duckduckgo.com] @23-10-2021 20:52:52.0572 PM
[ReportManager] Browser Action [NavigateToURL] successfully performed. With the following test data [https://duckduckgo.com]. @23-10-2021 20:52:52.0861 PM
[ReportManager] Browser Action [CloseCurrentWindow] successfully performed. @23-10-2021 20:52:52.0965 PM
[ReportManager] Successfully created attachment [Browser Action Test Data - CloseCurrentWindow - Actual Value] @23-10-2021 20:52:52.0968 P
[ReportManager] File Action [GetAbsolutePath] successfully performed. With the following test data [Relative Folder Path: "target/downloadedFiles/"]. @23-10-2021 20:52:52.0970 PM
[ReportManager] Attempting to run remotely on: [Linux-64], [GoogleChrome], [http://localhost:4444/wd/hub], Headless Execution. @23-10-2021 20:52:52.0971 PM
[ReportManager] Successfully Opened [GoogleChrome]. @23-10-2021 20:52:53.0213 PM
[ReportManager] Target URL: [https://duckduckgo.com] @23-10-2021 20:52:53.0224 PM
[ReportManager] Initial URL: [data:,] @23-10-2021 20:52:53.0261 PM
[ReportManager] Browser Action [NavigateToURL] successfully performed. With the following test data [https://duckduckgo.com]. @23-10-2021 20:52:53.0764 P

################################################################################################################################################
Starting Execution:	[57 out of 143] test cases in the current suite
Test Method:		[unitTests.tests_browserActions.navigateBack]
################################################################################################################################################
[ReportManager] Target URL: [https://www.google.com/ncr], and after redirection: [https://www.google.com] @23-10-2021 20:52:53.0767 PM
[ReportManager] Initial URL: [https://duckduckgo.com] @23-10-2021 20:52:53.0823 PM
[ReportManager] Browser Action [NavigateToURL] successfully performed. With the following test data [https://www.google.com/ncr]. @23-10-2021 20:52:56.0763 PM
[ReportManager] Browser Action [NavigateBack] successfully performed. With the following test data [https://duckduckgo.com/]. @23-10-2021 20:52:57.0151 PM
[ReportManager] Browser Action [GetCurrentURL] successfully performed. With the following test data [https://duckduckgo.com/]. @23-10-2021 20:52:57.0193 PM
[ReportManager] Assertion Passed: Confirming that navigating back was successful @23-10-2021 20:52:57.0322 PM
[ReportManager] Successfully created attachment [Screenshot - 1635022377266_navigateBack_ValidateBrowserAttribute_passed] @23-10-2021 20:52:57.0331 PM
[ReportManager] Assertion [ValidateBrowserAttribute] PASSED. Expected [Value Should be 'https://duckduckgo.com' for the 'CurrentUrl' attribute] and Actual [https://duckduckgo.com/]. Comparison Type [CONTAINS]. Validation Type [POSITIVE]. @23-10-2021 20:52:57.0331 P
[ReportManager] Target URL: [https://duckduckgo.com] @23-10-2021 20:52:57.0332 PM
[ReportManager] Initial URL: [https://duckduckgo.com] @23-10-2021 20:52:57.0395 PM
[ReportManager] Browser Action [NavigateToURL] successfully performed. With the following test data [https://duckduckgo.com]. @23-10-2021 20:52:57.0681 PM
[ReportManager] Browser Action [CloseCurrentWindow] successfully performed. @23-10-2021 20:52:57.0777 PM
[ReportManager] Successfully created attachment [Browser Action Test Data - CloseCurrentWindow - Actual Value] @23-10-2021 20:52:57.0778 P
[ReportManager] File Action [GetAbsolutePath] successfully performed. With the following test data [Relative Folder Path: "target/downloadedFiles/"]. @23-10-2021 20:52:57.0781 PM
[ReportManager] Attempting to run remotely on: [Linux-64], [GoogleChrome], [http://localhost:4444/wd/hub], Headless Execution. @23-10-2021 20:52:57.0781 PM
[ReportManager] Successfully Opened [GoogleChrome]. @23-10-2021 20:52:57.0999 PM
[ReportManager] Target URL: [https://duckduckgo.com] @23-10-2021 20:52:58.0009 PM
[ReportManager] Initial URL: [data:,] @23-10-2021 20:52:58.0054 PM
[ReportManager] Browser Action [NavigateToURL] successfully performed. With the following test data [https://duckduckgo.com]. @23-10-2021 20:52:58.0543 P

################################################################################################################################################
Starting Execution:	[58 out of 143] test cases in the current suite
Test Method:		[unitTests.tests_browserActions.navigateForward]
################################################################################################################################################
[ReportManager] Target URL: [https://www.google.com/ncr], and after redirection: [https://www.google.com] @23-10-2021 20:52:58.0546 PM
[ReportManager] Initial URL: [https://duckduckgo.com] @23-10-2021 20:52:58.0604 PM
[ReportManager] Browser Action [NavigateToURL] successfully performed. With the following test data [https://www.google.com/ncr]. @23-10-2021 20:52:59.0409 PM
[ReportManager] Browser Action [NavigateBack] successfully performed. With the following test data [https://duckduckgo.com/]. @23-10-2021 20:52:59.0774 PM
[ReportManager] Browser Action [NavigateForward] successfully performed. With the following test data [https://www.google.com/]. @23-10-2021 20:53:00.0268 P
[ReportManager] Target URL: [https://duckduckgo.com] @23-10-2021 20:53:00.0272 PM
[ReportManager] Initial URL: [https://www.google.com] @23-10-2021 20:53:00.0343 PM
[ReportManager] Browser Action [NavigateToURL] successfully performed. With the following test data [https://duckduckgo.com]. @23-10-2021 20:53:00.0766 PM
[ReportManager] Browser Action [CloseCurrentWindow] successfully performed. @23-10-2021 20:53:00.0857 PM
[ReportManager] Successfully created attachment [Browser Action Test Data - CloseCurrentWindow - Actual Value] @23-10-2021 20:53:00.0857 P
[ReportManager] File Action [GetAbsolutePath] successfully performed. With the following test data [Relative Folder Path: "target/downloadedFiles/"]. @23-10-2021 20:53:00.0859 PM
[ReportManager] Attempting to run remotely on: [Linux-64], [GoogleChrome], [http://localhost:4444/wd/hub], Headless Execution. @23-10-2021 20:53:00.0859 PM
[ReportManager] Successfully Opened [GoogleChrome]. @23-10-2021 20:53:01.0049 PM
[ReportManager] Target URL: [https://duckduckgo.com] @23-10-2021 20:53:01.0074 PM
[ReportManager] Initial URL: [data:,] @23-10-2021 20:53:01.0124 PM
[ReportManager] Browser Action [NavigateToURL] successfully performed. With the following test data [https://duckduckgo.com]. @23-10-2021 20:53:01.0608 P

################################################################################################################################################
Starting Execution:	[59 out of 143] test cases in the current suite
Test Method:		[unitTests.tests_browserActions.navigateToURL]
################################################################################################################################################
[ReportManager] Target URL: [https://duckduckgo.com] @23-10-2021 20:53:01.0613 PM
[ReportManager] Initial URL: [https://duckduckgo.com] @23-10-2021 20:53:01.0661 PM
[ReportManager] Browser Action [NavigateToURL] successfully performed. With the following test data [https://duckduckgo.com]. @23-10-2021 20:53:01.0953 P
[ReportManager] Target URL: [https://duckduckgo.com] @23-10-2021 20:53:01.0955 PM
[ReportManager] Initial URL: [https://duckduckgo.com] @23-10-2021 20:53:02.0006 PM
[ReportManager] Browser Action [NavigateToURL] successfully performed. With the following test data [https://duckduckgo.com]. @23-10-2021 20:53:02.0277 PM
[ReportManager] Browser Action [CloseCurrentWindow] successfully performed. @23-10-2021 20:53:02.0381 PM
[ReportManager] Successfully created attachment [Browser Action Test Data - CloseCurrentWindow - Actual Value] @23-10-2021 20:53:02.0382 P
[ReportManager] File Action [GetAbsolutePath] successfully performed. With the following test data [Relative Folder Path: "target/downloadedFiles/"]. @23-10-2021 20:53:02.0385 PM
[ReportManager] Attempting to run remotely on: [Linux-64], [GoogleChrome], [http://localhost:4444/wd/hub], Headless Execution. @23-10-2021 20:53:02.0385 PM
[ReportManager] Successfully Opened [GoogleChrome]. @23-10-2021 20:53:02.0577 PM
[ReportManager] Target URL: [https://duckduckgo.com] @23-10-2021 20:53:02.0588 PM
[ReportManager] Initial URL: [data:,] @23-10-2021 20:53:02.0627 PM
[ReportManager] Browser Action [NavigateToURL] successfully performed. With the following test data [https://duckduckgo.com]. @23-10-2021 20:53:03.0116 P

################################################################################################################################################
Starting Execution:	[60 out of 143] test cases in the current suite
Test Method:		[unitTests.tests_browserActions.navigateToURLWithRedirection]
################################################################################################################################################
[ReportManager] Target URL: [https://www.google.com/ncr], and after redirection: [https://www.google.com] @23-10-2021 20:53:03.0122 PM
[ReportManager] Initial URL: [https://duckduckgo.com] @23-10-2021 20:53:03.0185 PM
[ReportManager] Browser Action [NavigateToURL] successfully performed. With the following test data [https://www.google.com/ncr]. @23-10-2021 20:53:03.0956 P
[ReportManager] Target URL: [https://duckduckgo.com] @23-10-2021 20:53:03.0961 PM
[ReportManager] Initial URL: [https://www.google.com] @23-10-2021 20:53:04.0037 PM
[ReportManager] Browser Action [NavigateToURL] successfully performed. With the following test data [https://duckduckgo.com]. @23-10-2021 20:53:04.0509 PM
[ReportManager] Browser Action [CloseCurrentWindow] successfully performed. @23-10-2021 20:53:04.0605 PM
[ReportManager] Successfully created attachment [Browser Action Test Data - CloseCurrentWindow - Actual Value] @23-10-2021 20:53:04.0605 P
[ReportManager] File Action [GetAbsolutePath] successfully performed. With the following test data [Relative Folder Path: "target/downloadedFiles/"]. @23-10-2021 20:53:04.0616 PM
[ReportManager] Attempting to run remotely on: [Linux-64], [GoogleChrome], [http://localhost:4444/wd/hub], Headless Execution. @23-10-2021 20:53:04.0616 PM
[ReportManager] Successfully Opened [GoogleChrome]. @23-10-2021 20:53:04.0857 PM
[ReportManager] Target URL: [https://duckduckgo.com] @23-10-2021 20:53:04.0869 PM
[ReportManager] Initial URL: [data:,] @23-10-2021 20:53:04.0908 PM
[ReportManager] Browser Action [NavigateToURL] successfully performed. With the following test data [https://duckduckgo.com]. @23-10-2021 20:53:05.0396 P

################################################################################################################################################
Starting Execution:	[61 out of 143] test cases in the current suite
Test Method:		[unitTests.tests_browserActions.refreshCurrentPage]
################################################################################################################################################
[ReportManager] Browser Action [RefreshCurrentPage] successfully performed. @23-10-2021 20:53:05.0592 PM
[ReportManager] Successfully created attachment [Browser Action Test Data - RefreshCurrentPage - Actual Value] @23-10-2021 20:53:05.0592 P
[ReportManager] Target URL: [https://duckduckgo.com] @23-10-2021 20:53:05.0595 PM
[ReportManager] Initial URL: [https://duckduckgo.com] @23-10-2021 20:53:05.0656 PM
[ReportManager] Browser Action [NavigateToURL] successfully performed. With the following test data [https://duckduckgo.com]. @23-10-2021 20:53:05.0924 PM
[ReportManager] Browser Action [CloseCurrentWindow] successfully performed. @23-10-2021 20:53:06.0028 PM
[ReportManager] Successfully created attachment [Browser Action Test Data - CloseCurrentWindow - Actual Value] @23-10-2021 20:53:06.0028 P
[ReportManager] File Action [GetAbsolutePath] successfully performed. With the following test data [Relative Folder Path: "target/downloadedFiles/"]. @23-10-2021 20:53:06.0034 PM
[ReportManager] Attempting to run remotely on: [Linux-64], [GoogleChrome], [http://localhost:4444/wd/hub], Headless Execution. @23-10-2021 20:53:06.0034 PM
[ReportManager] Successfully Opened [GoogleChrome]. @23-10-2021 20:53:06.0245 PM
[ReportManager] Target URL: [https://duckduckgo.com] @23-10-2021 20:53:06.0257 PM
[ReportManager] Initial URL: [data:,] @23-10-2021 20:53:06.0295 PM
[ReportManager] Browser Action [NavigateToURL] successfully performed. With the following test data [https://duckduckgo.com]. @23-10-2021 20:53:06.0816 P

################################################################################################################################################
Starting Execution:	[62 out of 143] test cases in the current suite
Test Method:		[unitTests.tests_browserActions.setWindowSize]
################################################################################################################################################
[ReportManager] Initial window size: (800, 600) @23-10-2021 20:53:06.0833 PM
[ReportManager] Window size after SWD: (1280, 720) @23-10-2021 20:53:07.0054 PM
[ReportManager] Browser Action [SetWindowSize] successfully performed. With the following test data [New screen size is now: (1280, 720)]. @23-10-2021 20:53:07.0054 P
[ReportManager] Target URL: [https://duckduckgo.com] @23-10-2021 20:53:07.0057 PM
[ReportManager] Initial URL: [https://duckduckgo.com] @23-10-2021 20:53:07.0125 PM
[ReportManager] Browser Action [NavigateToURL] successfully performed. With the following test data [https://duckduckgo.com]. @23-10-2021 20:53:07.0412 PM
[ReportManager] Browser Action [CloseCurrentWindow] successfully performed. @23-10-2021 20:53:07.0517 PM
[ReportManager] Successfully created attachment [Browser Action Test Data - CloseCurrentWindow - Actual Value] @23-10-2021 20:53:07.0517 P
[ReportManager] File Action [GetAbsolutePath] successfully performed. With the following test data [Relative Folder Path: "target/downloadedFiles/"]. @23-10-2021 20:53:07.0520 PM
[ReportManager] Attempting to run remotely on: [Linux-64], [GoogleChrome], [http://localhost:4444/wd/hub], Headless Execution. @23-10-2021 20:53:07.0520 PM
[ReportManager] Successfully Opened [GoogleChrome]. @23-10-2021 20:53:07.0730 P

################################################################################################################################################
Starting Execution:	[63 out of 143] test cases in the current suite
Test Method:		[unitTests.tests_element_elementActions.waitForElementToBePresent_false_expectedToFail]
################################################################################################################################################
[ReportManager] Target URL: [https://www.google.com/ncr], and after redirection: [www.google.com] @23-10-2021 20:53:07.0751 PM
[ReportManager] Initial URL: [data:,] @23-10-2021 20:53:07.0789 PM
[ReportManager] Browser Action [NavigateToURL] successfully performed. With the following test data [https://www.google.com/ncr]. @23-10-2021 20:53:08.0735 PM
[ReportManager] Waiting for element to be present; elementLocator [By.xpath: //*[@id='hplogo' or @alt='Google']], numberOfTries[1], stateOfPresence[false]... @23-10-2021 20:53:08.0738 PM
[ReportManager] Element Action [WaitForElementToBePresent] failed. With the following test data [waited for the element's state of presence to be (false). Element locator (By.xpath: //*[@id='hplogo' or @alt='Google'])]. @23-10-2021 20:53:08.0927 PM
[ReportManager] Successfully created attachment [Screenshot - 1635022388864_waitForElementToBePresent_false_expectedToFail_WaitForElementToBePresent_failed] @23-10-2021 20:53:08.0928 P
[ReportManager] Browser Action [CloseCurrentWindow] successfully performed. @23-10-2021 20:53:09.0053 PM
[ReportManager] Successfully created attachment [Browser Action Test Data - CloseCurrentWindow - Actual Value] @23-10-2021 20:53:09.0054 P
[ReportManager] File Action [GetAbsolutePath] successfully performed. With the following test data [Relative Folder Path: "target/downloadedFiles/"]. @23-10-2021 20:53:09.0057 PM
[ReportManager] Attempting to run remotely on: [Linux-64], [GoogleChrome], [http://localhost:4444/wd/hub], Headless Execution. @23-10-2021 20:53:09.0057 PM
[ReportManager] Successfully Opened [GoogleChrome]. @23-10-2021 20:53:09.0307 P

################################################################################################################################################
Starting Execution:	[64 out of 143] test cases in the current suite
Test Method:		[unitTests.tests_element_elementActions.waitForElementToBePresent_false_expectedToPass]
################################################################################################################################################
[ReportManager] Target URL: [https://www.google.com/ncr], and after redirection: [www.google.com] @23-10-2021 20:53:09.0328 PM
[ReportManager] Initial URL: [data:,] @23-10-2021 20:53:09.0365 PM
[ReportManager] Browser Action [NavigateToURL] successfully performed. With the following test data [https://www.google.com/ncr]. @23-10-2021 20:53:10.0177 PM
[ReportManager] Waiting for element to be present; elementLocator [By.id: bla], numberOfTries[1], stateOfPresence[false]... @23-10-2021 20:53:10.0178 PM
[ReportManager] Element Action [WaitForElementToBePresent] successfully performed. With the following test data [waited for the element's state of presence to be (false). Element locator (By.id: bla)]. @23-10-2021 20:53:15.0289 P
[ReportManager] Browser Action [CloseCurrentWindow] successfully performed. @23-10-2021 20:53:15.0405 PM
[ReportManager] Successfully created attachment [Browser Action Test Data - CloseCurrentWindow - Actual Value] @23-10-2021 20:53:15.0406 P
[ReportManager] File Action [GetAbsolutePath] successfully performed. With the following test data [Relative Folder Path: "target/downloadedFiles/"]. @23-10-2021 20:53:15.0408 PM
[ReportManager] Attempting to run remotely on: [Linux-64], [GoogleChrome], [http://localhost:4444/wd/hub], Headless Execution. @23-10-2021 20:53:15.0408 PM
[ReportManager] Successfully Opened [GoogleChrome]. @23-10-2021 20:53:15.0608 P

################################################################################################################################################
Starting Execution:	[65 out of 143] test cases in the current suite
Test Method:		[unitTests.tests_element_elementActions.waitForElementToBePresent_moreThanOneElement_expectedToFail]
################################################################################################################################################
[ReportManager] Target URL: [https://www.google.com/ncr], and after redirection: [www.google.com] @23-10-2021 20:53:15.0621 PM
[ReportManager] Initial URL: [data:,] @23-10-2021 20:53:15.0669 PM
[ReportManager] Browser Action [NavigateToURL] successfully performed. With the following test data [https://www.google.com/ncr]. @23-10-2021 20:53:16.0528 PM
[ReportManager] Waiting for element to be present; elementLocator [By.xpath: //*], numberOfTries[1], stateOfPresence[false]... @23-10-2021 20:53:16.0528 PM
[ReportManager] Element Action [WaitForElementToBePresent] failed. With the following test data [waited for the element's state of presence to be (false). Element locator (By.xpath: //*)]. @23-10-2021 20:53:16.0737 PM
[ReportManager] Successfully created attachment [Screenshot - 1635022396678_waitForElementToBePresent_moreThanOneElement_expectedToFail_WaitForElementToBePresent_failed] @23-10-2021 20:53:16.0738 P
[ReportManager] Browser Action [CloseCurrentWindow] successfully performed. @23-10-2021 20:53:16.0865 PM
[ReportManager] Successfully created attachment [Browser Action Test Data - CloseCurrentWindow - Actual Value] @23-10-2021 20:53:16.0866 P
[ReportManager] File Action [GetAbsolutePath] successfully performed. With the following test data [Relative Folder Path: "target/downloadedFiles/"]. @23-10-2021 20:53:16.0868 PM
[ReportManager] Attempting to run remotely on: [Linux-64], [GoogleChrome], [http://localhost:4444/wd/hub], Headless Execution. @23-10-2021 20:53:16.0872 PM
[ReportManager] Successfully Opened [GoogleChrome]. @23-10-2021 20:53:17.0099 P

################################################################################################################################################
Starting Execution:	[66 out of 143] test cases in the current suite
Test Method:		[unitTests.tests_element_elementActions.waitForElementToBePresent_true_expectedToFail]
################################################################################################################################################
[ReportManager] Target URL: [https://www.google.com/ncr], and after redirection: [www.google.com] @23-10-2021 20:53:17.0111 PM
[ReportManager] Initial URL: [data:,] @23-10-2021 20:53:17.0149 PM
[ReportManager] Browser Action [NavigateToURL] successfully performed. With the following test data [https://www.google.com/ncr]. @23-10-2021 20:53:17.0935 PM
[ReportManager] Waiting for element to be present; elementLocator [By.id: bla], numberOfTries[1], stateOfPresence[true]... @23-10-2021 20:53:17.0935 PM
[ReportManager] Element Action [WaitForElementToBePresent] failed. With the following test data [waited for the element's state of presence to be (true). Element locator (By.id: bla)]. @23-10-2021 20:53:23.0180 PM
[ReportManager] Successfully created attachment [Screenshot - 1635022403127_waitForElementToBePresent_true_expectedToFail_WaitForElementToBePresent_failed] @23-10-2021 20:53:23.0181 P
[ReportManager] Browser Action [CloseCurrentWindow] successfully performed. @23-10-2021 20:53:23.0305 PM
[ReportManager] Successfully created attachment [Browser Action Test Data - CloseCurrentWindow - Actual Value] @23-10-2021 20:53:23.0307 P
[ReportManager] File Action [GetAbsolutePath] successfully performed. With the following test data [Relative Folder Path: "target/downloadedFiles/"]. @23-10-2021 20:53:23.0311 PM
[ReportManager] Attempting to run remotely on: [Linux-64], [GoogleChrome], [http://localhost:4444/wd/hub], Headless Execution. @23-10-2021 20:53:23.0311 PM
[ReportManager] Successfully Opened [GoogleChrome]. @23-10-2021 20:53:23.0500 P

################################################################################################################################################
Starting Execution:	[67 out of 143] test cases in the current suite
Test Method:		[unitTests.tests_element_elementActions.waitForElementToBePresent_true_expectedToPass]
################################################################################################################################################
[ReportManager] Target URL: [https://www.google.com/ncr], and after redirection: [www.google.com] @23-10-2021 20:53:23.0513 PM
[ReportManager] Initial URL: [data:,] @23-10-2021 20:53:23.0556 PM
[ReportManager] Browser Action [NavigateToURL] successfully performed. With the following test data [https://www.google.com/ncr]. @23-10-2021 20:53:24.0417 PM
[ReportManager] Waiting for element to be present; elementLocator [By.xpath: //*[@id='hplogo' or @alt='Google']], numberOfTries[1], stateOfPresence[true]... @23-10-2021 20:53:24.0417 PM
[ReportManager] Element Action [WaitForElementToBePresent] successfully performed. With the following test data [waited for the element's state of presence to be (true). Element locator (By.xpath: //*[@id='hplogo' or @alt='Google'])]. @23-10-2021 20:53:24.0482 PM
[ReportManager] File Action [DoesFileExist] successfully performed. With the following test data [File Path: "src/test/resources/DynamicObjectRepository/unitTests_tests_element_elementActions_waitForElementToBePresent_true_expectedToPass_By_xpath_id_hplogo_or_alt_Google.png"]. @23-10-2021 20:53:24.0486 PM
[ReportManager] File Action [DoesFileExist] successfully performed. With the following test data [File Path: "src/test/resources/DynamicObjectRepository/unitTests_tests_element_elementActions_waitForElementToBePresent_true_expectedToPass_By_xpath_id_hplogo_or_alt_Google.png"]. @23-10-2021 20:53:24.0636 PM
[ReportManager] Passing the test and saving a reference image @23-10-2021 20:53:24.0637 PM
[ReportManager] File Action [GetAbsolutePath] successfully performed. With the following test data [Relative File Path: "src/test/resources/DynamicObjectRepository/unitTests_tests_element_elementActions_waitForElementToBePresent_true_expectedToPass_By_xpath_id_hplogo_or_alt_Google.png"]. @23-10-2021 20:53:24.0637 PM
[ReportManager] File Action [WriteToFile] successfully performed. With the following test data [Target File Path: "/home/runner/work/SHAFT_ENGINE/SHAFT_ENGINE/src/test/resources/DynamicObjectRepository/unitTests_tests_element_elementActions_waitForElementToBePresent_true_expectedToPass_By_xpath_id_hplogo_or_alt_Google.png"]. @23-10-2021 20:53:24.0638 PM
[ReportManager] Assertion Passed: Using Visual AI; OpenCV @23-10-2021 20:53:24.0638 PM
[ReportManager] Successfully created attachment [Validation Test Data - Actual Screenshot] @23-10-2021 20:53:24.0638 PM
[ReportManager] Assertion [ValidateElementMatches] PASSED. Expected [Element should match the reference screenshot] and Actual [TRUE]. Comparison Type [EXACT_OPENCV]. Validation Type [POSITIVE]. @23-10-2021 20:53:24.0638 P
[ReportManager] Browser Action [CloseCurrentWindow] successfully performed. @23-10-2021 20:53:24.0762 PM
[ReportManager] Successfully created attachment [Browser Action Test Data - CloseCurrentWindow - Actual Value] @23-10-2021 20:53:24.0762 P
[ReportManager] Successfully loaded the following test data file [src/test/resources/TestDataFiles/testSuite01/TestData.xlsx]. @23-10-2021 20:53:25.0461 PM
[ReportManager] Successfully created attachment [Test Data - Excel] @23-10-2021 20:53:25.0461 P

################################################################################################################################################
Starting Execution:	[68 out of 143] test cases in the current suite
Test Method:		[unitTests.tests_io_excelFileManager.getCellData_rowName_expectedToPass]
################################################################################################################################################
[ReportManager] testRowData. @23-10-2021 20:53:25.0474 P

################################################################################################################################################
Starting Execution:	[69 out of 143] test cases in the current suite
Test Method:		[testPackage01.Test_testData.f]
################################################################################################################################################
[ReportManager] Successfully loaded the following test data file [src/test/resources/TestDataFiles/testSuite01/TestData.xlsx]. @23-10-2021 20:53:25.0500 PM
[ReportManager] Successfully created attachment [Test Data - Excel] @23-10-2021 20:53:25.0500 PM
[ReportManager] Last Column Number is: [3]. Zero-based. @23-10-2021 20:53:25.0501 P

################################################################################################################################################
Starting Execution:	[70 out of 143] test cases in the current suite
Test Method:		[testPackage01.Test_SkipDueToIssue.doNotSkip]
################################################################################################################################################
[ReportManager] This should not be skipped. @23-10-2021 20:53:25.0504 P

################################################################################################################################################
Starting Execution:	[71 out of 143] test cases in the current suite
Test Method:		[testPackage01.Test_SkipDueToIssue.skip]
################################################################################################################################################
[ReportManager] This should be skipped. @23-10-2021 20:53:25.0510 P

################################################################################################################################################
Starting Execution:	[72 out of 143] test cases in the current suite
Test Method:		[testPackage01.Test_SkipDueToIssue.skip2]
################################################################################################################################################
[ReportManager] This should be skipped. @23-10-2021 20:53:25.0515 P

################################################################################################################################################
Starting Execution:	[73 out of 143] test cases in the current suite
Test Method:		[testPackage01.Test_chainableElementActions.chainElementActions]
################################################################################################################################################
[ReportManager] File Action [GetAbsolutePath] successfully performed. With the following test data [Relative Folder Path: "target/downloadedFiles/"]. @23-10-2021 20:53:25.0519 PM
[ReportManager] Attempting to run remotely on: [Linux-64], [GoogleChrome], [http://localhost:4444/wd/hub], Headless Execution. @23-10-2021 20:53:25.0519 PM
[ReportManager] Successfully Opened [GoogleChrome]. @23-10-2021 20:53:25.0832 PM
[ReportManager] Target URL: [https://www.google.com/ncr], and after redirection: [https://www.google.com] @23-10-2021 20:53:25.0847 PM
[ReportManager] Initial URL: [data:,] @23-10-2021 20:53:25.0901 PM
[ReportManager] Browser Action [NavigateToURL] successfully performed. With the following test data [https://www.google.com/ncr]. @23-10-2021 20:53:26.0731 PM
[ReportManager] Element Action [Type] successfully performed. With the following test data [chained type 1]. @23-10-2021 20:53:27.0085 PM
[ReportManager] Element Action [Type] successfully performed. With the following test data [chained type 2]. @23-10-2021 20:53:27.0383 PM
[ReportManager] Element Action [TypeAppend] successfully performed. With the following test data [345]. @23-10-2021 20:53:27.0476 PM
[ReportManager] Element Action [GetText] successfully performed. With the following test data [chained type 2345]. @23-10-2021 20:53:27.0610 PM
[ReportManager] Loaded Shared OpenCV @23-10-2021 20:53:27.0731 PM
[ReportManager] Assertion [ValidateElementAttribute] PASSED. Expected [Value Should be 'chained type 2345' for the 'text' attribute, element locator 'By.name: q'] and Actual [chained type 2345]. Comparison Type [EQUALS]. Validation Type [POSITIVE]. @23-10-2021 20:53:27.0833 PM
[ReportManager] Successfully created attachment [Screenshot - 1635022407731_chainElementActions_ValidateElementAttribute_passed] @23-10-2021 20:53:27.0834 PM
[ReportManager] Browser Action [CloseCurrentWindow] successfully performed. @23-10-2021 20:53:27.0953 PM
[ReportManager] Successfully created attachment [Browser Action Test Data - CloseCurrentWindow - Actual Value] @23-10-2021 20:53:27.0953 P

################################################################################################################################################
Starting Execution:	[74 out of 143] test cases in the current suite
Test Method:		[testPackage01.Test_NewValidationHelper.f1]
################################################################################################################################################
[ReportManager] Assertion Passed: Checking valid user data @23-10-2021 20:53:27.0958 PM
[ReportManager] Successfully created attachment [Validation Test Data - Expected Value] @23-10-2021 20:53:27.0959 PM
[ReportManager] Successfully created attachment [Validation Test Data - Actual Value] @23-10-2021 20:53:27.0959 PM
[ReportManager] Assertion [ValidateEquals] PASSED. Expected and Actual values are attached. Comparison Type [EQUALS]. Validation Type [POSITIVE]. @23-10-2021 20:53:27.0959 P
[ReportManager] File Action [GetAbsolutePath] successfully performed. With the following test data [Relative Folder Path: "target/downloadedFiles/"]. @23-10-2021 20:53:27.0964 PM
[ReportManager] Attempting to run remotely on: [Linux-64], [GoogleChrome], [http://localhost:4444/wd/hub], Headless Execution. @23-10-2021 20:53:27.0964 PM
[ReportManager] Successfully Opened [GoogleChrome]. @23-10-2021 20:53:28.0226 PM
[ReportManager] Target URL: [https://the-internet.herokuapp.com/] @23-10-2021 20:53:28.0236 PM
[ReportManager] Initial URL: [data:,] @23-10-2021 20:53:28.0272 PM
[ReportManager] Browser Action [NavigateToURL] successfully performed. With the following test data [https://the-internet.herokuapp.com/]. @23-10-2021 20:53:29.0395 P

################################################################################################################################################
Starting Execution:	[75 out of 143] test cases in the current suite
Test Method:		[testPackage01.Test_NewValidationHelper.f10]
################################################################################################################################################
[ReportManager] Assertion [ValidateElementExists] FAILED. Expected [Element Should Exist, locator 'By.tagName: div'] and Actual [Element Exists but is not unique]. Comparison Type [EQUALS]. Validation Type [POSITIVE]. @23-10-2021 20:53:29.0635 PM
[ReportManager] Successfully created attachment [Screenshot - 1635022409570_f10_ValidateElementExists_failed] @23-10-2021 20:53:29.0635 P
[ReportManager] Successfully Closed All Drivers. @23-10-2021 20:53:29.0709 P
[ReportManager] File Action [GetAbsolutePath] successfully performed. With the following test data [Relative Folder Path: "target/downloadedFiles/"]. @23-10-2021 20:53:29.0712 PM
[ReportManager] Attempting to run remotely on: [Linux-64], [GoogleChrome], [http://localhost:4444/wd/hub], Headless Execution. @23-10-2021 20:53:29.0713 PM
[ReportManager] Successfully Opened [GoogleChrome]. @23-10-2021 20:53:29.0951 PM
[ReportManager] Target URL: [https://the-internet.herokuapp.com/] @23-10-2021 20:53:29.0960 PM
[ReportManager] Initial URL: [data:,] @23-10-2021 20:53:30.0013 PM
[ReportManager] Browser Action [NavigateToURL] successfully performed. With the following test data [https://the-internet.herokuapp.com/]. @23-10-2021 20:53:31.0103 P

################################################################################################################################################
Starting Execution:	[76 out of 143] test cases in the current suite
Test Method:		[testPackage01.Test_NewValidationHelper.f11]
################################################################################################################################################
[ReportManager] Assertion Passed: Checking that false tag doesn't exist @23-10-2021 20:53:41.0493 PM
[ReportManager] Successfully created attachment [Screenshot - 1635022421424_f11_ValidateElementExists_passed] @23-10-2021 20:53:41.0494 PM
[ReportManager] Assertion [ValidateElementExists] PASSED. Expected [Element Should not Exist, locator 'By.tagName: h3'] and Actual [Element Doesn't Exists]. Comparison Type [EQUALS]. Validation Type [NEGATIVE]. @23-10-2021 20:53:41.0494 P
[ReportManager] Successfully Closed All Drivers. @23-10-2021 20:53:41.0571 P
[ReportManager] File Action [GetAbsolutePath] successfully performed. With the following test data [Relative Folder Path: "target/downloadedFiles/"]. @23-10-2021 20:53:41.0573 PM
[ReportManager] Attempting to run remotely on: [Linux-64], [GoogleChrome], [http://localhost:4444/wd/hub], Headless Execution. @23-10-2021 20:53:41.0574 PM
[ReportManager] Successfully Opened [GoogleChrome]. @23-10-2021 20:53:41.0804 PM
[ReportManager] Target URL: [https://the-internet.herokuapp.com/] @23-10-2021 20:53:41.0814 PM
[ReportManager] Initial URL: [data:,] @23-10-2021 20:53:41.0855 PM
[ReportManager] Browser Action [NavigateToURL] successfully performed. With the following test data [https://the-internet.herokuapp.com/]. @23-10-2021 20:53:42.0928 P

################################################################################################################################################
Starting Execution:	[77 out of 143] test cases in the current suite
Test Method:		[testPackage01.Test_NewValidationHelper.f12]
################################################################################################################################################
[ReportManager] Loaded Shared OpenCV @23-10-2021 20:53:43.0160 PM
[ReportManager] Assertion [ValidateElementExists] FAILED. Expected [Element Should not Exist, locator 'By.tagName: h1'] and Actual [Element Exists]. Comparison Type [EQUALS]. Validation Type [NEGATIVE]. @23-10-2021 20:53:43.0249 PM
[ReportManager] Successfully created attachment [Screenshot - 1635022423159_f12_ValidateElementExists_failed] @23-10-2021 20:53:43.0250 P
[ReportManager] Successfully Closed All Drivers. @23-10-2021 20:53:43.0324 P
[ReportManager] File Action [GetAbsolutePath] successfully performed. With the following test data [Relative Folder Path: "target/downloadedFiles/"]. @23-10-2021 20:53:43.0328 PM
[ReportManager] Attempting to run remotely on: [Linux-64], [GoogleChrome], [http://localhost:4444/wd/hub], Headless Execution. @23-10-2021 20:53:43.0328 PM
[ReportManager] Successfully Opened [GoogleChrome]. @23-10-2021 20:53:43.0573 PM
[ReportManager] Target URL: [https://the-internet.herokuapp.com/] @23-10-2021 20:53:43.0582 PM
[ReportManager] Initial URL: [data:,] @23-10-2021 20:53:43.0619 PM
[ReportManager] Browser Action [NavigateToURL] successfully performed. With the following test data [https://the-internet.herokuapp.com/]. @23-10-2021 20:53:44.0670 P

################################################################################################################################################
Starting Execution:	[78 out of 143] test cases in the current suite
Test Method:		[testPackage01.Test_NewValidationHelper.f13]
################################################################################################################################################
[ReportManager] Assertion [ValidateElementExists] FAILED. Expected [Element Should not Exist, locator 'By.tagName: div'] and Actual [Element Exists but is not unique]. Comparison Type [EQUALS]. Validation Type [NEGATIVE]. @23-10-2021 20:53:44.0917 PM
[ReportManager] Successfully created attachment [Screenshot - 1635022424855_f13_ValidateElementExists_failed] @23-10-2021 20:53:44.0918 P
[ReportManager] Successfully Closed All Drivers. @23-10-2021 20:53:44.0992 P
[ReportManager] File Action [GetAbsolutePath] successfully performed. With the following test data [Relative Folder Path: "target/downloadedFiles/"]. @23-10-2021 20:53:44.0994 PM
[ReportManager] Attempting to run remotely on: [Linux-64], [GoogleChrome], [http://localhost:4444/wd/hub], Headless Execution. @23-10-2021 20:53:44.0994 PM
[ReportManager] Successfully Opened [GoogleChrome]. @23-10-2021 20:53:45.0181 PM
[ReportManager] Target URL: [https://the-internet.herokuapp.com/] @23-10-2021 20:53:45.0195 PM
[ReportManager] Initial URL: [data:,] @23-10-2021 20:53:45.0239 PM
[ReportManager] Browser Action [NavigateToURL] successfully performed. With the following test data [https://the-internet.herokuapp.com/]. @23-10-2021 20:53:46.0313 P

################################################################################################################################################
Starting Execution:	[79 out of 143] test cases in the current suite
Test Method:		[testPackage01.Test_NewValidationHelper.f14]
################################################################################################################################################
[ReportManager] Element Action [GetText] successfully performed. With the following test data [Welcome to the-internet]. @23-10-2021 20:53:46.0393 PM
[ReportManager] Loaded Shared OpenCV @23-10-2021 20:53:46.0524 PM
[ReportManager] Assertion Passed: Asserting that the header text is correct @23-10-2021 20:53:46.0596 PM
[ReportManager] Successfully created attachment [Screenshot - 1635022426524_f14_ValidateElementAttribute_passed] @23-10-2021 20:53:46.0597 PM
[ReportManager] Assertion [ValidateElementAttribute] PASSED. Expected [Value Should be 'Welcome to the-internet' for the 'text' attribute, element locator 'By.tagName: h1'] and Actual [Welcome to the-internet]. Comparison Type [EQUALS]. Validation Type [POSITIVE]. @23-10-2021 20:53:46.0597 P
[ReportManager] Successfully Closed All Drivers. @23-10-2021 20:53:46.0674 P
[ReportManager] File Action [GetAbsolutePath] successfully performed. With the following test data [Relative Folder Path: "target/downloadedFiles/"]. @23-10-2021 20:53:46.0680 PM
[ReportManager] Attempting to run remotely on: [Linux-64], [GoogleChrome], [http://localhost:4444/wd/hub], Headless Execution. @23-10-2021 20:53:46.0685 PM
[ReportManager] Successfully Opened [GoogleChrome]. @23-10-2021 20:53:46.0893 PM
[ReportManager] Target URL: [https://the-internet.herokuapp.com/] @23-10-2021 20:53:46.0911 PM
[ReportManager] Initial URL: [data:,] @23-10-2021 20:53:46.0953 PM
[ReportManager] Browser Action [NavigateToURL] successfully performed. With the following test data [https://the-internet.herokuapp.com/]. @23-10-2021 20:53:48.0018 P

################################################################################################################################################
Starting Execution:	[80 out of 143] test cases in the current suite
Test Method:		[testPackage01.Test_NewValidationHelper.f15]
################################################################################################################################################
[ReportManager] Element Action [GetText] successfully performed. With the following test data [Welcome to the-internet]. @23-10-2021 20:53:48.0101 PM
[ReportManager] Loaded Shared OpenCV @23-10-2021 20:53:48.0255 PM
[ReportManager] Assertion [ValidateElementAttribute] FAILED. Expected [Value Should not be 'Welcome' for the 'text' attribute, element locator 'By.tagName: h1'] and Actual [Welcome to the-internet]. Comparison Type [CONTAINS]. Validation Type [NEGATIVE]. @23-10-2021 20:53:48.0342 PM
[ReportManager] Successfully created attachment [Screenshot - 1635022428255_f15_ValidateElementAttribute_failed] @23-10-2021 20:53:48.0343 P
[ReportManager] Successfully Closed All Drivers. @23-10-2021 20:53:48.0418 P
[ReportManager] File Action [GetAbsolutePath] successfully performed. With the following test data [Relative Folder Path: "target/downloadedFiles/"]. @23-10-2021 20:53:48.0421 PM
[ReportManager] Attempting to run remotely on: [Linux-64], [GoogleChrome], [http://localhost:4444/wd/hub], Headless Execution. @23-10-2021 20:53:48.0421 PM
[ReportManager] Successfully Opened [GoogleChrome]. @23-10-2021 20:53:48.0616 PM
[ReportManager] Target URL: [https://the-internet.herokuapp.com/] @23-10-2021 20:53:48.0626 PM
[ReportManager] Initial URL: [data:,] @23-10-2021 20:53:48.0665 PM
[ReportManager] Browser Action [NavigateToURL] successfully performed. With the following test data [https://the-internet.herokuapp.com/]. @23-10-2021 20:53:49.0763 P

################################################################################################################################################
Starting Execution:	[81 out of 143] test cases in the current suite
Test Method:		[testPackage01.Test_NewValidationHelper.f16]
################################################################################################################################################
[ReportManager] Element Action [IdentifyUniqueElement] failed. With the following test data [zero elements found matching this locator "By.tagName: h3".]. @23-10-2021 20:54:15.0335 PM
[ReportManager] Successfully created attachment [Screenshot - 1635022455277_f16_IdentifyUniqueElement_failed] @23-10-2021 20:54:15.0336 PM
[ReportManager] Assertion [ValidateElementAttribute] FAILED. Expected [Value Should not be 'Welcome' for the 'text' attribute, element locator 'By.tagName: h3'] and Actual [Failed to read the desired element attribute]. Comparison Type [CONTAINS]. Validation Type [NEGATIVE]. @23-10-2021 20:54:15.0336 P
[ReportManager] Successfully Closed All Drivers. @23-10-2021 20:54:15.0410 P
[ReportManager] File Action [GetAbsolutePath] successfully performed. With the following test data [Relative Folder Path: "target/downloadedFiles/"]. @23-10-2021 20:54:15.0411 PM
[ReportManager] Attempting to run remotely on: [Linux-64], [GoogleChrome], [http://localhost:4444/wd/hub], Headless Execution. @23-10-2021 20:54:15.0412 PM
[ReportManager] Successfully Opened [GoogleChrome]. @23-10-2021 20:54:15.0593 PM
[ReportManager] Target URL: [https://the-internet.herokuapp.com/] @23-10-2021 20:54:15.0604 PM
[ReportManager] Initial URL: [data:,] @23-10-2021 20:54:15.0642 PM
[ReportManager] Browser Action [NavigateToURL] successfully performed. With the following test data [https://the-internet.herokuapp.com/]. @23-10-2021 20:54:16.0788 P

################################################################################################################################################
Starting Execution:	[82 out of 143] test cases in the current suite
Test Method:		[testPackage01.Test_NewValidationHelper.f17]
################################################################################################################################################
[ReportManager] Attempting to getAttribute [text2] from elementLocator [By.tagName: h1]. @23-10-2021 20:54:16.0792 PM
[ReportManager] Element Action [GetAttribute] successfully performed. @23-10-2021 20:54:16.0864 PM
[ReportManager] Loaded Shared OpenCV @23-10-2021 20:54:17.0012 PM
[ReportManager] Assertion [ValidateElementAttribute] PASSED. Expected [Value Should not be 'Welcome' for the 'text2' attribute, element locator 'By.tagName: h1'] and Actual [null]. Comparison Type [CONTAINS]. Validation Type [NEGATIVE]. @23-10-2021 20:54:17.0104 PM
[ReportManager] Successfully created attachment [Screenshot - 1635022457012_f17_ValidateElementAttribute_passed] @23-10-2021 20:54:17.0105 P
[ReportManager] Successfully Closed All Drivers. @23-10-2021 20:54:17.0181 P
[ReportManager] File Action [GetAbsolutePath] successfully performed. With the following test data [Relative Folder Path: "target/downloadedFiles/"]. @23-10-2021 20:54:17.0183 PM
[ReportManager] Attempting to run remotely on: [Linux-64], [GoogleChrome], [http://localhost:4444/wd/hub], Headless Execution. @23-10-2021 20:54:17.0184 PM
[ReportManager] Successfully Opened [GoogleChrome]. @23-10-2021 20:54:17.0424 PM
[ReportManager] Target URL: [https://the-internet.herokuapp.com/] @23-10-2021 20:54:17.0440 PM
[ReportManager] Initial URL: [data:,] @23-10-2021 20:54:17.0476 PM
[ReportManager] Browser Action [NavigateToURL] successfully performed. With the following test data [https://the-internet.herokuapp.com/]. @23-10-2021 20:54:18.0567 P

################################################################################################################################################
Starting Execution:	[83 out of 143] test cases in the current suite
Test Method:		[testPackage01.Test_NewValidationHelper.f18]
################################################################################################################################################
[ReportManager] Element Action [GetText] successfully performed. With the following test data [Welcome to the-internet]. @23-10-2021 20:54:18.0649 PM
[ReportManager] Loaded Shared OpenCV @23-10-2021 20:54:18.0793 PM
[ReportManager] Assertion [ValidateElementAttribute] PASSED. Expected [Value Should not be 'no' for the 'text' attribute, element locator 'By.tagName: h1'] and Actual [Welcome to the-internet]. Comparison Type [CONTAINS]. Validation Type [NEGATIVE]. @23-10-2021 20:54:18.0870 PM
[ReportManager] Successfully created attachment [Screenshot - 1635022458793_f18_ValidateElementAttribute_passed] @23-10-2021 20:54:18.0871 P
[ReportManager] Successfully Closed All Drivers. @23-10-2021 20:54:18.0947 P

################################################################################################################################################
Starting Execution:	[84 out of 143] test cases in the current suite
Test Method:		[testPackage01.Test_NewValidationHelper.f2]
################################################################################################################################################
[ReportManager] Assertion Failed: Checking valid user data @23-10-2021 20:54:18.0951 PM
[ReportManager] Assertion [ValidateEquals] FAILED. Expected [1] and Actual [2]. Comparison Type [EQUALS]. Validation Type [POSITIVE]. @23-10-2021 20:54:18.0951 P
[ReportManager] File Action [GetAbsolutePath] successfully performed. With the following test data [Relative Folder Path: "target/downloadedFiles/"]. @23-10-2021 20:54:18.0952 PM
[ReportManager] Attempting to run remotely on: [Linux-64], [GoogleChrome], [http://localhost:4444/wd/hub], Headless Execution. @23-10-2021 20:54:18.0952 PM
[ReportManager] Successfully Opened [GoogleChrome]. @23-10-2021 20:54:19.0150 PM
[ReportManager] Target URL: [https://the-internet.herokuapp.com/] @23-10-2021 20:54:19.0168 PM
[ReportManager] Initial URL: [data:,] @23-10-2021 20:54:19.0212 PM
[ReportManager] Browser Action [NavigateToURL] successfully performed. With the following test data [https://the-internet.herokuapp.com/]. @23-10-2021 20:54:20.0306 P

################################################################################################################################################
Starting Execution:	[85 out of 143] test cases in the current suite
Test Method:		[testPackage01.Test_NewValidationHelper.f20]
################################################################################################################################################
[ReportManager] Element Action [GetSize] successfully performed. With the following test data [(755, 61)]. @23-10-2021 20:54:20.0390 PM
[ReportManager] Loaded Shared OpenCV @23-10-2021 20:54:20.0558 PM
[ReportManager] Assertion [ValidateElementAttribute] PASSED. Expected [Value Should not be 'a' for the 'size' attribute, element locator 'By.tagName: h1'] and Actual [(755, 61)]. Comparison Type [CONTAINS]. Validation Type [NEGATIVE]. @23-10-2021 20:54:20.0656 PM
[ReportManager] Successfully created attachment [Screenshot - 1635022460558_f20_ValidateElementAttribute_passed] @23-10-2021 20:54:20.0657 P
[ReportManager] Successfully Closed All Drivers. @23-10-2021 20:54:20.0734 P
[ReportManager] File Action [GetAbsolutePath] successfully performed. With the following test data [Relative Folder Path: "target/downloadedFiles/"]. @23-10-2021 20:54:20.0739 PM
[ReportManager] Attempting to run remotely on: [Linux-64], [GoogleChrome], [http://localhost:4444/wd/hub], Headless Execution. @23-10-2021 20:54:20.0739 PM
[ReportManager] Successfully Opened [GoogleChrome]. @23-10-2021 20:54:20.0962 PM
[ReportManager] Target URL: [https://the-internet.herokuapp.com/] @23-10-2021 20:54:20.0974 PM
[ReportManager] Initial URL: [data:,] @23-10-2021 20:54:21.0038 PM
[ReportManager] Browser Action [NavigateToURL] successfully performed. With the following test data [https://the-internet.herokuapp.com/]. @23-10-2021 20:54:22.0106 P

################################################################################################################################################
Starting Execution:	[86 out of 143] test cases in the current suite
Test Method:		[testPackage01.Test_NewValidationHelper.f21]
################################################################################################################################################
[ReportManager] Element Action [IdentifyUniqueElement] failed. With the following test data [zero elements found matching this locator "By.tagName: h3".]. @23-10-2021 20:54:47.0675 PM
[ReportManager] Successfully created attachment [Screenshot - 1635022487619_f21_IdentifyUniqueElement_failed] @23-10-2021 20:54:47.0676 PM
[ReportManager] Assertion [ValidateElementAttribute] FAILED. Expected [Value Should be 'Welcome' for the 'text' attribute, element locator 'By.tagName: h3'] and Actual [Failed to read the desired element attribute]. Comparison Type [CONTAINS]. Validation Type [POSITIVE]. @23-10-2021 20:54:47.0676 P
[ReportManager] Successfully Closed All Drivers. @23-10-2021 20:54:47.0755 P
[ReportManager] File Action [GetAbsolutePath] successfully performed. With the following test data [Relative Folder Path: "target/downloadedFiles/"]. @23-10-2021 20:54:47.0757 PM
[ReportManager] Attempting to run remotely on: [Linux-64], [GoogleChrome], [http://localhost:4444/wd/hub], Headless Execution. @23-10-2021 20:54:47.0757 PM
[ReportManager] Successfully Opened [GoogleChrome]. @23-10-2021 20:54:47.0986 PM
[ReportManager] Target URL: [https://the-internet.herokuapp.com/] @23-10-2021 20:54:48.0002 PM
[ReportManager] Initial URL: [data:,] @23-10-2021 20:54:48.0046 PM
[ReportManager] Browser Action [NavigateToURL] successfully performed. With the following test data [https://the-internet.herokuapp.com/]. @23-10-2021 20:54:49.0119 P

################################################################################################################################################
Starting Execution:	[87 out of 143] test cases in the current suite
Test Method:		[testPackage01.Test_NewValidationHelper.f22]
################################################################################################################################################
[ReportManager] Element Action [GetText] successfully performed. With the following test data [Welcome to the-internet]. @23-10-2021 20:54:49.0212 PM
[ReportManager] Loaded Shared OpenCV @23-10-2021 20:54:49.0354 PM
[ReportManager] Assertion [ValidateElementAttribute] FAILED. Expected [Value Should be 'yyy' for the 'text' attribute, element locator 'By.tagName: h1'] and Actual [Welcome to the-internet]. Comparison Type [CONTAINS]. Validation Type [POSITIVE]. @23-10-2021 20:54:49.0429 PM
[ReportManager] Successfully created attachment [Screenshot - 1635022489354_f22_ValidateElementAttribute_failed] @23-10-2021 20:54:49.0430 P
[ReportManager] Successfully Closed All Drivers. @23-10-2021 20:54:49.0503 P

################################################################################################################################################
Starting Execution:	[88 out of 143] test cases in the current suite
Test Method:		[testPackage01.Test_NewValidationHelper.f23]
################################################################################################################################################
[ReportManager] Assertion Passed: confirming that the actual is greater than or equal to the expected @23-10-2021 20:54:49.0507 PM
[ReportManager] Assertion [ValidateComparativeRelation] PASSED. Expected [1] and Actual [1]. Comparison Type [GREATER_THAN_OR_EQUALS]. Validation Type [POSITIVE]. @23-10-2021 20:54:49.0507 P

################################################################################################################################################
Starting Execution:	[89 out of 143] test cases in the current suite
Test Method:		[testPackage01.Test_NewValidationHelper.f24]
################################################################################################################################################
[ReportManager] Assertion [ValidateComparativeRelation] PASSED. Expected [1] and Actual [10]. Comparison Type [GREATER_THAN_OR_EQUALS]. Validation Type [POSITIVE]. @23-10-2021 20:54:49.0509 P

################################################################################################################################################
Starting Execution:	[90 out of 143] test cases in the current suite
Test Method:		[testPackage01.Test_NewValidationHelper.f25]
################################################################################################################################################
[ReportManager] Assertion [ValidateComparativeRelation] PASSED. Expected [1] and Actual [1]. Comparison Type [EQUALS]. Validation Type [POSITIVE]. @23-10-2021 20:54:49.0510 P

################################################################################################################################################
Starting Execution:	[91 out of 143] test cases in the current suite
Test Method:		[testPackage01.Test_NewValidationHelper.f26]
################################################################################################################################################
[ReportManager] Assertion [ValidateComparativeRelation] PASSED. Expected [1] and Actual [5]. Comparison Type [GREATER_THAN]. Validation Type [POSITIVE]. @23-10-2021 20:54:49.0512 P

################################################################################################################################################
Starting Execution:	[92 out of 143] test cases in the current suite
Test Method:		[testPackage01.Test_NewValidationHelper.f27]
################################################################################################################################################
[ReportManager] Assertion [ValidateComparativeRelation] PASSED. Expected [11] and Actual [5]. Comparison Type [LESS_THAN]. Validation Type [POSITIVE]. @23-10-2021 20:54:49.0515 P

################################################################################################################################################
Starting Execution:	[93 out of 143] test cases in the current suite
Test Method:		[testPackage01.Test_NewValidationHelper.f28]
################################################################################################################################################
[ReportManager] Assertion [ValidateComparativeRelation] PASSED. Expected [11] and Actual [5]. Comparison Type [LESS_THAN_OR_EQUALS]. Validation Type [POSITIVE]. @23-10-2021 20:54:49.0518 P

################################################################################################################################################
Starting Execution:	[94 out of 143] test cases in the current suite
Test Method:		[testPackage01.Test_NewValidationHelper.f29]
################################################################################################################################################
[ReportManager] Assertion [ValidateComparativeRelation] PASSED. Expected [11] and Actual [11]. Comparison Type [LESS_THAN_OR_EQUALS]. Validation Type [POSITIVE]. @23-10-2021 20:54:49.0519 P

################################################################################################################################################
Starting Execution:	[95 out of 143] test cases in the current suite
Test Method:		[testPackage01.Test_NewValidationHelper.f3]
################################################################################################################################################
[ReportManager] Assertion [ValidateEquals] PASSED. Expected [1] and Actual [2]. Comparison Type [EQUALS]. Validation Type [NEGATIVE]. @23-10-2021 20:54:49.0522 P

################################################################################################################################################
Starting Execution:	[96 out of 143] test cases in the current suite
Test Method:		[testPackage01.Test_NewValidationHelper.f30]
################################################################################################################################################
[ReportManager] Assertion [ValidateComparativeRelation] FAILED. Expected [-9] and Actual [11]. Comparison Type [LESS_THAN_OR_EQUALS]. Validation Type [POSITIVE]. @23-10-2021 20:54:49.0524 P

################################################################################################################################################
Starting Execution:	[97 out of 143] test cases in the current suite
Test Method:		[testPackage01.Test_NewValidationHelper.f31]
################################################################################################################################################
[ReportManager] Assertion [ValidateTrue] PASSED. Expected [TRUE] and Actual [TRUE]. Validation Type [POSITIVE]. @23-10-2021 20:54:49.0531 P

################################################################################################################################################
Starting Execution:	[98 out of 143] test cases in the current suite
Test Method:		[testPackage01.Test_NewValidationHelper.f32]
################################################################################################################################################
[ReportManager] Assertion [ValidateTrue] PASSED. Expected [FALSE] and Actual [FALSE]. Validation Type [NEGATIVE]. @23-10-2021 20:54:49.0533 P

################################################################################################################################################
Starting Execution:	[99 out of 143] test cases in the current suite
Test Method:		[testPackage01.Test_NewValidationHelper.f33]
################################################################################################################################################
[ReportManager] Assertion [ValidateTrue] FAILED. Expected [FALSE] and Actual [TRUE]. Validation Type [NEGATIVE]. @23-10-2021 20:54:49.0535 P

################################################################################################################################################
Starting Execution:	[100 out of 143] test cases in the current suite
Test Method:		[testPackage01.Test_NewValidationHelper.f34]
################################################################################################################################################
[ReportManager] Assertion [ValidateTrue] FAILED. Expected [TRUE] and Actual [FALSE]. Validation Type [POSITIVE]. @23-10-2021 20:54:49.0537 P

################################################################################################################################################
Starting Execution:	[101 out of 143] test cases in the current suite
Test Method:		[testPackage01.Test_NewValidationHelper.f35]
################################################################################################################################################
[ReportManager] File Action [DoesFileExist] successfully performed. With the following test data [File Path: "pom.xml"]. @23-10-2021 20:54:49.0539 PM
[ReportManager] Assertion [ValidateFileExists] PASSED. Expected [File 'pom.xml' should exist, after up to '1' retries] and Actual [File exists]. Validation Type [POSITIVE]. @23-10-2021 20:54:49.0539 P

################################################################################################################################################
Starting Execution:	[102 out of 143] test cases in the current suite
Test Method:		[testPackage01.Test_NewValidationHelper.f36]
################################################################################################################################################
[ReportManager] File Action [DoesFileExist] successfully performed. With the following test data [File Path: "src/test/java/testPackage01/Test_NewValidationHelper.java"]. @23-10-2021 20:54:49.0541 PM
[ReportManager] Assertion [ValidateFileExists] PASSED. Expected [File 'src/test/java/testPackage01/Test_NewValidationHelper.java' should exist, after up to '1' retries] and Actual [File exists]. Validation Type [POSITIVE]. @23-10-2021 20:54:49.0541 P

################################################################################################################################################
Starting Execution:	[103 out of 143] test cases in the current suite
Test Method:		[testPackage01.Test_NewValidationHelper.f37]
################################################################################################################################################
[ReportManager] File Action [DoesFileExist] successfully performed. With the following test data [File Path: "pom.xml"]. @23-10-2021 20:54:49.0543 PM
[ReportManager] Assertion Failed: confirming that the file does't exist after 5 retries @23-10-2021 20:54:49.0543 PM
[ReportManager] Assertion [ValidateFileExists] FAILED. Expected [File 'pom.xml' should not exist, after up to '5' retries] and Actual [File exists]. Validation Type [NEGATIVE]. @23-10-2021 20:54:49.0543 P

################################################################################################################################################
Starting Execution:	[104 out of 143] test cases in the current suite
Test Method:		[testPackage01.Test_NewValidationHelper.f3_1]
################################################################################################################################################
[ReportManager] Assertion Passed: Checking valid user data @23-10-2021 20:54:49.0545 PM
[ReportManager] Assertion [ValidateEquals] PASSED. Expected [null] and Actual [null]. Comparison Type [EQUALS]. Validation Type [POSITIVE]. @23-10-2021 20:54:49.0546 P

################################################################################################################################################
Starting Execution:	[105 out of 143] test cases in the current suite
Test Method:		[testPackage01.Test_NewValidationHelper.f4]
################################################################################################################################################
[ReportManager] Assertion [ValidateEquals] PASSED. Expected [1] and Actual [123]. Comparison Type [CONTAINS]. Validation Type [POSITIVE]. @23-10-2021 20:54:49.0547 P

################################################################################################################################################
Starting Execution:	[106 out of 143] test cases in the current suite
Test Method:		[testPackage01.Test_NewValidationHelper.f5]
################################################################################################################################################
[ReportManager] Assertion [ValidateNull] PASSED. Expected [NULL] and Actual [1]. Comparison Type [EQUALS]. Validation Type [NEGATIVE]. @23-10-2021 20:54:49.0549 P

################################################################################################################################################
Starting Execution:	[107 out of 143] test cases in the current suite
Test Method:		[testPackage01.Test_NewValidationHelper.f6]
################################################################################################################################################
[ReportManager] Assertion Failed: Making sure that null string is not equal to null object @23-10-2021 20:54:49.0552 PM
[ReportManager] Assertion [ValidateNull] FAILED. Expected [NULL] and Actual [NULL]. Comparison Type [EQUALS]. Validation Type [POSITIVE]. @23-10-2021 20:54:49.0552 P

################################################################################################################################################
Starting Execution:	[108 out of 143] test cases in the current suite
Test Method:		[testPackage01.Test_NewValidationHelper.f6_1]
################################################################################################################################################
[ReportManager] Assertion [ValidateNull] FAILED. Expected [NULL] and Actual [NULL]. Comparison Type [EQUALS]. Validation Type [NEGATIVE]. @23-10-2021 20:54:49.0554 P

################################################################################################################################################
Starting Execution:	[109 out of 143] test cases in the current suite
Test Method:		[testPackage01.Test_NewValidationHelper.f6_2]
################################################################################################################################################
[ReportManager] Assertion Failed: Making sure that null string is not equal to null object @23-10-2021 20:54:49.0556 PM
[ReportManager] Assertion [ValidateNull] FAILED. Expected [NULL] and Actual [not null]. Comparison Type [EQUALS]. Validation Type [POSITIVE]. @23-10-2021 20:54:49.0556 P

################################################################################################################################################
Starting Execution:	[110 out of 143] test cases in the current suite
Test Method:		[testPackage01.Test_NewValidationHelper.f7]
################################################################################################################################################
[ReportManager] Assertion [ValidateNull] PASSED. Expected [NULL] and Actual [NULL]. Comparison Type [EQUALS]. Validation Type [POSITIVE]. @23-10-2021 20:54:49.0558 P
[ReportManager] File Action [GetAbsolutePath] successfully performed. With the following test data [Relative Folder Path: "target/downloadedFiles/"]. @23-10-2021 20:54:49.0560 PM
[ReportManager] Attempting to run remotely on: [Linux-64], [GoogleChrome], [http://localhost:4444/wd/hub], Headless Execution. @23-10-2021 20:54:49.0560 PM
[ReportManager] Successfully Opened [GoogleChrome]. @23-10-2021 20:54:49.0749 PM
[ReportManager] Target URL: [https://the-internet.herokuapp.com/] @23-10-2021 20:54:49.0766 PM
[ReportManager] Initial URL: [data:,] @23-10-2021 20:54:49.0809 PM
[ReportManager] Browser Action [NavigateToURL] successfully performed. With the following test data [https://the-internet.herokuapp.com/]. @23-10-2021 20:54:50.0890 P

################################################################################################################################################
Starting Execution:	[111 out of 143] test cases in the current suite
Test Method:		[testPackage01.Test_NewValidationHelper.f8]
################################################################################################################################################
[ReportManager] Loaded Shared OpenCV @23-10-2021 20:54:51.0086 PM
[ReportManager] Assertion [ValidateElementExists] PASSED. Expected [Element Should Exist, locator 'By.tagName: h1'] and Actual [Element Exists]. Comparison Type [EQUALS]. Validation Type [POSITIVE]. @23-10-2021 20:54:51.0165 PM
[ReportManager] Successfully created attachment [Screenshot - 1635022491086_f8_ValidateElementExists_passed] @23-10-2021 20:54:51.0166 P
[ReportManager] Successfully Closed All Drivers. @23-10-2021 20:54:51.0248 P
[ReportManager] File Action [GetAbsolutePath] successfully performed. With the following test data [Relative Folder Path: "target/downloadedFiles/"]. @23-10-2021 20:54:51.0250 PM
[ReportManager] Attempting to run remotely on: [Linux-64], [GoogleChrome], [http://localhost:4444/wd/hub], Headless Execution. @23-10-2021 20:54:51.0250 PM
[ReportManager] Successfully Opened [GoogleChrome]. @23-10-2021 20:54:51.0447 PM
[ReportManager] Target URL: [https://the-internet.herokuapp.com/] @23-10-2021 20:54:51.0456 PM
[ReportManager] Initial URL: [data:,] @23-10-2021 20:54:51.0495 PM
[ReportManager] Browser Action [NavigateToURL] successfully performed. With the following test data [https://the-internet.herokuapp.com/]. @23-10-2021 20:54:52.0533 P

################################################################################################################################################
Starting Execution:	[112 out of 143] test cases in the current suite
Test Method:		[testPackage01.Test_NewValidationHelper.f9]
################################################################################################################################################
[ReportManager] Assertion [ValidateElementExists] FAILED. Expected [Element Should Exist, locator 'By.tagName: h3'] and Actual [Element Doesn't Exists]. Comparison Type [EQUALS]. Validation Type [POSITIVE]. @23-10-2021 20:55:23.0210 PM
[ReportManager] Successfully created attachment [Screenshot - 1635022523153_f9_ValidateElementExists_failed] @23-10-2021 20:55:23.0210 P
[ReportManager] Successfully Closed All Drivers. @23-10-2021 20:55:23.0291 P

################################################################################################################################################
Starting Execution:	[113 out of 143] test cases in the current suite
Test Method:		[testPackage01.Test_NewValidationHelper.forceFail]
################################################################################################################################################
[ReportManager] Assertion [ValidateFail] FAILED. Successfully force failed the test. @23-10-2021 20:55:23.0298 P

################################################################################################################################################
Starting Execution:	[114 out of 143] test cases in the current suite
Test Method:		[testPackage01.Test_NewValidationHelper.forceFail2]
################################################################################################################################################
[ReportManager] Assertion Failed: Custom Message @23-10-2021 20:55:23.0306 PM
[ReportManager] Assertion [ValidateFail] FAILED. Successfully force failed the test. @23-10-2021 20:55:23.0306 P

################################################################################################################################################
Starting Execution:	[115 out of 143] test cases in the current suite
Test Method:		[testPackage01.Test_sendGraphqlRequest.sendGraphqlRequestUsingMutationAndVariables]
################################################################################################################################################
[ReportManager] GraphQl Request is being Performed with the Following Parameters [Service URL: https://api.spacex.land/graphql | Request Body: {"variables":"{\"name\": \"sherlock holmes\",\"rocket\": \"221B Baker Street\"}","query":"mutation ($name: String, $rocket: String) {\n  insert_users(objects: {name: $name, rocket: $rocket}) {\n    returning {\n      name\n      rocket\n    }\n  }\n}"}] @23-10-2021 20:55:23.0311 PM
[ReportManager] Response status code: [200], status line: [HTTP/1.1 200 OK] @23-10-2021 20:55:23.0814 PM
[ReportManager] Assertion Passed: Evaluating the actual response status code against the expected one... @23-10-2021 20:55:23.0814 PM
[ReportManager] Assertion [ValidateEquals] PASSED. Expected [200] and Actual [200]. Comparison Type [EQUALS]. Validation Type [POSITIVE]. @23-10-2021 20:55:23.0814 PM
[ReportManager] API Action [PerformRequest] successfully performed. With the following test data [Request Type: "POST" | Target Status Code: "200" | Service URL: "https://api.spacex.land/graphql" | Content Type: "application/json" | Response Time: "418ms"]. @23-10-2021 20:55:23.0826 PM
[ReportManager] Successfully created attachment [API Request - Specifications] @23-10-2021 20:55:23.0826 PM
[ReportManager] Successfully created attachment [API Request - JSON Body] @23-10-2021 20:55:23.0826 PM
[ReportManager] Successfully created attachment [API Response - JSON Body] @23-10-2021 20:55:23.0827 PM
[ReportManager] API Action [GetResponseJSONValue] successfully performed. With the following test data [data.insert_users.returning[0].name]. @23-10-2021 20:55:23.0888 PM
[ReportManager] Assertion [ValidateEquals] PASSED. Expected [sherlock holmes] and Actual [sherlock holmes]. Comparison Type [EQUALS]. Validation Type [POSITIVE]. @23-10-2021 20:55:23.0889 P

################################################################################################################################################
Starting Execution:	[116 out of 143] test cases in the current suite
Test Method:		[testPackage01.Test_sendGraphqlRequest.sendGraphqlRequestUsingQuery]
################################################################################################################################################
[ReportManager] GraphQl Request is being Performed with the Following Parameters [Service URL: https://api.spacex.land/graphql | Request Body: {"query":"{company {ceo}}"}] @23-10-2021 20:55:23.0895 PM
[ReportManager] Response status code: [200], status line: [HTTP/1.1 200 OK] @23-10-2021 20:55:24.0176 PM
[ReportManager] Assertion Passed: Evaluating the actual response status code against the expected one... @23-10-2021 20:55:24.0176 PM
[ReportManager] Assertion [ValidateEquals] PASSED. Expected [200] and Actual [200]. Comparison Type [EQUALS]. Validation Type [POSITIVE]. @23-10-2021 20:55:24.0177 PM
[ReportManager] API Action [PerformRequest] successfully performed. With the following test data [Request Type: "POST" | Target Status Code: "200" | Service URL: "https://api.spacex.land/graphql" | Content Type: "application/json" | Response Time: "275ms"]. @23-10-2021 20:55:24.0187 PM
[ReportManager] Successfully created attachment [API Request - Specifications] @23-10-2021 20:55:24.0188 PM
[ReportManager] Successfully created attachment [API Request - JSON Body] @23-10-2021 20:55:24.0188 PM
[ReportManager] Successfully created attachment [API Response - JSON Body] @23-10-2021 20:55:24.0188 PM
[ReportManager] API Action [GetResponseJSONValue] successfully performed. With the following test data [data.company.ceo]. @23-10-2021 20:55:24.0197 PM
[ReportManager] Assertion [ValidateEquals] PASSED. Expected [Elon Musk] and Actual [Elon Musk]. Comparison Type [EQUALS]. Validation Type [POSITIVE]. @23-10-2021 20:55:24.0197 P
[ReportManager] Successfully loaded the following test data file [src/test/resources/TestDataFiles/testSuite01/TestData.xlsx]. @23-10-2021 20:55:24.0246 PM
[ReportManager] Successfully created attachment [Test Data - Excel] @23-10-2021 20:55:24.0252 PM
[ReportManager] File Action [GetAbsolutePath] successfully performed. With the following test data [Relative Folder Path: "target/downloadedFiles/"]. @23-10-2021 20:55:24.0252 PM
[ReportManager] Attempting to run remotely on: [Linux-64], [GoogleChrome], [http://localhost:4444/wd/hub], Headless Execution. @23-10-2021 20:55:24.0252 PM
[ReportManager] Successfully Opened [GoogleChrome]. @23-10-2021 20:55:24.0439 P

################################################################################################################################################
Starting Execution:	[117 out of 143] test cases in the current suite
Test Method:		[testPackage01.Test_google.navigateToURLandVerifyGoogleLogoIsDisplayed]
Test Description:	[TC001 - Navigate to URL and Verify Google Logo is Displayed]
################################################################################################################################################
[ReportManager] Target URL: [https://www.google.com/ncr], and after redirection: [https://www.google.com] @23-10-2021 20:55:24.0452 PM
[ReportManager] Initial URL: [data:,] @23-10-2021 20:55:24.0498 PM
[ReportManager] Browser Action [NavigateToURL] successfully performed. With the following test data [https://www.google.com/ncr]. @23-10-2021 20:55:25.0355 PM
[ReportManager] Loaded Shared OpenCV @23-10-2021 20:55:25.0523 PM
[ReportManager] Assertion [ValidateElementExists] PASSED. Expected [Element Should Exist, locator 'By.xpath: //*[@id='hplogo' or @alt='Google']'] and Actual [Element Exists]. Comparison Type [EQUALS]. Validation Type [POSITIVE]. @23-10-2021 20:55:25.0585 PM
[ReportManager] Successfully created attachment [Screenshot - 1635022525523_navigateToURLandVerifyGoogleLogoIsDisplayed_ValidateElementExists_passed] @23-10-2021 20:55:25.0586 P

################################################################################################################################################
Starting Execution:	[118 out of 143] test cases in the current suite
Test Method:		[testPackage01.Test_google.searchForQueryandAssertResultsNumDisplayed]
Test Description:	[TC002 - Search for Query and Assert that the number of results is displayed]
################################################################################################################################################
[ReportManager] Element Action [Type] successfully performed. With the following test data [SHAFT_Engine]. @23-10-2021 20:55:25.0907 PM
[ReportManager] Element Action [KeyPress] successfully performed. With the following test data [Enter]. @23-10-2021 20:55:27.0420 PM
[ReportManager] Element Action [GetText] successfully performed. With the following test data [About 933,000 results (0.80 seconds) ]. @23-10-2021 20:55:27.0496 PM
[ReportManager] Loaded Shared OpenCV @23-10-2021 20:55:27.0627 PM
[ReportManager] Assertion [ValidateElementAttribute] PASSED. Expected [Value Should not be '' for the 'Text' attribute, element locator 'By.id: appbar'] and Actual [About 933,000 results (0.80 seconds) ]. Comparison Type [EQUALS]. Validation Type [NEGATIVE]. @23-10-2021 20:55:27.0705 PM
[ReportManager] Successfully created attachment [Screenshot - 1635022527627_searchForQueryandAssertResultsNumDisplayed_ValidateElementAttribute_passed] @23-10-2021 20:55:27.0707 P

################################################################################################################################################
Starting Execution:	[119 out of 143] test cases in the current suite
Test Method:		[testPackage01.Test_google.clickNextThrice]
Test Description:	[TC003 - Clicks the next button to make sure that the framework can scroll element into view before clicking it]
################################################################################################################################################
[ReportManager] Element Action [Click] successfully performed. With the following test data [Next]. @23-10-2021 20:55:29.0392 P
[ReportManager] Browser Action [CloseCurrentWindow] successfully performed. @23-10-2021 20:55:29.0587 PM
[ReportManager] Successfully created attachment [Browser Action Test Data - CloseCurrentWindow - Actual Value] @23-10-2021 20:55:29.0590 P
[ReportManager] File Action [GetAbsolutePath] successfully performed. With the following test data [Relative Folder Path: "target/downloadedFiles/"]. @23-10-2021 20:55:29.0592 PM
[ReportManager] Attempting to run remotely on: [Linux-64], [GoogleChrome], [http://localhost:4444/wd/hub], Headless Execution. @23-10-2021 20:55:29.0592 PM
[ReportManager] Successfully Opened [GoogleChrome]. @23-10-2021 20:55:29.0796 P

################################################################################################################################################
Starting Execution:	[120 out of 143] test cases in the current suite
Test Method:		[testPackage01.Test_ShadowDOM.shadowdom]
################################################################################################################################################
[ReportManager] Target URL: [https://mdn.github.io/web-components-examples/popup-info-box-web-component/] @23-10-2021 20:55:29.0809 PM
[ReportManager] Initial URL: [data:,] @23-10-2021 20:55:29.0860 PM
[ReportManager] Browser Action [NavigateToURL] successfully performed. With the following test data [https://mdn.github.io/web-components-examples/popup-info-box-web-component/]. @23-10-2021 20:55:30.0280 PM
[ReportManager] Element Action [Type] successfully performed. With the following test data [Typing into SHADOW DOM...]. @23-10-2021 20:55:30.0537 PM
[ReportManager] Element Action [GetText] successfully performed. With the following test data [Typing into SHADOW DOM...]. @23-10-2021 20:55:30.0616 PM
[ReportManager] Loaded Shared OpenCV @23-10-2021 20:55:30.0736 PM
[ReportManager] Assertion [ValidateElementAttribute] PASSED. Expected [Value Should be 'Typing into SHADOW DOM...' for the 'Text' attribute, element locator 'By.id: cvc'] and Actual [Typing into SHADOW DOM...]. Comparison Type [EQUALS]. Validation Type [POSITIVE]. @23-10-2021 20:55:30.0812 PM
[ReportManager] Successfully created attachment [Screenshot - 1635022530736_shadowdom_ValidateElementAttribute_passed] @23-10-2021 20:55:30.0813 P
[ReportManager] Browser Action [CloseCurrentWindow] successfully performed. @23-10-2021 20:55:30.0906 PM
[ReportManager] Successfully created attachment [Browser Action Test Data - CloseCurrentWindow - Actual Value] @23-10-2021 20:55:30.0906 P

################################################################################################################################################
Starting Execution:	[121 out of 143] test cases in the current suite
Test Method:		[testPackage01.Test_AssertApiResponseEquals.assertApiResponseEquals_expectedToPass]
################################################################################################################################################
[ReportManager] Response status code: [200], status line: [HTTP/1.1 200 OK] @23-10-2021 20:55:30.0993 PM
[ReportManager] Assertion Passed: Evaluating the actual response status code against the expected one... @23-10-2021 20:55:30.0993 PM
[ReportManager] Assertion [ValidateEquals] PASSED. Expected [200] and Actual [200]. Comparison Type [EQUALS]. Validation Type [POSITIVE]. @23-10-2021 20:55:30.0993 PM
[ReportManager] API Action [PerformRequest] successfully performed. With the following test data [Request Type: "GET" | Target Status Code: "200" | Service URL: "https://jsonplaceholder.typicode.com/users" | Content Type: "*/*" | Response Time: "79ms"]. @23-10-2021 20:55:31.0008 PM
[ReportManager] Successfully created attachment [API Request - Specifications] @23-10-2021 20:55:31.0009 PM
[ReportManager] Successfully created attachment [API Response - JSON Body] @23-10-2021 20:55:31.0009 PM
[ReportManager] API Action [GetResponseJSONValueAsList] successfully performed. With the following test data [$]. @23-10-2021 20:55:31.0014 PM
[ReportManager] API Action [GetResponseJSONValue] successfully performed. With the following test data [name]. @23-10-2021 20:55:31.0021 PM
[ReportManager] API Action [GetResponseJSONValue] successfully performed. With the following test data [email]. @23-10-2021 20:55:31.0028 PM
[ReportManager] Verification [ValidateEquals] PASSED. Expected [Sincere@april.biz] and Actual [Sincere@april.biz]. Comparison Type [EQUALS]. Validation Type [POSITIVE]. @23-10-2021 20:55:31.0028 PM
[ReportManager] API Action [GetResponseJSONValue] successfully performed. With the following test data [username]. @23-10-2021 20:55:31.0035 PM
[ReportManager] Assertion [ValidateEquals] PASSED. Expected [Bret] and Actual [Bret]. Comparison Type [EQUALS]. Validation Type [POSITIVE]. @23-10-2021 20:55:31.0036 PM
[ReportManager] API Action [GetResponseJSONValue] successfully performed. With the following test data [name]. @23-10-2021 20:55:31.0045 PM
[ReportManager] API Action [GetResponseJSONValue] successfully performed. With the following test data [name]. @23-10-2021 20:55:31.0055 PM
[ReportManager] API Action [GetResponseJSONValue] successfully performed. With the following test data [name]. @23-10-2021 20:55:31.0064 PM
[ReportManager] API Action [GetResponseJSONValue] successfully performed. With the following test data [name]. @23-10-2021 20:55:31.0071 PM
[ReportManager] API Action [GetResponseJSONValue] successfully performed. With the following test data [name]. @23-10-2021 20:55:31.0080 PM
[ReportManager] API Action [GetResponseJSONValue] successfully performed. With the following test data [name]. @23-10-2021 20:55:31.0099 PM
[ReportManager] API Action [GetResponseJSONValue] successfully performed. With the following test data [name]. @23-10-2021 20:55:31.0107 PM
[ReportManager] API Action [GetResponseJSONValue] successfully performed. With the following test data [name]. @23-10-2021 20:55:31.0114 PM
[ReportManager] API Action [GetResponseJSONValue] successfully performed. With the following test data [name]. @23-10-2021 20:55:31.0120 P
[ReportManager] File Action [GetAbsolutePath] successfully performed. With the following test data [Relative Folder Path: "target/downloadedFiles/"]. @23-10-2021 20:55:31.0123 PM
[ReportManager] Attempting to run remotely on: [Linux-64], [GoogleChrome], [http://localhost:4444/wd/hub], Headless Execution. @23-10-2021 20:55:31.0123 PM
[ReportManager] Successfully Opened [GoogleChrome]. @23-10-2021 20:55:31.0344 P

################################################################################################################################################
Starting Execution:	[122 out of 143] test cases in the current suite
Test Method:		[testPackage01.Test_IsElementClickable.testIsElementClickable]
################################################################################################################################################
[ReportManager] Target URL: [https://the-internet.herokuapp.com/] @23-10-2021 20:55:31.0360 PM
[ReportManager] Initial URL: [data:,] @23-10-2021 20:55:31.0397 PM
[ReportManager] Browser Action [NavigateToURL] successfully performed. With the following test data [https://the-internet.herokuapp.com/]. @23-10-2021 20:55:32.0482 PM
[ReportManager] Element Action [IsElementClickable] successfully performed. @23-10-2021 20:55:32.0606 PM
[ReportManager] Assertion [ValidateTrue] PASSED. Expected [TRUE] and Actual [TRUE]. Validation Type [POSITIVE]. @23-10-2021 20:55:32.0606 P
[ReportManager] Browser Action [CloseCurrentWindow] successfully performed. @23-10-2021 20:55:32.0696 PM
[ReportManager] Successfully created attachment [Browser Action Test Data - CloseCurrentWindow - Actual Value] @23-10-2021 20:55:32.0697 P

################################################################################################################################################
Starting Execution:	[123 out of 143] test cases in the current suite
Test Method:		[testPackage01.Test_JsonCompareWithSpecialCharacters.specialCharacters]
################################################################################################################################################
[ReportManager] File Action [GetAbsolutePath] successfully performed. With the following test data [Relative Folder Path: "src/test/resources/TestJsonFiles/specialCharacters.json"]. @23-10-2021 20:55:32.0705 PM
[ReportManager] File Action [ReadFromFile] successfully performed. With the following test data [File Path: "/home/runner/work/SHAFT_ENGINE/SHAFT_ENGINE/src/test/resources/TestJsonFiles/specialCharacters.json"]. @23-10-2021 20:55:32.0710 PM
[ReportManager] Successfully created attachment [File Action Actual Result - Command Log] @23-10-2021 20:55:32.0710 PM
[ReportManager] Comparing the provided API response with the file at this path "src/test/resources/TestJsonFiles/specialCharacters.json", comparison type "EQUALS" @23-10-2021 20:55:32.0711 PM
[ReportManager] API Action [CompareJSON] successfully performed. With the following test data [src/test/resources/TestJsonFiles/specialCharacters.json]. @23-10-2021 20:55:32.0725 PM
[ReportManager] File Action [GetAbsolutePath] successfully performed. With the following test data [Relative Folder Path: "src/test/resources/TestJsonFiles/specialCharacters.json"]. @23-10-2021 20:55:32.0725 PM
[ReportManager] File Action [ReadFromFile] successfully performed. With the following test data [File Path: "/home/runner/work/SHAFT_ENGINE/SHAFT_ENGINE/src/test/resources/TestJsonFiles/specialCharacters.json"]. @23-10-2021 20:55:32.0725 PM
[ReportManager] Verification [ValidateJSONFileContent] PASSED. Expected [Response data should match the JSON File in this path 'src/test/resources/TestJsonFiles/specialCharacters.json'] and Actual [TRUE]. Comparison Type [EQUALS]. Validation Type [POSITIVE]. @23-10-2021 20:55:32.0729 PM
[ReportManager] Successfully created attachment [Validation Test Data - Expected JSON Value] @23-10-2021 20:55:32.0738 PM
[ReportManager] Successfully created attachment [Validation Test Data - Actual JSON Value] @23-10-2021 20:55:32.0738 P

################################################################################################################################################
Starting Execution:	[124 out of 143] test cases in the current suite
Test Method:		[testPackage01.Test_JsonCompareWithSpecialCharacters.specialCharacters_assertion]
################################################################################################################################################
[ReportManager] File Action [GetAbsolutePath] successfully performed. With the following test data [Relative Folder Path: "src/test/resources/TestJsonFiles/specialCharacters.json"]. @23-10-2021 20:55:32.0746 PM
[ReportManager] File Action [ReadFromFile] successfully performed. With the following test data [File Path: "/home/runner/work/SHAFT_ENGINE/SHAFT_ENGINE/src/test/resources/TestJsonFiles/specialCharacters.json"]. @23-10-2021 20:55:32.0747 PM
[ReportManager] Successfully created attachment [File Action Actual Result - Command Log] @23-10-2021 20:55:32.0747 PM
[ReportManager] Comparing the provided API response with the file at this path "src/test/resources/TestJsonFiles/specialCharacters.json", comparison type "CONTAINS" @23-10-2021 20:55:32.0747 PM
[ReportManager] API Action [CompareJSON] successfully performed. With the following test data [src/test/resources/TestJsonFiles/specialCharacters.json]. @23-10-2021 20:55:32.0780 PM
[ReportManager] File Action [GetAbsolutePath] successfully performed. With the following test data [Relative Folder Path: "src/test/resources/TestJsonFiles/specialCharacters.json"]. @23-10-2021 20:55:32.0781 PM
[ReportManager] File Action [ReadFromFile] successfully performed. With the following test data [File Path: "/home/runner/work/SHAFT_ENGINE/SHAFT_ENGINE/src/test/resources/TestJsonFiles/specialCharacters.json"]. @23-10-2021 20:55:32.0781 PM
[ReportManager] Assertion Passed: trying out the log message @23-10-2021 20:55:32.0786 PM
[ReportManager] Successfully created attachment [Validation Test Data - Expected JSON Value] @23-10-2021 20:55:32.0786 PM
[ReportManager] Successfully created attachment [Validation Test Data - Actual JSON Value] @23-10-2021 20:55:32.0787 PM
[ReportManager] Assertion [ValidateJSONFileContent] PASSED. Expected [Response data should match the JSON File in this path 'src/test/resources/TestJsonFiles/specialCharacters.json'] and Actual [TRUE]. Comparison Type [CONTAINS]. Validation Type [POSITIVE]. @23-10-2021 20:55:32.0787 P
[ReportManager] File Action [GetAbsolutePath] successfully performed. With the following test data [Relative Folder Path: "target/downloadedFiles/"]. @23-10-2021 20:55:32.0789 PM
[ReportManager] Attempting to run remotely on: [Linux-64], [GoogleChrome], [http://localhost:4444/wd/hub], Headless Execution. @23-10-2021 20:55:32.0789 PM
[ReportManager] Successfully Opened [GoogleChrome]. @23-10-2021 20:55:32.0976 P

################################################################################################################################################
Starting Execution:	[125 out of 143] test cases in the current suite
Test Method:		[testPackage01.Test_assertEquals.test_assertElementAttribute]
################################################################################################################################################
[ReportManager] Target URL: [https://www.google.com/ncr], and after redirection: [https://www.google.com] @23-10-2021 20:55:32.0990 PM
[ReportManager] Initial URL: [data:,] @23-10-2021 20:55:33.0032 PM
[ReportManager] Browser Action [NavigateToURL] successfully performed. With the following test data [https://www.google.com/ncr]. @23-10-2021 20:55:33.0818 PM
[ReportManager] Element Action [Type] successfully performed. With the following test data [INC_004010050:Another SCHEDULER with the same name [Duplicate Job Name] already exists.]. @23-10-2021 20:55:34.0475 PM
[ReportManager] Element Action [GetText] successfully performed. With the following test data [INC_004010050:Another SCHEDULER with the same name [Duplicate Job Name] already exists.]. @23-10-2021 20:55:34.0554 PM
[ReportManager] Loaded Shared OpenCV @23-10-2021 20:55:34.0689 PM
[ReportManager] Assertion [ValidateElementAttribute] PASSED. Expected [Value Should be 'INC_004010050:Another SCHEDULER with the same name \[Duplicate Job Name\] already exists.' for the 'text' attribute, element locator 'By.name: q'] and Actual [INC_004010050:Another SCHEDULER with the same name [Duplicate Job Name] already exists.]. Comparison Type [MATCHES]. Validation Type [POSITIVE]. @23-10-2021 20:55:34.0768 PM
[ReportManager] Successfully created attachment [Screenshot - 1635022534689_test_assertElementAttribute_ValidateElementAttribute_passed] @23-10-2021 20:55:34.0769 P
[ReportManager] Browser Action [CloseCurrentWindow] successfully performed. @23-10-2021 20:55:34.0906 PM
[ReportManager] Successfully created attachment [Browser Action Test Data - CloseCurrentWindow - Actual Value] @23-10-2021 20:55:34.0907 P
[ReportManager] File Action [GetAbsolutePath] successfully performed. With the following test data [Relative Folder Path: "target/downloadedFiles/"]. @23-10-2021 20:55:34.0909 PM
[ReportManager] Attempting to run remotely on: [Linux-64], [GoogleChrome], [http://localhost:4444/wd/hub], Headless Execution. @23-10-2021 20:55:34.0909 PM
[ReportManager] Successfully Opened [GoogleChrome]. @23-10-2021 20:55:35.0105 P

################################################################################################################################################
Starting Execution:	[126 out of 143] test cases in the current suite
Test Method:		[testPackage01.Test_verifyEquals.test_assertElementAttribute]
################################################################################################################################################
[ReportManager] Target URL: [https://www.google.com/ncr], and after redirection: [https://www.google.com] @23-10-2021 20:55:35.0121 PM
[ReportManager] Initial URL: [data:,] @23-10-2021 20:55:35.0156 PM
[ReportManager] Browser Action [NavigateToURL] successfully performed. With the following test data [https://www.google.com/ncr]. @23-10-2021 20:55:36.0001 PM
[ReportManager] Element Action [Type] successfully performed. With the following test data [INC_004010050:Another SCHEDULER with the same name [Duplicate Job Name] already exists.]. @23-10-2021 20:55:36.0719 PM
[ReportManager] Element Action [GetText] successfully performed. With the following test data [INC_004010050:Another SCHEDULER with the same name [Duplicate Job Name] already exists.]. @23-10-2021 20:55:36.0828 PM
[ReportManager] Loaded Shared OpenCV @23-10-2021 20:55:36.0964 PM
[ReportManager] Verification [ValidateElementAttribute] PASSED. Expected [Value Should be 'INC_004010050:Another SCHEDULER with the same name \[Duplicate Job Name\] already exists.' for the 'text' attribute, element locator 'By.name: q'] and Actual [INC_004010050:Another SCHEDULER with the same name [Duplicate Job Name] already exists.]. Comparison Type [MATCHES]. Validation Type [POSITIVE]. @23-10-2021 20:55:37.0036 PM
[ReportManager] Successfully created attachment [Screenshot - 1635022536964_test_assertElementAttribute_ValidateElementAttribute_passed] @23-10-2021 20:55:37.0037 P
[ReportManager] Browser Action [CloseCurrentWindow] successfully performed. @23-10-2021 20:55:37.0176 PM
[ReportManager] Successfully created attachment [Browser Action Test Data - CloseCurrentWindow - Actual Value] @23-10-2021 20:55:37.0177 P

################################################################################################################################################
Starting Execution:	[127 out of 143] test cases in the current suite
Test Method:		[testPackage01.Test_JsonActions.f]
###############################################################################################################################################

################################################################################################################################################
Starting Execution:	[128 out of 143] test cases in the current suite
Test Method:		[testPackage01.Test_JsonActions.f2]
###############################################################################################################################################

################################################################################################################################################
Starting Execution:	[129 out of 143] test cases in the current suite
Test Method:		[testPackage01.Test_PDF.testPDF_Downloaded]
################################################################################################################################################
[ReportManager] File Action [DoesFileExist] successfully performed. With the following test data [File Path: "src/test/resources/TestDataFiles/sample.pdf"]. @23-10-2021 20:55:37.0213 PM
[ReportManager] File Action [GetAbsolutePath] successfully performed. With the following test data [Relative File Path: "src/test/resources/TestDataFiles/sample.pdf"]. @23-10-2021 20:55:37.0213 PM
[ReportManager] Assertion [ValidateTrue] PASSED. Expected [TRUE] and Actual [TRUE]. Validation Type [POSITIVE]. @23-10-2021 20:55:38.0884 P
[ReportManager] File Action [GetAbsolutePath] successfully performed. With the following test data [Relative Folder Path: "target/downloadedFiles/"]. @23-10-2021 20:55:38.0893 PM
[ReportManager] Attempting to run remotely on: [Linux-64], [GoogleChrome], [http://localhost:4444/wd/hub], Headless Execution. @23-10-2021 20:55:38.0894 PM
[ReportManager] Successfully Opened [GoogleChrome]. @23-10-2021 20:55:39.0150 P

################################################################################################################################################
Starting Execution:	[130 out of 143] test cases in the current suite
Test Method:		[testPackage01.Test_dragAndDrop.dragAndDropJquery]
################################################################################################################################################
[ReportManager] Target URL: [https://jqueryui.com/resources/demos/droppable/default.html] @23-10-2021 20:55:39.0167 PM
[ReportManager] Initial URL: [data:,] @23-10-2021 20:55:39.0207 PM
[ReportManager] Browser Action [NavigateToURL] successfully performed. With the following test data [https://jqueryui.com/resources/demos/droppable/default.html]. @23-10-2021 20:55:39.0743 PM
[ReportManager] Element Action [GetText] successfully performed. With the following test data [Drop here]. @23-10-2021 20:55:39.0838 PM
[ReportManager] Element Action [DragAndDrop] successfully performed. With the following test data [Start point: (8, 18), End point: (8, 18)]. @23-10-2021 20:55:41.0198 PM
[ReportManager] Element Action [GetText] successfully performed. With the following test data [Dropped!]. @23-10-2021 20:55:41.0260 PM
[ReportManager] Assertion Passed: Checking to see if the text has changed after performing drag and drop @23-10-2021 20:55:41.0260 PM
[ReportManager] Assertion [ValidateEquals] PASSED. Expected [Drop here] and Actual [Dropped!]. Comparison Type [EQUALS]. Validation Type [NEGATIVE]. @23-10-2021 20:55:41.0260 P
[ReportManager] Browser Action [CloseCurrentWindow] successfully performed. @23-10-2021 20:55:41.0372 PM
[ReportManager] Successfully created attachment [Browser Action Test Data - CloseCurrentWindow - Actual Value] @23-10-2021 20:55:41.0372 P
[ReportManager] File Action [GetAbsolutePath] successfully performed. With the following test data [Relative Folder Path: "target/downloadedFiles/"]. @23-10-2021 20:55:41.0374 PM
[ReportManager] Attempting to run remotely on: [Linux-64], [GoogleChrome], [http://localhost:4444/wd/hub], Headless Execution. @23-10-2021 20:55:41.0374 PM
[ReportManager] Successfully Opened [GoogleChrome]. @23-10-2021 20:55:41.0588 P

################################################################################################################################################
Starting Execution:	[131 out of 143] test cases in the current suite
Test Method:		[testPackage01.Test_dragAndDrop.dragAndDrop]
Test Description:	[TC001 - Test Drag and Drop function.]
################################################################################################################################################
[ReportManager] Target URL: [http://the-internet.herokuapp.com/drag_and_drop] @23-10-2021 20:55:41.0615 PM
[ReportManager] Initial URL: [data:,] @23-10-2021 20:55:41.0656 PM
[ReportManager] Browser Action [NavigateToURL] successfully performed. With the following test data [http://the-internet.herokuapp.com/drag_and_drop]. @23-10-2021 20:55:42.0500 PM
[ReportManager] Attempting Drag and Drop @23-10-2021 20:55:42.0500 PM
[ReportManager] Element Action [DragAndDrop] successfully performed. With the following test data [Start point: (32, 90), End point: (247, 90)]. @23-10-2021 20:55:43.0693 P
[ReportManager] Browser Action [CloseCurrentWindow] successfully performed. @23-10-2021 20:55:43.0821 PM
[ReportManager] Successfully created attachment [Browser Action Test Data - CloseCurrentWindow - Actual Value] @23-10-2021 20:55:43.0821 P
[ReportManager] File Action [GetAbsolutePath] successfully performed. With the following test data [Relative Folder Path: "target/downloadedFiles/"]. @23-10-2021 20:55:43.0823 PM
[ReportManager] Attempting to run remotely on: [Linux-64], [GoogleChrome], [http://localhost:4444/wd/hub], Headless Execution. @23-10-2021 20:55:43.0823 PM
[ReportManager] Successfully Opened [GoogleChrome]. @23-10-2021 20:55:44.0017 P

################################################################################################################################################
Starting Execution:	[132 out of 143] test cases in the current suite
Test Method:		[testPackage01.Test_dragAndDrop.dragAndDropByOffset]
Test Description:	[TC002 - Test Drag and Drop by offset function.]
################################################################################################################################################
[ReportManager] Target URL: [https://jqueryui.com/resources/demos/draggable/default.html] @23-10-2021 20:55:44.0030 PM
[ReportManager] Initial URL: [data:,] @23-10-2021 20:55:44.0068 PM
[ReportManager] Browser Action [NavigateToURL] successfully performed. With the following test data [https://jqueryui.com/resources/demos/draggable/default.html]. @23-10-2021 20:55:44.0506 PM
[ReportManager] Element Action [DragAndDropByOffset] successfully performed. With the following test data [Start point: (8, 8), End point: (108, 58)]. @23-10-2021 20:55:44.0653 P
[ReportManager] Browser Action [CloseCurrentWindow] successfully performed. @23-10-2021 20:55:44.0751 PM
[ReportManager] Successfully created attachment [Browser Action Test Data - CloseCurrentWindow - Actual Value] @23-10-2021 20:55:44.0751 P
[ReportManager] File Action [GetAbsolutePath] successfully performed. With the following test data [Relative Folder Path: "target/downloadedFiles/"]. @23-10-2021 20:55:44.0753 PM
[ReportManager] Attempting to run remotely on: [Linux-64], [GoogleChrome], [http://localhost:4444/wd/hub], Headless Execution. @23-10-2021 20:55:44.0753 PM
[ReportManager] Successfully Opened [GoogleChrome]. @23-10-2021 20:55:44.0949 P

################################################################################################################################################
Starting Execution:	[133 out of 143] test cases in the current suite
Test Method:		[testPackage01.Test_clipboardActions.typeTextAndCopyPaste]
################################################################################################################################################
[ReportManager] Target URL: [https://www.google.com/ncr], and after redirection: [https://www.google.com] @23-10-2021 20:55:44.0960 PM
[ReportManager] Initial URL: [data:,] @23-10-2021 20:55:45.0001 PM
[ReportManager] Browser Action [NavigateToURL] successfully performed. With the following test data [https://www.google.com/ncr]. @23-10-2021 20:55:45.0780 PM
[ReportManager] Element Action [Type] successfully performed. With the following test data [FIRST]. @23-10-2021 20:55:46.0089 PM
[ReportManager] Element Action [ClipboardActions] successfully performed. With the following test data [select all]. @23-10-2021 20:55:46.0150 PM
[ReportManager] Element Action [ClipboardActions] successfully performed. With the following test data [copy]. @23-10-2021 20:55:46.0194 PM
[ReportManager] Element Action [ClipboardActions] successfully performed. With the following test data [unselect]. @23-10-2021 20:55:46.0248 PM
[ReportManager] Element Action [ClipboardActions] successfully performed. With the following test data [paste]. @23-10-2021 20:55:46.0296 PM
[ReportManager] Element Action [ClipboardActions] successfully performed. With the following test data [select all]. @23-10-2021 20:55:46.0343 PM
[ReportManager] Element Action [Type] successfully performed. @23-10-2021 20:55:46.0526 PM
[ReportManager] Element Action [ClipboardActions] successfully performed. With the following test data [cut]. @23-10-2021 20:55:46.0526 PM
[ReportManager] Element Action [ClipboardActions] successfully performed. With the following test data [paste]. @23-10-2021 20:55:46.0589 PM
[ReportManager] Element Action [ClipboardActions] successfully performed. With the following test data [paste]. @23-10-2021 20:55:46.0640 P
[ReportManager] Browser Action [CloseCurrentWindow] successfully performed. @23-10-2021 20:55:46.0761 PM
[ReportManager] Successfully created attachment [Browser Action Test Data - CloseCurrentWindow - Actual Value] @23-10-2021 20:55:46.0762 P
[ReportManager] File Action [GetAbsolutePath] successfully performed. With the following test data [Relative Folder Path: "target/downloadedFiles/"]. @23-10-2021 20:55:46.0765 PM
[ReportManager] Attempting to run remotely on: [Linux-64], [GoogleChrome], [http://localhost:4444/wd/hub], Headless Execution. @23-10-2021 20:55:46.0766 PM
[ReportManager] Successfully Opened [GoogleChrome]. @23-10-2021 20:55:46.0985 P

################################################################################################################################################
Starting Execution:	[134 out of 143] test cases in the current suite
Test Method:		[testPackage01.Test_dynamicLoading.dynamicLoading_elementIsHidden]
################################################################################################################################################
[ReportManager] Target URL: [https://the-internet.herokuapp.com/dynamic_loading/1] @23-10-2021 20:55:47.0001 PM
[ReportManager] Initial URL: [data:,] @23-10-2021 20:55:47.0054 PM
[ReportManager] Browser Action [NavigateToURL] successfully performed. With the following test data [https://the-internet.herokuapp.com/dynamic_loading/1]. @23-10-2021 20:55:48.0141 PM
[ReportManager] Element Action [Click] successfully performed. With the following test data [Start]. @23-10-2021 20:55:48.0439 PM
[ReportManager] Element Action [GetText] successfully performed. With the following test data [
    Hello World!
  ]. @23-10-2021 20:55:48.0538 PM
[ReportManager] Loaded Shared OpenCV @23-10-2021 20:55:48.0689 PM
[ReportManager] Assertion [ValidateElementAttribute] PASSED. Expected [Value Should be 'Hello World!' for the 'text' attribute, element locator 'By.id: finish'] and Actual [
    Hello World!
  ]. Comparison Type [CONTAINS]. Validation Type [POSITIVE]. @23-10-2021 20:55:48.0772 PM
[ReportManager] Successfully created attachment [Screenshot - 1635022548689_dynamicLoading_elementIsHidden_ValidateElementAttribute_passed] @23-10-2021 20:55:48.0772 P
[ReportManager] Browser Action [CloseCurrentWindow] successfully performed. @23-10-2021 20:55:48.0871 PM
[ReportManager] Successfully created attachment [Browser Action Test Data - CloseCurrentWindow - Actual Value] @23-10-2021 20:55:48.0871 P
[ReportManager] File Action [GetAbsolutePath] successfully performed. With the following test data [Relative Folder Path: "target/downloadedFiles/"]. @23-10-2021 20:55:48.0872 PM
[ReportManager] Attempting to run remotely on: [Linux-64], [GoogleChrome], [http://localhost:4444/wd/hub], Headless Execution. @23-10-2021 20:55:48.0872 PM
[ReportManager] Successfully Opened [GoogleChrome]. @23-10-2021 20:55:49.0055 P

################################################################################################################################################
Starting Execution:	[135 out of 143] test cases in the current suite
Test Method:		[testPackage01.Test_dynamicLoading.dynamicLoading_elementIsRendered]
################################################################################################################################################
[ReportManager] Target URL: [https://the-internet.herokuapp.com/dynamic_loading/2] @23-10-2021 20:55:49.0066 PM
[ReportManager] Initial URL: [data:,] @23-10-2021 20:55:49.0106 PM
[ReportManager] Browser Action [NavigateToURL] successfully performed. With the following test data [https://the-internet.herokuapp.com/dynamic_loading/2]. @23-10-2021 20:55:50.0149 PM
[ReportManager] Element Action [Click] successfully performed. With the following test data [Start]. @23-10-2021 20:55:50.0442 PM
[ReportManager] Element Action [GetText] successfully performed. With the following test data [Hello World!]. @23-10-2021 20:55:55.0594 PM
[ReportManager] Loaded Shared OpenCV @23-10-2021 20:55:55.0726 PM
[ReportManager] Assertion [ValidateElementAttribute] PASSED. Expected [Value Should be 'Hello World!' for the 'text' attribute, element locator 'By.id: finish'] and Actual [Hello World!]. Comparison Type [CONTAINS]. Validation Type [POSITIVE]. @23-10-2021 20:55:55.0792 PM
[ReportManager] Successfully created attachment [Screenshot - 1635022555726_dynamicLoading_elementIsRendered_ValidateElementAttribute_passed] @23-10-2021 20:55:55.0792 P
[ReportManager] Browser Action [CloseCurrentWindow] successfully performed. @23-10-2021 20:55:55.0884 PM
[ReportManager] Successfully created attachment [Browser Action Test Data - CloseCurrentWindow - Actual Value] @23-10-2021 20:55:55.0885 P
[ReportManager] File Action [GetAbsolutePath] successfully performed. With the following test data [Relative Folder Path: "target/downloadedFiles/"]. @23-10-2021 20:55:55.0886 PM
[ReportManager] Attempting to run remotely on: [Linux-64], [GoogleChrome], [http://localhost:4444/wd/hub], Headless Execution. @23-10-2021 20:55:55.0886 PM
[ReportManager] Successfully Opened [GoogleChrome]. @23-10-2021 20:55:56.0074 P

################################################################################################################################################
Starting Execution:	[136 out of 143] test cases in the current suite
Test Method:		[testPackage01.Test_uploadFile.uploadFile_invisibleUploadInput]
################################################################################################################################################
[ReportManager] Target URL: [https://fineuploader.com/demos.html#gallery-view] @23-10-2021 20:55:56.0087 PM
[ReportManager] Initial URL: [data:,] @23-10-2021 20:55:56.0132 PM
[ReportManager] Browser Action [NavigateToURL] successfully performed. With the following test data [https://fineuploader.com/demos.html#gallery-view]. @23-10-2021 20:55:57.0934 PM
[ReportManager] File Action [GetAbsolutePath] successfully performed. With the following test data [Relative File Path: "src/main/resources/images/shaft.png"]. @23-10-2021 20:55:57.0934 PM
[ReportManager] Successfully created attachment [File Action Actual Result - Command Log] @23-10-2021 20:55:57.0935 PM
[ReportManager] Element Action [TypeFileLocationForUpload] successfully performed. With the following test data [/home/runner/work/SHAFT_ENGINE/SHAFT_ENGINE/src/main/resources/images/shaft.png]. @23-10-2021 20:55:58.0130 PM
[ReportManager] Attempting to getAttribute [src] from elementLocator [By.xpath: //div[@id='fine-uploader-gallery']//div[@class='qq-thumbnail-wrapper']/img]. @23-10-2021 20:55:58.0130 PM
[ReportManager] Element Action [GetAttribute] successfully performed. @23-10-2021 20:55:58.0228 PM
[ReportManager] Successfully created attachment [Element Action Test Data - GetAttribute - Actual Value] @23-10-2021 20:55:58.0229 PM
[ReportManager] Loaded Shared OpenCV @23-10-2021 20:55:58.0362 PM
[ReportManager] Assertion [ValidateElementAttribute] PASSED. Expected and Actual values are attached. Comparison Type [CONTAINS]. Validation Type [POSITIVE]. @23-10-2021 20:55:58.0444 PM
[ReportManager] Successfully created attachment [Validation Test Data - Expected Value] @23-10-2021 20:55:58.0445 PM
[ReportManager] Successfully created attachment [Validation Test Data - Actual Value] @23-10-2021 20:55:58.0445 PM
[ReportManager] Successfully created attachment [Screenshot - 1635022558362_uploadFile_invisibleUploadInput_ValidateElementAttribute_passed] @23-10-2021 20:55:58.0446 P
[ReportManager] Browser Action [CloseCurrentWindow] successfully performed. @23-10-2021 20:55:58.0582 PM
[ReportManager] Successfully created attachment [Browser Action Test Data - CloseCurrentWindow - Actual Value] @23-10-2021 20:55:58.0582 P
[ReportManager] File Action [GetAbsolutePath] successfully performed. With the following test data [Relative Folder Path: "target/downloadedFiles/"]. @23-10-2021 20:55:58.0590 PM
[ReportManager] Attempting to run remotely on: [Linux-64], [GoogleChrome], [http://localhost:4444/wd/hub], Headless Execution. @23-10-2021 20:55:58.0590 PM
[ReportManager] Successfully Opened [GoogleChrome]. @23-10-2021 20:55:58.0840 P

################################################################################################################################################
Starting Execution:	[137 out of 143] test cases in the current suite
Test Method:		[testPackage01.Test_uploadFile.uploadFile_visibleUploadInput]
################################################################################################################################################
[ReportManager] Target URL: [http://demo.guru99.com/test/upload/] @23-10-2021 20:55:58.0860 PM
[ReportManager] Initial URL: [data:,] @23-10-2021 20:55:58.0896 PM
[ReportManager] Browser Action [NavigateToURL] successfully performed. With the following test data [http://demo.guru99.com/test/upload/]. @23-10-2021 20:56:01.0803 PM
[ReportManager] File Action [GetAbsolutePath] successfully performed. With the following test data [Relative File Path: "src/main/resources/images/shaft.png"]. @23-10-2021 20:56:01.0804 PM
[ReportManager] Successfully created attachment [File Action Actual Result - Command Log] @23-10-2021 20:56:01.0804 PM
[ReportManager] Element Action [TypeFileLocationForUpload] successfully performed. With the following test data [/home/runner/work/SHAFT_ENGINE/SHAFT_ENGINE/src/main/resources/images/shaft.png]. @23-10-2021 20:56:01.0963 PM
[ReportManager] Element Action [Click] successfully performed. With the following test data [on]. @23-10-2021 20:56:02.0272 PM
[ReportManager] Element Action [Click] successfully performed. With the following test data [Submit File]. @23-10-2021 20:56:02.0557 PM
[ReportManager] Element Action [GetText] successfully performed. With the following test data [1 file
has been successfully uploaded.]. @23-10-2021 20:56:03.0179 PM
[ReportManager] Loaded Shared OpenCV @23-10-2021 20:56:03.0307 PM
[ReportManager] Assertion [ValidateElementAttribute] PASSED. Expected [Value Should be '1 file' for the 'Text' attribute, element locator 'By.id: res'] and Actual [1 file
has been successfully uploaded.]. Comparison Type [CONTAINS]. Validation Type [POSITIVE]. @23-10-2021 20:56:03.0378 PM
[ReportManager] Successfully created attachment [Screenshot - 1635022563307_uploadFile_visibleUploadInput_ValidateElementAttribute_passed] @23-10-2021 20:56:03.0379 P
[ReportManager] Browser Action [CloseCurrentWindow] successfully performed. @23-10-2021 20:56:03.0485 PM
[ReportManager] Successfully created attachment [Browser Action Test Data - CloseCurrentWindow - Actual Value] @23-10-2021 20:56:03.0485 P

################################################################################################################################################
Starting Execution:	[138 out of 143] test cases in the current suite
Test Method:		[testPackage01.Test_SelectedValue.multipleSelect]
################################################################################################################################################
[ReportManager] File Action [GetAbsolutePath] successfully performed. With the following test data [Relative Folder Path: "target/downloadedFiles/"]. @23-10-2021 20:56:03.0488 PM
[ReportManager] Attempting to run remotely on: [Linux-64], [GoogleChrome], [http://localhost:4444/wd/hub], Headless Execution. @23-10-2021 20:56:03.0488 PM
[ReportManager] Successfully Opened [GoogleChrome]. @23-10-2021 20:56:03.0685 PM
[ReportManager] Target URL: [https://yari-demos.prod.mdn.mozit.cloud/en-US/docs/Web/HTML/Element/select/_sample_.Advanced_select_with_multiple_features.html] @23-10-2021 20:56:03.0695 PM
[ReportManager] Initial URL: [data:,] @23-10-2021 20:56:03.0735 PM
[ReportManager] Browser Action [NavigateToURL] successfully performed. With the following test data [https://yari-demos.prod.mdn.mozit.cloud/en-US/docs/Web/HTML/Element/select/_sample_.Advanced_select_with_multiple_features.html]. @23-10-2021 20:56:04.0059 PM
[ReportManager] Element Action [Select] successfully performed. With the following test data [Dog]. @23-10-2021 20:56:04.0276 PM
[ReportManager] Element Action [Select] successfully performed. With the following test data [Cat]. @23-10-2021 20:56:04.0482 PM
[ReportManager] Element Action [GetSelectedText] successfully performed. With the following test data [DogCat]. @23-10-2021 20:56:04.0633 PM
[ReportManager] DogCat @23-10-2021 20:56:04.0633 PM
[ReportManager] Element Action [GetSelectedText] successfully performed. With the following test data [DogCat]. @23-10-2021 20:56:04.0747 PM
[ReportManager] Loaded Shared OpenCV @23-10-2021 20:56:04.0866 PM
[ReportManager] Assertion [ValidateElementAttribute] PASSED. Expected [Value Should be 'DogCat' for the 'selectedText' attribute, element locator 'By.tagName: select'] and Actual [DogCat]. Comparison Type [EQUALS]. Validation Type [POSITIVE]. @23-10-2021 20:56:04.0933 PM
[ReportManager] Successfully created attachment [Screenshot - 1635022564866_multipleSelect_ValidateElementAttribute_passed] @23-10-2021 20:56:04.0934 PM
[ReportManager] Browser Action [CloseCurrentWindow] successfully performed. @23-10-2021 20:56:05.0021 PM
[ReportManager] Successfully created attachment [Browser Action Test Data - CloseCurrentWindow - Actual Value] @23-10-2021 20:56:05.0021 P

################################################################################################################################################
Starting Execution:	[139 out of 143] test cases in the current suite
Test Method:		[testPackage01.Test_SelectedValue.simpleSelect]
################################################################################################################################################
[ReportManager] File Action [GetAbsolutePath] successfully performed. With the following test data [Relative Folder Path: "target/downloadedFiles/"]. @23-10-2021 20:56:05.0028 PM
[ReportManager] Attempting to run remotely on: [Linux-64], [GoogleChrome], [http://localhost:4444/wd/hub], Headless Execution. @23-10-2021 20:56:05.0028 PM
[ReportManager] Successfully Opened [GoogleChrome]. @23-10-2021 20:56:05.0225 PM
[ReportManager] Target URL: [https://yari-demos.prod.mdn.mozit.cloud/en-US/docs/Web/HTML/Element/select/_sample_.Basic_select.html] @23-10-2021 20:56:05.0236 PM
[ReportManager] Initial URL: [data:,] @23-10-2021 20:56:05.0273 PM
[ReportManager] Browser Action [NavigateToURL] successfully performed. With the following test data [https://yari-demos.prod.mdn.mozit.cloud/en-US/docs/Web/HTML/Element/select/_sample_.Basic_select.html]. @23-10-2021 20:56:05.0450 PM
[ReportManager] Element Action [Select] successfully performed. With the following test data [Third Value]. @23-10-2021 20:56:05.0716 PM
[ReportManager] Element Action [GetSelectedText] successfully performed. With the following test data [Third Value]. @23-10-2021 20:56:05.0814 PM
[ReportManager] Third Value @23-10-2021 20:56:05.0814 PM
[ReportManager] Element Action [GetSelectedText] successfully performed. With the following test data [Third Value]. @23-10-2021 20:56:05.0906 PM
[ReportManager] Loaded Shared OpenCV @23-10-2021 20:56:06.0010 PM
[ReportManager] Assertion [ValidateElementAttribute] PASSED. Expected [Value Should be 'Third Value' for the 'selectedText' attribute, element locator 'By.tagName: select'] and Actual [Third Value]. Comparison Type [EQUALS]. Validation Type [POSITIVE]. @23-10-2021 20:56:06.0086 PM
[ReportManager] Successfully created attachment [Screenshot - 1635022566010_simpleSelect_ValidateElementAttribute_passed] @23-10-2021 20:56:06.0086 PM
[ReportManager] Browser Action [CloseCurrentWindow] successfully performed. @23-10-2021 20:56:06.0174 PM
[ReportManager] Successfully created attachment [Browser Action Test Data - CloseCurrentWindow - Actual Value] @23-10-2021 20:56:06.0175 P

################################################################################################################################################
Starting Execution:	[140 out of 143] test cases in the current suite
Test Method:		[testPackage01.Test_JSONFileManager.readStringFromJson]
################################################################################################################################################
[ReportManager] Successfully loaded the following test data file [src/test/resources/TestDataFiles/simpleJSON.json]. @23-10-2021 20:56:06.0179 PM
[ReportManager] Successfully created attachment [Test Data - JSON] @23-10-2021 20:56:06.0179 PM
[ReportManager] Assertion [ValidateEquals] PASSED. Expected [Mohab Mohie] and Actual [Mohab Mohie]. Comparison Type [EQUALS]. Validation Type [POSITIVE]. @23-10-2021 20:56:06.0193 P
[ReportManager] Successfully loaded the following test data file [src/test/resources/TestDataFiles/testSuite01/TestData.xlsx]. @23-10-2021 20:56:06.0227 PM
[ReportManager] Successfully created attachment [Test Data - Excel] @23-10-2021 20:56:06.0227 PM
[ReportManager] Attempting to run using Playwright locally on: [Linux-64], [GoogleChrome], Headless Execution. @23-10-2021 20:56:20.0127 PM
[ReportManager] File Action [GetAbsolutePath] successfully performed. With the following test data [Relative Folder Path: "target/downloadedFiles/"]. @23-10-2021 20:56:20.0128 PM
[ReportManager] Initial window size: (1280, 720) @23-10-2021 20:56:20.0567 PM
[ReportManager] Window size after Toolkit: com.microsoft.playwright.options.ViewportSize@a9c95a @23-10-2021 20:56:20.0577 PM
[ReportManager] Browser Action [MaximizeWindow] successfully performed. With the following test data [New screen size is now: (1920, 1080)]. @23-10-2021 20:56:20.0577 P

################################################################################################################################################
Starting Execution:	[141 out of 143] test cases in the current suite
Test Method:		[testPackage01.Test_google_playwright.navigateToURLandVerifyGoogleLogoIsDisplayed]
Test Description:	[TC001 - Navigate to URL and Verify Google Logo is Displayed]
################################################################################################################################################
[ReportManager] Target URL: [https://www.google.com/ncr], and after redirection: [https://www.google.com] @23-10-2021 20:56:20.0580 PM
[ReportManager] Initial URL: [about:blank] @23-10-2021 20:56:21.0052 PM
[ReportManager] Browser Action [NavigateToURL] successfully performed. With the following test data [https://www.google.com/ncr]. @23-10-2021 20:56:23.0479 PM
[ReportManager] Loaded Shared OpenCV @23-10-2021 20:56:23.0744 PM
[ReportManager] Assertion [ValidateElementExists] PASSED. Expected [Element Should Exist, locator 'xpath=//*[@id='hplogo' or @alt='Google']'] and Actual [Element Exists]. Comparison Type [EQUALS]. Validation Type [POSITIVE]. @23-10-2021 20:56:23.0941 PM
[ReportManager] Successfully created attachment [Screenshot - 1635022583740_navigateToURLandVerifyGoogleLogoIsDisplayed_ValidateElementExists_passed] @23-10-2021 20:56:23.0941 P

################################################################################################################################################
Starting Execution:	[142 out of 143] test cases in the current suite
Test Method:		[testPackage01.Test_google_playwright.searchForQueryandAssertResultsNumDisplayed]
Test Description:	[TC002 - Search for Query and Assert that the number of results is displayed]
################################################################################################################################################
[ReportManager] Element Action [Type] successfully performed. With the following test data [SHAFT_Engine]. @23-10-2021 20:56:24.0261 PM
[ReportManager] Element Action [KeyPress] successfully performed. With the following test data [Enter]. @23-10-2021 20:56:24.0295 PM
[ReportManager] Element Action [GetText] successfully performed. With the following test data [About 933,000 results (0.67 seconds)]. @23-10-2021 20:56:25.0241 PM
[ReportManager] Loaded Shared OpenCV @23-10-2021 20:56:27.0334 PM
[ReportManager] Assertion [ValidateElementAttribute] PASSED. Expected [Value Should not be '' for the 'text' attribute, element locator 'xpath=//div[@id='appbar']'] and Actual [About 933,000 results (0.67 seconds)]. Comparison Type [EQUALS]. Validation Type [NEGATIVE]. @23-10-2021 20:56:27.0593 PM
[ReportManager] Successfully created attachment [Screenshot - 1635022587333_searchForQueryandAssertResultsNumDisplayed_ValidateElementAttribute_passed] @23-10-2021 20:56:27.0596 P

################################################################################################################################################
Starting Execution:	[143 out of 143] test cases in the current suite
Test Method:		[testPackage01.Test_google_playwright.clickNextThrice]
Test Description:	[TC003 - Clicks the next button to make sure that the framework can scroll element into view before clicking it]
################################################################################################################################################
[ReportManager] Element Action [Click] successfully performed. With the following test data [Next]. @23-10-2021 20:56:27.0853 P
[ReportManager] Failed to find video recording. @23-10-2021 20:56:27.0854 PM
[ReportManager] Successfully Closed PlayWright Driver. @23-10-2021 20:56:27.0903 P

################################################################################################################################################
Test Closure Activities
################################################################################################################################################
[ReportManager] Successfully created attachment [SHAFT Engine Logs - Execution log] @23-10-2021 20:56:27.0932 PM

################################################################################################################################################
This test run was powered by SHAFT Engine Version: [SHAFT Engine v5.4.20211011]
SHAFT Engine is licensed under the MIT License: [https://github.com/MohabMohie/SHAFT_ENGINE/blob/master/LICENSE].
################################################################################################################################################