################################################################################################################################################
Detected SHAFT Engine Version: [SHAFT Engine v5.4.20211011]
################################################################################################################################################

################################################################################################################################################
Starting Execution:	[1 out of 143] test cases in the current suite
Test Method:		[unitTests.tests_validations_assertions.assertComparativeRelation_greaterThanOrEquals_false_equals_expectedToFail]
################################################################################################################################################
[ReportManager] Assertion [ValidateComparativeRelation] FAILED. Expected [1] and Actual [1]. Comparison Type [GREATER_THAN_OR_EQUALS]. Validation Type [NEGATIVE]. @19-10-2021 01:55:35.0668 A

################################################################################################################################################
Starting Execution:	[2 out of 143] test cases in the current suite
Test Method:		[unitTests.tests_validations_assertions.assertComparativeRelation_greaterThanOrEquals_false_equals_expectedToPass]
################################################################################################################################################
[ReportManager] Assertion [ValidateComparativeRelation] PASSED. Expected [2] and Actual [1]. Comparison Type [GREATER_THAN_OR_EQUALS]. Validation Type [NEGATIVE]. @19-10-2021 01:55:35.0784 A

################################################################################################################################################
Starting Execution:	[3 out of 143] test cases in the current suite
Test Method:		[unitTests.tests_validations_assertions.assertComparativeRelation_greaterThanOrEquals_false_greaterThan_expectedToFail]
################################################################################################################################################
[ReportManager] Assertion [ValidateComparativeRelation] FAILED. Expected [1] and Actual [2]. Comparison Type [GREATER_THAN_OR_EQUALS]. Validation Type [NEGATIVE]. @19-10-2021 01:55:35.0790 A

################################################################################################################################################
Starting Execution:	[4 out of 143] test cases in the current suite
Test Method:		[unitTests.tests_validations_assertions.assertComparativeRelation_greaterThanOrEquals_false_greaterThan_expectedToPass]
################################################################################################################################################
[ReportManager] Assertion [ValidateComparativeRelation] PASSED. Expected [2] and Actual [1]. Comparison Type [GREATER_THAN_OR_EQUALS]. Validation Type [NEGATIVE]. @19-10-2021 01:55:35.0796 A

################################################################################################################################################
Starting Execution:	[5 out of 143] test cases in the current suite
Test Method:		[unitTests.tests_validations_assertions.assertComparativeRelation_greaterThanOrEquals_true_equals_expectedToFail]
################################################################################################################################################
[ReportManager] Assertion [ValidateComparativeRelation] FAILED. Expected [1] and Actual [0]. Comparison Type [GREATER_THAN_OR_EQUALS]. Validation Type [POSITIVE]. @19-10-2021 01:55:35.0801 A

################################################################################################################################################
Starting Execution:	[6 out of 143] test cases in the current suite
Test Method:		[unitTests.tests_validations_assertions.assertComparativeRelation_greaterThanOrEquals_true_equals_expectedToPass]
################################################################################################################################################
[ReportManager] Assertion [ValidateComparativeRelation] PASSED. Expected [1] and Actual [1]. Comparison Type [GREATER_THAN_OR_EQUALS]. Validation Type [POSITIVE]. @19-10-2021 01:55:35.0807 A

################################################################################################################################################
Starting Execution:	[7 out of 143] test cases in the current suite
Test Method:		[unitTests.tests_validations_assertions.assertComparativeRelation_greaterThanOrEquals_true_greaterThan_expectedToFail]
################################################################################################################################################
[ReportManager] Assertion [ValidateComparativeRelation] FAILED. Expected [2] and Actual [1]. Comparison Type [GREATER_THAN_OR_EQUALS]. Validation Type [POSITIVE]. @19-10-2021 01:55:35.0812 A

################################################################################################################################################
Starting Execution:	[8 out of 143] test cases in the current suite
Test Method:		[unitTests.tests_validations_assertions.assertComparativeRelation_greaterThanOrEquals_true_greaterThan_expectedToPass]
################################################################################################################################################
[ReportManager] Assertion [ValidateComparativeRelation] PASSED. Expected [1] and Actual [2]. Comparison Type [GREATER_THAN_OR_EQUALS]. Validation Type [POSITIVE]. @19-10-2021 01:55:35.0817 A
[ReportManager] File Action [GetAbsolutePath] successfully performed. With the following test data [Relative Folder Path: "target/downloadedFiles/"]. @19-10-2021 01:55:35.0830 AM
[ReportManager] Attempting to run remotely on: [Linux-64], [GoogleChrome], [http://localhost:4444/wd/hub], Headless Execution. @19-10-2021 01:55:35.0857 AM
[ReportManager] Successfully Opened [GoogleChrome]. @19-10-2021 01:55:37.0412 AM
[ReportManager] Target URL: [https://www.google.com/ncr], and after redirection: [www.google.com] @19-10-2021 01:55:37.0471 AM
[ReportManager] Initial URL: [data:,] @19-10-2021 01:55:37.0590 AM
[ReportManager] Browser Action [NavigateToURL] successfully performed. With the following test data [https://www.google.com/ncr]. @19-10-2021 01:55:39.0212 A

################################################################################################################################################
Starting Execution:	[9 out of 143] test cases in the current suite
Test Method:		[unitTests.tests_validations_assertions.assertElementAttribute_false_caseInsensitiveComparison_expectedToFail]
################################################################################################################################################
[ReportManager] Element Action [Type] successfully performed. With the following test data [AUTOMATION]. @19-10-2021 01:55:39.0822 AM
[ReportManager] Element Action [GetText] successfully performed. With the following test data [AUTOMATION]. @19-10-2021 01:55:39.0974 AM
[ReportManager] Loaded Shared OpenCV @19-10-2021 01:55:40.0723 AM
[ReportManager] Assertion [ValidateElementAttribute] FAILED. Expected [Value Should not be 'AutomaTion' for the 'text' attribute, element locator 'By.name: q'] and Actual [AUTOMATION]. Comparison Type [CASE_INSENSITIVE]. Validation Type [NEGATIVE]. @19-10-2021 01:55:41.0078 AM
[ReportManager] Successfully created attachment [Screenshot - 1634608540229_assertElementAttribute_false_caseInsensitiveComparison_expectedToFail_ValidateElementAttribute_failed] @19-10-2021 01:55:41.0105 A
[ReportManager] Browser Action [CloseCurrentWindow] successfully performed. @19-10-2021 01:55:41.0271 AM
[ReportManager] Successfully created attachment [Browser Action Test Data - CloseCurrentWindow - Actual Value] @19-10-2021 01:55:41.0281 A
[ReportManager] File Action [GetAbsolutePath] successfully performed. With the following test data [Relative Folder Path: "target/downloadedFiles/"]. @19-10-2021 01:55:41.0294 AM
[ReportManager] Attempting to run remotely on: [Linux-64], [GoogleChrome], [http://localhost:4444/wd/hub], Headless Execution. @19-10-2021 01:55:41.0294 AM
[ReportManager] Successfully Opened [GoogleChrome]. @19-10-2021 01:55:41.0556 AM
[ReportManager] Target URL: [https://www.google.com/ncr], and after redirection: [www.google.com] @19-10-2021 01:55:41.0592 AM
[ReportManager] Initial URL: [data:,] @19-10-2021 01:55:41.0662 AM
[ReportManager] Browser Action [NavigateToURL] successfully performed. With the following test data [https://www.google.com/ncr]. @19-10-2021 01:55:42.0580 A

################################################################################################################################################
Starting Execution:	[10 out of 143] test cases in the current suite
Test Method:		[unitTests.tests_validations_assertions.assertElementAttribute_false_caseInsensitiveComparison_expectedToPass]
################################################################################################################################################
[ReportManager] Element Action [Type] successfully performed. With the following test data [AUTOMATION]. @19-10-2021 01:55:43.0007 AM
[ReportManager] Element Action [GetText] successfully performed. With the following test data [AUTOMATION]. @19-10-2021 01:55:43.0149 AM
[ReportManager] Loaded Shared OpenCV @19-10-2021 01:55:43.0319 AM
[ReportManager] Assertion [ValidateElementAttribute] PASSED. Expected [Value Should not be 'AutomaTion123' for the 'text' attribute, element locator 'By.name: q'] and Actual [AUTOMATION]. Comparison Type [CASE_INSENSITIVE]. Validation Type [NEGATIVE]. @19-10-2021 01:55:43.0431 AM
[ReportManager] Successfully created attachment [Screenshot - 1634608543319_assertElementAttribute_false_caseInsensitiveComparison_expectedToPass_ValidateElementAttribute_passed] @19-10-2021 01:55:43.0434 A
[ReportManager] Browser Action [CloseCurrentWindow] successfully performed. @19-10-2021 01:55:43.0583 AM
[ReportManager] Successfully created attachment [Browser Action Test Data - CloseCurrentWindow - Actual Value] @19-10-2021 01:55:43.0585 A
[ReportManager] File Action [GetAbsolutePath] successfully performed. With the following test data [Relative Folder Path: "target/downloadedFiles/"]. @19-10-2021 01:55:43.0595 AM
[ReportManager] Attempting to run remotely on: [Linux-64], [GoogleChrome], [http://localhost:4444/wd/hub], Headless Execution. @19-10-2021 01:55:43.0596 AM
[ReportManager] Successfully Opened [GoogleChrome]. @19-10-2021 01:55:43.0903 AM
[ReportManager] Target URL: [https://www.google.com/ncr], and after redirection: [www.google.com] @19-10-2021 01:55:43.0922 AM
[ReportManager] Initial URL: [data:,] @19-10-2021 01:55:43.0986 AM
[ReportManager] Browser Action [NavigateToURL] successfully performed. With the following test data [https://www.google.com/ncr]. @19-10-2021 01:55:45.0519 A

################################################################################################################################################
Starting Execution:	[11 out of 143] test cases in the current suite
Test Method:		[unitTests.tests_validations_assertions.assertElementAttribute_false_containsComparison_expectedToFail]
################################################################################################################################################
[ReportManager] Element Action [Type] successfully performed. With the following test data [Automation123]. @19-10-2021 01:55:45.0925 AM
[ReportManager] Element Action [GetText] successfully performed. With the following test data [Automation123]. @19-10-2021 01:55:46.0095 AM
[ReportManager] Loaded Shared OpenCV @19-10-2021 01:55:46.0264 AM
[ReportManager] Assertion [ValidateElementAttribute] FAILED. Expected [Value Should not be 'Automation' for the 'text' attribute, element locator 'By.name: q'] and Actual [Automation123]. Comparison Type [CONTAINS]. Validation Type [NEGATIVE]. @19-10-2021 01:55:46.0343 AM
[ReportManager] Successfully created attachment [Screenshot - 1634608546264_assertElementAttribute_false_containsComparison_expectedToFail_ValidateElementAttribute_failed] @19-10-2021 01:55:46.0344 A
[ReportManager] Browser Action [CloseCurrentWindow] successfully performed. @19-10-2021 01:55:46.0490 AM
[ReportManager] Successfully created attachment [Browser Action Test Data - CloseCurrentWindow - Actual Value] @19-10-2021 01:55:46.0491 A
[ReportManager] File Action [GetAbsolutePath] successfully performed. With the following test data [Relative Folder Path: "target/downloadedFiles/"]. @19-10-2021 01:55:46.0497 AM
[ReportManager] Attempting to run remotely on: [Linux-64], [GoogleChrome], [http://localhost:4444/wd/hub], Headless Execution. @19-10-2021 01:55:46.0497 AM
[ReportManager] Successfully Opened [GoogleChrome]. @19-10-2021 01:55:46.0739 AM
[ReportManager] Target URL: [https://www.google.com/ncr], and after redirection: [www.google.com] @19-10-2021 01:55:46.0774 AM
[ReportManager] Initial URL: [data:,] @19-10-2021 01:55:46.0825 AM
[ReportManager] Browser Action [NavigateToURL] successfully performed. With the following test data [https://www.google.com/ncr]. @19-10-2021 01:55:47.0725 A

################################################################################################################################################
Starting Execution:	[12 out of 143] test cases in the current suite
Test Method:		[unitTests.tests_validations_assertions.assertElementAttribute_false_containsComparison_expectedToPass]
################################################################################################################################################
[ReportManager] Element Action [Type] successfully performed. With the following test data [Automation123]. @19-10-2021 01:55:48.0212 AM
[ReportManager] Element Action [GetText] successfully performed. With the following test data [Automation123]. @19-10-2021 01:55:48.0322 AM
[ReportManager] Loaded Shared OpenCV @19-10-2021 01:55:48.0476 AM
[ReportManager] Assertion [ValidateElementAttribute] PASSED. Expected [Value Should not be 'Automation1234' for the 'text' attribute, element locator 'By.name: q'] and Actual [Automation123]. Comparison Type [CONTAINS]. Validation Type [NEGATIVE]. @19-10-2021 01:55:48.0557 AM
[ReportManager] Successfully created attachment [Screenshot - 1634608548475_assertElementAttribute_false_containsComparison_expectedToPass_ValidateElementAttribute_passed] @19-10-2021 01:55:48.0559 A
[ReportManager] Browser Action [CloseCurrentWindow] successfully performed. @19-10-2021 01:55:48.0717 AM
[ReportManager] Successfully created attachment [Browser Action Test Data - CloseCurrentWindow - Actual Value] @19-10-2021 01:55:48.0718 A
[ReportManager] File Action [GetAbsolutePath] successfully performed. With the following test data [Relative Folder Path: "target/downloadedFiles/"]. @19-10-2021 01:55:48.0722 AM
[ReportManager] Attempting to run remotely on: [Linux-64], [GoogleChrome], [http://localhost:4444/wd/hub], Headless Execution. @19-10-2021 01:55:48.0722 AM
[ReportManager] Successfully Opened [GoogleChrome]. @19-10-2021 01:55:48.0981 AM
[ReportManager] Target URL: [https://www.google.com/ncr], and after redirection: [www.google.com] @19-10-2021 01:55:49.0003 AM
[ReportManager] Initial URL: [data:,] @19-10-2021 01:55:49.0050 AM
[ReportManager] Browser Action [NavigateToURL] successfully performed. With the following test data [https://www.google.com/ncr]. @19-10-2021 01:55:51.0283 A

################################################################################################################################################
Starting Execution:	[13 out of 143] test cases in the current suite
Test Method:		[unitTests.tests_validations_assertions.assertElementAttribute_false_literalComparison_expectedToFail]
################################################################################################################################################
[ReportManager] Element Action [Type] successfully performed. With the following test data [Automation!@#$%^&*()_+{}[]\';/.,]. @19-10-2021 01:55:51.0799 AM
[ReportManager] Element Action [GetText] successfully performed. With the following test data [Automation!@#$%^&*()_+{}[]\';/.,]. @19-10-2021 01:55:51.0945 AM
[ReportManager] Loaded Shared OpenCV @19-10-2021 01:55:52.0123 AM
[ReportManager] Assertion [ValidateElementAttribute] PASSED. Expected [Value Should not be 'Automation!@#$%^&*()_+{}[]\\';/.,' for the 'text' attribute, element locator 'By.name: q'] and Actual [Automation!@#$%^&*()_+{}[]\';/.,]. Comparison Type [EQUALS]. Validation Type [NEGATIVE]. @19-10-2021 01:55:52.0217 AM
[ReportManager] Successfully created attachment [Screenshot - 1634608552123_assertElementAttribute_false_literalComparison_expectedToFail_ValidateElementAttribute_passed] @19-10-2021 01:55:52.0219 A
[ReportManager] Browser Action [CloseCurrentWindow] successfully performed. @19-10-2021 01:55:52.0358 AM
[ReportManager] Successfully created attachment [Browser Action Test Data - CloseCurrentWindow - Actual Value] @19-10-2021 01:55:52.0359 A
[ReportManager] File Action [GetAbsolutePath] successfully performed. With the following test data [Relative Folder Path: "target/downloadedFiles/"]. @19-10-2021 01:55:52.0362 AM
[ReportManager] Attempting to run remotely on: [Linux-64], [GoogleChrome], [http://localhost:4444/wd/hub], Headless Execution. @19-10-2021 01:55:52.0362 AM
[ReportManager] Successfully Opened [GoogleChrome]. @19-10-2021 01:55:52.0630 AM
[ReportManager] Target URL: [https://www.google.com/ncr], and after redirection: [www.google.com] @19-10-2021 01:55:52.0653 AM
[ReportManager] Initial URL: [data:,] @19-10-2021 01:55:52.0724 AM
[ReportManager] Browser Action [NavigateToURL] successfully performed. With the following test data [https://www.google.com/ncr]. @19-10-2021 01:55:53.0684 A

################################################################################################################################################
Starting Execution:	[14 out of 143] test cases in the current suite
Test Method:		[unitTests.tests_validations_assertions.assertElementAttribute_false_literalComparison_expectedToPass]
################################################################################################################################################
[ReportManager] Element Action [Type] successfully performed. With the following test data [Automation!@#$%^&*()_+{}[]\';/.,]. @19-10-2021 01:55:54.0265 AM
[ReportManager] Element Action [GetText] successfully performed. With the following test data [Automation!@#$%^&*()_+{}[]\';/.,]. @19-10-2021 01:55:54.0379 AM
[ReportManager] Loaded Shared OpenCV @19-10-2021 01:55:54.0534 AM
[ReportManager] Assertion [ValidateElementAttribute] PASSED. Expected [Value Should not be 'Automation' for the 'text' attribute, element locator 'By.name: q'] and Actual [Automation!@#$%^&*()_+{}[]\';/.,]. Comparison Type [EQUALS]. Validation Type [NEGATIVE]. @19-10-2021 01:55:54.0621 AM
[ReportManager] Successfully created attachment [Screenshot - 1634608554534_assertElementAttribute_false_literalComparison_expectedToPass_ValidateElementAttribute_passed] @19-10-2021 01:55:54.0623 A
[ReportManager] Browser Action [CloseCurrentWindow] successfully performed. @19-10-2021 01:55:54.0746 AM
[ReportManager] Successfully created attachment [Browser Action Test Data - CloseCurrentWindow - Actual Value] @19-10-2021 01:55:54.0747 A
[ReportManager] File Action [GetAbsolutePath] successfully performed. With the following test data [Relative Folder Path: "target/downloadedFiles/"]. @19-10-2021 01:55:54.0751 AM
[ReportManager] Attempting to run remotely on: [Linux-64], [GoogleChrome], [http://localhost:4444/wd/hub], Headless Execution. @19-10-2021 01:55:54.0751 AM
[ReportManager] Successfully Opened [GoogleChrome]. @19-10-2021 01:55:54.0998 AM
[ReportManager] Target URL: [https://www.google.com/ncr], and after redirection: [www.google.com] @19-10-2021 01:55:55.0028 AM
[ReportManager] Initial URL: [data:,] @19-10-2021 01:55:55.0077 AM
[ReportManager] Browser Action [NavigateToURL] successfully performed. With the following test data [https://www.google.com/ncr]. @19-10-2021 01:55:55.0980 A

################################################################################################################################################
Starting Execution:	[15 out of 143] test cases in the current suite
Test Method:		[unitTests.tests_validations_assertions.assertElementAttribute_false_regexComparison_expectedToFail]
################################################################################################################################################
[ReportManager] Element Action [Type] successfully performed. With the following test data [Automation123]. @19-10-2021 01:55:56.0403 AM
[ReportManager] Element Action [GetText] successfully performed. With the following test data [Automation123]. @19-10-2021 01:55:56.0510 AM
[ReportManager] Loaded Shared OpenCV @19-10-2021 01:55:56.0662 AM
[ReportManager] Assertion [ValidateElementAttribute] FAILED. Expected [Value Should not be 'Automation.*' for the 'text' attribute, element locator 'By.name: q'] and Actual [Automation123]. Comparison Type [MATCHES]. Validation Type [NEGATIVE]. @19-10-2021 01:55:56.0739 AM
[ReportManager] Successfully created attachment [Screenshot - 1634608556662_assertElementAttribute_false_regexComparison_expectedToFail_ValidateElementAttribute_failed] @19-10-2021 01:55:56.0740 A
[ReportManager] Browser Action [CloseCurrentWindow] successfully performed. @19-10-2021 01:55:56.0874 AM
[ReportManager] Successfully created attachment [Browser Action Test Data - CloseCurrentWindow - Actual Value] @19-10-2021 01:55:56.0875 A
[ReportManager] File Action [GetAbsolutePath] successfully performed. With the following test data [Relative Folder Path: "target/downloadedFiles/"]. @19-10-2021 01:55:56.0882 AM
[ReportManager] Attempting to run remotely on: [Linux-64], [GoogleChrome], [http://localhost:4444/wd/hub], Headless Execution. @19-10-2021 01:55:56.0883 AM
[ReportManager] Successfully Opened [GoogleChrome]. @19-10-2021 01:55:57.0156 AM
[ReportManager] Target URL: [https://www.google.com/ncr], and after redirection: [www.google.com] @19-10-2021 01:55:57.0185 AM
[ReportManager] Initial URL: [data:,] @19-10-2021 01:55:57.0243 AM
[ReportManager] Browser Action [NavigateToURL] successfully performed. With the following test data [https://www.google.com/ncr]. @19-10-2021 01:55:58.0184 A

################################################################################################################################################
Starting Execution:	[16 out of 143] test cases in the current suite
Test Method:		[unitTests.tests_validations_assertions.assertElementAttribute_false_regexComparison_expectedToPass]
################################################################################################################################################
[ReportManager] Element Action [Type] successfully performed. With the following test data [Automation123]. @19-10-2021 01:55:58.0589 AM
[ReportManager] Element Action [GetText] successfully performed. With the following test data [Automation123]. @19-10-2021 01:55:58.0699 AM
[ReportManager] Loaded Shared OpenCV @19-10-2021 01:55:58.0839 AM
[ReportManager] Assertion [ValidateElementAttribute] PASSED. Expected [Value Should not be 'Automation' for the 'text' attribute, element locator 'By.name: q'] and Actual [Automation123]. Comparison Type [MATCHES]. Validation Type [NEGATIVE]. @19-10-2021 01:55:58.0918 AM
[ReportManager] Successfully created attachment [Screenshot - 1634608558839_assertElementAttribute_false_regexComparison_expectedToPass_ValidateElementAttribute_passed] @19-10-2021 01:55:58.0919 A
[ReportManager] Browser Action [CloseCurrentWindow] successfully performed. @19-10-2021 01:55:59.0056 AM
[ReportManager] Successfully created attachment [Browser Action Test Data - CloseCurrentWindow - Actual Value] @19-10-2021 01:55:59.0057 A
[ReportManager] File Action [GetAbsolutePath] successfully performed. With the following test data [Relative Folder Path: "target/downloadedFiles/"]. @19-10-2021 01:55:59.0065 AM
[ReportManager] Attempting to run remotely on: [Linux-64], [GoogleChrome], [http://localhost:4444/wd/hub], Headless Execution. @19-10-2021 01:55:59.0068 AM
[ReportManager] Successfully Opened [GoogleChrome]. @19-10-2021 01:55:59.0318 AM
[ReportManager] Target URL: [https://www.google.com/ncr], and after redirection: [www.google.com] @19-10-2021 01:55:59.0329 AM
[ReportManager] Initial URL: [data:,] @19-10-2021 01:55:59.0388 AM
[ReportManager] Browser Action [NavigateToURL] successfully performed. With the following test data [https://www.google.com/ncr]. @19-10-2021 01:56:00.0264 A

################################################################################################################################################
Starting Execution:	[17 out of 143] test cases in the current suite
Test Method:		[unitTests.tests_validations_assertions.assertElementAttribute_true_caseInsensitiveComparison_expectedToFail]
################################################################################################################################################
[ReportManager] Element Action [Type] successfully performed. With the following test data [AUTOMATION]. @19-10-2021 01:56:00.0710 AM
[ReportManager] Element Action [GetText] successfully performed. With the following test data [AUTOMATION]. @19-10-2021 01:56:00.0829 AM
[ReportManager] Loaded Shared OpenCV @19-10-2021 01:56:00.0981 AM
[ReportManager] Assertion [ValidateElementAttribute] FAILED. Expected [Value Should be 'AutomaTion123' for the 'text' attribute, element locator 'By.name: q'] and Actual [AUTOMATION]. Comparison Type [CASE_INSENSITIVE]. Validation Type [POSITIVE]. @19-10-2021 01:56:01.0075 AM
[ReportManager] Successfully created attachment [Screenshot - 1634608560981_assertElementAttribute_true_caseInsensitiveComparison_expectedToFail_ValidateElementAttribute_failed] @19-10-2021 01:56:01.0076 A
[ReportManager] Browser Action [CloseCurrentWindow] successfully performed. @19-10-2021 01:56:01.0254 AM
[ReportManager] Successfully created attachment [Browser Action Test Data - CloseCurrentWindow - Actual Value] @19-10-2021 01:56:01.0255 A
[ReportManager] File Action [GetAbsolutePath] successfully performed. With the following test data [Relative Folder Path: "target/downloadedFiles/"]. @19-10-2021 01:56:01.0262 AM
[ReportManager] Attempting to run remotely on: [Linux-64], [GoogleChrome], [http://localhost:4444/wd/hub], Headless Execution. @19-10-2021 01:56:01.0262 AM
[ReportManager] Successfully Opened [GoogleChrome]. @19-10-2021 01:56:01.0539 AM
[ReportManager] Target URL: [https://www.google.com/ncr], and after redirection: [www.google.com] @19-10-2021 01:56:01.0558 AM
[ReportManager] Initial URL: [data:,] @19-10-2021 01:56:01.0619 AM
[ReportManager] Browser Action [NavigateToURL] successfully performed. With the following test data [https://www.google.com/ncr]. @19-10-2021 01:56:02.0502 A

################################################################################################################################################
Starting Execution:	[18 out of 143] test cases in the current suite
Test Method:		[unitTests.tests_validations_assertions.assertElementAttribute_true_caseInsensitiveComparison_expectedToPass]
################################################################################################################################################
[ReportManager] Element Action [Type] successfully performed. With the following test data [AUTOMATION]. @19-10-2021 01:56:02.0888 AM
[ReportManager] Element Action [GetText] successfully performed. With the following test data [AUTOMATION]. @19-10-2021 01:56:03.0014 AM
[ReportManager] Loaded Shared OpenCV @19-10-2021 01:56:03.0197 AM
[ReportManager] Assertion [ValidateElementAttribute] PASSED. Expected [Value Should be 'AutomaTion' for the 'text' attribute, element locator 'By.name: q'] and Actual [AUTOMATION]. Comparison Type [CASE_INSENSITIVE]. Validation Type [POSITIVE]. @19-10-2021 01:56:03.0279 AM
[ReportManager] Successfully created attachment [Screenshot - 1634608563197_assertElementAttribute_true_caseInsensitiveComparison_expectedToPass_ValidateElementAttribute_passed] @19-10-2021 01:56:03.0281 A
[ReportManager] Browser Action [CloseCurrentWindow] successfully performed. @19-10-2021 01:56:03.0416 AM
[ReportManager] Successfully created attachment [Browser Action Test Data - CloseCurrentWindow - Actual Value] @19-10-2021 01:56:03.0417 A
[ReportManager] File Action [GetAbsolutePath] successfully performed. With the following test data [Relative Folder Path: "target/downloadedFiles/"]. @19-10-2021 01:56:03.0420 AM
[ReportManager] Attempting to run remotely on: [Linux-64], [GoogleChrome], [http://localhost:4444/wd/hub], Headless Execution. @19-10-2021 01:56:03.0421 AM
[ReportManager] Successfully Opened [GoogleChrome]. @19-10-2021 01:56:03.0665 AM
[ReportManager] Target URL: [https://www.google.com/ncr], and after redirection: [www.google.com] @19-10-2021 01:56:03.0676 AM
[ReportManager] Initial URL: [data:,] @19-10-2021 01:56:03.0725 AM
[ReportManager] Browser Action [NavigateToURL] successfully performed. With the following test data [https://www.google.com/ncr]. @19-10-2021 01:56:04.0640 A

################################################################################################################################################
Starting Execution:	[19 out of 143] test cases in the current suite
Test Method:		[unitTests.tests_validations_assertions.assertElementAttribute_true_containsComparison_expectedToFail]
################################################################################################################################################
[ReportManager] Element Action [Type] successfully performed. With the following test data [Automation123]. @19-10-2021 01:56:04.0994 AM
[ReportManager] Element Action [GetText] successfully performed. With the following test data [Automation123]. @19-10-2021 01:56:05.0130 AM
[ReportManager] Loaded Shared OpenCV @19-10-2021 01:56:05.0275 AM
[ReportManager] Assertion [ValidateElementAttribute] FAILED. Expected [Value Should be 'Automation1234' for the 'text' attribute, element locator 'By.name: q'] and Actual [Automation123]. Comparison Type [CONTAINS]. Validation Type [POSITIVE]. @19-10-2021 01:56:05.0353 AM
[ReportManager] Successfully created attachment [Screenshot - 1634608565275_assertElementAttribute_true_containsComparison_expectedToFail_ValidateElementAttribute_failed] @19-10-2021 01:56:05.0354 A
[ReportManager] Browser Action [CloseCurrentWindow] successfully performed. @19-10-2021 01:56:05.0493 AM
[ReportManager] Successfully created attachment [Browser Action Test Data - CloseCurrentWindow - Actual Value] @19-10-2021 01:56:05.0494 A
[ReportManager] File Action [GetAbsolutePath] successfully performed. With the following test data [Relative Folder Path: "target/downloadedFiles/"]. @19-10-2021 01:56:05.0498 AM
[ReportManager] Attempting to run remotely on: [Linux-64], [GoogleChrome], [http://localhost:4444/wd/hub], Headless Execution. @19-10-2021 01:56:05.0499 AM
[ReportManager] Successfully Opened [GoogleChrome]. @19-10-2021 01:56:05.0724 AM
[ReportManager] Target URL: [https://www.google.com/ncr], and after redirection: [www.google.com] @19-10-2021 01:56:05.0740 AM
[ReportManager] Initial URL: [data:,] @19-10-2021 01:56:05.0787 AM
[ReportManager] Browser Action [NavigateToURL] successfully performed. With the following test data [https://www.google.com/ncr]. @19-10-2021 01:56:06.0653 A

################################################################################################################################################
Starting Execution:	[20 out of 143] test cases in the current suite
Test Method:		[unitTests.tests_validations_assertions.assertElementAttribute_true_containsComparison_expectedToPass]
################################################################################################################################################
[ReportManager] Element Action [Type] successfully performed. With the following test data [Automation123]. @19-10-2021 01:56:07.0088 AM
[ReportManager] Element Action [GetText] successfully performed. With the following test data [Automation123]. @19-10-2021 01:56:07.0200 AM
[ReportManager] Loaded Shared OpenCV @19-10-2021 01:56:07.0339 AM
[ReportManager] Assertion [ValidateElementAttribute] PASSED. Expected [Value Should be 'Automation' for the 'text' attribute, element locator 'By.name: q'] and Actual [Automation123]. Comparison Type [CONTAINS]. Validation Type [POSITIVE]. @19-10-2021 01:56:07.0415 AM
[ReportManager] Successfully created attachment [Screenshot - 1634608567339_assertElementAttribute_true_containsComparison_expectedToPass_ValidateElementAttribute_passed] @19-10-2021 01:56:07.0417 A
[ReportManager] Browser Action [CloseCurrentWindow] successfully performed. @19-10-2021 01:56:07.0540 AM
[ReportManager] Successfully created attachment [Browser Action Test Data - CloseCurrentWindow - Actual Value] @19-10-2021 01:56:07.0541 A
[ReportManager] File Action [GetAbsolutePath] successfully performed. With the following test data [Relative Folder Path: "target/downloadedFiles/"]. @19-10-2021 01:56:07.0543 AM
[ReportManager] Attempting to run remotely on: [Linux-64], [GoogleChrome], [http://localhost:4444/wd/hub], Headless Execution. @19-10-2021 01:56:07.0544 AM
[ReportManager] Successfully Opened [GoogleChrome]. @19-10-2021 01:56:07.0849 AM
[ReportManager] Target URL: [https://www.google.com/ncr], and after redirection: [www.google.com] @19-10-2021 01:56:07.0863 AM
[ReportManager] Initial URL: [data:,] @19-10-2021 01:56:07.0910 AM
[ReportManager] Browser Action [NavigateToURL] successfully performed. With the following test data [https://www.google.com/ncr]. @19-10-2021 01:56:08.0816 A

################################################################################################################################################
Starting Execution:	[21 out of 143] test cases in the current suite
Test Method:		[unitTests.tests_validations_assertions.assertElementAttribute_true_literalComparison_expectedToFail]
################################################################################################################################################
[ReportManager] Element Action [Type] successfully performed. With the following test data [Automation!@#$%^&*()_+{}[]\';/.,]. @19-10-2021 01:56:09.0349 AM
[ReportManager] Element Action [GetText] successfully performed. With the following test data [Automation!@#$%^&*()_+{}[]\';/.,]. @19-10-2021 01:56:09.0473 AM
[ReportManager] Loaded Shared OpenCV @19-10-2021 01:56:09.0640 AM
[ReportManager] Assertion [ValidateElementAttribute] FAILED. Expected [Value Should be 'Automation' for the 'text' attribute, element locator 'By.name: q'] and Actual [Automation!@#$%^&*()_+{}[]\';/.,]. Comparison Type [EQUALS]. Validation Type [POSITIVE]. @19-10-2021 01:56:09.0793 AM
[ReportManager] Successfully created attachment [Screenshot - 1634608569639_assertElementAttribute_true_literalComparison_expectedToFail_ValidateElementAttribute_failed] @19-10-2021 01:56:09.0795 A
[ReportManager] Browser Action [CloseCurrentWindow] successfully performed. @19-10-2021 01:56:09.0935 AM
[ReportManager] Successfully created attachment [Browser Action Test Data - CloseCurrentWindow - Actual Value] @19-10-2021 01:56:09.0936 A
[ReportManager] File Action [GetAbsolutePath] successfully performed. With the following test data [Relative Folder Path: "target/downloadedFiles/"]. @19-10-2021 01:56:09.0939 AM
[ReportManager] Attempting to run remotely on: [Linux-64], [GoogleChrome], [http://localhost:4444/wd/hub], Headless Execution. @19-10-2021 01:56:09.0939 AM
[ReportManager] Successfully Opened [GoogleChrome]. @19-10-2021 01:56:10.0234 AM
[ReportManager] Target URL: [https://www.google.com/ncr], and after redirection: [www.google.com] @19-10-2021 01:56:10.0246 AM
[ReportManager] Initial URL: [data:,] @19-10-2021 01:56:10.0301 AM
[ReportManager] Browser Action [NavigateToURL] successfully performed. With the following test data [https://www.google.com/ncr]. @19-10-2021 01:56:11.0158 A

################################################################################################################################################
Starting Execution:	[22 out of 143] test cases in the current suite
Test Method:		[unitTests.tests_validations_assertions.assertElementAttribute_true_literalComparison_expectedToPass]
################################################################################################################################################
[ReportManager] Element Action [Type] successfully performed. With the following test data [Automation!@#$%^&*()_+{}[]\';/.,]. @19-10-2021 01:56:11.0638 AM
[ReportManager] Element Action [GetText] successfully performed. With the following test data [Automation!@#$%^&*()_+{}[]\';/.,]. @19-10-2021 01:56:11.0739 AM
[ReportManager] Loaded Shared OpenCV @19-10-2021 01:56:11.0916 AM
[ReportManager] Assertion [ValidateElementAttribute] PASSED. Expected [Value Should be 'Automation!@#$%^&*()_+{}[]\';/.,' for the 'text' attribute, element locator 'By.name: q'] and Actual [Automation!@#$%^&*()_+{}[]\';/.,]. Comparison Type [EQUALS]. Validation Type [POSITIVE]. @19-10-2021 01:56:12.0003 AM
[ReportManager] Successfully created attachment [Screenshot - 1634608571916_assertElementAttribute_true_literalComparison_expectedToPass_ValidateElementAttribute_passed] @19-10-2021 01:56:12.0004 A
[ReportManager] Browser Action [CloseCurrentWindow] successfully performed. @19-10-2021 01:56:12.0130 AM
[ReportManager] Successfully created attachment [Browser Action Test Data - CloseCurrentWindow - Actual Value] @19-10-2021 01:56:12.0131 A
[ReportManager] File Action [GetAbsolutePath] successfully performed. With the following test data [Relative Folder Path: "target/downloadedFiles/"]. @19-10-2021 01:56:12.0134 AM
[ReportManager] Attempting to run remotely on: [Linux-64], [GoogleChrome], [http://localhost:4444/wd/hub], Headless Execution. @19-10-2021 01:56:12.0135 AM
[ReportManager] Successfully Opened [GoogleChrome]. @19-10-2021 01:56:12.0414 AM
[ReportManager] Target URL: [https://www.google.com/ncr], and after redirection: [www.google.com] @19-10-2021 01:56:12.0425 AM
[ReportManager] Initial URL: [data:,] @19-10-2021 01:56:12.0467 AM
[ReportManager] Browser Action [NavigateToURL] successfully performed. With the following test data [https://www.google.com/ncr]. @19-10-2021 01:56:13.0335 A

################################################################################################################################################
Starting Execution:	[23 out of 143] test cases in the current suite
Test Method:		[unitTests.tests_validations_assertions.assertElementAttribute_true_regexComparison_expectedToFail]
################################################################################################################################################
[ReportManager] Element Action [Type] successfully performed. With the following test data [Automation123]. @19-10-2021 01:56:13.0725 AM
[ReportManager] Element Action [GetText] successfully performed. With the following test data [Automation123]. @19-10-2021 01:56:13.0853 AM
[ReportManager] Loaded Shared OpenCV @19-10-2021 01:56:13.0991 AM
[ReportManager] Assertion [ValidateElementAttribute] FAILED. Expected [Value Should be 'Automation' for the 'text' attribute, element locator 'By.name: q'] and Actual [Automation123]. Comparison Type [MATCHES]. Validation Type [POSITIVE]. @19-10-2021 01:56:14.0073 AM
[ReportManager] Successfully created attachment [Screenshot - 1634608573991_assertElementAttribute_true_regexComparison_expectedToFail_ValidateElementAttribute_failed] @19-10-2021 01:56:14.0074 A
[ReportManager] Browser Action [CloseCurrentWindow] successfully performed. @19-10-2021 01:56:14.0202 AM
[ReportManager] Successfully created attachment [Browser Action Test Data - CloseCurrentWindow - Actual Value] @19-10-2021 01:56:14.0210 A
[ReportManager] File Action [GetAbsolutePath] successfully performed. With the following test data [Relative Folder Path: "target/downloadedFiles/"]. @19-10-2021 01:56:14.0214 AM
[ReportManager] Attempting to run remotely on: [Linux-64], [GoogleChrome], [http://localhost:4444/wd/hub], Headless Execution. @19-10-2021 01:56:14.0214 AM
[ReportManager] Successfully Opened [GoogleChrome]. @19-10-2021 01:56:14.0437 AM
[ReportManager] Target URL: [https://www.google.com/ncr], and after redirection: [www.google.com] @19-10-2021 01:56:14.0448 AM
[ReportManager] Initial URL: [data:,] @19-10-2021 01:56:14.0499 AM
[ReportManager] Browser Action [NavigateToURL] successfully performed. With the following test data [https://www.google.com/ncr]. @19-10-2021 01:56:15.0419 A

################################################################################################################################################
Starting Execution:	[24 out of 143] test cases in the current suite
Test Method:		[unitTests.tests_validations_assertions.assertElementAttribute_true_regexComparison_expectedToPass]
################################################################################################################################################
[ReportManager] Element Action [Type] successfully performed. With the following test data [Automation123]. @19-10-2021 01:56:15.0817 AM
[ReportManager] Element Action [GetText] successfully performed. With the following test data [Automation123]. @19-10-2021 01:56:15.0937 AM
[ReportManager] Loaded Shared OpenCV @19-10-2021 01:56:16.0076 AM
[ReportManager] Assertion [ValidateElementAttribute] PASSED. Expected [Value Should be 'Automation.*' for the 'text' attribute, element locator 'By.name: q'] and Actual [Automation123]. Comparison Type [MATCHES]. Validation Type [POSITIVE]. @19-10-2021 01:56:16.0162 AM
[ReportManager] Successfully created attachment [Screenshot - 1634608576076_assertElementAttribute_true_regexComparison_expectedToPass_ValidateElementAttribute_passed] @19-10-2021 01:56:16.0163 A
[ReportManager] Browser Action [CloseCurrentWindow] successfully performed. @19-10-2021 01:56:16.0293 AM
[ReportManager] Successfully created attachment [Browser Action Test Data - CloseCurrentWindow - Actual Value] @19-10-2021 01:56:16.0294 A
[ReportManager] File Action [GetAbsolutePath] successfully performed. With the following test data [Relative Folder Path: "target/downloadedFiles/"]. @19-10-2021 01:56:16.0299 AM
[ReportManager] Attempting to run remotely on: [Linux-64], [GoogleChrome], [http://localhost:4444/wd/hub], Headless Execution. @19-10-2021 01:56:16.0299 AM
[ReportManager] Successfully Opened [GoogleChrome]. @19-10-2021 01:56:16.0525 AM
[ReportManager] Target URL: [https://www.google.com/ncr], and after redirection: [www.google.com] @19-10-2021 01:56:16.0537 AM
[ReportManager] Initial URL: [data:,] @19-10-2021 01:56:16.0580 AM
[ReportManager] Browser Action [NavigateToURL] successfully performed. With the following test data [https://www.google.com/ncr]. @19-10-2021 01:56:17.0466 A

################################################################################################################################################
Starting Execution:	[25 out of 143] test cases in the current suite
Test Method:		[unitTests.tests_validations_assertions.assertElementAttribute_type_true_literalComparison_expectedToPass]
################################################################################################################################################
[ReportManager] Element Action [Type] successfully performed. With the following test data [Automation!@#$%^&*()_+{}[]\';/.,]. @19-10-2021 01:56:18.0061 AM
[ReportManager] Element Action [GetText] successfully performed. With the following test data [Automation!@#$%^&*()_+{}[]\';/.,]. @19-10-2021 01:56:18.0168 AM
[ReportManager] Loaded Shared OpenCV @19-10-2021 01:56:18.0314 AM
[ReportManager] Assertion [ValidateElementAttribute] PASSED. Expected [Value Should be 'Automation!@#$%^&*()_+{}[]\';/.,' for the 'text' attribute, element locator 'By.name: q'] and Actual [Automation!@#$%^&*()_+{}[]\';/.,]. Comparison Type [EQUALS]. Validation Type [POSITIVE]. @19-10-2021 01:56:18.0394 AM
[ReportManager] Successfully created attachment [Screenshot - 1634608578314_assertElementAttribute_type_true_literalComparison_expectedToPass_ValidateElementAttribute_passed] @19-10-2021 01:56:18.0395 A
[ReportManager] Browser Action [CloseCurrentWindow] successfully performed. @19-10-2021 01:56:18.0525 AM
[ReportManager] Successfully created attachment [Browser Action Test Data - CloseCurrentWindow - Actual Value] @19-10-2021 01:56:18.0526 A
[ReportManager] File Action [GetAbsolutePath] successfully performed. With the following test data [Relative Folder Path: "target/downloadedFiles/"]. @19-10-2021 01:56:18.0530 AM
[ReportManager] Attempting to run remotely on: [Linux-64], [GoogleChrome], [http://localhost:4444/wd/hub], Headless Execution. @19-10-2021 01:56:18.0530 AM
[ReportManager] Successfully Opened [GoogleChrome]. @19-10-2021 01:56:18.0744 AM
[ReportManager] Target URL: [https://www.google.com/ncr], and after redirection: [www.google.com] @19-10-2021 01:56:18.0761 AM
[ReportManager] Initial URL: [data:,] @19-10-2021 01:56:18.0814 AM
[ReportManager] Browser Action [NavigateToURL] successfully performed. With the following test data [https://www.google.com/ncr]. @19-10-2021 01:56:19.0648 A

################################################################################################################################################
Starting Execution:	[26 out of 143] test cases in the current suite
Test Method:		[unitTests.tests_validations_assertions.assertElementExists_false_expectedToFail]
################################################################################################################################################
[ReportManager] Assertion [ValidateElementExists] PASSED. Expected [Element Should not Exist, locator 'By.id: hplogo'] and Actual [Element Doesn't Exists]. Comparison Type [EQUALS]. Validation Type [NEGATIVE]. @19-10-2021 01:56:30.0104 AM
[ReportManager] Successfully created attachment [Screenshot - 1634608590011_assertElementExists_false_expectedToFail_ValidateElementExists_passed] @19-10-2021 01:56:30.0105 A
[ReportManager] Browser Action [CloseCurrentWindow] successfully performed. @19-10-2021 01:56:30.0233 AM
[ReportManager] Successfully created attachment [Browser Action Test Data - CloseCurrentWindow - Actual Value] @19-10-2021 01:56:30.0234 A
[ReportManager] File Action [GetAbsolutePath] successfully performed. With the following test data [Relative Folder Path: "target/downloadedFiles/"]. @19-10-2021 01:56:30.0238 AM
[ReportManager] Attempting to run remotely on: [Linux-64], [GoogleChrome], [http://localhost:4444/wd/hub], Headless Execution. @19-10-2021 01:56:30.0238 AM
[ReportManager] Successfully Opened [GoogleChrome]. @19-10-2021 01:56:30.0459 AM
[ReportManager] Target URL: [https://www.google.com/ncr], and after redirection: [www.google.com] @19-10-2021 01:56:30.0470 AM
[ReportManager] Initial URL: [data:,] @19-10-2021 01:56:30.0515 AM
[ReportManager] Browser Action [NavigateToURL] successfully performed. With the following test data [https://www.google.com/ncr]. @19-10-2021 01:56:32.0426 A

################################################################################################################################################
Starting Execution:	[27 out of 143] test cases in the current suite
Test Method:		[unitTests.tests_validations_assertions.assertElementExists_false_expectedToPass]
################################################################################################################################################
[ReportManager] Assertion [ValidateElementExists] PASSED. Expected [Element Should not Exist, locator 'By.id: fakeElement'] and Actual [Element Doesn't Exists]. Comparison Type [EQUALS]. Validation Type [NEGATIVE]. @19-10-2021 01:56:42.0821 AM
[ReportManager] Successfully created attachment [Screenshot - 1634608602753_assertElementExists_false_expectedToPass_ValidateElementExists_passed] @19-10-2021 01:56:42.0822 A
[ReportManager] Browser Action [CloseCurrentWindow] successfully performed. @19-10-2021 01:56:42.0943 AM
[ReportManager] Successfully created attachment [Browser Action Test Data - CloseCurrentWindow - Actual Value] @19-10-2021 01:56:42.0944 A
[ReportManager] File Action [GetAbsolutePath] successfully performed. With the following test data [Relative Folder Path: "target/downloadedFiles/"]. @19-10-2021 01:56:42.0949 AM
[ReportManager] Attempting to run remotely on: [Linux-64], [GoogleChrome], [http://localhost:4444/wd/hub], Headless Execution. @19-10-2021 01:56:42.0949 AM
[ReportManager] Successfully Opened [GoogleChrome]. @19-10-2021 01:56:43.0178 AM
[ReportManager] Target URL: [https://www.google.com/ncr], and after redirection: [www.google.com] @19-10-2021 01:56:43.0194 AM
[ReportManager] Initial URL: [data:,] @19-10-2021 01:56:43.0253 AM
[ReportManager] Browser Action [NavigateToURL] successfully performed. With the following test data [https://www.google.com/ncr]. @19-10-2021 01:56:44.0114 A

################################################################################################################################################
Starting Execution:	[28 out of 143] test cases in the current suite
Test Method:		[unitTests.tests_validations_assertions.assertElementExists_false_multipleElementsFound_expectedToFail]
################################################################################################################################################
[ReportManager] Assertion [ValidateElementExists] FAILED. Expected [Element Should not Exist, locator 'By.xpath: //div'] and Actual [Element Exists but is not unique]. Comparison Type [EQUALS]. Validation Type [NEGATIVE]. @19-10-2021 01:56:44.0389 AM
[ReportManager] Successfully created attachment [Screenshot - 1634608604323_assertElementExists_false_multipleElementsFound_expectedToFail_ValidateElementExists_failed] @19-10-2021 01:56:44.0389 A
[ReportManager] Browser Action [CloseCurrentWindow] successfully performed. @19-10-2021 01:56:44.0516 AM
[ReportManager] Successfully created attachment [Browser Action Test Data - CloseCurrentWindow - Actual Value] @19-10-2021 01:56:44.0517 A
[ReportManager] File Action [GetAbsolutePath] successfully performed. With the following test data [Relative Folder Path: "target/downloadedFiles/"]. @19-10-2021 01:56:44.0520 AM
[ReportManager] Attempting to run remotely on: [Linux-64], [GoogleChrome], [http://localhost:4444/wd/hub], Headless Execution. @19-10-2021 01:56:44.0521 AM
[ReportManager] Successfully Opened [GoogleChrome]. @19-10-2021 01:56:44.0783 AM
[ReportManager] Target URL: [https://www.google.com/ncr], and after redirection: [www.google.com] @19-10-2021 01:56:44.0795 AM
[ReportManager] Initial URL: [data:,] @19-10-2021 01:56:44.0848 AM
[ReportManager] Browser Action [NavigateToURL] successfully performed. With the following test data [https://www.google.com/ncr]. @19-10-2021 01:56:45.0771 A

################################################################################################################################################
Starting Execution:	[29 out of 143] test cases in the current suite
Test Method:		[unitTests.tests_validations_assertions.assertElementExists_true_expectedToFail]
################################################################################################################################################
[ReportManager] Assertion [ValidateElementExists] FAILED. Expected [Element Should Exist, locator 'By.id: fakeElement'] and Actual [Element Doesn't Exists]. Comparison Type [EQUALS]. Validation Type [POSITIVE]. @19-10-2021 01:57:16.0489 AM
[ReportManager] Successfully created attachment [Screenshot - 1634608636423_assertElementExists_true_expectedToFail_ValidateElementExists_failed] @19-10-2021 01:57:16.0490 A
[ReportManager] Browser Action [CloseCurrentWindow] successfully performed. @19-10-2021 01:57:16.0618 AM
[ReportManager] Successfully created attachment [Browser Action Test Data - CloseCurrentWindow - Actual Value] @19-10-2021 01:57:16.0618 A
[ReportManager] File Action [GetAbsolutePath] successfully performed. With the following test data [Relative Folder Path: "target/downloadedFiles/"]. @19-10-2021 01:57:16.0621 AM
[ReportManager] Attempting to run remotely on: [Linux-64], [GoogleChrome], [http://localhost:4444/wd/hub], Headless Execution. @19-10-2021 01:57:16.0621 AM
[ReportManager] Successfully Opened [GoogleChrome]. @19-10-2021 01:57:16.0847 AM
[ReportManager] Target URL: [https://www.google.com/ncr], and after redirection: [www.google.com] @19-10-2021 01:57:16.0858 AM
[ReportManager] Initial URL: [data:,] @19-10-2021 01:57:16.0900 AM
[ReportManager] Browser Action [NavigateToURL] successfully performed. With the following test data [https://www.google.com/ncr]. @19-10-2021 01:57:17.0815 A

################################################################################################################################################
Starting Execution:	[30 out of 143] test cases in the current suite
Test Method:		[unitTests.tests_validations_assertions.assertElementExists_true_expectedToPass]
################################################################################################################################################
[ReportManager] Loaded Shared OpenCV @19-10-2021 01:57:18.0024 AM
[ReportManager] Assertion [ValidateElementExists] PASSED. Expected [Element Should Exist, locator 'By.xpath: //*[@id='hplogo' or @alt='Google']'] and Actual [Element Exists]. Comparison Type [EQUALS]. Validation Type [POSITIVE]. @19-10-2021 01:57:18.0124 AM
[ReportManager] Successfully created attachment [Screenshot - 1634608638024_assertElementExists_true_expectedToPass_ValidateElementExists_passed] @19-10-2021 01:57:18.0126 A
[ReportManager] Browser Action [CloseCurrentWindow] successfully performed. @19-10-2021 01:57:18.0261 AM
[ReportManager] Successfully created attachment [Browser Action Test Data - CloseCurrentWindow - Actual Value] @19-10-2021 01:57:18.0262 A
[ReportManager] File Action [GetAbsolutePath] successfully performed. With the following test data [Relative Folder Path: "target/downloadedFiles/"]. @19-10-2021 01:57:18.0265 AM
[ReportManager] Attempting to run remotely on: [Linux-64], [GoogleChrome], [http://localhost:4444/wd/hub], Headless Execution. @19-10-2021 01:57:18.0265 AM
[ReportManager] Successfully Opened [GoogleChrome]. @19-10-2021 01:57:18.0480 AM
[ReportManager] Target URL: [https://www.google.com/ncr], and after redirection: [www.google.com] @19-10-2021 01:57:18.0497 AM
[ReportManager] Initial URL: [data:,] @19-10-2021 01:57:18.0539 AM
[ReportManager] Browser Action [NavigateToURL] successfully performed. With the following test data [https://www.google.com/ncr]. @19-10-2021 01:57:19.0412 A

################################################################################################################################################
Starting Execution:	[31 out of 143] test cases in the current suite
Test Method:		[unitTests.tests_validations_assertions.assertElementExists_true_multipleElementsFound_expectedToFail]
################################################################################################################################################
[ReportManager] Assertion [ValidateElementExists] FAILED. Expected [Element Should Exist, locator 'By.xpath: //div'] and Actual [Element Exists but is not unique]. Comparison Type [EQUALS]. Validation Type [POSITIVE]. @19-10-2021 01:57:19.0648 AM
[ReportManager] Successfully created attachment [Screenshot - 1634608639585_assertElementExists_true_multipleElementsFound_expectedToFail_ValidateElementExists_failed] @19-10-2021 01:57:19.0649 A
[ReportManager] Browser Action [CloseCurrentWindow] successfully performed. @19-10-2021 01:57:19.0775 AM
[ReportManager] Successfully created attachment [Browser Action Test Data - CloseCurrentWindow - Actual Value] @19-10-2021 01:57:19.0776 A

################################################################################################################################################
Starting Execution:	[32 out of 143] test cases in the current suite
Test Method:		[unitTests.tests_validations_assertions.assertEquals_false_expectedToFail]
################################################################################################################################################
[ReportManager] Assertion [ValidateEquals] FAILED. Expected [1] and Actual [1]. Comparison Type [EQUALS]. Validation Type [NEGATIVE]. @19-10-2021 01:57:19.0785 A

################################################################################################################################################
Starting Execution:	[33 out of 143] test cases in the current suite
Test Method:		[unitTests.tests_validations_assertions.assertEquals_false_expectedToPass]
################################################################################################################################################
[ReportManager] Assertion [ValidateEquals] PASSED. Expected [1] and Actual [2]. Comparison Type [EQUALS]. Validation Type [NEGATIVE]. @19-10-2021 01:57:19.0791 A

################################################################################################################################################
Starting Execution:	[34 out of 143] test cases in the current suite
Test Method:		[unitTests.tests_validations_assertions.assertEquals_longCharacters]
################################################################################################################################################
[ReportManager] Verification [ValidateEquals] PASSED. Expected and Actual values are attached. Comparison Type [EQUALS]. Validation Type [POSITIVE]. @19-10-2021 01:57:19.0796 AM
[ReportManager] Successfully created attachment [Validation Test Data - Expected Value] @19-10-2021 01:57:19.0797 AM
[ReportManager] Successfully created attachment [Validation Test Data - Actual Value] @19-10-2021 01:57:19.0798 AM
[ReportManager] Assertion [ValidateEquals] PASSED. Expected and Actual values are attached. Comparison Type [EQUALS]. Validation Type [POSITIVE]. @19-10-2021 01:57:19.0798 AM
[ReportManager] Successfully created attachment [Validation Test Data - Expected Value] @19-10-2021 01:57:19.0799 AM
[ReportManager] Successfully created attachment [Validation Test Data - Actual Value] @19-10-2021 01:57:19.0799 A

################################################################################################################################################
Starting Execution:	[35 out of 143] test cases in the current suite
Test Method:		[unitTests.tests_validations_assertions.assertEquals_longCharacters_Discreet]
################################################################################################################################################
[ReportManager] Assertion [ValidateEquals] PASSED. Expected [1LH5pROcDBjjQk0t0mCr0lXuzQu9lcGj28kY8R1H81X67eVAQJgWQhILiRWVPUgZ6uCtK5cnBkF55Jr9vYngjGO1Iyf0Mktv6lruDlL9T8MAUPcUZJGHZtji6nIeadujDSNmWMj5d6C8zlFqw0CRqBU0hO5adIasHgBSNoLotAjce3NGXoDwAlp3rYreeV16VIyZXROQY] and Actual [1LH5pROcDBjjQk0t0mCr0lXuzQu9lcGj28kY8R1H81X67eVAQJgWQhILiRWVPUgZ6uCtK5cnBkF55Jr9vYngjGO1Iyf0Mktv6lruDlL9T8MAUPcUZJGHZtji6nIeadujDSNmWMj5d6C8zlFqw0CRqBU0hO5adIasHgBSNoLotAjce3NGXoDwAlp3rYreeV16VIyZXROQY]. Comparison Type [EQUALS]. Validation Type [POSITIVE]. @19-10-2021 01:57:19.0804 A

################################################################################################################################################
Starting Execution:	[36 out of 143] test cases in the current suite
Test Method:		[unitTests.tests_validations_assertions.assertEquals_true_expectedToFail]
################################################################################################################################################
[ReportManager] Assertion [ValidateEquals] FAILED. Expected [1] and Actual [2]. Comparison Type [EQUALS]. Validation Type [POSITIVE]. @19-10-2021 01:57:19.0813 A

################################################################################################################################################
Starting Execution:	[37 out of 143] test cases in the current suite
Test Method:		[unitTests.tests_validations_assertions.assertEquals_true_expectedToPass]
Test Description:	[Assert that assertEquals works as expected when the two values are equal.]
################################################################################################################################################
[ReportManager] Verification [ValidateEquals] PASSED. Expected [1] and Actual [1]. Comparison Type [EQUALS]. Validation Type [POSITIVE]. @19-10-2021 01:57:19.0822 AM
[ReportManager] Assertion [ValidateEquals] PASSED. Expected [1] and Actual [1]. Comparison Type [EQUALS]. Validation Type [POSITIVE]. @19-10-2021 01:57:19.0822 A

################################################################################################################################################
Starting Execution:	[38 out of 143] test cases in the current suite
Test Method:		[unitTests.tests_validations_assertions.assertEquals_true_expectedToPass__]
################################################################################################################################################
[ReportManager] Assertion [ValidateEquals] PASSED. Expected [1] and Actual [1]. Comparison Type [EQUALS]. Validation Type [POSITIVE]. @19-10-2021 01:57:19.0827 A

################################################################################################################################################
Starting Execution:	[39 out of 143] test cases in the current suite
Test Method:		[unitTests.tests_validations_assertions.assertFileExists_false_expectedToFail]
################################################################################################################################################
[ReportManager] File Action [DoesFileExist] successfully performed. With the following test data [File Path: "src/main/java/com/shaft/gui/element/ElementActions.java"]. @19-10-2021 01:57:19.0831 AM
[ReportManager] Assertion [ValidateFileExists] FAILED. Expected [File 'src/main/java/com/shaft/gui/element/ElementActions.java' should not exist, after up to '1' retries] and Actual [File exists]. Validation Type [NEGATIVE]. @19-10-2021 01:57:19.0844 A

################################################################################################################################################
Starting Execution:	[40 out of 143] test cases in the current suite
Test Method:		[unitTests.tests_validations_assertions.assertFileExists_false_expectedToPass]
################################################################################################################################################
[ReportManager] File Action [DoesFileExist] successfully performed. With the following test data [File Path: "src/main/java/com/shaft/gui/element/ElementActions.java_fail"]. @19-10-2021 01:57:20.0349 AM
[ReportManager] Assertion [ValidateFileExists] PASSED. Expected [File 'src/main/java/com/shaft/gui/element/ElementActions.java_fail' should not exist, after up to '1' retries] and Actual [File does not exist]. Validation Type [NEGATIVE]. @19-10-2021 01:57:20.0349 A

################################################################################################################################################
Starting Execution:	[41 out of 143] test cases in the current suite
Test Method:		[unitTests.tests_validations_assertions.assertFileExists_true_expectedToFail]
################################################################################################################################################
[ReportManager] File Action [DoesFileExist] successfully performed. With the following test data [File Path: "src/main/java/com/shaft/gui/element/ElementActions.java_fail"]. @19-10-2021 01:57:20.0853 AM
[ReportManager] Assertion [ValidateFileExists] FAILED. Expected [File 'src/main/java/com/shaft/gui/element/ElementActions.java_fail' should exist, after up to '1' retries] and Actual [File does not exist]. Validation Type [POSITIVE]. @19-10-2021 01:57:20.0854 A

################################################################################################################################################
Starting Execution:	[42 out of 143] test cases in the current suite
Test Method:		[unitTests.tests_validations_assertions.assertFileExists_true_expectedToPass]
################################################################################################################################################
[ReportManager] File Action [DoesFileExist] successfully performed. With the following test data [File Path: "src/main/java/com/shaft/gui/element/ElementActions.java"]. @19-10-2021 01:57:20.0857 AM
[ReportManager] Assertion [ValidateFileExists] PASSED. Expected [File 'src/main/java/com/shaft/gui/element/ElementActions.java' should exist, after up to '1' retries] and Actual [File exists]. Validation Type [POSITIVE]. @19-10-2021 01:57:20.0857 A

################################################################################################################################################
Starting Execution:	[43 out of 143] test cases in the current suite
Test Method:		[unitTests.tests_validations_assertions.assertNull_false_expectedToFail]
################################################################################################################################################
[ReportManager] Assertion [ValidateNull] FAILED. Expected [NULL] and Actual [NULL]. Comparison Type [EQUALS]. Validation Type [NEGATIVE]. @19-10-2021 01:57:20.0861 A

################################################################################################################################################
Starting Execution:	[44 out of 143] test cases in the current suite
Test Method:		[unitTests.tests_validations_assertions.assertNull_false_expectedToPass]
################################################################################################################################################
[ReportManager] Assertion [ValidateNull] PASSED. Expected [NULL] and Actual [1]. Comparison Type [EQUALS]. Validation Type [NEGATIVE]. @19-10-2021 01:57:20.0865 A

################################################################################################################################################
Starting Execution:	[45 out of 143] test cases in the current suite
Test Method:		[unitTests.tests_validations_assertions.assertNull_true_expectedToFail]
################################################################################################################################################
[ReportManager] Assertion [ValidateNull] FAILED. Expected [NULL] and Actual [1]. Comparison Type [EQUALS]. Validation Type [POSITIVE]. @19-10-2021 01:57:20.0868 A

################################################################################################################################################
Starting Execution:	[46 out of 143] test cases in the current suite
Test Method:		[unitTests.tests_validations_assertions.assertNull_true_expectedToPass]
################################################################################################################################################
[ReportManager] Assertion [ValidateNull] PASSED. Expected [NULL] and Actual [NULL]. Comparison Type [EQUALS]. Validation Type [POSITIVE]. @19-10-2021 01:57:20.0872 A

################################################################################################################################################
Starting Execution:	[47 out of 143] test cases in the current suite
Test Method:		[unitTests.tests_restActions.getPostsAndAssertBodyForSpecificTitle]
################################################################################################################################################
[ReportManager] Response status code: [200], status line: [HTTP/1.1 200 OK] @19-10-2021 01:57:22.0813 AM
[ReportManager] Assertion Passed: Evaluating the actual response status code against the expected one... @19-10-2021 01:57:22.0813 AM
[ReportManager] Assertion [ValidateEquals] PASSED. Expected [200] and Actual [200]. Comparison Type [EQUALS]. Validation Type [POSITIVE]. @19-10-2021 01:57:22.0813 AM
[ReportManager] API Action [PerformRequest] successfully performed. With the following test data [Request Type: "GET" | Target Status Code: "200" | Service URL: "https://jsonplaceholder.typicode.com/posts" | Content Type: "*/*" | Response Time: "659ms"]. @19-10-2021 01:57:24.0099 AM
[ReportManager] Successfully created attachment [API Request - Specifications] @19-10-2021 01:57:24.0099 AM
[ReportManager] Successfully created attachment [API Response - JSON Body] @19-10-2021 01:57:24.0359 AM
[ReportManager] API Action [GetResponseJSONValueAsList] successfully performed. @19-10-2021 01:57:24.0391 AM
[ReportManager] API Action [GetResponseJSONValue] successfully performed. With the following test data [title]. @19-10-2021 01:57:24.0413 AM
[ReportManager] API Action [GetResponseJSONValue] successfully performed. With the following test data [title]. @19-10-2021 01:57:24.0426 AM
[ReportManager] API Action [GetResponseJSONValue] successfully performed. With the following test data [body]. @19-10-2021 01:57:24.0437 AM
[ReportManager] Assertion [ValidateEquals] PASSED. Expected [qui neque nisi nulla] and Actual [est rerum tempore vitae
sequi sint nihil reprehenderit dolor beatae ea dolores neque
fugiat blanditiis voluptate porro vel nihil molestiae ut reiciendis
qui aperiam non debitis possimus qui neque nisi nulla]. Comparison Type [CONTAINS]. Validation Type [POSITIVE]. @19-10-2021 01:57:24.0438 AM
[ReportManager] API Action [GetResponseJSONValue] successfully performed. With the following test data [title]. @19-10-2021 01:57:24.0449 AM
[ReportManager] API Action [GetResponseJSONValue] successfully performed. With the following test data [title]. @19-10-2021 01:57:24.0461 AM
[ReportManager] API Action [GetResponseJSONValue] successfully performed. With the following test data [title]. @19-10-2021 01:57:24.0473 AM
[ReportManager] API Action [GetResponseJSONValue] successfully performed. With the following test data [title]. @19-10-2021 01:57:24.0483 AM
[ReportManager] API Action [GetResponseJSONValue] successfully performed. With the following test data [title]. @19-10-2021 01:57:24.0494 AM
[ReportManager] API Action [GetResponseJSONValue] successfully performed. With the following test data [title]. @19-10-2021 01:57:24.0508 AM
[ReportManager] API Action [GetResponseJSONValue] successfully performed. With the following test data [title]. @19-10-2021 01:57:24.0522 AM
[ReportManager] API Action [GetResponseJSONValue] successfully performed. With the following test data [title]. @19-10-2021 01:57:24.0532 AM
[ReportManager] API Action [GetResponseJSONValue] successfully performed. With the following test data [title]. @19-10-2021 01:57:24.0541 AM
[ReportManager] API Action [GetResponseJSONValue] successfully performed. With the following test data [title]. @19-10-2021 01:57:24.0551 AM
[ReportManager] API Action [GetResponseJSONValue] successfully performed. With the following test data [title]. @19-10-2021 01:57:24.0562 AM
[ReportManager] API Action [GetResponseJSONValue] successfully performed. With the following test data [title]. @19-10-2021 01:57:24.0576 AM
[ReportManager] API Action [GetResponseJSONValue] successfully performed. With the following test data [title]. @19-10-2021 01:57:24.0586 AM
[ReportManager] API Action [GetResponseJSONValue] successfully performed. With the following test data [title]. @19-10-2021 01:57:24.0595 AM
[ReportManager] API Action [GetResponseJSONValue] successfully performed. With the following test data [title]. @19-10-2021 01:57:24.0604 AM
[ReportManager] API Action [GetResponseJSONValue] successfully performed. With the following test data [title]. @19-10-2021 01:57:24.0613 AM
[ReportManager] API Action [GetResponseJSONValue] successfully performed. With the following test data [title]. @19-10-2021 01:57:24.0624 AM
[ReportManager] API Action [GetResponseJSONValue] successfully performed. With the following test data [title]. @19-10-2021 01:57:24.0634 AM
[ReportManager] API Action [GetResponseJSONValue] successfully performed. With the following test data [title]. @19-10-2021 01:57:24.0643 AM
[ReportManager] API Action [GetResponseJSONValue] successfully performed. With the following test data [title]. @19-10-2021 01:57:24.0652 AM
[ReportManager] API Action [GetResponseJSONValue] successfully performed. With the following test data [title]. @19-10-2021 01:57:24.0665 AM
[ReportManager] API Action [GetResponseJSONValue] successfully performed. With the following test data [title]. @19-10-2021 01:57:24.0675 AM
[ReportManager] API Action [GetResponseJSONValue] successfully performed. With the following test data [title]. @19-10-2021 01:57:24.0686 AM
[ReportManager] API Action [GetResponseJSONValue] successfully performed. With the following test data [title]. @19-10-2021 01:57:24.0695 AM
[ReportManager] API Action [GetResponseJSONValue] successfully performed. With the following test data [title]. @19-10-2021 01:57:24.0704 AM
[ReportManager] API Action [GetResponseJSONValue] successfully performed. With the following test data [title]. @19-10-2021 01:57:24.0715 AM
[ReportManager] API Action [GetResponseJSONValue] successfully performed. With the following test data [title]. @19-10-2021 01:57:24.0724 AM
[ReportManager] API Action [GetResponseJSONValue] successfully performed. With the following test data [title]. @19-10-2021 01:57:24.0734 AM
[ReportManager] API Action [GetResponseJSONValue] successfully performed. With the following test data [title]. @19-10-2021 01:57:24.0742 AM
[ReportManager] API Action [GetResponseJSONValue] successfully performed. With the following test data [title]. @19-10-2021 01:57:24.0750 AM
[ReportManager] API Action [GetResponseJSONValue] successfully performed. With the following test data [title]. @19-10-2021 01:57:24.0760 AM
[ReportManager] API Action [GetResponseJSONValue] successfully performed. With the following test data [title]. @19-10-2021 01:57:24.0769 AM
[ReportManager] API Action [GetResponseJSONValue] successfully performed. With the following test data [title]. @19-10-2021 01:57:24.0780 AM
[ReportManager] API Action [GetResponseJSONValue] successfully performed. With the following test data [title]. @19-10-2021 01:57:24.0790 AM
[ReportManager] API Action [GetResponseJSONValue] successfully performed. With the following test data [title]. @19-10-2021 01:57:24.0799 AM
[ReportManager] API Action [GetResponseJSONValue] successfully performed. With the following test data [title]. @19-10-2021 01:57:24.0808 AM
[ReportManager] API Action [GetResponseJSONValue] successfully performed. With the following test data [title]. @19-10-2021 01:57:24.0819 AM
[ReportManager] API Action [GetResponseJSONValue] successfully performed. With the following test data [title]. @19-10-2021 01:57:24.0829 AM
[ReportManager] API Action [GetResponseJSONValue] successfully performed. With the following test data [title]. @19-10-2021 01:57:24.0840 AM
[ReportManager] API Action [GetResponseJSONValue] successfully performed. With the following test data [title]. @19-10-2021 01:57:24.0848 AM
[ReportManager] API Action [GetResponseJSONValue] successfully performed. With the following test data [title]. @19-10-2021 01:57:24.0857 AM
[ReportManager] API Action [GetResponseJSONValue] successfully performed. With the following test data [title]. @19-10-2021 01:57:24.0867 AM
[ReportManager] API Action [GetResponseJSONValue] successfully performed. With the following test data [title]. @19-10-2021 01:57:24.0877 AM
[ReportManager] API Action [GetResponseJSONValue] successfully performed. With the following test data [title]. @19-10-2021 01:57:24.0886 AM
[ReportManager] API Action [GetResponseJSONValue] successfully performed. With the following test data [title]. @19-10-2021 01:57:24.0895 AM
[ReportManager] API Action [GetResponseJSONValue] successfully performed. With the following test data [title]. @19-10-2021 01:57:24.0904 AM
[ReportManager] API Action [GetResponseJSONValue] successfully performed. With the following test data [title]. @19-10-2021 01:57:24.0912 AM
[ReportManager] API Action [GetResponseJSONValue] successfully performed. With the following test data [title]. @19-10-2021 01:57:24.0923 AM
[ReportManager] API Action [GetResponseJSONValue] successfully performed. With the following test data [title]. @19-10-2021 01:57:24.0931 AM
[ReportManager] API Action [GetResponseJSONValue] successfully performed. With the following test data [title]. @19-10-2021 01:57:24.0940 AM
[ReportManager] API Action [GetResponseJSONValue] successfully performed. With the following test data [title]. @19-10-2021 01:57:24.0948 AM
[ReportManager] API Action [GetResponseJSONValue] successfully performed. With the following test data [title]. @19-10-2021 01:57:24.0958 AM
[ReportManager] API Action [GetResponseJSONValue] successfully performed. With the following test data [title]. @19-10-2021 01:57:24.0967 AM
[ReportManager] API Action [GetResponseJSONValue] successfully performed. With the following test data [title]. @19-10-2021 01:57:24.0979 AM
[ReportManager] API Action [GetResponseJSONValue] successfully performed. With the following test data [title]. @19-10-2021 01:57:24.0988 AM
[ReportManager] API Action [GetResponseJSONValue] successfully performed. With the following test data [title]. @19-10-2021 01:57:24.0997 AM
[ReportManager] API Action [GetResponseJSONValue] successfully performed. With the following test data [title]. @19-10-2021 01:57:25.0006 AM
[ReportManager] API Action [GetResponseJSONValue] successfully performed. With the following test data [title]. @19-10-2021 01:57:25.0014 AM
[ReportManager] API Action [GetResponseJSONValue] successfully performed. With the following test data [title]. @19-10-2021 01:57:25.0023 AM
[ReportManager] API Action [GetResponseJSONValue] successfully performed. With the following test data [title]. @19-10-2021 01:57:25.0047 AM
[ReportManager] API Action [GetResponseJSONValue] successfully performed. With the following test data [title]. @19-10-2021 01:57:25.0055 AM
[ReportManager] API Action [GetResponseJSONValue] successfully performed. With the following test data [title]. @19-10-2021 01:57:25.0065 AM
[ReportManager] API Action [GetResponseJSONValue] successfully performed. With the following test data [title]. @19-10-2021 01:57:25.0074 AM
[ReportManager] API Action [GetResponseJSONValue] successfully performed. With the following test data [title]. @19-10-2021 01:57:25.0086 AM
[ReportManager] API Action [GetResponseJSONValue] successfully performed. With the following test data [title]. @19-10-2021 01:57:25.0094 AM
[ReportManager] API Action [GetResponseJSONValue] successfully performed. With the following test data [title]. @19-10-2021 01:57:25.0104 AM
[ReportManager] API Action [GetResponseJSONValue] successfully performed. With the following test data [title]. @19-10-2021 01:57:25.0113 AM
[ReportManager] API Action [GetResponseJSONValue] successfully performed. With the following test data [title]. @19-10-2021 01:57:25.0122 AM
[ReportManager] API Action [GetResponseJSONValue] successfully performed. With the following test data [title]. @19-10-2021 01:57:25.0131 AM
[ReportManager] API Action [GetResponseJSONValue] successfully performed. With the following test data [title]. @19-10-2021 01:57:25.0140 AM
[ReportManager] API Action [GetResponseJSONValue] successfully performed. With the following test data [title]. @19-10-2021 01:57:25.0149 AM
[ReportManager] API Action [GetResponseJSONValue] successfully performed. With the following test data [title]. @19-10-2021 01:57:25.0158 AM
[ReportManager] API Action [GetResponseJSONValue] successfully performed. With the following test data [title]. @19-10-2021 01:57:25.0169 AM
[ReportManager] API Action [GetResponseJSONValue] successfully performed. With the following test data [title]. @19-10-2021 01:57:25.0177 AM
[ReportManager] API Action [GetResponseJSONValue] successfully performed. With the following test data [title]. @19-10-2021 01:57:25.0187 AM
[ReportManager] API Action [GetResponseJSONValue] successfully performed. With the following test data [title]. @19-10-2021 01:57:25.0195 AM
[ReportManager] API Action [GetResponseJSONValue] successfully performed. With the following test data [title]. @19-10-2021 01:57:25.0206 AM
[ReportManager] API Action [GetResponseJSONValue] successfully performed. With the following test data [title]. @19-10-2021 01:57:25.0214 AM
[ReportManager] API Action [GetResponseJSONValue] successfully performed. With the following test data [title]. @19-10-2021 01:57:25.0223 AM
[ReportManager] API Action [GetResponseJSONValue] successfully performed. With the following test data [title]. @19-10-2021 01:57:25.0232 AM
[ReportManager] API Action [GetResponseJSONValue] successfully performed. With the following test data [title]. @19-10-2021 01:57:25.0241 AM
[ReportManager] API Action [GetResponseJSONValue] successfully performed. With the following test data [title]. @19-10-2021 01:57:25.0250 AM
[ReportManager] API Action [GetResponseJSONValue] successfully performed. With the following test data [title]. @19-10-2021 01:57:25.0258 AM
[ReportManager] API Action [GetResponseJSONValue] successfully performed. With the following test data [title]. @19-10-2021 01:57:25.0267 AM
[ReportManager] API Action [GetResponseJSONValue] successfully performed. With the following test data [title]. @19-10-2021 01:57:25.0274 AM
[ReportManager] API Action [GetResponseJSONValue] successfully performed. With the following test data [title]. @19-10-2021 01:57:25.0283 AM
[ReportManager] API Action [GetResponseJSONValue] successfully performed. With the following test data [title]. @19-10-2021 01:57:25.0291 AM
[ReportManager] API Action [GetResponseJSONValue] successfully performed. With the following test data [title]. @19-10-2021 01:57:25.0299 AM
[ReportManager] API Action [GetResponseJSONValue] successfully performed. With the following test data [title]. @19-10-2021 01:57:25.0307 AM
[ReportManager] API Action [GetResponseJSONValue] successfully performed. With the following test data [title]. @19-10-2021 01:57:25.0314 AM
[ReportManager] API Action [GetResponseJSONValue] successfully performed. With the following test data [title]. @19-10-2021 01:57:25.0343 AM
[ReportManager] API Action [GetResponseJSONValue] successfully performed. With the following test data [title]. @19-10-2021 01:57:25.0352 AM
[ReportManager] API Action [GetResponseJSONValue] successfully performed. With the following test data [title]. @19-10-2021 01:57:25.0360 AM
[ReportManager] API Action [GetResponseJSONValue] successfully performed. With the following test data [title]. @19-10-2021 01:57:25.0369 AM
[ReportManager] API Action [GetResponseJSONValue] successfully performed. With the following test data [title]. @19-10-2021 01:57:25.0376 AM
[ReportManager] API Action [GetResponseJSONValue] successfully performed. With the following test data [title]. @19-10-2021 01:57:25.0386 AM
[ReportManager] API Action [GetResponseJSONValue] successfully performed. With the following test data [title]. @19-10-2021 01:57:25.0394 AM
[ReportManager] API Action [GetResponseJSONValue] successfully performed. With the following test data [title]. @19-10-2021 01:57:25.0410 A

################################################################################################################################################
Starting Execution:	[48 out of 143] test cases in the current suite
Test Method:		[unitTests.tests_restActions.validateUserEmail]
################################################################################################################################################
[ReportManager] Response status code: [200], status line: [HTTP/1.1 200 OK] @19-10-2021 01:57:25.0534 AM
[ReportManager] Assertion Passed: Evaluating the actual response status code against the expected one... @19-10-2021 01:57:25.0535 AM
[ReportManager] Assertion [ValidateEquals] PASSED. Expected [200] and Actual [200]. Comparison Type [EQUALS]. Validation Type [POSITIVE]. @19-10-2021 01:57:25.0535 AM
[ReportManager] API Action [PerformRequest] successfully performed. With the following test data [Request Type: "GET" | Target Status Code: "200" | Service URL: "https://jsonplaceholder.typicode.com/users" | Content Type: "*/*" | Response Time: "93ms"]. @19-10-2021 01:57:25.0622 AM
[ReportManager] Successfully created attachment [API Request - Specifications] @19-10-2021 01:57:25.0623 AM
[ReportManager] Successfully created attachment [API Response - JSON Body] @19-10-2021 01:57:25.0626 AM
[ReportManager] Assertion [ValidateEquals] PASSED. Expected and Actual values are attached. Comparison Type [CONTAINS]. Validation Type [POSITIVE]. @19-10-2021 01:57:25.0626 AM
[ReportManager] Successfully created attachment [Validation Test Data - Expected Value] @19-10-2021 01:57:25.0626 AM
[ReportManager] Successfully created attachment [Validation Test Data - Actual Value] @19-10-2021 01:57:25.0627 AM
[ReportManager] API Action [GetResponseJSONValueAsList] successfully performed. With the following test data [$]. @19-10-2021 01:57:25.0631 AM
[ReportManager] API Action [GetResponseJSONValue] successfully performed. With the following test data [name]. @19-10-2021 01:57:25.0652 AM
[ReportManager] API Action [GetResponseJSONValue] successfully performed. With the following test data [email]. @19-10-2021 01:57:25.0673 AM
[ReportManager] Assertion [ValidateEquals] PASSED. Expected [Sincere@april.biz] and Actual [Sincere@april.biz]. Comparison Type [EQUALS]. Validation Type [POSITIVE]. @19-10-2021 01:57:25.0673 AM
[ReportManager] API Action [GetResponseJSONValue] successfully performed. With the following test data [name]. @19-10-2021 01:57:25.0699 AM
[ReportManager] API Action [GetResponseJSONValue] successfully performed. With the following test data [name]. @19-10-2021 01:57:25.0723 AM
[ReportManager] API Action [GetResponseJSONValue] successfully performed. With the following test data [name]. @19-10-2021 01:57:25.0732 AM
[ReportManager] API Action [GetResponseJSONValue] successfully performed. With the following test data [name]. @19-10-2021 01:57:25.0758 AM
[ReportManager] API Action [GetResponseJSONValue] successfully performed. With the following test data [name]. @19-10-2021 01:57:25.0773 AM
[ReportManager] API Action [GetResponseJSONValue] successfully performed. With the following test data [name]. @19-10-2021 01:57:25.0781 AM
[ReportManager] API Action [GetResponseJSONValue] successfully performed. With the following test data [name]. @19-10-2021 01:57:25.0792 AM
[ReportManager] API Action [GetResponseJSONValue] successfully performed. With the following test data [name]. @19-10-2021 01:57:25.0800 AM
[ReportManager] API Action [GetResponseJSONValue] successfully performed. With the following test data [name]. @19-10-2021 01:57:25.0809 A
[ReportManager] File Action [GetAbsolutePath] successfully performed. With the following test data [Relative Folder Path: "target/downloadedFiles/"]. @19-10-2021 01:57:25.0813 AM
[ReportManager] Attempting to run remotely on: [Linux-64], [GoogleChrome], [http://localhost:4444/wd/hub], Headless Execution. @19-10-2021 01:57:25.0814 AM
[ReportManager] Successfully Opened [GoogleChrome]. @19-10-2021 01:57:26.0140 AM
[ReportManager] Target URL: [https://duckduckgo.com] @19-10-2021 01:57:26.0160 AM
[ReportManager] Initial URL: [data:,] @19-10-2021 01:57:26.0217 AM
[ReportManager] Browser Action [NavigateToURL] successfully performed. With the following test data [https://duckduckgo.com]. @19-10-2021 01:57:26.0868 A

################################################################################################################################################
Starting Execution:	[49 out of 143] test cases in the current suite
Test Method:		[unitTests.tests_browserActions.fullScreenWindow]
################################################################################################################################################
[ReportManager] Initial Windows Size: 800x600 @19-10-2021 01:57:26.0879 AM
[ReportManager] Initial window size: (800, 600) @19-10-2021 01:57:26.0882 AM
[ReportManager] Window size after Toolkit: (1920, 1080) @19-10-2021 01:57:27.0103 AM
[ReportManager] Browser Action [MaximizeWindow] successfully performed. With the following test data [New screen size is now: (1920, 1080)]. @19-10-2021 01:57:27.0106 AM
[ReportManager] Current Windows Size after fullScreen: 1920x1080 @19-10-2021 01:57:27.0111 AM
[ReportManager] Browser Action [FullScreenWindow] successfully performed. @19-10-2021 01:57:27.0127 AM
[ReportManager] Successfully created attachment [Browser Action Test Data - FullScreenWindow - Actual Value] @19-10-2021 01:57:27.0129 A
[ReportManager] Target URL: [https://duckduckgo.com] @19-10-2021 01:57:27.0136 AM
[ReportManager] Initial URL: [https://duckduckgo.com] @19-10-2021 01:57:27.0210 AM
[ReportManager] Browser Action [NavigateToURL] successfully performed. With the following test data [https://duckduckgo.com]. @19-10-2021 01:57:27.0587 AM
[ReportManager] Browser Action [CloseCurrentWindow] successfully performed. @19-10-2021 01:57:27.0690 AM
[ReportManager] Successfully created attachment [Browser Action Test Data - CloseCurrentWindow - Actual Value] @19-10-2021 01:57:27.0696 A
[ReportManager] File Action [GetAbsolutePath] successfully performed. With the following test data [Relative Folder Path: "target/downloadedFiles/"]. @19-10-2021 01:57:27.0699 AM
[ReportManager] Attempting to run remotely on: [Linux-64], [GoogleChrome], [http://localhost:4444/wd/hub], Headless Execution. @19-10-2021 01:57:27.0700 AM
[ReportManager] Successfully Opened [GoogleChrome]. @19-10-2021 01:57:27.0925 AM
[ReportManager] Target URL: [https://duckduckgo.com] @19-10-2021 01:57:27.0936 AM
[ReportManager] Initial URL: [data:,] @19-10-2021 01:57:27.0984 AM
[ReportManager] Browser Action [NavigateToURL] successfully performed. With the following test data [https://duckduckgo.com]. @19-10-2021 01:57:28.0510 A

################################################################################################################################################
Starting Execution:	[50 out of 143] test cases in the current suite
Test Method:		[unitTests.tests_browserActions.getCurrentURL]
################################################################################################################################################
[ReportManager] Browser Action [GetCurrentURL] successfully performed. With the following test data [https://duckduckgo.com/]. @19-10-2021 01:57:28.0548 A
[ReportManager] Target URL: [https://duckduckgo.com] @19-10-2021 01:57:28.0550 AM
[ReportManager] Initial URL: [https://duckduckgo.com] @19-10-2021 01:57:28.0613 AM
[ReportManager] Browser Action [NavigateToURL] successfully performed. With the following test data [https://duckduckgo.com]. @19-10-2021 01:57:28.0959 AM
[ReportManager] Browser Action [CloseCurrentWindow] successfully performed. @19-10-2021 01:57:29.0080 AM
[ReportManager] Successfully created attachment [Browser Action Test Data - CloseCurrentWindow - Actual Value] @19-10-2021 01:57:29.0080 A
[ReportManager] File Action [GetAbsolutePath] successfully performed. With the following test data [Relative Folder Path: "target/downloadedFiles/"]. @19-10-2021 01:57:29.0083 AM
[ReportManager] Attempting to run remotely on: [Linux-64], [GoogleChrome], [http://localhost:4444/wd/hub], Headless Execution. @19-10-2021 01:57:29.0083 AM
[ReportManager] Successfully Opened [GoogleChrome]. @19-10-2021 01:57:29.0301 AM
[ReportManager] Target URL: [https://duckduckgo.com] @19-10-2021 01:57:29.0323 AM
[ReportManager] Initial URL: [data:,] @19-10-2021 01:57:29.0372 AM
[ReportManager] Browser Action [NavigateToURL] successfully performed. With the following test data [https://duckduckgo.com]. @19-10-2021 01:57:30.0012 A

################################################################################################################################################
Starting Execution:	[51 out of 143] test cases in the current suite
Test Method:		[unitTests.tests_browserActions.getCurrentWindowTitle]
################################################################################################################################################
[ReportManager] Browser Action [GetCurrentWindowTitle] successfully performed. With the following test data [DuckDuckGo  Privacy, simplified.]. @19-10-2021 01:57:30.0053 A
[ReportManager] Target URL: [https://duckduckgo.com] @19-10-2021 01:57:30.0062 AM
[ReportManager] Initial URL: [https://duckduckgo.com] @19-10-2021 01:57:30.0145 AM
[ReportManager] Browser Action [NavigateToURL] successfully performed. With the following test data [https://duckduckgo.com]. @19-10-2021 01:57:30.0489 AM
[ReportManager] Browser Action [CloseCurrentWindow] successfully performed. @19-10-2021 01:57:30.0597 AM
[ReportManager] Successfully created attachment [Browser Action Test Data - CloseCurrentWindow - Actual Value] @19-10-2021 01:57:30.0598 A
[ReportManager] File Action [GetAbsolutePath] successfully performed. With the following test data [Relative Folder Path: "target/downloadedFiles/"]. @19-10-2021 01:57:30.0600 AM
[ReportManager] Attempting to run remotely on: [Linux-64], [GoogleChrome], [http://localhost:4444/wd/hub], Headless Execution. @19-10-2021 01:57:30.0601 AM
[ReportManager] Successfully Opened [GoogleChrome]. @19-10-2021 01:57:30.0813 AM
[ReportManager] Target URL: [https://duckduckgo.com] @19-10-2021 01:57:30.0823 AM
[ReportManager] Initial URL: [data:,] @19-10-2021 01:57:30.0871 AM
[ReportManager] Browser Action [NavigateToURL] successfully performed. With the following test data [https://duckduckgo.com]. @19-10-2021 01:57:31.0428 A

################################################################################################################################################
Starting Execution:	[52 out of 143] test cases in the current suite
Test Method:		[unitTests.tests_browserActions.getPageSource]
################################################################################################################################################
[ReportManager] Browser Action [GetPageSource] successfully performed. @19-10-2021 01:57:31.0496 AM
[ReportManager] Successfully created attachment [Browser Action Test Data - GetPageSource - Actual Value] @19-10-2021 01:57:31.0510 A
[ReportManager] Target URL: [https://duckduckgo.com] @19-10-2021 01:57:31.0512 AM
[ReportManager] Initial URL: [https://duckduckgo.com] @19-10-2021 01:57:31.0579 AM
[ReportManager] Browser Action [NavigateToURL] successfully performed. With the following test data [https://duckduckgo.com]. @19-10-2021 01:57:31.0920 AM
[ReportManager] Browser Action [CloseCurrentWindow] successfully performed. @19-10-2021 01:57:32.0021 AM
[ReportManager] Successfully created attachment [Browser Action Test Data - CloseCurrentWindow - Actual Value] @19-10-2021 01:57:32.0022 A
[ReportManager] File Action [GetAbsolutePath] successfully performed. With the following test data [Relative Folder Path: "target/downloadedFiles/"]. @19-10-2021 01:57:32.0024 AM
[ReportManager] Attempting to run remotely on: [Linux-64], [GoogleChrome], [http://localhost:4444/wd/hub], Headless Execution. @19-10-2021 01:57:32.0025 AM
[ReportManager] Successfully Opened [GoogleChrome]. @19-10-2021 01:57:32.0259 AM
[ReportManager] Target URL: [https://duckduckgo.com] @19-10-2021 01:57:32.0276 AM
[ReportManager] Initial URL: [data:,] @19-10-2021 01:57:32.0321 AM
[ReportManager] Browser Action [NavigateToURL] successfully performed. With the following test data [https://duckduckgo.com]. @19-10-2021 01:57:32.0901 A

################################################################################################################################################
Starting Execution:	[53 out of 143] test cases in the current suite
Test Method:		[unitTests.tests_browserActions.getWindowHandle]
################################################################################################################################################
[ReportManager] Browser Action [GetWindowHandle] successfully performed. With the following test data [CDwindow-2F68059C15631B1549457D4867D5A23C]. @19-10-2021 01:57:32.0938 A
[ReportManager] Target URL: [https://duckduckgo.com] @19-10-2021 01:57:32.0940 AM
[ReportManager] Initial URL: [https://duckduckgo.com] @19-10-2021 01:57:32.0998 AM
[ReportManager] Browser Action [NavigateToURL] successfully performed. With the following test data [https://duckduckgo.com]. @19-10-2021 01:57:33.0327 AM
[ReportManager] Browser Action [CloseCurrentWindow] successfully performed. @19-10-2021 01:57:33.0429 AM
[ReportManager] Successfully created attachment [Browser Action Test Data - CloseCurrentWindow - Actual Value] @19-10-2021 01:57:33.0429 A
[ReportManager] File Action [GetAbsolutePath] successfully performed. With the following test data [Relative Folder Path: "target/downloadedFiles/"]. @19-10-2021 01:57:33.0432 AM
[ReportManager] Attempting to run remotely on: [Linux-64], [GoogleChrome], [http://localhost:4444/wd/hub], Headless Execution. @19-10-2021 01:57:33.0432 AM
[ReportManager] Successfully Opened [GoogleChrome]. @19-10-2021 01:57:33.0675 AM
[ReportManager] Target URL: [https://duckduckgo.com] @19-10-2021 01:57:33.0687 AM
[ReportManager] Initial URL: [data:,] @19-10-2021 01:57:33.0737 AM
[ReportManager] Browser Action [NavigateToURL] successfully performed. With the following test data [https://duckduckgo.com]. @19-10-2021 01:57:34.0370 A

################################################################################################################################################
Starting Execution:	[54 out of 143] test cases in the current suite
Test Method:		[unitTests.tests_browserActions.getWindowPosition]
################################################################################################################################################
[ReportManager] Browser Action [GetWindowPosition] successfully performed. With the following test data [(0, 0)]. @19-10-2021 01:57:34.0407 A
[ReportManager] Target URL: [https://duckduckgo.com] @19-10-2021 01:57:34.0409 AM
[ReportManager] Initial URL: [https://duckduckgo.com] @19-10-2021 01:57:34.0461 AM
[ReportManager] Browser Action [NavigateToURL] successfully performed. With the following test data [https://duckduckgo.com]. @19-10-2021 01:57:34.0888 AM
[ReportManager] Browser Action [CloseCurrentWindow] successfully performed. @19-10-2021 01:57:35.0006 AM
[ReportManager] Successfully created attachment [Browser Action Test Data - CloseCurrentWindow - Actual Value] @19-10-2021 01:57:35.0007 A
[ReportManager] File Action [GetAbsolutePath] successfully performed. With the following test data [Relative Folder Path: "target/downloadedFiles/"]. @19-10-2021 01:57:35.0009 AM
[ReportManager] Attempting to run remotely on: [Linux-64], [GoogleChrome], [http://localhost:4444/wd/hub], Headless Execution. @19-10-2021 01:57:35.0010 AM
[ReportManager] Successfully Opened [GoogleChrome]. @19-10-2021 01:57:35.0571 AM
[ReportManager] Target URL: [https://duckduckgo.com] @19-10-2021 01:57:35.0586 AM
[ReportManager] Initial URL: [data:,] @19-10-2021 01:57:35.0661 AM
[ReportManager] Browser Action [NavigateToURL] successfully performed. With the following test data [https://duckduckgo.com]. @19-10-2021 01:57:36.0323 A

################################################################################################################################################
Starting Execution:	[55 out of 143] test cases in the current suite
Test Method:		[unitTests.tests_browserActions.getWindowSize]
################################################################################################################################################
[ReportManager] Browser Action [GetWindowSize] successfully performed. With the following test data [(800, 600)]. @19-10-2021 01:57:36.0361 A
[ReportManager] Target URL: [https://duckduckgo.com] @19-10-2021 01:57:36.0363 AM
[ReportManager] Initial URL: [https://duckduckgo.com] @19-10-2021 01:57:36.0423 AM
[ReportManager] Browser Action [NavigateToURL] successfully performed. With the following test data [https://duckduckgo.com]. @19-10-2021 01:57:36.0758 AM
[ReportManager] Browser Action [CloseCurrentWindow] successfully performed. @19-10-2021 01:57:36.0861 AM
[ReportManager] Successfully created attachment [Browser Action Test Data - CloseCurrentWindow - Actual Value] @19-10-2021 01:57:36.0862 A
[ReportManager] File Action [GetAbsolutePath] successfully performed. With the following test data [Relative Folder Path: "target/downloadedFiles/"]. @19-10-2021 01:57:36.0866 AM
[ReportManager] Attempting to run remotely on: [Linux-64], [GoogleChrome], [http://localhost:4444/wd/hub], Headless Execution. @19-10-2021 01:57:36.0867 AM
[ReportManager] Successfully Opened [GoogleChrome]. @19-10-2021 01:57:37.0189 AM
[ReportManager] Target URL: [https://duckduckgo.com] @19-10-2021 01:57:37.0199 AM
[ReportManager] Initial URL: [data:,] @19-10-2021 01:57:37.0241 AM
[ReportManager] Browser Action [NavigateToURL] successfully performed. With the following test data [https://duckduckgo.com]. @19-10-2021 01:57:37.0760 A

################################################################################################################################################
Starting Execution:	[56 out of 143] test cases in the current suite
Test Method:		[unitTests.tests_browserActions.maximizeWindow]
################################################################################################################################################
[ReportManager] Initial window size: (800, 600) @19-10-2021 01:57:37.0775 AM
[ReportManager] Window size after Toolkit: (1920, 1080) @19-10-2021 01:57:38.0008 AM
[ReportManager] Browser Action [MaximizeWindow] successfully performed. With the following test data [New screen size is now: (1920, 1080)]. @19-10-2021 01:57:38.0014 A
[ReportManager] Target URL: [https://duckduckgo.com] @19-10-2021 01:57:38.0020 AM
[ReportManager] Initial URL: [https://duckduckgo.com] @19-10-2021 01:57:38.0086 AM
[ReportManager] Browser Action [NavigateToURL] successfully performed. With the following test data [https://duckduckgo.com]. @19-10-2021 01:57:38.0457 AM
[ReportManager] Browser Action [CloseCurrentWindow] successfully performed. @19-10-2021 01:57:38.0558 AM
[ReportManager] Successfully created attachment [Browser Action Test Data - CloseCurrentWindow - Actual Value] @19-10-2021 01:57:38.0559 A
[ReportManager] File Action [GetAbsolutePath] successfully performed. With the following test data [Relative Folder Path: "target/downloadedFiles/"]. @19-10-2021 01:57:38.0564 AM
[ReportManager] Attempting to run remotely on: [Linux-64], [GoogleChrome], [http://localhost:4444/wd/hub], Headless Execution. @19-10-2021 01:57:38.0565 AM
[ReportManager] Successfully Opened [GoogleChrome]. @19-10-2021 01:57:38.0803 AM
[ReportManager] Target URL: [https://duckduckgo.com] @19-10-2021 01:57:38.0813 AM
[ReportManager] Initial URL: [data:,] @19-10-2021 01:57:38.0860 AM
[ReportManager] Browser Action [NavigateToURL] successfully performed. With the following test data [https://duckduckgo.com]. @19-10-2021 01:57:39.0375 A

################################################################################################################################################
Starting Execution:	[57 out of 143] test cases in the current suite
Test Method:		[unitTests.tests_browserActions.navigateBack]
################################################################################################################################################
[ReportManager] Target URL: [https://www.google.com/ncr], and after redirection: [https://www.google.com] @19-10-2021 01:57:39.0383 AM
[ReportManager] Initial URL: [https://duckduckgo.com] @19-10-2021 01:57:39.0433 AM
[ReportManager] Browser Action [NavigateToURL] successfully performed. With the following test data [https://www.google.com/ncr]. @19-10-2021 01:57:40.0322 AM
[ReportManager] Browser Action [NavigateBack] successfully performed. With the following test data [https://duckduckgo.com/]. @19-10-2021 01:57:40.0719 AM
[ReportManager] Browser Action [GetCurrentURL] successfully performed. With the following test data [https://duckduckgo.com/]. @19-10-2021 01:57:40.0756 AM
[ReportManager] Assertion Passed: Confirming that navigating back was successful @19-10-2021 01:57:40.0906 AM
[ReportManager] Successfully created attachment [Screenshot - 1634608660837_navigateBack_ValidateBrowserAttribute_passed] @19-10-2021 01:57:40.0907 AM
[ReportManager] Assertion [ValidateBrowserAttribute] PASSED. Expected [Value Should be 'https://duckduckgo.com' for the 'CurrentUrl' attribute] and Actual [https://duckduckgo.com/]. Comparison Type [CONTAINS]. Validation Type [POSITIVE]. @19-10-2021 01:57:40.0907 A
[ReportManager] Target URL: [https://duckduckgo.com] @19-10-2021 01:57:40.0912 AM
[ReportManager] Initial URL: [https://duckduckgo.com] @19-10-2021 01:57:40.0987 AM
[ReportManager] Browser Action [NavigateToURL] successfully performed. With the following test data [https://duckduckgo.com]. @19-10-2021 01:57:41.0289 AM
[ReportManager] Browser Action [CloseCurrentWindow] successfully performed. @19-10-2021 01:57:41.0392 AM
[ReportManager] Successfully created attachment [Browser Action Test Data - CloseCurrentWindow - Actual Value] @19-10-2021 01:57:41.0393 A
[ReportManager] File Action [GetAbsolutePath] successfully performed. With the following test data [Relative Folder Path: "target/downloadedFiles/"]. @19-10-2021 01:57:41.0395 AM
[ReportManager] Attempting to run remotely on: [Linux-64], [GoogleChrome], [http://localhost:4444/wd/hub], Headless Execution. @19-10-2021 01:57:41.0395 AM
[ReportManager] Successfully Opened [GoogleChrome]. @19-10-2021 01:57:41.0612 AM
[ReportManager] Target URL: [https://duckduckgo.com] @19-10-2021 01:57:41.0623 AM
[ReportManager] Initial URL: [data:,] @19-10-2021 01:57:41.0668 AM
[ReportManager] Browser Action [NavigateToURL] successfully performed. With the following test data [https://duckduckgo.com]. @19-10-2021 01:57:42.0205 A

################################################################################################################################################
Starting Execution:	[58 out of 143] test cases in the current suite
Test Method:		[unitTests.tests_browserActions.navigateForward]
################################################################################################################################################
[ReportManager] Target URL: [https://www.google.com/ncr], and after redirection: [https://www.google.com] @19-10-2021 01:57:42.0212 AM
[ReportManager] Initial URL: [https://duckduckgo.com] @19-10-2021 01:57:42.0270 AM
[ReportManager] Browser Action [NavigateToURL] successfully performed. With the following test data [https://www.google.com/ncr]. @19-10-2021 01:57:43.0125 AM
[ReportManager] Browser Action [NavigateBack] successfully performed. With the following test data [https://duckduckgo.com/]. @19-10-2021 01:57:43.0538 AM
[ReportManager] Browser Action [NavigateForward] successfully performed. With the following test data [https://www.google.com/]. @19-10-2021 01:57:43.0993 A
[ReportManager] Target URL: [https://duckduckgo.com] @19-10-2021 01:57:43.0997 AM
[ReportManager] Initial URL: [https://www.google.com] @19-10-2021 01:57:44.0090 AM
[ReportManager] Browser Action [NavigateToURL] successfully performed. With the following test data [https://duckduckgo.com]. @19-10-2021 01:57:44.0602 AM
[ReportManager] Browser Action [CloseCurrentWindow] successfully performed. @19-10-2021 01:57:44.0706 AM
[ReportManager] Successfully created attachment [Browser Action Test Data - CloseCurrentWindow - Actual Value] @19-10-2021 01:57:44.0706 A
[ReportManager] File Action [GetAbsolutePath] successfully performed. With the following test data [Relative Folder Path: "target/downloadedFiles/"]. @19-10-2021 01:57:44.0710 AM
[ReportManager] Attempting to run remotely on: [Linux-64], [GoogleChrome], [http://localhost:4444/wd/hub], Headless Execution. @19-10-2021 01:57:44.0710 AM
[ReportManager] Successfully Opened [GoogleChrome]. @19-10-2021 01:57:44.0919 AM
[ReportManager] Target URL: [https://duckduckgo.com] @19-10-2021 01:57:44.0929 AM
[ReportManager] Initial URL: [data:,] @19-10-2021 01:57:44.0982 AM
[ReportManager] Browser Action [NavigateToURL] successfully performed. With the following test data [https://duckduckgo.com]. @19-10-2021 01:57:45.0553 A

################################################################################################################################################
Starting Execution:	[59 out of 143] test cases in the current suite
Test Method:		[unitTests.tests_browserActions.navigateToURL]
################################################################################################################################################
[ReportManager] Target URL: [https://duckduckgo.com] @19-10-2021 01:57:45.0558 AM
[ReportManager] Initial URL: [https://duckduckgo.com] @19-10-2021 01:57:45.0615 AM
[ReportManager] Browser Action [NavigateToURL] successfully performed. With the following test data [https://duckduckgo.com]. @19-10-2021 01:57:45.0938 A
[ReportManager] Target URL: [https://duckduckgo.com] @19-10-2021 01:57:45.0940 AM
[ReportManager] Initial URL: [https://duckduckgo.com] @19-10-2021 01:57:46.0004 AM
[ReportManager] Browser Action [NavigateToURL] successfully performed. With the following test data [https://duckduckgo.com]. @19-10-2021 01:57:46.0302 AM
[ReportManager] Browser Action [CloseCurrentWindow] successfully performed. @19-10-2021 01:57:46.0401 AM
[ReportManager] Successfully created attachment [Browser Action Test Data - CloseCurrentWindow - Actual Value] @19-10-2021 01:57:46.0402 A
[ReportManager] File Action [GetAbsolutePath] successfully performed. With the following test data [Relative Folder Path: "target/downloadedFiles/"]. @19-10-2021 01:57:46.0404 AM
[ReportManager] Attempting to run remotely on: [Linux-64], [GoogleChrome], [http://localhost:4444/wd/hub], Headless Execution. @19-10-2021 01:57:46.0404 AM
[ReportManager] Successfully Opened [GoogleChrome]. @19-10-2021 01:57:46.0704 AM
[ReportManager] Target URL: [https://duckduckgo.com] @19-10-2021 01:57:46.0714 AM
[ReportManager] Initial URL: [data:,] @19-10-2021 01:57:46.0762 AM
[ReportManager] Browser Action [NavigateToURL] successfully performed. With the following test data [https://duckduckgo.com]. @19-10-2021 01:57:47.0266 A

################################################################################################################################################
Starting Execution:	[60 out of 143] test cases in the current suite
Test Method:		[unitTests.tests_browserActions.navigateToURLWithRedirection]
################################################################################################################################################
[ReportManager] Target URL: [https://www.google.com/ncr], and after redirection: [https://www.google.com] @19-10-2021 01:57:47.0269 AM
[ReportManager] Initial URL: [https://duckduckgo.com] @19-10-2021 01:57:47.0322 AM
[ReportManager] Browser Action [NavigateToURL] successfully performed. With the following test data [https://www.google.com/ncr]. @19-10-2021 01:57:48.0175 A
[ReportManager] Target URL: [https://duckduckgo.com] @19-10-2021 01:57:48.0177 AM
[ReportManager] Initial URL: [https://www.google.com] @19-10-2021 01:57:48.0265 AM
[ReportManager] Browser Action [NavigateToURL] successfully performed. With the following test data [https://duckduckgo.com]. @19-10-2021 01:57:48.0750 AM
[ReportManager] Browser Action [CloseCurrentWindow] successfully performed. @19-10-2021 01:57:48.0846 AM
[ReportManager] Successfully created attachment [Browser Action Test Data - CloseCurrentWindow - Actual Value] @19-10-2021 01:57:48.0847 A
[ReportManager] File Action [GetAbsolutePath] successfully performed. With the following test data [Relative Folder Path: "target/downloadedFiles/"]. @19-10-2021 01:57:48.0849 AM
[ReportManager] Attempting to run remotely on: [Linux-64], [GoogleChrome], [http://localhost:4444/wd/hub], Headless Execution. @19-10-2021 01:57:48.0849 AM
[ReportManager] Successfully Opened [GoogleChrome]. @19-10-2021 01:57:49.0065 AM
[ReportManager] Target URL: [https://duckduckgo.com] @19-10-2021 01:57:49.0078 AM
[ReportManager] Initial URL: [data:,] @19-10-2021 01:57:49.0122 AM
[ReportManager] Browser Action [NavigateToURL] successfully performed. With the following test data [https://duckduckgo.com]. @19-10-2021 01:57:49.0630 A

################################################################################################################################################
Starting Execution:	[61 out of 143] test cases in the current suite
Test Method:		[unitTests.tests_browserActions.refreshCurrentPage]
################################################################################################################################################
[ReportManager] Browser Action [RefreshCurrentPage] successfully performed. @19-10-2021 01:57:49.0829 AM
[ReportManager] Successfully created attachment [Browser Action Test Data - RefreshCurrentPage - Actual Value] @19-10-2021 01:57:49.0830 A
[ReportManager] Target URL: [https://duckduckgo.com] @19-10-2021 01:57:49.0833 AM
[ReportManager] Initial URL: [https://duckduckgo.com] @19-10-2021 01:57:49.0909 AM
[ReportManager] Browser Action [NavigateToURL] successfully performed. With the following test data [https://duckduckgo.com]. @19-10-2021 01:57:50.0227 AM
[ReportManager] Browser Action [CloseCurrentWindow] successfully performed. @19-10-2021 01:57:50.0343 AM
[ReportManager] Successfully created attachment [Browser Action Test Data - CloseCurrentWindow - Actual Value] @19-10-2021 01:57:50.0344 A
[ReportManager] File Action [GetAbsolutePath] successfully performed. With the following test data [Relative Folder Path: "target/downloadedFiles/"]. @19-10-2021 01:57:50.0346 AM
[ReportManager] Attempting to run remotely on: [Linux-64], [GoogleChrome], [http://localhost:4444/wd/hub], Headless Execution. @19-10-2021 01:57:50.0346 AM
[ReportManager] Successfully Opened [GoogleChrome]. @19-10-2021 01:57:50.0612 AM
[ReportManager] Target URL: [https://duckduckgo.com] @19-10-2021 01:57:50.0625 AM
[ReportManager] Initial URL: [data:,] @19-10-2021 01:57:50.0663 AM
[ReportManager] Browser Action [NavigateToURL] successfully performed. With the following test data [https://duckduckgo.com]. @19-10-2021 01:57:51.0182 A

################################################################################################################################################
Starting Execution:	[62 out of 143] test cases in the current suite
Test Method:		[unitTests.tests_browserActions.setWindowSize]
################################################################################################################################################
[ReportManager] Initial window size: (800, 600) @19-10-2021 01:57:51.0197 AM
[ReportManager] Window size after SWD: (1280, 720) @19-10-2021 01:57:51.0419 AM
[ReportManager] Browser Action [SetWindowSize] successfully performed. With the following test data [New screen size is now: (1280, 720)]. @19-10-2021 01:57:51.0419 A
[ReportManager] Target URL: [https://duckduckgo.com] @19-10-2021 01:57:51.0425 AM
[ReportManager] Initial URL: [https://duckduckgo.com] @19-10-2021 01:57:51.0510 AM
[ReportManager] Browser Action [NavigateToURL] successfully performed. With the following test data [https://duckduckgo.com]. @19-10-2021 01:57:51.0846 AM
[ReportManager] Browser Action [CloseCurrentWindow] successfully performed. @19-10-2021 01:57:51.0943 AM
[ReportManager] Successfully created attachment [Browser Action Test Data - CloseCurrentWindow - Actual Value] @19-10-2021 01:57:51.0944 A
[ReportManager] File Action [GetAbsolutePath] successfully performed. With the following test data [Relative Folder Path: "target/downloadedFiles/"]. @19-10-2021 01:57:51.0947 AM
[ReportManager] Attempting to run remotely on: [Linux-64], [GoogleChrome], [http://localhost:4444/wd/hub], Headless Execution. @19-10-2021 01:57:51.0948 AM
[ReportManager] Successfully Opened [GoogleChrome]. @19-10-2021 01:57:52.0178 A

################################################################################################################################################
Starting Execution:	[63 out of 143] test cases in the current suite
Test Method:		[unitTests.tests_element_elementActions.waitForElementToBePresent_false_expectedToFail]
################################################################################################################################################
[ReportManager] Target URL: [https://www.google.com/ncr], and after redirection: [www.google.com] @19-10-2021 01:57:52.0194 AM
[ReportManager] Initial URL: [data:,] @19-10-2021 01:57:52.0244 AM
[ReportManager] Browser Action [NavigateToURL] successfully performed. With the following test data [https://www.google.com/ncr]. @19-10-2021 01:57:53.0102 AM
[ReportManager] Waiting for element to be present; elementLocator [By.xpath: //*[@id='hplogo' or @alt='Google']], numberOfTries[1], stateOfPresence[false]... @19-10-2021 01:57:53.0105 AM
[ReportManager] Element Action [WaitForElementToBePresent] failed. With the following test data [waited for the element's state of presence to be (false). Element locator (By.xpath: //*[@id='hplogo' or @alt='Google'])]. @19-10-2021 01:57:53.0281 AM
[ReportManager] Successfully created attachment [Screenshot - 1634608673219_waitForElementToBePresent_false_expectedToFail_WaitForElementToBePresent_failed] @19-10-2021 01:57:53.0282 A
[ReportManager] Browser Action [CloseCurrentWindow] successfully performed. @19-10-2021 01:57:53.0405 AM
[ReportManager] Successfully created attachment [Browser Action Test Data - CloseCurrentWindow - Actual Value] @19-10-2021 01:57:53.0406 A
[ReportManager] File Action [GetAbsolutePath] successfully performed. With the following test data [Relative Folder Path: "target/downloadedFiles/"]. @19-10-2021 01:57:53.0408 AM
[ReportManager] Attempting to run remotely on: [Linux-64], [GoogleChrome], [http://localhost:4444/wd/hub], Headless Execution. @19-10-2021 01:57:53.0408 AM
[ReportManager] Successfully Opened [GoogleChrome]. @19-10-2021 01:57:53.0617 A

################################################################################################################################################
Starting Execution:	[64 out of 143] test cases in the current suite
Test Method:		[unitTests.tests_element_elementActions.waitForElementToBePresent_false_expectedToPass]
################################################################################################################################################
[ReportManager] Target URL: [https://www.google.com/ncr], and after redirection: [www.google.com] @19-10-2021 01:57:53.0631 AM
[ReportManager] Initial URL: [data:,] @19-10-2021 01:57:53.0675 AM
[ReportManager] Browser Action [NavigateToURL] successfully performed. With the following test data [https://www.google.com/ncr]. @19-10-2021 01:57:54.0555 AM
[ReportManager] Waiting for element to be present; elementLocator [By.id: bla], numberOfTries[1], stateOfPresence[false]... @19-10-2021 01:57:54.0555 AM
[ReportManager] Element Action [WaitForElementToBePresent] successfully performed. With the following test data [waited for the element's state of presence to be (false). Element locator (By.id: bla)]. @19-10-2021 01:57:59.0675 A
[ReportManager] Browser Action [CloseCurrentWindow] successfully performed. @19-10-2021 01:57:59.0814 AM
[ReportManager] Successfully created attachment [Browser Action Test Data - CloseCurrentWindow - Actual Value] @19-10-2021 01:57:59.0815 A
[ReportManager] File Action [GetAbsolutePath] successfully performed. With the following test data [Relative Folder Path: "target/downloadedFiles/"]. @19-10-2021 01:57:59.0818 AM
[ReportManager] Attempting to run remotely on: [Linux-64], [GoogleChrome], [http://localhost:4444/wd/hub], Headless Execution. @19-10-2021 01:57:59.0818 AM
[ReportManager] Successfully Opened [GoogleChrome]. @19-10-2021 01:58:00.0036 A

################################################################################################################################################
Starting Execution:	[65 out of 143] test cases in the current suite
Test Method:		[unitTests.tests_element_elementActions.waitForElementToBePresent_moreThanOneElement_expectedToFail]
################################################################################################################################################
[ReportManager] Target URL: [https://www.google.com/ncr], and after redirection: [www.google.com] @19-10-2021 01:58:00.0049 AM
[ReportManager] Initial URL: [data:,] @19-10-2021 01:58:00.0098 AM
[ReportManager] Browser Action [NavigateToURL] successfully performed. With the following test data [https://www.google.com/ncr]. @19-10-2021 01:58:00.0951 AM
[ReportManager] Waiting for element to be present; elementLocator [By.xpath: //*], numberOfTries[1], stateOfPresence[false]... @19-10-2021 01:58:00.0951 AM
[ReportManager] Element Action [WaitForElementToBePresent] failed. With the following test data [waited for the element's state of presence to be (false). Element locator (By.xpath: //*)]. @19-10-2021 01:58:01.0165 AM
[ReportManager] Successfully created attachment [Screenshot - 1634608681104_waitForElementToBePresent_moreThanOneElement_expectedToFail_WaitForElementToBePresent_failed] @19-10-2021 01:58:01.0171 A
[ReportManager] Browser Action [CloseCurrentWindow] successfully performed. @19-10-2021 01:58:01.0294 AM
[ReportManager] Successfully created attachment [Browser Action Test Data - CloseCurrentWindow - Actual Value] @19-10-2021 01:58:01.0294 A
[ReportManager] File Action [GetAbsolutePath] successfully performed. With the following test data [Relative Folder Path: "target/downloadedFiles/"]. @19-10-2021 01:58:01.0298 AM
[ReportManager] Attempting to run remotely on: [Linux-64], [GoogleChrome], [http://localhost:4444/wd/hub], Headless Execution. @19-10-2021 01:58:01.0298 AM
[ReportManager] Successfully Opened [GoogleChrome]. @19-10-2021 01:58:01.0512 A

################################################################################################################################################
Starting Execution:	[66 out of 143] test cases in the current suite
Test Method:		[unitTests.tests_element_elementActions.waitForElementToBePresent_true_expectedToFail]
################################################################################################################################################
[ReportManager] Target URL: [https://www.google.com/ncr], and after redirection: [www.google.com] @19-10-2021 01:58:01.0540 AM
[ReportManager] Initial URL: [data:,] @19-10-2021 01:58:01.0597 AM
[ReportManager] Browser Action [NavigateToURL] successfully performed. With the following test data [https://www.google.com/ncr]. @19-10-2021 01:58:02.0454 AM
[ReportManager] Waiting for element to be present; elementLocator [By.id: bla], numberOfTries[1], stateOfPresence[true]... @19-10-2021 01:58:02.0454 AM
[ReportManager] Element Action [WaitForElementToBePresent] failed. With the following test data [waited for the element's state of presence to be (true). Element locator (By.id: bla)]. @19-10-2021 01:58:07.0721 AM
[ReportManager] Successfully created attachment [Screenshot - 1634608687653_waitForElementToBePresent_true_expectedToFail_WaitForElementToBePresent_failed] @19-10-2021 01:58:07.0722 A
[ReportManager] Browser Action [CloseCurrentWindow] successfully performed. @19-10-2021 01:58:07.0853 AM
[ReportManager] Successfully created attachment [Browser Action Test Data - CloseCurrentWindow - Actual Value] @19-10-2021 01:58:07.0854 A
[ReportManager] File Action [GetAbsolutePath] successfully performed. With the following test data [Relative Folder Path: "target/downloadedFiles/"]. @19-10-2021 01:58:07.0858 AM
[ReportManager] Attempting to run remotely on: [Linux-64], [GoogleChrome], [http://localhost:4444/wd/hub], Headless Execution. @19-10-2021 01:58:07.0858 AM
[ReportManager] Successfully Opened [GoogleChrome]. @19-10-2021 01:58:08.0086 A

################################################################################################################################################
Starting Execution:	[67 out of 143] test cases in the current suite
Test Method:		[unitTests.tests_element_elementActions.waitForElementToBePresent_true_expectedToPass]
################################################################################################################################################
[ReportManager] Target URL: [https://www.google.com/ncr], and after redirection: [www.google.com] @19-10-2021 01:58:08.0103 AM
[ReportManager] Initial URL: [data:,] @19-10-2021 01:58:08.0164 AM
[ReportManager] Browser Action [NavigateToURL] successfully performed. With the following test data [https://www.google.com/ncr]. @19-10-2021 01:58:09.0109 AM
[ReportManager] Waiting for element to be present; elementLocator [By.xpath: //*[@id='hplogo' or @alt='Google']], numberOfTries[1], stateOfPresence[true]... @19-10-2021 01:58:09.0109 AM
[ReportManager] Element Action [WaitForElementToBePresent] successfully performed. With the following test data [waited for the element's state of presence to be (true). Element locator (By.xpath: //*[@id='hplogo' or @alt='Google'])]. @19-10-2021 01:58:09.0178 AM
[ReportManager] File Action [DoesFileExist] successfully performed. With the following test data [File Path: "src/test/resources/DynamicObjectRepository/unitTests_tests_element_elementActions_waitForElementToBePresent_true_expectedToPass_By_xpath_id_hplogo_or_alt_Google.png"]. @19-10-2021 01:58:09.0186 AM
[ReportManager] File Action [DoesFileExist] successfully performed. With the following test data [File Path: "src/test/resources/DynamicObjectRepository/unitTests_tests_element_elementActions_waitForElementToBePresent_true_expectedToPass_By_xpath_id_hplogo_or_alt_Google.png"]. @19-10-2021 01:58:09.0357 AM
[ReportManager] Passing the test and saving a reference image @19-10-2021 01:58:09.0357 AM
[ReportManager] File Action [GetAbsolutePath] successfully performed. With the following test data [Relative File Path: "src/test/resources/DynamicObjectRepository/unitTests_tests_element_elementActions_waitForElementToBePresent_true_expectedToPass_By_xpath_id_hplogo_or_alt_Google.png"]. @19-10-2021 01:58:09.0357 AM
[ReportManager] File Action [WriteToFile] successfully performed. With the following test data [Target File Path: "/home/runner/work/SHAFT_ENGINE/SHAFT_ENGINE/src/test/resources/DynamicObjectRepository/unitTests_tests_element_elementActions_waitForElementToBePresent_true_expectedToPass_By_xpath_id_hplogo_or_alt_Google.png"]. @19-10-2021 01:58:09.0359 AM
[ReportManager] Assertion Passed: Using Visual AI; OpenCV @19-10-2021 01:58:09.0359 AM
[ReportManager] Successfully created attachment [Validation Test Data - Actual Screenshot] @19-10-2021 01:58:09.0359 AM
[ReportManager] Assertion [ValidateElementMatches] PASSED. Expected [Element should match the reference screenshot] and Actual [TRUE]. Comparison Type [EXACT_OPENCV]. Validation Type [POSITIVE]. @19-10-2021 01:58:09.0359 A
[ReportManager] Browser Action [CloseCurrentWindow] successfully performed. @19-10-2021 01:58:09.0493 AM
[ReportManager] Successfully created attachment [Browser Action Test Data - CloseCurrentWindow - Actual Value] @19-10-2021 01:58:09.0494 A
[ReportManager] Successfully loaded the following test data file [src/test/resources/TestDataFiles/testSuite01/TestData.xlsx]. @19-10-2021 01:58:10.0366 AM
[ReportManager] Successfully created attachment [Test Data - Excel] @19-10-2021 01:58:10.0367 A

################################################################################################################################################
Starting Execution:	[68 out of 143] test cases in the current suite
Test Method:		[unitTests.tests_io_excelFileManager.getCellData_rowName_expectedToPass]
################################################################################################################################################
[ReportManager] testRowData. @19-10-2021 01:58:10.0383 A

################################################################################################################################################
Starting Execution:	[69 out of 143] test cases in the current suite
Test Method:		[testPackage01.Test_testData.f]
################################################################################################################################################
[ReportManager] Successfully loaded the following test data file [src/test/resources/TestDataFiles/testSuite01/TestData.xlsx]. @19-10-2021 01:58:10.0430 AM
[ReportManager] Successfully created attachment [Test Data - Excel] @19-10-2021 01:58:10.0430 AM
[ReportManager] Last Column Number is: [3]. Zero-based. @19-10-2021 01:58:10.0431 A

################################################################################################################################################
Starting Execution:	[70 out of 143] test cases in the current suite
Test Method:		[testPackage01.Test_SkipDueToIssue.doNotSkip]
################################################################################################################################################
[ReportManager] This should not be skipped. @19-10-2021 01:58:10.0435 A

################################################################################################################################################
Starting Execution:	[71 out of 143] test cases in the current suite
Test Method:		[testPackage01.Test_SkipDueToIssue.skip]
################################################################################################################################################
[ReportManager] This should be skipped. @19-10-2021 01:58:10.0441 A

################################################################################################################################################
Starting Execution:	[72 out of 143] test cases in the current suite
Test Method:		[testPackage01.Test_SkipDueToIssue.skip2]
################################################################################################################################################
[ReportManager] This should be skipped. @19-10-2021 01:58:10.0447 A

################################################################################################################################################
Starting Execution:	[73 out of 143] test cases in the current suite
Test Method:		[testPackage01.Test_chainableElementActions.chainElementActions]
################################################################################################################################################
[ReportManager] File Action [GetAbsolutePath] successfully performed. With the following test data [Relative Folder Path: "target/downloadedFiles/"]. @19-10-2021 01:58:10.0450 AM
[ReportManager] Attempting to run remotely on: [Linux-64], [GoogleChrome], [http://localhost:4444/wd/hub], Headless Execution. @19-10-2021 01:58:10.0450 AM
[ReportManager] Successfully Opened [GoogleChrome]. @19-10-2021 01:58:10.0655 AM
[ReportManager] Target URL: [https://www.google.com/ncr], and after redirection: [https://www.google.com] @19-10-2021 01:58:10.0669 AM
[ReportManager] Initial URL: [data:,] @19-10-2021 01:58:10.0716 AM
[ReportManager] Browser Action [NavigateToURL] successfully performed. With the following test data [https://www.google.com/ncr]. @19-10-2021 01:58:11.0620 AM
[ReportManager] Element Action [Type] successfully performed. With the following test data [chained type 1]. @19-10-2021 01:58:11.0991 AM
[ReportManager] Element Action [Type] successfully performed. With the following test data [chained type 2]. @19-10-2021 01:58:12.0373 AM
[ReportManager] Element Action [TypeAppend] successfully performed. With the following test data [345]. @19-10-2021 01:58:12.0466 AM
[ReportManager] Element Action [GetText] successfully performed. With the following test data [chained type 2345]. @19-10-2021 01:58:12.0611 AM
[ReportManager] Loaded Shared OpenCV @19-10-2021 01:58:12.0735 AM
[ReportManager] Assertion [ValidateElementAttribute] PASSED. Expected [Value Should be 'chained type 2345' for the 'text' attribute, element locator 'By.name: q'] and Actual [chained type 2345]. Comparison Type [EQUALS]. Validation Type [POSITIVE]. @19-10-2021 01:58:12.0818 AM
[ReportManager] Successfully created attachment [Screenshot - 1634608692735_chainElementActions_ValidateElementAttribute_passed] @19-10-2021 01:58:12.0819 AM
[ReportManager] Browser Action [CloseCurrentWindow] successfully performed. @19-10-2021 01:58:12.0944 AM
[ReportManager] Successfully created attachment [Browser Action Test Data - CloseCurrentWindow - Actual Value] @19-10-2021 01:58:12.0945 A

################################################################################################################################################
Starting Execution:	[74 out of 143] test cases in the current suite
Test Method:		[testPackage01.Test_NewValidationHelper.f1]
################################################################################################################################################
[ReportManager] Assertion Passed: Checking valid user data @19-10-2021 01:58:12.0959 AM
[ReportManager] Successfully created attachment [Validation Test Data - Expected Value] @19-10-2021 01:58:12.0960 AM
[ReportManager] Successfully created attachment [Validation Test Data - Actual Value] @19-10-2021 01:58:12.0960 AM
[ReportManager] Assertion [ValidateEquals] PASSED. Expected and Actual values are attached. Comparison Type [EQUALS]. Validation Type [POSITIVE]. @19-10-2021 01:58:12.0960 A
[ReportManager] File Action [GetAbsolutePath] successfully performed. With the following test data [Relative Folder Path: "target/downloadedFiles/"]. @19-10-2021 01:58:12.0964 AM
[ReportManager] Attempting to run remotely on: [Linux-64], [GoogleChrome], [http://localhost:4444/wd/hub], Headless Execution. @19-10-2021 01:58:12.0964 AM
[ReportManager] Successfully Opened [GoogleChrome]. @19-10-2021 01:58:13.0196 AM
[ReportManager] Target URL: [https://the-internet.herokuapp.com/] @19-10-2021 01:58:13.0207 AM
[ReportManager] Initial URL: [data:,] @19-10-2021 01:58:13.0253 AM
[ReportManager] Browser Action [NavigateToURL] successfully performed. With the following test data [https://the-internet.herokuapp.com/]. @19-10-2021 01:58:14.0488 A

################################################################################################################################################
Starting Execution:	[75 out of 143] test cases in the current suite
Test Method:		[testPackage01.Test_NewValidationHelper.f10]
################################################################################################################################################
[ReportManager] Assertion [ValidateElementExists] FAILED. Expected [Element Should Exist, locator 'By.tagName: div'] and Actual [Element Exists but is not unique]. Comparison Type [EQUALS]. Validation Type [POSITIVE]. @19-10-2021 01:58:14.0763 AM
[ReportManager] Successfully created attachment [Screenshot - 1634608694693_f10_ValidateElementExists_failed] @19-10-2021 01:58:14.0763 A
[ReportManager] Successfully Closed All Drivers. @19-10-2021 01:58:14.0842 A
[ReportManager] File Action [GetAbsolutePath] successfully performed. With the following test data [Relative Folder Path: "target/downloadedFiles/"]. @19-10-2021 01:58:14.0844 AM
[ReportManager] Attempting to run remotely on: [Linux-64], [GoogleChrome], [http://localhost:4444/wd/hub], Headless Execution. @19-10-2021 01:58:14.0845 AM
[ReportManager] Successfully Opened [GoogleChrome]. @19-10-2021 01:58:15.0058 AM
[ReportManager] Target URL: [https://the-internet.herokuapp.com/] @19-10-2021 01:58:15.0075 AM
[ReportManager] Initial URL: [data:,] @19-10-2021 01:58:15.0152 AM
[ReportManager] Browser Action [NavigateToURL] successfully performed. With the following test data [https://the-internet.herokuapp.com/]. @19-10-2021 01:58:16.0294 A

################################################################################################################################################
Starting Execution:	[76 out of 143] test cases in the current suite
Test Method:		[testPackage01.Test_NewValidationHelper.f11]
################################################################################################################################################
[ReportManager] Assertion Passed: Checking that false tag doesn't exist @19-10-2021 01:58:26.0691 AM
[ReportManager] Successfully created attachment [Screenshot - 1634608706626_f11_ValidateElementExists_passed] @19-10-2021 01:58:26.0692 AM
[ReportManager] Assertion [ValidateElementExists] PASSED. Expected [Element Should not Exist, locator 'By.tagName: h3'] and Actual [Element Doesn't Exists]. Comparison Type [EQUALS]. Validation Type [NEGATIVE]. @19-10-2021 01:58:26.0692 A
[ReportManager] Successfully Closed All Drivers. @19-10-2021 01:58:26.0769 A
[ReportManager] File Action [GetAbsolutePath] successfully performed. With the following test data [Relative Folder Path: "target/downloadedFiles/"]. @19-10-2021 01:58:26.0773 AM
[ReportManager] Attempting to run remotely on: [Linux-64], [GoogleChrome], [http://localhost:4444/wd/hub], Headless Execution. @19-10-2021 01:58:26.0774 AM
[ReportManager] Successfully Opened [GoogleChrome]. @19-10-2021 01:58:26.0978 AM
[ReportManager] Target URL: [https://the-internet.herokuapp.com/] @19-10-2021 01:58:26.0990 AM
[ReportManager] Initial URL: [data:,] @19-10-2021 01:58:27.0031 AM
[ReportManager] Browser Action [NavigateToURL] successfully performed. With the following test data [https://the-internet.herokuapp.com/]. @19-10-2021 01:58:28.0256 A

################################################################################################################################################
Starting Execution:	[77 out of 143] test cases in the current suite
Test Method:		[testPackage01.Test_NewValidationHelper.f12]
################################################################################################################################################
[ReportManager] Loaded Shared OpenCV @19-10-2021 01:58:28.0468 AM
[ReportManager] Assertion [ValidateElementExists] FAILED. Expected [Element Should not Exist, locator 'By.tagName: h1'] and Actual [Element Exists]. Comparison Type [EQUALS]. Validation Type [NEGATIVE]. @19-10-2021 01:58:28.0558 AM
[ReportManager] Successfully created attachment [Screenshot - 1634608708468_f12_ValidateElementExists_failed] @19-10-2021 01:58:28.0559 A
[ReportManager] Successfully Closed All Drivers. @19-10-2021 01:58:28.0634 A
[ReportManager] File Action [GetAbsolutePath] successfully performed. With the following test data [Relative Folder Path: "target/downloadedFiles/"]. @19-10-2021 01:58:28.0642 AM
[ReportManager] Attempting to run remotely on: [Linux-64], [GoogleChrome], [http://localhost:4444/wd/hub], Headless Execution. @19-10-2021 01:58:28.0642 AM
[ReportManager] Successfully Opened [GoogleChrome]. @19-10-2021 01:58:28.0846 AM
[ReportManager] Target URL: [https://the-internet.herokuapp.com/] @19-10-2021 01:58:28.0858 AM
[ReportManager] Initial URL: [data:,] @19-10-2021 01:58:28.0901 AM
[ReportManager] Browser Action [NavigateToURL] successfully performed. With the following test data [https://the-internet.herokuapp.com/]. @19-10-2021 01:58:30.0043 A

################################################################################################################################################
Starting Execution:	[78 out of 143] test cases in the current suite
Test Method:		[testPackage01.Test_NewValidationHelper.f13]
################################################################################################################################################
[ReportManager] Assertion [ValidateElementExists] FAILED. Expected [Element Should not Exist, locator 'By.tagName: div'] and Actual [Element Exists but is not unique]. Comparison Type [EQUALS]. Validation Type [NEGATIVE]. @19-10-2021 01:58:30.0314 AM
[ReportManager] Successfully created attachment [Screenshot - 1634608710246_f13_ValidateElementExists_failed] @19-10-2021 01:58:30.0315 A
[ReportManager] Successfully Closed All Drivers. @19-10-2021 01:58:30.0390 A
[ReportManager] File Action [GetAbsolutePath] successfully performed. With the following test data [Relative Folder Path: "target/downloadedFiles/"]. @19-10-2021 01:58:30.0392 AM
[ReportManager] Attempting to run remotely on: [Linux-64], [GoogleChrome], [http://localhost:4444/wd/hub], Headless Execution. @19-10-2021 01:58:30.0393 AM
[ReportManager] Successfully Opened [GoogleChrome]. @19-10-2021 01:58:30.0617 AM
[ReportManager] Target URL: [https://the-internet.herokuapp.com/] @19-10-2021 01:58:30.0626 AM
[ReportManager] Initial URL: [data:,] @19-10-2021 01:58:30.0676 AM
[ReportManager] Browser Action [NavigateToURL] successfully performed. With the following test data [https://the-internet.herokuapp.com/]. @19-10-2021 01:58:31.0836 A

################################################################################################################################################
Starting Execution:	[79 out of 143] test cases in the current suite
Test Method:		[testPackage01.Test_NewValidationHelper.f14]
################################################################################################################################################
[ReportManager] Element Action [GetText] successfully performed. With the following test data [Welcome to the-internet]. @19-10-2021 01:58:31.0931 AM
[ReportManager] Loaded Shared OpenCV @19-10-2021 01:58:32.0080 AM
[ReportManager] Assertion Passed: Asserting that the header text is correct @19-10-2021 01:58:32.0161 AM
[ReportManager] Successfully created attachment [Screenshot - 1634608712080_f14_ValidateElementAttribute_passed] @19-10-2021 01:58:32.0162 AM
[ReportManager] Assertion [ValidateElementAttribute] PASSED. Expected [Value Should be 'Welcome to the-internet' for the 'text' attribute, element locator 'By.tagName: h1'] and Actual [Welcome to the-internet]. Comparison Type [EQUALS]. Validation Type [POSITIVE]. @19-10-2021 01:58:32.0162 A
[ReportManager] Successfully Closed All Drivers. @19-10-2021 01:58:32.0237 A
[ReportManager] File Action [GetAbsolutePath] successfully performed. With the following test data [Relative Folder Path: "target/downloadedFiles/"]. @19-10-2021 01:58:32.0239 AM
[ReportManager] Attempting to run remotely on: [Linux-64], [GoogleChrome], [http://localhost:4444/wd/hub], Headless Execution. @19-10-2021 01:58:32.0240 AM
[ReportManager] Successfully Opened [GoogleChrome]. @19-10-2021 01:58:32.0449 AM
[ReportManager] Target URL: [https://the-internet.herokuapp.com/] @19-10-2021 01:58:32.0458 AM
[ReportManager] Initial URL: [data:,] @19-10-2021 01:58:32.0496 AM
[ReportManager] Browser Action [NavigateToURL] successfully performed. With the following test data [https://the-internet.herokuapp.com/]. @19-10-2021 01:58:33.0717 A

################################################################################################################################################
Starting Execution:	[80 out of 143] test cases in the current suite
Test Method:		[testPackage01.Test_NewValidationHelper.f15]
################################################################################################################################################
[ReportManager] Element Action [GetText] successfully performed. With the following test data [Welcome to the-internet]. @19-10-2021 01:58:33.0805 AM
[ReportManager] Loaded Shared OpenCV @19-10-2021 01:58:33.0948 AM
[ReportManager] Assertion [ValidateElementAttribute] FAILED. Expected [Value Should not be 'Welcome' for the 'text' attribute, element locator 'By.tagName: h1'] and Actual [Welcome to the-internet]. Comparison Type [CONTAINS]. Validation Type [NEGATIVE]. @19-10-2021 01:58:34.0029 AM
[ReportManager] Successfully created attachment [Screenshot - 1634608713948_f15_ValidateElementAttribute_failed] @19-10-2021 01:58:34.0031 A
[ReportManager] Successfully Closed All Drivers. @19-10-2021 01:58:34.0104 A
[ReportManager] File Action [GetAbsolutePath] successfully performed. With the following test data [Relative Folder Path: "target/downloadedFiles/"]. @19-10-2021 01:58:34.0107 AM
[ReportManager] Attempting to run remotely on: [Linux-64], [GoogleChrome], [http://localhost:4444/wd/hub], Headless Execution. @19-10-2021 01:58:34.0107 AM
[ReportManager] Successfully Opened [GoogleChrome]. @19-10-2021 01:58:34.0316 AM
[ReportManager] Target URL: [https://the-internet.herokuapp.com/] @19-10-2021 01:58:34.0326 AM
[ReportManager] Initial URL: [data:,] @19-10-2021 01:58:34.0366 AM
[ReportManager] Browser Action [NavigateToURL] successfully performed. With the following test data [https://the-internet.herokuapp.com/]. @19-10-2021 01:58:35.0555 A

################################################################################################################################################
Starting Execution:	[81 out of 143] test cases in the current suite
Test Method:		[testPackage01.Test_NewValidationHelper.f16]
################################################################################################################################################
[ReportManager] Element Action [IdentifyUniqueElement] failed. With the following test data [zero elements found matching this locator "By.tagName: h3".]. @19-10-2021 01:59:01.0160 AM
[ReportManager] Successfully created attachment [Screenshot - 1634608741094_f16_IdentifyUniqueElement_failed] @19-10-2021 01:59:01.0161 AM
[ReportManager] Assertion [ValidateElementAttribute] FAILED. Expected [Value Should not be 'Welcome' for the 'text' attribute, element locator 'By.tagName: h3'] and Actual [Failed to read the desired element attribute]. Comparison Type [CONTAINS]. Validation Type [NEGATIVE]. @19-10-2021 01:59:01.0161 A
[ReportManager] Successfully Closed All Drivers. @19-10-2021 01:59:01.0245 A
[ReportManager] File Action [GetAbsolutePath] successfully performed. With the following test data [Relative Folder Path: "target/downloadedFiles/"]. @19-10-2021 01:59:01.0247 AM
[ReportManager] Attempting to run remotely on: [Linux-64], [GoogleChrome], [http://localhost:4444/wd/hub], Headless Execution. @19-10-2021 01:59:01.0248 AM
[ReportManager] Successfully Opened [GoogleChrome]. @19-10-2021 01:59:01.0450 AM
[ReportManager] Target URL: [https://the-internet.herokuapp.com/] @19-10-2021 01:59:01.0460 AM
[ReportManager] Initial URL: [data:,] @19-10-2021 01:59:01.0510 AM
[ReportManager] Browser Action [NavigateToURL] successfully performed. With the following test data [https://the-internet.herokuapp.com/]. @19-10-2021 01:59:02.0720 A

################################################################################################################################################
Starting Execution:	[82 out of 143] test cases in the current suite
Test Method:		[testPackage01.Test_NewValidationHelper.f17]
################################################################################################################################################
[ReportManager] Attempting to getAttribute [text2] from elementLocator [By.tagName: h1]. @19-10-2021 01:59:02.0725 AM
[ReportManager] Element Action [GetAttribute] successfully performed. @19-10-2021 01:59:02.0797 AM
[ReportManager] Loaded Shared OpenCV @19-10-2021 01:59:02.0941 AM
[ReportManager] Assertion [ValidateElementAttribute] PASSED. Expected [Value Should not be 'Welcome' for the 'text2' attribute, element locator 'By.tagName: h1'] and Actual [null]. Comparison Type [CONTAINS]. Validation Type [NEGATIVE]. @19-10-2021 01:59:03.0033 AM
[ReportManager] Successfully created attachment [Screenshot - 1634608742940_f17_ValidateElementAttribute_passed] @19-10-2021 01:59:03.0034 A
[ReportManager] Successfully Closed All Drivers. @19-10-2021 01:59:03.0107 A
[ReportManager] File Action [GetAbsolutePath] successfully performed. With the following test data [Relative Folder Path: "target/downloadedFiles/"]. @19-10-2021 01:59:03.0110 AM
[ReportManager] Attempting to run remotely on: [Linux-64], [GoogleChrome], [http://localhost:4444/wd/hub], Headless Execution. @19-10-2021 01:59:03.0110 AM
[ReportManager] Successfully Opened [GoogleChrome]. @19-10-2021 01:59:03.0349 AM
[ReportManager] Target URL: [https://the-internet.herokuapp.com/] @19-10-2021 01:59:03.0360 AM
[ReportManager] Initial URL: [data:,] @19-10-2021 01:59:03.0403 AM
[ReportManager] Browser Action [NavigateToURL] successfully performed. With the following test data [https://the-internet.herokuapp.com/]. @19-10-2021 01:59:04.0652 A

################################################################################################################################################
Starting Execution:	[83 out of 143] test cases in the current suite
Test Method:		[testPackage01.Test_NewValidationHelper.f18]
################################################################################################################################################
[ReportManager] Element Action [GetText] successfully performed. With the following test data [Welcome to the-internet]. @19-10-2021 01:59:04.0737 AM
[ReportManager] Loaded Shared OpenCV @19-10-2021 01:59:04.0903 AM
[ReportManager] Assertion [ValidateElementAttribute] PASSED. Expected [Value Should not be 'no' for the 'text' attribute, element locator 'By.tagName: h1'] and Actual [Welcome to the-internet]. Comparison Type [CONTAINS]. Validation Type [NEGATIVE]. @19-10-2021 01:59:04.0986 AM
[ReportManager] Successfully created attachment [Screenshot - 1634608744902_f18_ValidateElementAttribute_passed] @19-10-2021 01:59:04.0987 A
[ReportManager] Successfully Closed All Drivers. @19-10-2021 01:59:05.0059 A

################################################################################################################################################
Starting Execution:	[84 out of 143] test cases in the current suite
Test Method:		[testPackage01.Test_NewValidationHelper.f2]
################################################################################################################################################
[ReportManager] Assertion Failed: Checking valid user data @19-10-2021 01:59:05.0065 AM
[ReportManager] Assertion [ValidateEquals] FAILED. Expected [1] and Actual [2]. Comparison Type [EQUALS]. Validation Type [POSITIVE]. @19-10-2021 01:59:05.0065 A
[ReportManager] File Action [GetAbsolutePath] successfully performed. With the following test data [Relative Folder Path: "target/downloadedFiles/"]. @19-10-2021 01:59:05.0073 AM
[ReportManager] Attempting to run remotely on: [Linux-64], [GoogleChrome], [http://localhost:4444/wd/hub], Headless Execution. @19-10-2021 01:59:05.0073 AM
[ReportManager] Successfully Opened [GoogleChrome]. @19-10-2021 01:59:05.0266 AM
[ReportManager] Target URL: [https://the-internet.herokuapp.com/] @19-10-2021 01:59:05.0294 AM
[ReportManager] Initial URL: [data:,] @19-10-2021 01:59:05.0338 AM
[ReportManager] Browser Action [NavigateToURL] successfully performed. With the following test data [https://the-internet.herokuapp.com/]. @19-10-2021 01:59:06.0509 A

################################################################################################################################################
Starting Execution:	[85 out of 143] test cases in the current suite
Test Method:		[testPackage01.Test_NewValidationHelper.f20]
################################################################################################################################################
[ReportManager] Element Action [GetSize] successfully performed. With the following test data [(755, 61)]. @19-10-2021 01:59:06.0597 AM
[ReportManager] Loaded Shared OpenCV @19-10-2021 01:59:06.0745 AM
[ReportManager] Assertion [ValidateElementAttribute] PASSED. Expected [Value Should not be 'a' for the 'size' attribute, element locator 'By.tagName: h1'] and Actual [(755, 61)]. Comparison Type [CONTAINS]. Validation Type [NEGATIVE]. @19-10-2021 01:59:06.0830 AM
[ReportManager] Successfully created attachment [Screenshot - 1634608746745_f20_ValidateElementAttribute_passed] @19-10-2021 01:59:06.0831 A
[ReportManager] Successfully Closed All Drivers. @19-10-2021 01:59:06.0910 A
[ReportManager] File Action [GetAbsolutePath] successfully performed. With the following test data [Relative Folder Path: "target/downloadedFiles/"]. @19-10-2021 01:59:06.0912 AM
[ReportManager] Attempting to run remotely on: [Linux-64], [GoogleChrome], [http://localhost:4444/wd/hub], Headless Execution. @19-10-2021 01:59:06.0912 AM
[ReportManager] Successfully Opened [GoogleChrome]. @19-10-2021 01:59:07.0149 AM
[ReportManager] Target URL: [https://the-internet.herokuapp.com/] @19-10-2021 01:59:07.0162 AM
[ReportManager] Initial URL: [data:,] @19-10-2021 01:59:07.0221 AM
[ReportManager] Browser Action [NavigateToURL] successfully performed. With the following test data [https://the-internet.herokuapp.com/]. @19-10-2021 01:59:08.0440 A

################################################################################################################################################
Starting Execution:	[86 out of 143] test cases in the current suite
Test Method:		[testPackage01.Test_NewValidationHelper.f21]
################################################################################################################################################
[ReportManager] Element Action [IdentifyUniqueElement] failed. With the following test data [zero elements found matching this locator "By.tagName: h3".]. @19-10-2021 01:59:34.0063 AM
[ReportManager] Successfully created attachment [Screenshot - 1634608773993_f21_IdentifyUniqueElement_failed] @19-10-2021 01:59:34.0063 AM
[ReportManager] Assertion [ValidateElementAttribute] FAILED. Expected [Value Should be 'Welcome' for the 'text' attribute, element locator 'By.tagName: h3'] and Actual [Failed to read the desired element attribute]. Comparison Type [CONTAINS]. Validation Type [POSITIVE]. @19-10-2021 01:59:34.0064 A
[ReportManager] Successfully Closed All Drivers. @19-10-2021 01:59:34.0141 A
[ReportManager] File Action [GetAbsolutePath] successfully performed. With the following test data [Relative Folder Path: "target/downloadedFiles/"]. @19-10-2021 01:59:34.0143 AM
[ReportManager] Attempting to run remotely on: [Linux-64], [GoogleChrome], [http://localhost:4444/wd/hub], Headless Execution. @19-10-2021 01:59:34.0143 AM
[ReportManager] Successfully Opened [GoogleChrome]. @19-10-2021 01:59:34.0334 AM
[ReportManager] Target URL: [https://the-internet.herokuapp.com/] @19-10-2021 01:59:34.0354 AM
[ReportManager] Initial URL: [data:,] @19-10-2021 01:59:34.0403 AM
[ReportManager] Browser Action [NavigateToURL] successfully performed. With the following test data [https://the-internet.herokuapp.com/]. @19-10-2021 01:59:35.0616 A

################################################################################################################################################
Starting Execution:	[87 out of 143] test cases in the current suite
Test Method:		[testPackage01.Test_NewValidationHelper.f22]
################################################################################################################################################
[ReportManager] Element Action [GetText] successfully performed. With the following test data [Welcome to the-internet]. @19-10-2021 01:59:35.0713 AM
[ReportManager] Loaded Shared OpenCV @19-10-2021 01:59:35.0875 AM
[ReportManager] Assertion [ValidateElementAttribute] FAILED. Expected [Value Should be 'yyy' for the 'text' attribute, element locator 'By.tagName: h1'] and Actual [Welcome to the-internet]. Comparison Type [CONTAINS]. Validation Type [POSITIVE]. @19-10-2021 01:59:35.0959 AM
[ReportManager] Successfully created attachment [Screenshot - 1634608775875_f22_ValidateElementAttribute_failed] @19-10-2021 01:59:35.0960 A
[ReportManager] Successfully Closed All Drivers. @19-10-2021 01:59:36.0032 A

################################################################################################################################################
Starting Execution:	[88 out of 143] test cases in the current suite
Test Method:		[testPackage01.Test_NewValidationHelper.f23]
################################################################################################################################################
[ReportManager] Assertion Passed: confirming that the actual is greater than or equal to the expected @19-10-2021 01:59:36.0035 AM
[ReportManager] Assertion [ValidateComparativeRelation] PASSED. Expected [1] and Actual [1]. Comparison Type [GREATER_THAN_OR_EQUALS]. Validation Type [POSITIVE]. @19-10-2021 01:59:36.0035 A

################################################################################################################################################
Starting Execution:	[89 out of 143] test cases in the current suite
Test Method:		[testPackage01.Test_NewValidationHelper.f24]
################################################################################################################################################
[ReportManager] Assertion [ValidateComparativeRelation] PASSED. Expected [1] and Actual [10]. Comparison Type [GREATER_THAN_OR_EQUALS]. Validation Type [POSITIVE]. @19-10-2021 01:59:36.0038 A

################################################################################################################################################
Starting Execution:	[90 out of 143] test cases in the current suite
Test Method:		[testPackage01.Test_NewValidationHelper.f25]
################################################################################################################################################
[ReportManager] Assertion [ValidateComparativeRelation] PASSED. Expected [1] and Actual [1]. Comparison Type [EQUALS]. Validation Type [POSITIVE]. @19-10-2021 01:59:36.0041 A

################################################################################################################################################
Starting Execution:	[91 out of 143] test cases in the current suite
Test Method:		[testPackage01.Test_NewValidationHelper.f26]
################################################################################################################################################
[ReportManager] Assertion [ValidateComparativeRelation] PASSED. Expected [1] and Actual [5]. Comparison Type [GREATER_THAN]. Validation Type [POSITIVE]. @19-10-2021 01:59:36.0044 A

################################################################################################################################################
Starting Execution:	[92 out of 143] test cases in the current suite
Test Method:		[testPackage01.Test_NewValidationHelper.f27]
################################################################################################################################################
[ReportManager] Assertion [ValidateComparativeRelation] PASSED. Expected [11] and Actual [5]. Comparison Type [LESS_THAN]. Validation Type [POSITIVE]. @19-10-2021 01:59:36.0046 A

################################################################################################################################################
Starting Execution:	[93 out of 143] test cases in the current suite
Test Method:		[testPackage01.Test_NewValidationHelper.f28]
################################################################################################################################################
[ReportManager] Assertion [ValidateComparativeRelation] PASSED. Expected [11] and Actual [5]. Comparison Type [LESS_THAN_OR_EQUALS]. Validation Type [POSITIVE]. @19-10-2021 01:59:36.0048 A

################################################################################################################################################
Starting Execution:	[94 out of 143] test cases in the current suite
Test Method:		[testPackage01.Test_NewValidationHelper.f29]
################################################################################################################################################
[ReportManager] Assertion [ValidateComparativeRelation] PASSED. Expected [11] and Actual [11]. Comparison Type [LESS_THAN_OR_EQUALS]. Validation Type [POSITIVE]. @19-10-2021 01:59:36.0050 A

################################################################################################################################################
Starting Execution:	[95 out of 143] test cases in the current suite
Test Method:		[testPackage01.Test_NewValidationHelper.f3]
################################################################################################################################################
[ReportManager] Assertion [ValidateEquals] PASSED. Expected [1] and Actual [2]. Comparison Type [EQUALS]. Validation Type [NEGATIVE]. @19-10-2021 01:59:36.0053 A

################################################################################################################################################
Starting Execution:	[96 out of 143] test cases in the current suite
Test Method:		[testPackage01.Test_NewValidationHelper.f30]
################################################################################################################################################
[ReportManager] Assertion [ValidateComparativeRelation] FAILED. Expected [-9] and Actual [11]. Comparison Type [LESS_THAN_OR_EQUALS]. Validation Type [POSITIVE]. @19-10-2021 01:59:36.0055 A

################################################################################################################################################
Starting Execution:	[97 out of 143] test cases in the current suite
Test Method:		[testPackage01.Test_NewValidationHelper.f31]
################################################################################################################################################
[ReportManager] Assertion [ValidateTrue] PASSED. Expected [TRUE] and Actual [TRUE]. Validation Type [POSITIVE]. @19-10-2021 01:59:36.0058 A

################################################################################################################################################
Starting Execution:	[98 out of 143] test cases in the current suite
Test Method:		[testPackage01.Test_NewValidationHelper.f32]
################################################################################################################################################
[ReportManager] Assertion [ValidateTrue] PASSED. Expected [FALSE] and Actual [FALSE]. Validation Type [NEGATIVE]. @19-10-2021 01:59:36.0060 A

################################################################################################################################################
Starting Execution:	[99 out of 143] test cases in the current suite
Test Method:		[testPackage01.Test_NewValidationHelper.f33]
################################################################################################################################################
[ReportManager] Assertion [ValidateTrue] FAILED. Expected [FALSE] and Actual [TRUE]. Validation Type [NEGATIVE]. @19-10-2021 01:59:36.0070 A

################################################################################################################################################
Starting Execution:	[100 out of 143] test cases in the current suite
Test Method:		[testPackage01.Test_NewValidationHelper.f34]
################################################################################################################################################
[ReportManager] Assertion [ValidateTrue] FAILED. Expected [TRUE] and Actual [FALSE]. Validation Type [POSITIVE]. @19-10-2021 01:59:36.0072 A

################################################################################################################################################
Starting Execution:	[101 out of 143] test cases in the current suite
Test Method:		[testPackage01.Test_NewValidationHelper.f35]
################################################################################################################################################
[ReportManager] File Action [DoesFileExist] successfully performed. With the following test data [File Path: "pom.xml"]. @19-10-2021 01:59:36.0074 AM
[ReportManager] Assertion [ValidateFileExists] PASSED. Expected [File 'pom.xml' should exist, after up to '1' retries] and Actual [File exists]. Validation Type [POSITIVE]. @19-10-2021 01:59:36.0074 A

################################################################################################################################################
Starting Execution:	[102 out of 143] test cases in the current suite
Test Method:		[testPackage01.Test_NewValidationHelper.f36]
################################################################################################################################################
[ReportManager] File Action [DoesFileExist] successfully performed. With the following test data [File Path: "src/test/java/testPackage01/Test_NewValidationHelper.java"]. @19-10-2021 01:59:36.0077 AM
[ReportManager] Assertion [ValidateFileExists] PASSED. Expected [File 'src/test/java/testPackage01/Test_NewValidationHelper.java' should exist, after up to '1' retries] and Actual [File exists]. Validation Type [POSITIVE]. @19-10-2021 01:59:36.0077 A

################################################################################################################################################
Starting Execution:	[103 out of 143] test cases in the current suite
Test Method:		[testPackage01.Test_NewValidationHelper.f37]
################################################################################################################################################
[ReportManager] File Action [DoesFileExist] successfully performed. With the following test data [File Path: "pom.xml"]. @19-10-2021 01:59:36.0079 AM
[ReportManager] Assertion Failed: confirming that the file does't exist after 5 retries @19-10-2021 01:59:36.0079 AM
[ReportManager] Assertion [ValidateFileExists] FAILED. Expected [File 'pom.xml' should not exist, after up to '5' retries] and Actual [File exists]. Validation Type [NEGATIVE]. @19-10-2021 01:59:36.0079 A

################################################################################################################################################
Starting Execution:	[104 out of 143] test cases in the current suite
Test Method:		[testPackage01.Test_NewValidationHelper.f3_1]
################################################################################################################################################
[ReportManager] Assertion Passed: Checking valid user data @19-10-2021 01:59:36.0081 AM
[ReportManager] Assertion [ValidateEquals] PASSED. Expected [null] and Actual [null]. Comparison Type [EQUALS]. Validation Type [POSITIVE]. @19-10-2021 01:59:36.0081 A

################################################################################################################################################
Starting Execution:	[105 out of 143] test cases in the current suite
Test Method:		[testPackage01.Test_NewValidationHelper.f4]
################################################################################################################################################
[ReportManager] Assertion [ValidateEquals] PASSED. Expected [1] and Actual [123]. Comparison Type [CONTAINS]. Validation Type [POSITIVE]. @19-10-2021 01:59:36.0083 A

################################################################################################################################################
Starting Execution:	[106 out of 143] test cases in the current suite
Test Method:		[testPackage01.Test_NewValidationHelper.f5]
################################################################################################################################################
[ReportManager] Assertion [ValidateNull] PASSED. Expected [NULL] and Actual [1]. Comparison Type [EQUALS]. Validation Type [NEGATIVE]. @19-10-2021 01:59:36.0085 A

################################################################################################################################################
Starting Execution:	[107 out of 143] test cases in the current suite
Test Method:		[testPackage01.Test_NewValidationHelper.f6]
################################################################################################################################################
[ReportManager] Assertion Failed: Making sure that null string is not equal to null object @19-10-2021 01:59:36.0087 AM
[ReportManager] Assertion [ValidateNull] FAILED. Expected [NULL] and Actual [NULL]. Comparison Type [EQUALS]. Validation Type [POSITIVE]. @19-10-2021 01:59:36.0087 A

################################################################################################################################################
Starting Execution:	[108 out of 143] test cases in the current suite
Test Method:		[testPackage01.Test_NewValidationHelper.f6_1]
################################################################################################################################################
[ReportManager] Assertion [ValidateNull] FAILED. Expected [NULL] and Actual [NULL]. Comparison Type [EQUALS]. Validation Type [NEGATIVE]. @19-10-2021 01:59:36.0089 A

################################################################################################################################################
Starting Execution:	[109 out of 143] test cases in the current suite
Test Method:		[testPackage01.Test_NewValidationHelper.f6_2]
################################################################################################################################################
[ReportManager] Assertion Failed: Making sure that null string is not equal to null object @19-10-2021 01:59:36.0090 AM
[ReportManager] Assertion [ValidateNull] FAILED. Expected [NULL] and Actual [not null]. Comparison Type [EQUALS]. Validation Type [POSITIVE]. @19-10-2021 01:59:36.0090 A

################################################################################################################################################
Starting Execution:	[110 out of 143] test cases in the current suite
Test Method:		[testPackage01.Test_NewValidationHelper.f7]
################################################################################################################################################
[ReportManager] Assertion [ValidateNull] PASSED. Expected [NULL] and Actual [NULL]. Comparison Type [EQUALS]. Validation Type [POSITIVE]. @19-10-2021 01:59:36.0092 A
[ReportManager] File Action [GetAbsolutePath] successfully performed. With the following test data [Relative Folder Path: "target/downloadedFiles/"]. @19-10-2021 01:59:36.0094 AM
[ReportManager] Attempting to run remotely on: [Linux-64], [GoogleChrome], [http://localhost:4444/wd/hub], Headless Execution. @19-10-2021 01:59:36.0094 AM
[ReportManager] Successfully Opened [GoogleChrome]. @19-10-2021 01:59:36.0300 AM
[ReportManager] Target URL: [https://the-internet.herokuapp.com/] @19-10-2021 01:59:36.0312 AM
[ReportManager] Initial URL: [data:,] @19-10-2021 01:59:36.0352 AM
[ReportManager] Browser Action [NavigateToURL] successfully performed. With the following test data [https://the-internet.herokuapp.com/]. @19-10-2021 01:59:37.0579 A

################################################################################################################################################
Starting Execution:	[111 out of 143] test cases in the current suite
Test Method:		[testPackage01.Test_NewValidationHelper.f8]
################################################################################################################################################
[ReportManager] Loaded Shared OpenCV @19-10-2021 01:59:37.0792 AM
[ReportManager] Assertion [ValidateElementExists] PASSED. Expected [Element Should Exist, locator 'By.tagName: h1'] and Actual [Element Exists]. Comparison Type [EQUALS]. Validation Type [POSITIVE]. @19-10-2021 01:59:37.0880 AM
[ReportManager] Successfully created attachment [Screenshot - 1634608777791_f8_ValidateElementExists_passed] @19-10-2021 01:59:37.0881 A
[ReportManager] Successfully Closed All Drivers. @19-10-2021 01:59:37.0959 A
[ReportManager] File Action [GetAbsolutePath] successfully performed. With the following test data [Relative Folder Path: "target/downloadedFiles/"]. @19-10-2021 01:59:37.0961 AM
[ReportManager] Attempting to run remotely on: [Linux-64], [GoogleChrome], [http://localhost:4444/wd/hub], Headless Execution. @19-10-2021 01:59:37.0961 AM
[ReportManager] Successfully Opened [GoogleChrome]. @19-10-2021 01:59:38.0193 AM
[ReportManager] Target URL: [https://the-internet.herokuapp.com/] @19-10-2021 01:59:38.0203 AM
[ReportManager] Initial URL: [data:,] @19-10-2021 01:59:38.0251 AM
[ReportManager] Browser Action [NavigateToURL] successfully performed. With the following test data [https://the-internet.herokuapp.com/]. @19-10-2021 01:59:39.0525 A

################################################################################################################################################
Starting Execution:	[112 out of 143] test cases in the current suite
Test Method:		[testPackage01.Test_NewValidationHelper.f9]
################################################################################################################################################
[ReportManager] Assertion [ValidateElementExists] FAILED. Expected [Element Should Exist, locator 'By.tagName: h3'] and Actual [Element Doesn't Exists]. Comparison Type [EQUALS]. Validation Type [POSITIVE]. @19-10-2021 02:00:10.0231 AM
[ReportManager] Successfully created attachment [Screenshot - 1634608810156_f9_ValidateElementExists_failed] @19-10-2021 02:00:10.0232 A
[ReportManager] Successfully Closed All Drivers. @19-10-2021 02:00:10.0306 A

################################################################################################################################################
Starting Execution:	[113 out of 143] test cases in the current suite
Test Method:		[testPackage01.Test_NewValidationHelper.forceFail]
################################################################################################################################################
[ReportManager] Assertion [ValidateFail] FAILED. Successfully force failed the test. @19-10-2021 02:00:10.0310 A

################################################################################################################################################
Starting Execution:	[114 out of 143] test cases in the current suite
Test Method:		[testPackage01.Test_NewValidationHelper.forceFail2]
################################################################################################################################################
[ReportManager] Assertion Failed: Custom Message @19-10-2021 02:00:10.0314 AM
[ReportManager] Assertion [ValidateFail] FAILED. Successfully force failed the test. @19-10-2021 02:00:10.0314 A

################################################################################################################################################
Starting Execution:	[115 out of 143] test cases in the current suite
Test Method:		[testPackage01.Test_sendGraphqlRequest.sendGraphqlRequestUsingMutationAndVariables]
################################################################################################################################################
[ReportManager] GraphQl Request is being Performed with the Following Parameters [Service URL: https://api.spacex.land/graphql | Request Body: {"variables":"{\"name\": \"sherlock holmes\",\"rocket\": \"221B Baker Street\"}","query":"mutation ($name: String, $rocket: String) {\n  insert_users(objects: {name: $name, rocket: $rocket}) {\n    returning {\n      name\n      rocket\n    }\n  }\n}"}] @19-10-2021 02:00:10.0317 AM
[ReportManager] Response status code: [200], status line: [HTTP/1.1 200 OK] @19-10-2021 02:00:10.0829 AM
[ReportManager] Assertion Passed: Evaluating the actual response status code against the expected one... @19-10-2021 02:00:10.0829 AM
[ReportManager] Assertion [ValidateEquals] PASSED. Expected [200] and Actual [200]. Comparison Type [EQUALS]. Validation Type [POSITIVE]. @19-10-2021 02:00:10.0829 AM
[ReportManager] API Action [PerformRequest] successfully performed. With the following test data [Request Type: "POST" | Target Status Code: "200" | Service URL: "https://api.spacex.land/graphql" | Content Type: "application/json" | Response Time: "432ms"]. @19-10-2021 02:00:10.0841 AM
[ReportManager] Successfully created attachment [API Request - Specifications] @19-10-2021 02:00:10.0842 AM
[ReportManager] Successfully created attachment [API Request - JSON Body] @19-10-2021 02:00:10.0842 AM
[ReportManager] Successfully created attachment [API Response - JSON Body] @19-10-2021 02:00:10.0842 AM
[ReportManager] API Action [GetResponseJSONValue] successfully performed. With the following test data [data.insert_users.returning[0].name]. @19-10-2021 02:00:10.0900 AM
[ReportManager] Assertion [ValidateEquals] PASSED. Expected [sherlock holmes] and Actual [sherlock holmes]. Comparison Type [EQUALS]. Validation Type [POSITIVE]. @19-10-2021 02:00:10.0900 A

################################################################################################################################################
Starting Execution:	[116 out of 143] test cases in the current suite
Test Method:		[testPackage01.Test_sendGraphqlRequest.sendGraphqlRequestUsingQuery]
################################################################################################################################################
[ReportManager] GraphQl Request is being Performed with the Following Parameters [Service URL: https://api.spacex.land/graphql | Request Body: {"query":"{company {ceo}}"}] @19-10-2021 02:00:10.0907 AM
[ReportManager] Response status code: [200], status line: [HTTP/1.1 200 OK] @19-10-2021 02:00:11.0200 AM
[ReportManager] Assertion Passed: Evaluating the actual response status code against the expected one... @19-10-2021 02:00:11.0200 AM
[ReportManager] Assertion [ValidateEquals] PASSED. Expected [200] and Actual [200]. Comparison Type [EQUALS]. Validation Type [POSITIVE]. @19-10-2021 02:00:11.0200 AM
[ReportManager] API Action [PerformRequest] successfully performed. With the following test data [Request Type: "POST" | Target Status Code: "200" | Service URL: "https://api.spacex.land/graphql" | Content Type: "application/json" | Response Time: "288ms"]. @19-10-2021 02:00:11.0215 AM
[ReportManager] Successfully created attachment [API Request - Specifications] @19-10-2021 02:00:11.0216 AM
[ReportManager] Successfully created attachment [API Request - JSON Body] @19-10-2021 02:00:11.0216 AM
[ReportManager] Successfully created attachment [API Response - JSON Body] @19-10-2021 02:00:11.0216 AM
[ReportManager] API Action [GetResponseJSONValue] successfully performed. With the following test data [data.company.ceo]. @19-10-2021 02:00:11.0226 AM
[ReportManager] Assertion [ValidateEquals] PASSED. Expected [Elon Musk] and Actual [Elon Musk]. Comparison Type [EQUALS]. Validation Type [POSITIVE]. @19-10-2021 02:00:11.0226 A
[ReportManager] Successfully loaded the following test data file [src/test/resources/TestDataFiles/testSuite01/TestData.xlsx]. @19-10-2021 02:00:11.0258 AM
[ReportManager] Successfully created attachment [Test Data - Excel] @19-10-2021 02:00:11.0258 AM
[ReportManager] File Action [GetAbsolutePath] successfully performed. With the following test data [Relative Folder Path: "target/downloadedFiles/"]. @19-10-2021 02:00:11.0259 AM
[ReportManager] Attempting to run remotely on: [Linux-64], [GoogleChrome], [http://localhost:4444/wd/hub], Headless Execution. @19-10-2021 02:00:11.0259 AM
[ReportManager] Successfully Opened [GoogleChrome]. @19-10-2021 02:00:11.0468 A

################################################################################################################################################
Starting Execution:	[117 out of 143] test cases in the current suite
Test Method:		[testPackage01.Test_google.navigateToURLandVerifyGoogleLogoIsDisplayed]
Test Description:	[TC001 - Navigate to URL and Verify Google Logo is Displayed]
################################################################################################################################################
[ReportManager] Target URL: [https://www.google.com/ncr], and after redirection: [https://www.google.com] @19-10-2021 02:00:11.0488 AM
[ReportManager] Initial URL: [data:,] @19-10-2021 02:00:11.0527 AM
[ReportManager] Browser Action [NavigateToURL] successfully performed. With the following test data [https://www.google.com/ncr]. @19-10-2021 02:00:12.0371 AM
[ReportManager] Loaded Shared OpenCV @19-10-2021 02:00:12.0568 AM
[ReportManager] Assertion [ValidateElementExists] PASSED. Expected [Element Should Exist, locator 'By.xpath: //*[@id='hplogo' or @alt='Google']'] and Actual [Element Exists]. Comparison Type [EQUALS]. Validation Type [POSITIVE]. @19-10-2021 02:00:12.0644 AM
[ReportManager] Successfully created attachment [Screenshot - 1634608812567_navigateToURLandVerifyGoogleLogoIsDisplayed_ValidateElementExists_passed] @19-10-2021 02:00:12.0645 A

################################################################################################################################################
Starting Execution:	[118 out of 143] test cases in the current suite
Test Method:		[testPackage01.Test_google.searchForQueryandAssertResultsNumDisplayed]
Test Description:	[TC002 - Search for Query and Assert that the number of results is displayed]
################################################################################################################################################
[ReportManager] Element Action [Type] successfully performed. With the following test data [SHAFT_Engine]. @19-10-2021 02:00:13.0001 AM
[ReportManager] Element Action [KeyPress] successfully performed. With the following test data [Enter]. @19-10-2021 02:00:14.0616 AM
[ReportManager] Element Action [GetText] successfully performed. With the following test data [About 946,000 results (0.82 seconds) ]. @19-10-2021 02:00:14.0701 AM
[ReportManager] Loaded Shared OpenCV @19-10-2021 02:00:14.0853 AM
[ReportManager] Assertion [ValidateElementAttribute] PASSED. Expected [Value Should not be '' for the 'Text' attribute, element locator 'By.id: appbar'] and Actual [About 946,000 results (0.82 seconds) ]. Comparison Type [EQUALS]. Validation Type [NEGATIVE]. @19-10-2021 02:00:14.0942 AM
[ReportManager] Successfully created attachment [Screenshot - 1634608814853_searchForQueryandAssertResultsNumDisplayed_ValidateElementAttribute_passed] @19-10-2021 02:00:14.0944 A

################################################################################################################################################
Starting Execution:	[119 out of 143] test cases in the current suite
Test Method:		[testPackage01.Test_google.clickNextThrice]
Test Description:	[TC003 - Clicks the next button to make sure that the framework can scroll element into view before clicking it]
################################################################################################################################################
[ReportManager] Element Action [Click] successfully performed. With the following test data [Next]. @19-10-2021 02:00:16.0440 A
[ReportManager] Browser Action [CloseCurrentWindow] successfully performed. @19-10-2021 02:00:16.0635 AM
[ReportManager] Successfully created attachment [Browser Action Test Data - CloseCurrentWindow - Actual Value] @19-10-2021 02:00:16.0637 A
[ReportManager] File Action [GetAbsolutePath] successfully performed. With the following test data [Relative Folder Path: "target/downloadedFiles/"]. @19-10-2021 02:00:16.0639 AM
[ReportManager] Attempting to run remotely on: [Linux-64], [GoogleChrome], [http://localhost:4444/wd/hub], Headless Execution. @19-10-2021 02:00:16.0639 AM
[ReportManager] Successfully Opened [GoogleChrome]. @19-10-2021 02:00:16.0866 A

################################################################################################################################################
Starting Execution:	[120 out of 143] test cases in the current suite
Test Method:		[testPackage01.Test_ShadowDOM.shadowdom]
################################################################################################################################################
[ReportManager] Target URL: [https://mdn.github.io/web-components-examples/popup-info-box-web-component/] @19-10-2021 02:00:16.0885 AM
[ReportManager] Initial URL: [data:,] @19-10-2021 02:00:16.0933 AM
[ReportManager] Browser Action [NavigateToURL] successfully performed. With the following test data [https://mdn.github.io/web-components-examples/popup-info-box-web-component/]. @19-10-2021 02:00:17.0368 AM
[ReportManager] Element Action [Type] successfully performed. With the following test data [Typing into SHADOW DOM...]. @19-10-2021 02:00:17.0691 AM
[ReportManager] Element Action [GetText] successfully performed. With the following test data [Typing into SHADOW DOM...]. @19-10-2021 02:00:17.0798 AM
[ReportManager] Loaded Shared OpenCV @19-10-2021 02:00:17.0921 AM
[ReportManager] Assertion [ValidateElementAttribute] PASSED. Expected [Value Should be 'Typing into SHADOW DOM...' for the 'Text' attribute, element locator 'By.id: cvc'] and Actual [Typing into SHADOW DOM...]. Comparison Type [EQUALS]. Validation Type [POSITIVE]. @19-10-2021 02:00:18.0001 AM
[ReportManager] Successfully created attachment [Screenshot - 1634608817921_shadowdom_ValidateElementAttribute_passed] @19-10-2021 02:00:18.0002 A
[ReportManager] Browser Action [CloseCurrentWindow] successfully performed. @19-10-2021 02:00:18.0098 AM
[ReportManager] Successfully created attachment [Browser Action Test Data - CloseCurrentWindow - Actual Value] @19-10-2021 02:00:18.0098 A

################################################################################################################################################
Starting Execution:	[121 out of 143] test cases in the current suite
Test Method:		[testPackage01.Test_AssertApiResponseEquals.assertApiResponseEquals_expectedToPass]
################################################################################################################################################
[ReportManager] Response status code: [200], status line: [HTTP/1.1 200 OK] @19-10-2021 02:00:18.0179 AM
[ReportManager] Assertion Passed: Evaluating the actual response status code against the expected one... @19-10-2021 02:00:18.0179 AM
[ReportManager] Assertion [ValidateEquals] PASSED. Expected [200] and Actual [200]. Comparison Type [EQUALS]. Validation Type [POSITIVE]. @19-10-2021 02:00:18.0179 AM
[ReportManager] API Action [PerformRequest] successfully performed. With the following test data [Request Type: "GET" | Target Status Code: "200" | Service URL: "https://jsonplaceholder.typicode.com/users" | Content Type: "*/*" | Response Time: "72ms"]. @19-10-2021 02:00:18.0219 AM
[ReportManager] Successfully created attachment [API Request - Specifications] @19-10-2021 02:00:18.0219 AM
[ReportManager] Successfully created attachment [API Response - JSON Body] @19-10-2021 02:00:18.0220 AM
[ReportManager] API Action [GetResponseJSONValueAsList] successfully performed. With the following test data [$]. @19-10-2021 02:00:18.0225 AM
[ReportManager] API Action [GetResponseJSONValue] successfully performed. With the following test data [name]. @19-10-2021 02:00:18.0251 AM
[ReportManager] API Action [GetResponseJSONValue] successfully performed. With the following test data [email]. @19-10-2021 02:00:18.0263 AM
[ReportManager] Verification [ValidateEquals] PASSED. Expected [Sincere@april.biz] and Actual [Sincere@april.biz]. Comparison Type [EQUALS]. Validation Type [POSITIVE]. @19-10-2021 02:00:18.0263 AM
[ReportManager] API Action [GetResponseJSONValue] successfully performed. With the following test data [username]. @19-10-2021 02:00:18.0278 AM
[ReportManager] Assertion [ValidateEquals] PASSED. Expected [Bret] and Actual [Bret]. Comparison Type [EQUALS]. Validation Type [POSITIVE]. @19-10-2021 02:00:18.0279 AM
[ReportManager] API Action [GetResponseJSONValue] successfully performed. With the following test data [name]. @19-10-2021 02:00:18.0293 AM
[ReportManager] API Action [GetResponseJSONValue] successfully performed. With the following test data [name]. @19-10-2021 02:00:18.0303 AM
[ReportManager] API Action [GetResponseJSONValue] successfully performed. With the following test data [name]. @19-10-2021 02:00:18.0312 AM
[ReportManager] API Action [GetResponseJSONValue] successfully performed. With the following test data [name]. @19-10-2021 02:00:18.0328 AM
[ReportManager] API Action [GetResponseJSONValue] successfully performed. With the following test data [name]. @19-10-2021 02:00:18.0337 AM
[ReportManager] API Action [GetResponseJSONValue] successfully performed. With the following test data [name]. @19-10-2021 02:00:18.0363 AM
[ReportManager] API Action [GetResponseJSONValue] successfully performed. With the following test data [name]. @19-10-2021 02:00:18.0371 AM
[ReportManager] API Action [GetResponseJSONValue] successfully performed. With the following test data [name]. @19-10-2021 02:00:18.0380 AM
[ReportManager] API Action [GetResponseJSONValue] successfully performed. With the following test data [name]. @19-10-2021 02:00:18.0387 A
[ReportManager] File Action [GetAbsolutePath] successfully performed. With the following test data [Relative Folder Path: "target/downloadedFiles/"]. @19-10-2021 02:00:18.0392 AM
[ReportManager] Attempting to run remotely on: [Linux-64], [GoogleChrome], [http://localhost:4444/wd/hub], Headless Execution. @19-10-2021 02:00:18.0392 AM
[ReportManager] Successfully Opened [GoogleChrome]. @19-10-2021 02:00:18.0700 A

################################################################################################################################################
Starting Execution:	[122 out of 143] test cases in the current suite
Test Method:		[testPackage01.Test_IsElementClickable.testIsElementClickable]
################################################################################################################################################
[ReportManager] Target URL: [https://the-internet.herokuapp.com/] @19-10-2021 02:00:18.0715 AM
[ReportManager] Initial URL: [data:,] @19-10-2021 02:00:18.0753 AM
[ReportManager] Browser Action [NavigateToURL] successfully performed. With the following test data [https://the-internet.herokuapp.com/]. @19-10-2021 02:00:19.0950 AM
[ReportManager] Element Action [IsElementClickable] successfully performed. @19-10-2021 02:00:20.0107 AM
[ReportManager] Assertion [ValidateTrue] PASSED. Expected [TRUE] and Actual [TRUE]. Validation Type [POSITIVE]. @19-10-2021 02:00:20.0108 A
[ReportManager] Browser Action [CloseCurrentWindow] successfully performed. @19-10-2021 02:00:20.0208 AM
[ReportManager] Successfully created attachment [Browser Action Test Data - CloseCurrentWindow - Actual Value] @19-10-2021 02:00:20.0208 A

################################################################################################################################################
Starting Execution:	[123 out of 143] test cases in the current suite
Test Method:		[testPackage01.Test_JsonCompareWithSpecialCharacters.specialCharacters]
################################################################################################################################################
[ReportManager] File Action [GetAbsolutePath] successfully performed. With the following test data [Relative Folder Path: "src/test/resources/TestJsonFiles/specialCharacters.json"]. @19-10-2021 02:00:20.0212 AM
[ReportManager] File Action [ReadFromFile] successfully performed. With the following test data [File Path: "/home/runner/work/SHAFT_ENGINE/SHAFT_ENGINE/src/test/resources/TestJsonFiles/specialCharacters.json"]. @19-10-2021 02:00:20.0219 AM
[ReportManager] Successfully created attachment [File Action Actual Result - Command Log] @19-10-2021 02:00:20.0220 AM
[ReportManager] Comparing the provided API response with the file at this path "src/test/resources/TestJsonFiles/specialCharacters.json", comparison type "EQUALS" @19-10-2021 02:00:20.0220 AM
[ReportManager] API Action [CompareJSON] successfully performed. With the following test data [src/test/resources/TestJsonFiles/specialCharacters.json]. @19-10-2021 02:00:20.0243 AM
[ReportManager] File Action [GetAbsolutePath] successfully performed. With the following test data [Relative Folder Path: "src/test/resources/TestJsonFiles/specialCharacters.json"]. @19-10-2021 02:00:20.0243 AM
[ReportManager] File Action [ReadFromFile] successfully performed. With the following test data [File Path: "/home/runner/work/SHAFT_ENGINE/SHAFT_ENGINE/src/test/resources/TestJsonFiles/specialCharacters.json"]. @19-10-2021 02:00:20.0243 AM
[ReportManager] Verification [ValidateJSONFileContent] PASSED. Expected [Response data should match the JSON File in this path 'src/test/resources/TestJsonFiles/specialCharacters.json'] and Actual [TRUE]. Comparison Type [EQUALS]. Validation Type [POSITIVE]. @19-10-2021 02:00:20.0254 AM
[ReportManager] Successfully created attachment [Validation Test Data - Expected JSON Value] @19-10-2021 02:00:20.0255 AM
[ReportManager] Successfully created attachment [Validation Test Data - Actual JSON Value] @19-10-2021 02:00:20.0255 A

################################################################################################################################################
Starting Execution:	[124 out of 143] test cases in the current suite
Test Method:		[testPackage01.Test_JsonCompareWithSpecialCharacters.specialCharacters_assertion]
################################################################################################################################################
[ReportManager] File Action [GetAbsolutePath] successfully performed. With the following test data [Relative Folder Path: "src/test/resources/TestJsonFiles/specialCharacters.json"]. @19-10-2021 02:00:20.0271 AM
[ReportManager] File Action [ReadFromFile] successfully performed. With the following test data [File Path: "/home/runner/work/SHAFT_ENGINE/SHAFT_ENGINE/src/test/resources/TestJsonFiles/specialCharacters.json"]. @19-10-2021 02:00:20.0271 AM
[ReportManager] Successfully created attachment [File Action Actual Result - Command Log] @19-10-2021 02:00:20.0271 AM
[ReportManager] Comparing the provided API response with the file at this path "src/test/resources/TestJsonFiles/specialCharacters.json", comparison type "CONTAINS" @19-10-2021 02:00:20.0272 AM
[ReportManager] API Action [CompareJSON] successfully performed. With the following test data [src/test/resources/TestJsonFiles/specialCharacters.json]. @19-10-2021 02:00:20.0304 AM
[ReportManager] File Action [GetAbsolutePath] successfully performed. With the following test data [Relative Folder Path: "src/test/resources/TestJsonFiles/specialCharacters.json"]. @19-10-2021 02:00:20.0304 AM
[ReportManager] File Action [ReadFromFile] successfully performed. With the following test data [File Path: "/home/runner/work/SHAFT_ENGINE/SHAFT_ENGINE/src/test/resources/TestJsonFiles/specialCharacters.json"]. @19-10-2021 02:00:20.0309 AM
[ReportManager] Assertion Passed: trying out the log message @19-10-2021 02:00:20.0314 AM
[ReportManager] Successfully created attachment [Validation Test Data - Expected JSON Value] @19-10-2021 02:00:20.0315 AM
[ReportManager] Successfully created attachment [Validation Test Data - Actual JSON Value] @19-10-2021 02:00:20.0315 AM
[ReportManager] Assertion [ValidateJSONFileContent] PASSED. Expected [Response data should match the JSON File in this path 'src/test/resources/TestJsonFiles/specialCharacters.json'] and Actual [TRUE]. Comparison Type [CONTAINS]. Validation Type [POSITIVE]. @19-10-2021 02:00:20.0315 A
[ReportManager] File Action [GetAbsolutePath] successfully performed. With the following test data [Relative Folder Path: "target/downloadedFiles/"]. @19-10-2021 02:00:20.0321 AM
[ReportManager] Attempting to run remotely on: [Linux-64], [GoogleChrome], [http://localhost:4444/wd/hub], Headless Execution. @19-10-2021 02:00:20.0321 AM
[ReportManager] Successfully Opened [GoogleChrome]. @19-10-2021 02:00:20.0523 A

################################################################################################################################################
Starting Execution:	[125 out of 143] test cases in the current suite
Test Method:		[testPackage01.Test_assertEquals.test_assertElementAttribute]
################################################################################################################################################
[ReportManager] Target URL: [https://www.google.com/ncr], and after redirection: [https://www.google.com] @19-10-2021 02:00:20.0535 AM
[ReportManager] Initial URL: [data:,] @19-10-2021 02:00:20.0581 AM
[ReportManager] Browser Action [NavigateToURL] successfully performed. With the following test data [https://www.google.com/ncr]. @19-10-2021 02:00:21.0443 AM
[ReportManager] Element Action [Type] successfully performed. With the following test data [INC_004010050:Another SCHEDULER with the same name [Duplicate Job Name] already exists.]. @19-10-2021 02:00:22.0177 AM
[ReportManager] Element Action [GetText] successfully performed. With the following test data [INC_004010050:Another SCHEDULER with the same name [Duplicate Job Name] already exists.]. @19-10-2021 02:00:22.0268 AM
[ReportManager] Loaded Shared OpenCV @19-10-2021 02:00:22.0416 AM
[ReportManager] Assertion [ValidateElementAttribute] PASSED. Expected [Value Should be 'INC_004010050:Another SCHEDULER with the same name \[Duplicate Job Name\] already exists.' for the 'text' attribute, element locator 'By.name: q'] and Actual [INC_004010050:Another SCHEDULER with the same name [Duplicate Job Name] already exists.]. Comparison Type [MATCHES]. Validation Type [POSITIVE]. @19-10-2021 02:00:22.0492 AM
[ReportManager] Successfully created attachment [Screenshot - 1634608822416_test_assertElementAttribute_ValidateElementAttribute_passed] @19-10-2021 02:00:22.0493 A
[ReportManager] Browser Action [CloseCurrentWindow] successfully performed. @19-10-2021 02:00:22.0613 AM
[ReportManager] Successfully created attachment [Browser Action Test Data - CloseCurrentWindow - Actual Value] @19-10-2021 02:00:22.0614 A
[ReportManager] File Action [GetAbsolutePath] successfully performed. With the following test data [Relative Folder Path: "target/downloadedFiles/"]. @19-10-2021 02:00:22.0616 AM
[ReportManager] Attempting to run remotely on: [Linux-64], [GoogleChrome], [http://localhost:4444/wd/hub], Headless Execution. @19-10-2021 02:00:22.0616 AM
[ReportManager] Successfully Opened [GoogleChrome]. @19-10-2021 02:00:22.0827 A

################################################################################################################################################
Starting Execution:	[126 out of 143] test cases in the current suite
Test Method:		[testPackage01.Test_verifyEquals.test_assertElementAttribute]
################################################################################################################################################
[ReportManager] Target URL: [https://www.google.com/ncr], and after redirection: [https://www.google.com] @19-10-2021 02:00:22.0840 AM
[ReportManager] Initial URL: [data:,] @19-10-2021 02:00:22.0891 AM
[ReportManager] Browser Action [NavigateToURL] successfully performed. With the following test data [https://www.google.com/ncr]. @19-10-2021 02:00:23.0772 AM
[ReportManager] Element Action [Type] successfully performed. With the following test data [INC_004010050:Another SCHEDULER with the same name [Duplicate Job Name] already exists.]. @19-10-2021 02:00:24.0470 AM
[ReportManager] Element Action [GetText] successfully performed. With the following test data [INC_004010050:Another SCHEDULER with the same name [Duplicate Job Name] already exists.]. @19-10-2021 02:00:24.0561 AM
[ReportManager] Loaded Shared OpenCV @19-10-2021 02:00:24.0698 AM
[ReportManager] Verification [ValidateElementAttribute] PASSED. Expected [Value Should be 'INC_004010050:Another SCHEDULER with the same name \[Duplicate Job Name\] already exists.' for the 'text' attribute, element locator 'By.name: q'] and Actual [INC_004010050:Another SCHEDULER with the same name [Duplicate Job Name] already exists.]. Comparison Type [MATCHES]. Validation Type [POSITIVE]. @19-10-2021 02:00:24.0779 AM
[ReportManager] Successfully created attachment [Screenshot - 1634608824698_test_assertElementAttribute_ValidateElementAttribute_passed] @19-10-2021 02:00:24.0780 A
[ReportManager] Browser Action [CloseCurrentWindow] successfully performed. @19-10-2021 02:00:24.0910 AM
[ReportManager] Successfully created attachment [Browser Action Test Data - CloseCurrentWindow - Actual Value] @19-10-2021 02:00:24.0911 A

################################################################################################################################################
Starting Execution:	[127 out of 143] test cases in the current suite
Test Method:		[testPackage01.Test_JsonActions.f]
###############################################################################################################################################

################################################################################################################################################
Starting Execution:	[128 out of 143] test cases in the current suite
Test Method:		[testPackage01.Test_JsonActions.f2]
###############################################################################################################################################

################################################################################################################################################
Starting Execution:	[129 out of 143] test cases in the current suite
Test Method:		[testPackage01.Test_PDF.testPDF_Downloaded]
################################################################################################################################################
[ReportManager] File Action [DoesFileExist] successfully performed. With the following test data [File Path: "src/test/resources/TestDataFiles/sample.pdf"]. @19-10-2021 02:00:24.0932 AM
[ReportManager] File Action [GetAbsolutePath] successfully performed. With the following test data [Relative File Path: "src/test/resources/TestDataFiles/sample.pdf"]. @19-10-2021 02:00:24.0932 AM
[ReportManager] Assertion [ValidateTrue] PASSED. Expected [TRUE] and Actual [TRUE]. Validation Type [POSITIVE]. @19-10-2021 02:00:26.0390 A
[ReportManager] File Action [GetAbsolutePath] successfully performed. With the following test data [Relative Folder Path: "target/downloadedFiles/"]. @19-10-2021 02:00:26.0393 AM
[ReportManager] Attempting to run remotely on: [Linux-64], [GoogleChrome], [http://localhost:4444/wd/hub], Headless Execution. @19-10-2021 02:00:26.0393 AM
[ReportManager] Successfully Opened [GoogleChrome]. @19-10-2021 02:00:26.0609 A

################################################################################################################################################
Starting Execution:	[130 out of 143] test cases in the current suite
Test Method:		[testPackage01.Test_dragAndDrop.dragAndDropJquery]
################################################################################################################################################
[ReportManager] Target URL: [https://jqueryui.com/resources/demos/droppable/default.html] @19-10-2021 02:00:26.0624 AM
[ReportManager] Initial URL: [data:,] @19-10-2021 02:00:26.0665 AM
[ReportManager] Browser Action [NavigateToURL] successfully performed. With the following test data [https://jqueryui.com/resources/demos/droppable/default.html]. @19-10-2021 02:00:27.0117 AM
[ReportManager] Element Action [GetText] successfully performed. With the following test data [Drop here]. @19-10-2021 02:00:27.0201 AM
[ReportManager] Element Action [DragAndDrop] successfully performed. With the following test data [Start point: (8, 18), End point: (8, 18)]. @19-10-2021 02:00:28.0520 AM
[ReportManager] Element Action [GetText] successfully performed. With the following test data [Dropped!]. @19-10-2021 02:00:28.0586 AM
[ReportManager] Assertion Passed: Checking to see if the text has changed after performing drag and drop @19-10-2021 02:00:28.0586 AM
[ReportManager] Assertion [ValidateEquals] PASSED. Expected [Drop here] and Actual [Dropped!]. Comparison Type [EQUALS]. Validation Type [NEGATIVE]. @19-10-2021 02:00:28.0586 A
[ReportManager] Browser Action [CloseCurrentWindow] successfully performed. @19-10-2021 02:00:28.0693 AM
[ReportManager] Successfully created attachment [Browser Action Test Data - CloseCurrentWindow - Actual Value] @19-10-2021 02:00:28.0696 A
[ReportManager] File Action [GetAbsolutePath] successfully performed. With the following test data [Relative Folder Path: "target/downloadedFiles/"]. @19-10-2021 02:00:28.0698 AM
[ReportManager] Attempting to run remotely on: [Linux-64], [GoogleChrome], [http://localhost:4444/wd/hub], Headless Execution. @19-10-2021 02:00:28.0698 AM
[ReportManager] Successfully Opened [GoogleChrome]. @19-10-2021 02:00:28.0899 A

################################################################################################################################################
Starting Execution:	[131 out of 143] test cases in the current suite
Test Method:		[testPackage01.Test_dragAndDrop.dragAndDrop]
Test Description:	[TC001 - Test Drag and Drop function.]
################################################################################################################################################
[ReportManager] Target URL: [http://the-internet.herokuapp.com/drag_and_drop] @19-10-2021 02:00:28.0913 AM
[ReportManager] Initial URL: [data:,] @19-10-2021 02:00:28.0955 AM
[ReportManager] Browser Action [NavigateToURL] successfully performed. With the following test data [http://the-internet.herokuapp.com/drag_and_drop]. @19-10-2021 02:00:29.0920 AM
[ReportManager] Attempting Drag and Drop @19-10-2021 02:00:29.0920 AM
[ReportManager] Element Action [DragAndDrop] successfully performed. With the following test data [Start point: (32, 90), End point: (247, 90)]. @19-10-2021 02:00:31.0114 A
[ReportManager] Browser Action [CloseCurrentWindow] successfully performed. @19-10-2021 02:00:31.0208 AM
[ReportManager] Successfully created attachment [Browser Action Test Data - CloseCurrentWindow - Actual Value] @19-10-2021 02:00:31.0208 A
[ReportManager] File Action [GetAbsolutePath] successfully performed. With the following test data [Relative Folder Path: "target/downloadedFiles/"]. @19-10-2021 02:00:31.0234 AM
[ReportManager] Attempting to run remotely on: [Linux-64], [GoogleChrome], [http://localhost:4444/wd/hub], Headless Execution. @19-10-2021 02:00:31.0235 AM
[ReportManager] Successfully Opened [GoogleChrome]. @19-10-2021 02:00:31.0463 A

################################################################################################################################################
Starting Execution:	[132 out of 143] test cases in the current suite
Test Method:		[testPackage01.Test_dragAndDrop.dragAndDropByOffset]
Test Description:	[TC002 - Test Drag and Drop by offset function.]
################################################################################################################################################
[ReportManager] Target URL: [https://jqueryui.com/resources/demos/draggable/default.html] @19-10-2021 02:00:31.0475 AM
[ReportManager] Initial URL: [data:,] @19-10-2021 02:00:31.0528 AM
[ReportManager] Browser Action [NavigateToURL] successfully performed. With the following test data [https://jqueryui.com/resources/demos/draggable/default.html]. @19-10-2021 02:00:31.0966 AM
[ReportManager] Element Action [DragAndDropByOffset] successfully performed. With the following test data [Start point: (8, 8), End point: (108, 58)]. @19-10-2021 02:00:32.0137 A
[ReportManager] Browser Action [CloseCurrentWindow] successfully performed. @19-10-2021 02:00:32.0239 AM
[ReportManager] Successfully created attachment [Browser Action Test Data - CloseCurrentWindow - Actual Value] @19-10-2021 02:00:32.0240 A
[ReportManager] File Action [GetAbsolutePath] successfully performed. With the following test data [Relative Folder Path: "target/downloadedFiles/"]. @19-10-2021 02:00:32.0241 AM
[ReportManager] Attempting to run remotely on: [Linux-64], [GoogleChrome], [http://localhost:4444/wd/hub], Headless Execution. @19-10-2021 02:00:32.0241 AM
[ReportManager] Successfully Opened [GoogleChrome]. @19-10-2021 02:00:32.0466 A

################################################################################################################################################
Starting Execution:	[133 out of 143] test cases in the current suite
Test Method:		[testPackage01.Test_clipboardActions.typeTextAndCopyPaste]
################################################################################################################################################
[ReportManager] Target URL: [https://www.google.com/ncr], and after redirection: [https://www.google.com] @19-10-2021 02:00:32.0480 AM
[ReportManager] Initial URL: [data:,] @19-10-2021 02:00:32.0530 AM
[ReportManager] Browser Action [NavigateToURL] successfully performed. With the following test data [https://www.google.com/ncr]. @19-10-2021 02:00:33.0414 AM
[ReportManager] Element Action [Type] successfully performed. With the following test data [FIRST]. @19-10-2021 02:00:33.0784 AM
[ReportManager] Element Action [ClipboardActions] successfully performed. With the following test data [select all]. @19-10-2021 02:00:33.0837 AM
[ReportManager] Element Action [ClipboardActions] successfully performed. With the following test data [copy]. @19-10-2021 02:00:33.0891 AM
[ReportManager] Element Action [ClipboardActions] successfully performed. With the following test data [unselect]. @19-10-2021 02:00:33.0950 AM
[ReportManager] Element Action [ClipboardActions] successfully performed. With the following test data [paste]. @19-10-2021 02:00:34.0024 AM
[ReportManager] Element Action [ClipboardActions] successfully performed. With the following test data [select all]. @19-10-2021 02:00:34.0077 AM
[ReportManager] Element Action [Type] successfully performed. @19-10-2021 02:00:34.0299 AM
[ReportManager] Element Action [ClipboardActions] successfully performed. With the following test data [cut]. @19-10-2021 02:00:34.0300 AM
[ReportManager] Element Action [ClipboardActions] successfully performed. With the following test data [paste]. @19-10-2021 02:00:34.0375 AM
[ReportManager] Element Action [ClipboardActions] successfully performed. With the following test data [paste]. @19-10-2021 02:00:34.0434 A
[ReportManager] Browser Action [CloseCurrentWindow] successfully performed. @19-10-2021 02:00:34.0570 AM
[ReportManager] Successfully created attachment [Browser Action Test Data - CloseCurrentWindow - Actual Value] @19-10-2021 02:00:34.0571 A
[ReportManager] File Action [GetAbsolutePath] successfully performed. With the following test data [Relative Folder Path: "target/downloadedFiles/"]. @19-10-2021 02:00:34.0573 AM
[ReportManager] Attempting to run remotely on: [Linux-64], [GoogleChrome], [http://localhost:4444/wd/hub], Headless Execution. @19-10-2021 02:00:34.0573 AM
[ReportManager] Successfully Opened [GoogleChrome]. @19-10-2021 02:00:34.0804 A

################################################################################################################################################
Starting Execution:	[134 out of 143] test cases in the current suite
Test Method:		[testPackage01.Test_dynamicLoading.dynamicLoading_elementIsHidden]
################################################################################################################################################
[ReportManager] Target URL: [https://the-internet.herokuapp.com/dynamic_loading/1] @19-10-2021 02:00:34.0825 AM
[ReportManager] Initial URL: [data:,] @19-10-2021 02:00:34.0886 AM
[ReportManager] Browser Action [NavigateToURL] successfully performed. With the following test data [https://the-internet.herokuapp.com/dynamic_loading/1]. @19-10-2021 02:00:36.0099 AM
[ReportManager] Element Action [Click] successfully performed. With the following test data [Start]. @19-10-2021 02:00:36.0448 AM
[ReportManager] Element Action [GetText] successfully performed. With the following test data [
    Hello World!
  ]. @19-10-2021 02:00:36.0562 AM
[ReportManager] Loaded Shared OpenCV @19-10-2021 02:00:36.0728 AM
[ReportManager] Assertion [ValidateElementAttribute] PASSED. Expected [Value Should be 'Hello World!' for the 'text' attribute, element locator 'By.id: finish'] and Actual [
    Hello World!
  ]. Comparison Type [CONTAINS]. Validation Type [POSITIVE]. @19-10-2021 02:00:36.0837 AM
[ReportManager] Successfully created attachment [Screenshot - 1634608836728_dynamicLoading_elementIsHidden_ValidateElementAttribute_passed] @19-10-2021 02:00:36.0838 A
[ReportManager] Browser Action [CloseCurrentWindow] successfully performed. @19-10-2021 02:00:36.0932 AM
[ReportManager] Successfully created attachment [Browser Action Test Data - CloseCurrentWindow - Actual Value] @19-10-2021 02:00:36.0933 A
[ReportManager] File Action [GetAbsolutePath] successfully performed. With the following test data [Relative Folder Path: "target/downloadedFiles/"]. @19-10-2021 02:00:36.0934 AM
[ReportManager] Attempting to run remotely on: [Linux-64], [GoogleChrome], [http://localhost:4444/wd/hub], Headless Execution. @19-10-2021 02:00:36.0935 AM
[ReportManager] Successfully Opened [GoogleChrome]. @19-10-2021 02:00:37.0171 A

################################################################################################################################################
Starting Execution:	[135 out of 143] test cases in the current suite
Test Method:		[testPackage01.Test_dynamicLoading.dynamicLoading_elementIsRendered]
################################################################################################################################################
[ReportManager] Target URL: [https://the-internet.herokuapp.com/dynamic_loading/2] @19-10-2021 02:00:37.0184 AM
[ReportManager] Initial URL: [data:,] @19-10-2021 02:00:37.0255 AM
[ReportManager] Browser Action [NavigateToURL] successfully performed. With the following test data [https://the-internet.herokuapp.com/dynamic_loading/2]. @19-10-2021 02:00:38.0471 AM
[ReportManager] Element Action [Click] successfully performed. With the following test data [Start]. @19-10-2021 02:00:38.0805 AM
[ReportManager] Element Action [GetText] successfully performed. With the following test data [Hello World!]. @19-10-2021 02:00:43.0961 AM
[ReportManager] Loaded Shared OpenCV @19-10-2021 02:00:44.0114 AM
[ReportManager] Assertion [ValidateElementAttribute] PASSED. Expected [Value Should be 'Hello World!' for the 'text' attribute, element locator 'By.id: finish'] and Actual [Hello World!]. Comparison Type [CONTAINS]. Validation Type [POSITIVE]. @19-10-2021 02:00:44.0191 AM
[ReportManager] Successfully created attachment [Screenshot - 1634608844114_dynamicLoading_elementIsRendered_ValidateElementAttribute_passed] @19-10-2021 02:00:44.0192 A
[ReportManager] Browser Action [CloseCurrentWindow] successfully performed. @19-10-2021 02:00:44.0284 AM
[ReportManager] Successfully created attachment [Browser Action Test Data - CloseCurrentWindow - Actual Value] @19-10-2021 02:00:44.0285 A
[ReportManager] File Action [GetAbsolutePath] successfully performed. With the following test data [Relative Folder Path: "target/downloadedFiles/"]. @19-10-2021 02:00:44.0287 AM
[ReportManager] Attempting to run remotely on: [Linux-64], [GoogleChrome], [http://localhost:4444/wd/hub], Headless Execution. @19-10-2021 02:00:44.0287 AM
[ReportManager] Successfully Opened [GoogleChrome]. @19-10-2021 02:00:44.0505 A

################################################################################################################################################
Starting Execution:	[136 out of 143] test cases in the current suite
Test Method:		[testPackage01.Test_uploadFile.uploadFile_invisibleUploadInput]
################################################################################################################################################
[ReportManager] Target URL: [https://fineuploader.com/demos.html#gallery-view] @19-10-2021 02:00:44.0518 AM
[ReportManager] Initial URL: [data:,] @19-10-2021 02:00:44.0559 AM
[ReportManager] Browser Action [NavigateToURL] successfully performed. With the following test data [https://fineuploader.com/demos.html#gallery-view]. @19-10-2021 02:00:46.0191 AM
[ReportManager] File Action [GetAbsolutePath] successfully performed. With the following test data [Relative File Path: "src/main/resources/images/shaft.png"]. @19-10-2021 02:00:46.0191 AM
[ReportManager] Successfully created attachment [File Action Actual Result - Command Log] @19-10-2021 02:00:46.0191 AM
[ReportManager] Element Action [TypeFileLocationForUpload] successfully performed. With the following test data [/home/runner/work/SHAFT_ENGINE/SHAFT_ENGINE/src/main/resources/images/shaft.png]. @19-10-2021 02:00:46.0383 AM
[ReportManager] Attempting to getAttribute [src] from elementLocator [By.xpath: //div[@id='fine-uploader-gallery']//div[@class='qq-thumbnail-wrapper']/img]. @19-10-2021 02:00:46.0383 AM
[ReportManager] Element Action [GetAttribute] successfully performed. @19-10-2021 02:00:46.0488 AM
[ReportManager] Successfully created attachment [Element Action Test Data - GetAttribute - Actual Value] @19-10-2021 02:00:46.0489 AM
[ReportManager] Loaded Shared OpenCV @19-10-2021 02:00:46.0638 AM
[ReportManager] Assertion [ValidateElementAttribute] PASSED. Expected and Actual values are attached. Comparison Type [CONTAINS]. Validation Type [POSITIVE]. @19-10-2021 02:00:46.0728 AM
[ReportManager] Successfully created attachment [Validation Test Data - Expected Value] @19-10-2021 02:00:46.0729 AM
[ReportManager] Successfully created attachment [Validation Test Data - Actual Value] @19-10-2021 02:00:46.0729 AM
[ReportManager] Successfully created attachment [Screenshot - 1634608846637_uploadFile_invisibleUploadInput_ValidateElementAttribute_passed] @19-10-2021 02:00:46.0730 A
[ReportManager] Browser Action [CloseCurrentWindow] successfully performed. @19-10-2021 02:00:46.0865 AM
[ReportManager] Successfully created attachment [Browser Action Test Data - CloseCurrentWindow - Actual Value] @19-10-2021 02:00:46.0868 A
[ReportManager] File Action [GetAbsolutePath] successfully performed. With the following test data [Relative Folder Path: "target/downloadedFiles/"]. @19-10-2021 02:00:46.0873 AM
[ReportManager] Attempting to run remotely on: [Linux-64], [GoogleChrome], [http://localhost:4444/wd/hub], Headless Execution. @19-10-2021 02:00:46.0873 AM
[ReportManager] Successfully Opened [GoogleChrome]. @19-10-2021 02:00:47.0092 A

################################################################################################################################################
Starting Execution:	[137 out of 143] test cases in the current suite
Test Method:		[testPackage01.Test_uploadFile.uploadFile_visibleUploadInput]
################################################################################################################################################
[ReportManager] Target URL: [http://demo.guru99.com/test/upload/] @19-10-2021 02:00:47.0111 AM
[ReportManager] Initial URL: [data:,] @19-10-2021 02:00:47.0154 AM
[ReportManager] Browser Action [NavigateToURL] successfully performed. With the following test data [http://demo.guru99.com/test/upload/]. @19-10-2021 02:00:50.0679 AM
[ReportManager] File Action [GetAbsolutePath] successfully performed. With the following test data [Relative File Path: "src/main/resources/images/shaft.png"]. @19-10-2021 02:00:50.0680 AM
[ReportManager] Successfully created attachment [File Action Actual Result - Command Log] @19-10-2021 02:00:50.0680 AM
[ReportManager] Element Action [TypeFileLocationForUpload] successfully performed. With the following test data [/home/runner/work/SHAFT_ENGINE/SHAFT_ENGINE/src/main/resources/images/shaft.png]. @19-10-2021 02:00:50.0837 AM
[ReportManager] Element Action [Click] successfully performed. With the following test data [on]. @19-10-2021 02:00:51.0161 AM
[ReportManager] Element Action [Click] successfully performed. With the following test data [Submit File]. @19-10-2021 02:00:51.0478 AM
[ReportManager] Element Action [GetText] successfully performed. With the following test data [1 file
has been successfully uploaded.]. @19-10-2021 02:00:52.0114 AM
[ReportManager] Loaded Shared OpenCV @19-10-2021 02:00:52.0244 AM
[ReportManager] Assertion [ValidateElementAttribute] PASSED. Expected [Value Should be '1 file' for the 'Text' attribute, element locator 'By.id: res'] and Actual [1 file
has been successfully uploaded.]. Comparison Type [CONTAINS]. Validation Type [POSITIVE]. @19-10-2021 02:00:52.0324 AM
[ReportManager] Successfully created attachment [Screenshot - 1634608852244_uploadFile_visibleUploadInput_ValidateElementAttribute_passed] @19-10-2021 02:00:52.0325 A
[ReportManager] Browser Action [CloseCurrentWindow] successfully performed. @19-10-2021 02:00:52.0434 AM
[ReportManager] Successfully created attachment [Browser Action Test Data - CloseCurrentWindow - Actual Value] @19-10-2021 02:00:52.0434 A

################################################################################################################################################
Starting Execution:	[138 out of 143] test cases in the current suite
Test Method:		[testPackage01.Test_SelectedValue.multipleSelect]
################################################################################################################################################
[ReportManager] File Action [GetAbsolutePath] successfully performed. With the following test data [Relative Folder Path: "target/downloadedFiles/"]. @19-10-2021 02:00:52.0441 AM
[ReportManager] Attempting to run remotely on: [Linux-64], [GoogleChrome], [http://localhost:4444/wd/hub], Headless Execution. @19-10-2021 02:00:52.0443 AM
[ReportManager] Successfully Opened [GoogleChrome]. @19-10-2021 02:00:52.0654 AM
[ReportManager] Target URL: [https://yari-demos.prod.mdn.mozit.cloud/en-US/docs/Web/HTML/Element/select/_sample_.Advanced_select_with_multiple_features.html] @19-10-2021 02:00:52.0664 AM
[ReportManager] Initial URL: [data:,] @19-10-2021 02:00:52.0705 AM
[ReportManager] Browser Action [NavigateToURL] successfully performed. With the following test data [https://yari-demos.prod.mdn.mozit.cloud/en-US/docs/Web/HTML/Element/select/_sample_.Advanced_select_with_multiple_features.html]. @19-10-2021 02:00:53.0087 AM
[ReportManager] Element Action [Select] successfully performed. With the following test data [Dog]. @19-10-2021 02:00:53.0424 AM
[ReportManager] Element Action [Select] successfully performed. With the following test data [Cat]. @19-10-2021 02:00:53.0662 AM
[ReportManager] Element Action [GetSelectedText] successfully performed. With the following test data [DogCat]. @19-10-2021 02:00:53.0804 AM
[ReportManager] DogCat @19-10-2021 02:00:53.0805 AM
[ReportManager] Element Action [GetSelectedText] successfully performed. With the following test data [DogCat]. @19-10-2021 02:00:53.0941 AM
[ReportManager] Loaded Shared OpenCV @19-10-2021 02:00:54.0050 AM
[ReportManager] Assertion [ValidateElementAttribute] PASSED. Expected [Value Should be 'DogCat' for the 'selectedText' attribute, element locator 'By.tagName: select'] and Actual [DogCat]. Comparison Type [EQUALS]. Validation Type [POSITIVE]. @19-10-2021 02:00:54.0125 AM
[ReportManager] Successfully created attachment [Screenshot - 1634608854050_multipleSelect_ValidateElementAttribute_passed] @19-10-2021 02:00:54.0126 AM
[ReportManager] Browser Action [CloseCurrentWindow] successfully performed. @19-10-2021 02:00:54.0209 AM
[ReportManager] Successfully created attachment [Browser Action Test Data - CloseCurrentWindow - Actual Value] @19-10-2021 02:00:54.0209 A

################################################################################################################################################
Starting Execution:	[139 out of 143] test cases in the current suite
Test Method:		[testPackage01.Test_SelectedValue.simpleSelect]
################################################################################################################################################
[ReportManager] File Action [GetAbsolutePath] successfully performed. With the following test data [Relative Folder Path: "target/downloadedFiles/"]. @19-10-2021 02:00:54.0212 AM
[ReportManager] Attempting to run remotely on: [Linux-64], [GoogleChrome], [http://localhost:4444/wd/hub], Headless Execution. @19-10-2021 02:00:54.0212 AM
[ReportManager] Successfully Opened [GoogleChrome]. @19-10-2021 02:00:54.0432 AM
[ReportManager] Target URL: [https://yari-demos.prod.mdn.mozit.cloud/en-US/docs/Web/HTML/Element/select/_sample_.Basic_select.html] @19-10-2021 02:00:54.0442 AM
[ReportManager] Initial URL: [data:,] @19-10-2021 02:00:54.0481 AM
[ReportManager] Browser Action [NavigateToURL] successfully performed. With the following test data [https://yari-demos.prod.mdn.mozit.cloud/en-US/docs/Web/HTML/Element/select/_sample_.Basic_select.html]. @19-10-2021 02:00:54.0672 AM
[ReportManager] Element Action [Select] successfully performed. With the following test data [Third Value]. @19-10-2021 02:00:54.0959 AM
[ReportManager] Element Action [GetSelectedText] successfully performed. With the following test data [Third Value]. @19-10-2021 02:00:55.0074 AM
[ReportManager] Third Value @19-10-2021 02:00:55.0075 AM
[ReportManager] Element Action [GetSelectedText] successfully performed. With the following test data [Third Value]. @19-10-2021 02:00:55.0170 AM
[ReportManager] Loaded Shared OpenCV @19-10-2021 02:00:55.0300 AM
[ReportManager] Assertion [ValidateElementAttribute] PASSED. Expected [Value Should be 'Third Value' for the 'selectedText' attribute, element locator 'By.tagName: select'] and Actual [Third Value]. Comparison Type [EQUALS]. Validation Type [POSITIVE]. @19-10-2021 02:00:55.0371 AM
[ReportManager] Successfully created attachment [Screenshot - 1634608855300_simpleSelect_ValidateElementAttribute_passed] @19-10-2021 02:00:55.0372 AM
[ReportManager] Browser Action [CloseCurrentWindow] successfully performed. @19-10-2021 02:00:55.0457 AM
[ReportManager] Successfully created attachment [Browser Action Test Data - CloseCurrentWindow - Actual Value] @19-10-2021 02:00:55.0457 A

################################################################################################################################################
Starting Execution:	[140 out of 143] test cases in the current suite
Test Method:		[testPackage01.Test_JSONFileManager.readStringFromJson]
################################################################################################################################################
[ReportManager] Successfully loaded the following test data file [src/test/resources/TestDataFiles/simpleJSON.json]. @19-10-2021 02:00:55.0474 AM
[ReportManager] Successfully created attachment [Test Data - JSON] @19-10-2021 02:00:55.0475 AM
[ReportManager] Assertion [ValidateEquals] PASSED. Expected [Mohab Mohie] and Actual [Mohab Mohie]. Comparison Type [EQUALS]. Validation Type [POSITIVE]. @19-10-2021 02:00:55.0489 A
[ReportManager] Successfully loaded the following test data file [src/test/resources/TestDataFiles/testSuite01/TestData.xlsx]. @19-10-2021 02:00:55.0526 AM
[ReportManager] Successfully created attachment [Test Data - Excel] @19-10-2021 02:00:55.0526 AM
[ReportManager] Attempting to run using Playwright locally on: [Linux-64], [GoogleChrome], Headless Execution. @19-10-2021 02:01:12.0048 AM
[ReportManager] File Action [GetAbsolutePath] successfully performed. With the following test data [Relative Folder Path: "target/downloadedFiles/"]. @19-10-2021 02:01:12.0057 AM
[ReportManager] Initial window size: (1280, 720) @19-10-2021 02:01:12.0473 AM
[ReportManager] Window size after Toolkit: com.microsoft.playwright.options.ViewportSize@4a5a233b @19-10-2021 02:01:12.0478 AM
[ReportManager] Browser Action [MaximizeWindow] successfully performed. With the following test data [New screen size is now: (1920, 1080)]. @19-10-2021 02:01:12.0478 A

################################################################################################################################################
Starting Execution:	[141 out of 143] test cases in the current suite
Test Method:		[testPackage01.Test_google_playwright.navigateToURLandVerifyGoogleLogoIsDisplayed]
Test Description:	[TC001 - Navigate to URL and Verify Google Logo is Displayed]
################################################################################################################################################
[ReportManager] Target URL: [https://www.google.com/ncr], and after redirection: [https://www.google.com] @19-10-2021 02:01:12.0484 AM
[ReportManager] Initial URL: [about:blank] @19-10-2021 02:01:12.0947 AM
[ReportManager] Browser Action [NavigateToURL] successfully performed. With the following test data [https://www.google.com/ncr]. @19-10-2021 02:01:15.0241 AM
[ReportManager] Loaded Shared OpenCV @19-10-2021 02:01:15.0486 AM
[ReportManager] Assertion [ValidateElementExists] PASSED. Expected [Element Should Exist, locator 'xpath=//*[@id='hplogo' or @alt='Google']'] and Actual [Element Exists]. Comparison Type [EQUALS]. Validation Type [POSITIVE]. @19-10-2021 02:01:15.0746 AM
[ReportManager] Successfully created attachment [Screenshot - 1634608875475_navigateToURLandVerifyGoogleLogoIsDisplayed_ValidateElementExists_passed] @19-10-2021 02:01:15.0747 A

################################################################################################################################################
Starting Execution:	[142 out of 143] test cases in the current suite
Test Method:		[testPackage01.Test_google_playwright.searchForQueryandAssertResultsNumDisplayed]
Test Description:	[TC002 - Search for Query and Assert that the number of results is displayed]
################################################################################################################################################
[ReportManager] Element Action [Type] successfully performed. With the following test data [SHAFT_Engine]. @19-10-2021 02:01:16.0050 AM
[ReportManager] Element Action [KeyPress] successfully performed. With the following test data [Enter]. @19-10-2021 02:01:16.0084 AM
[ReportManager] Element Action [GetText] successfully performed. With the following test data [About 946,000 results (0.67 seconds)]. @19-10-2021 02:01:17.0112 AM
[ReportManager] Loaded Shared OpenCV @19-10-2021 02:01:19.0373 AM
[ReportManager] Assertion [ValidateElementAttribute] PASSED. Expected [Value Should not be '' for the 'text' attribute, element locator 'xpath=//div[@id='appbar']'] and Actual [About 946,000 results (0.67 seconds)]. Comparison Type [EQUALS]. Validation Type [NEGATIVE]. @19-10-2021 02:01:19.0662 AM
[ReportManager] Successfully created attachment [Screenshot - 1634608879372_searchForQueryandAssertResultsNumDisplayed_ValidateElementAttribute_passed] @19-10-2021 02:01:19.0666 A

################################################################################################################################################
Starting Execution:	[143 out of 143] test cases in the current suite
Test Method:		[testPackage01.Test_google_playwright.clickNextThrice]
Test Description:	[TC003 - Clicks the next button to make sure that the framework can scroll element into view before clicking it]
################################################################################################################################################
[ReportManager] Element Action [Click] successfully performed. With the following test data [Next]. @19-10-2021 02:01:19.0950 A
[ReportManager] Failed to find video recording. @19-10-2021 02:01:19.0951 AM
[ReportManager] Successfully Closed PlayWright Driver. @19-10-2021 02:01:20.0019 A

################################################################################################################################################
Test Closure Activities
################################################################################################################################################
[ReportManager] Successfully created attachment [SHAFT Engine Logs - Execution log] @19-10-2021 02:01:20.0040 AM

################################################################################################################################################
This test run was powered by SHAFT Engine Version: [SHAFT Engine v5.4.20211011]
SHAFT Engine is licensed under the MIT License: [https://github.com/MohabMohie/SHAFT_ENGINE/blob/master/LICENSE].
################################################################################################################################################