################################################################################################################################################
Detected SHAFT Engine Version: [SHAFT Engine v6.1.20220113]
################################################################################################################################################
[ReportManager] File Action [GetAbsolutePath] successfully performed. With the following test data [Relative Folder Path: "target/downloadedFiles/"]. @25-01-2022 13:10:03.0914 PM
[ReportManager] Attempting to run locally on: [Mac-64], [Safari], Headless Execution. @25-01-2022 13:10:03.0930 PM
[ReportManager] Successfully Opened Safari. @25-01-2022 13:10:09.0992 PM
[ReportManager] Initial window size: (800, 600) @25-01-2022 13:10:10.0012 PM
[ReportManager] Window size after SWD Maximize: (1176, 802) @25-01-2022 13:10:10.0070 PM
[ReportManager] Browser Action [MaximizeWindow] successfully performed. With the following test data [New screen size is now: (1176, 802)]. @25-01-2022 13:10:10.0090 P

################################################################################################################################################
Starting Execution:	[1 out of 162] test cases in the current suite
Test Method:		[unitTests.tests_element_elementActions.waitForElementToBePresent_false_expectedToFail]
################################################################################################################################################
[ReportManager] Target URL: [https://www.google.com/ncr], and after redirection: [www.google.com] @25-01-2022 13:10:10.0243 PM
[ReportManager] Initial URL: [] @25-01-2022 13:10:10.0307 PM
[ReportManager] Browser Action [NavigateToURL] successfully performed. With the following test data [https://www.google.com/ncr]. @25-01-2022 13:10:11.0887 PM
[ReportManager] Waiting for element to be present; elementLocator [By.xpath: //*[@id='hplogo' or @alt='Google']], numberOfTries[1], stateOfPresence[false]... @25-01-2022 13:10:11.0916 PM
[ReportManager] Element Action [WaitForElementToBePresent] failed. With the following test data [waited for the element's state of presence to be (false). Element locator (By.xpath: //*[@id='hplogo' or @alt='Google'])]. @25-01-2022 13:10:15.0983 PM
[ReportManager] Successfully created attachment [Screenshot - 1643116212522_waitForElementToBePresent_false_expectedToFail_WaitForElementToBePresent_failed] @25-01-2022 13:10:15.0997 P
[ReportManager] Browser Action [CloseCurrentWindow] successfully performed. @25-01-2022 13:10:16.0168 PM
[ReportManager] Successfully created attachment [Browser Action Test Data - CloseCurrentWindow - Actual Value] @25-01-2022 13:10:16.0169 P
[ReportManager] File Action [GetAbsolutePath] successfully performed. With the following test data [Relative Folder Path: "target/downloadedFiles/"]. @25-01-2022 13:10:16.0184 PM
[ReportManager] Attempting to run locally on: [Mac-64], [Safari], Headless Execution. @25-01-2022 13:10:16.0185 PM
[ReportManager] Successfully Opened Safari. @25-01-2022 13:10:17.0187 PM
[ReportManager] Initial window size: (800, 600) @25-01-2022 13:10:17.0212 PM
[ReportManager] Window size after SWD Maximize: (1176, 803) @25-01-2022 13:10:17.0289 PM
[ReportManager] Browser Action [MaximizeWindow] successfully performed. With the following test data [New screen size is now: (1176, 803)]. @25-01-2022 13:10:17.0290 P

################################################################################################################################################
Starting Execution:	[2 out of 162] test cases in the current suite
Test Method:		[unitTests.tests_element_elementActions.waitForElementToBePresent_false_expectedToPass]
################################################################################################################################################
[ReportManager] Target URL: [https://www.google.com/ncr], and after redirection: [www.google.com] @25-01-2022 13:10:17.0313 PM
[ReportManager] Initial URL: [] @25-01-2022 13:10:17.0395 PM
[ReportManager] Browser Action [NavigateToURL] successfully performed. With the following test data [https://www.google.com/ncr]. @25-01-2022 13:10:18.0984 PM
[ReportManager] Waiting for element to be present; elementLocator [By.id: bla], numberOfTries[1], stateOfPresence[false]... @25-01-2022 13:10:18.0984 PM
[ReportManager] org.openqa.selenium.TimeoutException:
Expected condition failed: waiting for com.shaft.gui.element.ElementActionsHelper$$Lambda$641/0x000000080112e1b8@2a6871ad (tried for 5 second(s) with 1000 milliseconds interval)
org.openqa.selenium.support.ui.FluentWait.timeoutException(FluentWait.java:263)
org.openqa.selenium.support.ui.FluentWait.until(FluentWait.java:231)
com.shaft.gui.element.ElementActionsHelper.waitForElementPresence(ElementActionsHelper.java:89)
com.shaft.gui.element.ElementActionsHelper.waitForElementPresence(ElementActionsHelper.java:37)
com.shaft.gui.element.WebDriverElementActions.getMatchingElementsCount(WebDriverElementActions.java:1481)
com.shaft.gui.element.WebDriverElementActions.waitForElementToBePresent(WebDriverElementActions.java:1295)
com.shaft.gui.element.ElementActions.waitForElementToBePresent(ElementActions.java:630)
unitTests.tests_element_elementActions.waitForElementToBePresent_false_expectedToPass(tests_element_elementActions.java:48)
java.base/jdk.internal.reflect.NativeMethodAccessorImpl.invoke0(Native Method)
java.base/jdk.internal.reflect.NativeMethodAccessorImpl.invoke(NativeMethodAccessorImpl.java:77)
java.base/jdk.internal.reflect.DelegatingMethodAccessorImpl.invoke(DelegatingMethodAccessorImpl.java:43)
java.base/java.lang.reflect.Method.invoke(Method.java:568)
org.testng.internal.invokers.MethodInvocationHelper.invokeMethod(MethodInvocationHelper.java:135)
org.testng.internal.invokers.TestInvoker.invokeMethod(TestInvoker.java:673)
org.testng.internal.invokers.TestInvoker.invokeTestMethod(TestInvoker.java:220)
org.testng.internal.invokers.MethodRunner.runInSequence(MethodRunner.java:50)
org.testng.internal.invokers.TestInvoker$MethodInvocationAgent.invoke(TestInvoker.java:945)
org.testng.internal.invokers.TestInvoker.invokeTestMethods(TestInvoker.java:193)
org.testng.internal.invokers.TestMethodWorker.invokeTestMethods(TestMethodWorker.java:146)
org.testng.internal.invokers.TestMethodWorker.run(TestMethodWorker.java:128)
java.base/java.util.ArrayList.forEach(ArrayList.java:1511)
org.testng.TestRunner.privateRun(TestRunner.java:808)
org.testng.TestRunner.run(TestRunner.java:603)
org.testng.SuiteRunner.runTest(SuiteRunner.java:429)
org.testng.SuiteRunner.runSequentially(SuiteRunner.java:423)
org.testng.SuiteRunner.privateRun(SuiteRunner.java:383)
org.testng.SuiteRunner.run(SuiteRunner.java:326)
org.testng.SuiteRunnerWorker.runSuite(SuiteRunnerWorker.java:52)
org.testng.SuiteRunnerWorker.run(SuiteRunnerWorker.java:95)
org.testng.TestNG.runSuitesSequentially(TestNG.java:1249)
org.testng.TestNG.runSuitesLocally(TestNG.java:1169)
org.testng.TestNG.runSuites(TestNG.java:1092)
org.testng.TestNG.run(TestNG.java:1060)
org.apache.maven.surefire.testng.TestNGExecutor.run(TestNGExecutor.java:136)
org.apache.maven.surefire.testng.TestNGDirectoryTestSuite.executeMulti(TestNGDirectoryTestSuite.java:193)
org.apache.maven.surefire.testng.TestNGDirectoryTestSuite.execute(TestNGDirectoryTestSuite.java:94)
org.apache.maven.surefire.testng.TestNGProvider.invoke(TestNGProvider.java:145)
org.apache.maven.surefire.booter.ForkedBooter.runSuitesInProcess(ForkedBooter.java:428)
org.apache.maven.surefire.booter.ForkedBooter.execute(ForkedBooter.java:162)
org.apache.maven.surefire.booter.ForkedBooter.run(ForkedBooter.java:562)
org.apache.maven.surefire.booter.ForkedBooter.main(ForkedBooter.java:548)

Caused by: org.openqa.selenium.NoSuchElementException:
For documentation on this error, please visit: https://selenium.dev/exceptions/#no_such_element
Build info: version: '4.1.1', revision: 'e8fcc2cecf'
System info: host: 'Mac-1643116009760.local', ip: '10.213.3.48', os.name: 'Mac OS X', os.arch: 'x86_64', os.version: '11.6.2', java.version: '17.0.2'
Driver info: org.openqa.selenium.safari.SafariDriver
Command: [8CAD7F3F-1371-4F8F-AF0B-FE36C2874C25, findElement {using=id, value=bla}]
Capabilities {acceptInsecureCerts: false, browserName: Safari, browserVersion: 15.2, goog:loggingPrefs: {browser: ALL, client: ALL, driver: ALL, performance: ALL, profiler: ALL, server: ALL}, javascriptEnabled: true, pageLoadStrategy: normal, platform: MAC, platformName: MAC, safari:automaticInspection: false, safari:automaticProfiling: false, safari:diagnose: false, safari:platformBuildVersion: 20G314, safari:platformVersion: 11.6.2, safari:useSimulator: false, setWindowRect: true, strictFileInteractability: false, timeouts: {pageLoad: 30000, script: 30000}, webkit:WebRTC: {DisableICECandidateFiltering: false, DisableInsecureMediaCapture: false}}
Session ID: 8CAD7F3F-1371-4F8F-AF0B-FE36C2874C25
java.base/jdk.internal.reflect.NativeConstructorAccessorImpl.newInstance0(Native Method)
java.base/jdk.internal.reflect.NativeConstructorAccessorImpl.newInstance(NativeConstructorAccessorImpl.java:77)
java.base/jdk.internal.reflect.DelegatingConstructorAccessorImpl.newInstance(DelegatingConstructorAccessorImpl.java:45)
java.base/java.lang.reflect.Constructor.newInstanceWithCaller(Constructor.java:499)
java.base/java.lang.reflect.Constructor.newInstance(Constructor.java:480)
org.openqa.selenium.remote.codec.w3c.W3CHttpResponseCodec.createException(W3CHttpResponseCodec.java:200)
org.openqa.selenium.remote.codec.w3c.W3CHttpResponseCodec.decode(W3CHttpResponseCodec.java:133)
org.openqa.selenium.remote.codec.w3c.W3CHttpResponseCodec.decode(W3CHttpResponseCodec.java:53)
org.openqa.selenium.remote.HttpCommandExecutor.execute(HttpCommandExecutor.java:184)
org.openqa.selenium.remote.service.DriverCommandExecutor.invokeExecute(DriverCommandExecutor.java:167)
org.openqa.selenium.remote.service.DriverCommandExecutor.execute(DriverCommandExecutor.java:142)
org.openqa.selenium.remote.RemoteWebDriver.execute(RemoteWebDriver.java:543)
org.openqa.selenium.remote.ElementLocation$ElementFinder$2.findElement(ElementLocation.java:162)
org.openqa.selenium.remote.ElementLocation.findElement(ElementLocation.java:60)
org.openqa.selenium.remote.RemoteWebDriver.findElement(RemoteWebDriver.java:367)
org.openqa.selenium.remote.RemoteWebDriver.findElement(RemoteWebDriver.java:359)
com.shaft.gui.element.ElementActionsHelper.lambda$waitForElementPresence$0(ElementActionsHelper.java:92)
org.openqa.selenium.support.ui.FluentWait.until(FluentWait.java:208)
com.shaft.gui.element.ElementActionsHelper.waitForElementPresence(ElementActionsHelper.java:89)
com.shaft.gui.element.ElementActionsHelper.waitForElementPresence(ElementActionsHelper.java:37)
com.shaft.gui.element.WebDriverElementActions.getMatchingElementsCount(WebDriverElementActions.java:1481)
com.shaft.gui.element.WebDriverElementActions.waitForElementToBePresent(WebDriverElementActions.java:1295)
com.shaft.gui.element.ElementActions.waitForElementToBePresent(ElementActions.java:630)
unitTests.tests_element_elementActions.waitForElementToBePresent_false_expectedToPass(tests_element_elementActions.java:48)
java.base/jdk.internal.reflect.NativeMethodAccessorImpl.invoke0(Native Method)
java.base/jdk.internal.reflect.NativeMethodAccessorImpl.invoke(NativeMethodAccessorImpl.java:77)
java.base/jdk.internal.reflect.DelegatingMethodAccessorImpl.invoke(DelegatingMethodAccessorImpl.java:43)
java.base/java.lang.reflect.Method.invoke(Method.java:568)
org.testng.internal.invokers.MethodInvocationHelper.invokeMethod(MethodInvocationHelper.java:135)
org.testng.internal.invokers.TestInvoker.invokeMethod(TestInvoker.java:673)
org.testng.internal.invokers.TestInvoker.invokeTestMethod(TestInvoker.java:220)
org.testng.internal.invokers.MethodRunner.runInSequence(MethodRunner.java:50)
org.testng.internal.invokers.TestInvoker$MethodInvocationAgent.invoke(TestInvoker.java:945)
org.testng.internal.invokers.TestInvoker.invokeTestMethods(TestInvoker.java:193)
org.testng.internal.invokers.TestMethodWorker.invokeTestMethods(TestMethodWorker.java:146)
org.testng.internal.invokers.TestMethodWorker.run(TestMethodWorker.java:128)
java.base/java.util.ArrayList.forEach(ArrayList.java:1511)
org.testng.TestRunner.privateRun(TestRunner.java:808)
org.testng.TestRunner.run(TestRunner.java:603)
org.testng.SuiteRunner.runTest(SuiteRunner.java:429)
org.testng.SuiteRunner.runSequentially(SuiteRunner.java:423)
org.testng.SuiteRunner.privateRun(SuiteRunner.java:383)
org.testng.SuiteRunner.run(SuiteRunner.java:326)
org.testng.SuiteRunnerWorker.runSuite(SuiteRunnerWorker.java:52)
org.testng.SuiteRunnerWorker.run(SuiteRunnerWorker.java:95)
org.testng.TestNG.runSuitesSequentially(TestNG.java:1249)
org.testng.TestNG.runSuitesLocally(TestNG.java:1169)
org.testng.TestNG.runSuites(TestNG.java:1092)
org.testng.TestNG.run(TestNG.java:1060)
org.apache.maven.surefire.testng.TestNGExecutor.run(TestNGExecutor.java:136)
org.apache.maven.surefire.testng.TestNGDirectoryTestSuite.executeMulti(TestNGDirectoryTestSuite.java:193)
org.apache.maven.surefire.testng.TestNGDirectoryTestSuite.execute(TestNGDirectoryTestSuite.java:94)
org.apache.maven.surefire.testng.TestNGProvider.invoke(TestNGProvider.java:145)
org.apache.maven.surefire.booter.ForkedBooter.runSuitesInProcess(ForkedBooter.java:428)
org.apache.maven.surefire.booter.ForkedBooter.execute(ForkedBooter.java:162)
org.apache.maven.surefire.booter.ForkedBooter.run(ForkedBooter.java:562)
org.apache.maven.surefire.booter.ForkedBooter.main(ForkedBooter.java:548) @25-01-2022 13:10:24.0279 PM
[ReportManager] Element Action [WaitForElementToBePresent] successfully performed. With the following test data [waited for the element's state of presence to be (false). Element locator (By.id: bla)]. @25-01-2022 13:10:24.0280 P
[ReportManager] Browser Action [CloseCurrentWindow] successfully performed. @25-01-2022 13:10:24.0667 PM
[ReportManager] Successfully created attachment [Browser Action Test Data - CloseCurrentWindow - Actual Value] @25-01-2022 13:10:24.0667 P
[ReportManager] File Action [GetAbsolutePath] successfully performed. With the following test data [Relative Folder Path: "target/downloadedFiles/"]. @25-01-2022 13:10:24.0675 PM
[ReportManager] Attempting to run locally on: [Mac-64], [Safari], Headless Execution. @25-01-2022 13:10:24.0675 PM
[ReportManager] Successfully Opened Safari. @25-01-2022 13:10:25.0540 PM
[ReportManager] Initial window size: (800, 600) @25-01-2022 13:10:25.0572 PM
[ReportManager] Window size after SWD Maximize: (1176, 803) @25-01-2022 13:10:25.0601 PM
[ReportManager] Browser Action [MaximizeWindow] successfully performed. With the following test data [New screen size is now: (1176, 803)]. @25-01-2022 13:10:25.0601 P

################################################################################################################################################
Starting Execution:	[3 out of 162] test cases in the current suite
Test Method:		[unitTests.tests_element_elementActions.waitForElementToBePresent_moreThanOneElement_expectedToFail]
################################################################################################################################################
[ReportManager] Target URL: [https://www.google.com/ncr], and after redirection: [www.google.com] @25-01-2022 13:10:25.0648 PM
[ReportManager] Initial URL: [] @25-01-2022 13:10:25.0690 PM
[ReportManager] Browser Action [NavigateToURL] successfully performed. With the following test data [https://www.google.com/ncr]. @25-01-2022 13:10:27.0183 PM
[ReportManager] Waiting for element to be present; elementLocator [By.xpath: //*], numberOfTries[1], stateOfPresence[false]... @25-01-2022 13:10:27.0183 PM
[ReportManager] Element Action [WaitForElementToBePresent] failed. With the following test data [waited for the element's state of presence to be (false). Element locator (By.xpath: //*)]. @25-01-2022 13:10:27.0392 PM
[ReportManager] Successfully created attachment [Screenshot - 1643116227260_waitForElementToBePresent_moreThanOneElement_expectedToFail_WaitForElementToBePresent_failed] @25-01-2022 13:10:27.0396 P
[ReportManager] Browser Action [CloseCurrentWindow] successfully performed. @25-01-2022 13:10:27.0714 PM
[ReportManager] Successfully created attachment [Browser Action Test Data - CloseCurrentWindow - Actual Value] @25-01-2022 13:10:27.0715 P
[ReportManager] File Action [GetAbsolutePath] successfully performed. With the following test data [Relative Folder Path: "target/downloadedFiles/"]. @25-01-2022 13:10:27.0721 PM
[ReportManager] Attempting to run locally on: [Mac-64], [Safari], Headless Execution. @25-01-2022 13:10:27.0721 PM
[ReportManager] Successfully Opened Safari. @25-01-2022 13:10:28.0671 PM
[ReportManager] Initial window size: (800, 600) @25-01-2022 13:10:28.0707 PM
[ReportManager] Window size after SWD Maximize: (1176, 803) @25-01-2022 13:10:28.0741 PM
[ReportManager] Browser Action [MaximizeWindow] successfully performed. With the following test data [New screen size is now: (1176, 803)]. @25-01-2022 13:10:28.0742 P

################################################################################################################################################
Starting Execution:	[4 out of 162] test cases in the current suite
Test Method:		[unitTests.tests_element_elementActions.waitForElementToBePresent_true_expectedToFail]
################################################################################################################################################
[ReportManager] Target URL: [https://www.google.com/ncr], and after redirection: [www.google.com] @25-01-2022 13:10:28.0750 PM
[ReportManager] Initial URL: [] @25-01-2022 13:10:28.0806 PM
[ReportManager] Browser Action [NavigateToURL] successfully performed. With the following test data [https://www.google.com/ncr]. @25-01-2022 13:10:30.0353 PM
[ReportManager] Waiting for element to be present; elementLocator [By.id: bla], numberOfTries[1], stateOfPresence[true]... @25-01-2022 13:10:30.0353 PM
[ReportManager] org.openqa.selenium.TimeoutException:
Expected condition failed: waiting for com.shaft.gui.element.ElementActionsHelper$$Lambda$641/0x000000080112e1b8@54a7d1b9 (tried for 5 second(s) with 1000 milliseconds interval)
org.openqa.selenium.support.ui.FluentWait.timeoutException(FluentWait.java:263)
org.openqa.selenium.support.ui.FluentWait.until(FluentWait.java:231)
com.shaft.gui.element.ElementActionsHelper.waitForElementPresence(ElementActionsHelper.java:89)
com.shaft.gui.element.ElementActionsHelper.waitForElementPresence(ElementActionsHelper.java:37)
com.shaft.gui.element.WebDriverElementActions.getMatchingElementsCount(WebDriverElementActions.java:1481)
com.shaft.gui.element.WebDriverElementActions.waitForElementToBePresent(WebDriverElementActions.java:1295)
com.shaft.gui.element.ElementActions.waitForElementToBePresent(ElementActions.java:630)
unitTests.tests_element_elementActions.waitForElementToBePresent_true_expectedToFail(tests_element_elementActions.java:39)
java.base/jdk.internal.reflect.NativeMethodAccessorImpl.invoke0(Native Method)
java.base/jdk.internal.reflect.NativeMethodAccessorImpl.invoke(NativeMethodAccessorImpl.java:77)
java.base/jdk.internal.reflect.DelegatingMethodAccessorImpl.invoke(DelegatingMethodAccessorImpl.java:43)
java.base/java.lang.reflect.Method.invoke(Method.java:568)
org.testng.internal.invokers.MethodInvocationHelper.invokeMethod(MethodInvocationHelper.java:135)
org.testng.internal.invokers.TestInvoker.invokeMethod(TestInvoker.java:673)
org.testng.internal.invokers.TestInvoker.invokeTestMethod(TestInvoker.java:220)
org.testng.internal.invokers.MethodRunner.runInSequence(MethodRunner.java:50)
org.testng.internal.invokers.TestInvoker$MethodInvocationAgent.invoke(TestInvoker.java:945)
org.testng.internal.invokers.TestInvoker.invokeTestMethods(TestInvoker.java:193)
org.testng.internal.invokers.TestMethodWorker.invokeTestMethods(TestMethodWorker.java:146)
org.testng.internal.invokers.TestMethodWorker.run(TestMethodWorker.java:128)
java.base/java.util.ArrayList.forEach(ArrayList.java:1511)
org.testng.TestRunner.privateRun(TestRunner.java:808)
org.testng.TestRunner.run(TestRunner.java:603)
org.testng.SuiteRunner.runTest(SuiteRunner.java:429)
org.testng.SuiteRunner.runSequentially(SuiteRunner.java:423)
org.testng.SuiteRunner.privateRun(SuiteRunner.java:383)
org.testng.SuiteRunner.run(SuiteRunner.java:326)
org.testng.SuiteRunnerWorker.runSuite(SuiteRunnerWorker.java:52)
org.testng.SuiteRunnerWorker.run(SuiteRunnerWorker.java:95)
org.testng.TestNG.runSuitesSequentially(TestNG.java:1249)
org.testng.TestNG.runSuitesLocally(TestNG.java:1169)
org.testng.TestNG.runSuites(TestNG.java:1092)
org.testng.TestNG.run(TestNG.java:1060)
org.apache.maven.surefire.testng.TestNGExecutor.run(TestNGExecutor.java:136)
org.apache.maven.surefire.testng.TestNGDirectoryTestSuite.executeMulti(TestNGDirectoryTestSuite.java:193)
org.apache.maven.surefire.testng.TestNGDirectoryTestSuite.execute(TestNGDirectoryTestSuite.java:94)
org.apache.maven.surefire.testng.TestNGProvider.invoke(TestNGProvider.java:145)
org.apache.maven.surefire.booter.ForkedBooter.runSuitesInProcess(ForkedBooter.java:428)
org.apache.maven.surefire.booter.ForkedBooter.execute(ForkedBooter.java:162)
org.apache.maven.surefire.booter.ForkedBooter.run(ForkedBooter.java:562)
org.apache.maven.surefire.booter.ForkedBooter.main(ForkedBooter.java:548)

Caused by: org.openqa.selenium.NoSuchElementException:
For documentation on this error, please visit: https://selenium.dev/exceptions/#no_such_element
Build info: version: '4.1.1', revision: 'e8fcc2cecf'
System info: host: 'Mac-1643116009760.local', ip: '10.213.3.48', os.name: 'Mac OS X', os.arch: 'x86_64', os.version: '11.6.2', java.version: '17.0.2'
Driver info: org.openqa.selenium.safari.SafariDriver
Command: [0DB587BA-6E6E-46DC-A7F7-5E38EE897E15, findElement {using=id, value=bla}]
Capabilities {acceptInsecureCerts: false, browserName: Safari, browserVersion: 15.2, goog:loggingPrefs: {browser: ALL, client: ALL, driver: ALL, performance: ALL, profiler: ALL, server: ALL}, javascriptEnabled: true, pageLoadStrategy: normal, platform: MAC, platformName: MAC, safari:automaticInspection: false, safari:automaticProfiling: false, safari:diagnose: false, safari:platformBuildVersion: 20G314, safari:platformVersion: 11.6.2, safari:useSimulator: false, setWindowRect: true, strictFileInteractability: false, timeouts: {pageLoad: 30000, script: 30000}, webkit:WebRTC: {DisableICECandidateFiltering: false, DisableInsecureMediaCapture: false}}
Session ID: 0DB587BA-6E6E-46DC-A7F7-5E38EE897E15
java.base/jdk.internal.reflect.NativeConstructorAccessorImpl.newInstance0(Native Method)
java.base/jdk.internal.reflect.NativeConstructorAccessorImpl.newInstance(NativeConstructorAccessorImpl.java:77)
java.base/jdk.internal.reflect.DelegatingConstructorAccessorImpl.newInstance(DelegatingConstructorAccessorImpl.java:45)
java.base/java.lang.reflect.Constructor.newInstanceWithCaller(Constructor.java:499)
java.base/java.lang.reflect.Constructor.newInstance(Constructor.java:480)
org.openqa.selenium.remote.codec.w3c.W3CHttpResponseCodec.createException(W3CHttpResponseCodec.java:200)
org.openqa.selenium.remote.codec.w3c.W3CHttpResponseCodec.decode(W3CHttpResponseCodec.java:133)
org.openqa.selenium.remote.codec.w3c.W3CHttpResponseCodec.decode(W3CHttpResponseCodec.java:53)
org.openqa.selenium.remote.HttpCommandExecutor.execute(HttpCommandExecutor.java:184)
org.openqa.selenium.remote.service.DriverCommandExecutor.invokeExecute(DriverCommandExecutor.java:167)
org.openqa.selenium.remote.service.DriverCommandExecutor.execute(DriverCommandExecutor.java:142)
org.openqa.selenium.remote.RemoteWebDriver.execute(RemoteWebDriver.java:543)
org.openqa.selenium.remote.ElementLocation$ElementFinder$2.findElement(ElementLocation.java:162)
org.openqa.selenium.remote.ElementLocation.findElement(ElementLocation.java:60)
org.openqa.selenium.remote.RemoteWebDriver.findElement(RemoteWebDriver.java:367)
org.openqa.selenium.remote.RemoteWebDriver.findElement(RemoteWebDriver.java:359)
com.shaft.gui.element.ElementActionsHelper.lambda$waitForElementPresence$0(ElementActionsHelper.java:92)
org.openqa.selenium.support.ui.FluentWait.until(FluentWait.java:208)
com.shaft.gui.element.ElementActionsHelper.waitForElementPresence(ElementActionsHelper.java:89)
com.shaft.gui.element.ElementActionsHelper.waitForElementPresence(ElementActionsHelper.java:37)
com.shaft.gui.element.WebDriverElementActions.getMatchingElementsCount(WebDriverElementActions.java:1481)
com.shaft.gui.element.WebDriverElementActions.waitForElementToBePresent(WebDriverElementActions.java:1295)
com.shaft.gui.element.ElementActions.waitForElementToBePresent(ElementActions.java:630)
unitTests.tests_element_elementActions.waitForElementToBePresent_true_expectedToFail(tests_element_elementActions.java:39)
java.base/jdk.internal.reflect.NativeMethodAccessorImpl.invoke0(Native Method)
java.base/jdk.internal.reflect.NativeMethodAccessorImpl.invoke(NativeMethodAccessorImpl.java:77)
java.base/jdk.internal.reflect.DelegatingMethodAccessorImpl.invoke(DelegatingMethodAccessorImpl.java:43)
java.base/java.lang.reflect.Method.invoke(Method.java:568)
org.testng.internal.invokers.MethodInvocationHelper.invokeMethod(MethodInvocationHelper.java:135)
org.testng.internal.invokers.TestInvoker.invokeMethod(TestInvoker.java:673)
org.testng.internal.invokers.TestInvoker.invokeTestMethod(TestInvoker.java:220)
org.testng.internal.invokers.MethodRunner.runInSequence(MethodRunner.java:50)
org.testng.internal.invokers.TestInvoker$MethodInvocationAgent.invoke(TestInvoker.java:945)
org.testng.internal.invokers.TestInvoker.invokeTestMethods(TestInvoker.java:193)
org.testng.internal.invokers.TestMethodWorker.invokeTestMethods(TestMethodWorker.java:146)
org.testng.internal.invokers.TestMethodWorker.run(TestMethodWorker.java:128)
java.base/java.util.ArrayList.forEach(ArrayList.java:1511)
org.testng.TestRunner.privateRun(TestRunner.java:808)
org.testng.TestRunner.run(TestRunner.java:603)
org.testng.SuiteRunner.runTest(SuiteRunner.java:429)
org.testng.SuiteRunner.runSequentially(SuiteRunner.java:423)
org.testng.SuiteRunner.privateRun(SuiteRunner.java:383)
org.testng.SuiteRunner.run(SuiteRunner.java:326)
org.testng.SuiteRunnerWorker.runSuite(SuiteRunnerWorker.java:52)
org.testng.SuiteRunnerWorker.run(SuiteRunnerWorker.java:95)
org.testng.TestNG.runSuitesSequentially(TestNG.java:1249)
org.testng.TestNG.runSuitesLocally(TestNG.java:1169)
org.testng.TestNG.runSuites(TestNG.java:1092)
org.testng.TestNG.run(TestNG.java:1060)
org.apache.maven.surefire.testng.TestNGExecutor.run(TestNGExecutor.java:136)
org.apache.maven.surefire.testng.TestNGDirectoryTestSuite.executeMulti(TestNGDirectoryTestSuite.java:193)
org.apache.maven.surefire.testng.TestNGDirectoryTestSuite.execute(TestNGDirectoryTestSuite.java:94)
org.apache.maven.surefire.testng.TestNGProvider.invoke(TestNGProvider.java:145)
org.apache.maven.surefire.booter.ForkedBooter.runSuitesInProcess(ForkedBooter.java:428)
org.apache.maven.surefire.booter.ForkedBooter.execute(ForkedBooter.java:162)
org.apache.maven.surefire.booter.ForkedBooter.run(ForkedBooter.java:562)
org.apache.maven.surefire.booter.ForkedBooter.main(ForkedBooter.java:548) @25-01-2022 13:10:35.0560 PM
[ReportManager] Element Action [WaitForElementToBePresent] failed. With the following test data [waited for the element's state of presence to be (true). Element locator (By.id: bla)]. @25-01-2022 13:10:35.0675 PM
[ReportManager] Successfully created attachment [Screenshot - 1643116235587_waitForElementToBePresent_true_expectedToFail_WaitForElementToBePresent_failed] @25-01-2022 13:10:35.0677 P
[ReportManager] Browser Action [CloseCurrentWindow] successfully performed. @25-01-2022 13:10:35.0839 PM
[ReportManager] Successfully created attachment [Browser Action Test Data - CloseCurrentWindow - Actual Value] @25-01-2022 13:10:35.0840 P
[ReportManager] File Action [GetAbsolutePath] successfully performed. With the following test data [Relative Folder Path: "target/downloadedFiles/"]. @25-01-2022 13:10:35.0844 PM
[ReportManager] Attempting to run locally on: [Mac-64], [Safari], Headless Execution. @25-01-2022 13:10:35.0845 PM
[ReportManager] Successfully Opened Safari. @25-01-2022 13:10:36.0702 PM
[ReportManager] Initial window size: (800, 600) @25-01-2022 13:10:36.0722 PM
[ReportManager] Window size after SWD Maximize: (1176, 803) @25-01-2022 13:10:36.0740 PM
[ReportManager] Browser Action [MaximizeWindow] successfully performed. With the following test data [New screen size is now: (1176, 803)]. @25-01-2022 13:10:36.0740 P

################################################################################################################################################
Starting Execution:	[5 out of 162] test cases in the current suite
Test Method:		[unitTests.tests_element_elementActions.waitForElementToBePresent_true_expectedToPass]
################################################################################################################################################
[ReportManager] Target URL: [https://www.google.com/ncr], and after redirection: [www.google.com] @25-01-2022 13:10:36.0757 PM
[ReportManager] Initial URL: [] @25-01-2022 13:10:36.0829 PM
[ReportManager] Browser Action [NavigateToURL] successfully performed. With the following test data [https://www.google.com/ncr]. @25-01-2022 13:10:38.0321 PM
[ReportManager] Waiting for element to be present; elementLocator [By.xpath: //*[@id='hplogo' or @alt='Google']], numberOfTries[1], stateOfPresence[true]... @25-01-2022 13:10:38.0321 PM
[ReportManager] Element Action [WaitForElementToBePresent] successfully performed. With the following test data [waited for the element's state of presence to be (true). Element locator (By.xpath: //*[@id='hplogo' or @alt='Google'])]. @25-01-2022 13:10:38.0356 PM
[ReportManager] File Action [DoesFileExist] successfully performed. With the following test data [File Path: "src/main/resources/dynamicObjectRepository/unitTests_tests_element_elementActions_waitForElementToBePresent_true_expectedToPass_By_xpath_id_hplogo_or_alt_Google.png"]. @25-01-2022 13:10:38.0364 PM
[ReportManager] File Action [DoesFileExist] successfully performed. With the following test data [File Path: "src/main/resources/dynamicObjectRepository/unitTests_tests_element_elementActions_waitForElementToBePresent_true_expectedToPass_By_xpath_id_hplogo_or_alt_Google.png"]. @25-01-2022 13:10:38.0447 PM
[ReportManager] Passing the test and saving a reference image @25-01-2022 13:10:38.0448 PM
[ReportManager] File Action [GetAbsolutePath] successfully performed. With the following test data [Relative File Path: "src/main/resources/dynamicObjectRepository/unitTests_tests_element_elementActions_waitForElementToBePresent_true_expectedToPass_By_xpath_id_hplogo_or_alt_Google.png"]. @25-01-2022 13:10:38.0448 PM
[ReportManager] File Action [WriteToFile] successfully performed. With the following test data [Target File Path: "/Users/runner/work/SHAFT_ENGINE/SHAFT_ENGINE/src/main/resources/dynamicObjectRepository/unitTests_tests_element_elementActions_waitForElementToBePresent_true_expectedToPass_By_xpath_id_hplogo_or_alt_Google.png"]. @25-01-2022 13:10:38.0449 PM
[ReportManager] Assertion Passed: Using Visual AI; OpenCV @25-01-2022 13:10:38.0451 PM
[ReportManager] Successfully created attachment [Validation Test Data - Actual Screenshot] @25-01-2022 13:10:38.0452 PM
[ReportManager] Assertion [ValidateElementMatches] PASSED. Expected [Element should match the reference screenshot] and Actual [TRUE]. Comparison Type [EXACT_OPENCV]. Validation Type [POSITIVE]. @25-01-2022 13:10:38.0452 P
[ReportManager] Browser Action [CloseCurrentWindow] successfully performed. @25-01-2022 13:10:38.0791 PM
[ReportManager] Successfully created attachment [Browser Action Test Data - CloseCurrentWindow - Actual Value] @25-01-2022 13:10:38.0792 P
[ReportManager] File Action [GetAbsolutePath] successfully performed. With the following test data [Relative Folder Path: "target/downloadedFiles/"]. @25-01-2022 13:10:38.0798 PM
[ReportManager] Attempting to run locally on: [Mac-64], [Safari], Headless Execution. @25-01-2022 13:10:38.0798 PM
[ReportManager] Successfully Opened Safari. @25-01-2022 13:10:39.0636 PM
[ReportManager] Initial window size: (800, 600) @25-01-2022 13:10:39.0655 PM
[ReportManager] Window size after SWD Maximize: (1176, 803) @25-01-2022 13:10:39.0672 PM
[ReportManager] Browser Action [MaximizeWindow] successfully performed. With the following test data [New screen size is now: (1176, 803)]. @25-01-2022 13:10:39.0673 PM
[ReportManager] Target URL: [https://duckduckgo.com] @25-01-2022 13:10:39.0673 PM
[ReportManager] Initial URL: [] @25-01-2022 13:10:39.0733 PM
[ReportManager] Browser Action [NavigateToURL] successfully performed. With the following test data [https://duckduckgo.com]. @25-01-2022 13:10:40.0583 P

################################################################################################################################################
Starting Execution:	[6 out of 162] test cases in the current suite
Test Method:		[unitTests.tests_browserActions.fullScreenWindow]
################################################################################################################################################
[ReportManager] Initial Windows Size: 1176x803 @25-01-2022 13:10:40.0596 PM
[ReportManager] Current Windows Size after fullScreen: 1176x885 @25-01-2022 13:10:41.0192 PM
[ReportManager] Browser Action [FullScreenWindow] successfully performed. @25-01-2022 13:10:41.0269 PM
[ReportManager] Successfully created attachment [Browser Action Test Data - FullScreenWindow - Actual Value] @25-01-2022 13:10:41.0272 P
[ReportManager] Target URL: [https://duckduckgo.com] @25-01-2022 13:10:41.0279 PM
[ReportManager] Initial URL: [https://duckduckgo.com] @25-01-2022 13:10:41.0385 PM
[ReportManager] Browser Action [NavigateToURL] successfully performed. With the following test data [https://duckduckgo.com]. @25-01-2022 13:10:42.0212 PM
[ReportManager] Browser Action [CloseCurrentWindow] successfully performed. @25-01-2022 13:10:42.0586 PM
[ReportManager] Successfully created attachment [Browser Action Test Data - CloseCurrentWindow - Actual Value] @25-01-2022 13:10:42.0588 P
[ReportManager] File Action [GetAbsolutePath] successfully performed. With the following test data [Relative Folder Path: "target/downloadedFiles/"]. @25-01-2022 13:10:42.0602 PM
[ReportManager] Attempting to run locally on: [Mac-64], [Safari], Headless Execution. @25-01-2022 13:10:42.0602 PM
[ReportManager] Successfully Opened Safari. @25-01-2022 13:10:43.0624 PM
[ReportManager] Initial window size: (800, 600) @25-01-2022 13:10:43.0652 PM
[ReportManager] Window size after SWD Maximize: (1176, 803) @25-01-2022 13:10:43.0675 PM
[ReportManager] Browser Action [MaximizeWindow] successfully performed. With the following test data [New screen size is now: (1176, 803)]. @25-01-2022 13:10:43.0675 PM
[ReportManager] Target URL: [https://duckduckgo.com] @25-01-2022 13:10:43.0675 PM
[ReportManager] Initial URL: [] @25-01-2022 13:10:43.0736 PM
[ReportManager] Browser Action [NavigateToURL] successfully performed. With the following test data [https://duckduckgo.com]. @25-01-2022 13:10:44.0415 P

################################################################################################################################################
Starting Execution:	[7 out of 162] test cases in the current suite
Test Method:		[unitTests.tests_browserActions.getCurrentURL]
################################################################################################################################################
[ReportManager] Browser Action [GetCurrentURL] successfully performed. With the following test data [https://duckduckgo.com/]. @25-01-2022 13:10:44.0456 P
[ReportManager] Target URL: [https://duckduckgo.com] @25-01-2022 13:10:44.0459 PM
[ReportManager] Initial URL: [https://duckduckgo.com] @25-01-2022 13:10:44.0497 PM
[ReportManager] Browser Action [NavigateToURL] successfully performed. With the following test data [https://duckduckgo.com]. @25-01-2022 13:10:44.0898 PM
[ReportManager] Browser Action [CloseCurrentWindow] successfully performed. @25-01-2022 13:10:45.0071 PM
[ReportManager] Successfully created attachment [Browser Action Test Data - CloseCurrentWindow - Actual Value] @25-01-2022 13:10:45.0072 P
[ReportManager] File Action [GetAbsolutePath] successfully performed. With the following test data [Relative Folder Path: "target/downloadedFiles/"]. @25-01-2022 13:10:45.0076 PM
[ReportManager] Attempting to run locally on: [Mac-64], [Safari], Headless Execution. @25-01-2022 13:10:45.0076 PM
[ReportManager] Successfully Opened Safari. @25-01-2022 13:10:45.0915 PM
[ReportManager] Initial window size: (800, 600) @25-01-2022 13:10:45.0942 PM
[ReportManager] Window size after SWD Maximize: (1176, 803) @25-01-2022 13:10:45.0974 PM
[ReportManager] Browser Action [MaximizeWindow] successfully performed. With the following test data [New screen size is now: (1176, 803)]. @25-01-2022 13:10:45.0975 PM
[ReportManager] Target URL: [https://duckduckgo.com] @25-01-2022 13:10:45.0975 PM
[ReportManager] Initial URL: [] @25-01-2022 13:10:46.0043 PM
[ReportManager] Browser Action [NavigateToURL] successfully performed. With the following test data [https://duckduckgo.com]. @25-01-2022 13:10:46.0789 P

################################################################################################################################################
Starting Execution:	[8 out of 162] test cases in the current suite
Test Method:		[unitTests.tests_browserActions.getCurrentWindowTitle]
################################################################################################################################################
[ReportManager] Browser Action [GetCurrentWindowTitle] successfully performed. With the following test data [DuckDuckGo â€” Privacy, simplified.]. @25-01-2022 13:10:46.0833 P
[ReportManager] Target URL: [https://duckduckgo.com] @25-01-2022 13:10:46.0836 PM
[ReportManager] Initial URL: [https://duckduckgo.com] @25-01-2022 13:10:46.0891 PM
[ReportManager] Browser Action [NavigateToURL] successfully performed. With the following test data [https://duckduckgo.com]. @25-01-2022 13:10:47.0260 PM
[ReportManager] Browser Action [CloseCurrentWindow] successfully performed. @25-01-2022 13:10:47.0406 PM
[ReportManager] Successfully created attachment [Browser Action Test Data - CloseCurrentWindow - Actual Value] @25-01-2022 13:10:47.0407 P
[ReportManager] File Action [GetAbsolutePath] successfully performed. With the following test data [Relative Folder Path: "target/downloadedFiles/"]. @25-01-2022 13:10:47.0416 PM
[ReportManager] Attempting to run locally on: [Mac-64], [Safari], Headless Execution. @25-01-2022 13:10:47.0416 PM
[ReportManager] Successfully Opened Safari. @25-01-2022 13:10:48.0303 PM
[ReportManager] Initial window size: (800, 600) @25-01-2022 13:10:48.0331 PM
[ReportManager] Window size after SWD Maximize: (1176, 803) @25-01-2022 13:10:48.0367 PM
[ReportManager] Browser Action [MaximizeWindow] successfully performed. With the following test data [New screen size is now: (1176, 803)]. @25-01-2022 13:10:48.0367 PM
[ReportManager] Target URL: [https://duckduckgo.com] @25-01-2022 13:10:48.0367 PM
[ReportManager] Initial URL: [] @25-01-2022 13:10:48.0426 PM
[ReportManager] Browser Action [NavigateToURL] successfully performed. With the following test data [https://duckduckgo.com]. @25-01-2022 13:10:49.0240 P

################################################################################################################################################
Starting Execution:	[9 out of 162] test cases in the current suite
Test Method:		[unitTests.tests_browserActions.getPageSource]
################################################################################################################################################
[ReportManager] Browser Action [GetPageSource] successfully performed. @25-01-2022 13:10:49.0289 PM
[ReportManager] Successfully created attachment [Browser Action Test Data - GetPageSource - Actual Value] @25-01-2022 13:10:49.0291 P
[ReportManager] Target URL: [https://duckduckgo.com] @25-01-2022 13:10:49.0296 PM
[ReportManager] Initial URL: [https://duckduckgo.com] @25-01-2022 13:10:49.0333 PM
[ReportManager] Browser Action [NavigateToURL] successfully performed. With the following test data [https://duckduckgo.com]. @25-01-2022 13:10:49.0691 PM
[ReportManager] Browser Action [CloseCurrentWindow] successfully performed. @25-01-2022 13:10:49.0980 PM
[ReportManager] Successfully created attachment [Browser Action Test Data - CloseCurrentWindow - Actual Value] @25-01-2022 13:10:49.0981 P
[ReportManager] File Action [GetAbsolutePath] successfully performed. With the following test data [Relative Folder Path: "target/downloadedFiles/"]. @25-01-2022 13:10:49.0984 PM
[ReportManager] Attempting to run locally on: [Mac-64], [Safari], Headless Execution. @25-01-2022 13:10:49.0984 PM
[ReportManager] Successfully Opened Safari. @25-01-2022 13:10:50.0838 PM
[ReportManager] Initial window size: (800, 600) @25-01-2022 13:10:50.0875 PM
[ReportManager] Window size after SWD Maximize: (1176, 803) @25-01-2022 13:10:50.0919 PM
[ReportManager] Browser Action [MaximizeWindow] successfully performed. With the following test data [New screen size is now: (1176, 803)]. @25-01-2022 13:10:50.0920 PM
[ReportManager] Target URL: [https://duckduckgo.com] @25-01-2022 13:10:50.0920 PM
[ReportManager] Initial URL: [] @25-01-2022 13:10:51.0002 PM
[ReportManager] Browser Action [NavigateToURL] successfully performed. With the following test data [https://duckduckgo.com]. @25-01-2022 13:10:51.0777 P

################################################################################################################################################
Starting Execution:	[10 out of 162] test cases in the current suite
Test Method:		[unitTests.tests_browserActions.getWindowHandle]
################################################################################################################################################
[ReportManager] Browser Action [GetWindowHandle] successfully performed. With the following test data [page-023EEF4E-521B-476F-9817-6AB81654BD33]. @25-01-2022 13:10:51.0816 P
[ReportManager] Target URL: [https://duckduckgo.com] @25-01-2022 13:10:51.0819 PM
[ReportManager] Initial URL: [https://duckduckgo.com] @25-01-2022 13:10:51.0872 PM
[ReportManager] Browser Action [NavigateToURL] successfully performed. With the following test data [https://duckduckgo.com]. @25-01-2022 13:10:52.0235 PM
[ReportManager] Browser Action [CloseCurrentWindow] successfully performed. @25-01-2022 13:10:52.0543 PM
[ReportManager] Successfully created attachment [Browser Action Test Data - CloseCurrentWindow - Actual Value] @25-01-2022 13:10:52.0544 P
[ReportManager] File Action [GetAbsolutePath] successfully performed. With the following test data [Relative Folder Path: "target/downloadedFiles/"]. @25-01-2022 13:10:52.0547 PM
[ReportManager] Attempting to run locally on: [Mac-64], [Safari], Headless Execution. @25-01-2022 13:10:52.0547 PM
[ReportManager] Successfully Opened Safari. @25-01-2022 13:10:53.0434 PM
[ReportManager] Initial window size: (800, 600) @25-01-2022 13:10:53.0474 PM
[ReportManager] Window size after SWD Maximize: (1176, 803) @25-01-2022 13:10:53.0528 PM
[ReportManager] Browser Action [MaximizeWindow] successfully performed. With the following test data [New screen size is now: (1176, 803)]. @25-01-2022 13:10:53.0529 PM
[ReportManager] Target URL: [https://duckduckgo.com] @25-01-2022 13:10:53.0529 PM
[ReportManager] Initial URL: [] @25-01-2022 13:10:53.0577 PM
[ReportManager] Browser Action [NavigateToURL] successfully performed. With the following test data [https://duckduckgo.com]. @25-01-2022 13:10:54.0288 P

################################################################################################################################################
Starting Execution:	[11 out of 162] test cases in the current suite
Test Method:		[unitTests.tests_browserActions.getWindowPosition]
################################################################################################################################################
[ReportManager] Browser Action [GetWindowPosition] successfully performed. With the following test data [(0, 25)]. @25-01-2022 13:10:54.0319 P
[ReportManager] Target URL: [https://duckduckgo.com] @25-01-2022 13:10:54.0321 PM
[ReportManager] Initial URL: [https://duckduckgo.com] @25-01-2022 13:10:54.0361 PM
[ReportManager] Browser Action [NavigateToURL] successfully performed. With the following test data [https://duckduckgo.com]. @25-01-2022 13:10:54.0689 PM
[ReportManager] Browser Action [CloseCurrentWindow] successfully performed. @25-01-2022 13:10:55.0044 PM
[ReportManager] Successfully created attachment [Browser Action Test Data - CloseCurrentWindow - Actual Value] @25-01-2022 13:10:55.0045 P
[ReportManager] File Action [GetAbsolutePath] successfully performed. With the following test data [Relative Folder Path: "target/downloadedFiles/"]. @25-01-2022 13:10:55.0048 PM
[ReportManager] Attempting to run locally on: [Mac-64], [Safari], Headless Execution. @25-01-2022 13:10:55.0048 PM
[ReportManager] Successfully Opened Safari. @25-01-2022 13:10:55.0857 PM
[ReportManager] Initial window size: (800, 600) @25-01-2022 13:10:55.0895 PM
[ReportManager] Window size after SWD Maximize: (1176, 803) @25-01-2022 13:10:55.0917 PM
[ReportManager] Browser Action [MaximizeWindow] successfully performed. With the following test data [New screen size is now: (1176, 803)]. @25-01-2022 13:10:55.0918 PM
[ReportManager] Target URL: [https://duckduckgo.com] @25-01-2022 13:10:55.0918 PM
[ReportManager] Initial URL: [] @25-01-2022 13:10:55.0969 PM
[ReportManager] Browser Action [NavigateToURL] successfully performed. With the following test data [https://duckduckgo.com]. @25-01-2022 13:10:56.0736 P

################################################################################################################################################
Starting Execution:	[12 out of 162] test cases in the current suite
Test Method:		[unitTests.tests_browserActions.getWindowSize]
################################################################################################################################################
[ReportManager] Browser Action [GetWindowSize] successfully performed. With the following test data [(1176, 803)]. @25-01-2022 13:10:56.0812 P
[ReportManager] Target URL: [https://duckduckgo.com] @25-01-2022 13:10:56.0815 PM
[ReportManager] Initial URL: [https://duckduckgo.com] @25-01-2022 13:10:56.0862 PM
[ReportManager] Browser Action [NavigateToURL] successfully performed. With the following test data [https://duckduckgo.com]. @25-01-2022 13:10:57.0218 PM
[ReportManager] Browser Action [CloseCurrentWindow] successfully performed. @25-01-2022 13:10:57.0541 PM
[ReportManager] Successfully created attachment [Browser Action Test Data - CloseCurrentWindow - Actual Value] @25-01-2022 13:10:57.0542 P
[ReportManager] File Action [GetAbsolutePath] successfully performed. With the following test data [Relative Folder Path: "target/downloadedFiles/"]. @25-01-2022 13:10:57.0545 PM
[ReportManager] Attempting to run locally on: [Mac-64], [Safari], Headless Execution. @25-01-2022 13:10:57.0545 PM
[ReportManager] Successfully Opened Safari. @25-01-2022 13:10:58.0389 PM
[ReportManager] Initial window size: (800, 600) @25-01-2022 13:10:58.0408 PM
[ReportManager] Window size after SWD Maximize: (1176, 803) @25-01-2022 13:10:58.0441 PM
[ReportManager] Browser Action [MaximizeWindow] successfully performed. With the following test data [New screen size is now: (1176, 803)]. @25-01-2022 13:10:58.0441 PM
[ReportManager] Target URL: [https://duckduckgo.com] @25-01-2022 13:10:58.0441 PM
[ReportManager] Initial URL: [] @25-01-2022 13:10:58.0490 PM
[ReportManager] Browser Action [NavigateToURL] successfully performed. With the following test data [https://duckduckgo.com]. @25-01-2022 13:10:59.0212 P

################################################################################################################################################
Starting Execution:	[13 out of 162] test cases in the current suite
Test Method:		[unitTests.tests_browserActions.maximizeWindow]
################################################################################################################################################
[ReportManager] Initial window size: (1176, 803) @25-01-2022 13:10:59.0220 PM
[ReportManager] Window size after SWD Maximize: (1176, 803) @25-01-2022 13:10:59.0231 PM
[ReportManager] Window size after Toolkit: (1920, 1080) @25-01-2022 13:10:59.0273 PM
[ReportManager] Browser Action [MaximizeWindow] successfully performed. With the following test data [New screen size is now: (1920, 1080)]. @25-01-2022 13:10:59.0277 P
[ReportManager] Target URL: [https://duckduckgo.com] @25-01-2022 13:10:59.0280 PM
[ReportManager] Initial URL: [https://duckduckgo.com] @25-01-2022 13:10:59.0349 PM
[ReportManager] Browser Action [NavigateToURL] successfully performed. With the following test data [https://duckduckgo.com]. @25-01-2022 13:10:59.0727 PM
[ReportManager] Browser Action [CloseCurrentWindow] successfully performed. @25-01-2022 13:11:00.0060 PM
[ReportManager] Successfully created attachment [Browser Action Test Data - CloseCurrentWindow - Actual Value] @25-01-2022 13:11:00.0061 P
[ReportManager] File Action [GetAbsolutePath] successfully performed. With the following test data [Relative Folder Path: "target/downloadedFiles/"]. @25-01-2022 13:11:00.0064 PM
[ReportManager] Attempting to run locally on: [Mac-64], [Safari], Headless Execution. @25-01-2022 13:11:00.0065 PM
[ReportManager] Successfully Opened Safari. @25-01-2022 13:11:00.0903 PM
[ReportManager] Initial window size: (800, 600) @25-01-2022 13:11:00.0932 PM
[ReportManager] Window size after SWD Maximize: (1176, 803) @25-01-2022 13:11:00.0964 PM
[ReportManager] Browser Action [MaximizeWindow] successfully performed. With the following test data [New screen size is now: (1176, 803)]. @25-01-2022 13:11:00.0965 PM
[ReportManager] Target URL: [https://duckduckgo.com] @25-01-2022 13:11:00.0965 PM
[ReportManager] Initial URL: [] @25-01-2022 13:11:01.0015 PM
[ReportManager] Browser Action [NavigateToURL] successfully performed. With the following test data [https://duckduckgo.com]. @25-01-2022 13:11:01.0697 P

################################################################################################################################################
Starting Execution:	[14 out of 162] test cases in the current suite
Test Method:		[unitTests.tests_browserActions.navigateBack]
################################################################################################################################################
[ReportManager] Target URL: [https://www.google.com/ncr], and after redirection: [https://www.google.com] @25-01-2022 13:11:01.0701 PM
[ReportManager] Initial URL: [https://duckduckgo.com] @25-01-2022 13:11:01.0746 PM
[ReportManager] Browser Action [NavigateToURL] successfully performed. With the following test data [https://www.google.com/ncr]. @25-01-2022 13:11:03.0112 PM
[ReportManager] Browser Action [NavigateBack] successfully performed. With the following test data [https://duckduckgo.com/]. @25-01-2022 13:11:03.0240 PM
[ReportManager] Browser Action [GetCurrentURL] successfully performed. With the following test data [https://duckduckgo.com/]. @25-01-2022 13:11:03.0263 PM
[ReportManager] Assertion Passed: Confirming that navigating back was successful @25-01-2022 13:11:03.0395 PM
[ReportManager] Successfully created attachment [Screenshot - 1643116263309_navigateBack_ValidateBrowserAttribute_passed] @25-01-2022 13:11:03.0399 PM
[ReportManager] Assertion [ValidateBrowserAttribute] PASSED. Expected [Value Should be 'https://duckduckgo.com' for the 'CurrentUrl' attribute] and Actual [https://duckduckgo.com/]. Comparison Type [CONTAINS]. Validation Type [POSITIVE]. @25-01-2022 13:11:03.0399 P
[ReportManager] Target URL: [https://duckduckgo.com] @25-01-2022 13:11:03.0406 PM
[ReportManager] Initial URL: [https://duckduckgo.com] @25-01-2022 13:11:03.0454 PM
[ReportManager] Browser Action [NavigateToURL] successfully performed. With the following test data [https://duckduckgo.com]. @25-01-2022 13:11:03.0814 PM
[ReportManager] Browser Action [CloseCurrentWindow] successfully performed. @25-01-2022 13:11:04.0168 PM
[ReportManager] Successfully created attachment [Browser Action Test Data - CloseCurrentWindow - Actual Value] @25-01-2022 13:11:04.0169 P
[ReportManager] File Action [GetAbsolutePath] successfully performed. With the following test data [Relative Folder Path: "target/downloadedFiles/"]. @25-01-2022 13:11:04.0173 PM
[ReportManager] Attempting to run locally on: [Mac-64], [Safari], Headless Execution. @25-01-2022 13:11:04.0174 PM
[ReportManager] Successfully Opened Safari. @25-01-2022 13:11:05.0020 PM
[ReportManager] Initial window size: (800, 600) @25-01-2022 13:11:05.0039 PM
[ReportManager] Window size after SWD Maximize: (1176, 803) @25-01-2022 13:11:05.0069 PM
[ReportManager] Browser Action [MaximizeWindow] successfully performed. With the following test data [New screen size is now: (1176, 803)]. @25-01-2022 13:11:05.0069 PM
[ReportManager] Target URL: [https://duckduckgo.com] @25-01-2022 13:11:05.0069 PM
[ReportManager] Initial URL: [] @25-01-2022 13:11:05.0113 PM
[ReportManager] Browser Action [NavigateToURL] successfully performed. With the following test data [https://duckduckgo.com]. @25-01-2022 13:11:05.0827 P

################################################################################################################################################
Starting Execution:	[15 out of 162] test cases in the current suite
Test Method:		[unitTests.tests_browserActions.navigateForward]
################################################################################################################################################
[ReportManager] Target URL: [https://www.google.com/ncr], and after redirection: [https://www.google.com] @25-01-2022 13:11:05.0833 PM
[ReportManager] Initial URL: [https://duckduckgo.com] @25-01-2022 13:11:05.0874 PM
[ReportManager] Browser Action [NavigateToURL] successfully performed. With the following test data [https://www.google.com/ncr]. @25-01-2022 13:11:07.0412 PM
[ReportManager] Browser Action [NavigateBack] successfully performed. With the following test data [https://duckduckgo.com/]. @25-01-2022 13:11:07.0552 PM
[ReportManager] Browser Action [NavigateForward] successfully performed. With the following test data [https://www.google.com/]. @25-01-2022 13:11:07.0716 P
[ReportManager] Target URL: [https://duckduckgo.com] @25-01-2022 13:11:07.0719 PM
[ReportManager] Initial URL: [https://www.google.com] @25-01-2022 13:11:07.0802 PM
[ReportManager] Browser Action [NavigateToURL] successfully performed. With the following test data [https://duckduckgo.com]. @25-01-2022 13:11:08.0208 PM
[ReportManager] Browser Action [CloseCurrentWindow] successfully performed. @25-01-2022 13:11:08.0552 PM
[ReportManager] Successfully created attachment [Browser Action Test Data - CloseCurrentWindow - Actual Value] @25-01-2022 13:11:08.0553 P
[ReportManager] File Action [GetAbsolutePath] successfully performed. With the following test data [Relative Folder Path: "target/downloadedFiles/"]. @25-01-2022 13:11:08.0556 PM
[ReportManager] Attempting to run locally on: [Mac-64], [Safari], Headless Execution. @25-01-2022 13:11:08.0556 PM
[ReportManager] Successfully Opened Safari. @25-01-2022 13:11:09.0384 PM
[ReportManager] Initial window size: (800, 600) @25-01-2022 13:11:09.0405 PM
[ReportManager] Window size after SWD Maximize: (1176, 803) @25-01-2022 13:11:09.0434 PM
[ReportManager] Browser Action [MaximizeWindow] successfully performed. With the following test data [New screen size is now: (1176, 803)]. @25-01-2022 13:11:09.0435 PM
[ReportManager] Target URL: [https://duckduckgo.com] @25-01-2022 13:11:09.0435 PM
[ReportManager] Initial URL: [] @25-01-2022 13:11:09.0478 PM
[ReportManager] Browser Action [NavigateToURL] successfully performed. With the following test data [https://duckduckgo.com]. @25-01-2022 13:11:10.0142 P

################################################################################################################################################
Starting Execution:	[16 out of 162] test cases in the current suite
Test Method:		[unitTests.tests_browserActions.navigateToURL]
################################################################################################################################################
[ReportManager] Target URL: [https://duckduckgo.com] @25-01-2022 13:11:10.0146 PM
[ReportManager] Initial URL: [https://duckduckgo.com] @25-01-2022 13:11:10.0193 PM
[ReportManager] Browser Action [NavigateToURL] successfully performed. With the following test data [https://duckduckgo.com]. @25-01-2022 13:11:10.0513 P
[ReportManager] Target URL: [https://duckduckgo.com] @25-01-2022 13:11:10.0519 PM
[ReportManager] Initial URL: [https://duckduckgo.com] @25-01-2022 13:11:10.0552 PM
[ReportManager] Browser Action [NavigateToURL] successfully performed. With the following test data [https://duckduckgo.com]. @25-01-2022 13:11:10.0917 PM
[ReportManager] Browser Action [CloseCurrentWindow] successfully performed. @25-01-2022 13:11:11.0291 PM
[ReportManager] Successfully created attachment [Browser Action Test Data - CloseCurrentWindow - Actual Value] @25-01-2022 13:11:11.0292 P
[ReportManager] File Action [GetAbsolutePath] successfully performed. With the following test data [Relative Folder Path: "target/downloadedFiles/"]. @25-01-2022 13:11:11.0295 PM
[ReportManager] Attempting to run locally on: [Mac-64], [Safari], Headless Execution. @25-01-2022 13:11:11.0295 PM
[ReportManager] Successfully Opened Safari. @25-01-2022 13:11:12.0118 PM
[ReportManager] Initial window size: (800, 600) @25-01-2022 13:11:12.0155 PM
[ReportManager] Window size after SWD Maximize: (1176, 803) @25-01-2022 13:11:12.0170 PM
[ReportManager] Browser Action [MaximizeWindow] successfully performed. With the following test data [New screen size is now: (1176, 803)]. @25-01-2022 13:11:12.0170 PM
[ReportManager] Target URL: [https://duckduckgo.com] @25-01-2022 13:11:12.0171 PM
[ReportManager] Initial URL: [] @25-01-2022 13:11:12.0232 PM
[ReportManager] Browser Action [NavigateToURL] successfully performed. With the following test data [https://duckduckgo.com]. @25-01-2022 13:11:12.0937 P

################################################################################################################################################
Starting Execution:	[17 out of 162] test cases in the current suite
Test Method:		[unitTests.tests_browserActions.navigateToURLWithRedirection]
################################################################################################################################################
[ReportManager] Target URL: [https://www.google.com/ncr], and after redirection: [https://www.google.com] @25-01-2022 13:11:12.0947 PM
[ReportManager] Initial URL: [https://duckduckgo.com] @25-01-2022 13:11:12.0988 PM
[ReportManager] Browser Action [NavigateToURL] successfully performed. With the following test data [https://www.google.com/ncr]. @25-01-2022 13:11:14.0473 P
[ReportManager] Target URL: [https://duckduckgo.com] @25-01-2022 13:11:14.0475 PM
[ReportManager] Initial URL: [https://www.google.com] @25-01-2022 13:11:14.0504 PM
[ReportManager] Browser Action [NavigateToURL] successfully performed. With the following test data [https://duckduckgo.com]. @25-01-2022 13:11:14.0869 PM
[ReportManager] Browser Action [CloseCurrentWindow] successfully performed. @25-01-2022 13:11:15.0202 PM
[ReportManager] Successfully created attachment [Browser Action Test Data - CloseCurrentWindow - Actual Value] @25-01-2022 13:11:15.0203 P
[ReportManager] File Action [GetAbsolutePath] successfully performed. With the following test data [Relative Folder Path: "target/downloadedFiles/"]. @25-01-2022 13:11:15.0206 PM
[ReportManager] Attempting to run locally on: [Mac-64], [Safari], Headless Execution. @25-01-2022 13:11:15.0206 PM
[ReportManager] An Exception Occured with this Message: Could not start a new session. Possible causes are invalid address of the remote server or browser start-up failure.. @25-01-2022 13:11:15.0292 PM
[ReportManager] Successfully created attachment [Exception Stack Trace - org.openqa.selenium.SessionNotCreatedException] @25-01-2022 13:11:15.0293 PM
[ReportManager] Driver Factory Action [createNewLocalDriverInstanceForSafari] failed. With the following test data [Failed to create a session on DESKTOP_SAFARI]. @25-01-2022 13:11:15.0293 P

################################################################################################################################################
Starting Execution:	[18 out of 162] test cases in the current suite
Test Method:		[unitTests.tests_browserActions.refreshCurrentPage]
###############################################################################################################################################



################################################################################################################################################
Starting Execution:	[19 out of 162] test cases in the current suite
Test Method:		[unitTests.tests_browserActions.setWindowSize]
###############################################################################################################################################

[ReportManager] Successfully loaded the following test data file [src/test/resources/testDataFiles/testSuite01/TestData.xlsx]. @25-01-2022 13:11:16.0608 PM
[ReportManager] Successfully created attachment [Test Data - Excel] @25-01-2022 13:11:16.0612 P

################################################################################################################################################
Starting Execution:	[20 out of 162] test cases in the current suite
Test Method:		[unitTests.tests_io_excelFileManager.getCellData_rowName_expectedToPass]
################################################################################################################################################
[ReportManager] testRowData. @25-01-2022 13:11:16.0628 P

################################################################################################################################################
Starting Execution:	[21 out of 162] test cases in the current suite
Test Method:		[unitTests.tests_validations_assertions.assertComparativeRelation_greaterThanOrEquals_false_equals_expectedToFail]
################################################################################################################################################
[ReportManager] Assertion [ValidateComparativeRelation] FAILED. Expected [1] and Actual [1]. Comparison Type [GREATER_THAN_OR_EQUALS]. Validation Type [NEGATIVE]. @25-01-2022 13:11:16.0636 P

################################################################################################################################################
Starting Execution:	[22 out of 162] test cases in the current suite
Test Method:		[unitTests.tests_validations_assertions.assertComparativeRelation_greaterThanOrEquals_false_equals_expectedToPass]
################################################################################################################################################
[ReportManager] Assertion [ValidateComparativeRelation] PASSED. Expected [2] and Actual [1]. Comparison Type [GREATER_THAN_OR_EQUALS]. Validation Type [NEGATIVE]. @25-01-2022 13:11:16.0643 P

################################################################################################################################################
Starting Execution:	[23 out of 162] test cases in the current suite
Test Method:		[unitTests.tests_validations_assertions.assertComparativeRelation_greaterThanOrEquals_false_greaterThan_expectedToFail]
################################################################################################################################################
[ReportManager] Assertion [ValidateComparativeRelation] FAILED. Expected [1] and Actual [2]. Comparison Type [GREATER_THAN_OR_EQUALS]. Validation Type [NEGATIVE]. @25-01-2022 13:11:16.0652 P

################################################################################################################################################
Starting Execution:	[24 out of 162] test cases in the current suite
Test Method:		[unitTests.tests_validations_assertions.assertComparativeRelation_greaterThanOrEquals_false_greaterThan_expectedToPass]
################################################################################################################################################
[ReportManager] Assertion [ValidateComparativeRelation] PASSED. Expected [2] and Actual [1]. Comparison Type [GREATER_THAN_OR_EQUALS]. Validation Type [NEGATIVE]. @25-01-2022 13:11:16.0657 P

################################################################################################################################################
Starting Execution:	[25 out of 162] test cases in the current suite
Test Method:		[unitTests.tests_validations_assertions.assertComparativeRelation_greaterThanOrEquals_true_equals_expectedToFail]
################################################################################################################################################
[ReportManager] Assertion [ValidateComparativeRelation] FAILED. Expected [1] and Actual [0]. Comparison Type [GREATER_THAN_OR_EQUALS]. Validation Type [POSITIVE]. @25-01-2022 13:11:16.0662 P

################################################################################################################################################
Starting Execution:	[26 out of 162] test cases in the current suite
Test Method:		[unitTests.tests_validations_assertions.assertComparativeRelation_greaterThanOrEquals_true_equals_expectedToPass]
################################################################################################################################################
[ReportManager] Assertion [ValidateComparativeRelation] PASSED. Expected [1] and Actual [1]. Comparison Type [GREATER_THAN_OR_EQUALS]. Validation Type [POSITIVE]. @25-01-2022 13:11:16.0669 P

################################################################################################################################################
Starting Execution:	[27 out of 162] test cases in the current suite
Test Method:		[unitTests.tests_validations_assertions.assertComparativeRelation_greaterThanOrEquals_true_greaterThan_expectedToFail]
################################################################################################################################################
[ReportManager] Assertion [ValidateComparativeRelation] FAILED. Expected [2] and Actual [1]. Comparison Type [GREATER_THAN_OR_EQUALS]. Validation Type [POSITIVE]. @25-01-2022 13:11:16.0675 P

################################################################################################################################################
Starting Execution:	[28 out of 162] test cases in the current suite
Test Method:		[unitTests.tests_validations_assertions.assertComparativeRelation_greaterThanOrEquals_true_greaterThan_expectedToPass]
################################################################################################################################################
[ReportManager] Assertion [ValidateComparativeRelation] PASSED. Expected [1] and Actual [2]. Comparison Type [GREATER_THAN_OR_EQUALS]. Validation Type [POSITIVE]. @25-01-2022 13:11:16.0680 P
[ReportManager] File Action [GetAbsolutePath] successfully performed. With the following test data [Relative Folder Path: "target/downloadedFiles/"]. @25-01-2022 13:11:16.0685 PM
[ReportManager] Attempting to run locally on: [Mac-64], [Safari], Headless Execution. @25-01-2022 13:11:16.0685 PM
[ReportManager] Successfully Opened Safari. @25-01-2022 13:11:17.0558 PM
[ReportManager] Initial window size: (800, 600) @25-01-2022 13:11:17.0569 PM
[ReportManager] Window size after SWD Maximize: (1176, 803) @25-01-2022 13:11:17.0602 PM
[ReportManager] Browser Action [MaximizeWindow] successfully performed. With the following test data [New screen size is now: (1176, 803)]. @25-01-2022 13:11:17.0602 PM
[ReportManager] Target URL: [https://www.google.com/ncr], and after redirection: [www.google.com] @25-01-2022 13:11:17.0602 PM
[ReportManager] Initial URL: [] @25-01-2022 13:11:17.0681 PM
[ReportManager] Browser Action [NavigateToURL] successfully performed. With the following test data [https://www.google.com/ncr]. @25-01-2022 13:11:19.0200 P

################################################################################################################################################
Starting Execution:	[29 out of 162] test cases in the current suite
Test Method:		[unitTests.tests_validations_assertions.assertElementAttribute_false_caseInsensitiveComparison_expectedToFail]
################################################################################################################################################
[ReportManager] Element Action [Type] successfully performed. With the following test data [AUTOMATION]. @25-01-2022 13:11:19.0653 PM
[ReportManager] Element Action [GetText] successfully performed. With the following test data [AUTOMATION]. @25-01-2022 13:11:19.0724 PM
[ReportManager] Assertion [ValidateElementAttribute] FAILED. Expected [Value Should not be 'AutomaTion' for the 'text' attribute, element locator 'By.name: q'] and Actual [AUTOMATION]. Comparison Type [CASE_INSENSITIVE]. Validation Type [NEGATIVE]. @25-01-2022 13:11:20.0052 PM
[ReportManager] Successfully created attachment [Screenshot - 1643116279961_assertElementAttribute_false_caseInsensitiveComparison_expectedToFail_ValidateElementAttribute_failed] @25-01-2022 13:11:20.0056 P
[ReportManager] Browser Action [CloseCurrentWindow] successfully performed. @25-01-2022 13:11:20.0416 PM
[ReportManager] Successfully created attachment [Browser Action Test Data - CloseCurrentWindow - Actual Value] @25-01-2022 13:11:20.0417 P
[ReportManager] File Action [GetAbsolutePath] successfully performed. With the following test data [Relative Folder Path: "target/downloadedFiles/"]. @25-01-2022 13:11:20.0421 PM
[ReportManager] Attempting to run locally on: [Mac-64], [Safari], Headless Execution. @25-01-2022 13:11:20.0422 PM
[ReportManager] Successfully Opened Safari. @25-01-2022 13:11:21.0254 PM
[ReportManager] Initial window size: (800, 600) @25-01-2022 13:11:21.0290 PM
[ReportManager] Window size after SWD Maximize: (1176, 803) @25-01-2022 13:11:21.0305 PM
[ReportManager] Browser Action [MaximizeWindow] successfully performed. With the following test data [New screen size is now: (1176, 803)]. @25-01-2022 13:11:21.0305 PM
[ReportManager] Target URL: [https://www.google.com/ncr], and after redirection: [www.google.com] @25-01-2022 13:11:21.0305 PM
[ReportManager] Initial URL: [] @25-01-2022 13:11:21.0356 PM
[ReportManager] Browser Action [NavigateToURL] successfully performed. With the following test data [https://www.google.com/ncr]. @25-01-2022 13:11:22.0840 P

################################################################################################################################################
Starting Execution:	[30 out of 162] test cases in the current suite
Test Method:		[unitTests.tests_validations_assertions.assertElementAttribute_false_caseInsensitiveComparison_expectedToPass]
################################################################################################################################################
[ReportManager] Element Action [Type] successfully performed. With the following test data [AUTOMATION]. @25-01-2022 13:11:23.0218 PM
[ReportManager] Element Action [GetText] successfully performed. With the following test data [AUTOMATION]. @25-01-2022 13:11:23.0314 PM
[ReportManager] Assertion [ValidateElementAttribute] PASSED. Expected [Value Should not be 'AutomaTion123' for the 'text' attribute, element locator 'By.name: q'] and Actual [AUTOMATION]. Comparison Type [CASE_INSENSITIVE]. Validation Type [NEGATIVE]. @25-01-2022 13:11:23.0491 PM
[ReportManager] Successfully created attachment [Screenshot - 1643116283422_assertElementAttribute_false_caseInsensitiveComparison_expectedToPass_ValidateElementAttribute_passed] @25-01-2022 13:11:23.0492 P
[ReportManager] Browser Action [CloseCurrentWindow] successfully performed. @25-01-2022 13:11:23.0794 PM
[ReportManager] Successfully created attachment [Browser Action Test Data - CloseCurrentWindow - Actual Value] @25-01-2022 13:11:23.0795 P
[ReportManager] File Action [GetAbsolutePath] successfully performed. With the following test data [Relative Folder Path: "target/downloadedFiles/"]. @25-01-2022 13:11:23.0799 PM
[ReportManager] Attempting to run locally on: [Mac-64], [Safari], Headless Execution. @25-01-2022 13:11:23.0800 PM
[ReportManager] Successfully Opened Safari. @25-01-2022 13:11:24.0661 PM
[ReportManager] Initial window size: (800, 600) @25-01-2022 13:11:24.0702 PM
[ReportManager] Window size after SWD Maximize: (1176, 803) @25-01-2022 13:11:24.0743 PM
[ReportManager] Browser Action [MaximizeWindow] successfully performed. With the following test data [New screen size is now: (1176, 803)]. @25-01-2022 13:11:24.0768 PM
[ReportManager] Target URL: [https://www.google.com/ncr], and after redirection: [www.google.com] @25-01-2022 13:11:24.0768 PM
[ReportManager] Initial URL: [] @25-01-2022 13:11:24.0820 PM
[ReportManager] Browser Action [NavigateToURL] successfully performed. With the following test data [https://www.google.com/ncr]. @25-01-2022 13:11:26.0314 P

################################################################################################################################################
Starting Execution:	[31 out of 162] test cases in the current suite
Test Method:		[unitTests.tests_validations_assertions.assertElementAttribute_false_containsComparison_expectedToFail]
################################################################################################################################################
[ReportManager] Element Action [Type] successfully performed. With the following test data [Automation123]. @25-01-2022 13:11:26.0706 PM
[ReportManager] Element Action [GetText] successfully performed. With the following test data [Automation123]. @25-01-2022 13:11:26.0776 PM
[ReportManager] Assertion [ValidateElementAttribute] FAILED. Expected [Value Should not be 'Automation' for the 'text' attribute, element locator 'By.name: q'] and Actual [Automation123]. Comparison Type [CONTAINS]. Validation Type [NEGATIVE]. @25-01-2022 13:11:26.0992 PM
[ReportManager] Successfully created attachment [Screenshot - 1643116286892_assertElementAttribute_false_containsComparison_expectedToFail_ValidateElementAttribute_failed] @25-01-2022 13:11:26.0993 P
[ReportManager] Browser Action [CloseCurrentWindow] successfully performed. @25-01-2022 13:11:27.0125 PM
[ReportManager] Successfully created attachment [Browser Action Test Data - CloseCurrentWindow - Actual Value] @25-01-2022 13:11:27.0126 P
[ReportManager] File Action [GetAbsolutePath] successfully performed. With the following test data [Relative Folder Path: "target/downloadedFiles/"]. @25-01-2022 13:11:27.0131 PM
[ReportManager] Attempting to run locally on: [Mac-64], [Safari], Headless Execution. @25-01-2022 13:11:27.0131 PM
[ReportManager] Successfully Opened Safari. @25-01-2022 13:11:28.0007 PM
[ReportManager] Initial window size: (800, 600) @25-01-2022 13:11:28.0045 PM
[ReportManager] Window size after SWD Maximize: (1176, 803) @25-01-2022 13:11:28.0062 PM
[ReportManager] Browser Action [MaximizeWindow] successfully performed. With the following test data [New screen size is now: (1176, 803)]. @25-01-2022 13:11:28.0062 PM
[ReportManager] Target URL: [https://www.google.com/ncr], and after redirection: [www.google.com] @25-01-2022 13:11:28.0062 PM
[ReportManager] Initial URL: [] @25-01-2022 13:11:28.0127 PM
[ReportManager] Browser Action [NavigateToURL] successfully performed. With the following test data [https://www.google.com/ncr]. @25-01-2022 13:11:29.0706 P

################################################################################################################################################
Starting Execution:	[32 out of 162] test cases in the current suite
Test Method:		[unitTests.tests_validations_assertions.assertElementAttribute_false_containsComparison_expectedToPass]
################################################################################################################################################
[ReportManager] Element Action [Type] successfully performed. With the following test data [Automation123]. @25-01-2022 13:11:30.0012 PM
[ReportManager] Element Action [GetText] successfully performed. With the following test data [Automation123]. @25-01-2022 13:11:30.0088 PM
[ReportManager] Assertion [ValidateElementAttribute] PASSED. Expected [Value Should not be 'Automation1234' for the 'text' attribute, element locator 'By.name: q'] and Actual [Automation123]. Comparison Type [CONTAINS]. Validation Type [NEGATIVE]. @25-01-2022 13:11:30.0249 PM
[ReportManager] Successfully created attachment [Screenshot - 1643116290184_assertElementAttribute_false_containsComparison_expectedToPass_ValidateElementAttribute_passed] @25-01-2022 13:11:30.0251 P
[ReportManager] Browser Action [CloseCurrentWindow] successfully performed. @25-01-2022 13:11:30.0602 PM
[ReportManager] Successfully created attachment [Browser Action Test Data - CloseCurrentWindow - Actual Value] @25-01-2022 13:11:30.0604 P
[ReportManager] File Action [GetAbsolutePath] successfully performed. With the following test data [Relative Folder Path: "target/downloadedFiles/"]. @25-01-2022 13:11:30.0608 PM
[ReportManager] Attempting to run locally on: [Mac-64], [Safari], Headless Execution. @25-01-2022 13:11:30.0609 PM
[ReportManager] Successfully Opened Safari. @25-01-2022 13:11:31.0434 PM
[ReportManager] Initial window size: (800, 600) @25-01-2022 13:11:31.0459 PM
[ReportManager] Window size after SWD Maximize: (1176, 803) @25-01-2022 13:11:31.0476 PM
[ReportManager] Browser Action [MaximizeWindow] successfully performed. With the following test data [New screen size is now: (1176, 803)]. @25-01-2022 13:11:31.0477 PM
[ReportManager] Target URL: [https://www.google.com/ncr], and after redirection: [www.google.com] @25-01-2022 13:11:31.0477 PM
[ReportManager] Initial URL: [] @25-01-2022 13:11:31.0547 PM
[ReportManager] Browser Action [NavigateToURL] successfully performed. With the following test data [https://www.google.com/ncr]. @25-01-2022 13:11:32.0919 P

################################################################################################################################################
Starting Execution:	[33 out of 162] test cases in the current suite
Test Method:		[unitTests.tests_validations_assertions.assertElementAttribute_false_literalComparison_expectedToFail]
################################################################################################################################################
[ReportManager] Element Action [Type] successfully performed. With the following test data [Automation!@#$%^&*()_+{}[]\';/.,]. @25-01-2022 13:11:33.0363 PM
[ReportManager] Element Action [GetText] successfully performed. With the following test data [Automation!@#$%^&*()_+{}[]\';/.,]. @25-01-2022 13:11:33.0455 PM
[ReportManager] Assertion [ValidateElementAttribute] PASSED. Expected [Value Should not be 'Automation!@#$%^&*()_+{}[]\\';/.,' for the 'text' attribute, element locator 'By.name: q'] and Actual [Automation!@#$%^&*()_+{}[]\';/.,]. Comparison Type [EQUALS]. Validation Type [NEGATIVE]. @25-01-2022 13:11:33.0621 PM
[ReportManager] Successfully created attachment [Screenshot - 1643116293553_assertElementAttribute_false_literalComparison_expectedToFail_ValidateElementAttribute_passed] @25-01-2022 13:11:33.0622 P
[ReportManager] Browser Action [CloseCurrentWindow] successfully performed. @25-01-2022 13:11:33.0942 PM
[ReportManager] Successfully created attachment [Browser Action Test Data - CloseCurrentWindow - Actual Value] @25-01-2022 13:11:33.0943 P
[ReportManager] File Action [GetAbsolutePath] successfully performed. With the following test data [Relative Folder Path: "target/downloadedFiles/"]. @25-01-2022 13:11:33.0949 PM
[ReportManager] Attempting to run locally on: [Mac-64], [Safari], Headless Execution. @25-01-2022 13:11:33.0950 PM
[ReportManager] Successfully Opened Safari. @25-01-2022 13:11:34.0784 PM
[ReportManager] Initial window size: (800, 600) @25-01-2022 13:11:34.0830 PM
[ReportManager] Window size after SWD Maximize: (1176, 803) @25-01-2022 13:11:34.0865 PM
[ReportManager] Browser Action [MaximizeWindow] successfully performed. With the following test data [New screen size is now: (1176, 803)]. @25-01-2022 13:11:34.0866 PM
[ReportManager] Target URL: [https://www.google.com/ncr], and after redirection: [www.google.com] @25-01-2022 13:11:34.0866 PM
[ReportManager] Initial URL: [] @25-01-2022 13:11:34.0929 PM
[ReportManager] Browser Action [NavigateToURL] successfully performed. With the following test data [https://www.google.com/ncr]. @25-01-2022 13:11:36.0422 P

################################################################################################################################################
Starting Execution:	[34 out of 162] test cases in the current suite
Test Method:		[unitTests.tests_validations_assertions.assertElementAttribute_false_literalComparison_expectedToPass]
################################################################################################################################################
[ReportManager] Element Action [Type] successfully performed. With the following test data [Automation!@#$%^&*()_+{}[]\';/.,]. @25-01-2022 13:11:36.0865 PM
[ReportManager] Element Action [GetText] successfully performed. With the following test data [Automation!@#$%^&*()_+{}[]\';/.,]. @25-01-2022 13:11:36.0953 PM
[ReportManager] Assertion [ValidateElementAttribute] PASSED. Expected [Value Should not be 'Automation' for the 'text' attribute, element locator 'By.name: q'] and Actual [Automation!@#$%^&*()_+{}[]\';/.,]. Comparison Type [EQUALS]. Validation Type [NEGATIVE]. @25-01-2022 13:11:37.0119 PM
[ReportManager] Successfully created attachment [Screenshot - 1643116297052_assertElementAttribute_false_literalComparison_expectedToPass_ValidateElementAttribute_passed] @25-01-2022 13:11:37.0120 P
[ReportManager] Browser Action [CloseCurrentWindow] successfully performed. @25-01-2022 13:11:37.0416 PM
[ReportManager] Successfully created attachment [Browser Action Test Data - CloseCurrentWindow - Actual Value] @25-01-2022 13:11:37.0417 P
[ReportManager] File Action [GetAbsolutePath] successfully performed. With the following test data [Relative Folder Path: "target/downloadedFiles/"]. @25-01-2022 13:11:37.0421 PM
[ReportManager] Attempting to run locally on: [Mac-64], [Safari], Headless Execution. @25-01-2022 13:11:37.0421 PM
[ReportManager] An Exception Occured with this Message: Could not start a new session. Possible causes are invalid address of the remote server or browser start-up failure.. @25-01-2022 13:11:37.0630 PM
[ReportManager] Successfully created attachment [Exception Stack Trace - org.openqa.selenium.SessionNotCreatedException] @25-01-2022 13:11:37.0631 PM
[ReportManager] Driver Factory Action [createNewLocalDriverInstanceForSafari] failed. With the following test data [Failed to create a session on DESKTOP_SAFARI]. @25-01-2022 13:11:37.0631 P

################################################################################################################################################
Starting Execution:	[35 out of 162] test cases in the current suite
Test Method:		[unitTests.tests_validations_assertions.assertElementAttribute_false_regexComparison_expectedToFail]
###############################################################################################################################################



################################################################################################################################################
Starting Execution:	[36 out of 162] test cases in the current suite
Test Method:		[unitTests.tests_validations_assertions.assertElementAttribute_false_regexComparison_expectedToPass]
###############################################################################################################################################



################################################################################################################################################
Starting Execution:	[37 out of 162] test cases in the current suite
Test Method:		[unitTests.tests_validations_assertions.assertElementAttribute_true_caseInsensitiveComparison_expectedToFail]
###############################################################################################################################################



################################################################################################################################################
Starting Execution:	[38 out of 162] test cases in the current suite
Test Method:		[unitTests.tests_validations_assertions.assertElementAttribute_true_caseInsensitiveComparison_expectedToPass]
###############################################################################################################################################



################################################################################################################################################
Starting Execution:	[39 out of 162] test cases in the current suite
Test Method:		[unitTests.tests_validations_assertions.assertElementAttribute_true_containsComparison_expectedToFail]
###############################################################################################################################################



################################################################################################################################################
Starting Execution:	[40 out of 162] test cases in the current suite
Test Method:		[unitTests.tests_validations_assertions.assertElementAttribute_true_containsComparison_expectedToPass]
###############################################################################################################################################



################################################################################################################################################
Starting Execution:	[41 out of 162] test cases in the current suite
Test Method:		[unitTests.tests_validations_assertions.assertElementAttribute_true_literalComparison_expectedToFail]
###############################################################################################################################################



################################################################################################################################################
Starting Execution:	[42 out of 162] test cases in the current suite
Test Method:		[unitTests.tests_validations_assertions.assertElementAttribute_true_literalComparison_expectedToPass]
###############################################################################################################################################



################################################################################################################################################
Starting Execution:	[43 out of 162] test cases in the current suite
Test Method:		[unitTests.tests_validations_assertions.assertElementAttribute_true_regexComparison_expectedToFail]
###############################################################################################################################################



################################################################################################################################################
Starting Execution:	[44 out of 162] test cases in the current suite
Test Method:		[unitTests.tests_validations_assertions.assertElementAttribute_true_regexComparison_expectedToPass]
###############################################################################################################################################



################################################################################################################################################
Starting Execution:	[45 out of 162] test cases in the current suite
Test Method:		[unitTests.tests_validations_assertions.assertElementAttribute_type_true_literalComparison_expectedToPass]
###############################################################################################################################################



################################################################################################################################################
Starting Execution:	[46 out of 162] test cases in the current suite
Test Method:		[unitTests.tests_validations_assertions.assertElementExists_false_expectedToFail]
###############################################################################################################################################



################################################################################################################################################
Starting Execution:	[47 out of 162] test cases in the current suite
Test Method:		[unitTests.tests_validations_assertions.assertElementExists_false_expectedToPass]
###############################################################################################################################################



################################################################################################################################################
Starting Execution:	[48 out of 162] test cases in the current suite
Test Method:		[unitTests.tests_validations_assertions.assertElementExists_false_multipleElementsFound_expectedToFail]
###############################################################################################################################################



################################################################################################################################################
Starting Execution:	[49 out of 162] test cases in the current suite
Test Method:		[unitTests.tests_validations_assertions.assertElementExists_true_expectedToFail]
###############################################################################################################################################



################################################################################################################################################
Starting Execution:	[50 out of 162] test cases in the current suite
Test Method:		[unitTests.tests_validations_assertions.assertElementExists_true_expectedToPass]
###############################################################################################################################################



################################################################################################################################################
Starting Execution:	[51 out of 162] test cases in the current suite
Test Method:		[unitTests.tests_validations_assertions.assertElementExists_true_multipleElementsFound_expectedToFail]
###############################################################################################################################################


################################################################################################################################################
Starting Execution:	[52 out of 162] test cases in the current suite
Test Method:		[unitTests.tests_validations_assertions.assertEquals_false_expectedToFail]
###############################################################################################################################################

################################################################################################################################################
Starting Execution:	[53 out of 162] test cases in the current suite
Test Method:		[unitTests.tests_validations_assertions.assertEquals_false_expectedToPass]
###############################################################################################################################################

################################################################################################################################################
Starting Execution:	[54 out of 162] test cases in the current suite
Test Method:		[unitTests.tests_validations_assertions.assertEquals_longCharacters]
###############################################################################################################################################

################################################################################################################################################
Starting Execution:	[55 out of 162] test cases in the current suite
Test Method:		[unitTests.tests_validations_assertions.assertEquals_longCharacters_Discreet]
###############################################################################################################################################

################################################################################################################################################
Starting Execution:	[56 out of 162] test cases in the current suite
Test Method:		[unitTests.tests_validations_assertions.assertEquals_true_expectedToFail]
###############################################################################################################################################

################################################################################################################################################
Starting Execution:	[57 out of 162] test cases in the current suite
Test Method:		[unitTests.tests_validations_assertions.assertEquals_true_expectedToPass]
Test Description:	[Assert that assertEquals works as expected when the two values are equal.]
###############################################################################################################################################

################################################################################################################################################
Starting Execution:	[58 out of 162] test cases in the current suite
Test Method:		[unitTests.tests_validations_assertions.assertEquals_true_expectedToPass__]
###############################################################################################################################################

################################################################################################################################################
Starting Execution:	[59 out of 162] test cases in the current suite
Test Method:		[unitTests.tests_validations_assertions.assertFileExists_false_expectedToFail]
###############################################################################################################################################

################################################################################################################################################
Starting Execution:	[60 out of 162] test cases in the current suite
Test Method:		[unitTests.tests_validations_assertions.assertFileExists_false_expectedToPass]
###############################################################################################################################################

################################################################################################################################################
Starting Execution:	[61 out of 162] test cases in the current suite
Test Method:		[unitTests.tests_validations_assertions.assertFileExists_true_expectedToFail]
###############################################################################################################################################

################################################################################################################################################
Starting Execution:	[62 out of 162] test cases in the current suite
Test Method:		[unitTests.tests_validations_assertions.assertFileExists_true_expectedToPass]
###############################################################################################################################################

################################################################################################################################################
Starting Execution:	[63 out of 162] test cases in the current suite
Test Method:		[unitTests.tests_validations_assertions.assertNull_false_expectedToFail]
###############################################################################################################################################

################################################################################################################################################
Starting Execution:	[64 out of 162] test cases in the current suite
Test Method:		[unitTests.tests_validations_assertions.assertNull_false_expectedToPass]
###############################################################################################################################################

################################################################################################################################################
Starting Execution:	[65 out of 162] test cases in the current suite
Test Method:		[unitTests.tests_validations_assertions.assertNull_true_expectedToFail]
###############################################################################################################################################

################################################################################################################################################
Starting Execution:	[66 out of 162] test cases in the current suite
Test Method:		[unitTests.tests_validations_assertions.assertNull_true_expectedToPass]
###############################################################################################################################################

################################################################################################################################################
Starting Execution:	[67 out of 162] test cases in the current suite
Test Method:		[unitTests.tests_restActions.getPostsAndAssertBodyForSpecificTitle]
################################################################################################################################################
[ReportManager] Response status code: [200], status line: [HTTP/1.1 200 OK] @25-01-2022 13:11:39.0898 PM
[ReportManager] Assertion Passed: Evaluating the actual response status code against the expected one... @25-01-2022 13:11:39.0903 PM
[ReportManager] Assertion [ValidateComparativeRelation] PASSED. Expected [200] and Actual [200]. Comparison Type [EQUALS]. Validation Type [POSITIVE]. @25-01-2022 13:11:39.0904 PM
[ReportManager] API Action [PerformRequest] successfully performed. With the following test data [Request Type: "GET" | Target Status Code: "200" | Service URL: "https://jsonplaceholder.typicode.com/posts" | Content Type: "*/*" | Response Time: "645ms"]. @25-01-2022 13:11:40.0946 PM
[ReportManager] Successfully created attachment [API Request - Specifications] @25-01-2022 13:11:40.0947 PM
[ReportManager] Successfully created attachment [API Response - JSON Body] @25-01-2022 13:11:41.0193 PM
[ReportManager] API Action [GetResponseJSONValueAsList] successfully performed. @25-01-2022 13:11:41.0221 PM
[ReportManager] API Action [GetResponseJSONValue] successfully performed. With the following test data [title]. @25-01-2022 13:11:41.0246 PM
[ReportManager] API Action [GetResponseJSONValue] successfully performed. With the following test data [title]. @25-01-2022 13:11:41.0263 PM
[ReportManager] API Action [GetResponseJSONValue] successfully performed. With the following test data [body]. @25-01-2022 13:11:41.0278 PM
[ReportManager] Assertion [ValidateEquals] PASSED. Expected [qui neque nisi nulla] and Actual [est rerum tempore vitae
sequi sint nihil reprehenderit dolor beatae ea dolores neque
fugiat blanditiis voluptate porro vel nihil molestiae ut reiciendis
qui aperiam non debitis possimus qui neque nisi nulla]. Comparison Type [CONTAINS]. Validation Type [POSITIVE]. @25-01-2022 13:11:41.0279 PM
[ReportManager] API Action [GetResponseJSONValue] successfully performed. With the following test data [title]. @25-01-2022 13:11:41.0295 PM
[ReportManager] API Action [GetResponseJSONValue] successfully performed. With the following test data [title]. @25-01-2022 13:11:41.0309 PM
[ReportManager] API Action [GetResponseJSONValue] successfully performed. With the following test data [title]. @25-01-2022 13:11:41.0322 PM
[ReportManager] API Action [GetResponseJSONValue] successfully performed. With the following test data [title]. @25-01-2022 13:11:41.0336 PM
[ReportManager] API Action [GetResponseJSONValue] successfully performed. With the following test data [title]. @25-01-2022 13:11:41.0350 PM
[ReportManager] API Action [GetResponseJSONValue] successfully performed. With the following test data [title]. @25-01-2022 13:11:41.0364 PM
[ReportManager] API Action [GetResponseJSONValue] successfully performed. With the following test data [title]. @25-01-2022 13:11:41.0377 PM
[ReportManager] API Action [GetResponseJSONValue] successfully performed. With the following test data [title]. @25-01-2022 13:11:41.0391 PM
[ReportManager] API Action [GetResponseJSONValue] successfully performed. With the following test data [title]. @25-01-2022 13:11:41.0405 PM
[ReportManager] API Action [GetResponseJSONValue] successfully performed. With the following test data [title]. @25-01-2022 13:11:41.0420 PM
[ReportManager] API Action [GetResponseJSONValue] successfully performed. With the following test data [title]. @25-01-2022 13:11:41.0435 PM
[ReportManager] API Action [GetResponseJSONValue] successfully performed. With the following test data [title]. @25-01-2022 13:11:41.0449 PM
[ReportManager] API Action [GetResponseJSONValue] successfully performed. With the following test data [title]. @25-01-2022 13:11:41.0461 PM
[ReportManager] API Action [GetResponseJSONValue] successfully performed. With the following test data [title]. @25-01-2022 13:11:41.0474 PM
[ReportManager] API Action [GetResponseJSONValue] successfully performed. With the following test data [title]. @25-01-2022 13:11:41.0487 PM
[ReportManager] API Action [GetResponseJSONValue] successfully performed. With the following test data [title]. @25-01-2022 13:11:41.0499 PM
[ReportManager] API Action [GetResponseJSONValue] successfully performed. With the following test data [title]. @25-01-2022 13:11:41.0511 PM
[ReportManager] API Action [GetResponseJSONValue] successfully performed. With the following test data [title]. @25-01-2022 13:11:41.0524 PM
[ReportManager] API Action [GetResponseJSONValue] successfully performed. With the following test data [title]. @25-01-2022 13:11:41.0540 PM
[ReportManager] API Action [GetResponseJSONValue] successfully performed. With the following test data [title]. @25-01-2022 13:11:41.0553 PM
[ReportManager] API Action [GetResponseJSONValue] successfully performed. With the following test data [title]. @25-01-2022 13:11:41.0565 PM
[ReportManager] API Action [GetResponseJSONValue] successfully performed. With the following test data [title]. @25-01-2022 13:11:41.0577 PM
[ReportManager] API Action [GetResponseJSONValue] successfully performed. With the following test data [title]. @25-01-2022 13:11:41.0590 PM
[ReportManager] API Action [GetResponseJSONValue] successfully performed. With the following test data [title]. @25-01-2022 13:11:41.0603 PM
[ReportManager] API Action [GetResponseJSONValue] successfully performed. With the following test data [title]. @25-01-2022 13:11:41.0615 PM
[ReportManager] API Action [GetResponseJSONValue] successfully performed. With the following test data [title]. @25-01-2022 13:11:41.0627 PM
[ReportManager] API Action [GetResponseJSONValue] successfully performed. With the following test data [title]. @25-01-2022 13:11:41.0654 PM
[ReportManager] API Action [GetResponseJSONValue] successfully performed. With the following test data [title]. @25-01-2022 13:11:41.0670 PM
[ReportManager] API Action [GetResponseJSONValue] successfully performed. With the following test data [title]. @25-01-2022 13:11:41.0685 PM
[ReportManager] API Action [GetResponseJSONValue] successfully performed. With the following test data [title]. @25-01-2022 13:11:41.0700 PM
[ReportManager] API Action [GetResponseJSONValue] successfully performed. With the following test data [title]. @25-01-2022 13:11:41.0714 PM
[ReportManager] API Action [GetResponseJSONValue] successfully performed. With the following test data [title]. @25-01-2022 13:11:41.0728 PM
[ReportManager] API Action [GetResponseJSONValue] successfully performed. With the following test data [title]. @25-01-2022 13:11:41.0743 PM
[ReportManager] API Action [GetResponseJSONValue] successfully performed. With the following test data [title]. @25-01-2022 13:11:41.0758 PM
[ReportManager] API Action [GetResponseJSONValue] successfully performed. With the following test data [title]. @25-01-2022 13:11:41.0773 PM
[ReportManager] API Action [GetResponseJSONValue] successfully performed. With the following test data [title]. @25-01-2022 13:11:41.0788 PM
[ReportManager] API Action [GetResponseJSONValue] successfully performed. With the following test data [title]. @25-01-2022 13:11:41.0803 PM
[ReportManager] API Action [GetResponseJSONValue] successfully performed. With the following test data [title]. @25-01-2022 13:11:41.0817 PM
[ReportManager] API Action [GetResponseJSONValue] successfully performed. With the following test data [title]. @25-01-2022 13:11:41.0832 PM
[ReportManager] API Action [GetResponseJSONValue] successfully performed. With the following test data [title]. @25-01-2022 13:11:41.0848 PM
[ReportManager] API Action [GetResponseJSONValue] successfully performed. With the following test data [title]. @25-01-2022 13:11:41.0863 PM
[ReportManager] API Action [GetResponseJSONValue] successfully performed. With the following test data [title]. @25-01-2022 13:11:41.0878 PM
[ReportManager] API Action [GetResponseJSONValue] successfully performed. With the following test data [title]. @25-01-2022 13:11:41.0894 PM
[ReportManager] API Action [GetResponseJSONValue] successfully performed. With the following test data [title]. @25-01-2022 13:11:41.0908 PM
[ReportManager] API Action [GetResponseJSONValue] successfully performed. With the following test data [title]. @25-01-2022 13:11:41.0922 PM
[ReportManager] API Action [GetResponseJSONValue] successfully performed. With the following test data [title]. @25-01-2022 13:11:41.0936 PM
[ReportManager] API Action [GetResponseJSONValue] successfully performed. With the following test data [title]. @25-01-2022 13:11:41.0950 PM
[ReportManager] API Action [GetResponseJSONValue] successfully performed. With the following test data [title]. @25-01-2022 13:11:41.0963 PM
[ReportManager] API Action [GetResponseJSONValue] successfully performed. With the following test data [title]. @25-01-2022 13:11:41.0977 PM
[ReportManager] API Action [GetResponseJSONValue] successfully performed. With the following test data [title]. @25-01-2022 13:11:41.0991 PM
[ReportManager] API Action [GetResponseJSONValue] successfully performed. With the following test data [title]. @25-01-2022 13:11:42.0005 PM
[ReportManager] API Action [GetResponseJSONValue] successfully performed. With the following test data [title]. @25-01-2022 13:11:42.0020 PM
[ReportManager] API Action [GetResponseJSONValue] successfully performed. With the following test data [title]. @25-01-2022 13:11:42.0033 PM
[ReportManager] API Action [GetResponseJSONValue] successfully performed. With the following test data [title]. @25-01-2022 13:11:42.0047 PM
[ReportManager] API Action [GetResponseJSONValue] successfully performed. With the following test data [title]. @25-01-2022 13:11:42.0060 PM
[ReportManager] API Action [GetResponseJSONValue] successfully performed. With the following test data [title]. @25-01-2022 13:11:42.0074 PM
[ReportManager] API Action [GetResponseJSONValue] successfully performed. With the following test data [title]. @25-01-2022 13:11:42.0088 PM
[ReportManager] API Action [GetResponseJSONValue] successfully performed. With the following test data [title]. @25-01-2022 13:11:42.0103 PM
[ReportManager] API Action [GetResponseJSONValue] successfully performed. With the following test data [title]. @25-01-2022 13:11:42.0117 PM
[ReportManager] API Action [GetResponseJSONValue] successfully performed. With the following test data [title]. @25-01-2022 13:11:42.0151 PM
[ReportManager] API Action [GetResponseJSONValue] successfully performed. With the following test data [title]. @25-01-2022 13:11:42.0165 PM
[ReportManager] API Action [GetResponseJSONValue] successfully performed. With the following test data [title]. @25-01-2022 13:11:42.0179 PM
[ReportManager] API Action [GetResponseJSONValue] successfully performed. With the following test data [title]. @25-01-2022 13:11:42.0194 PM
[ReportManager] API Action [GetResponseJSONValue] successfully performed. With the following test data [title]. @25-01-2022 13:11:42.0209 PM
[ReportManager] API Action [GetResponseJSONValue] successfully performed. With the following test data [title]. @25-01-2022 13:11:42.0226 PM
[ReportManager] API Action [GetResponseJSONValue] successfully performed. With the following test data [title]. @25-01-2022 13:11:42.0242 PM
[ReportManager] API Action [GetResponseJSONValue] successfully performed. With the following test data [title]. @25-01-2022 13:11:42.0256 PM
[ReportManager] API Action [GetResponseJSONValue] successfully performed. With the following test data [title]. @25-01-2022 13:11:42.0272 PM
[ReportManager] API Action [GetResponseJSONValue] successfully performed. With the following test data [title]. @25-01-2022 13:11:42.0286 PM
[ReportManager] API Action [GetResponseJSONValue] successfully performed. With the following test data [title]. @25-01-2022 13:11:42.0300 PM
[ReportManager] API Action [GetResponseJSONValue] successfully performed. With the following test data [title]. @25-01-2022 13:11:42.0313 PM
[ReportManager] API Action [GetResponseJSONValue] successfully performed. With the following test data [title]. @25-01-2022 13:11:42.0327 PM
[ReportManager] API Action [GetResponseJSONValue] successfully performed. With the following test data [title]. @25-01-2022 13:11:42.0341 PM
[ReportManager] API Action [GetResponseJSONValue] successfully performed. With the following test data [title]. @25-01-2022 13:11:42.0356 PM
[ReportManager] API Action [GetResponseJSONValue] successfully performed. With the following test data [title]. @25-01-2022 13:11:42.0372 PM
[ReportManager] API Action [GetResponseJSONValue] successfully performed. With the following test data [title]. @25-01-2022 13:11:42.0387 PM
[ReportManager] API Action [GetResponseJSONValue] successfully performed. With the following test data [title]. @25-01-2022 13:11:42.0402 PM
[ReportManager] API Action [GetResponseJSONValue] successfully performed. With the following test data [title]. @25-01-2022 13:11:42.0416 PM
[ReportManager] API Action [GetResponseJSONValue] successfully performed. With the following test data [title]. @25-01-2022 13:11:42.0429 PM
[ReportManager] API Action [GetResponseJSONValue] successfully performed. With the following test data [title]. @25-01-2022 13:11:42.0443 PM
[ReportManager] API Action [GetResponseJSONValue] successfully performed. With the following test data [title]. @25-01-2022 13:11:42.0456 PM
[ReportManager] API Action [GetResponseJSONValue] successfully performed. With the following test data [title]. @25-01-2022 13:11:42.0470 PM
[ReportManager] API Action [GetResponseJSONValue] successfully performed. With the following test data [title]. @25-01-2022 13:11:42.0485 PM
[ReportManager] API Action [GetResponseJSONValue] successfully performed. With the following test data [title]. @25-01-2022 13:11:42.0500 PM
[ReportManager] API Action [GetResponseJSONValue] successfully performed. With the following test data [title]. @25-01-2022 13:11:42.0514 PM
[ReportManager] API Action [GetResponseJSONValue] successfully performed. With the following test data [title]. @25-01-2022 13:11:42.0527 PM
[ReportManager] API Action [GetResponseJSONValue] successfully performed. With the following test data [title]. @25-01-2022 13:11:42.0541 PM
[ReportManager] API Action [GetResponseJSONValue] successfully performed. With the following test data [title]. @25-01-2022 13:11:42.0554 PM
[ReportManager] API Action [GetResponseJSONValue] successfully performed. With the following test data [title]. @25-01-2022 13:11:42.0568 PM
[ReportManager] API Action [GetResponseJSONValue] successfully performed. With the following test data [title]. @25-01-2022 13:11:42.0583 PM
[ReportManager] API Action [GetResponseJSONValue] successfully performed. With the following test data [title]. @25-01-2022 13:11:42.0597 PM
[ReportManager] API Action [GetResponseJSONValue] successfully performed. With the following test data [title]. @25-01-2022 13:11:42.0612 PM
[ReportManager] API Action [GetResponseJSONValue] successfully performed. With the following test data [title]. @25-01-2022 13:11:42.0628 PM
[ReportManager] API Action [GetResponseJSONValue] successfully performed. With the following test data [title]. @25-01-2022 13:11:42.0643 PM
[ReportManager] API Action [GetResponseJSONValue] successfully performed. With the following test data [title]. @25-01-2022 13:11:42.0658 PM
[ReportManager] API Action [GetResponseJSONValue] successfully performed. With the following test data [title]. @25-01-2022 13:11:42.0671 PM
[ReportManager] API Action [GetResponseJSONValue] successfully performed. With the following test data [title]. @25-01-2022 13:11:42.0686 PM
[ReportManager] API Action [GetResponseJSONValue] successfully performed. With the following test data [title]. @25-01-2022 13:11:42.0700 P

################################################################################################################################################
Starting Execution:	[68 out of 162] test cases in the current suite
Test Method:		[unitTests.tests_restActions.validateUserEmail]
################################################################################################################################################
[ReportManager] Response status code: [200], status line: [HTTP/1.1 200 OK] @25-01-2022 13:11:42.0757 PM
[ReportManager] Assertion Passed: Evaluating the actual response status code against the expected one... @25-01-2022 13:11:42.0757 PM
[ReportManager] Assertion [ValidateComparativeRelation] PASSED. Expected [200] and Actual [200]. Comparison Type [EQUALS]. Validation Type [POSITIVE]. @25-01-2022 13:11:42.0758 PM
[ReportManager] API Action [PerformRequest] successfully performed. With the following test data [Request Type: "GET" | Target Status Code: "200" | Service URL: "https://jsonplaceholder.typicode.com/users" | Content Type: "*/*" | Response Time: "46ms"]. @25-01-2022 13:11:42.0779 PM
[ReportManager] Successfully created attachment [API Request - Specifications] @25-01-2022 13:11:42.0780 PM
[ReportManager] Successfully created attachment [API Response - JSON Body] @25-01-2022 13:11:42.0781 PM
[ReportManager] Assertion [ValidateEquals] PASSED. Expected and Actual values are attached. Comparison Type [CONTAINS]. Validation Type [POSITIVE]. @25-01-2022 13:11:42.0781 PM
[ReportManager] Successfully created attachment [Validation Test Data - Expected Value] @25-01-2022 13:11:42.0782 PM
[ReportManager] Successfully created attachment [Validation Test Data - Actual Value] @25-01-2022 13:11:42.0782 PM
[ReportManager] API Action [GetResponseJSONValueAsList] successfully performed. With the following test data [$]. @25-01-2022 13:11:42.0789 PM
[ReportManager] API Action [GetResponseJSONValue] successfully performed. With the following test data [name]. @25-01-2022 13:11:42.0801 PM
[ReportManager] API Action [GetResponseJSONValue] successfully performed. With the following test data [email]. @25-01-2022 13:11:42.0813 PM
[ReportManager] Assertion [ValidateEquals] PASSED. Expected [Sincere@april.biz] and Actual [Sincere@april.biz]. Comparison Type [EQUALS]. Validation Type [POSITIVE]. @25-01-2022 13:11:42.0814 PM
[ReportManager] API Action [GetResponseJSONValue] successfully performed. With the following test data [name]. @25-01-2022 13:11:42.0826 PM
[ReportManager] API Action [GetResponseJSONValue] successfully performed. With the following test data [name]. @25-01-2022 13:11:42.0837 PM
[ReportManager] API Action [GetResponseJSONValue] successfully performed. With the following test data [name]. @25-01-2022 13:11:42.0850 PM
[ReportManager] API Action [GetResponseJSONValue] successfully performed. With the following test data [name]. @25-01-2022 13:11:42.0861 PM
[ReportManager] API Action [GetResponseJSONValue] successfully performed. With the following test data [name]. @25-01-2022 13:11:42.0873 PM
[ReportManager] API Action [GetResponseJSONValue] successfully performed. With the following test data [name]. @25-01-2022 13:11:42.0884 PM
[ReportManager] API Action [GetResponseJSONValue] successfully performed. With the following test data [name]. @25-01-2022 13:11:42.0895 PM
[ReportManager] API Action [GetResponseJSONValue] successfully performed. With the following test data [name]. @25-01-2022 13:11:42.0906 PM
[ReportManager] API Action [GetResponseJSONValue] successfully performed. With the following test data [name]. @25-01-2022 13:11:42.0918 P
[ReportManager] File Action [GetAbsolutePath] successfully performed. With the following test data [Relative Folder Path: "target/downloadedFiles/"]. @25-01-2022 13:11:42.0922 PM
[ReportManager] Attempting to run locally on: [Mac-64], [Safari], Headless Execution. @25-01-2022 13:11:42.0923 PM
[ReportManager] Successfully Opened Safari. @25-01-2022 13:11:43.0756 PM
[ReportManager] Initial window size: (800, 600) @25-01-2022 13:11:43.0790 PM
[ReportManager] Window size after SWD Maximize: (1176, 803) @25-01-2022 13:11:43.0806 PM
[ReportManager] Browser Action [MaximizeWindow] successfully performed. With the following test data [New screen size is now: (1176, 803)]. @25-01-2022 13:11:43.0806 P

################################################################################################################################################
Starting Execution:	[69 out of 162] test cases in the current suite
Test Method:		[testPackage01.Test_uploadFile.uploadFile_invisibleUploadInput]
################################################################################################################################################
[ReportManager] Target URL: [https://fineuploader.com/demos.html#gallery-view] @25-01-2022 13:11:43.0809 PM
[ReportManager] Initial URL: [] @25-01-2022 13:11:43.0868 PM
[ReportManager] Browser Action [NavigateToURL] successfully performed. With the following test data [https://fineuploader.com/demos.html#gallery-view]. @25-01-2022 13:11:45.0238 PM
[ReportManager] File Action [GetAbsolutePath] successfully performed. With the following test data [Relative File Path: "src/main/resources/images/shaft.png"]. @25-01-2022 13:11:45.0238 PM
[ReportManager] Successfully created attachment [File Action Actual Result - Command Log] @25-01-2022 13:11:45.0239 PM
[ReportManager] Element Action [TypeFileLocationForUpload] successfully performed. With the following test data [/Users/runner/work/SHAFT_ENGINE/SHAFT_ENGINE/src/main/resources/images/shaft.png]. @25-01-2022 13:11:45.0295 PM
[ReportManager] Attempting to getAttribute [src] from elementLocator [By.xpath: //div[@id='fine-uploader-gallery']//div[@class='qq-thumbnail-wrapper']/img]. @25-01-2022 13:11:45.0298 PM
[ReportManager] Element Action [GetAttribute] successfully performed. @25-01-2022 13:11:45.0420 PM
[ReportManager] Successfully created attachment [Element Action Test Data - GetAttribute - Actual Value] @25-01-2022 13:11:45.0421 PM
[ReportManager] Assertion Passed: Then I Assert that the element found by [By.xpath: //div[@id='fine-uploader-gallery']//div[@class='qq-thumbnail-wrapper']/img] attribute [src] contains [data:image/png;base64]. @25-01-2022 13:11:45.0731 PM
[ReportManager] Successfully created attachment [Validation Test Data - Expected Value] @25-01-2022 13:11:45.0732 PM
[ReportManager] Successfully created attachment [Validation Test Data - Actual Value] @25-01-2022 13:11:45.0732 PM
[ReportManager] Successfully created attachment [Screenshot - 1643116305562_uploadFile_invisibleUploadInput_ValidateElementAttribute_passed] @25-01-2022 13:11:45.0734 PM
[ReportManager] Assertion [ValidateElementAttribute] PASSED. Expected and Actual values are attached. Comparison Type [CONTAINS]. Validation Type [POSITIVE]. @25-01-2022 13:11:45.0734 P
[ReportManager] Browser Action [CloseCurrentWindow] successfully performed. @25-01-2022 13:11:46.0236 PM
[ReportManager] Successfully created attachment [Browser Action Test Data - CloseCurrentWindow - Actual Value] @25-01-2022 13:11:46.0237 P
[ReportManager] File Action [GetAbsolutePath] successfully performed. With the following test data [Relative Folder Path: "target/downloadedFiles/"]. @25-01-2022 13:11:46.0241 PM
[ReportManager] Attempting to run locally on: [Mac-64], [Safari], Headless Execution. @25-01-2022 13:11:46.0241 PM
[ReportManager] Successfully Opened Safari. @25-01-2022 13:11:47.0516 PM
[ReportManager] Initial window size: (800, 600) @25-01-2022 13:11:47.0574 PM
[ReportManager] Window size after SWD Maximize: (1176, 803) @25-01-2022 13:11:47.0619 PM
[ReportManager] Browser Action [MaximizeWindow] successfully performed. With the following test data [New screen size is now: (1176, 803)]. @25-01-2022 13:11:47.0619 P

################################################################################################################################################
Starting Execution:	[70 out of 162] test cases in the current suite
Test Method:		[testPackage01.Test_uploadFile.uploadFile_visibleUploadInput]
################################################################################################################################################
[ReportManager] Target URL: [https://demo.guru99.com/test/upload/] @25-01-2022 13:11:47.0622 PM
[ReportManager] Initial URL: [] @25-01-2022 13:11:47.0733 PM
[ReportManager] Browser Action [NavigateToURL] successfully performed. With the following test data [https://demo.guru99.com/test/upload/]. @25-01-2022 13:11:49.0251 PM
[ReportManager] File Action [GetAbsolutePath] successfully performed. With the following test data [Relative Folder Path: "src/main/resources/images/shaft.png"]. @25-01-2022 13:11:49.0251 PM
[ReportManager] Element Action [TypeFileLocationForUpload] successfully performed. With the following test data [/Users/runner/work/SHAFT_ENGINE/SHAFT_ENGINE/src/main/resources/images/shaft.png]. @25-01-2022 13:11:50.0020 PM
[ReportManager] Element Action [Click] successfully performed. With the following test data [By.id: terms]. @25-01-2022 13:11:51.0718 PM
[ReportManager] Element Action [Click] successfully performed. With the following test data [By.id: submitbutton]. @25-01-2022 13:11:51.0945 PM
[ReportManager] Element Action [GetText] successfully performed. With the following test data [1 file has been successfully uploaded.]. @25-01-2022 13:11:52.0604 PM
[ReportManager] Assertion Passed: Then I Assert that the element found by [By.id: res] attribute [Text] contains [1 file]. @25-01-2022 13:11:52.0963 PM
[ReportManager] Successfully created attachment [Screenshot - 1643116312763_uploadFile_visibleUploadInput_ValidateElementAttribute_passed] @25-01-2022 13:11:53.0044 PM
[ReportManager] Assertion [ValidateElementAttribute] PASSED. Expected [Value Should be '1 file' for the 'Text' attribute, element locator 'By.id: res'] and Actual [1 file has been successfully uploaded.]. Comparison Type [CONTAINS]. Validation Type [POSITIVE]. @25-01-2022 13:11:53.0044 P
[ReportManager] Browser Action [CloseCurrentWindow] successfully performed. @25-01-2022 13:11:53.0541 PM
[ReportManager] Successfully created attachment [Browser Action Test Data - CloseCurrentWindow - Actual Value] @25-01-2022 13:11:53.0583 P

################################################################################################################################################
Starting Execution:	[71 out of 162] test cases in the current suite
Test Method:		[testPackage01.Test_AssertApiResponseEquals.assertApiResponseEquals_expectedToPass]
################################################################################################################################################
[ReportManager] Response status code: [200], status line: [HTTP/1.1 200 OK] @25-01-2022 13:11:53.0834 PM
[ReportManager] Assertion Passed: Evaluating the actual response status code against the expected one... @25-01-2022 13:11:53.0834 PM
[ReportManager] Assertion [ValidateComparativeRelation] PASSED. Expected [200] and Actual [200]. Comparison Type [EQUALS]. Validation Type [POSITIVE]. @25-01-2022 13:11:53.0834 PM
[ReportManager] API Action [PerformRequest] successfully performed. With the following test data [Request Type: "GET" | Target Status Code: "200" | Service URL: "https://jsonplaceholder.typicode.com/users" | Content Type: "*/*" | Response Time: "40ms"]. @25-01-2022 13:11:53.0862 PM
[ReportManager] Successfully created attachment [API Request - Specifications] @25-01-2022 13:11:53.0903 PM
[ReportManager] Successfully created attachment [API Response - JSON Body] @25-01-2022 13:11:53.0985 PM
[ReportManager] API Action [GetResponseJSONValueAsList] successfully performed. With the following test data [$]. @25-01-2022 13:11:53.0993 PM
[ReportManager] API Action [GetResponseJSONValue] successfully performed. With the following test data [name]. @25-01-2022 13:11:54.0005 PM
[ReportManager] API Action [GetResponseJSONValue] successfully performed. With the following test data [email]. @25-01-2022 13:11:54.0022 PM
[ReportManager] Verification [ValidateEquals] PASSED. Expected [Sincere@april.biz] and Actual [Sincere@april.biz]. Comparison Type [EQUALS]. Validation Type [POSITIVE]. @25-01-2022 13:11:54.0022 PM
[ReportManager] API Action [GetResponseJSONValue] successfully performed. With the following test data [username]. @25-01-2022 13:11:54.0034 PM
[ReportManager] Assertion [ValidateEquals] PASSED. Expected [Bret] and Actual [Bret]. Comparison Type [EQUALS]. Validation Type [POSITIVE]. @25-01-2022 13:11:54.0035 PM
[ReportManager] API Action [GetResponseJSONValue] successfully performed. With the following test data [name]. @25-01-2022 13:11:54.0046 PM
[ReportManager] API Action [GetResponseJSONValue] successfully performed. With the following test data [name]. @25-01-2022 13:11:54.0058 PM
[ReportManager] API Action [GetResponseJSONValue] successfully performed. With the following test data [name]. @25-01-2022 13:11:54.0070 PM
[ReportManager] API Action [GetResponseJSONValue] successfully performed. With the following test data [name]. @25-01-2022 13:11:54.0082 PM
[ReportManager] API Action [GetResponseJSONValue] successfully performed. With the following test data [name]. @25-01-2022 13:11:54.0093 PM
[ReportManager] API Action [GetResponseJSONValue] successfully performed. With the following test data [name]. @25-01-2022 13:11:54.0106 PM
[ReportManager] API Action [GetResponseJSONValue] successfully performed. With the following test data [name]. @25-01-2022 13:11:54.0120 PM
[ReportManager] API Action [GetResponseJSONValue] successfully performed. With the following test data [name]. @25-01-2022 13:11:54.0131 PM
[ReportManager] API Action [GetResponseJSONValue] successfully performed. With the following test data [name]. @25-01-2022 13:11:54.0144 P
[ReportManager] File Action [GetAbsolutePath] successfully performed. With the following test data [Relative Folder Path: "target/downloadedFiles/"]. @25-01-2022 13:11:54.0268 PM
[ReportManager] Attempting to run locally on: [Mac-64], [Safari], Headless Execution. @25-01-2022 13:11:54.0269 PM
[ReportManager] Successfully Opened Safari. @25-01-2022 13:11:55.0518 PM
[ReportManager] Initial window size: (800, 600) @25-01-2022 13:11:55.0537 PM
[ReportManager] Window size after SWD Maximize: (1176, 803) @25-01-2022 13:11:55.0568 PM
[ReportManager] Browser Action [MaximizeWindow] successfully performed. With the following test data [New screen size is now: (1176, 803)]. @25-01-2022 13:11:55.0568 PM
[ReportManager] Target URL: [http://the-internet.herokuapp.com/javascript_alerts] @25-01-2022 13:11:55.0568 PM
[ReportManager] Initial URL: [] @25-01-2022 13:11:55.0667 PM
[ReportManager] Browser Action [NavigateToURL] successfully performed. With the following test data [http://the-internet.herokuapp.com/javascript_alerts]. @25-01-2022 13:11:56.0219 P

################################################################################################################################################
Starting Execution:	[72 out of 162] test cases in the current suite
Test Method:		[testPackage01.TestJSPromptBox.dismissAlert]
################################################################################################################################################
[ReportManager] Element Action [Click] successfully performed. With the following test data [By.xpath: //button[contains(text(),'Click for JS Prompt')]]. @25-01-2022 13:11:56.0667 PM
[ReportManager] Alert is present @25-01-2022 13:11:56.0690 PM
[ReportManager] Element Action [DismissAlert] successfully performed. @25-01-2022 13:11:56.0715 P

################################################################################################################################################
Starting Execution:	[73 out of 162] test cases in the current suite
Test Method:		[testPackage01.TestJSPromptBox.assertOnCancelAlertResultText]
################################################################################################################################################
[ReportManager] Element Action [GetText] successfully performed. With the following test data [You entered: null]. @25-01-2022 13:11:56.0923 PM
[ReportManager] Assertion Passed: Then I Assert that the element found by [By.id: result] attribute [TEXT] is equal to [You entered: null]. @25-01-2022 13:11:57.0302 PM
[ReportManager] Successfully created attachment [Screenshot - 1643116317079_assertOnCancelAlertResultText_ValidateElementAttribute_passed] @25-01-2022 13:11:57.0384 PM
[ReportManager] Assertion [ValidateElementAttribute] PASSED. Expected [Value Should be 'You entered: null' for the 'text' attribute, element locator 'By.id: result'] and Actual [You entered: null]. Comparison Type [EQUALS]. Validation Type [POSITIVE]. @25-01-2022 13:11:57.0384 P

################################################################################################################################################
Starting Execution:	[74 out of 162] test cases in the current suite
Test Method:		[testPackage01.TestJSPromptBox.getAlertText]
################################################################################################################################################
[ReportManager] Element Action [Click] successfully performed. With the following test data [By.xpath: //button[contains(text(),'Click for JS Prompt')]]. @25-01-2022 13:11:57.0771 PM
[ReportManager] Alert is present @25-01-2022 13:11:57.0792 PM
[ReportManager] Alert Text is: [I am a JS prompt] @25-01-2022 13:11:57.0807 PM
[ReportManager] Element Action [GetAlertText] successfully performed. @25-01-2022 13:11:57.0808 PM
[ReportManager] Alert text is: [I am a JS prompt] @25-01-2022 13:11:57.0808 PM
[ReportManager] Alert is present @25-01-2022 13:11:57.0818 PM
[ReportManager] Alert Text is: [I am a JS prompt] @25-01-2022 13:11:57.0833 PM
[ReportManager] Element Action [GetAlertText] successfully performed. @25-01-2022 13:11:57.0833 PM
[ReportManager] Assertion Passed: Then I Assert that [I am a JS prompt] is equal to [I am a JS prompt]. @25-01-2022 13:11:57.0835 PM
[ReportManager] Assertion [ValidateEquals] PASSED. Expected [I am a JS prompt] and Actual [I am a JS prompt]. Comparison Type [EQUALS]. Validation Type [POSITIVE]. @25-01-2022 13:11:57.0835 P

################################################################################################################################################
Starting Execution:	[75 out of 162] test cases in the current suite
Test Method:		[testPackage01.TestJSPromptBox.acceptPromptAlertWithoutTypingTextMessage]
################################################################################################################################################
[ReportManager] Alert is not present @25-01-2022 13:12:28.0168 PM
[ReportManager] Element Action [WaitForAlertToBePresent] failed. @25-01-2022 13:12:28.0364 PM
[ReportManager] Successfully created attachment [Screenshot - 1643116348192_acceptPromptAlertWithoutTypingTextMessage_WaitForAlertToBePresent_failed] @25-01-2022 13:12:28.0447 P

################################################################################################################################################
Starting Execution:	[76 out of 162] test cases in the current suite
Test Method:		[testPackage01.TestJSPromptBox.assertOnConfirmPromptAlertWithoutTypingTextMessageResultText]
###############################################################################################################################################

################################################################################################################################################
Starting Execution:	[77 out of 162] test cases in the current suite
Test Method:		[testPackage01.TestJSPromptBox.acceptPromptAlertWithTextMessage]
###############################################################################################################################################

################################################################################################################################################
Starting Execution:	[78 out of 162] test cases in the current suite
Test Method:		[testPackage01.TestJSPromptBox.assertOnConfirmPromptAlertWithTextMessageResultText]
###############################################################################################################################################
[ReportManager] Browser Action [CloseCurrentWindow] successfully performed. @25-01-2022 13:12:29.0607 PM
[ReportManager] Successfully created attachment [Browser Action Test Data - CloseCurrentWindow - Actual Value] @25-01-2022 13:12:29.0648 P

################################################################################################################################################
Starting Execution:	[79 out of 162] test cases in the current suite
Test Method:		[testPackage01.Test_testData.f]
################################################################################################################################################
[ReportManager] Successfully loaded the following test data file [src/test/resources/testDataFiles/testSuite01/TestData.xlsx]. @25-01-2022 13:12:29.0734 PM
[ReportManager] Successfully created attachment [Test Data - Excel] @25-01-2022 13:12:29.0776 PM
[ReportManager] Last Column Number is: [3]. Zero-based. @25-01-2022 13:12:29.0777 P

################################################################################################################################################
Starting Execution:	[80 out of 162] test cases in the current suite
Test Method:		[testPackage01.Test_PDF.testPDF1]
################################################################################################################################################
[ReportManager] File Action [DoesFileExist] successfully performed. With the following test data [File Path: "src/test/resources/testDataFiles/sample.pdf"]. @25-01-2022 13:12:29.0906 PM
[ReportManager] File Action [GetAbsolutePath] successfully performed. With the following test data [Relative Folder Path: "src/test/resources/testDataFiles/sample.pdf"]. @25-01-2022 13:12:29.0908 PM
[ReportManager] Assertion Passed: Checking to see that the pdf file contains [A Simple PDF File] @25-01-2022 13:15:28.0293 PM
[ReportManager] Successfully created attachment [Validation Test Data - Expected Value] @25-01-2022 13:15:28.0335 PM
[ReportManager] Successfully created attachment [Validation Test Data - Actual Value] @25-01-2022 13:15:28.0416 PM
[ReportManager] Assertion [ValidateEquals] PASSED. Expected and Actual values are attached. Comparison Type [CONTAINS]. Validation Type [POSITIVE]. @25-01-2022 13:15:28.0416 P

################################################################################################################################################
Starting Execution:	[81 out of 162] test cases in the current suite
Test Method:		[testPackage01.Test_PDF.testPDF2]
################################################################################################################################################
[ReportManager] File Action [DoesFileExist] successfully performed. With the following test data [File Path: "src/test/resources/testDataFiles/sample.pdf"]. @25-01-2022 13:15:28.0706 PM
[ReportManager] File Action [GetAbsolutePath] successfully performed. With the following test data [Relative Folder Path: "src/test/resources/testDataFiles/sample.pdf"]. @25-01-2022 13:15:28.0706 PM
[ReportManager] Assertion Passed: Checking to see that the pdf file contains [A Simple PDF File] @25-01-2022 13:15:28.0732 PM
[ReportManager] Successfully created attachment [Validation Test Data - Expected Value] @25-01-2022 13:15:28.0733 PM
[ReportManager] Successfully created attachment [Validation Test Data - Actual Value] @25-01-2022 13:15:28.0733 PM
[ReportManager] Assertion [ValidateEquals] PASSED. Expected and Actual values are attached. Comparison Type [CONTAINS]. Validation Type [POSITIVE]. @25-01-2022 13:15:28.0733 P
[ReportManager] File Action [GetAbsolutePath] successfully performed. With the following test data [Relative Folder Path: "target/downloadedFiles/"]. @25-01-2022 13:15:28.0740 PM
[ReportManager] Attempting to run locally on: [Mac-64], [Safari], Headless Execution. @25-01-2022 13:15:28.0740 PM
[ReportManager] Successfully Opened Safari. @25-01-2022 13:15:29.0613 PM
[ReportManager] Initial window size: (800, 600) @25-01-2022 13:15:29.0683 PM
[ReportManager] Window size after SWD Maximize: (1176, 803) @25-01-2022 13:15:29.0767 PM
[ReportManager] Browser Action [MaximizeWindow] successfully performed. With the following test data [New screen size is now: (1176, 803)]. @25-01-2022 13:15:29.0768 P

################################################################################################################################################
Starting Execution:	[82 out of 162] test cases in the current suite
Test Method:		[testPackage01.Test_ShadowDOM.shadowdom]
################################################################################################################################################
[ReportManager] Target URL: [https://mdn.github.io/web-components-examples/popup-info-box-web-component/] @25-01-2022 13:15:29.0895 PM
[ReportManager] Initial URL: [] @25-01-2022 13:15:29.0930 PM
[ReportManager] Browser Action [NavigateToURL] successfully performed. With the following test data [https://mdn.github.io/web-components-examples/popup-info-box-web-component/]. @25-01-2022 13:15:30.0308 PM
[ReportManager] Element Action [Type] successfully performed. With the following test data [Typing into SHADOW DOM...]. @25-01-2022 13:15:30.0693 PM
[ReportManager] Element Action [GetText] successfully performed. With the following test data [Typing into SHADOW DOM...]. @25-01-2022 13:15:30.0777 PM
[ReportManager] Assertion [ValidateElementAttribute] PASSED. Expected [Value Should be 'Typing into SHADOW DOM...' for the 'Text' attribute, element locator 'By.id: cvc'] and Actual [Typing into SHADOW DOM...]. Comparison Type [EQUALS]. Validation Type [POSITIVE]. @25-01-2022 13:15:31.0084 PM
[ReportManager] Successfully created attachment [Screenshot - 1643116530891_shadowdom_ValidateElementAttribute_passed] @25-01-2022 13:15:31.0168 P
[ReportManager] Browser Action [CloseCurrentWindow] successfully performed. @25-01-2022 13:15:31.0656 PM
[ReportManager] Successfully created attachment [Browser Action Test Data - CloseCurrentWindow - Actual Value] @25-01-2022 13:15:31.0697 P
[ReportManager] File Action [GetAbsolutePath] successfully performed. With the following test data [Relative Folder Path: "target/downloadedFiles/"]. @25-01-2022 13:15:31.0822 PM
[ReportManager] Attempting to run locally on: [Mac-64], [Safari], Headless Execution. @25-01-2022 13:15:31.0822 PM
[ReportManager] Successfully Opened Safari. @25-01-2022 13:15:32.0683 PM
[ReportManager] Initial window size: (800, 600) @25-01-2022 13:15:32.0699 PM
[ReportManager] Window size after SWD Maximize: (1176, 803) @25-01-2022 13:15:32.0730 PM
[ReportManager] Browser Action [MaximizeWindow] successfully performed. With the following test data [New screen size is now: (1176, 803)]. @25-01-2022 13:15:32.0731 P

################################################################################################################################################
Starting Execution:	[83 out of 162] test cases in the current suite
Test Method:		[testPackage01.Test_clipboardActions.typeTextAndCopyPaste]
################################################################################################################################################
[ReportManager] Target URL: [https://www.google.com/ncr], and after redirection: [https://www.google.com] @25-01-2022 13:15:32.0775 PM
[ReportManager] Initial URL: [] @25-01-2022 13:15:32.0818 PM
[ReportManager] Browser Action [NavigateToURL] successfully performed. With the following test data [https://www.google.com/ncr]. @25-01-2022 13:15:34.0495 PM
[ReportManager] Element Action [Type] successfully performed. With the following test data [FIRST]. @25-01-2022 13:15:34.0717 P
[ReportManager] Browser Action [CloseCurrentWindow] successfully performed. @25-01-2022 13:15:35.0338 PM
[ReportManager] Successfully created attachment [Browser Action Test Data - CloseCurrentWindow - Actual Value] @25-01-2022 13:15:35.0379 P
[ReportManager] File Action [GetAbsolutePath] successfully performed. With the following test data [Relative Folder Path: "target/downloadedFiles/"]. @25-01-2022 13:15:35.0420 PM
[ReportManager] Attempting to run locally on: [Mac-64], [Safari], Headless Execution. @25-01-2022 13:15:35.0420 PM
[ReportManager] Successfully Opened Safari. @25-01-2022 13:15:36.0329 PM
[ReportManager] Initial window size: (800, 600) @25-01-2022 13:15:36.0359 PM
[ReportManager] Window size after SWD Maximize: (1176, 803) @25-01-2022 13:15:36.0390 PM
[ReportManager] Browser Action [MaximizeWindow] successfully performed. With the following test data [New screen size is now: (1176, 803)]. @25-01-2022 13:15:36.0391 PM
[ReportManager] Target URL: [http://the-internet.herokuapp.com/javascript_alerts] @25-01-2022 13:15:36.0391 PM
[ReportManager] Initial URL: [] @25-01-2022 13:15:36.0484 PM
[ReportManager] Browser Action [NavigateToURL] successfully performed. With the following test data [http://the-internet.herokuapp.com/javascript_alerts]. @25-01-2022 13:15:37.0201 P

################################################################################################################################################
Starting Execution:	[84 out of 162] test cases in the current suite
Test Method:		[testPackage01.TestJSAlertBox.getJSAlertText]
################################################################################################################################################
[ReportManager] Element Action [Click] successfully performed. With the following test data [By.xpath: //button[contains(text(),'Click for JS Alert')]]. @25-01-2022 13:15:37.0562 PM
[ReportManager] Alert is present @25-01-2022 13:15:37.0568 PM
[ReportManager] Alert Text is: [I am a JS Alert] @25-01-2022 13:15:37.0583 PM
[ReportManager] Element Action [GetAlertText] successfully performed. @25-01-2022 13:15:37.0584 PM
[ReportManager] Alert text is: [I am a JS Alert] @25-01-2022 13:15:37.0584 PM
[ReportManager] Alert is present @25-01-2022 13:15:37.0602 PM
[ReportManager] Alert Text is: [I am a JS Alert] @25-01-2022 13:15:37.0612 PM
[ReportManager] Element Action [GetAlertText] successfully performed. @25-01-2022 13:15:37.0613 PM
[ReportManager] Assertion Passed: Then I Assert that [I am a JS Alert] is equal to [I am a JS Alert]. @25-01-2022 13:15:37.0613 PM
[ReportManager] Assertion [ValidateEquals] PASSED. Expected [I am a JS Alert] and Actual [I am a JS Alert]. Comparison Type [EQUALS]. Validation Type [POSITIVE]. @25-01-2022 13:15:37.0614 P

################################################################################################################################################
Starting Execution:	[85 out of 162] test cases in the current suite
Test Method:		[testPackage01.TestJSAlertBox.acceptAlert]
################################################################################################################################################
[ReportManager] Alert is not present @25-01-2022 13:16:08.0155 PM
[ReportManager] Element Action [WaitForAlertToBePresent] failed. @25-01-2022 13:16:08.0274 PM
[ReportManager] Successfully created attachment [Screenshot - 1643116568184_acceptAlert_WaitForAlertToBePresent_failed] @25-01-2022 13:16:08.0276 P

################################################################################################################################################
Starting Execution:	[86 out of 162] test cases in the current suite
Test Method:		[testPackage01.TestJSAlertBox.assertOnConfirmAlertResultText]
###############################################################################################################################################
[ReportManager] Browser Action [CloseCurrentWindow] successfully performed. @25-01-2022 13:16:08.0698 PM
[ReportManager] Successfully created attachment [Browser Action Test Data - CloseCurrentWindow - Actual Value] @25-01-2022 13:16:08.0699 P

################################################################################################################################################
Starting Execution:	[87 out of 162] test cases in the current suite
Test Method:		[testPackage01.Test_checkJDKShellFilesGenerated.testJDKGeneratedSuccessfully]
################################################################################################################################################
[ReportManager] Configuring JDK @25-01-2022 13:16:08.0702 PM
[ReportManager] File Action [GetAbsolutePath] successfully performed. With the following test data [Relative File Path: "generateJdkMac.sh"]. @25-01-2022 13:16:08.0702 PM
[ReportManager] File Action [WriteToFile] successfully performed. With the following test data [Target File Path: "/Users/runner/work/SHAFT_ENGINE/SHAFT_ENGINE/generateJdkMac.sh"]. @25-01-2022 13:16:08.0703 PM
[ReportManager] Attempting to perform the following command locally. Command: [chmod u+x generateJdk.sh] @25-01-2022 13:16:08.0703 PM
[ReportManager] Terminal Action [PerformTerminalCommands] successfully performed. With the following test data [Host Name: "localHost" | Command: "chmod u+x generateJdk.sh" | Exit Status: "1"]. @25-01-2022 13:16:08.0713 PM
[ReportManager] Successfully created attachment [Terminal Action Actual Result - Command Log] @25-01-2022 13:16:08.0713 PM
[ReportManager] Assertion Passed: Then I Assert that [[#!/bin/bash, export JAVA_HOME=$(/usr/libexec/java_home), export PATH=$JAVA_HOME/bin:$PATH, source ~/.zshenv, echo $JAVA_HOME, echo $PATH, exec bash]] contains [JAVA_HOME=$(/usr/libexec/java_home)]. @25-01-2022 13:16:08.0714 PM
[ReportManager] Assertion [ValidateEquals] PASSED. Expected [JAVA_HOME=$(/usr/libexec/java_home)] and Actual [[#!/bin/bash, export JAVA_HOME=$(/usr/libexec/java_home), export PATH=$JAVA_HOME/bin:$PATH, source ~/.zshenv, echo $JAVA_HOME, echo $PATH, exec bash]]. Comparison Type [CONTAINS]. Validation Type [POSITIVE]. @25-01-2022 13:16:08.0714 P
[ReportManager] File Action [GetAbsolutePath] successfully performed. With the following test data [Relative Folder Path: "target/downloadedFiles/"]. @25-01-2022 13:16:08.0717 PM
[ReportManager] Attempting to run locally on: [Mac-64], [Safari], Headless Execution. @25-01-2022 13:16:08.0717 PM
[ReportManager] Successfully Opened Safari. @25-01-2022 13:16:09.0546 PM
[ReportManager] Initial window size: (800, 600) @25-01-2022 13:16:09.0589 PM
[ReportManager] Window size after SWD Maximize: (1176, 803) @25-01-2022 13:16:09.0669 PM
[ReportManager] Browser Action [MaximizeWindow] successfully performed. With the following test data [New screen size is now: (1176, 803)]. @25-01-2022 13:16:09.0670 PM
[ReportManager] Target URL: [http://the-internet.herokuapp.com/javascript_alerts] @25-01-2022 13:16:09.0670 PM
[ReportManager] Initial URL: [] @25-01-2022 13:16:09.0710 PM
[ReportManager] Browser Action [NavigateToURL] successfully performed. With the following test data [http://the-internet.herokuapp.com/javascript_alerts]. @25-01-2022 13:16:10.0180 P

################################################################################################################################################
Starting Execution:	[88 out of 162] test cases in the current suite
Test Method:		[testPackage01.TestJSConfirmBox.dismissAlert]
################################################################################################################################################
[ReportManager] Element Action [Click] successfully performed. With the following test data [By.xpath: //button[contains(text(),'Click for JS Confirm')]]. @25-01-2022 13:16:10.0437 PM
[ReportManager] Alert is present @25-01-2022 13:16:10.0452 PM
[ReportManager] Element Action [DismissAlert] successfully performed. @25-01-2022 13:16:10.0478 P

################################################################################################################################################
Starting Execution:	[89 out of 162] test cases in the current suite
Test Method:		[testPackage01.TestJSConfirmBox.assertOnCancelAlertResultText]
################################################################################################################################################
[ReportManager] Element Action [GetText] successfully performed. With the following test data [You clicked: Cancel]. @25-01-2022 13:16:10.0623 PM
[ReportManager] Assertion Passed: Then I Assert that the element found by [By.id: result] attribute [TEXT] is equal to [You clicked: Cancel]. @25-01-2022 13:16:10.0788 PM
[ReportManager] Successfully created attachment [Screenshot - 1643116570712_assertOnCancelAlertResultText_ValidateElementAttribute_passed] @25-01-2022 13:16:10.0790 PM
[ReportManager] Assertion [ValidateElementAttribute] PASSED. Expected [Value Should be 'You clicked: Cancel' for the 'text' attribute, element locator 'By.id: result'] and Actual [You clicked: Cancel]. Comparison Type [EQUALS]. Validation Type [POSITIVE]. @25-01-2022 13:16:10.0790 P

################################################################################################################################################
Starting Execution:	[90 out of 162] test cases in the current suite
Test Method:		[testPackage01.TestJSConfirmBox.getAlertText]
################################################################################################################################################
[ReportManager] Element Action [Click] successfully performed. With the following test data [By.xpath: //button[contains(text(),'Click for JS Confirm')]]. @25-01-2022 13:16:11.0063 PM
[ReportManager] Alert is present @25-01-2022 13:16:11.0071 PM
[ReportManager] Alert Text is: [I am a JS Confirm] @25-01-2022 13:16:11.0079 PM
[ReportManager] Element Action [GetAlertText] successfully performed. @25-01-2022 13:16:11.0079 PM
[ReportManager] Alert text is: [I am a JS Confirm] @25-01-2022 13:16:11.0081 PM
[ReportManager] Alert is present @25-01-2022 13:16:11.0091 PM
[ReportManager] Alert Text is: [I am a JS Confirm] @25-01-2022 13:16:11.0101 PM
[ReportManager] Element Action [GetAlertText] successfully performed. @25-01-2022 13:16:11.0102 PM
[ReportManager] Assertion Passed: Then I Assert that [I am a JS Confirm] is equal to [I am a JS Confirm]. @25-01-2022 13:16:11.0102 PM
[ReportManager] Assertion [ValidateEquals] PASSED. Expected [I am a JS Confirm] and Actual [I am a JS Confirm]. Comparison Type [EQUALS]. Validation Type [POSITIVE]. @25-01-2022 13:16:11.0103 P

################################################################################################################################################
Starting Execution:	[91 out of 162] test cases in the current suite
Test Method:		[testPackage01.TestJSConfirmBox.acceptAlert]
################################################################################################################################################
[ReportManager] Alert is not present @25-01-2022 13:16:41.0263 PM
[ReportManager] Element Action [WaitForAlertToBePresent] failed. @25-01-2022 13:16:41.0377 PM
[ReportManager] Successfully created attachment [Screenshot - 1643116601292_acceptAlert_WaitForAlertToBePresent_failed] @25-01-2022 13:16:41.0379 P

################################################################################################################################################
Starting Execution:	[92 out of 162] test cases in the current suite
Test Method:		[testPackage01.TestJSConfirmBox.assertOnConfirmAlertResultText]
###############################################################################################################################################
[ReportManager] Browser Action [CloseCurrentWindow] successfully performed. @25-01-2022 13:16:41.0797 PM
[ReportManager] Successfully created attachment [Browser Action Test Data - CloseCurrentWindow - Actual Value] @25-01-2022 13:16:41.0798 P

################################################################################################################################################
Starting Execution:	[93 out of 162] test cases in the current suite
Test Method:		[testPackage01.Test_NewValidationHelper.f1]
################################################################################################################################################
[ReportManager] Assertion Passed: Checking valid user data @25-01-2022 13:16:41.0805 PM
[ReportManager] Successfully created attachment [Validation Test Data - Expected Value] @25-01-2022 13:16:41.0805 PM
[ReportManager] Successfully created attachment [Validation Test Data - Actual Value] @25-01-2022 13:16:41.0806 PM
[ReportManager] Assertion [ValidateEquals] PASSED. Expected and Actual values are attached. Comparison Type [EQUALS]. Validation Type [POSITIVE]. @25-01-2022 13:16:41.0806 P
[ReportManager] File Action [GetAbsolutePath] successfully performed. With the following test data [Relative Folder Path: "target/downloadedFiles/"]. @25-01-2022 13:16:41.0811 PM
[ReportManager] Attempting to run locally on: [Mac-64], [Safari], Headless Execution. @25-01-2022 13:16:41.0812 PM
[ReportManager] Successfully Opened Safari. @25-01-2022 13:16:42.0766 PM
[ReportManager] Initial window size: (800, 600) @25-01-2022 13:16:42.0802 PM
[ReportManager] Window size after SWD Maximize: (1176, 803) @25-01-2022 13:16:42.0829 PM
[ReportManager] Browser Action [MaximizeWindow] successfully performed. With the following test data [New screen size is now: (1176, 803)]. @25-01-2022 13:16:42.0830 PM
[ReportManager] Target URL: [https://the-internet.herokuapp.com/] @25-01-2022 13:16:42.0830 PM
[ReportManager] Initial URL: [] @25-01-2022 13:16:42.0871 PM
[ReportManager] Browser Action [NavigateToURL] successfully performed. With the following test data [https://the-internet.herokuapp.com/]. @25-01-2022 13:16:43.0424 P

################################################################################################################################################
Starting Execution:	[94 out of 162] test cases in the current suite
Test Method:		[testPackage01.Test_NewValidationHelper.f10]
################################################################################################################################################
[ReportManager] Assertion [ValidateElementExists] FAILED. Expected [Element Should Exist, locator 'By.tagName: div'] and Actual [Element Exists but is not unique]. Comparison Type [EQUALS]. Validation Type [POSITIVE]. @25-01-2022 13:16:43.0756 PM
[ReportManager] Successfully created attachment [Screenshot - 1643116603676_f10_ValidateElementExists_failed] @25-01-2022 13:16:43.0759 P
[ReportManager] Successfully Closed All Drivers. @25-01-2022 13:16:43.0941 P
[ReportManager] File Action [GetAbsolutePath] successfully performed. With the following test data [Relative Folder Path: "target/downloadedFiles/"]. @25-01-2022 13:16:43.0944 PM
[ReportManager] Attempting to run locally on: [Mac-64], [Safari], Headless Execution. @25-01-2022 13:16:43.0945 PM
[ReportManager] An Exception Occured with this Message: Could not start a new session. Possible causes are invalid address of the remote server or browser start-up failure.. @25-01-2022 13:16:44.0049 PM
[ReportManager] Successfully created attachment [Exception Stack Trace - org.openqa.selenium.SessionNotCreatedException] @25-01-2022 13:16:44.0050 PM
[ReportManager] Driver Factory Action [createNewLocalDriverInstanceForSafari] failed. With the following test data [Failed to create a session on DESKTOP_SAFARI]. @25-01-2022 13:16:44.0050 P

################################################################################################################################################
Starting Execution:	[95 out of 162] test cases in the current suite
Test Method:		[testPackage01.Test_NewValidationHelper.f11]
###############################################################################################################################################



################################################################################################################################################
Starting Execution:	[96 out of 162] test cases in the current suite
Test Method:		[testPackage01.Test_NewValidationHelper.f12]
###############################################################################################################################################



################################################################################################################################################
Starting Execution:	[97 out of 162] test cases in the current suite
Test Method:		[testPackage01.Test_NewValidationHelper.f13]
###############################################################################################################################################



################################################################################################################################################
Starting Execution:	[98 out of 162] test cases in the current suite
Test Method:		[testPackage01.Test_NewValidationHelper.f14]
###############################################################################################################################################



################################################################################################################################################
Starting Execution:	[99 out of 162] test cases in the current suite
Test Method:		[testPackage01.Test_NewValidationHelper.f15]
###############################################################################################################################################



################################################################################################################################################
Starting Execution:	[100 out of 162] test cases in the current suite
Test Method:		[testPackage01.Test_NewValidationHelper.f16]
###############################################################################################################################################



################################################################################################################################################
Starting Execution:	[101 out of 162] test cases in the current suite
Test Method:		[testPackage01.Test_NewValidationHelper.f17]
###############################################################################################################################################



################################################################################################################################################
Starting Execution:	[102 out of 162] test cases in the current suite
Test Method:		[testPackage01.Test_NewValidationHelper.f18]
###############################################################################################################################################


################################################################################################################################################
Starting Execution:	[103 out of 162] test cases in the current suite
Test Method:		[testPackage01.Test_NewValidationHelper.f2]
###############################################################################################################################################


################################################################################################################################################
Starting Execution:	[104 out of 162] test cases in the current suite
Test Method:		[testPackage01.Test_NewValidationHelper.f20]
###############################################################################################################################################



################################################################################################################################################
Starting Execution:	[105 out of 162] test cases in the current suite
Test Method:		[testPackage01.Test_NewValidationHelper.f21]
###############################################################################################################################################



################################################################################################################################################
Starting Execution:	[106 out of 162] test cases in the current suite
Test Method:		[testPackage01.Test_NewValidationHelper.f22]
###############################################################################################################################################


################################################################################################################################################
Starting Execution:	[107 out of 162] test cases in the current suite
Test Method:		[testPackage01.Test_NewValidationHelper.f23]
###############################################################################################################################################

################################################################################################################################################
Starting Execution:	[108 out of 162] test cases in the current suite
Test Method:		[testPackage01.Test_NewValidationHelper.f24]
###############################################################################################################################################

################################################################################################################################################
Starting Execution:	[109 out of 162] test cases in the current suite
Test Method:		[testPackage01.Test_NewValidationHelper.f25]
###############################################################################################################################################

################################################################################################################################################
Starting Execution:	[110 out of 162] test cases in the current suite
Test Method:		[testPackage01.Test_NewValidationHelper.f26]
###############################################################################################################################################

################################################################################################################################################
Starting Execution:	[111 out of 162] test cases in the current suite
Test Method:		[testPackage01.Test_NewValidationHelper.f27]
###############################################################################################################################################

################################################################################################################################################
Starting Execution:	[112 out of 162] test cases in the current suite
Test Method:		[testPackage01.Test_NewValidationHelper.f28]
###############################################################################################################################################

################################################################################################################################################
Starting Execution:	[113 out of 162] test cases in the current suite
Test Method:		[testPackage01.Test_NewValidationHelper.f29]
###############################################################################################################################################

################################################################################################################################################
Starting Execution:	[114 out of 162] test cases in the current suite
Test Method:		[testPackage01.Test_NewValidationHelper.f3]
###############################################################################################################################################

################################################################################################################################################
Starting Execution:	[115 out of 162] test cases in the current suite
Test Method:		[testPackage01.Test_NewValidationHelper.f30]
###############################################################################################################################################

################################################################################################################################################
Starting Execution:	[116 out of 162] test cases in the current suite
Test Method:		[testPackage01.Test_NewValidationHelper.f31]
###############################################################################################################################################

################################################################################################################################################
Starting Execution:	[117 out of 162] test cases in the current suite
Test Method:		[testPackage01.Test_NewValidationHelper.f32]
###############################################################################################################################################

################################################################################################################################################
Starting Execution:	[118 out of 162] test cases in the current suite
Test Method:		[testPackage01.Test_NewValidationHelper.f33]
###############################################################################################################################################

################################################################################################################################################
Starting Execution:	[119 out of 162] test cases in the current suite
Test Method:		[testPackage01.Test_NewValidationHelper.f34]
###############################################################################################################################################

################################################################################################################################################
Starting Execution:	[120 out of 162] test cases in the current suite
Test Method:		[testPackage01.Test_NewValidationHelper.f35]
###############################################################################################################################################

################################################################################################################################################
Starting Execution:	[121 out of 162] test cases in the current suite
Test Method:		[testPackage01.Test_NewValidationHelper.f36]
###############################################################################################################################################

################################################################################################################################################
Starting Execution:	[122 out of 162] test cases in the current suite
Test Method:		[testPackage01.Test_NewValidationHelper.f37]
###############################################################################################################################################

################################################################################################################################################
Starting Execution:	[123 out of 162] test cases in the current suite
Test Method:		[testPackage01.Test_NewValidationHelper.f3_1]
###############################################################################################################################################

################################################################################################################################################
Starting Execution:	[124 out of 162] test cases in the current suite
Test Method:		[testPackage01.Test_NewValidationHelper.f4]
###############################################################################################################################################

################################################################################################################################################
Starting Execution:	[125 out of 162] test cases in the current suite
Test Method:		[testPackage01.Test_NewValidationHelper.f5]
###############################################################################################################################################

################################################################################################################################################
Starting Execution:	[126 out of 162] test cases in the current suite
Test Method:		[testPackage01.Test_NewValidationHelper.f6]
###############################################################################################################################################

################################################################################################################################################
Starting Execution:	[127 out of 162] test cases in the current suite
Test Method:		[testPackage01.Test_NewValidationHelper.f6_1]
###############################################################################################################################################

################################################################################################################################################
Starting Execution:	[128 out of 162] test cases in the current suite
Test Method:		[testPackage01.Test_NewValidationHelper.f6_2]
###############################################################################################################################################

################################################################################################################################################
Starting Execution:	[129 out of 162] test cases in the current suite
Test Method:		[testPackage01.Test_NewValidationHelper.f7]
###############################################################################################################################################


################################################################################################################################################
Starting Execution:	[130 out of 162] test cases in the current suite
Test Method:		[testPackage01.Test_NewValidationHelper.f8]
###############################################################################################################################################



################################################################################################################################################
Starting Execution:	[131 out of 162] test cases in the current suite
Test Method:		[testPackage01.Test_NewValidationHelper.f9]
###############################################################################################################################################


################################################################################################################################################
Starting Execution:	[132 out of 162] test cases in the current suite
Test Method:		[testPackage01.Test_NewValidationHelper.forceFail]
###############################################################################################################################################

################################################################################################################################################
Starting Execution:	[133 out of 162] test cases in the current suite
Test Method:		[testPackage01.Test_NewValidationHelper.forceFail2]
###############################################################################################################################################

################################################################################################################################################
Starting Execution:	[134 out of 162] test cases in the current suite
Test Method:		[testPackage01.Test_JsonActions.f]
###############################################################################################################################################

################################################################################################################################################
Starting Execution:	[135 out of 162] test cases in the current suite
Test Method:		[testPackage01.Test_JsonActions.f2]
###############################################################################################################################################

################################################################################################################################################
Starting Execution:	[136 out of 162] test cases in the current suite
Test Method:		[testPackage01.Test_sendGraphqlRequest.sendGraphqlRequestUsingMutationAndVariables]
################################################################################################################################################
[ReportManager] GraphQl Request is being Performed with the Following Parameters [Service URL: https://api.spacex.land/graphql | Request Body: {"variables":"{\"name\": \"sherlock holmes\",\"rocket\": \"221B Baker Street\"}","query":"mutation ($name: String, $rocket: String) {\n  insert_users(objects: {name: $name, rocket: $rocket}) {\n    returning {\n      name\n      rocket\n    }\n  }\n}"}] @25-01-2022 13:16:44.0325 PM
[ReportManager] Response status code: [200], status line: [HTTP/1.1 200 OK] @25-01-2022 13:16:44.0546 PM
[ReportManager] Assertion Passed: Evaluating the actual response status code against the expected one... @25-01-2022 13:16:44.0547 PM
[ReportManager] Assertion [ValidateComparativeRelation] PASSED. Expected [200] and Actual [200]. Comparison Type [EQUALS]. Validation Type [POSITIVE]. @25-01-2022 13:16:44.0547 PM
[ReportManager] API Action [PerformRequest] successfully performed. With the following test data [Request Type: "POST" | Target Status Code: "200" | Service URL: "https://api.spacex.land/graphql" | Content Type: "application/json" | Response Time: "160ms"]. @25-01-2022 13:16:44.0576 PM
[ReportManager] Successfully created attachment [API Request - Specifications] @25-01-2022 13:16:44.0577 PM
[ReportManager] Successfully created attachment [API Request - JSON Body] @25-01-2022 13:16:44.0578 PM
[ReportManager] Successfully created attachment [API Response - JSON Body] @25-01-2022 13:16:44.0578 PM
[ReportManager] API Action [GetResponseJSONValue] successfully performed. With the following test data [data.insert_users.returning[0].name]. @25-01-2022 13:16:44.0620 PM
[ReportManager] Assertion [ValidateEquals] PASSED. Expected [sherlock holmes] and Actual [sherlock holmes]. Comparison Type [EQUALS]. Validation Type [POSITIVE]. @25-01-2022 13:16:44.0620 P

################################################################################################################################################
Starting Execution:	[137 out of 162] test cases in the current suite
Test Method:		[testPackage01.Test_sendGraphqlRequest.sendGraphqlRequestUsingQuery]
################################################################################################################################################
[ReportManager] GraphQl Request is being Performed with the Following Parameters [Service URL: https://api.spacex.land/graphql | Request Body: {"query":"{company {ceo}}"}] @25-01-2022 13:16:44.0624 PM
[ReportManager] Response status code: [200], status line: [HTTP/1.1 200 OK] @25-01-2022 13:16:44.0732 PM
[ReportManager] Assertion Passed: Evaluating the actual response status code against the expected one... @25-01-2022 13:16:44.0732 PM
[ReportManager] Assertion [ValidateComparativeRelation] PASSED. Expected [200] and Actual [200]. Comparison Type [EQUALS]. Validation Type [POSITIVE]. @25-01-2022 13:16:44.0732 PM
[ReportManager] API Action [PerformRequest] successfully performed. With the following test data [Request Type: "POST" | Target Status Code: "200" | Service URL: "https://api.spacex.land/graphql" | Content Type: "application/json" | Response Time: "104ms"]. @25-01-2022 13:16:44.0743 PM
[ReportManager] Successfully created attachment [API Request - Specifications] @25-01-2022 13:16:44.0744 PM
[ReportManager] Successfully created attachment [API Request - JSON Body] @25-01-2022 13:16:44.0745 PM
[ReportManager] Successfully created attachment [API Response - JSON Body] @25-01-2022 13:16:44.0745 PM
[ReportManager] API Action [GetResponseJSONValue] successfully performed. With the following test data [data.company.ceo]. @25-01-2022 13:16:44.0756 PM
[ReportManager] Assertion [ValidateEquals] PASSED. Expected [Elon Musk] and Actual [Elon Musk]. Comparison Type [EQUALS]. Validation Type [POSITIVE]. @25-01-2022 13:16:44.0757 P

################################################################################################################################################
Starting Execution:	[138 out of 162] test cases in the current suite
Test Method:		[testPackage01.Test_MatchJsonSchema.checkAPI_ResponseSchema]
################################################################################################################################################
[ReportManager] Response status code: [200], status line: [HTTP/1.1 200 OK] @25-01-2022 13:16:44.0897 PM
[ReportManager] Assertion Passed: Evaluating the actual response status code against the expected one... @25-01-2022 13:16:44.0898 PM
[ReportManager] Assertion [ValidateComparativeRelation] PASSED. Expected [200] and Actual [200]. Comparison Type [EQUALS]. Validation Type [POSITIVE]. @25-01-2022 13:16:44.0898 PM
[ReportManager] API Action [PerformRequest] successfully performed. With the following test data [Request Type: "GET" | Target Status Code: "200" | Service URL: "http://api.zippopotam.us/us/90210" | Content Type: "*/*" | Response Time: "131ms"]. @25-01-2022 13:16:44.0910 PM
[ReportManager] Successfully created attachment [API Request - Specifications] @25-01-2022 13:16:44.0910 PM
[ReportManager] Successfully created attachment [API Response - JSON Body] @25-01-2022 13:16:44.0911 PM
[ReportManager] File Action [GetAbsolutePath] successfully performed. With the following test data [Relative Folder Path: "src/test/resources/testDataFiles/schema.json"]. @25-01-2022 13:16:44.0912 PM
[ReportManager] File Action [GetAbsolutePath] successfully performed. With the following test data [Relative Folder Path: "/Users/runner/work/SHAFT_ENGINE/SHAFT_ENGINE/src/test/resources/testDataFiles/schema.json"]. @25-01-2022 13:16:45.0791 PM
[ReportManager] File Action [ReadFromFile] successfully performed. With the following test data [File Path: "/Users/runner/work/SHAFT_ENGINE/SHAFT_ENGINE/src/test/resources/testDataFiles/schema.json"]. @25-01-2022 13:16:45.0792 PM
[ReportManager] Assertion Passed: Then I Assert that the API response schema matches that in this file [src/test/resources/testDataFiles/schema.json]. @25-01-2022 13:16:45.0794 PM
[ReportManager] Successfully created attachment [Validation Test Data - Expected JSON Value] @25-01-2022 13:16:45.0794 PM
[ReportManager] Successfully created attachment [Validation Test Data - Actual JSON Value] @25-01-2022 13:16:45.0795 PM
[ReportManager] Assertion [ValidateResponseFileSchema] PASSED. Expected [Response data should match the JSON File in this path '/Users/runner/work/SHAFT_ENGINE/SHAFT_ENGINE/src/test/resources/testDataFiles/schema.json'] and Actual [TRUE]. Comparison Type [EQUALS]. Validation Type [POSITIVE]. @25-01-2022 13:16:45.0795 P
[ReportManager] File Action [GetAbsolutePath] successfully performed. With the following test data [Relative Folder Path: "target/downloadedFiles/"]. @25-01-2022 13:16:45.0798 PM
[ReportManager] Attempting to run locally on: [Mac-64], [Safari], Headless Execution. @25-01-2022 13:16:45.0798 PM
[ReportManager] Successfully Opened Safari. @25-01-2022 13:16:46.0666 PM
[ReportManager] Initial window size: (800, 600) @25-01-2022 13:16:46.0703 PM
[ReportManager] Window size after SWD Maximize: (1176, 803) @25-01-2022 13:16:46.0815 PM
[ReportManager] Browser Action [MaximizeWindow] successfully performed. With the following test data [New screen size is now: (1176, 803)]. @25-01-2022 13:16:46.0816 P

################################################################################################################################################
Starting Execution:	[139 out of 162] test cases in the current suite
Test Method:		[testPackage01.Test_dragAndDrop.dragAndDropJquery]
################################################################################################################################################
[ReportManager] Target URL: [https://jqueryui.com/resources/demos/droppable/default.html] @25-01-2022 13:16:46.0819 PM
[ReportManager] Initial URL: [] @25-01-2022 13:16:46.0921 PM
[ReportManager] Browser Action [NavigateToURL] successfully performed. With the following test data [https://jqueryui.com/resources/demos/droppable/default.html]. @25-01-2022 13:16:47.0266 PM
[ReportManager] Element Action [GetText] successfully performed. With the following test data [
	Drop here
]. @25-01-2022 13:16:47.0352 PM
[ReportManager] Element Action [DragAndDrop] successfully performed. With the following test data [Start point: (8, 18), End point: (8, 18)]. @25-01-2022 13:16:48.0474 PM
[ReportManager] Element Action [GetText] successfully performed. With the following test data [
	Dropped!
]. @25-01-2022 13:16:48.0522 PM
[ReportManager] Assertion Passed: Checking to see if the text has changed after performing drag and drop @25-01-2022 13:16:48.0523 PM
[ReportManager] Assertion [ValidateEquals] PASSED. Expected [
	Drop here
] and Actual [
	Dropped!
]. Comparison Type [EQUALS]. Validation Type [NEGATIVE]. @25-01-2022 13:16:48.0523 P
[ReportManager] Browser Action [CloseCurrentWindow] successfully performed. @25-01-2022 13:16:48.0860 PM
[ReportManager] Successfully created attachment [Browser Action Test Data - CloseCurrentWindow - Actual Value] @25-01-2022 13:16:48.0861 P
[ReportManager] File Action [GetAbsolutePath] successfully performed. With the following test data [Relative Folder Path: "target/downloadedFiles/"]. @25-01-2022 13:16:48.0863 PM
[ReportManager] Attempting to run locally on: [Mac-64], [Safari], Headless Execution. @25-01-2022 13:16:48.0863 PM
[ReportManager] Successfully Opened Safari. @25-01-2022 13:16:49.0689 PM
[ReportManager] Initial window size: (800, 600) @25-01-2022 13:16:49.0720 PM
[ReportManager] Window size after SWD Maximize: (1176, 803) @25-01-2022 13:16:49.0735 PM
[ReportManager] Browser Action [MaximizeWindow] successfully performed. With the following test data [New screen size is now: (1176, 803)]. @25-01-2022 13:16:49.0735 P

################################################################################################################################################
Starting Execution:	[140 out of 162] test cases in the current suite
Test Method:		[testPackage01.Test_dragAndDrop.dragAndDrop]
Test Description:	[TC001 - Test Drag and Drop function.]
################################################################################################################################################
[ReportManager] Target URL: [http://the-internet.herokuapp.com/drag_and_drop] @25-01-2022 13:16:49.0738 PM
[ReportManager] Initial URL: [] @25-01-2022 13:16:49.0800 PM
[ReportManager] Browser Action [NavigateToURL] successfully performed. With the following test data [http://the-internet.herokuapp.com/drag_and_drop]. @25-01-2022 13:16:50.0292 PM
[ReportManager] Attempting Drag and Drop @25-01-2022 13:16:50.0292 PM
[ReportManager] Element Action [DragAndDrop] successfully performed. With the following test data [Start point: (120, 89), End point: (335, 89)]. @25-01-2022 13:16:51.0002 P
[ReportManager] Browser Action [CloseCurrentWindow] successfully performed. @25-01-2022 13:16:51.0241 PM
[ReportManager] Successfully created attachment [Browser Action Test Data - CloseCurrentWindow - Actual Value] @25-01-2022 13:16:51.0241 P
[ReportManager] File Action [GetAbsolutePath] successfully performed. With the following test data [Relative Folder Path: "target/downloadedFiles/"]. @25-01-2022 13:16:51.0244 PM
[ReportManager] Attempting to run locally on: [Mac-64], [Safari], Headless Execution. @25-01-2022 13:16:51.0244 PM
[ReportManager] An Exception Occured with this Message: Could not start a new session. Possible causes are invalid address of the remote server or browser start-up failure.. @25-01-2022 13:16:51.0250 PM
[ReportManager] Successfully created attachment [Exception Stack Trace - org.openqa.selenium.SessionNotCreatedException] @25-01-2022 13:16:51.0250 PM
[ReportManager] Driver Factory Action [createNewLocalDriverInstanceForSafari] failed. With the following test data [Failed to create a session on DESKTOP_SAFARI]. @25-01-2022 13:16:51.0250 P

################################################################################################################################################
Starting Execution:	[141 out of 162] test cases in the current suite
Test Method:		[testPackage01.Test_dragAndDrop.dragAndDropByOffset]
Test Description:	[TC002 - Test Drag and Drop by offset function.]
###############################################################################################################################################

[ReportManager] Successfully loaded the following test data file [src/test/resources/testDataFiles/testSuite01/TestData.xlsx]. @25-01-2022 13:16:51.0305 PM
[ReportManager] Successfully created attachment [Test Data - Excel] @25-01-2022 13:16:51.0306 PM
[ReportManager] File Action [GetAbsolutePath] successfully performed. With the following test data [Relative Folder Path: "target/downloadedFiles/"]. @25-01-2022 13:16:51.0306 PM
[ReportManager] Attempting to run locally on: [Mac-64], [Safari], Headless Execution. @25-01-2022 13:16:51.0306 PM
[ReportManager] An Exception Occured with this Message: Could not start a new session. Possible causes are invalid address of the remote server or browser start-up failure.. @25-01-2022 13:16:51.0770 PM
[ReportManager] Successfully created attachment [Exception Stack Trace - org.openqa.selenium.SessionNotCreatedException] @25-01-2022 13:16:51.0771 PM
[ReportManager] Driver Factory Action [createNewLocalDriverInstanceForSafari] failed. With the following test data [Failed to create a session on DESKTOP_SAFARI]. @25-01-2022 13:16:51.0771 P

################################################################################################################################################
Starting Execution:	[142 out of 162] test cases in the current suite
Test Method:		[testPackage01.Test_google.navigateToURLandVerifyGoogleLogoIsDisplayed]
Test Description:	[TC001 - Navigate to URL and Verify Google Logo is Displayed]
###############################################################################################################################################

################################################################################################################################################
Starting Execution:	[143 out of 162] test cases in the current suite
Test Method:		[testPackage01.Test_google.searchForQueryandAssertResultsNumDisplayed]
Test Description:	[TC002 - Search for Query and Assert that the number of results is displayed]
###############################################################################################################################################

################################################################################################################################################
Starting Execution:	[144 out of 162] test cases in the current suite
Test Method:		[testPackage01.Test_google.clickNextThrice]
Test Description:	[TC003 - Clicks the next button to make sure that the framework can scroll element into view before clicking it]
###############################################################################################################################################

[ReportManager] File Action [GetAbsolutePath] successfully performed. With the following test data [Relative Folder Path: "target/downloadedFiles/"]. @25-01-2022 13:16:51.0785 PM
[ReportManager] Attempting to run locally on: [Mac-64], [Safari], Headless Execution. @25-01-2022 13:16:51.0785 PM
[ReportManager] Successfully Opened Safari. @25-01-2022 13:16:52.0736 PM
[ReportManager] Initial window size: (800, 600) @25-01-2022 13:16:52.0780 PM
[ReportManager] Window size after SWD Maximize: (1176, 803) @25-01-2022 13:16:52.0862 PM
[ReportManager] Browser Action [MaximizeWindow] successfully performed. With the following test data [New screen size is now: (1176, 803)]. @25-01-2022 13:16:52.0862 P

################################################################################################################################################
Starting Execution:	[145 out of 162] test cases in the current suite
Test Method:		[testPackage01.Test_chainableElementActions.chainElementActions]
################################################################################################################################################
[ReportManager] Target URL: [https://www.google.com/ncr], and after redirection: [https://www.google.com] @25-01-2022 13:16:52.0866 PM
[ReportManager] Initial URL: [] @25-01-2022 13:16:52.0909 PM
[ReportManager] Browser Action [NavigateToURL] successfully performed. With the following test data [https://www.google.com/ncr]. @25-01-2022 13:16:54.0486 PM
[ReportManager] Element Action [Type] successfully performed. With the following test data [chained type 1]. @25-01-2022 13:16:54.0837 PM
[ReportManager] Element Action [Type] successfully performed. With the following test data [chained type 2]. @25-01-2022 13:16:55.0127 PM
[ReportManager] Element Action [TypeAppend] successfully performed. With the following test data [345]. @25-01-2022 13:16:55.0261 PM
[ReportManager] Element Action [GetText] successfully performed. With the following test data [chained type 2345]. @25-01-2022 13:16:55.0358 PM
[ReportManager] Assertion Passed: Then I Assert that the element found by [By.name: q] text is equal to [chained type 2345]. @25-01-2022 13:16:55.0670 PM
[ReportManager] Successfully created attachment [Screenshot - 1643116615558_chainElementActions_ValidateElementAttribute_passed] @25-01-2022 13:16:55.0671 PM
[ReportManager] Assertion [ValidateElementAttribute] PASSED. Expected [Value Should be 'chained type 2345' for the 'text' attribute, element locator 'By.name: q'] and Actual [chained type 2345]. Comparison Type [EQUALS]. Validation Type [POSITIVE]. @25-01-2022 13:16:55.0671 P
[ReportManager] Successfully Closed All Drivers. @25-01-2022 13:16:55.0950 P
[ReportManager] File Action [GetAbsolutePath] successfully performed. With the following test data [Relative Folder Path: "target/downloadedFiles/"]. @25-01-2022 13:16:55.0952 PM
[ReportManager] Attempting to run locally on: [Mac-64], [Safari], Headless Execution. @25-01-2022 13:16:55.0952 PM
[ReportManager] Successfully Opened Safari. @25-01-2022 13:16:56.0861 PM
[ReportManager] Initial window size: (800, 600) @25-01-2022 13:16:56.0889 PM
[ReportManager] Window size after SWD Maximize: (1176, 803) @25-01-2022 13:16:56.0905 PM
[ReportManager] Browser Action [MaximizeWindow] successfully performed. With the following test data [New screen size is now: (1176, 803)]. @25-01-2022 13:16:56.0906 P

################################################################################################################################################
Starting Execution:	[146 out of 162] test cases in the current suite
Test Method:		[testPackage01.Test_RelativeLocators.relativeLocatorsTest1]
################################################################################################################################################
[ReportManager] Target URL: [https://duckduckgo.com/] @25-01-2022 13:16:56.0914 PM
[ReportManager] Initial URL: [] @25-01-2022 13:16:56.0959 PM
[ReportManager] Browser Action [NavigateToURL] successfully performed. With the following test data [https://duckduckgo.com/]. @25-01-2022 13:16:57.0804 PM
[ReportManager] Element Action [Type] successfully performed. With the following test data [SHAFT_Engine]. @25-01-2022 13:16:58.0204 PM
[ReportManager] Element Action [KeyPress] successfully performed. With the following test data [ENTER]. @25-01-2022 13:16:58.0273 PM
[ReportManager] Element Action [GetText] successfully performed. With the following test data [GitHub - MohabMohie/SHAFT_ENGINE: SHAFT_ENGINE is a Test ...]. @25-01-2022 13:16:59.0740 PM
[ReportManager] Assertion Passed: Then I Assert that the element found by [Relative Locator: {root={xpath=//a[@class='result__a js-result-title-link']}, filters=[{kind=below, args=[{xpath=//input[@name='q']}]}]}] text does not equal []. @25-01-2022 13:17:00.0031 PM
[ReportManager] Successfully created attachment [Screenshot - 1643116619930_relativeLocatorsTest1_ValidateElementAttribute_passed] @25-01-2022 13:17:00.0035 PM
[ReportManager] Assertion [ValidateElementAttribute] PASSED. Expected [Value Should not be '' for the 'text' attribute, element locator '[unknown locator]'] and Actual [GitHub - MohabMohie/SHAFT_ENGINE: SHAFT_ENGINE is a Test ...]. Comparison Type [EQUALS]. Validation Type [NEGATIVE]. @25-01-2022 13:17:00.0035 P
[ReportManager] Browser Action [CloseCurrentWindow] successfully performed. @25-01-2022 13:17:00.0477 PM
[ReportManager] Successfully created attachment [Browser Action Test Data - CloseCurrentWindow - Actual Value] @25-01-2022 13:17:00.0478 P

################################################################################################################################################
Starting Execution:	[147 out of 162] test cases in the current suite
Test Method:		[testPackage01.Test_JsonCompareWithSpecialCharacters.specialCharacters]
################################################################################################################################################
[ReportManager] File Action [GetAbsolutePath] successfully performed. With the following test data [Relative Folder Path: "src/test/resources/testDataFiles/specialCharacters.json"]. @25-01-2022 13:17:00.0485 PM
[ReportManager] File Action [ReadFromFile] successfully performed. With the following test data [File Path: "/Users/runner/work/SHAFT_ENGINE/SHAFT_ENGINE/src/test/resources/testDataFiles/specialCharacters.json"]. @25-01-2022 13:17:00.0486 PM
[ReportManager] Successfully created attachment [File Action Actual Result - Command Log] @25-01-2022 13:17:00.0487 PM
[ReportManager] Comparing the provided API response with the file at this path "src/test/resources/testDataFiles/specialCharacters.json", comparison type "EQUALS" @25-01-2022 13:17:00.0489 PM
[ReportManager] API Action [CompareJSON] successfully performed. With the following test data [src/test/resources/testDataFiles/specialCharacters.json]. @25-01-2022 13:17:00.0499 PM
[ReportManager] File Action [GetAbsolutePath] successfully performed. With the following test data [Relative Folder Path: "src/test/resources/testDataFiles/specialCharacters.json"]. @25-01-2022 13:17:00.0499 PM
[ReportManager] File Action [ReadFromFile] successfully performed. With the following test data [File Path: "/Users/runner/work/SHAFT_ENGINE/SHAFT_ENGINE/src/test/resources/testDataFiles/specialCharacters.json"]. @25-01-2022 13:17:00.0500 PM
[ReportManager] Verification [ValidateJSONFileContent] PASSED. Expected [Response data should match the JSON File in this path 'src/test/resources/testDataFiles/specialCharacters.json'] and Actual [TRUE]. Comparison Type [EQUALS]. Validation Type [POSITIVE]. @25-01-2022 13:17:00.0504 PM
[ReportManager] Successfully created attachment [Validation Test Data - Expected JSON Value] @25-01-2022 13:17:00.0505 PM
[ReportManager] Successfully created attachment [Validation Test Data - Actual JSON Value] @25-01-2022 13:17:00.0506 P

################################################################################################################################################
Starting Execution:	[148 out of 162] test cases in the current suite
Test Method:		[testPackage01.Test_JsonCompareWithSpecialCharacters.specialCharacters_assertion]
################################################################################################################################################
[ReportManager] File Action [GetAbsolutePath] successfully performed. With the following test data [Relative Folder Path: "src/test/resources/testDataFiles/specialCharacters.json"]. @25-01-2022 13:17:00.0512 PM
[ReportManager] File Action [ReadFromFile] successfully performed. With the following test data [File Path: "/Users/runner/work/SHAFT_ENGINE/SHAFT_ENGINE/src/test/resources/testDataFiles/specialCharacters.json"]. @25-01-2022 13:17:00.0513 PM
[ReportManager] Successfully created attachment [File Action Actual Result - Command Log] @25-01-2022 13:17:00.0514 PM
[ReportManager] Comparing the provided API response with the file at this path "src/test/resources/testDataFiles/specialCharacters.json", comparison type "CONTAINS" @25-01-2022 13:17:00.0514 PM
[ReportManager] API Action [CompareJSON] successfully performed. With the following test data [src/test/resources/testDataFiles/specialCharacters.json]. @25-01-2022 13:17:00.0533 PM
[ReportManager] File Action [GetAbsolutePath] successfully performed. With the following test data [Relative Folder Path: "src/test/resources/testDataFiles/specialCharacters.json"]. @25-01-2022 13:17:00.0533 PM
[ReportManager] File Action [ReadFromFile] successfully performed. With the following test data [File Path: "/Users/runner/work/SHAFT_ENGINE/SHAFT_ENGINE/src/test/resources/testDataFiles/specialCharacters.json"]. @25-01-2022 13:17:00.0533 PM
[ReportManager] Assertion Passed: trying out the log message @25-01-2022 13:17:00.0538 PM
[ReportManager] Successfully created attachment [Validation Test Data - Expected JSON Value] @25-01-2022 13:17:00.0539 PM
[ReportManager] Successfully created attachment [Validation Test Data - Actual JSON Value] @25-01-2022 13:17:00.0540 PM
[ReportManager] Assertion [ValidateJSONFileContent] PASSED. Expected [Response data should match the JSON File in this path 'src/test/resources/testDataFiles/specialCharacters.json'] and Actual [TRUE]. Comparison Type [CONTAINS]. Validation Type [POSITIVE]. @25-01-2022 13:17:00.0540 P

################################################################################################################################################
Starting Execution:	[149 out of 162] test cases in the current suite
Test Method:		[testPackage01.Test_SkipDueToIssue.doNotSkip]
################################################################################################################################################
[ReportManager] This should not be skipped. @25-01-2022 13:17:00.0543 P

################################################################################################################################################
Starting Execution:	[150 out of 162] test cases in the current suite
Test Method:		[testPackage01.Test_SkipDueToIssue.skip]
################################################################################################################################################
[ReportManager] This should be skipped. @25-01-2022 13:17:00.0550 P

################################################################################################################################################
Starting Execution:	[151 out of 162] test cases in the current suite
Test Method:		[testPackage01.Test_SkipDueToIssue.skip2]
################################################################################################################################################
[ReportManager] This should be skipped. @25-01-2022 13:17:00.0557 P

################################################################################################################################################
Starting Execution:	[152 out of 162] test cases in the current suite
Test Method:		[testPackage01.Test_JSONFileManager.readStringFromJson]
################################################################################################################################################
[ReportManager] File Action [GetAbsolutePath] successfully performed. With the following test data [Relative Folder Path: "src/test/resources/testDataFiles/simpleJSON.json"]. @25-01-2022 13:17:00.0565 PM
[ReportManager] Successfully loaded the following test data file [src/test/resources/testDataFiles/simpleJSON.json]. @25-01-2022 13:17:00.0565 PM
[ReportManager] Successfully created attachment [Test Data - JSON] @25-01-2022 13:17:00.0566 PM
[ReportManager] File Action [GetAbsolutePath] successfully performed. With the following test data [Relative Folder Path: "src/test/resources/testDataFiles/simpleJSON.json"]. @25-01-2022 13:17:00.0567 PM
[ReportManager] Assertion [ValidateEquals] PASSED. Expected [Mohab Mohie] and Actual [Mohab Mohie]. Comparison Type [EQUALS]. Validation Type [POSITIVE]. @25-01-2022 13:17:00.0582 P
[ReportManager] File Action [GetAbsolutePath] successfully performed. With the following test data [Relative Folder Path: "target/downloadedFiles/"]. @25-01-2022 13:17:00.0585 PM
[ReportManager] Attempting to run locally on: [Mac-64], [Safari], Headless Execution. @25-01-2022 13:17:00.0585 PM
[ReportManager] Successfully Opened Safari. @25-01-2022 13:17:01.0571 PM
[ReportManager] Initial window size: (800, 600) @25-01-2022 13:17:01.0596 PM
[ReportManager] Window size after SWD Maximize: (1176, 803) @25-01-2022 13:17:01.0630 PM
[ReportManager] Browser Action [MaximizeWindow] successfully performed. With the following test data [New screen size is now: (1176, 803)]. @25-01-2022 13:17:01.0630 P

################################################################################################################################################
Starting Execution:	[153 out of 162] test cases in the current suite
Test Method:		[testPackage01.Test_assertEquals.test_assertElementAttribute]
################################################################################################################################################
[ReportManager] Target URL: [https://www.google.com/ncr], and after redirection: [https://www.google.com] @25-01-2022 13:17:01.0632 PM
[ReportManager] Initial URL: [] @25-01-2022 13:17:01.0681 PM
[ReportManager] Browser Action [NavigateToURL] successfully performed. With the following test data [https://www.google.com/ncr]. @25-01-2022 13:17:02.0844 PM
[ReportManager] Element Action [Type] successfully performed. With the following test data [INC_004010050:Another SCHEDULER with the same name [Duplicate Job Name] already exists.]. @25-01-2022 13:17:05.0105 PM
[ReportManager] Element Action [GetText] successfully performed. With the following test data [INC_004010050:Another SCHEDULER with the same name [Duplicate Job Name] already exists.]. @25-01-2022 13:17:05.0285 PM
[ReportManager] Assertion [ValidateElementAttribute] PASSED. Expected [Value Should be 'INC_004010050:Another SCHEDULER with the same name \[Duplicate Job Name\] already exists.' for the 'text' attribute, element locator 'By.name: q'] and Actual [INC_004010050:Another SCHEDULER with the same name [Duplicate Job Name] already exists.]. Comparison Type [MATCHES]. Validation Type [POSITIVE]. @25-01-2022 13:17:05.0462 PM
[ReportManager] Successfully created attachment [Screenshot - 1643116625395_test_assertElementAttribute_ValidateElementAttribute_passed] @25-01-2022 13:17:05.0463 P
[ReportManager] Browser Action [CloseCurrentWindow] successfully performed. @25-01-2022 13:17:05.0904 PM
[ReportManager] Successfully created attachment [Browser Action Test Data - CloseCurrentWindow - Actual Value] @25-01-2022 13:17:05.0905 P
[ReportManager] File Action [GetAbsolutePath] successfully performed. With the following test data [Relative Folder Path: "target/downloadedFiles/"]. @25-01-2022 13:17:05.0906 PM
[ReportManager] Attempting to run locally on: [Mac-64], [Safari], Headless Execution. @25-01-2022 13:17:05.0907 PM
[ReportManager] Successfully Opened Safari. @25-01-2022 13:17:06.0791 PM
[ReportManager] Initial window size: (800, 600) @25-01-2022 13:17:06.0826 PM
[ReportManager] Window size after SWD Maximize: (1176, 803) @25-01-2022 13:17:06.0844 PM
[ReportManager] Browser Action [MaximizeWindow] successfully performed. With the following test data [New screen size is now: (1176, 803)]. @25-01-2022 13:17:06.0844 P

################################################################################################################################################
Starting Execution:	[154 out of 162] test cases in the current suite
Test Method:		[testPackage01.Test_IsElementClickable.testIsElementClickable]
################################################################################################################################################
[ReportManager] Target URL: [https://the-internet.herokuapp.com/] @25-01-2022 13:17:06.0849 PM
[ReportManager] Initial URL: [] @25-01-2022 13:17:06.0901 PM
[ReportManager] Browser Action [NavigateToURL] successfully performed. With the following test data [https://the-internet.herokuapp.com/]. @25-01-2022 13:17:07.0580 PM
[ReportManager] Element Action [IsElementClickable] successfully performed. @25-01-2022 13:17:07.0662 PM
[ReportManager] Assertion [ValidateTrue] PASSED. Expected [TRUE] and Actual [TRUE]. Validation Type [POSITIVE]. @25-01-2022 13:17:07.0662 P
[ReportManager] Browser Action [CloseCurrentWindow] successfully performed. @25-01-2022 13:17:08.0049 PM
[ReportManager] Successfully created attachment [Browser Action Test Data - CloseCurrentWindow - Actual Value] @25-01-2022 13:17:08.0049 P
[ReportManager] Successfully loaded the following test data file [src/test/resources/testDataFiles/testSuite01/TestData.xlsx]. @25-01-2022 13:17:08.0082 PM
[ReportManager] Successfully created attachment [Test Data - Excel] @25-01-2022 13:17:08.0083 PM
[ReportManager] Attempting to run using Playwright locally on: [Mac-64], [Safari], Headless Execution. @25-01-2022 13:17:31.0423 PM
[ReportManager] File Action [GetAbsolutePath] successfully performed. With the following test data [Relative Folder Path: "target/downloadedFiles/"]. @25-01-2022 13:17:31.0427 PM
[ReportManager] Initial window size: (1280, 720) @25-01-2022 13:17:36.0528 PM
[ReportManager] Window size after Toolkit: com.microsoft.playwright.options.ViewportSize@c4c528b @25-01-2022 13:17:36.0537 PM
[ReportManager] Browser Action [MaximizeWindow] successfully performed. With the following test data [New screen size is now: (1920, 1080)]. @25-01-2022 13:17:36.0537 P

################################################################################################################################################
Starting Execution:	[155 out of 162] test cases in the current suite
Test Method:		[testPackage01.Test_google_playwright.navigateToURLandVerifyGoogleLogoIsDisplayed]
Test Description:	[TC001 - Navigate to URL and Verify Google Logo is Displayed]
################################################################################################################################################
[ReportManager] Target URL: [https://www.google.com/ncr], and after redirection: [https://www.google.com] @25-01-2022 13:17:36.0720 PM
[ReportManager] Initial URL: [about:blank] @25-01-2022 13:17:37.0124 PM
[ReportManager] Browser Action [NavigateToURL] successfully performed. With the following test data [https://www.google.com/ncr]. @25-01-2022 13:17:39.0249 PM
[ReportManager] Assertion [ValidateElementExists] PASSED. Expected [Element Should Exist, locator 'xpath=//*[@id='hplogo' or @alt='Google']'] and Actual [Element Exists]. Comparison Type [EQUALS]. Validation Type [POSITIVE]. @25-01-2022 13:17:39.0514 PM
[ReportManager] Successfully created attachment [Screenshot - 1643116659397_navigateToURLandVerifyGoogleLogoIsDisplayed_ValidateElementExists_passed] @25-01-2022 13:17:39.0515 P

################################################################################################################################################
Starting Execution:	[156 out of 162] test cases in the current suite
Test Method:		[testPackage01.Test_google_playwright.searchForQueryandAssertResultsNumDisplayed]
Test Description:	[TC002 - Search for Query and Assert that the number of results is displayed]
################################################################################################################################################
[ReportManager] Element Action [Type] successfully performed. With the following test data [SHAFT_Engine]. @25-01-2022 13:17:39.0725 PM
[ReportManager] Element Action [KeyPress] successfully performed. With the following test data [Enter]. @25-01-2022 13:17:39.0853 PM
[ReportManager] Element Action [GetText] successfully performed. With the following test data [About 707,000 results (0.69 seconds)Â 
]. @25-01-2022 13:17:40.0814 PM
[ReportManager] Assertion [ValidateElementAttribute] PASSED. Expected [Value Should not be '' for the 'text' attribute, element locator 'xpath=//div[@id='appbar']'] and Actual [About 707,000 results (0.69 seconds)Â 
]. Comparison Type [EQUALS]. Validation Type [NEGATIVE]. @25-01-2022 13:17:42.0769 PM
[ReportManager] Successfully created attachment [Screenshot - 1643116662621_searchForQueryandAssertResultsNumDisplayed_ValidateElementAttribute_passed] @25-01-2022 13:17:42.0771 P

################################################################################################################################################
Starting Execution:	[157 out of 162] test cases in the current suite
Test Method:		[testPackage01.Test_google_playwright.clickNextThrice]
Test Description:	[TC003 - Clicks the next button to make sure that the framework can scroll element into view before clicking it]
################################################################################################################################################
[ReportManager] Element Action [Click] successfully performed. With the following test data [Next]. @25-01-2022 13:17:43.0081 P
[ReportManager] Failed to find video recording. @25-01-2022 13:17:43.0083 PM
[ReportManager] Successfully Closed PlayWright Driver. @25-01-2022 13:17:43.0126 P
[ReportManager] File Action [GetAbsolutePath] successfully performed. With the following test data [Relative Folder Path: "target/downloadedFiles/"]. @25-01-2022 13:17:43.0128 PM
[ReportManager] Attempting to run locally on: [Mac-64], [Safari], Headless Execution. @25-01-2022 13:17:43.0128 PM
[ReportManager] An Exception Occured with this Message: Could not start a new session. Possible causes are invalid address of the remote server or browser start-up failure.. @25-01-2022 13:17:43.0374 PM
[ReportManager] Successfully created attachment [Exception Stack Trace - org.openqa.selenium.SessionNotCreatedException] @25-01-2022 13:17:43.0416 PM
[ReportManager] Driver Factory Action [createNewLocalDriverInstanceForSafari] failed. With the following test data [Failed to create a session on DESKTOP_SAFARI]. @25-01-2022 13:17:43.0416 P

################################################################################################################################################
Starting Execution:	[158 out of 162] test cases in the current suite
Test Method:		[testPackage01.Test_verifyEquals.test_assertElementAttribute]
###############################################################################################################################################


################################################################################################################################################
Starting Execution:	[159 out of 162] test cases in the current suite
Test Method:		[testPackage01.Test_SelectedValue.multipleSelect]
################################################################################################################################################
[ReportManager] File Action [GetAbsolutePath] successfully performed. With the following test data [Relative Folder Path: "target/downloadedFiles/"]. @25-01-2022 13:17:43.0713 PM
[ReportManager] Attempting to run locally on: [Mac-64], [GoogleChrome], Headless Execution. @25-01-2022 13:17:43.0714 PM
[ReportManager] Identifying OS/Driver combination and selecting the correct driver version automatically. Please note that if a new driver executable will be downloaded it may take some time... @25-01-2022 13:17:43.0714 PM
[ReportManager] Successfully Opened Google Chrome. @25-01-2022 13:17:47.0438 PM
[ReportManager] Initial window size: (1920, 1080) @25-01-2022 13:17:47.0443 PM
[ReportManager] Window size after SWD Maximize: (1920, 1080) @25-01-2022 13:17:47.0643 PM
[ReportManager] Window size after Toolkit: (1920, 1080) @25-01-2022 13:17:48.0219 PM
[ReportManager] Browser Action [MaximizeWindow] successfully performed. With the following test data [New screen size is now: (1920, 1080)]. @25-01-2022 13:17:48.0223 PM
[ReportManager] Target URL: [https://yari-demos.prod.mdn.mozit.cloud/en-US/docs/Web/HTML/Element/select/_sample_.Advanced_select_with_multiple_features.html] @25-01-2022 13:17:48.0224 PM
[ReportManager] Initial URL: [data:,] @25-01-2022 13:17:48.0261 PM
[ReportManager] Browser Action [NavigateToURL] successfully performed. With the following test data [https://yari-demos.prod.mdn.mozit.cloud/en-US/docs/Web/HTML/Element/select/_sample_.Advanced_select_with_multiple_features.html]. @25-01-2022 13:17:48.0600 PM
[ReportManager] Element Action [Select] successfully performed. With the following test data [Dog]. @25-01-2022 13:17:48.0814 PM
[ReportManager] Element Action [Select] successfully performed. With the following test data [Cat]. @25-01-2022 13:17:49.0003 PM
[ReportManager] Element Action [GetSelectedText] successfully performed. With the following test data [DogCat]. @25-01-2022 13:17:49.0111 PM
[ReportManager] DogCat @25-01-2022 13:17:49.0112 PM
[ReportManager] Element Action [GetSelectedText] successfully performed. With the following test data [DogCat]. @25-01-2022 13:17:49.0205 PM
[ReportManager] Assertion [ValidateElementAttribute] PASSED. Expected [Value Should be 'DogCat' for the 'selectedText' attribute, element locator 'By.tagName: select'] and Actual [DogCat]. Comparison Type [EQUALS]. Validation Type [POSITIVE]. @25-01-2022 13:17:49.0903 PM
[ReportManager] Successfully created attachment [Screenshot - 1643116669726_multipleSelect_ValidateElementAttribute_passed] @25-01-2022 13:17:49.0903 PM
[ReportManager] Browser Action [CloseCurrentWindow] successfully performed. @25-01-2022 13:17:50.0114 PM
[ReportManager] Successfully created attachment [Browser Action Test Data - CloseCurrentWindow - Actual Value] @25-01-2022 13:17:50.0115 P

################################################################################################################################################
Starting Execution:	[160 out of 162] test cases in the current suite
Test Method:		[testPackage01.Test_SelectedValue.simpleSelect]
################################################################################################################################################
[ReportManager] File Action [GetAbsolutePath] successfully performed. With the following test data [Relative Folder Path: "target/downloadedFiles/"]. @25-01-2022 13:17:50.0125 PM
[ReportManager] Attempting to run locally on: [Mac-64], [GoogleChrome], Headless Execution. @25-01-2022 13:17:50.0125 PM
[ReportManager] Identifying OS/Driver combination and selecting the correct driver version automatically. Please note that if a new driver executable will be downloaded it may take some time... @25-01-2022 13:17:50.0125 PM
[ReportManager] Successfully Opened Google Chrome. @25-01-2022 13:17:50.0802 PM
[ReportManager] Initial window size: (1920, 1080) @25-01-2022 13:17:50.0813 PM
[ReportManager] Window size after SWD Maximize: (1920, 1080) @25-01-2022 13:17:51.0024 PM
[ReportManager] Window size after Toolkit: (1920, 1080) @25-01-2022 13:17:51.0487 PM
[ReportManager] Browser Action [MaximizeWindow] successfully performed. With the following test data [New screen size is now: (1920, 1080)]. @25-01-2022 13:17:51.0490 PM
[ReportManager] Target URL: [https://yari-demos.prod.mdn.mozit.cloud/en-US/docs/Web/HTML/Element/select/_sample_.Basic_select.html] @25-01-2022 13:17:51.0490 PM
[ReportManager] Initial URL: [data:,] @25-01-2022 13:17:51.0521 PM
[ReportManager] Browser Action [NavigateToURL] successfully performed. With the following test data [https://yari-demos.prod.mdn.mozit.cloud/en-US/docs/Web/HTML/Element/select/_sample_.Basic_select.html]. @25-01-2022 13:17:51.0772 PM
[ReportManager] Element Action [Select] successfully performed. With the following test data [Third Value]. @25-01-2022 13:17:52.0094 PM
[ReportManager] Element Action [GetSelectedText] successfully performed. With the following test data [Third Value]. @25-01-2022 13:17:52.0178 PM
[ReportManager] Third Value @25-01-2022 13:17:52.0178 PM
[ReportManager] Element Action [GetSelectedText] successfully performed. With the following test data [Third Value]. @25-01-2022 13:17:52.0261 PM
[ReportManager] Assertion [ValidateElementAttribute] PASSED. Expected [Value Should be 'Third Value' for the 'selectedText' attribute, element locator 'By.tagName: select'] and Actual [Third Value]. Comparison Type [EQUALS]. Validation Type [POSITIVE]. @25-01-2022 13:17:52.0731 PM
[ReportManager] Successfully created attachment [Screenshot - 1643116672598_simpleSelect_ValidateElementAttribute_passed] @25-01-2022 13:17:52.0732 PM
[ReportManager] Browser Action [CloseCurrentWindow] successfully performed. @25-01-2022 13:17:52.0989 PM
[ReportManager] Successfully created attachment [Browser Action Test Data - CloseCurrentWindow - Actual Value] @25-01-2022 13:17:52.0990 P
[ReportManager] File Action [GetAbsolutePath] successfully performed. With the following test data [Relative Folder Path: "target/downloadedFiles/"]. @25-01-2022 13:17:52.0992 PM
[ReportManager] Attempting to run locally on: [Mac-64], [Safari], Headless Execution. @25-01-2022 13:17:52.0993 PM
[ReportManager] Successfully Opened Safari. @25-01-2022 13:17:53.0906 PM
[ReportManager] Initial window size: (800, 600) @25-01-2022 13:17:53.0944 PM
[ReportManager] Window size after SWD Maximize: (1176, 803) @25-01-2022 13:17:54.0004 PM
[ReportManager] Browser Action [MaximizeWindow] successfully performed. With the following test data [New screen size is now: (1176, 803)]. @25-01-2022 13:17:54.0005 P

################################################################################################################################################
Starting Execution:	[161 out of 162] test cases in the current suite
Test Method:		[testPackage01.Test_dynamicLoading.dynamicLoading_elementIsHidden]
################################################################################################################################################
[ReportManager] Target URL: [https://the-internet.herokuapp.com/dynamic_loading/1] @25-01-2022 13:17:54.0007 PM
[ReportManager] Initial URL: [] @25-01-2022 13:17:54.0049 PM
[ReportManager] Browser Action [NavigateToURL] successfully performed. With the following test data [https://the-internet.herokuapp.com/dynamic_loading/1]. @25-01-2022 13:17:54.0555 PM
[ReportManager] Element Action [Click] successfully performed. With the following test data [By.xpath: //button[text()='Start']]. @25-01-2022 13:17:54.0842 PM
[ReportManager] Element Action [GetText] successfully performed. With the following test data [
    Hello World!
  ]. @25-01-2022 13:17:54.0893 P
[ReportManager] Browser Action [CloseCurrentWindow] successfully performed. @25-01-2022 13:17:55.0321 PM
[ReportManager] Successfully created attachment [Browser Action Test Data - CloseCurrentWindow - Actual Value] @25-01-2022 13:17:55.0321 P
[ReportManager] File Action [GetAbsolutePath] successfully performed. With the following test data [Relative Folder Path: "target/downloadedFiles/"]. @25-01-2022 13:17:55.0323 PM
[ReportManager] Attempting to run locally on: [Mac-64], [Safari], Headless Execution. @25-01-2022 13:17:55.0324 PM
[ReportManager] Successfully Opened Safari. @25-01-2022 13:17:56.0238 PM
[ReportManager] Initial window size: (800, 600) @25-01-2022 13:17:56.0280 PM
[ReportManager] Window size after SWD Maximize: (1176, 803) @25-01-2022 13:17:56.0300 PM
[ReportManager] Browser Action [MaximizeWindow] successfully performed. With the following test data [New screen size is now: (1176, 803)]. @25-01-2022 13:17:56.0300 P

################################################################################################################################################
Starting Execution:	[162 out of 162] test cases in the current suite
Test Method:		[testPackage01.Test_dynamicLoading.dynamicLoading_elementIsRendered]
################################################################################################################################################
[ReportManager] Target URL: [https://the-internet.herokuapp.com/dynamic_loading/2] @25-01-2022 13:17:56.0345 PM
[ReportManager] Initial URL: [] @25-01-2022 13:17:56.0392 PM
[ReportManager] Browser Action [NavigateToURL] successfully performed. With the following test data [https://the-internet.herokuapp.com/dynamic_loading/2]. @25-01-2022 13:17:56.0960 PM
[ReportManager] Element Action [Click] successfully performed. With the following test data [By.xpath: //button[text()='Start']]. @25-01-2022 13:17:57.0160 PM
[ReportManager] Element Action [GetText] successfully performed. With the following test data [Hello World!]. @25-01-2022 13:18:02.0483 PM
[ReportManager] Assertion [ValidateElementAttribute] PASSED. Expected [Value Should be 'Hello World!' for the 'text' attribute, element locator 'By.id: finish'] and Actual [Hello World!]. Comparison Type [CONTAINS]. Validation Type [POSITIVE]. @25-01-2022 13:18:02.0630 PM
[ReportManager] Successfully created attachment [Screenshot - 1643116682567_dynamicLoading_elementIsRendered_ValidateElementAttribute_passed] @25-01-2022 13:18:02.0631 P
[ReportManager] Browser Action [CloseCurrentWindow] successfully performed. @25-01-2022 13:18:03.0057 PM
[ReportManager] Successfully created attachment [Browser Action Test Data - CloseCurrentWindow - Actual Value] @25-01-2022 13:18:03.0058 P
[ReportManager] Successfully created attachment [SHAFT Engine Logs - Execution log] @25-01-2022 13:18:03.0093 PM

################################################################################################################################################
This test run was powered by SHAFT Engine Version: [SHAFT Engine v6.1.20220113]
SHAFT Engine is licensed under the MIT License: [https://github.com/MohabMohie/SHAFT_ENGINE/blob/master/LICENSE].
################################################################################################################################################