################################################################################################################################################
Detected SHAFT Engine Version: [SHAFT Engine v5.3.20210902]
################################################################################################################################################

################################################################################################################################################
Starting Execution:	[1 out of 144] test cases in the current suite
Test Method:		[unitTests.tests_validations_assertions.assertComparativeRelation_greaterThanOrEquals_false_equals_expectedToFail]
################################################################################################################################################
[ReportManager] Assertion [ValidateComparativeRelation] FAILED. Expected [1] and Actual [1]. Comparison Type [GREATER_THAN_OR_EQUALS]. Validation Type [NEGATIVE]. @23-09-2021 08:47:44.0174 A

################################################################################################################################################
Starting Execution:	[2 out of 144] test cases in the current suite
Test Method:		[unitTests.tests_validations_assertions.assertComparativeRelation_greaterThanOrEquals_false_equals_expectedToPass]
################################################################################################################################################
[ReportManager] Assertion [ValidateComparativeRelation] PASSED. Expected [2] and Actual [1]. Comparison Type [GREATER_THAN_OR_EQUALS]. Validation Type [NEGATIVE]. @23-09-2021 08:47:44.0291 A

################################################################################################################################################
Starting Execution:	[3 out of 144] test cases in the current suite
Test Method:		[unitTests.tests_validations_assertions.assertComparativeRelation_greaterThanOrEquals_false_greaterThan_expectedToFail]
################################################################################################################################################
[ReportManager] Assertion [ValidateComparativeRelation] FAILED. Expected [1] and Actual [2]. Comparison Type [GREATER_THAN_OR_EQUALS]. Validation Type [NEGATIVE]. @23-09-2021 08:47:44.0300 A

################################################################################################################################################
Starting Execution:	[4 out of 144] test cases in the current suite
Test Method:		[unitTests.tests_validations_assertions.assertComparativeRelation_greaterThanOrEquals_false_greaterThan_expectedToPass]
################################################################################################################################################
[ReportManager] Assertion [ValidateComparativeRelation] PASSED. Expected [2] and Actual [1]. Comparison Type [GREATER_THAN_OR_EQUALS]. Validation Type [NEGATIVE]. @23-09-2021 08:47:44.0306 A

################################################################################################################################################
Starting Execution:	[5 out of 144] test cases in the current suite
Test Method:		[unitTests.tests_validations_assertions.assertComparativeRelation_greaterThanOrEquals_true_equals_expectedToFail]
################################################################################################################################################
[ReportManager] Assertion [ValidateComparativeRelation] FAILED. Expected [1] and Actual [0]. Comparison Type [GREATER_THAN_OR_EQUALS]. Validation Type [POSITIVE]. @23-09-2021 08:47:44.0312 A

################################################################################################################################################
Starting Execution:	[6 out of 144] test cases in the current suite
Test Method:		[unitTests.tests_validations_assertions.assertComparativeRelation_greaterThanOrEquals_true_equals_expectedToPass]
################################################################################################################################################
[ReportManager] Assertion [ValidateComparativeRelation] PASSED. Expected [1] and Actual [1]. Comparison Type [GREATER_THAN_OR_EQUALS]. Validation Type [POSITIVE]. @23-09-2021 08:47:44.0316 A

################################################################################################################################################
Starting Execution:	[7 out of 144] test cases in the current suite
Test Method:		[unitTests.tests_validations_assertions.assertComparativeRelation_greaterThanOrEquals_true_greaterThan_expectedToFail]
################################################################################################################################################
[ReportManager] Assertion [ValidateComparativeRelation] FAILED. Expected [2] and Actual [1]. Comparison Type [GREATER_THAN_OR_EQUALS]. Validation Type [POSITIVE]. @23-09-2021 08:47:44.0321 A

################################################################################################################################################
Starting Execution:	[8 out of 144] test cases in the current suite
Test Method:		[unitTests.tests_validations_assertions.assertComparativeRelation_greaterThanOrEquals_true_greaterThan_expectedToPass]
################################################################################################################################################
[ReportManager] Assertion [ValidateComparativeRelation] PASSED. Expected [1] and Actual [2]. Comparison Type [GREATER_THAN_OR_EQUALS]. Validation Type [POSITIVE]. @23-09-2021 08:47:44.0328 A
[ReportManager] File Action [GetAbsolutePath] successfully performed. With the following test data [Relative Folder Path: "target/downloadedFiles/"]. @23-09-2021 08:47:44.0341 AM
[ReportManager] Attempting to run remotely on: [Linux-64], [GoogleChrome], [http://localhost:4444/wd/hub], Headless Execution. @23-09-2021 08:47:44.0368 AM
[ReportManager] Successfully Opened [GoogleChrome]. @23-09-2021 08:47:45.0918 AM
[ReportManager] Target URL: [https://www.google.com/ncr], and after redirection: [www.google.com] @23-09-2021 08:47:45.0964 AM
[ReportManager] Initial URL: [data:,] @23-09-2021 08:47:46.0067 AM
[ReportManager] Browser Action [NavigateToURL] successfully performed. With the following test data [https://www.google.com/ncr]. @23-09-2021 08:47:47.0456 A

################################################################################################################################################
Starting Execution:	[9 out of 144] test cases in the current suite
Test Method:		[unitTests.tests_validations_assertions.assertElementAttribute_false_caseInsensitiveComparison_expectedToFail]
################################################################################################################################################
[ReportManager] Element Action [Type] successfully performed. With the following test data [AUTOMATION]. @23-09-2021 08:47:47.0983 AM
[ReportManager] Element Action [GetText] successfully performed. With the following test data [AUTOMATION]. @23-09-2021 08:47:48.0147 AM
[ReportManager] Loaded Shared OpenCV @23-09-2021 08:47:48.0935 AM
[ReportManager] Assertion [ValidateElementAttribute] FAILED. Expected [Value Should not be 'AutomaTion' for the 'text' attribute, element locator 'By.name: q'] and Actual [AUTOMATION]. Comparison Type [CASE_INSENSITIVE]. Validation Type [NEGATIVE]. @23-09-2021 08:47:49.0251 AM
[ReportManager] Successfully created attachment [Screenshot - 1632386868387_assertElementAttribute_false_caseInsensitiveComparison_expectedToFail_ValidateElementAttribute_failed] @23-09-2021 08:47:49.0269 A
[ReportManager] Browser Action [CloseCurrentWindow] successfully performed. @23-09-2021 08:47:49.0444 AM
[ReportManager] Successfully created attachment [Browser Action Test Data - CloseCurrentWindow - Actual Value] @23-09-2021 08:47:49.0455 A
[ReportManager] File Action [GetAbsolutePath] successfully performed. With the following test data [Relative Folder Path: "target/downloadedFiles/"]. @23-09-2021 08:47:49.0466 AM
[ReportManager] Attempting to run remotely on: [Linux-64], [GoogleChrome], [http://localhost:4444/wd/hub], Headless Execution. @23-09-2021 08:47:49.0466 AM
[ReportManager] Successfully Opened [GoogleChrome]. @23-09-2021 08:47:49.0797 AM
[ReportManager] Target URL: [https://www.google.com/ncr], and after redirection: [www.google.com] @23-09-2021 08:47:49.0827 AM
[ReportManager] Initial URL: [data:,] @23-09-2021 08:47:49.0902 AM
[ReportManager] Browser Action [NavigateToURL] successfully performed. With the following test data [https://www.google.com/ncr]. @23-09-2021 08:47:50.0844 A

################################################################################################################################################
Starting Execution:	[10 out of 144] test cases in the current suite
Test Method:		[unitTests.tests_validations_assertions.assertElementAttribute_false_caseInsensitiveComparison_expectedToPass]
################################################################################################################################################
[ReportManager] Element Action [Type] successfully performed. With the following test data [AUTOMATION]. @23-09-2021 08:47:51.0289 AM
[ReportManager] Element Action [GetText] successfully performed. With the following test data [AUTOMATION]. @23-09-2021 08:47:51.0437 AM
[ReportManager] Loaded Shared OpenCV @23-09-2021 08:47:51.0623 AM
[ReportManager] Assertion [ValidateElementAttribute] PASSED. Expected [Value Should not be 'AutomaTion123' for the 'text' attribute, element locator 'By.name: q'] and Actual [AUTOMATION]. Comparison Type [CASE_INSENSITIVE]. Validation Type [NEGATIVE]. @23-09-2021 08:47:51.0759 AM
[ReportManager] Successfully created attachment [Screenshot - 1632386871622_assertElementAttribute_false_caseInsensitiveComparison_expectedToPass_ValidateElementAttribute_passed] @23-09-2021 08:47:51.0763 A
[ReportManager] Browser Action [CloseCurrentWindow] successfully performed. @23-09-2021 08:47:51.0898 AM
[ReportManager] Successfully created attachment [Browser Action Test Data - CloseCurrentWindow - Actual Value] @23-09-2021 08:47:51.0900 A
[ReportManager] File Action [GetAbsolutePath] successfully performed. With the following test data [Relative Folder Path: "target/downloadedFiles/"]. @23-09-2021 08:47:51.0908 AM
[ReportManager] Attempting to run remotely on: [Linux-64], [GoogleChrome], [http://localhost:4444/wd/hub], Headless Execution. @23-09-2021 08:47:51.0908 AM
[ReportManager] Successfully Opened [GoogleChrome]. @23-09-2021 08:47:52.0172 AM
[ReportManager] Target URL: [https://www.google.com/ncr], and after redirection: [www.google.com] @23-09-2021 08:47:52.0192 AM
[ReportManager] Initial URL: [data:,] @23-09-2021 08:47:52.0284 AM
[ReportManager] Browser Action [NavigateToURL] successfully performed. With the following test data [https://www.google.com/ncr]. @23-09-2021 08:47:53.0170 A

################################################################################################################################################
Starting Execution:	[11 out of 144] test cases in the current suite
Test Method:		[unitTests.tests_validations_assertions.assertElementAttribute_false_containsComparison_expectedToFail]
################################################################################################################################################
[ReportManager] Element Action [Type] successfully performed. With the following test data [Automation123]. @23-09-2021 08:47:53.0586 AM
[ReportManager] Element Action [GetText] successfully performed. With the following test data [Automation123]. @23-09-2021 08:47:53.0738 AM
[ReportManager] Loaded Shared OpenCV @23-09-2021 08:47:53.0927 AM
[ReportManager] Assertion [ValidateElementAttribute] FAILED. Expected [Value Should not be 'Automation' for the 'text' attribute, element locator 'By.name: q'] and Actual [Automation123]. Comparison Type [CONTAINS]. Validation Type [NEGATIVE]. @23-09-2021 08:47:54.0007 AM
[ReportManager] Successfully created attachment [Screenshot - 1632386873927_assertElementAttribute_false_containsComparison_expectedToFail_ValidateElementAttribute_failed] @23-09-2021 08:47:54.0009 A
[ReportManager] Browser Action [CloseCurrentWindow] successfully performed. @23-09-2021 08:47:54.0176 AM
[ReportManager] Successfully created attachment [Browser Action Test Data - CloseCurrentWindow - Actual Value] @23-09-2021 08:47:54.0178 A
[ReportManager] File Action [GetAbsolutePath] successfully performed. With the following test data [Relative Folder Path: "target/downloadedFiles/"]. @23-09-2021 08:47:54.0188 AM
[ReportManager] Attempting to run remotely on: [Linux-64], [GoogleChrome], [http://localhost:4444/wd/hub], Headless Execution. @23-09-2021 08:47:54.0188 AM
[ReportManager] Successfully Opened [GoogleChrome]. @23-09-2021 08:47:54.0424 AM
[ReportManager] Target URL: [https://www.google.com/ncr], and after redirection: [www.google.com] @23-09-2021 08:47:54.0441 AM
[ReportManager] Initial URL: [data:,] @23-09-2021 08:47:54.0496 AM
[ReportManager] Browser Action [NavigateToURL] successfully performed. With the following test data [https://www.google.com/ncr]. @23-09-2021 08:47:55.0356 A

################################################################################################################################################
Starting Execution:	[12 out of 144] test cases in the current suite
Test Method:		[unitTests.tests_validations_assertions.assertElementAttribute_false_containsComparison_expectedToPass]
################################################################################################################################################
[ReportManager] Element Action [Type] successfully performed. With the following test data [Automation123]. @23-09-2021 08:47:55.0792 AM
[ReportManager] Element Action [GetText] successfully performed. With the following test data [Automation123]. @23-09-2021 08:47:55.0919 AM
[ReportManager] Loaded Shared OpenCV @23-09-2021 08:47:56.0072 AM
[ReportManager] Assertion [ValidateElementAttribute] PASSED. Expected [Value Should not be 'Automation1234' for the 'text' attribute, element locator 'By.name: q'] and Actual [Automation123]. Comparison Type [CONTAINS]. Validation Type [NEGATIVE]. @23-09-2021 08:47:56.0156 AM
[ReportManager] Successfully created attachment [Screenshot - 1632386876072_assertElementAttribute_false_containsComparison_expectedToPass_ValidateElementAttribute_passed] @23-09-2021 08:47:56.0158 A
[ReportManager] Browser Action [CloseCurrentWindow] successfully performed. @23-09-2021 08:47:56.0307 AM
[ReportManager] Successfully created attachment [Browser Action Test Data - CloseCurrentWindow - Actual Value] @23-09-2021 08:47:56.0308 A
[ReportManager] File Action [GetAbsolutePath] successfully performed. With the following test data [Relative Folder Path: "target/downloadedFiles/"]. @23-09-2021 08:47:56.0311 AM
[ReportManager] Attempting to run remotely on: [Linux-64], [GoogleChrome], [http://localhost:4444/wd/hub], Headless Execution. @23-09-2021 08:47:56.0312 AM
[ReportManager] Successfully Opened [GoogleChrome]. @23-09-2021 08:47:56.0587 AM
[ReportManager] Target URL: [https://www.google.com/ncr], and after redirection: [www.google.com] @23-09-2021 08:47:56.0601 AM
[ReportManager] Initial URL: [data:,] @23-09-2021 08:47:56.0665 AM
[ReportManager] Browser Action [NavigateToURL] successfully performed. With the following test data [https://www.google.com/ncr]. @23-09-2021 08:47:57.0515 A

################################################################################################################################################
Starting Execution:	[13 out of 144] test cases in the current suite
Test Method:		[unitTests.tests_validations_assertions.assertElementAttribute_false_literalComparison_expectedToFail]
################################################################################################################################################
[ReportManager] Element Action [Type] successfully performed. With the following test data [Automation!@#$%^&*()_+{}[]\';/.,]. @23-09-2021 08:47:58.0029 AM
[ReportManager] Element Action [GetText] successfully performed. With the following test data [Automation!@#$%^&*()_+{}[]\';/.,]. @23-09-2021 08:47:58.0164 AM
[ReportManager] Loaded Shared OpenCV @23-09-2021 08:47:58.0338 AM
[ReportManager] Assertion [ValidateElementAttribute] PASSED. Expected [Value Should not be 'Automation!@#$%^&*()_+{}[]\\';/.,' for the 'text' attribute, element locator 'By.name: q'] and Actual [Automation!@#$%^&*()_+{}[]\';/.,]. Comparison Type [EQUALS]. Validation Type [NEGATIVE]. @23-09-2021 08:47:58.0422 AM
[ReportManager] Successfully created attachment [Screenshot - 1632386878338_assertElementAttribute_false_literalComparison_expectedToFail_ValidateElementAttribute_passed] @23-09-2021 08:47:58.0423 A
[ReportManager] Browser Action [CloseCurrentWindow] successfully performed. @23-09-2021 08:47:58.0559 AM
[ReportManager] Successfully created attachment [Browser Action Test Data - CloseCurrentWindow - Actual Value] @23-09-2021 08:47:58.0561 A
[ReportManager] File Action [GetAbsolutePath] successfully performed. With the following test data [Relative Folder Path: "target/downloadedFiles/"]. @23-09-2021 08:47:58.0564 AM
[ReportManager] Attempting to run remotely on: [Linux-64], [GoogleChrome], [http://localhost:4444/wd/hub], Headless Execution. @23-09-2021 08:47:58.0565 AM
[ReportManager] Successfully Opened [GoogleChrome]. @23-09-2021 08:47:58.0776 AM
[ReportManager] Target URL: [https://www.google.com/ncr], and after redirection: [www.google.com] @23-09-2021 08:47:58.0792 AM
[ReportManager] Initial URL: [data:,] @23-09-2021 08:47:58.0846 AM
[ReportManager] Browser Action [NavigateToURL] successfully performed. With the following test data [https://www.google.com/ncr]. @23-09-2021 08:47:59.0694 A

################################################################################################################################################
Starting Execution:	[14 out of 144] test cases in the current suite
Test Method:		[unitTests.tests_validations_assertions.assertElementAttribute_false_literalComparison_expectedToPass]
################################################################################################################################################
[ReportManager] Element Action [Type] successfully performed. With the following test data [Automation!@#$%^&*()_+{}[]\';/.,]. @23-09-2021 08:48:00.0180 AM
[ReportManager] Element Action [GetText] successfully performed. With the following test data [Automation!@#$%^&*()_+{}[]\';/.,]. @23-09-2021 08:48:00.0295 AM
[ReportManager] Loaded Shared OpenCV @23-09-2021 08:48:00.0455 AM
[ReportManager] Assertion [ValidateElementAttribute] PASSED. Expected [Value Should not be 'Automation' for the 'text' attribute, element locator 'By.name: q'] and Actual [Automation!@#$%^&*()_+{}[]\';/.,]. Comparison Type [EQUALS]. Validation Type [NEGATIVE]. @23-09-2021 08:48:00.0537 AM
[ReportManager] Successfully created attachment [Screenshot - 1632386880455_assertElementAttribute_false_literalComparison_expectedToPass_ValidateElementAttribute_passed] @23-09-2021 08:48:00.0538 A
[ReportManager] Browser Action [CloseCurrentWindow] successfully performed. @23-09-2021 08:48:00.0679 AM
[ReportManager] Successfully created attachment [Browser Action Test Data - CloseCurrentWindow - Actual Value] @23-09-2021 08:48:00.0680 A
[ReportManager] File Action [GetAbsolutePath] successfully performed. With the following test data [Relative Folder Path: "target/downloadedFiles/"]. @23-09-2021 08:48:00.0687 AM
[ReportManager] Attempting to run remotely on: [Linux-64], [GoogleChrome], [http://localhost:4444/wd/hub], Headless Execution. @23-09-2021 08:48:00.0688 AM
[ReportManager] Successfully Opened [GoogleChrome]. @23-09-2021 08:48:00.0889 AM
[ReportManager] Target URL: [https://www.google.com/ncr], and after redirection: [www.google.com] @23-09-2021 08:48:00.0915 AM
[ReportManager] Initial URL: [data:,] @23-09-2021 08:48:00.0964 AM
[ReportManager] Browser Action [NavigateToURL] successfully performed. With the following test data [https://www.google.com/ncr]. @23-09-2021 08:48:01.0812 A

################################################################################################################################################
Starting Execution:	[15 out of 144] test cases in the current suite
Test Method:		[unitTests.tests_validations_assertions.assertElementAttribute_false_regexComparison_expectedToFail]
################################################################################################################################################
[ReportManager] Element Action [Type] successfully performed. With the following test data [Automation123]. @23-09-2021 08:48:02.0172 AM
[ReportManager] Element Action [GetText] successfully performed. With the following test data [Automation123]. @23-09-2021 08:48:02.0276 AM
[ReportManager] Loaded Shared OpenCV @23-09-2021 08:48:02.0407 AM
[ReportManager] Assertion [ValidateElementAttribute] FAILED. Expected [Value Should not be 'Automation.*' for the 'text' attribute, element locator 'By.name: q'] and Actual [Automation123]. Comparison Type [MATCHES]. Validation Type [NEGATIVE]. @23-09-2021 08:48:02.0494 AM
[ReportManager] Successfully created attachment [Screenshot - 1632386882407_assertElementAttribute_false_regexComparison_expectedToFail_ValidateElementAttribute_failed] @23-09-2021 08:48:02.0495 A
[ReportManager] Browser Action [CloseCurrentWindow] successfully performed. @23-09-2021 08:48:02.0627 AM
[ReportManager] Successfully created attachment [Browser Action Test Data - CloseCurrentWindow - Actual Value] @23-09-2021 08:48:02.0628 A
[ReportManager] File Action [GetAbsolutePath] successfully performed. With the following test data [Relative Folder Path: "target/downloadedFiles/"]. @23-09-2021 08:48:02.0634 AM
[ReportManager] Attempting to run remotely on: [Linux-64], [GoogleChrome], [http://localhost:4444/wd/hub], Headless Execution. @23-09-2021 08:48:02.0635 AM
[ReportManager] Successfully Opened [GoogleChrome]. @23-09-2021 08:48:02.0899 AM
[ReportManager] Target URL: [https://www.google.com/ncr], and after redirection: [www.google.com] @23-09-2021 08:48:02.0923 AM
[ReportManager] Initial URL: [data:,] @23-09-2021 08:48:02.0983 AM
[ReportManager] Browser Action [NavigateToURL] successfully performed. With the following test data [https://www.google.com/ncr]. @23-09-2021 08:48:03.0860 A

################################################################################################################################################
Starting Execution:	[16 out of 144] test cases in the current suite
Test Method:		[unitTests.tests_validations_assertions.assertElementAttribute_false_regexComparison_expectedToPass]
################################################################################################################################################
[ReportManager] Element Action [Type] successfully performed. With the following test data [Automation123]. @23-09-2021 08:48:04.0254 AM
[ReportManager] Element Action [GetText] successfully performed. With the following test data [Automation123]. @23-09-2021 08:48:04.0382 AM
[ReportManager] Loaded Shared OpenCV @23-09-2021 08:48:04.0542 AM
[ReportManager] Assertion [ValidateElementAttribute] PASSED. Expected [Value Should not be 'Automation' for the 'text' attribute, element locator 'By.name: q'] and Actual [Automation123]. Comparison Type [MATCHES]. Validation Type [NEGATIVE]. @23-09-2021 08:48:04.0626 AM
[ReportManager] Successfully created attachment [Screenshot - 1632386884542_assertElementAttribute_false_regexComparison_expectedToPass_ValidateElementAttribute_passed] @23-09-2021 08:48:04.0627 A
[ReportManager] Browser Action [CloseCurrentWindow] successfully performed. @23-09-2021 08:48:04.0764 AM
[ReportManager] Successfully created attachment [Browser Action Test Data - CloseCurrentWindow - Actual Value] @23-09-2021 08:48:04.0765 A
[ReportManager] File Action [GetAbsolutePath] successfully performed. With the following test data [Relative Folder Path: "target/downloadedFiles/"]. @23-09-2021 08:48:04.0776 AM
[ReportManager] Attempting to run remotely on: [Linux-64], [GoogleChrome], [http://localhost:4444/wd/hub], Headless Execution. @23-09-2021 08:48:04.0776 AM
[ReportManager] Successfully Opened [GoogleChrome]. @23-09-2021 08:48:04.0978 AM
[ReportManager] Target URL: [https://www.google.com/ncr], and after redirection: [www.google.com] @23-09-2021 08:48:04.0991 AM
[ReportManager] Initial URL: [data:,] @23-09-2021 08:48:05.0057 AM
[ReportManager] Browser Action [NavigateToURL] successfully performed. With the following test data [https://www.google.com/ncr]. @23-09-2021 08:48:05.0892 A

################################################################################################################################################
Starting Execution:	[17 out of 144] test cases in the current suite
Test Method:		[unitTests.tests_validations_assertions.assertElementAttribute_true_caseInsensitiveComparison_expectedToFail]
################################################################################################################################################
[ReportManager] Element Action [Type] successfully performed. With the following test data [AUTOMATION]. @23-09-2021 08:48:06.0273 AM
[ReportManager] Element Action [GetText] successfully performed. With the following test data [AUTOMATION]. @23-09-2021 08:48:06.0378 AM
[ReportManager] Loaded Shared OpenCV @23-09-2021 08:48:06.0538 AM
[ReportManager] Assertion [ValidateElementAttribute] FAILED. Expected [Value Should be 'AutomaTion123' for the 'text' attribute, element locator 'By.name: q'] and Actual [AUTOMATION]. Comparison Type [CASE_INSENSITIVE]. Validation Type [POSITIVE]. @23-09-2021 08:48:06.0634 AM
[ReportManager] Successfully created attachment [Screenshot - 1632386886538_assertElementAttribute_true_caseInsensitiveComparison_expectedToFail_ValidateElementAttribute_failed] @23-09-2021 08:48:06.0635 A
[ReportManager] Browser Action [CloseCurrentWindow] successfully performed. @23-09-2021 08:48:06.0783 AM
[ReportManager] Successfully created attachment [Browser Action Test Data - CloseCurrentWindow - Actual Value] @23-09-2021 08:48:06.0784 A
[ReportManager] File Action [GetAbsolutePath] successfully performed. With the following test data [Relative Folder Path: "target/downloadedFiles/"]. @23-09-2021 08:48:06.0787 AM
[ReportManager] Attempting to run remotely on: [Linux-64], [GoogleChrome], [http://localhost:4444/wd/hub], Headless Execution. @23-09-2021 08:48:06.0788 AM
[ReportManager] Successfully Opened [GoogleChrome]. @23-09-2021 08:48:06.0983 AM
[ReportManager] Target URL: [https://www.google.com/ncr], and after redirection: [www.google.com] @23-09-2021 08:48:06.0995 AM
[ReportManager] Initial URL: [data:,] @23-09-2021 08:48:07.0036 AM
[ReportManager] Browser Action [NavigateToURL] successfully performed. With the following test data [https://www.google.com/ncr]. @23-09-2021 08:48:07.0862 A

################################################################################################################################################
Starting Execution:	[18 out of 144] test cases in the current suite
Test Method:		[unitTests.tests_validations_assertions.assertElementAttribute_true_caseInsensitiveComparison_expectedToPass]
################################################################################################################################################
[ReportManager] Element Action [Type] successfully performed. With the following test data [AUTOMATION]. @23-09-2021 08:48:08.0252 AM
[ReportManager] Element Action [GetText] successfully performed. With the following test data [AUTOMATION]. @23-09-2021 08:48:08.0343 AM
[ReportManager] Loaded Shared OpenCV @23-09-2021 08:48:08.0482 AM
[ReportManager] Assertion [ValidateElementAttribute] PASSED. Expected [Value Should be 'AutomaTion' for the 'text' attribute, element locator 'By.name: q'] and Actual [AUTOMATION]. Comparison Type [CASE_INSENSITIVE]. Validation Type [POSITIVE]. @23-09-2021 08:48:08.0567 AM
[ReportManager] Successfully created attachment [Screenshot - 1632386888482_assertElementAttribute_true_caseInsensitiveComparison_expectedToPass_ValidateElementAttribute_passed] @23-09-2021 08:48:08.0568 A
[ReportManager] Browser Action [CloseCurrentWindow] successfully performed. @23-09-2021 08:48:08.0708 AM
[ReportManager] Successfully created attachment [Browser Action Test Data - CloseCurrentWindow - Actual Value] @23-09-2021 08:48:08.0709 A
[ReportManager] File Action [GetAbsolutePath] successfully performed. With the following test data [Relative Folder Path: "target/downloadedFiles/"]. @23-09-2021 08:48:08.0712 AM
[ReportManager] Attempting to run remotely on: [Linux-64], [GoogleChrome], [http://localhost:4444/wd/hub], Headless Execution. @23-09-2021 08:48:08.0713 AM
[ReportManager] Successfully Opened [GoogleChrome]. @23-09-2021 08:48:08.0929 AM
[ReportManager] Target URL: [https://www.google.com/ncr], and after redirection: [www.google.com] @23-09-2021 08:48:08.0941 AM
[ReportManager] Initial URL: [data:,] @23-09-2021 08:48:08.0981 AM
[ReportManager] Browser Action [NavigateToURL] successfully performed. With the following test data [https://www.google.com/ncr]. @23-09-2021 08:48:09.0791 A

################################################################################################################################################
Starting Execution:	[19 out of 144] test cases in the current suite
Test Method:		[unitTests.tests_validations_assertions.assertElementAttribute_true_containsComparison_expectedToFail]
################################################################################################################################################
[ReportManager] Element Action [Type] successfully performed. With the following test data [Automation123]. @23-09-2021 08:48:10.0141 AM
[ReportManager] Element Action [GetText] successfully performed. With the following test data [Automation123]. @23-09-2021 08:48:10.0261 AM
[ReportManager] Loaded Shared OpenCV @23-09-2021 08:48:10.0407 AM
[ReportManager] Assertion [ValidateElementAttribute] FAILED. Expected [Value Should be 'Automation1234' for the 'text' attribute, element locator 'By.name: q'] and Actual [Automation123]. Comparison Type [CONTAINS]. Validation Type [POSITIVE]. @23-09-2021 08:48:10.0482 AM
[ReportManager] Successfully created attachment [Screenshot - 1632386890407_assertElementAttribute_true_containsComparison_expectedToFail_ValidateElementAttribute_failed] @23-09-2021 08:48:10.0483 A
[ReportManager] Browser Action [CloseCurrentWindow] successfully performed. @23-09-2021 08:48:10.0633 AM
[ReportManager] Successfully created attachment [Browser Action Test Data - CloseCurrentWindow - Actual Value] @23-09-2021 08:48:10.0634 A
[ReportManager] File Action [GetAbsolutePath] successfully performed. With the following test data [Relative Folder Path: "target/downloadedFiles/"]. @23-09-2021 08:48:10.0637 AM
[ReportManager] Attempting to run remotely on: [Linux-64], [GoogleChrome], [http://localhost:4444/wd/hub], Headless Execution. @23-09-2021 08:48:10.0637 AM
[ReportManager] Successfully Opened [GoogleChrome]. @23-09-2021 08:48:10.0873 AM
[ReportManager] Target URL: [https://www.google.com/ncr], and after redirection: [www.google.com] @23-09-2021 08:48:10.0884 AM
[ReportManager] Initial URL: [data:,] @23-09-2021 08:48:10.0926 AM
[ReportManager] Browser Action [NavigateToURL] successfully performed. With the following test data [https://www.google.com/ncr]. @23-09-2021 08:48:11.0782 A

################################################################################################################################################
Starting Execution:	[20 out of 144] test cases in the current suite
Test Method:		[unitTests.tests_validations_assertions.assertElementAttribute_true_containsComparison_expectedToPass]
################################################################################################################################################
[ReportManager] Element Action [Type] successfully performed. With the following test data [Automation123]. @23-09-2021 08:48:12.0180 AM
[ReportManager] Element Action [GetText] successfully performed. With the following test data [Automation123]. @23-09-2021 08:48:12.0292 AM
[ReportManager] Loaded Shared OpenCV @23-09-2021 08:48:12.0423 AM
[ReportManager] Assertion [ValidateElementAttribute] PASSED. Expected [Value Should be 'Automation' for the 'text' attribute, element locator 'By.name: q'] and Actual [Automation123]. Comparison Type [CONTAINS]. Validation Type [POSITIVE]. @23-09-2021 08:48:12.0498 AM
[ReportManager] Successfully created attachment [Screenshot - 1632386892423_assertElementAttribute_true_containsComparison_expectedToPass_ValidateElementAttribute_passed] @23-09-2021 08:48:12.0499 A
[ReportManager] Browser Action [CloseCurrentWindow] successfully performed. @23-09-2021 08:48:12.0636 AM
[ReportManager] Successfully created attachment [Browser Action Test Data - CloseCurrentWindow - Actual Value] @23-09-2021 08:48:12.0636 A
[ReportManager] File Action [GetAbsolutePath] successfully performed. With the following test data [Relative Folder Path: "target/downloadedFiles/"]. @23-09-2021 08:48:12.0639 AM
[ReportManager] Attempting to run remotely on: [Linux-64], [GoogleChrome], [http://localhost:4444/wd/hub], Headless Execution. @23-09-2021 08:48:12.0639 AM
[ReportManager] Successfully Opened [GoogleChrome]. @23-09-2021 08:48:12.0854 AM
[ReportManager] Target URL: [https://www.google.com/ncr], and after redirection: [www.google.com] @23-09-2021 08:48:12.0865 AM
[ReportManager] Initial URL: [data:,] @23-09-2021 08:48:12.0908 AM
[ReportManager] Browser Action [NavigateToURL] successfully performed. With the following test data [https://www.google.com/ncr]. @23-09-2021 08:48:13.0739 A

################################################################################################################################################
Starting Execution:	[21 out of 144] test cases in the current suite
Test Method:		[unitTests.tests_validations_assertions.assertElementAttribute_true_literalComparison_expectedToFail]
################################################################################################################################################
[ReportManager] Element Action [Type] successfully performed. With the following test data [Automation!@#$%^&*()_+{}[]\';/.,]. @23-09-2021 08:48:14.0214 AM
[ReportManager] Element Action [GetText] successfully performed. With the following test data [Automation!@#$%^&*()_+{}[]\';/.,]. @23-09-2021 08:48:14.0320 AM
[ReportManager] Loaded Shared OpenCV @23-09-2021 08:48:14.0504 AM
[ReportManager] Assertion [ValidateElementAttribute] FAILED. Expected [Value Should be 'Automation' for the 'text' attribute, element locator 'By.name: q'] and Actual [Automation!@#$%^&*()_+{}[]\';/.,]. Comparison Type [EQUALS]. Validation Type [POSITIVE]. @23-09-2021 08:48:14.0609 AM
[ReportManager] Successfully created attachment [Screenshot - 1632386894504_assertElementAttribute_true_literalComparison_expectedToFail_ValidateElementAttribute_failed] @23-09-2021 08:48:14.0611 A
[ReportManager] Browser Action [CloseCurrentWindow] successfully performed. @23-09-2021 08:48:14.0738 AM
[ReportManager] Successfully created attachment [Browser Action Test Data - CloseCurrentWindow - Actual Value] @23-09-2021 08:48:14.0739 A
[ReportManager] File Action [GetAbsolutePath] successfully performed. With the following test data [Relative Folder Path: "target/downloadedFiles/"]. @23-09-2021 08:48:14.0743 AM
[ReportManager] Attempting to run remotely on: [Linux-64], [GoogleChrome], [http://localhost:4444/wd/hub], Headless Execution. @23-09-2021 08:48:14.0743 AM
[ReportManager] Successfully Opened [GoogleChrome]. @23-09-2021 08:48:14.0993 AM
[ReportManager] Target URL: [https://www.google.com/ncr], and after redirection: [www.google.com] @23-09-2021 08:48:15.0004 AM
[ReportManager] Initial URL: [data:,] @23-09-2021 08:48:15.0067 AM
[ReportManager] Browser Action [NavigateToURL] successfully performed. With the following test data [https://www.google.com/ncr]. @23-09-2021 08:48:15.0912 A

################################################################################################################################################
Starting Execution:	[22 out of 144] test cases in the current suite
Test Method:		[unitTests.tests_validations_assertions.assertElementAttribute_true_literalComparison_expectedToPass]
################################################################################################################################################
[ReportManager] Element Action [Type] successfully performed. With the following test data [Automation!@#$%^&*()_+{}[]\';/.,]. @23-09-2021 08:48:16.0348 AM
[ReportManager] Element Action [GetText] successfully performed. With the following test data [Automation!@#$%^&*()_+{}[]\';/.,]. @23-09-2021 08:48:16.0446 AM
[ReportManager] Loaded Shared OpenCV @23-09-2021 08:48:16.0580 AM
[ReportManager] Assertion [ValidateElementAttribute] PASSED. Expected [Value Should be 'Automation!@#$%^&*()_+{}[]\';/.,' for the 'text' attribute, element locator 'By.name: q'] and Actual [Automation!@#$%^&*()_+{}[]\';/.,]. Comparison Type [EQUALS]. Validation Type [POSITIVE]. @23-09-2021 08:48:16.0660 AM
[ReportManager] Successfully created attachment [Screenshot - 1632386896580_assertElementAttribute_true_literalComparison_expectedToPass_ValidateElementAttribute_passed] @23-09-2021 08:48:16.0661 A
[ReportManager] Browser Action [CloseCurrentWindow] successfully performed. @23-09-2021 08:48:16.0790 AM
[ReportManager] Successfully created attachment [Browser Action Test Data - CloseCurrentWindow - Actual Value] @23-09-2021 08:48:16.0793 A
[ReportManager] File Action [GetAbsolutePath] successfully performed. With the following test data [Relative Folder Path: "target/downloadedFiles/"]. @23-09-2021 08:48:16.0797 AM
[ReportManager] Attempting to run remotely on: [Linux-64], [GoogleChrome], [http://localhost:4444/wd/hub], Headless Execution. @23-09-2021 08:48:16.0797 AM
[ReportManager] Successfully Opened [GoogleChrome]. @23-09-2021 08:48:17.0033 AM
[ReportManager] Target URL: [https://www.google.com/ncr], and after redirection: [www.google.com] @23-09-2021 08:48:17.0045 AM
[ReportManager] Initial URL: [data:,] @23-09-2021 08:48:17.0087 AM
[ReportManager] Browser Action [NavigateToURL] successfully performed. With the following test data [https://www.google.com/ncr]. @23-09-2021 08:48:17.0984 A

################################################################################################################################################
Starting Execution:	[23 out of 144] test cases in the current suite
Test Method:		[unitTests.tests_validations_assertions.assertElementAttribute_true_regexComparison_expectedToFail]
################################################################################################################################################
[ReportManager] Element Action [Type] successfully performed. With the following test data [Automation123]. @23-09-2021 08:48:18.0368 AM
[ReportManager] Element Action [GetText] successfully performed. With the following test data [Automation123]. @23-09-2021 08:48:18.0471 AM
[ReportManager] Loaded Shared OpenCV @23-09-2021 08:48:18.0652 AM
[ReportManager] Assertion [ValidateElementAttribute] FAILED. Expected [Value Should be 'Automation' for the 'text' attribute, element locator 'By.name: q'] and Actual [Automation123]. Comparison Type [MATCHES]. Validation Type [POSITIVE]. @23-09-2021 08:48:18.0727 AM
[ReportManager] Successfully created attachment [Screenshot - 1632386898652_assertElementAttribute_true_regexComparison_expectedToFail_ValidateElementAttribute_failed] @23-09-2021 08:48:18.0728 A
[ReportManager] Browser Action [CloseCurrentWindow] successfully performed. @23-09-2021 08:48:18.0851 AM
[ReportManager] Successfully created attachment [Browser Action Test Data - CloseCurrentWindow - Actual Value] @23-09-2021 08:48:18.0852 A
[ReportManager] File Action [GetAbsolutePath] successfully performed. With the following test data [Relative Folder Path: "target/downloadedFiles/"]. @23-09-2021 08:48:18.0856 AM
[ReportManager] Attempting to run remotely on: [Linux-64], [GoogleChrome], [http://localhost:4444/wd/hub], Headless Execution. @23-09-2021 08:48:18.0857 AM
[ReportManager] Successfully Opened [GoogleChrome]. @23-09-2021 08:48:19.0049 AM
[ReportManager] Target URL: [https://www.google.com/ncr], and after redirection: [www.google.com] @23-09-2021 08:48:19.0060 AM
[ReportManager] Initial URL: [data:,] @23-09-2021 08:48:19.0110 AM
[ReportManager] Browser Action [NavigateToURL] successfully performed. With the following test data [https://www.google.com/ncr]. @23-09-2021 08:48:19.0936 A

################################################################################################################################################
Starting Execution:	[24 out of 144] test cases in the current suite
Test Method:		[unitTests.tests_validations_assertions.assertElementAttribute_true_regexComparison_expectedToPass]
################################################################################################################################################
[ReportManager] Element Action [Type] successfully performed. With the following test data [Automation123]. @23-09-2021 08:48:20.0295 AM
[ReportManager] Element Action [GetText] successfully performed. With the following test data [Automation123]. @23-09-2021 08:48:20.0389 AM
[ReportManager] Loaded Shared OpenCV @23-09-2021 08:48:20.0556 AM
[ReportManager] Assertion [ValidateElementAttribute] PASSED. Expected [Value Should be 'Automation.*' for the 'text' attribute, element locator 'By.name: q'] and Actual [Automation123]. Comparison Type [MATCHES]. Validation Type [POSITIVE]. @23-09-2021 08:48:20.0631 AM
[ReportManager] Successfully created attachment [Screenshot - 1632386900556_assertElementAttribute_true_regexComparison_expectedToPass_ValidateElementAttribute_passed] @23-09-2021 08:48:20.0632 A
[ReportManager] Browser Action [CloseCurrentWindow] successfully performed. @23-09-2021 08:48:20.0763 AM
[ReportManager] Successfully created attachment [Browser Action Test Data - CloseCurrentWindow - Actual Value] @23-09-2021 08:48:20.0764 A
[ReportManager] File Action [GetAbsolutePath] successfully performed. With the following test data [Relative Folder Path: "target/downloadedFiles/"]. @23-09-2021 08:48:20.0769 AM
[ReportManager] Attempting to run remotely on: [Linux-64], [GoogleChrome], [http://localhost:4444/wd/hub], Headless Execution. @23-09-2021 08:48:20.0769 AM
[ReportManager] Successfully Opened [GoogleChrome]. @23-09-2021 08:48:21.0137 AM
[ReportManager] Target URL: [https://www.google.com/ncr], and after redirection: [www.google.com] @23-09-2021 08:48:21.0147 AM
[ReportManager] Initial URL: [data:,] @23-09-2021 08:48:21.0184 AM
[ReportManager] Browser Action [NavigateToURL] successfully performed. With the following test data [https://www.google.com/ncr]. @23-09-2021 08:48:22.0057 A

################################################################################################################################################
Starting Execution:	[25 out of 144] test cases in the current suite
Test Method:		[unitTests.tests_validations_assertions.assertElementAttribute_type_true_literalComparison_expectedToPass]
################################################################################################################################################
[ReportManager] Element Action [Type] successfully performed. With the following test data [Automation!@#$%^&*()_+{}[]\';/.,]. @23-09-2021 08:48:22.0586 AM
[ReportManager] Element Action [GetText] successfully performed. With the following test data [Automation!@#$%^&*()_+{}[]\';/.,]. @23-09-2021 08:48:22.0693 AM
[ReportManager] Loaded Shared OpenCV @23-09-2021 08:48:22.0832 AM
[ReportManager] Assertion [ValidateElementAttribute] PASSED. Expected [Value Should be 'Automation!@#$%^&*()_+{}[]\';/.,' for the 'text' attribute, element locator 'By.name: q'] and Actual [Automation!@#$%^&*()_+{}[]\';/.,]. Comparison Type [EQUALS]. Validation Type [POSITIVE]. @23-09-2021 08:48:22.0917 AM
[ReportManager] Successfully created attachment [Screenshot - 1632386902832_assertElementAttribute_type_true_literalComparison_expectedToPass_ValidateElementAttribute_passed] @23-09-2021 08:48:22.0918 A
[ReportManager] Browser Action [CloseCurrentWindow] successfully performed. @23-09-2021 08:48:23.0049 AM
[ReportManager] Successfully created attachment [Browser Action Test Data - CloseCurrentWindow - Actual Value] @23-09-2021 08:48:23.0050 A
[ReportManager] File Action [GetAbsolutePath] successfully performed. With the following test data [Relative Folder Path: "target/downloadedFiles/"]. @23-09-2021 08:48:23.0054 AM
[ReportManager] Attempting to run remotely on: [Linux-64], [GoogleChrome], [http://localhost:4444/wd/hub], Headless Execution. @23-09-2021 08:48:23.0054 AM
[ReportManager] Successfully Opened [GoogleChrome]. @23-09-2021 08:48:23.0261 AM
[ReportManager] Target URL: [https://www.google.com/ncr], and after redirection: [www.google.com] @23-09-2021 08:48:23.0273 AM
[ReportManager] Initial URL: [data:,] @23-09-2021 08:48:23.0318 AM
[ReportManager] Browser Action [NavigateToURL] successfully performed. With the following test data [https://www.google.com/ncr]. @23-09-2021 08:48:24.0175 A

################################################################################################################################################
Starting Execution:	[26 out of 144] test cases in the current suite
Test Method:		[unitTests.tests_validations_assertions.assertElementExists_false_expectedToFail]
################################################################################################################################################
[ReportManager] Assertion [ValidateElementExists] PASSED. Expected [Element Should not Exist, locator 'By.id: hplogo'] and Actual [Element Doesn't Exists]. Comparison Type [EQUALS]. Validation Type [NEGATIVE]. @23-09-2021 08:48:34.0579 AM
[ReportManager] Successfully created attachment [Screenshot - 1632386914486_assertElementExists_false_expectedToFail_ValidateElementExists_passed] @23-09-2021 08:48:34.0579 A
[ReportManager] Browser Action [CloseCurrentWindow] successfully performed. @23-09-2021 08:48:34.0699 AM
[ReportManager] Successfully created attachment [Browser Action Test Data - CloseCurrentWindow - Actual Value] @23-09-2021 08:48:34.0700 A
[ReportManager] File Action [GetAbsolutePath] successfully performed. With the following test data [Relative Folder Path: "target/downloadedFiles/"]. @23-09-2021 08:48:34.0702 AM
[ReportManager] Attempting to run remotely on: [Linux-64], [GoogleChrome], [http://localhost:4444/wd/hub], Headless Execution. @23-09-2021 08:48:34.0702 AM
[ReportManager] Successfully Opened [GoogleChrome]. @23-09-2021 08:48:34.0882 AM
[ReportManager] Target URL: [https://www.google.com/ncr], and after redirection: [www.google.com] @23-09-2021 08:48:34.0893 AM
[ReportManager] Initial URL: [data:,] @23-09-2021 08:48:34.0938 AM
[ReportManager] Browser Action [NavigateToURL] successfully performed. With the following test data [https://www.google.com/ncr]. @23-09-2021 08:48:35.0750 A

################################################################################################################################################
Starting Execution:	[27 out of 144] test cases in the current suite
Test Method:		[unitTests.tests_validations_assertions.assertElementExists_false_expectedToPass]
################################################################################################################################################
[ReportManager] Assertion [ValidateElementExists] PASSED. Expected [Element Should not Exist, locator 'By.id: fakeElement'] and Actual [Element Doesn't Exists]. Comparison Type [EQUALS]. Validation Type [NEGATIVE]. @23-09-2021 08:48:46.0116 AM
[ReportManager] Successfully created attachment [Screenshot - 1632386926055_assertElementExists_false_expectedToPass_ValidateElementExists_passed] @23-09-2021 08:48:46.0117 A
[ReportManager] Browser Action [CloseCurrentWindow] successfully performed. @23-09-2021 08:48:46.0262 AM
[ReportManager] Successfully created attachment [Browser Action Test Data - CloseCurrentWindow - Actual Value] @23-09-2021 08:48:46.0263 A
[ReportManager] File Action [GetAbsolutePath] successfully performed. With the following test data [Relative Folder Path: "target/downloadedFiles/"]. @23-09-2021 08:48:46.0266 AM
[ReportManager] Attempting to run remotely on: [Linux-64], [GoogleChrome], [http://localhost:4444/wd/hub], Headless Execution. @23-09-2021 08:48:46.0266 AM
[ReportManager] Successfully Opened [GoogleChrome]. @23-09-2021 08:48:46.0465 AM
[ReportManager] Target URL: [https://www.google.com/ncr], and after redirection: [www.google.com] @23-09-2021 08:48:46.0482 AM
[ReportManager] Initial URL: [data:,] @23-09-2021 08:48:46.0523 AM
[ReportManager] Browser Action [NavigateToURL] successfully performed. With the following test data [https://www.google.com/ncr]. @23-09-2021 08:48:47.0356 A

################################################################################################################################################
Starting Execution:	[28 out of 144] test cases in the current suite
Test Method:		[unitTests.tests_validations_assertions.assertElementExists_false_multipleElementsFound_expectedToFail]
################################################################################################################################################
[ReportManager] Assertion [ValidateElementExists] FAILED. Expected [Element Should not Exist, locator 'By.xpath: //div'] and Actual [Element Exists but is not unique]. Comparison Type [EQUALS]. Validation Type [NEGATIVE]. @23-09-2021 08:48:47.0624 AM
[ReportManager] Successfully created attachment [Screenshot - 1632386927563_assertElementExists_false_multipleElementsFound_expectedToFail_ValidateElementExists_failed] @23-09-2021 08:48:47.0625 A
[ReportManager] Browser Action [CloseCurrentWindow] successfully performed. @23-09-2021 08:48:47.0757 AM
[ReportManager] Successfully created attachment [Browser Action Test Data - CloseCurrentWindow - Actual Value] @23-09-2021 08:48:47.0758 A
[ReportManager] File Action [GetAbsolutePath] successfully performed. With the following test data [Relative Folder Path: "target/downloadedFiles/"]. @23-09-2021 08:48:47.0763 AM
[ReportManager] Attempting to run remotely on: [Linux-64], [GoogleChrome], [http://localhost:4444/wd/hub], Headless Execution. @23-09-2021 08:48:47.0763 AM
[ReportManager] Successfully Opened [GoogleChrome]. @23-09-2021 08:48:47.0963 AM
[ReportManager] Target URL: [https://www.google.com/ncr], and after redirection: [www.google.com] @23-09-2021 08:48:47.0974 AM
[ReportManager] Initial URL: [data:,] @23-09-2021 08:48:48.0016 AM
[ReportManager] Browser Action [NavigateToURL] successfully performed. With the following test data [https://www.google.com/ncr]. @23-09-2021 08:48:48.0882 A

################################################################################################################################################
Starting Execution:	[29 out of 144] test cases in the current suite
Test Method:		[unitTests.tests_validations_assertions.assertElementExists_true_expectedToFail]
################################################################################################################################################
[ReportManager] Assertion [ValidateElementExists] FAILED. Expected [Element Should Exist, locator 'By.id: fakeElement'] and Actual [Element Doesn't Exists]. Comparison Type [EQUALS]. Validation Type [POSITIVE]. @23-09-2021 08:49:19.0555 AM
[ReportManager] Successfully created attachment [Screenshot - 1632386959489_assertElementExists_true_expectedToFail_ValidateElementExists_failed] @23-09-2021 08:49:19.0555 A
[ReportManager] Browser Action [CloseCurrentWindow] successfully performed. @23-09-2021 08:49:19.0682 AM
[ReportManager] Successfully created attachment [Browser Action Test Data - CloseCurrentWindow - Actual Value] @23-09-2021 08:49:19.0683 A
[ReportManager] File Action [GetAbsolutePath] successfully performed. With the following test data [Relative Folder Path: "target/downloadedFiles/"]. @23-09-2021 08:49:19.0687 AM
[ReportManager] Attempting to run remotely on: [Linux-64], [GoogleChrome], [http://localhost:4444/wd/hub], Headless Execution. @23-09-2021 08:49:19.0687 AM
[ReportManager] Successfully Opened [GoogleChrome]. @23-09-2021 08:49:19.0880 AM
[ReportManager] Target URL: [https://www.google.com/ncr], and after redirection: [www.google.com] @23-09-2021 08:49:19.0898 AM
[ReportManager] Initial URL: [data:,] @23-09-2021 08:49:19.0937 AM
[ReportManager] Browser Action [NavigateToURL] successfully performed. With the following test data [https://www.google.com/ncr]. @23-09-2021 08:49:20.0796 A

################################################################################################################################################
Starting Execution:	[30 out of 144] test cases in the current suite
Test Method:		[unitTests.tests_validations_assertions.assertElementExists_true_expectedToPass]
################################################################################################################################################
[ReportManager] Loaded Shared OpenCV @23-09-2021 08:49:20.0985 AM
[ReportManager] Assertion [ValidateElementExists] PASSED. Expected [Element Should Exist, locator 'By.xpath: //*[@id='hplogo' or @alt='Google']'] and Actual [Element Exists]. Comparison Type [EQUALS]. Validation Type [POSITIVE]. @23-09-2021 08:49:21.0070 AM
[ReportManager] Successfully created attachment [Screenshot - 1632386960985_assertElementExists_true_expectedToPass_ValidateElementExists_passed] @23-09-2021 08:49:21.0071 A
[ReportManager] Browser Action [CloseCurrentWindow] successfully performed. @23-09-2021 08:49:21.0195 AM
[ReportManager] Successfully created attachment [Browser Action Test Data - CloseCurrentWindow - Actual Value] @23-09-2021 08:49:21.0197 A
[ReportManager] File Action [GetAbsolutePath] successfully performed. With the following test data [Relative Folder Path: "target/downloadedFiles/"]. @23-09-2021 08:49:21.0201 AM
[ReportManager] Attempting to run remotely on: [Linux-64], [GoogleChrome], [http://localhost:4444/wd/hub], Headless Execution. @23-09-2021 08:49:21.0201 AM
[ReportManager] Successfully Opened [GoogleChrome]. @23-09-2021 08:49:21.0390 AM
[ReportManager] Target URL: [https://www.google.com/ncr], and after redirection: [www.google.com] @23-09-2021 08:49:21.0412 AM
[ReportManager] Initial URL: [data:,] @23-09-2021 08:49:21.0448 AM
[ReportManager] Browser Action [NavigateToURL] successfully performed. With the following test data [https://www.google.com/ncr]. @23-09-2021 08:49:22.0274 A

################################################################################################################################################
Starting Execution:	[31 out of 144] test cases in the current suite
Test Method:		[unitTests.tests_validations_assertions.assertElementExists_true_multipleElementsFound_expectedToFail]
################################################################################################################################################
[ReportManager] Assertion [ValidateElementExists] FAILED. Expected [Element Should Exist, locator 'By.xpath: //div'] and Actual [Element Exists but is not unique]. Comparison Type [EQUALS]. Validation Type [POSITIVE]. @23-09-2021 08:49:22.0520 AM
[ReportManager] Successfully created attachment [Screenshot - 1632386962452_assertElementExists_true_multipleElementsFound_expectedToFail_ValidateElementExists_failed] @23-09-2021 08:49:22.0520 A
[ReportManager] Browser Action [CloseCurrentWindow] successfully performed. @23-09-2021 08:49:22.0647 AM
[ReportManager] Successfully created attachment [Browser Action Test Data - CloseCurrentWindow - Actual Value] @23-09-2021 08:49:22.0648 A

################################################################################################################################################
Starting Execution:	[32 out of 144] test cases in the current suite
Test Method:		[unitTests.tests_validations_assertions.assertEquals_false_expectedToFail]
################################################################################################################################################
[ReportManager] Assertion [ValidateEquals] FAILED. Expected [1] and Actual [1]. Comparison Type [EQUALS]. Validation Type [NEGATIVE]. @23-09-2021 08:49:22.0656 A

################################################################################################################################################
Starting Execution:	[33 out of 144] test cases in the current suite
Test Method:		[unitTests.tests_validations_assertions.assertEquals_false_expectedToPass]
################################################################################################################################################
[ReportManager] Assertion [ValidateEquals] PASSED. Expected [1] and Actual [2]. Comparison Type [EQUALS]. Validation Type [NEGATIVE]. @23-09-2021 08:49:22.0661 A

################################################################################################################################################
Starting Execution:	[34 out of 144] test cases in the current suite
Test Method:		[unitTests.tests_validations_assertions.assertEquals_longCharacters]
################################################################################################################################################
[ReportManager] Verification [ValidateEquals] PASSED. Expected and Actual values are attached. Comparison Type [EQUALS]. Validation Type [POSITIVE]. @23-09-2021 08:49:22.0668 AM
[ReportManager] Successfully created attachment [Validation Test Data - Expected Value] @23-09-2021 08:49:22.0668 AM
[ReportManager] Successfully created attachment [Validation Test Data - Actual Value] @23-09-2021 08:49:22.0668 AM
[ReportManager] Assertion [ValidateEquals] PASSED. Expected and Actual values are attached. Comparison Type [EQUALS]. Validation Type [POSITIVE]. @23-09-2021 08:49:22.0669 AM
[ReportManager] Successfully created attachment [Validation Test Data - Expected Value] @23-09-2021 08:49:22.0669 AM
[ReportManager] Successfully created attachment [Validation Test Data - Actual Value] @23-09-2021 08:49:22.0669 A

################################################################################################################################################
Starting Execution:	[35 out of 144] test cases in the current suite
Test Method:		[unitTests.tests_validations_assertions.assertEquals_longCharacters_Discreet]
################################################################################################################################################
[ReportManager] Assertion [ValidateEquals] PASSED. Expected [1LH5pROcDBjjQk0t0mCr0lXuzQu9lcGj28kY8R1H81X67eVAQJgWQhILiRWVPUgZ6uCtK5cnBkF55Jr9vYngjGO1Iyf0Mktv6lruDlL9T8MAUPcUZJGHZtji6nIeadujDSNmWMj5d6C8zlFqw0CRqBU0hO5adIasHgBSNoLotAjce3NGXoDwAlp3rYreeV16VIyZXROQY] and Actual [1LH5pROcDBjjQk0t0mCr0lXuzQu9lcGj28kY8R1H81X67eVAQJgWQhILiRWVPUgZ6uCtK5cnBkF55Jr9vYngjGO1Iyf0Mktv6lruDlL9T8MAUPcUZJGHZtji6nIeadujDSNmWMj5d6C8zlFqw0CRqBU0hO5adIasHgBSNoLotAjce3NGXoDwAlp3rYreeV16VIyZXROQY]. Comparison Type [EQUALS]. Validation Type [POSITIVE]. @23-09-2021 08:49:22.0672 A

################################################################################################################################################
Starting Execution:	[36 out of 144] test cases in the current suite
Test Method:		[unitTests.tests_validations_assertions.assertEquals_true_expectedToFail]
################################################################################################################################################
[ReportManager] Assertion [ValidateEquals] FAILED. Expected [1] and Actual [2]. Comparison Type [EQUALS]. Validation Type [POSITIVE]. @23-09-2021 08:49:22.0674 A

################################################################################################################################################
Starting Execution:	[37 out of 144] test cases in the current suite
Test Method:		[unitTests.tests_validations_assertions.assertEquals_true_expectedToPass]
Test Description:	[Assert that assertEquals works as expected when the two values are equal.]
################################################################################################################################################
[ReportManager] Verification [ValidateEquals] PASSED. Expected [1] and Actual [1]. Comparison Type [EQUALS]. Validation Type [POSITIVE]. @23-09-2021 08:49:22.0691 AM
[ReportManager] Assertion [ValidateEquals] PASSED. Expected [1] and Actual [1]. Comparison Type [EQUALS]. Validation Type [POSITIVE]. @23-09-2021 08:49:22.0692 A

################################################################################################################################################
Starting Execution:	[38 out of 144] test cases in the current suite
Test Method:		[unitTests.tests_validations_assertions.assertEquals_true_expectedToPass__]
################################################################################################################################################
[ReportManager] Assertion [ValidateEquals] PASSED. Expected [1] and Actual [1]. Comparison Type [EQUALS]. Validation Type [POSITIVE]. @23-09-2021 08:49:22.0695 A

################################################################################################################################################
Starting Execution:	[39 out of 144] test cases in the current suite
Test Method:		[unitTests.tests_validations_assertions.assertFileExists_false_expectedToFail]
################################################################################################################################################
[ReportManager] File Action [DoesFileExist] successfully performed. With the following test data [File Path: "src/main/java/com/shaft/gui/element/ElementActions.java"]. @23-09-2021 08:49:22.0698 AM
[ReportManager] Assertion [ValidateFileExists] FAILED. Expected [File 'src/main/java/com/shaft/gui/element/ElementActions.java' should not exist, after up to '1' retries] and Actual [File exists]. Validation Type [NEGATIVE]. @23-09-2021 08:49:22.0703 A

################################################################################################################################################
Starting Execution:	[40 out of 144] test cases in the current suite
Test Method:		[unitTests.tests_validations_assertions.assertFileExists_false_expectedToPass]
################################################################################################################################################
[ReportManager] File Action [DoesFileExist] successfully performed. With the following test data [File Path: "src/main/java/com/shaft/gui/element/ElementActions.java_fail"]. @23-09-2021 08:49:23.0205 AM
[ReportManager] Assertion [ValidateFileExists] PASSED. Expected [File 'src/main/java/com/shaft/gui/element/ElementActions.java_fail' should not exist, after up to '1' retries] and Actual [File does not exist]. Validation Type [NEGATIVE]. @23-09-2021 08:49:23.0206 A

################################################################################################################################################
Starting Execution:	[41 out of 144] test cases in the current suite
Test Method:		[unitTests.tests_validations_assertions.assertFileExists_true_expectedToFail]
################################################################################################################################################
[ReportManager] File Action [DoesFileExist] successfully performed. With the following test data [File Path: "src/main/java/com/shaft/gui/element/ElementActions.java_fail"]. @23-09-2021 08:49:23.0710 AM
[ReportManager] Assertion [ValidateFileExists] FAILED. Expected [File 'src/main/java/com/shaft/gui/element/ElementActions.java_fail' should exist, after up to '1' retries] and Actual [File does not exist]. Validation Type [POSITIVE]. @23-09-2021 08:49:23.0711 A

################################################################################################################################################
Starting Execution:	[42 out of 144] test cases in the current suite
Test Method:		[unitTests.tests_validations_assertions.assertFileExists_true_expectedToPass]
################################################################################################################################################
[ReportManager] File Action [DoesFileExist] successfully performed. With the following test data [File Path: "src/main/java/com/shaft/gui/element/ElementActions.java"]. @23-09-2021 08:49:23.0714 AM
[ReportManager] Assertion [ValidateFileExists] PASSED. Expected [File 'src/main/java/com/shaft/gui/element/ElementActions.java' should exist, after up to '1' retries] and Actual [File exists]. Validation Type [POSITIVE]. @23-09-2021 08:49:23.0714 A

################################################################################################################################################
Starting Execution:	[43 out of 144] test cases in the current suite
Test Method:		[unitTests.tests_validations_assertions.assertNull_false_expectedToFail]
################################################################################################################################################
[ReportManager] Assertion [ValidateNull] FAILED. Expected [NULL] and Actual [NULL]. Comparison Type [EQUALS]. Validation Type [NEGATIVE]. @23-09-2021 08:49:23.0725 A

################################################################################################################################################
Starting Execution:	[44 out of 144] test cases in the current suite
Test Method:		[unitTests.tests_validations_assertions.assertNull_false_expectedToPass]
################################################################################################################################################
[ReportManager] Assertion [ValidateNull] PASSED. Expected [NULL] and Actual [1]. Comparison Type [EQUALS]. Validation Type [NEGATIVE]. @23-09-2021 08:49:23.0732 A

################################################################################################################################################
Starting Execution:	[45 out of 144] test cases in the current suite
Test Method:		[unitTests.tests_validations_assertions.assertNull_true_expectedToFail]
################################################################################################################################################
[ReportManager] Assertion [ValidateNull] FAILED. Expected [NULL] and Actual [1]. Comparison Type [EQUALS]. Validation Type [POSITIVE]. @23-09-2021 08:49:23.0736 A

################################################################################################################################################
Starting Execution:	[46 out of 144] test cases in the current suite
Test Method:		[unitTests.tests_validations_assertions.assertNull_true_expectedToPass]
################################################################################################################################################
[ReportManager] Assertion [ValidateNull] PASSED. Expected [NULL] and Actual [NULL]. Comparison Type [EQUALS]. Validation Type [POSITIVE]. @23-09-2021 08:49:23.0742 A

################################################################################################################################################
Starting Execution:	[47 out of 144] test cases in the current suite
Test Method:		[unitTests.tests_restActions.getPostsAndAssertBodyForSpecificTitle]
################################################################################################################################################
[ReportManager] Response status code: [200], status line: [HTTP/1.1 200 OK] @23-09-2021 08:49:26.0181 AM
[ReportManager] Assertion Passed: Evaluating the actual response status code against the expected one... @23-09-2021 08:49:26.0181 AM
[ReportManager] Assertion [ValidateEquals] PASSED. Expected [200] and Actual [200]. Comparison Type [EQUALS]. Validation Type [POSITIVE]. @23-09-2021 08:49:26.0181 AM
[ReportManager] API Action [PerformRequest] successfully performed. With the following test data [Request Type: "GET" | Target Status Code: "200" | Service URL: "https://jsonplaceholder.typicode.com/posts" | Content Type: "*/*" | Response Time: "796ms"]. @23-09-2021 08:49:27.0304 AM
[ReportManager] Successfully created attachment [API Request - Specifications] @23-09-2021 08:49:27.0305 AM
[ReportManager] Successfully created attachment [API Response - JSON Body] @23-09-2021 08:49:27.0551 AM
[ReportManager] API Action [GetResponseJSONValueAsList] successfully performed. @23-09-2021 08:49:27.0566 AM
[ReportManager] API Action [GetResponseJSONValue] successfully performed. With the following test data [title]. @23-09-2021 08:49:27.0592 AM
[ReportManager] API Action [GetResponseJSONValue] successfully performed. With the following test data [title]. @23-09-2021 08:49:27.0613 AM
[ReportManager] API Action [GetResponseJSONValue] successfully performed. With the following test data [body]. @23-09-2021 08:49:27.0636 AM
[ReportManager] Assertion [ValidateEquals] PASSED. Expected [qui neque nisi nulla] and Actual [est rerum tempore vitae
sequi sint nihil reprehenderit dolor beatae ea dolores neque
fugiat blanditiis voluptate porro vel nihil molestiae ut reiciendis
qui aperiam non debitis possimus qui neque nisi nulla]. Comparison Type [CONTAINS]. Validation Type [POSITIVE]. @23-09-2021 08:49:27.0636 AM
[ReportManager] API Action [GetResponseJSONValue] successfully performed. With the following test data [title]. @23-09-2021 08:49:27.0651 AM
[ReportManager] API Action [GetResponseJSONValue] successfully performed. With the following test data [title]. @23-09-2021 08:49:27.0666 AM
[ReportManager] API Action [GetResponseJSONValue] successfully performed. With the following test data [title]. @23-09-2021 08:49:27.0682 AM
[ReportManager] API Action [GetResponseJSONValue] successfully performed. With the following test data [title]. @23-09-2021 08:49:27.0698 AM
[ReportManager] API Action [GetResponseJSONValue] successfully performed. With the following test data [title]. @23-09-2021 08:49:27.0714 AM
[ReportManager] API Action [GetResponseJSONValue] successfully performed. With the following test data [title]. @23-09-2021 08:49:27.0732 AM
[ReportManager] API Action [GetResponseJSONValue] successfully performed. With the following test data [title]. @23-09-2021 08:49:27.0765 AM
[ReportManager] API Action [GetResponseJSONValue] successfully performed. With the following test data [title]. @23-09-2021 08:49:27.0787 AM
[ReportManager] API Action [GetResponseJSONValue] successfully performed. With the following test data [title]. @23-09-2021 08:49:27.0814 AM
[ReportManager] API Action [GetResponseJSONValue] successfully performed. With the following test data [title]. @23-09-2021 08:49:27.0841 AM
[ReportManager] API Action [GetResponseJSONValue] successfully performed. With the following test data [title]. @23-09-2021 08:49:27.0873 AM
[ReportManager] API Action [GetResponseJSONValue] successfully performed. With the following test data [title]. @23-09-2021 08:49:27.0901 AM
[ReportManager] API Action [GetResponseJSONValue] successfully performed. With the following test data [title]. @23-09-2021 08:49:27.0912 AM
[ReportManager] API Action [GetResponseJSONValue] successfully performed. With the following test data [title]. @23-09-2021 08:49:27.0924 AM
[ReportManager] API Action [GetResponseJSONValue] successfully performed. With the following test data [title]. @23-09-2021 08:49:27.0943 AM
[ReportManager] API Action [GetResponseJSONValue] successfully performed. With the following test data [title]. @23-09-2021 08:49:27.0958 AM
[ReportManager] API Action [GetResponseJSONValue] successfully performed. With the following test data [title]. @23-09-2021 08:49:27.0972 AM
[ReportManager] API Action [GetResponseJSONValue] successfully performed. With the following test data [title]. @23-09-2021 08:49:27.0985 AM
[ReportManager] API Action [GetResponseJSONValue] successfully performed. With the following test data [title]. @23-09-2021 08:49:27.0999 AM
[ReportManager] API Action [GetResponseJSONValue] successfully performed. With the following test data [title]. @23-09-2021 08:49:28.0013 AM
[ReportManager] API Action [GetResponseJSONValue] successfully performed. With the following test data [title]. @23-09-2021 08:49:28.0025 AM
[ReportManager] API Action [GetResponseJSONValue] successfully performed. With the following test data [title]. @23-09-2021 08:49:28.0042 AM
[ReportManager] API Action [GetResponseJSONValue] successfully performed. With the following test data [title]. @23-09-2021 08:49:28.0063 AM
[ReportManager] API Action [GetResponseJSONValue] successfully performed. With the following test data [title]. @23-09-2021 08:49:28.0075 AM
[ReportManager] API Action [GetResponseJSONValue] successfully performed. With the following test data [title]. @23-09-2021 08:49:28.0089 AM
[ReportManager] API Action [GetResponseJSONValue] successfully performed. With the following test data [title]. @23-09-2021 08:49:28.0099 AM
[ReportManager] API Action [GetResponseJSONValue] successfully performed. With the following test data [title]. @23-09-2021 08:49:28.0123 AM
[ReportManager] API Action [GetResponseJSONValue] successfully performed. With the following test data [title]. @23-09-2021 08:49:28.0131 AM
[ReportManager] API Action [GetResponseJSONValue] successfully performed. With the following test data [title]. @23-09-2021 08:49:28.0139 AM
[ReportManager] API Action [GetResponseJSONValue] successfully performed. With the following test data [title]. @23-09-2021 08:49:28.0147 AM
[ReportManager] API Action [GetResponseJSONValue] successfully performed. With the following test data [title]. @23-09-2021 08:49:28.0154 AM
[ReportManager] API Action [GetResponseJSONValue] successfully performed. With the following test data [title]. @23-09-2021 08:49:28.0162 AM
[ReportManager] API Action [GetResponseJSONValue] successfully performed. With the following test data [title]. @23-09-2021 08:49:28.0170 AM
[ReportManager] API Action [GetResponseJSONValue] successfully performed. With the following test data [title]. @23-09-2021 08:49:28.0177 AM
[ReportManager] API Action [GetResponseJSONValue] successfully performed. With the following test data [title]. @23-09-2021 08:49:28.0185 AM
[ReportManager] API Action [GetResponseJSONValue] successfully performed. With the following test data [title]. @23-09-2021 08:49:28.0193 AM
[ReportManager] API Action [GetResponseJSONValue] successfully performed. With the following test data [title]. @23-09-2021 08:49:28.0202 AM
[ReportManager] API Action [GetResponseJSONValue] successfully performed. With the following test data [title]. @23-09-2021 08:49:28.0210 AM
[ReportManager] API Action [GetResponseJSONValue] successfully performed. With the following test data [title]. @23-09-2021 08:49:28.0219 AM
[ReportManager] API Action [GetResponseJSONValue] successfully performed. With the following test data [title]. @23-09-2021 08:49:28.0227 AM
[ReportManager] API Action [GetResponseJSONValue] successfully performed. With the following test data [title]. @23-09-2021 08:49:28.0235 AM
[ReportManager] API Action [GetResponseJSONValue] successfully performed. With the following test data [title]. @23-09-2021 08:49:28.0243 AM
[ReportManager] API Action [GetResponseJSONValue] successfully performed. With the following test data [title]. @23-09-2021 08:49:28.0251 AM
[ReportManager] API Action [GetResponseJSONValue] successfully performed. With the following test data [title]. @23-09-2021 08:49:28.0259 AM
[ReportManager] API Action [GetResponseJSONValue] successfully performed. With the following test data [title]. @23-09-2021 08:49:28.0267 AM
[ReportManager] API Action [GetResponseJSONValue] successfully performed. With the following test data [title]. @23-09-2021 08:49:28.0276 AM
[ReportManager] API Action [GetResponseJSONValue] successfully performed. With the following test data [title]. @23-09-2021 08:49:28.0283 AM
[ReportManager] API Action [GetResponseJSONValue] successfully performed. With the following test data [title]. @23-09-2021 08:49:28.0292 AM
[ReportManager] API Action [GetResponseJSONValue] successfully performed. With the following test data [title]. @23-09-2021 08:49:28.0300 AM
[ReportManager] API Action [GetResponseJSONValue] successfully performed. With the following test data [title]. @23-09-2021 08:49:28.0308 AM
[ReportManager] API Action [GetResponseJSONValue] successfully performed. With the following test data [title]. @23-09-2021 08:49:28.0317 AM
[ReportManager] API Action [GetResponseJSONValue] successfully performed. With the following test data [title]. @23-09-2021 08:49:28.0325 AM
[ReportManager] API Action [GetResponseJSONValue] successfully performed. With the following test data [title]. @23-09-2021 08:49:28.0332 AM
[ReportManager] API Action [GetResponseJSONValue] successfully performed. With the following test data [title]. @23-09-2021 08:49:28.0340 AM
[ReportManager] API Action [GetResponseJSONValue] successfully performed. With the following test data [title]. @23-09-2021 08:49:28.0348 AM
[ReportManager] API Action [GetResponseJSONValue] successfully performed. With the following test data [title]. @23-09-2021 08:49:28.0356 AM
[ReportManager] API Action [GetResponseJSONValue] successfully performed. With the following test data [title]. @23-09-2021 08:49:28.0363 AM
[ReportManager] API Action [GetResponseJSONValue] successfully performed. With the following test data [title]. @23-09-2021 08:49:28.0371 AM
[ReportManager] API Action [GetResponseJSONValue] successfully performed. With the following test data [title]. @23-09-2021 08:49:28.0380 AM
[ReportManager] API Action [GetResponseJSONValue] successfully performed. With the following test data [title]. @23-09-2021 08:49:28.0406 AM
[ReportManager] API Action [GetResponseJSONValue] successfully performed. With the following test data [title]. @23-09-2021 08:49:28.0414 AM
[ReportManager] API Action [GetResponseJSONValue] successfully performed. With the following test data [title]. @23-09-2021 08:49:28.0422 AM
[ReportManager] API Action [GetResponseJSONValue] successfully performed. With the following test data [title]. @23-09-2021 08:49:28.0429 AM
[ReportManager] API Action [GetResponseJSONValue] successfully performed. With the following test data [title]. @23-09-2021 08:49:28.0437 AM
[ReportManager] API Action [GetResponseJSONValue] successfully performed. With the following test data [title]. @23-09-2021 08:49:28.0444 AM
[ReportManager] API Action [GetResponseJSONValue] successfully performed. With the following test data [title]. @23-09-2021 08:49:28.0452 AM
[ReportManager] API Action [GetResponseJSONValue] successfully performed. With the following test data [title]. @23-09-2021 08:49:28.0460 AM
[ReportManager] API Action [GetResponseJSONValue] successfully performed. With the following test data [title]. @23-09-2021 08:49:28.0467 AM
[ReportManager] API Action [GetResponseJSONValue] successfully performed. With the following test data [title]. @23-09-2021 08:49:28.0475 AM
[ReportManager] API Action [GetResponseJSONValue] successfully performed. With the following test data [title]. @23-09-2021 08:49:28.0482 AM
[ReportManager] API Action [GetResponseJSONValue] successfully performed. With the following test data [title]. @23-09-2021 08:49:28.0490 AM
[ReportManager] API Action [GetResponseJSONValue] successfully performed. With the following test data [title]. @23-09-2021 08:49:28.0498 AM
[ReportManager] API Action [GetResponseJSONValue] successfully performed. With the following test data [title]. @23-09-2021 08:49:28.0505 AM
[ReportManager] API Action [GetResponseJSONValue] successfully performed. With the following test data [title]. @23-09-2021 08:49:28.0513 AM
[ReportManager] API Action [GetResponseJSONValue] successfully performed. With the following test data [title]. @23-09-2021 08:49:28.0520 AM
[ReportManager] API Action [GetResponseJSONValue] successfully performed. With the following test data [title]. @23-09-2021 08:49:28.0528 AM
[ReportManager] API Action [GetResponseJSONValue] successfully performed. With the following test data [title]. @23-09-2021 08:49:28.0535 AM
[ReportManager] API Action [GetResponseJSONValue] successfully performed. With the following test data [title]. @23-09-2021 08:49:28.0543 AM
[ReportManager] API Action [GetResponseJSONValue] successfully performed. With the following test data [title]. @23-09-2021 08:49:28.0550 AM
[ReportManager] API Action [GetResponseJSONValue] successfully performed. With the following test data [title]. @23-09-2021 08:49:28.0557 AM
[ReportManager] API Action [GetResponseJSONValue] successfully performed. With the following test data [title]. @23-09-2021 08:49:28.0565 AM
[ReportManager] API Action [GetResponseJSONValue] successfully performed. With the following test data [title]. @23-09-2021 08:49:28.0572 AM
[ReportManager] API Action [GetResponseJSONValue] successfully performed. With the following test data [title]. @23-09-2021 08:49:28.0579 AM
[ReportManager] API Action [GetResponseJSONValue] successfully performed. With the following test data [title]. @23-09-2021 08:49:28.0587 AM
[ReportManager] API Action [GetResponseJSONValue] successfully performed. With the following test data [title]. @23-09-2021 08:49:28.0595 AM
[ReportManager] API Action [GetResponseJSONValue] successfully performed. With the following test data [title]. @23-09-2021 08:49:28.0602 AM
[ReportManager] API Action [GetResponseJSONValue] successfully performed. With the following test data [title]. @23-09-2021 08:49:28.0609 AM
[ReportManager] API Action [GetResponseJSONValue] successfully performed. With the following test data [title]. @23-09-2021 08:49:28.0617 AM
[ReportManager] API Action [GetResponseJSONValue] successfully performed. With the following test data [title]. @23-09-2021 08:49:28.0624 AM
[ReportManager] API Action [GetResponseJSONValue] successfully performed. With the following test data [title]. @23-09-2021 08:49:28.0631 AM
[ReportManager] API Action [GetResponseJSONValue] successfully performed. With the following test data [title]. @23-09-2021 08:49:28.0639 AM
[ReportManager] API Action [GetResponseJSONValue] successfully performed. With the following test data [title]. @23-09-2021 08:49:28.0669 AM
[ReportManager] API Action [GetResponseJSONValue] successfully performed. With the following test data [title]. @23-09-2021 08:49:28.0680 AM
[ReportManager] API Action [GetResponseJSONValue] successfully performed. With the following test data [title]. @23-09-2021 08:49:28.0687 AM
[ReportManager] API Action [GetResponseJSONValue] successfully performed. With the following test data [title]. @23-09-2021 08:49:28.0695 AM
[ReportManager] API Action [GetResponseJSONValue] successfully performed. With the following test data [title]. @23-09-2021 08:49:28.0703 AM
[ReportManager] API Action [GetResponseJSONValue] successfully performed. With the following test data [title]. @23-09-2021 08:49:28.0711 AM
[ReportManager] API Action [GetResponseJSONValue] successfully performed. With the following test data [title]. @23-09-2021 08:49:28.0718 A

################################################################################################################################################
Starting Execution:	[48 out of 144] test cases in the current suite
Test Method:		[unitTests.tests_restActions.validateUserEmail]
################################################################################################################################################
[ReportManager] Response status code: [200], status line: [HTTP/1.1 200 OK] @23-09-2021 08:49:28.0816 AM
[ReportManager] Assertion Passed: Evaluating the actual response status code against the expected one... @23-09-2021 08:49:28.0816 AM
[ReportManager] Assertion [ValidateEquals] PASSED. Expected [200] and Actual [200]. Comparison Type [EQUALS]. Validation Type [POSITIVE]. @23-09-2021 08:49:28.0816 AM
[ReportManager] API Action [PerformRequest] successfully performed. With the following test data [Request Type: "GET" | Target Status Code: "200" | Service URL: "https://jsonplaceholder.typicode.com/users" | Content Type: "*/*" | Response Time: "86ms"]. @23-09-2021 08:49:28.0851 AM
[ReportManager] Successfully created attachment [API Request - Specifications] @23-09-2021 08:49:28.0851 AM
[ReportManager] Successfully created attachment [API Response - JSON Body] @23-09-2021 08:49:28.0851 AM
[ReportManager] Assertion [ValidateEquals] PASSED. Expected and Actual values are attached. Comparison Type [CONTAINS]. Validation Type [POSITIVE]. @23-09-2021 08:49:28.0852 AM
[ReportManager] Successfully created attachment [Validation Test Data - Expected Value] @23-09-2021 08:49:28.0852 AM
[ReportManager] Successfully created attachment [Validation Test Data - Actual Value] @23-09-2021 08:49:28.0852 AM
[ReportManager] API Action [GetResponseJSONValueAsList] successfully performed. With the following test data [$]. @23-09-2021 08:49:28.0860 AM
[ReportManager] API Action [GetResponseJSONValue] successfully performed. With the following test data [name]. @23-09-2021 08:49:28.0872 AM
[ReportManager] API Action [GetResponseJSONValue] successfully performed. With the following test data [email]. @23-09-2021 08:49:28.0884 AM
[ReportManager] Assertion [ValidateEquals] PASSED. Expected [Sincere@april.biz] and Actual [Sincere@april.biz]. Comparison Type [EQUALS]. Validation Type [POSITIVE]. @23-09-2021 08:49:28.0885 AM
[ReportManager] API Action [GetResponseJSONValue] successfully performed. With the following test data [name]. @23-09-2021 08:49:28.0909 AM
[ReportManager] API Action [GetResponseJSONValue] successfully performed. With the following test data [name]. @23-09-2021 08:49:28.0917 AM
[ReportManager] API Action [GetResponseJSONValue] successfully performed. With the following test data [name]. @23-09-2021 08:49:28.0931 AM
[ReportManager] API Action [GetResponseJSONValue] successfully performed. With the following test data [name]. @23-09-2021 08:49:28.0940 AM
[ReportManager] API Action [GetResponseJSONValue] successfully performed. With the following test data [name]. @23-09-2021 08:49:28.0949 AM
[ReportManager] API Action [GetResponseJSONValue] successfully performed. With the following test data [name]. @23-09-2021 08:49:28.0965 AM
[ReportManager] API Action [GetResponseJSONValue] successfully performed. With the following test data [name]. @23-09-2021 08:49:28.0978 AM
[ReportManager] API Action [GetResponseJSONValue] successfully performed. With the following test data [name]. @23-09-2021 08:49:28.0987 AM
[ReportManager] API Action [GetResponseJSONValue] successfully performed. With the following test data [name]. @23-09-2021 08:49:28.0996 A
[ReportManager] File Action [GetAbsolutePath] successfully performed. With the following test data [Relative Folder Path: "target/downloadedFiles/"]. @23-09-2021 08:49:29.0008 AM
[ReportManager] Attempting to run remotely on: [Linux-64], [GoogleChrome], [http://localhost:4444/wd/hub], Headless Execution. @23-09-2021 08:49:29.0008 AM
[ReportManager] Successfully Opened [GoogleChrome]. @23-09-2021 08:49:29.0316 A

################################################################################################################################################
Starting Execution:	[49 out of 144] test cases in the current suite
Test Method:		[unitTests.tests_element_elementActions.waitForElementToBePresent_false_expectedToFail]
################################################################################################################################################
[ReportManager] Target URL: [https://www.google.com/ncr], and after redirection: [www.google.com] @23-09-2021 08:49:29.0334 AM
[ReportManager] Initial URL: [data:,] @23-09-2021 08:49:29.0417 AM
[ReportManager] Browser Action [NavigateToURL] successfully performed. With the following test data [https://www.google.com/ncr]. @23-09-2021 08:49:30.0405 AM
[ReportManager] Waiting for element to be present; elementLocator [By.xpath: //*[@id='hplogo' or @alt='Google']], numberOfTries[1], stateOfPresence[false]... @23-09-2021 08:49:30.0408 AM
[ReportManager] Element Action [WaitForElementToBePresent] failed. With the following test data [waited for the element's state of presence to be (false). Element locator (By.xpath: //*[@id='hplogo' or @alt='Google'])]. @23-09-2021 08:49:30.0598 AM
[ReportManager] Successfully created attachment [Screenshot - 1632386970539_waitForElementToBePresent_false_expectedToFail_WaitForElementToBePresent_failed] @23-09-2021 08:49:30.0599 A
[ReportManager] Browser Action [CloseCurrentWindow] successfully performed. @23-09-2021 08:49:30.0721 AM
[ReportManager] Successfully created attachment [Browser Action Test Data - CloseCurrentWindow - Actual Value] @23-09-2021 08:49:30.0722 A
[ReportManager] File Action [GetAbsolutePath] successfully performed. With the following test data [Relative Folder Path: "target/downloadedFiles/"]. @23-09-2021 08:49:30.0725 AM
[ReportManager] Attempting to run remotely on: [Linux-64], [GoogleChrome], [http://localhost:4444/wd/hub], Headless Execution. @23-09-2021 08:49:30.0725 AM
[ReportManager] Successfully Opened [GoogleChrome]. @23-09-2021 08:49:30.0910 A

################################################################################################################################################
Starting Execution:	[50 out of 144] test cases in the current suite
Test Method:		[unitTests.tests_element_elementActions.waitForElementToBePresent_false_expectedToPass]
################################################################################################################################################
[ReportManager] Target URL: [https://www.google.com/ncr], and after redirection: [www.google.com] @23-09-2021 08:49:30.0927 AM
[ReportManager] Initial URL: [data:,] @23-09-2021 08:49:30.0975 AM
[ReportManager] Browser Action [NavigateToURL] successfully performed. With the following test data [https://www.google.com/ncr]. @23-09-2021 08:49:31.0801 AM
[ReportManager] Waiting for element to be present; elementLocator [By.id: bla], numberOfTries[1], stateOfPresence[false]... @23-09-2021 08:49:31.0801 AM
[ReportManager] Element Action [WaitForElementToBePresent] successfully performed. With the following test data [waited for the element's state of presence to be (false). Element locator (By.id: bla)]. @23-09-2021 08:49:36.0920 A
[ReportManager] Browser Action [CloseCurrentWindow] successfully performed. @23-09-2021 08:49:37.0051 AM
[ReportManager] Successfully created attachment [Browser Action Test Data - CloseCurrentWindow - Actual Value] @23-09-2021 08:49:37.0052 A
[ReportManager] File Action [GetAbsolutePath] successfully performed. With the following test data [Relative Folder Path: "target/downloadedFiles/"]. @23-09-2021 08:49:37.0056 AM
[ReportManager] Attempting to run remotely on: [Linux-64], [GoogleChrome], [http://localhost:4444/wd/hub], Headless Execution. @23-09-2021 08:49:37.0056 AM
[ReportManager] Successfully Opened [GoogleChrome]. @23-09-2021 08:49:37.0250 A

################################################################################################################################################
Starting Execution:	[51 out of 144] test cases in the current suite
Test Method:		[unitTests.tests_element_elementActions.waitForElementToBePresent_moreThanOneElement_expectedToFail]
################################################################################################################################################
[ReportManager] Target URL: [https://www.google.com/ncr], and after redirection: [www.google.com] @23-09-2021 08:49:37.0263 AM
[ReportManager] Initial URL: [data:,] @23-09-2021 08:49:37.0325 AM
[ReportManager] Browser Action [NavigateToURL] successfully performed. With the following test data [https://www.google.com/ncr]. @23-09-2021 08:49:38.0205 AM
[ReportManager] Waiting for element to be present; elementLocator [By.xpath: //*], numberOfTries[1], stateOfPresence[false]... @23-09-2021 08:49:38.0205 AM
[ReportManager] Element Action [WaitForElementToBePresent] failed. With the following test data [waited for the element's state of presence to be (false). Element locator (By.xpath: //*)]. @23-09-2021 08:49:38.0411 AM
[ReportManager] Successfully created attachment [Screenshot - 1632386978350_waitForElementToBePresent_moreThanOneElement_expectedToFail_WaitForElementToBePresent_failed] @23-09-2021 08:49:38.0411 A
[ReportManager] Browser Action [CloseCurrentWindow] successfully performed. @23-09-2021 08:49:38.0547 AM
[ReportManager] Successfully created attachment [Browser Action Test Data - CloseCurrentWindow - Actual Value] @23-09-2021 08:49:38.0548 A
[ReportManager] File Action [GetAbsolutePath] successfully performed. With the following test data [Relative Folder Path: "target/downloadedFiles/"]. @23-09-2021 08:49:38.0553 AM
[ReportManager] Attempting to run remotely on: [Linux-64], [GoogleChrome], [http://localhost:4444/wd/hub], Headless Execution. @23-09-2021 08:49:38.0553 AM
[ReportManager] Successfully Opened [GoogleChrome]. @23-09-2021 08:49:38.0741 A

################################################################################################################################################
Starting Execution:	[52 out of 144] test cases in the current suite
Test Method:		[unitTests.tests_element_elementActions.waitForElementToBePresent_true_expectedToFail]
################################################################################################################################################
[ReportManager] Target URL: [https://www.google.com/ncr], and after redirection: [www.google.com] @23-09-2021 08:49:38.0754 AM
[ReportManager] Initial URL: [data:,] @23-09-2021 08:49:38.0813 AM
[ReportManager] Browser Action [NavigateToURL] successfully performed. With the following test data [https://www.google.com/ncr]. @23-09-2021 08:49:39.0645 AM
[ReportManager] Waiting for element to be present; elementLocator [By.id: bla], numberOfTries[1], stateOfPresence[true]... @23-09-2021 08:49:39.0645 AM
[ReportManager] Element Action [WaitForElementToBePresent] failed. With the following test data [waited for the element's state of presence to be (true). Element locator (By.id: bla)]. @23-09-2021 08:49:44.0896 AM
[ReportManager] Successfully created attachment [Screenshot - 1632386984835_waitForElementToBePresent_true_expectedToFail_WaitForElementToBePresent_failed] @23-09-2021 08:49:44.0897 A
[ReportManager] Browser Action [CloseCurrentWindow] successfully performed. @23-09-2021 08:49:45.0029 AM
[ReportManager] Successfully created attachment [Browser Action Test Data - CloseCurrentWindow - Actual Value] @23-09-2021 08:49:45.0030 A
[ReportManager] File Action [GetAbsolutePath] successfully performed. With the following test data [Relative Folder Path: "target/downloadedFiles/"]. @23-09-2021 08:49:45.0036 AM
[ReportManager] Attempting to run remotely on: [Linux-64], [GoogleChrome], [http://localhost:4444/wd/hub], Headless Execution. @23-09-2021 08:49:45.0036 AM
[ReportManager] Successfully Opened [GoogleChrome]. @23-09-2021 08:49:45.0216 A

################################################################################################################################################
Starting Execution:	[53 out of 144] test cases in the current suite
Test Method:		[unitTests.tests_element_elementActions.waitForElementToBePresent_true_expectedToPass]
################################################################################################################################################
[ReportManager] Target URL: [https://www.google.com/ncr], and after redirection: [www.google.com] @23-09-2021 08:49:45.0230 AM
[ReportManager] Initial URL: [data:,] @23-09-2021 08:49:45.0270 AM
[ReportManager] Browser Action [NavigateToURL] successfully performed. With the following test data [https://www.google.com/ncr]. @23-09-2021 08:49:46.0226 AM
[ReportManager] Waiting for element to be present; elementLocator [By.xpath: //*[@id='hplogo' or @alt='Google']], numberOfTries[1], stateOfPresence[true]... @23-09-2021 08:49:46.0226 AM
[ReportManager] Element Action [WaitForElementToBePresent] successfully performed. With the following test data [waited for the element's state of presence to be (true). Element locator (By.xpath: //*[@id='hplogo' or @alt='Google'])]. @23-09-2021 08:49:46.0284 AM
[ReportManager] File Action [DoesFileExist] successfully performed. With the following test data [File Path: "src/test/resources/DynamicObjectRepository/unitTests_tests_element_elementActions_waitForElementToBePresent_true_expectedToPass_By_xpath_id_hplogo_or_alt_Google.png"]. @23-09-2021 08:49:46.0288 AM
[ReportManager] File Action [DoesFileExist] successfully performed. With the following test data [File Path: "src/test/resources/DynamicObjectRepository/unitTests_tests_element_elementActions_waitForElementToBePresent_true_expectedToPass_By_xpath_id_hplogo_or_alt_Google.png"]. @23-09-2021 08:49:46.0423 AM
[ReportManager] Passing the test and saving a reference image @23-09-2021 08:49:46.0423 AM
[ReportManager] File Action [GetAbsolutePath] successfully performed. With the following test data [Relative File Path: "src/test/resources/DynamicObjectRepository/unitTests_tests_element_elementActions_waitForElementToBePresent_true_expectedToPass_By_xpath_id_hplogo_or_alt_Google.png"]. @23-09-2021 08:49:46.0424 AM
[ReportManager] File Action [WriteToFile] successfully performed. With the following test data [Target File Path: "/home/runner/work/SHAFT_ENGINE/SHAFT_ENGINE/src/test/resources/DynamicObjectRepository/unitTests_tests_element_elementActions_waitForElementToBePresent_true_expectedToPass_By_xpath_id_hplogo_or_alt_Google.png"]. @23-09-2021 08:49:46.0425 AM
[ReportManager] Assertion Passed: Using Visual AI; OpenCV @23-09-2021 08:49:46.0425 AM
[ReportManager] Successfully created attachment [Validation Test Data - Actual Screenshot] @23-09-2021 08:49:46.0426 AM
[ReportManager] Assertion [ValidateElementMatches] PASSED. Expected [Element should match the reference screenshot] and Actual [TRUE]. Comparison Type [EXACT_OPENCV]. Validation Type [POSITIVE]. @23-09-2021 08:49:46.0426 A
[ReportManager] Browser Action [CloseCurrentWindow] successfully performed. @23-09-2021 08:49:46.0562 AM
[ReportManager] Successfully created attachment [Browser Action Test Data - CloseCurrentWindow - Actual Value] @23-09-2021 08:49:46.0563 A
[ReportManager] File Action [GetAbsolutePath] successfully performed. With the following test data [Relative Folder Path: "target/downloadedFiles/"]. @23-09-2021 08:49:46.0567 AM
[ReportManager] Attempting to run remotely on: [Linux-64], [GoogleChrome], [http://localhost:4444/wd/hub], Headless Execution. @23-09-2021 08:49:46.0567 AM
[ReportManager] Successfully Opened [GoogleChrome]. @23-09-2021 08:49:46.0774 AM
[ReportManager] Target URL: [https://duckduckgo.com] @23-09-2021 08:49:46.0796 AM
[ReportManager] Initial URL: [data:,] @23-09-2021 08:49:46.0854 AM
[ReportManager] Browser Action [NavigateToURL] successfully performed. With the following test data [https://duckduckgo.com]. @23-09-2021 08:49:47.0557 A

################################################################################################################################################
Starting Execution:	[54 out of 144] test cases in the current suite
Test Method:		[unitTests.tests_browserActions.fullScreenWindow]
################################################################################################################################################
[ReportManager] Initial Windows Size: 800x600 @23-09-2021 08:49:47.0570 AM
[ReportManager] Initial window size: (800, 600) @23-09-2021 08:49:47.0572 AM
[ReportManager] Window size after Toolkit: (1920, 1080) @23-09-2021 08:49:47.0794 AM
[ReportManager] Browser Action [MaximizeWindow] successfully performed. With the following test data [New screen size is now: (1920, 1080)]. @23-09-2021 08:49:47.0797 AM
[ReportManager] Current Windows Size after fullScreen: 1920x1080 @23-09-2021 08:49:47.0801 AM
[ReportManager] Browser Action [FullScreenWindow] successfully performed. @23-09-2021 08:49:47.0816 AM
[ReportManager] Successfully created attachment [Browser Action Test Data - FullScreenWindow - Actual Value] @23-09-2021 08:49:47.0818 A
[ReportManager] Target URL: [https://duckduckgo.com] @23-09-2021 08:49:47.0820 AM
[ReportManager] Initial URL: [https://duckduckgo.com] @23-09-2021 08:49:47.0875 AM
[ReportManager] Browser Action [NavigateToURL] successfully performed. With the following test data [https://duckduckgo.com]. @23-09-2021 08:49:48.0242 AM
[ReportManager] Browser Action [CloseCurrentWindow] successfully performed. @23-09-2021 08:49:48.0351 AM
[ReportManager] Successfully created attachment [Browser Action Test Data - CloseCurrentWindow - Actual Value] @23-09-2021 08:49:48.0358 A
[ReportManager] File Action [GetAbsolutePath] successfully performed. With the following test data [Relative Folder Path: "target/downloadedFiles/"]. @23-09-2021 08:49:48.0360 AM
[ReportManager] Attempting to run remotely on: [Linux-64], [GoogleChrome], [http://localhost:4444/wd/hub], Headless Execution. @23-09-2021 08:49:48.0361 AM
[ReportManager] Successfully Opened [GoogleChrome]. @23-09-2021 08:49:48.0572 AM
[ReportManager] Target URL: [https://duckduckgo.com] @23-09-2021 08:49:48.0581 AM
[ReportManager] Initial URL: [data:,] @23-09-2021 08:49:48.0634 AM
[ReportManager] Browser Action [NavigateToURL] successfully performed. With the following test data [https://duckduckgo.com]. @23-09-2021 08:49:49.0306 A

################################################################################################################################################
Starting Execution:	[55 out of 144] test cases in the current suite
Test Method:		[unitTests.tests_browserActions.getCurrentURL]
################################################################################################################################################
[ReportManager] Browser Action [GetCurrentURL] successfully performed. With the following test data [https://duckduckgo.com/]. @23-09-2021 08:49:49.0341 A
[ReportManager] Target URL: [https://duckduckgo.com] @23-09-2021 08:49:49.0343 AM
[ReportManager] Initial URL: [https://duckduckgo.com] @23-09-2021 08:49:49.0400 AM
[ReportManager] Browser Action [NavigateToURL] successfully performed. With the following test data [https://duckduckgo.com]. @23-09-2021 08:49:49.0743 AM
[ReportManager] Browser Action [CloseCurrentWindow] successfully performed. @23-09-2021 08:49:49.0845 AM
[ReportManager] Successfully created attachment [Browser Action Test Data - CloseCurrentWindow - Actual Value] @23-09-2021 08:49:49.0846 A
[ReportManager] File Action [GetAbsolutePath] successfully performed. With the following test data [Relative Folder Path: "target/downloadedFiles/"]. @23-09-2021 08:49:49.0848 AM
[ReportManager] Attempting to run remotely on: [Linux-64], [GoogleChrome], [http://localhost:4444/wd/hub], Headless Execution. @23-09-2021 08:49:49.0849 AM
[ReportManager] Successfully Opened [GoogleChrome]. @23-09-2021 08:49:50.0054 AM
[ReportManager] Target URL: [https://duckduckgo.com] @23-09-2021 08:49:50.0070 AM
[ReportManager] Initial URL: [data:,] @23-09-2021 08:49:50.0128 AM
[ReportManager] Browser Action [NavigateToURL] successfully performed. With the following test data [https://duckduckgo.com]. @23-09-2021 08:49:50.0845 A

################################################################################################################################################
Starting Execution:	[56 out of 144] test cases in the current suite
Test Method:		[unitTests.tests_browserActions.getCurrentWindowTitle]
################################################################################################################################################
[ReportManager] Browser Action [GetCurrentWindowTitle] successfully performed. With the following test data [DuckDuckGo  Privacy, simplified.]. @23-09-2021 08:49:50.0912 A
[ReportManager] Target URL: [https://duckduckgo.com] @23-09-2021 08:49:50.0919 AM
[ReportManager] Initial URL: [https://duckduckgo.com] @23-09-2021 08:49:50.0998 AM
[ReportManager] Browser Action [NavigateToURL] successfully performed. With the following test data [https://duckduckgo.com]. @23-09-2021 08:49:51.0382 AM
[ReportManager] Browser Action [CloseCurrentWindow] successfully performed. @23-09-2021 08:49:51.0476 AM
[ReportManager] Successfully created attachment [Browser Action Test Data - CloseCurrentWindow - Actual Value] @23-09-2021 08:49:51.0482 A
[ReportManager] File Action [GetAbsolutePath] successfully performed. With the following test data [Relative Folder Path: "target/downloadedFiles/"]. @23-09-2021 08:49:51.0488 AM
[ReportManager] Attempting to run remotely on: [Linux-64], [GoogleChrome], [http://localhost:4444/wd/hub], Headless Execution. @23-09-2021 08:49:51.0489 AM
[ReportManager] Successfully Opened [GoogleChrome]. @23-09-2021 08:49:51.0911 AM
[ReportManager] Target URL: [https://duckduckgo.com] @23-09-2021 08:49:51.0924 AM
[ReportManager] Initial URL: [data:,] @23-09-2021 08:49:51.0976 AM
[ReportManager] Browser Action [NavigateToURL] successfully performed. With the following test data [https://duckduckgo.com]. @23-09-2021 08:49:52.0617 A

################################################################################################################################################
Starting Execution:	[57 out of 144] test cases in the current suite
Test Method:		[unitTests.tests_browserActions.getPageSource]
################################################################################################################################################
[ReportManager] Browser Action [GetPageSource] successfully performed. @23-09-2021 08:49:52.0679 AM
[ReportManager] Successfully created attachment [Browser Action Test Data - GetPageSource - Actual Value] @23-09-2021 08:49:52.0680 A
[ReportManager] Target URL: [https://duckduckgo.com] @23-09-2021 08:49:52.0683 AM
[ReportManager] Initial URL: [https://duckduckgo.com] @23-09-2021 08:49:52.0736 AM
[ReportManager] Browser Action [NavigateToURL] successfully performed. With the following test data [https://duckduckgo.com]. @23-09-2021 08:49:53.0054 AM
[ReportManager] Browser Action [CloseCurrentWindow] successfully performed. @23-09-2021 08:49:53.0151 AM
[ReportManager] Successfully created attachment [Browser Action Test Data - CloseCurrentWindow - Actual Value] @23-09-2021 08:49:53.0152 A
[ReportManager] File Action [GetAbsolutePath] successfully performed. With the following test data [Relative Folder Path: "target/downloadedFiles/"]. @23-09-2021 08:49:53.0154 AM
[ReportManager] Attempting to run remotely on: [Linux-64], [GoogleChrome], [http://localhost:4444/wd/hub], Headless Execution. @23-09-2021 08:49:53.0154 AM
[ReportManager] Successfully Opened [GoogleChrome]. @23-09-2021 08:49:53.0420 AM
[ReportManager] Target URL: [https://duckduckgo.com] @23-09-2021 08:49:53.0430 AM
[ReportManager] Initial URL: [data:,] @23-09-2021 08:49:53.0468 AM
[ReportManager] Browser Action [NavigateToURL] successfully performed. With the following test data [https://duckduckgo.com]. @23-09-2021 08:49:54.0080 A

################################################################################################################################################
Starting Execution:	[58 out of 144] test cases in the current suite
Test Method:		[unitTests.tests_browserActions.getWindowHandle]
################################################################################################################################################
[ReportManager] Browser Action [GetWindowHandle] successfully performed. With the following test data [CDwindow-305FD3B116097E2631047FB7D2989010]. @23-09-2021 08:49:54.0119 A
[ReportManager] Target URL: [https://duckduckgo.com] @23-09-2021 08:49:54.0123 AM
[ReportManager] Initial URL: [https://duckduckgo.com] @23-09-2021 08:49:54.0177 AM
[ReportManager] Browser Action [NavigateToURL] successfully performed. With the following test data [https://duckduckgo.com]. @23-09-2021 08:49:54.0487 AM
[ReportManager] Browser Action [CloseCurrentWindow] successfully performed. @23-09-2021 08:49:54.0587 AM
[ReportManager] Successfully created attachment [Browser Action Test Data - CloseCurrentWindow - Actual Value] @23-09-2021 08:49:54.0587 A
[ReportManager] File Action [GetAbsolutePath] successfully performed. With the following test data [Relative Folder Path: "target/downloadedFiles/"]. @23-09-2021 08:49:54.0591 AM
[ReportManager] Attempting to run remotely on: [Linux-64], [GoogleChrome], [http://localhost:4444/wd/hub], Headless Execution. @23-09-2021 08:49:54.0591 AM
[ReportManager] Successfully Opened [GoogleChrome]. @23-09-2021 08:49:54.0778 AM
[ReportManager] Target URL: [https://duckduckgo.com] @23-09-2021 08:49:54.0788 AM
[ReportManager] Initial URL: [data:,] @23-09-2021 08:49:54.0825 AM
[ReportManager] Browser Action [NavigateToURL] successfully performed. With the following test data [https://duckduckgo.com]. @23-09-2021 08:49:55.0438 A

################################################################################################################################################
Starting Execution:	[59 out of 144] test cases in the current suite
Test Method:		[unitTests.tests_browserActions.getWindowPosition]
################################################################################################################################################
[ReportManager] Browser Action [GetWindowPosition] successfully performed. With the following test data [(0, 0)]. @23-09-2021 08:49:55.0472 A
[ReportManager] Target URL: [https://duckduckgo.com] @23-09-2021 08:49:55.0475 AM
[ReportManager] Initial URL: [https://duckduckgo.com] @23-09-2021 08:49:55.0535 AM
[ReportManager] Browser Action [NavigateToURL] successfully performed. With the following test data [https://duckduckgo.com]. @23-09-2021 08:49:55.0880 AM
[ReportManager] Browser Action [CloseCurrentWindow] successfully performed. @23-09-2021 08:49:55.0978 AM
[ReportManager] Successfully created attachment [Browser Action Test Data - CloseCurrentWindow - Actual Value] @23-09-2021 08:49:55.0984 A
[ReportManager] File Action [GetAbsolutePath] successfully performed. With the following test data [Relative Folder Path: "target/downloadedFiles/"]. @23-09-2021 08:49:55.0987 AM
[ReportManager] Attempting to run remotely on: [Linux-64], [GoogleChrome], [http://localhost:4444/wd/hub], Headless Execution. @23-09-2021 08:49:55.0987 AM
[ReportManager] Successfully Opened [GoogleChrome]. @23-09-2021 08:49:56.0163 AM
[ReportManager] Target URL: [https://duckduckgo.com] @23-09-2021 08:49:56.0184 AM
[ReportManager] Initial URL: [data:,] @23-09-2021 08:49:56.0225 AM
[ReportManager] Browser Action [NavigateToURL] successfully performed. With the following test data [https://duckduckgo.com]. @23-09-2021 08:49:56.0829 A

################################################################################################################################################
Starting Execution:	[60 out of 144] test cases in the current suite
Test Method:		[unitTests.tests_browserActions.getWindowSize]
################################################################################################################################################
[ReportManager] Browser Action [GetWindowSize] successfully performed. With the following test data [(800, 600)]. @23-09-2021 08:49:56.0869 A
[ReportManager] Target URL: [https://duckduckgo.com] @23-09-2021 08:49:56.0872 AM
[ReportManager] Initial URL: [https://duckduckgo.com] @23-09-2021 08:49:56.0926 AM
[ReportManager] Browser Action [NavigateToURL] successfully performed. With the following test data [https://duckduckgo.com]. @23-09-2021 08:49:57.0266 AM
[ReportManager] Browser Action [CloseCurrentWindow] successfully performed. @23-09-2021 08:49:57.0365 AM
[ReportManager] Successfully created attachment [Browser Action Test Data - CloseCurrentWindow - Actual Value] @23-09-2021 08:49:57.0365 A
[ReportManager] File Action [GetAbsolutePath] successfully performed. With the following test data [Relative Folder Path: "target/downloadedFiles/"]. @23-09-2021 08:49:57.0368 AM
[ReportManager] Attempting to run remotely on: [Linux-64], [GoogleChrome], [http://localhost:4444/wd/hub], Headless Execution. @23-09-2021 08:49:57.0368 AM
[ReportManager] Successfully Opened [GoogleChrome]. @23-09-2021 08:49:57.0556 AM
[ReportManager] Target URL: [https://duckduckgo.com] @23-09-2021 08:49:57.0570 AM
[ReportManager] Initial URL: [data:,] @23-09-2021 08:49:57.0611 AM
[ReportManager] Browser Action [NavigateToURL] successfully performed. With the following test data [https://duckduckgo.com]. @23-09-2021 08:49:58.0201 A

################################################################################################################################################
Starting Execution:	[61 out of 144] test cases in the current suite
Test Method:		[unitTests.tests_browserActions.maximizeWindow]
################################################################################################################################################
[ReportManager] Initial window size: (800, 600) @23-09-2021 08:49:58.0212 AM
[ReportManager] Window size after Toolkit: (1920, 1080) @23-09-2021 08:49:58.0429 AM
[ReportManager] Browser Action [MaximizeWindow] successfully performed. With the following test data [New screen size is now: (1920, 1080)]. @23-09-2021 08:49:58.0437 A
[ReportManager] Target URL: [https://duckduckgo.com] @23-09-2021 08:49:58.0439 AM
[ReportManager] Initial URL: [https://duckduckgo.com] @23-09-2021 08:49:58.0510 AM
[ReportManager] Browser Action [NavigateToURL] successfully performed. With the following test data [https://duckduckgo.com]. @23-09-2021 08:49:58.0842 AM
[ReportManager] Browser Action [CloseCurrentWindow] successfully performed. @23-09-2021 08:49:58.0954 AM
[ReportManager] Successfully created attachment [Browser Action Test Data - CloseCurrentWindow - Actual Value] @23-09-2021 08:49:58.0954 A
[ReportManager] File Action [GetAbsolutePath] successfully performed. With the following test data [Relative Folder Path: "target/downloadedFiles/"]. @23-09-2021 08:49:58.0959 AM
[ReportManager] Attempting to run remotely on: [Linux-64], [GoogleChrome], [http://localhost:4444/wd/hub], Headless Execution. @23-09-2021 08:49:58.0959 AM
[ReportManager] Successfully Opened [GoogleChrome]. @23-09-2021 08:49:59.0147 AM
[ReportManager] Target URL: [https://duckduckgo.com] @23-09-2021 08:49:59.0168 AM
[ReportManager] Initial URL: [data:,] @23-09-2021 08:49:59.0208 AM
[ReportManager] Browser Action [NavigateToURL] successfully performed. With the following test data [https://duckduckgo.com]. @23-09-2021 08:49:59.0794 A

################################################################################################################################################
Starting Execution:	[62 out of 144] test cases in the current suite
Test Method:		[unitTests.tests_browserActions.navigateBack]
################################################################################################################################################
[ReportManager] Target URL: [https://www.google.com/ncr], and after redirection: [https://www.google.com] @23-09-2021 08:49:59.0802 AM
[ReportManager] Initial URL: [https://duckduckgo.com] @23-09-2021 08:49:59.0856 AM
[ReportManager] Browser Action [NavigateToURL] successfully performed. With the following test data [https://www.google.com/ncr]. @23-09-2021 08:50:00.0666 AM
[ReportManager] Browser Action [NavigateBack] successfully performed. With the following test data [https://duckduckgo.com/]. @23-09-2021 08:50:00.0994 AM
[ReportManager] Browser Action [GetCurrentURL] successfully performed. With the following test data [https://duckduckgo.com/]. @23-09-2021 08:50:01.0025 AM
[ReportManager] Assertion Passed: Confirming that navigating back was successful @23-09-2021 08:50:01.0175 AM
[ReportManager] Successfully created attachment [Screenshot - 1632387001099_navigateBack_ValidateBrowserAttribute_passed] @23-09-2021 08:50:01.0176 AM
[ReportManager] Assertion [ValidateBrowserAttribute] PASSED. Expected [Value Should be 'https://duckduckgo.com' for the 'CurrentUrl' attribute] and Actual [https://duckduckgo.com/]. Comparison Type [CONTAINS]. Validation Type [POSITIVE]. @23-09-2021 08:50:01.0176 A
[ReportManager] Target URL: [https://duckduckgo.com] @23-09-2021 08:50:01.0177 AM
[ReportManager] Initial URL: [https://duckduckgo.com] @23-09-2021 08:50:01.0231 AM
[ReportManager] Browser Action [NavigateToURL] successfully performed. With the following test data [https://duckduckgo.com]. @23-09-2021 08:50:01.0522 AM
[ReportManager] Browser Action [CloseCurrentWindow] successfully performed. @23-09-2021 08:50:01.0625 AM
[ReportManager] Successfully created attachment [Browser Action Test Data - CloseCurrentWindow - Actual Value] @23-09-2021 08:50:01.0625 A
[ReportManager] File Action [GetAbsolutePath] successfully performed. With the following test data [Relative Folder Path: "target/downloadedFiles/"]. @23-09-2021 08:50:01.0629 AM
[ReportManager] Attempting to run remotely on: [Linux-64], [GoogleChrome], [http://localhost:4444/wd/hub], Headless Execution. @23-09-2021 08:50:01.0629 AM
[ReportManager] Successfully Opened [GoogleChrome]. @23-09-2021 08:50:01.0805 AM
[ReportManager] Target URL: [https://duckduckgo.com] @23-09-2021 08:50:01.0818 AM
[ReportManager] Initial URL: [data:,] @23-09-2021 08:50:01.0862 AM
[ReportManager] Browser Action [NavigateToURL] successfully performed. With the following test data [https://duckduckgo.com]. @23-09-2021 08:50:02.0489 A

################################################################################################################################################
Starting Execution:	[63 out of 144] test cases in the current suite
Test Method:		[unitTests.tests_browserActions.navigateForward]
################################################################################################################################################
[ReportManager] Target URL: [https://www.google.com/ncr], and after redirection: [https://www.google.com] @23-09-2021 08:50:02.0492 AM
[ReportManager] Initial URL: [https://duckduckgo.com] @23-09-2021 08:50:02.0547 AM
[ReportManager] Browser Action [NavigateToURL] successfully performed. With the following test data [https://www.google.com/ncr]. @23-09-2021 08:50:03.0337 AM
[ReportManager] Browser Action [NavigateBack] successfully performed. With the following test data [https://duckduckgo.com/]. @23-09-2021 08:50:03.0673 AM
[ReportManager] Browser Action [NavigateForward] successfully performed. With the following test data [https://www.google.com/]. @23-09-2021 08:50:04.0090 A
[ReportManager] Target URL: [https://duckduckgo.com] @23-09-2021 08:50:04.0091 AM
[ReportManager] Initial URL: [https://www.google.com] @23-09-2021 08:50:04.0174 AM
[ReportManager] Browser Action [NavigateToURL] successfully performed. With the following test data [https://duckduckgo.com]. @23-09-2021 08:50:04.0638 AM
[ReportManager] Browser Action [CloseCurrentWindow] successfully performed. @23-09-2021 08:50:04.0744 AM
[ReportManager] Successfully created attachment [Browser Action Test Data - CloseCurrentWindow - Actual Value] @23-09-2021 08:50:04.0744 A
[ReportManager] File Action [GetAbsolutePath] successfully performed. With the following test data [Relative Folder Path: "target/downloadedFiles/"]. @23-09-2021 08:50:04.0752 AM
[ReportManager] Attempting to run remotely on: [Linux-64], [GoogleChrome], [http://localhost:4444/wd/hub], Headless Execution. @23-09-2021 08:50:04.0754 AM
[ReportManager] Successfully Opened [GoogleChrome]. @23-09-2021 08:50:04.0943 AM
[ReportManager] Target URL: [https://duckduckgo.com] @23-09-2021 08:50:04.0957 AM
[ReportManager] Initial URL: [data:,] @23-09-2021 08:50:05.0002 AM
[ReportManager] Browser Action [NavigateToURL] successfully performed. With the following test data [https://duckduckgo.com]. @23-09-2021 08:50:05.0609 A

################################################################################################################################################
Starting Execution:	[64 out of 144] test cases in the current suite
Test Method:		[unitTests.tests_browserActions.navigateToURL]
################################################################################################################################################
[ReportManager] Target URL: [https://duckduckgo.com] @23-09-2021 08:50:05.0628 AM
[ReportManager] Initial URL: [https://duckduckgo.com] @23-09-2021 08:50:05.0687 AM
[ReportManager] Browser Action [NavigateToURL] successfully performed. With the following test data [https://duckduckgo.com]. @23-09-2021 08:50:06.0002 A
[ReportManager] Target URL: [https://duckduckgo.com] @23-09-2021 08:50:06.0005 AM
[ReportManager] Initial URL: [https://duckduckgo.com] @23-09-2021 08:50:06.0052 AM
[ReportManager] Browser Action [NavigateToURL] successfully performed. With the following test data [https://duckduckgo.com]. @23-09-2021 08:50:06.0343 AM
[ReportManager] Browser Action [CloseCurrentWindow] successfully performed. @23-09-2021 08:50:06.0454 AM
[ReportManager] Successfully created attachment [Browser Action Test Data - CloseCurrentWindow - Actual Value] @23-09-2021 08:50:06.0455 A
[ReportManager] File Action [GetAbsolutePath] successfully performed. With the following test data [Relative Folder Path: "target/downloadedFiles/"]. @23-09-2021 08:50:06.0458 AM
[ReportManager] Attempting to run remotely on: [Linux-64], [GoogleChrome], [http://localhost:4444/wd/hub], Headless Execution. @23-09-2021 08:50:06.0458 AM
[ReportManager] Successfully Opened [GoogleChrome]. @23-09-2021 08:50:06.0634 AM
[ReportManager] Target URL: [https://duckduckgo.com] @23-09-2021 08:50:06.0645 AM
[ReportManager] Initial URL: [data:,] @23-09-2021 08:50:06.0681 AM
[ReportManager] Browser Action [NavigateToURL] successfully performed. With the following test data [https://duckduckgo.com]. @23-09-2021 08:50:07.0268 A

################################################################################################################################################
Starting Execution:	[65 out of 144] test cases in the current suite
Test Method:		[unitTests.tests_browserActions.navigateToURLWithRedirection]
################################################################################################################################################
[ReportManager] Target URL: [https://www.google.com/ncr], and after redirection: [https://www.google.com] @23-09-2021 08:50:07.0271 AM
[ReportManager] Initial URL: [https://duckduckgo.com] @23-09-2021 08:50:07.0323 AM
[ReportManager] Browser Action [NavigateToURL] successfully performed. With the following test data [https://www.google.com/ncr]. @23-09-2021 08:50:08.0122 A
[ReportManager] Target URL: [https://duckduckgo.com] @23-09-2021 08:50:08.0125 AM
[ReportManager] Initial URL: [https://www.google.com] @23-09-2021 08:50:08.0201 AM
[ReportManager] Browser Action [NavigateToURL] successfully performed. With the following test data [https://duckduckgo.com]. @23-09-2021 08:50:08.0700 AM
[ReportManager] Browser Action [CloseCurrentWindow] successfully performed. @23-09-2021 08:50:08.0800 AM
[ReportManager] Successfully created attachment [Browser Action Test Data - CloseCurrentWindow - Actual Value] @23-09-2021 08:50:08.0805 A
[ReportManager] File Action [GetAbsolutePath] successfully performed. With the following test data [Relative Folder Path: "target/downloadedFiles/"]. @23-09-2021 08:50:08.0807 AM
[ReportManager] Attempting to run remotely on: [Linux-64], [GoogleChrome], [http://localhost:4444/wd/hub], Headless Execution. @23-09-2021 08:50:08.0807 AM
[ReportManager] Successfully Opened [GoogleChrome]. @23-09-2021 08:50:08.0999 AM
[ReportManager] Target URL: [https://duckduckgo.com] @23-09-2021 08:50:09.0010 AM
[ReportManager] Initial URL: [data:,] @23-09-2021 08:50:09.0057 AM
[ReportManager] Browser Action [NavigateToURL] successfully performed. With the following test data [https://duckduckgo.com]. @23-09-2021 08:50:09.0674 A

################################################################################################################################################
Starting Execution:	[66 out of 144] test cases in the current suite
Test Method:		[unitTests.tests_browserActions.refreshCurrentPage]
################################################################################################################################################
[ReportManager] Browser Action [RefreshCurrentPage] successfully performed. @23-09-2021 08:50:09.0865 AM
[ReportManager] Successfully created attachment [Browser Action Test Data - RefreshCurrentPage - Actual Value] @23-09-2021 08:50:09.0866 A
[ReportManager] Target URL: [https://duckduckgo.com] @23-09-2021 08:50:09.0869 AM
[ReportManager] Initial URL: [https://duckduckgo.com] @23-09-2021 08:50:09.0926 AM
[ReportManager] Browser Action [NavigateToURL] successfully performed. With the following test data [https://duckduckgo.com]. @23-09-2021 08:50:10.0230 AM
[ReportManager] Browser Action [CloseCurrentWindow] successfully performed. @23-09-2021 08:50:10.0326 AM
[ReportManager] Successfully created attachment [Browser Action Test Data - CloseCurrentWindow - Actual Value] @23-09-2021 08:50:10.0327 A
[ReportManager] File Action [GetAbsolutePath] successfully performed. With the following test data [Relative Folder Path: "target/downloadedFiles/"]. @23-09-2021 08:50:10.0329 AM
[ReportManager] Attempting to run remotely on: [Linux-64], [GoogleChrome], [http://localhost:4444/wd/hub], Headless Execution. @23-09-2021 08:50:10.0329 AM
[ReportManager] Successfully Opened [GoogleChrome]. @23-09-2021 08:50:10.0531 AM
[ReportManager] Target URL: [https://duckduckgo.com] @23-09-2021 08:50:10.0543 AM
[ReportManager] Initial URL: [data:,] @23-09-2021 08:50:10.0578 AM
[ReportManager] Browser Action [NavigateToURL] successfully performed. With the following test data [https://duckduckgo.com]. @23-09-2021 08:50:11.0211 A

################################################################################################################################################
Starting Execution:	[67 out of 144] test cases in the current suite
Test Method:		[unitTests.tests_browserActions.setWindowSize]
################################################################################################################################################
[ReportManager] Initial window size: (800, 600) @23-09-2021 08:50:11.0218 AM
[ReportManager] Window size after SWD: (1280, 720) @23-09-2021 08:50:11.0439 AM
[ReportManager] Browser Action [SetWindowSize] successfully performed. With the following test data [New screen size is now: (1280, 720)]. @23-09-2021 08:50:11.0443 A
[ReportManager] Target URL: [https://duckduckgo.com] @23-09-2021 08:50:11.0455 AM
[ReportManager] Initial URL: [https://duckduckgo.com] @23-09-2021 08:50:11.0529 AM
[ReportManager] Browser Action [NavigateToURL] successfully performed. With the following test data [https://duckduckgo.com]. @23-09-2021 08:50:11.0875 AM
[ReportManager] Browser Action [CloseCurrentWindow] successfully performed. @23-09-2021 08:50:11.0978 AM
[ReportManager] Successfully created attachment [Browser Action Test Data - CloseCurrentWindow - Actual Value] @23-09-2021 08:50:11.0978 A
[ReportManager] Successfully loaded the following test data file [src/test/resources/TestDataFiles/testSuite01/TestData.xlsx]. @23-09-2021 08:50:12.0768 AM
[ReportManager] Successfully created attachment [Test Data - Excel] @23-09-2021 08:50:12.0768 A

################################################################################################################################################
Starting Execution:	[68 out of 144] test cases in the current suite
Test Method:		[unitTests.tests_io_excelFileManager.getCellData_rowName_expectedToPass]
################################################################################################################################################
[ReportManager] testRowData. @23-09-2021 08:50:12.0782 A
[ReportManager] Successfully loaded the following test data file [src/test/resources/TestDataFiles/testSuite01/TestData.xlsx]. @23-09-2021 08:50:12.0810 AM
[ReportManager] Successfully created attachment [Test Data - Excel] @23-09-2021 08:50:12.0810 AM
[ReportManager] File Action [GetAbsolutePath] successfully performed. With the following test data [Relative Folder Path: "target/downloadedFiles/"]. @23-09-2021 08:50:12.0810 AM
[ReportManager] Attempting to run remotely on: [Linux-64], [GoogleChrome], [http://localhost:4444/wd/hub], Headless Execution. @23-09-2021 08:50:12.0811 AM
[ReportManager] Successfully Opened [GoogleChrome]. @23-09-2021 08:50:13.0072 A

################################################################################################################################################
Starting Execution:	[69 out of 144] test cases in the current suite
Test Method:		[testPackage01.Test_google.navigateToURLandVerifyGoogleLogoIsDisplayed]
Test Description:	[TC001 - Navigate to URL and Verify Google Logo is Displayed]
################################################################################################################################################
[ReportManager] Target URL: [https://www.google.com/ncr], and after redirection: [https://www.google.com] @23-09-2021 08:50:13.0095 AM
[ReportManager] Initial URL: [data:,] @23-09-2021 08:50:13.0144 AM
[ReportManager] Browser Action [NavigateToURL] successfully performed. With the following test data [https://www.google.com/ncr]. @23-09-2021 08:50:14.0147 AM
[ReportManager] Loaded Shared OpenCV @23-09-2021 08:50:14.0381 AM
[ReportManager] Assertion [ValidateElementExists] PASSED. Expected [Element Should Exist, locator 'By.xpath: //*[@id='hplogo' or @alt='Google']'] and Actual [Element Exists]. Comparison Type [EQUALS]. Validation Type [POSITIVE]. @23-09-2021 08:50:14.0459 AM
[ReportManager] Successfully created attachment [Screenshot - 1632387014381_navigateToURLandVerifyGoogleLogoIsDisplayed_ValidateElementExists_passed] @23-09-2021 08:50:14.0459 A

################################################################################################################################################
Starting Execution:	[70 out of 144] test cases in the current suite
Test Method:		[testPackage01.Test_google.searchForQueryandAssertResultsNumDisplayed]
Test Description:	[TC002 - Search for Query and Assert that the number of results is displayed]
################################################################################################################################################
[ReportManager] Element Action [Type] successfully performed. With the following test data [SHAFT_Engine]. @23-09-2021 08:50:14.0853 AM
[ReportManager] Element Action [KeyPress] successfully performed. With the following test data [Enter]. @23-09-2021 08:50:16.0637 AM
[ReportManager] Element Action [GetText] successfully performed. With the following test data [About 836,000 results (0.80 seconds) ]. @23-09-2021 08:50:16.0730 AM
[ReportManager] Loaded Shared OpenCV @23-09-2021 08:50:16.0870 AM
[ReportManager] Assertion [ValidateElementAttribute] PASSED. Expected [Value Should not be '' for the 'Text' attribute, element locator 'By.id: appbar'] and Actual [About 836,000 results (0.80 seconds) ]. Comparison Type [EQUALS]. Validation Type [NEGATIVE]. @23-09-2021 08:50:16.0990 AM
[ReportManager] Successfully created attachment [Screenshot - 1632387016870_searchForQueryandAssertResultsNumDisplayed_ValidateElementAttribute_passed] @23-09-2021 08:50:16.0992 A

################################################################################################################################################
Starting Execution:	[71 out of 144] test cases in the current suite
Test Method:		[testPackage01.Test_google.clickNextThrice]
Test Description:	[TC003 - Clicks the next button to make sure that the framework can scroll element into view before clicking it]
################################################################################################################################################
[ReportManager] Element Action [Click] successfully performed. With the following test data [Next]. @23-09-2021 08:50:18.0906 A
[ReportManager] Browser Action [CloseCurrentWindow] successfully performed. @23-09-2021 08:50:19.0129 AM
[ReportManager] Successfully created attachment [Browser Action Test Data - CloseCurrentWindow - Actual Value] @23-09-2021 08:50:19.0131 A

################################################################################################################################################
Starting Execution:	[72 out of 144] test cases in the current suite
Test Method:		[testPackage01.Test_testData.f]
################################################################################################################################################
[ReportManager] Successfully loaded the following test data file [src/test/resources/TestDataFiles/testSuite01/TestData.xlsx]. @23-09-2021 08:50:19.0166 AM
[ReportManager] Successfully created attachment [Test Data - Excel] @23-09-2021 08:50:19.0166 AM
[ReportManager] Last Column Number is: [3]. Zero-based. @23-09-2021 08:50:19.0166 A

################################################################################################################################################
Starting Execution:	[73 out of 144] test cases in the current suite
Test Method:		[testPackage01.Test_PDF.testPDF_Downloaded]
################################################################################################################################################
[ReportManager] File Action [DoesFileExist] successfully performed. With the following test data [File Path: "src/test/resources/TestDataFiles/sample.pdf"]. @23-09-2021 08:50:19.0180 AM
[ReportManager] File Action [GetAbsolutePath] successfully performed. With the following test data [Relative File Path: "src/test/resources/TestDataFiles/sample.pdf"]. @23-09-2021 08:50:19.0180 AM
[ReportManager] Assertion [ValidateTrue] PASSED. Expected [TRUE] and Actual [TRUE]. Validation Type [POSITIVE]. @23-09-2021 08:50:19.0596 A

################################################################################################################################################
Starting Execution:	[74 out of 144] test cases in the current suite
Test Method:		[testPackage01.Test_JSONFileManager.readStringFromJson]
################################################################################################################################################
[ReportManager] Successfully loaded the following test data file [src/test/resources/TestDataFiles/simpleJSON.json]. @23-09-2021 08:50:19.0606 AM
[ReportManager] Successfully created attachment [Test Data - JSON] @23-09-2021 08:50:19.0607 AM
[ReportManager] Assertion [ValidateEquals] PASSED. Expected [Mohab Mohie] and Actual [Mohab Mohie]. Comparison Type [EQUALS]. Validation Type [POSITIVE]. @23-09-2021 08:50:19.0620 A
[ReportManager] File Action [GetAbsolutePath] successfully performed. With the following test data [Relative Folder Path: "target/downloadedFiles/"]. @23-09-2021 08:50:19.0624 AM
[ReportManager] Attempting to run remotely on: [Linux-64], [GoogleChrome], [http://localhost:4444/wd/hub], Headless Execution. @23-09-2021 08:50:19.0624 AM
[ReportManager] Successfully Opened [GoogleChrome]. @23-09-2021 08:50:19.0921 A

################################################################################################################################################
Starting Execution:	[75 out of 144] test cases in the current suite
Test Method:		[testPackage01.Test_dragAndDrop.dragAndDropJquery]
################################################################################################################################################
[ReportManager] Target URL: [https://jqueryui.com/resources/demos/droppable/default.html] @23-09-2021 08:50:19.0937 AM
[ReportManager] Initial URL: [data:,] @23-09-2021 08:50:19.0977 AM
[ReportManager] Browser Action [NavigateToURL] successfully performed. With the following test data [https://jqueryui.com/resources/demos/droppable/default.html]. @23-09-2021 08:50:20.0509 AM
[ReportManager] Element Action [GetText] successfully performed. With the following test data [Drop here]. @23-09-2021 08:50:20.0619 AM
[ReportManager] Element Action [DragAndDrop] successfully performed. With the following test data [Start point: (8, 18), End point: (8, 18)]. @23-09-2021 08:50:21.0970 AM
[ReportManager] Element Action [GetText] successfully performed. With the following test data [Dropped!]. @23-09-2021 08:50:22.0028 AM
[ReportManager] Assertion Passed: Checking to see if the text has changed after performing drag and drop @23-09-2021 08:50:22.0028 AM
[ReportManager] Assertion [ValidateEquals] PASSED. Expected [Drop here] and Actual [Dropped!]. Comparison Type [EQUALS]. Validation Type [NEGATIVE]. @23-09-2021 08:50:22.0028 A
[ReportManager] Browser Action [CloseCurrentWindow] successfully performed. @23-09-2021 08:50:22.0134 AM
[ReportManager] Successfully created attachment [Browser Action Test Data - CloseCurrentWindow - Actual Value] @23-09-2021 08:50:22.0135 A
[ReportManager] File Action [GetAbsolutePath] successfully performed. With the following test data [Relative Folder Path: "target/downloadedFiles/"]. @23-09-2021 08:50:22.0139 AM
[ReportManager] Attempting to run remotely on: [Linux-64], [GoogleChrome], [http://localhost:4444/wd/hub], Headless Execution. @23-09-2021 08:50:22.0140 AM
[ReportManager] Successfully Opened [GoogleChrome]. @23-09-2021 08:50:22.0355 A

################################################################################################################################################
Starting Execution:	[76 out of 144] test cases in the current suite
Test Method:		[testPackage01.Test_dragAndDrop.dragAndDrop]
Test Description:	[TC001 - Test Drag and Drop function.]
################################################################################################################################################
[ReportManager] Target URL: [http://the-internet.herokuapp.com/drag_and_drop] @23-09-2021 08:50:22.0370 AM
[ReportManager] Initial URL: [data:,] @23-09-2021 08:50:22.0411 AM
[ReportManager] Browser Action [NavigateToURL] successfully performed. With the following test data [http://the-internet.herokuapp.com/drag_and_drop]. @23-09-2021 08:50:22.0989 AM
[ReportManager] Attempting Drag and Drop @23-09-2021 08:50:22.0989 AM
[ReportManager] Element Action [DragAndDrop] successfully performed. With the following test data [Start point: (32, 89), End point: (247, 89)]. @23-09-2021 08:50:24.0182 A
[ReportManager] Browser Action [CloseCurrentWindow] successfully performed. @23-09-2021 08:50:24.0274 AM
[ReportManager] Successfully created attachment [Browser Action Test Data - CloseCurrentWindow - Actual Value] @23-09-2021 08:50:24.0275 A
[ReportManager] File Action [GetAbsolutePath] successfully performed. With the following test data [Relative Folder Path: "target/downloadedFiles/"]. @23-09-2021 08:50:24.0276 AM
[ReportManager] Attempting to run remotely on: [Linux-64], [GoogleChrome], [http://localhost:4444/wd/hub], Headless Execution. @23-09-2021 08:50:24.0276 AM
[ReportManager] Successfully Opened [GoogleChrome]. @23-09-2021 08:50:24.0475 A

################################################################################################################################################
Starting Execution:	[77 out of 144] test cases in the current suite
Test Method:		[testPackage01.Test_dragAndDrop.dragAndDropByOffset]
Test Description:	[TC002 - Test Drag and Drop by offset function.]
################################################################################################################################################
[ReportManager] Target URL: [https://jqueryui.com/resources/demos/draggable/default.html] @23-09-2021 08:50:24.0487 AM
[ReportManager] Initial URL: [data:,] @23-09-2021 08:50:24.0527 AM
[ReportManager] Browser Action [NavigateToURL] successfully performed. With the following test data [https://jqueryui.com/resources/demos/draggable/default.html]. @23-09-2021 08:50:24.0991 AM
[ReportManager] Element Action [DragAndDropByOffset] successfully performed. With the following test data [Start point: (8, 8), End point: (108, 58)]. @23-09-2021 08:50:25.0160 A
[ReportManager] Browser Action [CloseCurrentWindow] successfully performed. @23-09-2021 08:50:25.0250 AM
[ReportManager] Successfully created attachment [Browser Action Test Data - CloseCurrentWindow - Actual Value] @23-09-2021 08:50:25.0251 A
[ReportManager] File Action [GetAbsolutePath] successfully performed. With the following test data [Relative Folder Path: "target/downloadedFiles/"]. @23-09-2021 08:50:25.0252 AM
[ReportManager] Attempting to run remotely on: [Linux-64], [GoogleChrome], [http://localhost:4444/wd/hub], Headless Execution. @23-09-2021 08:50:25.0252 AM
[ReportManager] Successfully Opened [GoogleChrome]. @23-09-2021 08:50:25.0441 A

################################################################################################################################################
Starting Execution:	[78 out of 144] test cases in the current suite
Test Method:		[testPackage01.Test_verifyEquals.test_assertElementAttribute]
################################################################################################################################################
[ReportManager] Target URL: [https://www.google.com/ncr], and after redirection: [https://www.google.com] @23-09-2021 08:50:25.0456 AM
[ReportManager] Initial URL: [data:,] @23-09-2021 08:50:25.0494 AM
[ReportManager] Browser Action [NavigateToURL] successfully performed. With the following test data [https://www.google.com/ncr]. @23-09-2021 08:50:26.0345 AM
[ReportManager] Element Action [Type] successfully performed. With the following test data [INC_004010050:Another SCHEDULER with the same name [Duplicate Job Name] already exists.]. @23-09-2021 08:50:26.0994 AM
[ReportManager] Element Action [GetText] successfully performed. With the following test data [INC_004010050:Another SCHEDULER with the same name [Duplicate Job Name] already exists.]. @23-09-2021 08:50:27.0083 AM
[ReportManager] Loaded Shared OpenCV @23-09-2021 08:50:27.0219 AM
[ReportManager] Verification [ValidateElementAttribute] PASSED. Expected [Value Should be 'INC_004010050:Another SCHEDULER with the same name \[Duplicate Job Name\] already exists.' for the 'text' attribute, element locator 'By.name: q'] and Actual [INC_004010050:Another SCHEDULER with the same name [Duplicate Job Name] already exists.]. Comparison Type [MATCHES]. Validation Type [POSITIVE]. @23-09-2021 08:50:27.0301 AM
[ReportManager] Successfully created attachment [Screenshot - 1632387027219_test_assertElementAttribute_ValidateElementAttribute_passed] @23-09-2021 08:50:27.0303 A
[ReportManager] Browser Action [CloseCurrentWindow] successfully performed. @23-09-2021 08:50:27.0422 AM
[ReportManager] Successfully created attachment [Browser Action Test Data - CloseCurrentWindow - Actual Value] @23-09-2021 08:50:27.0424 A
[ReportManager] Successfully loaded the following test data file [src/test/resources/TestDataFiles/testSuite01/TestData.xlsx]. @23-09-2021 08:50:27.0459 AM
[ReportManager] Successfully created attachment [Test Data - Excel] @23-09-2021 08:50:27.0459 AM
[ReportManager] Attempting to run using Playwright locally on: [Linux-64], [GoogleChrome], Headless Execution. @23-09-2021 08:50:43.0640 AM
[ReportManager] File Action [GetAbsolutePath] successfully performed. With the following test data [Relative Folder Path: "target/downloadedFiles/"]. @23-09-2021 08:50:43.0667 AM
[ReportManager] Initial window size: (1280, 720) @23-09-2021 08:50:44.0008 AM
[ReportManager] Window size after Toolkit: com.microsoft.playwright.options.ViewportSize@6708b2e0 @23-09-2021 08:50:44.0015 AM
[ReportManager] Browser Action [MaximizeWindow] successfully performed. With the following test data [New screen size is now: (1920, 1080)]. @23-09-2021 08:50:44.0015 A

################################################################################################################################################
Starting Execution:	[79 out of 144] test cases in the current suite
Test Method:		[testPackage01.Test_google_playwright.navigateToURLandVerifyGoogleLogoIsDisplayed]
Test Description:	[TC001 - Navigate to URL and Verify Google Logo is Displayed]
################################################################################################################################################
[ReportManager] Target URL: [https://www.google.com/ncr], and after redirection: [https://www.google.com] @23-09-2021 08:50:44.0021 AM
[ReportManager] Initial URL: [about:blank] @23-09-2021 08:50:44.0499 AM
[ReportManager] Browser Action [NavigateToURL] successfully performed. With the following test data [https://www.google.com/ncr]. @23-09-2021 08:50:45.0711 AM
[ReportManager] Loaded Shared OpenCV @23-09-2021 08:50:45.0941 AM
[ReportManager] Assertion [ValidateElementExists] PASSED. Expected [Element Should Exist, locator 'xpath=//*[@id='hplogo' or @alt='Google']'] and Actual [Element Exists]. Comparison Type [EQUALS]. Validation Type [POSITIVE]. @23-09-2021 08:50:46.0189 AM
[ReportManager] Successfully created attachment [Screenshot - 1632387045936_navigateToURLandVerifyGoogleLogoIsDisplayed_ValidateElementExists_passed] @23-09-2021 08:50:46.0191 A

################################################################################################################################################
Starting Execution:	[80 out of 144] test cases in the current suite
Test Method:		[testPackage01.Test_google_playwright.searchForQueryandAssertResultsNumDisplayed]
Test Description:	[TC002 - Search for Query and Assert that the number of results is displayed]
################################################################################################################################################
[ReportManager] Element Action [Type] successfully performed. With the following test data [SHAFT_Engine]. @23-09-2021 08:50:46.0490 AM
[ReportManager] Element Action [KeyPress] successfully performed. With the following test data [Enter]. @23-09-2021 08:50:46.0522 AM
[ReportManager] Element Action [GetText] successfully performed. With the following test data [About 836,000 results (0.68 seconds)]. @23-09-2021 08:50:47.0461 AM
[ReportManager] Loaded Shared OpenCV @23-09-2021 08:50:48.0913 AM
[ReportManager] Assertion [ValidateElementAttribute] PASSED. Expected [Value Should not be '' for the 'text' attribute, element locator 'xpath=//div[@id='appbar']'] and Actual [About 836,000 results (0.68 seconds)]. Comparison Type [EQUALS]. Validation Type [NEGATIVE]. @23-09-2021 08:50:49.0263 AM
[ReportManager] Successfully created attachment [Screenshot - 1632387048912_searchForQueryandAssertResultsNumDisplayed_ValidateElementAttribute_passed] @23-09-2021 08:50:49.0265 A

################################################################################################################################################
Starting Execution:	[81 out of 144] test cases in the current suite
Test Method:		[testPackage01.Test_google_playwright.clickNextThrice]
Test Description:	[TC003 - Clicks the next button to make sure that the framework can scroll element into view before clicking it]
################################################################################################################################################
[ReportManager] Element Action [Click] successfully performed. With the following test data [Next]. @23-09-2021 08:50:49.0559 A
[ReportManager] Failed to find video recording. @23-09-2021 08:50:49.0561 AM
[ReportManager] Successfully Closed PlayWright Driver. @23-09-2021 08:50:49.0630 A

################################################################################################################################################
Starting Execution:	[82 out of 144] test cases in the current suite
Test Method:		[testPackage01.Test_JsonActions.f]
###############################################################################################################################################

################################################################################################################################################
Starting Execution:	[83 out of 144] test cases in the current suite
Test Method:		[testPackage01.Test_JsonActions.f2]
###############################################################################################################################################

################################################################################################################################################
Starting Execution:	[84 out of 144] test cases in the current suite
Test Method:		[testPackage01.Test_AssertApiResponseEquals.assertApiResponseEquals_expectedToPass]
################################################################################################################################################
[ReportManager] Response status code: [200], status line: [HTTP/1.1 200 OK] @23-09-2021 08:50:49.0734 AM
[ReportManager] Assertion Passed: Evaluating the actual response status code against the expected one... @23-09-2021 08:50:49.0734 AM
[ReportManager] Assertion [ValidateEquals] PASSED. Expected [200] and Actual [200]. Comparison Type [EQUALS]. Validation Type [POSITIVE]. @23-09-2021 08:50:49.0734 AM
[ReportManager] API Action [PerformRequest] successfully performed. With the following test data [Request Type: "GET" | Target Status Code: "200" | Service URL: "https://jsonplaceholder.typicode.com/users" | Content Type: "*/*" | Response Time: "78ms"]. @23-09-2021 08:50:49.0758 AM
[ReportManager] Successfully created attachment [API Request - Specifications] @23-09-2021 08:50:49.0758 AM
[ReportManager] Successfully created attachment [API Response - JSON Body] @23-09-2021 08:50:49.0759 AM
[ReportManager] API Action [GetResponseJSONValueAsList] successfully performed. With the following test data [$]. @23-09-2021 08:50:49.0762 AM
[ReportManager] API Action [GetResponseJSONValue] successfully performed. With the following test data [name]. @23-09-2021 08:50:49.0777 AM
[ReportManager] API Action [GetResponseJSONValue] successfully performed. With the following test data [email]. @23-09-2021 08:50:49.0787 AM
[ReportManager] Verification [ValidateEquals] PASSED. Expected [Sincere@april.biz] and Actual [Sincere@april.biz]. Comparison Type [EQUALS]. Validation Type [POSITIVE]. @23-09-2021 08:50:49.0787 AM
[ReportManager] API Action [GetResponseJSONValue] successfully performed. With the following test data [username]. @23-09-2021 08:50:49.0795 AM
[ReportManager] Assertion [ValidateEquals] PASSED. Expected [Bret] and Actual [Bret]. Comparison Type [EQUALS]. Validation Type [POSITIVE]. @23-09-2021 08:50:49.0795 AM
[ReportManager] API Action [GetResponseJSONValue] successfully performed. With the following test data [name]. @23-09-2021 08:50:49.0806 AM
[ReportManager] API Action [GetResponseJSONValue] successfully performed. With the following test data [name]. @23-09-2021 08:50:49.0814 AM
[ReportManager] API Action [GetResponseJSONValue] successfully performed. With the following test data [name]. @23-09-2021 08:50:49.0821 AM
[ReportManager] API Action [GetResponseJSONValue] successfully performed. With the following test data [name]. @23-09-2021 08:50:49.0829 AM
[ReportManager] API Action [GetResponseJSONValue] successfully performed. With the following test data [name]. @23-09-2021 08:50:49.0837 AM
[ReportManager] API Action [GetResponseJSONValue] successfully performed. With the following test data [name]. @23-09-2021 08:50:49.0848 AM
[ReportManager] API Action [GetResponseJSONValue] successfully performed. With the following test data [name]. @23-09-2021 08:50:49.0856 AM
[ReportManager] API Action [GetResponseJSONValue] successfully performed. With the following test data [name]. @23-09-2021 08:50:49.0871 AM
[ReportManager] API Action [GetResponseJSONValue] successfully performed. With the following test data [name]. @23-09-2021 08:50:49.0919 A
[ReportManager] File Action [GetAbsolutePath] successfully performed. With the following test data [Relative Folder Path: "target/downloadedFiles/"]. @23-09-2021 08:50:49.0928 AM
[ReportManager] Attempting to run remotely on: [Linux-64], [GoogleChrome], [http://localhost:4444/wd/hub], Headless Execution. @23-09-2021 08:50:49.0929 AM
[ReportManager] Successfully Opened [GoogleChrome]. @23-09-2021 08:50:50.0177 A

################################################################################################################################################
Starting Execution:	[85 out of 144] test cases in the current suite
Test Method:		[testPackage01.Test_ShadowDOM.shadowdom]
################################################################################################################################################
[ReportManager] Target URL: [https://mdn.github.io/web-components-examples/popup-info-box-web-component/] @23-09-2021 08:50:50.0191 AM
[ReportManager] Initial URL: [data:,] @23-09-2021 08:50:50.0229 AM
[ReportManager] Browser Action [NavigateToURL] successfully performed. With the following test data [https://mdn.github.io/web-components-examples/popup-info-box-web-component/]. @23-09-2021 08:50:50.0609 AM
[ReportManager] Element Action [Type] successfully performed. With the following test data [Typing into SHADOW DOM...]. @23-09-2021 08:50:50.0884 AM
[ReportManager] Element Action [GetText] successfully performed. With the following test data [Typing into SHADOW DOM...]. @23-09-2021 08:50:50.0991 AM
[ReportManager] Loaded Shared OpenCV @23-09-2021 08:50:51.0105 AM
[ReportManager] Assertion [ValidateElementAttribute] PASSED. Expected [Value Should be 'Typing into SHADOW DOM...' for the 'Text' attribute, element locator 'By.id: cvc'] and Actual [Typing into SHADOW DOM...]. Comparison Type [EQUALS]. Validation Type [POSITIVE]. @23-09-2021 08:50:51.0209 AM
[ReportManager] Successfully created attachment [Screenshot - 1632387051105_shadowdom_ValidateElementAttribute_passed] @23-09-2021 08:50:51.0210 A
[ReportManager] Browser Action [CloseCurrentWindow] successfully performed. @23-09-2021 08:50:51.0300 AM
[ReportManager] Successfully created attachment [Browser Action Test Data - CloseCurrentWindow - Actual Value] @23-09-2021 08:50:51.0300 A

################################################################################################################################################
Starting Execution:	[86 out of 144] test cases in the current suite
Test Method:		[testPackage01.Test_SelectedValue.multipleSelect]
################################################################################################################################################
[ReportManager] File Action [GetAbsolutePath] successfully performed. With the following test data [Relative Folder Path: "target/downloadedFiles/"]. @23-09-2021 08:50:51.0304 AM
[ReportManager] Attempting to run remotely on: [Linux-64], [GoogleChrome], [http://localhost:4444/wd/hub], Headless Execution. @23-09-2021 08:50:51.0304 AM
[ReportManager] Successfully Opened [GoogleChrome]. @23-09-2021 08:50:51.0499 AM
[ReportManager] Target URL: [https://yari-demos.prod.mdn.mozit.cloud/en-US/docs/Web/HTML/Element/select/_sample_.Advanced_select_with_multiple_features.html] @23-09-2021 08:50:51.0512 AM
[ReportManager] Initial URL: [data:,] @23-09-2021 08:50:51.0551 AM
[ReportManager] Browser Action [NavigateToURL] successfully performed. With the following test data [https://yari-demos.prod.mdn.mozit.cloud/en-US/docs/Web/HTML/Element/select/_sample_.Advanced_select_with_multiple_features.html]. @23-09-2021 08:50:51.0832 AM
[ReportManager] Element Action [Select] successfully performed. With the following test data [Dog]. @23-09-2021 08:50:52.0051 AM
[ReportManager] Element Action [Select] successfully performed. With the following test data [Cat]. @23-09-2021 08:50:52.0292 AM
[ReportManager] Element Action [GetSelectedText] successfully performed. With the following test data [DogCat]. @23-09-2021 08:50:52.0431 AM
[ReportManager] DogCat @23-09-2021 08:50:52.0431 AM
[ReportManager] Element Action [GetSelectedText] successfully performed. With the following test data [DogCat]. @23-09-2021 08:50:52.0577 AM
[ReportManager] Loaded Shared OpenCV @23-09-2021 08:50:52.0688 AM
[ReportManager] Assertion [ValidateElementAttribute] PASSED. Expected [Value Should be 'DogCat' for the 'selectedText' attribute, element locator 'By.tagName: select'] and Actual [DogCat]. Comparison Type [EQUALS]. Validation Type [POSITIVE]. @23-09-2021 08:50:52.0785 AM
[ReportManager] Successfully created attachment [Screenshot - 1632387052688_multipleSelect_ValidateElementAttribute_passed] @23-09-2021 08:50:52.0786 AM
[ReportManager] Browser Action [CloseCurrentWindow] successfully performed. @23-09-2021 08:50:52.0874 AM
[ReportManager] Successfully created attachment [Browser Action Test Data - CloseCurrentWindow - Actual Value] @23-09-2021 08:50:52.0875 A

################################################################################################################################################
Starting Execution:	[87 out of 144] test cases in the current suite
Test Method:		[testPackage01.Test_SelectedValue.simpleSelect]
################################################################################################################################################
[ReportManager] File Action [GetAbsolutePath] successfully performed. With the following test data [Relative Folder Path: "target/downloadedFiles/"]. @23-09-2021 08:50:52.0883 AM
[ReportManager] Attempting to run remotely on: [Linux-64], [GoogleChrome], [http://localhost:4444/wd/hub], Headless Execution. @23-09-2021 08:50:52.0883 AM
[ReportManager] Successfully Opened [GoogleChrome]. @23-09-2021 08:50:53.0061 AM
[ReportManager] Target URL: [https://yari-demos.prod.mdn.mozit.cloud/en-US/docs/Web/HTML/Element/select/_sample_.Basic_select.html] @23-09-2021 08:50:53.0074 AM
[ReportManager] Initial URL: [data:,] @23-09-2021 08:50:53.0112 AM
[ReportManager] Browser Action [NavigateToURL] successfully performed. With the following test data [https://yari-demos.prod.mdn.mozit.cloud/en-US/docs/Web/HTML/Element/select/_sample_.Basic_select.html]. @23-09-2021 08:50:53.0301 AM
[ReportManager] Element Action [Select] successfully performed. With the following test data [Third Value]. @23-09-2021 08:50:53.0594 AM
[ReportManager] Element Action [GetSelectedText] successfully performed. With the following test data [Third Value]. @23-09-2021 08:50:53.0701 AM
[ReportManager] Third Value @23-09-2021 08:50:53.0701 AM
[ReportManager] Element Action [GetSelectedText] successfully performed. With the following test data [Third Value]. @23-09-2021 08:50:53.0801 AM
[ReportManager] Loaded Shared OpenCV @23-09-2021 08:50:53.0920 AM
[ReportManager] Assertion [ValidateElementAttribute] PASSED. Expected [Value Should be 'Third Value' for the 'selectedText' attribute, element locator 'By.tagName: select'] and Actual [Third Value]. Comparison Type [EQUALS]. Validation Type [POSITIVE]. @23-09-2021 08:50:54.0006 AM
[ReportManager] Successfully created attachment [Screenshot - 1632387053920_simpleSelect_ValidateElementAttribute_passed] @23-09-2021 08:50:54.0007 AM
[ReportManager] Browser Action [CloseCurrentWindow] successfully performed. @23-09-2021 08:50:54.0090 AM
[ReportManager] Successfully created attachment [Browser Action Test Data - CloseCurrentWindow - Actual Value] @23-09-2021 08:50:54.0091 A
[ReportManager] File Action [GetAbsolutePath] successfully performed. With the following test data [Relative Folder Path: "target/downloadedFiles/"]. @23-09-2021 08:50:54.0098 AM
[ReportManager] Attempting to run remotely on: [Linux-64], [GoogleChrome], [http://localhost:4444/wd/hub], Headless Execution. @23-09-2021 08:50:54.0098 AM
[ReportManager] Successfully Opened [GoogleChrome]. @23-09-2021 08:50:54.0292 A

################################################################################################################################################
Starting Execution:	[88 out of 144] test cases in the current suite
Test Method:		[testPackage01.Test_IsElementClickable.testIsElementClickable]
################################################################################################################################################
[ReportManager] Target URL: [https://the-internet.herokuapp.com/] @23-09-2021 08:50:54.0305 AM
[ReportManager] Initial URL: [data:,] @23-09-2021 08:50:54.0349 AM
[ReportManager] Browser Action [NavigateToURL] successfully performed. With the following test data [https://the-internet.herokuapp.com/]. @23-09-2021 08:50:55.0077 AM
[ReportManager] Element Action [IsElementClickable] successfully performed. @23-09-2021 08:50:55.0215 AM
[ReportManager] Assertion [ValidateTrue] PASSED. Expected [TRUE] and Actual [TRUE]. Validation Type [POSITIVE]. @23-09-2021 08:50:55.0216 A
[ReportManager] Browser Action [CloseCurrentWindow] successfully performed. @23-09-2021 08:50:55.0318 AM
[ReportManager] Successfully created attachment [Browser Action Test Data - CloseCurrentWindow - Actual Value] @23-09-2021 08:50:55.0318 A
[ReportManager] File Action [GetAbsolutePath] successfully performed. With the following test data [Relative Folder Path: "target/downloadedFiles/"]. @23-09-2021 08:50:55.0320 AM
[ReportManager] Attempting to run remotely on: [Linux-64], [GoogleChrome], [http://localhost:4444/wd/hub], Headless Execution. @23-09-2021 08:50:55.0320 AM
[ReportManager] Successfully Opened [GoogleChrome]. @23-09-2021 08:50:55.0508 A

################################################################################################################################################
Starting Execution:	[89 out of 144] test cases in the current suite
Test Method:		[testPackage01.Test_clipboardActions.typeTextAndCopyPaste]
################################################################################################################################################
[ReportManager] Target URL: [https://www.google.com/ncr], and after redirection: [https://www.google.com] @23-09-2021 08:50:55.0520 AM
[ReportManager] Initial URL: [data:,] @23-09-2021 08:50:55.0565 AM
[ReportManager] Browser Action [NavigateToURL] successfully performed. With the following test data [https://www.google.com/ncr]. @23-09-2021 08:50:56.0434 AM
[ReportManager] Element Action [Type] successfully performed. With the following test data [FIRST]. @23-09-2021 08:50:56.0739 AM
[ReportManager] Element Action [ClipboardActions] successfully performed. With the following test data [select all]. @23-09-2021 08:50:56.0796 AM
[ReportManager] Element Action [ClipboardActions] successfully performed. With the following test data [copy]. @23-09-2021 08:50:56.0848 AM
[ReportManager] Element Action [ClipboardActions] successfully performed. With the following test data [unselect]. @23-09-2021 08:50:56.0950 AM
[ReportManager] Element Action [ClipboardActions] successfully performed. With the following test data [paste]. @23-09-2021 08:50:57.0000 AM
[ReportManager] Element Action [ClipboardActions] successfully performed. With the following test data [select all]. @23-09-2021 08:50:57.0048 AM
[ReportManager] Element Action [Type] successfully performed. @23-09-2021 08:50:57.0260 AM
[ReportManager] Element Action [ClipboardActions] successfully performed. With the following test data [cut]. @23-09-2021 08:50:57.0260 AM
[ReportManager] Element Action [ClipboardActions] successfully performed. With the following test data [paste]. @23-09-2021 08:50:57.0323 AM
[ReportManager] Element Action [ClipboardActions] successfully performed. With the following test data [paste]. @23-09-2021 08:50:57.0384 A
[ReportManager] Browser Action [CloseCurrentWindow] successfully performed. @23-09-2021 08:50:57.0553 AM
[ReportManager] Successfully created attachment [Browser Action Test Data - CloseCurrentWindow - Actual Value] @23-09-2021 08:50:57.0555 A
[ReportManager] File Action [GetAbsolutePath] successfully performed. With the following test data [Relative Folder Path: "target/downloadedFiles/"]. @23-09-2021 08:50:57.0557 AM
[ReportManager] Attempting to run remotely on: [Linux-64], [GoogleChrome], [http://localhost:4444/wd/hub], Headless Execution. @23-09-2021 08:50:57.0557 AM
[ReportManager] Successfully Opened [GoogleChrome]. @23-09-2021 08:50:57.0765 A

################################################################################################################################################
Starting Execution:	[90 out of 144] test cases in the current suite
Test Method:		[testPackage01.Test_dynamicLoading.dynamicLoading_elementIsHidden]
################################################################################################################################################
[ReportManager] Target URL: [https://the-internet.herokuapp.com/dynamic_loading/1] @23-09-2021 08:50:57.0780 AM
[ReportManager] Initial URL: [data:,] @23-09-2021 08:50:57.0821 AM
[ReportManager] Browser Action [NavigateToURL] successfully performed. With the following test data [https://the-internet.herokuapp.com/dynamic_loading/1]. @23-09-2021 08:50:58.0491 AM
[ReportManager] Element Action [Click] successfully performed. With the following test data [Start]. @23-09-2021 08:50:58.0788 AM
[ReportManager] Element Action [GetText] successfully performed. With the following test data [
    Hello World!
  ]. @23-09-2021 08:50:58.0887 AM
[ReportManager] Loaded Shared OpenCV @23-09-2021 08:50:59.0034 AM
[ReportManager] Assertion [ValidateElementAttribute] PASSED. Expected [Value Should be 'Hello World!' for the 'text' attribute, element locator 'By.id: finish'] and Actual [
    Hello World!
  ]. Comparison Type [CONTAINS]. Validation Type [POSITIVE]. @23-09-2021 08:50:59.0123 AM
[ReportManager] Successfully created attachment [Screenshot - 1632387059034_dynamicLoading_elementIsHidden_ValidateElementAttribute_passed] @23-09-2021 08:50:59.0124 A
[ReportManager] Browser Action [CloseCurrentWindow] successfully performed. @23-09-2021 08:50:59.0217 AM
[ReportManager] Successfully created attachment [Browser Action Test Data - CloseCurrentWindow - Actual Value] @23-09-2021 08:50:59.0217 A
[ReportManager] File Action [GetAbsolutePath] successfully performed. With the following test data [Relative Folder Path: "target/downloadedFiles/"]. @23-09-2021 08:50:59.0224 AM
[ReportManager] Attempting to run remotely on: [Linux-64], [GoogleChrome], [http://localhost:4444/wd/hub], Headless Execution. @23-09-2021 08:50:59.0224 AM
[ReportManager] Successfully Opened [GoogleChrome]. @23-09-2021 08:50:59.0419 A

################################################################################################################################################
Starting Execution:	[91 out of 144] test cases in the current suite
Test Method:		[testPackage01.Test_dynamicLoading.dynamicLoading_elementIsRendered]
################################################################################################################################################
[ReportManager] Target URL: [https://the-internet.herokuapp.com/dynamic_loading/2] @23-09-2021 08:50:59.0434 AM
[ReportManager] Initial URL: [data:,] @23-09-2021 08:50:59.0474 AM
[ReportManager] Browser Action [NavigateToURL] successfully performed. With the following test data [https://the-internet.herokuapp.com/dynamic_loading/2]. @23-09-2021 08:51:00.0135 AM
[ReportManager] Element Action [Click] successfully performed. With the following test data [Start]. @23-09-2021 08:51:00.0434 AM
[ReportManager] Element Action [GetText] successfully performed. With the following test data [Hello World!]. @23-09-2021 08:51:05.0589 AM
[ReportManager] Loaded Shared OpenCV @23-09-2021 08:51:05.0712 AM
[ReportManager] Assertion [ValidateElementAttribute] PASSED. Expected [Value Should be 'Hello World!' for the 'text' attribute, element locator 'By.id: finish'] and Actual [Hello World!]. Comparison Type [CONTAINS]. Validation Type [POSITIVE]. @23-09-2021 08:51:05.0795 AM
[ReportManager] Successfully created attachment [Screenshot - 1632387065712_dynamicLoading_elementIsRendered_ValidateElementAttribute_passed] @23-09-2021 08:51:05.0796 A
[ReportManager] Browser Action [CloseCurrentWindow] successfully performed. @23-09-2021 08:51:05.0894 AM
[ReportManager] Successfully created attachment [Browser Action Test Data - CloseCurrentWindow - Actual Value] @23-09-2021 08:51:05.0895 A

################################################################################################################################################
Starting Execution:	[92 out of 144] test cases in the current suite
Test Method:		[testPackage01.Test_JsonCompareWithSpecialCharacters.specialCharacters]
################################################################################################################################################
[ReportManager] File Action [GetAbsolutePath] successfully performed. With the following test data [Relative Folder Path: "src/test/resources/TestJsonFiles/specialCharacters.json"]. @23-09-2021 08:51:05.0901 AM
[ReportManager] File Action [ReadFromFile] successfully performed. With the following test data [File Path: "/home/runner/work/SHAFT_ENGINE/SHAFT_ENGINE/src/test/resources/TestJsonFiles/specialCharacters.json"]. @23-09-2021 08:51:05.0909 AM
[ReportManager] Successfully created attachment [File Action Actual Result - Command Log] @23-09-2021 08:51:05.0909 AM
[ReportManager] Comparing the provided API response with the file at this path "src/test/resources/TestJsonFiles/specialCharacters.json", comparison type "EQUALS" @23-09-2021 08:51:05.0910 AM
[ReportManager] API Action [CompareJSON] successfully performed. With the following test data [src/test/resources/TestJsonFiles/specialCharacters.json]. @23-09-2021 08:51:05.0921 AM
[ReportManager] File Action [GetAbsolutePath] successfully performed. With the following test data [Relative Folder Path: "src/test/resources/TestJsonFiles/specialCharacters.json"]. @23-09-2021 08:51:05.0922 AM
[ReportManager] File Action [ReadFromFile] successfully performed. With the following test data [File Path: "/home/runner/work/SHAFT_ENGINE/SHAFT_ENGINE/src/test/resources/TestJsonFiles/specialCharacters.json"]. @23-09-2021 08:51:05.0922 AM
[ReportManager] Verification [ValidateJSONFileContent] PASSED. Expected [Response data should match the JSON File in this path 'src/test/resources/TestJsonFiles/specialCharacters.json'] and Actual [TRUE]. Comparison Type [EQUALS]. Validation Type [POSITIVE]. @23-09-2021 08:51:05.0929 AM
[ReportManager] Successfully created attachment [Validation Test Data - Expected JSON Value] @23-09-2021 08:51:05.0930 AM
[ReportManager] Successfully created attachment [Validation Test Data - Actual JSON Value] @23-09-2021 08:51:05.0930 A

################################################################################################################################################
Starting Execution:	[93 out of 144] test cases in the current suite
Test Method:		[testPackage01.Test_JsonCompareWithSpecialCharacters.specialCharacters_assertion]
################################################################################################################################################
[ReportManager] File Action [GetAbsolutePath] successfully performed. With the following test data [Relative Folder Path: "src/test/resources/TestJsonFiles/specialCharacters.json"]. @23-09-2021 08:51:05.0939 AM
[ReportManager] File Action [ReadFromFile] successfully performed. With the following test data [File Path: "/home/runner/work/SHAFT_ENGINE/SHAFT_ENGINE/src/test/resources/TestJsonFiles/specialCharacters.json"]. @23-09-2021 08:51:05.0939 AM
[ReportManager] Successfully created attachment [File Action Actual Result - Command Log] @23-09-2021 08:51:05.0940 AM
[ReportManager] Comparing the provided API response with the file at this path "src/test/resources/TestJsonFiles/specialCharacters.json", comparison type "CONTAINS" @23-09-2021 08:51:05.0940 AM
[ReportManager] API Action [CompareJSON] successfully performed. With the following test data [src/test/resources/TestJsonFiles/specialCharacters.json]. @23-09-2021 08:51:05.0950 AM
[ReportManager] File Action [GetAbsolutePath] successfully performed. With the following test data [Relative Folder Path: "src/test/resources/TestJsonFiles/specialCharacters.json"]. @23-09-2021 08:51:05.0950 AM
[ReportManager] File Action [ReadFromFile] successfully performed. With the following test data [File Path: "/home/runner/work/SHAFT_ENGINE/SHAFT_ENGINE/src/test/resources/TestJsonFiles/specialCharacters.json"]. @23-09-2021 08:51:05.0950 AM
[ReportManager] Assertion Passed: trying out the log message @23-09-2021 08:51:05.0954 AM
[ReportManager] Successfully created attachment [Validation Test Data - Expected JSON Value] @23-09-2021 08:51:05.0955 AM
[ReportManager] Successfully created attachment [Validation Test Data - Actual JSON Value] @23-09-2021 08:51:05.0956 AM
[ReportManager] Assertion [ValidateJSONFileContent] PASSED. Expected [Response data should match the JSON File in this path 'src/test/resources/TestJsonFiles/specialCharacters.json'] and Actual [TRUE]. Comparison Type [CONTAINS]. Validation Type [POSITIVE]. @23-09-2021 08:51:05.0956 A
[ReportManager] File Action [GetAbsolutePath] successfully performed. With the following test data [Relative Folder Path: "target/downloadedFiles/"]. @23-09-2021 08:51:05.0965 AM
[ReportManager] Attempting to run remotely on: [Linux-64], [GoogleChrome], [http://localhost:4444/wd/hub], Headless Execution. @23-09-2021 08:51:05.0966 AM
[ReportManager] Successfully Opened [GoogleChrome]. @23-09-2021 08:51:06.0164 A

################################################################################################################################################
Starting Execution:	[94 out of 144] test cases in the current suite
Test Method:		[testPackage01.Test_uploadFile.uploadFile_invisibleUploadInput]
################################################################################################################################################
[ReportManager] Target URL: [https://fineuploader.com/demos.html#gallery-view] @23-09-2021 08:51:06.0176 AM
[ReportManager] Initial URL: [data:,] @23-09-2021 08:51:06.0227 AM
[ReportManager] Browser Action [NavigateToURL] successfully performed. With the following test data [https://fineuploader.com/demos.html#gallery-view]. @23-09-2021 08:51:07.0836 AM
[ReportManager] File Action [GetAbsolutePath] successfully performed. With the following test data [Relative File Path: "src/main/resources/images/shaft.png"]. @23-09-2021 08:51:07.0836 AM
[ReportManager] Successfully created attachment [File Action Actual Result - Command Log] @23-09-2021 08:51:07.0836 AM
[ReportManager] Element Action [TypeFileLocationForUpload] successfully performed. With the following test data [/home/runner/work/SHAFT_ENGINE/SHAFT_ENGINE/src/main/resources/images/shaft.png]. @23-09-2021 08:51:08.0036 AM
[ReportManager] Attempting to getAttribute [src] from elementLocator [By.xpath: //div[@id='fine-uploader-gallery']//div[@class='qq-thumbnail-wrapper']/img]. @23-09-2021 08:51:08.0036 AM
[ReportManager] Element Action [GetAttribute] successfully performed. @23-09-2021 08:51:08.0142 AM
[ReportManager] Successfully created attachment [Element Action Test Data - GetAttribute - Actual Value] @23-09-2021 08:51:08.0143 AM
[ReportManager] Loaded Shared OpenCV @23-09-2021 08:51:08.0296 AM
[ReportManager] Assertion [ValidateElementAttribute] PASSED. Expected and Actual values are attached. Comparison Type [CONTAINS]. Validation Type [POSITIVE]. @23-09-2021 08:51:08.0386 AM
[ReportManager] Successfully created attachment [Validation Test Data - Expected Value] @23-09-2021 08:51:08.0386 AM
[ReportManager] Successfully created attachment [Validation Test Data - Actual Value] @23-09-2021 08:51:08.0386 AM
[ReportManager] Successfully created attachment [Screenshot - 1632387068296_uploadFile_invisibleUploadInput_ValidateElementAttribute_passed] @23-09-2021 08:51:08.0388 A
[ReportManager] Browser Action [CloseCurrentWindow] successfully performed. @23-09-2021 08:51:08.0534 AM
[ReportManager] Successfully created attachment [Browser Action Test Data - CloseCurrentWindow - Actual Value] @23-09-2021 08:51:08.0535 A
[ReportManager] File Action [GetAbsolutePath] successfully performed. With the following test data [Relative Folder Path: "target/downloadedFiles/"]. @23-09-2021 08:51:08.0539 AM
[ReportManager] Attempting to run remotely on: [Linux-64], [GoogleChrome], [http://localhost:4444/wd/hub], Headless Execution. @23-09-2021 08:51:08.0539 AM
[ReportManager] Successfully Opened [GoogleChrome]. @23-09-2021 08:51:08.0724 A

################################################################################################################################################
Starting Execution:	[95 out of 144] test cases in the current suite
Test Method:		[testPackage01.Test_uploadFile.uploadFile_visibleUploadInput]
################################################################################################################################################
[ReportManager] Target URL: [http://demo.guru99.com/test/upload/] @23-09-2021 08:51:08.0744 AM
[ReportManager] Initial URL: [data:,] @23-09-2021 08:51:08.0784 AM
[ReportManager] Browser Action [NavigateToURL] successfully performed. With the following test data [http://demo.guru99.com/test/upload/]. @23-09-2021 08:51:09.0758 AM
[ReportManager] File Action [GetAbsolutePath] successfully performed. With the following test data [Relative File Path: "src/main/resources/images/shaft.png"]. @23-09-2021 08:51:09.0758 AM
[ReportManager] Successfully created attachment [File Action Actual Result - Command Log] @23-09-2021 08:51:09.0758 AM
[ReportManager] Element Action [TypeFileLocationForUpload] successfully performed. With the following test data [/home/runner/work/SHAFT_ENGINE/SHAFT_ENGINE/src/main/resources/images/shaft.png]. @23-09-2021 08:51:09.0904 AM
[ReportManager] Element Action [Click] successfully performed. With the following test data [on]. @23-09-2021 08:51:10.0213 AM
[ReportManager] Element Action [Click] successfully performed. With the following test data [Submit File]. @23-09-2021 08:51:10.0524 AM
[ReportManager] Element Action [GetText] successfully performed. With the following test data [1 file
has been successfully uploaded.]. @23-09-2021 08:51:11.0149 AM
[ReportManager] Loaded Shared OpenCV @23-09-2021 08:51:11.0285 AM
[ReportManager] Assertion [ValidateElementAttribute] PASSED. Expected [Value Should be '1 file' for the 'Text' attribute, element locator 'By.id: res'] and Actual [1 file
has been successfully uploaded.]. Comparison Type [CONTAINS]. Validation Type [POSITIVE]. @23-09-2021 08:51:11.0366 AM
[ReportManager] Successfully created attachment [Screenshot - 1632387071285_uploadFile_visibleUploadInput_ValidateElementAttribute_passed] @23-09-2021 08:51:11.0367 A
[ReportManager] Browser Action [CloseCurrentWindow] successfully performed. @23-09-2021 08:51:11.0478 AM
[ReportManager] Successfully created attachment [Browser Action Test Data - CloseCurrentWindow - Actual Value] @23-09-2021 08:51:11.0479 A
[ReportManager] File Action [GetAbsolutePath] successfully performed. With the following test data [Relative Folder Path: "target/downloadedFiles/"]. @23-09-2021 08:51:11.0480 AM
[ReportManager] Attempting to run remotely on: [Linux-64], [GoogleChrome], [http://localhost:4444/wd/hub], Headless Execution. @23-09-2021 08:51:11.0481 AM
[ReportManager] Successfully Opened [GoogleChrome]. @23-09-2021 08:51:11.0661 A

################################################################################################################################################
Starting Execution:	[96 out of 144] test cases in the current suite
Test Method:		[testPackage01.Test_assertEquals.test_assertElementAttribute]
################################################################################################################################################
[ReportManager] Target URL: [https://www.google.com/ncr], and after redirection: [https://www.google.com] @23-09-2021 08:51:11.0677 AM
[ReportManager] Initial URL: [data:,] @23-09-2021 08:51:11.0713 AM
[ReportManager] Browser Action [NavigateToURL] successfully performed. With the following test data [https://www.google.com/ncr]. @23-09-2021 08:51:12.0557 AM
[ReportManager] Element Action [Type] successfully performed. With the following test data [INC_004010050:Another SCHEDULER with the same name [Duplicate Job Name] already exists.]. @23-09-2021 08:51:13.0185 AM
[ReportManager] Element Action [GetText] successfully performed. With the following test data [INC_004010050:Another SCHEDULER with the same name [Duplicate Job Name] already exists.]. @23-09-2021 08:51:13.0275 AM
[ReportManager] Loaded Shared OpenCV @23-09-2021 08:51:13.0423 AM
[ReportManager] Assertion [ValidateElementAttribute] PASSED. Expected [Value Should be 'INC_004010050:Another SCHEDULER with the same name \[Duplicate Job Name\] already exists.' for the 'text' attribute, element locator 'By.name: q'] and Actual [INC_004010050:Another SCHEDULER with the same name [Duplicate Job Name] already exists.]. Comparison Type [MATCHES]. Validation Type [POSITIVE]. @23-09-2021 08:51:13.0508 AM
[ReportManager] Successfully created attachment [Screenshot - 1632387073423_test_assertElementAttribute_ValidateElementAttribute_passed] @23-09-2021 08:51:13.0510 A
[ReportManager] Browser Action [CloseCurrentWindow] successfully performed. @23-09-2021 08:51:13.0643 AM
[ReportManager] Successfully created attachment [Browser Action Test Data - CloseCurrentWindow - Actual Value] @23-09-2021 08:51:13.0645 A

################################################################################################################################################
Starting Execution:	[97 out of 144] test cases in the current suite
Test Method:		[testPackage01.Test_NewValidationHelper.f1]
################################################################################################################################################
[ReportManager] Assertion Passed: Checking valid user data @23-09-2021 08:51:13.0650 AM
[ReportManager] Successfully created attachment [Validation Test Data - Expected Value] @23-09-2021 08:51:13.0650 AM
[ReportManager] Successfully created attachment [Validation Test Data - Actual Value] @23-09-2021 08:51:13.0650 AM
[ReportManager] Assertion [ValidateEquals] PASSED. Expected and Actual values are attached. Comparison Type [EQUALS]. Validation Type [POSITIVE]. @23-09-2021 08:51:13.0650 A
[ReportManager] File Action [GetAbsolutePath] successfully performed. With the following test data [Relative Folder Path: "target/downloadedFiles/"]. @23-09-2021 08:51:13.0660 AM
[ReportManager] Attempting to run remotely on: [Linux-64], [GoogleChrome], [http://localhost:4444/wd/hub], Headless Execution. @23-09-2021 08:51:13.0660 AM
[ReportManager] Successfully Opened [GoogleChrome]. @23-09-2021 08:51:13.0854 AM
[ReportManager] Target URL: [https://the-internet.herokuapp.com/] @23-09-2021 08:51:13.0864 AM
[ReportManager] Initial URL: [data:,] @23-09-2021 08:51:13.0901 AM
[ReportManager] Browser Action [NavigateToURL] successfully performed. With the following test data [https://the-internet.herokuapp.com/]. @23-09-2021 08:51:14.0588 A

################################################################################################################################################
Starting Execution:	[98 out of 144] test cases in the current suite
Test Method:		[testPackage01.Test_NewValidationHelper.f10]
################################################################################################################################################
[ReportManager] Assertion [ValidateElementExists] FAILED. Expected [Element Should Exist, locator 'By.tagName: div'] and Actual [Element Exists but is not unique]. Comparison Type [EQUALS]. Validation Type [POSITIVE]. @23-09-2021 08:51:14.0852 AM
[ReportManager] Successfully created attachment [Screenshot - 1632387074778_f10_ValidateElementExists_failed] @23-09-2021 08:51:14.0853 A
[ReportManager] Successfully Closed All Drivers. @23-09-2021 08:51:14.0929 A
[ReportManager] File Action [GetAbsolutePath] successfully performed. With the following test data [Relative Folder Path: "target/downloadedFiles/"]. @23-09-2021 08:51:14.0931 AM
[ReportManager] Attempting to run remotely on: [Linux-64], [GoogleChrome], [http://localhost:4444/wd/hub], Headless Execution. @23-09-2021 08:51:14.0932 AM
[ReportManager] Successfully Opened [GoogleChrome]. @23-09-2021 08:51:15.0115 AM
[ReportManager] Target URL: [https://the-internet.herokuapp.com/] @23-09-2021 08:51:15.0127 AM
[ReportManager] Initial URL: [data:,] @23-09-2021 08:51:15.0166 AM
[ReportManager] Browser Action [NavigateToURL] successfully performed. With the following test data [https://the-internet.herokuapp.com/]. @23-09-2021 08:51:15.0836 A

################################################################################################################################################
Starting Execution:	[99 out of 144] test cases in the current suite
Test Method:		[testPackage01.Test_NewValidationHelper.f11]
################################################################################################################################################
[ReportManager] Assertion Passed: Checking that false tag doesn't exist @23-09-2021 08:51:26.0248 AM
[ReportManager] Successfully created attachment [Screenshot - 1632387086167_f11_ValidateElementExists_passed] @23-09-2021 08:51:26.0250 AM
[ReportManager] Assertion [ValidateElementExists] PASSED. Expected [Element Should not Exist, locator 'By.tagName: h3'] and Actual [Element Doesn't Exists]. Comparison Type [EQUALS]. Validation Type [NEGATIVE]. @23-09-2021 08:51:26.0250 A
[ReportManager] Successfully Closed All Drivers. @23-09-2021 08:51:26.0330 A
[ReportManager] File Action [GetAbsolutePath] successfully performed. With the following test data [Relative Folder Path: "target/downloadedFiles/"]. @23-09-2021 08:51:26.0337 AM
[ReportManager] Attempting to run remotely on: [Linux-64], [GoogleChrome], [http://localhost:4444/wd/hub], Headless Execution. @23-09-2021 08:51:26.0337 AM
[ReportManager] Successfully Opened [GoogleChrome]. @23-09-2021 08:51:26.0513 AM
[ReportManager] Target URL: [https://the-internet.herokuapp.com/] @23-09-2021 08:51:26.0524 AM
[ReportManager] Initial URL: [data:,] @23-09-2021 08:51:26.0561 AM
[ReportManager] Browser Action [NavigateToURL] successfully performed. With the following test data [https://the-internet.herokuapp.com/]. @23-09-2021 08:51:27.0287 A

################################################################################################################################################
Starting Execution:	[100 out of 144] test cases in the current suite
Test Method:		[testPackage01.Test_NewValidationHelper.f12]
################################################################################################################################################
[ReportManager] Loaded Shared OpenCV @23-09-2021 08:51:27.0494 AM
[ReportManager] Assertion [ValidateElementExists] FAILED. Expected [Element Should not Exist, locator 'By.tagName: h1'] and Actual [Element Exists]. Comparison Type [EQUALS]. Validation Type [NEGATIVE]. @23-09-2021 08:51:27.0585 AM
[ReportManager] Successfully created attachment [Screenshot - 1632387087494_f12_ValidateElementExists_failed] @23-09-2021 08:51:27.0586 A
[ReportManager] Successfully Closed All Drivers. @23-09-2021 08:51:27.0658 A
[ReportManager] File Action [GetAbsolutePath] successfully performed. With the following test data [Relative Folder Path: "target/downloadedFiles/"]. @23-09-2021 08:51:27.0660 AM
[ReportManager] Attempting to run remotely on: [Linux-64], [GoogleChrome], [http://localhost:4444/wd/hub], Headless Execution. @23-09-2021 08:51:27.0660 AM
[ReportManager] Successfully Opened [GoogleChrome]. @23-09-2021 08:51:27.0844 AM
[ReportManager] Target URL: [https://the-internet.herokuapp.com/] @23-09-2021 08:51:27.0856 AM
[ReportManager] Initial URL: [data:,] @23-09-2021 08:51:27.0894 AM
[ReportManager] Browser Action [NavigateToURL] successfully performed. With the following test data [https://the-internet.herokuapp.com/]. @23-09-2021 08:51:28.0565 A

################################################################################################################################################
Starting Execution:	[101 out of 144] test cases in the current suite
Test Method:		[testPackage01.Test_NewValidationHelper.f13]
################################################################################################################################################
[ReportManager] Assertion [ValidateElementExists] FAILED. Expected [Element Should not Exist, locator 'By.tagName: div'] and Actual [Element Exists but is not unique]. Comparison Type [EQUALS]. Validation Type [NEGATIVE]. @23-09-2021 08:51:28.0834 AM
[ReportManager] Successfully created attachment [Screenshot - 1632387088746_f13_ValidateElementExists_failed] @23-09-2021 08:51:28.0835 A
[ReportManager] Successfully Closed All Drivers. @23-09-2021 08:51:28.0908 A
[ReportManager] File Action [GetAbsolutePath] successfully performed. With the following test data [Relative Folder Path: "target/downloadedFiles/"]. @23-09-2021 08:51:28.0910 AM
[ReportManager] Attempting to run remotely on: [Linux-64], [GoogleChrome], [http://localhost:4444/wd/hub], Headless Execution. @23-09-2021 08:51:28.0910 AM
[ReportManager] Successfully Opened [GoogleChrome]. @23-09-2021 08:51:29.0130 AM
[ReportManager] Target URL: [https://the-internet.herokuapp.com/] @23-09-2021 08:51:29.0142 AM
[ReportManager] Initial URL: [data:,] @23-09-2021 08:51:29.0181 AM
[ReportManager] Browser Action [NavigateToURL] successfully performed. With the following test data [https://the-internet.herokuapp.com/]. @23-09-2021 08:51:29.0857 A

################################################################################################################################################
Starting Execution:	[102 out of 144] test cases in the current suite
Test Method:		[testPackage01.Test_NewValidationHelper.f14]
################################################################################################################################################
[ReportManager] Element Action [GetText] successfully performed. With the following test data [Welcome to the-internet]. @23-09-2021 08:51:29.0933 AM
[ReportManager] Loaded Shared OpenCV @23-09-2021 08:51:30.0077 AM
[ReportManager] Assertion Passed: Asserting that the header text is correct @23-09-2021 08:51:30.0158 AM
[ReportManager] Successfully created attachment [Screenshot - 1632387090077_f14_ValidateElementAttribute_passed] @23-09-2021 08:51:30.0160 AM
[ReportManager] Assertion [ValidateElementAttribute] PASSED. Expected [Value Should be 'Welcome to the-internet' for the 'text' attribute, element locator 'By.tagName: h1'] and Actual [Welcome to the-internet]. Comparison Type [EQUALS]. Validation Type [POSITIVE]. @23-09-2021 08:51:30.0160 A
[ReportManager] Successfully Closed All Drivers. @23-09-2021 08:51:30.0231 A
[ReportManager] File Action [GetAbsolutePath] successfully performed. With the following test data [Relative Folder Path: "target/downloadedFiles/"]. @23-09-2021 08:51:30.0234 AM
[ReportManager] Attempting to run remotely on: [Linux-64], [GoogleChrome], [http://localhost:4444/wd/hub], Headless Execution. @23-09-2021 08:51:30.0234 AM
[ReportManager] Successfully Opened [GoogleChrome]. @23-09-2021 08:51:30.0431 AM
[ReportManager] Target URL: [https://the-internet.herokuapp.com/] @23-09-2021 08:51:30.0440 AM
[ReportManager] Initial URL: [data:,] @23-09-2021 08:51:30.0479 AM
[ReportManager] Browser Action [NavigateToURL] successfully performed. With the following test data [https://the-internet.herokuapp.com/]. @23-09-2021 08:51:31.0160 A

################################################################################################################################################
Starting Execution:	[103 out of 144] test cases in the current suite
Test Method:		[testPackage01.Test_NewValidationHelper.f15]
################################################################################################################################################
[ReportManager] Element Action [GetText] successfully performed. With the following test data [Welcome to the-internet]. @23-09-2021 08:51:31.0234 AM
[ReportManager] Loaded Shared OpenCV @23-09-2021 08:51:31.0372 AM
[ReportManager] Assertion [ValidateElementAttribute] FAILED. Expected [Value Should not be 'Welcome' for the 'text' attribute, element locator 'By.tagName: h1'] and Actual [Welcome to the-internet]. Comparison Type [CONTAINS]. Validation Type [NEGATIVE]. @23-09-2021 08:51:31.0450 AM
[ReportManager] Successfully created attachment [Screenshot - 1632387091372_f15_ValidateElementAttribute_failed] @23-09-2021 08:51:31.0451 A
[ReportManager] Successfully Closed All Drivers. @23-09-2021 08:51:31.0520 A
[ReportManager] File Action [GetAbsolutePath] successfully performed. With the following test data [Relative Folder Path: "target/downloadedFiles/"]. @23-09-2021 08:51:31.0522 AM
[ReportManager] Attempting to run remotely on: [Linux-64], [GoogleChrome], [http://localhost:4444/wd/hub], Headless Execution. @23-09-2021 08:51:31.0522 AM
[ReportManager] Successfully Opened [GoogleChrome]. @23-09-2021 08:51:31.0724 AM
[ReportManager] Target URL: [https://the-internet.herokuapp.com/] @23-09-2021 08:51:31.0740 AM
[ReportManager] Initial URL: [data:,] @23-09-2021 08:51:31.0782 AM
[ReportManager] Browser Action [NavigateToURL] successfully performed. With the following test data [https://the-internet.herokuapp.com/]. @23-09-2021 08:51:32.0497 A

################################################################################################################################################
Starting Execution:	[104 out of 144] test cases in the current suite
Test Method:		[testPackage01.Test_NewValidationHelper.f16]
################################################################################################################################################
[ReportManager] Element Action [IdentifyUniqueElement] failed. With the following test data [zero elements found matching this locator "By.tagName: h3".]. @23-09-2021 08:51:58.0060 AM
[ReportManager] Successfully created attachment [Screenshot - 1632387117996_f16_IdentifyUniqueElement_failed] @23-09-2021 08:51:58.0061 AM
[ReportManager] Assertion [ValidateElementAttribute] FAILED. Expected [Value Should not be 'Welcome' for the 'text' attribute, element locator 'By.tagName: h3'] and Actual [Failed to read the desired element attribute]. Comparison Type [CONTAINS]. Validation Type [NEGATIVE]. @23-09-2021 08:51:58.0061 A
[ReportManager] Successfully Closed All Drivers. @23-09-2021 08:51:58.0133 A
[ReportManager] File Action [GetAbsolutePath] successfully performed. With the following test data [Relative Folder Path: "target/downloadedFiles/"]. @23-09-2021 08:51:58.0135 AM
[ReportManager] Attempting to run remotely on: [Linux-64], [GoogleChrome], [http://localhost:4444/wd/hub], Headless Execution. @23-09-2021 08:51:58.0135 AM
[ReportManager] Successfully Opened [GoogleChrome]. @23-09-2021 08:51:58.0304 AM
[ReportManager] Target URL: [https://the-internet.herokuapp.com/] @23-09-2021 08:51:58.0313 AM
[ReportManager] Initial URL: [data:,] @23-09-2021 08:51:58.0353 AM
[ReportManager] Browser Action [NavigateToURL] successfully performed. With the following test data [https://the-internet.herokuapp.com/]. @23-09-2021 08:51:59.0060 A

################################################################################################################################################
Starting Execution:	[105 out of 144] test cases in the current suite
Test Method:		[testPackage01.Test_NewValidationHelper.f17]
################################################################################################################################################
[ReportManager] Attempting to getAttribute [text2] from elementLocator [By.tagName: h1]. @23-09-2021 08:51:59.0069 AM
[ReportManager] Element Action [GetAttribute] successfully performed. @23-09-2021 08:51:59.0138 AM
[ReportManager] Loaded Shared OpenCV @23-09-2021 08:51:59.0284 AM
[ReportManager] Assertion [ValidateElementAttribute] PASSED. Expected [Value Should not be 'Welcome' for the 'text2' attribute, element locator 'By.tagName: h1'] and Actual [null]. Comparison Type [CONTAINS]. Validation Type [NEGATIVE]. @23-09-2021 08:51:59.0377 AM
[ReportManager] Successfully created attachment [Screenshot - 1632387119284_f17_ValidateElementAttribute_passed] @23-09-2021 08:51:59.0378 A
[ReportManager] Successfully Closed All Drivers. @23-09-2021 08:51:59.0450 A
[ReportManager] File Action [GetAbsolutePath] successfully performed. With the following test data [Relative Folder Path: "target/downloadedFiles/"]. @23-09-2021 08:51:59.0458 AM
[ReportManager] Attempting to run remotely on: [Linux-64], [GoogleChrome], [http://localhost:4444/wd/hub], Headless Execution. @23-09-2021 08:51:59.0459 AM
[ReportManager] Successfully Opened [GoogleChrome]. @23-09-2021 08:51:59.0636 AM
[ReportManager] Target URL: [https://the-internet.herokuapp.com/] @23-09-2021 08:51:59.0647 AM
[ReportManager] Initial URL: [data:,] @23-09-2021 08:51:59.0685 AM
[ReportManager] Browser Action [NavigateToURL] successfully performed. With the following test data [https://the-internet.herokuapp.com/]. @23-09-2021 08:52:00.0360 A

################################################################################################################################################
Starting Execution:	[106 out of 144] test cases in the current suite
Test Method:		[testPackage01.Test_NewValidationHelper.f18]
################################################################################################################################################
[ReportManager] Element Action [GetText] successfully performed. With the following test data [Welcome to the-internet]. @23-09-2021 08:52:00.0456 AM
[ReportManager] Loaded Shared OpenCV @23-09-2021 08:52:00.0588 AM
[ReportManager] Assertion [ValidateElementAttribute] PASSED. Expected [Value Should not be 'no' for the 'text' attribute, element locator 'By.tagName: h1'] and Actual [Welcome to the-internet]. Comparison Type [CONTAINS]. Validation Type [NEGATIVE]. @23-09-2021 08:52:00.0675 AM
[ReportManager] Successfully created attachment [Screenshot - 1632387120588_f18_ValidateElementAttribute_passed] @23-09-2021 08:52:00.0676 A
[ReportManager] Successfully Closed All Drivers. @23-09-2021 08:52:00.0796 A
[ReportManager] File Action [GetAbsolutePath] successfully performed. With the following test data [Relative Folder Path: "target/downloadedFiles/"]. @23-09-2021 08:52:00.0798 AM
[ReportManager] Attempting to run remotely on: [Linux-64], [GoogleChrome], [http://localhost:4444/wd/hub], Headless Execution. @23-09-2021 08:52:00.0798 AM
[ReportManager] Successfully Opened [GoogleChrome]. @23-09-2021 08:52:00.0992 AM
[ReportManager] Target URL: [https://the-internet.herokuapp.com/] @23-09-2021 08:52:01.0002 AM
[ReportManager] Initial URL: [data:,] @23-09-2021 08:52:01.0038 AM
[ReportManager] Browser Action [NavigateToURL] successfully performed. With the following test data [https://the-internet.herokuapp.com/]. @23-09-2021 08:52:01.0724 A

################################################################################################################################################
Starting Execution:	[107 out of 144] test cases in the current suite
Test Method:		[testPackage01.Test_NewValidationHelper.f19]
################################################################################################################################################
[ReportManager] Element Action [GetTagName] successfully performed. With the following test data [h1]. @23-09-2021 08:52:01.0793 AM
[ReportManager] Loaded Shared OpenCV @23-09-2021 08:52:01.0924 AM
[ReportManager] Assertion [ValidateElementAttribute] PASSED. Expected [Value Should be 'h' for the 'tagname' attribute, element locator 'By.tagName: h1'] and Actual [h1]. Comparison Type [CONTAINS]. Validation Type [POSITIVE]. @23-09-2021 08:52:02.0012 AM
[ReportManager] Successfully created attachment [Screenshot - 1632387121924_f19_ValidateElementAttribute_passed] @23-09-2021 08:52:02.0013 A
[ReportManager] Successfully Closed All Drivers. @23-09-2021 08:52:02.0090 A

################################################################################################################################################
Starting Execution:	[108 out of 144] test cases in the current suite
Test Method:		[testPackage01.Test_NewValidationHelper.f2]
################################################################################################################################################
[ReportManager] Assertion Failed: Checking valid user data @23-09-2021 08:52:02.0093 AM
[ReportManager] Assertion [ValidateEquals] FAILED. Expected [1] and Actual [2]. Comparison Type [EQUALS]. Validation Type [POSITIVE]. @23-09-2021 08:52:02.0093 A
[ReportManager] File Action [GetAbsolutePath] successfully performed. With the following test data [Relative Folder Path: "target/downloadedFiles/"]. @23-09-2021 08:52:02.0101 AM
[ReportManager] Attempting to run remotely on: [Linux-64], [GoogleChrome], [http://localhost:4444/wd/hub], Headless Execution. @23-09-2021 08:52:02.0101 AM
[ReportManager] Successfully Opened [GoogleChrome]. @23-09-2021 08:52:02.0284 AM
[ReportManager] Target URL: [https://the-internet.herokuapp.com/] @23-09-2021 08:52:02.0300 AM
[ReportManager] Initial URL: [data:,] @23-09-2021 08:52:02.0338 AM
[ReportManager] Browser Action [NavigateToURL] successfully performed. With the following test data [https://the-internet.herokuapp.com/]. @23-09-2021 08:52:03.0020 A

################################################################################################################################################
Starting Execution:	[109 out of 144] test cases in the current suite
Test Method:		[testPackage01.Test_NewValidationHelper.f20]
################################################################################################################################################
[ReportManager] Element Action [GetSize] successfully performed. With the following test data [(755, 61)]. @23-09-2021 08:52:03.0086 AM
[ReportManager] Loaded Shared OpenCV @23-09-2021 08:52:03.0239 AM
[ReportManager] Assertion [ValidateElementAttribute] PASSED. Expected [Value Should not be 'a' for the 'size' attribute, element locator 'By.tagName: h1'] and Actual [(755, 61)]. Comparison Type [CONTAINS]. Validation Type [NEGATIVE]. @23-09-2021 08:52:03.0319 AM
[ReportManager] Successfully created attachment [Screenshot - 1632387123239_f20_ValidateElementAttribute_passed] @23-09-2021 08:52:03.0321 A
[ReportManager] Successfully Closed All Drivers. @23-09-2021 08:52:03.0396 A
[ReportManager] File Action [GetAbsolutePath] successfully performed. With the following test data [Relative Folder Path: "target/downloadedFiles/"]. @23-09-2021 08:52:03.0397 AM
[ReportManager] Attempting to run remotely on: [Linux-64], [GoogleChrome], [http://localhost:4444/wd/hub], Headless Execution. @23-09-2021 08:52:03.0398 AM
[ReportManager] Successfully Opened [GoogleChrome]. @23-09-2021 08:52:03.0571 AM
[ReportManager] Target URL: [https://the-internet.herokuapp.com/] @23-09-2021 08:52:03.0582 AM
[ReportManager] Initial URL: [data:,] @23-09-2021 08:52:03.0617 AM
[ReportManager] Browser Action [NavigateToURL] successfully performed. With the following test data [https://the-internet.herokuapp.com/]. @23-09-2021 08:52:04.0294 A

################################################################################################################################################
Starting Execution:	[110 out of 144] test cases in the current suite
Test Method:		[testPackage01.Test_NewValidationHelper.f21]
################################################################################################################################################
[ReportManager] Element Action [IdentifyUniqueElement] failed. With the following test data [zero elements found matching this locator "By.tagName: h3".]. @23-09-2021 08:52:29.0852 AM
[ReportManager] Successfully created attachment [Screenshot - 1632387149785_f21_IdentifyUniqueElement_failed] @23-09-2021 08:52:29.0853 AM
[ReportManager] Assertion [ValidateElementAttribute] FAILED. Expected [Value Should be 'Welcome' for the 'text' attribute, element locator 'By.tagName: h3'] and Actual [Failed to read the desired element attribute]. Comparison Type [CONTAINS]. Validation Type [POSITIVE]. @23-09-2021 08:52:29.0853 A
[ReportManager] Successfully Closed All Drivers. @23-09-2021 08:52:29.0930 A
[ReportManager] File Action [GetAbsolutePath] successfully performed. With the following test data [Relative Folder Path: "target/downloadedFiles/"]. @23-09-2021 08:52:29.0932 AM
[ReportManager] Attempting to run remotely on: [Linux-64], [GoogleChrome], [http://localhost:4444/wd/hub], Headless Execution. @23-09-2021 08:52:29.0933 AM
[ReportManager] Successfully Opened [GoogleChrome]. @23-09-2021 08:52:30.0115 AM
[ReportManager] Target URL: [https://the-internet.herokuapp.com/] @23-09-2021 08:52:30.0124 AM
[ReportManager] Initial URL: [data:,] @23-09-2021 08:52:30.0160 AM
[ReportManager] Browser Action [NavigateToURL] successfully performed. With the following test data [https://the-internet.herokuapp.com/]. @23-09-2021 08:52:30.0838 A

################################################################################################################################################
Starting Execution:	[111 out of 144] test cases in the current suite
Test Method:		[testPackage01.Test_NewValidationHelper.f22]
################################################################################################################################################
[ReportManager] Element Action [GetText] successfully performed. With the following test data [Welcome to the-internet]. @23-09-2021 08:52:30.0915 AM
[ReportManager] Loaded Shared OpenCV @23-09-2021 08:52:31.0056 AM
[ReportManager] Assertion [ValidateElementAttribute] FAILED. Expected [Value Should be 'yyy' for the 'text' attribute, element locator 'By.tagName: h1'] and Actual [Welcome to the-internet]. Comparison Type [CONTAINS]. Validation Type [POSITIVE]. @23-09-2021 08:52:31.0140 AM
[ReportManager] Successfully created attachment [Screenshot - 1632387151056_f22_ValidateElementAttribute_failed] @23-09-2021 08:52:31.0141 A
[ReportManager] Successfully Closed All Drivers. @23-09-2021 08:52:31.0259 A

################################################################################################################################################
Starting Execution:	[112 out of 144] test cases in the current suite
Test Method:		[testPackage01.Test_NewValidationHelper.f23]
################################################################################################################################################
[ReportManager] Assertion Passed: confirming that the actual is greater than or equal to the expected @23-09-2021 08:52:31.0264 AM
[ReportManager] Assertion [ValidateComparativeRelation] PASSED. Expected [1] and Actual [1]. Comparison Type [GREATER_THAN_OR_EQUALS]. Validation Type [POSITIVE]. @23-09-2021 08:52:31.0264 A

################################################################################################################################################
Starting Execution:	[113 out of 144] test cases in the current suite
Test Method:		[testPackage01.Test_NewValidationHelper.f24]
################################################################################################################################################
[ReportManager] Assertion [ValidateComparativeRelation] PASSED. Expected [1] and Actual [10]. Comparison Type [GREATER_THAN_OR_EQUALS]. Validation Type [POSITIVE]. @23-09-2021 08:52:31.0266 A

################################################################################################################################################
Starting Execution:	[114 out of 144] test cases in the current suite
Test Method:		[testPackage01.Test_NewValidationHelper.f25]
################################################################################################################################################
[ReportManager] Assertion [ValidateComparativeRelation] PASSED. Expected [1] and Actual [1]. Comparison Type [EQUALS]. Validation Type [POSITIVE]. @23-09-2021 08:52:31.0269 A

################################################################################################################################################
Starting Execution:	[115 out of 144] test cases in the current suite
Test Method:		[testPackage01.Test_NewValidationHelper.f26]
################################################################################################################################################
[ReportManager] Assertion [ValidateComparativeRelation] PASSED. Expected [1] and Actual [5]. Comparison Type [GREATER_THAN]. Validation Type [POSITIVE]. @23-09-2021 08:52:31.0271 A

################################################################################################################################################
Starting Execution:	[116 out of 144] test cases in the current suite
Test Method:		[testPackage01.Test_NewValidationHelper.f27]
################################################################################################################################################
[ReportManager] Assertion [ValidateComparativeRelation] PASSED. Expected [11] and Actual [5]. Comparison Type [LESS_THAN]. Validation Type [POSITIVE]. @23-09-2021 08:52:31.0275 A

################################################################################################################################################
Starting Execution:	[117 out of 144] test cases in the current suite
Test Method:		[testPackage01.Test_NewValidationHelper.f28]
################################################################################################################################################
[ReportManager] Assertion [ValidateComparativeRelation] PASSED. Expected [11] and Actual [5]. Comparison Type [LESS_THAN_OR_EQUALS]. Validation Type [POSITIVE]. @23-09-2021 08:52:31.0277 A

################################################################################################################################################
Starting Execution:	[118 out of 144] test cases in the current suite
Test Method:		[testPackage01.Test_NewValidationHelper.f29]
################################################################################################################################################
[ReportManager] Assertion [ValidateComparativeRelation] PASSED. Expected [11] and Actual [11]. Comparison Type [LESS_THAN_OR_EQUALS]. Validation Type [POSITIVE]. @23-09-2021 08:52:31.0279 A

################################################################################################################################################
Starting Execution:	[119 out of 144] test cases in the current suite
Test Method:		[testPackage01.Test_NewValidationHelper.f3]
################################################################################################################################################
[ReportManager] Assertion [ValidateEquals] PASSED. Expected [1] and Actual [2]. Comparison Type [EQUALS]. Validation Type [NEGATIVE]. @23-09-2021 08:52:31.0281 A

################################################################################################################################################
Starting Execution:	[120 out of 144] test cases in the current suite
Test Method:		[testPackage01.Test_NewValidationHelper.f30]
################################################################################################################################################
[ReportManager] Assertion [ValidateComparativeRelation] FAILED. Expected [-9] and Actual [11]. Comparison Type [LESS_THAN_OR_EQUALS]. Validation Type [POSITIVE]. @23-09-2021 08:52:31.0283 A

################################################################################################################################################
Starting Execution:	[121 out of 144] test cases in the current suite
Test Method:		[testPackage01.Test_NewValidationHelper.f31]
################################################################################################################################################
[ReportManager] Assertion [ValidateTrue] PASSED. Expected [TRUE] and Actual [TRUE]. Validation Type [POSITIVE]. @23-09-2021 08:52:31.0284 A

################################################################################################################################################
Starting Execution:	[122 out of 144] test cases in the current suite
Test Method:		[testPackage01.Test_NewValidationHelper.f32]
################################################################################################################################################
[ReportManager] Assertion [ValidateTrue] PASSED. Expected [FALSE] and Actual [FALSE]. Validation Type [NEGATIVE]. @23-09-2021 08:52:31.0286 A

################################################################################################################################################
Starting Execution:	[123 out of 144] test cases in the current suite
Test Method:		[testPackage01.Test_NewValidationHelper.f33]
################################################################################################################################################
[ReportManager] Assertion [ValidateTrue] FAILED. Expected [FALSE] and Actual [TRUE]. Validation Type [NEGATIVE]. @23-09-2021 08:52:31.0288 A

################################################################################################################################################
Starting Execution:	[124 out of 144] test cases in the current suite
Test Method:		[testPackage01.Test_NewValidationHelper.f34]
################################################################################################################################################
[ReportManager] Assertion [ValidateTrue] FAILED. Expected [TRUE] and Actual [FALSE]. Validation Type [POSITIVE]. @23-09-2021 08:52:31.0290 A

################################################################################################################################################
Starting Execution:	[125 out of 144] test cases in the current suite
Test Method:		[testPackage01.Test_NewValidationHelper.f35]
################################################################################################################################################
[ReportManager] File Action [DoesFileExist] successfully performed. With the following test data [File Path: "pom.xml"]. @23-09-2021 08:52:31.0292 AM
[ReportManager] Assertion [ValidateFileExists] PASSED. Expected [File 'pom.xml' should exist, after up to '1' retries] and Actual [File exists]. Validation Type [POSITIVE]. @23-09-2021 08:52:31.0292 A

################################################################################################################################################
Starting Execution:	[126 out of 144] test cases in the current suite
Test Method:		[testPackage01.Test_NewValidationHelper.f36]
################################################################################################################################################
[ReportManager] File Action [DoesFileExist] successfully performed. With the following test data [File Path: "src/test/java/testPackage01/Test_NewValidationHelper.java"]. @23-09-2021 08:52:31.0294 AM
[ReportManager] Assertion [ValidateFileExists] PASSED. Expected [File 'src/test/java/testPackage01/Test_NewValidationHelper.java' should exist, after up to '1' retries] and Actual [File exists]. Validation Type [POSITIVE]. @23-09-2021 08:52:31.0294 A

################################################################################################################################################
Starting Execution:	[127 out of 144] test cases in the current suite
Test Method:		[testPackage01.Test_NewValidationHelper.f37]
################################################################################################################################################
[ReportManager] File Action [DoesFileExist] successfully performed. With the following test data [File Path: "pom.xml"]. @23-09-2021 08:52:31.0299 AM
[ReportManager] Assertion Failed: confirming that the file does't exist after 5 retries @23-09-2021 08:52:31.0299 AM
[ReportManager] Assertion [ValidateFileExists] FAILED. Expected [File 'pom.xml' should not exist, after up to '5' retries] and Actual [File exists]. Validation Type [NEGATIVE]. @23-09-2021 08:52:31.0299 A

################################################################################################################################################
Starting Execution:	[128 out of 144] test cases in the current suite
Test Method:		[testPackage01.Test_NewValidationHelper.f3_1]
################################################################################################################################################
[ReportManager] Assertion Passed: Checking valid user data @23-09-2021 08:52:31.0302 AM
[ReportManager] Assertion [ValidateEquals] PASSED. Expected [null] and Actual [null]. Comparison Type [EQUALS]. Validation Type [POSITIVE]. @23-09-2021 08:52:31.0302 A

################################################################################################################################################
Starting Execution:	[129 out of 144] test cases in the current suite
Test Method:		[testPackage01.Test_NewValidationHelper.f4]
################################################################################################################################################
[ReportManager] Assertion [ValidateEquals] PASSED. Expected [1] and Actual [123]. Comparison Type [CONTAINS]. Validation Type [POSITIVE]. @23-09-2021 08:52:31.0305 A

################################################################################################################################################
Starting Execution:	[130 out of 144] test cases in the current suite
Test Method:		[testPackage01.Test_NewValidationHelper.f5]
################################################################################################################################################
[ReportManager] Assertion [ValidateNull] PASSED. Expected [NULL] and Actual [1]. Comparison Type [EQUALS]. Validation Type [NEGATIVE]. @23-09-2021 08:52:31.0308 A

################################################################################################################################################
Starting Execution:	[131 out of 144] test cases in the current suite
Test Method:		[testPackage01.Test_NewValidationHelper.f6]
################################################################################################################################################
[ReportManager] Assertion Failed: Making sure that null string is not equal to null object @23-09-2021 08:52:31.0310 AM
[ReportManager] Assertion [ValidateNull] FAILED. Expected [NULL] and Actual [NULL]. Comparison Type [EQUALS]. Validation Type [POSITIVE]. @23-09-2021 08:52:31.0311 A

################################################################################################################################################
Starting Execution:	[132 out of 144] test cases in the current suite
Test Method:		[testPackage01.Test_NewValidationHelper.f6_1]
################################################################################################################################################
[ReportManager] Assertion [ValidateNull] FAILED. Expected [NULL] and Actual [NULL]. Comparison Type [EQUALS]. Validation Type [NEGATIVE]. @23-09-2021 08:52:31.0312 A

################################################################################################################################################
Starting Execution:	[133 out of 144] test cases in the current suite
Test Method:		[testPackage01.Test_NewValidationHelper.f6_2]
################################################################################################################################################
[ReportManager] Assertion Failed: Making sure that null string is not equal to null object @23-09-2021 08:52:31.0314 AM
[ReportManager] Assertion [ValidateNull] FAILED. Expected [NULL] and Actual [not null]. Comparison Type [EQUALS]. Validation Type [POSITIVE]. @23-09-2021 08:52:31.0314 A

################################################################################################################################################
Starting Execution:	[134 out of 144] test cases in the current suite
Test Method:		[testPackage01.Test_NewValidationHelper.f7]
################################################################################################################################################
[ReportManager] Assertion [ValidateNull] PASSED. Expected [NULL] and Actual [NULL]. Comparison Type [EQUALS]. Validation Type [POSITIVE]. @23-09-2021 08:52:31.0317 A
[ReportManager] File Action [GetAbsolutePath] successfully performed. With the following test data [Relative Folder Path: "target/downloadedFiles/"]. @23-09-2021 08:52:31.0319 AM
[ReportManager] Attempting to run remotely on: [Linux-64], [GoogleChrome], [http://localhost:4444/wd/hub], Headless Execution. @23-09-2021 08:52:31.0319 AM
[ReportManager] Successfully Opened [GoogleChrome]. @23-09-2021 08:52:31.0487 AM
[ReportManager] Target URL: [https://the-internet.herokuapp.com/] @23-09-2021 08:52:31.0498 AM
[ReportManager] Initial URL: [data:,] @23-09-2021 08:52:31.0539 AM
[ReportManager] Browser Action [NavigateToURL] successfully performed. With the following test data [https://the-internet.herokuapp.com/]. @23-09-2021 08:52:32.0244 A

################################################################################################################################################
Starting Execution:	[135 out of 144] test cases in the current suite
Test Method:		[testPackage01.Test_NewValidationHelper.f8]
################################################################################################################################################
[ReportManager] Loaded Shared OpenCV @23-09-2021 08:52:32.0439 AM
[ReportManager] Assertion [ValidateElementExists] PASSED. Expected [Element Should Exist, locator 'By.tagName: h1'] and Actual [Element Exists]. Comparison Type [EQUALS]. Validation Type [POSITIVE]. @23-09-2021 08:52:32.0521 AM
[ReportManager] Successfully created attachment [Screenshot - 1632387152439_f8_ValidateElementExists_passed] @23-09-2021 08:52:32.0522 A
[ReportManager] Successfully Closed All Drivers. @23-09-2021 08:52:32.0596 A
[ReportManager] File Action [GetAbsolutePath] successfully performed. With the following test data [Relative Folder Path: "target/downloadedFiles/"]. @23-09-2021 08:52:32.0598 AM
[ReportManager] Attempting to run remotely on: [Linux-64], [GoogleChrome], [http://localhost:4444/wd/hub], Headless Execution. @23-09-2021 08:52:32.0598 AM
[ReportManager] Successfully Opened [GoogleChrome]. @23-09-2021 08:52:32.0778 AM
[ReportManager] Target URL: [https://the-internet.herokuapp.com/] @23-09-2021 08:52:32.0788 AM
[ReportManager] Initial URL: [data:,] @23-09-2021 08:52:32.0826 AM
[ReportManager] Browser Action [NavigateToURL] successfully performed. With the following test data [https://the-internet.herokuapp.com/]. @23-09-2021 08:52:33.0516 A

################################################################################################################################################
Starting Execution:	[136 out of 144] test cases in the current suite
Test Method:		[testPackage01.Test_NewValidationHelper.f9]
################################################################################################################################################
[ReportManager] Assertion [ValidateElementExists] FAILED. Expected [Element Should Exist, locator 'By.tagName: h3'] and Actual [Element Doesn't Exists]. Comparison Type [EQUALS]. Validation Type [POSITIVE]. @23-09-2021 08:53:04.0180 AM
[ReportManager] Successfully created attachment [Screenshot - 1632387184116_f9_ValidateElementExists_failed] @23-09-2021 08:53:04.0180 A
[ReportManager] Successfully Closed All Drivers. @23-09-2021 08:53:04.0253 A

################################################################################################################################################
Starting Execution:	[137 out of 144] test cases in the current suite
Test Method:		[testPackage01.Test_NewValidationHelper.forceFail]
################################################################################################################################################
[ReportManager] Assertion [ValidateFail] FAILED. Successfully force failed the test. @23-09-2021 08:53:04.0256 A

################################################################################################################################################
Starting Execution:	[138 out of 144] test cases in the current suite
Test Method:		[testPackage01.Test_NewValidationHelper.forceFail2]
################################################################################################################################################
[ReportManager] Assertion Failed: Custom Message @23-09-2021 08:53:04.0259 AM
[ReportManager] Assertion [ValidateFail] FAILED. Successfully force failed the test. @23-09-2021 08:53:04.0259 A

################################################################################################################################################
Starting Execution:	[139 out of 144] test cases in the current suite
Test Method:		[testPackage01.Test_sendGraphqlRequest.sendGraphqlRequestUsingMutationAndVariables]
################################################################################################################################################
[ReportManager] GraphQl Request is being Performed with the Following Parameters [Service URL: https://api.spacex.land/graphql | Request Body: {"variables":"{\"name\": \"sherlock holmes\",\"rocket\": \"221B Baker Street\"}","query":"mutation ($name: String, $rocket: String) {\n  insert_users(objects: {name: $name, rocket: $rocket}) {\n    returning {\n      name\n      rocket\n    }\n  }\n}"}] @23-09-2021 08:53:04.0261 AM
[ReportManager] Response status code: [200], status line: [HTTP/1.1 200 OK] @23-09-2021 08:53:04.0651 AM
[ReportManager] Assertion Passed: Evaluating the actual response status code against the expected one... @23-09-2021 08:53:04.0651 AM
[ReportManager] Assertion [ValidateEquals] PASSED. Expected [200] and Actual [200]. Comparison Type [EQUALS]. Validation Type [POSITIVE]. @23-09-2021 08:53:04.0651 AM
[ReportManager] API Action [PerformRequest] successfully performed. With the following test data [Request Type: "POST" | Target Status Code: "200" | Service URL: "https://api.spacex.land/graphql" | Content Type: "application/json" | Response Time: "325ms"]. @23-09-2021 08:53:04.0666 AM
[ReportManager] Successfully created attachment [API Request - Specifications] @23-09-2021 08:53:04.0666 AM
[ReportManager] Successfully created attachment [API Request - JSON Body] @23-09-2021 08:53:04.0666 AM
[ReportManager] Successfully created attachment [API Response - JSON Body] @23-09-2021 08:53:04.0666 AM
[ReportManager] API Action [GetResponseJSONValue] successfully performed. With the following test data [data.insert_users.returning[0].name]. @23-09-2021 08:53:04.0703 AM
[ReportManager] Assertion [ValidateEquals] PASSED. Expected [sherlock holmes] and Actual [sherlock holmes]. Comparison Type [EQUALS]. Validation Type [POSITIVE]. @23-09-2021 08:53:04.0703 A

################################################################################################################################################
Starting Execution:	[140 out of 144] test cases in the current suite
Test Method:		[testPackage01.Test_sendGraphqlRequest.sendGraphqlRequestUsingQuery]
################################################################################################################################################
[ReportManager] GraphQl Request is being Performed with the Following Parameters [Service URL: https://api.spacex.land/graphql | Request Body: {"query":"{company {ceo}}"}] @23-09-2021 08:53:04.0707 AM
[ReportManager] Response status code: [200], status line: [HTTP/1.1 200 OK] @23-09-2021 08:53:04.0881 AM
[ReportManager] Assertion Passed: Evaluating the actual response status code against the expected one... @23-09-2021 08:53:04.0881 AM
[ReportManager] Assertion [ValidateEquals] PASSED. Expected [200] and Actual [200]. Comparison Type [EQUALS]. Validation Type [POSITIVE]. @23-09-2021 08:53:04.0881 AM
[ReportManager] API Action [PerformRequest] successfully performed. With the following test data [Request Type: "POST" | Target Status Code: "200" | Service URL: "https://api.spacex.land/graphql" | Content Type: "application/json" | Response Time: "170ms"]. @23-09-2021 08:53:04.0892 AM
[ReportManager] Successfully created attachment [API Request - Specifications] @23-09-2021 08:53:04.0892 AM
[ReportManager] Successfully created attachment [API Request - JSON Body] @23-09-2021 08:53:04.0893 AM
[ReportManager] Successfully created attachment [API Response - JSON Body] @23-09-2021 08:53:04.0893 AM
[ReportManager] API Action [GetResponseJSONValue] successfully performed. With the following test data [data.company.ceo]. @23-09-2021 08:53:04.0905 AM
[ReportManager] Assertion [ValidateEquals] PASSED. Expected [Elon Musk] and Actual [Elon Musk]. Comparison Type [EQUALS]. Validation Type [POSITIVE]. @23-09-2021 08:53:04.0905 A

################################################################################################################################################
Starting Execution:	[141 out of 144] test cases in the current suite
Test Method:		[testPackage01.Test_chainableElementActions.chainElementActions]
################################################################################################################################################
[ReportManager] File Action [GetAbsolutePath] successfully performed. With the following test data [Relative Folder Path: "target/downloadedFiles/"]. @23-09-2021 08:53:04.0911 AM
[ReportManager] Attempting to run remotely on: [Linux-64], [GoogleChrome], [http://localhost:4444/wd/hub], Headless Execution. @23-09-2021 08:53:04.0911 AM
[ReportManager] Successfully Opened [GoogleChrome]. @23-09-2021 08:53:05.0086 AM
[ReportManager] Target URL: [https://www.google.com/ncr], and after redirection: [https://www.google.com] @23-09-2021 08:53:05.0095 AM
[ReportManager] Initial URL: [data:,] @23-09-2021 08:53:05.0133 AM
[ReportManager] Browser Action [NavigateToURL] successfully performed. With the following test data [https://www.google.com/ncr]. @23-09-2021 08:53:05.0949 AM
[ReportManager] Element Action [Type] successfully performed. With the following test data [chained type 1]. @23-09-2021 08:53:06.0274 AM
[ReportManager] Element Action [Type] successfully performed. With the following test data [chained type 2]. @23-09-2021 08:53:06.0589 AM
[ReportManager] Element Action [TypeAppend] successfully performed. With the following test data [345]. @23-09-2021 08:53:06.0680 AM
[ReportManager] Element Action [GetText] successfully performed. With the following test data [chained type 2345]. @23-09-2021 08:53:06.0779 AM
[ReportManager] Loaded Shared OpenCV @23-09-2021 08:53:06.0913 AM
[ReportManager] Assertion [ValidateElementAttribute] PASSED. Expected [Value Should be 'chained type 2345' for the 'text' attribute, element locator 'By.name: q'] and Actual [chained type 2345]. Comparison Type [EQUALS]. Validation Type [POSITIVE]. @23-09-2021 08:53:06.0993 AM
[ReportManager] Successfully created attachment [Screenshot - 1632387186913_chainElementActions_ValidateElementAttribute_passed] @23-09-2021 08:53:06.0994 AM
[ReportManager] Browser Action [CloseCurrentWindow] successfully performed. @23-09-2021 08:53:07.0111 AM
[ReportManager] Successfully created attachment [Browser Action Test Data - CloseCurrentWindow - Actual Value] @23-09-2021 08:53:07.0112 A

################################################################################################################################################
Starting Execution:	[142 out of 144] test cases in the current suite
Test Method:		[testPackage01.Test_SkipDueToIssue.doNotSkip]
################################################################################################################################################
[ReportManager] This should not be skipped. @23-09-2021 08:53:07.0116 A

################################################################################################################################################
Starting Execution:	[143 out of 144] test cases in the current suite
Test Method:		[testPackage01.Test_SkipDueToIssue.skip]
################################################################################################################################################
[ReportManager] This should be skipped. @23-09-2021 08:53:07.0122 A

################################################################################################################################################
Starting Execution:	[144 out of 144] test cases in the current suite
Test Method:		[testPackage01.Test_SkipDueToIssue.skip2]
################################################################################################################################################
[ReportManager] This should be skipped. @23-09-2021 08:53:07.0127 A

################################################################################################################################################
Test Closure Activities
################################################################################################################################################
[ReportManager] Successfully created attachment [SHAFT Engine Logs - Execution log] @23-09-2021 08:53:07.0147 AM

################################################################################################################################################
This test run was powered by SHAFT Engine Version: [SHAFT Engine v5.3.20210902]
SHAFT Engine is licensed under the MIT License: [https://github.com/MohabMohie/SHAFT_ENGINE/blob/master/LICENSE].
################################################################################################################################################