################################################################################################################################################
Detected SHAFT Engine Version: [SHAFT Engine v5.4.20211011]
################################################################################################################################################

################################################################################################################################################
Starting Execution:	[1 out of 143] test cases in the current suite
Test Method:		[unitTests.tests_validations_assertions.assertComparativeRelation_greaterThanOrEquals_false_equals_expectedToFail]
################################################################################################################################################
[ReportManager] Assertion [ValidateComparativeRelation] FAILED. Expected [1] and Actual [1]. Comparison Type [GREATER_THAN_OR_EQUALS]. Validation Type [NEGATIVE]. @21-10-2021 02:01:30.0911 A

################################################################################################################################################
Starting Execution:	[2 out of 143] test cases in the current suite
Test Method:		[unitTests.tests_validations_assertions.assertComparativeRelation_greaterThanOrEquals_false_equals_expectedToPass]
################################################################################################################################################
[ReportManager] Assertion [ValidateComparativeRelation] PASSED. Expected [2] and Actual [1]. Comparison Type [GREATER_THAN_OR_EQUALS]. Validation Type [NEGATIVE]. @21-10-2021 02:01:31.0007 A

################################################################################################################################################
Starting Execution:	[3 out of 143] test cases in the current suite
Test Method:		[unitTests.tests_validations_assertions.assertComparativeRelation_greaterThanOrEquals_false_greaterThan_expectedToFail]
################################################################################################################################################
[ReportManager] Assertion [ValidateComparativeRelation] FAILED. Expected [1] and Actual [2]. Comparison Type [GREATER_THAN_OR_EQUALS]. Validation Type [NEGATIVE]. @21-10-2021 02:01:31.0013 A

################################################################################################################################################
Starting Execution:	[4 out of 143] test cases in the current suite
Test Method:		[unitTests.tests_validations_assertions.assertComparativeRelation_greaterThanOrEquals_false_greaterThan_expectedToPass]
################################################################################################################################################
[ReportManager] Assertion [ValidateComparativeRelation] PASSED. Expected [2] and Actual [1]. Comparison Type [GREATER_THAN_OR_EQUALS]. Validation Type [NEGATIVE]. @21-10-2021 02:01:31.0019 A

################################################################################################################################################
Starting Execution:	[5 out of 143] test cases in the current suite
Test Method:		[unitTests.tests_validations_assertions.assertComparativeRelation_greaterThanOrEquals_true_equals_expectedToFail]
################################################################################################################################################
[ReportManager] Assertion [ValidateComparativeRelation] FAILED. Expected [1] and Actual [0]. Comparison Type [GREATER_THAN_OR_EQUALS]. Validation Type [POSITIVE]. @21-10-2021 02:01:31.0025 A

################################################################################################################################################
Starting Execution:	[6 out of 143] test cases in the current suite
Test Method:		[unitTests.tests_validations_assertions.assertComparativeRelation_greaterThanOrEquals_true_equals_expectedToPass]
################################################################################################################################################
[ReportManager] Assertion [ValidateComparativeRelation] PASSED. Expected [1] and Actual [1]. Comparison Type [GREATER_THAN_OR_EQUALS]. Validation Type [POSITIVE]. @21-10-2021 02:01:31.0029 A

################################################################################################################################################
Starting Execution:	[7 out of 143] test cases in the current suite
Test Method:		[unitTests.tests_validations_assertions.assertComparativeRelation_greaterThanOrEquals_true_greaterThan_expectedToFail]
################################################################################################################################################
[ReportManager] Assertion [ValidateComparativeRelation] FAILED. Expected [2] and Actual [1]. Comparison Type [GREATER_THAN_OR_EQUALS]. Validation Type [POSITIVE]. @21-10-2021 02:01:31.0033 A

################################################################################################################################################
Starting Execution:	[8 out of 143] test cases in the current suite
Test Method:		[unitTests.tests_validations_assertions.assertComparativeRelation_greaterThanOrEquals_true_greaterThan_expectedToPass]
################################################################################################################################################
[ReportManager] Assertion [ValidateComparativeRelation] PASSED. Expected [1] and Actual [2]. Comparison Type [GREATER_THAN_OR_EQUALS]. Validation Type [POSITIVE]. @21-10-2021 02:01:31.0036 A
[ReportManager] File Action [GetAbsolutePath] successfully performed. With the following test data [Relative Folder Path: "target/downloadedFiles/"]. @21-10-2021 02:01:31.0045 AM
[ReportManager] Attempting to run remotely on: [Linux-64], [GoogleChrome], [http://localhost:4444/wd/hub], Headless Execution. @21-10-2021 02:01:31.0069 AM
[ReportManager] Successfully Opened [GoogleChrome]. @21-10-2021 02:01:32.0433 AM
[ReportManager] Target URL: [https://www.google.com/ncr], and after redirection: [www.google.com] @21-10-2021 02:01:32.0470 AM
[ReportManager] Initial URL: [data:,] @21-10-2021 02:01:32.0571 AM
[ReportManager] Browser Action [NavigateToURL] successfully performed. With the following test data [https://www.google.com/ncr]. @21-10-2021 02:01:33.0751 A

################################################################################################################################################
Starting Execution:	[9 out of 143] test cases in the current suite
Test Method:		[unitTests.tests_validations_assertions.assertElementAttribute_false_caseInsensitiveComparison_expectedToFail]
################################################################################################################################################
[ReportManager] Element Action [Type] successfully performed. With the following test data [AUTOMATION]. @21-10-2021 02:01:34.0207 AM
[ReportManager] Element Action [GetText] successfully performed. With the following test data [AUTOMATION]. @21-10-2021 02:01:34.0359 AM
[ReportManager] Loaded Shared OpenCV @21-10-2021 02:01:34.0992 AM
[ReportManager] Assertion [ValidateElementAttribute] FAILED. Expected [Value Should not be 'AutomaTion' for the 'text' attribute, element locator 'By.name: q'] and Actual [AUTOMATION]. Comparison Type [CASE_INSENSITIVE]. Validation Type [NEGATIVE]. @21-10-2021 02:01:35.0259 AM
[ReportManager] Successfully created attachment [Screenshot - 1634781694550_assertElementAttribute_false_caseInsensitiveComparison_expectedToFail_ValidateElementAttribute_failed] @21-10-2021 02:01:35.0278 A
[ReportManager] Browser Action [CloseCurrentWindow] successfully performed. @21-10-2021 02:01:35.0439 AM
[ReportManager] Successfully created attachment [Browser Action Test Data - CloseCurrentWindow - Actual Value] @21-10-2021 02:01:35.0449 A
[ReportManager] File Action [GetAbsolutePath] successfully performed. With the following test data [Relative Folder Path: "target/downloadedFiles/"]. @21-10-2021 02:01:35.0460 AM
[ReportManager] Attempting to run remotely on: [Linux-64], [GoogleChrome], [http://localhost:4444/wd/hub], Headless Execution. @21-10-2021 02:01:35.0460 AM
[ReportManager] Successfully Opened [GoogleChrome]. @21-10-2021 02:01:35.0771 AM
[ReportManager] Target URL: [https://www.google.com/ncr], and after redirection: [www.google.com] @21-10-2021 02:01:35.0788 AM
[ReportManager] Initial URL: [data:,] @21-10-2021 02:01:35.0856 AM
[ReportManager] Browser Action [NavigateToURL] successfully performed. With the following test data [https://www.google.com/ncr]. @21-10-2021 02:01:36.0705 A

################################################################################################################################################
Starting Execution:	[10 out of 143] test cases in the current suite
Test Method:		[unitTests.tests_validations_assertions.assertElementAttribute_false_caseInsensitiveComparison_expectedToPass]
################################################################################################################################################
[ReportManager] Element Action [Type] successfully performed. With the following test data [AUTOMATION]. @21-10-2021 02:01:37.0093 AM
[ReportManager] Element Action [GetText] successfully performed. With the following test data [AUTOMATION]. @21-10-2021 02:01:37.0208 AM
[ReportManager] Loaded Shared OpenCV @21-10-2021 02:01:37.0348 AM
[ReportManager] Assertion [ValidateElementAttribute] PASSED. Expected [Value Should not be 'AutomaTion123' for the 'text' attribute, element locator 'By.name: q'] and Actual [AUTOMATION]. Comparison Type [CASE_INSENSITIVE]. Validation Type [NEGATIVE]. @21-10-2021 02:01:37.0474 AM
[ReportManager] Successfully created attachment [Screenshot - 1634781697347_assertElementAttribute_false_caseInsensitiveComparison_expectedToPass_ValidateElementAttribute_passed] @21-10-2021 02:01:37.0477 A
[ReportManager] Browser Action [CloseCurrentWindow] successfully performed. @21-10-2021 02:01:37.0625 AM
[ReportManager] Successfully created attachment [Browser Action Test Data - CloseCurrentWindow - Actual Value] @21-10-2021 02:01:37.0629 A
[ReportManager] File Action [GetAbsolutePath] successfully performed. With the following test data [Relative Folder Path: "target/downloadedFiles/"]. @21-10-2021 02:01:37.0635 AM
[ReportManager] Attempting to run remotely on: [Linux-64], [GoogleChrome], [http://localhost:4444/wd/hub], Headless Execution. @21-10-2021 02:01:37.0635 AM
[ReportManager] Successfully Opened [GoogleChrome]. @21-10-2021 02:01:37.0864 AM
[ReportManager] Target URL: [https://www.google.com/ncr], and after redirection: [www.google.com] @21-10-2021 02:01:37.0883 AM
[ReportManager] Initial URL: [data:,] @21-10-2021 02:01:37.0962 AM
[ReportManager] Browser Action [NavigateToURL] successfully performed. With the following test data [https://www.google.com/ncr]. @21-10-2021 02:01:38.0716 A

################################################################################################################################################
Starting Execution:	[11 out of 143] test cases in the current suite
Test Method:		[unitTests.tests_validations_assertions.assertElementAttribute_false_containsComparison_expectedToFail]
################################################################################################################################################
[ReportManager] Element Action [Type] successfully performed. With the following test data [Automation123]. @21-10-2021 02:01:39.0079 AM
[ReportManager] Element Action [GetText] successfully performed. With the following test data [Automation123]. @21-10-2021 02:01:39.0202 AM
[ReportManager] Loaded Shared OpenCV @21-10-2021 02:01:39.0344 AM
[ReportManager] Assertion [ValidateElementAttribute] FAILED. Expected [Value Should not be 'Automation' for the 'text' attribute, element locator 'By.name: q'] and Actual [Automation123]. Comparison Type [CONTAINS]. Validation Type [NEGATIVE]. @21-10-2021 02:01:39.0426 AM
[ReportManager] Successfully created attachment [Screenshot - 1634781699343_assertElementAttribute_false_containsComparison_expectedToFail_ValidateElementAttribute_failed] @21-10-2021 02:01:39.0428 A
[ReportManager] Browser Action [CloseCurrentWindow] successfully performed. @21-10-2021 02:01:39.0574 AM
[ReportManager] Successfully created attachment [Browser Action Test Data - CloseCurrentWindow - Actual Value] @21-10-2021 02:01:39.0575 A
[ReportManager] File Action [GetAbsolutePath] successfully performed. With the following test data [Relative Folder Path: "target/downloadedFiles/"]. @21-10-2021 02:01:39.0581 AM
[ReportManager] Attempting to run remotely on: [Linux-64], [GoogleChrome], [http://localhost:4444/wd/hub], Headless Execution. @21-10-2021 02:01:39.0581 AM
[ReportManager] Successfully Opened [GoogleChrome]. @21-10-2021 02:01:39.0804 AM
[ReportManager] Target URL: [https://www.google.com/ncr], and after redirection: [www.google.com] @21-10-2021 02:01:39.0819 AM
[ReportManager] Initial URL: [data:,] @21-10-2021 02:01:39.0863 AM
[ReportManager] Browser Action [NavigateToURL] successfully performed. With the following test data [https://www.google.com/ncr]. @21-10-2021 02:01:40.0621 A

################################################################################################################################################
Starting Execution:	[12 out of 143] test cases in the current suite
Test Method:		[unitTests.tests_validations_assertions.assertElementAttribute_false_containsComparison_expectedToPass]
################################################################################################################################################
[ReportManager] Element Action [Type] successfully performed. With the following test data [Automation123]. @21-10-2021 02:01:40.0983 AM
[ReportManager] Element Action [GetText] successfully performed. With the following test data [Automation123]. @21-10-2021 02:01:41.0086 AM
[ReportManager] Loaded Shared OpenCV @21-10-2021 02:01:41.0220 AM
[ReportManager] Assertion [ValidateElementAttribute] PASSED. Expected [Value Should not be 'Automation1234' for the 'text' attribute, element locator 'By.name: q'] and Actual [Automation123]. Comparison Type [CONTAINS]. Validation Type [NEGATIVE]. @21-10-2021 02:01:41.0290 AM
[ReportManager] Successfully created attachment [Screenshot - 1634781701220_assertElementAttribute_false_containsComparison_expectedToPass_ValidateElementAttribute_passed] @21-10-2021 02:01:41.0291 A
[ReportManager] Browser Action [CloseCurrentWindow] successfully performed. @21-10-2021 02:01:41.0438 AM
[ReportManager] Successfully created attachment [Browser Action Test Data - CloseCurrentWindow - Actual Value] @21-10-2021 02:01:41.0439 A
[ReportManager] File Action [GetAbsolutePath] successfully performed. With the following test data [Relative Folder Path: "target/downloadedFiles/"]. @21-10-2021 02:01:41.0443 AM
[ReportManager] Attempting to run remotely on: [Linux-64], [GoogleChrome], [http://localhost:4444/wd/hub], Headless Execution. @21-10-2021 02:01:41.0444 AM
[ReportManager] Successfully Opened [GoogleChrome]. @21-10-2021 02:01:41.0672 AM
[ReportManager] Target URL: [https://www.google.com/ncr], and after redirection: [www.google.com] @21-10-2021 02:01:41.0688 AM
[ReportManager] Initial URL: [data:,] @21-10-2021 02:01:41.0745 AM
[ReportManager] Browser Action [NavigateToURL] successfully performed. With the following test data [https://www.google.com/ncr]. @21-10-2021 02:01:42.0482 A

################################################################################################################################################
Starting Execution:	[13 out of 143] test cases in the current suite
Test Method:		[unitTests.tests_validations_assertions.assertElementAttribute_false_literalComparison_expectedToFail]
################################################################################################################################################
[ReportManager] Element Action [Type] successfully performed. With the following test data [Automation!@#$%^&*()_+{}[]\';/.,]. @21-10-2021 02:01:42.0890 AM
[ReportManager] Element Action [GetText] successfully performed. With the following test data [Automation!@#$%^&*()_+{}[]\';/.,]. @21-10-2021 02:01:42.0998 AM
[ReportManager] Loaded Shared OpenCV @21-10-2021 02:01:43.0129 AM
[ReportManager] Assertion [ValidateElementAttribute] PASSED. Expected [Value Should not be 'Automation!@#$%^&*()_+{}[]\\';/.,' for the 'text' attribute, element locator 'By.name: q'] and Actual [Automation!@#$%^&*()_+{}[]\';/.,]. Comparison Type [EQUALS]. Validation Type [NEGATIVE]. @21-10-2021 02:01:43.0201 AM
[ReportManager] Successfully created attachment [Screenshot - 1634781703129_assertElementAttribute_false_literalComparison_expectedToFail_ValidateElementAttribute_passed] @21-10-2021 02:01:43.0202 A
[ReportManager] Browser Action [CloseCurrentWindow] successfully performed. @21-10-2021 02:01:43.0341 AM
[ReportManager] Successfully created attachment [Browser Action Test Data - CloseCurrentWindow - Actual Value] @21-10-2021 02:01:43.0343 A
[ReportManager] File Action [GetAbsolutePath] successfully performed. With the following test data [Relative Folder Path: "target/downloadedFiles/"]. @21-10-2021 02:01:43.0347 AM
[ReportManager] Attempting to run remotely on: [Linux-64], [GoogleChrome], [http://localhost:4444/wd/hub], Headless Execution. @21-10-2021 02:01:43.0347 AM
[ReportManager] Successfully Opened [GoogleChrome]. @21-10-2021 02:01:43.0539 AM
[ReportManager] Target URL: [https://www.google.com/ncr], and after redirection: [www.google.com] @21-10-2021 02:01:43.0562 AM
[ReportManager] Initial URL: [data:,] @21-10-2021 02:01:43.0608 AM
[ReportManager] Browser Action [NavigateToURL] successfully performed. With the following test data [https://www.google.com/ncr]. @21-10-2021 02:01:44.0403 A

################################################################################################################################################
Starting Execution:	[14 out of 143] test cases in the current suite
Test Method:		[unitTests.tests_validations_assertions.assertElementAttribute_false_literalComparison_expectedToPass]
################################################################################################################################################
[ReportManager] Element Action [Type] successfully performed. With the following test data [Automation!@#$%^&*()_+{}[]\';/.,]. @21-10-2021 02:01:44.0805 AM
[ReportManager] Element Action [GetText] successfully performed. With the following test data [Automation!@#$%^&*()_+{}[]\';/.,]. @21-10-2021 02:01:44.0903 AM
[ReportManager] Loaded Shared OpenCV @21-10-2021 02:01:45.0027 AM
[ReportManager] Assertion [ValidateElementAttribute] PASSED. Expected [Value Should not be 'Automation' for the 'text' attribute, element locator 'By.name: q'] and Actual [Automation!@#$%^&*()_+{}[]\';/.,]. Comparison Type [EQUALS]. Validation Type [NEGATIVE]. @21-10-2021 02:01:45.0099 AM
[ReportManager] Successfully created attachment [Screenshot - 1634781705027_assertElementAttribute_false_literalComparison_expectedToPass_ValidateElementAttribute_passed] @21-10-2021 02:01:45.0100 A
[ReportManager] Browser Action [CloseCurrentWindow] successfully performed. @21-10-2021 02:01:45.0238 AM
[ReportManager] Successfully created attachment [Browser Action Test Data - CloseCurrentWindow - Actual Value] @21-10-2021 02:01:45.0239 A
[ReportManager] File Action [GetAbsolutePath] successfully performed. With the following test data [Relative Folder Path: "target/downloadedFiles/"]. @21-10-2021 02:01:45.0242 AM
[ReportManager] Attempting to run remotely on: [Linux-64], [GoogleChrome], [http://localhost:4444/wd/hub], Headless Execution. @21-10-2021 02:01:45.0242 AM
[ReportManager] Successfully Opened [GoogleChrome]. @21-10-2021 02:01:45.0459 AM
[ReportManager] Target URL: [https://www.google.com/ncr], and after redirection: [www.google.com] @21-10-2021 02:01:45.0478 AM
[ReportManager] Initial URL: [data:,] @21-10-2021 02:01:45.0534 AM
[ReportManager] Browser Action [NavigateToURL] successfully performed. With the following test data [https://www.google.com/ncr]. @21-10-2021 02:01:46.0306 A

################################################################################################################################################
Starting Execution:	[15 out of 143] test cases in the current suite
Test Method:		[unitTests.tests_validations_assertions.assertElementAttribute_false_regexComparison_expectedToFail]
################################################################################################################################################
[ReportManager] Element Action [Type] successfully performed. With the following test data [Automation123]. @21-10-2021 02:01:46.0653 AM
[ReportManager] Element Action [GetText] successfully performed. With the following test data [Automation123]. @21-10-2021 02:01:46.0739 AM
[ReportManager] Loaded Shared OpenCV @21-10-2021 02:01:46.0856 AM
[ReportManager] Assertion [ValidateElementAttribute] FAILED. Expected [Value Should not be 'Automation.*' for the 'text' attribute, element locator 'By.name: q'] and Actual [Automation123]. Comparison Type [MATCHES]. Validation Type [NEGATIVE]. @21-10-2021 02:01:46.0924 AM
[ReportManager] Successfully created attachment [Screenshot - 1634781706856_assertElementAttribute_false_regexComparison_expectedToFail_ValidateElementAttribute_failed] @21-10-2021 02:01:46.0925 A
[ReportManager] Browser Action [CloseCurrentWindow] successfully performed. @21-10-2021 02:01:47.0058 AM
[ReportManager] Successfully created attachment [Browser Action Test Data - CloseCurrentWindow - Actual Value] @21-10-2021 02:01:47.0059 A
[ReportManager] File Action [GetAbsolutePath] successfully performed. With the following test data [Relative Folder Path: "target/downloadedFiles/"]. @21-10-2021 02:01:47.0062 AM
[ReportManager] Attempting to run remotely on: [Linux-64], [GoogleChrome], [http://localhost:4444/wd/hub], Headless Execution. @21-10-2021 02:01:47.0063 AM
[ReportManager] Successfully Opened [GoogleChrome]. @21-10-2021 02:01:47.0262 AM
[ReportManager] Target URL: [https://www.google.com/ncr], and after redirection: [www.google.com] @21-10-2021 02:01:47.0274 AM
[ReportManager] Initial URL: [data:,] @21-10-2021 02:01:47.0331 AM
[ReportManager] Browser Action [NavigateToURL] successfully performed. With the following test data [https://www.google.com/ncr]. @21-10-2021 02:01:48.0322 A

################################################################################################################################################
Starting Execution:	[16 out of 143] test cases in the current suite
Test Method:		[unitTests.tests_validations_assertions.assertElementAttribute_false_regexComparison_expectedToPass]
################################################################################################################################################
[ReportManager] Element Action [Type] successfully performed. With the following test data [Automation123]. @21-10-2021 02:01:48.0674 AM
[ReportManager] Element Action [GetText] successfully performed. With the following test data [Automation123]. @21-10-2021 02:01:48.0771 AM
[ReportManager] Loaded Shared OpenCV @21-10-2021 02:01:48.0904 AM
[ReportManager] Assertion [ValidateElementAttribute] PASSED. Expected [Value Should not be 'Automation' for the 'text' attribute, element locator 'By.name: q'] and Actual [Automation123]. Comparison Type [MATCHES]. Validation Type [NEGATIVE]. @21-10-2021 02:01:48.0973 AM
[ReportManager] Successfully created attachment [Screenshot - 1634781708904_assertElementAttribute_false_regexComparison_expectedToPass_ValidateElementAttribute_passed] @21-10-2021 02:01:48.0974 A
[ReportManager] Browser Action [CloseCurrentWindow] successfully performed. @21-10-2021 02:01:49.0122 AM
[ReportManager] Successfully created attachment [Browser Action Test Data - CloseCurrentWindow - Actual Value] @21-10-2021 02:01:49.0123 A
[ReportManager] File Action [GetAbsolutePath] successfully performed. With the following test data [Relative Folder Path: "target/downloadedFiles/"]. @21-10-2021 02:01:49.0129 AM
[ReportManager] Attempting to run remotely on: [Linux-64], [GoogleChrome], [http://localhost:4444/wd/hub], Headless Execution. @21-10-2021 02:01:49.0129 AM
[ReportManager] Successfully Opened [GoogleChrome]. @21-10-2021 02:01:49.0332 AM
[ReportManager] Target URL: [https://www.google.com/ncr], and after redirection: [www.google.com] @21-10-2021 02:01:49.0349 AM
[ReportManager] Initial URL: [data:,] @21-10-2021 02:01:49.0391 AM
[ReportManager] Browser Action [NavigateToURL] successfully performed. With the following test data [https://www.google.com/ncr]. @21-10-2021 02:01:50.0120 A

################################################################################################################################################
Starting Execution:	[17 out of 143] test cases in the current suite
Test Method:		[unitTests.tests_validations_assertions.assertElementAttribute_true_caseInsensitiveComparison_expectedToFail]
################################################################################################################################################
[ReportManager] Element Action [Type] successfully performed. With the following test data [AUTOMATION]. @21-10-2021 02:01:50.0469 AM
[ReportManager] Element Action [GetText] successfully performed. With the following test data [AUTOMATION]. @21-10-2021 02:01:50.0556 AM
[ReportManager] Loaded Shared OpenCV @21-10-2021 02:01:50.0679 AM
[ReportManager] Assertion [ValidateElementAttribute] FAILED. Expected [Value Should be 'AutomaTion123' for the 'text' attribute, element locator 'By.name: q'] and Actual [AUTOMATION]. Comparison Type [CASE_INSENSITIVE]. Validation Type [POSITIVE]. @21-10-2021 02:01:50.0751 AM
[ReportManager] Successfully created attachment [Screenshot - 1634781710679_assertElementAttribute_true_caseInsensitiveComparison_expectedToFail_ValidateElementAttribute_failed] @21-10-2021 02:01:50.0752 A
[ReportManager] Browser Action [CloseCurrentWindow] successfully performed. @21-10-2021 02:01:50.0883 AM
[ReportManager] Successfully created attachment [Browser Action Test Data - CloseCurrentWindow - Actual Value] @21-10-2021 02:01:50.0884 A
[ReportManager] File Action [GetAbsolutePath] successfully performed. With the following test data [Relative Folder Path: "target/downloadedFiles/"]. @21-10-2021 02:01:50.0887 AM
[ReportManager] Attempting to run remotely on: [Linux-64], [GoogleChrome], [http://localhost:4444/wd/hub], Headless Execution. @21-10-2021 02:01:50.0887 AM
[ReportManager] Successfully Opened [GoogleChrome]. @21-10-2021 02:01:51.0088 AM
[ReportManager] Target URL: [https://www.google.com/ncr], and after redirection: [www.google.com] @21-10-2021 02:01:51.0100 AM
[ReportManager] Initial URL: [data:,] @21-10-2021 02:01:51.0152 AM
[ReportManager] Browser Action [NavigateToURL] successfully performed. With the following test data [https://www.google.com/ncr]. @21-10-2021 02:01:51.0880 A

################################################################################################################################################
Starting Execution:	[18 out of 143] test cases in the current suite
Test Method:		[unitTests.tests_validations_assertions.assertElementAttribute_true_caseInsensitiveComparison_expectedToPass]
################################################################################################################################################
[ReportManager] Element Action [Type] successfully performed. With the following test data [AUTOMATION]. @21-10-2021 02:01:52.0219 AM
[ReportManager] Element Action [GetText] successfully performed. With the following test data [AUTOMATION]. @21-10-2021 02:01:52.0307 AM
[ReportManager] Loaded Shared OpenCV @21-10-2021 02:01:52.0427 AM
[ReportManager] Assertion [ValidateElementAttribute] PASSED. Expected [Value Should be 'AutomaTion' for the 'text' attribute, element locator 'By.name: q'] and Actual [AUTOMATION]. Comparison Type [CASE_INSENSITIVE]. Validation Type [POSITIVE]. @21-10-2021 02:01:52.0505 AM
[ReportManager] Successfully created attachment [Screenshot - 1634781712427_assertElementAttribute_true_caseInsensitiveComparison_expectedToPass_ValidateElementAttribute_passed] @21-10-2021 02:01:52.0506 A
[ReportManager] Browser Action [CloseCurrentWindow] successfully performed. @21-10-2021 02:01:52.0626 AM
[ReportManager] Successfully created attachment [Browser Action Test Data - CloseCurrentWindow - Actual Value] @21-10-2021 02:01:52.0626 A
[ReportManager] File Action [GetAbsolutePath] successfully performed. With the following test data [Relative Folder Path: "target/downloadedFiles/"]. @21-10-2021 02:01:52.0630 AM
[ReportManager] Attempting to run remotely on: [Linux-64], [GoogleChrome], [http://localhost:4444/wd/hub], Headless Execution. @21-10-2021 02:01:52.0630 AM
[ReportManager] Successfully Opened [GoogleChrome]. @21-10-2021 02:01:52.0816 AM
[ReportManager] Target URL: [https://www.google.com/ncr], and after redirection: [www.google.com] @21-10-2021 02:01:52.0829 AM
[ReportManager] Initial URL: [data:,] @21-10-2021 02:01:52.0871 AM
[ReportManager] Browser Action [NavigateToURL] successfully performed. With the following test data [https://www.google.com/ncr]. @21-10-2021 02:01:53.0578 A

################################################################################################################################################
Starting Execution:	[19 out of 143] test cases in the current suite
Test Method:		[unitTests.tests_validations_assertions.assertElementAttribute_true_containsComparison_expectedToFail]
################################################################################################################################################
[ReportManager] Element Action [Type] successfully performed. With the following test data [Automation123]. @21-10-2021 02:01:53.0943 AM
[ReportManager] Element Action [GetText] successfully performed. With the following test data [Automation123]. @21-10-2021 02:01:54.0044 AM
[ReportManager] Loaded Shared OpenCV @21-10-2021 02:01:54.0169 AM
[ReportManager] Assertion [ValidateElementAttribute] FAILED. Expected [Value Should be 'Automation1234' for the 'text' attribute, element locator 'By.name: q'] and Actual [Automation123]. Comparison Type [CONTAINS]. Validation Type [POSITIVE]. @21-10-2021 02:01:54.0236 AM
[ReportManager] Successfully created attachment [Screenshot - 1634781714169_assertElementAttribute_true_containsComparison_expectedToFail_ValidateElementAttribute_failed] @21-10-2021 02:01:54.0237 A
[ReportManager] Browser Action [CloseCurrentWindow] successfully performed. @21-10-2021 02:01:54.0372 AM
[ReportManager] Successfully created attachment [Browser Action Test Data - CloseCurrentWindow - Actual Value] @21-10-2021 02:01:54.0373 A
[ReportManager] File Action [GetAbsolutePath] successfully performed. With the following test data [Relative Folder Path: "target/downloadedFiles/"]. @21-10-2021 02:01:54.0376 AM
[ReportManager] Attempting to run remotely on: [Linux-64], [GoogleChrome], [http://localhost:4444/wd/hub], Headless Execution. @21-10-2021 02:01:54.0376 AM
[ReportManager] Successfully Opened [GoogleChrome]. @21-10-2021 02:01:54.0678 AM
[ReportManager] Target URL: [https://www.google.com/ncr], and after redirection: [www.google.com] @21-10-2021 02:01:54.0698 AM
[ReportManager] Initial URL: [data:,] @21-10-2021 02:01:54.0738 AM
[ReportManager] Browser Action [NavigateToURL] successfully performed. With the following test data [https://www.google.com/ncr]. @21-10-2021 02:01:55.0458 A

################################################################################################################################################
Starting Execution:	[20 out of 143] test cases in the current suite
Test Method:		[unitTests.tests_validations_assertions.assertElementAttribute_true_containsComparison_expectedToPass]
################################################################################################################################################
[ReportManager] Element Action [Type] successfully performed. With the following test data [Automation123]. @21-10-2021 02:01:55.0808 AM
[ReportManager] Element Action [GetText] successfully performed. With the following test data [Automation123]. @21-10-2021 02:01:55.0896 AM
[ReportManager] Loaded Shared OpenCV @21-10-2021 02:01:56.0006 AM
[ReportManager] Assertion [ValidateElementAttribute] PASSED. Expected [Value Should be 'Automation' for the 'text' attribute, element locator 'By.name: q'] and Actual [Automation123]. Comparison Type [CONTAINS]. Validation Type [POSITIVE]. @21-10-2021 02:01:56.0081 AM
[ReportManager] Successfully created attachment [Screenshot - 1634781716006_assertElementAttribute_true_containsComparison_expectedToPass_ValidateElementAttribute_passed] @21-10-2021 02:01:56.0082 A
[ReportManager] Browser Action [CloseCurrentWindow] successfully performed. @21-10-2021 02:01:56.0206 AM
[ReportManager] Successfully created attachment [Browser Action Test Data - CloseCurrentWindow - Actual Value] @21-10-2021 02:01:56.0206 A
[ReportManager] File Action [GetAbsolutePath] successfully performed. With the following test data [Relative Folder Path: "target/downloadedFiles/"]. @21-10-2021 02:01:56.0209 AM
[ReportManager] Attempting to run remotely on: [Linux-64], [GoogleChrome], [http://localhost:4444/wd/hub], Headless Execution. @21-10-2021 02:01:56.0209 AM
[ReportManager] Successfully Opened [GoogleChrome]. @21-10-2021 02:01:56.0431 AM
[ReportManager] Target URL: [https://www.google.com/ncr], and after redirection: [www.google.com] @21-10-2021 02:01:56.0443 AM
[ReportManager] Initial URL: [data:,] @21-10-2021 02:01:56.0480 AM
[ReportManager] Browser Action [NavigateToURL] successfully performed. With the following test data [https://www.google.com/ncr]. @21-10-2021 02:01:57.0319 A

################################################################################################################################################
Starting Execution:	[21 out of 143] test cases in the current suite
Test Method:		[unitTests.tests_validations_assertions.assertElementAttribute_true_literalComparison_expectedToFail]
################################################################################################################################################
[ReportManager] Element Action [Type] successfully performed. With the following test data [Automation!@#$%^&*()_+{}[]\';/.,]. @21-10-2021 02:01:57.0767 AM
[ReportManager] Element Action [GetText] successfully performed. With the following test data [Automation!@#$%^&*()_+{}[]\';/.,]. @21-10-2021 02:01:57.0858 AM
[ReportManager] Loaded Shared OpenCV @21-10-2021 02:01:58.0014 AM
[ReportManager] Assertion [ValidateElementAttribute] FAILED. Expected [Value Should be 'Automation' for the 'text' attribute, element locator 'By.name: q'] and Actual [Automation!@#$%^&*()_+{}[]\';/.,]. Comparison Type [EQUALS]. Validation Type [POSITIVE]. @21-10-2021 02:01:58.0128 AM
[ReportManager] Successfully created attachment [Screenshot - 1634781718014_assertElementAttribute_true_literalComparison_expectedToFail_ValidateElementAttribute_failed] @21-10-2021 02:01:58.0129 A
[ReportManager] Browser Action [CloseCurrentWindow] successfully performed. @21-10-2021 02:01:58.0254 AM
[ReportManager] Successfully created attachment [Browser Action Test Data - CloseCurrentWindow - Actual Value] @21-10-2021 02:01:58.0255 A
[ReportManager] File Action [GetAbsolutePath] successfully performed. With the following test data [Relative Folder Path: "target/downloadedFiles/"]. @21-10-2021 02:01:58.0258 AM
[ReportManager] Attempting to run remotely on: [Linux-64], [GoogleChrome], [http://localhost:4444/wd/hub], Headless Execution. @21-10-2021 02:01:58.0258 AM
[ReportManager] Successfully Opened [GoogleChrome]. @21-10-2021 02:01:58.0496 AM
[ReportManager] Target URL: [https://www.google.com/ncr], and after redirection: [www.google.com] @21-10-2021 02:01:58.0508 AM
[ReportManager] Initial URL: [data:,] @21-10-2021 02:01:58.0559 AM
[ReportManager] Browser Action [NavigateToURL] successfully performed. With the following test data [https://www.google.com/ncr]. @21-10-2021 02:01:59.0282 A

################################################################################################################################################
Starting Execution:	[22 out of 143] test cases in the current suite
Test Method:		[unitTests.tests_validations_assertions.assertElementAttribute_true_literalComparison_expectedToPass]
################################################################################################################################################
[ReportManager] Element Action [Type] successfully performed. With the following test data [Automation!@#$%^&*()_+{}[]\';/.,]. @21-10-2021 02:01:59.0675 AM
[ReportManager] Element Action [GetText] successfully performed. With the following test data [Automation!@#$%^&*()_+{}[]\';/.,]. @21-10-2021 02:01:59.0756 AM
[ReportManager] Loaded Shared OpenCV @21-10-2021 02:01:59.0895 AM
[ReportManager] Assertion [ValidateElementAttribute] PASSED. Expected [Value Should be 'Automation!@#$%^&*()_+{}[]\';/.,' for the 'text' attribute, element locator 'By.name: q'] and Actual [Automation!@#$%^&*()_+{}[]\';/.,]. Comparison Type [EQUALS]. Validation Type [POSITIVE]. @21-10-2021 02:01:59.0966 AM
[ReportManager] Successfully created attachment [Screenshot - 1634781719895_assertElementAttribute_true_literalComparison_expectedToPass_ValidateElementAttribute_passed] @21-10-2021 02:01:59.0967 A
[ReportManager] Browser Action [CloseCurrentWindow] successfully performed. @21-10-2021 02:02:00.0084 AM
[ReportManager] Successfully created attachment [Browser Action Test Data - CloseCurrentWindow - Actual Value] @21-10-2021 02:02:00.0085 A
[ReportManager] File Action [GetAbsolutePath] successfully performed. With the following test data [Relative Folder Path: "target/downloadedFiles/"]. @21-10-2021 02:02:00.0088 AM
[ReportManager] Attempting to run remotely on: [Linux-64], [GoogleChrome], [http://localhost:4444/wd/hub], Headless Execution. @21-10-2021 02:02:00.0088 AM
[ReportManager] Successfully Opened [GoogleChrome]. @21-10-2021 02:02:00.0273 AM
[ReportManager] Target URL: [https://www.google.com/ncr], and after redirection: [www.google.com] @21-10-2021 02:02:00.0285 AM
[ReportManager] Initial URL: [data:,] @21-10-2021 02:02:00.0323 AM
[ReportManager] Browser Action [NavigateToURL] successfully performed. With the following test data [https://www.google.com/ncr]. @21-10-2021 02:02:01.0045 A

################################################################################################################################################
Starting Execution:	[23 out of 143] test cases in the current suite
Test Method:		[unitTests.tests_validations_assertions.assertElementAttribute_true_regexComparison_expectedToFail]
################################################################################################################################################
[ReportManager] Element Action [Type] successfully performed. With the following test data [Automation123]. @21-10-2021 02:02:01.0317 AM
[ReportManager] Element Action [GetText] successfully performed. With the following test data [Automation123]. @21-10-2021 02:02:01.0410 AM
[ReportManager] Loaded Shared OpenCV @21-10-2021 02:02:01.0520 AM
[ReportManager] Assertion [ValidateElementAttribute] FAILED. Expected [Value Should be 'Automation' for the 'text' attribute, element locator 'By.name: q'] and Actual [Automation123]. Comparison Type [MATCHES]. Validation Type [POSITIVE]. @21-10-2021 02:02:01.0587 AM
[ReportManager] Successfully created attachment [Screenshot - 1634781721520_assertElementAttribute_true_regexComparison_expectedToFail_ValidateElementAttribute_failed] @21-10-2021 02:02:01.0588 A
[ReportManager] Browser Action [CloseCurrentWindow] successfully performed. @21-10-2021 02:02:01.0702 AM
[ReportManager] Successfully created attachment [Browser Action Test Data - CloseCurrentWindow - Actual Value] @21-10-2021 02:02:01.0703 A
[ReportManager] File Action [GetAbsolutePath] successfully performed. With the following test data [Relative Folder Path: "target/downloadedFiles/"]. @21-10-2021 02:02:01.0706 AM
[ReportManager] Attempting to run remotely on: [Linux-64], [GoogleChrome], [http://localhost:4444/wd/hub], Headless Execution. @21-10-2021 02:02:01.0706 AM
[ReportManager] Successfully Opened [GoogleChrome]. @21-10-2021 02:02:01.0908 AM
[ReportManager] Target URL: [https://www.google.com/ncr], and after redirection: [www.google.com] @21-10-2021 02:02:01.0919 AM
[ReportManager] Initial URL: [data:,] @21-10-2021 02:02:01.0978 AM
[ReportManager] Browser Action [NavigateToURL] successfully performed. With the following test data [https://www.google.com/ncr]. @21-10-2021 02:02:02.0741 A

################################################################################################################################################
Starting Execution:	[24 out of 143] test cases in the current suite
Test Method:		[unitTests.tests_validations_assertions.assertElementAttribute_true_regexComparison_expectedToPass]
################################################################################################################################################
[ReportManager] Element Action [Type] successfully performed. With the following test data [Automation123]. @21-10-2021 02:02:03.0063 AM
[ReportManager] Element Action [GetText] successfully performed. With the following test data [Automation123]. @21-10-2021 02:02:03.0149 AM
[ReportManager] Loaded Shared OpenCV @21-10-2021 02:02:03.0269 AM
[ReportManager] Assertion [ValidateElementAttribute] PASSED. Expected [Value Should be 'Automation.*' for the 'text' attribute, element locator 'By.name: q'] and Actual [Automation123]. Comparison Type [MATCHES]. Validation Type [POSITIVE]. @21-10-2021 02:02:03.0335 AM
[ReportManager] Successfully created attachment [Screenshot - 1634781723268_assertElementAttribute_true_regexComparison_expectedToPass_ValidateElementAttribute_passed] @21-10-2021 02:02:03.0336 A
[ReportManager] Browser Action [CloseCurrentWindow] successfully performed. @21-10-2021 02:02:03.0462 AM
[ReportManager] Successfully created attachment [Browser Action Test Data - CloseCurrentWindow - Actual Value] @21-10-2021 02:02:03.0463 A
[ReportManager] File Action [GetAbsolutePath] successfully performed. With the following test data [Relative Folder Path: "target/downloadedFiles/"]. @21-10-2021 02:02:03.0466 AM
[ReportManager] Attempting to run remotely on: [Linux-64], [GoogleChrome], [http://localhost:4444/wd/hub], Headless Execution. @21-10-2021 02:02:03.0466 AM
[ReportManager] Successfully Opened [GoogleChrome]. @21-10-2021 02:02:03.0648 AM
[ReportManager] Target URL: [https://www.google.com/ncr], and after redirection: [www.google.com] @21-10-2021 02:02:03.0665 AM
[ReportManager] Initial URL: [data:,] @21-10-2021 02:02:03.0701 AM
[ReportManager] Browser Action [NavigateToURL] successfully performed. With the following test data [https://www.google.com/ncr]. @21-10-2021 02:02:04.0388 A

################################################################################################################################################
Starting Execution:	[25 out of 143] test cases in the current suite
Test Method:		[unitTests.tests_validations_assertions.assertElementAttribute_type_true_literalComparison_expectedToPass]
################################################################################################################################################
[ReportManager] Element Action [Type] successfully performed. With the following test data [Automation!@#$%^&*()_+{}[]\';/.,]. @21-10-2021 02:02:04.0862 AM
[ReportManager] Element Action [GetText] successfully performed. With the following test data [Automation!@#$%^&*()_+{}[]\';/.,]. @21-10-2021 02:02:04.0945 AM
[ReportManager] Loaded Shared OpenCV @21-10-2021 02:02:05.0075 AM
[ReportManager] Assertion [ValidateElementAttribute] PASSED. Expected [Value Should be 'Automation!@#$%^&*()_+{}[]\';/.,' for the 'text' attribute, element locator 'By.name: q'] and Actual [Automation!@#$%^&*()_+{}[]\';/.,]. Comparison Type [EQUALS]. Validation Type [POSITIVE]. @21-10-2021 02:02:05.0145 AM
[ReportManager] Successfully created attachment [Screenshot - 1634781725075_assertElementAttribute_type_true_literalComparison_expectedToPass_ValidateElementAttribute_passed] @21-10-2021 02:02:05.0146 A
[ReportManager] Browser Action [CloseCurrentWindow] successfully performed. @21-10-2021 02:02:05.0270 AM
[ReportManager] Successfully created attachment [Browser Action Test Data - CloseCurrentWindow - Actual Value] @21-10-2021 02:02:05.0271 A
[ReportManager] File Action [GetAbsolutePath] successfully performed. With the following test data [Relative Folder Path: "target/downloadedFiles/"]. @21-10-2021 02:02:05.0274 AM
[ReportManager] Attempting to run remotely on: [Linux-64], [GoogleChrome], [http://localhost:4444/wd/hub], Headless Execution. @21-10-2021 02:02:05.0274 AM
[ReportManager] Successfully Opened [GoogleChrome]. @21-10-2021 02:02:05.0452 AM
[ReportManager] Target URL: [https://www.google.com/ncr], and after redirection: [www.google.com] @21-10-2021 02:02:05.0472 AM
[ReportManager] Initial URL: [data:,] @21-10-2021 02:02:05.0514 AM
[ReportManager] Browser Action [NavigateToURL] successfully performed. With the following test data [https://www.google.com/ncr]. @21-10-2021 02:02:06.0219 A

################################################################################################################################################
Starting Execution:	[26 out of 143] test cases in the current suite
Test Method:		[unitTests.tests_validations_assertions.assertElementExists_false_expectedToFail]
################################################################################################################################################
[ReportManager] Assertion [ValidateElementExists] PASSED. Expected [Element Should not Exist, locator 'By.id: hplogo'] and Actual [Element Doesn't Exists]. Comparison Type [EQUALS]. Validation Type [NEGATIVE]. @21-10-2021 02:02:16.0585 AM
[ReportManager] Successfully created attachment [Screenshot - 1634781736516_assertElementExists_false_expectedToFail_ValidateElementExists_passed] @21-10-2021 02:02:16.0586 A
[ReportManager] Browser Action [CloseCurrentWindow] successfully performed. @21-10-2021 02:02:16.0703 AM
[ReportManager] Successfully created attachment [Browser Action Test Data - CloseCurrentWindow - Actual Value] @21-10-2021 02:02:16.0704 A
[ReportManager] File Action [GetAbsolutePath] successfully performed. With the following test data [Relative Folder Path: "target/downloadedFiles/"]. @21-10-2021 02:02:16.0707 AM
[ReportManager] Attempting to run remotely on: [Linux-64], [GoogleChrome], [http://localhost:4444/wd/hub], Headless Execution. @21-10-2021 02:02:16.0707 AM
[ReportManager] Successfully Opened [GoogleChrome]. @21-10-2021 02:02:16.0951 AM
[ReportManager] Target URL: [https://www.google.com/ncr], and after redirection: [www.google.com] @21-10-2021 02:02:16.0962 AM
[ReportManager] Initial URL: [data:,] @21-10-2021 02:02:16.0996 AM
[ReportManager] Browser Action [NavigateToURL] successfully performed. With the following test data [https://www.google.com/ncr]. @21-10-2021 02:02:17.0710 A

################################################################################################################################################
Starting Execution:	[27 out of 143] test cases in the current suite
Test Method:		[unitTests.tests_validations_assertions.assertElementExists_false_expectedToPass]
################################################################################################################################################
[ReportManager] Assertion [ValidateElementExists] PASSED. Expected [Element Should not Exist, locator 'By.id: fakeElement'] and Actual [Element Doesn't Exists]. Comparison Type [EQUALS]. Validation Type [NEGATIVE]. @21-10-2021 02:02:28.0069 AM
[ReportManager] Successfully created attachment [Screenshot - 1634781748015_assertElementExists_false_expectedToPass_ValidateElementExists_passed] @21-10-2021 02:02:28.0069 A
[ReportManager] Browser Action [CloseCurrentWindow] successfully performed. @21-10-2021 02:02:28.0201 AM
[ReportManager] Successfully created attachment [Browser Action Test Data - CloseCurrentWindow - Actual Value] @21-10-2021 02:02:28.0202 A
[ReportManager] File Action [GetAbsolutePath] successfully performed. With the following test data [Relative Folder Path: "target/downloadedFiles/"]. @21-10-2021 02:02:28.0205 AM
[ReportManager] Attempting to run remotely on: [Linux-64], [GoogleChrome], [http://localhost:4444/wd/hub], Headless Execution. @21-10-2021 02:02:28.0205 AM
[ReportManager] Successfully Opened [GoogleChrome]. @21-10-2021 02:02:28.0395 AM
[ReportManager] Target URL: [https://www.google.com/ncr], and after redirection: [www.google.com] @21-10-2021 02:02:28.0406 AM
[ReportManager] Initial URL: [data:,] @21-10-2021 02:02:28.0453 AM
[ReportManager] Browser Action [NavigateToURL] successfully performed. With the following test data [https://www.google.com/ncr]. @21-10-2021 02:02:29.0193 A

################################################################################################################################################
Starting Execution:	[28 out of 143] test cases in the current suite
Test Method:		[unitTests.tests_validations_assertions.assertElementExists_false_multipleElementsFound_expectedToFail]
################################################################################################################################################
[ReportManager] Assertion [ValidateElementExists] FAILED. Expected [Element Should not Exist, locator 'By.xpath: //div'] and Actual [Element Exists but is not unique]. Comparison Type [EQUALS]. Validation Type [NEGATIVE]. @21-10-2021 02:02:29.0401 AM
[ReportManager] Successfully created attachment [Screenshot - 1634781749347_assertElementExists_false_multipleElementsFound_expectedToFail_ValidateElementExists_failed] @21-10-2021 02:02:29.0402 A
[ReportManager] Browser Action [CloseCurrentWindow] successfully performed. @21-10-2021 02:02:29.0526 AM
[ReportManager] Successfully created attachment [Browser Action Test Data - CloseCurrentWindow - Actual Value] @21-10-2021 02:02:29.0527 A
[ReportManager] File Action [GetAbsolutePath] successfully performed. With the following test data [Relative Folder Path: "target/downloadedFiles/"]. @21-10-2021 02:02:29.0530 AM
[ReportManager] Attempting to run remotely on: [Linux-64], [GoogleChrome], [http://localhost:4444/wd/hub], Headless Execution. @21-10-2021 02:02:29.0530 AM
[ReportManager] Successfully Opened [GoogleChrome]. @21-10-2021 02:02:29.0713 AM
[ReportManager] Target URL: [https://www.google.com/ncr], and after redirection: [www.google.com] @21-10-2021 02:02:29.0724 AM
[ReportManager] Initial URL: [data:,] @21-10-2021 02:02:29.0769 AM
[ReportManager] Browser Action [NavigateToURL] successfully performed. With the following test data [https://www.google.com/ncr]. @21-10-2021 02:02:30.0487 A

################################################################################################################################################
Starting Execution:	[29 out of 143] test cases in the current suite
Test Method:		[unitTests.tests_validations_assertions.assertElementExists_true_expectedToFail]
################################################################################################################################################
[ReportManager] Assertion [ValidateElementExists] FAILED. Expected [Element Should Exist, locator 'By.id: fakeElement'] and Actual [Element Doesn't Exists]. Comparison Type [EQUALS]. Validation Type [POSITIVE]. @21-10-2021 02:03:01.0118 AM
[ReportManager] Successfully created attachment [Screenshot - 1634781781064_assertElementExists_true_expectedToFail_ValidateElementExists_failed] @21-10-2021 02:03:01.0119 A
[ReportManager] Browser Action [CloseCurrentWindow] successfully performed. @21-10-2021 02:03:01.0242 AM
[ReportManager] Successfully created attachment [Browser Action Test Data - CloseCurrentWindow - Actual Value] @21-10-2021 02:03:01.0243 A
[ReportManager] File Action [GetAbsolutePath] successfully performed. With the following test data [Relative Folder Path: "target/downloadedFiles/"]. @21-10-2021 02:03:01.0246 AM
[ReportManager] Attempting to run remotely on: [Linux-64], [GoogleChrome], [http://localhost:4444/wd/hub], Headless Execution. @21-10-2021 02:03:01.0246 AM
[ReportManager] Successfully Opened [GoogleChrome]. @21-10-2021 02:03:01.0432 AM
[ReportManager] Target URL: [https://www.google.com/ncr], and after redirection: [www.google.com] @21-10-2021 02:03:01.0442 AM
[ReportManager] Initial URL: [data:,] @21-10-2021 02:03:01.0478 AM
[ReportManager] Browser Action [NavigateToURL] successfully performed. With the following test data [https://www.google.com/ncr]. @21-10-2021 02:03:02.0191 A

################################################################################################################################################
Starting Execution:	[30 out of 143] test cases in the current suite
Test Method:		[unitTests.tests_validations_assertions.assertElementExists_true_expectedToPass]
################################################################################################################################################
[ReportManager] Loaded Shared OpenCV @21-10-2021 02:03:02.0364 AM
[ReportManager] Assertion [ValidateElementExists] PASSED. Expected [Element Should Exist, locator 'By.xpath: //*[@id='hplogo' or @alt='Google']'] and Actual [Element Exists]. Comparison Type [EQUALS]. Validation Type [POSITIVE]. @21-10-2021 02:03:02.0434 AM
[ReportManager] Successfully created attachment [Screenshot - 1634781782364_assertElementExists_true_expectedToPass_ValidateElementExists_passed] @21-10-2021 02:03:02.0435 A
[ReportManager] Browser Action [CloseCurrentWindow] successfully performed. @21-10-2021 02:03:02.0555 AM
[ReportManager] Successfully created attachment [Browser Action Test Data - CloseCurrentWindow - Actual Value] @21-10-2021 02:03:02.0556 A
[ReportManager] File Action [GetAbsolutePath] successfully performed. With the following test data [Relative Folder Path: "target/downloadedFiles/"]. @21-10-2021 02:03:02.0559 AM
[ReportManager] Attempting to run remotely on: [Linux-64], [GoogleChrome], [http://localhost:4444/wd/hub], Headless Execution. @21-10-2021 02:03:02.0560 AM
[ReportManager] Successfully Opened [GoogleChrome]. @21-10-2021 02:03:02.0734 AM
[ReportManager] Target URL: [https://www.google.com/ncr], and after redirection: [www.google.com] @21-10-2021 02:03:02.0749 AM
[ReportManager] Initial URL: [data:,] @21-10-2021 02:03:02.0785 AM
[ReportManager] Browser Action [NavigateToURL] successfully performed. With the following test data [https://www.google.com/ncr]. @21-10-2021 02:03:03.0486 A

################################################################################################################################################
Starting Execution:	[31 out of 143] test cases in the current suite
Test Method:		[unitTests.tests_validations_assertions.assertElementExists_true_multipleElementsFound_expectedToFail]
################################################################################################################################################
[ReportManager] Assertion [ValidateElementExists] FAILED. Expected [Element Should Exist, locator 'By.xpath: //div'] and Actual [Element Exists but is not unique]. Comparison Type [EQUALS]. Validation Type [POSITIVE]. @21-10-2021 02:03:03.0700 AM
[ReportManager] Successfully created attachment [Screenshot - 1634781783646_assertElementExists_true_multipleElementsFound_expectedToFail_ValidateElementExists_failed] @21-10-2021 02:03:03.0700 A
[ReportManager] Browser Action [CloseCurrentWindow] successfully performed. @21-10-2021 02:03:03.0824 AM
[ReportManager] Successfully created attachment [Browser Action Test Data - CloseCurrentWindow - Actual Value] @21-10-2021 02:03:03.0825 A

################################################################################################################################################
Starting Execution:	[32 out of 143] test cases in the current suite
Test Method:		[unitTests.tests_validations_assertions.assertEquals_false_expectedToFail]
################################################################################################################################################
[ReportManager] Assertion [ValidateEquals] FAILED. Expected [1] and Actual [1]. Comparison Type [EQUALS]. Validation Type [NEGATIVE]. @21-10-2021 02:03:03.0832 A

################################################################################################################################################
Starting Execution:	[33 out of 143] test cases in the current suite
Test Method:		[unitTests.tests_validations_assertions.assertEquals_false_expectedToPass]
################################################################################################################################################
[ReportManager] Assertion [ValidateEquals] PASSED. Expected [1] and Actual [2]. Comparison Type [EQUALS]. Validation Type [NEGATIVE]. @21-10-2021 02:03:03.0836 A

################################################################################################################################################
Starting Execution:	[34 out of 143] test cases in the current suite
Test Method:		[unitTests.tests_validations_assertions.assertEquals_longCharacters]
################################################################################################################################################
[ReportManager] Verification [ValidateEquals] PASSED. Expected and Actual values are attached. Comparison Type [EQUALS]. Validation Type [POSITIVE]. @21-10-2021 02:03:03.0842 AM
[ReportManager] Successfully created attachment [Validation Test Data - Expected Value] @21-10-2021 02:03:03.0843 AM
[ReportManager] Successfully created attachment [Validation Test Data - Actual Value] @21-10-2021 02:03:03.0843 AM
[ReportManager] Assertion [ValidateEquals] PASSED. Expected and Actual values are attached. Comparison Type [EQUALS]. Validation Type [POSITIVE]. @21-10-2021 02:03:03.0843 AM
[ReportManager] Successfully created attachment [Validation Test Data - Expected Value] @21-10-2021 02:03:03.0843 AM
[ReportManager] Successfully created attachment [Validation Test Data - Actual Value] @21-10-2021 02:03:03.0843 A

################################################################################################################################################
Starting Execution:	[35 out of 143] test cases in the current suite
Test Method:		[unitTests.tests_validations_assertions.assertEquals_longCharacters_Discreet]
################################################################################################################################################
[ReportManager] Assertion [ValidateEquals] PASSED. Expected [1LH5pROcDBjjQk0t0mCr0lXuzQu9lcGj28kY8R1H81X67eVAQJgWQhILiRWVPUgZ6uCtK5cnBkF55Jr9vYngjGO1Iyf0Mktv6lruDlL9T8MAUPcUZJGHZtji6nIeadujDSNmWMj5d6C8zlFqw0CRqBU0hO5adIasHgBSNoLotAjce3NGXoDwAlp3rYreeV16VIyZXROQY] and Actual [1LH5pROcDBjjQk0t0mCr0lXuzQu9lcGj28kY8R1H81X67eVAQJgWQhILiRWVPUgZ6uCtK5cnBkF55Jr9vYngjGO1Iyf0Mktv6lruDlL9T8MAUPcUZJGHZtji6nIeadujDSNmWMj5d6C8zlFqw0CRqBU0hO5adIasHgBSNoLotAjce3NGXoDwAlp3rYreeV16VIyZXROQY]. Comparison Type [EQUALS]. Validation Type [POSITIVE]. @21-10-2021 02:03:03.0848 A

################################################################################################################################################
Starting Execution:	[36 out of 143] test cases in the current suite
Test Method:		[unitTests.tests_validations_assertions.assertEquals_true_expectedToFail]
################################################################################################################################################
[ReportManager] Assertion [ValidateEquals] FAILED. Expected [1] and Actual [2]. Comparison Type [EQUALS]. Validation Type [POSITIVE]. @21-10-2021 02:03:03.0855 A

################################################################################################################################################
Starting Execution:	[37 out of 143] test cases in the current suite
Test Method:		[unitTests.tests_validations_assertions.assertEquals_true_expectedToPass]
Test Description:	[Assert that assertEquals works as expected when the two values are equal.]
################################################################################################################################################
[ReportManager] Verification [ValidateEquals] PASSED. Expected [1] and Actual [1]. Comparison Type [EQUALS]. Validation Type [POSITIVE]. @21-10-2021 02:03:03.0863 AM
[ReportManager] Assertion [ValidateEquals] PASSED. Expected [1] and Actual [1]. Comparison Type [EQUALS]. Validation Type [POSITIVE]. @21-10-2021 02:03:03.0864 A

################################################################################################################################################
Starting Execution:	[38 out of 143] test cases in the current suite
Test Method:		[unitTests.tests_validations_assertions.assertEquals_true_expectedToPass__]
################################################################################################################################################
[ReportManager] Assertion [ValidateEquals] PASSED. Expected [1] and Actual [1]. Comparison Type [EQUALS]. Validation Type [POSITIVE]. @21-10-2021 02:03:03.0866 A

################################################################################################################################################
Starting Execution:	[39 out of 143] test cases in the current suite
Test Method:		[unitTests.tests_validations_assertions.assertFileExists_false_expectedToFail]
################################################################################################################################################
[ReportManager] File Action [DoesFileExist] successfully performed. With the following test data [File Path: "src/main/java/com/shaft/gui/element/ElementActions.java"]. @21-10-2021 02:03:03.0873 AM
[ReportManager] Assertion [ValidateFileExists] FAILED. Expected [File 'src/main/java/com/shaft/gui/element/ElementActions.java' should not exist, after up to '1' retries] and Actual [File exists]. Validation Type [NEGATIVE]. @21-10-2021 02:03:03.0877 A

################################################################################################################################################
Starting Execution:	[40 out of 143] test cases in the current suite
Test Method:		[unitTests.tests_validations_assertions.assertFileExists_false_expectedToPass]
################################################################################################################################################
[ReportManager] File Action [DoesFileExist] successfully performed. With the following test data [File Path: "src/main/java/com/shaft/gui/element/ElementActions.java_fail"]. @21-10-2021 02:03:04.0380 AM
[ReportManager] Assertion [ValidateFileExists] PASSED. Expected [File 'src/main/java/com/shaft/gui/element/ElementActions.java_fail' should not exist, after up to '1' retries] and Actual [File does not exist]. Validation Type [NEGATIVE]. @21-10-2021 02:03:04.0380 A

################################################################################################################################################
Starting Execution:	[41 out of 143] test cases in the current suite
Test Method:		[unitTests.tests_validations_assertions.assertFileExists_true_expectedToFail]
################################################################################################################################################
[ReportManager] File Action [DoesFileExist] successfully performed. With the following test data [File Path: "src/main/java/com/shaft/gui/element/ElementActions.java_fail"]. @21-10-2021 02:03:04.0884 AM
[ReportManager] Assertion [ValidateFileExists] FAILED. Expected [File 'src/main/java/com/shaft/gui/element/ElementActions.java_fail' should exist, after up to '1' retries] and Actual [File does not exist]. Validation Type [POSITIVE]. @21-10-2021 02:03:04.0884 A

################################################################################################################################################
Starting Execution:	[42 out of 143] test cases in the current suite
Test Method:		[unitTests.tests_validations_assertions.assertFileExists_true_expectedToPass]
################################################################################################################################################
[ReportManager] File Action [DoesFileExist] successfully performed. With the following test data [File Path: "src/main/java/com/shaft/gui/element/ElementActions.java"]. @21-10-2021 02:03:04.0889 AM
[ReportManager] Assertion [ValidateFileExists] PASSED. Expected [File 'src/main/java/com/shaft/gui/element/ElementActions.java' should exist, after up to '1' retries] and Actual [File exists]. Validation Type [POSITIVE]. @21-10-2021 02:03:04.0889 A

################################################################################################################################################
Starting Execution:	[43 out of 143] test cases in the current suite
Test Method:		[unitTests.tests_validations_assertions.assertNull_false_expectedToFail]
################################################################################################################################################
[ReportManager] Assertion [ValidateNull] FAILED. Expected [NULL] and Actual [NULL]. Comparison Type [EQUALS]. Validation Type [NEGATIVE]. @21-10-2021 02:03:04.0892 A

################################################################################################################################################
Starting Execution:	[44 out of 143] test cases in the current suite
Test Method:		[unitTests.tests_validations_assertions.assertNull_false_expectedToPass]
################################################################################################################################################
[ReportManager] Assertion [ValidateNull] PASSED. Expected [NULL] and Actual [1]. Comparison Type [EQUALS]. Validation Type [NEGATIVE]. @21-10-2021 02:03:04.0894 A

################################################################################################################################################
Starting Execution:	[45 out of 143] test cases in the current suite
Test Method:		[unitTests.tests_validations_assertions.assertNull_true_expectedToFail]
################################################################################################################################################
[ReportManager] Assertion [ValidateNull] FAILED. Expected [NULL] and Actual [1]. Comparison Type [EQUALS]. Validation Type [POSITIVE]. @21-10-2021 02:03:04.0897 A

################################################################################################################################################
Starting Execution:	[46 out of 143] test cases in the current suite
Test Method:		[unitTests.tests_validations_assertions.assertNull_true_expectedToPass]
################################################################################################################################################
[ReportManager] Assertion [ValidateNull] PASSED. Expected [NULL] and Actual [NULL]. Comparison Type [EQUALS]. Validation Type [POSITIVE]. @21-10-2021 02:03:04.0899 A

################################################################################################################################################
Starting Execution:	[47 out of 143] test cases in the current suite
Test Method:		[unitTests.tests_restActions.getPostsAndAssertBodyForSpecificTitle]
################################################################################################################################################
[ReportManager] Response status code: [200], status line: [HTTP/1.1 200 OK] @21-10-2021 02:03:06.0864 AM
[ReportManager] Assertion Passed: Evaluating the actual response status code against the expected one... @21-10-2021 02:03:06.0865 AM
[ReportManager] Assertion [ValidateEquals] PASSED. Expected [200] and Actual [200]. Comparison Type [EQUALS]. Validation Type [POSITIVE]. @21-10-2021 02:03:06.0865 AM
[ReportManager] API Action [PerformRequest] successfully performed. With the following test data [Request Type: "GET" | Target Status Code: "200" | Service URL: "https://jsonplaceholder.typicode.com/posts" | Content Type: "*/*" | Response Time: "786ms"]. @21-10-2021 02:03:07.0831 AM
[ReportManager] Successfully created attachment [API Request - Specifications] @21-10-2021 02:03:07.0831 AM
[ReportManager] Successfully created attachment [API Response - JSON Body] @21-10-2021 02:03:08.0070 AM
[ReportManager] API Action [GetResponseJSONValueAsList] successfully performed. @21-10-2021 02:03:08.0110 AM
[ReportManager] API Action [GetResponseJSONValue] successfully performed. With the following test data [title]. @21-10-2021 02:03:08.0132 AM
[ReportManager] API Action [GetResponseJSONValue] successfully performed. With the following test data [title]. @21-10-2021 02:03:08.0152 AM
[ReportManager] API Action [GetResponseJSONValue] successfully performed. With the following test data [body]. @21-10-2021 02:03:08.0176 AM
[ReportManager] Assertion [ValidateEquals] PASSED. Expected [qui neque nisi nulla] and Actual [est rerum tempore vitae
sequi sint nihil reprehenderit dolor beatae ea dolores neque
fugiat blanditiis voluptate porro vel nihil molestiae ut reiciendis
qui aperiam non debitis possimus qui neque nisi nulla]. Comparison Type [CONTAINS]. Validation Type [POSITIVE]. @21-10-2021 02:03:08.0176 AM
[ReportManager] API Action [GetResponseJSONValue] successfully performed. With the following test data [title]. @21-10-2021 02:03:08.0190 AM
[ReportManager] API Action [GetResponseJSONValue] successfully performed. With the following test data [title]. @21-10-2021 02:03:08.0202 AM
[ReportManager] API Action [GetResponseJSONValue] successfully performed. With the following test data [title]. @21-10-2021 02:03:08.0225 AM
[ReportManager] API Action [GetResponseJSONValue] successfully performed. With the following test data [title]. @21-10-2021 02:03:08.0243 AM
[ReportManager] API Action [GetResponseJSONValue] successfully performed. With the following test data [title]. @21-10-2021 02:03:08.0261 AM
[ReportManager] API Action [GetResponseJSONValue] successfully performed. With the following test data [title]. @21-10-2021 02:03:08.0270 AM
[ReportManager] API Action [GetResponseJSONValue] successfully performed. With the following test data [title]. @21-10-2021 02:03:08.0280 AM
[ReportManager] API Action [GetResponseJSONValue] successfully performed. With the following test data [title]. @21-10-2021 02:03:08.0289 AM
[ReportManager] API Action [GetResponseJSONValue] successfully performed. With the following test data [title]. @21-10-2021 02:03:08.0298 AM
[ReportManager] API Action [GetResponseJSONValue] successfully performed. With the following test data [title]. @21-10-2021 02:03:08.0307 AM
[ReportManager] API Action [GetResponseJSONValue] successfully performed. With the following test data [title]. @21-10-2021 02:03:08.0318 AM
[ReportManager] API Action [GetResponseJSONValue] successfully performed. With the following test data [title]. @21-10-2021 02:03:08.0328 AM
[ReportManager] API Action [GetResponseJSONValue] successfully performed. With the following test data [title]. @21-10-2021 02:03:08.0337 AM
[ReportManager] API Action [GetResponseJSONValue] successfully performed. With the following test data [title]. @21-10-2021 02:03:08.0347 AM
[ReportManager] API Action [GetResponseJSONValue] successfully performed. With the following test data [title]. @21-10-2021 02:03:08.0356 AM
[ReportManager] API Action [GetResponseJSONValue] successfully performed. With the following test data [title]. @21-10-2021 02:03:08.0365 AM
[ReportManager] API Action [GetResponseJSONValue] successfully performed. With the following test data [title]. @21-10-2021 02:03:08.0374 AM
[ReportManager] API Action [GetResponseJSONValue] successfully performed. With the following test data [title]. @21-10-2021 02:03:08.0384 AM
[ReportManager] API Action [GetResponseJSONValue] successfully performed. With the following test data [title]. @21-10-2021 02:03:08.0393 AM
[ReportManager] API Action [GetResponseJSONValue] successfully performed. With the following test data [title]. @21-10-2021 02:03:08.0403 AM
[ReportManager] API Action [GetResponseJSONValue] successfully performed. With the following test data [title]. @21-10-2021 02:03:08.0412 AM
[ReportManager] API Action [GetResponseJSONValue] successfully performed. With the following test data [title]. @21-10-2021 02:03:08.0422 AM
[ReportManager] API Action [GetResponseJSONValue] successfully performed. With the following test data [title]. @21-10-2021 02:03:08.0431 AM
[ReportManager] API Action [GetResponseJSONValue] successfully performed. With the following test data [title]. @21-10-2021 02:03:08.0440 AM
[ReportManager] API Action [GetResponseJSONValue] successfully performed. With the following test data [title]. @21-10-2021 02:03:08.0449 AM
[ReportManager] API Action [GetResponseJSONValue] successfully performed. With the following test data [title]. @21-10-2021 02:03:08.0458 AM
[ReportManager] API Action [GetResponseJSONValue] successfully performed. With the following test data [title]. @21-10-2021 02:03:08.0467 AM
[ReportManager] API Action [GetResponseJSONValue] successfully performed. With the following test data [title]. @21-10-2021 02:03:08.0476 AM
[ReportManager] API Action [GetResponseJSONValue] successfully performed. With the following test data [title]. @21-10-2021 02:03:08.0485 AM
[ReportManager] API Action [GetResponseJSONValue] successfully performed. With the following test data [title]. @21-10-2021 02:03:08.0493 AM
[ReportManager] API Action [GetResponseJSONValue] successfully performed. With the following test data [title]. @21-10-2021 02:03:08.0502 AM
[ReportManager] API Action [GetResponseJSONValue] successfully performed. With the following test data [title]. @21-10-2021 02:03:08.0512 AM
[ReportManager] API Action [GetResponseJSONValue] successfully performed. With the following test data [title]. @21-10-2021 02:03:08.0520 AM
[ReportManager] API Action [GetResponseJSONValue] successfully performed. With the following test data [title]. @21-10-2021 02:03:08.0529 AM
[ReportManager] API Action [GetResponseJSONValue] successfully performed. With the following test data [title]. @21-10-2021 02:03:08.0538 AM
[ReportManager] API Action [GetResponseJSONValue] successfully performed. With the following test data [title]. @21-10-2021 02:03:08.0547 AM
[ReportManager] API Action [GetResponseJSONValue] successfully performed. With the following test data [title]. @21-10-2021 02:03:08.0556 AM
[ReportManager] API Action [GetResponseJSONValue] successfully performed. With the following test data [title]. @21-10-2021 02:03:08.0565 AM
[ReportManager] API Action [GetResponseJSONValue] successfully performed. With the following test data [title]. @21-10-2021 02:03:08.0574 AM
[ReportManager] API Action [GetResponseJSONValue] successfully performed. With the following test data [title]. @21-10-2021 02:03:08.0583 AM
[ReportManager] API Action [GetResponseJSONValue] successfully performed. With the following test data [title]. @21-10-2021 02:03:08.0592 AM
[ReportManager] API Action [GetResponseJSONValue] successfully performed. With the following test data [title]. @21-10-2021 02:03:08.0600 AM
[ReportManager] API Action [GetResponseJSONValue] successfully performed. With the following test data [title]. @21-10-2021 02:03:08.0609 AM
[ReportManager] API Action [GetResponseJSONValue] successfully performed. With the following test data [title]. @21-10-2021 02:03:08.0618 AM
[ReportManager] API Action [GetResponseJSONValue] successfully performed. With the following test data [title]. @21-10-2021 02:03:08.0627 AM
[ReportManager] API Action [GetResponseJSONValue] successfully performed. With the following test data [title]. @21-10-2021 02:03:08.0635 AM
[ReportManager] API Action [GetResponseJSONValue] successfully performed. With the following test data [title]. @21-10-2021 02:03:08.0644 AM
[ReportManager] API Action [GetResponseJSONValue] successfully performed. With the following test data [title]. @21-10-2021 02:03:08.0653 AM
[ReportManager] API Action [GetResponseJSONValue] successfully performed. With the following test data [title]. @21-10-2021 02:03:08.0662 AM
[ReportManager] API Action [GetResponseJSONValue] successfully performed. With the following test data [title]. @21-10-2021 02:03:08.0670 AM
[ReportManager] API Action [GetResponseJSONValue] successfully performed. With the following test data [title]. @21-10-2021 02:03:08.0679 AM
[ReportManager] API Action [GetResponseJSONValue] successfully performed. With the following test data [title]. @21-10-2021 02:03:08.0688 AM
[ReportManager] API Action [GetResponseJSONValue] successfully performed. With the following test data [title]. @21-10-2021 02:03:08.0697 AM
[ReportManager] API Action [GetResponseJSONValue] successfully performed. With the following test data [title]. @21-10-2021 02:03:08.0706 AM
[ReportManager] API Action [GetResponseJSONValue] successfully performed. With the following test data [title]. @21-10-2021 02:03:08.0715 AM
[ReportManager] API Action [GetResponseJSONValue] successfully performed. With the following test data [title]. @21-10-2021 02:03:08.0724 AM
[ReportManager] API Action [GetResponseJSONValue] successfully performed. With the following test data [title]. @21-10-2021 02:03:08.0732 AM
[ReportManager] API Action [GetResponseJSONValue] successfully performed. With the following test data [title]. @21-10-2021 02:03:08.0741 AM
[ReportManager] API Action [GetResponseJSONValue] successfully performed. With the following test data [title]. @21-10-2021 02:03:08.0749 AM
[ReportManager] API Action [GetResponseJSONValue] successfully performed. With the following test data [title]. @21-10-2021 02:03:08.0774 AM
[ReportManager] API Action [GetResponseJSONValue] successfully performed. With the following test data [title]. @21-10-2021 02:03:08.0782 AM
[ReportManager] API Action [GetResponseJSONValue] successfully performed. With the following test data [title]. @21-10-2021 02:03:08.0789 AM
[ReportManager] API Action [GetResponseJSONValue] successfully performed. With the following test data [title]. @21-10-2021 02:03:08.0796 AM
[ReportManager] API Action [GetResponseJSONValue] successfully performed. With the following test data [title]. @21-10-2021 02:03:08.0804 AM
[ReportManager] API Action [GetResponseJSONValue] successfully performed. With the following test data [title]. @21-10-2021 02:03:08.0811 AM
[ReportManager] API Action [GetResponseJSONValue] successfully performed. With the following test data [title]. @21-10-2021 02:03:08.0819 AM
[ReportManager] API Action [GetResponseJSONValue] successfully performed. With the following test data [title]. @21-10-2021 02:03:08.0826 AM
[ReportManager] API Action [GetResponseJSONValue] successfully performed. With the following test data [title]. @21-10-2021 02:03:08.0834 AM
[ReportManager] API Action [GetResponseJSONValue] successfully performed. With the following test data [title]. @21-10-2021 02:03:08.0841 AM
[ReportManager] API Action [GetResponseJSONValue] successfully performed. With the following test data [title]. @21-10-2021 02:03:08.0848 AM
[ReportManager] API Action [GetResponseJSONValue] successfully performed. With the following test data [title]. @21-10-2021 02:03:08.0856 AM
[ReportManager] API Action [GetResponseJSONValue] successfully performed. With the following test data [title]. @21-10-2021 02:03:08.0863 AM
[ReportManager] API Action [GetResponseJSONValue] successfully performed. With the following test data [title]. @21-10-2021 02:03:08.0870 AM
[ReportManager] API Action [GetResponseJSONValue] successfully performed. With the following test data [title]. @21-10-2021 02:03:08.0877 AM
[ReportManager] API Action [GetResponseJSONValue] successfully performed. With the following test data [title]. @21-10-2021 02:03:08.0885 AM
[ReportManager] API Action [GetResponseJSONValue] successfully performed. With the following test data [title]. @21-10-2021 02:03:08.0892 AM
[ReportManager] API Action [GetResponseJSONValue] successfully performed. With the following test data [title]. @21-10-2021 02:03:08.0899 AM
[ReportManager] API Action [GetResponseJSONValue] successfully performed. With the following test data [title]. @21-10-2021 02:03:08.0907 AM
[ReportManager] API Action [GetResponseJSONValue] successfully performed. With the following test data [title]. @21-10-2021 02:03:08.0914 AM
[ReportManager] API Action [GetResponseJSONValue] successfully performed. With the following test data [title]. @21-10-2021 02:03:08.0921 AM
[ReportManager] API Action [GetResponseJSONValue] successfully performed. With the following test data [title]. @21-10-2021 02:03:08.0929 AM
[ReportManager] API Action [GetResponseJSONValue] successfully performed. With the following test data [title]. @21-10-2021 02:03:08.0936 AM
[ReportManager] API Action [GetResponseJSONValue] successfully performed. With the following test data [title]. @21-10-2021 02:03:08.0943 AM
[ReportManager] API Action [GetResponseJSONValue] successfully performed. With the following test data [title]. @21-10-2021 02:03:08.0950 AM
[ReportManager] API Action [GetResponseJSONValue] successfully performed. With the following test data [title]. @21-10-2021 02:03:08.0957 AM
[ReportManager] API Action [GetResponseJSONValue] successfully performed. With the following test data [title]. @21-10-2021 02:03:08.0965 AM
[ReportManager] API Action [GetResponseJSONValue] successfully performed. With the following test data [title]. @21-10-2021 02:03:08.0972 AM
[ReportManager] API Action [GetResponseJSONValue] successfully performed. With the following test data [title]. @21-10-2021 02:03:08.0979 AM
[ReportManager] API Action [GetResponseJSONValue] successfully performed. With the following test data [title]. @21-10-2021 02:03:08.0986 AM
[ReportManager] API Action [GetResponseJSONValue] successfully performed. With the following test data [title]. @21-10-2021 02:03:08.0993 AM
[ReportManager] API Action [GetResponseJSONValue] successfully performed. With the following test data [title]. @21-10-2021 02:03:09.0001 AM
[ReportManager] API Action [GetResponseJSONValue] successfully performed. With the following test data [title]. @21-10-2021 02:03:09.0008 AM
[ReportManager] API Action [GetResponseJSONValue] successfully performed. With the following test data [title]. @21-10-2021 02:03:09.0015 AM
[ReportManager] API Action [GetResponseJSONValue] successfully performed. With the following test data [title]. @21-10-2021 02:03:09.0022 AM
[ReportManager] API Action [GetResponseJSONValue] successfully performed. With the following test data [title]. @21-10-2021 02:03:09.0029 AM
[ReportManager] API Action [GetResponseJSONValue] successfully performed. With the following test data [title]. @21-10-2021 02:03:09.0036 AM
[ReportManager] API Action [GetResponseJSONValue] successfully performed. With the following test data [title]. @21-10-2021 02:03:09.0044 AM
[ReportManager] API Action [GetResponseJSONValue] successfully performed. With the following test data [title]. @21-10-2021 02:03:09.0051 A

################################################################################################################################################
Starting Execution:	[48 out of 143] test cases in the current suite
Test Method:		[unitTests.tests_restActions.validateUserEmail]
################################################################################################################################################
[ReportManager] Response status code: [200], status line: [HTTP/1.1 200 OK] @21-10-2021 02:03:09.0133 AM
[ReportManager] Assertion Passed: Evaluating the actual response status code against the expected one... @21-10-2021 02:03:09.0134 AM
[ReportManager] Assertion [ValidateEquals] PASSED. Expected [200] and Actual [200]. Comparison Type [EQUALS]. Validation Type [POSITIVE]. @21-10-2021 02:03:09.0134 AM
[ReportManager] API Action [PerformRequest] successfully performed. With the following test data [Request Type: "GET" | Target Status Code: "200" | Service URL: "https://jsonplaceholder.typicode.com/users" | Content Type: "*/*" | Response Time: "73ms"]. @21-10-2021 02:03:09.0150 AM
[ReportManager] Successfully created attachment [API Request - Specifications] @21-10-2021 02:03:09.0151 AM
[ReportManager] Successfully created attachment [API Response - JSON Body] @21-10-2021 02:03:09.0151 AM
[ReportManager] Assertion [ValidateEquals] PASSED. Expected and Actual values are attached. Comparison Type [CONTAINS]. Validation Type [POSITIVE]. @21-10-2021 02:03:09.0151 AM
[ReportManager] Successfully created attachment [Validation Test Data - Expected Value] @21-10-2021 02:03:09.0152 AM
[ReportManager] Successfully created attachment [Validation Test Data - Actual Value] @21-10-2021 02:03:09.0152 AM
[ReportManager] API Action [GetResponseJSONValueAsList] successfully performed. With the following test data [$]. @21-10-2021 02:03:09.0156 AM
[ReportManager] API Action [GetResponseJSONValue] successfully performed. With the following test data [name]. @21-10-2021 02:03:09.0165 AM
[ReportManager] API Action [GetResponseJSONValue] successfully performed. With the following test data [email]. @21-10-2021 02:03:09.0173 AM
[ReportManager] Assertion [ValidateEquals] PASSED. Expected [Sincere@april.biz] and Actual [Sincere@april.biz]. Comparison Type [EQUALS]. Validation Type [POSITIVE]. @21-10-2021 02:03:09.0173 AM
[ReportManager] API Action [GetResponseJSONValue] successfully performed. With the following test data [name]. @21-10-2021 02:03:09.0182 AM
[ReportManager] API Action [GetResponseJSONValue] successfully performed. With the following test data [name]. @21-10-2021 02:03:09.0189 AM
[ReportManager] API Action [GetResponseJSONValue] successfully performed. With the following test data [name]. @21-10-2021 02:03:09.0198 AM
[ReportManager] API Action [GetResponseJSONValue] successfully performed. With the following test data [name]. @21-10-2021 02:03:09.0206 AM
[ReportManager] API Action [GetResponseJSONValue] successfully performed. With the following test data [name]. @21-10-2021 02:03:09.0213 AM
[ReportManager] API Action [GetResponseJSONValue] successfully performed. With the following test data [name]. @21-10-2021 02:03:09.0221 AM
[ReportManager] API Action [GetResponseJSONValue] successfully performed. With the following test data [name]. @21-10-2021 02:03:09.0228 AM
[ReportManager] API Action [GetResponseJSONValue] successfully performed. With the following test data [name]. @21-10-2021 02:03:09.0235 AM
[ReportManager] API Action [GetResponseJSONValue] successfully performed. With the following test data [name]. @21-10-2021 02:03:09.0243 A
[ReportManager] File Action [GetAbsolutePath] successfully performed. With the following test data [Relative Folder Path: "target/downloadedFiles/"]. @21-10-2021 02:03:09.0254 AM
[ReportManager] Attempting to run remotely on: [Linux-64], [GoogleChrome], [http://localhost:4444/wd/hub], Headless Execution. @21-10-2021 02:03:09.0254 AM
[ReportManager] Successfully Opened [GoogleChrome]. @21-10-2021 02:03:09.0576 AM
[ReportManager] Target URL: [https://duckduckgo.com] @21-10-2021 02:03:09.0588 AM
[ReportManager] Initial URL: [data:,] @21-10-2021 02:03:09.0624 AM
[ReportManager] Browser Action [NavigateToURL] successfully performed. With the following test data [https://duckduckgo.com]. @21-10-2021 02:03:10.0376 A

################################################################################################################################################
Starting Execution:	[49 out of 143] test cases in the current suite
Test Method:		[unitTests.tests_browserActions.fullScreenWindow]
################################################################################################################################################
[ReportManager] Initial Windows Size: 800x600 @21-10-2021 02:03:10.0391 AM
[ReportManager] Initial window size: (800, 600) @21-10-2021 02:03:10.0393 AM
[ReportManager] Window size after Toolkit: (1920, 1080) @21-10-2021 02:03:10.0611 AM
[ReportManager] Browser Action [MaximizeWindow] successfully performed. With the following test data [New screen size is now: (1920, 1080)]. @21-10-2021 02:03:10.0615 AM
[ReportManager] Current Windows Size after fullScreen: 1920x1080 @21-10-2021 02:03:10.0625 AM
[ReportManager] Browser Action [FullScreenWindow] successfully performed. @21-10-2021 02:03:10.0639 AM
[ReportManager] Successfully created attachment [Browser Action Test Data - FullScreenWindow - Actual Value] @21-10-2021 02:03:10.0642 A
[ReportManager] Target URL: [https://duckduckgo.com] @21-10-2021 02:03:10.0647 AM
[ReportManager] Initial URL: [https://duckduckgo.com] @21-10-2021 02:03:10.0710 AM
[ReportManager] Browser Action [NavigateToURL] successfully performed. With the following test data [https://duckduckgo.com]. @21-10-2021 02:03:11.0028 AM
[ReportManager] Browser Action [CloseCurrentWindow] successfully performed. @21-10-2021 02:03:11.0131 AM
[ReportManager] Successfully created attachment [Browser Action Test Data - CloseCurrentWindow - Actual Value] @21-10-2021 02:03:11.0135 A
[ReportManager] File Action [GetAbsolutePath] successfully performed. With the following test data [Relative Folder Path: "target/downloadedFiles/"]. @21-10-2021 02:03:11.0139 AM
[ReportManager] Attempting to run remotely on: [Linux-64], [GoogleChrome], [http://localhost:4444/wd/hub], Headless Execution. @21-10-2021 02:03:11.0139 AM
[ReportManager] Successfully Opened [GoogleChrome]. @21-10-2021 02:03:11.0349 AM
[ReportManager] Target URL: [https://duckduckgo.com] @21-10-2021 02:03:11.0360 AM
[ReportManager] Initial URL: [data:,] @21-10-2021 02:03:11.0398 AM
[ReportManager] Browser Action [NavigateToURL] successfully performed. With the following test data [https://duckduckgo.com]. @21-10-2021 02:03:11.0851 A

################################################################################################################################################
Starting Execution:	[50 out of 143] test cases in the current suite
Test Method:		[unitTests.tests_browserActions.getCurrentURL]
################################################################################################################################################
[ReportManager] Browser Action [GetCurrentURL] successfully performed. With the following test data [https://duckduckgo.com/]. @21-10-2021 02:03:11.0891 A
[ReportManager] Target URL: [https://duckduckgo.com] @21-10-2021 02:03:11.0893 AM
[ReportManager] Initial URL: [https://duckduckgo.com] @21-10-2021 02:03:11.0939 AM
[ReportManager] Browser Action [NavigateToURL] successfully performed. With the following test data [https://duckduckgo.com]. @21-10-2021 02:03:12.0225 AM
[ReportManager] Browser Action [CloseCurrentWindow] successfully performed. @21-10-2021 02:03:12.0319 AM
[ReportManager] Successfully created attachment [Browser Action Test Data - CloseCurrentWindow - Actual Value] @21-10-2021 02:03:12.0320 A
[ReportManager] File Action [GetAbsolutePath] successfully performed. With the following test data [Relative Folder Path: "target/downloadedFiles/"]. @21-10-2021 02:03:12.0322 AM
[ReportManager] Attempting to run remotely on: [Linux-64], [GoogleChrome], [http://localhost:4444/wd/hub], Headless Execution. @21-10-2021 02:03:12.0322 AM
[ReportManager] Successfully Opened [GoogleChrome]. @21-10-2021 02:03:12.0510 AM
[ReportManager] Target URL: [https://duckduckgo.com] @21-10-2021 02:03:12.0535 AM
[ReportManager] Initial URL: [data:,] @21-10-2021 02:03:12.0585 AM
[ReportManager] Browser Action [NavigateToURL] successfully performed. With the following test data [https://duckduckgo.com]. @21-10-2021 02:03:13.0076 A

################################################################################################################################################
Starting Execution:	[51 out of 143] test cases in the current suite
Test Method:		[unitTests.tests_browserActions.getCurrentWindowTitle]
################################################################################################################################################
[ReportManager] Browser Action [GetCurrentWindowTitle] successfully performed. With the following test data [DuckDuckGo  Privacy, simplified.]. @21-10-2021 02:03:13.0113 A
[ReportManager] Target URL: [https://duckduckgo.com] @21-10-2021 02:03:13.0115 AM
[ReportManager] Initial URL: [https://duckduckgo.com] @21-10-2021 02:03:13.0192 AM
[ReportManager] Browser Action [NavigateToURL] successfully performed. With the following test data [https://duckduckgo.com]. @21-10-2021 02:03:13.0451 AM
[ReportManager] Browser Action [CloseCurrentWindow] successfully performed. @21-10-2021 02:03:13.0550 AM
[ReportManager] Successfully created attachment [Browser Action Test Data - CloseCurrentWindow - Actual Value] @21-10-2021 02:03:13.0551 A
[ReportManager] File Action [GetAbsolutePath] successfully performed. With the following test data [Relative Folder Path: "target/downloadedFiles/"]. @21-10-2021 02:03:13.0554 AM
[ReportManager] Attempting to run remotely on: [Linux-64], [GoogleChrome], [http://localhost:4444/wd/hub], Headless Execution. @21-10-2021 02:03:13.0555 AM
[ReportManager] Successfully Opened [GoogleChrome]. @21-10-2021 02:03:13.0733 AM
[ReportManager] Target URL: [https://duckduckgo.com] @21-10-2021 02:03:13.0746 AM
[ReportManager] Initial URL: [data:,] @21-10-2021 02:03:13.0784 AM
[ReportManager] Browser Action [NavigateToURL] successfully performed. With the following test data [https://duckduckgo.com]. @21-10-2021 02:03:14.0201 A

################################################################################################################################################
Starting Execution:	[52 out of 143] test cases in the current suite
Test Method:		[unitTests.tests_browserActions.getPageSource]
################################################################################################################################################
[ReportManager] Browser Action [GetPageSource] successfully performed. @21-10-2021 02:03:14.0242 AM
[ReportManager] Successfully created attachment [Browser Action Test Data - GetPageSource - Actual Value] @21-10-2021 02:03:14.0242 A
[ReportManager] Target URL: [https://duckduckgo.com] @21-10-2021 02:03:14.0245 AM
[ReportManager] Initial URL: [https://duckduckgo.com] @21-10-2021 02:03:14.0300 AM
[ReportManager] Browser Action [NavigateToURL] successfully performed. With the following test data [https://duckduckgo.com]. @21-10-2021 02:03:14.0599 AM
[ReportManager] Browser Action [CloseCurrentWindow] successfully performed. @21-10-2021 02:03:14.0696 AM
[ReportManager] Successfully created attachment [Browser Action Test Data - CloseCurrentWindow - Actual Value] @21-10-2021 02:03:14.0697 A
[ReportManager] File Action [GetAbsolutePath] successfully performed. With the following test data [Relative Folder Path: "target/downloadedFiles/"]. @21-10-2021 02:03:14.0699 AM
[ReportManager] Attempting to run remotely on: [Linux-64], [GoogleChrome], [http://localhost:4444/wd/hub], Headless Execution. @21-10-2021 02:03:14.0700 AM
[ReportManager] Successfully Opened [GoogleChrome]. @21-10-2021 02:03:14.0880 AM
[ReportManager] Target URL: [https://duckduckgo.com] @21-10-2021 02:03:14.0904 AM
[ReportManager] Initial URL: [data:,] @21-10-2021 02:03:14.0953 AM
[ReportManager] Browser Action [NavigateToURL] successfully performed. With the following test data [https://duckduckgo.com]. @21-10-2021 02:03:15.0401 A

################################################################################################################################################
Starting Execution:	[53 out of 143] test cases in the current suite
Test Method:		[unitTests.tests_browserActions.getWindowHandle]
################################################################################################################################################
[ReportManager] Browser Action [GetWindowHandle] successfully performed. With the following test data [CDwindow-9A0D9194498C0D97107EF8B4412F07F2]. @21-10-2021 02:03:15.0443 A
[ReportManager] Target URL: [https://duckduckgo.com] @21-10-2021 02:03:15.0446 AM
[ReportManager] Initial URL: [https://duckduckgo.com] @21-10-2021 02:03:15.0509 AM
[ReportManager] Browser Action [NavigateToURL] successfully performed. With the following test data [https://duckduckgo.com]. @21-10-2021 02:03:15.0853 AM
[ReportManager] Browser Action [CloseCurrentWindow] successfully performed. @21-10-2021 02:03:15.0962 AM
[ReportManager] Successfully created attachment [Browser Action Test Data - CloseCurrentWindow - Actual Value] @21-10-2021 02:03:15.0963 A
[ReportManager] File Action [GetAbsolutePath] successfully performed. With the following test data [Relative Folder Path: "target/downloadedFiles/"]. @21-10-2021 02:03:15.0965 AM
[ReportManager] Attempting to run remotely on: [Linux-64], [GoogleChrome], [http://localhost:4444/wd/hub], Headless Execution. @21-10-2021 02:03:15.0965 AM
[ReportManager] Successfully Opened [GoogleChrome]. @21-10-2021 02:03:16.0149 AM
[ReportManager] Target URL: [https://duckduckgo.com] @21-10-2021 02:03:16.0159 AM
[ReportManager] Initial URL: [data:,] @21-10-2021 02:03:16.0197 AM
[ReportManager] Browser Action [NavigateToURL] successfully performed. With the following test data [https://duckduckgo.com]. @21-10-2021 02:03:16.0655 A

################################################################################################################################################
Starting Execution:	[54 out of 143] test cases in the current suite
Test Method:		[unitTests.tests_browserActions.getWindowPosition]
################################################################################################################################################
[ReportManager] Browser Action [GetWindowPosition] successfully performed. With the following test data [(0, 0)]. @21-10-2021 02:03:16.0689 A
[ReportManager] Target URL: [https://duckduckgo.com] @21-10-2021 02:03:16.0691 AM
[ReportManager] Initial URL: [https://duckduckgo.com] @21-10-2021 02:03:16.0742 AM
[ReportManager] Browser Action [NavigateToURL] successfully performed. With the following test data [https://duckduckgo.com]. @21-10-2021 02:03:17.0032 AM
[ReportManager] Browser Action [CloseCurrentWindow] successfully performed. @21-10-2021 02:03:17.0128 AM
[ReportManager] Successfully created attachment [Browser Action Test Data - CloseCurrentWindow - Actual Value] @21-10-2021 02:03:17.0128 A
[ReportManager] File Action [GetAbsolutePath] successfully performed. With the following test data [Relative Folder Path: "target/downloadedFiles/"]. @21-10-2021 02:03:17.0131 AM
[ReportManager] Attempting to run remotely on: [Linux-64], [GoogleChrome], [http://localhost:4444/wd/hub], Headless Execution. @21-10-2021 02:03:17.0131 AM
[ReportManager] Successfully Opened [GoogleChrome]. @21-10-2021 02:03:17.0371 AM
[ReportManager] Target URL: [https://duckduckgo.com] @21-10-2021 02:03:17.0386 AM
[ReportManager] Initial URL: [data:,] @21-10-2021 02:03:17.0433 AM
[ReportManager] Browser Action [NavigateToURL] successfully performed. With the following test data [https://duckduckgo.com]. @21-10-2021 02:03:18.0074 A

################################################################################################################################################
Starting Execution:	[55 out of 143] test cases in the current suite
Test Method:		[unitTests.tests_browserActions.getWindowSize]
################################################################################################################################################
[ReportManager] Browser Action [GetWindowSize] successfully performed. With the following test data [(800, 600)]. @21-10-2021 02:03:18.0118 A
[ReportManager] Target URL: [https://duckduckgo.com] @21-10-2021 02:03:18.0120 AM
[ReportManager] Initial URL: [https://duckduckgo.com] @21-10-2021 02:03:18.0186 AM
[ReportManager] Browser Action [NavigateToURL] successfully performed. With the following test data [https://duckduckgo.com]. @21-10-2021 02:03:18.0510 AM
[ReportManager] Browser Action [CloseCurrentWindow] successfully performed. @21-10-2021 02:03:18.0601 AM
[ReportManager] Successfully created attachment [Browser Action Test Data - CloseCurrentWindow - Actual Value] @21-10-2021 02:03:18.0602 A
[ReportManager] File Action [GetAbsolutePath] successfully performed. With the following test data [Relative Folder Path: "target/downloadedFiles/"]. @21-10-2021 02:03:18.0604 AM
[ReportManager] Attempting to run remotely on: [Linux-64], [GoogleChrome], [http://localhost:4444/wd/hub], Headless Execution. @21-10-2021 02:03:18.0604 AM
[ReportManager] Successfully Opened [GoogleChrome]. @21-10-2021 02:03:18.0778 AM
[ReportManager] Target URL: [https://duckduckgo.com] @21-10-2021 02:03:18.0788 AM
[ReportManager] Initial URL: [data:,] @21-10-2021 02:03:18.0823 AM
[ReportManager] Browser Action [NavigateToURL] successfully performed. With the following test data [https://duckduckgo.com]. @21-10-2021 02:03:19.0272 A

################################################################################################################################################
Starting Execution:	[56 out of 143] test cases in the current suite
Test Method:		[unitTests.tests_browserActions.maximizeWindow]
################################################################################################################################################
[ReportManager] Initial window size: (800, 600) @21-10-2021 02:03:19.0282 AM
[ReportManager] Window size after Toolkit: (1920, 1080) @21-10-2021 02:03:19.0498 AM
[ReportManager] Browser Action [MaximizeWindow] successfully performed. With the following test data [New screen size is now: (1920, 1080)]. @21-10-2021 02:03:19.0501 A
[ReportManager] Target URL: [https://duckduckgo.com] @21-10-2021 02:03:19.0505 AM
[ReportManager] Initial URL: [https://duckduckgo.com] @21-10-2021 02:03:19.0568 AM
[ReportManager] Browser Action [NavigateToURL] successfully performed. With the following test data [https://duckduckgo.com]. @21-10-2021 02:03:19.0874 AM
[ReportManager] Browser Action [CloseCurrentWindow] successfully performed. @21-10-2021 02:03:19.0969 AM
[ReportManager] Successfully created attachment [Browser Action Test Data - CloseCurrentWindow - Actual Value] @21-10-2021 02:03:19.0969 A
[ReportManager] File Action [GetAbsolutePath] successfully performed. With the following test data [Relative Folder Path: "target/downloadedFiles/"]. @21-10-2021 02:03:19.0971 AM
[ReportManager] Attempting to run remotely on: [Linux-64], [GoogleChrome], [http://localhost:4444/wd/hub], Headless Execution. @21-10-2021 02:03:19.0972 AM
[ReportManager] Successfully Opened [GoogleChrome]. @21-10-2021 02:03:20.0172 AM
[ReportManager] Target URL: [https://duckduckgo.com] @21-10-2021 02:03:20.0187 AM
[ReportManager] Initial URL: [data:,] @21-10-2021 02:03:20.0221 AM
[ReportManager] Browser Action [NavigateToURL] successfully performed. With the following test data [https://duckduckgo.com]. @21-10-2021 02:03:20.0657 A

################################################################################################################################################
Starting Execution:	[57 out of 143] test cases in the current suite
Test Method:		[unitTests.tests_browserActions.navigateBack]
################################################################################################################################################
[ReportManager] Target URL: [https://www.google.com/ncr], and after redirection: [https://www.google.com] @21-10-2021 02:03:20.0665 AM
[ReportManager] Initial URL: [https://duckduckgo.com] @21-10-2021 02:03:20.0711 AM
[ReportManager] Browser Action [NavigateToURL] successfully performed. With the following test data [https://www.google.com/ncr]. @21-10-2021 02:03:21.0405 AM
[ReportManager] Browser Action [NavigateBack] successfully performed. With the following test data [https://duckduckgo.com/]. @21-10-2021 02:03:21.0728 AM
[ReportManager] Browser Action [GetCurrentURL] successfully performed. With the following test data [https://duckduckgo.com/]. @21-10-2021 02:03:21.0759 AM
[ReportManager] Assertion Passed: Confirming that navigating back was successful @21-10-2021 02:03:21.0872 AM
[ReportManager] Successfully created attachment [Screenshot - 1634781801815_navigateBack_ValidateBrowserAttribute_passed] @21-10-2021 02:03:21.0873 AM
[ReportManager] Assertion [ValidateBrowserAttribute] PASSED. Expected [Value Should be 'https://duckduckgo.com' for the 'CurrentUrl' attribute] and Actual [https://duckduckgo.com/]. Comparison Type [CONTAINS]. Validation Type [POSITIVE]. @21-10-2021 02:03:21.0873 A
[ReportManager] Target URL: [https://duckduckgo.com] @21-10-2021 02:03:21.0875 AM
[ReportManager] Initial URL: [https://duckduckgo.com] @21-10-2021 02:03:21.0925 AM
[ReportManager] Browser Action [NavigateToURL] successfully performed. With the following test data [https://duckduckgo.com]. @21-10-2021 02:03:22.0185 AM
[ReportManager] Browser Action [CloseCurrentWindow] successfully performed. @21-10-2021 02:03:22.0276 AM
[ReportManager] Successfully created attachment [Browser Action Test Data - CloseCurrentWindow - Actual Value] @21-10-2021 02:03:22.0276 A
[ReportManager] File Action [GetAbsolutePath] successfully performed. With the following test data [Relative Folder Path: "target/downloadedFiles/"]. @21-10-2021 02:03:22.0279 AM
[ReportManager] Attempting to run remotely on: [Linux-64], [GoogleChrome], [http://localhost:4444/wd/hub], Headless Execution. @21-10-2021 02:03:22.0279 AM
[ReportManager] Successfully Opened [GoogleChrome]. @21-10-2021 02:03:22.0495 AM
[ReportManager] Target URL: [https://duckduckgo.com] @21-10-2021 02:03:22.0505 AM
[ReportManager] Initial URL: [data:,] @21-10-2021 02:03:22.0538 AM
[ReportManager] Browser Action [NavigateToURL] successfully performed. With the following test data [https://duckduckgo.com]. @21-10-2021 02:03:23.0011 A

################################################################################################################################################
Starting Execution:	[58 out of 143] test cases in the current suite
Test Method:		[unitTests.tests_browserActions.navigateForward]
################################################################################################################################################
[ReportManager] Target URL: [https://www.google.com/ncr], and after redirection: [https://www.google.com] @21-10-2021 02:03:23.0014 AM
[ReportManager] Initial URL: [https://duckduckgo.com] @21-10-2021 02:03:23.0062 AM
[ReportManager] Browser Action [NavigateToURL] successfully performed. With the following test data [https://www.google.com/ncr]. @21-10-2021 02:03:23.0775 AM
[ReportManager] Browser Action [NavigateBack] successfully performed. With the following test data [https://duckduckgo.com/]. @21-10-2021 02:03:24.0075 AM
[ReportManager] Browser Action [NavigateForward] successfully performed. With the following test data [https://www.google.com/]. @21-10-2021 02:03:24.0476 A
[ReportManager] Target URL: [https://duckduckgo.com] @21-10-2021 02:03:24.0481 AM
[ReportManager] Initial URL: [https://www.google.com] @21-10-2021 02:03:24.0543 AM
[ReportManager] Browser Action [NavigateToURL] successfully performed. With the following test data [https://duckduckgo.com]. @21-10-2021 02:03:24.0938 AM
[ReportManager] Browser Action [CloseCurrentWindow] successfully performed. @21-10-2021 02:03:25.0038 AM
[ReportManager] Successfully created attachment [Browser Action Test Data - CloseCurrentWindow - Actual Value] @21-10-2021 02:03:25.0039 A
[ReportManager] File Action [GetAbsolutePath] successfully performed. With the following test data [Relative Folder Path: "target/downloadedFiles/"]. @21-10-2021 02:03:25.0041 AM
[ReportManager] Attempting to run remotely on: [Linux-64], [GoogleChrome], [http://localhost:4444/wd/hub], Headless Execution. @21-10-2021 02:03:25.0041 AM
[ReportManager] Successfully Opened [GoogleChrome]. @21-10-2021 02:03:25.0240 AM
[ReportManager] Target URL: [https://duckduckgo.com] @21-10-2021 02:03:25.0251 AM
[ReportManager] Initial URL: [data:,] @21-10-2021 02:03:25.0286 AM
[ReportManager] Browser Action [NavigateToURL] successfully performed. With the following test data [https://duckduckgo.com]. @21-10-2021 02:03:25.0724 A

################################################################################################################################################
Starting Execution:	[59 out of 143] test cases in the current suite
Test Method:		[unitTests.tests_browserActions.navigateToURL]
################################################################################################################################################
[ReportManager] Target URL: [https://duckduckgo.com] @21-10-2021 02:03:25.0730 AM
[ReportManager] Initial URL: [https://duckduckgo.com] @21-10-2021 02:03:25.0796 AM
[ReportManager] Browser Action [NavigateToURL] successfully performed. With the following test data [https://duckduckgo.com]. @21-10-2021 02:03:26.0072 A
[ReportManager] Target URL: [https://duckduckgo.com] @21-10-2021 02:03:26.0079 AM
[ReportManager] Initial URL: [https://duckduckgo.com] @21-10-2021 02:03:26.0124 AM
[ReportManager] Browser Action [NavigateToURL] successfully performed. With the following test data [https://duckduckgo.com]. @21-10-2021 02:03:26.0405 AM
[ReportManager] Browser Action [CloseCurrentWindow] successfully performed. @21-10-2021 02:03:26.0497 AM
[ReportManager] Successfully created attachment [Browser Action Test Data - CloseCurrentWindow - Actual Value] @21-10-2021 02:03:26.0498 A
[ReportManager] File Action [GetAbsolutePath] successfully performed. With the following test data [Relative Folder Path: "target/downloadedFiles/"]. @21-10-2021 02:03:26.0500 AM
[ReportManager] Attempting to run remotely on: [Linux-64], [GoogleChrome], [http://localhost:4444/wd/hub], Headless Execution. @21-10-2021 02:03:26.0500 AM
[ReportManager] Successfully Opened [GoogleChrome]. @21-10-2021 02:03:26.0700 AM
[ReportManager] Target URL: [https://duckduckgo.com] @21-10-2021 02:03:26.0711 AM
[ReportManager] Initial URL: [data:,] @21-10-2021 02:03:26.0752 AM
[ReportManager] Browser Action [NavigateToURL] successfully performed. With the following test data [https://duckduckgo.com]. @21-10-2021 02:03:27.0174 A

################################################################################################################################################
Starting Execution:	[60 out of 143] test cases in the current suite
Test Method:		[unitTests.tests_browserActions.navigateToURLWithRedirection]
################################################################################################################################################
[ReportManager] Target URL: [https://www.google.com/ncr], and after redirection: [https://www.google.com] @21-10-2021 02:03:27.0182 AM
[ReportManager] Initial URL: [https://duckduckgo.com] @21-10-2021 02:03:27.0234 AM
[ReportManager] Browser Action [NavigateToURL] successfully performed. With the following test data [https://www.google.com/ncr]. @21-10-2021 02:03:27.0928 A
[ReportManager] Target URL: [https://duckduckgo.com] @21-10-2021 02:03:27.0930 AM
[ReportManager] Initial URL: [https://www.google.com] @21-10-2021 02:03:27.0996 AM
[ReportManager] Browser Action [NavigateToURL] successfully performed. With the following test data [https://duckduckgo.com]. @21-10-2021 02:03:28.0393 AM
[ReportManager] Browser Action [CloseCurrentWindow] successfully performed. @21-10-2021 02:03:28.0484 AM
[ReportManager] Successfully created attachment [Browser Action Test Data - CloseCurrentWindow - Actual Value] @21-10-2021 02:03:28.0484 A
[ReportManager] File Action [GetAbsolutePath] successfully performed. With the following test data [Relative Folder Path: "target/downloadedFiles/"]. @21-10-2021 02:03:28.0487 AM
[ReportManager] Attempting to run remotely on: [Linux-64], [GoogleChrome], [http://localhost:4444/wd/hub], Headless Execution. @21-10-2021 02:03:28.0487 AM
[ReportManager] Successfully Opened [GoogleChrome]. @21-10-2021 02:03:28.0669 AM
[ReportManager] Target URL: [https://duckduckgo.com] @21-10-2021 02:03:28.0683 AM
[ReportManager] Initial URL: [data:,] @21-10-2021 02:03:28.0717 AM
[ReportManager] Browser Action [NavigateToURL] successfully performed. With the following test data [https://duckduckgo.com]. @21-10-2021 02:03:29.0147 A

################################################################################################################################################
Starting Execution:	[61 out of 143] test cases in the current suite
Test Method:		[unitTests.tests_browserActions.refreshCurrentPage]
################################################################################################################################################
[ReportManager] Browser Action [RefreshCurrentPage] successfully performed. @21-10-2021 02:03:29.0311 AM
[ReportManager] Successfully created attachment [Browser Action Test Data - RefreshCurrentPage - Actual Value] @21-10-2021 02:03:29.0312 A
[ReportManager] Target URL: [https://duckduckgo.com] @21-10-2021 02:03:29.0315 AM
[ReportManager] Initial URL: [https://duckduckgo.com] @21-10-2021 02:03:29.0365 AM
[ReportManager] Browser Action [NavigateToURL] successfully performed. With the following test data [https://duckduckgo.com]. @21-10-2021 02:03:29.0607 AM
[ReportManager] Browser Action [CloseCurrentWindow] successfully performed. @21-10-2021 02:03:29.0698 AM
[ReportManager] Successfully created attachment [Browser Action Test Data - CloseCurrentWindow - Actual Value] @21-10-2021 02:03:29.0698 A
[ReportManager] File Action [GetAbsolutePath] successfully performed. With the following test data [Relative Folder Path: "target/downloadedFiles/"]. @21-10-2021 02:03:29.0700 AM
[ReportManager] Attempting to run remotely on: [Linux-64], [GoogleChrome], [http://localhost:4444/wd/hub], Headless Execution. @21-10-2021 02:03:29.0700 AM
[ReportManager] Successfully Opened [GoogleChrome]. @21-10-2021 02:03:29.0915 AM
[ReportManager] Target URL: [https://duckduckgo.com] @21-10-2021 02:03:29.0937 AM
[ReportManager] Initial URL: [data:,] @21-10-2021 02:03:29.0973 AM
[ReportManager] Browser Action [NavigateToURL] successfully performed. With the following test data [https://duckduckgo.com]. @21-10-2021 02:03:30.0443 A

################################################################################################################################################
Starting Execution:	[62 out of 143] test cases in the current suite
Test Method:		[unitTests.tests_browserActions.setWindowSize]
################################################################################################################################################
[ReportManager] Initial window size: (800, 600) @21-10-2021 02:03:30.0453 AM
[ReportManager] Window size after SWD: (1280, 720) @21-10-2021 02:03:30.0668 AM
[ReportManager] Browser Action [SetWindowSize] successfully performed. With the following test data [New screen size is now: (1280, 720)]. @21-10-2021 02:03:30.0672 A
[ReportManager] Target URL: [https://duckduckgo.com] @21-10-2021 02:03:30.0675 AM
[ReportManager] Initial URL: [https://duckduckgo.com] @21-10-2021 02:03:30.0724 AM
[ReportManager] Browser Action [NavigateToURL] successfully performed. With the following test data [https://duckduckgo.com]. @21-10-2021 02:03:31.0002 AM
[ReportManager] Browser Action [CloseCurrentWindow] successfully performed. @21-10-2021 02:03:31.0099 AM
[ReportManager] Successfully created attachment [Browser Action Test Data - CloseCurrentWindow - Actual Value] @21-10-2021 02:03:31.0099 A
[ReportManager] File Action [GetAbsolutePath] successfully performed. With the following test data [Relative Folder Path: "target/downloadedFiles/"]. @21-10-2021 02:03:31.0101 AM
[ReportManager] Attempting to run remotely on: [Linux-64], [GoogleChrome], [http://localhost:4444/wd/hub], Headless Execution. @21-10-2021 02:03:31.0101 AM
[ReportManager] Successfully Opened [GoogleChrome]. @21-10-2021 02:03:31.0284 A

################################################################################################################################################
Starting Execution:	[63 out of 143] test cases in the current suite
Test Method:		[unitTests.tests_element_elementActions.waitForElementToBePresent_false_expectedToFail]
################################################################################################################################################
[ReportManager] Target URL: [https://www.google.com/ncr], and after redirection: [www.google.com] @21-10-2021 02:03:31.0303 AM
[ReportManager] Initial URL: [data:,] @21-10-2021 02:03:31.0337 AM
[ReportManager] Browser Action [NavigateToURL] successfully performed. With the following test data [https://www.google.com/ncr]. @21-10-2021 02:03:32.0049 AM
[ReportManager] Waiting for element to be present; elementLocator [By.xpath: //*[@id='hplogo' or @alt='Google']], numberOfTries[1], stateOfPresence[false]... @21-10-2021 02:03:32.0055 AM
[ReportManager] Element Action [WaitForElementToBePresent] failed. With the following test data [waited for the element's state of presence to be (false). Element locator (By.xpath: //*[@id='hplogo' or @alt='Google'])]. @21-10-2021 02:03:32.0239 AM
[ReportManager] Successfully created attachment [Screenshot - 1634781812179_waitForElementToBePresent_false_expectedToFail_WaitForElementToBePresent_failed] @21-10-2021 02:03:32.0240 A
[ReportManager] Browser Action [CloseCurrentWindow] successfully performed. @21-10-2021 02:03:32.0352 AM
[ReportManager] Successfully created attachment [Browser Action Test Data - CloseCurrentWindow - Actual Value] @21-10-2021 02:03:32.0353 A
[ReportManager] File Action [GetAbsolutePath] successfully performed. With the following test data [Relative Folder Path: "target/downloadedFiles/"]. @21-10-2021 02:03:32.0357 AM
[ReportManager] Attempting to run remotely on: [Linux-64], [GoogleChrome], [http://localhost:4444/wd/hub], Headless Execution. @21-10-2021 02:03:32.0357 AM
[ReportManager] Successfully Opened [GoogleChrome]. @21-10-2021 02:03:32.0559 A

################################################################################################################################################
Starting Execution:	[64 out of 143] test cases in the current suite
Test Method:		[unitTests.tests_element_elementActions.waitForElementToBePresent_false_expectedToPass]
################################################################################################################################################
[ReportManager] Target URL: [https://www.google.com/ncr], and after redirection: [www.google.com] @21-10-2021 02:03:32.0579 AM
[ReportManager] Initial URL: [data:,] @21-10-2021 02:03:32.0613 AM
[ReportManager] Browser Action [NavigateToURL] successfully performed. With the following test data [https://www.google.com/ncr]. @21-10-2021 02:03:33.0315 AM
[ReportManager] Waiting for element to be present; elementLocator [By.id: bla], numberOfTries[1], stateOfPresence[false]... @21-10-2021 02:03:33.0315 AM
[ReportManager] Element Action [WaitForElementToBePresent] successfully performed. With the following test data [waited for the element's state of presence to be (false). Element locator (By.id: bla)]. @21-10-2021 02:03:38.0425 A
[ReportManager] Browser Action [CloseCurrentWindow] successfully performed. @21-10-2021 02:03:38.0541 AM
[ReportManager] Successfully created attachment [Browser Action Test Data - CloseCurrentWindow - Actual Value] @21-10-2021 02:03:38.0547 A
[ReportManager] File Action [GetAbsolutePath] successfully performed. With the following test data [Relative Folder Path: "target/downloadedFiles/"]. @21-10-2021 02:03:38.0549 AM
[ReportManager] Attempting to run remotely on: [Linux-64], [GoogleChrome], [http://localhost:4444/wd/hub], Headless Execution. @21-10-2021 02:03:38.0550 AM
[ReportManager] Successfully Opened [GoogleChrome]. @21-10-2021 02:03:38.0741 A

################################################################################################################################################
Starting Execution:	[65 out of 143] test cases in the current suite
Test Method:		[unitTests.tests_element_elementActions.waitForElementToBePresent_moreThanOneElement_expectedToFail]
################################################################################################################################################
[ReportManager] Target URL: [https://www.google.com/ncr], and after redirection: [www.google.com] @21-10-2021 02:03:38.0756 AM
[ReportManager] Initial URL: [data:,] @21-10-2021 02:03:38.0792 AM
[ReportManager] Browser Action [NavigateToURL] successfully performed. With the following test data [https://www.google.com/ncr]. @21-10-2021 02:03:39.0495 AM
[ReportManager] Waiting for element to be present; elementLocator [By.xpath: //*], numberOfTries[1], stateOfPresence[false]... @21-10-2021 02:03:39.0495 AM
[ReportManager] Element Action [WaitForElementToBePresent] failed. With the following test data [waited for the element's state of presence to be (false). Element locator (By.xpath: //*)]. @21-10-2021 02:03:39.0665 AM
[ReportManager] Successfully created attachment [Screenshot - 1634781819611_waitForElementToBePresent_moreThanOneElement_expectedToFail_WaitForElementToBePresent_failed] @21-10-2021 02:03:39.0666 A
[ReportManager] Browser Action [CloseCurrentWindow] successfully performed. @21-10-2021 02:03:39.0782 AM
[ReportManager] Successfully created attachment [Browser Action Test Data - CloseCurrentWindow - Actual Value] @21-10-2021 02:03:39.0782 A
[ReportManager] File Action [GetAbsolutePath] successfully performed. With the following test data [Relative Folder Path: "target/downloadedFiles/"]. @21-10-2021 02:03:39.0785 AM
[ReportManager] Attempting to run remotely on: [Linux-64], [GoogleChrome], [http://localhost:4444/wd/hub], Headless Execution. @21-10-2021 02:03:39.0785 AM
[ReportManager] Successfully Opened [GoogleChrome]. @21-10-2021 02:03:39.0996 A

################################################################################################################################################
Starting Execution:	[66 out of 143] test cases in the current suite
Test Method:		[unitTests.tests_element_elementActions.waitForElementToBePresent_true_expectedToFail]
################################################################################################################################################
[ReportManager] Target URL: [https://www.google.com/ncr], and after redirection: [www.google.com] @21-10-2021 02:03:40.0017 AM
[ReportManager] Initial URL: [data:,] @21-10-2021 02:03:40.0064 AM
[ReportManager] Browser Action [NavigateToURL] successfully performed. With the following test data [https://www.google.com/ncr]. @21-10-2021 02:03:40.0753 AM
[ReportManager] Waiting for element to be present; elementLocator [By.id: bla], numberOfTries[1], stateOfPresence[true]... @21-10-2021 02:03:40.0753 AM
[ReportManager] Element Action [WaitForElementToBePresent] failed. With the following test data [waited for the element's state of presence to be (true). Element locator (By.id: bla)]. @21-10-2021 02:03:45.0982 AM
[ReportManager] Successfully created attachment [Screenshot - 1634781825929_waitForElementToBePresent_true_expectedToFail_WaitForElementToBePresent_failed] @21-10-2021 02:03:45.0983 A
[ReportManager] Browser Action [CloseCurrentWindow] successfully performed. @21-10-2021 02:03:46.0099 AM
[ReportManager] Successfully created attachment [Browser Action Test Data - CloseCurrentWindow - Actual Value] @21-10-2021 02:03:46.0100 A
[ReportManager] File Action [GetAbsolutePath] successfully performed. With the following test data [Relative Folder Path: "target/downloadedFiles/"]. @21-10-2021 02:03:46.0102 AM
[ReportManager] Attempting to run remotely on: [Linux-64], [GoogleChrome], [http://localhost:4444/wd/hub], Headless Execution. @21-10-2021 02:03:46.0102 AM
[ReportManager] Successfully Opened [GoogleChrome]. @21-10-2021 02:03:46.0283 A

################################################################################################################################################
Starting Execution:	[67 out of 143] test cases in the current suite
Test Method:		[unitTests.tests_element_elementActions.waitForElementToBePresent_true_expectedToPass]
################################################################################################################################################
[ReportManager] Target URL: [https://www.google.com/ncr], and after redirection: [www.google.com] @21-10-2021 02:03:46.0297 AM
[ReportManager] Initial URL: [data:,] @21-10-2021 02:03:46.0335 AM
[ReportManager] Browser Action [NavigateToURL] successfully performed. With the following test data [https://www.google.com/ncr]. @21-10-2021 02:03:47.0040 AM
[ReportManager] Waiting for element to be present; elementLocator [By.xpath: //*[@id='hplogo' or @alt='Google']], numberOfTries[1], stateOfPresence[true]... @21-10-2021 02:03:47.0040 AM
[ReportManager] Element Action [WaitForElementToBePresent] successfully performed. With the following test data [waited for the element's state of presence to be (true). Element locator (By.xpath: //*[@id='hplogo' or @alt='Google'])]. @21-10-2021 02:03:47.0090 AM
[ReportManager] File Action [DoesFileExist] successfully performed. With the following test data [File Path: "src/test/resources/DynamicObjectRepository/unitTests_tests_element_elementActions_waitForElementToBePresent_true_expectedToPass_By_xpath_id_hplogo_or_alt_Google.png"]. @21-10-2021 02:03:47.0093 AM
[ReportManager] File Action [DoesFileExist] successfully performed. With the following test data [File Path: "src/test/resources/DynamicObjectRepository/unitTests_tests_element_elementActions_waitForElementToBePresent_true_expectedToPass_By_xpath_id_hplogo_or_alt_Google.png"]. @21-10-2021 02:03:47.0228 AM
[ReportManager] Passing the test and saving a reference image @21-10-2021 02:03:47.0228 AM
[ReportManager] File Action [GetAbsolutePath] successfully performed. With the following test data [Relative File Path: "src/test/resources/DynamicObjectRepository/unitTests_tests_element_elementActions_waitForElementToBePresent_true_expectedToPass_By_xpath_id_hplogo_or_alt_Google.png"]. @21-10-2021 02:03:47.0228 AM
[ReportManager] File Action [WriteToFile] successfully performed. With the following test data [Target File Path: "/home/runner/work/SHAFT_ENGINE/SHAFT_ENGINE/src/test/resources/DynamicObjectRepository/unitTests_tests_element_elementActions_waitForElementToBePresent_true_expectedToPass_By_xpath_id_hplogo_or_alt_Google.png"]. @21-10-2021 02:03:47.0229 AM
[ReportManager] Assertion Passed: Using Visual AI; OpenCV @21-10-2021 02:03:47.0229 AM
[ReportManager] Successfully created attachment [Validation Test Data - Actual Screenshot] @21-10-2021 02:03:47.0230 AM
[ReportManager] Assertion [ValidateElementMatches] PASSED. Expected [Element should match the reference screenshot] and Actual [TRUE]. Comparison Type [EXACT_OPENCV]. Validation Type [POSITIVE]. @21-10-2021 02:03:47.0230 A
[ReportManager] Browser Action [CloseCurrentWindow] successfully performed. @21-10-2021 02:03:47.0350 AM
[ReportManager] Successfully created attachment [Browser Action Test Data - CloseCurrentWindow - Actual Value] @21-10-2021 02:03:47.0351 A
[ReportManager] Successfully loaded the following test data file [src/test/resources/TestDataFiles/testSuite01/TestData.xlsx]. @21-10-2021 02:03:48.0059 AM
[ReportManager] Successfully created attachment [Test Data - Excel] @21-10-2021 02:03:48.0060 A

################################################################################################################################################
Starting Execution:	[68 out of 143] test cases in the current suite
Test Method:		[unitTests.tests_io_excelFileManager.getCellData_rowName_expectedToPass]
################################################################################################################################################
[ReportManager] testRowData. @21-10-2021 02:03:48.0074 A

################################################################################################################################################
Starting Execution:	[69 out of 143] test cases in the current suite
Test Method:		[testPackage01.Test_testData.f]
################################################################################################################################################
[ReportManager] Successfully loaded the following test data file [src/test/resources/TestDataFiles/testSuite01/TestData.xlsx]. @21-10-2021 02:03:48.0115 AM
[ReportManager] Successfully created attachment [Test Data - Excel] @21-10-2021 02:03:48.0116 AM
[ReportManager] Last Column Number is: [3]. Zero-based. @21-10-2021 02:03:48.0117 A

################################################################################################################################################
Starting Execution:	[70 out of 143] test cases in the current suite
Test Method:		[testPackage01.Test_SkipDueToIssue.doNotSkip]
################################################################################################################################################
[ReportManager] This should not be skipped. @21-10-2021 02:03:48.0119 A

################################################################################################################################################
Starting Execution:	[71 out of 143] test cases in the current suite
Test Method:		[testPackage01.Test_SkipDueToIssue.skip]
################################################################################################################################################
[ReportManager] This should be skipped. @21-10-2021 02:03:48.0124 A

################################################################################################################################################
Starting Execution:	[72 out of 143] test cases in the current suite
Test Method:		[testPackage01.Test_SkipDueToIssue.skip2]
################################################################################################################################################
[ReportManager] This should be skipped. @21-10-2021 02:03:48.0130 A

################################################################################################################################################
Starting Execution:	[73 out of 143] test cases in the current suite
Test Method:		[testPackage01.Test_chainableElementActions.chainElementActions]
################################################################################################################################################
[ReportManager] File Action [GetAbsolutePath] successfully performed. With the following test data [Relative Folder Path: "target/downloadedFiles/"]. @21-10-2021 02:03:48.0132 AM
[ReportManager] Attempting to run remotely on: [Linux-64], [GoogleChrome], [http://localhost:4444/wd/hub], Headless Execution. @21-10-2021 02:03:48.0132 AM
[ReportManager] Successfully Opened [GoogleChrome]. @21-10-2021 02:03:48.0382 AM
[ReportManager] Target URL: [https://www.google.com/ncr], and after redirection: [https://www.google.com] @21-10-2021 02:03:48.0395 AM
[ReportManager] Initial URL: [data:,] @21-10-2021 02:03:48.0442 AM
[ReportManager] Browser Action [NavigateToURL] successfully performed. With the following test data [https://www.google.com/ncr]. @21-10-2021 02:03:49.0152 AM
[ReportManager] Element Action [Type] successfully performed. With the following test data [chained type 1]. @21-10-2021 02:03:49.0449 AM
[ReportManager] Element Action [Type] successfully performed. With the following test data [chained type 2]. @21-10-2021 02:03:49.0786 AM
[ReportManager] Element Action [TypeAppend] successfully performed. With the following test data [345]. @21-10-2021 02:03:49.0870 AM
[ReportManager] Element Action [GetText] successfully performed. With the following test data [chained type 2345]. @21-10-2021 02:03:50.0016 AM
[ReportManager] Loaded Shared OpenCV @21-10-2021 02:03:50.0130 AM
[ReportManager] Assertion [ValidateElementAttribute] PASSED. Expected [Value Should be 'chained type 2345' for the 'text' attribute, element locator 'By.name: q'] and Actual [chained type 2345]. Comparison Type [EQUALS]. Validation Type [POSITIVE]. @21-10-2021 02:03:50.0196 AM
[ReportManager] Successfully created attachment [Screenshot - 1634781830130_chainElementActions_ValidateElementAttribute_passed] @21-10-2021 02:03:50.0197 AM
[ReportManager] Browser Action [CloseCurrentWindow] successfully performed. @21-10-2021 02:03:50.0308 AM
[ReportManager] Successfully created attachment [Browser Action Test Data - CloseCurrentWindow - Actual Value] @21-10-2021 02:03:50.0309 A

################################################################################################################################################
Starting Execution:	[74 out of 143] test cases in the current suite
Test Method:		[testPackage01.Test_NewValidationHelper.f1]
################################################################################################################################################
[ReportManager] Assertion Passed: Checking valid user data @21-10-2021 02:03:50.0320 AM
[ReportManager] Successfully created attachment [Validation Test Data - Expected Value] @21-10-2021 02:03:50.0320 AM
[ReportManager] Successfully created attachment [Validation Test Data - Actual Value] @21-10-2021 02:03:50.0320 AM
[ReportManager] Assertion [ValidateEquals] PASSED. Expected and Actual values are attached. Comparison Type [EQUALS]. Validation Type [POSITIVE]. @21-10-2021 02:03:50.0320 A
[ReportManager] File Action [GetAbsolutePath] successfully performed. With the following test data [Relative Folder Path: "target/downloadedFiles/"]. @21-10-2021 02:03:50.0326 AM
[ReportManager] Attempting to run remotely on: [Linux-64], [GoogleChrome], [http://localhost:4444/wd/hub], Headless Execution. @21-10-2021 02:03:50.0326 AM
[ReportManager] Successfully Opened [GoogleChrome]. @21-10-2021 02:03:50.0499 AM
[ReportManager] Target URL: [https://the-internet.herokuapp.com/] @21-10-2021 02:03:50.0510 AM
[ReportManager] Initial URL: [data:,] @21-10-2021 02:03:50.0543 AM
[ReportManager] Browser Action [NavigateToURL] successfully performed. With the following test data [https://the-internet.herokuapp.com/]. @21-10-2021 02:03:50.0874 A

################################################################################################################################################
Starting Execution:	[75 out of 143] test cases in the current suite
Test Method:		[testPackage01.Test_NewValidationHelper.f10]
################################################################################################################################################
[ReportManager] Assertion [ValidateElementExists] FAILED. Expected [Element Should Exist, locator 'By.tagName: div'] and Actual [Element Exists but is not unique]. Comparison Type [EQUALS]. Validation Type [POSITIVE]. @21-10-2021 02:03:51.0097 AM
[ReportManager] Successfully created attachment [Screenshot - 1634781831038_f10_ValidateElementExists_failed] @21-10-2021 02:03:51.0097 A
[ReportManager] Successfully Closed All Drivers. @21-10-2021 02:03:51.0174 A
[ReportManager] File Action [GetAbsolutePath] successfully performed. With the following test data [Relative Folder Path: "target/downloadedFiles/"]. @21-10-2021 02:03:51.0176 AM
[ReportManager] Attempting to run remotely on: [Linux-64], [GoogleChrome], [http://localhost:4444/wd/hub], Headless Execution. @21-10-2021 02:03:51.0176 AM
[ReportManager] Successfully Opened [GoogleChrome]. @21-10-2021 02:03:51.0351 AM
[ReportManager] Target URL: [https://the-internet.herokuapp.com/] @21-10-2021 02:03:51.0360 AM
[ReportManager] Initial URL: [data:,] @21-10-2021 02:03:51.0413 AM
[ReportManager] Browser Action [NavigateToURL] successfully performed. With the following test data [https://the-internet.herokuapp.com/]. @21-10-2021 02:03:51.0761 A

################################################################################################################################################
Starting Execution:	[76 out of 143] test cases in the current suite
Test Method:		[testPackage01.Test_NewValidationHelper.f11]
################################################################################################################################################
[ReportManager] Assertion Passed: Checking that false tag doesn't exist @21-10-2021 02:04:02.0114 AM
[ReportManager] Successfully created attachment [Screenshot - 1634781842055_f11_ValidateElementExists_passed] @21-10-2021 02:04:02.0115 AM
[ReportManager] Assertion [ValidateElementExists] PASSED. Expected [Element Should not Exist, locator 'By.tagName: h3'] and Actual [Element Doesn't Exists]. Comparison Type [EQUALS]. Validation Type [NEGATIVE]. @21-10-2021 02:04:02.0115 A
[ReportManager] Successfully Closed All Drivers. @21-10-2021 02:04:02.0188 A
[ReportManager] File Action [GetAbsolutePath] successfully performed. With the following test data [Relative Folder Path: "target/downloadedFiles/"]. @21-10-2021 02:04:02.0190 AM
[ReportManager] Attempting to run remotely on: [Linux-64], [GoogleChrome], [http://localhost:4444/wd/hub], Headless Execution. @21-10-2021 02:04:02.0190 AM
[ReportManager] Successfully Opened [GoogleChrome]. @21-10-2021 02:04:02.0374 AM
[ReportManager] Target URL: [https://the-internet.herokuapp.com/] @21-10-2021 02:04:02.0385 AM
[ReportManager] Initial URL: [data:,] @21-10-2021 02:04:02.0419 AM
[ReportManager] Browser Action [NavigateToURL] successfully performed. With the following test data [https://the-internet.herokuapp.com/]. @21-10-2021 02:04:02.0759 A

################################################################################################################################################
Starting Execution:	[77 out of 143] test cases in the current suite
Test Method:		[testPackage01.Test_NewValidationHelper.f12]
################################################################################################################################################
[ReportManager] Loaded Shared OpenCV @21-10-2021 02:04:02.0937 AM
[ReportManager] Assertion [ValidateElementExists] FAILED. Expected [Element Should not Exist, locator 'By.tagName: h1'] and Actual [Element Exists]. Comparison Type [EQUALS]. Validation Type [NEGATIVE]. @21-10-2021 02:04:03.0010 AM
[ReportManager] Successfully created attachment [Screenshot - 1634781842937_f12_ValidateElementExists_failed] @21-10-2021 02:04:03.0011 A
[ReportManager] Successfully Closed All Drivers. @21-10-2021 02:04:03.0082 A
[ReportManager] File Action [GetAbsolutePath] successfully performed. With the following test data [Relative Folder Path: "target/downloadedFiles/"]. @21-10-2021 02:04:03.0084 AM
[ReportManager] Attempting to run remotely on: [Linux-64], [GoogleChrome], [http://localhost:4444/wd/hub], Headless Execution. @21-10-2021 02:04:03.0085 AM
[ReportManager] Successfully Opened [GoogleChrome]. @21-10-2021 02:04:03.0266 AM
[ReportManager] Target URL: [https://the-internet.herokuapp.com/] @21-10-2021 02:04:03.0276 AM
[ReportManager] Initial URL: [data:,] @21-10-2021 02:04:03.0310 AM
[ReportManager] Browser Action [NavigateToURL] successfully performed. With the following test data [https://the-internet.herokuapp.com/]. @21-10-2021 02:04:03.0631 A

################################################################################################################################################
Starting Execution:	[78 out of 143] test cases in the current suite
Test Method:		[testPackage01.Test_NewValidationHelper.f13]
################################################################################################################################################
[ReportManager] Assertion [ValidateElementExists] FAILED. Expected [Element Should not Exist, locator 'By.tagName: div'] and Actual [Element Exists but is not unique]. Comparison Type [EQUALS]. Validation Type [NEGATIVE]. @21-10-2021 02:04:03.0848 AM
[ReportManager] Successfully created attachment [Screenshot - 1634781843787_f13_ValidateElementExists_failed] @21-10-2021 02:04:03.0849 A
[ReportManager] Successfully Closed All Drivers. @21-10-2021 02:04:03.0919 A
[ReportManager] File Action [GetAbsolutePath] successfully performed. With the following test data [Relative Folder Path: "target/downloadedFiles/"]. @21-10-2021 02:04:03.0921 AM
[ReportManager] Attempting to run remotely on: [Linux-64], [GoogleChrome], [http://localhost:4444/wd/hub], Headless Execution. @21-10-2021 02:04:03.0922 AM
[ReportManager] Successfully Opened [GoogleChrome]. @21-10-2021 02:04:04.0088 AM
[ReportManager] Target URL: [https://the-internet.herokuapp.com/] @21-10-2021 02:04:04.0097 AM
[ReportManager] Initial URL: [data:,] @21-10-2021 02:04:04.0136 AM
[ReportManager] Browser Action [NavigateToURL] successfully performed. With the following test data [https://the-internet.herokuapp.com/]. @21-10-2021 02:04:04.0444 A

################################################################################################################################################
Starting Execution:	[79 out of 143] test cases in the current suite
Test Method:		[testPackage01.Test_NewValidationHelper.f14]
################################################################################################################################################
[ReportManager] Element Action [GetText] successfully performed. With the following test data [Welcome to the-internet]. @21-10-2021 02:04:04.0529 AM
[ReportManager] Loaded Shared OpenCV @21-10-2021 02:04:04.0656 AM
[ReportManager] Assertion Passed: Asserting that the header text is correct @21-10-2021 02:04:04.0727 AM
[ReportManager] Successfully created attachment [Screenshot - 1634781844656_f14_ValidateElementAttribute_passed] @21-10-2021 02:04:04.0728 AM
[ReportManager] Assertion [ValidateElementAttribute] PASSED. Expected [Value Should be 'Welcome to the-internet' for the 'text' attribute, element locator 'By.tagName: h1'] and Actual [Welcome to the-internet]. Comparison Type [EQUALS]. Validation Type [POSITIVE]. @21-10-2021 02:04:04.0728 A
[ReportManager] Successfully Closed All Drivers. @21-10-2021 02:04:04.0803 A
[ReportManager] File Action [GetAbsolutePath] successfully performed. With the following test data [Relative Folder Path: "target/downloadedFiles/"]. @21-10-2021 02:04:04.0806 AM
[ReportManager] Attempting to run remotely on: [Linux-64], [GoogleChrome], [http://localhost:4444/wd/hub], Headless Execution. @21-10-2021 02:04:04.0806 AM
[ReportManager] Successfully Opened [GoogleChrome]. @21-10-2021 02:04:04.0981 AM
[ReportManager] Target URL: [https://the-internet.herokuapp.com/] @21-10-2021 02:04:04.0990 AM
[ReportManager] Initial URL: [data:,] @21-10-2021 02:04:05.0024 AM
[ReportManager] Browser Action [NavigateToURL] successfully performed. With the following test data [https://the-internet.herokuapp.com/]. @21-10-2021 02:04:05.0345 A

################################################################################################################################################
Starting Execution:	[80 out of 143] test cases in the current suite
Test Method:		[testPackage01.Test_NewValidationHelper.f15]
################################################################################################################################################
[ReportManager] Element Action [GetText] successfully performed. With the following test data [Welcome to the-internet]. @21-10-2021 02:04:05.0418 AM
[ReportManager] Loaded Shared OpenCV @21-10-2021 02:04:05.0537 AM
[ReportManager] Assertion [ValidateElementAttribute] FAILED. Expected [Value Should not be 'Welcome' for the 'text' attribute, element locator 'By.tagName: h1'] and Actual [Welcome to the-internet]. Comparison Type [CONTAINS]. Validation Type [NEGATIVE]. @21-10-2021 02:04:05.0609 AM
[ReportManager] Successfully created attachment [Screenshot - 1634781845537_f15_ValidateElementAttribute_failed] @21-10-2021 02:04:05.0610 A
[ReportManager] Successfully Closed All Drivers. @21-10-2021 02:04:05.0679 A
[ReportManager] File Action [GetAbsolutePath] successfully performed. With the following test data [Relative Folder Path: "target/downloadedFiles/"]. @21-10-2021 02:04:05.0681 AM
[ReportManager] Attempting to run remotely on: [Linux-64], [GoogleChrome], [http://localhost:4444/wd/hub], Headless Execution. @21-10-2021 02:04:05.0681 AM
[ReportManager] Successfully Opened [GoogleChrome]. @21-10-2021 02:04:05.0864 AM
[ReportManager] Target URL: [https://the-internet.herokuapp.com/] @21-10-2021 02:04:05.0884 AM
[ReportManager] Initial URL: [data:,] @21-10-2021 02:04:05.0917 AM
[ReportManager] Browser Action [NavigateToURL] successfully performed. With the following test data [https://the-internet.herokuapp.com/]. @21-10-2021 02:04:06.0257 A

################################################################################################################################################
Starting Execution:	[81 out of 143] test cases in the current suite
Test Method:		[testPackage01.Test_NewValidationHelper.f16]
################################################################################################################################################
[ReportManager] Element Action [IdentifyUniqueElement] failed. With the following test data [zero elements found matching this locator "By.tagName: h3".]. @21-10-2021 02:04:31.0812 AM
[ReportManager] Successfully created attachment [Screenshot - 1634781871754_f16_IdentifyUniqueElement_failed] @21-10-2021 02:04:31.0813 AM
[ReportManager] Assertion [ValidateElementAttribute] FAILED. Expected [Value Should not be 'Welcome' for the 'text' attribute, element locator 'By.tagName: h3'] and Actual [Failed to read the desired element attribute]. Comparison Type [CONTAINS]. Validation Type [NEGATIVE]. @21-10-2021 02:04:31.0814 A
[ReportManager] Successfully Closed All Drivers. @21-10-2021 02:04:31.0886 A
[ReportManager] File Action [GetAbsolutePath] successfully performed. With the following test data [Relative Folder Path: "target/downloadedFiles/"]. @21-10-2021 02:04:31.0888 AM
[ReportManager] Attempting to run remotely on: [Linux-64], [GoogleChrome], [http://localhost:4444/wd/hub], Headless Execution. @21-10-2021 02:04:31.0888 AM
[ReportManager] Successfully Opened [GoogleChrome]. @21-10-2021 02:04:32.0066 AM
[ReportManager] Target URL: [https://the-internet.herokuapp.com/] @21-10-2021 02:04:32.0082 AM
[ReportManager] Initial URL: [data:,] @21-10-2021 02:04:32.0117 AM
[ReportManager] Browser Action [NavigateToURL] successfully performed. With the following test data [https://the-internet.herokuapp.com/]. @21-10-2021 02:04:32.0455 A

################################################################################################################################################
Starting Execution:	[82 out of 143] test cases in the current suite
Test Method:		[testPackage01.Test_NewValidationHelper.f17]
################################################################################################################################################
[ReportManager] Attempting to getAttribute [text2] from elementLocator [By.tagName: h1]. @21-10-2021 02:04:32.0458 AM
[ReportManager] Element Action [GetAttribute] successfully performed. @21-10-2021 02:04:32.0521 AM
[ReportManager] Loaded Shared OpenCV @21-10-2021 02:04:32.0652 AM
[ReportManager] Assertion [ValidateElementAttribute] PASSED. Expected [Value Should not be 'Welcome' for the 'text2' attribute, element locator 'By.tagName: h1'] and Actual [null]. Comparison Type [CONTAINS]. Validation Type [NEGATIVE]. @21-10-2021 02:04:32.0723 AM
[ReportManager] Successfully created attachment [Screenshot - 1634781872652_f17_ValidateElementAttribute_passed] @21-10-2021 02:04:32.0724 A
[ReportManager] Successfully Closed All Drivers. @21-10-2021 02:04:32.0795 A
[ReportManager] File Action [GetAbsolutePath] successfully performed. With the following test data [Relative Folder Path: "target/downloadedFiles/"]. @21-10-2021 02:04:32.0797 AM
[ReportManager] Attempting to run remotely on: [Linux-64], [GoogleChrome], [http://localhost:4444/wd/hub], Headless Execution. @21-10-2021 02:04:32.0798 AM
[ReportManager] Successfully Opened [GoogleChrome]. @21-10-2021 02:04:32.0989 AM
[ReportManager] Target URL: [https://the-internet.herokuapp.com/] @21-10-2021 02:04:33.0010 AM
[ReportManager] Initial URL: [data:,] @21-10-2021 02:04:33.0043 AM
[ReportManager] Browser Action [NavigateToURL] successfully performed. With the following test data [https://the-internet.herokuapp.com/]. @21-10-2021 02:04:33.0372 A

################################################################################################################################################
Starting Execution:	[83 out of 143] test cases in the current suite
Test Method:		[testPackage01.Test_NewValidationHelper.f18]
################################################################################################################################################
[ReportManager] Element Action [GetText] successfully performed. With the following test data [Welcome to the-internet]. @21-10-2021 02:04:33.0444 AM
[ReportManager] Loaded Shared OpenCV @21-10-2021 02:04:33.0570 AM
[ReportManager] Assertion [ValidateElementAttribute] PASSED. Expected [Value Should not be 'no' for the 'text' attribute, element locator 'By.tagName: h1'] and Actual [Welcome to the-internet]. Comparison Type [CONTAINS]. Validation Type [NEGATIVE]. @21-10-2021 02:04:33.0646 AM
[ReportManager] Successfully created attachment [Screenshot - 1634781873569_f18_ValidateElementAttribute_passed] @21-10-2021 02:04:33.0647 A
[ReportManager] Successfully Closed All Drivers. @21-10-2021 02:04:33.0719 A

################################################################################################################################################
Starting Execution:	[84 out of 143] test cases in the current suite
Test Method:		[testPackage01.Test_NewValidationHelper.f2]
################################################################################################################################################
[ReportManager] Assertion Failed: Checking valid user data @21-10-2021 02:04:33.0722 AM
[ReportManager] Assertion [ValidateEquals] FAILED. Expected [1] and Actual [2]. Comparison Type [EQUALS]. Validation Type [POSITIVE]. @21-10-2021 02:04:33.0722 A
[ReportManager] File Action [GetAbsolutePath] successfully performed. With the following test data [Relative Folder Path: "target/downloadedFiles/"]. @21-10-2021 02:04:33.0725 AM
[ReportManager] Attempting to run remotely on: [Linux-64], [GoogleChrome], [http://localhost:4444/wd/hub], Headless Execution. @21-10-2021 02:04:33.0725 AM
[ReportManager] Successfully Opened [GoogleChrome]. @21-10-2021 02:04:33.0902 AM
[ReportManager] Target URL: [https://the-internet.herokuapp.com/] @21-10-2021 02:04:33.0912 AM
[ReportManager] Initial URL: [data:,] @21-10-2021 02:04:33.0970 AM
[ReportManager] Browser Action [NavigateToURL] successfully performed. With the following test data [https://the-internet.herokuapp.com/]. @21-10-2021 02:04:34.0284 A

################################################################################################################################################
Starting Execution:	[85 out of 143] test cases in the current suite
Test Method:		[testPackage01.Test_NewValidationHelper.f20]
################################################################################################################################################
[ReportManager] Element Action [GetSize] successfully performed. With the following test data [(755, 61)]. @21-10-2021 02:04:34.0357 AM
[ReportManager] Loaded Shared OpenCV @21-10-2021 02:04:34.0486 AM
[ReportManager] Assertion [ValidateElementAttribute] PASSED. Expected [Value Should not be 'a' for the 'size' attribute, element locator 'By.tagName: h1'] and Actual [(755, 61)]. Comparison Type [CONTAINS]. Validation Type [NEGATIVE]. @21-10-2021 02:04:34.0557 AM
[ReportManager] Successfully created attachment [Screenshot - 1634781874486_f20_ValidateElementAttribute_passed] @21-10-2021 02:04:34.0558 A
[ReportManager] Successfully Closed All Drivers. @21-10-2021 02:04:34.0639 A
[ReportManager] File Action [GetAbsolutePath] successfully performed. With the following test data [Relative Folder Path: "target/downloadedFiles/"]. @21-10-2021 02:04:34.0641 AM
[ReportManager] Attempting to run remotely on: [Linux-64], [GoogleChrome], [http://localhost:4444/wd/hub], Headless Execution. @21-10-2021 02:04:34.0641 AM
[ReportManager] Successfully Opened [GoogleChrome]. @21-10-2021 02:04:34.0864 AM
[ReportManager] Target URL: [https://the-internet.herokuapp.com/] @21-10-2021 02:04:34.0875 AM
[ReportManager] Initial URL: [data:,] @21-10-2021 02:04:34.0920 AM
[ReportManager] Browser Action [NavigateToURL] successfully performed. With the following test data [https://the-internet.herokuapp.com/]. @21-10-2021 02:04:35.0237 A

################################################################################################################################################
Starting Execution:	[86 out of 143] test cases in the current suite
Test Method:		[testPackage01.Test_NewValidationHelper.f21]
################################################################################################################################################
[ReportManager] Element Action [IdentifyUniqueElement] failed. With the following test data [zero elements found matching this locator "By.tagName: h3".]. @21-10-2021 02:05:00.0780 AM
[ReportManager] Successfully created attachment [Screenshot - 1634781900723_f21_IdentifyUniqueElement_failed] @21-10-2021 02:05:00.0781 AM
[ReportManager] Assertion [ValidateElementAttribute] FAILED. Expected [Value Should be 'Welcome' for the 'text' attribute, element locator 'By.tagName: h3'] and Actual [Failed to read the desired element attribute]. Comparison Type [CONTAINS]. Validation Type [POSITIVE]. @21-10-2021 02:05:00.0781 A
[ReportManager] Successfully Closed All Drivers. @21-10-2021 02:05:00.0858 A
[ReportManager] File Action [GetAbsolutePath] successfully performed. With the following test data [Relative Folder Path: "target/downloadedFiles/"]. @21-10-2021 02:05:00.0861 AM
[ReportManager] Attempting to run remotely on: [Linux-64], [GoogleChrome], [http://localhost:4444/wd/hub], Headless Execution. @21-10-2021 02:05:00.0861 AM
[ReportManager] Successfully Opened [GoogleChrome]. @21-10-2021 02:05:01.0062 AM
[ReportManager] Target URL: [https://the-internet.herokuapp.com/] @21-10-2021 02:05:01.0080 AM
[ReportManager] Initial URL: [data:,] @21-10-2021 02:05:01.0113 AM
[ReportManager] Browser Action [NavigateToURL] successfully performed. With the following test data [https://the-internet.herokuapp.com/]. @21-10-2021 02:05:01.0434 A

################################################################################################################################################
Starting Execution:	[87 out of 143] test cases in the current suite
Test Method:		[testPackage01.Test_NewValidationHelper.f22]
################################################################################################################################################
[ReportManager] Element Action [GetText] successfully performed. With the following test data [Welcome to the-internet]. @21-10-2021 02:05:01.0516 AM
[ReportManager] Loaded Shared OpenCV @21-10-2021 02:05:01.0636 AM
[ReportManager] Assertion [ValidateElementAttribute] FAILED. Expected [Value Should be 'yyy' for the 'text' attribute, element locator 'By.tagName: h1'] and Actual [Welcome to the-internet]. Comparison Type [CONTAINS]. Validation Type [POSITIVE]. @21-10-2021 02:05:01.0707 AM
[ReportManager] Successfully created attachment [Screenshot - 1634781901636_f22_ValidateElementAttribute_failed] @21-10-2021 02:05:01.0708 A
[ReportManager] Successfully Closed All Drivers. @21-10-2021 02:05:01.0780 A

################################################################################################################################################
Starting Execution:	[88 out of 143] test cases in the current suite
Test Method:		[testPackage01.Test_NewValidationHelper.f23]
################################################################################################################################################
[ReportManager] Assertion Passed: confirming that the actual is greater than or equal to the expected @21-10-2021 02:05:01.0783 AM
[ReportManager] Assertion [ValidateComparativeRelation] PASSED. Expected [1] and Actual [1]. Comparison Type [GREATER_THAN_OR_EQUALS]. Validation Type [POSITIVE]. @21-10-2021 02:05:01.0783 A

################################################################################################################################################
Starting Execution:	[89 out of 143] test cases in the current suite
Test Method:		[testPackage01.Test_NewValidationHelper.f24]
################################################################################################################################################
[ReportManager] Assertion [ValidateComparativeRelation] PASSED. Expected [1] and Actual [10]. Comparison Type [GREATER_THAN_OR_EQUALS]. Validation Type [POSITIVE]. @21-10-2021 02:05:01.0788 A

################################################################################################################################################
Starting Execution:	[90 out of 143] test cases in the current suite
Test Method:		[testPackage01.Test_NewValidationHelper.f25]
################################################################################################################################################
[ReportManager] Assertion [ValidateComparativeRelation] PASSED. Expected [1] and Actual [1]. Comparison Type [EQUALS]. Validation Type [POSITIVE]. @21-10-2021 02:05:01.0792 A

################################################################################################################################################
Starting Execution:	[91 out of 143] test cases in the current suite
Test Method:		[testPackage01.Test_NewValidationHelper.f26]
################################################################################################################################################
[ReportManager] Assertion [ValidateComparativeRelation] PASSED. Expected [1] and Actual [5]. Comparison Type [GREATER_THAN]. Validation Type [POSITIVE]. @21-10-2021 02:05:01.0794 A

################################################################################################################################################
Starting Execution:	[92 out of 143] test cases in the current suite
Test Method:		[testPackage01.Test_NewValidationHelper.f27]
################################################################################################################################################
[ReportManager] Assertion [ValidateComparativeRelation] PASSED. Expected [11] and Actual [5]. Comparison Type [LESS_THAN]. Validation Type [POSITIVE]. @21-10-2021 02:05:01.0798 A

################################################################################################################################################
Starting Execution:	[93 out of 143] test cases in the current suite
Test Method:		[testPackage01.Test_NewValidationHelper.f28]
################################################################################################################################################
[ReportManager] Assertion [ValidateComparativeRelation] PASSED. Expected [11] and Actual [5]. Comparison Type [LESS_THAN_OR_EQUALS]. Validation Type [POSITIVE]. @21-10-2021 02:05:01.0802 A

################################################################################################################################################
Starting Execution:	[94 out of 143] test cases in the current suite
Test Method:		[testPackage01.Test_NewValidationHelper.f29]
################################################################################################################################################
[ReportManager] Assertion [ValidateComparativeRelation] PASSED. Expected [11] and Actual [11]. Comparison Type [LESS_THAN_OR_EQUALS]. Validation Type [POSITIVE]. @21-10-2021 02:05:01.0803 A

################################################################################################################################################
Starting Execution:	[95 out of 143] test cases in the current suite
Test Method:		[testPackage01.Test_NewValidationHelper.f3]
################################################################################################################################################
[ReportManager] Assertion [ValidateEquals] PASSED. Expected [1] and Actual [2]. Comparison Type [EQUALS]. Validation Type [NEGATIVE]. @21-10-2021 02:05:01.0806 A

################################################################################################################################################
Starting Execution:	[96 out of 143] test cases in the current suite
Test Method:		[testPackage01.Test_NewValidationHelper.f30]
################################################################################################################################################
[ReportManager] Assertion [ValidateComparativeRelation] FAILED. Expected [-9] and Actual [11]. Comparison Type [LESS_THAN_OR_EQUALS]. Validation Type [POSITIVE]. @21-10-2021 02:05:01.0810 A

################################################################################################################################################
Starting Execution:	[97 out of 143] test cases in the current suite
Test Method:		[testPackage01.Test_NewValidationHelper.f31]
################################################################################################################################################
[ReportManager] Assertion [ValidateTrue] PASSED. Expected [TRUE] and Actual [TRUE]. Validation Type [POSITIVE]. @21-10-2021 02:05:01.0813 A

################################################################################################################################################
Starting Execution:	[98 out of 143] test cases in the current suite
Test Method:		[testPackage01.Test_NewValidationHelper.f32]
################################################################################################################################################
[ReportManager] Assertion [ValidateTrue] PASSED. Expected [FALSE] and Actual [FALSE]. Validation Type [NEGATIVE]. @21-10-2021 02:05:01.0816 A

################################################################################################################################################
Starting Execution:	[99 out of 143] test cases in the current suite
Test Method:		[testPackage01.Test_NewValidationHelper.f33]
################################################################################################################################################
[ReportManager] Assertion [ValidateTrue] FAILED. Expected [FALSE] and Actual [TRUE]. Validation Type [NEGATIVE]. @21-10-2021 02:05:01.0819 A

################################################################################################################################################
Starting Execution:	[100 out of 143] test cases in the current suite
Test Method:		[testPackage01.Test_NewValidationHelper.f34]
################################################################################################################################################
[ReportManager] Assertion [ValidateTrue] FAILED. Expected [TRUE] and Actual [FALSE]. Validation Type [POSITIVE]. @21-10-2021 02:05:01.0822 A

################################################################################################################################################
Starting Execution:	[101 out of 143] test cases in the current suite
Test Method:		[testPackage01.Test_NewValidationHelper.f35]
################################################################################################################################################
[ReportManager] File Action [DoesFileExist] successfully performed. With the following test data [File Path: "pom.xml"]. @21-10-2021 02:05:01.0832 AM
[ReportManager] Assertion [ValidateFileExists] PASSED. Expected [File 'pom.xml' should exist, after up to '1' retries] and Actual [File exists]. Validation Type [POSITIVE]. @21-10-2021 02:05:01.0832 A

################################################################################################################################################
Starting Execution:	[102 out of 143] test cases in the current suite
Test Method:		[testPackage01.Test_NewValidationHelper.f36]
################################################################################################################################################
[ReportManager] File Action [DoesFileExist] successfully performed. With the following test data [File Path: "src/test/java/testPackage01/Test_NewValidationHelper.java"]. @21-10-2021 02:05:01.0835 AM
[ReportManager] Assertion [ValidateFileExists] PASSED. Expected [File 'src/test/java/testPackage01/Test_NewValidationHelper.java' should exist, after up to '1' retries] and Actual [File exists]. Validation Type [POSITIVE]. @21-10-2021 02:05:01.0836 A

################################################################################################################################################
Starting Execution:	[103 out of 143] test cases in the current suite
Test Method:		[testPackage01.Test_NewValidationHelper.f37]
################################################################################################################################################
[ReportManager] File Action [DoesFileExist] successfully performed. With the following test data [File Path: "pom.xml"]. @21-10-2021 02:05:01.0837 AM
[ReportManager] Assertion Failed: confirming that the file does't exist after 5 retries @21-10-2021 02:05:01.0837 AM
[ReportManager] Assertion [ValidateFileExists] FAILED. Expected [File 'pom.xml' should not exist, after up to '5' retries] and Actual [File exists]. Validation Type [NEGATIVE]. @21-10-2021 02:05:01.0838 A

################################################################################################################################################
Starting Execution:	[104 out of 143] test cases in the current suite
Test Method:		[testPackage01.Test_NewValidationHelper.f3_1]
################################################################################################################################################
[ReportManager] Assertion Passed: Checking valid user data @21-10-2021 02:05:01.0841 AM
[ReportManager] Assertion [ValidateEquals] PASSED. Expected [null] and Actual [null]. Comparison Type [EQUALS]. Validation Type [POSITIVE]. @21-10-2021 02:05:01.0841 A

################################################################################################################################################
Starting Execution:	[105 out of 143] test cases in the current suite
Test Method:		[testPackage01.Test_NewValidationHelper.f4]
################################################################################################################################################
[ReportManager] Assertion [ValidateEquals] PASSED. Expected [1] and Actual [123]. Comparison Type [CONTAINS]. Validation Type [POSITIVE]. @21-10-2021 02:05:01.0844 A

################################################################################################################################################
Starting Execution:	[106 out of 143] test cases in the current suite
Test Method:		[testPackage01.Test_NewValidationHelper.f5]
################################################################################################################################################
[ReportManager] Assertion [ValidateNull] PASSED. Expected [NULL] and Actual [1]. Comparison Type [EQUALS]. Validation Type [NEGATIVE]. @21-10-2021 02:05:01.0846 A

################################################################################################################################################
Starting Execution:	[107 out of 143] test cases in the current suite
Test Method:		[testPackage01.Test_NewValidationHelper.f6]
################################################################################################################################################
[ReportManager] Assertion Failed: Making sure that null string is not equal to null object @21-10-2021 02:05:01.0850 AM
[ReportManager] Assertion [ValidateNull] FAILED. Expected [NULL] and Actual [NULL]. Comparison Type [EQUALS]. Validation Type [POSITIVE]. @21-10-2021 02:05:01.0850 A

################################################################################################################################################
Starting Execution:	[108 out of 143] test cases in the current suite
Test Method:		[testPackage01.Test_NewValidationHelper.f6_1]
################################################################################################################################################
[ReportManager] Assertion [ValidateNull] FAILED. Expected [NULL] and Actual [NULL]. Comparison Type [EQUALS]. Validation Type [NEGATIVE]. @21-10-2021 02:05:01.0853 A

################################################################################################################################################
Starting Execution:	[109 out of 143] test cases in the current suite
Test Method:		[testPackage01.Test_NewValidationHelper.f6_2]
################################################################################################################################################
[ReportManager] Assertion Failed: Making sure that null string is not equal to null object @21-10-2021 02:05:01.0856 AM
[ReportManager] Assertion [ValidateNull] FAILED. Expected [NULL] and Actual [not null]. Comparison Type [EQUALS]. Validation Type [POSITIVE]. @21-10-2021 02:05:01.0857 A

################################################################################################################################################
Starting Execution:	[110 out of 143] test cases in the current suite
Test Method:		[testPackage01.Test_NewValidationHelper.f7]
################################################################################################################################################
[ReportManager] Assertion [ValidateNull] PASSED. Expected [NULL] and Actual [NULL]. Comparison Type [EQUALS]. Validation Type [POSITIVE]. @21-10-2021 02:05:01.0859 A
[ReportManager] File Action [GetAbsolutePath] successfully performed. With the following test data [Relative Folder Path: "target/downloadedFiles/"]. @21-10-2021 02:05:01.0862 AM
[ReportManager] Attempting to run remotely on: [Linux-64], [GoogleChrome], [http://localhost:4444/wd/hub], Headless Execution. @21-10-2021 02:05:01.0862 AM
[ReportManager] Successfully Opened [GoogleChrome]. @21-10-2021 02:05:02.0033 AM
[ReportManager] Target URL: [https://the-internet.herokuapp.com/] @21-10-2021 02:05:02.0044 AM
[ReportManager] Initial URL: [data:,] @21-10-2021 02:05:02.0077 AM
[ReportManager] Browser Action [NavigateToURL] successfully performed. With the following test data [https://the-internet.herokuapp.com/]. @21-10-2021 02:05:02.0396 A

################################################################################################################################################
Starting Execution:	[111 out of 143] test cases in the current suite
Test Method:		[testPackage01.Test_NewValidationHelper.f8]
################################################################################################################################################
[ReportManager] Loaded Shared OpenCV @21-10-2021 02:05:02.0568 AM
[ReportManager] Assertion [ValidateElementExists] PASSED. Expected [Element Should Exist, locator 'By.tagName: h1'] and Actual [Element Exists]. Comparison Type [EQUALS]. Validation Type [POSITIVE]. @21-10-2021 02:05:02.0659 AM
[ReportManager] Successfully created attachment [Screenshot - 1634781902568_f8_ValidateElementExists_passed] @21-10-2021 02:05:02.0661 A
[ReportManager] Successfully Closed All Drivers. @21-10-2021 02:05:02.0737 A
[ReportManager] File Action [GetAbsolutePath] successfully performed. With the following test data [Relative Folder Path: "target/downloadedFiles/"]. @21-10-2021 02:05:02.0739 AM
[ReportManager] Attempting to run remotely on: [Linux-64], [GoogleChrome], [http://localhost:4444/wd/hub], Headless Execution. @21-10-2021 02:05:02.0739 AM
[ReportManager] Successfully Opened [GoogleChrome]. @21-10-2021 02:05:02.0919 AM
[ReportManager] Target URL: [https://the-internet.herokuapp.com/] @21-10-2021 02:05:02.0929 AM
[ReportManager] Initial URL: [data:,] @21-10-2021 02:05:02.0972 AM
[ReportManager] Browser Action [NavigateToURL] successfully performed. With the following test data [https://the-internet.herokuapp.com/]. @21-10-2021 02:05:03.0313 A

################################################################################################################################################
Starting Execution:	[112 out of 143] test cases in the current suite
Test Method:		[testPackage01.Test_NewValidationHelper.f9]
################################################################################################################################################
[ReportManager] Assertion [ValidateElementExists] FAILED. Expected [Element Should Exist, locator 'By.tagName: h3'] and Actual [Element Doesn't Exists]. Comparison Type [EQUALS]. Validation Type [POSITIVE]. @21-10-2021 02:05:33.0943 AM
[ReportManager] Successfully created attachment [Screenshot - 1634781933886_f9_ValidateElementExists_failed] @21-10-2021 02:05:33.0944 A
[ReportManager] Successfully Closed All Drivers. @21-10-2021 02:05:34.0019 A

################################################################################################################################################
Starting Execution:	[113 out of 143] test cases in the current suite
Test Method:		[testPackage01.Test_NewValidationHelper.forceFail]
################################################################################################################################################
[ReportManager] Assertion [ValidateFail] FAILED. Successfully force failed the test. @21-10-2021 02:05:34.0024 A

################################################################################################################################################
Starting Execution:	[114 out of 143] test cases in the current suite
Test Method:		[testPackage01.Test_NewValidationHelper.forceFail2]
################################################################################################################################################
[ReportManager] Assertion Failed: Custom Message @21-10-2021 02:05:34.0027 AM
[ReportManager] Assertion [ValidateFail] FAILED. Successfully force failed the test. @21-10-2021 02:05:34.0027 A

################################################################################################################################################
Starting Execution:	[115 out of 143] test cases in the current suite
Test Method:		[testPackage01.Test_sendGraphqlRequest.sendGraphqlRequestUsingMutationAndVariables]
################################################################################################################################################
[ReportManager] GraphQl Request is being Performed with the Following Parameters [Service URL: https://api.spacex.land/graphql | Request Body: {"variables":"{\"name\": \"sherlock holmes\",\"rocket\": \"221B Baker Street\"}","query":"mutation ($name: String, $rocket: String) {\n  insert_users(objects: {name: $name, rocket: $rocket}) {\n    returning {\n      name\n      rocket\n    }\n  }\n}"}] @21-10-2021 02:05:34.0034 AM
[ReportManager] Response status code: [200], status line: [HTTP/1.1 200 OK] @21-10-2021 02:05:34.0359 AM
[ReportManager] Assertion Passed: Evaluating the actual response status code against the expected one... @21-10-2021 02:05:34.0359 AM
[ReportManager] Assertion [ValidateEquals] PASSED. Expected [200] and Actual [200]. Comparison Type [EQUALS]. Validation Type [POSITIVE]. @21-10-2021 02:05:34.0359 AM
[ReportManager] API Action [PerformRequest] successfully performed. With the following test data [Request Type: "POST" | Target Status Code: "200" | Service URL: "https://api.spacex.land/graphql" | Content Type: "application/json" | Response Time: "261ms"]. @21-10-2021 02:05:34.0390 AM
[ReportManager] Successfully created attachment [API Request - Specifications] @21-10-2021 02:05:34.0390 AM
[ReportManager] Successfully created attachment [API Request - JSON Body] @21-10-2021 02:05:34.0390 AM
[ReportManager] Successfully created attachment [API Response - JSON Body] @21-10-2021 02:05:34.0391 AM
[ReportManager] API Action [GetResponseJSONValue] successfully performed. With the following test data [data.insert_users.returning[0].name]. @21-10-2021 02:05:34.0444 AM
[ReportManager] Assertion [ValidateEquals] PASSED. Expected [sherlock holmes] and Actual [sherlock holmes]. Comparison Type [EQUALS]. Validation Type [POSITIVE]. @21-10-2021 02:05:34.0444 A

################################################################################################################################################
Starting Execution:	[116 out of 143] test cases in the current suite
Test Method:		[testPackage01.Test_sendGraphqlRequest.sendGraphqlRequestUsingQuery]
################################################################################################################################################
[ReportManager] GraphQl Request is being Performed with the Following Parameters [Service URL: https://api.spacex.land/graphql | Request Body: {"query":"{company {ceo}}"}] @21-10-2021 02:05:34.0451 AM
[ReportManager] Response status code: [200], status line: [HTTP/1.1 200 OK] @21-10-2021 02:05:34.0527 AM
[ReportManager] Assertion Passed: Evaluating the actual response status code against the expected one... @21-10-2021 02:05:34.0527 AM
[ReportManager] Assertion [ValidateEquals] PASSED. Expected [200] and Actual [200]. Comparison Type [EQUALS]. Validation Type [POSITIVE]. @21-10-2021 02:05:34.0527 AM
[ReportManager] API Action [PerformRequest] successfully performed. With the following test data [Request Type: "POST" | Target Status Code: "200" | Service URL: "https://api.spacex.land/graphql" | Content Type: "application/json" | Response Time: "71ms"]. @21-10-2021 02:05:34.0537 AM
[ReportManager] Successfully created attachment [API Request - Specifications] @21-10-2021 02:05:34.0537 AM
[ReportManager] Successfully created attachment [API Request - JSON Body] @21-10-2021 02:05:34.0537 AM
[ReportManager] Successfully created attachment [API Response - JSON Body] @21-10-2021 02:05:34.0538 AM
[ReportManager] API Action [GetResponseJSONValue] successfully performed. With the following test data [data.company.ceo]. @21-10-2021 02:05:34.0544 AM
[ReportManager] Assertion [ValidateEquals] PASSED. Expected [Elon Musk] and Actual [Elon Musk]. Comparison Type [EQUALS]. Validation Type [POSITIVE]. @21-10-2021 02:05:34.0544 A
[ReportManager] Successfully loaded the following test data file [src/test/resources/TestDataFiles/testSuite01/TestData.xlsx]. @21-10-2021 02:05:34.0568 AM
[ReportManager] Successfully created attachment [Test Data - Excel] @21-10-2021 02:05:34.0569 AM
[ReportManager] File Action [GetAbsolutePath] successfully performed. With the following test data [Relative Folder Path: "target/downloadedFiles/"]. @21-10-2021 02:05:34.0569 AM
[ReportManager] Attempting to run remotely on: [Linux-64], [GoogleChrome], [http://localhost:4444/wd/hub], Headless Execution. @21-10-2021 02:05:34.0569 AM
[ReportManager] Successfully Opened [GoogleChrome]. @21-10-2021 02:05:34.0790 A

################################################################################################################################################
Starting Execution:	[117 out of 143] test cases in the current suite
Test Method:		[testPackage01.Test_google.navigateToURLandVerifyGoogleLogoIsDisplayed]
Test Description:	[TC001 - Navigate to URL and Verify Google Logo is Displayed]
################################################################################################################################################
[ReportManager] Target URL: [https://www.google.com/ncr], and after redirection: [https://www.google.com] @21-10-2021 02:05:34.0810 AM
[ReportManager] Initial URL: [data:,] @21-10-2021 02:05:34.0845 AM
[ReportManager] Browser Action [NavigateToURL] successfully performed. With the following test data [https://www.google.com/ncr]. @21-10-2021 02:05:35.0522 AM
[ReportManager] Loaded Shared OpenCV @21-10-2021 02:05:35.0673 AM
[ReportManager] Assertion [ValidateElementExists] PASSED. Expected [Element Should Exist, locator 'By.xpath: //*[@id='hplogo' or @alt='Google']'] and Actual [Element Exists]. Comparison Type [EQUALS]. Validation Type [POSITIVE]. @21-10-2021 02:05:35.0737 AM
[ReportManager] Successfully created attachment [Screenshot - 1634781935673_navigateToURLandVerifyGoogleLogoIsDisplayed_ValidateElementExists_passed] @21-10-2021 02:05:35.0738 A

################################################################################################################################################
Starting Execution:	[118 out of 143] test cases in the current suite
Test Method:		[testPackage01.Test_google.searchForQueryandAssertResultsNumDisplayed]
Test Description:	[TC002 - Search for Query and Assert that the number of results is displayed]
################################################################################################################################################
[ReportManager] Element Action [Type] successfully performed. With the following test data [SHAFT_Engine]. @21-10-2021 02:05:36.0017 AM
[ReportManager] Element Action [KeyPress] successfully performed. With the following test data [Enter]. @21-10-2021 02:05:37.0237 AM
[ReportManager] Element Action [GetText] successfully performed. With the following test data [About 889,000 results (0.62 seconds) ]. @21-10-2021 02:05:37.0309 AM
[ReportManager] Loaded Shared OpenCV @21-10-2021 02:05:37.0431 AM
[ReportManager] Assertion [ValidateElementAttribute] PASSED. Expected [Value Should not be '' for the 'Text' attribute, element locator 'By.id: appbar'] and Actual [About 889,000 results (0.62 seconds) ]. Comparison Type [EQUALS]. Validation Type [NEGATIVE]. @21-10-2021 02:05:37.0510 AM
[ReportManager] Successfully created attachment [Screenshot - 1634781937431_searchForQueryandAssertResultsNumDisplayed_ValidateElementAttribute_passed] @21-10-2021 02:05:37.0512 A

################################################################################################################################################
Starting Execution:	[119 out of 143] test cases in the current suite
Test Method:		[testPackage01.Test_google.clickNextThrice]
Test Description:	[TC003 - Clicks the next button to make sure that the framework can scroll element into view before clicking it]
################################################################################################################################################
[ReportManager] Element Action [Click] successfully performed. With the following test data [Next]. @21-10-2021 02:05:38.0891 A
[ReportManager] Browser Action [CloseCurrentWindow] successfully performed. @21-10-2021 02:05:39.0083 AM
[ReportManager] Successfully created attachment [Browser Action Test Data - CloseCurrentWindow - Actual Value] @21-10-2021 02:05:39.0085 A
[ReportManager] File Action [GetAbsolutePath] successfully performed. With the following test data [Relative Folder Path: "target/downloadedFiles/"]. @21-10-2021 02:05:39.0087 AM
[ReportManager] Attempting to run remotely on: [Linux-64], [GoogleChrome], [http://localhost:4444/wd/hub], Headless Execution. @21-10-2021 02:05:39.0087 AM
[ReportManager] Successfully Opened [GoogleChrome]. @21-10-2021 02:05:39.0280 A

################################################################################################################################################
Starting Execution:	[120 out of 143] test cases in the current suite
Test Method:		[testPackage01.Test_ShadowDOM.shadowdom]
################################################################################################################################################
[ReportManager] Target URL: [https://mdn.github.io/web-components-examples/popup-info-box-web-component/] @21-10-2021 02:05:39.0302 AM
[ReportManager] Initial URL: [data:,] @21-10-2021 02:05:39.0336 AM
[ReportManager] Browser Action [NavigateToURL] successfully performed. With the following test data [https://mdn.github.io/web-components-examples/popup-info-box-web-component/]. @21-10-2021 02:05:39.0542 AM
[ReportManager] Element Action [Type] successfully performed. With the following test data [Typing into SHADOW DOM...]. @21-10-2021 02:05:39.0779 AM
[ReportManager] Element Action [GetText] successfully performed. With the following test data [Typing into SHADOW DOM...]. @21-10-2021 02:05:39.0852 AM
[ReportManager] Loaded Shared OpenCV @21-10-2021 02:05:39.0950 AM
[ReportManager] Assertion [ValidateElementAttribute] PASSED. Expected [Value Should be 'Typing into SHADOW DOM...' for the 'Text' attribute, element locator 'By.id: cvc'] and Actual [Typing into SHADOW DOM...]. Comparison Type [EQUALS]. Validation Type [POSITIVE]. @21-10-2021 02:05:40.0011 AM
[ReportManager] Successfully created attachment [Screenshot - 1634781939950_shadowdom_ValidateElementAttribute_passed] @21-10-2021 02:05:40.0012 A
[ReportManager] Browser Action [CloseCurrentWindow] successfully performed. @21-10-2021 02:05:40.0097 AM
[ReportManager] Successfully created attachment [Browser Action Test Data - CloseCurrentWindow - Actual Value] @21-10-2021 02:05:40.0097 A

################################################################################################################################################
Starting Execution:	[121 out of 143] test cases in the current suite
Test Method:		[testPackage01.Test_AssertApiResponseEquals.assertApiResponseEquals_expectedToPass]
################################################################################################################################################
[ReportManager] Response status code: [200], status line: [HTTP/1.1 200 OK] @21-10-2021 02:05:40.0167 AM
[ReportManager] Assertion Passed: Evaluating the actual response status code against the expected one... @21-10-2021 02:05:40.0167 AM
[ReportManager] Assertion [ValidateEquals] PASSED. Expected [200] and Actual [200]. Comparison Type [EQUALS]. Validation Type [POSITIVE]. @21-10-2021 02:05:40.0167 AM
[ReportManager] API Action [PerformRequest] successfully performed. With the following test data [Request Type: "GET" | Target Status Code: "200" | Service URL: "https://jsonplaceholder.typicode.com/users" | Content Type: "*/*" | Response Time: "58ms"]. @21-10-2021 02:05:40.0186 AM
[ReportManager] Successfully created attachment [API Request - Specifications] @21-10-2021 02:05:40.0188 AM
[ReportManager] Successfully created attachment [API Response - JSON Body] @21-10-2021 02:05:40.0188 AM
[ReportManager] API Action [GetResponseJSONValueAsList] successfully performed. With the following test data [$]. @21-10-2021 02:05:40.0191 AM
[ReportManager] API Action [GetResponseJSONValue] successfully performed. With the following test data [name]. @21-10-2021 02:05:40.0210 AM
[ReportManager] API Action [GetResponseJSONValue] successfully performed. With the following test data [email]. @21-10-2021 02:05:40.0216 AM
[ReportManager] Verification [ValidateEquals] PASSED. Expected [Sincere@april.biz] and Actual [Sincere@april.biz]. Comparison Type [EQUALS]. Validation Type [POSITIVE]. @21-10-2021 02:05:40.0216 AM
[ReportManager] API Action [GetResponseJSONValue] successfully performed. With the following test data [username]. @21-10-2021 02:05:40.0228 AM
[ReportManager] Assertion [ValidateEquals] PASSED. Expected [Bret] and Actual [Bret]. Comparison Type [EQUALS]. Validation Type [POSITIVE]. @21-10-2021 02:05:40.0229 AM
[ReportManager] API Action [GetResponseJSONValue] successfully performed. With the following test data [name]. @21-10-2021 02:05:40.0241 AM
[ReportManager] API Action [GetResponseJSONValue] successfully performed. With the following test data [name]. @21-10-2021 02:05:40.0248 AM
[ReportManager] API Action [GetResponseJSONValue] successfully performed. With the following test data [name]. @21-10-2021 02:05:40.0256 AM
[ReportManager] API Action [GetResponseJSONValue] successfully performed. With the following test data [name]. @21-10-2021 02:05:40.0268 AM
[ReportManager] API Action [GetResponseJSONValue] successfully performed. With the following test data [name]. @21-10-2021 02:05:40.0278 AM
[ReportManager] API Action [GetResponseJSONValue] successfully performed. With the following test data [name]. @21-10-2021 02:05:40.0302 AM
[ReportManager] API Action [GetResponseJSONValue] successfully performed. With the following test data [name]. @21-10-2021 02:05:40.0308 AM
[ReportManager] API Action [GetResponseJSONValue] successfully performed. With the following test data [name]. @21-10-2021 02:05:40.0314 AM
[ReportManager] API Action [GetResponseJSONValue] successfully performed. With the following test data [name]. @21-10-2021 02:05:40.0319 A
[ReportManager] File Action [GetAbsolutePath] successfully performed. With the following test data [Relative Folder Path: "target/downloadedFiles/"]. @21-10-2021 02:05:40.0328 AM
[ReportManager] Attempting to run remotely on: [Linux-64], [GoogleChrome], [http://localhost:4444/wd/hub], Headless Execution. @21-10-2021 02:05:40.0328 AM
[ReportManager] Successfully Opened [GoogleChrome]. @21-10-2021 02:05:40.0594 A

################################################################################################################################################
Starting Execution:	[122 out of 143] test cases in the current suite
Test Method:		[testPackage01.Test_IsElementClickable.testIsElementClickable]
################################################################################################################################################
[ReportManager] Target URL: [https://the-internet.herokuapp.com/] @21-10-2021 02:05:40.0626 AM
[ReportManager] Initial URL: [data:,] @21-10-2021 02:05:40.0661 AM
[ReportManager] Browser Action [NavigateToURL] successfully performed. With the following test data [https://the-internet.herokuapp.com/]. @21-10-2021 02:05:40.0973 AM
[ReportManager] Element Action [IsElementClickable] successfully performed. @21-10-2021 02:05:41.0083 AM
[ReportManager] Assertion [ValidateTrue] PASSED. Expected [TRUE] and Actual [TRUE]. Validation Type [POSITIVE]. @21-10-2021 02:05:41.0084 A
[ReportManager] Browser Action [CloseCurrentWindow] successfully performed. @21-10-2021 02:05:41.0176 AM
[ReportManager] Successfully created attachment [Browser Action Test Data - CloseCurrentWindow - Actual Value] @21-10-2021 02:05:41.0177 A

################################################################################################################################################
Starting Execution:	[123 out of 143] test cases in the current suite
Test Method:		[testPackage01.Test_JsonCompareWithSpecialCharacters.specialCharacters]
################################################################################################################################################
[ReportManager] File Action [GetAbsolutePath] successfully performed. With the following test data [Relative Folder Path: "src/test/resources/TestJsonFiles/specialCharacters.json"]. @21-10-2021 02:05:41.0181 AM
[ReportManager] File Action [ReadFromFile] successfully performed. With the following test data [File Path: "/home/runner/work/SHAFT_ENGINE/SHAFT_ENGINE/src/test/resources/TestJsonFiles/specialCharacters.json"]. @21-10-2021 02:05:41.0188 AM
[ReportManager] Successfully created attachment [File Action Actual Result - Command Log] @21-10-2021 02:05:41.0188 AM
[ReportManager] Comparing the provided API response with the file at this path "src/test/resources/TestJsonFiles/specialCharacters.json", comparison type "EQUALS" @21-10-2021 02:05:41.0189 AM
[ReportManager] API Action [CompareJSON] successfully performed. With the following test data [src/test/resources/TestJsonFiles/specialCharacters.json]. @21-10-2021 02:05:41.0203 AM
[ReportManager] File Action [GetAbsolutePath] successfully performed. With the following test data [Relative Folder Path: "src/test/resources/TestJsonFiles/specialCharacters.json"]. @21-10-2021 02:05:41.0204 AM
[ReportManager] File Action [ReadFromFile] successfully performed. With the following test data [File Path: "/home/runner/work/SHAFT_ENGINE/SHAFT_ENGINE/src/test/resources/TestJsonFiles/specialCharacters.json"]. @21-10-2021 02:05:41.0204 AM
[ReportManager] Verification [ValidateJSONFileContent] PASSED. Expected [Response data should match the JSON File in this path 'src/test/resources/TestJsonFiles/specialCharacters.json'] and Actual [TRUE]. Comparison Type [EQUALS]. Validation Type [POSITIVE]. @21-10-2021 02:05:41.0208 AM
[ReportManager] Successfully created attachment [Validation Test Data - Expected JSON Value] @21-10-2021 02:05:41.0208 AM
[ReportManager] Successfully created attachment [Validation Test Data - Actual JSON Value] @21-10-2021 02:05:41.0208 A

################################################################################################################################################
Starting Execution:	[124 out of 143] test cases in the current suite
Test Method:		[testPackage01.Test_JsonCompareWithSpecialCharacters.specialCharacters_assertion]
################################################################################################################################################
[ReportManager] File Action [GetAbsolutePath] successfully performed. With the following test data [Relative Folder Path: "src/test/resources/TestJsonFiles/specialCharacters.json"]. @21-10-2021 02:05:41.0221 AM
[ReportManager] File Action [ReadFromFile] successfully performed. With the following test data [File Path: "/home/runner/work/SHAFT_ENGINE/SHAFT_ENGINE/src/test/resources/TestJsonFiles/specialCharacters.json"]. @21-10-2021 02:05:41.0222 AM
[ReportManager] Successfully created attachment [File Action Actual Result - Command Log] @21-10-2021 02:05:41.0222 AM
[ReportManager] Comparing the provided API response with the file at this path "src/test/resources/TestJsonFiles/specialCharacters.json", comparison type "CONTAINS" @21-10-2021 02:05:41.0222 AM
[ReportManager] API Action [CompareJSON] successfully performed. With the following test data [src/test/resources/TestJsonFiles/specialCharacters.json]. @21-10-2021 02:05:41.0254 AM
[ReportManager] File Action [GetAbsolutePath] successfully performed. With the following test data [Relative Folder Path: "src/test/resources/TestJsonFiles/specialCharacters.json"]. @21-10-2021 02:05:41.0254 AM
[ReportManager] File Action [ReadFromFile] successfully performed. With the following test data [File Path: "/home/runner/work/SHAFT_ENGINE/SHAFT_ENGINE/src/test/resources/TestJsonFiles/specialCharacters.json"]. @21-10-2021 02:05:41.0254 AM
[ReportManager] Assertion Passed: trying out the log message @21-10-2021 02:05:41.0257 AM
[ReportManager] Successfully created attachment [Validation Test Data - Expected JSON Value] @21-10-2021 02:05:41.0258 AM
[ReportManager] Successfully created attachment [Validation Test Data - Actual JSON Value] @21-10-2021 02:05:41.0258 AM
[ReportManager] Assertion [ValidateJSONFileContent] PASSED. Expected [Response data should match the JSON File in this path 'src/test/resources/TestJsonFiles/specialCharacters.json'] and Actual [TRUE]. Comparison Type [CONTAINS]. Validation Type [POSITIVE]. @21-10-2021 02:05:41.0258 A
[ReportManager] File Action [GetAbsolutePath] successfully performed. With the following test data [Relative Folder Path: "target/downloadedFiles/"]. @21-10-2021 02:05:41.0264 AM
[ReportManager] Attempting to run remotely on: [Linux-64], [GoogleChrome], [http://localhost:4444/wd/hub], Headless Execution. @21-10-2021 02:05:41.0264 AM
[ReportManager] Successfully Opened [GoogleChrome]. @21-10-2021 02:05:41.0443 A

################################################################################################################################################
Starting Execution:	[125 out of 143] test cases in the current suite
Test Method:		[testPackage01.Test_assertEquals.test_assertElementAttribute]
################################################################################################################################################
[ReportManager] Target URL: [https://www.google.com/ncr], and after redirection: [https://www.google.com] @21-10-2021 02:05:41.0460 AM
[ReportManager] Initial URL: [data:,] @21-10-2021 02:05:41.0493 AM
[ReportManager] Browser Action [NavigateToURL] successfully performed. With the following test data [https://www.google.com/ncr]. @21-10-2021 02:05:42.0189 AM
[ReportManager] Element Action [Type] successfully performed. With the following test data [INC_004010050:Another SCHEDULER with the same name [Duplicate Job Name] already exists.]. @21-10-2021 02:05:42.0743 AM
[ReportManager] Element Action [GetText] successfully performed. With the following test data [INC_004010050:Another SCHEDULER with the same name [Duplicate Job Name] already exists.]. @21-10-2021 02:05:42.0816 AM
[ReportManager] Loaded Shared OpenCV @21-10-2021 02:05:42.0925 AM
[ReportManager] Assertion [ValidateElementAttribute] PASSED. Expected [Value Should be 'INC_004010050:Another SCHEDULER with the same name \[Duplicate Job Name\] already exists.' for the 'text' attribute, element locator 'By.name: q'] and Actual [INC_004010050:Another SCHEDULER with the same name [Duplicate Job Name] already exists.]. Comparison Type [MATCHES]. Validation Type [POSITIVE]. @21-10-2021 02:05:42.0991 AM
[ReportManager] Successfully created attachment [Screenshot - 1634781942925_test_assertElementAttribute_ValidateElementAttribute_passed] @21-10-2021 02:05:42.0992 A
[ReportManager] Browser Action [CloseCurrentWindow] successfully performed. @21-10-2021 02:05:43.0117 AM
[ReportManager] Successfully created attachment [Browser Action Test Data - CloseCurrentWindow - Actual Value] @21-10-2021 02:05:43.0118 A
[ReportManager] File Action [GetAbsolutePath] successfully performed. With the following test data [Relative Folder Path: "target/downloadedFiles/"]. @21-10-2021 02:05:43.0119 AM
[ReportManager] Attempting to run remotely on: [Linux-64], [GoogleChrome], [http://localhost:4444/wd/hub], Headless Execution. @21-10-2021 02:05:43.0119 AM
[ReportManager] Successfully Opened [GoogleChrome]. @21-10-2021 02:05:43.0297 A

################################################################################################################################################
Starting Execution:	[126 out of 143] test cases in the current suite
Test Method:		[testPackage01.Test_verifyEquals.test_assertElementAttribute]
################################################################################################################################################
[ReportManager] Target URL: [https://www.google.com/ncr], and after redirection: [https://www.google.com] @21-10-2021 02:05:43.0320 AM
[ReportManager] Initial URL: [data:,] @21-10-2021 02:05:43.0357 AM
[ReportManager] Browser Action [NavigateToURL] successfully performed. With the following test data [https://www.google.com/ncr]. @21-10-2021 02:05:44.0052 AM
[ReportManager] Element Action [Type] successfully performed. With the following test data [INC_004010050:Another SCHEDULER with the same name [Duplicate Job Name] already exists.]. @21-10-2021 02:05:44.0608 AM
[ReportManager] Element Action [GetText] successfully performed. With the following test data [INC_004010050:Another SCHEDULER with the same name [Duplicate Job Name] already exists.]. @21-10-2021 02:05:44.0682 AM
[ReportManager] Loaded Shared OpenCV @21-10-2021 02:05:44.0792 AM
[ReportManager] Verification [ValidateElementAttribute] PASSED. Expected [Value Should be 'INC_004010050:Another SCHEDULER with the same name \[Duplicate Job Name\] already exists.' for the 'text' attribute, element locator 'By.name: q'] and Actual [INC_004010050:Another SCHEDULER with the same name [Duplicate Job Name] already exists.]. Comparison Type [MATCHES]. Validation Type [POSITIVE]. @21-10-2021 02:05:44.0858 AM
[ReportManager] Successfully created attachment [Screenshot - 1634781944792_test_assertElementAttribute_ValidateElementAttribute_passed] @21-10-2021 02:05:44.0858 A
[ReportManager] Browser Action [CloseCurrentWindow] successfully performed. @21-10-2021 02:05:44.0975 AM
[ReportManager] Successfully created attachment [Browser Action Test Data - CloseCurrentWindow - Actual Value] @21-10-2021 02:05:44.0976 A

################################################################################################################################################
Starting Execution:	[127 out of 143] test cases in the current suite
Test Method:		[testPackage01.Test_JsonActions.f]
###############################################################################################################################################

################################################################################################################################################
Starting Execution:	[128 out of 143] test cases in the current suite
Test Method:		[testPackage01.Test_JsonActions.f2]
###############################################################################################################################################

################################################################################################################################################
Starting Execution:	[129 out of 143] test cases in the current suite
Test Method:		[testPackage01.Test_PDF.testPDF_Downloaded]
################################################################################################################################################
[ReportManager] File Action [DoesFileExist] successfully performed. With the following test data [File Path: "src/test/resources/TestDataFiles/sample.pdf"]. @21-10-2021 02:05:45.0001 AM
[ReportManager] File Action [GetAbsolutePath] successfully performed. With the following test data [Relative File Path: "src/test/resources/TestDataFiles/sample.pdf"]. @21-10-2021 02:05:45.0002 AM
[ReportManager] Assertion [ValidateTrue] PASSED. Expected [TRUE] and Actual [TRUE]. Validation Type [POSITIVE]. @21-10-2021 02:05:45.0531 A
[ReportManager] File Action [GetAbsolutePath] successfully performed. With the following test data [Relative Folder Path: "target/downloadedFiles/"]. @21-10-2021 02:05:45.0539 AM
[ReportManager] Attempting to run remotely on: [Linux-64], [GoogleChrome], [http://localhost:4444/wd/hub], Headless Execution. @21-10-2021 02:05:45.0539 AM
[ReportManager] Successfully Opened [GoogleChrome]. @21-10-2021 02:05:45.0775 A

################################################################################################################################################
Starting Execution:	[130 out of 143] test cases in the current suite
Test Method:		[testPackage01.Test_dragAndDrop.dragAndDropJquery]
################################################################################################################################################
[ReportManager] Target URL: [https://jqueryui.com/resources/demos/droppable/default.html] @21-10-2021 02:05:45.0787 AM
[ReportManager] Initial URL: [data:,] @21-10-2021 02:05:45.0826 AM
[ReportManager] Browser Action [NavigateToURL] successfully performed. With the following test data [https://jqueryui.com/resources/demos/droppable/default.html]. @21-10-2021 02:05:46.0139 AM
[ReportManager] Element Action [GetText] successfully performed. With the following test data [Drop here]. @21-10-2021 02:05:46.0205 AM
[ReportManager] Element Action [DragAndDrop] successfully performed. With the following test data [Start point: (8, 18), End point: (8, 18)]. @21-10-2021 02:05:47.0488 AM
[ReportManager] Element Action [GetText] successfully performed. With the following test data [Dropped!]. @21-10-2021 02:05:47.0539 AM
[ReportManager] Assertion Passed: Checking to see if the text has changed after performing drag and drop @21-10-2021 02:05:47.0539 AM
[ReportManager] Assertion [ValidateEquals] PASSED. Expected [Drop here] and Actual [Dropped!]. Comparison Type [EQUALS]. Validation Type [NEGATIVE]. @21-10-2021 02:05:47.0539 A
[ReportManager] Browser Action [CloseCurrentWindow] successfully performed. @21-10-2021 02:05:47.0641 AM
[ReportManager] Successfully created attachment [Browser Action Test Data - CloseCurrentWindow - Actual Value] @21-10-2021 02:05:47.0642 A
[ReportManager] File Action [GetAbsolutePath] successfully performed. With the following test data [Relative Folder Path: "target/downloadedFiles/"]. @21-10-2021 02:05:47.0652 AM
[ReportManager] Attempting to run remotely on: [Linux-64], [GoogleChrome], [http://localhost:4444/wd/hub], Headless Execution. @21-10-2021 02:05:47.0653 AM
[ReportManager] Successfully Opened [GoogleChrome]. @21-10-2021 02:05:47.0841 A

################################################################################################################################################
Starting Execution:	[131 out of 143] test cases in the current suite
Test Method:		[testPackage01.Test_dragAndDrop.dragAndDrop]
Test Description:	[TC001 - Test Drag and Drop function.]
################################################################################################################################################
[ReportManager] Target URL: [http://the-internet.herokuapp.com/drag_and_drop] @21-10-2021 02:05:47.0859 AM
[ReportManager] Initial URL: [data:,] @21-10-2021 02:05:47.0895 AM
[ReportManager] Browser Action [NavigateToURL] successfully performed. With the following test data [http://the-internet.herokuapp.com/drag_and_drop]. @21-10-2021 02:05:48.0198 AM
[ReportManager] Attempting Drag and Drop @21-10-2021 02:05:48.0198 AM
[ReportManager] Element Action [DragAndDrop] successfully performed. With the following test data [Start point: (32, 90), End point: (247, 90)]. @21-10-2021 02:05:49.0360 A
[ReportManager] Browser Action [CloseCurrentWindow] successfully performed. @21-10-2021 02:05:49.0444 AM
[ReportManager] Successfully created attachment [Browser Action Test Data - CloseCurrentWindow - Actual Value] @21-10-2021 02:05:49.0444 A
[ReportManager] File Action [GetAbsolutePath] successfully performed. With the following test data [Relative Folder Path: "target/downloadedFiles/"]. @21-10-2021 02:05:49.0449 AM
[ReportManager] Attempting to run remotely on: [Linux-64], [GoogleChrome], [http://localhost:4444/wd/hub], Headless Execution. @21-10-2021 02:05:49.0449 AM
[ReportManager] Successfully Opened [GoogleChrome]. @21-10-2021 02:05:49.0621 A

################################################################################################################################################
Starting Execution:	[132 out of 143] test cases in the current suite
Test Method:		[testPackage01.Test_dragAndDrop.dragAndDropByOffset]
Test Description:	[TC002 - Test Drag and Drop by offset function.]
################################################################################################################################################
[ReportManager] Target URL: [https://jqueryui.com/resources/demos/draggable/default.html] @21-10-2021 02:05:49.0641 AM
[ReportManager] Initial URL: [data:,] @21-10-2021 02:05:49.0675 AM
[ReportManager] Browser Action [NavigateToURL] successfully performed. With the following test data [https://jqueryui.com/resources/demos/draggable/default.html]. @21-10-2021 02:05:49.0961 AM
[ReportManager] Element Action [DragAndDropByOffset] successfully performed. With the following test data [Start point: (8, 8), End point: (108, 58)]. @21-10-2021 02:05:50.0092 A
[ReportManager] Browser Action [CloseCurrentWindow] successfully performed. @21-10-2021 02:05:50.0190 AM
[ReportManager] Successfully created attachment [Browser Action Test Data - CloseCurrentWindow - Actual Value] @21-10-2021 02:05:50.0191 A
[ReportManager] File Action [GetAbsolutePath] successfully performed. With the following test data [Relative Folder Path: "target/downloadedFiles/"]. @21-10-2021 02:05:50.0192 AM
[ReportManager] Attempting to run remotely on: [Linux-64], [GoogleChrome], [http://localhost:4444/wd/hub], Headless Execution. @21-10-2021 02:05:50.0192 AM
[ReportManager] Successfully Opened [GoogleChrome]. @21-10-2021 02:05:50.0379 A

################################################################################################################################################
Starting Execution:	[133 out of 143] test cases in the current suite
Test Method:		[testPackage01.Test_clipboardActions.typeTextAndCopyPaste]
################################################################################################################################################
[ReportManager] Target URL: [https://www.google.com/ncr], and after redirection: [https://www.google.com] @21-10-2021 02:05:50.0391 AM
[ReportManager] Initial URL: [data:,] @21-10-2021 02:05:50.0434 AM
[ReportManager] Browser Action [NavigateToURL] successfully performed. With the following test data [https://www.google.com/ncr]. @21-10-2021 02:05:51.0147 AM
[ReportManager] Element Action [Type] successfully performed. With the following test data [FIRST]. @21-10-2021 02:05:51.0402 AM
[ReportManager] Element Action [ClipboardActions] successfully performed. With the following test data [select all]. @21-10-2021 02:05:51.0458 AM
[ReportManager] Element Action [ClipboardActions] successfully performed. With the following test data [copy]. @21-10-2021 02:05:51.0501 AM
[ReportManager] Element Action [ClipboardActions] successfully performed. With the following test data [unselect]. @21-10-2021 02:05:51.0548 AM
[ReportManager] Element Action [ClipboardActions] successfully performed. With the following test data [paste]. @21-10-2021 02:05:51.0592 AM
[ReportManager] Element Action [ClipboardActions] successfully performed. With the following test data [select all]. @21-10-2021 02:05:51.0634 AM
[ReportManager] Element Action [Type] successfully performed. @21-10-2021 02:05:51.0814 AM
[ReportManager] Element Action [ClipboardActions] successfully performed. With the following test data [cut]. @21-10-2021 02:05:51.0814 AM
[ReportManager] Element Action [ClipboardActions] successfully performed. With the following test data [paste]. @21-10-2021 02:05:51.0868 AM
[ReportManager] Element Action [ClipboardActions] successfully performed. With the following test data [paste]. @21-10-2021 02:05:51.0919 A
[ReportManager] Browser Action [CloseCurrentWindow] successfully performed. @21-10-2021 02:05:52.0044 AM
[ReportManager] Successfully created attachment [Browser Action Test Data - CloseCurrentWindow - Actual Value] @21-10-2021 02:05:52.0046 A
[ReportManager] File Action [GetAbsolutePath] successfully performed. With the following test data [Relative Folder Path: "target/downloadedFiles/"]. @21-10-2021 02:05:52.0047 AM
[ReportManager] Attempting to run remotely on: [Linux-64], [GoogleChrome], [http://localhost:4444/wd/hub], Headless Execution. @21-10-2021 02:05:52.0047 AM
[ReportManager] Successfully Opened [GoogleChrome]. @21-10-2021 02:05:52.0230 A

################################################################################################################################################
Starting Execution:	[134 out of 143] test cases in the current suite
Test Method:		[testPackage01.Test_dynamicLoading.dynamicLoading_elementIsHidden]
################################################################################################################################################
[ReportManager] Target URL: [https://the-internet.herokuapp.com/dynamic_loading/1] @21-10-2021 02:05:52.0250 AM
[ReportManager] Initial URL: [data:,] @21-10-2021 02:05:52.0291 AM
[ReportManager] Browser Action [NavigateToURL] successfully performed. With the following test data [https://the-internet.herokuapp.com/dynamic_loading/1]. @21-10-2021 02:05:52.0597 AM
[ReportManager] Element Action [Click] successfully performed. With the following test data [Start]. @21-10-2021 02:05:52.0852 AM
[ReportManager] Element Action [GetText] successfully performed. With the following test data [
    Hello World!
  ]. @21-10-2021 02:05:52.0940 AM
[ReportManager] Loaded Shared OpenCV @21-10-2021 02:05:53.0074 AM
[ReportManager] Assertion [ValidateElementAttribute] PASSED. Expected [Value Should be 'Hello World!' for the 'text' attribute, element locator 'By.id: finish'] and Actual [
    Hello World!
  ]. Comparison Type [CONTAINS]. Validation Type [POSITIVE]. @21-10-2021 02:05:53.0155 AM
[ReportManager] Successfully created attachment [Screenshot - 1634781953074_dynamicLoading_elementIsHidden_ValidateElementAttribute_passed] @21-10-2021 02:05:53.0155 A
[ReportManager] Browser Action [CloseCurrentWindow] successfully performed. @21-10-2021 02:05:53.0250 AM
[ReportManager] Successfully created attachment [Browser Action Test Data - CloseCurrentWindow - Actual Value] @21-10-2021 02:05:53.0250 A
[ReportManager] File Action [GetAbsolutePath] successfully performed. With the following test data [Relative Folder Path: "target/downloadedFiles/"]. @21-10-2021 02:05:53.0252 AM
[ReportManager] Attempting to run remotely on: [Linux-64], [GoogleChrome], [http://localhost:4444/wd/hub], Headless Execution. @21-10-2021 02:05:53.0252 AM
[ReportManager] Successfully Opened [GoogleChrome]. @21-10-2021 02:05:53.0446 A

################################################################################################################################################
Starting Execution:	[135 out of 143] test cases in the current suite
Test Method:		[testPackage01.Test_dynamicLoading.dynamicLoading_elementIsRendered]
################################################################################################################################################
[ReportManager] Target URL: [https://the-internet.herokuapp.com/dynamic_loading/2] @21-10-2021 02:05:53.0458 AM
[ReportManager] Initial URL: [data:,] @21-10-2021 02:05:53.0491 AM
[ReportManager] Browser Action [NavigateToURL] successfully performed. With the following test data [https://the-internet.herokuapp.com/dynamic_loading/2]. @21-10-2021 02:05:53.0794 AM
[ReportManager] Element Action [Click] successfully performed. With the following test data [Start]. @21-10-2021 02:05:54.0058 AM
[ReportManager] Element Action [GetText] successfully performed. With the following test data [Hello World!]. @21-10-2021 02:05:59.0203 AM
[ReportManager] Loaded Shared OpenCV @21-10-2021 02:05:59.0323 AM
[ReportManager] Assertion [ValidateElementAttribute] PASSED. Expected [Value Should be 'Hello World!' for the 'text' attribute, element locator 'By.id: finish'] and Actual [Hello World!]. Comparison Type [CONTAINS]. Validation Type [POSITIVE]. @21-10-2021 02:05:59.0386 AM
[ReportManager] Successfully created attachment [Screenshot - 1634781959323_dynamicLoading_elementIsRendered_ValidateElementAttribute_passed] @21-10-2021 02:05:59.0387 A
[ReportManager] Browser Action [CloseCurrentWindow] successfully performed. @21-10-2021 02:05:59.0476 AM
[ReportManager] Successfully created attachment [Browser Action Test Data - CloseCurrentWindow - Actual Value] @21-10-2021 02:05:59.0477 A
[ReportManager] File Action [GetAbsolutePath] successfully performed. With the following test data [Relative Folder Path: "target/downloadedFiles/"]. @21-10-2021 02:05:59.0479 AM
[ReportManager] Attempting to run remotely on: [Linux-64], [GoogleChrome], [http://localhost:4444/wd/hub], Headless Execution. @21-10-2021 02:05:59.0480 AM
[ReportManager] Successfully Opened [GoogleChrome]. @21-10-2021 02:05:59.0647 A

################################################################################################################################################
Starting Execution:	[136 out of 143] test cases in the current suite
Test Method:		[testPackage01.Test_uploadFile.uploadFile_invisibleUploadInput]
################################################################################################################################################
[ReportManager] Target URL: [https://fineuploader.com/demos.html#gallery-view] @21-10-2021 02:05:59.0662 AM
[ReportManager] Initial URL: [data:,] @21-10-2021 02:05:59.0696 AM
[ReportManager] Browser Action [NavigateToURL] successfully performed. With the following test data [https://fineuploader.com/demos.html#gallery-view]. @21-10-2021 02:06:00.0898 AM
[ReportManager] File Action [GetAbsolutePath] successfully performed. With the following test data [Relative File Path: "src/main/resources/images/shaft.png"]. @21-10-2021 02:06:00.0898 AM
[ReportManager] Successfully created attachment [File Action Actual Result - Command Log] @21-10-2021 02:06:00.0898 AM
[ReportManager] Element Action [TypeFileLocationForUpload] successfully performed. With the following test data [/home/runner/work/SHAFT_ENGINE/SHAFT_ENGINE/src/main/resources/images/shaft.png]. @21-10-2021 02:06:01.0071 AM
[ReportManager] Attempting to getAttribute [src] from elementLocator [By.xpath: //div[@id='fine-uploader-gallery']//div[@class='qq-thumbnail-wrapper']/img]. @21-10-2021 02:06:01.0071 AM
[ReportManager] Element Action [GetAttribute] successfully performed. @21-10-2021 02:06:01.0163 AM
[ReportManager] Successfully created attachment [Element Action Test Data - GetAttribute - Actual Value] @21-10-2021 02:06:01.0164 AM
[ReportManager] Loaded Shared OpenCV @21-10-2021 02:06:01.0281 AM
[ReportManager] Assertion [ValidateElementAttribute] PASSED. Expected and Actual values are attached. Comparison Type [CONTAINS]. Validation Type [POSITIVE]. @21-10-2021 02:06:01.0353 AM
[ReportManager] Successfully created attachment [Validation Test Data - Expected Value] @21-10-2021 02:06:01.0353 AM
[ReportManager] Successfully created attachment [Validation Test Data - Actual Value] @21-10-2021 02:06:01.0353 AM
[ReportManager] Successfully created attachment [Screenshot - 1634781961280_uploadFile_invisibleUploadInput_ValidateElementAttribute_passed] @21-10-2021 02:06:01.0354 A
[ReportManager] Browser Action [CloseCurrentWindow] successfully performed. @21-10-2021 02:06:01.0482 AM
[ReportManager] Successfully created attachment [Browser Action Test Data - CloseCurrentWindow - Actual Value] @21-10-2021 02:06:01.0482 A
[ReportManager] File Action [GetAbsolutePath] successfully performed. With the following test data [Relative Folder Path: "target/downloadedFiles/"]. @21-10-2021 02:06:01.0490 AM
[ReportManager] Attempting to run remotely on: [Linux-64], [GoogleChrome], [http://localhost:4444/wd/hub], Headless Execution. @21-10-2021 02:06:01.0490 AM
[ReportManager] Successfully Opened [GoogleChrome]. @21-10-2021 02:06:01.0663 A

################################################################################################################################################
Starting Execution:	[137 out of 143] test cases in the current suite
Test Method:		[testPackage01.Test_uploadFile.uploadFile_visibleUploadInput]
################################################################################################################################################
[ReportManager] Target URL: [http://demo.guru99.com/test/upload/] @21-10-2021 02:06:01.0685 AM
[ReportManager] Initial URL: [data:,] @21-10-2021 02:06:01.0720 AM
[ReportManager] Browser Action [NavigateToURL] successfully performed. With the following test data [http://demo.guru99.com/test/upload/]. @21-10-2021 02:06:03.0229 AM
[ReportManager] File Action [GetAbsolutePath] successfully performed. With the following test data [Relative File Path: "src/main/resources/images/shaft.png"]. @21-10-2021 02:06:03.0229 AM
[ReportManager] Successfully created attachment [File Action Actual Result - Command Log] @21-10-2021 02:06:03.0230 AM
[ReportManager] Element Action [TypeFileLocationForUpload] successfully performed. With the following test data [/home/runner/work/SHAFT_ENGINE/SHAFT_ENGINE/src/main/resources/images/shaft.png]. @21-10-2021 02:06:03.0374 AM
[ReportManager] Element Action [Click] successfully performed. With the following test data [on]. @21-10-2021 02:06:03.0632 AM
[ReportManager] Element Action [Click] successfully performed. With the following test data [Submit File]. @21-10-2021 02:06:03.0889 AM
[ReportManager] Element Action [GetText] successfully performed. With the following test data [1 file
has been successfully uploaded.]. @21-10-2021 02:06:04.0502 AM
[ReportManager] Loaded Shared OpenCV @21-10-2021 02:06:04.0606 AM
[ReportManager] Assertion [ValidateElementAttribute] PASSED. Expected [Value Should be '1 file' for the 'Text' attribute, element locator 'By.id: res'] and Actual [1 file
has been successfully uploaded.]. Comparison Type [CONTAINS]. Validation Type [POSITIVE]. @21-10-2021 02:06:04.0672 AM
[ReportManager] Successfully created attachment [Screenshot - 1634781964606_uploadFile_visibleUploadInput_ValidateElementAttribute_passed] @21-10-2021 02:06:04.0673 A
[ReportManager] Browser Action [CloseCurrentWindow] successfully performed. @21-10-2021 02:06:04.0773 AM
[ReportManager] Successfully created attachment [Browser Action Test Data - CloseCurrentWindow - Actual Value] @21-10-2021 02:06:04.0773 A

################################################################################################################################################
Starting Execution:	[138 out of 143] test cases in the current suite
Test Method:		[testPackage01.Test_SelectedValue.multipleSelect]
################################################################################################################################################
[ReportManager] File Action [GetAbsolutePath] successfully performed. With the following test data [Relative Folder Path: "target/downloadedFiles/"]. @21-10-2021 02:06:04.0778 AM
[ReportManager] Attempting to run remotely on: [Linux-64], [GoogleChrome], [http://localhost:4444/wd/hub], Headless Execution. @21-10-2021 02:06:04.0778 AM
[ReportManager] Successfully Opened [GoogleChrome]. @21-10-2021 02:06:04.0953 AM
[ReportManager] Target URL: [https://yari-demos.prod.mdn.mozit.cloud/en-US/docs/Web/HTML/Element/select/_sample_.Advanced_select_with_multiple_features.html] @21-10-2021 02:06:04.0963 AM
[ReportManager] Initial URL: [data:,] @21-10-2021 02:06:04.0996 AM
[ReportManager] Browser Action [NavigateToURL] successfully performed. With the following test data [https://yari-demos.prod.mdn.mozit.cloud/en-US/docs/Web/HTML/Element/select/_sample_.Advanced_select_with_multiple_features.html]. @21-10-2021 02:06:05.0323 AM
[ReportManager] Element Action [Select] successfully performed. With the following test data [Dog]. @21-10-2021 02:06:05.0530 AM
[ReportManager] Element Action [Select] successfully performed. With the following test data [Cat]. @21-10-2021 02:06:05.0705 AM
[ReportManager] Element Action [GetSelectedText] successfully performed. With the following test data [DogCat]. @21-10-2021 02:06:05.0817 AM
[ReportManager] DogCat @21-10-2021 02:06:05.0818 AM
[ReportManager] Element Action [GetSelectedText] successfully performed. With the following test data [DogCat]. @21-10-2021 02:06:05.0919 AM
[ReportManager] Loaded Shared OpenCV @21-10-2021 02:06:06.0014 AM
[ReportManager] Assertion [ValidateElementAttribute] PASSED. Expected [Value Should be 'DogCat' for the 'selectedText' attribute, element locator 'By.tagName: select'] and Actual [DogCat]. Comparison Type [EQUALS]. Validation Type [POSITIVE]. @21-10-2021 02:06:06.0073 AM
[ReportManager] Successfully created attachment [Screenshot - 1634781966014_multipleSelect_ValidateElementAttribute_passed] @21-10-2021 02:06:06.0073 AM
[ReportManager] Browser Action [CloseCurrentWindow] successfully performed. @21-10-2021 02:06:06.0153 AM
[ReportManager] Successfully created attachment [Browser Action Test Data - CloseCurrentWindow - Actual Value] @21-10-2021 02:06:06.0153 A

################################################################################################################################################
Starting Execution:	[139 out of 143] test cases in the current suite
Test Method:		[testPackage01.Test_SelectedValue.simpleSelect]
################################################################################################################################################
[ReportManager] File Action [GetAbsolutePath] successfully performed. With the following test data [Relative Folder Path: "target/downloadedFiles/"]. @21-10-2021 02:06:06.0160 AM
[ReportManager] Attempting to run remotely on: [Linux-64], [GoogleChrome], [http://localhost:4444/wd/hub], Headless Execution. @21-10-2021 02:06:06.0160 AM
[ReportManager] Successfully Opened [GoogleChrome]. @21-10-2021 02:06:06.0327 AM
[ReportManager] Target URL: [https://yari-demos.prod.mdn.mozit.cloud/en-US/docs/Web/HTML/Element/select/_sample_.Basic_select.html] @21-10-2021 02:06:06.0338 AM
[ReportManager] Initial URL: [data:,] @21-10-2021 02:06:06.0376 AM
[ReportManager] Browser Action [NavigateToURL] successfully performed. With the following test data [https://yari-demos.prod.mdn.mozit.cloud/en-US/docs/Web/HTML/Element/select/_sample_.Basic_select.html]. @21-10-2021 02:06:06.0565 AM
[ReportManager] Element Action [Select] successfully performed. With the following test data [Third Value]. @21-10-2021 02:06:06.0792 AM
[ReportManager] Element Action [GetSelectedText] successfully performed. With the following test data [Third Value]. @21-10-2021 02:06:06.0877 AM
[ReportManager] Third Value @21-10-2021 02:06:06.0877 AM
[ReportManager] Element Action [GetSelectedText] successfully performed. With the following test data [Third Value]. @21-10-2021 02:06:06.0956 AM
[ReportManager] Loaded Shared OpenCV @21-10-2021 02:06:07.0050 AM
[ReportManager] Assertion [ValidateElementAttribute] PASSED. Expected [Value Should be 'Third Value' for the 'selectedText' attribute, element locator 'By.tagName: select'] and Actual [Third Value]. Comparison Type [EQUALS]. Validation Type [POSITIVE]. @21-10-2021 02:06:07.0108 AM
[ReportManager] Successfully created attachment [Screenshot - 1634781967050_simpleSelect_ValidateElementAttribute_passed] @21-10-2021 02:06:07.0109 AM
[ReportManager] Browser Action [CloseCurrentWindow] successfully performed. @21-10-2021 02:06:07.0189 AM
[ReportManager] Successfully created attachment [Browser Action Test Data - CloseCurrentWindow - Actual Value] @21-10-2021 02:06:07.0189 A

################################################################################################################################################
Starting Execution:	[140 out of 143] test cases in the current suite
Test Method:		[testPackage01.Test_JSONFileManager.readStringFromJson]
################################################################################################################################################
[ReportManager] Successfully loaded the following test data file [src/test/resources/TestDataFiles/simpleJSON.json]. @21-10-2021 02:06:07.0202 AM
[ReportManager] Successfully created attachment [Test Data - JSON] @21-10-2021 02:06:07.0203 AM
[ReportManager] Assertion [ValidateEquals] PASSED. Expected [Mohab Mohie] and Actual [Mohab Mohie]. Comparison Type [EQUALS]. Validation Type [POSITIVE]. @21-10-2021 02:06:07.0217 A
[ReportManager] Successfully loaded the following test data file [src/test/resources/TestDataFiles/testSuite01/TestData.xlsx]. @21-10-2021 02:06:07.0254 AM
[ReportManager] Successfully created attachment [Test Data - Excel] @21-10-2021 02:06:07.0254 AM
[ReportManager] Attempting to run using Playwright locally on: [Linux-64], [GoogleChrome], Headless Execution. @21-10-2021 02:06:19.0463 AM
[ReportManager] File Action [GetAbsolutePath] successfully performed. With the following test data [Relative Folder Path: "target/downloadedFiles/"]. @21-10-2021 02:06:19.0464 AM
[ReportManager] Initial window size: (1280, 720) @21-10-2021 02:06:19.0777 AM
[ReportManager] Window size after Toolkit: com.microsoft.playwright.options.ViewportSize@303524fb @21-10-2021 02:06:19.0787 AM
[ReportManager] Browser Action [MaximizeWindow] successfully performed. With the following test data [New screen size is now: (1920, 1080)]. @21-10-2021 02:06:19.0788 A

################################################################################################################################################
Starting Execution:	[141 out of 143] test cases in the current suite
Test Method:		[testPackage01.Test_google_playwright.navigateToURLandVerifyGoogleLogoIsDisplayed]
Test Description:	[TC001 - Navigate to URL and Verify Google Logo is Displayed]
################################################################################################################################################
[ReportManager] Target URL: [https://www.google.com/ncr], and after redirection: [https://www.google.com] @21-10-2021 02:06:19.0792 AM
[ReportManager] Initial URL: [about:blank] @21-10-2021 02:06:20.0267 AM
[ReportManager] Browser Action [NavigateToURL] successfully performed. With the following test data [https://www.google.com/ncr]. @21-10-2021 02:06:22.0388 AM
[ReportManager] Loaded Shared OpenCV @21-10-2021 02:06:22.0598 AM
[ReportManager] Assertion [ValidateElementExists] PASSED. Expected [Element Should Exist, locator 'xpath=//*[@id='hplogo' or @alt='Google']'] and Actual [Element Exists]. Comparison Type [EQUALS]. Validation Type [POSITIVE]. @21-10-2021 02:06:22.0784 AM
[ReportManager] Successfully created attachment [Screenshot - 1634781982595_navigateToURLandVerifyGoogleLogoIsDisplayed_ValidateElementExists_passed] @21-10-2021 02:06:22.0785 A

################################################################################################################################################
Starting Execution:	[142 out of 143] test cases in the current suite
Test Method:		[testPackage01.Test_google_playwright.searchForQueryandAssertResultsNumDisplayed]
Test Description:	[TC002 - Search for Query and Assert that the number of results is displayed]
################################################################################################################################################
[ReportManager] Element Action [Type] successfully performed. With the following test data [SHAFT_Engine]. @21-10-2021 02:06:23.0005 AM
[ReportManager] Element Action [KeyPress] successfully performed. With the following test data [Enter]. @21-10-2021 02:06:23.0033 AM
[ReportManager] Element Action [GetText] successfully performed. With the following test data [About 889,000 results (0.60 seconds)]. @21-10-2021 02:06:23.0845 AM
[ReportManager] Loaded Shared OpenCV @21-10-2021 02:06:25.0936 AM
[ReportManager] Assertion [ValidateElementAttribute] PASSED. Expected [Value Should not be '' for the 'text' attribute, element locator 'xpath=//div[@id='appbar']'] and Actual [About 889,000 results (0.60 seconds)]. Comparison Type [EQUALS]. Validation Type [NEGATIVE]. @21-10-2021 02:06:26.0158 AM
[ReportManager] Successfully created attachment [Screenshot - 1634781985935_searchForQueryandAssertResultsNumDisplayed_ValidateElementAttribute_passed] @21-10-2021 02:06:26.0160 A

################################################################################################################################################
Starting Execution:	[143 out of 143] test cases in the current suite
Test Method:		[testPackage01.Test_google_playwright.clickNextThrice]
Test Description:	[TC003 - Clicks the next button to make sure that the framework can scroll element into view before clicking it]
################################################################################################################################################
[ReportManager] Element Action [Click] successfully performed. With the following test data [Next]. @21-10-2021 02:06:26.0374 A
[ReportManager] Failed to find video recording. @21-10-2021 02:06:26.0376 AM
[ReportManager] Successfully Closed PlayWright Driver. @21-10-2021 02:06:26.0425 A

################################################################################################################################################
Test Closure Activities
################################################################################################################################################
[ReportManager] Successfully created attachment [SHAFT Engine Logs - Execution log] @21-10-2021 02:06:26.0443 AM

################################################################################################################################################
This test run was powered by SHAFT Engine Version: [SHAFT Engine v5.4.20211011]
SHAFT Engine is licensed under the MIT License: [https://github.com/MohabMohie/SHAFT_ENGINE/blob/master/LICENSE].
################################################################################################################################################