################################################################################################################################################
Detected SHAFT Engine Version: [SHAFT Engine v6.1.20220113]
################################################################################################################################################
[ReportManager] File Action [GetAbsolutePath] successfully performed. With the following test data [Relative Folder Path: "target/downloadedFiles/"]. @17-01-2022 02:00:23.0649 AM
[ReportManager] Attempting to run locally on: [Mac-64], [Safari], Headless Execution. @17-01-2022 02:00:23.0671 AM
[ReportManager] An Exception Occured with this Message: Could not start a new session. Possible causes are invalid address of the remote server or browser start-up failure.. @17-01-2022 02:00:25.0320 AM
[ReportManager] Successfully created attachment [Exception Stack Trace - org.openqa.selenium.SessionNotCreatedException] @17-01-2022 02:00:25.0382 AM
[ReportManager] Driver Factory Action [createNewLocalDriverInstanceForSafari] failed. With the following test data [Failed to create a session on DESKTOP_SAFARI]. @17-01-2022 02:00:25.0383 A

################################################################################################################################################
Starting Execution:	[1 out of 162] test cases in the current suite
Test Method:		[unitTests.tests_element_elementActions.waitForElementToBePresent_false_expectedToFail]
###############################################################################################################################################



################################################################################################################################################
Starting Execution:	[2 out of 162] test cases in the current suite
Test Method:		[unitTests.tests_element_elementActions.waitForElementToBePresent_false_expectedToPass]
###############################################################################################################################################



################################################################################################################################################
Starting Execution:	[3 out of 162] test cases in the current suite
Test Method:		[unitTests.tests_element_elementActions.waitForElementToBePresent_moreThanOneElement_expectedToFail]
###############################################################################################################################################



################################################################################################################################################
Starting Execution:	[4 out of 162] test cases in the current suite
Test Method:		[unitTests.tests_element_elementActions.waitForElementToBePresent_true_expectedToFail]
###############################################################################################################################################



################################################################################################################################################
Starting Execution:	[5 out of 162] test cases in the current suite
Test Method:		[unitTests.tests_element_elementActions.waitForElementToBePresent_true_expectedToPass]
###############################################################################################################################################

[ReportManager] File Action [GetAbsolutePath] successfully performed. With the following test data [Relative Folder Path: "target/downloadedFiles/"]. @17-01-2022 02:00:25.0788 AM
[ReportManager] Attempting to run locally on: [Mac-64], [Safari], Headless Execution. @17-01-2022 02:00:25.0788 AM
[ReportManager] An Exception Occured with this Message: Could not start a new session. Possible causes are invalid address of the remote server or browser start-up failure.. @17-01-2022 02:03:27.0185 AM
[ReportManager] Successfully created attachment [Exception Stack Trace - org.openqa.selenium.SessionNotCreatedException] @17-01-2022 02:03:27.0308 AM
[ReportManager] Driver Factory Action [createNewLocalDriverInstanceForSafari] failed. With the following test data [Failed to create a session on DESKTOP_SAFARI]. @17-01-2022 02:03:27.0309 A

################################################################################################################################################
Starting Execution:	[6 out of 162] test cases in the current suite
Test Method:		[unitTests.tests_browserActions.fullScreenWindow]
###############################################################################################################################################



################################################################################################################################################
Starting Execution:	[7 out of 162] test cases in the current suite
Test Method:		[unitTests.tests_browserActions.getCurrentURL]
###############################################################################################################################################



################################################################################################################################################
Starting Execution:	[8 out of 162] test cases in the current suite
Test Method:		[unitTests.tests_browserActions.getCurrentWindowTitle]
###############################################################################################################################################



################################################################################################################################################
Starting Execution:	[9 out of 162] test cases in the current suite
Test Method:		[unitTests.tests_browserActions.getPageSource]
###############################################################################################################################################



################################################################################################################################################
Starting Execution:	[10 out of 162] test cases in the current suite
Test Method:		[unitTests.tests_browserActions.getWindowHandle]
###############################################################################################################################################



################################################################################################################################################
Starting Execution:	[11 out of 162] test cases in the current suite
Test Method:		[unitTests.tests_browserActions.getWindowPosition]
###############################################################################################################################################



################################################################################################################################################
Starting Execution:	[12 out of 162] test cases in the current suite
Test Method:		[unitTests.tests_browserActions.getWindowSize]
###############################################################################################################################################



################################################################################################################################################
Starting Execution:	[13 out of 162] test cases in the current suite
Test Method:		[unitTests.tests_browserActions.maximizeWindow]
###############################################################################################################################################



################################################################################################################################################
Starting Execution:	[14 out of 162] test cases in the current suite
Test Method:		[unitTests.tests_browserActions.navigateBack]
###############################################################################################################################################



################################################################################################################################################
Starting Execution:	[15 out of 162] test cases in the current suite
Test Method:		[unitTests.tests_browserActions.navigateForward]
###############################################################################################################################################



################################################################################################################################################
Starting Execution:	[16 out of 162] test cases in the current suite
Test Method:		[unitTests.tests_browserActions.navigateToURL]
###############################################################################################################################################



################################################################################################################################################
Starting Execution:	[17 out of 162] test cases in the current suite
Test Method:		[unitTests.tests_browserActions.navigateToURLWithRedirection]
###############################################################################################################################################



################################################################################################################################################
Starting Execution:	[18 out of 162] test cases in the current suite
Test Method:		[unitTests.tests_browserActions.refreshCurrentPage]
###############################################################################################################################################



################################################################################################################################################
Starting Execution:	[19 out of 162] test cases in the current suite
Test Method:		[unitTests.tests_browserActions.setWindowSize]
###############################################################################################################################################

[ReportManager] Successfully loaded the following test data file [src/test/resources/testDataFiles/testSuite01/TestData.xlsx]. @17-01-2022 02:03:35.0027 AM
[ReportManager] Successfully created attachment [Test Data - Excel] @17-01-2022 02:03:35.0094 A

################################################################################################################################################
Starting Execution:	[20 out of 162] test cases in the current suite
Test Method:		[unitTests.tests_io_excelFileManager.getCellData_rowName_expectedToPass]
################################################################################################################################################
[ReportManager] testRowData. @17-01-2022 02:03:35.0271 A

################################################################################################################################################
Starting Execution:	[21 out of 162] test cases in the current suite
Test Method:		[unitTests.tests_validations_assertions.assertComparativeRelation_greaterThanOrEquals_false_equals_expectedToFail]
################################################################################################################################################
[ReportManager] Assertion [ValidateComparativeRelation] FAILED. Expected [1] and Actual [1]. Comparison Type [GREATER_THAN_OR_EQUALS]. Validation Type [NEGATIVE]. @17-01-2022 02:03:35.0412 A

################################################################################################################################################
Starting Execution:	[22 out of 162] test cases in the current suite
Test Method:		[unitTests.tests_validations_assertions.assertComparativeRelation_greaterThanOrEquals_false_equals_expectedToPass]
################################################################################################################################################
[ReportManager] Assertion [ValidateComparativeRelation] PASSED. Expected [2] and Actual [1]. Comparison Type [GREATER_THAN_OR_EQUALS]. Validation Type [NEGATIVE]. @17-01-2022 02:03:35.0456 A

################################################################################################################################################
Starting Execution:	[23 out of 162] test cases in the current suite
Test Method:		[unitTests.tests_validations_assertions.assertComparativeRelation_greaterThanOrEquals_false_greaterThan_expectedToFail]
################################################################################################################################################
[ReportManager] Assertion [ValidateComparativeRelation] FAILED. Expected [1] and Actual [2]. Comparison Type [GREATER_THAN_OR_EQUALS]. Validation Type [NEGATIVE]. @17-01-2022 02:03:35.0461 A

################################################################################################################################################
Starting Execution:	[24 out of 162] test cases in the current suite
Test Method:		[unitTests.tests_validations_assertions.assertComparativeRelation_greaterThanOrEquals_false_greaterThan_expectedToPass]
################################################################################################################################################
[ReportManager] Assertion [ValidateComparativeRelation] PASSED. Expected [2] and Actual [1]. Comparison Type [GREATER_THAN_OR_EQUALS]. Validation Type [NEGATIVE]. @17-01-2022 02:03:35.0588 A

################################################################################################################################################
Starting Execution:	[25 out of 162] test cases in the current suite
Test Method:		[unitTests.tests_validations_assertions.assertComparativeRelation_greaterThanOrEquals_true_equals_expectedToFail]
################################################################################################################################################
[ReportManager] Assertion [ValidateComparativeRelation] FAILED. Expected [1] and Actual [0]. Comparison Type [GREATER_THAN_OR_EQUALS]. Validation Type [POSITIVE]. @17-01-2022 02:03:35.0715 A

################################################################################################################################################
Starting Execution:	[26 out of 162] test cases in the current suite
Test Method:		[unitTests.tests_validations_assertions.assertComparativeRelation_greaterThanOrEquals_true_equals_expectedToPass]
################################################################################################################################################
[ReportManager] Assertion [ValidateComparativeRelation] PASSED. Expected [1] and Actual [1]. Comparison Type [GREATER_THAN_OR_EQUALS]. Validation Type [POSITIVE]. @17-01-2022 02:03:35.0841 A

################################################################################################################################################
Starting Execution:	[27 out of 162] test cases in the current suite
Test Method:		[unitTests.tests_validations_assertions.assertComparativeRelation_greaterThanOrEquals_true_greaterThan_expectedToFail]
################################################################################################################################################
[ReportManager] Assertion [ValidateComparativeRelation] FAILED. Expected [2] and Actual [1]. Comparison Type [GREATER_THAN_OR_EQUALS]. Validation Type [POSITIVE]. @17-01-2022 02:03:35.0968 A

################################################################################################################################################
Starting Execution:	[28 out of 162] test cases in the current suite
Test Method:		[unitTests.tests_validations_assertions.assertComparativeRelation_greaterThanOrEquals_true_greaterThan_expectedToPass]
################################################################################################################################################
[ReportManager] Assertion [ValidateComparativeRelation] PASSED. Expected [1] and Actual [2]. Comparison Type [GREATER_THAN_OR_EQUALS]. Validation Type [POSITIVE]. @17-01-2022 02:03:36.0136 A
[ReportManager] File Action [GetAbsolutePath] successfully performed. With the following test data [Relative Folder Path: "target/downloadedFiles/"]. @17-01-2022 02:03:36.0261 AM
[ReportManager] Attempting to run locally on: [Mac-64], [Safari], Headless Execution. @17-01-2022 02:03:36.0261 AM
[ReportManager] Successfully Opened Safari. @17-01-2022 02:03:37.0959 AM
[ReportManager] Initial window size: (800, 600) @17-01-2022 02:03:37.0987 AM
[ReportManager] Window size after SWD Maximize: (1176, 802) @17-01-2022 02:03:38.0052 AM
[ReportManager] Browser Action [MaximizeWindow] successfully performed. With the following test data [New screen size is now: (1176, 802)]. @17-01-2022 02:03:38.0053 AM
[ReportManager] Target URL: [https://www.google.com/ncr], and after redirection: [www.google.com] @17-01-2022 02:03:38.0059 AM
[ReportManager] Initial URL: [] @17-01-2022 02:03:38.0129 AM
[ReportManager] Browser Action [NavigateToURL] successfully performed. With the following test data [https://www.google.com/ncr]. @17-01-2022 02:03:39.0552 A

################################################################################################################################################
Starting Execution:	[29 out of 162] test cases in the current suite
Test Method:		[unitTests.tests_validations_assertions.assertElementAttribute_false_caseInsensitiveComparison_expectedToFail]
################################################################################################################################################
[ReportManager] Element Action [Type] successfully performed. With the following test data [AUTOMATION]. @17-01-2022 02:03:40.0907 AM
[ReportManager] Element Action [GetText] successfully performed. With the following test data [AUTOMATION]. @17-01-2022 02:03:41.0022 AM
[ReportManager] Assertion [ValidateElementAttribute] FAILED. Expected [Value Should not be 'AutomaTion' for the 'text' attribute, element locator 'By.name: q'] and Actual [AUTOMATION]. Comparison Type [CASE_INSENSITIVE]. Validation Type [NEGATIVE]. @17-01-2022 02:03:46.0227 AM
[ReportManager] Successfully created attachment [Screenshot - 1642385023232_assertElementAttribute_false_caseInsensitiveComparison_expectedToFail_ValidateElementAttribute_failed] @17-01-2022 02:03:46.0327 A
[ReportManager] Browser Action [CloseCurrentWindow] successfully performed. @17-01-2022 02:03:46.0750 AM
[ReportManager] Successfully created attachment [Browser Action Test Data - CloseCurrentWindow - Actual Value] @17-01-2022 02:03:46.0792 A
[ReportManager] File Action [GetAbsolutePath] successfully performed. With the following test data [Relative Folder Path: "target/downloadedFiles/"]. @17-01-2022 02:03:46.0921 AM
[ReportManager] Attempting to run locally on: [Mac-64], [Safari], Headless Execution. @17-01-2022 02:03:46.0921 AM
[ReportManager] Successfully Opened Safari. @17-01-2022 02:03:47.0944 AM
[ReportManager] Initial window size: (800, 600) @17-01-2022 02:03:47.0977 AM
[ReportManager] Window size after SWD Maximize: (1176, 803) @17-01-2022 02:03:48.0020 AM
[ReportManager] Browser Action [MaximizeWindow] successfully performed. With the following test data [New screen size is now: (1176, 803)]. @17-01-2022 02:03:48.0020 AM
[ReportManager] Target URL: [https://www.google.com/ncr], and after redirection: [www.google.com] @17-01-2022 02:03:48.0020 AM
[ReportManager] Initial URL: [] @17-01-2022 02:03:48.0083 AM
[ReportManager] Browser Action [NavigateToURL] successfully performed. With the following test data [https://www.google.com/ncr]. @17-01-2022 02:03:48.0888 A

################################################################################################################################################
Starting Execution:	[30 out of 162] test cases in the current suite
Test Method:		[unitTests.tests_validations_assertions.assertElementAttribute_false_caseInsensitiveComparison_expectedToPass]
################################################################################################################################################
[ReportManager] Element Action [Type] successfully performed. With the following test data [AUTOMATION]. @17-01-2022 02:03:49.0523 AM
[ReportManager] Element Action [GetText] successfully performed. With the following test data [AUTOMATION]. @17-01-2022 02:03:49.0623 AM
[ReportManager] Assertion [ValidateElementAttribute] PASSED. Expected [Value Should not be 'AutomaTion123' for the 'text' attribute, element locator 'By.name: q'] and Actual [AUTOMATION]. Comparison Type [CASE_INSENSITIVE]. Validation Type [NEGATIVE]. @17-01-2022 02:03:50.0039 AM
[ReportManager] Successfully created attachment [Screenshot - 1642385029806_assertElementAttribute_false_caseInsensitiveComparison_expectedToPass_ValidateElementAttribute_passed] @17-01-2022 02:03:50.0125 A
[ReportManager] Browser Action [CloseCurrentWindow] successfully performed. @17-01-2022 02:03:50.0642 AM
[ReportManager] Successfully created attachment [Browser Action Test Data - CloseCurrentWindow - Actual Value] @17-01-2022 02:03:50.0685 A
[ReportManager] File Action [GetAbsolutePath] successfully performed. With the following test data [Relative Folder Path: "target/downloadedFiles/"]. @17-01-2022 02:03:50.0813 AM
[ReportManager] Attempting to run locally on: [Mac-64], [Safari], Headless Execution. @17-01-2022 02:03:50.0813 AM
[ReportManager] Successfully Opened Safari. @17-01-2022 02:03:51.0717 AM
[ReportManager] Initial window size: (800, 600) @17-01-2022 02:03:51.0725 AM
[ReportManager] Window size after SWD Maximize: (1176, 803) @17-01-2022 02:03:51.0751 AM
[ReportManager] Browser Action [MaximizeWindow] successfully performed. With the following test data [New screen size is now: (1176, 803)]. @17-01-2022 02:03:51.0752 AM
[ReportManager] Target URL: [https://www.google.com/ncr], and after redirection: [www.google.com] @17-01-2022 02:03:51.0752 AM
[ReportManager] Initial URL: [] @17-01-2022 02:03:51.0815 AM
[ReportManager] Browser Action [NavigateToURL] successfully performed. With the following test data [https://www.google.com/ncr]. @17-01-2022 02:03:53.0460 A

################################################################################################################################################
Starting Execution:	[31 out of 162] test cases in the current suite
Test Method:		[unitTests.tests_validations_assertions.assertElementAttribute_false_containsComparison_expectedToFail]
################################################################################################################################################
[ReportManager] Element Action [Type] successfully performed. With the following test data [Automation123]. @17-01-2022 02:03:53.0986 AM
[ReportManager] Element Action [GetText] successfully performed. With the following test data [Automation123]. @17-01-2022 02:03:54.0071 AM
[ReportManager] Assertion [ValidateElementAttribute] FAILED. Expected [Value Should not be 'Automation' for the 'text' attribute, element locator 'By.name: q'] and Actual [Automation123]. Comparison Type [CONTAINS]. Validation Type [NEGATIVE]. @17-01-2022 02:03:54.0485 AM
[ReportManager] Successfully created attachment [Screenshot - 1642385034241_assertElementAttribute_false_containsComparison_expectedToFail_ValidateElementAttribute_failed] @17-01-2022 02:03:54.0569 A
[ReportManager] Browser Action [CloseCurrentWindow] successfully performed. @17-01-2022 02:03:54.0911 AM
[ReportManager] Successfully created attachment [Browser Action Test Data - CloseCurrentWindow - Actual Value] @17-01-2022 02:03:54.0954 A
[ReportManager] File Action [GetAbsolutePath] successfully performed. With the following test data [Relative Folder Path: "target/downloadedFiles/"]. @17-01-2022 02:03:55.0083 AM
[ReportManager] Attempting to run locally on: [Mac-64], [Safari], Headless Execution. @17-01-2022 02:03:55.0083 AM
[ReportManager] Successfully Opened Safari. @17-01-2022 02:03:55.0999 AM
[ReportManager] Initial window size: (800, 600) @17-01-2022 02:03:56.0021 AM
[ReportManager] Window size after SWD Maximize: (1176, 803) @17-01-2022 02:03:56.0044 AM
[ReportManager] Browser Action [MaximizeWindow] successfully performed. With the following test data [New screen size is now: (1176, 803)]. @17-01-2022 02:03:56.0045 AM
[ReportManager] Target URL: [https://www.google.com/ncr], and after redirection: [www.google.com] @17-01-2022 02:03:56.0046 AM
[ReportManager] Initial URL: [] @17-01-2022 02:03:56.0106 AM
[ReportManager] Browser Action [NavigateToURL] successfully performed. With the following test data [https://www.google.com/ncr]. @17-01-2022 02:03:57.0565 A

################################################################################################################################################
Starting Execution:	[32 out of 162] test cases in the current suite
Test Method:		[unitTests.tests_validations_assertions.assertElementAttribute_false_containsComparison_expectedToPass]
################################################################################################################################################
[ReportManager] Element Action [Type] successfully performed. With the following test data [Automation123]. @17-01-2022 02:03:58.0033 AM
[ReportManager] Element Action [GetText] successfully performed. With the following test data [Automation123]. @17-01-2022 02:03:58.0103 AM
[ReportManager] Assertion [ValidateElementAttribute] PASSED. Expected [Value Should not be 'Automation1234' for the 'text' attribute, element locator 'By.name: q'] and Actual [Automation123]. Comparison Type [CONTAINS]. Validation Type [NEGATIVE]. @17-01-2022 02:03:58.0434 AM
[ReportManager] Successfully created attachment [Screenshot - 1642385038235_assertElementAttribute_false_containsComparison_expectedToPass_ValidateElementAttribute_passed] @17-01-2022 02:03:58.0518 A
[ReportManager] Browser Action [CloseCurrentWindow] successfully performed. @17-01-2022 02:03:59.0038 AM
[ReportManager] Successfully created attachment [Browser Action Test Data - CloseCurrentWindow - Actual Value] @17-01-2022 02:03:59.0081 A
[ReportManager] File Action [GetAbsolutePath] successfully performed. With the following test data [Relative Folder Path: "target/downloadedFiles/"]. @17-01-2022 02:03:59.0213 AM
[ReportManager] Attempting to run locally on: [Mac-64], [Safari], Headless Execution. @17-01-2022 02:03:59.0214 AM
[ReportManager] An Exception Occured with this Message: Could not start a new session. Possible causes are invalid address of the remote server or browser start-up failure.. @17-01-2022 02:03:59.0473 AM
[ReportManager] Successfully created attachment [Exception Stack Trace - org.openqa.selenium.SessionNotCreatedException] @17-01-2022 02:03:59.0514 AM
[ReportManager] Driver Factory Action [createNewLocalDriverInstanceForSafari] failed. With the following test data [Failed to create a session on DESKTOP_SAFARI]. @17-01-2022 02:03:59.0521 A

################################################################################################################################################
Starting Execution:	[33 out of 162] test cases in the current suite
Test Method:		[unitTests.tests_validations_assertions.assertElementAttribute_false_literalComparison_expectedToFail]
###############################################################################################################################################



################################################################################################################################################
Starting Execution:	[34 out of 162] test cases in the current suite
Test Method:		[unitTests.tests_validations_assertions.assertElementAttribute_false_literalComparison_expectedToPass]
###############################################################################################################################################



################################################################################################################################################
Starting Execution:	[35 out of 162] test cases in the current suite
Test Method:		[unitTests.tests_validations_assertions.assertElementAttribute_false_regexComparison_expectedToFail]
###############################################################################################################################################



################################################################################################################################################
Starting Execution:	[36 out of 162] test cases in the current suite
Test Method:		[unitTests.tests_validations_assertions.assertElementAttribute_false_regexComparison_expectedToPass]
###############################################################################################################################################



################################################################################################################################################
Starting Execution:	[37 out of 162] test cases in the current suite
Test Method:		[unitTests.tests_validations_assertions.assertElementAttribute_true_caseInsensitiveComparison_expectedToFail]
###############################################################################################################################################



################################################################################################################################################
Starting Execution:	[38 out of 162] test cases in the current suite
Test Method:		[unitTests.tests_validations_assertions.assertElementAttribute_true_caseInsensitiveComparison_expectedToPass]
###############################################################################################################################################



################################################################################################################################################
Starting Execution:	[39 out of 162] test cases in the current suite
Test Method:		[unitTests.tests_validations_assertions.assertElementAttribute_true_containsComparison_expectedToFail]
###############################################################################################################################################



################################################################################################################################################
Starting Execution:	[40 out of 162] test cases in the current suite
Test Method:		[unitTests.tests_validations_assertions.assertElementAttribute_true_containsComparison_expectedToPass]
###############################################################################################################################################



################################################################################################################################################
Starting Execution:	[41 out of 162] test cases in the current suite
Test Method:		[unitTests.tests_validations_assertions.assertElementAttribute_true_literalComparison_expectedToFail]
###############################################################################################################################################



################################################################################################################################################
Starting Execution:	[42 out of 162] test cases in the current suite
Test Method:		[unitTests.tests_validations_assertions.assertElementAttribute_true_literalComparison_expectedToPass]
###############################################################################################################################################



################################################################################################################################################
Starting Execution:	[43 out of 162] test cases in the current suite
Test Method:		[unitTests.tests_validations_assertions.assertElementAttribute_true_regexComparison_expectedToFail]
###############################################################################################################################################



################################################################################################################################################
Starting Execution:	[44 out of 162] test cases in the current suite
Test Method:		[unitTests.tests_validations_assertions.assertElementAttribute_true_regexComparison_expectedToPass]
###############################################################################################################################################



################################################################################################################################################
Starting Execution:	[45 out of 162] test cases in the current suite
Test Method:		[unitTests.tests_validations_assertions.assertElementAttribute_type_true_literalComparison_expectedToPass]
###############################################################################################################################################



################################################################################################################################################
Starting Execution:	[46 out of 162] test cases in the current suite
Test Method:		[unitTests.tests_validations_assertions.assertElementExists_false_expectedToFail]
###############################################################################################################################################



################################################################################################################################################
Starting Execution:	[47 out of 162] test cases in the current suite
Test Method:		[unitTests.tests_validations_assertions.assertElementExists_false_expectedToPass]
###############################################################################################################################################



################################################################################################################################################
Starting Execution:	[48 out of 162] test cases in the current suite
Test Method:		[unitTests.tests_validations_assertions.assertElementExists_false_multipleElementsFound_expectedToFail]
###############################################################################################################################################



################################################################################################################################################
Starting Execution:	[49 out of 162] test cases in the current suite
Test Method:		[unitTests.tests_validations_assertions.assertElementExists_true_expectedToFail]
###############################################################################################################################################



################################################################################################################################################
Starting Execution:	[50 out of 162] test cases in the current suite
Test Method:		[unitTests.tests_validations_assertions.assertElementExists_true_expectedToPass]
###############################################################################################################################################



################################################################################################################################################
Starting Execution:	[51 out of 162] test cases in the current suite
Test Method:		[unitTests.tests_validations_assertions.assertElementExists_true_multipleElementsFound_expectedToFail]
###############################################################################################################################################


################################################################################################################################################
Starting Execution:	[52 out of 162] test cases in the current suite
Test Method:		[unitTests.tests_validations_assertions.assertEquals_false_expectedToFail]
###############################################################################################################################################

################################################################################################################################################
Starting Execution:	[53 out of 162] test cases in the current suite
Test Method:		[unitTests.tests_validations_assertions.assertEquals_false_expectedToPass]
###############################################################################################################################################

################################################################################################################################################
Starting Execution:	[54 out of 162] test cases in the current suite
Test Method:		[unitTests.tests_validations_assertions.assertEquals_longCharacters]
###############################################################################################################################################

################################################################################################################################################
Starting Execution:	[55 out of 162] test cases in the current suite
Test Method:		[unitTests.tests_validations_assertions.assertEquals_longCharacters_Discreet]
###############################################################################################################################################

################################################################################################################################################
Starting Execution:	[56 out of 162] test cases in the current suite
Test Method:		[unitTests.tests_validations_assertions.assertEquals_true_expectedToFail]
###############################################################################################################################################

################################################################################################################################################
Starting Execution:	[57 out of 162] test cases in the current suite
Test Method:		[unitTests.tests_validations_assertions.assertEquals_true_expectedToPass]
Test Description:	[Assert that assertEquals works as expected when the two values are equal.]
###############################################################################################################################################

################################################################################################################################################
Starting Execution:	[58 out of 162] test cases in the current suite
Test Method:		[unitTests.tests_validations_assertions.assertEquals_true_expectedToPass__]
###############################################################################################################################################

################################################################################################################################################
Starting Execution:	[59 out of 162] test cases in the current suite
Test Method:		[unitTests.tests_validations_assertions.assertFileExists_false_expectedToFail]
###############################################################################################################################################

################################################################################################################################################
Starting Execution:	[60 out of 162] test cases in the current suite
Test Method:		[unitTests.tests_validations_assertions.assertFileExists_false_expectedToPass]
###############################################################################################################################################

################################################################################################################################################
Starting Execution:	[61 out of 162] test cases in the current suite
Test Method:		[unitTests.tests_validations_assertions.assertFileExists_true_expectedToFail]
###############################################################################################################################################

################################################################################################################################################
Starting Execution:	[62 out of 162] test cases in the current suite
Test Method:		[unitTests.tests_validations_assertions.assertFileExists_true_expectedToPass]
###############################################################################################################################################

################################################################################################################################################
Starting Execution:	[63 out of 162] test cases in the current suite
Test Method:		[unitTests.tests_validations_assertions.assertNull_false_expectedToFail]
###############################################################################################################################################

################################################################################################################################################
Starting Execution:	[64 out of 162] test cases in the current suite
Test Method:		[unitTests.tests_validations_assertions.assertNull_false_expectedToPass]
###############################################################################################################################################

################################################################################################################################################
Starting Execution:	[65 out of 162] test cases in the current suite
Test Method:		[unitTests.tests_validations_assertions.assertNull_true_expectedToFail]
###############################################################################################################################################

################################################################################################################################################
Starting Execution:	[66 out of 162] test cases in the current suite
Test Method:		[unitTests.tests_validations_assertions.assertNull_true_expectedToPass]
###############################################################################################################################################

################################################################################################################################################
Starting Execution:	[67 out of 162] test cases in the current suite
Test Method:		[unitTests.tests_restActions.getPostsAndAssertBodyForSpecificTitle]
################################################################################################################################################
[ReportManager] Response status code: [200], status line: [HTTP/1.1 200 OK] @17-01-2022 02:04:08.0852 AM
[ReportManager] Assertion Passed: Evaluating the actual response status code against the expected one... @17-01-2022 02:04:08.0857 AM
[ReportManager] Assertion [ValidateComparativeRelation] PASSED. Expected [200] and Actual [200]. Comparison Type [EQUALS]. Validation Type [POSITIVE]. @17-01-2022 02:04:08.0858 AM
[ReportManager] API Action [PerformRequest] successfully performed. With the following test data [Request Type: "GET" | Target Status Code: "200" | Service URL: "https://jsonplaceholder.typicode.com/posts" | Content Type: "*/*" | Response Time: "637ms"]. @17-01-2022 02:04:09.0950 AM
[ReportManager] Successfully created attachment [API Request - Specifications] @17-01-2022 02:04:09.0992 AM
[ReportManager] Successfully created attachment [API Response - JSON Body] @17-01-2022 02:04:10.0305 AM
[ReportManager] API Action [GetResponseJSONValueAsList] successfully performed. @17-01-2022 02:04:10.0333 AM
[ReportManager] API Action [GetResponseJSONValue] successfully performed. With the following test data [title]. @17-01-2022 02:04:10.0353 AM
[ReportManager] API Action [GetResponseJSONValue] successfully performed. With the following test data [title]. @17-01-2022 02:04:10.0368 AM
[ReportManager] API Action [GetResponseJSONValue] successfully performed. With the following test data [body]. @17-01-2022 02:04:10.0383 AM
[ReportManager] Assertion [ValidateEquals] PASSED. Expected [qui neque nisi nulla] and Actual [est rerum tempore vitae
sequi sint nihil reprehenderit dolor beatae ea dolores neque
fugiat blanditiis voluptate porro vel nihil molestiae ut reiciendis
qui aperiam non debitis possimus qui neque nisi nulla]. Comparison Type [CONTAINS]. Validation Type [POSITIVE]. @17-01-2022 02:04:10.0383 AM
[ReportManager] API Action [GetResponseJSONValue] successfully performed. With the following test data [title]. @17-01-2022 02:04:10.0397 AM
[ReportManager] API Action [GetResponseJSONValue] successfully performed. With the following test data [title]. @17-01-2022 02:04:10.0410 AM
[ReportManager] API Action [GetResponseJSONValue] successfully performed. With the following test data [title]. @17-01-2022 02:04:10.0423 AM
[ReportManager] API Action [GetResponseJSONValue] successfully performed. With the following test data [title]. @17-01-2022 02:04:10.0436 AM
[ReportManager] API Action [GetResponseJSONValue] successfully performed. With the following test data [title]. @17-01-2022 02:04:10.0450 AM
[ReportManager] API Action [GetResponseJSONValue] successfully performed. With the following test data [title]. @17-01-2022 02:04:10.0465 AM
[ReportManager] API Action [GetResponseJSONValue] successfully performed. With the following test data [title]. @17-01-2022 02:04:10.0477 AM
[ReportManager] API Action [GetResponseJSONValue] successfully performed. With the following test data [title]. @17-01-2022 02:04:10.0491 AM
[ReportManager] API Action [GetResponseJSONValue] successfully performed. With the following test data [title]. @17-01-2022 02:04:10.0505 AM
[ReportManager] API Action [GetResponseJSONValue] successfully performed. With the following test data [title]. @17-01-2022 02:04:10.0518 AM
[ReportManager] API Action [GetResponseJSONValue] successfully performed. With the following test data [title]. @17-01-2022 02:04:10.0540 AM
[ReportManager] API Action [GetResponseJSONValue] successfully performed. With the following test data [title]. @17-01-2022 02:04:10.0556 AM
[ReportManager] API Action [GetResponseJSONValue] successfully performed. With the following test data [title]. @17-01-2022 02:04:10.0569 AM
[ReportManager] API Action [GetResponseJSONValue] successfully performed. With the following test data [title]. @17-01-2022 02:04:10.0582 AM
[ReportManager] API Action [GetResponseJSONValue] successfully performed. With the following test data [title]. @17-01-2022 02:04:10.0595 AM
[ReportManager] API Action [GetResponseJSONValue] successfully performed. With the following test data [title]. @17-01-2022 02:04:10.0610 AM
[ReportManager] API Action [GetResponseJSONValue] successfully performed. With the following test data [title]. @17-01-2022 02:04:10.0624 AM
[ReportManager] API Action [GetResponseJSONValue] successfully performed. With the following test data [title]. @17-01-2022 02:04:10.0639 AM
[ReportManager] API Action [GetResponseJSONValue] successfully performed. With the following test data [title]. @17-01-2022 02:04:10.0653 AM
[ReportManager] API Action [GetResponseJSONValue] successfully performed. With the following test data [title]. @17-01-2022 02:04:10.0665 AM
[ReportManager] API Action [GetResponseJSONValue] successfully performed. With the following test data [title]. @17-01-2022 02:04:10.0678 AM
[ReportManager] API Action [GetResponseJSONValue] successfully performed. With the following test data [title]. @17-01-2022 02:04:10.0692 AM
[ReportManager] API Action [GetResponseJSONValue] successfully performed. With the following test data [title]. @17-01-2022 02:04:10.0704 AM
[ReportManager] API Action [GetResponseJSONValue] successfully performed. With the following test data [title]. @17-01-2022 02:04:10.0716 AM
[ReportManager] API Action [GetResponseJSONValue] successfully performed. With the following test data [title]. @17-01-2022 02:04:10.0728 AM
[ReportManager] API Action [GetResponseJSONValue] successfully performed. With the following test data [title]. @17-01-2022 02:04:10.0741 AM
[ReportManager] API Action [GetResponseJSONValue] successfully performed. With the following test data [title]. @17-01-2022 02:04:10.0754 AM
[ReportManager] API Action [GetResponseJSONValue] successfully performed. With the following test data [title]. @17-01-2022 02:04:10.0768 AM
[ReportManager] API Action [GetResponseJSONValue] successfully performed. With the following test data [title]. @17-01-2022 02:04:10.0781 AM
[ReportManager] API Action [GetResponseJSONValue] successfully performed. With the following test data [title]. @17-01-2022 02:04:10.0792 AM
[ReportManager] API Action [GetResponseJSONValue] successfully performed. With the following test data [title]. @17-01-2022 02:04:10.0804 AM
[ReportManager] API Action [GetResponseJSONValue] successfully performed. With the following test data [title]. @17-01-2022 02:04:10.0817 AM
[ReportManager] API Action [GetResponseJSONValue] successfully performed. With the following test data [title]. @17-01-2022 02:04:10.0830 AM
[ReportManager] API Action [GetResponseJSONValue] successfully performed. With the following test data [title]. @17-01-2022 02:04:10.0842 AM
[ReportManager] API Action [GetResponseJSONValue] successfully performed. With the following test data [title]. @17-01-2022 02:04:10.0854 AM
[ReportManager] API Action [GetResponseJSONValue] successfully performed. With the following test data [title]. @17-01-2022 02:04:10.0866 AM
[ReportManager] API Action [GetResponseJSONValue] successfully performed. With the following test data [title]. @17-01-2022 02:04:10.0876 AM
[ReportManager] API Action [GetResponseJSONValue] successfully performed. With the following test data [title]. @17-01-2022 02:04:10.0888 AM
[ReportManager] API Action [GetResponseJSONValue] successfully performed. With the following test data [title]. @17-01-2022 02:04:10.0901 AM
[ReportManager] API Action [GetResponseJSONValue] successfully performed. With the following test data [title]. @17-01-2022 02:04:10.0913 AM
[ReportManager] API Action [GetResponseJSONValue] successfully performed. With the following test data [title]. @17-01-2022 02:04:10.0924 AM
[ReportManager] API Action [GetResponseJSONValue] successfully performed. With the following test data [title]. @17-01-2022 02:04:10.0936 AM
[ReportManager] API Action [GetResponseJSONValue] successfully performed. With the following test data [title]. @17-01-2022 02:04:10.0971 AM
[ReportManager] API Action [GetResponseJSONValue] successfully performed. With the following test data [title]. @17-01-2022 02:04:10.0985 AM
[ReportManager] API Action [GetResponseJSONValue] successfully performed. With the following test data [title]. @17-01-2022 02:04:11.0000 AM
[ReportManager] API Action [GetResponseJSONValue] successfully performed. With the following test data [title]. @17-01-2022 02:04:11.0015 AM
[ReportManager] API Action [GetResponseJSONValue] successfully performed. With the following test data [title]. @17-01-2022 02:04:11.0040 AM
[ReportManager] API Action [GetResponseJSONValue] successfully performed. With the following test data [title]. @17-01-2022 02:04:11.0059 AM
[ReportManager] API Action [GetResponseJSONValue] successfully performed. With the following test data [title]. @17-01-2022 02:04:11.0074 AM
[ReportManager] API Action [GetResponseJSONValue] successfully performed. With the following test data [title]. @17-01-2022 02:04:11.0090 AM
[ReportManager] API Action [GetResponseJSONValue] successfully performed. With the following test data [title]. @17-01-2022 02:04:11.0113 AM
[ReportManager] API Action [GetResponseJSONValue] successfully performed. With the following test data [title]. @17-01-2022 02:04:11.0134 AM
[ReportManager] API Action [GetResponseJSONValue] successfully performed. With the following test data [title]. @17-01-2022 02:04:11.0158 AM
[ReportManager] API Action [GetResponseJSONValue] successfully performed. With the following test data [title]. @17-01-2022 02:04:11.0176 AM
[ReportManager] API Action [GetResponseJSONValue] successfully performed. With the following test data [title]. @17-01-2022 02:04:11.0191 AM
[ReportManager] API Action [GetResponseJSONValue] successfully performed. With the following test data [title]. @17-01-2022 02:04:11.0211 AM
[ReportManager] API Action [GetResponseJSONValue] successfully performed. With the following test data [title]. @17-01-2022 02:04:11.0232 AM
[ReportManager] API Action [GetResponseJSONValue] successfully performed. With the following test data [title]. @17-01-2022 02:04:11.0245 AM
[ReportManager] API Action [GetResponseJSONValue] successfully performed. With the following test data [title]. @17-01-2022 02:04:11.0274 AM
[ReportManager] API Action [GetResponseJSONValue] successfully performed. With the following test data [title]. @17-01-2022 02:04:11.0318 AM
[ReportManager] API Action [GetResponseJSONValue] successfully performed. With the following test data [title]. @17-01-2022 02:04:11.0332 AM
[ReportManager] API Action [GetResponseJSONValue] successfully performed. With the following test data [title]. @17-01-2022 02:04:11.0346 AM
[ReportManager] API Action [GetResponseJSONValue] successfully performed. With the following test data [title]. @17-01-2022 02:04:11.0360 AM
[ReportManager] API Action [GetResponseJSONValue] successfully performed. With the following test data [title]. @17-01-2022 02:04:11.0374 AM
[ReportManager] API Action [GetResponseJSONValue] successfully performed. With the following test data [title]. @17-01-2022 02:04:11.0387 AM
[ReportManager] API Action [GetResponseJSONValue] successfully performed. With the following test data [title]. @17-01-2022 02:04:11.0400 AM
[ReportManager] API Action [GetResponseJSONValue] successfully performed. With the following test data [title]. @17-01-2022 02:04:11.0413 AM
[ReportManager] API Action [GetResponseJSONValue] successfully performed. With the following test data [title]. @17-01-2022 02:04:11.0427 AM
[ReportManager] API Action [GetResponseJSONValue] successfully performed. With the following test data [title]. @17-01-2022 02:04:11.0440 AM
[ReportManager] API Action [GetResponseJSONValue] successfully performed. With the following test data [title]. @17-01-2022 02:04:11.0454 AM
[ReportManager] API Action [GetResponseJSONValue] successfully performed. With the following test data [title]. @17-01-2022 02:04:11.0468 AM
[ReportManager] API Action [GetResponseJSONValue] successfully performed. With the following test data [title]. @17-01-2022 02:04:11.0484 AM
[ReportManager] API Action [GetResponseJSONValue] successfully performed. With the following test data [title]. @17-01-2022 02:04:11.0496 AM
[ReportManager] API Action [GetResponseJSONValue] successfully performed. With the following test data [title]. @17-01-2022 02:04:11.0508 AM
[ReportManager] API Action [GetResponseJSONValue] successfully performed. With the following test data [title]. @17-01-2022 02:04:11.0520 AM
[ReportManager] API Action [GetResponseJSONValue] successfully performed. With the following test data [title]. @17-01-2022 02:04:11.0532 AM
[ReportManager] API Action [GetResponseJSONValue] successfully performed. With the following test data [title]. @17-01-2022 02:04:11.0543 AM
[ReportManager] API Action [GetResponseJSONValue] successfully performed. With the following test data [title]. @17-01-2022 02:04:11.0554 AM
[ReportManager] API Action [GetResponseJSONValue] successfully performed. With the following test data [title]. @17-01-2022 02:04:11.0565 AM
[ReportManager] API Action [GetResponseJSONValue] successfully performed. With the following test data [title]. @17-01-2022 02:04:11.0578 AM
[ReportManager] API Action [GetResponseJSONValue] successfully performed. With the following test data [title]. @17-01-2022 02:04:11.0591 AM
[ReportManager] API Action [GetResponseJSONValue] successfully performed. With the following test data [title]. @17-01-2022 02:04:11.0603 AM
[ReportManager] API Action [GetResponseJSONValue] successfully performed. With the following test data [title]. @17-01-2022 02:04:11.0615 AM
[ReportManager] API Action [GetResponseJSONValue] successfully performed. With the following test data [title]. @17-01-2022 02:04:11.0630 AM
[ReportManager] API Action [GetResponseJSONValue] successfully performed. With the following test data [title]. @17-01-2022 02:04:11.0642 AM
[ReportManager] API Action [GetResponseJSONValue] successfully performed. With the following test data [title]. @17-01-2022 02:04:11.0654 AM
[ReportManager] API Action [GetResponseJSONValue] successfully performed. With the following test data [title]. @17-01-2022 02:04:11.0666 AM
[ReportManager] API Action [GetResponseJSONValue] successfully performed. With the following test data [title]. @17-01-2022 02:04:11.0678 AM
[ReportManager] API Action [GetResponseJSONValue] successfully performed. With the following test data [title]. @17-01-2022 02:04:11.0693 AM
[ReportManager] API Action [GetResponseJSONValue] successfully performed. With the following test data [title]. @17-01-2022 02:04:11.0708 AM
[ReportManager] API Action [GetResponseJSONValue] successfully performed. With the following test data [title]. @17-01-2022 02:04:11.0724 AM
[ReportManager] API Action [GetResponseJSONValue] successfully performed. With the following test data [title]. @17-01-2022 02:04:11.0742 AM
[ReportManager] API Action [GetResponseJSONValue] successfully performed. With the following test data [title]. @17-01-2022 02:04:11.0755 AM
[ReportManager] API Action [GetResponseJSONValue] successfully performed. With the following test data [title]. @17-01-2022 02:04:11.0770 AM
[ReportManager] API Action [GetResponseJSONValue] successfully performed. With the following test data [title]. @17-01-2022 02:04:11.0783 AM
[ReportManager] API Action [GetResponseJSONValue] successfully performed. With the following test data [title]. @17-01-2022 02:04:11.0796 AM
[ReportManager] API Action [GetResponseJSONValue] successfully performed. With the following test data [title]. @17-01-2022 02:04:11.0807 AM
[ReportManager] API Action [GetResponseJSONValue] successfully performed. With the following test data [title]. @17-01-2022 02:04:11.0818 A

################################################################################################################################################
Starting Execution:	[68 out of 162] test cases in the current suite
Test Method:		[unitTests.tests_restActions.validateUserEmail]
################################################################################################################################################
[ReportManager] Response status code: [200], status line: [HTTP/1.1 200 OK] @17-01-2022 02:04:12.0204 AM
[ReportManager] Assertion Passed: Evaluating the actual response status code against the expected one... @17-01-2022 02:04:12.0205 AM
[ReportManager] Assertion [ValidateComparativeRelation] PASSED. Expected [200] and Actual [200]. Comparison Type [EQUALS]. Validation Type [POSITIVE]. @17-01-2022 02:04:12.0205 AM
[ReportManager] API Action [PerformRequest] successfully performed. With the following test data [Request Type: "GET" | Target Status Code: "200" | Service URL: "https://jsonplaceholder.typicode.com/users" | Content Type: "*/*" | Response Time: "250ms"]. @17-01-2022 02:04:12.0227 AM
[ReportManager] Successfully created attachment [API Request - Specifications] @17-01-2022 02:04:12.0269 AM
[ReportManager] Successfully created attachment [API Response - JSON Body] @17-01-2022 02:04:12.0351 AM
[ReportManager] Assertion [ValidateEquals] PASSED. Expected and Actual values are attached. Comparison Type [CONTAINS]. Validation Type [POSITIVE]. @17-01-2022 02:04:12.0352 AM
[ReportManager] Successfully created attachment [Validation Test Data - Expected Value] @17-01-2022 02:04:12.0394 AM
[ReportManager] Successfully created attachment [Validation Test Data - Actual Value] @17-01-2022 02:04:12.0477 AM
[ReportManager] API Action [GetResponseJSONValueAsList] successfully performed. With the following test data [$]. @17-01-2022 02:04:12.0485 AM
[ReportManager] API Action [GetResponseJSONValue] successfully performed. With the following test data [name]. @17-01-2022 02:04:12.0501 AM
[ReportManager] API Action [GetResponseJSONValue] successfully performed. With the following test data [email]. @17-01-2022 02:04:12.0513 AM
[ReportManager] Assertion [ValidateEquals] PASSED. Expected [Sincere@april.biz] and Actual [Sincere@april.biz]. Comparison Type [EQUALS]. Validation Type [POSITIVE]. @17-01-2022 02:04:12.0514 AM
[ReportManager] API Action [GetResponseJSONValue] successfully performed. With the following test data [name]. @17-01-2022 02:04:12.0527 AM
[ReportManager] API Action [GetResponseJSONValue] successfully performed. With the following test data [name]. @17-01-2022 02:04:12.0541 AM
[ReportManager] API Action [GetResponseJSONValue] successfully performed. With the following test data [name]. @17-01-2022 02:04:12.0554 AM
[ReportManager] API Action [GetResponseJSONValue] successfully performed. With the following test data [name]. @17-01-2022 02:04:12.0566 AM
[ReportManager] API Action [GetResponseJSONValue] successfully performed. With the following test data [name]. @17-01-2022 02:04:12.0578 AM
[ReportManager] API Action [GetResponseJSONValue] successfully performed. With the following test data [name]. @17-01-2022 02:04:12.0592 AM
[ReportManager] API Action [GetResponseJSONValue] successfully performed. With the following test data [name]. @17-01-2022 02:04:12.0603 AM
[ReportManager] API Action [GetResponseJSONValue] successfully performed. With the following test data [name]. @17-01-2022 02:04:12.0615 AM
[ReportManager] API Action [GetResponseJSONValue] successfully performed. With the following test data [name]. @17-01-2022 02:04:12.0627 A
[ReportManager] File Action [GetAbsolutePath] successfully performed. With the following test data [Relative Folder Path: "target/downloadedFiles/"]. @17-01-2022 02:04:12.0753 AM
[ReportManager] Attempting to run locally on: [Mac-64], [Safari], Headless Execution. @17-01-2022 02:04:12.0753 AM
[ReportManager] Successfully Opened Safari. @17-01-2022 02:04:13.0703 AM
[ReportManager] Initial window size: (800, 600) @17-01-2022 02:04:13.0720 AM
[ReportManager] Window size after SWD Maximize: (1176, 803) @17-01-2022 02:04:13.0755 AM
[ReportManager] Browser Action [MaximizeWindow] successfully performed. With the following test data [New screen size is now: (1176, 803)]. @17-01-2022 02:04:13.0756 A

################################################################################################################################################
Starting Execution:	[69 out of 162] test cases in the current suite
Test Method:		[testPackage01.Test_uploadFile.uploadFile_invisibleUploadInput]
################################################################################################################################################
[ReportManager] Target URL: [https://fineuploader.com/demos.html#gallery-view] @17-01-2022 02:04:13.0880 AM
[ReportManager] Initial URL: [] @17-01-2022 02:04:13.0924 AM
[ReportManager] Browser Action [NavigateToURL] successfully performed. With the following test data [https://fineuploader.com/demos.html#gallery-view]. @17-01-2022 02:04:15.0723 AM
[ReportManager] File Action [GetAbsolutePath] successfully performed. With the following test data [Relative File Path: "src/main/resources/images/shaft.png"]. @17-01-2022 02:04:15.0724 AM
[ReportManager] Successfully created attachment [File Action Actual Result - Command Log] @17-01-2022 02:04:15.0787 AM
[ReportManager] Element Action [TypeFileLocationForUpload] successfully performed. With the following test data [/Users/runner/work/SHAFT_ENGINE/SHAFT_ENGINE/src/main/resources/images/shaft.png]. @17-01-2022 02:04:15.0920 AM
[ReportManager] Attempting to getAttribute [src] from elementLocator [By.xpath: //div[@id='fine-uploader-gallery']//div[@class='qq-thumbnail-wrapper']/img]. @17-01-2022 02:04:15.0923 AM
[ReportManager] Element Action [GetAttribute] successfully performed. @17-01-2022 02:04:16.0053 AM
[ReportManager] Successfully created attachment [Element Action Test Data - GetAttribute - Actual Value] @17-01-2022 02:04:16.0095 AM
[ReportManager] Assertion Passed: Then I Assert that the element found by [By.xpath: //div[@id='fine-uploader-gallery']//div[@class='qq-thumbnail-wrapper']/img] attribute [src] contains [data:image/png;base64]. @17-01-2022 02:04:16.0514 AM
[ReportManager] Successfully created attachment [Validation Test Data - Expected Value] @17-01-2022 02:04:16.0596 AM
[ReportManager] Successfully created attachment [Validation Test Data - Actual Value] @17-01-2022 02:04:16.0638 AM
[ReportManager] Successfully created attachment [Screenshot - 1642385056300_uploadFile_invisibleUploadInput_ValidateElementAttribute_passed] @17-01-2022 02:04:16.0723 AM
[ReportManager] Assertion [ValidateElementAttribute] PASSED. Expected and Actual values are attached. Comparison Type [CONTAINS]. Validation Type [POSITIVE]. @17-01-2022 02:04:16.0723 A
[ReportManager] Browser Action [CloseCurrentWindow] successfully performed. @17-01-2022 02:04:17.0109 AM
[ReportManager] Successfully created attachment [Browser Action Test Data - CloseCurrentWindow - Actual Value] @17-01-2022 02:04:17.0152 A
[ReportManager] File Action [GetAbsolutePath] successfully performed. With the following test data [Relative Folder Path: "target/downloadedFiles/"]. @17-01-2022 02:04:17.0281 AM
[ReportManager] Attempting to run locally on: [Mac-64], [Safari], Headless Execution. @17-01-2022 02:04:17.0281 AM
[ReportManager] Successfully Opened Safari. @17-01-2022 02:04:18.0202 AM
[ReportManager] Initial window size: (800, 600) @17-01-2022 02:04:18.0215 AM
[ReportManager] Window size after SWD Maximize: (1176, 803) @17-01-2022 02:04:18.0260 AM
[ReportManager] Browser Action [MaximizeWindow] successfully performed. With the following test data [New screen size is now: (1176, 803)]. @17-01-2022 02:04:18.0260 A

################################################################################################################################################
Starting Execution:	[70 out of 162] test cases in the current suite
Test Method:		[testPackage01.Test_uploadFile.uploadFile_visibleUploadInput]
################################################################################################################################################
[ReportManager] Target URL: [https://demo.guru99.com/test/upload/] @17-01-2022 02:04:18.0388 AM
[ReportManager] Initial URL: [] @17-01-2022 02:04:18.0435 AM
[ReportManager] Browser Action [NavigateToURL] successfully performed. With the following test data [https://demo.guru99.com/test/upload/]. @17-01-2022 02:04:21.0358 AM
[ReportManager] File Action [GetAbsolutePath] successfully performed. With the following test data [Relative Folder Path: "src/main/resources/images/shaft.png"]. @17-01-2022 02:04:21.0359 AM
[ReportManager] Element Action [TypeFileLocationForUpload] successfully performed. With the following test data [/Users/runner/work/SHAFT_ENGINE/SHAFT_ENGINE/src/main/resources/images/shaft.png]. @17-01-2022 02:04:21.0436 AM
[ReportManager] Element Action [Click] successfully performed. With the following test data [By.id: terms]. @17-01-2022 02:04:22.0398 AM
[ReportManager] Element Action [Click] successfully performed. With the following test data [By.id: submitbutton]. @17-01-2022 02:04:22.0639 AM
[ReportManager] Element Action [GetText] successfully performed. With the following test data [1 file has been successfully uploaded.]. @17-01-2022 02:04:23.0248 AM
[ReportManager] Assertion Passed: Then I Assert that the element found by [By.id: res] attribute [Text] contains [1 file]. @17-01-2022 02:04:23.0612 AM
[ReportManager] Successfully created attachment [Screenshot - 1642385063415_uploadFile_visibleUploadInput_ValidateElementAttribute_passed] @17-01-2022 02:04:23.0694 AM
[ReportManager] Assertion [ValidateElementAttribute] PASSED. Expected [Value Should be '1 file' for the 'Text' attribute, element locator 'By.id: res'] and Actual [1 file has been successfully uploaded.]. Comparison Type [CONTAINS]. Validation Type [POSITIVE]. @17-01-2022 02:04:23.0694 A
[ReportManager] Browser Action [CloseCurrentWindow] successfully performed. @17-01-2022 02:04:24.0271 AM
[ReportManager] Successfully created attachment [Browser Action Test Data - CloseCurrentWindow - Actual Value] @17-01-2022 02:04:24.0321 A

################################################################################################################################################
Starting Execution:	[71 out of 162] test cases in the current suite
Test Method:		[testPackage01.Test_AssertApiResponseEquals.assertApiResponseEquals_expectedToPass]
################################################################################################################################################
[ReportManager] Response status code: [200], status line: [HTTP/1.1 200 OK] @17-01-2022 02:04:24.0615 AM
[ReportManager] Assertion Passed: Evaluating the actual response status code against the expected one... @17-01-2022 02:04:24.0616 AM
[ReportManager] Assertion [ValidateComparativeRelation] PASSED. Expected [200] and Actual [200]. Comparison Type [EQUALS]. Validation Type [POSITIVE]. @17-01-2022 02:04:24.0616 AM
[ReportManager] API Action [PerformRequest] successfully performed. With the following test data [Request Type: "GET" | Target Status Code: "200" | Service URL: "https://jsonplaceholder.typicode.com/users" | Content Type: "*/*" | Response Time: "75ms"]. @17-01-2022 02:04:24.0670 AM
[ReportManager] Successfully created attachment [API Request - Specifications] @17-01-2022 02:04:24.0712 AM
[ReportManager] Successfully created attachment [API Response - JSON Body] @17-01-2022 02:04:24.0795 AM
[ReportManager] API Action [GetResponseJSONValueAsList] successfully performed. With the following test data [$]. @17-01-2022 02:04:24.0803 AM
[ReportManager] API Action [GetResponseJSONValue] successfully performed. With the following test data [name]. @17-01-2022 02:04:24.0817 AM
[ReportManager] API Action [GetResponseJSONValue] successfully performed. With the following test data [email]. @17-01-2022 02:04:24.0833 AM
[ReportManager] Verification [ValidateEquals] PASSED. Expected [Sincere@april.biz] and Actual [Sincere@april.biz]. Comparison Type [EQUALS]. Validation Type [POSITIVE]. @17-01-2022 02:04:24.0834 AM
[ReportManager] API Action [GetResponseJSONValue] successfully performed. With the following test data [username]. @17-01-2022 02:04:24.0848 AM
[ReportManager] Assertion [ValidateEquals] PASSED. Expected [Bret] and Actual [Bret]. Comparison Type [EQUALS]. Validation Type [POSITIVE]. @17-01-2022 02:04:24.0848 AM
[ReportManager] API Action [GetResponseJSONValue] successfully performed. With the following test data [name]. @17-01-2022 02:04:24.0865 AM
[ReportManager] API Action [GetResponseJSONValue] successfully performed. With the following test data [name]. @17-01-2022 02:04:24.0889 AM
[ReportManager] API Action [GetResponseJSONValue] successfully performed. With the following test data [name]. @17-01-2022 02:04:24.0907 AM
[ReportManager] API Action [GetResponseJSONValue] successfully performed. With the following test data [name]. @17-01-2022 02:04:24.0926 AM
[ReportManager] API Action [GetResponseJSONValue] successfully performed. With the following test data [name]. @17-01-2022 02:04:24.0944 AM
[ReportManager] API Action [GetResponseJSONValue] successfully performed. With the following test data [name]. @17-01-2022 02:04:24.0963 AM
[ReportManager] API Action [GetResponseJSONValue] successfully performed. With the following test data [name]. @17-01-2022 02:04:24.0979 AM
[ReportManager] API Action [GetResponseJSONValue] successfully performed. With the following test data [name]. @17-01-2022 02:04:24.0996 AM
[ReportManager] API Action [GetResponseJSONValue] successfully performed. With the following test data [name]. @17-01-2022 02:04:25.0081 A
[ReportManager] File Action [GetAbsolutePath] successfully performed. With the following test data [Relative Folder Path: "target/downloadedFiles/"]. @17-01-2022 02:04:25.0212 AM
[ReportManager] Attempting to run locally on: [Mac-64], [Safari], Headless Execution. @17-01-2022 02:04:25.0212 AM
[ReportManager] Successfully Opened Safari. @17-01-2022 02:04:26.0225 AM
[ReportManager] Initial window size: (800, 600) @17-01-2022 02:04:26.0266 AM
[ReportManager] Window size after SWD Maximize: (1176, 803) @17-01-2022 02:04:26.0307 AM
[ReportManager] Browser Action [MaximizeWindow] successfully performed. With the following test data [New screen size is now: (1176, 803)]. @17-01-2022 02:04:26.0307 AM
[ReportManager] Target URL: [http://the-internet.herokuapp.com/javascript_alerts] @17-01-2022 02:04:26.0307 AM
[ReportManager] Initial URL: [] @17-01-2022 02:04:26.0389 AM
[ReportManager] Browser Action [NavigateToURL] successfully performed. With the following test data [http://the-internet.herokuapp.com/javascript_alerts]. @17-01-2022 02:04:27.0524 A

################################################################################################################################################
Starting Execution:	[72 out of 162] test cases in the current suite
Test Method:		[testPackage01.TestJSPromptBox.dismissAlert]
################################################################################################################################################
[ReportManager] Element Action [Click] successfully performed. With the following test data [By.xpath: //button[contains(text(),'Click for JS Prompt')]]. @17-01-2022 02:04:27.0875 AM
[ReportManager] Alert is present @17-01-2022 02:04:27.0986 AM
[ReportManager] Element Action [DismissAlert] successfully performed. @17-01-2022 02:04:28.0029 A

################################################################################################################################################
Starting Execution:	[73 out of 162] test cases in the current suite
Test Method:		[testPackage01.TestJSPromptBox.assertOnCancelAlertResultText]
################################################################################################################################################
[ReportManager] Element Action [GetText] successfully performed. With the following test data [You entered: null]. @17-01-2022 02:04:28.0232 AM
[ReportManager] Assertion Passed: Then I Assert that the element found by [By.id: result] attribute [TEXT] is equal to [You entered: null]. @17-01-2022 02:04:28.0623 AM
[ReportManager] Successfully created attachment [Screenshot - 1642385068402_assertOnCancelAlertResultText_ValidateElementAttribute_passed] @17-01-2022 02:04:28.0706 AM
[ReportManager] Assertion [ValidateElementAttribute] PASSED. Expected [Value Should be 'You entered: null' for the 'text' attribute, element locator 'By.id: result'] and Actual [You entered: null]. Comparison Type [EQUALS]. Validation Type [POSITIVE]. @17-01-2022 02:04:28.0706 A

################################################################################################################################################
Starting Execution:	[74 out of 162] test cases in the current suite
Test Method:		[testPackage01.TestJSPromptBox.getAlertText]
################################################################################################################################################
[ReportManager] Element Action [Click] successfully performed. With the following test data [By.xpath: //button[contains(text(),'Click for JS Prompt')]]. @17-01-2022 02:04:29.0153 AM
[ReportManager] Alert is present @17-01-2022 02:04:29.0220 AM
[ReportManager] Alert Text is: [I am a JS prompt] @17-01-2022 02:04:29.0254 AM
[ReportManager] Element Action [GetAlertText] successfully performed. @17-01-2022 02:04:29.0254 AM
[ReportManager] Alert text is: [I am a JS prompt] @17-01-2022 02:04:29.0257 AM
[ReportManager] Alert is present @17-01-2022 02:04:29.0269 AM
[ReportManager] Alert Text is: [I am a JS prompt] @17-01-2022 02:04:29.0279 AM
[ReportManager] Element Action [GetAlertText] successfully performed. @17-01-2022 02:04:29.0280 AM
[ReportManager] Assertion Passed: Then I Assert that [I am a JS prompt] is equal to [I am a JS prompt]. @17-01-2022 02:04:29.0280 AM
[ReportManager] Assertion [ValidateEquals] PASSED. Expected [I am a JS prompt] and Actual [I am a JS prompt]. Comparison Type [EQUALS]. Validation Type [POSITIVE]. @17-01-2022 02:04:29.0280 A

################################################################################################################################################
Starting Execution:	[75 out of 162] test cases in the current suite
Test Method:		[testPackage01.TestJSPromptBox.acceptPromptAlertWithoutTypingTextMessage]
################################################################################################################################################
[ReportManager] Alert is not present @17-01-2022 02:05:00.0032 AM
[ReportManager] Element Action [WaitForAlertToBePresent] failed. @17-01-2022 02:05:00.0256 AM
[ReportManager] Successfully created attachment [Screenshot - 1642385100057_acceptPromptAlertWithoutTypingTextMessage_WaitForAlertToBePresent_failed] @17-01-2022 02:05:00.0340 A

################################################################################################################################################
Starting Execution:	[76 out of 162] test cases in the current suite
Test Method:		[testPackage01.TestJSPromptBox.assertOnConfirmPromptAlertWithoutTypingTextMessageResultText]
###############################################################################################################################################

################################################################################################################################################
Starting Execution:	[77 out of 162] test cases in the current suite
Test Method:		[testPackage01.TestJSPromptBox.acceptPromptAlertWithTextMessage]
###############################################################################################################################################

################################################################################################################################################
Starting Execution:	[78 out of 162] test cases in the current suite
Test Method:		[testPackage01.TestJSPromptBox.assertOnConfirmPromptAlertWithTextMessageResultText]
###############################################################################################################################################
[ReportManager] Browser Action [CloseCurrentWindow] successfully performed. @17-01-2022 02:05:01.0360 AM
[ReportManager] Successfully created attachment [Browser Action Test Data - CloseCurrentWindow - Actual Value] @17-01-2022 02:05:01.0401 A

################################################################################################################################################
Starting Execution:	[79 out of 162] test cases in the current suite
Test Method:		[testPackage01.Test_testData.f]
################################################################################################################################################
[ReportManager] Successfully loaded the following test data file [src/test/resources/testDataFiles/testSuite01/TestData.xlsx]. @17-01-2022 02:05:01.0542 AM
[ReportManager] Successfully created attachment [Test Data - Excel] @17-01-2022 02:05:01.0584 AM
[ReportManager] Last Column Number is: [3]. Zero-based. @17-01-2022 02:05:01.0584 A

################################################################################################################################################
Starting Execution:	[80 out of 162] test cases in the current suite
Test Method:		[testPackage01.Test_PDF.testPDF1]
################################################################################################################################################
[ReportManager] File Action [DoesFileExist] successfully performed. With the following test data [File Path: "src/test/resources/testDataFiles/sample.pdf"]. @17-01-2022 02:05:01.0676 AM
[ReportManager] File Action [GetAbsolutePath] successfully performed. With the following test data [Relative Folder Path: "src/test/resources/testDataFiles/sample.pdf"]. @17-01-2022 02:05:01.0677 AM
[ReportManager] Assertion Passed: Checking to see that the pdf file contains [A Simple PDF File] @17-01-2022 02:05:32.0143 AM
[ReportManager] Successfully created attachment [Validation Test Data - Expected Value] @17-01-2022 02:05:32.0144 AM
[ReportManager] Successfully created attachment [Validation Test Data - Actual Value] @17-01-2022 02:05:32.0146 AM
[ReportManager] Assertion [ValidateEquals] PASSED. Expected and Actual values are attached. Comparison Type [CONTAINS]. Validation Type [POSITIVE]. @17-01-2022 02:05:32.0146 A

################################################################################################################################################
Starting Execution:	[81 out of 162] test cases in the current suite
Test Method:		[testPackage01.Test_PDF.testPDF2]
################################################################################################################################################
[ReportManager] File Action [DoesFileExist] successfully performed. With the following test data [File Path: "src/test/resources/testDataFiles/sample.pdf"]. @17-01-2022 02:05:32.0320 AM
[ReportManager] File Action [GetAbsolutePath] successfully performed. With the following test data [Relative Folder Path: "src/test/resources/testDataFiles/sample.pdf"]. @17-01-2022 02:05:32.0320 AM
[ReportManager] Assertion Passed: Checking to see that the pdf file contains [A Simple PDF File] @17-01-2022 02:05:32.0346 AM
[ReportManager] Successfully created attachment [Validation Test Data - Expected Value] @17-01-2022 02:05:32.0387 AM
[ReportManager] Successfully created attachment [Validation Test Data - Actual Value] @17-01-2022 02:05:32.0429 AM
[ReportManager] Assertion [ValidateEquals] PASSED. Expected and Actual values are attached. Comparison Type [CONTAINS]. Validation Type [POSITIVE]. @17-01-2022 02:05:32.0429 A
[ReportManager] File Action [GetAbsolutePath] successfully performed. With the following test data [Relative Folder Path: "target/downloadedFiles/"]. @17-01-2022 02:05:32.0432 AM
[ReportManager] Attempting to run locally on: [Mac-64], [Safari], Headless Execution. @17-01-2022 02:05:32.0432 AM
[ReportManager] Successfully Opened Safari. @17-01-2022 02:05:33.0363 AM
[ReportManager] Initial window size: (800, 600) @17-01-2022 02:05:33.0384 AM
[ReportManager] Window size after SWD Maximize: (1176, 803) @17-01-2022 02:05:33.0545 AM
[ReportManager] Browser Action [MaximizeWindow] successfully performed. With the following test data [New screen size is now: (1176, 803)]. @17-01-2022 02:05:33.0545 A

################################################################################################################################################
Starting Execution:	[82 out of 162] test cases in the current suite
Test Method:		[testPackage01.Test_ShadowDOM.shadowdom]
################################################################################################################################################
[ReportManager] Target URL: [https://mdn.github.io/web-components-examples/popup-info-box-web-component/] @17-01-2022 02:05:33.0548 AM
[ReportManager] Initial URL: [] @17-01-2022 02:05:33.0583 AM
[ReportManager] Browser Action [NavigateToURL] successfully performed. With the following test data [https://mdn.github.io/web-components-examples/popup-info-box-web-component/]. @17-01-2022 02:05:34.0214 AM
[ReportManager] Element Action [Type] successfully performed. With the following test data [Typing into SHADOW DOM...]. @17-01-2022 02:05:34.0638 AM
[ReportManager] Element Action [GetText] successfully performed. With the following test data [Typing into SHADOW DOM...]. @17-01-2022 02:05:34.0705 AM
[ReportManager] Assertion [ValidateElementAttribute] PASSED. Expected [Value Should be 'Typing into SHADOW DOM...' for the 'Text' attribute, element locator 'By.id: cvc'] and Actual [Typing into SHADOW DOM...]. Comparison Type [EQUALS]. Validation Type [POSITIVE]. @17-01-2022 02:05:34.0927 AM
[ReportManager] Successfully created attachment [Screenshot - 1642385134786_shadowdom_ValidateElementAttribute_passed] @17-01-2022 02:05:34.0927 A
[ReportManager] Browser Action [CloseCurrentWindow] successfully performed. @17-01-2022 02:05:35.0358 AM
[ReportManager] Successfully created attachment [Browser Action Test Data - CloseCurrentWindow - Actual Value] @17-01-2022 02:05:35.0358 A
[ReportManager] File Action [GetAbsolutePath] successfully performed. With the following test data [Relative Folder Path: "target/downloadedFiles/"]. @17-01-2022 02:05:35.0361 AM
[ReportManager] Attempting to run locally on: [Mac-64], [Safari], Headless Execution. @17-01-2022 02:05:35.0361 AM
[ReportManager] Successfully Opened Safari. @17-01-2022 02:05:36.0295 AM
[ReportManager] Initial window size: (800, 600) @17-01-2022 02:05:36.0306 AM
[ReportManager] Window size after SWD Maximize: (1176, 803) @17-01-2022 02:05:36.0320 AM
[ReportManager] Browser Action [MaximizeWindow] successfully performed. With the following test data [New screen size is now: (1176, 803)]. @17-01-2022 02:05:36.0320 A

################################################################################################################################################
Starting Execution:	[83 out of 162] test cases in the current suite
Test Method:		[testPackage01.Test_clipboardActions.typeTextAndCopyPaste]
################################################################################################################################################
[ReportManager] Target URL: [https://www.google.com/ncr], and after redirection: [https://www.google.com] @17-01-2022 02:05:36.0323 AM
[ReportManager] Initial URL: [] @17-01-2022 02:05:36.0390 AM
[ReportManager] Browser Action [NavigateToURL] successfully performed. With the following test data [https://www.google.com/ncr]. @17-01-2022 02:05:37.0689 AM
[ReportManager] Element Action [Type] successfully performed. With the following test data [FIRST]. @17-01-2022 02:05:38.0675 A
[ReportManager] Browser Action [CloseCurrentWindow] successfully performed. @17-01-2022 02:05:39.0127 AM
[ReportManager] Successfully created attachment [Browser Action Test Data - CloseCurrentWindow - Actual Value] @17-01-2022 02:05:39.0128 A
[ReportManager] File Action [GetAbsolutePath] successfully performed. With the following test data [Relative Folder Path: "target/downloadedFiles/"]. @17-01-2022 02:05:39.0130 AM
[ReportManager] Attempting to run locally on: [Mac-64], [Safari], Headless Execution. @17-01-2022 02:05:39.0130 AM
[ReportManager] Successfully Opened Safari. @17-01-2022 02:05:40.0135 AM
[ReportManager] Initial window size: (800, 600) @17-01-2022 02:05:40.0217 AM
[ReportManager] Window size after SWD Maximize: (1176, 803) @17-01-2022 02:05:40.0261 AM
[ReportManager] Browser Action [MaximizeWindow] successfully performed. With the following test data [New screen size is now: (1176, 803)]. @17-01-2022 02:05:40.0266 AM
[ReportManager] Target URL: [http://the-internet.herokuapp.com/javascript_alerts] @17-01-2022 02:05:40.0267 AM
[ReportManager] Initial URL: [] @17-01-2022 02:05:40.0387 AM
[ReportManager] Browser Action [NavigateToURL] successfully performed. With the following test data [http://the-internet.herokuapp.com/javascript_alerts]. @17-01-2022 02:05:41.0402 A

################################################################################################################################################
Starting Execution:	[84 out of 162] test cases in the current suite
Test Method:		[testPackage01.TestJSAlertBox.getJSAlertText]
################################################################################################################################################
[ReportManager] Element Action [Click] successfully performed. With the following test data [By.xpath: //button[contains(text(),'Click for JS Alert')]]. @17-01-2022 02:05:41.0692 AM
[ReportManager] Alert is present @17-01-2022 02:05:41.0709 AM
[ReportManager] Alert Text is: [I am a JS Alert] @17-01-2022 02:05:41.0727 AM
[ReportManager] Element Action [GetAlertText] successfully performed. @17-01-2022 02:05:41.0728 AM
[ReportManager] Alert text is: [I am a JS Alert] @17-01-2022 02:05:41.0729 AM
[ReportManager] Alert is present @17-01-2022 02:05:41.0756 AM
[ReportManager] Alert Text is: [I am a JS Alert] @17-01-2022 02:05:41.0768 AM
[ReportManager] Element Action [GetAlertText] successfully performed. @17-01-2022 02:05:41.0769 AM
[ReportManager] Assertion Passed: Then I Assert that [I am a JS Alert] is equal to [I am a JS Alert]. @17-01-2022 02:05:41.0769 AM
[ReportManager] Assertion [ValidateEquals] PASSED. Expected [I am a JS Alert] and Actual [I am a JS Alert]. Comparison Type [EQUALS]. Validation Type [POSITIVE]. @17-01-2022 02:05:41.0769 A

################################################################################################################################################
Starting Execution:	[85 out of 162] test cases in the current suite
Test Method:		[testPackage01.TestJSAlertBox.acceptAlert]
################################################################################################################################################
[ReportManager] Alert is not present @17-01-2022 02:06:12.0008 AM
[ReportManager] Element Action [WaitForAlertToBePresent] failed. @17-01-2022 02:06:12.0132 AM
[ReportManager] Successfully created attachment [Screenshot - 1642385172033_acceptAlert_WaitForAlertToBePresent_failed] @17-01-2022 02:06:12.0135 A

################################################################################################################################################
Starting Execution:	[86 out of 162] test cases in the current suite
Test Method:		[testPackage01.TestJSAlertBox.assertOnConfirmAlertResultText]
###############################################################################################################################################
[ReportManager] Browser Action [CloseCurrentWindow] successfully performed. @17-01-2022 02:06:12.0548 AM
[ReportManager] Successfully created attachment [Browser Action Test Data - CloseCurrentWindow - Actual Value] @17-01-2022 02:06:12.0549 A

################################################################################################################################################
Starting Execution:	[87 out of 162] test cases in the current suite
Test Method:		[testPackage01.Test_checkJDKShellFilesGenerated.testJDKGeneratedSuccessfully]
################################################################################################################################################
[ReportManager] Configuring JDK @17-01-2022 02:06:12.0553 AM
[ReportManager] File Action [GetAbsolutePath] successfully performed. With the following test data [Relative File Path: "generateJdkMac.sh"]. @17-01-2022 02:06:12.0553 AM
[ReportManager] File Action [WriteToFile] successfully performed. With the following test data [Target File Path: "/Users/runner/work/SHAFT_ENGINE/SHAFT_ENGINE/generateJdkMac.sh"]. @17-01-2022 02:06:12.0558 AM
[ReportManager] Attempting to perform the following command locally. Command: [chmod u+x generateJdk.sh] @17-01-2022 02:06:12.0558 AM
[ReportManager] Terminal Action [PerformTerminalCommands] successfully performed. With the following test data [Host Name: "localHost" | Command: "chmod u+x generateJdk.sh" | Exit Status: "1"]. @17-01-2022 02:06:12.0609 AM
[ReportManager] Successfully created attachment [Terminal Action Actual Result - Command Log] @17-01-2022 02:06:12.0611 AM
[ReportManager] Assertion Passed: Then I Assert that [[#!/bin/bash, export JAVA_HOME=$(/usr/libexec/java_home), export PATH=$JAVA_HOME/bin:$PATH, source ~/.zshenv, echo $JAVA_HOME, echo $PATH, exec bash]] contains [JAVA_HOME=$(/usr/libexec/java_home)]. @17-01-2022 02:06:12.0611 AM
[ReportManager] Assertion [ValidateEquals] PASSED. Expected [JAVA_HOME=$(/usr/libexec/java_home)] and Actual [[#!/bin/bash, export JAVA_HOME=$(/usr/libexec/java_home), export PATH=$JAVA_HOME/bin:$PATH, source ~/.zshenv, echo $JAVA_HOME, echo $PATH, exec bash]]. Comparison Type [CONTAINS]. Validation Type [POSITIVE]. @17-01-2022 02:06:12.0612 A
[ReportManager] File Action [GetAbsolutePath] successfully performed. With the following test data [Relative Folder Path: "target/downloadedFiles/"]. @17-01-2022 02:06:12.0654 AM
[ReportManager] Attempting to run locally on: [Mac-64], [Safari], Headless Execution. @17-01-2022 02:06:12.0655 AM
[ReportManager] Successfully Opened Safari. @17-01-2022 02:06:13.0494 AM
[ReportManager] Initial window size: (800, 600) @17-01-2022 02:06:13.0521 AM
[ReportManager] Window size after SWD Maximize: (1176, 803) @17-01-2022 02:06:13.0537 AM
[ReportManager] Browser Action [MaximizeWindow] successfully performed. With the following test data [New screen size is now: (1176, 803)]. @17-01-2022 02:06:13.0537 AM
[ReportManager] Target URL: [http://the-internet.herokuapp.com/javascript_alerts] @17-01-2022 02:06:13.0537 AM
[ReportManager] Initial URL: [] @17-01-2022 02:06:13.0620 AM
[ReportManager] Browser Action [NavigateToURL] successfully performed. With the following test data [http://the-internet.herokuapp.com/javascript_alerts]. @17-01-2022 02:06:15.0550 A

################################################################################################################################################
Starting Execution:	[88 out of 162] test cases in the current suite
Test Method:		[testPackage01.TestJSConfirmBox.dismissAlert]
################################################################################################################################################
[ReportManager] Element Action [Click] successfully performed. With the following test data [By.xpath: //button[contains(text(),'Click for JS Confirm')]]. @17-01-2022 02:06:15.0886 AM
[ReportManager] Alert is present @17-01-2022 02:06:15.0948 AM
[ReportManager] Element Action [DismissAlert] successfully performed. @17-01-2022 02:06:15.0974 A

################################################################################################################################################
Starting Execution:	[89 out of 162] test cases in the current suite
Test Method:		[testPackage01.TestJSConfirmBox.assertOnCancelAlertResultText]
################################################################################################################################################
[ReportManager] Element Action [GetText] successfully performed. With the following test data [You clicked: Cancel]. @17-01-2022 02:06:16.0052 AM
[ReportManager] Assertion Passed: Then I Assert that the element found by [By.id: result] attribute [TEXT] is equal to [You clicked: Cancel]. @17-01-2022 02:06:16.0244 AM
[ReportManager] Successfully created attachment [Screenshot - 1642385176158_assertOnCancelAlertResultText_ValidateElementAttribute_passed] @17-01-2022 02:06:16.0246 AM
[ReportManager] Assertion [ValidateElementAttribute] PASSED. Expected [Value Should be 'You clicked: Cancel' for the 'text' attribute, element locator 'By.id: result'] and Actual [You clicked: Cancel]. Comparison Type [EQUALS]. Validation Type [POSITIVE]. @17-01-2022 02:06:16.0246 A

################################################################################################################################################
Starting Execution:	[90 out of 162] test cases in the current suite
Test Method:		[testPackage01.TestJSConfirmBox.getAlertText]
################################################################################################################################################
[ReportManager] Element Action [Click] successfully performed. With the following test data [By.xpath: //button[contains(text(),'Click for JS Confirm')]]. @17-01-2022 02:06:16.0584 AM
[ReportManager] Alert is present @17-01-2022 02:06:16.0602 AM
[ReportManager] Alert Text is: [I am a JS Confirm] @17-01-2022 02:06:16.0628 AM
[ReportManager] Element Action [GetAlertText] successfully performed. @17-01-2022 02:06:16.0628 AM
[ReportManager] Alert text is: [I am a JS Confirm] @17-01-2022 02:06:16.0629 AM
[ReportManager] Alert is present @17-01-2022 02:06:16.0646 AM
[ReportManager] Alert Text is: [I am a JS Confirm] @17-01-2022 02:06:16.0687 AM
[ReportManager] Element Action [GetAlertText] successfully performed. @17-01-2022 02:06:16.0688 AM
[ReportManager] Assertion Passed: Then I Assert that [I am a JS Confirm] is equal to [I am a JS Confirm]. @17-01-2022 02:06:16.0688 AM
[ReportManager] Assertion [ValidateEquals] PASSED. Expected [I am a JS Confirm] and Actual [I am a JS Confirm]. Comparison Type [EQUALS]. Validation Type [POSITIVE]. @17-01-2022 02:06:16.0688 A

################################################################################################################################################
Starting Execution:	[91 out of 162] test cases in the current suite
Test Method:		[testPackage01.TestJSConfirmBox.acceptAlert]
################################################################################################################################################
[ReportManager] Alert is not present @17-01-2022 02:06:46.0978 AM
[ReportManager] Element Action [WaitForAlertToBePresent] failed. @17-01-2022 02:06:47.0088 AM
[ReportManager] Successfully created attachment [Screenshot - 1642385207009_acceptAlert_WaitForAlertToBePresent_failed] @17-01-2022 02:06:47.0089 A

################################################################################################################################################
Starting Execution:	[92 out of 162] test cases in the current suite
Test Method:		[testPackage01.TestJSConfirmBox.assertOnConfirmAlertResultText]
###############################################################################################################################################
[ReportManager] Browser Action [CloseCurrentWindow] successfully performed. @17-01-2022 02:06:47.0529 AM
[ReportManager] Successfully created attachment [Browser Action Test Data - CloseCurrentWindow - Actual Value] @17-01-2022 02:06:47.0529 A

################################################################################################################################################
Starting Execution:	[93 out of 162] test cases in the current suite
Test Method:		[testPackage01.Test_NewValidationHelper.f1]
################################################################################################################################################
[ReportManager] Assertion Passed: Checking valid user data @17-01-2022 02:06:47.0534 AM
[ReportManager] Successfully created attachment [Validation Test Data - Expected Value] @17-01-2022 02:06:47.0534 AM
[ReportManager] Successfully created attachment [Validation Test Data - Actual Value] @17-01-2022 02:06:47.0535 AM
[ReportManager] Assertion [ValidateEquals] PASSED. Expected and Actual values are attached. Comparison Type [EQUALS]. Validation Type [POSITIVE]. @17-01-2022 02:06:47.0535 A
[ReportManager] File Action [GetAbsolutePath] successfully performed. With the following test data [Relative Folder Path: "target/downloadedFiles/"]. @17-01-2022 02:06:47.0540 AM
[ReportManager] Attempting to run locally on: [Mac-64], [Safari], Headless Execution. @17-01-2022 02:06:47.0540 AM
[ReportManager] Successfully Opened Safari. @17-01-2022 02:06:48.0699 AM
[ReportManager] Initial window size: (800, 600) @17-01-2022 02:06:48.0717 AM
[ReportManager] Window size after SWD Maximize: (1176, 803) @17-01-2022 02:06:48.0747 AM
[ReportManager] Browser Action [MaximizeWindow] successfully performed. With the following test data [New screen size is now: (1176, 803)]. @17-01-2022 02:06:48.0747 AM
[ReportManager] Target URL: [https://the-internet.herokuapp.com/] @17-01-2022 02:06:48.0747 AM
[ReportManager] Initial URL: [] @17-01-2022 02:06:48.0788 AM
[ReportManager] Browser Action [NavigateToURL] successfully performed. With the following test data [https://the-internet.herokuapp.com/]. @17-01-2022 02:06:49.0945 A

################################################################################################################################################
Starting Execution:	[94 out of 162] test cases in the current suite
Test Method:		[testPackage01.Test_NewValidationHelper.f10]
################################################################################################################################################
[ReportManager] Assertion [ValidateElementExists] FAILED. Expected [Element Should Exist, locator 'By.tagName: div'] and Actual [Element Exists but is not unique]. Comparison Type [EQUALS]. Validation Type [POSITIVE]. @17-01-2022 02:06:50.0350 AM
[ReportManager] Successfully created attachment [Screenshot - 1642385210280_f10_ValidateElementExists_failed] @17-01-2022 02:06:50.0353 A
[ReportManager] Successfully Closed All Drivers. @17-01-2022 02:06:50.0798 A
[ReportManager] File Action [GetAbsolutePath] successfully performed. With the following test data [Relative Folder Path: "target/downloadedFiles/"]. @17-01-2022 02:06:50.0801 AM
[ReportManager] Attempting to run locally on: [Mac-64], [Safari], Headless Execution. @17-01-2022 02:06:50.0801 AM
[ReportManager] An Exception Occured with this Message: Could not start a new session. Possible causes are invalid address of the remote server or browser start-up failure.. @17-01-2022 02:06:50.0913 AM
[ReportManager] Successfully created attachment [Exception Stack Trace - org.openqa.selenium.SessionNotCreatedException] @17-01-2022 02:06:50.0913 AM
[ReportManager] Driver Factory Action [createNewLocalDriverInstanceForSafari] failed. With the following test data [Failed to create a session on DESKTOP_SAFARI]. @17-01-2022 02:06:50.0914 A

################################################################################################################################################
Starting Execution:	[95 out of 162] test cases in the current suite
Test Method:		[testPackage01.Test_NewValidationHelper.f11]
###############################################################################################################################################



################################################################################################################################################
Starting Execution:	[96 out of 162] test cases in the current suite
Test Method:		[testPackage01.Test_NewValidationHelper.f12]
###############################################################################################################################################



################################################################################################################################################
Starting Execution:	[97 out of 162] test cases in the current suite
Test Method:		[testPackage01.Test_NewValidationHelper.f13]
###############################################################################################################################################



################################################################################################################################################
Starting Execution:	[98 out of 162] test cases in the current suite
Test Method:		[testPackage01.Test_NewValidationHelper.f14]
###############################################################################################################################################



################################################################################################################################################
Starting Execution:	[99 out of 162] test cases in the current suite
Test Method:		[testPackage01.Test_NewValidationHelper.f15]
###############################################################################################################################################



################################################################################################################################################
Starting Execution:	[100 out of 162] test cases in the current suite
Test Method:		[testPackage01.Test_NewValidationHelper.f16]
###############################################################################################################################################



################################################################################################################################################
Starting Execution:	[101 out of 162] test cases in the current suite
Test Method:		[testPackage01.Test_NewValidationHelper.f17]
###############################################################################################################################################



################################################################################################################################################
Starting Execution:	[102 out of 162] test cases in the current suite
Test Method:		[testPackage01.Test_NewValidationHelper.f18]
###############################################################################################################################################


################################################################################################################################################
Starting Execution:	[103 out of 162] test cases in the current suite
Test Method:		[testPackage01.Test_NewValidationHelper.f2]
###############################################################################################################################################


################################################################################################################################################
Starting Execution:	[104 out of 162] test cases in the current suite
Test Method:		[testPackage01.Test_NewValidationHelper.f20]
###############################################################################################################################################



################################################################################################################################################
Starting Execution:	[105 out of 162] test cases in the current suite
Test Method:		[testPackage01.Test_NewValidationHelper.f21]
###############################################################################################################################################



################################################################################################################################################
Starting Execution:	[106 out of 162] test cases in the current suite
Test Method:		[testPackage01.Test_NewValidationHelper.f22]
###############################################################################################################################################


################################################################################################################################################
Starting Execution:	[107 out of 162] test cases in the current suite
Test Method:		[testPackage01.Test_NewValidationHelper.f23]
###############################################################################################################################################

################################################################################################################################################
Starting Execution:	[108 out of 162] test cases in the current suite
Test Method:		[testPackage01.Test_NewValidationHelper.f24]
###############################################################################################################################################

################################################################################################################################################
Starting Execution:	[109 out of 162] test cases in the current suite
Test Method:		[testPackage01.Test_NewValidationHelper.f25]
###############################################################################################################################################

################################################################################################################################################
Starting Execution:	[110 out of 162] test cases in the current suite
Test Method:		[testPackage01.Test_NewValidationHelper.f26]
###############################################################################################################################################

################################################################################################################################################
Starting Execution:	[111 out of 162] test cases in the current suite
Test Method:		[testPackage01.Test_NewValidationHelper.f27]
###############################################################################################################################################

################################################################################################################################################
Starting Execution:	[112 out of 162] test cases in the current suite
Test Method:		[testPackage01.Test_NewValidationHelper.f28]
###############################################################################################################################################

################################################################################################################################################
Starting Execution:	[113 out of 162] test cases in the current suite
Test Method:		[testPackage01.Test_NewValidationHelper.f29]
###############################################################################################################################################

################################################################################################################################################
Starting Execution:	[114 out of 162] test cases in the current suite
Test Method:		[testPackage01.Test_NewValidationHelper.f3]
###############################################################################################################################################

################################################################################################################################################
Starting Execution:	[115 out of 162] test cases in the current suite
Test Method:		[testPackage01.Test_NewValidationHelper.f30]
###############################################################################################################################################

################################################################################################################################################
Starting Execution:	[116 out of 162] test cases in the current suite
Test Method:		[testPackage01.Test_NewValidationHelper.f31]
###############################################################################################################################################

################################################################################################################################################
Starting Execution:	[117 out of 162] test cases in the current suite
Test Method:		[testPackage01.Test_NewValidationHelper.f32]
###############################################################################################################################################

################################################################################################################################################
Starting Execution:	[118 out of 162] test cases in the current suite
Test Method:		[testPackage01.Test_NewValidationHelper.f33]
###############################################################################################################################################

################################################################################################################################################
Starting Execution:	[119 out of 162] test cases in the current suite
Test Method:		[testPackage01.Test_NewValidationHelper.f34]
###############################################################################################################################################

################################################################################################################################################
Starting Execution:	[120 out of 162] test cases in the current suite
Test Method:		[testPackage01.Test_NewValidationHelper.f35]
###############################################################################################################################################

################################################################################################################################################
Starting Execution:	[121 out of 162] test cases in the current suite
Test Method:		[testPackage01.Test_NewValidationHelper.f36]
###############################################################################################################################################

################################################################################################################################################
Starting Execution:	[122 out of 162] test cases in the current suite
Test Method:		[testPackage01.Test_NewValidationHelper.f37]
###############################################################################################################################################

################################################################################################################################################
Starting Execution:	[123 out of 162] test cases in the current suite
Test Method:		[testPackage01.Test_NewValidationHelper.f3_1]
###############################################################################################################################################

################################################################################################################################################
Starting Execution:	[124 out of 162] test cases in the current suite
Test Method:		[testPackage01.Test_NewValidationHelper.f4]
###############################################################################################################################################

################################################################################################################################################
Starting Execution:	[125 out of 162] test cases in the current suite
Test Method:		[testPackage01.Test_NewValidationHelper.f5]
###############################################################################################################################################

################################################################################################################################################
Starting Execution:	[126 out of 162] test cases in the current suite
Test Method:		[testPackage01.Test_NewValidationHelper.f6]
###############################################################################################################################################

################################################################################################################################################
Starting Execution:	[127 out of 162] test cases in the current suite
Test Method:		[testPackage01.Test_NewValidationHelper.f6_1]
###############################################################################################################################################

################################################################################################################################################
Starting Execution:	[128 out of 162] test cases in the current suite
Test Method:		[testPackage01.Test_NewValidationHelper.f6_2]
###############################################################################################################################################

################################################################################################################################################
Starting Execution:	[129 out of 162] test cases in the current suite
Test Method:		[testPackage01.Test_NewValidationHelper.f7]
###############################################################################################################################################


################################################################################################################################################
Starting Execution:	[130 out of 162] test cases in the current suite
Test Method:		[testPackage01.Test_NewValidationHelper.f8]
###############################################################################################################################################



################################################################################################################################################
Starting Execution:	[131 out of 162] test cases in the current suite
Test Method:		[testPackage01.Test_NewValidationHelper.f9]
###############################################################################################################################################


################################################################################################################################################
Starting Execution:	[132 out of 162] test cases in the current suite
Test Method:		[testPackage01.Test_NewValidationHelper.forceFail]
###############################################################################################################################################

################################################################################################################################################
Starting Execution:	[133 out of 162] test cases in the current suite
Test Method:		[testPackage01.Test_NewValidationHelper.forceFail2]
###############################################################################################################################################

################################################################################################################################################
Starting Execution:	[134 out of 162] test cases in the current suite
Test Method:		[testPackage01.Test_JsonActions.f]
###############################################################################################################################################

################################################################################################################################################
Starting Execution:	[135 out of 162] test cases in the current suite
Test Method:		[testPackage01.Test_JsonActions.f2]
###############################################################################################################################################

################################################################################################################################################
Starting Execution:	[136 out of 162] test cases in the current suite
Test Method:		[testPackage01.Test_sendGraphqlRequest.sendGraphqlRequestUsingMutationAndVariables]
################################################################################################################################################
[ReportManager] GraphQl Request is being Performed with the Following Parameters [Service URL: https://api.spacex.land/graphql | Request Body: {"variables":"{\"name\": \"sherlock holmes\",\"rocket\": \"221B Baker Street\"}","query":"mutation ($name: String, $rocket: String) {\n  insert_users(objects: {name: $name, rocket: $rocket}) {\n    returning {\n      name\n      rocket\n    }\n  }\n}"}] @17-01-2022 02:06:51.0353 AM
[ReportManager] Response status code: [200], status line: [HTTP/1.1 200 OK] @17-01-2022 02:06:52.0132 AM
[ReportManager] Assertion Passed: Evaluating the actual response status code against the expected one... @17-01-2022 02:06:52.0132 AM
[ReportManager] Assertion [ValidateComparativeRelation] PASSED. Expected [200] and Actual [200]. Comparison Type [EQUALS]. Validation Type [POSITIVE]. @17-01-2022 02:06:52.0132 AM
[ReportManager] API Action [PerformRequest] successfully performed. With the following test data [Request Type: "POST" | Target Status Code: "200" | Service URL: "https://api.spacex.land/graphql" | Content Type: "application/json" | Response Time: "633ms"]. @17-01-2022 02:06:52.0165 AM
[ReportManager] Successfully created attachment [API Request - Specifications] @17-01-2022 02:06:52.0166 AM
[ReportManager] Successfully created attachment [API Request - JSON Body] @17-01-2022 02:06:52.0167 AM
[ReportManager] Successfully created attachment [API Response - JSON Body] @17-01-2022 02:06:52.0167 AM
[ReportManager] API Action [GetResponseJSONValue] successfully performed. With the following test data [data.insert_users.returning[0].name]. @17-01-2022 02:06:52.0218 AM
[ReportManager] Assertion [ValidateEquals] PASSED. Expected [sherlock holmes] and Actual [sherlock holmes]. Comparison Type [EQUALS]. Validation Type [POSITIVE]. @17-01-2022 02:06:52.0218 A

################################################################################################################################################
Starting Execution:	[137 out of 162] test cases in the current suite
Test Method:		[testPackage01.Test_sendGraphqlRequest.sendGraphqlRequestUsingQuery]
################################################################################################################################################
[ReportManager] GraphQl Request is being Performed with the Following Parameters [Service URL: https://api.spacex.land/graphql | Request Body: {"query":"{company {ceo}}"}] @17-01-2022 02:06:52.0223 AM
[ReportManager] Response status code: [200], status line: [HTTP/1.1 200 OK] @17-01-2022 02:06:52.0518 AM
[ReportManager] Assertion Passed: Evaluating the actual response status code against the expected one... @17-01-2022 02:06:52.0518 AM
[ReportManager] Assertion [ValidateComparativeRelation] PASSED. Expected [200] and Actual [200]. Comparison Type [EQUALS]. Validation Type [POSITIVE]. @17-01-2022 02:06:52.0518 AM
[ReportManager] API Action [PerformRequest] successfully performed. With the following test data [Request Type: "POST" | Target Status Code: "200" | Service URL: "https://api.spacex.land/graphql" | Content Type: "application/json" | Response Time: "290ms"]. @17-01-2022 02:06:52.0534 AM
[ReportManager] Successfully created attachment [API Request - Specifications] @17-01-2022 02:06:52.0535 AM
[ReportManager] Successfully created attachment [API Request - JSON Body] @17-01-2022 02:06:52.0536 AM
[ReportManager] Successfully created attachment [API Response - JSON Body] @17-01-2022 02:06:52.0537 AM
[ReportManager] API Action [GetResponseJSONValue] successfully performed. With the following test data [data.company.ceo]. @17-01-2022 02:06:52.0548 AM
[ReportManager] Assertion [ValidateEquals] PASSED. Expected [Elon Musk] and Actual [Elon Musk]. Comparison Type [EQUALS]. Validation Type [POSITIVE]. @17-01-2022 02:06:52.0548 A

################################################################################################################################################
Starting Execution:	[138 out of 162] test cases in the current suite
Test Method:		[testPackage01.Test_MatchJsonSchema.checkAPI_ResponseSchema]
################################################################################################################################################
[ReportManager] Response status code: [200], status line: [HTTP/1.1 200 OK] @17-01-2022 02:06:52.0671 AM
[ReportManager] Assertion Passed: Evaluating the actual response status code against the expected one... @17-01-2022 02:06:52.0671 AM
[ReportManager] Assertion [ValidateComparativeRelation] PASSED. Expected [200] and Actual [200]. Comparison Type [EQUALS]. Validation Type [POSITIVE]. @17-01-2022 02:06:52.0671 AM
[ReportManager] API Action [PerformRequest] successfully performed. With the following test data [Request Type: "GET" | Target Status Code: "200" | Service URL: "http://api.zippopotam.us/us/90210" | Content Type: "*/*" | Response Time: "113ms"]. @17-01-2022 02:06:52.0685 AM
[ReportManager] Successfully created attachment [API Request - Specifications] @17-01-2022 02:06:52.0685 AM
[ReportManager] Successfully created attachment [API Response - JSON Body] @17-01-2022 02:06:52.0686 AM
[ReportManager] File Action [GetAbsolutePath] successfully performed. With the following test data [Relative Folder Path: "src/test/resources/testDataFiles/schema.json"]. @17-01-2022 02:06:52.0688 AM
[ReportManager] File Action [GetAbsolutePath] successfully performed. With the following test data [Relative Folder Path: "/Users/runner/work/SHAFT_ENGINE/SHAFT_ENGINE/src/test/resources/testDataFiles/schema.json"]. @17-01-2022 02:06:53.0558 AM
[ReportManager] File Action [ReadFromFile] successfully performed. With the following test data [File Path: "/Users/runner/work/SHAFT_ENGINE/SHAFT_ENGINE/src/test/resources/testDataFiles/schema.json"]. @17-01-2022 02:06:53.0558 AM
[ReportManager] Assertion Passed: Then I Assert that the API response schema matches that in this file [src/test/resources/testDataFiles/schema.json]. @17-01-2022 02:06:53.0560 AM
[ReportManager] Successfully created attachment [Validation Test Data - Expected JSON Value] @17-01-2022 02:06:53.0561 AM
[ReportManager] Successfully created attachment [Validation Test Data - Actual JSON Value] @17-01-2022 02:06:53.0562 AM
[ReportManager] Assertion [ValidateResponseFileSchema] PASSED. Expected [Response data should match the JSON File in this path '/Users/runner/work/SHAFT_ENGINE/SHAFT_ENGINE/src/test/resources/testDataFiles/schema.json'] and Actual [TRUE]. Comparison Type [EQUALS]. Validation Type [POSITIVE]. @17-01-2022 02:06:53.0562 A
[ReportManager] File Action [GetAbsolutePath] successfully performed. With the following test data [Relative Folder Path: "target/downloadedFiles/"]. @17-01-2022 02:06:53.0565 AM
[ReportManager] Attempting to run locally on: [Mac-64], [Safari], Headless Execution. @17-01-2022 02:06:53.0566 AM
[ReportManager] Successfully Opened Safari. @17-01-2022 02:06:54.0448 AM
[ReportManager] Initial window size: (800, 600) @17-01-2022 02:06:54.0464 AM
[ReportManager] Window size after SWD Maximize: (1176, 803) @17-01-2022 02:06:54.0491 AM
[ReportManager] Browser Action [MaximizeWindow] successfully performed. With the following test data [New screen size is now: (1176, 803)]. @17-01-2022 02:06:54.0491 A

################################################################################################################################################
Starting Execution:	[139 out of 162] test cases in the current suite
Test Method:		[testPackage01.Test_dragAndDrop.dragAndDropJquery]
################################################################################################################################################
[ReportManager] Target URL: [https://jqueryui.com/resources/demos/droppable/default.html] @17-01-2022 02:06:54.0497 AM
[ReportManager] Initial URL: [] @17-01-2022 02:06:54.0591 AM
[ReportManager] Browser Action [NavigateToURL] successfully performed. With the following test data [https://jqueryui.com/resources/demos/droppable/default.html]. @17-01-2022 02:06:55.0258 AM
[ReportManager] Element Action [GetText] successfully performed. With the following test data [
	Drop here
]. @17-01-2022 02:06:55.0306 AM
[ReportManager] Element Action [DragAndDrop] successfully performed. With the following test data [Start point: (8, 18), End point: (8, 18)]. @17-01-2022 02:06:56.0446 AM
[ReportManager] Element Action [GetText] successfully performed. With the following test data [
	Dropped!
]. @17-01-2022 02:06:56.0493 AM
[ReportManager] Assertion Passed: Checking to see if the text has changed after performing drag and drop @17-01-2022 02:06:56.0494 AM
[ReportManager] Assertion [ValidateEquals] PASSED. Expected [
	Drop here
] and Actual [
	Dropped!
]. Comparison Type [EQUALS]. Validation Type [NEGATIVE]. @17-01-2022 02:06:56.0494 A
[ReportManager] Browser Action [CloseCurrentWindow] successfully performed. @17-01-2022 02:06:56.0983 AM
[ReportManager] Successfully created attachment [Browser Action Test Data - CloseCurrentWindow - Actual Value] @17-01-2022 02:06:56.0983 A
[ReportManager] File Action [GetAbsolutePath] successfully performed. With the following test data [Relative Folder Path: "target/downloadedFiles/"]. @17-01-2022 02:06:56.0986 AM
[ReportManager] Attempting to run locally on: [Mac-64], [Safari], Headless Execution. @17-01-2022 02:06:56.0986 AM
[ReportManager] Successfully Opened Safari. @17-01-2022 02:06:57.0933 AM
[ReportManager] Initial window size: (800, 600) @17-01-2022 02:06:57.0962 AM
[ReportManager] Window size after SWD Maximize: (1176, 803) @17-01-2022 02:06:57.0993 AM
[ReportManager] Browser Action [MaximizeWindow] successfully performed. With the following test data [New screen size is now: (1176, 803)]. @17-01-2022 02:06:57.0993 A

################################################################################################################################################
Starting Execution:	[140 out of 162] test cases in the current suite
Test Method:		[testPackage01.Test_dragAndDrop.dragAndDrop]
Test Description:	[TC001 - Test Drag and Drop function.]
################################################################################################################################################
[ReportManager] Target URL: [http://the-internet.herokuapp.com/drag_and_drop] @17-01-2022 02:06:57.0997 AM
[ReportManager] Initial URL: [] @17-01-2022 02:06:58.0049 AM
[ReportManager] Browser Action [NavigateToURL] successfully performed. With the following test data [http://the-internet.herokuapp.com/drag_and_drop]. @17-01-2022 02:06:59.0666 AM
[ReportManager] Attempting Drag and Drop @17-01-2022 02:06:59.0667 AM
[ReportManager] Element Action [DragAndDrop] successfully performed. With the following test data [Start point: (120, 89), End point: (335, 89)]. @17-01-2022 02:07:00.0408 A
[ReportManager] Browser Action [CloseCurrentWindow] successfully performed. @17-01-2022 02:07:00.0811 AM
[ReportManager] Successfully created attachment [Browser Action Test Data - CloseCurrentWindow - Actual Value] @17-01-2022 02:07:00.0812 A
[ReportManager] File Action [GetAbsolutePath] successfully performed. With the following test data [Relative Folder Path: "target/downloadedFiles/"]. @17-01-2022 02:07:00.0815 AM
[ReportManager] Attempting to run locally on: [Mac-64], [Safari], Headless Execution. @17-01-2022 02:07:00.0815 AM
[ReportManager] Successfully Opened Safari. @17-01-2022 02:07:01.0662 AM
[ReportManager] Initial window size: (800, 600) @17-01-2022 02:07:01.0695 AM
[ReportManager] Window size after SWD Maximize: (1176, 803) @17-01-2022 02:07:01.0713 AM
[ReportManager] Browser Action [MaximizeWindow] successfully performed. With the following test data [New screen size is now: (1176, 803)]. @17-01-2022 02:07:01.0714 A

################################################################################################################################################
Starting Execution:	[141 out of 162] test cases in the current suite
Test Method:		[testPackage01.Test_dragAndDrop.dragAndDropByOffset]
Test Description:	[TC002 - Test Drag and Drop by offset function.]
################################################################################################################################################
[ReportManager] Target URL: [https://jqueryui.com/resources/demos/draggable/default.html] @17-01-2022 02:07:01.0757 AM
[ReportManager] Initial URL: [] @17-01-2022 02:07:01.0803 AM
[ReportManager] Browser Action [NavigateToURL] successfully performed. With the following test data [https://jqueryui.com/resources/demos/draggable/default.html]. @17-01-2022 02:07:02.0479 AM
[ReportManager] Element Action [DragAndDropByOffset] successfully performed. With the following test data [Start point: (8, 8), End point: (108, 58)]. @17-01-2022 02:07:03.0290 A
[ReportManager] Browser Action [CloseCurrentWindow] successfully performed. @17-01-2022 02:07:03.0681 AM
[ReportManager] Successfully created attachment [Browser Action Test Data - CloseCurrentWindow - Actual Value] @17-01-2022 02:07:03.0681 A
[ReportManager] Successfully loaded the following test data file [src/test/resources/testDataFiles/testSuite01/TestData.xlsx]. @17-01-2022 02:07:03.0722 AM
[ReportManager] Successfully created attachment [Test Data - Excel] @17-01-2022 02:07:03.0723 AM
[ReportManager] File Action [GetAbsolutePath] successfully performed. With the following test data [Relative Folder Path: "target/downloadedFiles/"]. @17-01-2022 02:07:03.0723 AM
[ReportManager] Attempting to run locally on: [Mac-64], [Safari], Headless Execution. @17-01-2022 02:07:03.0724 AM
[ReportManager] Successfully Opened Safari. @17-01-2022 02:07:04.0617 AM
[ReportManager] Initial window size: (800, 600) @17-01-2022 02:07:04.0631 AM
[ReportManager] Window size after SWD Maximize: (1176, 803) @17-01-2022 02:07:04.0682 AM
[ReportManager] Browser Action [MaximizeWindow] successfully performed. With the following test data [New screen size is now: (1176, 803)]. @17-01-2022 02:07:04.0682 A

################################################################################################################################################
Starting Execution:	[142 out of 162] test cases in the current suite
Test Method:		[testPackage01.Test_google.navigateToURLandVerifyGoogleLogoIsDisplayed]
Test Description:	[TC001 - Navigate to URL and Verify Google Logo is Displayed]
################################################################################################################################################
[ReportManager] Target URL: [https://www.google.com/ncr], and after redirection: [https://www.google.com] @17-01-2022 02:07:04.0699 AM
[ReportManager] Initial URL: [] @17-01-2022 02:07:04.0776 AM
[ReportManager] Browser Action [NavigateToURL] successfully performed. With the following test data [https://www.google.com/ncr]. @17-01-2022 02:07:05.0904 AM
[ReportManager] Assertion Passed: Then I Assert that the element found by [By.xpath: //*[@id='hplogo' or @alt='Google']] exists. @17-01-2022 02:07:06.0128 AM
[ReportManager] Successfully created attachment [Screenshot - 1642385226066_navigateToURLandVerifyGoogleLogoIsDisplayed_ValidateElementExists_passed] @17-01-2022 02:07:06.0129 AM
[ReportManager] Assertion [ValidateElementExists] PASSED. Expected [Element Should Exist, locator 'By.xpath: //*[@id='hplogo' or @alt='Google']'] and Actual [Element Exists]. Comparison Type [EQUALS]. Validation Type [POSITIVE]. @17-01-2022 02:07:06.0130 A

################################################################################################################################################
Starting Execution:	[143 out of 162] test cases in the current suite
Test Method:		[testPackage01.Test_google.searchForQueryandAssertResultsNumDisplayed]
Test Description:	[TC002 - Search for Query and Assert that the number of results is displayed]
################################################################################################################################################
[ReportManager] Element Action [Type] successfully performed. With the following test data [SHAFT_Engine]. @17-01-2022 02:07:06.0943 AM
[ReportManager] Element Action [KeyPress] successfully performed. With the following test data [Enter]. @17-01-2022 02:07:07.0005 AM
[ReportManager] Element Action [GetText] successfully performed. With the following test data [About 753,000 results (0.74 seconds)Quick SettingsSee all settingsPrivacySearch historyYour data in SearchUsing SearchExplicit results filterLearn more about SafeSearchHide explicit resultsLanguagesEnglishAdvanced searchAppearanceLight themeDark themeDevice defaultSupportSearch help]. @17-01-2022 02:07:08.0742 AM
[ReportManager] Assertion Passed: Then I Assert that the element found by [By.id: appbar] text does not equal []. @17-01-2022 02:07:09.0091 AM
[ReportManager] Successfully created attachment [Screenshot - 1642385228965_searchForQueryandAssertResultsNumDisplayed_ValidateElementAttribute_passed] @17-01-2022 02:07:09.0093 AM
[ReportManager] Assertion [ValidateElementAttribute] PASSED. Expected [Value Should not be '' for the 'text' attribute, element locator 'By.id: appbar'] and Actual [About 753,000 results (0.74 seconds)Quick SettingsSee all settingsPrivacySearch historyYour data in SearchUsing SearchExplicit results filterLearn more about SafeSearchHide explicit resultsLanguagesEnglishAdvanced searchAppearanceLight themeDark themeDevice defaultSupportSearch help]. Comparison Type [EQUALS]. Validation Type [NEGATIVE]. @17-01-2022 02:07:09.0093 A

################################################################################################################################################
Starting Execution:	[144 out of 162] test cases in the current suite
Test Method:		[testPackage01.Test_google.clickNextThrice]
Test Description:	[TC003 - Clicks the next button to make sure that the framework can scroll element into view before clicking it]
################################################################################################################################################
[ReportManager] Element Action [Click] successfully performed. With the following test data [By.xpath: //span[text()='Next']]. @17-01-2022 02:07:09.0363 A
[ReportManager] Successfully Closed All Drivers. @17-01-2022 02:07:09.0619 A
[ReportManager] File Action [GetAbsolutePath] successfully performed. With the following test data [Relative Folder Path: "target/downloadedFiles/"]. @17-01-2022 02:07:09.0621 AM
[ReportManager] Attempting to run locally on: [Mac-64], [Safari], Headless Execution. @17-01-2022 02:07:09.0622 AM
[ReportManager] Successfully Opened Safari. @17-01-2022 02:07:10.0516 AM
[ReportManager] Initial window size: (800, 600) @17-01-2022 02:07:10.0542 AM
[ReportManager] Window size after SWD Maximize: (1176, 803) @17-01-2022 02:07:10.0571 AM
[ReportManager] Browser Action [MaximizeWindow] successfully performed. With the following test data [New screen size is now: (1176, 803)]. @17-01-2022 02:07:10.0572 A

################################################################################################################################################
Starting Execution:	[145 out of 162] test cases in the current suite
Test Method:		[testPackage01.Test_chainableElementActions.chainElementActions]
################################################################################################################################################
[ReportManager] Target URL: [https://www.google.com/ncr], and after redirection: [https://www.google.com] @17-01-2022 02:07:10.0575 AM
[ReportManager] Initial URL: [] @17-01-2022 02:07:10.0621 AM
[ReportManager] Browser Action [NavigateToURL] successfully performed. With the following test data [https://www.google.com/ncr]. @17-01-2022 02:07:11.0490 AM
[ReportManager] Element Action [Type] successfully performed. With the following test data [chained type 1]. @17-01-2022 02:07:11.0870 AM
[ReportManager] Element Action [Type] successfully performed. With the following test data [chained type 2]. @17-01-2022 02:07:12.0403 AM
[ReportManager] Element Action [TypeAppend] successfully performed. With the following test data [345]. @17-01-2022 02:07:12.0477 AM
[ReportManager] Element Action [GetText] successfully performed. With the following test data [chained type 2345]. @17-01-2022 02:07:12.0634 AM
[ReportManager] Assertion Passed: Then I Assert that the element found by [By.name: q] text is equal to [chained type 2345]. @17-01-2022 02:07:12.0775 AM
[ReportManager] Successfully created attachment [Screenshot - 1642385232714_chainElementActions_ValidateElementAttribute_passed] @17-01-2022 02:07:12.0776 AM
[ReportManager] Assertion [ValidateElementAttribute] PASSED. Expected [Value Should be 'chained type 2345' for the 'text' attribute, element locator 'By.name: q'] and Actual [chained type 2345]. Comparison Type [EQUALS]. Validation Type [POSITIVE]. @17-01-2022 02:07:12.0776 A
[ReportManager] Successfully Closed All Drivers. @17-01-2022 02:07:12.0981 A
[ReportManager] File Action [GetAbsolutePath] successfully performed. With the following test data [Relative Folder Path: "target/downloadedFiles/"]. @17-01-2022 02:07:13.0108 AM
[ReportManager] Attempting to run locally on: [Mac-64], [Safari], Headless Execution. @17-01-2022 02:07:13.0108 AM
[ReportManager] Successfully Opened Safari. @17-01-2022 02:07:13.0967 AM
[ReportManager] Initial window size: (800, 600) @17-01-2022 02:07:13.0984 AM
[ReportManager] Window size after SWD Maximize: (1176, 803) @17-01-2022 02:07:14.0015 AM
[ReportManager] Browser Action [MaximizeWindow] successfully performed. With the following test data [New screen size is now: (1176, 803)]. @17-01-2022 02:07:14.0015 A

################################################################################################################################################
Starting Execution:	[146 out of 162] test cases in the current suite
Test Method:		[testPackage01.Test_RelativeLocators.relativeLocatorsTest1]
################################################################################################################################################
[ReportManager] Target URL: [https://duckduckgo.com/] @17-01-2022 02:07:14.0019 AM
[ReportManager] Initial URL: [] @17-01-2022 02:07:14.0067 AM
[ReportManager] Browser Action [NavigateToURL] successfully performed. With the following test data [https://duckduckgo.com/]. @17-01-2022 02:07:14.0999 AM
[ReportManager] Element Action [Type] successfully performed. With the following test data [SHAFT_Engine]. @17-01-2022 02:07:15.0300 AM
[ReportManager] Element Action [KeyPress] successfully performed. With the following test data [ENTER]. @17-01-2022 02:07:15.0377 AM
[ReportManager] Element Action [GetText] successfully performed. With the following test data [GitHub - MohabMohie/SHAFT_ENGINE: SHAFT_ENGINE is a Test ...]. @17-01-2022 02:07:16.0930 AM
[ReportManager] Assertion Passed: Then I Assert that the element found by [Relative Locator: {root={xpath=//a[@class='result__a js-result-title-link']}, filters=[{kind=below, args=[{xpath=//input[@name='q']}]}]}] text does not equal []. @17-01-2022 02:07:17.0276 AM
[ReportManager] Successfully created attachment [Screenshot - 1642385237171_relativeLocatorsTest1_ValidateElementAttribute_passed] @17-01-2022 02:07:17.0280 AM
[ReportManager] Assertion [ValidateElementAttribute] PASSED. Expected [Value Should not be '' for the 'text' attribute, element locator '[unknown locator]'] and Actual [GitHub - MohabMohie/SHAFT_ENGINE: SHAFT_ENGINE is a Test ...]. Comparison Type [EQUALS]. Validation Type [NEGATIVE]. @17-01-2022 02:07:17.0280 A
[ReportManager] Browser Action [CloseCurrentWindow] successfully performed. @17-01-2022 02:07:17.0495 AM
[ReportManager] Successfully created attachment [Browser Action Test Data - CloseCurrentWindow - Actual Value] @17-01-2022 02:07:17.0496 A

################################################################################################################################################
Starting Execution:	[147 out of 162] test cases in the current suite
Test Method:		[testPackage01.Test_JsonCompareWithSpecialCharacters.specialCharacters]
################################################################################################################################################
[ReportManager] File Action [GetAbsolutePath] successfully performed. With the following test data [Relative Folder Path: "src/test/resources/testDataFiles/specialCharacters.json"]. @17-01-2022 02:07:17.0506 AM
[ReportManager] File Action [ReadFromFile] successfully performed. With the following test data [File Path: "/Users/runner/work/SHAFT_ENGINE/SHAFT_ENGINE/src/test/resources/testDataFiles/specialCharacters.json"]. @17-01-2022 02:07:17.0507 AM
[ReportManager] Successfully created attachment [File Action Actual Result - Command Log] @17-01-2022 02:07:17.0508 AM
[ReportManager] Comparing the provided API response with the file at this path "src/test/resources/testDataFiles/specialCharacters.json", comparison type "EQUALS" @17-01-2022 02:07:17.0510 AM
[ReportManager] API Action [CompareJSON] successfully performed. With the following test data [src/test/resources/testDataFiles/specialCharacters.json]. @17-01-2022 02:07:17.0524 AM
[ReportManager] File Action [GetAbsolutePath] successfully performed. With the following test data [Relative Folder Path: "src/test/resources/testDataFiles/specialCharacters.json"]. @17-01-2022 02:07:17.0525 AM
[ReportManager] File Action [ReadFromFile] successfully performed. With the following test data [File Path: "/Users/runner/work/SHAFT_ENGINE/SHAFT_ENGINE/src/test/resources/testDataFiles/specialCharacters.json"]. @17-01-2022 02:07:17.0525 AM
[ReportManager] Verification [ValidateJSONFileContent] PASSED. Expected [Response data should match the JSON File in this path 'src/test/resources/testDataFiles/specialCharacters.json'] and Actual [TRUE]. Comparison Type [EQUALS]. Validation Type [POSITIVE]. @17-01-2022 02:07:17.0537 AM
[ReportManager] Successfully created attachment [Validation Test Data - Expected JSON Value] @17-01-2022 02:07:17.0538 AM
[ReportManager] Successfully created attachment [Validation Test Data - Actual JSON Value] @17-01-2022 02:07:17.0539 A

################################################################################################################################################
Starting Execution:	[148 out of 162] test cases in the current suite
Test Method:		[testPackage01.Test_JsonCompareWithSpecialCharacters.specialCharacters_assertion]
################################################################################################################################################
[ReportManager] File Action [GetAbsolutePath] successfully performed. With the following test data [Relative Folder Path: "src/test/resources/testDataFiles/specialCharacters.json"]. @17-01-2022 02:07:17.0544 AM
[ReportManager] File Action [ReadFromFile] successfully performed. With the following test data [File Path: "/Users/runner/work/SHAFT_ENGINE/SHAFT_ENGINE/src/test/resources/testDataFiles/specialCharacters.json"]. @17-01-2022 02:07:17.0545 AM
[ReportManager] Successfully created attachment [File Action Actual Result - Command Log] @17-01-2022 02:07:17.0546 AM
[ReportManager] Comparing the provided API response with the file at this path "src/test/resources/testDataFiles/specialCharacters.json", comparison type "CONTAINS" @17-01-2022 02:07:17.0547 AM
[ReportManager] API Action [CompareJSON] successfully performed. With the following test data [src/test/resources/testDataFiles/specialCharacters.json]. @17-01-2022 02:07:17.0558 AM
[ReportManager] File Action [GetAbsolutePath] successfully performed. With the following test data [Relative Folder Path: "src/test/resources/testDataFiles/specialCharacters.json"]. @17-01-2022 02:07:17.0558 AM
[ReportManager] File Action [ReadFromFile] successfully performed. With the following test data [File Path: "/Users/runner/work/SHAFT_ENGINE/SHAFT_ENGINE/src/test/resources/testDataFiles/specialCharacters.json"]. @17-01-2022 02:07:17.0559 AM
[ReportManager] Assertion Passed: trying out the log message @17-01-2022 02:07:17.0565 AM
[ReportManager] Successfully created attachment [Validation Test Data - Expected JSON Value] @17-01-2022 02:07:17.0566 AM
[ReportManager] Successfully created attachment [Validation Test Data - Actual JSON Value] @17-01-2022 02:07:17.0567 AM
[ReportManager] Assertion [ValidateJSONFileContent] PASSED. Expected [Response data should match the JSON File in this path 'src/test/resources/testDataFiles/specialCharacters.json'] and Actual [TRUE]. Comparison Type [CONTAINS]. Validation Type [POSITIVE]. @17-01-2022 02:07:17.0567 A

################################################################################################################################################
Starting Execution:	[149 out of 162] test cases in the current suite
Test Method:		[testPackage01.Test_SkipDueToIssue.doNotSkip]
################################################################################################################################################
[ReportManager] This should not be skipped. @17-01-2022 02:07:17.0571 A

################################################################################################################################################
Starting Execution:	[150 out of 162] test cases in the current suite
Test Method:		[testPackage01.Test_SkipDueToIssue.skip]
################################################################################################################################################
[ReportManager] This should be skipped. @17-01-2022 02:07:17.0578 A

################################################################################################################################################
Starting Execution:	[151 out of 162] test cases in the current suite
Test Method:		[testPackage01.Test_SkipDueToIssue.skip2]
################################################################################################################################################
[ReportManager] This should be skipped. @17-01-2022 02:07:17.0585 A

################################################################################################################################################
Starting Execution:	[152 out of 162] test cases in the current suite
Test Method:		[testPackage01.Test_JSONFileManager.readStringFromJson]
################################################################################################################################################
[ReportManager] File Action [GetAbsolutePath] successfully performed. With the following test data [Relative Folder Path: "src/test/resources/testDataFiles/simpleJSON.json"]. @17-01-2022 02:07:17.0593 AM
[ReportManager] Successfully loaded the following test data file [src/test/resources/testDataFiles/simpleJSON.json]. @17-01-2022 02:07:17.0595 AM
[ReportManager] Successfully created attachment [Test Data - JSON] @17-01-2022 02:07:17.0596 AM
[ReportManager] File Action [GetAbsolutePath] successfully performed. With the following test data [Relative Folder Path: "src/test/resources/testDataFiles/simpleJSON.json"]. @17-01-2022 02:07:17.0597 AM
[ReportManager] Assertion [ValidateEquals] PASSED. Expected [Mohab Mohie] and Actual [Mohab Mohie]. Comparison Type [EQUALS]. Validation Type [POSITIVE]. @17-01-2022 02:07:17.0618 A
[ReportManager] File Action [GetAbsolutePath] successfully performed. With the following test data [Relative Folder Path: "target/downloadedFiles/"]. @17-01-2022 02:07:17.0622 AM
[ReportManager] Attempting to run locally on: [Mac-64], [Safari], Headless Execution. @17-01-2022 02:07:17.0622 AM
[ReportManager] Successfully Opened Safari. @17-01-2022 02:07:18.0728 AM
[ReportManager] Initial window size: (800, 600) @17-01-2022 02:07:18.0758 AM
[ReportManager] Window size after SWD Maximize: (1176, 803) @17-01-2022 02:07:18.0776 AM
[ReportManager] Browser Action [MaximizeWindow] successfully performed. With the following test data [New screen size is now: (1176, 803)]. @17-01-2022 02:07:18.0777 A

################################################################################################################################################
Starting Execution:	[153 out of 162] test cases in the current suite
Test Method:		[testPackage01.Test_assertEquals.test_assertElementAttribute]
################################################################################################################################################
[ReportManager] Target URL: [https://www.google.com/ncr], and after redirection: [https://www.google.com] @17-01-2022 02:07:18.0779 AM
[ReportManager] Initial URL: [] @17-01-2022 02:07:18.0838 AM
[ReportManager] Browser Action [NavigateToURL] successfully performed. With the following test data [https://www.google.com/ncr]. @17-01-2022 02:07:20.0620 AM
[ReportManager] Element Action [Type] successfully performed. With the following test data [INC_004010050:Another SCHEDULER with the same name [Duplicate Job Name] already exists.]. @17-01-2022 02:07:22.0157 AM
[ReportManager] Element Action [GetText] successfully performed. With the following test data [INC_004010050:Another SCHEDULER with the same name [Duplicate Job Name] already exists.]. @17-01-2022 02:07:22.0215 AM
[ReportManager] Assertion [ValidateElementAttribute] PASSED. Expected [Value Should be 'INC_004010050:Another SCHEDULER with the same name \[Duplicate Job Name\] already exists.' for the 'text' attribute, element locator 'By.name: q'] and Actual [INC_004010050:Another SCHEDULER with the same name [Duplicate Job Name] already exists.]. Comparison Type [MATCHES]. Validation Type [POSITIVE]. @17-01-2022 02:07:22.0399 AM
[ReportManager] Successfully created attachment [Screenshot - 1642385242318_test_assertElementAttribute_ValidateElementAttribute_passed] @17-01-2022 02:07:22.0400 A
[ReportManager] Browser Action [CloseCurrentWindow] successfully performed. @17-01-2022 02:07:22.0789 AM
[ReportManager] Successfully created attachment [Browser Action Test Data - CloseCurrentWindow - Actual Value] @17-01-2022 02:07:22.0790 A
[ReportManager] File Action [GetAbsolutePath] successfully performed. With the following test data [Relative Folder Path: "target/downloadedFiles/"]. @17-01-2022 02:07:22.0792 AM
[ReportManager] Attempting to run locally on: [Mac-64], [Safari], Headless Execution. @17-01-2022 02:07:22.0793 AM
[ReportManager] Successfully Opened Safari. @17-01-2022 02:07:23.0682 AM
[ReportManager] Initial window size: (800, 600) @17-01-2022 02:07:23.0756 AM
[ReportManager] Window size after SWD Maximize: (1176, 803) @17-01-2022 02:07:23.0793 AM
[ReportManager] Browser Action [MaximizeWindow] successfully performed. With the following test data [New screen size is now: (1176, 803)]. @17-01-2022 02:07:23.0793 A

################################################################################################################################################
Starting Execution:	[154 out of 162] test cases in the current suite
Test Method:		[testPackage01.Test_IsElementClickable.testIsElementClickable]
################################################################################################################################################
[ReportManager] Target URL: [https://the-internet.herokuapp.com/] @17-01-2022 02:07:23.0796 AM
[ReportManager] Initial URL: [] @17-01-2022 02:07:23.0858 AM
[ReportManager] Browser Action [NavigateToURL] successfully performed. With the following test data [https://the-internet.herokuapp.com/]. @17-01-2022 02:07:25.0205 AM
[ReportManager] Element Action [IsElementClickable] successfully performed. @17-01-2022 02:07:25.0395 AM
[ReportManager] Assertion [ValidateTrue] PASSED. Expected [TRUE] and Actual [TRUE]. Validation Type [POSITIVE]. @17-01-2022 02:07:25.0395 A
[ReportManager] Browser Action [CloseCurrentWindow] successfully performed. @17-01-2022 02:07:25.0606 AM
[ReportManager] Successfully created attachment [Browser Action Test Data - CloseCurrentWindow - Actual Value] @17-01-2022 02:07:25.0607 A
[ReportManager] Successfully loaded the following test data file [src/test/resources/testDataFiles/testSuite01/TestData.xlsx]. @17-01-2022 02:07:25.0646 AM
[ReportManager] Successfully created attachment [Test Data - Excel] @17-01-2022 02:07:25.0646 AM
[ReportManager] Attempting to run using Playwright locally on: [Mac-64], [Safari], Headless Execution. @17-01-2022 02:07:54.0480 AM
[ReportManager] File Action [GetAbsolutePath] successfully performed. With the following test data [Relative Folder Path: "target/downloadedFiles/"]. @17-01-2022 02:07:54.0481 AM
[ReportManager] Initial window size: (1280, 720) @17-01-2022 02:08:00.0349 AM
[ReportManager] Window size after Toolkit: com.microsoft.playwright.options.ViewportSize@1b7999b7 @17-01-2022 02:08:00.0359 AM
[ReportManager] Browser Action [MaximizeWindow] successfully performed. With the following test data [New screen size is now: (1920, 1080)]. @17-01-2022 02:08:00.0360 A

################################################################################################################################################
Starting Execution:	[155 out of 162] test cases in the current suite
Test Method:		[testPackage01.Test_google_playwright.navigateToURLandVerifyGoogleLogoIsDisplayed]
Test Description:	[TC001 - Navigate to URL and Verify Google Logo is Displayed]
################################################################################################################################################
[ReportManager] Target URL: [https://www.google.com/ncr], and after redirection: [https://www.google.com] @17-01-2022 02:08:00.0495 AM
[ReportManager] Initial URL: [about:blank] @17-01-2022 02:08:00.0881 AM
[ReportManager] Browser Action [NavigateToURL] successfully performed. With the following test data [https://www.google.com/ncr]. @17-01-2022 02:08:03.0437 AM
[ReportManager] Assertion [ValidateElementExists] PASSED. Expected [Element Should Exist, locator 'xpath=//*[@id='hplogo' or @alt='Google']'] and Actual [Element Exists]. Comparison Type [EQUALS]. Validation Type [POSITIVE]. @17-01-2022 02:08:03.0748 AM
[ReportManager] Successfully created attachment [Screenshot - 1642385283589_navigateToURLandVerifyGoogleLogoIsDisplayed_ValidateElementExists_passed] @17-01-2022 02:08:03.0749 A

################################################################################################################################################
Starting Execution:	[156 out of 162] test cases in the current suite
Test Method:		[testPackage01.Test_google_playwright.searchForQueryandAssertResultsNumDisplayed]
Test Description:	[TC002 - Search for Query and Assert that the number of results is displayed]
################################################################################################################################################
[ReportManager] Element Action [Type] successfully performed. With the following test data [SHAFT_Engine]. @17-01-2022 02:08:04.0345 AM
[ReportManager] Element Action [KeyPress] successfully performed. With the following test data [Enter]. @17-01-2022 02:08:04.0380 AM
[ReportManager] Element Action [GetText] successfully performed. With the following test data [About 859,000 results (0.80 seconds)
]. @17-01-2022 02:08:06.0232 AM
[ReportManager] Assertion [ValidateElementAttribute] PASSED. Expected [Value Should not be '' for the 'text' attribute, element locator 'xpath=//div[@id='appbar']'] and Actual [About 859,000 results (0.80 seconds)
]. Comparison Type [EQUALS]. Validation Type [NEGATIVE]. @17-01-2022 02:08:07.0289 AM
[ReportManager] Successfully created attachment [Screenshot - 1642385287155_searchForQueryandAssertResultsNumDisplayed_ValidateElementAttribute_passed] @17-01-2022 02:08:07.0306 A

################################################################################################################################################
Starting Execution:	[157 out of 162] test cases in the current suite
Test Method:		[testPackage01.Test_google_playwright.clickNextThrice]
Test Description:	[TC003 - Clicks the next button to make sure that the framework can scroll element into view before clicking it]
################################################################################################################################################
[ReportManager] Element Action [Click] successfully performed. With the following test data [Next]. @17-01-2022 02:08:07.0589 A
[ReportManager] Failed to find video recording. @17-01-2022 02:08:07.0591 AM
[ReportManager] Successfully Closed PlayWright Driver. @17-01-2022 02:08:07.0672 A
[ReportManager] File Action [GetAbsolutePath] successfully performed. With the following test data [Relative Folder Path: "target/downloadedFiles/"]. @17-01-2022 02:08:07.0673 AM
[ReportManager] Attempting to run locally on: [Mac-64], [Safari], Headless Execution. @17-01-2022 02:08:07.0673 AM
[ReportManager] Successfully Opened Safari. @17-01-2022 02:08:08.0531 AM
[ReportManager] Initial window size: (800, 600) @17-01-2022 02:08:08.0551 AM
[ReportManager] Window size after SWD Maximize: (1176, 803) @17-01-2022 02:08:08.0580 AM
[ReportManager] Browser Action [MaximizeWindow] successfully performed. With the following test data [New screen size is now: (1176, 803)]. @17-01-2022 02:08:08.0580 A

################################################################################################################################################
Starting Execution:	[158 out of 162] test cases in the current suite
Test Method:		[testPackage01.Test_verifyEquals.test_assertElementAttribute]
################################################################################################################################################
[ReportManager] Target URL: [https://www.google.com/ncr], and after redirection: [https://www.google.com] @17-01-2022 02:08:08.0623 AM
[ReportManager] Initial URL: [] @17-01-2022 02:08:08.0655 AM
[ReportManager] Browser Action [NavigateToURL] successfully performed. With the following test data [https://www.google.com/ncr]. @17-01-2022 02:08:09.0539 AM
[ReportManager] Element Action [Type] successfully performed. With the following test data [INC_004010050:Another SCHEDULER with the same name [Duplicate Job Name] already exists.]. @17-01-2022 02:08:11.0830 AM
[ReportManager] Element Action [GetText] successfully performed. With the following test data [INC_004010050:Another SCHEDULER with the same name [Duplicate Job Name] already exists.]. @17-01-2022 02:08:11.0909 AM
[ReportManager] Verification [ValidateElementAttribute] PASSED. Expected [Value Should be 'INC_004010050:Another SCHEDULER with the same name \[Duplicate Job Name\] already exists.' for the 'text' attribute, element locator 'By.name: q'] and Actual [INC_004010050:Another SCHEDULER with the same name [Duplicate Job Name] already exists.]. Comparison Type [MATCHES]. Validation Type [POSITIVE]. @17-01-2022 02:08:12.0147 AM
[ReportManager] Successfully created attachment [Screenshot - 1642385292052_test_assertElementAttribute_ValidateElementAttribute_passed] @17-01-2022 02:08:12.0148 A
[ReportManager] Browser Action [CloseCurrentWindow] successfully performed. @17-01-2022 02:08:12.0299 AM
[ReportManager] Successfully created attachment [Browser Action Test Data - CloseCurrentWindow - Actual Value] @17-01-2022 02:08:12.0300 A

################################################################################################################################################
Starting Execution:	[159 out of 162] test cases in the current suite
Test Method:		[testPackage01.Test_SelectedValue.multipleSelect]
################################################################################################################################################
[ReportManager] File Action [GetAbsolutePath] successfully performed. With the following test data [Relative Folder Path: "target/downloadedFiles/"]. @17-01-2022 02:08:12.0303 AM
[ReportManager] Attempting to run locally on: [Mac-64], [GoogleChrome], Headless Execution. @17-01-2022 02:08:12.0305 AM
[ReportManager] Identifying OS/Driver combination and selecting the correct driver version automatically. Please note that if a new driver executable will be downloaded it may take some time... @17-01-2022 02:08:12.0305 AM
[ReportManager] Successfully Opened Google Chrome. @17-01-2022 02:08:15.0957 AM
[ReportManager] Initial window size: (1920, 1080) @17-01-2022 02:08:15.0962 AM
[ReportManager] Window size after SWD Maximize: (1920, 1080) @17-01-2022 02:08:16.0075 AM
[ReportManager] Window size after Toolkit: (1920, 1080) @17-01-2022 02:08:16.0497 AM
[ReportManager] Browser Action [MaximizeWindow] successfully performed. With the following test data [New screen size is now: (1920, 1080)]. @17-01-2022 02:08:16.0501 AM
[ReportManager] Target URL: [https://yari-demos.prod.mdn.mozit.cloud/en-US/docs/Web/HTML/Element/select/_sample_.Advanced_select_with_multiple_features.html] @17-01-2022 02:08:16.0501 AM
[ReportManager] Initial URL: [data:,] @17-01-2022 02:08:16.0538 AM
[ReportManager] Browser Action [NavigateToURL] successfully performed. With the following test data [https://yari-demos.prod.mdn.mozit.cloud/en-US/docs/Web/HTML/Element/select/_sample_.Advanced_select_with_multiple_features.html]. @17-01-2022 02:08:16.0877 AM
[ReportManager] Element Action [Select] successfully performed. With the following test data [Dog]. @17-01-2022 02:08:17.0110 AM
[ReportManager] Element Action [Select] successfully performed. With the following test data [Cat]. @17-01-2022 02:08:17.0310 AM
[ReportManager] Element Action [GetSelectedText] successfully performed. With the following test data [DogCat]. @17-01-2022 02:08:17.0421 AM
[ReportManager] DogCat @17-01-2022 02:08:17.0422 AM
[ReportManager] Element Action [GetSelectedText] successfully performed. With the following test data [DogCat]. @17-01-2022 02:08:17.0527 AM
[ReportManager] Assertion [ValidateElementAttribute] PASSED. Expected [Value Should be 'DogCat' for the 'selectedText' attribute, element locator 'By.tagName: select'] and Actual [DogCat]. Comparison Type [EQUALS]. Validation Type [POSITIVE]. @17-01-2022 02:08:18.0084 AM
[ReportManager] Successfully created attachment [Screenshot - 1642385297965_multipleSelect_ValidateElementAttribute_passed] @17-01-2022 02:08:18.0085 AM
[ReportManager] Browser Action [CloseCurrentWindow] successfully performed. @17-01-2022 02:08:18.0356 AM
[ReportManager] Successfully created attachment [Browser Action Test Data - CloseCurrentWindow - Actual Value] @17-01-2022 02:08:18.0357 A

################################################################################################################################################
Starting Execution:	[160 out of 162] test cases in the current suite
Test Method:		[testPackage01.Test_SelectedValue.simpleSelect]
################################################################################################################################################
[ReportManager] File Action [GetAbsolutePath] successfully performed. With the following test data [Relative Folder Path: "target/downloadedFiles/"]. @17-01-2022 02:08:18.0372 AM
[ReportManager] Attempting to run locally on: [Mac-64], [GoogleChrome], Headless Execution. @17-01-2022 02:08:18.0373 AM
[ReportManager] Identifying OS/Driver combination and selecting the correct driver version automatically. Please note that if a new driver executable will be downloaded it may take some time... @17-01-2022 02:08:18.0373 AM
[ReportManager] Successfully Opened Google Chrome. @17-01-2022 02:08:19.0062 AM
[ReportManager] Initial window size: (1920, 1080) @17-01-2022 02:08:19.0066 AM
[ReportManager] Window size after SWD Maximize: (1920, 1080) @17-01-2022 02:08:19.0175 AM
[ReportManager] Window size after Toolkit: (1920, 1080) @17-01-2022 02:08:19.0688 AM
[ReportManager] Browser Action [MaximizeWindow] successfully performed. With the following test data [New screen size is now: (1920, 1080)]. @17-01-2022 02:08:19.0691 AM
[ReportManager] Target URL: [https://yari-demos.prod.mdn.mozit.cloud/en-US/docs/Web/HTML/Element/select/_sample_.Basic_select.html] @17-01-2022 02:08:19.0691 AM
[ReportManager] Initial URL: [data:,] @17-01-2022 02:08:19.0724 AM
[ReportManager] Browser Action [NavigateToURL] successfully performed. With the following test data [https://yari-demos.prod.mdn.mozit.cloud/en-US/docs/Web/HTML/Element/select/_sample_.Basic_select.html]. @17-01-2022 02:08:19.0940 AM
[ReportManager] Element Action [Select] successfully performed. With the following test data [Third Value]. @17-01-2022 02:08:20.0249 AM
[ReportManager] Element Action [GetSelectedText] successfully performed. With the following test data [Third Value]. @17-01-2022 02:08:20.0326 AM
[ReportManager] Third Value @17-01-2022 02:08:20.0327 AM
[ReportManager] Element Action [GetSelectedText] successfully performed. With the following test data [Third Value]. @17-01-2022 02:08:20.0400 AM
[ReportManager] Assertion [ValidateElementAttribute] PASSED. Expected [Value Should be 'Third Value' for the 'selectedText' attribute, element locator 'By.tagName: select'] and Actual [Third Value]. Comparison Type [EQUALS]. Validation Type [POSITIVE]. @17-01-2022 02:08:21.0065 AM
[ReportManager] Successfully created attachment [Screenshot - 1642385300948_simpleSelect_ValidateElementAttribute_passed] @17-01-2022 02:08:21.0066 AM
[ReportManager] Browser Action [CloseCurrentWindow] successfully performed. @17-01-2022 02:08:21.0422 AM
[ReportManager] Successfully created attachment [Browser Action Test Data - CloseCurrentWindow - Actual Value] @17-01-2022 02:08:21.0423 A
[ReportManager] File Action [GetAbsolutePath] successfully performed. With the following test data [Relative Folder Path: "target/downloadedFiles/"]. @17-01-2022 02:08:21.0426 AM
[ReportManager] Attempting to run locally on: [Mac-64], [Safari], Headless Execution. @17-01-2022 02:08:21.0426 AM
[ReportManager] Successfully Opened Safari. @17-01-2022 02:08:22.0283 AM
[ReportManager] Initial window size: (800, 600) @17-01-2022 02:08:22.0307 AM
[ReportManager] Window size after SWD Maximize: (1176, 803) @17-01-2022 02:08:22.0322 AM
[ReportManager] Browser Action [MaximizeWindow] successfully performed. With the following test data [New screen size is now: (1176, 803)]. @17-01-2022 02:08:22.0322 A

################################################################################################################################################
Starting Execution:	[161 out of 162] test cases in the current suite
Test Method:		[testPackage01.Test_dynamicLoading.dynamicLoading_elementIsHidden]
################################################################################################################################################
[ReportManager] Target URL: [https://the-internet.herokuapp.com/dynamic_loading/1] @17-01-2022 02:08:22.0333 AM
[ReportManager] Initial URL: [] @17-01-2022 02:08:22.0384 AM
[ReportManager] Browser Action [NavigateToURL] successfully performed. With the following test data [https://the-internet.herokuapp.com/dynamic_loading/1]. @17-01-2022 02:08:23.0618 AM
[ReportManager] Element Action [Click] successfully performed. With the following test data [By.xpath: //button[text()='Start']]. @17-01-2022 02:08:23.0960 AM
[ReportManager] Element Action [GetText] successfully performed. With the following test data [
    Hello World!
  ]. @17-01-2022 02:08:24.0026 A
[ReportManager] Browser Action [CloseCurrentWindow] successfully performed. @17-01-2022 02:08:24.0283 AM
[ReportManager] Successfully created attachment [Browser Action Test Data - CloseCurrentWindow - Actual Value] @17-01-2022 02:08:24.0283 A
[ReportManager] File Action [GetAbsolutePath] successfully performed. With the following test data [Relative Folder Path: "target/downloadedFiles/"]. @17-01-2022 02:08:24.0286 AM
[ReportManager] Attempting to run locally on: [Mac-64], [Safari], Headless Execution. @17-01-2022 02:08:24.0286 AM
[ReportManager] Successfully Opened Safari. @17-01-2022 02:08:25.0187 AM
[ReportManager] Initial window size: (800, 600) @17-01-2022 02:08:25.0203 AM
[ReportManager] Window size after SWD Maximize: (1176, 803) @17-01-2022 02:08:25.0240 AM
[ReportManager] Browser Action [MaximizeWindow] successfully performed. With the following test data [New screen size is now: (1176, 803)]. @17-01-2022 02:08:25.0240 A

################################################################################################################################################
Starting Execution:	[162 out of 162] test cases in the current suite
Test Method:		[testPackage01.Test_dynamicLoading.dynamicLoading_elementIsRendered]
################################################################################################################################################
[ReportManager] Target URL: [https://the-internet.herokuapp.com/dynamic_loading/2] @17-01-2022 02:08:25.0244 AM
[ReportManager] Initial URL: [] @17-01-2022 02:08:25.0292 AM
[ReportManager] Browser Action [NavigateToURL] successfully performed. With the following test data [https://the-internet.herokuapp.com/dynamic_loading/2]. @17-01-2022 02:08:26.0630 AM
[ReportManager] Element Action [Click] successfully performed. With the following test data [By.xpath: //button[text()='Start']]. @17-01-2022 02:08:26.0836 AM
[ReportManager] Element Action [GetText] successfully performed. With the following test data [Hello World!]. @17-01-2022 02:08:32.0267 AM
[ReportManager] Assertion [ValidateElementAttribute] PASSED. Expected [Value Should be 'Hello World!' for the 'text' attribute, element locator 'By.id: finish'] and Actual [Hello World!]. Comparison Type [CONTAINS]. Validation Type [POSITIVE]. @17-01-2022 02:08:32.0485 AM
[ReportManager] Successfully created attachment [Screenshot - 1642385312374_dynamicLoading_elementIsRendered_ValidateElementAttribute_passed] @17-01-2022 02:08:32.0487 A
[ReportManager] Browser Action [CloseCurrentWindow] successfully performed. @17-01-2022 02:08:32.0923 AM
[ReportManager] Successfully created attachment [Browser Action Test Data - CloseCurrentWindow - Actual Value] @17-01-2022 02:08:32.0963 A
[ReportManager] Successfully created attachment [SHAFT Engine Logs - Execution log] @17-01-2022 02:08:33.0000 AM

################################################################################################################################################
This test run was powered by SHAFT Engine Version: [SHAFT Engine v6.1.20220113]
SHAFT Engine is licensed under the MIT License: [https://github.com/MohabMohie/SHAFT_ENGINE/blob/master/LICENSE].
################################################################################################################################################