################################################################################################################################################
Detected SHAFT Engine Version: [SHAFT Engine v5.4.20211030-BETA]
################################################################################################################################################
[ReportManager] File Action [GetAbsolutePath] successfully performed. With the following test data [Relative Folder Path: "target/downloadedFiles/"]. @05-11-2021 01:50:46.0849 AM
[ReportManager] Attempting to run locally on: [Mac-64], [Safari], Headless Execution. @05-11-2021 01:50:46.0864 AM
[ReportManager] Successfully Opened Safari. @05-11-2021 01:50:51.0194 AM
[ReportManager] Initial window size: (800, 600) @05-11-2021 01:50:51.0214 AM
[ReportManager] Window size after SWD Maximize: (1176, 810) @05-11-2021 01:50:51.0249 AM
[ReportManager] Browser Action [MaximizeWindow] successfully performed. With the following test data [New screen size is now: (1176, 810)]. @05-11-2021 01:50:51.0257 A

################################################################################################################################################
Starting Execution:	[1 out of 146] test cases in the current suite
Test Method:		[unitTests.tests_element_elementActions.waitForElementToBePresent_false_expectedToFail]
################################################################################################################################################
[ReportManager] Target URL: [https://www.google.com/ncr], and after redirection: [www.google.com] @05-11-2021 01:50:51.0410 AM
[ReportManager] Initial URL: [] @05-11-2021 01:50:51.0472 AM
[ReportManager] Browser Action [NavigateToURL] successfully performed. With the following test data [https://www.google.com/ncr]. @05-11-2021 01:50:52.0596 AM
[ReportManager] Waiting for element to be present; elementLocator [By.xpath: //*[@id='hplogo' or @alt='Google']], numberOfTries[1], stateOfPresence[false]... @05-11-2021 01:50:52.0605 AM
[ReportManager] Element Action [WaitForElementToBePresent] failed. With the following test data [waited for the element's state of presence to be (false). Element locator (By.xpath: //*[@id='hplogo' or @alt='Google'])]. @05-11-2021 01:50:55.0756 AM
[ReportManager] Successfully created attachment [Screenshot - 1636077052717_waitForElementToBePresent_false_expectedToFail_WaitForElementToBePresent_failed] @05-11-2021 01:50:55.0782 A
[ReportManager] Browser Action [CloseCurrentWindow] successfully performed. @05-11-2021 01:50:55.0961 AM
[ReportManager] Successfully created attachment [Browser Action Test Data - CloseCurrentWindow - Actual Value] @05-11-2021 01:50:55.0963 A
[ReportManager] File Action [GetAbsolutePath] successfully performed. With the following test data [Relative Folder Path: "target/downloadedFiles/"]. @05-11-2021 01:50:55.0982 AM
[ReportManager] Attempting to run locally on: [Mac-64], [Safari], Headless Execution. @05-11-2021 01:50:55.0983 AM
[ReportManager] Successfully Opened Safari. @05-11-2021 01:50:56.0932 AM
[ReportManager] Initial window size: (800, 600) @05-11-2021 01:50:56.0998 AM
[ReportManager] Window size after SWD Maximize: (1176, 811) @05-11-2021 01:50:57.0039 AM
[ReportManager] Browser Action [MaximizeWindow] successfully performed. With the following test data [New screen size is now: (1176, 811)]. @05-11-2021 01:50:57.0040 A

################################################################################################################################################
Starting Execution:	[2 out of 146] test cases in the current suite
Test Method:		[unitTests.tests_element_elementActions.waitForElementToBePresent_false_expectedToPass]
################################################################################################################################################
[ReportManager] Target URL: [https://www.google.com/ncr], and after redirection: [www.google.com] @05-11-2021 01:50:57.0054 AM
[ReportManager] Initial URL: [] @05-11-2021 01:50:57.0153 AM
[ReportManager] Browser Action [NavigateToURL] successfully performed. With the following test data [https://www.google.com/ncr]. @05-11-2021 01:50:58.0648 AM
[ReportManager] Waiting for element to be present; elementLocator [By.id: bla], numberOfTries[1], stateOfPresence[false]... @05-11-2021 01:50:58.0649 A
[ReportManager] Browser Action [CloseCurrentWindow] successfully performed. @05-11-2021 01:50:59.0003 AM
[ReportManager] Successfully created attachment [Browser Action Test Data - CloseCurrentWindow - Actual Value] @05-11-2021 01:50:59.0005 A
[ReportManager] File Action [GetAbsolutePath] successfully performed. With the following test data [Relative Folder Path: "target/downloadedFiles/"]. @05-11-2021 01:50:59.0011 AM
[ReportManager] Attempting to run locally on: [Mac-64], [Safari], Headless Execution. @05-11-2021 01:50:59.0012 AM
[ReportManager] Successfully Opened Safari. @05-11-2021 01:50:59.0859 AM
[ReportManager] Initial window size: (800, 600) @05-11-2021 01:50:59.0892 AM
[ReportManager] Window size after SWD Maximize: (1176, 811) @05-11-2021 01:50:59.0918 AM
[ReportManager] Browser Action [MaximizeWindow] successfully performed. With the following test data [New screen size is now: (1176, 811)]. @05-11-2021 01:50:59.0919 A

################################################################################################################################################
Starting Execution:	[3 out of 146] test cases in the current suite
Test Method:		[unitTests.tests_element_elementActions.waitForElementToBePresent_moreThanOneElement_expectedToFail]
################################################################################################################################################
[ReportManager] Target URL: [https://www.google.com/ncr], and after redirection: [www.google.com] @05-11-2021 01:50:59.0922 AM
[ReportManager] Initial URL: [] @05-11-2021 01:51:00.0003 AM
[ReportManager] Browser Action [NavigateToURL] successfully performed. With the following test data [https://www.google.com/ncr]. @05-11-2021 01:51:01.0032 AM
[ReportManager] Waiting for element to be present; elementLocator [By.xpath: //*], numberOfTries[1], stateOfPresence[false]... @05-11-2021 01:51:01.0032 AM
[ReportManager] Element Action [WaitForElementToBePresent] failed. With the following test data [waited for the element's state of presence to be (false). Element locator (By.xpath: //*)]. @05-11-2021 01:51:01.0282 AM
[ReportManager] Successfully created attachment [Screenshot - 1636077061126_waitForElementToBePresent_moreThanOneElement_expectedToFail_WaitForElementToBePresent_failed] @05-11-2021 01:51:01.0289 A
[ReportManager] Browser Action [CloseCurrentWindow] successfully performed. @05-11-2021 01:51:01.0409 AM
[ReportManager] Successfully created attachment [Browser Action Test Data - CloseCurrentWindow - Actual Value] @05-11-2021 01:51:01.0410 A
[ReportManager] File Action [GetAbsolutePath] successfully performed. With the following test data [Relative Folder Path: "target/downloadedFiles/"]. @05-11-2021 01:51:01.0418 AM
[ReportManager] Attempting to run locally on: [Mac-64], [Safari], Headless Execution. @05-11-2021 01:51:01.0418 AM
[ReportManager] Successfully Opened Safari. @05-11-2021 01:51:02.0294 AM
[ReportManager] Initial window size: (800, 600) @05-11-2021 01:51:02.0316 AM
[ReportManager] Window size after SWD Maximize: (1176, 811) @05-11-2021 01:51:02.0329 AM
[ReportManager] Browser Action [MaximizeWindow] successfully performed. With the following test data [New screen size is now: (1176, 811)]. @05-11-2021 01:51:02.0330 A

################################################################################################################################################
Starting Execution:	[4 out of 146] test cases in the current suite
Test Method:		[unitTests.tests_element_elementActions.waitForElementToBePresent_true_expectedToFail]
################################################################################################################################################
[ReportManager] Target URL: [https://www.google.com/ncr], and after redirection: [www.google.com] @05-11-2021 01:51:02.0346 AM
[ReportManager] Initial URL: [] @05-11-2021 01:51:02.0415 AM
[ReportManager] Browser Action [NavigateToURL] successfully performed. With the following test data [https://www.google.com/ncr]. @05-11-2021 01:51:03.0332 AM
[ReportManager] Waiting for element to be present; elementLocator [By.id: bla], numberOfTries[1], stateOfPresence[true]... @05-11-2021 01:51:03.0332 A
[ReportManager] Browser Action [CloseCurrentWindow] successfully performed. @05-11-2021 01:51:03.0716 AM
[ReportManager] Successfully created attachment [Browser Action Test Data - CloseCurrentWindow - Actual Value] @05-11-2021 01:51:03.0717 A
[ReportManager] File Action [GetAbsolutePath] successfully performed. With the following test data [Relative Folder Path: "target/downloadedFiles/"]. @05-11-2021 01:51:03.0721 AM
[ReportManager] Attempting to run locally on: [Mac-64], [Safari], Headless Execution. @05-11-2021 01:51:03.0721 AM
[ReportManager] Successfully Opened Safari. @05-11-2021 01:51:04.0689 AM
[ReportManager] Initial window size: (800, 600) @05-11-2021 01:51:04.0695 AM
[ReportManager] Window size after SWD Maximize: (1176, 811) @05-11-2021 01:51:04.0721 AM
[ReportManager] Browser Action [MaximizeWindow] successfully performed. With the following test data [New screen size is now: (1176, 811)]. @05-11-2021 01:51:04.0722 A

################################################################################################################################################
Starting Execution:	[5 out of 146] test cases in the current suite
Test Method:		[unitTests.tests_element_elementActions.waitForElementToBePresent_true_expectedToPass]
################################################################################################################################################
[ReportManager] Target URL: [https://www.google.com/ncr], and after redirection: [www.google.com] @05-11-2021 01:51:04.0725 AM
[ReportManager] Initial URL: [] @05-11-2021 01:51:04.0796 AM
[ReportManager] Browser Action [NavigateToURL] successfully performed. With the following test data [https://www.google.com/ncr]. @05-11-2021 01:51:06.0055 AM
[ReportManager] Waiting for element to be present; elementLocator [By.xpath: //*[@id='hplogo' or @alt='Google']], numberOfTries[1], stateOfPresence[true]... @05-11-2021 01:51:06.0056 AM
[ReportManager] Element Action [WaitForElementToBePresent] successfully performed. With the following test data [waited for the element's state of presence to be (true). Element locator (By.xpath: //*[@id='hplogo' or @alt='Google'])]. @05-11-2021 01:51:06.0090 AM
[ReportManager] File Action [DoesFileExist] successfully performed. With the following test data [File Path: "src/main/resources/dynamicObjectRepository/unitTests_tests_element_elementActions_waitForElementToBePresent_true_expectedToPass_By_xpath_id_hplogo_or_alt_Google.png"]. @05-11-2021 01:51:06.0115 AM
[ReportManager] File Action [DoesFileExist] successfully performed. With the following test data [File Path: "src/main/resources/dynamicObjectRepository/unitTests_tests_element_elementActions_waitForElementToBePresent_true_expectedToPass_By_xpath_id_hplogo_or_alt_Google.png"]. @05-11-2021 01:51:06.0205 AM
[ReportManager] Passing the test and saving a reference image @05-11-2021 01:51:06.0205 AM
[ReportManager] File Action [GetAbsolutePath] successfully performed. With the following test data [Relative File Path: "src/main/resources/dynamicObjectRepository/unitTests_tests_element_elementActions_waitForElementToBePresent_true_expectedToPass_By_xpath_id_hplogo_or_alt_Google.png"]. @05-11-2021 01:51:06.0205 AM
[ReportManager] File Action [WriteToFile] successfully performed. With the following test data [Target File Path: "/Users/runner/work/SHAFT_ENGINE/SHAFT_ENGINE/src/main/resources/dynamicObjectRepository/unitTests_tests_element_elementActions_waitForElementToBePresent_true_expectedToPass_By_xpath_id_hplogo_or_alt_Google.png"]. @05-11-2021 01:51:06.0210 AM
[ReportManager] Assertion Passed: Using Visual AI; OpenCV @05-11-2021 01:51:06.0212 AM
[ReportManager] Successfully created attachment [Validation Test Data - Actual Screenshot] @05-11-2021 01:51:06.0214 AM
[ReportManager] Assertion [ValidateElementMatches] PASSED. Expected [Element should match the reference screenshot] and Actual [TRUE]. Comparison Type [EXACT_OPENCV]. Validation Type [POSITIVE]. @05-11-2021 01:51:06.0214 A
[ReportManager] Browser Action [CloseCurrentWindow] successfully performed. @05-11-2021 01:51:06.0275 AM
[ReportManager] Successfully created attachment [Browser Action Test Data - CloseCurrentWindow - Actual Value] @05-11-2021 01:51:06.0276 A
[ReportManager] File Action [GetAbsolutePath] successfully performed. With the following test data [Relative Folder Path: "target/downloadedFiles/"]. @05-11-2021 01:51:06.0285 AM
[ReportManager] Attempting to run locally on: [Mac-64], [Safari], Headless Execution. @05-11-2021 01:51:06.0286 AM
[ReportManager] Successfully Opened Safari. @05-11-2021 01:51:07.0130 AM
[ReportManager] Initial window size: (800, 600) @05-11-2021 01:51:07.0137 AM
[ReportManager] Window size after SWD Maximize: (1176, 811) @05-11-2021 01:51:07.0161 AM
[ReportManager] Browser Action [MaximizeWindow] successfully performed. With the following test data [New screen size is now: (1176, 811)]. @05-11-2021 01:51:07.0162 AM
[ReportManager] Target URL: [https://duckduckgo.com] @05-11-2021 01:51:07.0162 AM
[ReportManager] Initial URL: [] @05-11-2021 01:51:07.0241 AM
[ReportManager] Browser Action [NavigateToURL] successfully performed. With the following test data [https://duckduckgo.com]. @05-11-2021 01:51:08.0088 A

################################################################################################################################################
Starting Execution:	[6 out of 146] test cases in the current suite
Test Method:		[unitTests.tests_browserActions.fullScreenWindow]
################################################################################################################################################
[ReportManager] Initial Windows Size: 1176x811 @05-11-2021 01:51:08.0101 AM
[ReportManager] Current Windows Size after fullScreen: 1176x885 @05-11-2021 01:51:08.0327 AM
[ReportManager] Browser Action [FullScreenWindow] successfully performed. @05-11-2021 01:51:08.0340 AM
[ReportManager] Successfully created attachment [Browser Action Test Data - FullScreenWindow - Actual Value] @05-11-2021 01:51:08.0344 A
[ReportManager] Target URL: [https://duckduckgo.com] @05-11-2021 01:51:08.0350 AM
[ReportManager] Initial URL: [https://duckduckgo.com] @05-11-2021 01:51:08.0421 AM
[ReportManager] Browser Action [NavigateToURL] successfully performed. With the following test data [https://duckduckgo.com]. @05-11-2021 01:51:09.0136 AM
[ReportManager] Browser Action [CloseCurrentWindow] successfully performed. @05-11-2021 01:51:09.0436 AM
[ReportManager] Successfully created attachment [Browser Action Test Data - CloseCurrentWindow - Actual Value] @05-11-2021 01:51:09.0438 A
[ReportManager] File Action [GetAbsolutePath] successfully performed. With the following test data [Relative Folder Path: "target/downloadedFiles/"]. @05-11-2021 01:51:09.0444 AM
[ReportManager] Attempting to run locally on: [Mac-64], [Safari], Headless Execution. @05-11-2021 01:51:09.0444 AM
[ReportManager] Successfully Opened Safari. @05-11-2021 01:51:10.0293 AM
[ReportManager] Initial window size: (800, 600) @05-11-2021 01:51:10.0306 AM
[ReportManager] Window size after SWD Maximize: (1176, 811) @05-11-2021 01:51:10.0328 AM
[ReportManager] Browser Action [MaximizeWindow] successfully performed. With the following test data [New screen size is now: (1176, 811)]. @05-11-2021 01:51:10.0328 AM
[ReportManager] Target URL: [https://duckduckgo.com] @05-11-2021 01:51:10.0329 AM
[ReportManager] Initial URL: [] @05-11-2021 01:51:10.0396 AM
[ReportManager] Browser Action [NavigateToURL] successfully performed. With the following test data [https://duckduckgo.com]. @05-11-2021 01:51:11.0116 A

################################################################################################################################################
Starting Execution:	[7 out of 146] test cases in the current suite
Test Method:		[unitTests.tests_browserActions.getCurrentURL]
################################################################################################################################################
[ReportManager] Browser Action [GetCurrentURL] successfully performed. With the following test data [https://duckduckgo.com/]. @05-11-2021 01:51:11.0142 A
[ReportManager] Target URL: [https://duckduckgo.com] @05-11-2021 01:51:11.0144 AM
[ReportManager] Initial URL: [https://duckduckgo.com] @05-11-2021 01:51:11.0176 AM
[ReportManager] Browser Action [NavigateToURL] successfully performed. With the following test data [https://duckduckgo.com]. @05-11-2021 01:51:11.0486 AM
[ReportManager] Browser Action [CloseCurrentWindow] successfully performed. @05-11-2021 01:51:11.0776 AM
[ReportManager] Successfully created attachment [Browser Action Test Data - CloseCurrentWindow - Actual Value] @05-11-2021 01:51:11.0777 A
[ReportManager] File Action [GetAbsolutePath] successfully performed. With the following test data [Relative Folder Path: "target/downloadedFiles/"]. @05-11-2021 01:51:11.0780 AM
[ReportManager] Attempting to run locally on: [Mac-64], [Safari], Headless Execution. @05-11-2021 01:51:11.0781 AM
[ReportManager] Successfully Opened Safari. @05-11-2021 01:51:12.0612 AM
[ReportManager] Initial window size: (800, 600) @05-11-2021 01:51:12.0638 AM
[ReportManager] Window size after SWD Maximize: (1176, 811) @05-11-2021 01:51:12.0667 AM
[ReportManager] Browser Action [MaximizeWindow] successfully performed. With the following test data [New screen size is now: (1176, 811)]. @05-11-2021 01:51:12.0668 AM
[ReportManager] Target URL: [https://duckduckgo.com] @05-11-2021 01:51:12.0668 AM
[ReportManager] Initial URL: [] @05-11-2021 01:51:12.0731 AM
[ReportManager] Browser Action [NavigateToURL] successfully performed. With the following test data [https://duckduckgo.com]. @05-11-2021 01:51:13.0403 A

################################################################################################################################################
Starting Execution:	[8 out of 146] test cases in the current suite
Test Method:		[unitTests.tests_browserActions.getCurrentWindowTitle]
################################################################################################################################################
[ReportManager] Browser Action [GetCurrentWindowTitle] successfully performed. With the following test data [DuckDuckGo â€” Privacy, simplified.]. @05-11-2021 01:51:13.0437 A
[ReportManager] Target URL: [https://duckduckgo.com] @05-11-2021 01:51:13.0439 AM
[ReportManager] Initial URL: [https://duckduckgo.com] @05-11-2021 01:51:13.0468 AM
[ReportManager] Browser Action [NavigateToURL] successfully performed. With the following test data [https://duckduckgo.com]. @05-11-2021 01:51:13.0800 AM
[ReportManager] Browser Action [CloseCurrentWindow] successfully performed. @05-11-2021 01:51:14.0260 AM
[ReportManager] Successfully created attachment [Browser Action Test Data - CloseCurrentWindow - Actual Value] @05-11-2021 01:51:14.0261 A
[ReportManager] File Action [GetAbsolutePath] successfully performed. With the following test data [Relative Folder Path: "target/downloadedFiles/"]. @05-11-2021 01:51:14.0269 AM
[ReportManager] Attempting to run locally on: [Mac-64], [Safari], Headless Execution. @05-11-2021 01:51:14.0269 AM
[ReportManager] Successfully Opened Safari. @05-11-2021 01:51:15.0143 AM
[ReportManager] Initial window size: (800, 600) @05-11-2021 01:51:15.0149 AM
[ReportManager] Window size after SWD Maximize: (1176, 811) @05-11-2021 01:51:15.0161 AM
[ReportManager] Browser Action [MaximizeWindow] successfully performed. With the following test data [New screen size is now: (1176, 811)]. @05-11-2021 01:51:15.0161 AM
[ReportManager] Target URL: [https://duckduckgo.com] @05-11-2021 01:51:15.0161 AM
[ReportManager] Initial URL: [] @05-11-2021 01:51:15.0201 AM
[ReportManager] Browser Action [NavigateToURL] successfully performed. With the following test data [https://duckduckgo.com]. @05-11-2021 01:51:15.0820 A

################################################################################################################################################
Starting Execution:	[9 out of 146] test cases in the current suite
Test Method:		[unitTests.tests_browserActions.getPageSource]
################################################################################################################################################
[ReportManager] Browser Action [GetPageSource] successfully performed. @05-11-2021 01:51:15.0863 AM
[ReportManager] Successfully created attachment [Browser Action Test Data - GetPageSource - Actual Value] @05-11-2021 01:51:15.0864 A
[ReportManager] Target URL: [https://duckduckgo.com] @05-11-2021 01:51:15.0867 AM
[ReportManager] Initial URL: [https://duckduckgo.com] @05-11-2021 01:51:15.0895 AM
[ReportManager] Browser Action [NavigateToURL] successfully performed. With the following test data [https://duckduckgo.com]. @05-11-2021 01:51:16.0225 AM
[ReportManager] Browser Action [CloseCurrentWindow] successfully performed. @05-11-2021 01:51:16.0556 AM
[ReportManager] Successfully created attachment [Browser Action Test Data - CloseCurrentWindow - Actual Value] @05-11-2021 01:51:16.0557 A
[ReportManager] File Action [GetAbsolutePath] successfully performed. With the following test data [Relative Folder Path: "target/downloadedFiles/"]. @05-11-2021 01:51:16.0560 AM
[ReportManager] Attempting to run locally on: [Mac-64], [Safari], Headless Execution. @05-11-2021 01:51:16.0560 AM
[ReportManager] Successfully Opened Safari. @05-11-2021 01:51:17.0349 AM
[ReportManager] Initial window size: (800, 600) @05-11-2021 01:51:17.0379 AM
[ReportManager] Window size after SWD Maximize: (1176, 811) @05-11-2021 01:51:17.0394 AM
[ReportManager] Browser Action [MaximizeWindow] successfully performed. With the following test data [New screen size is now: (1176, 811)]. @05-11-2021 01:51:17.0395 AM
[ReportManager] Target URL: [https://duckduckgo.com] @05-11-2021 01:51:17.0395 AM
[ReportManager] Initial URL: [] @05-11-2021 01:51:17.0460 AM
[ReportManager] Browser Action [NavigateToURL] successfully performed. With the following test data [https://duckduckgo.com]. @05-11-2021 01:51:18.0112 A

################################################################################################################################################
Starting Execution:	[10 out of 146] test cases in the current suite
Test Method:		[unitTests.tests_browserActions.getWindowHandle]
################################################################################################################################################
[ReportManager] Browser Action [GetWindowHandle] successfully performed. With the following test data [page-F3E7CA0B-B680-456D-B72A-7A00A99553F7]. @05-11-2021 01:51:18.0146 A
[ReportManager] Target URL: [https://duckduckgo.com] @05-11-2021 01:51:18.0148 AM
[ReportManager] Initial URL: [https://duckduckgo.com] @05-11-2021 01:51:18.0176 AM
[ReportManager] Browser Action [NavigateToURL] successfully performed. With the following test data [https://duckduckgo.com]. @05-11-2021 01:51:18.0491 AM
[ReportManager] Browser Action [CloseCurrentWindow] successfully performed. @05-11-2021 01:51:18.0604 AM
[ReportManager] Successfully created attachment [Browser Action Test Data - CloseCurrentWindow - Actual Value] @05-11-2021 01:51:18.0605 A
[ReportManager] File Action [GetAbsolutePath] successfully performed. With the following test data [Relative Folder Path: "target/downloadedFiles/"]. @05-11-2021 01:51:18.0608 AM
[ReportManager] Attempting to run locally on: [Mac-64], [Safari], Headless Execution. @05-11-2021 01:51:18.0609 AM
[ReportManager] Successfully Opened Safari. @05-11-2021 01:51:19.0501 AM
[ReportManager] Initial window size: (800, 600) @05-11-2021 01:51:19.0508 AM
[ReportManager] Window size after SWD Maximize: (1176, 811) @05-11-2021 01:51:19.0532 AM
[ReportManager] Browser Action [MaximizeWindow] successfully performed. With the following test data [New screen size is now: (1176, 811)]. @05-11-2021 01:51:19.0532 AM
[ReportManager] Target URL: [https://duckduckgo.com] @05-11-2021 01:51:19.0533 AM
[ReportManager] Initial URL: [] @05-11-2021 01:51:19.0604 AM
[ReportManager] Browser Action [NavigateToURL] successfully performed. With the following test data [https://duckduckgo.com]. @05-11-2021 01:51:20.0286 A

################################################################################################################################################
Starting Execution:	[11 out of 146] test cases in the current suite
Test Method:		[unitTests.tests_browserActions.getWindowPosition]
################################################################################################################################################
[ReportManager] Browser Action [GetWindowPosition] successfully performed. With the following test data [(0, 23)]. @05-11-2021 01:51:20.0332 A
[ReportManager] Target URL: [https://duckduckgo.com] @05-11-2021 01:51:20.0335 AM
[ReportManager] Initial URL: [https://duckduckgo.com] @05-11-2021 01:51:20.0369 AM
[ReportManager] Browser Action [NavigateToURL] successfully performed. With the following test data [https://duckduckgo.com]. @05-11-2021 01:51:20.0678 AM
[ReportManager] Browser Action [CloseCurrentWindow] successfully performed. @05-11-2021 01:51:20.0950 AM
[ReportManager] Successfully created attachment [Browser Action Test Data - CloseCurrentWindow - Actual Value] @05-11-2021 01:51:20.0951 A
[ReportManager] File Action [GetAbsolutePath] successfully performed. With the following test data [Relative Folder Path: "target/downloadedFiles/"]. @05-11-2021 01:51:20.0953 AM
[ReportManager] Attempting to run locally on: [Mac-64], [Safari], Headless Execution. @05-11-2021 01:51:20.0954 AM
[ReportManager] Successfully Opened Safari. @05-11-2021 01:51:21.0767 AM
[ReportManager] Initial window size: (800, 600) @05-11-2021 01:51:21.0778 AM
[ReportManager] Window size after SWD Maximize: (1176, 811) @05-11-2021 01:51:21.0802 AM
[ReportManager] Browser Action [MaximizeWindow] successfully performed. With the following test data [New screen size is now: (1176, 811)]. @05-11-2021 01:51:21.0803 AM
[ReportManager] Target URL: [https://duckduckgo.com] @05-11-2021 01:51:21.0803 AM
[ReportManager] Initial URL: [] @05-11-2021 01:51:21.0870 AM
[ReportManager] Browser Action [NavigateToURL] successfully performed. With the following test data [https://duckduckgo.com]. @05-11-2021 01:51:22.0596 A

################################################################################################################################################
Starting Execution:	[12 out of 146] test cases in the current suite
Test Method:		[unitTests.tests_browserActions.getWindowSize]
################################################################################################################################################
[ReportManager] Browser Action [GetWindowSize] successfully performed. With the following test data [(1176, 811)]. @05-11-2021 01:51:22.0630 A
[ReportManager] Target URL: [https://duckduckgo.com] @05-11-2021 01:51:22.0633 AM
[ReportManager] Initial URL: [https://duckduckgo.com] @05-11-2021 01:51:22.0669 AM
[ReportManager] Browser Action [NavigateToURL] successfully performed. With the following test data [https://duckduckgo.com]. @05-11-2021 01:51:23.0013 AM
[ReportManager] Browser Action [CloseCurrentWindow] successfully performed. @05-11-2021 01:51:23.0203 AM
[ReportManager] Successfully created attachment [Browser Action Test Data - CloseCurrentWindow - Actual Value] @05-11-2021 01:51:23.0203 A
[ReportManager] File Action [GetAbsolutePath] successfully performed. With the following test data [Relative Folder Path: "target/downloadedFiles/"]. @05-11-2021 01:51:23.0206 AM
[ReportManager] Attempting to run locally on: [Mac-64], [Safari], Headless Execution. @05-11-2021 01:51:23.0207 AM
[ReportManager] Successfully Opened Safari. @05-11-2021 01:51:24.0031 AM
[ReportManager] Initial window size: (800, 600) @05-11-2021 01:51:24.0039 AM
[ReportManager] Window size after SWD Maximize: (1176, 811) @05-11-2021 01:51:24.0065 AM
[ReportManager] Browser Action [MaximizeWindow] successfully performed. With the following test data [New screen size is now: (1176, 811)]. @05-11-2021 01:51:24.0065 AM
[ReportManager] Target URL: [https://duckduckgo.com] @05-11-2021 01:51:24.0065 AM
[ReportManager] Initial URL: [] @05-11-2021 01:51:24.0137 AM
[ReportManager] Browser Action [NavigateToURL] successfully performed. With the following test data [https://duckduckgo.com]. @05-11-2021 01:51:24.0751 A

################################################################################################################################################
Starting Execution:	[13 out of 146] test cases in the current suite
Test Method:		[unitTests.tests_browserActions.maximizeWindow]
################################################################################################################################################
[ReportManager] Initial window size: (1176, 811) @05-11-2021 01:51:24.0761 AM
[ReportManager] Window size after SWD Maximize: (1176, 811) @05-11-2021 01:51:24.0770 AM
[ReportManager] Window size after Toolkit: (1920, 1080) @05-11-2021 01:51:24.0808 AM
[ReportManager] Browser Action [MaximizeWindow] successfully performed. With the following test data [New screen size is now: (1920, 1080)]. @05-11-2021 01:51:24.0812 A
[ReportManager] Target URL: [https://duckduckgo.com] @05-11-2021 01:51:24.0830 AM
[ReportManager] Initial URL: [https://duckduckgo.com] @05-11-2021 01:51:24.0863 AM
[ReportManager] Browser Action [NavigateToURL] successfully performed. With the following test data [https://duckduckgo.com]. @05-11-2021 01:51:25.0201 AM
[ReportManager] Browser Action [CloseCurrentWindow] successfully performed. @05-11-2021 01:51:25.0592 AM
[ReportManager] Successfully created attachment [Browser Action Test Data - CloseCurrentWindow - Actual Value] @05-11-2021 01:51:25.0593 A
[ReportManager] File Action [GetAbsolutePath] successfully performed. With the following test data [Relative Folder Path: "target/downloadedFiles/"]. @05-11-2021 01:51:25.0596 AM
[ReportManager] Attempting to run locally on: [Mac-64], [Safari], Headless Execution. @05-11-2021 01:51:25.0596 AM
[ReportManager] Successfully Opened Safari. @05-11-2021 01:51:26.0421 AM
[ReportManager] Initial window size: (800, 600) @05-11-2021 01:51:26.0429 AM
[ReportManager] Window size after SWD Maximize: (1176, 811) @05-11-2021 01:51:26.0453 AM
[ReportManager] Browser Action [MaximizeWindow] successfully performed. With the following test data [New screen size is now: (1176, 811)]. @05-11-2021 01:51:26.0454 AM
[ReportManager] Target URL: [https://duckduckgo.com] @05-11-2021 01:51:26.0454 AM
[ReportManager] Initial URL: [] @05-11-2021 01:51:26.0519 AM
[ReportManager] Browser Action [NavigateToURL] successfully performed. With the following test data [https://duckduckgo.com]. @05-11-2021 01:51:27.0264 A

################################################################################################################################################
Starting Execution:	[14 out of 146] test cases in the current suite
Test Method:		[unitTests.tests_browserActions.navigateBack]
################################################################################################################################################
[ReportManager] Target URL: [https://www.google.com/ncr], and after redirection: [https://www.google.com] @05-11-2021 01:51:27.0268 AM
[ReportManager] Initial URL: [https://duckduckgo.com] @05-11-2021 01:51:27.0297 AM
[ReportManager] Browser Action [NavigateToURL] successfully performed. With the following test data [https://www.google.com/ncr]. @05-11-2021 01:51:28.0576 AM
[ReportManager] Browser Action [NavigateBack] successfully performed. With the following test data [https://duckduckgo.com/]. @05-11-2021 01:51:28.0719 AM
[ReportManager] Browser Action [GetCurrentURL] successfully performed. With the following test data [https://duckduckgo.com/]. @05-11-2021 01:51:28.0750 AM
[ReportManager] Assertion Passed: Confirming that navigating back was successful @05-11-2021 01:51:28.0867 AM
[ReportManager] Successfully created attachment [Screenshot - 1636077088782_navigateBack_ValidateBrowserAttribute_passed] @05-11-2021 01:51:28.0868 AM
[ReportManager] Assertion [ValidateBrowserAttribute] PASSED. Expected [Value Should be 'https://duckduckgo.com' for the 'CurrentUrl' attribute] and Actual [https://duckduckgo.com/]. Comparison Type [CONTAINS]. Validation Type [POSITIVE]. @05-11-2021 01:51:28.0868 A
[ReportManager] Target URL: [https://duckduckgo.com] @05-11-2021 01:51:28.0870 AM
[ReportManager] Initial URL: [https://duckduckgo.com] @05-11-2021 01:51:28.0910 AM
[ReportManager] Browser Action [NavigateToURL] successfully performed. With the following test data [https://duckduckgo.com]. @05-11-2021 01:51:29.0262 AM
[ReportManager] Browser Action [CloseCurrentWindow] successfully performed. @05-11-2021 01:51:29.0621 AM
[ReportManager] Successfully created attachment [Browser Action Test Data - CloseCurrentWindow - Actual Value] @05-11-2021 01:51:29.0622 A
[ReportManager] File Action [GetAbsolutePath] successfully performed. With the following test data [Relative Folder Path: "target/downloadedFiles/"]. @05-11-2021 01:51:29.0626 AM
[ReportManager] Attempting to run locally on: [Mac-64], [Safari], Headless Execution. @05-11-2021 01:51:29.0627 AM
[ReportManager] Successfully Opened Safari. @05-11-2021 01:51:30.0425 AM
[ReportManager] Initial window size: (800, 600) @05-11-2021 01:51:30.0451 AM
[ReportManager] Window size after SWD Maximize: (1176, 811) @05-11-2021 01:51:30.0463 AM
[ReportManager] Browser Action [MaximizeWindow] successfully performed. With the following test data [New screen size is now: (1176, 811)]. @05-11-2021 01:51:30.0464 AM
[ReportManager] Target URL: [https://duckduckgo.com] @05-11-2021 01:51:30.0464 AM
[ReportManager] Initial URL: [] @05-11-2021 01:51:30.0542 AM
[ReportManager] Browser Action [NavigateToURL] successfully performed. With the following test data [https://duckduckgo.com]. @05-11-2021 01:51:31.0208 A

################################################################################################################################################
Starting Execution:	[15 out of 146] test cases in the current suite
Test Method:		[unitTests.tests_browserActions.navigateForward]
################################################################################################################################################
[ReportManager] Target URL: [https://www.google.com/ncr], and after redirection: [https://www.google.com] @05-11-2021 01:51:31.0212 AM
[ReportManager] Initial URL: [https://duckduckgo.com] @05-11-2021 01:51:31.0248 AM
[ReportManager] Browser Action [NavigateToURL] successfully performed. With the following test data [https://www.google.com/ncr]. @05-11-2021 01:51:32.0019 AM
[ReportManager] Browser Action [NavigateBack] successfully performed. With the following test data [https://duckduckgo.com/]. @05-11-2021 01:51:32.0151 AM
[ReportManager] Browser Action [NavigateForward] successfully performed. With the following test data [https://www.google.com/]. @05-11-2021 01:51:32.0268 A
[ReportManager] Target URL: [https://duckduckgo.com] @05-11-2021 01:51:32.0273 AM
[ReportManager] Initial URL: [https://www.google.com] @05-11-2021 01:51:32.0308 AM
[ReportManager] Browser Action [NavigateToURL] successfully performed. With the following test data [https://duckduckgo.com]. @05-11-2021 01:51:32.0613 AM
[ReportManager] Browser Action [CloseCurrentWindow] successfully performed. @05-11-2021 01:51:32.0793 AM
[ReportManager] Successfully created attachment [Browser Action Test Data - CloseCurrentWindow - Actual Value] @05-11-2021 01:51:32.0794 A
[ReportManager] File Action [GetAbsolutePath] successfully performed. With the following test data [Relative Folder Path: "target/downloadedFiles/"]. @05-11-2021 01:51:32.0797 AM
[ReportManager] Attempting to run locally on: [Mac-64], [Safari], Headless Execution. @05-11-2021 01:51:32.0797 AM
[ReportManager] Successfully Opened Safari. @05-11-2021 01:51:33.0597 AM
[ReportManager] Initial window size: (800, 600) @05-11-2021 01:51:33.0627 AM
[ReportManager] Window size after SWD Maximize: (1176, 811) @05-11-2021 01:51:33.0689 AM
[ReportManager] Browser Action [MaximizeWindow] successfully performed. With the following test data [New screen size is now: (1176, 811)]. @05-11-2021 01:51:33.0689 AM
[ReportManager] Target URL: [https://duckduckgo.com] @05-11-2021 01:51:33.0689 AM
[ReportManager] Initial URL: [] @05-11-2021 01:51:33.0726 AM
[ReportManager] Browser Action [NavigateToURL] successfully performed. With the following test data [https://duckduckgo.com]. @05-11-2021 01:51:34.0476 A

################################################################################################################################################
Starting Execution:	[16 out of 146] test cases in the current suite
Test Method:		[unitTests.tests_browserActions.navigateToURL]
################################################################################################################################################
[ReportManager] Target URL: [https://duckduckgo.com] @05-11-2021 01:51:34.0482 AM
[ReportManager] Initial URL: [https://duckduckgo.com] @05-11-2021 01:51:34.0515 AM
[ReportManager] Browser Action [NavigateToURL] successfully performed. With the following test data [https://duckduckgo.com]. @05-11-2021 01:51:34.0915 A
[ReportManager] Target URL: [https://duckduckgo.com] @05-11-2021 01:51:34.0923 AM
[ReportManager] Initial URL: [https://duckduckgo.com] @05-11-2021 01:51:34.0965 AM
[ReportManager] Browser Action [NavigateToURL] successfully performed. With the following test data [https://duckduckgo.com]. @05-11-2021 01:51:35.0418 AM
[ReportManager] Browser Action [CloseCurrentWindow] successfully performed. @05-11-2021 01:51:35.0520 AM
[ReportManager] Successfully created attachment [Browser Action Test Data - CloseCurrentWindow - Actual Value] @05-11-2021 01:51:35.0521 A
[ReportManager] File Action [GetAbsolutePath] successfully performed. With the following test data [Relative Folder Path: "target/downloadedFiles/"]. @05-11-2021 01:51:35.0524 AM
[ReportManager] Attempting to run locally on: [Mac-64], [Safari], Headless Execution. @05-11-2021 01:51:35.0524 AM
[ReportManager] Successfully Opened Safari. @05-11-2021 01:51:36.0308 AM
[ReportManager] Initial window size: (800, 600) @05-11-2021 01:51:36.0336 AM
[ReportManager] Window size after SWD Maximize: (1176, 811) @05-11-2021 01:51:36.0358 AM
[ReportManager] Browser Action [MaximizeWindow] successfully performed. With the following test data [New screen size is now: (1176, 811)]. @05-11-2021 01:51:36.0359 AM
[ReportManager] Target URL: [https://duckduckgo.com] @05-11-2021 01:51:36.0359 AM
[ReportManager] Initial URL: [] @05-11-2021 01:51:36.0432 AM
[ReportManager] Browser Action [NavigateToURL] successfully performed. With the following test data [https://duckduckgo.com]. @05-11-2021 01:51:37.0249 A

################################################################################################################################################
Starting Execution:	[17 out of 146] test cases in the current suite
Test Method:		[unitTests.tests_browserActions.navigateToURLWithRedirection]
################################################################################################################################################
[ReportManager] Target URL: [https://www.google.com/ncr], and after redirection: [https://www.google.com] @05-11-2021 01:51:37.0253 AM
[ReportManager] Initial URL: [https://duckduckgo.com] @05-11-2021 01:51:37.0293 AM
[ReportManager] Browser Action [NavigateToURL] successfully performed. With the following test data [https://www.google.com/ncr]. @05-11-2021 01:51:38.0955 A
[ReportManager] Target URL: [https://duckduckgo.com] @05-11-2021 01:51:38.0959 AM
[ReportManager] Initial URL: [https://www.google.com] @05-11-2021 01:51:39.0004 AM
[ReportManager] Browser Action [NavigateToURL] successfully performed. With the following test data [https://duckduckgo.com]. @05-11-2021 01:51:39.0429 AM
[ReportManager] Browser Action [CloseCurrentWindow] successfully performed. @05-11-2021 01:51:39.0482 AM
[ReportManager] Successfully created attachment [Browser Action Test Data - CloseCurrentWindow - Actual Value] @05-11-2021 01:51:39.0483 A
[ReportManager] File Action [GetAbsolutePath] successfully performed. With the following test data [Relative Folder Path: "target/downloadedFiles/"]. @05-11-2021 01:51:39.0487 AM
[ReportManager] Attempting to run locally on: [Mac-64], [Safari], Headless Execution. @05-11-2021 01:51:39.0488 AM
[ReportManager] Successfully Opened Safari. @05-11-2021 01:51:40.0361 AM
[ReportManager] Initial window size: (800, 600) @05-11-2021 01:51:40.0373 AM
[ReportManager] Window size after SWD Maximize: (1176, 811) @05-11-2021 01:51:40.0419 AM
[ReportManager] Browser Action [MaximizeWindow] successfully performed. With the following test data [New screen size is now: (1176, 811)]. @05-11-2021 01:51:40.0419 AM
[ReportManager] Target URL: [https://duckduckgo.com] @05-11-2021 01:51:40.0419 AM
[ReportManager] Initial URL: [] @05-11-2021 01:51:40.0495 AM
[ReportManager] Browser Action [NavigateToURL] successfully performed. With the following test data [https://duckduckgo.com]. @05-11-2021 01:51:41.0388 A

################################################################################################################################################
Starting Execution:	[18 out of 146] test cases in the current suite
Test Method:		[unitTests.tests_browserActions.refreshCurrentPage]
################################################################################################################################################
[ReportManager] Browser Action [RefreshCurrentPage] successfully performed. @05-11-2021 01:51:41.0744 AM
[ReportManager] Successfully created attachment [Browser Action Test Data - RefreshCurrentPage - Actual Value] @05-11-2021 01:51:41.0745 A
[ReportManager] Target URL: [https://duckduckgo.com] @05-11-2021 01:51:41.0749 AM
[ReportManager] Initial URL: [https://duckduckgo.com] @05-11-2021 01:51:41.0787 AM
[ReportManager] Browser Action [NavigateToURL] successfully performed. With the following test data [https://duckduckgo.com]. @05-11-2021 01:51:42.0193 AM
[ReportManager] Browser Action [CloseCurrentWindow] successfully performed. @05-11-2021 01:51:42.0498 AM
[ReportManager] Successfully created attachment [Browser Action Test Data - CloseCurrentWindow - Actual Value] @05-11-2021 01:51:42.0504 A
[ReportManager] File Action [GetAbsolutePath] successfully performed. With the following test data [Relative Folder Path: "target/downloadedFiles/"]. @05-11-2021 01:51:42.0540 AM
[ReportManager] Attempting to run locally on: [Mac-64], [Safari], Headless Execution. @05-11-2021 01:51:42.0540 AM
[ReportManager] Successfully Opened Safari. @05-11-2021 01:51:43.0557 AM
[ReportManager] Initial window size: (800, 600) @05-11-2021 01:51:43.0583 AM
[ReportManager] Window size after SWD Maximize: (1176, 811) @05-11-2021 01:51:43.0625 AM
[ReportManager] Browser Action [MaximizeWindow] successfully performed. With the following test data [New screen size is now: (1176, 811)]. @05-11-2021 01:51:43.0627 AM
[ReportManager] Target URL: [https://duckduckgo.com] @05-11-2021 01:51:43.0628 AM
[ReportManager] Initial URL: [] @05-11-2021 01:51:43.0690 AM
[ReportManager] Browser Action [NavigateToURL] successfully performed. With the following test data [https://duckduckgo.com]. @05-11-2021 01:51:44.0790 A

################################################################################################################################################
Starting Execution:	[19 out of 146] test cases in the current suite
Test Method:		[unitTests.tests_browserActions.setWindowSize]
################################################################################################################################################
[ReportManager] Initial window size: (1176, 811) @05-11-2021 01:51:44.0819 AM
[ReportManager] Window size after SWD: (1280, 720) @05-11-2021 01:51:44.0902 AM
[ReportManager] Browser Action [SetWindowSize] successfully performed. With the following test data [New screen size is now: (1280, 720)]. @05-11-2021 01:51:44.0903 A
[ReportManager] Target URL: [https://duckduckgo.com] @05-11-2021 01:51:44.0924 AM
[ReportManager] Initial URL: [https://duckduckgo.com] @05-11-2021 01:51:44.0996 AM
[ReportManager] Browser Action [NavigateToURL] successfully performed. With the following test data [https://duckduckgo.com]. @05-11-2021 01:51:45.0465 AM
[ReportManager] Browser Action [CloseCurrentWindow] successfully performed. @05-11-2021 01:51:45.0771 AM
[ReportManager] Successfully created attachment [Browser Action Test Data - CloseCurrentWindow - Actual Value] @05-11-2021 01:51:45.0777 A
[ReportManager] Successfully loaded the following test data file [src/test/resources/TestDataFiles/testSuite01/TestData.xlsx]. @05-11-2021 01:51:47.0356 AM
[ReportManager] Successfully created attachment [Test Data - Excel] @05-11-2021 01:51:47.0357 A

################################################################################################################################################
Starting Execution:	[20 out of 146] test cases in the current suite
Test Method:		[unitTests.tests_io_excelFileManager.getCellData_rowName_expectedToPass]
################################################################################################################################################
[ReportManager] testRowData. @05-11-2021 01:51:47.0374 A

################################################################################################################################################
Starting Execution:	[21 out of 146] test cases in the current suite
Test Method:		[unitTests.tests_validations_assertions.assertComparativeRelation_greaterThanOrEquals_false_equals_expectedToFail]
################################################################################################################################################
[ReportManager] Assertion [ValidateComparativeRelation] FAILED. Expected [1] and Actual [1]. Comparison Type [GREATER_THAN_OR_EQUALS]. Validation Type [NEGATIVE]. @05-11-2021 01:51:47.0381 A

################################################################################################################################################
Starting Execution:	[22 out of 146] test cases in the current suite
Test Method:		[unitTests.tests_validations_assertions.assertComparativeRelation_greaterThanOrEquals_false_equals_expectedToPass]
################################################################################################################################################
[ReportManager] Assertion [ValidateComparativeRelation] PASSED. Expected [2] and Actual [1]. Comparison Type [GREATER_THAN_OR_EQUALS]. Validation Type [NEGATIVE]. @05-11-2021 01:51:47.0387 A

################################################################################################################################################
Starting Execution:	[23 out of 146] test cases in the current suite
Test Method:		[unitTests.tests_validations_assertions.assertComparativeRelation_greaterThanOrEquals_false_greaterThan_expectedToFail]
################################################################################################################################################
[ReportManager] Assertion [ValidateComparativeRelation] FAILED. Expected [1] and Actual [2]. Comparison Type [GREATER_THAN_OR_EQUALS]. Validation Type [NEGATIVE]. @05-11-2021 01:51:47.0394 A

################################################################################################################################################
Starting Execution:	[24 out of 146] test cases in the current suite
Test Method:		[unitTests.tests_validations_assertions.assertComparativeRelation_greaterThanOrEquals_false_greaterThan_expectedToPass]
################################################################################################################################################
[ReportManager] Assertion [ValidateComparativeRelation] PASSED. Expected [2] and Actual [1]. Comparison Type [GREATER_THAN_OR_EQUALS]. Validation Type [NEGATIVE]. @05-11-2021 01:51:47.0398 A

################################################################################################################################################
Starting Execution:	[25 out of 146] test cases in the current suite
Test Method:		[unitTests.tests_validations_assertions.assertComparativeRelation_greaterThanOrEquals_true_equals_expectedToFail]
################################################################################################################################################
[ReportManager] Assertion [ValidateComparativeRelation] FAILED. Expected [1] and Actual [0]. Comparison Type [GREATER_THAN_OR_EQUALS]. Validation Type [POSITIVE]. @05-11-2021 01:51:47.0405 A

################################################################################################################################################
Starting Execution:	[26 out of 146] test cases in the current suite
Test Method:		[unitTests.tests_validations_assertions.assertComparativeRelation_greaterThanOrEquals_true_equals_expectedToPass]
################################################################################################################################################
[ReportManager] Assertion [ValidateComparativeRelation] PASSED. Expected [1] and Actual [1]. Comparison Type [GREATER_THAN_OR_EQUALS]. Validation Type [POSITIVE]. @05-11-2021 01:51:47.0412 A

################################################################################################################################################
Starting Execution:	[27 out of 146] test cases in the current suite
Test Method:		[unitTests.tests_validations_assertions.assertComparativeRelation_greaterThanOrEquals_true_greaterThan_expectedToFail]
################################################################################################################################################
[ReportManager] Assertion [ValidateComparativeRelation] FAILED. Expected [2] and Actual [1]. Comparison Type [GREATER_THAN_OR_EQUALS]. Validation Type [POSITIVE]. @05-11-2021 01:51:47.0417 A

################################################################################################################################################
Starting Execution:	[28 out of 146] test cases in the current suite
Test Method:		[unitTests.tests_validations_assertions.assertComparativeRelation_greaterThanOrEquals_true_greaterThan_expectedToPass]
################################################################################################################################################
[ReportManager] Assertion [ValidateComparativeRelation] PASSED. Expected [1] and Actual [2]. Comparison Type [GREATER_THAN_OR_EQUALS]. Validation Type [POSITIVE]. @05-11-2021 01:51:47.0421 A
[ReportManager] File Action [GetAbsolutePath] successfully performed. With the following test data [Relative Folder Path: "target/downloadedFiles/"]. @05-11-2021 01:51:47.0424 AM
[ReportManager] Attempting to run locally on: [Mac-64], [Safari], Headless Execution. @05-11-2021 01:51:47.0424 AM
[ReportManager] Successfully Opened Safari. @05-11-2021 01:51:48.0209 AM
[ReportManager] Initial window size: (800, 600) @05-11-2021 01:51:48.0217 AM
[ReportManager] Window size after SWD Maximize: (1176, 811) @05-11-2021 01:51:48.0236 AM
[ReportManager] Browser Action [MaximizeWindow] successfully performed. With the following test data [New screen size is now: (1176, 811)]. @05-11-2021 01:51:48.0236 AM
[ReportManager] Target URL: [https://www.google.com/ncr], and after redirection: [www.google.com] @05-11-2021 01:51:48.0236 AM
[ReportManager] Initial URL: [] @05-11-2021 01:51:48.0289 AM
[ReportManager] Browser Action [NavigateToURL] successfully performed. With the following test data [https://www.google.com/ncr]. @05-11-2021 01:51:49.0317 A

################################################################################################################################################
Starting Execution:	[29 out of 146] test cases in the current suite
Test Method:		[unitTests.tests_validations_assertions.assertElementAttribute_false_caseInsensitiveComparison_expectedToFail]
################################################################################################################################################
[ReportManager] Element Action [Type] successfully performed. With the following test data [AUTOMATION]. @05-11-2021 01:51:49.0901 AM
[ReportManager] Element Action [GetText] successfully performed. With the following test data [AUTOMATION]. @05-11-2021 01:51:49.0966 AM
[ReportManager] Loaded Shared OpenCV @05-11-2021 01:51:51.0199 AM
[ReportManager] Assertion [ValidateElementAttribute] FAILED. Expected [Value Should not be 'AutomaTion' for the 'text' attribute, element locator 'By.name: q'] and Actual [AUTOMATION]. Comparison Type [CASE_INSENSITIVE]. Validation Type [NEGATIVE]. @05-11-2021 01:51:51.0520 AM
[ReportManager] Successfully created attachment [Screenshot - 1636077110048_assertElementAttribute_false_caseInsensitiveComparison_expectedToFail_ValidateElementAttribute_failed] @05-11-2021 01:51:51.0522 A
[ReportManager] Browser Action [CloseCurrentWindow] successfully performed. @05-11-2021 01:51:51.0823 AM
[ReportManager] Successfully created attachment [Browser Action Test Data - CloseCurrentWindow - Actual Value] @05-11-2021 01:51:51.0824 A
[ReportManager] File Action [GetAbsolutePath] successfully performed. With the following test data [Relative Folder Path: "target/downloadedFiles/"]. @05-11-2021 01:51:51.0830 AM
[ReportManager] Attempting to run locally on: [Mac-64], [Safari], Headless Execution. @05-11-2021 01:51:51.0830 AM
[ReportManager] Successfully Opened Safari. @05-11-2021 01:51:52.0623 AM
[ReportManager] Initial window size: (800, 600) @05-11-2021 01:51:52.0631 AM
[ReportManager] Window size after SWD Maximize: (1176, 811) @05-11-2021 01:51:52.0645 AM
[ReportManager] Browser Action [MaximizeWindow] successfully performed. With the following test data [New screen size is now: (1176, 811)]. @05-11-2021 01:51:52.0645 AM
[ReportManager] Target URL: [https://www.google.com/ncr], and after redirection: [www.google.com] @05-11-2021 01:51:52.0645 AM
[ReportManager] Initial URL: [] @05-11-2021 01:51:52.0734 AM
[ReportManager] Browser Action [NavigateToURL] successfully performed. With the following test data [https://www.google.com/ncr]. @05-11-2021 01:51:54.0041 A

################################################################################################################################################
Starting Execution:	[30 out of 146] test cases in the current suite
Test Method:		[unitTests.tests_validations_assertions.assertElementAttribute_false_caseInsensitiveComparison_expectedToPass]
################################################################################################################################################
[ReportManager] Element Action [Type] successfully performed. With the following test data [AUTOMATION]. @05-11-2021 01:51:54.0491 AM
[ReportManager] Element Action [GetText] successfully performed. With the following test data [AUTOMATION]. @05-11-2021 01:51:54.0545 AM
[ReportManager] Loaded Shared OpenCV @05-11-2021 01:51:54.0614 AM
[ReportManager] Assertion [ValidateElementAttribute] PASSED. Expected [Value Should not be 'AutomaTion123' for the 'text' attribute, element locator 'By.name: q'] and Actual [AUTOMATION]. Comparison Type [CASE_INSENSITIVE]. Validation Type [NEGATIVE]. @05-11-2021 01:51:54.0745 AM
[ReportManager] Successfully created attachment [Screenshot - 1636077114614_assertElementAttribute_false_caseInsensitiveComparison_expectedToPass_ValidateElementAttribute_passed] @05-11-2021 01:51:54.0751 A
[ReportManager] Browser Action [CloseCurrentWindow] successfully performed. @05-11-2021 01:51:54.0865 AM
[ReportManager] Successfully created attachment [Browser Action Test Data - CloseCurrentWindow - Actual Value] @05-11-2021 01:51:54.0865 A
[ReportManager] File Action [GetAbsolutePath] successfully performed. With the following test data [Relative Folder Path: "target/downloadedFiles/"]. @05-11-2021 01:51:54.0869 AM
[ReportManager] Attempting to run locally on: [Mac-64], [Safari], Headless Execution. @05-11-2021 01:51:54.0869 AM
[ReportManager] Successfully Opened Safari. @05-11-2021 01:51:55.0772 AM
[ReportManager] Initial window size: (800, 600) @05-11-2021 01:51:55.0794 AM
[ReportManager] Window size after SWD Maximize: (1176, 811) @05-11-2021 01:51:55.0858 AM
[ReportManager] Browser Action [MaximizeWindow] successfully performed. With the following test data [New screen size is now: (1176, 811)]. @05-11-2021 01:51:55.0859 AM
[ReportManager] Target URL: [https://www.google.com/ncr], and after redirection: [www.google.com] @05-11-2021 01:51:55.0859 AM
[ReportManager] Initial URL: [] @05-11-2021 01:51:55.0916 AM
[ReportManager] Browser Action [NavigateToURL] successfully performed. With the following test data [https://www.google.com/ncr]. @05-11-2021 01:51:57.0509 A

################################################################################################################################################
Starting Execution:	[31 out of 146] test cases in the current suite
Test Method:		[unitTests.tests_validations_assertions.assertElementAttribute_false_containsComparison_expectedToFail]
################################################################################################################################################
[ReportManager] Element Action [Type] successfully performed. With the following test data [Automation123]. @05-11-2021 01:51:58.0124 AM
[ReportManager] Element Action [GetText] successfully performed. With the following test data [Automation123]. @05-11-2021 01:51:58.0202 AM
[ReportManager] Loaded Shared OpenCV @05-11-2021 01:51:58.0264 AM
[ReportManager] Assertion [ValidateElementAttribute] FAILED. Expected [Value Should not be 'Automation' for the 'text' attribute, element locator 'By.name: q'] and Actual [Automation123]. Comparison Type [CONTAINS]. Validation Type [NEGATIVE]. @05-11-2021 01:51:58.0383 AM
[ReportManager] Successfully created attachment [Screenshot - 1636077118264_assertElementAttribute_false_containsComparison_expectedToFail_ValidateElementAttribute_failed] @05-11-2021 01:51:58.0384 A
[ReportManager] Browser Action [CloseCurrentWindow] successfully performed. @05-11-2021 01:51:58.0453 AM
[ReportManager] Successfully created attachment [Browser Action Test Data - CloseCurrentWindow - Actual Value] @05-11-2021 01:51:58.0477 A
[ReportManager] File Action [GetAbsolutePath] successfully performed. With the following test data [Relative Folder Path: "target/downloadedFiles/"]. @05-11-2021 01:51:58.0482 AM
[ReportManager] Attempting to run locally on: [Mac-64], [Safari], Headless Execution. @05-11-2021 01:51:58.0482 AM
[ReportManager] Successfully Opened Safari. @05-11-2021 01:51:59.0331 AM
[ReportManager] Initial window size: (800, 600) @05-11-2021 01:51:59.0358 AM
[ReportManager] Window size after SWD Maximize: (1176, 811) @05-11-2021 01:51:59.0397 AM
[ReportManager] Browser Action [MaximizeWindow] successfully performed. With the following test data [New screen size is now: (1176, 811)]. @05-11-2021 01:51:59.0398 AM
[ReportManager] Target URL: [https://www.google.com/ncr], and after redirection: [www.google.com] @05-11-2021 01:51:59.0398 AM
[ReportManager] Initial URL: [] @05-11-2021 01:51:59.0436 AM
[ReportManager] Browser Action [NavigateToURL] successfully performed. With the following test data [https://www.google.com/ncr]. @05-11-2021 01:52:00.0923 A

################################################################################################################################################
Starting Execution:	[32 out of 146] test cases in the current suite
Test Method:		[unitTests.tests_validations_assertions.assertElementAttribute_false_containsComparison_expectedToPass]
################################################################################################################################################
[ReportManager] Element Action [Type] successfully performed. With the following test data [Automation123]. @05-11-2021 01:52:01.0569 AM
[ReportManager] Element Action [GetText] successfully performed. With the following test data [Automation123]. @05-11-2021 01:52:01.0634 AM
[ReportManager] Loaded Shared OpenCV @05-11-2021 01:52:01.0702 AM
[ReportManager] Assertion [ValidateElementAttribute] PASSED. Expected [Value Should not be 'Automation1234' for the 'text' attribute, element locator 'By.name: q'] and Actual [Automation123]. Comparison Type [CONTAINS]. Validation Type [NEGATIVE]. @05-11-2021 01:52:01.0885 AM
[ReportManager] Successfully created attachment [Screenshot - 1636077121702_assertElementAttribute_false_containsComparison_expectedToPass_ValidateElementAttribute_passed] @05-11-2021 01:52:01.0887 A
[ReportManager] Browser Action [CloseCurrentWindow] successfully performed. @05-11-2021 01:52:02.0336 AM
[ReportManager] Successfully created attachment [Browser Action Test Data - CloseCurrentWindow - Actual Value] @05-11-2021 01:52:02.0337 A
[ReportManager] File Action [GetAbsolutePath] successfully performed. With the following test data [Relative Folder Path: "target/downloadedFiles/"]. @05-11-2021 01:52:02.0343 AM
[ReportManager] Attempting to run locally on: [Mac-64], [Safari], Headless Execution. @05-11-2021 01:52:02.0343 A

################################################################################################################################################
Starting Execution:	[33 out of 146] test cases in the current suite
Test Method:		[unitTests.tests_validations_assertions.assertElementAttribute_false_literalComparison_expectedToFail]
###############################################################################################################################################



################################################################################################################################################
Starting Execution:	[34 out of 146] test cases in the current suite
Test Method:		[unitTests.tests_validations_assertions.assertElementAttribute_false_literalComparison_expectedToPass]
###############################################################################################################################################



################################################################################################################################################
Starting Execution:	[35 out of 146] test cases in the current suite
Test Method:		[unitTests.tests_validations_assertions.assertElementAttribute_false_regexComparison_expectedToFail]
###############################################################################################################################################



################################################################################################################################################
Starting Execution:	[36 out of 146] test cases in the current suite
Test Method:		[unitTests.tests_validations_assertions.assertElementAttribute_false_regexComparison_expectedToPass]
###############################################################################################################################################



################################################################################################################################################
Starting Execution:	[37 out of 146] test cases in the current suite
Test Method:		[unitTests.tests_validations_assertions.assertElementAttribute_true_caseInsensitiveComparison_expectedToFail]
###############################################################################################################################################



################################################################################################################################################
Starting Execution:	[38 out of 146] test cases in the current suite
Test Method:		[unitTests.tests_validations_assertions.assertElementAttribute_true_caseInsensitiveComparison_expectedToPass]
###############################################################################################################################################



################################################################################################################################################
Starting Execution:	[39 out of 146] test cases in the current suite
Test Method:		[unitTests.tests_validations_assertions.assertElementAttribute_true_containsComparison_expectedToFail]
###############################################################################################################################################



################################################################################################################################################
Starting Execution:	[40 out of 146] test cases in the current suite
Test Method:		[unitTests.tests_validations_assertions.assertElementAttribute_true_containsComparison_expectedToPass]
###############################################################################################################################################



################################################################################################################################################
Starting Execution:	[41 out of 146] test cases in the current suite
Test Method:		[unitTests.tests_validations_assertions.assertElementAttribute_true_literalComparison_expectedToFail]
###############################################################################################################################################



################################################################################################################################################
Starting Execution:	[42 out of 146] test cases in the current suite
Test Method:		[unitTests.tests_validations_assertions.assertElementAttribute_true_literalComparison_expectedToPass]
###############################################################################################################################################



################################################################################################################################################
Starting Execution:	[43 out of 146] test cases in the current suite
Test Method:		[unitTests.tests_validations_assertions.assertElementAttribute_true_regexComparison_expectedToFail]
###############################################################################################################################################



################################################################################################################################################
Starting Execution:	[44 out of 146] test cases in the current suite
Test Method:		[unitTests.tests_validations_assertions.assertElementAttribute_true_regexComparison_expectedToPass]
###############################################################################################################################################



################################################################################################################################################
Starting Execution:	[45 out of 146] test cases in the current suite
Test Method:		[unitTests.tests_validations_assertions.assertElementAttribute_type_true_literalComparison_expectedToPass]
###############################################################################################################################################



################################################################################################################################################
Starting Execution:	[46 out of 146] test cases in the current suite
Test Method:		[unitTests.tests_validations_assertions.assertElementExists_false_expectedToFail]
###############################################################################################################################################



################################################################################################################################################
Starting Execution:	[47 out of 146] test cases in the current suite
Test Method:		[unitTests.tests_validations_assertions.assertElementExists_false_expectedToPass]
###############################################################################################################################################



################################################################################################################################################
Starting Execution:	[48 out of 146] test cases in the current suite
Test Method:		[unitTests.tests_validations_assertions.assertElementExists_false_multipleElementsFound_expectedToFail]
###############################################################################################################################################



################################################################################################################################################
Starting Execution:	[49 out of 146] test cases in the current suite
Test Method:		[unitTests.tests_validations_assertions.assertElementExists_true_expectedToFail]
###############################################################################################################################################



################################################################################################################################################
Starting Execution:	[50 out of 146] test cases in the current suite
Test Method:		[unitTests.tests_validations_assertions.assertElementExists_true_expectedToPass]
###############################################################################################################################################



################################################################################################################################################
Starting Execution:	[51 out of 146] test cases in the current suite
Test Method:		[unitTests.tests_validations_assertions.assertElementExists_true_multipleElementsFound_expectedToFail]
###############################################################################################################################################


################################################################################################################################################
Starting Execution:	[52 out of 146] test cases in the current suite
Test Method:		[unitTests.tests_validations_assertions.assertEquals_false_expectedToFail]
###############################################################################################################################################

################################################################################################################################################
Starting Execution:	[53 out of 146] test cases in the current suite
Test Method:		[unitTests.tests_validations_assertions.assertEquals_false_expectedToPass]
###############################################################################################################################################

################################################################################################################################################
Starting Execution:	[54 out of 146] test cases in the current suite
Test Method:		[unitTests.tests_validations_assertions.assertEquals_longCharacters]
###############################################################################################################################################

################################################################################################################################################
Starting Execution:	[55 out of 146] test cases in the current suite
Test Method:		[unitTests.tests_validations_assertions.assertEquals_longCharacters_Discreet]
###############################################################################################################################################

################################################################################################################################################
Starting Execution:	[56 out of 146] test cases in the current suite
Test Method:		[unitTests.tests_validations_assertions.assertEquals_true_expectedToFail]
###############################################################################################################################################

################################################################################################################################################
Starting Execution:	[57 out of 146] test cases in the current suite
Test Method:		[unitTests.tests_validations_assertions.assertEquals_true_expectedToPass]
Test Description:	[Assert that assertEquals works as expected when the two values are equal.]
###############################################################################################################################################

################################################################################################################################################
Starting Execution:	[58 out of 146] test cases in the current suite
Test Method:		[unitTests.tests_validations_assertions.assertEquals_true_expectedToPass__]
###############################################################################################################################################

################################################################################################################################################
Starting Execution:	[59 out of 146] test cases in the current suite
Test Method:		[unitTests.tests_validations_assertions.assertFileExists_false_expectedToFail]
###############################################################################################################################################

################################################################################################################################################
Starting Execution:	[60 out of 146] test cases in the current suite
Test Method:		[unitTests.tests_validations_assertions.assertFileExists_false_expectedToPass]
###############################################################################################################################################

################################################################################################################################################
Starting Execution:	[61 out of 146] test cases in the current suite
Test Method:		[unitTests.tests_validations_assertions.assertFileExists_true_expectedToFail]
###############################################################################################################################################

################################################################################################################################################
Starting Execution:	[62 out of 146] test cases in the current suite
Test Method:		[unitTests.tests_validations_assertions.assertFileExists_true_expectedToPass]
###############################################################################################################################################

################################################################################################################################################
Starting Execution:	[63 out of 146] test cases in the current suite
Test Method:		[unitTests.tests_validations_assertions.assertNull_false_expectedToFail]
###############################################################################################################################################

################################################################################################################################################
Starting Execution:	[64 out of 146] test cases in the current suite
Test Method:		[unitTests.tests_validations_assertions.assertNull_false_expectedToPass]
###############################################################################################################################################

################################################################################################################################################
Starting Execution:	[65 out of 146] test cases in the current suite
Test Method:		[unitTests.tests_validations_assertions.assertNull_true_expectedToFail]
###############################################################################################################################################

################################################################################################################################################
Starting Execution:	[66 out of 146] test cases in the current suite
Test Method:		[unitTests.tests_validations_assertions.assertNull_true_expectedToPass]
###############################################################################################################################################

################################################################################################################################################
Starting Execution:	[67 out of 146] test cases in the current suite
Test Method:		[unitTests.tests_restActions.getPostsAndAssertBodyForSpecificTitle]
################################################################################################################################################
[ReportManager] Response status code: [200], status line: [HTTP/1.1 200 OK] @05-11-2021 01:52:05.0096 AM
[ReportManager] Assertion Passed: Evaluating the actual response status code against the expected one... @05-11-2021 01:52:05.0101 AM
[ReportManager] Assertion [ValidateComparativeRelation] PASSED. Expected [200] and Actual [200]. Comparison Type [EQUALS]. Validation Type [POSITIVE]. @05-11-2021 01:52:05.0101 AM
[ReportManager] API Action [PerformRequest] successfully performed. With the following test data [Request Type: "GET" | Target Status Code: "200" | Service URL: "https://jsonplaceholder.typicode.com/posts" | Content Type: "*/*" | Response Time: "852ms"]. @05-11-2021 01:52:06.0447 AM
[ReportManager] Successfully created attachment [API Request - Specifications] @05-11-2021 01:52:06.0450 AM
[ReportManager] Successfully created attachment [API Response - JSON Body] @05-11-2021 01:52:06.0796 AM
[ReportManager] API Action [GetResponseJSONValueAsList] successfully performed. @05-11-2021 01:52:06.0855 AM
[ReportManager] API Action [GetResponseJSONValue] successfully performed. With the following test data [title]. @05-11-2021 01:52:06.0895 AM
[ReportManager] API Action [GetResponseJSONValue] successfully performed. With the following test data [title]. @05-11-2021 01:52:06.0916 AM
[ReportManager] API Action [GetResponseJSONValue] successfully performed. With the following test data [body]. @05-11-2021 01:52:06.0936 AM
[ReportManager] Assertion [ValidateEquals] PASSED. Expected [qui neque nisi nulla] and Actual [est rerum tempore vitae
sequi sint nihil reprehenderit dolor beatae ea dolores neque
fugiat blanditiis voluptate porro vel nihil molestiae ut reiciendis
qui aperiam non debitis possimus qui neque nisi nulla]. Comparison Type [CONTAINS]. Validation Type [POSITIVE]. @05-11-2021 01:52:06.0937 AM
[ReportManager] API Action [GetResponseJSONValue] successfully performed. With the following test data [title]. @05-11-2021 01:52:06.0957 AM
[ReportManager] API Action [GetResponseJSONValue] successfully performed. With the following test data [title]. @05-11-2021 01:52:06.0977 AM
[ReportManager] API Action [GetResponseJSONValue] successfully performed. With the following test data [title]. @05-11-2021 01:52:06.0991 AM
[ReportManager] API Action [GetResponseJSONValue] successfully performed. With the following test data [title]. @05-11-2021 01:52:07.0006 AM
[ReportManager] API Action [GetResponseJSONValue] successfully performed. With the following test data [title]. @05-11-2021 01:52:07.0020 AM
[ReportManager] API Action [GetResponseJSONValue] successfully performed. With the following test data [title]. @05-11-2021 01:52:07.0036 AM
[ReportManager] API Action [GetResponseJSONValue] successfully performed. With the following test data [title]. @05-11-2021 01:52:07.0062 AM
[ReportManager] API Action [GetResponseJSONValue] successfully performed. With the following test data [title]. @05-11-2021 01:52:07.0085 AM
[ReportManager] API Action [GetResponseJSONValue] successfully performed. With the following test data [title]. @05-11-2021 01:52:07.0104 AM
[ReportManager] API Action [GetResponseJSONValue] successfully performed. With the following test data [title]. @05-11-2021 01:52:07.0118 AM
[ReportManager] API Action [GetResponseJSONValue] successfully performed. With the following test data [title]. @05-11-2021 01:52:07.0134 AM
[ReportManager] API Action [GetResponseJSONValue] successfully performed. With the following test data [title]. @05-11-2021 01:52:07.0148 AM
[ReportManager] API Action [GetResponseJSONValue] successfully performed. With the following test data [title]. @05-11-2021 01:52:07.0162 AM
[ReportManager] API Action [GetResponseJSONValue] successfully performed. With the following test data [title]. @05-11-2021 01:52:07.0175 AM
[ReportManager] API Action [GetResponseJSONValue] successfully performed. With the following test data [title]. @05-11-2021 01:52:07.0189 AM
[ReportManager] API Action [GetResponseJSONValue] successfully performed. With the following test data [title]. @05-11-2021 01:52:07.0206 AM
[ReportManager] API Action [GetResponseJSONValue] successfully performed. With the following test data [title]. @05-11-2021 01:52:07.0221 AM
[ReportManager] API Action [GetResponseJSONValue] successfully performed. With the following test data [title]. @05-11-2021 01:52:07.0238 AM
[ReportManager] API Action [GetResponseJSONValue] successfully performed. With the following test data [title]. @05-11-2021 01:52:07.0255 AM
[ReportManager] API Action [GetResponseJSONValue] successfully performed. With the following test data [title]. @05-11-2021 01:52:07.0272 AM
[ReportManager] API Action [GetResponseJSONValue] successfully performed. With the following test data [title]. @05-11-2021 01:52:07.0285 AM
[ReportManager] API Action [GetResponseJSONValue] successfully performed. With the following test data [title]. @05-11-2021 01:52:07.0297 AM
[ReportManager] API Action [GetResponseJSONValue] successfully performed. With the following test data [title]. @05-11-2021 01:52:07.0311 AM
[ReportManager] API Action [GetResponseJSONValue] successfully performed. With the following test data [title]. @05-11-2021 01:52:07.0325 AM
[ReportManager] API Action [GetResponseJSONValue] successfully performed. With the following test data [title]. @05-11-2021 01:52:07.0340 AM
[ReportManager] API Action [GetResponseJSONValue] successfully performed. With the following test data [title]. @05-11-2021 01:52:07.0357 AM
[ReportManager] API Action [GetResponseJSONValue] successfully performed. With the following test data [title]. @05-11-2021 01:52:07.0376 AM
[ReportManager] API Action [GetResponseJSONValue] successfully performed. With the following test data [title]. @05-11-2021 01:52:07.0415 AM
[ReportManager] API Action [GetResponseJSONValue] successfully performed. With the following test data [title]. @05-11-2021 01:52:07.0427 AM
[ReportManager] API Action [GetResponseJSONValue] successfully performed. With the following test data [title]. @05-11-2021 01:52:07.0441 AM
[ReportManager] API Action [GetResponseJSONValue] successfully performed. With the following test data [title]. @05-11-2021 01:52:07.0453 AM
[ReportManager] API Action [GetResponseJSONValue] successfully performed. With the following test data [title]. @05-11-2021 01:52:07.0464 AM
[ReportManager] API Action [GetResponseJSONValue] successfully performed. With the following test data [title]. @05-11-2021 01:52:07.0475 AM
[ReportManager] API Action [GetResponseJSONValue] successfully performed. With the following test data [title]. @05-11-2021 01:52:07.0495 AM
[ReportManager] API Action [GetResponseJSONValue] successfully performed. With the following test data [title]. @05-11-2021 01:52:07.0509 AM
[ReportManager] API Action [GetResponseJSONValue] successfully performed. With the following test data [title]. @05-11-2021 01:52:07.0520 AM
[ReportManager] API Action [GetResponseJSONValue] successfully performed. With the following test data [title]. @05-11-2021 01:52:07.0532 AM
[ReportManager] API Action [GetResponseJSONValue] successfully performed. With the following test data [title]. @05-11-2021 01:52:07.0543 AM
[ReportManager] API Action [GetResponseJSONValue] successfully performed. With the following test data [title]. @05-11-2021 01:52:07.0556 AM
[ReportManager] API Action [GetResponseJSONValue] successfully performed. With the following test data [title]. @05-11-2021 01:52:07.0569 AM
[ReportManager] API Action [GetResponseJSONValue] successfully performed. With the following test data [title]. @05-11-2021 01:52:07.0584 AM
[ReportManager] API Action [GetResponseJSONValue] successfully performed. With the following test data [title]. @05-11-2021 01:52:07.0596 AM
[ReportManager] API Action [GetResponseJSONValue] successfully performed. With the following test data [title]. @05-11-2021 01:52:07.0608 AM
[ReportManager] API Action [GetResponseJSONValue] successfully performed. With the following test data [title]. @05-11-2021 01:52:07.0621 AM
[ReportManager] API Action [GetResponseJSONValue] successfully performed. With the following test data [title]. @05-11-2021 01:52:07.0633 AM
[ReportManager] API Action [GetResponseJSONValue] successfully performed. With the following test data [title]. @05-11-2021 01:52:07.0644 AM
[ReportManager] API Action [GetResponseJSONValue] successfully performed. With the following test data [title]. @05-11-2021 01:52:07.0656 AM
[ReportManager] API Action [GetResponseJSONValue] successfully performed. With the following test data [title]. @05-11-2021 01:52:07.0670 AM
[ReportManager] API Action [GetResponseJSONValue] successfully performed. With the following test data [title]. @05-11-2021 01:52:07.0684 AM
[ReportManager] API Action [GetResponseJSONValue] successfully performed. With the following test data [title]. @05-11-2021 01:52:07.0696 AM
[ReportManager] API Action [GetResponseJSONValue] successfully performed. With the following test data [title]. @05-11-2021 01:52:07.0707 AM
[ReportManager] API Action [GetResponseJSONValue] successfully performed. With the following test data [title]. @05-11-2021 01:52:07.0723 AM
[ReportManager] API Action [GetResponseJSONValue] successfully performed. With the following test data [title]. @05-11-2021 01:52:07.0740 AM
[ReportManager] API Action [GetResponseJSONValue] successfully performed. With the following test data [title]. @05-11-2021 01:52:07.0754 AM
[ReportManager] API Action [GetResponseJSONValue] successfully performed. With the following test data [title]. @05-11-2021 01:52:07.0769 AM
[ReportManager] API Action [GetResponseJSONValue] successfully performed. With the following test data [title]. @05-11-2021 01:52:07.0784 AM
[ReportManager] API Action [GetResponseJSONValue] successfully performed. With the following test data [title]. @05-11-2021 01:52:07.0800 AM
[ReportManager] API Action [GetResponseJSONValue] successfully performed. With the following test data [title]. @05-11-2021 01:52:07.0817 AM
[ReportManager] API Action [GetResponseJSONValue] successfully performed. With the following test data [title]. @05-11-2021 01:52:07.0831 AM
[ReportManager] API Action [GetResponseJSONValue] successfully performed. With the following test data [title]. @05-11-2021 01:52:07.0872 AM
[ReportManager] API Action [GetResponseJSONValue] successfully performed. With the following test data [title]. @05-11-2021 01:52:07.0885 AM
[ReportManager] API Action [GetResponseJSONValue] successfully performed. With the following test data [title]. @05-11-2021 01:52:07.0897 AM
[ReportManager] API Action [GetResponseJSONValue] successfully performed. With the following test data [title]. @05-11-2021 01:52:07.0910 AM
[ReportManager] API Action [GetResponseJSONValue] successfully performed. With the following test data [title]. @05-11-2021 01:52:07.0922 AM
[ReportManager] API Action [GetResponseJSONValue] successfully performed. With the following test data [title]. @05-11-2021 01:52:07.0934 AM
[ReportManager] API Action [GetResponseJSONValue] successfully performed. With the following test data [title]. @05-11-2021 01:52:07.0944 AM
[ReportManager] API Action [GetResponseJSONValue] successfully performed. With the following test data [title]. @05-11-2021 01:52:07.0955 AM
[ReportManager] API Action [GetResponseJSONValue] successfully performed. With the following test data [title]. @05-11-2021 01:52:07.0967 AM
[ReportManager] API Action [GetResponseJSONValue] successfully performed. With the following test data [title]. @05-11-2021 01:52:07.0979 AM
[ReportManager] API Action [GetResponseJSONValue] successfully performed. With the following test data [title]. @05-11-2021 01:52:07.0993 AM
[ReportManager] API Action [GetResponseJSONValue] successfully performed. With the following test data [title]. @05-11-2021 01:52:08.0005 AM
[ReportManager] API Action [GetResponseJSONValue] successfully performed. With the following test data [title]. @05-11-2021 01:52:08.0016 AM
[ReportManager] API Action [GetResponseJSONValue] successfully performed. With the following test data [title]. @05-11-2021 01:52:08.0027 AM
[ReportManager] API Action [GetResponseJSONValue] successfully performed. With the following test data [title]. @05-11-2021 01:52:08.0040 AM
[ReportManager] API Action [GetResponseJSONValue] successfully performed. With the following test data [title]. @05-11-2021 01:52:08.0051 AM
[ReportManager] API Action [GetResponseJSONValue] successfully performed. With the following test data [title]. @05-11-2021 01:52:08.0062 AM
[ReportManager] API Action [GetResponseJSONValue] successfully performed. With the following test data [title]. @05-11-2021 01:52:08.0073 AM
[ReportManager] API Action [GetResponseJSONValue] successfully performed. With the following test data [title]. @05-11-2021 01:52:08.0085 AM
[ReportManager] API Action [GetResponseJSONValue] successfully performed. With the following test data [title]. @05-11-2021 01:52:08.0096 AM
[ReportManager] API Action [GetResponseJSONValue] successfully performed. With the following test data [title]. @05-11-2021 01:52:08.0106 AM
[ReportManager] API Action [GetResponseJSONValue] successfully performed. With the following test data [title]. @05-11-2021 01:52:08.0117 AM
[ReportManager] API Action [GetResponseJSONValue] successfully performed. With the following test data [title]. @05-11-2021 01:52:08.0129 AM
[ReportManager] API Action [GetResponseJSONValue] successfully performed. With the following test data [title]. @05-11-2021 01:52:08.0140 AM
[ReportManager] API Action [GetResponseJSONValue] successfully performed. With the following test data [title]. @05-11-2021 01:52:08.0151 AM
[ReportManager] API Action [GetResponseJSONValue] successfully performed. With the following test data [title]. @05-11-2021 01:52:08.0162 AM
[ReportManager] API Action [GetResponseJSONValue] successfully performed. With the following test data [title]. @05-11-2021 01:52:08.0172 AM
[ReportManager] API Action [GetResponseJSONValue] successfully performed. With the following test data [title]. @05-11-2021 01:52:08.0183 AM
[ReportManager] API Action [GetResponseJSONValue] successfully performed. With the following test data [title]. @05-11-2021 01:52:08.0194 AM
[ReportManager] API Action [GetResponseJSONValue] successfully performed. With the following test data [title]. @05-11-2021 01:52:08.0205 AM
[ReportManager] API Action [GetResponseJSONValue] successfully performed. With the following test data [title]. @05-11-2021 01:52:08.0217 AM
[ReportManager] API Action [GetResponseJSONValue] successfully performed. With the following test data [title]. @05-11-2021 01:52:08.0229 AM
[ReportManager] API Action [GetResponseJSONValue] successfully performed. With the following test data [title]. @05-11-2021 01:52:08.0248 AM
[ReportManager] API Action [GetResponseJSONValue] successfully performed. With the following test data [title]. @05-11-2021 01:52:08.0262 AM
[ReportManager] API Action [GetResponseJSONValue] successfully performed. With the following test data [title]. @05-11-2021 01:52:08.0276 AM
[ReportManager] API Action [GetResponseJSONValue] successfully performed. With the following test data [title]. @05-11-2021 01:52:08.0291 AM
[ReportManager] API Action [GetResponseJSONValue] successfully performed. With the following test data [title]. @05-11-2021 01:52:08.0303 AM
[ReportManager] API Action [GetResponseJSONValue] successfully performed. With the following test data [title]. @05-11-2021 01:52:08.0314 AM
[ReportManager] API Action [GetResponseJSONValue] successfully performed. With the following test data [title]. @05-11-2021 01:52:08.0324 A

################################################################################################################################################
Starting Execution:	[68 out of 146] test cases in the current suite
Test Method:		[unitTests.tests_restActions.validateUserEmail]
################################################################################################################################################
[ReportManager] Response status code: [200], status line: [HTTP/1.1 200 OK] @05-11-2021 01:52:08.0397 AM
[ReportManager] Assertion Passed: Evaluating the actual response status code against the expected one... @05-11-2021 01:52:08.0397 AM
[ReportManager] Assertion [ValidateComparativeRelation] PASSED. Expected [200] and Actual [200]. Comparison Type [EQUALS]. Validation Type [POSITIVE]. @05-11-2021 01:52:08.0398 AM
[ReportManager] API Action [PerformRequest] successfully performed. With the following test data [Request Type: "GET" | Target Status Code: "200" | Service URL: "https://jsonplaceholder.typicode.com/users" | Content Type: "*/*" | Response Time: "63ms"]. @05-11-2021 01:52:08.0418 AM
[ReportManager] Successfully created attachment [API Request - Specifications] @05-11-2021 01:52:08.0419 AM
[ReportManager] Successfully created attachment [API Response - JSON Body] @05-11-2021 01:52:08.0420 AM
[ReportManager] Assertion [ValidateEquals] PASSED. Expected and Actual values are attached. Comparison Type [CONTAINS]. Validation Type [POSITIVE]. @05-11-2021 01:52:08.0420 AM
[ReportManager] Successfully created attachment [Validation Test Data - Expected Value] @05-11-2021 01:52:08.0421 AM
[ReportManager] Successfully created attachment [Validation Test Data - Actual Value] @05-11-2021 01:52:08.0421 AM
[ReportManager] API Action [GetResponseJSONValueAsList] successfully performed. With the following test data [$]. @05-11-2021 01:52:08.0427 AM
[ReportManager] API Action [GetResponseJSONValue] successfully performed. With the following test data [name]. @05-11-2021 01:52:08.0440 AM
[ReportManager] API Action [GetResponseJSONValue] successfully performed. With the following test data [email]. @05-11-2021 01:52:08.0451 AM
[ReportManager] Assertion [ValidateEquals] PASSED. Expected [Sincere@april.biz] and Actual [Sincere@april.biz]. Comparison Type [EQUALS]. Validation Type [POSITIVE]. @05-11-2021 01:52:08.0451 AM
[ReportManager] API Action [GetResponseJSONValue] successfully performed. With the following test data [name]. @05-11-2021 01:52:08.0462 AM
[ReportManager] API Action [GetResponseJSONValue] successfully performed. With the following test data [name]. @05-11-2021 01:52:08.0475 AM
[ReportManager] API Action [GetResponseJSONValue] successfully performed. With the following test data [name]. @05-11-2021 01:52:08.0485 AM
[ReportManager] API Action [GetResponseJSONValue] successfully performed. With the following test data [name]. @05-11-2021 01:52:08.0497 AM
[ReportManager] API Action [GetResponseJSONValue] successfully performed. With the following test data [name]. @05-11-2021 01:52:08.0508 AM
[ReportManager] API Action [GetResponseJSONValue] successfully performed. With the following test data [name]. @05-11-2021 01:52:08.0519 AM
[ReportManager] API Action [GetResponseJSONValue] successfully performed. With the following test data [name]. @05-11-2021 01:52:08.0550 AM
[ReportManager] API Action [GetResponseJSONValue] successfully performed. With the following test data [name]. @05-11-2021 01:52:08.0566 AM
[ReportManager] API Action [GetResponseJSONValue] successfully performed. With the following test data [name]. @05-11-2021 01:52:08.0579 A
[ReportManager] File Action [GetAbsolutePath] successfully performed. With the following test data [Relative Folder Path: "target/downloadedFiles/"]. @05-11-2021 01:52:08.0583 AM
[ReportManager] Attempting to run locally on: [Mac-64], [Safari], Headless Execution. @05-11-2021 01:52:08.0583 AM
[ReportManager] Successfully Opened Safari. @05-11-2021 01:52:09.0389 AM
[ReportManager] Initial window size: (800, 600) @05-11-2021 01:52:09.0427 AM
[ReportManager] Window size after SWD Maximize: (1176, 811) @05-11-2021 01:52:09.0488 AM
[ReportManager] Browser Action [MaximizeWindow] successfully performed. With the following test data [New screen size is now: (1176, 811)]. @05-11-2021 01:52:09.0489 A

################################################################################################################################################
Starting Execution:	[69 out of 146] test cases in the current suite
Test Method:		[testPackage01.Test_uploadFile.uploadFile_invisibleUploadInput]
################################################################################################################################################
[ReportManager] Target URL: [https://fineuploader.com/demos.html#gallery-view] @05-11-2021 01:52:09.0492 AM
[ReportManager] Initial URL: [] @05-11-2021 01:52:09.0545 AM
[ReportManager] Browser Action [NavigateToURL] successfully performed. With the following test data [https://fineuploader.com/demos.html#gallery-view]. @05-11-2021 01:52:11.0009 AM
[ReportManager] File Action [GetAbsolutePath] successfully performed. With the following test data [Relative File Path: "src/main/resources/images/shaft.png"]. @05-11-2021 01:52:11.0010 AM
[ReportManager] Successfully created attachment [File Action Actual Result - Command Log] @05-11-2021 01:52:11.0010 AM
[ReportManager] Element Action [TypeFileLocationForUpload] successfully performed. With the following test data [/Users/runner/work/SHAFT_ENGINE/SHAFT_ENGINE/src/main/resources/images/shaft.png]. @05-11-2021 01:52:11.0064 AM
[ReportManager] Attempting to getAttribute [src] from elementLocator [By.xpath: //div[@id='fine-uploader-gallery']//div[@class='qq-thumbnail-wrapper']/img]. @05-11-2021 01:52:11.0064 AM
[ReportManager] Element Action [GetAttribute] successfully performed. @05-11-2021 01:52:11.0191 AM
[ReportManager] Successfully created attachment [Element Action Test Data - GetAttribute - Actual Value] @05-11-2021 01:52:11.0192 AM
[ReportManager] Loaded Shared OpenCV @05-11-2021 01:52:11.0256 AM
[ReportManager] Assertion [ValidateElementAttribute] PASSED. Expected and Actual values are attached. Comparison Type [CONTAINS]. Validation Type [POSITIVE]. @05-11-2021 01:52:11.0403 AM
[ReportManager] Successfully created attachment [Validation Test Data - Expected Value] @05-11-2021 01:52:11.0404 AM
[ReportManager] Successfully created attachment [Validation Test Data - Actual Value] @05-11-2021 01:52:11.0405 AM
[ReportManager] Successfully created attachment [Screenshot - 1636077131256_uploadFile_invisibleUploadInput_ValidateElementAttribute_passed] @05-11-2021 01:52:11.0406 A
[ReportManager] Browser Action [CloseCurrentWindow] successfully performed. @05-11-2021 01:52:11.0514 AM
[ReportManager] Successfully created attachment [Browser Action Test Data - CloseCurrentWindow - Actual Value] @05-11-2021 01:52:11.0520 A
[ReportManager] File Action [GetAbsolutePath] successfully performed. With the following test data [Relative Folder Path: "target/downloadedFiles/"]. @05-11-2021 01:52:11.0548 AM
[ReportManager] Attempting to run locally on: [Mac-64], [Safari], Headless Execution. @05-11-2021 01:52:11.0548 AM
[ReportManager] Successfully Opened Safari. @05-11-2021 01:52:12.0366 AM
[ReportManager] Initial window size: (800, 600) @05-11-2021 01:52:12.0373 AM
[ReportManager] Window size after SWD Maximize: (1176, 811) @05-11-2021 01:52:12.0394 AM
[ReportManager] Browser Action [MaximizeWindow] successfully performed. With the following test data [New screen size is now: (1176, 811)]. @05-11-2021 01:52:12.0395 A

################################################################################################################################################
Starting Execution:	[70 out of 146] test cases in the current suite
Test Method:		[testPackage01.Test_uploadFile.uploadFile_visibleUploadInput]
################################################################################################################################################
[ReportManager] Target URL: [http://demo.guru99.com/test/upload/] @05-11-2021 01:52:12.0398 AM
[ReportManager] Initial URL: [] @05-11-2021 01:52:12.0497 AM
[ReportManager] Browser Action [NavigateToURL] successfully performed. With the following test data [http://demo.guru99.com/test/upload/]. @05-11-2021 01:52:13.0648 AM
[ReportManager] File Action [GetAbsolutePath] successfully performed. With the following test data [Relative File Path: "src/main/resources/images/shaft.png"]. @05-11-2021 01:52:13.0649 AM
[ReportManager] Successfully created attachment [File Action Actual Result - Command Log] @05-11-2021 01:52:13.0655 AM
[ReportManager] Element Action [TypeFileLocationForUpload] successfully performed. With the following test data [/Users/runner/work/SHAFT_ENGINE/SHAFT_ENGINE/src/main/resources/images/shaft.png]. @05-11-2021 01:52:13.0702 AM
[ReportManager] Element Action [Click] successfully performed. With the following test data [on]. @05-11-2021 01:52:13.0980 AM
[ReportManager] Element Action [Click] successfully performed. With the following test data [ Submit File]. @05-11-2021 01:52:14.0350 AM
[ReportManager] Element Action [GetText] successfully performed. With the following test data [1 file has been successfully uploaded.]. @05-11-2021 01:52:14.0955 AM
[ReportManager] Loaded Shared OpenCV @05-11-2021 01:52:15.0012 AM
[ReportManager] Assertion [ValidateElementAttribute] PASSED. Expected [Value Should be '1 file' for the 'Text' attribute, element locator 'By.id: res'] and Actual [1 file has been successfully uploaded.]. Comparison Type [CONTAINS]. Validation Type [POSITIVE]. @05-11-2021 01:52:15.0141 AM
[ReportManager] Successfully created attachment [Screenshot - 1636077135012_uploadFile_visibleUploadInput_ValidateElementAttribute_passed] @05-11-2021 01:52:15.0142 A
[ReportManager] Browser Action [CloseCurrentWindow] successfully performed. @05-11-2021 01:52:15.0303 AM
[ReportManager] Successfully created attachment [Browser Action Test Data - CloseCurrentWindow - Actual Value] @05-11-2021 01:52:15.0304 A

################################################################################################################################################
Starting Execution:	[71 out of 146] test cases in the current suite
Test Method:		[testPackage01.Test_AssertApiResponseEquals.assertApiResponseEquals_expectedToPass]
################################################################################################################################################
[ReportManager] Response status code: [200], status line: [HTTP/1.1 200 OK] @05-11-2021 01:52:15.0358 AM
[ReportManager] Assertion Passed: Evaluating the actual response status code against the expected one... @05-11-2021 01:52:15.0359 AM
[ReportManager] Assertion [ValidateComparativeRelation] PASSED. Expected [200] and Actual [200]. Comparison Type [EQUALS]. Validation Type [POSITIVE]. @05-11-2021 01:52:15.0359 AM
[ReportManager] API Action [PerformRequest] successfully performed. With the following test data [Request Type: "GET" | Target Status Code: "200" | Service URL: "https://jsonplaceholder.typicode.com/users" | Content Type: "*/*" | Response Time: "43ms"]. @05-11-2021 01:52:15.0413 AM
[ReportManager] Successfully created attachment [API Request - Specifications] @05-11-2021 01:52:15.0414 AM
[ReportManager] Successfully created attachment [API Response - JSON Body] @05-11-2021 01:52:15.0415 AM
[ReportManager] API Action [GetResponseJSONValueAsList] successfully performed. With the following test data [$]. @05-11-2021 01:52:15.0428 AM
[ReportManager] API Action [GetResponseJSONValue] successfully performed. With the following test data [name]. @05-11-2021 01:52:15.0454 AM
[ReportManager] API Action [GetResponseJSONValue] successfully performed. With the following test data [email]. @05-11-2021 01:52:15.0481 AM
[ReportManager] Verification [ValidateEquals] PASSED. Expected [Sincere@april.biz] and Actual [Sincere@april.biz]. Comparison Type [EQUALS]. Validation Type [POSITIVE]. @05-11-2021 01:52:15.0485 AM
[ReportManager] API Action [GetResponseJSONValue] successfully performed. With the following test data [username]. @05-11-2021 01:52:15.0501 AM
[ReportManager] Assertion [ValidateEquals] PASSED. Expected [Bret] and Actual [Bret]. Comparison Type [EQUALS]. Validation Type [POSITIVE]. @05-11-2021 01:52:15.0501 AM
[ReportManager] API Action [GetResponseJSONValue] successfully performed. With the following test data [name]. @05-11-2021 01:52:15.0548 AM
[ReportManager] API Action [GetResponseJSONValue] successfully performed. With the following test data [name]. @05-11-2021 01:52:15.0563 AM
[ReportManager] API Action [GetResponseJSONValue] successfully performed. With the following test data [name]. @05-11-2021 01:52:15.0580 AM
[ReportManager] API Action [GetResponseJSONValue] successfully performed. With the following test data [name]. @05-11-2021 01:52:15.0601 AM
[ReportManager] API Action [GetResponseJSONValue] successfully performed. With the following test data [name]. @05-11-2021 01:52:15.0620 AM
[ReportManager] API Action [GetResponseJSONValue] successfully performed. With the following test data [name]. @05-11-2021 01:52:15.0646 AM
[ReportManager] API Action [GetResponseJSONValue] successfully performed. With the following test data [name]. @05-11-2021 01:52:15.0673 AM
[ReportManager] API Action [GetResponseJSONValue] successfully performed. With the following test data [name]. @05-11-2021 01:52:15.0692 AM
[ReportManager] API Action [GetResponseJSONValue] successfully performed. With the following test data [name]. @05-11-2021 01:52:15.0731 A

################################################################################################################################################
Starting Execution:	[72 out of 146] test cases in the current suite
Test Method:		[testPackage01.Test_testData.f]
################################################################################################################################################
[ReportManager] Successfully loaded the following test data file [src/test/resources/TestDataFiles/testSuite01/TestData.xlsx]. @05-11-2021 01:52:15.0809 AM
[ReportManager] Successfully created attachment [Test Data - Excel] @05-11-2021 01:52:15.0810 AM
[ReportManager] Last Column Number is: [3]. Zero-based. @05-11-2021 01:52:15.0810 A

################################################################################################################################################
Starting Execution:	[73 out of 146] test cases in the current suite
Test Method:		[testPackage01.Test_PDF.testPDF1]
################################################################################################################################################
[ReportManager] File Action [DoesFileExist] successfully performed. With the following test data [File Path: "src/test/resources/TestDataFiles/sample.pdf"]. @05-11-2021 01:52:15.0830 AM
[ReportManager] File Action [GetAbsolutePath] successfully performed. With the following test data [Relative Folder Path: "src/test/resources/TestDataFiles/sample.pdf"]. @05-11-2021 01:52:15.0831 AM
[ReportManager] Assertion Passed: Checking to see that the pdf file contains [A Simple PDF File] @05-11-2021 01:52:19.0959 AM
[ReportManager] Successfully created attachment [Validation Test Data - Expected Value] @05-11-2021 01:52:19.0960 AM
[ReportManager] Successfully created attachment [Validation Test Data - Actual Value] @05-11-2021 01:52:19.0960 AM
[ReportManager] Assertion [ValidateEquals] PASSED. Expected and Actual values are attached. Comparison Type [CONTAINS]. Validation Type [POSITIVE]. @05-11-2021 01:52:19.0960 A

################################################################################################################################################
Starting Execution:	[74 out of 146] test cases in the current suite
Test Method:		[testPackage01.Test_PDF.testPDF2]
################################################################################################################################################
[ReportManager] File Action [DoesFileExist] successfully performed. With the following test data [File Path: "src/test/resources/TestDataFiles/sample.pdf"]. @05-11-2021 01:52:19.0965 AM
[ReportManager] File Action [GetAbsolutePath] successfully performed. With the following test data [Relative Folder Path: "src/test/resources/TestDataFiles/sample.pdf"]. @05-11-2021 01:52:19.0965 AM
[ReportManager] Assertion Passed: Checking to see that the pdf file contains [A Simple PDF File] @05-11-2021 01:52:19.0987 AM
[ReportManager] Successfully created attachment [Validation Test Data - Expected Value] @05-11-2021 01:52:19.0988 AM
[ReportManager] Successfully created attachment [Validation Test Data - Actual Value] @05-11-2021 01:52:19.0988 AM
[ReportManager] Assertion [ValidateEquals] PASSED. Expected and Actual values are attached. Comparison Type [CONTAINS]. Validation Type [POSITIVE]. @05-11-2021 01:52:19.0988 A
[ReportManager] File Action [GetAbsolutePath] successfully performed. With the following test data [Relative Folder Path: "target/downloadedFiles/"]. @05-11-2021 01:52:19.0992 AM
[ReportManager] Attempting to run locally on: [Mac-64], [Safari], Headless Execution. @05-11-2021 01:52:19.0992 AM
[ReportManager] Successfully Opened Safari. @05-11-2021 01:52:20.0792 AM
[ReportManager] Initial window size: (800, 600) @05-11-2021 01:52:20.0799 AM
[ReportManager] Window size after SWD Maximize: (1176, 811) @05-11-2021 01:52:20.0814 AM
[ReportManager] Browser Action [MaximizeWindow] successfully performed. With the following test data [New screen size is now: (1176, 811)]. @05-11-2021 01:52:20.0814 A

################################################################################################################################################
Starting Execution:	[75 out of 146] test cases in the current suite
Test Method:		[testPackage01.Test_ShadowDOM.shadowdom]
################################################################################################################################################
[ReportManager] Target URL: [https://mdn.github.io/web-components-examples/popup-info-box-web-component/] @05-11-2021 01:52:20.0833 AM
[ReportManager] Initial URL: [] @05-11-2021 01:52:20.0900 AM
[ReportManager] Browser Action [NavigateToURL] successfully performed. With the following test data [https://mdn.github.io/web-components-examples/popup-info-box-web-component/]. @05-11-2021 01:52:21.0201 AM
[ReportManager] Element Action [Type] successfully performed. With the following test data [Typing into SHADOW DOM...]. @05-11-2021 01:52:22.0353 AM
[ReportManager] Element Action [GetText] successfully performed. With the following test data [Typing into SHADOW DOM...]. @05-11-2021 01:52:22.0451 AM
[ReportManager] Loaded Shared OpenCV @05-11-2021 01:52:22.0519 AM
[ReportManager] Assertion [ValidateElementAttribute] PASSED. Expected [Value Should be 'Typing into SHADOW DOM...' for the 'Text' attribute, element locator 'By.id: cvc'] and Actual [Typing into SHADOW DOM...]. Comparison Type [EQUALS]. Validation Type [POSITIVE]. @05-11-2021 01:52:22.0605 AM
[ReportManager] Successfully created attachment [Screenshot - 1636077142519_shadowdom_ValidateElementAttribute_passed] @05-11-2021 01:52:22.0606 A
[ReportManager] Browser Action [CloseCurrentWindow] successfully performed. @05-11-2021 01:52:23.0030 AM
[ReportManager] Successfully created attachment [Browser Action Test Data - CloseCurrentWindow - Actual Value] @05-11-2021 01:52:23.0031 A
[ReportManager] File Action [GetAbsolutePath] successfully performed. With the following test data [Relative Folder Path: "target/downloadedFiles/"]. @05-11-2021 01:52:23.0033 AM
[ReportManager] Attempting to run locally on: [Mac-64], [Safari], Headless Execution. @05-11-2021 01:52:23.0033 AM
[ReportManager] Successfully Opened Safari. @05-11-2021 01:52:23.0892 AM
[ReportManager] Initial window size: (800, 600) @05-11-2021 01:52:23.0916 AM
[ReportManager] Window size after SWD Maximize: (1176, 811) @05-11-2021 01:52:23.0928 AM
[ReportManager] Browser Action [MaximizeWindow] successfully performed. With the following test data [New screen size is now: (1176, 811)]. @05-11-2021 01:52:23.0928 A

################################################################################################################################################
Starting Execution:	[76 out of 146] test cases in the current suite
Test Method:		[testPackage01.Test_clipboardActions.typeTextAndCopyPaste]
################################################################################################################################################
[ReportManager] Target URL: [https://www.google.com/ncr], and after redirection: [https://www.google.com] @05-11-2021 01:52:23.0939 AM
[ReportManager] Initial URL: [] @05-11-2021 01:52:24.0043 AM
[ReportManager] Browser Action [NavigateToURL] successfully performed. With the following test data [https://www.google.com/ncr]. @05-11-2021 01:52:25.0481 AM
[ReportManager] Element Action [Type] successfully performed. With the following test data [FIRST]. @05-11-2021 01:52:25.0846 A
[ReportManager] Browser Action [CloseCurrentWindow] successfully performed. @05-11-2021 01:52:26.0260 AM
[ReportManager] Successfully created attachment [Browser Action Test Data - CloseCurrentWindow - Actual Value] @05-11-2021 01:52:26.0260 A

################################################################################################################################################
Starting Execution:	[77 out of 146] test cases in the current suite
Test Method:		[testPackage01.Test_NewValidationHelper.f1]
################################################################################################################################################
[ReportManager] Assertion Passed: Checking valid user data @05-11-2021 01:52:26.0264 AM
[ReportManager] Successfully created attachment [Validation Test Data - Expected Value] @05-11-2021 01:52:26.0264 AM
[ReportManager] Successfully created attachment [Validation Test Data - Actual Value] @05-11-2021 01:52:26.0265 AM
[ReportManager] Assertion [ValidateEquals] PASSED. Expected and Actual values are attached. Comparison Type [EQUALS]. Validation Type [POSITIVE]. @05-11-2021 01:52:26.0265 A
[ReportManager] File Action [GetAbsolutePath] successfully performed. With the following test data [Relative Folder Path: "target/downloadedFiles/"]. @05-11-2021 01:52:26.0267 AM
[ReportManager] Attempting to run locally on: [Mac-64], [Safari], Headless Execution. @05-11-2021 01:52:26.0267 AM
[ReportManager] Successfully Opened Safari. @05-11-2021 01:52:27.0026 AM
[ReportManager] Initial window size: (800, 600) @05-11-2021 01:52:27.0065 AM
[ReportManager] Window size after SWD Maximize: (1176, 811) @05-11-2021 01:52:27.0080 AM
[ReportManager] Browser Action [MaximizeWindow] successfully performed. With the following test data [New screen size is now: (1176, 811)]. @05-11-2021 01:52:27.0080 AM
[ReportManager] Target URL: [https://the-internet.herokuapp.com/] @05-11-2021 01:52:27.0080 AM
[ReportManager] Initial URL: [] @05-11-2021 01:52:27.0151 AM
[ReportManager] Browser Action [NavigateToURL] successfully performed. With the following test data [https://the-internet.herokuapp.com/]. @05-11-2021 01:52:27.0693 A

################################################################################################################################################
Starting Execution:	[78 out of 146] test cases in the current suite
Test Method:		[testPackage01.Test_NewValidationHelper.f10]
################################################################################################################################################
[ReportManager] Loaded Shared OpenCV @05-11-2021 01:52:27.0780 AM
[ReportManager] Assertion [ValidateElementExists] FAILED. Expected [Element Should Exist, locator 'By.tagName: div'] and Actual [Element Exists but is not unique]. Comparison Type [EQUALS]. Validation Type [POSITIVE]. @05-11-2021 01:52:27.0877 AM
[ReportManager] Successfully created attachment [Screenshot - 1636077147780_f10_ValidateElementExists_failed] @05-11-2021 01:52:27.0878 A



################################################################################################################################################
Starting Execution:	[79 out of 146] test cases in the current suite
Test Method:		[testPackage01.Test_NewValidationHelper.f11]
###############################################################################################################################################



################################################################################################################################################
Starting Execution:	[80 out of 146] test cases in the current suite
Test Method:		[testPackage01.Test_NewValidationHelper.f12]
###############################################################################################################################################



################################################################################################################################################
Starting Execution:	[81 out of 146] test cases in the current suite
Test Method:		[testPackage01.Test_NewValidationHelper.f13]
###############################################################################################################################################



################################################################################################################################################
Starting Execution:	[82 out of 146] test cases in the current suite
Test Method:		[testPackage01.Test_NewValidationHelper.f14]
###############################################################################################################################################



################################################################################################################################################
Starting Execution:	[83 out of 146] test cases in the current suite
Test Method:		[testPackage01.Test_NewValidationHelper.f15]
###############################################################################################################################################



################################################################################################################################################
Starting Execution:	[84 out of 146] test cases in the current suite
Test Method:		[testPackage01.Test_NewValidationHelper.f16]
###############################################################################################################################################



################################################################################################################################################
Starting Execution:	[85 out of 146] test cases in the current suite
Test Method:		[testPackage01.Test_NewValidationHelper.f17]
###############################################################################################################################################



################################################################################################################################################
Starting Execution:	[86 out of 146] test cases in the current suite
Test Method:		[testPackage01.Test_NewValidationHelper.f18]
###############################################################################################################################################


################################################################################################################################################
Starting Execution:	[87 out of 146] test cases in the current suite
Test Method:		[testPackage01.Test_NewValidationHelper.f2]
###############################################################################################################################################


################################################################################################################################################
Starting Execution:	[88 out of 146] test cases in the current suite
Test Method:		[testPackage01.Test_NewValidationHelper.f20]
###############################################################################################################################################



################################################################################################################################################
Starting Execution:	[89 out of 146] test cases in the current suite
Test Method:		[testPackage01.Test_NewValidationHelper.f21]
###############################################################################################################################################



################################################################################################################################################
Starting Execution:	[90 out of 146] test cases in the current suite
Test Method:		[testPackage01.Test_NewValidationHelper.f22]
###############################################################################################################################################


################################################################################################################################################
Starting Execution:	[91 out of 146] test cases in the current suite
Test Method:		[testPackage01.Test_NewValidationHelper.f23]
###############################################################################################################################################

################################################################################################################################################
Starting Execution:	[92 out of 146] test cases in the current suite
Test Method:		[testPackage01.Test_NewValidationHelper.f24]
###############################################################################################################################################

################################################################################################################################################
Starting Execution:	[93 out of 146] test cases in the current suite
Test Method:		[testPackage01.Test_NewValidationHelper.f25]
###############################################################################################################################################

################################################################################################################################################
Starting Execution:	[94 out of 146] test cases in the current suite
Test Method:		[testPackage01.Test_NewValidationHelper.f26]
###############################################################################################################################################

################################################################################################################################################
Starting Execution:	[95 out of 146] test cases in the current suite
Test Method:		[testPackage01.Test_NewValidationHelper.f27]
###############################################################################################################################################

################################################################################################################################################
Starting Execution:	[96 out of 146] test cases in the current suite
Test Method:		[testPackage01.Test_NewValidationHelper.f28]
###############################################################################################################################################

################################################################################################################################################
Starting Execution:	[97 out of 146] test cases in the current suite
Test Method:		[testPackage01.Test_NewValidationHelper.f29]
###############################################################################################################################################

################################################################################################################################################
Starting Execution:	[98 out of 146] test cases in the current suite
Test Method:		[testPackage01.Test_NewValidationHelper.f3]
###############################################################################################################################################

################################################################################################################################################
Starting Execution:	[99 out of 146] test cases in the current suite
Test Method:		[testPackage01.Test_NewValidationHelper.f30]
###############################################################################################################################################

################################################################################################################################################
Starting Execution:	[100 out of 146] test cases in the current suite
Test Method:		[testPackage01.Test_NewValidationHelper.f31]
###############################################################################################################################################

################################################################################################################################################
Starting Execution:	[101 out of 146] test cases in the current suite
Test Method:		[testPackage01.Test_NewValidationHelper.f32]
###############################################################################################################################################

################################################################################################################################################
Starting Execution:	[102 out of 146] test cases in the current suite
Test Method:		[testPackage01.Test_NewValidationHelper.f33]
###############################################################################################################################################

################################################################################################################################################
Starting Execution:	[103 out of 146] test cases in the current suite
Test Method:		[testPackage01.Test_NewValidationHelper.f34]
###############################################################################################################################################

################################################################################################################################################
Starting Execution:	[104 out of 146] test cases in the current suite
Test Method:		[testPackage01.Test_NewValidationHelper.f35]
###############################################################################################################################################

################################################################################################################################################
Starting Execution:	[105 out of 146] test cases in the current suite
Test Method:		[testPackage01.Test_NewValidationHelper.f36]
###############################################################################################################################################

################################################################################################################################################
Starting Execution:	[106 out of 146] test cases in the current suite
Test Method:		[testPackage01.Test_NewValidationHelper.f37]
###############################################################################################################################################

################################################################################################################################################
Starting Execution:	[107 out of 146] test cases in the current suite
Test Method:		[testPackage01.Test_NewValidationHelper.f3_1]
###############################################################################################################################################

################################################################################################################################################
Starting Execution:	[108 out of 146] test cases in the current suite
Test Method:		[testPackage01.Test_NewValidationHelper.f4]
###############################################################################################################################################

################################################################################################################################################
Starting Execution:	[109 out of 146] test cases in the current suite
Test Method:		[testPackage01.Test_NewValidationHelper.f5]
###############################################################################################################################################

################################################################################################################################################
Starting Execution:	[110 out of 146] test cases in the current suite
Test Method:		[testPackage01.Test_NewValidationHelper.f6]
###############################################################################################################################################

################################################################################################################################################
Starting Execution:	[111 out of 146] test cases in the current suite
Test Method:		[testPackage01.Test_NewValidationHelper.f6_1]
###############################################################################################################################################

################################################################################################################################################
Starting Execution:	[112 out of 146] test cases in the current suite
Test Method:		[testPackage01.Test_NewValidationHelper.f6_2]
###############################################################################################################################################

################################################################################################################################################
Starting Execution:	[113 out of 146] test cases in the current suite
Test Method:		[testPackage01.Test_NewValidationHelper.f7]
###############################################################################################################################################


################################################################################################################################################
Starting Execution:	[114 out of 146] test cases in the current suite
Test Method:		[testPackage01.Test_NewValidationHelper.f8]
###############################################################################################################################################



################################################################################################################################################
Starting Execution:	[115 out of 146] test cases in the current suite
Test Method:		[testPackage01.Test_NewValidationHelper.f9]
###############################################################################################################################################


################################################################################################################################################
Starting Execution:	[116 out of 146] test cases in the current suite
Test Method:		[testPackage01.Test_NewValidationHelper.forceFail]
###############################################################################################################################################

################################################################################################################################################
Starting Execution:	[117 out of 146] test cases in the current suite
Test Method:		[testPackage01.Test_NewValidationHelper.forceFail2]
###############################################################################################################################################

################################################################################################################################################
Starting Execution:	[118 out of 146] test cases in the current suite
Test Method:		[testPackage01.Test_JsonActions.f]
###############################################################################################################################################

################################################################################################################################################
Starting Execution:	[119 out of 146] test cases in the current suite
Test Method:		[testPackage01.Test_JsonActions.f2]
###############################################################################################################################################

################################################################################################################################################
Starting Execution:	[120 out of 146] test cases in the current suite
Test Method:		[testPackage01.Test_sendGraphqlRequest.sendGraphqlRequestUsingMutationAndVariables]
################################################################################################################################################
[ReportManager] GraphQl Request is being Performed with the Following Parameters [Service URL: https://api.spacex.land/graphql | Request Body: {"variables":"{\"name\": \"sherlock holmes\",\"rocket\": \"221B Baker Street\"}","query":"mutation ($name: String, $rocket: String) {\n  insert_users(objects: {name: $name, rocket: $rocket}) {\n    returning {\n      name\n      rocket\n    }\n  }\n}"}] @05-11-2021 01:52:28.0096 AM
[ReportManager] Response status code: [200], status line: [HTTP/1.1 200 OK] @05-11-2021 01:52:28.0480 AM
[ReportManager] Assertion Passed: Evaluating the actual response status code against the expected one... @05-11-2021 01:52:28.0481 AM
[ReportManager] Assertion [ValidateComparativeRelation] PASSED. Expected [200] and Actual [200]. Comparison Type [EQUALS]. Validation Type [POSITIVE]. @05-11-2021 01:52:28.0481 AM
[ReportManager] API Action [PerformRequest] successfully performed. With the following test data [Request Type: "POST" | Target Status Code: "200" | Service URL: "https://api.spacex.land/graphql" | Content Type: "application/json" | Response Time: "274ms"]. @05-11-2021 01:52:28.0523 AM
[ReportManager] Successfully created attachment [API Request - Specifications] @05-11-2021 01:52:28.0529 AM
[ReportManager] Successfully created attachment [API Request - JSON Body] @05-11-2021 01:52:28.0536 AM
[ReportManager] Successfully created attachment [API Response - JSON Body] @05-11-2021 01:52:28.0542 AM
[ReportManager] API Action [GetResponseJSONValue] successfully performed. With the following test data [data.insert_users.returning[0].name]. @05-11-2021 01:52:28.0611 AM
[ReportManager] Assertion [ValidateEquals] PASSED. Expected [sherlock holmes] and Actual [sherlock holmes]. Comparison Type [EQUALS]. Validation Type [POSITIVE]. @05-11-2021 01:52:28.0612 A

################################################################################################################################################
Starting Execution:	[121 out of 146] test cases in the current suite
Test Method:		[testPackage01.Test_sendGraphqlRequest.sendGraphqlRequestUsingQuery]
################################################################################################################################################
[ReportManager] GraphQl Request is being Performed with the Following Parameters [Service URL: https://api.spacex.land/graphql | Request Body: {"query":"{company {ceo}}"}] @05-11-2021 01:52:28.0615 AM
[ReportManager] Response status code: [200], status line: [HTTP/1.1 200 OK] @05-11-2021 01:52:28.0829 AM
[ReportManager] Assertion Passed: Evaluating the actual response status code against the expected one... @05-11-2021 01:52:28.0829 AM
[ReportManager] Assertion [ValidateComparativeRelation] PASSED. Expected [200] and Actual [200]. Comparison Type [EQUALS]. Validation Type [POSITIVE]. @05-11-2021 01:52:28.0829 AM
[ReportManager] API Action [PerformRequest] successfully performed. With the following test data [Request Type: "POST" | Target Status Code: "200" | Service URL: "https://api.spacex.land/graphql" | Content Type: "application/json" | Response Time: "209ms"]. @05-11-2021 01:52:28.0844 AM
[ReportManager] Successfully created attachment [API Request - Specifications] @05-11-2021 01:52:28.0845 AM
[ReportManager] Successfully created attachment [API Request - JSON Body] @05-11-2021 01:52:28.0845 AM
[ReportManager] Successfully created attachment [API Response - JSON Body] @05-11-2021 01:52:28.0846 AM
[ReportManager] API Action [GetResponseJSONValue] successfully performed. With the following test data [data.company.ceo]. @05-11-2021 01:52:28.0875 AM
[ReportManager] Assertion [ValidateEquals] PASSED. Expected [Elon Musk] and Actual [Elon Musk]. Comparison Type [EQUALS]. Validation Type [POSITIVE]. @05-11-2021 01:52:28.0875 A

################################################################################################################################################
Starting Execution:	[122 out of 146] test cases in the current suite
Test Method:		[testPackage01.Test_MatchJsonSchema.checkAPI_ResponseSchema]
################################################################################################################################################
[ReportManager] Response status code: [200], status line: [HTTP/1.1 200 OK] @05-11-2021 01:52:28.0996 AM
[ReportManager] Assertion Passed: Evaluating the actual response status code against the expected one... @05-11-2021 01:52:28.0997 AM
[ReportManager] Assertion [ValidateComparativeRelation] PASSED. Expected [200] and Actual [200]. Comparison Type [EQUALS]. Validation Type [POSITIVE]. @05-11-2021 01:52:28.0997 AM
[ReportManager] API Action [PerformRequest] successfully performed. With the following test data [Request Type: "GET" | Target Status Code: "200" | Service URL: "http://api.zippopotam.us/us/90210" | Content Type: "*/*" | Response Time: "110ms"]. @05-11-2021 01:52:29.0009 AM
[ReportManager] Successfully created attachment [API Request - Specifications] @05-11-2021 01:52:29.0015 AM
[ReportManager] Successfully created attachment [API Response - JSON Body] @05-11-2021 01:52:29.0021 AM
[ReportManager] File Action [GetAbsolutePath] successfully performed. With the following test data [Relative Folder Path: "src/test/resources/testDataFiles/schema.json"]. @05-11-2021 01:52:29.0022 AM
[ReportManager] File Action [GetAbsolutePath] successfully performed. With the following test data [Relative Folder Path: "/Users/runner/work/SHAFT_ENGINE/SHAFT_ENGINE/src/test/resources/testDataFiles/schema.json"]. @05-11-2021 01:52:29.0637 AM
[ReportManager] File Action [ReadFromFile] successfully performed. With the following test data [File Path: "/Users/runner/work/SHAFT_ENGINE/SHAFT_ENGINE/src/test/resources/testDataFiles/schema.json"]. @05-11-2021 01:52:29.0637 AM
[ReportManager] Assertion Passed: Then I Assert that the API response schema matches that in this file [src/test/resources/testDataFiles/schema.json]. @05-11-2021 01:52:29.0638 AM
[ReportManager] Successfully created attachment [Validation Test Data - Expected JSON Value] @05-11-2021 01:52:29.0639 AM
[ReportManager] Successfully created attachment [Validation Test Data - Actual JSON Value] @05-11-2021 01:52:29.0640 AM
[ReportManager] Assertion [ValidateResponseFileSchema] PASSED. Expected [Response data should match the JSON File in this path '/Users/runner/work/SHAFT_ENGINE/SHAFT_ENGINE/src/test/resources/testDataFiles/schema.json'] and Actual [TRUE]. Comparison Type [EQUALS]. Validation Type [POSITIVE]. @05-11-2021 01:52:29.0640 A
[ReportManager] File Action [GetAbsolutePath] successfully performed. With the following test data [Relative Folder Path: "target/downloadedFiles/"]. @05-11-2021 01:52:29.0642 AM
[ReportManager] Attempting to run locally on: [Mac-64], [Safari], Headless Execution. @05-11-2021 01:52:29.0642 AM
[ReportManager] Successfully Opened Safari. @05-11-2021 01:52:30.0412 AM
[ReportManager] Initial window size: (800, 600) @05-11-2021 01:52:30.0418 AM
[ReportManager] Window size after SWD Maximize: (1176, 811) @05-11-2021 01:52:30.0429 AM
[ReportManager] Browser Action [MaximizeWindow] successfully performed. With the following test data [New screen size is now: (1176, 811)]. @05-11-2021 01:52:30.0430 A

################################################################################################################################################
Starting Execution:	[123 out of 146] test cases in the current suite
Test Method:		[testPackage01.Test_dragAndDrop.dragAndDropJquery]
################################################################################################################################################
[ReportManager] Target URL: [https://jqueryui.com/resources/demos/droppable/default.html] @05-11-2021 01:52:30.0437 AM
[ReportManager] Initial URL: [] @05-11-2021 01:52:30.0483 AM
[ReportManager] Browser Action [NavigateToURL] successfully performed. With the following test data [https://jqueryui.com/resources/demos/droppable/default.html]. @05-11-2021 01:52:30.0910 AM
[ReportManager] Element Action [GetText] successfully performed. With the following test data [
	Drop here
]. @05-11-2021 01:52:30.0964 AM
[ReportManager] Element Action [DragAndDrop] successfully performed. With the following test data [Start point: (8, 18), End point: (8, 18)]. @05-11-2021 01:52:32.0017 AM
[ReportManager] Element Action [GetText] successfully performed. With the following test data [
	Dropped!
]. @05-11-2021 01:52:32.0055 AM
[ReportManager] Assertion Passed: Checking to see if the text has changed after performing drag and drop @05-11-2021 01:52:32.0055 AM
[ReportManager] Assertion [ValidateEquals] PASSED. Expected [
	Drop here
] and Actual [
	Dropped!
]. Comparison Type [EQUALS]. Validation Type [NEGATIVE]. @05-11-2021 01:52:32.0055 A
[ReportManager] Browser Action [CloseCurrentWindow] successfully performed. @05-11-2021 01:52:32.0271 AM
[ReportManager] Successfully created attachment [Browser Action Test Data - CloseCurrentWindow - Actual Value] @05-11-2021 01:52:32.0271 A
[ReportManager] File Action [GetAbsolutePath] successfully performed. With the following test data [Relative Folder Path: "target/downloadedFiles/"]. @05-11-2021 01:52:32.0273 AM
[ReportManager] Attempting to run locally on: [Mac-64], [Safari], Headless Execution. @05-11-2021 01:52:32.0273 AM
[ReportManager] Successfully Opened Safari. @05-11-2021 01:52:33.0094 AM
[ReportManager] Initial window size: (800, 600) @05-11-2021 01:52:33.0120 AM
[ReportManager] Window size after SWD Maximize: (1176, 811) @05-11-2021 01:52:33.0151 AM
[ReportManager] Browser Action [MaximizeWindow] successfully performed. With the following test data [New screen size is now: (1176, 811)]. @05-11-2021 01:52:33.0152 A

################################################################################################################################################
Starting Execution:	[124 out of 146] test cases in the current suite
Test Method:		[testPackage01.Test_dragAndDrop.dragAndDrop]
Test Description:	[TC001 - Test Drag and Drop function.]
################################################################################################################################################
[ReportManager] Target URL: [http://the-internet.herokuapp.com/drag_and_drop] @05-11-2021 01:52:33.0157 AM
[ReportManager] Initial URL: [] @05-11-2021 01:52:33.0251 AM
[ReportManager] Browser Action [NavigateToURL] successfully performed. With the following test data [http://the-internet.herokuapp.com/drag_and_drop]. @05-11-2021 01:52:33.0888 AM
[ReportManager] Attempting Drag and Drop @05-11-2021 01:52:33.0889 AM
[ReportManager] Element Action [DragAndDrop] successfully performed. With the following test data [Start point: (120, 89), End point: (335, 89)]. @05-11-2021 01:52:34.0516 A
[ReportManager] Browser Action [CloseCurrentWindow] successfully performed. @05-11-2021 01:52:34.0817 AM
[ReportManager] Successfully created attachment [Browser Action Test Data - CloseCurrentWindow - Actual Value] @05-11-2021 01:52:34.0817 A
[ReportManager] File Action [GetAbsolutePath] successfully performed. With the following test data [Relative Folder Path: "target/downloadedFiles/"]. @05-11-2021 01:52:34.0820 AM
[ReportManager] Attempting to run locally on: [Mac-64], [Safari], Headless Execution. @05-11-2021 01:52:34.0820 AM
[ReportManager] Successfully Opened Safari. @05-11-2021 01:52:35.0629 AM
[ReportManager] Initial window size: (800, 600) @05-11-2021 01:52:35.0638 AM
[ReportManager] Window size after SWD Maximize: (1176, 811) @05-11-2021 01:52:35.0658 AM
[ReportManager] Browser Action [MaximizeWindow] successfully performed. With the following test data [New screen size is now: (1176, 811)]. @05-11-2021 01:52:35.0658 A

################################################################################################################################################
Starting Execution:	[125 out of 146] test cases in the current suite
Test Method:		[testPackage01.Test_dragAndDrop.dragAndDropByOffset]
Test Description:	[TC002 - Test Drag and Drop by offset function.]
################################################################################################################################################
[ReportManager] Target URL: [https://jqueryui.com/resources/demos/draggable/default.html] @05-11-2021 01:52:35.0661 AM
[ReportManager] Initial URL: [] @05-11-2021 01:52:35.0736 AM
[ReportManager] Browser Action [NavigateToURL] successfully performed. With the following test data [https://jqueryui.com/resources/demos/draggable/default.html]. @05-11-2021 01:52:36.0114 AM
[ReportManager] Element Action [DragAndDropByOffset] successfully performed. With the following test data [Start point: (8, 8), End point: (108, 58)]. @05-11-2021 01:52:36.0878 A
[ReportManager] Browser Action [CloseCurrentWindow] successfully performed. @05-11-2021 01:52:37.0171 AM
[ReportManager] Successfully created attachment [Browser Action Test Data - CloseCurrentWindow - Actual Value] @05-11-2021 01:52:37.0171 A
[ReportManager] Successfully loaded the following test data file [src/test/resources/TestDataFiles/testSuite01/TestData.xlsx]. @05-11-2021 01:52:37.0202 AM
[ReportManager] Successfully created attachment [Test Data - Excel] @05-11-2021 01:52:37.0204 AM
[ReportManager] File Action [GetAbsolutePath] successfully performed. With the following test data [Relative Folder Path: "target/downloadedFiles/"]. @05-11-2021 01:52:37.0204 AM
[ReportManager] Attempting to run locally on: [Mac-64], [Safari], Headless Execution. @05-11-2021 01:52:37.0204 AM
[ReportManager] Successfully Opened Safari. @05-11-2021 01:52:38.0039 AM
[ReportManager] Initial window size: (800, 600) @05-11-2021 01:52:38.0061 AM
[ReportManager] Window size after SWD Maximize: (1176, 811) @05-11-2021 01:52:38.0077 AM
[ReportManager] Browser Action [MaximizeWindow] successfully performed. With the following test data [New screen size is now: (1176, 811)]. @05-11-2021 01:52:38.0077 A

################################################################################################################################################
Starting Execution:	[126 out of 146] test cases in the current suite
Test Method:		[testPackage01.Test_google.navigateToURLandVerifyGoogleLogoIsDisplayed]
Test Description:	[TC001 - Navigate to URL and Verify Google Logo is Displayed]
################################################################################################################################################
[ReportManager] Target URL: [https://www.google.com/ncr], and after redirection: [https://www.google.com] @05-11-2021 01:52:38.0080 AM
[ReportManager] Initial URL: [] @05-11-2021 01:52:38.0155 AM
[ReportManager] Browser Action [NavigateToURL] successfully performed. With the following test data [https://www.google.com/ncr]. @05-11-2021 01:52:39.0086 AM
[ReportManager] Loaded Shared OpenCV @05-11-2021 01:52:39.0192 AM
[ReportManager] Assertion Passed: Then I Assert that the element found by [By.xpath: //*[@id='hplogo' or @alt='Google']] exists. @05-11-2021 01:52:39.0329 AM
[ReportManager] Successfully created attachment [Screenshot - 1636077159191_navigateToURLandVerifyGoogleLogoIsDisplayed_ValidateElementExists_passed] @05-11-2021 01:52:39.0332 AM
[ReportManager] Assertion [ValidateElementExists] PASSED. Expected [Element Should Exist, locator 'By.xpath: //*[@id='hplogo' or @alt='Google']'] and Actual [Element Exists]. Comparison Type [EQUALS]. Validation Type [POSITIVE]. @05-11-2021 01:52:39.0332 A

################################################################################################################################################
Starting Execution:	[127 out of 146] test cases in the current suite
Test Method:		[testPackage01.Test_google.searchForQueryandAssertResultsNumDisplayed]
Test Description:	[TC002 - Search for Query and Assert that the number of results is displayed]
################################################################################################################################################
[ReportManager] Element Action [Type] successfully performed. With the following test data [SHAFT_Engine]. @05-11-2021 01:52:39.0805 AM
[ReportManager] Element Action [KeyPress] successfully performed. With the following test data [Enter]. @05-11-2021 01:52:39.0862 A

################################################################################################################################################
Starting Execution:	[128 out of 146] test cases in the current suite
Test Method:		[testPackage01.Test_google.clickNextThrice]
Test Description:	[TC003 - Clicks the next button to make sure that the framework can scroll element into view before clicking it]
###############################################################################################################################################
[ReportManager] Browser Action [CloseCurrentWindow] successfully performed. @05-11-2021 01:52:40.0075 AM
[ReportManager] Successfully created attachment [Browser Action Test Data - CloseCurrentWindow - Actual Value] @05-11-2021 01:52:40.0076 A

################################################################################################################################################
Starting Execution:	[129 out of 146] test cases in the current suite
Test Method:		[testPackage01.Test_chainableElementActions.chainElementActions]
################################################################################################################################################
[ReportManager] File Action [GetAbsolutePath] successfully performed. With the following test data [Relative Folder Path: "target/downloadedFiles/"]. @05-11-2021 01:52:40.0079 AM
[ReportManager] Attempting to run locally on: [Mac-64], [GoogleChrome], Headless Execution. @05-11-2021 01:52:40.0080 AM
[ReportManager] Identifying OS/Driver combination and selecting the correct driver version automatically. Please note that if a new driver executable will be downloaded it may take some time... @05-11-2021 01:52:40.0080 AM
[ReportManager] Successfully Opened Google Chrome. @05-11-2021 01:52:42.0883 AM
[ReportManager] Initial window size: (1920, 1080) @05-11-2021 01:52:42.0887 AM
[ReportManager] Window size after SWD Maximize: (1920, 1080) @05-11-2021 01:52:43.0085 AM
[ReportManager] Window size after Toolkit: (1920, 1080) @05-11-2021 01:52:43.0604 AM
[ReportManager] Browser Action [MaximizeWindow] successfully performed. With the following test data [New screen size is now: (1920, 1080)]. @05-11-2021 01:52:43.0607 AM
[ReportManager] Target URL: [https://www.google.com/ncr], and after redirection: [https://www.google.com] @05-11-2021 01:52:43.0607 AM
[ReportManager] Initial URL: [data:,] @05-11-2021 01:52:43.0636 AM
[ReportManager] Browser Action [NavigateToURL] successfully performed. With the following test data [https://www.google.com/ncr]. @05-11-2021 01:52:44.0449 AM
[ReportManager] Element Action [Type] successfully performed. With the following test data [chained type 1]. @05-11-2021 01:52:44.0885 AM
[ReportManager] Element Action [Type] successfully performed. With the following test data [chained type 2]. @05-11-2021 01:52:45.0178 AM
[ReportManager] Element Action [TypeAppend] successfully performed. With the following test data [345]. @05-11-2021 01:52:45.0250 AM
[ReportManager] Element Action [GetText] successfully performed. With the following test data [chained type 2345]. @05-11-2021 01:52:45.0344 AM
[ReportManager] Loaded Shared OpenCV @05-11-2021 01:52:45.0871 AM
[ReportManager] Assertion [ValidateElementAttribute] PASSED. Expected [Value Should be 'chained type 2345' for the 'text' attribute, element locator 'By.name: q'] and Actual [chained type 2345]. Comparison Type [EQUALS]. Validation Type [POSITIVE]. @05-11-2021 01:52:46.0068 AM
[ReportManager] Successfully created attachment [Screenshot - 1636077165871_chainElementActions_ValidateElementAttribute_passed] @05-11-2021 01:52:46.0070 AM
[ReportManager] Browser Action [CloseCurrentWindow] successfully performed. @05-11-2021 01:52:46.0326 AM
[ReportManager] Successfully created attachment [Browser Action Test Data - CloseCurrentWindow - Actual Value] @05-11-2021 01:52:46.0327 A
[ReportManager] File Action [GetAbsolutePath] successfully performed. With the following test data [Relative Folder Path: "target/downloadedFiles/"]. @05-11-2021 01:52:46.0331 AM
[ReportManager] Attempting to run locally on: [Mac-64], [Safari], Headless Execution. @05-11-2021 01:52:46.0331 AM
[ReportManager] Successfully Opened Safari. @05-11-2021 01:52:47.0139 AM
[ReportManager] Initial window size: (800, 600) @05-11-2021 01:52:47.0158 AM
[ReportManager] Window size after SWD Maximize: (1176, 811) @05-11-2021 01:52:47.0174 AM
[ReportManager] Browser Action [MaximizeWindow] successfully performed. With the following test data [New screen size is now: (1176, 811)]. @05-11-2021 01:52:47.0174 A

################################################################################################################################################
Starting Execution:	[130 out of 146] test cases in the current suite
Test Method:		[testPackage01.Test_RelativeLocators.relativeLocatorsTest1]
################################################################################################################################################
[ReportManager] Target URL: [https://duckduckgo.com/] @05-11-2021 01:52:47.0178 AM
[ReportManager] Initial URL: [] @05-11-2021 01:52:47.0219 AM
[ReportManager] Browser Action [NavigateToURL] successfully performed. With the following test data [https://duckduckgo.com/]. @05-11-2021 01:52:47.0854 AM
[ReportManager] Element Action [Type] successfully performed. With the following test data [SHAFT_Engine]. @05-11-2021 01:52:48.0211 AM
[ReportManager] Element Action [KeyPress] successfully performed. With the following test data [ENTER]. @05-11-2021 01:52:48.0276 A
[ReportManager] Browser Action [CloseCurrentWindow] successfully performed. @05-11-2021 01:52:48.0585 AM
[ReportManager] Successfully created attachment [Browser Action Test Data - CloseCurrentWindow - Actual Value] @05-11-2021 01:52:48.0586 A

################################################################################################################################################
Starting Execution:	[131 out of 146] test cases in the current suite
Test Method:		[testPackage01.Test_JsonCompareWithSpecialCharacters.specialCharacters]
################################################################################################################################################
[ReportManager] File Action [GetAbsolutePath] successfully performed. With the following test data [Relative Folder Path: "src/test/resources/testDataFiles/specialCharacters.json"]. @05-11-2021 01:52:48.0590 AM
[ReportManager] File Action [ReadFromFile] successfully performed. With the following test data [File Path: "/Users/runner/work/SHAFT_ENGINE/SHAFT_ENGINE/src/test/resources/testDataFiles/specialCharacters.json"]. @05-11-2021 01:52:48.0593 AM
[ReportManager] Successfully created attachment [File Action Actual Result - Command Log] @05-11-2021 01:52:48.0593 AM
[ReportManager] Comparing the provided API response with the file at this path "src/test/resources/testDataFiles/specialCharacters.json", comparison type "EQUALS" @05-11-2021 01:52:48.0595 AM
[ReportManager] API Action [CompareJSON] successfully performed. With the following test data [src/test/resources/testDataFiles/specialCharacters.json]. @05-11-2021 01:52:48.0603 AM
[ReportManager] File Action [GetAbsolutePath] successfully performed. With the following test data [Relative Folder Path: "src/test/resources/testDataFiles/specialCharacters.json"]. @05-11-2021 01:52:48.0603 AM
[ReportManager] File Action [ReadFromFile] successfully performed. With the following test data [File Path: "/Users/runner/work/SHAFT_ENGINE/SHAFT_ENGINE/src/test/resources/testDataFiles/specialCharacters.json"]. @05-11-2021 01:52:48.0604 AM
[ReportManager] Verification [ValidateJSONFileContent] PASSED. Expected [Response data should match the JSON File in this path 'src/test/resources/testDataFiles/specialCharacters.json'] and Actual [TRUE]. Comparison Type [EQUALS]. Validation Type [POSITIVE]. @05-11-2021 01:52:48.0608 AM
[ReportManager] Successfully created attachment [Validation Test Data - Expected JSON Value] @05-11-2021 01:52:48.0608 AM
[ReportManager] Successfully created attachment [Validation Test Data - Actual JSON Value] @05-11-2021 01:52:48.0613 A

################################################################################################################################################
Starting Execution:	[132 out of 146] test cases in the current suite
Test Method:		[testPackage01.Test_JsonCompareWithSpecialCharacters.specialCharacters_assertion]
################################################################################################################################################
[ReportManager] File Action [GetAbsolutePath] successfully performed. With the following test data [Relative Folder Path: "src/test/resources/testDataFiles/specialCharacters.json"]. @05-11-2021 01:52:48.0616 AM
[ReportManager] File Action [ReadFromFile] successfully performed. With the following test data [File Path: "/Users/runner/work/SHAFT_ENGINE/SHAFT_ENGINE/src/test/resources/testDataFiles/specialCharacters.json"]. @05-11-2021 01:52:48.0617 AM
[ReportManager] Successfully created attachment [File Action Actual Result - Command Log] @05-11-2021 01:52:48.0617 AM
[ReportManager] Comparing the provided API response with the file at this path "src/test/resources/testDataFiles/specialCharacters.json", comparison type "CONTAINS" @05-11-2021 01:52:48.0618 AM
[ReportManager] API Action [CompareJSON] successfully performed. With the following test data [src/test/resources/testDataFiles/specialCharacters.json]. @05-11-2021 01:52:48.0634 AM
[ReportManager] File Action [GetAbsolutePath] successfully performed. With the following test data [Relative Folder Path: "src/test/resources/testDataFiles/specialCharacters.json"]. @05-11-2021 01:52:48.0634 AM
[ReportManager] File Action [ReadFromFile] successfully performed. With the following test data [File Path: "/Users/runner/work/SHAFT_ENGINE/SHAFT_ENGINE/src/test/resources/testDataFiles/specialCharacters.json"]. @05-11-2021 01:52:48.0635 AM
[ReportManager] Assertion Passed: trying out the log message @05-11-2021 01:52:48.0640 AM
[ReportManager] Successfully created attachment [Validation Test Data - Expected JSON Value] @05-11-2021 01:52:48.0641 AM
[ReportManager] Successfully created attachment [Validation Test Data - Actual JSON Value] @05-11-2021 01:52:48.0642 AM
[ReportManager] Assertion [ValidateJSONFileContent] PASSED. Expected [Response data should match the JSON File in this path 'src/test/resources/testDataFiles/specialCharacters.json'] and Actual [TRUE]. Comparison Type [CONTAINS]. Validation Type [POSITIVE]. @05-11-2021 01:52:48.0642 A

################################################################################################################################################
Starting Execution:	[133 out of 146] test cases in the current suite
Test Method:		[testPackage01.Test_SkipDueToIssue.doNotSkip]
################################################################################################################################################
[ReportManager] This should not be skipped. @05-11-2021 01:52:48.0645 A

################################################################################################################################################
Starting Execution:	[134 out of 146] test cases in the current suite
Test Method:		[testPackage01.Test_SkipDueToIssue.skip]
################################################################################################################################################
[ReportManager] This should be skipped. @05-11-2021 01:52:48.0651 A

################################################################################################################################################
Starting Execution:	[135 out of 146] test cases in the current suite
Test Method:		[testPackage01.Test_SkipDueToIssue.skip2]
################################################################################################################################################
[ReportManager] This should be skipped. @05-11-2021 01:52:48.0656 A

################################################################################################################################################
Starting Execution:	[136 out of 146] test cases in the current suite
Test Method:		[testPackage01.Test_JSONFileManager.readStringFromJson]
################################################################################################################################################
[ReportManager] File Action [GetAbsolutePath] successfully performed. With the following test data [Relative Folder Path: "src/test/resources/testDataFiles/simpleJSON.json"]. @05-11-2021 01:52:48.0664 AM
[ReportManager] Successfully loaded the following test data file [src/test/resources/testDataFiles/simpleJSON.json]. @05-11-2021 01:52:48.0665 AM
[ReportManager] Successfully created attachment [Test Data - JSON] @05-11-2021 01:52:48.0665 AM
[ReportManager] File Action [GetAbsolutePath] successfully performed. With the following test data [Relative Folder Path: "src/test/resources/testDataFiles/simpleJSON.json"]. @05-11-2021 01:52:48.0666 AM
[ReportManager] Assertion [ValidateEquals] PASSED. Expected [Mohab Mohie] and Actual [Mohab Mohie]. Comparison Type [EQUALS]. Validation Type [POSITIVE]. @05-11-2021 01:52:48.0679 A
[ReportManager] File Action [GetAbsolutePath] successfully performed. With the following test data [Relative Folder Path: "target/downloadedFiles/"]. @05-11-2021 01:52:48.0682 AM
[ReportManager] Attempting to run locally on: [Mac-64], [Safari], Headless Execution. @05-11-2021 01:52:48.0682 AM
[ReportManager] Successfully Opened Safari. @05-11-2021 01:52:49.0546 AM
[ReportManager] Initial window size: (800, 600) @05-11-2021 01:52:49.0556 AM
[ReportManager] Window size after SWD Maximize: (1176, 811) @05-11-2021 01:52:49.0581 AM
[ReportManager] Browser Action [MaximizeWindow] successfully performed. With the following test data [New screen size is now: (1176, 811)]. @05-11-2021 01:52:49.0581 A

################################################################################################################################################
Starting Execution:	[137 out of 146] test cases in the current suite
Test Method:		[testPackage01.Test_assertEquals.test_assertElementAttribute]
################################################################################################################################################
[ReportManager] Target URL: [https://www.google.com/ncr], and after redirection: [https://www.google.com] @05-11-2021 01:52:49.0583 AM
[ReportManager] Initial URL: [] @05-11-2021 01:52:49.0652 AM
[ReportManager] Browser Action [NavigateToURL] successfully performed. With the following test data [https://www.google.com/ncr]. @05-11-2021 01:52:51.0229 AM
[ReportManager] Element Action [Type] successfully performed. With the following test data [INC_004010050:Another SCHEDULER with the same name [Duplicate Job Name] already exists.]. @05-11-2021 01:52:53.0888 AM
[ReportManager] Element Action [GetText] successfully performed. With the following test data [INC_004010050:Another SCHEDULER with the same name [Duplicate Job Name] already exists.]. @05-11-2021 01:52:53.0936 AM
[ReportManager] Loaded Shared OpenCV @05-11-2021 01:52:53.0991 AM
[ReportManager] Assertion [ValidateElementAttribute] PASSED. Expected [Value Should be 'INC_004010050:Another SCHEDULER with the same name \[Duplicate Job Name\] already exists.' for the 'text' attribute, element locator 'By.name: q'] and Actual [INC_004010050:Another SCHEDULER with the same name [Duplicate Job Name] already exists.]. Comparison Type [MATCHES]. Validation Type [POSITIVE]. @05-11-2021 01:52:54.0124 AM
[ReportManager] Successfully created attachment [Screenshot - 1636077173991_test_assertElementAttribute_ValidateElementAttribute_passed] @05-11-2021 01:52:54.0141 A
[ReportManager] Browser Action [CloseCurrentWindow] successfully performed. @05-11-2021 01:52:54.0259 AM
[ReportManager] Successfully created attachment [Browser Action Test Data - CloseCurrentWindow - Actual Value] @05-11-2021 01:52:54.0259 A
[ReportManager] File Action [GetAbsolutePath] successfully performed. With the following test data [Relative Folder Path: "target/downloadedFiles/"]. @05-11-2021 01:52:54.0261 AM
[ReportManager] Attempting to run locally on: [Mac-64], [Safari], Headless Execution. @05-11-2021 01:52:54.0261 AM
[ReportManager] Successfully Opened Safari. @05-11-2021 01:52:55.0026 AM
[ReportManager] Initial window size: (800, 600) @05-11-2021 01:52:55.0049 AM
[ReportManager] Window size after SWD Maximize: (1176, 811) @05-11-2021 01:52:55.0062 AM
[ReportManager] Browser Action [MaximizeWindow] successfully performed. With the following test data [New screen size is now: (1176, 811)]. @05-11-2021 01:52:55.0062 A

################################################################################################################################################
Starting Execution:	[138 out of 146] test cases in the current suite
Test Method:		[testPackage01.Test_IsElementClickable.testIsElementClickable]
################################################################################################################################################
[ReportManager] Target URL: [https://the-internet.herokuapp.com/] @05-11-2021 01:52:55.0077 AM
[ReportManager] Initial URL: [] @05-11-2021 01:52:55.0150 AM
[ReportManager] Browser Action [NavigateToURL] successfully performed. With the following test data [https://the-internet.herokuapp.com/]. @05-11-2021 01:52:55.0633 AM
[ReportManager] Element Action [IsElementClickable] successfully performed. @05-11-2021 01:52:55.0688 AM
[ReportManager] Assertion [ValidateTrue] PASSED. Expected [TRUE] and Actual [TRUE]. Validation Type [POSITIVE]. @05-11-2021 01:52:55.0689 A
[ReportManager] Browser Action [CloseCurrentWindow] successfully performed. @05-11-2021 01:52:55.0944 AM
[ReportManager] Successfully created attachment [Browser Action Test Data - CloseCurrentWindow - Actual Value] @05-11-2021 01:52:55.0945 A
[ReportManager] Successfully loaded the following test data file [src/test/resources/TestDataFiles/testSuite01/TestData.xlsx]. @05-11-2021 01:52:55.0997 AM
[ReportManager] Successfully created attachment [Test Data - Excel] @05-11-2021 01:52:55.0997 AM
[ReportManager] Attempting to run using Playwright locally on: [Mac-64], [Safari], Headless Execution. @05-11-2021 01:53:26.0953 AM
[ReportManager] File Action [GetAbsolutePath] successfully performed. With the following test data [Relative Folder Path: "target/downloadedFiles/"]. @05-11-2021 01:53:26.0954 AM
[ReportManager] Initial window size: (1280, 720) @05-11-2021 01:53:33.0646 AM
[ReportManager] Window size after Toolkit: com.microsoft.playwright.options.ViewportSize@73d241e7 @05-11-2021 01:53:33.0655 AM
[ReportManager] Browser Action [MaximizeWindow] successfully performed. With the following test data [New screen size is now: (1920, 1080)]. @05-11-2021 01:53:33.0656 A

################################################################################################################################################
Starting Execution:	[139 out of 146] test cases in the current suite
Test Method:		[testPackage01.Test_google_playwright.navigateToURLandVerifyGoogleLogoIsDisplayed]
Test Description:	[TC001 - Navigate to URL and Verify Google Logo is Displayed]
################################################################################################################################################
[ReportManager] Target URL: [https://www.google.com/ncr], and after redirection: [https://www.google.com] @05-11-2021 01:53:33.0660 AM
[ReportManager] Initial URL: [about:blank] @05-11-2021 01:53:34.0123 AM
[ReportManager] Browser Action [NavigateToURL] successfully performed. With the following test data [https://www.google.com/ncr]. @05-11-2021 01:53:35.0759 AM
[ReportManager] Loaded Shared OpenCV @05-11-2021 01:53:35.0858 AM
[ReportManager] Assertion [ValidateElementExists] PASSED. Expected [Element Should Exist, locator 'xpath=//*[@id='hplogo' or @alt='Google']'] and Actual [Element Exists]. Comparison Type [EQUALS]. Validation Type [POSITIVE]. @05-11-2021 01:53:36.0044 AM
[ReportManager] Successfully created attachment [Screenshot - 1636077215854_navigateToURLandVerifyGoogleLogoIsDisplayed_ValidateElementExists_passed] @05-11-2021 01:53:36.0045 A

################################################################################################################################################
Starting Execution:	[140 out of 146] test cases in the current suite
Test Method:		[testPackage01.Test_google_playwright.searchForQueryandAssertResultsNumDisplayed]
Test Description:	[TC002 - Search for Query and Assert that the number of results is displayed]
################################################################################################################################################
[ReportManager] Element Action [Type] successfully performed. With the following test data [SHAFT_Engine]. @05-11-2021 01:53:36.0330 AM
[ReportManager] Element Action [KeyPress] successfully performed. With the following test data [Enter]. @05-11-2021 01:53:36.0373 AM
[ReportManager] Element Action [GetText] successfully performed. With the following test data [About 891,000 results (0.62 seconds)Â 
]. @05-11-2021 01:53:37.0838 AM
[ReportManager] Loaded Shared OpenCV @05-11-2021 01:53:38.0430 AM
[ReportManager] Assertion [ValidateElementAttribute] PASSED. Expected [Value Should not be '' for the 'text' attribute, element locator 'xpath=//div[@id='appbar']'] and Actual [About 891,000 results (0.62 seconds)Â 
]. Comparison Type [EQUALS]. Validation Type [NEGATIVE]. @05-11-2021 01:53:38.0621 AM
[ReportManager] Successfully created attachment [Screenshot - 1636077218428_searchForQueryandAssertResultsNumDisplayed_ValidateElementAttribute_passed] @05-11-2021 01:53:38.0623 A

################################################################################################################################################
Starting Execution:	[141 out of 146] test cases in the current suite
Test Method:		[testPackage01.Test_google_playwright.clickNextThrice]
Test Description:	[TC003 - Clicks the next button to make sure that the framework can scroll element into view before clicking it]
################################################################################################################################################
[ReportManager] Element Action [Click] successfully performed. With the following test data [Next]. @05-11-2021 01:53:38.0904 A
[ReportManager] Failed to find video recording. @05-11-2021 01:53:38.0905 AM
[ReportManager] Successfully Closed PlayWright Driver. @05-11-2021 01:53:38.0951 A
[ReportManager] File Action [GetAbsolutePath] successfully performed. With the following test data [Relative Folder Path: "target/downloadedFiles/"]. @05-11-2021 01:53:38.0957 AM
[ReportManager] Attempting to run locally on: [Mac-64], [Safari], Headless Execution. @05-11-2021 01:53:38.0957 AM
[ReportManager] Successfully Opened Safari. @05-11-2021 01:53:40.0273 AM
[ReportManager] Initial window size: (800, 600) @05-11-2021 01:53:40.0289 AM
[ReportManager] Window size after SWD Maximize: (1176, 811) @05-11-2021 01:53:40.0321 AM
[ReportManager] Browser Action [MaximizeWindow] successfully performed. With the following test data [New screen size is now: (1176, 811)]. @05-11-2021 01:53:40.0322 A

################################################################################################################################################
Starting Execution:	[142 out of 146] test cases in the current suite
Test Method:		[testPackage01.Test_verifyEquals.test_assertElementAttribute]
################################################################################################################################################
[ReportManager] Target URL: [https://www.google.com/ncr], and after redirection: [https://www.google.com] @05-11-2021 01:53:40.0326 AM
[ReportManager] Initial URL: [] @05-11-2021 01:53:40.0394 AM
[ReportManager] Browser Action [NavigateToURL] successfully performed. With the following test data [https://www.google.com/ncr]. @05-11-2021 01:53:41.0760 AM
[ReportManager] Element Action [Type] successfully performed. With the following test data [INC_004010050:Another SCHEDULER with the same name [Duplicate Job Name] already exists.]. @05-11-2021 01:53:44.0256 AM
[ReportManager] Element Action [GetText] successfully performed. With the following test data [INC_004010050:Another SCHEDULER with the same name [Duplicate Job Name] already exists.]. @05-11-2021 01:53:44.0310 AM
[ReportManager] Loaded Shared OpenCV @05-11-2021 01:53:44.0362 AM
[ReportManager] Verification [ValidateElementAttribute] PASSED. Expected [Value Should be 'INC_004010050:Another SCHEDULER with the same name \[Duplicate Job Name\] already exists.' for the 'text' attribute, element locator 'By.name: q'] and Actual [INC_004010050:Another SCHEDULER with the same name [Duplicate Job Name] already exists.]. Comparison Type [MATCHES]. Validation Type [POSITIVE]. @05-11-2021 01:53:44.0459 AM
[ReportManager] Successfully created attachment [Screenshot - 1636077224362_test_assertElementAttribute_ValidateElementAttribute_passed] @05-11-2021 01:53:44.0461 A
[ReportManager] Browser Action [CloseCurrentWindow] successfully performed. @05-11-2021 01:53:44.0874 AM
[ReportManager] Successfully created attachment [Browser Action Test Data - CloseCurrentWindow - Actual Value] @05-11-2021 01:53:44.0875 A

################################################################################################################################################
Starting Execution:	[143 out of 146] test cases in the current suite
Test Method:		[testPackage01.Test_SelectedValue.multipleSelect]
################################################################################################################################################
[ReportManager] File Action [GetAbsolutePath] successfully performed. With the following test data [Relative Folder Path: "target/downloadedFiles/"]. @05-11-2021 01:53:44.0877 AM
[ReportManager] Attempting to run locally on: [Mac-64], [GoogleChrome], Headless Execution. @05-11-2021 01:53:44.0877 AM
[ReportManager] Identifying OS/Driver combination and selecting the correct driver version automatically. Please note that if a new driver executable will be downloaded it may take some time... @05-11-2021 01:53:44.0878 AM
[ReportManager] Successfully Opened Google Chrome. @05-11-2021 01:53:45.0422 AM
[ReportManager] Initial window size: (1920, 1080) @05-11-2021 01:53:45.0430 AM
[ReportManager] Window size after SWD Maximize: (1920, 1080) @05-11-2021 01:53:45.0650 AM
[ReportManager] Window size after Toolkit: (1920, 1080) @05-11-2021 01:53:46.0107 AM
[ReportManager] Browser Action [MaximizeWindow] successfully performed. With the following test data [New screen size is now: (1920, 1080)]. @05-11-2021 01:53:46.0109 AM
[ReportManager] Target URL: [https://yari-demos.prod.mdn.mozit.cloud/en-US/docs/Web/HTML/Element/select/_sample_.Advanced_select_with_multiple_features.html] @05-11-2021 01:53:46.0110 AM
[ReportManager] Initial URL: [data:,] @05-11-2021 01:53:46.0145 AM
[ReportManager] Browser Action [NavigateToURL] successfully performed. With the following test data [https://yari-demos.prod.mdn.mozit.cloud/en-US/docs/Web/HTML/Element/select/_sample_.Advanced_select_with_multiple_features.html]. @05-11-2021 01:53:46.0511 AM
[ReportManager] Element Action [Select] successfully performed. With the following test data [Dog]. @05-11-2021 01:53:46.0726 AM
[ReportManager] Element Action [Select] successfully performed. With the following test data [Cat]. @05-11-2021 01:53:46.0888 AM
[ReportManager] Element Action [GetSelectedText] successfully performed. With the following test data [DogCat]. @05-11-2021 01:53:46.0990 AM
[ReportManager] DogCat @05-11-2021 01:53:46.0990 AM
[ReportManager] Element Action [GetSelectedText] successfully performed. With the following test data [DogCat]. @05-11-2021 01:53:47.0127 AM
[ReportManager] Loaded Shared OpenCV @05-11-2021 01:53:47.0411 AM
[ReportManager] Assertion [ValidateElementAttribute] PASSED. Expected [Value Should be 'DogCat' for the 'selectedText' attribute, element locator 'By.tagName: select'] and Actual [DogCat]. Comparison Type [EQUALS]. Validation Type [POSITIVE]. @05-11-2021 01:53:47.0617 AM
[ReportManager] Successfully created attachment [Screenshot - 1636077227411_multipleSelect_ValidateElementAttribute_passed] @05-11-2021 01:53:47.0619 AM
[ReportManager] Browser Action [CloseCurrentWindow] successfully performed. @05-11-2021 01:53:47.0707 AM
[ReportManager] Successfully created attachment [Browser Action Test Data - CloseCurrentWindow - Actual Value] @05-11-2021 01:53:47.0708 A

################################################################################################################################################
Starting Execution:	[144 out of 146] test cases in the current suite
Test Method:		[testPackage01.Test_SelectedValue.simpleSelect]
################################################################################################################################################
[ReportManager] File Action [GetAbsolutePath] successfully performed. With the following test data [Relative Folder Path: "target/downloadedFiles/"]. @05-11-2021 01:53:47.0756 AM
[ReportManager] Attempting to run locally on: [Mac-64], [GoogleChrome], Headless Execution. @05-11-2021 01:53:47.0756 AM
[ReportManager] Identifying OS/Driver combination and selecting the correct driver version automatically. Please note that if a new driver executable will be downloaded it may take some time... @05-11-2021 01:53:47.0756 AM
[ReportManager] Successfully Opened Google Chrome. @05-11-2021 01:53:48.0326 AM
[ReportManager] Initial window size: (1920, 1080) @05-11-2021 01:53:48.0330 AM
[ReportManager] Window size after SWD Maximize: (1920, 1080) @05-11-2021 01:53:48.0438 AM
[ReportManager] Window size after Toolkit: (1920, 1080) @05-11-2021 01:53:49.0018 AM
[ReportManager] Browser Action [MaximizeWindow] successfully performed. With the following test data [New screen size is now: (1920, 1080)]. @05-11-2021 01:53:49.0020 AM
[ReportManager] Target URL: [https://yari-demos.prod.mdn.mozit.cloud/en-US/docs/Web/HTML/Element/select/_sample_.Basic_select.html] @05-11-2021 01:53:49.0021 AM
[ReportManager] Initial URL: [data:,] @05-11-2021 01:53:49.0048 AM
[ReportManager] Browser Action [NavigateToURL] successfully performed. With the following test data [https://yari-demos.prod.mdn.mozit.cloud/en-US/docs/Web/HTML/Element/select/_sample_.Basic_select.html]. @05-11-2021 01:53:49.0251 AM
[ReportManager] Element Action [Select] successfully performed. With the following test data [Third Value]. @05-11-2021 01:53:49.0499 AM
[ReportManager] Element Action [GetSelectedText] successfully performed. With the following test data [Third Value]. @05-11-2021 01:53:49.0561 AM
[ReportManager] Third Value @05-11-2021 01:53:49.0561 AM
[ReportManager] Element Action [GetSelectedText] successfully performed. With the following test data [Third Value]. @05-11-2021 01:53:49.0617 AM
[ReportManager] Loaded Shared OpenCV @05-11-2021 01:53:49.0910 AM
[ReportManager] Assertion [ValidateElementAttribute] PASSED. Expected [Value Should be 'Third Value' for the 'selectedText' attribute, element locator 'By.tagName: select'] and Actual [Third Value]. Comparison Type [EQUALS]. Validation Type [POSITIVE]. @05-11-2021 01:53:50.0106 AM
[ReportManager] Successfully created attachment [Screenshot - 1636077229910_simpleSelect_ValidateElementAttribute_passed] @05-11-2021 01:53:50.0107 AM
[ReportManager] Browser Action [CloseCurrentWindow] successfully performed. @05-11-2021 01:53:50.0321 AM
[ReportManager] Successfully created attachment [Browser Action Test Data - CloseCurrentWindow - Actual Value] @05-11-2021 01:53:50.0322 A
[ReportManager] File Action [GetAbsolutePath] successfully performed. With the following test data [Relative Folder Path: "target/downloadedFiles/"]. @05-11-2021 01:53:50.0328 AM
[ReportManager] Attempting to run locally on: [Mac-64], [Safari], Headless Execution. @05-11-2021 01:53:50.0328 AM
[ReportManager] Successfully Opened Safari. @05-11-2021 01:53:51.0121 AM
[ReportManager] Initial window size: (800, 600) @05-11-2021 01:53:51.0130 AM
[ReportManager] Window size after SWD Maximize: (1176, 811) @05-11-2021 01:53:51.0151 AM
[ReportManager] Browser Action [MaximizeWindow] successfully performed. With the following test data [New screen size is now: (1176, 811)]. @05-11-2021 01:53:51.0151 A

################################################################################################################################################
Starting Execution:	[145 out of 146] test cases in the current suite
Test Method:		[testPackage01.Test_dynamicLoading.dynamicLoading_elementIsHidden]
################################################################################################################################################
[ReportManager] Target URL: [https://the-internet.herokuapp.com/dynamic_loading/1] @05-11-2021 01:53:51.0153 AM
[ReportManager] Initial URL: [] @05-11-2021 01:53:51.0194 AM
[ReportManager] Browser Action [NavigateToURL] successfully performed. With the following test data [https://the-internet.herokuapp.com/dynamic_loading/1]. @05-11-2021 01:53:51.0693 AM
[ReportManager] Element Action [Click] successfully performed. With the following test data [Start]. @05-11-2021 01:53:51.0943 AM
[ReportManager] Element Action [GetText] successfully performed. With the following test data [
    Hello World!
  ]. @05-11-2021 01:53:51.0974 A
[ReportManager] Browser Action [CloseCurrentWindow] successfully performed. @05-11-2021 01:53:52.0420 AM
[ReportManager] Successfully created attachment [Browser Action Test Data - CloseCurrentWindow - Actual Value] @05-11-2021 01:53:52.0420 A
[ReportManager] File Action [GetAbsolutePath] successfully performed. With the following test data [Relative Folder Path: "target/downloadedFiles/"]. @05-11-2021 01:53:52.0422 AM
[ReportManager] Attempting to run locally on: [Mac-64], [Safari], Headless Execution. @05-11-2021 01:53:52.0422 AM
[ReportManager] Successfully Opened Safari. @05-11-2021 01:53:53.0245 AM
[ReportManager] Initial window size: (800, 600) @05-11-2021 01:53:53.0264 AM
[ReportManager] Window size after SWD Maximize: (1176, 811) @05-11-2021 01:53:53.0295 AM
[ReportManager] Browser Action [MaximizeWindow] successfully performed. With the following test data [New screen size is now: (1176, 811)]. @05-11-2021 01:53:53.0296 A

################################################################################################################################################
Starting Execution:	[146 out of 146] test cases in the current suite
Test Method:		[testPackage01.Test_dynamicLoading.dynamicLoading_elementIsRendered]
################################################################################################################################################
[ReportManager] Target URL: [https://the-internet.herokuapp.com/dynamic_loading/2] @05-11-2021 01:53:53.0300 AM
[ReportManager] Initial URL: [] @05-11-2021 01:53:53.0357 AM
[ReportManager] Browser Action [NavigateToURL] successfully performed. With the following test data [https://the-internet.herokuapp.com/dynamic_loading/2]. @05-11-2021 01:53:54.0007 AM
[ReportManager] Element Action [Click] successfully performed. With the following test data [Start]. @05-11-2021 01:53:54.0262 A
[ReportManager] Browser Action [CloseCurrentWindow] successfully performed. @05-11-2021 01:53:54.0685 AM
[ReportManager] Successfully created attachment [Browser Action Test Data - CloseCurrentWindow - Actual Value] @05-11-2021 01:53:54.0685 A
[ReportManager] Successfully created attachment [SHAFT Engine Logs - Execution log] @05-11-2021 01:53:54.0713 AM

################################################################################################################################################
This test run was powered by SHAFT Engine Version: [SHAFT Engine v5.4.20211030-BETA]
SHAFT Engine is licensed under the MIT License: [https://github.com/MohabMohie/SHAFT_ENGINE/blob/master/LICENSE].
################################################################################################################################################