################################################################################################################################################
Detected SHAFT Engine Version: [SHAFT Engine v5.4.20211025-BETA]
################################################################################################################################################

################################################################################################################################################
Starting Execution:	[1 out of 143] test cases in the current suite
Test Method:		[unitTests.tests_validations_assertions.assertComparativeRelation_greaterThanOrEquals_false_equals_expectedToFail]
################################################################################################################################################
[ReportManager] Assertion [ValidateComparativeRelation] FAILED. Expected [1] and Actual [1]. Comparison Type [GREATER_THAN_OR_EQUALS]. Validation Type [NEGATIVE]. @28-10-2021 09:57:18.0171 A

################################################################################################################################################
Starting Execution:	[2 out of 143] test cases in the current suite
Test Method:		[unitTests.tests_validations_assertions.assertComparativeRelation_greaterThanOrEquals_false_equals_expectedToPass]
################################################################################################################################################
[ReportManager] Assertion [ValidateComparativeRelation] PASSED. Expected [2] and Actual [1]. Comparison Type [GREATER_THAN_OR_EQUALS]. Validation Type [NEGATIVE]. @28-10-2021 09:57:18.0287 A

################################################################################################################################################
Starting Execution:	[3 out of 143] test cases in the current suite
Test Method:		[unitTests.tests_validations_assertions.assertComparativeRelation_greaterThanOrEquals_false_greaterThan_expectedToFail]
################################################################################################################################################
[ReportManager] Assertion [ValidateComparativeRelation] FAILED. Expected [1] and Actual [2]. Comparison Type [GREATER_THAN_OR_EQUALS]. Validation Type [NEGATIVE]. @28-10-2021 09:57:18.0293 A

################################################################################################################################################
Starting Execution:	[4 out of 143] test cases in the current suite
Test Method:		[unitTests.tests_validations_assertions.assertComparativeRelation_greaterThanOrEquals_false_greaterThan_expectedToPass]
################################################################################################################################################
[ReportManager] Assertion [ValidateComparativeRelation] PASSED. Expected [2] and Actual [1]. Comparison Type [GREATER_THAN_OR_EQUALS]. Validation Type [NEGATIVE]. @28-10-2021 09:57:18.0298 A

################################################################################################################################################
Starting Execution:	[5 out of 143] test cases in the current suite
Test Method:		[unitTests.tests_validations_assertions.assertComparativeRelation_greaterThanOrEquals_true_equals_expectedToFail]
################################################################################################################################################
[ReportManager] Assertion [ValidateComparativeRelation] FAILED. Expected [1] and Actual [0]. Comparison Type [GREATER_THAN_OR_EQUALS]. Validation Type [POSITIVE]. @28-10-2021 09:57:18.0302 A

################################################################################################################################################
Starting Execution:	[6 out of 143] test cases in the current suite
Test Method:		[unitTests.tests_validations_assertions.assertComparativeRelation_greaterThanOrEquals_true_equals_expectedToPass]
################################################################################################################################################
[ReportManager] Assertion [ValidateComparativeRelation] PASSED. Expected [1] and Actual [1]. Comparison Type [GREATER_THAN_OR_EQUALS]. Validation Type [POSITIVE]. @28-10-2021 09:57:18.0306 A

################################################################################################################################################
Starting Execution:	[7 out of 143] test cases in the current suite
Test Method:		[unitTests.tests_validations_assertions.assertComparativeRelation_greaterThanOrEquals_true_greaterThan_expectedToFail]
################################################################################################################################################
[ReportManager] Assertion [ValidateComparativeRelation] FAILED. Expected [2] and Actual [1]. Comparison Type [GREATER_THAN_OR_EQUALS]. Validation Type [POSITIVE]. @28-10-2021 09:57:18.0311 A

################################################################################################################################################
Starting Execution:	[8 out of 143] test cases in the current suite
Test Method:		[unitTests.tests_validations_assertions.assertComparativeRelation_greaterThanOrEquals_true_greaterThan_expectedToPass]
################################################################################################################################################
[ReportManager] Assertion [ValidateComparativeRelation] PASSED. Expected [1] and Actual [2]. Comparison Type [GREATER_THAN_OR_EQUALS]. Validation Type [POSITIVE]. @28-10-2021 09:57:18.0315 A
[ReportManager] File Action [GetAbsolutePath] successfully performed. With the following test data [Relative Folder Path: "target/downloadedFiles/"]. @28-10-2021 09:57:18.0324 AM
[ReportManager] Attempting to run remotely on: [Linux-64], [GoogleChrome], [http://localhost:4444/wd/hub], Headless Execution. @28-10-2021 09:57:18.0367 AM
[ReportManager] Successfully Opened [GoogleChrome]. @28-10-2021 09:57:21.0145 AM
[ReportManager] Target URL: [https://www.google.com/ncr], and after redirection: [www.google.com] @28-10-2021 09:57:21.0154 AM
[ReportManager] Initial URL: [data:,] @28-10-2021 09:57:21.0538 AM
[ReportManager] Browser Action [NavigateToURL] successfully performed. With the following test data [https://www.google.com/ncr]. @28-10-2021 09:57:22.0749 A

################################################################################################################################################
Starting Execution:	[9 out of 143] test cases in the current suite
Test Method:		[unitTests.tests_validations_assertions.assertElementAttribute_false_caseInsensitiveComparison_expectedToFail]
################################################################################################################################################
[ReportManager] Element Action [Type] successfully performed. With the following test data [AUTOMATION]. @28-10-2021 09:57:23.0588 AM
[ReportManager] Element Action [GetText] successfully performed. With the following test data [AUTOMATION]. @28-10-2021 09:57:23.0844 AM
[ReportManager] Loaded Shared OpenCV @28-10-2021 09:57:24.0677 AM
[ReportManager] Assertion [ValidateElementAttribute] FAILED. Expected [Value Should not be 'AutomaTion' for the 'text' attribute, element locator 'By.name: q'] and Actual [AUTOMATION]. Comparison Type [CASE_INSENSITIVE]. Validation Type [NEGATIVE]. @28-10-2021 09:57:25.0164 AM
[ReportManager] Successfully created attachment [Screenshot - 1635415044201_assertElementAttribute_false_caseInsensitiveComparison_expectedToFail_ValidateElementAttribute_failed] @28-10-2021 09:57:25.0188 A
[ReportManager] Browser Action [CloseCurrentWindow] successfully performed. @28-10-2021 09:57:25.0436 AM
[ReportManager] Successfully created attachment [Browser Action Test Data - CloseCurrentWindow - Actual Value] @28-10-2021 09:57:25.0444 A
[ReportManager] File Action [GetAbsolutePath] successfully performed. With the following test data [Relative Folder Path: "target/downloadedFiles/"]. @28-10-2021 09:57:25.0457 AM
[ReportManager] Attempting to run remotely on: [Linux-64], [GoogleChrome], [http://localhost:4444/wd/hub], Headless Execution. @28-10-2021 09:57:25.0457 AM
[ReportManager] Successfully Opened [GoogleChrome]. @28-10-2021 09:57:30.0148 AM
[ReportManager] Target URL: [https://www.google.com/ncr], and after redirection: [www.google.com] @28-10-2021 09:57:30.0148 AM
[ReportManager] Initial URL: [data:,] @28-10-2021 09:57:30.0284 AM
[ReportManager] Browser Action [NavigateToURL] successfully performed. With the following test data [https://www.google.com/ncr]. @28-10-2021 09:57:31.0227 A

################################################################################################################################################
Starting Execution:	[10 out of 143] test cases in the current suite
Test Method:		[unitTests.tests_validations_assertions.assertElementAttribute_false_caseInsensitiveComparison_expectedToPass]
################################################################################################################################################
[ReportManager] Element Action [Type] successfully performed. With the following test data [AUTOMATION]. @28-10-2021 09:57:31.0929 AM
[ReportManager] Element Action [GetText] successfully performed. With the following test data [AUTOMATION]. @28-10-2021 09:57:32.0164 AM
[ReportManager] Loaded Shared OpenCV @28-10-2021 09:57:32.0465 AM
[ReportManager] Assertion [ValidateElementAttribute] PASSED. Expected [Value Should not be 'AutomaTion123' for the 'text' attribute, element locator 'By.name: q'] and Actual [AUTOMATION]. Comparison Type [CASE_INSENSITIVE]. Validation Type [NEGATIVE]. @28-10-2021 09:57:32.0760 AM
[ReportManager] Successfully created attachment [Screenshot - 1635415052464_assertElementAttribute_false_caseInsensitiveComparison_expectedToPass_ValidateElementAttribute_passed] @28-10-2021 09:57:32.0763 A
[ReportManager] Browser Action [CloseCurrentWindow] successfully performed. @28-10-2021 09:57:32.0956 AM
[ReportManager] Successfully created attachment [Browser Action Test Data - CloseCurrentWindow - Actual Value] @28-10-2021 09:57:32.0959 A
[ReportManager] File Action [GetAbsolutePath] successfully performed. With the following test data [Relative Folder Path: "target/downloadedFiles/"]. @28-10-2021 09:57:32.0966 AM
[ReportManager] Attempting to run remotely on: [Linux-64], [GoogleChrome], [http://localhost:4444/wd/hub], Headless Execution. @28-10-2021 09:57:32.0967 AM
[ReportManager] Successfully Opened [GoogleChrome]. @28-10-2021 09:57:35.0099 AM
[ReportManager] Target URL: [https://www.google.com/ncr], and after redirection: [www.google.com] @28-10-2021 09:57:35.0099 AM
[ReportManager] Initial URL: [data:,] @28-10-2021 09:57:35.0220 AM
[ReportManager] Browser Action [NavigateToURL] successfully performed. With the following test data [https://www.google.com/ncr]. @28-10-2021 09:57:36.0085 A

################################################################################################################################################
Starting Execution:	[11 out of 143] test cases in the current suite
Test Method:		[unitTests.tests_validations_assertions.assertElementAttribute_false_containsComparison_expectedToFail]
################################################################################################################################################
[ReportManager] Element Action [Type] successfully performed. With the following test data [Automation123]. @28-10-2021 09:57:36.0714 AM
[ReportManager] Element Action [GetText] successfully performed. With the following test data [Automation123]. @28-10-2021 09:57:36.0949 AM
[ReportManager] Loaded Shared OpenCV @28-10-2021 09:57:37.0285 AM
[ReportManager] Assertion [ValidateElementAttribute] FAILED. Expected [Value Should not be 'Automation' for the 'text' attribute, element locator 'By.name: q'] and Actual [Automation123]. Comparison Type [CONTAINS]. Validation Type [NEGATIVE]. @28-10-2021 09:57:37.0515 AM
[ReportManager] Successfully created attachment [Screenshot - 1635415057285_assertElementAttribute_false_containsComparison_expectedToFail_ValidateElementAttribute_failed] @28-10-2021 09:57:37.0517 A
[ReportManager] Browser Action [CloseCurrentWindow] successfully performed. @28-10-2021 09:57:37.0774 AM
[ReportManager] Successfully created attachment [Browser Action Test Data - CloseCurrentWindow - Actual Value] @28-10-2021 09:57:37.0776 A
[ReportManager] File Action [GetAbsolutePath] successfully performed. With the following test data [Relative Folder Path: "target/downloadedFiles/"]. @28-10-2021 09:57:37.0781 AM
[ReportManager] Attempting to run remotely on: [Linux-64], [GoogleChrome], [http://localhost:4444/wd/hub], Headless Execution. @28-10-2021 09:57:37.0781 AM
[ReportManager] Successfully Opened [GoogleChrome]. @28-10-2021 09:57:40.0084 AM
[ReportManager] Target URL: [https://www.google.com/ncr], and after redirection: [www.google.com] @28-10-2021 09:57:40.0087 AM
[ReportManager] Initial URL: [data:,] @28-10-2021 09:57:40.0187 AM
[ReportManager] Browser Action [NavigateToURL] successfully performed. With the following test data [https://www.google.com/ncr]. @28-10-2021 09:57:41.0073 A

################################################################################################################################################
Starting Execution:	[12 out of 143] test cases in the current suite
Test Method:		[unitTests.tests_validations_assertions.assertElementAttribute_false_containsComparison_expectedToPass]
################################################################################################################################################
[ReportManager] Element Action [Type] successfully performed. With the following test data [Automation123]. @28-10-2021 09:57:41.0790 AM
[ReportManager] Element Action [GetText] successfully performed. With the following test data [Automation123]. @28-10-2021 09:57:42.0010 AM
[ReportManager] Loaded Shared OpenCV @28-10-2021 09:57:42.0300 AM
[ReportManager] Assertion [ValidateElementAttribute] PASSED. Expected [Value Should not be 'Automation1234' for the 'text' attribute, element locator 'By.name: q'] and Actual [Automation123]. Comparison Type [CONTAINS]. Validation Type [NEGATIVE]. @28-10-2021 09:57:42.0511 AM
[ReportManager] Successfully created attachment [Screenshot - 1635415062300_assertElementAttribute_false_containsComparison_expectedToPass_ValidateElementAttribute_passed] @28-10-2021 09:57:42.0513 A
[ReportManager] Browser Action [CloseCurrentWindow] successfully performed. @28-10-2021 09:57:42.0698 AM
[ReportManager] Successfully created attachment [Browser Action Test Data - CloseCurrentWindow - Actual Value] @28-10-2021 09:57:42.0699 A
[ReportManager] File Action [GetAbsolutePath] successfully performed. With the following test data [Relative Folder Path: "target/downloadedFiles/"]. @28-10-2021 09:57:42.0704 AM
[ReportManager] Attempting to run remotely on: [Linux-64], [GoogleChrome], [http://localhost:4444/wd/hub], Headless Execution. @28-10-2021 09:57:42.0704 AM
[ReportManager] Successfully Opened [GoogleChrome]. @28-10-2021 09:57:45.0075 AM
[ReportManager] Target URL: [https://www.google.com/ncr], and after redirection: [www.google.com] @28-10-2021 09:57:45.0076 AM
[ReportManager] Initial URL: [data:,] @28-10-2021 09:57:45.0151 AM
[ReportManager] Browser Action [NavigateToURL] successfully performed. With the following test data [https://www.google.com/ncr]. @28-10-2021 09:57:45.0931 A

################################################################################################################################################
Starting Execution:	[13 out of 143] test cases in the current suite
Test Method:		[unitTests.tests_validations_assertions.assertElementAttribute_false_literalComparison_expectedToFail]
################################################################################################################################################
[ReportManager] Element Action [Type] successfully performed. With the following test data [Automation!@#$%^&*()_+{}[]\';/.,]. @28-10-2021 09:57:46.0510 AM
[ReportManager] Element Action [GetText] successfully performed. With the following test data [Automation!@#$%^&*()_+{}[]\';/.,]. @28-10-2021 09:57:46.0708 AM
[ReportManager] Loaded Shared OpenCV @28-10-2021 09:57:46.0984 AM
[ReportManager] Assertion [ValidateElementAttribute] PASSED. Expected [Value Should not be 'Automation!@#$%^&*()_+{}[]\\';/.,' for the 'text' attribute, element locator 'By.name: q'] and Actual [Automation!@#$%^&*()_+{}[]\';/.,]. Comparison Type [EQUALS]. Validation Type [NEGATIVE]. @28-10-2021 09:57:47.0178 AM
[ReportManager] Successfully created attachment [Screenshot - 1635415066983_assertElementAttribute_false_literalComparison_expectedToFail_ValidateElementAttribute_passed] @28-10-2021 09:57:47.0179 A
[ReportManager] Browser Action [CloseCurrentWindow] successfully performed. @28-10-2021 09:57:47.0315 AM
[ReportManager] Successfully created attachment [Browser Action Test Data - CloseCurrentWindow - Actual Value] @28-10-2021 09:57:47.0317 A
[ReportManager] File Action [GetAbsolutePath] successfully performed. With the following test data [Relative Folder Path: "target/downloadedFiles/"]. @28-10-2021 09:57:47.0320 AM
[ReportManager] Attempting to run remotely on: [Linux-64], [GoogleChrome], [http://localhost:4444/wd/hub], Headless Execution. @28-10-2021 09:57:47.0320 AM
[ReportManager] Successfully Opened [GoogleChrome]. @28-10-2021 09:57:50.0088 AM
[ReportManager] Target URL: [https://www.google.com/ncr], and after redirection: [www.google.com] @28-10-2021 09:57:50.0089 AM
[ReportManager] Initial URL: [data:,] @28-10-2021 09:57:50.0188 AM
[ReportManager] Browser Action [NavigateToURL] successfully performed. With the following test data [https://www.google.com/ncr]. @28-10-2021 09:57:50.0937 A

################################################################################################################################################
Starting Execution:	[14 out of 143] test cases in the current suite
Test Method:		[unitTests.tests_validations_assertions.assertElementAttribute_false_literalComparison_expectedToPass]
################################################################################################################################################
[ReportManager] Element Action [Type] successfully performed. With the following test data [Automation!@#$%^&*()_+{}[]\';/.,]. @28-10-2021 09:57:51.0526 AM
[ReportManager] Element Action [GetText] successfully performed. With the following test data [Automation!@#$%^&*()_+{}[]\';/.,]. @28-10-2021 09:57:51.0710 AM
[ReportManager] Loaded Shared OpenCV @28-10-2021 09:57:51.0954 AM
[ReportManager] Assertion [ValidateElementAttribute] PASSED. Expected [Value Should not be 'Automation' for the 'text' attribute, element locator 'By.name: q'] and Actual [Automation!@#$%^&*()_+{}[]\';/.,]. Comparison Type [EQUALS]. Validation Type [NEGATIVE]. @28-10-2021 09:57:52.0149 AM
[ReportManager] Successfully created attachment [Screenshot - 1635415071954_assertElementAttribute_false_literalComparison_expectedToPass_ValidateElementAttribute_passed] @28-10-2021 09:57:52.0150 A
[ReportManager] Browser Action [CloseCurrentWindow] successfully performed. @28-10-2021 09:57:52.0294 AM
[ReportManager] Successfully created attachment [Browser Action Test Data - CloseCurrentWindow - Actual Value] @28-10-2021 09:57:52.0295 A
[ReportManager] File Action [GetAbsolutePath] successfully performed. With the following test data [Relative Folder Path: "target/downloadedFiles/"]. @28-10-2021 09:57:52.0300 AM
[ReportManager] Attempting to run remotely on: [Linux-64], [GoogleChrome], [http://localhost:4444/wd/hub], Headless Execution. @28-10-2021 09:57:52.0300 AM
[ReportManager] Successfully Opened [GoogleChrome]. @28-10-2021 09:57:55.0098 AM
[ReportManager] Target URL: [https://www.google.com/ncr], and after redirection: [www.google.com] @28-10-2021 09:57:55.0098 AM
[ReportManager] Initial URL: [data:,] @28-10-2021 09:57:55.0165 AM
[ReportManager] Browser Action [NavigateToURL] successfully performed. With the following test data [https://www.google.com/ncr]. @28-10-2021 09:57:55.0887 A

################################################################################################################################################
Starting Execution:	[15 out of 143] test cases in the current suite
Test Method:		[unitTests.tests_validations_assertions.assertElementAttribute_false_regexComparison_expectedToFail]
################################################################################################################################################
[ReportManager] Element Action [Type] successfully performed. With the following test data [Automation123]. @28-10-2021 09:57:56.0364 AM
[ReportManager] Element Action [GetText] successfully performed. With the following test data [Automation123]. @28-10-2021 09:57:56.0549 AM
[ReportManager] Loaded Shared OpenCV @28-10-2021 09:57:56.0808 AM
[ReportManager] Assertion [ValidateElementAttribute] FAILED. Expected [Value Should not be 'Automation.*' for the 'text' attribute, element locator 'By.name: q'] and Actual [Automation123]. Comparison Type [MATCHES]. Validation Type [NEGATIVE]. @28-10-2021 09:57:56.0995 AM
[ReportManager] Successfully created attachment [Screenshot - 1635415076808_assertElementAttribute_false_regexComparison_expectedToFail_ValidateElementAttribute_failed] @28-10-2021 09:57:56.0996 A
[ReportManager] Browser Action [CloseCurrentWindow] successfully performed. @28-10-2021 09:57:57.0133 AM
[ReportManager] Successfully created attachment [Browser Action Test Data - CloseCurrentWindow - Actual Value] @28-10-2021 09:57:57.0134 A
[ReportManager] File Action [GetAbsolutePath] successfully performed. With the following test data [Relative Folder Path: "target/downloadedFiles/"]. @28-10-2021 09:57:57.0144 AM
[ReportManager] Attempting to run remotely on: [Linux-64], [GoogleChrome], [http://localhost:4444/wd/hub], Headless Execution. @28-10-2021 09:57:57.0144 AM
[ReportManager] Successfully Opened [GoogleChrome]. @28-10-2021 09:58:00.0059 AM
[ReportManager] Target URL: [https://www.google.com/ncr], and after redirection: [www.google.com] @28-10-2021 09:58:00.0059 AM
[ReportManager] Initial URL: [data:,] @28-10-2021 09:58:00.0130 AM
[ReportManager] Browser Action [NavigateToURL] successfully performed. With the following test data [https://www.google.com/ncr]. @28-10-2021 09:58:00.0870 A

################################################################################################################################################
Starting Execution:	[16 out of 143] test cases in the current suite
Test Method:		[unitTests.tests_validations_assertions.assertElementAttribute_false_regexComparison_expectedToPass]
################################################################################################################################################
[ReportManager] Element Action [Type] successfully performed. With the following test data [Automation123]. @28-10-2021 09:58:01.0393 AM
[ReportManager] Element Action [GetText] successfully performed. With the following test data [Automation123]. @28-10-2021 09:58:01.0537 AM
[ReportManager] Loaded Shared OpenCV @28-10-2021 09:58:01.0780 AM
[ReportManager] Assertion [ValidateElementAttribute] PASSED. Expected [Value Should not be 'Automation' for the 'text' attribute, element locator 'By.name: q'] and Actual [Automation123]. Comparison Type [MATCHES]. Validation Type [NEGATIVE]. @28-10-2021 09:58:01.0971 AM
[ReportManager] Successfully created attachment [Screenshot - 1635415081779_assertElementAttribute_false_regexComparison_expectedToPass_ValidateElementAttribute_passed] @28-10-2021 09:58:01.0972 A
[ReportManager] Browser Action [CloseCurrentWindow] successfully performed. @28-10-2021 09:58:02.0122 AM
[ReportManager] Successfully created attachment [Browser Action Test Data - CloseCurrentWindow - Actual Value] @28-10-2021 09:58:02.0123 A
[ReportManager] File Action [GetAbsolutePath] successfully performed. With the following test data [Relative Folder Path: "target/downloadedFiles/"]. @28-10-2021 09:58:02.0129 AM
[ReportManager] Attempting to run remotely on: [Linux-64], [GoogleChrome], [http://localhost:4444/wd/hub], Headless Execution. @28-10-2021 09:58:02.0129 AM
[ReportManager] Successfully Opened [GoogleChrome]. @28-10-2021 09:58:05.0067 AM
[ReportManager] Target URL: [https://www.google.com/ncr], and after redirection: [www.google.com] @28-10-2021 09:58:05.0067 AM
[ReportManager] Initial URL: [data:,] @28-10-2021 09:58:05.0148 AM
[ReportManager] Browser Action [NavigateToURL] successfully performed. With the following test data [https://www.google.com/ncr]. @28-10-2021 09:58:05.0886 A

################################################################################################################################################
Starting Execution:	[17 out of 143] test cases in the current suite
Test Method:		[unitTests.tests_validations_assertions.assertElementAttribute_true_caseInsensitiveComparison_expectedToFail]
################################################################################################################################################
[ReportManager] Element Action [Type] successfully performed. With the following test data [AUTOMATION]. @28-10-2021 09:58:06.0370 AM
[ReportManager] Element Action [GetText] successfully performed. With the following test data [AUTOMATION]. @28-10-2021 09:58:06.0537 AM
[ReportManager] Loaded Shared OpenCV @28-10-2021 09:58:06.0776 AM
[ReportManager] Assertion [ValidateElementAttribute] FAILED. Expected [Value Should be 'AutomaTion123' for the 'text' attribute, element locator 'By.name: q'] and Actual [AUTOMATION]. Comparison Type [CASE_INSENSITIVE]. Validation Type [POSITIVE]. @28-10-2021 09:58:06.0968 AM
[ReportManager] Successfully created attachment [Screenshot - 1635415086776_assertElementAttribute_true_caseInsensitiveComparison_expectedToFail_ValidateElementAttribute_failed] @28-10-2021 09:58:06.0970 A
[ReportManager] Browser Action [CloseCurrentWindow] successfully performed. @28-10-2021 09:58:07.0174 AM
[ReportManager] Successfully created attachment [Browser Action Test Data - CloseCurrentWindow - Actual Value] @28-10-2021 09:58:07.0175 A
[ReportManager] File Action [GetAbsolutePath] successfully performed. With the following test data [Relative Folder Path: "target/downloadedFiles/"]. @28-10-2021 09:58:07.0178 AM
[ReportManager] Attempting to run remotely on: [Linux-64], [GoogleChrome], [http://localhost:4444/wd/hub], Headless Execution. @28-10-2021 09:58:07.0178 AM
[ReportManager] Successfully Opened [GoogleChrome]. @28-10-2021 09:58:10.0099 AM
[ReportManager] Target URL: [https://www.google.com/ncr], and after redirection: [www.google.com] @28-10-2021 09:58:10.0099 AM
[ReportManager] Initial URL: [data:,] @28-10-2021 09:58:10.0172 AM
[ReportManager] Browser Action [NavigateToURL] successfully performed. With the following test data [https://www.google.com/ncr]. @28-10-2021 09:58:10.0887 A

################################################################################################################################################
Starting Execution:	[18 out of 143] test cases in the current suite
Test Method:		[unitTests.tests_validations_assertions.assertElementAttribute_true_caseInsensitiveComparison_expectedToPass]
################################################################################################################################################
[ReportManager] Element Action [Type] successfully performed. With the following test data [AUTOMATION]. @28-10-2021 09:58:11.0400 AM
[ReportManager] Element Action [GetText] successfully performed. With the following test data [AUTOMATION]. @28-10-2021 09:58:11.0532 AM
[ReportManager] Loaded Shared OpenCV @28-10-2021 09:58:11.0780 AM
[ReportManager] Assertion [ValidateElementAttribute] PASSED. Expected [Value Should be 'AutomaTion' for the 'text' attribute, element locator 'By.name: q'] and Actual [AUTOMATION]. Comparison Type [CASE_INSENSITIVE]. Validation Type [POSITIVE]. @28-10-2021 09:58:11.0981 AM
[ReportManager] Successfully created attachment [Screenshot - 1635415091780_assertElementAttribute_true_caseInsensitiveComparison_expectedToPass_ValidateElementAttribute_passed] @28-10-2021 09:58:11.0983 A
[ReportManager] Browser Action [CloseCurrentWindow] successfully performed. @28-10-2021 09:58:12.0151 AM
[ReportManager] Successfully created attachment [Browser Action Test Data - CloseCurrentWindow - Actual Value] @28-10-2021 09:58:12.0152 A
[ReportManager] File Action [GetAbsolutePath] successfully performed. With the following test data [Relative Folder Path: "target/downloadedFiles/"]. @28-10-2021 09:58:12.0161 AM
[ReportManager] Attempting to run remotely on: [Linux-64], [GoogleChrome], [http://localhost:4444/wd/hub], Headless Execution. @28-10-2021 09:58:12.0161 AM
[ReportManager] Successfully Opened [GoogleChrome]. @28-10-2021 09:58:15.0064 AM
[ReportManager] Target URL: [https://www.google.com/ncr], and after redirection: [www.google.com] @28-10-2021 09:58:15.0064 AM
[ReportManager] Initial URL: [data:,] @28-10-2021 09:58:15.0143 AM
[ReportManager] Browser Action [NavigateToURL] successfully performed. With the following test data [https://www.google.com/ncr]. @28-10-2021 09:58:15.0878 A

################################################################################################################################################
Starting Execution:	[19 out of 143] test cases in the current suite
Test Method:		[unitTests.tests_validations_assertions.assertElementAttribute_true_containsComparison_expectedToFail]
################################################################################################################################################
[ReportManager] Element Action [Type] successfully performed. With the following test data [Automation123]. @28-10-2021 09:58:16.0332 AM
[ReportManager] Element Action [GetText] successfully performed. With the following test data [Automation123]. @28-10-2021 09:58:16.0470 AM
[ReportManager] Loaded Shared OpenCV @28-10-2021 09:58:16.0722 AM
[ReportManager] Assertion [ValidateElementAttribute] FAILED. Expected [Value Should be 'Automation1234' for the 'text' attribute, element locator 'By.name: q'] and Actual [Automation123]. Comparison Type [CONTAINS]. Validation Type [POSITIVE]. @28-10-2021 09:58:16.0909 AM
[ReportManager] Successfully created attachment [Screenshot - 1635415096721_assertElementAttribute_true_containsComparison_expectedToFail_ValidateElementAttribute_failed] @28-10-2021 09:58:16.0910 A
[ReportManager] Browser Action [CloseCurrentWindow] successfully performed. @28-10-2021 09:58:17.0042 AM
[ReportManager] Successfully created attachment [Browser Action Test Data - CloseCurrentWindow - Actual Value] @28-10-2021 09:58:17.0043 A
[ReportManager] File Action [GetAbsolutePath] successfully performed. With the following test data [Relative Folder Path: "target/downloadedFiles/"]. @28-10-2021 09:58:17.0046 AM
[ReportManager] Attempting to run remotely on: [Linux-64], [GoogleChrome], [http://localhost:4444/wd/hub], Headless Execution. @28-10-2021 09:58:17.0046 AM
[ReportManager] Successfully Opened [GoogleChrome]. @28-10-2021 09:58:20.0082 AM
[ReportManager] Target URL: [https://www.google.com/ncr], and after redirection: [www.google.com] @28-10-2021 09:58:20.0082 AM
[ReportManager] Initial URL: [data:,] @28-10-2021 09:58:20.0154 AM
[ReportManager] Browser Action [NavigateToURL] successfully performed. With the following test data [https://www.google.com/ncr]. @28-10-2021 09:58:20.0865 A

################################################################################################################################################
Starting Execution:	[20 out of 143] test cases in the current suite
Test Method:		[unitTests.tests_validations_assertions.assertElementAttribute_true_containsComparison_expectedToPass]
################################################################################################################################################
[ReportManager] Element Action [Type] successfully performed. With the following test data [Automation123]. @28-10-2021 09:58:21.0463 AM
[ReportManager] Element Action [GetText] successfully performed. With the following test data [Automation123]. @28-10-2021 09:58:21.0598 AM
[ReportManager] Loaded Shared OpenCV @28-10-2021 09:58:21.0846 AM
[ReportManager] Assertion [ValidateElementAttribute] PASSED. Expected [Value Should be 'Automation' for the 'text' attribute, element locator 'By.name: q'] and Actual [Automation123]. Comparison Type [CONTAINS]. Validation Type [POSITIVE]. @28-10-2021 09:58:22.0054 AM
[ReportManager] Successfully created attachment [Screenshot - 1635415101846_assertElementAttribute_true_containsComparison_expectedToPass_ValidateElementAttribute_passed] @28-10-2021 09:58:22.0055 A
[ReportManager] Browser Action [CloseCurrentWindow] successfully performed. @28-10-2021 09:58:22.0208 AM
[ReportManager] Successfully created attachment [Browser Action Test Data - CloseCurrentWindow - Actual Value] @28-10-2021 09:58:22.0209 A
[ReportManager] File Action [GetAbsolutePath] successfully performed. With the following test data [Relative Folder Path: "target/downloadedFiles/"]. @28-10-2021 09:58:22.0215 AM
[ReportManager] Attempting to run remotely on: [Linux-64], [GoogleChrome], [http://localhost:4444/wd/hub], Headless Execution. @28-10-2021 09:58:22.0215 AM
[ReportManager] Successfully Opened [GoogleChrome]. @28-10-2021 09:58:25.0059 AM
[ReportManager] Target URL: [https://www.google.com/ncr], and after redirection: [www.google.com] @28-10-2021 09:58:25.0060 AM
[ReportManager] Initial URL: [data:,] @28-10-2021 09:58:25.0110 AM
[ReportManager] Browser Action [NavigateToURL] successfully performed. With the following test data [https://www.google.com/ncr]. @28-10-2021 09:58:25.0820 A

################################################################################################################################################
Starting Execution:	[21 out of 143] test cases in the current suite
Test Method:		[unitTests.tests_validations_assertions.assertElementAttribute_true_literalComparison_expectedToFail]
################################################################################################################################################
[ReportManager] Element Action [Type] successfully performed. With the following test data [Automation!@#$%^&*()_+{}[]\';/.,]. @28-10-2021 09:58:26.0314 AM
[ReportManager] Element Action [GetText] successfully performed. With the following test data [Automation!@#$%^&*()_+{}[]\';/.,]. @28-10-2021 09:58:26.0494 AM
[ReportManager] Loaded Shared OpenCV @28-10-2021 09:58:26.0732 AM
[ReportManager] Assertion [ValidateElementAttribute] FAILED. Expected [Value Should be 'Automation' for the 'text' attribute, element locator 'By.name: q'] and Actual [Automation!@#$%^&*()_+{}[]\';/.,]. Comparison Type [EQUALS]. Validation Type [POSITIVE]. @28-10-2021 09:58:26.0936 AM
[ReportManager] Successfully created attachment [Screenshot - 1635415106732_assertElementAttribute_true_literalComparison_expectedToFail_ValidateElementAttribute_failed] @28-10-2021 09:58:26.0937 A
[ReportManager] Browser Action [CloseCurrentWindow] successfully performed. @28-10-2021 09:58:27.0082 AM
[ReportManager] Successfully created attachment [Browser Action Test Data - CloseCurrentWindow - Actual Value] @28-10-2021 09:58:27.0083 A
[ReportManager] File Action [GetAbsolutePath] successfully performed. With the following test data [Relative Folder Path: "target/downloadedFiles/"]. @28-10-2021 09:58:27.0086 AM
[ReportManager] Attempting to run remotely on: [Linux-64], [GoogleChrome], [http://localhost:4444/wd/hub], Headless Execution. @28-10-2021 09:58:27.0086 AM
[ReportManager] Successfully Opened [GoogleChrome]. @28-10-2021 09:58:30.0071 AM
[ReportManager] Target URL: [https://www.google.com/ncr], and after redirection: [www.google.com] @28-10-2021 09:58:30.0071 AM
[ReportManager] Initial URL: [data:,] @28-10-2021 09:58:30.0131 AM
[ReportManager] Browser Action [NavigateToURL] successfully performed. With the following test data [https://www.google.com/ncr]. @28-10-2021 09:58:30.0884 A

################################################################################################################################################
Starting Execution:	[22 out of 143] test cases in the current suite
Test Method:		[unitTests.tests_validations_assertions.assertElementAttribute_true_literalComparison_expectedToPass]
################################################################################################################################################
[ReportManager] Element Action [Type] successfully performed. With the following test data [Automation!@#$%^&*()_+{}[]\';/.,]. @28-10-2021 09:58:31.0424 AM
[ReportManager] Element Action [GetText] successfully performed. With the following test data [Automation!@#$%^&*()_+{}[]\';/.,]. @28-10-2021 09:58:31.0592 AM
[ReportManager] Loaded Shared OpenCV @28-10-2021 09:58:31.0838 AM
[ReportManager] Assertion [ValidateElementAttribute] PASSED. Expected [Value Should be 'Automation!@#$%^&*()_+{}[]\';/.,' for the 'text' attribute, element locator 'By.name: q'] and Actual [Automation!@#$%^&*()_+{}[]\';/.,]. Comparison Type [EQUALS]. Validation Type [POSITIVE]. @28-10-2021 09:58:32.0029 AM
[ReportManager] Successfully created attachment [Screenshot - 1635415111838_assertElementAttribute_true_literalComparison_expectedToPass_ValidateElementAttribute_passed] @28-10-2021 09:58:32.0030 A
[ReportManager] Browser Action [CloseCurrentWindow] successfully performed. @28-10-2021 09:58:32.0167 AM
[ReportManager] Successfully created attachment [Browser Action Test Data - CloseCurrentWindow - Actual Value] @28-10-2021 09:58:32.0172 A
[ReportManager] File Action [GetAbsolutePath] successfully performed. With the following test data [Relative Folder Path: "target/downloadedFiles/"]. @28-10-2021 09:58:32.0175 AM
[ReportManager] Attempting to run remotely on: [Linux-64], [GoogleChrome], [http://localhost:4444/wd/hub], Headless Execution. @28-10-2021 09:58:32.0177 AM
[ReportManager] Successfully Opened [GoogleChrome]. @28-10-2021 09:58:35.0050 AM
[ReportManager] Target URL: [https://www.google.com/ncr], and after redirection: [www.google.com] @28-10-2021 09:58:35.0050 AM
[ReportManager] Initial URL: [data:,] @28-10-2021 09:58:35.0122 AM
[ReportManager] Browser Action [NavigateToURL] successfully performed. With the following test data [https://www.google.com/ncr]. @28-10-2021 09:58:35.0838 A

################################################################################################################################################
Starting Execution:	[23 out of 143] test cases in the current suite
Test Method:		[unitTests.tests_validations_assertions.assertElementAttribute_true_regexComparison_expectedToFail]
################################################################################################################################################
[ReportManager] Element Action [Type] successfully performed. With the following test data [Automation123]. @28-10-2021 09:58:36.0282 AM
[ReportManager] Element Action [GetText] successfully performed. With the following test data [Automation123]. @28-10-2021 09:58:36.0450 AM
[ReportManager] Loaded Shared OpenCV @28-10-2021 09:58:36.0655 AM
[ReportManager] Assertion [ValidateElementAttribute] FAILED. Expected [Value Should be 'Automation' for the 'text' attribute, element locator 'By.name: q'] and Actual [Automation123]. Comparison Type [MATCHES]. Validation Type [POSITIVE]. @28-10-2021 09:58:36.0841 AM
[ReportManager] Successfully created attachment [Screenshot - 1635415116655_assertElementAttribute_true_regexComparison_expectedToFail_ValidateElementAttribute_failed] @28-10-2021 09:58:36.0842 A
[ReportManager] Browser Action [CloseCurrentWindow] successfully performed. @28-10-2021 09:58:36.0983 AM
[ReportManager] Successfully created attachment [Browser Action Test Data - CloseCurrentWindow - Actual Value] @28-10-2021 09:58:36.0984 A
[ReportManager] File Action [GetAbsolutePath] successfully performed. With the following test data [Relative Folder Path: "target/downloadedFiles/"]. @28-10-2021 09:58:36.0988 AM
[ReportManager] Attempting to run remotely on: [Linux-64], [GoogleChrome], [http://localhost:4444/wd/hub], Headless Execution. @28-10-2021 09:58:36.0988 AM
[ReportManager] Successfully Opened [GoogleChrome]. @28-10-2021 09:58:40.0063 AM
[ReportManager] Target URL: [https://www.google.com/ncr], and after redirection: [www.google.com] @28-10-2021 09:58:40.0063 AM
[ReportManager] Initial URL: [data:,] @28-10-2021 09:58:40.0125 AM
[ReportManager] Browser Action [NavigateToURL] successfully performed. With the following test data [https://www.google.com/ncr]. @28-10-2021 09:58:40.0868 A

################################################################################################################################################
Starting Execution:	[24 out of 143] test cases in the current suite
Test Method:		[unitTests.tests_validations_assertions.assertElementAttribute_true_regexComparison_expectedToPass]
################################################################################################################################################
[ReportManager] Element Action [Type] successfully performed. With the following test data [Automation123]. @28-10-2021 09:58:41.0364 AM
[ReportManager] Element Action [GetText] successfully performed. With the following test data [Automation123]. @28-10-2021 09:58:41.0483 AM
[ReportManager] Loaded Shared OpenCV @28-10-2021 09:58:41.0725 AM
[ReportManager] Assertion [ValidateElementAttribute] PASSED. Expected [Value Should be 'Automation.*' for the 'text' attribute, element locator 'By.name: q'] and Actual [Automation123]. Comparison Type [MATCHES]. Validation Type [POSITIVE]. @28-10-2021 09:58:41.0908 AM
[ReportManager] Successfully created attachment [Screenshot - 1635415121725_assertElementAttribute_true_regexComparison_expectedToPass_ValidateElementAttribute_passed] @28-10-2021 09:58:41.0909 A
[ReportManager] Browser Action [CloseCurrentWindow] successfully performed. @28-10-2021 09:58:42.0042 AM
[ReportManager] Successfully created attachment [Browser Action Test Data - CloseCurrentWindow - Actual Value] @28-10-2021 09:58:42.0043 A
[ReportManager] File Action [GetAbsolutePath] successfully performed. With the following test data [Relative Folder Path: "target/downloadedFiles/"]. @28-10-2021 09:58:42.0045 AM
[ReportManager] Attempting to run remotely on: [Linux-64], [GoogleChrome], [http://localhost:4444/wd/hub], Headless Execution. @28-10-2021 09:58:42.0045 AM
[ReportManager] Successfully Opened [GoogleChrome]. @28-10-2021 09:58:45.0065 AM
[ReportManager] Target URL: [https://www.google.com/ncr], and after redirection: [www.google.com] @28-10-2021 09:58:45.0065 AM
[ReportManager] Initial URL: [data:,] @28-10-2021 09:58:45.0155 AM
[ReportManager] Browser Action [NavigateToURL] successfully performed. With the following test data [https://www.google.com/ncr]. @28-10-2021 09:58:45.0929 A

################################################################################################################################################
Starting Execution:	[25 out of 143] test cases in the current suite
Test Method:		[unitTests.tests_validations_assertions.assertElementAttribute_type_true_literalComparison_expectedToPass]
################################################################################################################################################
[ReportManager] Element Action [Type] successfully performed. With the following test data [Automation!@#$%^&*()_+{}[]\';/.,]. @28-10-2021 09:58:46.0435 AM
[ReportManager] Element Action [GetText] successfully performed. With the following test data [Automation!@#$%^&*()_+{}[]\';/.,]. @28-10-2021 09:58:46.0564 AM
[ReportManager] Loaded Shared OpenCV @28-10-2021 09:58:46.0830 AM
[ReportManager] Assertion [ValidateElementAttribute] PASSED. Expected [Value Should be 'Automation!@#$%^&*()_+{}[]\';/.,' for the 'text' attribute, element locator 'By.name: q'] and Actual [Automation!@#$%^&*()_+{}[]\';/.,]. Comparison Type [EQUALS]. Validation Type [POSITIVE]. @28-10-2021 09:58:47.0027 AM
[ReportManager] Successfully created attachment [Screenshot - 1635415126829_assertElementAttribute_type_true_literalComparison_expectedToPass_ValidateElementAttribute_passed] @28-10-2021 09:58:47.0029 A
[ReportManager] Browser Action [CloseCurrentWindow] successfully performed. @28-10-2021 09:58:47.0170 AM
[ReportManager] Successfully created attachment [Browser Action Test Data - CloseCurrentWindow - Actual Value] @28-10-2021 09:58:47.0171 A
[ReportManager] File Action [GetAbsolutePath] successfully performed. With the following test data [Relative Folder Path: "target/downloadedFiles/"]. @28-10-2021 09:58:47.0174 AM
[ReportManager] Attempting to run remotely on: [Linux-64], [GoogleChrome], [http://localhost:4444/wd/hub], Headless Execution. @28-10-2021 09:58:47.0174 AM
[ReportManager] Successfully Opened [GoogleChrome]. @28-10-2021 09:58:50.0070 AM
[ReportManager] Target URL: [https://www.google.com/ncr], and after redirection: [www.google.com] @28-10-2021 09:58:50.0070 AM
[ReportManager] Initial URL: [data:,] @28-10-2021 09:58:50.0157 AM
[ReportManager] Browser Action [NavigateToURL] successfully performed. With the following test data [https://www.google.com/ncr]. @28-10-2021 09:58:50.0913 A

################################################################################################################################################
Starting Execution:	[26 out of 143] test cases in the current suite
Test Method:		[unitTests.tests_validations_assertions.assertElementExists_false_expectedToFail]
################################################################################################################################################
[ReportManager] Assertion [ValidateElementExists] PASSED. Expected [Element Should not Exist, locator 'By.id: hplogo'] and Actual [Element Doesn't Exists]. Comparison Type [EQUALS]. Validation Type [NEGATIVE]. @28-10-2021 09:59:01.0539 AM
[ReportManager] Successfully created attachment [Screenshot - 1635415141320_assertElementExists_false_expectedToFail_ValidateElementExists_passed] @28-10-2021 09:59:01.0541 A
[ReportManager] Browser Action [CloseCurrentWindow] successfully performed. @28-10-2021 09:59:01.0656 AM
[ReportManager] Successfully created attachment [Browser Action Test Data - CloseCurrentWindow - Actual Value] @28-10-2021 09:59:01.0658 A
[ReportManager] File Action [GetAbsolutePath] successfully performed. With the following test data [Relative Folder Path: "target/downloadedFiles/"]. @28-10-2021 09:59:01.0675 AM
[ReportManager] Attempting to run remotely on: [Linux-64], [GoogleChrome], [http://localhost:4444/wd/hub], Headless Execution. @28-10-2021 09:59:01.0676 AM
[ReportManager] Successfully Opened [GoogleChrome]. @28-10-2021 09:59:05.0059 AM
[ReportManager] Target URL: [https://www.google.com/ncr], and after redirection: [www.google.com] @28-10-2021 09:59:05.0059 AM
[ReportManager] Initial URL: [data:,] @28-10-2021 09:59:05.0115 AM
[ReportManager] Browser Action [NavigateToURL] successfully performed. With the following test data [https://www.google.com/ncr]. @28-10-2021 09:59:05.0851 A

################################################################################################################################################
Starting Execution:	[27 out of 143] test cases in the current suite
Test Method:		[unitTests.tests_validations_assertions.assertElementExists_false_expectedToPass]
################################################################################################################################################
[ReportManager] Assertion [ValidateElementExists] PASSED. Expected [Element Should not Exist, locator 'By.id: fakeElement'] and Actual [Element Doesn't Exists]. Comparison Type [EQUALS]. Validation Type [NEGATIVE]. @28-10-2021 09:59:16.0389 AM
[ReportManager] Successfully created attachment [Screenshot - 1635415156235_assertElementExists_false_expectedToPass_ValidateElementExists_passed] @28-10-2021 09:59:16.0390 A
[ReportManager] Browser Action [CloseCurrentWindow] successfully performed. @28-10-2021 09:59:16.0515 AM
[ReportManager] Successfully created attachment [Browser Action Test Data - CloseCurrentWindow - Actual Value] @28-10-2021 09:59:16.0516 A
[ReportManager] File Action [GetAbsolutePath] successfully performed. With the following test data [Relative Folder Path: "target/downloadedFiles/"]. @28-10-2021 09:59:16.0518 AM
[ReportManager] Attempting to run remotely on: [Linux-64], [GoogleChrome], [http://localhost:4444/wd/hub], Headless Execution. @28-10-2021 09:59:16.0518 AM
[ReportManager] Successfully Opened [GoogleChrome]. @28-10-2021 09:59:20.0071 AM
[ReportManager] Target URL: [https://www.google.com/ncr], and after redirection: [www.google.com] @28-10-2021 09:59:20.0072 AM
[ReportManager] Initial URL: [data:,] @28-10-2021 09:59:20.0175 AM
[ReportManager] Browser Action [NavigateToURL] successfully performed. With the following test data [https://www.google.com/ncr]. @28-10-2021 09:59:22.0214 A

################################################################################################################################################
Starting Execution:	[28 out of 143] test cases in the current suite
Test Method:		[unitTests.tests_validations_assertions.assertElementExists_false_multipleElementsFound_expectedToFail]
################################################################################################################################################
[ReportManager] Assertion [ValidateElementExists] FAILED. Expected [Element Should not Exist, locator 'By.xpath: //div'] and Actual [Element Exists but is not unique]. Comparison Type [EQUALS]. Validation Type [NEGATIVE]. @28-10-2021 09:59:22.0716 AM
[ReportManager] Successfully created attachment [Screenshot - 1635415162558_assertElementExists_false_multipleElementsFound_expectedToFail_ValidateElementExists_failed] @28-10-2021 09:59:22.0717 A
[ReportManager] Browser Action [CloseCurrentWindow] successfully performed. @28-10-2021 09:59:22.0859 AM
[ReportManager] Successfully created attachment [Browser Action Test Data - CloseCurrentWindow - Actual Value] @28-10-2021 09:59:22.0860 A
[ReportManager] File Action [GetAbsolutePath] successfully performed. With the following test data [Relative Folder Path: "target/downloadedFiles/"]. @28-10-2021 09:59:22.0863 AM
[ReportManager] Attempting to run remotely on: [Linux-64], [GoogleChrome], [http://localhost:4444/wd/hub], Headless Execution. @28-10-2021 09:59:22.0863 AM
[ReportManager] Successfully Opened [GoogleChrome]. @28-10-2021 09:59:25.0071 AM
[ReportManager] Target URL: [https://www.google.com/ncr], and after redirection: [www.google.com] @28-10-2021 09:59:25.0071 AM
[ReportManager] Initial URL: [data:,] @28-10-2021 09:59:25.0138 AM
[ReportManager] Browser Action [NavigateToURL] successfully performed. With the following test data [https://www.google.com/ncr]. @28-10-2021 09:59:25.0807 A

################################################################################################################################################
Starting Execution:	[29 out of 143] test cases in the current suite
Test Method:		[unitTests.tests_validations_assertions.assertElementExists_true_expectedToFail]
################################################################################################################################################
[ReportManager] Assertion [ValidateElementExists] FAILED. Expected [Element Should Exist, locator 'By.id: fakeElement'] and Actual [Element Doesn't Exists]. Comparison Type [EQUALS]. Validation Type [POSITIVE]. @28-10-2021 09:59:56.0641 AM
[ReportManager] Successfully created attachment [Screenshot - 1635415196487_assertElementExists_true_expectedToFail_ValidateElementExists_failed] @28-10-2021 09:59:56.0642 A
[ReportManager] Browser Action [CloseCurrentWindow] successfully performed. @28-10-2021 09:59:56.0772 AM
[ReportManager] Successfully created attachment [Browser Action Test Data - CloseCurrentWindow - Actual Value] @28-10-2021 09:59:56.0773 A
[ReportManager] File Action [GetAbsolutePath] successfully performed. With the following test data [Relative Folder Path: "target/downloadedFiles/"]. @28-10-2021 09:59:56.0775 AM
[ReportManager] Attempting to run remotely on: [Linux-64], [GoogleChrome], [http://localhost:4444/wd/hub], Headless Execution. @28-10-2021 09:59:56.0775 AM
[ReportManager] Successfully Opened [GoogleChrome]. @28-10-2021 10:00:00.0074 AM
[ReportManager] Target URL: [https://www.google.com/ncr], and after redirection: [www.google.com] @28-10-2021 10:00:00.0074 AM
[ReportManager] Initial URL: [data:,] @28-10-2021 10:00:00.0133 AM
[ReportManager] Browser Action [NavigateToURL] successfully performed. With the following test data [https://www.google.com/ncr]. @28-10-2021 10:00:00.0867 A

################################################################################################################################################
Starting Execution:	[30 out of 143] test cases in the current suite
Test Method:		[unitTests.tests_validations_assertions.assertElementExists_true_expectedToPass]
################################################################################################################################################
[ReportManager] Loaded Shared OpenCV @28-10-2021 10:00:01.0182 AM
[ReportManager] Assertion [ValidateElementExists] PASSED. Expected [Element Should Exist, locator 'By.xpath: //*[@id='hplogo' or @alt='Google']'] and Actual [Element Exists]. Comparison Type [EQUALS]. Validation Type [POSITIVE]. @28-10-2021 10:00:01.0381 AM
[ReportManager] Successfully created attachment [Screenshot - 1635415201182_assertElementExists_true_expectedToPass_ValidateElementExists_passed] @28-10-2021 10:00:01.0382 A
[ReportManager] Browser Action [CloseCurrentWindow] successfully performed. @28-10-2021 10:00:01.0501 AM
[ReportManager] Successfully created attachment [Browser Action Test Data - CloseCurrentWindow - Actual Value] @28-10-2021 10:00:01.0502 A
[ReportManager] File Action [GetAbsolutePath] successfully performed. With the following test data [Relative Folder Path: "target/downloadedFiles/"]. @28-10-2021 10:00:01.0504 AM
[ReportManager] Attempting to run remotely on: [Linux-64], [GoogleChrome], [http://localhost:4444/wd/hub], Headless Execution. @28-10-2021 10:00:01.0504 AM
[ReportManager] Successfully Opened [GoogleChrome]. @28-10-2021 10:00:05.0061 AM
[ReportManager] Target URL: [https://www.google.com/ncr], and after redirection: [www.google.com] @28-10-2021 10:00:05.0061 AM
[ReportManager] Initial URL: [data:,] @28-10-2021 10:00:05.0157 AM
[ReportManager] Browser Action [NavigateToURL] successfully performed. With the following test data [https://www.google.com/ncr]. @28-10-2021 10:00:05.0850 A

################################################################################################################################################
Starting Execution:	[31 out of 143] test cases in the current suite
Test Method:		[unitTests.tests_validations_assertions.assertElementExists_true_multipleElementsFound_expectedToFail]
################################################################################################################################################
[ReportManager] Assertion [ValidateElementExists] FAILED. Expected [Element Should Exist, locator 'By.xpath: //div'] and Actual [Element Exists but is not unique]. Comparison Type [EQUALS]. Validation Type [POSITIVE]. @28-10-2021 10:00:06.0273 AM
[ReportManager] Successfully created attachment [Screenshot - 1635415206119_assertElementExists_true_multipleElementsFound_expectedToFail_ValidateElementExists_failed] @28-10-2021 10:00:06.0274 A
[ReportManager] Browser Action [CloseCurrentWindow] successfully performed. @28-10-2021 10:00:06.0400 AM
[ReportManager] Successfully created attachment [Browser Action Test Data - CloseCurrentWindow - Actual Value] @28-10-2021 10:00:06.0401 A

################################################################################################################################################
Starting Execution:	[32 out of 143] test cases in the current suite
Test Method:		[unitTests.tests_validations_assertions.assertEquals_false_expectedToFail]
################################################################################################################################################
[ReportManager] Assertion [ValidateEquals] FAILED. Expected [1] and Actual [1]. Comparison Type [EQUALS]. Validation Type [NEGATIVE]. @28-10-2021 10:00:06.0406 A

################################################################################################################################################
Starting Execution:	[33 out of 143] test cases in the current suite
Test Method:		[unitTests.tests_validations_assertions.assertEquals_false_expectedToPass]
################################################################################################################################################
[ReportManager] Assertion [ValidateEquals] PASSED. Expected [1] and Actual [2]. Comparison Type [EQUALS]. Validation Type [NEGATIVE]. @28-10-2021 10:00:06.0410 A

################################################################################################################################################
Starting Execution:	[34 out of 143] test cases in the current suite
Test Method:		[unitTests.tests_validations_assertions.assertEquals_longCharacters]
################################################################################################################################################
[ReportManager] Verification [ValidateEquals] PASSED. Expected and Actual values are attached. Comparison Type [EQUALS]. Validation Type [POSITIVE]. @28-10-2021 10:00:06.0416 AM
[ReportManager] Successfully created attachment [Validation Test Data - Expected Value] @28-10-2021 10:00:06.0416 AM
[ReportManager] Successfully created attachment [Validation Test Data - Actual Value] @28-10-2021 10:00:06.0416 AM
[ReportManager] Assertion [ValidateEquals] PASSED. Expected and Actual values are attached. Comparison Type [EQUALS]. Validation Type [POSITIVE]. @28-10-2021 10:00:06.0416 AM
[ReportManager] Successfully created attachment [Validation Test Data - Expected Value] @28-10-2021 10:00:06.0417 AM
[ReportManager] Successfully created attachment [Validation Test Data - Actual Value] @28-10-2021 10:00:06.0417 A

################################################################################################################################################
Starting Execution:	[35 out of 143] test cases in the current suite
Test Method:		[unitTests.tests_validations_assertions.assertEquals_longCharacters_Discreet]
################################################################################################################################################
[ReportManager] Assertion [ValidateEquals] PASSED. Expected [1LH5pROcDBjjQk0t0mCr0lXuzQu9lcGj28kY8R1H81X67eVAQJgWQhILiRWVPUgZ6uCtK5cnBkF55Jr9vYngjGO1Iyf0Mktv6lruDlL9T8MAUPcUZJGHZtji6nIeadujDSNmWMj5d6C8zlFqw0CRqBU0hO5adIasHgBSNoLotAjce3NGXoDwAlp3rYreeV16VIyZXROQY] and Actual [1LH5pROcDBjjQk0t0mCr0lXuzQu9lcGj28kY8R1H81X67eVAQJgWQhILiRWVPUgZ6uCtK5cnBkF55Jr9vYngjGO1Iyf0Mktv6lruDlL9T8MAUPcUZJGHZtji6nIeadujDSNmWMj5d6C8zlFqw0CRqBU0hO5adIasHgBSNoLotAjce3NGXoDwAlp3rYreeV16VIyZXROQY]. Comparison Type [EQUALS]. Validation Type [POSITIVE]. @28-10-2021 10:00:06.0419 A

################################################################################################################################################
Starting Execution:	[36 out of 143] test cases in the current suite
Test Method:		[unitTests.tests_validations_assertions.assertEquals_true_expectedToFail]
################################################################################################################################################
[ReportManager] Assertion [ValidateEquals] FAILED. Expected [1] and Actual [2]. Comparison Type [EQUALS]. Validation Type [POSITIVE]. @28-10-2021 10:00:06.0421 A

################################################################################################################################################
Starting Execution:	[37 out of 143] test cases in the current suite
Test Method:		[unitTests.tests_validations_assertions.assertEquals_true_expectedToPass]
Test Description:	[Assert that assertEquals works as expected when the two values are equal.]
################################################################################################################################################
[ReportManager] Verification [ValidateEquals] PASSED. Expected [1] and Actual [1]. Comparison Type [EQUALS]. Validation Type [POSITIVE]. @28-10-2021 10:00:06.0426 AM
[ReportManager] Assertion [ValidateEquals] PASSED. Expected [1] and Actual [1]. Comparison Type [EQUALS]. Validation Type [POSITIVE]. @28-10-2021 10:00:06.0427 A

################################################################################################################################################
Starting Execution:	[38 out of 143] test cases in the current suite
Test Method:		[unitTests.tests_validations_assertions.assertEquals_true_expectedToPass__]
################################################################################################################################################
[ReportManager] Assertion [ValidateEquals] PASSED. Expected [1] and Actual [1]. Comparison Type [EQUALS]. Validation Type [POSITIVE]. @28-10-2021 10:00:06.0429 A

################################################################################################################################################
Starting Execution:	[39 out of 143] test cases in the current suite
Test Method:		[unitTests.tests_validations_assertions.assertFileExists_false_expectedToFail]
################################################################################################################################################
[ReportManager] File Action [DoesFileExist] successfully performed. With the following test data [File Path: "src/main/java/com/shaft/gui/element/ElementActions.java"]. @28-10-2021 10:00:06.0431 AM
[ReportManager] Assertion [ValidateFileExists] FAILED. Expected [File 'src/main/java/com/shaft/gui/element/ElementActions.java' should not exist, after up to '1' retries] and Actual [File exists]. Validation Type [NEGATIVE]. @28-10-2021 10:00:06.0443 A

################################################################################################################################################
Starting Execution:	[40 out of 143] test cases in the current suite
Test Method:		[unitTests.tests_validations_assertions.assertFileExists_false_expectedToPass]
################################################################################################################################################
[ReportManager] File Action [DoesFileExist] successfully performed. With the following test data [File Path: "src/main/java/com/shaft/gui/element/ElementActions.java_fail"]. @28-10-2021 10:00:06.0946 AM
[ReportManager] Assertion [ValidateFileExists] PASSED. Expected [File 'src/main/java/com/shaft/gui/element/ElementActions.java_fail' should not exist, after up to '1' retries] and Actual [File does not exist]. Validation Type [NEGATIVE]. @28-10-2021 10:00:06.0947 A

################################################################################################################################################
Starting Execution:	[41 out of 143] test cases in the current suite
Test Method:		[unitTests.tests_validations_assertions.assertFileExists_true_expectedToFail]
################################################################################################################################################
[ReportManager] File Action [DoesFileExist] successfully performed. With the following test data [File Path: "src/main/java/com/shaft/gui/element/ElementActions.java_fail"]. @28-10-2021 10:00:07.0452 AM
[ReportManager] Assertion [ValidateFileExists] FAILED. Expected [File 'src/main/java/com/shaft/gui/element/ElementActions.java_fail' should exist, after up to '1' retries] and Actual [File does not exist]. Validation Type [POSITIVE]. @28-10-2021 10:00:07.0452 A

################################################################################################################################################
Starting Execution:	[42 out of 143] test cases in the current suite
Test Method:		[unitTests.tests_validations_assertions.assertFileExists_true_expectedToPass]
################################################################################################################################################
[ReportManager] File Action [DoesFileExist] successfully performed. With the following test data [File Path: "src/main/java/com/shaft/gui/element/ElementActions.java"]. @28-10-2021 10:00:07.0456 AM
[ReportManager] Assertion [ValidateFileExists] PASSED. Expected [File 'src/main/java/com/shaft/gui/element/ElementActions.java' should exist, after up to '1' retries] and Actual [File exists]. Validation Type [POSITIVE]. @28-10-2021 10:00:07.0456 A

################################################################################################################################################
Starting Execution:	[43 out of 143] test cases in the current suite
Test Method:		[unitTests.tests_validations_assertions.assertNull_false_expectedToFail]
################################################################################################################################################
[ReportManager] Assertion [ValidateNull] FAILED. Expected [NULL] and Actual [NULL]. Comparison Type [EQUALS]. Validation Type [NEGATIVE]. @28-10-2021 10:00:07.0459 A

################################################################################################################################################
Starting Execution:	[44 out of 143] test cases in the current suite
Test Method:		[unitTests.tests_validations_assertions.assertNull_false_expectedToPass]
################################################################################################################################################
[ReportManager] Assertion [ValidateNull] PASSED. Expected [NULL] and Actual [1]. Comparison Type [EQUALS]. Validation Type [NEGATIVE]. @28-10-2021 10:00:07.0461 A

################################################################################################################################################
Starting Execution:	[45 out of 143] test cases in the current suite
Test Method:		[unitTests.tests_validations_assertions.assertNull_true_expectedToFail]
################################################################################################################################################
[ReportManager] Assertion [ValidateNull] FAILED. Expected [NULL] and Actual [1]. Comparison Type [EQUALS]. Validation Type [POSITIVE]. @28-10-2021 10:00:07.0465 A

################################################################################################################################################
Starting Execution:	[46 out of 143] test cases in the current suite
Test Method:		[unitTests.tests_validations_assertions.assertNull_true_expectedToPass]
################################################################################################################################################
[ReportManager] Assertion [ValidateNull] PASSED. Expected [NULL] and Actual [NULL]. Comparison Type [EQUALS]. Validation Type [POSITIVE]. @28-10-2021 10:00:07.0467 A

################################################################################################################################################
Starting Execution:	[47 out of 143] test cases in the current suite
Test Method:		[unitTests.tests_restActions.getPostsAndAssertBodyForSpecificTitle]
################################################################################################################################################
[ReportManager] Response status code: [200], status line: [HTTP/1.1 200 OK] @28-10-2021 10:00:09.0503 AM
[ReportManager] Assertion Passed: Evaluating the actual response status code against the expected one... @28-10-2021 10:00:09.0503 AM
[ReportManager] Assertion [ValidateEquals] PASSED. Expected [200] and Actual [200]. Comparison Type [EQUALS]. Validation Type [POSITIVE]. @28-10-2021 10:00:09.0503 AM
[ReportManager] API Action [PerformRequest] successfully performed. With the following test data [Request Type: "GET" | Target Status Code: "200" | Service URL: "https://jsonplaceholder.typicode.com/posts" | Content Type: "*/*" | Response Time: "882ms"]. @28-10-2021 10:00:10.0623 AM
[ReportManager] Successfully created attachment [API Request - Specifications] @28-10-2021 10:00:10.0623 AM
[ReportManager] Successfully created attachment [API Response - JSON Body] @28-10-2021 10:00:10.0845 AM
[ReportManager] API Action [GetResponseJSONValueAsList] successfully performed. @28-10-2021 10:00:10.0874 AM
[ReportManager] API Action [GetResponseJSONValue] successfully performed. With the following test data [title]. @28-10-2021 10:00:10.0896 AM
[ReportManager] API Action [GetResponseJSONValue] successfully performed. With the following test data [title]. @28-10-2021 10:00:10.0917 AM
[ReportManager] API Action [GetResponseJSONValue] successfully performed. With the following test data [body]. @28-10-2021 10:00:10.0944 AM
[ReportManager] Assertion [ValidateEquals] PASSED. Expected [qui neque nisi nulla] and Actual [est rerum tempore vitae
sequi sint nihil reprehenderit dolor beatae ea dolores neque
fugiat blanditiis voluptate porro vel nihil molestiae ut reiciendis
qui aperiam non debitis possimus qui neque nisi nulla]. Comparison Type [CONTAINS]. Validation Type [POSITIVE]. @28-10-2021 10:00:10.0944 AM
[ReportManager] API Action [GetResponseJSONValue] successfully performed. With the following test data [title]. @28-10-2021 10:00:10.0958 AM
[ReportManager] API Action [GetResponseJSONValue] successfully performed. With the following test data [title]. @28-10-2021 10:00:10.0972 AM
[ReportManager] API Action [GetResponseJSONValue] successfully performed. With the following test data [title]. @28-10-2021 10:00:10.0988 AM
[ReportManager] API Action [GetResponseJSONValue] successfully performed. With the following test data [title]. @28-10-2021 10:00:11.0004 AM
[ReportManager] API Action [GetResponseJSONValue] successfully performed. With the following test data [title]. @28-10-2021 10:00:11.0019 AM
[ReportManager] API Action [GetResponseJSONValue] successfully performed. With the following test data [title]. @28-10-2021 10:00:11.0036 AM
[ReportManager] API Action [GetResponseJSONValue] successfully performed. With the following test data [title]. @28-10-2021 10:00:11.0052 AM
[ReportManager] API Action [GetResponseJSONValue] successfully performed. With the following test data [title]. @28-10-2021 10:00:11.0067 AM
[ReportManager] API Action [GetResponseJSONValue] successfully performed. With the following test data [title]. @28-10-2021 10:00:11.0082 AM
[ReportManager] API Action [GetResponseJSONValue] successfully performed. With the following test data [title]. @28-10-2021 10:00:11.0095 AM
[ReportManager] API Action [GetResponseJSONValue] successfully performed. With the following test data [title]. @28-10-2021 10:00:11.0114 AM
[ReportManager] API Action [GetResponseJSONValue] successfully performed. With the following test data [title]. @28-10-2021 10:00:11.0142 AM
[ReportManager] API Action [GetResponseJSONValue] successfully performed. With the following test data [title]. @28-10-2021 10:00:11.0154 AM
[ReportManager] API Action [GetResponseJSONValue] successfully performed. With the following test data [title]. @28-10-2021 10:00:11.0169 AM
[ReportManager] API Action [GetResponseJSONValue] successfully performed. With the following test data [title]. @28-10-2021 10:00:11.0188 AM
[ReportManager] API Action [GetResponseJSONValue] successfully performed. With the following test data [title]. @28-10-2021 10:00:11.0202 AM
[ReportManager] API Action [GetResponseJSONValue] successfully performed. With the following test data [title]. @28-10-2021 10:00:11.0214 AM
[ReportManager] API Action [GetResponseJSONValue] successfully performed. With the following test data [title]. @28-10-2021 10:00:11.0227 AM
[ReportManager] API Action [GetResponseJSONValue] successfully performed. With the following test data [title]. @28-10-2021 10:00:11.0237 AM
[ReportManager] API Action [GetResponseJSONValue] successfully performed. With the following test data [title]. @28-10-2021 10:00:11.0251 AM
[ReportManager] API Action [GetResponseJSONValue] successfully performed. With the following test data [title]. @28-10-2021 10:00:11.0263 AM
[ReportManager] API Action [GetResponseJSONValue] successfully performed. With the following test data [title]. @28-10-2021 10:00:11.0280 AM
[ReportManager] API Action [GetResponseJSONValue] successfully performed. With the following test data [title]. @28-10-2021 10:00:11.0289 AM
[ReportManager] API Action [GetResponseJSONValue] successfully performed. With the following test data [title]. @28-10-2021 10:00:11.0300 AM
[ReportManager] API Action [GetResponseJSONValue] successfully performed. With the following test data [title]. @28-10-2021 10:00:11.0314 AM
[ReportManager] API Action [GetResponseJSONValue] successfully performed. With the following test data [title]. @28-10-2021 10:00:11.0324 AM
[ReportManager] API Action [GetResponseJSONValue] successfully performed. With the following test data [title]. @28-10-2021 10:00:11.0338 AM
[ReportManager] API Action [GetResponseJSONValue] successfully performed. With the following test data [title]. @28-10-2021 10:00:11.0354 AM
[ReportManager] API Action [GetResponseJSONValue] successfully performed. With the following test data [title]. @28-10-2021 10:00:11.0363 AM
[ReportManager] API Action [GetResponseJSONValue] successfully performed. With the following test data [title]. @28-10-2021 10:00:11.0371 AM
[ReportManager] API Action [GetResponseJSONValue] successfully performed. With the following test data [title]. @28-10-2021 10:00:11.0380 AM
[ReportManager] API Action [GetResponseJSONValue] successfully performed. With the following test data [title]. @28-10-2021 10:00:11.0388 AM
[ReportManager] API Action [GetResponseJSONValue] successfully performed. With the following test data [title]. @28-10-2021 10:00:11.0396 AM
[ReportManager] API Action [GetResponseJSONValue] successfully performed. With the following test data [title]. @28-10-2021 10:00:11.0405 AM
[ReportManager] API Action [GetResponseJSONValue] successfully performed. With the following test data [title]. @28-10-2021 10:00:11.0412 AM
[ReportManager] API Action [GetResponseJSONValue] successfully performed. With the following test data [title]. @28-10-2021 10:00:11.0420 AM
[ReportManager] API Action [GetResponseJSONValue] successfully performed. With the following test data [title]. @28-10-2021 10:00:11.0428 AM
[ReportManager] API Action [GetResponseJSONValue] successfully performed. With the following test data [title]. @28-10-2021 10:00:11.0436 AM
[ReportManager] API Action [GetResponseJSONValue] successfully performed. With the following test data [title]. @28-10-2021 10:00:11.0445 AM
[ReportManager] API Action [GetResponseJSONValue] successfully performed. With the following test data [title]. @28-10-2021 10:00:11.0453 AM
[ReportManager] API Action [GetResponseJSONValue] successfully performed. With the following test data [title]. @28-10-2021 10:00:11.0460 AM
[ReportManager] API Action [GetResponseJSONValue] successfully performed. With the following test data [title]. @28-10-2021 10:00:11.0468 AM
[ReportManager] API Action [GetResponseJSONValue] successfully performed. With the following test data [title]. @28-10-2021 10:00:11.0475 AM
[ReportManager] API Action [GetResponseJSONValue] successfully performed. With the following test data [title]. @28-10-2021 10:00:11.0483 AM
[ReportManager] API Action [GetResponseJSONValue] successfully performed. With the following test data [title]. @28-10-2021 10:00:11.0491 AM
[ReportManager] API Action [GetResponseJSONValue] successfully performed. With the following test data [title]. @28-10-2021 10:00:11.0498 AM
[ReportManager] API Action [GetResponseJSONValue] successfully performed. With the following test data [title]. @28-10-2021 10:00:11.0505 AM
[ReportManager] API Action [GetResponseJSONValue] successfully performed. With the following test data [title]. @28-10-2021 10:00:11.0513 AM
[ReportManager] API Action [GetResponseJSONValue] successfully performed. With the following test data [title]. @28-10-2021 10:00:11.0520 AM
[ReportManager] API Action [GetResponseJSONValue] successfully performed. With the following test data [title]. @28-10-2021 10:00:11.0528 AM
[ReportManager] API Action [GetResponseJSONValue] successfully performed. With the following test data [title]. @28-10-2021 10:00:11.0535 AM
[ReportManager] API Action [GetResponseJSONValue] successfully performed. With the following test data [title]. @28-10-2021 10:00:11.0543 AM
[ReportManager] API Action [GetResponseJSONValue] successfully performed. With the following test data [title]. @28-10-2021 10:00:11.0550 AM
[ReportManager] API Action [GetResponseJSONValue] successfully performed. With the following test data [title]. @28-10-2021 10:00:11.0558 AM
[ReportManager] API Action [GetResponseJSONValue] successfully performed. With the following test data [title]. @28-10-2021 10:00:11.0566 AM
[ReportManager] API Action [GetResponseJSONValue] successfully performed. With the following test data [title]. @28-10-2021 10:00:11.0573 AM
[ReportManager] API Action [GetResponseJSONValue] successfully performed. With the following test data [title]. @28-10-2021 10:00:11.0580 AM
[ReportManager] API Action [GetResponseJSONValue] successfully performed. With the following test data [title]. @28-10-2021 10:00:11.0588 AM
[ReportManager] API Action [GetResponseJSONValue] successfully performed. With the following test data [title]. @28-10-2021 10:00:11.0595 AM
[ReportManager] API Action [GetResponseJSONValue] successfully performed. With the following test data [title]. @28-10-2021 10:00:11.0618 AM
[ReportManager] API Action [GetResponseJSONValue] successfully performed. With the following test data [title]. @28-10-2021 10:00:11.0627 AM
[ReportManager] API Action [GetResponseJSONValue] successfully performed. With the following test data [title]. @28-10-2021 10:00:11.0635 AM
[ReportManager] API Action [GetResponseJSONValue] successfully performed. With the following test data [title]. @28-10-2021 10:00:11.0643 AM
[ReportManager] API Action [GetResponseJSONValue] successfully performed. With the following test data [title]. @28-10-2021 10:00:11.0651 AM
[ReportManager] API Action [GetResponseJSONValue] successfully performed. With the following test data [title]. @28-10-2021 10:00:11.0660 AM
[ReportManager] API Action [GetResponseJSONValue] successfully performed. With the following test data [title]. @28-10-2021 10:00:11.0667 AM
[ReportManager] API Action [GetResponseJSONValue] successfully performed. With the following test data [title]. @28-10-2021 10:00:11.0675 AM
[ReportManager] API Action [GetResponseJSONValue] successfully performed. With the following test data [title]. @28-10-2021 10:00:11.0683 AM
[ReportManager] API Action [GetResponseJSONValue] successfully performed. With the following test data [title]. @28-10-2021 10:00:11.0690 AM
[ReportManager] API Action [GetResponseJSONValue] successfully performed. With the following test data [title]. @28-10-2021 10:00:11.0697 AM
[ReportManager] API Action [GetResponseJSONValue] successfully performed. With the following test data [title]. @28-10-2021 10:00:11.0704 AM
[ReportManager] API Action [GetResponseJSONValue] successfully performed. With the following test data [title]. @28-10-2021 10:00:11.0711 AM
[ReportManager] API Action [GetResponseJSONValue] successfully performed. With the following test data [title]. @28-10-2021 10:00:11.0719 AM
[ReportManager] API Action [GetResponseJSONValue] successfully performed. With the following test data [title]. @28-10-2021 10:00:11.0727 AM
[ReportManager] API Action [GetResponseJSONValue] successfully performed. With the following test data [title]. @28-10-2021 10:00:11.0734 AM
[ReportManager] API Action [GetResponseJSONValue] successfully performed. With the following test data [title]. @28-10-2021 10:00:11.0741 AM
[ReportManager] API Action [GetResponseJSONValue] successfully performed. With the following test data [title]. @28-10-2021 10:00:11.0748 AM
[ReportManager] API Action [GetResponseJSONValue] successfully performed. With the following test data [title]. @28-10-2021 10:00:11.0755 AM
[ReportManager] API Action [GetResponseJSONValue] successfully performed. With the following test data [title]. @28-10-2021 10:00:11.0763 AM
[ReportManager] API Action [GetResponseJSONValue] successfully performed. With the following test data [title]. @28-10-2021 10:00:11.0770 AM
[ReportManager] API Action [GetResponseJSONValue] successfully performed. With the following test data [title]. @28-10-2021 10:00:11.0777 AM
[ReportManager] API Action [GetResponseJSONValue] successfully performed. With the following test data [title]. @28-10-2021 10:00:11.0785 AM
[ReportManager] API Action [GetResponseJSONValue] successfully performed. With the following test data [title]. @28-10-2021 10:00:11.0792 AM
[ReportManager] API Action [GetResponseJSONValue] successfully performed. With the following test data [title]. @28-10-2021 10:00:11.0799 AM
[ReportManager] API Action [GetResponseJSONValue] successfully performed. With the following test data [title]. @28-10-2021 10:00:11.0807 AM
[ReportManager] API Action [GetResponseJSONValue] successfully performed. With the following test data [title]. @28-10-2021 10:00:11.0815 AM
[ReportManager] API Action [GetResponseJSONValue] successfully performed. With the following test data [title]. @28-10-2021 10:00:11.0823 AM
[ReportManager] API Action [GetResponseJSONValue] successfully performed. With the following test data [title]. @28-10-2021 10:00:11.0831 AM
[ReportManager] API Action [GetResponseJSONValue] successfully performed. With the following test data [title]. @28-10-2021 10:00:11.0839 AM
[ReportManager] API Action [GetResponseJSONValue] successfully performed. With the following test data [title]. @28-10-2021 10:00:11.0847 AM
[ReportManager] API Action [GetResponseJSONValue] successfully performed. With the following test data [title]. @28-10-2021 10:00:11.0855 AM
[ReportManager] API Action [GetResponseJSONValue] successfully performed. With the following test data [title]. @28-10-2021 10:00:11.0864 AM
[ReportManager] API Action [GetResponseJSONValue] successfully performed. With the following test data [title]. @28-10-2021 10:00:11.0872 AM
[ReportManager] API Action [GetResponseJSONValue] successfully performed. With the following test data [title]. @28-10-2021 10:00:11.0880 AM
[ReportManager] API Action [GetResponseJSONValue] successfully performed. With the following test data [title]. @28-10-2021 10:00:11.0887 AM
[ReportManager] API Action [GetResponseJSONValue] successfully performed. With the following test data [title]. @28-10-2021 10:00:11.0895 AM
[ReportManager] API Action [GetResponseJSONValue] successfully performed. With the following test data [title]. @28-10-2021 10:00:11.0902 AM
[ReportManager] API Action [GetResponseJSONValue] successfully performed. With the following test data [title]. @28-10-2021 10:00:11.0910 A

################################################################################################################################################
Starting Execution:	[48 out of 143] test cases in the current suite
Test Method:		[unitTests.tests_restActions.validateUserEmail]
################################################################################################################################################
[ReportManager] Response status code: [200], status line: [HTTP/1.1 200 OK] @28-10-2021 10:00:12.0043 AM
[ReportManager] Assertion Passed: Evaluating the actual response status code against the expected one... @28-10-2021 10:00:12.0044 AM
[ReportManager] Assertion [ValidateEquals] PASSED. Expected [200] and Actual [200]. Comparison Type [EQUALS]. Validation Type [POSITIVE]. @28-10-2021 10:00:12.0044 AM
[ReportManager] API Action [PerformRequest] successfully performed. With the following test data [Request Type: "GET" | Target Status Code: "200" | Service URL: "https://jsonplaceholder.typicode.com/users" | Content Type: "*/*" | Response Time: "117ms"]. @28-10-2021 10:00:12.0060 AM
[ReportManager] Successfully created attachment [API Request - Specifications] @28-10-2021 10:00:12.0061 AM
[ReportManager] Successfully created attachment [API Response - JSON Body] @28-10-2021 10:00:12.0061 AM
[ReportManager] Assertion [ValidateEquals] PASSED. Expected and Actual values are attached. Comparison Type [CONTAINS]. Validation Type [POSITIVE]. @28-10-2021 10:00:12.0061 AM
[ReportManager] Successfully created attachment [Validation Test Data - Expected Value] @28-10-2021 10:00:12.0062 AM
[ReportManager] Successfully created attachment [Validation Test Data - Actual Value] @28-10-2021 10:00:12.0062 AM
[ReportManager] API Action [GetResponseJSONValueAsList] successfully performed. With the following test data [$]. @28-10-2021 10:00:12.0065 AM
[ReportManager] API Action [GetResponseJSONValue] successfully performed. With the following test data [name]. @28-10-2021 10:00:12.0075 AM
[ReportManager] API Action [GetResponseJSONValue] successfully performed. With the following test data [email]. @28-10-2021 10:00:12.0084 AM
[ReportManager] Assertion [ValidateEquals] PASSED. Expected [Sincere@april.biz] and Actual [Sincere@april.biz]. Comparison Type [EQUALS]. Validation Type [POSITIVE]. @28-10-2021 10:00:12.0084 AM
[ReportManager] API Action [GetResponseJSONValue] successfully performed. With the following test data [name]. @28-10-2021 10:00:12.0093 AM
[ReportManager] API Action [GetResponseJSONValue] successfully performed. With the following test data [name]. @28-10-2021 10:00:12.0102 AM
[ReportManager] API Action [GetResponseJSONValue] successfully performed. With the following test data [name]. @28-10-2021 10:00:12.0110 AM
[ReportManager] API Action [GetResponseJSONValue] successfully performed. With the following test data [name]. @28-10-2021 10:00:12.0118 AM
[ReportManager] API Action [GetResponseJSONValue] successfully performed. With the following test data [name]. @28-10-2021 10:00:12.0127 AM
[ReportManager] API Action [GetResponseJSONValue] successfully performed. With the following test data [name]. @28-10-2021 10:00:12.0135 AM
[ReportManager] API Action [GetResponseJSONValue] successfully performed. With the following test data [name]. @28-10-2021 10:00:12.0142 AM
[ReportManager] API Action [GetResponseJSONValue] successfully performed. With the following test data [name]. @28-10-2021 10:00:12.0151 AM
[ReportManager] API Action [GetResponseJSONValue] successfully performed. With the following test data [name]. @28-10-2021 10:00:12.0159 A
[ReportManager] File Action [GetAbsolutePath] successfully performed. With the following test data [Relative Folder Path: "target/downloadedFiles/"]. @28-10-2021 10:00:12.0163 AM
[ReportManager] Attempting to run remotely on: [Linux-64], [GoogleChrome], [http://localhost:4444/wd/hub], Headless Execution. @28-10-2021 10:00:12.0163 AM
[ReportManager] Successfully Opened [GoogleChrome]. @28-10-2021 10:00:15.0130 AM
[ReportManager] Target URL: [https://duckduckgo.com] @28-10-2021 10:00:15.0130 AM
[ReportManager] Initial URL: [data:,] @28-10-2021 10:00:15.0192 AM
[ReportManager] Browser Action [NavigateToURL] successfully performed. With the following test data [https://duckduckgo.com]. @28-10-2021 10:00:15.0931 A

################################################################################################################################################
Starting Execution:	[49 out of 143] test cases in the current suite
Test Method:		[unitTests.tests_browserActions.fullScreenWindow]
################################################################################################################################################
[ReportManager] Initial Windows Size: 1920x1080 @28-10-2021 10:00:15.0965 AM
[ReportManager] Initial window size: (1920, 1080) @28-10-2021 10:00:15.0974 AM
[ReportManager] Window size after Toolkit: (1920, 1080) @28-10-2021 10:00:16.0209 AM
[ReportManager] Browser Action [MaximizeWindow] successfully performed. With the following test data [New screen size is now: (1920, 1080)]. @28-10-2021 10:00:16.0214 AM
[ReportManager] Current Windows Size after fullScreen: 1920x1080 @28-10-2021 10:00:16.0229 AM
[ReportManager] Browser Action [FullScreenWindow] successfully performed. @28-10-2021 10:00:16.0248 AM
[ReportManager] Successfully created attachment [Browser Action Test Data - FullScreenWindow - Actual Value] @28-10-2021 10:00:16.0250 A
[ReportManager] Target URL: [https://duckduckgo.com] @28-10-2021 10:00:16.0252 AM
[ReportManager] Initial URL: [https://duckduckgo.com] @28-10-2021 10:00:16.0331 AM
[ReportManager] Browser Action [NavigateToURL] successfully performed. With the following test data [https://duckduckgo.com]. @28-10-2021 10:00:16.0690 AM
[ReportManager] Browser Action [CloseCurrentWindow] successfully performed. @28-10-2021 10:00:16.0832 AM
[ReportManager] Successfully created attachment [Browser Action Test Data - CloseCurrentWindow - Actual Value] @28-10-2021 10:00:16.0838 A
[ReportManager] File Action [GetAbsolutePath] successfully performed. With the following test data [Relative Folder Path: "target/downloadedFiles/"]. @28-10-2021 10:00:16.0840 AM
[ReportManager] Attempting to run remotely on: [Linux-64], [GoogleChrome], [http://localhost:4444/wd/hub], Headless Execution. @28-10-2021 10:00:16.0840 AM
[ReportManager] Successfully Opened [GoogleChrome]. @28-10-2021 10:00:20.0067 AM
[ReportManager] Target URL: [https://duckduckgo.com] @28-10-2021 10:00:20.0068 AM
[ReportManager] Initial URL: [data:,] @28-10-2021 10:00:20.0147 AM
[ReportManager] Browser Action [NavigateToURL] successfully performed. With the following test data [https://duckduckgo.com]. @28-10-2021 10:00:20.0878 A

################################################################################################################################################
Starting Execution:	[50 out of 143] test cases in the current suite
Test Method:		[unitTests.tests_browserActions.getCurrentURL]
################################################################################################################################################
[ReportManager] Browser Action [GetCurrentURL] successfully performed. With the following test data [https://duckduckgo.com/]. @28-10-2021 10:00:20.0915 A
[ReportManager] Target URL: [https://duckduckgo.com] @28-10-2021 10:00:20.0917 AM
[ReportManager] Initial URL: [https://duckduckgo.com] @28-10-2021 10:00:21.0016 AM
[ReportManager] Browser Action [NavigateToURL] successfully performed. With the following test data [https://duckduckgo.com]. @28-10-2021 10:00:21.0370 AM
[ReportManager] Browser Action [CloseCurrentWindow] successfully performed. @28-10-2021 10:00:21.0518 AM
[ReportManager] Successfully created attachment [Browser Action Test Data - CloseCurrentWindow - Actual Value] @28-10-2021 10:00:21.0519 A
[ReportManager] File Action [GetAbsolutePath] successfully performed. With the following test data [Relative Folder Path: "target/downloadedFiles/"]. @28-10-2021 10:00:21.0521 AM
[ReportManager] Attempting to run remotely on: [Linux-64], [GoogleChrome], [http://localhost:4444/wd/hub], Headless Execution. @28-10-2021 10:00:21.0521 AM
[ReportManager] Successfully Opened [GoogleChrome]. @28-10-2021 10:00:25.0075 AM
[ReportManager] Target URL: [https://duckduckgo.com] @28-10-2021 10:00:25.0075 AM
[ReportManager] Initial URL: [data:,] @28-10-2021 10:00:25.0132 AM
[ReportManager] Browser Action [NavigateToURL] successfully performed. With the following test data [https://duckduckgo.com]. @28-10-2021 10:00:25.0753 A

################################################################################################################################################
Starting Execution:	[51 out of 143] test cases in the current suite
Test Method:		[unitTests.tests_browserActions.getCurrentWindowTitle]
################################################################################################################################################
[ReportManager] Browser Action [GetCurrentWindowTitle] successfully performed. With the following test data [DuckDuckGo  Privacy, simplified.]. @28-10-2021 10:00:25.0795 A
[ReportManager] Target URL: [https://duckduckgo.com] @28-10-2021 10:00:25.0802 AM
[ReportManager] Initial URL: [https://duckduckgo.com] @28-10-2021 10:00:25.0877 AM
[ReportManager] Browser Action [NavigateToURL] successfully performed. With the following test data [https://duckduckgo.com]. @28-10-2021 10:00:26.0212 AM
[ReportManager] Browser Action [CloseCurrentWindow] successfully performed. @28-10-2021 10:00:26.0333 AM
[ReportManager] Successfully created attachment [Browser Action Test Data - CloseCurrentWindow - Actual Value] @28-10-2021 10:00:26.0343 A
[ReportManager] File Action [GetAbsolutePath] successfully performed. With the following test data [Relative Folder Path: "target/downloadedFiles/"]. @28-10-2021 10:00:26.0346 AM
[ReportManager] Attempting to run remotely on: [Linux-64], [GoogleChrome], [http://localhost:4444/wd/hub], Headless Execution. @28-10-2021 10:00:26.0346 AM
[ReportManager] Successfully Opened [GoogleChrome]. @28-10-2021 10:00:30.0158 AM
[ReportManager] Target URL: [https://duckduckgo.com] @28-10-2021 10:00:30.0158 AM
[ReportManager] Initial URL: [data:,] @28-10-2021 10:00:30.0245 AM
[ReportManager] Browser Action [NavigateToURL] successfully performed. With the following test data [https://duckduckgo.com]. @28-10-2021 10:00:30.0859 A

################################################################################################################################################
Starting Execution:	[52 out of 143] test cases in the current suite
Test Method:		[unitTests.tests_browserActions.getPageSource]
################################################################################################################################################
[ReportManager] Browser Action [GetPageSource] successfully performed. @28-10-2021 10:00:30.0907 AM
[ReportManager] Successfully created attachment [Browser Action Test Data - GetPageSource - Actual Value] @28-10-2021 10:00:30.0907 A
[ReportManager] Target URL: [https://duckduckgo.com] @28-10-2021 10:00:30.0909 AM
[ReportManager] Initial URL: [https://duckduckgo.com] @28-10-2021 10:00:30.0964 AM
[ReportManager] Browser Action [NavigateToURL] successfully performed. With the following test data [https://duckduckgo.com]. @28-10-2021 10:00:31.0296 AM
[ReportManager] Browser Action [CloseCurrentWindow] successfully performed. @28-10-2021 10:00:31.0418 AM
[ReportManager] Successfully created attachment [Browser Action Test Data - CloseCurrentWindow - Actual Value] @28-10-2021 10:00:31.0419 A
[ReportManager] File Action [GetAbsolutePath] successfully performed. With the following test data [Relative Folder Path: "target/downloadedFiles/"]. @28-10-2021 10:00:31.0422 AM
[ReportManager] Attempting to run remotely on: [Linux-64], [GoogleChrome], [http://localhost:4444/wd/hub], Headless Execution. @28-10-2021 10:00:31.0422 AM
[ReportManager] Successfully Opened [GoogleChrome]. @28-10-2021 10:00:35.0071 AM
[ReportManager] Target URL: [https://duckduckgo.com] @28-10-2021 10:00:35.0071 AM
[ReportManager] Initial URL: [data:,] @28-10-2021 10:00:35.0120 AM
[ReportManager] Browser Action [NavigateToURL] successfully performed. With the following test data [https://duckduckgo.com]. @28-10-2021 10:00:35.0850 A

################################################################################################################################################
Starting Execution:	[53 out of 143] test cases in the current suite
Test Method:		[unitTests.tests_browserActions.getWindowHandle]
################################################################################################################################################
[ReportManager] Browser Action [GetWindowHandle] successfully performed. With the following test data [CDwindow-9BC905C848B6DE73C6271F05AD9DC671]. @28-10-2021 10:00:35.0892 A
[ReportManager] Target URL: [https://duckduckgo.com] @28-10-2021 10:00:35.0895 AM
[ReportManager] Initial URL: [https://duckduckgo.com] @28-10-2021 10:00:36.0000 AM
[ReportManager] Browser Action [NavigateToURL] successfully performed. With the following test data [https://duckduckgo.com]. @28-10-2021 10:00:36.0439 AM
[ReportManager] Browser Action [CloseCurrentWindow] successfully performed. @28-10-2021 10:00:36.0559 AM
[ReportManager] Successfully created attachment [Browser Action Test Data - CloseCurrentWindow - Actual Value] @28-10-2021 10:00:36.0559 A
[ReportManager] File Action [GetAbsolutePath] successfully performed. With the following test data [Relative Folder Path: "target/downloadedFiles/"]. @28-10-2021 10:00:36.0562 AM
[ReportManager] Attempting to run remotely on: [Linux-64], [GoogleChrome], [http://localhost:4444/wd/hub], Headless Execution. @28-10-2021 10:00:36.0563 AM
[ReportManager] Successfully Opened [GoogleChrome]. @28-10-2021 10:00:40.0060 AM
[ReportManager] Target URL: [https://duckduckgo.com] @28-10-2021 10:00:40.0060 AM
[ReportManager] Initial URL: [data:,] @28-10-2021 10:00:40.0169 AM
[ReportManager] Browser Action [NavigateToURL] successfully performed. With the following test data [https://duckduckgo.com]. @28-10-2021 10:00:40.0900 A

################################################################################################################################################
Starting Execution:	[54 out of 143] test cases in the current suite
Test Method:		[unitTests.tests_browserActions.getWindowPosition]
################################################################################################################################################
[ReportManager] Browser Action [GetWindowPosition] successfully performed. With the following test data [(0, 0)]. @28-10-2021 10:00:40.0951 A
[ReportManager] Target URL: [https://duckduckgo.com] @28-10-2021 10:00:40.0954 AM
[ReportManager] Initial URL: [https://duckduckgo.com] @28-10-2021 10:00:41.0015 AM
[ReportManager] Browser Action [NavigateToURL] successfully performed. With the following test data [https://duckduckgo.com]. @28-10-2021 10:00:41.0347 AM
[ReportManager] Browser Action [CloseCurrentWindow] successfully performed. @28-10-2021 10:00:41.0516 AM
[ReportManager] Successfully created attachment [Browser Action Test Data - CloseCurrentWindow - Actual Value] @28-10-2021 10:00:41.0517 A
[ReportManager] File Action [GetAbsolutePath] successfully performed. With the following test data [Relative Folder Path: "target/downloadedFiles/"]. @28-10-2021 10:00:41.0519 AM
[ReportManager] Attempting to run remotely on: [Linux-64], [GoogleChrome], [http://localhost:4444/wd/hub], Headless Execution. @28-10-2021 10:00:41.0519 AM
[ReportManager] Successfully Opened [GoogleChrome]. @28-10-2021 10:00:45.0076 AM
[ReportManager] Target URL: [https://duckduckgo.com] @28-10-2021 10:00:45.0076 AM
[ReportManager] Initial URL: [data:,] @28-10-2021 10:00:45.0136 AM
[ReportManager] Browser Action [NavigateToURL] successfully performed. With the following test data [https://duckduckgo.com]. @28-10-2021 10:00:45.0733 A

################################################################################################################################################
Starting Execution:	[55 out of 143] test cases in the current suite
Test Method:		[unitTests.tests_browserActions.getWindowSize]
################################################################################################################################################
[ReportManager] Browser Action [GetWindowSize] successfully performed. With the following test data [(1920, 1080)]. @28-10-2021 10:00:45.0822 A
[ReportManager] Target URL: [https://duckduckgo.com] @28-10-2021 10:00:45.0825 AM
[ReportManager] Initial URL: [https://duckduckgo.com] @28-10-2021 10:00:45.0897 AM
[ReportManager] Browser Action [NavigateToURL] successfully performed. With the following test data [https://duckduckgo.com]. @28-10-2021 10:00:46.0256 AM
[ReportManager] Browser Action [CloseCurrentWindow] successfully performed. @28-10-2021 10:00:46.0386 AM
[ReportManager] Successfully created attachment [Browser Action Test Data - CloseCurrentWindow - Actual Value] @28-10-2021 10:00:46.0386 A
[ReportManager] File Action [GetAbsolutePath] successfully performed. With the following test data [Relative Folder Path: "target/downloadedFiles/"]. @28-10-2021 10:00:46.0389 AM
[ReportManager] Attempting to run remotely on: [Linux-64], [GoogleChrome], [http://localhost:4444/wd/hub], Headless Execution. @28-10-2021 10:00:46.0389 AM
[ReportManager] Successfully Opened [GoogleChrome]. @28-10-2021 10:00:50.0076 AM
[ReportManager] Target URL: [https://duckduckgo.com] @28-10-2021 10:00:50.0076 AM
[ReportManager] Initial URL: [data:,] @28-10-2021 10:00:50.0171 AM
[ReportManager] Browser Action [NavigateToURL] successfully performed. With the following test data [https://duckduckgo.com]. @28-10-2021 10:00:50.0804 A

################################################################################################################################################
Starting Execution:	[56 out of 143] test cases in the current suite
Test Method:		[unitTests.tests_browserActions.maximizeWindow]
################################################################################################################################################
[ReportManager] Initial window size: (1920, 1080) @28-10-2021 10:00:50.0816 AM
[ReportManager] Window size after Toolkit: (1920, 1080) @28-10-2021 10:00:51.0058 AM
[ReportManager] Browser Action [MaximizeWindow] successfully performed. With the following test data [New screen size is now: (1920, 1080)]. @28-10-2021 10:00:51.0071 A
[ReportManager] Target URL: [https://duckduckgo.com] @28-10-2021 10:00:51.0073 AM
[ReportManager] Initial URL: [https://duckduckgo.com] @28-10-2021 10:00:51.0168 AM
[ReportManager] Browser Action [NavigateToURL] successfully performed. With the following test data [https://duckduckgo.com]. @28-10-2021 10:00:51.0479 AM
[ReportManager] Browser Action [CloseCurrentWindow] successfully performed. @28-10-2021 10:00:51.0595 AM
[ReportManager] Successfully created attachment [Browser Action Test Data - CloseCurrentWindow - Actual Value] @28-10-2021 10:00:51.0595 A
[ReportManager] File Action [GetAbsolutePath] successfully performed. With the following test data [Relative Folder Path: "target/downloadedFiles/"]. @28-10-2021 10:00:51.0597 AM
[ReportManager] Attempting to run remotely on: [Linux-64], [GoogleChrome], [http://localhost:4444/wd/hub], Headless Execution. @28-10-2021 10:00:51.0597 AM
[ReportManager] Successfully Opened [GoogleChrome]. @28-10-2021 10:00:55.0066 AM
[ReportManager] Target URL: [https://duckduckgo.com] @28-10-2021 10:00:55.0066 AM
[ReportManager] Initial URL: [data:,] @28-10-2021 10:00:55.0151 AM
[ReportManager] Browser Action [NavigateToURL] successfully performed. With the following test data [https://duckduckgo.com]. @28-10-2021 10:00:55.0747 A

################################################################################################################################################
Starting Execution:	[57 out of 143] test cases in the current suite
Test Method:		[unitTests.tests_browserActions.navigateBack]
################################################################################################################################################
[ReportManager] Target URL: [https://www.google.com/ncr], and after redirection: [https://www.google.com] @28-10-2021 10:00:55.0754 AM
[ReportManager] Initial URL: [https://duckduckgo.com] @28-10-2021 10:00:55.0809 AM
[ReportManager] Browser Action [NavigateToURL] successfully performed. With the following test data [https://www.google.com/ncr]. @28-10-2021 10:00:56.0596 AM
[ReportManager] Browser Action [NavigateBack] successfully performed. With the following test data [https://duckduckgo.com/]. @28-10-2021 10:00:57.0002 AM
[ReportManager] Browser Action [GetCurrentURL] successfully performed. With the following test data [https://duckduckgo.com/]. @28-10-2021 10:00:57.0046 AM
[ReportManager] Assertion Passed: Confirming that navigating back was successful @28-10-2021 10:00:57.0399 AM
[ReportManager] Successfully created attachment [Screenshot - 1635415257231_navigateBack_ValidateBrowserAttribute_passed] @28-10-2021 10:00:57.0400 AM
[ReportManager] Assertion [ValidateBrowserAttribute] PASSED. Expected [Value Should be 'https://duckduckgo.com' for the 'CurrentUrl' attribute] and Actual [https://duckduckgo.com/]. Comparison Type [CONTAINS]. Validation Type [POSITIVE]. @28-10-2021 10:00:57.0400 A
[ReportManager] Target URL: [https://duckduckgo.com] @28-10-2021 10:00:57.0405 AM
[ReportManager] Initial URL: [https://duckduckgo.com] @28-10-2021 10:00:57.0469 AM
[ReportManager] Browser Action [NavigateToURL] successfully performed. With the following test data [https://duckduckgo.com]. @28-10-2021 10:00:57.0865 AM
[ReportManager] Browser Action [CloseCurrentWindow] successfully performed. @28-10-2021 10:00:57.0996 AM
[ReportManager] Successfully created attachment [Browser Action Test Data - CloseCurrentWindow - Actual Value] @28-10-2021 10:00:57.0997 A
[ReportManager] File Action [GetAbsolutePath] successfully performed. With the following test data [Relative Folder Path: "target/downloadedFiles/"]. @28-10-2021 10:00:58.0003 AM
[ReportManager] Attempting to run remotely on: [Linux-64], [GoogleChrome], [http://localhost:4444/wd/hub], Headless Execution. @28-10-2021 10:00:58.0003 AM
[ReportManager] Successfully Opened [GoogleChrome]. @28-10-2021 10:01:00.0069 AM
[ReportManager] Target URL: [https://duckduckgo.com] @28-10-2021 10:01:00.0069 AM
[ReportManager] Initial URL: [data:,] @28-10-2021 10:01:00.0171 AM
[ReportManager] Browser Action [NavigateToURL] successfully performed. With the following test data [https://duckduckgo.com]. @28-10-2021 10:01:00.0766 A

################################################################################################################################################
Starting Execution:	[58 out of 143] test cases in the current suite
Test Method:		[unitTests.tests_browserActions.navigateForward]
################################################################################################################################################
[ReportManager] Target URL: [https://www.google.com/ncr], and after redirection: [https://www.google.com] @28-10-2021 10:01:00.0769 AM
[ReportManager] Initial URL: [https://duckduckgo.com] @28-10-2021 10:01:00.0836 AM
[ReportManager] Browser Action [NavigateToURL] successfully performed. With the following test data [https://www.google.com/ncr]. @28-10-2021 10:01:01.0557 AM
[ReportManager] Browser Action [NavigateBack] successfully performed. With the following test data [https://duckduckgo.com/]. @28-10-2021 10:01:01.0957 AM
[ReportManager] Browser Action [NavigateForward] successfully performed. With the following test data [https://www.google.com/]. @28-10-2021 10:01:02.0426 A
[ReportManager] Target URL: [https://duckduckgo.com] @28-10-2021 10:01:02.0428 AM
[ReportManager] Initial URL: [https://www.google.com] @28-10-2021 10:01:02.0491 AM
[ReportManager] Browser Action [NavigateToURL] successfully performed. With the following test data [https://duckduckgo.com]. @28-10-2021 10:01:02.0926 AM
[ReportManager] Browser Action [CloseCurrentWindow] successfully performed. @28-10-2021 10:01:03.0037 AM
[ReportManager] Successfully created attachment [Browser Action Test Data - CloseCurrentWindow - Actual Value] @28-10-2021 10:01:03.0038 A
[ReportManager] File Action [GetAbsolutePath] successfully performed. With the following test data [Relative Folder Path: "target/downloadedFiles/"]. @28-10-2021 10:01:03.0040 AM
[ReportManager] Attempting to run remotely on: [Linux-64], [GoogleChrome], [http://localhost:4444/wd/hub], Headless Execution. @28-10-2021 10:01:03.0040 AM
[ReportManager] Successfully Opened [GoogleChrome]. @28-10-2021 10:01:05.0063 AM
[ReportManager] Target URL: [https://duckduckgo.com] @28-10-2021 10:01:05.0063 AM
[ReportManager] Initial URL: [data:,] @28-10-2021 10:01:05.0113 AM
[ReportManager] Browser Action [NavigateToURL] successfully performed. With the following test data [https://duckduckgo.com]. @28-10-2021 10:01:05.0770 A

################################################################################################################################################
Starting Execution:	[59 out of 143] test cases in the current suite
Test Method:		[unitTests.tests_browserActions.navigateToURL]
################################################################################################################################################
[ReportManager] Target URL: [https://duckduckgo.com] @28-10-2021 10:01:05.0777 AM
[ReportManager] Initial URL: [https://duckduckgo.com] @28-10-2021 10:01:05.0839 AM
[ReportManager] Browser Action [NavigateToURL] successfully performed. With the following test data [https://duckduckgo.com]. @28-10-2021 10:01:06.0211 A
[ReportManager] Target URL: [https://duckduckgo.com] @28-10-2021 10:01:06.0219 AM
[ReportManager] Initial URL: [https://duckduckgo.com] @28-10-2021 10:01:06.0262 AM
[ReportManager] Browser Action [NavigateToURL] successfully performed. With the following test data [https://duckduckgo.com]. @28-10-2021 10:01:06.0572 AM
[ReportManager] Browser Action [CloseCurrentWindow] successfully performed. @28-10-2021 10:01:06.0705 AM
[ReportManager] Successfully created attachment [Browser Action Test Data - CloseCurrentWindow - Actual Value] @28-10-2021 10:01:06.0705 A
[ReportManager] File Action [GetAbsolutePath] successfully performed. With the following test data [Relative Folder Path: "target/downloadedFiles/"]. @28-10-2021 10:01:06.0707 AM
[ReportManager] Attempting to run remotely on: [Linux-64], [GoogleChrome], [http://localhost:4444/wd/hub], Headless Execution. @28-10-2021 10:01:06.0707 AM
[ReportManager] Successfully Opened [GoogleChrome]. @28-10-2021 10:01:10.0072 AM
[ReportManager] Target URL: [https://duckduckgo.com] @28-10-2021 10:01:10.0072 AM
[ReportManager] Initial URL: [data:,] @28-10-2021 10:01:10.0131 AM
[ReportManager] Browser Action [NavigateToURL] successfully performed. With the following test data [https://duckduckgo.com]. @28-10-2021 10:01:10.0793 A

################################################################################################################################################
Starting Execution:	[60 out of 143] test cases in the current suite
Test Method:		[unitTests.tests_browserActions.navigateToURLWithRedirection]
################################################################################################################################################
[ReportManager] Target URL: [https://www.google.com/ncr], and after redirection: [https://www.google.com] @28-10-2021 10:01:10.0796 AM
[ReportManager] Initial URL: [https://duckduckgo.com] @28-10-2021 10:01:10.0858 AM
[ReportManager] Browser Action [NavigateToURL] successfully performed. With the following test data [https://www.google.com/ncr]. @28-10-2021 10:01:11.0516 A
[ReportManager] Target URL: [https://duckduckgo.com] @28-10-2021 10:01:11.0518 AM
[ReportManager] Initial URL: [https://www.google.com] @28-10-2021 10:01:11.0589 AM
[ReportManager] Browser Action [NavigateToURL] successfully performed. With the following test data [https://duckduckgo.com]. @28-10-2021 10:01:12.0142 AM
[ReportManager] Browser Action [CloseCurrentWindow] successfully performed. @28-10-2021 10:01:12.0248 AM
[ReportManager] Successfully created attachment [Browser Action Test Data - CloseCurrentWindow - Actual Value] @28-10-2021 10:01:12.0249 A
[ReportManager] File Action [GetAbsolutePath] successfully performed. With the following test data [Relative Folder Path: "target/downloadedFiles/"]. @28-10-2021 10:01:12.0251 AM
[ReportManager] Attempting to run remotely on: [Linux-64], [GoogleChrome], [http://localhost:4444/wd/hub], Headless Execution. @28-10-2021 10:01:12.0251 AM
[ReportManager] Successfully Opened [GoogleChrome]. @28-10-2021 10:01:15.0062 AM
[ReportManager] Target URL: [https://duckduckgo.com] @28-10-2021 10:01:15.0062 AM
[ReportManager] Initial URL: [data:,] @28-10-2021 10:01:15.0135 AM
[ReportManager] Browser Action [NavigateToURL] successfully performed. With the following test data [https://duckduckgo.com]. @28-10-2021 10:01:15.0698 A

################################################################################################################################################
Starting Execution:	[61 out of 143] test cases in the current suite
Test Method:		[unitTests.tests_browserActions.refreshCurrentPage]
################################################################################################################################################
[ReportManager] Browser Action [RefreshCurrentPage] successfully performed. @28-10-2021 10:01:15.0963 AM
[ReportManager] Successfully created attachment [Browser Action Test Data - RefreshCurrentPage - Actual Value] @28-10-2021 10:01:15.0964 A
[ReportManager] Target URL: [https://duckduckgo.com] @28-10-2021 10:01:15.0967 AM
[ReportManager] Initial URL: [https://duckduckgo.com] @28-10-2021 10:01:16.0070 AM
[ReportManager] Browser Action [NavigateToURL] successfully performed. With the following test data [https://duckduckgo.com]. @28-10-2021 10:01:16.0361 AM
[ReportManager] Browser Action [CloseCurrentWindow] successfully performed. @28-10-2021 10:01:16.0479 AM
[ReportManager] Successfully created attachment [Browser Action Test Data - CloseCurrentWindow - Actual Value] @28-10-2021 10:01:16.0479 A
[ReportManager] File Action [GetAbsolutePath] successfully performed. With the following test data [Relative Folder Path: "target/downloadedFiles/"]. @28-10-2021 10:01:16.0484 AM
[ReportManager] Attempting to run remotely on: [Linux-64], [GoogleChrome], [http://localhost:4444/wd/hub], Headless Execution. @28-10-2021 10:01:16.0484 AM
[ReportManager] Successfully Opened [GoogleChrome]. @28-10-2021 10:01:20.0064 AM
[ReportManager] Target URL: [https://duckduckgo.com] @28-10-2021 10:01:20.0064 AM
[ReportManager] Initial URL: [data:,] @28-10-2021 10:01:20.0122 AM
[ReportManager] Browser Action [NavigateToURL] successfully performed. With the following test data [https://duckduckgo.com]. @28-10-2021 10:01:20.0706 A

################################################################################################################################################
Starting Execution:	[62 out of 143] test cases in the current suite
Test Method:		[unitTests.tests_browserActions.setWindowSize]
################################################################################################################################################
[ReportManager] Initial window size: (1920, 1080) @28-10-2021 10:01:20.0724 AM
[ReportManager] Window size after SWD: (1280, 720) @28-10-2021 10:01:20.0944 AM
[ReportManager] Browser Action [SetWindowSize] successfully performed. With the following test data [New screen size is now: (1280, 720)]. @28-10-2021 10:01:20.0944 A
[ReportManager] Target URL: [https://duckduckgo.com] @28-10-2021 10:01:20.0948 AM
[ReportManager] Initial URL: [https://duckduckgo.com] @28-10-2021 10:01:21.0019 AM
[ReportManager] Browser Action [NavigateToURL] successfully performed. With the following test data [https://duckduckgo.com]. @28-10-2021 10:01:21.0332 AM
[ReportManager] Browser Action [CloseCurrentWindow] successfully performed. @28-10-2021 10:01:21.0468 AM
[ReportManager] Successfully created attachment [Browser Action Test Data - CloseCurrentWindow - Actual Value] @28-10-2021 10:01:21.0469 A
[ReportManager] File Action [GetAbsolutePath] successfully performed. With the following test data [Relative Folder Path: "target/downloadedFiles/"]. @28-10-2021 10:01:21.0471 AM
[ReportManager] Attempting to run remotely on: [Linux-64], [GoogleChrome], [http://localhost:4444/wd/hub], Headless Execution. @28-10-2021 10:01:21.0472 AM
[ReportManager] Successfully Opened [GoogleChrome]. @28-10-2021 10:01:25.0071 A

################################################################################################################################################
Starting Execution:	[63 out of 143] test cases in the current suite
Test Method:		[unitTests.tests_element_elementActions.waitForElementToBePresent_false_expectedToFail]
################################################################################################################################################
[ReportManager] Target URL: [https://www.google.com/ncr], and after redirection: [www.google.com] @28-10-2021 10:01:25.0073 AM
[ReportManager] Initial URL: [data:,] @28-10-2021 10:01:25.0114 AM
[ReportManager] Browser Action [NavigateToURL] successfully performed. With the following test data [https://www.google.com/ncr]. @28-10-2021 10:01:26.0837 AM
[ReportManager] Waiting for element to be present; elementLocator [By.xpath: //*[@id='hplogo' or @alt='Google']], numberOfTries[1], stateOfPresence[false]... @28-10-2021 10:01:26.0840 AM
[ReportManager] Element Action [WaitForElementToBePresent] failed. With the following test data [waited for the element's state of presence to be (false). Element locator (By.xpath: //*[@id='hplogo' or @alt='Google'])]. @28-10-2021 10:01:27.0255 AM
[ReportManager] Successfully created attachment [Screenshot - 1635415287082_waitForElementToBePresent_false_expectedToFail_WaitForElementToBePresent_failed] @28-10-2021 10:01:27.0256 A
[ReportManager] Browser Action [CloseCurrentWindow] successfully performed. @28-10-2021 10:01:27.0378 AM
[ReportManager] Successfully created attachment [Browser Action Test Data - CloseCurrentWindow - Actual Value] @28-10-2021 10:01:27.0379 A
[ReportManager] File Action [GetAbsolutePath] successfully performed. With the following test data [Relative Folder Path: "target/downloadedFiles/"]. @28-10-2021 10:01:27.0382 AM
[ReportManager] Attempting to run remotely on: [Linux-64], [GoogleChrome], [http://localhost:4444/wd/hub], Headless Execution. @28-10-2021 10:01:27.0382 AM
[ReportManager] Successfully Opened [GoogleChrome]. @28-10-2021 10:01:30.0084 A

################################################################################################################################################
Starting Execution:	[64 out of 143] test cases in the current suite
Test Method:		[unitTests.tests_element_elementActions.waitForElementToBePresent_false_expectedToPass]
################################################################################################################################################
[ReportManager] Target URL: [https://www.google.com/ncr], and after redirection: [www.google.com] @28-10-2021 10:01:30.0090 AM
[ReportManager] Initial URL: [data:,] @28-10-2021 10:01:30.0147 AM
[ReportManager] Browser Action [NavigateToURL] successfully performed. With the following test data [https://www.google.com/ncr]. @28-10-2021 10:01:30.0829 AM
[ReportManager] Waiting for element to be present; elementLocator [By.id: bla], numberOfTries[1], stateOfPresence[false]... @28-10-2021 10:01:30.0829 AM
[ReportManager] Element Action [WaitForElementToBePresent] successfully performed. With the following test data [waited for the element's state of presence to be (false). Element locator (By.id: bla)]. @28-10-2021 10:01:36.0006 A
[ReportManager] Browser Action [CloseCurrentWindow] successfully performed. @28-10-2021 10:01:36.0134 AM
[ReportManager] Successfully created attachment [Browser Action Test Data - CloseCurrentWindow - Actual Value] @28-10-2021 10:01:36.0134 A
[ReportManager] File Action [GetAbsolutePath] successfully performed. With the following test data [Relative Folder Path: "target/downloadedFiles/"]. @28-10-2021 10:01:36.0137 AM
[ReportManager] Attempting to run remotely on: [Linux-64], [GoogleChrome], [http://localhost:4444/wd/hub], Headless Execution. @28-10-2021 10:01:36.0137 AM
[ReportManager] Successfully Opened [GoogleChrome]. @28-10-2021 10:01:40.0068 A

################################################################################################################################################
Starting Execution:	[65 out of 143] test cases in the current suite
Test Method:		[unitTests.tests_element_elementActions.waitForElementToBePresent_moreThanOneElement_expectedToFail]
################################################################################################################################################
[ReportManager] Target URL: [https://www.google.com/ncr], and after redirection: [www.google.com] @28-10-2021 10:01:40.0073 AM
[ReportManager] Initial URL: [data:,] @28-10-2021 10:01:40.0153 AM
[ReportManager] Browser Action [NavigateToURL] successfully performed. With the following test data [https://www.google.com/ncr]. @28-10-2021 10:01:40.0811 AM
[ReportManager] Waiting for element to be present; elementLocator [By.xpath: //*], numberOfTries[1], stateOfPresence[false]... @28-10-2021 10:01:40.0812 AM
[ReportManager] Element Action [WaitForElementToBePresent] failed. With the following test data [waited for the element's state of presence to be (false). Element locator (By.xpath: //*)]. @28-10-2021 10:01:41.0199 AM
[ReportManager] Successfully created attachment [Screenshot - 1635415301046_waitForElementToBePresent_moreThanOneElement_expectedToFail_WaitForElementToBePresent_failed] @28-10-2021 10:01:41.0200 A
[ReportManager] Browser Action [CloseCurrentWindow] successfully performed. @28-10-2021 10:01:41.0316 AM
[ReportManager] Successfully created attachment [Browser Action Test Data - CloseCurrentWindow - Actual Value] @28-10-2021 10:01:41.0317 A
[ReportManager] File Action [GetAbsolutePath] successfully performed. With the following test data [Relative Folder Path: "target/downloadedFiles/"]. @28-10-2021 10:01:41.0319 AM
[ReportManager] Attempting to run remotely on: [Linux-64], [GoogleChrome], [http://localhost:4444/wd/hub], Headless Execution. @28-10-2021 10:01:41.0319 AM
[ReportManager] Successfully Opened [GoogleChrome]. @28-10-2021 10:01:45.0069 A

################################################################################################################################################
Starting Execution:	[66 out of 143] test cases in the current suite
Test Method:		[unitTests.tests_element_elementActions.waitForElementToBePresent_true_expectedToFail]
################################################################################################################################################
[ReportManager] Target URL: [https://www.google.com/ncr], and after redirection: [www.google.com] @28-10-2021 10:01:45.0075 AM
[ReportManager] Initial URL: [data:,] @28-10-2021 10:01:45.0168 AM
[ReportManager] Browser Action [NavigateToURL] successfully performed. With the following test data [https://www.google.com/ncr]. @28-10-2021 10:01:45.0908 AM
[ReportManager] Waiting for element to be present; elementLocator [By.id: bla], numberOfTries[1], stateOfPresence[true]... @28-10-2021 10:01:45.0908 AM
[ReportManager] Element Action [WaitForElementToBePresent] failed. With the following test data [waited for the element's state of presence to be (true). Element locator (By.id: bla)]. @28-10-2021 10:01:51.0317 AM
[ReportManager] Successfully created attachment [Screenshot - 1635415311164_waitForElementToBePresent_true_expectedToFail_WaitForElementToBePresent_failed] @28-10-2021 10:01:51.0317 A
[ReportManager] Browser Action [CloseCurrentWindow] successfully performed. @28-10-2021 10:01:51.0422 AM
[ReportManager] Successfully created attachment [Browser Action Test Data - CloseCurrentWindow - Actual Value] @28-10-2021 10:01:51.0423 A
[ReportManager] File Action [GetAbsolutePath] successfully performed. With the following test data [Relative Folder Path: "target/downloadedFiles/"]. @28-10-2021 10:01:51.0425 AM
[ReportManager] Attempting to run remotely on: [Linux-64], [GoogleChrome], [http://localhost:4444/wd/hub], Headless Execution. @28-10-2021 10:01:51.0426 AM
[ReportManager] Successfully Opened [GoogleChrome]. @28-10-2021 10:01:55.0066 A

################################################################################################################################################
Starting Execution:	[67 out of 143] test cases in the current suite
Test Method:		[unitTests.tests_element_elementActions.waitForElementToBePresent_true_expectedToPass]
################################################################################################################################################
[ReportManager] Target URL: [https://www.google.com/ncr], and after redirection: [www.google.com] @28-10-2021 10:01:55.0068 AM
[ReportManager] Initial URL: [data:,] @28-10-2021 10:01:55.0136 AM
[ReportManager] Browser Action [NavigateToURL] successfully performed. With the following test data [https://www.google.com/ncr]. @28-10-2021 10:01:55.0809 AM
[ReportManager] Waiting for element to be present; elementLocator [By.xpath: //*[@id='hplogo' or @alt='Google']], numberOfTries[1], stateOfPresence[true]... @28-10-2021 10:01:55.0809 AM
[ReportManager] Element Action [WaitForElementToBePresent] successfully performed. With the following test data [waited for the element's state of presence to be (true). Element locator (By.xpath: //*[@id='hplogo' or @alt='Google'])]. @28-10-2021 10:01:55.0887 AM
[ReportManager] File Action [DoesFileExist] successfully performed. With the following test data [File Path: "src/test/resources/DynamicObjectRepository/unitTests_tests_element_elementActions_waitForElementToBePresent_true_expectedToPass_By_xpath_id_hplogo_or_alt_Google.png"]. @28-10-2021 10:01:55.0895 AM
[ReportManager] File Action [DoesFileExist] successfully performed. With the following test data [File Path: "src/test/resources/DynamicObjectRepository/unitTests_tests_element_elementActions_waitForElementToBePresent_true_expectedToPass_By_xpath_id_hplogo_or_alt_Google.png"]. @28-10-2021 10:01:56.0056 AM
[ReportManager] Passing the test and saving a reference image @28-10-2021 10:01:56.0056 AM
[ReportManager] File Action [GetAbsolutePath] successfully performed. With the following test data [Relative File Path: "src/test/resources/DynamicObjectRepository/unitTests_tests_element_elementActions_waitForElementToBePresent_true_expectedToPass_By_xpath_id_hplogo_or_alt_Google.png"]. @28-10-2021 10:01:56.0056 AM
[ReportManager] File Action [WriteToFile] successfully performed. With the following test data [Target File Path: "/home/runner/work/SHAFT_ENGINE/SHAFT_ENGINE/src/test/resources/DynamicObjectRepository/unitTests_tests_element_elementActions_waitForElementToBePresent_true_expectedToPass_By_xpath_id_hplogo_or_alt_Google.png"]. @28-10-2021 10:01:56.0057 AM
[ReportManager] Assertion Passed: Using Visual AI; OpenCV @28-10-2021 10:01:56.0057 AM
[ReportManager] Successfully created attachment [Validation Test Data - Actual Screenshot] @28-10-2021 10:01:56.0057 AM
[ReportManager] Assertion [ValidateElementMatches] PASSED. Expected [Element should match the reference screenshot] and Actual [TRUE]. Comparison Type [EXACT_OPENCV]. Validation Type [POSITIVE]. @28-10-2021 10:01:56.0057 A
[ReportManager] Browser Action [CloseCurrentWindow] successfully performed. @28-10-2021 10:01:56.0196 AM
[ReportManager] Successfully created attachment [Browser Action Test Data - CloseCurrentWindow - Actual Value] @28-10-2021 10:01:56.0197 A
[ReportManager] Successfully loaded the following test data file [src/test/resources/TestDataFiles/testSuite01/TestData.xlsx]. @28-10-2021 10:01:56.0869 AM
[ReportManager] Successfully created attachment [Test Data - Excel] @28-10-2021 10:01:56.0869 A

################################################################################################################################################
Starting Execution:	[68 out of 143] test cases in the current suite
Test Method:		[unitTests.tests_io_excelFileManager.getCellData_rowName_expectedToPass]
################################################################################################################################################
[ReportManager] testRowData. @28-10-2021 10:01:56.0879 A

################################################################################################################################################
Starting Execution:	[69 out of 143] test cases in the current suite
Test Method:		[testPackage01.Test_testData.f]
################################################################################################################################################
[ReportManager] Successfully loaded the following test data file [src/test/resources/TestDataFiles/testSuite01/TestData.xlsx]. @28-10-2021 10:01:56.0906 AM
[ReportManager] Successfully created attachment [Test Data - Excel] @28-10-2021 10:01:56.0906 AM
[ReportManager] Last Column Number is: [3]. Zero-based. @28-10-2021 10:01:56.0907 A

################################################################################################################################################
Starting Execution:	[70 out of 143] test cases in the current suite
Test Method:		[testPackage01.Test_SkipDueToIssue.doNotSkip]
################################################################################################################################################
[ReportManager] This should not be skipped. @28-10-2021 10:01:56.0909 A

################################################################################################################################################
Starting Execution:	[71 out of 143] test cases in the current suite
Test Method:		[testPackage01.Test_SkipDueToIssue.skip]
################################################################################################################################################
[ReportManager] This should be skipped. @28-10-2021 10:01:56.0914 A

################################################################################################################################################
Starting Execution:	[72 out of 143] test cases in the current suite
Test Method:		[testPackage01.Test_SkipDueToIssue.skip2]
################################################################################################################################################
[ReportManager] This should be skipped. @28-10-2021 10:01:56.0918 A

################################################################################################################################################
Starting Execution:	[73 out of 143] test cases in the current suite
Test Method:		[testPackage01.Test_chainableElementActions.chainElementActions]
################################################################################################################################################
[ReportManager] File Action [GetAbsolutePath] successfully performed. With the following test data [Relative Folder Path: "target/downloadedFiles/"]. @28-10-2021 10:01:56.0921 AM
[ReportManager] Attempting to run remotely on: [Linux-64], [GoogleChrome], [http://localhost:4444/wd/hub], Headless Execution. @28-10-2021 10:01:56.0921 AM
[ReportManager] Successfully Opened [GoogleChrome]. @28-10-2021 10:02:00.0101 AM
[ReportManager] Target URL: [https://www.google.com/ncr], and after redirection: [https://www.google.com] @28-10-2021 10:02:00.0101 AM
[ReportManager] Initial URL: [data:,] @28-10-2021 10:02:00.0180 AM
[ReportManager] Browser Action [NavigateToURL] successfully performed. With the following test data [https://www.google.com/ncr]. @28-10-2021 10:02:00.0852 AM
[ReportManager] Element Action [Type] successfully performed. With the following test data [chained type 1]. @28-10-2021 10:02:01.0246 AM
[ReportManager] Element Action [Type] successfully performed. With the following test data [chained type 2]. @28-10-2021 10:02:01.0652 AM
[ReportManager] Element Action [TypeAppend] successfully performed. With the following test data [345]. @28-10-2021 10:02:01.0746 AM
[ReportManager] Element Action [GetText] successfully performed. With the following test data [chained type 2345]. @28-10-2021 10:02:01.0900 AM
[ReportManager] Loaded Shared OpenCV @28-10-2021 10:02:02.0133 AM
[ReportManager] Assertion [ValidateElementAttribute] PASSED. Expected [Value Should be 'chained type 2345' for the 'text' attribute, element locator 'By.name: q'] and Actual [chained type 2345]. Comparison Type [EQUALS]. Validation Type [POSITIVE]. @28-10-2021 10:02:02.0317 AM
[ReportManager] Successfully created attachment [Screenshot - 1635415322132_chainElementActions_ValidateElementAttribute_passed] @28-10-2021 10:02:02.0318 AM
[ReportManager] Browser Action [CloseCurrentWindow] successfully performed. @28-10-2021 10:02:02.0438 AM
[ReportManager] Successfully created attachment [Browser Action Test Data - CloseCurrentWindow - Actual Value] @28-10-2021 10:02:02.0439 A

################################################################################################################################################
Starting Execution:	[74 out of 143] test cases in the current suite
Test Method:		[testPackage01.Test_NewValidationHelper.f1]
################################################################################################################################################
[ReportManager] Assertion Passed: Checking valid user data @28-10-2021 10:02:02.0444 AM
[ReportManager] Successfully created attachment [Validation Test Data - Expected Value] @28-10-2021 10:02:02.0444 AM
[ReportManager] Successfully created attachment [Validation Test Data - Actual Value] @28-10-2021 10:02:02.0444 AM
[ReportManager] Assertion [ValidateEquals] PASSED. Expected and Actual values are attached. Comparison Type [EQUALS]. Validation Type [POSITIVE]. @28-10-2021 10:02:02.0444 A
[ReportManager] File Action [GetAbsolutePath] successfully performed. With the following test data [Relative Folder Path: "target/downloadedFiles/"]. @28-10-2021 10:02:02.0447 AM
[ReportManager] Attempting to run remotely on: [Linux-64], [GoogleChrome], [http://localhost:4444/wd/hub], Headless Execution. @28-10-2021 10:02:02.0447 AM
[ReportManager] Successfully Opened [GoogleChrome]. @28-10-2021 10:02:05.0082 AM
[ReportManager] Target URL: [https://the-internet.herokuapp.com/] @28-10-2021 10:02:05.0083 AM
[ReportManager] Initial URL: [data:,] @28-10-2021 10:02:05.0144 AM
[ReportManager] Browser Action [NavigateToURL] successfully performed. With the following test data [https://the-internet.herokuapp.com/]. @28-10-2021 10:02:05.0903 A

################################################################################################################################################
Starting Execution:	[75 out of 143] test cases in the current suite
Test Method:		[testPackage01.Test_NewValidationHelper.f10]
################################################################################################################################################
[ReportManager] Assertion [ValidateElementExists] FAILED. Expected [Element Should Exist, locator 'By.tagName: div'] and Actual [Element Exists but is not unique]. Comparison Type [EQUALS]. Validation Type [POSITIVE]. @28-10-2021 10:02:06.0347 AM
[ReportManager] Successfully created attachment [Screenshot - 1635415326159_f10_ValidateElementExists_failed] @28-10-2021 10:02:06.0348 A
[ReportManager] Successfully Closed All Drivers. @28-10-2021 10:02:06.0434 A
[ReportManager] File Action [GetAbsolutePath] successfully performed. With the following test data [Relative Folder Path: "target/downloadedFiles/"]. @28-10-2021 10:02:06.0436 AM
[ReportManager] Attempting to run remotely on: [Linux-64], [GoogleChrome], [http://localhost:4444/wd/hub], Headless Execution. @28-10-2021 10:02:06.0436 AM
[ReportManager] Successfully Opened [GoogleChrome]. @28-10-2021 10:02:10.0065 AM
[ReportManager] Target URL: [https://the-internet.herokuapp.com/] @28-10-2021 10:02:10.0065 AM
[ReportManager] Initial URL: [data:,] @28-10-2021 10:02:10.0130 AM
[ReportManager] Browser Action [NavigateToURL] successfully performed. With the following test data [https://the-internet.herokuapp.com/]. @28-10-2021 10:02:10.0917 A

################################################################################################################################################
Starting Execution:	[76 out of 143] test cases in the current suite
Test Method:		[testPackage01.Test_NewValidationHelper.f11]
################################################################################################################################################
[ReportManager] Assertion Passed: Checking that false tag doesn't exist @28-10-2021 10:02:21.0534 AM
[ReportManager] Successfully created attachment [Screenshot - 1635415341326_f11_ValidateElementExists_passed] @28-10-2021 10:02:21.0535 AM
[ReportManager] Assertion [ValidateElementExists] PASSED. Expected [Element Should not Exist, locator 'By.tagName: h3'] and Actual [Element Doesn't Exists]. Comparison Type [EQUALS]. Validation Type [NEGATIVE]. @28-10-2021 10:02:21.0535 A
[ReportManager] Successfully Closed All Drivers. @28-10-2021 10:02:21.0623 A
[ReportManager] File Action [GetAbsolutePath] successfully performed. With the following test data [Relative Folder Path: "target/downloadedFiles/"]. @28-10-2021 10:02:21.0625 AM
[ReportManager] Attempting to run remotely on: [Linux-64], [GoogleChrome], [http://localhost:4444/wd/hub], Headless Execution. @28-10-2021 10:02:21.0625 AM
[ReportManager] Successfully Opened [GoogleChrome]. @28-10-2021 10:02:25.0073 AM
[ReportManager] Target URL: [https://the-internet.herokuapp.com/] @28-10-2021 10:02:25.0073 AM
[ReportManager] Initial URL: [data:,] @28-10-2021 10:02:25.0110 AM
[ReportManager] Browser Action [NavigateToURL] successfully performed. With the following test data [https://the-internet.herokuapp.com/]. @28-10-2021 10:02:25.0856 A

################################################################################################################################################
Starting Execution:	[77 out of 143] test cases in the current suite
Test Method:		[testPackage01.Test_NewValidationHelper.f12]
################################################################################################################################################
[ReportManager] Loaded Shared OpenCV @28-10-2021 10:02:26.0260 AM
[ReportManager] Assertion [ValidateElementExists] FAILED. Expected [Element Should not Exist, locator 'By.tagName: h1'] and Actual [Element Exists]. Comparison Type [EQUALS]. Validation Type [NEGATIVE]. @28-10-2021 10:02:26.0459 AM
[ReportManager] Successfully created attachment [Screenshot - 1635415346260_f12_ValidateElementExists_failed] @28-10-2021 10:02:26.0461 A
[ReportManager] Successfully Closed All Drivers. @28-10-2021 10:02:26.0546 A
[ReportManager] File Action [GetAbsolutePath] successfully performed. With the following test data [Relative Folder Path: "target/downloadedFiles/"]. @28-10-2021 10:02:26.0548 AM
[ReportManager] Attempting to run remotely on: [Linux-64], [GoogleChrome], [http://localhost:4444/wd/hub], Headless Execution. @28-10-2021 10:02:26.0548 AM
[ReportManager] Successfully Opened [GoogleChrome]. @28-10-2021 10:02:30.0078 AM
[ReportManager] Target URL: [https://the-internet.herokuapp.com/] @28-10-2021 10:02:30.0078 AM
[ReportManager] Initial URL: [data:,] @28-10-2021 10:02:30.0158 AM
[ReportManager] Browser Action [NavigateToURL] successfully performed. With the following test data [https://the-internet.herokuapp.com/]. @28-10-2021 10:02:30.0935 A

################################################################################################################################################
Starting Execution:	[78 out of 143] test cases in the current suite
Test Method:		[testPackage01.Test_NewValidationHelper.f13]
################################################################################################################################################
[ReportManager] Assertion [ValidateElementExists] FAILED. Expected [Element Should not Exist, locator 'By.tagName: div'] and Actual [Element Exists but is not unique]. Comparison Type [EQUALS]. Validation Type [NEGATIVE]. @28-10-2021 10:02:31.0369 AM
[ReportManager] Successfully created attachment [Screenshot - 1635415351193_f13_ValidateElementExists_failed] @28-10-2021 10:02:31.0369 A
[ReportManager] Successfully Closed All Drivers. @28-10-2021 10:02:31.0459 A
[ReportManager] File Action [GetAbsolutePath] successfully performed. With the following test data [Relative Folder Path: "target/downloadedFiles/"]. @28-10-2021 10:02:31.0461 AM
[ReportManager] Attempting to run remotely on: [Linux-64], [GoogleChrome], [http://localhost:4444/wd/hub], Headless Execution. @28-10-2021 10:02:31.0462 AM
[ReportManager] Successfully Opened [GoogleChrome]. @28-10-2021 10:02:35.0076 AM
[ReportManager] Target URL: [https://the-internet.herokuapp.com/] @28-10-2021 10:02:35.0076 AM
[ReportManager] Initial URL: [data:,] @28-10-2021 10:02:35.0151 AM
[ReportManager] Browser Action [NavigateToURL] successfully performed. With the following test data [https://the-internet.herokuapp.com/]. @28-10-2021 10:02:35.0855 A

################################################################################################################################################
Starting Execution:	[79 out of 143] test cases in the current suite
Test Method:		[testPackage01.Test_NewValidationHelper.f14]
################################################################################################################################################
[ReportManager] Element Action [GetText] successfully performed. With the following test data [Welcome to the-internet]. @28-10-2021 10:02:35.0952 AM
[ReportManager] Loaded Shared OpenCV @28-10-2021 10:02:36.0258 AM
[ReportManager] Assertion Passed: Asserting that the header text is correct @28-10-2021 10:02:36.0458 AM
[ReportManager] Successfully created attachment [Screenshot - 1635415356258_f14_ValidateElementAttribute_passed] @28-10-2021 10:02:36.0459 AM
[ReportManager] Assertion [ValidateElementAttribute] PASSED. Expected [Value Should be 'Welcome to the-internet' for the 'text' attribute, element locator 'By.tagName: h1'] and Actual [Welcome to the-internet]. Comparison Type [EQUALS]. Validation Type [POSITIVE]. @28-10-2021 10:02:36.0459 A
[ReportManager] Successfully Closed All Drivers. @28-10-2021 10:02:36.0545 A
[ReportManager] File Action [GetAbsolutePath] successfully performed. With the following test data [Relative Folder Path: "target/downloadedFiles/"]. @28-10-2021 10:02:36.0547 AM
[ReportManager] Attempting to run remotely on: [Linux-64], [GoogleChrome], [http://localhost:4444/wd/hub], Headless Execution. @28-10-2021 10:02:36.0547 AM
[ReportManager] Successfully Opened [GoogleChrome]. @28-10-2021 10:02:40.0070 AM
[ReportManager] Target URL: [https://the-internet.herokuapp.com/] @28-10-2021 10:02:40.0071 AM
[ReportManager] Initial URL: [data:,] @28-10-2021 10:02:40.0153 AM
[ReportManager] Browser Action [NavigateToURL] successfully performed. With the following test data [https://the-internet.herokuapp.com/]. @28-10-2021 10:02:40.0928 A

################################################################################################################################################
Starting Execution:	[80 out of 143] test cases in the current suite
Test Method:		[testPackage01.Test_NewValidationHelper.f15]
################################################################################################################################################
[ReportManager] Element Action [GetText] successfully performed. With the following test data [Welcome to the-internet]. @28-10-2021 10:02:41.0021 AM
[ReportManager] Loaded Shared OpenCV @28-10-2021 10:02:41.0243 AM
[ReportManager] Assertion [ValidateElementAttribute] FAILED. Expected [Value Should not be 'Welcome' for the 'text' attribute, element locator 'By.tagName: h1'] and Actual [Welcome to the-internet]. Comparison Type [CONTAINS]. Validation Type [NEGATIVE]. @28-10-2021 10:02:41.0457 AM
[ReportManager] Successfully created attachment [Screenshot - 1635415361243_f15_ValidateElementAttribute_failed] @28-10-2021 10:02:41.0458 A
[ReportManager] Successfully Closed All Drivers. @28-10-2021 10:02:41.0548 A
[ReportManager] File Action [GetAbsolutePath] successfully performed. With the following test data [Relative Folder Path: "target/downloadedFiles/"]. @28-10-2021 10:02:41.0550 AM
[ReportManager] Attempting to run remotely on: [Linux-64], [GoogleChrome], [http://localhost:4444/wd/hub], Headless Execution. @28-10-2021 10:02:41.0550 AM
[ReportManager] Successfully Opened [GoogleChrome]. @28-10-2021 10:02:45.0079 AM
[ReportManager] Target URL: [https://the-internet.herokuapp.com/] @28-10-2021 10:02:45.0079 AM
[ReportManager] Initial URL: [data:,] @28-10-2021 10:02:45.0136 AM
[ReportManager] Browser Action [NavigateToURL] successfully performed. With the following test data [https://the-internet.herokuapp.com/]. @28-10-2021 10:02:45.0851 A

################################################################################################################################################
Starting Execution:	[81 out of 143] test cases in the current suite
Test Method:		[testPackage01.Test_NewValidationHelper.f16]
################################################################################################################################################
[ReportManager] Element Action [IdentifyUniqueElement] failed. With the following test data [zero elements found matching this locator "By.tagName: h3".]. @28-10-2021 10:03:11.0612 AM
[ReportManager] Successfully created attachment [Screenshot - 1635415391436_f16_IdentifyUniqueElement_failed] @28-10-2021 10:03:11.0613 AM
[ReportManager] Assertion [ValidateElementAttribute] FAILED. Expected [Value Should not be 'Welcome' for the 'text' attribute, element locator 'By.tagName: h3'] and Actual [Failed to read the desired element attribute]. Comparison Type [CONTAINS]. Validation Type [NEGATIVE]. @28-10-2021 10:03:11.0614 A
[ReportManager] Successfully Closed All Drivers. @28-10-2021 10:03:11.0697 A
[ReportManager] File Action [GetAbsolutePath] successfully performed. With the following test data [Relative Folder Path: "target/downloadedFiles/"]. @28-10-2021 10:03:11.0699 AM
[ReportManager] Attempting to run remotely on: [Linux-64], [GoogleChrome], [http://localhost:4444/wd/hub], Headless Execution. @28-10-2021 10:03:11.0700 AM
[ReportManager] Successfully Opened [GoogleChrome]. @28-10-2021 10:03:15.0076 AM
[ReportManager] Target URL: [https://the-internet.herokuapp.com/] @28-10-2021 10:03:15.0076 AM
[ReportManager] Initial URL: [data:,] @28-10-2021 10:03:15.0125 AM
[ReportManager] Browser Action [NavigateToURL] successfully performed. With the following test data [https://the-internet.herokuapp.com/]. @28-10-2021 10:03:15.0889 A

################################################################################################################################################
Starting Execution:	[82 out of 143] test cases in the current suite
Test Method:		[testPackage01.Test_NewValidationHelper.f17]
################################################################################################################################################
[ReportManager] Attempting to getAttribute [text2] from elementLocator [By.tagName: h1]. @28-10-2021 10:03:15.0892 AM
[ReportManager] Element Action [GetAttribute] successfully performed. @28-10-2021 10:03:15.0970 AM
[ReportManager] Loaded Shared OpenCV @28-10-2021 10:03:16.0189 AM
[ReportManager] Assertion [ValidateElementAttribute] PASSED. Expected [Value Should not be 'Welcome' for the 'text2' attribute, element locator 'By.tagName: h1'] and Actual [null]. Comparison Type [CONTAINS]. Validation Type [NEGATIVE]. @28-10-2021 10:03:16.0387 AM
[ReportManager] Successfully created attachment [Screenshot - 1635415396189_f17_ValidateElementAttribute_passed] @28-10-2021 10:03:16.0389 A
[ReportManager] Successfully Closed All Drivers. @28-10-2021 10:03:16.0473 A
[ReportManager] File Action [GetAbsolutePath] successfully performed. With the following test data [Relative Folder Path: "target/downloadedFiles/"]. @28-10-2021 10:03:16.0475 AM
[ReportManager] Attempting to run remotely on: [Linux-64], [GoogleChrome], [http://localhost:4444/wd/hub], Headless Execution. @28-10-2021 10:03:16.0475 AM
[ReportManager] Successfully Opened [GoogleChrome]. @28-10-2021 10:03:20.0086 AM
[ReportManager] Target URL: [https://the-internet.herokuapp.com/] @28-10-2021 10:03:20.0086 AM
[ReportManager] Initial URL: [data:,] @28-10-2021 10:03:20.0151 AM
[ReportManager] Browser Action [NavigateToURL] successfully performed. With the following test data [https://the-internet.herokuapp.com/]. @28-10-2021 10:03:20.0880 A

################################################################################################################################################
Starting Execution:	[83 out of 143] test cases in the current suite
Test Method:		[testPackage01.Test_NewValidationHelper.f18]
################################################################################################################################################
[ReportManager] Element Action [GetText] successfully performed. With the following test data [Welcome to the-internet]. @28-10-2021 10:03:20.0969 AM
[ReportManager] Loaded Shared OpenCV @28-10-2021 10:03:21.0222 AM
[ReportManager] Assertion [ValidateElementAttribute] PASSED. Expected [Value Should not be 'no' for the 'text' attribute, element locator 'By.tagName: h1'] and Actual [Welcome to the-internet]. Comparison Type [CONTAINS]. Validation Type [NEGATIVE]. @28-10-2021 10:03:21.0433 AM
[ReportManager] Successfully created attachment [Screenshot - 1635415401222_f18_ValidateElementAttribute_passed] @28-10-2021 10:03:21.0435 A
[ReportManager] Successfully Closed All Drivers. @28-10-2021 10:03:21.0531 A

################################################################################################################################################
Starting Execution:	[84 out of 143] test cases in the current suite
Test Method:		[testPackage01.Test_NewValidationHelper.f2]
################################################################################################################################################
[ReportManager] Assertion Failed: Checking valid user data @28-10-2021 10:03:21.0535 AM
[ReportManager] Assertion [ValidateEquals] FAILED. Expected [1] and Actual [2]. Comparison Type [EQUALS]. Validation Type [POSITIVE]. @28-10-2021 10:03:21.0535 A
[ReportManager] File Action [GetAbsolutePath] successfully performed. With the following test data [Relative Folder Path: "target/downloadedFiles/"]. @28-10-2021 10:03:21.0538 AM
[ReportManager] Attempting to run remotely on: [Linux-64], [GoogleChrome], [http://localhost:4444/wd/hub], Headless Execution. @28-10-2021 10:03:21.0538 AM
[ReportManager] Successfully Opened [GoogleChrome]. @28-10-2021 10:03:25.0080 AM
[ReportManager] Target URL: [https://the-internet.herokuapp.com/] @28-10-2021 10:03:25.0080 AM
[ReportManager] Initial URL: [data:,] @28-10-2021 10:03:25.0133 AM
[ReportManager] Browser Action [NavigateToURL] successfully performed. With the following test data [https://the-internet.herokuapp.com/]. @28-10-2021 10:03:25.0831 A

################################################################################################################################################
Starting Execution:	[85 out of 143] test cases in the current suite
Test Method:		[testPackage01.Test_NewValidationHelper.f20]
################################################################################################################################################
[ReportManager] Element Action [GetSize] successfully performed. With the following test data [(970, 61)]. @28-10-2021 10:03:25.0927 AM
[ReportManager] Loaded Shared OpenCV @28-10-2021 10:03:26.0147 AM
[ReportManager] Assertion [ValidateElementAttribute] PASSED. Expected [Value Should not be 'a' for the 'size' attribute, element locator 'By.tagName: h1'] and Actual [(970, 61)]. Comparison Type [CONTAINS]. Validation Type [NEGATIVE]. @28-10-2021 10:03:26.0355 AM
[ReportManager] Successfully created attachment [Screenshot - 1635415406146_f20_ValidateElementAttribute_passed] @28-10-2021 10:03:26.0357 A
[ReportManager] Successfully Closed All Drivers. @28-10-2021 10:03:26.0443 A
[ReportManager] File Action [GetAbsolutePath] successfully performed. With the following test data [Relative Folder Path: "target/downloadedFiles/"]. @28-10-2021 10:03:26.0445 AM
[ReportManager] Attempting to run remotely on: [Linux-64], [GoogleChrome], [http://localhost:4444/wd/hub], Headless Execution. @28-10-2021 10:03:26.0445 AM
[ReportManager] Successfully Opened [GoogleChrome]. @28-10-2021 10:03:30.0076 AM
[ReportManager] Target URL: [https://the-internet.herokuapp.com/] @28-10-2021 10:03:30.0076 AM
[ReportManager] Initial URL: [data:,] @28-10-2021 10:03:30.0138 AM
[ReportManager] Browser Action [NavigateToURL] successfully performed. With the following test data [https://the-internet.herokuapp.com/]. @28-10-2021 10:03:30.0872 A

################################################################################################################################################
Starting Execution:	[86 out of 143] test cases in the current suite
Test Method:		[testPackage01.Test_NewValidationHelper.f21]
################################################################################################################################################
[ReportManager] Element Action [IdentifyUniqueElement] failed. With the following test data [zero elements found matching this locator "By.tagName: h3".]. @28-10-2021 10:03:56.0580 AM
[ReportManager] Successfully created attachment [Screenshot - 1635415436404_f21_IdentifyUniqueElement_failed] @28-10-2021 10:03:56.0581 AM
[ReportManager] Assertion [ValidateElementAttribute] FAILED. Expected [Value Should be 'Welcome' for the 'text' attribute, element locator 'By.tagName: h3'] and Actual [Failed to read the desired element attribute]. Comparison Type [CONTAINS]. Validation Type [POSITIVE]. @28-10-2021 10:03:56.0582 A
[ReportManager] Successfully Closed All Drivers. @28-10-2021 10:03:56.0682 A
[ReportManager] File Action [GetAbsolutePath] successfully performed. With the following test data [Relative Folder Path: "target/downloadedFiles/"]. @28-10-2021 10:03:56.0684 AM
[ReportManager] Attempting to run remotely on: [Linux-64], [GoogleChrome], [http://localhost:4444/wd/hub], Headless Execution. @28-10-2021 10:03:56.0684 AM
[ReportManager] Successfully Opened [GoogleChrome]. @28-10-2021 10:04:00.0086 AM
[ReportManager] Target URL: [https://the-internet.herokuapp.com/] @28-10-2021 10:04:00.0086 AM
[ReportManager] Initial URL: [data:,] @28-10-2021 10:04:00.0140 AM
[ReportManager] Browser Action [NavigateToURL] successfully performed. With the following test data [https://the-internet.herokuapp.com/]. @28-10-2021 10:04:00.0851 A

################################################################################################################################################
Starting Execution:	[87 out of 143] test cases in the current suite
Test Method:		[testPackage01.Test_NewValidationHelper.f22]
################################################################################################################################################
[ReportManager] Element Action [GetText] successfully performed. With the following test data [Welcome to the-internet]. @28-10-2021 10:04:00.0929 AM
[ReportManager] Loaded Shared OpenCV @28-10-2021 10:04:01.0173 AM
[ReportManager] Assertion [ValidateElementAttribute] FAILED. Expected [Value Should be 'yyy' for the 'text' attribute, element locator 'By.tagName: h1'] and Actual [Welcome to the-internet]. Comparison Type [CONTAINS]. Validation Type [POSITIVE]. @28-10-2021 10:04:01.0384 AM
[ReportManager] Successfully created attachment [Screenshot - 1635415441173_f22_ValidateElementAttribute_failed] @28-10-2021 10:04:01.0385 A
[ReportManager] Successfully Closed All Drivers. @28-10-2021 10:04:01.0471 A

################################################################################################################################################
Starting Execution:	[88 out of 143] test cases in the current suite
Test Method:		[testPackage01.Test_NewValidationHelper.f23]
################################################################################################################################################
[ReportManager] Assertion Passed: confirming that the actual is greater than or equal to the expected @28-10-2021 10:04:01.0474 AM
[ReportManager] Assertion [ValidateComparativeRelation] PASSED. Expected [1] and Actual [1]. Comparison Type [GREATER_THAN_OR_EQUALS]. Validation Type [POSITIVE]. @28-10-2021 10:04:01.0474 A

################################################################################################################################################
Starting Execution:	[89 out of 143] test cases in the current suite
Test Method:		[testPackage01.Test_NewValidationHelper.f24]
################################################################################################################################################
[ReportManager] Assertion [ValidateComparativeRelation] PASSED. Expected [1] and Actual [10]. Comparison Type [GREATER_THAN_OR_EQUALS]. Validation Type [POSITIVE]. @28-10-2021 10:04:01.0478 A

################################################################################################################################################
Starting Execution:	[90 out of 143] test cases in the current suite
Test Method:		[testPackage01.Test_NewValidationHelper.f25]
################################################################################################################################################
[ReportManager] Assertion [ValidateComparativeRelation] PASSED. Expected [1] and Actual [1]. Comparison Type [EQUALS]. Validation Type [POSITIVE]. @28-10-2021 10:04:01.0482 A

################################################################################################################################################
Starting Execution:	[91 out of 143] test cases in the current suite
Test Method:		[testPackage01.Test_NewValidationHelper.f26]
################################################################################################################################################
[ReportManager] Assertion [ValidateComparativeRelation] PASSED. Expected [1] and Actual [5]. Comparison Type [GREATER_THAN]. Validation Type [POSITIVE]. @28-10-2021 10:04:01.0486 A

################################################################################################################################################
Starting Execution:	[92 out of 143] test cases in the current suite
Test Method:		[testPackage01.Test_NewValidationHelper.f27]
################################################################################################################################################
[ReportManager] Assertion [ValidateComparativeRelation] PASSED. Expected [11] and Actual [5]. Comparison Type [LESS_THAN]. Validation Type [POSITIVE]. @28-10-2021 10:04:01.0488 A

################################################################################################################################################
Starting Execution:	[93 out of 143] test cases in the current suite
Test Method:		[testPackage01.Test_NewValidationHelper.f28]
################################################################################################################################################
[ReportManager] Assertion [ValidateComparativeRelation] PASSED. Expected [11] and Actual [5]. Comparison Type [LESS_THAN_OR_EQUALS]. Validation Type [POSITIVE]. @28-10-2021 10:04:01.0491 A

################################################################################################################################################
Starting Execution:	[94 out of 143] test cases in the current suite
Test Method:		[testPackage01.Test_NewValidationHelper.f29]
################################################################################################################################################
[ReportManager] Assertion [ValidateComparativeRelation] PASSED. Expected [11] and Actual [11]. Comparison Type [LESS_THAN_OR_EQUALS]. Validation Type [POSITIVE]. @28-10-2021 10:04:01.0493 A

################################################################################################################################################
Starting Execution:	[95 out of 143] test cases in the current suite
Test Method:		[testPackage01.Test_NewValidationHelper.f3]
################################################################################################################################################
[ReportManager] Assertion [ValidateEquals] PASSED. Expected [1] and Actual [2]. Comparison Type [EQUALS]. Validation Type [NEGATIVE]. @28-10-2021 10:04:01.0496 A

################################################################################################################################################
Starting Execution:	[96 out of 143] test cases in the current suite
Test Method:		[testPackage01.Test_NewValidationHelper.f30]
################################################################################################################################################
[ReportManager] Assertion [ValidateComparativeRelation] FAILED. Expected [-9] and Actual [11]. Comparison Type [LESS_THAN_OR_EQUALS]. Validation Type [POSITIVE]. @28-10-2021 10:04:01.0498 A

################################################################################################################################################
Starting Execution:	[97 out of 143] test cases in the current suite
Test Method:		[testPackage01.Test_NewValidationHelper.f31]
################################################################################################################################################
[ReportManager] Assertion [ValidateTrue] PASSED. Expected [TRUE] and Actual [TRUE]. Validation Type [POSITIVE]. @28-10-2021 10:04:01.0500 A

################################################################################################################################################
Starting Execution:	[98 out of 143] test cases in the current suite
Test Method:		[testPackage01.Test_NewValidationHelper.f32]
################################################################################################################################################
[ReportManager] Assertion [ValidateTrue] PASSED. Expected [FALSE] and Actual [FALSE]. Validation Type [NEGATIVE]. @28-10-2021 10:04:01.0502 A

################################################################################################################################################
Starting Execution:	[99 out of 143] test cases in the current suite
Test Method:		[testPackage01.Test_NewValidationHelper.f33]
################################################################################################################################################
[ReportManager] Assertion [ValidateTrue] FAILED. Expected [FALSE] and Actual [TRUE]. Validation Type [NEGATIVE]. @28-10-2021 10:04:01.0504 A

################################################################################################################################################
Starting Execution:	[100 out of 143] test cases in the current suite
Test Method:		[testPackage01.Test_NewValidationHelper.f34]
################################################################################################################################################
[ReportManager] Assertion [ValidateTrue] FAILED. Expected [TRUE] and Actual [FALSE]. Validation Type [POSITIVE]. @28-10-2021 10:04:01.0506 A

################################################################################################################################################
Starting Execution:	[101 out of 143] test cases in the current suite
Test Method:		[testPackage01.Test_NewValidationHelper.f35]
################################################################################################################################################
[ReportManager] File Action [DoesFileExist] successfully performed. With the following test data [File Path: "pom.xml"]. @28-10-2021 10:04:01.0508 AM
[ReportManager] Assertion [ValidateFileExists] PASSED. Expected [File 'pom.xml' should exist, after up to '1' retries] and Actual [File exists]. Validation Type [POSITIVE]. @28-10-2021 10:04:01.0508 A

################################################################################################################################################
Starting Execution:	[102 out of 143] test cases in the current suite
Test Method:		[testPackage01.Test_NewValidationHelper.f36]
################################################################################################################################################
[ReportManager] File Action [DoesFileExist] successfully performed. With the following test data [File Path: "src/test/java/testPackage01/Test_NewValidationHelper.java"]. @28-10-2021 10:04:01.0510 AM
[ReportManager] Assertion [ValidateFileExists] PASSED. Expected [File 'src/test/java/testPackage01/Test_NewValidationHelper.java' should exist, after up to '1' retries] and Actual [File exists]. Validation Type [POSITIVE]. @28-10-2021 10:04:01.0511 A

################################################################################################################################################
Starting Execution:	[103 out of 143] test cases in the current suite
Test Method:		[testPackage01.Test_NewValidationHelper.f37]
################################################################################################################################################
[ReportManager] File Action [DoesFileExist] successfully performed. With the following test data [File Path: "pom.xml"]. @28-10-2021 10:04:01.0516 AM
[ReportManager] Assertion Failed: confirming that the file does't exist after 5 retries @28-10-2021 10:04:01.0516 AM
[ReportManager] Assertion [ValidateFileExists] FAILED. Expected [File 'pom.xml' should not exist, after up to '5' retries] and Actual [File exists]. Validation Type [NEGATIVE]. @28-10-2021 10:04:01.0516 A

################################################################################################################################################
Starting Execution:	[104 out of 143] test cases in the current suite
Test Method:		[testPackage01.Test_NewValidationHelper.f3_1]
################################################################################################################################################
[ReportManager] Assertion Passed: Checking valid user data @28-10-2021 10:04:01.0519 AM
[ReportManager] Assertion [ValidateEquals] PASSED. Expected [null] and Actual [null]. Comparison Type [EQUALS]. Validation Type [POSITIVE]. @28-10-2021 10:04:01.0519 A

################################################################################################################################################
Starting Execution:	[105 out of 143] test cases in the current suite
Test Method:		[testPackage01.Test_NewValidationHelper.f4]
################################################################################################################################################
[ReportManager] Assertion [ValidateEquals] PASSED. Expected [1] and Actual [123]. Comparison Type [CONTAINS]. Validation Type [POSITIVE]. @28-10-2021 10:04:01.0521 A

################################################################################################################################################
Starting Execution:	[106 out of 143] test cases in the current suite
Test Method:		[testPackage01.Test_NewValidationHelper.f5]
################################################################################################################################################
[ReportManager] Assertion [ValidateNull] PASSED. Expected [NULL] and Actual [1]. Comparison Type [EQUALS]. Validation Type [NEGATIVE]. @28-10-2021 10:04:01.0523 A

################################################################################################################################################
Starting Execution:	[107 out of 143] test cases in the current suite
Test Method:		[testPackage01.Test_NewValidationHelper.f6]
################################################################################################################################################
[ReportManager] Assertion Failed: Making sure that null string is not equal to null object @28-10-2021 10:04:01.0526 AM
[ReportManager] Assertion [ValidateNull] FAILED. Expected [NULL] and Actual [NULL]. Comparison Type [EQUALS]. Validation Type [POSITIVE]. @28-10-2021 10:04:01.0526 A

################################################################################################################################################
Starting Execution:	[108 out of 143] test cases in the current suite
Test Method:		[testPackage01.Test_NewValidationHelper.f6_1]
################################################################################################################################################
[ReportManager] Assertion [ValidateNull] FAILED. Expected [NULL] and Actual [NULL]. Comparison Type [EQUALS]. Validation Type [NEGATIVE]. @28-10-2021 10:04:01.0528 A

################################################################################################################################################
Starting Execution:	[109 out of 143] test cases in the current suite
Test Method:		[testPackage01.Test_NewValidationHelper.f6_2]
################################################################################################################################################
[ReportManager] Assertion Failed: Making sure that null string is not equal to null object @28-10-2021 10:04:01.0531 AM
[ReportManager] Assertion [ValidateNull] FAILED. Expected [NULL] and Actual [not null]. Comparison Type [EQUALS]. Validation Type [POSITIVE]. @28-10-2021 10:04:01.0531 A

################################################################################################################################################
Starting Execution:	[110 out of 143] test cases in the current suite
Test Method:		[testPackage01.Test_NewValidationHelper.f7]
################################################################################################################################################
[ReportManager] Assertion [ValidateNull] PASSED. Expected [NULL] and Actual [NULL]. Comparison Type [EQUALS]. Validation Type [POSITIVE]. @28-10-2021 10:04:01.0534 A
[ReportManager] File Action [GetAbsolutePath] successfully performed. With the following test data [Relative Folder Path: "target/downloadedFiles/"]. @28-10-2021 10:04:01.0536 AM
[ReportManager] Attempting to run remotely on: [Linux-64], [GoogleChrome], [http://localhost:4444/wd/hub], Headless Execution. @28-10-2021 10:04:01.0537 AM
[ReportManager] Successfully Opened [GoogleChrome]. @28-10-2021 10:04:05.0073 AM
[ReportManager] Target URL: [https://the-internet.herokuapp.com/] @28-10-2021 10:04:05.0073 AM
[ReportManager] Initial URL: [data:,] @28-10-2021 10:04:05.0142 AM
[ReportManager] Browser Action [NavigateToURL] successfully performed. With the following test data [https://the-internet.herokuapp.com/]. @28-10-2021 10:04:05.0834 A

################################################################################################################################################
Starting Execution:	[111 out of 143] test cases in the current suite
Test Method:		[testPackage01.Test_NewValidationHelper.f8]
################################################################################################################################################
[ReportManager] Loaded Shared OpenCV @28-10-2021 10:04:06.0173 AM
[ReportManager] Assertion [ValidateElementExists] PASSED. Expected [Element Should Exist, locator 'By.tagName: h1'] and Actual [Element Exists]. Comparison Type [EQUALS]. Validation Type [POSITIVE]. @28-10-2021 10:04:06.0394 AM
[ReportManager] Successfully created attachment [Screenshot - 1635415446173_f8_ValidateElementExists_passed] @28-10-2021 10:04:06.0396 A
[ReportManager] Successfully Closed All Drivers. @28-10-2021 10:04:06.0481 A
[ReportManager] File Action [GetAbsolutePath] successfully performed. With the following test data [Relative Folder Path: "target/downloadedFiles/"]. @28-10-2021 10:04:06.0491 AM
[ReportManager] Attempting to run remotely on: [Linux-64], [GoogleChrome], [http://localhost:4444/wd/hub], Headless Execution. @28-10-2021 10:04:06.0491 AM
[ReportManager] Successfully Opened [GoogleChrome]. @28-10-2021 10:04:10.0130 AM
[ReportManager] Target URL: [https://the-internet.herokuapp.com/] @28-10-2021 10:04:10.0130 AM
[ReportManager] Initial URL: [data:,] @28-10-2021 10:04:10.0182 AM
[ReportManager] Browser Action [NavigateToURL] successfully performed. With the following test data [https://the-internet.herokuapp.com/]. @28-10-2021 10:04:10.0904 A

################################################################################################################################################
Starting Execution:	[112 out of 143] test cases in the current suite
Test Method:		[testPackage01.Test_NewValidationHelper.f9]
################################################################################################################################################
[ReportManager] Assertion [ValidateElementExists] FAILED. Expected [Element Should Exist, locator 'By.tagName: h3'] and Actual [Element Doesn't Exists]. Comparison Type [EQUALS]. Validation Type [POSITIVE]. @28-10-2021 10:04:41.0766 AM
[ReportManager] Successfully created attachment [Screenshot - 1635415481587_f9_ValidateElementExists_failed] @28-10-2021 10:04:41.0767 A
[ReportManager] Successfully Closed All Drivers. @28-10-2021 10:04:41.0854 A

################################################################################################################################################
Starting Execution:	[113 out of 143] test cases in the current suite
Test Method:		[testPackage01.Test_NewValidationHelper.forceFail]
################################################################################################################################################
[ReportManager] Assertion [ValidateFail] FAILED. Successfully force failed the test. @28-10-2021 10:04:41.0859 A

################################################################################################################################################
Starting Execution:	[114 out of 143] test cases in the current suite
Test Method:		[testPackage01.Test_NewValidationHelper.forceFail2]
################################################################################################################################################
[ReportManager] Assertion Failed: Custom Message @28-10-2021 10:04:41.0863 AM
[ReportManager] Assertion [ValidateFail] FAILED. Successfully force failed the test. @28-10-2021 10:04:41.0863 A

################################################################################################################################################
Starting Execution:	[115 out of 143] test cases in the current suite
Test Method:		[testPackage01.Test_sendGraphqlRequest.sendGraphqlRequestUsingMutationAndVariables]
################################################################################################################################################
[ReportManager] GraphQl Request is being Performed with the Following Parameters [Service URL: https://api.spacex.land/graphql | Request Body: {"variables":"{\"name\": \"sherlock holmes\",\"rocket\": \"221B Baker Street\"}","query":"mutation ($name: String, $rocket: String) {\n  insert_users(objects: {name: $name, rocket: $rocket}) {\n    returning {\n      name\n      rocket\n    }\n  }\n}"}] @28-10-2021 10:04:41.0869 AM
[ReportManager] Response status code: [200], status line: [HTTP/1.1 200 OK] @28-10-2021 10:04:42.0556 AM
[ReportManager] Assertion Passed: Evaluating the actual response status code against the expected one... @28-10-2021 10:04:42.0557 AM
[ReportManager] Assertion [ValidateEquals] PASSED. Expected [200] and Actual [200]. Comparison Type [EQUALS]. Validation Type [POSITIVE]. @28-10-2021 10:04:42.0557 AM
[ReportManager] API Action [PerformRequest] successfully performed. With the following test data [Request Type: "POST" | Target Status Code: "200" | Service URL: "https://api.spacex.land/graphql" | Content Type: "application/json" | Response Time: "593ms"]. @28-10-2021 10:04:42.0573 AM
[ReportManager] Successfully created attachment [API Request - Specifications] @28-10-2021 10:04:42.0573 AM
[ReportManager] Successfully created attachment [API Request - JSON Body] @28-10-2021 10:04:42.0574 AM
[ReportManager] Successfully created attachment [API Response - JSON Body] @28-10-2021 10:04:42.0574 AM
[ReportManager] API Action [GetResponseJSONValue] successfully performed. With the following test data [data.insert_users.returning[0].name]. @28-10-2021 10:04:42.0624 AM
[ReportManager] Assertion [ValidateEquals] PASSED. Expected [sherlock holmes] and Actual [sherlock holmes]. Comparison Type [EQUALS]. Validation Type [POSITIVE]. @28-10-2021 10:04:42.0624 A

################################################################################################################################################
Starting Execution:	[116 out of 143] test cases in the current suite
Test Method:		[testPackage01.Test_sendGraphqlRequest.sendGraphqlRequestUsingQuery]
################################################################################################################################################
[ReportManager] GraphQl Request is being Performed with the Following Parameters [Service URL: https://api.spacex.land/graphql | Request Body: {"query":"{company {ceo}}"}] @28-10-2021 10:04:42.0629 AM
[ReportManager] Response status code: [200], status line: [HTTP/1.1 200 OK] @28-10-2021 10:04:42.0814 AM
[ReportManager] Assertion Passed: Evaluating the actual response status code against the expected one... @28-10-2021 10:04:42.0814 AM
[ReportManager] Assertion [ValidateEquals] PASSED. Expected [200] and Actual [200]. Comparison Type [EQUALS]. Validation Type [POSITIVE]. @28-10-2021 10:04:42.0815 AM
[ReportManager] API Action [PerformRequest] successfully performed. With the following test data [Request Type: "POST" | Target Status Code: "200" | Service URL: "https://api.spacex.land/graphql" | Content Type: "application/json" | Response Time: "179ms"]. @28-10-2021 10:04:42.0826 AM
[ReportManager] Successfully created attachment [API Request - Specifications] @28-10-2021 10:04:42.0826 AM
[ReportManager] Successfully created attachment [API Request - JSON Body] @28-10-2021 10:04:42.0826 AM
[ReportManager] Successfully created attachment [API Response - JSON Body] @28-10-2021 10:04:42.0827 AM
[ReportManager] API Action [GetResponseJSONValue] successfully performed. With the following test data [data.company.ceo]. @28-10-2021 10:04:42.0838 AM
[ReportManager] Assertion [ValidateEquals] PASSED. Expected [Elon Musk] and Actual [Elon Musk]. Comparison Type [EQUALS]. Validation Type [POSITIVE]. @28-10-2021 10:04:42.0838 A
[ReportManager] Successfully loaded the following test data file [src/test/resources/TestDataFiles/testSuite01/TestData.xlsx]. @28-10-2021 10:04:42.0896 AM
[ReportManager] Successfully created attachment [Test Data - Excel] @28-10-2021 10:04:42.0896 AM
[ReportManager] File Action [GetAbsolutePath] successfully performed. With the following test data [Relative Folder Path: "target/downloadedFiles/"]. @28-10-2021 10:04:42.0896 AM
[ReportManager] Attempting to run remotely on: [Linux-64], [GoogleChrome], [http://localhost:4444/wd/hub], Headless Execution. @28-10-2021 10:04:42.0897 AM
[ReportManager] Successfully Opened [GoogleChrome]. @28-10-2021 10:04:45.0082 A

################################################################################################################################################
Starting Execution:	[117 out of 143] test cases in the current suite
Test Method:		[testPackage01.Test_google.navigateToURLandVerifyGoogleLogoIsDisplayed]
Test Description:	[TC001 - Navigate to URL and Verify Google Logo is Displayed]
################################################################################################################################################
[ReportManager] Target URL: [https://www.google.com/ncr], and after redirection: [https://www.google.com] @28-10-2021 10:04:45.0084 AM
[ReportManager] Initial URL: [data:,] @28-10-2021 10:04:45.0138 AM
[ReportManager] Browser Action [NavigateToURL] successfully performed. With the following test data [https://www.google.com/ncr]. @28-10-2021 10:04:45.0786 AM
[ReportManager] Loaded Shared OpenCV @28-10-2021 10:04:46.0075 AM
[ReportManager] Assertion [ValidateElementExists] PASSED. Expected [Element Should Exist, locator 'By.xpath: //*[@id='hplogo' or @alt='Google']'] and Actual [Element Exists]. Comparison Type [EQUALS]. Validation Type [POSITIVE]. @28-10-2021 10:04:46.0283 AM
[ReportManager] Successfully created attachment [Screenshot - 1635415486075_navigateToURLandVerifyGoogleLogoIsDisplayed_ValidateElementExists_passed] @28-10-2021 10:04:46.0284 A

################################################################################################################################################
Starting Execution:	[118 out of 143] test cases in the current suite
Test Method:		[testPackage01.Test_google.searchForQueryandAssertResultsNumDisplayed]
Test Description:	[TC002 - Search for Query and Assert that the number of results is displayed]
################################################################################################################################################
[ReportManager] Element Action [Type] successfully performed. With the following test data [SHAFT_Engine]. @28-10-2021 10:04:46.0652 AM
[ReportManager] Element Action [KeyPress] successfully performed. With the following test data [Enter]. @28-10-2021 10:04:48.0111 AM
[ReportManager] Element Action [GetText] successfully performed. With the following test data [About 1,100,000 results (0.65 seconds) ]. @28-10-2021 10:04:48.0187 AM
[ReportManager] Loaded Shared OpenCV @28-10-2021 10:04:48.0419 AM
[ReportManager] Assertion [ValidateElementAttribute] PASSED. Expected [Value Should not be '' for the 'Text' attribute, element locator 'By.id: appbar'] and Actual [About 1,100,000 results (0.65 seconds) ]. Comparison Type [EQUALS]. Validation Type [NEGATIVE]. @28-10-2021 10:04:48.0658 AM
[ReportManager] Successfully created attachment [Screenshot - 1635415488419_searchForQueryandAssertResultsNumDisplayed_ValidateElementAttribute_passed] @28-10-2021 10:04:48.0661 A

################################################################################################################################################
Starting Execution:	[119 out of 143] test cases in the current suite
Test Method:		[testPackage01.Test_google.clickNextThrice]
Test Description:	[TC003 - Clicks the next button to make sure that the framework can scroll element into view before clicking it]
################################################################################################################################################
[ReportManager] Element Action [Click] successfully performed. With the following test data [Next]. @28-10-2021 10:04:50.0152 A
[ReportManager] Browser Action [CloseCurrentWindow] successfully performed. @28-10-2021 10:04:50.0321 AM
[ReportManager] Successfully created attachment [Browser Action Test Data - CloseCurrentWindow - Actual Value] @28-10-2021 10:04:50.0323 A
[ReportManager] File Action [GetAbsolutePath] successfully performed. With the following test data [Relative Folder Path: "target/downloadedFiles/"]. @28-10-2021 10:04:50.0325 AM
[ReportManager] Attempting to run remotely on: [Linux-64], [GoogleChrome], [http://localhost:4444/wd/hub], Headless Execution. @28-10-2021 10:04:50.0325 AM
[ReportManager] Successfully Opened [GoogleChrome]. @28-10-2021 10:04:55.0081 A

################################################################################################################################################
Starting Execution:	[120 out of 143] test cases in the current suite
Test Method:		[testPackage01.Test_ShadowDOM.shadowdom]
################################################################################################################################################
[ReportManager] Target URL: [https://mdn.github.io/web-components-examples/popup-info-box-web-component/] @28-10-2021 10:04:55.0083 AM
[ReportManager] Initial URL: [data:,] @28-10-2021 10:04:55.0131 AM
[ReportManager] Browser Action [NavigateToURL] successfully performed. With the following test data [https://mdn.github.io/web-components-examples/popup-info-box-web-component/]. @28-10-2021 10:04:55.0533 AM
[ReportManager] Element Action [Type] successfully performed. With the following test data [Typing into SHADOW DOM...]. @28-10-2021 10:04:55.0867 AM
[ReportManager] Element Action [GetText] successfully performed. With the following test data [Typing into SHADOW DOM...]. @28-10-2021 10:04:55.0978 AM
[ReportManager] Loaded Shared OpenCV @28-10-2021 10:04:56.0183 AM
[ReportManager] Assertion [ValidateElementAttribute] PASSED. Expected [Value Should be 'Typing into SHADOW DOM...' for the 'Text' attribute, element locator 'By.id: cvc'] and Actual [Typing into SHADOW DOM...]. Comparison Type [EQUALS]. Validation Type [POSITIVE]. @28-10-2021 10:04:56.0368 AM
[ReportManager] Successfully created attachment [Screenshot - 1635415496182_shadowdom_ValidateElementAttribute_passed] @28-10-2021 10:04:56.0368 A
[ReportManager] Browser Action [CloseCurrentWindow] successfully performed. @28-10-2021 10:04:56.0496 AM
[ReportManager] Successfully created attachment [Browser Action Test Data - CloseCurrentWindow - Actual Value] @28-10-2021 10:04:56.0496 A

################################################################################################################################################
Starting Execution:	[121 out of 143] test cases in the current suite
Test Method:		[testPackage01.Test_AssertApiResponseEquals.assertApiResponseEquals_expectedToPass]
################################################################################################################################################
[ReportManager] Response status code: [200], status line: [HTTP/1.1 200 OK] @28-10-2021 10:04:56.0613 AM
[ReportManager] Assertion Passed: Evaluating the actual response status code against the expected one... @28-10-2021 10:04:56.0613 AM
[ReportManager] Assertion [ValidateEquals] PASSED. Expected [200] and Actual [200]. Comparison Type [EQUALS]. Validation Type [POSITIVE]. @28-10-2021 10:04:56.0613 AM
[ReportManager] API Action [PerformRequest] successfully performed. With the following test data [Request Type: "GET" | Target Status Code: "200" | Service URL: "https://jsonplaceholder.typicode.com/users" | Content Type: "*/*" | Response Time: "108ms"]. @28-10-2021 10:04:56.0629 AM
[ReportManager] Successfully created attachment [API Request - Specifications] @28-10-2021 10:04:56.0630 AM
[ReportManager] Successfully created attachment [API Response - JSON Body] @28-10-2021 10:04:56.0630 AM
[ReportManager] API Action [GetResponseJSONValueAsList] successfully performed. With the following test data [$]. @28-10-2021 10:04:56.0635 AM
[ReportManager] API Action [GetResponseJSONValue] successfully performed. With the following test data [name]. @28-10-2021 10:04:56.0644 AM
[ReportManager] API Action [GetResponseJSONValue] successfully performed. With the following test data [email]. @28-10-2021 10:04:56.0654 AM
[ReportManager] Verification [ValidateEquals] PASSED. Expected [Sincere@april.biz] and Actual [Sincere@april.biz]. Comparison Type [EQUALS]. Validation Type [POSITIVE]. @28-10-2021 10:04:56.0654 AM
[ReportManager] API Action [GetResponseJSONValue] successfully performed. With the following test data [username]. @28-10-2021 10:04:56.0670 AM
[ReportManager] Assertion [ValidateEquals] PASSED. Expected [Bret] and Actual [Bret]. Comparison Type [EQUALS]. Validation Type [POSITIVE]. @28-10-2021 10:04:56.0670 AM
[ReportManager] API Action [GetResponseJSONValue] successfully performed. With the following test data [name]. @28-10-2021 10:04:56.0682 AM
[ReportManager] API Action [GetResponseJSONValue] successfully performed. With the following test data [name]. @28-10-2021 10:04:56.0691 AM
[ReportManager] API Action [GetResponseJSONValue] successfully performed. With the following test data [name]. @28-10-2021 10:04:56.0700 AM
[ReportManager] API Action [GetResponseJSONValue] successfully performed. With the following test data [name]. @28-10-2021 10:04:56.0713 AM
[ReportManager] API Action [GetResponseJSONValue] successfully performed. With the following test data [name]. @28-10-2021 10:04:56.0724 AM
[ReportManager] API Action [GetResponseJSONValue] successfully performed. With the following test data [name]. @28-10-2021 10:04:56.0763 AM
[ReportManager] API Action [GetResponseJSONValue] successfully performed. With the following test data [name]. @28-10-2021 10:04:56.0773 AM
[ReportManager] API Action [GetResponseJSONValue] successfully performed. With the following test data [name]. @28-10-2021 10:04:56.0780 AM
[ReportManager] API Action [GetResponseJSONValue] successfully performed. With the following test data [name]. @28-10-2021 10:04:56.0788 A
[ReportManager] File Action [GetAbsolutePath] successfully performed. With the following test data [Relative Folder Path: "target/downloadedFiles/"]. @28-10-2021 10:04:56.0797 AM
[ReportManager] Attempting to run remotely on: [Linux-64], [GoogleChrome], [http://localhost:4444/wd/hub], Headless Execution. @28-10-2021 10:04:56.0797 AM
[ReportManager] Successfully Opened [GoogleChrome]. @28-10-2021 10:05:00.0136 A

################################################################################################################################################
Starting Execution:	[122 out of 143] test cases in the current suite
Test Method:		[testPackage01.Test_IsElementClickable.testIsElementClickable]
################################################################################################################################################
[ReportManager] Target URL: [https://the-internet.herokuapp.com/] @28-10-2021 10:05:00.0142 AM
[ReportManager] Initial URL: [data:,] @28-10-2021 10:05:00.0215 AM
[ReportManager] Browser Action [NavigateToURL] successfully performed. With the following test data [https://the-internet.herokuapp.com/]. @28-10-2021 10:05:00.0931 AM
[ReportManager] Element Action [IsElementClickable] successfully performed. @28-10-2021 10:05:01.0088 AM
[ReportManager] Assertion [ValidateTrue] PASSED. Expected [TRUE] and Actual [TRUE]. Validation Type [POSITIVE]. @28-10-2021 10:05:01.0088 A
[ReportManager] Browser Action [CloseCurrentWindow] successfully performed. @28-10-2021 10:05:01.0205 AM
[ReportManager] Successfully created attachment [Browser Action Test Data - CloseCurrentWindow - Actual Value] @28-10-2021 10:05:01.0206 A

################################################################################################################################################
Starting Execution:	[123 out of 143] test cases in the current suite
Test Method:		[testPackage01.Test_JsonCompareWithSpecialCharacters.specialCharacters]
################################################################################################################################################
[ReportManager] File Action [GetAbsolutePath] successfully performed. With the following test data [Relative Folder Path: "src/test/resources/TestJsonFiles/specialCharacters.json"]. @28-10-2021 10:05:01.0212 AM
[ReportManager] File Action [ReadFromFile] successfully performed. With the following test data [File Path: "/home/runner/work/SHAFT_ENGINE/SHAFT_ENGINE/src/test/resources/TestJsonFiles/specialCharacters.json"]. @28-10-2021 10:05:01.0218 AM
[ReportManager] Successfully created attachment [File Action Actual Result - Command Log] @28-10-2021 10:05:01.0218 AM
[ReportManager] Comparing the provided API response with the file at this path "src/test/resources/TestJsonFiles/specialCharacters.json", comparison type "EQUALS" @28-10-2021 10:05:01.0218 AM
[ReportManager] API Action [CompareJSON] successfully performed. With the following test data [src/test/resources/TestJsonFiles/specialCharacters.json]. @28-10-2021 10:05:01.0230 AM
[ReportManager] File Action [GetAbsolutePath] successfully performed. With the following test data [Relative Folder Path: "src/test/resources/TestJsonFiles/specialCharacters.json"]. @28-10-2021 10:05:01.0230 AM
[ReportManager] File Action [ReadFromFile] successfully performed. With the following test data [File Path: "/home/runner/work/SHAFT_ENGINE/SHAFT_ENGINE/src/test/resources/TestJsonFiles/specialCharacters.json"]. @28-10-2021 10:05:01.0230 AM
[ReportManager] Verification [ValidateJSONFileContent] PASSED. Expected [Response data should match the JSON File in this path 'src/test/resources/TestJsonFiles/specialCharacters.json'] and Actual [TRUE]. Comparison Type [EQUALS]. Validation Type [POSITIVE]. @28-10-2021 10:05:01.0235 AM
[ReportManager] Successfully created attachment [Validation Test Data - Expected JSON Value] @28-10-2021 10:05:01.0236 AM
[ReportManager] Successfully created attachment [Validation Test Data - Actual JSON Value] @28-10-2021 10:05:01.0236 A

################################################################################################################################################
Starting Execution:	[124 out of 143] test cases in the current suite
Test Method:		[testPackage01.Test_JsonCompareWithSpecialCharacters.specialCharacters_assertion]
################################################################################################################################################
[ReportManager] File Action [GetAbsolutePath] successfully performed. With the following test data [Relative Folder Path: "src/test/resources/TestJsonFiles/specialCharacters.json"]. @28-10-2021 10:05:01.0240 AM
[ReportManager] File Action [ReadFromFile] successfully performed. With the following test data [File Path: "/home/runner/work/SHAFT_ENGINE/SHAFT_ENGINE/src/test/resources/TestJsonFiles/specialCharacters.json"]. @28-10-2021 10:05:01.0240 AM
[ReportManager] Successfully created attachment [File Action Actual Result - Command Log] @28-10-2021 10:05:01.0240 AM
[ReportManager] Comparing the provided API response with the file at this path "src/test/resources/TestJsonFiles/specialCharacters.json", comparison type "CONTAINS" @28-10-2021 10:05:01.0240 AM
[ReportManager] API Action [CompareJSON] successfully performed. With the following test data [src/test/resources/TestJsonFiles/specialCharacters.json]. @28-10-2021 10:05:01.0285 AM
[ReportManager] File Action [GetAbsolutePath] successfully performed. With the following test data [Relative Folder Path: "src/test/resources/TestJsonFiles/specialCharacters.json"]. @28-10-2021 10:05:01.0285 AM
[ReportManager] File Action [ReadFromFile] successfully performed. With the following test data [File Path: "/home/runner/work/SHAFT_ENGINE/SHAFT_ENGINE/src/test/resources/TestJsonFiles/specialCharacters.json"]. @28-10-2021 10:05:01.0285 AM
[ReportManager] Assertion Passed: trying out the log message @28-10-2021 10:05:01.0289 AM
[ReportManager] Successfully created attachment [Validation Test Data - Expected JSON Value] @28-10-2021 10:05:01.0290 AM
[ReportManager] Successfully created attachment [Validation Test Data - Actual JSON Value] @28-10-2021 10:05:01.0290 AM
[ReportManager] Assertion [ValidateJSONFileContent] PASSED. Expected [Response data should match the JSON File in this path 'src/test/resources/TestJsonFiles/specialCharacters.json'] and Actual [TRUE]. Comparison Type [CONTAINS]. Validation Type [POSITIVE]. @28-10-2021 10:05:01.0290 A
[ReportManager] File Action [GetAbsolutePath] successfully performed. With the following test data [Relative Folder Path: "target/downloadedFiles/"]. @28-10-2021 10:05:01.0292 AM
[ReportManager] Attempting to run remotely on: [Linux-64], [GoogleChrome], [http://localhost:4444/wd/hub], Headless Execution. @28-10-2021 10:05:01.0292 AM
[ReportManager] Successfully Opened [GoogleChrome]. @28-10-2021 10:05:05.0082 A

################################################################################################################################################
Starting Execution:	[125 out of 143] test cases in the current suite
Test Method:		[testPackage01.Test_assertEquals.test_assertElementAttribute]
################################################################################################################################################
[ReportManager] Target URL: [https://www.google.com/ncr], and after redirection: [https://www.google.com] @28-10-2021 10:05:05.0092 AM
[ReportManager] Initial URL: [data:,] @28-10-2021 10:05:05.0149 AM
[ReportManager] Browser Action [NavigateToURL] successfully performed. With the following test data [https://www.google.com/ncr]. @28-10-2021 10:05:05.0795 AM
[ReportManager] Element Action [Type] successfully performed. With the following test data [INC_004010050:Another SCHEDULER with the same name [Duplicate Job Name] already exists.]. @28-10-2021 10:05:06.0465 AM
[ReportManager] Element Action [GetText] successfully performed. With the following test data [INC_004010050:Another SCHEDULER with the same name [Duplicate Job Name] already exists.]. @28-10-2021 10:05:06.0571 AM
[ReportManager] Loaded Shared OpenCV @28-10-2021 10:05:06.0786 AM
[ReportManager] Assertion [ValidateElementAttribute] PASSED. Expected [Value Should be 'INC_004010050:Another SCHEDULER with the same name \[Duplicate Job Name\] already exists.' for the 'text' attribute, element locator 'By.name: q'] and Actual [INC_004010050:Another SCHEDULER with the same name [Duplicate Job Name] already exists.]. Comparison Type [MATCHES]. Validation Type [POSITIVE]. @28-10-2021 10:05:06.0992 AM
[ReportManager] Successfully created attachment [Screenshot - 1635415506786_test_assertElementAttribute_ValidateElementAttribute_passed] @28-10-2021 10:05:06.0993 A
[ReportManager] Browser Action [CloseCurrentWindow] successfully performed. @28-10-2021 10:05:07.0117 AM
[ReportManager] Successfully created attachment [Browser Action Test Data - CloseCurrentWindow - Actual Value] @28-10-2021 10:05:07.0118 A
[ReportManager] File Action [GetAbsolutePath] successfully performed. With the following test data [Relative Folder Path: "target/downloadedFiles/"]. @28-10-2021 10:05:07.0119 AM
[ReportManager] Attempting to run remotely on: [Linux-64], [GoogleChrome], [http://localhost:4444/wd/hub], Headless Execution. @28-10-2021 10:05:07.0119 AM
[ReportManager] Successfully Opened [GoogleChrome]. @28-10-2021 10:05:10.0090 A

################################################################################################################################################
Starting Execution:	[126 out of 143] test cases in the current suite
Test Method:		[testPackage01.Test_verifyEquals.test_assertElementAttribute]
################################################################################################################################################
[ReportManager] Target URL: [https://www.google.com/ncr], and after redirection: [https://www.google.com] @28-10-2021 10:05:10.0095 AM
[ReportManager] Initial URL: [data:,] @28-10-2021 10:05:10.0132 AM
[ReportManager] Browser Action [NavigateToURL] successfully performed. With the following test data [https://www.google.com/ncr]. @28-10-2021 10:05:10.0821 AM
[ReportManager] Element Action [Type] successfully performed. With the following test data [INC_004010050:Another SCHEDULER with the same name [Duplicate Job Name] already exists.]. @28-10-2021 10:05:11.0453 AM
[ReportManager] Element Action [GetText] successfully performed. With the following test data [INC_004010050:Another SCHEDULER with the same name [Duplicate Job Name] already exists.]. @28-10-2021 10:05:11.0559 AM
[ReportManager] Loaded Shared OpenCV @28-10-2021 10:05:11.0786 AM
[ReportManager] Verification [ValidateElementAttribute] PASSED. Expected [Value Should be 'INC_004010050:Another SCHEDULER with the same name \[Duplicate Job Name\] already exists.' for the 'text' attribute, element locator 'By.name: q'] and Actual [INC_004010050:Another SCHEDULER with the same name [Duplicate Job Name] already exists.]. Comparison Type [MATCHES]. Validation Type [POSITIVE]. @28-10-2021 10:05:11.0979 AM
[ReportManager] Successfully created attachment [Screenshot - 1635415511786_test_assertElementAttribute_ValidateElementAttribute_passed] @28-10-2021 10:05:11.0980 A
[ReportManager] Browser Action [CloseCurrentWindow] successfully performed. @28-10-2021 10:05:12.0098 AM
[ReportManager] Successfully created attachment [Browser Action Test Data - CloseCurrentWindow - Actual Value] @28-10-2021 10:05:12.0099 A

################################################################################################################################################
Starting Execution:	[127 out of 143] test cases in the current suite
Test Method:		[testPackage01.Test_JsonActions.f]
###############################################################################################################################################

################################################################################################################################################
Starting Execution:	[128 out of 143] test cases in the current suite
Test Method:		[testPackage01.Test_JsonActions.f2]
###############################################################################################################################################

################################################################################################################################################
Starting Execution:	[129 out of 143] test cases in the current suite
Test Method:		[testPackage01.Test_PDF.testPDF_Downloaded]
################################################################################################################################################
[ReportManager] File Action [DoesFileExist] successfully performed. With the following test data [File Path: "src/test/resources/TestDataFiles/sample.pdf"]. @28-10-2021 10:05:12.0124 AM
[ReportManager] File Action [GetAbsolutePath] successfully performed. With the following test data [Relative File Path: "src/test/resources/TestDataFiles/sample.pdf"]. @28-10-2021 10:05:12.0124 AM
[ReportManager] Assertion [ValidateTrue] PASSED. Expected [TRUE] and Actual [TRUE]. Validation Type [POSITIVE]. @28-10-2021 10:05:14.0001 A
[ReportManager] File Action [GetAbsolutePath] successfully performed. With the following test data [Relative Folder Path: "target/downloadedFiles/"]. @28-10-2021 10:05:14.0006 AM
[ReportManager] Attempting to run remotely on: [Linux-64], [GoogleChrome], [http://localhost:4444/wd/hub], Headless Execution. @28-10-2021 10:05:14.0006 AM
[ReportManager] Successfully Opened [GoogleChrome]. @28-10-2021 10:05:15.0090 A

################################################################################################################################################
Starting Execution:	[130 out of 143] test cases in the current suite
Test Method:		[testPackage01.Test_dragAndDrop.dragAndDropJquery]
################################################################################################################################################
[ReportManager] Target URL: [https://jqueryui.com/resources/demos/droppable/default.html] @28-10-2021 10:05:15.0093 AM
[ReportManager] Initial URL: [data:,] @28-10-2021 10:05:15.0132 AM
[ReportManager] Browser Action [NavigateToURL] successfully performed. With the following test data [https://jqueryui.com/resources/demos/droppable/default.html]. @28-10-2021 10:05:15.0702 AM
[ReportManager] Element Action [GetText] successfully performed. With the following test data [Drop here]. @28-10-2021 10:05:15.0778 AM
[ReportManager] Element Action [DragAndDrop] successfully performed. With the following test data [Start point: (8, 18), End point: (8, 18)]. @28-10-2021 10:05:17.0251 AM
[ReportManager] Element Action [GetText] successfully performed. With the following test data [Dropped!]. @28-10-2021 10:05:17.0324 AM
[ReportManager] Assertion Passed: Checking to see if the text has changed after performing drag and drop @28-10-2021 10:05:17.0325 AM
[ReportManager] Assertion [ValidateEquals] PASSED. Expected [Drop here] and Actual [Dropped!]. Comparison Type [EQUALS]. Validation Type [NEGATIVE]. @28-10-2021 10:05:17.0325 A
[ReportManager] Browser Action [CloseCurrentWindow] successfully performed. @28-10-2021 10:05:17.0456 AM
[ReportManager] Successfully created attachment [Browser Action Test Data - CloseCurrentWindow - Actual Value] @28-10-2021 10:05:17.0456 A
[ReportManager] File Action [GetAbsolutePath] successfully performed. With the following test data [Relative Folder Path: "target/downloadedFiles/"]. @28-10-2021 10:05:17.0458 AM
[ReportManager] Attempting to run remotely on: [Linux-64], [GoogleChrome], [http://localhost:4444/wd/hub], Headless Execution. @28-10-2021 10:05:17.0459 AM
[ReportManager] Successfully Opened [GoogleChrome]. @28-10-2021 10:05:20.0100 A

################################################################################################################################################
Starting Execution:	[131 out of 143] test cases in the current suite
Test Method:		[testPackage01.Test_dragAndDrop.dragAndDrop]
Test Description:	[TC001 - Test Drag and Drop function.]
################################################################################################################################################
[ReportManager] Target URL: [http://the-internet.herokuapp.com/drag_and_drop] @28-10-2021 10:05:20.0106 AM
[ReportManager] Initial URL: [data:,] @28-10-2021 10:05:20.0142 AM
[ReportManager] Browser Action [NavigateToURL] successfully performed. With the following test data [http://the-internet.herokuapp.com/drag_and_drop]. @28-10-2021 10:05:20.0712 AM
[ReportManager] Attempting Drag and Drop @28-10-2021 10:05:20.0713 AM
[ReportManager] Element Action [DragAndDrop] successfully performed. With the following test data [Start point: (492, 89), End point: (707, 89)]. @28-10-2021 10:05:21.0931 A
[ReportManager] Browser Action [CloseCurrentWindow] successfully performed. @28-10-2021 10:05:22.0053 AM
[ReportManager] Successfully created attachment [Browser Action Test Data - CloseCurrentWindow - Actual Value] @28-10-2021 10:05:22.0054 A
[ReportManager] File Action [GetAbsolutePath] successfully performed. With the following test data [Relative Folder Path: "target/downloadedFiles/"]. @28-10-2021 10:05:22.0056 AM
[ReportManager] Attempting to run remotely on: [Linux-64], [GoogleChrome], [http://localhost:4444/wd/hub], Headless Execution. @28-10-2021 10:05:22.0056 AM
[ReportManager] Successfully Opened [GoogleChrome]. @28-10-2021 10:05:25.0090 A

################################################################################################################################################
Starting Execution:	[132 out of 143] test cases in the current suite
Test Method:		[testPackage01.Test_dragAndDrop.dragAndDropByOffset]
Test Description:	[TC002 - Test Drag and Drop by offset function.]
################################################################################################################################################
[ReportManager] Target URL: [https://jqueryui.com/resources/demos/draggable/default.html] @28-10-2021 10:05:25.0096 AM
[ReportManager] Initial URL: [data:,] @28-10-2021 10:05:25.0140 AM
[ReportManager] Browser Action [NavigateToURL] successfully performed. With the following test data [https://jqueryui.com/resources/demos/draggable/default.html]. @28-10-2021 10:05:25.0702 AM
[ReportManager] Element Action [DragAndDropByOffset] successfully performed. With the following test data [Start point: (8, 8), End point: (108, 58)]. @28-10-2021 10:05:26.0184 A
[ReportManager] Browser Action [CloseCurrentWindow] successfully performed. @28-10-2021 10:05:26.0280 AM
[ReportManager] Successfully created attachment [Browser Action Test Data - CloseCurrentWindow - Actual Value] @28-10-2021 10:05:26.0280 A
[ReportManager] File Action [GetAbsolutePath] successfully performed. With the following test data [Relative Folder Path: "target/downloadedFiles/"]. @28-10-2021 10:05:26.0282 AM
[ReportManager] Attempting to run remotely on: [Linux-64], [GoogleChrome], [http://localhost:4444/wd/hub], Headless Execution. @28-10-2021 10:05:26.0282 AM
[ReportManager] Successfully Opened [GoogleChrome]. @28-10-2021 10:05:30.0085 A

################################################################################################################################################
Starting Execution:	[133 out of 143] test cases in the current suite
Test Method:		[testPackage01.Test_clipboardActions.typeTextAndCopyPaste]
################################################################################################################################################
[ReportManager] Target URL: [https://www.google.com/ncr], and after redirection: [https://www.google.com] @28-10-2021 10:05:30.0093 AM
[ReportManager] Initial URL: [data:,] @28-10-2021 10:05:30.0145 AM
[ReportManager] Browser Action [NavigateToURL] successfully performed. With the following test data [https://www.google.com/ncr]. @28-10-2021 10:05:30.0800 AM
[ReportManager] Element Action [Type] successfully performed. With the following test data [FIRST]. @28-10-2021 10:05:31.0182 AM
[ReportManager] Element Action [ClipboardActions] successfully performed. With the following test data [select all]. @28-10-2021 10:05:31.0252 AM
[ReportManager] Element Action [ClipboardActions] successfully performed. With the following test data [copy]. @28-10-2021 10:05:31.0304 AM
[ReportManager] Element Action [ClipboardActions] successfully performed. With the following test data [unselect]. @28-10-2021 10:05:31.0420 AM
[ReportManager] Element Action [ClipboardActions] successfully performed. With the following test data [paste]. @28-10-2021 10:05:31.0479 AM
[ReportManager] Element Action [ClipboardActions] successfully performed. With the following test data [select all]. @28-10-2021 10:05:31.0555 AM
[ReportManager] Element Action [Type] successfully performed. @28-10-2021 10:05:31.0889 AM
[ReportManager] Element Action [ClipboardActions] successfully performed. With the following test data [cut]. @28-10-2021 10:05:31.0889 AM
[ReportManager] Element Action [ClipboardActions] successfully performed. With the following test data [paste]. @28-10-2021 10:05:31.0930 AM
[ReportManager] Element Action [ClipboardActions] successfully performed. With the following test data [paste]. @28-10-2021 10:05:32.0004 A
[ReportManager] Browser Action [CloseCurrentWindow] successfully performed. @28-10-2021 10:05:32.0132 AM
[ReportManager] Successfully created attachment [Browser Action Test Data - CloseCurrentWindow - Actual Value] @28-10-2021 10:05:32.0133 A
[ReportManager] File Action [GetAbsolutePath] successfully performed. With the following test data [Relative Folder Path: "target/downloadedFiles/"]. @28-10-2021 10:05:32.0134 AM
[ReportManager] Attempting to run remotely on: [Linux-64], [GoogleChrome], [http://localhost:4444/wd/hub], Headless Execution. @28-10-2021 10:05:32.0134 AM
[ReportManager] Successfully Opened [GoogleChrome]. @28-10-2021 10:05:35.0091 A

################################################################################################################################################
Starting Execution:	[134 out of 143] test cases in the current suite
Test Method:		[testPackage01.Test_dynamicLoading.dynamicLoading_elementIsHidden]
################################################################################################################################################
[ReportManager] Target URL: [https://the-internet.herokuapp.com/dynamic_loading/1] @28-10-2021 10:05:35.0099 AM
[ReportManager] Initial URL: [data:,] @28-10-2021 10:05:35.0155 AM
[ReportManager] Browser Action [NavigateToURL] successfully performed. With the following test data [https://the-internet.herokuapp.com/dynamic_loading/1]. @28-10-2021 10:05:35.0875 AM
[ReportManager] Element Action [Click] successfully performed. With the following test data [Start]. @28-10-2021 10:05:36.0321 AM
[ReportManager] Element Action [GetText] successfully performed. With the following test data [
    Hello World!
  ]. @28-10-2021 10:05:36.0429 AM
[ReportManager] Loaded Shared OpenCV @28-10-2021 10:05:36.0654 AM
[ReportManager] Assertion [ValidateElementAttribute] PASSED. Expected [Value Should be 'Hello World!' for the 'text' attribute, element locator 'By.id: finish'] and Actual [
    Hello World!
  ]. Comparison Type [CONTAINS]. Validation Type [POSITIVE]. @28-10-2021 10:05:36.0924 AM
[ReportManager] Successfully created attachment [Screenshot - 1635415536654_dynamicLoading_elementIsHidden_ValidateElementAttribute_passed] @28-10-2021 10:05:36.0925 A
[ReportManager] Browser Action [CloseCurrentWindow] successfully performed. @28-10-2021 10:05:37.0027 AM
[ReportManager] Successfully created attachment [Browser Action Test Data - CloseCurrentWindow - Actual Value] @28-10-2021 10:05:37.0028 A
[ReportManager] File Action [GetAbsolutePath] successfully performed. With the following test data [Relative Folder Path: "target/downloadedFiles/"]. @28-10-2021 10:05:37.0029 AM
[ReportManager] Attempting to run remotely on: [Linux-64], [GoogleChrome], [http://localhost:4444/wd/hub], Headless Execution. @28-10-2021 10:05:37.0029 AM
[ReportManager] Successfully Opened [GoogleChrome]. @28-10-2021 10:05:40.0104 A

################################################################################################################################################
Starting Execution:	[135 out of 143] test cases in the current suite
Test Method:		[testPackage01.Test_dynamicLoading.dynamicLoading_elementIsRendered]
################################################################################################################################################
[ReportManager] Target URL: [https://the-internet.herokuapp.com/dynamic_loading/2] @28-10-2021 10:05:40.0106 AM
[ReportManager] Initial URL: [data:,] @28-10-2021 10:05:40.0141 AM
[ReportManager] Browser Action [NavigateToURL] successfully performed. With the following test data [https://the-internet.herokuapp.com/dynamic_loading/2]. @28-10-2021 10:05:40.0911 AM
[ReportManager] Element Action [Click] successfully performed. With the following test data [Start]. @28-10-2021 10:05:41.0361 AM
[ReportManager] Element Action [GetText] successfully performed. With the following test data [Hello World!]. @28-10-2021 10:05:46.0498 AM
[ReportManager] Loaded Shared OpenCV @28-10-2021 10:05:46.0722 AM
[ReportManager] Assertion [ValidateElementAttribute] PASSED. Expected [Value Should be 'Hello World!' for the 'text' attribute, element locator 'By.id: finish'] and Actual [Hello World!]. Comparison Type [CONTAINS]. Validation Type [POSITIVE]. @28-10-2021 10:05:46.0904 AM
[ReportManager] Successfully created attachment [Screenshot - 1635415546722_dynamicLoading_elementIsRendered_ValidateElementAttribute_passed] @28-10-2021 10:05:46.0905 A
[ReportManager] Browser Action [CloseCurrentWindow] successfully performed. @28-10-2021 10:05:47.0017 AM
[ReportManager] Successfully created attachment [Browser Action Test Data - CloseCurrentWindow - Actual Value] @28-10-2021 10:05:47.0018 A
[ReportManager] File Action [GetAbsolutePath] successfully performed. With the following test data [Relative Folder Path: "target/downloadedFiles/"]. @28-10-2021 10:05:47.0019 AM
[ReportManager] Attempting to run remotely on: [Linux-64], [GoogleChrome], [http://localhost:4444/wd/hub], Headless Execution. @28-10-2021 10:05:47.0020 AM
[ReportManager] Successfully Opened [GoogleChrome]. @28-10-2021 10:05:50.0089 A

################################################################################################################################################
Starting Execution:	[136 out of 143] test cases in the current suite
Test Method:		[testPackage01.Test_uploadFile.uploadFile_invisibleUploadInput]
################################################################################################################################################
[ReportManager] Target URL: [https://fineuploader.com/demos.html#gallery-view] @28-10-2021 10:05:50.0092 AM
[ReportManager] Initial URL: [data:,] @28-10-2021 10:05:50.0142 AM
[ReportManager] Browser Action [NavigateToURL] successfully performed. With the following test data [https://fineuploader.com/demos.html#gallery-view]. @28-10-2021 10:05:51.0662 AM
[ReportManager] File Action [GetAbsolutePath] successfully performed. With the following test data [Relative File Path: "src/main/resources/images/shaft.png"]. @28-10-2021 10:05:51.0662 AM
[ReportManager] Successfully created attachment [File Action Actual Result - Command Log] @28-10-2021 10:05:51.0663 AM
[ReportManager] Element Action [TypeFileLocationForUpload] successfully performed. With the following test data [/home/runner/work/SHAFT_ENGINE/SHAFT_ENGINE/src/main/resources/images/shaft.png]. @28-10-2021 10:05:51.0811 AM
[ReportManager] Attempting to getAttribute [src] from elementLocator [By.xpath: //div[@id='fine-uploader-gallery']//div[@class='qq-thumbnail-wrapper']/img]. @28-10-2021 10:05:51.0811 AM
[ReportManager] Element Action [GetAttribute] successfully performed. @28-10-2021 10:05:51.0936 AM
[ReportManager] Successfully created attachment [Element Action Test Data - GetAttribute - Actual Value] @28-10-2021 10:05:51.0937 AM
[ReportManager] Loaded Shared OpenCV @28-10-2021 10:05:52.0172 AM
[ReportManager] Assertion [ValidateElementAttribute] PASSED. Expected and Actual values are attached. Comparison Type [CONTAINS]. Validation Type [POSITIVE]. @28-10-2021 10:05:52.0397 AM
[ReportManager] Successfully created attachment [Validation Test Data - Expected Value] @28-10-2021 10:05:52.0397 AM
[ReportManager] Successfully created attachment [Validation Test Data - Actual Value] @28-10-2021 10:05:52.0397 AM
[ReportManager] Successfully created attachment [Screenshot - 1635415552172_uploadFile_invisibleUploadInput_ValidateElementAttribute_passed] @28-10-2021 10:05:52.0399 A
[ReportManager] Browser Action [CloseCurrentWindow] successfully performed. @28-10-2021 10:05:52.0538 AM
[ReportManager] Successfully created attachment [Browser Action Test Data - CloseCurrentWindow - Actual Value] @28-10-2021 10:05:52.0539 A
[ReportManager] File Action [GetAbsolutePath] successfully performed. With the following test data [Relative Folder Path: "target/downloadedFiles/"]. @28-10-2021 10:05:52.0541 AM
[ReportManager] Attempting to run remotely on: [Linux-64], [GoogleChrome], [http://localhost:4444/wd/hub], Headless Execution. @28-10-2021 10:05:52.0542 AM
[ReportManager] Successfully Opened [GoogleChrome]. @28-10-2021 10:05:55.0092 A

################################################################################################################################################
Starting Execution:	[137 out of 143] test cases in the current suite
Test Method:		[testPackage01.Test_uploadFile.uploadFile_visibleUploadInput]
################################################################################################################################################
[ReportManager] Target URL: [http://demo.guru99.com/test/upload/] @28-10-2021 10:05:55.0094 AM
[ReportManager] Initial URL: [data:,] @28-10-2021 10:05:55.0162 AM
[ReportManager] Browser Action [NavigateToURL] successfully performed. With the following test data [http://demo.guru99.com/test/upload/]. @28-10-2021 10:05:56.0850 AM
[ReportManager] File Action [GetAbsolutePath] successfully performed. With the following test data [Relative File Path: "src/main/resources/images/shaft.png"]. @28-10-2021 10:05:56.0850 AM
[ReportManager] Successfully created attachment [File Action Actual Result - Command Log] @28-10-2021 10:05:56.0851 AM
[ReportManager] Element Action [TypeFileLocationForUpload] successfully performed. With the following test data [/home/runner/work/SHAFT_ENGINE/SHAFT_ENGINE/src/main/resources/images/shaft.png]. @28-10-2021 10:05:56.0980 AM
[ReportManager] Element Action [Click] successfully performed. With the following test data [on]. @28-10-2021 10:05:57.0415 AM
[ReportManager] Element Action [Click] successfully performed. With the following test data [Submit File]. @28-10-2021 10:05:57.0855 AM
[ReportManager] Element Action [GetText] successfully performed. With the following test data [1 file
has been successfully uploaded.]. @28-10-2021 10:05:58.0507 AM
[ReportManager] Loaded Shared OpenCV @28-10-2021 10:05:58.0716 AM
[ReportManager] Assertion [ValidateElementAttribute] PASSED. Expected [Value Should be '1 file' for the 'Text' attribute, element locator 'By.id: res'] and Actual [1 file
has been successfully uploaded.]. Comparison Type [CONTAINS]. Validation Type [POSITIVE]. @28-10-2021 10:05:58.0907 AM
[ReportManager] Successfully created attachment [Screenshot - 1635415558716_uploadFile_visibleUploadInput_ValidateElementAttribute_passed] @28-10-2021 10:05:58.0908 A
[ReportManager] Browser Action [CloseCurrentWindow] successfully performed. @28-10-2021 10:05:59.0023 AM
[ReportManager] Successfully created attachment [Browser Action Test Data - CloseCurrentWindow - Actual Value] @28-10-2021 10:05:59.0024 A

################################################################################################################################################
Starting Execution:	[138 out of 143] test cases in the current suite
Test Method:		[testPackage01.Test_SelectedValue.multipleSelect]
################################################################################################################################################
[ReportManager] File Action [GetAbsolutePath] successfully performed. With the following test data [Relative Folder Path: "target/downloadedFiles/"]. @28-10-2021 10:05:59.0028 AM
[ReportManager] Attempting to run remotely on: [Linux-64], [GoogleChrome], [http://localhost:4444/wd/hub], Headless Execution. @28-10-2021 10:05:59.0029 AM
[ReportManager] Successfully Opened [GoogleChrome]. @28-10-2021 10:06:00.0095 AM
[ReportManager] Target URL: [https://yari-demos.prod.mdn.mozit.cloud/en-US/docs/Web/HTML/Element/select/_sample_.Advanced_select_with_multiple_features.html] @28-10-2021 10:06:00.0096 AM
[ReportManager] Initial URL: [data:,] @28-10-2021 10:06:00.0134 AM
[ReportManager] Browser Action [NavigateToURL] successfully performed. With the following test data [https://yari-demos.prod.mdn.mozit.cloud/en-US/docs/Web/HTML/Element/select/_sample_.Advanced_select_with_multiple_features.html]. @28-10-2021 10:06:00.0463 AM
[ReportManager] Element Action [Select] successfully performed. With the following test data [Dog]. @28-10-2021 10:06:00.0718 AM
[ReportManager] Element Action [Select] successfully performed. With the following test data [Cat]. @28-10-2021 10:06:00.0988 AM
[ReportManager] Element Action [GetSelectedText] successfully performed. With the following test data [DogCat]. @28-10-2021 10:06:01.0156 AM
[ReportManager] DogCat @28-10-2021 10:06:01.0159 AM
[ReportManager] Element Action [GetSelectedText] successfully performed. With the following test data [DogCat]. @28-10-2021 10:06:01.0304 AM
[ReportManager] Loaded Shared OpenCV @28-10-2021 10:06:01.0531 AM
[ReportManager] Assertion [ValidateElementAttribute] PASSED. Expected [Value Should be 'DogCat' for the 'selectedText' attribute, element locator 'By.tagName: select'] and Actual [DogCat]. Comparison Type [EQUALS]. Validation Type [POSITIVE]. @28-10-2021 10:06:01.0719 AM
[ReportManager] Successfully created attachment [Screenshot - 1635415561531_multipleSelect_ValidateElementAttribute_passed] @28-10-2021 10:06:01.0719 AM
[ReportManager] Browser Action [CloseCurrentWindow] successfully performed. @28-10-2021 10:06:01.0828 AM
[ReportManager] Successfully created attachment [Browser Action Test Data - CloseCurrentWindow - Actual Value] @28-10-2021 10:06:01.0829 A

################################################################################################################################################
Starting Execution:	[139 out of 143] test cases in the current suite
Test Method:		[testPackage01.Test_SelectedValue.simpleSelect]
################################################################################################################################################
[ReportManager] File Action [GetAbsolutePath] successfully performed. With the following test data [Relative Folder Path: "target/downloadedFiles/"]. @28-10-2021 10:06:01.0832 AM
[ReportManager] Attempting to run remotely on: [Linux-64], [GoogleChrome], [http://localhost:4444/wd/hub], Headless Execution. @28-10-2021 10:06:01.0832 AM
[ReportManager] Successfully Opened [GoogleChrome]. @28-10-2021 10:06:05.0093 AM
[ReportManager] Target URL: [https://yari-demos.prod.mdn.mozit.cloud/en-US/docs/Web/HTML/Element/select/_sample_.Basic_select.html] @28-10-2021 10:06:05.0094 AM
[ReportManager] Initial URL: [data:,] @28-10-2021 10:06:05.0206 AM
[ReportManager] Browser Action [NavigateToURL] successfully performed. With the following test data [https://yari-demos.prod.mdn.mozit.cloud/en-US/docs/Web/HTML/Element/select/_sample_.Basic_select.html]. @28-10-2021 10:06:05.0412 AM
[ReportManager] Element Action [Select] successfully performed. With the following test data [Third Value]. @28-10-2021 10:06:05.0760 AM
[ReportManager] Element Action [GetSelectedText] successfully performed. With the following test data [Third Value]. @28-10-2021 10:06:05.0889 AM
[ReportManager] Third Value @28-10-2021 10:06:05.0889 AM
[ReportManager] Element Action [GetSelectedText] successfully performed. With the following test data [Third Value]. @28-10-2021 10:06:05.0983 AM
[ReportManager] Loaded Shared OpenCV @28-10-2021 10:06:06.0197 AM
[ReportManager] Assertion [ValidateElementAttribute] PASSED. Expected [Value Should be 'Third Value' for the 'selectedText' attribute, element locator 'By.tagName: select'] and Actual [Third Value]. Comparison Type [EQUALS]. Validation Type [POSITIVE]. @28-10-2021 10:06:06.0391 AM
[ReportManager] Successfully created attachment [Screenshot - 1635415566197_simpleSelect_ValidateElementAttribute_passed] @28-10-2021 10:06:06.0391 AM
[ReportManager] Browser Action [CloseCurrentWindow] successfully performed. @28-10-2021 10:06:06.0483 AM
[ReportManager] Successfully created attachment [Browser Action Test Data - CloseCurrentWindow - Actual Value] @28-10-2021 10:06:06.0484 A

################################################################################################################################################
Starting Execution:	[140 out of 143] test cases in the current suite
Test Method:		[testPackage01.Test_JSONFileManager.readStringFromJson]
################################################################################################################################################
[ReportManager] Successfully loaded the following test data file [src/test/resources/TestDataFiles/simpleJSON.json]. @28-10-2021 10:06:06.0489 AM
[ReportManager] Successfully created attachment [Test Data - JSON] @28-10-2021 10:06:06.0490 AM
[ReportManager] Assertion [ValidateEquals] PASSED. Expected [Mohab Mohie] and Actual [Mohab Mohie]. Comparison Type [EQUALS]. Validation Type [POSITIVE]. @28-10-2021 10:06:06.0501 A
[ReportManager] Successfully loaded the following test data file [src/test/resources/TestDataFiles/testSuite01/TestData.xlsx]. @28-10-2021 10:06:06.0530 AM
[ReportManager] Successfully created attachment [Test Data - Excel] @28-10-2021 10:06:06.0530 AM
[ReportManager] Attempting to run using Playwright locally on: [Linux-64], [GoogleChrome], Headless Execution. @28-10-2021 10:06:19.0749 AM
[ReportManager] File Action [GetAbsolutePath] successfully performed. With the following test data [Relative Folder Path: "target/downloadedFiles/"]. @28-10-2021 10:06:19.0750 AM
[ReportManager] Initial window size: (1280, 720) @28-10-2021 10:06:20.0056 AM
[ReportManager] Window size after Toolkit: com.microsoft.playwright.options.ViewportSize@550cfaed @28-10-2021 10:06:20.0060 AM
[ReportManager] Browser Action [MaximizeWindow] successfully performed. With the following test data [New screen size is now: (1920, 1080)]. @28-10-2021 10:06:20.0060 A

################################################################################################################################################
Starting Execution:	[141 out of 143] test cases in the current suite
Test Method:		[testPackage01.Test_google_playwright.navigateToURLandVerifyGoogleLogoIsDisplayed]
Test Description:	[TC001 - Navigate to URL and Verify Google Logo is Displayed]
################################################################################################################################################
[ReportManager] Target URL: [https://www.google.com/ncr], and after redirection: [https://www.google.com] @28-10-2021 10:06:20.0063 AM
[ReportManager] Initial URL: [about:blank] @28-10-2021 10:06:20.0548 AM
[ReportManager] Browser Action [NavigateToURL] successfully performed. With the following test data [https://www.google.com/ncr]. @28-10-2021 10:06:22.0771 AM
[ReportManager] Loaded Shared OpenCV @28-10-2021 10:06:22.0961 AM
[ReportManager] Assertion [ValidateElementExists] PASSED. Expected [Element Should Exist, locator 'xpath=//*[@id='hplogo' or @alt='Google']'] and Actual [Element Exists]. Comparison Type [EQUALS]. Validation Type [POSITIVE]. @28-10-2021 10:06:23.0142 AM
[ReportManager] Successfully created attachment [Screenshot - 1635415582957_navigateToURLandVerifyGoogleLogoIsDisplayed_ValidateElementExists_passed] @28-10-2021 10:06:23.0143 A

################################################################################################################################################
Starting Execution:	[142 out of 143] test cases in the current suite
Test Method:		[testPackage01.Test_google_playwright.searchForQueryandAssertResultsNumDisplayed]
Test Description:	[TC002 - Search for Query and Assert that the number of results is displayed]
################################################################################################################################################
[ReportManager] Element Action [Type] successfully performed. With the following test data [SHAFT_Engine]. @28-10-2021 10:06:23.0387 AM
[ReportManager] Element Action [KeyPress] successfully performed. With the following test data [Enter]. @28-10-2021 10:06:23.0418 AM
[ReportManager] Element Action [GetText] successfully performed. With the following test data [About 836,000 results (0.65 seconds)]. @28-10-2021 10:06:24.0423 AM
[ReportManager] Loaded Shared OpenCV @28-10-2021 10:06:26.0480 AM
[ReportManager] Assertion [ValidateElementAttribute] PASSED. Expected [Value Should not be '' for the 'text' attribute, element locator 'xpath=//div[@id='appbar']'] and Actual [About 836,000 results (0.65 seconds)]. Comparison Type [EQUALS]. Validation Type [NEGATIVE]. @28-10-2021 10:06:26.0712 AM
[ReportManager] Successfully created attachment [Screenshot - 1635415586469_searchForQueryandAssertResultsNumDisplayed_ValidateElementAttribute_passed] @28-10-2021 10:06:26.0714 A

################################################################################################################################################
Starting Execution:	[143 out of 143] test cases in the current suite
Test Method:		[testPackage01.Test_google_playwright.clickNextThrice]
Test Description:	[TC003 - Clicks the next button to make sure that the framework can scroll element into view before clicking it]
################################################################################################################################################
[ReportManager] Element Action [Click] successfully performed. With the following test data [Next]. @28-10-2021 10:06:26.0960 A
[ReportManager] Failed to find video recording. @28-10-2021 10:06:26.0961 AM
[ReportManager] Successfully Closed PlayWright Driver. @28-10-2021 10:06:27.0006 A

################################################################################################################################################
Test Closure Activities
################################################################################################################################################
[ReportManager] Successfully created attachment [SHAFT Engine Logs - Execution log] @28-10-2021 10:06:27.0025 AM

################################################################################################################################################
This test run was powered by SHAFT Engine Version: [SHAFT Engine v5.4.20211025-BETA]
SHAFT Engine is licensed under the MIT License: [https://github.com/MohabMohie/SHAFT_ENGINE/blob/master/LICENSE].
################################################################################################################################################