################################################################################################################################################
Detected SHAFT Engine Version: [SHAFT Engine v6.1.20220113]
################################################################################################################################################
[ReportManager] File Action [GetAbsolutePath] successfully performed. With the following test data [Relative Folder Path: "target/downloadedFiles/"]. @16-01-2022 02:02:40.0855 AM
[ReportManager] Attempting to run locally on: [Mac-64], [Safari], Headless Execution. @16-01-2022 02:02:40.0870 AM
[ReportManager] Successfully Opened Safari. @16-01-2022 02:02:47.0806 AM
[ReportManager] Initial window size: (800, 600) @16-01-2022 02:02:47.0828 AM
[ReportManager] Window size after SWD Maximize: (1176, 802) @16-01-2022 02:02:47.0873 AM
[ReportManager] Browser Action [MaximizeWindow] successfully performed. With the following test data [New screen size is now: (1176, 802)]. @16-01-2022 02:02:47.0881 A

################################################################################################################################################
Starting Execution:	[1 out of 161] test cases in the current suite
Test Method:		[unitTests.tests_element_elementActions.waitForElementToBePresent_false_expectedToFail]
################################################################################################################################################
[ReportManager] Target URL: [https://www.google.com/ncr], and after redirection: [www.google.com] @16-01-2022 02:02:48.0113 AM
[ReportManager] Initial URL: [] @16-01-2022 02:02:48.0187 AM
[ReportManager] Browser Action [NavigateToURL] successfully performed. With the following test data [https://www.google.com/ncr]. @16-01-2022 02:02:50.0623 AM
[ReportManager] Waiting for element to be present; elementLocator [By.xpath: //*[@id='hplogo' or @alt='Google']], numberOfTries[1], stateOfPresence[false]... @16-01-2022 02:02:50.0634 AM
[ReportManager] Element Action [WaitForElementToBePresent] failed. With the following test data [waited for the element's state of presence to be (false). Element locator (By.xpath: //*[@id='hplogo' or @alt='Google'])]. @16-01-2022 02:02:56.0821 AM
[ReportManager] Successfully created attachment [Screenshot - 1642298570774_waitForElementToBePresent_false_expectedToFail_WaitForElementToBePresent_failed] @16-01-2022 02:02:56.0831 A
[ReportManager] Browser Action [CloseCurrentWindow] successfully performed. @16-01-2022 02:02:57.0083 AM
[ReportManager] Successfully created attachment [Browser Action Test Data - CloseCurrentWindow - Actual Value] @16-01-2022 02:02:57.0084 A
[ReportManager] File Action [GetAbsolutePath] successfully performed. With the following test data [Relative Folder Path: "target/downloadedFiles/"]. @16-01-2022 02:02:57.0097 AM
[ReportManager] Attempting to run locally on: [Mac-64], [Safari], Headless Execution. @16-01-2022 02:02:57.0097 AM
[ReportManager] Successfully Opened Safari. @16-01-2022 02:02:58.0045 AM
[ReportManager] Initial window size: (800, 600) @16-01-2022 02:02:58.0073 AM
[ReportManager] Window size after SWD Maximize: (1176, 803) @16-01-2022 02:02:58.0108 AM
[ReportManager] Browser Action [MaximizeWindow] successfully performed. With the following test data [New screen size is now: (1176, 803)]. @16-01-2022 02:02:58.0109 A

################################################################################################################################################
Starting Execution:	[2 out of 161] test cases in the current suite
Test Method:		[unitTests.tests_element_elementActions.waitForElementToBePresent_false_expectedToPass]
################################################################################################################################################
[ReportManager] Target URL: [https://www.google.com/ncr], and after redirection: [www.google.com] @16-01-2022 02:02:58.0117 AM
[ReportManager] Initial URL: [] @16-01-2022 02:02:58.0168 AM
[ReportManager] Browser Action [NavigateToURL] successfully performed. With the following test data [https://www.google.com/ncr]. @16-01-2022 02:02:59.0910 AM
[ReportManager] Waiting for element to be present; elementLocator [By.id: bla], numberOfTries[1], stateOfPresence[false]... @16-01-2022 02:02:59.0911 AM
[ReportManager] org.openqa.selenium.TimeoutException:
Expected condition failed: waiting for com.shaft.gui.element.ElementActionsHelper$$Lambda$641/0x000000080112b9c0@f10927f (tried for 5 second(s) with 1000 milliseconds interval)
org.openqa.selenium.support.ui.FluentWait.timeoutException(FluentWait.java:263)
org.openqa.selenium.support.ui.FluentWait.until(FluentWait.java:231)
com.shaft.gui.element.ElementActionsHelper.waitForElementPresence(ElementActionsHelper.java:89)
com.shaft.gui.element.ElementActionsHelper.waitForElementPresence(ElementActionsHelper.java:37)
com.shaft.gui.element.WebDriverElementActions.getMatchingElementsCount(WebDriverElementActions.java:1481)
com.shaft.gui.element.WebDriverElementActions.waitForElementToBePresent(WebDriverElementActions.java:1295)
com.shaft.gui.element.ElementActions.waitForElementToBePresent(ElementActions.java:630)
unitTests.tests_element_elementActions.waitForElementToBePresent_false_expectedToPass(tests_element_elementActions.java:48)
java.base/jdk.internal.reflect.NativeMethodAccessorImpl.invoke0(Native Method)
java.base/jdk.internal.reflect.NativeMethodAccessorImpl.invoke(NativeMethodAccessorImpl.java:77)
java.base/jdk.internal.reflect.DelegatingMethodAccessorImpl.invoke(DelegatingMethodAccessorImpl.java:43)
java.base/java.lang.reflect.Method.invoke(Method.java:568)
org.testng.internal.invokers.MethodInvocationHelper.invokeMethod(MethodInvocationHelper.java:135)
org.testng.internal.invokers.TestInvoker.invokeMethod(TestInvoker.java:673)
org.testng.internal.invokers.TestInvoker.invokeTestMethod(TestInvoker.java:220)
org.testng.internal.invokers.MethodRunner.runInSequence(MethodRunner.java:50)
org.testng.internal.invokers.TestInvoker$MethodInvocationAgent.invoke(TestInvoker.java:945)
org.testng.internal.invokers.TestInvoker.invokeTestMethods(TestInvoker.java:193)
org.testng.internal.invokers.TestMethodWorker.invokeTestMethods(TestMethodWorker.java:146)
org.testng.internal.invokers.TestMethodWorker.run(TestMethodWorker.java:128)
java.base/java.util.ArrayList.forEach(ArrayList.java:1511)
org.testng.TestRunner.privateRun(TestRunner.java:808)
org.testng.TestRunner.run(TestRunner.java:603)
org.testng.SuiteRunner.runTest(SuiteRunner.java:429)
org.testng.SuiteRunner.runSequentially(SuiteRunner.java:423)
org.testng.SuiteRunner.privateRun(SuiteRunner.java:383)
org.testng.SuiteRunner.run(SuiteRunner.java:326)
org.testng.SuiteRunnerWorker.runSuite(SuiteRunnerWorker.java:52)
org.testng.SuiteRunnerWorker.run(SuiteRunnerWorker.java:95)
org.testng.TestNG.runSuitesSequentially(TestNG.java:1249)
org.testng.TestNG.runSuitesLocally(TestNG.java:1169)
org.testng.TestNG.runSuites(TestNG.java:1092)
org.testng.TestNG.run(TestNG.java:1060)
org.apache.maven.surefire.testng.TestNGExecutor.run(TestNGExecutor.java:136)
org.apache.maven.surefire.testng.TestNGDirectoryTestSuite.executeMulti(TestNGDirectoryTestSuite.java:193)
org.apache.maven.surefire.testng.TestNGDirectoryTestSuite.execute(TestNGDirectoryTestSuite.java:94)
org.apache.maven.surefire.testng.TestNGProvider.invoke(TestNGProvider.java:145)
org.apache.maven.surefire.booter.ForkedBooter.runSuitesInProcess(ForkedBooter.java:428)
org.apache.maven.surefire.booter.ForkedBooter.execute(ForkedBooter.java:162)
org.apache.maven.surefire.booter.ForkedBooter.run(ForkedBooter.java:562)
org.apache.maven.surefire.booter.ForkedBooter.main(ForkedBooter.java:548)

Caused by: org.openqa.selenium.NoSuchElementException:
For documentation on this error, please visit: https://selenium.dev/exceptions/#no_such_element
Build info: version: '4.1.1', revision: 'e8fcc2cecf'
System info: host: 'Mac-1642297227512.local', ip: '10.212.6.6', os.name: 'Mac OS X', os.arch: 'x86_64', os.version: '11.5', java.version: '17.0.1'
Driver info: org.openqa.selenium.safari.SafariDriver
Command: [F9043ED1-7F9B-4E41-BB2E-AA9EA85A8C41, findElement {using=id, value=bla}]
Capabilities {acceptInsecureCerts: false, browserName: Safari, browserVersion: 15.2, goog:loggingPrefs: {browser: ALL, client: ALL, driver: ALL, performance: ALL, profiler: ALL, server: ALL}, javascriptEnabled: true, pageLoadStrategy: normal, platform: MAC, platformName: MAC, safari:automaticInspection: false, safari:automaticProfiling: false, safari:diagnose: false, safari:platformBuildVersion: 20G314, safari:platformVersion: 11.6.2, safari:useSimulator: false, setWindowRect: true, strictFileInteractability: false, timeouts: {pageLoad: 30000, script: 30000}, webkit:WebRTC: {DisableICECandidateFiltering: false, DisableInsecureMediaCapture: false}}
Session ID: F9043ED1-7F9B-4E41-BB2E-AA9EA85A8C41
java.base/jdk.internal.reflect.NativeConstructorAccessorImpl.newInstance0(Native Method)
java.base/jdk.internal.reflect.NativeConstructorAccessorImpl.newInstance(NativeConstructorAccessorImpl.java:77)
java.base/jdk.internal.reflect.DelegatingConstructorAccessorImpl.newInstance(DelegatingConstructorAccessorImpl.java:45)
java.base/java.lang.reflect.Constructor.newInstanceWithCaller(Constructor.java:499)
java.base/java.lang.reflect.Constructor.newInstance(Constructor.java:480)
org.openqa.selenium.remote.codec.w3c.W3CHttpResponseCodec.createException(W3CHttpResponseCodec.java:200)
org.openqa.selenium.remote.codec.w3c.W3CHttpResponseCodec.decode(W3CHttpResponseCodec.java:133)
org.openqa.selenium.remote.codec.w3c.W3CHttpResponseCodec.decode(W3CHttpResponseCodec.java:53)
org.openqa.selenium.remote.HttpCommandExecutor.execute(HttpCommandExecutor.java:184)
org.openqa.selenium.remote.service.DriverCommandExecutor.invokeExecute(DriverCommandExecutor.java:167)
org.openqa.selenium.remote.service.DriverCommandExecutor.execute(DriverCommandExecutor.java:142)
org.openqa.selenium.remote.RemoteWebDriver.execute(RemoteWebDriver.java:543)
org.openqa.selenium.remote.ElementLocation$ElementFinder$2.findElement(ElementLocation.java:162)
org.openqa.selenium.remote.ElementLocation.findElement(ElementLocation.java:60)
org.openqa.selenium.remote.RemoteWebDriver.findElement(RemoteWebDriver.java:367)
org.openqa.selenium.remote.RemoteWebDriver.findElement(RemoteWebDriver.java:359)
com.shaft.gui.element.ElementActionsHelper.lambda$waitForElementPresence$0(ElementActionsHelper.java:92)
org.openqa.selenium.support.ui.FluentWait.until(FluentWait.java:208)
com.shaft.gui.element.ElementActionsHelper.waitForElementPresence(ElementActionsHelper.java:89)
com.shaft.gui.element.ElementActionsHelper.waitForElementPresence(ElementActionsHelper.java:37)
com.shaft.gui.element.WebDriverElementActions.getMatchingElementsCount(WebDriverElementActions.java:1481)
com.shaft.gui.element.WebDriverElementActions.waitForElementToBePresent(WebDriverElementActions.java:1295)
com.shaft.gui.element.ElementActions.waitForElementToBePresent(ElementActions.java:630)
unitTests.tests_element_elementActions.waitForElementToBePresent_false_expectedToPass(tests_element_elementActions.java:48)
java.base/jdk.internal.reflect.NativeMethodAccessorImpl.invoke0(Native Method)
java.base/jdk.internal.reflect.NativeMethodAccessorImpl.invoke(NativeMethodAccessorImpl.java:77)
java.base/jdk.internal.reflect.DelegatingMethodAccessorImpl.invoke(DelegatingMethodAccessorImpl.java:43)
java.base/java.lang.reflect.Method.invoke(Method.java:568)
org.testng.internal.invokers.MethodInvocationHelper.invokeMethod(MethodInvocationHelper.java:135)
org.testng.internal.invokers.TestInvoker.invokeMethod(TestInvoker.java:673)
org.testng.internal.invokers.TestInvoker.invokeTestMethod(TestInvoker.java:220)
org.testng.internal.invokers.MethodRunner.runInSequence(MethodRunner.java:50)
org.testng.internal.invokers.TestInvoker$MethodInvocationAgent.invoke(TestInvoker.java:945)
org.testng.internal.invokers.TestInvoker.invokeTestMethods(TestInvoker.java:193)
org.testng.internal.invokers.TestMethodWorker.invokeTestMethods(TestMethodWorker.java:146)
org.testng.internal.invokers.TestMethodWorker.run(TestMethodWorker.java:128)
java.base/java.util.ArrayList.forEach(ArrayList.java:1511)
org.testng.TestRunner.privateRun(TestRunner.java:808)
org.testng.TestRunner.run(TestRunner.java:603)
org.testng.SuiteRunner.runTest(SuiteRunner.java:429)
org.testng.SuiteRunner.runSequentially(SuiteRunner.java:423)
org.testng.SuiteRunner.privateRun(SuiteRunner.java:383)
org.testng.SuiteRunner.run(SuiteRunner.java:326)
org.testng.SuiteRunnerWorker.runSuite(SuiteRunnerWorker.java:52)
org.testng.SuiteRunnerWorker.run(SuiteRunnerWorker.java:95)
org.testng.TestNG.runSuitesSequentially(TestNG.java:1249)
org.testng.TestNG.runSuitesLocally(TestNG.java:1169)
org.testng.TestNG.runSuites(TestNG.java:1092)
org.testng.TestNG.run(TestNG.java:1060)
org.apache.maven.surefire.testng.TestNGExecutor.run(TestNGExecutor.java:136)
org.apache.maven.surefire.testng.TestNGDirectoryTestSuite.executeMulti(TestNGDirectoryTestSuite.java:193)
org.apache.maven.surefire.testng.TestNGDirectoryTestSuite.execute(TestNGDirectoryTestSuite.java:94)
org.apache.maven.surefire.testng.TestNGProvider.invoke(TestNGProvider.java:145)
org.apache.maven.surefire.booter.ForkedBooter.runSuitesInProcess(ForkedBooter.java:428)
org.apache.maven.surefire.booter.ForkedBooter.execute(ForkedBooter.java:162)
org.apache.maven.surefire.booter.ForkedBooter.run(ForkedBooter.java:562)
org.apache.maven.surefire.booter.ForkedBooter.main(ForkedBooter.java:548) @16-01-2022 02:03:05.0331 AM
[ReportManager] Element Action [WaitForElementToBePresent] successfully performed. With the following test data [waited for the element's state of presence to be (false). Element locator (By.id: bla)]. @16-01-2022 02:03:05.0332 A
[ReportManager] Browser Action [CloseCurrentWindow] successfully performed. @16-01-2022 02:03:05.0677 AM
[ReportManager] Successfully created attachment [Browser Action Test Data - CloseCurrentWindow - Actual Value] @16-01-2022 02:03:05.0678 A
[ReportManager] File Action [GetAbsolutePath] successfully performed. With the following test data [Relative Folder Path: "target/downloadedFiles/"]. @16-01-2022 02:03:05.0685 AM
[ReportManager] Attempting to run locally on: [Mac-64], [Safari], Headless Execution. @16-01-2022 02:03:05.0685 AM
[ReportManager] An Exception Occured with this Message: Could not start a new session. Possible causes are invalid address of the remote server or browser start-up failure.. @16-01-2022 02:03:05.0875 AM
[ReportManager] Successfully created attachment [Exception Stack Trace - org.openqa.selenium.SessionNotCreatedException] @16-01-2022 02:03:05.0876 AM
[ReportManager] Driver Factory Action [createNewLocalDriverInstanceForSafari] failed. With the following test data [Failed to create a session on DESKTOP_SAFARI]. @16-01-2022 02:03:05.0876 A

################################################################################################################################################
Starting Execution:	[3 out of 161] test cases in the current suite
Test Method:		[unitTests.tests_element_elementActions.waitForElementToBePresent_moreThanOneElement_expectedToFail]
###############################################################################################################################################



################################################################################################################################################
Starting Execution:	[4 out of 161] test cases in the current suite
Test Method:		[unitTests.tests_element_elementActions.waitForElementToBePresent_true_expectedToFail]
###############################################################################################################################################



################################################################################################################################################
Starting Execution:	[5 out of 161] test cases in the current suite
Test Method:		[unitTests.tests_element_elementActions.waitForElementToBePresent_true_expectedToPass]
###############################################################################################################################################

[ReportManager] File Action [GetAbsolutePath] successfully performed. With the following test data [Relative Folder Path: "target/downloadedFiles/"]. @16-01-2022 02:03:05.0912 AM
[ReportManager] Attempting to run locally on: [Mac-64], [Safari], Headless Execution. @16-01-2022 02:03:05.0912 AM
[ReportManager] Successfully Opened Safari. @16-01-2022 02:03:06.0888 AM
[ReportManager] Initial window size: (800, 600) @16-01-2022 02:03:06.0913 AM
[ReportManager] Window size after SWD Maximize: (1176, 803) @16-01-2022 02:03:06.0941 AM
[ReportManager] Browser Action [MaximizeWindow] successfully performed. With the following test data [New screen size is now: (1176, 803)]. @16-01-2022 02:03:06.0941 AM
[ReportManager] Target URL: [https://duckduckgo.com] @16-01-2022 02:03:06.0941 AM
[ReportManager] Initial URL: [] @16-01-2022 02:03:06.0992 AM
[ReportManager] Browser Action [NavigateToURL] successfully performed. With the following test data [https://duckduckgo.com]. @16-01-2022 02:03:07.0913 A

################################################################################################################################################
Starting Execution:	[6 out of 161] test cases in the current suite
Test Method:		[unitTests.tests_browserActions.fullScreenWindow]
################################################################################################################################################
[ReportManager] Initial Windows Size: 1176x803 @16-01-2022 02:03:07.0924 AM
[ReportManager] Current Windows Size after fullScreen: 1176x885 @16-01-2022 02:03:08.0198 AM
[ReportManager] Browser Action [FullScreenWindow] successfully performed. @16-01-2022 02:03:08.0225 AM
[ReportManager] Successfully created attachment [Browser Action Test Data - FullScreenWindow - Actual Value] @16-01-2022 02:03:08.0227 A
[ReportManager] Target URL: [https://duckduckgo.com] @16-01-2022 02:03:08.0232 AM
[ReportManager] Initial URL: [https://duckduckgo.com] @16-01-2022 02:03:08.0325 AM
[ReportManager] Browser Action [NavigateToURL] successfully performed. With the following test data [https://duckduckgo.com]. @16-01-2022 02:03:09.0137 AM
[ReportManager] Browser Action [CloseCurrentWindow] successfully performed. @16-01-2022 02:03:09.0506 AM
[ReportManager] Successfully created attachment [Browser Action Test Data - CloseCurrentWindow - Actual Value] @16-01-2022 02:03:09.0508 A
[ReportManager] File Action [GetAbsolutePath] successfully performed. With the following test data [Relative Folder Path: "target/downloadedFiles/"]. @16-01-2022 02:03:09.0512 AM
[ReportManager] Attempting to run locally on: [Mac-64], [Safari], Headless Execution. @16-01-2022 02:03:09.0512 AM
[ReportManager] Successfully Opened Safari. @16-01-2022 02:03:10.0408 AM
[ReportManager] Initial window size: (800, 600) @16-01-2022 02:03:10.0418 AM
[ReportManager] Window size after SWD Maximize: (1176, 803) @16-01-2022 02:03:10.0447 AM
[ReportManager] Browser Action [MaximizeWindow] successfully performed. With the following test data [New screen size is now: (1176, 803)]. @16-01-2022 02:03:10.0447 AM
[ReportManager] Target URL: [https://duckduckgo.com] @16-01-2022 02:03:10.0448 AM
[ReportManager] Initial URL: [] @16-01-2022 02:03:10.0490 AM
[ReportManager] Browser Action [NavigateToURL] successfully performed. With the following test data [https://duckduckgo.com]. @16-01-2022 02:03:11.0238 A

################################################################################################################################################
Starting Execution:	[7 out of 161] test cases in the current suite
Test Method:		[unitTests.tests_browserActions.getCurrentURL]
################################################################################################################################################
[ReportManager] Browser Action [GetCurrentURL] successfully performed. With the following test data [https://duckduckgo.com/]. @16-01-2022 02:03:11.0303 A
[ReportManager] Target URL: [https://duckduckgo.com] @16-01-2022 02:03:11.0305 AM
[ReportManager] Initial URL: [https://duckduckgo.com] @16-01-2022 02:03:11.0345 AM
[ReportManager] Browser Action [NavigateToURL] successfully performed. With the following test data [https://duckduckgo.com]. @16-01-2022 02:03:11.0672 AM
[ReportManager] Browser Action [CloseCurrentWindow] successfully performed. @16-01-2022 02:03:12.0078 AM
[ReportManager] Successfully created attachment [Browser Action Test Data - CloseCurrentWindow - Actual Value] @16-01-2022 02:03:12.0079 A
[ReportManager] File Action [GetAbsolutePath] successfully performed. With the following test data [Relative Folder Path: "target/downloadedFiles/"]. @16-01-2022 02:03:12.0082 AM
[ReportManager] Attempting to run locally on: [Mac-64], [Safari], Headless Execution. @16-01-2022 02:03:12.0083 AM
[ReportManager] Successfully Opened Safari. @16-01-2022 02:03:13.0020 AM
[ReportManager] Initial window size: (800, 600) @16-01-2022 02:03:13.0031 AM
[ReportManager] Window size after SWD Maximize: (1176, 803) @16-01-2022 02:03:13.0052 AM
[ReportManager] Browser Action [MaximizeWindow] successfully performed. With the following test data [New screen size is now: (1176, 803)]. @16-01-2022 02:03:13.0052 AM
[ReportManager] Target URL: [https://duckduckgo.com] @16-01-2022 02:03:13.0052 AM
[ReportManager] Initial URL: [] @16-01-2022 02:03:13.0117 AM
[ReportManager] Browser Action [NavigateToURL] successfully performed. With the following test data [https://duckduckgo.com]. @16-01-2022 02:03:13.0868 A

################################################################################################################################################
Starting Execution:	[8 out of 161] test cases in the current suite
Test Method:		[unitTests.tests_browserActions.getCurrentWindowTitle]
################################################################################################################################################
[ReportManager] Browser Action [GetCurrentWindowTitle] successfully performed. With the following test data [DuckDuckGo â€” Privacy, simplified.]. @16-01-2022 02:03:13.0896 A
[ReportManager] Target URL: [https://duckduckgo.com] @16-01-2022 02:03:13.0899 AM
[ReportManager] Initial URL: [https://duckduckgo.com] @16-01-2022 02:03:13.0960 AM
[ReportManager] Browser Action [NavigateToURL] successfully performed. With the following test data [https://duckduckgo.com]. @16-01-2022 02:03:14.0278 AM
[ReportManager] Browser Action [CloseCurrentWindow] successfully performed. @16-01-2022 02:03:14.0676 AM
[ReportManager] Successfully created attachment [Browser Action Test Data - CloseCurrentWindow - Actual Value] @16-01-2022 02:03:14.0677 A
[ReportManager] File Action [GetAbsolutePath] successfully performed. With the following test data [Relative Folder Path: "target/downloadedFiles/"]. @16-01-2022 02:03:14.0685 AM
[ReportManager] Attempting to run locally on: [Mac-64], [Safari], Headless Execution. @16-01-2022 02:03:14.0685 AM
[ReportManager] Successfully Opened Safari. @16-01-2022 02:03:15.0620 AM
[ReportManager] Initial window size: (800, 600) @16-01-2022 02:03:15.0658 AM
[ReportManager] Window size after SWD Maximize: (1176, 803) @16-01-2022 02:03:15.0685 AM
[ReportManager] Browser Action [MaximizeWindow] successfully performed. With the following test data [New screen size is now: (1176, 803)]. @16-01-2022 02:03:15.0686 AM
[ReportManager] Target URL: [https://duckduckgo.com] @16-01-2022 02:03:15.0686 AM
[ReportManager] Initial URL: [] @16-01-2022 02:03:15.0754 AM
[ReportManager] Browser Action [NavigateToURL] successfully performed. With the following test data [https://duckduckgo.com]. @16-01-2022 02:03:16.0610 A

################################################################################################################################################
Starting Execution:	[9 out of 161] test cases in the current suite
Test Method:		[unitTests.tests_browserActions.getPageSource]
################################################################################################################################################
[ReportManager] Browser Action [GetPageSource] successfully performed. @16-01-2022 02:03:16.0645 AM
[ReportManager] Successfully created attachment [Browser Action Test Data - GetPageSource - Actual Value] @16-01-2022 02:03:16.0646 A
[ReportManager] Target URL: [https://duckduckgo.com] @16-01-2022 02:03:16.0650 AM
[ReportManager] Initial URL: [https://duckduckgo.com] @16-01-2022 02:03:16.0692 AM
[ReportManager] Browser Action [NavigateToURL] successfully performed. With the following test data [https://duckduckgo.com]. @16-01-2022 02:03:17.0140 AM
[ReportManager] Browser Action [CloseCurrentWindow] successfully performed. @16-01-2022 02:03:17.0425 AM
[ReportManager] Successfully created attachment [Browser Action Test Data - CloseCurrentWindow - Actual Value] @16-01-2022 02:03:17.0426 A
[ReportManager] File Action [GetAbsolutePath] successfully performed. With the following test data [Relative Folder Path: "target/downloadedFiles/"]. @16-01-2022 02:03:17.0429 AM
[ReportManager] Attempting to run locally on: [Mac-64], [Safari], Headless Execution. @16-01-2022 02:03:17.0430 AM
[ReportManager] Successfully Opened Safari. @16-01-2022 02:03:18.0321 AM
[ReportManager] Initial window size: (800, 600) @16-01-2022 02:03:18.0340 AM
[ReportManager] Window size after SWD Maximize: (1176, 803) @16-01-2022 02:03:18.0375 AM
[ReportManager] Browser Action [MaximizeWindow] successfully performed. With the following test data [New screen size is now: (1176, 803)]. @16-01-2022 02:03:18.0375 AM
[ReportManager] Target URL: [https://duckduckgo.com] @16-01-2022 02:03:18.0376 AM
[ReportManager] Initial URL: [] @16-01-2022 02:03:18.0430 AM
[ReportManager] Browser Action [NavigateToURL] successfully performed. With the following test data [https://duckduckgo.com]. @16-01-2022 02:03:19.0082 A

################################################################################################################################################
Starting Execution:	[10 out of 161] test cases in the current suite
Test Method:		[unitTests.tests_browserActions.getWindowHandle]
################################################################################################################################################
[ReportManager] Browser Action [GetWindowHandle] successfully performed. With the following test data [page-614D5233-C65F-4B19-9EFE-32252049B684]. @16-01-2022 02:03:19.0131 A
[ReportManager] Target URL: [https://duckduckgo.com] @16-01-2022 02:03:19.0187 AM
[ReportManager] Initial URL: [https://duckduckgo.com] @16-01-2022 02:03:19.0248 AM
[ReportManager] Browser Action [NavigateToURL] successfully performed. With the following test data [https://duckduckgo.com]. @16-01-2022 02:03:19.0593 AM
[ReportManager] Browser Action [CloseCurrentWindow] successfully performed. @16-01-2022 02:03:19.0882 AM
[ReportManager] Successfully created attachment [Browser Action Test Data - CloseCurrentWindow - Actual Value] @16-01-2022 02:03:19.0883 A
[ReportManager] File Action [GetAbsolutePath] successfully performed. With the following test data [Relative Folder Path: "target/downloadedFiles/"]. @16-01-2022 02:03:19.0886 AM
[ReportManager] Attempting to run locally on: [Mac-64], [Safari], Headless Execution. @16-01-2022 02:03:19.0886 AM
[ReportManager] An Exception Occured with this Message: Could not start a new session. Possible causes are invalid address of the remote server or browser start-up failure.. @16-01-2022 02:03:19.0985 AM
[ReportManager] Successfully created attachment [Exception Stack Trace - org.openqa.selenium.SessionNotCreatedException] @16-01-2022 02:03:19.0986 AM
[ReportManager] Driver Factory Action [createNewLocalDriverInstanceForSafari] failed. With the following test data [Failed to create a session on DESKTOP_SAFARI]. @16-01-2022 02:03:19.0986 A

################################################################################################################################################
Starting Execution:	[11 out of 161] test cases in the current suite
Test Method:		[unitTests.tests_browserActions.getWindowPosition]
###############################################################################################################################################



################################################################################################################################################
Starting Execution:	[12 out of 161] test cases in the current suite
Test Method:		[unitTests.tests_browserActions.getWindowSize]
###############################################################################################################################################



################################################################################################################################################
Starting Execution:	[13 out of 161] test cases in the current suite
Test Method:		[unitTests.tests_browserActions.maximizeWindow]
###############################################################################################################################################



################################################################################################################################################
Starting Execution:	[14 out of 161] test cases in the current suite
Test Method:		[unitTests.tests_browserActions.navigateBack]
###############################################################################################################################################



################################################################################################################################################
Starting Execution:	[15 out of 161] test cases in the current suite
Test Method:		[unitTests.tests_browserActions.navigateForward]
###############################################################################################################################################



################################################################################################################################################
Starting Execution:	[16 out of 161] test cases in the current suite
Test Method:		[unitTests.tests_browserActions.navigateToURL]
###############################################################################################################################################



################################################################################################################################################
Starting Execution:	[17 out of 161] test cases in the current suite
Test Method:		[unitTests.tests_browserActions.navigateToURLWithRedirection]
###############################################################################################################################################



################################################################################################################################################
Starting Execution:	[18 out of 161] test cases in the current suite
Test Method:		[unitTests.tests_browserActions.refreshCurrentPage]
###############################################################################################################################################



################################################################################################################################################
Starting Execution:	[19 out of 161] test cases in the current suite
Test Method:		[unitTests.tests_browserActions.setWindowSize]
###############################################################################################################################################

[ReportManager] Successfully loaded the following test data file [src/test/resources/testDataFiles/testSuite01/TestData.xlsx]. @16-01-2022 02:03:22.0031 AM
[ReportManager] Successfully created attachment [Test Data - Excel] @16-01-2022 02:03:22.0032 A

################################################################################################################################################
Starting Execution:	[20 out of 161] test cases in the current suite
Test Method:		[unitTests.tests_io_excelFileManager.getCellData_rowName_expectedToPass]
################################################################################################################################################
[ReportManager] testRowData. @16-01-2022 02:03:22.0048 A

################################################################################################################################################
Starting Execution:	[21 out of 161] test cases in the current suite
Test Method:		[unitTests.tests_validations_assertions.assertComparativeRelation_greaterThanOrEquals_false_equals_expectedToFail]
################################################################################################################################################
[ReportManager] Assertion [ValidateComparativeRelation] FAILED. Expected [1] and Actual [1]. Comparison Type [GREATER_THAN_OR_EQUALS]. Validation Type [NEGATIVE]. @16-01-2022 02:03:22.0061 A

################################################################################################################################################
Starting Execution:	[22 out of 161] test cases in the current suite
Test Method:		[unitTests.tests_validations_assertions.assertComparativeRelation_greaterThanOrEquals_false_equals_expectedToPass]
################################################################################################################################################
[ReportManager] Assertion [ValidateComparativeRelation] PASSED. Expected [2] and Actual [1]. Comparison Type [GREATER_THAN_OR_EQUALS]. Validation Type [NEGATIVE]. @16-01-2022 02:03:22.0067 A

################################################################################################################################################
Starting Execution:	[23 out of 161] test cases in the current suite
Test Method:		[unitTests.tests_validations_assertions.assertComparativeRelation_greaterThanOrEquals_false_greaterThan_expectedToFail]
################################################################################################################################################
[ReportManager] Assertion [ValidateComparativeRelation] FAILED. Expected [1] and Actual [2]. Comparison Type [GREATER_THAN_OR_EQUALS]. Validation Type [NEGATIVE]. @16-01-2022 02:03:22.0072 A

################################################################################################################################################
Starting Execution:	[24 out of 161] test cases in the current suite
Test Method:		[unitTests.tests_validations_assertions.assertComparativeRelation_greaterThanOrEquals_false_greaterThan_expectedToPass]
################################################################################################################################################
[ReportManager] Assertion [ValidateComparativeRelation] PASSED. Expected [2] and Actual [1]. Comparison Type [GREATER_THAN_OR_EQUALS]. Validation Type [NEGATIVE]. @16-01-2022 02:03:22.0078 A

################################################################################################################################################
Starting Execution:	[25 out of 161] test cases in the current suite
Test Method:		[unitTests.tests_validations_assertions.assertComparativeRelation_greaterThanOrEquals_true_equals_expectedToFail]
################################################################################################################################################
[ReportManager] Assertion [ValidateComparativeRelation] FAILED. Expected [1] and Actual [0]. Comparison Type [GREATER_THAN_OR_EQUALS]. Validation Type [POSITIVE]. @16-01-2022 02:03:22.0089 A

################################################################################################################################################
Starting Execution:	[26 out of 161] test cases in the current suite
Test Method:		[unitTests.tests_validations_assertions.assertComparativeRelation_greaterThanOrEquals_true_equals_expectedToPass]
################################################################################################################################################
[ReportManager] Assertion [ValidateComparativeRelation] PASSED. Expected [1] and Actual [1]. Comparison Type [GREATER_THAN_OR_EQUALS]. Validation Type [POSITIVE]. @16-01-2022 02:03:22.0094 A

################################################################################################################################################
Starting Execution:	[27 out of 161] test cases in the current suite
Test Method:		[unitTests.tests_validations_assertions.assertComparativeRelation_greaterThanOrEquals_true_greaterThan_expectedToFail]
################################################################################################################################################
[ReportManager] Assertion [ValidateComparativeRelation] FAILED. Expected [2] and Actual [1]. Comparison Type [GREATER_THAN_OR_EQUALS]. Validation Type [POSITIVE]. @16-01-2022 02:03:22.0101 A

################################################################################################################################################
Starting Execution:	[28 out of 161] test cases in the current suite
Test Method:		[unitTests.tests_validations_assertions.assertComparativeRelation_greaterThanOrEquals_true_greaterThan_expectedToPass]
################################################################################################################################################
[ReportManager] Assertion [ValidateComparativeRelation] PASSED. Expected [1] and Actual [2]. Comparison Type [GREATER_THAN_OR_EQUALS]. Validation Type [POSITIVE]. @16-01-2022 02:03:22.0109 A
[ReportManager] File Action [GetAbsolutePath] successfully performed. With the following test data [Relative Folder Path: "target/downloadedFiles/"]. @16-01-2022 02:03:22.0112 AM
[ReportManager] Attempting to run locally on: [Mac-64], [Safari], Headless Execution. @16-01-2022 02:03:22.0113 AM
[ReportManager] Successfully Opened Safari. @16-01-2022 02:03:22.0981 AM
[ReportManager] Initial window size: (800, 600) @16-01-2022 02:03:23.0033 AM
[ReportManager] Window size after SWD Maximize: (1176, 803) @16-01-2022 02:03:23.0049 AM
[ReportManager] Browser Action [MaximizeWindow] successfully performed. With the following test data [New screen size is now: (1176, 803)]. @16-01-2022 02:03:23.0050 AM
[ReportManager] Target URL: [https://www.google.com/ncr], and after redirection: [www.google.com] @16-01-2022 02:03:23.0050 AM
[ReportManager] Initial URL: [] @16-01-2022 02:03:23.0128 AM
[ReportManager] Browser Action [NavigateToURL] successfully performed. With the following test data [https://www.google.com/ncr]. @16-01-2022 02:03:25.0366 A

################################################################################################################################################
Starting Execution:	[29 out of 161] test cases in the current suite
Test Method:		[unitTests.tests_validations_assertions.assertElementAttribute_false_caseInsensitiveComparison_expectedToFail]
################################################################################################################################################
[ReportManager] Element Action [Type] successfully performed. With the following test data [AUTOMATION]. @16-01-2022 02:03:25.0614 AM
[ReportManager] Element Action [GetText] successfully performed. With the following test data [AUTOMATION]. @16-01-2022 02:03:25.0680 AM
[ReportManager] Assertion [ValidateElementAttribute] FAILED. Expected [Value Should not be 'AutomaTion' for the 'text' attribute, element locator 'By.name: q'] and Actual [AUTOMATION]. Comparison Type [CASE_INSENSITIVE]. Validation Type [NEGATIVE]. @16-01-2022 02:03:26.0276 AM
[ReportManager] Successfully created attachment [Screenshot - 1642298606110_assertElementAttribute_false_caseInsensitiveComparison_expectedToFail_ValidateElementAttribute_failed] @16-01-2022 02:03:26.0284 A
[ReportManager] Browser Action [CloseCurrentWindow] successfully performed. @16-01-2022 02:03:26.0713 AM
[ReportManager] Successfully created attachment [Browser Action Test Data - CloseCurrentWindow - Actual Value] @16-01-2022 02:03:26.0715 A
[ReportManager] File Action [GetAbsolutePath] successfully performed. With the following test data [Relative Folder Path: "target/downloadedFiles/"]. @16-01-2022 02:03:26.0721 AM
[ReportManager] Attempting to run locally on: [Mac-64], [Safari], Headless Execution. @16-01-2022 02:03:26.0721 AM
[ReportManager] Successfully Opened Safari. @16-01-2022 02:03:27.0604 AM
[ReportManager] Initial window size: (800, 600) @16-01-2022 02:03:27.0628 AM
[ReportManager] Window size after SWD Maximize: (1176, 803) @16-01-2022 02:03:27.0673 AM
[ReportManager] Browser Action [MaximizeWindow] successfully performed. With the following test data [New screen size is now: (1176, 803)]. @16-01-2022 02:03:27.0674 AM
[ReportManager] Target URL: [https://www.google.com/ncr], and after redirection: [www.google.com] @16-01-2022 02:03:27.0674 AM
[ReportManager] Initial URL: [] @16-01-2022 02:03:27.0729 AM
[ReportManager] Browser Action [NavigateToURL] successfully performed. With the following test data [https://www.google.com/ncr]. @16-01-2022 02:03:29.0429 A

################################################################################################################################################
Starting Execution:	[30 out of 161] test cases in the current suite
Test Method:		[unitTests.tests_validations_assertions.assertElementAttribute_false_caseInsensitiveComparison_expectedToPass]
################################################################################################################################################
[ReportManager] Element Action [Type] successfully performed. With the following test data [AUTOMATION]. @16-01-2022 02:03:29.0718 AM
[ReportManager] Element Action [GetText] successfully performed. With the following test data [AUTOMATION]. @16-01-2022 02:03:29.0791 AM
[ReportManager] Assertion [ValidateElementAttribute] PASSED. Expected [Value Should not be 'AutomaTion123' for the 'text' attribute, element locator 'By.name: q'] and Actual [AUTOMATION]. Comparison Type [CASE_INSENSITIVE]. Validation Type [NEGATIVE]. @16-01-2022 02:03:30.0115 AM
[ReportManager] Successfully created attachment [Screenshot - 1642298610026_assertElementAttribute_false_caseInsensitiveComparison_expectedToPass_ValidateElementAttribute_passed] @16-01-2022 02:03:30.0124 A
[ReportManager] Browser Action [CloseCurrentWindow] successfully performed. @16-01-2022 02:03:30.0552 AM
[ReportManager] Successfully created attachment [Browser Action Test Data - CloseCurrentWindow - Actual Value] @16-01-2022 02:03:30.0554 A
[ReportManager] File Action [GetAbsolutePath] successfully performed. With the following test data [Relative Folder Path: "target/downloadedFiles/"]. @16-01-2022 02:03:30.0565 AM
[ReportManager] Attempting to run locally on: [Mac-64], [Safari], Headless Execution. @16-01-2022 02:03:30.0565 AM
[ReportManager] Successfully Opened Safari. @16-01-2022 02:03:31.0397 AM
[ReportManager] Initial window size: (800, 600) @16-01-2022 02:03:31.0423 AM
[ReportManager] Window size after SWD Maximize: (1176, 803) @16-01-2022 02:03:31.0439 AM
[ReportManager] Browser Action [MaximizeWindow] successfully performed. With the following test data [New screen size is now: (1176, 803)]. @16-01-2022 02:03:31.0440 AM
[ReportManager] Target URL: [https://www.google.com/ncr], and after redirection: [www.google.com] @16-01-2022 02:03:31.0440 AM
[ReportManager] Initial URL: [] @16-01-2022 02:03:31.0498 AM
[ReportManager] Browser Action [NavigateToURL] successfully performed. With the following test data [https://www.google.com/ncr]. @16-01-2022 02:03:33.0152 A

################################################################################################################################################
Starting Execution:	[31 out of 161] test cases in the current suite
Test Method:		[unitTests.tests_validations_assertions.assertElementAttribute_false_containsComparison_expectedToFail]
################################################################################################################################################
[ReportManager] Element Action [Type] successfully performed. With the following test data [Automation123]. @16-01-2022 02:03:33.0418 AM
[ReportManager] Element Action [GetText] successfully performed. With the following test data [Automation123]. @16-01-2022 02:03:33.0482 AM
[ReportManager] Assertion [ValidateElementAttribute] FAILED. Expected [Value Should not be 'Automation' for the 'text' attribute, element locator 'By.name: q'] and Actual [Automation123]. Comparison Type [CONTAINS]. Validation Type [NEGATIVE]. @16-01-2022 02:03:33.0706 AM
[ReportManager] Successfully created attachment [Screenshot - 1642298613640_assertElementAttribute_false_containsComparison_expectedToFail_ValidateElementAttribute_failed] @16-01-2022 02:03:33.0707 A
[ReportManager] Browser Action [CloseCurrentWindow] successfully performed. @16-01-2022 02:03:33.0925 AM
[ReportManager] Successfully created attachment [Browser Action Test Data - CloseCurrentWindow - Actual Value] @16-01-2022 02:03:33.0926 A
[ReportManager] File Action [GetAbsolutePath] successfully performed. With the following test data [Relative Folder Path: "target/downloadedFiles/"]. @16-01-2022 02:03:33.0931 AM
[ReportManager] Attempting to run locally on: [Mac-64], [Safari], Headless Execution. @16-01-2022 02:03:33.0931 AM
[ReportManager] Successfully Opened Safari. @16-01-2022 02:03:34.0812 AM
[ReportManager] Initial window size: (800, 600) @16-01-2022 02:03:34.0827 AM
[ReportManager] Window size after SWD Maximize: (1176, 803) @16-01-2022 02:03:34.0850 AM
[ReportManager] Browser Action [MaximizeWindow] successfully performed. With the following test data [New screen size is now: (1176, 803)]. @16-01-2022 02:03:34.0850 AM
[ReportManager] Target URL: [https://www.google.com/ncr], and after redirection: [www.google.com] @16-01-2022 02:03:34.0850 AM
[ReportManager] Initial URL: [] @16-01-2022 02:03:34.0910 AM
[ReportManager] Browser Action [NavigateToURL] successfully performed. With the following test data [https://www.google.com/ncr]. @16-01-2022 02:03:36.0622 A

################################################################################################################################################
Starting Execution:	[32 out of 161] test cases in the current suite
Test Method:		[unitTests.tests_validations_assertions.assertElementAttribute_false_containsComparison_expectedToPass]
################################################################################################################################################
[ReportManager] Element Action [Type] successfully performed. With the following test data [Automation123]. @16-01-2022 02:03:36.0852 AM
[ReportManager] Element Action [GetText] successfully performed. With the following test data [Automation123]. @16-01-2022 02:03:37.0046 AM
[ReportManager] Assertion [ValidateElementAttribute] PASSED. Expected [Value Should not be 'Automation1234' for the 'text' attribute, element locator 'By.name: q'] and Actual [Automation123]. Comparison Type [CONTAINS]. Validation Type [NEGATIVE]. @16-01-2022 02:03:37.0218 AM
[ReportManager] Successfully created attachment [Screenshot - 1642298617137_assertElementAttribute_false_containsComparison_expectedToPass_ValidateElementAttribute_passed] @16-01-2022 02:03:37.0223 A
[ReportManager] Browser Action [CloseCurrentWindow] successfully performed. @16-01-2022 02:03:37.0460 AM
[ReportManager] Successfully created attachment [Browser Action Test Data - CloseCurrentWindow - Actual Value] @16-01-2022 02:03:37.0461 A
[ReportManager] File Action [GetAbsolutePath] successfully performed. With the following test data [Relative Folder Path: "target/downloadedFiles/"]. @16-01-2022 02:03:37.0464 AM
[ReportManager] Attempting to run locally on: [Mac-64], [Safari], Headless Execution. @16-01-2022 02:03:37.0465 AM
[ReportManager] Successfully Opened Safari. @16-01-2022 02:03:38.0296 AM
[ReportManager] Initial window size: (800, 600) @16-01-2022 02:03:38.0311 AM
[ReportManager] Window size after SWD Maximize: (1176, 803) @16-01-2022 02:03:38.0331 AM
[ReportManager] Browser Action [MaximizeWindow] successfully performed. With the following test data [New screen size is now: (1176, 803)]. @16-01-2022 02:03:38.0332 AM
[ReportManager] Target URL: [https://www.google.com/ncr], and after redirection: [www.google.com] @16-01-2022 02:03:38.0332 AM
[ReportManager] Initial URL: [] @16-01-2022 02:03:38.0382 AM
[ReportManager] Browser Action [NavigateToURL] successfully performed. With the following test data [https://www.google.com/ncr]. @16-01-2022 02:03:40.0056 A

################################################################################################################################################
Starting Execution:	[33 out of 161] test cases in the current suite
Test Method:		[unitTests.tests_validations_assertions.assertElementAttribute_false_literalComparison_expectedToFail]
################################################################################################################################################
[ReportManager] Element Action [Type] successfully performed. With the following test data [Automation!@#$%^&*()_+{}[]\';/.,]. @16-01-2022 02:03:40.0429 AM
[ReportManager] Element Action [GetText] successfully performed. With the following test data [Automation!@#$%^&*()_+{}[]\';/.,]. @16-01-2022 02:03:40.0486 AM
[ReportManager] Assertion [ValidateElementAttribute] PASSED. Expected [Value Should not be 'Automation!@#$%^&*()_+{}[]\\';/.,' for the 'text' attribute, element locator 'By.name: q'] and Actual [Automation!@#$%^&*()_+{}[]\';/.,]. Comparison Type [EQUALS]. Validation Type [NEGATIVE]. @16-01-2022 02:03:40.0717 AM
[ReportManager] Successfully created attachment [Screenshot - 1642298620590_assertElementAttribute_false_literalComparison_expectedToFail_ValidateElementAttribute_passed] @16-01-2022 02:03:40.0718 A
[ReportManager] Browser Action [CloseCurrentWindow] successfully performed. @16-01-2022 02:03:41.0161 AM
[ReportManager] Successfully created attachment [Browser Action Test Data - CloseCurrentWindow - Actual Value] @16-01-2022 02:03:41.0162 A
[ReportManager] File Action [GetAbsolutePath] successfully performed. With the following test data [Relative Folder Path: "target/downloadedFiles/"]. @16-01-2022 02:03:41.0166 AM
[ReportManager] Attempting to run locally on: [Mac-64], [Safari], Headless Execution. @16-01-2022 02:03:41.0167 AM
[ReportManager] Successfully Opened Safari. @16-01-2022 02:03:42.0124 AM
[ReportManager] Initial window size: (800, 600) @16-01-2022 02:03:42.0139 AM
[ReportManager] Window size after SWD Maximize: (1176, 803) @16-01-2022 02:03:42.0168 AM
[ReportManager] Browser Action [MaximizeWindow] successfully performed. With the following test data [New screen size is now: (1176, 803)]. @16-01-2022 02:03:42.0168 AM
[ReportManager] Target URL: [https://www.google.com/ncr], and after redirection: [www.google.com] @16-01-2022 02:03:42.0169 AM
[ReportManager] Initial URL: [] @16-01-2022 02:03:42.0232 AM
[ReportManager] Browser Action [NavigateToURL] successfully performed. With the following test data [https://www.google.com/ncr]. @16-01-2022 02:03:43.0990 A

################################################################################################################################################
Starting Execution:	[34 out of 161] test cases in the current suite
Test Method:		[unitTests.tests_validations_assertions.assertElementAttribute_false_literalComparison_expectedToPass]
################################################################################################################################################
[ReportManager] Element Action [Type] successfully performed. With the following test data [Automation!@#$%^&*()_+{}[]\';/.,]. @16-01-2022 02:03:44.0373 AM
[ReportManager] Element Action [GetText] successfully performed. With the following test data [Automation!@#$%^&*()_+{}[]\';/.,]. @16-01-2022 02:03:44.0433 AM
[ReportManager] Assertion [ValidateElementAttribute] PASSED. Expected [Value Should not be 'Automation' for the 'text' attribute, element locator 'By.name: q'] and Actual [Automation!@#$%^&*()_+{}[]\';/.,]. Comparison Type [EQUALS]. Validation Type [NEGATIVE]. @16-01-2022 02:03:44.0614 AM
[ReportManager] Successfully created attachment [Screenshot - 1642298624551_assertElementAttribute_false_literalComparison_expectedToPass_ValidateElementAttribute_passed] @16-01-2022 02:03:44.0615 A
[ReportManager] Browser Action [CloseCurrentWindow] successfully performed. @16-01-2022 02:03:45.0052 AM
[ReportManager] Successfully created attachment [Browser Action Test Data - CloseCurrentWindow - Actual Value] @16-01-2022 02:03:45.0053 A
[ReportManager] File Action [GetAbsolutePath] successfully performed. With the following test data [Relative Folder Path: "target/downloadedFiles/"]. @16-01-2022 02:03:45.0056 AM
[ReportManager] Attempting to run locally on: [Mac-64], [Safari], Headless Execution. @16-01-2022 02:03:45.0057 AM
[ReportManager] Successfully Opened Safari. @16-01-2022 02:03:45.0882 AM
[ReportManager] Initial window size: (800, 600) @16-01-2022 02:03:45.0891 AM
[ReportManager] Window size after SWD Maximize: (1176, 803) @16-01-2022 02:03:45.0910 AM
[ReportManager] Browser Action [MaximizeWindow] successfully performed. With the following test data [New screen size is now: (1176, 803)]. @16-01-2022 02:03:45.0910 AM
[ReportManager] Target URL: [https://www.google.com/ncr], and after redirection: [www.google.com] @16-01-2022 02:03:45.0910 AM
[ReportManager] Initial URL: [] @16-01-2022 02:03:45.0964 AM
[ReportManager] Browser Action [NavigateToURL] successfully performed. With the following test data [https://www.google.com/ncr]. @16-01-2022 02:03:48.0282 A

################################################################################################################################################
Starting Execution:	[35 out of 161] test cases in the current suite
Test Method:		[unitTests.tests_validations_assertions.assertElementAttribute_false_regexComparison_expectedToFail]
################################################################################################################################################
[ReportManager] Element Action [Type] successfully performed. With the following test data [Automation123]. @16-01-2022 02:03:48.0492 AM
[ReportManager] Element Action [GetText] successfully performed. With the following test data [Automation123]. @16-01-2022 02:03:48.0557 AM
[ReportManager] Assertion [ValidateElementAttribute] FAILED. Expected [Value Should not be 'Automation.*' for the 'text' attribute, element locator 'By.name: q'] and Actual [Automation123]. Comparison Type [MATCHES]. Validation Type [NEGATIVE]. @16-01-2022 02:03:48.0802 AM
[ReportManager] Successfully created attachment [Screenshot - 1642298628709_assertElementAttribute_false_regexComparison_expectedToFail_ValidateElementAttribute_failed] @16-01-2022 02:03:48.0803 A
[ReportManager] Browser Action [CloseCurrentWindow] successfully performed. @16-01-2022 02:03:49.0054 AM
[ReportManager] Successfully created attachment [Browser Action Test Data - CloseCurrentWindow - Actual Value] @16-01-2022 02:03:49.0055 A
[ReportManager] File Action [GetAbsolutePath] successfully performed. With the following test data [Relative Folder Path: "target/downloadedFiles/"]. @16-01-2022 02:03:49.0058 AM
[ReportManager] Attempting to run locally on: [Mac-64], [Safari], Headless Execution. @16-01-2022 02:03:49.0059 AM
[ReportManager] Successfully Opened Safari. @16-01-2022 02:03:49.0854 AM
[ReportManager] Initial window size: (800, 600) @16-01-2022 02:03:49.0876 AM
[ReportManager] Window size after SWD Maximize: (1176, 803) @16-01-2022 02:03:49.0891 AM
[ReportManager] Browser Action [MaximizeWindow] successfully performed. With the following test data [New screen size is now: (1176, 803)]. @16-01-2022 02:03:49.0892 AM
[ReportManager] Target URL: [https://www.google.com/ncr], and after redirection: [www.google.com] @16-01-2022 02:03:49.0892 AM
[ReportManager] Initial URL: [] @16-01-2022 02:03:49.0961 AM
[ReportManager] Browser Action [NavigateToURL] successfully performed. With the following test data [https://www.google.com/ncr]. @16-01-2022 02:03:52.0154 A

################################################################################################################################################
Starting Execution:	[36 out of 161] test cases in the current suite
Test Method:		[unitTests.tests_validations_assertions.assertElementAttribute_false_regexComparison_expectedToPass]
################################################################################################################################################
[ReportManager] Element Action [Type] successfully performed. With the following test data [Automation123]. @16-01-2022 02:03:52.0358 AM
[ReportManager] Element Action [GetText] successfully performed. With the following test data [Automation123]. @16-01-2022 02:03:52.0418 AM
[ReportManager] Assertion [ValidateElementAttribute] PASSED. Expected [Value Should not be 'Automation' for the 'text' attribute, element locator 'By.name: q'] and Actual [Automation123]. Comparison Type [MATCHES]. Validation Type [NEGATIVE]. @16-01-2022 02:03:52.0588 AM
[ReportManager] Successfully created attachment [Screenshot - 1642298632518_assertElementAttribute_false_regexComparison_expectedToPass_ValidateElementAttribute_passed] @16-01-2022 02:03:52.0590 A
[ReportManager] Browser Action [CloseCurrentWindow] successfully performed. @16-01-2022 02:03:53.0030 AM
[ReportManager] Successfully created attachment [Browser Action Test Data - CloseCurrentWindow - Actual Value] @16-01-2022 02:03:53.0031 A
[ReportManager] File Action [GetAbsolutePath] successfully performed. With the following test data [Relative Folder Path: "target/downloadedFiles/"]. @16-01-2022 02:03:53.0034 AM
[ReportManager] Attempting to run locally on: [Mac-64], [Safari], Headless Execution. @16-01-2022 02:03:53.0035 AM
[ReportManager] Successfully Opened Safari. @16-01-2022 02:03:53.0860 AM
[ReportManager] Initial window size: (800, 600) @16-01-2022 02:03:53.0879 AM
[ReportManager] Window size after SWD Maximize: (1176, 803) @16-01-2022 02:03:53.0934 AM
[ReportManager] Browser Action [MaximizeWindow] successfully performed. With the following test data [New screen size is now: (1176, 803)]. @16-01-2022 02:03:53.0935 AM
[ReportManager] Target URL: [https://www.google.com/ncr], and after redirection: [www.google.com] @16-01-2022 02:03:53.0935 AM
[ReportManager] Initial URL: [] @16-01-2022 02:03:54.0092 AM
[ReportManager] Browser Action [NavigateToURL] successfully performed. With the following test data [https://www.google.com/ncr]. @16-01-2022 02:03:56.0216 A

################################################################################################################################################
Starting Execution:	[37 out of 161] test cases in the current suite
Test Method:		[unitTests.tests_validations_assertions.assertElementAttribute_true_caseInsensitiveComparison_expectedToFail]
################################################################################################################################################
[ReportManager] Element Action [Type] successfully performed. With the following test data [AUTOMATION]. @16-01-2022 02:03:56.0431 AM
[ReportManager] Element Action [GetText] successfully performed. With the following test data [AUTOMATION]. @16-01-2022 02:03:56.0486 AM
[ReportManager] Assertion [ValidateElementAttribute] FAILED. Expected [Value Should be 'AutomaTion123' for the 'text' attribute, element locator 'By.name: q'] and Actual [AUTOMATION]. Comparison Type [CASE_INSENSITIVE]. Validation Type [POSITIVE]. @16-01-2022 02:03:56.0718 AM
[ReportManager] Successfully created attachment [Screenshot - 1642298636595_assertElementAttribute_true_caseInsensitiveComparison_expectedToFail_ValidateElementAttribute_failed] @16-01-2022 02:03:56.0719 A
[ReportManager] Browser Action [CloseCurrentWindow] successfully performed. @16-01-2022 02:03:57.0168 AM
[ReportManager] Successfully created attachment [Browser Action Test Data - CloseCurrentWindow - Actual Value] @16-01-2022 02:03:57.0169 A
[ReportManager] File Action [GetAbsolutePath] successfully performed. With the following test data [Relative Folder Path: "target/downloadedFiles/"]. @16-01-2022 02:03:57.0173 AM
[ReportManager] Attempting to run locally on: [Mac-64], [Safari], Headless Execution. @16-01-2022 02:03:57.0173 AM
[ReportManager] Successfully Opened Safari. @16-01-2022 02:03:57.0985 AM
[ReportManager] Initial window size: (800, 600) @16-01-2022 02:03:58.0008 AM
[ReportManager] Window size after SWD Maximize: (1176, 803) @16-01-2022 02:03:58.0021 AM
[ReportManager] Browser Action [MaximizeWindow] successfully performed. With the following test data [New screen size is now: (1176, 803)]. @16-01-2022 02:03:58.0022 AM
[ReportManager] Target URL: [https://www.google.com/ncr], and after redirection: [www.google.com] @16-01-2022 02:03:58.0022 AM
[ReportManager] Initial URL: [] @16-01-2022 02:03:58.0070 AM
[ReportManager] Browser Action [NavigateToURL] successfully performed. With the following test data [https://www.google.com/ncr]. @16-01-2022 02:04:00.0283 A

################################################################################################################################################
Starting Execution:	[38 out of 161] test cases in the current suite
Test Method:		[unitTests.tests_validations_assertions.assertElementAttribute_true_caseInsensitiveComparison_expectedToPass]
################################################################################################################################################
[ReportManager] Element Action [Type] successfully performed. With the following test data [AUTOMATION]. @16-01-2022 02:04:00.0500 AM
[ReportManager] Element Action [GetText] successfully performed. With the following test data [AUTOMATION]. @16-01-2022 02:04:00.0554 AM
[ReportManager] Assertion [ValidateElementAttribute] PASSED. Expected [Value Should be 'AutomaTion' for the 'text' attribute, element locator 'By.name: q'] and Actual [AUTOMATION]. Comparison Type [CASE_INSENSITIVE]. Validation Type [POSITIVE]. @16-01-2022 02:04:00.0780 AM
[ReportManager] Successfully created attachment [Screenshot - 1642298640644_assertElementAttribute_true_caseInsensitiveComparison_expectedToPass_ValidateElementAttribute_passed] @16-01-2022 02:04:00.0792 A
[ReportManager] Browser Action [CloseCurrentWindow] successfully performed. @16-01-2022 02:04:01.0340 AM
[ReportManager] Successfully created attachment [Browser Action Test Data - CloseCurrentWindow - Actual Value] @16-01-2022 02:04:01.0341 A
[ReportManager] File Action [GetAbsolutePath] successfully performed. With the following test data [Relative Folder Path: "target/downloadedFiles/"]. @16-01-2022 02:04:01.0344 AM
[ReportManager] Attempting to run locally on: [Mac-64], [Safari], Headless Execution. @16-01-2022 02:04:01.0344 AM
[ReportManager] An Exception Occured with this Message: Could not start a new session. Possible causes are invalid address of the remote server or browser start-up failure.. @16-01-2022 02:04:01.0373 AM
[ReportManager] Successfully created attachment [Exception Stack Trace - org.openqa.selenium.SessionNotCreatedException] @16-01-2022 02:04:01.0373 AM
[ReportManager] Driver Factory Action [createNewLocalDriverInstanceForSafari] failed. With the following test data [Failed to create a session on DESKTOP_SAFARI]. @16-01-2022 02:04:01.0374 A

################################################################################################################################################
Starting Execution:	[39 out of 161] test cases in the current suite
Test Method:		[unitTests.tests_validations_assertions.assertElementAttribute_true_containsComparison_expectedToFail]
###############################################################################################################################################



################################################################################################################################################
Starting Execution:	[40 out of 161] test cases in the current suite
Test Method:		[unitTests.tests_validations_assertions.assertElementAttribute_true_containsComparison_expectedToPass]
###############################################################################################################################################



################################################################################################################################################
Starting Execution:	[41 out of 161] test cases in the current suite
Test Method:		[unitTests.tests_validations_assertions.assertElementAttribute_true_literalComparison_expectedToFail]
###############################################################################################################################################



################################################################################################################################################
Starting Execution:	[42 out of 161] test cases in the current suite
Test Method:		[unitTests.tests_validations_assertions.assertElementAttribute_true_literalComparison_expectedToPass]
###############################################################################################################################################



################################################################################################################################################
Starting Execution:	[43 out of 161] test cases in the current suite
Test Method:		[unitTests.tests_validations_assertions.assertElementAttribute_true_regexComparison_expectedToFail]
###############################################################################################################################################



################################################################################################################################################
Starting Execution:	[44 out of 161] test cases in the current suite
Test Method:		[unitTests.tests_validations_assertions.assertElementAttribute_true_regexComparison_expectedToPass]
###############################################################################################################################################



################################################################################################################################################
Starting Execution:	[45 out of 161] test cases in the current suite
Test Method:		[unitTests.tests_validations_assertions.assertElementAttribute_type_true_literalComparison_expectedToPass]
###############################################################################################################################################



################################################################################################################################################
Starting Execution:	[46 out of 161] test cases in the current suite
Test Method:		[unitTests.tests_validations_assertions.assertElementExists_false_expectedToFail]
###############################################################################################################################################



################################################################################################################################################
Starting Execution:	[47 out of 161] test cases in the current suite
Test Method:		[unitTests.tests_validations_assertions.assertElementExists_false_expectedToPass]
###############################################################################################################################################



################################################################################################################################################
Starting Execution:	[48 out of 161] test cases in the current suite
Test Method:		[unitTests.tests_validations_assertions.assertElementExists_false_multipleElementsFound_expectedToFail]
###############################################################################################################################################



################################################################################################################################################
Starting Execution:	[49 out of 161] test cases in the current suite
Test Method:		[unitTests.tests_validations_assertions.assertElementExists_true_expectedToFail]
###############################################################################################################################################



################################################################################################################################################
Starting Execution:	[50 out of 161] test cases in the current suite
Test Method:		[unitTests.tests_validations_assertions.assertElementExists_true_expectedToPass]
###############################################################################################################################################



################################################################################################################################################
Starting Execution:	[51 out of 161] test cases in the current suite
Test Method:		[unitTests.tests_validations_assertions.assertElementExists_true_multipleElementsFound_expectedToFail]
###############################################################################################################################################


################################################################################################################################################
Starting Execution:	[52 out of 161] test cases in the current suite
Test Method:		[unitTests.tests_validations_assertions.assertEquals_false_expectedToFail]
###############################################################################################################################################

################################################################################################################################################
Starting Execution:	[53 out of 161] test cases in the current suite
Test Method:		[unitTests.tests_validations_assertions.assertEquals_false_expectedToPass]
###############################################################################################################################################

################################################################################################################################################
Starting Execution:	[54 out of 161] test cases in the current suite
Test Method:		[unitTests.tests_validations_assertions.assertEquals_longCharacters]
###############################################################################################################################################

################################################################################################################################################
Starting Execution:	[55 out of 161] test cases in the current suite
Test Method:		[unitTests.tests_validations_assertions.assertEquals_longCharacters_Discreet]
###############################################################################################################################################

################################################################################################################################################
Starting Execution:	[56 out of 161] test cases in the current suite
Test Method:		[unitTests.tests_validations_assertions.assertEquals_true_expectedToFail]
###############################################################################################################################################

################################################################################################################################################
Starting Execution:	[57 out of 161] test cases in the current suite
Test Method:		[unitTests.tests_validations_assertions.assertEquals_true_expectedToPass]
Test Description:	[Assert that assertEquals works as expected when the two values are equal.]
###############################################################################################################################################

################################################################################################################################################
Starting Execution:	[58 out of 161] test cases in the current suite
Test Method:		[unitTests.tests_validations_assertions.assertEquals_true_expectedToPass__]
###############################################################################################################################################

################################################################################################################################################
Starting Execution:	[59 out of 161] test cases in the current suite
Test Method:		[unitTests.tests_validations_assertions.assertFileExists_false_expectedToFail]
###############################################################################################################################################

################################################################################################################################################
Starting Execution:	[60 out of 161] test cases in the current suite
Test Method:		[unitTests.tests_validations_assertions.assertFileExists_false_expectedToPass]
###############################################################################################################################################

################################################################################################################################################
Starting Execution:	[61 out of 161] test cases in the current suite
Test Method:		[unitTests.tests_validations_assertions.assertFileExists_true_expectedToFail]
###############################################################################################################################################

################################################################################################################################################
Starting Execution:	[62 out of 161] test cases in the current suite
Test Method:		[unitTests.tests_validations_assertions.assertFileExists_true_expectedToPass]
###############################################################################################################################################

################################################################################################################################################
Starting Execution:	[63 out of 161] test cases in the current suite
Test Method:		[unitTests.tests_validations_assertions.assertNull_false_expectedToFail]
###############################################################################################################################################

################################################################################################################################################
Starting Execution:	[64 out of 161] test cases in the current suite
Test Method:		[unitTests.tests_validations_assertions.assertNull_false_expectedToPass]
###############################################################################################################################################

################################################################################################################################################
Starting Execution:	[65 out of 161] test cases in the current suite
Test Method:		[unitTests.tests_validations_assertions.assertNull_true_expectedToFail]
###############################################################################################################################################

################################################################################################################################################
Starting Execution:	[66 out of 161] test cases in the current suite
Test Method:		[unitTests.tests_validations_assertions.assertNull_true_expectedToPass]
###############################################################################################################################################

################################################################################################################################################
Starting Execution:	[67 out of 161] test cases in the current suite
Test Method:		[unitTests.tests_restActions.getPostsAndAssertBodyForSpecificTitle]
################################################################################################################################################
[ReportManager] Response status code: [200], status line: [HTTP/1.1 200 OK] @16-01-2022 02:04:04.0900 AM
[ReportManager] Assertion Passed: Evaluating the actual response status code against the expected one... @16-01-2022 02:04:04.0906 AM
[ReportManager] Assertion [ValidateComparativeRelation] PASSED. Expected [200] and Actual [200]. Comparison Type [EQUALS]. Validation Type [POSITIVE]. @16-01-2022 02:04:04.0906 AM
[ReportManager] API Action [PerformRequest] successfully performed. With the following test data [Request Type: "GET" | Target Status Code: "200" | Service URL: "https://jsonplaceholder.typicode.com/posts" | Content Type: "*/*" | Response Time: "793ms"]. @16-01-2022 02:04:05.0892 AM
[ReportManager] Successfully created attachment [API Request - Specifications] @16-01-2022 02:04:05.0895 AM
[ReportManager] Successfully created attachment [API Response - JSON Body] @16-01-2022 02:04:06.0117 AM
[ReportManager] API Action [GetResponseJSONValueAsList] successfully performed. @16-01-2022 02:04:06.0142 AM
[ReportManager] API Action [GetResponseJSONValue] successfully performed. With the following test data [title]. @16-01-2022 02:04:06.0162 AM
[ReportManager] API Action [GetResponseJSONValue] successfully performed. With the following test data [title]. @16-01-2022 02:04:06.0176 AM
[ReportManager] API Action [GetResponseJSONValue] successfully performed. With the following test data [body]. @16-01-2022 02:04:06.0189 AM
[ReportManager] Assertion [ValidateEquals] PASSED. Expected [qui neque nisi nulla] and Actual [est rerum tempore vitae
sequi sint nihil reprehenderit dolor beatae ea dolores neque
fugiat blanditiis voluptate porro vel nihil molestiae ut reiciendis
qui aperiam non debitis possimus qui neque nisi nulla]. Comparison Type [CONTAINS]. Validation Type [POSITIVE]. @16-01-2022 02:04:06.0190 AM
[ReportManager] API Action [GetResponseJSONValue] successfully performed. With the following test data [title]. @16-01-2022 02:04:06.0202 AM
[ReportManager] API Action [GetResponseJSONValue] successfully performed. With the following test data [title]. @16-01-2022 02:04:06.0215 AM
[ReportManager] API Action [GetResponseJSONValue] successfully performed. With the following test data [title]. @16-01-2022 02:04:06.0228 AM
[ReportManager] API Action [GetResponseJSONValue] successfully performed. With the following test data [title]. @16-01-2022 02:04:06.0241 AM
[ReportManager] API Action [GetResponseJSONValue] successfully performed. With the following test data [title]. @16-01-2022 02:04:06.0254 AM
[ReportManager] API Action [GetResponseJSONValue] successfully performed. With the following test data [title]. @16-01-2022 02:04:06.0266 AM
[ReportManager] API Action [GetResponseJSONValue] successfully performed. With the following test data [title]. @16-01-2022 02:04:06.0278 AM
[ReportManager] API Action [GetResponseJSONValue] successfully performed. With the following test data [title]. @16-01-2022 02:04:06.0290 AM
[ReportManager] API Action [GetResponseJSONValue] successfully performed. With the following test data [title]. @16-01-2022 02:04:06.0302 AM
[ReportManager] API Action [GetResponseJSONValue] successfully performed. With the following test data [title]. @16-01-2022 02:04:06.0314 AM
[ReportManager] API Action [GetResponseJSONValue] successfully performed. With the following test data [title]. @16-01-2022 02:04:06.0327 AM
[ReportManager] API Action [GetResponseJSONValue] successfully performed. With the following test data [title]. @16-01-2022 02:04:06.0341 AM
[ReportManager] API Action [GetResponseJSONValue] successfully performed. With the following test data [title]. @16-01-2022 02:04:06.0352 AM
[ReportManager] API Action [GetResponseJSONValue] successfully performed. With the following test data [title]. @16-01-2022 02:04:06.0364 AM
[ReportManager] API Action [GetResponseJSONValue] successfully performed. With the following test data [title]. @16-01-2022 02:04:06.0375 AM
[ReportManager] API Action [GetResponseJSONValue] successfully performed. With the following test data [title]. @16-01-2022 02:04:06.0387 AM
[ReportManager] API Action [GetResponseJSONValue] successfully performed. With the following test data [title]. @16-01-2022 02:04:06.0399 AM
[ReportManager] API Action [GetResponseJSONValue] successfully performed. With the following test data [title]. @16-01-2022 02:04:06.0412 AM
[ReportManager] API Action [GetResponseJSONValue] successfully performed. With the following test data [title]. @16-01-2022 02:04:06.0424 AM
[ReportManager] API Action [GetResponseJSONValue] successfully performed. With the following test data [title]. @16-01-2022 02:04:06.0438 AM
[ReportManager] API Action [GetResponseJSONValue] successfully performed. With the following test data [title]. @16-01-2022 02:04:06.0449 AM
[ReportManager] API Action [GetResponseJSONValue] successfully performed. With the following test data [title]. @16-01-2022 02:04:06.0461 AM
[ReportManager] API Action [GetResponseJSONValue] successfully performed. With the following test data [title]. @16-01-2022 02:04:06.0472 AM
[ReportManager] API Action [GetResponseJSONValue] successfully performed. With the following test data [title]. @16-01-2022 02:04:06.0484 AM
[ReportManager] API Action [GetResponseJSONValue] successfully performed. With the following test data [title]. @16-01-2022 02:04:06.0496 AM
[ReportManager] API Action [GetResponseJSONValue] successfully performed. With the following test data [title]. @16-01-2022 02:04:06.0523 AM
[ReportManager] API Action [GetResponseJSONValue] successfully performed. With the following test data [title]. @16-01-2022 02:04:06.0534 AM
[ReportManager] API Action [GetResponseJSONValue] successfully performed. With the following test data [title]. @16-01-2022 02:04:06.0546 AM
[ReportManager] API Action [GetResponseJSONValue] successfully performed. With the following test data [title]. @16-01-2022 02:04:06.0557 AM
[ReportManager] API Action [GetResponseJSONValue] successfully performed. With the following test data [title]. @16-01-2022 02:04:06.0568 AM
[ReportManager] API Action [GetResponseJSONValue] successfully performed. With the following test data [title]. @16-01-2022 02:04:06.0579 AM
[ReportManager] API Action [GetResponseJSONValue] successfully performed. With the following test data [title]. @16-01-2022 02:04:06.0591 AM
[ReportManager] API Action [GetResponseJSONValue] successfully performed. With the following test data [title]. @16-01-2022 02:04:06.0603 AM
[ReportManager] API Action [GetResponseJSONValue] successfully performed. With the following test data [title]. @16-01-2022 02:04:06.0618 AM
[ReportManager] API Action [GetResponseJSONValue] successfully performed. With the following test data [title]. @16-01-2022 02:04:06.0629 AM
[ReportManager] API Action [GetResponseJSONValue] successfully performed. With the following test data [title]. @16-01-2022 02:04:06.0640 AM
[ReportManager] API Action [GetResponseJSONValue] successfully performed. With the following test data [title]. @16-01-2022 02:04:06.0651 AM
[ReportManager] API Action [GetResponseJSONValue] successfully performed. With the following test data [title]. @16-01-2022 02:04:06.0662 AM
[ReportManager] API Action [GetResponseJSONValue] successfully performed. With the following test data [title]. @16-01-2022 02:04:06.0673 AM
[ReportManager] API Action [GetResponseJSONValue] successfully performed. With the following test data [title]. @16-01-2022 02:04:06.0684 AM
[ReportManager] API Action [GetResponseJSONValue] successfully performed. With the following test data [title]. @16-01-2022 02:04:06.0694 AM
[ReportManager] API Action [GetResponseJSONValue] successfully performed. With the following test data [title]. @16-01-2022 02:04:06.0705 AM
[ReportManager] API Action [GetResponseJSONValue] successfully performed. With the following test data [title]. @16-01-2022 02:04:06.0717 AM
[ReportManager] API Action [GetResponseJSONValue] successfully performed. With the following test data [title]. @16-01-2022 02:04:06.0728 AM
[ReportManager] API Action [GetResponseJSONValue] successfully performed. With the following test data [title]. @16-01-2022 02:04:06.0739 AM
[ReportManager] API Action [GetResponseJSONValue] successfully performed. With the following test data [title]. @16-01-2022 02:04:06.0751 AM
[ReportManager] API Action [GetResponseJSONValue] successfully performed. With the following test data [title]. @16-01-2022 02:04:06.0763 AM
[ReportManager] API Action [GetResponseJSONValue] successfully performed. With the following test data [title]. @16-01-2022 02:04:06.0774 AM
[ReportManager] API Action [GetResponseJSONValue] successfully performed. With the following test data [title]. @16-01-2022 02:04:06.0786 AM
[ReportManager] API Action [GetResponseJSONValue] successfully performed. With the following test data [title]. @16-01-2022 02:04:06.0797 AM
[ReportManager] API Action [GetResponseJSONValue] successfully performed. With the following test data [title]. @16-01-2022 02:04:06.0809 AM
[ReportManager] API Action [GetResponseJSONValue] successfully performed. With the following test data [title]. @16-01-2022 02:04:06.0819 AM
[ReportManager] API Action [GetResponseJSONValue] successfully performed. With the following test data [title]. @16-01-2022 02:04:06.0830 AM
[ReportManager] API Action [GetResponseJSONValue] successfully performed. With the following test data [title]. @16-01-2022 02:04:06.0841 AM
[ReportManager] API Action [GetResponseJSONValue] successfully performed. With the following test data [title]. @16-01-2022 02:04:06.0851 AM
[ReportManager] API Action [GetResponseJSONValue] successfully performed. With the following test data [title]. @16-01-2022 02:04:06.0862 AM
[ReportManager] API Action [GetResponseJSONValue] successfully performed. With the following test data [title]. @16-01-2022 02:04:06.0873 AM
[ReportManager] API Action [GetResponseJSONValue] successfully performed. With the following test data [title]. @16-01-2022 02:04:06.0884 AM
[ReportManager] API Action [GetResponseJSONValue] successfully performed. With the following test data [title]. @16-01-2022 02:04:06.0895 AM
[ReportManager] API Action [GetResponseJSONValue] successfully performed. With the following test data [title]. @16-01-2022 02:04:06.0923 AM
[ReportManager] API Action [GetResponseJSONValue] successfully performed. With the following test data [title]. @16-01-2022 02:04:06.0934 AM
[ReportManager] API Action [GetResponseJSONValue] successfully performed. With the following test data [title]. @16-01-2022 02:04:06.0944 AM
[ReportManager] API Action [GetResponseJSONValue] successfully performed. With the following test data [title]. @16-01-2022 02:04:06.0955 AM
[ReportManager] API Action [GetResponseJSONValue] successfully performed. With the following test data [title]. @16-01-2022 02:04:06.0966 AM
[ReportManager] API Action [GetResponseJSONValue] successfully performed. With the following test data [title]. @16-01-2022 02:04:06.0977 AM
[ReportManager] API Action [GetResponseJSONValue] successfully performed. With the following test data [title]. @16-01-2022 02:04:06.0988 AM
[ReportManager] API Action [GetResponseJSONValue] successfully performed. With the following test data [title]. @16-01-2022 02:04:07.0000 AM
[ReportManager] API Action [GetResponseJSONValue] successfully performed. With the following test data [title]. @16-01-2022 02:04:07.0011 AM
[ReportManager] API Action [GetResponseJSONValue] successfully performed. With the following test data [title]. @16-01-2022 02:04:07.0022 AM
[ReportManager] API Action [GetResponseJSONValue] successfully performed. With the following test data [title]. @16-01-2022 02:04:07.0033 AM
[ReportManager] API Action [GetResponseJSONValue] successfully performed. With the following test data [title]. @16-01-2022 02:04:07.0044 AM
[ReportManager] API Action [GetResponseJSONValue] successfully performed. With the following test data [title]. @16-01-2022 02:04:07.0055 AM
[ReportManager] API Action [GetResponseJSONValue] successfully performed. With the following test data [title]. @16-01-2022 02:04:07.0066 AM
[ReportManager] API Action [GetResponseJSONValue] successfully performed. With the following test data [title]. @16-01-2022 02:04:07.0076 AM
[ReportManager] API Action [GetResponseJSONValue] successfully performed. With the following test data [title]. @16-01-2022 02:04:07.0087 AM
[ReportManager] API Action [GetResponseJSONValue] successfully performed. With the following test data [title]. @16-01-2022 02:04:07.0098 AM
[ReportManager] API Action [GetResponseJSONValue] successfully performed. With the following test data [title]. @16-01-2022 02:04:07.0109 AM
[ReportManager] API Action [GetResponseJSONValue] successfully performed. With the following test data [title]. @16-01-2022 02:04:07.0120 AM
[ReportManager] API Action [GetResponseJSONValue] successfully performed. With the following test data [title]. @16-01-2022 02:04:07.0131 AM
[ReportManager] API Action [GetResponseJSONValue] successfully performed. With the following test data [title]. @16-01-2022 02:04:07.0141 AM
[ReportManager] API Action [GetResponseJSONValue] successfully performed. With the following test data [title]. @16-01-2022 02:04:07.0153 AM
[ReportManager] API Action [GetResponseJSONValue] successfully performed. With the following test data [title]. @16-01-2022 02:04:07.0164 AM
[ReportManager] API Action [GetResponseJSONValue] successfully performed. With the following test data [title]. @16-01-2022 02:04:07.0176 AM
[ReportManager] API Action [GetResponseJSONValue] successfully performed. With the following test data [title]. @16-01-2022 02:04:07.0186 AM
[ReportManager] API Action [GetResponseJSONValue] successfully performed. With the following test data [title]. @16-01-2022 02:04:07.0197 AM
[ReportManager] API Action [GetResponseJSONValue] successfully performed. With the following test data [title]. @16-01-2022 02:04:07.0207 AM
[ReportManager] API Action [GetResponseJSONValue] successfully performed. With the following test data [title]. @16-01-2022 02:04:07.0218 AM
[ReportManager] API Action [GetResponseJSONValue] successfully performed. With the following test data [title]. @16-01-2022 02:04:07.0229 AM
[ReportManager] API Action [GetResponseJSONValue] successfully performed. With the following test data [title]. @16-01-2022 02:04:07.0239 AM
[ReportManager] API Action [GetResponseJSONValue] successfully performed. With the following test data [title]. @16-01-2022 02:04:07.0250 AM
[ReportManager] API Action [GetResponseJSONValue] successfully performed. With the following test data [title]. @16-01-2022 02:04:07.0260 AM
[ReportManager] API Action [GetResponseJSONValue] successfully performed. With the following test data [title]. @16-01-2022 02:04:07.0273 AM
[ReportManager] API Action [GetResponseJSONValue] successfully performed. With the following test data [title]. @16-01-2022 02:04:07.0284 AM
[ReportManager] API Action [GetResponseJSONValue] successfully performed. With the following test data [title]. @16-01-2022 02:04:07.0295 AM
[ReportManager] API Action [GetResponseJSONValue] successfully performed. With the following test data [title]. @16-01-2022 02:04:07.0307 AM
[ReportManager] API Action [GetResponseJSONValue] successfully performed. With the following test data [title]. @16-01-2022 02:04:07.0319 AM
[ReportManager] API Action [GetResponseJSONValue] successfully performed. With the following test data [title]. @16-01-2022 02:04:07.0331 AM
[ReportManager] API Action [GetResponseJSONValue] successfully performed. With the following test data [title]. @16-01-2022 02:04:07.0342 A

################################################################################################################################################
Starting Execution:	[68 out of 161] test cases in the current suite
Test Method:		[unitTests.tests_restActions.validateUserEmail]
################################################################################################################################################
[ReportManager] Response status code: [200], status line: [HTTP/1.1 200 OK] @16-01-2022 02:04:07.0420 AM
[ReportManager] Assertion Passed: Evaluating the actual response status code against the expected one... @16-01-2022 02:04:07.0420 AM
[ReportManager] Assertion [ValidateComparativeRelation] PASSED. Expected [200] and Actual [200]. Comparison Type [EQUALS]. Validation Type [POSITIVE]. @16-01-2022 02:04:07.0420 AM
[ReportManager] API Action [PerformRequest] successfully performed. With the following test data [Request Type: "GET" | Target Status Code: "200" | Service URL: "https://jsonplaceholder.typicode.com/users" | Content Type: "*/*" | Response Time: "68ms"]. @16-01-2022 02:04:07.0441 AM
[ReportManager] Successfully created attachment [API Request - Specifications] @16-01-2022 02:04:07.0442 AM
[ReportManager] Successfully created attachment [API Response - JSON Body] @16-01-2022 02:04:07.0442 AM
[ReportManager] Assertion [ValidateEquals] PASSED. Expected and Actual values are attached. Comparison Type [CONTAINS]. Validation Type [POSITIVE]. @16-01-2022 02:04:07.0443 AM
[ReportManager] Successfully created attachment [Validation Test Data - Expected Value] @16-01-2022 02:04:07.0443 AM
[ReportManager] Successfully created attachment [Validation Test Data - Actual Value] @16-01-2022 02:04:07.0443 AM
[ReportManager] API Action [GetResponseJSONValueAsList] successfully performed. With the following test data [$]. @16-01-2022 02:04:07.0448 AM
[ReportManager] API Action [GetResponseJSONValue] successfully performed. With the following test data [name]. @16-01-2022 02:04:07.0459 AM
[ReportManager] API Action [GetResponseJSONValue] successfully performed. With the following test data [email]. @16-01-2022 02:04:07.0469 AM
[ReportManager] Assertion [ValidateEquals] PASSED. Expected [Sincere@april.biz] and Actual [Sincere@april.biz]. Comparison Type [EQUALS]. Validation Type [POSITIVE]. @16-01-2022 02:04:07.0469 AM
[ReportManager] API Action [GetResponseJSONValue] successfully performed. With the following test data [name]. @16-01-2022 02:04:07.0480 AM
[ReportManager] API Action [GetResponseJSONValue] successfully performed. With the following test data [name]. @16-01-2022 02:04:07.0491 AM
[ReportManager] API Action [GetResponseJSONValue] successfully performed. With the following test data [name]. @16-01-2022 02:04:07.0502 AM
[ReportManager] API Action [GetResponseJSONValue] successfully performed. With the following test data [name]. @16-01-2022 02:04:07.0512 AM
[ReportManager] API Action [GetResponseJSONValue] successfully performed. With the following test data [name]. @16-01-2022 02:04:07.0522 AM
[ReportManager] API Action [GetResponseJSONValue] successfully performed. With the following test data [name]. @16-01-2022 02:04:07.0532 AM
[ReportManager] API Action [GetResponseJSONValue] successfully performed. With the following test data [name]. @16-01-2022 02:04:07.0542 AM
[ReportManager] API Action [GetResponseJSONValue] successfully performed. With the following test data [name]. @16-01-2022 02:04:07.0553 AM
[ReportManager] API Action [GetResponseJSONValue] successfully performed. With the following test data [name]. @16-01-2022 02:04:07.0563 A
[ReportManager] File Action [GetAbsolutePath] successfully performed. With the following test data [Relative Folder Path: "target/downloadedFiles/"]. @16-01-2022 02:04:07.0566 AM
[ReportManager] Attempting to run locally on: [Mac-64], [Safari], Headless Execution. @16-01-2022 02:04:07.0566 AM
[ReportManager] Successfully Opened Safari. @16-01-2022 02:04:08.0397 AM
[ReportManager] Initial window size: (800, 600) @16-01-2022 02:04:08.0423 AM
[ReportManager] Window size after SWD Maximize: (1176, 803) @16-01-2022 02:04:08.0450 AM
[ReportManager] Browser Action [MaximizeWindow] successfully performed. With the following test data [New screen size is now: (1176, 803)]. @16-01-2022 02:04:08.0450 A

################################################################################################################################################
Starting Execution:	[69 out of 161] test cases in the current suite
Test Method:		[testPackage01.Test_uploadFile.uploadFile_invisibleUploadInput]
################################################################################################################################################
[ReportManager] Target URL: [https://fineuploader.com/demos.html#gallery-view] @16-01-2022 02:04:08.0452 AM
[ReportManager] Initial URL: [] @16-01-2022 02:04:08.0509 AM
[ReportManager] Browser Action [NavigateToURL] successfully performed. With the following test data [https://fineuploader.com/demos.html#gallery-view]. @16-01-2022 02:04:10.0260 AM
[ReportManager] File Action [GetAbsolutePath] successfully performed. With the following test data [Relative File Path: "src/main/resources/images/shaft.png"]. @16-01-2022 02:04:10.0261 AM
[ReportManager] Successfully created attachment [File Action Actual Result - Command Log] @16-01-2022 02:04:10.0261 AM
[ReportManager] Element Action [TypeFileLocationForUpload] successfully performed. With the following test data [/Users/runner/work/SHAFT_ENGINE/SHAFT_ENGINE/src/main/resources/images/shaft.png]. @16-01-2022 02:04:10.0310 AM
[ReportManager] Attempting to getAttribute [src] from elementLocator [By.xpath: //div[@id='fine-uploader-gallery']//div[@class='qq-thumbnail-wrapper']/img]. @16-01-2022 02:04:10.0312 AM
[ReportManager] Element Action [GetAttribute] successfully performed. @16-01-2022 02:04:10.0411 AM
[ReportManager] Successfully created attachment [Element Action Test Data - GetAttribute - Actual Value] @16-01-2022 02:04:10.0413 AM
[ReportManager] Assertion Passed: Then I Assert that the element found by [By.xpath: //div[@id='fine-uploader-gallery']//div[@class='qq-thumbnail-wrapper']/img] attribute [src] contains [data:image/png;base64]. @16-01-2022 02:04:10.0605 AM
[ReportManager] Successfully created attachment [Validation Test Data - Expected Value] @16-01-2022 02:04:10.0606 AM
[ReportManager] Successfully created attachment [Validation Test Data - Actual Value] @16-01-2022 02:04:10.0607 AM
[ReportManager] Successfully created attachment [Screenshot - 1642298650527_uploadFile_invisibleUploadInput_ValidateElementAttribute_passed] @16-01-2022 02:04:10.0608 AM
[ReportManager] Assertion [ValidateElementAttribute] PASSED. Expected and Actual values are attached. Comparison Type [CONTAINS]. Validation Type [POSITIVE]. @16-01-2022 02:04:10.0608 A
[ReportManager] Browser Action [CloseCurrentWindow] successfully performed. @16-01-2022 02:04:10.0926 AM
[ReportManager] Successfully created attachment [Browser Action Test Data - CloseCurrentWindow - Actual Value] @16-01-2022 02:04:10.0927 A
[ReportManager] File Action [GetAbsolutePath] successfully performed. With the following test data [Relative Folder Path: "target/downloadedFiles/"]. @16-01-2022 02:04:10.0931 AM
[ReportManager] Attempting to run locally on: [Mac-64], [Safari], Headless Execution. @16-01-2022 02:04:10.0931 AM
[ReportManager] Successfully Opened Safari. @16-01-2022 02:04:11.0747 AM
[ReportManager] Initial window size: (800, 600) @16-01-2022 02:04:11.0772 AM
[ReportManager] Window size after SWD Maximize: (1176, 803) @16-01-2022 02:04:11.0787 AM
[ReportManager] Browser Action [MaximizeWindow] successfully performed. With the following test data [New screen size is now: (1176, 803)]. @16-01-2022 02:04:11.0787 A

################################################################################################################################################
Starting Execution:	[70 out of 161] test cases in the current suite
Test Method:		[testPackage01.Test_uploadFile.uploadFile_visibleUploadInput]
################################################################################################################################################
[ReportManager] Target URL: [https://demo.guru99.com/test/upload/] @16-01-2022 02:04:11.0833 AM
[ReportManager] Initial URL: [] @16-01-2022 02:04:11.0864 AM
[ReportManager] Browser Action [NavigateToURL] successfully performed. With the following test data [https://demo.guru99.com/test/upload/]. @16-01-2022 02:04:14.0480 AM
[ReportManager] File Action [GetAbsolutePath] successfully performed. With the following test data [Relative Folder Path: "src/main/resources/images/shaft.png"]. @16-01-2022 02:04:14.0481 AM
[ReportManager] Element Action [TypeFileLocationForUpload] successfully performed. With the following test data [/Users/runner/work/SHAFT_ENGINE/SHAFT_ENGINE/src/main/resources/images/shaft.png]. @16-01-2022 02:04:14.0584 AM
[ReportManager] Element Action [Click] successfully performed. With the following test data [By.id: terms]. @16-01-2022 02:04:15.0556 AM
[ReportManager] Element Action [Click] successfully performed. With the following test data [By.id: submitbutton]. @16-01-2022 02:04:15.0756 AM
[ReportManager] Element Action [GetText] successfully performed. With the following test data [1 file has been successfully uploaded.]. @16-01-2022 02:04:16.0496 AM
[ReportManager] Assertion Passed: Then I Assert that the element found by [By.id: res] attribute [Text] contains [1 file]. @16-01-2022 02:04:16.0664 AM
[ReportManager] Successfully created attachment [Screenshot - 1642298656597_uploadFile_visibleUploadInput_ValidateElementAttribute_passed] @16-01-2022 02:04:16.0665 AM
[ReportManager] Assertion [ValidateElementAttribute] PASSED. Expected [Value Should be '1 file' for the 'Text' attribute, element locator 'By.id: res'] and Actual [1 file has been successfully uploaded.]. Comparison Type [CONTAINS]. Validation Type [POSITIVE]. @16-01-2022 02:04:16.0665 A
[ReportManager] Browser Action [CloseCurrentWindow] successfully performed. @16-01-2022 02:04:16.0956 AM
[ReportManager] Successfully created attachment [Browser Action Test Data - CloseCurrentWindow - Actual Value] @16-01-2022 02:04:16.0957 A

################################################################################################################################################
Starting Execution:	[71 out of 161] test cases in the current suite
Test Method:		[testPackage01.Test_AssertApiResponseEquals.assertApiResponseEquals_expectedToPass]
################################################################################################################################################
[ReportManager] Response status code: [200], status line: [HTTP/1.1 200 OK] @16-01-2022 02:04:17.0038 AM
[ReportManager] Assertion Passed: Evaluating the actual response status code against the expected one... @16-01-2022 02:04:17.0039 AM
[ReportManager] Assertion [ValidateComparativeRelation] PASSED. Expected [200] and Actual [200]. Comparison Type [EQUALS]. Validation Type [POSITIVE]. @16-01-2022 02:04:17.0039 AM
[ReportManager] API Action [PerformRequest] successfully performed. With the following test data [Request Type: "GET" | Target Status Code: "200" | Service URL: "https://jsonplaceholder.typicode.com/users" | Content Type: "*/*" | Response Time: "72ms"]. @16-01-2022 02:04:17.0077 AM
[ReportManager] Successfully created attachment [API Request - Specifications] @16-01-2022 02:04:17.0079 AM
[ReportManager] Successfully created attachment [API Response - JSON Body] @16-01-2022 02:04:17.0080 AM
[ReportManager] API Action [GetResponseJSONValueAsList] successfully performed. With the following test data [$]. @16-01-2022 02:04:17.0088 AM
[ReportManager] API Action [GetResponseJSONValue] successfully performed. With the following test data [name]. @16-01-2022 02:04:17.0101 AM
[ReportManager] API Action [GetResponseJSONValue] successfully performed. With the following test data [email]. @16-01-2022 02:04:17.0117 AM
[ReportManager] Verification [ValidateEquals] PASSED. Expected [Sincere@april.biz] and Actual [Sincere@april.biz]. Comparison Type [EQUALS]. Validation Type [POSITIVE]. @16-01-2022 02:04:17.0117 AM
[ReportManager] API Action [GetResponseJSONValue] successfully performed. With the following test data [username]. @16-01-2022 02:04:17.0130 AM
[ReportManager] Assertion [ValidateEquals] PASSED. Expected [Bret] and Actual [Bret]. Comparison Type [EQUALS]. Validation Type [POSITIVE]. @16-01-2022 02:04:17.0130 AM
[ReportManager] API Action [GetResponseJSONValue] successfully performed. With the following test data [name]. @16-01-2022 02:04:17.0142 AM
[ReportManager] API Action [GetResponseJSONValue] successfully performed. With the following test data [name]. @16-01-2022 02:04:17.0154 AM
[ReportManager] API Action [GetResponseJSONValue] successfully performed. With the following test data [name]. @16-01-2022 02:04:17.0166 AM
[ReportManager] API Action [GetResponseJSONValue] successfully performed. With the following test data [name]. @16-01-2022 02:04:17.0179 AM
[ReportManager] API Action [GetResponseJSONValue] successfully performed. With the following test data [name]. @16-01-2022 02:04:17.0190 AM
[ReportManager] API Action [GetResponseJSONValue] successfully performed. With the following test data [name]. @16-01-2022 02:04:17.0202 AM
[ReportManager] API Action [GetResponseJSONValue] successfully performed. With the following test data [name]. @16-01-2022 02:04:17.0214 AM
[ReportManager] API Action [GetResponseJSONValue] successfully performed. With the following test data [name]. @16-01-2022 02:04:17.0226 AM
[ReportManager] API Action [GetResponseJSONValue] successfully performed. With the following test data [name]. @16-01-2022 02:04:17.0239 A
[ReportManager] File Action [GetAbsolutePath] successfully performed. With the following test data [Relative Folder Path: "target/downloadedFiles/"]. @16-01-2022 02:04:17.0242 AM
[ReportManager] Attempting to run locally on: [Mac-64], [Safari], Headless Execution. @16-01-2022 02:04:17.0242 AM
[ReportManager] Successfully Opened Safari. @16-01-2022 02:04:18.0083 AM
[ReportManager] Initial window size: (800, 600) @16-01-2022 02:04:18.0107 AM
[ReportManager] Window size after SWD Maximize: (1176, 803) @16-01-2022 02:04:18.0120 AM
[ReportManager] Browser Action [MaximizeWindow] successfully performed. With the following test data [New screen size is now: (1176, 803)]. @16-01-2022 02:04:18.0121 AM
[ReportManager] Target URL: [http://the-internet.herokuapp.com/javascript_alerts] @16-01-2022 02:04:18.0121 AM
[ReportManager] Initial URL: [] @16-01-2022 02:04:18.0173 AM
[ReportManager] Browser Action [NavigateToURL] successfully performed. With the following test data [http://the-internet.herokuapp.com/javascript_alerts]. @16-01-2022 02:04:19.0145 A

################################################################################################################################################
Starting Execution:	[72 out of 161] test cases in the current suite
Test Method:		[testPackage01.TestJSPromptBox.dismissAlert]
################################################################################################################################################
[ReportManager] Element Action [Click] successfully performed. With the following test data [By.xpath: //button[contains(text(),'Click for JS Prompt')]]. @16-01-2022 02:04:19.0429 AM
[ReportManager] Alert is present @16-01-2022 02:04:19.0453 AM
[ReportManager] Element Action [DismissAlert] successfully performed. @16-01-2022 02:04:19.0476 A

################################################################################################################################################
Starting Execution:	[73 out of 161] test cases in the current suite
Test Method:		[testPackage01.TestJSPromptBox.assertOnCancelAlertResultText]
################################################################################################################################################
[ReportManager] Element Action [GetText] successfully performed. With the following test data [You entered: null]. @16-01-2022 02:04:19.0544 AM
[ReportManager] Assertion Passed: Then I Assert that the element found by [By.id: result] attribute [TEXT] is equal to [You entered: null]. @16-01-2022 02:04:19.0694 AM
[ReportManager] Successfully created attachment [Screenshot - 1642298659631_assertOnCancelAlertResultText_ValidateElementAttribute_passed] @16-01-2022 02:04:19.0695 AM
[ReportManager] Assertion [ValidateElementAttribute] PASSED. Expected [Value Should be 'You entered: null' for the 'text' attribute, element locator 'By.id: result'] and Actual [You entered: null]. Comparison Type [EQUALS]. Validation Type [POSITIVE]. @16-01-2022 02:04:19.0695 A

################################################################################################################################################
Starting Execution:	[74 out of 161] test cases in the current suite
Test Method:		[testPackage01.TestJSPromptBox.getAlertText]
################################################################################################################################################
[ReportManager] Element Action [Click] successfully performed. With the following test data [By.xpath: //button[contains(text(),'Click for JS Prompt')]]. @16-01-2022 02:04:19.0886 AM
[ReportManager] Alert is present @16-01-2022 02:04:19.0891 AM
[ReportManager] Alert Text is: [I am a JS prompt] @16-01-2022 02:04:19.0912 AM
[ReportManager] Element Action [GetAlertText] successfully performed. @16-01-2022 02:04:19.0912 AM
[ReportManager] Alert text is: [I am a JS prompt] @16-01-2022 02:04:19.0914 AM
[ReportManager] Alert is present @16-01-2022 02:04:19.0924 AM
[ReportManager] Alert Text is: [I am a JS prompt] @16-01-2022 02:04:19.0934 AM
[ReportManager] Element Action [GetAlertText] successfully performed. @16-01-2022 02:04:19.0935 AM
[ReportManager] Assertion Passed: Then I Assert that [I am a JS prompt] is equal to [I am a JS prompt]. @16-01-2022 02:04:19.0935 AM
[ReportManager] Assertion [ValidateEquals] PASSED. Expected [I am a JS prompt] and Actual [I am a JS prompt]. Comparison Type [EQUALS]. Validation Type [POSITIVE]. @16-01-2022 02:04:19.0935 A

################################################################################################################################################
Starting Execution:	[75 out of 161] test cases in the current suite
Test Method:		[testPackage01.TestJSPromptBox.acceptPromptAlertWithoutTypingTextMessage]
################################################################################################################################################
[ReportManager] Alert is not present @16-01-2022 02:04:50.0057 AM
[ReportManager] Element Action [WaitForAlertToBePresent] failed. @16-01-2022 02:04:50.0160 AM
[ReportManager] Successfully created attachment [Screenshot - 1642298690080_acceptPromptAlertWithoutTypingTextMessage_WaitForAlertToBePresent_failed] @16-01-2022 02:04:50.0161 A

################################################################################################################################################
Starting Execution:	[76 out of 161] test cases in the current suite
Test Method:		[testPackage01.TestJSPromptBox.assertOnConfirmPromptAlertWithoutTypingTextMessageResultText]
###############################################################################################################################################

################################################################################################################################################
Starting Execution:	[77 out of 161] test cases in the current suite
Test Method:		[testPackage01.TestJSPromptBox.acceptPromptAlertWithTextMessage]
###############################################################################################################################################

################################################################################################################################################
Starting Execution:	[78 out of 161] test cases in the current suite
Test Method:		[testPackage01.TestJSPromptBox.assertOnConfirmPromptAlertWithTextMessageResultText]
###############################################################################################################################################
[ReportManager] Browser Action [CloseCurrentWindow] successfully performed. @16-01-2022 02:04:50.0676 AM
[ReportManager] Successfully created attachment [Browser Action Test Data - CloseCurrentWindow - Actual Value] @16-01-2022 02:04:50.0676 A

################################################################################################################################################
Starting Execution:	[79 out of 161] test cases in the current suite
Test Method:		[testPackage01.Test_testData.f]
################################################################################################################################################
[ReportManager] Successfully loaded the following test data file [src/test/resources/testDataFiles/testSuite01/TestData.xlsx]. @16-01-2022 02:04:50.0712 AM
[ReportManager] Successfully created attachment [Test Data - Excel] @16-01-2022 02:04:50.0713 AM
[ReportManager] Last Column Number is: [3]. Zero-based. @16-01-2022 02:04:50.0714 A

################################################################################################################################################
Starting Execution:	[80 out of 161] test cases in the current suite
Test Method:		[testPackage01.Test_PDF.testPDF1]
################################################################################################################################################
[ReportManager] File Action [DoesFileExist] successfully performed. With the following test data [File Path: "src/test/resources/testDataFiles/sample.pdf"]. @16-01-2022 02:04:50.0721 AM
[ReportManager] File Action [GetAbsolutePath] successfully performed. With the following test data [Relative Folder Path: "src/test/resources/testDataFiles/sample.pdf"]. @16-01-2022 02:04:50.0722 AM
[ReportManager] Assertion Passed: Checking to see that the pdf file contains [A Simple PDF File] @16-01-2022 02:04:54.0964 AM
[ReportManager] Successfully created attachment [Validation Test Data - Expected Value] @16-01-2022 02:04:54.0965 AM
[ReportManager] Successfully created attachment [Validation Test Data - Actual Value] @16-01-2022 02:04:54.0965 AM
[ReportManager] Assertion [ValidateEquals] PASSED. Expected and Actual values are attached. Comparison Type [CONTAINS]. Validation Type [POSITIVE]. @16-01-2022 02:04:54.0965 A

################################################################################################################################################
Starting Execution:	[81 out of 161] test cases in the current suite
Test Method:		[testPackage01.Test_PDF.testPDF2]
################################################################################################################################################
[ReportManager] File Action [DoesFileExist] successfully performed. With the following test data [File Path: "src/test/resources/testDataFiles/sample.pdf"]. @16-01-2022 02:04:54.0971 AM
[ReportManager] File Action [GetAbsolutePath] successfully performed. With the following test data [Relative Folder Path: "src/test/resources/testDataFiles/sample.pdf"]. @16-01-2022 02:04:54.0971 AM
[ReportManager] Assertion Passed: Checking to see that the pdf file contains [A Simple PDF File] @16-01-2022 02:04:54.0985 AM
[ReportManager] Successfully created attachment [Validation Test Data - Expected Value] @16-01-2022 02:04:54.0985 AM
[ReportManager] Successfully created attachment [Validation Test Data - Actual Value] @16-01-2022 02:04:54.0986 AM
[ReportManager] Assertion [ValidateEquals] PASSED. Expected and Actual values are attached. Comparison Type [CONTAINS]. Validation Type [POSITIVE]. @16-01-2022 02:04:54.0986 A
[ReportManager] File Action [GetAbsolutePath] successfully performed. With the following test data [Relative Folder Path: "target/downloadedFiles/"]. @16-01-2022 02:04:54.0989 AM
[ReportManager] Attempting to run locally on: [Mac-64], [Safari], Headless Execution. @16-01-2022 02:04:54.0989 AM
[ReportManager] Successfully Opened Safari. @16-01-2022 02:04:56.0275 AM
[ReportManager] Initial window size: (800, 600) @16-01-2022 02:04:56.0302 AM
[ReportManager] Window size after SWD Maximize: (1176, 803) @16-01-2022 02:04:56.0323 AM
[ReportManager] Browser Action [MaximizeWindow] successfully performed. With the following test data [New screen size is now: (1176, 803)]. @16-01-2022 02:04:56.0323 A

################################################################################################################################################
Starting Execution:	[82 out of 161] test cases in the current suite
Test Method:		[testPackage01.Test_ShadowDOM.shadowdom]
################################################################################################################################################
[ReportManager] Target URL: [https://mdn.github.io/web-components-examples/popup-info-box-web-component/] @16-01-2022 02:04:56.0330 AM
[ReportManager] Initial URL: [] @16-01-2022 02:04:56.0386 AM
[ReportManager] Browser Action [NavigateToURL] successfully performed. With the following test data [https://mdn.github.io/web-components-examples/popup-info-box-web-component/]. @16-01-2022 02:04:56.0893 AM
[ReportManager] Element Action [Type] successfully performed. With the following test data [Typing into SHADOW DOM...]. @16-01-2022 02:04:57.0257 AM
[ReportManager] Element Action [GetText] successfully performed. With the following test data [Typing into SHADOW DOM...]. @16-01-2022 02:04:57.0352 AM
[ReportManager] Assertion [ValidateElementAttribute] PASSED. Expected [Value Should be 'Typing into SHADOW DOM...' for the 'Text' attribute, element locator 'By.id: cvc'] and Actual [Typing into SHADOW DOM...]. Comparison Type [EQUALS]. Validation Type [POSITIVE]. @16-01-2022 02:04:57.0529 AM
[ReportManager] Successfully created attachment [Screenshot - 1642298697429_shadowdom_ValidateElementAttribute_passed] @16-01-2022 02:04:57.0530 A
[ReportManager] Browser Action [CloseCurrentWindow] successfully performed. @16-01-2022 02:04:57.0927 AM
[ReportManager] Successfully created attachment [Browser Action Test Data - CloseCurrentWindow - Actual Value] @16-01-2022 02:04:57.0928 A
[ReportManager] File Action [GetAbsolutePath] successfully performed. With the following test data [Relative Folder Path: "target/downloadedFiles/"]. @16-01-2022 02:04:57.0930 AM
[ReportManager] Attempting to run locally on: [Mac-64], [Safari], Headless Execution. @16-01-2022 02:04:57.0930 AM
[ReportManager] Successfully Opened Safari. @16-01-2022 02:04:58.0737 AM
[ReportManager] Initial window size: (800, 600) @16-01-2022 02:04:58.0751 AM
[ReportManager] Window size after SWD Maximize: (1176, 803) @16-01-2022 02:04:58.0781 AM
[ReportManager] Browser Action [MaximizeWindow] successfully performed. With the following test data [New screen size is now: (1176, 803)]. @16-01-2022 02:04:58.0782 A

################################################################################################################################################
Starting Execution:	[83 out of 161] test cases in the current suite
Test Method:		[testPackage01.Test_clipboardActions.typeTextAndCopyPaste]
################################################################################################################################################
[ReportManager] Target URL: [https://www.google.com/ncr], and after redirection: [https://www.google.com] @16-01-2022 02:04:58.0784 AM
[ReportManager] Initial URL: [] @16-01-2022 02:04:58.0826 AM
[ReportManager] Browser Action [NavigateToURL] successfully performed. With the following test data [https://www.google.com/ncr]. @16-01-2022 02:05:01.0005 AM
[ReportManager] Element Action [Type] successfully performed. With the following test data [FIRST]. @16-01-2022 02:05:01.0199 A
[ReportManager] Browser Action [CloseCurrentWindow] successfully performed. @16-01-2022 02:05:01.0618 AM
[ReportManager] Successfully created attachment [Browser Action Test Data - CloseCurrentWindow - Actual Value] @16-01-2022 02:05:01.0619 A
[ReportManager] File Action [GetAbsolutePath] successfully performed. With the following test data [Relative Folder Path: "target/downloadedFiles/"]. @16-01-2022 02:05:01.0622 AM
[ReportManager] Attempting to run locally on: [Mac-64], [Safari], Headless Execution. @16-01-2022 02:05:01.0622 AM
[ReportManager] Successfully Opened Safari. @16-01-2022 02:05:02.0500 AM
[ReportManager] Initial window size: (800, 600) @16-01-2022 02:05:02.0525 AM
[ReportManager] Window size after SWD Maximize: (1176, 803) @16-01-2022 02:05:02.0545 AM
[ReportManager] Browser Action [MaximizeWindow] successfully performed. With the following test data [New screen size is now: (1176, 803)]. @16-01-2022 02:05:02.0545 AM
[ReportManager] Target URL: [http://the-internet.herokuapp.com/javascript_alerts] @16-01-2022 02:05:02.0545 AM
[ReportManager] Initial URL: [] @16-01-2022 02:05:02.0715 AM
[ReportManager] Browser Action [NavigateToURL] successfully performed. With the following test data [http://the-internet.herokuapp.com/javascript_alerts]. @16-01-2022 02:05:03.0724 A

################################################################################################################################################
Starting Execution:	[84 out of 161] test cases in the current suite
Test Method:		[testPackage01.TestJSAlertBox.getJSAlertText]
################################################################################################################################################
[ReportManager] Element Action [Click] successfully performed. With the following test data [By.xpath: //button[contains(text(),'Click for JS Alert')]]. @16-01-2022 02:05:03.0922 AM
[ReportManager] Alert is present @16-01-2022 02:05:03.0937 AM
[ReportManager] Alert Text is: [I am a JS Alert] @16-01-2022 02:05:03.0942 AM
[ReportManager] Element Action [GetAlertText] successfully performed. @16-01-2022 02:05:03.0942 AM
[ReportManager] Alert text is: [I am a JS Alert] @16-01-2022 02:05:03.0942 AM
[ReportManager] Alert is present @16-01-2022 02:05:03.0948 AM
[ReportManager] Alert Text is: [I am a JS Alert] @16-01-2022 02:05:03.0952 AM
[ReportManager] Element Action [GetAlertText] successfully performed. @16-01-2022 02:05:03.0953 AM
[ReportManager] Assertion Passed: Then I Assert that [I am a JS Alert] is equal to [I am a JS Alert]. @16-01-2022 02:05:03.0953 AM
[ReportManager] Assertion [ValidateEquals] PASSED. Expected [I am a JS Alert] and Actual [I am a JS Alert]. Comparison Type [EQUALS]. Validation Type [POSITIVE]. @16-01-2022 02:05:03.0953 A

################################################################################################################################################
Starting Execution:	[85 out of 161] test cases in the current suite
Test Method:		[testPackage01.TestJSAlertBox.acceptAlert]
################################################################################################################################################
[ReportManager] Alert is not present @16-01-2022 02:05:34.0377 AM
[ReportManager] Element Action [WaitForAlertToBePresent] failed. @16-01-2022 02:05:34.0490 AM
[ReportManager] Successfully created attachment [Screenshot - 1642298734401_acceptAlert_WaitForAlertToBePresent_failed] @16-01-2022 02:05:34.0491 A

################################################################################################################################################
Starting Execution:	[86 out of 161] test cases in the current suite
Test Method:		[testPackage01.TestJSAlertBox.assertOnConfirmAlertResultText]
###############################################################################################################################################
[ReportManager] Browser Action [CloseCurrentWindow] successfully performed. @16-01-2022 02:05:34.0927 AM
[ReportManager] Successfully created attachment [Browser Action Test Data - CloseCurrentWindow - Actual Value] @16-01-2022 02:05:34.0927 A
[ReportManager] File Action [GetAbsolutePath] successfully performed. With the following test data [Relative Folder Path: "target/downloadedFiles/"]. @16-01-2022 02:05:34.0929 AM
[ReportManager] Attempting to run locally on: [Mac-64], [Safari], Headless Execution. @16-01-2022 02:05:34.0929 AM
[ReportManager] Successfully Opened Safari. @16-01-2022 02:05:35.0764 AM
[ReportManager] Initial window size: (800, 600) @16-01-2022 02:05:35.0779 AM
[ReportManager] Window size after SWD Maximize: (1176, 803) @16-01-2022 02:05:35.0792 AM
[ReportManager] Browser Action [MaximizeWindow] successfully performed. With the following test data [New screen size is now: (1176, 803)]. @16-01-2022 02:05:35.0792 AM
[ReportManager] Target URL: [http://the-internet.herokuapp.com/javascript_alerts] @16-01-2022 02:05:35.0792 AM
[ReportManager] Initial URL: [] @16-01-2022 02:05:35.0846 AM
[ReportManager] Browser Action [NavigateToURL] successfully performed. With the following test data [http://the-internet.herokuapp.com/javascript_alerts]. @16-01-2022 02:05:36.0791 A

################################################################################################################################################
Starting Execution:	[87 out of 161] test cases in the current suite
Test Method:		[testPackage01.TestJSConfirmBox.dismissAlert]
################################################################################################################################################
[ReportManager] Element Action [Click] successfully performed. With the following test data [By.xpath: //button[contains(text(),'Click for JS Confirm')]]. @16-01-2022 02:05:37.0026 AM
[ReportManager] Alert is present @16-01-2022 02:05:37.0040 AM
[ReportManager] Element Action [DismissAlert] successfully performed. @16-01-2022 02:05:37.0047 A

################################################################################################################################################
Starting Execution:	[88 out of 161] test cases in the current suite
Test Method:		[testPackage01.TestJSConfirmBox.assertOnCancelAlertResultText]
################################################################################################################################################
[ReportManager] Element Action [GetText] successfully performed. With the following test data [You clicked: Cancel]. @16-01-2022 02:05:37.0146 AM
[ReportManager] Assertion Passed: Then I Assert that the element found by [By.id: result] attribute [TEXT] is equal to [You clicked: Cancel]. @16-01-2022 02:05:37.0308 AM
[ReportManager] Successfully created attachment [Screenshot - 1642298737240_assertOnCancelAlertResultText_ValidateElementAttribute_passed] @16-01-2022 02:05:37.0310 AM
[ReportManager] Assertion [ValidateElementAttribute] PASSED. Expected [Value Should be 'You clicked: Cancel' for the 'text' attribute, element locator 'By.id: result'] and Actual [You clicked: Cancel]. Comparison Type [EQUALS]. Validation Type [POSITIVE]. @16-01-2022 02:05:37.0310 A

################################################################################################################################################
Starting Execution:	[89 out of 161] test cases in the current suite
Test Method:		[testPackage01.TestJSConfirmBox.getAlertText]
################################################################################################################################################
[ReportManager] Element Action [Click] successfully performed. With the following test data [By.xpath: //button[contains(text(),'Click for JS Confirm')]]. @16-01-2022 02:05:37.0507 AM
[ReportManager] Alert is present @16-01-2022 02:05:37.0515 AM
[ReportManager] Alert Text is: [I am a JS Confirm] @16-01-2022 02:05:37.0521 AM
[ReportManager] Element Action [GetAlertText] successfully performed. @16-01-2022 02:05:37.0521 AM
[ReportManager] Alert text is: [I am a JS Confirm] @16-01-2022 02:05:37.0522 AM
[ReportManager] Alert is present @16-01-2022 02:05:37.0536 AM
[ReportManager] Alert Text is: [I am a JS Confirm] @16-01-2022 02:05:37.0545 AM
[ReportManager] Element Action [GetAlertText] successfully performed. @16-01-2022 02:05:37.0545 AM
[ReportManager] Assertion Passed: Then I Assert that [I am a JS Confirm] is equal to [I am a JS Confirm]. @16-01-2022 02:05:37.0546 AM
[ReportManager] Assertion [ValidateEquals] PASSED. Expected [I am a JS Confirm] and Actual [I am a JS Confirm]. Comparison Type [EQUALS]. Validation Type [POSITIVE]. @16-01-2022 02:05:37.0546 A

################################################################################################################################################
Starting Execution:	[90 out of 161] test cases in the current suite
Test Method:		[testPackage01.TestJSConfirmBox.acceptAlert]
################################################################################################################################################
[ReportManager] Alert is not present @16-01-2022 02:06:08.0049 AM
[ReportManager] Element Action [WaitForAlertToBePresent] failed. @16-01-2022 02:06:08.0156 AM
[ReportManager] Successfully created attachment [Screenshot - 1642298768077_acceptAlert_WaitForAlertToBePresent_failed] @16-01-2022 02:06:08.0157 A

################################################################################################################################################
Starting Execution:	[91 out of 161] test cases in the current suite
Test Method:		[testPackage01.TestJSConfirmBox.assertOnConfirmAlertResultText]
###############################################################################################################################################
[ReportManager] Browser Action [CloseCurrentWindow] successfully performed. @16-01-2022 02:06:08.0552 AM
[ReportManager] Successfully created attachment [Browser Action Test Data - CloseCurrentWindow - Actual Value] @16-01-2022 02:06:08.0552 A

################################################################################################################################################
Starting Execution:	[92 out of 161] test cases in the current suite
Test Method:		[testPackage01.Test_NewValidationHelper.f1]
################################################################################################################################################
[ReportManager] Assertion Passed: Checking valid user data @16-01-2022 02:06:08.0555 AM
[ReportManager] Successfully created attachment [Validation Test Data - Expected Value] @16-01-2022 02:06:08.0555 AM
[ReportManager] Successfully created attachment [Validation Test Data - Actual Value] @16-01-2022 02:06:08.0556 AM
[ReportManager] Assertion [ValidateEquals] PASSED. Expected and Actual values are attached. Comparison Type [EQUALS]. Validation Type [POSITIVE]. @16-01-2022 02:06:08.0556 A
[ReportManager] File Action [GetAbsolutePath] successfully performed. With the following test data [Relative Folder Path: "target/downloadedFiles/"]. @16-01-2022 02:06:08.0558 AM
[ReportManager] Attempting to run locally on: [Mac-64], [Safari], Headless Execution. @16-01-2022 02:06:08.0558 AM
[ReportManager] Successfully Opened Safari. @16-01-2022 02:06:09.0838 AM
[ReportManager] Initial window size: (800, 600) @16-01-2022 02:06:09.0848 AM
[ReportManager] Window size after SWD Maximize: (1176, 803) @16-01-2022 02:06:09.0900 AM
[ReportManager] Browser Action [MaximizeWindow] successfully performed. With the following test data [New screen size is now: (1176, 803)]. @16-01-2022 02:06:09.0900 AM
[ReportManager] Target URL: [https://the-internet.herokuapp.com/] @16-01-2022 02:06:09.0900 AM
[ReportManager] Initial URL: [] @16-01-2022 02:06:09.0930 AM
[ReportManager] Browser Action [NavigateToURL] successfully performed. With the following test data [https://the-internet.herokuapp.com/]. @16-01-2022 02:06:11.0154 A

################################################################################################################################################
Starting Execution:	[93 out of 161] test cases in the current suite
Test Method:		[testPackage01.Test_NewValidationHelper.f10]
################################################################################################################################################
[ReportManager] Assertion [ValidateElementExists] FAILED. Expected [Element Should Exist, locator 'By.tagName: div'] and Actual [Element Exists but is not unique]. Comparison Type [EQUALS]. Validation Type [POSITIVE]. @16-01-2022 02:06:11.0385 AM
[ReportManager] Successfully created attachment [Screenshot - 1642298771314_f10_ValidateElementExists_failed] @16-01-2022 02:06:11.0387 A
[ReportManager] Successfully Closed All Drivers. @16-01-2022 02:06:11.0802 A
[ReportManager] File Action [GetAbsolutePath] successfully performed. With the following test data [Relative Folder Path: "target/downloadedFiles/"]. @16-01-2022 02:06:11.0804 AM
[ReportManager] Attempting to run locally on: [Mac-64], [Safari], Headless Execution. @16-01-2022 02:06:11.0804 AM
[ReportManager] An Exception Occured with this Message: Could not start a new session. Possible causes are invalid address of the remote server or browser start-up failure.. @16-01-2022 02:06:12.0034 AM
[ReportManager] Successfully created attachment [Exception Stack Trace - org.openqa.selenium.SessionNotCreatedException] @16-01-2022 02:06:12.0036 AM
[ReportManager] Driver Factory Action [createNewLocalDriverInstanceForSafari] failed. With the following test data [Failed to create a session on DESKTOP_SAFARI]. @16-01-2022 02:06:12.0036 A

################################################################################################################################################
Starting Execution:	[94 out of 161] test cases in the current suite
Test Method:		[testPackage01.Test_NewValidationHelper.f11]
###############################################################################################################################################



################################################################################################################################################
Starting Execution:	[95 out of 161] test cases in the current suite
Test Method:		[testPackage01.Test_NewValidationHelper.f12]
###############################################################################################################################################



################################################################################################################################################
Starting Execution:	[96 out of 161] test cases in the current suite
Test Method:		[testPackage01.Test_NewValidationHelper.f13]
###############################################################################################################################################



################################################################################################################################################
Starting Execution:	[97 out of 161] test cases in the current suite
Test Method:		[testPackage01.Test_NewValidationHelper.f14]
###############################################################################################################################################



################################################################################################################################################
Starting Execution:	[98 out of 161] test cases in the current suite
Test Method:		[testPackage01.Test_NewValidationHelper.f15]
###############################################################################################################################################



################################################################################################################################################
Starting Execution:	[99 out of 161] test cases in the current suite
Test Method:		[testPackage01.Test_NewValidationHelper.f16]
###############################################################################################################################################



################################################################################################################################################
Starting Execution:	[100 out of 161] test cases in the current suite
Test Method:		[testPackage01.Test_NewValidationHelper.f17]
###############################################################################################################################################



################################################################################################################################################
Starting Execution:	[101 out of 161] test cases in the current suite
Test Method:		[testPackage01.Test_NewValidationHelper.f18]
###############################################################################################################################################


################################################################################################################################################
Starting Execution:	[102 out of 161] test cases in the current suite
Test Method:		[testPackage01.Test_NewValidationHelper.f2]
###############################################################################################################################################


################################################################################################################################################
Starting Execution:	[103 out of 161] test cases in the current suite
Test Method:		[testPackage01.Test_NewValidationHelper.f20]
###############################################################################################################################################



################################################################################################################################################
Starting Execution:	[104 out of 161] test cases in the current suite
Test Method:		[testPackage01.Test_NewValidationHelper.f21]
###############################################################################################################################################



################################################################################################################################################
Starting Execution:	[105 out of 161] test cases in the current suite
Test Method:		[testPackage01.Test_NewValidationHelper.f22]
###############################################################################################################################################


################################################################################################################################################
Starting Execution:	[106 out of 161] test cases in the current suite
Test Method:		[testPackage01.Test_NewValidationHelper.f23]
###############################################################################################################################################

################################################################################################################################################
Starting Execution:	[107 out of 161] test cases in the current suite
Test Method:		[testPackage01.Test_NewValidationHelper.f24]
###############################################################################################################################################

################################################################################################################################################
Starting Execution:	[108 out of 161] test cases in the current suite
Test Method:		[testPackage01.Test_NewValidationHelper.f25]
###############################################################################################################################################

################################################################################################################################################
Starting Execution:	[109 out of 161] test cases in the current suite
Test Method:		[testPackage01.Test_NewValidationHelper.f26]
###############################################################################################################################################

################################################################################################################################################
Starting Execution:	[110 out of 161] test cases in the current suite
Test Method:		[testPackage01.Test_NewValidationHelper.f27]
###############################################################################################################################################

################################################################################################################################################
Starting Execution:	[111 out of 161] test cases in the current suite
Test Method:		[testPackage01.Test_NewValidationHelper.f28]
###############################################################################################################################################

################################################################################################################################################
Starting Execution:	[112 out of 161] test cases in the current suite
Test Method:		[testPackage01.Test_NewValidationHelper.f29]
###############################################################################################################################################

################################################################################################################################################
Starting Execution:	[113 out of 161] test cases in the current suite
Test Method:		[testPackage01.Test_NewValidationHelper.f3]
###############################################################################################################################################

################################################################################################################################################
Starting Execution:	[114 out of 161] test cases in the current suite
Test Method:		[testPackage01.Test_NewValidationHelper.f30]
###############################################################################################################################################

################################################################################################################################################
Starting Execution:	[115 out of 161] test cases in the current suite
Test Method:		[testPackage01.Test_NewValidationHelper.f31]
###############################################################################################################################################

################################################################################################################################################
Starting Execution:	[116 out of 161] test cases in the current suite
Test Method:		[testPackage01.Test_NewValidationHelper.f32]
###############################################################################################################################################

################################################################################################################################################
Starting Execution:	[117 out of 161] test cases in the current suite
Test Method:		[testPackage01.Test_NewValidationHelper.f33]
###############################################################################################################################################

################################################################################################################################################
Starting Execution:	[118 out of 161] test cases in the current suite
Test Method:		[testPackage01.Test_NewValidationHelper.f34]
###############################################################################################################################################

################################################################################################################################################
Starting Execution:	[119 out of 161] test cases in the current suite
Test Method:		[testPackage01.Test_NewValidationHelper.f35]
###############################################################################################################################################

################################################################################################################################################
Starting Execution:	[120 out of 161] test cases in the current suite
Test Method:		[testPackage01.Test_NewValidationHelper.f36]
###############################################################################################################################################

################################################################################################################################################
Starting Execution:	[121 out of 161] test cases in the current suite
Test Method:		[testPackage01.Test_NewValidationHelper.f37]
###############################################################################################################################################

################################################################################################################################################
Starting Execution:	[122 out of 161] test cases in the current suite
Test Method:		[testPackage01.Test_NewValidationHelper.f3_1]
###############################################################################################################################################

################################################################################################################################################
Starting Execution:	[123 out of 161] test cases in the current suite
Test Method:		[testPackage01.Test_NewValidationHelper.f4]
###############################################################################################################################################

################################################################################################################################################
Starting Execution:	[124 out of 161] test cases in the current suite
Test Method:		[testPackage01.Test_NewValidationHelper.f5]
###############################################################################################################################################

################################################################################################################################################
Starting Execution:	[125 out of 161] test cases in the current suite
Test Method:		[testPackage01.Test_NewValidationHelper.f6]
###############################################################################################################################################

################################################################################################################################################
Starting Execution:	[126 out of 161] test cases in the current suite
Test Method:		[testPackage01.Test_NewValidationHelper.f6_1]
###############################################################################################################################################

################################################################################################################################################
Starting Execution:	[127 out of 161] test cases in the current suite
Test Method:		[testPackage01.Test_NewValidationHelper.f6_2]
###############################################################################################################################################

################################################################################################################################################
Starting Execution:	[128 out of 161] test cases in the current suite
Test Method:		[testPackage01.Test_NewValidationHelper.f7]
###############################################################################################################################################


################################################################################################################################################
Starting Execution:	[129 out of 161] test cases in the current suite
Test Method:		[testPackage01.Test_NewValidationHelper.f8]
###############################################################################################################################################



################################################################################################################################################
Starting Execution:	[130 out of 161] test cases in the current suite
Test Method:		[testPackage01.Test_NewValidationHelper.f9]
###############################################################################################################################################


################################################################################################################################################
Starting Execution:	[131 out of 161] test cases in the current suite
Test Method:		[testPackage01.Test_NewValidationHelper.forceFail]
###############################################################################################################################################

################################################################################################################################################
Starting Execution:	[132 out of 161] test cases in the current suite
Test Method:		[testPackage01.Test_NewValidationHelper.forceFail2]
###############################################################################################################################################

################################################################################################################################################
Starting Execution:	[133 out of 161] test cases in the current suite
Test Method:		[testPackage01.Test_JsonActions.f]
###############################################################################################################################################

################################################################################################################################################
Starting Execution:	[134 out of 161] test cases in the current suite
Test Method:		[testPackage01.Test_JsonActions.f2]
###############################################################################################################################################

################################################################################################################################################
Starting Execution:	[135 out of 161] test cases in the current suite
Test Method:		[testPackage01.Test_sendGraphqlRequest.sendGraphqlRequestUsingMutationAndVariables]
################################################################################################################################################
[ReportManager] GraphQl Request is being Performed with the Following Parameters [Service URL: https://api.spacex.land/graphql | Request Body: {"variables":"{\"name\": \"sherlock holmes\",\"rocket\": \"221B Baker Street\"}","query":"mutation ($name: String, $rocket: String) {\n  insert_users(objects: {name: $name, rocket: $rocket}) {\n    returning {\n      name\n      rocket\n    }\n  }\n}"}] @16-01-2022 02:06:12.0456 AM
[ReportManager] Response status code: [200], status line: [HTTP/1.1 200 OK] @16-01-2022 02:06:17.0532 AM
[ReportManager] Assertion Passed: Evaluating the actual response status code against the expected one... @16-01-2022 02:06:17.0532 AM
[ReportManager] Assertion [ValidateComparativeRelation] PASSED. Expected [200] and Actual [200]. Comparison Type [EQUALS]. Validation Type [POSITIVE]. @16-01-2022 02:06:17.0532 AM
[ReportManager] API Action [PerformRequest] successfully performed. With the following test data [Request Type: "POST" | Target Status Code: "200" | Service URL: "https://api.spacex.land/graphql" | Content Type: "application/json" | Response Time: "4871ms"]. @16-01-2022 02:06:17.0568 AM
[ReportManager] Successfully created attachment [API Request - Specifications] @16-01-2022 02:06:17.0568 AM
[ReportManager] Successfully created attachment [API Request - JSON Body] @16-01-2022 02:06:17.0569 AM
[ReportManager] Successfully created attachment [API Response - JSON Body] @16-01-2022 02:06:17.0569 AM
[ReportManager] API Action [GetResponseJSONValue] successfully performed. With the following test data [data.insert_users.returning[0].name]. @16-01-2022 02:06:17.0623 AM
[ReportManager] Assertion [ValidateEquals] PASSED. Expected [sherlock holmes] and Actual [sherlock holmes]. Comparison Type [EQUALS]. Validation Type [POSITIVE]. @16-01-2022 02:06:17.0623 A

################################################################################################################################################
Starting Execution:	[136 out of 161] test cases in the current suite
Test Method:		[testPackage01.Test_sendGraphqlRequest.sendGraphqlRequestUsingQuery]
################################################################################################################################################
[ReportManager] GraphQl Request is being Performed with the Following Parameters [Service URL: https://api.spacex.land/graphql | Request Body: {"query":"{company {ceo}}"}] @16-01-2022 02:06:17.0627 AM
[ReportManager] Response status code: [200], status line: [HTTP/1.1 200 OK] @16-01-2022 02:06:17.0915 AM
[ReportManager] Assertion Passed: Evaluating the actual response status code against the expected one... @16-01-2022 02:06:17.0916 AM
[ReportManager] Assertion [ValidateComparativeRelation] PASSED. Expected [200] and Actual [200]. Comparison Type [EQUALS]. Validation Type [POSITIVE]. @16-01-2022 02:06:17.0916 AM
[ReportManager] API Action [PerformRequest] successfully performed. With the following test data [Request Type: "POST" | Target Status Code: "200" | Service URL: "https://api.spacex.land/graphql" | Content Type: "application/json" | Response Time: "283ms"]. @16-01-2022 02:06:17.0927 AM
[ReportManager] Successfully created attachment [API Request - Specifications] @16-01-2022 02:06:17.0927 AM
[ReportManager] Successfully created attachment [API Request - JSON Body] @16-01-2022 02:06:17.0928 AM
[ReportManager] Successfully created attachment [API Response - JSON Body] @16-01-2022 02:06:17.0928 AM
[ReportManager] API Action [GetResponseJSONValue] successfully performed. With the following test data [data.company.ceo]. @16-01-2022 02:06:17.0940 AM
[ReportManager] Assertion [ValidateEquals] PASSED. Expected [Elon Musk] and Actual [Elon Musk]. Comparison Type [EQUALS]. Validation Type [POSITIVE]. @16-01-2022 02:06:17.0940 A

################################################################################################################################################
Starting Execution:	[137 out of 161] test cases in the current suite
Test Method:		[testPackage01.Test_MatchJsonSchema.checkAPI_ResponseSchema]
################################################################################################################################################
[ReportManager] Response status code: [200], status line: [HTTP/1.1 200 OK] @16-01-2022 02:06:18.0069 AM
[ReportManager] Assertion Passed: Evaluating the actual response status code against the expected one... @16-01-2022 02:06:18.0070 AM
[ReportManager] Assertion [ValidateComparativeRelation] PASSED. Expected [200] and Actual [200]. Comparison Type [EQUALS]. Validation Type [POSITIVE]. @16-01-2022 02:06:18.0070 AM
[ReportManager] API Action [PerformRequest] successfully performed. With the following test data [Request Type: "GET" | Target Status Code: "200" | Service URL: "http://api.zippopotam.us/us/90210" | Content Type: "*/*" | Response Time: "119ms"]. @16-01-2022 02:06:18.0084 AM
[ReportManager] Successfully created attachment [API Request - Specifications] @16-01-2022 02:06:18.0085 AM
[ReportManager] Successfully created attachment [API Response - JSON Body] @16-01-2022 02:06:18.0085 AM
[ReportManager] File Action [GetAbsolutePath] successfully performed. With the following test data [Relative Folder Path: "src/test/resources/testDataFiles/schema.json"]. @16-01-2022 02:06:18.0086 AM
[ReportManager] File Action [GetAbsolutePath] successfully performed. With the following test data [Relative Folder Path: "/Users/runner/work/SHAFT_ENGINE/SHAFT_ENGINE/src/test/resources/testDataFiles/schema.json"]. @16-01-2022 02:06:18.0917 AM
[ReportManager] File Action [ReadFromFile] successfully performed. With the following test data [File Path: "/Users/runner/work/SHAFT_ENGINE/SHAFT_ENGINE/src/test/resources/testDataFiles/schema.json"]. @16-01-2022 02:06:18.0917 AM
[ReportManager] Assertion Passed: Then I Assert that the API response schema matches that in this file [src/test/resources/testDataFiles/schema.json]. @16-01-2022 02:06:18.0918 AM
[ReportManager] Successfully created attachment [Validation Test Data - Expected JSON Value] @16-01-2022 02:06:18.0919 AM
[ReportManager] Successfully created attachment [Validation Test Data - Actual JSON Value] @16-01-2022 02:06:18.0919 AM
[ReportManager] Assertion [ValidateResponseFileSchema] PASSED. Expected [Response data should match the JSON File in this path '/Users/runner/work/SHAFT_ENGINE/SHAFT_ENGINE/src/test/resources/testDataFiles/schema.json'] and Actual [TRUE]. Comparison Type [EQUALS]. Validation Type [POSITIVE]. @16-01-2022 02:06:18.0919 A
[ReportManager] File Action [GetAbsolutePath] successfully performed. With the following test data [Relative Folder Path: "target/downloadedFiles/"]. @16-01-2022 02:06:18.0921 AM
[ReportManager] Attempting to run locally on: [Mac-64], [Safari], Headless Execution. @16-01-2022 02:06:18.0922 AM
[ReportManager] Successfully Opened Safari. @16-01-2022 02:06:20.0101 AM
[ReportManager] Initial window size: (800, 600) @16-01-2022 02:06:20.0111 AM
[ReportManager] Window size after SWD Maximize: (1176, 803) @16-01-2022 02:06:20.0143 AM
[ReportManager] Browser Action [MaximizeWindow] successfully performed. With the following test data [New screen size is now: (1176, 803)]. @16-01-2022 02:06:20.0143 A

################################################################################################################################################
Starting Execution:	[138 out of 161] test cases in the current suite
Test Method:		[testPackage01.Test_dragAndDrop.dragAndDropJquery]
################################################################################################################################################
[ReportManager] Target URL: [https://jqueryui.com/resources/demos/droppable/default.html] @16-01-2022 02:06:20.0145 AM
[ReportManager] Initial URL: [] @16-01-2022 02:06:20.0195 AM
[ReportManager] Browser Action [NavigateToURL] successfully performed. With the following test data [https://jqueryui.com/resources/demos/droppable/default.html]. @16-01-2022 02:06:20.0661 AM
[ReportManager] Element Action [GetText] successfully performed. With the following test data [
	Drop here
]. @16-01-2022 02:06:20.0727 AM
[ReportManager] Element Action [DragAndDrop] successfully performed. With the following test data [Start point: (8, 18), End point: (8, 18)]. @16-01-2022 02:06:21.0818 AM
[ReportManager] Element Action [GetText] successfully performed. With the following test data [
	Dropped!
]. @16-01-2022 02:06:21.0883 AM
[ReportManager] Assertion Passed: Checking to see if the text has changed after performing drag and drop @16-01-2022 02:06:21.0883 AM
[ReportManager] Assertion [ValidateEquals] PASSED. Expected [
	Drop here
] and Actual [
	Dropped!
]. Comparison Type [EQUALS]. Validation Type [NEGATIVE]. @16-01-2022 02:06:21.0883 A
[ReportManager] Browser Action [CloseCurrentWindow] successfully performed. @16-01-2022 02:06:22.0125 AM
[ReportManager] Successfully created attachment [Browser Action Test Data - CloseCurrentWindow - Actual Value] @16-01-2022 02:06:22.0126 A
[ReportManager] File Action [GetAbsolutePath] successfully performed. With the following test data [Relative Folder Path: "target/downloadedFiles/"]. @16-01-2022 02:06:22.0128 AM
[ReportManager] Attempting to run locally on: [Mac-64], [Safari], Headless Execution. @16-01-2022 02:06:22.0128 AM
[ReportManager] Successfully Opened Safari. @16-01-2022 02:06:23.0052 AM
[ReportManager] Initial window size: (800, 600) @16-01-2022 02:06:23.0091 AM
[ReportManager] Window size after SWD Maximize: (1176, 803) @16-01-2022 02:06:23.0115 AM
[ReportManager] Browser Action [MaximizeWindow] successfully performed. With the following test data [New screen size is now: (1176, 803)]. @16-01-2022 02:06:23.0115 A

################################################################################################################################################
Starting Execution:	[139 out of 161] test cases in the current suite
Test Method:		[testPackage01.Test_dragAndDrop.dragAndDrop]
Test Description:	[TC001 - Test Drag and Drop function.]
################################################################################################################################################
[ReportManager] Target URL: [http://the-internet.herokuapp.com/drag_and_drop] @16-01-2022 02:06:23.0119 AM
[ReportManager] Initial URL: [] @16-01-2022 02:06:23.0187 AM
[ReportManager] Browser Action [NavigateToURL] successfully performed. With the following test data [http://the-internet.herokuapp.com/drag_and_drop]. @16-01-2022 02:06:24.0035 AM
[ReportManager] Attempting Drag and Drop @16-01-2022 02:06:24.0035 AM
[ReportManager] Element Action [DragAndDrop] successfully performed. With the following test data [Start point: (120, 89), End point: (335, 89)]. @16-01-2022 02:06:24.0733 A
[ReportManager] Browser Action [CloseCurrentWindow] successfully performed. @16-01-2022 02:06:25.0172 AM
[ReportManager] Successfully created attachment [Browser Action Test Data - CloseCurrentWindow - Actual Value] @16-01-2022 02:06:25.0172 A
[ReportManager] File Action [GetAbsolutePath] successfully performed. With the following test data [Relative Folder Path: "target/downloadedFiles/"]. @16-01-2022 02:06:25.0174 AM
[ReportManager] Attempting to run locally on: [Mac-64], [Safari], Headless Execution. @16-01-2022 02:06:25.0175 AM
[ReportManager] Successfully Opened Safari. @16-01-2022 02:06:26.0025 AM
[ReportManager] Initial window size: (800, 600) @16-01-2022 02:06:26.0043 AM
[ReportManager] Window size after SWD Maximize: (1176, 803) @16-01-2022 02:06:26.0060 AM
[ReportManager] Browser Action [MaximizeWindow] successfully performed. With the following test data [New screen size is now: (1176, 803)]. @16-01-2022 02:06:26.0061 A

################################################################################################################################################
Starting Execution:	[140 out of 161] test cases in the current suite
Test Method:		[testPackage01.Test_dragAndDrop.dragAndDropByOffset]
Test Description:	[TC002 - Test Drag and Drop by offset function.]
################################################################################################################################################
[ReportManager] Target URL: [https://jqueryui.com/resources/demos/draggable/default.html] @16-01-2022 02:06:26.0070 AM
[ReportManager] Initial URL: [] @16-01-2022 02:06:26.0123 AM
[ReportManager] Browser Action [NavigateToURL] successfully performed. With the following test data [https://jqueryui.com/resources/demos/draggable/default.html]. @16-01-2022 02:06:26.0554 AM
[ReportManager] Element Action [DragAndDropByOffset] successfully performed. With the following test data [Start point: (8, 8), End point: (108, 58)]. @16-01-2022 02:06:27.0322 A
[ReportManager] Browser Action [CloseCurrentWindow] successfully performed. @16-01-2022 02:06:27.0681 AM
[ReportManager] Successfully created attachment [Browser Action Test Data - CloseCurrentWindow - Actual Value] @16-01-2022 02:06:27.0682 A
[ReportManager] Successfully loaded the following test data file [src/test/resources/testDataFiles/testSuite01/TestData.xlsx]. @16-01-2022 02:06:27.0712 AM
[ReportManager] Successfully created attachment [Test Data - Excel] @16-01-2022 02:06:27.0713 AM
[ReportManager] File Action [GetAbsolutePath] successfully performed. With the following test data [Relative Folder Path: "target/downloadedFiles/"]. @16-01-2022 02:06:27.0713 AM
[ReportManager] Attempting to run locally on: [Mac-64], [Safari], Headless Execution. @16-01-2022 02:06:27.0713 AM
[ReportManager] Successfully Opened Safari. @16-01-2022 02:06:28.0646 AM
[ReportManager] Initial window size: (800, 600) @16-01-2022 02:06:28.0671 AM
[ReportManager] Window size after SWD Maximize: (1176, 803) @16-01-2022 02:06:28.0689 AM
[ReportManager] Browser Action [MaximizeWindow] successfully performed. With the following test data [New screen size is now: (1176, 803)]. @16-01-2022 02:06:28.0689 A

################################################################################################################################################
Starting Execution:	[141 out of 161] test cases in the current suite
Test Method:		[testPackage01.Test_google.navigateToURLandVerifyGoogleLogoIsDisplayed]
Test Description:	[TC001 - Navigate to URL and Verify Google Logo is Displayed]
################################################################################################################################################
[ReportManager] Target URL: [https://www.google.com/ncr], and after redirection: [https://www.google.com] @16-01-2022 02:06:28.0695 AM
[ReportManager] Initial URL: [] @16-01-2022 02:06:28.0742 AM
[ReportManager] Browser Action [NavigateToURL] successfully performed. With the following test data [https://www.google.com/ncr]. @16-01-2022 02:06:31.0031 AM
[ReportManager] Assertion Passed: Then I Assert that the element found by [By.xpath: //*[@id='hplogo' or @alt='Google']] exists. @16-01-2022 02:06:31.0187 AM
[ReportManager] Successfully created attachment [Screenshot - 1642298791126_navigateToURLandVerifyGoogleLogoIsDisplayed_ValidateElementExists_passed] @16-01-2022 02:06:31.0188 AM
[ReportManager] Assertion [ValidateElementExists] PASSED. Expected [Element Should Exist, locator 'By.xpath: //*[@id='hplogo' or @alt='Google']'] and Actual [Element Exists]. Comparison Type [EQUALS]. Validation Type [POSITIVE]. @16-01-2022 02:06:31.0188 A

################################################################################################################################################
Starting Execution:	[142 out of 161] test cases in the current suite
Test Method:		[testPackage01.Test_google.searchForQueryandAssertResultsNumDisplayed]
Test Description:	[TC002 - Search for Query and Assert that the number of results is displayed]
################################################################################################################################################
[ReportManager] Element Action [Type] successfully performed. With the following test data [SHAFT_Engine]. @16-01-2022 02:06:31.0419 AM
[ReportManager] Element Action [KeyPress] successfully performed. With the following test data [Enter]. @16-01-2022 02:06:31.0517 AM
[ReportManager] Element Action [GetText] successfully performed. With the following test data [About 718,000 results (0.69 seconds)Â ]. @16-01-2022 02:06:32.0699 AM
[ReportManager] Assertion Passed: Then I Assert that the element found by [By.id: appbar] text does not equal []. @16-01-2022 02:06:34.0431 AM
[ReportManager] Successfully created attachment [Screenshot - 1642298794354_searchForQueryandAssertResultsNumDisplayed_ValidateElementAttribute_passed] @16-01-2022 02:06:34.0433 AM
[ReportManager] Assertion [ValidateElementAttribute] PASSED. Expected [Value Should not be '' for the 'text' attribute, element locator 'By.id: appbar'] and Actual [About 718,000 results (0.69 seconds)Â ]. Comparison Type [EQUALS]. Validation Type [NEGATIVE]. @16-01-2022 02:06:34.0433 A

################################################################################################################################################
Starting Execution:	[143 out of 161] test cases in the current suite
Test Method:		[testPackage01.Test_google.clickNextThrice]
Test Description:	[TC003 - Clicks the next button to make sure that the framework can scroll element into view before clicking it]
################################################################################################################################################
[ReportManager] Element Action [Click] successfully performed. With the following test data [By.xpath: //span[text()='Next']]. @16-01-2022 02:06:34.0616 A
[ReportManager] Successfully Closed All Drivers. @16-01-2022 02:06:34.0864 A
[ReportManager] File Action [GetAbsolutePath] successfully performed. With the following test data [Relative Folder Path: "target/downloadedFiles/"]. @16-01-2022 02:06:34.0866 AM
[ReportManager] Attempting to run locally on: [Mac-64], [Safari], Headless Execution. @16-01-2022 02:06:34.0866 AM
[ReportManager] Successfully Opened Safari. @16-01-2022 02:06:35.0697 AM
[ReportManager] Initial window size: (800, 600) @16-01-2022 02:06:35.0722 AM
[ReportManager] Window size after SWD Maximize: (1176, 803) @16-01-2022 02:06:35.0749 AM
[ReportManager] Browser Action [MaximizeWindow] successfully performed. With the following test data [New screen size is now: (1176, 803)]. @16-01-2022 02:06:35.0749 A

################################################################################################################################################
Starting Execution:	[144 out of 161] test cases in the current suite
Test Method:		[testPackage01.Test_chainableElementActions.chainElementActions]
################################################################################################################################################
[ReportManager] Target URL: [https://www.google.com/ncr], and after redirection: [https://www.google.com] @16-01-2022 02:06:35.0752 AM
[ReportManager] Initial URL: [] @16-01-2022 02:06:35.0796 AM
[ReportManager] Browser Action [NavigateToURL] successfully performed. With the following test data [https://www.google.com/ncr]. @16-01-2022 02:06:37.0989 AM
[ReportManager] Element Action [Type] successfully performed. With the following test data [chained type 1]. @16-01-2022 02:06:38.0188 AM
[ReportManager] Element Action [Type] successfully performed. With the following test data [chained type 2]. @16-01-2022 02:06:38.0370 AM
[ReportManager] Element Action [TypeAppend] successfully performed. With the following test data [345]. @16-01-2022 02:06:38.0440 AM
[ReportManager] Element Action [GetText] successfully performed. With the following test data [chained type 2345]. @16-01-2022 02:06:38.0516 AM
[ReportManager] Assertion Passed: Then I Assert that the element found by [By.name: q] text is equal to [chained type 2345]. @16-01-2022 02:06:38.0734 AM
[ReportManager] Successfully created attachment [Screenshot - 1642298798672_chainElementActions_ValidateElementAttribute_passed] @16-01-2022 02:06:38.0736 AM
[ReportManager] Assertion [ValidateElementAttribute] PASSED. Expected [Value Should be 'chained type 2345' for the 'text' attribute, element locator 'By.name: q'] and Actual [chained type 2345]. Comparison Type [EQUALS]. Validation Type [POSITIVE]. @16-01-2022 02:06:38.0736 A
[ReportManager] Successfully Closed All Drivers. @16-01-2022 02:06:38.0982 A
[ReportManager] File Action [GetAbsolutePath] successfully performed. With the following test data [Relative Folder Path: "target/downloadedFiles/"]. @16-01-2022 02:06:38.0985 AM
[ReportManager] Attempting to run locally on: [Mac-64], [Safari], Headless Execution. @16-01-2022 02:06:38.0985 AM
[ReportManager] Successfully Opened Safari. @16-01-2022 02:06:39.0800 AM
[ReportManager] Initial window size: (800, 600) @16-01-2022 02:06:39.0819 AM
[ReportManager] Window size after SWD Maximize: (1176, 803) @16-01-2022 02:06:39.0847 AM
[ReportManager] Browser Action [MaximizeWindow] successfully performed. With the following test data [New screen size is now: (1176, 803)]. @16-01-2022 02:06:39.0848 A

################################################################################################################################################
Starting Execution:	[145 out of 161] test cases in the current suite
Test Method:		[testPackage01.Test_RelativeLocators.relativeLocatorsTest1]
################################################################################################################################################
[ReportManager] Target URL: [https://duckduckgo.com/] @16-01-2022 02:06:39.0852 AM
[ReportManager] Initial URL: [] @16-01-2022 02:06:39.0896 AM
[ReportManager] Browser Action [NavigateToURL] successfully performed. With the following test data [https://duckduckgo.com/]. @16-01-2022 02:06:40.0501 AM
[ReportManager] Element Action [Type] successfully performed. With the following test data [SHAFT_Engine]. @16-01-2022 02:06:40.0786 AM
[ReportManager] Element Action [KeyPress] successfully performed. With the following test data [ENTER]. @16-01-2022 02:06:40.0849 AM
[ReportManager] Element Action [GetText] successfully performed. With the following test data [GitHub - MohabMohie/SHAFT_ENGINE: SHAFT_ENGINE is a Test ...]. @16-01-2022 02:06:42.0283 AM
[ReportManager] Assertion Passed: Then I Assert that the element found by [Relative Locator: {root={xpath=//a[@class='result__a js-result-title-link']}, filters=[{kind=below, args=[{xpath=//input[@name='q']}]}]}] text does not equal []. @16-01-2022 02:06:42.0597 AM
[ReportManager] Successfully created attachment [Screenshot - 1642298802448_relativeLocatorsTest1_ValidateElementAttribute_passed] @16-01-2022 02:06:42.0603 AM
[ReportManager] Assertion [ValidateElementAttribute] PASSED. Expected [Value Should not be '' for the 'text' attribute, element locator '[unknown locator]'] and Actual [GitHub - MohabMohie/SHAFT_ENGINE: SHAFT_ENGINE is a Test ...]. Comparison Type [EQUALS]. Validation Type [NEGATIVE]. @16-01-2022 02:06:42.0603 A
[ReportManager] Browser Action [CloseCurrentWindow] successfully performed. @16-01-2022 02:06:43.0041 AM
[ReportManager] Successfully created attachment [Browser Action Test Data - CloseCurrentWindow - Actual Value] @16-01-2022 02:06:43.0042 A

################################################################################################################################################
Starting Execution:	[146 out of 161] test cases in the current suite
Test Method:		[testPackage01.Test_JsonCompareWithSpecialCharacters.specialCharacters]
################################################################################################################################################
[ReportManager] File Action [GetAbsolutePath] successfully performed. With the following test data [Relative Folder Path: "src/test/resources/testDataFiles/specialCharacters.json"]. @16-01-2022 02:06:43.0048 AM
[ReportManager] File Action [ReadFromFile] successfully performed. With the following test data [File Path: "/Users/runner/work/SHAFT_ENGINE/SHAFT_ENGINE/src/test/resources/testDataFiles/specialCharacters.json"]. @16-01-2022 02:06:43.0048 AM
[ReportManager] Successfully created attachment [File Action Actual Result - Command Log] @16-01-2022 02:06:43.0049 AM
[ReportManager] Comparing the provided API response with the file at this path "src/test/resources/testDataFiles/specialCharacters.json", comparison type "EQUALS" @16-01-2022 02:06:43.0051 AM
[ReportManager] API Action [CompareJSON] successfully performed. With the following test data [src/test/resources/testDataFiles/specialCharacters.json]. @16-01-2022 02:06:43.0060 AM
[ReportManager] File Action [GetAbsolutePath] successfully performed. With the following test data [Relative Folder Path: "src/test/resources/testDataFiles/specialCharacters.json"]. @16-01-2022 02:06:43.0060 AM
[ReportManager] File Action [ReadFromFile] successfully performed. With the following test data [File Path: "/Users/runner/work/SHAFT_ENGINE/SHAFT_ENGINE/src/test/resources/testDataFiles/specialCharacters.json"]. @16-01-2022 02:06:43.0060 AM
[ReportManager] Verification [ValidateJSONFileContent] PASSED. Expected [Response data should match the JSON File in this path 'src/test/resources/testDataFiles/specialCharacters.json'] and Actual [TRUE]. Comparison Type [EQUALS]. Validation Type [POSITIVE]. @16-01-2022 02:06:43.0066 AM
[ReportManager] Successfully created attachment [Validation Test Data - Expected JSON Value] @16-01-2022 02:06:43.0067 AM
[ReportManager] Successfully created attachment [Validation Test Data - Actual JSON Value] @16-01-2022 02:06:43.0067 A

################################################################################################################################################
Starting Execution:	[147 out of 161] test cases in the current suite
Test Method:		[testPackage01.Test_JsonCompareWithSpecialCharacters.specialCharacters_assertion]
################################################################################################################################################
[ReportManager] File Action [GetAbsolutePath] successfully performed. With the following test data [Relative Folder Path: "src/test/resources/testDataFiles/specialCharacters.json"]. @16-01-2022 02:06:43.0071 AM
[ReportManager] File Action [ReadFromFile] successfully performed. With the following test data [File Path: "/Users/runner/work/SHAFT_ENGINE/SHAFT_ENGINE/src/test/resources/testDataFiles/specialCharacters.json"]. @16-01-2022 02:06:43.0072 AM
[ReportManager] Successfully created attachment [File Action Actual Result - Command Log] @16-01-2022 02:06:43.0072 AM
[ReportManager] Comparing the provided API response with the file at this path "src/test/resources/testDataFiles/specialCharacters.json", comparison type "CONTAINS" @16-01-2022 02:06:43.0073 AM
[ReportManager] API Action [CompareJSON] successfully performed. With the following test data [src/test/resources/testDataFiles/specialCharacters.json]. @16-01-2022 02:06:43.0084 AM
[ReportManager] File Action [GetAbsolutePath] successfully performed. With the following test data [Relative Folder Path: "src/test/resources/testDataFiles/specialCharacters.json"]. @16-01-2022 02:06:43.0085 AM
[ReportManager] File Action [ReadFromFile] successfully performed. With the following test data [File Path: "/Users/runner/work/SHAFT_ENGINE/SHAFT_ENGINE/src/test/resources/testDataFiles/specialCharacters.json"]. @16-01-2022 02:06:43.0085 AM
[ReportManager] Assertion Passed: trying out the log message @16-01-2022 02:06:43.0089 AM
[ReportManager] Successfully created attachment [Validation Test Data - Expected JSON Value] @16-01-2022 02:06:43.0090 AM
[ReportManager] Successfully created attachment [Validation Test Data - Actual JSON Value] @16-01-2022 02:06:43.0091 AM
[ReportManager] Assertion [ValidateJSONFileContent] PASSED. Expected [Response data should match the JSON File in this path 'src/test/resources/testDataFiles/specialCharacters.json'] and Actual [TRUE]. Comparison Type [CONTAINS]. Validation Type [POSITIVE]. @16-01-2022 02:06:43.0091 A

################################################################################################################################################
Starting Execution:	[148 out of 161] test cases in the current suite
Test Method:		[testPackage01.Test_SkipDueToIssue.doNotSkip]
################################################################################################################################################
[ReportManager] This should not be skipped. @16-01-2022 02:06:43.0095 A

################################################################################################################################################
Starting Execution:	[149 out of 161] test cases in the current suite
Test Method:		[testPackage01.Test_SkipDueToIssue.skip]
################################################################################################################################################
[ReportManager] This should be skipped. @16-01-2022 02:06:43.0102 A

################################################################################################################################################
Starting Execution:	[150 out of 161] test cases in the current suite
Test Method:		[testPackage01.Test_SkipDueToIssue.skip2]
################################################################################################################################################
[ReportManager] This should be skipped. @16-01-2022 02:06:43.0108 A

################################################################################################################################################
Starting Execution:	[151 out of 161] test cases in the current suite
Test Method:		[testPackage01.Test_JSONFileManager.readStringFromJson]
################################################################################################################################################
[ReportManager] File Action [GetAbsolutePath] successfully performed. With the following test data [Relative Folder Path: "src/test/resources/testDataFiles/simpleJSON.json"]. @16-01-2022 02:06:43.0116 AM
[ReportManager] Successfully loaded the following test data file [src/test/resources/testDataFiles/simpleJSON.json]. @16-01-2022 02:06:43.0116 AM
[ReportManager] Successfully created attachment [Test Data - JSON] @16-01-2022 02:06:43.0117 AM
[ReportManager] File Action [GetAbsolutePath] successfully performed. With the following test data [Relative Folder Path: "src/test/resources/testDataFiles/simpleJSON.json"]. @16-01-2022 02:06:43.0118 AM
[ReportManager] Assertion [ValidateEquals] PASSED. Expected [Mohab Mohie] and Actual [Mohab Mohie]. Comparison Type [EQUALS]. Validation Type [POSITIVE]. @16-01-2022 02:06:43.0133 A
[ReportManager] File Action [GetAbsolutePath] successfully performed. With the following test data [Relative Folder Path: "target/downloadedFiles/"]. @16-01-2022 02:06:43.0136 AM
[ReportManager] Attempting to run locally on: [Mac-64], [Safari], Headless Execution. @16-01-2022 02:06:43.0136 AM
[ReportManager] Successfully Opened Safari. @16-01-2022 02:06:43.0954 AM
[ReportManager] Initial window size: (800, 600) @16-01-2022 02:06:43.0976 AM
[ReportManager] Window size after SWD Maximize: (1176, 803) @16-01-2022 02:06:43.0991 AM
[ReportManager] Browser Action [MaximizeWindow] successfully performed. With the following test data [New screen size is now: (1176, 803)]. @16-01-2022 02:06:43.0991 A

################################################################################################################################################
Starting Execution:	[152 out of 161] test cases in the current suite
Test Method:		[testPackage01.Test_assertEquals.test_assertElementAttribute]
################################################################################################################################################
[ReportManager] Target URL: [https://www.google.com/ncr], and after redirection: [https://www.google.com] @16-01-2022 02:06:43.0996 AM
[ReportManager] Initial URL: [] @16-01-2022 02:06:44.0084 AM
[ReportManager] Browser Action [NavigateToURL] successfully performed. With the following test data [https://www.google.com/ncr]. @16-01-2022 02:06:45.0703 AM
[ReportManager] Element Action [Type] successfully performed. With the following test data [INC_004010050:Another SCHEDULER with the same name [Duplicate Job Name] already exists.]. @16-01-2022 02:06:46.0328 AM
[ReportManager] Element Action [GetText] successfully performed. With the following test data [INC_004010050:Another SCHEDULER with the same name [Duplicate Job Name] already exists.]. @16-01-2022 02:06:46.0377 AM
[ReportManager] Assertion [ValidateElementAttribute] PASSED. Expected [Value Should be 'INC_004010050:Another SCHEDULER with the same name \[Duplicate Job Name\] already exists.' for the 'text' attribute, element locator 'By.name: q'] and Actual [INC_004010050:Another SCHEDULER with the same name [Duplicate Job Name] already exists.]. Comparison Type [MATCHES]. Validation Type [POSITIVE]. @16-01-2022 02:06:46.0570 AM
[ReportManager] Successfully created attachment [Screenshot - 1642298806452_test_assertElementAttribute_ValidateElementAttribute_passed] @16-01-2022 02:06:46.0572 A
[ReportManager] Browser Action [CloseCurrentWindow] successfully performed. @16-01-2022 02:06:46.0969 AM
[ReportManager] Successfully created attachment [Browser Action Test Data - CloseCurrentWindow - Actual Value] @16-01-2022 02:06:46.0970 A
[ReportManager] File Action [GetAbsolutePath] successfully performed. With the following test data [Relative Folder Path: "target/downloadedFiles/"]. @16-01-2022 02:06:46.0972 AM
[ReportManager] Attempting to run locally on: [Mac-64], [Safari], Headless Execution. @16-01-2022 02:06:46.0972 AM
[ReportManager] Successfully Opened Safari. @16-01-2022 02:06:47.0787 AM
[ReportManager] Initial window size: (800, 600) @16-01-2022 02:06:47.0812 AM
[ReportManager] Window size after SWD Maximize: (1176, 803) @16-01-2022 02:06:47.0825 AM
[ReportManager] Browser Action [MaximizeWindow] successfully performed. With the following test data [New screen size is now: (1176, 803)]. @16-01-2022 02:06:47.0825 A

################################################################################################################################################
Starting Execution:	[153 out of 161] test cases in the current suite
Test Method:		[testPackage01.Test_IsElementClickable.testIsElementClickable]
################################################################################################################################################
[ReportManager] Target URL: [https://the-internet.herokuapp.com/] @16-01-2022 02:06:47.0832 AM
[ReportManager] Initial URL: [] @16-01-2022 02:06:47.0883 AM
[ReportManager] Browser Action [NavigateToURL] successfully performed. With the following test data [https://the-internet.herokuapp.com/]. @16-01-2022 02:06:49.0009 AM
[ReportManager] Element Action [IsElementClickable] successfully performed. @16-01-2022 02:06:49.0111 AM
[ReportManager] Assertion [ValidateTrue] PASSED. Expected [TRUE] and Actual [TRUE]. Validation Type [POSITIVE]. @16-01-2022 02:06:49.0111 A
[ReportManager] Browser Action [CloseCurrentWindow] successfully performed. @16-01-2022 02:06:49.0427 AM
[ReportManager] Successfully created attachment [Browser Action Test Data - CloseCurrentWindow - Actual Value] @16-01-2022 02:06:49.0427 A
[ReportManager] Successfully loaded the following test data file [src/test/resources/testDataFiles/testSuite01/TestData.xlsx]. @16-01-2022 02:06:49.0460 AM
[ReportManager] Successfully created attachment [Test Data - Excel] @16-01-2022 02:06:49.0461 AM
[ReportManager] Attempting to run using Playwright locally on: [Mac-64], [Safari], Headless Execution. @16-01-2022 02:07:15.0306 AM
[ReportManager] File Action [GetAbsolutePath] successfully performed. With the following test data [Relative Folder Path: "target/downloadedFiles/"]. @16-01-2022 02:07:15.0307 AM
[ReportManager] Initial window size: (1280, 720) @16-01-2022 02:07:19.0815 AM
[ReportManager] Window size after Toolkit: com.microsoft.playwright.options.ViewportSize@6bc7c67f @16-01-2022 02:07:19.0824 AM
[ReportManager] Browser Action [MaximizeWindow] successfully performed. With the following test data [New screen size is now: (1920, 1080)]. @16-01-2022 02:07:19.0824 A

################################################################################################################################################
Starting Execution:	[154 out of 161] test cases in the current suite
Test Method:		[testPackage01.Test_google_playwright.navigateToURLandVerifyGoogleLogoIsDisplayed]
Test Description:	[TC001 - Navigate to URL and Verify Google Logo is Displayed]
################################################################################################################################################
[ReportManager] Target URL: [https://www.google.com/ncr], and after redirection: [https://www.google.com] @16-01-2022 02:07:19.0827 AM
[ReportManager] Initial URL: [about:blank] @16-01-2022 02:07:20.0404 AM
[ReportManager] Browser Action [NavigateToURL] successfully performed. With the following test data [https://www.google.com/ncr]. @16-01-2022 02:07:23.0309 AM
[ReportManager] Assertion [ValidateElementExists] PASSED. Expected [Element Should Exist, locator 'xpath=//*[@id='hplogo' or @alt='Google']'] and Actual [Element Exists]. Comparison Type [EQUALS]. Validation Type [POSITIVE]. @16-01-2022 02:07:23.0598 AM
[ReportManager] Successfully created attachment [Screenshot - 1642298843488_navigateToURLandVerifyGoogleLogoIsDisplayed_ValidateElementExists_passed] @16-01-2022 02:07:23.0599 A

################################################################################################################################################
Starting Execution:	[155 out of 161] test cases in the current suite
Test Method:		[testPackage01.Test_google_playwright.searchForQueryandAssertResultsNumDisplayed]
Test Description:	[TC002 - Search for Query and Assert that the number of results is displayed]
################################################################################################################################################
[ReportManager] Element Action [Type] successfully performed. With the following test data [SHAFT_Engine]. @16-01-2022 02:07:23.0759 AM
[ReportManager] Element Action [KeyPress] successfully performed. With the following test data [Enter]. @16-01-2022 02:07:23.0787 AM
[ReportManager] Element Action [GetText] successfully performed. With the following test data [About 718,000 results (0.63 seconds)Â 
]. @16-01-2022 02:07:24.0771 AM
[ReportManager] Assertion [ValidateElementAttribute] PASSED. Expected [Value Should not be '' for the 'text' attribute, element locator 'xpath=//div[@id='appbar']'] and Actual [About 718,000 results (0.63 seconds)Â 
]. Comparison Type [EQUALS]. Validation Type [NEGATIVE]. @16-01-2022 02:07:27.0215 AM
[ReportManager] Successfully created attachment [Screenshot - 1642298847083_searchForQueryandAssertResultsNumDisplayed_ValidateElementAttribute_passed] @16-01-2022 02:07:27.0217 A

################################################################################################################################################
Starting Execution:	[156 out of 161] test cases in the current suite
Test Method:		[testPackage01.Test_google_playwright.clickNextThrice]
Test Description:	[TC003 - Clicks the next button to make sure that the framework can scroll element into view before clicking it]
################################################################################################################################################
[ReportManager] Element Action [Click] successfully performed. With the following test data [Next]. @16-01-2022 02:07:27.0635 A
[ReportManager] Failed to find video recording. @16-01-2022 02:07:27.0655 AM
[ReportManager] Successfully Closed PlayWright Driver. @16-01-2022 02:07:27.0709 A
[ReportManager] File Action [GetAbsolutePath] successfully performed. With the following test data [Relative Folder Path: "target/downloadedFiles/"]. @16-01-2022 02:07:27.0710 AM
[ReportManager] Attempting to run locally on: [Mac-64], [Safari], Headless Execution. @16-01-2022 02:07:27.0711 AM
[ReportManager] Successfully Opened Safari. @16-01-2022 02:07:28.0558 AM
[ReportManager] Initial window size: (800, 600) @16-01-2022 02:07:28.0584 AM
[ReportManager] Window size after SWD Maximize: (1176, 803) @16-01-2022 02:07:28.0609 AM
[ReportManager] Browser Action [MaximizeWindow] successfully performed. With the following test data [New screen size is now: (1176, 803)]. @16-01-2022 02:07:28.0610 A

################################################################################################################################################
Starting Execution:	[157 out of 161] test cases in the current suite
Test Method:		[testPackage01.Test_verifyEquals.test_assertElementAttribute]
################################################################################################################################################
[ReportManager] Target URL: [https://www.google.com/ncr], and after redirection: [https://www.google.com] @16-01-2022 02:07:28.0612 AM
[ReportManager] Initial URL: [] @16-01-2022 02:07:28.0682 AM
[ReportManager] Browser Action [NavigateToURL] successfully performed. With the following test data [https://www.google.com/ncr]. @16-01-2022 02:07:30.0846 AM
[ReportManager] Element Action [Type] successfully performed. With the following test data [INC_004010050:Another SCHEDULER with the same name [Duplicate Job Name] already exists.]. @16-01-2022 02:07:31.0542 AM
[ReportManager] Element Action [GetText] successfully performed. With the following test data [INC_004010050:Another SCHEDULER with the same name [Duplicate Job Name] already exists.]. @16-01-2022 02:07:31.0617 AM
[ReportManager] Verification [ValidateElementAttribute] PASSED. Expected [Value Should be 'INC_004010050:Another SCHEDULER with the same name \[Duplicate Job Name\] already exists.' for the 'text' attribute, element locator 'By.name: q'] and Actual [INC_004010050:Another SCHEDULER with the same name [Duplicate Job Name] already exists.]. Comparison Type [MATCHES]. Validation Type [POSITIVE]. @16-01-2022 02:07:31.0767 AM
[ReportManager] Successfully created attachment [Screenshot - 1642298851705_test_assertElementAttribute_ValidateElementAttribute_passed] @16-01-2022 02:07:31.0768 A
[ReportManager] Browser Action [CloseCurrentWindow] successfully performed. @16-01-2022 02:07:32.0002 AM
[ReportManager] Successfully created attachment [Browser Action Test Data - CloseCurrentWindow - Actual Value] @16-01-2022 02:07:32.0003 A

################################################################################################################################################
Starting Execution:	[158 out of 161] test cases in the current suite
Test Method:		[testPackage01.Test_SelectedValue.multipleSelect]
################################################################################################################################################
[ReportManager] File Action [GetAbsolutePath] successfully performed. With the following test data [Relative Folder Path: "target/downloadedFiles/"]. @16-01-2022 02:07:32.0005 AM
[ReportManager] Attempting to run locally on: [Mac-64], [GoogleChrome], Headless Execution. @16-01-2022 02:07:32.0007 AM
[ReportManager] Identifying OS/Driver combination and selecting the correct driver version automatically. Please note that if a new driver executable will be downloaded it may take some time... @16-01-2022 02:07:32.0007 AM
[ReportManager] Successfully Opened Google Chrome. @16-01-2022 02:07:35.0175 AM
[ReportManager] Initial window size: (1920, 1080) @16-01-2022 02:07:35.0180 AM
[ReportManager] Window size after SWD Maximize: (1920, 1080) @16-01-2022 02:07:35.0413 AM
[ReportManager] Window size after Toolkit: (1920, 1080) @16-01-2022 02:07:35.0963 AM
[ReportManager] Browser Action [MaximizeWindow] successfully performed. With the following test data [New screen size is now: (1920, 1080)]. @16-01-2022 02:07:35.0966 AM
[ReportManager] Target URL: [https://yari-demos.prod.mdn.mozit.cloud/en-US/docs/Web/HTML/Element/select/_sample_.Advanced_select_with_multiple_features.html] @16-01-2022 02:07:35.0966 AM
[ReportManager] Initial URL: [data:,] @16-01-2022 02:07:35.0999 AM
[ReportManager] Browser Action [NavigateToURL] successfully performed. With the following test data [https://yari-demos.prod.mdn.mozit.cloud/en-US/docs/Web/HTML/Element/select/_sample_.Advanced_select_with_multiple_features.html]. @16-01-2022 02:07:36.0294 AM
[ReportManager] Element Action [Select] successfully performed. With the following test data [Dog]. @16-01-2022 02:07:36.0509 AM
[ReportManager] Element Action [Select] successfully performed. With the following test data [Cat]. @16-01-2022 02:07:36.0671 AM
[ReportManager] Element Action [GetSelectedText] successfully performed. With the following test data [DogCat]. @16-01-2022 02:07:36.0776 AM
[ReportManager] DogCat @16-01-2022 02:07:36.0776 AM
[ReportManager] Element Action [GetSelectedText] successfully performed. With the following test data [DogCat]. @16-01-2022 02:07:36.0868 AM
[ReportManager] Assertion [ValidateElementAttribute] PASSED. Expected [Value Should be 'DogCat' for the 'selectedText' attribute, element locator 'By.tagName: select'] and Actual [DogCat]. Comparison Type [EQUALS]. Validation Type [POSITIVE]. @16-01-2022 02:07:37.0395 AM
[ReportManager] Successfully created attachment [Screenshot - 1642298857290_multipleSelect_ValidateElementAttribute_passed] @16-01-2022 02:07:37.0396 AM
[ReportManager] Browser Action [CloseCurrentWindow] successfully performed. @16-01-2022 02:07:37.0677 AM
[ReportManager] Successfully created attachment [Browser Action Test Data - CloseCurrentWindow - Actual Value] @16-01-2022 02:07:37.0678 A

################################################################################################################################################
Starting Execution:	[159 out of 161] test cases in the current suite
Test Method:		[testPackage01.Test_SelectedValue.simpleSelect]
################################################################################################################################################
[ReportManager] File Action [GetAbsolutePath] successfully performed. With the following test data [Relative Folder Path: "target/downloadedFiles/"]. @16-01-2022 02:07:37.0683 AM
[ReportManager] Attempting to run locally on: [Mac-64], [GoogleChrome], Headless Execution. @16-01-2022 02:07:37.0683 AM
[ReportManager] Identifying OS/Driver combination and selecting the correct driver version automatically. Please note that if a new driver executable will be downloaded it may take some time... @16-01-2022 02:07:37.0684 AM
[ReportManager] Successfully Opened Google Chrome. @16-01-2022 02:07:38.0129 AM
[ReportManager] Initial window size: (1920, 1080) @16-01-2022 02:07:38.0132 AM
[ReportManager] Window size after SWD Maximize: (1920, 1080) @16-01-2022 02:07:38.0266 AM
[ReportManager] Window size after Toolkit: (1920, 1080) @16-01-2022 02:07:38.0780 AM
[ReportManager] Browser Action [MaximizeWindow] successfully performed. With the following test data [New screen size is now: (1920, 1080)]. @16-01-2022 02:07:38.0782 AM
[ReportManager] Target URL: [https://yari-demos.prod.mdn.mozit.cloud/en-US/docs/Web/HTML/Element/select/_sample_.Basic_select.html] @16-01-2022 02:07:38.0782 AM
[ReportManager] Initial URL: [data:,] @16-01-2022 02:07:38.0807 AM
[ReportManager] Browser Action [NavigateToURL] successfully performed. With the following test data [https://yari-demos.prod.mdn.mozit.cloud/en-US/docs/Web/HTML/Element/select/_sample_.Basic_select.html]. @16-01-2022 02:07:39.0005 AM
[ReportManager] Element Action [Select] successfully performed. With the following test data [Third Value]. @16-01-2022 02:07:39.0242 AM
[ReportManager] Element Action [GetSelectedText] successfully performed. With the following test data [Third Value]. @16-01-2022 02:07:39.0307 AM
[ReportManager] Third Value @16-01-2022 02:07:39.0307 AM
[ReportManager] Element Action [GetSelectedText] successfully performed. With the following test data [Third Value]. @16-01-2022 02:07:39.0366 AM
[ReportManager] Assertion [ValidateElementAttribute] PASSED. Expected [Value Should be 'Third Value' for the 'selectedText' attribute, element locator 'By.tagName: select'] and Actual [Third Value]. Comparison Type [EQUALS]. Validation Type [POSITIVE]. @16-01-2022 02:07:39.0846 AM
[ReportManager] Successfully created attachment [Screenshot - 1642298859701_simpleSelect_ValidateElementAttribute_passed] @16-01-2022 02:07:39.0846 AM
[ReportManager] Browser Action [CloseCurrentWindow] successfully performed. @16-01-2022 02:07:40.0182 AM
[ReportManager] Successfully created attachment [Browser Action Test Data - CloseCurrentWindow - Actual Value] @16-01-2022 02:07:40.0183 A
[ReportManager] File Action [GetAbsolutePath] successfully performed. With the following test data [Relative Folder Path: "target/downloadedFiles/"]. @16-01-2022 02:07:40.0185 AM
[ReportManager] Attempting to run locally on: [Mac-64], [Safari], Headless Execution. @16-01-2022 02:07:40.0185 AM
[ReportManager] Successfully Opened Safari. @16-01-2022 02:07:40.0987 AM
[ReportManager] Initial window size: (800, 600) @16-01-2022 02:07:41.0012 AM
[ReportManager] Window size after SWD Maximize: (1176, 803) @16-01-2022 02:07:41.0042 AM
[ReportManager] Browser Action [MaximizeWindow] successfully performed. With the following test data [New screen size is now: (1176, 803)]. @16-01-2022 02:07:41.0042 A

################################################################################################################################################
Starting Execution:	[160 out of 161] test cases in the current suite
Test Method:		[testPackage01.Test_dynamicLoading.dynamicLoading_elementIsHidden]
################################################################################################################################################
[ReportManager] Target URL: [https://the-internet.herokuapp.com/dynamic_loading/1] @16-01-2022 02:07:41.0044 AM
[ReportManager] Initial URL: [] @16-01-2022 02:07:41.0111 AM
[ReportManager] Browser Action [NavigateToURL] successfully performed. With the following test data [https://the-internet.herokuapp.com/dynamic_loading/1]. @16-01-2022 02:07:42.0183 AM
[ReportManager] Element Action [Click] successfully performed. With the following test data [By.xpath: //button[text()='Start']]. @16-01-2022 02:07:42.0366 AM
[ReportManager] Element Action [GetText] successfully performed. With the following test data [
    Hello World!
  ]. @16-01-2022 02:07:42.0400 A
[ReportManager] Browser Action [CloseCurrentWindow] successfully performed. @16-01-2022 02:07:42.0861 AM
[ReportManager] Successfully created attachment [Browser Action Test Data - CloseCurrentWindow - Actual Value] @16-01-2022 02:07:42.0861 A
[ReportManager] File Action [GetAbsolutePath] successfully performed. With the following test data [Relative Folder Path: "target/downloadedFiles/"]. @16-01-2022 02:07:42.0863 AM
[ReportManager] Attempting to run locally on: [Mac-64], [Safari], Headless Execution. @16-01-2022 02:07:42.0863 AM
[ReportManager] Successfully Opened Safari. @16-01-2022 02:07:43.0695 AM
[ReportManager] Initial window size: (800, 600) @16-01-2022 02:07:43.0723 AM
[ReportManager] Window size after SWD Maximize: (1176, 803) @16-01-2022 02:07:43.0749 AM
[ReportManager] Browser Action [MaximizeWindow] successfully performed. With the following test data [New screen size is now: (1176, 803)]. @16-01-2022 02:07:43.0749 A

################################################################################################################################################
Starting Execution:	[161 out of 161] test cases in the current suite
Test Method:		[testPackage01.Test_dynamicLoading.dynamicLoading_elementIsRendered]
################################################################################################################################################
[ReportManager] Target URL: [https://the-internet.herokuapp.com/dynamic_loading/2] @16-01-2022 02:07:43.0753 AM
[ReportManager] Initial URL: [] @16-01-2022 02:07:43.0802 AM
[ReportManager] Browser Action [NavigateToURL] successfully performed. With the following test data [https://the-internet.herokuapp.com/dynamic_loading/2]. @16-01-2022 02:07:44.0861 AM
[ReportManager] Element Action [Click] successfully performed. With the following test data [By.xpath: //button[text()='Start']]. @16-01-2022 02:07:45.0046 AM
[ReportManager] Element Action [GetText] successfully performed. With the following test data [Hello World!]. @16-01-2022 02:07:50.0407 AM
[ReportManager] Assertion [ValidateElementAttribute] PASSED. Expected [Value Should be 'Hello World!' for the 'text' attribute, element locator 'By.id: finish'] and Actual [Hello World!]. Comparison Type [CONTAINS]. Validation Type [POSITIVE]. @16-01-2022 02:07:50.0537 AM
[ReportManager] Successfully created attachment [Screenshot - 1642298870478_dynamicLoading_elementIsRendered_ValidateElementAttribute_passed] @16-01-2022 02:07:50.0538 A
[ReportManager] Browser Action [CloseCurrentWindow] successfully performed. @16-01-2022 02:07:50.0816 AM
[ReportManager] Successfully created attachment [Browser Action Test Data - CloseCurrentWindow - Actual Value] @16-01-2022 02:07:50.0816 A
[ReportManager] Successfully created attachment [SHAFT Engine Logs - Execution log] @16-01-2022 02:07:50.0858 AM

################################################################################################################################################
This test run was powered by SHAFT Engine Version: [SHAFT Engine v6.1.20220113]
SHAFT Engine is licensed under the MIT License: [https://github.com/MohabMohie/SHAFT_ENGINE/blob/master/LICENSE].
################################################################################################################################################