################################################################################################################################################
Detected SHAFT Engine Version: [SHAFT Engine v5.4.20211202-BETA]
################################################################################################################################################
[ReportManager] File Action [GetAbsolutePath] successfully performed. With the following test data [Relative Folder Path: "target/downloadedFiles/"]. @08-01-2022 01:58:05.0841 AM
[ReportManager] Attempting to run locally on: [Mac-64], [Safari], Headless Execution. @08-01-2022 01:58:05.0856 AM
[ReportManager] An Exception Occured with this Message: Could not start a new session. Possible causes are invalid address of the remote server or browser start-up failure.. @08-01-2022 01:58:06.0627 AM
[ReportManager] Successfully created attachment [Exception Stack Trace - org.openqa.selenium.SessionNotCreatedException] @08-01-2022 01:58:06.0628 AM
[ReportManager] Driver Factory Action [createNewLocalDriverInstanceForSafari] failed. With the following test data [Failed to create a session on DESKTOP_SAFARI]. @08-01-2022 01:58:06.0629 A

################################################################################################################################################
Starting Execution:	[1 out of 146] test cases in the current suite
Test Method:		[unitTests.tests_element_elementActions.waitForElementToBePresent_false_expectedToFail]
###############################################################################################################################################



################################################################################################################################################
Starting Execution:	[2 out of 146] test cases in the current suite
Test Method:		[unitTests.tests_element_elementActions.waitForElementToBePresent_false_expectedToPass]
###############################################################################################################################################



################################################################################################################################################
Starting Execution:	[3 out of 146] test cases in the current suite
Test Method:		[unitTests.tests_element_elementActions.waitForElementToBePresent_moreThanOneElement_expectedToFail]
###############################################################################################################################################



################################################################################################################################################
Starting Execution:	[4 out of 146] test cases in the current suite
Test Method:		[unitTests.tests_element_elementActions.waitForElementToBePresent_true_expectedToFail]
###############################################################################################################################################



################################################################################################################################################
Starting Execution:	[5 out of 146] test cases in the current suite
Test Method:		[unitTests.tests_element_elementActions.waitForElementToBePresent_true_expectedToPass]
###############################################################################################################################################

[ReportManager] File Action [GetAbsolutePath] successfully performed. With the following test data [Relative Folder Path: "target/downloadedFiles/"]. @08-01-2022 01:58:07.0289 AM
[ReportManager] Attempting to run locally on: [Mac-64], [Safari], Headless Execution. @08-01-2022 01:58:07.0289 AM
[ReportManager] Successfully Opened Safari. @08-01-2022 01:58:11.0886 AM
[ReportManager] Initial window size: (800, 600) @08-01-2022 01:58:11.0924 AM
[ReportManager] Window size after SWD Maximize: (1176, 802) @08-01-2022 01:58:11.0980 AM
[ReportManager] Browser Action [MaximizeWindow] successfully performed. With the following test data [New screen size is now: (1176, 802)]. @08-01-2022 01:58:11.0981 AM
[ReportManager] Target URL: [https://duckduckgo.com] @08-01-2022 01:58:11.0986 AM
[ReportManager] Initial URL: [] @08-01-2022 01:58:12.0139 AM
[ReportManager] Browser Action [NavigateToURL] successfully performed. With the following test data [https://duckduckgo.com]. @08-01-2022 01:58:14.0626 A

################################################################################################################################################
Starting Execution:	[6 out of 146] test cases in the current suite
Test Method:		[unitTests.tests_browserActions.fullScreenWindow]
################################################################################################################################################
[ReportManager] Initial Windows Size: 1176x802 @08-01-2022 01:58:14.0775 AM
[ReportManager] Current Windows Size after fullScreen: 1176x885 @08-01-2022 01:58:16.0200 AM
[ReportManager] Browser Action [FullScreenWindow] successfully performed. @08-01-2022 01:58:16.0219 AM
[ReportManager] Successfully created attachment [Browser Action Test Data - FullScreenWindow - Actual Value] @08-01-2022 01:58:16.0264 A
[ReportManager] Target URL: [https://duckduckgo.com] @08-01-2022 01:58:16.0444 AM
[ReportManager] Initial URL: [https://duckduckgo.com] @08-01-2022 01:58:16.0521 AM
[ReportManager] Browser Action [NavigateToURL] successfully performed. With the following test data [https://duckduckgo.com]. @08-01-2022 01:58:16.0971 AM
[ReportManager] Browser Action [CloseCurrentWindow] successfully performed. @08-01-2022 01:58:17.0225 AM
[ReportManager] Successfully created attachment [Browser Action Test Data - CloseCurrentWindow - Actual Value] @08-01-2022 01:58:17.0269 A
[ReportManager] File Action [GetAbsolutePath] successfully performed. With the following test data [Relative Folder Path: "target/downloadedFiles/"]. @08-01-2022 01:58:17.0400 AM
[ReportManager] Attempting to run locally on: [Mac-64], [Safari], Headless Execution. @08-01-2022 01:58:17.0401 AM
[ReportManager] An Exception Occured with this Message: Could not start a new session. Possible causes are invalid address of the remote server or browser start-up failure.. @08-01-2022 01:58:17.0605 AM
[ReportManager] Successfully created attachment [Exception Stack Trace - org.openqa.selenium.SessionNotCreatedException] @08-01-2022 01:58:17.0647 AM
[ReportManager] Driver Factory Action [createNewLocalDriverInstanceForSafari] failed. With the following test data [Failed to create a session on DESKTOP_SAFARI]. @08-01-2022 01:58:17.0647 A

################################################################################################################################################
Starting Execution:	[7 out of 146] test cases in the current suite
Test Method:		[unitTests.tests_browserActions.getCurrentURL]
###############################################################################################################################################



################################################################################################################################################
Starting Execution:	[8 out of 146] test cases in the current suite
Test Method:		[unitTests.tests_browserActions.getCurrentWindowTitle]
###############################################################################################################################################



################################################################################################################################################
Starting Execution:	[9 out of 146] test cases in the current suite
Test Method:		[unitTests.tests_browserActions.getPageSource]
###############################################################################################################################################



################################################################################################################################################
Starting Execution:	[10 out of 146] test cases in the current suite
Test Method:		[unitTests.tests_browserActions.getWindowHandle]
###############################################################################################################################################



################################################################################################################################################
Starting Execution:	[11 out of 146] test cases in the current suite
Test Method:		[unitTests.tests_browserActions.getWindowPosition]
###############################################################################################################################################



################################################################################################################################################
Starting Execution:	[12 out of 146] test cases in the current suite
Test Method:		[unitTests.tests_browserActions.getWindowSize]
###############################################################################################################################################



################################################################################################################################################
Starting Execution:	[13 out of 146] test cases in the current suite
Test Method:		[unitTests.tests_browserActions.maximizeWindow]
###############################################################################################################################################



################################################################################################################################################
Starting Execution:	[14 out of 146] test cases in the current suite
Test Method:		[unitTests.tests_browserActions.navigateBack]
###############################################################################################################################################



################################################################################################################################################
Starting Execution:	[15 out of 146] test cases in the current suite
Test Method:		[unitTests.tests_browserActions.navigateForward]
###############################################################################################################################################



################################################################################################################################################
Starting Execution:	[16 out of 146] test cases in the current suite
Test Method:		[unitTests.tests_browserActions.navigateToURL]
###############################################################################################################################################



################################################################################################################################################
Starting Execution:	[17 out of 146] test cases in the current suite
Test Method:		[unitTests.tests_browserActions.navigateToURLWithRedirection]
###############################################################################################################################################



################################################################################################################################################
Starting Execution:	[18 out of 146] test cases in the current suite
Test Method:		[unitTests.tests_browserActions.refreshCurrentPage]
###############################################################################################################################################



################################################################################################################################################
Starting Execution:	[19 out of 146] test cases in the current suite
Test Method:		[unitTests.tests_browserActions.setWindowSize]
###############################################################################################################################################

[ReportManager] Successfully loaded the following test data file [src/test/resources/testDataFiles/testSuite01/TestData.xlsx]. @08-01-2022 01:58:19.0912 AM
[ReportManager] Successfully created attachment [Test Data - Excel] @08-01-2022 01:58:19.0913 A

################################################################################################################################################
Starting Execution:	[20 out of 146] test cases in the current suite
Test Method:		[unitTests.tests_io_excelFileManager.getCellData_rowName_expectedToPass]
################################################################################################################################################
[ReportManager] testRowData. @08-01-2022 01:58:19.0927 A

################################################################################################################################################
Starting Execution:	[21 out of 146] test cases in the current suite
Test Method:		[unitTests.tests_validations_assertions.assertComparativeRelation_greaterThanOrEquals_false_equals_expectedToFail]
################################################################################################################################################
[ReportManager] Assertion [ValidateComparativeRelation] FAILED. Expected [1] and Actual [1]. Comparison Type [GREATER_THAN_OR_EQUALS]. Validation Type [NEGATIVE]. @08-01-2022 01:58:19.0944 A

################################################################################################################################################
Starting Execution:	[22 out of 146] test cases in the current suite
Test Method:		[unitTests.tests_validations_assertions.assertComparativeRelation_greaterThanOrEquals_false_equals_expectedToPass]
################################################################################################################################################
[ReportManager] Assertion [ValidateComparativeRelation] PASSED. Expected [2] and Actual [1]. Comparison Type [GREATER_THAN_OR_EQUALS]. Validation Type [NEGATIVE]. @08-01-2022 01:58:19.0949 A

################################################################################################################################################
Starting Execution:	[23 out of 146] test cases in the current suite
Test Method:		[unitTests.tests_validations_assertions.assertComparativeRelation_greaterThanOrEquals_false_greaterThan_expectedToFail]
################################################################################################################################################
[ReportManager] Assertion [ValidateComparativeRelation] FAILED. Expected [1] and Actual [2]. Comparison Type [GREATER_THAN_OR_EQUALS]. Validation Type [NEGATIVE]. @08-01-2022 01:58:19.0956 A

################################################################################################################################################
Starting Execution:	[24 out of 146] test cases in the current suite
Test Method:		[unitTests.tests_validations_assertions.assertComparativeRelation_greaterThanOrEquals_false_greaterThan_expectedToPass]
################################################################################################################################################
[ReportManager] Assertion [ValidateComparativeRelation] PASSED. Expected [2] and Actual [1]. Comparison Type [GREATER_THAN_OR_EQUALS]. Validation Type [NEGATIVE]. @08-01-2022 01:58:19.0961 A

################################################################################################################################################
Starting Execution:	[25 out of 146] test cases in the current suite
Test Method:		[unitTests.tests_validations_assertions.assertComparativeRelation_greaterThanOrEquals_true_equals_expectedToFail]
################################################################################################################################################
[ReportManager] Assertion [ValidateComparativeRelation] FAILED. Expected [1] and Actual [0]. Comparison Type [GREATER_THAN_OR_EQUALS]. Validation Type [POSITIVE]. @08-01-2022 01:58:19.0965 A

################################################################################################################################################
Starting Execution:	[26 out of 146] test cases in the current suite
Test Method:		[unitTests.tests_validations_assertions.assertComparativeRelation_greaterThanOrEquals_true_equals_expectedToPass]
################################################################################################################################################
[ReportManager] Assertion [ValidateComparativeRelation] PASSED. Expected [1] and Actual [1]. Comparison Type [GREATER_THAN_OR_EQUALS]. Validation Type [POSITIVE]. @08-01-2022 01:58:19.0970 A

################################################################################################################################################
Starting Execution:	[27 out of 146] test cases in the current suite
Test Method:		[unitTests.tests_validations_assertions.assertComparativeRelation_greaterThanOrEquals_true_greaterThan_expectedToFail]
################################################################################################################################################
[ReportManager] Assertion [ValidateComparativeRelation] FAILED. Expected [2] and Actual [1]. Comparison Type [GREATER_THAN_OR_EQUALS]. Validation Type [POSITIVE]. @08-01-2022 01:58:19.0975 A

################################################################################################################################################
Starting Execution:	[28 out of 146] test cases in the current suite
Test Method:		[unitTests.tests_validations_assertions.assertComparativeRelation_greaterThanOrEquals_true_greaterThan_expectedToPass]
################################################################################################################################################
[ReportManager] Assertion [ValidateComparativeRelation] PASSED. Expected [1] and Actual [2]. Comparison Type [GREATER_THAN_OR_EQUALS]. Validation Type [POSITIVE]. @08-01-2022 01:58:19.0980 A
[ReportManager] File Action [GetAbsolutePath] successfully performed. With the following test data [Relative Folder Path: "target/downloadedFiles/"]. @08-01-2022 01:58:19.0984 AM
[ReportManager] Attempting to run locally on: [Mac-64], [Safari], Headless Execution. @08-01-2022 01:58:19.0985 AM
[ReportManager] Successfully Opened Safari. @08-01-2022 01:58:21.0049 AM
[ReportManager] Initial window size: (800, 600) @08-01-2022 01:58:21.0087 AM
[ReportManager] Window size after SWD Maximize: (1176, 802) @08-01-2022 01:58:21.0116 AM
[ReportManager] Browser Action [MaximizeWindow] successfully performed. With the following test data [New screen size is now: (1176, 802)]. @08-01-2022 01:58:21.0116 AM
[ReportManager] Target URL: [https://www.google.com/ncr], and after redirection: [www.google.com] @08-01-2022 01:58:21.0117 AM
[ReportManager] Initial URL: [] @08-01-2022 01:58:21.0182 AM
[ReportManager] Browser Action [NavigateToURL] successfully performed. With the following test data [https://www.google.com/ncr]. @08-01-2022 01:58:22.0023 A

################################################################################################################################################
Starting Execution:	[29 out of 146] test cases in the current suite
Test Method:		[unitTests.tests_validations_assertions.assertElementAttribute_false_caseInsensitiveComparison_expectedToFail]
################################################################################################################################################
[ReportManager] Element Action [Type] successfully performed. With the following test data [AUTOMATION]. @08-01-2022 01:58:22.0519 AM
[ReportManager] Element Action [GetText] successfully performed. With the following test data [AUTOMATION]. @08-01-2022 01:58:22.0602 AM
[ReportManager] Loaded Shared OpenCV @08-01-2022 01:58:24.0357 AM
[ReportManager] Assertion [ValidateElementAttribute] FAILED. Expected [Value Should not be 'AutomaTion' for the 'text' attribute, element locator 'By.name: q'] and Actual [AUTOMATION]. Comparison Type [CASE_INSENSITIVE]. Validation Type [NEGATIVE]. @08-01-2022 01:58:28.0493 AM
[ReportManager] Successfully created attachment [Screenshot - 1641607102735_assertElementAttribute_false_caseInsensitiveComparison_expectedToFail_ValidateElementAttribute_failed] @08-01-2022 01:58:28.0509 A
[ReportManager] Browser Action [CloseCurrentWindow] successfully performed. @08-01-2022 01:58:28.0907 AM
[ReportManager] Successfully created attachment [Browser Action Test Data - CloseCurrentWindow - Actual Value] @08-01-2022 01:58:28.0908 A
[ReportManager] File Action [GetAbsolutePath] successfully performed. With the following test data [Relative Folder Path: "target/downloadedFiles/"]. @08-01-2022 01:58:28.0913 AM
[ReportManager] Attempting to run locally on: [Mac-64], [Safari], Headless Execution. @08-01-2022 01:58:28.0914 AM
[ReportManager] Successfully Opened Safari. @08-01-2022 01:58:29.0916 AM
[ReportManager] Initial window size: (800, 600) @08-01-2022 01:58:29.0967 AM
[ReportManager] Window size after SWD Maximize: (1176, 803) @08-01-2022 01:58:30.0037 AM
[ReportManager] Browser Action [MaximizeWindow] successfully performed. With the following test data [New screen size is now: (1176, 803)]. @08-01-2022 01:58:30.0038 AM
[ReportManager] Target URL: [https://www.google.com/ncr], and after redirection: [www.google.com] @08-01-2022 01:58:30.0038 AM
[ReportManager] Initial URL: [] @08-01-2022 01:58:30.0111 AM
[ReportManager] Browser Action [NavigateToURL] successfully performed. With the following test data [https://www.google.com/ncr]. @08-01-2022 01:58:31.0278 A

################################################################################################################################################
Starting Execution:	[30 out of 146] test cases in the current suite
Test Method:		[unitTests.tests_validations_assertions.assertElementAttribute_false_caseInsensitiveComparison_expectedToPass]
################################################################################################################################################
[ReportManager] Element Action [Type] successfully performed. With the following test data [AUTOMATION]. @08-01-2022 01:58:31.0842 AM
[ReportManager] Element Action [GetText] successfully performed. With the following test data [AUTOMATION]. @08-01-2022 01:58:32.0001 AM
[ReportManager] Loaded Shared OpenCV @08-01-2022 01:58:32.0078 AM
[ReportManager] Assertion [ValidateElementAttribute] PASSED. Expected [Value Should not be 'AutomaTion123' for the 'text' attribute, element locator 'By.name: q'] and Actual [AUTOMATION]. Comparison Type [CASE_INSENSITIVE]. Validation Type [NEGATIVE]. @08-01-2022 01:58:32.0295 AM
[ReportManager] Successfully created attachment [Screenshot - 1641607112078_assertElementAttribute_false_caseInsensitiveComparison_expectedToPass_ValidateElementAttribute_passed] @08-01-2022 01:58:32.0305 A
[ReportManager] Browser Action [CloseCurrentWindow] successfully performed. @08-01-2022 01:58:32.0550 AM
[ReportManager] Successfully created attachment [Browser Action Test Data - CloseCurrentWindow - Actual Value] @08-01-2022 01:58:32.0552 A
[ReportManager] File Action [GetAbsolutePath] successfully performed. With the following test data [Relative Folder Path: "target/downloadedFiles/"]. @08-01-2022 01:58:32.0557 AM
[ReportManager] Attempting to run locally on: [Mac-64], [Safari], Headless Execution. @08-01-2022 01:58:32.0558 AM
[ReportManager] Successfully Opened Safari. @08-01-2022 01:58:33.0547 AM
[ReportManager] Initial window size: (800, 600) @08-01-2022 01:58:33.0582 AM
[ReportManager] Window size after SWD Maximize: (1176, 803) @08-01-2022 01:58:33.0633 AM
[ReportManager] Browser Action [MaximizeWindow] successfully performed. With the following test data [New screen size is now: (1176, 803)]. @08-01-2022 01:58:33.0633 AM
[ReportManager] Target URL: [https://www.google.com/ncr], and after redirection: [www.google.com] @08-01-2022 01:58:33.0633 AM
[ReportManager] Initial URL: [] @08-01-2022 01:58:33.0692 AM
[ReportManager] Browser Action [NavigateToURL] successfully performed. With the following test data [https://www.google.com/ncr]. @08-01-2022 01:58:35.0943 A

################################################################################################################################################
Starting Execution:	[31 out of 146] test cases in the current suite
Test Method:		[unitTests.tests_validations_assertions.assertElementAttribute_false_containsComparison_expectedToFail]
################################################################################################################################################
[ReportManager] Element Action [Type] successfully performed. With the following test data [Automation123]. @08-01-2022 01:58:36.0318 AM
[ReportManager] Element Action [GetText] successfully performed. With the following test data [Automation123]. @08-01-2022 01:58:36.0410 AM
[ReportManager] Loaded Shared OpenCV @08-01-2022 01:58:36.0491 AM
[ReportManager] Assertion [ValidateElementAttribute] FAILED. Expected [Value Should not be 'Automation' for the 'text' attribute, element locator 'By.name: q'] and Actual [Automation123]. Comparison Type [CONTAINS]. Validation Type [NEGATIVE]. @08-01-2022 01:58:36.0689 AM
[ReportManager] Successfully created attachment [Screenshot - 1641607116491_assertElementAttribute_false_containsComparison_expectedToFail_ValidateElementAttribute_failed] @08-01-2022 01:58:36.0692 A
[ReportManager] Browser Action [CloseCurrentWindow] successfully performed. @08-01-2022 01:58:37.0036 AM
[ReportManager] Successfully created attachment [Browser Action Test Data - CloseCurrentWindow - Actual Value] @08-01-2022 01:58:37.0042 A
[ReportManager] File Action [GetAbsolutePath] successfully performed. With the following test data [Relative Folder Path: "target/downloadedFiles/"]. @08-01-2022 01:58:37.0049 AM
[ReportManager] Attempting to run locally on: [Mac-64], [Safari], Headless Execution. @08-01-2022 01:58:37.0049 AM
[ReportManager] Successfully Opened Safari. @08-01-2022 01:58:38.0332 AM
[ReportManager] Initial window size: (800, 600) @08-01-2022 01:58:38.0363 AM
[ReportManager] Window size after SWD Maximize: (1176, 803) @08-01-2022 01:58:38.0409 AM
[ReportManager] Browser Action [MaximizeWindow] successfully performed. With the following test data [New screen size is now: (1176, 803)]. @08-01-2022 01:58:38.0409 AM
[ReportManager] Target URL: [https://www.google.com/ncr], and after redirection: [www.google.com] @08-01-2022 01:58:38.0409 AM
[ReportManager] Initial URL: [] @08-01-2022 01:58:38.0458 AM
[ReportManager] Browser Action [NavigateToURL] successfully performed. With the following test data [https://www.google.com/ncr]. @08-01-2022 01:58:39.0424 A

################################################################################################################################################
Starting Execution:	[32 out of 146] test cases in the current suite
Test Method:		[unitTests.tests_validations_assertions.assertElementAttribute_false_containsComparison_expectedToPass]
################################################################################################################################################
[ReportManager] Element Action [Type] successfully performed. With the following test data [Automation123]. @08-01-2022 01:58:39.0804 AM
[ReportManager] Element Action [GetText] successfully performed. With the following test data [Automation123]. @08-01-2022 01:58:39.0968 AM
[ReportManager] Loaded Shared OpenCV @08-01-2022 01:58:40.0193 AM
[ReportManager] Assertion [ValidateElementAttribute] PASSED. Expected [Value Should not be 'Automation1234' for the 'text' attribute, element locator 'By.name: q'] and Actual [Automation123]. Comparison Type [CONTAINS]. Validation Type [NEGATIVE]. @08-01-2022 01:58:40.0321 AM
[ReportManager] Successfully created attachment [Screenshot - 1641607120192_assertElementAttribute_false_containsComparison_expectedToPass_ValidateElementAttribute_passed] @08-01-2022 01:58:40.0322 A
[ReportManager] Browser Action [CloseCurrentWindow] successfully performed. @08-01-2022 01:58:40.0823 AM
[ReportManager] Successfully created attachment [Browser Action Test Data - CloseCurrentWindow - Actual Value] @08-01-2022 01:58:40.0824 A
[ReportManager] File Action [GetAbsolutePath] successfully performed. With the following test data [Relative Folder Path: "target/downloadedFiles/"]. @08-01-2022 01:58:40.0828 AM
[ReportManager] Attempting to run locally on: [Mac-64], [Safari], Headless Execution. @08-01-2022 01:58:40.0829 AM
[ReportManager] Successfully Opened Safari. @08-01-2022 01:58:42.0066 AM
[ReportManager] Initial window size: (800, 600) @08-01-2022 01:58:42.0322 AM
[ReportManager] Window size after SWD Maximize: (1176, 803) @08-01-2022 01:58:42.0523 AM
[ReportManager] Browser Action [MaximizeWindow] successfully performed. With the following test data [New screen size is now: (1176, 803)]. @08-01-2022 01:58:42.0524 AM
[ReportManager] Target URL: [https://www.google.com/ncr], and after redirection: [www.google.com] @08-01-2022 01:58:42.0524 AM
[ReportManager] Initial URL: [] @08-01-2022 01:58:42.0580 AM
[ReportManager] Browser Action [NavigateToURL] successfully performed. With the following test data [https://www.google.com/ncr]. @08-01-2022 01:58:43.0725 A

################################################################################################################################################
Starting Execution:	[33 out of 146] test cases in the current suite
Test Method:		[unitTests.tests_validations_assertions.assertElementAttribute_false_literalComparison_expectedToFail]
################################################################################################################################################
[ReportManager] Element Action [Type] successfully performed. With the following test data [Automation!@#$%^&*()_+{}[]\';/.,]. @08-01-2022 01:58:45.0312 AM
[ReportManager] Element Action [GetText] successfully performed. With the following test data [Automation!@#$%^&*()_+{}[]\';/.,]. @08-01-2022 01:58:45.0479 AM
[ReportManager] Loaded Shared OpenCV @08-01-2022 01:58:45.0571 AM
[ReportManager] Assertion [ValidateElementAttribute] PASSED. Expected [Value Should not be 'Automation!@#$%^&*()_+{}[]\\';/.,' for the 'text' attribute, element locator 'By.name: q'] and Actual [Automation!@#$%^&*()_+{}[]\';/.,]. Comparison Type [EQUALS]. Validation Type [NEGATIVE]. @08-01-2022 01:58:45.0872 AM
[ReportManager] Successfully created attachment [Screenshot - 1641607125570_assertElementAttribute_false_literalComparison_expectedToFail_ValidateElementAttribute_passed] @08-01-2022 01:58:45.0956 A
[ReportManager] Browser Action [CloseCurrentWindow] successfully performed. @08-01-2022 01:58:46.0328 AM
[ReportManager] Successfully created attachment [Browser Action Test Data - CloseCurrentWindow - Actual Value] @08-01-2022 01:58:46.0370 A
[ReportManager] File Action [GetAbsolutePath] successfully performed. With the following test data [Relative Folder Path: "target/downloadedFiles/"]. @08-01-2022 01:58:46.0498 AM
[ReportManager] Attempting to run locally on: [Mac-64], [Safari], Headless Execution. @08-01-2022 01:58:46.0499 AM
[ReportManager] Successfully Opened Safari. @08-01-2022 01:58:47.0418 AM
[ReportManager] Initial window size: (800, 600) @08-01-2022 01:58:47.0451 AM
[ReportManager] Window size after SWD Maximize: (1176, 803) @08-01-2022 01:58:47.0498 AM
[ReportManager] Browser Action [MaximizeWindow] successfully performed. With the following test data [New screen size is now: (1176, 803)]. @08-01-2022 01:58:47.0499 AM
[ReportManager] Target URL: [https://www.google.com/ncr], and after redirection: [www.google.com] @08-01-2022 01:58:47.0499 AM
[ReportManager] Initial URL: [] @08-01-2022 01:58:47.0602 AM
[ReportManager] Browser Action [NavigateToURL] successfully performed. With the following test data [https://www.google.com/ncr]. @08-01-2022 01:58:49.0093 A

################################################################################################################################################
Starting Execution:	[34 out of 146] test cases in the current suite
Test Method:		[unitTests.tests_validations_assertions.assertElementAttribute_false_literalComparison_expectedToPass]
################################################################################################################################################
[ReportManager] Element Action [Type] successfully performed. With the following test data [Automation!@#$%^&*()_+{}[]\';/.,]. @08-01-2022 01:58:50.0188 AM
[ReportManager] Element Action [GetText] successfully performed. With the following test data [Automation!@#$%^&*()_+{}[]\';/.,]. @08-01-2022 01:58:50.0257 AM
[ReportManager] Loaded Shared OpenCV @08-01-2022 01:58:50.0354 AM
[ReportManager] Assertion [ValidateElementAttribute] PASSED. Expected [Value Should not be 'Automation' for the 'text' attribute, element locator 'By.name: q'] and Actual [Automation!@#$%^&*()_+{}[]\';/.,]. Comparison Type [EQUALS]. Validation Type [NEGATIVE]. @08-01-2022 01:58:50.0457 AM
[ReportManager] Successfully created attachment [Screenshot - 1641607130354_assertElementAttribute_false_literalComparison_expectedToPass_ValidateElementAttribute_passed] @08-01-2022 01:58:50.0459 A
[ReportManager] Browser Action [CloseCurrentWindow] successfully performed. @08-01-2022 01:58:50.0693 AM
[ReportManager] Successfully created attachment [Browser Action Test Data - CloseCurrentWindow - Actual Value] @08-01-2022 01:58:50.0693 A
[ReportManager] File Action [GetAbsolutePath] successfully performed. With the following test data [Relative Folder Path: "target/downloadedFiles/"]. @08-01-2022 01:58:50.0697 AM
[ReportManager] Attempting to run locally on: [Mac-64], [Safari], Headless Execution. @08-01-2022 01:58:50.0698 AM
[ReportManager] Successfully Opened Safari. @08-01-2022 01:58:51.0571 AM
[ReportManager] Initial window size: (800, 600) @08-01-2022 01:58:51.0582 AM
[ReportManager] Window size after SWD Maximize: (1176, 803) @08-01-2022 01:58:51.0634 AM
[ReportManager] Browser Action [MaximizeWindow] successfully performed. With the following test data [New screen size is now: (1176, 803)]. @08-01-2022 01:58:51.0635 AM
[ReportManager] Target URL: [https://www.google.com/ncr], and after redirection: [www.google.com] @08-01-2022 01:58:51.0635 AM
[ReportManager] Initial URL: [] @08-01-2022 01:58:51.0678 AM
[ReportManager] Browser Action [NavigateToURL] successfully performed. With the following test data [https://www.google.com/ncr]. @08-01-2022 01:58:52.0939 A

################################################################################################################################################
Starting Execution:	[35 out of 146] test cases in the current suite
Test Method:		[unitTests.tests_validations_assertions.assertElementAttribute_false_regexComparison_expectedToFail]
################################################################################################################################################
[ReportManager] Element Action [Type] successfully performed. With the following test data [Automation123]. @08-01-2022 01:58:53.0329 AM
[ReportManager] Element Action [GetText] successfully performed. With the following test data [Automation123]. @08-01-2022 01:58:53.0449 AM
[ReportManager] Loaded Shared OpenCV @08-01-2022 01:58:53.0519 AM
[ReportManager] Assertion [ValidateElementAttribute] FAILED. Expected [Value Should not be 'Automation.*' for the 'text' attribute, element locator 'By.name: q'] and Actual [Automation123]. Comparison Type [MATCHES]. Validation Type [NEGATIVE]. @08-01-2022 01:58:53.0634 AM
[ReportManager] Successfully created attachment [Screenshot - 1641607133519_assertElementAttribute_false_regexComparison_expectedToFail_ValidateElementAttribute_failed] @08-01-2022 01:58:53.0635 A
[ReportManager] Browser Action [CloseCurrentWindow] successfully performed. @08-01-2022 01:58:54.0053 AM
[ReportManager] Successfully created attachment [Browser Action Test Data - CloseCurrentWindow - Actual Value] @08-01-2022 01:58:54.0054 A
[ReportManager] File Action [GetAbsolutePath] successfully performed. With the following test data [Relative Folder Path: "target/downloadedFiles/"]. @08-01-2022 01:58:54.0058 AM
[ReportManager] Attempting to run locally on: [Mac-64], [Safari], Headless Execution. @08-01-2022 01:58:54.0058 AM
[ReportManager] Successfully Opened Safari. @08-01-2022 01:58:54.0996 AM
[ReportManager] Initial window size: (800, 600) @08-01-2022 01:58:55.0021 AM
[ReportManager] Window size after SWD Maximize: (1176, 803) @08-01-2022 01:58:55.0041 AM
[ReportManager] Browser Action [MaximizeWindow] successfully performed. With the following test data [New screen size is now: (1176, 803)]. @08-01-2022 01:58:55.0042 AM
[ReportManager] Target URL: [https://www.google.com/ncr], and after redirection: [www.google.com] @08-01-2022 01:58:55.0044 AM
[ReportManager] Initial URL: [] @08-01-2022 01:58:55.0111 AM
[ReportManager] Browser Action [NavigateToURL] successfully performed. With the following test data [https://www.google.com/ncr]. @08-01-2022 01:58:56.0043 A

################################################################################################################################################
Starting Execution:	[36 out of 146] test cases in the current suite
Test Method:		[unitTests.tests_validations_assertions.assertElementAttribute_false_regexComparison_expectedToPass]
################################################################################################################################################
[ReportManager] Element Action [Type] successfully performed. With the following test data [Automation123]. @08-01-2022 01:58:56.0580 AM
[ReportManager] Element Action [GetText] successfully performed. With the following test data [Automation123]. @08-01-2022 01:58:56.0686 AM
[ReportManager] Loaded Shared OpenCV @08-01-2022 01:58:56.0783 AM
[ReportManager] Assertion [ValidateElementAttribute] PASSED. Expected [Value Should not be 'Automation' for the 'text' attribute, element locator 'By.name: q'] and Actual [Automation123]. Comparison Type [MATCHES]. Validation Type [NEGATIVE]. @08-01-2022 01:58:56.0899 AM
[ReportManager] Successfully created attachment [Screenshot - 1641607136783_assertElementAttribute_false_regexComparison_expectedToPass_ValidateElementAttribute_passed] @08-01-2022 01:58:56.0901 A
[ReportManager] Browser Action [CloseCurrentWindow] successfully performed. @08-01-2022 01:58:57.0222 AM
[ReportManager] Successfully created attachment [Browser Action Test Data - CloseCurrentWindow - Actual Value] @08-01-2022 01:58:57.0223 A
[ReportManager] File Action [GetAbsolutePath] successfully performed. With the following test data [Relative Folder Path: "target/downloadedFiles/"]. @08-01-2022 01:58:57.0228 AM
[ReportManager] Attempting to run locally on: [Mac-64], [Safari], Headless Execution. @08-01-2022 01:58:57.0228 AM
[ReportManager] Successfully Opened Safari. @08-01-2022 01:58:58.0181 AM
[ReportManager] Initial window size: (800, 600) @08-01-2022 01:58:58.0215 AM
[ReportManager] Window size after SWD Maximize: (1176, 803) @08-01-2022 01:58:58.0232 AM
[ReportManager] Browser Action [MaximizeWindow] successfully performed. With the following test data [New screen size is now: (1176, 803)]. @08-01-2022 01:58:58.0233 AM
[ReportManager] Target URL: [https://www.google.com/ncr], and after redirection: [www.google.com] @08-01-2022 01:58:58.0233 AM
[ReportManager] Initial URL: [] @08-01-2022 01:58:58.0299 AM
[ReportManager] Browser Action [NavigateToURL] successfully performed. With the following test data [https://www.google.com/ncr]. @08-01-2022 01:58:59.0220 A

################################################################################################################################################
Starting Execution:	[37 out of 146] test cases in the current suite
Test Method:		[unitTests.tests_validations_assertions.assertElementAttribute_true_caseInsensitiveComparison_expectedToFail]
################################################################################################################################################
[ReportManager] Element Action [Type] successfully performed. With the following test data [AUTOMATION]. @08-01-2022 01:59:00.0104 AM
[ReportManager] Element Action [GetText] successfully performed. With the following test data [AUTOMATION]. @08-01-2022 01:59:00.0251 AM
[ReportManager] Loaded Shared OpenCV @08-01-2022 01:59:00.0405 AM
[ReportManager] Assertion [ValidateElementAttribute] FAILED. Expected [Value Should be 'AutomaTion123' for the 'text' attribute, element locator 'By.name: q'] and Actual [AUTOMATION]. Comparison Type [CASE_INSENSITIVE]. Validation Type [POSITIVE]. @08-01-2022 01:59:00.0543 AM
[ReportManager] Successfully created attachment [Screenshot - 1641607140405_assertElementAttribute_true_caseInsensitiveComparison_expectedToFail_ValidateElementAttribute_failed] @08-01-2022 01:59:00.0545 A
[ReportManager] Browser Action [CloseCurrentWindow] successfully performed. @08-01-2022 01:59:00.0761 AM
[ReportManager] Successfully created attachment [Browser Action Test Data - CloseCurrentWindow - Actual Value] @08-01-2022 01:59:00.0762 A
[ReportManager] File Action [GetAbsolutePath] successfully performed. With the following test data [Relative Folder Path: "target/downloadedFiles/"]. @08-01-2022 01:59:00.0767 AM
[ReportManager] Attempting to run locally on: [Mac-64], [Safari], Headless Execution. @08-01-2022 01:59:00.0767 AM
[ReportManager] Successfully Opened Safari. @08-01-2022 01:59:01.0694 AM
[ReportManager] Initial window size: (800, 600) @08-01-2022 01:59:01.0730 AM
[ReportManager] Window size after SWD Maximize: (1176, 803) @08-01-2022 01:59:01.0766 AM
[ReportManager] Browser Action [MaximizeWindow] successfully performed. With the following test data [New screen size is now: (1176, 803)]. @08-01-2022 01:59:01.0767 AM
[ReportManager] Target URL: [https://www.google.com/ncr], and after redirection: [www.google.com] @08-01-2022 01:59:01.0767 AM
[ReportManager] Initial URL: [] @08-01-2022 01:59:01.0809 AM
[ReportManager] Browser Action [NavigateToURL] successfully performed. With the following test data [https://www.google.com/ncr]. @08-01-2022 01:59:03.0153 A

################################################################################################################################################
Starting Execution:	[38 out of 146] test cases in the current suite
Test Method:		[unitTests.tests_validations_assertions.assertElementAttribute_true_caseInsensitiveComparison_expectedToPass]
################################################################################################################################################
[ReportManager] Element Action [Type] successfully performed. With the following test data [AUTOMATION]. @08-01-2022 01:59:03.0950 AM
[ReportManager] Element Action [GetText] successfully performed. With the following test data [AUTOMATION]. @08-01-2022 01:59:04.0064 AM
[ReportManager] Loaded Shared OpenCV @08-01-2022 01:59:04.0155 AM
[ReportManager] Assertion [ValidateElementAttribute] PASSED. Expected [Value Should be 'AutomaTion' for the 'text' attribute, element locator 'By.name: q'] and Actual [AUTOMATION]. Comparison Type [CASE_INSENSITIVE]. Validation Type [POSITIVE]. @08-01-2022 01:59:04.0323 AM
[ReportManager] Successfully created attachment [Screenshot - 1641607144155_assertElementAttribute_true_caseInsensitiveComparison_expectedToPass_ValidateElementAttribute_passed] @08-01-2022 01:59:04.0326 A
[ReportManager] Browser Action [CloseCurrentWindow] successfully performed. @08-01-2022 01:59:04.0632 AM
[ReportManager] Successfully created attachment [Browser Action Test Data - CloseCurrentWindow - Actual Value] @08-01-2022 01:59:04.0638 A
[ReportManager] File Action [GetAbsolutePath] successfully performed. With the following test data [Relative Folder Path: "target/downloadedFiles/"]. @08-01-2022 01:59:04.0645 AM
[ReportManager] Attempting to run locally on: [Mac-64], [Safari], Headless Execution. @08-01-2022 01:59:04.0645 AM
[ReportManager] Successfully Opened Safari. @08-01-2022 01:59:05.0547 AM
[ReportManager] Initial window size: (800, 600) @08-01-2022 01:59:05.0640 AM
[ReportManager] Window size after SWD Maximize: (1176, 803) @08-01-2022 01:59:05.0687 AM
[ReportManager] Browser Action [MaximizeWindow] successfully performed. With the following test data [New screen size is now: (1176, 803)]. @08-01-2022 01:59:05.0687 AM
[ReportManager] Target URL: [https://www.google.com/ncr], and after redirection: [www.google.com] @08-01-2022 01:59:05.0687 AM
[ReportManager] Initial URL: [] @08-01-2022 01:59:05.0730 AM
[ReportManager] Browser Action [NavigateToURL] successfully performed. With the following test data [https://www.google.com/ncr]. @08-01-2022 01:59:06.0742 A

################################################################################################################################################
Starting Execution:	[39 out of 146] test cases in the current suite
Test Method:		[unitTests.tests_validations_assertions.assertElementAttribute_true_containsComparison_expectedToFail]
################################################################################################################################################
[ReportManager] Element Action [Type] successfully performed. With the following test data [Automation123]. @08-01-2022 01:59:07.0319 AM
[ReportManager] Element Action [GetText] successfully performed. With the following test data [Automation123]. @08-01-2022 01:59:07.0445 AM
[ReportManager] Loaded Shared OpenCV @08-01-2022 01:59:07.0517 AM
[ReportManager] Assertion [ValidateElementAttribute] FAILED. Expected [Value Should be 'Automation1234' for the 'text' attribute, element locator 'By.name: q'] and Actual [Automation123]. Comparison Type [CONTAINS]. Validation Type [POSITIVE]. @08-01-2022 01:59:07.0695 AM
[ReportManager] Successfully created attachment [Screenshot - 1641607147517_assertElementAttribute_true_containsComparison_expectedToFail_ValidateElementAttribute_failed] @08-01-2022 01:59:07.0697 A
[ReportManager] Browser Action [CloseCurrentWindow] successfully performed. @08-01-2022 01:59:08.0151 AM
[ReportManager] Successfully created attachment [Browser Action Test Data - CloseCurrentWindow - Actual Value] @08-01-2022 01:59:08.0152 A
[ReportManager] File Action [GetAbsolutePath] successfully performed. With the following test data [Relative Folder Path: "target/downloadedFiles/"]. @08-01-2022 01:59:08.0155 AM
[ReportManager] Attempting to run locally on: [Mac-64], [Safari], Headless Execution. @08-01-2022 01:59:08.0155 AM
[ReportManager] Successfully Opened Safari. @08-01-2022 01:59:09.0057 AM
[ReportManager] Initial window size: (800, 600) @08-01-2022 01:59:09.0072 AM
[ReportManager] Window size after SWD Maximize: (1176, 803) @08-01-2022 01:59:09.0094 AM
[ReportManager] Browser Action [MaximizeWindow] successfully performed. With the following test data [New screen size is now: (1176, 803)]. @08-01-2022 01:59:09.0094 AM
[ReportManager] Target URL: [https://www.google.com/ncr], and after redirection: [www.google.com] @08-01-2022 01:59:09.0094 AM
[ReportManager] Initial URL: [] @08-01-2022 01:59:09.0215 AM
[ReportManager] Browser Action [NavigateToURL] successfully performed. With the following test data [https://www.google.com/ncr]. @08-01-2022 01:59:10.0537 A

################################################################################################################################################
Starting Execution:	[40 out of 146] test cases in the current suite
Test Method:		[unitTests.tests_validations_assertions.assertElementAttribute_true_containsComparison_expectedToPass]
################################################################################################################################################
[ReportManager] Element Action [Type] successfully performed. With the following test data [Automation123]. @08-01-2022 01:59:10.0874 AM
[ReportManager] Element Action [GetText] successfully performed. With the following test data [Automation123]. @08-01-2022 01:59:10.0971 AM
[ReportManager] Loaded Shared OpenCV @08-01-2022 01:59:11.0036 AM
[ReportManager] Assertion [ValidateElementAttribute] PASSED. Expected [Value Should be 'Automation' for the 'text' attribute, element locator 'By.name: q'] and Actual [Automation123]. Comparison Type [CONTAINS]. Validation Type [POSITIVE]. @08-01-2022 01:59:11.0175 AM
[ReportManager] Successfully created attachment [Screenshot - 1641607151036_assertElementAttribute_true_containsComparison_expectedToPass_ValidateElementAttribute_passed] @08-01-2022 01:59:11.0177 A
[ReportManager] Browser Action [CloseCurrentWindow] successfully performed. @08-01-2022 01:59:11.0676 AM
[ReportManager] Successfully created attachment [Browser Action Test Data - CloseCurrentWindow - Actual Value] @08-01-2022 01:59:11.0677 A
[ReportManager] File Action [GetAbsolutePath] successfully performed. With the following test data [Relative Folder Path: "target/downloadedFiles/"]. @08-01-2022 01:59:11.0680 AM
[ReportManager] Attempting to run locally on: [Mac-64], [Safari], Headless Execution. @08-01-2022 01:59:11.0680 AM
[ReportManager] Successfully Opened Safari. @08-01-2022 01:59:12.0674 AM
[ReportManager] Initial window size: (800, 600) @08-01-2022 01:59:12.0706 AM
[ReportManager] Window size after SWD Maximize: (1176, 803) @08-01-2022 01:59:12.0741 AM
[ReportManager] Browser Action [MaximizeWindow] successfully performed. With the following test data [New screen size is now: (1176, 803)]. @08-01-2022 01:59:12.0742 AM
[ReportManager] Target URL: [https://www.google.com/ncr], and after redirection: [www.google.com] @08-01-2022 01:59:12.0742 AM
[ReportManager] Initial URL: [] @08-01-2022 01:59:12.0808 AM
[ReportManager] Browser Action [NavigateToURL] successfully performed. With the following test data [https://www.google.com/ncr]. @08-01-2022 01:59:13.0739 A

################################################################################################################################################
Starting Execution:	[41 out of 146] test cases in the current suite
Test Method:		[unitTests.tests_validations_assertions.assertElementAttribute_true_literalComparison_expectedToFail]
################################################################################################################################################
[ReportManager] Element Action [Type] successfully performed. With the following test data [Automation!@#$%^&*()_+{}[]\';/.,]. @08-01-2022 01:59:15.0023 AM
[ReportManager] Element Action [GetText] successfully performed. With the following test data [Automation!@#$%^&*()_+{}[]\';/.,]. @08-01-2022 01:59:15.0142 AM
[ReportManager] Loaded Shared OpenCV @08-01-2022 01:59:15.0214 AM
[ReportManager] Assertion [ValidateElementAttribute] FAILED. Expected [Value Should be 'Automation' for the 'text' attribute, element locator 'By.name: q'] and Actual [Automation!@#$%^&*()_+{}[]\';/.,]. Comparison Type [EQUALS]. Validation Type [POSITIVE]. @08-01-2022 01:59:15.0326 AM
[ReportManager] Successfully created attachment [Screenshot - 1641607155214_assertElementAttribute_true_literalComparison_expectedToFail_ValidateElementAttribute_failed] @08-01-2022 01:59:15.0328 A
[ReportManager] Browser Action [CloseCurrentWindow] successfully performed. @08-01-2022 01:59:15.0736 AM
[ReportManager] Successfully created attachment [Browser Action Test Data - CloseCurrentWindow - Actual Value] @08-01-2022 01:59:15.0737 A
[ReportManager] File Action [GetAbsolutePath] successfully performed. With the following test data [Relative Folder Path: "target/downloadedFiles/"]. @08-01-2022 01:59:15.0741 AM
[ReportManager] Attempting to run locally on: [Mac-64], [Safari], Headless Execution. @08-01-2022 01:59:15.0741 AM
[ReportManager] Successfully Opened Safari. @08-01-2022 01:59:16.0607 AM
[ReportManager] Initial window size: (800, 600) @08-01-2022 01:59:16.0630 AM
[ReportManager] Window size after SWD Maximize: (1176, 803) @08-01-2022 01:59:16.0660 AM
[ReportManager] Browser Action [MaximizeWindow] successfully performed. With the following test data [New screen size is now: (1176, 803)]. @08-01-2022 01:59:16.0660 AM
[ReportManager] Target URL: [https://www.google.com/ncr], and after redirection: [www.google.com] @08-01-2022 01:59:16.0661 AM
[ReportManager] Initial URL: [] @08-01-2022 01:59:16.0700 AM
[ReportManager] Browser Action [NavigateToURL] successfully performed. With the following test data [https://www.google.com/ncr]. @08-01-2022 01:59:17.0585 A

################################################################################################################################################
Starting Execution:	[42 out of 146] test cases in the current suite
Test Method:		[unitTests.tests_validations_assertions.assertElementAttribute_true_literalComparison_expectedToPass]
################################################################################################################################################
[ReportManager] Element Action [Type] successfully performed. With the following test data [Automation!@#$%^&*()_+{}[]\';/.,]. @08-01-2022 01:59:19.0810 AM
[ReportManager] Element Action [GetText] successfully performed. With the following test data [Automation!@#$%^&*()_+{}[]\';/.,]. @08-01-2022 01:59:19.0944 AM
[ReportManager] Loaded Shared OpenCV @08-01-2022 01:59:20.0026 AM
[ReportManager] Assertion [ValidateElementAttribute] PASSED. Expected [Value Should be 'Automation!@#$%^&*()_+{}[]\';/.,' for the 'text' attribute, element locator 'By.name: q'] and Actual [Automation!@#$%^&*()_+{}[]\';/.,]. Comparison Type [EQUALS]. Validation Type [POSITIVE]. @08-01-2022 01:59:20.0197 AM
[ReportManager] Successfully created attachment [Screenshot - 1641607160026_assertElementAttribute_true_literalComparison_expectedToPass_ValidateElementAttribute_passed] @08-01-2022 01:59:20.0198 A
[ReportManager] Browser Action [CloseCurrentWindow] successfully performed. @08-01-2022 01:59:20.0553 AM
[ReportManager] Successfully created attachment [Browser Action Test Data - CloseCurrentWindow - Actual Value] @08-01-2022 01:59:20.0596 A
[ReportManager] File Action [GetAbsolutePath] successfully performed. With the following test data [Relative Folder Path: "target/downloadedFiles/"]. @08-01-2022 01:59:20.0600 AM
[ReportManager] Attempting to run locally on: [Mac-64], [Safari], Headless Execution. @08-01-2022 01:59:20.0600 AM
[ReportManager] Successfully Opened Safari. @08-01-2022 01:59:21.0482 AM
[ReportManager] Initial window size: (800, 600) @08-01-2022 01:59:21.0519 AM
[ReportManager] Window size after SWD Maximize: (1176, 803) @08-01-2022 01:59:21.0542 AM
[ReportManager] Browser Action [MaximizeWindow] successfully performed. With the following test data [New screen size is now: (1176, 803)]. @08-01-2022 01:59:21.0544 AM
[ReportManager] Target URL: [https://www.google.com/ncr], and after redirection: [www.google.com] @08-01-2022 01:59:21.0544 AM
[ReportManager] Initial URL: [] @08-01-2022 01:59:21.0687 AM
[ReportManager] Browser Action [NavigateToURL] successfully performed. With the following test data [https://www.google.com/ncr]. @08-01-2022 01:59:22.0782 A

################################################################################################################################################
Starting Execution:	[43 out of 146] test cases in the current suite
Test Method:		[unitTests.tests_validations_assertions.assertElementAttribute_true_regexComparison_expectedToFail]
################################################################################################################################################
[ReportManager] Element Action [Type] successfully performed. With the following test data [Automation123]. @08-01-2022 01:59:23.0283 AM
[ReportManager] Element Action [GetText] successfully performed. With the following test data [Automation123]. @08-01-2022 01:59:23.0442 AM
[ReportManager] Loaded Shared OpenCV @08-01-2022 01:59:23.0531 AM
[ReportManager] Assertion [ValidateElementAttribute] FAILED. Expected [Value Should be 'Automation' for the 'text' attribute, element locator 'By.name: q'] and Actual [Automation123]. Comparison Type [MATCHES]. Validation Type [POSITIVE]. @08-01-2022 01:59:23.0640 AM
[ReportManager] Successfully created attachment [Screenshot - 1641607163531_assertElementAttribute_true_regexComparison_expectedToFail_ValidateElementAttribute_failed] @08-01-2022 01:59:23.0644 A
[ReportManager] Browser Action [CloseCurrentWindow] successfully performed. @08-01-2022 01:59:24.0082 AM
[ReportManager] Successfully created attachment [Browser Action Test Data - CloseCurrentWindow - Actual Value] @08-01-2022 01:59:24.0082 A
[ReportManager] File Action [GetAbsolutePath] successfully performed. With the following test data [Relative Folder Path: "target/downloadedFiles/"]. @08-01-2022 01:59:24.0087 AM
[ReportManager] Attempting to run locally on: [Mac-64], [Safari], Headless Execution. @08-01-2022 01:59:24.0087 AM
[ReportManager] Successfully Opened Safari. @08-01-2022 01:59:24.0929 AM
[ReportManager] Initial window size: (800, 600) @08-01-2022 01:59:24.0951 AM
[ReportManager] Window size after SWD Maximize: (1176, 803) @08-01-2022 01:59:24.0968 AM
[ReportManager] Browser Action [MaximizeWindow] successfully performed. With the following test data [New screen size is now: (1176, 803)]. @08-01-2022 01:59:24.0968 AM
[ReportManager] Target URL: [https://www.google.com/ncr], and after redirection: [www.google.com] @08-01-2022 01:59:24.0968 AM
[ReportManager] Initial URL: [] @08-01-2022 01:59:25.0024 AM
[ReportManager] Browser Action [NavigateToURL] successfully performed. With the following test data [https://www.google.com/ncr]. @08-01-2022 01:59:26.0491 A

################################################################################################################################################
Starting Execution:	[44 out of 146] test cases in the current suite
Test Method:		[unitTests.tests_validations_assertions.assertElementAttribute_true_regexComparison_expectedToPass]
################################################################################################################################################
[ReportManager] Element Action [Type] successfully performed. With the following test data [Automation123]. @08-01-2022 01:59:26.0800 AM
[ReportManager] Element Action [GetText] successfully performed. With the following test data [Automation123]. @08-01-2022 01:59:26.0893 AM
[ReportManager] Loaded Shared OpenCV @08-01-2022 01:59:26.0961 AM
[ReportManager] Assertion [ValidateElementAttribute] PASSED. Expected [Value Should be 'Automation.*' for the 'text' attribute, element locator 'By.name: q'] and Actual [Automation123]. Comparison Type [MATCHES]. Validation Type [POSITIVE]. @08-01-2022 01:59:27.0051 AM
[ReportManager] Successfully created attachment [Screenshot - 1641607166961_assertElementAttribute_true_regexComparison_expectedToPass_ValidateElementAttribute_passed] @08-01-2022 01:59:27.0053 A
[ReportManager] Browser Action [CloseCurrentWindow] successfully performed. @08-01-2022 01:59:27.0312 AM
[ReportManager] Successfully created attachment [Browser Action Test Data - CloseCurrentWindow - Actual Value] @08-01-2022 01:59:27.0313 A
[ReportManager] File Action [GetAbsolutePath] successfully performed. With the following test data [Relative Folder Path: "target/downloadedFiles/"]. @08-01-2022 01:59:27.0318 AM
[ReportManager] Attempting to run locally on: [Mac-64], [Safari], Headless Execution. @08-01-2022 01:59:27.0318 AM
[ReportManager] Successfully Opened Safari. @08-01-2022 01:59:28.0221 AM
[ReportManager] Initial window size: (800, 600) @08-01-2022 01:59:28.0227 AM
[ReportManager] Window size after SWD Maximize: (1176, 803) @08-01-2022 01:59:28.0260 AM
[ReportManager] Browser Action [MaximizeWindow] successfully performed. With the following test data [New screen size is now: (1176, 803)]. @08-01-2022 01:59:28.0260 AM
[ReportManager] Target URL: [https://www.google.com/ncr], and after redirection: [www.google.com] @08-01-2022 01:59:28.0260 AM
[ReportManager] Initial URL: [] @08-01-2022 01:59:28.0295 AM
[ReportManager] Browser Action [NavigateToURL] successfully performed. With the following test data [https://www.google.com/ncr]. @08-01-2022 01:59:29.0782 A

################################################################################################################################################
Starting Execution:	[45 out of 146] test cases in the current suite
Test Method:		[unitTests.tests_validations_assertions.assertElementAttribute_type_true_literalComparison_expectedToPass]
################################################################################################################################################
[ReportManager] Element Action [Type] successfully performed. With the following test data [Automation!@#$%^&*()_+{}[]\';/.,]. @08-01-2022 01:59:30.0885 AM
[ReportManager] Element Action [GetText] successfully performed. With the following test data [Automation!@#$%^&*()_+{}[]\';/.,]. @08-01-2022 01:59:30.0942 AM
[ReportManager] Loaded Shared OpenCV @08-01-2022 01:59:31.0002 AM
[ReportManager] Assertion [ValidateElementAttribute] PASSED. Expected [Value Should be 'Automation!@#$%^&*()_+{}[]\';/.,' for the 'text' attribute, element locator 'By.name: q'] and Actual [Automation!@#$%^&*()_+{}[]\';/.,]. Comparison Type [EQUALS]. Validation Type [POSITIVE]. @08-01-2022 01:59:31.0099 AM
[ReportManager] Successfully created attachment [Screenshot - 1641607171002_assertElementAttribute_type_true_literalComparison_expectedToPass_ValidateElementAttribute_passed] @08-01-2022 01:59:31.0100 A
[ReportManager] Browser Action [CloseCurrentWindow] successfully performed. @08-01-2022 01:59:31.0347 AM
[ReportManager] Successfully created attachment [Browser Action Test Data - CloseCurrentWindow - Actual Value] @08-01-2022 01:59:31.0348 A
[ReportManager] File Action [GetAbsolutePath] successfully performed. With the following test data [Relative Folder Path: "target/downloadedFiles/"]. @08-01-2022 01:59:31.0352 AM
[ReportManager] Attempting to run locally on: [Mac-64], [Safari], Headless Execution. @08-01-2022 01:59:31.0352 AM
[ReportManager] Successfully Opened Safari. @08-01-2022 01:59:32.0202 AM
[ReportManager] Initial window size: (800, 600) @08-01-2022 01:59:32.0229 AM
[ReportManager] Window size after SWD Maximize: (1176, 803) @08-01-2022 01:59:32.0260 AM
[ReportManager] Browser Action [MaximizeWindow] successfully performed. With the following test data [New screen size is now: (1176, 803)]. @08-01-2022 01:59:32.0261 AM
[ReportManager] Target URL: [https://www.google.com/ncr], and after redirection: [www.google.com] @08-01-2022 01:59:32.0261 AM
[ReportManager] Initial URL: [] @08-01-2022 01:59:32.0340 AM
[ReportManager] Browser Action [NavigateToURL] successfully performed. With the following test data [https://www.google.com/ncr]. @08-01-2022 01:59:33.0215 A

################################################################################################################################################
Starting Execution:	[46 out of 146] test cases in the current suite
Test Method:		[unitTests.tests_validations_assertions.assertElementExists_false_expectedToFail]
################################################################################################################################################
[ReportManager] org.openqa.selenium.TimeoutException:
Expected condition failed: waiting for com.shaft.gui.element.ElementActionsHelper$$Lambda$674/0x0000000801109710@435b70b (tried for 5 second(s) with 1000 milliseconds interval)
org.openqa.selenium.support.ui.FluentWait.timeoutException(FluentWait.java:263)
org.openqa.selenium.support.ui.FluentWait.until(FluentWait.java:231)
com.shaft.gui.element.ElementActionsHelper.waitForElementPresence(ElementActionsHelper.java:63)
com.shaft.gui.element.ElementActionsHelper.waitForElementPresence(ElementActionsHelper.java:37)
com.shaft.gui.element.WebDriverElementActions.getMatchingElementsCount(WebDriverElementActions.java:1468)
com.shaft.gui.element.WebDriverElementActions.getElementsCount(WebDriverElementActions.java:559)
com.shaft.gui.element.ElementActions.getElementsCount(ElementActions.java:261)
com.shaft.validation.ValidationsHelper.validateElementExists(ValidationsHelper.java:149)
com.shaft.validation.Assertions.assertElementExists(Assertions.java:118)
unitTests.tests_validations_assertions.assertElementExists_false_expectedToFail(tests_validations_assertions.java:192)
java.base/jdk.internal.reflect.NativeMethodAccessorImpl.invoke0(Native Method)
java.base/jdk.internal.reflect.NativeMethodAccessorImpl.invoke(NativeMethodAccessorImpl.java:77)
java.base/jdk.internal.reflect.DelegatingMethodAccessorImpl.invoke(DelegatingMethodAccessorImpl.java:43)
java.base/java.lang.reflect.Method.invoke(Method.java:568)
org.testng.internal.invokers.MethodInvocationHelper.invokeMethod(MethodInvocationHelper.java:135)
org.testng.internal.invokers.TestInvoker.invokeMethod(TestInvoker.java:673)
org.testng.internal.invokers.TestInvoker.invokeTestMethod(TestInvoker.java:220)
org.testng.internal.invokers.MethodRunner.runInSequence(MethodRunner.java:50)
org.testng.internal.invokers.TestInvoker$MethodInvocationAgent.invoke(TestInvoker.java:945)
org.testng.internal.invokers.TestInvoker.invokeTestMethods(TestInvoker.java:193)
org.testng.internal.invokers.TestMethodWorker.invokeTestMethods(TestMethodWorker.java:146)
org.testng.internal.invokers.TestMethodWorker.run(TestMethodWorker.java:128)
java.base/java.util.ArrayList.forEach(ArrayList.java:1511)
org.testng.TestRunner.privateRun(TestRunner.java:808)
org.testng.TestRunner.run(TestRunner.java:603)
org.testng.SuiteRunner.runTest(SuiteRunner.java:429)
org.testng.SuiteRunner.runSequentially(SuiteRunner.java:423)
org.testng.SuiteRunner.privateRun(SuiteRunner.java:383)
org.testng.SuiteRunner.run(SuiteRunner.java:326)
org.testng.SuiteRunnerWorker.runSuite(SuiteRunnerWorker.java:52)
org.testng.SuiteRunnerWorker.run(SuiteRunnerWorker.java:95)
org.testng.TestNG.runSuitesSequentially(TestNG.java:1249)
org.testng.TestNG.runSuitesLocally(TestNG.java:1169)
org.testng.TestNG.runSuites(TestNG.java:1092)
org.testng.TestNG.run(TestNG.java:1060)
org.apache.maven.surefire.testng.TestNGExecutor.run(TestNGExecutor.java:136)
org.apache.maven.surefire.testng.TestNGDirectoryTestSuite.executeMulti(TestNGDirectoryTestSuite.java:193)
org.apache.maven.surefire.testng.TestNGDirectoryTestSuite.execute(TestNGDirectoryTestSuite.java:94)
org.apache.maven.surefire.testng.TestNGProvider.invoke(TestNGProvider.java:145)
org.apache.maven.surefire.booter.ForkedBooter.runSuitesInProcess(ForkedBooter.java:428)
org.apache.maven.surefire.booter.ForkedBooter.execute(ForkedBooter.java:162)
org.apache.maven.surefire.booter.ForkedBooter.run(ForkedBooter.java:562)
org.apache.maven.surefire.booter.ForkedBooter.main(ForkedBooter.java:548)

Caused by: org.openqa.selenium.NoSuchElementException:
For documentation on this error, please visit: https://selenium.dev/exceptions/#no_such_element
Build info: version: '4.1.1', revision: 'e8fcc2cecf'
System info: host: 'Mac-1641606565351.local', ip: '10.212.20.224', os.name: 'Mac OS X', os.arch: 'x86_64', os.version: '11.5', java.version: '17.0.1'
Driver info: org.openqa.selenium.safari.SafariDriver
Command: [19058C25-D10D-4850-B68C-6AF6B25B0940, findElement {using=id, value=hplogo}]
Capabilities {acceptInsecureCerts: false, browserName: Safari, browserVersion: 15.2, goog:loggingPrefs: {browser: ALL, client: ALL, driver: ALL, performance: ALL, profiler: ALL, server: ALL}, javascriptEnabled: true, pageLoadStrategy: normal, platform: MAC, platformName: MAC, safari:automaticInspection: false, safari:automaticProfiling: false, safari:diagnose: false, safari:platformBuildVersion: 20G314, safari:platformVersion: 11.6.2, safari:useSimulator: false, setWindowRect: true, strictFileInteractability: false, timeouts: {pageLoad: 30000, script: 30000}, webkit:WebRTC: {DisableICECandidateFiltering: false, DisableInsecureMediaCapture: false}}
Session ID: 19058C25-D10D-4850-B68C-6AF6B25B0940
java.base/jdk.internal.reflect.NativeConstructorAccessorImpl.newInstance0(Native Method)
java.base/jdk.internal.reflect.NativeConstructorAccessorImpl.newInstance(NativeConstructorAccessorImpl.java:77)
java.base/jdk.internal.reflect.DelegatingConstructorAccessorImpl.newInstance(DelegatingConstructorAccessorImpl.java:45)
java.base/java.lang.reflect.Constructor.newInstanceWithCaller(Constructor.java:499)
java.base/java.lang.reflect.Constructor.newInstance(Constructor.java:480)
org.openqa.selenium.remote.codec.w3c.W3CHttpResponseCodec.createException(W3CHttpResponseCodec.java:200)
org.openqa.selenium.remote.codec.w3c.W3CHttpResponseCodec.decode(W3CHttpResponseCodec.java:133)
org.openqa.selenium.remote.codec.w3c.W3CHttpResponseCodec.decode(W3CHttpResponseCodec.java:53)
org.openqa.selenium.remote.HttpCommandExecutor.execute(HttpCommandExecutor.java:184)
org.openqa.selenium.remote.service.DriverCommandExecutor.invokeExecute(DriverCommandExecutor.java:167)
org.openqa.selenium.remote.service.DriverCommandExecutor.execute(DriverCommandExecutor.java:142)
org.openqa.selenium.remote.RemoteWebDriver.execute(RemoteWebDriver.java:543)
org.openqa.selenium.remote.ElementLocation$ElementFinder$2.findElement(ElementLocation.java:162)
org.openqa.selenium.remote.ElementLocation.findElement(ElementLocation.java:60)
org.openqa.selenium.remote.RemoteWebDriver.findElement(RemoteWebDriver.java:367)
org.openqa.selenium.remote.RemoteWebDriver.findElement(RemoteWebDriver.java:359)
com.shaft.gui.element.ElementActionsHelper.lambda$waitForElementPresence$0(ElementActionsHelper.java:66)
org.openqa.selenium.support.ui.FluentWait.until(FluentWait.java:208)
com.shaft.gui.element.ElementActionsHelper.waitForElementPresence(ElementActionsHelper.java:63)
com.shaft.gui.element.ElementActionsHelper.waitForElementPresence(ElementActionsHelper.java:37)
com.shaft.gui.element.WebDriverElementActions.getMatchingElementsCount(WebDriverElementActions.java:1468)
com.shaft.gui.element.WebDriverElementActions.getElementsCount(WebDriverElementActions.java:559)
com.shaft.gui.element.ElementActions.getElementsCount(ElementActions.java:261)
com.shaft.validation.ValidationsHelper.validateElementExists(ValidationsHelper.java:149)
com.shaft.validation.Assertions.assertElementExists(Assertions.java:118)
unitTests.tests_validations_assertions.assertElementExists_false_expectedToFail(tests_validations_assertions.java:192)
java.base/jdk.internal.reflect.NativeMethodAccessorImpl.invoke0(Native Method)
java.base/jdk.internal.reflect.NativeMethodAccessorImpl.invoke(NativeMethodAccessorImpl.java:77)
java.base/jdk.internal.reflect.DelegatingMethodAccessorImpl.invoke(DelegatingMethodAccessorImpl.java:43)
java.base/java.lang.reflect.Method.invoke(Method.java:568)
org.testng.internal.invokers.MethodInvocationHelper.invokeMethod(MethodInvocationHelper.java:135)
org.testng.internal.invokers.TestInvoker.invokeMethod(TestInvoker.java:673)
org.testng.internal.invokers.TestInvoker.invokeTestMethod(TestInvoker.java:220)
org.testng.internal.invokers.MethodRunner.runInSequence(MethodRunner.java:50)
org.testng.internal.invokers.TestInvoker$MethodInvocationAgent.invoke(TestInvoker.java:945)
org.testng.internal.invokers.TestInvoker.invokeTestMethods(TestInvoker.java:193)
org.testng.internal.invokers.TestMethodWorker.invokeTestMethods(TestMethodWorker.java:146)
org.testng.internal.invokers.TestMethodWorker.run(TestMethodWorker.java:128)
java.base/java.util.ArrayList.forEach(ArrayList.java:1511)
org.testng.TestRunner.privateRun(TestRunner.java:808)
org.testng.TestRunner.run(TestRunner.java:603)
org.testng.SuiteRunner.runTest(SuiteRunner.java:429)
org.testng.SuiteRunner.runSequentially(SuiteRunner.java:423)
org.testng.SuiteRunner.privateRun(SuiteRunner.java:383)
org.testng.SuiteRunner.run(SuiteRunner.java:326)
org.testng.SuiteRunnerWorker.runSuite(SuiteRunnerWorker.java:52)
org.testng.SuiteRunnerWorker.run(SuiteRunnerWorker.java:95)
org.testng.TestNG.runSuitesSequentially(TestNG.java:1249)
org.testng.TestNG.runSuitesLocally(TestNG.java:1169)
org.testng.TestNG.runSuites(TestNG.java:1092)
org.testng.TestNG.run(TestNG.java:1060)
org.apache.maven.surefire.testng.TestNGExecutor.run(TestNGExecutor.java:136)
org.apache.maven.surefire.testng.TestNGDirectoryTestSuite.executeMulti(TestNGDirectoryTestSuite.java:193)
org.apache.maven.surefire.testng.TestNGDirectoryTestSuite.execute(TestNGDirectoryTestSuite.java:94)
org.apache.maven.surefire.testng.TestNGProvider.invoke(TestNGProvider.java:145)
org.apache.maven.surefire.booter.ForkedBooter.runSuitesInProcess(ForkedBooter.java:428)
org.apache.maven.surefire.booter.ForkedBooter.execute(ForkedBooter.java:162)
org.apache.maven.surefire.booter.ForkedBooter.run(ForkedBooter.java:562)
org.apache.maven.surefire.booter.ForkedBooter.main(ForkedBooter.java:548) @08-01-2022 01:59:38.0839 AM
[ReportManager] org.openqa.selenium.TimeoutException:
Expected condition failed: waiting for com.shaft.gui.element.ElementActionsHelper$$Lambda$674/0x0000000801109710@753e5e51 (tried for 5 second(s) with 1000 milliseconds interval)
org.openqa.selenium.support.ui.FluentWait.timeoutException(FluentWait.java:263)
org.openqa.selenium.support.ui.FluentWait.until(FluentWait.java:231)
com.shaft.gui.element.ElementActionsHelper.waitForElementPresence(ElementActionsHelper.java:63)
com.shaft.gui.element.ElementActionsHelper.waitForElementPresence(ElementActionsHelper.java:37)
com.shaft.gui.element.WebDriverElementActions.getMatchingElementsCount(WebDriverElementActions.java:1468)
com.shaft.gui.element.WebDriverElementActions.getElementsCount(WebDriverElementActions.java:559)
com.shaft.gui.element.ElementActions.getElementsCount(ElementActions.java:261)
com.shaft.gui.image.ScreenshotManager.internalCaptureScreenShot(ScreenshotManager.java:394)
com.shaft.gui.image.ScreenshotManager.captureScreenShot(ScreenshotManager.java:141)
com.shaft.validation.ValidationsHelper.reportValidationState(ValidationsHelper.java:823)
com.shaft.validation.ValidationsHelper.pass(ValidationsHelper.java:564)
com.shaft.validation.ValidationsHelper.validateElementExists(ValidationsHelper.java:166)
com.shaft.validation.Assertions.assertElementExists(Assertions.java:118)
unitTests.tests_validations_assertions.assertElementExists_false_expectedToFail(tests_validations_assertions.java:192)
java.base/jdk.internal.reflect.NativeMethodAccessorImpl.invoke0(Native Method)
java.base/jdk.internal.reflect.NativeMethodAccessorImpl.invoke(NativeMethodAccessorImpl.java:77)
java.base/jdk.internal.reflect.DelegatingMethodAccessorImpl.invoke(DelegatingMethodAccessorImpl.java:43)
java.base/java.lang.reflect.Method.invoke(Method.java:568)
org.testng.internal.invokers.MethodInvocationHelper.invokeMethod(MethodInvocationHelper.java:135)
org.testng.internal.invokers.TestInvoker.invokeMethod(TestInvoker.java:673)
org.testng.internal.invokers.TestInvoker.invokeTestMethod(TestInvoker.java:220)
org.testng.internal.invokers.MethodRunner.runInSequence(MethodRunner.java:50)
org.testng.internal.invokers.TestInvoker$MethodInvocationAgent.invoke(TestInvoker.java:945)
org.testng.internal.invokers.TestInvoker.invokeTestMethods(TestInvoker.java:193)
org.testng.internal.invokers.TestMethodWorker.invokeTestMethods(TestMethodWorker.java:146)
org.testng.internal.invokers.TestMethodWorker.run(TestMethodWorker.java:128)
java.base/java.util.ArrayList.forEach(ArrayList.java:1511)
org.testng.TestRunner.privateRun(TestRunner.java:808)
org.testng.TestRunner.run(TestRunner.java:603)
org.testng.SuiteRunner.runTest(SuiteRunner.java:429)
org.testng.SuiteRunner.runSequentially(SuiteRunner.java:423)
org.testng.SuiteRunner.privateRun(SuiteRunner.java:383)
org.testng.SuiteRunner.run(SuiteRunner.java:326)
org.testng.SuiteRunnerWorker.runSuite(SuiteRunnerWorker.java:52)
org.testng.SuiteRunnerWorker.run(SuiteRunnerWorker.java:95)
org.testng.TestNG.runSuitesSequentially(TestNG.java:1249)
org.testng.TestNG.runSuitesLocally(TestNG.java:1169)
org.testng.TestNG.runSuites(TestNG.java:1092)
org.testng.TestNG.run(TestNG.java:1060)
org.apache.maven.surefire.testng.TestNGExecutor.run(TestNGExecutor.java:136)
org.apache.maven.surefire.testng.TestNGDirectoryTestSuite.executeMulti(TestNGDirectoryTestSuite.java:193)
org.apache.maven.surefire.testng.TestNGDirectoryTestSuite.execute(TestNGDirectoryTestSuite.java:94)
org.apache.maven.surefire.testng.TestNGProvider.invoke(TestNGProvider.java:145)
org.apache.maven.surefire.booter.ForkedBooter.runSuitesInProcess(ForkedBooter.java:428)
org.apache.maven.surefire.booter.ForkedBooter.execute(ForkedBooter.java:162)
org.apache.maven.surefire.booter.ForkedBooter.run(ForkedBooter.java:562)
org.apache.maven.surefire.booter.ForkedBooter.main(ForkedBooter.java:548)

Caused by: org.openqa.selenium.NoSuchElementException:
For documentation on this error, please visit: https://selenium.dev/exceptions/#no_such_element
Build info: version: '4.1.1', revision: 'e8fcc2cecf'
System info: host: 'Mac-1641606565351.local', ip: '10.212.20.224', os.name: 'Mac OS X', os.arch: 'x86_64', os.version: '11.5', java.version: '17.0.1'
Driver info: org.openqa.selenium.safari.SafariDriver
Command: [19058C25-D10D-4850-B68C-6AF6B25B0940, findElement {using=id, value=hplogo}]
Capabilities {acceptInsecureCerts: false, browserName: Safari, browserVersion: 15.2, goog:loggingPrefs: {browser: ALL, client: ALL, driver: ALL, performance: ALL, profiler: ALL, server: ALL}, javascriptEnabled: true, pageLoadStrategy: normal, platform: MAC, platformName: MAC, safari:automaticInspection: false, safari:automaticProfiling: false, safari:diagnose: false, safari:platformBuildVersion: 20G314, safari:platformVersion: 11.6.2, safari:useSimulator: false, setWindowRect: true, strictFileInteractability: false, timeouts: {pageLoad: 30000, script: 30000}, webkit:WebRTC: {DisableICECandidateFiltering: false, DisableInsecureMediaCapture: false}}
Session ID: 19058C25-D10D-4850-B68C-6AF6B25B0940
java.base/jdk.internal.reflect.NativeConstructorAccessorImpl.newInstance0(Native Method)
java.base/jdk.internal.reflect.NativeConstructorAccessorImpl.newInstance(NativeConstructorAccessorImpl.java:77)
java.base/jdk.internal.reflect.DelegatingConstructorAccessorImpl.newInstance(DelegatingConstructorAccessorImpl.java:45)
java.base/java.lang.reflect.Constructor.newInstanceWithCaller(Constructor.java:499)
java.base/java.lang.reflect.Constructor.newInstance(Constructor.java:480)
org.openqa.selenium.remote.codec.w3c.W3CHttpResponseCodec.createException(W3CHttpResponseCodec.java:200)
org.openqa.selenium.remote.codec.w3c.W3CHttpResponseCodec.decode(W3CHttpResponseCodec.java:133)
org.openqa.selenium.remote.codec.w3c.W3CHttpResponseCodec.decode(W3CHttpResponseCodec.java:53)
org.openqa.selenium.remote.HttpCommandExecutor.execute(HttpCommandExecutor.java:184)
org.openqa.selenium.remote.service.DriverCommandExecutor.invokeExecute(DriverCommandExecutor.java:167)
org.openqa.selenium.remote.service.DriverCommandExecutor.execute(DriverCommandExecutor.java:142)
org.openqa.selenium.remote.RemoteWebDriver.execute(RemoteWebDriver.java:543)
org.openqa.selenium.remote.ElementLocation$ElementFinder$2.findElement(ElementLocation.java:162)
org.openqa.selenium.remote.ElementLocation.findElement(ElementLocation.java:60)
org.openqa.selenium.remote.RemoteWebDriver.findElement(RemoteWebDriver.java:367)
org.openqa.selenium.remote.RemoteWebDriver.findElement(RemoteWebDriver.java:359)
com.shaft.gui.element.ElementActionsHelper.lambda$waitForElementPresence$0(ElementActionsHelper.java:66)
org.openqa.selenium.support.ui.FluentWait.until(FluentWait.java:208)
com.shaft.gui.element.ElementActionsHelper.waitForElementPresence(ElementActionsHelper.java:63)
com.shaft.gui.element.ElementActionsHelper.waitForElementPresence(ElementActionsHelper.java:37)
com.shaft.gui.element.WebDriverElementActions.getMatchingElementsCount(WebDriverElementActions.java:1468)
com.shaft.gui.element.WebDriverElementActions.getElementsCount(WebDriverElementActions.java:559)
com.shaft.gui.element.ElementActions.getElementsCount(ElementActions.java:261)
com.shaft.gui.image.ScreenshotManager.internalCaptureScreenShot(ScreenshotManager.java:394)
com.shaft.gui.image.ScreenshotManager.captureScreenShot(ScreenshotManager.java:141)
com.shaft.validation.ValidationsHelper.reportValidationState(ValidationsHelper.java:823)
com.shaft.validation.ValidationsHelper.pass(ValidationsHelper.java:564)
com.shaft.validation.ValidationsHelper.validateElementExists(ValidationsHelper.java:166)
com.shaft.validation.Assertions.assertElementExists(Assertions.java:118)
unitTests.tests_validations_assertions.assertElementExists_false_expectedToFail(tests_validations_assertions.java:192)
java.base/jdk.internal.reflect.NativeMethodAccessorImpl.invoke0(Native Method)
java.base/jdk.internal.reflect.NativeMethodAccessorImpl.invoke(NativeMethodAccessorImpl.java:77)
java.base/jdk.internal.reflect.DelegatingMethodAccessorImpl.invoke(DelegatingMethodAccessorImpl.java:43)
java.base/java.lang.reflect.Method.invoke(Method.java:568)
org.testng.internal.invokers.MethodInvocationHelper.invokeMethod(MethodInvocationHelper.java:135)
org.testng.internal.invokers.TestInvoker.invokeMethod(TestInvoker.java:673)
org.testng.internal.invokers.TestInvoker.invokeTestMethod(TestInvoker.java:220)
org.testng.internal.invokers.MethodRunner.runInSequence(MethodRunner.java:50)
org.testng.internal.invokers.TestInvoker$MethodInvocationAgent.invoke(TestInvoker.java:945)
org.testng.internal.invokers.TestInvoker.invokeTestMethods(TestInvoker.java:193)
org.testng.internal.invokers.TestMethodWorker.invokeTestMethods(TestMethodWorker.java:146)
org.testng.internal.invokers.TestMethodWorker.run(TestMethodWorker.java:128)
java.base/java.util.ArrayList.forEach(ArrayList.java:1511)
org.testng.TestRunner.privateRun(TestRunner.java:808)
org.testng.TestRunner.run(TestRunner.java:603)
org.testng.SuiteRunner.runTest(SuiteRunner.java:429)
org.testng.SuiteRunner.runSequentially(SuiteRunner.java:423)
org.testng.SuiteRunner.privateRun(SuiteRunner.java:383)
org.testng.SuiteRunner.run(SuiteRunner.java:326)
org.testng.SuiteRunnerWorker.runSuite(SuiteRunnerWorker.java:52)
org.testng.SuiteRunnerWorker.run(SuiteRunnerWorker.java:95)
org.testng.TestNG.runSuitesSequentially(TestNG.java:1249)
org.testng.TestNG.runSuitesLocally(TestNG.java:1169)
org.testng.TestNG.runSuites(TestNG.java:1092)
org.testng.TestNG.run(TestNG.java:1060)
org.apache.maven.surefire.testng.TestNGExecutor.run(TestNGExecutor.java:136)
org.apache.maven.surefire.testng.TestNGDirectoryTestSuite.executeMulti(TestNGDirectoryTestSuite.java:193)
org.apache.maven.surefire.testng.TestNGDirectoryTestSuite.execute(TestNGDirectoryTestSuite.java:94)
org.apache.maven.surefire.testng.TestNGProvider.invoke(TestNGProvider.java:145)
org.apache.maven.surefire.booter.ForkedBooter.runSuitesInProcess(ForkedBooter.java:428)
org.apache.maven.surefire.booter.ForkedBooter.execute(ForkedBooter.java:162)
org.apache.maven.surefire.booter.ForkedBooter.run(ForkedBooter.java:562)
org.apache.maven.surefire.booter.ForkedBooter.main(ForkedBooter.java:548) @08-01-2022 01:59:44.0351 AM
[ReportManager] Assertion [ValidateElementExists] PASSED. Expected [Element Should not Exist, locator 'By.id: hplogo'] and Actual [Element Doesn't Exists]. Comparison Type [EQUALS]. Validation Type [NEGATIVE]. @08-01-2022 01:59:44.0467 AM
[ReportManager] Successfully created attachment [Screenshot - 1641607184374_assertElementExists_false_expectedToFail_ValidateElementExists_passed] @08-01-2022 01:59:44.0467 A
[ReportManager] Browser Action [CloseCurrentWindow] successfully performed. @08-01-2022 01:59:44.0597 AM
[ReportManager] Successfully created attachment [Browser Action Test Data - CloseCurrentWindow - Actual Value] @08-01-2022 01:59:44.0598 A
[ReportManager] File Action [GetAbsolutePath] successfully performed. With the following test data [Relative Folder Path: "target/downloadedFiles/"]. @08-01-2022 01:59:44.0601 AM
[ReportManager] Attempting to run locally on: [Mac-64], [Safari], Headless Execution. @08-01-2022 01:59:44.0601 AM
[ReportManager] An Exception Occured with this Message: Could not start a new session. Possible causes are invalid address of the remote server or browser start-up failure.. @08-01-2022 01:59:44.0912 AM
[ReportManager] Successfully created attachment [Exception Stack Trace - org.openqa.selenium.SessionNotCreatedException] @08-01-2022 01:59:44.0912 AM
[ReportManager] Driver Factory Action [createNewLocalDriverInstanceForSafari] failed. With the following test data [Failed to create a session on DESKTOP_SAFARI]. @08-01-2022 01:59:44.0913 A

################################################################################################################################################
Starting Execution:	[47 out of 146] test cases in the current suite
Test Method:		[unitTests.tests_validations_assertions.assertElementExists_false_expectedToPass]
###############################################################################################################################################



################################################################################################################################################
Starting Execution:	[48 out of 146] test cases in the current suite
Test Method:		[unitTests.tests_validations_assertions.assertElementExists_false_multipleElementsFound_expectedToFail]
###############################################################################################################################################



################################################################################################################################################
Starting Execution:	[49 out of 146] test cases in the current suite
Test Method:		[unitTests.tests_validations_assertions.assertElementExists_true_expectedToFail]
###############################################################################################################################################



################################################################################################################################################
Starting Execution:	[50 out of 146] test cases in the current suite
Test Method:		[unitTests.tests_validations_assertions.assertElementExists_true_expectedToPass]
###############################################################################################################################################



################################################################################################################################################
Starting Execution:	[51 out of 146] test cases in the current suite
Test Method:		[unitTests.tests_validations_assertions.assertElementExists_true_multipleElementsFound_expectedToFail]
###############################################################################################################################################


################################################################################################################################################
Starting Execution:	[52 out of 146] test cases in the current suite
Test Method:		[unitTests.tests_validations_assertions.assertEquals_false_expectedToFail]
###############################################################################################################################################

################################################################################################################################################
Starting Execution:	[53 out of 146] test cases in the current suite
Test Method:		[unitTests.tests_validations_assertions.assertEquals_false_expectedToPass]
###############################################################################################################################################

################################################################################################################################################
Starting Execution:	[54 out of 146] test cases in the current suite
Test Method:		[unitTests.tests_validations_assertions.assertEquals_longCharacters]
###############################################################################################################################################

################################################################################################################################################
Starting Execution:	[55 out of 146] test cases in the current suite
Test Method:		[unitTests.tests_validations_assertions.assertEquals_longCharacters_Discreet]
###############################################################################################################################################

################################################################################################################################################
Starting Execution:	[56 out of 146] test cases in the current suite
Test Method:		[unitTests.tests_validations_assertions.assertEquals_true_expectedToFail]
###############################################################################################################################################

################################################################################################################################################
Starting Execution:	[57 out of 146] test cases in the current suite
Test Method:		[unitTests.tests_validations_assertions.assertEquals_true_expectedToPass]
Test Description:	[Assert that assertEquals works as expected when the two values are equal.]
###############################################################################################################################################

################################################################################################################################################
Starting Execution:	[58 out of 146] test cases in the current suite
Test Method:		[unitTests.tests_validations_assertions.assertEquals_true_expectedToPass__]
###############################################################################################################################################

################################################################################################################################################
Starting Execution:	[59 out of 146] test cases in the current suite
Test Method:		[unitTests.tests_validations_assertions.assertFileExists_false_expectedToFail]
###############################################################################################################################################

################################################################################################################################################
Starting Execution:	[60 out of 146] test cases in the current suite
Test Method:		[unitTests.tests_validations_assertions.assertFileExists_false_expectedToPass]
###############################################################################################################################################

################################################################################################################################################
Starting Execution:	[61 out of 146] test cases in the current suite
Test Method:		[unitTests.tests_validations_assertions.assertFileExists_true_expectedToFail]
###############################################################################################################################################

################################################################################################################################################
Starting Execution:	[62 out of 146] test cases in the current suite
Test Method:		[unitTests.tests_validations_assertions.assertFileExists_true_expectedToPass]
###############################################################################################################################################

################################################################################################################################################
Starting Execution:	[63 out of 146] test cases in the current suite
Test Method:		[unitTests.tests_validations_assertions.assertNull_false_expectedToFail]
###############################################################################################################################################

################################################################################################################################################
Starting Execution:	[64 out of 146] test cases in the current suite
Test Method:		[unitTests.tests_validations_assertions.assertNull_false_expectedToPass]
###############################################################################################################################################

################################################################################################################################################
Starting Execution:	[65 out of 146] test cases in the current suite
Test Method:		[unitTests.tests_validations_assertions.assertNull_true_expectedToFail]
###############################################################################################################################################

################################################################################################################################################
Starting Execution:	[66 out of 146] test cases in the current suite
Test Method:		[unitTests.tests_validations_assertions.assertNull_true_expectedToPass]
###############################################################################################################################################

################################################################################################################################################
Starting Execution:	[67 out of 146] test cases in the current suite
Test Method:		[unitTests.tests_restActions.getPostsAndAssertBodyForSpecificTitle]
################################################################################################################################################
[ReportManager] Response status code: [200], status line: [HTTP/1.1 200 OK] @08-01-2022 01:59:49.0672 AM
[ReportManager] Assertion Passed: Evaluating the actual response status code against the expected one... @08-01-2022 01:59:49.0678 AM
[ReportManager] Assertion [ValidateComparativeRelation] PASSED. Expected [200] and Actual [200]. Comparison Type [EQUALS]. Validation Type [POSITIVE]. @08-01-2022 01:59:49.0679 AM
[ReportManager] API Action [PerformRequest] successfully performed. With the following test data [Request Type: "GET" | Target Status Code: "200" | Service URL: "https://jsonplaceholder.typicode.com/posts" | Content Type: "*/*" | Response Time: "979ms"]. @08-01-2022 01:59:51.0553 AM
[ReportManager] Successfully created attachment [API Request - Specifications] @08-01-2022 01:59:51.0554 AM
[ReportManager] Successfully created attachment [API Response - JSON Body] @08-01-2022 01:59:51.0791 AM
[ReportManager] API Action [GetResponseJSONValueAsList] successfully performed. @08-01-2022 01:59:51.0819 AM
[ReportManager] API Action [GetResponseJSONValue] successfully performed. With the following test data [title]. @08-01-2022 01:59:51.0842 AM
[ReportManager] API Action [GetResponseJSONValue] successfully performed. With the following test data [title]. @08-01-2022 01:59:51.0858 AM
[ReportManager] API Action [GetResponseJSONValue] successfully performed. With the following test data [body]. @08-01-2022 01:59:51.0875 AM
[ReportManager] Assertion [ValidateEquals] PASSED. Expected [qui neque nisi nulla] and Actual [est rerum tempore vitae
sequi sint nihil reprehenderit dolor beatae ea dolores neque
fugiat blanditiis voluptate porro vel nihil molestiae ut reiciendis
qui aperiam non debitis possimus qui neque nisi nulla]. Comparison Type [CONTAINS]. Validation Type [POSITIVE]. @08-01-2022 01:59:51.0875 AM
[ReportManager] API Action [GetResponseJSONValue] successfully performed. With the following test data [title]. @08-01-2022 01:59:51.0891 AM
[ReportManager] API Action [GetResponseJSONValue] successfully performed. With the following test data [title]. @08-01-2022 01:59:51.0905 AM
[ReportManager] API Action [GetResponseJSONValue] successfully performed. With the following test data [title]. @08-01-2022 01:59:51.0919 AM
[ReportManager] API Action [GetResponseJSONValue] successfully performed. With the following test data [title]. @08-01-2022 01:59:51.0932 AM
[ReportManager] API Action [GetResponseJSONValue] successfully performed. With the following test data [title]. @08-01-2022 01:59:51.0947 AM
[ReportManager] API Action [GetResponseJSONValue] successfully performed. With the following test data [title]. @08-01-2022 01:59:51.0962 AM
[ReportManager] API Action [GetResponseJSONValue] successfully performed. With the following test data [title]. @08-01-2022 01:59:51.0977 AM
[ReportManager] API Action [GetResponseJSONValue] successfully performed. With the following test data [title]. @08-01-2022 01:59:51.0992 AM
[ReportManager] API Action [GetResponseJSONValue] successfully performed. With the following test data [title]. @08-01-2022 01:59:52.0007 AM
[ReportManager] API Action [GetResponseJSONValue] successfully performed. With the following test data [title]. @08-01-2022 01:59:52.0022 AM
[ReportManager] API Action [GetResponseJSONValue] successfully performed. With the following test data [title]. @08-01-2022 01:59:52.0037 AM
[ReportManager] API Action [GetResponseJSONValue] successfully performed. With the following test data [title]. @08-01-2022 01:59:52.0052 AM
[ReportManager] API Action [GetResponseJSONValue] successfully performed. With the following test data [title]. @08-01-2022 01:59:52.0069 AM
[ReportManager] API Action [GetResponseJSONValue] successfully performed. With the following test data [title]. @08-01-2022 01:59:52.0082 AM
[ReportManager] API Action [GetResponseJSONValue] successfully performed. With the following test data [title]. @08-01-2022 01:59:52.0098 AM
[ReportManager] API Action [GetResponseJSONValue] successfully performed. With the following test data [title]. @08-01-2022 01:59:52.0113 AM
[ReportManager] API Action [GetResponseJSONValue] successfully performed. With the following test data [title]. @08-01-2022 01:59:52.0126 AM
[ReportManager] API Action [GetResponseJSONValue] successfully performed. With the following test data [title]. @08-01-2022 01:59:52.0141 AM
[ReportManager] API Action [GetResponseJSONValue] successfully performed. With the following test data [title]. @08-01-2022 01:59:52.0154 AM
[ReportManager] API Action [GetResponseJSONValue] successfully performed. With the following test data [title]. @08-01-2022 01:59:52.0177 AM
[ReportManager] API Action [GetResponseJSONValue] successfully performed. With the following test data [title]. @08-01-2022 01:59:52.0221 AM
[ReportManager] API Action [GetResponseJSONValue] successfully performed. With the following test data [title]. @08-01-2022 01:59:52.0234 AM
[ReportManager] API Action [GetResponseJSONValue] successfully performed. With the following test data [title]. @08-01-2022 01:59:52.0248 AM
[ReportManager] API Action [GetResponseJSONValue] successfully performed. With the following test data [title]. @08-01-2022 01:59:52.0266 AM
[ReportManager] API Action [GetResponseJSONValue] successfully performed. With the following test data [title]. @08-01-2022 01:59:52.0306 AM
[ReportManager] API Action [GetResponseJSONValue] successfully performed. With the following test data [title]. @08-01-2022 01:59:52.0337 AM
[ReportManager] API Action [GetResponseJSONValue] successfully performed. With the following test data [title]. @08-01-2022 01:59:52.0352 AM
[ReportManager] API Action [GetResponseJSONValue] successfully performed. With the following test data [title]. @08-01-2022 01:59:52.0365 AM
[ReportManager] API Action [GetResponseJSONValue] successfully performed. With the following test data [title]. @08-01-2022 01:59:52.0381 AM
[ReportManager] API Action [GetResponseJSONValue] successfully performed. With the following test data [title]. @08-01-2022 01:59:52.0398 AM
[ReportManager] API Action [GetResponseJSONValue] successfully performed. With the following test data [title]. @08-01-2022 01:59:52.0412 AM
[ReportManager] API Action [GetResponseJSONValue] successfully performed. With the following test data [title]. @08-01-2022 01:59:52.0471 AM
[ReportManager] API Action [GetResponseJSONValue] successfully performed. With the following test data [title]. @08-01-2022 01:59:52.0523 AM
[ReportManager] API Action [GetResponseJSONValue] successfully performed. With the following test data [title]. @08-01-2022 01:59:52.0560 AM
[ReportManager] API Action [GetResponseJSONValue] successfully performed. With the following test data [title]. @08-01-2022 01:59:52.0588 AM
[ReportManager] API Action [GetResponseJSONValue] successfully performed. With the following test data [title]. @08-01-2022 01:59:52.0613 AM
[ReportManager] API Action [GetResponseJSONValue] successfully performed. With the following test data [title]. @08-01-2022 01:59:52.0630 AM
[ReportManager] API Action [GetResponseJSONValue] successfully performed. With the following test data [title]. @08-01-2022 01:59:52.0659 AM
[ReportManager] API Action [GetResponseJSONValue] successfully performed. With the following test data [title]. @08-01-2022 01:59:52.0676 AM
[ReportManager] API Action [GetResponseJSONValue] successfully performed. With the following test data [title]. @08-01-2022 01:59:52.0701 AM
[ReportManager] API Action [GetResponseJSONValue] successfully performed. With the following test data [title]. @08-01-2022 01:59:52.0725 AM
[ReportManager] API Action [GetResponseJSONValue] successfully performed. With the following test data [title]. @08-01-2022 01:59:52.0756 AM
[ReportManager] API Action [GetResponseJSONValue] successfully performed. With the following test data [title]. @08-01-2022 01:59:52.0777 AM
[ReportManager] API Action [GetResponseJSONValue] successfully performed. With the following test data [title]. @08-01-2022 01:59:52.0799 AM
[ReportManager] API Action [GetResponseJSONValue] successfully performed. With the following test data [title]. @08-01-2022 01:59:52.0821 AM
[ReportManager] API Action [GetResponseJSONValue] successfully performed. With the following test data [title]. @08-01-2022 01:59:52.0848 AM
[ReportManager] API Action [GetResponseJSONValue] successfully performed. With the following test data [title]. @08-01-2022 01:59:52.0867 AM
[ReportManager] API Action [GetResponseJSONValue] successfully performed. With the following test data [title]. @08-01-2022 01:59:52.0905 AM
[ReportManager] API Action [GetResponseJSONValue] successfully performed. With the following test data [title]. @08-01-2022 01:59:52.0921 AM
[ReportManager] API Action [GetResponseJSONValue] successfully performed. With the following test data [title]. @08-01-2022 01:59:52.0936 AM
[ReportManager] API Action [GetResponseJSONValue] successfully performed. With the following test data [title]. @08-01-2022 01:59:52.0948 AM
[ReportManager] API Action [GetResponseJSONValue] successfully performed. With the following test data [title]. @08-01-2022 01:59:52.0959 AM
[ReportManager] API Action [GetResponseJSONValue] successfully performed. With the following test data [title]. @08-01-2022 01:59:52.0971 AM
[ReportManager] API Action [GetResponseJSONValue] successfully performed. With the following test data [title]. @08-01-2022 01:59:52.0982 AM
[ReportManager] API Action [GetResponseJSONValue] successfully performed. With the following test data [title]. @08-01-2022 01:59:52.0993 AM
[ReportManager] API Action [GetResponseJSONValue] successfully performed. With the following test data [title]. @08-01-2022 01:59:53.0004 AM
[ReportManager] API Action [GetResponseJSONValue] successfully performed. With the following test data [title]. @08-01-2022 01:59:53.0015 AM
[ReportManager] API Action [GetResponseJSONValue] successfully performed. With the following test data [title]. @08-01-2022 01:59:53.0026 AM
[ReportManager] API Action [GetResponseJSONValue] successfully performed. With the following test data [title]. @08-01-2022 01:59:53.0037 AM
[ReportManager] API Action [GetResponseJSONValue] successfully performed. With the following test data [title]. @08-01-2022 01:59:53.0063 AM
[ReportManager] API Action [GetResponseJSONValue] successfully performed. With the following test data [title]. @08-01-2022 01:59:53.0077 AM
[ReportManager] API Action [GetResponseJSONValue] successfully performed. With the following test data [title]. @08-01-2022 01:59:53.0094 AM
[ReportManager] API Action [GetResponseJSONValue] successfully performed. With the following test data [title]. @08-01-2022 01:59:53.0107 AM
[ReportManager] API Action [GetResponseJSONValue] successfully performed. With the following test data [title]. @08-01-2022 01:59:53.0121 AM
[ReportManager] API Action [GetResponseJSONValue] successfully performed. With the following test data [title]. @08-01-2022 01:59:53.0135 AM
[ReportManager] API Action [GetResponseJSONValue] successfully performed. With the following test data [title]. @08-01-2022 01:59:53.0147 AM
[ReportManager] API Action [GetResponseJSONValue] successfully performed. With the following test data [title]. @08-01-2022 01:59:53.0159 AM
[ReportManager] API Action [GetResponseJSONValue] successfully performed. With the following test data [title]. @08-01-2022 01:59:53.0174 AM
[ReportManager] API Action [GetResponseJSONValue] successfully performed. With the following test data [title]. @08-01-2022 01:59:53.0186 AM
[ReportManager] API Action [GetResponseJSONValue] successfully performed. With the following test data [title]. @08-01-2022 01:59:53.0198 AM
[ReportManager] API Action [GetResponseJSONValue] successfully performed. With the following test data [title]. @08-01-2022 01:59:53.0212 AM
[ReportManager] API Action [GetResponseJSONValue] successfully performed. With the following test data [title]. @08-01-2022 01:59:53.0228 AM
[ReportManager] API Action [GetResponseJSONValue] successfully performed. With the following test data [title]. @08-01-2022 01:59:53.0240 AM
[ReportManager] API Action [GetResponseJSONValue] successfully performed. With the following test data [title]. @08-01-2022 01:59:53.0250 AM
[ReportManager] API Action [GetResponseJSONValue] successfully performed. With the following test data [title]. @08-01-2022 01:59:53.0262 AM
[ReportManager] API Action [GetResponseJSONValue] successfully performed. With the following test data [title]. @08-01-2022 01:59:53.0274 AM
[ReportManager] API Action [GetResponseJSONValue] successfully performed. With the following test data [title]. @08-01-2022 01:59:53.0287 AM
[ReportManager] API Action [GetResponseJSONValue] successfully performed. With the following test data [title]. @08-01-2022 01:59:53.0300 AM
[ReportManager] API Action [GetResponseJSONValue] successfully performed. With the following test data [title]. @08-01-2022 01:59:53.0312 AM
[ReportManager] API Action [GetResponseJSONValue] successfully performed. With the following test data [title]. @08-01-2022 01:59:53.0325 AM
[ReportManager] API Action [GetResponseJSONValue] successfully performed. With the following test data [title]. @08-01-2022 01:59:53.0338 AM
[ReportManager] API Action [GetResponseJSONValue] successfully performed. With the following test data [title]. @08-01-2022 01:59:53.0353 AM
[ReportManager] API Action [GetResponseJSONValue] successfully performed. With the following test data [title]. @08-01-2022 01:59:53.0365 AM
[ReportManager] API Action [GetResponseJSONValue] successfully performed. With the following test data [title]. @08-01-2022 01:59:53.0377 AM
[ReportManager] API Action [GetResponseJSONValue] successfully performed. With the following test data [title]. @08-01-2022 01:59:53.0391 AM
[ReportManager] API Action [GetResponseJSONValue] successfully performed. With the following test data [title]. @08-01-2022 01:59:53.0405 AM
[ReportManager] API Action [GetResponseJSONValue] successfully performed. With the following test data [title]. @08-01-2022 01:59:53.0430 AM
[ReportManager] API Action [GetResponseJSONValue] successfully performed. With the following test data [title]. @08-01-2022 01:59:53.0453 AM
[ReportManager] API Action [GetResponseJSONValue] successfully performed. With the following test data [title]. @08-01-2022 01:59:53.0481 AM
[ReportManager] API Action [GetResponseJSONValue] successfully performed. With the following test data [title]. @08-01-2022 01:59:53.0492 AM
[ReportManager] API Action [GetResponseJSONValue] successfully performed. With the following test data [title]. @08-01-2022 01:59:53.0504 AM
[ReportManager] API Action [GetResponseJSONValue] successfully performed. With the following test data [title]. @08-01-2022 01:59:53.0514 AM
[ReportManager] API Action [GetResponseJSONValue] successfully performed. With the following test data [title]. @08-01-2022 01:59:53.0526 AM
[ReportManager] API Action [GetResponseJSONValue] successfully performed. With the following test data [title]. @08-01-2022 01:59:53.0537 AM
[ReportManager] API Action [GetResponseJSONValue] successfully performed. With the following test data [title]. @08-01-2022 01:59:53.0548 AM
[ReportManager] API Action [GetResponseJSONValue] successfully performed. With the following test data [title]. @08-01-2022 01:59:53.0558 AM
[ReportManager] API Action [GetResponseJSONValue] successfully performed. With the following test data [title]. @08-01-2022 01:59:53.0569 AM
[ReportManager] API Action [GetResponseJSONValue] successfully performed. With the following test data [title]. @08-01-2022 01:59:53.0580 A

################################################################################################################################################
Starting Execution:	[68 out of 146] test cases in the current suite
Test Method:		[unitTests.tests_restActions.validateUserEmail]
################################################################################################################################################
[ReportManager] Response status code: [200], status line: [HTTP/1.1 200 OK] @08-01-2022 01:59:53.0633 AM
[ReportManager] Assertion Passed: Evaluating the actual response status code against the expected one... @08-01-2022 01:59:53.0634 AM
[ReportManager] Assertion [ValidateComparativeRelation] PASSED. Expected [200] and Actual [200]. Comparison Type [EQUALS]. Validation Type [POSITIVE]. @08-01-2022 01:59:53.0634 AM
[ReportManager] API Action [PerformRequest] successfully performed. With the following test data [Request Type: "GET" | Target Status Code: "200" | Service URL: "https://jsonplaceholder.typicode.com/users" | Content Type: "*/*" | Response Time: "41ms"]. @08-01-2022 01:59:53.0656 AM
[ReportManager] Successfully created attachment [API Request - Specifications] @08-01-2022 01:59:53.0657 AM
[ReportManager] Successfully created attachment [API Response - JSON Body] @08-01-2022 01:59:53.0657 AM
[ReportManager] Assertion [ValidateEquals] PASSED. Expected and Actual values are attached. Comparison Type [CONTAINS]. Validation Type [POSITIVE]. @08-01-2022 01:59:53.0658 AM
[ReportManager] Successfully created attachment [Validation Test Data - Expected Value] @08-01-2022 01:59:53.0658 AM
[ReportManager] Successfully created attachment [Validation Test Data - Actual Value] @08-01-2022 01:59:53.0659 AM
[ReportManager] API Action [GetResponseJSONValueAsList] successfully performed. With the following test data [$]. @08-01-2022 01:59:53.0667 AM
[ReportManager] API Action [GetResponseJSONValue] successfully performed. With the following test data [name]. @08-01-2022 01:59:53.0679 AM
[ReportManager] API Action [GetResponseJSONValue] successfully performed. With the following test data [email]. @08-01-2022 01:59:53.0691 AM
[ReportManager] Assertion [ValidateEquals] PASSED. Expected [Sincere@april.biz] and Actual [Sincere@april.biz]. Comparison Type [EQUALS]. Validation Type [POSITIVE]. @08-01-2022 01:59:53.0691 AM
[ReportManager] API Action [GetResponseJSONValue] successfully performed. With the following test data [name]. @08-01-2022 01:59:53.0703 AM
[ReportManager] API Action [GetResponseJSONValue] successfully performed. With the following test data [name]. @08-01-2022 01:59:53.0714 AM
[ReportManager] API Action [GetResponseJSONValue] successfully performed. With the following test data [name]. @08-01-2022 01:59:53.0726 AM
[ReportManager] API Action [GetResponseJSONValue] successfully performed. With the following test data [name]. @08-01-2022 01:59:53.0737 AM
[ReportManager] API Action [GetResponseJSONValue] successfully performed. With the following test data [name]. @08-01-2022 01:59:53.0748 AM
[ReportManager] API Action [GetResponseJSONValue] successfully performed. With the following test data [name]. @08-01-2022 01:59:53.0759 AM
[ReportManager] API Action [GetResponseJSONValue] successfully performed. With the following test data [name]. @08-01-2022 01:59:53.0772 AM
[ReportManager] API Action [GetResponseJSONValue] successfully performed. With the following test data [name]. @08-01-2022 01:59:53.0784 AM
[ReportManager] API Action [GetResponseJSONValue] successfully performed. With the following test data [name]. @08-01-2022 01:59:53.0805 A
[ReportManager] File Action [GetAbsolutePath] successfully performed. With the following test data [Relative Folder Path: "target/downloadedFiles/"]. @08-01-2022 01:59:53.0808 AM
[ReportManager] Attempting to run locally on: [Mac-64], [Safari], Headless Execution. @08-01-2022 01:59:53.0808 AM
[ReportManager] Successfully Opened Safari. @08-01-2022 01:59:54.0693 AM
[ReportManager] Initial window size: (800, 600) @08-01-2022 01:59:54.0714 AM
[ReportManager] Window size after SWD Maximize: (1176, 803) @08-01-2022 01:59:54.0752 AM
[ReportManager] Browser Action [MaximizeWindow] successfully performed. With the following test data [New screen size is now: (1176, 803)]. @08-01-2022 01:59:54.0764 A

################################################################################################################################################
Starting Execution:	[69 out of 146] test cases in the current suite
Test Method:		[testPackage01.Test_uploadFile.uploadFile_invisibleUploadInput]
################################################################################################################################################
[ReportManager] Target URL: [https://fineuploader.com/demos.html#gallery-view] @08-01-2022 01:59:54.0766 AM
[ReportManager] Initial URL: [] @08-01-2022 01:59:54.0815 AM
[ReportManager] Browser Action [NavigateToURL] successfully performed. With the following test data [https://fineuploader.com/demos.html#gallery-view]. @08-01-2022 01:59:56.0219 AM
[ReportManager] File Action [GetAbsolutePath] successfully performed. With the following test data [Relative File Path: "src/main/resources/images/shaft.png"]. @08-01-2022 01:59:56.0220 AM
[ReportManager] Successfully created attachment [File Action Actual Result - Command Log] @08-01-2022 01:59:56.0256 AM
[ReportManager] Element Action [TypeFileLocationForUpload] successfully performed. With the following test data [/Users/runner/work/SHAFT_ENGINE/SHAFT_ENGINE/src/main/resources/images/shaft.png]. @08-01-2022 01:59:56.0300 AM
[ReportManager] Attempting to getAttribute [src] from elementLocator [By.xpath: //div[@id='fine-uploader-gallery']//div[@class='qq-thumbnail-wrapper']/img]. @08-01-2022 01:59:56.0305 AM
[ReportManager] Element Action [GetAttribute] successfully performed. @08-01-2022 01:59:56.0410 AM
[ReportManager] Successfully created attachment [Element Action Test Data - GetAttribute - Actual Value] @08-01-2022 01:59:56.0411 AM
[ReportManager] Loaded Shared OpenCV @08-01-2022 01:59:56.0543 AM
[ReportManager] Assertion Passed: Then I Assert that the element found by [By.xpath: //div[@id='fine-uploader-gallery']//div[@class='qq-thumbnail-wrapper']/img] attribute [src] contains [data:image/png;base64]. @08-01-2022 01:59:56.0705 AM
[ReportManager] Successfully created attachment [Validation Test Data - Expected Value] @08-01-2022 01:59:56.0706 AM
[ReportManager] Successfully created attachment [Validation Test Data - Actual Value] @08-01-2022 01:59:56.0707 AM
[ReportManager] Successfully created attachment [Screenshot - 1641607196543_uploadFile_invisibleUploadInput_ValidateElementAttribute_passed] @08-01-2022 01:59:56.0708 AM
[ReportManager] Assertion [ValidateElementAttribute] PASSED. Expected and Actual values are attached. Comparison Type [CONTAINS]. Validation Type [POSITIVE]. @08-01-2022 01:59:56.0708 A
[ReportManager] Browser Action [CloseCurrentWindow] successfully performed. @08-01-2022 01:59:56.0837 AM
[ReportManager] Successfully created attachment [Browser Action Test Data - CloseCurrentWindow - Actual Value] @08-01-2022 01:59:56.0838 A
[ReportManager] File Action [GetAbsolutePath] successfully performed. With the following test data [Relative Folder Path: "target/downloadedFiles/"]. @08-01-2022 01:59:56.0842 AM
[ReportManager] Attempting to run locally on: [Mac-64], [Safari], Headless Execution. @08-01-2022 01:59:56.0844 AM
[ReportManager] Successfully Opened Safari. @08-01-2022 01:59:57.0796 AM
[ReportManager] Initial window size: (800, 600) @08-01-2022 01:59:57.0831 AM
[ReportManager] Window size after SWD Maximize: (1176, 803) @08-01-2022 01:59:57.0864 AM
[ReportManager] Browser Action [MaximizeWindow] successfully performed. With the following test data [New screen size is now: (1176, 803)]. @08-01-2022 01:59:57.0865 A

################################################################################################################################################
Starting Execution:	[70 out of 146] test cases in the current suite
Test Method:		[testPackage01.Test_uploadFile.uploadFile_visibleUploadInput]
################################################################################################################################################
[ReportManager] Target URL: [http://demo.guru99.com/test/upload/] @08-01-2022 01:59:57.0868 AM
[ReportManager] Initial URL: [] @08-01-2022 01:59:57.0901 AM
[ReportManager] Browser Action [CheckNavigationWasSuccesssful] failed. With the following test data [Waited for 30 seconds to navigate to [http://demo.guru99.com/test/upload/] but ended up with [https://demo.guru99.com/test/upload/].]. @08-01-2022 02:00:29.0888 A
[ReportManager] Browser Action [CloseCurrentWindow] successfully performed. @08-01-2022 02:00:30.0110 AM
[ReportManager] Successfully created attachment [Browser Action Test Data - CloseCurrentWindow - Actual Value] @08-01-2022 02:00:30.0111 A

################################################################################################################################################
Starting Execution:	[71 out of 146] test cases in the current suite
Test Method:		[testPackage01.Test_AssertApiResponseEquals.assertApiResponseEquals_expectedToPass]
################################################################################################################################################
[ReportManager] Response status code: [200], status line: [HTTP/1.1 200 OK] @08-01-2022 02:00:30.0315 AM
[ReportManager] Assertion Passed: Evaluating the actual response status code against the expected one... @08-01-2022 02:00:30.0316 AM
[ReportManager] Assertion [ValidateComparativeRelation] PASSED. Expected [200] and Actual [200]. Comparison Type [EQUALS]. Validation Type [POSITIVE]. @08-01-2022 02:00:30.0316 AM
[ReportManager] API Action [PerformRequest] successfully performed. With the following test data [Request Type: "GET" | Target Status Code: "200" | Service URL: "https://jsonplaceholder.typicode.com/users" | Content Type: "*/*" | Response Time: "43ms"]. @08-01-2022 02:00:30.0348 AM
[ReportManager] Successfully created attachment [API Request - Specifications] @08-01-2022 02:00:30.0349 AM
[ReportManager] Successfully created attachment [API Response - JSON Body] @08-01-2022 02:00:30.0349 AM
[ReportManager] API Action [GetResponseJSONValueAsList] successfully performed. With the following test data [$]. @08-01-2022 02:00:30.0359 AM
[ReportManager] API Action [GetResponseJSONValue] successfully performed. With the following test data [name]. @08-01-2022 02:00:30.0380 AM
[ReportManager] API Action [GetResponseJSONValue] successfully performed. With the following test data [email]. @08-01-2022 02:00:30.0399 AM
[ReportManager] Verification [ValidateEquals] PASSED. Expected [Sincere@april.biz] and Actual [Sincere@april.biz]. Comparison Type [EQUALS]. Validation Type [POSITIVE]. @08-01-2022 02:00:30.0400 AM
[ReportManager] API Action [GetResponseJSONValue] successfully performed. With the following test data [username]. @08-01-2022 02:00:30.0420 AM
[ReportManager] Assertion [ValidateEquals] PASSED. Expected [Bret] and Actual [Bret]. Comparison Type [EQUALS]. Validation Type [POSITIVE]. @08-01-2022 02:00:30.0421 AM
[ReportManager] API Action [GetResponseJSONValue] successfully performed. With the following test data [name]. @08-01-2022 02:00:30.0437 AM
[ReportManager] API Action [GetResponseJSONValue] successfully performed. With the following test data [name]. @08-01-2022 02:00:30.0454 AM
[ReportManager] API Action [GetResponseJSONValue] successfully performed. With the following test data [name]. @08-01-2022 02:00:30.0470 AM
[ReportManager] API Action [GetResponseJSONValue] successfully performed. With the following test data [name]. @08-01-2022 02:00:30.0483 AM
[ReportManager] API Action [GetResponseJSONValue] successfully performed. With the following test data [name]. @08-01-2022 02:00:30.0496 AM
[ReportManager] API Action [GetResponseJSONValue] successfully performed. With the following test data [name]. @08-01-2022 02:00:30.0508 AM
[ReportManager] API Action [GetResponseJSONValue] successfully performed. With the following test data [name]. @08-01-2022 02:00:30.0522 AM
[ReportManager] API Action [GetResponseJSONValue] successfully performed. With the following test data [name]. @08-01-2022 02:00:30.0549 AM
[ReportManager] API Action [GetResponseJSONValue] successfully performed. With the following test data [name]. @08-01-2022 02:00:30.0570 A

################################################################################################################################################
Starting Execution:	[72 out of 146] test cases in the current suite
Test Method:		[testPackage01.Test_testData.f]
################################################################################################################################################
[ReportManager] Successfully loaded the following test data file [src/test/resources/testDataFiles/testSuite01/TestData.xlsx]. @08-01-2022 02:00:30.0679 AM
[ReportManager] Successfully created attachment [Test Data - Excel] @08-01-2022 02:00:30.0681 AM
[ReportManager] Last Column Number is: [3]. Zero-based. @08-01-2022 02:00:30.0682 A

################################################################################################################################################
Starting Execution:	[73 out of 146] test cases in the current suite
Test Method:		[testPackage01.Test_PDF.testPDF1]
################################################################################################################################################
[ReportManager] File Action [DoesFileExist] successfully performed. With the following test data [File Path: "src/test/resources/testDataFiles/sample.pdf"]. @08-01-2022 02:00:30.0720 AM
[ReportManager] File Action [GetAbsolutePath] successfully performed. With the following test data [Relative Folder Path: "src/test/resources/testDataFiles/sample.pdf"]. @08-01-2022 02:00:30.0721 AM
[ReportManager] Assertion Passed: Checking to see that the pdf file contains [A Simple PDF File] @08-01-2022 02:00:35.0887 AM
[ReportManager] Successfully created attachment [Validation Test Data - Expected Value] @08-01-2022 02:00:35.0888 AM
[ReportManager] Successfully created attachment [Validation Test Data - Actual Value] @08-01-2022 02:00:35.0889 AM
[ReportManager] Assertion [ValidateEquals] PASSED. Expected and Actual values are attached. Comparison Type [CONTAINS]. Validation Type [POSITIVE]. @08-01-2022 02:00:35.0889 A

################################################################################################################################################
Starting Execution:	[74 out of 146] test cases in the current suite
Test Method:		[testPackage01.Test_PDF.testPDF2]
################################################################################################################################################
[ReportManager] File Action [DoesFileExist] successfully performed. With the following test data [File Path: "src/test/resources/testDataFiles/sample.pdf"]. @08-01-2022 02:00:35.0896 AM
[ReportManager] File Action [GetAbsolutePath] successfully performed. With the following test data [Relative Folder Path: "src/test/resources/testDataFiles/sample.pdf"]. @08-01-2022 02:00:35.0896 AM
[ReportManager] Assertion Passed: Checking to see that the pdf file contains [A Simple PDF File] @08-01-2022 02:00:35.0910 AM
[ReportManager] Successfully created attachment [Validation Test Data - Expected Value] @08-01-2022 02:00:35.0911 AM
[ReportManager] Successfully created attachment [Validation Test Data - Actual Value] @08-01-2022 02:00:35.0911 AM
[ReportManager] Assertion [ValidateEquals] PASSED. Expected and Actual values are attached. Comparison Type [CONTAINS]. Validation Type [POSITIVE]. @08-01-2022 02:00:35.0911 A
[ReportManager] File Action [GetAbsolutePath] successfully performed. With the following test data [Relative Folder Path: "target/downloadedFiles/"]. @08-01-2022 02:00:35.0914 AM
[ReportManager] Attempting to run locally on: [Mac-64], [Safari], Headless Execution. @08-01-2022 02:00:35.0914 AM
[ReportManager] Successfully Opened Safari. @08-01-2022 02:00:36.0906 AM
[ReportManager] Initial window size: (800, 600) @08-01-2022 02:00:36.0934 AM
[ReportManager] Window size after SWD Maximize: (1176, 803) @08-01-2022 02:00:36.0984 AM
[ReportManager] Browser Action [MaximizeWindow] successfully performed. With the following test data [New screen size is now: (1176, 803)]. @08-01-2022 02:00:36.0984 A

################################################################################################################################################
Starting Execution:	[75 out of 146] test cases in the current suite
Test Method:		[testPackage01.Test_ShadowDOM.shadowdom]
################################################################################################################################################
[ReportManager] Target URL: [https://mdn.github.io/web-components-examples/popup-info-box-web-component/] @08-01-2022 02:00:36.0999 AM
[ReportManager] Initial URL: [] @08-01-2022 02:00:37.0052 AM
[ReportManager] Browser Action [NavigateToURL] successfully performed. With the following test data [https://mdn.github.io/web-components-examples/popup-info-box-web-component/]. @08-01-2022 02:00:37.0305 AM
[ReportManager] Element Action [Type] successfully performed. With the following test data [Typing into SHADOW DOM...]. @08-01-2022 02:00:37.0906 AM
[ReportManager] Element Action [GetText] successfully performed. With the following test data [Typing into SHADOW DOM...]. @08-01-2022 02:00:38.0021 AM
[ReportManager] Loaded Shared OpenCV @08-01-2022 02:00:38.0094 AM
[ReportManager] Assertion [ValidateElementAttribute] PASSED. Expected [Value Should be 'Typing into SHADOW DOM...' for the 'Text' attribute, element locator 'By.id: cvc'] and Actual [Typing into SHADOW DOM...]. Comparison Type [EQUALS]. Validation Type [POSITIVE]. @08-01-2022 02:00:38.0351 AM
[ReportManager] Successfully created attachment [Screenshot - 1641607238094_shadowdom_ValidateElementAttribute_passed] @08-01-2022 02:00:38.0352 A
[ReportManager] Browser Action [CloseCurrentWindow] successfully performed. @08-01-2022 02:00:38.0596 AM
[ReportManager] Successfully created attachment [Browser Action Test Data - CloseCurrentWindow - Actual Value] @08-01-2022 02:00:38.0597 A
[ReportManager] File Action [GetAbsolutePath] successfully performed. With the following test data [Relative Folder Path: "target/downloadedFiles/"]. @08-01-2022 02:00:38.0599 AM
[ReportManager] Attempting to run locally on: [Mac-64], [Safari], Headless Execution. @08-01-2022 02:00:38.0599 AM
[ReportManager] An Exception Occured with this Message: Could not start a new session. Possible causes are invalid address of the remote server or browser start-up failure.. @08-01-2022 02:00:38.0752 AM
[ReportManager] Successfully created attachment [Exception Stack Trace - org.openqa.selenium.SessionNotCreatedException] @08-01-2022 02:00:38.0752 AM
[ReportManager] Driver Factory Action [createNewLocalDriverInstanceForSafari] failed. With the following test data [Failed to create a session on DESKTOP_SAFARI]. @08-01-2022 02:00:38.0753 A

################################################################################################################################################
Starting Execution:	[76 out of 146] test cases in the current suite
Test Method:		[testPackage01.Test_clipboardActions.typeTextAndCopyPaste]
###############################################################################################################################################


################################################################################################################################################
Starting Execution:	[77 out of 146] test cases in the current suite
Test Method:		[testPackage01.Test_NewValidationHelper.f1]
################################################################################################################################################
[ReportManager] Assertion Passed: Checking valid user data @08-01-2022 02:00:38.0760 AM
[ReportManager] Successfully created attachment [Validation Test Data - Expected Value] @08-01-2022 02:00:38.0761 AM
[ReportManager] Successfully created attachment [Validation Test Data - Actual Value] @08-01-2022 02:00:38.0761 AM
[ReportManager] Assertion [ValidateEquals] PASSED. Expected and Actual values are attached. Comparison Type [EQUALS]. Validation Type [POSITIVE]. @08-01-2022 02:00:38.0761 A
[ReportManager] File Action [GetAbsolutePath] successfully performed. With the following test data [Relative Folder Path: "target/downloadedFiles/"]. @08-01-2022 02:00:38.0764 AM
[ReportManager] Attempting to run locally on: [Mac-64], [Safari], Headless Execution. @08-01-2022 02:00:38.0764 AM
[ReportManager] Successfully Opened Safari. @08-01-2022 02:00:39.0666 AM
[ReportManager] Initial window size: (800, 600) @08-01-2022 02:00:39.0695 AM
[ReportManager] Window size after SWD Maximize: (1176, 803) @08-01-2022 02:00:39.0724 AM
[ReportManager] Browser Action [MaximizeWindow] successfully performed. With the following test data [New screen size is now: (1176, 803)]. @08-01-2022 02:00:39.0725 AM
[ReportManager] Target URL: [https://the-internet.herokuapp.com/] @08-01-2022 02:00:39.0725 AM
[ReportManager] Initial URL: [] @08-01-2022 02:00:39.0871 AM
[ReportManager] Browser Action [NavigateToURL] successfully performed. With the following test data [https://the-internet.herokuapp.com/]. @08-01-2022 02:00:40.0403 A

################################################################################################################################################
Starting Execution:	[78 out of 146] test cases in the current suite
Test Method:		[testPackage01.Test_NewValidationHelper.f10]
################################################################################################################################################
[ReportManager] Loaded Shared OpenCV @08-01-2022 02:00:40.0494 AM
[ReportManager] Assertion [ValidateElementExists] FAILED. Expected [Element Should Exist, locator 'By.tagName: div'] and Actual [Element Exists but is not unique]. Comparison Type [EQUALS]. Validation Type [POSITIVE]. @08-01-2022 02:00:40.0624 AM
[ReportManager] Successfully created attachment [Screenshot - 1641607240494_f10_ValidateElementExists_failed] @08-01-2022 02:00:40.0628 A
[ReportManager] Successfully Closed All Drivers. @08-01-2022 02:00:40.0911 A
[ReportManager] File Action [GetAbsolutePath] successfully performed. With the following test data [Relative Folder Path: "target/downloadedFiles/"]. @08-01-2022 02:00:40.0913 AM
[ReportManager] Attempting to run locally on: [Mac-64], [Safari], Headless Execution. @08-01-2022 02:00:40.0913 AM
[ReportManager] Successfully Opened Safari. @08-01-2022 02:00:41.0877 AM
[ReportManager] Initial window size: (800, 600) @08-01-2022 02:00:41.0883 AM
[ReportManager] Window size after SWD Maximize: (1176, 803) @08-01-2022 02:00:42.0015 AM
[ReportManager] Browser Action [MaximizeWindow] successfully performed. With the following test data [New screen size is now: (1176, 803)]. @08-01-2022 02:00:42.0016 AM
[ReportManager] Target URL: [https://the-internet.herokuapp.com/] @08-01-2022 02:00:42.0016 AM
[ReportManager] Initial URL: [] @08-01-2022 02:00:42.0088 AM
[ReportManager] Browser Action [NavigateToURL] successfully performed. With the following test data [https://the-internet.herokuapp.com/]. @08-01-2022 02:00:42.0745 A

################################################################################################################################################
Starting Execution:	[79 out of 146] test cases in the current suite
Test Method:		[testPackage01.Test_NewValidationHelper.f11]
################################################################################################################################################
[ReportManager] org.openqa.selenium.TimeoutException:
Expected condition failed: waiting for com.shaft.gui.element.ElementActionsHelper$$Lambda$674/0x0000000801109710@64ba3620 (tried for 5 second(s) with 1000 milliseconds interval)
org.openqa.selenium.support.ui.FluentWait.timeoutException(FluentWait.java:263)
org.openqa.selenium.support.ui.FluentWait.until(FluentWait.java:231)
com.shaft.gui.element.ElementActionsHelper.waitForElementPresence(ElementActionsHelper.java:63)
com.shaft.gui.element.ElementActionsHelper.waitForElementPresence(ElementActionsHelper.java:37)
com.shaft.gui.element.WebDriverElementActions.getMatchingElementsCount(WebDriverElementActions.java:1468)
com.shaft.gui.element.WebDriverElementActions.getElementsCount(WebDriverElementActions.java:559)
com.shaft.gui.element.ElementActions.getElementsCount(ElementActions.java:261)
com.shaft.validation.ValidationsHelper.validateElementExists(ValidationsHelper.java:149)
com.shaft.validation.Assertions.assertElementExists(Assertions.java:118)
testPackage01.Test_NewValidationHelper.f11(Test_NewValidationHelper.java:137)
java.base/jdk.internal.reflect.NativeMethodAccessorImpl.invoke0(Native Method)
java.base/jdk.internal.reflect.NativeMethodAccessorImpl.invoke(NativeMethodAccessorImpl.java:77)
java.base/jdk.internal.reflect.DelegatingMethodAccessorImpl.invoke(DelegatingMethodAccessorImpl.java:43)
java.base/java.lang.reflect.Method.invoke(Method.java:568)
org.testng.internal.invokers.MethodInvocationHelper.invokeMethod(MethodInvocationHelper.java:135)
org.testng.internal.invokers.TestInvoker.invokeMethod(TestInvoker.java:673)
org.testng.internal.invokers.TestInvoker.invokeTestMethod(TestInvoker.java:220)
org.testng.internal.invokers.MethodRunner.runInSequence(MethodRunner.java:50)
org.testng.internal.invokers.TestInvoker$MethodInvocationAgent.invoke(TestInvoker.java:945)
org.testng.internal.invokers.TestInvoker.invokeTestMethods(TestInvoker.java:193)
org.testng.internal.invokers.TestMethodWorker.invokeTestMethods(TestMethodWorker.java:146)
org.testng.internal.invokers.TestMethodWorker.run(TestMethodWorker.java:128)
java.base/java.util.ArrayList.forEach(ArrayList.java:1511)
org.testng.TestRunner.privateRun(TestRunner.java:808)
org.testng.TestRunner.run(TestRunner.java:603)
org.testng.SuiteRunner.runTest(SuiteRunner.java:429)
org.testng.SuiteRunner.runSequentially(SuiteRunner.java:423)
org.testng.SuiteRunner.privateRun(SuiteRunner.java:383)
org.testng.SuiteRunner.run(SuiteRunner.java:326)
org.testng.SuiteRunnerWorker.runSuite(SuiteRunnerWorker.java:52)
org.testng.SuiteRunnerWorker.run(SuiteRunnerWorker.java:95)
org.testng.TestNG.runSuitesSequentially(TestNG.java:1249)
org.testng.TestNG.runSuitesLocally(TestNG.java:1169)
org.testng.TestNG.runSuites(TestNG.java:1092)
org.testng.TestNG.run(TestNG.java:1060)
org.apache.maven.surefire.testng.TestNGExecutor.run(TestNGExecutor.java:136)
org.apache.maven.surefire.testng.TestNGDirectoryTestSuite.executeMulti(TestNGDirectoryTestSuite.java:193)
org.apache.maven.surefire.testng.TestNGDirectoryTestSuite.execute(TestNGDirectoryTestSuite.java:94)
org.apache.maven.surefire.testng.TestNGProvider.invoke(TestNGProvider.java:145)
org.apache.maven.surefire.booter.ForkedBooter.runSuitesInProcess(ForkedBooter.java:428)
org.apache.maven.surefire.booter.ForkedBooter.execute(ForkedBooter.java:162)
org.apache.maven.surefire.booter.ForkedBooter.run(ForkedBooter.java:562)
org.apache.maven.surefire.booter.ForkedBooter.main(ForkedBooter.java:548)

Caused by: org.openqa.selenium.NoSuchElementException:
For documentation on this error, please visit: https://selenium.dev/exceptions/#no_such_element
Build info: version: '4.1.1', revision: 'e8fcc2cecf'
System info: host: 'Mac-1641606565351.local', ip: '10.212.20.224', os.name: 'Mac OS X', os.arch: 'x86_64', os.version: '11.5', java.version: '17.0.1'
Driver info: org.openqa.selenium.safari.SafariDriver
Command: [29B698A0-1D8E-45C8-A425-A692E9DC346C, findElement {using=tag name, value=h3}]
Capabilities {acceptInsecureCerts: false, browserName: Safari, browserVersion: 15.2, goog:loggingPrefs: {browser: ALL, client: ALL, driver: ALL, performance: ALL, profiler: ALL, server: ALL}, javascriptEnabled: true, pageLoadStrategy: normal, platform: MAC, platformName: MAC, safari:automaticInspection: false, safari:automaticProfiling: false, safari:diagnose: false, safari:platformBuildVersion: 20G314, safari:platformVersion: 11.6.2, safari:useSimulator: false, setWindowRect: true, strictFileInteractability: false, timeouts: {pageLoad: 30000, script: 30000}, webkit:WebRTC: {DisableICECandidateFiltering: false, DisableInsecureMediaCapture: false}}
Session ID: 29B698A0-1D8E-45C8-A425-A692E9DC346C
jdk.internal.reflect.GeneratedConstructorAccessor70.newInstance(Unknown Source)
java.base/jdk.internal.reflect.DelegatingConstructorAccessorImpl.newInstance(DelegatingConstructorAccessorImpl.java:45)
java.base/java.lang.reflect.Constructor.newInstanceWithCaller(Constructor.java:499)
java.base/java.lang.reflect.Constructor.newInstance(Constructor.java:480)
org.openqa.selenium.remote.codec.w3c.W3CHttpResponseCodec.createException(W3CHttpResponseCodec.java:200)
org.openqa.selenium.remote.codec.w3c.W3CHttpResponseCodec.decode(W3CHttpResponseCodec.java:133)
org.openqa.selenium.remote.codec.w3c.W3CHttpResponseCodec.decode(W3CHttpResponseCodec.java:53)
org.openqa.selenium.remote.HttpCommandExecutor.execute(HttpCommandExecutor.java:184)
org.openqa.selenium.remote.service.DriverCommandExecutor.invokeExecute(DriverCommandExecutor.java:167)
org.openqa.selenium.remote.service.DriverCommandExecutor.execute(DriverCommandExecutor.java:142)
org.openqa.selenium.remote.RemoteWebDriver.execute(RemoteWebDriver.java:543)
org.openqa.selenium.remote.ElementLocation$ElementFinder$2.findElement(ElementLocation.java:162)
org.openqa.selenium.remote.ElementLocation.findElement(ElementLocation.java:60)
org.openqa.selenium.remote.RemoteWebDriver.findElement(RemoteWebDriver.java:367)
org.openqa.selenium.remote.RemoteWebDriver.findElement(RemoteWebDriver.java:359)
com.shaft.gui.element.ElementActionsHelper.lambda$waitForElementPresence$0(ElementActionsHelper.java:66)
org.openqa.selenium.support.ui.FluentWait.until(FluentWait.java:208)
com.shaft.gui.element.ElementActionsHelper.waitForElementPresence(ElementActionsHelper.java:63)
com.shaft.gui.element.ElementActionsHelper.waitForElementPresence(ElementActionsHelper.java:37)
com.shaft.gui.element.WebDriverElementActions.getMatchingElementsCount(WebDriverElementActions.java:1468)
com.shaft.gui.element.WebDriverElementActions.getElementsCount(WebDriverElementActions.java:559)
com.shaft.gui.element.ElementActions.getElementsCount(ElementActions.java:261)
com.shaft.validation.ValidationsHelper.validateElementExists(ValidationsHelper.java:149)
com.shaft.validation.Assertions.assertElementExists(Assertions.java:118)
testPackage01.Test_NewValidationHelper.f11(Test_NewValidationHelper.java:137)
java.base/jdk.internal.reflect.NativeMethodAccessorImpl.invoke0(Native Method)
java.base/jdk.internal.reflect.NativeMethodAccessorImpl.invoke(NativeMethodAccessorImpl.java:77)
java.base/jdk.internal.reflect.DelegatingMethodAccessorImpl.invoke(DelegatingMethodAccessorImpl.java:43)
java.base/java.lang.reflect.Method.invoke(Method.java:568)
org.testng.internal.invokers.MethodInvocationHelper.invokeMethod(MethodInvocationHelper.java:135)
org.testng.internal.invokers.TestInvoker.invokeMethod(TestInvoker.java:673)
org.testng.internal.invokers.TestInvoker.invokeTestMethod(TestInvoker.java:220)
org.testng.internal.invokers.MethodRunner.runInSequence(MethodRunner.java:50)
org.testng.internal.invokers.TestInvoker$MethodInvocationAgent.invoke(TestInvoker.java:945)
org.testng.internal.invokers.TestInvoker.invokeTestMethods(TestInvoker.java:193)
org.testng.internal.invokers.TestMethodWorker.invokeTestMethods(TestMethodWorker.java:146)
org.testng.internal.invokers.TestMethodWorker.run(TestMethodWorker.java:128)
java.base/java.util.ArrayList.forEach(ArrayList.java:1511)
org.testng.TestRunner.privateRun(TestRunner.java:808)
org.testng.TestRunner.run(TestRunner.java:603)
org.testng.SuiteRunner.runTest(SuiteRunner.java:429)
org.testng.SuiteRunner.runSequentially(SuiteRunner.java:423)
org.testng.SuiteRunner.privateRun(SuiteRunner.java:383)
org.testng.SuiteRunner.run(SuiteRunner.java:326)
org.testng.SuiteRunnerWorker.runSuite(SuiteRunnerWorker.java:52)
org.testng.SuiteRunnerWorker.run(SuiteRunnerWorker.java:95)
org.testng.TestNG.runSuitesSequentially(TestNG.java:1249)
org.testng.TestNG.runSuitesLocally(TestNG.java:1169)
org.testng.TestNG.runSuites(TestNG.java:1092)
org.testng.TestNG.run(TestNG.java:1060)
org.apache.maven.surefire.testng.TestNGExecutor.run(TestNGExecutor.java:136)
org.apache.maven.surefire.testng.TestNGDirectoryTestSuite.executeMulti(TestNGDirectoryTestSuite.java:193)
org.apache.maven.surefire.testng.TestNGDirectoryTestSuite.execute(TestNGDirectoryTestSuite.java:94)
org.apache.maven.surefire.testng.TestNGProvider.invoke(TestNGProvider.java:145)
org.apache.maven.surefire.booter.ForkedBooter.runSuitesInProcess(ForkedBooter.java:428)
org.apache.maven.surefire.booter.ForkedBooter.execute(ForkedBooter.java:162)
org.apache.maven.surefire.booter.ForkedBooter.run(ForkedBooter.java:562)
org.apache.maven.surefire.booter.ForkedBooter.main(ForkedBooter.java:548) @08-01-2022 02:00:48.0483 AM
[ReportManager] org.openqa.selenium.TimeoutException:
Expected condition failed: waiting for com.shaft.gui.element.ElementActionsHelper$$Lambda$674/0x0000000801109710@1e69d582 (tried for 5 second(s) with 1000 milliseconds interval)
org.openqa.selenium.support.ui.FluentWait.timeoutException(FluentWait.java:263)
org.openqa.selenium.support.ui.FluentWait.until(FluentWait.java:231)
com.shaft.gui.element.ElementActionsHelper.waitForElementPresence(ElementActionsHelper.java:63)
com.shaft.gui.element.ElementActionsHelper.waitForElementPresence(ElementActionsHelper.java:37)
com.shaft.gui.element.WebDriverElementActions.getMatchingElementsCount(WebDriverElementActions.java:1468)
com.shaft.gui.element.WebDriverElementActions.getElementsCount(WebDriverElementActions.java:559)
com.shaft.gui.element.ElementActions.getElementsCount(ElementActions.java:261)
com.shaft.gui.image.ScreenshotManager.internalCaptureScreenShot(ScreenshotManager.java:394)
com.shaft.gui.image.ScreenshotManager.captureScreenShot(ScreenshotManager.java:141)
com.shaft.validation.ValidationsHelper.reportValidationState(ValidationsHelper.java:823)
com.shaft.validation.ValidationsHelper.pass(ValidationsHelper.java:564)
com.shaft.validation.ValidationsHelper.validateElementExists(ValidationsHelper.java:166)
com.shaft.validation.Assertions.assertElementExists(Assertions.java:118)
testPackage01.Test_NewValidationHelper.f11(Test_NewValidationHelper.java:137)
java.base/jdk.internal.reflect.NativeMethodAccessorImpl.invoke0(Native Method)
java.base/jdk.internal.reflect.NativeMethodAccessorImpl.invoke(NativeMethodAccessorImpl.java:77)
java.base/jdk.internal.reflect.DelegatingMethodAccessorImpl.invoke(DelegatingMethodAccessorImpl.java:43)
java.base/java.lang.reflect.Method.invoke(Method.java:568)
org.testng.internal.invokers.MethodInvocationHelper.invokeMethod(MethodInvocationHelper.java:135)
org.testng.internal.invokers.TestInvoker.invokeMethod(TestInvoker.java:673)
org.testng.internal.invokers.TestInvoker.invokeTestMethod(TestInvoker.java:220)
org.testng.internal.invokers.MethodRunner.runInSequence(MethodRunner.java:50)
org.testng.internal.invokers.TestInvoker$MethodInvocationAgent.invoke(TestInvoker.java:945)
org.testng.internal.invokers.TestInvoker.invokeTestMethods(TestInvoker.java:193)
org.testng.internal.invokers.TestMethodWorker.invokeTestMethods(TestMethodWorker.java:146)
org.testng.internal.invokers.TestMethodWorker.run(TestMethodWorker.java:128)
java.base/java.util.ArrayList.forEach(ArrayList.java:1511)
org.testng.TestRunner.privateRun(TestRunner.java:808)
org.testng.TestRunner.run(TestRunner.java:603)
org.testng.SuiteRunner.runTest(SuiteRunner.java:429)
org.testng.SuiteRunner.runSequentially(SuiteRunner.java:423)
org.testng.SuiteRunner.privateRun(SuiteRunner.java:383)
org.testng.SuiteRunner.run(SuiteRunner.java:326)
org.testng.SuiteRunnerWorker.runSuite(SuiteRunnerWorker.java:52)
org.testng.SuiteRunnerWorker.run(SuiteRunnerWorker.java:95)
org.testng.TestNG.runSuitesSequentially(TestNG.java:1249)
org.testng.TestNG.runSuitesLocally(TestNG.java:1169)
org.testng.TestNG.runSuites(TestNG.java:1092)
org.testng.TestNG.run(TestNG.java:1060)
org.apache.maven.surefire.testng.TestNGExecutor.run(TestNGExecutor.java:136)
org.apache.maven.surefire.testng.TestNGDirectoryTestSuite.executeMulti(TestNGDirectoryTestSuite.java:193)
org.apache.maven.surefire.testng.TestNGDirectoryTestSuite.execute(TestNGDirectoryTestSuite.java:94)
org.apache.maven.surefire.testng.TestNGProvider.invoke(TestNGProvider.java:145)
org.apache.maven.surefire.booter.ForkedBooter.runSuitesInProcess(ForkedBooter.java:428)
org.apache.maven.surefire.booter.ForkedBooter.execute(ForkedBooter.java:162)
org.apache.maven.surefire.booter.ForkedBooter.run(ForkedBooter.java:562)
org.apache.maven.surefire.booter.ForkedBooter.main(ForkedBooter.java:548)

Caused by: org.openqa.selenium.NoSuchElementException:
For documentation on this error, please visit: https://selenium.dev/exceptions/#no_such_element
Build info: version: '4.1.1', revision: 'e8fcc2cecf'
System info: host: 'Mac-1641606565351.local', ip: '10.212.20.224', os.name: 'Mac OS X', os.arch: 'x86_64', os.version: '11.5', java.version: '17.0.1'
Driver info: org.openqa.selenium.safari.SafariDriver
Command: [29B698A0-1D8E-45C8-A425-A692E9DC346C, findElement {using=tag name, value=h3}]
Capabilities {acceptInsecureCerts: false, browserName: Safari, browserVersion: 15.2, goog:loggingPrefs: {browser: ALL, client: ALL, driver: ALL, performance: ALL, profiler: ALL, server: ALL}, javascriptEnabled: true, pageLoadStrategy: normal, platform: MAC, platformName: MAC, safari:automaticInspection: false, safari:automaticProfiling: false, safari:diagnose: false, safari:platformBuildVersion: 20G314, safari:platformVersion: 11.6.2, safari:useSimulator: false, setWindowRect: true, strictFileInteractability: false, timeouts: {pageLoad: 30000, script: 30000}, webkit:WebRTC: {DisableICECandidateFiltering: false, DisableInsecureMediaCapture: false}}
Session ID: 29B698A0-1D8E-45C8-A425-A692E9DC346C
jdk.internal.reflect.GeneratedConstructorAccessor70.newInstance(Unknown Source)
java.base/jdk.internal.reflect.DelegatingConstructorAccessorImpl.newInstance(DelegatingConstructorAccessorImpl.java:45)
java.base/java.lang.reflect.Constructor.newInstanceWithCaller(Constructor.java:499)
java.base/java.lang.reflect.Constructor.newInstance(Constructor.java:480)
org.openqa.selenium.remote.codec.w3c.W3CHttpResponseCodec.createException(W3CHttpResponseCodec.java:200)
org.openqa.selenium.remote.codec.w3c.W3CHttpResponseCodec.decode(W3CHttpResponseCodec.java:133)
org.openqa.selenium.remote.codec.w3c.W3CHttpResponseCodec.decode(W3CHttpResponseCodec.java:53)
org.openqa.selenium.remote.HttpCommandExecutor.execute(HttpCommandExecutor.java:184)
org.openqa.selenium.remote.service.DriverCommandExecutor.invokeExecute(DriverCommandExecutor.java:167)
org.openqa.selenium.remote.service.DriverCommandExecutor.execute(DriverCommandExecutor.java:142)
org.openqa.selenium.remote.RemoteWebDriver.execute(RemoteWebDriver.java:543)
org.openqa.selenium.remote.ElementLocation$ElementFinder$2.findElement(ElementLocation.java:162)
org.openqa.selenium.remote.ElementLocation.findElement(ElementLocation.java:60)
org.openqa.selenium.remote.RemoteWebDriver.findElement(RemoteWebDriver.java:367)
org.openqa.selenium.remote.RemoteWebDriver.findElement(RemoteWebDriver.java:359)
com.shaft.gui.element.ElementActionsHelper.lambda$waitForElementPresence$0(ElementActionsHelper.java:66)
org.openqa.selenium.support.ui.FluentWait.until(FluentWait.java:208)
com.shaft.gui.element.ElementActionsHelper.waitForElementPresence(ElementActionsHelper.java:63)
com.shaft.gui.element.ElementActionsHelper.waitForElementPresence(ElementActionsHelper.java:37)
com.shaft.gui.element.WebDriverElementActions.getMatchingElementsCount(WebDriverElementActions.java:1468)
com.shaft.gui.element.WebDriverElementActions.getElementsCount(WebDriverElementActions.java:559)
com.shaft.gui.element.ElementActions.getElementsCount(ElementActions.java:261)
com.shaft.gui.image.ScreenshotManager.internalCaptureScreenShot(ScreenshotManager.java:394)
com.shaft.gui.image.ScreenshotManager.captureScreenShot(ScreenshotManager.java:141)
com.shaft.validation.ValidationsHelper.reportValidationState(ValidationsHelper.java:823)
com.shaft.validation.ValidationsHelper.pass(ValidationsHelper.java:564)
com.shaft.validation.ValidationsHelper.validateElementExists(ValidationsHelper.java:166)
com.shaft.validation.Assertions.assertElementExists(Assertions.java:118)
testPackage01.Test_NewValidationHelper.f11(Test_NewValidationHelper.java:137)
java.base/jdk.internal.reflect.NativeMethodAccessorImpl.invoke0(Native Method)
java.base/jdk.internal.reflect.NativeMethodAccessorImpl.invoke(NativeMethodAccessorImpl.java:77)
java.base/jdk.internal.reflect.DelegatingMethodAccessorImpl.invoke(DelegatingMethodAccessorImpl.java:43)
java.base/java.lang.reflect.Method.invoke(Method.java:568)
org.testng.internal.invokers.MethodInvocationHelper.invokeMethod(MethodInvocationHelper.java:135)
org.testng.internal.invokers.TestInvoker.invokeMethod(TestInvoker.java:673)
org.testng.internal.invokers.TestInvoker.invokeTestMethod(TestInvoker.java:220)
org.testng.internal.invokers.MethodRunner.runInSequence(MethodRunner.java:50)
org.testng.internal.invokers.TestInvoker$MethodInvocationAgent.invoke(TestInvoker.java:945)
org.testng.internal.invokers.TestInvoker.invokeTestMethods(TestInvoker.java:193)
org.testng.internal.invokers.TestMethodWorker.invokeTestMethods(TestMethodWorker.java:146)
org.testng.internal.invokers.TestMethodWorker.run(TestMethodWorker.java:128)
java.base/java.util.ArrayList.forEach(ArrayList.java:1511)
org.testng.TestRunner.privateRun(TestRunner.java:808)
org.testng.TestRunner.run(TestRunner.java:603)
org.testng.SuiteRunner.runTest(SuiteRunner.java:429)
org.testng.SuiteRunner.runSequentially(SuiteRunner.java:423)
org.testng.SuiteRunner.privateRun(SuiteRunner.java:383)
org.testng.SuiteRunner.run(SuiteRunner.java:326)
org.testng.SuiteRunnerWorker.runSuite(SuiteRunnerWorker.java:52)
org.testng.SuiteRunnerWorker.run(SuiteRunnerWorker.java:95)
org.testng.TestNG.runSuitesSequentially(TestNG.java:1249)
org.testng.TestNG.runSuitesLocally(TestNG.java:1169)
org.testng.TestNG.runSuites(TestNG.java:1092)
org.testng.TestNG.run(TestNG.java:1060)
org.apache.maven.surefire.testng.TestNGExecutor.run(TestNGExecutor.java:136)
org.apache.maven.surefire.testng.TestNGDirectoryTestSuite.executeMulti(TestNGDirectoryTestSuite.java:193)
org.apache.maven.surefire.testng.TestNGDirectoryTestSuite.execute(TestNGDirectoryTestSuite.java:94)
org.apache.maven.surefire.testng.TestNGProvider.invoke(TestNGProvider.java:145)
org.apache.maven.surefire.booter.ForkedBooter.runSuitesInProcess(ForkedBooter.java:428)
org.apache.maven.surefire.booter.ForkedBooter.execute(ForkedBooter.java:162)
org.apache.maven.surefire.booter.ForkedBooter.run(ForkedBooter.java:562)
org.apache.maven.surefire.booter.ForkedBooter.main(ForkedBooter.java:548) @08-01-2022 02:00:53.0995 AM
[ReportManager] Assertion Passed: Checking that false tag doesn't exist @08-01-2022 02:00:54.0106 AM
[ReportManager] Successfully created attachment [Screenshot - 1641607254022_f11_ValidateElementExists_passed] @08-01-2022 02:00:54.0108 AM
[ReportManager] Assertion [ValidateElementExists] PASSED. Expected [Element Should not Exist, locator 'By.tagName: h3'] and Actual [Element Doesn't Exists]. Comparison Type [EQUALS]. Validation Type [NEGATIVE]. @08-01-2022 02:00:54.0108 A
[ReportManager] Successfully Closed All Drivers. @08-01-2022 02:00:54.0361 A
[ReportManager] File Action [GetAbsolutePath] successfully performed. With the following test data [Relative Folder Path: "target/downloadedFiles/"]. @08-01-2022 02:00:54.0363 AM
[ReportManager] Attempting to run locally on: [Mac-64], [Safari], Headless Execution. @08-01-2022 02:00:54.0364 AM
[ReportManager] Successfully Opened Safari. @08-01-2022 02:00:55.0227 AM
[ReportManager] Initial window size: (800, 600) @08-01-2022 02:00:55.0259 AM
[ReportManager] Window size after SWD Maximize: (1176, 803) @08-01-2022 02:00:55.0323 AM
[ReportManager] Browser Action [MaximizeWindow] successfully performed. With the following test data [New screen size is now: (1176, 803)]. @08-01-2022 02:00:55.0324 AM
[ReportManager] Target URL: [https://the-internet.herokuapp.com/] @08-01-2022 02:00:55.0324 AM
[ReportManager] Initial URL: [] @08-01-2022 02:00:55.0428 AM
[ReportManager] Browser Action [NavigateToURL] successfully performed. With the following test data [https://the-internet.herokuapp.com/]. @08-01-2022 02:00:55.0847 A

################################################################################################################################################
Starting Execution:	[80 out of 146] test cases in the current suite
Test Method:		[testPackage01.Test_NewValidationHelper.f12]
################################################################################################################################################
[ReportManager] Loaded Shared OpenCV @08-01-2022 02:00:55.0968 AM
[ReportManager] Assertion [ValidateElementExists] FAILED. Expected [Element Should not Exist, locator 'By.tagName: h1'] and Actual [Element Exists]. Comparison Type [EQUALS]. Validation Type [NEGATIVE]. @08-01-2022 02:00:56.0060 AM
[ReportManager] Successfully created attachment [Screenshot - 1641607255968_f12_ValidateElementExists_failed] @08-01-2022 02:00:56.0062 A
[ReportManager] Successfully Closed All Drivers. @08-01-2022 02:00:56.0455 A
[ReportManager] File Action [GetAbsolutePath] successfully performed. With the following test data [Relative Folder Path: "target/downloadedFiles/"]. @08-01-2022 02:00:56.0458 AM
[ReportManager] Attempting to run locally on: [Mac-64], [Safari], Headless Execution. @08-01-2022 02:00:56.0458 AM
[ReportManager] Successfully Opened Safari. @08-01-2022 02:00:57.0293 AM
[ReportManager] Initial window size: (800, 600) @08-01-2022 02:00:57.0328 AM
[ReportManager] Window size after SWD Maximize: (1176, 803) @08-01-2022 02:00:57.0363 AM
[ReportManager] Browser Action [MaximizeWindow] successfully performed. With the following test data [New screen size is now: (1176, 803)]. @08-01-2022 02:00:57.0363 AM
[ReportManager] Target URL: [https://the-internet.herokuapp.com/] @08-01-2022 02:00:57.0364 AM
[ReportManager] Initial URL: [] @08-01-2022 02:00:57.0447 AM
[ReportManager] Browser Action [NavigateToURL] successfully performed. With the following test data [https://the-internet.herokuapp.com/]. @08-01-2022 02:00:57.0952 A

################################################################################################################################################
Starting Execution:	[81 out of 146] test cases in the current suite
Test Method:		[testPackage01.Test_NewValidationHelper.f13]
################################################################################################################################################
[ReportManager] Loaded Shared OpenCV @08-01-2022 02:00:58.0047 AM
[ReportManager] Assertion [ValidateElementExists] FAILED. Expected [Element Should not Exist, locator 'By.tagName: div'] and Actual [Element Exists but is not unique]. Comparison Type [EQUALS]. Validation Type [NEGATIVE]. @08-01-2022 02:00:58.0205 AM
[ReportManager] Successfully created attachment [Screenshot - 1641607258047_f13_ValidateElementExists_failed] @08-01-2022 02:00:58.0207 A
[ReportManager] Successfully Closed All Drivers. @08-01-2022 02:00:58.0450 A
[ReportManager] File Action [GetAbsolutePath] successfully performed. With the following test data [Relative Folder Path: "target/downloadedFiles/"]. @08-01-2022 02:00:58.0452 AM
[ReportManager] Attempting to run locally on: [Mac-64], [Safari], Headless Execution. @08-01-2022 02:00:58.0452 AM
[ReportManager] An Exception Occured with this Message: Could not start a new session. Possible causes are invalid address of the remote server or browser start-up failure.. @08-01-2022 02:00:58.0718 AM
[ReportManager] Successfully created attachment [Exception Stack Trace - org.openqa.selenium.SessionNotCreatedException] @08-01-2022 02:00:58.0759 AM
[ReportManager] Driver Factory Action [createNewLocalDriverInstanceForSafari] failed. With the following test data [Failed to create a session on DESKTOP_SAFARI]. @08-01-2022 02:00:58.0759 A

################################################################################################################################################
Starting Execution:	[82 out of 146] test cases in the current suite
Test Method:		[testPackage01.Test_NewValidationHelper.f14]
###############################################################################################################################################



################################################################################################################################################
Starting Execution:	[83 out of 146] test cases in the current suite
Test Method:		[testPackage01.Test_NewValidationHelper.f15]
###############################################################################################################################################



################################################################################################################################################
Starting Execution:	[84 out of 146] test cases in the current suite
Test Method:		[testPackage01.Test_NewValidationHelper.f16]
###############################################################################################################################################



################################################################################################################################################
Starting Execution:	[85 out of 146] test cases in the current suite
Test Method:		[testPackage01.Test_NewValidationHelper.f17]
###############################################################################################################################################



################################################################################################################################################
Starting Execution:	[86 out of 146] test cases in the current suite
Test Method:		[testPackage01.Test_NewValidationHelper.f18]
###############################################################################################################################################


################################################################################################################################################
Starting Execution:	[87 out of 146] test cases in the current suite
Test Method:		[testPackage01.Test_NewValidationHelper.f2]
###############################################################################################################################################


################################################################################################################################################
Starting Execution:	[88 out of 146] test cases in the current suite
Test Method:		[testPackage01.Test_NewValidationHelper.f20]
###############################################################################################################################################



################################################################################################################################################
Starting Execution:	[89 out of 146] test cases in the current suite
Test Method:		[testPackage01.Test_NewValidationHelper.f21]
###############################################################################################################################################



################################################################################################################################################
Starting Execution:	[90 out of 146] test cases in the current suite
Test Method:		[testPackage01.Test_NewValidationHelper.f22]
###############################################################################################################################################


################################################################################################################################################
Starting Execution:	[91 out of 146] test cases in the current suite
Test Method:		[testPackage01.Test_NewValidationHelper.f23]
###############################################################################################################################################

################################################################################################################################################
Starting Execution:	[92 out of 146] test cases in the current suite
Test Method:		[testPackage01.Test_NewValidationHelper.f24]
###############################################################################################################################################

################################################################################################################################################
Starting Execution:	[93 out of 146] test cases in the current suite
Test Method:		[testPackage01.Test_NewValidationHelper.f25]
###############################################################################################################################################

################################################################################################################################################
Starting Execution:	[94 out of 146] test cases in the current suite
Test Method:		[testPackage01.Test_NewValidationHelper.f26]
###############################################################################################################################################

################################################################################################################################################
Starting Execution:	[95 out of 146] test cases in the current suite
Test Method:		[testPackage01.Test_NewValidationHelper.f27]
###############################################################################################################################################

################################################################################################################################################
Starting Execution:	[96 out of 146] test cases in the current suite
Test Method:		[testPackage01.Test_NewValidationHelper.f28]
###############################################################################################################################################

################################################################################################################################################
Starting Execution:	[97 out of 146] test cases in the current suite
Test Method:		[testPackage01.Test_NewValidationHelper.f29]
###############################################################################################################################################

################################################################################################################################################
Starting Execution:	[98 out of 146] test cases in the current suite
Test Method:		[testPackage01.Test_NewValidationHelper.f3]
###############################################################################################################################################

################################################################################################################################################
Starting Execution:	[99 out of 146] test cases in the current suite
Test Method:		[testPackage01.Test_NewValidationHelper.f30]
###############################################################################################################################################

################################################################################################################################################
Starting Execution:	[100 out of 146] test cases in the current suite
Test Method:		[testPackage01.Test_NewValidationHelper.f31]
###############################################################################################################################################

################################################################################################################################################
Starting Execution:	[101 out of 146] test cases in the current suite
Test Method:		[testPackage01.Test_NewValidationHelper.f32]
###############################################################################################################################################

################################################################################################################################################
Starting Execution:	[102 out of 146] test cases in the current suite
Test Method:		[testPackage01.Test_NewValidationHelper.f33]
###############################################################################################################################################

################################################################################################################################################
Starting Execution:	[103 out of 146] test cases in the current suite
Test Method:		[testPackage01.Test_NewValidationHelper.f34]
###############################################################################################################################################

################################################################################################################################################
Starting Execution:	[104 out of 146] test cases in the current suite
Test Method:		[testPackage01.Test_NewValidationHelper.f35]
###############################################################################################################################################

################################################################################################################################################
Starting Execution:	[105 out of 146] test cases in the current suite
Test Method:		[testPackage01.Test_NewValidationHelper.f36]
###############################################################################################################################################

################################################################################################################################################
Starting Execution:	[106 out of 146] test cases in the current suite
Test Method:		[testPackage01.Test_NewValidationHelper.f37]
###############################################################################################################################################

################################################################################################################################################
Starting Execution:	[107 out of 146] test cases in the current suite
Test Method:		[testPackage01.Test_NewValidationHelper.f3_1]
###############################################################################################################################################

################################################################################################################################################
Starting Execution:	[108 out of 146] test cases in the current suite
Test Method:		[testPackage01.Test_NewValidationHelper.f4]
###############################################################################################################################################

################################################################################################################################################
Starting Execution:	[109 out of 146] test cases in the current suite
Test Method:		[testPackage01.Test_NewValidationHelper.f5]
###############################################################################################################################################

################################################################################################################################################
Starting Execution:	[110 out of 146] test cases in the current suite
Test Method:		[testPackage01.Test_NewValidationHelper.f6]
###############################################################################################################################################

################################################################################################################################################
Starting Execution:	[111 out of 146] test cases in the current suite
Test Method:		[testPackage01.Test_NewValidationHelper.f6_1]
###############################################################################################################################################

################################################################################################################################################
Starting Execution:	[112 out of 146] test cases in the current suite
Test Method:		[testPackage01.Test_NewValidationHelper.f6_2]
###############################################################################################################################################

################################################################################################################################################
Starting Execution:	[113 out of 146] test cases in the current suite
Test Method:		[testPackage01.Test_NewValidationHelper.f7]
###############################################################################################################################################


################################################################################################################################################
Starting Execution:	[114 out of 146] test cases in the current suite
Test Method:		[testPackage01.Test_NewValidationHelper.f8]
###############################################################################################################################################



################################################################################################################################################
Starting Execution:	[115 out of 146] test cases in the current suite
Test Method:		[testPackage01.Test_NewValidationHelper.f9]
###############################################################################################################################################


################################################################################################################################################
Starting Execution:	[116 out of 146] test cases in the current suite
Test Method:		[testPackage01.Test_NewValidationHelper.forceFail]
###############################################################################################################################################

################################################################################################################################################
Starting Execution:	[117 out of 146] test cases in the current suite
Test Method:		[testPackage01.Test_NewValidationHelper.forceFail2]
###############################################################################################################################################

################################################################################################################################################
Starting Execution:	[118 out of 146] test cases in the current suite
Test Method:		[testPackage01.Test_JsonActions.f]
###############################################################################################################################################

################################################################################################################################################
Starting Execution:	[119 out of 146] test cases in the current suite
Test Method:		[testPackage01.Test_JsonActions.f2]
###############################################################################################################################################

################################################################################################################################################
Starting Execution:	[120 out of 146] test cases in the current suite
Test Method:		[testPackage01.Test_sendGraphqlRequest.sendGraphqlRequestUsingMutationAndVariables]
################################################################################################################################################
[ReportManager] GraphQl Request is being Performed with the Following Parameters [Service URL: https://api.spacex.land/graphql | Request Body: {"variables":"{\"name\": \"sherlock holmes\",\"rocket\": \"221B Baker Street\"}","query":"mutation ($name: String, $rocket: String) {\n  insert_users(objects: {name: $name, rocket: $rocket}) {\n    returning {\n      name\n      rocket\n    }\n  }\n}"}] @08-01-2022 02:00:58.0999 AM
[ReportManager] Response status code: [200], status line: [HTTP/1.1 200 OK] @08-01-2022 02:00:59.0384 AM
[ReportManager] Assertion Passed: Evaluating the actual response status code against the expected one... @08-01-2022 02:00:59.0384 AM
[ReportManager] Assertion [ValidateComparativeRelation] PASSED. Expected [200] and Actual [200]. Comparison Type [EQUALS]. Validation Type [POSITIVE]. @08-01-2022 02:00:59.0384 AM
[ReportManager] API Action [PerformRequest] successfully performed. With the following test data [Request Type: "POST" | Target Status Code: "200" | Service URL: "https://api.spacex.land/graphql" | Content Type: "application/json" | Response Time: "266ms"]. @08-01-2022 02:00:59.0447 AM
[ReportManager] Successfully created attachment [API Request - Specifications] @08-01-2022 02:00:59.0448 AM
[ReportManager] Successfully created attachment [API Request - JSON Body] @08-01-2022 02:00:59.0458 AM
[ReportManager] Successfully created attachment [API Response - JSON Body] @08-01-2022 02:00:59.0459 AM
[ReportManager] API Action [GetResponseJSONValue] successfully performed. With the following test data [data.insert_users.returning[0].name]. @08-01-2022 02:00:59.0527 AM
[ReportManager] Assertion [ValidateEquals] PASSED. Expected [sherlock holmes] and Actual [sherlock holmes]. Comparison Type [EQUALS]. Validation Type [POSITIVE]. @08-01-2022 02:00:59.0527 A

################################################################################################################################################
Starting Execution:	[121 out of 146] test cases in the current suite
Test Method:		[testPackage01.Test_sendGraphqlRequest.sendGraphqlRequestUsingQuery]
################################################################################################################################################
[ReportManager] GraphQl Request is being Performed with the Following Parameters [Service URL: https://api.spacex.land/graphql | Request Body: {"query":"{company {ceo}}"}] @08-01-2022 02:00:59.0532 AM
[ReportManager] Response status code: [200], status line: [HTTP/1.1 200 OK] @08-01-2022 02:00:59.0617 AM
[ReportManager] Assertion Passed: Evaluating the actual response status code against the expected one... @08-01-2022 02:00:59.0617 AM
[ReportManager] Assertion [ValidateComparativeRelation] PASSED. Expected [200] and Actual [200]. Comparison Type [EQUALS]. Validation Type [POSITIVE]. @08-01-2022 02:00:59.0617 AM
[ReportManager] API Action [PerformRequest] successfully performed. With the following test data [Request Type: "POST" | Target Status Code: "200" | Service URL: "https://api.spacex.land/graphql" | Content Type: "application/json" | Response Time: "78ms"]. @08-01-2022 02:00:59.0630 AM
[ReportManager] Successfully created attachment [API Request - Specifications] @08-01-2022 02:00:59.0631 AM
[ReportManager] Successfully created attachment [API Request - JSON Body] @08-01-2022 02:00:59.0632 AM
[ReportManager] Successfully created attachment [API Response - JSON Body] @08-01-2022 02:00:59.0632 AM
[ReportManager] API Action [GetResponseJSONValue] successfully performed. With the following test data [data.company.ceo]. @08-01-2022 02:00:59.0645 AM
[ReportManager] Assertion [ValidateEquals] PASSED. Expected [Elon Musk] and Actual [Elon Musk]. Comparison Type [EQUALS]. Validation Type [POSITIVE]. @08-01-2022 02:00:59.0645 A

################################################################################################################################################
Starting Execution:	[122 out of 146] test cases in the current suite
Test Method:		[testPackage01.Test_MatchJsonSchema.checkAPI_ResponseSchema]
################################################################################################################################################
[ReportManager] Response status code: [200], status line: [HTTP/1.1 200 OK] @08-01-2022 02:00:59.0747 AM
[ReportManager] Assertion Passed: Evaluating the actual response status code against the expected one... @08-01-2022 02:00:59.0747 AM
[ReportManager] Assertion [ValidateComparativeRelation] PASSED. Expected [200] and Actual [200]. Comparison Type [EQUALS]. Validation Type [POSITIVE]. @08-01-2022 02:00:59.0748 AM
[ReportManager] API Action [PerformRequest] successfully performed. With the following test data [Request Type: "GET" | Target Status Code: "200" | Service URL: "http://api.zippopotam.us/us/90210" | Content Type: "*/*" | Response Time: "92ms"]. @08-01-2022 02:00:59.0761 AM
[ReportManager] Successfully created attachment [API Request - Specifications] @08-01-2022 02:00:59.0762 AM
[ReportManager] Successfully created attachment [API Response - JSON Body] @08-01-2022 02:00:59.0762 AM
[ReportManager] File Action [GetAbsolutePath] successfully performed. With the following test data [Relative Folder Path: "src/test/resources/testDataFiles/schema.json"]. @08-01-2022 02:00:59.0763 AM
[ReportManager] File Action [GetAbsolutePath] successfully performed. With the following test data [Relative Folder Path: "/Users/runner/work/SHAFT_ENGINE/SHAFT_ENGINE/src/test/resources/testDataFiles/schema.json"]. @08-01-2022 02:01:01.0396 AM
[ReportManager] File Action [ReadFromFile] successfully performed. With the following test data [File Path: "/Users/runner/work/SHAFT_ENGINE/SHAFT_ENGINE/src/test/resources/testDataFiles/schema.json"]. @08-01-2022 02:01:01.0400 AM
[ReportManager] Assertion Passed: Then I Assert that the API response schema matches that in this file [src/test/resources/testDataFiles/schema.json]. @08-01-2022 02:01:01.0403 AM
[ReportManager] Successfully created attachment [Validation Test Data - Expected JSON Value] @08-01-2022 02:01:01.0404 AM
[ReportManager] Successfully created attachment [Validation Test Data - Actual JSON Value] @08-01-2022 02:01:01.0406 AM
[ReportManager] Assertion [ValidateResponseFileSchema] PASSED. Expected [Response data should match the JSON File in this path '/Users/runner/work/SHAFT_ENGINE/SHAFT_ENGINE/src/test/resources/testDataFiles/schema.json'] and Actual [TRUE]. Comparison Type [EQUALS]. Validation Type [POSITIVE]. @08-01-2022 02:01:01.0407 A
[ReportManager] File Action [GetAbsolutePath] successfully performed. With the following test data [Relative Folder Path: "target/downloadedFiles/"]. @08-01-2022 02:01:01.0420 AM
[ReportManager] Attempting to run locally on: [Mac-64], [Safari], Headless Execution. @08-01-2022 02:01:01.0421 AM
[ReportManager] Successfully Opened Safari. @08-01-2022 02:01:02.0351 AM
[ReportManager] Initial window size: (800, 600) @08-01-2022 02:01:02.0376 AM
[ReportManager] Window size after SWD Maximize: (1176, 803) @08-01-2022 02:01:02.0395 AM
[ReportManager] Browser Action [MaximizeWindow] successfully performed. With the following test data [New screen size is now: (1176, 803)]. @08-01-2022 02:01:02.0396 A

################################################################################################################################################
Starting Execution:	[123 out of 146] test cases in the current suite
Test Method:		[testPackage01.Test_dragAndDrop.dragAndDropJquery]
################################################################################################################################################
[ReportManager] Target URL: [https://jqueryui.com/resources/demos/droppable/default.html] @08-01-2022 02:01:02.0399 AM
[ReportManager] Initial URL: [] @08-01-2022 02:01:02.0464 AM
[ReportManager] Browser Action [NavigateToURL] successfully performed. With the following test data [https://jqueryui.com/resources/demos/droppable/default.html]. @08-01-2022 02:01:02.0838 AM
[ReportManager] Element Action [GetText] successfully performed. With the following test data [
	Drop here
]. @08-01-2022 02:01:02.0943 AM
[ReportManager] Element Action [DragAndDrop] successfully performed. With the following test data [Start point: (8, 18), End point: (8, 18)]. @08-01-2022 02:01:04.0171 AM
[ReportManager] Element Action [GetText] successfully performed. With the following test data [
	Dropped!
]. @08-01-2022 02:01:04.0217 AM
[ReportManager] Assertion Passed: Checking to see if the text has changed after performing drag and drop @08-01-2022 02:01:04.0218 AM
[ReportManager] Assertion [ValidateEquals] PASSED. Expected [
	Drop here
] and Actual [
	Dropped!
]. Comparison Type [EQUALS]. Validation Type [NEGATIVE]. @08-01-2022 02:01:04.0218 A
[ReportManager] Browser Action [CloseCurrentWindow] successfully performed. @08-01-2022 02:01:04.0465 AM
[ReportManager] Successfully created attachment [Browser Action Test Data - CloseCurrentWindow - Actual Value] @08-01-2022 02:01:04.0466 A
[ReportManager] File Action [GetAbsolutePath] successfully performed. With the following test data [Relative Folder Path: "target/downloadedFiles/"]. @08-01-2022 02:01:04.0468 AM
[ReportManager] Attempting to run locally on: [Mac-64], [Safari], Headless Execution. @08-01-2022 02:01:04.0468 AM
[ReportManager] Successfully Opened Safari. @08-01-2022 02:01:05.0319 AM
[ReportManager] Initial window size: (800, 600) @08-01-2022 02:01:05.0357 AM
[ReportManager] Window size after SWD Maximize: (1176, 803) @08-01-2022 02:01:05.0444 AM
[ReportManager] Browser Action [MaximizeWindow] successfully performed. With the following test data [New screen size is now: (1176, 803)]. @08-01-2022 02:01:05.0444 A

################################################################################################################################################
Starting Execution:	[124 out of 146] test cases in the current suite
Test Method:		[testPackage01.Test_dragAndDrop.dragAndDrop]
Test Description:	[TC001 - Test Drag and Drop function.]
################################################################################################################################################
[ReportManager] Target URL: [http://the-internet.herokuapp.com/drag_and_drop] @08-01-2022 02:01:05.0448 AM
[ReportManager] Initial URL: [] @08-01-2022 02:01:05.0491 AM
[ReportManager] Browser Action [NavigateToURL] successfully performed. With the following test data [http://the-internet.herokuapp.com/drag_and_drop]. @08-01-2022 02:01:05.0926 AM
[ReportManager] Attempting Drag and Drop @08-01-2022 02:01:05.0926 AM
[ReportManager] Element Action [DragAndDrop] successfully performed. With the following test data [Start point: (120, 89), End point: (335, 89)]. @08-01-2022 02:01:06.0762 A
[ReportManager] Browser Action [CloseCurrentWindow] successfully performed. @08-01-2022 02:01:07.0090 AM
[ReportManager] Successfully created attachment [Browser Action Test Data - CloseCurrentWindow - Actual Value] @08-01-2022 02:01:07.0090 A
[ReportManager] File Action [GetAbsolutePath] successfully performed. With the following test data [Relative Folder Path: "target/downloadedFiles/"]. @08-01-2022 02:01:07.0093 AM
[ReportManager] Attempting to run locally on: [Mac-64], [Safari], Headless Execution. @08-01-2022 02:01:07.0093 AM
[ReportManager] An Exception Occured with this Message: Could not start a new session. Possible causes are invalid address of the remote server or browser start-up failure.. @08-01-2022 02:01:07.0464 AM
[ReportManager] Successfully created attachment [Exception Stack Trace - org.openqa.selenium.SessionNotCreatedException] @08-01-2022 02:01:07.0464 AM
[ReportManager] Driver Factory Action [createNewLocalDriverInstanceForSafari] failed. With the following test data [Failed to create a session on DESKTOP_SAFARI]. @08-01-2022 02:01:07.0465 A

################################################################################################################################################
Starting Execution:	[125 out of 146] test cases in the current suite
Test Method:		[testPackage01.Test_dragAndDrop.dragAndDropByOffset]
Test Description:	[TC002 - Test Drag and Drop by offset function.]
###############################################################################################################################################

[ReportManager] Successfully loaded the following test data file [src/test/resources/testDataFiles/testSuite01/TestData.xlsx]. @08-01-2022 02:01:07.0515 AM
[ReportManager] Successfully created attachment [Test Data - Excel] @08-01-2022 02:01:07.0516 AM
[ReportManager] File Action [GetAbsolutePath] successfully performed. With the following test data [Relative Folder Path: "target/downloadedFiles/"]. @08-01-2022 02:01:07.0516 AM
[ReportManager] Attempting to run locally on: [Mac-64], [Safari], Headless Execution. @08-01-2022 02:01:07.0516 AM
[ReportManager] Successfully Opened Safari. @08-01-2022 02:01:08.0330 AM
[ReportManager] Initial window size: (800, 600) @08-01-2022 02:01:08.0348 AM
[ReportManager] Window size after SWD Maximize: (1176, 803) @08-01-2022 02:01:08.0385 AM
[ReportManager] Browser Action [MaximizeWindow] successfully performed. With the following test data [New screen size is now: (1176, 803)]. @08-01-2022 02:01:08.0385 A

################################################################################################################################################
Starting Execution:	[126 out of 146] test cases in the current suite
Test Method:		[testPackage01.Test_google.navigateToURLandVerifyGoogleLogoIsDisplayed]
Test Description:	[TC001 - Navigate to URL and Verify Google Logo is Displayed]
################################################################################################################################################
[ReportManager] Target URL: [https://www.google.com/ncr], and after redirection: [https://www.google.com] @08-01-2022 02:01:08.0387 AM
[ReportManager] Initial URL: [] @08-01-2022 02:01:08.0435 AM
[ReportManager] Browser Action [NavigateToURL] successfully performed. With the following test data [https://www.google.com/ncr]. @08-01-2022 02:01:09.0817 AM
[ReportManager] Loaded Shared OpenCV @08-01-2022 02:01:09.0899 AM
[ReportManager] Assertion Passed: Then I Assert that the element found by [By.xpath: //*[@id='hplogo' or @alt='Google']] exists. @08-01-2022 02:01:10.0052 AM
[ReportManager] Successfully created attachment [Screenshot - 1641607269899_navigateToURLandVerifyGoogleLogoIsDisplayed_ValidateElementExists_passed] @08-01-2022 02:01:10.0054 AM
[ReportManager] Assertion [ValidateElementExists] PASSED. Expected [Element Should Exist, locator 'By.xpath: //*[@id='hplogo' or @alt='Google']'] and Actual [Element Exists]. Comparison Type [EQUALS]. Validation Type [POSITIVE]. @08-01-2022 02:01:10.0054 A

################################################################################################################################################
Starting Execution:	[127 out of 146] test cases in the current suite
Test Method:		[testPackage01.Test_google.searchForQueryandAssertResultsNumDisplayed]
Test Description:	[TC002 - Search for Query and Assert that the number of results is displayed]
################################################################################################################################################
[ReportManager] Element Action [Type] successfully performed. With the following test data [SHAFT_Engine]. @08-01-2022 02:01:10.0373 AM
[ReportManager] Element Action [KeyPress] successfully performed. With the following test data [Enter]. @08-01-2022 02:01:10.0482 AM
[ReportManager] Element Action [GetText] successfully performed. With the following test data [About 890,000 results (0.88 seconds)Quick SettingsSee all settingsPrivacySearch historyYour data in SearchUsing SearchExplicit results filterLearn more about SafeSearchHide explicit resultsLanguagesEnglishAdvanced searchAppearanceLight themeDark themeDevice defaultSupportSearch help]. @08-01-2022 02:01:12.0048 AM
[ReportManager] Loaded Shared OpenCV @08-01-2022 02:01:12.0308 AM
[ReportManager] Assertion Passed: Then I Assert that the element found by [By.id: appbar] text does not equal []. @08-01-2022 02:01:12.0445 AM
[ReportManager] Successfully created attachment [Screenshot - 1641607272308_searchForQueryandAssertResultsNumDisplayed_ValidateElementAttribute_passed] @08-01-2022 02:01:12.0449 AM
[ReportManager] Assertion [ValidateElementAttribute] PASSED. Expected [Value Should not be '' for the 'text' attribute, element locator 'By.id: appbar'] and Actual [About 890,000 results (0.88 seconds)Quick SettingsSee all settingsPrivacySearch historyYour data in SearchUsing SearchExplicit results filterLearn more about SafeSearchHide explicit resultsLanguagesEnglishAdvanced searchAppearanceLight themeDark themeDevice defaultSupportSearch help]. Comparison Type [EQUALS]. Validation Type [NEGATIVE]. @08-01-2022 02:01:12.0449 A

################################################################################################################################################
Starting Execution:	[128 out of 146] test cases in the current suite
Test Method:		[testPackage01.Test_google.clickNextThrice]
Test Description:	[TC003 - Clicks the next button to make sure that the framework can scroll element into view before clicking it]
################################################################################################################################################
[ReportManager] Element Action [Click] successfully performed. With the following test data [By.xpath: //span[text()='Next']]. @08-01-2022 02:01:12.0675 A
[ReportManager] Successfully Closed All Drivers. @08-01-2022 02:01:12.0866 A
[ReportManager] File Action [GetAbsolutePath] successfully performed. With the following test data [Relative Folder Path: "target/downloadedFiles/"]. @08-01-2022 02:01:12.0868 AM
[ReportManager] Attempting to run locally on: [Mac-64], [Safari], Headless Execution. @08-01-2022 02:01:12.0868 AM
[ReportManager] An Exception Occured with this Message: Could not start a new session. Possible causes are invalid address of the remote server or browser start-up failure.. @08-01-2022 02:01:13.0407 AM
[ReportManager] Successfully created attachment [Exception Stack Trace - org.openqa.selenium.SessionNotCreatedException] @08-01-2022 02:01:13.0408 AM
[ReportManager] Driver Factory Action [createNewLocalDriverInstanceForSafari] failed. With the following test data [Failed to create a session on DESKTOP_SAFARI]. @08-01-2022 02:01:13.0408 A

################################################################################################################################################
Starting Execution:	[129 out of 146] test cases in the current suite
Test Method:		[testPackage01.Test_chainableElementActions.chainElementActions]
###############################################################################################################################################

[ReportManager] File Action [GetAbsolutePath] successfully performed. With the following test data [Relative Folder Path: "target/downloadedFiles/"]. @08-01-2022 02:01:13.0417 AM
[ReportManager] Attempting to run locally on: [Mac-64], [Safari], Headless Execution. @08-01-2022 02:01:13.0417 AM
[ReportManager] Successfully Opened Safari. @08-01-2022 02:01:14.0307 AM
[ReportManager] Initial window size: (800, 600) @08-01-2022 02:01:14.0339 AM
[ReportManager] Window size after SWD Maximize: (1176, 803) @08-01-2022 02:01:14.0356 AM
[ReportManager] Browser Action [MaximizeWindow] successfully performed. With the following test data [New screen size is now: (1176, 803)]. @08-01-2022 02:01:14.0356 A

################################################################################################################################################
Starting Execution:	[130 out of 146] test cases in the current suite
Test Method:		[testPackage01.Test_RelativeLocators.relativeLocatorsTest1]
################################################################################################################################################
[ReportManager] Target URL: [https://duckduckgo.com/] @08-01-2022 02:01:14.0360 AM
[ReportManager] Initial URL: [] @08-01-2022 02:01:14.0402 AM
[ReportManager] Browser Action [NavigateToURL] successfully performed. With the following test data [https://duckduckgo.com/]. @08-01-2022 02:01:15.0035 AM
[ReportManager] Element Action [Type] successfully performed. With the following test data [SHAFT_Engine]. @08-01-2022 02:01:15.0370 AM
[ReportManager] Element Action [KeyPress] successfully performed. With the following test data [ENTER]. @08-01-2022 02:01:15.0480 AM
[ReportManager] Element Action [GetText] successfully performed. With the following test data [Horizontal Shaft Engines | Vanguard Commercial Power]. @08-01-2022 02:01:17.0180 AM
[ReportManager] Loaded Shared OpenCV @08-01-2022 02:01:17.0365 AM
[ReportManager] Assertion Passed: Then I Assert that the element found by [Relative Locator: {root={xpath=//a[@class='result__a js-result-title-link']}, filters=[{kind=below, args=[{xpath=//input[@name='q']}]}]}] text does not equal []. @08-01-2022 02:01:17.0518 AM
[ReportManager] Successfully created attachment [Screenshot - 1641607277364_relativeLocatorsTest1_ValidateElementAttribute_passed] @08-01-2022 02:01:17.0521 AM
[ReportManager] Assertion [ValidateElementAttribute] PASSED. Expected [Value Should not be '' for the 'text' attribute, element locator '[unknown locator]'] and Actual [Horizontal Shaft Engines | Vanguard Commercial Power]. Comparison Type [EQUALS]. Validation Type [NEGATIVE]. @08-01-2022 02:01:17.0521 A
[ReportManager] Browser Action [CloseCurrentWindow] successfully performed. @08-01-2022 02:01:17.0838 AM
[ReportManager] Successfully created attachment [Browser Action Test Data - CloseCurrentWindow - Actual Value] @08-01-2022 02:01:17.0839 A

################################################################################################################################################
Starting Execution:	[131 out of 146] test cases in the current suite
Test Method:		[testPackage01.Test_JsonCompareWithSpecialCharacters.specialCharacters]
################################################################################################################################################
[ReportManager] File Action [GetAbsolutePath] successfully performed. With the following test data [Relative Folder Path: "src/test/resources/testDataFiles/specialCharacters.json"]. @08-01-2022 02:01:17.0844 AM
[ReportManager] File Action [ReadFromFile] successfully performed. With the following test data [File Path: "/Users/runner/work/SHAFT_ENGINE/SHAFT_ENGINE/src/test/resources/testDataFiles/specialCharacters.json"]. @08-01-2022 02:01:17.0845 AM
[ReportManager] Successfully created attachment [File Action Actual Result - Command Log] @08-01-2022 02:01:17.0845 AM
[ReportManager] Comparing the provided API response with the file at this path "src/test/resources/testDataFiles/specialCharacters.json", comparison type "EQUALS" @08-01-2022 02:01:17.0847 AM
[ReportManager] API Action [CompareJSON] successfully performed. With the following test data [src/test/resources/testDataFiles/specialCharacters.json]. @08-01-2022 02:01:17.0854 AM
[ReportManager] File Action [GetAbsolutePath] successfully performed. With the following test data [Relative Folder Path: "src/test/resources/testDataFiles/specialCharacters.json"]. @08-01-2022 02:01:17.0854 AM
[ReportManager] File Action [ReadFromFile] successfully performed. With the following test data [File Path: "/Users/runner/work/SHAFT_ENGINE/SHAFT_ENGINE/src/test/resources/testDataFiles/specialCharacters.json"]. @08-01-2022 02:01:17.0854 AM
[ReportManager] Verification [ValidateJSONFileContent] PASSED. Expected [Response data should match the JSON File in this path 'src/test/resources/testDataFiles/specialCharacters.json'] and Actual [TRUE]. Comparison Type [EQUALS]. Validation Type [POSITIVE]. @08-01-2022 02:01:17.0858 AM
[ReportManager] Successfully created attachment [Validation Test Data - Expected JSON Value] @08-01-2022 02:01:17.0859 AM
[ReportManager] Successfully created attachment [Validation Test Data - Actual JSON Value] @08-01-2022 02:01:17.0860 A

################################################################################################################################################
Starting Execution:	[132 out of 146] test cases in the current suite
Test Method:		[testPackage01.Test_JsonCompareWithSpecialCharacters.specialCharacters_assertion]
################################################################################################################################################
[ReportManager] File Action [GetAbsolutePath] successfully performed. With the following test data [Relative Folder Path: "src/test/resources/testDataFiles/specialCharacters.json"]. @08-01-2022 02:01:17.0863 AM
[ReportManager] File Action [ReadFromFile] successfully performed. With the following test data [File Path: "/Users/runner/work/SHAFT_ENGINE/SHAFT_ENGINE/src/test/resources/testDataFiles/specialCharacters.json"]. @08-01-2022 02:01:17.0863 AM
[ReportManager] Successfully created attachment [File Action Actual Result - Command Log] @08-01-2022 02:01:17.0863 AM
[ReportManager] Comparing the provided API response with the file at this path "src/test/resources/testDataFiles/specialCharacters.json", comparison type "CONTAINS" @08-01-2022 02:01:17.0864 AM
[ReportManager] API Action [CompareJSON] successfully performed. With the following test data [src/test/resources/testDataFiles/specialCharacters.json]. @08-01-2022 02:01:17.0873 AM
[ReportManager] File Action [GetAbsolutePath] successfully performed. With the following test data [Relative Folder Path: "src/test/resources/testDataFiles/specialCharacters.json"]. @08-01-2022 02:01:17.0873 AM
[ReportManager] File Action [ReadFromFile] successfully performed. With the following test data [File Path: "/Users/runner/work/SHAFT_ENGINE/SHAFT_ENGINE/src/test/resources/testDataFiles/specialCharacters.json"]. @08-01-2022 02:01:17.0873 AM
[ReportManager] Assertion Passed: trying out the log message @08-01-2022 02:01:17.0878 AM
[ReportManager] Successfully created attachment [Validation Test Data - Expected JSON Value] @08-01-2022 02:01:17.0879 AM
[ReportManager] Successfully created attachment [Validation Test Data - Actual JSON Value] @08-01-2022 02:01:17.0879 AM
[ReportManager] Assertion [ValidateJSONFileContent] PASSED. Expected [Response data should match the JSON File in this path 'src/test/resources/testDataFiles/specialCharacters.json'] and Actual [TRUE]. Comparison Type [CONTAINS]. Validation Type [POSITIVE]. @08-01-2022 02:01:17.0879 A

################################################################################################################################################
Starting Execution:	[133 out of 146] test cases in the current suite
Test Method:		[testPackage01.Test_SkipDueToIssue.doNotSkip]
################################################################################################################################################
[ReportManager] This should not be skipped. @08-01-2022 02:01:17.0882 A

################################################################################################################################################
Starting Execution:	[134 out of 146] test cases in the current suite
Test Method:		[testPackage01.Test_SkipDueToIssue.skip]
################################################################################################################################################
[ReportManager] This should be skipped. @08-01-2022 02:01:17.0887 A

################################################################################################################################################
Starting Execution:	[135 out of 146] test cases in the current suite
Test Method:		[testPackage01.Test_SkipDueToIssue.skip2]
################################################################################################################################################
[ReportManager] This should be skipped. @08-01-2022 02:01:17.0892 A

################################################################################################################################################
Starting Execution:	[136 out of 146] test cases in the current suite
Test Method:		[testPackage01.Test_JSONFileManager.readStringFromJson]
################################################################################################################################################
[ReportManager] File Action [GetAbsolutePath] successfully performed. With the following test data [Relative Folder Path: "src/test/resources/testDataFiles/simpleJSON.json"]. @08-01-2022 02:01:17.0897 AM
[ReportManager] Successfully loaded the following test data file [src/test/resources/testDataFiles/simpleJSON.json]. @08-01-2022 02:01:17.0897 AM
[ReportManager] Successfully created attachment [Test Data - JSON] @08-01-2022 02:01:17.0898 AM
[ReportManager] File Action [GetAbsolutePath] successfully performed. With the following test data [Relative Folder Path: "src/test/resources/testDataFiles/simpleJSON.json"]. @08-01-2022 02:01:17.0899 AM
[ReportManager] Assertion [ValidateEquals] PASSED. Expected [Mohab Mohie] and Actual [Mohab Mohie]. Comparison Type [EQUALS]. Validation Type [POSITIVE]. @08-01-2022 02:01:17.0911 A
[ReportManager] File Action [GetAbsolutePath] successfully performed. With the following test data [Relative Folder Path: "target/downloadedFiles/"]. @08-01-2022 02:01:17.0913 AM
[ReportManager] Attempting to run locally on: [Mac-64], [Safari], Headless Execution. @08-01-2022 02:01:17.0913 AM
[ReportManager] Successfully Opened Safari. @08-01-2022 02:01:18.0719 AM
[ReportManager] Initial window size: (800, 600) @08-01-2022 02:01:18.0737 AM
[ReportManager] Window size after SWD Maximize: (1176, 803) @08-01-2022 02:01:18.0752 AM
[ReportManager] Browser Action [MaximizeWindow] successfully performed. With the following test data [New screen size is now: (1176, 803)]. @08-01-2022 02:01:18.0752 A

################################################################################################################################################
Starting Execution:	[137 out of 146] test cases in the current suite
Test Method:		[testPackage01.Test_assertEquals.test_assertElementAttribute]
################################################################################################################################################
[ReportManager] Target URL: [https://www.google.com/ncr], and after redirection: [https://www.google.com] @08-01-2022 02:01:18.0756 AM
[ReportManager] Initial URL: [] @08-01-2022 02:01:18.0813 AM
[ReportManager] Browser Action [NavigateToURL] successfully performed. With the following test data [https://www.google.com/ncr]. @08-01-2022 02:01:19.0743 AM
[ReportManager] Element Action [Type] successfully performed. With the following test data [INC_004010050:Another SCHEDULER with the same name [Duplicate Job Name] already exists.]. @08-01-2022 02:01:22.0468 AM
[ReportManager] Element Action [GetText] successfully performed. With the following test data [INC_004010050:Another SCHEDULER with the same name [Duplicate Job Name] already exists.]. @08-01-2022 02:01:22.0522 AM
[ReportManager] Loaded Shared OpenCV @08-01-2022 02:01:22.0568 AM
[ReportManager] Assertion [ValidateElementAttribute] PASSED. Expected [Value Should be 'INC_004010050:Another SCHEDULER with the same name \[Duplicate Job Name\] already exists.' for the 'text' attribute, element locator 'By.name: q'] and Actual [INC_004010050:Another SCHEDULER with the same name [Duplicate Job Name] already exists.]. Comparison Type [MATCHES]. Validation Type [POSITIVE]. @08-01-2022 02:01:22.0659 AM
[ReportManager] Successfully created attachment [Screenshot - 1641607282568_test_assertElementAttribute_ValidateElementAttribute_passed] @08-01-2022 02:01:22.0660 A
[ReportManager] Browser Action [CloseCurrentWindow] successfully performed. @08-01-2022 02:01:22.0982 AM
[ReportManager] Successfully created attachment [Browser Action Test Data - CloseCurrentWindow - Actual Value] @08-01-2022 02:01:22.0983 A
[ReportManager] File Action [GetAbsolutePath] successfully performed. With the following test data [Relative Folder Path: "target/downloadedFiles/"]. @08-01-2022 02:01:22.0984 AM
[ReportManager] Attempting to run locally on: [Mac-64], [Safari], Headless Execution. @08-01-2022 02:01:22.0984 AM
[ReportManager] Successfully Opened Safari. @08-01-2022 02:01:23.0789 AM
[ReportManager] Initial window size: (800, 600) @08-01-2022 02:01:23.0823 AM
[ReportManager] Window size after SWD Maximize: (1176, 803) @08-01-2022 02:01:23.0850 AM
[ReportManager] Browser Action [MaximizeWindow] successfully performed. With the following test data [New screen size is now: (1176, 803)]. @08-01-2022 02:01:23.0850 A

################################################################################################################################################
Starting Execution:	[138 out of 146] test cases in the current suite
Test Method:		[testPackage01.Test_IsElementClickable.testIsElementClickable]
################################################################################################################################################
[ReportManager] Target URL: [https://the-internet.herokuapp.com/] @08-01-2022 02:01:23.0854 AM
[ReportManager] Initial URL: [] @08-01-2022 02:01:23.0907 AM
[ReportManager] Browser Action [NavigateToURL] successfully performed. With the following test data [https://the-internet.herokuapp.com/]. @08-01-2022 02:01:24.0262 AM
[ReportManager] Element Action [IsElementClickable] successfully performed. @08-01-2022 02:01:24.0361 AM
[ReportManager] Assertion [ValidateTrue] PASSED. Expected [TRUE] and Actual [TRUE]. Validation Type [POSITIVE]. @08-01-2022 02:01:24.0362 A
[ReportManager] Browser Action [CloseCurrentWindow] successfully performed. @08-01-2022 02:01:24.0712 AM
[ReportManager] Successfully created attachment [Browser Action Test Data - CloseCurrentWindow - Actual Value] @08-01-2022 02:01:24.0712 A
[ReportManager] Successfully loaded the following test data file [src/test/resources/testDataFiles/testSuite01/TestData.xlsx]. @08-01-2022 02:01:24.0741 AM
[ReportManager] Successfully created attachment [Test Data - Excel] @08-01-2022 02:01:24.0742 AM
[ReportManager] Attempting to run using Playwright locally on: [Mac-64], [Safari], Headless Execution. @08-01-2022 02:01:47.0488 AM
[ReportManager] File Action [GetAbsolutePath] successfully performed. With the following test data [Relative Folder Path: "target/downloadedFiles/"]. @08-01-2022 02:01:47.0489 AM
[ReportManager] Initial window size: (1280, 720) @08-01-2022 02:01:52.0109 AM
[ReportManager] Window size after Toolkit: com.microsoft.playwright.options.ViewportSize@6e293f0e @08-01-2022 02:01:52.0120 AM
[ReportManager] Browser Action [MaximizeWindow] successfully performed. With the following test data [New screen size is now: (1920, 1080)]. @08-01-2022 02:01:52.0121 A

################################################################################################################################################
Starting Execution:	[139 out of 146] test cases in the current suite
Test Method:		[testPackage01.Test_google_playwright.navigateToURLandVerifyGoogleLogoIsDisplayed]
Test Description:	[TC001 - Navigate to URL and Verify Google Logo is Displayed]
################################################################################################################################################
[ReportManager] Target URL: [https://www.google.com/ncr], and after redirection: [https://www.google.com] @08-01-2022 02:01:52.0124 AM
[ReportManager] Initial URL: [about:blank] @08-01-2022 02:01:52.0587 AM
[ReportManager] Browser Action [NavigateToURL] successfully performed. With the following test data [https://www.google.com/ncr]. @08-01-2022 02:01:54.0218 AM
[ReportManager] Loaded Shared OpenCV @08-01-2022 02:01:54.0303 AM
[ReportManager] Assertion [ValidateElementExists] PASSED. Expected [Element Should Exist, locator 'xpath=//*[@id='hplogo' or @alt='Google']'] and Actual [Element Exists]. Comparison Type [EQUALS]. Validation Type [POSITIVE]. @08-01-2022 02:01:54.0474 AM
[ReportManager] Successfully created attachment [Screenshot - 1641607314300_navigateToURLandVerifyGoogleLogoIsDisplayed_ValidateElementExists_passed] @08-01-2022 02:01:54.0475 A

################################################################################################################################################
Starting Execution:	[140 out of 146] test cases in the current suite
Test Method:		[testPackage01.Test_google_playwright.searchForQueryandAssertResultsNumDisplayed]
Test Description:	[TC002 - Search for Query and Assert that the number of results is displayed]
################################################################################################################################################
[ReportManager] Element Action [Type] successfully performed. With the following test data [SHAFT_Engine]. @08-01-2022 02:01:54.0721 AM
[ReportManager] Element Action [KeyPress] successfully performed. With the following test data [Enter]. @08-01-2022 02:01:54.0750 AM
[ReportManager] Element Action [GetText] successfully performed. With the following test data [About 890,000 results (0.56 seconds)
]. @08-01-2022 02:01:56.0224 AM
[ReportManager] Loaded Shared OpenCV @08-01-2022 02:01:57.0058 AM
[ReportManager] Assertion [ValidateElementAttribute] PASSED. Expected [Value Should not be '' for the 'text' attribute, element locator 'xpath=//div[@id='appbar']'] and Actual [About 890,000 results (0.56 seconds)
]. Comparison Type [EQUALS]. Validation Type [NEGATIVE]. @08-01-2022 02:01:57.0280 AM
[ReportManager] Successfully created attachment [Screenshot - 1641607317056_searchForQueryandAssertResultsNumDisplayed_ValidateElementAttribute_passed] @08-01-2022 02:01:57.0284 A

################################################################################################################################################
Starting Execution:	[141 out of 146] test cases in the current suite
Test Method:		[testPackage01.Test_google_playwright.clickNextThrice]
Test Description:	[TC003 - Clicks the next button to make sure that the framework can scroll element into view before clicking it]
################################################################################################################################################
[ReportManager] Element Action [Click] successfully performed. With the following test data [Next]. @08-01-2022 02:01:57.0565 A
[ReportManager] Failed to find video recording. @08-01-2022 02:01:57.0568 AM
[ReportManager] Successfully Closed PlayWright Driver. @08-01-2022 02:01:57.0611 A
[ReportManager] File Action [GetAbsolutePath] successfully performed. With the following test data [Relative Folder Path: "target/downloadedFiles/"]. @08-01-2022 02:01:57.0612 AM
[ReportManager] Attempting to run locally on: [Mac-64], [Safari], Headless Execution. @08-01-2022 02:01:57.0613 AM
[ReportManager] Successfully Opened Safari. @08-01-2022 02:01:58.0514 AM
[ReportManager] Initial window size: (800, 600) @08-01-2022 02:01:58.0614 AM
[ReportManager] Window size after SWD Maximize: (1176, 803) @08-01-2022 02:01:58.0627 AM
[ReportManager] Browser Action [MaximizeWindow] successfully performed. With the following test data [New screen size is now: (1176, 803)]. @08-01-2022 02:01:58.0628 A

################################################################################################################################################
Starting Execution:	[142 out of 146] test cases in the current suite
Test Method:		[testPackage01.Test_verifyEquals.test_assertElementAttribute]
################################################################################################################################################
[ReportManager] Target URL: [https://www.google.com/ncr], and after redirection: [https://www.google.com] @08-01-2022 02:01:58.0668 AM
[ReportManager] Initial URL: [] @08-01-2022 02:01:58.0705 AM
[ReportManager] Browser Action [NavigateToURL] successfully performed. With the following test data [https://www.google.com/ncr]. @08-01-2022 02:01:59.0927 AM
[ReportManager] Element Action [Type] successfully performed. With the following test data [INC_004010050:Another SCHEDULER with the same name [Duplicate Job Name] already exists.]. @08-01-2022 02:02:11.0641 AM
[ReportManager] Element Action [GetText] successfully performed. With the following test data [INC_004010050:Another SCHEDULER with the same name [Duplicate Job Name] already exists.]. @08-01-2022 02:02:11.0779 AM
[ReportManager] Loaded Shared OpenCV @08-01-2022 02:02:11.0897 AM
[ReportManager] Verification [ValidateElementAttribute] PASSED. Expected [Value Should be 'INC_004010050:Another SCHEDULER with the same name \[Duplicate Job Name\] already exists.' for the 'text' attribute, element locator 'By.name: q'] and Actual [INC_004010050:Another SCHEDULER with the same name [Duplicate Job Name] already exists.]. Comparison Type [MATCHES]. Validation Type [POSITIVE]. @08-01-2022 02:02:12.0050 AM
[ReportManager] Successfully created attachment [Screenshot - 1641607331897_test_assertElementAttribute_ValidateElementAttribute_passed] @08-01-2022 02:02:12.0052 A
[ReportManager] Browser Action [CloseCurrentWindow] successfully performed. @08-01-2022 02:02:12.0497 AM
[ReportManager] Successfully created attachment [Browser Action Test Data - CloseCurrentWindow - Actual Value] @08-01-2022 02:02:12.0498 A

################################################################################################################################################
Starting Execution:	[143 out of 146] test cases in the current suite
Test Method:		[testPackage01.Test_SelectedValue.multipleSelect]
################################################################################################################################################
[ReportManager] File Action [GetAbsolutePath] successfully performed. With the following test data [Relative Folder Path: "target/downloadedFiles/"]. @08-01-2022 02:02:12.0501 AM
[ReportManager] Attempting to run locally on: [Mac-64], [GoogleChrome], Headless Execution. @08-01-2022 02:02:12.0503 AM
[ReportManager] Identifying OS/Driver combination and selecting the correct driver version automatically. Please note that if a new driver executable will be downloaded it may take some time... @08-01-2022 02:02:12.0503 AM
[ReportManager] Successfully Opened Google Chrome. @08-01-2022 02:02:15.0896 AM
[ReportManager] Initial window size: (1920, 1080) @08-01-2022 02:02:15.0901 AM
[ReportManager] Window size after SWD Maximize: (1920, 1080) @08-01-2022 02:02:16.0159 AM
[ReportManager] Window size after Toolkit: (1920, 1080) @08-01-2022 02:02:16.0716 AM
[ReportManager] Browser Action [MaximizeWindow] successfully performed. With the following test data [New screen size is now: (1920, 1080)]. @08-01-2022 02:02:16.0719 AM
[ReportManager] Target URL: [https://yari-demos.prod.mdn.mozit.cloud/en-US/docs/Web/HTML/Element/select/_sample_.Advanced_select_with_multiple_features.html] @08-01-2022 02:02:16.0719 AM
[ReportManager] Initial URL: [data:,] @08-01-2022 02:02:16.0752 AM
[ReportManager] Browser Action [NavigateToURL] successfully performed. With the following test data [https://yari-demos.prod.mdn.mozit.cloud/en-US/docs/Web/HTML/Element/select/_sample_.Advanced_select_with_multiple_features.html]. @08-01-2022 02:02:17.0125 AM
[ReportManager] Element Action [Select] successfully performed. With the following test data [Dog]. @08-01-2022 02:02:17.0354 AM
[ReportManager] Element Action [Select] successfully performed. With the following test data [Cat]. @08-01-2022 02:02:17.0546 AM
[ReportManager] Element Action [GetSelectedText] successfully performed. With the following test data [DogCat]. @08-01-2022 02:02:17.0663 AM
[ReportManager] DogCat @08-01-2022 02:02:17.0663 AM
[ReportManager] Element Action [GetSelectedText] successfully performed. With the following test data [DogCat]. @08-01-2022 02:02:17.0755 AM
[ReportManager] Loaded Shared OpenCV @08-01-2022 02:02:18.0131 AM
[ReportManager] Assertion [ValidateElementAttribute] PASSED. Expected [Value Should be 'DogCat' for the 'selectedText' attribute, element locator 'By.tagName: select'] and Actual [DogCat]. Comparison Type [EQUALS]. Validation Type [POSITIVE]. @08-01-2022 02:02:18.0359 AM
[ReportManager] Successfully created attachment [Screenshot - 1641607338131_multipleSelect_ValidateElementAttribute_passed] @08-01-2022 02:02:18.0360 AM
[ReportManager] Browser Action [CloseCurrentWindow] successfully performed. @08-01-2022 02:02:18.0586 AM
[ReportManager] Successfully created attachment [Browser Action Test Data - CloseCurrentWindow - Actual Value] @08-01-2022 02:02:18.0587 A

################################################################################################################################################
Starting Execution:	[144 out of 146] test cases in the current suite
Test Method:		[testPackage01.Test_SelectedValue.simpleSelect]
################################################################################################################################################
[ReportManager] File Action [GetAbsolutePath] successfully performed. With the following test data [Relative Folder Path: "target/downloadedFiles/"]. @08-01-2022 02:02:18.0592 AM
[ReportManager] Attempting to run locally on: [Mac-64], [GoogleChrome], Headless Execution. @08-01-2022 02:02:18.0593 AM
[ReportManager] Identifying OS/Driver combination and selecting the correct driver version automatically. Please note that if a new driver executable will be downloaded it may take some time... @08-01-2022 02:02:18.0593 AM
[ReportManager] Successfully Opened Google Chrome. @08-01-2022 02:02:19.0164 AM
[ReportManager] Initial window size: (1920, 1080) @08-01-2022 02:02:19.0169 AM
[ReportManager] Window size after SWD Maximize: (1920, 1080) @08-01-2022 02:02:19.0316 AM
[ReportManager] Window size after Toolkit: (1920, 1080) @08-01-2022 02:02:19.0678 AM
[ReportManager] Browser Action [MaximizeWindow] successfully performed. With the following test data [New screen size is now: (1920, 1080)]. @08-01-2022 02:02:19.0681 AM
[ReportManager] Target URL: [https://yari-demos.prod.mdn.mozit.cloud/en-US/docs/Web/HTML/Element/select/_sample_.Basic_select.html] @08-01-2022 02:02:19.0681 AM
[ReportManager] Initial URL: [data:,] @08-01-2022 02:02:19.0709 AM
[ReportManager] Browser Action [NavigateToURL] successfully performed. With the following test data [https://yari-demos.prod.mdn.mozit.cloud/en-US/docs/Web/HTML/Element/select/_sample_.Basic_select.html]. @08-01-2022 02:02:19.0915 AM
[ReportManager] Element Action [Select] successfully performed. With the following test data [Third Value]. @08-01-2022 02:02:20.0195 AM
[ReportManager] Element Action [GetSelectedText] successfully performed. With the following test data [Third Value]. @08-01-2022 02:02:20.0270 AM
[ReportManager] Third Value @08-01-2022 02:02:20.0271 AM
[ReportManager] Element Action [GetSelectedText] successfully performed. With the following test data [Third Value]. @08-01-2022 02:02:20.0351 AM
[ReportManager] Loaded Shared OpenCV @08-01-2022 02:02:20.0672 AM
[ReportManager] Assertion [ValidateElementAttribute] PASSED. Expected [Value Should be 'Third Value' for the 'selectedText' attribute, element locator 'By.tagName: select'] and Actual [Third Value]. Comparison Type [EQUALS]. Validation Type [POSITIVE]. @08-01-2022 02:02:20.0861 AM
[ReportManager] Successfully created attachment [Screenshot - 1641607340672_simpleSelect_ValidateElementAttribute_passed] @08-01-2022 02:02:20.0862 AM
[ReportManager] Browser Action [CloseCurrentWindow] successfully performed. @08-01-2022 02:02:21.0131 AM
[ReportManager] Successfully created attachment [Browser Action Test Data - CloseCurrentWindow - Actual Value] @08-01-2022 02:02:21.0132 A
[ReportManager] File Action [GetAbsolutePath] successfully performed. With the following test data [Relative Folder Path: "target/downloadedFiles/"]. @08-01-2022 02:02:21.0134 AM
[ReportManager] Attempting to run locally on: [Mac-64], [Safari], Headless Execution. @08-01-2022 02:02:21.0135 AM
[ReportManager] An Exception Occured with this Message: Could not start a new session. Possible causes are invalid address of the remote server or browser start-up failure.. @08-01-2022 02:02:21.0648 AM
[ReportManager] Successfully created attachment [Exception Stack Trace - org.openqa.selenium.SessionNotCreatedException] @08-01-2022 02:02:21.0649 AM
[ReportManager] Driver Factory Action [createNewLocalDriverInstanceForSafari] failed. With the following test data [Failed to create a session on DESKTOP_SAFARI]. @08-01-2022 02:02:21.0649 A

################################################################################################################################################
Starting Execution:	[145 out of 146] test cases in the current suite
Test Method:		[testPackage01.Test_dynamicLoading.dynamicLoading_elementIsHidden]
###############################################################################################################################################



################################################################################################################################################
Starting Execution:	[146 out of 146] test cases in the current suite
Test Method:		[testPackage01.Test_dynamicLoading.dynamicLoading_elementIsRendered]
###############################################################################################################################################

[ReportManager] Successfully created attachment [SHAFT Engine Logs - Execution log] @08-01-2022 02:02:21.0698 AM

################################################################################################################################################
This test run was powered by SHAFT Engine Version: [SHAFT Engine v5.4.20211202-BETA]
SHAFT Engine is licensed under the MIT License: [https://github.com/MohabMohie/SHAFT_ENGINE/blob/master/LICENSE].
################################################################################################################################################