################################################################################################################################################
Detected SHAFT Engine Version: [SHAFT Engine v6.1.20220113]
################################################################################################################################################
[ReportManager] File Action [GetAbsolutePath] successfully performed. With the following test data [Relative Folder Path: "target/downloadedFiles/"]. @21-02-2022 01:52:39.0247 AM
[ReportManager] Attempting to run locally on: [Mac-64], [Safari], Headless Execution. @21-02-2022 01:52:39.0276 AM
[ReportManager] An Exception Occured with this Message: Could not start a new session. Possible causes are invalid address of the remote server or browser start-up failure.. @21-02-2022 01:52:40.0124 AM
[ReportManager] Successfully created attachment [Exception Stack Trace - org.openqa.selenium.SessionNotCreatedException] @21-02-2022 01:52:40.0125 AM
[ReportManager] Driver Factory Action [createNewLocalDriverInstanceForSafari] failed. With the following test data [Failed to create a session on DESKTOP_SAFARI]. @21-02-2022 01:52:40.0126 A

################################################################################################################################################
Starting Execution:	[1 out of 165] test cases in the current suite
Test Method:		[unitTests.tests_element_elementActions.waitForElementToBePresent_false_expectedToFail]
###############################################################################################################################################



################################################################################################################################################
Starting Execution:	[2 out of 165] test cases in the current suite
Test Method:		[unitTests.tests_element_elementActions.waitForElementToBePresent_false_expectedToPass]
###############################################################################################################################################



################################################################################################################################################
Starting Execution:	[3 out of 165] test cases in the current suite
Test Method:		[unitTests.tests_element_elementActions.waitForElementToBePresent_moreThanOneElement_expectedToFail]
###############################################################################################################################################



################################################################################################################################################
Starting Execution:	[4 out of 165] test cases in the current suite
Test Method:		[unitTests.tests_element_elementActions.waitForElementToBePresent_true_expectedToFail]
###############################################################################################################################################



################################################################################################################################################
Starting Execution:	[5 out of 165] test cases in the current suite
Test Method:		[unitTests.tests_element_elementActions.waitForElementToBePresent_true_expectedToPass]
###############################################################################################################################################

[ReportManager] File Action [GetAbsolutePath] successfully performed. With the following test data [Relative Folder Path: "target/downloadedFiles/"]. @21-02-2022 01:52:41.0507 AM
[ReportManager] Attempting to run locally on: [Mac-64], [Safari], Headless Execution. @21-02-2022 01:52:41.0508 AM
[ReportManager] Successfully Opened Safari. @21-02-2022 01:52:47.0518 AM
[ReportManager] Initial window size: (800, 600) @21-02-2022 01:52:47.0549 AM
[ReportManager] Window size after SWD Maximize: (1176, 802) @21-02-2022 01:52:47.0658 AM
[ReportManager] Browser Action [MaximizeWindow] successfully performed. With the following test data [New screen size is now: (1176, 802)]. @21-02-2022 01:52:47.0659 AM
[ReportManager] Target URL: [https://duckduckgo.com] @21-02-2022 01:52:47.0665 AM
[ReportManager] Initial URL: [] @21-02-2022 01:52:47.0739 AM
[ReportManager] Browser Action [NavigateToURL] successfully performed. With the following test data [https://duckduckgo.com]. @21-02-2022 01:52:49.0475 A

################################################################################################################################################
Starting Execution:	[6 out of 165] test cases in the current suite
Test Method:		[unitTests.tests_browserActions.fullScreenWindow]
################################################################################################################################################
[ReportManager] Initial Windows Size: 1176x802 @21-02-2022 01:52:49.0621 AM
[ReportManager] Current Windows Size after fullScreen: 1176x885 @21-02-2022 01:52:50.0671 AM
[ReportManager] Browser Action [FullScreenWindow] successfully performed. @21-02-2022 01:52:50.0788 AM
[ReportManager] Successfully created attachment [Browser Action Test Data - FullScreenWindow - Actual Value] @21-02-2022 01:52:50.0850 A
[ReportManager] Target URL: [https://duckduckgo.com] @21-02-2022 01:52:51.0038 AM
[ReportManager] Initial URL: [https://duckduckgo.com] @21-02-2022 01:52:51.0141 AM
[ReportManager] Browser Action [NavigateToURL] successfully performed. With the following test data [https://duckduckgo.com]. @21-02-2022 01:52:51.0574 AM
[ReportManager] Browser Action [CloseCurrentWindow] successfully performed. @21-02-2022 01:52:51.0783 AM
[ReportManager] Successfully created attachment [Browser Action Test Data - CloseCurrentWindow - Actual Value] @21-02-2022 01:52:51.0826 A
[ReportManager] File Action [GetAbsolutePath] successfully performed. With the following test data [Relative Folder Path: "target/downloadedFiles/"]. @21-02-2022 01:52:51.0959 AM
[ReportManager] Attempting to run locally on: [Mac-64], [Safari], Headless Execution. @21-02-2022 01:52:51.0960 AM
[ReportManager] An Exception Occured with this Message: Could not start a new session. Possible causes are invalid address of the remote server or browser start-up failure.. @21-02-2022 01:52:52.0194 AM
[ReportManager] Successfully created attachment [Exception Stack Trace - org.openqa.selenium.SessionNotCreatedException] @21-02-2022 01:52:52.0280 AM
[ReportManager] Driver Factory Action [createNewLocalDriverInstanceForSafari] failed. With the following test data [Failed to create a session on DESKTOP_SAFARI]. @21-02-2022 01:52:52.0282 A

################################################################################################################################################
Starting Execution:	[7 out of 165] test cases in the current suite
Test Method:		[unitTests.tests_browserActions.getCurrentURL]
###############################################################################################################################################



################################################################################################################################################
Starting Execution:	[8 out of 165] test cases in the current suite
Test Method:		[unitTests.tests_browserActions.getCurrentWindowTitle]
###############################################################################################################################################



################################################################################################################################################
Starting Execution:	[9 out of 165] test cases in the current suite
Test Method:		[unitTests.tests_browserActions.getPageSource]
###############################################################################################################################################



################################################################################################################################################
Starting Execution:	[10 out of 165] test cases in the current suite
Test Method:		[unitTests.tests_browserActions.getWindowHandle]
###############################################################################################################################################



################################################################################################################################################
Starting Execution:	[11 out of 165] test cases in the current suite
Test Method:		[unitTests.tests_browserActions.getWindowPosition]
###############################################################################################################################################



################################################################################################################################################
Starting Execution:	[12 out of 165] test cases in the current suite
Test Method:		[unitTests.tests_browserActions.getWindowSize]
###############################################################################################################################################



################################################################################################################################################
Starting Execution:	[13 out of 165] test cases in the current suite
Test Method:		[unitTests.tests_browserActions.maximizeWindow]
###############################################################################################################################################



################################################################################################################################################
Starting Execution:	[14 out of 165] test cases in the current suite
Test Method:		[unitTests.tests_browserActions.navigateBack]
###############################################################################################################################################



################################################################################################################################################
Starting Execution:	[15 out of 165] test cases in the current suite
Test Method:		[unitTests.tests_browserActions.navigateForward]
###############################################################################################################################################



################################################################################################################################################
Starting Execution:	[16 out of 165] test cases in the current suite
Test Method:		[unitTests.tests_browserActions.navigateToURL]
###############################################################################################################################################



################################################################################################################################################
Starting Execution:	[17 out of 165] test cases in the current suite
Test Method:		[unitTests.tests_browserActions.navigateToURLWithRedirection]
###############################################################################################################################################



################################################################################################################################################
Starting Execution:	[18 out of 165] test cases in the current suite
Test Method:		[unitTests.tests_browserActions.refreshCurrentPage]
###############################################################################################################################################



################################################################################################################################################
Starting Execution:	[19 out of 165] test cases in the current suite
Test Method:		[unitTests.tests_browserActions.setWindowSize]
###############################################################################################################################################

[ReportManager] Successfully loaded the following test data file [src/test/resources/testDataFiles/testSuite01/TestData.xlsx]. @21-02-2022 01:52:54.0245 AM
[ReportManager] Successfully created attachment [Test Data - Excel] @21-02-2022 01:52:54.0246 A

################################################################################################################################################
Starting Execution:	[20 out of 165] test cases in the current suite
Test Method:		[unitTests.tests_io_excelFileManager.getCellData_rowName_expectedToPass]
################################################################################################################################################
[ReportManager] testRowData. @21-02-2022 01:52:54.0259 A

################################################################################################################################################
Starting Execution:	[21 out of 165] test cases in the current suite
Test Method:		[unitTests.tests_validations_assertions.assertComparativeRelation_greaterThanOrEquals_false_equals_expectedToFail]
################################################################################################################################################
[ReportManager] Assertion [ValidateComparativeRelation] FAILED. Expected [1] and Actual [1]. Comparison Type [GREATER_THAN_OR_EQUALS]. Validation Type [NEGATIVE]. @21-02-2022 01:52:54.0271 A

################################################################################################################################################
Starting Execution:	[22 out of 165] test cases in the current suite
Test Method:		[unitTests.tests_validations_assertions.assertComparativeRelation_greaterThanOrEquals_false_equals_expectedToPass]
################################################################################################################################################
[ReportManager] Assertion [ValidateComparativeRelation] PASSED. Expected [2] and Actual [1]. Comparison Type [GREATER_THAN_OR_EQUALS]. Validation Type [NEGATIVE]. @21-02-2022 01:52:54.0277 A

################################################################################################################################################
Starting Execution:	[23 out of 165] test cases in the current suite
Test Method:		[unitTests.tests_validations_assertions.assertComparativeRelation_greaterThanOrEquals_false_greaterThan_expectedToFail]
################################################################################################################################################
[ReportManager] Assertion [ValidateComparativeRelation] FAILED. Expected [1] and Actual [2]. Comparison Type [GREATER_THAN_OR_EQUALS]. Validation Type [NEGATIVE]. @21-02-2022 01:52:54.0284 A

################################################################################################################################################
Starting Execution:	[24 out of 165] test cases in the current suite
Test Method:		[unitTests.tests_validations_assertions.assertComparativeRelation_greaterThanOrEquals_false_greaterThan_expectedToPass]
################################################################################################################################################
[ReportManager] Assertion [ValidateComparativeRelation] PASSED. Expected [2] and Actual [1]. Comparison Type [GREATER_THAN_OR_EQUALS]. Validation Type [NEGATIVE]. @21-02-2022 01:52:54.0289 A

################################################################################################################################################
Starting Execution:	[25 out of 165] test cases in the current suite
Test Method:		[unitTests.tests_validations_assertions.assertComparativeRelation_greaterThanOrEquals_true_equals_expectedToFail]
################################################################################################################################################
[ReportManager] Assertion [ValidateComparativeRelation] FAILED. Expected [1] and Actual [0]. Comparison Type [GREATER_THAN_OR_EQUALS]. Validation Type [POSITIVE]. @21-02-2022 01:52:54.0293 A

################################################################################################################################################
Starting Execution:	[26 out of 165] test cases in the current suite
Test Method:		[unitTests.tests_validations_assertions.assertComparativeRelation_greaterThanOrEquals_true_equals_expectedToPass]
################################################################################################################################################
[ReportManager] Assertion [ValidateComparativeRelation] PASSED. Expected [1] and Actual [1]. Comparison Type [GREATER_THAN_OR_EQUALS]. Validation Type [POSITIVE]. @21-02-2022 01:52:54.0298 A

################################################################################################################################################
Starting Execution:	[27 out of 165] test cases in the current suite
Test Method:		[unitTests.tests_validations_assertions.assertComparativeRelation_greaterThanOrEquals_true_greaterThan_expectedToFail]
################################################################################################################################################
[ReportManager] Assertion [ValidateComparativeRelation] FAILED. Expected [2] and Actual [1]. Comparison Type [GREATER_THAN_OR_EQUALS]. Validation Type [POSITIVE]. @21-02-2022 01:52:54.0302 A

################################################################################################################################################
Starting Execution:	[28 out of 165] test cases in the current suite
Test Method:		[unitTests.tests_validations_assertions.assertComparativeRelation_greaterThanOrEquals_true_greaterThan_expectedToPass]
################################################################################################################################################
[ReportManager] Assertion [ValidateComparativeRelation] PASSED. Expected [1] and Actual [2]. Comparison Type [GREATER_THAN_OR_EQUALS]. Validation Type [POSITIVE]. @21-02-2022 01:52:54.0306 A
[ReportManager] File Action [GetAbsolutePath] successfully performed. With the following test data [Relative Folder Path: "target/downloadedFiles/"]. @21-02-2022 01:52:54.0309 AM
[ReportManager] Attempting to run locally on: [Mac-64], [Safari], Headless Execution. @21-02-2022 01:52:54.0310 AM
[ReportManager] Successfully Opened Safari. @21-02-2022 01:52:55.0188 AM
[ReportManager] Initial window size: (800, 600) @21-02-2022 01:52:55.0210 AM
[ReportManager] Window size after SWD Maximize: (1176, 802) @21-02-2022 01:52:55.0242 AM
[ReportManager] Browser Action [MaximizeWindow] successfully performed. With the following test data [New screen size is now: (1176, 802)]. @21-02-2022 01:52:55.0243 AM
[ReportManager] Target URL: [https://www.google.com/ncr], and after redirection: [www.google.com] @21-02-2022 01:52:55.0243 AM
[ReportManager] Initial URL: [] @21-02-2022 01:52:55.0319 AM
[ReportManager] Browser Action [NavigateToURL] successfully performed. With the following test data [https://www.google.com/ncr]. @21-02-2022 01:52:56.0780 A

################################################################################################################################################
Starting Execution:	[29 out of 165] test cases in the current suite
Test Method:		[unitTests.tests_validations_assertions.assertElementAttribute_false_caseInsensitiveComparison_expectedToFail]
################################################################################################################################################
[ReportManager] Element Action [Type] successfully performed. With the following test data [AUTOMATION]. @21-02-2022 01:52:57.0155 AM
[ReportManager] Element Action [GetText] successfully performed. With the following test data [AUTOMATION]. @21-02-2022 01:52:57.0258 AM
[ReportManager] Assertion [ValidateElementAttribute] FAILED. Expected [Value Should not be 'AutomaTion' for the 'text' attribute, element locator 'By.name: q'] and Actual [AUTOMATION]. Comparison Type [CASE_INSENSITIVE]. Validation Type [NEGATIVE]. @21-02-2022 01:53:01.0974 AM
[ReportManager] Successfully created attachment [Screenshot - 1645408378096_assertElementAttribute_false_caseInsensitiveComparison_expectedToFail_ValidateElementAttribute_failed] @21-02-2022 01:53:01.0994 A
[ReportManager] Browser Action [CloseCurrentWindow] successfully performed. @21-02-2022 01:53:02.0301 AM
[ReportManager] Successfully created attachment [Browser Action Test Data - CloseCurrentWindow - Actual Value] @21-02-2022 01:53:02.0302 A
[ReportManager] File Action [GetAbsolutePath] successfully performed. With the following test data [Relative Folder Path: "target/downloadedFiles/"]. @21-02-2022 01:53:02.0306 AM
[ReportManager] Attempting to run locally on: [Mac-64], [Safari], Headless Execution. @21-02-2022 01:53:02.0307 AM
[ReportManager] Successfully Opened Safari. @21-02-2022 01:53:03.0218 AM
[ReportManager] Initial window size: (800, 600) @21-02-2022 01:53:03.0226 AM
[ReportManager] Window size after SWD Maximize: (1176, 803) @21-02-2022 01:53:03.0270 AM
[ReportManager] Browser Action [MaximizeWindow] successfully performed. With the following test data [New screen size is now: (1176, 803)]. @21-02-2022 01:53:03.0270 AM
[ReportManager] Target URL: [https://www.google.com/ncr], and after redirection: [www.google.com] @21-02-2022 01:53:03.0270 AM
[ReportManager] Initial URL: [] @21-02-2022 01:53:03.0329 AM
[ReportManager] Browser Action [NavigateToURL] successfully performed. With the following test data [https://www.google.com/ncr]. @21-02-2022 01:53:04.0701 A

################################################################################################################################################
Starting Execution:	[30 out of 165] test cases in the current suite
Test Method:		[unitTests.tests_validations_assertions.assertElementAttribute_false_caseInsensitiveComparison_expectedToPass]
################################################################################################################################################
[ReportManager] Element Action [Type] successfully performed. With the following test data [AUTOMATION]. @21-02-2022 01:53:05.0075 AM
[ReportManager] Element Action [GetText] successfully performed. With the following test data [AUTOMATION]. @21-02-2022 01:53:05.0220 AM
[ReportManager] Assertion [ValidateElementAttribute] PASSED. Expected [Value Should not be 'AutomaTion123' for the 'text' attribute, element locator 'By.name: q'] and Actual [AUTOMATION]. Comparison Type [CASE_INSENSITIVE]. Validation Type [NEGATIVE]. @21-02-2022 01:53:05.0425 AM
[ReportManager] Successfully created attachment [Screenshot - 1645408385329_assertElementAttribute_false_caseInsensitiveComparison_expectedToPass_ValidateElementAttribute_passed] @21-02-2022 01:53:05.0433 A
[ReportManager] Browser Action [CloseCurrentWindow] successfully performed. @21-02-2022 01:53:05.0872 AM
[ReportManager] Successfully created attachment [Browser Action Test Data - CloseCurrentWindow - Actual Value] @21-02-2022 01:53:05.0873 A
[ReportManager] File Action [GetAbsolutePath] successfully performed. With the following test data [Relative Folder Path: "target/downloadedFiles/"]. @21-02-2022 01:53:05.0877 AM
[ReportManager] Attempting to run locally on: [Mac-64], [Safari], Headless Execution. @21-02-2022 01:53:05.0878 AM
[ReportManager] Successfully Opened Safari. @21-02-2022 01:53:06.0736 AM
[ReportManager] Initial window size: (800, 600) @21-02-2022 01:53:06.0747 AM
[ReportManager] Window size after SWD Maximize: (1176, 803) @21-02-2022 01:53:06.0769 AM
[ReportManager] Browser Action [MaximizeWindow] successfully performed. With the following test data [New screen size is now: (1176, 803)]. @21-02-2022 01:53:06.0770 AM
[ReportManager] Target URL: [https://www.google.com/ncr], and after redirection: [www.google.com] @21-02-2022 01:53:06.0770 AM
[ReportManager] Initial URL: [] @21-02-2022 01:53:06.0829 AM
[ReportManager] Browser Action [NavigateToURL] successfully performed. With the following test data [https://www.google.com/ncr]. @21-02-2022 01:53:08.0267 A

################################################################################################################################################
Starting Execution:	[31 out of 165] test cases in the current suite
Test Method:		[unitTests.tests_validations_assertions.assertElementAttribute_false_containsComparison_expectedToFail]
################################################################################################################################################
[ReportManager] Element Action [Type] successfully performed. With the following test data [Automation123]. @21-02-2022 01:53:08.0593 AM
[ReportManager] Element Action [GetText] successfully performed. With the following test data [Automation123]. @21-02-2022 01:53:08.0692 AM
[ReportManager] Assertion [ValidateElementAttribute] FAILED. Expected [Value Should not be 'Automation' for the 'text' attribute, element locator 'By.name: q'] and Actual [Automation123]. Comparison Type [CONTAINS]. Validation Type [NEGATIVE]. @21-02-2022 01:53:08.0877 AM
[ReportManager] Successfully created attachment [Screenshot - 1645408388802_assertElementAttribute_false_containsComparison_expectedToFail_ValidateElementAttribute_failed] @21-02-2022 01:53:08.0879 A
[ReportManager] Browser Action [CloseCurrentWindow] successfully performed. @21-02-2022 01:53:09.0128 AM
[ReportManager] Successfully created attachment [Browser Action Test Data - CloseCurrentWindow - Actual Value] @21-02-2022 01:53:09.0129 A
[ReportManager] File Action [GetAbsolutePath] successfully performed. With the following test data [Relative Folder Path: "target/downloadedFiles/"]. @21-02-2022 01:53:09.0134 AM
[ReportManager] Attempting to run locally on: [Mac-64], [Safari], Headless Execution. @21-02-2022 01:53:09.0134 AM
[ReportManager] Successfully Opened Safari. @21-02-2022 01:53:10.0040 AM
[ReportManager] Initial window size: (800, 600) @21-02-2022 01:53:10.0049 AM
[ReportManager] Window size after SWD Maximize: (1176, 803) @21-02-2022 01:53:10.0068 AM
[ReportManager] Browser Action [MaximizeWindow] successfully performed. With the following test data [New screen size is now: (1176, 803)]. @21-02-2022 01:53:10.0069 AM
[ReportManager] Target URL: [https://www.google.com/ncr], and after redirection: [www.google.com] @21-02-2022 01:53:10.0069 AM
[ReportManager] Initial URL: [] @21-02-2022 01:53:10.0127 AM
[ReportManager] Browser Action [NavigateToURL] successfully performed. With the following test data [https://www.google.com/ncr]. @21-02-2022 01:53:11.0657 A

################################################################################################################################################
Starting Execution:	[32 out of 165] test cases in the current suite
Test Method:		[unitTests.tests_validations_assertions.assertElementAttribute_false_containsComparison_expectedToPass]
################################################################################################################################################
[ReportManager] Element Action [Type] successfully performed. With the following test data [Automation123]. @21-02-2022 01:53:11.0986 AM
[ReportManager] Element Action [GetText] successfully performed. With the following test data [Automation123]. @21-02-2022 01:53:12.0060 AM
[ReportManager] Assertion [ValidateElementAttribute] PASSED. Expected [Value Should not be 'Automation1234' for the 'text' attribute, element locator 'By.name: q'] and Actual [Automation123]. Comparison Type [CONTAINS]. Validation Type [NEGATIVE]. @21-02-2022 01:53:12.0232 AM
[ReportManager] Successfully created attachment [Screenshot - 1645408392161_assertElementAttribute_false_containsComparison_expectedToPass_ValidateElementAttribute_passed] @21-02-2022 01:53:12.0234 A
[ReportManager] Browser Action [CloseCurrentWindow] successfully performed. @21-02-2022 01:53:12.0496 AM
[ReportManager] Successfully created attachment [Browser Action Test Data - CloseCurrentWindow - Actual Value] @21-02-2022 01:53:12.0497 A
[ReportManager] File Action [GetAbsolutePath] successfully performed. With the following test data [Relative Folder Path: "target/downloadedFiles/"]. @21-02-2022 01:53:12.0502 AM
[ReportManager] Attempting to run locally on: [Mac-64], [Safari], Headless Execution. @21-02-2022 01:53:12.0502 AM
[ReportManager] Successfully Opened Safari. @21-02-2022 01:53:13.0396 AM
[ReportManager] Initial window size: (800, 600) @21-02-2022 01:53:13.0406 AM
[ReportManager] Window size after SWD Maximize: (1176, 803) @21-02-2022 01:53:13.0438 AM
[ReportManager] Browser Action [MaximizeWindow] successfully performed. With the following test data [New screen size is now: (1176, 803)]. @21-02-2022 01:53:13.0438 AM
[ReportManager] Target URL: [https://www.google.com/ncr], and after redirection: [www.google.com] @21-02-2022 01:53:13.0439 AM
[ReportManager] Initial URL: [] @21-02-2022 01:53:13.0486 AM
[ReportManager] Browser Action [NavigateToURL] successfully performed. With the following test data [https://www.google.com/ncr]. @21-02-2022 01:53:15.0033 A

################################################################################################################################################
Starting Execution:	[33 out of 165] test cases in the current suite
Test Method:		[unitTests.tests_validations_assertions.assertElementAttribute_false_literalComparison_expectedToFail]
################################################################################################################################################
[ReportManager] Element Action [Type] successfully performed. With the following test data [Automation!@#$%^&*()_+{}[]\';/.,]. @21-02-2022 01:53:15.0587 AM
[ReportManager] Element Action [GetText] successfully performed. With the following test data [Automation!@#$%^&*()_+{}[]\';/.,]. @21-02-2022 01:53:15.0675 AM
[ReportManager] Assertion [ValidateElementAttribute] PASSED. Expected [Value Should not be 'Automation!@#$%^&*()_+{}[]\\';/.,' for the 'text' attribute, element locator 'By.name: q'] and Actual [Automation!@#$%^&*()_+{}[]\';/.,]. Comparison Type [EQUALS]. Validation Type [NEGATIVE]. @21-02-2022 01:53:15.0922 AM
[ReportManager] Successfully created attachment [Screenshot - 1645408395789_assertElementAttribute_false_literalComparison_expectedToFail_ValidateElementAttribute_passed] @21-02-2022 01:53:15.0925 A
[ReportManager] Browser Action [CloseCurrentWindow] successfully performed. @21-02-2022 01:53:16.0243 AM
[ReportManager] Successfully created attachment [Browser Action Test Data - CloseCurrentWindow - Actual Value] @21-02-2022 01:53:16.0244 A
[ReportManager] File Action [GetAbsolutePath] successfully performed. With the following test data [Relative Folder Path: "target/downloadedFiles/"]. @21-02-2022 01:53:16.0250 AM
[ReportManager] Attempting to run locally on: [Mac-64], [Safari], Headless Execution. @21-02-2022 01:53:16.0250 AM
[ReportManager] An Exception Occured with this Message: Could not start a new session. Possible causes are invalid address of the remote server or browser start-up failure.. @21-02-2022 01:53:16.0277 AM
[ReportManager] Successfully created attachment [Exception Stack Trace - org.openqa.selenium.SessionNotCreatedException] @21-02-2022 01:53:16.0278 AM
[ReportManager] Driver Factory Action [createNewLocalDriverInstanceForSafari] failed. With the following test data [Failed to create a session on DESKTOP_SAFARI]. @21-02-2022 01:53:16.0279 A

################################################################################################################################################
Starting Execution:	[34 out of 165] test cases in the current suite
Test Method:		[unitTests.tests_validations_assertions.assertElementAttribute_false_literalComparison_expectedToPass]
###############################################################################################################################################



################################################################################################################################################
Starting Execution:	[35 out of 165] test cases in the current suite
Test Method:		[unitTests.tests_validations_assertions.assertElementAttribute_false_regexComparison_expectedToFail]
###############################################################################################################################################



################################################################################################################################################
Starting Execution:	[36 out of 165] test cases in the current suite
Test Method:		[unitTests.tests_validations_assertions.assertElementAttribute_false_regexComparison_expectedToPass]
###############################################################################################################################################



################################################################################################################################################
Starting Execution:	[37 out of 165] test cases in the current suite
Test Method:		[unitTests.tests_validations_assertions.assertElementAttribute_true_caseInsensitiveComparison_expectedToFail]
###############################################################################################################################################



################################################################################################################################################
Starting Execution:	[38 out of 165] test cases in the current suite
Test Method:		[unitTests.tests_validations_assertions.assertElementAttribute_true_caseInsensitiveComparison_expectedToPass]
###############################################################################################################################################



################################################################################################################################################
Starting Execution:	[39 out of 165] test cases in the current suite
Test Method:		[unitTests.tests_validations_assertions.assertElementAttribute_true_containsComparison_expectedToFail]
###############################################################################################################################################



################################################################################################################################################
Starting Execution:	[40 out of 165] test cases in the current suite
Test Method:		[unitTests.tests_validations_assertions.assertElementAttribute_true_containsComparison_expectedToPass]
###############################################################################################################################################



################################################################################################################################################
Starting Execution:	[41 out of 165] test cases in the current suite
Test Method:		[unitTests.tests_validations_assertions.assertElementAttribute_true_literalComparison_expectedToFail]
###############################################################################################################################################



################################################################################################################################################
Starting Execution:	[42 out of 165] test cases in the current suite
Test Method:		[unitTests.tests_validations_assertions.assertElementAttribute_true_literalComparison_expectedToPass]
###############################################################################################################################################



################################################################################################################################################
Starting Execution:	[43 out of 165] test cases in the current suite
Test Method:		[unitTests.tests_validations_assertions.assertElementAttribute_true_regexComparison_expectedToFail]
###############################################################################################################################################



################################################################################################################################################
Starting Execution:	[44 out of 165] test cases in the current suite
Test Method:		[unitTests.tests_validations_assertions.assertElementAttribute_true_regexComparison_expectedToPass]
###############################################################################################################################################



################################################################################################################################################
Starting Execution:	[45 out of 165] test cases in the current suite
Test Method:		[unitTests.tests_validations_assertions.assertElementAttribute_type_true_literalComparison_expectedToPass]
###############################################################################################################################################



################################################################################################################################################
Starting Execution:	[46 out of 165] test cases in the current suite
Test Method:		[unitTests.tests_validations_assertions.assertElementExists_false_expectedToFail]
###############################################################################################################################################



################################################################################################################################################
Starting Execution:	[47 out of 165] test cases in the current suite
Test Method:		[unitTests.tests_validations_assertions.assertElementExists_false_expectedToPass]
###############################################################################################################################################



################################################################################################################################################
Starting Execution:	[48 out of 165] test cases in the current suite
Test Method:		[unitTests.tests_validations_assertions.assertElementExists_false_multipleElementsFound_expectedToFail]
###############################################################################################################################################



################################################################################################################################################
Starting Execution:	[49 out of 165] test cases in the current suite
Test Method:		[unitTests.tests_validations_assertions.assertElementExists_true_expectedToFail]
###############################################################################################################################################



################################################################################################################################################
Starting Execution:	[50 out of 165] test cases in the current suite
Test Method:		[unitTests.tests_validations_assertions.assertElementExists_true_expectedToPass]
###############################################################################################################################################



################################################################################################################################################
Starting Execution:	[51 out of 165] test cases in the current suite
Test Method:		[unitTests.tests_validations_assertions.assertElementExists_true_multipleElementsFound_expectedToFail]
###############################################################################################################################################


################################################################################################################################################
Starting Execution:	[52 out of 165] test cases in the current suite
Test Method:		[unitTests.tests_validations_assertions.assertEquals_false_expectedToFail]
###############################################################################################################################################

################################################################################################################################################
Starting Execution:	[53 out of 165] test cases in the current suite
Test Method:		[unitTests.tests_validations_assertions.assertEquals_false_expectedToPass]
###############################################################################################################################################

################################################################################################################################################
Starting Execution:	[54 out of 165] test cases in the current suite
Test Method:		[unitTests.tests_validations_assertions.assertEquals_longCharacters]
###############################################################################################################################################

################################################################################################################################################
Starting Execution:	[55 out of 165] test cases in the current suite
Test Method:		[unitTests.tests_validations_assertions.assertEquals_longCharacters_Discreet]
###############################################################################################################################################

################################################################################################################################################
Starting Execution:	[56 out of 165] test cases in the current suite
Test Method:		[unitTests.tests_validations_assertions.assertEquals_true_expectedToFail]
###############################################################################################################################################

################################################################################################################################################
Starting Execution:	[57 out of 165] test cases in the current suite
Test Method:		[unitTests.tests_validations_assertions.assertEquals_true_expectedToPass]
Test Description:	[Assert that assertEquals works as expected when the two values are equal.]
###############################################################################################################################################

################################################################################################################################################
Starting Execution:	[58 out of 165] test cases in the current suite
Test Method:		[unitTests.tests_validations_assertions.assertEquals_true_expectedToPass__]
###############################################################################################################################################

################################################################################################################################################
Starting Execution:	[59 out of 165] test cases in the current suite
Test Method:		[unitTests.tests_validations_assertions.assertFileExists_false_expectedToFail]
###############################################################################################################################################

################################################################################################################################################
Starting Execution:	[60 out of 165] test cases in the current suite
Test Method:		[unitTests.tests_validations_assertions.assertFileExists_false_expectedToPass]
###############################################################################################################################################

################################################################################################################################################
Starting Execution:	[61 out of 165] test cases in the current suite
Test Method:		[unitTests.tests_validations_assertions.assertFileExists_true_expectedToFail]
###############################################################################################################################################

################################################################################################################################################
Starting Execution:	[62 out of 165] test cases in the current suite
Test Method:		[unitTests.tests_validations_assertions.assertFileExists_true_expectedToPass]
###############################################################################################################################################

################################################################################################################################################
Starting Execution:	[63 out of 165] test cases in the current suite
Test Method:		[unitTests.tests_validations_assertions.assertNull_false_expectedToFail]
###############################################################################################################################################

################################################################################################################################################
Starting Execution:	[64 out of 165] test cases in the current suite
Test Method:		[unitTests.tests_validations_assertions.assertNull_false_expectedToPass]
###############################################################################################################################################

################################################################################################################################################
Starting Execution:	[65 out of 165] test cases in the current suite
Test Method:		[unitTests.tests_validations_assertions.assertNull_true_expectedToFail]
###############################################################################################################################################

################################################################################################################################################
Starting Execution:	[66 out of 165] test cases in the current suite
Test Method:		[unitTests.tests_validations_assertions.assertNull_true_expectedToPass]
###############################################################################################################################################

################################################################################################################################################
Starting Execution:	[67 out of 165] test cases in the current suite
Test Method:		[unitTests.tests_restActions.getPostsAndAssertBodyForSpecificTitle]
################################################################################################################################################
[ReportManager] Response status code: [200], status line: [HTTP/1.1 200 OK] @21-02-2022 01:53:19.0082 AM
[ReportManager] Assertion Passed: Evaluating the actual response status code against the expected one... @21-02-2022 01:53:19.0088 AM
[ReportManager] Assertion [ValidateComparativeRelation] PASSED. Expected [200] and Actual [200]. Comparison Type [EQUALS]. Validation Type [POSITIVE]. @21-02-2022 01:53:19.0088 AM
[ReportManager] API Action [PerformRequest] successfully performed. With the following test data [Request Type: "GET" | Target Status Code: "200" | Service URL: "https://jsonplaceholder.typicode.com/posts" | Content Type: "*/*" | Response Time: "733ms"]. @21-02-2022 01:53:20.0112 AM
[ReportManager] Successfully created attachment [API Request - Specifications] @21-02-2022 01:53:20.0113 AM
[ReportManager] Successfully created attachment [API Response - JSON Body] @21-02-2022 01:53:20.0347 AM
[ReportManager] API Action [GetResponseJSONValueAsList] successfully performed. @21-02-2022 01:53:20.0374 AM
[ReportManager] API Action [GetResponseJSONValue] successfully performed. With the following test data [title]. @21-02-2022 01:53:20.0396 AM
[ReportManager] API Action [GetResponseJSONValue] successfully performed. With the following test data [title]. @21-02-2022 01:53:20.0411 AM
[ReportManager] API Action [GetResponseJSONValue] successfully performed. With the following test data [body]. @21-02-2022 01:53:20.0425 AM
[ReportManager] Assertion [ValidateEquals] PASSED. Expected [qui neque nisi nulla] and Actual [est rerum tempore vitae
sequi sint nihil reprehenderit dolor beatae ea dolores neque
fugiat blanditiis voluptate porro vel nihil molestiae ut reiciendis
qui aperiam non debitis possimus qui neque nisi nulla]. Comparison Type [CONTAINS]. Validation Type [POSITIVE]. @21-02-2022 01:53:20.0425 AM
[ReportManager] API Action [GetResponseJSONValue] successfully performed. With the following test data [title]. @21-02-2022 01:53:20.0439 AM
[ReportManager] API Action [GetResponseJSONValue] successfully performed. With the following test data [title]. @21-02-2022 01:53:20.0469 AM
[ReportManager] API Action [GetResponseJSONValue] successfully performed. With the following test data [title]. @21-02-2022 01:53:20.0483 AM
[ReportManager] API Action [GetResponseJSONValue] successfully performed. With the following test data [title]. @21-02-2022 01:53:20.0498 AM
[ReportManager] API Action [GetResponseJSONValue] successfully performed. With the following test data [title]. @21-02-2022 01:53:20.0513 AM
[ReportManager] API Action [GetResponseJSONValue] successfully performed. With the following test data [title]. @21-02-2022 01:53:20.0527 AM
[ReportManager] API Action [GetResponseJSONValue] successfully performed. With the following test data [title]. @21-02-2022 01:53:20.0540 AM
[ReportManager] API Action [GetResponseJSONValue] successfully performed. With the following test data [title]. @21-02-2022 01:53:20.0554 AM
[ReportManager] API Action [GetResponseJSONValue] successfully performed. With the following test data [title]. @21-02-2022 01:53:20.0568 AM
[ReportManager] API Action [GetResponseJSONValue] successfully performed. With the following test data [title]. @21-02-2022 01:53:20.0582 AM
[ReportManager] API Action [GetResponseJSONValue] successfully performed. With the following test data [title]. @21-02-2022 01:53:20.0597 AM
[ReportManager] API Action [GetResponseJSONValue] successfully performed. With the following test data [title]. @21-02-2022 01:53:20.0623 AM
[ReportManager] API Action [GetResponseJSONValue] successfully performed. With the following test data [title]. @21-02-2022 01:53:20.0638 AM
[ReportManager] API Action [GetResponseJSONValue] successfully performed. With the following test data [title]. @21-02-2022 01:53:20.0653 AM
[ReportManager] API Action [GetResponseJSONValue] successfully performed. With the following test data [title]. @21-02-2022 01:53:20.0669 AM
[ReportManager] API Action [GetResponseJSONValue] successfully performed. With the following test data [title]. @21-02-2022 01:53:20.0686 AM
[ReportManager] API Action [GetResponseJSONValue] successfully performed. With the following test data [title]. @21-02-2022 01:53:20.0701 AM
[ReportManager] API Action [GetResponseJSONValue] successfully performed. With the following test data [title]. @21-02-2022 01:53:20.0716 AM
[ReportManager] API Action [GetResponseJSONValue] successfully performed. With the following test data [title]. @21-02-2022 01:53:20.0731 AM
[ReportManager] API Action [GetResponseJSONValue] successfully performed. With the following test data [title]. @21-02-2022 01:53:20.0746 AM
[ReportManager] API Action [GetResponseJSONValue] successfully performed. With the following test data [title]. @21-02-2022 01:53:20.0762 AM
[ReportManager] API Action [GetResponseJSONValue] successfully performed. With the following test data [title]. @21-02-2022 01:53:20.0777 AM
[ReportManager] API Action [GetResponseJSONValue] successfully performed. With the following test data [title]. @21-02-2022 01:53:20.0791 AM
[ReportManager] API Action [GetResponseJSONValue] successfully performed. With the following test data [title]. @21-02-2022 01:53:20.0805 AM
[ReportManager] API Action [GetResponseJSONValue] successfully performed. With the following test data [title]. @21-02-2022 01:53:20.0819 AM
[ReportManager] API Action [GetResponseJSONValue] successfully performed. With the following test data [title]. @21-02-2022 01:53:20.0833 AM
[ReportManager] API Action [GetResponseJSONValue] successfully performed. With the following test data [title]. @21-02-2022 01:53:20.0848 AM
[ReportManager] API Action [GetResponseJSONValue] successfully performed. With the following test data [title]. @21-02-2022 01:53:20.0862 AM
[ReportManager] API Action [GetResponseJSONValue] successfully performed. With the following test data [title]. @21-02-2022 01:53:20.0877 AM
[ReportManager] API Action [GetResponseJSONValue] successfully performed. With the following test data [title]. @21-02-2022 01:53:20.0891 AM
[ReportManager] API Action [GetResponseJSONValue] successfully performed. With the following test data [title]. @21-02-2022 01:53:20.0906 AM
[ReportManager] API Action [GetResponseJSONValue] successfully performed. With the following test data [title]. @21-02-2022 01:53:20.0919 AM
[ReportManager] API Action [GetResponseJSONValue] successfully performed. With the following test data [title]. @21-02-2022 01:53:20.0933 AM
[ReportManager] API Action [GetResponseJSONValue] successfully performed. With the following test data [title]. @21-02-2022 01:53:20.0948 AM
[ReportManager] API Action [GetResponseJSONValue] successfully performed. With the following test data [title]. @21-02-2022 01:53:20.0962 AM
[ReportManager] API Action [GetResponseJSONValue] successfully performed. With the following test data [title]. @21-02-2022 01:53:20.0976 AM
[ReportManager] API Action [GetResponseJSONValue] successfully performed. With the following test data [title]. @21-02-2022 01:53:20.0991 AM
[ReportManager] API Action [GetResponseJSONValue] successfully performed. With the following test data [title]. @21-02-2022 01:53:21.0005 AM
[ReportManager] API Action [GetResponseJSONValue] successfully performed. With the following test data [title]. @21-02-2022 01:53:21.0019 AM
[ReportManager] API Action [GetResponseJSONValue] successfully performed. With the following test data [title]. @21-02-2022 01:53:21.0033 AM
[ReportManager] API Action [GetResponseJSONValue] successfully performed. With the following test data [title]. @21-02-2022 01:53:21.0046 AM
[ReportManager] API Action [GetResponseJSONValue] successfully performed. With the following test data [title]. @21-02-2022 01:53:21.0061 AM
[ReportManager] API Action [GetResponseJSONValue] successfully performed. With the following test data [title]. @21-02-2022 01:53:21.0075 AM
[ReportManager] API Action [GetResponseJSONValue] successfully performed. With the following test data [title]. @21-02-2022 01:53:21.0090 AM
[ReportManager] API Action [GetResponseJSONValue] successfully performed. With the following test data [title]. @21-02-2022 01:53:21.0104 AM
[ReportManager] API Action [GetResponseJSONValue] successfully performed. With the following test data [title]. @21-02-2022 01:53:21.0117 AM
[ReportManager] API Action [GetResponseJSONValue] successfully performed. With the following test data [title]. @21-02-2022 01:53:21.0132 AM
[ReportManager] API Action [GetResponseJSONValue] successfully performed. With the following test data [title]. @21-02-2022 01:53:21.0145 AM
[ReportManager] API Action [GetResponseJSONValue] successfully performed. With the following test data [title]. @21-02-2022 01:53:21.0159 AM
[ReportManager] API Action [GetResponseJSONValue] successfully performed. With the following test data [title]. @21-02-2022 01:53:21.0174 AM
[ReportManager] API Action [GetResponseJSONValue] successfully performed. With the following test data [title]. @21-02-2022 01:53:21.0188 AM
[ReportManager] API Action [GetResponseJSONValue] successfully performed. With the following test data [title]. @21-02-2022 01:53:21.0202 AM
[ReportManager] API Action [GetResponseJSONValue] successfully performed. With the following test data [title]. @21-02-2022 01:53:21.0216 AM
[ReportManager] API Action [GetResponseJSONValue] successfully performed. With the following test data [title]. @21-02-2022 01:53:21.0230 AM
[ReportManager] API Action [GetResponseJSONValue] successfully performed. With the following test data [title]. @21-02-2022 01:53:21.0244 AM
[ReportManager] API Action [GetResponseJSONValue] successfully performed. With the following test data [title]. @21-02-2022 01:53:21.0257 AM
[ReportManager] API Action [GetResponseJSONValue] successfully performed. With the following test data [title]. @21-02-2022 01:53:21.0271 AM
[ReportManager] API Action [GetResponseJSONValue] successfully performed. With the following test data [title]. @21-02-2022 01:53:21.0285 AM
[ReportManager] API Action [GetResponseJSONValue] successfully performed. With the following test data [title]. @21-02-2022 01:53:21.0299 AM
[ReportManager] API Action [GetResponseJSONValue] successfully performed. With the following test data [title]. @21-02-2022 01:53:21.0334 AM
[ReportManager] API Action [GetResponseJSONValue] successfully performed. With the following test data [title]. @21-02-2022 01:53:21.0348 AM
[ReportManager] API Action [GetResponseJSONValue] successfully performed. With the following test data [title]. @21-02-2022 01:53:21.0362 AM
[ReportManager] API Action [GetResponseJSONValue] successfully performed. With the following test data [title]. @21-02-2022 01:53:21.0375 AM
[ReportManager] API Action [GetResponseJSONValue] successfully performed. With the following test data [title]. @21-02-2022 01:53:21.0389 AM
[ReportManager] API Action [GetResponseJSONValue] successfully performed. With the following test data [title]. @21-02-2022 01:53:21.0402 AM
[ReportManager] API Action [GetResponseJSONValue] successfully performed. With the following test data [title]. @21-02-2022 01:53:21.0416 AM
[ReportManager] API Action [GetResponseJSONValue] successfully performed. With the following test data [title]. @21-02-2022 01:53:21.0430 AM
[ReportManager] API Action [GetResponseJSONValue] successfully performed. With the following test data [title]. @21-02-2022 01:53:21.0444 AM
[ReportManager] API Action [GetResponseJSONValue] successfully performed. With the following test data [title]. @21-02-2022 01:53:21.0458 AM
[ReportManager] API Action [GetResponseJSONValue] successfully performed. With the following test data [title]. @21-02-2022 01:53:21.0471 AM
[ReportManager] API Action [GetResponseJSONValue] successfully performed. With the following test data [title]. @21-02-2022 01:53:21.0485 AM
[ReportManager] API Action [GetResponseJSONValue] successfully performed. With the following test data [title]. @21-02-2022 01:53:21.0500 AM
[ReportManager] API Action [GetResponseJSONValue] successfully performed. With the following test data [title]. @21-02-2022 01:53:21.0516 AM
[ReportManager] API Action [GetResponseJSONValue] successfully performed. With the following test data [title]. @21-02-2022 01:53:21.0531 AM
[ReportManager] API Action [GetResponseJSONValue] successfully performed. With the following test data [title]. @21-02-2022 01:53:21.0552 AM
[ReportManager] API Action [GetResponseJSONValue] successfully performed. With the following test data [title]. @21-02-2022 01:53:21.0566 AM
[ReportManager] API Action [GetResponseJSONValue] successfully performed. With the following test data [title]. @21-02-2022 01:53:21.0585 AM
[ReportManager] API Action [GetResponseJSONValue] successfully performed. With the following test data [title]. @21-02-2022 01:53:21.0599 AM
[ReportManager] API Action [GetResponseJSONValue] successfully performed. With the following test data [title]. @21-02-2022 01:53:21.0611 AM
[ReportManager] API Action [GetResponseJSONValue] successfully performed. With the following test data [title]. @21-02-2022 01:53:21.0624 AM
[ReportManager] API Action [GetResponseJSONValue] successfully performed. With the following test data [title]. @21-02-2022 01:53:21.0637 AM
[ReportManager] API Action [GetResponseJSONValue] successfully performed. With the following test data [title]. @21-02-2022 01:53:21.0649 AM
[ReportManager] API Action [GetResponseJSONValue] successfully performed. With the following test data [title]. @21-02-2022 01:53:21.0662 AM
[ReportManager] API Action [GetResponseJSONValue] successfully performed. With the following test data [title]. @21-02-2022 01:53:21.0675 AM
[ReportManager] API Action [GetResponseJSONValue] successfully performed. With the following test data [title]. @21-02-2022 01:53:21.0688 AM
[ReportManager] API Action [GetResponseJSONValue] successfully performed. With the following test data [title]. @21-02-2022 01:53:21.0701 AM
[ReportManager] API Action [GetResponseJSONValue] successfully performed. With the following test data [title]. @21-02-2022 01:53:21.0713 AM
[ReportManager] API Action [GetResponseJSONValue] successfully performed. With the following test data [title]. @21-02-2022 01:53:21.0725 AM
[ReportManager] API Action [GetResponseJSONValue] successfully performed. With the following test data [title]. @21-02-2022 01:53:21.0737 AM
[ReportManager] API Action [GetResponseJSONValue] successfully performed. With the following test data [title]. @21-02-2022 01:53:21.0750 AM
[ReportManager] API Action [GetResponseJSONValue] successfully performed. With the following test data [title]. @21-02-2022 01:53:21.0763 AM
[ReportManager] API Action [GetResponseJSONValue] successfully performed. With the following test data [title]. @21-02-2022 01:53:21.0776 AM
[ReportManager] API Action [GetResponseJSONValue] successfully performed. With the following test data [title]. @21-02-2022 01:53:21.0790 AM
[ReportManager] API Action [GetResponseJSONValue] successfully performed. With the following test data [title]. @21-02-2022 01:53:21.0804 AM
[ReportManager] API Action [GetResponseJSONValue] successfully performed. With the following test data [title]. @21-02-2022 01:53:21.0817 AM
[ReportManager] API Action [GetResponseJSONValue] successfully performed. With the following test data [title]. @21-02-2022 01:53:21.0830 AM
[ReportManager] API Action [GetResponseJSONValue] successfully performed. With the following test data [title]. @21-02-2022 01:53:21.0845 AM
[ReportManager] API Action [GetResponseJSONValue] successfully performed. With the following test data [title]. @21-02-2022 01:53:21.0858 A

################################################################################################################################################
Starting Execution:	[68 out of 165] test cases in the current suite
Test Method:		[unitTests.tests_restActions.validateUserEmail]
################################################################################################################################################
[ReportManager] Response status code: [200], status line: [HTTP/1.1 200 OK] @21-02-2022 01:53:21.0977 AM
[ReportManager] Assertion Passed: Evaluating the actual response status code against the expected one... @21-02-2022 01:53:21.0977 AM
[ReportManager] Assertion [ValidateComparativeRelation] PASSED. Expected [200] and Actual [200]. Comparison Type [EQUALS]. Validation Type [POSITIVE]. @21-02-2022 01:53:21.0978 AM
[ReportManager] API Action [PerformRequest] successfully performed. With the following test data [Request Type: "GET" | Target Status Code: "200" | Service URL: "https://jsonplaceholder.typicode.com/users" | Content Type: "*/*" | Response Time: "103ms"]. @21-02-2022 01:53:22.0005 AM
[ReportManager] Successfully created attachment [API Request - Specifications] @21-02-2022 01:53:22.0006 AM
[ReportManager] Successfully created attachment [API Response - JSON Body] @21-02-2022 01:53:22.0007 AM
[ReportManager] Assertion [ValidateEquals] PASSED. Expected and Actual values are attached. Comparison Type [CONTAINS]. Validation Type [POSITIVE]. @21-02-2022 01:53:22.0007 AM
[ReportManager] Successfully created attachment [Validation Test Data - Expected Value] @21-02-2022 01:53:22.0008 AM
[ReportManager] Successfully created attachment [Validation Test Data - Actual Value] @21-02-2022 01:53:22.0008 AM
[ReportManager] API Action [GetResponseJSONValueAsList] successfully performed. With the following test data [$]. @21-02-2022 01:53:22.0018 AM
[ReportManager] API Action [GetResponseJSONValue] successfully performed. With the following test data [name]. @21-02-2022 01:53:22.0034 AM
[ReportManager] API Action [GetResponseJSONValue] successfully performed. With the following test data [email]. @21-02-2022 01:53:22.0047 AM
[ReportManager] Assertion [ValidateEquals] PASSED. Expected [Sincere@april.biz] and Actual [Sincere@april.biz]. Comparison Type [EQUALS]. Validation Type [POSITIVE]. @21-02-2022 01:53:22.0048 AM
[ReportManager] API Action [GetResponseJSONValue] successfully performed. With the following test data [name]. @21-02-2022 01:53:22.0062 AM
[ReportManager] API Action [GetResponseJSONValue] successfully performed. With the following test data [name]. @21-02-2022 01:53:22.0075 AM
[ReportManager] API Action [GetResponseJSONValue] successfully performed. With the following test data [name]. @21-02-2022 01:53:22.0089 AM
[ReportManager] API Action [GetResponseJSONValue] successfully performed. With the following test data [name]. @21-02-2022 01:53:22.0102 AM
[ReportManager] API Action [GetResponseJSONValue] successfully performed. With the following test data [name]. @21-02-2022 01:53:22.0115 AM
[ReportManager] API Action [GetResponseJSONValue] successfully performed. With the following test data [name]. @21-02-2022 01:53:22.0130 AM
[ReportManager] API Action [GetResponseJSONValue] successfully performed. With the following test data [name]. @21-02-2022 01:53:22.0144 AM
[ReportManager] API Action [GetResponseJSONValue] successfully performed. With the following test data [name]. @21-02-2022 01:53:22.0158 AM
[ReportManager] API Action [GetResponseJSONValue] successfully performed. With the following test data [name]. @21-02-2022 01:53:22.0171 A
[ReportManager] File Action [GetAbsolutePath] successfully performed. With the following test data [Relative Folder Path: "target/downloadedFiles/"]. @21-02-2022 01:53:22.0176 AM
[ReportManager] Attempting to run locally on: [Mac-64], [Safari], Headless Execution. @21-02-2022 01:53:22.0176 AM
[ReportManager] Successfully Opened Safari. @21-02-2022 01:53:23.0008 AM
[ReportManager] Initial window size: (800, 600) @21-02-2022 01:53:23.0023 AM
[ReportManager] Window size after SWD Maximize: (1176, 803) @21-02-2022 01:53:23.0041 AM
[ReportManager] Browser Action [MaximizeWindow] successfully performed. With the following test data [New screen size is now: (1176, 803)]. @21-02-2022 01:53:23.0041 A

################################################################################################################################################
Starting Execution:	[69 out of 165] test cases in the current suite
Test Method:		[testPackage01.Test_uploadFile.uploadFile_invisibleUploadInput]
################################################################################################################################################
[ReportManager] Target URL: [https://fineuploader.com/demos.html#gallery-view] @21-02-2022 01:53:23.0049 AM
[ReportManager] Initial URL: [] @21-02-2022 01:53:23.0113 AM
[ReportManager] Browser Action [NavigateToURL] successfully performed. With the following test data [https://fineuploader.com/demos.html#gallery-view]. @21-02-2022 01:53:24.0625 AM
[ReportManager] File Action [GetAbsolutePath] successfully performed. With the following test data [Relative File Path: "src/main/resources/images/shaft.png"]. @21-02-2022 01:53:24.0625 AM
[ReportManager] Successfully created attachment [File Action Actual Result - Command Log] @21-02-2022 01:53:24.0626 AM
[ReportManager] Element Action [TypeFileLocationForUpload] successfully performed. With the following test data [/Users/runner/work/SHAFT_ENGINE/SHAFT_ENGINE/src/main/resources/images/shaft.png]. @21-02-2022 01:53:24.0686 AM
[ReportManager] Attempting to getAttribute [src] from elementLocator [By.xpath: //div[@id='fine-uploader-gallery']//div[@class='qq-thumbnail-wrapper']/img]. @21-02-2022 01:53:24.0690 AM
[ReportManager] Element Action [GetAttribute] successfully performed. @21-02-2022 01:53:24.0839 AM
[ReportManager] Successfully created attachment [Element Action Test Data - GetAttribute - Actual Value] @21-02-2022 01:53:24.0842 AM
[ReportManager] Assertion Passed: Then I Assert that the element found by [By.xpath: //div[@id='fine-uploader-gallery']//div[@class='qq-thumbnail-wrapper']/img] attribute [src] contains [data:image/png;base64]. @21-02-2022 01:53:25.0047 AM
[ReportManager] Successfully created attachment [Validation Test Data - Expected Value] @21-02-2022 01:53:25.0049 AM
[ReportManager] Successfully created attachment [Validation Test Data - Actual Value] @21-02-2022 01:53:25.0049 AM
[ReportManager] Successfully created attachment [Screenshot - 1645408404954_uploadFile_invisibleUploadInput_ValidateElementAttribute_passed] @21-02-2022 01:53:25.0052 AM
[ReportManager] Assertion [ValidateElementAttribute] PASSED. Expected and Actual values are attached. Comparison Type [CONTAINS]. Validation Type [POSITIVE]. @21-02-2022 01:53:25.0052 A
[ReportManager] Browser Action [CloseCurrentWindow] successfully performed. @21-02-2022 01:53:25.0498 AM
[ReportManager] Successfully created attachment [Browser Action Test Data - CloseCurrentWindow - Actual Value] @21-02-2022 01:53:25.0499 A
[ReportManager] File Action [GetAbsolutePath] successfully performed. With the following test data [Relative Folder Path: "target/downloadedFiles/"]. @21-02-2022 01:53:25.0503 AM
[ReportManager] Attempting to run locally on: [Mac-64], [Safari], Headless Execution. @21-02-2022 01:53:25.0503 AM
[ReportManager] Successfully Opened Safari. @21-02-2022 01:53:26.0354 AM
[ReportManager] Initial window size: (800, 600) @21-02-2022 01:53:26.0377 AM
[ReportManager] Window size after SWD Maximize: (1176, 803) @21-02-2022 01:53:26.0406 AM
[ReportManager] Browser Action [MaximizeWindow] successfully performed. With the following test data [New screen size is now: (1176, 803)]. @21-02-2022 01:53:26.0406 A

################################################################################################################################################
Starting Execution:	[70 out of 165] test cases in the current suite
Test Method:		[testPackage01.Test_uploadFile.uploadFile_visibleUploadInput]
################################################################################################################################################
[ReportManager] Target URL: [https://demo.guru99.com/test/upload/] @21-02-2022 01:53:26.0409 AM
[ReportManager] Initial URL: [] @21-02-2022 01:53:26.0471 AM
[ReportManager] Browser Action [NavigateToURL] successfully performed. With the following test data [https://demo.guru99.com/test/upload/]. @21-02-2022 01:53:28.0811 AM
[ReportManager] File Action [GetAbsolutePath] successfully performed. With the following test data [Relative Folder Path: "src/main/resources/images/shaft.png"]. @21-02-2022 01:53:28.0812 AM
[ReportManager] Element Action [TypeFileLocationForUpload] successfully performed. With the following test data [/Users/runner/work/SHAFT_ENGINE/SHAFT_ENGINE/src/main/resources/images/shaft.png]. @21-02-2022 01:53:28.0875 AM
[ReportManager] Element Action [Click] successfully performed. With the following test data [By.id: terms]. @21-02-2022 01:53:29.0100 AM
[ReportManager] Element Action [Click] successfully performed. With the following test data [By.id: submitbutton]. @21-02-2022 01:53:29.0300 AM
[ReportManager] Element Action [GetText] successfully performed. With the following test data [1 file has been successfully uploaded.]. @21-02-2022 01:53:29.0922 AM
[ReportManager] Assertion Passed: Then I Assert that the element found by [By.id: res] attribute [Text] contains [1 file]. @21-02-2022 01:53:30.0104 AM
[ReportManager] Successfully created attachment [Screenshot - 1645408410023_uploadFile_visibleUploadInput_ValidateElementAttribute_passed] @21-02-2022 01:53:30.0106 AM
[ReportManager] Assertion [ValidateElementAttribute] PASSED. Expected [Value Should be '1 file' for the 'Text' attribute, element locator 'By.id: res'] and Actual [1 file has been successfully uploaded.]. Comparison Type [CONTAINS]. Validation Type [POSITIVE]. @21-02-2022 01:53:30.0106 A
[ReportManager] Browser Action [CloseCurrentWindow] successfully performed. @21-02-2022 01:53:30.0486 AM
[ReportManager] Successfully created attachment [Browser Action Test Data - CloseCurrentWindow - Actual Value] @21-02-2022 01:53:30.0486 A

################################################################################################################################################
Starting Execution:	[71 out of 165] test cases in the current suite
Test Method:		[testPackage01.Test_AssertApiResponseEquals.assertApiResponseEquals_expectedToPass]
################################################################################################################################################
[ReportManager] Response status code: [200], status line: [HTTP/1.1 200 OK] @21-02-2022 01:53:30.0575 AM
[ReportManager] Assertion Passed: Evaluating the actual response status code against the expected one... @21-02-2022 01:53:30.0575 AM
[ReportManager] Assertion [ValidateComparativeRelation] PASSED. Expected [200] and Actual [200]. Comparison Type [EQUALS]. Validation Type [POSITIVE]. @21-02-2022 01:53:30.0575 AM
[ReportManager] API Action [PerformRequest] successfully performed. With the following test data [Request Type: "GET" | Target Status Code: "200" | Service URL: "https://jsonplaceholder.typicode.com/users" | Content Type: "*/*" | Response Time: "79ms"]. @21-02-2022 01:53:30.0596 AM
[ReportManager] Successfully created attachment [API Request - Specifications] @21-02-2022 01:53:30.0596 AM
[ReportManager] Successfully created attachment [API Response - JSON Body] @21-02-2022 01:53:30.0597 AM
[ReportManager] API Action [GetResponseJSONValueAsList] successfully performed. With the following test data [$]. @21-02-2022 01:53:30.0604 AM
[ReportManager] API Action [GetResponseJSONValue] successfully performed. With the following test data [name]. @21-02-2022 01:53:30.0616 AM
[ReportManager] API Action [GetResponseJSONValue] successfully performed. With the following test data [email]. @21-02-2022 01:53:30.0630 AM
[ReportManager] Verification [ValidateEquals] PASSED. Expected [Sincere@april.biz] and Actual [Sincere@april.biz]. Comparison Type [EQUALS]. Validation Type [POSITIVE]. @21-02-2022 01:53:30.0631 AM
[ReportManager] API Action [GetResponseJSONValue] successfully performed. With the following test data [username]. @21-02-2022 01:53:30.0642 AM
[ReportManager] Assertion [ValidateEquals] PASSED. Expected [Bret] and Actual [Bret]. Comparison Type [EQUALS]. Validation Type [POSITIVE]. @21-02-2022 01:53:30.0642 AM
[ReportManager] API Action [GetResponseJSONValue] successfully performed. With the following test data [name]. @21-02-2022 01:53:30.0653 AM
[ReportManager] API Action [GetResponseJSONValue] successfully performed. With the following test data [name]. @21-02-2022 01:53:30.0664 AM
[ReportManager] API Action [GetResponseJSONValue] successfully performed. With the following test data [name]. @21-02-2022 01:53:30.0674 AM
[ReportManager] API Action [GetResponseJSONValue] successfully performed. With the following test data [name]. @21-02-2022 01:53:30.0685 AM
[ReportManager] API Action [GetResponseJSONValue] successfully performed. With the following test data [name]. @21-02-2022 01:53:30.0696 AM
[ReportManager] API Action [GetResponseJSONValue] successfully performed. With the following test data [name]. @21-02-2022 01:53:30.0707 AM
[ReportManager] API Action [GetResponseJSONValue] successfully performed. With the following test data [name]. @21-02-2022 01:53:30.0720 AM
[ReportManager] API Action [GetResponseJSONValue] successfully performed. With the following test data [name]. @21-02-2022 01:53:30.0745 AM
[ReportManager] API Action [GetResponseJSONValue] successfully performed. With the following test data [name]. @21-02-2022 01:53:30.0757 A
[ReportManager] File Action [GetAbsolutePath] successfully performed. With the following test data [Relative Folder Path: "target/downloadedFiles/"]. @21-02-2022 01:53:30.0759 AM
[ReportManager] Attempting to run locally on: [Mac-64], [Safari], Headless Execution. @21-02-2022 01:53:30.0760 AM
[ReportManager] Successfully Opened Safari. @21-02-2022 01:53:31.0608 AM
[ReportManager] Initial window size: (800, 600) @21-02-2022 01:53:31.0631 AM
[ReportManager] Window size after SWD Maximize: (1176, 803) @21-02-2022 01:53:31.0648 AM
[ReportManager] Browser Action [MaximizeWindow] successfully performed. With the following test data [New screen size is now: (1176, 803)]. @21-02-2022 01:53:31.0649 AM
[ReportManager] Target URL: [http://the-internet.herokuapp.com/javascript_alerts] @21-02-2022 01:53:31.0649 AM
[ReportManager] Initial URL: [] @21-02-2022 01:53:31.0713 AM
[ReportManager] Browser Action [NavigateToURL] successfully performed. With the following test data [http://the-internet.herokuapp.com/javascript_alerts]. @21-02-2022 01:53:32.0339 A

################################################################################################################################################
Starting Execution:	[72 out of 165] test cases in the current suite
Test Method:		[testPackage01.TestJSPromptBox.dismissAlert]
################################################################################################################################################
[ReportManager] Element Action [Click] successfully performed. With the following test data [By.xpath: //button[contains(text(),'Click for JS Prompt')]]. @21-02-2022 01:53:32.0575 AM
[ReportManager] Alert is present @21-02-2022 01:53:32.0621 AM
[ReportManager] Element Action [DismissAlert] successfully performed. @21-02-2022 01:53:32.0637 A

################################################################################################################################################
Starting Execution:	[73 out of 165] test cases in the current suite
Test Method:		[testPackage01.TestJSPromptBox.assertOnCancelAlertResultText]
################################################################################################################################################
[ReportManager] Element Action [GetText] successfully performed. With the following test data [You entered: null]. @21-02-2022 01:53:32.0707 AM
[ReportManager] Assertion Passed: Then I Assert that the element found by [By.id: result] attribute [TEXT] is equal to [You entered: null]. @21-02-2022 01:53:32.0857 AM
[ReportManager] Successfully created attachment [Screenshot - 1645408412793_assertOnCancelAlertResultText_ValidateElementAttribute_passed] @21-02-2022 01:53:32.0859 AM
[ReportManager] Assertion [ValidateElementAttribute] PASSED. Expected [Value Should be 'You entered: null' for the 'text' attribute, element locator 'By.id: result'] and Actual [You entered: null]. Comparison Type [EQUALS]. Validation Type [POSITIVE]. @21-02-2022 01:53:32.0859 A

################################################################################################################################################
Starting Execution:	[74 out of 165] test cases in the current suite
Test Method:		[testPackage01.TestJSPromptBox.getAlertText]
################################################################################################################################################
[ReportManager] Element Action [Click] successfully performed. With the following test data [By.xpath: //button[contains(text(),'Click for JS Prompt')]]. @21-02-2022 01:53:33.0065 AM
[ReportManager] Alert is present @21-02-2022 01:53:33.0071 AM
[ReportManager] Alert Text is: [I am a JS prompt] @21-02-2022 01:53:33.0078 AM
[ReportManager] Element Action [GetAlertText] successfully performed. @21-02-2022 01:53:33.0078 AM
[ReportManager] Alert text is: [I am a JS prompt] @21-02-2022 01:53:33.0078 AM
[ReportManager] Alert is present @21-02-2022 01:53:33.0111 AM
[ReportManager] Alert Text is: [I am a JS prompt] @21-02-2022 01:53:33.0125 AM
[ReportManager] Element Action [GetAlertText] successfully performed. @21-02-2022 01:53:33.0126 AM
[ReportManager] Assertion Passed: Then I Assert that [I am a JS prompt] is equal to [I am a JS prompt]. @21-02-2022 01:53:33.0127 AM
[ReportManager] Assertion [ValidateEquals] PASSED. Expected [I am a JS prompt] and Actual [I am a JS prompt]. Comparison Type [EQUALS]. Validation Type [POSITIVE]. @21-02-2022 01:53:33.0127 A

################################################################################################################################################
Starting Execution:	[75 out of 165] test cases in the current suite
Test Method:		[testPackage01.TestJSPromptBox.acceptPromptAlertWithoutTypingTextMessage]
################################################################################################################################################
[ReportManager] Alert is not present @21-02-2022 01:54:03.0468 AM
[ReportManager] Element Action [WaitForAlertToBePresent] failed. @21-02-2022 01:54:03.0597 AM
[ReportManager] Successfully created attachment [Screenshot - 1645408443493_acceptPromptAlertWithoutTypingTextMessage_WaitForAlertToBePresent_failed] @21-02-2022 01:54:03.0598 A

################################################################################################################################################
Starting Execution:	[76 out of 165] test cases in the current suite
Test Method:		[testPackage01.TestJSPromptBox.assertOnConfirmPromptAlertWithoutTypingTextMessageResultText]
###############################################################################################################################################

################################################################################################################################################
Starting Execution:	[77 out of 165] test cases in the current suite
Test Method:		[testPackage01.TestJSPromptBox.acceptPromptAlertWithTextMessage]
###############################################################################################################################################

################################################################################################################################################
Starting Execution:	[78 out of 165] test cases in the current suite
Test Method:		[testPackage01.TestJSPromptBox.assertOnConfirmPromptAlertWithTextMessageResultText]
###############################################################################################################################################
[ReportManager] Browser Action [CloseCurrentWindow] successfully performed. @21-02-2022 01:54:04.0009 AM
[ReportManager] Successfully created attachment [Browser Action Test Data - CloseCurrentWindow - Actual Value] @21-02-2022 01:54:04.0009 A

################################################################################################################################################
Starting Execution:	[79 out of 165] test cases in the current suite
Test Method:		[testPackage01.Test_testData.f]
################################################################################################################################################
[ReportManager] Successfully loaded the following test data file [src/test/resources/testDataFiles/testSuite01/TestData.xlsx]. @21-02-2022 01:54:04.0051 AM
[ReportManager] Successfully created attachment [Test Data - Excel] @21-02-2022 01:54:04.0052 AM
[ReportManager] Last Column Number is: [3]. Zero-based. @21-02-2022 01:54:04.0052 A

################################################################################################################################################
Starting Execution:	[80 out of 165] test cases in the current suite
Test Method:		[testPackage01.Test_PDF.testPDF1]
################################################################################################################################################
[ReportManager] File Action [DoesFileExist] successfully performed. With the following test data [File Path: "src/test/resources/testDataFiles/sample.pdf"]. @21-02-2022 01:54:04.0059 AM
[ReportManager] File Action [GetAbsolutePath] successfully performed. With the following test data [Relative Folder Path: "src/test/resources/testDataFiles/sample.pdf"]. @21-02-2022 01:54:04.0060 AM
[ReportManager] Assertion Passed: Checking to see that the pdf file contains [A Simple PDF File] @21-02-2022 01:54:09.0071 AM
[ReportManager] Successfully created attachment [Validation Test Data - Expected Value] @21-02-2022 01:54:09.0072 AM
[ReportManager] Successfully created attachment [Validation Test Data - Actual Value] @21-02-2022 01:54:09.0072 AM
[ReportManager] Assertion [ValidateEquals] PASSED. Expected and Actual values are attached. Comparison Type [CONTAINS]. Validation Type [POSITIVE]. @21-02-2022 01:54:09.0072 A

################################################################################################################################################
Starting Execution:	[81 out of 165] test cases in the current suite
Test Method:		[testPackage01.Test_PDF.testPDF2]
################################################################################################################################################
[ReportManager] File Action [DoesFileExist] successfully performed. With the following test data [File Path: "src/test/resources/testDataFiles/sample.pdf"]. @21-02-2022 01:54:09.0079 AM
[ReportManager] File Action [GetAbsolutePath] successfully performed. With the following test data [Relative Folder Path: "src/test/resources/testDataFiles/sample.pdf"]. @21-02-2022 01:54:09.0079 AM
[ReportManager] Assertion Passed: Checking to see that the pdf file contains [A Simple PDF File] @21-02-2022 01:54:09.0094 AM
[ReportManager] Successfully created attachment [Validation Test Data - Expected Value] @21-02-2022 01:54:09.0094 AM
[ReportManager] Successfully created attachment [Validation Test Data - Actual Value] @21-02-2022 01:54:09.0095 AM
[ReportManager] Assertion [ValidateEquals] PASSED. Expected and Actual values are attached. Comparison Type [CONTAINS]. Validation Type [POSITIVE]. @21-02-2022 01:54:09.0095 A
[ReportManager] File Action [GetAbsolutePath] successfully performed. With the following test data [Relative Folder Path: "target/downloadedFiles/"]. @21-02-2022 01:54:09.0098 AM
[ReportManager] Attempting to run locally on: [Mac-64], [Safari], Headless Execution. @21-02-2022 01:54:09.0098 AM
[ReportManager] Successfully Opened Safari. @21-02-2022 01:54:10.0222 AM
[ReportManager] Initial window size: (800, 600) @21-02-2022 01:54:10.0252 AM
[ReportManager] Window size after SWD Maximize: (1176, 803) @21-02-2022 01:54:10.0268 AM
[ReportManager] Browser Action [MaximizeWindow] successfully performed. With the following test data [New screen size is now: (1176, 803)]. @21-02-2022 01:54:10.0269 A

################################################################################################################################################
Starting Execution:	[82 out of 165] test cases in the current suite
Test Method:		[testPackage01.Test_ShadowDOM.shadowdom]
################################################################################################################################################
[ReportManager] Target URL: [https://mdn.github.io/web-components-examples/popup-info-box-web-component/] @21-02-2022 01:54:10.0338 AM
[ReportManager] Initial URL: [] @21-02-2022 01:54:10.0407 AM
[ReportManager] Browser Action [NavigateToURL] successfully performed. With the following test data [https://mdn.github.io/web-components-examples/popup-info-box-web-component/]. @21-02-2022 01:54:10.0707 AM
[ReportManager] Element Action [Type] successfully performed. With the following test data [Typing into SHADOW DOM...]. @21-02-2022 01:54:11.0133 AM
[ReportManager] Element Action [GetText] successfully performed. With the following test data [Typing into SHADOW DOM...]. @21-02-2022 01:54:11.0203 AM
[ReportManager] Assertion [ValidateElementAttribute] PASSED. Expected [Value Should be 'Typing into SHADOW DOM...' for the 'Text' attribute, element locator 'By.id: cvc'] and Actual [Typing into SHADOW DOM...]. Comparison Type [EQUALS]. Validation Type [POSITIVE]. @21-02-2022 01:54:11.0486 AM
[ReportManager] Successfully created attachment [Screenshot - 1645408451283_shadowdom_ValidateElementAttribute_passed] @21-02-2022 01:54:11.0486 A
[ReportManager] Browser Action [CloseCurrentWindow] successfully performed. @21-02-2022 01:54:11.0809 AM
[ReportManager] Successfully created attachment [Browser Action Test Data - CloseCurrentWindow - Actual Value] @21-02-2022 01:54:11.0810 A
[ReportManager] File Action [GetAbsolutePath] successfully performed. With the following test data [Relative Folder Path: "target/downloadedFiles/"]. @21-02-2022 01:54:11.0812 AM
[ReportManager] Attempting to run locally on: [Mac-64], [Safari], Headless Execution. @21-02-2022 01:54:11.0812 AM
[ReportManager] Successfully Opened Safari. @21-02-2022 01:54:12.0657 AM
[ReportManager] Initial window size: (800, 600) @21-02-2022 01:54:12.0682 AM
[ReportManager] Window size after SWD Maximize: (1176, 803) @21-02-2022 01:54:12.0705 AM
[ReportManager] Browser Action [MaximizeWindow] successfully performed. With the following test data [New screen size is now: (1176, 803)]. @21-02-2022 01:54:12.0706 A

################################################################################################################################################
Starting Execution:	[83 out of 165] test cases in the current suite
Test Method:		[testPackage01.Test_clipboardActions.typeTextAndCopyPaste]
################################################################################################################################################
[ReportManager] Target URL: [https://www.google.com/ncr], and after redirection: [https://www.google.com] @21-02-2022 01:54:12.0708 AM
[ReportManager] Initial URL: [] @21-02-2022 01:54:12.0769 AM
[ReportManager] Browser Action [NavigateToURL] successfully performed. With the following test data [https://www.google.com/ncr]. @21-02-2022 01:54:14.0337 AM
[ReportManager] Element Action [Type] successfully performed. With the following test data [FIRST]. @21-02-2022 01:54:14.0668 A
[ReportManager] Browser Action [CloseCurrentWindow] successfully performed. @21-02-2022 01:54:15.0155 AM
[ReportManager] Successfully created attachment [Browser Action Test Data - CloseCurrentWindow - Actual Value] @21-02-2022 01:54:15.0156 A
[ReportManager] File Action [GetAbsolutePath] successfully performed. With the following test data [Relative Folder Path: "target/downloadedFiles/"]. @21-02-2022 01:54:15.0157 AM
[ReportManager] Attempting to run locally on: [Mac-64], [Safari], Headless Execution. @21-02-2022 01:54:15.0158 AM
[ReportManager] An Exception Occured with this Message: Could not start a new session. Possible causes are invalid address of the remote server or browser start-up failure.. @21-02-2022 01:54:15.0237 AM
[ReportManager] Successfully created attachment [Exception Stack Trace - org.openqa.selenium.SessionNotCreatedException] @21-02-2022 01:54:15.0237 AM
[ReportManager] Driver Factory Action [createNewLocalDriverInstanceForSafari] failed. With the following test data [Failed to create a session on DESKTOP_SAFARI]. @21-02-2022 01:54:15.0237 A

################################################################################################################################################
Starting Execution:	[84 out of 165] test cases in the current suite
Test Method:		[testPackage01.TestJSAlertBox.getJSAlertText]
###############################################################################################################################################

################################################################################################################################################
Starting Execution:	[85 out of 165] test cases in the current suite
Test Method:		[testPackage01.TestJSAlertBox.acceptAlert]
###############################################################################################################################################

################################################################################################################################################
Starting Execution:	[86 out of 165] test cases in the current suite
Test Method:		[testPackage01.TestJSAlertBox.assertOnConfirmAlertResultText]
###############################################################################################################################################


################################################################################################################################################
Starting Execution:	[87 out of 165] test cases in the current suite
Test Method:		[testPackage01.Test_checkJDKShellFilesGenerated.testJDKGeneratedSuccessfully]
################################################################################################################################################
[ReportManager] Configuring JDK @21-02-2022 01:54:15.0256 AM
[ReportManager] File Action [GetAbsolutePath] successfully performed. With the following test data [Relative File Path: "generateJdkMac.sh"]. @21-02-2022 01:54:15.0256 AM
[ReportManager] File Action [WriteToFile] successfully performed. With the following test data [Target File Path: "/Users/runner/work/SHAFT_ENGINE/SHAFT_ENGINE/generateJdkMac.sh"]. @21-02-2022 01:54:15.0256 AM
[ReportManager] Attempting to perform the following command locally. Command: [chmod u+x generateJdk.sh] @21-02-2022 01:54:15.0256 AM
[ReportManager] Terminal Action [PerformTerminalCommands] successfully performed. With the following test data [Host Name: "localHost" | Command: "chmod u+x generateJdk.sh" | Exit Status: "1"]. @21-02-2022 01:54:15.0273 AM
[ReportManager] Successfully created attachment [Terminal Action Actual Result - Command Log] @21-02-2022 01:54:15.0274 AM
[ReportManager] Assertion Passed: Then I Assert that [[#!/bin/bash, export JAVA_HOME=$(/usr/libexec/java_home), export PATH=$JAVA_HOME/bin:$PATH, source ~/.zshenv, echo $JAVA_HOME, echo $PATH, exec bash]] contains [JAVA_HOME=$(/usr/libexec/java_home)]. @21-02-2022 01:54:15.0274 AM
[ReportManager] Assertion [ValidateEquals] PASSED. Expected [JAVA_HOME=$(/usr/libexec/java_home)] and Actual [[#!/bin/bash, export JAVA_HOME=$(/usr/libexec/java_home), export PATH=$JAVA_HOME/bin:$PATH, source ~/.zshenv, echo $JAVA_HOME, echo $PATH, exec bash]]. Comparison Type [CONTAINS]. Validation Type [POSITIVE]. @21-02-2022 01:54:15.0274 A
[ReportManager] File Action [GetAbsolutePath] successfully performed. With the following test data [Relative Folder Path: "target/downloadedFiles/"]. @21-02-2022 01:54:15.0276 AM
[ReportManager] Attempting to run locally on: [Mac-64], [Safari], Headless Execution. @21-02-2022 01:54:15.0276 AM
[ReportManager] Successfully Opened Safari. @21-02-2022 01:54:16.0154 AM
[ReportManager] Initial window size: (800, 600) @21-02-2022 01:54:16.0178 AM
[ReportManager] Window size after SWD Maximize: (1176, 803) @21-02-2022 01:54:16.0207 AM
[ReportManager] Browser Action [MaximizeWindow] successfully performed. With the following test data [New screen size is now: (1176, 803)]. @21-02-2022 01:54:16.0207 AM
[ReportManager] Target URL: [http://the-internet.herokuapp.com/javascript_alerts] @21-02-2022 01:54:16.0207 AM
[ReportManager] Initial URL: [] @21-02-2022 01:54:16.0250 AM
[ReportManager] Browser Action [NavigateToURL] successfully performed. With the following test data [http://the-internet.herokuapp.com/javascript_alerts]. @21-02-2022 01:54:16.0891 A

################################################################################################################################################
Starting Execution:	[88 out of 165] test cases in the current suite
Test Method:		[testPackage01.TestJSConfirmBox.dismissAlert]
################################################################################################################################################
[ReportManager] Element Action [Click] successfully performed. With the following test data [By.xpath: //button[contains(text(),'Click for JS Confirm')]]. @21-02-2022 01:54:17.0101 AM
[ReportManager] Alert is present @21-02-2022 01:54:17.0106 AM
[ReportManager] Element Action [DismissAlert] successfully performed. @21-02-2022 01:54:17.0114 A

################################################################################################################################################
Starting Execution:	[89 out of 165] test cases in the current suite
Test Method:		[testPackage01.TestJSConfirmBox.assertOnCancelAlertResultText]
################################################################################################################################################
[ReportManager] Element Action [GetText] successfully performed. With the following test data [You clicked: Cancel]. @21-02-2022 01:54:17.0173 AM
[ReportManager] Assertion Passed: Then I Assert that the element found by [By.id: result] attribute [TEXT] is equal to [You clicked: Cancel]. @21-02-2022 01:54:17.0331 AM
[ReportManager] Successfully created attachment [Screenshot - 1645408457261_assertOnCancelAlertResultText_ValidateElementAttribute_passed] @21-02-2022 01:54:17.0332 AM
[ReportManager] Assertion [ValidateElementAttribute] PASSED. Expected [Value Should be 'You clicked: Cancel' for the 'text' attribute, element locator 'By.id: result'] and Actual [You clicked: Cancel]. Comparison Type [EQUALS]. Validation Type [POSITIVE]. @21-02-2022 01:54:17.0332 A

################################################################################################################################################
Starting Execution:	[90 out of 165] test cases in the current suite
Test Method:		[testPackage01.TestJSConfirmBox.getAlertText]
################################################################################################################################################
[ReportManager] Element Action [Click] successfully performed. With the following test data [By.xpath: //button[contains(text(),'Click for JS Confirm')]]. @21-02-2022 01:54:17.0532 AM
[ReportManager] Alert is present @21-02-2022 01:54:17.0539 AM
[ReportManager] Alert Text is: [I am a JS Confirm] @21-02-2022 01:54:17.0545 AM
[ReportManager] Element Action [GetAlertText] successfully performed. @21-02-2022 01:54:17.0546 AM
[ReportManager] Alert text is: [I am a JS Confirm] @21-02-2022 01:54:17.0548 AM
[ReportManager] Alert is present @21-02-2022 01:54:17.0562 AM
[ReportManager] Alert Text is: [I am a JS Confirm] @21-02-2022 01:54:17.0569 AM
[ReportManager] Element Action [GetAlertText] successfully performed. @21-02-2022 01:54:17.0570 AM
[ReportManager] Assertion Passed: Then I Assert that [I am a JS Confirm] is equal to [I am a JS Confirm]. @21-02-2022 01:54:17.0571 AM
[ReportManager] Assertion [ValidateEquals] PASSED. Expected [I am a JS Confirm] and Actual [I am a JS Confirm]. Comparison Type [EQUALS]. Validation Type [POSITIVE]. @21-02-2022 01:54:17.0571 A

################################################################################################################################################
Starting Execution:	[91 out of 165] test cases in the current suite
Test Method:		[testPackage01.TestJSConfirmBox.acceptAlert]
################################################################################################################################################
[ReportManager] Alert is not present @21-02-2022 01:54:47.0625 AM
[ReportManager] Element Action [WaitForAlertToBePresent] failed. @21-02-2022 01:54:47.0729 AM
[ReportManager] Successfully created attachment [Screenshot - 1645408487648_acceptAlert_WaitForAlertToBePresent_failed] @21-02-2022 01:54:47.0730 A

################################################################################################################################################
Starting Execution:	[92 out of 165] test cases in the current suite
Test Method:		[testPackage01.TestJSConfirmBox.assertOnConfirmAlertResultText]
###############################################################################################################################################
[ReportManager] Browser Action [CloseCurrentWindow] successfully performed. @21-02-2022 01:54:48.0258 AM
[ReportManager] Successfully created attachment [Browser Action Test Data - CloseCurrentWindow - Actual Value] @21-02-2022 01:54:48.0258 A

################################################################################################################################################
Starting Execution:	[93 out of 165] test cases in the current suite
Test Method:		[testPackage01.Test_NewValidationHelper.f1]
################################################################################################################################################
[ReportManager] Assertion Passed: Checking valid user data @21-02-2022 01:54:48.0261 AM
[ReportManager] Successfully created attachment [Validation Test Data - Expected Value] @21-02-2022 01:54:48.0262 AM
[ReportManager] Successfully created attachment [Validation Test Data - Actual Value] @21-02-2022 01:54:48.0262 AM
[ReportManager] Assertion [ValidateEquals] PASSED. Expected and Actual values are attached. Comparison Type [EQUALS]. Validation Type [POSITIVE]. @21-02-2022 01:54:48.0262 A
[ReportManager] File Action [GetAbsolutePath] successfully performed. With the following test data [Relative Folder Path: "target/downloadedFiles/"]. @21-02-2022 01:54:48.0265 AM
[ReportManager] Attempting to run locally on: [Mac-64], [Safari], Headless Execution. @21-02-2022 01:54:48.0265 AM
[ReportManager] An Exception Occured with this Message: Could not start a new session. Possible causes are invalid address of the remote server or browser start-up failure.. @21-02-2022 01:54:48.0543 AM
[ReportManager] Successfully created attachment [Exception Stack Trace - org.openqa.selenium.SessionNotCreatedException] @21-02-2022 01:54:48.0584 AM
[ReportManager] Driver Factory Action [createNewLocalDriverInstanceForSafari] failed. With the following test data [Failed to create a session on DESKTOP_SAFARI]. @21-02-2022 01:54:48.0585 A

################################################################################################################################################
Starting Execution:	[94 out of 165] test cases in the current suite
Test Method:		[testPackage01.Test_NewValidationHelper.f10]
###############################################################################################################################################



################################################################################################################################################
Starting Execution:	[95 out of 165] test cases in the current suite
Test Method:		[testPackage01.Test_NewValidationHelper.f11]
###############################################################################################################################################



################################################################################################################################################
Starting Execution:	[96 out of 165] test cases in the current suite
Test Method:		[testPackage01.Test_NewValidationHelper.f12]
###############################################################################################################################################



################################################################################################################################################
Starting Execution:	[97 out of 165] test cases in the current suite
Test Method:		[testPackage01.Test_NewValidationHelper.f13]
###############################################################################################################################################



################################################################################################################################################
Starting Execution:	[98 out of 165] test cases in the current suite
Test Method:		[testPackage01.Test_NewValidationHelper.f14]
###############################################################################################################################################



################################################################################################################################################
Starting Execution:	[99 out of 165] test cases in the current suite
Test Method:		[testPackage01.Test_NewValidationHelper.f15]
###############################################################################################################################################



################################################################################################################################################
Starting Execution:	[100 out of 165] test cases in the current suite
Test Method:		[testPackage01.Test_NewValidationHelper.f16]
###############################################################################################################################################



################################################################################################################################################
Starting Execution:	[101 out of 165] test cases in the current suite
Test Method:		[testPackage01.Test_NewValidationHelper.f17]
###############################################################################################################################################



################################################################################################################################################
Starting Execution:	[102 out of 165] test cases in the current suite
Test Method:		[testPackage01.Test_NewValidationHelper.f18]
###############################################################################################################################################


################################################################################################################################################
Starting Execution:	[103 out of 165] test cases in the current suite
Test Method:		[testPackage01.Test_NewValidationHelper.f2]
###############################################################################################################################################


################################################################################################################################################
Starting Execution:	[104 out of 165] test cases in the current suite
Test Method:		[testPackage01.Test_NewValidationHelper.f20]
###############################################################################################################################################



################################################################################################################################################
Starting Execution:	[105 out of 165] test cases in the current suite
Test Method:		[testPackage01.Test_NewValidationHelper.f21]
###############################################################################################################################################



################################################################################################################################################
Starting Execution:	[106 out of 165] test cases in the current suite
Test Method:		[testPackage01.Test_NewValidationHelper.f22]
###############################################################################################################################################


################################################################################################################################################
Starting Execution:	[107 out of 165] test cases in the current suite
Test Method:		[testPackage01.Test_NewValidationHelper.f23]
###############################################################################################################################################

################################################################################################################################################
Starting Execution:	[108 out of 165] test cases in the current suite
Test Method:		[testPackage01.Test_NewValidationHelper.f24]
###############################################################################################################################################

################################################################################################################################################
Starting Execution:	[109 out of 165] test cases in the current suite
Test Method:		[testPackage01.Test_NewValidationHelper.f25]
###############################################################################################################################################

################################################################################################################################################
Starting Execution:	[110 out of 165] test cases in the current suite
Test Method:		[testPackage01.Test_NewValidationHelper.f26]
###############################################################################################################################################

################################################################################################################################################
Starting Execution:	[111 out of 165] test cases in the current suite
Test Method:		[testPackage01.Test_NewValidationHelper.f27]
###############################################################################################################################################

################################################################################################################################################
Starting Execution:	[112 out of 165] test cases in the current suite
Test Method:		[testPackage01.Test_NewValidationHelper.f28]
###############################################################################################################################################

################################################################################################################################################
Starting Execution:	[113 out of 165] test cases in the current suite
Test Method:		[testPackage01.Test_NewValidationHelper.f29]
###############################################################################################################################################

################################################################################################################################################
Starting Execution:	[114 out of 165] test cases in the current suite
Test Method:		[testPackage01.Test_NewValidationHelper.f3]
###############################################################################################################################################

################################################################################################################################################
Starting Execution:	[115 out of 165] test cases in the current suite
Test Method:		[testPackage01.Test_NewValidationHelper.f30]
###############################################################################################################################################

################################################################################################################################################
Starting Execution:	[116 out of 165] test cases in the current suite
Test Method:		[testPackage01.Test_NewValidationHelper.f31]
###############################################################################################################################################

################################################################################################################################################
Starting Execution:	[117 out of 165] test cases in the current suite
Test Method:		[testPackage01.Test_NewValidationHelper.f32]
###############################################################################################################################################

################################################################################################################################################
Starting Execution:	[118 out of 165] test cases in the current suite
Test Method:		[testPackage01.Test_NewValidationHelper.f33]
###############################################################################################################################################

################################################################################################################################################
Starting Execution:	[119 out of 165] test cases in the current suite
Test Method:		[testPackage01.Test_NewValidationHelper.f34]
###############################################################################################################################################

################################################################################################################################################
Starting Execution:	[120 out of 165] test cases in the current suite
Test Method:		[testPackage01.Test_NewValidationHelper.f35]
###############################################################################################################################################

################################################################################################################################################
Starting Execution:	[121 out of 165] test cases in the current suite
Test Method:		[testPackage01.Test_NewValidationHelper.f36]
###############################################################################################################################################

################################################################################################################################################
Starting Execution:	[122 out of 165] test cases in the current suite
Test Method:		[testPackage01.Test_NewValidationHelper.f37]
###############################################################################################################################################

################################################################################################################################################
Starting Execution:	[123 out of 165] test cases in the current suite
Test Method:		[testPackage01.Test_NewValidationHelper.f3_1]
###############################################################################################################################################

################################################################################################################################################
Starting Execution:	[124 out of 165] test cases in the current suite
Test Method:		[testPackage01.Test_NewValidationHelper.f4]
###############################################################################################################################################

################################################################################################################################################
Starting Execution:	[125 out of 165] test cases in the current suite
Test Method:		[testPackage01.Test_NewValidationHelper.f5]
###############################################################################################################################################

################################################################################################################################################
Starting Execution:	[126 out of 165] test cases in the current suite
Test Method:		[testPackage01.Test_NewValidationHelper.f6]
###############################################################################################################################################

################################################################################################################################################
Starting Execution:	[127 out of 165] test cases in the current suite
Test Method:		[testPackage01.Test_NewValidationHelper.f6_1]
###############################################################################################################################################

################################################################################################################################################
Starting Execution:	[128 out of 165] test cases in the current suite
Test Method:		[testPackage01.Test_NewValidationHelper.f6_2]
###############################################################################################################################################

################################################################################################################################################
Starting Execution:	[129 out of 165] test cases in the current suite
Test Method:		[testPackage01.Test_NewValidationHelper.f7]
###############################################################################################################################################


################################################################################################################################################
Starting Execution:	[130 out of 165] test cases in the current suite
Test Method:		[testPackage01.Test_NewValidationHelper.f8]
###############################################################################################################################################



################################################################################################################################################
Starting Execution:	[131 out of 165] test cases in the current suite
Test Method:		[testPackage01.Test_NewValidationHelper.f9]
###############################################################################################################################################


################################################################################################################################################
Starting Execution:	[132 out of 165] test cases in the current suite
Test Method:		[testPackage01.Test_NewValidationHelper.forceFail]
###############################################################################################################################################

################################################################################################################################################
Starting Execution:	[133 out of 165] test cases in the current suite
Test Method:		[testPackage01.Test_NewValidationHelper.forceFail2]
###############################################################################################################################################

################################################################################################################################################
Starting Execution:	[134 out of 165] test cases in the current suite
Test Method:		[testPackage01.Test_JsonActions.f]
###############################################################################################################################################

################################################################################################################################################
Starting Execution:	[135 out of 165] test cases in the current suite
Test Method:		[testPackage01.Test_JsonActions.f2]
###############################################################################################################################################

################################################################################################################################################
Starting Execution:	[136 out of 165] test cases in the current suite
Test Method:		[testPackage01.Test_sendGraphqlRequest.sendGraphqlRequestUsingMutationAndVariables]
################################################################################################################################################
[ReportManager] GraphQl Request is being Performed with the Following Parameters [Service URL: https://api.spacex.land/graphql | Request Body: {"variables":"{\"name\": \"sherlock holmes\",\"rocket\": \"221B Baker Street\"}","query":"mutation ($name: String, $rocket: String) {\n  insert_users(objects: {name: $name, rocket: $rocket}) {\n    returning {\n      name\n      rocket\n    }\n  }\n}"}] @21-02-2022 01:54:49.0106 AM
[ReportManager] Response status code: [200], status line: [HTTP/1.1 200 OK] @21-02-2022 01:54:49.0456 AM
[ReportManager] Assertion Passed: Evaluating the actual response status code against the expected one... @21-02-2022 01:54:49.0457 AM
[ReportManager] Assertion [ValidateComparativeRelation] PASSED. Expected [200] and Actual [200]. Comparison Type [EQUALS]. Validation Type [POSITIVE]. @21-02-2022 01:54:49.0457 AM
[ReportManager] API Action [PerformRequest] successfully performed. With the following test data [Request Type: "POST" | Target Status Code: "200" | Service URL: "https://api.spacex.land/graphql" | Content Type: "application/json" | Response Time: "231ms"]. @21-02-2022 01:54:49.0486 AM
[ReportManager] Successfully created attachment [API Request - Specifications] @21-02-2022 01:54:49.0487 AM
[ReportManager] Successfully created attachment [API Request - JSON Body] @21-02-2022 01:54:49.0488 AM
[ReportManager] Successfully created attachment [API Response - JSON Body] @21-02-2022 01:54:49.0488 AM
[ReportManager] API Action [GetResponseJSONValue] successfully performed. With the following test data [data.insert_users.returning[0].name]. @21-02-2022 01:54:49.0539 AM
[ReportManager] Assertion [ValidateEquals] PASSED. Expected [sherlock holmes] and Actual [sherlock holmes]. Comparison Type [EQUALS]. Validation Type [POSITIVE]. @21-02-2022 01:54:49.0540 A

################################################################################################################################################
Starting Execution:	[137 out of 165] test cases in the current suite
Test Method:		[testPackage01.Test_sendGraphqlRequest.sendGraphqlRequestUsingQuery]
################################################################################################################################################
[ReportManager] GraphQl Request is being Performed with the Following Parameters [Service URL: https://api.spacex.land/graphql | Request Body: {"query":"{company {ceo}}"}] @21-02-2022 01:54:49.0543 AM
[ReportManager] Response status code: [200], status line: [HTTP/1.1 200 OK] @21-02-2022 01:54:49.0668 AM
[ReportManager] Assertion Passed: Evaluating the actual response status code against the expected one... @21-02-2022 01:54:49.0669 AM
[ReportManager] Assertion [ValidateComparativeRelation] PASSED. Expected [200] and Actual [200]. Comparison Type [EQUALS]. Validation Type [POSITIVE]. @21-02-2022 01:54:49.0669 AM
[ReportManager] API Action [PerformRequest] successfully performed. With the following test data [Request Type: "POST" | Target Status Code: "200" | Service URL: "https://api.spacex.land/graphql" | Content Type: "application/json" | Response Time: "120ms"]. @21-02-2022 01:54:49.0681 AM
[ReportManager] Successfully created attachment [API Request - Specifications] @21-02-2022 01:54:49.0682 AM
[ReportManager] Successfully created attachment [API Request - JSON Body] @21-02-2022 01:54:49.0682 AM
[ReportManager] Successfully created attachment [API Response - JSON Body] @21-02-2022 01:54:49.0683 AM
[ReportManager] API Action [GetResponseJSONValue] successfully performed. With the following test data [data.company.ceo]. @21-02-2022 01:54:49.0694 AM
[ReportManager] Assertion [ValidateEquals] PASSED. Expected [Elon Musk] and Actual [Elon Musk]. Comparison Type [EQUALS]. Validation Type [POSITIVE]. @21-02-2022 01:54:49.0695 A

################################################################################################################################################
Starting Execution:	[138 out of 165] test cases in the current suite
Test Method:		[testPackage01.Test_MatchJsonSchema.checkAPI_ResponseSchema]
################################################################################################################################################
[ReportManager] Response status code: [200], status line: [HTTP/1.1 200 OK] @21-02-2022 01:54:49.0857 AM
[ReportManager] Assertion Passed: Evaluating the actual response status code against the expected one... @21-02-2022 01:54:49.0857 AM
[ReportManager] Assertion [ValidateComparativeRelation] PASSED. Expected [200] and Actual [200]. Comparison Type [EQUALS]. Validation Type [POSITIVE]. @21-02-2022 01:54:49.0857 AM
[ReportManager] API Action [PerformRequest] successfully performed. With the following test data [Request Type: "GET" | Target Status Code: "200" | Service URL: "http://api.zippopotam.us/us/90210" | Content Type: "*/*" | Response Time: "153ms"]. @21-02-2022 01:54:49.0872 AM
[ReportManager] Successfully created attachment [API Request - Specifications] @21-02-2022 01:54:49.0873 AM
[ReportManager] Successfully created attachment [API Response - JSON Body] @21-02-2022 01:54:49.0873 AM
[ReportManager] File Action [GetAbsolutePath] successfully performed. With the following test data [Relative Folder Path: "src/test/resources/testDataFiles/schema.json"]. @21-02-2022 01:54:49.0874 AM
[ReportManager] File Action [GetAbsolutePath] successfully performed. With the following test data [Relative Folder Path: "/Users/runner/work/SHAFT_ENGINE/SHAFT_ENGINE/src/test/resources/testDataFiles/schema.json"]. @21-02-2022 01:54:50.0737 AM
[ReportManager] File Action [ReadFromFile] successfully performed. With the following test data [File Path: "/Users/runner/work/SHAFT_ENGINE/SHAFT_ENGINE/src/test/resources/testDataFiles/schema.json"]. @21-02-2022 01:54:50.0738 AM
[ReportManager] Assertion Passed: Then I Assert that the API response schema matches that in this file [src/test/resources/testDataFiles/schema.json]. @21-02-2022 01:54:50.0739 AM
[ReportManager] Successfully created attachment [Validation Test Data - Expected JSON Value] @21-02-2022 01:54:50.0740 AM
[ReportManager] Successfully created attachment [Validation Test Data - Actual JSON Value] @21-02-2022 01:54:50.0741 AM
[ReportManager] Assertion [ValidateResponseFileSchema] PASSED. Expected [Response data should match the JSON File in this path '/Users/runner/work/SHAFT_ENGINE/SHAFT_ENGINE/src/test/resources/testDataFiles/schema.json'] and Actual [TRUE]. Comparison Type [EQUALS]. Validation Type [POSITIVE]. @21-02-2022 01:54:50.0741 A
[ReportManager] File Action [GetAbsolutePath] successfully performed. With the following test data [Relative Folder Path: "target/downloadedFiles/"]. @21-02-2022 01:54:50.0744 AM
[ReportManager] Attempting to run locally on: [Mac-64], [Safari], Headless Execution. @21-02-2022 01:54:50.0744 AM
[ReportManager] Successfully Opened Safari. @21-02-2022 01:54:51.0695 AM
[ReportManager] Initial window size: (800, 600) @21-02-2022 01:54:51.0726 AM
[ReportManager] Window size after SWD Maximize: (1176, 803) @21-02-2022 01:54:51.0749 AM
[ReportManager] Browser Action [MaximizeWindow] successfully performed. With the following test data [New screen size is now: (1176, 803)]. @21-02-2022 01:54:51.0750 A

################################################################################################################################################
Starting Execution:	[139 out of 165] test cases in the current suite
Test Method:		[testPackage01.Test_dragAndDrop.dragAndDropJquery]
################################################################################################################################################
[ReportManager] Target URL: [https://jqueryui.com/resources/demos/droppable/default.html] @21-02-2022 01:54:51.0796 AM
[ReportManager] Initial URL: [] @21-02-2022 01:54:51.0837 AM
[ReportManager] Browser Action [NavigateToURL] successfully performed. With the following test data [https://jqueryui.com/resources/demos/droppable/default.html]. @21-02-2022 01:54:52.0222 AM
[ReportManager] Element Action [GetText] successfully performed. With the following test data [
	Drop here
]. @21-02-2022 01:54:52.0329 AM
[ReportManager] Element Action [DragAndDrop] successfully performed. With the following test data [Start point: (8, 18), End point: (8, 18)]. @21-02-2022 01:54:53.0386 AM
[ReportManager] Element Action [GetText] successfully performed. With the following test data [
	Dropped!
]. @21-02-2022 01:54:53.0420 AM
[ReportManager] Assertion Passed: Checking to see if the text has changed after performing drag and drop @21-02-2022 01:54:53.0420 AM
[ReportManager] Assertion [ValidateEquals] PASSED. Expected [
	Drop here
] and Actual [
	Dropped!
]. Comparison Type [EQUALS]. Validation Type [NEGATIVE]. @21-02-2022 01:54:53.0420 A
[ReportManager] Browser Action [CloseCurrentWindow] successfully performed. @21-02-2022 01:54:53.0656 AM
[ReportManager] Successfully created attachment [Browser Action Test Data - CloseCurrentWindow - Actual Value] @21-02-2022 01:54:53.0656 A
[ReportManager] File Action [GetAbsolutePath] successfully performed. With the following test data [Relative Folder Path: "target/downloadedFiles/"]. @21-02-2022 01:54:53.0658 AM
[ReportManager] Attempting to run locally on: [Mac-64], [Safari], Headless Execution. @21-02-2022 01:54:53.0659 AM
[ReportManager] Successfully Opened Safari. @21-02-2022 01:54:54.0486 AM
[ReportManager] Initial window size: (800, 600) @21-02-2022 01:54:54.0520 AM
[ReportManager] Window size after SWD Maximize: (1176, 803) @21-02-2022 01:54:54.0565 AM
[ReportManager] Browser Action [MaximizeWindow] successfully performed. With the following test data [New screen size is now: (1176, 803)]. @21-02-2022 01:54:54.0565 A

################################################################################################################################################
Starting Execution:	[140 out of 165] test cases in the current suite
Test Method:		[testPackage01.Test_dragAndDrop.dragAndDrop]
Test Description:	[TC001 - Test Drag and Drop function.]
################################################################################################################################################
[ReportManager] Target URL: [http://the-internet.herokuapp.com/drag_and_drop] @21-02-2022 01:54:54.0569 AM
[ReportManager] Initial URL: [] @21-02-2022 01:54:54.0637 AM
[ReportManager] Browser Action [NavigateToURL] successfully performed. With the following test data [http://the-internet.herokuapp.com/drag_and_drop]. @21-02-2022 01:54:55.0045 AM
[ReportManager] Attempting Drag and Drop @21-02-2022 01:54:55.0045 AM
[ReportManager] Element Action [DragAndDrop] successfully performed. With the following test data [Start point: (120, 89), End point: (335, 89)]. @21-02-2022 01:54:55.0753 A
[ReportManager] Browser Action [CloseCurrentWindow] successfully performed. @21-02-2022 01:54:56.0186 AM
[ReportManager] Successfully created attachment [Browser Action Test Data - CloseCurrentWindow - Actual Value] @21-02-2022 01:54:56.0187 A
[ReportManager] File Action [GetAbsolutePath] successfully performed. With the following test data [Relative Folder Path: "target/downloadedFiles/"]. @21-02-2022 01:54:56.0190 AM
[ReportManager] Attempting to run locally on: [Mac-64], [Safari], Headless Execution. @21-02-2022 01:54:56.0190 AM
[ReportManager] Successfully Opened Safari. @21-02-2022 01:54:57.0216 AM
[ReportManager] Initial window size: (800, 600) @21-02-2022 01:54:57.0245 AM
[ReportManager] Window size after SWD Maximize: (1176, 803) @21-02-2022 01:54:57.0278 AM
[ReportManager] Browser Action [MaximizeWindow] successfully performed. With the following test data [New screen size is now: (1176, 803)]. @21-02-2022 01:54:57.0279 A

################################################################################################################################################
Starting Execution:	[141 out of 165] test cases in the current suite
Test Method:		[testPackage01.Test_dragAndDrop.dragAndDropByOffset]
Test Description:	[TC002 - Test Drag and Drop by offset function.]
################################################################################################################################################
[ReportManager] Target URL: [https://jqueryui.com/resources/demos/draggable/default.html] @21-02-2022 01:54:57.0298 AM
[ReportManager] Initial URL: [] @21-02-2022 01:54:57.0354 AM
[ReportManager] Browser Action [NavigateToURL] successfully performed. With the following test data [https://jqueryui.com/resources/demos/draggable/default.html]. @21-02-2022 01:54:57.0779 AM
[ReportManager] Element Action [DragAndDropByOffset] successfully performed. With the following test data [Start point: (8, 8), End point: (108, 58)]. @21-02-2022 01:54:58.0589 A
[ReportManager] Browser Action [CloseCurrentWindow] successfully performed. @21-02-2022 01:54:58.0796 AM
[ReportManager] Successfully created attachment [Browser Action Test Data - CloseCurrentWindow - Actual Value] @21-02-2022 01:54:58.0797 A
[ReportManager] Successfully loaded the following test data file [src/test/resources/testDataFiles/testSuite01/TestData.xlsx]. @21-02-2022 01:54:58.0844 AM
[ReportManager] Successfully created attachment [Test Data - Excel] @21-02-2022 01:54:58.0845 AM
[ReportManager] File Action [GetAbsolutePath] successfully performed. With the following test data [Relative Folder Path: "target/downloadedFiles/"]. @21-02-2022 01:54:58.0846 AM
[ReportManager] Attempting to run locally on: [Mac-64], [Safari], Headless Execution. @21-02-2022 01:54:58.0847 AM
[ReportManager] Successfully Opened Safari. @21-02-2022 01:54:59.0722 AM
[ReportManager] Initial window size: (800, 600) @21-02-2022 01:54:59.0748 AM
[ReportManager] Window size after SWD Maximize: (1176, 803) @21-02-2022 01:54:59.0764 AM
[ReportManager] Browser Action [MaximizeWindow] successfully performed. With the following test data [New screen size is now: (1176, 803)]. @21-02-2022 01:54:59.0765 A

################################################################################################################################################
Starting Execution:	[142 out of 165] test cases in the current suite
Test Method:		[testPackage01.Test_google.navigateToURLandVerifyGoogleLogoIsDisplayed]
Test Description:	[TC001 - Navigate to URL and Verify Google Logo is Displayed]
################################################################################################################################################
[ReportManager] Target URL: [https://www.google.com/ncr], and after redirection: [https://www.google.com] @21-02-2022 01:54:59.0768 AM
[ReportManager] Initial URL: [] @21-02-2022 01:54:59.0838 AM
[ReportManager] Browser Action [NavigateToURL] successfully performed. With the following test data [https://www.google.com/ncr]. @21-02-2022 01:55:01.0318 AM
[ReportManager] Assertion Passed: Then I Assert that the element found by [By.xpath: //*[@id='hplogo' or @alt='Google']] exists. @21-02-2022 01:55:01.0514 AM
[ReportManager] Successfully created attachment [Screenshot - 1645408501444_navigateToURLandVerifyGoogleLogoIsDisplayed_ValidateElementExists_passed] @21-02-2022 01:55:01.0516 AM
[ReportManager] Assertion [ValidateElementExists] PASSED. Expected [Element Should Exist, locator 'By.xpath: //*[@id='hplogo' or @alt='Google']'] and Actual [Element Exists]. Comparison Type [EQUALS]. Validation Type [POSITIVE]. @21-02-2022 01:55:01.0516 A

################################################################################################################################################
Starting Execution:	[143 out of 165] test cases in the current suite
Test Method:		[testPackage01.Test_google.searchForQueryandAssertResultsNumDisplayed]
Test Description:	[TC002 - Search for Query and Assert that the number of results is displayed]
################################################################################################################################################
[ReportManager] Element Action [Type] successfully performed. With the following test data [SHAFT_Engine]. @21-02-2022 01:55:01.0979 AM
[ReportManager] Element Action [KeyPress] successfully performed. With the following test data [Enter]. @21-02-2022 01:55:02.0032 AM
[ReportManager] Element Action [GetText] successfully performed. With the following test data [About 698,000 results (0.53 seconds)Quick SettingsSee all settingsPrivacySearch historyYour data in SearchUsing SearchExplicit results filterLearn more about SafeSearchHide explicit resultsLanguagesEnglishAdvanced searchAppearanceLight themeDark themeDevice defaultSupportSearch help]. @21-02-2022 01:55:03.0761 AM
[ReportManager] Assertion Passed: Then I Assert that the element found by [By.id: appbar] text does not equal []. @21-02-2022 01:55:04.0175 AM
[ReportManager] Successfully created attachment [Screenshot - 1645408504042_searchForQueryandAssertResultsNumDisplayed_ValidateElementAttribute_passed] @21-02-2022 01:55:04.0178 AM
[ReportManager] Assertion [ValidateElementAttribute] PASSED. Expected [Value Should not be '' for the 'text' attribute, element locator 'By.id: appbar'] and Actual [About 698,000 results (0.53 seconds)Quick SettingsSee all settingsPrivacySearch historyYour data in SearchUsing SearchExplicit results filterLearn more about SafeSearchHide explicit resultsLanguagesEnglishAdvanced searchAppearanceLight themeDark themeDevice defaultSupportSearch help]. Comparison Type [EQUALS]. Validation Type [NEGATIVE]. @21-02-2022 01:55:04.0178 A

################################################################################################################################################
Starting Execution:	[144 out of 165] test cases in the current suite
Test Method:		[testPackage01.Test_google.clickNextThrice]
Test Description:	[TC003 - Clicks the next button to make sure that the framework can scroll element into view before clicking it]
################################################################################################################################################
[ReportManager] Element Action [Click] successfully performed. With the following test data [By.xpath: //span[text()='Next']]. @21-02-2022 01:55:05.0087 A
[ReportManager] Successfully Closed All Drivers. @21-02-2022 01:55:05.0372 A
[ReportManager] File Action [GetAbsolutePath] successfully performed. With the following test data [Relative Folder Path: "target/downloadedFiles/"]. @21-02-2022 01:55:05.0376 AM
[ReportManager] Attempting to run locally on: [Mac-64], [Safari], Headless Execution. @21-02-2022 01:55:05.0377 AM
[ReportManager] Successfully Opened Safari. @21-02-2022 01:55:06.0256 AM
[ReportManager] Initial window size: (800, 600) @21-02-2022 01:55:06.0282 AM
[ReportManager] Window size after SWD Maximize: (1176, 803) @21-02-2022 01:55:06.0299 AM
[ReportManager] Browser Action [MaximizeWindow] successfully performed. With the following test data [New screen size is now: (1176, 803)]. @21-02-2022 01:55:06.0300 A

################################################################################################################################################
Starting Execution:	[145 out of 165] test cases in the current suite
Test Method:		[testPackage01.Test_chainableElementActions.chainElementActions]
################################################################################################################################################
[ReportManager] Target URL: [https://www.google.com/ncr], and after redirection: [https://www.google.com] @21-02-2022 01:55:06.0305 AM
[ReportManager] Initial URL: [] @21-02-2022 01:55:06.0367 AM
[ReportManager] Browser Action [NavigateToURL] successfully performed. With the following test data [https://www.google.com/ncr]. @21-02-2022 01:55:07.0900 AM
[ReportManager] Element Action [Type] successfully performed. With the following test data [chained type 1]. @21-02-2022 01:55:08.0626 AM
[ReportManager] Element Action [Type] successfully performed. With the following test data [chained type 2]. @21-02-2022 01:55:09.0100 AM
[ReportManager] Element Action [TypeAppend] successfully performed. With the following test data [345]. @21-02-2022 01:55:09.0182 AM
[ReportManager] Element Action [GetText] successfully performed. With the following test data [chained type 2345]. @21-02-2022 01:55:09.0269 AM
[ReportManager] Assertion Passed: Then I Assert that the element found by [By.name: q] text is equal to [chained type 2345]. @21-02-2022 01:55:09.0427 AM
[ReportManager] Successfully created attachment [Screenshot - 1645408509359_chainElementActions_ValidateElementAttribute_passed] @21-02-2022 01:55:09.0429 AM
[ReportManager] Assertion [ValidateElementAttribute] PASSED. Expected [Value Should be 'chained type 2345' for the 'text' attribute, element locator 'By.name: q'] and Actual [chained type 2345]. Comparison Type [EQUALS]. Validation Type [POSITIVE]. @21-02-2022 01:55:09.0429 A
[ReportManager] Successfully Closed All Drivers. @21-02-2022 01:55:09.0691 A
[ReportManager] File Action [GetAbsolutePath] successfully performed. With the following test data [Relative Folder Path: "target/downloadedFiles/"]. @21-02-2022 01:55:09.0694 AM
[ReportManager] Attempting to run locally on: [Mac-64], [Safari], Headless Execution. @21-02-2022 01:55:09.0694 AM
[ReportManager] Successfully Opened Safari. @21-02-2022 01:55:10.0641 AM
[ReportManager] Initial window size: (800, 600) @21-02-2022 01:55:10.0681 AM
[ReportManager] Window size after SWD Maximize: (1176, 803) @21-02-2022 01:55:10.0705 AM
[ReportManager] Browser Action [MaximizeWindow] successfully performed. With the following test data [New screen size is now: (1176, 803)]. @21-02-2022 01:55:10.0706 A

################################################################################################################################################
Starting Execution:	[146 out of 165] test cases in the current suite
Test Method:		[testPackage01.Test_RelativeLocators.relativeLocatorsTest1]
################################################################################################################################################
[ReportManager] Target URL: [https://duckduckgo.com/] @21-02-2022 01:55:10.0710 AM
[ReportManager] Initial URL: [] @21-02-2022 01:55:10.0798 AM
[ReportManager] Browser Action [NavigateToURL] successfully performed. With the following test data [https://duckduckgo.com/]. @21-02-2022 01:55:11.0636 AM
[ReportManager] Element Action [Type] successfully performed. With the following test data [SHAFT_Engine]. @21-02-2022 01:55:11.0949 AM
[ReportManager] Element Action [KeyPress] successfully performed. With the following test data [ENTER]. @21-02-2022 01:55:12.0007 AM
[ReportManager] Element Action [GetText] successfully performed. With the following test data [GitHub - MohabMohie/SHAFT_ENGINE: SHAFT_ENGINE is a Test ...]. @21-02-2022 01:55:13.0309 AM
[ReportManager] Assertion Passed: Then I Assert that the element found by [Relative Locator: {root={xpath=//a[@class='result__a js-result-title-link']}, filters=[{kind=below, args=[{xpath=//input[@name='q']}]}]}] text does not equal []. @21-02-2022 01:55:14.0267 AM
[ReportManager] Successfully created attachment [Screenshot - 1645408514171_relativeLocatorsTest1_ValidateElementAttribute_passed] @21-02-2022 01:55:14.0271 AM
[ReportManager] Assertion [ValidateElementAttribute] PASSED. Expected [Value Should not be '' for the 'text' attribute, element locator '[unknown locator]'] and Actual [GitHub - MohabMohie/SHAFT_ENGINE: SHAFT_ENGINE is a Test ...]. Comparison Type [EQUALS]. Validation Type [NEGATIVE]. @21-02-2022 01:55:14.0271 A
[ReportManager] Browser Action [CloseCurrentWindow] successfully performed. @21-02-2022 01:55:14.0681 AM
[ReportManager] Successfully created attachment [Browser Action Test Data - CloseCurrentWindow - Actual Value] @21-02-2022 01:55:14.0682 A

################################################################################################################################################
Starting Execution:	[147 out of 165] test cases in the current suite
Test Method:		[testPackage01.Test_JsonCompareWithSpecialCharacters.specialCharacters]
################################################################################################################################################
[ReportManager] File Action [GetAbsolutePath] successfully performed. With the following test data [Relative Folder Path: "src/test/resources/testDataFiles/specialCharacters.json"]. @21-02-2022 01:55:14.0689 AM
[ReportManager] File Action [ReadFromFile] successfully performed. With the following test data [File Path: "/Users/runner/work/SHAFT_ENGINE/SHAFT_ENGINE/src/test/resources/testDataFiles/specialCharacters.json"]. @21-02-2022 01:55:14.0689 AM
[ReportManager] Successfully created attachment [File Action Actual Result - Command Log] @21-02-2022 01:55:14.0690 AM
[ReportManager] Comparing the provided API response with the file at this path "src/test/resources/testDataFiles/specialCharacters.json", comparison type "EQUALS" @21-02-2022 01:55:14.0692 AM
[ReportManager] API Action [CompareJSON] successfully performed. With the following test data [src/test/resources/testDataFiles/specialCharacters.json]. @21-02-2022 01:55:14.0699 AM
[ReportManager] File Action [GetAbsolutePath] successfully performed. With the following test data [Relative Folder Path: "src/test/resources/testDataFiles/specialCharacters.json"]. @21-02-2022 01:55:14.0699 AM
[ReportManager] File Action [ReadFromFile] successfully performed. With the following test data [File Path: "/Users/runner/work/SHAFT_ENGINE/SHAFT_ENGINE/src/test/resources/testDataFiles/specialCharacters.json"]. @21-02-2022 01:55:14.0700 AM
[ReportManager] Verification [ValidateJSONFileContent] PASSED. Expected [Response data should match the JSON File in this path 'src/test/resources/testDataFiles/specialCharacters.json'] and Actual [TRUE]. Comparison Type [EQUALS]. Validation Type [POSITIVE]. @21-02-2022 01:55:14.0704 AM
[ReportManager] Successfully created attachment [Validation Test Data - Expected JSON Value] @21-02-2022 01:55:14.0706 AM
[ReportManager] Successfully created attachment [Validation Test Data - Actual JSON Value] @21-02-2022 01:55:14.0706 A

################################################################################################################################################
Starting Execution:	[148 out of 165] test cases in the current suite
Test Method:		[testPackage01.Test_JsonCompareWithSpecialCharacters.specialCharacters_assertion]
################################################################################################################################################
[ReportManager] File Action [GetAbsolutePath] successfully performed. With the following test data [Relative Folder Path: "src/test/resources/testDataFiles/specialCharacters.json"]. @21-02-2022 01:55:14.0710 AM
[ReportManager] File Action [ReadFromFile] successfully performed. With the following test data [File Path: "/Users/runner/work/SHAFT_ENGINE/SHAFT_ENGINE/src/test/resources/testDataFiles/specialCharacters.json"]. @21-02-2022 01:55:14.0711 AM
[ReportManager] Successfully created attachment [File Action Actual Result - Command Log] @21-02-2022 01:55:14.0711 AM
[ReportManager] Comparing the provided API response with the file at this path "src/test/resources/testDataFiles/specialCharacters.json", comparison type "CONTAINS" @21-02-2022 01:55:14.0712 AM
[ReportManager] API Action [CompareJSON] successfully performed. With the following test data [src/test/resources/testDataFiles/specialCharacters.json]. @21-02-2022 01:55:14.0721 AM
[ReportManager] File Action [GetAbsolutePath] successfully performed. With the following test data [Relative Folder Path: "src/test/resources/testDataFiles/specialCharacters.json"]. @21-02-2022 01:55:14.0721 AM
[ReportManager] File Action [ReadFromFile] successfully performed. With the following test data [File Path: "/Users/runner/work/SHAFT_ENGINE/SHAFT_ENGINE/src/test/resources/testDataFiles/specialCharacters.json"]. @21-02-2022 01:55:14.0721 AM
[ReportManager] Assertion Passed: trying out the log message @21-02-2022 01:55:14.0725 AM
[ReportManager] Successfully created attachment [Validation Test Data - Expected JSON Value] @21-02-2022 01:55:14.0726 AM
[ReportManager] Successfully created attachment [Validation Test Data - Actual JSON Value] @21-02-2022 01:55:14.0727 AM
[ReportManager] Assertion [ValidateJSONFileContent] PASSED. Expected [Response data should match the JSON File in this path 'src/test/resources/testDataFiles/specialCharacters.json'] and Actual [TRUE]. Comparison Type [CONTAINS]. Validation Type [POSITIVE]. @21-02-2022 01:55:14.0727 A

################################################################################################################################################
Starting Execution:	[149 out of 165] test cases in the current suite
Test Method:		[testPackage01.Test_SkipDueToIssue.doNotSkip]
################################################################################################################################################
[ReportManager] This should not be skipped. @21-02-2022 01:55:14.0730 A

################################################################################################################################################
Starting Execution:	[150 out of 165] test cases in the current suite
Test Method:		[testPackage01.Test_SkipDueToIssue.skip]
################################################################################################################################################
[ReportManager] This should be skipped. @21-02-2022 01:55:14.0736 A

################################################################################################################################################
Starting Execution:	[151 out of 165] test cases in the current suite
Test Method:		[testPackage01.Test_SkipDueToIssue.skip2]
################################################################################################################################################
[ReportManager] This should be skipped. @21-02-2022 01:55:14.0741 A

################################################################################################################################################
Starting Execution:	[152 out of 165] test cases in the current suite
Test Method:		[testPackage01.Test_JSONFileManager.readStringFromJson]
################################################################################################################################################
[ReportManager] File Action [GetAbsolutePath] successfully performed. With the following test data [Relative Folder Path: "src/test/resources/testDataFiles/simpleJSON.json"]. @21-02-2022 01:55:14.0747 AM
[ReportManager] Successfully loaded the following test data file [src/test/resources/testDataFiles/simpleJSON.json]. @21-02-2022 01:55:14.0748 AM
[ReportManager] Successfully created attachment [Test Data - JSON] @21-02-2022 01:55:14.0749 AM
[ReportManager] File Action [GetAbsolutePath] successfully performed. With the following test data [Relative Folder Path: "src/test/resources/testDataFiles/simpleJSON.json"]. @21-02-2022 01:55:14.0750 AM
[ReportManager] Assertion [ValidateEquals] PASSED. Expected [Mohab Mohie] and Actual [Mohab Mohie]. Comparison Type [EQUALS]. Validation Type [POSITIVE]. @21-02-2022 01:55:14.0764 A
[ReportManager] File Action [GetAbsolutePath] successfully performed. With the following test data [Relative Folder Path: "target/downloadedFiles/"]. @21-02-2022 01:55:14.0767 AM
[ReportManager] Attempting to run locally on: [Mac-64], [Safari], Headless Execution. @21-02-2022 01:55:14.0767 AM
[ReportManager] Successfully Opened Safari. @21-02-2022 01:55:15.0606 AM
[ReportManager] Initial window size: (800, 600) @21-02-2022 01:55:15.0628 AM
[ReportManager] Window size after SWD Maximize: (1176, 803) @21-02-2022 01:55:15.0642 AM
[ReportManager] Browser Action [MaximizeWindow] successfully performed. With the following test data [New screen size is now: (1176, 803)]. @21-02-2022 01:55:15.0642 A

################################################################################################################################################
Starting Execution:	[153 out of 165] test cases in the current suite
Test Method:		[testPackage01.Test_assertEquals.test_assertElementAttribute]
################################################################################################################################################
[ReportManager] Target URL: [https://www.google.com/ncr], and after redirection: [https://www.google.com] @21-02-2022 01:55:15.0644 AM
[ReportManager] Initial URL: [] @21-02-2022 01:55:15.0732 AM
[ReportManager] Browser Action [NavigateToURL] successfully performed. With the following test data [https://www.google.com/ncr]. @21-02-2022 01:55:17.0097 AM
[ReportManager] Element Action [Type] successfully performed. With the following test data [INC_004010050:Another SCHEDULER with the same name [Duplicate Job Name] already exists.]. @21-02-2022 01:55:18.0204 AM
[ReportManager] Element Action [GetText] successfully performed. With the following test data [INC_004010050:Another SCHEDULER with the same name [Duplicate Job Name] already exists.]. @21-02-2022 01:55:18.0256 AM
[ReportManager] Assertion [ValidateElementAttribute] PASSED. Expected [Value Should be 'INC_004010050:Another SCHEDULER with the same name \[Duplicate Job Name\] already exists.' for the 'text' attribute, element locator 'By.name: q'] and Actual [INC_004010050:Another SCHEDULER with the same name [Duplicate Job Name] already exists.]. Comparison Type [MATCHES]. Validation Type [POSITIVE]. @21-02-2022 01:55:18.0402 AM
[ReportManager] Successfully created attachment [Screenshot - 1645408518336_test_assertElementAttribute_ValidateElementAttribute_passed] @21-02-2022 01:55:18.0403 A
[ReportManager] Browser Action [CloseCurrentWindow] successfully performed. @21-02-2022 01:55:18.0837 AM
[ReportManager] Successfully created attachment [Browser Action Test Data - CloseCurrentWindow - Actual Value] @21-02-2022 01:55:18.0838 A
[ReportManager] File Action [GetAbsolutePath] successfully performed. With the following test data [Relative Folder Path: "target/downloadedFiles/"]. @21-02-2022 01:55:18.0840 AM
[ReportManager] Attempting to run locally on: [Mac-64], [Safari], Headless Execution. @21-02-2022 01:55:18.0840 AM
[ReportManager] Successfully Opened Safari. @21-02-2022 01:55:19.0654 AM
[ReportManager] Initial window size: (800, 600) @21-02-2022 01:55:19.0679 AM
[ReportManager] Window size after SWD Maximize: (1176, 803) @21-02-2022 01:55:19.0705 AM
[ReportManager] Browser Action [MaximizeWindow] successfully performed. With the following test data [New screen size is now: (1176, 803)]. @21-02-2022 01:55:19.0705 A

################################################################################################################################################
Starting Execution:	[154 out of 165] test cases in the current suite
Test Method:		[testPackage01.Test_IsElementClickable.testIsElementClickable]
################################################################################################################################################
[ReportManager] Target URL: [https://the-internet.herokuapp.com/] @21-02-2022 01:55:19.0709 AM
[ReportManager] Initial URL: [] @21-02-2022 01:55:19.0753 AM
[ReportManager] Browser Action [NavigateToURL] successfully performed. With the following test data [https://the-internet.herokuapp.com/]. @21-02-2022 01:55:20.0254 AM
[ReportManager] Element Action [IsElementClickable] successfully performed. @21-02-2022 01:55:20.0325 AM
[ReportManager] Assertion [ValidateTrue] PASSED. Expected [TRUE] and Actual [TRUE]. Validation Type [POSITIVE]. @21-02-2022 01:55:20.0325 A
[ReportManager] Browser Action [CloseCurrentWindow] successfully performed. @21-02-2022 01:55:20.0530 AM
[ReportManager] Successfully created attachment [Browser Action Test Data - CloseCurrentWindow - Actual Value] @21-02-2022 01:55:20.0530 A
[ReportManager] Successfully loaded the following test data file [src/test/resources/testDataFiles/testSuite01/TestData.xlsx]. @21-02-2022 01:55:20.0561 AM
[ReportManager] Successfully created attachment [Test Data - Excel] @21-02-2022 01:55:20.0562 AM
[ReportManager] Attempting to run using Playwright locally on: [Mac-64], [Safari], Headless Execution. @21-02-2022 01:55:42.0964 AM
[ReportManager] File Action [GetAbsolutePath] successfully performed. With the following test data [Relative Folder Path: "target/downloadedFiles/"]. @21-02-2022 01:55:42.0965 AM
[ReportManager] Initial window size: (1280, 720) @21-02-2022 01:55:47.0227 AM
[ReportManager] Window size after Toolkit: com.microsoft.playwright.options.ViewportSize@548ec55 @21-02-2022 01:55:47.0243 AM
[ReportManager] Browser Action [MaximizeWindow] successfully performed. With the following test data [New screen size is now: (1920, 1080)]. @21-02-2022 01:55:47.0244 A

################################################################################################################################################
Starting Execution:	[155 out of 165] test cases in the current suite
Test Method:		[testPackage01.Test_google_playwright.navigateToURLandVerifyGoogleLogoIsDisplayed]
Test Description:	[TC001 - Navigate to URL and Verify Google Logo is Displayed]
################################################################################################################################################
[ReportManager] Target URL: [https://www.google.com/ncr], and after redirection: [https://www.google.com] @21-02-2022 01:55:47.0253 AM
[ReportManager] Initial URL: [about:blank] @21-02-2022 01:55:47.0707 AM
[ReportManager] Browser Action [NavigateToURL] successfully performed. With the following test data [https://www.google.com/ncr]. @21-02-2022 01:55:50.0113 AM
[ReportManager] Assertion [ValidateElementExists] PASSED. Expected [Element Should Exist, locator 'xpath=//*[@id='hplogo' or @alt='Google']'] and Actual [Element Exists]. Comparison Type [EQUALS]. Validation Type [POSITIVE]. @21-02-2022 01:55:50.0392 AM
[ReportManager] Successfully created attachment [Screenshot - 1645408550279_navigateToURLandVerifyGoogleLogoIsDisplayed_ValidateElementExists_passed] @21-02-2022 01:55:50.0393 A

################################################################################################################################################
Starting Execution:	[156 out of 165] test cases in the current suite
Test Method:		[testPackage01.Test_google_playwright.searchForQueryandAssertResultsNumDisplayed]
Test Description:	[TC002 - Search for Query and Assert that the number of results is displayed]
################################################################################################################################################
[ReportManager] Element Action [Type] successfully performed. With the following test data [SHAFT_Engine]. @21-02-2022 01:55:50.0647 AM
[ReportManager] Element Action [KeyPress] successfully performed. With the following test data [Enter]. @21-02-2022 01:55:50.0682 AM
[ReportManager] Element Action [GetText] successfully performed. With the following test data [About 895,000 results (0.35 seconds)
]. @21-02-2022 01:55:52.0057 AM
[ReportManager] Assertion [ValidateElementAttribute] PASSED. Expected [Value Should not be '' for the 'text' attribute, element locator 'xpath=//div[@id='appbar']'] and Actual [About 895,000 results (0.35 seconds)
]. Comparison Type [EQUALS]. Validation Type [NEGATIVE]. @21-02-2022 01:55:53.0009 AM
[ReportManager] Successfully created attachment [Screenshot - 1645408552876_searchForQueryandAssertResultsNumDisplayed_ValidateElementAttribute_passed] @21-02-2022 01:55:53.0030 A

################################################################################################################################################
Starting Execution:	[157 out of 165] test cases in the current suite
Test Method:		[testPackage01.Test_google_playwright.clickNextThrice]
Test Description:	[TC003 - Clicks the next button to make sure that the framework can scroll element into view before clicking it]
################################################################################################################################################
[ReportManager] Element Action [Click] successfully performed. With the following test data [Next]. @21-02-2022 01:55:53.0342 A
[ReportManager] Failed to find video recording. @21-02-2022 01:55:53.0344 AM
[ReportManager] Successfully Closed PlayWright Driver. @21-02-2022 01:55:53.0388 A
[ReportManager] File Action [GetAbsolutePath] successfully performed. With the following test data [Relative Folder Path: "target/downloadedFiles/"]. @21-02-2022 01:55:53.0389 AM
[ReportManager] Attempting to run locally on: [Mac-64], [Safari], Headless Execution. @21-02-2022 01:55:53.0390 AM
[ReportManager] Successfully Opened Safari. @21-02-2022 01:55:54.0212 AM
[ReportManager] Initial window size: (800, 600) @21-02-2022 01:55:54.0231 AM
[ReportManager] Window size after SWD Maximize: (1176, 803) @21-02-2022 01:55:54.0245 AM
[ReportManager] Browser Action [MaximizeWindow] successfully performed. With the following test data [New screen size is now: (1176, 803)]. @21-02-2022 01:55:54.0245 A

################################################################################################################################################
Starting Execution:	[158 out of 165] test cases in the current suite
Test Method:		[testPackage01.Test_verifyEquals.test_assertElementAttribute]
################################################################################################################################################
[ReportManager] Target URL: [https://www.google.com/ncr], and after redirection: [https://www.google.com] @21-02-2022 01:55:54.0248 AM
[ReportManager] Initial URL: [] @21-02-2022 01:55:54.0315 AM
[ReportManager] Browser Action [NavigateToURL] successfully performed. With the following test data [https://www.google.com/ncr]. @21-02-2022 01:55:55.0582 AM
[ReportManager] Element Action [Type] successfully performed. With the following test data [INC_004010050:Another SCHEDULER with the same name [Duplicate Job Name] already exists.]. @21-02-2022 01:55:56.0194 AM
[ReportManager] Element Action [GetText] successfully performed. With the following test data [INC_004010050:Another SCHEDULER with the same name [Duplicate Job Name] already exists.]. @21-02-2022 01:55:56.0252 AM
[ReportManager] Verification [ValidateElementAttribute] PASSED. Expected [Value Should be 'INC_004010050:Another SCHEDULER with the same name \[Duplicate Job Name\] already exists.' for the 'text' attribute, element locator 'By.name: q'] and Actual [INC_004010050:Another SCHEDULER with the same name [Duplicate Job Name] already exists.]. Comparison Type [MATCHES]. Validation Type [POSITIVE]. @21-02-2022 01:55:56.0404 AM
[ReportManager] Successfully created attachment [Screenshot - 1645408556338_test_assertElementAttribute_ValidateElementAttribute_passed] @21-02-2022 01:55:56.0405 A
[ReportManager] Browser Action [CloseCurrentWindow] successfully performed. @21-02-2022 01:55:56.0757 AM
[ReportManager] Successfully created attachment [Browser Action Test Data - CloseCurrentWindow - Actual Value] @21-02-2022 01:55:56.0758 A

################################################################################################################################################
Starting Execution:	[159 out of 165] test cases in the current suite
Test Method:		[testPackage01.Test_SelectedValue.multipleSelect]
################################################################################################################################################
[ReportManager] File Action [GetAbsolutePath] successfully performed. With the following test data [Relative Folder Path: "target/downloadedFiles/"]. @21-02-2022 01:55:56.0761 AM
[ReportManager] Attempting to run locally on: [Mac-64], [GoogleChrome], Headless Execution. @21-02-2022 01:55:56.0762 AM
[ReportManager] Identifying OS/Driver combination and selecting the correct driver version automatically. Please note that if a new driver executable will be downloaded it may take some time... @21-02-2022 01:55:56.0762 AM
[ReportManager] Successfully Opened Google Chrome. @21-02-2022 01:56:00.0130 AM
[ReportManager] Initial window size: (1920, 1080) @21-02-2022 01:56:00.0136 AM
[ReportManager] Window size after SWD Maximize: (1920, 1080) @21-02-2022 01:56:00.0344 AM
[ReportManager] Window size after Toolkit: (1920, 1080) @21-02-2022 01:56:00.0780 AM
[ReportManager] Browser Action [MaximizeWindow] successfully performed. With the following test data [New screen size is now: (1920, 1080)]. @21-02-2022 01:56:00.0782 AM
[ReportManager] Target URL: [https://yari-demos.prod.mdn.mozit.cloud/en-US/docs/Web/HTML/Element/select/_sample_.Advanced_select_with_multiple_features.html] @21-02-2022 01:56:00.0783 AM
[ReportManager] Initial URL: [data:,] @21-02-2022 01:56:00.0811 AM
[ReportManager] Browser Action [NavigateToURL] successfully performed. With the following test data [https://yari-demos.prod.mdn.mozit.cloud/en-US/docs/Web/HTML/Element/select/_sample_.Advanced_select_with_multiple_features.html]. @21-02-2022 01:56:01.0216 AM
[ReportManager] Element Action [Select] successfully performed. With the following test data [Dog]. @21-02-2022 01:56:01.0425 AM
[ReportManager] Element Action [Select] successfully performed. With the following test data [Cat]. @21-02-2022 01:56:01.0596 AM
[ReportManager] Element Action [GetSelectedText] successfully performed. With the following test data [DogCat]. @21-02-2022 01:56:01.0697 AM
[ReportManager] DogCat @21-02-2022 01:56:01.0697 AM
[ReportManager] Element Action [GetSelectedText] successfully performed. With the following test data [DogCat]. @21-02-2022 01:56:01.0776 AM
[ReportManager] Assertion [ValidateElementAttribute] PASSED. Expected [Value Should be 'DogCat' for the 'selectedText' attribute, element locator 'By.tagName: select'] and Actual [DogCat]. Comparison Type [EQUALS]. Validation Type [POSITIVE]. @21-02-2022 01:56:02.0275 AM
[ReportManager] Successfully created attachment [Screenshot - 1645408562165_multipleSelect_ValidateElementAttribute_passed] @21-02-2022 01:56:02.0276 AM
[ReportManager] Browser Action [CloseCurrentWindow] successfully performed. @21-02-2022 01:56:02.0496 AM
[ReportManager] Successfully created attachment [Browser Action Test Data - CloseCurrentWindow - Actual Value] @21-02-2022 01:56:02.0497 A

################################################################################################################################################
Starting Execution:	[160 out of 165] test cases in the current suite
Test Method:		[testPackage01.Test_SelectedValue.simpleSelect]
################################################################################################################################################
[ReportManager] File Action [GetAbsolutePath] successfully performed. With the following test data [Relative Folder Path: "target/downloadedFiles/"]. @21-02-2022 01:56:02.0503 AM
[ReportManager] Attempting to run locally on: [Mac-64], [GoogleChrome], Headless Execution. @21-02-2022 01:56:02.0503 AM
[ReportManager] Identifying OS/Driver combination and selecting the correct driver version automatically. Please note that if a new driver executable will be downloaded it may take some time... @21-02-2022 01:56:02.0504 AM
[ReportManager] Successfully Opened Google Chrome. @21-02-2022 01:56:03.0070 AM
[ReportManager] Initial window size: (1920, 1080) @21-02-2022 01:56:03.0074 AM
[ReportManager] Window size after SWD Maximize: (1920, 1080) @21-02-2022 01:56:03.0306 AM
[ReportManager] Window size after Toolkit: (1920, 1080) @21-02-2022 01:56:03.0744 AM
[ReportManager] Browser Action [MaximizeWindow] successfully performed. With the following test data [New screen size is now: (1920, 1080)]. @21-02-2022 01:56:03.0746 AM
[ReportManager] Target URL: [https://yari-demos.prod.mdn.mozit.cloud/en-US/docs/Web/HTML/Element/select/_sample_.Basic_select.html] @21-02-2022 01:56:03.0746 AM
[ReportManager] Initial URL: [data:,] @21-02-2022 01:56:03.0771 AM
[ReportManager] Browser Action [NavigateToURL] successfully performed. With the following test data [https://yari-demos.prod.mdn.mozit.cloud/en-US/docs/Web/HTML/Element/select/_sample_.Basic_select.html]. @21-02-2022 01:56:04.0173 AM
[ReportManager] Element Action [Select] successfully performed. With the following test data [Third Value]. @21-02-2022 01:56:04.0419 AM
[ReportManager] Element Action [GetSelectedText] successfully performed. With the following test data [Third Value]. @21-02-2022 01:56:04.0486 AM
[ReportManager] Third Value @21-02-2022 01:56:04.0486 AM
[ReportManager] Element Action [GetSelectedText] successfully performed. With the following test data [Third Value]. @21-02-2022 01:56:04.0546 AM
[ReportManager] Assertion [ValidateElementAttribute] PASSED. Expected [Value Should be 'Third Value' for the 'selectedText' attribute, element locator 'By.tagName: select'] and Actual [Third Value]. Comparison Type [EQUALS]. Validation Type [POSITIVE]. @21-02-2022 01:56:04.0974 AM
[ReportManager] Successfully created attachment [Screenshot - 1645408564869_simpleSelect_ValidateElementAttribute_passed] @21-02-2022 01:56:04.0975 AM
[ReportManager] Browser Action [CloseCurrentWindow] successfully performed. @21-02-2022 01:56:05.0239 AM
[ReportManager] Successfully created attachment [Browser Action Test Data - CloseCurrentWindow - Actual Value] @21-02-2022 01:56:05.0240 A
[ReportManager] File Action [GetAbsolutePath] successfully performed. With the following test data [Relative Folder Path: "target/downloadedFiles/"]. @21-02-2022 01:56:05.0243 AM
[ReportManager] Attempting to run locally on: [Mac-64], [Safari], Headless Execution. @21-02-2022 01:56:05.0243 AM
[ReportManager] Successfully Opened Safari. @21-02-2022 01:56:06.0042 AM
[ReportManager] Initial window size: (800, 600) @21-02-2022 01:56:06.0065 AM
[ReportManager] Window size after SWD Maximize: (1176, 803) @21-02-2022 01:56:06.0078 AM
[ReportManager] Browser Action [MaximizeWindow] successfully performed. With the following test data [New screen size is now: (1176, 803)]. @21-02-2022 01:56:06.0079 A

################################################################################################################################################
Starting Execution:	[161 out of 165] test cases in the current suite
Test Method:		[testPackage01.Test_dynamicLoading.dynamicLoading_elementIsHidden]
################################################################################################################################################
[ReportManager] Target URL: [https://the-internet.herokuapp.com/dynamic_loading/1] @21-02-2022 01:56:06.0081 AM
[ReportManager] Initial URL: [] @21-02-2022 01:56:06.0149 AM
[ReportManager] Browser Action [NavigateToURL] successfully performed. With the following test data [https://the-internet.herokuapp.com/dynamic_loading/1]. @21-02-2022 01:56:06.0602 AM
[ReportManager] Element Action [Click] successfully performed. With the following test data [By.xpath: //button[text()='Start']]. @21-02-2022 01:56:06.0792 AM
[ReportManager] Element Action [GetText] successfully performed. With the following test data [
    Hello World!
  ]. @21-02-2022 01:56:06.0828 A
[ReportManager] Browser Action [CloseCurrentWindow] successfully performed. @21-02-2022 01:56:07.0266 AM
[ReportManager] Successfully created attachment [Browser Action Test Data - CloseCurrentWindow - Actual Value] @21-02-2022 01:56:07.0266 A
[ReportManager] File Action [GetAbsolutePath] successfully performed. With the following test data [Relative Folder Path: "target/downloadedFiles/"]. @21-02-2022 01:56:07.0268 AM
[ReportManager] Attempting to run locally on: [Mac-64], [Safari], Headless Execution. @21-02-2022 01:56:07.0268 AM
[ReportManager] Successfully Opened Safari. @21-02-2022 01:56:08.0140 AM
[ReportManager] Initial window size: (800, 600) @21-02-2022 01:56:08.0163 AM
[ReportManager] Window size after SWD Maximize: (1176, 803) @21-02-2022 01:56:08.0176 AM
[ReportManager] Browser Action [MaximizeWindow] successfully performed. With the following test data [New screen size is now: (1176, 803)]. @21-02-2022 01:56:08.0176 A

################################################################################################################################################
Starting Execution:	[162 out of 165] test cases in the current suite
Test Method:		[testPackage01.Test_dynamicLoading.dynamicLoading_elementIsRendered]
################################################################################################################################################
[ReportManager] Target URL: [https://the-internet.herokuapp.com/dynamic_loading/2] @21-02-2022 01:56:08.0181 AM
[ReportManager] Initial URL: [] @21-02-2022 01:56:08.0238 AM
[ReportManager] Browser Action [NavigateToURL] successfully performed. With the following test data [https://the-internet.herokuapp.com/dynamic_loading/2]. @21-02-2022 01:56:08.0686 AM
[ReportManager] Element Action [Click] successfully performed. With the following test data [By.xpath: //button[text()='Start']]. @21-02-2022 01:56:08.0889 AM
[ReportManager] Element Action [GetText] successfully performed. With the following test data [Hello World!]. @21-02-2022 01:56:14.0515 AM
[ReportManager] Assertion [ValidateElementAttribute] PASSED. Expected [Value Should be 'Hello World!' for the 'text' attribute, element locator 'By.id: finish'] and Actual [Hello World!]. Comparison Type [CONTAINS]. Validation Type [POSITIVE]. @21-02-2022 01:56:14.0703 AM
[ReportManager] Successfully created attachment [Screenshot - 1645408574591_dynamicLoading_elementIsRendered_ValidateElementAttribute_passed] @21-02-2022 01:56:14.0704 A
[ReportManager] Browser Action [CloseCurrentWindow] successfully performed. @21-02-2022 01:56:15.0073 AM
[ReportManager] Successfully created attachment [Browser Action Test Data - CloseCurrentWindow - Actual Value] @21-02-2022 01:56:15.0114 A

################################################################################################################################################
Starting Execution:	[163 out of 165] test cases in the current suite
Test Method:		[dsl.testDsl.testButton]
################################################################################################################################################
[ReportManager] File Action [GetAbsolutePath] successfully performed. With the following test data [Relative Folder Path: "target/downloadedFiles/"]. @21-02-2022 01:56:15.0118 AM
[ReportManager] Attempting to run locally on: [Mac-64], [Safari], Headless Execution. @21-02-2022 01:56:15.0119 AM
[ReportManager] Successfully Opened Safari. @21-02-2022 01:56:15.0939 AM
[ReportManager] Initial window size: (800, 600) @21-02-2022 01:56:15.0961 AM
[ReportManager] Window size after SWD Maximize: (1176, 803) @21-02-2022 01:56:15.0974 AM
[ReportManager] Browser Action [MaximizeWindow] successfully performed. With the following test data [New screen size is now: (1176, 803)]. @21-02-2022 01:56:15.0975 AM
[ReportManager] Target URL: [http://the-internet.herokuapp.com/] @21-02-2022 01:56:15.0975 AM
[ReportManager] Initial URL: [] @21-02-2022 01:56:16.0069 AM
[ReportManager] Browser Action [NavigateToURL] successfully performed. With the following test data [http://the-internet.herokuapp.com/]. @21-02-2022 01:56:16.0490 AM
[ReportManager] Element Action [Click] successfully performed. With the following test data [By.linkText: Add/Remove Elements]. @21-02-2022 01:56:16.0730 AM
[ReportManager] Element Action [GetText] successfully performed. With the following test data [Add Element]. @21-02-2022 01:56:17.0783 AM
[ReportManager] Assertion Passed: Then I Assert that [Add Element] is equal to [Add Element]. @21-02-2022 01:56:17.0784 AM
[ReportManager] Assertion [ValidateEquals] PASSED. Expected [Add Element] and Actual [Add Element]. Comparison Type [EQUALS]. Validation Type [POSITIVE]. @21-02-2022 01:56:17.0784 AM
[ReportManager] Element Action [Click] successfully performed. With the following test data [By.xpath: //button[text()='Add Element']]. @21-02-2022 01:56:17.0956 AM
[ReportManager] Attempting to getAttribute [disabled] from elementLocator [By.xpath: //button[text()='Add Element']]. @21-02-2022 01:56:17.0956 AM
[ReportManager] Element Action [GetAttribute] successfully performed. @21-02-2022 01:56:18.0000 AM
[ReportManager] Element Action [GetText] successfully performed. With the following test data [Delete]. @21-02-2022 01:56:18.0034 AM
[ReportManager] Assertion Passed: Then I Assert that [Delete] is equal to [Delete]. @21-02-2022 01:56:18.0034 AM
[ReportManager] Assertion [ValidateEquals] PASSED. Expected [Delete] and Actual [Delete]. Comparison Type [EQUALS]. Validation Type [POSITIVE]. @21-02-2022 01:56:18.0034 A

################################################################################################################################################
Starting Execution:	[164 out of 165] test cases in the current suite
Test Method:		[dsl.testDsl.testCheckBox]
################################################################################################################################################
[ReportManager] File Action [GetAbsolutePath] successfully performed. With the following test data [Relative Folder Path: "target/downloadedFiles/"]. @21-02-2022 01:56:18.0393 AM
[ReportManager] Attempting to run locally on: [Mac-64], [Safari], Headless Execution. @21-02-2022 01:56:18.0393 AM
[ReportManager] Successfully Opened Safari. @21-02-2022 01:56:19.0250 AM
[ReportManager] Initial window size: (800, 600) @21-02-2022 01:56:19.0264 AM
[ReportManager] Window size after SWD Maximize: (1176, 803) @21-02-2022 01:56:19.0298 AM
[ReportManager] Browser Action [MaximizeWindow] successfully performed. With the following test data [New screen size is now: (1176, 803)]. @21-02-2022 01:56:19.0299 AM
[ReportManager] Target URL: [http://the-internet.herokuapp.com/] @21-02-2022 01:56:19.0299 AM
[ReportManager] Initial URL: [] @21-02-2022 01:56:19.0343 AM
[ReportManager] Browser Action [NavigateToURL] successfully performed. With the following test data [http://the-internet.herokuapp.com/]. @21-02-2022 01:56:20.0063 AM
[ReportManager] Element Action [Click] successfully performed. With the following test data [By.linkText: Checkboxes]. @21-02-2022 01:56:20.0270 AM
[ReportManager] Element Action [Click] successfully performed. With the following test data [By.xpath: (//INPUT[@type='checkbox'])[1]]. @21-02-2022 01:56:21.0673 AM
[ReportManager] Element Action [Click] successfully performed. With the following test data [By.xpath: (//INPUT[@type='checkbox'])[2]]. @21-02-2022 01:56:21.0841 A

################################################################################################################################################
Starting Execution:	[165 out of 165] test cases in the current suite
Test Method:		[dsl.testDsl.testLabel]
################################################################################################################################################
[ReportManager] File Action [GetAbsolutePath] successfully performed. With the following test data [Relative Folder Path: "target/downloadedFiles/"]. @21-02-2022 01:56:22.0070 AM
[ReportManager] Attempting to run locally on: [Mac-64], [Safari], Headless Execution. @21-02-2022 01:56:22.0070 AM
[ReportManager] Successfully Opened Safari. @21-02-2022 01:56:22.0890 AM
[ReportManager] Initial window size: (800, 600) @21-02-2022 01:56:22.0909 AM
[ReportManager] Window size after SWD Maximize: (1176, 803) @21-02-2022 01:56:22.0938 AM
[ReportManager] Browser Action [MaximizeWindow] successfully performed. With the following test data [New screen size is now: (1176, 803)]. @21-02-2022 01:56:22.0938 AM
[ReportManager] Element Action [GetText] successfully performed. With the following test data [Welcome to the-internet]. @21-02-2022 01:56:23.0303 AM
[ReportManager] Assertion Passed: Then I Assert that [Welcome to the-internet] is equal to [Welcome to the-internet]. @21-02-2022 01:56:23.0303 AM
[ReportManager] Assertion [ValidateEquals] PASSED. Expected [Welcome to the-internet] and Actual [Welcome to the-internet]. Comparison Type [EQUALS]. Validation Type [POSITIVE]. @21-02-2022 01:56:23.0303 A
[ReportManager] Successfully created attachment [SHAFT Engine Logs - Execution log] @21-02-2022 01:56:23.0980 AM

################################################################################################################################################
This test run was powered by SHAFT Engine Version: [SHAFT Engine v6.1.20220113]
SHAFT Engine is licensed under the MIT License: [https://github.com/MohabMohie/SHAFT_ENGINE/blob/master/LICENSE].
################################################################################################################################################