################################################################################################################################################
Detected SHAFT Engine Version: [SHAFT Engine v5.4.20211025-BETA]
################################################################################################################################################

################################################################################################################################################
Starting Execution:	[1 out of 146] test cases in the current suite
Test Method:		[unitTests.tests_validations_assertions.assertComparativeRelation_greaterThanOrEquals_false_equals_expectedToFail]
################################################################################################################################################
[ReportManager] Assertion [ValidateComparativeRelation] FAILED. Expected [1] and Actual [1]. Comparison Type [GREATER_THAN_OR_EQUALS]. Validation Type [NEGATIVE]. @26-10-2021 11:11:50.0305 A

################################################################################################################################################
Starting Execution:	[2 out of 146] test cases in the current suite
Test Method:		[unitTests.tests_validations_assertions.assertComparativeRelation_greaterThanOrEquals_false_equals_expectedToPass]
################################################################################################################################################
[ReportManager] Assertion [ValidateComparativeRelation] PASSED. Expected [2] and Actual [1]. Comparison Type [GREATER_THAN_OR_EQUALS]. Validation Type [NEGATIVE]. @26-10-2021 11:11:50.0406 A

################################################################################################################################################
Starting Execution:	[3 out of 146] test cases in the current suite
Test Method:		[unitTests.tests_validations_assertions.assertComparativeRelation_greaterThanOrEquals_false_greaterThan_expectedToFail]
################################################################################################################################################
[ReportManager] Assertion [ValidateComparativeRelation] FAILED. Expected [1] and Actual [2]. Comparison Type [GREATER_THAN_OR_EQUALS]. Validation Type [NEGATIVE]. @26-10-2021 11:11:50.0413 A

################################################################################################################################################
Starting Execution:	[4 out of 146] test cases in the current suite
Test Method:		[unitTests.tests_validations_assertions.assertComparativeRelation_greaterThanOrEquals_false_greaterThan_expectedToPass]
################################################################################################################################################
[ReportManager] Assertion [ValidateComparativeRelation] PASSED. Expected [2] and Actual [1]. Comparison Type [GREATER_THAN_OR_EQUALS]. Validation Type [NEGATIVE]. @26-10-2021 11:11:50.0421 A

################################################################################################################################################
Starting Execution:	[5 out of 146] test cases in the current suite
Test Method:		[unitTests.tests_validations_assertions.assertComparativeRelation_greaterThanOrEquals_true_equals_expectedToFail]
################################################################################################################################################
[ReportManager] Assertion [ValidateComparativeRelation] FAILED. Expected [1] and Actual [0]. Comparison Type [GREATER_THAN_OR_EQUALS]. Validation Type [POSITIVE]. @26-10-2021 11:11:50.0426 A

################################################################################################################################################
Starting Execution:	[6 out of 146] test cases in the current suite
Test Method:		[unitTests.tests_validations_assertions.assertComparativeRelation_greaterThanOrEquals_true_equals_expectedToPass]
################################################################################################################################################
[ReportManager] Assertion [ValidateComparativeRelation] PASSED. Expected [1] and Actual [1]. Comparison Type [GREATER_THAN_OR_EQUALS]. Validation Type [POSITIVE]. @26-10-2021 11:11:50.0429 A

################################################################################################################################################
Starting Execution:	[7 out of 146] test cases in the current suite
Test Method:		[unitTests.tests_validations_assertions.assertComparativeRelation_greaterThanOrEquals_true_greaterThan_expectedToFail]
################################################################################################################################################
[ReportManager] Assertion [ValidateComparativeRelation] FAILED. Expected [2] and Actual [1]. Comparison Type [GREATER_THAN_OR_EQUALS]. Validation Type [POSITIVE]. @26-10-2021 11:11:50.0436 A

################################################################################################################################################
Starting Execution:	[8 out of 146] test cases in the current suite
Test Method:		[unitTests.tests_validations_assertions.assertComparativeRelation_greaterThanOrEquals_true_greaterThan_expectedToPass]
################################################################################################################################################
[ReportManager] Assertion [ValidateComparativeRelation] PASSED. Expected [1] and Actual [2]. Comparison Type [GREATER_THAN_OR_EQUALS]. Validation Type [POSITIVE]. @26-10-2021 11:11:50.0441 A
[ReportManager] File Action [GetAbsolutePath] successfully performed. With the following test data [Relative Folder Path: "target/downloadedFiles/"]. @26-10-2021 11:11:50.0452 AM
[ReportManager] Attempting to run remotely on: [Linux-64], [GoogleChrome], [http://localhost:4444/wd/hub], Headless Execution. @26-10-2021 11:11:50.0504 AM
[ReportManager] Successfully Opened [GoogleChrome]. @26-10-2021 11:11:54.0003 AM
[ReportManager] Target URL: [https://www.google.com/ncr], and after redirection: [www.google.com] @26-10-2021 11:11:54.0013 AM
[ReportManager] Initial URL: [data:,] @26-10-2021 11:11:54.0283 AM
[ReportManager] Browser Action [NavigateToURL] successfully performed. With the following test data [https://www.google.com/ncr]. @26-10-2021 11:11:55.0643 A

################################################################################################################################################
Starting Execution:	[9 out of 146] test cases in the current suite
Test Method:		[unitTests.tests_validations_assertions.assertElementAttribute_false_caseInsensitiveComparison_expectedToFail]
################################################################################################################################################
[ReportManager] Element Action [Type] successfully performed. With the following test data [AUTOMATION]. @26-10-2021 11:11:56.0439 AM
[ReportManager] Element Action [GetText] successfully performed. With the following test data [AUTOMATION]. @26-10-2021 11:11:56.0761 AM
[ReportManager] Loaded Shared OpenCV @26-10-2021 11:11:57.0558 AM
[ReportManager] Assertion [ValidateElementAttribute] FAILED. Expected [Value Should not be 'AutomaTion' for the 'text' attribute, element locator 'By.name: q'] and Actual [AUTOMATION]. Comparison Type [CASE_INSENSITIVE]. Validation Type [NEGATIVE]. @26-10-2021 11:11:58.0108 AM
[ReportManager] Successfully created attachment [Screenshot - 1635246717095_assertElementAttribute_false_caseInsensitiveComparison_expectedToFail_ValidateElementAttribute_failed] @26-10-2021 11:11:58.0137 A
[ReportManager] Browser Action [CloseCurrentWindow] successfully performed. @26-10-2021 11:11:58.0336 AM
[ReportManager] Successfully created attachment [Browser Action Test Data - CloseCurrentWindow - Actual Value] @26-10-2021 11:11:58.0340 A
[ReportManager] File Action [GetAbsolutePath] successfully performed. With the following test data [Relative Folder Path: "target/downloadedFiles/"]. @26-10-2021 11:11:58.0348 AM
[ReportManager] Attempting to run remotely on: [Linux-64], [GoogleChrome], [http://localhost:4444/wd/hub], Headless Execution. @26-10-2021 11:11:58.0349 AM
[ReportManager] Successfully Opened [GoogleChrome]. @26-10-2021 11:12:03.0346 AM
[ReportManager] Target URL: [https://www.google.com/ncr], and after redirection: [www.google.com] @26-10-2021 11:12:03.0346 AM
[ReportManager] Initial URL: [data:,] @26-10-2021 11:12:03.0492 AM
[ReportManager] Browser Action [NavigateToURL] successfully performed. With the following test data [https://www.google.com/ncr]. @26-10-2021 11:12:04.0413 A

################################################################################################################################################
Starting Execution:	[10 out of 146] test cases in the current suite
Test Method:		[unitTests.tests_validations_assertions.assertElementAttribute_false_caseInsensitiveComparison_expectedToPass]
################################################################################################################################################
[ReportManager] Element Action [Type] successfully performed. With the following test data [AUTOMATION]. @26-10-2021 11:12:05.0071 AM
[ReportManager] Element Action [GetText] successfully performed. With the following test data [AUTOMATION]. @26-10-2021 11:12:05.0280 AM
[ReportManager] Loaded Shared OpenCV @26-10-2021 11:12:05.0609 AM
[ReportManager] Assertion [ValidateElementAttribute] PASSED. Expected [Value Should not be 'AutomaTion123' for the 'text' attribute, element locator 'By.name: q'] and Actual [AUTOMATION]. Comparison Type [CASE_INSENSITIVE]. Validation Type [NEGATIVE]. @26-10-2021 11:12:05.0918 AM
[ReportManager] Successfully created attachment [Screenshot - 1635246725609_assertElementAttribute_false_caseInsensitiveComparison_expectedToPass_ValidateElementAttribute_passed] @26-10-2021 11:12:05.0920 A
[ReportManager] Browser Action [CloseCurrentWindow] successfully performed. @26-10-2021 11:12:06.0095 AM
[ReportManager] Successfully created attachment [Browser Action Test Data - CloseCurrentWindow - Actual Value] @26-10-2021 11:12:06.0097 A
[ReportManager] File Action [GetAbsolutePath] successfully performed. With the following test data [Relative Folder Path: "target/downloadedFiles/"]. @26-10-2021 11:12:06.0104 AM
[ReportManager] Attempting to run remotely on: [Linux-64], [GoogleChrome], [http://localhost:4444/wd/hub], Headless Execution. @26-10-2021 11:12:06.0104 AM
[ReportManager] Successfully Opened [GoogleChrome]. @26-10-2021 11:12:08.0318 AM
[ReportManager] Target URL: [https://www.google.com/ncr], and after redirection: [www.google.com] @26-10-2021 11:12:08.0318 AM
[ReportManager] Initial URL: [data:,] @26-10-2021 11:12:08.0448 AM
[ReportManager] Browser Action [NavigateToURL] successfully performed. With the following test data [https://www.google.com/ncr]. @26-10-2021 11:12:09.0333 A

################################################################################################################################################
Starting Execution:	[11 out of 146] test cases in the current suite
Test Method:		[unitTests.tests_validations_assertions.assertElementAttribute_false_containsComparison_expectedToFail]
################################################################################################################################################
[ReportManager] Element Action [Type] successfully performed. With the following test data [Automation123]. @26-10-2021 11:12:09.0961 AM
[ReportManager] Element Action [GetText] successfully performed. With the following test data [Automation123]. @26-10-2021 11:12:10.0220 AM
[ReportManager] Loaded Shared OpenCV @26-10-2021 11:12:10.0551 AM
[ReportManager] Assertion [ValidateElementAttribute] FAILED. Expected [Value Should not be 'Automation' for the 'text' attribute, element locator 'By.name: q'] and Actual [Automation123]. Comparison Type [CONTAINS]. Validation Type [NEGATIVE]. @26-10-2021 11:12:10.0774 AM
[ReportManager] Successfully created attachment [Screenshot - 1635246730550_assertElementAttribute_false_containsComparison_expectedToFail_ValidateElementAttribute_failed] @26-10-2021 11:12:10.0776 A
[ReportManager] Browser Action [CloseCurrentWindow] successfully performed. @26-10-2021 11:12:10.0953 AM
[ReportManager] Successfully created attachment [Browser Action Test Data - CloseCurrentWindow - Actual Value] @26-10-2021 11:12:10.0954 A
[ReportManager] File Action [GetAbsolutePath] successfully performed. With the following test data [Relative Folder Path: "target/downloadedFiles/"]. @26-10-2021 11:12:10.0958 AM
[ReportManager] Attempting to run remotely on: [Linux-64], [GoogleChrome], [http://localhost:4444/wd/hub], Headless Execution. @26-10-2021 11:12:10.0958 AM
[ReportManager] Successfully Opened [GoogleChrome]. @26-10-2021 11:12:13.0368 AM
[ReportManager] Target URL: [https://www.google.com/ncr], and after redirection: [www.google.com] @26-10-2021 11:12:13.0368 AM
[ReportManager] Initial URL: [data:,] @26-10-2021 11:12:13.0499 AM
[ReportManager] Browser Action [NavigateToURL] successfully performed. With the following test data [https://www.google.com/ncr]. @26-10-2021 11:12:14.0440 A

################################################################################################################################################
Starting Execution:	[12 out of 146] test cases in the current suite
Test Method:		[unitTests.tests_validations_assertions.assertElementAttribute_false_containsComparison_expectedToPass]
################################################################################################################################################
[ReportManager] Element Action [Type] successfully performed. With the following test data [Automation123]. @26-10-2021 11:12:15.0134 AM
[ReportManager] Element Action [GetText] successfully performed. With the following test data [Automation123]. @26-10-2021 11:12:15.0373 AM
[ReportManager] Loaded Shared OpenCV @26-10-2021 11:12:15.0685 AM
[ReportManager] Assertion [ValidateElementAttribute] PASSED. Expected [Value Should not be 'Automation1234' for the 'text' attribute, element locator 'By.name: q'] and Actual [Automation123]. Comparison Type [CONTAINS]. Validation Type [NEGATIVE]. @26-10-2021 11:12:15.0909 AM
[ReportManager] Successfully created attachment [Screenshot - 1635246735684_assertElementAttribute_false_containsComparison_expectedToPass_ValidateElementAttribute_passed] @26-10-2021 11:12:15.0911 A
[ReportManager] Browser Action [CloseCurrentWindow] successfully performed. @26-10-2021 11:12:16.0070 AM
[ReportManager] Successfully created attachment [Browser Action Test Data - CloseCurrentWindow - Actual Value] @26-10-2021 11:12:16.0071 A
[ReportManager] File Action [GetAbsolutePath] successfully performed. With the following test data [Relative Folder Path: "target/downloadedFiles/"]. @26-10-2021 11:12:16.0075 AM
[ReportManager] Attempting to run remotely on: [Linux-64], [GoogleChrome], [http://localhost:4444/wd/hub], Headless Execution. @26-10-2021 11:12:16.0076 AM
[ReportManager] Successfully Opened [GoogleChrome]. @26-10-2021 11:12:18.0353 AM
[ReportManager] Target URL: [https://www.google.com/ncr], and after redirection: [www.google.com] @26-10-2021 11:12:18.0354 AM
[ReportManager] Initial URL: [data:,] @26-10-2021 11:12:18.0451 AM
[ReportManager] Browser Action [NavigateToURL] successfully performed. With the following test data [https://www.google.com/ncr]. @26-10-2021 11:12:19.0642 A

################################################################################################################################################
Starting Execution:	[13 out of 146] test cases in the current suite
Test Method:		[unitTests.tests_validations_assertions.assertElementAttribute_false_literalComparison_expectedToFail]
################################################################################################################################################
[ReportManager] Element Action [Type] successfully performed. With the following test data [Automation!@#$%^&*()_+{}[]\';/.,]. @26-10-2021 11:12:20.0250 AM
[ReportManager] Element Action [GetText] successfully performed. With the following test data [Automation!@#$%^&*()_+{}[]\';/.,]. @26-10-2021 11:12:20.0473 AM
[ReportManager] Loaded Shared OpenCV @26-10-2021 11:12:20.0769 AM
[ReportManager] Assertion [ValidateElementAttribute] PASSED. Expected [Value Should not be 'Automation!@#$%^&*()_+{}[]\\';/.,' for the 'text' attribute, element locator 'By.name: q'] and Actual [Automation!@#$%^&*()_+{}[]\';/.,]. Comparison Type [EQUALS]. Validation Type [NEGATIVE]. @26-10-2021 11:12:20.0991 AM
[ReportManager] Successfully created attachment [Screenshot - 1635246740769_assertElementAttribute_false_literalComparison_expectedToFail_ValidateElementAttribute_passed] @26-10-2021 11:12:20.0992 A
[ReportManager] Browser Action [CloseCurrentWindow] successfully performed. @26-10-2021 11:12:21.0148 AM
[ReportManager] Successfully created attachment [Browser Action Test Data - CloseCurrentWindow - Actual Value] @26-10-2021 11:12:21.0149 A
[ReportManager] File Action [GetAbsolutePath] successfully performed. With the following test data [Relative Folder Path: "target/downloadedFiles/"]. @26-10-2021 11:12:21.0152 AM
[ReportManager] Attempting to run remotely on: [Linux-64], [GoogleChrome], [http://localhost:4444/wd/hub], Headless Execution. @26-10-2021 11:12:21.0153 AM
[ReportManager] Successfully Opened [GoogleChrome]. @26-10-2021 11:12:23.0259 AM
[ReportManager] Target URL: [https://www.google.com/ncr], and after redirection: [www.google.com] @26-10-2021 11:12:23.0259 AM
[ReportManager] Initial URL: [data:,] @26-10-2021 11:12:23.0353 AM
[ReportManager] Browser Action [NavigateToURL] successfully performed. With the following test data [https://www.google.com/ncr]. @26-10-2021 11:12:24.0145 A

################################################################################################################################################
Starting Execution:	[14 out of 146] test cases in the current suite
Test Method:		[unitTests.tests_validations_assertions.assertElementAttribute_false_literalComparison_expectedToPass]
################################################################################################################################################
[ReportManager] Element Action [Type] successfully performed. With the following test data [Automation!@#$%^&*()_+{}[]\';/.,]. @26-10-2021 11:12:24.0723 AM
[ReportManager] Element Action [GetText] successfully performed. With the following test data [Automation!@#$%^&*()_+{}[]\';/.,]. @26-10-2021 11:12:24.0903 AM
[ReportManager] Loaded Shared OpenCV @26-10-2021 11:12:25.0150 AM
[ReportManager] Assertion [ValidateElementAttribute] PASSED. Expected [Value Should not be 'Automation' for the 'text' attribute, element locator 'By.name: q'] and Actual [Automation!@#$%^&*()_+{}[]\';/.,]. Comparison Type [EQUALS]. Validation Type [NEGATIVE]. @26-10-2021 11:12:25.0346 AM
[ReportManager] Successfully created attachment [Screenshot - 1635246745150_assertElementAttribute_false_literalComparison_expectedToPass_ValidateElementAttribute_passed] @26-10-2021 11:12:25.0347 A
[ReportManager] Browser Action [CloseCurrentWindow] successfully performed. @26-10-2021 11:12:25.0493 AM
[ReportManager] Successfully created attachment [Browser Action Test Data - CloseCurrentWindow - Actual Value] @26-10-2021 11:12:25.0493 A
[ReportManager] File Action [GetAbsolutePath] successfully performed. With the following test data [Relative Folder Path: "target/downloadedFiles/"]. @26-10-2021 11:12:25.0499 AM
[ReportManager] Attempting to run remotely on: [Linux-64], [GoogleChrome], [http://localhost:4444/wd/hub], Headless Execution. @26-10-2021 11:12:25.0499 AM
[ReportManager] Successfully Opened [GoogleChrome]. @26-10-2021 11:12:28.0288 AM
[ReportManager] Target URL: [https://www.google.com/ncr], and after redirection: [www.google.com] @26-10-2021 11:12:28.0288 AM
[ReportManager] Initial URL: [data:,] @26-10-2021 11:12:28.0397 AM
[ReportManager] Browser Action [NavigateToURL] successfully performed. With the following test data [https://www.google.com/ncr]. @26-10-2021 11:12:29.0136 A

################################################################################################################################################
Starting Execution:	[15 out of 146] test cases in the current suite
Test Method:		[unitTests.tests_validations_assertions.assertElementAttribute_false_regexComparison_expectedToFail]
################################################################################################################################################
[ReportManager] Element Action [Type] successfully performed. With the following test data [Automation123]. @26-10-2021 11:12:29.0610 AM
[ReportManager] Element Action [GetText] successfully performed. With the following test data [Automation123]. @26-10-2021 11:12:29.0819 AM
[ReportManager] Loaded Shared OpenCV @26-10-2021 11:12:30.0049 AM
[ReportManager] Assertion [ValidateElementAttribute] FAILED. Expected [Value Should not be 'Automation.*' for the 'text' attribute, element locator 'By.name: q'] and Actual [Automation123]. Comparison Type [MATCHES]. Validation Type [NEGATIVE]. @26-10-2021 11:12:30.0260 AM
[ReportManager] Successfully created attachment [Screenshot - 1635246750049_assertElementAttribute_false_regexComparison_expectedToFail_ValidateElementAttribute_failed] @26-10-2021 11:12:30.0261 A
[ReportManager] Browser Action [CloseCurrentWindow] successfully performed. @26-10-2021 11:12:30.0439 AM
[ReportManager] Successfully created attachment [Browser Action Test Data - CloseCurrentWindow - Actual Value] @26-10-2021 11:12:30.0440 A
[ReportManager] File Action [GetAbsolutePath] successfully performed. With the following test data [Relative Folder Path: "target/downloadedFiles/"]. @26-10-2021 11:12:30.0443 AM
[ReportManager] Attempting to run remotely on: [Linux-64], [GoogleChrome], [http://localhost:4444/wd/hub], Headless Execution. @26-10-2021 11:12:30.0443 AM
[ReportManager] Successfully Opened [GoogleChrome]. @26-10-2021 11:12:33.0285 AM
[ReportManager] Target URL: [https://www.google.com/ncr], and after redirection: [www.google.com] @26-10-2021 11:12:33.0285 AM
[ReportManager] Initial URL: [data:,] @26-10-2021 11:12:33.0364 AM
[ReportManager] Browser Action [NavigateToURL] successfully performed. With the following test data [https://www.google.com/ncr]. @26-10-2021 11:12:34.0114 A

################################################################################################################################################
Starting Execution:	[16 out of 146] test cases in the current suite
Test Method:		[unitTests.tests_validations_assertions.assertElementAttribute_false_regexComparison_expectedToPass]
################################################################################################################################################
[ReportManager] Element Action [Type] successfully performed. With the following test data [Automation123]. @26-10-2021 11:12:34.0672 AM
[ReportManager] Element Action [GetText] successfully performed. With the following test data [Automation123]. @26-10-2021 11:12:34.0824 AM
[ReportManager] Loaded Shared OpenCV @26-10-2021 11:12:35.0082 AM
[ReportManager] Assertion [ValidateElementAttribute] PASSED. Expected [Value Should not be 'Automation' for the 'text' attribute, element locator 'By.name: q'] and Actual [Automation123]. Comparison Type [MATCHES]. Validation Type [NEGATIVE]. @26-10-2021 11:12:35.0272 AM
[ReportManager] Successfully created attachment [Screenshot - 1635246755082_assertElementAttribute_false_regexComparison_expectedToPass_ValidateElementAttribute_passed] @26-10-2021 11:12:35.0273 A
[ReportManager] Browser Action [CloseCurrentWindow] successfully performed. @26-10-2021 11:12:35.0432 AM
[ReportManager] Successfully created attachment [Browser Action Test Data - CloseCurrentWindow - Actual Value] @26-10-2021 11:12:35.0434 A
[ReportManager] File Action [GetAbsolutePath] successfully performed. With the following test data [Relative Folder Path: "target/downloadedFiles/"]. @26-10-2021 11:12:35.0442 AM
[ReportManager] Attempting to run remotely on: [Linux-64], [GoogleChrome], [http://localhost:4444/wd/hub], Headless Execution. @26-10-2021 11:12:35.0442 AM
[ReportManager] Successfully Opened [GoogleChrome]. @26-10-2021 11:12:38.0262 AM
[ReportManager] Target URL: [https://www.google.com/ncr], and after redirection: [www.google.com] @26-10-2021 11:12:38.0262 AM
[ReportManager] Initial URL: [data:,] @26-10-2021 11:12:38.0330 AM
[ReportManager] Browser Action [NavigateToURL] successfully performed. With the following test data [https://www.google.com/ncr]. @26-10-2021 11:12:39.0101 A

################################################################################################################################################
Starting Execution:	[17 out of 146] test cases in the current suite
Test Method:		[unitTests.tests_validations_assertions.assertElementAttribute_true_caseInsensitiveComparison_expectedToFail]
################################################################################################################################################
[ReportManager] Element Action [Type] successfully performed. With the following test data [AUTOMATION]. @26-10-2021 11:12:39.0591 AM
[ReportManager] Element Action [GetText] successfully performed. With the following test data [AUTOMATION]. @26-10-2021 11:12:39.0776 AM
[ReportManager] Loaded Shared OpenCV @26-10-2021 11:12:40.0068 AM
[ReportManager] Assertion [ValidateElementAttribute] FAILED. Expected [Value Should be 'AutomaTion123' for the 'text' attribute, element locator 'By.name: q'] and Actual [AUTOMATION]. Comparison Type [CASE_INSENSITIVE]. Validation Type [POSITIVE]. @26-10-2021 11:12:40.0264 AM
[ReportManager] Successfully created attachment [Screenshot - 1635246760067_assertElementAttribute_true_caseInsensitiveComparison_expectedToFail_ValidateElementAttribute_failed] @26-10-2021 11:12:40.0266 A
[ReportManager] Browser Action [CloseCurrentWindow] successfully performed. @26-10-2021 11:12:40.0407 AM
[ReportManager] Successfully created attachment [Browser Action Test Data - CloseCurrentWindow - Actual Value] @26-10-2021 11:12:40.0408 A
[ReportManager] File Action [GetAbsolutePath] successfully performed. With the following test data [Relative Folder Path: "target/downloadedFiles/"]. @26-10-2021 11:12:40.0411 AM
[ReportManager] Attempting to run remotely on: [Linux-64], [GoogleChrome], [http://localhost:4444/wd/hub], Headless Execution. @26-10-2021 11:12:40.0411 AM
[ReportManager] Successfully Opened [GoogleChrome]. @26-10-2021 11:12:43.0253 AM
[ReportManager] Target URL: [https://www.google.com/ncr], and after redirection: [www.google.com] @26-10-2021 11:12:43.0254 AM
[ReportManager] Initial URL: [data:,] @26-10-2021 11:12:43.0308 AM
[ReportManager] Browser Action [NavigateToURL] successfully performed. With the following test data [https://www.google.com/ncr]. @26-10-2021 11:12:44.0127 A

################################################################################################################################################
Starting Execution:	[18 out of 146] test cases in the current suite
Test Method:		[unitTests.tests_validations_assertions.assertElementAttribute_true_caseInsensitiveComparison_expectedToPass]
################################################################################################################################################
[ReportManager] Element Action [Type] successfully performed. With the following test data [AUTOMATION]. @26-10-2021 11:12:44.0804 AM
[ReportManager] Element Action [GetText] successfully performed. With the following test data [AUTOMATION]. @26-10-2021 11:12:44.0978 AM
[ReportManager] Loaded Shared OpenCV @26-10-2021 11:12:45.0240 AM
[ReportManager] Assertion [ValidateElementAttribute] PASSED. Expected [Value Should be 'AutomaTion' for the 'text' attribute, element locator 'By.name: q'] and Actual [AUTOMATION]. Comparison Type [CASE_INSENSITIVE]. Validation Type [POSITIVE]. @26-10-2021 11:12:45.0438 AM
[ReportManager] Successfully created attachment [Screenshot - 1635246765240_assertElementAttribute_true_caseInsensitiveComparison_expectedToPass_ValidateElementAttribute_passed] @26-10-2021 11:12:45.0440 A
[ReportManager] Browser Action [CloseCurrentWindow] successfully performed. @26-10-2021 11:12:45.0580 AM
[ReportManager] Successfully created attachment [Browser Action Test Data - CloseCurrentWindow - Actual Value] @26-10-2021 11:12:45.0581 A
[ReportManager] File Action [GetAbsolutePath] successfully performed. With the following test data [Relative Folder Path: "target/downloadedFiles/"]. @26-10-2021 11:12:45.0584 AM
[ReportManager] Attempting to run remotely on: [Linux-64], [GoogleChrome], [http://localhost:4444/wd/hub], Headless Execution. @26-10-2021 11:12:45.0584 AM
[ReportManager] Successfully Opened [GoogleChrome]. @26-10-2021 11:12:48.0276 AM
[ReportManager] Target URL: [https://www.google.com/ncr], and after redirection: [www.google.com] @26-10-2021 11:12:48.0276 AM
[ReportManager] Initial URL: [data:,] @26-10-2021 11:12:48.0367 AM
[ReportManager] Browser Action [NavigateToURL] successfully performed. With the following test data [https://www.google.com/ncr]. @26-10-2021 11:12:49.0103 A

################################################################################################################################################
Starting Execution:	[19 out of 146] test cases in the current suite
Test Method:		[unitTests.tests_validations_assertions.assertElementAttribute_true_containsComparison_expectedToFail]
################################################################################################################################################
[ReportManager] Element Action [Type] successfully performed. With the following test data [Automation123]. @26-10-2021 11:12:49.0557 AM
[ReportManager] Element Action [GetText] successfully performed. With the following test data [Automation123]. @26-10-2021 11:12:49.0681 AM
[ReportManager] Loaded Shared OpenCV @26-10-2021 11:12:49.0938 AM
[ReportManager] Assertion [ValidateElementAttribute] FAILED. Expected [Value Should be 'Automation1234' for the 'text' attribute, element locator 'By.name: q'] and Actual [Automation123]. Comparison Type [CONTAINS]. Validation Type [POSITIVE]. @26-10-2021 11:12:50.0126 AM
[ReportManager] Successfully created attachment [Screenshot - 1635246769938_assertElementAttribute_true_containsComparison_expectedToFail_ValidateElementAttribute_failed] @26-10-2021 11:12:50.0127 A
[ReportManager] Browser Action [CloseCurrentWindow] successfully performed. @26-10-2021 11:12:50.0263 AM
[ReportManager] Successfully created attachment [Browser Action Test Data - CloseCurrentWindow - Actual Value] @26-10-2021 11:12:50.0264 A
[ReportManager] File Action [GetAbsolutePath] successfully performed. With the following test data [Relative Folder Path: "target/downloadedFiles/"]. @26-10-2021 11:12:50.0268 AM
[ReportManager] Attempting to run remotely on: [Linux-64], [GoogleChrome], [http://localhost:4444/wd/hub], Headless Execution. @26-10-2021 11:12:50.0268 AM
[ReportManager] Successfully Opened [GoogleChrome]. @26-10-2021 11:12:53.0261 AM
[ReportManager] Target URL: [https://www.google.com/ncr], and after redirection: [www.google.com] @26-10-2021 11:12:53.0261 AM
[ReportManager] Initial URL: [data:,] @26-10-2021 11:12:53.0405 AM
[ReportManager] Browser Action [NavigateToURL] successfully performed. With the following test data [https://www.google.com/ncr]. @26-10-2021 11:12:54.0208 A

################################################################################################################################################
Starting Execution:	[20 out of 146] test cases in the current suite
Test Method:		[unitTests.tests_validations_assertions.assertElementAttribute_true_containsComparison_expectedToPass]
################################################################################################################################################
[ReportManager] Element Action [Type] successfully performed. With the following test data [Automation123]. @26-10-2021 11:12:54.0754 AM
[ReportManager] Element Action [GetText] successfully performed. With the following test data [Automation123]. @26-10-2021 11:12:54.0950 AM
[ReportManager] Loaded Shared OpenCV @26-10-2021 11:12:55.0214 AM
[ReportManager] Assertion [ValidateElementAttribute] PASSED. Expected [Value Should be 'Automation' for the 'text' attribute, element locator 'By.name: q'] and Actual [Automation123]. Comparison Type [CONTAINS]. Validation Type [POSITIVE]. @26-10-2021 11:12:55.0434 AM
[ReportManager] Successfully created attachment [Screenshot - 1635246775214_assertElementAttribute_true_containsComparison_expectedToPass_ValidateElementAttribute_passed] @26-10-2021 11:12:55.0435 A
[ReportManager] Browser Action [CloseCurrentWindow] successfully performed. @26-10-2021 11:12:55.0585 AM
[ReportManager] Successfully created attachment [Browser Action Test Data - CloseCurrentWindow - Actual Value] @26-10-2021 11:12:55.0586 A
[ReportManager] File Action [GetAbsolutePath] successfully performed. With the following test data [Relative Folder Path: "target/downloadedFiles/"]. @26-10-2021 11:12:55.0589 AM
[ReportManager] Attempting to run remotely on: [Linux-64], [GoogleChrome], [http://localhost:4444/wd/hub], Headless Execution. @26-10-2021 11:12:55.0589 AM
[ReportManager] Successfully Opened [GoogleChrome]. @26-10-2021 11:12:58.0290 AM
[ReportManager] Target URL: [https://www.google.com/ncr], and after redirection: [www.google.com] @26-10-2021 11:12:58.0290 AM
[ReportManager] Initial URL: [data:,] @26-10-2021 11:12:58.0355 AM
[ReportManager] Browser Action [NavigateToURL] successfully performed. With the following test data [https://www.google.com/ncr]. @26-10-2021 11:12:59.0115 A

################################################################################################################################################
Starting Execution:	[21 out of 146] test cases in the current suite
Test Method:		[unitTests.tests_validations_assertions.assertElementAttribute_true_literalComparison_expectedToFail]
################################################################################################################################################
[ReportManager] Element Action [Type] successfully performed. With the following test data [Automation!@#$%^&*()_+{}[]\';/.,]. @26-10-2021 11:12:59.0668 AM
[ReportManager] Element Action [GetText] successfully performed. With the following test data [Automation!@#$%^&*()_+{}[]\';/.,]. @26-10-2021 11:12:59.0825 AM
[ReportManager] Loaded Shared OpenCV @26-10-2021 11:13:00.0129 AM
[ReportManager] Assertion [ValidateElementAttribute] FAILED. Expected [Value Should be 'Automation' for the 'text' attribute, element locator 'By.name: q'] and Actual [Automation!@#$%^&*()_+{}[]\';/.,]. Comparison Type [EQUALS]. Validation Type [POSITIVE]. @26-10-2021 11:13:00.0323 AM
[ReportManager] Successfully created attachment [Screenshot - 1635246780129_assertElementAttribute_true_literalComparison_expectedToFail_ValidateElementAttribute_failed] @26-10-2021 11:13:00.0325 A
[ReportManager] Browser Action [CloseCurrentWindow] successfully performed. @26-10-2021 11:13:00.0467 AM
[ReportManager] Successfully created attachment [Browser Action Test Data - CloseCurrentWindow - Actual Value] @26-10-2021 11:13:00.0467 A
[ReportManager] File Action [GetAbsolutePath] successfully performed. With the following test data [Relative Folder Path: "target/downloadedFiles/"]. @26-10-2021 11:13:00.0470 AM
[ReportManager] Attempting to run remotely on: [Linux-64], [GoogleChrome], [http://localhost:4444/wd/hub], Headless Execution. @26-10-2021 11:13:00.0470 AM
[ReportManager] Successfully Opened [GoogleChrome]. @26-10-2021 11:13:03.0261 AM
[ReportManager] Target URL: [https://www.google.com/ncr], and after redirection: [www.google.com] @26-10-2021 11:13:03.0261 AM
[ReportManager] Initial URL: [data:,] @26-10-2021 11:13:03.0327 AM
[ReportManager] Browser Action [NavigateToURL] successfully performed. With the following test data [https://www.google.com/ncr]. @26-10-2021 11:13:04.0156 A

################################################################################################################################################
Starting Execution:	[22 out of 146] test cases in the current suite
Test Method:		[unitTests.tests_validations_assertions.assertElementAttribute_true_literalComparison_expectedToPass]
################################################################################################################################################
[ReportManager] Element Action [Type] successfully performed. With the following test data [Automation!@#$%^&*()_+{}[]\';/.,]. @26-10-2021 11:13:04.0692 AM
[ReportManager] Element Action [GetText] successfully performed. With the following test data [Automation!@#$%^&*()_+{}[]\';/.,]. @26-10-2021 11:13:04.0892 AM
[ReportManager] Loaded Shared OpenCV @26-10-2021 11:13:05.0123 AM
[ReportManager] Assertion [ValidateElementAttribute] PASSED. Expected [Value Should be 'Automation!@#$%^&*()_+{}[]\';/.,' for the 'text' attribute, element locator 'By.name: q'] and Actual [Automation!@#$%^&*()_+{}[]\';/.,]. Comparison Type [EQUALS]. Validation Type [POSITIVE]. @26-10-2021 11:13:05.0335 AM
[ReportManager] Successfully created attachment [Screenshot - 1635246785123_assertElementAttribute_true_literalComparison_expectedToPass_ValidateElementAttribute_passed] @26-10-2021 11:13:05.0336 A
[ReportManager] Browser Action [CloseCurrentWindow] successfully performed. @26-10-2021 11:13:05.0495 AM
[ReportManager] Successfully created attachment [Browser Action Test Data - CloseCurrentWindow - Actual Value] @26-10-2021 11:13:05.0497 A
[ReportManager] File Action [GetAbsolutePath] successfully performed. With the following test data [Relative Folder Path: "target/downloadedFiles/"]. @26-10-2021 11:13:05.0500 AM
[ReportManager] Attempting to run remotely on: [Linux-64], [GoogleChrome], [http://localhost:4444/wd/hub], Headless Execution. @26-10-2021 11:13:05.0500 AM
[ReportManager] Successfully Opened [GoogleChrome]. @26-10-2021 11:13:08.0275 AM
[ReportManager] Target URL: [https://www.google.com/ncr], and after redirection: [www.google.com] @26-10-2021 11:13:08.0275 AM
[ReportManager] Initial URL: [data:,] @26-10-2021 11:13:08.0326 AM
[ReportManager] Browser Action [NavigateToURL] successfully performed. With the following test data [https://www.google.com/ncr]. @26-10-2021 11:13:09.0074 A

################################################################################################################################################
Starting Execution:	[23 out of 146] test cases in the current suite
Test Method:		[unitTests.tests_validations_assertions.assertElementAttribute_true_regexComparison_expectedToFail]
################################################################################################################################################
[ReportManager] Element Action [Type] successfully performed. With the following test data [Automation123]. @26-10-2021 11:13:09.0602 AM
[ReportManager] Element Action [GetText] successfully performed. With the following test data [Automation123]. @26-10-2021 11:13:09.0759 AM
[ReportManager] Loaded Shared OpenCV @26-10-2021 11:13:09.0992 AM
[ReportManager] Assertion [ValidateElementAttribute] FAILED. Expected [Value Should be 'Automation' for the 'text' attribute, element locator 'By.name: q'] and Actual [Automation123]. Comparison Type [MATCHES]. Validation Type [POSITIVE]. @26-10-2021 11:13:10.0181 AM
[ReportManager] Successfully created attachment [Screenshot - 1635246789992_assertElementAttribute_true_regexComparison_expectedToFail_ValidateElementAttribute_failed] @26-10-2021 11:13:10.0182 A
[ReportManager] Browser Action [CloseCurrentWindow] successfully performed. @26-10-2021 11:13:10.0331 AM
[ReportManager] Successfully created attachment [Browser Action Test Data - CloseCurrentWindow - Actual Value] @26-10-2021 11:13:10.0332 A
[ReportManager] File Action [GetAbsolutePath] successfully performed. With the following test data [Relative Folder Path: "target/downloadedFiles/"]. @26-10-2021 11:13:10.0335 AM
[ReportManager] Attempting to run remotely on: [Linux-64], [GoogleChrome], [http://localhost:4444/wd/hub], Headless Execution. @26-10-2021 11:13:10.0336 AM
[ReportManager] Successfully Opened [GoogleChrome]. @26-10-2021 11:13:13.0286 AM
[ReportManager] Target URL: [https://www.google.com/ncr], and after redirection: [www.google.com] @26-10-2021 11:13:13.0287 AM
[ReportManager] Initial URL: [data:,] @26-10-2021 11:13:13.0347 AM
[ReportManager] Browser Action [NavigateToURL] successfully performed. With the following test data [https://www.google.com/ncr]. @26-10-2021 11:13:14.0135 A

################################################################################################################################################
Starting Execution:	[24 out of 146] test cases in the current suite
Test Method:		[unitTests.tests_validations_assertions.assertElementAttribute_true_regexComparison_expectedToPass]
################################################################################################################################################
[ReportManager] Element Action [Type] successfully performed. With the following test data [Automation123]. @26-10-2021 11:13:14.0622 AM
[ReportManager] Element Action [GetText] successfully performed. With the following test data [Automation123]. @26-10-2021 11:13:14.0775 AM
[ReportManager] Loaded Shared OpenCV @26-10-2021 11:13:15.0042 AM
[ReportManager] Assertion [ValidateElementAttribute] PASSED. Expected [Value Should be 'Automation.*' for the 'text' attribute, element locator 'By.name: q'] and Actual [Automation123]. Comparison Type [MATCHES]. Validation Type [POSITIVE]. @26-10-2021 11:13:15.0231 AM
[ReportManager] Successfully created attachment [Screenshot - 1635246795042_assertElementAttribute_true_regexComparison_expectedToPass_ValidateElementAttribute_passed] @26-10-2021 11:13:15.0232 A
[ReportManager] Browser Action [CloseCurrentWindow] successfully performed. @26-10-2021 11:13:15.0329 AM
[ReportManager] Successfully created attachment [Browser Action Test Data - CloseCurrentWindow - Actual Value] @26-10-2021 11:13:15.0330 A
[ReportManager] File Action [GetAbsolutePath] successfully performed. With the following test data [Relative Folder Path: "target/downloadedFiles/"]. @26-10-2021 11:13:15.0341 AM
[ReportManager] Attempting to run remotely on: [Linux-64], [GoogleChrome], [http://localhost:4444/wd/hub], Headless Execution. @26-10-2021 11:13:15.0341 AM
[ReportManager] Successfully Opened [GoogleChrome]. @26-10-2021 11:13:18.0276 AM
[ReportManager] Target URL: [https://www.google.com/ncr], and after redirection: [www.google.com] @26-10-2021 11:13:18.0276 AM
[ReportManager] Initial URL: [data:,] @26-10-2021 11:13:18.0342 AM
[ReportManager] Browser Action [NavigateToURL] successfully performed. With the following test data [https://www.google.com/ncr]. @26-10-2021 11:13:19.0162 A

################################################################################################################################################
Starting Execution:	[25 out of 146] test cases in the current suite
Test Method:		[unitTests.tests_validations_assertions.assertElementAttribute_type_true_literalComparison_expectedToPass]
################################################################################################################################################
[ReportManager] Element Action [Type] successfully performed. With the following test data [Automation!@#$%^&*()_+{}[]\';/.,]. @26-10-2021 11:13:19.0824 AM
[ReportManager] Element Action [GetText] successfully performed. With the following test data [Automation!@#$%^&*()_+{}[]\';/.,]. @26-10-2021 11:13:19.0947 AM
[ReportManager] Loaded Shared OpenCV @26-10-2021 11:13:20.0321 AM
[ReportManager] Assertion [ValidateElementAttribute] PASSED. Expected [Value Should be 'Automation!@#$%^&*()_+{}[]\';/.,' for the 'text' attribute, element locator 'By.name: q'] and Actual [Automation!@#$%^&*()_+{}[]\';/.,]. Comparison Type [EQUALS]. Validation Type [POSITIVE]. @26-10-2021 11:13:20.0533 AM
[ReportManager] Successfully created attachment [Screenshot - 1635246800321_assertElementAttribute_type_true_literalComparison_expectedToPass_ValidateElementAttribute_passed] @26-10-2021 11:13:20.0534 A
[ReportManager] Browser Action [CloseCurrentWindow] successfully performed. @26-10-2021 11:13:20.0663 AM
[ReportManager] Successfully created attachment [Browser Action Test Data - CloseCurrentWindow - Actual Value] @26-10-2021 11:13:20.0663 A
[ReportManager] File Action [GetAbsolutePath] successfully performed. With the following test data [Relative Folder Path: "target/downloadedFiles/"]. @26-10-2021 11:13:20.0668 AM
[ReportManager] Attempting to run remotely on: [Linux-64], [GoogleChrome], [http://localhost:4444/wd/hub], Headless Execution. @26-10-2021 11:13:20.0669 AM
[ReportManager] Successfully Opened [GoogleChrome]. @26-10-2021 11:13:23.0279 AM
[ReportManager] Target URL: [https://www.google.com/ncr], and after redirection: [www.google.com] @26-10-2021 11:13:23.0279 AM
[ReportManager] Initial URL: [data:,] @26-10-2021 11:13:23.0350 AM
[ReportManager] Browser Action [NavigateToURL] successfully performed. With the following test data [https://www.google.com/ncr]. @26-10-2021 11:13:24.0119 A

################################################################################################################################################
Starting Execution:	[26 out of 146] test cases in the current suite
Test Method:		[unitTests.tests_validations_assertions.assertElementExists_false_expectedToFail]
################################################################################################################################################
[ReportManager] Assertion [ValidateElementExists] PASSED. Expected [Element Should not Exist, locator 'By.id: hplogo'] and Actual [Element Doesn't Exists]. Comparison Type [EQUALS]. Validation Type [NEGATIVE]. @26-10-2021 11:13:34.0698 AM
[ReportManager] Successfully created attachment [Screenshot - 1635246814526_assertElementExists_false_expectedToFail_ValidateElementExists_passed] @26-10-2021 11:13:34.0699 A
[ReportManager] Browser Action [CloseCurrentWindow] successfully performed. @26-10-2021 11:13:34.0852 AM
[ReportManager] Successfully created attachment [Browser Action Test Data - CloseCurrentWindow - Actual Value] @26-10-2021 11:13:34.0853 A
[ReportManager] File Action [GetAbsolutePath] successfully performed. With the following test data [Relative Folder Path: "target/downloadedFiles/"]. @26-10-2021 11:13:34.0856 AM
[ReportManager] Attempting to run remotely on: [Linux-64], [GoogleChrome], [http://localhost:4444/wd/hub], Headless Execution. @26-10-2021 11:13:34.0856 AM
[ReportManager] Successfully Opened [GoogleChrome]. @26-10-2021 11:13:38.0273 AM
[ReportManager] Target URL: [https://www.google.com/ncr], and after redirection: [www.google.com] @26-10-2021 11:13:38.0273 AM
[ReportManager] Initial URL: [data:,] @26-10-2021 11:13:38.0324 AM
[ReportManager] Browser Action [NavigateToURL] successfully performed. With the following test data [https://www.google.com/ncr]. @26-10-2021 11:13:39.0055 A

################################################################################################################################################
Starting Execution:	[27 out of 146] test cases in the current suite
Test Method:		[unitTests.tests_validations_assertions.assertElementExists_false_expectedToPass]
################################################################################################################################################
[ReportManager] Assertion [ValidateElementExists] PASSED. Expected [Element Should not Exist, locator 'By.id: fakeElement'] and Actual [Element Doesn't Exists]. Comparison Type [EQUALS]. Validation Type [NEGATIVE]. @26-10-2021 11:13:49.0634 AM
[ReportManager] Successfully created attachment [Screenshot - 1635246829468_assertElementExists_false_expectedToPass_ValidateElementExists_passed] @26-10-2021 11:13:49.0635 A
[ReportManager] Browser Action [CloseCurrentWindow] successfully performed. @26-10-2021 11:13:49.0783 AM
[ReportManager] Successfully created attachment [Browser Action Test Data - CloseCurrentWindow - Actual Value] @26-10-2021 11:13:49.0784 A
[ReportManager] File Action [GetAbsolutePath] successfully performed. With the following test data [Relative Folder Path: "target/downloadedFiles/"]. @26-10-2021 11:13:49.0786 AM
[ReportManager] Attempting to run remotely on: [Linux-64], [GoogleChrome], [http://localhost:4444/wd/hub], Headless Execution. @26-10-2021 11:13:49.0786 AM
[ReportManager] Successfully Opened [GoogleChrome]. @26-10-2021 11:13:53.0261 AM
[ReportManager] Target URL: [https://www.google.com/ncr], and after redirection: [www.google.com] @26-10-2021 11:13:53.0261 AM
[ReportManager] Initial URL: [data:,] @26-10-2021 11:13:53.0357 AM
[ReportManager] Browser Action [NavigateToURL] successfully performed. With the following test data [https://www.google.com/ncr]. @26-10-2021 11:13:54.0075 A

################################################################################################################################################
Starting Execution:	[28 out of 146] test cases in the current suite
Test Method:		[unitTests.tests_validations_assertions.assertElementExists_false_multipleElementsFound_expectedToFail]
################################################################################################################################################
[ReportManager] Assertion [ValidateElementExists] FAILED. Expected [Element Should not Exist, locator 'By.xpath: //div'] and Actual [Element Exists but is not unique]. Comparison Type [EQUALS]. Validation Type [NEGATIVE]. @26-10-2021 11:13:54.0506 AM
[ReportManager] Successfully created attachment [Screenshot - 1635246834352_assertElementExists_false_multipleElementsFound_expectedToFail_ValidateElementExists_failed] @26-10-2021 11:13:54.0507 A
[ReportManager] Browser Action [CloseCurrentWindow] successfully performed. @26-10-2021 11:13:54.0646 AM
[ReportManager] Successfully created attachment [Browser Action Test Data - CloseCurrentWindow - Actual Value] @26-10-2021 11:13:54.0647 A
[ReportManager] File Action [GetAbsolutePath] successfully performed. With the following test data [Relative Folder Path: "target/downloadedFiles/"]. @26-10-2021 11:13:54.0650 AM
[ReportManager] Attempting to run remotely on: [Linux-64], [GoogleChrome], [http://localhost:4444/wd/hub], Headless Execution. @26-10-2021 11:13:54.0650 AM
[ReportManager] Successfully Opened [GoogleChrome]. @26-10-2021 11:13:58.0268 AM
[ReportManager] Target URL: [https://www.google.com/ncr], and after redirection: [www.google.com] @26-10-2021 11:13:58.0268 AM
[ReportManager] Initial URL: [data:,] @26-10-2021 11:13:58.0326 AM
[ReportManager] Browser Action [NavigateToURL] successfully performed. With the following test data [https://www.google.com/ncr]. @26-10-2021 11:13:59.0062 A

################################################################################################################################################
Starting Execution:	[29 out of 146] test cases in the current suite
Test Method:		[unitTests.tests_validations_assertions.assertElementExists_true_expectedToFail]
################################################################################################################################################
[ReportManager] Assertion [ValidateElementExists] FAILED. Expected [Element Should Exist, locator 'By.id: fakeElement'] and Actual [Element Doesn't Exists]. Comparison Type [EQUALS]. Validation Type [POSITIVE]. @26-10-2021 11:14:29.0918 AM
[ReportManager] Successfully created attachment [Screenshot - 1635246869765_assertElementExists_true_expectedToFail_ValidateElementExists_failed] @26-10-2021 11:14:29.0919 A
[ReportManager] Browser Action [CloseCurrentWindow] successfully performed. @26-10-2021 11:14:30.0052 AM
[ReportManager] Successfully created attachment [Browser Action Test Data - CloseCurrentWindow - Actual Value] @26-10-2021 11:14:30.0053 A
[ReportManager] File Action [GetAbsolutePath] successfully performed. With the following test data [Relative Folder Path: "target/downloadedFiles/"]. @26-10-2021 11:14:30.0056 AM
[ReportManager] Attempting to run remotely on: [Linux-64], [GoogleChrome], [http://localhost:4444/wd/hub], Headless Execution. @26-10-2021 11:14:30.0057 AM
[ReportManager] Successfully Opened [GoogleChrome]. @26-10-2021 11:14:33.0281 AM
[ReportManager] Target URL: [https://www.google.com/ncr], and after redirection: [www.google.com] @26-10-2021 11:14:33.0281 AM
[ReportManager] Initial URL: [data:,] @26-10-2021 11:14:33.0348 AM
[ReportManager] Browser Action [NavigateToURL] successfully performed. With the following test data [https://www.google.com/ncr]. @26-10-2021 11:14:34.0057 A

################################################################################################################################################
Starting Execution:	[30 out of 146] test cases in the current suite
Test Method:		[unitTests.tests_validations_assertions.assertElementExists_true_expectedToPass]
################################################################################################################################################
[ReportManager] Loaded Shared OpenCV @26-10-2021 11:14:34.0365 AM
[ReportManager] Assertion [ValidateElementExists] PASSED. Expected [Element Should Exist, locator 'By.xpath: //*[@id='hplogo' or @alt='Google']'] and Actual [Element Exists]. Comparison Type [EQUALS]. Validation Type [POSITIVE]. @26-10-2021 11:14:34.0553 AM
[ReportManager] Successfully created attachment [Screenshot - 1635246874365_assertElementExists_true_expectedToPass_ValidateElementExists_passed] @26-10-2021 11:14:34.0554 A
[ReportManager] Browser Action [CloseCurrentWindow] successfully performed. @26-10-2021 11:14:34.0689 AM
[ReportManager] Successfully created attachment [Browser Action Test Data - CloseCurrentWindow - Actual Value] @26-10-2021 11:14:34.0689 A
[ReportManager] File Action [GetAbsolutePath] successfully performed. With the following test data [Relative Folder Path: "target/downloadedFiles/"]. @26-10-2021 11:14:34.0694 AM
[ReportManager] Attempting to run remotely on: [Linux-64], [GoogleChrome], [http://localhost:4444/wd/hub], Headless Execution. @26-10-2021 11:14:34.0695 AM
[ReportManager] Successfully Opened [GoogleChrome]. @26-10-2021 11:14:38.0267 AM
[ReportManager] Target URL: [https://www.google.com/ncr], and after redirection: [www.google.com] @26-10-2021 11:14:38.0268 AM
[ReportManager] Initial URL: [data:,] @26-10-2021 11:14:38.0325 AM
[ReportManager] Browser Action [NavigateToURL] successfully performed. With the following test data [https://www.google.com/ncr]. @26-10-2021 11:14:39.0018 A

################################################################################################################################################
Starting Execution:	[31 out of 146] test cases in the current suite
Test Method:		[unitTests.tests_validations_assertions.assertElementExists_true_multipleElementsFound_expectedToFail]
################################################################################################################################################
[ReportManager] Assertion [ValidateElementExists] FAILED. Expected [Element Should Exist, locator 'By.xpath: //div'] and Actual [Element Exists but is not unique]. Comparison Type [EQUALS]. Validation Type [POSITIVE]. @26-10-2021 11:14:39.0464 AM
[ReportManager] Successfully created attachment [Screenshot - 1635246879313_assertElementExists_true_multipleElementsFound_expectedToFail_ValidateElementExists_failed] @26-10-2021 11:14:39.0465 A
[ReportManager] Browser Action [CloseCurrentWindow] successfully performed. @26-10-2021 11:14:39.0593 AM
[ReportManager] Successfully created attachment [Browser Action Test Data - CloseCurrentWindow - Actual Value] @26-10-2021 11:14:39.0593 A

################################################################################################################################################
Starting Execution:	[32 out of 146] test cases in the current suite
Test Method:		[unitTests.tests_validations_assertions.assertEquals_false_expectedToFail]
################################################################################################################################################
[ReportManager] Assertion [ValidateEquals] FAILED. Expected [1] and Actual [1]. Comparison Type [EQUALS]. Validation Type [NEGATIVE]. @26-10-2021 11:14:39.0597 A

################################################################################################################################################
Starting Execution:	[33 out of 146] test cases in the current suite
Test Method:		[unitTests.tests_validations_assertions.assertEquals_false_expectedToPass]
################################################################################################################################################
[ReportManager] Assertion [ValidateEquals] PASSED. Expected [1] and Actual [2]. Comparison Type [EQUALS]. Validation Type [NEGATIVE]. @26-10-2021 11:14:39.0600 A

################################################################################################################################################
Starting Execution:	[34 out of 146] test cases in the current suite
Test Method:		[unitTests.tests_validations_assertions.assertEquals_longCharacters]
################################################################################################################################################
[ReportManager] Verification [ValidateEquals] PASSED. Expected and Actual values are attached. Comparison Type [EQUALS]. Validation Type [POSITIVE]. @26-10-2021 11:14:39.0605 AM
[ReportManager] Successfully created attachment [Validation Test Data - Expected Value] @26-10-2021 11:14:39.0605 AM
[ReportManager] Successfully created attachment [Validation Test Data - Actual Value] @26-10-2021 11:14:39.0605 AM
[ReportManager] Assertion [ValidateEquals] PASSED. Expected and Actual values are attached. Comparison Type [EQUALS]. Validation Type [POSITIVE]. @26-10-2021 11:14:39.0605 AM
[ReportManager] Successfully created attachment [Validation Test Data - Expected Value] @26-10-2021 11:14:39.0606 AM
[ReportManager] Successfully created attachment [Validation Test Data - Actual Value] @26-10-2021 11:14:39.0606 A

################################################################################################################################################
Starting Execution:	[35 out of 146] test cases in the current suite
Test Method:		[unitTests.tests_validations_assertions.assertEquals_longCharacters_Discreet]
################################################################################################################################################
[ReportManager] Assertion [ValidateEquals] PASSED. Expected [1LH5pROcDBjjQk0t0mCr0lXuzQu9lcGj28kY8R1H81X67eVAQJgWQhILiRWVPUgZ6uCtK5cnBkF55Jr9vYngjGO1Iyf0Mktv6lruDlL9T8MAUPcUZJGHZtji6nIeadujDSNmWMj5d6C8zlFqw0CRqBU0hO5adIasHgBSNoLotAjce3NGXoDwAlp3rYreeV16VIyZXROQY] and Actual [1LH5pROcDBjjQk0t0mCr0lXuzQu9lcGj28kY8R1H81X67eVAQJgWQhILiRWVPUgZ6uCtK5cnBkF55Jr9vYngjGO1Iyf0Mktv6lruDlL9T8MAUPcUZJGHZtji6nIeadujDSNmWMj5d6C8zlFqw0CRqBU0hO5adIasHgBSNoLotAjce3NGXoDwAlp3rYreeV16VIyZXROQY]. Comparison Type [EQUALS]. Validation Type [POSITIVE]. @26-10-2021 11:14:39.0608 A

################################################################################################################################################
Starting Execution:	[36 out of 146] test cases in the current suite
Test Method:		[unitTests.tests_validations_assertions.assertEquals_true_expectedToFail]
################################################################################################################################################
[ReportManager] Assertion [ValidateEquals] FAILED. Expected [1] and Actual [2]. Comparison Type [EQUALS]. Validation Type [POSITIVE]. @26-10-2021 11:14:39.0612 A

################################################################################################################################################
Starting Execution:	[37 out of 146] test cases in the current suite
Test Method:		[unitTests.tests_validations_assertions.assertEquals_true_expectedToPass]
Test Description:	[Assert that assertEquals works as expected when the two values are equal.]
################################################################################################################################################
[ReportManager] Verification [ValidateEquals] PASSED. Expected [1] and Actual [1]. Comparison Type [EQUALS]. Validation Type [POSITIVE]. @26-10-2021 11:14:39.0621 AM
[ReportManager] Assertion [ValidateEquals] PASSED. Expected [1] and Actual [1]. Comparison Type [EQUALS]. Validation Type [POSITIVE]. @26-10-2021 11:14:39.0621 A

################################################################################################################################################
Starting Execution:	[38 out of 146] test cases in the current suite
Test Method:		[unitTests.tests_validations_assertions.assertEquals_true_expectedToPass__]
################################################################################################################################################
[ReportManager] Assertion [ValidateEquals] PASSED. Expected [1] and Actual [1]. Comparison Type [EQUALS]. Validation Type [POSITIVE]. @26-10-2021 11:14:39.0625 A

################################################################################################################################################
Starting Execution:	[39 out of 146] test cases in the current suite
Test Method:		[unitTests.tests_validations_assertions.assertFileExists_false_expectedToFail]
################################################################################################################################################
[ReportManager] File Action [DoesFileExist] successfully performed. With the following test data [File Path: "src/main/java/com/shaft/gui/element/ElementActions.java"]. @26-10-2021 11:14:39.0629 AM
[ReportManager] Assertion [ValidateFileExists] FAILED. Expected [File 'src/main/java/com/shaft/gui/element/ElementActions.java' should not exist, after up to '1' retries] and Actual [File exists]. Validation Type [NEGATIVE]. @26-10-2021 11:14:39.0633 A

################################################################################################################################################
Starting Execution:	[40 out of 146] test cases in the current suite
Test Method:		[unitTests.tests_validations_assertions.assertFileExists_false_expectedToPass]
################################################################################################################################################
[ReportManager] File Action [DoesFileExist] successfully performed. With the following test data [File Path: "src/main/java/com/shaft/gui/element/ElementActions.java_fail"]. @26-10-2021 11:14:40.0138 AM
[ReportManager] Assertion [ValidateFileExists] PASSED. Expected [File 'src/main/java/com/shaft/gui/element/ElementActions.java_fail' should not exist, after up to '1' retries] and Actual [File does not exist]. Validation Type [NEGATIVE]. @26-10-2021 11:14:40.0139 A

################################################################################################################################################
Starting Execution:	[41 out of 146] test cases in the current suite
Test Method:		[unitTests.tests_validations_assertions.assertFileExists_true_expectedToFail]
################################################################################################################################################
[ReportManager] File Action [DoesFileExist] successfully performed. With the following test data [File Path: "src/main/java/com/shaft/gui/element/ElementActions.java_fail"]. @26-10-2021 11:14:40.0644 AM
[ReportManager] Assertion [ValidateFileExists] FAILED. Expected [File 'src/main/java/com/shaft/gui/element/ElementActions.java_fail' should exist, after up to '1' retries] and Actual [File does not exist]. Validation Type [POSITIVE]. @26-10-2021 11:14:40.0645 A

################################################################################################################################################
Starting Execution:	[42 out of 146] test cases in the current suite
Test Method:		[unitTests.tests_validations_assertions.assertFileExists_true_expectedToPass]
################################################################################################################################################
[ReportManager] File Action [DoesFileExist] successfully performed. With the following test data [File Path: "src/main/java/com/shaft/gui/element/ElementActions.java"]. @26-10-2021 11:14:40.0651 AM
[ReportManager] Assertion [ValidateFileExists] PASSED. Expected [File 'src/main/java/com/shaft/gui/element/ElementActions.java' should exist, after up to '1' retries] and Actual [File exists]. Validation Type [POSITIVE]. @26-10-2021 11:14:40.0651 A

################################################################################################################################################
Starting Execution:	[43 out of 146] test cases in the current suite
Test Method:		[unitTests.tests_validations_assertions.assertNull_false_expectedToFail]
################################################################################################################################################
[ReportManager] Assertion [ValidateNull] FAILED. Expected [NULL] and Actual [NULL]. Comparison Type [EQUALS]. Validation Type [NEGATIVE]. @26-10-2021 11:14:40.0655 A

################################################################################################################################################
Starting Execution:	[44 out of 146] test cases in the current suite
Test Method:		[unitTests.tests_validations_assertions.assertNull_false_expectedToPass]
################################################################################################################################################
[ReportManager] Assertion [ValidateNull] PASSED. Expected [NULL] and Actual [1]. Comparison Type [EQUALS]. Validation Type [NEGATIVE]. @26-10-2021 11:14:40.0659 A

################################################################################################################################################
Starting Execution:	[45 out of 146] test cases in the current suite
Test Method:		[unitTests.tests_validations_assertions.assertNull_true_expectedToFail]
################################################################################################################################################
[ReportManager] Assertion [ValidateNull] FAILED. Expected [NULL] and Actual [1]. Comparison Type [EQUALS]. Validation Type [POSITIVE]. @26-10-2021 11:14:40.0662 A

################################################################################################################################################
Starting Execution:	[46 out of 146] test cases in the current suite
Test Method:		[unitTests.tests_validations_assertions.assertNull_true_expectedToPass]
################################################################################################################################################
[ReportManager] Assertion [ValidateNull] PASSED. Expected [NULL] and Actual [NULL]. Comparison Type [EQUALS]. Validation Type [POSITIVE]. @26-10-2021 11:14:40.0665 A

################################################################################################################################################
Starting Execution:	[47 out of 146] test cases in the current suite
Test Method:		[unitTests.tests_restActions.getPostsAndAssertBodyForSpecificTitle]
################################################################################################################################################
[ReportManager] Response status code: [200], status line: [HTTP/1.1 200 OK] @26-10-2021 11:14:42.0476 AM
[ReportManager] Assertion Passed: Evaluating the actual response status code against the expected one... @26-10-2021 11:14:42.0476 AM
[ReportManager] Assertion [ValidateEquals] PASSED. Expected [200] and Actual [200]. Comparison Type [EQUALS]. Validation Type [POSITIVE]. @26-10-2021 11:14:42.0476 AM
[ReportManager] API Action [PerformRequest] successfully performed. With the following test data [Request Type: "GET" | Target Status Code: "200" | Service URL: "https://jsonplaceholder.typicode.com/posts" | Content Type: "*/*" | Response Time: "729ms"]. @26-10-2021 11:14:43.0676 AM
[ReportManager] Successfully created attachment [API Request - Specifications] @26-10-2021 11:14:43.0677 AM
[ReportManager] Successfully created attachment [API Response - JSON Body] @26-10-2021 11:14:43.0913 AM
[ReportManager] API Action [GetResponseJSONValueAsList] successfully performed. @26-10-2021 11:14:43.0928 AM
[ReportManager] API Action [GetResponseJSONValue] successfully performed. With the following test data [title]. @26-10-2021 11:14:43.0949 AM
[ReportManager] API Action [GetResponseJSONValue] successfully performed. With the following test data [title]. @26-10-2021 11:14:43.0963 AM
[ReportManager] API Action [GetResponseJSONValue] successfully performed. With the following test data [body]. @26-10-2021 11:14:43.0974 AM
[ReportManager] Assertion [ValidateEquals] PASSED. Expected [qui neque nisi nulla] and Actual [est rerum tempore vitae
sequi sint nihil reprehenderit dolor beatae ea dolores neque
fugiat blanditiis voluptate porro vel nihil molestiae ut reiciendis
qui aperiam non debitis possimus qui neque nisi nulla]. Comparison Type [CONTAINS]. Validation Type [POSITIVE]. @26-10-2021 11:14:43.0975 AM
[ReportManager] API Action [GetResponseJSONValue] successfully performed. With the following test data [title]. @26-10-2021 11:14:43.0987 AM
[ReportManager] API Action [GetResponseJSONValue] successfully performed. With the following test data [title]. @26-10-2021 11:14:43.0998 AM
[ReportManager] API Action [GetResponseJSONValue] successfully performed. With the following test data [title]. @26-10-2021 11:14:44.0010 AM
[ReportManager] API Action [GetResponseJSONValue] successfully performed. With the following test data [title]. @26-10-2021 11:14:44.0021 AM
[ReportManager] API Action [GetResponseJSONValue] successfully performed. With the following test data [title]. @26-10-2021 11:14:44.0032 AM
[ReportManager] API Action [GetResponseJSONValue] successfully performed. With the following test data [title]. @26-10-2021 11:14:44.0043 AM
[ReportManager] API Action [GetResponseJSONValue] successfully performed. With the following test data [title]. @26-10-2021 11:14:44.0054 AM
[ReportManager] API Action [GetResponseJSONValue] successfully performed. With the following test data [title]. @26-10-2021 11:14:44.0065 AM
[ReportManager] API Action [GetResponseJSONValue] successfully performed. With the following test data [title]. @26-10-2021 11:14:44.0076 AM
[ReportManager] API Action [GetResponseJSONValue] successfully performed. With the following test data [title]. @26-10-2021 11:14:44.0087 AM
[ReportManager] API Action [GetResponseJSONValue] successfully performed. With the following test data [title]. @26-10-2021 11:14:44.0100 AM
[ReportManager] API Action [GetResponseJSONValue] successfully performed. With the following test data [title]. @26-10-2021 11:14:44.0112 AM
[ReportManager] API Action [GetResponseJSONValue] successfully performed. With the following test data [title]. @26-10-2021 11:14:44.0123 AM
[ReportManager] API Action [GetResponseJSONValue] successfully performed. With the following test data [title]. @26-10-2021 11:14:44.0133 AM
[ReportManager] API Action [GetResponseJSONValue] successfully performed. With the following test data [title]. @26-10-2021 11:14:44.0143 AM
[ReportManager] API Action [GetResponseJSONValue] successfully performed. With the following test data [title]. @26-10-2021 11:14:44.0154 AM
[ReportManager] API Action [GetResponseJSONValue] successfully performed. With the following test data [title]. @26-10-2021 11:14:44.0165 AM
[ReportManager] API Action [GetResponseJSONValue] successfully performed. With the following test data [title]. @26-10-2021 11:14:44.0175 AM
[ReportManager] API Action [GetResponseJSONValue] successfully performed. With the following test data [title]. @26-10-2021 11:14:44.0186 AM
[ReportManager] API Action [GetResponseJSONValue] successfully performed. With the following test data [title]. @26-10-2021 11:14:44.0196 AM
[ReportManager] API Action [GetResponseJSONValue] successfully performed. With the following test data [title]. @26-10-2021 11:14:44.0207 AM
[ReportManager] API Action [GetResponseJSONValue] successfully performed. With the following test data [title]. @26-10-2021 11:14:44.0217 AM
[ReportManager] API Action [GetResponseJSONValue] successfully performed. With the following test data [title]. @26-10-2021 11:14:44.0227 AM
[ReportManager] API Action [GetResponseJSONValue] successfully performed. With the following test data [title]. @26-10-2021 11:14:44.0237 AM
[ReportManager] API Action [GetResponseJSONValue] successfully performed. With the following test data [title]. @26-10-2021 11:14:44.0247 AM
[ReportManager] API Action [GetResponseJSONValue] successfully performed. With the following test data [title]. @26-10-2021 11:14:44.0257 AM
[ReportManager] API Action [GetResponseJSONValue] successfully performed. With the following test data [title]. @26-10-2021 11:14:44.0267 AM
[ReportManager] API Action [GetResponseJSONValue] successfully performed. With the following test data [title]. @26-10-2021 11:14:44.0277 AM
[ReportManager] API Action [GetResponseJSONValue] successfully performed. With the following test data [title]. @26-10-2021 11:14:44.0288 AM
[ReportManager] API Action [GetResponseJSONValue] successfully performed. With the following test data [title]. @26-10-2021 11:14:44.0299 AM
[ReportManager] API Action [GetResponseJSONValue] successfully performed. With the following test data [title]. @26-10-2021 11:14:44.0309 AM
[ReportManager] API Action [GetResponseJSONValue] successfully performed. With the following test data [title]. @26-10-2021 11:14:44.0320 AM
[ReportManager] API Action [GetResponseJSONValue] successfully performed. With the following test data [title]. @26-10-2021 11:14:44.0330 AM
[ReportManager] API Action [GetResponseJSONValue] successfully performed. With the following test data [title]. @26-10-2021 11:14:44.0340 AM
[ReportManager] API Action [GetResponseJSONValue] successfully performed. With the following test data [title]. @26-10-2021 11:14:44.0351 AM
[ReportManager] API Action [GetResponseJSONValue] successfully performed. With the following test data [title]. @26-10-2021 11:14:44.0361 AM
[ReportManager] API Action [GetResponseJSONValue] successfully performed. With the following test data [title]. @26-10-2021 11:14:44.0371 AM
[ReportManager] API Action [GetResponseJSONValue] successfully performed. With the following test data [title]. @26-10-2021 11:14:44.0381 AM
[ReportManager] API Action [GetResponseJSONValue] successfully performed. With the following test data [title]. @26-10-2021 11:14:44.0391 AM
[ReportManager] API Action [GetResponseJSONValue] successfully performed. With the following test data [title]. @26-10-2021 11:14:44.0402 AM
[ReportManager] API Action [GetResponseJSONValue] successfully performed. With the following test data [title]. @26-10-2021 11:14:44.0412 AM
[ReportManager] API Action [GetResponseJSONValue] successfully performed. With the following test data [title]. @26-10-2021 11:14:44.0422 AM
[ReportManager] API Action [GetResponseJSONValue] successfully performed. With the following test data [title]. @26-10-2021 11:14:44.0432 AM
[ReportManager] API Action [GetResponseJSONValue] successfully performed. With the following test data [title]. @26-10-2021 11:14:44.0442 AM
[ReportManager] API Action [GetResponseJSONValue] successfully performed. With the following test data [title]. @26-10-2021 11:14:44.0452 AM
[ReportManager] API Action [GetResponseJSONValue] successfully performed. With the following test data [title]. @26-10-2021 11:14:44.0461 AM
[ReportManager] API Action [GetResponseJSONValue] successfully performed. With the following test data [title]. @26-10-2021 11:14:44.0471 AM
[ReportManager] API Action [GetResponseJSONValue] successfully performed. With the following test data [title]. @26-10-2021 11:14:44.0480 AM
[ReportManager] API Action [GetResponseJSONValue] successfully performed. With the following test data [title]. @26-10-2021 11:14:44.0491 AM
[ReportManager] API Action [GetResponseJSONValue] successfully performed. With the following test data [title]. @26-10-2021 11:14:44.0501 AM
[ReportManager] API Action [GetResponseJSONValue] successfully performed. With the following test data [title]. @26-10-2021 11:14:44.0511 AM
[ReportManager] API Action [GetResponseJSONValue] successfully performed. With the following test data [title]. @26-10-2021 11:14:44.0521 AM
[ReportManager] API Action [GetResponseJSONValue] successfully performed. With the following test data [title]. @26-10-2021 11:14:44.0531 AM
[ReportManager] API Action [GetResponseJSONValue] successfully performed. With the following test data [title]. @26-10-2021 11:14:44.0542 AM
[ReportManager] API Action [GetResponseJSONValue] successfully performed. With the following test data [title]. @26-10-2021 11:14:44.0553 AM
[ReportManager] API Action [GetResponseJSONValue] successfully performed. With the following test data [title]. @26-10-2021 11:14:44.0563 AM
[ReportManager] API Action [GetResponseJSONValue] successfully performed. With the following test data [title]. @26-10-2021 11:14:44.0574 AM
[ReportManager] API Action [GetResponseJSONValue] successfully performed. With the following test data [title]. @26-10-2021 11:14:44.0583 AM
[ReportManager] API Action [GetResponseJSONValue] successfully performed. With the following test data [title]. @26-10-2021 11:14:44.0594 AM
[ReportManager] API Action [GetResponseJSONValue] successfully performed. With the following test data [title]. @26-10-2021 11:14:44.0639 AM
[ReportManager] API Action [GetResponseJSONValue] successfully performed. With the following test data [title]. @26-10-2021 11:14:44.0653 AM
[ReportManager] API Action [GetResponseJSONValue] successfully performed. With the following test data [title]. @26-10-2021 11:14:44.0665 AM
[ReportManager] API Action [GetResponseJSONValue] successfully performed. With the following test data [title]. @26-10-2021 11:14:44.0677 AM
[ReportManager] API Action [GetResponseJSONValue] successfully performed. With the following test data [title]. @26-10-2021 11:14:44.0689 AM
[ReportManager] API Action [GetResponseJSONValue] successfully performed. With the following test data [title]. @26-10-2021 11:14:44.0702 AM
[ReportManager] API Action [GetResponseJSONValue] successfully performed. With the following test data [title]. @26-10-2021 11:14:44.0717 AM
[ReportManager] API Action [GetResponseJSONValue] successfully performed. With the following test data [title]. @26-10-2021 11:14:44.0728 AM
[ReportManager] API Action [GetResponseJSONValue] successfully performed. With the following test data [title]. @26-10-2021 11:14:44.0740 AM
[ReportManager] API Action [GetResponseJSONValue] successfully performed. With the following test data [title]. @26-10-2021 11:14:44.0751 AM
[ReportManager] API Action [GetResponseJSONValue] successfully performed. With the following test data [title]. @26-10-2021 11:14:44.0767 AM
[ReportManager] API Action [GetResponseJSONValue] successfully performed. With the following test data [title]. @26-10-2021 11:14:44.0780 AM
[ReportManager] API Action [GetResponseJSONValue] successfully performed. With the following test data [title]. @26-10-2021 11:14:44.0797 AM
[ReportManager] API Action [GetResponseJSONValue] successfully performed. With the following test data [title]. @26-10-2021 11:14:44.0823 AM
[ReportManager] API Action [GetResponseJSONValue] successfully performed. With the following test data [title]. @26-10-2021 11:14:44.0833 AM
[ReportManager] API Action [GetResponseJSONValue] successfully performed. With the following test data [title]. @26-10-2021 11:14:44.0846 AM
[ReportManager] API Action [GetResponseJSONValue] successfully performed. With the following test data [title]. @26-10-2021 11:14:44.0860 AM
[ReportManager] API Action [GetResponseJSONValue] successfully performed. With the following test data [title]. @26-10-2021 11:14:44.0876 AM
[ReportManager] API Action [GetResponseJSONValue] successfully performed. With the following test data [title]. @26-10-2021 11:14:44.0887 AM
[ReportManager] API Action [GetResponseJSONValue] successfully performed. With the following test data [title]. @26-10-2021 11:14:44.0900 AM
[ReportManager] API Action [GetResponseJSONValue] successfully performed. With the following test data [title]. @26-10-2021 11:14:44.0912 AM
[ReportManager] API Action [GetResponseJSONValue] successfully performed. With the following test data [title]. @26-10-2021 11:14:44.0924 AM
[ReportManager] API Action [GetResponseJSONValue] successfully performed. With the following test data [title]. @26-10-2021 11:14:44.0939 AM
[ReportManager] API Action [GetResponseJSONValue] successfully performed. With the following test data [title]. @26-10-2021 11:14:44.0948 AM
[ReportManager] API Action [GetResponseJSONValue] successfully performed. With the following test data [title]. @26-10-2021 11:14:44.0956 AM
[ReportManager] API Action [GetResponseJSONValue] successfully performed. With the following test data [title]. @26-10-2021 11:14:44.0963 AM
[ReportManager] API Action [GetResponseJSONValue] successfully performed. With the following test data [title]. @26-10-2021 11:14:44.0971 AM
[ReportManager] API Action [GetResponseJSONValue] successfully performed. With the following test data [title]. @26-10-2021 11:14:44.0979 AM
[ReportManager] API Action [GetResponseJSONValue] successfully performed. With the following test data [title]. @26-10-2021 11:14:44.0987 AM
[ReportManager] API Action [GetResponseJSONValue] successfully performed. With the following test data [title]. @26-10-2021 11:14:44.0994 AM
[ReportManager] API Action [GetResponseJSONValue] successfully performed. With the following test data [title]. @26-10-2021 11:14:45.0004 AM
[ReportManager] API Action [GetResponseJSONValue] successfully performed. With the following test data [title]. @26-10-2021 11:14:45.0012 AM
[ReportManager] API Action [GetResponseJSONValue] successfully performed. With the following test data [title]. @26-10-2021 11:14:45.0020 AM
[ReportManager] API Action [GetResponseJSONValue] successfully performed. With the following test data [title]. @26-10-2021 11:14:45.0028 AM
[ReportManager] API Action [GetResponseJSONValue] successfully performed. With the following test data [title]. @26-10-2021 11:14:45.0037 AM
[ReportManager] API Action [GetResponseJSONValue] successfully performed. With the following test data [title]. @26-10-2021 11:14:45.0045 AM
[ReportManager] API Action [GetResponseJSONValue] successfully performed. With the following test data [title]. @26-10-2021 11:14:45.0053 AM
[ReportManager] API Action [GetResponseJSONValue] successfully performed. With the following test data [title]. @26-10-2021 11:14:45.0062 AM
[ReportManager] API Action [GetResponseJSONValue] successfully performed. With the following test data [title]. @26-10-2021 11:14:45.0070 A

################################################################################################################################################
Starting Execution:	[48 out of 146] test cases in the current suite
Test Method:		[unitTests.tests_restActions.validateUserEmail]
################################################################################################################################################
[ReportManager] Response status code: [200], status line: [HTTP/1.1 200 OK] @26-10-2021 11:14:45.0163 AM
[ReportManager] Assertion Passed: Evaluating the actual response status code against the expected one... @26-10-2021 11:14:45.0163 AM
[ReportManager] Assertion [ValidateEquals] PASSED. Expected [200] and Actual [200]. Comparison Type [EQUALS]. Validation Type [POSITIVE]. @26-10-2021 11:14:45.0163 AM
[ReportManager] API Action [PerformRequest] successfully performed. With the following test data [Request Type: "GET" | Target Status Code: "200" | Service URL: "https://jsonplaceholder.typicode.com/users" | Content Type: "*/*" | Response Time: "68ms"]. @26-10-2021 11:14:45.0180 AM
[ReportManager] Successfully created attachment [API Request - Specifications] @26-10-2021 11:14:45.0180 AM
[ReportManager] Successfully created attachment [API Response - JSON Body] @26-10-2021 11:14:45.0181 AM
[ReportManager] Assertion [ValidateEquals] PASSED. Expected and Actual values are attached. Comparison Type [CONTAINS]. Validation Type [POSITIVE]. @26-10-2021 11:14:45.0181 AM
[ReportManager] Successfully created attachment [Validation Test Data - Expected Value] @26-10-2021 11:14:45.0182 AM
[ReportManager] Successfully created attachment [Validation Test Data - Actual Value] @26-10-2021 11:14:45.0182 AM
[ReportManager] API Action [GetResponseJSONValueAsList] successfully performed. With the following test data [$]. @26-10-2021 11:14:45.0185 AM
[ReportManager] API Action [GetResponseJSONValue] successfully performed. With the following test data [name]. @26-10-2021 11:14:45.0195 AM
[ReportManager] API Action [GetResponseJSONValue] successfully performed. With the following test data [email]. @26-10-2021 11:14:45.0204 AM
[ReportManager] Assertion [ValidateEquals] PASSED. Expected [Sincere@april.biz] and Actual [Sincere@april.biz]. Comparison Type [EQUALS]. Validation Type [POSITIVE]. @26-10-2021 11:14:45.0204 AM
[ReportManager] API Action [GetResponseJSONValue] successfully performed. With the following test data [name]. @26-10-2021 11:14:45.0214 AM
[ReportManager] API Action [GetResponseJSONValue] successfully performed. With the following test data [name]. @26-10-2021 11:14:45.0223 AM
[ReportManager] API Action [GetResponseJSONValue] successfully performed. With the following test data [name]. @26-10-2021 11:14:45.0231 AM
[ReportManager] API Action [GetResponseJSONValue] successfully performed. With the following test data [name]. @26-10-2021 11:14:45.0241 AM
[ReportManager] API Action [GetResponseJSONValue] successfully performed. With the following test data [name]. @26-10-2021 11:14:45.0249 AM
[ReportManager] API Action [GetResponseJSONValue] successfully performed. With the following test data [name]. @26-10-2021 11:14:45.0258 AM
[ReportManager] API Action [GetResponseJSONValue] successfully performed. With the following test data [name]. @26-10-2021 11:14:45.0266 AM
[ReportManager] API Action [GetResponseJSONValue] successfully performed. With the following test data [name]. @26-10-2021 11:14:45.0275 AM
[ReportManager] API Action [GetResponseJSONValue] successfully performed. With the following test data [name]. @26-10-2021 11:14:45.0283 A
[ReportManager] File Action [GetAbsolutePath] successfully performed. With the following test data [Relative Folder Path: "target/downloadedFiles/"]. @26-10-2021 11:14:45.0384 AM
[ReportManager] Attempting to run remotely on: [Linux-64], [GoogleChrome], [http://localhost:4444/wd/hub], Headless Execution. @26-10-2021 11:14:45.0384 AM
[ReportManager] Successfully Opened [GoogleChrome]. @26-10-2021 11:14:48.0318 AM
[ReportManager] Target URL: [https://duckduckgo.com] @26-10-2021 11:14:48.0318 AM
[ReportManager] Initial URL: [data:,] @26-10-2021 11:14:48.0446 AM
[ReportManager] Browser Action [NavigateToURL] successfully performed. With the following test data [https://duckduckgo.com]. @26-10-2021 11:14:49.0187 A

################################################################################################################################################
Starting Execution:	[49 out of 146] test cases in the current suite
Test Method:		[unitTests.tests_browserActions.fullScreenWindow]
################################################################################################################################################
[ReportManager] Initial Windows Size: 1920x1080 @26-10-2021 11:14:49.0228 AM
[ReportManager] Initial window size: (1920, 1080) @26-10-2021 11:14:49.0233 AM
[ReportManager] Window size after Toolkit: (1920, 1080) @26-10-2021 11:14:49.0468 AM
[ReportManager] Browser Action [MaximizeWindow] successfully performed. With the following test data [New screen size is now: (1920, 1080)]. @26-10-2021 11:14:49.0474 AM
[ReportManager] Current Windows Size after fullScreen: 1920x1080 @26-10-2021 11:14:49.0490 AM
[ReportManager] Browser Action [FullScreenWindow] successfully performed. @26-10-2021 11:14:49.0502 AM
[ReportManager] Successfully created attachment [Browser Action Test Data - FullScreenWindow - Actual Value] @26-10-2021 11:14:49.0504 A
[ReportManager] Target URL: [https://duckduckgo.com] @26-10-2021 11:14:49.0508 AM
[ReportManager] Initial URL: [https://duckduckgo.com] @26-10-2021 11:14:49.0592 AM
[ReportManager] Browser Action [NavigateToURL] successfully performed. With the following test data [https://duckduckgo.com]. @26-10-2021 11:14:49.0962 AM
[ReportManager] Browser Action [CloseCurrentWindow] successfully performed. @26-10-2021 11:14:50.0134 AM
[ReportManager] Successfully created attachment [Browser Action Test Data - CloseCurrentWindow - Actual Value] @26-10-2021 11:14:50.0136 A
[ReportManager] File Action [GetAbsolutePath] successfully performed. With the following test data [Relative Folder Path: "target/downloadedFiles/"]. @26-10-2021 11:14:50.0139 AM
[ReportManager] Attempting to run remotely on: [Linux-64], [GoogleChrome], [http://localhost:4444/wd/hub], Headless Execution. @26-10-2021 11:14:50.0139 AM
[ReportManager] Successfully Opened [GoogleChrome]. @26-10-2021 11:14:53.0263 AM
[ReportManager] Target URL: [https://duckduckgo.com] @26-10-2021 11:14:53.0263 AM
[ReportManager] Initial URL: [data:,] @26-10-2021 11:14:53.0383 AM
[ReportManager] Browser Action [NavigateToURL] successfully performed. With the following test data [https://duckduckgo.com]. @26-10-2021 11:14:54.0158 A

################################################################################################################################################
Starting Execution:	[50 out of 146] test cases in the current suite
Test Method:		[unitTests.tests_browserActions.getCurrentURL]
################################################################################################################################################
[ReportManager] Browser Action [GetCurrentURL] successfully performed. With the following test data [https://duckduckgo.com/]. @26-10-2021 11:14:54.0217 A
[ReportManager] Target URL: [https://duckduckgo.com] @26-10-2021 11:14:54.0224 AM
[ReportManager] Initial URL: [https://duckduckgo.com] @26-10-2021 11:14:54.0358 AM
[ReportManager] Browser Action [NavigateToURL] successfully performed. With the following test data [https://duckduckgo.com]. @26-10-2021 11:14:54.0761 AM
[ReportManager] Browser Action [CloseCurrentWindow] successfully performed. @26-10-2021 11:14:54.0896 AM
[ReportManager] Successfully created attachment [Browser Action Test Data - CloseCurrentWindow - Actual Value] @26-10-2021 11:14:54.0897 A
[ReportManager] File Action [GetAbsolutePath] successfully performed. With the following test data [Relative Folder Path: "target/downloadedFiles/"]. @26-10-2021 11:14:54.0899 AM
[ReportManager] Attempting to run remotely on: [Linux-64], [GoogleChrome], [http://localhost:4444/wd/hub], Headless Execution. @26-10-2021 11:14:54.0899 AM
[ReportManager] Successfully Opened [GoogleChrome]. @26-10-2021 11:14:58.0298 AM
[ReportManager] Target URL: [https://duckduckgo.com] @26-10-2021 11:14:58.0298 AM
[ReportManager] Initial URL: [data:,] @26-10-2021 11:14:58.0393 AM
[ReportManager] Browser Action [NavigateToURL] successfully performed. With the following test data [https://duckduckgo.com]. @26-10-2021 11:14:59.0001 A

################################################################################################################################################
Starting Execution:	[51 out of 146] test cases in the current suite
Test Method:		[unitTests.tests_browserActions.getCurrentWindowTitle]
################################################################################################################################################
[ReportManager] Browser Action [GetCurrentWindowTitle] successfully performed. With the following test data [DuckDuckGo  Privacy, simplified.]. @26-10-2021 11:14:59.0080 A
[ReportManager] Target URL: [https://duckduckgo.com] @26-10-2021 11:14:59.0092 AM
[ReportManager] Initial URL: [https://duckduckgo.com] @26-10-2021 11:14:59.0207 AM
[ReportManager] Browser Action [NavigateToURL] successfully performed. With the following test data [https://duckduckgo.com]. @26-10-2021 11:14:59.0569 AM
[ReportManager] Browser Action [CloseCurrentWindow] successfully performed. @26-10-2021 11:14:59.0694 AM
[ReportManager] Successfully created attachment [Browser Action Test Data - CloseCurrentWindow - Actual Value] @26-10-2021 11:14:59.0695 A
[ReportManager] File Action [GetAbsolutePath] successfully performed. With the following test data [Relative Folder Path: "target/downloadedFiles/"]. @26-10-2021 11:14:59.0698 AM
[ReportManager] Attempting to run remotely on: [Linux-64], [GoogleChrome], [http://localhost:4444/wd/hub], Headless Execution. @26-10-2021 11:14:59.0698 AM
[ReportManager] Successfully Opened [GoogleChrome]. @26-10-2021 11:15:03.0332 AM
[ReportManager] Target URL: [https://duckduckgo.com] @26-10-2021 11:15:03.0332 AM
[ReportManager] Initial URL: [data:,] @26-10-2021 11:15:03.0384 AM
[ReportManager] Browser Action [NavigateToURL] successfully performed. With the following test data [https://duckduckgo.com]. @26-10-2021 11:15:03.0981 A

################################################################################################################################################
Starting Execution:	[52 out of 146] test cases in the current suite
Test Method:		[unitTests.tests_browserActions.getPageSource]
################################################################################################################################################
[ReportManager] Browser Action [GetPageSource] successfully performed. @26-10-2021 11:15:04.0046 AM
[ReportManager] Successfully created attachment [Browser Action Test Data - GetPageSource - Actual Value] @26-10-2021 11:15:04.0046 A
[ReportManager] Target URL: [https://duckduckgo.com] @26-10-2021 11:15:04.0048 AM
[ReportManager] Initial URL: [https://duckduckgo.com] @26-10-2021 11:15:04.0104 AM
[ReportManager] Browser Action [NavigateToURL] successfully performed. With the following test data [https://duckduckgo.com]. @26-10-2021 11:15:04.0411 AM
[ReportManager] Browser Action [CloseCurrentWindow] successfully performed. @26-10-2021 11:15:04.0542 AM
[ReportManager] Successfully created attachment [Browser Action Test Data - CloseCurrentWindow - Actual Value] @26-10-2021 11:15:04.0543 A
[ReportManager] File Action [GetAbsolutePath] successfully performed. With the following test data [Relative Folder Path: "target/downloadedFiles/"]. @26-10-2021 11:15:04.0550 AM
[ReportManager] Attempting to run remotely on: [Linux-64], [GoogleChrome], [http://localhost:4444/wd/hub], Headless Execution. @26-10-2021 11:15:04.0550 AM
[ReportManager] Successfully Opened [GoogleChrome]. @26-10-2021 11:15:08.0291 AM
[ReportManager] Target URL: [https://duckduckgo.com] @26-10-2021 11:15:08.0291 AM
[ReportManager] Initial URL: [data:,] @26-10-2021 11:15:08.0338 AM
[ReportManager] Browser Action [NavigateToURL] successfully performed. With the following test data [https://duckduckgo.com]. @26-10-2021 11:15:09.0060 A

################################################################################################################################################
Starting Execution:	[53 out of 146] test cases in the current suite
Test Method:		[unitTests.tests_browserActions.getWindowHandle]
################################################################################################################################################
[ReportManager] Browser Action [GetWindowHandle] successfully performed. With the following test data [CDwindow-1A4CA819B15D58A99203C30DD0FE0713]. @26-10-2021 11:15:09.0102 A
[ReportManager] Target URL: [https://duckduckgo.com] @26-10-2021 11:15:09.0111 AM
[ReportManager] Initial URL: [https://duckduckgo.com] @26-10-2021 11:15:09.0210 AM
[ReportManager] Browser Action [NavigateToURL] successfully performed. With the following test data [https://duckduckgo.com]. @26-10-2021 11:15:09.0706 AM
[ReportManager] Browser Action [CloseCurrentWindow] successfully performed. @26-10-2021 11:15:09.0824 AM
[ReportManager] Successfully created attachment [Browser Action Test Data - CloseCurrentWindow - Actual Value] @26-10-2021 11:15:09.0825 A
[ReportManager] File Action [GetAbsolutePath] successfully performed. With the following test data [Relative Folder Path: "target/downloadedFiles/"]. @26-10-2021 11:15:09.0829 AM
[ReportManager] Attempting to run remotely on: [Linux-64], [GoogleChrome], [http://localhost:4444/wd/hub], Headless Execution. @26-10-2021 11:15:09.0830 AM
[ReportManager] Successfully Opened [GoogleChrome]. @26-10-2021 11:15:13.0266 AM
[ReportManager] Target URL: [https://duckduckgo.com] @26-10-2021 11:15:13.0266 AM
[ReportManager] Initial URL: [data:,] @26-10-2021 11:15:13.0353 AM
[ReportManager] Browser Action [NavigateToURL] successfully performed. With the following test data [https://duckduckgo.com]. @26-10-2021 11:15:14.0057 A

################################################################################################################################################
Starting Execution:	[54 out of 146] test cases in the current suite
Test Method:		[unitTests.tests_browserActions.getWindowPosition]
################################################################################################################################################
[ReportManager] Browser Action [GetWindowPosition] successfully performed. With the following test data [(0, 0)]. @26-10-2021 11:15:14.0094 A
[ReportManager] Target URL: [https://duckduckgo.com] @26-10-2021 11:15:14.0097 AM
[ReportManager] Initial URL: [https://duckduckgo.com] @26-10-2021 11:15:14.0189 AM
[ReportManager] Browser Action [NavigateToURL] successfully performed. With the following test data [https://duckduckgo.com]. @26-10-2021 11:15:14.0568 AM
[ReportManager] Browser Action [CloseCurrentWindow] successfully performed. @26-10-2021 11:15:14.0692 AM
[ReportManager] Successfully created attachment [Browser Action Test Data - CloseCurrentWindow - Actual Value] @26-10-2021 11:15:14.0693 A
[ReportManager] File Action [GetAbsolutePath] successfully performed. With the following test data [Relative Folder Path: "target/downloadedFiles/"]. @26-10-2021 11:15:14.0695 AM
[ReportManager] Attempting to run remotely on: [Linux-64], [GoogleChrome], [http://localhost:4444/wd/hub], Headless Execution. @26-10-2021 11:15:14.0695 AM
[ReportManager] Successfully Opened [GoogleChrome]. @26-10-2021 11:15:18.0284 AM
[ReportManager] Target URL: [https://duckduckgo.com] @26-10-2021 11:15:18.0285 AM
[ReportManager] Initial URL: [data:,] @26-10-2021 11:15:18.0352 AM
[ReportManager] Browser Action [NavigateToURL] successfully performed. With the following test data [https://duckduckgo.com]. @26-10-2021 11:15:18.0990 A

################################################################################################################################################
Starting Execution:	[55 out of 146] test cases in the current suite
Test Method:		[unitTests.tests_browserActions.getWindowSize]
################################################################################################################################################
[ReportManager] Browser Action [GetWindowSize] successfully performed. With the following test data [(1920, 1080)]. @26-10-2021 11:15:19.0098 A
[ReportManager] Target URL: [https://duckduckgo.com] @26-10-2021 11:15:19.0101 AM
[ReportManager] Initial URL: [https://duckduckgo.com] @26-10-2021 11:15:19.0151 AM
[ReportManager] Browser Action [NavigateToURL] successfully performed. With the following test data [https://duckduckgo.com]. @26-10-2021 11:15:19.0544 AM
[ReportManager] Browser Action [CloseCurrentWindow] successfully performed. @26-10-2021 11:15:19.0727 AM
[ReportManager] Successfully created attachment [Browser Action Test Data - CloseCurrentWindow - Actual Value] @26-10-2021 11:15:19.0728 A
[ReportManager] File Action [GetAbsolutePath] successfully performed. With the following test data [Relative Folder Path: "target/downloadedFiles/"]. @26-10-2021 11:15:19.0731 AM
[ReportManager] Attempting to run remotely on: [Linux-64], [GoogleChrome], [http://localhost:4444/wd/hub], Headless Execution. @26-10-2021 11:15:19.0731 AM
[ReportManager] Successfully Opened [GoogleChrome]. @26-10-2021 11:15:23.0266 AM
[ReportManager] Target URL: [https://duckduckgo.com] @26-10-2021 11:15:23.0266 AM
[ReportManager] Initial URL: [data:,] @26-10-2021 11:15:23.0345 AM
[ReportManager] Browser Action [NavigateToURL] successfully performed. With the following test data [https://duckduckgo.com]. @26-10-2021 11:15:23.0957 A

################################################################################################################################################
Starting Execution:	[56 out of 146] test cases in the current suite
Test Method:		[unitTests.tests_browserActions.maximizeWindow]
################################################################################################################################################
[ReportManager] Initial window size: (1920, 1080) @26-10-2021 11:15:23.0971 AM
[ReportManager] Window size after Toolkit: (1920, 1080) @26-10-2021 11:15:24.0203 AM
[ReportManager] Browser Action [MaximizeWindow] successfully performed. With the following test data [New screen size is now: (1920, 1080)]. @26-10-2021 11:15:24.0207 A
[ReportManager] Target URL: [https://duckduckgo.com] @26-10-2021 11:15:24.0211 AM
[ReportManager] Initial URL: [https://duckduckgo.com] @26-10-2021 11:15:24.0301 AM
[ReportManager] Browser Action [NavigateToURL] successfully performed. With the following test data [https://duckduckgo.com]. @26-10-2021 11:15:24.0680 AM
[ReportManager] Browser Action [CloseCurrentWindow] successfully performed. @26-10-2021 11:15:24.0791 AM
[ReportManager] Successfully created attachment [Browser Action Test Data - CloseCurrentWindow - Actual Value] @26-10-2021 11:15:24.0791 A
[ReportManager] File Action [GetAbsolutePath] successfully performed. With the following test data [Relative Folder Path: "target/downloadedFiles/"]. @26-10-2021 11:15:24.0793 AM
[ReportManager] Attempting to run remotely on: [Linux-64], [GoogleChrome], [http://localhost:4444/wd/hub], Headless Execution. @26-10-2021 11:15:24.0794 AM
[ReportManager] Successfully Opened [GoogleChrome]. @26-10-2021 11:15:28.0273 AM
[ReportManager] Target URL: [https://duckduckgo.com] @26-10-2021 11:15:28.0274 AM
[ReportManager] Initial URL: [data:,] @26-10-2021 11:15:28.0339 AM
[ReportManager] Browser Action [NavigateToURL] successfully performed. With the following test data [https://duckduckgo.com]. @26-10-2021 11:15:28.0983 A

################################################################################################################################################
Starting Execution:	[57 out of 146] test cases in the current suite
Test Method:		[unitTests.tests_browserActions.navigateBack]
################################################################################################################################################
[ReportManager] Target URL: [https://www.google.com/ncr], and after redirection: [https://www.google.com] @26-10-2021 11:15:28.0985 AM
[ReportManager] Initial URL: [https://duckduckgo.com] @26-10-2021 11:15:29.0035 AM
[ReportManager] Browser Action [NavigateToURL] successfully performed. With the following test data [https://www.google.com/ncr]. @26-10-2021 11:15:29.0825 AM
[ReportManager] Browser Action [NavigateBack] successfully performed. With the following test data [https://duckduckgo.com/]. @26-10-2021 11:15:30.0259 AM
[ReportManager] Browser Action [GetCurrentURL] successfully performed. With the following test data [https://duckduckgo.com/]. @26-10-2021 11:15:30.0309 AM
[ReportManager] Assertion Passed: Confirming that navigating back was successful @26-10-2021 11:15:30.0768 AM
[ReportManager] Successfully created attachment [Screenshot - 1635246930582_navigateBack_ValidateBrowserAttribute_passed] @26-10-2021 11:15:30.0770 AM
[ReportManager] Assertion [ValidateBrowserAttribute] PASSED. Expected [Value Should be 'https://duckduckgo.com' for the 'CurrentUrl' attribute] and Actual [https://duckduckgo.com/]. Comparison Type [CONTAINS]. Validation Type [POSITIVE]. @26-10-2021 11:15:30.0770 A
[ReportManager] Target URL: [https://duckduckgo.com] @26-10-2021 11:15:30.0775 AM
[ReportManager] Initial URL: [https://duckduckgo.com] @26-10-2021 11:15:30.0826 AM
[ReportManager] Browser Action [NavigateToURL] successfully performed. With the following test data [https://duckduckgo.com]. @26-10-2021 11:15:31.0262 AM
[ReportManager] Browser Action [CloseCurrentWindow] successfully performed. @26-10-2021 11:15:31.0381 AM
[ReportManager] Successfully created attachment [Browser Action Test Data - CloseCurrentWindow - Actual Value] @26-10-2021 11:15:31.0382 A
[ReportManager] File Action [GetAbsolutePath] successfully performed. With the following test data [Relative Folder Path: "target/downloadedFiles/"]. @26-10-2021 11:15:31.0385 AM
[ReportManager] Attempting to run remotely on: [Linux-64], [GoogleChrome], [http://localhost:4444/wd/hub], Headless Execution. @26-10-2021 11:15:31.0385 AM
[ReportManager] Successfully Opened [GoogleChrome]. @26-10-2021 11:15:33.0278 AM
[ReportManager] Target URL: [https://duckduckgo.com] @26-10-2021 11:15:33.0278 AM
[ReportManager] Initial URL: [data:,] @26-10-2021 11:15:33.0323 AM
[ReportManager] Browser Action [NavigateToURL] successfully performed. With the following test data [https://duckduckgo.com]. @26-10-2021 11:15:34.0015 A

################################################################################################################################################
Starting Execution:	[58 out of 146] test cases in the current suite
Test Method:		[unitTests.tests_browserActions.navigateForward]
################################################################################################################################################
[ReportManager] Target URL: [https://www.google.com/ncr], and after redirection: [https://www.google.com] @26-10-2021 11:15:34.0022 AM
[ReportManager] Initial URL: [https://duckduckgo.com] @26-10-2021 11:15:34.0087 AM
[ReportManager] Browser Action [NavigateToURL] successfully performed. With the following test data [https://www.google.com/ncr]. @26-10-2021 11:15:34.0796 AM
[ReportManager] Browser Action [NavigateBack] successfully performed. With the following test data [https://duckduckgo.com/]. @26-10-2021 11:15:35.0227 AM
[ReportManager] Browser Action [NavigateForward] successfully performed. With the following test data [https://www.google.com/]. @26-10-2021 11:15:35.0656 A
[ReportManager] Target URL: [https://duckduckgo.com] @26-10-2021 11:15:35.0660 AM
[ReportManager] Initial URL: [https://www.google.com] @26-10-2021 11:15:35.0727 AM
[ReportManager] Browser Action [NavigateToURL] successfully performed. With the following test data [https://duckduckgo.com]. @26-10-2021 11:15:36.0294 AM
[ReportManager] Browser Action [CloseCurrentWindow] successfully performed. @26-10-2021 11:15:36.0420 AM
[ReportManager] Successfully created attachment [Browser Action Test Data - CloseCurrentWindow - Actual Value] @26-10-2021 11:15:36.0421 A
[ReportManager] File Action [GetAbsolutePath] successfully performed. With the following test data [Relative Folder Path: "target/downloadedFiles/"]. @26-10-2021 11:15:36.0424 AM
[ReportManager] Attempting to run remotely on: [Linux-64], [GoogleChrome], [http://localhost:4444/wd/hub], Headless Execution. @26-10-2021 11:15:36.0424 AM
[ReportManager] Successfully Opened [GoogleChrome]. @26-10-2021 11:15:38.0274 AM
[ReportManager] Target URL: [https://duckduckgo.com] @26-10-2021 11:15:38.0274 AM
[ReportManager] Initial URL: [data:,] @26-10-2021 11:15:38.0332 AM
[ReportManager] Browser Action [NavigateToURL] successfully performed. With the following test data [https://duckduckgo.com]. @26-10-2021 11:15:38.0957 A

################################################################################################################################################
Starting Execution:	[59 out of 146] test cases in the current suite
Test Method:		[unitTests.tests_browserActions.navigateToURL]
################################################################################################################################################
[ReportManager] Target URL: [https://duckduckgo.com] @26-10-2021 11:15:38.0961 AM
[ReportManager] Initial URL: [https://duckduckgo.com] @26-10-2021 11:15:39.0018 AM
[ReportManager] Browser Action [NavigateToURL] successfully performed. With the following test data [https://duckduckgo.com]. @26-10-2021 11:15:39.0402 A
[ReportManager] Target URL: [https://duckduckgo.com] @26-10-2021 11:15:39.0406 AM
[ReportManager] Initial URL: [https://duckduckgo.com] @26-10-2021 11:15:39.0470 AM
[ReportManager] Browser Action [NavigateToURL] successfully performed. With the following test data [https://duckduckgo.com]. @26-10-2021 11:15:39.0850 AM
[ReportManager] Browser Action [CloseCurrentWindow] successfully performed. @26-10-2021 11:15:39.0978 AM
[ReportManager] Successfully created attachment [Browser Action Test Data - CloseCurrentWindow - Actual Value] @26-10-2021 11:15:39.0979 A
[ReportManager] File Action [GetAbsolutePath] successfully performed. With the following test data [Relative Folder Path: "target/downloadedFiles/"]. @26-10-2021 11:15:39.0981 AM
[ReportManager] Attempting to run remotely on: [Linux-64], [GoogleChrome], [http://localhost:4444/wd/hub], Headless Execution. @26-10-2021 11:15:39.0981 AM
[ReportManager] Successfully Opened [GoogleChrome]. @26-10-2021 11:15:43.0286 AM
[ReportManager] Target URL: [https://duckduckgo.com] @26-10-2021 11:15:43.0286 AM
[ReportManager] Initial URL: [data:,] @26-10-2021 11:15:43.0341 AM
[ReportManager] Browser Action [NavigateToURL] successfully performed. With the following test data [https://duckduckgo.com]. @26-10-2021 11:15:44.0010 A

################################################################################################################################################
Starting Execution:	[60 out of 146] test cases in the current suite
Test Method:		[unitTests.tests_browserActions.navigateToURLWithRedirection]
################################################################################################################################################
[ReportManager] Target URL: [https://www.google.com/ncr], and after redirection: [https://www.google.com] @26-10-2021 11:15:44.0018 AM
[ReportManager] Initial URL: [https://duckduckgo.com] @26-10-2021 11:15:44.0077 AM
[ReportManager] Browser Action [NavigateToURL] successfully performed. With the following test data [https://www.google.com/ncr]. @26-10-2021 11:15:44.0925 A
[ReportManager] Target URL: [https://duckduckgo.com] @26-10-2021 11:15:44.0927 AM
[ReportManager] Initial URL: [https://www.google.com] @26-10-2021 11:15:44.0999 AM
[ReportManager] Browser Action [NavigateToURL] successfully performed. With the following test data [https://duckduckgo.com]. @26-10-2021 11:15:45.0537 AM
[ReportManager] Browser Action [CloseCurrentWindow] successfully performed. @26-10-2021 11:15:45.0659 AM
[ReportManager] Successfully created attachment [Browser Action Test Data - CloseCurrentWindow - Actual Value] @26-10-2021 11:15:45.0660 A
[ReportManager] File Action [GetAbsolutePath] successfully performed. With the following test data [Relative Folder Path: "target/downloadedFiles/"]. @26-10-2021 11:15:45.0662 AM
[ReportManager] Attempting to run remotely on: [Linux-64], [GoogleChrome], [http://localhost:4444/wd/hub], Headless Execution. @26-10-2021 11:15:45.0663 AM
[ReportManager] Successfully Opened [GoogleChrome]. @26-10-2021 11:15:48.0279 AM
[ReportManager] Target URL: [https://duckduckgo.com] @26-10-2021 11:15:48.0279 AM
[ReportManager] Initial URL: [data:,] @26-10-2021 11:15:48.0366 AM
[ReportManager] Browser Action [NavigateToURL] successfully performed. With the following test data [https://duckduckgo.com]. @26-10-2021 11:15:48.0950 A

################################################################################################################################################
Starting Execution:	[61 out of 146] test cases in the current suite
Test Method:		[unitTests.tests_browserActions.refreshCurrentPage]
################################################################################################################################################
[ReportManager] Browser Action [RefreshCurrentPage] successfully performed. @26-10-2021 11:15:49.0191 AM
[ReportManager] Successfully created attachment [Browser Action Test Data - RefreshCurrentPage - Actual Value] @26-10-2021 11:15:49.0192 A
[ReportManager] Target URL: [https://duckduckgo.com] @26-10-2021 11:15:49.0193 AM
[ReportManager] Initial URL: [https://duckduckgo.com] @26-10-2021 11:15:49.0254 AM
[ReportManager] Browser Action [NavigateToURL] successfully performed. With the following test data [https://duckduckgo.com]. @26-10-2021 11:15:49.0553 AM
[ReportManager] Browser Action [CloseCurrentWindow] successfully performed. @26-10-2021 11:15:49.0724 AM
[ReportManager] Successfully created attachment [Browser Action Test Data - CloseCurrentWindow - Actual Value] @26-10-2021 11:15:49.0724 A
[ReportManager] File Action [GetAbsolutePath] successfully performed. With the following test data [Relative Folder Path: "target/downloadedFiles/"]. @26-10-2021 11:15:49.0727 AM
[ReportManager] Attempting to run remotely on: [Linux-64], [GoogleChrome], [http://localhost:4444/wd/hub], Headless Execution. @26-10-2021 11:15:49.0728 AM
[ReportManager] Successfully Opened [GoogleChrome]. @26-10-2021 11:15:53.0272 AM
[ReportManager] Target URL: [https://duckduckgo.com] @26-10-2021 11:15:53.0272 AM
[ReportManager] Initial URL: [data:,] @26-10-2021 11:15:53.0320 AM
[ReportManager] Browser Action [NavigateToURL] successfully performed. With the following test data [https://duckduckgo.com]. @26-10-2021 11:15:54.0003 A

################################################################################################################################################
Starting Execution:	[62 out of 146] test cases in the current suite
Test Method:		[unitTests.tests_browserActions.setWindowSize]
################################################################################################################################################
[ReportManager] Initial window size: (1920, 1080) @26-10-2021 11:15:54.0017 AM
[ReportManager] Window size after SWD: (1280, 720) @26-10-2021 11:15:54.0242 AM
[ReportManager] Browser Action [SetWindowSize] successfully performed. With the following test data [New screen size is now: (1280, 720)]. @26-10-2021 11:15:54.0242 A
[ReportManager] Target URL: [https://duckduckgo.com] @26-10-2021 11:15:54.0245 AM
[ReportManager] Initial URL: [https://duckduckgo.com] @26-10-2021 11:15:54.0329 AM
[ReportManager] Browser Action [NavigateToURL] successfully performed. With the following test data [https://duckduckgo.com]. @26-10-2021 11:15:54.0655 AM
[ReportManager] Browser Action [CloseCurrentWindow] successfully performed. @26-10-2021 11:15:54.0806 AM
[ReportManager] Successfully created attachment [Browser Action Test Data - CloseCurrentWindow - Actual Value] @26-10-2021 11:15:54.0807 A
[ReportManager] File Action [GetAbsolutePath] successfully performed. With the following test data [Relative Folder Path: "target/downloadedFiles/"]. @26-10-2021 11:15:54.0809 AM
[ReportManager] Attempting to run remotely on: [Linux-64], [GoogleChrome], [http://localhost:4444/wd/hub], Headless Execution. @26-10-2021 11:15:54.0811 AM
[ReportManager] Successfully Opened [GoogleChrome]. @26-10-2021 11:15:58.0275 A

################################################################################################################################################
Starting Execution:	[63 out of 146] test cases in the current suite
Test Method:		[unitTests.tests_element_elementActions.waitForElementToBePresent_false_expectedToFail]
################################################################################################################################################
[ReportManager] Target URL: [https://www.google.com/ncr], and after redirection: [www.google.com] @26-10-2021 11:15:58.0280 AM
[ReportManager] Initial URL: [data:,] @26-10-2021 11:15:58.0324 AM
[ReportManager] Browser Action [NavigateToURL] successfully performed. With the following test data [https://www.google.com/ncr]. @26-10-2021 11:15:59.0038 AM
[ReportManager] Waiting for element to be present; elementLocator [By.xpath: //*[@id='hplogo' or @alt='Google']], numberOfTries[1], stateOfPresence[false]... @26-10-2021 11:15:59.0043 AM
[ReportManager] Element Action [WaitForElementToBePresent] failed. With the following test data [waited for the element's state of presence to be (false). Element locator (By.xpath: //*[@id='hplogo' or @alt='Google'])]. @26-10-2021 11:15:59.0418 AM
[ReportManager] Successfully created attachment [Screenshot - 1635246959247_waitForElementToBePresent_false_expectedToFail_WaitForElementToBePresent_failed] @26-10-2021 11:15:59.0419 A
[ReportManager] Browser Action [CloseCurrentWindow] successfully performed. @26-10-2021 11:15:59.0538 AM
[ReportManager] Successfully created attachment [Browser Action Test Data - CloseCurrentWindow - Actual Value] @26-10-2021 11:15:59.0539 A
[ReportManager] File Action [GetAbsolutePath] successfully performed. With the following test data [Relative Folder Path: "target/downloadedFiles/"]. @26-10-2021 11:15:59.0543 AM
[ReportManager] Attempting to run remotely on: [Linux-64], [GoogleChrome], [http://localhost:4444/wd/hub], Headless Execution. @26-10-2021 11:15:59.0543 AM
[ReportManager] Successfully Opened [GoogleChrome]. @26-10-2021 11:16:03.0281 A

################################################################################################################################################
Starting Execution:	[64 out of 146] test cases in the current suite
Test Method:		[unitTests.tests_element_elementActions.waitForElementToBePresent_false_expectedToPass]
################################################################################################################################################
[ReportManager] Target URL: [https://www.google.com/ncr], and after redirection: [www.google.com] @26-10-2021 11:16:03.0287 AM
[ReportManager] Initial URL: [data:,] @26-10-2021 11:16:03.0359 AM
[ReportManager] Browser Action [NavigateToURL] successfully performed. With the following test data [https://www.google.com/ncr]. @26-10-2021 11:16:04.0065 AM
[ReportManager] Waiting for element to be present; elementLocator [By.id: bla], numberOfTries[1], stateOfPresence[false]... @26-10-2021 11:16:04.0065 AM
[ReportManager] Element Action [WaitForElementToBePresent] successfully performed. With the following test data [waited for the element's state of presence to be (false). Element locator (By.id: bla)]. @26-10-2021 11:16:09.0224 A
[ReportManager] Browser Action [CloseCurrentWindow] successfully performed. @26-10-2021 11:16:09.0362 AM
[ReportManager] Successfully created attachment [Browser Action Test Data - CloseCurrentWindow - Actual Value] @26-10-2021 11:16:09.0365 A
[ReportManager] File Action [GetAbsolutePath] successfully performed. With the following test data [Relative Folder Path: "target/downloadedFiles/"]. @26-10-2021 11:16:09.0367 AM
[ReportManager] Attempting to run remotely on: [Linux-64], [GoogleChrome], [http://localhost:4444/wd/hub], Headless Execution. @26-10-2021 11:16:09.0367 AM
[ReportManager] Successfully Opened [GoogleChrome]. @26-10-2021 11:16:13.0285 A

################################################################################################################################################
Starting Execution:	[65 out of 146] test cases in the current suite
Test Method:		[unitTests.tests_element_elementActions.waitForElementToBePresent_moreThanOneElement_expectedToFail]
################################################################################################################################################
[ReportManager] Target URL: [https://www.google.com/ncr], and after redirection: [www.google.com] @26-10-2021 11:16:13.0287 AM
[ReportManager] Initial URL: [data:,] @26-10-2021 11:16:13.0339 AM
[ReportManager] Browser Action [NavigateToURL] successfully performed. With the following test data [https://www.google.com/ncr]. @26-10-2021 11:16:14.0049 AM
[ReportManager] Waiting for element to be present; elementLocator [By.xpath: //*], numberOfTries[1], stateOfPresence[false]... @26-10-2021 11:16:14.0049 AM
[ReportManager] Element Action [WaitForElementToBePresent] failed. With the following test data [waited for the element's state of presence to be (false). Element locator (By.xpath: //*)]. @26-10-2021 11:16:14.0414 AM
[ReportManager] Successfully created attachment [Screenshot - 1635246974262_waitForElementToBePresent_moreThanOneElement_expectedToFail_WaitForElementToBePresent_failed] @26-10-2021 11:16:14.0415 A
[ReportManager] Browser Action [CloseCurrentWindow] successfully performed. @26-10-2021 11:16:14.0535 AM
[ReportManager] Successfully created attachment [Browser Action Test Data - CloseCurrentWindow - Actual Value] @26-10-2021 11:16:14.0536 A
[ReportManager] File Action [GetAbsolutePath] successfully performed. With the following test data [Relative Folder Path: "target/downloadedFiles/"]. @26-10-2021 11:16:14.0538 AM
[ReportManager] Attempting to run remotely on: [Linux-64], [GoogleChrome], [http://localhost:4444/wd/hub], Headless Execution. @26-10-2021 11:16:14.0539 AM
[ReportManager] Successfully Opened [GoogleChrome]. @26-10-2021 11:16:18.0292 A

################################################################################################################################################
Starting Execution:	[66 out of 146] test cases in the current suite
Test Method:		[unitTests.tests_element_elementActions.waitForElementToBePresent_true_expectedToFail]
################################################################################################################################################
[ReportManager] Target URL: [https://www.google.com/ncr], and after redirection: [www.google.com] @26-10-2021 11:16:18.0301 AM
[ReportManager] Initial URL: [data:,] @26-10-2021 11:16:18.0367 AM
[ReportManager] Browser Action [NavigateToURL] successfully performed. With the following test data [https://www.google.com/ncr]. @26-10-2021 11:16:19.0105 AM
[ReportManager] Waiting for element to be present; elementLocator [By.id: bla], numberOfTries[1], stateOfPresence[true]... @26-10-2021 11:16:19.0106 AM
[ReportManager] Element Action [WaitForElementToBePresent] failed. With the following test data [waited for the element's state of presence to be (true). Element locator (By.id: bla)]. @26-10-2021 11:16:24.0518 AM
[ReportManager] Successfully created attachment [Screenshot - 1635246984366_waitForElementToBePresent_true_expectedToFail_WaitForElementToBePresent_failed] @26-10-2021 11:16:24.0519 A
[ReportManager] Browser Action [CloseCurrentWindow] successfully performed. @26-10-2021 11:16:24.0640 AM
[ReportManager] Successfully created attachment [Browser Action Test Data - CloseCurrentWindow - Actual Value] @26-10-2021 11:16:24.0641 A
[ReportManager] File Action [GetAbsolutePath] successfully performed. With the following test data [Relative Folder Path: "target/downloadedFiles/"]. @26-10-2021 11:16:24.0643 AM
[ReportManager] Attempting to run remotely on: [Linux-64], [GoogleChrome], [http://localhost:4444/wd/hub], Headless Execution. @26-10-2021 11:16:24.0644 AM
[ReportManager] Successfully Opened [GoogleChrome]. @26-10-2021 11:16:28.0280 A

################################################################################################################################################
Starting Execution:	[67 out of 146] test cases in the current suite
Test Method:		[unitTests.tests_element_elementActions.waitForElementToBePresent_true_expectedToPass]
################################################################################################################################################
[ReportManager] Target URL: [https://www.google.com/ncr], and after redirection: [www.google.com] @26-10-2021 11:16:28.0283 AM
[ReportManager] Initial URL: [data:,] @26-10-2021 11:16:28.0340 AM
[ReportManager] Browser Action [NavigateToURL] successfully performed. With the following test data [https://www.google.com/ncr]. @26-10-2021 11:16:29.0022 AM
[ReportManager] Waiting for element to be present; elementLocator [By.xpath: //*[@id='hplogo' or @alt='Google']], numberOfTries[1], stateOfPresence[true]... @26-10-2021 11:16:29.0023 AM
[ReportManager] Element Action [WaitForElementToBePresent] successfully performed. With the following test data [waited for the element's state of presence to be (true). Element locator (By.xpath: //*[@id='hplogo' or @alt='Google'])]. @26-10-2021 11:16:29.0079 AM
[ReportManager] File Action [DoesFileExist] successfully performed. With the following test data [File Path: "src/test/resources/DynamicObjectRepository/unitTests_tests_element_elementActions_waitForElementToBePresent_true_expectedToPass_By_xpath_id_hplogo_or_alt_Google.png"]. @26-10-2021 11:16:29.0083 AM
[ReportManager] File Action [DoesFileExist] successfully performed. With the following test data [File Path: "src/test/resources/DynamicObjectRepository/unitTests_tests_element_elementActions_waitForElementToBePresent_true_expectedToPass_By_xpath_id_hplogo_or_alt_Google.png"]. @26-10-2021 11:16:29.0224 AM
[ReportManager] Passing the test and saving a reference image @26-10-2021 11:16:29.0224 AM
[ReportManager] File Action [GetAbsolutePath] successfully performed. With the following test data [Relative File Path: "src/test/resources/DynamicObjectRepository/unitTests_tests_element_elementActions_waitForElementToBePresent_true_expectedToPass_By_xpath_id_hplogo_or_alt_Google.png"]. @26-10-2021 11:16:29.0224 AM
[ReportManager] File Action [WriteToFile] successfully performed. With the following test data [Target File Path: "/home/runner/work/SHAFT_ENGINE/SHAFT_ENGINE/src/test/resources/DynamicObjectRepository/unitTests_tests_element_elementActions_waitForElementToBePresent_true_expectedToPass_By_xpath_id_hplogo_or_alt_Google.png"]. @26-10-2021 11:16:29.0225 AM
[ReportManager] Assertion Passed: Using Visual AI; OpenCV @26-10-2021 11:16:29.0225 AM
[ReportManager] Successfully created attachment [Validation Test Data - Actual Screenshot] @26-10-2021 11:16:29.0226 AM
[ReportManager] Assertion [ValidateElementMatches] PASSED. Expected [Element should match the reference screenshot] and Actual [TRUE]. Comparison Type [EXACT_OPENCV]. Validation Type [POSITIVE]. @26-10-2021 11:16:29.0226 A
[ReportManager] Browser Action [CloseCurrentWindow] successfully performed. @26-10-2021 11:16:29.0431 AM
[ReportManager] Successfully created attachment [Browser Action Test Data - CloseCurrentWindow - Actual Value] @26-10-2021 11:16:29.0432 A
[ReportManager] Successfully loaded the following test data file [src/test/resources/TestDataFiles/testSuite01/TestData.xlsx]. @26-10-2021 11:16:30.0138 AM
[ReportManager] Successfully created attachment [Test Data - Excel] @26-10-2021 11:16:30.0138 A

################################################################################################################################################
Starting Execution:	[68 out of 146] test cases in the current suite
Test Method:		[unitTests.tests_io_excelFileManager.getCellData_rowName_expectedToPass]
################################################################################################################################################
[ReportManager] testRowData. @26-10-2021 11:16:30.0149 A

################################################################################################################################################
Starting Execution:	[69 out of 146] test cases in the current suite
Test Method:		[testPackage01.Test_testData.f]
################################################################################################################################################
[ReportManager] Successfully loaded the following test data file [src/test/resources/TestDataFiles/testSuite01/TestData.xlsx]. @26-10-2021 11:16:30.0178 AM
[ReportManager] Successfully created attachment [Test Data - Excel] @26-10-2021 11:16:30.0178 AM
[ReportManager] Last Column Number is: [3]. Zero-based. @26-10-2021 11:16:30.0178 A

################################################################################################################################################
Starting Execution:	[70 out of 146] test cases in the current suite
Test Method:		[testPackage01.Test_SkipDueToIssue.doNotSkip]
################################################################################################################################################
[ReportManager] This should not be skipped. @26-10-2021 11:16:30.0182 A

################################################################################################################################################
Starting Execution:	[71 out of 146] test cases in the current suite
Test Method:		[testPackage01.Test_SkipDueToIssue.skip]
################################################################################################################################################
[ReportManager] This should be skipped. @26-10-2021 11:16:30.0187 A

################################################################################################################################################
Starting Execution:	[72 out of 146] test cases in the current suite
Test Method:		[testPackage01.Test_SkipDueToIssue.skip2]
################################################################################################################################################
[ReportManager] This should be skipped. @26-10-2021 11:16:30.0191 A

################################################################################################################################################
Starting Execution:	[73 out of 146] test cases in the current suite
Test Method:		[testPackage01.Test_chainableElementActions.chainElementActions]
################################################################################################################################################
[ReportManager] File Action [GetAbsolutePath] successfully performed. With the following test data [Relative Folder Path: "target/downloadedFiles/"]. @26-10-2021 11:16:30.0194 AM
[ReportManager] Attempting to run remotely on: [Linux-64], [GoogleChrome], [http://localhost:4444/wd/hub], Headless Execution. @26-10-2021 11:16:30.0194 AM
[ReportManager] Successfully Opened [GoogleChrome]. @26-10-2021 11:16:33.0278 AM
[ReportManager] Target URL: [https://www.google.com/ncr], and after redirection: [https://www.google.com] @26-10-2021 11:16:33.0278 AM
[ReportManager] Initial URL: [data:,] @26-10-2021 11:16:33.0344 AM
[ReportManager] Browser Action [NavigateToURL] successfully performed. With the following test data [https://www.google.com/ncr]. @26-10-2021 11:16:34.0042 AM
[ReportManager] Element Action [Type] successfully performed. With the following test data [chained type 1]. @26-10-2021 11:16:34.0436 AM
[ReportManager] Element Action [Type] successfully performed. With the following test data [chained type 2]. @26-10-2021 11:16:34.0859 AM
[ReportManager] Element Action [TypeAppend] successfully performed. With the following test data [345]. @26-10-2021 11:16:34.0993 AM
[ReportManager] Element Action [GetText] successfully performed. With the following test data [chained type 2345]. @26-10-2021 11:16:35.0117 AM
[ReportManager] Loaded Shared OpenCV @26-10-2021 11:16:35.0353 AM
[ReportManager] Assertion [ValidateElementAttribute] PASSED. Expected [Value Should be 'chained type 2345' for the 'text' attribute, element locator 'By.name: q'] and Actual [chained type 2345]. Comparison Type [EQUALS]. Validation Type [POSITIVE]. @26-10-2021 11:16:35.0538 AM
[ReportManager] Successfully created attachment [Screenshot - 1635246995353_chainElementActions_ValidateElementAttribute_passed] @26-10-2021 11:16:35.0539 AM
[ReportManager] Browser Action [CloseCurrentWindow] successfully performed. @26-10-2021 11:16:35.0661 AM
[ReportManager] Successfully created attachment [Browser Action Test Data - CloseCurrentWindow - Actual Value] @26-10-2021 11:16:35.0662 A

################################################################################################################################################
Starting Execution:	[74 out of 146] test cases in the current suite
Test Method:		[testPackage01.Test_NewValidationHelper.f1]
################################################################################################################################################
[ReportManager] Assertion Passed: Checking valid user data @26-10-2021 11:16:35.0669 AM
[ReportManager] Successfully created attachment [Validation Test Data - Expected Value] @26-10-2021 11:16:35.0669 AM
[ReportManager] Successfully created attachment [Validation Test Data - Actual Value] @26-10-2021 11:16:35.0670 AM
[ReportManager] Assertion [ValidateEquals] PASSED. Expected and Actual values are attached. Comparison Type [EQUALS]. Validation Type [POSITIVE]. @26-10-2021 11:16:35.0670 A
[ReportManager] File Action [GetAbsolutePath] successfully performed. With the following test data [Relative Folder Path: "target/downloadedFiles/"]. @26-10-2021 11:16:35.0672 AM
[ReportManager] Attempting to run remotely on: [Linux-64], [GoogleChrome], [http://localhost:4444/wd/hub], Headless Execution. @26-10-2021 11:16:35.0672 AM
[ReportManager] Successfully Opened [GoogleChrome]. @26-10-2021 11:16:38.0291 AM
[ReportManager] Target URL: [https://the-internet.herokuapp.com/] @26-10-2021 11:16:38.0291 AM
[ReportManager] Initial URL: [data:,] @26-10-2021 11:16:38.0355 AM
[ReportManager] Browser Action [NavigateToURL] successfully performed. With the following test data [https://the-internet.herokuapp.com/]. @26-10-2021 11:16:39.0075 A

################################################################################################################################################
Starting Execution:	[75 out of 146] test cases in the current suite
Test Method:		[testPackage01.Test_NewValidationHelper.f10]
################################################################################################################################################
[ReportManager] Assertion [ValidateElementExists] FAILED. Expected [Element Should Exist, locator 'By.tagName: div'] and Actual [Element Exists but is not unique]. Comparison Type [EQUALS]. Validation Type [POSITIVE]. @26-10-2021 11:16:39.0526 AM
[ReportManager] Successfully created attachment [Screenshot - 1635246999355_f10_ValidateElementExists_failed] @26-10-2021 11:16:39.0527 A
[ReportManager] Successfully Closed All Drivers. @26-10-2021 11:16:39.0614 A
[ReportManager] File Action [GetAbsolutePath] successfully performed. With the following test data [Relative Folder Path: "target/downloadedFiles/"]. @26-10-2021 11:16:39.0616 AM
[ReportManager] Attempting to run remotely on: [Linux-64], [GoogleChrome], [http://localhost:4444/wd/hub], Headless Execution. @26-10-2021 11:16:39.0616 AM
[ReportManager] Successfully Opened [GoogleChrome]. @26-10-2021 11:16:43.0269 AM
[ReportManager] Target URL: [https://the-internet.herokuapp.com/] @26-10-2021 11:16:43.0269 AM
[ReportManager] Initial URL: [data:,] @26-10-2021 11:16:43.0337 AM
[ReportManager] Browser Action [NavigateToURL] successfully performed. With the following test data [https://the-internet.herokuapp.com/]. @26-10-2021 11:16:44.0086 A

################################################################################################################################################
Starting Execution:	[76 out of 146] test cases in the current suite
Test Method:		[testPackage01.Test_NewValidationHelper.f11]
################################################################################################################################################
[ReportManager] Assertion Passed: Checking that false tag doesn't exist @26-10-2021 11:16:54.0691 AM
[ReportManager] Successfully created attachment [Screenshot - 1635247014481_f11_ValidateElementExists_passed] @26-10-2021 11:16:54.0692 AM
[ReportManager] Assertion [ValidateElementExists] PASSED. Expected [Element Should not Exist, locator 'By.tagName: h3'] and Actual [Element Doesn't Exists]. Comparison Type [EQUALS]. Validation Type [NEGATIVE]. @26-10-2021 11:16:54.0692 A
[ReportManager] Successfully Closed All Drivers. @26-10-2021 11:16:54.0784 A
[ReportManager] File Action [GetAbsolutePath] successfully performed. With the following test data [Relative Folder Path: "target/downloadedFiles/"]. @26-10-2021 11:16:54.0786 AM
[ReportManager] Attempting to run remotely on: [Linux-64], [GoogleChrome], [http://localhost:4444/wd/hub], Headless Execution. @26-10-2021 11:16:54.0786 AM
[ReportManager] Successfully Opened [GoogleChrome]. @26-10-2021 11:16:58.0311 AM
[ReportManager] Target URL: [https://the-internet.herokuapp.com/] @26-10-2021 11:16:58.0311 AM
[ReportManager] Initial URL: [data:,] @26-10-2021 11:16:58.0353 AM
[ReportManager] Browser Action [NavigateToURL] successfully performed. With the following test data [https://the-internet.herokuapp.com/]. @26-10-2021 11:16:59.0205 A

################################################################################################################################################
Starting Execution:	[77 out of 146] test cases in the current suite
Test Method:		[testPackage01.Test_NewValidationHelper.f12]
################################################################################################################################################
[ReportManager] Loaded Shared OpenCV @26-10-2021 11:16:59.0555 AM
[ReportManager] Assertion [ValidateElementExists] FAILED. Expected [Element Should not Exist, locator 'By.tagName: h1'] and Actual [Element Exists]. Comparison Type [EQUALS]. Validation Type [NEGATIVE]. @26-10-2021 11:16:59.0757 AM
[ReportManager] Successfully created attachment [Screenshot - 1635247019555_f12_ValidateElementExists_failed] @26-10-2021 11:16:59.0758 A
[ReportManager] Successfully Closed All Drivers. @26-10-2021 11:16:59.0848 A
[ReportManager] File Action [GetAbsolutePath] successfully performed. With the following test data [Relative Folder Path: "target/downloadedFiles/"]. @26-10-2021 11:16:59.0852 AM
[ReportManager] Attempting to run remotely on: [Linux-64], [GoogleChrome], [http://localhost:4444/wd/hub], Headless Execution. @26-10-2021 11:16:59.0852 AM
[ReportManager] Successfully Opened [GoogleChrome]. @26-10-2021 11:17:03.0285 AM
[ReportManager] Target URL: [https://the-internet.herokuapp.com/] @26-10-2021 11:17:03.0285 AM
[ReportManager] Initial URL: [data:,] @26-10-2021 11:17:03.0329 AM
[ReportManager] Browser Action [NavigateToURL] successfully performed. With the following test data [https://the-internet.herokuapp.com/]. @26-10-2021 11:17:04.0175 A

################################################################################################################################################
Starting Execution:	[78 out of 146] test cases in the current suite
Test Method:		[testPackage01.Test_NewValidationHelper.f13]
################################################################################################################################################
[ReportManager] Assertion [ValidateElementExists] FAILED. Expected [Element Should not Exist, locator 'By.tagName: div'] and Actual [Element Exists but is not unique]. Comparison Type [EQUALS]. Validation Type [NEGATIVE]. @26-10-2021 11:17:04.0617 AM
[ReportManager] Successfully created attachment [Screenshot - 1635247024441_f13_ValidateElementExists_failed] @26-10-2021 11:17:04.0618 A
[ReportManager] Successfully Closed All Drivers. @26-10-2021 11:17:04.0706 A
[ReportManager] File Action [GetAbsolutePath] successfully performed. With the following test data [Relative Folder Path: "target/downloadedFiles/"]. @26-10-2021 11:17:04.0708 AM
[ReportManager] Attempting to run remotely on: [Linux-64], [GoogleChrome], [http://localhost:4444/wd/hub], Headless Execution. @26-10-2021 11:17:04.0709 AM
[ReportManager] Successfully Opened [GoogleChrome]. @26-10-2021 11:17:08.0292 AM
[ReportManager] Target URL: [https://the-internet.herokuapp.com/] @26-10-2021 11:17:08.0292 AM
[ReportManager] Initial URL: [data:,] @26-10-2021 11:17:08.0355 AM
[ReportManager] Browser Action [NavigateToURL] successfully performed. With the following test data [https://the-internet.herokuapp.com/]. @26-10-2021 11:17:09.0068 A

################################################################################################################################################
Starting Execution:	[79 out of 146] test cases in the current suite
Test Method:		[testPackage01.Test_NewValidationHelper.f14]
################################################################################################################################################
[ReportManager] Element Action [GetText] successfully performed. With the following test data [Welcome to the-internet]. @26-10-2021 11:17:09.0195 AM
[ReportManager] Loaded Shared OpenCV @26-10-2021 11:17:09.0428 AM
[ReportManager] Assertion Passed: Asserting that the header text is correct @26-10-2021 11:17:09.0632 AM
[ReportManager] Successfully created attachment [Screenshot - 1635247029428_f14_ValidateElementAttribute_passed] @26-10-2021 11:17:09.0633 AM
[ReportManager] Assertion [ValidateElementAttribute] PASSED. Expected [Value Should be 'Welcome to the-internet' for the 'text' attribute, element locator 'By.tagName: h1'] and Actual [Welcome to the-internet]. Comparison Type [EQUALS]. Validation Type [POSITIVE]. @26-10-2021 11:17:09.0633 A
[ReportManager] Successfully Closed All Drivers. @26-10-2021 11:17:09.0716 A
[ReportManager] File Action [GetAbsolutePath] successfully performed. With the following test data [Relative Folder Path: "target/downloadedFiles/"]. @26-10-2021 11:17:09.0718 AM
[ReportManager] Attempting to run remotely on: [Linux-64], [GoogleChrome], [http://localhost:4444/wd/hub], Headless Execution. @26-10-2021 11:17:09.0718 AM
[ReportManager] Successfully Opened [GoogleChrome]. @26-10-2021 11:17:13.0299 AM
[ReportManager] Target URL: [https://the-internet.herokuapp.com/] @26-10-2021 11:17:13.0299 AM
[ReportManager] Initial URL: [data:,] @26-10-2021 11:17:13.0365 AM
[ReportManager] Browser Action [NavigateToURL] successfully performed. With the following test data [https://the-internet.herokuapp.com/]. @26-10-2021 11:17:14.0146 A

################################################################################################################################################
Starting Execution:	[80 out of 146] test cases in the current suite
Test Method:		[testPackage01.Test_NewValidationHelper.f15]
################################################################################################################################################
[ReportManager] Element Action [GetText] successfully performed. With the following test data [Welcome to the-internet]. @26-10-2021 11:17:14.0253 AM
[ReportManager] Loaded Shared OpenCV @26-10-2021 11:17:14.0495 AM
[ReportManager] Assertion [ValidateElementAttribute] FAILED. Expected [Value Should not be 'Welcome' for the 'text' attribute, element locator 'By.tagName: h1'] and Actual [Welcome to the-internet]. Comparison Type [CONTAINS]. Validation Type [NEGATIVE]. @26-10-2021 11:17:14.0706 AM
[ReportManager] Successfully created attachment [Screenshot - 1635247034495_f15_ValidateElementAttribute_failed] @26-10-2021 11:17:14.0708 A
[ReportManager] Successfully Closed All Drivers. @26-10-2021 11:17:14.0804 A
[ReportManager] File Action [GetAbsolutePath] successfully performed. With the following test data [Relative Folder Path: "target/downloadedFiles/"]. @26-10-2021 11:17:14.0807 AM
[ReportManager] Attempting to run remotely on: [Linux-64], [GoogleChrome], [http://localhost:4444/wd/hub], Headless Execution. @26-10-2021 11:17:14.0808 AM
[ReportManager] Successfully Opened [GoogleChrome]. @26-10-2021 11:17:18.0279 AM
[ReportManager] Target URL: [https://the-internet.herokuapp.com/] @26-10-2021 11:17:18.0279 AM
[ReportManager] Initial URL: [data:,] @26-10-2021 11:17:18.0343 AM
[ReportManager] Browser Action [NavigateToURL] successfully performed. With the following test data [https://the-internet.herokuapp.com/]. @26-10-2021 11:17:19.0136 A

################################################################################################################################################
Starting Execution:	[81 out of 146] test cases in the current suite
Test Method:		[testPackage01.Test_NewValidationHelper.f16]
################################################################################################################################################
[ReportManager] Element Action [IdentifyUniqueElement] failed. With the following test data [zero elements found matching this locator "By.tagName: h3".]. @26-10-2021 11:17:44.0903 AM
[ReportManager] Successfully created attachment [Screenshot - 1635247064728_f16_IdentifyUniqueElement_failed] @26-10-2021 11:17:44.0904 AM
[ReportManager] Assertion [ValidateElementAttribute] FAILED. Expected [Value Should not be 'Welcome' for the 'text' attribute, element locator 'By.tagName: h3'] and Actual [Failed to read the desired element attribute]. Comparison Type [CONTAINS]. Validation Type [NEGATIVE]. @26-10-2021 11:17:44.0905 A
[ReportManager] Successfully Closed All Drivers. @26-10-2021 11:17:44.0999 A
[ReportManager] File Action [GetAbsolutePath] successfully performed. With the following test data [Relative Folder Path: "target/downloadedFiles/"]. @26-10-2021 11:17:45.0002 AM
[ReportManager] Attempting to run remotely on: [Linux-64], [GoogleChrome], [http://localhost:4444/wd/hub], Headless Execution. @26-10-2021 11:17:45.0002 AM
[ReportManager] Successfully Opened [GoogleChrome]. @26-10-2021 11:17:48.0281 AM
[ReportManager] Target URL: [https://the-internet.herokuapp.com/] @26-10-2021 11:17:48.0281 AM
[ReportManager] Initial URL: [data:,] @26-10-2021 11:17:48.0331 AM
[ReportManager] Browser Action [NavigateToURL] successfully performed. With the following test data [https://the-internet.herokuapp.com/]. @26-10-2021 11:17:49.0137 A

################################################################################################################################################
Starting Execution:	[82 out of 146] test cases in the current suite
Test Method:		[testPackage01.Test_NewValidationHelper.f17]
################################################################################################################################################
[ReportManager] Attempting to getAttribute [text2] from elementLocator [By.tagName: h1]. @26-10-2021 11:17:49.0154 AM
[ReportManager] Element Action [GetAttribute] successfully performed. @26-10-2021 11:17:49.0256 AM
[ReportManager] Loaded Shared OpenCV @26-10-2021 11:17:49.0510 AM
[ReportManager] Assertion [ValidateElementAttribute] PASSED. Expected [Value Should not be 'Welcome' for the 'text2' attribute, element locator 'By.tagName: h1'] and Actual [null]. Comparison Type [CONTAINS]. Validation Type [NEGATIVE]. @26-10-2021 11:17:49.0714 AM
[ReportManager] Successfully created attachment [Screenshot - 1635247069510_f17_ValidateElementAttribute_passed] @26-10-2021 11:17:49.0716 A
[ReportManager] Successfully Closed All Drivers. @26-10-2021 11:17:49.0799 A
[ReportManager] File Action [GetAbsolutePath] successfully performed. With the following test data [Relative Folder Path: "target/downloadedFiles/"]. @26-10-2021 11:17:49.0801 AM
[ReportManager] Attempting to run remotely on: [Linux-64], [GoogleChrome], [http://localhost:4444/wd/hub], Headless Execution. @26-10-2021 11:17:49.0801 AM
[ReportManager] Successfully Opened [GoogleChrome]. @26-10-2021 11:17:53.0281 AM
[ReportManager] Target URL: [https://the-internet.herokuapp.com/] @26-10-2021 11:17:53.0281 AM
[ReportManager] Initial URL: [data:,] @26-10-2021 11:17:53.0339 AM
[ReportManager] Browser Action [NavigateToURL] successfully performed. With the following test data [https://the-internet.herokuapp.com/]. @26-10-2021 11:17:54.0137 A

################################################################################################################################################
Starting Execution:	[83 out of 146] test cases in the current suite
Test Method:		[testPackage01.Test_NewValidationHelper.f18]
################################################################################################################################################
[ReportManager] Element Action [GetText] successfully performed. With the following test data [Welcome to the-internet]. @26-10-2021 11:17:54.0286 AM
[ReportManager] Loaded Shared OpenCV @26-10-2021 11:17:54.0559 AM
[ReportManager] Assertion [ValidateElementAttribute] PASSED. Expected [Value Should not be 'no' for the 'text' attribute, element locator 'By.tagName: h1'] and Actual [Welcome to the-internet]. Comparison Type [CONTAINS]. Validation Type [NEGATIVE]. @26-10-2021 11:17:54.0771 AM
[ReportManager] Successfully created attachment [Screenshot - 1635247074559_f18_ValidateElementAttribute_passed] @26-10-2021 11:17:54.0773 A
[ReportManager] Successfully Closed All Drivers. @26-10-2021 11:17:54.0863 A

################################################################################################################################################
Starting Execution:	[84 out of 146] test cases in the current suite
Test Method:		[testPackage01.Test_NewValidationHelper.f2]
################################################################################################################################################
[ReportManager] Assertion Failed: Checking valid user data @26-10-2021 11:17:54.0866 AM
[ReportManager] Assertion [ValidateEquals] FAILED. Expected [1] and Actual [2]. Comparison Type [EQUALS]. Validation Type [POSITIVE]. @26-10-2021 11:17:54.0866 A
[ReportManager] File Action [GetAbsolutePath] successfully performed. With the following test data [Relative Folder Path: "target/downloadedFiles/"]. @26-10-2021 11:17:54.0871 AM
[ReportManager] Attempting to run remotely on: [Linux-64], [GoogleChrome], [http://localhost:4444/wd/hub], Headless Execution. @26-10-2021 11:17:54.0871 AM
[ReportManager] Successfully Opened [GoogleChrome]. @26-10-2021 11:17:58.0299 AM
[ReportManager] Target URL: [https://the-internet.herokuapp.com/] @26-10-2021 11:17:58.0299 AM
[ReportManager] Initial URL: [data:,] @26-10-2021 11:17:58.0374 AM
[ReportManager] Browser Action [NavigateToURL] successfully performed. With the following test data [https://the-internet.herokuapp.com/]. @26-10-2021 11:17:59.0152 A

################################################################################################################################################
Starting Execution:	[85 out of 146] test cases in the current suite
Test Method:		[testPackage01.Test_NewValidationHelper.f20]
################################################################################################################################################
[ReportManager] Element Action [GetSize] successfully performed. With the following test data [(970, 61)]. @26-10-2021 11:17:59.0233 AM
[ReportManager] Loaded Shared OpenCV @26-10-2021 11:17:59.0472 AM
[ReportManager] Assertion [ValidateElementAttribute] PASSED. Expected [Value Should not be 'a' for the 'size' attribute, element locator 'By.tagName: h1'] and Actual [(970, 61)]. Comparison Type [CONTAINS]. Validation Type [NEGATIVE]. @26-10-2021 11:17:59.0680 AM
[ReportManager] Successfully created attachment [Screenshot - 1635247079472_f20_ValidateElementAttribute_passed] @26-10-2021 11:17:59.0682 A
[ReportManager] Successfully Closed All Drivers. @26-10-2021 11:17:59.0768 A
[ReportManager] File Action [GetAbsolutePath] successfully performed. With the following test data [Relative Folder Path: "target/downloadedFiles/"]. @26-10-2021 11:17:59.0771 AM
[ReportManager] Attempting to run remotely on: [Linux-64], [GoogleChrome], [http://localhost:4444/wd/hub], Headless Execution. @26-10-2021 11:17:59.0771 AM
[ReportManager] Successfully Opened [GoogleChrome]. @26-10-2021 11:18:03.0296 AM
[ReportManager] Target URL: [https://the-internet.herokuapp.com/] @26-10-2021 11:18:03.0296 AM
[ReportManager] Initial URL: [data:,] @26-10-2021 11:18:03.0375 AM
[ReportManager] Browser Action [NavigateToURL] successfully performed. With the following test data [https://the-internet.herokuapp.com/]. @26-10-2021 11:18:04.0118 A

################################################################################################################################################
Starting Execution:	[86 out of 146] test cases in the current suite
Test Method:		[testPackage01.Test_NewValidationHelper.f21]
################################################################################################################################################
[ReportManager] Element Action [IdentifyUniqueElement] failed. With the following test data [zero elements found matching this locator "By.tagName: h3".]. @26-10-2021 11:18:29.0865 AM
[ReportManager] Successfully created attachment [Screenshot - 1635247109687_f21_IdentifyUniqueElement_failed] @26-10-2021 11:18:29.0866 AM
[ReportManager] Assertion [ValidateElementAttribute] FAILED. Expected [Value Should be 'Welcome' for the 'text' attribute, element locator 'By.tagName: h3'] and Actual [Failed to read the desired element attribute]. Comparison Type [CONTAINS]. Validation Type [POSITIVE]. @26-10-2021 11:18:29.0867 A
[ReportManager] Successfully Closed All Drivers. @26-10-2021 11:18:29.0973 A
[ReportManager] File Action [GetAbsolutePath] successfully performed. With the following test data [Relative Folder Path: "target/downloadedFiles/"]. @26-10-2021 11:18:29.0978 AM
[ReportManager] Attempting to run remotely on: [Linux-64], [GoogleChrome], [http://localhost:4444/wd/hub], Headless Execution. @26-10-2021 11:18:29.0978 AM
[ReportManager] Successfully Opened [GoogleChrome]. @26-10-2021 11:18:33.0288 AM
[ReportManager] Target URL: [https://the-internet.herokuapp.com/] @26-10-2021 11:18:33.0288 AM
[ReportManager] Initial URL: [data:,] @26-10-2021 11:18:33.0379 AM
[ReportManager] Browser Action [NavigateToURL] successfully performed. With the following test data [https://the-internet.herokuapp.com/]. @26-10-2021 11:18:34.0172 A

################################################################################################################################################
Starting Execution:	[87 out of 146] test cases in the current suite
Test Method:		[testPackage01.Test_NewValidationHelper.f22]
################################################################################################################################################
[ReportManager] Element Action [GetText] successfully performed. With the following test data [Welcome to the-internet]. @26-10-2021 11:18:34.0272 AM
[ReportManager] Loaded Shared OpenCV @26-10-2021 11:18:34.0519 AM
[ReportManager] Assertion [ValidateElementAttribute] FAILED. Expected [Value Should be 'yyy' for the 'text' attribute, element locator 'By.tagName: h1'] and Actual [Welcome to the-internet]. Comparison Type [CONTAINS]. Validation Type [POSITIVE]. @26-10-2021 11:18:34.0738 AM
[ReportManager] Successfully created attachment [Screenshot - 1635247114519_f22_ValidateElementAttribute_failed] @26-10-2021 11:18:34.0740 A
[ReportManager] Successfully Closed All Drivers. @26-10-2021 11:18:34.0824 A

################################################################################################################################################
Starting Execution:	[88 out of 146] test cases in the current suite
Test Method:		[testPackage01.Test_NewValidationHelper.f23]
################################################################################################################################################
[ReportManager] Assertion Passed: confirming that the actual is greater than or equal to the expected @26-10-2021 11:18:34.0828 AM
[ReportManager] Assertion [ValidateComparativeRelation] PASSED. Expected [1] and Actual [1]. Comparison Type [GREATER_THAN_OR_EQUALS]. Validation Type [POSITIVE]. @26-10-2021 11:18:34.0828 A

################################################################################################################################################
Starting Execution:	[89 out of 146] test cases in the current suite
Test Method:		[testPackage01.Test_NewValidationHelper.f24]
################################################################################################################################################
[ReportManager] Assertion [ValidateComparativeRelation] PASSED. Expected [1] and Actual [10]. Comparison Type [GREATER_THAN_OR_EQUALS]. Validation Type [POSITIVE]. @26-10-2021 11:18:34.0832 A

################################################################################################################################################
Starting Execution:	[90 out of 146] test cases in the current suite
Test Method:		[testPackage01.Test_NewValidationHelper.f25]
################################################################################################################################################
[ReportManager] Assertion [ValidateComparativeRelation] PASSED. Expected [1] and Actual [1]. Comparison Type [EQUALS]. Validation Type [POSITIVE]. @26-10-2021 11:18:34.0834 A

################################################################################################################################################
Starting Execution:	[91 out of 146] test cases in the current suite
Test Method:		[testPackage01.Test_NewValidationHelper.f26]
################################################################################################################################################
[ReportManager] Assertion [ValidateComparativeRelation] PASSED. Expected [1] and Actual [5]. Comparison Type [GREATER_THAN]. Validation Type [POSITIVE]. @26-10-2021 11:18:34.0836 A

################################################################################################################################################
Starting Execution:	[92 out of 146] test cases in the current suite
Test Method:		[testPackage01.Test_NewValidationHelper.f27]
################################################################################################################################################
[ReportManager] Assertion [ValidateComparativeRelation] PASSED. Expected [11] and Actual [5]. Comparison Type [LESS_THAN]. Validation Type [POSITIVE]. @26-10-2021 11:18:34.0838 A

################################################################################################################################################
Starting Execution:	[93 out of 146] test cases in the current suite
Test Method:		[testPackage01.Test_NewValidationHelper.f28]
################################################################################################################################################
[ReportManager] Assertion [ValidateComparativeRelation] PASSED. Expected [11] and Actual [5]. Comparison Type [LESS_THAN_OR_EQUALS]. Validation Type [POSITIVE]. @26-10-2021 11:18:34.0840 A

################################################################################################################################################
Starting Execution:	[94 out of 146] test cases in the current suite
Test Method:		[testPackage01.Test_NewValidationHelper.f29]
################################################################################################################################################
[ReportManager] Assertion [ValidateComparativeRelation] PASSED. Expected [11] and Actual [11]. Comparison Type [LESS_THAN_OR_EQUALS]. Validation Type [POSITIVE]. @26-10-2021 11:18:34.0842 A

################################################################################################################################################
Starting Execution:	[95 out of 146] test cases in the current suite
Test Method:		[testPackage01.Test_NewValidationHelper.f3]
################################################################################################################################################
[ReportManager] Assertion [ValidateEquals] PASSED. Expected [1] and Actual [2]. Comparison Type [EQUALS]. Validation Type [NEGATIVE]. @26-10-2021 11:18:34.0843 A

################################################################################################################################################
Starting Execution:	[96 out of 146] test cases in the current suite
Test Method:		[testPackage01.Test_NewValidationHelper.f30]
################################################################################################################################################
[ReportManager] Assertion [ValidateComparativeRelation] FAILED. Expected [-9] and Actual [11]. Comparison Type [LESS_THAN_OR_EQUALS]. Validation Type [POSITIVE]. @26-10-2021 11:18:34.0845 A

################################################################################################################################################
Starting Execution:	[97 out of 146] test cases in the current suite
Test Method:		[testPackage01.Test_NewValidationHelper.f31]
################################################################################################################################################
[ReportManager] Assertion [ValidateTrue] PASSED. Expected [TRUE] and Actual [TRUE]. Validation Type [POSITIVE]. @26-10-2021 11:18:34.0847 A

################################################################################################################################################
Starting Execution:	[98 out of 146] test cases in the current suite
Test Method:		[testPackage01.Test_NewValidationHelper.f32]
################################################################################################################################################
[ReportManager] Assertion [ValidateTrue] PASSED. Expected [FALSE] and Actual [FALSE]. Validation Type [NEGATIVE]. @26-10-2021 11:18:34.0849 A

################################################################################################################################################
Starting Execution:	[99 out of 146] test cases in the current suite
Test Method:		[testPackage01.Test_NewValidationHelper.f33]
################################################################################################################################################
[ReportManager] Assertion [ValidateTrue] FAILED. Expected [FALSE] and Actual [TRUE]. Validation Type [NEGATIVE]. @26-10-2021 11:18:34.0850 A

################################################################################################################################################
Starting Execution:	[100 out of 146] test cases in the current suite
Test Method:		[testPackage01.Test_NewValidationHelper.f34]
################################################################################################################################################
[ReportManager] Assertion [ValidateTrue] FAILED. Expected [TRUE] and Actual [FALSE]. Validation Type [POSITIVE]. @26-10-2021 11:18:34.0852 A

################################################################################################################################################
Starting Execution:	[101 out of 146] test cases in the current suite
Test Method:		[testPackage01.Test_NewValidationHelper.f35]
################################################################################################################################################
[ReportManager] File Action [DoesFileExist] successfully performed. With the following test data [File Path: "pom.xml"]. @26-10-2021 11:18:34.0854 AM
[ReportManager] Assertion [ValidateFileExists] PASSED. Expected [File 'pom.xml' should exist, after up to '1' retries] and Actual [File exists]. Validation Type [POSITIVE]. @26-10-2021 11:18:34.0854 A

################################################################################################################################################
Starting Execution:	[102 out of 146] test cases in the current suite
Test Method:		[testPackage01.Test_NewValidationHelper.f36]
################################################################################################################################################
[ReportManager] File Action [DoesFileExist] successfully performed. With the following test data [File Path: "src/test/java/testPackage01/Test_NewValidationHelper.java"]. @26-10-2021 11:18:34.0856 AM
[ReportManager] Assertion [ValidateFileExists] PASSED. Expected [File 'src/test/java/testPackage01/Test_NewValidationHelper.java' should exist, after up to '1' retries] and Actual [File exists]. Validation Type [POSITIVE]. @26-10-2021 11:18:34.0856 A

################################################################################################################################################
Starting Execution:	[103 out of 146] test cases in the current suite
Test Method:		[testPackage01.Test_NewValidationHelper.f37]
################################################################################################################################################
[ReportManager] File Action [DoesFileExist] successfully performed. With the following test data [File Path: "pom.xml"]. @26-10-2021 11:18:34.0858 AM
[ReportManager] Assertion Failed: confirming that the file does't exist after 5 retries @26-10-2021 11:18:34.0858 AM
[ReportManager] Assertion [ValidateFileExists] FAILED. Expected [File 'pom.xml' should not exist, after up to '5' retries] and Actual [File exists]. Validation Type [NEGATIVE]. @26-10-2021 11:18:34.0858 A

################################################################################################################################################
Starting Execution:	[104 out of 146] test cases in the current suite
Test Method:		[testPackage01.Test_NewValidationHelper.f3_1]
################################################################################################################################################
[ReportManager] Assertion Passed: Checking valid user data @26-10-2021 11:18:34.0860 AM
[ReportManager] Assertion [ValidateEquals] PASSED. Expected [null] and Actual [null]. Comparison Type [EQUALS]. Validation Type [POSITIVE]. @26-10-2021 11:18:34.0860 A

################################################################################################################################################
Starting Execution:	[105 out of 146] test cases in the current suite
Test Method:		[testPackage01.Test_NewValidationHelper.f4]
################################################################################################################################################
[ReportManager] Assertion [ValidateEquals] PASSED. Expected [1] and Actual [123]. Comparison Type [CONTAINS]. Validation Type [POSITIVE]. @26-10-2021 11:18:34.0862 A

################################################################################################################################################
Starting Execution:	[106 out of 146] test cases in the current suite
Test Method:		[testPackage01.Test_NewValidationHelper.f5]
################################################################################################################################################
[ReportManager] Assertion [ValidateNull] PASSED. Expected [NULL] and Actual [1]. Comparison Type [EQUALS]. Validation Type [NEGATIVE]. @26-10-2021 11:18:34.0864 A

################################################################################################################################################
Starting Execution:	[107 out of 146] test cases in the current suite
Test Method:		[testPackage01.Test_NewValidationHelper.f6]
################################################################################################################################################
[ReportManager] Assertion Failed: Making sure that null string is not equal to null object @26-10-2021 11:18:34.0865 AM
[ReportManager] Assertion [ValidateNull] FAILED. Expected [NULL] and Actual [NULL]. Comparison Type [EQUALS]. Validation Type [POSITIVE]. @26-10-2021 11:18:34.0866 A

################################################################################################################################################
Starting Execution:	[108 out of 146] test cases in the current suite
Test Method:		[testPackage01.Test_NewValidationHelper.f6_1]
################################################################################################################################################
[ReportManager] Assertion [ValidateNull] FAILED. Expected [NULL] and Actual [NULL]. Comparison Type [EQUALS]. Validation Type [NEGATIVE]. @26-10-2021 11:18:34.0867 A

################################################################################################################################################
Starting Execution:	[109 out of 146] test cases in the current suite
Test Method:		[testPackage01.Test_NewValidationHelper.f6_2]
################################################################################################################################################
[ReportManager] Assertion Failed: Making sure that null string is not equal to null object @26-10-2021 11:18:34.0869 AM
[ReportManager] Assertion [ValidateNull] FAILED. Expected [NULL] and Actual [not null]. Comparison Type [EQUALS]. Validation Type [POSITIVE]. @26-10-2021 11:18:34.0869 A

################################################################################################################################################
Starting Execution:	[110 out of 146] test cases in the current suite
Test Method:		[testPackage01.Test_NewValidationHelper.f7]
################################################################################################################################################
[ReportManager] Assertion [ValidateNull] PASSED. Expected [NULL] and Actual [NULL]. Comparison Type [EQUALS]. Validation Type [POSITIVE]. @26-10-2021 11:18:34.0871 A
[ReportManager] File Action [GetAbsolutePath] successfully performed. With the following test data [Relative Folder Path: "target/downloadedFiles/"]. @26-10-2021 11:18:34.0872 AM
[ReportManager] Attempting to run remotely on: [Linux-64], [GoogleChrome], [http://localhost:4444/wd/hub], Headless Execution. @26-10-2021 11:18:34.0872 AM
[ReportManager] Successfully Opened [GoogleChrome]. @26-10-2021 11:18:38.0313 AM
[ReportManager] Target URL: [https://the-internet.herokuapp.com/] @26-10-2021 11:18:38.0313 AM
[ReportManager] Initial URL: [data:,] @26-10-2021 11:18:38.0365 AM
[ReportManager] Browser Action [NavigateToURL] successfully performed. With the following test data [https://the-internet.herokuapp.com/]. @26-10-2021 11:18:39.0110 A

################################################################################################################################################
Starting Execution:	[111 out of 146] test cases in the current suite
Test Method:		[testPackage01.Test_NewValidationHelper.f8]
################################################################################################################################################
[ReportManager] Loaded Shared OpenCV @26-10-2021 11:18:39.0444 AM
[ReportManager] Assertion [ValidateElementExists] PASSED. Expected [Element Should Exist, locator 'By.tagName: h1'] and Actual [Element Exists]. Comparison Type [EQUALS]. Validation Type [POSITIVE]. @26-10-2021 11:18:39.0652 AM
[ReportManager] Successfully created attachment [Screenshot - 1635247119443_f8_ValidateElementExists_passed] @26-10-2021 11:18:39.0654 A
[ReportManager] Successfully Closed All Drivers. @26-10-2021 11:18:39.0741 A
[ReportManager] File Action [GetAbsolutePath] successfully performed. With the following test data [Relative Folder Path: "target/downloadedFiles/"]. @26-10-2021 11:18:39.0743 AM
[ReportManager] Attempting to run remotely on: [Linux-64], [GoogleChrome], [http://localhost:4444/wd/hub], Headless Execution. @26-10-2021 11:18:39.0743 AM
[ReportManager] Successfully Opened [GoogleChrome]. @26-10-2021 11:18:43.0330 AM
[ReportManager] Target URL: [https://the-internet.herokuapp.com/] @26-10-2021 11:18:43.0331 AM
[ReportManager] Initial URL: [data:,] @26-10-2021 11:18:43.0397 AM
[ReportManager] Browser Action [NavigateToURL] successfully performed. With the following test data [https://the-internet.herokuapp.com/]. @26-10-2021 11:18:44.0172 A

################################################################################################################################################
Starting Execution:	[112 out of 146] test cases in the current suite
Test Method:		[testPackage01.Test_NewValidationHelper.f9]
################################################################################################################################################
[ReportManager] Assertion [ValidateElementExists] FAILED. Expected [Element Should Exist, locator 'By.tagName: h3'] and Actual [Element Doesn't Exists]. Comparison Type [EQUALS]. Validation Type [POSITIVE]. @26-10-2021 11:19:15.0047 AM
[ReportManager] Successfully created attachment [Screenshot - 1635247154871_f9_ValidateElementExists_failed] @26-10-2021 11:19:15.0048 A
[ReportManager] Successfully Closed All Drivers. @26-10-2021 11:19:15.0146 A

################################################################################################################################################
Starting Execution:	[113 out of 146] test cases in the current suite
Test Method:		[testPackage01.Test_NewValidationHelper.forceFail]
################################################################################################################################################
[ReportManager] Assertion [ValidateFail] FAILED. Successfully force failed the test. @26-10-2021 11:19:15.0150 A

################################################################################################################################################
Starting Execution:	[114 out of 146] test cases in the current suite
Test Method:		[testPackage01.Test_NewValidationHelper.forceFail2]
################################################################################################################################################
[ReportManager] Assertion Failed: Custom Message @26-10-2021 11:19:15.0153 AM
[ReportManager] Assertion [ValidateFail] FAILED. Successfully force failed the test. @26-10-2021 11:19:15.0153 A

################################################################################################################################################
Starting Execution:	[115 out of 146] test cases in the current suite
Test Method:		[testPackage01.Test_sendGraphqlRequest.sendGraphqlRequestUsingMutationAndVariables]
################################################################################################################################################
[ReportManager] GraphQl Request is being Performed with the Following Parameters [Service URL: https://api.spacex.land/graphql | Request Body: {"variables":"{\"name\": \"sherlock holmes\",\"rocket\": \"221B Baker Street\"}","query":"mutation ($name: String, $rocket: String) {\n  insert_users(objects: {name: $name, rocket: $rocket}) {\n    returning {\n      name\n      rocket\n    }\n  }\n}"}] @26-10-2021 11:19:15.0156 AM
[ReportManager] Response status code: [200], status line: [HTTP/1.1 200 OK] @26-10-2021 11:19:15.0838 AM
[ReportManager] Assertion Passed: Evaluating the actual response status code against the expected one... @26-10-2021 11:19:15.0838 AM
[ReportManager] Assertion [ValidateEquals] PASSED. Expected [200] and Actual [200]. Comparison Type [EQUALS]. Validation Type [POSITIVE]. @26-10-2021 11:19:15.0838 AM
[ReportManager] API Action [PerformRequest] successfully performed. With the following test data [Request Type: "POST" | Target Status Code: "200" | Service URL: "https://api.spacex.land/graphql" | Content Type: "application/json" | Response Time: "596ms"]. @26-10-2021 11:19:15.0851 AM
[ReportManager] Successfully created attachment [API Request - Specifications] @26-10-2021 11:19:15.0851 AM
[ReportManager] Successfully created attachment [API Request - JSON Body] @26-10-2021 11:19:15.0852 AM
[ReportManager] Successfully created attachment [API Response - JSON Body] @26-10-2021 11:19:15.0852 AM
[ReportManager] API Action [GetResponseJSONValue] successfully performed. With the following test data [data.insert_users.returning[0].name]. @26-10-2021 11:19:15.0896 AM
[ReportManager] Assertion [ValidateEquals] PASSED. Expected [sherlock holmes] and Actual [sherlock holmes]. Comparison Type [EQUALS]. Validation Type [POSITIVE]. @26-10-2021 11:19:15.0897 A

################################################################################################################################################
Starting Execution:	[116 out of 146] test cases in the current suite
Test Method:		[testPackage01.Test_sendGraphqlRequest.sendGraphqlRequestUsingQuery]
################################################################################################################################################
[ReportManager] GraphQl Request is being Performed with the Following Parameters [Service URL: https://api.spacex.land/graphql | Request Body: {"query":"{company {ceo}}"}] @26-10-2021 11:19:15.0900 AM
[ReportManager] Response status code: [200], status line: [HTTP/1.1 200 OK] @26-10-2021 11:19:16.0066 AM
[ReportManager] Assertion Passed: Evaluating the actual response status code against the expected one... @26-10-2021 11:19:16.0067 AM
[ReportManager] Assertion [ValidateEquals] PASSED. Expected [200] and Actual [200]. Comparison Type [EQUALS]. Validation Type [POSITIVE]. @26-10-2021 11:19:16.0067 AM
[ReportManager] API Action [PerformRequest] successfully performed. With the following test data [Request Type: "POST" | Target Status Code: "200" | Service URL: "https://api.spacex.land/graphql" | Content Type: "application/json" | Response Time: "162ms"]. @26-10-2021 11:19:16.0078 AM
[ReportManager] Successfully created attachment [API Request - Specifications] @26-10-2021 11:19:16.0079 AM
[ReportManager] Successfully created attachment [API Request - JSON Body] @26-10-2021 11:19:16.0079 AM
[ReportManager] Successfully created attachment [API Response - JSON Body] @26-10-2021 11:19:16.0079 AM
[ReportManager] API Action [GetResponseJSONValue] successfully performed. With the following test data [data.company.ceo]. @26-10-2021 11:19:16.0088 AM
[ReportManager] Assertion [ValidateEquals] PASSED. Expected [Elon Musk] and Actual [Elon Musk]. Comparison Type [EQUALS]. Validation Type [POSITIVE]. @26-10-2021 11:19:16.0088 A
[ReportManager] Successfully loaded the following test data file [src/test/resources/TestDataFiles/testSuite01/TestData.xlsx]. @26-10-2021 11:19:16.0117 AM
[ReportManager] Successfully created attachment [Test Data - Excel] @26-10-2021 11:19:16.0117 AM
[ReportManager] File Action [GetAbsolutePath] successfully performed. With the following test data [Relative Folder Path: "target/downloadedFiles/"]. @26-10-2021 11:19:16.0118 AM
[ReportManager] Attempting to run remotely on: [Linux-64], [GoogleChrome], [http://localhost:4444/wd/hub], Headless Execution. @26-10-2021 11:19:16.0118 AM
[ReportManager] Successfully Opened [GoogleChrome]. @26-10-2021 11:19:18.0279 A

################################################################################################################################################
Starting Execution:	[117 out of 146] test cases in the current suite
Test Method:		[testPackage01.Test_google.navigateToURLandVerifyGoogleLogoIsDisplayed]
Test Description:	[TC001 - Navigate to URL and Verify Google Logo is Displayed]
################################################################################################################################################
[ReportManager] Target URL: [https://www.google.com/ncr], and after redirection: [https://www.google.com] @26-10-2021 11:19:18.0290 AM
[ReportManager] Initial URL: [data:,] @26-10-2021 11:19:18.0364 AM
[ReportManager] Browser Action [NavigateToURL] successfully performed. With the following test data [https://www.google.com/ncr]. @26-10-2021 11:19:19.0045 AM
[ReportManager] Loaded Shared OpenCV @26-10-2021 11:19:19.0325 AM
[ReportManager] Assertion [ValidateElementExists] PASSED. Expected [Element Should Exist, locator 'By.xpath: //*[@id='hplogo' or @alt='Google']'] and Actual [Element Exists]. Comparison Type [EQUALS]. Validation Type [POSITIVE]. @26-10-2021 11:19:19.0520 AM
[ReportManager] Successfully created attachment [Screenshot - 1635247159325_navigateToURLandVerifyGoogleLogoIsDisplayed_ValidateElementExists_passed] @26-10-2021 11:19:19.0521 A

################################################################################################################################################
Starting Execution:	[118 out of 146] test cases in the current suite
Test Method:		[testPackage01.Test_google.searchForQueryandAssertResultsNumDisplayed]
Test Description:	[TC002 - Search for Query and Assert that the number of results is displayed]
################################################################################################################################################
[ReportManager] Element Action [Type] successfully performed. With the following test data [SHAFT_Engine]. @26-10-2021 11:19:19.0954 AM
[ReportManager] Element Action [KeyPress] successfully performed. With the following test data [Enter]. @26-10-2021 11:19:21.0339 AM
[ReportManager] Element Action [GetText] successfully performed. With the following test data [About 1,070,000 results (0.62 seconds) ]. @26-10-2021 11:19:21.0434 AM
[ReportManager] Loaded Shared OpenCV @26-10-2021 11:19:21.0670 AM
[ReportManager] Assertion [ValidateElementAttribute] PASSED. Expected [Value Should not be '' for the 'Text' attribute, element locator 'By.id: appbar'] and Actual [About 1,070,000 results (0.62 seconds) ]. Comparison Type [EQUALS]. Validation Type [NEGATIVE]. @26-10-2021 11:19:21.0915 AM
[ReportManager] Successfully created attachment [Screenshot - 1635247161669_searchForQueryandAssertResultsNumDisplayed_ValidateElementAttribute_passed] @26-10-2021 11:19:21.0917 A

################################################################################################################################################
Starting Execution:	[119 out of 146] test cases in the current suite
Test Method:		[testPackage01.Test_google.clickNextThrice]
Test Description:	[TC003 - Clicks the next button to make sure that the framework can scroll element into view before clicking it]
################################################################################################################################################
[ReportManager] Element Action [Click] successfully performed. With the following test data [Next]. @26-10-2021 11:19:23.0390 A
[ReportManager] Browser Action [CloseCurrentWindow] successfully performed. @26-10-2021 11:19:23.0569 AM
[ReportManager] Successfully created attachment [Browser Action Test Data - CloseCurrentWindow - Actual Value] @26-10-2021 11:19:23.0571 A
[ReportManager] File Action [GetAbsolutePath] successfully performed. With the following test data [Relative Folder Path: "target/downloadedFiles/"]. @26-10-2021 11:19:23.0573 AM
[ReportManager] Attempting to run remotely on: [Linux-64], [GoogleChrome], [http://localhost:4444/wd/hub], Headless Execution. @26-10-2021 11:19:23.0573 AM
[ReportManager] Successfully Opened [GoogleChrome]. @26-10-2021 11:19:28.0291 A

################################################################################################################################################
Starting Execution:	[120 out of 146] test cases in the current suite
Test Method:		[testPackage01.Test_ShadowDOM.shadowdom]
################################################################################################################################################
[ReportManager] Target URL: [https://mdn.github.io/web-components-examples/popup-info-box-web-component/] @26-10-2021 11:19:28.0293 AM
[ReportManager] Initial URL: [data:,] @26-10-2021 11:19:28.0344 AM
[ReportManager] Browser Action [NavigateToURL] successfully performed. With the following test data [https://mdn.github.io/web-components-examples/popup-info-box-web-component/]. @26-10-2021 11:19:28.0701 AM
[ReportManager] Element Action [Type] successfully performed. With the following test data [Typing into SHADOW DOM...]. @26-10-2021 11:19:29.0050 AM
[ReportManager] Element Action [GetText] successfully performed. With the following test data [Typing into SHADOW DOM...]. @26-10-2021 11:19:29.0191 AM
[ReportManager] Loaded Shared OpenCV @26-10-2021 11:19:29.0415 AM
[ReportManager] Assertion [ValidateElementAttribute] PASSED. Expected [Value Should be 'Typing into SHADOW DOM...' for the 'Text' attribute, element locator 'By.id: cvc'] and Actual [Typing into SHADOW DOM...]. Comparison Type [EQUALS]. Validation Type [POSITIVE]. @26-10-2021 11:19:29.0605 AM
[ReportManager] Successfully created attachment [Screenshot - 1635247169415_shadowdom_ValidateElementAttribute_passed] @26-10-2021 11:19:29.0606 A
[ReportManager] Browser Action [CloseCurrentWindow] successfully performed. @26-10-2021 11:19:29.0711 AM
[ReportManager] Successfully created attachment [Browser Action Test Data - CloseCurrentWindow - Actual Value] @26-10-2021 11:19:29.0712 A

################################################################################################################################################
Starting Execution:	[121 out of 146] test cases in the current suite
Test Method:		[testPackage01.Test_AssertApiResponseEquals.assertApiResponseEquals_expectedToPass]
################################################################################################################################################
[ReportManager] Response status code: [200], status line: [HTTP/1.1 200 OK] @26-10-2021 11:19:29.0785 AM
[ReportManager] Assertion Passed: Evaluating the actual response status code against the expected one... @26-10-2021 11:19:29.0785 AM
[ReportManager] Assertion [ValidateEquals] PASSED. Expected [200] and Actual [200]. Comparison Type [EQUALS]. Validation Type [POSITIVE]. @26-10-2021 11:19:29.0785 AM
[ReportManager] API Action [PerformRequest] successfully performed. With the following test data [Request Type: "GET" | Target Status Code: "200" | Service URL: "https://jsonplaceholder.typicode.com/users" | Content Type: "*/*" | Response Time: "66ms"]. @26-10-2021 11:19:29.0805 AM
[ReportManager] Successfully created attachment [API Request - Specifications] @26-10-2021 11:19:29.0806 AM
[ReportManager] Successfully created attachment [API Response - JSON Body] @26-10-2021 11:19:29.0806 AM
[ReportManager] API Action [GetResponseJSONValueAsList] successfully performed. With the following test data [$]. @26-10-2021 11:19:29.0809 AM
[ReportManager] API Action [GetResponseJSONValue] successfully performed. With the following test data [name]. @26-10-2021 11:19:29.0819 AM
[ReportManager] API Action [GetResponseJSONValue] successfully performed. With the following test data [email]. @26-10-2021 11:19:29.0827 AM
[ReportManager] Verification [ValidateEquals] PASSED. Expected [Sincere@april.biz] and Actual [Sincere@april.biz]. Comparison Type [EQUALS]. Validation Type [POSITIVE]. @26-10-2021 11:19:29.0827 AM
[ReportManager] API Action [GetResponseJSONValue] successfully performed. With the following test data [username]. @26-10-2021 11:19:29.0834 AM
[ReportManager] Assertion [ValidateEquals] PASSED. Expected [Bret] and Actual [Bret]. Comparison Type [EQUALS]. Validation Type [POSITIVE]. @26-10-2021 11:19:29.0835 AM
[ReportManager] API Action [GetResponseJSONValue] successfully performed. With the following test data [name]. @26-10-2021 11:19:29.0842 AM
[ReportManager] API Action [GetResponseJSONValue] successfully performed. With the following test data [name]. @26-10-2021 11:19:29.0849 AM
[ReportManager] API Action [GetResponseJSONValue] successfully performed. With the following test data [name]. @26-10-2021 11:19:29.0856 AM
[ReportManager] API Action [GetResponseJSONValue] successfully performed. With the following test data [name]. @26-10-2021 11:19:29.0863 AM
[ReportManager] API Action [GetResponseJSONValue] successfully performed. With the following test data [name]. @26-10-2021 11:19:29.0870 AM
[ReportManager] API Action [GetResponseJSONValue] successfully performed. With the following test data [name]. @26-10-2021 11:19:29.0889 AM
[ReportManager] API Action [GetResponseJSONValue] successfully performed. With the following test data [name]. @26-10-2021 11:19:29.0895 AM
[ReportManager] API Action [GetResponseJSONValue] successfully performed. With the following test data [name]. @26-10-2021 11:19:29.0902 AM
[ReportManager] API Action [GetResponseJSONValue] successfully performed. With the following test data [name]. @26-10-2021 11:19:29.0909 A
[ReportManager] File Action [GetAbsolutePath] successfully performed. With the following test data [Relative Folder Path: "target/downloadedFiles/"]. @26-10-2021 11:19:29.0918 AM
[ReportManager] Attempting to run remotely on: [Linux-64], [GoogleChrome], [http://localhost:4444/wd/hub], Headless Execution. @26-10-2021 11:19:29.0918 AM
[ReportManager] Successfully Opened [GoogleChrome]. @26-10-2021 11:19:33.0287 A

################################################################################################################################################
Starting Execution:	[122 out of 146] test cases in the current suite
Test Method:		[testPackage01.Test_IsElementClickable.testIsElementClickable]
################################################################################################################################################
[ReportManager] Target URL: [https://the-internet.herokuapp.com/] @26-10-2021 11:19:33.0291 AM
[ReportManager] Initial URL: [data:,] @26-10-2021 11:19:33.0341 AM
[ReportManager] Browser Action [NavigateToURL] successfully performed. With the following test data [https://the-internet.herokuapp.com/]. @26-10-2021 11:19:34.0152 AM
[ReportManager] Element Action [IsElementClickable] successfully performed. @26-10-2021 11:19:34.0318 AM
[ReportManager] Assertion [ValidateTrue] PASSED. Expected [TRUE] and Actual [TRUE]. Validation Type [POSITIVE]. @26-10-2021 11:19:34.0319 A
[ReportManager] Browser Action [CloseCurrentWindow] successfully performed. @26-10-2021 11:19:34.0440 AM
[ReportManager] Successfully created attachment [Browser Action Test Data - CloseCurrentWindow - Actual Value] @26-10-2021 11:19:34.0440 A

################################################################################################################################################
Starting Execution:	[123 out of 146] test cases in the current suite
Test Method:		[testPackage01.Test_JsonCompareWithSpecialCharacters.specialCharacters]
################################################################################################################################################
[ReportManager] File Action [GetAbsolutePath] successfully performed. With the following test data [Relative Folder Path: "src/test/resources/TestJsonFiles/specialCharacters.json"]. @26-10-2021 11:19:34.0447 AM
[ReportManager] File Action [ReadFromFile] successfully performed. With the following test data [File Path: "/home/runner/work/SHAFT_ENGINE/SHAFT_ENGINE/src/test/resources/TestJsonFiles/specialCharacters.json"]. @26-10-2021 11:19:34.0453 AM
[ReportManager] Successfully created attachment [File Action Actual Result - Command Log] @26-10-2021 11:19:34.0453 AM
[ReportManager] Comparing the provided API response with the file at this path "src/test/resources/TestJsonFiles/specialCharacters.json", comparison type "EQUALS" @26-10-2021 11:19:34.0454 AM
[ReportManager] API Action [CompareJSON] successfully performed. With the following test data [src/test/resources/TestJsonFiles/specialCharacters.json]. @26-10-2021 11:19:34.0464 AM
[ReportManager] File Action [GetAbsolutePath] successfully performed. With the following test data [Relative Folder Path: "src/test/resources/TestJsonFiles/specialCharacters.json"]. @26-10-2021 11:19:34.0465 AM
[ReportManager] File Action [ReadFromFile] successfully performed. With the following test data [File Path: "/home/runner/work/SHAFT_ENGINE/SHAFT_ENGINE/src/test/resources/TestJsonFiles/specialCharacters.json"]. @26-10-2021 11:19:34.0465 AM
[ReportManager] Verification [ValidateJSONFileContent] PASSED. Expected [Response data should match the JSON File in this path 'src/test/resources/TestJsonFiles/specialCharacters.json'] and Actual [TRUE]. Comparison Type [EQUALS]. Validation Type [POSITIVE]. @26-10-2021 11:19:34.0471 AM
[ReportManager] Successfully created attachment [Validation Test Data - Expected JSON Value] @26-10-2021 11:19:34.0472 AM
[ReportManager] Successfully created attachment [Validation Test Data - Actual JSON Value] @26-10-2021 11:19:34.0472 A

################################################################################################################################################
Starting Execution:	[124 out of 146] test cases in the current suite
Test Method:		[testPackage01.Test_JsonCompareWithSpecialCharacters.specialCharacters_assertion]
################################################################################################################################################
[ReportManager] File Action [GetAbsolutePath] successfully performed. With the following test data [Relative Folder Path: "src/test/resources/TestJsonFiles/specialCharacters.json"]. @26-10-2021 11:19:34.0483 AM
[ReportManager] File Action [ReadFromFile] successfully performed. With the following test data [File Path: "/home/runner/work/SHAFT_ENGINE/SHAFT_ENGINE/src/test/resources/TestJsonFiles/specialCharacters.json"]. @26-10-2021 11:19:34.0483 AM
[ReportManager] Successfully created attachment [File Action Actual Result - Command Log] @26-10-2021 11:19:34.0483 AM
[ReportManager] Comparing the provided API response with the file at this path "src/test/resources/TestJsonFiles/specialCharacters.json", comparison type "CONTAINS" @26-10-2021 11:19:34.0483 AM
[ReportManager] API Action [CompareJSON] successfully performed. With the following test data [src/test/resources/TestJsonFiles/specialCharacters.json]. @26-10-2021 11:19:34.0509 AM
[ReportManager] File Action [GetAbsolutePath] successfully performed. With the following test data [Relative Folder Path: "src/test/resources/TestJsonFiles/specialCharacters.json"]. @26-10-2021 11:19:34.0509 AM
[ReportManager] File Action [ReadFromFile] successfully performed. With the following test data [File Path: "/home/runner/work/SHAFT_ENGINE/SHAFT_ENGINE/src/test/resources/TestJsonFiles/specialCharacters.json"]. @26-10-2021 11:19:34.0510 AM
[ReportManager] Assertion Passed: trying out the log message @26-10-2021 11:19:34.0513 AM
[ReportManager] Successfully created attachment [Validation Test Data - Expected JSON Value] @26-10-2021 11:19:34.0514 AM
[ReportManager] Successfully created attachment [Validation Test Data - Actual JSON Value] @26-10-2021 11:19:34.0514 AM
[ReportManager] Assertion [ValidateJSONFileContent] PASSED. Expected [Response data should match the JSON File in this path 'src/test/resources/TestJsonFiles/specialCharacters.json'] and Actual [TRUE]. Comparison Type [CONTAINS]. Validation Type [POSITIVE]. @26-10-2021 11:19:34.0514 A
[ReportManager] File Action [GetAbsolutePath] successfully performed. With the following test data [Relative Folder Path: "target/downloadedFiles/"]. @26-10-2021 11:19:34.0516 AM
[ReportManager] Attempting to run remotely on: [Linux-64], [GoogleChrome], [http://localhost:4444/wd/hub], Headless Execution. @26-10-2021 11:19:34.0517 AM
[ReportManager] Successfully Opened [GoogleChrome]. @26-10-2021 11:19:38.0284 A

################################################################################################################################################
Starting Execution:	[125 out of 146] test cases in the current suite
Test Method:		[testPackage01.Test_assertEquals.test_assertElementAttribute]
################################################################################################################################################
[ReportManager] Target URL: [https://www.google.com/ncr], and after redirection: [https://www.google.com] @26-10-2021 11:19:38.0289 AM
[ReportManager] Initial URL: [data:,] @26-10-2021 11:19:38.0329 AM
[ReportManager] Browser Action [NavigateToURL] successfully performed. With the following test data [https://www.google.com/ncr]. @26-10-2021 11:19:39.0002 AM
[ReportManager] Element Action [Type] successfully performed. With the following test data [INC_004010050:Another SCHEDULER with the same name [Duplicate Job Name] already exists.]. @26-10-2021 11:19:39.0706 AM
[ReportManager] Element Action [GetText] successfully performed. With the following test data [INC_004010050:Another SCHEDULER with the same name [Duplicate Job Name] already exists.]. @26-10-2021 11:19:39.0832 AM
[ReportManager] Loaded Shared OpenCV @26-10-2021 11:19:40.0021 AM
[ReportManager] Assertion [ValidateElementAttribute] PASSED. Expected [Value Should be 'INC_004010050:Another SCHEDULER with the same name \[Duplicate Job Name\] already exists.' for the 'text' attribute, element locator 'By.name: q'] and Actual [INC_004010050:Another SCHEDULER with the same name [Duplicate Job Name] already exists.]. Comparison Type [MATCHES]. Validation Type [POSITIVE]. @26-10-2021 11:19:40.0237 AM
[ReportManager] Successfully created attachment [Screenshot - 1635247180021_test_assertElementAttribute_ValidateElementAttribute_passed] @26-10-2021 11:19:40.0238 A
[ReportManager] Browser Action [CloseCurrentWindow] successfully performed. @26-10-2021 11:19:40.0365 AM
[ReportManager] Successfully created attachment [Browser Action Test Data - CloseCurrentWindow - Actual Value] @26-10-2021 11:19:40.0366 A
[ReportManager] File Action [GetAbsolutePath] successfully performed. With the following test data [Relative Folder Path: "target/downloadedFiles/"]. @26-10-2021 11:19:40.0367 AM
[ReportManager] Attempting to run remotely on: [Linux-64], [GoogleChrome], [http://localhost:4444/wd/hub], Headless Execution. @26-10-2021 11:19:40.0368 AM
[ReportManager] Successfully Opened [GoogleChrome]. @26-10-2021 11:19:43.0289 A

################################################################################################################################################
Starting Execution:	[126 out of 146] test cases in the current suite
Test Method:		[testPackage01.Test_verifyEquals.test_assertElementAttribute]
################################################################################################################################################
[ReportManager] Target URL: [https://www.google.com/ncr], and after redirection: [https://www.google.com] @26-10-2021 11:19:43.0297 AM
[ReportManager] Initial URL: [data:,] @26-10-2021 11:19:43.0357 AM
[ReportManager] Browser Action [NavigateToURL] successfully performed. With the following test data [https://www.google.com/ncr]. @26-10-2021 11:19:44.0060 AM
[ReportManager] Element Action [Type] successfully performed. With the following test data [INC_004010050:Another SCHEDULER with the same name [Duplicate Job Name] already exists.]. @26-10-2021 11:19:44.0781 AM
[ReportManager] Element Action [GetText] successfully performed. With the following test data [INC_004010050:Another SCHEDULER with the same name [Duplicate Job Name] already exists.]. @26-10-2021 11:19:44.0900 AM
[ReportManager] Loaded Shared OpenCV @26-10-2021 11:19:45.0119 AM
[ReportManager] Verification [ValidateElementAttribute] PASSED. Expected [Value Should be 'INC_004010050:Another SCHEDULER with the same name \[Duplicate Job Name\] already exists.' for the 'text' attribute, element locator 'By.name: q'] and Actual [INC_004010050:Another SCHEDULER with the same name [Duplicate Job Name] already exists.]. Comparison Type [MATCHES]. Validation Type [POSITIVE]. @26-10-2021 11:19:45.0314 AM
[ReportManager] Successfully created attachment [Screenshot - 1635247185119_test_assertElementAttribute_ValidateElementAttribute_passed] @26-10-2021 11:19:45.0315 A
[ReportManager] Browser Action [CloseCurrentWindow] successfully performed. @26-10-2021 11:19:45.0451 AM
[ReportManager] Successfully created attachment [Browser Action Test Data - CloseCurrentWindow - Actual Value] @26-10-2021 11:19:45.0452 A

################################################################################################################################################
Starting Execution:	[127 out of 146] test cases in the current suite
Test Method:		[testPackage01.Test_JsonActions.f]
###############################################################################################################################################

################################################################################################################################################
Starting Execution:	[128 out of 146] test cases in the current suite
Test Method:		[testPackage01.Test_JsonActions.f2]
###############################################################################################################################################

################################################################################################################################################
Starting Execution:	[129 out of 146] test cases in the current suite
Test Method:		[testPackage01.Test_PDF.testPDF_Downloaded]
################################################################################################################################################
[ReportManager] File Action [DoesFileExist] successfully performed. With the following test data [File Path: "src/test/resources/TestDataFiles/sample.pdf"]. @26-10-2021 11:19:45.0471 AM
[ReportManager] File Action [GetAbsolutePath] successfully performed. With the following test data [Relative File Path: "src/test/resources/TestDataFiles/sample.pdf"]. @26-10-2021 11:19:45.0471 AM
[ReportManager] Assertion [ValidateTrue] PASSED. Expected [TRUE] and Actual [TRUE]. Validation Type [POSITIVE]. @26-10-2021 11:19:45.0924 A
[ReportManager] File Action [GetAbsolutePath] successfully performed. With the following test data [Relative Folder Path: "target/downloadedFiles/"]. @26-10-2021 11:19:45.0932 AM
[ReportManager] Attempting to run remotely on: [Linux-64], [GoogleChrome], [http://localhost:4444/wd/hub], Headless Execution. @26-10-2021 11:19:45.0932 AM
[ReportManager] Successfully Opened [GoogleChrome]. @26-10-2021 11:19:48.0302 A

################################################################################################################################################
Starting Execution:	[130 out of 146] test cases in the current suite
Test Method:		[testPackage01.Test_dragAndDrop.dragAndDropJquery]
################################################################################################################################################
[ReportManager] Target URL: [https://jqueryui.com/resources/demos/droppable/default.html] @26-10-2021 11:19:48.0307 AM
[ReportManager] Initial URL: [data:,] @26-10-2021 11:19:48.0367 AM
[ReportManager] Browser Action [NavigateToURL] successfully performed. With the following test data [https://jqueryui.com/resources/demos/droppable/default.html]. @26-10-2021 11:19:48.0831 AM
[ReportManager] Element Action [GetText] successfully performed. With the following test data [Drop here]. @26-10-2021 11:19:48.0933 AM
[ReportManager] Element Action [DragAndDrop] successfully performed. With the following test data [Start point: (8, 18), End point: (8, 18)]. @26-10-2021 11:19:50.0412 AM
[ReportManager] Element Action [GetText] successfully performed. With the following test data [Dropped!]. @26-10-2021 11:19:50.0495 AM
[ReportManager] Assertion Passed: Checking to see if the text has changed after performing drag and drop @26-10-2021 11:19:50.0495 AM
[ReportManager] Assertion [ValidateEquals] PASSED. Expected [Drop here] and Actual [Dropped!]. Comparison Type [EQUALS]. Validation Type [NEGATIVE]. @26-10-2021 11:19:50.0495 A
[ReportManager] Browser Action [CloseCurrentWindow] successfully performed. @26-10-2021 11:19:50.0668 AM
[ReportManager] Successfully created attachment [Browser Action Test Data - CloseCurrentWindow - Actual Value] @26-10-2021 11:19:50.0668 A
[ReportManager] File Action [GetAbsolutePath] successfully performed. With the following test data [Relative Folder Path: "target/downloadedFiles/"]. @26-10-2021 11:19:50.0670 AM
[ReportManager] Attempting to run remotely on: [Linux-64], [GoogleChrome], [http://localhost:4444/wd/hub], Headless Execution. @26-10-2021 11:19:50.0670 AM
[ReportManager] Successfully Opened [GoogleChrome]. @26-10-2021 11:19:53.0298 A

################################################################################################################################################
Starting Execution:	[131 out of 146] test cases in the current suite
Test Method:		[testPackage01.Test_dragAndDrop.dragAndDrop]
Test Description:	[TC001 - Test Drag and Drop function.]
################################################################################################################################################
[ReportManager] Target URL: [http://the-internet.herokuapp.com/drag_and_drop] @26-10-2021 11:19:53.0305 AM
[ReportManager] Initial URL: [data:,] @26-10-2021 11:19:53.0341 AM
[ReportManager] Browser Action [NavigateToURL] successfully performed. With the following test data [http://the-internet.herokuapp.com/drag_and_drop]. @26-10-2021 11:19:53.0997 AM
[ReportManager] Attempting Drag and Drop @26-10-2021 11:19:53.0997 AM
[ReportManager] Element Action [DragAndDrop] successfully performed. With the following test data [Start point: (492, 89), End point: (707, 89)]. @26-10-2021 11:19:55.0217 A
[ReportManager] Browser Action [CloseCurrentWindow] successfully performed. @26-10-2021 11:19:55.0335 AM
[ReportManager] Successfully created attachment [Browser Action Test Data - CloseCurrentWindow - Actual Value] @26-10-2021 11:19:55.0336 A
[ReportManager] File Action [GetAbsolutePath] successfully performed. With the following test data [Relative Folder Path: "target/downloadedFiles/"]. @26-10-2021 11:19:55.0338 AM
[ReportManager] Attempting to run remotely on: [Linux-64], [GoogleChrome], [http://localhost:4444/wd/hub], Headless Execution. @26-10-2021 11:19:55.0339 AM
[ReportManager] Successfully Opened [GoogleChrome]. @26-10-2021 11:19:58.0292 A

################################################################################################################################################
Starting Execution:	[132 out of 146] test cases in the current suite
Test Method:		[testPackage01.Test_dragAndDrop.dragAndDropByOffset]
Test Description:	[TC002 - Test Drag and Drop by offset function.]
################################################################################################################################################
[ReportManager] Target URL: [https://jqueryui.com/resources/demos/draggable/default.html] @26-10-2021 11:19:58.0298 AM
[ReportManager] Initial URL: [data:,] @26-10-2021 11:19:58.0360 AM
[ReportManager] Browser Action [NavigateToURL] successfully performed. With the following test data [https://jqueryui.com/resources/demos/draggable/default.html]. @26-10-2021 11:19:58.0785 AM
[ReportManager] Element Action [DragAndDropByOffset] successfully performed. With the following test data [Start point: (8, 8), End point: (108, 58)]. @26-10-2021 11:19:59.0280 A
[ReportManager] Browser Action [CloseCurrentWindow] successfully performed. @26-10-2021 11:19:59.0396 AM
[ReportManager] Successfully created attachment [Browser Action Test Data - CloseCurrentWindow - Actual Value] @26-10-2021 11:19:59.0396 A
[ReportManager] File Action [GetAbsolutePath] successfully performed. With the following test data [Relative Folder Path: "target/downloadedFiles/"]. @26-10-2021 11:19:59.0398 AM
[ReportManager] Attempting to run remotely on: [Linux-64], [GoogleChrome], [http://localhost:4444/wd/hub], Headless Execution. @26-10-2021 11:19:59.0398 AM
[ReportManager] Successfully Opened [GoogleChrome]. @26-10-2021 11:20:03.0287 A

################################################################################################################################################
Starting Execution:	[133 out of 146] test cases in the current suite
Test Method:		[testPackage01.Test_clipboardActions.typeTextAndCopyPaste]
################################################################################################################################################
[ReportManager] Target URL: [https://www.google.com/ncr], and after redirection: [https://www.google.com] @26-10-2021 11:20:03.0294 AM
[ReportManager] Initial URL: [data:,] @26-10-2021 11:20:03.0348 AM
[ReportManager] Browser Action [NavigateToURL] successfully performed. With the following test data [https://www.google.com/ncr]. @26-10-2021 11:20:04.0028 AM
[ReportManager] Element Action [Type] successfully performed. With the following test data [FIRST]. @26-10-2021 11:20:04.0427 AM
[ReportManager] Element Action [ClipboardActions] successfully performed. With the following test data [select all]. @26-10-2021 11:20:04.0519 AM
[ReportManager] Element Action [ClipboardActions] successfully performed. With the following test data [copy]. @26-10-2021 11:20:04.0627 AM
[ReportManager] Element Action [ClipboardActions] successfully performed. With the following test data [unselect]. @26-10-2021 11:20:04.0737 AM
[ReportManager] Element Action [ClipboardActions] successfully performed. With the following test data [paste]. @26-10-2021 11:20:04.0806 AM
[ReportManager] Element Action [ClipboardActions] successfully performed. With the following test data [select all]. @26-10-2021 11:20:04.0895 AM
[ReportManager] Element Action [Type] successfully performed. @26-10-2021 11:20:05.0235 AM
[ReportManager] Element Action [ClipboardActions] successfully performed. With the following test data [cut]. @26-10-2021 11:20:05.0235 AM
[ReportManager] Element Action [ClipboardActions] successfully performed. With the following test data [paste]. @26-10-2021 11:20:05.0291 AM
[ReportManager] Element Action [ClipboardActions] successfully performed. With the following test data [paste]. @26-10-2021 11:20:05.0348 A
[ReportManager] Browser Action [CloseCurrentWindow] successfully performed. @26-10-2021 11:20:05.0493 AM
[ReportManager] Successfully created attachment [Browser Action Test Data - CloseCurrentWindow - Actual Value] @26-10-2021 11:20:05.0494 A
[ReportManager] Setting up BrowserStack configuration for existing native app version... @26-10-2021 11:20:05.0496 AM
[ReportManager] BrowserStack API Action [SetupNativeAppExecution] successfully performed. With the following test data [Username: mohabmohie1, Password: 7E7PgzBtwk4sWLUcF8Y5, Device Name: iPhone 12 Pro Max, OS Version: 14, App URL: bs://e2c374a22cf954e582b5c02e9a9f7cfd650a8325]. @26-10-2021 11:20:05.0497 AM
[ReportManager] File Action [GetAbsolutePath] successfully performed. With the following test data [Relative Folder Path: "target/downloadedFiles/"]. @26-10-2021 11:20:05.0498 AM
[ReportManager] Attempting to run remotely on: [iOS], [http://mohabmohie1:7E7PgzBtwk4sWLUcF8Y5@hub-cloud.browserstack.com/wd/hub]. @26-10-2021 11:20:05.0499 AM
[ReportManager] Successfully Opened [NativeMobileApp]. @26-10-2021 11:20:46.0207 A

################################################################################################################################################
Starting Execution:	[134 out of 146] test cases in the current suite
Test Method:		[testPackage01.appium.IOSBasicInteractionsTest.test]
################################################################################################################################################
[ReportManager] Element Action [Tap] successfully performed. @26-10-2021 11:20:51.0038 AM
[ReportManager] Element Action [Type] successfully performed. With the following test data [hello@browserstack.com
]. @26-10-2021 11:20:54.0675 A
[ReportManager] Successfully Closed All Drivers. @26-10-2021 11:20:55.0961 A
[ReportManager] File Action [GetAbsolutePath] successfully performed. With the following test data [Relative Folder Path: "target/downloadedFiles/"]. @26-10-2021 11:20:55.0962 AM
[ReportManager] Attempting to run remotely on: [iOS], [http://mohabmohie1:7E7PgzBtwk4sWLUcF8Y5@hub-cloud.browserstack.com/wd/hub]. @26-10-2021 11:20:55.0962 AM
[ReportManager] Successfully Opened [NativeMobileApp]. @26-10-2021 11:21:19.0719 A

################################################################################################################################################
Starting Execution:	[135 out of 146] test cases in the current suite
Test Method:		[testPackage01.appium.AndroidBasicInteractionsTest.testOpensAlert]
###############################################################################################################################################

################################################################################################################################################
Starting Execution:	[136 out of 146] test cases in the current suite
Test Method:		[testPackage01.appium.AndroidBasicInteractionsTest.testSendKeys]
###############################################################################################################################################
[ReportManager] Successfully Closed All Drivers. @26-10-2021 11:21:20.0491 A
[ReportManager] File Action [GetAbsolutePath] successfully performed. With the following test data [Relative Folder Path: "target/downloadedFiles/"]. @26-10-2021 11:21:20.0493 AM
[ReportManager] Attempting to run remotely on: [iOS], [http://mohabmohie1:7E7PgzBtwk4sWLUcF8Y5@hub-cloud.browserstack.com/wd/hub]. @26-10-2021 11:21:20.0493 AM
[ReportManager] Successfully Opened [NativeMobileApp]. @26-10-2021 11:25:44.0178 A

################################################################################################################################################
Starting Execution:	[137 out of 146] test cases in the current suite
Test Method:		[testPackage01.Test_dynamicLoading.dynamicLoading_elementIsHidden]
################################################################################################################################################
[ReportManager] Target URL: [https://the-internet.herokuapp.com/dynamic_loading/1] @26-10-2021 11:25:44.0181 AM
[ReportManager] An Exception Occured with this Message: {"value":{"error":"unknown method","message":"Method is not implemented","stacktrace":"NotImplementedError: Method is not implemented\n    at XCUITestDriver.execute (/nix/store/fjjkigsx6fh18dhj8ns9nqfwwdqz9xwl-appium-1.21.0/node_modules/appium-xcuitest-driver/lib/commands/execute.js:37:11)\n    at commandExecutor (/nix/store/fjjkigsx6fh18dhj8ns9nqfwwdqz9xwl-appium-1.21.0/node_modules/appium-base-driver/lib/basedriver/driver.js:335:9)\n    at /nix/store/fjjkigsx6fh18dhj8ns9nqfwwdqz9xwl-appium-1.21.0/node_modules/async-lock/lib/index.js:146:12\n    at AsyncLock._promiseTry (/nix/store/fjjkigsx6fh18dhj8ns9nqfwwdqz9xwl-appium-1.21.0/node_modules/async-lock/lib/index.js:280:31)\n    at exec (/nix/store/fjjkigsx6fh18dhj8ns9nqfwwdqz9xwl-appium-1.21.0/node_modules/async-lock/lib/index.js:145:9)\n    at AsyncLock.acquire (/nix/store/fjjkigsx6fh18dhj8ns9nqfwwdqz9xwl-appium-1.21.0/node_modules/async-lock/lib/index.js:162:3)\n    at XCUITestDriver.executeCommand (/nix/store/fjjkigsx6fh18dhj8ns9nqfwwdqz9xwl-appium-1.21.0/node_modules/appium-base-driver/lib/basedriver/driver.js:348:39)\n    at XCUITestDriver.executeCommand (/nix/store/fjjkigsx6fh18dhj8ns9nqfwwdqz9xwl-appium-1.21.0/node_modules/appium-xcuitest-driver/lib/driver.js:754:24)\n    at AppiumDriver.executeCommand (/nix/store/fjjkigsx6fh18dhj8ns9nqfwwdqz9xwl-appium-1.21.0/lib/appium.js:563:36)\n    at runMicrotasks (<anonymous>)\n    at processTicksAndRejections (internal/process/task_queues.js:93:5)\n    at asyncHandler (/nix/store/fjjkigsx6fh18dhj8ns9nqfwwdqz9xwl-appium-1.21.0/node_modules/appium-base-driver/lib/protocol/protocol.js:297:21)"}}. @26-10-2021 11:25:44.0608 AM
[ReportManager] Successfully created attachment [Exception Stack Trace - org.openqa.selenium.UnsupportedCommandException] @26-10-2021 11:25:44.0608 AM
[ReportManager] Browser Action [NavigateToURL] failed. With the following test data [https://the-internet.herokuapp.com/dynamic_loading/1]. @26-10-2021 11:25:46.0059 A
[ReportManager] Browser Action [CloseCurrentWindow] successfully performed. @26-10-2021 11:25:47.0458 AM
[ReportManager] Successfully created attachment [Browser Action Test Data - CloseCurrentWindow - Actual Value] @26-10-2021 11:25:47.0458 A
[ReportManager] File Action [GetAbsolutePath] successfully performed. With the following test data [Relative Folder Path: "target/downloadedFiles/"]. @26-10-2021 11:25:47.0460 AM
[ReportManager] Attempting to run remotely on: [iOS], [http://mohabmohie1:7E7PgzBtwk4sWLUcF8Y5@hub-cloud.browserstack.com/wd/hub]. @26-10-2021 11:25:47.0460 AM
[ReportManager] Successfully Opened [NativeMobileApp]. @26-10-2021 11:26:22.0575 A

################################################################################################################################################
Starting Execution:	[138 out of 146] test cases in the current suite
Test Method:		[testPackage01.Test_dynamicLoading.dynamicLoading_elementIsRendered]
################################################################################################################################################
[ReportManager] Target URL: [https://the-internet.herokuapp.com/dynamic_loading/2] @26-10-2021 11:26:22.0578 AM
[ReportManager] An Exception Occured with this Message: {"value":{"error":"unknown method","message":"Method is not implemented","stacktrace":"NotImplementedError: Method is not implemented\n    at XCUITestDriver.execute (/nix/store/fjjkigsx6fh18dhj8ns9nqfwwdqz9xwl-appium-1.21.0/node_modules/appium-xcuitest-driver/lib/commands/execute.js:37:11)\n    at commandExecutor (/nix/store/fjjkigsx6fh18dhj8ns9nqfwwdqz9xwl-appium-1.21.0/node_modules/appium-base-driver/lib/basedriver/driver.js:335:9)\n    at /nix/store/fjjkigsx6fh18dhj8ns9nqfwwdqz9xwl-appium-1.21.0/node_modules/async-lock/lib/index.js:146:12\n    at AsyncLock._promiseTry (/nix/store/fjjkigsx6fh18dhj8ns9nqfwwdqz9xwl-appium-1.21.0/node_modules/async-lock/lib/index.js:280:31)\n    at exec (/nix/store/fjjkigsx6fh18dhj8ns9nqfwwdqz9xwl-appium-1.21.0/node_modules/async-lock/lib/index.js:145:9)\n    at AsyncLock.acquire (/nix/store/fjjkigsx6fh18dhj8ns9nqfwwdqz9xwl-appium-1.21.0/node_modules/async-lock/lib/index.js:162:3)\n    at XCUITestDriver.executeCommand (/nix/store/fjjkigsx6fh18dhj8ns9nqfwwdqz9xwl-appium-1.21.0/node_modules/appium-base-driver/lib/basedriver/driver.js:348:39)\n    at XCUITestDriver.executeCommand (/nix/store/fjjkigsx6fh18dhj8ns9nqfwwdqz9xwl-appium-1.21.0/node_modules/appium-xcuitest-driver/lib/driver.js:754:24)\n    at AppiumDriver.executeCommand (/nix/store/fjjkigsx6fh18dhj8ns9nqfwwdqz9xwl-appium-1.21.0/lib/appium.js:563:36)\n    at runMicrotasks (<anonymous>)\n    at processTicksAndRejections (internal/process/task_queues.js:93:5)\n    at asyncHandler (/nix/store/fjjkigsx6fh18dhj8ns9nqfwwdqz9xwl-appium-1.21.0/node_modules/appium-base-driver/lib/protocol/protocol.js:297:21)"}}. @26-10-2021 11:26:23.0089 AM
[ReportManager] Successfully created attachment [Exception Stack Trace - org.openqa.selenium.UnsupportedCommandException] @26-10-2021 11:26:23.0089 AM
[ReportManager] Browser Action [NavigateToURL] failed. With the following test data [https://the-internet.herokuapp.com/dynamic_loading/2]. @26-10-2021 11:26:24.0305 A
[ReportManager] Browser Action [CloseCurrentWindow] successfully performed. @26-10-2021 11:26:25.0865 AM
[ReportManager] Successfully created attachment [Browser Action Test Data - CloseCurrentWindow - Actual Value] @26-10-2021 11:26:25.0866 A
[ReportManager] File Action [GetAbsolutePath] successfully performed. With the following test data [Relative Folder Path: "target/downloadedFiles/"]. @26-10-2021 11:26:25.0868 AM
[ReportManager] Attempting to run remotely on: [iOS], [http://mohabmohie1:7E7PgzBtwk4sWLUcF8Y5@hub-cloud.browserstack.com/wd/hub]. @26-10-2021 11:26:25.0868 AM
[ReportManager] Successfully Opened [NativeMobileApp]. @26-10-2021 11:27:35.0244 A

################################################################################################################################################
Starting Execution:	[139 out of 146] test cases in the current suite
Test Method:		[testPackage01.Test_uploadFile.uploadFile_invisibleUploadInput]
################################################################################################################################################
[ReportManager] Target URL: [https://fineuploader.com/demos.html#gallery-view] @26-10-2021 11:27:35.0247 AM
[ReportManager] An Exception Occured with this Message: {"value":{"error":"unknown method","message":"Method is not implemented","stacktrace":"NotImplementedError: Method is not implemented\n    at XCUITestDriver.execute (/nix/store/fjjkigsx6fh18dhj8ns9nqfwwdqz9xwl-appium-1.21.0/node_modules/appium-xcuitest-driver/lib/commands/execute.js:37:11)\n    at commandExecutor (/nix/store/fjjkigsx6fh18dhj8ns9nqfwwdqz9xwl-appium-1.21.0/node_modules/appium-base-driver/lib/basedriver/driver.js:335:9)\n    at /nix/store/fjjkigsx6fh18dhj8ns9nqfwwdqz9xwl-appium-1.21.0/node_modules/async-lock/lib/index.js:146:12\n    at AsyncLock._promiseTry (/nix/store/fjjkigsx6fh18dhj8ns9nqfwwdqz9xwl-appium-1.21.0/node_modules/async-lock/lib/index.js:280:31)\n    at exec (/nix/store/fjjkigsx6fh18dhj8ns9nqfwwdqz9xwl-appium-1.21.0/node_modules/async-lock/lib/index.js:145:9)\n    at AsyncLock.acquire (/nix/store/fjjkigsx6fh18dhj8ns9nqfwwdqz9xwl-appium-1.21.0/node_modules/async-lock/lib/index.js:162:3)\n    at XCUITestDriver.executeCommand (/nix/store/fjjkigsx6fh18dhj8ns9nqfwwdqz9xwl-appium-1.21.0/node_modules/appium-base-driver/lib/basedriver/driver.js:348:39)\n    at XCUITestDriver.executeCommand (/nix/store/fjjkigsx6fh18dhj8ns9nqfwwdqz9xwl-appium-1.21.0/node_modules/appium-xcuitest-driver/lib/driver.js:754:24)\n    at AppiumDriver.executeCommand (/nix/store/fjjkigsx6fh18dhj8ns9nqfwwdqz9xwl-appium-1.21.0/lib/appium.js:563:36)\n    at runMicrotasks (<anonymous>)\n    at processTicksAndRejections (internal/process/task_queues.js:93:5)\n    at asyncHandler (/nix/store/fjjkigsx6fh18dhj8ns9nqfwwdqz9xwl-appium-1.21.0/node_modules/appium-base-driver/lib/protocol/protocol.js:297:21)"}}. @26-10-2021 11:27:35.0876 AM
[ReportManager] Successfully created attachment [Exception Stack Trace - org.openqa.selenium.UnsupportedCommandException] @26-10-2021 11:27:35.0876 AM
[ReportManager] Browser Action [NavigateToURL] failed. With the following test data [https://fineuploader.com/demos.html#gallery-view]. @26-10-2021 11:27:37.0355 A
[ReportManager] Browser Action [CloseCurrentWindow] successfully performed. @26-10-2021 11:27:39.0898 AM
[ReportManager] Successfully created attachment [Browser Action Test Data - CloseCurrentWindow - Actual Value] @26-10-2021 11:27:39.0898 A
[ReportManager] File Action [GetAbsolutePath] successfully performed. With the following test data [Relative Folder Path: "target/downloadedFiles/"]. @26-10-2021 11:27:39.0900 AM
[ReportManager] Attempting to run remotely on: [iOS], [http://mohabmohie1:7E7PgzBtwk4sWLUcF8Y5@hub-cloud.browserstack.com/wd/hub]. @26-10-2021 11:27:39.0900 AM
[ReportManager] Successfully Opened [NativeMobileApp]. @26-10-2021 11:30:16.0351 A

################################################################################################################################################
Starting Execution:	[140 out of 146] test cases in the current suite
Test Method:		[testPackage01.Test_uploadFile.uploadFile_visibleUploadInput]
################################################################################################################################################
[ReportManager] Target URL: [http://demo.guru99.com/test/upload/] @26-10-2021 11:30:16.0353 AM
[ReportManager] An Exception Occured with this Message: {"value":{"error":"unknown method","message":"Method is not implemented","stacktrace":"NotImplementedError: Method is not implemented\n    at XCUITestDriver.execute (/nix/store/fjjkigsx6fh18dhj8ns9nqfwwdqz9xwl-appium-1.21.0/node_modules/appium-xcuitest-driver/lib/commands/execute.js:37:11)\n    at commandExecutor (/nix/store/fjjkigsx6fh18dhj8ns9nqfwwdqz9xwl-appium-1.21.0/node_modules/appium-base-driver/lib/basedriver/driver.js:335:9)\n    at /nix/store/fjjkigsx6fh18dhj8ns9nqfwwdqz9xwl-appium-1.21.0/node_modules/async-lock/lib/index.js:146:12\n    at AsyncLock._promiseTry (/nix/store/fjjkigsx6fh18dhj8ns9nqfwwdqz9xwl-appium-1.21.0/node_modules/async-lock/lib/index.js:280:31)\n    at exec (/nix/store/fjjkigsx6fh18dhj8ns9nqfwwdqz9xwl-appium-1.21.0/node_modules/async-lock/lib/index.js:145:9)\n    at AsyncLock.acquire (/nix/store/fjjkigsx6fh18dhj8ns9nqfwwdqz9xwl-appium-1.21.0/node_modules/async-lock/lib/index.js:162:3)\n    at XCUITestDriver.executeCommand (/nix/store/fjjkigsx6fh18dhj8ns9nqfwwdqz9xwl-appium-1.21.0/node_modules/appium-base-driver/lib/basedriver/driver.js:348:39)\n    at XCUITestDriver.executeCommand (/nix/store/fjjkigsx6fh18dhj8ns9nqfwwdqz9xwl-appium-1.21.0/node_modules/appium-xcuitest-driver/lib/driver.js:754:24)\n    at AppiumDriver.executeCommand (/nix/store/fjjkigsx6fh18dhj8ns9nqfwwdqz9xwl-appium-1.21.0/lib/appium.js:563:36)\n    at runMicrotasks (<anonymous>)\n    at processTicksAndRejections (internal/process/task_queues.js:93:5)\n    at asyncHandler (/nix/store/fjjkigsx6fh18dhj8ns9nqfwwdqz9xwl-appium-1.21.0/node_modules/appium-base-driver/lib/protocol/protocol.js:297:21)"}}. @26-10-2021 11:30:16.0642 AM
[ReportManager] Successfully created attachment [Exception Stack Trace - org.openqa.selenium.UnsupportedCommandException] @26-10-2021 11:30:16.0642 AM
[ReportManager] Browser Action [NavigateToURL] failed. With the following test data [http://demo.guru99.com/test/upload/]. @26-10-2021 11:30:18.0272 A
[ReportManager] Browser Action [CloseCurrentWindow] successfully performed. @26-10-2021 11:30:19.0431 AM
[ReportManager] Successfully created attachment [Browser Action Test Data - CloseCurrentWindow - Actual Value] @26-10-2021 11:30:19.0432 A

################################################################################################################################################
Starting Execution:	[141 out of 146] test cases in the current suite
Test Method:		[testPackage01.Test_SelectedValue.multipleSelect]
################################################################################################################################################
[ReportManager] File Action [GetAbsolutePath] successfully performed. With the following test data [Relative Folder Path: "target/downloadedFiles/"]. @26-10-2021 11:30:19.0435 AM
[ReportManager] Attempting to run remotely on: [iOS], [http://mohabmohie1:7E7PgzBtwk4sWLUcF8Y5@hub-cloud.browserstack.com/wd/hub]. @26-10-2021 11:30:19.0435 AM
[ReportManager] Successfully Opened [NativeMobileApp]. @26-10-2021 11:30:54.0645 AM
[ReportManager] Target URL: [https://yari-demos.prod.mdn.mozit.cloud/en-US/docs/Web/HTML/Element/select/_sample_.Advanced_select_with_multiple_features.html] @26-10-2021 11:30:54.0646 AM
[ReportManager] An Exception Occured with this Message: {"value":{"error":"unknown method","message":"Method is not implemented","stacktrace":"NotImplementedError: Method is not implemented\n    at XCUITestDriver.execute (/nix/store/fjjkigsx6fh18dhj8ns9nqfwwdqz9xwl-appium-1.21.0/node_modules/appium-xcuitest-driver/lib/commands/execute.js:37:11)\n    at commandExecutor (/nix/store/fjjkigsx6fh18dhj8ns9nqfwwdqz9xwl-appium-1.21.0/node_modules/appium-base-driver/lib/basedriver/driver.js:335:9)\n    at /nix/store/fjjkigsx6fh18dhj8ns9nqfwwdqz9xwl-appium-1.21.0/node_modules/async-lock/lib/index.js:146:12\n    at AsyncLock._promiseTry (/nix/store/fjjkigsx6fh18dhj8ns9nqfwwdqz9xwl-appium-1.21.0/node_modules/async-lock/lib/index.js:280:31)\n    at exec (/nix/store/fjjkigsx6fh18dhj8ns9nqfwwdqz9xwl-appium-1.21.0/node_modules/async-lock/lib/index.js:145:9)\n    at AsyncLock.acquire (/nix/store/fjjkigsx6fh18dhj8ns9nqfwwdqz9xwl-appium-1.21.0/node_modules/async-lock/lib/index.js:162:3)\n    at XCUITestDriver.executeCommand (/nix/store/fjjkigsx6fh18dhj8ns9nqfwwdqz9xwl-appium-1.21.0/node_modules/appium-base-driver/lib/basedriver/driver.js:348:39)\n    at XCUITestDriver.executeCommand (/nix/store/fjjkigsx6fh18dhj8ns9nqfwwdqz9xwl-appium-1.21.0/node_modules/appium-xcuitest-driver/lib/driver.js:754:24)\n    at AppiumDriver.executeCommand (/nix/store/fjjkigsx6fh18dhj8ns9nqfwwdqz9xwl-appium-1.21.0/lib/appium.js:563:36)\n    at runMicrotasks (<anonymous>)\n    at processTicksAndRejections (internal/process/task_queues.js:93:5)\n    at asyncHandler (/nix/store/fjjkigsx6fh18dhj8ns9nqfwwdqz9xwl-appium-1.21.0/node_modules/appium-base-driver/lib/protocol/protocol.js:297:21)"}}. @26-10-2021 11:30:55.0284 AM
[ReportManager] Successfully created attachment [Exception Stack Trace - org.openqa.selenium.UnsupportedCommandException] @26-10-2021 11:30:55.0285 AM
[ReportManager] Browser Action [NavigateToURL] failed. With the following test data [https://yari-demos.prod.mdn.mozit.cloud/en-US/docs/Web/HTML/Element/select/_sample_.Advanced_select_with_multiple_features.html]. @26-10-2021 11:30:56.0169 A

################################################################################################################################################
Starting Execution:	[142 out of 146] test cases in the current suite
Test Method:		[testPackage01.Test_SelectedValue.simpleSelect]
################################################################################################################################################
[ReportManager] File Action [GetAbsolutePath] successfully performed. With the following test data [Relative Folder Path: "target/downloadedFiles/"]. @26-10-2021 11:30:56.0174 AM
[ReportManager] Attempting to run remotely on: [iOS], [http://mohabmohie1:7E7PgzBtwk4sWLUcF8Y5@hub-cloud.browserstack.com/wd/hub]. @26-10-2021 11:30:56.0174 AM
[ReportManager] Successfully Opened [NativeMobileApp]. @26-10-2021 11:31:37.0752 AM
[ReportManager] Target URL: [https://yari-demos.prod.mdn.mozit.cloud/en-US/docs/Web/HTML/Element/select/_sample_.Basic_select.html] @26-10-2021 11:31:37.0752 AM
[ReportManager] An Exception Occured with this Message: {"value":{"error":"unknown method","message":"Method is not implemented","stacktrace":"NotImplementedError: Method is not implemented\n    at XCUITestDriver.execute (/nix/store/fjjkigsx6fh18dhj8ns9nqfwwdqz9xwl-appium-1.21.0/node_modules/appium-xcuitest-driver/lib/commands/execute.js:37:11)\n    at commandExecutor (/nix/store/fjjkigsx6fh18dhj8ns9nqfwwdqz9xwl-appium-1.21.0/node_modules/appium-base-driver/lib/basedriver/driver.js:335:9)\n    at /nix/store/fjjkigsx6fh18dhj8ns9nqfwwdqz9xwl-appium-1.21.0/node_modules/async-lock/lib/index.js:146:12\n    at AsyncLock._promiseTry (/nix/store/fjjkigsx6fh18dhj8ns9nqfwwdqz9xwl-appium-1.21.0/node_modules/async-lock/lib/index.js:280:31)\n    at exec (/nix/store/fjjkigsx6fh18dhj8ns9nqfwwdqz9xwl-appium-1.21.0/node_modules/async-lock/lib/index.js:145:9)\n    at AsyncLock.acquire (/nix/store/fjjkigsx6fh18dhj8ns9nqfwwdqz9xwl-appium-1.21.0/node_modules/async-lock/lib/index.js:162:3)\n    at XCUITestDriver.executeCommand (/nix/store/fjjkigsx6fh18dhj8ns9nqfwwdqz9xwl-appium-1.21.0/node_modules/appium-base-driver/lib/basedriver/driver.js:348:39)\n    at XCUITestDriver.executeCommand (/nix/store/fjjkigsx6fh18dhj8ns9nqfwwdqz9xwl-appium-1.21.0/node_modules/appium-xcuitest-driver/lib/driver.js:754:24)\n    at AppiumDriver.executeCommand (/nix/store/fjjkigsx6fh18dhj8ns9nqfwwdqz9xwl-appium-1.21.0/lib/appium.js:563:36)\n    at runMicrotasks (<anonymous>)\n    at processTicksAndRejections (internal/process/task_queues.js:93:5)\n    at asyncHandler (/nix/store/fjjkigsx6fh18dhj8ns9nqfwwdqz9xwl-appium-1.21.0/node_modules/appium-base-driver/lib/protocol/protocol.js:297:21)"}}. @26-10-2021 11:31:38.0041 AM
[ReportManager] Successfully created attachment [Exception Stack Trace - org.openqa.selenium.UnsupportedCommandException] @26-10-2021 11:31:38.0042 AM
[ReportManager] Browser Action [NavigateToURL] failed. With the following test data [https://yari-demos.prod.mdn.mozit.cloud/en-US/docs/Web/HTML/Element/select/_sample_.Basic_select.html]. @26-10-2021 11:31:38.0628 A

################################################################################################################################################
Starting Execution:	[143 out of 146] test cases in the current suite
Test Method:		[testPackage01.Test_JSONFileManager.readStringFromJson]
################################################################################################################################################
[ReportManager] Successfully loaded the following test data file [src/test/resources/TestDataFiles/simpleJSON.json]. @26-10-2021 11:31:38.0635 AM
[ReportManager] Successfully created attachment [Test Data - JSON] @26-10-2021 11:31:38.0635 AM
[ReportManager] Assertion [ValidateEquals] PASSED. Expected [Mohab Mohie] and Actual [Mohab Mohie]. Comparison Type [EQUALS]. Validation Type [POSITIVE]. @26-10-2021 11:31:38.0647 A
[ReportManager] Successfully loaded the following test data file [src/test/resources/TestDataFiles/testSuite01/TestData.xlsx]. @26-10-2021 11:31:38.0681 AM
[ReportManager] Successfully created attachment [Test Data - Excel] @26-10-2021 11:31:38.0681 AM
[ReportManager] Attempting to run using Playwright locally on: [iOS], [GoogleChrome], Headless Execution. @26-10-2021 11:31:52.0681 AM
[ReportManager] File Action [GetAbsolutePath] successfully performed. With the following test data [Relative Folder Path: "target/downloadedFiles/"]. @26-10-2021 11:31:52.0682 AM
[ReportManager] Initial window size: (1280, 720) @26-10-2021 11:31:52.0986 AM
[ReportManager] Window size after Toolkit: com.microsoft.playwright.options.ViewportSize@ae03bca @26-10-2021 11:31:52.0994 AM
[ReportManager] Browser Action [MaximizeWindow] successfully performed. With the following test data [New screen size is now: (1920, 1080)]. @26-10-2021 11:31:52.0994 A

################################################################################################################################################
Starting Execution:	[144 out of 146] test cases in the current suite
Test Method:		[testPackage01.Test_google_playwright.navigateToURLandVerifyGoogleLogoIsDisplayed]
Test Description:	[TC001 - Navigate to URL and Verify Google Logo is Displayed]
################################################################################################################################################
[ReportManager] Target URL: [https://www.google.com/ncr], and after redirection: [https://www.google.com] @26-10-2021 11:31:53.0002 AM
[ReportManager] Initial URL: [about:blank] @26-10-2021 11:31:53.0476 AM
[ReportManager] Browser Action [NavigateToURL] successfully performed. With the following test data [https://www.google.com/ncr]. @26-10-2021 11:31:55.0708 AM
[ReportManager] Loaded Shared OpenCV @26-10-2021 11:31:55.0902 AM
[ReportManager] Assertion [ValidateElementExists] PASSED. Expected [Element Should Exist, locator 'xpath=//*[@id='hplogo' or @alt='Google']'] and Actual [Element Exists]. Comparison Type [EQUALS]. Validation Type [POSITIVE]. @26-10-2021 11:31:56.0185 AM
[ReportManager] Successfully created attachment [Screenshot - 1635247915895_navigateToURLandVerifyGoogleLogoIsDisplayed_ValidateElementExists_passed] @26-10-2021 11:31:56.0186 A

################################################################################################################################################
Starting Execution:	[145 out of 146] test cases in the current suite
Test Method:		[testPackage01.Test_google_playwright.searchForQueryandAssertResultsNumDisplayed]
Test Description:	[TC002 - Search for Query and Assert that the number of results is displayed]
################################################################################################################################################
[ReportManager] Element Action [Type] successfully performed. With the following test data [SHAFT_Engine]. @26-10-2021 11:31:56.0358 AM
[ReportManager] Element Action [KeyPress] successfully performed. With the following test data [Enter]. @26-10-2021 11:31:56.0481 AM
[ReportManager] Element Action [GetText] successfully performed. With the following test data [About 1,070,000 results (0.59 seconds)]. @26-10-2021 11:31:57.0272 AM
[ReportManager] Loaded Shared OpenCV @26-10-2021 11:31:59.0380 AM
[ReportManager] Assertion [ValidateElementAttribute] PASSED. Expected [Value Should not be '' for the 'text' attribute, element locator 'xpath=//div[@id='appbar']'] and Actual [About 1,070,000 results (0.59 seconds)]. Comparison Type [EQUALS]. Validation Type [NEGATIVE]. @26-10-2021 11:31:59.0600 AM
[ReportManager] Successfully created attachment [Screenshot - 1635247919378_searchForQueryandAssertResultsNumDisplayed_ValidateElementAttribute_passed] @26-10-2021 11:31:59.0603 A

################################################################################################################################################
Starting Execution:	[146 out of 146] test cases in the current suite
Test Method:		[testPackage01.Test_google_playwright.clickNextThrice]
Test Description:	[TC003 - Clicks the next button to make sure that the framework can scroll element into view before clicking it]
################################################################################################################################################
[ReportManager] Element Action [Click] successfully performed. With the following test data [Next]. @26-10-2021 11:31:59.0869 A
[ReportManager] Failed to find video recording. @26-10-2021 11:31:59.0871 AM
[ReportManager] Successfully Closed PlayWright Driver. @26-10-2021 11:31:59.0921 A

################################################################################################################################################
Test Closure Activities
################################################################################################################################################
[ReportManager] Successfully created attachment [SHAFT Engine Logs - Execution log] @26-10-2021 11:32:01.0551 AM

################################################################################################################################################
This test run was powered by SHAFT Engine Version: [SHAFT Engine v5.4.20211025-BETA]
SHAFT Engine is licensed under the MIT License: [https://github.com/MohabMohie/SHAFT_ENGINE/blob/master/LICENSE].
################################################################################################################################################