################################################################################################################################################
Detected SHAFT Engine Version: [SHAFT Engine v5.4.20211122-BETA]
################################################################################################################################################
[ReportManager] File Action [GetAbsolutePath] successfully performed. With the following test data [Relative Folder Path: "target/downloadedFiles/"]. @30-11-2021 01:42:39.0525 AM
[ReportManager] Attempting to run locally on: [Mac-64], [Safari], Headless Execution. @30-11-2021 01:42:39.0544 AM
[ReportManager] Successfully Opened Safari. @30-11-2021 01:42:45.0466 AM
[ReportManager] Initial window size: (800, 600) @30-11-2021 01:42:45.0493 AM
[ReportManager] Window size after SWD Maximize: (1176, 802) @30-11-2021 01:42:45.0545 AM
[ReportManager] Browser Action [MaximizeWindow] successfully performed. With the following test data [New screen size is now: (1176, 802)]. @30-11-2021 01:42:45.0562 A

################################################################################################################################################
Starting Execution:	[1 out of 146] test cases in the current suite
Test Method:		[unitTests.tests_element_elementActions.waitForElementToBePresent_false_expectedToFail]
################################################################################################################################################
[ReportManager] Target URL: [https://www.google.com/ncr], and after redirection: [www.google.com] @30-11-2021 01:42:45.0704 AM
[ReportManager] Initial URL: [] @30-11-2021 01:42:45.0765 AM
[ReportManager] Browser Action [NavigateToURL] successfully performed. With the following test data [https://www.google.com/ncr]. @30-11-2021 01:42:48.0187 AM
[ReportManager] Waiting for element to be present; elementLocator [By.xpath: //*[@id='hplogo' or @alt='Google']], numberOfTries[1], stateOfPresence[false]... @30-11-2021 01:42:48.0196 AM
[ReportManager] Element Action [WaitForElementToBePresent] failed. With the following test data [waited for the element's state of presence to be (false). Element locator (By.xpath: //*[@id='hplogo' or @alt='Google'])]. @30-11-2021 01:42:52.0034 AM
[ReportManager] Successfully created attachment [Screenshot - 1638236568282_waitForElementToBePresent_false_expectedToFail_WaitForElementToBePresent_failed] @30-11-2021 01:42:52.0049 A
[ReportManager] Browser Action [CloseCurrentWindow] successfully performed. @30-11-2021 01:42:52.0420 AM
[ReportManager] Successfully created attachment [Browser Action Test Data - CloseCurrentWindow - Actual Value] @30-11-2021 01:42:52.0421 A
[ReportManager] File Action [GetAbsolutePath] successfully performed. With the following test data [Relative Folder Path: "target/downloadedFiles/"]. @30-11-2021 01:42:52.0434 AM
[ReportManager] Attempting to run locally on: [Mac-64], [Safari], Headless Execution. @30-11-2021 01:42:52.0434 AM
[ReportManager] Successfully Opened Safari. @30-11-2021 01:42:53.0384 AM
[ReportManager] Initial window size: (800, 600) @30-11-2021 01:42:53.0398 AM
[ReportManager] Window size after SWD Maximize: (1176, 803) @30-11-2021 01:42:53.0463 AM
[ReportManager] Browser Action [MaximizeWindow] successfully performed. With the following test data [New screen size is now: (1176, 803)]. @30-11-2021 01:42:53.0463 A

################################################################################################################################################
Starting Execution:	[2 out of 146] test cases in the current suite
Test Method:		[unitTests.tests_element_elementActions.waitForElementToBePresent_false_expectedToPass]
################################################################################################################################################
[ReportManager] Target URL: [https://www.google.com/ncr], and after redirection: [www.google.com] @30-11-2021 01:42:53.0480 AM
[ReportManager] Initial URL: [] @30-11-2021 01:42:53.0582 AM
[ReportManager] Browser Action [NavigateToURL] successfully performed. With the following test data [https://www.google.com/ncr]. @30-11-2021 01:42:55.0471 AM
[ReportManager] Waiting for element to be present; elementLocator [By.id: bla], numberOfTries[1], stateOfPresence[false]... @30-11-2021 01:42:55.0472 AM
[ReportManager] org.openqa.selenium.TimeoutException:
Expected condition failed: waiting for com.shaft.gui.element.ElementActionsHelper$$Lambda$625/0x0000000801133498@48224381 (tried for 5 second(s) with 1000 milliseconds interval)
org.openqa.selenium.support.ui.FluentWait.timeoutException(FluentWait.java:263)
org.openqa.selenium.support.ui.FluentWait.until(FluentWait.java:231)
com.shaft.gui.element.ElementActionsHelper.waitForElementPresence(ElementActionsHelper.java:63)
com.shaft.gui.element.ElementActionsHelper.waitForElementPresence(ElementActionsHelper.java:37)
com.shaft.gui.element.WebDriverElementActions.getMatchingElementsCount(WebDriverElementActions.java:1468)
com.shaft.gui.element.WebDriverElementActions.waitForElementToBePresent(WebDriverElementActions.java:1293)
com.shaft.gui.element.ElementActions.waitForElementToBePresent(ElementActions.java:622)
unitTests.tests_element_elementActions.waitForElementToBePresent_false_expectedToPass(tests_element_elementActions.java:48)
java.base/jdk.internal.reflect.NativeMethodAccessorImpl.invoke0(Native Method)
java.base/jdk.internal.reflect.NativeMethodAccessorImpl.invoke(NativeMethodAccessorImpl.java:77)
java.base/jdk.internal.reflect.DelegatingMethodAccessorImpl.invoke(DelegatingMethodAccessorImpl.java:43)
java.base/java.lang.reflect.Method.invoke(Method.java:568)
org.testng.internal.MethodInvocationHelper.invokeMethod(MethodInvocationHelper.java:133)
org.testng.internal.TestInvoker.invokeMethod(TestInvoker.java:598)
org.testng.internal.TestInvoker.invokeTestMethod(TestInvoker.java:173)
org.testng.internal.MethodRunner.runInSequence(MethodRunner.java:46)
org.testng.internal.TestInvoker$MethodInvocationAgent.invoke(TestInvoker.java:824)
org.testng.internal.TestInvoker.invokeTestMethods(TestInvoker.java:146)
org.testng.internal.TestMethodWorker.invokeTestMethods(TestMethodWorker.java:146)
org.testng.internal.TestMethodWorker.run(TestMethodWorker.java:128)
java.base/java.util.ArrayList.forEach(ArrayList.java:1511)
org.testng.TestRunner.privateRun(TestRunner.java:794)
org.testng.TestRunner.run(TestRunner.java:596)
org.testng.SuiteRunner.runTest(SuiteRunner.java:377)
org.testng.SuiteRunner.runSequentially(SuiteRunner.java:371)
org.testng.SuiteRunner.privateRun(SuiteRunner.java:332)
org.testng.SuiteRunner.run(SuiteRunner.java:276)
org.testng.SuiteRunnerWorker.runSuite(SuiteRunnerWorker.java:53)
org.testng.SuiteRunnerWorker.run(SuiteRunnerWorker.java:96)
org.testng.TestNG.runSuitesSequentially(TestNG.java:1212)
org.testng.TestNG.runSuitesLocally(TestNG.java:1134)
org.testng.TestNG.runSuites(TestNG.java:1063)
org.testng.TestNG.run(TestNG.java:1031)
org.apache.maven.surefire.testng.TestNGExecutor.run(TestNGExecutor.java:136)
org.apache.maven.surefire.testng.TestNGDirectoryTestSuite.executeMulti(TestNGDirectoryTestSuite.java:193)
org.apache.maven.surefire.testng.TestNGDirectoryTestSuite.execute(TestNGDirectoryTestSuite.java:94)
org.apache.maven.surefire.testng.TestNGProvider.invoke(TestNGProvider.java:145)
org.apache.maven.surefire.booter.ForkedBooter.runSuitesInProcess(ForkedBooter.java:428)
org.apache.maven.surefire.booter.ForkedBooter.execute(ForkedBooter.java:162)
org.apache.maven.surefire.booter.ForkedBooter.run(ForkedBooter.java:562)
org.apache.maven.surefire.booter.ForkedBooter.main(ForkedBooter.java:548)

Caused by: org.openqa.selenium.NoSuchElementException:
For documentation on this error, please visit: https://selenium.dev/exceptions/#no_such_element
Build info: version: '4.1.0', revision: '87802e897b'
System info: host: 'Mac-1638236390997.local', ip: '10.212.6.188', os.name: 'Mac OS X', os.arch: 'x86_64', os.version: '11.5', java.version: '17.0.1'
Driver info: org.openqa.selenium.safari.SafariDriver
Command: [D28ADB5D-A0F0-43B0-B687-1C42CD6E0C13, findElement {using=id, value=bla}]
Capabilities {acceptInsecureCerts: false, browserName: Safari, browserVersion: 15.1, goog:loggingPrefs: {browser: ALL, client: ALL, driver: ALL, performance: ALL, profiler: ALL, server: ALL}, javascriptEnabled: true, pageLoadStrategy: normal, platform: MAC, platformName: MAC, safari:automaticInspection: false, safari:automaticProfiling: false, safari:diagnose: false, safari:platformBuildVersion: 20G224, safari:platformVersion: 11.6.1, safari:useSimulator: false, setWindowRect: true, strictFileInteractability: false, timeouts: {pageLoad: 30000, script: 30000}, webkit:WebRTC: {DisableICECandidateFiltering: false, DisableInsecureMediaCapture: false}}
Session ID: D28ADB5D-A0F0-43B0-B687-1C42CD6E0C13
java.base/jdk.internal.reflect.NativeConstructorAccessorImpl.newInstance0(Native Method)
java.base/jdk.internal.reflect.NativeConstructorAccessorImpl.newInstance(NativeConstructorAccessorImpl.java:77)
java.base/jdk.internal.reflect.DelegatingConstructorAccessorImpl.newInstance(DelegatingConstructorAccessorImpl.java:45)
java.base/java.lang.reflect.Constructor.newInstanceWithCaller(Constructor.java:499)
java.base/java.lang.reflect.Constructor.newInstance(Constructor.java:480)
org.openqa.selenium.remote.codec.w3c.W3CHttpResponseCodec.createException(W3CHttpResponseCodec.java:200)
org.openqa.selenium.remote.codec.w3c.W3CHttpResponseCodec.decode(W3CHttpResponseCodec.java:133)
org.openqa.selenium.remote.codec.w3c.W3CHttpResponseCodec.decode(W3CHttpResponseCodec.java:53)
org.openqa.selenium.remote.HttpCommandExecutor.execute(HttpCommandExecutor.java:184)
org.openqa.selenium.remote.service.DriverCommandExecutor.invokeExecute(DriverCommandExecutor.java:164)
org.openqa.selenium.remote.service.DriverCommandExecutor.execute(DriverCommandExecutor.java:139)
org.openqa.selenium.remote.RemoteWebDriver.execute(RemoteWebDriver.java:559)
org.openqa.selenium.remote.ElementLocation$ElementFinder$2.findElement(ElementLocation.java:162)
org.openqa.selenium.remote.ElementLocation.findElement(ElementLocation.java:60)
org.openqa.selenium.remote.RemoteWebDriver.findElement(RemoteWebDriver.java:383)
org.openqa.selenium.remote.RemoteWebDriver.findElement(RemoteWebDriver.java:375)
com.shaft.gui.element.ElementActionsHelper.lambda$waitForElementPresence$0(ElementActionsHelper.java:71)
org.openqa.selenium.support.ui.FluentWait.until(FluentWait.java:208)
com.shaft.gui.element.ElementActionsHelper.waitForElementPresence(ElementActionsHelper.java:63)
com.shaft.gui.element.ElementActionsHelper.waitForElementPresence(ElementActionsHelper.java:37)
com.shaft.gui.element.WebDriverElementActions.getMatchingElementsCount(WebDriverElementActions.java:1468)
com.shaft.gui.element.WebDriverElementActions.waitForElementToBePresent(WebDriverElementActions.java:1293)
com.shaft.gui.element.ElementActions.waitForElementToBePresent(ElementActions.java:622)
unitTests.tests_element_elementActions.waitForElementToBePresent_false_expectedToPass(tests_element_elementActions.java:48)
java.base/jdk.internal.reflect.NativeMethodAccessorImpl.invoke0(Native Method)
java.base/jdk.internal.reflect.NativeMethodAccessorImpl.invoke(NativeMethodAccessorImpl.java:77)
java.base/jdk.internal.reflect.DelegatingMethodAccessorImpl.invoke(DelegatingMethodAccessorImpl.java:43)
java.base/java.lang.reflect.Method.invoke(Method.java:568)
org.testng.internal.MethodInvocationHelper.invokeMethod(MethodInvocationHelper.java:133)
org.testng.internal.TestInvoker.invokeMethod(TestInvoker.java:598)
org.testng.internal.TestInvoker.invokeTestMethod(TestInvoker.java:173)
org.testng.internal.MethodRunner.runInSequence(MethodRunner.java:46)
org.testng.internal.TestInvoker$MethodInvocationAgent.invoke(TestInvoker.java:824)
org.testng.internal.TestInvoker.invokeTestMethods(TestInvoker.java:146)
org.testng.internal.TestMethodWorker.invokeTestMethods(TestMethodWorker.java:146)
org.testng.internal.TestMethodWorker.run(TestMethodWorker.java:128)
java.base/java.util.ArrayList.forEach(ArrayList.java:1511)
org.testng.TestRunner.privateRun(TestRunner.java:794)
org.testng.TestRunner.run(TestRunner.java:596)
org.testng.SuiteRunner.runTest(SuiteRunner.java:377)
org.testng.SuiteRunner.runSequentially(SuiteRunner.java:371)
org.testng.SuiteRunner.privateRun(SuiteRunner.java:332)
org.testng.SuiteRunner.run(SuiteRunner.java:276)
org.testng.SuiteRunnerWorker.runSuite(SuiteRunnerWorker.java:53)
org.testng.SuiteRunnerWorker.run(SuiteRunnerWorker.java:96)
org.testng.TestNG.runSuitesSequentially(TestNG.java:1212)
org.testng.TestNG.runSuitesLocally(TestNG.java:1134)
org.testng.TestNG.runSuites(TestNG.java:1063)
org.testng.TestNG.run(TestNG.java:1031)
org.apache.maven.surefire.testng.TestNGExecutor.run(TestNGExecutor.java:136)
org.apache.maven.surefire.testng.TestNGDirectoryTestSuite.executeMulti(TestNGDirectoryTestSuite.java:193)
org.apache.maven.surefire.testng.TestNGDirectoryTestSuite.execute(TestNGDirectoryTestSuite.java:94)
org.apache.maven.surefire.testng.TestNGProvider.invoke(TestNGProvider.java:145)
org.apache.maven.surefire.booter.ForkedBooter.runSuitesInProcess(ForkedBooter.java:428)
org.apache.maven.surefire.booter.ForkedBooter.execute(ForkedBooter.java:162)
org.apache.maven.surefire.booter.ForkedBooter.run(ForkedBooter.java:562)
org.apache.maven.surefire.booter.ForkedBooter.main(ForkedBooter.java:548) @30-11-2021 01:43:00.0721 AM
[ReportManager] Element Action [WaitForElementToBePresent] successfully performed. With the following test data [waited for the element's state of presence to be (false). Element locator (By.id: bla)]. @30-11-2021 01:43:00.0723 A
[ReportManager] Browser Action [CloseCurrentWindow] successfully performed. @30-11-2021 01:43:00.0865 AM
[ReportManager] Successfully created attachment [Browser Action Test Data - CloseCurrentWindow - Actual Value] @30-11-2021 01:43:00.0866 A
[ReportManager] File Action [GetAbsolutePath] successfully performed. With the following test data [Relative Folder Path: "target/downloadedFiles/"]. @30-11-2021 01:43:00.0874 AM
[ReportManager] Attempting to run locally on: [Mac-64], [Safari], Headless Execution. @30-11-2021 01:43:00.0876 AM
[ReportManager] Successfully Opened Safari. @30-11-2021 01:43:01.0823 AM
[ReportManager] Initial window size: (800, 600) @30-11-2021 01:43:01.0847 AM
[ReportManager] Window size after SWD Maximize: (1176, 803) @30-11-2021 01:43:01.0878 AM
[ReportManager] Browser Action [MaximizeWindow] successfully performed. With the following test data [New screen size is now: (1176, 803)]. @30-11-2021 01:43:01.0879 A

################################################################################################################################################
Starting Execution:	[3 out of 146] test cases in the current suite
Test Method:		[unitTests.tests_element_elementActions.waitForElementToBePresent_moreThanOneElement_expectedToFail]
################################################################################################################################################
[ReportManager] Target URL: [https://www.google.com/ncr], and after redirection: [www.google.com] @30-11-2021 01:43:01.0892 AM
[ReportManager] Initial URL: [] @30-11-2021 01:43:01.0968 AM
[ReportManager] Browser Action [NavigateToURL] successfully performed. With the following test data [https://www.google.com/ncr]. @30-11-2021 01:43:03.0740 AM
[ReportManager] Waiting for element to be present; elementLocator [By.xpath: //*], numberOfTries[1], stateOfPresence[false]... @30-11-2021 01:43:03.0741 AM
[ReportManager] Element Action [WaitForElementToBePresent] failed. With the following test data [waited for the element's state of presence to be (false). Element locator (By.xpath: //*)]. @30-11-2021 01:43:03.0951 AM
[ReportManager] Successfully created attachment [Screenshot - 1638236583825_waitForElementToBePresent_moreThanOneElement_expectedToFail_WaitForElementToBePresent_failed] @30-11-2021 01:43:03.0956 A
[ReportManager] Browser Action [CloseCurrentWindow] successfully performed. @30-11-2021 01:43:04.0286 AM
[ReportManager] Successfully created attachment [Browser Action Test Data - CloseCurrentWindow - Actual Value] @30-11-2021 01:43:04.0287 A
[ReportManager] File Action [GetAbsolutePath] successfully performed. With the following test data [Relative Folder Path: "target/downloadedFiles/"]. @30-11-2021 01:43:04.0291 AM
[ReportManager] Attempting to run locally on: [Mac-64], [Safari], Headless Execution. @30-11-2021 01:43:04.0292 AM
[ReportManager] An Exception Occured with this Message: Could not start a new session. Possible causes are invalid address of the remote server or browser start-up failure.. @30-11-2021 01:43:04.0574 AM
[ReportManager] Successfully created attachment [Exception Stack Trace - org.openqa.selenium.SessionNotCreatedException] @30-11-2021 01:43:04.0575 AM
[ReportManager] Driver Factory Action [createNewLocalDriverInstanceForSafari] failed. With the following test data [Failed to create a session on DESKTOP_SAFARI]. @30-11-2021 01:43:04.0575 A

################################################################################################################################################
Starting Execution:	[4 out of 146] test cases in the current suite
Test Method:		[unitTests.tests_element_elementActions.waitForElementToBePresent_true_expectedToFail]
###############################################################################################################################################



################################################################################################################################################
Starting Execution:	[5 out of 146] test cases in the current suite
Test Method:		[unitTests.tests_element_elementActions.waitForElementToBePresent_true_expectedToPass]
###############################################################################################################################################

[ReportManager] File Action [GetAbsolutePath] successfully performed. With the following test data [Relative Folder Path: "target/downloadedFiles/"]. @30-11-2021 01:43:04.0616 AM
[ReportManager] Attempting to run locally on: [Mac-64], [Safari], Headless Execution. @30-11-2021 01:43:04.0617 AM
[ReportManager] Successfully Opened Safari. @30-11-2021 01:43:05.0508 AM
[ReportManager] Initial window size: (800, 600) @30-11-2021 01:43:05.0541 AM
[ReportManager] Window size after SWD Maximize: (1176, 803) @30-11-2021 01:43:05.0576 AM
[ReportManager] Browser Action [MaximizeWindow] successfully performed. With the following test data [New screen size is now: (1176, 803)]. @30-11-2021 01:43:05.0577 AM
[ReportManager] Target URL: [https://duckduckgo.com] @30-11-2021 01:43:05.0577 AM
[ReportManager] Initial URL: [] @30-11-2021 01:43:05.0668 AM
[ReportManager] Browser Action [NavigateToURL] successfully performed. With the following test data [https://duckduckgo.com]. @30-11-2021 01:43:06.0629 A

################################################################################################################################################
Starting Execution:	[6 out of 146] test cases in the current suite
Test Method:		[unitTests.tests_browserActions.fullScreenWindow]
################################################################################################################################################
[ReportManager] Initial Windows Size: 1176x803 @30-11-2021 01:43:06.0641 AM
[ReportManager] Current Windows Size after fullScreen: 1176x885 @30-11-2021 01:43:07.0282 AM
[ReportManager] Browser Action [FullScreenWindow] successfully performed. @30-11-2021 01:43:07.0358 AM
[ReportManager] Successfully created attachment [Browser Action Test Data - FullScreenWindow - Actual Value] @30-11-2021 01:43:07.0363 A
[ReportManager] Target URL: [https://duckduckgo.com] @30-11-2021 01:43:07.0377 AM
[ReportManager] Initial URL: [https://duckduckgo.com] @30-11-2021 01:43:07.0447 AM
[ReportManager] Browser Action [NavigateToURL] successfully performed. With the following test data [https://duckduckgo.com]. @30-11-2021 01:43:08.0339 AM
[ReportManager] Browser Action [CloseCurrentWindow] successfully performed. @30-11-2021 01:43:08.0692 AM
[ReportManager] Successfully created attachment [Browser Action Test Data - CloseCurrentWindow - Actual Value] @30-11-2021 01:43:08.0694 A
[ReportManager] File Action [GetAbsolutePath] successfully performed. With the following test data [Relative Folder Path: "target/downloadedFiles/"]. @30-11-2021 01:43:08.0700 AM
[ReportManager] Attempting to run locally on: [Mac-64], [Safari], Headless Execution. @30-11-2021 01:43:08.0701 AM
[ReportManager] Successfully Opened Safari. @30-11-2021 01:43:09.0749 AM
[ReportManager] Initial window size: (800, 600) @30-11-2021 01:43:09.0757 AM
[ReportManager] Window size after SWD Maximize: (1176, 803) @30-11-2021 01:43:09.0830 AM
[ReportManager] Browser Action [MaximizeWindow] successfully performed. With the following test data [New screen size is now: (1176, 803)]. @30-11-2021 01:43:09.0831 AM
[ReportManager] Target URL: [https://duckduckgo.com] @30-11-2021 01:43:09.0831 AM
[ReportManager] Initial URL: [] @30-11-2021 01:43:09.0943 AM
[ReportManager] Browser Action [NavigateToURL] successfully performed. With the following test data [https://duckduckgo.com]. @30-11-2021 01:43:10.0732 A

################################################################################################################################################
Starting Execution:	[7 out of 146] test cases in the current suite
Test Method:		[unitTests.tests_browserActions.getCurrentURL]
################################################################################################################################################
[ReportManager] Browser Action [GetCurrentURL] successfully performed. With the following test data [https://duckduckgo.com/]. @30-11-2021 01:43:10.0786 A
[ReportManager] Target URL: [https://duckduckgo.com] @30-11-2021 01:43:10.0789 AM
[ReportManager] Initial URL: [https://duckduckgo.com] @30-11-2021 01:43:10.0841 AM
[ReportManager] Browser Action [NavigateToURL] successfully performed. With the following test data [https://duckduckgo.com]. @30-11-2021 01:43:11.0291 AM
[ReportManager] Browser Action [CloseCurrentWindow] successfully performed. @30-11-2021 01:43:11.0613 AM
[ReportManager] Successfully created attachment [Browser Action Test Data - CloseCurrentWindow - Actual Value] @30-11-2021 01:43:11.0614 A
[ReportManager] File Action [GetAbsolutePath] successfully performed. With the following test data [Relative Folder Path: "target/downloadedFiles/"]. @30-11-2021 01:43:11.0618 AM
[ReportManager] Attempting to run locally on: [Mac-64], [Safari], Headless Execution. @30-11-2021 01:43:11.0618 AM
[ReportManager] Successfully Opened Safari. @30-11-2021 01:43:12.0719 AM
[ReportManager] Initial window size: (800, 600) @30-11-2021 01:43:12.0773 AM
[ReportManager] Window size after SWD Maximize: (1176, 803) @30-11-2021 01:43:12.0822 AM
[ReportManager] Browser Action [MaximizeWindow] successfully performed. With the following test data [New screen size is now: (1176, 803)]. @30-11-2021 01:43:12.0823 AM
[ReportManager] Target URL: [https://duckduckgo.com] @30-11-2021 01:43:12.0823 AM
[ReportManager] Initial URL: [] @30-11-2021 01:43:12.0888 AM
[ReportManager] Browser Action [NavigateToURL] successfully performed. With the following test data [https://duckduckgo.com]. @30-11-2021 01:43:13.0774 A

################################################################################################################################################
Starting Execution:	[8 out of 146] test cases in the current suite
Test Method:		[unitTests.tests_browserActions.getCurrentWindowTitle]
################################################################################################################################################
[ReportManager] Browser Action [GetCurrentWindowTitle] successfully performed. With the following test data [DuckDuckGo â€” Privacy, simplified.]. @30-11-2021 01:43:13.0806 A
[ReportManager] Target URL: [https://duckduckgo.com] @30-11-2021 01:43:13.0809 AM
[ReportManager] Initial URL: [https://duckduckgo.com] @30-11-2021 01:43:13.0852 AM
[ReportManager] Browser Action [NavigateToURL] successfully performed. With the following test data [https://duckduckgo.com]. @30-11-2021 01:43:14.0317 AM
[ReportManager] Browser Action [CloseCurrentWindow] successfully performed. @30-11-2021 01:43:14.0566 AM
[ReportManager] Successfully created attachment [Browser Action Test Data - CloseCurrentWindow - Actual Value] @30-11-2021 01:43:14.0567 A
[ReportManager] File Action [GetAbsolutePath] successfully performed. With the following test data [Relative Folder Path: "target/downloadedFiles/"]. @30-11-2021 01:43:14.0576 AM
[ReportManager] Attempting to run locally on: [Mac-64], [Safari], Headless Execution. @30-11-2021 01:43:14.0576 AM
[ReportManager] Successfully Opened Safari. @30-11-2021 01:43:15.0516 AM
[ReportManager] Initial window size: (800, 600) @30-11-2021 01:43:15.0533 AM
[ReportManager] Window size after SWD Maximize: (1176, 803) @30-11-2021 01:43:15.0576 AM
[ReportManager] Browser Action [MaximizeWindow] successfully performed. With the following test data [New screen size is now: (1176, 803)]. @30-11-2021 01:43:15.0576 AM
[ReportManager] Target URL: [https://duckduckgo.com] @30-11-2021 01:43:15.0576 AM
[ReportManager] Initial URL: [] @30-11-2021 01:43:15.0665 AM
[ReportManager] Browser Action [NavigateToURL] successfully performed. With the following test data [https://duckduckgo.com]. @30-11-2021 01:43:16.0432 A

################################################################################################################################################
Starting Execution:	[9 out of 146] test cases in the current suite
Test Method:		[unitTests.tests_browserActions.getPageSource]
################################################################################################################################################
[ReportManager] Browser Action [GetPageSource] successfully performed. @30-11-2021 01:43:16.0474 AM
[ReportManager] Successfully created attachment [Browser Action Test Data - GetPageSource - Actual Value] @30-11-2021 01:43:16.0475 A
[ReportManager] Target URL: [https://duckduckgo.com] @30-11-2021 01:43:16.0478 AM
[ReportManager] Initial URL: [https://duckduckgo.com] @30-11-2021 01:43:16.0528 AM
[ReportManager] Browser Action [NavigateToURL] successfully performed. With the following test data [https://duckduckgo.com]. @30-11-2021 01:43:16.0931 AM
[ReportManager] Browser Action [CloseCurrentWindow] successfully performed. @30-11-2021 01:43:17.0221 AM
[ReportManager] Successfully created attachment [Browser Action Test Data - CloseCurrentWindow - Actual Value] @30-11-2021 01:43:17.0222 A
[ReportManager] File Action [GetAbsolutePath] successfully performed. With the following test data [Relative Folder Path: "target/downloadedFiles/"]. @30-11-2021 01:43:17.0225 AM
[ReportManager] Attempting to run locally on: [Mac-64], [Safari], Headless Execution. @30-11-2021 01:43:17.0226 AM
[ReportManager] Successfully Opened Safari. @30-11-2021 01:43:18.0121 AM
[ReportManager] Initial window size: (800, 600) @30-11-2021 01:43:18.0147 AM
[ReportManager] Window size after SWD Maximize: (1176, 803) @30-11-2021 01:43:18.0179 AM
[ReportManager] Browser Action [MaximizeWindow] successfully performed. With the following test data [New screen size is now: (1176, 803)]. @30-11-2021 01:43:18.0179 AM
[ReportManager] Target URL: [https://duckduckgo.com] @30-11-2021 01:43:18.0179 AM
[ReportManager] Initial URL: [] @30-11-2021 01:43:18.0230 AM
[ReportManager] Browser Action [NavigateToURL] successfully performed. With the following test data [https://duckduckgo.com]. @30-11-2021 01:43:18.0891 A

################################################################################################################################################
Starting Execution:	[10 out of 146] test cases in the current suite
Test Method:		[unitTests.tests_browserActions.getWindowHandle]
################################################################################################################################################
[ReportManager] Browser Action [GetWindowHandle] successfully performed. With the following test data [page-475D77CD-5DB4-4AD8-8555-4C223EED64A8]. @30-11-2021 01:43:18.0944 A
[ReportManager] Target URL: [https://duckduckgo.com] @30-11-2021 01:43:18.0958 AM
[ReportManager] Initial URL: [https://duckduckgo.com] @30-11-2021 01:43:18.0999 AM
[ReportManager] Browser Action [NavigateToURL] successfully performed. With the following test data [https://duckduckgo.com]. @30-11-2021 01:43:19.0390 AM
[ReportManager] Browser Action [CloseCurrentWindow] successfully performed. @30-11-2021 01:43:19.0708 AM
[ReportManager] Successfully created attachment [Browser Action Test Data - CloseCurrentWindow - Actual Value] @30-11-2021 01:43:19.0709 A
[ReportManager] File Action [GetAbsolutePath] successfully performed. With the following test data [Relative Folder Path: "target/downloadedFiles/"]. @30-11-2021 01:43:19.0712 AM
[ReportManager] Attempting to run locally on: [Mac-64], [Safari], Headless Execution. @30-11-2021 01:43:19.0712 AM
[ReportManager] Successfully Opened Safari. @30-11-2021 01:43:20.0549 AM
[ReportManager] Initial window size: (800, 600) @30-11-2021 01:43:20.0585 AM
[ReportManager] Window size after SWD Maximize: (1176, 803) @30-11-2021 01:43:20.0613 AM
[ReportManager] Browser Action [MaximizeWindow] successfully performed. With the following test data [New screen size is now: (1176, 803)]. @30-11-2021 01:43:20.0613 AM
[ReportManager] Target URL: [https://duckduckgo.com] @30-11-2021 01:43:20.0614 AM
[ReportManager] Initial URL: [] @30-11-2021 01:43:20.0681 AM
[ReportManager] Browser Action [NavigateToURL] successfully performed. With the following test data [https://duckduckgo.com]. @30-11-2021 01:43:21.0414 A

################################################################################################################################################
Starting Execution:	[11 out of 146] test cases in the current suite
Test Method:		[unitTests.tests_browserActions.getWindowPosition]
################################################################################################################################################
[ReportManager] Browser Action [GetWindowPosition] successfully performed. With the following test data [(0, 25)]. @30-11-2021 01:43:21.0465 A
[ReportManager] Target URL: [https://duckduckgo.com] @30-11-2021 01:43:21.0468 AM
[ReportManager] Initial URL: [https://duckduckgo.com] @30-11-2021 01:43:21.0528 AM
[ReportManager] Browser Action [NavigateToURL] successfully performed. With the following test data [https://duckduckgo.com]. @30-11-2021 01:43:21.0947 AM
[ReportManager] Browser Action [CloseCurrentWindow] successfully performed. @30-11-2021 01:43:22.0117 AM
[ReportManager] Successfully created attachment [Browser Action Test Data - CloseCurrentWindow - Actual Value] @30-11-2021 01:43:22.0118 A
[ReportManager] File Action [GetAbsolutePath] successfully performed. With the following test data [Relative Folder Path: "target/downloadedFiles/"]. @30-11-2021 01:43:22.0122 AM
[ReportManager] Attempting to run locally on: [Mac-64], [Safari], Headless Execution. @30-11-2021 01:43:22.0122 AM
[ReportManager] Successfully Opened Safari. @30-11-2021 01:43:23.0015 AM
[ReportManager] Initial window size: (800, 600) @30-11-2021 01:43:23.0045 AM
[ReportManager] Window size after SWD Maximize: (1176, 803) @30-11-2021 01:43:23.0083 AM
[ReportManager] Browser Action [MaximizeWindow] successfully performed. With the following test data [New screen size is now: (1176, 803)]. @30-11-2021 01:43:23.0083 AM
[ReportManager] Target URL: [https://duckduckgo.com] @30-11-2021 01:43:23.0084 AM
[ReportManager] Initial URL: [] @30-11-2021 01:43:23.0168 AM
[ReportManager] Browser Action [NavigateToURL] successfully performed. With the following test data [https://duckduckgo.com]. @30-11-2021 01:43:24.0131 A

################################################################################################################################################
Starting Execution:	[12 out of 146] test cases in the current suite
Test Method:		[unitTests.tests_browserActions.getWindowSize]
################################################################################################################################################
[ReportManager] Browser Action [GetWindowSize] successfully performed. With the following test data [(1176, 803)]. @30-11-2021 01:43:24.0159 A
[ReportManager] Target URL: [https://duckduckgo.com] @30-11-2021 01:43:24.0162 AM
[ReportManager] Initial URL: [https://duckduckgo.com] @30-11-2021 01:43:24.0205 AM
[ReportManager] Browser Action [NavigateToURL] successfully performed. With the following test data [https://duckduckgo.com]. @30-11-2021 01:43:24.0614 AM
[ReportManager] Browser Action [CloseCurrentWindow] successfully performed. @30-11-2021 01:43:24.0725 AM
[ReportManager] Successfully created attachment [Browser Action Test Data - CloseCurrentWindow - Actual Value] @30-11-2021 01:43:24.0726 A
[ReportManager] File Action [GetAbsolutePath] successfully performed. With the following test data [Relative Folder Path: "target/downloadedFiles/"]. @30-11-2021 01:43:24.0730 AM
[ReportManager] Attempting to run locally on: [Mac-64], [Safari], Headless Execution. @30-11-2021 01:43:24.0730 AM
[ReportManager] Successfully Opened Safari. @30-11-2021 01:43:25.0597 AM
[ReportManager] Initial window size: (800, 600) @30-11-2021 01:43:25.0633 AM
[ReportManager] Window size after SWD Maximize: (1176, 803) @30-11-2021 01:43:25.0651 AM
[ReportManager] Browser Action [MaximizeWindow] successfully performed. With the following test data [New screen size is now: (1176, 803)]. @30-11-2021 01:43:25.0656 AM
[ReportManager] Target URL: [https://duckduckgo.com] @30-11-2021 01:43:25.0656 AM
[ReportManager] Initial URL: [] @30-11-2021 01:43:25.0719 AM
[ReportManager] Browser Action [NavigateToURL] successfully performed. With the following test data [https://duckduckgo.com]. @30-11-2021 01:43:26.0438 A

################################################################################################################################################
Starting Execution:	[13 out of 146] test cases in the current suite
Test Method:		[unitTests.tests_browserActions.maximizeWindow]
################################################################################################################################################
[ReportManager] Initial window size: (1176, 803) @30-11-2021 01:43:26.0452 AM
[ReportManager] Window size after SWD Maximize: (1176, 803) @30-11-2021 01:43:26.0467 AM
[ReportManager] Window size after Toolkit: (1920, 1080) @30-11-2021 01:43:26.0521 AM
[ReportManager] Browser Action [MaximizeWindow] successfully performed. With the following test data [New screen size is now: (1920, 1080)]. @30-11-2021 01:43:26.0589 A
[ReportManager] Target URL: [https://duckduckgo.com] @30-11-2021 01:43:26.0592 AM
[ReportManager] Initial URL: [https://duckduckgo.com] @30-11-2021 01:43:26.0670 AM
[ReportManager] Browser Action [NavigateToURL] successfully performed. With the following test data [https://duckduckgo.com]. @30-11-2021 01:43:27.0085 AM
[ReportManager] Browser Action [CloseCurrentWindow] successfully performed. @30-11-2021 01:43:27.0449 AM
[ReportManager] Successfully created attachment [Browser Action Test Data - CloseCurrentWindow - Actual Value] @30-11-2021 01:43:27.0450 A
[ReportManager] File Action [GetAbsolutePath] successfully performed. With the following test data [Relative Folder Path: "target/downloadedFiles/"]. @30-11-2021 01:43:27.0453 AM
[ReportManager] Attempting to run locally on: [Mac-64], [Safari], Headless Execution. @30-11-2021 01:43:27.0454 AM
[ReportManager] Successfully Opened Safari. @30-11-2021 01:43:28.0337 AM
[ReportManager] Initial window size: (800, 600) @30-11-2021 01:43:28.0372 AM
[ReportManager] Window size after SWD Maximize: (1176, 803) @30-11-2021 01:43:28.0405 AM
[ReportManager] Browser Action [MaximizeWindow] successfully performed. With the following test data [New screen size is now: (1176, 803)]. @30-11-2021 01:43:28.0406 AM
[ReportManager] Target URL: [https://duckduckgo.com] @30-11-2021 01:43:28.0406 AM
[ReportManager] Initial URL: [] @30-11-2021 01:43:28.0447 AM
[ReportManager] Browser Action [NavigateToURL] successfully performed. With the following test data [https://duckduckgo.com]. @30-11-2021 01:43:29.0158 A

################################################################################################################################################
Starting Execution:	[14 out of 146] test cases in the current suite
Test Method:		[unitTests.tests_browserActions.navigateBack]
################################################################################################################################################
[ReportManager] Target URL: [https://www.google.com/ncr], and after redirection: [https://www.google.com] @30-11-2021 01:43:29.0165 AM
[ReportManager] Initial URL: [https://duckduckgo.com] @30-11-2021 01:43:29.0209 AM
[ReportManager] Browser Action [NavigateToURL] successfully performed. With the following test data [https://www.google.com/ncr]. @30-11-2021 01:43:31.0970 AM
[ReportManager] Browser Action [NavigateBack] successfully performed. With the following test data [https://duckduckgo.com/]. @30-11-2021 01:43:32.0103 AM
[ReportManager] Browser Action [GetCurrentURL] successfully performed. With the following test data [https://duckduckgo.com/]. @30-11-2021 01:43:32.0154 AM
[ReportManager] Assertion Passed: Confirming that navigating back was successful @30-11-2021 01:43:32.0294 AM
[ReportManager] Successfully created attachment [Screenshot - 1638236612192_navigateBack_ValidateBrowserAttribute_passed] @30-11-2021 01:43:32.0299 AM
[ReportManager] Assertion [ValidateBrowserAttribute] PASSED. Expected [Value Should be 'https://duckduckgo.com' for the 'CurrentUrl' attribute] and Actual [https://duckduckgo.com/]. Comparison Type [CONTAINS]. Validation Type [POSITIVE]. @30-11-2021 01:43:32.0299 A
[ReportManager] Target URL: [https://duckduckgo.com] @30-11-2021 01:43:32.0303 AM
[ReportManager] Initial URL: [https://duckduckgo.com] @30-11-2021 01:43:32.0343 AM
[ReportManager] Browser Action [NavigateToURL] successfully performed. With the following test data [https://duckduckgo.com]. @30-11-2021 01:43:32.0715 AM
[ReportManager] Browser Action [CloseCurrentWindow] successfully performed. @30-11-2021 01:43:33.0054 AM
[ReportManager] Successfully created attachment [Browser Action Test Data - CloseCurrentWindow - Actual Value] @30-11-2021 01:43:33.0055 A
[ReportManager] File Action [GetAbsolutePath] successfully performed. With the following test data [Relative Folder Path: "target/downloadedFiles/"]. @30-11-2021 01:43:33.0059 AM
[ReportManager] Attempting to run locally on: [Mac-64], [Safari], Headless Execution. @30-11-2021 01:43:33.0059 AM
[ReportManager] Successfully Opened Safari. @30-11-2021 01:43:33.0923 AM
[ReportManager] Initial window size: (800, 600) @30-11-2021 01:43:33.0948 AM
[ReportManager] Window size after SWD Maximize: (1176, 803) @30-11-2021 01:43:33.0980 AM
[ReportManager] Browser Action [MaximizeWindow] successfully performed. With the following test data [New screen size is now: (1176, 803)]. @30-11-2021 01:43:33.0980 AM
[ReportManager] Target URL: [https://duckduckgo.com] @30-11-2021 01:43:33.0981 AM
[ReportManager] Initial URL: [] @30-11-2021 01:43:34.0027 AM
[ReportManager] Browser Action [NavigateToURL] successfully performed. With the following test data [https://duckduckgo.com]. @30-11-2021 01:43:34.0932 A

################################################################################################################################################
Starting Execution:	[15 out of 146] test cases in the current suite
Test Method:		[unitTests.tests_browserActions.navigateForward]
################################################################################################################################################
[ReportManager] Target URL: [https://www.google.com/ncr], and after redirection: [https://www.google.com] @30-11-2021 01:43:34.0938 AM
[ReportManager] Initial URL: [https://duckduckgo.com] @30-11-2021 01:43:34.0977 AM
[ReportManager] Browser Action [NavigateToURL] successfully performed. With the following test data [https://www.google.com/ncr]. @30-11-2021 01:43:36.0614 AM
[ReportManager] Browser Action [NavigateBack] successfully performed. With the following test data [https://duckduckgo.com/]. @30-11-2021 01:43:36.0875 AM
[ReportManager] Browser Action [NavigateForward] successfully performed. With the following test data [https://www.google.com/]. @30-11-2021 01:43:37.0124 A
[ReportManager] Target URL: [https://duckduckgo.com] @30-11-2021 01:43:37.0131 AM
[ReportManager] Initial URL: [https://www.google.com] @30-11-2021 01:43:37.0167 AM
[ReportManager] Browser Action [NavigateToURL] successfully performed. With the following test data [https://duckduckgo.com]. @30-11-2021 01:43:37.0536 AM
[ReportManager] Browser Action [CloseCurrentWindow] successfully performed. @30-11-2021 01:43:37.0674 AM
[ReportManager] Successfully created attachment [Browser Action Test Data - CloseCurrentWindow - Actual Value] @30-11-2021 01:43:37.0675 A
[ReportManager] File Action [GetAbsolutePath] successfully performed. With the following test data [Relative Folder Path: "target/downloadedFiles/"]. @30-11-2021 01:43:37.0678 AM
[ReportManager] Attempting to run locally on: [Mac-64], [Safari], Headless Execution. @30-11-2021 01:43:37.0678 AM
[ReportManager] Successfully Opened Safari. @30-11-2021 01:43:38.0551 AM
[ReportManager] Initial window size: (800, 600) @30-11-2021 01:43:38.0616 AM
[ReportManager] Window size after SWD Maximize: (1176, 803) @30-11-2021 01:43:38.0668 AM
[ReportManager] Browser Action [MaximizeWindow] successfully performed. With the following test data [New screen size is now: (1176, 803)]. @30-11-2021 01:43:38.0668 AM
[ReportManager] Target URL: [https://duckduckgo.com] @30-11-2021 01:43:38.0684 AM
[ReportManager] Initial URL: [] @30-11-2021 01:43:38.0750 AM
[ReportManager] Browser Action [NavigateToURL] successfully performed. With the following test data [https://duckduckgo.com]. @30-11-2021 01:43:39.0533 A

################################################################################################################################################
Starting Execution:	[16 out of 146] test cases in the current suite
Test Method:		[unitTests.tests_browserActions.navigateToURL]
################################################################################################################################################
[ReportManager] Target URL: [https://duckduckgo.com] @30-11-2021 01:43:39.0537 AM
[ReportManager] Initial URL: [https://duckduckgo.com] @30-11-2021 01:43:39.0605 AM
[ReportManager] Browser Action [NavigateToURL] successfully performed. With the following test data [https://duckduckgo.com]. @30-11-2021 01:43:39.0989 A
[ReportManager] Target URL: [https://duckduckgo.com] @30-11-2021 01:43:39.0992 AM
[ReportManager] Initial URL: [https://duckduckgo.com] @30-11-2021 01:43:40.0047 AM
[ReportManager] Browser Action [NavigateToURL] successfully performed. With the following test data [https://duckduckgo.com]. @30-11-2021 01:43:40.0393 AM
[ReportManager] Browser Action [CloseCurrentWindow] successfully performed. @30-11-2021 01:43:40.0760 AM
[ReportManager] Successfully created attachment [Browser Action Test Data - CloseCurrentWindow - Actual Value] @30-11-2021 01:43:40.0761 A
[ReportManager] File Action [GetAbsolutePath] successfully performed. With the following test data [Relative Folder Path: "target/downloadedFiles/"]. @30-11-2021 01:43:40.0764 AM
[ReportManager] Attempting to run locally on: [Mac-64], [Safari], Headless Execution. @30-11-2021 01:43:40.0764 AM
[ReportManager] Successfully Opened Safari. @30-11-2021 01:43:41.0676 AM
[ReportManager] Initial window size: (800, 600) @30-11-2021 01:43:41.0714 AM
[ReportManager] Window size after SWD Maximize: (1176, 803) @30-11-2021 01:43:41.0748 AM
[ReportManager] Browser Action [MaximizeWindow] successfully performed. With the following test data [New screen size is now: (1176, 803)]. @30-11-2021 01:43:41.0748 AM
[ReportManager] Target URL: [https://duckduckgo.com] @30-11-2021 01:43:41.0748 AM
[ReportManager] Initial URL: [] @30-11-2021 01:43:41.0844 AM
[ReportManager] Browser Action [NavigateToURL] successfully performed. With the following test data [https://duckduckgo.com]. @30-11-2021 01:43:42.0514 A

################################################################################################################################################
Starting Execution:	[17 out of 146] test cases in the current suite
Test Method:		[unitTests.tests_browserActions.navigateToURLWithRedirection]
################################################################################################################################################
[ReportManager] Target URL: [https://www.google.com/ncr], and after redirection: [https://www.google.com] @30-11-2021 01:43:42.0523 AM
[ReportManager] Initial URL: [https://duckduckgo.com] @30-11-2021 01:43:42.0610 AM
[ReportManager] Browser Action [NavigateToURL] successfully performed. With the following test data [https://www.google.com/ncr]. @30-11-2021 01:43:44.0785 A
[ReportManager] Target URL: [https://duckduckgo.com] @30-11-2021 01:43:44.0788 AM
[ReportManager] Initial URL: [https://www.google.com] @30-11-2021 01:43:44.0818 AM
[ReportManager] Browser Action [NavigateToURL] successfully performed. With the following test data [https://duckduckgo.com]. @30-11-2021 01:43:45.0189 AM
[ReportManager] Browser Action [CloseCurrentWindow] successfully performed. @30-11-2021 01:43:45.0529 AM
[ReportManager] Successfully created attachment [Browser Action Test Data - CloseCurrentWindow - Actual Value] @30-11-2021 01:43:45.0530 A
[ReportManager] File Action [GetAbsolutePath] successfully performed. With the following test data [Relative Folder Path: "target/downloadedFiles/"]. @30-11-2021 01:43:45.0534 AM
[ReportManager] Attempting to run locally on: [Mac-64], [Safari], Headless Execution. @30-11-2021 01:43:45.0534 AM
[ReportManager] Successfully Opened Safari. @30-11-2021 01:43:46.0401 AM
[ReportManager] Initial window size: (800, 600) @30-11-2021 01:43:46.0419 AM
[ReportManager] Window size after SWD Maximize: (1176, 803) @30-11-2021 01:43:46.0442 AM
[ReportManager] Browser Action [MaximizeWindow] successfully performed. With the following test data [New screen size is now: (1176, 803)]. @30-11-2021 01:43:46.0443 AM
[ReportManager] Target URL: [https://duckduckgo.com] @30-11-2021 01:43:46.0443 AM
[ReportManager] Initial URL: [] @30-11-2021 01:43:46.0508 AM
[ReportManager] Browser Action [NavigateToURL] successfully performed. With the following test data [https://duckduckgo.com]. @30-11-2021 01:43:47.0205 A

################################################################################################################################################
Starting Execution:	[18 out of 146] test cases in the current suite
Test Method:		[unitTests.tests_browserActions.refreshCurrentPage]
################################################################################################################################################
[ReportManager] Browser Action [RefreshCurrentPage] successfully performed. @30-11-2021 01:43:47.0468 AM
[ReportManager] Successfully created attachment [Browser Action Test Data - RefreshCurrentPage - Actual Value] @30-11-2021 01:43:47.0469 A
[ReportManager] Target URL: [https://duckduckgo.com] @30-11-2021 01:43:47.0472 AM
[ReportManager] Initial URL: [https://duckduckgo.com] @30-11-2021 01:43:47.0556 AM
[ReportManager] Browser Action [NavigateToURL] successfully performed. With the following test data [https://duckduckgo.com]. @30-11-2021 01:43:47.0904 AM
[ReportManager] Browser Action [CloseCurrentWindow] successfully performed. @30-11-2021 01:43:48.0074 AM
[ReportManager] Successfully created attachment [Browser Action Test Data - CloseCurrentWindow - Actual Value] @30-11-2021 01:43:48.0075 A
[ReportManager] File Action [GetAbsolutePath] successfully performed. With the following test data [Relative Folder Path: "target/downloadedFiles/"]. @30-11-2021 01:43:48.0078 AM
[ReportManager] Attempting to run locally on: [Mac-64], [Safari], Headless Execution. @30-11-2021 01:43:48.0078 AM
[ReportManager] Successfully Opened Safari. @30-11-2021 01:43:48.0897 AM
[ReportManager] Initial window size: (800, 600) @30-11-2021 01:43:48.0929 AM
[ReportManager] Window size after SWD Maximize: (1176, 803) @30-11-2021 01:43:48.0950 AM
[ReportManager] Browser Action [MaximizeWindow] successfully performed. With the following test data [New screen size is now: (1176, 803)]. @30-11-2021 01:43:48.0950 AM
[ReportManager] Target URL: [https://duckduckgo.com] @30-11-2021 01:43:48.0950 AM
[ReportManager] Initial URL: [] @30-11-2021 01:43:49.0022 AM
[ReportManager] Browser Action [NavigateToURL] successfully performed. With the following test data [https://duckduckgo.com]. @30-11-2021 01:43:49.0779 A

################################################################################################################################################
Starting Execution:	[19 out of 146] test cases in the current suite
Test Method:		[unitTests.tests_browserActions.setWindowSize]
################################################################################################################################################
[ReportManager] Initial window size: (1176, 803) @30-11-2021 01:43:49.0788 AM
[ReportManager] Window size after SWD: (1280, 720) @30-11-2021 01:43:49.0885 AM
[ReportManager] Browser Action [SetWindowSize] successfully performed. With the following test data [New screen size is now: (1280, 720)]. @30-11-2021 01:43:49.0885 A
[ReportManager] Target URL: [https://duckduckgo.com] @30-11-2021 01:43:49.0889 AM
[ReportManager] Initial URL: [https://duckduckgo.com] @30-11-2021 01:43:49.0957 AM
[ReportManager] Browser Action [NavigateToURL] successfully performed. With the following test data [https://duckduckgo.com]. @30-11-2021 01:43:50.0300 AM
[ReportManager] Browser Action [CloseCurrentWindow] successfully performed. @30-11-2021 01:43:50.0601 AM
[ReportManager] Successfully created attachment [Browser Action Test Data - CloseCurrentWindow - Actual Value] @30-11-2021 01:43:50.0602 A
[ReportManager] Successfully loaded the following test data file [src/test/resources/testDataFiles/testSuite01/TestData.xlsx]. @30-11-2021 01:43:51.0605 AM
[ReportManager] Successfully created attachment [Test Data - Excel] @30-11-2021 01:43:51.0606 A

################################################################################################################################################
Starting Execution:	[20 out of 146] test cases in the current suite
Test Method:		[unitTests.tests_io_excelFileManager.getCellData_rowName_expectedToPass]
################################################################################################################################################
[ReportManager] testRowData. @30-11-2021 01:43:51.0621 A

################################################################################################################################################
Starting Execution:	[21 out of 146] test cases in the current suite
Test Method:		[unitTests.tests_validations_assertions.assertComparativeRelation_greaterThanOrEquals_false_equals_expectedToFail]
################################################################################################################################################
[ReportManager] Assertion [ValidateComparativeRelation] FAILED. Expected [1] and Actual [1]. Comparison Type [GREATER_THAN_OR_EQUALS]. Validation Type [NEGATIVE]. @30-11-2021 01:43:51.0628 A

################################################################################################################################################
Starting Execution:	[22 out of 146] test cases in the current suite
Test Method:		[unitTests.tests_validations_assertions.assertComparativeRelation_greaterThanOrEquals_false_equals_expectedToPass]
################################################################################################################################################
[ReportManager] Assertion [ValidateComparativeRelation] PASSED. Expected [2] and Actual [1]. Comparison Type [GREATER_THAN_OR_EQUALS]. Validation Type [NEGATIVE]. @30-11-2021 01:43:51.0633 A

################################################################################################################################################
Starting Execution:	[23 out of 146] test cases in the current suite
Test Method:		[unitTests.tests_validations_assertions.assertComparativeRelation_greaterThanOrEquals_false_greaterThan_expectedToFail]
################################################################################################################################################
[ReportManager] Assertion [ValidateComparativeRelation] FAILED. Expected [1] and Actual [2]. Comparison Type [GREATER_THAN_OR_EQUALS]. Validation Type [NEGATIVE]. @30-11-2021 01:43:51.0637 A

################################################################################################################################################
Starting Execution:	[24 out of 146] test cases in the current suite
Test Method:		[unitTests.tests_validations_assertions.assertComparativeRelation_greaterThanOrEquals_false_greaterThan_expectedToPass]
################################################################################################################################################
[ReportManager] Assertion [ValidateComparativeRelation] PASSED. Expected [2] and Actual [1]. Comparison Type [GREATER_THAN_OR_EQUALS]. Validation Type [NEGATIVE]. @30-11-2021 01:43:51.0643 A

################################################################################################################################################
Starting Execution:	[25 out of 146] test cases in the current suite
Test Method:		[unitTests.tests_validations_assertions.assertComparativeRelation_greaterThanOrEquals_true_equals_expectedToFail]
################################################################################################################################################
[ReportManager] Assertion [ValidateComparativeRelation] FAILED. Expected [1] and Actual [0]. Comparison Type [GREATER_THAN_OR_EQUALS]. Validation Type [POSITIVE]. @30-11-2021 01:43:51.0647 A

################################################################################################################################################
Starting Execution:	[26 out of 146] test cases in the current suite
Test Method:		[unitTests.tests_validations_assertions.assertComparativeRelation_greaterThanOrEquals_true_equals_expectedToPass]
################################################################################################################################################
[ReportManager] Assertion [ValidateComparativeRelation] PASSED. Expected [1] and Actual [1]. Comparison Type [GREATER_THAN_OR_EQUALS]. Validation Type [POSITIVE]. @30-11-2021 01:43:51.0652 A

################################################################################################################################################
Starting Execution:	[27 out of 146] test cases in the current suite
Test Method:		[unitTests.tests_validations_assertions.assertComparativeRelation_greaterThanOrEquals_true_greaterThan_expectedToFail]
################################################################################################################################################
[ReportManager] Assertion [ValidateComparativeRelation] FAILED. Expected [2] and Actual [1]. Comparison Type [GREATER_THAN_OR_EQUALS]. Validation Type [POSITIVE]. @30-11-2021 01:43:51.0656 A

################################################################################################################################################
Starting Execution:	[28 out of 146] test cases in the current suite
Test Method:		[unitTests.tests_validations_assertions.assertComparativeRelation_greaterThanOrEquals_true_greaterThan_expectedToPass]
################################################################################################################################################
[ReportManager] Assertion [ValidateComparativeRelation] PASSED. Expected [1] and Actual [2]. Comparison Type [GREATER_THAN_OR_EQUALS]. Validation Type [POSITIVE]. @30-11-2021 01:43:51.0660 A
[ReportManager] File Action [GetAbsolutePath] successfully performed. With the following test data [Relative Folder Path: "target/downloadedFiles/"]. @30-11-2021 01:43:51.0663 AM
[ReportManager] Attempting to run locally on: [Mac-64], [Safari], Headless Execution. @30-11-2021 01:43:51.0663 AM
[ReportManager] An Exception Occured with this Message: Could not start a new session. Possible causes are invalid address of the remote server or browser start-up failure.. @30-11-2021 01:43:51.0687 AM
[ReportManager] Successfully created attachment [Exception Stack Trace - org.openqa.selenium.SessionNotCreatedException] @30-11-2021 01:43:51.0688 AM
[ReportManager] Driver Factory Action [createNewLocalDriverInstanceForSafari] failed. With the following test data [Failed to create a session on DESKTOP_SAFARI]. @30-11-2021 01:43:51.0688 A

################################################################################################################################################
Starting Execution:	[29 out of 146] test cases in the current suite
Test Method:		[unitTests.tests_validations_assertions.assertElementAttribute_false_caseInsensitiveComparison_expectedToFail]
###############################################################################################################################################



################################################################################################################################################
Starting Execution:	[30 out of 146] test cases in the current suite
Test Method:		[unitTests.tests_validations_assertions.assertElementAttribute_false_caseInsensitiveComparison_expectedToPass]
###############################################################################################################################################



################################################################################################################################################
Starting Execution:	[31 out of 146] test cases in the current suite
Test Method:		[unitTests.tests_validations_assertions.assertElementAttribute_false_containsComparison_expectedToFail]
###############################################################################################################################################



################################################################################################################################################
Starting Execution:	[32 out of 146] test cases in the current suite
Test Method:		[unitTests.tests_validations_assertions.assertElementAttribute_false_containsComparison_expectedToPass]
###############################################################################################################################################



################################################################################################################################################
Starting Execution:	[33 out of 146] test cases in the current suite
Test Method:		[unitTests.tests_validations_assertions.assertElementAttribute_false_literalComparison_expectedToFail]
###############################################################################################################################################



################################################################################################################################################
Starting Execution:	[34 out of 146] test cases in the current suite
Test Method:		[unitTests.tests_validations_assertions.assertElementAttribute_false_literalComparison_expectedToPass]
###############################################################################################################################################



################################################################################################################################################
Starting Execution:	[35 out of 146] test cases in the current suite
Test Method:		[unitTests.tests_validations_assertions.assertElementAttribute_false_regexComparison_expectedToFail]
###############################################################################################################################################



################################################################################################################################################
Starting Execution:	[36 out of 146] test cases in the current suite
Test Method:		[unitTests.tests_validations_assertions.assertElementAttribute_false_regexComparison_expectedToPass]
###############################################################################################################################################



################################################################################################################################################
Starting Execution:	[37 out of 146] test cases in the current suite
Test Method:		[unitTests.tests_validations_assertions.assertElementAttribute_true_caseInsensitiveComparison_expectedToFail]
###############################################################################################################################################



################################################################################################################################################
Starting Execution:	[38 out of 146] test cases in the current suite
Test Method:		[unitTests.tests_validations_assertions.assertElementAttribute_true_caseInsensitiveComparison_expectedToPass]
###############################################################################################################################################



################################################################################################################################################
Starting Execution:	[39 out of 146] test cases in the current suite
Test Method:		[unitTests.tests_validations_assertions.assertElementAttribute_true_containsComparison_expectedToFail]
###############################################################################################################################################



################################################################################################################################################
Starting Execution:	[40 out of 146] test cases in the current suite
Test Method:		[unitTests.tests_validations_assertions.assertElementAttribute_true_containsComparison_expectedToPass]
###############################################################################################################################################



################################################################################################################################################
Starting Execution:	[41 out of 146] test cases in the current suite
Test Method:		[unitTests.tests_validations_assertions.assertElementAttribute_true_literalComparison_expectedToFail]
###############################################################################################################################################



################################################################################################################################################
Starting Execution:	[42 out of 146] test cases in the current suite
Test Method:		[unitTests.tests_validations_assertions.assertElementAttribute_true_literalComparison_expectedToPass]
###############################################################################################################################################



################################################################################################################################################
Starting Execution:	[43 out of 146] test cases in the current suite
Test Method:		[unitTests.tests_validations_assertions.assertElementAttribute_true_regexComparison_expectedToFail]
###############################################################################################################################################



################################################################################################################################################
Starting Execution:	[44 out of 146] test cases in the current suite
Test Method:		[unitTests.tests_validations_assertions.assertElementAttribute_true_regexComparison_expectedToPass]
###############################################################################################################################################



################################################################################################################################################
Starting Execution:	[45 out of 146] test cases in the current suite
Test Method:		[unitTests.tests_validations_assertions.assertElementAttribute_type_true_literalComparison_expectedToPass]
###############################################################################################################################################



################################################################################################################################################
Starting Execution:	[46 out of 146] test cases in the current suite
Test Method:		[unitTests.tests_validations_assertions.assertElementExists_false_expectedToFail]
###############################################################################################################################################



################################################################################################################################################
Starting Execution:	[47 out of 146] test cases in the current suite
Test Method:		[unitTests.tests_validations_assertions.assertElementExists_false_expectedToPass]
###############################################################################################################################################



################################################################################################################################################
Starting Execution:	[48 out of 146] test cases in the current suite
Test Method:		[unitTests.tests_validations_assertions.assertElementExists_false_multipleElementsFound_expectedToFail]
###############################################################################################################################################



################################################################################################################################################
Starting Execution:	[49 out of 146] test cases in the current suite
Test Method:		[unitTests.tests_validations_assertions.assertElementExists_true_expectedToFail]
###############################################################################################################################################



################################################################################################################################################
Starting Execution:	[50 out of 146] test cases in the current suite
Test Method:		[unitTests.tests_validations_assertions.assertElementExists_true_expectedToPass]
###############################################################################################################################################



################################################################################################################################################
Starting Execution:	[51 out of 146] test cases in the current suite
Test Method:		[unitTests.tests_validations_assertions.assertElementExists_true_multipleElementsFound_expectedToFail]
###############################################################################################################################################


################################################################################################################################################
Starting Execution:	[52 out of 146] test cases in the current suite
Test Method:		[unitTests.tests_validations_assertions.assertEquals_false_expectedToFail]
###############################################################################################################################################

################################################################################################################################################
Starting Execution:	[53 out of 146] test cases in the current suite
Test Method:		[unitTests.tests_validations_assertions.assertEquals_false_expectedToPass]
###############################################################################################################################################

################################################################################################################################################
Starting Execution:	[54 out of 146] test cases in the current suite
Test Method:		[unitTests.tests_validations_assertions.assertEquals_longCharacters]
###############################################################################################################################################

################################################################################################################################################
Starting Execution:	[55 out of 146] test cases in the current suite
Test Method:		[unitTests.tests_validations_assertions.assertEquals_longCharacters_Discreet]
###############################################################################################################################################

################################################################################################################################################
Starting Execution:	[56 out of 146] test cases in the current suite
Test Method:		[unitTests.tests_validations_assertions.assertEquals_true_expectedToFail]
###############################################################################################################################################

################################################################################################################################################
Starting Execution:	[57 out of 146] test cases in the current suite
Test Method:		[unitTests.tests_validations_assertions.assertEquals_true_expectedToPass]
Test Description:	[Assert that assertEquals works as expected when the two values are equal.]
###############################################################################################################################################

################################################################################################################################################
Starting Execution:	[58 out of 146] test cases in the current suite
Test Method:		[unitTests.tests_validations_assertions.assertEquals_true_expectedToPass__]
###############################################################################################################################################

################################################################################################################################################
Starting Execution:	[59 out of 146] test cases in the current suite
Test Method:		[unitTests.tests_validations_assertions.assertFileExists_false_expectedToFail]
###############################################################################################################################################

################################################################################################################################################
Starting Execution:	[60 out of 146] test cases in the current suite
Test Method:		[unitTests.tests_validations_assertions.assertFileExists_false_expectedToPass]
###############################################################################################################################################

################################################################################################################################################
Starting Execution:	[61 out of 146] test cases in the current suite
Test Method:		[unitTests.tests_validations_assertions.assertFileExists_true_expectedToFail]
###############################################################################################################################################

################################################################################################################################################
Starting Execution:	[62 out of 146] test cases in the current suite
Test Method:		[unitTests.tests_validations_assertions.assertFileExists_true_expectedToPass]
###############################################################################################################################################

################################################################################################################################################
Starting Execution:	[63 out of 146] test cases in the current suite
Test Method:		[unitTests.tests_validations_assertions.assertNull_false_expectedToFail]
###############################################################################################################################################

################################################################################################################################################
Starting Execution:	[64 out of 146] test cases in the current suite
Test Method:		[unitTests.tests_validations_assertions.assertNull_false_expectedToPass]
###############################################################################################################################################

################################################################################################################################################
Starting Execution:	[65 out of 146] test cases in the current suite
Test Method:		[unitTests.tests_validations_assertions.assertNull_true_expectedToFail]
###############################################################################################################################################

################################################################################################################################################
Starting Execution:	[66 out of 146] test cases in the current suite
Test Method:		[unitTests.tests_validations_assertions.assertNull_true_expectedToPass]
###############################################################################################################################################

################################################################################################################################################
Starting Execution:	[67 out of 146] test cases in the current suite
Test Method:		[unitTests.tests_restActions.getPostsAndAssertBodyForSpecificTitle]
################################################################################################################################################
[ReportManager] Response status code: [200], status line: [HTTP/1.1 200 OK] @30-11-2021 01:43:55.0083 AM
[ReportManager] Assertion Passed: Evaluating the actual response status code against the expected one... @30-11-2021 01:43:55.0088 AM
[ReportManager] Assertion [ValidateComparativeRelation] PASSED. Expected [200] and Actual [200]. Comparison Type [EQUALS]. Validation Type [POSITIVE]. @30-11-2021 01:43:55.0089 AM
[ReportManager] API Action [PerformRequest] successfully performed. With the following test data [Request Type: "GET" | Target Status Code: "200" | Service URL: "https://jsonplaceholder.typicode.com/posts" | Content Type: "*/*" | Response Time: "785ms"]. @30-11-2021 01:43:56.0188 AM
[ReportManager] Successfully created attachment [API Request - Specifications] @30-11-2021 01:43:56.0189 AM
[ReportManager] Successfully created attachment [API Response - JSON Body] @30-11-2021 01:43:56.0505 AM
[ReportManager] API Action [GetResponseJSONValueAsList] successfully performed. @30-11-2021 01:43:56.0552 AM
[ReportManager] API Action [GetResponseJSONValue] successfully performed. With the following test data [title]. @30-11-2021 01:43:56.0588 AM
[ReportManager] API Action [GetResponseJSONValue] successfully performed. With the following test data [title]. @30-11-2021 01:43:56.0620 AM
[ReportManager] API Action [GetResponseJSONValue] successfully performed. With the following test data [body]. @30-11-2021 01:43:56.0653 AM
[ReportManager] Assertion [ValidateEquals] PASSED. Expected [qui neque nisi nulla] and Actual [est rerum tempore vitae
sequi sint nihil reprehenderit dolor beatae ea dolores neque
fugiat blanditiis voluptate porro vel nihil molestiae ut reiciendis
qui aperiam non debitis possimus qui neque nisi nulla]. Comparison Type [CONTAINS]. Validation Type [POSITIVE]. @30-11-2021 01:43:56.0654 AM
[ReportManager] API Action [GetResponseJSONValue] successfully performed. With the following test data [title]. @30-11-2021 01:43:56.0681 AM
[ReportManager] API Action [GetResponseJSONValue] successfully performed. With the following test data [title]. @30-11-2021 01:43:56.0700 AM
[ReportManager] API Action [GetResponseJSONValue] successfully performed. With the following test data [title]. @30-11-2021 01:43:56.0732 AM
[ReportManager] API Action [GetResponseJSONValue] successfully performed. With the following test data [title]. @30-11-2021 01:43:56.0762 AM
[ReportManager] API Action [GetResponseJSONValue] successfully performed. With the following test data [title]. @30-11-2021 01:43:56.0781 AM
[ReportManager] API Action [GetResponseJSONValue] successfully performed. With the following test data [title]. @30-11-2021 01:43:56.0804 AM
[ReportManager] API Action [GetResponseJSONValue] successfully performed. With the following test data [title]. @30-11-2021 01:43:56.0848 AM
[ReportManager] API Action [GetResponseJSONValue] successfully performed. With the following test data [title]. @30-11-2021 01:43:56.0868 AM
[ReportManager] API Action [GetResponseJSONValue] successfully performed. With the following test data [title]. @30-11-2021 01:43:56.0885 AM
[ReportManager] API Action [GetResponseJSONValue] successfully performed. With the following test data [title]. @30-11-2021 01:43:56.0901 AM
[ReportManager] API Action [GetResponseJSONValue] successfully performed. With the following test data [title]. @30-11-2021 01:43:56.0925 AM
[ReportManager] API Action [GetResponseJSONValue] successfully performed. With the following test data [title]. @30-11-2021 01:43:56.0944 AM
[ReportManager] API Action [GetResponseJSONValue] successfully performed. With the following test data [title]. @30-11-2021 01:43:56.0961 AM
[ReportManager] API Action [GetResponseJSONValue] successfully performed. With the following test data [title]. @30-11-2021 01:43:56.0977 AM
[ReportManager] API Action [GetResponseJSONValue] successfully performed. With the following test data [title]. @30-11-2021 01:43:56.0993 AM
[ReportManager] API Action [GetResponseJSONValue] successfully performed. With the following test data [title]. @30-11-2021 01:43:57.0012 AM
[ReportManager] API Action [GetResponseJSONValue] successfully performed. With the following test data [title]. @30-11-2021 01:43:57.0037 AM
[ReportManager] API Action [GetResponseJSONValue] successfully performed. With the following test data [title]. @30-11-2021 01:43:57.0061 AM
[ReportManager] API Action [GetResponseJSONValue] successfully performed. With the following test data [title]. @30-11-2021 01:43:57.0085 AM
[ReportManager] API Action [GetResponseJSONValue] successfully performed. With the following test data [title]. @30-11-2021 01:43:57.0106 AM
[ReportManager] API Action [GetResponseJSONValue] successfully performed. With the following test data [title]. @30-11-2021 01:43:57.0124 AM
[ReportManager] API Action [GetResponseJSONValue] successfully performed. With the following test data [title]. @30-11-2021 01:43:57.0142 AM
[ReportManager] API Action [GetResponseJSONValue] successfully performed. With the following test data [title]. @30-11-2021 01:43:57.0161 AM
[ReportManager] API Action [GetResponseJSONValue] successfully performed. With the following test data [title]. @30-11-2021 01:43:57.0180 AM
[ReportManager] API Action [GetResponseJSONValue] successfully performed. With the following test data [title]. @30-11-2021 01:43:57.0198 AM
[ReportManager] API Action [GetResponseJSONValue] successfully performed. With the following test data [title]. @30-11-2021 01:43:57.0215 AM
[ReportManager] API Action [GetResponseJSONValue] successfully performed. With the following test data [title]. @30-11-2021 01:43:57.0235 AM
[ReportManager] API Action [GetResponseJSONValue] successfully performed. With the following test data [title]. @30-11-2021 01:43:57.0254 AM
[ReportManager] API Action [GetResponseJSONValue] successfully performed. With the following test data [title]. @30-11-2021 01:43:57.0274 AM
[ReportManager] API Action [GetResponseJSONValue] successfully performed. With the following test data [title]. @30-11-2021 01:43:57.0293 AM
[ReportManager] API Action [GetResponseJSONValue] successfully performed. With the following test data [title]. @30-11-2021 01:43:57.0310 AM
[ReportManager] API Action [GetResponseJSONValue] successfully performed. With the following test data [title]. @30-11-2021 01:43:57.0331 AM
[ReportManager] API Action [GetResponseJSONValue] successfully performed. With the following test data [title]. @30-11-2021 01:43:57.0349 AM
[ReportManager] API Action [GetResponseJSONValue] successfully performed. With the following test data [title]. @30-11-2021 01:43:57.0364 AM
[ReportManager] API Action [GetResponseJSONValue] successfully performed. With the following test data [title]. @30-11-2021 01:43:57.0377 AM
[ReportManager] API Action [GetResponseJSONValue] successfully performed. With the following test data [title]. @30-11-2021 01:43:57.0390 AM
[ReportManager] API Action [GetResponseJSONValue] successfully performed. With the following test data [title]. @30-11-2021 01:43:57.0402 AM
[ReportManager] API Action [GetResponseJSONValue] successfully performed. With the following test data [title]. @30-11-2021 01:43:57.0415 AM
[ReportManager] API Action [GetResponseJSONValue] successfully performed. With the following test data [title]. @30-11-2021 01:43:57.0428 AM
[ReportManager] API Action [GetResponseJSONValue] successfully performed. With the following test data [title]. @30-11-2021 01:43:57.0439 AM
[ReportManager] API Action [GetResponseJSONValue] successfully performed. With the following test data [title]. @30-11-2021 01:43:57.0451 AM
[ReportManager] API Action [GetResponseJSONValue] successfully performed. With the following test data [title]. @30-11-2021 01:43:57.0465 AM
[ReportManager] API Action [GetResponseJSONValue] successfully performed. With the following test data [title]. @30-11-2021 01:43:57.0476 AM
[ReportManager] API Action [GetResponseJSONValue] successfully performed. With the following test data [title]. @30-11-2021 01:43:57.0490 AM
[ReportManager] API Action [GetResponseJSONValue] successfully performed. With the following test data [title]. @30-11-2021 01:43:57.0503 AM
[ReportManager] API Action [GetResponseJSONValue] successfully performed. With the following test data [title]. @30-11-2021 01:43:57.0516 AM
[ReportManager] API Action [GetResponseJSONValue] successfully performed. With the following test data [title]. @30-11-2021 01:43:57.0529 AM
[ReportManager] API Action [GetResponseJSONValue] successfully performed. With the following test data [title]. @30-11-2021 01:43:57.0542 AM
[ReportManager] API Action [GetResponseJSONValue] successfully performed. With the following test data [title]. @30-11-2021 01:43:57.0554 AM
[ReportManager] API Action [GetResponseJSONValue] successfully performed. With the following test data [title]. @30-11-2021 01:43:57.0568 AM
[ReportManager] API Action [GetResponseJSONValue] successfully performed. With the following test data [title]. @30-11-2021 01:43:57.0581 AM
[ReportManager] API Action [GetResponseJSONValue] successfully performed. With the following test data [title]. @30-11-2021 01:43:57.0595 AM
[ReportManager] API Action [GetResponseJSONValue] successfully performed. With the following test data [title]. @30-11-2021 01:43:57.0607 AM
[ReportManager] API Action [GetResponseJSONValue] successfully performed. With the following test data [title]. @30-11-2021 01:43:57.0620 AM
[ReportManager] API Action [GetResponseJSONValue] successfully performed. With the following test data [title]. @30-11-2021 01:43:57.0632 AM
[ReportManager] API Action [GetResponseJSONValue] successfully performed. With the following test data [title]. @30-11-2021 01:43:57.0643 AM
[ReportManager] API Action [GetResponseJSONValue] successfully performed. With the following test data [title]. @30-11-2021 01:43:57.0656 AM
[ReportManager] API Action [GetResponseJSONValue] successfully performed. With the following test data [title]. @30-11-2021 01:43:57.0670 AM
[ReportManager] API Action [GetResponseJSONValue] successfully performed. With the following test data [title]. @30-11-2021 01:43:57.0681 AM
[ReportManager] API Action [GetResponseJSONValue] successfully performed. With the following test data [title]. @30-11-2021 01:43:57.0710 AM
[ReportManager] API Action [GetResponseJSONValue] successfully performed. With the following test data [title]. @30-11-2021 01:43:57.0723 AM
[ReportManager] API Action [GetResponseJSONValue] successfully performed. With the following test data [title]. @30-11-2021 01:43:57.0746 AM
[ReportManager] API Action [GetResponseJSONValue] successfully performed. With the following test data [title]. @30-11-2021 01:43:57.0766 AM
[ReportManager] API Action [GetResponseJSONValue] successfully performed. With the following test data [title]. @30-11-2021 01:43:57.0784 AM
[ReportManager] API Action [GetResponseJSONValue] successfully performed. With the following test data [title]. @30-11-2021 01:43:57.0797 AM
[ReportManager] API Action [GetResponseJSONValue] successfully performed. With the following test data [title]. @30-11-2021 01:43:57.0811 AM
[ReportManager] API Action [GetResponseJSONValue] successfully performed. With the following test data [title]. @30-11-2021 01:43:57.0825 AM
[ReportManager] API Action [GetResponseJSONValue] successfully performed. With the following test data [title]. @30-11-2021 01:43:57.0841 AM
[ReportManager] API Action [GetResponseJSONValue] successfully performed. With the following test data [title]. @30-11-2021 01:43:57.0856 AM
[ReportManager] API Action [GetResponseJSONValue] successfully performed. With the following test data [title]. @30-11-2021 01:43:57.0871 AM
[ReportManager] API Action [GetResponseJSONValue] successfully performed. With the following test data [title]. @30-11-2021 01:43:57.0885 AM
[ReportManager] API Action [GetResponseJSONValue] successfully performed. With the following test data [title]. @30-11-2021 01:43:57.0898 AM
[ReportManager] API Action [GetResponseJSONValue] successfully performed. With the following test data [title]. @30-11-2021 01:43:57.0912 AM
[ReportManager] API Action [GetResponseJSONValue] successfully performed. With the following test data [title]. @30-11-2021 01:43:57.0927 AM
[ReportManager] API Action [GetResponseJSONValue] successfully performed. With the following test data [title]. @30-11-2021 01:43:57.0952 AM
[ReportManager] API Action [GetResponseJSONValue] successfully performed. With the following test data [title]. @30-11-2021 01:43:57.0973 AM
[ReportManager] API Action [GetResponseJSONValue] successfully performed. With the following test data [title]. @30-11-2021 01:43:57.0988 AM
[ReportManager] API Action [GetResponseJSONValue] successfully performed. With the following test data [title]. @30-11-2021 01:43:58.0003 AM
[ReportManager] API Action [GetResponseJSONValue] successfully performed. With the following test data [title]. @30-11-2021 01:43:58.0018 AM
[ReportManager] API Action [GetResponseJSONValue] successfully performed. With the following test data [title]. @30-11-2021 01:43:58.0033 AM
[ReportManager] API Action [GetResponseJSONValue] successfully performed. With the following test data [title]. @30-11-2021 01:43:58.0046 AM
[ReportManager] API Action [GetResponseJSONValue] successfully performed. With the following test data [title]. @30-11-2021 01:43:58.0060 AM
[ReportManager] API Action [GetResponseJSONValue] successfully performed. With the following test data [title]. @30-11-2021 01:43:58.0075 AM
[ReportManager] API Action [GetResponseJSONValue] successfully performed. With the following test data [title]. @30-11-2021 01:43:58.0092 AM
[ReportManager] API Action [GetResponseJSONValue] successfully performed. With the following test data [title]. @30-11-2021 01:43:58.0106 AM
[ReportManager] API Action [GetResponseJSONValue] successfully performed. With the following test data [title]. @30-11-2021 01:43:58.0121 AM
[ReportManager] API Action [GetResponseJSONValue] successfully performed. With the following test data [title]. @30-11-2021 01:43:58.0136 AM
[ReportManager] API Action [GetResponseJSONValue] successfully performed. With the following test data [title]. @30-11-2021 01:43:58.0151 AM
[ReportManager] API Action [GetResponseJSONValue] successfully performed. With the following test data [title]. @30-11-2021 01:43:58.0167 AM
[ReportManager] API Action [GetResponseJSONValue] successfully performed. With the following test data [title]. @30-11-2021 01:43:58.0182 AM
[ReportManager] API Action [GetResponseJSONValue] successfully performed. With the following test data [title]. @30-11-2021 01:43:58.0199 AM
[ReportManager] API Action [GetResponseJSONValue] successfully performed. With the following test data [title]. @30-11-2021 01:43:58.0211 AM
[ReportManager] API Action [GetResponseJSONValue] successfully performed. With the following test data [title]. @30-11-2021 01:43:58.0223 AM
[ReportManager] API Action [GetResponseJSONValue] successfully performed. With the following test data [title]. @30-11-2021 01:43:58.0234 AM
[ReportManager] API Action [GetResponseJSONValue] successfully performed. With the following test data [title]. @30-11-2021 01:43:58.0248 AM
[ReportManager] API Action [GetResponseJSONValue] successfully performed. With the following test data [title]. @30-11-2021 01:43:58.0262 AM
[ReportManager] API Action [GetResponseJSONValue] successfully performed. With the following test data [title]. @30-11-2021 01:43:58.0274 AM
[ReportManager] API Action [GetResponseJSONValue] successfully performed. With the following test data [title]. @30-11-2021 01:43:58.0288 A

################################################################################################################################################
Starting Execution:	[68 out of 146] test cases in the current suite
Test Method:		[unitTests.tests_restActions.validateUserEmail]
################################################################################################################################################
[ReportManager] Response status code: [200], status line: [HTTP/1.1 200 OK] @30-11-2021 01:43:58.0362 AM
[ReportManager] Assertion Passed: Evaluating the actual response status code against the expected one... @30-11-2021 01:43:58.0362 AM
[ReportManager] Assertion [ValidateComparativeRelation] PASSED. Expected [200] and Actual [200]. Comparison Type [EQUALS]. Validation Type [POSITIVE]. @30-11-2021 01:43:58.0362 AM
[ReportManager] API Action [PerformRequest] successfully performed. With the following test data [Request Type: "GET" | Target Status Code: "200" | Service URL: "https://jsonplaceholder.typicode.com/users" | Content Type: "*/*" | Response Time: "59ms"]. @30-11-2021 01:43:58.0385 AM
[ReportManager] Successfully created attachment [API Request - Specifications] @30-11-2021 01:43:58.0386 AM
[ReportManager] Successfully created attachment [API Response - JSON Body] @30-11-2021 01:43:58.0386 AM
[ReportManager] Assertion [ValidateEquals] PASSED. Expected and Actual values are attached. Comparison Type [CONTAINS]. Validation Type [POSITIVE]. @30-11-2021 01:43:58.0387 AM
[ReportManager] Successfully created attachment [Validation Test Data - Expected Value] @30-11-2021 01:43:58.0387 AM
[ReportManager] Successfully created attachment [Validation Test Data - Actual Value] @30-11-2021 01:43:58.0388 AM
[ReportManager] API Action [GetResponseJSONValueAsList] successfully performed. With the following test data [$]. @30-11-2021 01:43:58.0394 AM
[ReportManager] API Action [GetResponseJSONValue] successfully performed. With the following test data [name]. @30-11-2021 01:43:58.0407 AM
[ReportManager] API Action [GetResponseJSONValue] successfully performed. With the following test data [email]. @30-11-2021 01:43:58.0418 AM
[ReportManager] Assertion [ValidateEquals] PASSED. Expected [Sincere@april.biz] and Actual [Sincere@april.biz]. Comparison Type [EQUALS]. Validation Type [POSITIVE]. @30-11-2021 01:43:58.0418 AM
[ReportManager] API Action [GetResponseJSONValue] successfully performed. With the following test data [name]. @30-11-2021 01:43:58.0430 AM
[ReportManager] API Action [GetResponseJSONValue] successfully performed. With the following test data [name]. @30-11-2021 01:43:58.0441 AM
[ReportManager] API Action [GetResponseJSONValue] successfully performed. With the following test data [name]. @30-11-2021 01:43:58.0452 AM
[ReportManager] API Action [GetResponseJSONValue] successfully performed. With the following test data [name]. @30-11-2021 01:43:58.0464 AM
[ReportManager] API Action [GetResponseJSONValue] successfully performed. With the following test data [name]. @30-11-2021 01:43:58.0475 AM
[ReportManager] API Action [GetResponseJSONValue] successfully performed. With the following test data [name]. @30-11-2021 01:43:58.0488 AM
[ReportManager] API Action [GetResponseJSONValue] successfully performed. With the following test data [name]. @30-11-2021 01:43:58.0499 AM
[ReportManager] API Action [GetResponseJSONValue] successfully performed. With the following test data [name]. @30-11-2021 01:43:58.0511 AM
[ReportManager] API Action [GetResponseJSONValue] successfully performed. With the following test data [name]. @30-11-2021 01:43:58.0524 A
[ReportManager] File Action [GetAbsolutePath] successfully performed. With the following test data [Relative Folder Path: "target/downloadedFiles/"]. @30-11-2021 01:43:58.0553 AM
[ReportManager] Attempting to run locally on: [Mac-64], [Safari], Headless Execution. @30-11-2021 01:43:58.0553 AM
[ReportManager] Successfully Opened Safari. @30-11-2021 01:43:59.0469 AM
[ReportManager] Initial window size: (800, 600) @30-11-2021 01:43:59.0487 AM
[ReportManager] Window size after SWD Maximize: (1176, 803) @30-11-2021 01:43:59.0508 AM
[ReportManager] Browser Action [MaximizeWindow] successfully performed. With the following test data [New screen size is now: (1176, 803)]. @30-11-2021 01:43:59.0508 A

################################################################################################################################################
Starting Execution:	[69 out of 146] test cases in the current suite
Test Method:		[testPackage01.Test_uploadFile.uploadFile_invisibleUploadInput]
################################################################################################################################################
[ReportManager] Target URL: [https://fineuploader.com/demos.html#gallery-view] @30-11-2021 01:43:59.0511 AM
[ReportManager] Initial URL: [] @30-11-2021 01:43:59.0579 AM
[ReportManager] Browser Action [NavigateToURL] successfully performed. With the following test data [https://fineuploader.com/demos.html#gallery-view]. @30-11-2021 01:44:01.0378 AM
[ReportManager] File Action [GetAbsolutePath] successfully performed. With the following test data [Relative File Path: "src/main/resources/images/shaft.png"]. @30-11-2021 01:44:01.0379 AM
[ReportManager] Successfully created attachment [File Action Actual Result - Command Log] @30-11-2021 01:44:01.0379 AM
[ReportManager] Element Action [TypeFileLocationForUpload] successfully performed. With the following test data [/Users/runner/work/SHAFT_ENGINE/SHAFT_ENGINE/src/main/resources/images/shaft.png]. @30-11-2021 01:44:01.0453 AM
[ReportManager] Attempting to getAttribute [src] from elementLocator [By.xpath: //div[@id='fine-uploader-gallery']//div[@class='qq-thumbnail-wrapper']/img]. @30-11-2021 01:44:01.0456 AM
[ReportManager] Element Action [GetAttribute] successfully performed. @30-11-2021 01:44:01.0646 AM
[ReportManager] Successfully created attachment [Element Action Test Data - GetAttribute - Actual Value] @30-11-2021 01:44:01.0648 AM
[ReportManager] Loaded Shared OpenCV @30-11-2021 01:44:02.0999 AM
[ReportManager] Assertion Passed: Then I Assert that the element found by [By.xpath: //div[@id='fine-uploader-gallery']//div[@class='qq-thumbnail-wrapper']/img] attribute [src] contains [data:image/png;base64]. @30-11-2021 01:44:03.0350 AM
[ReportManager] Successfully created attachment [Validation Test Data - Expected Value] @30-11-2021 01:44:03.0351 AM
[ReportManager] Successfully created attachment [Validation Test Data - Actual Value] @30-11-2021 01:44:03.0351 AM
[ReportManager] Successfully created attachment [Screenshot - 1638236641736_uploadFile_invisibleUploadInput_ValidateElementAttribute_passed] @30-11-2021 01:44:03.0354 AM
[ReportManager] Assertion [ValidateElementAttribute] PASSED. Expected and Actual values are attached. Comparison Type [CONTAINS]. Validation Type [POSITIVE]. @30-11-2021 01:44:03.0354 A
[ReportManager] Browser Action [CloseCurrentWindow] successfully performed. @30-11-2021 01:44:03.0733 AM
[ReportManager] Successfully created attachment [Browser Action Test Data - CloseCurrentWindow - Actual Value] @30-11-2021 01:44:03.0734 A
[ReportManager] File Action [GetAbsolutePath] successfully performed. With the following test data [Relative Folder Path: "target/downloadedFiles/"]. @30-11-2021 01:44:03.0738 AM
[ReportManager] Attempting to run locally on: [Mac-64], [Safari], Headless Execution. @30-11-2021 01:44:03.0738 AM
[ReportManager] Successfully Opened Safari. @30-11-2021 01:44:04.0561 AM
[ReportManager] Initial window size: (800, 600) @30-11-2021 01:44:04.0600 AM
[ReportManager] Window size after SWD Maximize: (1176, 803) @30-11-2021 01:44:04.0620 AM
[ReportManager] Browser Action [MaximizeWindow] successfully performed. With the following test data [New screen size is now: (1176, 803)]. @30-11-2021 01:44:04.0621 A

################################################################################################################################################
Starting Execution:	[70 out of 146] test cases in the current suite
Test Method:		[testPackage01.Test_uploadFile.uploadFile_visibleUploadInput]
################################################################################################################################################
[ReportManager] Target URL: [http://demo.guru99.com/test/upload/] @30-11-2021 01:44:04.0627 AM
[ReportManager] Initial URL: [] @30-11-2021 01:44:04.0676 AM
[ReportManager] Browser Action [NavigateToURL] successfully performed. With the following test data [http://demo.guru99.com/test/upload/]. @30-11-2021 01:44:06.0559 AM
[ReportManager] File Action [GetAbsolutePath] successfully performed. With the following test data [Relative Folder Path: "src/main/resources/images/shaft.png"]. @30-11-2021 01:44:06.0560 AM
[ReportManager] Element Action [TypeFileLocationForUpload] successfully performed. With the following test data [/Users/runner/work/SHAFT_ENGINE/SHAFT_ENGINE/src/main/resources/images/shaft.png]. @30-11-2021 01:44:06.0635 AM
[ReportManager] Element Action [Click] successfully performed. With the following test data [By.id: terms]. @30-11-2021 01:44:06.0861 AM
[ReportManager] Element Action [Click] successfully performed. With the following test data [By.id: submitbutton]. @30-11-2021 01:44:07.0079 AM
[ReportManager] Element Action [GetText] successfully performed. With the following test data [1 file has been successfully uploaded.]. @30-11-2021 01:44:07.0730 AM
[ReportManager] Loaded Shared OpenCV @30-11-2021 01:44:07.0828 AM
[ReportManager] Assertion Passed: Then I Assert that the element found by [By.id: res] attribute [Text] contains [1 file]. @30-11-2021 01:44:07.0948 AM
[ReportManager] Successfully created attachment [Screenshot - 1638236647828_uploadFile_visibleUploadInput_ValidateElementAttribute_passed] @30-11-2021 01:44:07.0952 AM
[ReportManager] Assertion [ValidateElementAttribute] PASSED. Expected [Value Should be '1 file' for the 'Text' attribute, element locator 'By.id: res'] and Actual [1 file has been successfully uploaded.]. Comparison Type [CONTAINS]. Validation Type [POSITIVE]. @30-11-2021 01:44:07.0952 A
[ReportManager] Browser Action [CloseCurrentWindow] successfully performed. @30-11-2021 01:44:08.0023 AM
[ReportManager] Successfully created attachment [Browser Action Test Data - CloseCurrentWindow - Actual Value] @30-11-2021 01:44:08.0029 A

################################################################################################################################################
Starting Execution:	[71 out of 146] test cases in the current suite
Test Method:		[testPackage01.Test_AssertApiResponseEquals.assertApiResponseEquals_expectedToPass]
################################################################################################################################################
[ReportManager] Response status code: [200], status line: [HTTP/1.1 200 OK] @30-11-2021 01:44:08.0194 AM
[ReportManager] Assertion Passed: Evaluating the actual response status code against the expected one... @30-11-2021 01:44:08.0195 AM
[ReportManager] Assertion [ValidateComparativeRelation] PASSED. Expected [200] and Actual [200]. Comparison Type [EQUALS]. Validation Type [POSITIVE]. @30-11-2021 01:44:08.0195 AM
[ReportManager] API Action [PerformRequest] successfully performed. With the following test data [Request Type: "GET" | Target Status Code: "200" | Service URL: "https://jsonplaceholder.typicode.com/users" | Content Type: "*/*" | Response Time: "97ms"]. @30-11-2021 01:44:08.0231 AM
[ReportManager] Successfully created attachment [API Request - Specifications] @30-11-2021 01:44:08.0232 AM
[ReportManager] Successfully created attachment [API Response - JSON Body] @30-11-2021 01:44:08.0234 AM
[ReportManager] API Action [GetResponseJSONValueAsList] successfully performed. With the following test data [$]. @30-11-2021 01:44:08.0245 AM
[ReportManager] API Action [GetResponseJSONValue] successfully performed. With the following test data [name]. @30-11-2021 01:44:08.0266 AM
[ReportManager] API Action [GetResponseJSONValue] successfully performed. With the following test data [email]. @30-11-2021 01:44:08.0301 AM
[ReportManager] Verification [ValidateEquals] PASSED. Expected [Sincere@april.biz] and Actual [Sincere@april.biz]. Comparison Type [EQUALS]. Validation Type [POSITIVE]. @30-11-2021 01:44:08.0302 AM
[ReportManager] API Action [GetResponseJSONValue] successfully performed. With the following test data [username]. @30-11-2021 01:44:08.0325 AM
[ReportManager] Assertion [ValidateEquals] PASSED. Expected [Bret] and Actual [Bret]. Comparison Type [EQUALS]. Validation Type [POSITIVE]. @30-11-2021 01:44:08.0325 AM
[ReportManager] API Action [GetResponseJSONValue] successfully performed. With the following test data [name]. @30-11-2021 01:44:08.0354 AM
[ReportManager] API Action [GetResponseJSONValue] successfully performed. With the following test data [name]. @30-11-2021 01:44:08.0387 AM
[ReportManager] API Action [GetResponseJSONValue] successfully performed. With the following test data [name]. @30-11-2021 01:44:08.0421 AM
[ReportManager] API Action [GetResponseJSONValue] successfully performed. With the following test data [name]. @30-11-2021 01:44:08.0449 AM
[ReportManager] API Action [GetResponseJSONValue] successfully performed. With the following test data [name]. @30-11-2021 01:44:08.0478 AM
[ReportManager] API Action [GetResponseJSONValue] successfully performed. With the following test data [name]. @30-11-2021 01:44:08.0507 AM
[ReportManager] API Action [GetResponseJSONValue] successfully performed. With the following test data [name]. @30-11-2021 01:44:08.0543 AM
[ReportManager] API Action [GetResponseJSONValue] successfully performed. With the following test data [name]. @30-11-2021 01:44:08.0721 AM
[ReportManager] API Action [GetResponseJSONValue] successfully performed. With the following test data [name]. @30-11-2021 01:44:08.0756 A

################################################################################################################################################
Starting Execution:	[72 out of 146] test cases in the current suite
Test Method:		[testPackage01.Test_testData.f]
################################################################################################################################################
[ReportManager] Successfully loaded the following test data file [src/test/resources/testDataFiles/testSuite01/TestData.xlsx]. @30-11-2021 01:44:08.0834 AM
[ReportManager] Successfully created attachment [Test Data - Excel] @30-11-2021 01:44:08.0835 AM
[ReportManager] Last Column Number is: [3]. Zero-based. @30-11-2021 01:44:08.0835 A

################################################################################################################################################
Starting Execution:	[73 out of 146] test cases in the current suite
Test Method:		[testPackage01.Test_PDF.testPDF1]
################################################################################################################################################
[ReportManager] File Action [DoesFileExist] successfully performed. With the following test data [File Path: "src/test/resources/testDataFiles/sample.pdf"]. @30-11-2021 01:44:08.0843 AM
[ReportManager] File Action [GetAbsolutePath] successfully performed. With the following test data [Relative Folder Path: "src/test/resources/testDataFiles/sample.pdf"]. @30-11-2021 01:44:08.0844 AM
[ReportManager] Assertion Passed: Checking to see that the pdf file contains [A Simple PDF File] @30-11-2021 01:44:13.0945 AM
[ReportManager] Successfully created attachment [Validation Test Data - Expected Value] @30-11-2021 01:44:13.0946 AM
[ReportManager] Successfully created attachment [Validation Test Data - Actual Value] @30-11-2021 01:44:13.0946 AM
[ReportManager] Assertion [ValidateEquals] PASSED. Expected and Actual values are attached. Comparison Type [CONTAINS]. Validation Type [POSITIVE]. @30-11-2021 01:44:13.0946 A

################################################################################################################################################
Starting Execution:	[74 out of 146] test cases in the current suite
Test Method:		[testPackage01.Test_PDF.testPDF2]
################################################################################################################################################
[ReportManager] File Action [DoesFileExist] successfully performed. With the following test data [File Path: "src/test/resources/testDataFiles/sample.pdf"]. @30-11-2021 01:44:13.0953 AM
[ReportManager] File Action [GetAbsolutePath] successfully performed. With the following test data [Relative Folder Path: "src/test/resources/testDataFiles/sample.pdf"]. @30-11-2021 01:44:13.0953 AM
[ReportManager] Assertion Passed: Checking to see that the pdf file contains [A Simple PDF File] @30-11-2021 01:44:13.0973 AM
[ReportManager] Successfully created attachment [Validation Test Data - Expected Value] @30-11-2021 01:44:13.0973 AM
[ReportManager] Successfully created attachment [Validation Test Data - Actual Value] @30-11-2021 01:44:13.0974 AM
[ReportManager] Assertion [ValidateEquals] PASSED. Expected and Actual values are attached. Comparison Type [CONTAINS]. Validation Type [POSITIVE]. @30-11-2021 01:44:13.0974 A
[ReportManager] File Action [GetAbsolutePath] successfully performed. With the following test data [Relative Folder Path: "target/downloadedFiles/"]. @30-11-2021 01:44:13.0978 AM
[ReportManager] Attempting to run locally on: [Mac-64], [Safari], Headless Execution. @30-11-2021 01:44:13.0978 AM
[ReportManager] Successfully Opened Safari. @30-11-2021 01:44:14.0843 AM
[ReportManager] Initial window size: (800, 600) @30-11-2021 01:44:14.0863 AM
[ReportManager] Window size after SWD Maximize: (1176, 803) @30-11-2021 01:44:14.0879 AM
[ReportManager] Browser Action [MaximizeWindow] successfully performed. With the following test data [New screen size is now: (1176, 803)]. @30-11-2021 01:44:14.0880 A

################################################################################################################################################
Starting Execution:	[75 out of 146] test cases in the current suite
Test Method:		[testPackage01.Test_ShadowDOM.shadowdom]
################################################################################################################################################
[ReportManager] Target URL: [https://mdn.github.io/web-components-examples/popup-info-box-web-component/] @30-11-2021 01:44:14.0884 AM
[ReportManager] Initial URL: [] @30-11-2021 01:44:14.0967 AM
[ReportManager] Browser Action [NavigateToURL] successfully performed. With the following test data [https://mdn.github.io/web-components-examples/popup-info-box-web-component/]. @30-11-2021 01:44:15.0474 AM
[ReportManager] Element Action [Type] successfully performed. With the following test data [Typing into SHADOW DOM...]. @30-11-2021 01:44:16.0083 AM
[ReportManager] Element Action [GetText] successfully performed. With the following test data [Typing into SHADOW DOM...]. @30-11-2021 01:44:16.0153 AM
[ReportManager] Loaded Shared OpenCV @30-11-2021 01:44:16.0210 AM
[ReportManager] Assertion [ValidateElementAttribute] PASSED. Expected [Value Should be 'Typing into SHADOW DOM...' for the 'Text' attribute, element locator 'By.id: cvc'] and Actual [Typing into SHADOW DOM...]. Comparison Type [EQUALS]. Validation Type [POSITIVE]. @30-11-2021 01:44:16.0394 AM
[ReportManager] Successfully created attachment [Screenshot - 1638236656210_shadowdom_ValidateElementAttribute_passed] @30-11-2021 01:44:16.0477 A
[ReportManager] Browser Action [CloseCurrentWindow] successfully performed. @30-11-2021 01:44:16.0593 AM
[ReportManager] Successfully created attachment [Browser Action Test Data - CloseCurrentWindow - Actual Value] @30-11-2021 01:44:16.0594 A
[ReportManager] File Action [GetAbsolutePath] successfully performed. With the following test data [Relative Folder Path: "target/downloadedFiles/"]. @30-11-2021 01:44:16.0596 AM
[ReportManager] Attempting to run locally on: [Mac-64], [Safari], Headless Execution. @30-11-2021 01:44:16.0596 AM
[ReportManager] Successfully Opened Safari. @30-11-2021 01:44:17.0449 AM
[ReportManager] Initial window size: (800, 600) @30-11-2021 01:44:17.0483 AM
[ReportManager] Window size after SWD Maximize: (1176, 803) @30-11-2021 01:44:17.0530 AM
[ReportManager] Browser Action [MaximizeWindow] successfully performed. With the following test data [New screen size is now: (1176, 803)]. @30-11-2021 01:44:17.0530 A

################################################################################################################################################
Starting Execution:	[76 out of 146] test cases in the current suite
Test Method:		[testPackage01.Test_clipboardActions.typeTextAndCopyPaste]
################################################################################################################################################
[ReportManager] Target URL: [https://www.google.com/ncr], and after redirection: [https://www.google.com] @30-11-2021 01:44:17.0533 AM
[ReportManager] Initial URL: [] @30-11-2021 01:44:17.0584 AM
[ReportManager] Browser Action [NavigateToURL] successfully performed. With the following test data [https://www.google.com/ncr]. @30-11-2021 01:44:19.0489 AM
[ReportManager] Element Action [Type] successfully performed. With the following test data [FIRST]. @30-11-2021 01:44:19.0649 A
[ReportManager] Browser Action [CloseCurrentWindow] successfully performed. @30-11-2021 01:44:20.0096 AM
[ReportManager] Successfully created attachment [Browser Action Test Data - CloseCurrentWindow - Actual Value] @30-11-2021 01:44:20.0097 A

################################################################################################################################################
Starting Execution:	[77 out of 146] test cases in the current suite
Test Method:		[testPackage01.Test_NewValidationHelper.f1]
################################################################################################################################################
[ReportManager] Assertion Passed: Checking valid user data @30-11-2021 01:44:20.0102 AM
[ReportManager] Successfully created attachment [Validation Test Data - Expected Value] @30-11-2021 01:44:20.0102 AM
[ReportManager] Successfully created attachment [Validation Test Data - Actual Value] @30-11-2021 01:44:20.0103 AM
[ReportManager] Assertion [ValidateEquals] PASSED. Expected and Actual values are attached. Comparison Type [EQUALS]. Validation Type [POSITIVE]. @30-11-2021 01:44:20.0103 A
[ReportManager] File Action [GetAbsolutePath] successfully performed. With the following test data [Relative Folder Path: "target/downloadedFiles/"]. @30-11-2021 01:44:20.0105 AM
[ReportManager] Attempting to run locally on: [Mac-64], [Safari], Headless Execution. @30-11-2021 01:44:20.0105 AM
[ReportManager] Successfully Opened Safari. @30-11-2021 01:44:20.0962 AM
[ReportManager] Initial window size: (800, 600) @30-11-2021 01:44:20.0998 AM
[ReportManager] Window size after SWD Maximize: (1176, 803) @30-11-2021 01:44:21.0017 AM
[ReportManager] Browser Action [MaximizeWindow] successfully performed. With the following test data [New screen size is now: (1176, 803)]. @30-11-2021 01:44:21.0017 AM
[ReportManager] Target URL: [https://the-internet.herokuapp.com/] @30-11-2021 01:44:21.0017 AM
[ReportManager] Initial URL: [] @30-11-2021 01:44:21.0073 AM
[ReportManager] Browser Action [NavigateToURL] successfully performed. With the following test data [https://the-internet.herokuapp.com/]. @30-11-2021 01:44:22.0279 A

################################################################################################################################################
Starting Execution:	[78 out of 146] test cases in the current suite
Test Method:		[testPackage01.Test_NewValidationHelper.f10]
################################################################################################################################################
[ReportManager] Loaded Shared OpenCV @30-11-2021 01:44:22.0398 AM
[ReportManager] Assertion [ValidateElementExists] FAILED. Expected [Element Should Exist, locator 'By.tagName: div'] and Actual [Element Exists but is not unique]. Comparison Type [EQUALS]. Validation Type [POSITIVE]. @30-11-2021 01:44:22.0511 AM
[ReportManager] Successfully created attachment [Screenshot - 1638236662398_f10_ValidateElementExists_failed] @30-11-2021 01:44:22.0513 A
[ReportManager] Successfully Closed All Drivers. @30-11-2021 01:44:22.0652 A
[ReportManager] File Action [GetAbsolutePath] successfully performed. With the following test data [Relative Folder Path: "target/downloadedFiles/"]. @30-11-2021 01:44:22.0655 AM
[ReportManager] Attempting to run locally on: [Mac-64], [Safari], Headless Execution. @30-11-2021 01:44:22.0655 AM
[ReportManager] Successfully Opened Safari. @30-11-2021 01:44:23.0509 AM
[ReportManager] Initial window size: (800, 600) @30-11-2021 01:44:23.0535 AM
[ReportManager] Window size after SWD Maximize: (1176, 803) @30-11-2021 01:44:23.0552 AM
[ReportManager] Browser Action [MaximizeWindow] successfully performed. With the following test data [New screen size is now: (1176, 803)]. @30-11-2021 01:44:23.0553 AM
[ReportManager] Target URL: [https://the-internet.herokuapp.com/] @30-11-2021 01:44:23.0553 AM
[ReportManager] Initial URL: [] @30-11-2021 01:44:23.0613 AM
[ReportManager] Browser Action [NavigateToURL] successfully performed. With the following test data [https://the-internet.herokuapp.com/]. @30-11-2021 01:44:24.0754 A

################################################################################################################################################
Starting Execution:	[79 out of 146] test cases in the current suite
Test Method:		[testPackage01.Test_NewValidationHelper.f11]
################################################################################################################################################
[ReportManager] org.openqa.selenium.TimeoutException:
Expected condition failed: waiting for com.shaft.gui.element.ElementActionsHelper$$Lambda$625/0x0000000801133498@7c1957b8 (tried for 5 second(s) with 1000 milliseconds interval)
org.openqa.selenium.support.ui.FluentWait.timeoutException(FluentWait.java:263)
org.openqa.selenium.support.ui.FluentWait.until(FluentWait.java:231)
com.shaft.gui.element.ElementActionsHelper.waitForElementPresence(ElementActionsHelper.java:63)
com.shaft.gui.element.ElementActionsHelper.waitForElementPresence(ElementActionsHelper.java:37)
com.shaft.gui.element.WebDriverElementActions.getMatchingElementsCount(WebDriverElementActions.java:1468)
com.shaft.gui.element.WebDriverElementActions.getElementsCount(WebDriverElementActions.java:559)
com.shaft.gui.element.ElementActions.getElementsCount(ElementActions.java:261)
com.shaft.validation.ValidationsHelper.validateElementExists(ValidationsHelper.java:149)
com.shaft.validation.Assertions.assertElementExists(Assertions.java:118)
testPackage01.Test_NewValidationHelper.f11(Test_NewValidationHelper.java:137)
java.base/jdk.internal.reflect.NativeMethodAccessorImpl.invoke0(Native Method)
java.base/jdk.internal.reflect.NativeMethodAccessorImpl.invoke(NativeMethodAccessorImpl.java:77)
java.base/jdk.internal.reflect.DelegatingMethodAccessorImpl.invoke(DelegatingMethodAccessorImpl.java:43)
java.base/java.lang.reflect.Method.invoke(Method.java:568)
org.testng.internal.MethodInvocationHelper.invokeMethod(MethodInvocationHelper.java:133)
org.testng.internal.TestInvoker.invokeMethod(TestInvoker.java:598)
org.testng.internal.TestInvoker.invokeTestMethod(TestInvoker.java:173)
org.testng.internal.MethodRunner.runInSequence(MethodRunner.java:46)
org.testng.internal.TestInvoker$MethodInvocationAgent.invoke(TestInvoker.java:824)
org.testng.internal.TestInvoker.invokeTestMethods(TestInvoker.java:146)
org.testng.internal.TestMethodWorker.invokeTestMethods(TestMethodWorker.java:146)
org.testng.internal.TestMethodWorker.run(TestMethodWorker.java:128)
java.base/java.util.ArrayList.forEach(ArrayList.java:1511)
org.testng.TestRunner.privateRun(TestRunner.java:794)
org.testng.TestRunner.run(TestRunner.java:596)
org.testng.SuiteRunner.runTest(SuiteRunner.java:377)
org.testng.SuiteRunner.runSequentially(SuiteRunner.java:371)
org.testng.SuiteRunner.privateRun(SuiteRunner.java:332)
org.testng.SuiteRunner.run(SuiteRunner.java:276)
org.testng.SuiteRunnerWorker.runSuite(SuiteRunnerWorker.java:53)
org.testng.SuiteRunnerWorker.run(SuiteRunnerWorker.java:96)
org.testng.TestNG.runSuitesSequentially(TestNG.java:1212)
org.testng.TestNG.runSuitesLocally(TestNG.java:1134)
org.testng.TestNG.runSuites(TestNG.java:1063)
org.testng.TestNG.run(TestNG.java:1031)
org.apache.maven.surefire.testng.TestNGExecutor.run(TestNGExecutor.java:136)
org.apache.maven.surefire.testng.TestNGDirectoryTestSuite.executeMulti(TestNGDirectoryTestSuite.java:193)
org.apache.maven.surefire.testng.TestNGDirectoryTestSuite.execute(TestNGDirectoryTestSuite.java:94)
org.apache.maven.surefire.testng.TestNGProvider.invoke(TestNGProvider.java:145)
org.apache.maven.surefire.booter.ForkedBooter.runSuitesInProcess(ForkedBooter.java:428)
org.apache.maven.surefire.booter.ForkedBooter.execute(ForkedBooter.java:162)
org.apache.maven.surefire.booter.ForkedBooter.run(ForkedBooter.java:562)
org.apache.maven.surefire.booter.ForkedBooter.main(ForkedBooter.java:548)

Caused by: org.openqa.selenium.NoSuchElementException:
For documentation on this error, please visit: https://selenium.dev/exceptions/#no_such_element
Build info: version: '4.1.0', revision: '87802e897b'
System info: host: 'Mac-1638236390997.local', ip: '10.212.6.188', os.name: 'Mac OS X', os.arch: 'x86_64', os.version: '11.5', java.version: '17.0.1'
Driver info: org.openqa.selenium.safari.SafariDriver
Command: [E825F8F2-1568-4F82-971A-BCEDE1D7B56A, findElement {using=tag name, value=h3}]
Capabilities {acceptInsecureCerts: false, browserName: Safari, browserVersion: 15.1, goog:loggingPrefs: {browser: ALL, client: ALL, driver: ALL, performance: ALL, profiler: ALL, server: ALL}, javascriptEnabled: true, pageLoadStrategy: normal, platform: MAC, platformName: MAC, safari:automaticInspection: false, safari:automaticProfiling: false, safari:diagnose: false, safari:platformBuildVersion: 20G224, safari:platformVersion: 11.6.1, safari:useSimulator: false, setWindowRect: true, strictFileInteractability: false, timeouts: {pageLoad: 30000, script: 30000}, webkit:WebRTC: {DisableICECandidateFiltering: false, DisableInsecureMediaCapture: false}}
Session ID: E825F8F2-1568-4F82-971A-BCEDE1D7B56A
java.base/jdk.internal.reflect.NativeConstructorAccessorImpl.newInstance0(Native Method)
java.base/jdk.internal.reflect.NativeConstructorAccessorImpl.newInstance(NativeConstructorAccessorImpl.java:77)
java.base/jdk.internal.reflect.DelegatingConstructorAccessorImpl.newInstance(DelegatingConstructorAccessorImpl.java:45)
java.base/java.lang.reflect.Constructor.newInstanceWithCaller(Constructor.java:499)
java.base/java.lang.reflect.Constructor.newInstance(Constructor.java:480)
org.openqa.selenium.remote.codec.w3c.W3CHttpResponseCodec.createException(W3CHttpResponseCodec.java:200)
org.openqa.selenium.remote.codec.w3c.W3CHttpResponseCodec.decode(W3CHttpResponseCodec.java:133)
org.openqa.selenium.remote.codec.w3c.W3CHttpResponseCodec.decode(W3CHttpResponseCodec.java:53)
org.openqa.selenium.remote.HttpCommandExecutor.execute(HttpCommandExecutor.java:184)
org.openqa.selenium.remote.service.DriverCommandExecutor.invokeExecute(DriverCommandExecutor.java:164)
org.openqa.selenium.remote.service.DriverCommandExecutor.execute(DriverCommandExecutor.java:139)
org.openqa.selenium.remote.RemoteWebDriver.execute(RemoteWebDriver.java:559)
org.openqa.selenium.remote.ElementLocation$ElementFinder$2.findElement(ElementLocation.java:162)
org.openqa.selenium.remote.ElementLocation.findElement(ElementLocation.java:60)
org.openqa.selenium.remote.RemoteWebDriver.findElement(RemoteWebDriver.java:383)
org.openqa.selenium.remote.RemoteWebDriver.findElement(RemoteWebDriver.java:375)
com.shaft.gui.element.ElementActionsHelper.lambda$waitForElementPresence$0(ElementActionsHelper.java:71)
org.openqa.selenium.support.ui.FluentWait.until(FluentWait.java:208)
com.shaft.gui.element.ElementActionsHelper.waitForElementPresence(ElementActionsHelper.java:63)
com.shaft.gui.element.ElementActionsHelper.waitForElementPresence(ElementActionsHelper.java:37)
com.shaft.gui.element.WebDriverElementActions.getMatchingElementsCount(WebDriverElementActions.java:1468)
com.shaft.gui.element.WebDriverElementActions.getElementsCount(WebDriverElementActions.java:559)
com.shaft.gui.element.ElementActions.getElementsCount(ElementActions.java:261)
com.shaft.validation.ValidationsHelper.validateElementExists(ValidationsHelper.java:149)
com.shaft.validation.Assertions.assertElementExists(Assertions.java:118)
testPackage01.Test_NewValidationHelper.f11(Test_NewValidationHelper.java:137)
java.base/jdk.internal.reflect.NativeMethodAccessorImpl.invoke0(Native Method)
java.base/jdk.internal.reflect.NativeMethodAccessorImpl.invoke(NativeMethodAccessorImpl.java:77)
java.base/jdk.internal.reflect.DelegatingMethodAccessorImpl.invoke(DelegatingMethodAccessorImpl.java:43)
java.base/java.lang.reflect.Method.invoke(Method.java:568)
org.testng.internal.MethodInvocationHelper.invokeMethod(MethodInvocationHelper.java:133)
org.testng.internal.TestInvoker.invokeMethod(TestInvoker.java:598)
org.testng.internal.TestInvoker.invokeTestMethod(TestInvoker.java:173)
org.testng.internal.MethodRunner.runInSequence(MethodRunner.java:46)
org.testng.internal.TestInvoker$MethodInvocationAgent.invoke(TestInvoker.java:824)
org.testng.internal.TestInvoker.invokeTestMethods(TestInvoker.java:146)
org.testng.internal.TestMethodWorker.invokeTestMethods(TestMethodWorker.java:146)
org.testng.internal.TestMethodWorker.run(TestMethodWorker.java:128)
java.base/java.util.ArrayList.forEach(ArrayList.java:1511)
org.testng.TestRunner.privateRun(TestRunner.java:794)
org.testng.TestRunner.run(TestRunner.java:596)
org.testng.SuiteRunner.runTest(SuiteRunner.java:377)
org.testng.SuiteRunner.runSequentially(SuiteRunner.java:371)
org.testng.SuiteRunner.privateRun(SuiteRunner.java:332)
org.testng.SuiteRunner.run(SuiteRunner.java:276)
org.testng.SuiteRunnerWorker.runSuite(SuiteRunnerWorker.java:53)
org.testng.SuiteRunnerWorker.run(SuiteRunnerWorker.java:96)
org.testng.TestNG.runSuitesSequentially(TestNG.java:1212)
org.testng.TestNG.runSuitesLocally(TestNG.java:1134)
org.testng.TestNG.runSuites(TestNG.java:1063)
org.testng.TestNG.run(TestNG.java:1031)
org.apache.maven.surefire.testng.TestNGExecutor.run(TestNGExecutor.java:136)
org.apache.maven.surefire.testng.TestNGDirectoryTestSuite.executeMulti(TestNGDirectoryTestSuite.java:193)
org.apache.maven.surefire.testng.TestNGDirectoryTestSuite.execute(TestNGDirectoryTestSuite.java:94)
org.apache.maven.surefire.testng.TestNGProvider.invoke(TestNGProvider.java:145)
org.apache.maven.surefire.booter.ForkedBooter.runSuitesInProcess(ForkedBooter.java:428)
org.apache.maven.surefire.booter.ForkedBooter.execute(ForkedBooter.java:162)
org.apache.maven.surefire.booter.ForkedBooter.run(ForkedBooter.java:562)
org.apache.maven.surefire.booter.ForkedBooter.main(ForkedBooter.java:548) @30-11-2021 01:44:29.0981 AM
[ReportManager] org.openqa.selenium.TimeoutException:
Expected condition failed: waiting for com.shaft.gui.element.ElementActionsHelper$$Lambda$625/0x0000000801133498@4695f942 (tried for 5 second(s) with 1000 milliseconds interval)
org.openqa.selenium.support.ui.FluentWait.timeoutException(FluentWait.java:263)
org.openqa.selenium.support.ui.FluentWait.until(FluentWait.java:231)
com.shaft.gui.element.ElementActionsHelper.waitForElementPresence(ElementActionsHelper.java:63)
com.shaft.gui.element.ElementActionsHelper.waitForElementPresence(ElementActionsHelper.java:37)
com.shaft.gui.element.WebDriverElementActions.getMatchingElementsCount(WebDriverElementActions.java:1468)
com.shaft.gui.element.WebDriverElementActions.getElementsCount(WebDriverElementActions.java:559)
com.shaft.gui.element.ElementActions.getElementsCount(ElementActions.java:261)
com.shaft.gui.image.ScreenshotManager.internalCaptureScreenShot(ScreenshotManager.java:394)
com.shaft.gui.image.ScreenshotManager.captureScreenShot(ScreenshotManager.java:141)
com.shaft.validation.ValidationsHelper.reportValidationState(ValidationsHelper.java:823)
com.shaft.validation.ValidationsHelper.pass(ValidationsHelper.java:564)
com.shaft.validation.ValidationsHelper.validateElementExists(ValidationsHelper.java:166)
com.shaft.validation.Assertions.assertElementExists(Assertions.java:118)
testPackage01.Test_NewValidationHelper.f11(Test_NewValidationHelper.java:137)
java.base/jdk.internal.reflect.NativeMethodAccessorImpl.invoke0(Native Method)
java.base/jdk.internal.reflect.NativeMethodAccessorImpl.invoke(NativeMethodAccessorImpl.java:77)
java.base/jdk.internal.reflect.DelegatingMethodAccessorImpl.invoke(DelegatingMethodAccessorImpl.java:43)
java.base/java.lang.reflect.Method.invoke(Method.java:568)
org.testng.internal.MethodInvocationHelper.invokeMethod(MethodInvocationHelper.java:133)
org.testng.internal.TestInvoker.invokeMethod(TestInvoker.java:598)
org.testng.internal.TestInvoker.invokeTestMethod(TestInvoker.java:173)
org.testng.internal.MethodRunner.runInSequence(MethodRunner.java:46)
org.testng.internal.TestInvoker$MethodInvocationAgent.invoke(TestInvoker.java:824)
org.testng.internal.TestInvoker.invokeTestMethods(TestInvoker.java:146)
org.testng.internal.TestMethodWorker.invokeTestMethods(TestMethodWorker.java:146)
org.testng.internal.TestMethodWorker.run(TestMethodWorker.java:128)
java.base/java.util.ArrayList.forEach(ArrayList.java:1511)
org.testng.TestRunner.privateRun(TestRunner.java:794)
org.testng.TestRunner.run(TestRunner.java:596)
org.testng.SuiteRunner.runTest(SuiteRunner.java:377)
org.testng.SuiteRunner.runSequentially(SuiteRunner.java:371)
org.testng.SuiteRunner.privateRun(SuiteRunner.java:332)
org.testng.SuiteRunner.run(SuiteRunner.java:276)
org.testng.SuiteRunnerWorker.runSuite(SuiteRunnerWorker.java:53)
org.testng.SuiteRunnerWorker.run(SuiteRunnerWorker.java:96)
org.testng.TestNG.runSuitesSequentially(TestNG.java:1212)
org.testng.TestNG.runSuitesLocally(TestNG.java:1134)
org.testng.TestNG.runSuites(TestNG.java:1063)
org.testng.TestNG.run(TestNG.java:1031)
org.apache.maven.surefire.testng.TestNGExecutor.run(TestNGExecutor.java:136)
org.apache.maven.surefire.testng.TestNGDirectoryTestSuite.executeMulti(TestNGDirectoryTestSuite.java:193)
org.apache.maven.surefire.testng.TestNGDirectoryTestSuite.execute(TestNGDirectoryTestSuite.java:94)
org.apache.maven.surefire.testng.TestNGProvider.invoke(TestNGProvider.java:145)
org.apache.maven.surefire.booter.ForkedBooter.runSuitesInProcess(ForkedBooter.java:428)
org.apache.maven.surefire.booter.ForkedBooter.execute(ForkedBooter.java:162)
org.apache.maven.surefire.booter.ForkedBooter.run(ForkedBooter.java:562)
org.apache.maven.surefire.booter.ForkedBooter.main(ForkedBooter.java:548)

Caused by: org.openqa.selenium.NoSuchElementException:
For documentation on this error, please visit: https://selenium.dev/exceptions/#no_such_element
Build info: version: '4.1.0', revision: '87802e897b'
System info: host: 'Mac-1638236390997.local', ip: '10.212.6.188', os.name: 'Mac OS X', os.arch: 'x86_64', os.version: '11.5', java.version: '17.0.1'
Driver info: org.openqa.selenium.safari.SafariDriver
Command: [E825F8F2-1568-4F82-971A-BCEDE1D7B56A, findElement {using=tag name, value=h3}]
Capabilities {acceptInsecureCerts: false, browserName: Safari, browserVersion: 15.1, goog:loggingPrefs: {browser: ALL, client: ALL, driver: ALL, performance: ALL, profiler: ALL, server: ALL}, javascriptEnabled: true, pageLoadStrategy: normal, platform: MAC, platformName: MAC, safari:automaticInspection: false, safari:automaticProfiling: false, safari:diagnose: false, safari:platformBuildVersion: 20G224, safari:platformVersion: 11.6.1, safari:useSimulator: false, setWindowRect: true, strictFileInteractability: false, timeouts: {pageLoad: 30000, script: 30000}, webkit:WebRTC: {DisableICECandidateFiltering: false, DisableInsecureMediaCapture: false}}
Session ID: E825F8F2-1568-4F82-971A-BCEDE1D7B56A
jdk.internal.reflect.GeneratedConstructorAccessor70.newInstance(Unknown Source)
java.base/jdk.internal.reflect.DelegatingConstructorAccessorImpl.newInstance(DelegatingConstructorAccessorImpl.java:45)
java.base/java.lang.reflect.Constructor.newInstanceWithCaller(Constructor.java:499)
java.base/java.lang.reflect.Constructor.newInstance(Constructor.java:480)
org.openqa.selenium.remote.codec.w3c.W3CHttpResponseCodec.createException(W3CHttpResponseCodec.java:200)
org.openqa.selenium.remote.codec.w3c.W3CHttpResponseCodec.decode(W3CHttpResponseCodec.java:133)
org.openqa.selenium.remote.codec.w3c.W3CHttpResponseCodec.decode(W3CHttpResponseCodec.java:53)
org.openqa.selenium.remote.HttpCommandExecutor.execute(HttpCommandExecutor.java:184)
org.openqa.selenium.remote.service.DriverCommandExecutor.invokeExecute(DriverCommandExecutor.java:164)
org.openqa.selenium.remote.service.DriverCommandExecutor.execute(DriverCommandExecutor.java:139)
org.openqa.selenium.remote.RemoteWebDriver.execute(RemoteWebDriver.java:559)
org.openqa.selenium.remote.ElementLocation$ElementFinder$2.findElement(ElementLocation.java:162)
org.openqa.selenium.remote.ElementLocation.findElement(ElementLocation.java:60)
org.openqa.selenium.remote.RemoteWebDriver.findElement(RemoteWebDriver.java:383)
org.openqa.selenium.remote.RemoteWebDriver.findElement(RemoteWebDriver.java:375)
com.shaft.gui.element.ElementActionsHelper.lambda$waitForElementPresence$0(ElementActionsHelper.java:71)
org.openqa.selenium.support.ui.FluentWait.until(FluentWait.java:208)
com.shaft.gui.element.ElementActionsHelper.waitForElementPresence(ElementActionsHelper.java:63)
com.shaft.gui.element.ElementActionsHelper.waitForElementPresence(ElementActionsHelper.java:37)
com.shaft.gui.element.WebDriverElementActions.getMatchingElementsCount(WebDriverElementActions.java:1468)
com.shaft.gui.element.WebDriverElementActions.getElementsCount(WebDriverElementActions.java:559)
com.shaft.gui.element.ElementActions.getElementsCount(ElementActions.java:261)
com.shaft.gui.image.ScreenshotManager.internalCaptureScreenShot(ScreenshotManager.java:394)
com.shaft.gui.image.ScreenshotManager.captureScreenShot(ScreenshotManager.java:141)
com.shaft.validation.ValidationsHelper.reportValidationState(ValidationsHelper.java:823)
com.shaft.validation.ValidationsHelper.pass(ValidationsHelper.java:564)
com.shaft.validation.ValidationsHelper.validateElementExists(ValidationsHelper.java:166)
com.shaft.validation.Assertions.assertElementExists(Assertions.java:118)
testPackage01.Test_NewValidationHelper.f11(Test_NewValidationHelper.java:137)
java.base/jdk.internal.reflect.NativeMethodAccessorImpl.invoke0(Native Method)
java.base/jdk.internal.reflect.NativeMethodAccessorImpl.invoke(NativeMethodAccessorImpl.java:77)
java.base/jdk.internal.reflect.DelegatingMethodAccessorImpl.invoke(DelegatingMethodAccessorImpl.java:43)
java.base/java.lang.reflect.Method.invoke(Method.java:568)
org.testng.internal.MethodInvocationHelper.invokeMethod(MethodInvocationHelper.java:133)
org.testng.internal.TestInvoker.invokeMethod(TestInvoker.java:598)
org.testng.internal.TestInvoker.invokeTestMethod(TestInvoker.java:173)
org.testng.internal.MethodRunner.runInSequence(MethodRunner.java:46)
org.testng.internal.TestInvoker$MethodInvocationAgent.invoke(TestInvoker.java:824)
org.testng.internal.TestInvoker.invokeTestMethods(TestInvoker.java:146)
org.testng.internal.TestMethodWorker.invokeTestMethods(TestMethodWorker.java:146)
org.testng.internal.TestMethodWorker.run(TestMethodWorker.java:128)
java.base/java.util.ArrayList.forEach(ArrayList.java:1511)
org.testng.TestRunner.privateRun(TestRunner.java:794)
org.testng.TestRunner.run(TestRunner.java:596)
org.testng.SuiteRunner.runTest(SuiteRunner.java:377)
org.testng.SuiteRunner.runSequentially(SuiteRunner.java:371)
org.testng.SuiteRunner.privateRun(SuiteRunner.java:332)
org.testng.SuiteRunner.run(SuiteRunner.java:276)
org.testng.SuiteRunnerWorker.runSuite(SuiteRunnerWorker.java:53)
org.testng.SuiteRunnerWorker.run(SuiteRunnerWorker.java:96)
org.testng.TestNG.runSuitesSequentially(TestNG.java:1212)
org.testng.TestNG.runSuitesLocally(TestNG.java:1134)
org.testng.TestNG.runSuites(TestNG.java:1063)
org.testng.TestNG.run(TestNG.java:1031)
org.apache.maven.surefire.testng.TestNGExecutor.run(TestNGExecutor.java:136)
org.apache.maven.surefire.testng.TestNGDirectoryTestSuite.executeMulti(TestNGDirectoryTestSuite.java:193)
org.apache.maven.surefire.testng.TestNGDirectoryTestSuite.execute(TestNGDirectoryTestSuite.java:94)
org.apache.maven.surefire.testng.TestNGProvider.invoke(TestNGProvider.java:145)
org.apache.maven.surefire.booter.ForkedBooter.runSuitesInProcess(ForkedBooter.java:428)
org.apache.maven.surefire.booter.ForkedBooter.execute(ForkedBooter.java:162)
org.apache.maven.surefire.booter.ForkedBooter.run(ForkedBooter.java:562)
org.apache.maven.surefire.booter.ForkedBooter.main(ForkedBooter.java:548) @30-11-2021 01:44:35.0159 AM
[ReportManager] Assertion Passed: Checking that false tag doesn't exist @30-11-2021 01:44:35.0284 AM
[ReportManager] Successfully created attachment [Screenshot - 1638236675187_f11_ValidateElementExists_passed] @30-11-2021 01:44:35.0286 AM
[ReportManager] Assertion [ValidateElementExists] PASSED. Expected [Element Should not Exist, locator 'By.tagName: h3'] and Actual [Element Doesn't Exists]. Comparison Type [EQUALS]. Validation Type [NEGATIVE]. @30-11-2021 01:44:35.0286 A
[ReportManager] Successfully Closed All Drivers. @30-11-2021 01:44:35.0428 A
[ReportManager] File Action [GetAbsolutePath] successfully performed. With the following test data [Relative Folder Path: "target/downloadedFiles/"]. @30-11-2021 01:44:35.0431 AM
[ReportManager] Attempting to run locally on: [Mac-64], [Safari], Headless Execution. @30-11-2021 01:44:35.0431 AM
[ReportManager] Successfully Opened Safari. @30-11-2021 01:44:36.0313 AM
[ReportManager] Initial window size: (800, 600) @30-11-2021 01:44:36.0331 AM
[ReportManager] Window size after SWD Maximize: (1176, 803) @30-11-2021 01:44:36.0346 AM
[ReportManager] Browser Action [MaximizeWindow] successfully performed. With the following test data [New screen size is now: (1176, 803)]. @30-11-2021 01:44:36.0346 AM
[ReportManager] Target URL: [https://the-internet.herokuapp.com/] @30-11-2021 01:44:36.0346 AM
[ReportManager] Initial URL: [] @30-11-2021 01:44:36.0405 AM
[ReportManager] Browser Action [NavigateToURL] successfully performed. With the following test data [https://the-internet.herokuapp.com/]. @30-11-2021 01:44:37.0521 A

################################################################################################################################################
Starting Execution:	[80 out of 146] test cases in the current suite
Test Method:		[testPackage01.Test_NewValidationHelper.f12]
################################################################################################################################################
[ReportManager] Loaded Shared OpenCV @30-11-2021 01:44:37.0644 AM
[ReportManager] Assertion [ValidateElementExists] FAILED. Expected [Element Should not Exist, locator 'By.tagName: h1'] and Actual [Element Exists]. Comparison Type [EQUALS]. Validation Type [NEGATIVE]. @30-11-2021 01:44:37.0764 AM
[ReportManager] Successfully created attachment [Screenshot - 1638236677644_f12_ValidateElementExists_failed] @30-11-2021 01:44:37.0767 A
[ReportManager] Successfully Closed All Drivers. @30-11-2021 01:44:37.0906 A
[ReportManager] File Action [GetAbsolutePath] successfully performed. With the following test data [Relative Folder Path: "target/downloadedFiles/"]. @30-11-2021 01:44:37.0909 AM
[ReportManager] Attempting to run locally on: [Mac-64], [Safari], Headless Execution. @30-11-2021 01:44:37.0909 AM
[ReportManager] An Exception Occured with this Message: Could not start a new session. Possible causes are invalid address of the remote server or browser start-up failure.. @30-11-2021 01:44:38.0223 AM
[ReportManager] Successfully created attachment [Exception Stack Trace - org.openqa.selenium.SessionNotCreatedException] @30-11-2021 01:44:38.0224 AM
[ReportManager] Driver Factory Action [createNewLocalDriverInstanceForSafari] failed. With the following test data [Failed to create a session on DESKTOP_SAFARI]. @30-11-2021 01:44:38.0224 A

################################################################################################################################################
Starting Execution:	[81 out of 146] test cases in the current suite
Test Method:		[testPackage01.Test_NewValidationHelper.f13]
###############################################################################################################################################



################################################################################################################################################
Starting Execution:	[82 out of 146] test cases in the current suite
Test Method:		[testPackage01.Test_NewValidationHelper.f14]
###############################################################################################################################################



################################################################################################################################################
Starting Execution:	[83 out of 146] test cases in the current suite
Test Method:		[testPackage01.Test_NewValidationHelper.f15]
###############################################################################################################################################



################################################################################################################################################
Starting Execution:	[84 out of 146] test cases in the current suite
Test Method:		[testPackage01.Test_NewValidationHelper.f16]
###############################################################################################################################################



################################################################################################################################################
Starting Execution:	[85 out of 146] test cases in the current suite
Test Method:		[testPackage01.Test_NewValidationHelper.f17]
###############################################################################################################################################



################################################################################################################################################
Starting Execution:	[86 out of 146] test cases in the current suite
Test Method:		[testPackage01.Test_NewValidationHelper.f18]
###############################################################################################################################################


################################################################################################################################################
Starting Execution:	[87 out of 146] test cases in the current suite
Test Method:		[testPackage01.Test_NewValidationHelper.f2]
###############################################################################################################################################


################################################################################################################################################
Starting Execution:	[88 out of 146] test cases in the current suite
Test Method:		[testPackage01.Test_NewValidationHelper.f20]
###############################################################################################################################################



################################################################################################################################################
Starting Execution:	[89 out of 146] test cases in the current suite
Test Method:		[testPackage01.Test_NewValidationHelper.f21]
###############################################################################################################################################



################################################################################################################################################
Starting Execution:	[90 out of 146] test cases in the current suite
Test Method:		[testPackage01.Test_NewValidationHelper.f22]
###############################################################################################################################################


################################################################################################################################################
Starting Execution:	[91 out of 146] test cases in the current suite
Test Method:		[testPackage01.Test_NewValidationHelper.f23]
###############################################################################################################################################

################################################################################################################################################
Starting Execution:	[92 out of 146] test cases in the current suite
Test Method:		[testPackage01.Test_NewValidationHelper.f24]
###############################################################################################################################################

################################################################################################################################################
Starting Execution:	[93 out of 146] test cases in the current suite
Test Method:		[testPackage01.Test_NewValidationHelper.f25]
###############################################################################################################################################

################################################################################################################################################
Starting Execution:	[94 out of 146] test cases in the current suite
Test Method:		[testPackage01.Test_NewValidationHelper.f26]
###############################################################################################################################################

################################################################################################################################################
Starting Execution:	[95 out of 146] test cases in the current suite
Test Method:		[testPackage01.Test_NewValidationHelper.f27]
###############################################################################################################################################

################################################################################################################################################
Starting Execution:	[96 out of 146] test cases in the current suite
Test Method:		[testPackage01.Test_NewValidationHelper.f28]
###############################################################################################################################################

################################################################################################################################################
Starting Execution:	[97 out of 146] test cases in the current suite
Test Method:		[testPackage01.Test_NewValidationHelper.f29]
###############################################################################################################################################

################################################################################################################################################
Starting Execution:	[98 out of 146] test cases in the current suite
Test Method:		[testPackage01.Test_NewValidationHelper.f3]
###############################################################################################################################################

################################################################################################################################################
Starting Execution:	[99 out of 146] test cases in the current suite
Test Method:		[testPackage01.Test_NewValidationHelper.f30]
###############################################################################################################################################

################################################################################################################################################
Starting Execution:	[100 out of 146] test cases in the current suite
Test Method:		[testPackage01.Test_NewValidationHelper.f31]
###############################################################################################################################################

################################################################################################################################################
Starting Execution:	[101 out of 146] test cases in the current suite
Test Method:		[testPackage01.Test_NewValidationHelper.f32]
###############################################################################################################################################

################################################################################################################################################
Starting Execution:	[102 out of 146] test cases in the current suite
Test Method:		[testPackage01.Test_NewValidationHelper.f33]
###############################################################################################################################################

################################################################################################################################################
Starting Execution:	[103 out of 146] test cases in the current suite
Test Method:		[testPackage01.Test_NewValidationHelper.f34]
###############################################################################################################################################

################################################################################################################################################
Starting Execution:	[104 out of 146] test cases in the current suite
Test Method:		[testPackage01.Test_NewValidationHelper.f35]
###############################################################################################################################################

################################################################################################################################################
Starting Execution:	[105 out of 146] test cases in the current suite
Test Method:		[testPackage01.Test_NewValidationHelper.f36]
###############################################################################################################################################

################################################################################################################################################
Starting Execution:	[106 out of 146] test cases in the current suite
Test Method:		[testPackage01.Test_NewValidationHelper.f37]
###############################################################################################################################################

################################################################################################################################################
Starting Execution:	[107 out of 146] test cases in the current suite
Test Method:		[testPackage01.Test_NewValidationHelper.f3_1]
###############################################################################################################################################

################################################################################################################################################
Starting Execution:	[108 out of 146] test cases in the current suite
Test Method:		[testPackage01.Test_NewValidationHelper.f4]
###############################################################################################################################################

################################################################################################################################################
Starting Execution:	[109 out of 146] test cases in the current suite
Test Method:		[testPackage01.Test_NewValidationHelper.f5]
###############################################################################################################################################

################################################################################################################################################
Starting Execution:	[110 out of 146] test cases in the current suite
Test Method:		[testPackage01.Test_NewValidationHelper.f6]
###############################################################################################################################################

################################################################################################################################################
Starting Execution:	[111 out of 146] test cases in the current suite
Test Method:		[testPackage01.Test_NewValidationHelper.f6_1]
###############################################################################################################################################

################################################################################################################################################
Starting Execution:	[112 out of 146] test cases in the current suite
Test Method:		[testPackage01.Test_NewValidationHelper.f6_2]
###############################################################################################################################################

################################################################################################################################################
Starting Execution:	[113 out of 146] test cases in the current suite
Test Method:		[testPackage01.Test_NewValidationHelper.f7]
###############################################################################################################################################


################################################################################################################################################
Starting Execution:	[114 out of 146] test cases in the current suite
Test Method:		[testPackage01.Test_NewValidationHelper.f8]
###############################################################################################################################################



################################################################################################################################################
Starting Execution:	[115 out of 146] test cases in the current suite
Test Method:		[testPackage01.Test_NewValidationHelper.f9]
###############################################################################################################################################


################################################################################################################################################
Starting Execution:	[116 out of 146] test cases in the current suite
Test Method:		[testPackage01.Test_NewValidationHelper.forceFail]
###############################################################################################################################################

################################################################################################################################################
Starting Execution:	[117 out of 146] test cases in the current suite
Test Method:		[testPackage01.Test_NewValidationHelper.forceFail2]
###############################################################################################################################################

################################################################################################################################################
Starting Execution:	[118 out of 146] test cases in the current suite
Test Method:		[testPackage01.Test_JsonActions.f]
###############################################################################################################################################

################################################################################################################################################
Starting Execution:	[119 out of 146] test cases in the current suite
Test Method:		[testPackage01.Test_JsonActions.f2]
###############################################################################################################################################

################################################################################################################################################
Starting Execution:	[120 out of 146] test cases in the current suite
Test Method:		[testPackage01.Test_sendGraphqlRequest.sendGraphqlRequestUsingMutationAndVariables]
################################################################################################################################################
[ReportManager] GraphQl Request is being Performed with the Following Parameters [Service URL: https://api.spacex.land/graphql | Request Body: {"variables":"{\"name\": \"sherlock holmes\",\"rocket\": \"221B Baker Street\"}","query":"mutation ($name: String, $rocket: String) {\n  insert_users(objects: {name: $name, rocket: $rocket}) {\n    returning {\n      name\n      rocket\n    }\n  }\n}"}] @30-11-2021 01:44:38.0509 AM
[ReportManager] Response status code: [200], status line: [HTTP/1.1 200 OK] @30-11-2021 01:44:43.0503 AM
[ReportManager] Assertion Passed: Evaluating the actual response status code against the expected one... @30-11-2021 01:44:43.0503 AM
[ReportManager] Assertion [ValidateComparativeRelation] PASSED. Expected [200] and Actual [200]. Comparison Type [EQUALS]. Validation Type [POSITIVE]. @30-11-2021 01:44:43.0503 AM
[ReportManager] API Action [PerformRequest] successfully performed. With the following test data [Request Type: "POST" | Target Status Code: "200" | Service URL: "https://api.spacex.land/graphql" | Content Type: "application/json" | Response Time: "4649ms"]. @30-11-2021 01:44:43.0532 AM
[ReportManager] Successfully created attachment [API Request - Specifications] @30-11-2021 01:44:43.0533 AM
[ReportManager] Successfully created attachment [API Request - JSON Body] @30-11-2021 01:44:43.0533 AM
[ReportManager] Successfully created attachment [API Response - JSON Body] @30-11-2021 01:44:43.0534 AM
[ReportManager] API Action [GetResponseJSONValue] successfully performed. With the following test data [data.insert_users.returning[0].name]. @30-11-2021 01:44:43.0578 AM
[ReportManager] Assertion [ValidateEquals] PASSED. Expected [sherlock holmes] and Actual [sherlock holmes]. Comparison Type [EQUALS]. Validation Type [POSITIVE]. @30-11-2021 01:44:43.0579 A

################################################################################################################################################
Starting Execution:	[121 out of 146] test cases in the current suite
Test Method:		[testPackage01.Test_sendGraphqlRequest.sendGraphqlRequestUsingQuery]
################################################################################################################################################
[ReportManager] GraphQl Request is being Performed with the Following Parameters [Service URL: https://api.spacex.land/graphql | Request Body: {"query":"{company {ceo}}"}] @30-11-2021 01:44:43.0583 AM
[ReportManager] Response status code: [200], status line: [HTTP/1.1 200 OK] @30-11-2021 01:44:43.0833 AM
[ReportManager] Assertion Passed: Evaluating the actual response status code against the expected one... @30-11-2021 01:44:43.0834 AM
[ReportManager] Assertion [ValidateComparativeRelation] PASSED. Expected [200] and Actual [200]. Comparison Type [EQUALS]. Validation Type [POSITIVE]. @30-11-2021 01:44:43.0834 AM
[ReportManager] API Action [PerformRequest] successfully performed. With the following test data [Request Type: "POST" | Target Status Code: "200" | Service URL: "https://api.spacex.land/graphql" | Content Type: "application/json" | Response Time: "246ms"]. @30-11-2021 01:44:43.0846 AM
[ReportManager] Successfully created attachment [API Request - Specifications] @30-11-2021 01:44:43.0847 AM
[ReportManager] Successfully created attachment [API Request - JSON Body] @30-11-2021 01:44:43.0848 AM
[ReportManager] Successfully created attachment [API Response - JSON Body] @30-11-2021 01:44:43.0848 AM
[ReportManager] API Action [GetResponseJSONValue] successfully performed. With the following test data [data.company.ceo]. @30-11-2021 01:44:43.0860 AM
[ReportManager] Assertion [ValidateEquals] PASSED. Expected [Elon Musk] and Actual [Elon Musk]. Comparison Type [EQUALS]. Validation Type [POSITIVE]. @30-11-2021 01:44:43.0860 A

################################################################################################################################################
Starting Execution:	[122 out of 146] test cases in the current suite
Test Method:		[testPackage01.Test_MatchJsonSchema.checkAPI_ResponseSchema]
################################################################################################################################################
[ReportManager] Response status code: [200], status line: [HTTP/1.1 200 OK] @30-11-2021 01:44:44.0058 AM
[ReportManager] Assertion Passed: Evaluating the actual response status code against the expected one... @30-11-2021 01:44:44.0058 AM
[ReportManager] Assertion [ValidateComparativeRelation] PASSED. Expected [200] and Actual [200]. Comparison Type [EQUALS]. Validation Type [POSITIVE]. @30-11-2021 01:44:44.0058 AM
[ReportManager] API Action [PerformRequest] successfully performed. With the following test data [Request Type: "GET" | Target Status Code: "200" | Service URL: "http://api.zippopotam.us/us/90210" | Content Type: "*/*" | Response Time: "188ms"]. @30-11-2021 01:44:44.0073 AM
[ReportManager] Successfully created attachment [API Request - Specifications] @30-11-2021 01:44:44.0163 AM
[ReportManager] Successfully created attachment [API Response - JSON Body] @30-11-2021 01:44:44.0164 AM
[ReportManager] File Action [GetAbsolutePath] successfully performed. With the following test data [Relative Folder Path: "src/test/resources/testDataFiles/schema.json"]. @30-11-2021 01:44:44.0166 AM
[ReportManager] File Action [GetAbsolutePath] successfully performed. With the following test data [Relative Folder Path: "/Users/runner/work/SHAFT_ENGINE/SHAFT_ENGINE/src/test/resources/testDataFiles/schema.json"]. @30-11-2021 01:44:44.0971 AM
[ReportManager] File Action [ReadFromFile] successfully performed. With the following test data [File Path: "/Users/runner/work/SHAFT_ENGINE/SHAFT_ENGINE/src/test/resources/testDataFiles/schema.json"]. @30-11-2021 01:44:44.0971 AM
[ReportManager] Assertion Passed: Then I Assert that the API response schema matches that in this file [src/test/resources/testDataFiles/schema.json]. @30-11-2021 01:44:44.0974 AM
[ReportManager] Successfully created attachment [Validation Test Data - Expected JSON Value] @30-11-2021 01:44:44.0975 AM
[ReportManager] Successfully created attachment [Validation Test Data - Actual JSON Value] @30-11-2021 01:44:44.0976 AM
[ReportManager] Assertion [ValidateResponseFileSchema] PASSED. Expected [Response data should match the JSON File in this path '/Users/runner/work/SHAFT_ENGINE/SHAFT_ENGINE/src/test/resources/testDataFiles/schema.json'] and Actual [TRUE]. Comparison Type [EQUALS]. Validation Type [POSITIVE]. @30-11-2021 01:44:44.0976 A
[ReportManager] File Action [GetAbsolutePath] successfully performed. With the following test data [Relative Folder Path: "target/downloadedFiles/"]. @30-11-2021 01:44:44.0980 AM
[ReportManager] Attempting to run locally on: [Mac-64], [Safari], Headless Execution. @30-11-2021 01:44:44.0980 AM
[ReportManager] Successfully Opened Safari. @30-11-2021 01:44:45.0844 AM
[ReportManager] Initial window size: (800, 600) @30-11-2021 01:44:45.0916 AM
[ReportManager] Window size after SWD Maximize: (1176, 803) @30-11-2021 01:44:46.0051 AM
[ReportManager] Browser Action [MaximizeWindow] successfully performed. With the following test data [New screen size is now: (1176, 803)]. @30-11-2021 01:44:46.0052 A

################################################################################################################################################
Starting Execution:	[123 out of 146] test cases in the current suite
Test Method:		[testPackage01.Test_dragAndDrop.dragAndDropJquery]
################################################################################################################################################
[ReportManager] Target URL: [https://jqueryui.com/resources/demos/droppable/default.html] @30-11-2021 01:44:46.0063 AM
[ReportManager] Initial URL: [] @30-11-2021 01:44:46.0130 AM
[ReportManager] Browser Action [NavigateToURL] successfully performed. With the following test data [https://jqueryui.com/resources/demos/droppable/default.html]. @30-11-2021 01:44:46.0780 AM
[ReportManager] Element Action [GetText] successfully performed. With the following test data [
	Drop here
]. @30-11-2021 01:44:46.0826 AM
[ReportManager] Element Action [DragAndDrop] successfully performed. With the following test data [Start point: (8, 18), End point: (8, 18)]. @30-11-2021 01:44:48.0018 AM
[ReportManager] Element Action [GetText] successfully performed. With the following test data [
	Dropped!
]. @30-11-2021 01:44:48.0077 AM
[ReportManager] Assertion Passed: Checking to see if the text has changed after performing drag and drop @30-11-2021 01:44:48.0078 AM
[ReportManager] Assertion [ValidateEquals] PASSED. Expected [
	Drop here
] and Actual [
	Dropped!
]. Comparison Type [EQUALS]. Validation Type [NEGATIVE]. @30-11-2021 01:44:48.0078 A
[ReportManager] Browser Action [CloseCurrentWindow] successfully performed. @30-11-2021 01:44:48.0446 AM
[ReportManager] Successfully created attachment [Browser Action Test Data - CloseCurrentWindow - Actual Value] @30-11-2021 01:44:48.0488 A
[ReportManager] File Action [GetAbsolutePath] successfully performed. With the following test data [Relative Folder Path: "target/downloadedFiles/"]. @30-11-2021 01:44:48.0612 AM
[ReportManager] Attempting to run locally on: [Mac-64], [Safari], Headless Execution. @30-11-2021 01:44:48.0612 AM
[ReportManager] Successfully Opened Safari. @30-11-2021 01:44:49.0596 AM
[ReportManager] Initial window size: (800, 600) @30-11-2021 01:44:49.0635 AM
[ReportManager] Window size after SWD Maximize: (1176, 803) @30-11-2021 01:44:49.0698 AM
[ReportManager] Browser Action [MaximizeWindow] successfully performed. With the following test data [New screen size is now: (1176, 803)]. @30-11-2021 01:44:49.0698 A

################################################################################################################################################
Starting Execution:	[124 out of 146] test cases in the current suite
Test Method:		[testPackage01.Test_dragAndDrop.dragAndDrop]
Test Description:	[TC001 - Test Drag and Drop function.]
################################################################################################################################################
[ReportManager] Target URL: [http://the-internet.herokuapp.com/drag_and_drop] @30-11-2021 01:44:49.0798 AM
[ReportManager] Initial URL: [] @30-11-2021 01:44:49.0852 AM
[ReportManager] Browser Action [NavigateToURL] successfully performed. With the following test data [http://the-internet.herokuapp.com/drag_and_drop]. @30-11-2021 01:44:51.0157 AM
[ReportManager] Attempting Drag and Drop @30-11-2021 01:44:51.0158 AM
[ReportManager] Element Action [DragAndDrop] successfully performed. With the following test data [Start point: (120, 89), End point: (335, 89)]. @30-11-2021 01:44:51.0907 A
[ReportManager] Browser Action [CloseCurrentWindow] successfully performed. @30-11-2021 01:44:52.0099 AM
[ReportManager] Successfully created attachment [Browser Action Test Data - CloseCurrentWindow - Actual Value] @30-11-2021 01:44:52.0141 A
[ReportManager] File Action [GetAbsolutePath] successfully performed. With the following test data [Relative Folder Path: "target/downloadedFiles/"]. @30-11-2021 01:44:52.0266 AM
[ReportManager] Attempting to run locally on: [Mac-64], [Safari], Headless Execution. @30-11-2021 01:44:52.0267 AM
[ReportManager] An Exception Occured with this Message: Could not start a new session. Possible causes are invalid address of the remote server or browser start-up failure.. @30-11-2021 01:44:52.0391 AM
[ReportManager] Successfully created attachment [Exception Stack Trace - org.openqa.selenium.SessionNotCreatedException] @30-11-2021 01:44:52.0432 AM
[ReportManager] Driver Factory Action [createNewLocalDriverInstanceForSafari] failed. With the following test data [Failed to create a session on DESKTOP_SAFARI]. @30-11-2021 01:44:52.0433 A

################################################################################################################################################
Starting Execution:	[125 out of 146] test cases in the current suite
Test Method:		[testPackage01.Test_dragAndDrop.dragAndDropByOffset]
Test Description:	[TC002 - Test Drag and Drop by offset function.]
###############################################################################################################################################

[ReportManager] Successfully loaded the following test data file [src/test/resources/testDataFiles/testSuite01/TestData.xlsx]. @30-11-2021 01:44:52.0675 AM
[ReportManager] Successfully created attachment [Test Data - Excel] @30-11-2021 01:44:52.0757 AM
[ReportManager] File Action [GetAbsolutePath] successfully performed. With the following test data [Relative Folder Path: "target/downloadedFiles/"]. @30-11-2021 01:44:52.0757 AM
[ReportManager] Attempting to run locally on: [Mac-64], [Safari], Headless Execution. @30-11-2021 01:44:52.0757 AM
[ReportManager] Successfully Opened Safari. @30-11-2021 01:44:53.0737 AM
[ReportManager] Initial window size: (800, 600) @30-11-2021 01:44:53.0778 AM
[ReportManager] Window size after SWD Maximize: (1176, 803) @30-11-2021 01:44:53.0921 AM
[ReportManager] Browser Action [MaximizeWindow] successfully performed. With the following test data [New screen size is now: (1176, 803)]. @30-11-2021 01:44:53.0922 A

################################################################################################################################################
Starting Execution:	[126 out of 146] test cases in the current suite
Test Method:		[testPackage01.Test_google.navigateToURLandVerifyGoogleLogoIsDisplayed]
Test Description:	[TC001 - Navigate to URL and Verify Google Logo is Displayed]
################################################################################################################################################
[ReportManager] Target URL: [https://www.google.com/ncr], and after redirection: [https://www.google.com] @30-11-2021 01:44:53.0933 AM
[ReportManager] Initial URL: [] @30-11-2021 01:44:53.0995 AM
[ReportManager] Browser Action [NavigateToURL] successfully performed. With the following test data [https://www.google.com/ncr]. @30-11-2021 01:44:55.0850 AM
[ReportManager] Loaded Shared OpenCV @30-11-2021 01:44:55.0932 AM
[ReportManager] Assertion Passed: Then I Assert that the element found by [By.xpath: //*[@id='hplogo' or @alt='Google']] exists. @30-11-2021 01:44:56.0205 AM
[ReportManager] Successfully created attachment [Screenshot - 1638236695932_navigateToURLandVerifyGoogleLogoIsDisplayed_ValidateElementExists_passed] @30-11-2021 01:44:56.0288 AM
[ReportManager] Assertion [ValidateElementExists] PASSED. Expected [Element Should Exist, locator 'By.xpath: //*[@id='hplogo' or @alt='Google']'] and Actual [Element Exists]. Comparison Type [EQUALS]. Validation Type [POSITIVE]. @30-11-2021 01:44:56.0288 A

################################################################################################################################################
Starting Execution:	[127 out of 146] test cases in the current suite
Test Method:		[testPackage01.Test_google.searchForQueryandAssertResultsNumDisplayed]
Test Description:	[TC002 - Search for Query and Assert that the number of results is displayed]
################################################################################################################################################
[ReportManager] Element Action [Type] successfully performed. With the following test data [SHAFT_Engine]. @30-11-2021 01:44:56.0466 AM
[ReportManager] Element Action [KeyPress] successfully performed. With the following test data [Enter]. @30-11-2021 01:44:56.0529 AM
[ReportManager] Element Action [GetText] successfully performed. With the following test data [About 873,000 results (0.64 seconds)Â ]. @30-11-2021 01:44:57.0701 AM
[ReportManager] Loaded Shared OpenCV @30-11-2021 01:44:58.0322 AM
[ReportManager] Assertion Passed: Then I Assert that the element found by [By.id: appbar] text does not equal []. @30-11-2021 01:44:58.0631 AM
[ReportManager] Successfully created attachment [Screenshot - 1638236698322_searchForQueryandAssertResultsNumDisplayed_ValidateElementAttribute_passed] @30-11-2021 01:44:58.0716 AM
[ReportManager] Assertion [ValidateElementAttribute] PASSED. Expected [Value Should not be '' for the 'text' attribute, element locator 'By.id: appbar'] and Actual [About 873,000 results (0.64 seconds)Â ]. Comparison Type [EQUALS]. Validation Type [NEGATIVE]. @30-11-2021 01:44:58.0716 A

################################################################################################################################################
Starting Execution:	[128 out of 146] test cases in the current suite
Test Method:		[testPackage01.Test_google.clickNextThrice]
Test Description:	[TC003 - Clicks the next button to make sure that the framework can scroll element into view before clicking it]
################################################################################################################################################
[ReportManager] Element Action [Click] successfully performed. With the following test data [By.xpath: //span[text()='Next']]. @30-11-2021 01:44:59.0177 A
[ReportManager] Successfully Closed All Drivers. @30-11-2021 01:44:59.0515 A
[ReportManager] File Action [GetAbsolutePath] successfully performed. With the following test data [Relative Folder Path: "target/downloadedFiles/"]. @30-11-2021 01:44:59.0558 AM
[ReportManager] Attempting to run locally on: [Mac-64], [Safari], Headless Execution. @30-11-2021 01:44:59.0558 AM
[ReportManager] Successfully Opened Safari. @30-11-2021 01:45:01.0577 AM
[ReportManager] Initial window size: (800, 600) @30-11-2021 01:45:01.0621 AM
[ReportManager] Window size after SWD Maximize: (1176, 803) @30-11-2021 01:45:01.0646 AM
[ReportManager] Browser Action [MaximizeWindow] successfully performed. With the following test data [New screen size is now: (1176, 803)]. @30-11-2021 01:45:01.0647 A

################################################################################################################################################
Starting Execution:	[129 out of 146] test cases in the current suite
Test Method:		[testPackage01.Test_chainableElementActions.chainElementActions]
################################################################################################################################################
[ReportManager] Target URL: [https://www.google.com/ncr], and after redirection: [https://www.google.com] @30-11-2021 01:45:01.0787 AM
[ReportManager] Initial URL: [] @30-11-2021 01:45:01.0820 AM
[ReportManager] Browser Action [NavigateToURL] successfully performed. With the following test data [https://www.google.com/ncr]. @30-11-2021 01:45:03.0672 AM
[ReportManager] Element Action [Type] successfully performed. With the following test data [chained type 1]. @30-11-2021 01:45:03.0862 AM
[ReportManager] Element Action [Type] successfully performed. With the following test data [chained type 2]. @30-11-2021 01:45:04.0077 AM
[ReportManager] Element Action [TypeAppend] successfully performed. With the following test data [345]. @30-11-2021 01:45:04.0148 AM
[ReportManager] Element Action [GetText] successfully performed. With the following test data [chained type 2345]. @30-11-2021 01:45:04.0230 AM
[ReportManager] Loaded Shared OpenCV @30-11-2021 01:45:04.0354 AM
[ReportManager] Assertion Passed: Then I Assert that the element found by [By.name: q] text is equal to [chained type 2345]. @30-11-2021 01:45:04.0707 AM
[ReportManager] Successfully created attachment [Screenshot - 1638236704354_chainElementActions_ValidateElementAttribute_passed] @30-11-2021 01:45:04.0790 AM
[ReportManager] Assertion [ValidateElementAttribute] PASSED. Expected [Value Should be 'chained type 2345' for the 'text' attribute, element locator 'By.name: q'] and Actual [chained type 2345]. Comparison Type [EQUALS]. Validation Type [POSITIVE]. @30-11-2021 01:45:04.0790 A
[ReportManager] Successfully Closed All Drivers. @30-11-2021 01:45:05.0131 A
[ReportManager] File Action [GetAbsolutePath] successfully performed. With the following test data [Relative Folder Path: "target/downloadedFiles/"]. @30-11-2021 01:45:05.0256 AM
[ReportManager] Attempting to run locally on: [Mac-64], [Safari], Headless Execution. @30-11-2021 01:45:05.0256 AM
[ReportManager] Successfully Opened Safari. @30-11-2021 01:45:06.0171 AM
[ReportManager] Initial window size: (800, 600) @30-11-2021 01:45:06.0182 AM
[ReportManager] Window size after SWD Maximize: (1176, 803) @30-11-2021 01:45:06.0267 AM
[ReportManager] Browser Action [MaximizeWindow] successfully performed. With the following test data [New screen size is now: (1176, 803)]. @30-11-2021 01:45:06.0267 A

################################################################################################################################################
Starting Execution:	[130 out of 146] test cases in the current suite
Test Method:		[testPackage01.Test_RelativeLocators.relativeLocatorsTest1]
################################################################################################################################################
[ReportManager] Target URL: [https://duckduckgo.com/] @30-11-2021 01:45:06.0433 AM
[ReportManager] Initial URL: [] @30-11-2021 01:45:06.0474 AM
[ReportManager] Browser Action [NavigateToURL] successfully performed. With the following test data [https://duckduckgo.com/]. @30-11-2021 01:45:07.0375 AM
[ReportManager] Element Action [Type] successfully performed. With the following test data [SHAFT_Engine]. @30-11-2021 01:45:07.0522 AM
[ReportManager] Element Action [KeyPress] successfully performed. With the following test data [ENTER]. @30-11-2021 01:45:07.0696 AM
[ReportManager] Element Action [GetText] successfully performed. With the following test data [GitHub - MohabMohie/SHAFT_ENGINE: SHAFT_ENGINE is a Test ...]. @30-11-2021 01:45:09.0137 AM
[ReportManager] Loaded Shared OpenCV @30-11-2021 01:45:09.0267 AM
[ReportManager] Assertion Passed: Then I Assert that the element found by [Relative Locator: {root={xpath=//a[@class='result__a js-result-title-link']}, filters=[{kind=below, args=[{xpath=//input[@name='q']}]}]}] text does not equal []. @30-11-2021 01:45:09.0583 AM
[ReportManager] Successfully created attachment [Screenshot - 1638236709266_relativeLocatorsTest1_ValidateElementAttribute_passed] @30-11-2021 01:45:09.0674 AM
[ReportManager] Assertion [ValidateElementAttribute] PASSED. Expected [Value Should not be '' for the 'text' attribute, element locator '[unknown locator]'] and Actual [GitHub - MohabMohie/SHAFT_ENGINE: SHAFT_ENGINE is a Test ...]. Comparison Type [EQUALS]. Validation Type [NEGATIVE]. @30-11-2021 01:45:09.0674 A
[ReportManager] Browser Action [CloseCurrentWindow] successfully performed. @30-11-2021 01:45:09.0942 AM
[ReportManager] Successfully created attachment [Browser Action Test Data - CloseCurrentWindow - Actual Value] @30-11-2021 01:45:09.0983 A

################################################################################################################################################
Starting Execution:	[131 out of 146] test cases in the current suite
Test Method:		[testPackage01.Test_JsonCompareWithSpecialCharacters.specialCharacters]
################################################################################################################################################
[ReportManager] File Action [GetAbsolutePath] successfully performed. With the following test data [Relative Folder Path: "src/test/resources/testDataFiles/specialCharacters.json"]. @30-11-2021 01:45:10.0113 AM
[ReportManager] File Action [ReadFromFile] successfully performed. With the following test data [File Path: "/Users/runner/work/SHAFT_ENGINE/SHAFT_ENGINE/src/test/resources/testDataFiles/specialCharacters.json"]. @30-11-2021 01:45:10.0114 AM
[ReportManager] Successfully created attachment [File Action Actual Result - Command Log] @30-11-2021 01:45:10.0197 AM
[ReportManager] Comparing the provided API response with the file at this path "src/test/resources/testDataFiles/specialCharacters.json", comparison type "EQUALS" @30-11-2021 01:45:10.0202 AM
[ReportManager] API Action [CompareJSON] successfully performed. With the following test data [src/test/resources/testDataFiles/specialCharacters.json]. @30-11-2021 01:45:10.0212 AM
[ReportManager] File Action [GetAbsolutePath] successfully performed. With the following test data [Relative Folder Path: "src/test/resources/testDataFiles/specialCharacters.json"]. @30-11-2021 01:45:10.0213 AM
[ReportManager] File Action [ReadFromFile] successfully performed. With the following test data [File Path: "/Users/runner/work/SHAFT_ENGINE/SHAFT_ENGINE/src/test/resources/testDataFiles/specialCharacters.json"]. @30-11-2021 01:45:10.0213 AM
[ReportManager] Verification [ValidateJSONFileContent] PASSED. Expected [Response data should match the JSON File in this path 'src/test/resources/testDataFiles/specialCharacters.json'] and Actual [TRUE]. Comparison Type [EQUALS]. Validation Type [POSITIVE]. @30-11-2021 01:45:10.0219 AM
[ReportManager] Successfully created attachment [Validation Test Data - Expected JSON Value] @30-11-2021 01:45:10.0302 AM
[ReportManager] Successfully created attachment [Validation Test Data - Actual JSON Value] @30-11-2021 01:45:10.0343 A

################################################################################################################################################
Starting Execution:	[132 out of 146] test cases in the current suite
Test Method:		[testPackage01.Test_JsonCompareWithSpecialCharacters.specialCharacters_assertion]
################################################################################################################################################
[ReportManager] File Action [GetAbsolutePath] successfully performed. With the following test data [Relative Folder Path: "src/test/resources/testDataFiles/specialCharacters.json"]. @30-11-2021 01:45:10.0511 AM
[ReportManager] File Action [ReadFromFile] successfully performed. With the following test data [File Path: "/Users/runner/work/SHAFT_ENGINE/SHAFT_ENGINE/src/test/resources/testDataFiles/specialCharacters.json"]. @30-11-2021 01:45:10.0511 AM
[ReportManager] Successfully created attachment [File Action Actual Result - Command Log] @30-11-2021 01:45:10.0552 AM
[ReportManager] Comparing the provided API response with the file at this path "src/test/resources/testDataFiles/specialCharacters.json", comparison type "CONTAINS" @30-11-2021 01:45:10.0554 AM
[ReportManager] API Action [CompareJSON] successfully performed. With the following test data [src/test/resources/testDataFiles/specialCharacters.json]. @30-11-2021 01:45:10.0579 AM
[ReportManager] File Action [GetAbsolutePath] successfully performed. With the following test data [Relative Folder Path: "src/test/resources/testDataFiles/specialCharacters.json"]. @30-11-2021 01:45:10.0579 AM
[ReportManager] File Action [ReadFromFile] successfully performed. With the following test data [File Path: "/Users/runner/work/SHAFT_ENGINE/SHAFT_ENGINE/src/test/resources/testDataFiles/specialCharacters.json"]. @30-11-2021 01:45:10.0579 AM
[ReportManager] Assertion Passed: trying out the log message @30-11-2021 01:45:10.0583 AM
[ReportManager] Successfully created attachment [Validation Test Data - Expected JSON Value] @30-11-2021 01:45:10.0665 AM
[ReportManager] Successfully created attachment [Validation Test Data - Actual JSON Value] @30-11-2021 01:45:10.0747 AM
[ReportManager] Assertion [ValidateJSONFileContent] PASSED. Expected [Response data should match the JSON File in this path 'src/test/resources/testDataFiles/specialCharacters.json'] and Actual [TRUE]. Comparison Type [CONTAINS]. Validation Type [POSITIVE]. @30-11-2021 01:45:10.0747 A

################################################################################################################################################
Starting Execution:	[133 out of 146] test cases in the current suite
Test Method:		[testPackage01.Test_SkipDueToIssue.doNotSkip]
################################################################################################################################################
[ReportManager] This should not be skipped. @30-11-2021 01:45:10.0882 A

################################################################################################################################################
Starting Execution:	[134 out of 146] test cases in the current suite
Test Method:		[testPackage01.Test_SkipDueToIssue.skip]
################################################################################################################################################
[ReportManager] This should be skipped. @30-11-2021 01:45:10.0970 A

################################################################################################################################################
Starting Execution:	[135 out of 146] test cases in the current suite
Test Method:		[testPackage01.Test_SkipDueToIssue.skip2]
################################################################################################################################################
[ReportManager] This should be skipped. @30-11-2021 01:45:11.0177 A

################################################################################################################################################
Starting Execution:	[136 out of 146] test cases in the current suite
Test Method:		[testPackage01.Test_JSONFileManager.readStringFromJson]
################################################################################################################################################
[ReportManager] File Action [GetAbsolutePath] successfully performed. With the following test data [Relative Folder Path: "src/test/resources/testDataFiles/simpleJSON.json"]. @30-11-2021 01:45:11.0306 AM
[ReportManager] Successfully loaded the following test data file [src/test/resources/testDataFiles/simpleJSON.json]. @30-11-2021 01:45:11.0307 AM
[ReportManager] Successfully created attachment [Test Data - JSON] @30-11-2021 01:45:11.0391 AM
[ReportManager] File Action [GetAbsolutePath] successfully performed. With the following test data [Relative Folder Path: "src/test/resources/testDataFiles/simpleJSON.json"]. @30-11-2021 01:45:11.0392 AM
[ReportManager] Assertion [ValidateEquals] PASSED. Expected [Mohab Mohie] and Actual [Mohab Mohie]. Comparison Type [EQUALS]. Validation Type [POSITIVE]. @30-11-2021 01:45:11.0410 A
[ReportManager] File Action [GetAbsolutePath] successfully performed. With the following test data [Relative Folder Path: "target/downloadedFiles/"]. @30-11-2021 01:45:11.0534 AM
[ReportManager] Attempting to run locally on: [Mac-64], [Safari], Headless Execution. @30-11-2021 01:45:11.0534 AM
[ReportManager] Successfully Opened Safari. @30-11-2021 01:45:12.0449 AM
[ReportManager] Initial window size: (800, 600) @30-11-2021 01:45:12.0506 AM
[ReportManager] Window size after SWD Maximize: (1176, 803) @30-11-2021 01:45:12.0562 AM
[ReportManager] Browser Action [MaximizeWindow] successfully performed. With the following test data [New screen size is now: (1176, 803)]. @30-11-2021 01:45:12.0563 A

################################################################################################################################################
Starting Execution:	[137 out of 146] test cases in the current suite
Test Method:		[testPackage01.Test_assertEquals.test_assertElementAttribute]
################################################################################################################################################
[ReportManager] Target URL: [https://www.google.com/ncr], and after redirection: [https://www.google.com] @30-11-2021 01:45:12.0623 AM
[ReportManager] Initial URL: [] @30-11-2021 01:45:12.0667 AM
[ReportManager] Browser Action [NavigateToURL] successfully performed. With the following test data [https://www.google.com/ncr]. @30-11-2021 01:45:15.0125 AM
[ReportManager] Element Action [Type] successfully performed. With the following test data [INC_004010050:Another SCHEDULER with the same name [Duplicate Job Name] already exists.]. @30-11-2021 01:45:15.0728 AM
[ReportManager] Element Action [GetText] successfully performed. With the following test data [INC_004010050:Another SCHEDULER with the same name [Duplicate Job Name] already exists.]. @30-11-2021 01:45:15.0792 AM
[ReportManager] Loaded Shared OpenCV @30-11-2021 01:45:15.0850 AM
[ReportManager] Assertion [ValidateElementAttribute] PASSED. Expected [Value Should be 'INC_004010050:Another SCHEDULER with the same name \[Duplicate Job Name\] already exists.' for the 'text' attribute, element locator 'By.name: q'] and Actual [INC_004010050:Another SCHEDULER with the same name [Duplicate Job Name] already exists.]. Comparison Type [MATCHES]. Validation Type [POSITIVE]. @30-11-2021 01:45:16.0233 AM
[ReportManager] Successfully created attachment [Screenshot - 1638236715850_test_assertElementAttribute_ValidateElementAttribute_passed] @30-11-2021 01:45:16.0355 A
[ReportManager] Browser Action [CloseCurrentWindow] successfully performed. @30-11-2021 01:45:16.0942 AM
[ReportManager] Successfully created attachment [Browser Action Test Data - CloseCurrentWindow - Actual Value] @30-11-2021 01:45:16.0984 A
[ReportManager] File Action [GetAbsolutePath] successfully performed. With the following test data [Relative Folder Path: "target/downloadedFiles/"]. @30-11-2021 01:45:17.0068 AM
[ReportManager] Attempting to run locally on: [Mac-64], [Safari], Headless Execution. @30-11-2021 01:45:17.0068 AM
[ReportManager] Successfully Opened Safari. @30-11-2021 01:45:17.0939 AM
[ReportManager] Initial window size: (800, 600) @30-11-2021 01:45:18.0044 AM
[ReportManager] Window size after SWD Maximize: (1176, 803) @30-11-2021 01:45:18.0099 AM
[ReportManager] Browser Action [MaximizeWindow] successfully performed. With the following test data [New screen size is now: (1176, 803)]. @30-11-2021 01:45:18.0100 A

################################################################################################################################################
Starting Execution:	[138 out of 146] test cases in the current suite
Test Method:		[testPackage01.Test_IsElementClickable.testIsElementClickable]
################################################################################################################################################
[ReportManager] Target URL: [https://the-internet.herokuapp.com/] @30-11-2021 01:45:18.0228 AM
[ReportManager] Initial URL: [] @30-11-2021 01:45:18.0272 AM
[ReportManager] Browser Action [NavigateToURL] successfully performed. With the following test data [https://the-internet.herokuapp.com/]. @30-11-2021 01:45:19.0514 AM
[ReportManager] Element Action [IsElementClickable] successfully performed. @30-11-2021 01:45:19.0586 AM
[ReportManager] Assertion [ValidateTrue] PASSED. Expected [TRUE] and Actual [TRUE]. Validation Type [POSITIVE]. @30-11-2021 01:45:19.0586 A
[ReportManager] Browser Action [CloseCurrentWindow] successfully performed. @30-11-2021 01:45:19.0961 AM
[ReportManager] Successfully created attachment [Browser Action Test Data - CloseCurrentWindow - Actual Value] @30-11-2021 01:45:20.0022 A
[ReportManager] Successfully loaded the following test data file [src/test/resources/testDataFiles/testSuite01/TestData.xlsx]. @30-11-2021 01:45:20.0194 AM
[ReportManager] Successfully created attachment [Test Data - Excel] @30-11-2021 01:45:20.0236 AM
[ReportManager] Attempting to run using Playwright locally on: [Mac-64], [Safari], Headless Execution. @30-11-2021 01:48:12.0201 AM
[ReportManager] File Action [GetAbsolutePath] successfully performed. With the following test data [Relative Folder Path: "target/downloadedFiles/"]. @30-11-2021 01:48:12.0202 AM
[ReportManager] Initial window size: (1280, 720) @30-11-2021 01:48:19.0721 AM
[ReportManager] Window size after Toolkit: com.microsoft.playwright.options.ViewportSize@7e530782 @30-11-2021 01:48:19.0732 AM
[ReportManager] Browser Action [MaximizeWindow] successfully performed. With the following test data [New screen size is now: (1920, 1080)]. @30-11-2021 01:48:19.0733 A

################################################################################################################################################
Starting Execution:	[139 out of 146] test cases in the current suite
Test Method:		[testPackage01.Test_google_playwright.navigateToURLandVerifyGoogleLogoIsDisplayed]
Test Description:	[TC001 - Navigate to URL and Verify Google Logo is Displayed]
################################################################################################################################################
[ReportManager] Target URL: [https://www.google.com/ncr], and after redirection: [https://www.google.com] @30-11-2021 01:48:19.0875 AM
[ReportManager] Initial URL: [about:blank] @30-11-2021 01:48:20.0193 AM
[ReportManager] Browser Action [NavigateToURL] successfully performed. With the following test data [https://www.google.com/ncr]. @30-11-2021 01:48:22.0765 AM
[ReportManager] Loaded Shared OpenCV @30-11-2021 01:48:22.0875 AM
[ReportManager] Assertion [ValidateElementExists] PASSED. Expected [Element Should Exist, locator 'xpath=//*[@id='hplogo' or @alt='Google']'] and Actual [Element Exists]. Comparison Type [EQUALS]. Validation Type [POSITIVE]. @30-11-2021 01:48:23.0045 AM
[ReportManager] Successfully created attachment [Screenshot - 1638236902869_navigateToURLandVerifyGoogleLogoIsDisplayed_ValidateElementExists_passed] @30-11-2021 01:48:23.0046 A

################################################################################################################################################
Starting Execution:	[140 out of 146] test cases in the current suite
Test Method:		[testPackage01.Test_google_playwright.searchForQueryandAssertResultsNumDisplayed]
Test Description:	[TC002 - Search for Query and Assert that the number of results is displayed]
################################################################################################################################################
[ReportManager] Element Action [Type] successfully performed. With the following test data [SHAFT_Engine]. @30-11-2021 01:48:23.0187 AM
[ReportManager] Element Action [KeyPress] successfully performed. With the following test data [Enter]. @30-11-2021 01:48:23.0261 AM
[ReportManager] Element Action [GetText] successfully performed. With the following test data [About 873,000 results (0.57 seconds)Â 
]. @30-11-2021 01:48:24.0237 AM
[ReportManager] Loaded Shared OpenCV @30-11-2021 01:48:26.0614 AM
[ReportManager] Assertion [ValidateElementAttribute] PASSED. Expected [Value Should not be '' for the 'text' attribute, element locator 'xpath=//div[@id='appbar']'] and Actual [About 873,000 results (0.57 seconds)Â 
]. Comparison Type [EQUALS]. Validation Type [NEGATIVE]. @30-11-2021 01:48:26.0849 AM
[ReportManager] Successfully created attachment [Screenshot - 1638236906612_searchForQueryandAssertResultsNumDisplayed_ValidateElementAttribute_passed] @30-11-2021 01:48:26.0851 A

################################################################################################################################################
Starting Execution:	[141 out of 146] test cases in the current suite
Test Method:		[testPackage01.Test_google_playwright.clickNextThrice]
Test Description:	[TC003 - Clicks the next button to make sure that the framework can scroll element into view before clicking it]
################################################################################################################################################
[ReportManager] Element Action [Click] successfully performed. With the following test data [Next]. @30-11-2021 01:48:27.0263 A
[ReportManager] Failed to find video recording. @30-11-2021 01:48:27.0265 AM
[ReportManager] Successfully Closed PlayWright Driver. @30-11-2021 01:48:27.0322 A
[ReportManager] File Action [GetAbsolutePath] successfully performed. With the following test data [Relative Folder Path: "target/downloadedFiles/"]. @30-11-2021 01:48:27.0325 AM
[ReportManager] Attempting to run locally on: [Mac-64], [Safari], Headless Execution. @30-11-2021 01:48:27.0325 AM
[ReportManager] Successfully Opened Safari. @30-11-2021 01:48:28.0560 AM
[ReportManager] Initial window size: (800, 600) @30-11-2021 01:48:28.0709 AM
[ReportManager] Window size after SWD Maximize: (1176, 803) @30-11-2021 01:48:28.0745 AM
[ReportManager] Browser Action [MaximizeWindow] successfully performed. With the following test data [New screen size is now: (1176, 803)]. @30-11-2021 01:48:28.0745 A

################################################################################################################################################
Starting Execution:	[142 out of 146] test cases in the current suite
Test Method:		[testPackage01.Test_verifyEquals.test_assertElementAttribute]
################################################################################################################################################
[ReportManager] Target URL: [https://www.google.com/ncr], and after redirection: [https://www.google.com] @30-11-2021 01:48:28.0747 AM
[ReportManager] Initial URL: [] @30-11-2021 01:48:29.0231 AM
[ReportManager] Browser Action [NavigateToURL] successfully performed. With the following test data [https://www.google.com/ncr]. @30-11-2021 01:48:31.0253 AM
[ReportManager] Element Action [Type] successfully performed. With the following test data [INC_004010050:Another SCHEDULER with the same name [Duplicate Job Name] already exists.]. @30-11-2021 01:48:32.0117 AM
[ReportManager] Element Action [GetText] successfully performed. With the following test data [INC_004010050:Another SCHEDULER with the same name [Duplicate Job Name] already exists.]. @30-11-2021 01:48:32.0189 AM
[ReportManager] Loaded Shared OpenCV @30-11-2021 01:48:32.0259 AM
[ReportManager] Verification [ValidateElementAttribute] PASSED. Expected [Value Should be 'INC_004010050:Another SCHEDULER with the same name \[Duplicate Job Name\] already exists.' for the 'text' attribute, element locator 'By.name: q'] and Actual [INC_004010050:Another SCHEDULER with the same name [Duplicate Job Name] already exists.]. Comparison Type [MATCHES]. Validation Type [POSITIVE]. @30-11-2021 01:48:32.0399 AM
[ReportManager] Successfully created attachment [Screenshot - 1638236912259_test_assertElementAttribute_ValidateElementAttribute_passed] @30-11-2021 01:48:32.0401 A
[ReportManager] Browser Action [CloseCurrentWindow] successfully performed. @30-11-2021 01:48:32.0701 AM
[ReportManager] Successfully created attachment [Browser Action Test Data - CloseCurrentWindow - Actual Value] @30-11-2021 01:48:32.0702 A

################################################################################################################################################
Starting Execution:	[143 out of 146] test cases in the current suite
Test Method:		[testPackage01.Test_SelectedValue.multipleSelect]
################################################################################################################################################
[ReportManager] File Action [GetAbsolutePath] successfully performed. With the following test data [Relative Folder Path: "target/downloadedFiles/"]. @30-11-2021 01:48:32.0705 AM
[ReportManager] Attempting to run locally on: [Mac-64], [GoogleChrome], Headless Execution. @30-11-2021 01:48:32.0707 AM
[ReportManager] Identifying OS/Driver combination and selecting the correct driver version automatically. Please note that if a new driver executable will be downloaded it may take some time... @30-11-2021 01:48:32.0707 AM
[ReportManager] Successfully Opened Google Chrome. @30-11-2021 01:48:35.0900 AM
[ReportManager] Initial window size: (1920, 1080) @30-11-2021 01:48:35.0905 AM
[ReportManager] Window size after SWD Maximize: (1920, 1080) @30-11-2021 01:48:36.0024 AM
[ReportManager] Window size after Toolkit: (1920, 1080) @30-11-2021 01:48:36.0477 AM
[ReportManager] Browser Action [MaximizeWindow] successfully performed. With the following test data [New screen size is now: (1920, 1080)]. @30-11-2021 01:48:36.0481 AM
[ReportManager] Target URL: [https://yari-demos.prod.mdn.mozit.cloud/en-US/docs/Web/HTML/Element/select/_sample_.Advanced_select_with_multiple_features.html] @30-11-2021 01:48:36.0481 AM
[ReportManager] Initial URL: [data:,] @30-11-2021 01:48:36.0513 AM
[ReportManager] Browser Action [NavigateToURL] successfully performed. With the following test data [https://yari-demos.prod.mdn.mozit.cloud/en-US/docs/Web/HTML/Element/select/_sample_.Advanced_select_with_multiple_features.html]. @30-11-2021 01:48:37.0057 AM
[ReportManager] Element Action [Select] successfully performed. With the following test data [Dog]. @30-11-2021 01:48:37.0259 AM
[ReportManager] Element Action [Select] successfully performed. With the following test data [Cat]. @30-11-2021 01:48:37.0422 AM
[ReportManager] Element Action [GetSelectedText] successfully performed. With the following test data [DogCat]. @30-11-2021 01:48:37.0535 AM
[ReportManager] DogCat @30-11-2021 01:48:37.0535 AM
[ReportManager] Element Action [GetSelectedText] successfully performed. With the following test data [DogCat]. @30-11-2021 01:48:37.0628 AM
[ReportManager] Loaded Shared OpenCV @30-11-2021 01:48:37.0883 AM
[ReportManager] Assertion [ValidateElementAttribute] PASSED. Expected [Value Should be 'DogCat' for the 'selectedText' attribute, element locator 'By.tagName: select'] and Actual [DogCat]. Comparison Type [EQUALS]. Validation Type [POSITIVE]. @30-11-2021 01:48:38.0070 AM
[ReportManager] Successfully created attachment [Screenshot - 1638236917882_multipleSelect_ValidateElementAttribute_passed] @30-11-2021 01:48:38.0071 AM
[ReportManager] Browser Action [CloseCurrentWindow] successfully performed. @30-11-2021 01:48:38.0323 AM
[ReportManager] Successfully created attachment [Browser Action Test Data - CloseCurrentWindow - Actual Value] @30-11-2021 01:48:38.0324 A

################################################################################################################################################
Starting Execution:	[144 out of 146] test cases in the current suite
Test Method:		[testPackage01.Test_SelectedValue.simpleSelect]
################################################################################################################################################
[ReportManager] File Action [GetAbsolutePath] successfully performed. With the following test data [Relative Folder Path: "target/downloadedFiles/"]. @30-11-2021 01:48:38.0331 AM
[ReportManager] Attempting to run locally on: [Mac-64], [GoogleChrome], Headless Execution. @30-11-2021 01:48:38.0331 AM
[ReportManager] Identifying OS/Driver combination and selecting the correct driver version automatically. Please note that if a new driver executable will be downloaded it may take some time... @30-11-2021 01:48:38.0331 AM
[ReportManager] Successfully Opened Google Chrome. @30-11-2021 01:48:38.0926 AM
[ReportManager] Initial window size: (1920, 1080) @30-11-2021 01:48:38.0931 AM
[ReportManager] Window size after SWD Maximize: (1920, 1080) @30-11-2021 01:48:39.0138 AM
[ReportManager] Window size after Toolkit: (1920, 1080) @30-11-2021 01:48:39.0606 AM
[ReportManager] Browser Action [MaximizeWindow] successfully performed. With the following test data [New screen size is now: (1920, 1080)]. @30-11-2021 01:48:39.0609 AM
[ReportManager] Target URL: [https://yari-demos.prod.mdn.mozit.cloud/en-US/docs/Web/HTML/Element/select/_sample_.Basic_select.html] @30-11-2021 01:48:39.0609 AM
[ReportManager] Initial URL: [data:,] @30-11-2021 01:48:39.0645 AM
[ReportManager] Browser Action [NavigateToURL] successfully performed. With the following test data [https://yari-demos.prod.mdn.mozit.cloud/en-US/docs/Web/HTML/Element/select/_sample_.Basic_select.html]. @30-11-2021 01:48:39.0870 AM
[ReportManager] Element Action [Select] successfully performed. With the following test data [Third Value]. @30-11-2021 01:48:40.0150 AM
[ReportManager] Element Action [GetSelectedText] successfully performed. With the following test data [Third Value]. @30-11-2021 01:48:40.0230 AM
[ReportManager] Third Value @30-11-2021 01:48:40.0230 AM
[ReportManager] Element Action [GetSelectedText] successfully performed. With the following test data [Third Value]. @30-11-2021 01:48:40.0301 AM
[ReportManager] Loaded Shared OpenCV @30-11-2021 01:48:40.0561 AM
[ReportManager] Assertion [ValidateElementAttribute] PASSED. Expected [Value Should be 'Third Value' for the 'selectedText' attribute, element locator 'By.tagName: select'] and Actual [Third Value]. Comparison Type [EQUALS]. Validation Type [POSITIVE]. @30-11-2021 01:48:40.0788 AM
[ReportManager] Successfully created attachment [Screenshot - 1638236920561_simpleSelect_ValidateElementAttribute_passed] @30-11-2021 01:48:40.0790 AM
[ReportManager] Browser Action [CloseCurrentWindow] successfully performed. @30-11-2021 01:48:40.0961 AM
[ReportManager] Successfully created attachment [Browser Action Test Data - CloseCurrentWindow - Actual Value] @30-11-2021 01:48:40.0962 A
[ReportManager] File Action [GetAbsolutePath] successfully performed. With the following test data [Relative Folder Path: "target/downloadedFiles/"]. @30-11-2021 01:48:40.0964 AM
[ReportManager] Attempting to run locally on: [Mac-64], [Safari], Headless Execution. @30-11-2021 01:48:40.0964 AM
[ReportManager] Successfully Opened Safari. @30-11-2021 01:48:41.0880 AM
[ReportManager] Initial window size: (800, 600) @30-11-2021 01:48:41.0911 AM
[ReportManager] Window size after SWD Maximize: (1176, 803) @30-11-2021 01:48:41.0947 AM
[ReportManager] Browser Action [MaximizeWindow] successfully performed. With the following test data [New screen size is now: (1176, 803)]. @30-11-2021 01:48:41.0947 A

################################################################################################################################################
Starting Execution:	[145 out of 146] test cases in the current suite
Test Method:		[testPackage01.Test_dynamicLoading.dynamicLoading_elementIsHidden]
################################################################################################################################################
[ReportManager] Target URL: [https://the-internet.herokuapp.com/dynamic_loading/1] @30-11-2021 01:48:41.0950 AM
[ReportManager] Initial URL: [] @30-11-2021 01:48:42.0008 AM
[ReportManager] Browser Action [NavigateToURL] successfully performed. With the following test data [https://the-internet.herokuapp.com/dynamic_loading/1]. @30-11-2021 01:48:43.0213 AM
[ReportManager] Element Action [Click] successfully performed. With the following test data [By.xpath: //button[text()='Start']]. @30-11-2021 01:48:43.0420 AM
[ReportManager] Element Action [GetText] successfully performed. With the following test data [
    Hello World!
  ]. @30-11-2021 01:48:43.0479 A
[ReportManager] Browser Action [CloseCurrentWindow] successfully performed. @30-11-2021 01:48:43.0826 AM
[ReportManager] Successfully created attachment [Browser Action Test Data - CloseCurrentWindow - Actual Value] @30-11-2021 01:48:47.0781 A
[ReportManager] File Action [GetAbsolutePath] successfully performed. With the following test data [Relative Folder Path: "target/downloadedFiles/"]. @30-11-2021 01:48:47.0824 AM
[ReportManager] Attempting to run locally on: [Mac-64], [Safari], Headless Execution. @30-11-2021 01:48:47.0824 AM
[ReportManager] Successfully Opened Safari. @30-11-2021 01:48:48.0702 AM
[ReportManager] Initial window size: (800, 600) @30-11-2021 01:48:48.0717 AM
[ReportManager] Window size after SWD Maximize: (1176, 803) @30-11-2021 01:48:48.0745 AM
[ReportManager] Browser Action [MaximizeWindow] successfully performed. With the following test data [New screen size is now: (1176, 803)]. @30-11-2021 01:48:48.0746 A

################################################################################################################################################
Starting Execution:	[146 out of 146] test cases in the current suite
Test Method:		[testPackage01.Test_dynamicLoading.dynamicLoading_elementIsRendered]
################################################################################################################################################
[ReportManager] Target URL: [https://the-internet.herokuapp.com/dynamic_loading/2] @30-11-2021 01:48:49.0165 AM
[ReportManager] Initial URL: [] @30-11-2021 01:48:49.0196 AM
[ReportManager] Browser Action [NavigateToURL] successfully performed. With the following test data [https://the-internet.herokuapp.com/dynamic_loading/2]. @30-11-2021 01:48:50.0311 AM
[ReportManager] Element Action [Click] successfully performed. With the following test data [By.xpath: //button[text()='Start']]. @30-11-2021 01:48:50.0527 AM
[ReportManager] Element Action [GetText] successfully performed. With the following test data [Hello World!]. @30-11-2021 01:48:56.0099 AM
[ReportManager] Loaded Shared OpenCV @30-11-2021 01:48:56.0151 AM
[ReportManager] Assertion [ValidateElementAttribute] PASSED. Expected [Value Should be 'Hello World!' for the 'text' attribute, element locator 'By.id: finish'] and Actual [Hello World!]. Comparison Type [CONTAINS]. Validation Type [POSITIVE]. @30-11-2021 01:48:56.0242 AM
[ReportManager] Successfully created attachment [Screenshot - 1638236936151_dynamicLoading_elementIsRendered_ValidateElementAttribute_passed] @30-11-2021 01:48:56.0243 A
[ReportManager] Browser Action [CloseCurrentWindow] successfully performed. @30-11-2021 01:48:56.0581 AM
[ReportManager] Successfully created attachment [Browser Action Test Data - CloseCurrentWindow - Actual Value] @30-11-2021 01:49:04.0157 A
[ReportManager] Successfully created attachment [SHAFT Engine Logs - Execution log] @30-11-2021 01:49:04.0358 AM

################################################################################################################################################
This test run was powered by SHAFT Engine Version: [SHAFT Engine v5.4.20211122-BETA]
SHAFT Engine is licensed under the MIT License: [https://github.com/MohabMohie/SHAFT_ENGINE/blob/master/LICENSE].
################################################################################################################################################