################################################################################################################################################
Detected SHAFT Engine Version: [SHAFT Engine v5.4.20211011]
################################################################################################################################################
[ReportManager] File Action [GetAbsolutePath] successfully performed. With the following test data [Relative Folder Path: "target/downloadedFiles/"]. @12-10-2021 01:57:14.0706 AM
[ReportManager] Attempting to run locally on: [Mac-64], [Safari], Headless Execution. @12-10-2021 01:57:14.0723 AM
[ReportManager] Successfully Opened Safari. @12-10-2021 01:57:19.0503 AM
[ReportManager] Initial window size: (800, 600) @12-10-2021 01:57:19.0611 AM
[ReportManager] Window size after SWD Maximize: (1176, 810) @12-10-2021 01:57:19.0642 AM
[ReportManager] Browser Action [MaximizeWindow] successfully performed. With the following test data [New screen size is now: (1176, 810)]. @12-10-2021 01:57:19.0650 A

################################################################################################################################################
Starting Execution:	[1 out of 143] test cases in the current suite
Test Method:		[unitTests.tests_element_elementActions.waitForElementToBePresent_false_expectedToFail]
################################################################################################################################################
[ReportManager] Target URL: [https://www.google.com/ncr], and after redirection: [www.google.com] @12-10-2021 01:57:20.0075 AM
[ReportManager] Initial URL: [] @12-10-2021 01:57:20.0153 AM
[ReportManager] Browser Action [NavigateToURL] successfully performed. With the following test data [https://www.google.com/ncr]. @12-10-2021 01:57:21.0826 AM
[ReportManager] Waiting for element to be present; elementLocator [By.xpath: //*[@id='hplogo' or @alt='Google']], numberOfTries[1], stateOfPresence[false]... @12-10-2021 01:57:21.0837 AM
[ReportManager] Element Action [WaitForElementToBePresent] failed. With the following test data [waited for the element's state of presence to be (false). Element locator (By.xpath: //*[@id='hplogo' or @alt='Google'])]. @12-10-2021 01:57:25.0063 AM
[ReportManager] Successfully created attachment [Screenshot - 1634003841908_waitForElementToBePresent_false_expectedToFail_WaitForElementToBePresent_failed] @12-10-2021 01:57:25.0074 A
[ReportManager] Browser Action [CloseCurrentWindow] successfully performed. @12-10-2021 01:57:25.0374 AM
[ReportManager] Successfully created attachment [Browser Action Test Data - CloseCurrentWindow - Actual Value] @12-10-2021 01:57:25.0375 A
[ReportManager] File Action [GetAbsolutePath] successfully performed. With the following test data [Relative Folder Path: "target/downloadedFiles/"]. @12-10-2021 01:57:25.0406 AM
[ReportManager] Attempting to run locally on: [Mac-64], [Safari], Headless Execution. @12-10-2021 01:57:25.0406 AM
[ReportManager] Successfully Opened Safari. @12-10-2021 01:57:26.0328 AM
[ReportManager] Initial window size: (800, 600) @12-10-2021 01:57:26.0350 AM
[ReportManager] Window size after SWD Maximize: (1176, 811) @12-10-2021 01:57:26.0374 AM
[ReportManager] Browser Action [MaximizeWindow] successfully performed. With the following test data [New screen size is now: (1176, 811)]. @12-10-2021 01:57:26.0375 A

################################################################################################################################################
Starting Execution:	[2 out of 143] test cases in the current suite
Test Method:		[unitTests.tests_element_elementActions.waitForElementToBePresent_false_expectedToPass]
################################################################################################################################################
[ReportManager] Target URL: [https://www.google.com/ncr], and after redirection: [www.google.com] @12-10-2021 01:57:26.0380 AM
[ReportManager] Initial URL: [] @12-10-2021 01:57:26.0436 AM
[ReportManager] Browser Action [NavigateToURL] successfully performed. With the following test data [https://www.google.com/ncr]. @12-10-2021 01:57:27.0600 AM
[ReportManager] Waiting for element to be present; elementLocator [By.id: bla], numberOfTries[1], stateOfPresence[false]... @12-10-2021 01:57:27.0600 AM
[ReportManager] Element Action [WaitForElementToBePresent] successfully performed. With the following test data [waited for the element's state of presence to be (false). Element locator (By.id: bla)]. @12-10-2021 01:57:33.0106 A
[ReportManager] Browser Action [CloseCurrentWindow] successfully performed. @12-10-2021 01:57:33.0356 AM
[ReportManager] Successfully created attachment [Browser Action Test Data - CloseCurrentWindow - Actual Value] @12-10-2021 01:57:33.0357 A
[ReportManager] File Action [GetAbsolutePath] successfully performed. With the following test data [Relative Folder Path: "target/downloadedFiles/"]. @12-10-2021 01:57:33.0367 AM
[ReportManager] Attempting to run locally on: [Mac-64], [Safari], Headless Execution. @12-10-2021 01:57:33.0368 AM
[ReportManager] Successfully Opened Safari. @12-10-2021 01:57:34.0205 AM
[ReportManager] Initial window size: (800, 600) @12-10-2021 01:57:34.0251 AM
[ReportManager] Window size after SWD Maximize: (1176, 811) @12-10-2021 01:57:34.0273 AM
[ReportManager] Browser Action [MaximizeWindow] successfully performed. With the following test data [New screen size is now: (1176, 811)]. @12-10-2021 01:57:34.0274 A

################################################################################################################################################
Starting Execution:	[3 out of 143] test cases in the current suite
Test Method:		[unitTests.tests_element_elementActions.waitForElementToBePresent_moreThanOneElement_expectedToFail]
################################################################################################################################################
[ReportManager] Target URL: [https://www.google.com/ncr], and after redirection: [www.google.com] @12-10-2021 01:57:34.0290 AM
[ReportManager] Initial URL: [] @12-10-2021 01:57:34.0361 AM
[ReportManager] Browser Action [NavigateToURL] successfully performed. With the following test data [https://www.google.com/ncr]. @12-10-2021 01:57:35.0999 AM
[ReportManager] Waiting for element to be present; elementLocator [By.xpath: //*], numberOfTries[1], stateOfPresence[false]... @12-10-2021 01:57:35.0999 AM
[ReportManager] Element Action [WaitForElementToBePresent] failed. With the following test data [waited for the element's state of presence to be (false). Element locator (By.xpath: //*)]. @12-10-2021 01:57:36.0177 AM
[ReportManager] Successfully created attachment [Screenshot - 1634003856070_waitForElementToBePresent_moreThanOneElement_expectedToFail_WaitForElementToBePresent_failed] @12-10-2021 01:57:36.0190 A
[ReportManager] Browser Action [CloseCurrentWindow] successfully performed. @12-10-2021 01:57:36.0458 AM
[ReportManager] Successfully created attachment [Browser Action Test Data - CloseCurrentWindow - Actual Value] @12-10-2021 01:57:36.0459 A
[ReportManager] File Action [GetAbsolutePath] successfully performed. With the following test data [Relative Folder Path: "target/downloadedFiles/"]. @12-10-2021 01:57:36.0466 AM
[ReportManager] Attempting to run locally on: [Mac-64], [Safari], Headless Execution. @12-10-2021 01:57:36.0466 AM
[ReportManager] Successfully Opened Safari. @12-10-2021 01:57:37.0345 AM
[ReportManager] Initial window size: (800, 600) @12-10-2021 01:57:37.0404 AM
[ReportManager] Window size after SWD Maximize: (1176, 811) @12-10-2021 01:57:37.0456 AM
[ReportManager] Browser Action [MaximizeWindow] successfully performed. With the following test data [New screen size is now: (1176, 811)]. @12-10-2021 01:57:37.0456 A

################################################################################################################################################
Starting Execution:	[4 out of 143] test cases in the current suite
Test Method:		[unitTests.tests_element_elementActions.waitForElementToBePresent_true_expectedToFail]
################################################################################################################################################
[ReportManager] Target URL: [https://www.google.com/ncr], and after redirection: [www.google.com] @12-10-2021 01:57:37.0460 AM
[ReportManager] Initial URL: [] @12-10-2021 01:57:37.0518 AM
[ReportManager] Browser Action [NavigateToURL] successfully performed. With the following test data [https://www.google.com/ncr]. @12-10-2021 01:57:39.0036 AM
[ReportManager] Waiting for element to be present; elementLocator [By.id: bla], numberOfTries[1], stateOfPresence[true]... @12-10-2021 01:57:39.0037 AM
[ReportManager] Element Action [WaitForElementToBePresent] failed. With the following test data [waited for the element's state of presence to be (true). Element locator (By.id: bla)]. @12-10-2021 01:57:44.0489 AM
[ReportManager] Successfully created attachment [Screenshot - 1634003864408_waitForElementToBePresent_true_expectedToFail_WaitForElementToBePresent_failed] @12-10-2021 01:57:44.0497 A
[ReportManager] Browser Action [CloseCurrentWindow] successfully performed. @12-10-2021 01:57:44.0797 AM
[ReportManager] Successfully created attachment [Browser Action Test Data - CloseCurrentWindow - Actual Value] @12-10-2021 01:57:44.0798 A
[ReportManager] File Action [GetAbsolutePath] successfully performed. With the following test data [Relative Folder Path: "target/downloadedFiles/"]. @12-10-2021 01:57:44.0803 AM
[ReportManager] Attempting to run locally on: [Mac-64], [Safari], Headless Execution. @12-10-2021 01:57:44.0803 AM
[ReportManager] Successfully Opened Safari. @12-10-2021 01:57:45.0712 AM
[ReportManager] Initial window size: (800, 600) @12-10-2021 01:57:45.0789 AM
[ReportManager] Window size after SWD Maximize: (1176, 811) @12-10-2021 01:57:45.0807 AM
[ReportManager] Browser Action [MaximizeWindow] successfully performed. With the following test data [New screen size is now: (1176, 811)]. @12-10-2021 01:57:45.0808 A

################################################################################################################################################
Starting Execution:	[5 out of 143] test cases in the current suite
Test Method:		[unitTests.tests_element_elementActions.waitForElementToBePresent_true_expectedToPass]
################################################################################################################################################
[ReportManager] Target URL: [https://www.google.com/ncr], and after redirection: [www.google.com] @12-10-2021 01:57:45.0812 AM
[ReportManager] Initial URL: [] @12-10-2021 01:57:45.0889 AM
[ReportManager] Browser Action [NavigateToURL] successfully performed. With the following test data [https://www.google.com/ncr]. @12-10-2021 01:57:47.0080 AM
[ReportManager] Waiting for element to be present; elementLocator [By.xpath: //*[@id='hplogo' or @alt='Google']], numberOfTries[1], stateOfPresence[true]... @12-10-2021 01:57:47.0081 AM
[ReportManager] Element Action [WaitForElementToBePresent] successfully performed. With the following test data [waited for the element's state of presence to be (true). Element locator (By.xpath: //*[@id='hplogo' or @alt='Google'])]. @12-10-2021 01:57:47.0119 AM
[ReportManager] File Action [DoesFileExist] successfully performed. With the following test data [File Path: "src/test/resources/DynamicObjectRepository/unitTests_tests_element_elementActions_waitForElementToBePresent_true_expectedToPass_By_xpath_id_hplogo_or_alt_Google.png"]. @12-10-2021 01:57:47.0144 AM
[ReportManager] File Action [DoesFileExist] successfully performed. With the following test data [File Path: "src/test/resources/DynamicObjectRepository/unitTests_tests_element_elementActions_waitForElementToBePresent_true_expectedToPass_By_xpath_id_hplogo_or_alt_Google.png"]. @12-10-2021 01:57:47.0273 AM
[ReportManager] Passing the test and saving a reference image @12-10-2021 01:57:47.0273 AM
[ReportManager] File Action [GetAbsolutePath] successfully performed. With the following test data [Relative File Path: "src/test/resources/DynamicObjectRepository/unitTests_tests_element_elementActions_waitForElementToBePresent_true_expectedToPass_By_xpath_id_hplogo_or_alt_Google.png"]. @12-10-2021 01:57:47.0273 AM
[ReportManager] File Action [WriteToFile] successfully performed. With the following test data [Target File Path: "/Users/runner/work/SHAFT_ENGINE/SHAFT_ENGINE/src/test/resources/DynamicObjectRepository/unitTests_tests_element_elementActions_waitForElementToBePresent_true_expectedToPass_By_xpath_id_hplogo_or_alt_Google.png"]. @12-10-2021 01:57:47.0275 AM
[ReportManager] Assertion Passed: Using Visual AI; OpenCV @12-10-2021 01:57:47.0278 AM
[ReportManager] Successfully created attachment [Validation Test Data - Actual Screenshot] @12-10-2021 01:57:47.0280 AM
[ReportManager] Assertion [ValidateElementMatches] PASSED. Expected [Element should match the reference screenshot] and Actual [TRUE]. Comparison Type [EXACT_OPENCV]. Validation Type [POSITIVE]. @12-10-2021 01:57:47.0280 A
[ReportManager] Browser Action [CloseCurrentWindow] successfully performed. @12-10-2021 01:57:47.0343 AM
[ReportManager] Successfully created attachment [Browser Action Test Data - CloseCurrentWindow - Actual Value] @12-10-2021 01:57:47.0345 A
[ReportManager] File Action [GetAbsolutePath] successfully performed. With the following test data [Relative Folder Path: "target/downloadedFiles/"]. @12-10-2021 01:57:47.0359 AM
[ReportManager] Attempting to run locally on: [Mac-64], [Safari], Headless Execution. @12-10-2021 01:57:47.0359 AM
[ReportManager] Successfully Opened Safari. @12-10-2021 01:57:48.0145 AM
[ReportManager] Initial window size: (800, 600) @12-10-2021 01:57:48.0158 AM
[ReportManager] Window size after SWD Maximize: (1176, 811) @12-10-2021 01:57:48.0183 AM
[ReportManager] Browser Action [MaximizeWindow] successfully performed. With the following test data [New screen size is now: (1176, 811)]. @12-10-2021 01:57:48.0184 AM
[ReportManager] Target URL: [https://duckduckgo.com] @12-10-2021 01:57:48.0184 AM
[ReportManager] Initial URL: [] @12-10-2021 01:57:48.0291 AM
[ReportManager] Browser Action [NavigateToURL] successfully performed. With the following test data [https://duckduckgo.com]. @12-10-2021 01:57:50.0116 A

################################################################################################################################################
Starting Execution:	[6 out of 143] test cases in the current suite
Test Method:		[unitTests.tests_browserActions.fullScreenWindow]
################################################################################################################################################
[ReportManager] Initial Windows Size: 1176x811 @12-10-2021 01:57:50.0136 AM
[ReportManager] Current Windows Size after fullScreen: 1176x885 @12-10-2021 01:57:50.0411 AM
[ReportManager] Browser Action [FullScreenWindow] successfully performed. @12-10-2021 01:57:50.0441 AM
[ReportManager] Successfully created attachment [Browser Action Test Data - FullScreenWindow - Actual Value] @12-10-2021 01:57:50.0445 A
[ReportManager] Target URL: [https://duckduckgo.com] @12-10-2021 01:57:50.0468 AM
[ReportManager] Initial URL: [https://duckduckgo.com] @12-10-2021 01:57:50.0567 AM
[ReportManager] Browser Action [NavigateToURL] successfully performed. With the following test data [https://duckduckgo.com]. @12-10-2021 01:57:51.0266 AM
[ReportManager] Browser Action [CloseCurrentWindow] successfully performed. @12-10-2021 01:57:51.0372 AM
[ReportManager] Successfully created attachment [Browser Action Test Data - CloseCurrentWindow - Actual Value] @12-10-2021 01:57:51.0375 A
[ReportManager] File Action [GetAbsolutePath] successfully performed. With the following test data [Relative Folder Path: "target/downloadedFiles/"]. @12-10-2021 01:57:51.0379 AM
[ReportManager] Attempting to run locally on: [Mac-64], [Safari], Headless Execution. @12-10-2021 01:57:51.0379 AM
[ReportManager] Successfully Opened Safari. @12-10-2021 01:57:52.0185 AM
[ReportManager] Initial window size: (800, 600) @12-10-2021 01:57:52.0250 AM
[ReportManager] Window size after SWD Maximize: (1176, 811) @12-10-2021 01:57:52.0275 AM
[ReportManager] Browser Action [MaximizeWindow] successfully performed. With the following test data [New screen size is now: (1176, 811)]. @12-10-2021 01:57:52.0276 AM
[ReportManager] Target URL: [https://duckduckgo.com] @12-10-2021 01:57:52.0276 AM
[ReportManager] Initial URL: [] @12-10-2021 01:57:52.0329 AM
[ReportManager] Browser Action [NavigateToURL] successfully performed. With the following test data [https://duckduckgo.com]. @12-10-2021 01:57:53.0558 A

################################################################################################################################################
Starting Execution:	[7 out of 143] test cases in the current suite
Test Method:		[unitTests.tests_browserActions.getCurrentURL]
################################################################################################################################################
[ReportManager] Browser Action [GetCurrentURL] successfully performed. With the following test data [https://duckduckgo.com/]. @12-10-2021 01:57:53.0600 A
[ReportManager] Target URL: [https://duckduckgo.com] @12-10-2021 01:57:53.0603 AM
[ReportManager] Initial URL: [https://duckduckgo.com] @12-10-2021 01:57:53.0646 AM
[ReportManager] Browser Action [NavigateToURL] successfully performed. With the following test data [https://duckduckgo.com]. @12-10-2021 01:57:54.0097 AM
[ReportManager] Browser Action [CloseCurrentWindow] successfully performed. @12-10-2021 01:57:54.0222 AM
[ReportManager] Successfully created attachment [Browser Action Test Data - CloseCurrentWindow - Actual Value] @12-10-2021 01:57:54.0223 A
[ReportManager] File Action [GetAbsolutePath] successfully performed. With the following test data [Relative Folder Path: "target/downloadedFiles/"]. @12-10-2021 01:57:54.0229 AM
[ReportManager] Attempting to run locally on: [Mac-64], [Safari], Headless Execution. @12-10-2021 01:57:54.0234 AM
[ReportManager] Successfully Opened Safari. @12-10-2021 01:57:55.0177 AM
[ReportManager] Initial window size: (800, 600) @12-10-2021 01:57:55.0192 AM
[ReportManager] Window size after SWD Maximize: (1176, 811) @12-10-2021 01:57:55.0229 AM
[ReportManager] Browser Action [MaximizeWindow] successfully performed. With the following test data [New screen size is now: (1176, 811)]. @12-10-2021 01:57:55.0234 AM
[ReportManager] Target URL: [https://duckduckgo.com] @12-10-2021 01:57:55.0234 AM
[ReportManager] Initial URL: [] @12-10-2021 01:57:55.0299 AM
[ReportManager] Browser Action [NavigateToURL] successfully performed. With the following test data [https://duckduckgo.com]. @12-10-2021 01:57:56.0495 A

################################################################################################################################################
Starting Execution:	[8 out of 143] test cases in the current suite
Test Method:		[unitTests.tests_browserActions.getCurrentWindowTitle]
################################################################################################################################################
[ReportManager] Browser Action [GetCurrentWindowTitle] successfully performed. With the following test data [DuckDuckGo â€” Privacy, simplified.]. @12-10-2021 01:57:56.0561 A
[ReportManager] Target URL: [https://duckduckgo.com] @12-10-2021 01:57:56.0564 AM
[ReportManager] Initial URL: [https://duckduckgo.com] @12-10-2021 01:57:56.0616 AM
[ReportManager] Browser Action [NavigateToURL] successfully performed. With the following test data [https://duckduckgo.com]. @12-10-2021 01:57:57.0498 AM
[ReportManager] Browser Action [CloseCurrentWindow] successfully performed. @12-10-2021 01:57:57.0563 AM
[ReportManager] Successfully created attachment [Browser Action Test Data - CloseCurrentWindow - Actual Value] @12-10-2021 01:57:57.0564 A
[ReportManager] File Action [GetAbsolutePath] successfully performed. With the following test data [Relative Folder Path: "target/downloadedFiles/"]. @12-10-2021 01:57:57.0577 AM
[ReportManager] Attempting to run locally on: [Mac-64], [Safari], Headless Execution. @12-10-2021 01:57:57.0577 AM
[ReportManager] Successfully Opened Safari. @12-10-2021 01:57:58.0455 AM
[ReportManager] Initial window size: (800, 600) @12-10-2021 01:57:58.0478 AM
[ReportManager] Window size after SWD Maximize: (1176, 811) @12-10-2021 01:57:58.0491 AM
[ReportManager] Browser Action [MaximizeWindow] successfully performed. With the following test data [New screen size is now: (1176, 811)]. @12-10-2021 01:57:58.0492 AM
[ReportManager] Target URL: [https://duckduckgo.com] @12-10-2021 01:57:58.0492 AM
[ReportManager] Initial URL: [] @12-10-2021 01:57:58.0563 AM
[ReportManager] Browser Action [NavigateToURL] successfully performed. With the following test data [https://duckduckgo.com]. @12-10-2021 01:58:00.0411 A

################################################################################################################################################
Starting Execution:	[9 out of 143] test cases in the current suite
Test Method:		[unitTests.tests_browserActions.getPageSource]
################################################################################################################################################
[ReportManager] Browser Action [GetPageSource] successfully performed. @12-10-2021 01:58:00.0476 AM
[ReportManager] Successfully created attachment [Browser Action Test Data - GetPageSource - Actual Value] @12-10-2021 01:58:00.0477 A
[ReportManager] Target URL: [https://duckduckgo.com] @12-10-2021 01:58:00.0480 AM
[ReportManager] Initial URL: [https://duckduckgo.com] @12-10-2021 01:58:00.0523 AM
[ReportManager] Browser Action [NavigateToURL] successfully performed. With the following test data [https://duckduckgo.com]. @12-10-2021 01:58:01.0455 AM
[ReportManager] Browser Action [CloseCurrentWindow] successfully performed. @12-10-2021 01:58:01.0572 AM
[ReportManager] Successfully created attachment [Browser Action Test Data - CloseCurrentWindow - Actual Value] @12-10-2021 01:58:01.0580 A
[ReportManager] File Action [GetAbsolutePath] successfully performed. With the following test data [Relative Folder Path: "target/downloadedFiles/"]. @12-10-2021 01:58:01.0584 AM
[ReportManager] Attempting to run locally on: [Mac-64], [Safari], Headless Execution. @12-10-2021 01:58:01.0584 A

################################################################################################################################################
Starting Execution:	[10 out of 143] test cases in the current suite
Test Method:		[unitTests.tests_browserActions.getWindowHandle]
###############################################################################################################################################



################################################################################################################################################
Starting Execution:	[11 out of 143] test cases in the current suite
Test Method:		[unitTests.tests_browserActions.getWindowPosition]
###############################################################################################################################################



################################################################################################################################################
Starting Execution:	[12 out of 143] test cases in the current suite
Test Method:		[unitTests.tests_browserActions.getWindowSize]
###############################################################################################################################################



################################################################################################################################################
Starting Execution:	[13 out of 143] test cases in the current suite
Test Method:		[unitTests.tests_browserActions.maximizeWindow]
###############################################################################################################################################



################################################################################################################################################
Starting Execution:	[14 out of 143] test cases in the current suite
Test Method:		[unitTests.tests_browserActions.navigateBack]
###############################################################################################################################################



################################################################################################################################################
Starting Execution:	[15 out of 143] test cases in the current suite
Test Method:		[unitTests.tests_browserActions.navigateForward]
###############################################################################################################################################



################################################################################################################################################
Starting Execution:	[16 out of 143] test cases in the current suite
Test Method:		[unitTests.tests_browserActions.navigateToURL]
###############################################################################################################################################



################################################################################################################################################
Starting Execution:	[17 out of 143] test cases in the current suite
Test Method:		[unitTests.tests_browserActions.navigateToURLWithRedirection]
###############################################################################################################################################



################################################################################################################################################
Starting Execution:	[18 out of 143] test cases in the current suite
Test Method:		[unitTests.tests_browserActions.refreshCurrentPage]
###############################################################################################################################################



################################################################################################################################################
Starting Execution:	[19 out of 143] test cases in the current suite
Test Method:		[unitTests.tests_browserActions.setWindowSize]
###############################################################################################################################################

[ReportManager] Successfully loaded the following test data file [src/test/resources/TestDataFiles/testSuite01/TestData.xlsx]. @12-10-2021 01:58:25.0670 AM
[ReportManager] Successfully created attachment [Test Data - Excel] @12-10-2021 01:58:25.0671 A

################################################################################################################################################
Starting Execution:	[20 out of 143] test cases in the current suite
Test Method:		[unitTests.tests_io_excelFileManager.getCellData_rowName_expectedToPass]
################################################################################################################################################
[ReportManager] testRowData. @12-10-2021 01:58:25.0685 A

################################################################################################################################################
Starting Execution:	[21 out of 143] test cases in the current suite
Test Method:		[unitTests.tests_validations_assertions.assertComparativeRelation_greaterThanOrEquals_false_equals_expectedToFail]
################################################################################################################################################
[ReportManager] Assertion [ValidateComparativeRelation] FAILED. Expected [1] and Actual [1]. Comparison Type [GREATER_THAN_OR_EQUALS]. Validation Type [NEGATIVE]. @12-10-2021 01:58:25.0693 A

################################################################################################################################################
Starting Execution:	[22 out of 143] test cases in the current suite
Test Method:		[unitTests.tests_validations_assertions.assertComparativeRelation_greaterThanOrEquals_false_equals_expectedToPass]
################################################################################################################################################
[ReportManager] Assertion [ValidateComparativeRelation] PASSED. Expected [2] and Actual [1]. Comparison Type [GREATER_THAN_OR_EQUALS]. Validation Type [NEGATIVE]. @12-10-2021 01:58:25.0699 A

################################################################################################################################################
Starting Execution:	[23 out of 143] test cases in the current suite
Test Method:		[unitTests.tests_validations_assertions.assertComparativeRelation_greaterThanOrEquals_false_greaterThan_expectedToFail]
################################################################################################################################################
[ReportManager] Assertion [ValidateComparativeRelation] FAILED. Expected [1] and Actual [2]. Comparison Type [GREATER_THAN_OR_EQUALS]. Validation Type [NEGATIVE]. @12-10-2021 01:58:25.0704 A

################################################################################################################################################
Starting Execution:	[24 out of 143] test cases in the current suite
Test Method:		[unitTests.tests_validations_assertions.assertComparativeRelation_greaterThanOrEquals_false_greaterThan_expectedToPass]
################################################################################################################################################
[ReportManager] Assertion [ValidateComparativeRelation] PASSED. Expected [2] and Actual [1]. Comparison Type [GREATER_THAN_OR_EQUALS]. Validation Type [NEGATIVE]. @12-10-2021 01:58:25.0709 A

################################################################################################################################################
Starting Execution:	[25 out of 143] test cases in the current suite
Test Method:		[unitTests.tests_validations_assertions.assertComparativeRelation_greaterThanOrEquals_true_equals_expectedToFail]
################################################################################################################################################
[ReportManager] Assertion [ValidateComparativeRelation] FAILED. Expected [1] and Actual [0]. Comparison Type [GREATER_THAN_OR_EQUALS]. Validation Type [POSITIVE]. @12-10-2021 01:58:25.0715 A

################################################################################################################################################
Starting Execution:	[26 out of 143] test cases in the current suite
Test Method:		[unitTests.tests_validations_assertions.assertComparativeRelation_greaterThanOrEquals_true_equals_expectedToPass]
################################################################################################################################################
[ReportManager] Assertion [ValidateComparativeRelation] PASSED. Expected [1] and Actual [1]. Comparison Type [GREATER_THAN_OR_EQUALS]. Validation Type [POSITIVE]. @12-10-2021 01:58:25.0720 A

################################################################################################################################################
Starting Execution:	[27 out of 143] test cases in the current suite
Test Method:		[unitTests.tests_validations_assertions.assertComparativeRelation_greaterThanOrEquals_true_greaterThan_expectedToFail]
################################################################################################################################################
[ReportManager] Assertion [ValidateComparativeRelation] FAILED. Expected [2] and Actual [1]. Comparison Type [GREATER_THAN_OR_EQUALS]. Validation Type [POSITIVE]. @12-10-2021 01:58:25.0731 A

################################################################################################################################################
Starting Execution:	[28 out of 143] test cases in the current suite
Test Method:		[unitTests.tests_validations_assertions.assertComparativeRelation_greaterThanOrEquals_true_greaterThan_expectedToPass]
################################################################################################################################################
[ReportManager] Assertion [ValidateComparativeRelation] PASSED. Expected [1] and Actual [2]. Comparison Type [GREATER_THAN_OR_EQUALS]. Validation Type [POSITIVE]. @12-10-2021 01:58:25.0737 A
[ReportManager] File Action [GetAbsolutePath] successfully performed. With the following test data [Relative Folder Path: "target/downloadedFiles/"]. @12-10-2021 01:58:25.0743 AM
[ReportManager] Attempting to run locally on: [Mac-64], [Safari], Headless Execution. @12-10-2021 01:58:25.0744 AM
[ReportManager] Successfully Opened Safari. @12-10-2021 01:58:26.0571 AM
[ReportManager] Initial window size: (800, 600) @12-10-2021 01:58:26.0601 AM
[ReportManager] Window size after SWD Maximize: (1176, 811) @12-10-2021 01:58:26.0618 AM
[ReportManager] Browser Action [MaximizeWindow] successfully performed. With the following test data [New screen size is now: (1176, 811)]. @12-10-2021 01:58:26.0618 AM
[ReportManager] Target URL: [https://www.google.com/ncr], and after redirection: [www.google.com] @12-10-2021 01:58:26.0618 AM
[ReportManager] Initial URL: [] @12-10-2021 01:58:26.0769 AM
[ReportManager] Browser Action [NavigateToURL] successfully performed. With the following test data [https://www.google.com/ncr]. @12-10-2021 01:58:28.0169 A

################################################################################################################################################
Starting Execution:	[29 out of 143] test cases in the current suite
Test Method:		[unitTests.tests_validations_assertions.assertElementAttribute_false_caseInsensitiveComparison_expectedToFail]
################################################################################################################################################
[ReportManager] Element Action [Type] successfully performed. With the following test data [AUTOMATION]. @12-10-2021 01:58:28.0717 AM
[ReportManager] Element Action [GetText] successfully performed. With the following test data [AUTOMATION]. @12-10-2021 01:58:28.0883 AM
[ReportManager] Loaded Shared OpenCV @12-10-2021 01:58:30.0367 AM
[ReportManager] Assertion [ValidateElementAttribute] FAILED. Expected [Value Should not be 'AutomaTion' for the 'text' attribute, element locator 'By.name: q'] and Actual [AUTOMATION]. Comparison Type [CASE_INSENSITIVE]. Validation Type [NEGATIVE]. @12-10-2021 01:58:30.0666 AM
[ReportManager] Successfully created attachment [Screenshot - 1634003909075_assertElementAttribute_false_caseInsensitiveComparison_expectedToFail_ValidateElementAttribute_failed] @12-10-2021 01:58:30.0673 A
[ReportManager] Browser Action [CloseCurrentWindow] successfully performed. @12-10-2021 01:58:30.0743 AM
[ReportManager] Successfully created attachment [Browser Action Test Data - CloseCurrentWindow - Actual Value] @12-10-2021 01:58:30.0744 A
[ReportManager] File Action [GetAbsolutePath] successfully performed. With the following test data [Relative Folder Path: "target/downloadedFiles/"]. @12-10-2021 01:58:30.0750 AM
[ReportManager] Attempting to run locally on: [Mac-64], [Safari], Headless Execution. @12-10-2021 01:58:30.0750 AM
[ReportManager] Successfully Opened Safari. @12-10-2021 01:58:31.0612 AM
[ReportManager] Initial window size: (800, 600) @12-10-2021 01:58:31.0633 AM
[ReportManager] Window size after SWD Maximize: (1176, 811) @12-10-2021 01:58:31.0649 AM
[ReportManager] Browser Action [MaximizeWindow] successfully performed. With the following test data [New screen size is now: (1176, 811)]. @12-10-2021 01:58:31.0652 AM
[ReportManager] Target URL: [https://www.google.com/ncr], and after redirection: [www.google.com] @12-10-2021 01:58:31.0653 AM
[ReportManager] Initial URL: [] @12-10-2021 01:58:31.0722 AM
[ReportManager] Browser Action [NavigateToURL] successfully performed. With the following test data [https://www.google.com/ncr]. @12-10-2021 01:58:33.0159 A

################################################################################################################################################
Starting Execution:	[30 out of 143] test cases in the current suite
Test Method:		[unitTests.tests_validations_assertions.assertElementAttribute_false_caseInsensitiveComparison_expectedToPass]
################################################################################################################################################
[ReportManager] Element Action [Type] successfully performed. With the following test data [AUTOMATION]. @12-10-2021 01:58:33.0695 AM
[ReportManager] Element Action [GetText] successfully performed. With the following test data [AUTOMATION]. @12-10-2021 01:58:33.0849 AM
[ReportManager] Loaded Shared OpenCV @12-10-2021 01:58:34.0101 AM
[ReportManager] Assertion [ValidateElementAttribute] PASSED. Expected [Value Should not be 'AutomaTion123' for the 'text' attribute, element locator 'By.name: q'] and Actual [AUTOMATION]. Comparison Type [CASE_INSENSITIVE]. Validation Type [NEGATIVE]. @12-10-2021 01:58:34.0203 AM
[ReportManager] Successfully created attachment [Screenshot - 1634003914101_assertElementAttribute_false_caseInsensitiveComparison_expectedToPass_ValidateElementAttribute_passed] @12-10-2021 01:58:34.0205 A
[ReportManager] Browser Action [CloseCurrentWindow] successfully performed. @12-10-2021 01:58:34.0266 AM
[ReportManager] Successfully created attachment [Browser Action Test Data - CloseCurrentWindow - Actual Value] @12-10-2021 01:58:34.0267 A
[ReportManager] File Action [GetAbsolutePath] successfully performed. With the following test data [Relative Folder Path: "target/downloadedFiles/"]. @12-10-2021 01:58:34.0273 AM
[ReportManager] Attempting to run locally on: [Mac-64], [Safari], Headless Execution. @12-10-2021 01:58:34.0273 AM
[ReportManager] Successfully Opened Safari. @12-10-2021 01:58:35.0103 AM
[ReportManager] Initial window size: (800, 600) @12-10-2021 01:58:35.0201 AM
[ReportManager] Window size after SWD Maximize: (1176, 811) @12-10-2021 01:58:35.0277 AM
[ReportManager] Browser Action [MaximizeWindow] successfully performed. With the following test data [New screen size is now: (1176, 811)]. @12-10-2021 01:58:35.0277 AM
[ReportManager] Target URL: [https://www.google.com/ncr], and after redirection: [www.google.com] @12-10-2021 01:58:35.0278 AM
[ReportManager] Initial URL: [] @12-10-2021 01:58:35.0322 AM
[ReportManager] Browser Action [NavigateToURL] successfully performed. With the following test data [https://www.google.com/ncr]. @12-10-2021 01:58:36.0649 A

################################################################################################################################################
Starting Execution:	[31 out of 143] test cases in the current suite
Test Method:		[unitTests.tests_validations_assertions.assertElementAttribute_false_containsComparison_expectedToFail]
################################################################################################################################################
[ReportManager] Element Action [Type] successfully performed. With the following test data [Automation123]. @12-10-2021 01:58:37.0271 AM
[ReportManager] Element Action [GetText] successfully performed. With the following test data [Automation123]. @12-10-2021 01:58:37.0525 AM
[ReportManager] Loaded Shared OpenCV @12-10-2021 01:58:37.0749 AM
[ReportManager] Assertion [ValidateElementAttribute] FAILED. Expected [Value Should not be 'Automation' for the 'text' attribute, element locator 'By.name: q'] and Actual [Automation123]. Comparison Type [CONTAINS]. Validation Type [NEGATIVE]. @12-10-2021 01:58:37.0896 AM
[ReportManager] Successfully created attachment [Screenshot - 1634003917748_assertElementAttribute_false_containsComparison_expectedToFail_ValidateElementAttribute_failed] @12-10-2021 01:58:37.0898 A
[ReportManager] Browser Action [CloseCurrentWindow] successfully performed. @12-10-2021 01:58:37.0952 AM
[ReportManager] Successfully created attachment [Browser Action Test Data - CloseCurrentWindow - Actual Value] @12-10-2021 01:58:37.0954 A
[ReportManager] File Action [GetAbsolutePath] successfully performed. With the following test data [Relative Folder Path: "target/downloadedFiles/"]. @12-10-2021 01:58:37.0971 AM
[ReportManager] Attempting to run locally on: [Mac-64], [Safari], Headless Execution. @12-10-2021 01:58:37.0971 AM
[ReportManager] Successfully Opened Safari. @12-10-2021 01:58:38.0794 AM
[ReportManager] Initial window size: (800, 600) @12-10-2021 01:58:38.0818 AM
[ReportManager] Window size after SWD Maximize: (1176, 811) @12-10-2021 01:58:38.0840 AM
[ReportManager] Browser Action [MaximizeWindow] successfully performed. With the following test data [New screen size is now: (1176, 811)]. @12-10-2021 01:58:38.0841 AM
[ReportManager] Target URL: [https://www.google.com/ncr], and after redirection: [www.google.com] @12-10-2021 01:58:38.0841 AM
[ReportManager] Initial URL: [] @12-10-2021 01:58:38.0897 AM
[ReportManager] Browser Action [NavigateToURL] successfully performed. With the following test data [https://www.google.com/ncr]. @12-10-2021 01:58:40.0316 A

################################################################################################################################################
Starting Execution:	[32 out of 143] test cases in the current suite
Test Method:		[unitTests.tests_validations_assertions.assertElementAttribute_false_containsComparison_expectedToPass]
################################################################################################################################################
[ReportManager] Element Action [Type] successfully performed. With the following test data [Automation123]. @12-10-2021 01:58:40.0934 AM
[ReportManager] Element Action [GetText] successfully performed. With the following test data [Automation123]. @12-10-2021 01:58:41.0014 AM
[ReportManager] Loaded Shared OpenCV @12-10-2021 01:58:41.0087 AM
[ReportManager] Assertion [ValidateElementAttribute] PASSED. Expected [Value Should not be 'Automation1234' for the 'text' attribute, element locator 'By.name: q'] and Actual [Automation123]. Comparison Type [CONTAINS]. Validation Type [NEGATIVE]. @12-10-2021 01:58:41.0237 AM
[ReportManager] Successfully created attachment [Screenshot - 1634003921087_assertElementAttribute_false_containsComparison_expectedToPass_ValidateElementAttribute_passed] @12-10-2021 01:58:41.0238 A
[ReportManager] Browser Action [CloseCurrentWindow] successfully performed. @12-10-2021 01:58:41.0340 AM
[ReportManager] Successfully created attachment [Browser Action Test Data - CloseCurrentWindow - Actual Value] @12-10-2021 01:58:41.0341 A
[ReportManager] File Action [GetAbsolutePath] successfully performed. With the following test data [Relative Folder Path: "target/downloadedFiles/"]. @12-10-2021 01:58:41.0349 AM
[ReportManager] Attempting to run locally on: [Mac-64], [Safari], Headless Execution. @12-10-2021 01:58:41.0349 AM
[ReportManager] Successfully Opened Safari. @12-10-2021 01:58:42.0183 AM
[ReportManager] Initial window size: (800, 600) @12-10-2021 01:58:42.0193 AM
[ReportManager] Window size after SWD Maximize: (1176, 811) @12-10-2021 01:58:42.0218 AM
[ReportManager] Browser Action [MaximizeWindow] successfully performed. With the following test data [New screen size is now: (1176, 811)]. @12-10-2021 01:58:42.0219 AM
[ReportManager] Target URL: [https://www.google.com/ncr], and after redirection: [www.google.com] @12-10-2021 01:58:42.0219 AM
[ReportManager] Initial URL: [] @12-10-2021 01:58:42.0296 AM
[ReportManager] Browser Action [NavigateToURL] successfully performed. With the following test data [https://www.google.com/ncr]. @12-10-2021 01:58:43.0542 A

################################################################################################################################################
Starting Execution:	[33 out of 143] test cases in the current suite
Test Method:		[unitTests.tests_validations_assertions.assertElementAttribute_false_literalComparison_expectedToFail]
################################################################################################################################################
[ReportManager] Element Action [Type] successfully performed. With the following test data [Automation!@#$%^&*()_+{}[]\';/.,]. @12-10-2021 01:58:44.0719 AM
[ReportManager] Element Action [GetText] successfully performed. With the following test data [Automation!@#$%^&*()_+{}[]\';/.,]. @12-10-2021 01:58:44.0785 AM
[ReportManager] Loaded Shared OpenCV @12-10-2021 01:58:44.0855 AM
[ReportManager] Assertion [ValidateElementAttribute] PASSED. Expected [Value Should not be 'Automation!@#$%^&*()_+{}[]\\';/.,' for the 'text' attribute, element locator 'By.name: q'] and Actual [Automation!@#$%^&*()_+{}[]\';/.,]. Comparison Type [EQUALS]. Validation Type [NEGATIVE]. @12-10-2021 01:58:44.0958 AM
[ReportManager] Successfully created attachment [Screenshot - 1634003924855_assertElementAttribute_false_literalComparison_expectedToFail_ValidateElementAttribute_passed] @12-10-2021 01:58:44.0959 A
[ReportManager] Browser Action [CloseCurrentWindow] successfully performed. @12-10-2021 01:58:45.0011 AM
[ReportManager] Successfully created attachment [Browser Action Test Data - CloseCurrentWindow - Actual Value] @12-10-2021 01:58:45.0012 A
[ReportManager] File Action [GetAbsolutePath] successfully performed. With the following test data [Relative Folder Path: "target/downloadedFiles/"]. @12-10-2021 01:58:45.0020 AM
[ReportManager] Attempting to run locally on: [Mac-64], [Safari], Headless Execution. @12-10-2021 01:58:45.0021 AM
[ReportManager] Successfully Opened Safari. @12-10-2021 01:58:45.0814 AM
[ReportManager] Initial window size: (800, 600) @12-10-2021 01:58:45.0922 AM
[ReportManager] Window size after SWD Maximize: (1176, 811) @12-10-2021 01:58:46.0012 AM
[ReportManager] Browser Action [MaximizeWindow] successfully performed. With the following test data [New screen size is now: (1176, 811)]. @12-10-2021 01:58:46.0012 AM
[ReportManager] Target URL: [https://www.google.com/ncr], and after redirection: [www.google.com] @12-10-2021 01:58:46.0012 AM
[ReportManager] Initial URL: [] @12-10-2021 01:58:46.0083 AM
[ReportManager] Browser Action [NavigateToURL] successfully performed. With the following test data [https://www.google.com/ncr]. @12-10-2021 01:58:47.0444 A

################################################################################################################################################
Starting Execution:	[34 out of 143] test cases in the current suite
Test Method:		[unitTests.tests_validations_assertions.assertElementAttribute_false_literalComparison_expectedToPass]
################################################################################################################################################
[ReportManager] Element Action [Type] successfully performed. With the following test data [Automation!@#$%^&*()_+{}[]\';/.,]. @12-10-2021 01:58:48.0615 AM
[ReportManager] Element Action [GetText] successfully performed. With the following test data [Automation!@#$%^&*()_+{}[]\';/.,]. @12-10-2021 01:58:48.0682 AM
[ReportManager] Loaded Shared OpenCV @12-10-2021 01:58:48.0751 AM
[ReportManager] Assertion [ValidateElementAttribute] PASSED. Expected [Value Should not be 'Automation' for the 'text' attribute, element locator 'By.name: q'] and Actual [Automation!@#$%^&*()_+{}[]\';/.,]. Comparison Type [EQUALS]. Validation Type [NEGATIVE]. @12-10-2021 01:58:48.0859 AM
[ReportManager] Successfully created attachment [Screenshot - 1634003928750_assertElementAttribute_false_literalComparison_expectedToPass_ValidateElementAttribute_passed] @12-10-2021 01:58:48.0860 A
[ReportManager] Browser Action [CloseCurrentWindow] successfully performed. @12-10-2021 01:58:48.0972 AM
[ReportManager] Successfully created attachment [Browser Action Test Data - CloseCurrentWindow - Actual Value] @12-10-2021 01:58:48.0973 A
[ReportManager] File Action [GetAbsolutePath] successfully performed. With the following test data [Relative Folder Path: "target/downloadedFiles/"]. @12-10-2021 01:58:48.0979 AM
[ReportManager] Attempting to run locally on: [Mac-64], [Safari], Headless Execution. @12-10-2021 01:58:48.0979 AM
[ReportManager] Successfully Opened Safari. @12-10-2021 01:58:49.0860 AM
[ReportManager] Initial window size: (800, 600) @12-10-2021 01:58:49.0873 AM
[ReportManager] Window size after SWD Maximize: (1176, 811) @12-10-2021 01:58:49.0893 AM
[ReportManager] Browser Action [MaximizeWindow] successfully performed. With the following test data [New screen size is now: (1176, 811)]. @12-10-2021 01:58:49.0894 AM
[ReportManager] Target URL: [https://www.google.com/ncr], and after redirection: [www.google.com] @12-10-2021 01:58:49.0894 AM
[ReportManager] Initial URL: [] @12-10-2021 01:58:49.0962 AM
[ReportManager] Browser Action [NavigateToURL] successfully performed. With the following test data [https://www.google.com/ncr]. @12-10-2021 01:58:51.0301 A

################################################################################################################################################
Starting Execution:	[35 out of 143] test cases in the current suite
Test Method:		[unitTests.tests_validations_assertions.assertElementAttribute_false_regexComparison_expectedToFail]
################################################################################################################################################
[ReportManager] Element Action [Type] successfully performed. With the following test data [Automation123]. @12-10-2021 01:58:51.0963 AM
[ReportManager] Element Action [GetText] successfully performed. With the following test data [Automation123]. @12-10-2021 01:58:52.0042 AM
[ReportManager] Loaded Shared OpenCV @12-10-2021 01:58:52.0230 AM
[ReportManager] Assertion [ValidateElementAttribute] FAILED. Expected [Value Should not be 'Automation.*' for the 'text' attribute, element locator 'By.name: q'] and Actual [Automation123]. Comparison Type [MATCHES]. Validation Type [NEGATIVE]. @12-10-2021 01:58:52.0340 AM
[ReportManager] Successfully created attachment [Screenshot - 1634003932230_assertElementAttribute_false_regexComparison_expectedToFail_ValidateElementAttribute_failed] @12-10-2021 01:58:52.0342 A
[ReportManager] Browser Action [CloseCurrentWindow] successfully performed. @12-10-2021 01:58:52.0443 AM
[ReportManager] Successfully created attachment [Browser Action Test Data - CloseCurrentWindow - Actual Value] @12-10-2021 01:58:52.0445 A
[ReportManager] File Action [GetAbsolutePath] successfully performed. With the following test data [Relative Folder Path: "target/downloadedFiles/"]. @12-10-2021 01:58:52.0462 AM
[ReportManager] Attempting to run locally on: [Mac-64], [Safari], Headless Execution. @12-10-2021 01:58:52.0468 AM
[ReportManager] Successfully Opened Safari. @12-10-2021 01:58:53.0341 AM
[ReportManager] Initial window size: (800, 600) @12-10-2021 01:58:53.0354 AM
[ReportManager] Window size after SWD Maximize: (1176, 811) @12-10-2021 01:58:53.0377 AM
[ReportManager] Browser Action [MaximizeWindow] successfully performed. With the following test data [New screen size is now: (1176, 811)]. @12-10-2021 01:58:53.0377 AM
[ReportManager] Target URL: [https://www.google.com/ncr], and after redirection: [www.google.com] @12-10-2021 01:58:53.0377 AM
[ReportManager] Initial URL: [] @12-10-2021 01:58:53.0434 AM
[ReportManager] Browser Action [NavigateToURL] successfully performed. With the following test data [https://www.google.com/ncr]. @12-10-2021 01:58:54.0816 A

################################################################################################################################################
Starting Execution:	[36 out of 143] test cases in the current suite
Test Method:		[unitTests.tests_validations_assertions.assertElementAttribute_false_regexComparison_expectedToPass]
################################################################################################################################################
[ReportManager] Element Action [Type] successfully performed. With the following test data [Automation123]. @12-10-2021 01:58:55.0610 AM
[ReportManager] Element Action [GetText] successfully performed. With the following test data [Automation123]. @12-10-2021 01:58:55.0671 AM
[ReportManager] Loaded Shared OpenCV @12-10-2021 01:58:55.0740 AM
[ReportManager] Assertion [ValidateElementAttribute] PASSED. Expected [Value Should not be 'Automation' for the 'text' attribute, element locator 'By.name: q'] and Actual [Automation123]. Comparison Type [MATCHES]. Validation Type [NEGATIVE]. @12-10-2021 01:58:55.0845 AM
[ReportManager] Successfully created attachment [Screenshot - 1634003935740_assertElementAttribute_false_regexComparison_expectedToPass_ValidateElementAttribute_passed] @12-10-2021 01:58:55.0847 A
[ReportManager] Browser Action [CloseCurrentWindow] successfully performed. @12-10-2021 01:58:55.0907 AM
[ReportManager] Successfully created attachment [Browser Action Test Data - CloseCurrentWindow - Actual Value] @12-10-2021 01:58:55.0909 A
[ReportManager] File Action [GetAbsolutePath] successfully performed. With the following test data [Relative Folder Path: "target/downloadedFiles/"]. @12-10-2021 01:58:55.0922 AM
[ReportManager] Attempting to run locally on: [Mac-64], [Safari], Headless Execution. @12-10-2021 01:58:55.0923 AM
[ReportManager] Successfully Opened Safari. @12-10-2021 01:58:56.0795 AM
[ReportManager] Initial window size: (800, 600) @12-10-2021 01:58:56.0813 AM
[ReportManager] Window size after SWD Maximize: (1176, 811) @12-10-2021 01:58:56.0829 AM
[ReportManager] Browser Action [MaximizeWindow] successfully performed. With the following test data [New screen size is now: (1176, 811)]. @12-10-2021 01:58:56.0830 AM
[ReportManager] Target URL: [https://www.google.com/ncr], and after redirection: [www.google.com] @12-10-2021 01:58:56.0830 AM
[ReportManager] Initial URL: [] @12-10-2021 01:58:56.0882 AM
[ReportManager] Browser Action [NavigateToURL] successfully performed. With the following test data [https://www.google.com/ncr]. @12-10-2021 01:58:58.0379 A

################################################################################################################################################
Starting Execution:	[37 out of 143] test cases in the current suite
Test Method:		[unitTests.tests_validations_assertions.assertElementAttribute_true_caseInsensitiveComparison_expectedToFail]
################################################################################################################################################
[ReportManager] Element Action [Type] successfully performed. With the following test data [AUTOMATION]. @12-10-2021 01:58:58.0885 AM
[ReportManager] Element Action [GetText] successfully performed. With the following test data [AUTOMATION]. @12-10-2021 01:58:58.0947 AM
[ReportManager] Loaded Shared OpenCV @12-10-2021 01:58:59.0023 AM
[ReportManager] Assertion [ValidateElementAttribute] FAILED. Expected [Value Should be 'AutomaTion123' for the 'text' attribute, element locator 'By.name: q'] and Actual [AUTOMATION]. Comparison Type [CASE_INSENSITIVE]. Validation Type [POSITIVE]. @12-10-2021 01:58:59.0206 AM
[ReportManager] Successfully created attachment [Screenshot - 1634003939023_assertElementAttribute_true_caseInsensitiveComparison_expectedToFail_ValidateElementAttribute_failed] @12-10-2021 01:58:59.0209 A
[ReportManager] Browser Action [CloseCurrentWindow] successfully performed. @12-10-2021 01:58:59.0297 AM
[ReportManager] Successfully created attachment [Browser Action Test Data - CloseCurrentWindow - Actual Value] @12-10-2021 01:58:59.0298 A
[ReportManager] File Action [GetAbsolutePath] successfully performed. With the following test data [Relative Folder Path: "target/downloadedFiles/"]. @12-10-2021 01:58:59.0306 AM
[ReportManager] Attempting to run locally on: [Mac-64], [Safari], Headless Execution. @12-10-2021 01:58:59.0307 AM
[ReportManager] Successfully Opened Safari. @12-10-2021 01:59:00.0126 AM
[ReportManager] Initial window size: (800, 600) @12-10-2021 01:59:00.0139 AM
[ReportManager] Window size after SWD Maximize: (1176, 811) @12-10-2021 01:59:00.0158 AM
[ReportManager] Browser Action [MaximizeWindow] successfully performed. With the following test data [New screen size is now: (1176, 811)]. @12-10-2021 01:59:00.0158 AM
[ReportManager] Target URL: [https://www.google.com/ncr], and after redirection: [www.google.com] @12-10-2021 01:59:00.0158 AM
[ReportManager] Initial URL: [] @12-10-2021 01:59:00.0336 AM
[ReportManager] Browser Action [NavigateToURL] successfully performed. With the following test data [https://www.google.com/ncr]. @12-10-2021 01:59:02.0019 A

################################################################################################################################################
Starting Execution:	[38 out of 143] test cases in the current suite
Test Method:		[unitTests.tests_validations_assertions.assertElementAttribute_true_caseInsensitiveComparison_expectedToPass]
################################################################################################################################################
[ReportManager] Element Action [Type] successfully performed. With the following test data [AUTOMATION]. @12-10-2021 01:59:02.0514 AM
[ReportManager] Element Action [GetText] successfully performed. With the following test data [AUTOMATION]. @12-10-2021 01:59:02.0585 AM
[ReportManager] Loaded Shared OpenCV @12-10-2021 01:59:02.0772 AM
[ReportManager] Assertion [ValidateElementAttribute] PASSED. Expected [Value Should be 'AutomaTion' for the 'text' attribute, element locator 'By.name: q'] and Actual [AUTOMATION]. Comparison Type [CASE_INSENSITIVE]. Validation Type [POSITIVE]. @12-10-2021 01:59:02.0888 AM
[ReportManager] Successfully created attachment [Screenshot - 1634003942772_assertElementAttribute_true_caseInsensitiveComparison_expectedToPass_ValidateElementAttribute_passed] @12-10-2021 01:59:02.0890 A
[ReportManager] Browser Action [CloseCurrentWindow] successfully performed. @12-10-2021 01:59:02.0966 AM
[ReportManager] Successfully created attachment [Browser Action Test Data - CloseCurrentWindow - Actual Value] @12-10-2021 01:59:02.0968 A
[ReportManager] File Action [GetAbsolutePath] successfully performed. With the following test data [Relative Folder Path: "target/downloadedFiles/"]. @12-10-2021 01:59:02.0972 AM
[ReportManager] Attempting to run locally on: [Mac-64], [Safari], Headless Execution. @12-10-2021 01:59:02.0972 AM
[ReportManager] Successfully Opened Safari. @12-10-2021 01:59:03.0865 AM
[ReportManager] Initial window size: (800, 600) @12-10-2021 01:59:03.0953 AM
[ReportManager] Window size after SWD Maximize: (1176, 811) @12-10-2021 01:59:03.0971 AM
[ReportManager] Browser Action [MaximizeWindow] successfully performed. With the following test data [New screen size is now: (1176, 811)]. @12-10-2021 01:59:03.0972 AM
[ReportManager] Target URL: [https://www.google.com/ncr], and after redirection: [www.google.com] @12-10-2021 01:59:03.0972 AM
[ReportManager] Initial URL: [] @12-10-2021 01:59:04.0014 AM
[ReportManager] Browser Action [NavigateToURL] successfully performed. With the following test data [https://www.google.com/ncr]. @12-10-2021 01:59:05.0451 A

################################################################################################################################################
Starting Execution:	[39 out of 143] test cases in the current suite
Test Method:		[unitTests.tests_validations_assertions.assertElementAttribute_true_containsComparison_expectedToFail]
################################################################################################################################################
[ReportManager] Element Action [Type] successfully performed. With the following test data [Automation123]. @12-10-2021 01:59:06.0037 AM
[ReportManager] Element Action [GetText] successfully performed. With the following test data [Automation123]. @12-10-2021 01:59:06.0124 AM
[ReportManager] Loaded Shared OpenCV @12-10-2021 01:59:06.0273 AM
[ReportManager] Assertion [ValidateElementAttribute] FAILED. Expected [Value Should be 'Automation1234' for the 'text' attribute, element locator 'By.name: q'] and Actual [Automation123]. Comparison Type [CONTAINS]. Validation Type [POSITIVE]. @12-10-2021 01:59:06.0413 AM
[ReportManager] Successfully created attachment [Screenshot - 1634003946273_assertElementAttribute_true_containsComparison_expectedToFail_ValidateElementAttribute_failed] @12-10-2021 01:59:06.0414 A
[ReportManager] Browser Action [CloseCurrentWindow] successfully performed. @12-10-2021 01:59:06.0471 AM
[ReportManager] Successfully created attachment [Browser Action Test Data - CloseCurrentWindow - Actual Value] @12-10-2021 01:59:06.0471 A
[ReportManager] File Action [GetAbsolutePath] successfully performed. With the following test data [Relative Folder Path: "target/downloadedFiles/"]. @12-10-2021 01:59:06.0478 AM
[ReportManager] Attempting to run locally on: [Mac-64], [Safari], Headless Execution. @12-10-2021 01:59:06.0479 AM
[ReportManager] Successfully Opened Safari. @12-10-2021 01:59:07.0397 AM
[ReportManager] Initial window size: (800, 600) @12-10-2021 01:59:07.0477 AM
[ReportManager] Window size after SWD Maximize: (1176, 811) @12-10-2021 01:59:07.0493 AM
[ReportManager] Browser Action [MaximizeWindow] successfully performed. With the following test data [New screen size is now: (1176, 811)]. @12-10-2021 01:59:07.0493 AM
[ReportManager] Target URL: [https://www.google.com/ncr], and after redirection: [www.google.com] @12-10-2021 01:59:07.0493 AM
[ReportManager] Initial URL: [] @12-10-2021 01:59:07.0552 AM
[ReportManager] Browser Action [NavigateToURL] successfully performed. With the following test data [https://www.google.com/ncr]. @12-10-2021 01:59:08.0935 A

################################################################################################################################################
Starting Execution:	[40 out of 143] test cases in the current suite
Test Method:		[unitTests.tests_validations_assertions.assertElementAttribute_true_containsComparison_expectedToPass]
################################################################################################################################################
[ReportManager] Element Action [Type] successfully performed. With the following test data [Automation123]. @12-10-2021 01:59:09.0498 AM
[ReportManager] Element Action [GetText] successfully performed. With the following test data [Automation123]. @12-10-2021 01:59:09.0565 AM
[ReportManager] Loaded Shared OpenCV @12-10-2021 01:59:09.0637 AM
[ReportManager] Assertion [ValidateElementAttribute] PASSED. Expected [Value Should be 'Automation' for the 'text' attribute, element locator 'By.name: q'] and Actual [Automation123]. Comparison Type [CONTAINS]. Validation Type [POSITIVE]. @12-10-2021 01:59:09.0729 AM
[ReportManager] Successfully created attachment [Screenshot - 1634003949637_assertElementAttribute_true_containsComparison_expectedToPass_ValidateElementAttribute_passed] @12-10-2021 01:59:09.0731 A
[ReportManager] Browser Action [CloseCurrentWindow] successfully performed. @12-10-2021 01:59:09.0912 AM
[ReportManager] Successfully created attachment [Browser Action Test Data - CloseCurrentWindow - Actual Value] @12-10-2021 01:59:09.0913 A
[ReportManager] File Action [GetAbsolutePath] successfully performed. With the following test data [Relative Folder Path: "target/downloadedFiles/"]. @12-10-2021 01:59:09.0917 AM
[ReportManager] Attempting to run locally on: [Mac-64], [Safari], Headless Execution. @12-10-2021 01:59:09.0917 AM
[ReportManager] Successfully Opened Safari. @12-10-2021 01:59:10.0694 AM
[ReportManager] Initial window size: (800, 600) @12-10-2021 01:59:10.0743 AM
[ReportManager] Window size after SWD Maximize: (1176, 811) @12-10-2021 01:59:10.0759 AM
[ReportManager] Browser Action [MaximizeWindow] successfully performed. With the following test data [New screen size is now: (1176, 811)]. @12-10-2021 01:59:10.0759 AM
[ReportManager] Target URL: [https://www.google.com/ncr], and after redirection: [www.google.com] @12-10-2021 01:59:10.0760 AM
[ReportManager] Initial URL: [] @12-10-2021 01:59:10.0815 AM
[ReportManager] Browser Action [NavigateToURL] successfully performed. With the following test data [https://www.google.com/ncr]. @12-10-2021 01:59:12.0173 A

################################################################################################################################################
Starting Execution:	[41 out of 143] test cases in the current suite
Test Method:		[unitTests.tests_validations_assertions.assertElementAttribute_true_literalComparison_expectedToFail]
################################################################################################################################################
[ReportManager] Element Action [Type] successfully performed. With the following test data [Automation!@#$%^&*()_+{}[]\';/.,]. @12-10-2021 01:59:13.0278 AM
[ReportManager] Element Action [GetText] successfully performed. With the following test data [Automation!@#$%^&*()_+{}[]\';/.,]. @12-10-2021 01:59:13.0337 AM
[ReportManager] Loaded Shared OpenCV @12-10-2021 01:59:13.0410 AM
[ReportManager] Assertion [ValidateElementAttribute] FAILED. Expected [Value Should be 'Automation' for the 'text' attribute, element locator 'By.name: q'] and Actual [Automation!@#$%^&*()_+{}[]\';/.,]. Comparison Type [EQUALS]. Validation Type [POSITIVE]. @12-10-2021 01:59:13.0564 AM
[ReportManager] Successfully created attachment [Screenshot - 1634003953409_assertElementAttribute_true_literalComparison_expectedToFail_ValidateElementAttribute_failed] @12-10-2021 01:59:13.0565 A
[ReportManager] Browser Action [CloseCurrentWindow] successfully performed. @12-10-2021 01:59:13.0617 AM
[ReportManager] Successfully created attachment [Browser Action Test Data - CloseCurrentWindow - Actual Value] @12-10-2021 01:59:13.0618 A
[ReportManager] File Action [GetAbsolutePath] successfully performed. With the following test data [Relative Folder Path: "target/downloadedFiles/"]. @12-10-2021 01:59:13.0628 AM
[ReportManager] Attempting to run locally on: [Mac-64], [Safari], Headless Execution. @12-10-2021 01:59:13.0628 AM
[ReportManager] Successfully Opened Safari. @12-10-2021 01:59:14.0596 AM
[ReportManager] Initial window size: (800, 600) @12-10-2021 01:59:14.0611 AM
[ReportManager] Window size after SWD Maximize: (1176, 811) @12-10-2021 01:59:14.0634 AM
[ReportManager] Browser Action [MaximizeWindow] successfully performed. With the following test data [New screen size is now: (1176, 811)]. @12-10-2021 01:59:14.0634 AM
[ReportManager] Target URL: [https://www.google.com/ncr], and after redirection: [www.google.com] @12-10-2021 01:59:14.0634 AM
[ReportManager] Initial URL: [] @12-10-2021 01:59:14.0707 AM
[ReportManager] Browser Action [NavigateToURL] successfully performed. With the following test data [https://www.google.com/ncr]. @12-10-2021 01:59:16.0295 A

################################################################################################################################################
Starting Execution:	[42 out of 143] test cases in the current suite
Test Method:		[unitTests.tests_validations_assertions.assertElementAttribute_true_literalComparison_expectedToPass]
################################################################################################################################################
[ReportManager] Element Action [Type] successfully performed. With the following test data [Automation!@#$%^&*()_+{}[]\';/.,]. @12-10-2021 01:59:17.0443 AM
[ReportManager] Element Action [GetText] successfully performed. With the following test data [Automation!@#$%^&*()_+{}[]\';/.,]. @12-10-2021 01:59:17.0500 AM
[ReportManager] Loaded Shared OpenCV @12-10-2021 01:59:17.0565 AM
[ReportManager] Assertion [ValidateElementAttribute] PASSED. Expected [Value Should be 'Automation!@#$%^&*()_+{}[]\';/.,' for the 'text' attribute, element locator 'By.name: q'] and Actual [Automation!@#$%^&*()_+{}[]\';/.,]. Comparison Type [EQUALS]. Validation Type [POSITIVE]. @12-10-2021 01:59:17.0661 AM
[ReportManager] Successfully created attachment [Screenshot - 1634003957565_assertElementAttribute_true_literalComparison_expectedToPass_ValidateElementAttribute_passed] @12-10-2021 01:59:17.0662 A
[ReportManager] Browser Action [CloseCurrentWindow] successfully performed. @12-10-2021 01:59:17.0723 AM
[ReportManager] Successfully created attachment [Browser Action Test Data - CloseCurrentWindow - Actual Value] @12-10-2021 01:59:17.0724 A
[ReportManager] File Action [GetAbsolutePath] successfully performed. With the following test data [Relative Folder Path: "target/downloadedFiles/"]. @12-10-2021 01:59:17.0728 AM
[ReportManager] Attempting to run locally on: [Mac-64], [Safari], Headless Execution. @12-10-2021 01:59:17.0728 AM
[ReportManager] Successfully Opened Safari. @12-10-2021 01:59:18.0496 AM
[ReportManager] Initial window size: (800, 600) @12-10-2021 01:59:18.0570 AM
[ReportManager] Window size after SWD Maximize: (1176, 811) @12-10-2021 01:59:18.0635 AM
[ReportManager] Browser Action [MaximizeWindow] successfully performed. With the following test data [New screen size is now: (1176, 811)]. @12-10-2021 01:59:18.0635 AM
[ReportManager] Target URL: [https://www.google.com/ncr], and after redirection: [www.google.com] @12-10-2021 01:59:18.0635 AM
[ReportManager] Initial URL: [] @12-10-2021 01:59:18.0676 AM
[ReportManager] Browser Action [NavigateToURL] successfully performed. With the following test data [https://www.google.com/ncr]. @12-10-2021 01:59:20.0127 A

################################################################################################################################################
Starting Execution:	[43 out of 143] test cases in the current suite
Test Method:		[unitTests.tests_validations_assertions.assertElementAttribute_true_regexComparison_expectedToFail]
################################################################################################################################################
[ReportManager] Element Action [Type] successfully performed. With the following test data [Automation123]. @12-10-2021 01:59:20.0708 AM
[ReportManager] Element Action [GetText] successfully performed. With the following test data [Automation123]. @12-10-2021 01:59:20.0826 AM
[ReportManager] Loaded Shared OpenCV @12-10-2021 01:59:20.0941 AM
[ReportManager] Assertion [ValidateElementAttribute] FAILED. Expected [Value Should be 'Automation' for the 'text' attribute, element locator 'By.name: q'] and Actual [Automation123]. Comparison Type [MATCHES]. Validation Type [POSITIVE]. @12-10-2021 01:59:21.0082 AM
[ReportManager] Successfully created attachment [Screenshot - 1634003960941_assertElementAttribute_true_regexComparison_expectedToFail_ValidateElementAttribute_failed] @12-10-2021 01:59:21.0083 A
[ReportManager] Browser Action [CloseCurrentWindow] successfully performed. @12-10-2021 01:59:21.0150 AM
[ReportManager] Successfully created attachment [Browser Action Test Data - CloseCurrentWindow - Actual Value] @12-10-2021 01:59:21.0170 A
[ReportManager] File Action [GetAbsolutePath] successfully performed. With the following test data [Relative Folder Path: "target/downloadedFiles/"]. @12-10-2021 01:59:21.0175 AM
[ReportManager] Attempting to run locally on: [Mac-64], [Safari], Headless Execution. @12-10-2021 01:59:21.0175 AM
[ReportManager] Successfully Opened Safari. @12-10-2021 01:59:22.0070 AM
[ReportManager] Initial window size: (800, 600) @12-10-2021 01:59:22.0088 AM
[ReportManager] Window size after SWD Maximize: (1176, 811) @12-10-2021 01:59:22.0106 AM
[ReportManager] Browser Action [MaximizeWindow] successfully performed. With the following test data [New screen size is now: (1176, 811)]. @12-10-2021 01:59:22.0107 AM
[ReportManager] Target URL: [https://www.google.com/ncr], and after redirection: [www.google.com] @12-10-2021 01:59:22.0107 AM
[ReportManager] Initial URL: [] @12-10-2021 01:59:22.0152 AM
[ReportManager] Browser Action [NavigateToURL] successfully performed. With the following test data [https://www.google.com/ncr]. @12-10-2021 01:59:23.0636 A

################################################################################################################################################
Starting Execution:	[44 out of 143] test cases in the current suite
Test Method:		[unitTests.tests_validations_assertions.assertElementAttribute_true_regexComparison_expectedToPass]
################################################################################################################################################
[ReportManager] Element Action [Type] successfully performed. With the following test data [Automation123]. @12-10-2021 01:59:24.0124 AM
[ReportManager] Element Action [GetText] successfully performed. With the following test data [Automation123]. @12-10-2021 01:59:24.0185 AM
[ReportManager] Loaded Shared OpenCV @12-10-2021 01:59:24.0249 AM
[ReportManager] Assertion [ValidateElementAttribute] PASSED. Expected [Value Should be 'Automation.*' for the 'text' attribute, element locator 'By.name: q'] and Actual [Automation123]. Comparison Type [MATCHES]. Validation Type [POSITIVE]. @12-10-2021 01:59:24.0340 AM
[ReportManager] Successfully created attachment [Screenshot - 1634003964249_assertElementAttribute_true_regexComparison_expectedToPass_ValidateElementAttribute_passed] @12-10-2021 01:59:24.0342 A
[ReportManager] Browser Action [CloseCurrentWindow] successfully performed. @12-10-2021 01:59:24.0393 AM
[ReportManager] Successfully created attachment [Browser Action Test Data - CloseCurrentWindow - Actual Value] @12-10-2021 01:59:24.0397 A
[ReportManager] File Action [GetAbsolutePath] successfully performed. With the following test data [Relative Folder Path: "target/downloadedFiles/"]. @12-10-2021 01:59:24.0409 AM
[ReportManager] Attempting to run locally on: [Mac-64], [Safari], Headless Execution. @12-10-2021 01:59:24.0410 AM
[ReportManager] Successfully Opened Safari. @12-10-2021 01:59:25.0206 AM
[ReportManager] Initial window size: (800, 600) @12-10-2021 01:59:25.0219 AM
[ReportManager] Window size after SWD Maximize: (1176, 811) @12-10-2021 01:59:25.0243 AM
[ReportManager] Browser Action [MaximizeWindow] successfully performed. With the following test data [New screen size is now: (1176, 811)]. @12-10-2021 01:59:25.0244 AM
[ReportManager] Target URL: [https://www.google.com/ncr], and after redirection: [www.google.com] @12-10-2021 01:59:25.0244 AM
[ReportManager] Initial URL: [] @12-10-2021 01:59:25.0313 AM
[ReportManager] Browser Action [NavigateToURL] successfully performed. With the following test data [https://www.google.com/ncr]. @12-10-2021 01:59:26.0846 A

################################################################################################################################################
Starting Execution:	[45 out of 143] test cases in the current suite
Test Method:		[unitTests.tests_validations_assertions.assertElementAttribute_type_true_literalComparison_expectedToPass]
################################################################################################################################################
[ReportManager] Element Action [Type] successfully performed. With the following test data [Automation!@#$%^&*()_+{}[]\';/.,]. @12-10-2021 01:59:28.0061 AM
[ReportManager] Element Action [GetText] successfully performed. With the following test data [Automation!@#$%^&*()_+{}[]\';/.,]. @12-10-2021 01:59:28.0121 AM
[ReportManager] Loaded Shared OpenCV @12-10-2021 01:59:28.0232 AM
[ReportManager] Assertion [ValidateElementAttribute] PASSED. Expected [Value Should be 'Automation!@#$%^&*()_+{}[]\';/.,' for the 'text' attribute, element locator 'By.name: q'] and Actual [Automation!@#$%^&*()_+{}[]\';/.,]. Comparison Type [EQUALS]. Validation Type [POSITIVE]. @12-10-2021 01:59:28.0328 AM
[ReportManager] Successfully created attachment [Screenshot - 1634003968232_assertElementAttribute_type_true_literalComparison_expectedToPass_ValidateElementAttribute_passed] @12-10-2021 01:59:28.0330 A
[ReportManager] Browser Action [CloseCurrentWindow] successfully performed. @12-10-2021 01:59:28.0381 AM
[ReportManager] Successfully created attachment [Browser Action Test Data - CloseCurrentWindow - Actual Value] @12-10-2021 01:59:28.0382 A
[ReportManager] File Action [GetAbsolutePath] successfully performed. With the following test data [Relative Folder Path: "target/downloadedFiles/"]. @12-10-2021 01:59:28.0410 AM
[ReportManager] Attempting to run locally on: [Mac-64], [Safari], Headless Execution. @12-10-2021 01:59:28.0410 AM
[ReportManager] Successfully Opened Safari. @12-10-2021 01:59:29.0259 AM
[ReportManager] Initial window size: (800, 600) @12-10-2021 01:59:29.0272 AM
[ReportManager] Window size after SWD Maximize: (1176, 811) @12-10-2021 01:59:29.0290 AM
[ReportManager] Browser Action [MaximizeWindow] successfully performed. With the following test data [New screen size is now: (1176, 811)]. @12-10-2021 01:59:29.0291 AM
[ReportManager] Target URL: [https://www.google.com/ncr], and after redirection: [www.google.com] @12-10-2021 01:59:29.0291 AM
[ReportManager] Initial URL: [] @12-10-2021 01:59:29.0355 AM
[ReportManager] Browser Action [NavigateToURL] successfully performed. With the following test data [https://www.google.com/ncr]. @12-10-2021 01:59:30.0918 A

################################################################################################################################################
Starting Execution:	[46 out of 143] test cases in the current suite
Test Method:		[unitTests.tests_validations_assertions.assertElementExists_false_expectedToFail]
################################################################################################################################################
[ReportManager] Assertion [ValidateElementExists] PASSED. Expected [Element Should not Exist, locator 'By.id: hplogo'] and Actual [Element Doesn't Exists]. Comparison Type [EQUALS]. Validation Type [NEGATIVE]. @12-10-2021 01:59:41.0708 AM
[ReportManager] Successfully created attachment [Screenshot - 1634003981633_assertElementExists_false_expectedToFail_ValidateElementExists_passed] @12-10-2021 01:59:41.0709 A
[ReportManager] Browser Action [CloseCurrentWindow] successfully performed. @12-10-2021 01:59:41.0760 AM
[ReportManager] Successfully created attachment [Browser Action Test Data - CloseCurrentWindow - Actual Value] @12-10-2021 01:59:41.0761 A
[ReportManager] File Action [GetAbsolutePath] successfully performed. With the following test data [Relative Folder Path: "target/downloadedFiles/"]. @12-10-2021 01:59:41.0791 AM
[ReportManager] Attempting to run locally on: [Mac-64], [Safari], Headless Execution. @12-10-2021 01:59:41.0792 AM
[ReportManager] Successfully Opened Safari. @12-10-2021 01:59:42.0583 AM
[ReportManager] Initial window size: (800, 600) @12-10-2021 01:59:42.0594 AM
[ReportManager] Window size after SWD Maximize: (1176, 811) @12-10-2021 01:59:42.0620 AM
[ReportManager] Browser Action [MaximizeWindow] successfully performed. With the following test data [New screen size is now: (1176, 811)]. @12-10-2021 01:59:42.0620 AM
[ReportManager] Target URL: [https://www.google.com/ncr], and after redirection: [www.google.com] @12-10-2021 01:59:42.0620 AM
[ReportManager] Initial URL: [] @12-10-2021 01:59:42.0737 AM
[ReportManager] Browser Action [NavigateToURL] successfully performed. With the following test data [https://www.google.com/ncr]. @12-10-2021 01:59:44.0171 A

################################################################################################################################################
Starting Execution:	[47 out of 143] test cases in the current suite
Test Method:		[unitTests.tests_validations_assertions.assertElementExists_false_expectedToPass]
################################################################################################################################################
[ReportManager] Assertion [ValidateElementExists] PASSED. Expected [Element Should not Exist, locator 'By.id: fakeElement'] and Actual [Element Doesn't Exists]. Comparison Type [EQUALS]. Validation Type [NEGATIVE]. @12-10-2021 01:59:54.0764 AM
[ReportManager] Successfully created attachment [Screenshot - 1634003994688_assertElementExists_false_expectedToPass_ValidateElementExists_passed] @12-10-2021 01:59:54.0766 A
[ReportManager] Browser Action [CloseCurrentWindow] successfully performed. @12-10-2021 01:59:54.0863 AM
[ReportManager] Successfully created attachment [Browser Action Test Data - CloseCurrentWindow - Actual Value] @12-10-2021 01:59:54.0864 A
[ReportManager] File Action [GetAbsolutePath] successfully performed. With the following test data [Relative Folder Path: "target/downloadedFiles/"]. @12-10-2021 01:59:54.0870 AM
[ReportManager] Attempting to run locally on: [Mac-64], [Safari], Headless Execution. @12-10-2021 01:59:54.0870 AM
[ReportManager] Successfully Opened Safari. @12-10-2021 01:59:55.0695 AM
[ReportManager] Initial window size: (800, 600) @12-10-2021 01:59:55.0718 AM
[ReportManager] Window size after SWD Maximize: (1176, 811) @12-10-2021 01:59:55.0739 AM
[ReportManager] Browser Action [MaximizeWindow] successfully performed. With the following test data [New screen size is now: (1176, 811)]. @12-10-2021 01:59:55.0740 AM
[ReportManager] Target URL: [https://www.google.com/ncr], and after redirection: [www.google.com] @12-10-2021 01:59:55.0740 AM
[ReportManager] Initial URL: [] @12-10-2021 01:59:55.0796 AM
[ReportManager] Browser Action [NavigateToURL] successfully performed. With the following test data [https://www.google.com/ncr]. @12-10-2021 01:59:57.0340 A

################################################################################################################################################
Starting Execution:	[48 out of 143] test cases in the current suite
Test Method:		[unitTests.tests_validations_assertions.assertElementExists_false_multipleElementsFound_expectedToFail]
################################################################################################################################################
[ReportManager] Assertion [ValidateElementExists] FAILED. Expected [Element Should not Exist, locator 'By.xpath: //div'] and Actual [Element Exists but is not unique]. Comparison Type [EQUALS]. Validation Type [NEGATIVE]. @12-10-2021 01:59:57.0559 AM
[ReportManager] Successfully created attachment [Screenshot - 1634003997437_assertElementExists_false_multipleElementsFound_expectedToFail_ValidateElementExists_failed] @12-10-2021 01:59:57.0561 A
[ReportManager] Browser Action [CloseCurrentWindow] successfully performed. @12-10-2021 01:59:57.0608 AM
[ReportManager] Successfully created attachment [Browser Action Test Data - CloseCurrentWindow - Actual Value] @12-10-2021 01:59:57.0610 A
[ReportManager] File Action [GetAbsolutePath] successfully performed. With the following test data [Relative Folder Path: "target/downloadedFiles/"]. @12-10-2021 01:59:57.0615 AM
[ReportManager] Attempting to run locally on: [Mac-64], [Safari], Headless Execution. @12-10-2021 01:59:57.0615 AM
[ReportManager] Successfully Opened Safari. @12-10-2021 01:59:58.0456 AM
[ReportManager] Initial window size: (800, 600) @12-10-2021 01:59:58.0557 AM
[ReportManager] Window size after SWD Maximize: (1176, 811) @12-10-2021 01:59:58.0573 AM
[ReportManager] Browser Action [MaximizeWindow] successfully performed. With the following test data [New screen size is now: (1176, 811)]. @12-10-2021 01:59:58.0574 AM
[ReportManager] Target URL: [https://www.google.com/ncr], and after redirection: [www.google.com] @12-10-2021 01:59:58.0574 AM
[ReportManager] Initial URL: [] @12-10-2021 01:59:58.0627 AM
[ReportManager] Browser Action [NavigateToURL] successfully performed. With the following test data [https://www.google.com/ncr]. @12-10-2021 01:59:59.0653 A

################################################################################################################################################
Starting Execution:	[49 out of 143] test cases in the current suite
Test Method:		[unitTests.tests_validations_assertions.assertElementExists_true_expectedToFail]
################################################################################################################################################
[ReportManager] Assertion [ValidateElementExists] FAILED. Expected [Element Should Exist, locator 'By.id: fakeElement'] and Actual [Element Doesn't Exists]. Comparison Type [EQUALS]. Validation Type [POSITIVE]. @12-10-2021 02:00:30.0506 AM
[ReportManager] Successfully created attachment [Screenshot - 1634004030429_assertElementExists_true_expectedToFail_ValidateElementExists_failed] @12-10-2021 02:00:30.0507 A
[ReportManager] Browser Action [CloseCurrentWindow] successfully performed. @12-10-2021 02:00:30.0628 AM
[ReportManager] Successfully created attachment [Browser Action Test Data - CloseCurrentWindow - Actual Value] @12-10-2021 02:00:30.0629 A
[ReportManager] File Action [GetAbsolutePath] successfully performed. With the following test data [Relative Folder Path: "target/downloadedFiles/"]. @12-10-2021 02:00:30.0632 AM
[ReportManager] Attempting to run locally on: [Mac-64], [Safari], Headless Execution. @12-10-2021 02:00:30.0632 AM
[ReportManager] Successfully Opened Safari. @12-10-2021 02:00:31.0650 AM
[ReportManager] Initial window size: (800, 600) @12-10-2021 02:00:31.0856 AM
[ReportManager] Window size after SWD Maximize: (1176, 811) @12-10-2021 02:00:31.0873 AM
[ReportManager] Browser Action [MaximizeWindow] successfully performed. With the following test data [New screen size is now: (1176, 811)]. @12-10-2021 02:00:31.0874 AM
[ReportManager] Target URL: [https://www.google.com/ncr], and after redirection: [www.google.com] @12-10-2021 02:00:31.0874 AM
[ReportManager] Initial URL: [] @12-10-2021 02:00:32.0073 AM
[ReportManager] Browser Action [NavigateToURL] successfully performed. With the following test data [https://www.google.com/ncr]. @12-10-2021 02:00:33.0640 A

################################################################################################################################################
Starting Execution:	[50 out of 143] test cases in the current suite
Test Method:		[unitTests.tests_validations_assertions.assertElementExists_true_expectedToPass]
################################################################################################################################################
[ReportManager] Loaded Shared OpenCV @12-10-2021 02:00:33.0730 AM
[ReportManager] Assertion [ValidateElementExists] PASSED. Expected [Element Should Exist, locator 'By.xpath: //*[@id='hplogo' or @alt='Google']'] and Actual [Element Exists]. Comparison Type [EQUALS]. Validation Type [POSITIVE]. @12-10-2021 02:00:33.0890 AM
[ReportManager] Successfully created attachment [Screenshot - 1634004033729_assertElementExists_true_expectedToPass_ValidateElementExists_passed] @12-10-2021 02:00:33.0893 A
[ReportManager] Browser Action [CloseCurrentWindow] successfully performed. @12-10-2021 02:00:33.0992 AM
[ReportManager] Successfully created attachment [Browser Action Test Data - CloseCurrentWindow - Actual Value] @12-10-2021 02:00:33.0993 A
[ReportManager] File Action [GetAbsolutePath] successfully performed. With the following test data [Relative Folder Path: "target/downloadedFiles/"]. @12-10-2021 02:00:33.0997 AM
[ReportManager] Attempting to run locally on: [Mac-64], [Safari], Headless Execution. @12-10-2021 02:00:33.0998 AM
[ReportManager] Successfully Opened Safari. @12-10-2021 02:00:34.0925 AM
[ReportManager] Initial window size: (800, 600) @12-10-2021 02:00:34.0975 AM
[ReportManager] Window size after SWD Maximize: (1176, 811) @12-10-2021 02:00:35.0082 AM
[ReportManager] Browser Action [MaximizeWindow] successfully performed. With the following test data [New screen size is now: (1176, 811)]. @12-10-2021 02:00:35.0083 AM
[ReportManager] Target URL: [https://www.google.com/ncr], and after redirection: [www.google.com] @12-10-2021 02:00:35.0083 AM
[ReportManager] Initial URL: [] @12-10-2021 02:00:35.0180 AM
[ReportManager] Browser Action [NavigateToURL] successfully performed. With the following test data [https://www.google.com/ncr]. @12-10-2021 02:00:36.0783 A

################################################################################################################################################
Starting Execution:	[51 out of 143] test cases in the current suite
Test Method:		[unitTests.tests_validations_assertions.assertElementExists_true_multipleElementsFound_expectedToFail]
################################################################################################################################################
[ReportManager] Assertion [ValidateElementExists] FAILED. Expected [Element Should Exist, locator 'By.xpath: //div'] and Actual [Element Exists but is not unique]. Comparison Type [EQUALS]. Validation Type [POSITIVE]. @12-10-2021 02:00:37.0009 AM
[ReportManager] Successfully created attachment [Screenshot - 1634004036897_assertElementExists_true_multipleElementsFound_expectedToFail_ValidateElementExists_failed] @12-10-2021 02:00:37.0010 A
[ReportManager] Browser Action [CloseCurrentWindow] successfully performed. @12-10-2021 02:00:37.0068 AM
[ReportManager] Successfully created attachment [Browser Action Test Data - CloseCurrentWindow - Actual Value] @12-10-2021 02:00:37.0072 A

################################################################################################################################################
Starting Execution:	[52 out of 143] test cases in the current suite
Test Method:		[unitTests.tests_validations_assertions.assertEquals_false_expectedToFail]
################################################################################################################################################
[ReportManager] Assertion [ValidateEquals] FAILED. Expected [1] and Actual [1]. Comparison Type [EQUALS]. Validation Type [NEGATIVE]. @12-10-2021 02:00:37.0083 A

################################################################################################################################################
Starting Execution:	[53 out of 143] test cases in the current suite
Test Method:		[unitTests.tests_validations_assertions.assertEquals_false_expectedToPass]
################################################################################################################################################
[ReportManager] Assertion [ValidateEquals] PASSED. Expected [1] and Actual [2]. Comparison Type [EQUALS]. Validation Type [NEGATIVE]. @12-10-2021 02:00:37.0093 A

################################################################################################################################################
Starting Execution:	[54 out of 143] test cases in the current suite
Test Method:		[unitTests.tests_validations_assertions.assertEquals_longCharacters]
################################################################################################################################################
[ReportManager] Verification [ValidateEquals] PASSED. Expected and Actual values are attached. Comparison Type [EQUALS]. Validation Type [POSITIVE]. @12-10-2021 02:00:37.0106 AM
[ReportManager] Successfully created attachment [Validation Test Data - Expected Value] @12-10-2021 02:00:37.0107 AM
[ReportManager] Successfully created attachment [Validation Test Data - Actual Value] @12-10-2021 02:00:37.0107 AM
[ReportManager] Assertion [ValidateEquals] PASSED. Expected and Actual values are attached. Comparison Type [EQUALS]. Validation Type [POSITIVE]. @12-10-2021 02:00:37.0108 AM
[ReportManager] Successfully created attachment [Validation Test Data - Expected Value] @12-10-2021 02:00:37.0108 AM
[ReportManager] Successfully created attachment [Validation Test Data - Actual Value] @12-10-2021 02:00:37.0109 A

################################################################################################################################################
Starting Execution:	[55 out of 143] test cases in the current suite
Test Method:		[unitTests.tests_validations_assertions.assertEquals_longCharacters_Discreet]
################################################################################################################################################
[ReportManager] Assertion [ValidateEquals] PASSED. Expected [1LH5pROcDBjjQk0t0mCr0lXuzQu9lcGj28kY8R1H81X67eVAQJgWQhILiRWVPUgZ6uCtK5cnBkF55Jr9vYngjGO1Iyf0Mktv6lruDlL9T8MAUPcUZJGHZtji6nIeadujDSNmWMj5d6C8zlFqw0CRqBU0hO5adIasHgBSNoLotAjce3NGXoDwAlp3rYreeV16VIyZXROQY] and Actual [1LH5pROcDBjjQk0t0mCr0lXuzQu9lcGj28kY8R1H81X67eVAQJgWQhILiRWVPUgZ6uCtK5cnBkF55Jr9vYngjGO1Iyf0Mktv6lruDlL9T8MAUPcUZJGHZtji6nIeadujDSNmWMj5d6C8zlFqw0CRqBU0hO5adIasHgBSNoLotAjce3NGXoDwAlp3rYreeV16VIyZXROQY]. Comparison Type [EQUALS]. Validation Type [POSITIVE]. @12-10-2021 02:00:37.0114 A

################################################################################################################################################
Starting Execution:	[56 out of 143] test cases in the current suite
Test Method:		[unitTests.tests_validations_assertions.assertEquals_true_expectedToFail]
################################################################################################################################################
[ReportManager] Assertion [ValidateEquals] FAILED. Expected [1] and Actual [2]. Comparison Type [EQUALS]. Validation Type [POSITIVE]. @12-10-2021 02:00:37.0118 A

################################################################################################################################################
Starting Execution:	[57 out of 143] test cases in the current suite
Test Method:		[unitTests.tests_validations_assertions.assertEquals_true_expectedToPass]
Test Description:	[Assert that assertEquals works as expected when the two values are equal.]
################################################################################################################################################
[ReportManager] Verification [ValidateEquals] PASSED. Expected [1] and Actual [1]. Comparison Type [EQUALS]. Validation Type [POSITIVE]. @12-10-2021 02:00:37.0137 AM
[ReportManager] Assertion [ValidateEquals] PASSED. Expected [1] and Actual [1]. Comparison Type [EQUALS]. Validation Type [POSITIVE]. @12-10-2021 02:00:37.0138 A

################################################################################################################################################
Starting Execution:	[58 out of 143] test cases in the current suite
Test Method:		[unitTests.tests_validations_assertions.assertEquals_true_expectedToPass__]
################################################################################################################################################
[ReportManager] Assertion [ValidateEquals] PASSED. Expected [1] and Actual [1]. Comparison Type [EQUALS]. Validation Type [POSITIVE]. @12-10-2021 02:00:37.0143 A

################################################################################################################################################
Starting Execution:	[59 out of 143] test cases in the current suite
Test Method:		[unitTests.tests_validations_assertions.assertFileExists_false_expectedToFail]
################################################################################################################################################
[ReportManager] File Action [DoesFileExist] successfully performed. With the following test data [File Path: "src/main/java/com/shaft/gui/element/ElementActions.java"]. @12-10-2021 02:00:37.0148 AM
[ReportManager] Assertion [ValidateFileExists] FAILED. Expected [File 'src/main/java/com/shaft/gui/element/ElementActions.java' should not exist, after up to '1' retries] and Actual [File exists]. Validation Type [NEGATIVE]. @12-10-2021 02:00:37.0157 A

################################################################################################################################################
Starting Execution:	[60 out of 143] test cases in the current suite
Test Method:		[unitTests.tests_validations_assertions.assertFileExists_false_expectedToPass]
################################################################################################################################################
[ReportManager] File Action [DoesFileExist] successfully performed. With the following test data [File Path: "src/main/java/com/shaft/gui/element/ElementActions.java_fail"]. @12-10-2021 02:00:37.0762 AM
[ReportManager] Assertion [ValidateFileExists] PASSED. Expected [File 'src/main/java/com/shaft/gui/element/ElementActions.java_fail' should not exist, after up to '1' retries] and Actual [File does not exist]. Validation Type [NEGATIVE]. @12-10-2021 02:00:37.0763 A

################################################################################################################################################
Starting Execution:	[61 out of 143] test cases in the current suite
Test Method:		[unitTests.tests_validations_assertions.assertFileExists_true_expectedToFail]
################################################################################################################################################
[ReportManager] File Action [DoesFileExist] successfully performed. With the following test data [File Path: "src/main/java/com/shaft/gui/element/ElementActions.java_fail"]. @12-10-2021 02:00:38.0400 AM
[ReportManager] Assertion [ValidateFileExists] FAILED. Expected [File 'src/main/java/com/shaft/gui/element/ElementActions.java_fail' should exist, after up to '1' retries] and Actual [File does not exist]. Validation Type [POSITIVE]. @12-10-2021 02:00:38.0400 A

################################################################################################################################################
Starting Execution:	[62 out of 143] test cases in the current suite
Test Method:		[unitTests.tests_validations_assertions.assertFileExists_true_expectedToPass]
################################################################################################################################################
[ReportManager] File Action [DoesFileExist] successfully performed. With the following test data [File Path: "src/main/java/com/shaft/gui/element/ElementActions.java"]. @12-10-2021 02:00:38.0404 AM
[ReportManager] Assertion [ValidateFileExists] PASSED. Expected [File 'src/main/java/com/shaft/gui/element/ElementActions.java' should exist, after up to '1' retries] and Actual [File exists]. Validation Type [POSITIVE]. @12-10-2021 02:00:38.0405 A

################################################################################################################################################
Starting Execution:	[63 out of 143] test cases in the current suite
Test Method:		[unitTests.tests_validations_assertions.assertNull_false_expectedToFail]
################################################################################################################################################
[ReportManager] Assertion [ValidateNull] FAILED. Expected [NULL] and Actual [NULL]. Comparison Type [EQUALS]. Validation Type [NEGATIVE]. @12-10-2021 02:00:38.0409 A

################################################################################################################################################
Starting Execution:	[64 out of 143] test cases in the current suite
Test Method:		[unitTests.tests_validations_assertions.assertNull_false_expectedToPass]
################################################################################################################################################
[ReportManager] Assertion [ValidateNull] PASSED. Expected [NULL] and Actual [1]. Comparison Type [EQUALS]. Validation Type [NEGATIVE]. @12-10-2021 02:00:38.0413 A

################################################################################################################################################
Starting Execution:	[65 out of 143] test cases in the current suite
Test Method:		[unitTests.tests_validations_assertions.assertNull_true_expectedToFail]
################################################################################################################################################
[ReportManager] Assertion [ValidateNull] FAILED. Expected [NULL] and Actual [1]. Comparison Type [EQUALS]. Validation Type [POSITIVE]. @12-10-2021 02:00:38.0417 A

################################################################################################################################################
Starting Execution:	[66 out of 143] test cases in the current suite
Test Method:		[unitTests.tests_validations_assertions.assertNull_true_expectedToPass]
################################################################################################################################################
[ReportManager] Assertion [ValidateNull] PASSED. Expected [NULL] and Actual [NULL]. Comparison Type [EQUALS]. Validation Type [POSITIVE]. @12-10-2021 02:00:38.0421 A

################################################################################################################################################
Starting Execution:	[67 out of 143] test cases in the current suite
Test Method:		[unitTests.tests_restActions.getPostsAndAssertBodyForSpecificTitle]
################################################################################################################################################
[ReportManager] Response status code: [200], status line: [HTTP/1.1 200 OK] @12-10-2021 02:00:42.0858 AM
[ReportManager] Assertion Passed: Evaluating the actual response status code against the expected one... @12-10-2021 02:00:42.0858 AM
[ReportManager] Assertion [ValidateEquals] PASSED. Expected [200] and Actual [200]. Comparison Type [EQUALS]. Validation Type [POSITIVE]. @12-10-2021 02:00:42.0859 AM
[ReportManager] API Action [PerformRequest] successfully performed. With the following test data [Request Type: "GET" | Target Status Code: "200" | Service URL: "https://jsonplaceholder.typicode.com/posts" | Content Type: "*/*" | Response Time: "1348ms"]. @12-10-2021 02:00:44.0886 AM
[ReportManager] Successfully created attachment [API Request - Specifications] @12-10-2021 02:00:44.0886 AM
[ReportManager] Successfully created attachment [API Response - JSON Body] @12-10-2021 02:00:45.0325 AM
[ReportManager] API Action [GetResponseJSONValueAsList] successfully performed. @12-10-2021 02:00:45.0362 AM
[ReportManager] API Action [GetResponseJSONValue] successfully performed. With the following test data [title]. @12-10-2021 02:00:45.0407 AM
[ReportManager] API Action [GetResponseJSONValue] successfully performed. With the following test data [title]. @12-10-2021 02:00:45.0450 AM
[ReportManager] API Action [GetResponseJSONValue] successfully performed. With the following test data [body]. @12-10-2021 02:00:45.0497 AM
[ReportManager] Assertion [ValidateEquals] PASSED. Expected [qui neque nisi nulla] and Actual [est rerum tempore vitae
sequi sint nihil reprehenderit dolor beatae ea dolores neque
fugiat blanditiis voluptate porro vel nihil molestiae ut reiciendis
qui aperiam non debitis possimus qui neque nisi nulla]. Comparison Type [CONTAINS]. Validation Type [POSITIVE]. @12-10-2021 02:00:45.0497 AM
[ReportManager] API Action [GetResponseJSONValue] successfully performed. With the following test data [title]. @12-10-2021 02:00:45.0536 AM
[ReportManager] API Action [GetResponseJSONValue] successfully performed. With the following test data [title]. @12-10-2021 02:00:45.0583 AM
[ReportManager] API Action [GetResponseJSONValue] successfully performed. With the following test data [title]. @12-10-2021 02:00:45.0598 AM
[ReportManager] API Action [GetResponseJSONValue] successfully performed. With the following test data [title]. @12-10-2021 02:00:45.0613 AM
[ReportManager] API Action [GetResponseJSONValue] successfully performed. With the following test data [title]. @12-10-2021 02:00:45.0628 AM
[ReportManager] API Action [GetResponseJSONValue] successfully performed. With the following test data [title]. @12-10-2021 02:00:45.0643 AM
[ReportManager] API Action [GetResponseJSONValue] successfully performed. With the following test data [title]. @12-10-2021 02:00:45.0661 AM
[ReportManager] API Action [GetResponseJSONValue] successfully performed. With the following test data [title]. @12-10-2021 02:00:45.0696 AM
[ReportManager] API Action [GetResponseJSONValue] successfully performed. With the following test data [title]. @12-10-2021 02:00:45.0722 AM
[ReportManager] API Action [GetResponseJSONValue] successfully performed. With the following test data [title]. @12-10-2021 02:00:45.0736 AM
[ReportManager] API Action [GetResponseJSONValue] successfully performed. With the following test data [title]. @12-10-2021 02:00:45.0753 AM
[ReportManager] API Action [GetResponseJSONValue] successfully performed. With the following test data [title]. @12-10-2021 02:00:45.0774 AM
[ReportManager] API Action [GetResponseJSONValue] successfully performed. With the following test data [title]. @12-10-2021 02:00:45.0799 AM
[ReportManager] API Action [GetResponseJSONValue] successfully performed. With the following test data [title]. @12-10-2021 02:00:45.0834 AM
[ReportManager] API Action [GetResponseJSONValue] successfully performed. With the following test data [title]. @12-10-2021 02:00:45.0849 AM
[ReportManager] API Action [GetResponseJSONValue] successfully performed. With the following test data [title]. @12-10-2021 02:00:45.0863 AM
[ReportManager] API Action [GetResponseJSONValue] successfully performed. With the following test data [title]. @12-10-2021 02:00:45.0888 AM
[ReportManager] API Action [GetResponseJSONValue] successfully performed. With the following test data [title]. @12-10-2021 02:00:45.0933 AM
[ReportManager] API Action [GetResponseJSONValue] successfully performed. With the following test data [title]. @12-10-2021 02:00:45.0957 AM
[ReportManager] API Action [GetResponseJSONValue] successfully performed. With the following test data [title]. @12-10-2021 02:00:45.0976 AM
[ReportManager] API Action [GetResponseJSONValue] successfully performed. With the following test data [title]. @12-10-2021 02:00:45.0990 AM
[ReportManager] API Action [GetResponseJSONValue] successfully performed. With the following test data [title]. @12-10-2021 02:00:46.0013 AM
[ReportManager] API Action [GetResponseJSONValue] successfully performed. With the following test data [title]. @12-10-2021 02:00:46.0042 AM
[ReportManager] API Action [GetResponseJSONValue] successfully performed. With the following test data [title]. @12-10-2021 02:00:46.0076 AM
[ReportManager] API Action [GetResponseJSONValue] successfully performed. With the following test data [title]. @12-10-2021 02:00:46.0099 AM
[ReportManager] API Action [GetResponseJSONValue] successfully performed. With the following test data [title]. @12-10-2021 02:00:46.0112 AM
[ReportManager] API Action [GetResponseJSONValue] successfully performed. With the following test data [title]. @12-10-2021 02:00:46.0128 AM
[ReportManager] API Action [GetResponseJSONValue] successfully performed. With the following test data [title]. @12-10-2021 02:00:46.0174 AM
[ReportManager] API Action [GetResponseJSONValue] successfully performed. With the following test data [title]. @12-10-2021 02:00:46.0199 AM
[ReportManager] API Action [GetResponseJSONValue] successfully performed. With the following test data [title]. @12-10-2021 02:00:46.0222 AM
[ReportManager] API Action [GetResponseJSONValue] successfully performed. With the following test data [title]. @12-10-2021 02:00:46.0236 AM
[ReportManager] API Action [GetResponseJSONValue] successfully performed. With the following test data [title]. @12-10-2021 02:00:46.0250 AM
[ReportManager] API Action [GetResponseJSONValue] successfully performed. With the following test data [title]. @12-10-2021 02:00:46.0265 AM
[ReportManager] API Action [GetResponseJSONValue] successfully performed. With the following test data [title]. @12-10-2021 02:00:46.0299 AM
[ReportManager] API Action [GetResponseJSONValue] successfully performed. With the following test data [title]. @12-10-2021 02:00:46.0323 AM
[ReportManager] API Action [GetResponseJSONValue] successfully performed. With the following test data [title]. @12-10-2021 02:00:46.0346 AM
[ReportManager] API Action [GetResponseJSONValue] successfully performed. With the following test data [title]. @12-10-2021 02:00:46.0360 AM
[ReportManager] API Action [GetResponseJSONValue] successfully performed. With the following test data [title]. @12-10-2021 02:00:46.0374 AM
[ReportManager] API Action [GetResponseJSONValue] successfully performed. With the following test data [title]. @12-10-2021 02:00:46.0396 AM
[ReportManager] API Action [GetResponseJSONValue] successfully performed. With the following test data [title]. @12-10-2021 02:00:46.0433 AM
[ReportManager] API Action [GetResponseJSONValue] successfully performed. With the following test data [title]. @12-10-2021 02:00:46.0455 AM
[ReportManager] API Action [GetResponseJSONValue] successfully performed. With the following test data [title]. @12-10-2021 02:00:46.0477 AM
[ReportManager] API Action [GetResponseJSONValue] successfully performed. With the following test data [title]. @12-10-2021 02:00:46.0491 AM
[ReportManager] API Action [GetResponseJSONValue] successfully performed. With the following test data [title]. @12-10-2021 02:00:46.0504 AM
[ReportManager] API Action [GetResponseJSONValue] successfully performed. With the following test data [title]. @12-10-2021 02:00:46.0538 AM
[ReportManager] API Action [GetResponseJSONValue] successfully performed. With the following test data [title]. @12-10-2021 02:00:46.0566 AM
[ReportManager] API Action [GetResponseJSONValue] successfully performed. With the following test data [title]. @12-10-2021 02:00:46.0596 AM
[ReportManager] API Action [GetResponseJSONValue] successfully performed. With the following test data [title]. @12-10-2021 02:00:46.0611 AM
[ReportManager] API Action [GetResponseJSONValue] successfully performed. With the following test data [title]. @12-10-2021 02:00:46.0625 AM
[ReportManager] API Action [GetResponseJSONValue] successfully performed. With the following test data [title]. @12-10-2021 02:00:46.0638 AM
[ReportManager] API Action [GetResponseJSONValue] successfully performed. With the following test data [title]. @12-10-2021 02:00:46.0683 AM
[ReportManager] API Action [GetResponseJSONValue] successfully performed. With the following test data [title]. @12-10-2021 02:00:46.0710 AM
[ReportManager] API Action [GetResponseJSONValue] successfully performed. With the following test data [title]. @12-10-2021 02:00:46.0748 AM
[ReportManager] API Action [GetResponseJSONValue] successfully performed. With the following test data [title]. @12-10-2021 02:00:46.0773 AM
[ReportManager] API Action [GetResponseJSONValue] successfully performed. With the following test data [title]. @12-10-2021 02:00:46.0824 AM
[ReportManager] API Action [GetResponseJSONValue] successfully performed. With the following test data [title]. @12-10-2021 02:00:46.0850 AM
[ReportManager] API Action [GetResponseJSONValue] successfully performed. With the following test data [title]. @12-10-2021 02:00:46.0876 AM
[ReportManager] API Action [GetResponseJSONValue] successfully performed. With the following test data [title]. @12-10-2021 02:00:46.0913 AM
[ReportManager] API Action [GetResponseJSONValue] successfully performed. With the following test data [title]. @12-10-2021 02:00:46.0954 AM
[ReportManager] API Action [GetResponseJSONValue] successfully performed. With the following test data [title]. @12-10-2021 02:00:47.0079 AM
[ReportManager] API Action [GetResponseJSONValue] successfully performed. With the following test data [title]. @12-10-2021 02:00:47.0103 AM
[ReportManager] API Action [GetResponseJSONValue] successfully performed. With the following test data [title]. @12-10-2021 02:00:47.0137 AM
[ReportManager] API Action [GetResponseJSONValue] successfully performed. With the following test data [title]. @12-10-2021 02:00:47.0161 AM
[ReportManager] API Action [GetResponseJSONValue] successfully performed. With the following test data [title]. @12-10-2021 02:00:47.0188 AM
[ReportManager] API Action [GetResponseJSONValue] successfully performed. With the following test data [title]. @12-10-2021 02:00:47.0217 AM
[ReportManager] API Action [GetResponseJSONValue] successfully performed. With the following test data [title]. @12-10-2021 02:00:47.0239 AM
[ReportManager] API Action [GetResponseJSONValue] successfully performed. With the following test data [title]. @12-10-2021 02:00:47.0270 AM
[ReportManager] API Action [GetResponseJSONValue] successfully performed. With the following test data [title]. @12-10-2021 02:00:47.0304 AM
[ReportManager] API Action [GetResponseJSONValue] successfully performed. With the following test data [title]. @12-10-2021 02:00:47.0326 AM
[ReportManager] API Action [GetResponseJSONValue] successfully performed. With the following test data [title]. @12-10-2021 02:00:47.0348 AM
[ReportManager] API Action [GetResponseJSONValue] successfully performed. With the following test data [title]. @12-10-2021 02:00:47.0381 AM
[ReportManager] API Action [GetResponseJSONValue] successfully performed. With the following test data [title]. @12-10-2021 02:00:47.0405 AM
[ReportManager] API Action [GetResponseJSONValue] successfully performed. With the following test data [title]. @12-10-2021 02:00:47.0433 AM
[ReportManager] API Action [GetResponseJSONValue] successfully performed. With the following test data [title]. @12-10-2021 02:00:47.0479 AM
[ReportManager] API Action [GetResponseJSONValue] successfully performed. With the following test data [title]. @12-10-2021 02:00:47.0504 AM
[ReportManager] API Action [GetResponseJSONValue] successfully performed. With the following test data [title]. @12-10-2021 02:00:47.0541 AM
[ReportManager] API Action [GetResponseJSONValue] successfully performed. With the following test data [title]. @12-10-2021 02:00:47.0575 AM
[ReportManager] API Action [GetResponseJSONValue] successfully performed. With the following test data [title]. @12-10-2021 02:00:47.0622 AM
[ReportManager] API Action [GetResponseJSONValue] successfully performed. With the following test data [title]. @12-10-2021 02:00:47.0735 AM
[ReportManager] API Action [GetResponseJSONValue] successfully performed. With the following test data [title]. @12-10-2021 02:00:47.0760 AM
[ReportManager] API Action [GetResponseJSONValue] successfully performed. With the following test data [title]. @12-10-2021 02:00:47.0785 AM
[ReportManager] API Action [GetResponseJSONValue] successfully performed. With the following test data [title]. @12-10-2021 02:00:47.0811 AM
[ReportManager] API Action [GetResponseJSONValue] successfully performed. With the following test data [title]. @12-10-2021 02:00:47.0843 AM
[ReportManager] API Action [GetResponseJSONValue] successfully performed. With the following test data [title]. @12-10-2021 02:00:47.0875 AM
[ReportManager] API Action [GetResponseJSONValue] successfully performed. With the following test data [title]. @12-10-2021 02:00:47.0898 AM
[ReportManager] API Action [GetResponseJSONValue] successfully performed. With the following test data [title]. @12-10-2021 02:00:47.0924 AM
[ReportManager] API Action [GetResponseJSONValue] successfully performed. With the following test data [title]. @12-10-2021 02:00:47.0937 AM
[ReportManager] API Action [GetResponseJSONValue] successfully performed. With the following test data [title]. @12-10-2021 02:00:47.0950 AM
[ReportManager] API Action [GetResponseJSONValue] successfully performed. With the following test data [title]. @12-10-2021 02:00:47.0962 AM
[ReportManager] API Action [GetResponseJSONValue] successfully performed. With the following test data [title]. @12-10-2021 02:00:47.0974 AM
[ReportManager] API Action [GetResponseJSONValue] successfully performed. With the following test data [title]. @12-10-2021 02:00:47.0987 AM
[ReportManager] API Action [GetResponseJSONValue] successfully performed. With the following test data [title]. @12-10-2021 02:00:48.0001 AM
[ReportManager] API Action [GetResponseJSONValue] successfully performed. With the following test data [title]. @12-10-2021 02:00:48.0014 AM
[ReportManager] API Action [GetResponseJSONValue] successfully performed. With the following test data [title]. @12-10-2021 02:00:48.0027 AM
[ReportManager] API Action [GetResponseJSONValue] successfully performed. With the following test data [title]. @12-10-2021 02:00:48.0040 AM
[ReportManager] API Action [GetResponseJSONValue] successfully performed. With the following test data [title]. @12-10-2021 02:00:48.0052 AM
[ReportManager] API Action [GetResponseJSONValue] successfully performed. With the following test data [title]. @12-10-2021 02:00:48.0066 AM
[ReportManager] API Action [GetResponseJSONValue] successfully performed. With the following test data [title]. @12-10-2021 02:00:48.0080 A

################################################################################################################################################
Starting Execution:	[68 out of 143] test cases in the current suite
Test Method:		[unitTests.tests_restActions.validateUserEmail]
################################################################################################################################################
[ReportManager] Response status code: [200], status line: [HTTP/1.1 200 OK] @12-10-2021 02:00:48.0166 AM
[ReportManager] Assertion Passed: Evaluating the actual response status code against the expected one... @12-10-2021 02:00:48.0166 AM
[ReportManager] Assertion [ValidateEquals] PASSED. Expected [200] and Actual [200]. Comparison Type [EQUALS]. Validation Type [POSITIVE]. @12-10-2021 02:00:48.0166 AM
[ReportManager] API Action [PerformRequest] successfully performed. With the following test data [Request Type: "GET" | Target Status Code: "200" | Service URL: "https://jsonplaceholder.typicode.com/users" | Content Type: "*/*" | Response Time: "72ms"]. @12-10-2021 02:00:48.0193 AM
[ReportManager] Successfully created attachment [API Request - Specifications] @12-10-2021 02:00:48.0194 AM
[ReportManager] Successfully created attachment [API Response - JSON Body] @12-10-2021 02:00:48.0194 AM
[ReportManager] Assertion [ValidateEquals] PASSED. Expected and Actual values are attached. Comparison Type [CONTAINS]. Validation Type [POSITIVE]. @12-10-2021 02:00:48.0195 AM
[ReportManager] Successfully created attachment [Validation Test Data - Expected Value] @12-10-2021 02:00:48.0196 AM
[ReportManager] Successfully created attachment [Validation Test Data - Actual Value] @12-10-2021 02:00:48.0196 AM
[ReportManager] API Action [GetResponseJSONValueAsList] successfully performed. With the following test data [$]. @12-10-2021 02:00:48.0206 AM
[ReportManager] API Action [GetResponseJSONValue] successfully performed. With the following test data [name]. @12-10-2021 02:00:48.0223 AM
[ReportManager] API Action [GetResponseJSONValue] successfully performed. With the following test data [email]. @12-10-2021 02:00:48.0237 AM
[ReportManager] Assertion [ValidateEquals] PASSED. Expected [Sincere@april.biz] and Actual [Sincere@april.biz]. Comparison Type [EQUALS]. Validation Type [POSITIVE]. @12-10-2021 02:00:48.0238 AM
[ReportManager] API Action [GetResponseJSONValue] successfully performed. With the following test data [name]. @12-10-2021 02:00:48.0255 AM
[ReportManager] API Action [GetResponseJSONValue] successfully performed. With the following test data [name]. @12-10-2021 02:00:48.0274 AM
[ReportManager] API Action [GetResponseJSONValue] successfully performed. With the following test data [name]. @12-10-2021 02:00:48.0288 AM
[ReportManager] API Action [GetResponseJSONValue] successfully performed. With the following test data [name]. @12-10-2021 02:00:48.0300 AM
[ReportManager] API Action [GetResponseJSONValue] successfully performed. With the following test data [name]. @12-10-2021 02:00:48.0314 AM
[ReportManager] API Action [GetResponseJSONValue] successfully performed. With the following test data [name]. @12-10-2021 02:00:48.0328 AM
[ReportManager] API Action [GetResponseJSONValue] successfully performed. With the following test data [name]. @12-10-2021 02:00:48.0342 AM
[ReportManager] API Action [GetResponseJSONValue] successfully performed. With the following test data [name]. @12-10-2021 02:00:48.0354 AM
[ReportManager] API Action [GetResponseJSONValue] successfully performed. With the following test data [name]. @12-10-2021 02:00:48.0368 A
[ReportManager] File Action [GetAbsolutePath] successfully performed. With the following test data [Relative Folder Path: "target/downloadedFiles/"]. @12-10-2021 02:00:48.0373 AM
[ReportManager] Attempting to run locally on: [Mac-64], [Safari], Headless Execution. @12-10-2021 02:00:48.0373 AM
[ReportManager] Successfully Opened Safari. @12-10-2021 02:00:49.0217 AM
[ReportManager] Initial window size: (800, 600) @12-10-2021 02:00:49.0272 AM
[ReportManager] Window size after SWD Maximize: (1176, 811) @12-10-2021 02:00:49.0385 AM
[ReportManager] Browser Action [MaximizeWindow] successfully performed. With the following test data [New screen size is now: (1176, 811)]. @12-10-2021 02:00:49.0386 A

################################################################################################################################################
Starting Execution:	[69 out of 143] test cases in the current suite
Test Method:		[testPackage01.Test_uploadFile.uploadFile_invisibleUploadInput]
################################################################################################################################################
[ReportManager] Target URL: [https://fineuploader.com/demos.html#gallery-view] @12-10-2021 02:00:49.0389 AM
[ReportManager] Initial URL: [] @12-10-2021 02:00:49.0433 AM
[ReportManager] Browser Action [NavigateToURL] successfully performed. With the following test data [https://fineuploader.com/demos.html#gallery-view]. @12-10-2021 02:00:51.0050 AM
[ReportManager] File Action [GetAbsolutePath] successfully performed. With the following test data [Relative File Path: "src/main/resources/images/shaft.png"]. @12-10-2021 02:00:51.0050 AM
[ReportManager] Successfully created attachment [File Action Actual Result - Command Log] @12-10-2021 02:00:51.0051 AM
[ReportManager] An Exception Occured with this Message: . @12-10-2021 02:00:51.0291 AM
[ReportManager] Successfully created attachment [Exception Stack Trace - org.openqa.selenium.NoSuchElementException] @12-10-2021 02:00:51.0292 AM
[ReportManager] Element Action [TypeFileLocationForUpload] failed. With the following test data [/Users/runner/work/SHAFT_ENGINE/SHAFT_ENGINE/src/main/resources/images/shaft.png]. @12-10-2021 02:00:51.0406 AM
[ReportManager] Successfully created attachment [Screenshot - 1634004051329_uploadFile_invisibleUploadInput_TypeFileLocationForUpload_failed] @12-10-2021 02:00:51.0408 A
[ReportManager] Browser Action [CloseCurrentWindow] successfully performed. @12-10-2021 02:00:51.0662 AM
[ReportManager] Successfully created attachment [Browser Action Test Data - CloseCurrentWindow - Actual Value] @12-10-2021 02:00:51.0663 A
[ReportManager] File Action [GetAbsolutePath] successfully performed. With the following test data [Relative Folder Path: "target/downloadedFiles/"]. @12-10-2021 02:00:51.0667 AM
[ReportManager] Attempting to run locally on: [Mac-64], [Safari], Headless Execution. @12-10-2021 02:00:51.0667 AM
[ReportManager] Successfully Opened Safari. @12-10-2021 02:00:52.0494 AM
[ReportManager] Initial window size: (800, 600) @12-10-2021 02:00:52.0516 AM
[ReportManager] Window size after SWD Maximize: (1176, 811) @12-10-2021 02:00:52.0528 AM
[ReportManager] Browser Action [MaximizeWindow] successfully performed. With the following test data [New screen size is now: (1176, 811)]. @12-10-2021 02:00:52.0528 A

################################################################################################################################################
Starting Execution:	[70 out of 143] test cases in the current suite
Test Method:		[testPackage01.Test_uploadFile.uploadFile_visibleUploadInput]
################################################################################################################################################
[ReportManager] Target URL: [http://demo.guru99.com/test/upload/] @12-10-2021 02:00:52.0537 AM
[ReportManager] Initial URL: [] @12-10-2021 02:00:52.0584 AM
[ReportManager] Browser Action [NavigateToURL] successfully performed. With the following test data [http://demo.guru99.com/test/upload/]. @12-10-2021 02:00:53.0816 AM
[ReportManager] File Action [GetAbsolutePath] successfully performed. With the following test data [Relative File Path: "src/main/resources/images/shaft.png"]. @12-10-2021 02:00:53.0817 AM
[ReportManager] Successfully created attachment [File Action Actual Result - Command Log] @12-10-2021 02:00:53.0817 AM
[ReportManager] Element Action [TypeFileLocationForUpload] successfully performed. With the following test data [/Users/runner/work/SHAFT_ENGINE/SHAFT_ENGINE/src/main/resources/images/shaft.png]. @12-10-2021 02:00:53.0909 AM
[ReportManager] Element Action [Click] successfully performed. With the following test data [on]. @12-10-2021 02:00:54.0371 AM
[ReportManager] Element Action [Click] successfully performed. With the following test data [ Submit File]. @12-10-2021 02:00:55.0685 AM
[ReportManager] Element Action [GetText] successfully performed. With the following test data [1 file has been successfully uploaded.]. @12-10-2021 02:00:56.0372 AM
[ReportManager] Loaded Shared OpenCV @12-10-2021 02:00:56.0442 AM
[ReportManager] Assertion [ValidateElementAttribute] PASSED. Expected [Value Should be '1 file' for the 'Text' attribute, element locator 'By.id: res'] and Actual [1 file has been successfully uploaded.]. Comparison Type [CONTAINS]. Validation Type [POSITIVE]. @12-10-2021 02:00:56.0534 AM
[ReportManager] Successfully created attachment [Screenshot - 1634004056442_uploadFile_visibleUploadInput_ValidateElementAttribute_passed] @12-10-2021 02:00:56.0536 A
[ReportManager] Browser Action [CloseCurrentWindow] successfully performed. @12-10-2021 02:00:56.0596 AM
[ReportManager] Successfully created attachment [Browser Action Test Data - CloseCurrentWindow - Actual Value] @12-10-2021 02:00:56.0597 A

################################################################################################################################################
Starting Execution:	[71 out of 143] test cases in the current suite
Test Method:		[testPackage01.Test_AssertApiResponseEquals.assertApiResponseEquals_expectedToPass]
################################################################################################################################################
[ReportManager] Response status code: [200], status line: [HTTP/1.1 200 OK] @12-10-2021 02:00:56.0676 AM
[ReportManager] Assertion Passed: Evaluating the actual response status code against the expected one... @12-10-2021 02:00:56.0676 AM
[ReportManager] Assertion [ValidateEquals] PASSED. Expected [200] and Actual [200]. Comparison Type [EQUALS]. Validation Type [POSITIVE]. @12-10-2021 02:00:56.0677 AM
[ReportManager] API Action [PerformRequest] successfully performed. With the following test data [Request Type: "GET" | Target Status Code: "200" | Service URL: "https://jsonplaceholder.typicode.com/users" | Content Type: "*/*" | Response Time: "58ms"]. @12-10-2021 02:00:56.0727 AM
[ReportManager] Successfully created attachment [API Request - Specifications] @12-10-2021 02:00:56.0728 AM
[ReportManager] Successfully created attachment [API Response - JSON Body] @12-10-2021 02:00:56.0729 AM
[ReportManager] API Action [GetResponseJSONValueAsList] successfully performed. With the following test data [$]. @12-10-2021 02:00:56.0754 AM
[ReportManager] API Action [GetResponseJSONValue] successfully performed. With the following test data [name]. @12-10-2021 02:00:56.0863 AM
[ReportManager] API Action [GetResponseJSONValue] successfully performed. With the following test data [email]. @12-10-2021 02:00:56.0879 AM
[ReportManager] Verification [ValidateEquals] PASSED. Expected [Sincere@april.biz] and Actual [Sincere@april.biz]. Comparison Type [EQUALS]. Validation Type [POSITIVE]. @12-10-2021 02:00:56.0880 AM
[ReportManager] API Action [GetResponseJSONValue] successfully performed. With the following test data [username]. @12-10-2021 02:00:56.0893 AM
[ReportManager] Assertion [ValidateEquals] PASSED. Expected [Bret] and Actual [Bret]. Comparison Type [EQUALS]. Validation Type [POSITIVE]. @12-10-2021 02:00:56.0894 AM
[ReportManager] API Action [GetResponseJSONValue] successfully performed. With the following test data [name]. @12-10-2021 02:00:56.0947 AM
[ReportManager] API Action [GetResponseJSONValue] successfully performed. With the following test data [name]. @12-10-2021 02:00:56.0976 AM
[ReportManager] API Action [GetResponseJSONValue] successfully performed. With the following test data [name]. @12-10-2021 02:00:57.0008 AM
[ReportManager] API Action [GetResponseJSONValue] successfully performed. With the following test data [name]. @12-10-2021 02:00:57.0048 AM
[ReportManager] API Action [GetResponseJSONValue] successfully performed. With the following test data [name]. @12-10-2021 02:00:57.0094 AM
[ReportManager] API Action [GetResponseJSONValue] successfully performed. With the following test data [name]. @12-10-2021 02:00:57.0124 AM
[ReportManager] API Action [GetResponseJSONValue] successfully performed. With the following test data [name]. @12-10-2021 02:00:57.0138 AM
[ReportManager] API Action [GetResponseJSONValue] successfully performed. With the following test data [name]. @12-10-2021 02:00:57.0186 AM
[ReportManager] API Action [GetResponseJSONValue] successfully performed. With the following test data [name]. @12-10-2021 02:00:57.0232 A

################################################################################################################################################
Starting Execution:	[72 out of 143] test cases in the current suite
Test Method:		[testPackage01.Test_testData.f]
################################################################################################################################################
[ReportManager] Successfully loaded the following test data file [src/test/resources/TestDataFiles/testSuite01/TestData.xlsx]. @12-10-2021 02:00:57.0339 AM
[ReportManager] Successfully created attachment [Test Data - Excel] @12-10-2021 02:00:57.0340 AM
[ReportManager] Last Column Number is: [3]. Zero-based. @12-10-2021 02:00:57.0341 A

################################################################################################################################################
Starting Execution:	[73 out of 143] test cases in the current suite
Test Method:		[testPackage01.Test_PDF.testPDF_Downloaded]
################################################################################################################################################
[ReportManager] File Action [DoesFileExist] successfully performed. With the following test data [File Path: "src/test/resources/TestDataFiles/sample.pdf"]. @12-10-2021 02:00:57.0363 AM
[ReportManager] File Action [GetAbsolutePath] successfully performed. With the following test data [Relative File Path: "src/test/resources/TestDataFiles/sample.pdf"]. @12-10-2021 02:00:57.0363 AM
[ReportManager] Assertion [ValidateTrue] PASSED. Expected [TRUE] and Actual [TRUE]. Validation Type [POSITIVE]. @12-10-2021 02:01:02.0347 A
[ReportManager] File Action [GetAbsolutePath] successfully performed. With the following test data [Relative Folder Path: "target/downloadedFiles/"]. @12-10-2021 02:01:02.0351 AM
[ReportManager] Attempting to run locally on: [Mac-64], [Safari], Headless Execution. @12-10-2021 02:01:02.0351 AM
[ReportManager] Successfully Opened Safari. @12-10-2021 02:01:03.0553 AM
[ReportManager] Initial window size: (800, 600) @12-10-2021 02:01:03.0580 AM
[ReportManager] Window size after SWD Maximize: (1176, 811) @12-10-2021 02:01:03.0616 AM
[ReportManager] Browser Action [MaximizeWindow] successfully performed. With the following test data [New screen size is now: (1176, 811)]. @12-10-2021 02:01:03.0616 A

################################################################################################################################################
Starting Execution:	[74 out of 143] test cases in the current suite
Test Method:		[testPackage01.Test_ShadowDOM.shadowdom]
################################################################################################################################################
[ReportManager] Target URL: [https://mdn.github.io/web-components-examples/popup-info-box-web-component/] @12-10-2021 02:01:03.0621 AM
[ReportManager] Initial URL: [] @12-10-2021 02:01:03.0662 AM
[ReportManager] Browser Action [NavigateToURL] successfully performed. With the following test data [https://mdn.github.io/web-components-examples/popup-info-box-web-component/]. @12-10-2021 02:01:04.0058 AM
[ReportManager] Element Action [Type] successfully performed. With the following test data [Typing into SHADOW DOM...]. @12-10-2021 02:01:05.0036 AM
[ReportManager] Element Action [GetText] successfully performed. With the following test data [Typing into SHADOW DOM...]. @12-10-2021 02:01:05.0097 AM
[ReportManager] Loaded Shared OpenCV @12-10-2021 02:01:05.0181 AM
[ReportManager] Assertion [ValidateElementAttribute] PASSED. Expected [Value Should be 'Typing into SHADOW DOM...' for the 'Text' attribute, element locator 'By.id: cvc'] and Actual [Typing into SHADOW DOM...]. Comparison Type [EQUALS]. Validation Type [POSITIVE]. @12-10-2021 02:01:05.0287 AM
[ReportManager] Successfully created attachment [Screenshot - 1634004065181_shadowdom_ValidateElementAttribute_passed] @12-10-2021 02:01:05.0288 A
[ReportManager] Browser Action [CloseCurrentWindow] successfully performed. @12-10-2021 02:01:05.0626 AM
[ReportManager] Successfully created attachment [Browser Action Test Data - CloseCurrentWindow - Actual Value] @12-10-2021 02:01:05.0627 A
[ReportManager] File Action [GetAbsolutePath] successfully performed. With the following test data [Relative Folder Path: "target/downloadedFiles/"]. @12-10-2021 02:01:05.0629 AM
[ReportManager] Attempting to run locally on: [Mac-64], [Safari], Headless Execution. @12-10-2021 02:01:05.0630 AM
[ReportManager] Successfully Opened Safari. @12-10-2021 02:01:06.0543 AM
[ReportManager] Initial window size: (800, 600) @12-10-2021 02:01:06.0649 AM
[ReportManager] Window size after SWD Maximize: (1176, 811) @12-10-2021 02:01:06.0700 AM
[ReportManager] Browser Action [MaximizeWindow] successfully performed. With the following test data [New screen size is now: (1176, 811)]. @12-10-2021 02:01:06.0701 A

################################################################################################################################################
Starting Execution:	[75 out of 143] test cases in the current suite
Test Method:		[testPackage01.Test_clipboardActions.typeTextAndCopyPaste]
################################################################################################################################################
[ReportManager] Target URL: [https://www.google.com/ncr], and after redirection: [https://www.google.com] @12-10-2021 02:01:06.0705 AM
[ReportManager] Initial URL: [] @12-10-2021 02:01:06.0778 AM
[ReportManager] Browser Action [NavigateToURL] successfully performed. With the following test data [https://www.google.com/ncr]. @12-10-2021 02:01:08.0316 AM
[ReportManager] Element Action [Type] successfully performed. With the following test data [FIRST]. @12-10-2021 02:01:09.0021 A
[ReportManager] Browser Action [CloseCurrentWindow] successfully performed. @12-10-2021 02:01:09.0284 AM
[ReportManager] Successfully created attachment [Browser Action Test Data - CloseCurrentWindow - Actual Value] @12-10-2021 02:01:09.0284 A

################################################################################################################################################
Starting Execution:	[76 out of 143] test cases in the current suite
Test Method:		[testPackage01.Test_NewValidationHelper.f1]
################################################################################################################################################
[ReportManager] Assertion Passed: Checking valid user data @12-10-2021 02:01:09.0289 AM
[ReportManager] Successfully created attachment [Validation Test Data - Expected Value] @12-10-2021 02:01:09.0290 AM
[ReportManager] Successfully created attachment [Validation Test Data - Actual Value] @12-10-2021 02:01:09.0290 AM
[ReportManager] Assertion [ValidateEquals] PASSED. Expected and Actual values are attached. Comparison Type [EQUALS]. Validation Type [POSITIVE]. @12-10-2021 02:01:09.0290 A
[ReportManager] File Action [GetAbsolutePath] successfully performed. With the following test data [Relative Folder Path: "target/downloadedFiles/"]. @12-10-2021 02:01:09.0293 AM
[ReportManager] Attempting to run locally on: [Mac-64], [Safari], Headless Execution. @12-10-2021 02:01:09.0294 AM
[ReportManager] Successfully Opened Safari. @12-10-2021 02:01:10.0150 AM
[ReportManager] Initial window size: (800, 600) @12-10-2021 02:01:10.0252 AM
[ReportManager] Window size after SWD Maximize: (1176, 811) @12-10-2021 02:01:10.0304 AM
[ReportManager] Browser Action [MaximizeWindow] successfully performed. With the following test data [New screen size is now: (1176, 811)]. @12-10-2021 02:01:10.0305 AM
[ReportManager] Target URL: [https://the-internet.herokuapp.com/] @12-10-2021 02:01:10.0305 AM
[ReportManager] Initial URL: [] @12-10-2021 02:01:10.0346 AM
[ReportManager] Browser Action [NavigateToURL] successfully performed. With the following test data [https://the-internet.herokuapp.com/]. @12-10-2021 02:01:11.0102 A

################################################################################################################################################
Starting Execution:	[77 out of 143] test cases in the current suite
Test Method:		[testPackage01.Test_NewValidationHelper.f10]
################################################################################################################################################
[ReportManager] Assertion [ValidateElementExists] FAILED. Expected [Element Should Exist, locator 'By.tagName: div'] and Actual [Element Exists but is not unique]. Comparison Type [EQUALS]. Validation Type [POSITIVE]. @12-10-2021 02:01:11.0332 AM
[ReportManager] Successfully created attachment [Screenshot - 1634004071244_f10_ValidateElementExists_failed] @12-10-2021 02:01:11.0334 A
[ReportManager] Successfully Closed All Drivers. @12-10-2021 02:01:11.0404 A
[ReportManager] File Action [GetAbsolutePath] successfully performed. With the following test data [Relative Folder Path: "target/downloadedFiles/"]. @12-10-2021 02:01:11.0407 AM
[ReportManager] Attempting to run locally on: [Mac-64], [Safari], Headless Execution. @12-10-2021 02:01:11.0407 AM
[ReportManager] Successfully Opened Safari. @12-10-2021 02:01:12.0270 AM
[ReportManager] Initial window size: (800, 600) @12-10-2021 02:01:12.0374 AM
[ReportManager] Window size after SWD Maximize: (1176, 811) @12-10-2021 02:01:12.0437 AM
[ReportManager] Browser Action [MaximizeWindow] successfully performed. With the following test data [New screen size is now: (1176, 811)]. @12-10-2021 02:01:12.0438 AM
[ReportManager] Target URL: [https://the-internet.herokuapp.com/] @12-10-2021 02:01:12.0438 AM
[ReportManager] Initial URL: [] @12-10-2021 02:01:12.0491 AM
[ReportManager] Browser Action [NavigateToURL] successfully performed. With the following test data [https://the-internet.herokuapp.com/]. @12-10-2021 02:01:13.0179 A

################################################################################################################################################
Starting Execution:	[78 out of 143] test cases in the current suite
Test Method:		[testPackage01.Test_NewValidationHelper.f11]
################################################################################################################################################
[ReportManager] Assertion Passed: Checking that false tag doesn't exist @12-10-2021 02:01:23.0996 AM
[ReportManager] Successfully created attachment [Screenshot - 1634004083911_f11_ValidateElementExists_passed] @12-10-2021 02:01:23.0997 AM
[ReportManager] Assertion [ValidateElementExists] PASSED. Expected [Element Should not Exist, locator 'By.tagName: h3'] and Actual [Element Doesn't Exists]. Comparison Type [EQUALS]. Validation Type [NEGATIVE]. @12-10-2021 02:01:23.0997 A
[ReportManager] Successfully Closed All Drivers. @12-10-2021 02:01:24.0090 A
[ReportManager] File Action [GetAbsolutePath] successfully performed. With the following test data [Relative Folder Path: "target/downloadedFiles/"]. @12-10-2021 02:01:24.0095 AM
[ReportManager] Attempting to run locally on: [Mac-64], [Safari], Headless Execution. @12-10-2021 02:01:24.0095 AM
[ReportManager] Successfully Opened Safari. @12-10-2021 02:01:25.0161 AM
[ReportManager] Initial window size: (800, 600) @12-10-2021 02:01:25.0174 AM
[ReportManager] Window size after SWD Maximize: (1176, 811) @12-10-2021 02:01:25.0191 AM
[ReportManager] Browser Action [MaximizeWindow] successfully performed. With the following test data [New screen size is now: (1176, 811)]. @12-10-2021 02:01:25.0192 AM
[ReportManager] Target URL: [https://the-internet.herokuapp.com/] @12-10-2021 02:01:25.0192 AM
[ReportManager] Initial URL: [] @12-10-2021 02:01:25.0263 AM
[ReportManager] Browser Action [NavigateToURL] successfully performed. With the following test data [https://the-internet.herokuapp.com/]. @12-10-2021 02:01:26.0057 A

################################################################################################################################################
Starting Execution:	[79 out of 143] test cases in the current suite
Test Method:		[testPackage01.Test_NewValidationHelper.f12]
################################################################################################################################################
[ReportManager] Loaded Shared OpenCV @12-10-2021 02:01:26.0328 AM
[ReportManager] Assertion [ValidateElementExists] FAILED. Expected [Element Should not Exist, locator 'By.tagName: h1'] and Actual [Element Exists]. Comparison Type [EQUALS]. Validation Type [NEGATIVE]. @12-10-2021 02:01:26.0484 AM
[ReportManager] Successfully created attachment [Screenshot - 1634004086328_f12_ValidateElementExists_failed] @12-10-2021 02:01:26.0486 A
[ReportManager] Successfully Closed All Drivers. @12-10-2021 02:01:26.0715 A
[ReportManager] File Action [GetAbsolutePath] successfully performed. With the following test data [Relative Folder Path: "target/downloadedFiles/"]. @12-10-2021 02:01:26.0718 AM
[ReportManager] Attempting to run locally on: [Mac-64], [Safari], Headless Execution. @12-10-2021 02:01:26.0718 AM
[ReportManager] Successfully Opened Safari. @12-10-2021 02:01:27.0577 AM
[ReportManager] Initial window size: (800, 600) @12-10-2021 02:01:27.0681 AM
[ReportManager] Window size after SWD Maximize: (1176, 811) @12-10-2021 02:01:27.0740 AM
[ReportManager] Browser Action [MaximizeWindow] successfully performed. With the following test data [New screen size is now: (1176, 811)]. @12-10-2021 02:01:27.0741 AM
[ReportManager] Target URL: [https://the-internet.herokuapp.com/] @12-10-2021 02:01:27.0741 AM
[ReportManager] Initial URL: [] @12-10-2021 02:01:27.0790 AM
[ReportManager] Browser Action [NavigateToURL] successfully performed. With the following test data [https://the-internet.herokuapp.com/]. @12-10-2021 02:01:28.0461 A

################################################################################################################################################
Starting Execution:	[80 out of 143] test cases in the current suite
Test Method:		[testPackage01.Test_NewValidationHelper.f13]
################################################################################################################################################
[ReportManager] Assertion [ValidateElementExists] FAILED. Expected [Element Should not Exist, locator 'By.tagName: div'] and Actual [Element Exists but is not unique]. Comparison Type [EQUALS]. Validation Type [NEGATIVE]. @12-10-2021 02:01:28.0887 AM
[ReportManager] Successfully created attachment [Screenshot - 1634004088785_f13_ValidateElementExists_failed] @12-10-2021 02:01:28.0889 A
[ReportManager] Successfully Closed All Drivers. @12-10-2021 02:01:28.0967 A
[ReportManager] File Action [GetAbsolutePath] successfully performed. With the following test data [Relative Folder Path: "target/downloadedFiles/"]. @12-10-2021 02:01:28.0970 AM
[ReportManager] Attempting to run locally on: [Mac-64], [Safari], Headless Execution. @12-10-2021 02:01:28.0971 AM
[ReportManager] Successfully Opened Safari. @12-10-2021 02:01:29.0841 AM
[ReportManager] Initial window size: (800, 600) @12-10-2021 02:01:29.0999 AM
[ReportManager] Window size after SWD Maximize: (1176, 811) @12-10-2021 02:01:30.0039 AM
[ReportManager] Browser Action [MaximizeWindow] successfully performed. With the following test data [New screen size is now: (1176, 811)]. @12-10-2021 02:01:30.0040 AM
[ReportManager] Target URL: [https://the-internet.herokuapp.com/] @12-10-2021 02:01:30.0040 AM
[ReportManager] Initial URL: [] @12-10-2021 02:01:30.0080 AM
[ReportManager] Browser Action [NavigateToURL] successfully performed. With the following test data [https://the-internet.herokuapp.com/]. @12-10-2021 02:01:30.0767 A

################################################################################################################################################
Starting Execution:	[81 out of 143] test cases in the current suite
Test Method:		[testPackage01.Test_NewValidationHelper.f14]
################################################################################################################################################
[ReportManager] Element Action [GetText] successfully performed. With the following test data [Welcome to the-internet]. @12-10-2021 02:01:30.0817 AM
[ReportManager] Loaded Shared OpenCV @12-10-2021 02:01:30.0916 AM
[ReportManager] Assertion Passed: Asserting that the header text is correct @12-10-2021 02:01:31.0018 AM
[ReportManager] Successfully created attachment [Screenshot - 1634004090915_f14_ValidateElementAttribute_passed] @12-10-2021 02:01:31.0020 AM
[ReportManager] Assertion [ValidateElementAttribute] PASSED. Expected [Value Should be 'Welcome to the-internet' for the 'text' attribute, element locator 'By.tagName: h1'] and Actual [Welcome to the-internet]. Comparison Type [EQUALS]. Validation Type [POSITIVE]. @12-10-2021 02:01:31.0020 A
[ReportManager] Successfully Closed All Drivers. @12-10-2021 02:01:31.0080 A
[ReportManager] File Action [GetAbsolutePath] successfully performed. With the following test data [Relative Folder Path: "target/downloadedFiles/"]. @12-10-2021 02:01:31.0083 AM
[ReportManager] Attempting to run locally on: [Mac-64], [Safari], Headless Execution. @12-10-2021 02:01:31.0083 AM
[ReportManager] Successfully Opened Safari. @12-10-2021 02:01:31.0908 AM
[ReportManager] Initial window size: (800, 600) @12-10-2021 02:01:31.0927 AM
[ReportManager] Window size after SWD Maximize: (1176, 811) @12-10-2021 02:01:31.0944 AM
[ReportManager] Browser Action [MaximizeWindow] successfully performed. With the following test data [New screen size is now: (1176, 811)]. @12-10-2021 02:01:31.0944 AM
[ReportManager] Target URL: [https://the-internet.herokuapp.com/] @12-10-2021 02:01:31.0944 AM
[ReportManager] Initial URL: [] @12-10-2021 02:01:32.0129 AM
[ReportManager] Browser Action [NavigateToURL] successfully performed. With the following test data [https://the-internet.herokuapp.com/]. @12-10-2021 02:01:32.0861 A

################################################################################################################################################
Starting Execution:	[82 out of 143] test cases in the current suite
Test Method:		[testPackage01.Test_NewValidationHelper.f15]
################################################################################################################################################
[ReportManager] Element Action [GetText] successfully performed. With the following test data [Welcome to the-internet]. @12-10-2021 02:01:32.0913 AM
[ReportManager] Loaded Shared OpenCV @12-10-2021 02:01:32.0993 AM
[ReportManager] Assertion [ValidateElementAttribute] FAILED. Expected [Value Should not be 'Welcome' for the 'text' attribute, element locator 'By.tagName: h1'] and Actual [Welcome to the-internet]. Comparison Type [CONTAINS]. Validation Type [NEGATIVE]. @12-10-2021 02:01:33.0093 AM
[ReportManager] Successfully created attachment [Screenshot - 1634004092992_f15_ValidateElementAttribute_failed] @12-10-2021 02:01:33.0095 A
[ReportManager] Successfully Closed All Drivers. @12-10-2021 02:01:33.0161 A
[ReportManager] File Action [GetAbsolutePath] successfully performed. With the following test data [Relative Folder Path: "target/downloadedFiles/"]. @12-10-2021 02:01:33.0165 AM
[ReportManager] Attempting to run locally on: [Mac-64], [Safari], Headless Execution. @12-10-2021 02:01:33.0166 AM
[ReportManager] Successfully Opened Safari. @12-10-2021 02:01:33.0951 AM
[ReportManager] Initial window size: (800, 600) @12-10-2021 02:01:33.0961 AM
[ReportManager] Window size after SWD Maximize: (1176, 811) @12-10-2021 02:01:33.0990 AM
[ReportManager] Browser Action [MaximizeWindow] successfully performed. With the following test data [New screen size is now: (1176, 811)]. @12-10-2021 02:01:33.0990 AM
[ReportManager] Target URL: [https://the-internet.herokuapp.com/] @12-10-2021 02:01:33.0990 AM
[ReportManager] Initial URL: [] @12-10-2021 02:01:34.0059 AM
[ReportManager] Browser Action [NavigateToURL] successfully performed. With the following test data [https://the-internet.herokuapp.com/]. @12-10-2021 02:01:34.0818 A

################################################################################################################################################
Starting Execution:	[83 out of 143] test cases in the current suite
Test Method:		[testPackage01.Test_NewValidationHelper.f16]
################################################################################################################################################
[ReportManager] Element Action [IdentifyUniqueElement] failed. With the following test data [zero elements found matching this locator "By.tagName: h3".]. @12-10-2021 02:02:00.0296 AM
[ReportManager] Successfully created attachment [Screenshot - 1634004120215_f16_IdentifyUniqueElement_failed] @12-10-2021 02:02:00.0298 AM
[ReportManager] Assertion [ValidateElementAttribute] FAILED. Expected [Value Should not be 'Welcome' for the 'text' attribute, element locator 'By.tagName: h3'] and Actual [Failed to read the desired element attribute]. Comparison Type [CONTAINS]. Validation Type [NEGATIVE]. @12-10-2021 02:02:00.0298 A
[ReportManager] Successfully Closed All Drivers. @12-10-2021 02:02:00.0542 A
[ReportManager] File Action [GetAbsolutePath] successfully performed. With the following test data [Relative Folder Path: "target/downloadedFiles/"]. @12-10-2021 02:02:00.0545 AM
[ReportManager] Attempting to run locally on: [Mac-64], [Safari], Headless Execution. @12-10-2021 02:02:00.0545 AM
[ReportManager] Successfully Opened Safari. @12-10-2021 02:02:01.0355 AM
[ReportManager] Initial window size: (800, 600) @12-10-2021 02:02:01.0382 AM
[ReportManager] Window size after SWD Maximize: (1176, 811) @12-10-2021 02:02:01.0395 AM
[ReportManager] Browser Action [MaximizeWindow] successfully performed. With the following test data [New screen size is now: (1176, 811)]. @12-10-2021 02:02:01.0395 AM
[ReportManager] Target URL: [https://the-internet.herokuapp.com/] @12-10-2021 02:02:01.0395 AM
[ReportManager] Initial URL: [] @12-10-2021 02:02:01.0485 AM
[ReportManager] Browser Action [NavigateToURL] successfully performed. With the following test data [https://the-internet.herokuapp.com/]. @12-10-2021 02:02:02.0215 A

################################################################################################################################################
Starting Execution:	[84 out of 143] test cases in the current suite
Test Method:		[testPackage01.Test_NewValidationHelper.f17]
################################################################################################################################################
[ReportManager] Attempting to getAttribute [text2] from elementLocator [By.tagName: h1]. @12-10-2021 02:02:02.0219 AM
[ReportManager] Element Action [GetAttribute] successfully performed. @12-10-2021 02:02:02.0279 AM
[ReportManager] Loaded Shared OpenCV @12-10-2021 02:02:02.0366 AM
[ReportManager] Assertion [ValidateElementAttribute] PASSED. Expected [Value Should not be 'Welcome' for the 'text2' attribute, element locator 'By.tagName: h1'] and Actual [null]. Comparison Type [CONTAINS]. Validation Type [NEGATIVE]. @12-10-2021 02:02:02.0467 AM
[ReportManager] Successfully created attachment [Screenshot - 1634004122365_f17_ValidateElementAttribute_passed] @12-10-2021 02:02:02.0469 A
[ReportManager] Successfully Closed All Drivers. @12-10-2021 02:02:02.0578 A
[ReportManager] File Action [GetAbsolutePath] successfully performed. With the following test data [Relative Folder Path: "target/downloadedFiles/"]. @12-10-2021 02:02:02.0581 AM
[ReportManager] Attempting to run locally on: [Mac-64], [Safari], Headless Execution. @12-10-2021 02:02:02.0581 AM
[ReportManager] Successfully Opened Safari. @12-10-2021 02:02:03.0507 AM
[ReportManager] Initial window size: (800, 600) @12-10-2021 02:02:03.0545 AM
[ReportManager] Window size after SWD Maximize: (1176, 811) @12-10-2021 02:02:03.0566 AM
[ReportManager] Browser Action [MaximizeWindow] successfully performed. With the following test data [New screen size is now: (1176, 811)]. @12-10-2021 02:02:03.0566 AM
[ReportManager] Target URL: [https://the-internet.herokuapp.com/] @12-10-2021 02:02:03.0566 AM
[ReportManager] Initial URL: [] @12-10-2021 02:02:03.0621 AM
[ReportManager] Browser Action [NavigateToURL] successfully performed. With the following test data [https://the-internet.herokuapp.com/]. @12-10-2021 02:02:04.0318 A

################################################################################################################################################
Starting Execution:	[85 out of 143] test cases in the current suite
Test Method:		[testPackage01.Test_NewValidationHelper.f18]
################################################################################################################################################
[ReportManager] Element Action [GetText] successfully performed. With the following test data [Welcome to the-internet]. @12-10-2021 02:02:04.0375 AM
[ReportManager] Loaded Shared OpenCV @12-10-2021 02:02:04.0485 AM
[ReportManager] Assertion [ValidateElementAttribute] PASSED. Expected [Value Should not be 'no' for the 'text' attribute, element locator 'By.tagName: h1'] and Actual [Welcome to the-internet]. Comparison Type [CONTAINS]. Validation Type [NEGATIVE]. @12-10-2021 02:02:04.0584 AM
[ReportManager] Successfully created attachment [Screenshot - 1634004124485_f18_ValidateElementAttribute_passed] @12-10-2021 02:02:04.0585 A
[ReportManager] Successfully Closed All Drivers. @12-10-2021 02:02:04.0638 A

################################################################################################################################################
Starting Execution:	[86 out of 143] test cases in the current suite
Test Method:		[testPackage01.Test_NewValidationHelper.f2]
################################################################################################################################################
[ReportManager] Assertion Failed: Checking valid user data @12-10-2021 02:02:04.0644 AM
[ReportManager] Assertion [ValidateEquals] FAILED. Expected [1] and Actual [2]. Comparison Type [EQUALS]. Validation Type [POSITIVE]. @12-10-2021 02:02:04.0644 A
[ReportManager] File Action [GetAbsolutePath] successfully performed. With the following test data [Relative Folder Path: "target/downloadedFiles/"]. @12-10-2021 02:02:04.0650 AM
[ReportManager] Attempting to run locally on: [Mac-64], [Safari], Headless Execution. @12-10-2021 02:02:04.0650 AM
[ReportManager] Successfully Opened Safari. @12-10-2021 02:02:05.0546 AM
[ReportManager] Initial window size: (800, 600) @12-10-2021 02:02:05.0556 AM
[ReportManager] Window size after SWD Maximize: (1176, 811) @12-10-2021 02:02:05.0578 AM
[ReportManager] Browser Action [MaximizeWindow] successfully performed. With the following test data [New screen size is now: (1176, 811)]. @12-10-2021 02:02:05.0578 AM
[ReportManager] Target URL: [https://the-internet.herokuapp.com/] @12-10-2021 02:02:05.0578 AM
[ReportManager] Initial URL: [] @12-10-2021 02:02:05.0633 AM
[ReportManager] Browser Action [NavigateToURL] successfully performed. With the following test data [https://the-internet.herokuapp.com/]. @12-10-2021 02:02:06.0392 A

################################################################################################################################################
Starting Execution:	[87 out of 143] test cases in the current suite
Test Method:		[testPackage01.Test_NewValidationHelper.f20]
################################################################################################################################################
[ReportManager] Element Action [GetSize] successfully performed. With the following test data [(971, 62)]. @12-10-2021 02:02:06.0486 AM
[ReportManager] Loaded Shared OpenCV @12-10-2021 02:02:06.0621 AM
[ReportManager] Assertion [ValidateElementAttribute] PASSED. Expected [Value Should not be 'a' for the 'size' attribute, element locator 'By.tagName: h1'] and Actual [(971, 62)]. Comparison Type [CONTAINS]. Validation Type [NEGATIVE]. @12-10-2021 02:02:06.0754 AM
[ReportManager] Successfully created attachment [Screenshot - 1634004126621_f20_ValidateElementAttribute_passed] @12-10-2021 02:02:06.0756 A
[ReportManager] Successfully Closed All Drivers. @12-10-2021 02:02:06.0934 A
[ReportManager] File Action [GetAbsolutePath] successfully performed. With the following test data [Relative Folder Path: "target/downloadedFiles/"]. @12-10-2021 02:02:06.0938 AM
[ReportManager] Attempting to run locally on: [Mac-64], [Safari], Headless Execution. @12-10-2021 02:02:06.0939 AM
[ReportManager] Successfully Opened Safari. @12-10-2021 02:02:07.0779 AM
[ReportManager] Initial window size: (800, 600) @12-10-2021 02:02:07.0896 AM
[ReportManager] Window size after SWD Maximize: (1176, 811) @12-10-2021 02:02:07.0942 AM
[ReportManager] Browser Action [MaximizeWindow] successfully performed. With the following test data [New screen size is now: (1176, 811)]. @12-10-2021 02:02:07.0943 AM
[ReportManager] Target URL: [https://the-internet.herokuapp.com/] @12-10-2021 02:02:07.0943 AM
[ReportManager] Initial URL: [] @12-10-2021 02:02:07.0989 AM
[ReportManager] Browser Action [NavigateToURL] successfully performed. With the following test data [https://the-internet.herokuapp.com/]. @12-10-2021 02:02:08.0752 A

################################################################################################################################################
Starting Execution:	[88 out of 143] test cases in the current suite
Test Method:		[testPackage01.Test_NewValidationHelper.f21]
################################################################################################################################################
[ReportManager] Element Action [IdentifyUniqueElement] failed. With the following test data [zero elements found matching this locator "By.tagName: h3".]. @12-10-2021 02:02:34.0939 AM
[ReportManager] Successfully created attachment [Screenshot - 1634004154856_f21_IdentifyUniqueElement_failed] @12-10-2021 02:02:34.0940 AM
[ReportManager] Assertion [ValidateElementAttribute] FAILED. Expected [Value Should be 'Welcome' for the 'text' attribute, element locator 'By.tagName: h3'] and Actual [Failed to read the desired element attribute]. Comparison Type [CONTAINS]. Validation Type [POSITIVE]. @12-10-2021 02:02:34.0941 A
[ReportManager] Successfully Closed All Drivers. @12-10-2021 02:02:35.0005 A
[ReportManager] File Action [GetAbsolutePath] successfully performed. With the following test data [Relative Folder Path: "target/downloadedFiles/"]. @12-10-2021 02:02:35.0008 AM
[ReportManager] Attempting to run locally on: [Mac-64], [Safari], Headless Execution. @12-10-2021 02:02:35.0009 AM
[ReportManager] Successfully Opened Safari. @12-10-2021 02:02:35.0875 AM
[ReportManager] Initial window size: (800, 600) @12-10-2021 02:02:35.0894 AM
[ReportManager] Window size after SWD Maximize: (1176, 811) @12-10-2021 02:02:35.0912 AM
[ReportManager] Browser Action [MaximizeWindow] successfully performed. With the following test data [New screen size is now: (1176, 811)]. @12-10-2021 02:02:35.0912 AM
[ReportManager] Target URL: [https://the-internet.herokuapp.com/] @12-10-2021 02:02:35.0912 AM
[ReportManager] Initial URL: [] @12-10-2021 02:02:35.0963 AM
[ReportManager] Browser Action [NavigateToURL] successfully performed. With the following test data [https://the-internet.herokuapp.com/]. @12-10-2021 02:02:36.0695 A

################################################################################################################################################
Starting Execution:	[89 out of 143] test cases in the current suite
Test Method:		[testPackage01.Test_NewValidationHelper.f22]
################################################################################################################################################
[ReportManager] Element Action [GetText] successfully performed. With the following test data [Welcome to the-internet]. @12-10-2021 02:02:36.0749 AM
[ReportManager] Loaded Shared OpenCV @12-10-2021 02:02:36.0874 AM
[ReportManager] Assertion [ValidateElementAttribute] FAILED. Expected [Value Should be 'yyy' for the 'text' attribute, element locator 'By.tagName: h1'] and Actual [Welcome to the-internet]. Comparison Type [CONTAINS]. Validation Type [POSITIVE]. @12-10-2021 02:02:36.0979 AM
[ReportManager] Successfully created attachment [Screenshot - 1634004156874_f22_ValidateElementAttribute_failed] @12-10-2021 02:02:36.0981 A
[ReportManager] Successfully Closed All Drivers. @12-10-2021 02:02:37.0091 A

################################################################################################################################################
Starting Execution:	[90 out of 143] test cases in the current suite
Test Method:		[testPackage01.Test_NewValidationHelper.f23]
################################################################################################################################################
[ReportManager] Assertion Passed: confirming that the actual is greater than or equal to the expected @12-10-2021 02:02:37.0096 AM
[ReportManager] Assertion [ValidateComparativeRelation] PASSED. Expected [1] and Actual [1]. Comparison Type [GREATER_THAN_OR_EQUALS]. Validation Type [POSITIVE]. @12-10-2021 02:02:37.0096 A

################################################################################################################################################
Starting Execution:	[91 out of 143] test cases in the current suite
Test Method:		[testPackage01.Test_NewValidationHelper.f24]
################################################################################################################################################
[ReportManager] Assertion [ValidateComparativeRelation] PASSED. Expected [1] and Actual [10]. Comparison Type [GREATER_THAN_OR_EQUALS]. Validation Type [POSITIVE]. @12-10-2021 02:02:37.0102 A

################################################################################################################################################
Starting Execution:	[92 out of 143] test cases in the current suite
Test Method:		[testPackage01.Test_NewValidationHelper.f25]
################################################################################################################################################
[ReportManager] Assertion [ValidateComparativeRelation] PASSED. Expected [1] and Actual [1]. Comparison Type [EQUALS]. Validation Type [POSITIVE]. @12-10-2021 02:02:37.0107 A

################################################################################################################################################
Starting Execution:	[93 out of 143] test cases in the current suite
Test Method:		[testPackage01.Test_NewValidationHelper.f26]
################################################################################################################################################
[ReportManager] Assertion [ValidateComparativeRelation] PASSED. Expected [1] and Actual [5]. Comparison Type [GREATER_THAN]. Validation Type [POSITIVE]. @12-10-2021 02:02:37.0111 A

################################################################################################################################################
Starting Execution:	[94 out of 143] test cases in the current suite
Test Method:		[testPackage01.Test_NewValidationHelper.f27]
################################################################################################################################################
[ReportManager] Assertion [ValidateComparativeRelation] PASSED. Expected [11] and Actual [5]. Comparison Type [LESS_THAN]. Validation Type [POSITIVE]. @12-10-2021 02:02:37.0116 A

################################################################################################################################################
Starting Execution:	[95 out of 143] test cases in the current suite
Test Method:		[testPackage01.Test_NewValidationHelper.f28]
################################################################################################################################################
[ReportManager] Assertion [ValidateComparativeRelation] PASSED. Expected [11] and Actual [5]. Comparison Type [LESS_THAN_OR_EQUALS]. Validation Type [POSITIVE]. @12-10-2021 02:02:37.0120 A

################################################################################################################################################
Starting Execution:	[96 out of 143] test cases in the current suite
Test Method:		[testPackage01.Test_NewValidationHelper.f29]
################################################################################################################################################
[ReportManager] Assertion [ValidateComparativeRelation] PASSED. Expected [11] and Actual [11]. Comparison Type [LESS_THAN_OR_EQUALS]. Validation Type [POSITIVE]. @12-10-2021 02:02:37.0128 A

################################################################################################################################################
Starting Execution:	[97 out of 143] test cases in the current suite
Test Method:		[testPackage01.Test_NewValidationHelper.f3]
################################################################################################################################################
[ReportManager] Assertion [ValidateEquals] PASSED. Expected [1] and Actual [2]. Comparison Type [EQUALS]. Validation Type [NEGATIVE]. @12-10-2021 02:02:37.0145 A

################################################################################################################################################
Starting Execution:	[98 out of 143] test cases in the current suite
Test Method:		[testPackage01.Test_NewValidationHelper.f30]
################################################################################################################################################
[ReportManager] Assertion [ValidateComparativeRelation] FAILED. Expected [-9] and Actual [11]. Comparison Type [LESS_THAN_OR_EQUALS]. Validation Type [POSITIVE]. @12-10-2021 02:02:37.0161 A

################################################################################################################################################
Starting Execution:	[99 out of 143] test cases in the current suite
Test Method:		[testPackage01.Test_NewValidationHelper.f31]
################################################################################################################################################
[ReportManager] Assertion [ValidateTrue] PASSED. Expected [TRUE] and Actual [TRUE]. Validation Type [POSITIVE]. @12-10-2021 02:02:37.0168 A

################################################################################################################################################
Starting Execution:	[100 out of 143] test cases in the current suite
Test Method:		[testPackage01.Test_NewValidationHelper.f32]
################################################################################################################################################
[ReportManager] Assertion [ValidateTrue] PASSED. Expected [FALSE] and Actual [FALSE]. Validation Type [NEGATIVE]. @12-10-2021 02:02:37.0175 A

################################################################################################################################################
Starting Execution:	[101 out of 143] test cases in the current suite
Test Method:		[testPackage01.Test_NewValidationHelper.f33]
################################################################################################################################################
[ReportManager] Assertion [ValidateTrue] FAILED. Expected [FALSE] and Actual [TRUE]. Validation Type [NEGATIVE]. @12-10-2021 02:02:37.0180 A

################################################################################################################################################
Starting Execution:	[102 out of 143] test cases in the current suite
Test Method:		[testPackage01.Test_NewValidationHelper.f34]
################################################################################################################################################
[ReportManager] Assertion [ValidateTrue] FAILED. Expected [TRUE] and Actual [FALSE]. Validation Type [POSITIVE]. @12-10-2021 02:02:37.0186 A

################################################################################################################################################
Starting Execution:	[103 out of 143] test cases in the current suite
Test Method:		[testPackage01.Test_NewValidationHelper.f35]
################################################################################################################################################
[ReportManager] File Action [DoesFileExist] successfully performed. With the following test data [File Path: "pom.xml"]. @12-10-2021 02:02:37.0192 AM
[ReportManager] Assertion [ValidateFileExists] PASSED. Expected [File 'pom.xml' should exist, after up to '1' retries] and Actual [File exists]. Validation Type [POSITIVE]. @12-10-2021 02:02:37.0192 A

################################################################################################################################################
Starting Execution:	[104 out of 143] test cases in the current suite
Test Method:		[testPackage01.Test_NewValidationHelper.f36]
################################################################################################################################################
[ReportManager] File Action [DoesFileExist] successfully performed. With the following test data [File Path: "src/test/java/testPackage01/Test_NewValidationHelper.java"]. @12-10-2021 02:02:37.0200 AM
[ReportManager] Assertion [ValidateFileExists] PASSED. Expected [File 'src/test/java/testPackage01/Test_NewValidationHelper.java' should exist, after up to '1' retries] and Actual [File exists]. Validation Type [POSITIVE]. @12-10-2021 02:02:37.0201 A

################################################################################################################################################
Starting Execution:	[105 out of 143] test cases in the current suite
Test Method:		[testPackage01.Test_NewValidationHelper.f37]
################################################################################################################################################
[ReportManager] File Action [DoesFileExist] successfully performed. With the following test data [File Path: "pom.xml"]. @12-10-2021 02:02:37.0208 AM
[ReportManager] Assertion Failed: confirming that the file does't exist after 5 retries @12-10-2021 02:02:37.0208 AM
[ReportManager] Assertion [ValidateFileExists] FAILED. Expected [File 'pom.xml' should not exist, after up to '5' retries] and Actual [File exists]. Validation Type [NEGATIVE]. @12-10-2021 02:02:37.0208 A

################################################################################################################################################
Starting Execution:	[106 out of 143] test cases in the current suite
Test Method:		[testPackage01.Test_NewValidationHelper.f3_1]
################################################################################################################################################
[ReportManager] Assertion Passed: Checking valid user data @12-10-2021 02:02:37.0213 AM
[ReportManager] Assertion [ValidateEquals] PASSED. Expected [null] and Actual [null]. Comparison Type [EQUALS]. Validation Type [POSITIVE]. @12-10-2021 02:02:37.0213 A

################################################################################################################################################
Starting Execution:	[107 out of 143] test cases in the current suite
Test Method:		[testPackage01.Test_NewValidationHelper.f4]
################################################################################################################################################
[ReportManager] Assertion [ValidateEquals] PASSED. Expected [1] and Actual [123]. Comparison Type [CONTAINS]. Validation Type [POSITIVE]. @12-10-2021 02:02:37.0220 A

################################################################################################################################################
Starting Execution:	[108 out of 143] test cases in the current suite
Test Method:		[testPackage01.Test_NewValidationHelper.f5]
################################################################################################################################################
[ReportManager] Assertion [ValidateNull] PASSED. Expected [NULL] and Actual [1]. Comparison Type [EQUALS]. Validation Type [NEGATIVE]. @12-10-2021 02:02:37.0236 A

################################################################################################################################################
Starting Execution:	[109 out of 143] test cases in the current suite
Test Method:		[testPackage01.Test_NewValidationHelper.f6]
################################################################################################################################################
[ReportManager] Assertion Failed: Making sure that null string is not equal to null object @12-10-2021 02:02:37.0242 AM
[ReportManager] Assertion [ValidateNull] FAILED. Expected [NULL] and Actual [NULL]. Comparison Type [EQUALS]. Validation Type [POSITIVE]. @12-10-2021 02:02:37.0242 A

################################################################################################################################################
Starting Execution:	[110 out of 143] test cases in the current suite
Test Method:		[testPackage01.Test_NewValidationHelper.f6_1]
################################################################################################################################################
[ReportManager] Assertion [ValidateNull] FAILED. Expected [NULL] and Actual [NULL]. Comparison Type [EQUALS]. Validation Type [NEGATIVE]. @12-10-2021 02:02:37.0249 A

################################################################################################################################################
Starting Execution:	[111 out of 143] test cases in the current suite
Test Method:		[testPackage01.Test_NewValidationHelper.f6_2]
################################################################################################################################################
[ReportManager] Assertion Failed: Making sure that null string is not equal to null object @12-10-2021 02:02:37.0255 AM
[ReportManager] Assertion [ValidateNull] FAILED. Expected [NULL] and Actual [not null]. Comparison Type [EQUALS]. Validation Type [POSITIVE]. @12-10-2021 02:02:37.0255 A

################################################################################################################################################
Starting Execution:	[112 out of 143] test cases in the current suite
Test Method:		[testPackage01.Test_NewValidationHelper.f7]
################################################################################################################################################
[ReportManager] Assertion [ValidateNull] PASSED. Expected [NULL] and Actual [NULL]. Comparison Type [EQUALS]. Validation Type [POSITIVE]. @12-10-2021 02:02:37.0264 A
[ReportManager] File Action [GetAbsolutePath] successfully performed. With the following test data [Relative Folder Path: "target/downloadedFiles/"]. @12-10-2021 02:02:37.0267 AM
[ReportManager] Attempting to run locally on: [Mac-64], [Safari], Headless Execution. @12-10-2021 02:02:37.0268 AM
[ReportManager] Successfully Opened Safari. @12-10-2021 02:02:38.0090 AM
[ReportManager] Initial window size: (800, 600) @12-10-2021 02:02:38.0177 AM
[ReportManager] Window size after SWD Maximize: (1176, 811) @12-10-2021 02:02:38.0240 AM
[ReportManager] Browser Action [MaximizeWindow] successfully performed. With the following test data [New screen size is now: (1176, 811)]. @12-10-2021 02:02:38.0241 AM
[ReportManager] Target URL: [https://the-internet.herokuapp.com/] @12-10-2021 02:02:38.0241 AM
[ReportManager] Initial URL: [] @12-10-2021 02:02:38.0298 AM
[ReportManager] Browser Action [NavigateToURL] successfully performed. With the following test data [https://the-internet.herokuapp.com/]. @12-10-2021 02:02:38.0983 A

################################################################################################################################################
Starting Execution:	[113 out of 143] test cases in the current suite
Test Method:		[testPackage01.Test_NewValidationHelper.f8]
################################################################################################################################################
[ReportManager] Loaded Shared OpenCV @12-10-2021 02:02:39.0147 AM
[ReportManager] Assertion [ValidateElementExists] PASSED. Expected [Element Should Exist, locator 'By.tagName: h1'] and Actual [Element Exists]. Comparison Type [EQUALS]. Validation Type [POSITIVE]. @12-10-2021 02:02:39.0260 AM
[ReportManager] Successfully created attachment [Screenshot - 1634004159147_f8_ValidateElementExists_passed] @12-10-2021 02:02:39.0262 A
[ReportManager] Successfully Closed All Drivers. @12-10-2021 02:02:39.0307 A
[ReportManager] File Action [GetAbsolutePath] successfully performed. With the following test data [Relative Folder Path: "target/downloadedFiles/"]. @12-10-2021 02:02:39.0310 AM
[ReportManager] Attempting to run locally on: [Mac-64], [Safari], Headless Execution. @12-10-2021 02:02:39.0310 AM
[ReportManager] Successfully Opened Safari. @12-10-2021 02:02:40.0108 AM
[ReportManager] Initial window size: (800, 600) @12-10-2021 02:02:40.0151 AM
[ReportManager] Window size after SWD Maximize: (1176, 811) @12-10-2021 02:02:40.0167 AM
[ReportManager] Browser Action [MaximizeWindow] successfully performed. With the following test data [New screen size is now: (1176, 811)]. @12-10-2021 02:02:40.0168 AM
[ReportManager] Target URL: [https://the-internet.herokuapp.com/] @12-10-2021 02:02:40.0168 AM
[ReportManager] Initial URL: [] @12-10-2021 02:02:40.0220 AM
[ReportManager] Browser Action [NavigateToURL] successfully performed. With the following test data [https://the-internet.herokuapp.com/]. @12-10-2021 02:02:40.0929 A

################################################################################################################################################
Starting Execution:	[114 out of 143] test cases in the current suite
Test Method:		[testPackage01.Test_NewValidationHelper.f9]
################################################################################################################################################
[ReportManager] Assertion [ValidateElementExists] FAILED. Expected [Element Should Exist, locator 'By.tagName: h3'] and Actual [Element Doesn't Exists]. Comparison Type [EQUALS]. Validation Type [POSITIVE]. @12-10-2021 02:03:11.0428 AM
[ReportManager] Successfully created attachment [Screenshot - 1634004191336_f9_ValidateElementExists_failed] @12-10-2021 02:03:11.0430 A
[ReportManager] Successfully Closed All Drivers. @12-10-2021 02:03:11.0501 A

################################################################################################################################################
Starting Execution:	[115 out of 143] test cases in the current suite
Test Method:		[testPackage01.Test_NewValidationHelper.forceFail]
################################################################################################################################################
[ReportManager] Assertion [ValidateFail] FAILED. Successfully force failed the test. @12-10-2021 02:03:11.0508 A

################################################################################################################################################
Starting Execution:	[116 out of 143] test cases in the current suite
Test Method:		[testPackage01.Test_NewValidationHelper.forceFail2]
################################################################################################################################################
[ReportManager] Assertion Failed: Custom Message @12-10-2021 02:03:11.0516 AM
[ReportManager] Assertion [ValidateFail] FAILED. Successfully force failed the test. @12-10-2021 02:03:11.0516 A

################################################################################################################################################
Starting Execution:	[117 out of 143] test cases in the current suite
Test Method:		[testPackage01.Test_JsonActions.f]
###############################################################################################################################################

################################################################################################################################################
Starting Execution:	[118 out of 143] test cases in the current suite
Test Method:		[testPackage01.Test_JsonActions.f2]
###############################################################################################################################################

################################################################################################################################################
Starting Execution:	[119 out of 143] test cases in the current suite
Test Method:		[testPackage01.Test_sendGraphqlRequest.sendGraphqlRequestUsingMutationAndVariables]
################################################################################################################################################
[ReportManager] GraphQl Request is being Performed with the Following Parameters [Service URL: https://api.spacex.land/graphql | Request Body: {"variables":"{\"name\": \"sherlock holmes\",\"rocket\": \"221B Baker Street\"}","query":"mutation ($name: String, $rocket: String) {\n  insert_users(objects: {name: $name, rocket: $rocket}) {\n    returning {\n      name\n      rocket\n    }\n  }\n}"}] @12-10-2021 02:03:11.0627 AM
[ReportManager] Response status code: [200], status line: [HTTP/1.1 200 OK] @12-10-2021 02:03:13.0333 AM
[ReportManager] Assertion Passed: Evaluating the actual response status code against the expected one... @12-10-2021 02:03:13.0333 AM
[ReportManager] Assertion [ValidateEquals] PASSED. Expected [200] and Actual [200]. Comparison Type [EQUALS]. Validation Type [POSITIVE]. @12-10-2021 02:03:13.0333 AM
[ReportManager] API Action [PerformRequest] successfully performed. With the following test data [Request Type: "POST" | Target Status Code: "200" | Service URL: "https://api.spacex.land/graphql" | Content Type: "application/json" | Response Time: "1362ms"]. @12-10-2021 02:03:13.0369 AM
[ReportManager] Successfully created attachment [API Request - Specifications] @12-10-2021 02:03:13.0370 AM
[ReportManager] Successfully created attachment [API Request - JSON Body] @12-10-2021 02:03:13.0370 AM
[ReportManager] Successfully created attachment [API Response - JSON Body] @12-10-2021 02:03:13.0371 AM
[ReportManager] API Action [GetResponseJSONValue] successfully performed. With the following test data [data.insert_users.returning[0].name]. @12-10-2021 02:03:13.0450 AM
[ReportManager] Assertion [ValidateEquals] PASSED. Expected [sherlock holmes] and Actual [sherlock holmes]. Comparison Type [EQUALS]. Validation Type [POSITIVE]. @12-10-2021 02:03:13.0451 A

################################################################################################################################################
Starting Execution:	[120 out of 143] test cases in the current suite
Test Method:		[testPackage01.Test_sendGraphqlRequest.sendGraphqlRequestUsingQuery]
################################################################################################################################################
[ReportManager] GraphQl Request is being Performed with the Following Parameters [Service URL: https://api.spacex.land/graphql | Request Body: {"query":"{company {ceo}}"}] @12-10-2021 02:03:13.0468 AM
[ReportManager] Response status code: [200], status line: [HTTP/1.1 200 OK] @12-10-2021 02:03:13.0631 AM
[ReportManager] Assertion Passed: Evaluating the actual response status code against the expected one... @12-10-2021 02:03:13.0632 AM
[ReportManager] Assertion [ValidateEquals] PASSED. Expected [200] and Actual [200]. Comparison Type [EQUALS]. Validation Type [POSITIVE]. @12-10-2021 02:03:13.0632 AM
[ReportManager] API Action [PerformRequest] successfully performed. With the following test data [Request Type: "POST" | Target Status Code: "200" | Service URL: "https://api.spacex.land/graphql" | Content Type: "application/json" | Response Time: "155ms"]. @12-10-2021 02:03:13.0646 AM
[ReportManager] Successfully created attachment [API Request - Specifications] @12-10-2021 02:03:13.0647 AM
[ReportManager] Successfully created attachment [API Request - JSON Body] @12-10-2021 02:03:13.0648 AM
[ReportManager] Successfully created attachment [API Response - JSON Body] @12-10-2021 02:03:13.0648 AM
[ReportManager] API Action [GetResponseJSONValue] successfully performed. With the following test data [data.company.ceo]. @12-10-2021 02:03:13.0662 AM
[ReportManager] Assertion [ValidateEquals] PASSED. Expected [Elon Musk] and Actual [Elon Musk]. Comparison Type [EQUALS]. Validation Type [POSITIVE]. @12-10-2021 02:03:13.0662 A
[ReportManager] File Action [GetAbsolutePath] successfully performed. With the following test data [Relative Folder Path: "target/downloadedFiles/"]. @12-10-2021 02:03:13.0666 AM
[ReportManager] Attempting to run locally on: [Mac-64], [Safari], Headless Execution. @12-10-2021 02:03:13.0667 AM
[ReportManager] Successfully Opened Safari. @12-10-2021 02:03:14.0528 AM
[ReportManager] Initial window size: (800, 600) @12-10-2021 02:03:14.0617 AM
[ReportManager] Window size after SWD Maximize: (1176, 811) @12-10-2021 02:03:14.0642 AM
[ReportManager] Browser Action [MaximizeWindow] successfully performed. With the following test data [New screen size is now: (1176, 811)]. @12-10-2021 02:03:14.0642 A

################################################################################################################################################
Starting Execution:	[121 out of 143] test cases in the current suite
Test Method:		[testPackage01.Test_dragAndDrop.dragAndDropJquery]
################################################################################################################################################
[ReportManager] Target URL: [https://jqueryui.com/resources/demos/droppable/default.html] @12-10-2021 02:03:14.0645 AM
[ReportManager] Initial URL: [] @12-10-2021 02:03:14.0700 AM
[ReportManager] Browser Action [NavigateToURL] successfully performed. With the following test data [https://jqueryui.com/resources/demos/droppable/default.html]. @12-10-2021 02:03:15.0178 AM
[ReportManager] Element Action [GetText] successfully performed. With the following test data [
	Drop here
]. @12-10-2021 02:03:15.0231 AM
[ReportManager] Element Action [DragAndDrop] successfully performed. With the following test data [Start point: (8, 18), End point: (8, 18)]. @12-10-2021 02:03:16.0454 AM
[ReportManager] Element Action [GetText] successfully performed. With the following test data [
	Dropped!
]. @12-10-2021 02:03:16.0493 AM
[ReportManager] Assertion Passed: Checking to see if the text has changed after performing drag and drop @12-10-2021 02:03:16.0493 AM
[ReportManager] Assertion [ValidateEquals] PASSED. Expected [
	Drop here
] and Actual [
	Dropped!
]. Comparison Type [EQUALS]. Validation Type [NEGATIVE]. @12-10-2021 02:03:16.0494 A
[ReportManager] Browser Action [CloseCurrentWindow] successfully performed. @12-10-2021 02:03:16.0688 AM
[ReportManager] Successfully created attachment [Browser Action Test Data - CloseCurrentWindow - Actual Value] @12-10-2021 02:03:16.0689 A
[ReportManager] File Action [GetAbsolutePath] successfully performed. With the following test data [Relative Folder Path: "target/downloadedFiles/"]. @12-10-2021 02:03:16.0691 AM
[ReportManager] Attempting to run locally on: [Mac-64], [Safari], Headless Execution. @12-10-2021 02:03:16.0691 AM
[ReportManager] Successfully Opened Safari. @12-10-2021 02:03:17.0440 AM
[ReportManager] Initial window size: (800, 600) @12-10-2021 02:03:17.0457 AM
[ReportManager] Window size after SWD Maximize: (1176, 811) @12-10-2021 02:03:17.0476 AM
[ReportManager] Browser Action [MaximizeWindow] successfully performed. With the following test data [New screen size is now: (1176, 811)]. @12-10-2021 02:03:17.0476 A

################################################################################################################################################
Starting Execution:	[122 out of 143] test cases in the current suite
Test Method:		[testPackage01.Test_dragAndDrop.dragAndDrop]
Test Description:	[TC001 - Test Drag and Drop function.]
################################################################################################################################################
[ReportManager] Target URL: [http://the-internet.herokuapp.com/drag_and_drop] @12-10-2021 02:03:17.0502 AM
[ReportManager] Initial URL: [] @12-10-2021 02:03:17.0552 AM
[ReportManager] Browser Action [NavigateToURL] successfully performed. With the following test data [http://the-internet.herokuapp.com/drag_and_drop]. @12-10-2021 02:03:18.0121 AM
[ReportManager] Attempting Drag and Drop @12-10-2021 02:03:18.0121 AM
[ReportManager] Element Action [DragAndDrop] successfully performed. With the following test data [Start point: (120, 89), End point: (335, 89)]. @12-10-2021 02:03:18.0903 A
[ReportManager] Browser Action [CloseCurrentWindow] successfully performed. @12-10-2021 02:03:19.0080 AM
[ReportManager] Successfully created attachment [Browser Action Test Data - CloseCurrentWindow - Actual Value] @12-10-2021 02:03:19.0081 A
[ReportManager] File Action [GetAbsolutePath] successfully performed. With the following test data [Relative Folder Path: "target/downloadedFiles/"]. @12-10-2021 02:03:19.0083 AM
[ReportManager] Attempting to run locally on: [Mac-64], [Safari], Headless Execution. @12-10-2021 02:03:19.0083 AM
[ReportManager] Successfully Opened Safari. @12-10-2021 02:03:19.0990 AM
[ReportManager] Initial window size: (800, 600) @12-10-2021 02:03:20.0068 AM
[ReportManager] Window size after SWD Maximize: (1176, 811) @12-10-2021 02:03:20.0132 AM
[ReportManager] Browser Action [MaximizeWindow] successfully performed. With the following test data [New screen size is now: (1176, 811)]. @12-10-2021 02:03:20.0132 A

################################################################################################################################################
Starting Execution:	[123 out of 143] test cases in the current suite
Test Method:		[testPackage01.Test_dragAndDrop.dragAndDropByOffset]
Test Description:	[TC002 - Test Drag and Drop by offset function.]
################################################################################################################################################
[ReportManager] Target URL: [https://jqueryui.com/resources/demos/draggable/default.html] @12-10-2021 02:03:20.0135 AM
[ReportManager] Initial URL: [] @12-10-2021 02:03:20.0177 AM
[ReportManager] Browser Action [NavigateToURL] successfully performed. With the following test data [https://jqueryui.com/resources/demos/draggable/default.html]. @12-10-2021 02:03:20.0636 AM
[ReportManager] Element Action [DragAndDropByOffset] successfully performed. With the following test data [Start point: (8, 8), End point: (108, 58)]. @12-10-2021 02:03:21.0622 A
[ReportManager] Browser Action [CloseCurrentWindow] successfully performed. @12-10-2021 02:03:21.0755 AM
[ReportManager] Successfully created attachment [Browser Action Test Data - CloseCurrentWindow - Actual Value] @12-10-2021 02:03:21.0756 A
[ReportManager] Successfully loaded the following test data file [src/test/resources/TestDataFiles/testSuite01/TestData.xlsx]. @12-10-2021 02:03:21.0794 AM
[ReportManager] Successfully created attachment [Test Data - Excel] @12-10-2021 02:03:21.0795 AM
[ReportManager] File Action [GetAbsolutePath] successfully performed. With the following test data [Relative Folder Path: "target/downloadedFiles/"]. @12-10-2021 02:03:21.0796 AM
[ReportManager] Attempting to run locally on: [Mac-64], [Safari], Headless Execution. @12-10-2021 02:03:21.0796 AM
[ReportManager] Successfully Opened Safari. @12-10-2021 02:03:22.0744 AM
[ReportManager] Initial window size: (800, 600) @12-10-2021 02:03:22.0878 AM
[ReportManager] Window size after SWD Maximize: (1176, 811) @12-10-2021 02:03:22.0923 AM
[ReportManager] Browser Action [MaximizeWindow] successfully performed. With the following test data [New screen size is now: (1176, 811)]. @12-10-2021 02:03:22.0924 A

################################################################################################################################################
Starting Execution:	[124 out of 143] test cases in the current suite
Test Method:		[testPackage01.Test_google.navigateToURLandVerifyGoogleLogoIsDisplayed]
Test Description:	[TC001 - Navigate to URL and Verify Google Logo is Displayed]
################################################################################################################################################
[ReportManager] Target URL: [https://www.google.com/ncr], and after redirection: [https://www.google.com] @12-10-2021 02:03:22.0932 AM
[ReportManager] Initial URL: [] @12-10-2021 02:03:22.0984 AM
[ReportManager] Browser Action [NavigateToURL] successfully performed. With the following test data [https://www.google.com/ncr]. @12-10-2021 02:03:24.0400 AM
[ReportManager] Loaded Shared OpenCV @12-10-2021 02:03:24.0513 AM
[ReportManager] Assertion [ValidateElementExists] PASSED. Expected [Element Should Exist, locator 'By.xpath: //*[@id='hplogo' or @alt='Google']'] and Actual [Element Exists]. Comparison Type [EQUALS]. Validation Type [POSITIVE]. @12-10-2021 02:03:24.0602 AM
[ReportManager] Successfully created attachment [Screenshot - 1634004204513_navigateToURLandVerifyGoogleLogoIsDisplayed_ValidateElementExists_passed] @12-10-2021 02:03:24.0603 A

################################################################################################################################################
Starting Execution:	[125 out of 143] test cases in the current suite
Test Method:		[testPackage01.Test_google.searchForQueryandAssertResultsNumDisplayed]
Test Description:	[TC002 - Search for Query and Assert that the number of results is displayed]
################################################################################################################################################
[ReportManager] Element Action [Type] successfully performed. With the following test data [SHAFT_Engine]. @12-10-2021 02:03:25.0151 AM
[ReportManager] Element Action [KeyPress] successfully performed. With the following test data [Enter]. @12-10-2021 02:03:25.0219 AM
[ReportManager] Element Action [GetText] successfully performed. With the following test data [About 922,000 results (0.80 seconds)Â ]. @12-10-2021 02:03:26.0832 AM
[ReportManager] Loaded Shared OpenCV @12-10-2021 02:03:27.0248 AM
[ReportManager] Assertion [ValidateElementAttribute] PASSED. Expected [Value Should not be '' for the 'Text' attribute, element locator 'By.id: appbar'] and Actual [About 922,000 results (0.80 seconds)Â ]. Comparison Type [EQUALS]. Validation Type [NEGATIVE]. @12-10-2021 02:03:27.0361 AM
[ReportManager] Successfully created attachment [Screenshot - 1634004207248_searchForQueryandAssertResultsNumDisplayed_ValidateElementAttribute_passed] @12-10-2021 02:03:27.0363 A

################################################################################################################################################
Starting Execution:	[126 out of 143] test cases in the current suite
Test Method:		[testPackage01.Test_google.clickNextThrice]
Test Description:	[TC003 - Clicks the next button to make sure that the framework can scroll element into view before clicking it]
################################################################################################################################################
[ReportManager] org.openqa.selenium.interactions.MoveTargetOutOfBoundsException:

Build info: version: '3.141.59', revision: 'e82be7d358', time: '2018-11-14T08:17:03'
System info: host: 'Mac-1634003317835.local', ip: '10.79.0.206', os.name: 'Mac OS X', os.arch: 'x86_64', os.version: '10.15.7', java.version: '17'
Driver info: org.openqa.selenium.safari.SafariDriver
Capabilities {acceptInsecureCerts: false, browserName: Safari, browserVersion: 14.1.2, javascriptEnabled: true, platform: MAC, platformName: MAC, safari:automaticInspection: false, safari:automaticProfiling: false, safari:diagnose: false, safari:platformBuildVersion: 19H1417, safari:platformVersion: 10.15.7, safari:useSimulator: false, setWindowRect: true, strictFileInteractability: false, webkit:WebRTC: {DisableICECandidateFiltering: false, DisableInsecureMediaCapture: false}}
Session ID: 912C7950-7270-41D2-B9C3-B1BE6DBB741E
java.base/jdk.internal.reflect.NativeConstructorAccessorImpl.newInstance0(Native Method)
java.base/jdk.internal.reflect.NativeConstructorAccessorImpl.newInstance(NativeConstructorAccessorImpl.java:77)
java.base/jdk.internal.reflect.DelegatingConstructorAccessorImpl.newInstance(DelegatingConstructorAccessorImpl.java:45)
java.base/java.lang.reflect.Constructor.newInstanceWithCaller(Constructor.java:499)
java.base/java.lang.reflect.Constructor.newInstance(Constructor.java:480)
org.openqa.selenium.remote.http.W3CHttpResponseCodec.createException(W3CHttpResponseCodec.java:187)
org.openqa.selenium.remote.http.W3CHttpResponseCodec.decode(W3CHttpResponseCodec.java:122)
org.openqa.selenium.remote.http.W3CHttpResponseCodec.decode(W3CHttpResponseCodec.java:49)
org.openqa.selenium.remote.HttpCommandExecutor.execute(HttpCommandExecutor.java:158)
org.openqa.selenium.remote.service.DriverCommandExecutor.execute(DriverCommandExecutor.java:83)
org.openqa.selenium.remote.RemoteWebDriver.execute(RemoteWebDriver.java:552)
org.openqa.selenium.remote.RemoteWebDriver.perform(RemoteWebDriver.java:618)
org.openqa.selenium.interactions.Actions$BuiltAction.perform(Actions.java:639)
org.openqa.selenium.interactions.Actions.perform(Actions.java:595)
com.shaft.gui.element.ElementActionsHelper.performHoverUsingJavascript(ElementActionsHelper.java:209)
com.shaft.gui.element.WebDriverElementActions.click(WebDriverElementActions.java:116)
com.shaft.gui.element.ElementActions.click(ElementActions.java:62)
poms.GoogleSearchResults.clickNext(GoogleSearchResults.java:51)
testPackage01.Test_google.clickNextThrice(Test_google.java:43)
java.base/jdk.internal.reflect.NativeMethodAccessorImpl.invoke0(Native Method)
java.base/jdk.internal.reflect.NativeMethodAccessorImpl.invoke(NativeMethodAccessorImpl.java:77)
java.base/jdk.internal.reflect.DelegatingMethodAccessorImpl.invoke(DelegatingMethodAccessorImpl.java:43)
java.base/java.lang.reflect.Method.invoke(Method.java:568)
org.testng.internal.MethodInvocationHelper.invokeMethod(MethodInvocationHelper.java:133)
org.testng.internal.TestInvoker.invokeMethod(TestInvoker.java:598)
org.testng.internal.TestInvoker.invokeTestMethod(TestInvoker.java:173)
org.testng.internal.MethodRunner.runInSequence(MethodRunner.java:46)
org.testng.internal.TestInvoker$MethodInvocationAgent.invoke(TestInvoker.java:824)
org.testng.internal.TestInvoker.invokeTestMethods(TestInvoker.java:146)
org.testng.internal.TestMethodWorker.invokeTestMethods(TestMethodWorker.java:146)
org.testng.internal.TestMethodWorker.run(TestMethodWorker.java:128)
java.base/java.util.ArrayList.forEach(ArrayList.java:1511)
org.testng.TestRunner.privateRun(TestRunner.java:794)
org.testng.TestRunner.run(TestRunner.java:596)
org.testng.SuiteRunner.runTest(SuiteRunner.java:377)
org.testng.SuiteRunner.runSequentially(SuiteRunner.java:371)
org.testng.SuiteRunner.privateRun(SuiteRunner.java:332)
org.testng.SuiteRunner.run(SuiteRunner.java:276)
org.testng.SuiteRunnerWorker.runSuite(SuiteRunnerWorker.java:53)
org.testng.SuiteRunnerWorker.run(SuiteRunnerWorker.java:96)
org.testng.TestNG.runSuitesSequentially(TestNG.java:1212)
org.testng.TestNG.runSuitesLocally(TestNG.java:1134)
org.testng.TestNG.runSuites(TestNG.java:1063)
org.testng.TestNG.run(TestNG.java:1031)
org.apache.maven.surefire.testng.TestNGExecutor.run(TestNGExecutor.java:136)
org.apache.maven.surefire.testng.TestNGDirectoryTestSuite.executeMulti(TestNGDirectoryTestSuite.java:193)
org.apache.maven.surefire.testng.TestNGDirectoryTestSuite.execute(TestNGDirectoryTestSuite.java:94)
org.apache.maven.surefire.testng.TestNGProvider.invoke(TestNGProvider.java:145)
org.apache.maven.surefire.booter.ForkedBooter.runSuitesInProcess(ForkedBooter.java:428)
org.apache.maven.surefire.booter.ForkedBooter.execute(ForkedBooter.java:162)
org.apache.maven.surefire.booter.ForkedBooter.run(ForkedBooter.java:562)
org.apache.maven.surefire.booter.ForkedBooter.main(ForkedBooter.java:548) @12-10-2021 02:03:27.0483 AM
[ReportManager] Element Action [Click] successfully performed. With the following test data [Next]. @12-10-2021 02:03:27.0555 A
[ReportManager] Browser Action [CloseCurrentWindow] successfully performed. @12-10-2021 02:03:27.0771 AM
[ReportManager] Successfully created attachment [Browser Action Test Data - CloseCurrentWindow - Actual Value] @12-10-2021 02:03:27.0782 A

################################################################################################################################################
Starting Execution:	[127 out of 143] test cases in the current suite
Test Method:		[testPackage01.Test_chainableElementActions.chainElementActions]
################################################################################################################################################
[ReportManager] File Action [GetAbsolutePath] successfully performed. With the following test data [Relative Folder Path: "target/downloadedFiles/"]. @12-10-2021 02:03:27.0799 AM
[ReportManager] Attempting to run locally on: [Mac-64], [GoogleChrome], Headless Execution. @12-10-2021 02:03:27.0807 AM
[ReportManager] Identifying OS/Driver combination and selecting the correct driver version automatically. Please note that if a new driver executable will be downloaded it may take some time... @12-10-2021 02:03:27.0808 AM
[ReportManager] Successfully Opened Google Chrome. @12-10-2021 02:03:31.0797 AM
[ReportManager] Initial window size: (800, 600) @12-10-2021 02:03:31.0805 AM
[ReportManager] Window size after SWD Maximize: (800, 600) @12-10-2021 02:03:31.0919 AM
[ReportManager] Window size after Toolkit: (1920, 1080) @12-10-2021 02:03:32.0277 AM
[ReportManager] Browser Action [MaximizeWindow] successfully performed. With the following test data [New screen size is now: (1920, 1080)]. @12-10-2021 02:03:32.0279 AM
[ReportManager] Target URL: [https://www.google.com/ncr], and after redirection: [https://www.google.com] @12-10-2021 02:03:32.0279 AM
[ReportManager] Initial URL: [data:,] @12-10-2021 02:03:32.0313 AM
[ReportManager] Browser Action [NavigateToURL] successfully performed. With the following test data [https://www.google.com/ncr]. @12-10-2021 02:03:33.0173 AM
[ReportManager] Element Action [Type] successfully performed. With the following test data [chained type 1]. @12-10-2021 02:03:33.0727 AM
[ReportManager] Element Action [Type] successfully performed. With the following test data [chained type 2]. @12-10-2021 02:03:34.0129 AM
[ReportManager] Element Action [TypeAppend] successfully performed. With the following test data [345]. @12-10-2021 02:03:34.0232 AM
[ReportManager] Element Action [GetText] successfully performed. With the following test data [chained type 2345]. @12-10-2021 02:03:34.0382 AM
[ReportManager] Loaded Shared OpenCV @12-10-2021 02:03:34.0654 AM
[ReportManager] Assertion [ValidateElementAttribute] PASSED. Expected [Value Should be 'chained type 2345' for the 'text' attribute, element locator 'By.name: q'] and Actual [chained type 2345]. Comparison Type [EQUALS]. Validation Type [POSITIVE]. @12-10-2021 02:03:34.0898 AM
[ReportManager] Successfully created attachment [Screenshot - 1634004214654_chainElementActions_ValidateElementAttribute_passed] @12-10-2021 02:03:34.0900 AM
[ReportManager] Browser Action [CloseCurrentWindow] successfully performed. @12-10-2021 02:03:35.0017 AM
[ReportManager] Successfully created attachment [Browser Action Test Data - CloseCurrentWindow - Actual Value] @12-10-2021 02:03:35.0018 A

################################################################################################################################################
Starting Execution:	[128 out of 143] test cases in the current suite
Test Method:		[testPackage01.Test_JsonCompareWithSpecialCharacters.specialCharacters]
################################################################################################################################################
[ReportManager] File Action [GetAbsolutePath] successfully performed. With the following test data [Relative Folder Path: "src/test/resources/TestJsonFiles/specialCharacters.json"]. @12-10-2021 02:03:35.0048 AM
[ReportManager] File Action [ReadFromFile] successfully performed. With the following test data [File Path: "/Users/runner/work/SHAFT_ENGINE/SHAFT_ENGINE/src/test/resources/TestJsonFiles/specialCharacters.json"]. @12-10-2021 02:03:35.0061 AM
[ReportManager] Successfully created attachment [File Action Actual Result - Command Log] @12-10-2021 02:03:35.0063 AM
[ReportManager] Comparing the provided API response with the file at this path "src/test/resources/TestJsonFiles/specialCharacters.json", comparison type "EQUALS" @12-10-2021 02:03:35.0064 AM
[ReportManager] API Action [CompareJSON] successfully performed. With the following test data [src/test/resources/TestJsonFiles/specialCharacters.json]. @12-10-2021 02:03:35.0095 AM
[ReportManager] File Action [GetAbsolutePath] successfully performed. With the following test data [Relative Folder Path: "src/test/resources/TestJsonFiles/specialCharacters.json"]. @12-10-2021 02:03:35.0095 AM
[ReportManager] File Action [ReadFromFile] successfully performed. With the following test data [File Path: "/Users/runner/work/SHAFT_ENGINE/SHAFT_ENGINE/src/test/resources/TestJsonFiles/specialCharacters.json"]. @12-10-2021 02:03:35.0095 AM
[ReportManager] Verification [ValidateJSONFileContent] PASSED. Expected [Response data should match the JSON File in this path 'src/test/resources/TestJsonFiles/specialCharacters.json'] and Actual [TRUE]. Comparison Type [EQUALS]. Validation Type [POSITIVE]. @12-10-2021 02:03:35.0112 AM
[ReportManager] Successfully created attachment [Validation Test Data - Expected JSON Value] @12-10-2021 02:03:35.0117 AM
[ReportManager] Successfully created attachment [Validation Test Data - Actual JSON Value] @12-10-2021 02:03:35.0119 A

################################################################################################################################################
Starting Execution:	[129 out of 143] test cases in the current suite
Test Method:		[testPackage01.Test_JsonCompareWithSpecialCharacters.specialCharacters_assertion]
################################################################################################################################################
[ReportManager] File Action [GetAbsolutePath] successfully performed. With the following test data [Relative Folder Path: "src/test/resources/TestJsonFiles/specialCharacters.json"]. @12-10-2021 02:03:35.0130 AM
[ReportManager] File Action [ReadFromFile] successfully performed. With the following test data [File Path: "/Users/runner/work/SHAFT_ENGINE/SHAFT_ENGINE/src/test/resources/TestJsonFiles/specialCharacters.json"]. @12-10-2021 02:03:35.0130 AM
[ReportManager] Successfully created attachment [File Action Actual Result - Command Log] @12-10-2021 02:03:35.0131 AM
[ReportManager] Comparing the provided API response with the file at this path "src/test/resources/TestJsonFiles/specialCharacters.json", comparison type "CONTAINS" @12-10-2021 02:03:35.0131 AM
[ReportManager] API Action [CompareJSON] successfully performed. With the following test data [src/test/resources/TestJsonFiles/specialCharacters.json]. @12-10-2021 02:03:35.0151 AM
[ReportManager] File Action [GetAbsolutePath] successfully performed. With the following test data [Relative Folder Path: "src/test/resources/TestJsonFiles/specialCharacters.json"]. @12-10-2021 02:03:35.0151 AM
[ReportManager] File Action [ReadFromFile] successfully performed. With the following test data [File Path: "/Users/runner/work/SHAFT_ENGINE/SHAFT_ENGINE/src/test/resources/TestJsonFiles/specialCharacters.json"]. @12-10-2021 02:03:35.0151 AM
[ReportManager] Assertion Passed: trying out the log message @12-10-2021 02:03:35.0210 AM
[ReportManager] Successfully created attachment [Validation Test Data - Expected JSON Value] @12-10-2021 02:03:35.0211 AM
[ReportManager] Successfully created attachment [Validation Test Data - Actual JSON Value] @12-10-2021 02:03:35.0212 AM
[ReportManager] Assertion [ValidateJSONFileContent] PASSED. Expected [Response data should match the JSON File in this path 'src/test/resources/TestJsonFiles/specialCharacters.json'] and Actual [TRUE]. Comparison Type [CONTAINS]. Validation Type [POSITIVE]. @12-10-2021 02:03:35.0212 A

################################################################################################################################################
Starting Execution:	[130 out of 143] test cases in the current suite
Test Method:		[testPackage01.Test_SkipDueToIssue.doNotSkip]
################################################################################################################################################
[ReportManager] This should not be skipped. @12-10-2021 02:03:35.0219 A

################################################################################################################################################
Starting Execution:	[131 out of 143] test cases in the current suite
Test Method:		[testPackage01.Test_SkipDueToIssue.skip]
################################################################################################################################################
[ReportManager] This should be skipped. @12-10-2021 02:03:35.0228 A

################################################################################################################################################
Starting Execution:	[132 out of 143] test cases in the current suite
Test Method:		[testPackage01.Test_SkipDueToIssue.skip2]
################################################################################################################################################
[ReportManager] This should be skipped. @12-10-2021 02:03:35.0235 A

################################################################################################################################################
Starting Execution:	[133 out of 143] test cases in the current suite
Test Method:		[testPackage01.Test_JSONFileManager.readStringFromJson]
################################################################################################################################################
[ReportManager] Successfully loaded the following test data file [src/test/resources/TestDataFiles/simpleJSON.json]. @12-10-2021 02:03:35.0245 AM
[ReportManager] Successfully created attachment [Test Data - JSON] @12-10-2021 02:03:35.0246 AM
[ReportManager] Assertion [ValidateEquals] PASSED. Expected [Mohab Mohie] and Actual [Mohab Mohie]. Comparison Type [EQUALS]. Validation Type [POSITIVE]. @12-10-2021 02:03:35.0267 A
[ReportManager] File Action [GetAbsolutePath] successfully performed. With the following test data [Relative Folder Path: "target/downloadedFiles/"]. @12-10-2021 02:03:35.0270 AM
[ReportManager] Attempting to run locally on: [Mac-64], [Safari], Headless Execution. @12-10-2021 02:03:35.0271 AM
[ReportManager] Successfully Opened Safari. @12-10-2021 02:03:36.0178 AM
[ReportManager] Initial window size: (800, 600) @12-10-2021 02:03:36.0188 AM
[ReportManager] Window size after SWD Maximize: (1176, 811) @12-10-2021 02:03:36.0209 AM
[ReportManager] Browser Action [MaximizeWindow] successfully performed. With the following test data [New screen size is now: (1176, 811)]. @12-10-2021 02:03:36.0210 A

################################################################################################################################################
Starting Execution:	[134 out of 143] test cases in the current suite
Test Method:		[testPackage01.Test_assertEquals.test_assertElementAttribute]
################################################################################################################################################
[ReportManager] Target URL: [https://www.google.com/ncr], and after redirection: [https://www.google.com] @12-10-2021 02:03:36.0212 AM
[ReportManager] Initial URL: [] @12-10-2021 02:03:36.0268 AM
[ReportManager] Browser Action [NavigateToURL] successfully performed. With the following test data [https://www.google.com/ncr]. @12-10-2021 02:03:37.0748 AM
[ReportManager] Element Action [Type] successfully performed. With the following test data [INC_004010050:Another SCHEDULER with the same name [Duplicate Job Name] already exists.]. @12-10-2021 02:03:40.0228 AM
[ReportManager] Element Action [GetText] successfully performed. With the following test data [INC_004010050:Another SCHEDULER with the same name [Duplicate Job Name] already exists.]. @12-10-2021 02:03:40.0287 AM
[ReportManager] Loaded Shared OpenCV @12-10-2021 02:03:40.0406 AM
[ReportManager] Assertion [ValidateElementAttribute] PASSED. Expected [Value Should be 'INC_004010050:Another SCHEDULER with the same name \[Duplicate Job Name\] already exists.' for the 'text' attribute, element locator 'By.name: q'] and Actual [INC_004010050:Another SCHEDULER with the same name [Duplicate Job Name] already exists.]. Comparison Type [MATCHES]. Validation Type [POSITIVE]. @12-10-2021 02:03:40.0546 AM
[ReportManager] Successfully created attachment [Screenshot - 1634004220406_test_assertElementAttribute_ValidateElementAttribute_passed] @12-10-2021 02:03:40.0548 A
[ReportManager] Browser Action [CloseCurrentWindow] successfully performed. @12-10-2021 02:03:40.0591 AM
[ReportManager] Successfully created attachment [Browser Action Test Data - CloseCurrentWindow - Actual Value] @12-10-2021 02:03:40.0592 A
[ReportManager] File Action [GetAbsolutePath] successfully performed. With the following test data [Relative Folder Path: "target/downloadedFiles/"]. @12-10-2021 02:03:40.0598 AM
[ReportManager] Attempting to run locally on: [Mac-64], [Safari], Headless Execution. @12-10-2021 02:03:40.0600 AM
[ReportManager] Successfully Opened Safari. @12-10-2021 02:03:41.0457 AM
[ReportManager] Initial window size: (800, 600) @12-10-2021 02:03:41.0471 AM
[ReportManager] Window size after SWD Maximize: (1176, 811) @12-10-2021 02:03:41.0488 AM
[ReportManager] Browser Action [MaximizeWindow] successfully performed. With the following test data [New screen size is now: (1176, 811)]. @12-10-2021 02:03:41.0488 A

################################################################################################################################################
Starting Execution:	[135 out of 143] test cases in the current suite
Test Method:		[testPackage01.Test_IsElementClickable.testIsElementClickable]
################################################################################################################################################
[ReportManager] Target URL: [https://the-internet.herokuapp.com/] @12-10-2021 02:03:41.0492 AM
[ReportManager] Initial URL: [] @12-10-2021 02:03:41.0561 AM
[ReportManager] Browser Action [NavigateToURL] successfully performed. With the following test data [https://the-internet.herokuapp.com/]. @12-10-2021 02:03:42.0255 AM
[ReportManager] Element Action [IsElementClickable] successfully performed. @12-10-2021 02:03:42.0405 AM
[ReportManager] Assertion [ValidateTrue] PASSED. Expected [TRUE] and Actual [TRUE]. Validation Type [POSITIVE]. @12-10-2021 02:03:42.0406 A
[ReportManager] Browser Action [CloseCurrentWindow] successfully performed. @12-10-2021 02:03:42.0475 AM
[ReportManager] Successfully created attachment [Browser Action Test Data - CloseCurrentWindow - Actual Value] @12-10-2021 02:03:42.0482 A
[ReportManager] Successfully loaded the following test data file [src/test/resources/TestDataFiles/testSuite01/TestData.xlsx]. @12-10-2021 02:03:42.0547 AM
[ReportManager] Successfully created attachment [Test Data - Excel] @12-10-2021 02:03:42.0548 AM
[ReportManager] Attempting to run using Playwright locally on: [Mac-64], [Safari], Headless Execution. @12-10-2021 02:04:07.0747 AM
[ReportManager] File Action [GetAbsolutePath] successfully performed. With the following test data [Relative Folder Path: "target/downloadedFiles/"]. @12-10-2021 02:04:07.0749 AM
[ReportManager] Initial window size: (1280, 720) @12-10-2021 02:04:14.0639 AM
[ReportManager] Window size after Toolkit: com.microsoft.playwright.options.ViewportSize@1860b484 @12-10-2021 02:04:14.0649 AM
[ReportManager] Browser Action [MaximizeWindow] successfully performed. With the following test data [New screen size is now: (1920, 1080)]. @12-10-2021 02:04:14.0649 A

################################################################################################################################################
Starting Execution:	[136 out of 143] test cases in the current suite
Test Method:		[testPackage01.Test_google_playwright.navigateToURLandVerifyGoogleLogoIsDisplayed]
Test Description:	[TC001 - Navigate to URL and Verify Google Logo is Displayed]
################################################################################################################################################
[ReportManager] Target URL: [https://www.google.com/ncr], and after redirection: [https://www.google.com] @12-10-2021 02:04:14.0654 AM
[ReportManager] Initial URL: [about:blank] @12-10-2021 02:04:15.0185 AM
[ReportManager] Browser Action [NavigateToURL] successfully performed. With the following test data [https://www.google.com/ncr]. @12-10-2021 02:04:16.0813 AM
[ReportManager] Loaded Shared OpenCV @12-10-2021 02:04:16.0901 AM
[ReportManager] Assertion [ValidateElementExists] PASSED. Expected [Element Should Exist, locator 'xpath=//*[@id='hplogo' or @alt='Google']'] and Actual [Element Exists]. Comparison Type [EQUALS]. Validation Type [POSITIVE]. @12-10-2021 02:04:17.0160 AM
[ReportManager] Successfully created attachment [Screenshot - 1634004256897_navigateToURLandVerifyGoogleLogoIsDisplayed_ValidateElementExists_passed] @12-10-2021 02:04:17.0161 A

################################################################################################################################################
Starting Execution:	[137 out of 143] test cases in the current suite
Test Method:		[testPackage01.Test_google_playwright.searchForQueryandAssertResultsNumDisplayed]
Test Description:	[TC002 - Search for Query and Assert that the number of results is displayed]
################################################################################################################################################
[ReportManager] Element Action [Type] successfully performed. With the following test data [SHAFT_Engine]. @12-10-2021 02:04:17.0758 AM
[ReportManager] Element Action [KeyPress] successfully performed. With the following test data [Enter]. @12-10-2021 02:04:17.0803 AM
[ReportManager] Element Action [GetText] successfully performed. With the following test data [About 939,000 results (0.76 seconds)Â 
]. @12-10-2021 02:04:20.0087 AM
[ReportManager] Loaded Shared OpenCV @12-10-2021 02:04:20.0682 AM
[ReportManager] Assertion [ValidateElementAttribute] PASSED. Expected [Value Should not be '' for the 'text' attribute, element locator 'xpath=//div[@id='appbar']'] and Actual [About 939,000 results (0.76 seconds)Â 
]. Comparison Type [EQUALS]. Validation Type [NEGATIVE]. @12-10-2021 02:04:20.0948 AM
[ReportManager] Successfully created attachment [Screenshot - 1634004260681_searchForQueryandAssertResultsNumDisplayed_ValidateElementAttribute_passed] @12-10-2021 02:04:20.0952 A

################################################################################################################################################
Starting Execution:	[138 out of 143] test cases in the current suite
Test Method:		[testPackage01.Test_google_playwright.clickNextThrice]
Test Description:	[TC003 - Clicks the next button to make sure that the framework can scroll element into view before clicking it]
################################################################################################################################################
[ReportManager] Element Action [Click] successfully performed. With the following test data [Next]. @12-10-2021 02:04:21.0363 A
[ReportManager] Failed to find video recording. @12-10-2021 02:04:21.0381 AM
[ReportManager] Successfully Closed PlayWright Driver. @12-10-2021 02:04:21.0444 A
[ReportManager] File Action [GetAbsolutePath] successfully performed. With the following test data [Relative Folder Path: "target/downloadedFiles/"]. @12-10-2021 02:04:21.0446 AM
[ReportManager] Attempting to run locally on: [Mac-64], [Safari], Headless Execution. @12-10-2021 02:04:21.0446 AM
[ReportManager] Successfully Opened Safari. @12-10-2021 02:04:22.0463 AM
[ReportManager] Initial window size: (800, 600) @12-10-2021 02:04:22.0487 AM
[ReportManager] Window size after SWD Maximize: (1176, 811) @12-10-2021 02:04:22.0505 AM
[ReportManager] Browser Action [MaximizeWindow] successfully performed. With the following test data [New screen size is now: (1176, 811)]. @12-10-2021 02:04:22.0505 A

################################################################################################################################################
Starting Execution:	[139 out of 143] test cases in the current suite
Test Method:		[testPackage01.Test_verifyEquals.test_assertElementAttribute]
################################################################################################################################################
[ReportManager] Target URL: [https://www.google.com/ncr], and after redirection: [https://www.google.com] @12-10-2021 02:04:22.0508 AM
[ReportManager] Initial URL: [] @12-10-2021 02:04:22.0573 AM
[ReportManager] Browser Action [NavigateToURL] successfully performed. With the following test data [https://www.google.com/ncr]. @12-10-2021 02:04:23.0704 AM
[ReportManager] Element Action [Type] successfully performed. With the following test data [INC_004010050:Another SCHEDULER with the same name [Duplicate Job Name] already exists.]. @12-10-2021 02:04:26.0330 AM
[ReportManager] Element Action [GetText] successfully performed. With the following test data [INC_004010050:Another SCHEDULER with the same name [Duplicate Job Name] already exists.]. @12-10-2021 02:04:26.0387 AM
[ReportManager] Loaded Shared OpenCV @12-10-2021 02:04:26.0457 AM
[ReportManager] Verification [ValidateElementAttribute] PASSED. Expected [Value Should be 'INC_004010050:Another SCHEDULER with the same name \[Duplicate Job Name\] already exists.' for the 'text' attribute, element locator 'By.name: q'] and Actual [INC_004010050:Another SCHEDULER with the same name [Duplicate Job Name] already exists.]. Comparison Type [MATCHES]. Validation Type [POSITIVE]. @12-10-2021 02:04:26.0550 AM
[ReportManager] Successfully created attachment [Screenshot - 1634004266457_test_assertElementAttribute_ValidateElementAttribute_passed] @12-10-2021 02:04:26.0552 A
[ReportManager] Browser Action [CloseCurrentWindow] successfully performed. @12-10-2021 02:04:26.0678 AM
[ReportManager] Successfully created attachment [Browser Action Test Data - CloseCurrentWindow - Actual Value] @12-10-2021 02:04:26.0678 A

################################################################################################################################################
Starting Execution:	[140 out of 143] test cases in the current suite
Test Method:		[testPackage01.Test_SelectedValue.multipleSelect]
################################################################################################################################################
[ReportManager] File Action [GetAbsolutePath] successfully performed. With the following test data [Relative Folder Path: "target/downloadedFiles/"]. @12-10-2021 02:04:26.0684 AM
[ReportManager] Attempting to run locally on: [Mac-64], [GoogleChrome], Headless Execution. @12-10-2021 02:04:26.0684 AM
[ReportManager] Identifying OS/Driver combination and selecting the correct driver version automatically. Please note that if a new driver executable will be downloaded it may take some time... @12-10-2021 02:04:26.0685 AM
[ReportManager] Successfully Opened Google Chrome. @12-10-2021 02:04:27.0357 AM
[ReportManager] Initial window size: (800, 600) @12-10-2021 02:04:27.0371 AM
[ReportManager] Window size after SWD Maximize: (800, 600) @12-10-2021 02:04:27.0508 AM
[ReportManager] Window size after Toolkit: (1920, 1080) @12-10-2021 02:04:27.0945 AM
[ReportManager] Browser Action [MaximizeWindow] successfully performed. With the following test data [New screen size is now: (1920, 1080)]. @12-10-2021 02:04:27.0947 AM
[ReportManager] Target URL: [https://yari-demos.prod.mdn.mozit.cloud/en-US/docs/Web/HTML/Element/select/_sample_.Advanced_select_with_multiple_features.html] @12-10-2021 02:04:27.0947 AM
[ReportManager] Initial URL: [data:,] @12-10-2021 02:04:27.0983 AM
[ReportManager] Browser Action [NavigateToURL] successfully performed. With the following test data [https://yari-demos.prod.mdn.mozit.cloud/en-US/docs/Web/HTML/Element/select/_sample_.Advanced_select_with_multiple_features.html]. @12-10-2021 02:04:28.0282 AM
[ReportManager] Element Action [Select] successfully performed. With the following test data [Dog]. @12-10-2021 02:04:28.0512 AM
[ReportManager] Element Action [Select] successfully performed. With the following test data [Cat]. @12-10-2021 02:04:28.0735 AM
[ReportManager] Element Action [GetSelectedText] successfully performed. With the following test data [DogCat]. @12-10-2021 02:04:28.0853 AM
[ReportManager] DogCat @12-10-2021 02:04:28.0853 AM
[ReportManager] Element Action [GetSelectedText] successfully performed. With the following test data [DogCat]. @12-10-2021 02:04:28.0962 AM
[ReportManager] Loaded Shared OpenCV @12-10-2021 02:04:32.0032 AM
[ReportManager] Assertion [ValidateElementAttribute] PASSED. Expected [Value Should be 'DogCat' for the 'selectedText' attribute, element locator 'By.tagName: select'] and Actual [DogCat]. Comparison Type [EQUALS]. Validation Type [POSITIVE]. @12-10-2021 02:04:32.0230 AM
[ReportManager] Successfully created attachment [Screenshot - 1634004272032_multipleSelect_ValidateElementAttribute_passed] @12-10-2021 02:04:32.0231 AM
[ReportManager] Browser Action [CloseCurrentWindow] successfully performed. @12-10-2021 02:04:32.0329 AM
[ReportManager] Successfully created attachment [Browser Action Test Data - CloseCurrentWindow - Actual Value] @12-10-2021 02:04:32.0330 A

################################################################################################################################################
Starting Execution:	[141 out of 143] test cases in the current suite
Test Method:		[testPackage01.Test_SelectedValue.simpleSelect]
################################################################################################################################################
[ReportManager] File Action [GetAbsolutePath] successfully performed. With the following test data [Relative Folder Path: "target/downloadedFiles/"]. @12-10-2021 02:04:32.0336 AM
[ReportManager] Attempting to run locally on: [Mac-64], [GoogleChrome], Headless Execution. @12-10-2021 02:04:32.0336 AM
[ReportManager] Identifying OS/Driver combination and selecting the correct driver version automatically. Please note that if a new driver executable will be downloaded it may take some time... @12-10-2021 02:04:32.0336 AM
[ReportManager] Successfully Opened Google Chrome. @12-10-2021 02:04:32.0964 AM
[ReportManager] Initial window size: (800, 600) @12-10-2021 02:04:32.0970 AM
[ReportManager] Window size after SWD Maximize: (800, 600) @12-10-2021 02:04:33.0111 AM
[ReportManager] Window size after Toolkit: (1920, 1080) @12-10-2021 02:04:33.0494 AM
[ReportManager] Browser Action [MaximizeWindow] successfully performed. With the following test data [New screen size is now: (1920, 1080)]. @12-10-2021 02:04:33.0496 AM
[ReportManager] Target URL: [https://yari-demos.prod.mdn.mozit.cloud/en-US/docs/Web/HTML/Element/select/_sample_.Basic_select.html] @12-10-2021 02:04:33.0496 AM
[ReportManager] Initial URL: [data:,] @12-10-2021 02:04:33.0531 AM
[ReportManager] Browser Action [NavigateToURL] successfully performed. With the following test data [https://yari-demos.prod.mdn.mozit.cloud/en-US/docs/Web/HTML/Element/select/_sample_.Basic_select.html]. @12-10-2021 02:04:33.0739 AM
[ReportManager] Element Action [Select] successfully performed. With the following test data [Third Value]. @12-10-2021 02:04:33.0988 AM
[ReportManager] Element Action [GetSelectedText] successfully performed. With the following test data [Third Value]. @12-10-2021 02:04:34.0068 AM
[ReportManager] Third Value @12-10-2021 02:04:34.0068 AM
[ReportManager] Element Action [GetSelectedText] successfully performed. With the following test data [Third Value]. @12-10-2021 02:04:34.0141 AM
[ReportManager] Loaded Shared OpenCV @12-10-2021 02:04:34.0551 AM
[ReportManager] Assertion [ValidateElementAttribute] PASSED. Expected [Value Should be 'Third Value' for the 'selectedText' attribute, element locator 'By.tagName: select'] and Actual [Third Value]. Comparison Type [EQUALS]. Validation Type [POSITIVE]. @12-10-2021 02:04:34.0713 AM
[ReportManager] Successfully created attachment [Screenshot - 1634004274551_simpleSelect_ValidateElementAttribute_passed] @12-10-2021 02:04:34.0714 AM
[ReportManager] Browser Action [CloseCurrentWindow] successfully performed. @12-10-2021 02:04:34.0940 AM
[ReportManager] Successfully created attachment [Browser Action Test Data - CloseCurrentWindow - Actual Value] @12-10-2021 02:04:34.0941 A
[ReportManager] File Action [GetAbsolutePath] successfully performed. With the following test data [Relative Folder Path: "target/downloadedFiles/"]. @12-10-2021 02:04:34.0944 AM
[ReportManager] Attempting to run locally on: [Mac-64], [Safari], Headless Execution. @12-10-2021 02:04:34.0944 AM
[ReportManager] Successfully Opened Safari. @12-10-2021 02:04:35.0704 AM
[ReportManager] Initial window size: (800, 600) @12-10-2021 02:04:35.0724 AM
[ReportManager] Window size after SWD Maximize: (1176, 811) @12-10-2021 02:04:35.0741 AM
[ReportManager] Browser Action [MaximizeWindow] successfully performed. With the following test data [New screen size is now: (1176, 811)]. @12-10-2021 02:04:35.0741 A

################################################################################################################################################
Starting Execution:	[142 out of 143] test cases in the current suite
Test Method:		[testPackage01.Test_dynamicLoading.dynamicLoading_elementIsHidden]
################################################################################################################################################
[ReportManager] Target URL: [https://the-internet.herokuapp.com/dynamic_loading/1] @12-10-2021 02:04:35.0750 AM
[ReportManager] Initial URL: [] @12-10-2021 02:04:35.0795 AM
[ReportManager] Browser Action [NavigateToURL] successfully performed. With the following test data [https://the-internet.herokuapp.com/dynamic_loading/1]. @12-10-2021 02:04:36.0589 AM
[ReportManager] Element Action [Click] successfully performed. With the following test data [Start]. @12-10-2021 02:04:36.0959 AM
[ReportManager] Element Action [GetText] successfully performed. With the following test data [
    Hello World!
  ]. @12-10-2021 02:04:37.0040 A
[ReportManager] Browser Action [CloseCurrentWindow] successfully performed. @12-10-2021 02:04:37.0154 AM
[ReportManager] Successfully created attachment [Browser Action Test Data - CloseCurrentWindow - Actual Value] @12-10-2021 02:04:37.0155 A
[ReportManager] File Action [GetAbsolutePath] successfully performed. With the following test data [Relative Folder Path: "target/downloadedFiles/"]. @12-10-2021 02:04:37.0158 AM
[ReportManager] Attempting to run locally on: [Mac-64], [Safari], Headless Execution. @12-10-2021 02:04:37.0158 AM
[ReportManager] Successfully Opened Safari. @12-10-2021 02:04:38.0072 AM
[ReportManager] Initial window size: (800, 600) @12-10-2021 02:04:38.0096 AM
[ReportManager] Window size after SWD Maximize: (1176, 811) @12-10-2021 02:04:38.0123 AM
[ReportManager] Browser Action [MaximizeWindow] successfully performed. With the following test data [New screen size is now: (1176, 811)]. @12-10-2021 02:04:38.0123 A

################################################################################################################################################
Starting Execution:	[143 out of 143] test cases in the current suite
Test Method:		[testPackage01.Test_dynamicLoading.dynamicLoading_elementIsRendered]
################################################################################################################################################
[ReportManager] Target URL: [https://the-internet.herokuapp.com/dynamic_loading/2] @12-10-2021 02:04:38.0128 AM
[ReportManager] Initial URL: [] @12-10-2021 02:04:38.0201 AM
[ReportManager] Browser Action [NavigateToURL] successfully performed. With the following test data [https://the-internet.herokuapp.com/dynamic_loading/2]. @12-10-2021 02:04:38.0946 AM
[ReportManager] Element Action [Click] successfully performed. With the following test data [Start]. @12-10-2021 02:04:39.0327 AM
[ReportManager] Element Action [GetText] successfully performed. With the following test data [Hello World!]. @12-10-2021 02:04:44.0840 AM
[ReportManager] Loaded Shared OpenCV @12-10-2021 02:04:44.0901 AM
[ReportManager] Assertion [ValidateElementAttribute] PASSED. Expected [Value Should be 'Hello World!' for the 'text' attribute, element locator 'By.id: finish'] and Actual [Hello World!]. Comparison Type [CONTAINS]. Validation Type [POSITIVE]. @12-10-2021 02:04:44.0990 AM
[ReportManager] Successfully created attachment [Screenshot - 1634004284901_dynamicLoading_elementIsRendered_ValidateElementAttribute_passed] @12-10-2021 02:04:44.0991 A
[ReportManager] Browser Action [CloseCurrentWindow] successfully performed. @12-10-2021 02:04:45.0082 AM
[ReportManager] Successfully created attachment [Browser Action Test Data - CloseCurrentWindow - Actual Value] @12-10-2021 02:04:45.0083 A

################################################################################################################################################
Test Closure Activities
################################################################################################################################################
[ReportManager] Successfully created attachment [SHAFT Engine Logs - Execution log] @12-10-2021 02:04:45.0119 AM

################################################################################################################################################
This test run was powered by SHAFT Engine Version: [SHAFT Engine v5.4.20211011]
SHAFT Engine is licensed under the MIT License: [https://github.com/MohabMohie/SHAFT_ENGINE/blob/master/LICENSE].
################################################################################################################################################