################################################################################################################################################
Detected SHAFT Engine Version: [SHAFT Engine v6.1.20220113]
################################################################################################################################################
[ReportManager] File Action [GetAbsolutePath] successfully performed. With the following test data [Relative Folder Path: "target/downloadedFiles/"]. @01-03-2022 02:10:05.0539 AM
[ReportManager] Attempting to run locally on: [Mac-64], [Safari], Headless Execution. @01-03-2022 02:10:05.0553 AM
[ReportManager] Successfully Opened Safari. @01-03-2022 02:10:11.0004 AM
[ReportManager] Initial window size: (800, 600) @01-03-2022 02:10:11.0075 AM
[ReportManager] Window size after SWD Maximize: (1176, 802) @01-03-2022 02:10:11.0130 AM
[ReportManager] Browser Action [MaximizeWindow] successfully performed. With the following test data [New screen size is now: (1176, 802)]. @01-03-2022 02:10:11.0153 A

################################################################################################################################################
Starting Execution:	[1 out of 165] test cases in the current suite
Test Method:		[unitTests.tests_element_elementActions.waitForElementToBePresent_false_expectedToFail]
################################################################################################################################################
[ReportManager] Target URL: [https://www.google.com/ncr], and after redirection: [www.google.com] @01-03-2022 02:10:11.0303 AM
[ReportManager] Initial URL: [] @01-03-2022 02:10:11.0368 AM
[ReportManager] Browser Action [NavigateToURL] successfully performed. With the following test data [https://www.google.com/ncr]. @01-03-2022 02:10:15.0049 AM
[ReportManager] Waiting for element to be present; elementLocator [By.xpath: //*[@id='hplogo' or @alt='Google']], numberOfTries[1], stateOfPresence[false]... @01-03-2022 02:10:15.0075 AM
[ReportManager] Element Action [WaitForElementToBePresent] failed. With the following test data [waited for the element's state of presence to be (false). Element locator (By.xpath: //*[@id='hplogo' or @alt='Google'])]. @01-03-2022 02:10:17.0378 AM
[ReportManager] Successfully created attachment [Screenshot - 1646100615573_waitForElementToBePresent_false_expectedToFail_WaitForElementToBePresent_failed] @01-03-2022 02:10:17.0392 A
[ReportManager] Browser Action [CloseCurrentWindow] successfully performed. @01-03-2022 02:10:17.0556 AM
[ReportManager] Successfully created attachment [Browser Action Test Data - CloseCurrentWindow - Actual Value] @01-03-2022 02:10:17.0558 A
[ReportManager] File Action [GetAbsolutePath] successfully performed. With the following test data [Relative Folder Path: "target/downloadedFiles/"]. @01-03-2022 02:10:17.0573 AM
[ReportManager] Attempting to run locally on: [Mac-64], [Safari], Headless Execution. @01-03-2022 02:10:17.0573 AM
[ReportManager] Successfully Opened Safari. @01-03-2022 02:10:18.0585 AM
[ReportManager] Initial window size: (800, 600) @01-03-2022 02:10:18.0609 AM
[ReportManager] Window size after SWD Maximize: (1176, 803) @01-03-2022 02:10:18.0650 AM
[ReportManager] Browser Action [MaximizeWindow] successfully performed. With the following test data [New screen size is now: (1176, 803)]. @01-03-2022 02:10:18.0651 A

################################################################################################################################################
Starting Execution:	[2 out of 165] test cases in the current suite
Test Method:		[unitTests.tests_element_elementActions.waitForElementToBePresent_false_expectedToPass]
################################################################################################################################################
[ReportManager] Target URL: [https://www.google.com/ncr], and after redirection: [www.google.com] @01-03-2022 02:10:18.0819 AM
[ReportManager] Initial URL: [] @01-03-2022 02:10:18.0891 AM
[ReportManager] Browser Action [NavigateToURL] successfully performed. With the following test data [https://www.google.com/ncr]. @01-03-2022 02:10:21.0919 AM
[ReportManager] Waiting for element to be present; elementLocator [By.id: bla], numberOfTries[1], stateOfPresence[false]... @01-03-2022 02:10:21.0919 AM
[ReportManager] org.openqa.selenium.TimeoutException:
Expected condition failed: waiting for com.shaft.gui.element.ElementActionsHelper$$Lambda$641/0x000000080114c930@61c644fe (tried for 5 second(s) with 1000 milliseconds interval)
org.openqa.selenium.support.ui.FluentWait.timeoutException(FluentWait.java:263)
org.openqa.selenium.support.ui.FluentWait.until(FluentWait.java:231)
com.shaft.gui.element.ElementActionsHelper.waitForElementPresence(ElementActionsHelper.java:89)
com.shaft.gui.element.ElementActionsHelper.waitForElementPresence(ElementActionsHelper.java:37)
com.shaft.gui.element.WebDriverElementActions.getMatchingElementsCount(WebDriverElementActions.java:1481)
com.shaft.gui.element.WebDriverElementActions.waitForElementToBePresent(WebDriverElementActions.java:1295)
com.shaft.gui.element.ElementActions.waitForElementToBePresent(ElementActions.java:630)
unitTests.tests_element_elementActions.waitForElementToBePresent_false_expectedToPass(tests_element_elementActions.java:64)
java.base/jdk.internal.reflect.NativeMethodAccessorImpl.invoke0(Native Method)
java.base/jdk.internal.reflect.NativeMethodAccessorImpl.invoke(NativeMethodAccessorImpl.java:77)
java.base/jdk.internal.reflect.DelegatingMethodAccessorImpl.invoke(DelegatingMethodAccessorImpl.java:43)
java.base/java.lang.reflect.Method.invoke(Method.java:568)
org.testng.internal.invokers.MethodInvocationHelper.invokeMethod(MethodInvocationHelper.java:135)
org.testng.internal.invokers.TestInvoker.invokeMethod(TestInvoker.java:673)
org.testng.internal.invokers.TestInvoker.invokeTestMethod(TestInvoker.java:220)
org.testng.internal.invokers.MethodRunner.runInSequence(MethodRunner.java:50)
org.testng.internal.invokers.TestInvoker$MethodInvocationAgent.invoke(TestInvoker.java:945)
org.testng.internal.invokers.TestInvoker.invokeTestMethods(TestInvoker.java:193)
org.testng.internal.invokers.TestMethodWorker.invokeTestMethods(TestMethodWorker.java:146)
org.testng.internal.invokers.TestMethodWorker.run(TestMethodWorker.java:128)
java.base/java.util.ArrayList.forEach(ArrayList.java:1511)
org.testng.TestRunner.privateRun(TestRunner.java:808)
org.testng.TestRunner.run(TestRunner.java:603)
org.testng.SuiteRunner.runTest(SuiteRunner.java:429)
org.testng.SuiteRunner.runSequentially(SuiteRunner.java:423)
org.testng.SuiteRunner.privateRun(SuiteRunner.java:383)
org.testng.SuiteRunner.run(SuiteRunner.java:326)
org.testng.SuiteRunnerWorker.runSuite(SuiteRunnerWorker.java:52)
org.testng.SuiteRunnerWorker.run(SuiteRunnerWorker.java:95)
org.testng.TestNG.runSuitesSequentially(TestNG.java:1249)
org.testng.TestNG.runSuitesLocally(TestNG.java:1169)
org.testng.TestNG.runSuites(TestNG.java:1092)
org.testng.TestNG.run(TestNG.java:1060)
org.apache.maven.surefire.testng.TestNGExecutor.run(TestNGExecutor.java:136)
org.apache.maven.surefire.testng.TestNGDirectoryTestSuite.executeMulti(TestNGDirectoryTestSuite.java:193)
org.apache.maven.surefire.testng.TestNGDirectoryTestSuite.execute(TestNGDirectoryTestSuite.java:94)
org.apache.maven.surefire.testng.TestNGProvider.invoke(TestNGProvider.java:145)
org.apache.maven.surefire.booter.ForkedBooter.runSuitesInProcess(ForkedBooter.java:428)
org.apache.maven.surefire.booter.ForkedBooter.execute(ForkedBooter.java:162)
org.apache.maven.surefire.booter.ForkedBooter.run(ForkedBooter.java:562)
org.apache.maven.surefire.booter.ForkedBooter.main(ForkedBooter.java:548)

Caused by: org.openqa.selenium.NoSuchElementException:
For documentation on this error, please visit: https://selenium.dev/exceptions/#no_such_element
Build info: version: '4.1.2', revision: '9a5a329c5a'
System info: host: 'Mac-1646100457726.local', ip: '10.212.6.235', os.name: 'Mac OS X', os.arch: 'x86_64', os.version: '11.6.4', java.version: '17.0.2'
Driver info: org.openqa.selenium.safari.SafariDriver
Command: [5E416469-FB22-4923-9036-706558E87D0C, findElement {using=id, value=bla}]
Capabilities {acceptInsecureCerts: false, browserName: Safari, browserVersion: 15.3, goog:loggingPrefs: {browser: ALL, client: ALL, driver: ALL, performance: ALL, profiler: ALL, server: ALL}, javascriptEnabled: true, pageLoadStrategy: normal, platform: MAC, platformName: MAC, safari:automaticInspection: false, safari:automaticProfiling: false, safari:diagnose: false, safari:platformBuildVersion: 20G417, safari:platformVersion: 11.6.4, safari:useSimulator: false, setWindowRect: true, strictFileInteractability: false, timeouts: {pageLoad: 30000, script: 30000}, webkit:WebRTC: {DisableICECandidateFiltering: false, DisableInsecureMediaCapture: false}}
Session ID: 5E416469-FB22-4923-9036-706558E87D0C
java.base/jdk.internal.reflect.NativeConstructorAccessorImpl.newInstance0(Native Method)
java.base/jdk.internal.reflect.NativeConstructorAccessorImpl.newInstance(NativeConstructorAccessorImpl.java:77)
java.base/jdk.internal.reflect.DelegatingConstructorAccessorImpl.newInstance(DelegatingConstructorAccessorImpl.java:45)
java.base/java.lang.reflect.Constructor.newInstanceWithCaller(Constructor.java:499)
java.base/java.lang.reflect.Constructor.newInstance(Constructor.java:480)
org.openqa.selenium.remote.codec.w3c.W3CHttpResponseCodec.createException(W3CHttpResponseCodec.java:200)
org.openqa.selenium.remote.codec.w3c.W3CHttpResponseCodec.decode(W3CHttpResponseCodec.java:133)
org.openqa.selenium.remote.codec.w3c.W3CHttpResponseCodec.decode(W3CHttpResponseCodec.java:53)
org.openqa.selenium.remote.HttpCommandExecutor.execute(HttpCommandExecutor.java:184)
org.openqa.selenium.remote.service.DriverCommandExecutor.invokeExecute(DriverCommandExecutor.java:167)
org.openqa.selenium.remote.service.DriverCommandExecutor.execute(DriverCommandExecutor.java:142)
org.openqa.selenium.remote.RemoteWebDriver.execute(RemoteWebDriver.java:558)
org.openqa.selenium.remote.ElementLocation$ElementFinder$2.findElement(ElementLocation.java:162)
org.openqa.selenium.remote.ElementLocation.findElement(ElementLocation.java:60)
org.openqa.selenium.remote.RemoteWebDriver.findElement(RemoteWebDriver.java:382)
org.openqa.selenium.remote.RemoteWebDriver.findElement(RemoteWebDriver.java:374)
com.shaft.gui.element.ElementActionsHelper.lambda$waitForElementPresence$0(ElementActionsHelper.java:92)
org.openqa.selenium.support.ui.FluentWait.until(FluentWait.java:208)
com.shaft.gui.element.ElementActionsHelper.waitForElementPresence(ElementActionsHelper.java:89)
com.shaft.gui.element.ElementActionsHelper.waitForElementPresence(ElementActionsHelper.java:37)
com.shaft.gui.element.WebDriverElementActions.getMatchingElementsCount(WebDriverElementActions.java:1481)
com.shaft.gui.element.WebDriverElementActions.waitForElementToBePresent(WebDriverElementActions.java:1295)
com.shaft.gui.element.ElementActions.waitForElementToBePresent(ElementActions.java:630)
unitTests.tests_element_elementActions.waitForElementToBePresent_false_expectedToPass(tests_element_elementActions.java:64)
java.base/jdk.internal.reflect.NativeMethodAccessorImpl.invoke0(Native Method)
java.base/jdk.internal.reflect.NativeMethodAccessorImpl.invoke(NativeMethodAccessorImpl.java:77)
java.base/jdk.internal.reflect.DelegatingMethodAccessorImpl.invoke(DelegatingMethodAccessorImpl.java:43)
java.base/java.lang.reflect.Method.invoke(Method.java:568)
org.testng.internal.invokers.MethodInvocationHelper.invokeMethod(MethodInvocationHelper.java:135)
org.testng.internal.invokers.TestInvoker.invokeMethod(TestInvoker.java:673)
org.testng.internal.invokers.TestInvoker.invokeTestMethod(TestInvoker.java:220)
org.testng.internal.invokers.MethodRunner.runInSequence(MethodRunner.java:50)
org.testng.internal.invokers.TestInvoker$MethodInvocationAgent.invoke(TestInvoker.java:945)
org.testng.internal.invokers.TestInvoker.invokeTestMethods(TestInvoker.java:193)
org.testng.internal.invokers.TestMethodWorker.invokeTestMethods(TestMethodWorker.java:146)
org.testng.internal.invokers.TestMethodWorker.run(TestMethodWorker.java:128)
java.base/java.util.ArrayList.forEach(ArrayList.java:1511)
org.testng.TestRunner.privateRun(TestRunner.java:808)
org.testng.TestRunner.run(TestRunner.java:603)
org.testng.SuiteRunner.runTest(SuiteRunner.java:429)
org.testng.SuiteRunner.runSequentially(SuiteRunner.java:423)
org.testng.SuiteRunner.privateRun(SuiteRunner.java:383)
org.testng.SuiteRunner.run(SuiteRunner.java:326)
org.testng.SuiteRunnerWorker.runSuite(SuiteRunnerWorker.java:52)
org.testng.SuiteRunnerWorker.run(SuiteRunnerWorker.java:95)
org.testng.TestNG.runSuitesSequentially(TestNG.java:1249)
org.testng.TestNG.runSuitesLocally(TestNG.java:1169)
org.testng.TestNG.runSuites(TestNG.java:1092)
org.testng.TestNG.run(TestNG.java:1060)
org.apache.maven.surefire.testng.TestNGExecutor.run(TestNGExecutor.java:136)
org.apache.maven.surefire.testng.TestNGDirectoryTestSuite.executeMulti(TestNGDirectoryTestSuite.java:193)
org.apache.maven.surefire.testng.TestNGDirectoryTestSuite.execute(TestNGDirectoryTestSuite.java:94)
org.apache.maven.surefire.testng.TestNGProvider.invoke(TestNGProvider.java:145)
org.apache.maven.surefire.booter.ForkedBooter.runSuitesInProcess(ForkedBooter.java:428)
org.apache.maven.surefire.booter.ForkedBooter.execute(ForkedBooter.java:162)
org.apache.maven.surefire.booter.ForkedBooter.run(ForkedBooter.java:562)
org.apache.maven.surefire.booter.ForkedBooter.main(ForkedBooter.java:548) @01-03-2022 02:10:27.0176 AM
[ReportManager] Element Action [WaitForElementToBePresent] successfully performed. With the following test data [waited for the element's state of presence to be (false). Element locator (By.id: bla)]. @01-03-2022 02:10:27.0177 A
[ReportManager] Browser Action [CloseCurrentWindow] successfully performed. @01-03-2022 02:10:27.0524 AM
[ReportManager] Successfully created attachment [Browser Action Test Data - CloseCurrentWindow - Actual Value] @01-03-2022 02:10:27.0525 A
[ReportManager] File Action [GetAbsolutePath] successfully performed. With the following test data [Relative Folder Path: "target/downloadedFiles/"]. @01-03-2022 02:10:27.0532 AM
[ReportManager] Attempting to run locally on: [Mac-64], [Safari], Headless Execution. @01-03-2022 02:10:27.0533 AM
[ReportManager] Successfully Opened Safari. @01-03-2022 02:10:28.0403 AM
[ReportManager] Initial window size: (800, 600) @01-03-2022 02:10:28.0428 AM
[ReportManager] Window size after SWD Maximize: (1176, 803) @01-03-2022 02:10:28.0460 AM
[ReportManager] Browser Action [MaximizeWindow] successfully performed. With the following test data [New screen size is now: (1176, 803)]. @01-03-2022 02:10:28.0460 A

################################################################################################################################################
Starting Execution:	[3 out of 165] test cases in the current suite
Test Method:		[unitTests.tests_element_elementActions.waitForElementToBePresent_moreThanOneElement_expectedToFail]
################################################################################################################################################
[ReportManager] Target URL: [https://www.google.com/ncr], and after redirection: [www.google.com] @01-03-2022 02:10:28.0466 AM
[ReportManager] Initial URL: [] @01-03-2022 02:10:28.0517 AM
[ReportManager] Browser Action [NavigateToURL] successfully performed. With the following test data [https://www.google.com/ncr]. @01-03-2022 02:10:31.0286 AM
[ReportManager] Waiting for element to be present; elementLocator [By.xpath: //*], numberOfTries[1], stateOfPresence[false]... @01-03-2022 02:10:31.0287 AM
[ReportManager] Element Action [WaitForElementToBePresent] failed. With the following test data [waited for the element's state of presence to be (false). Element locator (By.xpath: //*)]. @01-03-2022 02:10:31.0580 AM
[ReportManager] Successfully created attachment [Screenshot - 1646100631388_waitForElementToBePresent_moreThanOneElement_expectedToFail_WaitForElementToBePresent_failed] @01-03-2022 02:10:31.0585 A
[ReportManager] Browser Action [CloseCurrentWindow] successfully performed. @01-03-2022 02:10:31.0954 AM
[ReportManager] Successfully created attachment [Browser Action Test Data - CloseCurrentWindow - Actual Value] @01-03-2022 02:10:31.0955 A
[ReportManager] File Action [GetAbsolutePath] successfully performed. With the following test data [Relative Folder Path: "target/downloadedFiles/"]. @01-03-2022 02:10:31.0961 AM
[ReportManager] Attempting to run locally on: [Mac-64], [Safari], Headless Execution. @01-03-2022 02:10:31.0961 AM
[ReportManager] Successfully Opened Safari. @01-03-2022 02:10:32.0853 AM
[ReportManager] Initial window size: (800, 600) @01-03-2022 02:10:32.0871 AM
[ReportManager] Window size after SWD Maximize: (1176, 803) @01-03-2022 02:10:32.0894 AM
[ReportManager] Browser Action [MaximizeWindow] successfully performed. With the following test data [New screen size is now: (1176, 803)]. @01-03-2022 02:10:32.0895 A

################################################################################################################################################
Starting Execution:	[4 out of 165] test cases in the current suite
Test Method:		[unitTests.tests_element_elementActions.waitForElementToBePresent_true_expectedToFail]
################################################################################################################################################
[ReportManager] Target URL: [https://www.google.com/ncr], and after redirection: [www.google.com] @01-03-2022 02:10:32.0899 AM
[ReportManager] Initial URL: [] @01-03-2022 02:10:32.0979 AM
[ReportManager] Browser Action [NavigateToURL] successfully performed. With the following test data [https://www.google.com/ncr]. @01-03-2022 02:10:35.0790 AM
[ReportManager] Waiting for element to be present; elementLocator [By.id: bla], numberOfTries[1], stateOfPresence[true]... @01-03-2022 02:10:35.0790 AM
[ReportManager] org.openqa.selenium.TimeoutException:
Expected condition failed: waiting for com.shaft.gui.element.ElementActionsHelper$$Lambda$641/0x000000080114c930@4e9d1119 (tried for 5 second(s) with 1000 milliseconds interval)
org.openqa.selenium.support.ui.FluentWait.timeoutException(FluentWait.java:263)
org.openqa.selenium.support.ui.FluentWait.until(FluentWait.java:231)
com.shaft.gui.element.ElementActionsHelper.waitForElementPresence(ElementActionsHelper.java:89)
com.shaft.gui.element.ElementActionsHelper.waitForElementPresence(ElementActionsHelper.java:37)
com.shaft.gui.element.WebDriverElementActions.getMatchingElementsCount(WebDriverElementActions.java:1481)
com.shaft.gui.element.WebDriverElementActions.waitForElementToBePresent(WebDriverElementActions.java:1295)
com.shaft.gui.element.ElementActions.waitForElementToBePresent(ElementActions.java:630)
unitTests.tests_element_elementActions.waitForElementToBePresent_true_expectedToFail(tests_element_elementActions.java:55)
java.base/jdk.internal.reflect.NativeMethodAccessorImpl.invoke0(Native Method)
java.base/jdk.internal.reflect.NativeMethodAccessorImpl.invoke(NativeMethodAccessorImpl.java:77)
java.base/jdk.internal.reflect.DelegatingMethodAccessorImpl.invoke(DelegatingMethodAccessorImpl.java:43)
java.base/java.lang.reflect.Method.invoke(Method.java:568)
org.testng.internal.invokers.MethodInvocationHelper.invokeMethod(MethodInvocationHelper.java:135)
org.testng.internal.invokers.TestInvoker.invokeMethod(TestInvoker.java:673)
org.testng.internal.invokers.TestInvoker.invokeTestMethod(TestInvoker.java:220)
org.testng.internal.invokers.MethodRunner.runInSequence(MethodRunner.java:50)
org.testng.internal.invokers.TestInvoker$MethodInvocationAgent.invoke(TestInvoker.java:945)
org.testng.internal.invokers.TestInvoker.invokeTestMethods(TestInvoker.java:193)
org.testng.internal.invokers.TestMethodWorker.invokeTestMethods(TestMethodWorker.java:146)
org.testng.internal.invokers.TestMethodWorker.run(TestMethodWorker.java:128)
java.base/java.util.ArrayList.forEach(ArrayList.java:1511)
org.testng.TestRunner.privateRun(TestRunner.java:808)
org.testng.TestRunner.run(TestRunner.java:603)
org.testng.SuiteRunner.runTest(SuiteRunner.java:429)
org.testng.SuiteRunner.runSequentially(SuiteRunner.java:423)
org.testng.SuiteRunner.privateRun(SuiteRunner.java:383)
org.testng.SuiteRunner.run(SuiteRunner.java:326)
org.testng.SuiteRunnerWorker.runSuite(SuiteRunnerWorker.java:52)
org.testng.SuiteRunnerWorker.run(SuiteRunnerWorker.java:95)
org.testng.TestNG.runSuitesSequentially(TestNG.java:1249)
org.testng.TestNG.runSuitesLocally(TestNG.java:1169)
org.testng.TestNG.runSuites(TestNG.java:1092)
org.testng.TestNG.run(TestNG.java:1060)
org.apache.maven.surefire.testng.TestNGExecutor.run(TestNGExecutor.java:136)
org.apache.maven.surefire.testng.TestNGDirectoryTestSuite.executeMulti(TestNGDirectoryTestSuite.java:193)
org.apache.maven.surefire.testng.TestNGDirectoryTestSuite.execute(TestNGDirectoryTestSuite.java:94)
org.apache.maven.surefire.testng.TestNGProvider.invoke(TestNGProvider.java:145)
org.apache.maven.surefire.booter.ForkedBooter.runSuitesInProcess(ForkedBooter.java:428)
org.apache.maven.surefire.booter.ForkedBooter.execute(ForkedBooter.java:162)
org.apache.maven.surefire.booter.ForkedBooter.run(ForkedBooter.java:562)
org.apache.maven.surefire.booter.ForkedBooter.main(ForkedBooter.java:548)

Caused by: org.openqa.selenium.NoSuchElementException:
For documentation on this error, please visit: https://selenium.dev/exceptions/#no_such_element
Build info: version: '4.1.2', revision: '9a5a329c5a'
System info: host: 'Mac-1646100457726.local', ip: '10.212.6.235', os.name: 'Mac OS X', os.arch: 'x86_64', os.version: '11.6.4', java.version: '17.0.2'
Driver info: org.openqa.selenium.safari.SafariDriver
Command: [FCB681E8-7C46-47E0-8003-805C22490964, findElement {using=id, value=bla}]
Capabilities {acceptInsecureCerts: false, browserName: Safari, browserVersion: 15.3, goog:loggingPrefs: {browser: ALL, client: ALL, driver: ALL, performance: ALL, profiler: ALL, server: ALL}, javascriptEnabled: true, pageLoadStrategy: normal, platform: MAC, platformName: MAC, safari:automaticInspection: false, safari:automaticProfiling: false, safari:diagnose: false, safari:platformBuildVersion: 20G417, safari:platformVersion: 11.6.4, safari:useSimulator: false, setWindowRect: true, strictFileInteractability: false, timeouts: {pageLoad: 30000, script: 30000}, webkit:WebRTC: {DisableICECandidateFiltering: false, DisableInsecureMediaCapture: false}}
Session ID: FCB681E8-7C46-47E0-8003-805C22490964
java.base/jdk.internal.reflect.NativeConstructorAccessorImpl.newInstance0(Native Method)
java.base/jdk.internal.reflect.NativeConstructorAccessorImpl.newInstance(NativeConstructorAccessorImpl.java:77)
java.base/jdk.internal.reflect.DelegatingConstructorAccessorImpl.newInstance(DelegatingConstructorAccessorImpl.java:45)
java.base/java.lang.reflect.Constructor.newInstanceWithCaller(Constructor.java:499)
java.base/java.lang.reflect.Constructor.newInstance(Constructor.java:480)
org.openqa.selenium.remote.codec.w3c.W3CHttpResponseCodec.createException(W3CHttpResponseCodec.java:200)
org.openqa.selenium.remote.codec.w3c.W3CHttpResponseCodec.decode(W3CHttpResponseCodec.java:133)
org.openqa.selenium.remote.codec.w3c.W3CHttpResponseCodec.decode(W3CHttpResponseCodec.java:53)
org.openqa.selenium.remote.HttpCommandExecutor.execute(HttpCommandExecutor.java:184)
org.openqa.selenium.remote.service.DriverCommandExecutor.invokeExecute(DriverCommandExecutor.java:167)
org.openqa.selenium.remote.service.DriverCommandExecutor.execute(DriverCommandExecutor.java:142)
org.openqa.selenium.remote.RemoteWebDriver.execute(RemoteWebDriver.java:558)
org.openqa.selenium.remote.ElementLocation$ElementFinder$2.findElement(ElementLocation.java:162)
org.openqa.selenium.remote.ElementLocation.findElement(ElementLocation.java:60)
org.openqa.selenium.remote.RemoteWebDriver.findElement(RemoteWebDriver.java:382)
org.openqa.selenium.remote.RemoteWebDriver.findElement(RemoteWebDriver.java:374)
com.shaft.gui.element.ElementActionsHelper.lambda$waitForElementPresence$0(ElementActionsHelper.java:92)
org.openqa.selenium.support.ui.FluentWait.until(FluentWait.java:208)
com.shaft.gui.element.ElementActionsHelper.waitForElementPresence(ElementActionsHelper.java:89)
com.shaft.gui.element.ElementActionsHelper.waitForElementPresence(ElementActionsHelper.java:37)
com.shaft.gui.element.WebDriverElementActions.getMatchingElementsCount(WebDriverElementActions.java:1481)
com.shaft.gui.element.WebDriverElementActions.waitForElementToBePresent(WebDriverElementActions.java:1295)
com.shaft.gui.element.ElementActions.waitForElementToBePresent(ElementActions.java:630)
unitTests.tests_element_elementActions.waitForElementToBePresent_true_expectedToFail(tests_element_elementActions.java:55)
java.base/jdk.internal.reflect.NativeMethodAccessorImpl.invoke0(Native Method)
java.base/jdk.internal.reflect.NativeMethodAccessorImpl.invoke(NativeMethodAccessorImpl.java:77)
java.base/jdk.internal.reflect.DelegatingMethodAccessorImpl.invoke(DelegatingMethodAccessorImpl.java:43)
java.base/java.lang.reflect.Method.invoke(Method.java:568)
org.testng.internal.invokers.MethodInvocationHelper.invokeMethod(MethodInvocationHelper.java:135)
org.testng.internal.invokers.TestInvoker.invokeMethod(TestInvoker.java:673)
org.testng.internal.invokers.TestInvoker.invokeTestMethod(TestInvoker.java:220)
org.testng.internal.invokers.MethodRunner.runInSequence(MethodRunner.java:50)
org.testng.internal.invokers.TestInvoker$MethodInvocationAgent.invoke(TestInvoker.java:945)
org.testng.internal.invokers.TestInvoker.invokeTestMethods(TestInvoker.java:193)
org.testng.internal.invokers.TestMethodWorker.invokeTestMethods(TestMethodWorker.java:146)
org.testng.internal.invokers.TestMethodWorker.run(TestMethodWorker.java:128)
java.base/java.util.ArrayList.forEach(ArrayList.java:1511)
org.testng.TestRunner.privateRun(TestRunner.java:808)
org.testng.TestRunner.run(TestRunner.java:603)
org.testng.SuiteRunner.runTest(SuiteRunner.java:429)
org.testng.SuiteRunner.runSequentially(SuiteRunner.java:423)
org.testng.SuiteRunner.privateRun(SuiteRunner.java:383)
org.testng.SuiteRunner.run(SuiteRunner.java:326)
org.testng.SuiteRunnerWorker.runSuite(SuiteRunnerWorker.java:52)
org.testng.SuiteRunnerWorker.run(SuiteRunnerWorker.java:95)
org.testng.TestNG.runSuitesSequentially(TestNG.java:1249)
org.testng.TestNG.runSuitesLocally(TestNG.java:1169)
org.testng.TestNG.runSuites(TestNG.java:1092)
org.testng.TestNG.run(TestNG.java:1060)
org.apache.maven.surefire.testng.TestNGExecutor.run(TestNGExecutor.java:136)
org.apache.maven.surefire.testng.TestNGDirectoryTestSuite.executeMulti(TestNGDirectoryTestSuite.java:193)
org.apache.maven.surefire.testng.TestNGDirectoryTestSuite.execute(TestNGDirectoryTestSuite.java:94)
org.apache.maven.surefire.testng.TestNGProvider.invoke(TestNGProvider.java:145)
org.apache.maven.surefire.booter.ForkedBooter.runSuitesInProcess(ForkedBooter.java:428)
org.apache.maven.surefire.booter.ForkedBooter.execute(ForkedBooter.java:162)
org.apache.maven.surefire.booter.ForkedBooter.run(ForkedBooter.java:562)
org.apache.maven.surefire.booter.ForkedBooter.main(ForkedBooter.java:548) @01-03-2022 02:10:41.0077 AM
[ReportManager] Element Action [WaitForElementToBePresent] failed. With the following test data [waited for the element's state of presence to be (true). Element locator (By.id: bla)]. @01-03-2022 02:10:41.0193 AM
[ReportManager] Successfully created attachment [Screenshot - 1646100641109_waitForElementToBePresent_true_expectedToFail_WaitForElementToBePresent_failed] @01-03-2022 02:10:41.0196 A
[ReportManager] Browser Action [CloseCurrentWindow] successfully performed. @01-03-2022 02:10:41.0353 AM
[ReportManager] Successfully created attachment [Browser Action Test Data - CloseCurrentWindow - Actual Value] @01-03-2022 02:10:41.0354 A
[ReportManager] File Action [GetAbsolutePath] successfully performed. With the following test data [Relative Folder Path: "target/downloadedFiles/"]. @01-03-2022 02:10:41.0359 AM
[ReportManager] Attempting to run locally on: [Mac-64], [Safari], Headless Execution. @01-03-2022 02:10:41.0359 AM
[ReportManager] Successfully Opened Safari. @01-03-2022 02:10:42.0234 AM
[ReportManager] Initial window size: (800, 600) @01-03-2022 02:10:42.0257 AM
[ReportManager] Window size after SWD Maximize: (1176, 803) @01-03-2022 02:10:42.0296 AM
[ReportManager] Browser Action [MaximizeWindow] successfully performed. With the following test data [New screen size is now: (1176, 803)]. @01-03-2022 02:10:42.0297 A

################################################################################################################################################
Starting Execution:	[5 out of 165] test cases in the current suite
Test Method:		[unitTests.tests_element_elementActions.waitForElementToBePresent_true_expectedToPass]
################################################################################################################################################
[ReportManager] Target URL: [https://www.google.com/ncr], and after redirection: [www.google.com] @01-03-2022 02:10:42.0304 AM
[ReportManager] Initial URL: [] @01-03-2022 02:10:42.0360 AM
[ReportManager] Browser Action [NavigateToURL] successfully performed. With the following test data [https://www.google.com/ncr]. @01-03-2022 02:10:45.0245 AM
[ReportManager] Waiting for element to be present; elementLocator [By.xpath: //*[@id='hplogo' or @alt='Google']], numberOfTries[1], stateOfPresence[true]... @01-03-2022 02:10:45.0246 AM
[ReportManager] Element Action [WaitForElementToBePresent] successfully performed. With the following test data [waited for the element's state of presence to be (true). Element locator (By.xpath: //*[@id='hplogo' or @alt='Google'])]. @01-03-2022 02:10:45.0282 AM
[ReportManager] File Action [DoesFileExist] successfully performed. With the following test data [File Path: "src/main/resources/dynamicObjectRepository/unitTests_tests_element_elementActions_waitForElementToBePresent_true_expectedToPass_By_xpath_id_hplogo_or_alt_Google.png"]. @01-03-2022 02:10:45.0294 AM
[ReportManager] File Action [DoesFileExist] successfully performed. With the following test data [File Path: "src/main/resources/dynamicObjectRepository/unitTests_tests_element_elementActions_waitForElementToBePresent_true_expectedToPass_By_xpath_id_hplogo_or_alt_Google.png"]. @01-03-2022 02:10:45.0424 AM
[ReportManager] Passing the test and saving a reference image @01-03-2022 02:10:45.0424 AM
[ReportManager] File Action [GetAbsolutePath] successfully performed. With the following test data [Relative File Path: "src/main/resources/dynamicObjectRepository/unitTests_tests_element_elementActions_waitForElementToBePresent_true_expectedToPass_By_xpath_id_hplogo_or_alt_Google.png"]. @01-03-2022 02:10:45.0424 AM
[ReportManager] File Action [WriteToFile] successfully performed. With the following test data [Target File Path: "/Users/runner/work/SHAFT_ENGINE/SHAFT_ENGINE/src/main/resources/dynamicObjectRepository/unitTests_tests_element_elementActions_waitForElementToBePresent_true_expectedToPass_By_xpath_id_hplogo_or_alt_Google.png"]. @01-03-2022 02:10:45.0426 AM
[ReportManager] Assertion Passed: Using Visual AI; OpenCV @01-03-2022 02:10:45.0428 AM
[ReportManager] Successfully created attachment [Validation Test Data - Actual Screenshot] @01-03-2022 02:10:45.0429 AM
[ReportManager] Assertion [ValidateElementMatches] PASSED. Expected [Element should match the reference screenshot] and Actual [TRUE]. Comparison Type [EXACT_OPENCV]. Validation Type [POSITIVE]. @01-03-2022 02:10:45.0429 A
[ReportManager] Browser Action [CloseCurrentWindow] successfully performed. @01-03-2022 02:10:45.0851 AM
[ReportManager] Successfully created attachment [Browser Action Test Data - CloseCurrentWindow - Actual Value] @01-03-2022 02:10:45.0852 A
[ReportManager] File Action [GetAbsolutePath] successfully performed. With the following test data [Relative Folder Path: "target/downloadedFiles/"]. @01-03-2022 02:10:45.0857 AM
[ReportManager] Attempting to run locally on: [Mac-64], [Safari], Headless Execution. @01-03-2022 02:10:45.0857 AM
[ReportManager] Successfully Opened Safari. @01-03-2022 02:10:46.0713 AM
[ReportManager] Initial window size: (800, 600) @01-03-2022 02:10:46.0737 AM
[ReportManager] Window size after SWD Maximize: (1176, 803) @01-03-2022 02:10:46.0767 AM
[ReportManager] Browser Action [MaximizeWindow] successfully performed. With the following test data [New screen size is now: (1176, 803)]. @01-03-2022 02:10:46.0767 AM
[ReportManager] Target URL: [https://duckduckgo.com] @01-03-2022 02:10:46.0768 AM
[ReportManager] Initial URL: [] @01-03-2022 02:10:46.0821 AM
[ReportManager] Browser Action [NavigateToURL] successfully performed. With the following test data [https://duckduckgo.com]. @01-03-2022 02:10:47.0678 A

################################################################################################################################################
Starting Execution:	[6 out of 165] test cases in the current suite
Test Method:		[unitTests.tests_browserActions.fullScreenWindow]
################################################################################################################################################
[ReportManager] Initial Windows Size: 1176x803 @01-03-2022 02:10:47.0704 AM
[ReportManager] Current Windows Size after fullScreen: 1176x885 @01-03-2022 02:10:48.0015 AM
[ReportManager] Browser Action [FullScreenWindow] successfully performed. @01-03-2022 02:10:48.0046 AM
[ReportManager] Successfully created attachment [Browser Action Test Data - FullScreenWindow - Actual Value] @01-03-2022 02:10:48.0049 A
[ReportManager] Target URL: [https://duckduckgo.com] @01-03-2022 02:10:48.0063 AM
[ReportManager] Initial URL: [https://duckduckgo.com] @01-03-2022 02:10:48.0137 AM
[ReportManager] Browser Action [NavigateToURL] successfully performed. With the following test data [https://duckduckgo.com]. @01-03-2022 02:10:48.0805 AM
[ReportManager] Browser Action [CloseCurrentWindow] successfully performed. @01-03-2022 02:10:48.0995 AM
[ReportManager] Successfully created attachment [Browser Action Test Data - CloseCurrentWindow - Actual Value] @01-03-2022 02:10:48.0997 A
[ReportManager] File Action [GetAbsolutePath] successfully performed. With the following test data [Relative Folder Path: "target/downloadedFiles/"]. @01-03-2022 02:10:49.0000 AM
[ReportManager] Attempting to run locally on: [Mac-64], [Safari], Headless Execution. @01-03-2022 02:10:49.0001 AM
[ReportManager] An Exception Occured with this Message: Could not start a new session. Possible causes are invalid address of the remote server or browser start-up failure.. @01-03-2022 02:10:49.0118 AM
[ReportManager] Successfully created attachment [Exception Stack Trace - org.openqa.selenium.SessionNotCreatedException] @01-03-2022 02:10:49.0118 AM
[ReportManager] Driver Factory Action [createNewLocalDriverInstanceForSafari] failed. With the following test data [Failed to create a session on DESKTOP_SAFARI]. @01-03-2022 02:10:49.0119 A

################################################################################################################################################
Starting Execution:	[7 out of 165] test cases in the current suite
Test Method:		[unitTests.tests_browserActions.getCurrentURL]
###############################################################################################################################################



################################################################################################################################################
Starting Execution:	[8 out of 165] test cases in the current suite
Test Method:		[unitTests.tests_browserActions.getCurrentWindowTitle]
###############################################################################################################################################



################################################################################################################################################
Starting Execution:	[9 out of 165] test cases in the current suite
Test Method:		[unitTests.tests_browserActions.getPageSource]
###############################################################################################################################################



################################################################################################################################################
Starting Execution:	[10 out of 165] test cases in the current suite
Test Method:		[unitTests.tests_browserActions.getWindowHandle]
###############################################################################################################################################



################################################################################################################################################
Starting Execution:	[11 out of 165] test cases in the current suite
Test Method:		[unitTests.tests_browserActions.getWindowPosition]
###############################################################################################################################################



################################################################################################################################################
Starting Execution:	[12 out of 165] test cases in the current suite
Test Method:		[unitTests.tests_browserActions.getWindowSize]
###############################################################################################################################################



################################################################################################################################################
Starting Execution:	[13 out of 165] test cases in the current suite
Test Method:		[unitTests.tests_browserActions.maximizeWindow]
###############################################################################################################################################



################################################################################################################################################
Starting Execution:	[14 out of 165] test cases in the current suite
Test Method:		[unitTests.tests_browserActions.navigateBack]
###############################################################################################################################################



################################################################################################################################################
Starting Execution:	[15 out of 165] test cases in the current suite
Test Method:		[unitTests.tests_browserActions.navigateForward]
###############################################################################################################################################



################################################################################################################################################
Starting Execution:	[16 out of 165] test cases in the current suite
Test Method:		[unitTests.tests_browserActions.navigateToURL]
###############################################################################################################################################



################################################################################################################################################
Starting Execution:	[17 out of 165] test cases in the current suite
Test Method:		[unitTests.tests_browserActions.navigateToURLWithRedirection]
###############################################################################################################################################



################################################################################################################################################
Starting Execution:	[18 out of 165] test cases in the current suite
Test Method:		[unitTests.tests_browserActions.refreshCurrentPage]
###############################################################################################################################################



################################################################################################################################################
Starting Execution:	[19 out of 165] test cases in the current suite
Test Method:		[unitTests.tests_browserActions.setWindowSize]
###############################################################################################################################################

[ReportManager] Successfully loaded the following test data file [src/test/resources/testDataFiles/testSuite01/TestData.xlsx]. @01-03-2022 02:10:50.0486 AM
[ReportManager] Successfully created attachment [Test Data - Excel] @01-03-2022 02:10:50.0487 A

################################################################################################################################################
Starting Execution:	[20 out of 165] test cases in the current suite
Test Method:		[unitTests.tests_io_excelFileManager.getCellData_rowName_expectedToPass]
################################################################################################################################################
[ReportManager] testRowData. @01-03-2022 02:10:50.0501 A

################################################################################################################################################
Starting Execution:	[21 out of 165] test cases in the current suite
Test Method:		[unitTests.tests_validations_assertions.assertComparativeRelation_greaterThanOrEquals_false_equals_expectedToFail]
################################################################################################################################################
[ReportManager] Assertion [ValidateComparativeRelation] FAILED. Expected [1] and Actual [1]. Comparison Type [GREATER_THAN_OR_EQUALS]. Validation Type [NEGATIVE]. @01-03-2022 02:10:50.0511 A

################################################################################################################################################
Starting Execution:	[22 out of 165] test cases in the current suite
Test Method:		[unitTests.tests_validations_assertions.assertComparativeRelation_greaterThanOrEquals_false_equals_expectedToPass]
################################################################################################################################################
[ReportManager] Assertion [ValidateComparativeRelation] PASSED. Expected [2] and Actual [1]. Comparison Type [GREATER_THAN_OR_EQUALS]. Validation Type [NEGATIVE]. @01-03-2022 02:10:50.0516 A

################################################################################################################################################
Starting Execution:	[23 out of 165] test cases in the current suite
Test Method:		[unitTests.tests_validations_assertions.assertComparativeRelation_greaterThanOrEquals_false_greaterThan_expectedToFail]
################################################################################################################################################
[ReportManager] Assertion [ValidateComparativeRelation] FAILED. Expected [1] and Actual [2]. Comparison Type [GREATER_THAN_OR_EQUALS]. Validation Type [NEGATIVE]. @01-03-2022 02:10:50.0521 A

################################################################################################################################################
Starting Execution:	[24 out of 165] test cases in the current suite
Test Method:		[unitTests.tests_validations_assertions.assertComparativeRelation_greaterThanOrEquals_false_greaterThan_expectedToPass]
################################################################################################################################################
[ReportManager] Assertion [ValidateComparativeRelation] PASSED. Expected [2] and Actual [1]. Comparison Type [GREATER_THAN_OR_EQUALS]. Validation Type [NEGATIVE]. @01-03-2022 02:10:50.0525 A

################################################################################################################################################
Starting Execution:	[25 out of 165] test cases in the current suite
Test Method:		[unitTests.tests_validations_assertions.assertComparativeRelation_greaterThanOrEquals_true_equals_expectedToFail]
################################################################################################################################################
[ReportManager] Assertion [ValidateComparativeRelation] FAILED. Expected [1] and Actual [0]. Comparison Type [GREATER_THAN_OR_EQUALS]. Validation Type [POSITIVE]. @01-03-2022 02:10:50.0530 A

################################################################################################################################################
Starting Execution:	[26 out of 165] test cases in the current suite
Test Method:		[unitTests.tests_validations_assertions.assertComparativeRelation_greaterThanOrEquals_true_equals_expectedToPass]
################################################################################################################################################
[ReportManager] Assertion [ValidateComparativeRelation] PASSED. Expected [1] and Actual [1]. Comparison Type [GREATER_THAN_OR_EQUALS]. Validation Type [POSITIVE]. @01-03-2022 02:10:50.0535 A

################################################################################################################################################
Starting Execution:	[27 out of 165] test cases in the current suite
Test Method:		[unitTests.tests_validations_assertions.assertComparativeRelation_greaterThanOrEquals_true_greaterThan_expectedToFail]
################################################################################################################################################
[ReportManager] Assertion [ValidateComparativeRelation] FAILED. Expected [2] and Actual [1]. Comparison Type [GREATER_THAN_OR_EQUALS]. Validation Type [POSITIVE]. @01-03-2022 02:10:50.0539 A

################################################################################################################################################
Starting Execution:	[28 out of 165] test cases in the current suite
Test Method:		[unitTests.tests_validations_assertions.assertComparativeRelation_greaterThanOrEquals_true_greaterThan_expectedToPass]
################################################################################################################################################
[ReportManager] Assertion [ValidateComparativeRelation] PASSED. Expected [1] and Actual [2]. Comparison Type [GREATER_THAN_OR_EQUALS]. Validation Type [POSITIVE]. @01-03-2022 02:10:50.0544 A
[ReportManager] File Action [GetAbsolutePath] successfully performed. With the following test data [Relative Folder Path: "target/downloadedFiles/"]. @01-03-2022 02:10:50.0547 AM
[ReportManager] Attempting to run locally on: [Mac-64], [Safari], Headless Execution. @01-03-2022 02:10:50.0548 AM
[ReportManager] Successfully Opened Safari. @01-03-2022 02:10:51.0349 AM
[ReportManager] Initial window size: (800, 600) @01-03-2022 02:10:51.0361 AM
[ReportManager] Window size after SWD Maximize: (1176, 803) @01-03-2022 02:10:51.0397 AM
[ReportManager] Browser Action [MaximizeWindow] successfully performed. With the following test data [New screen size is now: (1176, 803)]. @01-03-2022 02:10:51.0398 AM
[ReportManager] Target URL: [https://www.google.com/ncr], and after redirection: [www.google.com] @01-03-2022 02:10:51.0398 AM
[ReportManager] Initial URL: [] @01-03-2022 02:10:51.0435 AM
[ReportManager] Browser Action [NavigateToURL] successfully performed. With the following test data [https://www.google.com/ncr]. @01-03-2022 02:10:54.0262 A

################################################################################################################################################
Starting Execution:	[29 out of 165] test cases in the current suite
Test Method:		[unitTests.tests_validations_assertions.assertElementAttribute_false_caseInsensitiveComparison_expectedToFail]
################################################################################################################################################
[ReportManager] Element Action [Type] successfully performed. With the following test data [AUTOMATION]. @01-03-2022 02:10:54.0754 AM
[ReportManager] Element Action [GetText] successfully performed. With the following test data [AUTOMATION]. @01-03-2022 02:10:54.0931 AM
[ReportManager] Assertion [ValidateElementAttribute] FAILED. Expected [Value Should not be 'AutomaTion' for the 'text' attribute, element locator 'By.name: q'] and Actual [AUTOMATION]. Comparison Type [CASE_INSENSITIVE]. Validation Type [NEGATIVE]. @01-03-2022 02:10:55.0378 AM
[ReportManager] Successfully created attachment [Screenshot - 1646100655237_assertElementAttribute_false_caseInsensitiveComparison_expectedToFail_ValidateElementAttribute_failed] @01-03-2022 02:10:55.0384 A
[ReportManager] Browser Action [CloseCurrentWindow] successfully performed. @01-03-2022 02:10:55.0579 AM
[ReportManager] Successfully created attachment [Browser Action Test Data - CloseCurrentWindow - Actual Value] @01-03-2022 02:10:55.0581 A
[ReportManager] File Action [GetAbsolutePath] successfully performed. With the following test data [Relative Folder Path: "target/downloadedFiles/"]. @01-03-2022 02:10:55.0590 AM
[ReportManager] Attempting to run locally on: [Mac-64], [Safari], Headless Execution. @01-03-2022 02:10:55.0590 AM
[ReportManager] Successfully Opened Safari. @01-03-2022 02:10:56.0475 AM
[ReportManager] Initial window size: (800, 600) @01-03-2022 02:10:56.0518 AM
[ReportManager] Window size after SWD Maximize: (1176, 803) @01-03-2022 02:10:56.0551 AM
[ReportManager] Browser Action [MaximizeWindow] successfully performed. With the following test data [New screen size is now: (1176, 803)]. @01-03-2022 02:10:56.0551 AM
[ReportManager] Target URL: [https://www.google.com/ncr], and after redirection: [www.google.com] @01-03-2022 02:10:56.0551 AM
[ReportManager] Initial URL: [] @01-03-2022 02:10:56.0607 AM
[ReportManager] Browser Action [NavigateToURL] successfully performed. With the following test data [https://www.google.com/ncr]. @01-03-2022 02:10:59.0556 A

################################################################################################################################################
Starting Execution:	[30 out of 165] test cases in the current suite
Test Method:		[unitTests.tests_validations_assertions.assertElementAttribute_false_caseInsensitiveComparison_expectedToPass]
################################################################################################################################################
[ReportManager] Element Action [Type] successfully performed. With the following test data [AUTOMATION]. @01-03-2022 02:10:59.0966 AM
[ReportManager] Element Action [GetText] successfully performed. With the following test data [AUTOMATION]. @01-03-2022 02:11:00.0221 AM
[ReportManager] Assertion [ValidateElementAttribute] PASSED. Expected [Value Should not be 'AutomaTion123' for the 'text' attribute, element locator 'By.name: q'] and Actual [AUTOMATION]. Comparison Type [CASE_INSENSITIVE]. Validation Type [NEGATIVE]. @01-03-2022 02:11:00.0450 AM
[ReportManager] Successfully created attachment [Screenshot - 1646100660363_assertElementAttribute_false_caseInsensitiveComparison_expectedToPass_ValidateElementAttribute_passed] @01-03-2022 02:11:00.0451 A
[ReportManager] Browser Action [CloseCurrentWindow] successfully performed. @01-03-2022 02:11:00.0799 AM
[ReportManager] Successfully created attachment [Browser Action Test Data - CloseCurrentWindow - Actual Value] @01-03-2022 02:11:00.0800 A
[ReportManager] File Action [GetAbsolutePath] successfully performed. With the following test data [Relative Folder Path: "target/downloadedFiles/"]. @01-03-2022 02:11:00.0805 AM
[ReportManager] Attempting to run locally on: [Mac-64], [Safari], Headless Execution. @01-03-2022 02:11:00.0805 AM
[ReportManager] Successfully Opened Safari. @01-03-2022 02:11:01.0728 AM
[ReportManager] Initial window size: (800, 600) @01-03-2022 02:11:01.0739 AM
[ReportManager] Window size after SWD Maximize: (1176, 803) @01-03-2022 02:11:01.0771 AM
[ReportManager] Browser Action [MaximizeWindow] successfully performed. With the following test data [New screen size is now: (1176, 803)]. @01-03-2022 02:11:01.0771 AM
[ReportManager] Target URL: [https://www.google.com/ncr], and after redirection: [www.google.com] @01-03-2022 02:11:01.0771 AM
[ReportManager] Initial URL: [] @01-03-2022 02:11:01.0840 AM
[ReportManager] Browser Action [NavigateToURL] successfully performed. With the following test data [https://www.google.com/ncr]. @01-03-2022 02:11:05.0037 A

################################################################################################################################################
Starting Execution:	[31 out of 165] test cases in the current suite
Test Method:		[unitTests.tests_validations_assertions.assertElementAttribute_false_containsComparison_expectedToFail]
################################################################################################################################################
[ReportManager] Element Action [Type] successfully performed. With the following test data [Automation123]. @01-03-2022 02:11:05.0310 AM
[ReportManager] Element Action [GetText] successfully performed. With the following test data [Automation123]. @01-03-2022 02:11:05.0375 AM
[ReportManager] Assertion [ValidateElementAttribute] FAILED. Expected [Value Should not be 'Automation' for the 'text' attribute, element locator 'By.name: q'] and Actual [Automation123]. Comparison Type [CONTAINS]. Validation Type [NEGATIVE]. @01-03-2022 02:11:05.0594 AM
[ReportManager] Successfully created attachment [Screenshot - 1646100665523_assertElementAttribute_false_containsComparison_expectedToFail_ValidateElementAttribute_failed] @01-03-2022 02:11:05.0595 A
[ReportManager] Browser Action [CloseCurrentWindow] successfully performed. @01-03-2022 02:11:05.0794 AM
[ReportManager] Successfully created attachment [Browser Action Test Data - CloseCurrentWindow - Actual Value] @01-03-2022 02:11:05.0795 A
[ReportManager] File Action [GetAbsolutePath] successfully performed. With the following test data [Relative Folder Path: "target/downloadedFiles/"]. @01-03-2022 02:11:05.0798 AM
[ReportManager] Attempting to run locally on: [Mac-64], [Safari], Headless Execution. @01-03-2022 02:11:05.0798 AM
[ReportManager] Successfully Opened Safari. @01-03-2022 02:11:06.0599 AM
[ReportManager] Initial window size: (800, 600) @01-03-2022 02:11:06.0607 AM
[ReportManager] Window size after SWD Maximize: (1176, 803) @01-03-2022 02:11:06.0629 AM
[ReportManager] Browser Action [MaximizeWindow] successfully performed. With the following test data [New screen size is now: (1176, 803)]. @01-03-2022 02:11:06.0630 AM
[ReportManager] Target URL: [https://www.google.com/ncr], and after redirection: [www.google.com] @01-03-2022 02:11:06.0630 AM
[ReportManager] Initial URL: [] @01-03-2022 02:11:06.0670 AM
[ReportManager] Browser Action [NavigateToURL] successfully performed. With the following test data [https://www.google.com/ncr]. @01-03-2022 02:11:09.0800 A

################################################################################################################################################
Starting Execution:	[32 out of 165] test cases in the current suite
Test Method:		[unitTests.tests_validations_assertions.assertElementAttribute_false_containsComparison_expectedToPass]
################################################################################################################################################
[ReportManager] Element Action [Type] successfully performed. With the following test data [Automation123]. @01-03-2022 02:11:10.0259 AM
[ReportManager] Element Action [GetText] successfully performed. With the following test data [Automation123]. @01-03-2022 02:11:10.0324 AM
[ReportManager] Assertion [ValidateElementAttribute] PASSED. Expected [Value Should not be 'Automation1234' for the 'text' attribute, element locator 'By.name: q'] and Actual [Automation123]. Comparison Type [CONTAINS]. Validation Type [NEGATIVE]. @01-03-2022 02:11:10.0591 AM
[ReportManager] Successfully created attachment [Screenshot - 1646100670460_assertElementAttribute_false_containsComparison_expectedToPass_ValidateElementAttribute_passed] @01-03-2022 02:11:10.0594 A
[ReportManager] Browser Action [CloseCurrentWindow] successfully performed. @01-03-2022 02:11:10.0962 AM
[ReportManager] Successfully created attachment [Browser Action Test Data - CloseCurrentWindow - Actual Value] @01-03-2022 02:11:10.0969 A
[ReportManager] File Action [GetAbsolutePath] successfully performed. With the following test data [Relative Folder Path: "target/downloadedFiles/"]. @01-03-2022 02:11:10.0973 AM
[ReportManager] Attempting to run locally on: [Mac-64], [Safari], Headless Execution. @01-03-2022 02:11:10.0973 AM
[ReportManager] Successfully Opened Safari. @01-03-2022 02:11:11.0822 AM
[ReportManager] Initial window size: (800, 600) @01-03-2022 02:11:11.0896 AM
[ReportManager] Window size after SWD Maximize: (1176, 803) @01-03-2022 02:11:11.0940 AM
[ReportManager] Browser Action [MaximizeWindow] successfully performed. With the following test data [New screen size is now: (1176, 803)]. @01-03-2022 02:11:11.0940 AM
[ReportManager] Target URL: [https://www.google.com/ncr], and after redirection: [www.google.com] @01-03-2022 02:11:11.0940 AM
[ReportManager] Initial URL: [] @01-03-2022 02:11:11.0992 AM
[ReportManager] Browser Action [NavigateToURL] successfully performed. With the following test data [https://www.google.com/ncr]. @01-03-2022 02:11:15.0005 A

################################################################################################################################################
Starting Execution:	[33 out of 165] test cases in the current suite
Test Method:		[unitTests.tests_validations_assertions.assertElementAttribute_false_literalComparison_expectedToFail]
################################################################################################################################################
[ReportManager] Element Action [Type] successfully performed. With the following test data [Automation!@#$%^&*()_+{}[]\';/.,]. @01-03-2022 02:11:15.0884 AM
[ReportManager] Element Action [GetText] successfully performed. With the following test data [Automation!@#$%^&*()_+{}[]\';/.,]. @01-03-2022 02:11:15.0963 AM
[ReportManager] Assertion [ValidateElementAttribute] PASSED. Expected [Value Should not be 'Automation!@#$%^&*()_+{}[]\\';/.,' for the 'text' attribute, element locator 'By.name: q'] and Actual [Automation!@#$%^&*()_+{}[]\';/.,]. Comparison Type [EQUALS]. Validation Type [NEGATIVE]. @01-03-2022 02:11:16.0377 AM
[ReportManager] Successfully created attachment [Screenshot - 1646100676155_assertElementAttribute_false_literalComparison_expectedToFail_ValidateElementAttribute_passed] @01-03-2022 02:11:16.0465 A
[ReportManager] Browser Action [CloseCurrentWindow] successfully performed. @01-03-2022 02:11:16.0810 AM
[ReportManager] Successfully created attachment [Browser Action Test Data - CloseCurrentWindow - Actual Value] @01-03-2022 02:11:16.0852 A
[ReportManager] File Action [GetAbsolutePath] successfully performed. With the following test data [Relative Folder Path: "target/downloadedFiles/"]. @01-03-2022 02:11:16.0895 AM
[ReportManager] Attempting to run locally on: [Mac-64], [Safari], Headless Execution. @01-03-2022 02:11:16.0895 AM
[ReportManager] Successfully Opened Safari. @01-03-2022 02:11:17.0785 AM
[ReportManager] Initial window size: (800, 600) @01-03-2022 02:11:17.0817 AM
[ReportManager] Window size after SWD Maximize: (1176, 803) @01-03-2022 02:11:17.0858 AM
[ReportManager] Browser Action [MaximizeWindow] successfully performed. With the following test data [New screen size is now: (1176, 803)]. @01-03-2022 02:11:17.0858 AM
[ReportManager] Target URL: [https://www.google.com/ncr], and after redirection: [www.google.com] @01-03-2022 02:11:17.0858 AM
[ReportManager] Initial URL: [] @01-03-2022 02:11:17.0912 AM
[ReportManager] Browser Action [NavigateToURL] successfully performed. With the following test data [https://www.google.com/ncr]. @01-03-2022 02:11:20.0608 A

################################################################################################################################################
Starting Execution:	[34 out of 165] test cases in the current suite
Test Method:		[unitTests.tests_validations_assertions.assertElementAttribute_false_literalComparison_expectedToPass]
################################################################################################################################################
[ReportManager] Element Action [Type] successfully performed. With the following test data [Automation!@#$%^&*()_+{}[]\';/.,]. @01-03-2022 02:11:21.0311 AM
[ReportManager] Element Action [GetText] successfully performed. With the following test data [Automation!@#$%^&*()_+{}[]\';/.,]. @01-03-2022 02:11:21.0449 AM
[ReportManager] Assertion [ValidateElementAttribute] PASSED. Expected [Value Should not be 'Automation' for the 'text' attribute, element locator 'By.name: q'] and Actual [Automation!@#$%^&*()_+{}[]\';/.,]. Comparison Type [EQUALS]. Validation Type [NEGATIVE]. @01-03-2022 02:11:21.0815 AM
[ReportManager] Successfully created attachment [Screenshot - 1646100681618_assertElementAttribute_false_literalComparison_expectedToPass_ValidateElementAttribute_passed] @01-03-2022 02:11:21.0900 A
[ReportManager] Browser Action [CloseCurrentWindow] successfully performed. @01-03-2022 02:11:22.0386 AM
[ReportManager] Successfully created attachment [Browser Action Test Data - CloseCurrentWindow - Actual Value] @01-03-2022 02:11:22.0428 A
[ReportManager] File Action [GetAbsolutePath] successfully performed. With the following test data [Relative Folder Path: "target/downloadedFiles/"]. @01-03-2022 02:11:22.0594 AM
[ReportManager] Attempting to run locally on: [Mac-64], [Safari], Headless Execution. @01-03-2022 02:11:22.0595 AM
[ReportManager] Successfully Opened Safari. @01-03-2022 02:11:23.0438 AM
[ReportManager] Initial window size: (800, 600) @01-03-2022 02:11:23.0456 AM
[ReportManager] Window size after SWD Maximize: (1176, 803) @01-03-2022 02:11:23.0469 AM
[ReportManager] Browser Action [MaximizeWindow] successfully performed. With the following test data [New screen size is now: (1176, 803)]. @01-03-2022 02:11:23.0470 AM
[ReportManager] Target URL: [https://www.google.com/ncr], and after redirection: [www.google.com] @01-03-2022 02:11:23.0470 AM
[ReportManager] Initial URL: [] @01-03-2022 02:11:23.0524 AM
[ReportManager] Browser Action [NavigateToURL] successfully performed. With the following test data [https://www.google.com/ncr]. @01-03-2022 02:11:26.0327 A

################################################################################################################################################
Starting Execution:	[35 out of 165] test cases in the current suite
Test Method:		[unitTests.tests_validations_assertions.assertElementAttribute_false_regexComparison_expectedToFail]
################################################################################################################################################
[ReportManager] Element Action [Type] successfully performed. With the following test data [Automation123]. @01-03-2022 02:11:27.0014 AM
[ReportManager] Element Action [GetText] successfully performed. With the following test data [Automation123]. @01-03-2022 02:11:27.0080 AM
[ReportManager] Assertion [ValidateElementAttribute] FAILED. Expected [Value Should not be 'Automation.*' for the 'text' attribute, element locator 'By.name: q'] and Actual [Automation123]. Comparison Type [MATCHES]. Validation Type [NEGATIVE]. @01-03-2022 02:11:27.0437 AM
[ReportManager] Successfully created attachment [Screenshot - 1646100687212_assertElementAttribute_false_regexComparison_expectedToFail_ValidateElementAttribute_failed] @01-03-2022 02:11:27.0519 A
[ReportManager] Browser Action [CloseCurrentWindow] successfully performed. @01-03-2022 02:11:28.0027 AM
[ReportManager] Successfully created attachment [Browser Action Test Data - CloseCurrentWindow - Actual Value] @01-03-2022 02:11:28.0068 A
[ReportManager] File Action [GetAbsolutePath] successfully performed. With the following test data [Relative Folder Path: "target/downloadedFiles/"]. @01-03-2022 02:11:28.0195 AM
[ReportManager] Attempting to run locally on: [Mac-64], [Safari], Headless Execution. @01-03-2022 02:11:28.0196 AM
[ReportManager] Successfully Opened Safari. @01-03-2022 02:11:29.0119 AM
[ReportManager] Initial window size: (800, 600) @01-03-2022 02:11:29.0130 AM
[ReportManager] Window size after SWD Maximize: (1176, 803) @01-03-2022 02:11:29.0168 AM
[ReportManager] Browser Action [MaximizeWindow] successfully performed. With the following test data [New screen size is now: (1176, 803)]. @01-03-2022 02:11:29.0169 AM
[ReportManager] Target URL: [https://www.google.com/ncr], and after redirection: [www.google.com] @01-03-2022 02:11:29.0169 AM
[ReportManager] Initial URL: [] @01-03-2022 02:11:29.0198 AM
[ReportManager] Browser Action [NavigateToURL] successfully performed. With the following test data [https://www.google.com/ncr]. @01-03-2022 02:11:32.0478 A

################################################################################################################################################
Starting Execution:	[36 out of 165] test cases in the current suite
Test Method:		[unitTests.tests_validations_assertions.assertElementAttribute_false_regexComparison_expectedToPass]
################################################################################################################################################
[ReportManager] Element Action [Type] successfully performed. With the following test data [Automation123]. @01-03-2022 02:11:32.0822 AM
[ReportManager] Element Action [GetText] successfully performed. With the following test data [Automation123]. @01-03-2022 02:11:32.0883 AM
[ReportManager] Assertion [ValidateElementAttribute] PASSED. Expected [Value Should not be 'Automation' for the 'text' attribute, element locator 'By.name: q'] and Actual [Automation123]. Comparison Type [MATCHES]. Validation Type [NEGATIVE]. @01-03-2022 02:11:33.0357 AM
[ReportManager] Successfully created attachment [Screenshot - 1646100693153_assertElementAttribute_false_regexComparison_expectedToPass_ValidateElementAttribute_passed] @01-03-2022 02:11:33.0439 A
[ReportManager] Browser Action [CloseCurrentWindow] successfully performed. @01-03-2022 02:11:33.0796 AM
[ReportManager] Successfully created attachment [Browser Action Test Data - CloseCurrentWindow - Actual Value] @01-03-2022 02:11:33.0837 A
[ReportManager] File Action [GetAbsolutePath] successfully performed. With the following test data [Relative Folder Path: "target/downloadedFiles/"]. @01-03-2022 02:11:33.0923 AM
[ReportManager] Attempting to run locally on: [Mac-64], [Safari], Headless Execution. @01-03-2022 02:11:33.0923 AM
[ReportManager] Successfully Opened Safari. @01-03-2022 02:11:34.0866 AM
[ReportManager] Initial window size: (800, 600) @01-03-2022 02:11:34.0882 AM
[ReportManager] Window size after SWD Maximize: (1176, 803) @01-03-2022 02:11:34.0900 AM
[ReportManager] Browser Action [MaximizeWindow] successfully performed. With the following test data [New screen size is now: (1176, 803)]. @01-03-2022 02:11:34.0900 AM
[ReportManager] Target URL: [https://www.google.com/ncr], and after redirection: [www.google.com] @01-03-2022 02:11:34.0900 AM
[ReportManager] Initial URL: [] @01-03-2022 02:11:34.0972 AM
[ReportManager] Browser Action [NavigateToURL] successfully performed. With the following test data [https://www.google.com/ncr]. @01-03-2022 02:11:37.0768 A

################################################################################################################################################
Starting Execution:	[37 out of 165] test cases in the current suite
Test Method:		[unitTests.tests_validations_assertions.assertElementAttribute_true_caseInsensitiveComparison_expectedToFail]
################################################################################################################################################
[ReportManager] Element Action [Type] successfully performed. With the following test data [AUTOMATION]. @01-03-2022 02:11:38.0274 AM
[ReportManager] Element Action [GetText] successfully performed. With the following test data [AUTOMATION]. @01-03-2022 02:11:38.0338 AM
[ReportManager] Assertion [ValidateElementAttribute] FAILED. Expected [Value Should be 'AutomaTion123' for the 'text' attribute, element locator 'By.name: q'] and Actual [AUTOMATION]. Comparison Type [CASE_INSENSITIVE]. Validation Type [POSITIVE]. @01-03-2022 02:11:38.0782 AM
[ReportManager] Successfully created attachment [Screenshot - 1646100698559_assertElementAttribute_true_caseInsensitiveComparison_expectedToFail_ValidateElementAttribute_failed] @01-03-2022 02:11:38.0866 A
[ReportManager] Browser Action [CloseCurrentWindow] successfully performed. @01-03-2022 02:11:39.0185 AM
[ReportManager] Successfully created attachment [Browser Action Test Data - CloseCurrentWindow - Actual Value] @01-03-2022 02:11:39.0202 A
[ReportManager] File Action [GetAbsolutePath] successfully performed. With the following test data [Relative Folder Path: "target/downloadedFiles/"]. @01-03-2022 02:11:39.0333 AM
[ReportManager] Attempting to run locally on: [Mac-64], [Safari], Headless Execution. @01-03-2022 02:11:39.0334 AM
[ReportManager] Successfully Opened Safari. @01-03-2022 02:11:40.0236 AM
[ReportManager] Initial window size: (800, 600) @01-03-2022 02:11:40.0284 AM
[ReportManager] Window size after SWD Maximize: (1176, 803) @01-03-2022 02:11:40.0306 AM
[ReportManager] Browser Action [MaximizeWindow] successfully performed. With the following test data [New screen size is now: (1176, 803)]. @01-03-2022 02:11:40.0306 AM
[ReportManager] Target URL: [https://www.google.com/ncr], and after redirection: [www.google.com] @01-03-2022 02:11:40.0306 AM
[ReportManager] Initial URL: [] @01-03-2022 02:11:40.0367 AM
[ReportManager] Browser Action [NavigateToURL] successfully performed. With the following test data [https://www.google.com/ncr]. @01-03-2022 02:11:43.0206 A

################################################################################################################################################
Starting Execution:	[38 out of 165] test cases in the current suite
Test Method:		[unitTests.tests_validations_assertions.assertElementAttribute_true_caseInsensitiveComparison_expectedToPass]
################################################################################################################################################
[ReportManager] Element Action [Type] successfully performed. With the following test data [AUTOMATION]. @01-03-2022 02:11:43.0701 AM
[ReportManager] Element Action [GetText] successfully performed. With the following test data [AUTOMATION]. @01-03-2022 02:11:43.0870 AM
[ReportManager] Assertion [ValidateElementAttribute] PASSED. Expected [Value Should be 'AutomaTion' for the 'text' attribute, element locator 'By.name: q'] and Actual [AUTOMATION]. Comparison Type [CASE_INSENSITIVE]. Validation Type [POSITIVE]. @01-03-2022 02:11:44.0204 AM
[ReportManager] Successfully created attachment [Screenshot - 1646100704009_assertElementAttribute_true_caseInsensitiveComparison_expectedToPass_ValidateElementAttribute_passed] @01-03-2022 02:11:44.0287 A
[ReportManager] Browser Action [CloseCurrentWindow] successfully performed. @01-03-2022 02:11:44.0779 AM
[ReportManager] Successfully created attachment [Browser Action Test Data - CloseCurrentWindow - Actual Value] @01-03-2022 02:11:44.0821 A
[ReportManager] File Action [GetAbsolutePath] successfully performed. With the following test data [Relative Folder Path: "target/downloadedFiles/"]. @01-03-2022 02:11:44.0990 AM
[ReportManager] Attempting to run locally on: [Mac-64], [Safari], Headless Execution. @01-03-2022 02:11:44.0991 AM
[ReportManager] Successfully Opened Safari. @01-03-2022 02:11:45.0833 AM
[ReportManager] Initial window size: (800, 600) @01-03-2022 02:11:45.0840 AM
[ReportManager] Window size after SWD Maximize: (1176, 803) @01-03-2022 02:11:45.0864 AM
[ReportManager] Browser Action [MaximizeWindow] successfully performed. With the following test data [New screen size is now: (1176, 803)]. @01-03-2022 02:11:45.0865 AM
[ReportManager] Target URL: [https://www.google.com/ncr], and after redirection: [www.google.com] @01-03-2022 02:11:45.0865 AM
[ReportManager] Initial URL: [] @01-03-2022 02:11:45.0917 AM
[ReportManager] Browser Action [NavigateToURL] successfully performed. With the following test data [https://www.google.com/ncr]. @01-03-2022 02:11:48.0755 A

################################################################################################################################################
Starting Execution:	[39 out of 165] test cases in the current suite
Test Method:		[unitTests.tests_validations_assertions.assertElementAttribute_true_containsComparison_expectedToFail]
################################################################################################################################################
[ReportManager] Element Action [Type] successfully performed. With the following test data [Automation123]. @01-03-2022 02:11:49.0200 AM
[ReportManager] Element Action [GetText] successfully performed. With the following test data [Automation123]. @01-03-2022 02:11:49.0383 AM
[ReportManager] Assertion [ValidateElementAttribute] FAILED. Expected [Value Should be 'Automation1234' for the 'text' attribute, element locator 'By.name: q'] and Actual [Automation123]. Comparison Type [CONTAINS]. Validation Type [POSITIVE]. @01-03-2022 02:11:49.0733 AM
[ReportManager] Successfully created attachment [Screenshot - 1646100709538_assertElementAttribute_true_containsComparison_expectedToFail_ValidateElementAttribute_failed] @01-03-2022 02:11:49.0816 A
[ReportManager] Browser Action [CloseCurrentWindow] successfully performed. @01-03-2022 02:11:50.0226 AM
[ReportManager] Successfully created attachment [Browser Action Test Data - CloseCurrentWindow - Actual Value] @01-03-2022 02:11:50.0268 A
[ReportManager] File Action [GetAbsolutePath] successfully performed. With the following test data [Relative Folder Path: "target/downloadedFiles/"]. @01-03-2022 02:11:50.0401 AM
[ReportManager] Attempting to run locally on: [Mac-64], [Safari], Headless Execution. @01-03-2022 02:11:50.0401 AM
[ReportManager] Successfully Opened Safari. @01-03-2022 02:11:51.0336 AM
[ReportManager] Initial window size: (800, 600) @01-03-2022 02:11:51.0350 AM
[ReportManager] Window size after SWD Maximize: (1176, 803) @01-03-2022 02:11:51.0396 AM
[ReportManager] Browser Action [MaximizeWindow] successfully performed. With the following test data [New screen size is now: (1176, 803)]. @01-03-2022 02:11:51.0396 AM
[ReportManager] Target URL: [https://www.google.com/ncr], and after redirection: [www.google.com] @01-03-2022 02:11:51.0397 AM
[ReportManager] Initial URL: [] @01-03-2022 02:11:51.0472 AM
[ReportManager] Browser Action [NavigateToURL] successfully performed. With the following test data [https://www.google.com/ncr]. @01-03-2022 02:11:54.0170 A

################################################################################################################################################
Starting Execution:	[40 out of 165] test cases in the current suite
Test Method:		[unitTests.tests_validations_assertions.assertElementAttribute_true_containsComparison_expectedToPass]
################################################################################################################################################
[ReportManager] Element Action [Type] successfully performed. With the following test data [Automation123]. @01-03-2022 02:11:54.0552 AM
[ReportManager] Element Action [GetText] successfully performed. With the following test data [Automation123]. @01-03-2022 02:11:54.0614 AM
[ReportManager] Assertion [ValidateElementAttribute] PASSED. Expected [Value Should be 'Automation' for the 'text' attribute, element locator 'By.name: q'] and Actual [Automation123]. Comparison Type [CONTAINS]. Validation Type [POSITIVE]. @01-03-2022 02:11:55.0152 AM
[ReportManager] Successfully created attachment [Screenshot - 1646100714923_assertElementAttribute_true_containsComparison_expectedToPass_ValidateElementAttribute_passed] @01-03-2022 02:11:55.0234 A
[ReportManager] Browser Action [CloseCurrentWindow] successfully performed. @01-03-2022 02:11:55.0694 AM
[ReportManager] Successfully created attachment [Browser Action Test Data - CloseCurrentWindow - Actual Value] @01-03-2022 02:11:55.0735 A
[ReportManager] File Action [GetAbsolutePath] successfully performed. With the following test data [Relative Folder Path: "target/downloadedFiles/"]. @01-03-2022 02:11:55.0861 AM
[ReportManager] Attempting to run locally on: [Mac-64], [Safari], Headless Execution. @01-03-2022 02:11:55.0862 AM
[ReportManager] Successfully Opened Safari. @01-03-2022 02:11:56.0700 AM
[ReportManager] Initial window size: (800, 600) @01-03-2022 02:11:56.0716 AM
[ReportManager] Window size after SWD Maximize: (1176, 803) @01-03-2022 02:11:56.0733 AM
[ReportManager] Browser Action [MaximizeWindow] successfully performed. With the following test data [New screen size is now: (1176, 803)]. @01-03-2022 02:11:56.0733 AM
[ReportManager] Target URL: [https://www.google.com/ncr], and after redirection: [www.google.com] @01-03-2022 02:11:56.0733 AM
[ReportManager] Initial URL: [] @01-03-2022 02:11:56.0772 AM
[ReportManager] Browser Action [NavigateToURL] successfully performed. With the following test data [https://www.google.com/ncr]. @01-03-2022 02:11:59.0495 A

################################################################################################################################################
Starting Execution:	[41 out of 165] test cases in the current suite
Test Method:		[unitTests.tests_validations_assertions.assertElementAttribute_true_literalComparison_expectedToFail]
################################################################################################################################################
[ReportManager] Element Action [Type] successfully performed. With the following test data [Automation!@#$%^&*()_+{}[]\';/.,]. @01-03-2022 02:12:00.0235 AM
[ReportManager] Element Action [GetText] successfully performed. With the following test data [Automation!@#$%^&*()_+{}[]\';/.,]. @01-03-2022 02:12:00.0358 AM
[ReportManager] Assertion [ValidateElementAttribute] FAILED. Expected [Value Should be 'Automation' for the 'text' attribute, element locator 'By.name: q'] and Actual [Automation!@#$%^&*()_+{}[]\';/.,]. Comparison Type [EQUALS]. Validation Type [POSITIVE]. @01-03-2022 02:12:00.0625 AM
[ReportManager] Successfully created attachment [Screenshot - 1646100720510_assertElementAttribute_true_literalComparison_expectedToFail_ValidateElementAttribute_failed] @01-03-2022 02:12:00.0653 A
[ReportManager] Browser Action [CloseCurrentWindow] successfully performed. @01-03-2022 02:12:00.0840 AM
[ReportManager] Successfully created attachment [Browser Action Test Data - CloseCurrentWindow - Actual Value] @01-03-2022 02:12:00.0840 A
[ReportManager] File Action [GetAbsolutePath] successfully performed. With the following test data [Relative Folder Path: "target/downloadedFiles/"]. @01-03-2022 02:12:00.0844 AM
[ReportManager] Attempting to run locally on: [Mac-64], [Safari], Headless Execution. @01-03-2022 02:12:00.0844 AM
[ReportManager] An Exception Occured with this Message: Could not start a new session. Possible causes are invalid address of the remote server or browser start-up failure.. @01-03-2022 02:12:01.0195 AM
[ReportManager] Successfully created attachment [Exception Stack Trace - org.openqa.selenium.SessionNotCreatedException] @01-03-2022 02:12:01.0235 AM
[ReportManager] Driver Factory Action [createNewLocalDriverInstanceForSafari] failed. With the following test data [Failed to create a session on DESKTOP_SAFARI]. @01-03-2022 02:12:01.0236 A

################################################################################################################################################
Starting Execution:	[42 out of 165] test cases in the current suite
Test Method:		[unitTests.tests_validations_assertions.assertElementAttribute_true_literalComparison_expectedToPass]
###############################################################################################################################################



################################################################################################################################################
Starting Execution:	[43 out of 165] test cases in the current suite
Test Method:		[unitTests.tests_validations_assertions.assertElementAttribute_true_regexComparison_expectedToFail]
###############################################################################################################################################



################################################################################################################################################
Starting Execution:	[44 out of 165] test cases in the current suite
Test Method:		[unitTests.tests_validations_assertions.assertElementAttribute_true_regexComparison_expectedToPass]
###############################################################################################################################################



################################################################################################################################################
Starting Execution:	[45 out of 165] test cases in the current suite
Test Method:		[unitTests.tests_validations_assertions.assertElementAttribute_type_true_literalComparison_expectedToPass]
###############################################################################################################################################



################################################################################################################################################
Starting Execution:	[46 out of 165] test cases in the current suite
Test Method:		[unitTests.tests_validations_assertions.assertElementExists_false_expectedToFail]
###############################################################################################################################################



################################################################################################################################################
Starting Execution:	[47 out of 165] test cases in the current suite
Test Method:		[unitTests.tests_validations_assertions.assertElementExists_false_expectedToPass]
###############################################################################################################################################



################################################################################################################################################
Starting Execution:	[48 out of 165] test cases in the current suite
Test Method:		[unitTests.tests_validations_assertions.assertElementExists_false_multipleElementsFound_expectedToFail]
###############################################################################################################################################



################################################################################################################################################
Starting Execution:	[49 out of 165] test cases in the current suite
Test Method:		[unitTests.tests_validations_assertions.assertElementExists_true_expectedToFail]
###############################################################################################################################################



################################################################################################################################################
Starting Execution:	[50 out of 165] test cases in the current suite
Test Method:		[unitTests.tests_validations_assertions.assertElementExists_true_expectedToPass]
###############################################################################################################################################



################################################################################################################################################
Starting Execution:	[51 out of 165] test cases in the current suite
Test Method:		[unitTests.tests_validations_assertions.assertElementExists_true_multipleElementsFound_expectedToFail]
###############################################################################################################################################


################################################################################################################################################
Starting Execution:	[52 out of 165] test cases in the current suite
Test Method:		[unitTests.tests_validations_assertions.assertEquals_false_expectedToFail]
###############################################################################################################################################

################################################################################################################################################
Starting Execution:	[53 out of 165] test cases in the current suite
Test Method:		[unitTests.tests_validations_assertions.assertEquals_false_expectedToPass]
###############################################################################################################################################

################################################################################################################################################
Starting Execution:	[54 out of 165] test cases in the current suite
Test Method:		[unitTests.tests_validations_assertions.assertEquals_longCharacters]
###############################################################################################################################################

################################################################################################################################################
Starting Execution:	[55 out of 165] test cases in the current suite
Test Method:		[unitTests.tests_validations_assertions.assertEquals_longCharacters_Discreet]
###############################################################################################################################################

################################################################################################################################################
Starting Execution:	[56 out of 165] test cases in the current suite
Test Method:		[unitTests.tests_validations_assertions.assertEquals_true_expectedToFail]
###############################################################################################################################################

################################################################################################################################################
Starting Execution:	[57 out of 165] test cases in the current suite
Test Method:		[unitTests.tests_validations_assertions.assertEquals_true_expectedToPass]
Test Description:	[Assert that assertEquals works as expected when the two values are equal.]
###############################################################################################################################################

################################################################################################################################################
Starting Execution:	[58 out of 165] test cases in the current suite
Test Method:		[unitTests.tests_validations_assertions.assertEquals_true_expectedToPass__]
###############################################################################################################################################

################################################################################################################################################
Starting Execution:	[59 out of 165] test cases in the current suite
Test Method:		[unitTests.tests_validations_assertions.assertFileExists_false_expectedToFail]
###############################################################################################################################################

################################################################################################################################################
Starting Execution:	[60 out of 165] test cases in the current suite
Test Method:		[unitTests.tests_validations_assertions.assertFileExists_false_expectedToPass]
###############################################################################################################################################

################################################################################################################################################
Starting Execution:	[61 out of 165] test cases in the current suite
Test Method:		[unitTests.tests_validations_assertions.assertFileExists_true_expectedToFail]
###############################################################################################################################################

################################################################################################################################################
Starting Execution:	[62 out of 165] test cases in the current suite
Test Method:		[unitTests.tests_validations_assertions.assertFileExists_true_expectedToPass]
###############################################################################################################################################

################################################################################################################################################
Starting Execution:	[63 out of 165] test cases in the current suite
Test Method:		[unitTests.tests_validations_assertions.assertNull_false_expectedToFail]
###############################################################################################################################################

################################################################################################################################################
Starting Execution:	[64 out of 165] test cases in the current suite
Test Method:		[unitTests.tests_validations_assertions.assertNull_false_expectedToPass]
###############################################################################################################################################

################################################################################################################################################
Starting Execution:	[65 out of 165] test cases in the current suite
Test Method:		[unitTests.tests_validations_assertions.assertNull_true_expectedToFail]
###############################################################################################################################################

################################################################################################################################################
Starting Execution:	[66 out of 165] test cases in the current suite
Test Method:		[unitTests.tests_validations_assertions.assertNull_true_expectedToPass]
###############################################################################################################################################

################################################################################################################################################
Starting Execution:	[67 out of 165] test cases in the current suite
Test Method:		[unitTests.tests_restActions.getPostsAndAssertBodyForSpecificTitle]
################################################################################################################################################
[ReportManager] Response status code: [200], status line: [HTTP/1.1 200 OK] @01-03-2022 02:12:06.0834 AM
[ReportManager] Assertion Passed: Evaluating the actual response status code against the expected one... @01-03-2022 02:12:06.0836 AM
[ReportManager] Assertion [ValidateComparativeRelation] PASSED. Expected [200] and Actual [200]. Comparison Type [EQUALS]. Validation Type [POSITIVE]. @01-03-2022 02:12:06.0836 AM
[ReportManager] API Action [PerformRequest] successfully performed. With the following test data [Request Type: "GET" | Target Status Code: "200" | Service URL: "https://jsonplaceholder.typicode.com/posts" | Content Type: "*/*" | Response Time: "699ms"]. @01-03-2022 02:12:08.0047 AM
[ReportManager] Successfully created attachment [API Request - Specifications] @01-03-2022 02:12:08.0089 AM
[ReportManager] Successfully created attachment [API Response - JSON Body] @01-03-2022 02:12:08.0451 AM
[ReportManager] API Action [GetResponseJSONValueAsList] successfully performed. @01-03-2022 02:12:08.0481 AM
[ReportManager] API Action [GetResponseJSONValue] successfully performed. With the following test data [title]. @01-03-2022 02:12:08.0504 AM
[ReportManager] API Action [GetResponseJSONValue] successfully performed. With the following test data [title]. @01-03-2022 02:12:08.0520 AM
[ReportManager] API Action [GetResponseJSONValue] successfully performed. With the following test data [body]. @01-03-2022 02:12:08.0536 AM
[ReportManager] Assertion [ValidateEquals] PASSED. Expected [qui neque nisi nulla] and Actual [est rerum tempore vitae
sequi sint nihil reprehenderit dolor beatae ea dolores neque
fugiat blanditiis voluptate porro vel nihil molestiae ut reiciendis
qui aperiam non debitis possimus qui neque nisi nulla]. Comparison Type [CONTAINS]. Validation Type [POSITIVE]. @01-03-2022 02:12:08.0536 AM
[ReportManager] API Action [GetResponseJSONValue] successfully performed. With the following test data [title]. @01-03-2022 02:12:08.0550 AM
[ReportManager] API Action [GetResponseJSONValue] successfully performed. With the following test data [title]. @01-03-2022 02:12:08.0566 AM
[ReportManager] API Action [GetResponseJSONValue] successfully performed. With the following test data [title]. @01-03-2022 02:12:08.0579 AM
[ReportManager] API Action [GetResponseJSONValue] successfully performed. With the following test data [title]. @01-03-2022 02:12:08.0595 AM
[ReportManager] API Action [GetResponseJSONValue] successfully performed. With the following test data [title]. @01-03-2022 02:12:08.0609 AM
[ReportManager] API Action [GetResponseJSONValue] successfully performed. With the following test data [title]. @01-03-2022 02:12:08.0625 AM
[ReportManager] API Action [GetResponseJSONValue] successfully performed. With the following test data [title]. @01-03-2022 02:12:08.0638 AM
[ReportManager] API Action [GetResponseJSONValue] successfully performed. With the following test data [title]. @01-03-2022 02:12:08.0653 AM
[ReportManager] API Action [GetResponseJSONValue] successfully performed. With the following test data [title]. @01-03-2022 02:12:08.0667 AM
[ReportManager] API Action [GetResponseJSONValue] successfully performed. With the following test data [title]. @01-03-2022 02:12:08.0681 AM
[ReportManager] API Action [GetResponseJSONValue] successfully performed. With the following test data [title]. @01-03-2022 02:12:08.0703 AM
[ReportManager] API Action [GetResponseJSONValue] successfully performed. With the following test data [title]. @01-03-2022 02:12:08.0724 AM
[ReportManager] API Action [GetResponseJSONValue] successfully performed. With the following test data [title]. @01-03-2022 02:12:08.0739 AM
[ReportManager] API Action [GetResponseJSONValue] successfully performed. With the following test data [title]. @01-03-2022 02:12:08.0752 AM
[ReportManager] API Action [GetResponseJSONValue] successfully performed. With the following test data [title]. @01-03-2022 02:12:08.0782 AM
[ReportManager] API Action [GetResponseJSONValue] successfully performed. With the following test data [title]. @01-03-2022 02:12:08.0795 AM
[ReportManager] API Action [GetResponseJSONValue] successfully performed. With the following test data [title]. @01-03-2022 02:12:08.0811 AM
[ReportManager] API Action [GetResponseJSONValue] successfully performed. With the following test data [title]. @01-03-2022 02:12:08.0827 AM
[ReportManager] API Action [GetResponseJSONValue] successfully performed. With the following test data [title]. @01-03-2022 02:12:08.0842 AM
[ReportManager] API Action [GetResponseJSONValue] successfully performed. With the following test data [title]. @01-03-2022 02:12:08.0854 AM
[ReportManager] API Action [GetResponseJSONValue] successfully performed. With the following test data [title]. @01-03-2022 02:12:08.0866 AM
[ReportManager] API Action [GetResponseJSONValue] successfully performed. With the following test data [title]. @01-03-2022 02:12:08.0880 AM
[ReportManager] API Action [GetResponseJSONValue] successfully performed. With the following test data [title]. @01-03-2022 02:12:08.0893 AM
[ReportManager] API Action [GetResponseJSONValue] successfully performed. With the following test data [title]. @01-03-2022 02:12:08.0908 AM
[ReportManager] API Action [GetResponseJSONValue] successfully performed. With the following test data [title]. @01-03-2022 02:12:08.0921 AM
[ReportManager] API Action [GetResponseJSONValue] successfully performed. With the following test data [title]. @01-03-2022 02:12:08.0934 AM
[ReportManager] API Action [GetResponseJSONValue] successfully performed. With the following test data [title]. @01-03-2022 02:12:08.0952 AM
[ReportManager] API Action [GetResponseJSONValue] successfully performed. With the following test data [title]. @01-03-2022 02:12:08.0966 AM
[ReportManager] API Action [GetResponseJSONValue] successfully performed. With the following test data [title]. @01-03-2022 02:12:08.0978 AM
[ReportManager] API Action [GetResponseJSONValue] successfully performed. With the following test data [title]. @01-03-2022 02:12:08.0989 AM
[ReportManager] API Action [GetResponseJSONValue] successfully performed. With the following test data [title]. @01-03-2022 02:12:09.0001 AM
[ReportManager] API Action [GetResponseJSONValue] successfully performed. With the following test data [title]. @01-03-2022 02:12:09.0013 AM
[ReportManager] API Action [GetResponseJSONValue] successfully performed. With the following test data [title]. @01-03-2022 02:12:09.0028 AM
[ReportManager] API Action [GetResponseJSONValue] successfully performed. With the following test data [title]. @01-03-2022 02:12:09.0041 AM
[ReportManager] API Action [GetResponseJSONValue] successfully performed. With the following test data [title]. @01-03-2022 02:12:09.0054 AM
[ReportManager] API Action [GetResponseJSONValue] successfully performed. With the following test data [title]. @01-03-2022 02:12:09.0067 AM
[ReportManager] API Action [GetResponseJSONValue] successfully performed. With the following test data [title]. @01-03-2022 02:12:09.0079 AM
[ReportManager] API Action [GetResponseJSONValue] successfully performed. With the following test data [title]. @01-03-2022 02:12:09.0091 AM
[ReportManager] API Action [GetResponseJSONValue] successfully performed. With the following test data [title]. @01-03-2022 02:12:09.0103 AM
[ReportManager] API Action [GetResponseJSONValue] successfully performed. With the following test data [title]. @01-03-2022 02:12:09.0115 AM
[ReportManager] API Action [GetResponseJSONValue] successfully performed. With the following test data [title]. @01-03-2022 02:12:09.0126 AM
[ReportManager] API Action [GetResponseJSONValue] successfully performed. With the following test data [title]. @01-03-2022 02:12:09.0138 AM
[ReportManager] API Action [GetResponseJSONValue] successfully performed. With the following test data [title]. @01-03-2022 02:12:09.0151 AM
[ReportManager] API Action [GetResponseJSONValue] successfully performed. With the following test data [title]. @01-03-2022 02:12:09.0164 AM
[ReportManager] API Action [GetResponseJSONValue] successfully performed. With the following test data [title]. @01-03-2022 02:12:09.0177 AM
[ReportManager] API Action [GetResponseJSONValue] successfully performed. With the following test data [title]. @01-03-2022 02:12:09.0189 AM
[ReportManager] API Action [GetResponseJSONValue] successfully performed. With the following test data [title]. @01-03-2022 02:12:09.0200 AM
[ReportManager] API Action [GetResponseJSONValue] successfully performed. With the following test data [title]. @01-03-2022 02:12:09.0213 AM
[ReportManager] API Action [GetResponseJSONValue] successfully performed. With the following test data [title]. @01-03-2022 02:12:09.0225 AM
[ReportManager] API Action [GetResponseJSONValue] successfully performed. With the following test data [title]. @01-03-2022 02:12:09.0236 AM
[ReportManager] API Action [GetResponseJSONValue] successfully performed. With the following test data [title]. @01-03-2022 02:12:09.0249 AM
[ReportManager] API Action [GetResponseJSONValue] successfully performed. With the following test data [title]. @01-03-2022 02:12:09.0265 AM
[ReportManager] API Action [GetResponseJSONValue] successfully performed. With the following test data [title]. @01-03-2022 02:12:09.0280 AM
[ReportManager] API Action [GetResponseJSONValue] successfully performed. With the following test data [title]. @01-03-2022 02:12:09.0293 AM
[ReportManager] API Action [GetResponseJSONValue] successfully performed. With the following test data [title]. @01-03-2022 02:12:09.0304 AM
[ReportManager] API Action [GetResponseJSONValue] successfully performed. With the following test data [title]. @01-03-2022 02:12:09.0315 AM
[ReportManager] API Action [GetResponseJSONValue] successfully performed. With the following test data [title]. @01-03-2022 02:12:09.0327 AM
[ReportManager] API Action [GetResponseJSONValue] successfully performed. With the following test data [title]. @01-03-2022 02:12:09.0339 AM
[ReportManager] API Action [GetResponseJSONValue] successfully performed. With the following test data [title]. @01-03-2022 02:12:09.0351 AM
[ReportManager] API Action [GetResponseJSONValue] successfully performed. With the following test data [title]. @01-03-2022 02:12:09.0379 AM
[ReportManager] API Action [GetResponseJSONValue] successfully performed. With the following test data [title]. @01-03-2022 02:12:09.0390 AM
[ReportManager] API Action [GetResponseJSONValue] successfully performed. With the following test data [title]. @01-03-2022 02:12:09.0402 AM
[ReportManager] API Action [GetResponseJSONValue] successfully performed. With the following test data [title]. @01-03-2022 02:12:09.0414 AM
[ReportManager] API Action [GetResponseJSONValue] successfully performed. With the following test data [title]. @01-03-2022 02:12:09.0426 AM
[ReportManager] API Action [GetResponseJSONValue] successfully performed. With the following test data [title]. @01-03-2022 02:12:09.0438 AM
[ReportManager] API Action [GetResponseJSONValue] successfully performed. With the following test data [title]. @01-03-2022 02:12:09.0449 AM
[ReportManager] API Action [GetResponseJSONValue] successfully performed. With the following test data [title]. @01-03-2022 02:12:09.0461 AM
[ReportManager] API Action [GetResponseJSONValue] successfully performed. With the following test data [title]. @01-03-2022 02:12:09.0474 AM
[ReportManager] API Action [GetResponseJSONValue] successfully performed. With the following test data [title]. @01-03-2022 02:12:09.0488 AM
[ReportManager] API Action [GetResponseJSONValue] successfully performed. With the following test data [title]. @01-03-2022 02:12:09.0500 AM
[ReportManager] API Action [GetResponseJSONValue] successfully performed. With the following test data [title]. @01-03-2022 02:12:09.0513 AM
[ReportManager] API Action [GetResponseJSONValue] successfully performed. With the following test data [title]. @01-03-2022 02:12:09.0526 AM
[ReportManager] API Action [GetResponseJSONValue] successfully performed. With the following test data [title]. @01-03-2022 02:12:09.0539 AM
[ReportManager] API Action [GetResponseJSONValue] successfully performed. With the following test data [title]. @01-03-2022 02:12:09.0551 AM
[ReportManager] API Action [GetResponseJSONValue] successfully performed. With the following test data [title]. @01-03-2022 02:12:09.0563 AM
[ReportManager] API Action [GetResponseJSONValue] successfully performed. With the following test data [title]. @01-03-2022 02:12:09.0574 AM
[ReportManager] API Action [GetResponseJSONValue] successfully performed. With the following test data [title]. @01-03-2022 02:12:09.0588 AM
[ReportManager] API Action [GetResponseJSONValue] successfully performed. With the following test data [title]. @01-03-2022 02:12:09.0601 AM
[ReportManager] API Action [GetResponseJSONValue] successfully performed. With the following test data [title]. @01-03-2022 02:12:09.0613 AM
[ReportManager] API Action [GetResponseJSONValue] successfully performed. With the following test data [title]. @01-03-2022 02:12:09.0625 AM
[ReportManager] API Action [GetResponseJSONValue] successfully performed. With the following test data [title]. @01-03-2022 02:12:09.0637 AM
[ReportManager] API Action [GetResponseJSONValue] successfully performed. With the following test data [title]. @01-03-2022 02:12:09.0648 AM
[ReportManager] API Action [GetResponseJSONValue] successfully performed. With the following test data [title]. @01-03-2022 02:12:09.0672 AM
[ReportManager] API Action [GetResponseJSONValue] successfully performed. With the following test data [title]. @01-03-2022 02:12:09.0685 AM
[ReportManager] API Action [GetResponseJSONValue] successfully performed. With the following test data [title]. @01-03-2022 02:12:09.0696 AM
[ReportManager] API Action [GetResponseJSONValue] successfully performed. With the following test data [title]. @01-03-2022 02:12:09.0707 AM
[ReportManager] API Action [GetResponseJSONValue] successfully performed. With the following test data [title]. @01-03-2022 02:12:09.0719 AM
[ReportManager] API Action [GetResponseJSONValue] successfully performed. With the following test data [title]. @01-03-2022 02:12:09.0732 AM
[ReportManager] API Action [GetResponseJSONValue] successfully performed. With the following test data [title]. @01-03-2022 02:12:09.0742 AM
[ReportManager] API Action [GetResponseJSONValue] successfully performed. With the following test data [title]. @01-03-2022 02:12:09.0754 AM
[ReportManager] API Action [GetResponseJSONValue] successfully performed. With the following test data [title]. @01-03-2022 02:12:09.0769 AM
[ReportManager] API Action [GetResponseJSONValue] successfully performed. With the following test data [title]. @01-03-2022 02:12:09.0785 AM
[ReportManager] API Action [GetResponseJSONValue] successfully performed. With the following test data [title]. @01-03-2022 02:12:09.0795 AM
[ReportManager] API Action [GetResponseJSONValue] successfully performed. With the following test data [title]. @01-03-2022 02:12:09.0807 AM
[ReportManager] API Action [GetResponseJSONValue] successfully performed. With the following test data [title]. @01-03-2022 02:12:09.0819 AM
[ReportManager] API Action [GetResponseJSONValue] successfully performed. With the following test data [title]. @01-03-2022 02:12:09.0831 AM
[ReportManager] API Action [GetResponseJSONValue] successfully performed. With the following test data [title]. @01-03-2022 02:12:09.0842 AM
[ReportManager] API Action [GetResponseJSONValue] successfully performed. With the following test data [title]. @01-03-2022 02:12:09.0855 A

################################################################################################################################################
Starting Execution:	[68 out of 165] test cases in the current suite
Test Method:		[unitTests.tests_restActions.validateUserEmail]
################################################################################################################################################
[ReportManager] Response status code: [200], status line: [HTTP/1.1 200 OK] @01-03-2022 02:12:10.0069 AM
[ReportManager] Assertion Passed: Evaluating the actual response status code against the expected one... @01-03-2022 02:12:10.0069 AM
[ReportManager] Assertion [ValidateComparativeRelation] PASSED. Expected [200] and Actual [200]. Comparison Type [EQUALS]. Validation Type [POSITIVE]. @01-03-2022 02:12:10.0069 AM
[ReportManager] API Action [PerformRequest] successfully performed. With the following test data [Request Type: "GET" | Target Status Code: "200" | Service URL: "https://jsonplaceholder.typicode.com/users" | Content Type: "*/*" | Response Time: "70ms"]. @01-03-2022 02:12:10.0093 AM
[ReportManager] Successfully created attachment [API Request - Specifications] @01-03-2022 02:12:10.0134 AM
[ReportManager] Successfully created attachment [API Response - JSON Body] @01-03-2022 02:12:10.0216 AM
[ReportManager] Assertion [ValidateEquals] PASSED. Expected and Actual values are attached. Comparison Type [CONTAINS]. Validation Type [POSITIVE]. @01-03-2022 02:12:10.0217 AM
[ReportManager] Successfully created attachment [Validation Test Data - Expected Value] @01-03-2022 02:12:10.0257 AM
[ReportManager] Successfully created attachment [Validation Test Data - Actual Value] @01-03-2022 02:12:10.0298 AM
[ReportManager] API Action [GetResponseJSONValueAsList] successfully performed. With the following test data [$]. @01-03-2022 02:12:10.0312 AM
[ReportManager] API Action [GetResponseJSONValue] successfully performed. With the following test data [name]. @01-03-2022 02:12:10.0348 AM
[ReportManager] API Action [GetResponseJSONValue] successfully performed. With the following test data [email]. @01-03-2022 02:12:10.0360 AM
[ReportManager] Assertion [ValidateEquals] PASSED. Expected [Sincere@april.biz] and Actual [Sincere@april.biz]. Comparison Type [EQUALS]. Validation Type [POSITIVE]. @01-03-2022 02:12:10.0362 AM
[ReportManager] API Action [GetResponseJSONValue] successfully performed. With the following test data [name]. @01-03-2022 02:12:10.0378 AM
[ReportManager] API Action [GetResponseJSONValue] successfully performed. With the following test data [name]. @01-03-2022 02:12:10.0399 AM
[ReportManager] API Action [GetResponseJSONValue] successfully performed. With the following test data [name]. @01-03-2022 02:12:10.0419 AM
[ReportManager] API Action [GetResponseJSONValue] successfully performed. With the following test data [name]. @01-03-2022 02:12:10.0438 AM
[ReportManager] API Action [GetResponseJSONValue] successfully performed. With the following test data [name]. @01-03-2022 02:12:10.0452 AM
[ReportManager] API Action [GetResponseJSONValue] successfully performed. With the following test data [name]. @01-03-2022 02:12:10.0467 AM
[ReportManager] API Action [GetResponseJSONValue] successfully performed. With the following test data [name]. @01-03-2022 02:12:10.0482 AM
[ReportManager] API Action [GetResponseJSONValue] successfully performed. With the following test data [name]. @01-03-2022 02:12:10.0493 AM
[ReportManager] API Action [GetResponseJSONValue] successfully performed. With the following test data [name]. @01-03-2022 02:12:10.0511 A
[ReportManager] File Action [GetAbsolutePath] successfully performed. With the following test data [Relative Folder Path: "target/downloadedFiles/"]. @01-03-2022 02:12:10.0648 AM
[ReportManager] Attempting to run locally on: [Mac-64], [Safari], Headless Execution. @01-03-2022 02:12:10.0649 AM
[ReportManager] Successfully Opened Safari. @01-03-2022 02:12:11.0519 AM
[ReportManager] Initial window size: (800, 600) @01-03-2022 02:12:11.0537 AM
[ReportManager] Window size after SWD Maximize: (1176, 803) @01-03-2022 02:12:11.0568 AM
[ReportManager] Browser Action [MaximizeWindow] successfully performed. With the following test data [New screen size is now: (1176, 803)]. @01-03-2022 02:12:11.0568 A

################################################################################################################################################
Starting Execution:	[69 out of 165] test cases in the current suite
Test Method:		[testPackage01.Test_uploadFile.uploadFile_invisibleUploadInput]
################################################################################################################################################
[ReportManager] Target URL: [https://fineuploader.com/demos.html#gallery-view] @01-03-2022 02:12:11.0695 AM
[ReportManager] Initial URL: [] @01-03-2022 02:12:11.0732 AM
[ReportManager] Browser Action [NavigateToURL] successfully performed. With the following test data [https://fineuploader.com/demos.html#gallery-view]. @01-03-2022 02:12:13.0637 AM
[ReportManager] File Action [GetAbsolutePath] successfully performed. With the following test data [Relative File Path: "src/main/resources/images/shaft.png"]. @01-03-2022 02:12:13.0638 AM
[ReportManager] Successfully created attachment [File Action Actual Result - Command Log] @01-03-2022 02:12:13.0721 AM
[ReportManager] Element Action [TypeFileLocationForUpload] successfully performed. With the following test data [/Users/runner/work/SHAFT_ENGINE/SHAFT_ENGINE/src/main/resources/images/shaft.png]. @01-03-2022 02:12:13.0789 AM
[ReportManager] Attempting to getAttribute [src] from elementLocator [By.xpath: //div[@id='fine-uploader-gallery']//div[@class='qq-thumbnail-wrapper']/img]. @01-03-2022 02:12:13.0793 AM
[ReportManager] Element Action [GetAttribute] successfully performed. @01-03-2022 02:12:13.0973 AM
[ReportManager] Successfully created attachment [Element Action Test Data - GetAttribute - Actual Value] @01-03-2022 02:12:14.0055 AM
[ReportManager] Assertion Passed: Then I Assert that the element found by [By.xpath: //div[@id='fine-uploader-gallery']//div[@class='qq-thumbnail-wrapper']/img] attribute [src] contains [data:image/png;base64]. @01-03-2022 02:12:14.0506 AM
[ReportManager] Successfully created attachment [Validation Test Data - Expected Value] @01-03-2022 02:12:14.0547 AM
[ReportManager] Successfully created attachment [Validation Test Data - Actual Value] @01-03-2022 02:12:14.0629 AM
[ReportManager] Successfully created attachment [Screenshot - 1646100734224_uploadFile_invisibleUploadInput_ValidateElementAttribute_passed] @01-03-2022 02:12:14.0675 AM
[ReportManager] Assertion [ValidateElementAttribute] PASSED. Expected and Actual values are attached. Comparison Type [CONTAINS]. Validation Type [POSITIVE]. @01-03-2022 02:12:14.0675 A
[ReportManager] Browser Action [CloseCurrentWindow] successfully performed. @01-03-2022 02:12:15.0133 AM
[ReportManager] Successfully created attachment [Browser Action Test Data - CloseCurrentWindow - Actual Value] @01-03-2022 02:12:15.0175 A
[ReportManager] File Action [GetAbsolutePath] successfully performed. With the following test data [Relative Folder Path: "target/downloadedFiles/"]. @01-03-2022 02:12:15.0304 AM
[ReportManager] Attempting to run locally on: [Mac-64], [Safari], Headless Execution. @01-03-2022 02:12:15.0304 AM
[ReportManager] Successfully Opened Safari. @01-03-2022 02:12:16.0184 AM
[ReportManager] Initial window size: (800, 600) @01-03-2022 02:12:16.0206 AM
[ReportManager] Window size after SWD Maximize: (1176, 803) @01-03-2022 02:12:16.0234 AM
[ReportManager] Browser Action [MaximizeWindow] successfully performed. With the following test data [New screen size is now: (1176, 803)]. @01-03-2022 02:12:16.0235 A

################################################################################################################################################
Starting Execution:	[70 out of 165] test cases in the current suite
Test Method:		[testPackage01.Test_uploadFile.uploadFile_visibleUploadInput]
################################################################################################################################################
[ReportManager] Target URL: [https://demo.guru99.com/test/upload/] @01-03-2022 02:12:16.0361 AM
[ReportManager] Initial URL: [] @01-03-2022 02:12:16.0389 AM
[ReportManager] Browser Action [NavigateToURL] successfully performed. With the following test data [https://demo.guru99.com/test/upload/]. @01-03-2022 02:12:18.0733 AM
[ReportManager] File Action [GetAbsolutePath] successfully performed. With the following test data [Relative Folder Path: "src/main/resources/images/shaft.png"]. @01-03-2022 02:12:18.0734 AM
[ReportManager] Element Action [TypeFileLocationForUpload] successfully performed. With the following test data [/Users/runner/work/SHAFT_ENGINE/SHAFT_ENGINE/src/main/resources/images/shaft.png]. @01-03-2022 02:12:18.0799 AM
[ReportManager] Element Action [Click] successfully performed. With the following test data [By.id: terms]. @01-03-2022 02:12:19.0106 AM
[ReportManager] Element Action [Click] successfully performed. With the following test data [By.id: submitbutton]. @01-03-2022 02:12:19.0367 AM
[ReportManager] Element Action [GetText] successfully performed. With the following test data [1 file has been successfully uploaded.]. @01-03-2022 02:12:20.0693 AM
[ReportManager] Assertion Passed: Then I Assert that the element found by [By.id: res] attribute [Text] contains [1 file]. @01-03-2022 02:12:21.0096 AM
[ReportManager] Successfully created attachment [Screenshot - 1646100740887_uploadFile_visibleUploadInput_ValidateElementAttribute_passed] @01-03-2022 02:12:21.0179 AM
[ReportManager] Assertion [ValidateElementAttribute] PASSED. Expected [Value Should be '1 file' for the 'Text' attribute, element locator 'By.id: res'] and Actual [1 file has been successfully uploaded.]. Comparison Type [CONTAINS]. Validation Type [POSITIVE]. @01-03-2022 02:12:21.0179 A
[ReportManager] Browser Action [CloseCurrentWindow] successfully performed. @01-03-2022 02:12:21.0362 AM
[ReportManager] Successfully created attachment [Browser Action Test Data - CloseCurrentWindow - Actual Value] @01-03-2022 02:12:21.0403 A

################################################################################################################################################
Starting Execution:	[71 out of 165] test cases in the current suite
Test Method:		[testPackage01.Test_AssertApiResponseEquals.assertApiResponseEquals_expectedToPass]
################################################################################################################################################
[ReportManager] Response status code: [200], status line: [HTTP/1.1 200 OK] @01-03-2022 02:12:21.0605 AM
[ReportManager] Assertion Passed: Evaluating the actual response status code against the expected one... @01-03-2022 02:12:21.0605 AM
[ReportManager] Assertion [ValidateComparativeRelation] PASSED. Expected [200] and Actual [200]. Comparison Type [EQUALS]. Validation Type [POSITIVE]. @01-03-2022 02:12:21.0606 AM
[ReportManager] API Action [PerformRequest] successfully performed. With the following test data [Request Type: "GET" | Target Status Code: "200" | Service URL: "https://jsonplaceholder.typicode.com/users" | Content Type: "*/*" | Response Time: "68ms"]. @01-03-2022 02:12:21.0630 AM
[ReportManager] Successfully created attachment [API Request - Specifications] @01-03-2022 02:12:21.0712 AM
[ReportManager] Successfully created attachment [API Response - JSON Body] @01-03-2022 02:12:21.0753 AM
[ReportManager] API Action [GetResponseJSONValueAsList] successfully performed. With the following test data [$]. @01-03-2022 02:12:21.0762 AM
[ReportManager] API Action [GetResponseJSONValue] successfully performed. With the following test data [name]. @01-03-2022 02:12:21.0776 AM
[ReportManager] API Action [GetResponseJSONValue] successfully performed. With the following test data [email]. @01-03-2022 02:12:21.0795 AM
[ReportManager] Verification [ValidateEquals] PASSED. Expected [Sincere@april.biz] and Actual [Sincere@april.biz]. Comparison Type [EQUALS]. Validation Type [POSITIVE]. @01-03-2022 02:12:21.0796 AM
[ReportManager] API Action [GetResponseJSONValue] successfully performed. With the following test data [username]. @01-03-2022 02:12:21.0811 AM
[ReportManager] Assertion [ValidateEquals] PASSED. Expected [Bret] and Actual [Bret]. Comparison Type [EQUALS]. Validation Type [POSITIVE]. @01-03-2022 02:12:21.0811 AM
[ReportManager] API Action [GetResponseJSONValue] successfully performed. With the following test data [name]. @01-03-2022 02:12:21.0824 AM
[ReportManager] API Action [GetResponseJSONValue] successfully performed. With the following test data [name]. @01-03-2022 02:12:21.0836 AM
[ReportManager] API Action [GetResponseJSONValue] successfully performed. With the following test data [name]. @01-03-2022 02:12:21.0848 AM
[ReportManager] API Action [GetResponseJSONValue] successfully performed. With the following test data [name]. @01-03-2022 02:12:21.0861 AM
[ReportManager] API Action [GetResponseJSONValue] successfully performed. With the following test data [name]. @01-03-2022 02:12:21.0873 AM
[ReportManager] API Action [GetResponseJSONValue] successfully performed. With the following test data [name]. @01-03-2022 02:12:21.0885 AM
[ReportManager] API Action [GetResponseJSONValue] successfully performed. With the following test data [name]. @01-03-2022 02:12:21.0897 AM
[ReportManager] API Action [GetResponseJSONValue] successfully performed. With the following test data [name]. @01-03-2022 02:12:21.0908 AM
[ReportManager] API Action [GetResponseJSONValue] successfully performed. With the following test data [name]. @01-03-2022 02:12:21.0919 A
[ReportManager] File Action [GetAbsolutePath] successfully performed. With the following test data [Relative Folder Path: "target/downloadedFiles/"]. @01-03-2022 02:12:22.0045 AM
[ReportManager] Attempting to run locally on: [Mac-64], [Safari], Headless Execution. @01-03-2022 02:12:22.0045 AM
[ReportManager] Successfully Opened Safari. @01-03-2022 02:12:22.0969 AM
[ReportManager] Initial window size: (800, 600) @01-03-2022 02:12:22.0976 AM
[ReportManager] Window size after SWD Maximize: (1176, 803) @01-03-2022 02:12:22.0995 AM
[ReportManager] Browser Action [MaximizeWindow] successfully performed. With the following test data [New screen size is now: (1176, 803)]. @01-03-2022 02:12:22.0995 AM
[ReportManager] Target URL: [http://the-internet.herokuapp.com/javascript_alerts] @01-03-2022 02:12:22.0995 AM
[ReportManager] Initial URL: [] @01-03-2022 02:12:23.0057 AM
[ReportManager] Browser Action [NavigateToURL] successfully performed. With the following test data [http://the-internet.herokuapp.com/javascript_alerts]. @01-03-2022 02:12:25.0280 A

################################################################################################################################################
Starting Execution:	[72 out of 165] test cases in the current suite
Test Method:		[testPackage01.TestJSPromptBox.dismissAlert]
################################################################################################################################################
[ReportManager] Element Action [Click] successfully performed. With the following test data [By.xpath: //button[contains(text(),'Click for JS Prompt')]]. @01-03-2022 02:12:25.0600 AM
[ReportManager] Alert is present @01-03-2022 02:12:25.0662 AM
[ReportManager] Element Action [DismissAlert] successfully performed. @01-03-2022 02:12:25.0694 A

################################################################################################################################################
Starting Execution:	[73 out of 165] test cases in the current suite
Test Method:		[testPackage01.TestJSPromptBox.assertOnCancelAlertResultText]
################################################################################################################################################
[ReportManager] Element Action [GetText] successfully performed. With the following test data [You entered: null]. @01-03-2022 02:12:25.0892 AM
[ReportManager] Assertion Passed: Then I Assert that the element found by [By.id: result] attribute [TEXT] is equal to [You entered: null]. @01-03-2022 02:12:26.0273 AM
[ReportManager] Successfully created attachment [Screenshot - 1646100746061_assertOnCancelAlertResultText_ValidateElementAttribute_passed] @01-03-2022 02:12:26.0356 AM
[ReportManager] Assertion [ValidateElementAttribute] PASSED. Expected [Value Should be 'You entered: null' for the 'text' attribute, element locator 'By.id: result'] and Actual [You entered: null]. Comparison Type [EQUALS]. Validation Type [POSITIVE]. @01-03-2022 02:12:26.0356 A

################################################################################################################################################
Starting Execution:	[74 out of 165] test cases in the current suite
Test Method:		[testPackage01.TestJSPromptBox.getAlertText]
################################################################################################################################################
[ReportManager] Element Action [Click] successfully performed. With the following test data [By.xpath: //button[contains(text(),'Click for JS Prompt')]]. @01-03-2022 02:12:26.0730 AM
[ReportManager] Alert is present @01-03-2022 02:12:26.0736 AM
[ReportManager] Alert Text is: [I am a JS prompt] @01-03-2022 02:12:26.0767 AM
[ReportManager] Element Action [GetAlertText] successfully performed. @01-03-2022 02:12:26.0767 AM
[ReportManager] Alert text is: [I am a JS prompt] @01-03-2022 02:12:26.0767 AM
[ReportManager] Alert is present @01-03-2022 02:12:26.0786 AM
[ReportManager] Alert Text is: [I am a JS prompt] @01-03-2022 02:12:26.0797 AM
[ReportManager] Element Action [GetAlertText] successfully performed. @01-03-2022 02:12:26.0797 AM
[ReportManager] Assertion Passed: Then I Assert that [I am a JS prompt] is equal to [I am a JS prompt]. @01-03-2022 02:12:26.0797 AM
[ReportManager] Assertion [ValidateEquals] PASSED. Expected [I am a JS prompt] and Actual [I am a JS prompt]. Comparison Type [EQUALS]. Validation Type [POSITIVE]. @01-03-2022 02:12:26.0797 A

################################################################################################################################################
Starting Execution:	[75 out of 165] test cases in the current suite
Test Method:		[testPackage01.TestJSPromptBox.acceptPromptAlertWithoutTypingTextMessage]
################################################################################################################################################
[ReportManager] Alert is not present @01-03-2022 02:12:57.0515 AM
[ReportManager] Element Action [WaitForAlertToBePresent] failed. @01-03-2022 02:12:57.0745 AM
[ReportManager] Successfully created attachment [Screenshot - 1646100777538_acceptPromptAlertWithoutTypingTextMessage_WaitForAlertToBePresent_failed] @01-03-2022 02:12:57.0826 A

################################################################################################################################################
Starting Execution:	[76 out of 165] test cases in the current suite
Test Method:		[testPackage01.TestJSPromptBox.assertOnConfirmPromptAlertWithoutTypingTextMessageResultText]
###############################################################################################################################################

################################################################################################################################################
Starting Execution:	[77 out of 165] test cases in the current suite
Test Method:		[testPackage01.TestJSPromptBox.acceptPromptAlertWithTextMessage]
###############################################################################################################################################

################################################################################################################################################
Starting Execution:	[78 out of 165] test cases in the current suite
Test Method:		[testPackage01.TestJSPromptBox.assertOnConfirmPromptAlertWithTextMessageResultText]
###############################################################################################################################################
[ReportManager] Browser Action [CloseCurrentWindow] successfully performed. @01-03-2022 02:12:58.0685 AM
[ReportManager] Successfully created attachment [Browser Action Test Data - CloseCurrentWindow - Actual Value] @01-03-2022 02:12:58.0767 A

################################################################################################################################################
Starting Execution:	[79 out of 165] test cases in the current suite
Test Method:		[testPackage01.Test_testData.f]
################################################################################################################################################
[ReportManager] Successfully loaded the following test data file [src/test/resources/testDataFiles/testSuite01/TestData.xlsx]. @01-03-2022 02:12:58.0851 AM
[ReportManager] Successfully created attachment [Test Data - Excel] @01-03-2022 02:12:58.0892 AM
[ReportManager] Last Column Number is: [3]. Zero-based. @01-03-2022 02:12:58.0893 A

################################################################################################################################################
Starting Execution:	[80 out of 165] test cases in the current suite
Test Method:		[testPackage01.Test_PDF.testPDF1]
################################################################################################################################################
[ReportManager] File Action [DoesFileExist] successfully performed. With the following test data [File Path: "src/test/resources/testDataFiles/sample.pdf"]. @01-03-2022 02:12:59.0021 AM
[ReportManager] File Action [GetAbsolutePath] successfully performed. With the following test data [Relative Folder Path: "src/test/resources/testDataFiles/sample.pdf"]. @01-03-2022 02:12:59.0023 AM
[ReportManager] Assertion Passed: Checking to see that the pdf file contains [A Simple PDF File] @01-03-2022 02:14:44.0684 AM
[ReportManager] Successfully created attachment [Validation Test Data - Expected Value] @01-03-2022 02:14:44.0686 AM
[ReportManager] Successfully created attachment [Validation Test Data - Actual Value] @01-03-2022 02:14:44.0686 AM
[ReportManager] Assertion [ValidateEquals] PASSED. Expected and Actual values are attached. Comparison Type [CONTAINS]. Validation Type [POSITIVE]. @01-03-2022 02:14:44.0686 A

################################################################################################################################################
Starting Execution:	[81 out of 165] test cases in the current suite
Test Method:		[testPackage01.Test_PDF.testPDF2]
################################################################################################################################################
[ReportManager] File Action [DoesFileExist] successfully performed. With the following test data [File Path: "src/test/resources/testDataFiles/sample.pdf"]. @01-03-2022 02:14:44.0854 AM
[ReportManager] File Action [GetAbsolutePath] successfully performed. With the following test data [Relative Folder Path: "src/test/resources/testDataFiles/sample.pdf"]. @01-03-2022 02:14:44.0854 AM
[ReportManager] Assertion Passed: Checking to see that the pdf file contains [A Simple PDF File] @01-03-2022 02:14:44.0875 AM
[ReportManager] Successfully created attachment [Validation Test Data - Expected Value] @01-03-2022 02:14:44.0875 AM
[ReportManager] Successfully created attachment [Validation Test Data - Actual Value] @01-03-2022 02:14:44.0876 AM
[ReportManager] Assertion [ValidateEquals] PASSED. Expected and Actual values are attached. Comparison Type [CONTAINS]. Validation Type [POSITIVE]. @01-03-2022 02:14:44.0876 A
[ReportManager] File Action [GetAbsolutePath] successfully performed. With the following test data [Relative Folder Path: "target/downloadedFiles/"]. @01-03-2022 02:14:44.0883 AM
[ReportManager] Attempting to run locally on: [Mac-64], [Safari], Headless Execution. @01-03-2022 02:14:44.0883 AM
[ReportManager] Successfully Opened Safari. @01-03-2022 02:14:46.0166 AM
[ReportManager] Initial window size: (800, 600) @01-03-2022 02:14:46.0211 AM
[ReportManager] Window size after SWD Maximize: (1176, 803) @01-03-2022 02:14:46.0231 AM
[ReportManager] Browser Action [MaximizeWindow] successfully performed. With the following test data [New screen size is now: (1176, 803)]. @01-03-2022 02:14:46.0231 A

################################################################################################################################################
Starting Execution:	[82 out of 165] test cases in the current suite
Test Method:		[testPackage01.Test_ShadowDOM.shadowdom]
################################################################################################################################################
[ReportManager] Target URL: [https://mdn.github.io/web-components-examples/popup-info-box-web-component/] @01-03-2022 02:14:46.0234 AM
[ReportManager] Initial URL: [] @01-03-2022 02:14:46.0287 AM
[ReportManager] Browser Action [NavigateToURL] successfully performed. With the following test data [https://mdn.github.io/web-components-examples/popup-info-box-web-component/]. @01-03-2022 02:14:46.0547 AM
[ReportManager] Element Action [Type] successfully performed. With the following test data [Typing into SHADOW DOM...]. @01-03-2022 02:14:46.0925 AM
[ReportManager] Element Action [GetText] successfully performed. With the following test data [Typing into SHADOW DOM...]. @01-03-2022 02:14:46.0986 AM
[ReportManager] Assertion [ValidateElementAttribute] PASSED. Expected [Value Should be 'Typing into SHADOW DOM...' for the 'Text' attribute, element locator 'By.id: cvc'] and Actual [Typing into SHADOW DOM...]. Comparison Type [EQUALS]. Validation Type [POSITIVE]. @01-03-2022 02:14:47.0211 AM
[ReportManager] Successfully created attachment [Screenshot - 1646100887063_shadowdom_ValidateElementAttribute_passed] @01-03-2022 02:14:47.0212 A
[ReportManager] Browser Action [CloseCurrentWindow] successfully performed. @01-03-2022 02:14:47.0643 AM
[ReportManager] Successfully created attachment [Browser Action Test Data - CloseCurrentWindow - Actual Value] @01-03-2022 02:14:47.0644 A
[ReportManager] File Action [GetAbsolutePath] successfully performed. With the following test data [Relative Folder Path: "target/downloadedFiles/"]. @01-03-2022 02:14:47.0645 AM
[ReportManager] Attempting to run locally on: [Mac-64], [Safari], Headless Execution. @01-03-2022 02:14:47.0646 AM
[ReportManager] Successfully Opened Safari. @01-03-2022 02:14:48.0467 AM
[ReportManager] Initial window size: (800, 600) @01-03-2022 02:14:48.0491 AM
[ReportManager] Window size after SWD Maximize: (1176, 803) @01-03-2022 02:14:48.0506 AM
[ReportManager] Browser Action [MaximizeWindow] successfully performed. With the following test data [New screen size is now: (1176, 803)]. @01-03-2022 02:14:48.0506 A

################################################################################################################################################
Starting Execution:	[83 out of 165] test cases in the current suite
Test Method:		[testPackage01.Test_clipboardActions.typeTextAndCopyPaste]
################################################################################################################################################
[ReportManager] Target URL: [https://www.google.com/ncr], and after redirection: [https://www.google.com] @01-03-2022 02:14:48.0509 AM
[ReportManager] Initial URL: [] @01-03-2022 02:14:48.0561 AM
[ReportManager] Browser Action [NavigateToURL] successfully performed. With the following test data [https://www.google.com/ncr]. @01-03-2022 02:14:51.0494 AM
[ReportManager] Element Action [Type] successfully performed. With the following test data [FIRST]. @01-03-2022 02:14:51.0894 A
[ReportManager] Browser Action [CloseCurrentWindow] successfully performed. @01-03-2022 02:14:52.0597 AM
[ReportManager] Successfully created attachment [Browser Action Test Data - CloseCurrentWindow - Actual Value] @01-03-2022 02:14:52.0598 A
[ReportManager] File Action [GetAbsolutePath] successfully performed. With the following test data [Relative Folder Path: "target/downloadedFiles/"]. @01-03-2022 02:14:52.0599 AM
[ReportManager] Attempting to run locally on: [Mac-64], [Safari], Headless Execution. @01-03-2022 02:14:52.0600 AM
[ReportManager] Successfully Opened Safari. @01-03-2022 02:14:53.0539 AM
[ReportManager] Initial window size: (800, 600) @01-03-2022 02:14:53.0679 AM
[ReportManager] Window size after SWD Maximize: (1176, 803) @01-03-2022 02:14:53.0718 AM
[ReportManager] Browser Action [MaximizeWindow] successfully performed. With the following test data [New screen size is now: (1176, 803)]. @01-03-2022 02:14:53.0719 AM
[ReportManager] Target URL: [http://the-internet.herokuapp.com/javascript_alerts] @01-03-2022 02:14:53.0719 AM
[ReportManager] Initial URL: [] @01-03-2022 02:14:53.0756 AM
[ReportManager] Browser Action [NavigateToURL] successfully performed. With the following test data [http://the-internet.herokuapp.com/javascript_alerts]. @01-03-2022 02:14:54.0656 A

################################################################################################################################################
Starting Execution:	[84 out of 165] test cases in the current suite
Test Method:		[testPackage01.TestJSAlertBox.getJSAlertText]
################################################################################################################################################
[ReportManager] Element Action [Click] successfully performed. With the following test data [By.xpath: //button[contains(text(),'Click for JS Alert')]]. @01-03-2022 02:14:54.0928 AM
[ReportManager] Alert is present @01-03-2022 02:14:54.0934 AM
[ReportManager] Alert Text is: [I am a JS Alert] @01-03-2022 02:14:54.0939 AM
[ReportManager] Element Action [GetAlertText] successfully performed. @01-03-2022 02:14:54.0939 AM
[ReportManager] Alert text is: [I am a JS Alert] @01-03-2022 02:14:54.0939 AM
[ReportManager] Alert is present @01-03-2022 02:14:54.0945 AM
[ReportManager] Alert Text is: [I am a JS Alert] @01-03-2022 02:14:54.0949 AM
[ReportManager] Element Action [GetAlertText] successfully performed. @01-03-2022 02:14:54.0950 AM
[ReportManager] Assertion Passed: Then I Assert that [I am a JS Alert] is equal to [I am a JS Alert]. @01-03-2022 02:14:54.0950 AM
[ReportManager] Assertion [ValidateEquals] PASSED. Expected [I am a JS Alert] and Actual [I am a JS Alert]. Comparison Type [EQUALS]. Validation Type [POSITIVE]. @01-03-2022 02:14:54.0950 A

################################################################################################################################################
Starting Execution:	[85 out of 165] test cases in the current suite
Test Method:		[testPackage01.TestJSAlertBox.acceptAlert]
################################################################################################################################################
[ReportManager] Alert is not present @01-03-2022 02:15:25.0253 AM
[ReportManager] Element Action [WaitForAlertToBePresent] failed. @01-03-2022 02:15:25.0360 AM
[ReportManager] Successfully created attachment [Screenshot - 1646100925280_acceptAlert_WaitForAlertToBePresent_failed] @01-03-2022 02:15:25.0361 A

################################################################################################################################################
Starting Execution:	[86 out of 165] test cases in the current suite
Test Method:		[testPackage01.TestJSAlertBox.assertOnConfirmAlertResultText]
###############################################################################################################################################
[ReportManager] Browser Action [CloseCurrentWindow] successfully performed. @01-03-2022 02:15:25.0769 AM
[ReportManager] Successfully created attachment [Browser Action Test Data - CloseCurrentWindow - Actual Value] @01-03-2022 02:15:25.0770 A

################################################################################################################################################
Starting Execution:	[87 out of 165] test cases in the current suite
Test Method:		[testPackage01.Test_checkJDKShellFilesGenerated.testJDKGeneratedSuccessfully]
################################################################################################################################################
[ReportManager] Configuring JDK @01-03-2022 02:15:25.0772 AM
[ReportManager] File Action [GetAbsolutePath] successfully performed. With the following test data [Relative File Path: "generateJdkMac.sh"]. @01-03-2022 02:15:25.0773 AM
[ReportManager] File Action [WriteToFile] successfully performed. With the following test data [Target File Path: "/Users/runner/work/SHAFT_ENGINE/SHAFT_ENGINE/generateJdkMac.sh"]. @01-03-2022 02:15:25.0774 AM
[ReportManager] Attempting to perform the following command locally. Command: [chmod u+x generateJdk.sh] @01-03-2022 02:15:25.0774 AM
[ReportManager] Terminal Action [PerformTerminalCommands] successfully performed. With the following test data [Host Name: "localHost" | Command: "chmod u+x generateJdk.sh" | Exit Status: "1"]. @01-03-2022 02:15:25.0784 AM
[ReportManager] Successfully created attachment [Terminal Action Actual Result - Command Log] @01-03-2022 02:15:25.0785 AM
[ReportManager] Assertion Passed: Then I Assert that [[#!/bin/bash, export JAVA_HOME=$(/usr/libexec/java_home), export PATH=$JAVA_HOME/bin:$PATH, source ~/.zshenv, echo $JAVA_HOME, echo $PATH, exec bash]] contains [JAVA_HOME=$(/usr/libexec/java_home)]. @01-03-2022 02:15:25.0785 AM
[ReportManager] Assertion [ValidateEquals] PASSED. Expected [JAVA_HOME=$(/usr/libexec/java_home)] and Actual [[#!/bin/bash, export JAVA_HOME=$(/usr/libexec/java_home), export PATH=$JAVA_HOME/bin:$PATH, source ~/.zshenv, echo $JAVA_HOME, echo $PATH, exec bash]]. Comparison Type [CONTAINS]. Validation Type [POSITIVE]. @01-03-2022 02:15:25.0785 A
[ReportManager] File Action [GetAbsolutePath] successfully performed. With the following test data [Relative Folder Path: "target/downloadedFiles/"]. @01-03-2022 02:15:25.0787 AM
[ReportManager] Attempting to run locally on: [Mac-64], [Safari], Headless Execution. @01-03-2022 02:15:25.0787 AM
[ReportManager] Successfully Opened Safari. @01-03-2022 02:15:27.0180 AM
[ReportManager] Initial window size: (800, 600) @01-03-2022 02:15:27.0194 AM
[ReportManager] Window size after SWD Maximize: (1176, 803) @01-03-2022 02:15:27.0209 AM
[ReportManager] Browser Action [MaximizeWindow] successfully performed. With the following test data [New screen size is now: (1176, 803)]. @01-03-2022 02:15:27.0209 AM
[ReportManager] Target URL: [http://the-internet.herokuapp.com/javascript_alerts] @01-03-2022 02:15:27.0209 AM
[ReportManager] Initial URL: [] @01-03-2022 02:15:27.0333 AM
[ReportManager] Browser Action [NavigateToURL] successfully performed. With the following test data [http://the-internet.herokuapp.com/javascript_alerts]. @01-03-2022 02:15:28.0485 A

################################################################################################################################################
Starting Execution:	[88 out of 165] test cases in the current suite
Test Method:		[testPackage01.TestJSConfirmBox.dismissAlert]
################################################################################################################################################
[ReportManager] Element Action [Click] successfully performed. With the following test data [By.xpath: //button[contains(text(),'Click for JS Confirm')]]. @01-03-2022 02:15:28.0910 AM
[ReportManager] Alert is present @01-03-2022 02:15:28.0935 AM
[ReportManager] Element Action [DismissAlert] successfully performed. @01-03-2022 02:15:28.0951 A

################################################################################################################################################
Starting Execution:	[89 out of 165] test cases in the current suite
Test Method:		[testPackage01.TestJSConfirmBox.assertOnCancelAlertResultText]
################################################################################################################################################
[ReportManager] Element Action [GetText] successfully performed. With the following test data [You clicked: Cancel]. @01-03-2022 02:15:29.0026 AM
[ReportManager] Assertion Passed: Then I Assert that the element found by [By.id: result] attribute [TEXT] is equal to [You clicked: Cancel]. @01-03-2022 02:15:29.0238 AM
[ReportManager] Successfully created attachment [Screenshot - 1646100929117_assertOnCancelAlertResultText_ValidateElementAttribute_passed] @01-03-2022 02:15:29.0239 AM
[ReportManager] Assertion [ValidateElementAttribute] PASSED. Expected [Value Should be 'You clicked: Cancel' for the 'text' attribute, element locator 'By.id: result'] and Actual [You clicked: Cancel]. Comparison Type [EQUALS]. Validation Type [POSITIVE]. @01-03-2022 02:15:29.0239 A

################################################################################################################################################
Starting Execution:	[90 out of 165] test cases in the current suite
Test Method:		[testPackage01.TestJSConfirmBox.getAlertText]
################################################################################################################################################
[ReportManager] Element Action [Click] successfully performed. With the following test data [By.xpath: //button[contains(text(),'Click for JS Confirm')]]. @01-03-2022 02:15:29.0557 AM
[ReportManager] Alert is present @01-03-2022 02:15:29.0565 AM
[ReportManager] Alert Text is: [I am a JS Confirm] @01-03-2022 02:15:29.0573 AM
[ReportManager] Element Action [GetAlertText] successfully performed. @01-03-2022 02:15:29.0574 AM
[ReportManager] Alert text is: [I am a JS Confirm] @01-03-2022 02:15:29.0574 AM
[ReportManager] Alert is present @01-03-2022 02:15:29.0601 AM
[ReportManager] Alert Text is: [I am a JS Confirm] @01-03-2022 02:15:29.0612 AM
[ReportManager] Element Action [GetAlertText] successfully performed. @01-03-2022 02:15:29.0612 AM
[ReportManager] Assertion Passed: Then I Assert that [I am a JS Confirm] is equal to [I am a JS Confirm]. @01-03-2022 02:15:29.0613 AM
[ReportManager] Assertion [ValidateEquals] PASSED. Expected [I am a JS Confirm] and Actual [I am a JS Confirm]. Comparison Type [EQUALS]. Validation Type [POSITIVE]. @01-03-2022 02:15:29.0613 A

################################################################################################################################################
Starting Execution:	[91 out of 165] test cases in the current suite
Test Method:		[testPackage01.TestJSConfirmBox.acceptAlert]
################################################################################################################################################
[ReportManager] Alert is not present @01-03-2022 02:16:00.0108 AM
[ReportManager] Element Action [WaitForAlertToBePresent] failed. @01-03-2022 02:16:00.0214 AM
[ReportManager] Successfully created attachment [Screenshot - 1646100960133_acceptAlert_WaitForAlertToBePresent_failed] @01-03-2022 02:16:00.0214 A

################################################################################################################################################
Starting Execution:	[92 out of 165] test cases in the current suite
Test Method:		[testPackage01.TestJSConfirmBox.assertOnConfirmAlertResultText]
###############################################################################################################################################
[ReportManager] Browser Action [CloseCurrentWindow] successfully performed. @01-03-2022 02:16:00.0575 AM
[ReportManager] Successfully created attachment [Browser Action Test Data - CloseCurrentWindow - Actual Value] @01-03-2022 02:16:00.0575 A

################################################################################################################################################
Starting Execution:	[93 out of 165] test cases in the current suite
Test Method:		[testPackage01.Test_NewValidationHelper.f1]
################################################################################################################################################
[ReportManager] Assertion Passed: Checking valid user data @01-03-2022 02:16:00.0578 AM
[ReportManager] Successfully created attachment [Validation Test Data - Expected Value] @01-03-2022 02:16:00.0578 AM
[ReportManager] Successfully created attachment [Validation Test Data - Actual Value] @01-03-2022 02:16:00.0579 AM
[ReportManager] Assertion [ValidateEquals] PASSED. Expected and Actual values are attached. Comparison Type [EQUALS]. Validation Type [POSITIVE]. @01-03-2022 02:16:00.0579 A
[ReportManager] File Action [GetAbsolutePath] successfully performed. With the following test data [Relative Folder Path: "target/downloadedFiles/"]. @01-03-2022 02:16:00.0581 AM
[ReportManager] Attempting to run locally on: [Mac-64], [Safari], Headless Execution. @01-03-2022 02:16:00.0582 AM
[ReportManager] An Exception Occured with this Message: Could not start a new session. Possible causes are invalid address of the remote server or browser start-up failure.. @01-03-2022 02:16:00.0657 AM
[ReportManager] Successfully created attachment [Exception Stack Trace - org.openqa.selenium.SessionNotCreatedException] @01-03-2022 02:16:00.0730 AM
[ReportManager] Driver Factory Action [createNewLocalDriverInstanceForSafari] failed. With the following test data [Failed to create a session on DESKTOP_SAFARI]. @01-03-2022 02:16:00.0731 A

################################################################################################################################################
Starting Execution:	[94 out of 165] test cases in the current suite
Test Method:		[testPackage01.Test_NewValidationHelper.f10]
###############################################################################################################################################



################################################################################################################################################
Starting Execution:	[95 out of 165] test cases in the current suite
Test Method:		[testPackage01.Test_NewValidationHelper.f11]
###############################################################################################################################################



################################################################################################################################################
Starting Execution:	[96 out of 165] test cases in the current suite
Test Method:		[testPackage01.Test_NewValidationHelper.f12]
###############################################################################################################################################



################################################################################################################################################
Starting Execution:	[97 out of 165] test cases in the current suite
Test Method:		[testPackage01.Test_NewValidationHelper.f13]
###############################################################################################################################################



################################################################################################################################################
Starting Execution:	[98 out of 165] test cases in the current suite
Test Method:		[testPackage01.Test_NewValidationHelper.f14]
###############################################################################################################################################



################################################################################################################################################
Starting Execution:	[99 out of 165] test cases in the current suite
Test Method:		[testPackage01.Test_NewValidationHelper.f15]
###############################################################################################################################################



################################################################################################################################################
Starting Execution:	[100 out of 165] test cases in the current suite
Test Method:		[testPackage01.Test_NewValidationHelper.f16]
###############################################################################################################################################



################################################################################################################################################
Starting Execution:	[101 out of 165] test cases in the current suite
Test Method:		[testPackage01.Test_NewValidationHelper.f17]
###############################################################################################################################################



################################################################################################################################################
Starting Execution:	[102 out of 165] test cases in the current suite
Test Method:		[testPackage01.Test_NewValidationHelper.f18]
###############################################################################################################################################


################################################################################################################################################
Starting Execution:	[103 out of 165] test cases in the current suite
Test Method:		[testPackage01.Test_NewValidationHelper.f2]
###############################################################################################################################################


################################################################################################################################################
Starting Execution:	[104 out of 165] test cases in the current suite
Test Method:		[testPackage01.Test_NewValidationHelper.f20]
###############################################################################################################################################



################################################################################################################################################
Starting Execution:	[105 out of 165] test cases in the current suite
Test Method:		[testPackage01.Test_NewValidationHelper.f21]
###############################################################################################################################################



################################################################################################################################################
Starting Execution:	[106 out of 165] test cases in the current suite
Test Method:		[testPackage01.Test_NewValidationHelper.f22]
###############################################################################################################################################


################################################################################################################################################
Starting Execution:	[107 out of 165] test cases in the current suite
Test Method:		[testPackage01.Test_NewValidationHelper.f23]
###############################################################################################################################################

################################################################################################################################################
Starting Execution:	[108 out of 165] test cases in the current suite
Test Method:		[testPackage01.Test_NewValidationHelper.f24]
###############################################################################################################################################

################################################################################################################################################
Starting Execution:	[109 out of 165] test cases in the current suite
Test Method:		[testPackage01.Test_NewValidationHelper.f25]
###############################################################################################################################################

################################################################################################################################################
Starting Execution:	[110 out of 165] test cases in the current suite
Test Method:		[testPackage01.Test_NewValidationHelper.f26]
###############################################################################################################################################

################################################################################################################################################
Starting Execution:	[111 out of 165] test cases in the current suite
Test Method:		[testPackage01.Test_NewValidationHelper.f27]
###############################################################################################################################################

################################################################################################################################################
Starting Execution:	[112 out of 165] test cases in the current suite
Test Method:		[testPackage01.Test_NewValidationHelper.f28]
###############################################################################################################################################

################################################################################################################################################
Starting Execution:	[113 out of 165] test cases in the current suite
Test Method:		[testPackage01.Test_NewValidationHelper.f29]
###############################################################################################################################################

################################################################################################################################################
Starting Execution:	[114 out of 165] test cases in the current suite
Test Method:		[testPackage01.Test_NewValidationHelper.f3]
###############################################################################################################################################

################################################################################################################################################
Starting Execution:	[115 out of 165] test cases in the current suite
Test Method:		[testPackage01.Test_NewValidationHelper.f30]
###############################################################################################################################################

################################################################################################################################################
Starting Execution:	[116 out of 165] test cases in the current suite
Test Method:		[testPackage01.Test_NewValidationHelper.f31]
###############################################################################################################################################

################################################################################################################################################
Starting Execution:	[117 out of 165] test cases in the current suite
Test Method:		[testPackage01.Test_NewValidationHelper.f32]
###############################################################################################################################################

################################################################################################################################################
Starting Execution:	[118 out of 165] test cases in the current suite
Test Method:		[testPackage01.Test_NewValidationHelper.f33]
###############################################################################################################################################

################################################################################################################################################
Starting Execution:	[119 out of 165] test cases in the current suite
Test Method:		[testPackage01.Test_NewValidationHelper.f34]
###############################################################################################################################################

################################################################################################################################################
Starting Execution:	[120 out of 165] test cases in the current suite
Test Method:		[testPackage01.Test_NewValidationHelper.f35]
###############################################################################################################################################

################################################################################################################################################
Starting Execution:	[121 out of 165] test cases in the current suite
Test Method:		[testPackage01.Test_NewValidationHelper.f36]
###############################################################################################################################################

################################################################################################################################################
Starting Execution:	[122 out of 165] test cases in the current suite
Test Method:		[testPackage01.Test_NewValidationHelper.f37]
###############################################################################################################################################

################################################################################################################################################
Starting Execution:	[123 out of 165] test cases in the current suite
Test Method:		[testPackage01.Test_NewValidationHelper.f3_1]
###############################################################################################################################################

################################################################################################################################################
Starting Execution:	[124 out of 165] test cases in the current suite
Test Method:		[testPackage01.Test_NewValidationHelper.f4]
###############################################################################################################################################

################################################################################################################################################
Starting Execution:	[125 out of 165] test cases in the current suite
Test Method:		[testPackage01.Test_NewValidationHelper.f5]
###############################################################################################################################################

################################################################################################################################################
Starting Execution:	[126 out of 165] test cases in the current suite
Test Method:		[testPackage01.Test_NewValidationHelper.f6]
###############################################################################################################################################

################################################################################################################################################
Starting Execution:	[127 out of 165] test cases in the current suite
Test Method:		[testPackage01.Test_NewValidationHelper.f6_1]
###############################################################################################################################################

################################################################################################################################################
Starting Execution:	[128 out of 165] test cases in the current suite
Test Method:		[testPackage01.Test_NewValidationHelper.f6_2]
###############################################################################################################################################

################################################################################################################################################
Starting Execution:	[129 out of 165] test cases in the current suite
Test Method:		[testPackage01.Test_NewValidationHelper.f7]
###############################################################################################################################################


################################################################################################################################################
Starting Execution:	[130 out of 165] test cases in the current suite
Test Method:		[testPackage01.Test_NewValidationHelper.f8]
###############################################################################################################################################



################################################################################################################################################
Starting Execution:	[131 out of 165] test cases in the current suite
Test Method:		[testPackage01.Test_NewValidationHelper.f9]
###############################################################################################################################################


################################################################################################################################################
Starting Execution:	[132 out of 165] test cases in the current suite
Test Method:		[testPackage01.Test_NewValidationHelper.forceFail]
###############################################################################################################################################

################################################################################################################################################
Starting Execution:	[133 out of 165] test cases in the current suite
Test Method:		[testPackage01.Test_NewValidationHelper.forceFail2]
###############################################################################################################################################

################################################################################################################################################
Starting Execution:	[134 out of 165] test cases in the current suite
Test Method:		[testPackage01.Test_JsonActions.f]
###############################################################################################################################################

################################################################################################################################################
Starting Execution:	[135 out of 165] test cases in the current suite
Test Method:		[testPackage01.Test_JsonActions.f2]
###############################################################################################################################################

################################################################################################################################################
Starting Execution:	[136 out of 165] test cases in the current suite
Test Method:		[testPackage01.Test_sendGraphqlRequest.sendGraphqlRequestUsingMutationAndVariables]
################################################################################################################################################
[ReportManager] GraphQl Request is being Performed with the Following Parameters [Service URL: https://api.spacex.land/graphql | Request Body: {"variables":"{\"name\": \"sherlock holmes\",\"rocket\": \"221B Baker Street\"}","query":"mutation ($name: String, $rocket: String) {\n  insert_users(objects: {name: $name, rocket: $rocket}) {\n    returning {\n      name\n      rocket\n    }\n  }\n}"}] @01-03-2022 02:16:01.0478 AM
[ReportManager] Response status code: [200], status line: [HTTP/1.1 200 OK] @01-03-2022 02:16:02.0031 AM
[ReportManager] Assertion Passed: Evaluating the actual response status code against the expected one... @01-03-2022 02:16:02.0032 AM
[ReportManager] Assertion [ValidateComparativeRelation] PASSED. Expected [200] and Actual [200]. Comparison Type [EQUALS]. Validation Type [POSITIVE]. @01-03-2022 02:16:02.0032 AM
[ReportManager] API Action [PerformRequest] successfully performed. With the following test data [Request Type: "POST" | Target Status Code: "200" | Service URL: "https://api.spacex.land/graphql" | Content Type: "application/json" | Response Time: "467ms"]. @01-03-2022 02:16:02.0065 AM
[ReportManager] Successfully created attachment [API Request - Specifications] @01-03-2022 02:16:02.0065 AM
[ReportManager] Successfully created attachment [API Request - JSON Body] @01-03-2022 02:16:02.0066 AM
[ReportManager] Successfully created attachment [API Response - JSON Body] @01-03-2022 02:16:02.0067 AM
[ReportManager] API Action [GetResponseJSONValue] successfully performed. With the following test data [data.insert_users.returning[0].name]. @01-03-2022 02:16:02.0120 AM
[ReportManager] Assertion [ValidateEquals] PASSED. Expected [sherlock holmes] and Actual [sherlock holmes]. Comparison Type [EQUALS]. Validation Type [POSITIVE]. @01-03-2022 02:16:02.0120 A

################################################################################################################################################
Starting Execution:	[137 out of 165] test cases in the current suite
Test Method:		[testPackage01.Test_sendGraphqlRequest.sendGraphqlRequestUsingQuery]
################################################################################################################################################
[ReportManager] GraphQl Request is being Performed with the Following Parameters [Service URL: https://api.spacex.land/graphql | Request Body: {"query":"{company {ceo}}"}] @01-03-2022 02:16:02.0123 AM
[ReportManager] Response status code: [200], status line: [HTTP/1.1 200 OK] @01-03-2022 02:16:02.0416 AM
[ReportManager] Assertion Passed: Evaluating the actual response status code against the expected one... @01-03-2022 02:16:02.0416 AM
[ReportManager] Assertion [ValidateComparativeRelation] PASSED. Expected [200] and Actual [200]. Comparison Type [EQUALS]. Validation Type [POSITIVE]. @01-03-2022 02:16:02.0416 AM
[ReportManager] API Action [PerformRequest] successfully performed. With the following test data [Request Type: "POST" | Target Status Code: "200" | Service URL: "https://api.spacex.land/graphql" | Content Type: "application/json" | Response Time: "288ms"]. @01-03-2022 02:16:02.0431 AM
[ReportManager] Successfully created attachment [API Request - Specifications] @01-03-2022 02:16:02.0432 AM
[ReportManager] Successfully created attachment [API Request - JSON Body] @01-03-2022 02:16:02.0433 AM
[ReportManager] Successfully created attachment [API Response - JSON Body] @01-03-2022 02:16:02.0433 AM
[ReportManager] API Action [GetResponseJSONValue] successfully performed. With the following test data [data.company.ceo]. @01-03-2022 02:16:02.0447 AM
[ReportManager] Assertion [ValidateEquals] PASSED. Expected [Elon Musk] and Actual [Elon Musk]. Comparison Type [EQUALS]. Validation Type [POSITIVE]. @01-03-2022 02:16:02.0447 A

################################################################################################################################################
Starting Execution:	[138 out of 165] test cases in the current suite
Test Method:		[testPackage01.Test_MatchJsonSchema.checkAPI_ResponseSchema]
################################################################################################################################################
[ReportManager] Response status code: [200], status line: [HTTP/1.1 200 OK] @01-03-2022 02:16:02.0577 AM
[ReportManager] Assertion Passed: Evaluating the actual response status code against the expected one... @01-03-2022 02:16:02.0577 AM
[ReportManager] Assertion [ValidateComparativeRelation] PASSED. Expected [200] and Actual [200]. Comparison Type [EQUALS]. Validation Type [POSITIVE]. @01-03-2022 02:16:02.0577 AM
[ReportManager] API Action [PerformRequest] successfully performed. With the following test data [Request Type: "GET" | Target Status Code: "200" | Service URL: "http://api.zippopotam.us/us/90210" | Content Type: "*/*" | Response Time: "118ms"]. @01-03-2022 02:16:02.0594 AM
[ReportManager] Successfully created attachment [API Request - Specifications] @01-03-2022 02:16:02.0595 AM
[ReportManager] Successfully created attachment [API Response - JSON Body] @01-03-2022 02:16:02.0595 AM
[ReportManager] File Action [GetAbsolutePath] successfully performed. With the following test data [Relative Folder Path: "src/test/resources/testDataFiles/schema.json"]. @01-03-2022 02:16:02.0597 AM
[ReportManager] File Action [GetAbsolutePath] successfully performed. With the following test data [Relative Folder Path: "/Users/runner/work/SHAFT_ENGINE/SHAFT_ENGINE/src/test/resources/testDataFiles/schema.json"]. @01-03-2022 02:16:03.0889 AM
[ReportManager] File Action [ReadFromFile] successfully performed. With the following test data [File Path: "/Users/runner/work/SHAFT_ENGINE/SHAFT_ENGINE/src/test/resources/testDataFiles/schema.json"]. @01-03-2022 02:16:03.0889 AM
[ReportManager] Assertion Passed: Then I Assert that the API response schema matches that in this file [src/test/resources/testDataFiles/schema.json]. @01-03-2022 02:16:03.0891 AM
[ReportManager] Successfully created attachment [Validation Test Data - Expected JSON Value] @01-03-2022 02:16:03.0891 AM
[ReportManager] Successfully created attachment [Validation Test Data - Actual JSON Value] @01-03-2022 02:16:03.0892 AM
[ReportManager] Assertion [ValidateResponseFileSchema] PASSED. Expected [Response data should match the JSON File in this path '/Users/runner/work/SHAFT_ENGINE/SHAFT_ENGINE/src/test/resources/testDataFiles/schema.json'] and Actual [TRUE]. Comparison Type [EQUALS]. Validation Type [POSITIVE]. @01-03-2022 02:16:03.0892 A
[ReportManager] File Action [GetAbsolutePath] successfully performed. With the following test data [Relative Folder Path: "target/downloadedFiles/"]. @01-03-2022 02:16:03.0957 AM
[ReportManager] Attempting to run locally on: [Mac-64], [Safari], Headless Execution. @01-03-2022 02:16:03.0961 AM
[ReportManager] Successfully Opened Safari. @01-03-2022 02:16:05.0037 AM
[ReportManager] Initial window size: (800, 600) @01-03-2022 02:16:05.0080 AM
[ReportManager] Window size after SWD Maximize: (1176, 803) @01-03-2022 02:16:05.0124 AM
[ReportManager] Browser Action [MaximizeWindow] successfully performed. With the following test data [New screen size is now: (1176, 803)]. @01-03-2022 02:16:05.0125 A

################################################################################################################################################
Starting Execution:	[139 out of 165] test cases in the current suite
Test Method:		[testPackage01.Test_dragAndDrop.dragAndDropJquery]
################################################################################################################################################
[ReportManager] Target URL: [https://jqueryui.com/resources/demos/droppable/default.html] @01-03-2022 02:16:05.0128 AM
[ReportManager] Initial URL: [] @01-03-2022 02:16:05.0191 AM
[ReportManager] Browser Action [NavigateToURL] successfully performed. With the following test data [https://jqueryui.com/resources/demos/droppable/default.html]. @01-03-2022 02:16:05.0956 AM
[ReportManager] Element Action [GetText] successfully performed. With the following test data [
	Drop here
]. @01-03-2022 02:16:06.0061 AM
[ReportManager] Element Action [DragAndDrop] successfully performed. With the following test data [Start point: (8, 18), End point: (8, 18)]. @01-03-2022 02:16:07.0171 AM
[ReportManager] Element Action [GetText] successfully performed. With the following test data [
	Dropped!
]. @01-03-2022 02:16:07.0210 AM
[ReportManager] Assertion Passed: Checking to see if the text has changed after performing drag and drop @01-03-2022 02:16:07.0211 AM
[ReportManager] Assertion [ValidateEquals] PASSED. Expected [
	Drop here
] and Actual [
	Dropped!
]. Comparison Type [EQUALS]. Validation Type [NEGATIVE]. @01-03-2022 02:16:07.0211 A
[ReportManager] Browser Action [CloseCurrentWindow] successfully performed. @01-03-2022 02:16:07.0567 AM
[ReportManager] Successfully created attachment [Browser Action Test Data - CloseCurrentWindow - Actual Value] @01-03-2022 02:16:07.0567 A
[ReportManager] File Action [GetAbsolutePath] successfully performed. With the following test data [Relative Folder Path: "target/downloadedFiles/"]. @01-03-2022 02:16:07.0569 AM
[ReportManager] Attempting to run locally on: [Mac-64], [Safari], Headless Execution. @01-03-2022 02:16:07.0569 AM
[ReportManager] Successfully Opened Safari. @01-03-2022 02:16:08.0428 AM
[ReportManager] Initial window size: (800, 600) @01-03-2022 02:16:08.0452 AM
[ReportManager] Window size after SWD Maximize: (1176, 803) @01-03-2022 02:16:08.0494 AM
[ReportManager] Browser Action [MaximizeWindow] successfully performed. With the following test data [New screen size is now: (1176, 803)]. @01-03-2022 02:16:08.0494 A

################################################################################################################################################
Starting Execution:	[140 out of 165] test cases in the current suite
Test Method:		[testPackage01.Test_dragAndDrop.dragAndDrop]
Test Description:	[TC001 - Test Drag and Drop function.]
################################################################################################################################################
[ReportManager] Target URL: [http://the-internet.herokuapp.com/drag_and_drop] @01-03-2022 02:16:08.0498 AM
[ReportManager] Initial URL: [] @01-03-2022 02:16:08.0551 AM
[ReportManager] Browser Action [NavigateToURL] successfully performed. With the following test data [http://the-internet.herokuapp.com/drag_and_drop]. @01-03-2022 02:16:10.0310 AM
[ReportManager] Attempting Drag and Drop @01-03-2022 02:16:10.0310 AM
[ReportManager] Element Action [DragAndDrop] successfully performed. With the following test data [Start point: (120, 89), End point: (335, 89)]. @01-03-2022 02:16:11.0002 A
[ReportManager] Browser Action [CloseCurrentWindow] successfully performed. @01-03-2022 02:16:11.0351 AM
[ReportManager] Successfully created attachment [Browser Action Test Data - CloseCurrentWindow - Actual Value] @01-03-2022 02:16:11.0352 A
[ReportManager] File Action [GetAbsolutePath] successfully performed. With the following test data [Relative Folder Path: "target/downloadedFiles/"]. @01-03-2022 02:16:11.0354 AM
[ReportManager] Attempting to run locally on: [Mac-64], [Safari], Headless Execution. @01-03-2022 02:16:11.0354 AM
[ReportManager] An Exception Occured with this Message: Could not start a new session. Possible causes are invalid address of the remote server or browser start-up failure.. @01-03-2022 02:16:11.0465 AM
[ReportManager] Successfully created attachment [Exception Stack Trace - org.openqa.selenium.SessionNotCreatedException] @01-03-2022 02:16:11.0466 AM
[ReportManager] Driver Factory Action [createNewLocalDriverInstanceForSafari] failed. With the following test data [Failed to create a session on DESKTOP_SAFARI]. @01-03-2022 02:16:11.0466 A

################################################################################################################################################
Starting Execution:	[141 out of 165] test cases in the current suite
Test Method:		[testPackage01.Test_dragAndDrop.dragAndDropByOffset]
Test Description:	[TC002 - Test Drag and Drop by offset function.]
###############################################################################################################################################

[ReportManager] Successfully loaded the following test data file [src/test/resources/testDataFiles/testSuite01/TestData.xlsx]. @01-03-2022 02:16:11.0516 AM
[ReportManager] Successfully created attachment [Test Data - Excel] @01-03-2022 02:16:11.0517 AM
[ReportManager] File Action [GetAbsolutePath] successfully performed. With the following test data [Relative Folder Path: "target/downloadedFiles/"]. @01-03-2022 02:16:11.0517 AM
[ReportManager] Attempting to run locally on: [Mac-64], [Safari], Headless Execution. @01-03-2022 02:16:11.0517 AM
[ReportManager] Successfully Opened Safari. @01-03-2022 02:16:12.0397 AM
[ReportManager] Initial window size: (800, 600) @01-03-2022 02:16:12.0422 AM
[ReportManager] Window size after SWD Maximize: (1176, 803) @01-03-2022 02:16:12.0440 AM
[ReportManager] Browser Action [MaximizeWindow] successfully performed. With the following test data [New screen size is now: (1176, 803)]. @01-03-2022 02:16:12.0440 A

################################################################################################################################################
Starting Execution:	[142 out of 165] test cases in the current suite
Test Method:		[testPackage01.Test_google.navigateToURLandVerifyGoogleLogoIsDisplayed]
Test Description:	[TC001 - Navigate to URL and Verify Google Logo is Displayed]
################################################################################################################################################
[ReportManager] Target URL: [https://www.google.com/ncr], and after redirection: [https://www.google.com] @01-03-2022 02:16:12.0446 AM
[ReportManager] Initial URL: [] @01-03-2022 02:16:12.0493 AM
[ReportManager] Browser Action [NavigateToURL] successfully performed. With the following test data [https://www.google.com/ncr]. @01-03-2022 02:16:15.0893 AM
[ReportManager] Assertion Passed: Then I Assert that the element found by [By.xpath: //*[@id='hplogo' or @alt='Google']] exists. @01-03-2022 02:16:22.0387 AM
[ReportManager] Successfully created attachment [Screenshot - 1646100982312_navigateToURLandVerifyGoogleLogoIsDisplayed_ValidateElementExists_passed] @01-03-2022 02:16:22.0389 AM
[ReportManager] Assertion [ValidateElementExists] PASSED. Expected [Element Should Exist, locator 'By.xpath: //*[@id='hplogo' or @alt='Google']'] and Actual [Element Exists]. Comparison Type [EQUALS]. Validation Type [POSITIVE]. @01-03-2022 02:16:22.0389 A

################################################################################################################################################
Starting Execution:	[143 out of 165] test cases in the current suite
Test Method:		[testPackage01.Test_google.searchForQueryandAssertResultsNumDisplayed]
Test Description:	[TC002 - Search for Query and Assert that the number of results is displayed]
################################################################################################################################################
[ReportManager] Element Action [Type] successfully performed. With the following test data [SHAFT_Engine]. @01-03-2022 02:16:22.0688 AM
[ReportManager] Element Action [KeyPress] successfully performed. With the following test data [Enter]. @01-03-2022 02:16:22.0763 AM
[ReportManager] Element Action [GetText] successfully performed. With the following test data [About 738,000 results (0.42 seconds)Quick SettingsSee all settingsPrivacySearch historyYour data in SearchUsing SearchExplicit results filterLearn more about SafeSearchHide explicit resultsLanguagesEnglishAdvanced searchAppearanceLight themeDark themeDevice defaultSupportSearch help]. @01-03-2022 02:16:24.0257 AM
[ReportManager] Assertion Passed: Then I Assert that the element found by [By.id: appbar] text does not equal []. @01-03-2022 02:16:24.0603 AM
[ReportManager] Successfully created attachment [Screenshot - 1646100984429_searchForQueryandAssertResultsNumDisplayed_ValidateElementAttribute_passed] @01-03-2022 02:16:24.0605 AM
[ReportManager] Assertion [ValidateElementAttribute] PASSED. Expected [Value Should not be '' for the 'text' attribute, element locator 'By.id: appbar'] and Actual [About 738,000 results (0.42 seconds)Quick SettingsSee all settingsPrivacySearch historyYour data in SearchUsing SearchExplicit results filterLearn more about SafeSearchHide explicit resultsLanguagesEnglishAdvanced searchAppearanceLight themeDark themeDevice defaultSupportSearch help]. Comparison Type [EQUALS]. Validation Type [NEGATIVE]. @01-03-2022 02:16:24.0605 A

################################################################################################################################################
Starting Execution:	[144 out of 165] test cases in the current suite
Test Method:		[testPackage01.Test_google.clickNextThrice]
Test Description:	[TC003 - Clicks the next button to make sure that the framework can scroll element into view before clicking it]
################################################################################################################################################
[ReportManager] Element Action [Click] successfully performed. With the following test data [By.xpath: //span[text()='Next']]. @01-03-2022 02:16:25.0651 A
[ReportManager] Successfully Closed All Drivers. @01-03-2022 02:16:25.0941 A
[ReportManager] File Action [GetAbsolutePath] successfully performed. With the following test data [Relative Folder Path: "target/downloadedFiles/"]. @01-03-2022 02:16:25.0944 AM
[ReportManager] Attempting to run locally on: [Mac-64], [Safari], Headless Execution. @01-03-2022 02:16:25.0945 AM
[ReportManager] Successfully Opened Safari. @01-03-2022 02:16:27.0279 AM
[ReportManager] Initial window size: (800, 600) @01-03-2022 02:16:27.0315 AM
[ReportManager] Window size after SWD Maximize: (1176, 803) @01-03-2022 02:16:27.0371 AM
[ReportManager] Browser Action [MaximizeWindow] successfully performed. With the following test data [New screen size is now: (1176, 803)]. @01-03-2022 02:16:27.0371 A

################################################################################################################################################
Starting Execution:	[145 out of 165] test cases in the current suite
Test Method:		[testPackage01.Test_chainableElementActions.chainElementActions]
################################################################################################################################################
[ReportManager] Target URL: [https://www.google.com/ncr], and after redirection: [https://www.google.com] @01-03-2022 02:16:27.0374 AM
[ReportManager] Initial URL: [] @01-03-2022 02:16:27.0407 AM
[ReportManager] Browser Action [NavigateToURL] successfully performed. With the following test data [https://www.google.com/ncr]. @01-03-2022 02:16:30.0676 AM
[ReportManager] Element Action [Type] successfully performed. With the following test data [chained type 1]. @01-03-2022 02:16:30.0976 AM
[ReportManager] Element Action [Type] successfully performed. With the following test data [chained type 2]. @01-03-2022 02:16:31.0299 AM
[ReportManager] Element Action [TypeAppend] successfully performed. With the following test data [345]. @01-03-2022 02:16:31.0352 AM
[ReportManager] Element Action [GetText] successfully performed. With the following test data [chained type 2345]. @01-03-2022 02:16:31.0410 AM
[ReportManager] Assertion Passed: Then I Assert that the element found by [By.name: q] text is equal to [chained type 2345]. @01-03-2022 02:16:31.0611 AM
[ReportManager] Successfully created attachment [Screenshot - 1646100991513_chainElementActions_ValidateElementAttribute_passed] @01-03-2022 02:16:31.0612 AM
[ReportManager] Assertion [ValidateElementAttribute] PASSED. Expected [Value Should be 'chained type 2345' for the 'text' attribute, element locator 'By.name: q'] and Actual [chained type 2345]. Comparison Type [EQUALS]. Validation Type [POSITIVE]. @01-03-2022 02:16:31.0612 A
[ReportManager] Successfully Closed All Drivers. @01-03-2022 02:16:31.0870 A
[ReportManager] File Action [GetAbsolutePath] successfully performed. With the following test data [Relative Folder Path: "target/downloadedFiles/"]. @01-03-2022 02:16:31.0873 AM
[ReportManager] Attempting to run locally on: [Mac-64], [Safari], Headless Execution. @01-03-2022 02:16:31.0873 AM
[ReportManager] Successfully Opened Safari. @01-03-2022 02:16:32.0751 AM
[ReportManager] Initial window size: (800, 600) @01-03-2022 02:16:32.0779 AM
[ReportManager] Window size after SWD Maximize: (1176, 803) @01-03-2022 02:16:32.0823 AM
[ReportManager] Browser Action [MaximizeWindow] successfully performed. With the following test data [New screen size is now: (1176, 803)]. @01-03-2022 02:16:32.0823 A

################################################################################################################################################
Starting Execution:	[146 out of 165] test cases in the current suite
Test Method:		[testPackage01.Test_RelativeLocators.relativeLocatorsTest1]
################################################################################################################################################
[ReportManager] Target URL: [https://duckduckgo.com/] @01-03-2022 02:16:32.0832 AM
[ReportManager] Initial URL: [] @01-03-2022 02:16:32.0873 AM
[ReportManager] Browser Action [NavigateToURL] successfully performed. With the following test data [https://duckduckgo.com/]. @01-03-2022 02:16:33.0691 AM
[ReportManager] Element Action [Type] successfully performed. With the following test data [SHAFT_Engine]. @01-03-2022 02:16:33.0955 AM
[ReportManager] Element Action [KeyPress] successfully performed. With the following test data [ENTER]. @01-03-2022 02:16:34.0026 AM
[ReportManager] Element Action [GetText] successfully performed. With the following test data [GitHub - MohabMohie/SHAFT_ENGINE: SHAFT_ENGINE is a Test ...]. @01-03-2022 02:16:35.0673 AM
[ReportManager] Assertion Passed: Then I Assert that the element found by [Relative Locator: {root={xpath=//a[@class='result__a js-result-title-link']}, filters=[{kind=below, args=[{xpath=//input[@name='q']}]}]}] text does not equal []. @01-03-2022 02:16:35.0973 AM
[ReportManager] Successfully created attachment [Screenshot - 1646100995832_relativeLocatorsTest1_ValidateElementAttribute_passed] @01-03-2022 02:16:35.0976 AM
[ReportManager] Assertion [ValidateElementAttribute] PASSED. Expected [Value Should not be '' for the 'text' attribute, element locator '[unknown locator]'] and Actual [GitHub - MohabMohie/SHAFT_ENGINE: SHAFT_ENGINE is a Test ...]. Comparison Type [EQUALS]. Validation Type [NEGATIVE]. @01-03-2022 02:16:35.0976 A
[ReportManager] Browser Action [CloseCurrentWindow] successfully performed. @01-03-2022 02:16:36.0212 AM
[ReportManager] Successfully created attachment [Browser Action Test Data - CloseCurrentWindow - Actual Value] @01-03-2022 02:16:36.0213 A

################################################################################################################################################
Starting Execution:	[147 out of 165] test cases in the current suite
Test Method:		[testPackage01.Test_JsonCompareWithSpecialCharacters.specialCharacters]
################################################################################################################################################
[ReportManager] File Action [GetAbsolutePath] successfully performed. With the following test data [Relative Folder Path: "src/test/resources/testDataFiles/specialCharacters.json"]. @01-03-2022 02:16:36.0218 AM
[ReportManager] File Action [ReadFromFile] successfully performed. With the following test data [File Path: "/Users/runner/work/SHAFT_ENGINE/SHAFT_ENGINE/src/test/resources/testDataFiles/specialCharacters.json"]. @01-03-2022 02:16:36.0219 AM
[ReportManager] Successfully created attachment [File Action Actual Result - Command Log] @01-03-2022 02:16:36.0220 AM
[ReportManager] Comparing the provided API response with the file at this path "src/test/resources/testDataFiles/specialCharacters.json", comparison type "EQUALS" @01-03-2022 02:16:36.0222 AM
[ReportManager] API Action [CompareJSON] successfully performed. With the following test data [src/test/resources/testDataFiles/specialCharacters.json]. @01-03-2022 02:16:36.0231 AM
[ReportManager] File Action [GetAbsolutePath] successfully performed. With the following test data [Relative Folder Path: "src/test/resources/testDataFiles/specialCharacters.json"]. @01-03-2022 02:16:36.0231 AM
[ReportManager] File Action [ReadFromFile] successfully performed. With the following test data [File Path: "/Users/runner/work/SHAFT_ENGINE/SHAFT_ENGINE/src/test/resources/testDataFiles/specialCharacters.json"]. @01-03-2022 02:16:36.0231 AM
[ReportManager] Verification [ValidateJSONFileContent] PASSED. Expected [Response data should match the JSON File in this path 'src/test/resources/testDataFiles/specialCharacters.json'] and Actual [TRUE]. Comparison Type [EQUALS]. Validation Type [POSITIVE]. @01-03-2022 02:16:36.0237 AM
[ReportManager] Successfully created attachment [Validation Test Data - Expected JSON Value] @01-03-2022 02:16:36.0238 AM
[ReportManager] Successfully created attachment [Validation Test Data - Actual JSON Value] @01-03-2022 02:16:36.0238 A

################################################################################################################################################
Starting Execution:	[148 out of 165] test cases in the current suite
Test Method:		[testPackage01.Test_JsonCompareWithSpecialCharacters.specialCharacters_assertion]
################################################################################################################################################
[ReportManager] File Action [GetAbsolutePath] successfully performed. With the following test data [Relative Folder Path: "src/test/resources/testDataFiles/specialCharacters.json"]. @01-03-2022 02:16:36.0241 AM
[ReportManager] File Action [ReadFromFile] successfully performed. With the following test data [File Path: "/Users/runner/work/SHAFT_ENGINE/SHAFT_ENGINE/src/test/resources/testDataFiles/specialCharacters.json"]. @01-03-2022 02:16:36.0242 AM
[ReportManager] Successfully created attachment [File Action Actual Result - Command Log] @01-03-2022 02:16:36.0242 AM
[ReportManager] Comparing the provided API response with the file at this path "src/test/resources/testDataFiles/specialCharacters.json", comparison type "CONTAINS" @01-03-2022 02:16:36.0243 AM
[ReportManager] API Action [CompareJSON] successfully performed. With the following test data [src/test/resources/testDataFiles/specialCharacters.json]. @01-03-2022 02:16:36.0254 AM
[ReportManager] File Action [GetAbsolutePath] successfully performed. With the following test data [Relative Folder Path: "src/test/resources/testDataFiles/specialCharacters.json"]. @01-03-2022 02:16:36.0254 AM
[ReportManager] File Action [ReadFromFile] successfully performed. With the following test data [File Path: "/Users/runner/work/SHAFT_ENGINE/SHAFT_ENGINE/src/test/resources/testDataFiles/specialCharacters.json"]. @01-03-2022 02:16:36.0255 AM
[ReportManager] Assertion Passed: trying out the log message @01-03-2022 02:16:36.0258 AM
[ReportManager] Successfully created attachment [Validation Test Data - Expected JSON Value] @01-03-2022 02:16:36.0301 AM
[ReportManager] Successfully created attachment [Validation Test Data - Actual JSON Value] @01-03-2022 02:16:36.0302 AM
[ReportManager] Assertion [ValidateJSONFileContent] PASSED. Expected [Response data should match the JSON File in this path 'src/test/resources/testDataFiles/specialCharacters.json'] and Actual [TRUE]. Comparison Type [CONTAINS]. Validation Type [POSITIVE]. @01-03-2022 02:16:36.0302 A

################################################################################################################################################
Starting Execution:	[149 out of 165] test cases in the current suite
Test Method:		[testPackage01.Test_SkipDueToIssue.doNotSkip]
################################################################################################################################################
[ReportManager] This should not be skipped. @01-03-2022 02:16:36.0306 A

################################################################################################################################################
Starting Execution:	[150 out of 165] test cases in the current suite
Test Method:		[testPackage01.Test_SkipDueToIssue.skip]
################################################################################################################################################
[ReportManager] This should be skipped. @01-03-2022 02:16:36.0313 A

################################################################################################################################################
Starting Execution:	[151 out of 165] test cases in the current suite
Test Method:		[testPackage01.Test_SkipDueToIssue.skip2]
################################################################################################################################################
[ReportManager] This should be skipped. @01-03-2022 02:16:36.0318 A

################################################################################################################################################
Starting Execution:	[152 out of 165] test cases in the current suite
Test Method:		[testPackage01.Test_JSONFileManager.readStringFromJson]
################################################################################################################################################
[ReportManager] File Action [GetAbsolutePath] successfully performed. With the following test data [Relative Folder Path: "src/test/resources/testDataFiles/simpleJSON.json"]. @01-03-2022 02:16:36.0324 AM
[ReportManager] Successfully loaded the following test data file [src/test/resources/testDataFiles/simpleJSON.json]. @01-03-2022 02:16:36.0325 AM
[ReportManager] Successfully created attachment [Test Data - JSON] @01-03-2022 02:16:36.0326 AM
[ReportManager] File Action [GetAbsolutePath] successfully performed. With the following test data [Relative Folder Path: "src/test/resources/testDataFiles/simpleJSON.json"]. @01-03-2022 02:16:36.0327 AM
[ReportManager] Assertion [ValidateEquals] PASSED. Expected [Mohab Mohie] and Actual [Mohab Mohie]. Comparison Type [EQUALS]. Validation Type [POSITIVE]. @01-03-2022 02:16:36.0341 A
[ReportManager] File Action [GetAbsolutePath] successfully performed. With the following test data [Relative Folder Path: "target/downloadedFiles/"]. @01-03-2022 02:16:36.0344 AM
[ReportManager] Attempting to run locally on: [Mac-64], [Safari], Headless Execution. @01-03-2022 02:16:36.0344 AM
[ReportManager] Successfully Opened Safari. @01-03-2022 02:16:37.0269 AM
[ReportManager] Initial window size: (800, 600) @01-03-2022 02:16:37.0298 AM
[ReportManager] Window size after SWD Maximize: (1176, 803) @01-03-2022 02:16:37.0323 AM
[ReportManager] Browser Action [MaximizeWindow] successfully performed. With the following test data [New screen size is now: (1176, 803)]. @01-03-2022 02:16:37.0323 A

################################################################################################################################################
Starting Execution:	[153 out of 165] test cases in the current suite
Test Method:		[testPackage01.Test_assertEquals.test_assertElementAttribute]
################################################################################################################################################
[ReportManager] Target URL: [https://www.google.com/ncr], and after redirection: [https://www.google.com] @01-03-2022 02:16:37.0325 AM
[ReportManager] Initial URL: [] @01-03-2022 02:16:37.0370 AM
[ReportManager] Browser Action [NavigateToURL] successfully performed. With the following test data [https://www.google.com/ncr]. @01-03-2022 02:16:40.0373 AM
[ReportManager] Element Action [Type] successfully performed. With the following test data [INC_004010050:Another SCHEDULER with the same name [Duplicate Job Name] already exists.]. @01-03-2022 02:16:41.0847 AM
[ReportManager] Element Action [GetText] successfully performed. With the following test data [INC_004010050:Another SCHEDULER with the same name [Duplicate Job Name] already exists.]. @01-03-2022 02:16:41.0972 AM
[ReportManager] Assertion [ValidateElementAttribute] PASSED. Expected [Value Should be 'INC_004010050:Another SCHEDULER with the same name \[Duplicate Job Name\] already exists.' for the 'text' attribute, element locator 'By.name: q'] and Actual [INC_004010050:Another SCHEDULER with the same name [Duplicate Job Name] already exists.]. Comparison Type [MATCHES]. Validation Type [POSITIVE]. @01-03-2022 02:16:42.0211 AM
[ReportManager] Successfully created attachment [Screenshot - 1646101002129_test_assertElementAttribute_ValidateElementAttribute_passed] @01-03-2022 02:16:42.0213 A
[ReportManager] Browser Action [CloseCurrentWindow] successfully performed. @01-03-2022 02:16:42.0430 AM
[ReportManager] Successfully created attachment [Browser Action Test Data - CloseCurrentWindow - Actual Value] @01-03-2022 02:16:42.0436 A
[ReportManager] File Action [GetAbsolutePath] successfully performed. With the following test data [Relative Folder Path: "target/downloadedFiles/"]. @01-03-2022 02:16:42.0446 AM
[ReportManager] Attempting to run locally on: [Mac-64], [Safari], Headless Execution. @01-03-2022 02:16:42.0447 AM
[ReportManager] Successfully Opened Safari. @01-03-2022 02:16:43.0622 AM
[ReportManager] Initial window size: (800, 600) @01-03-2022 02:16:43.0669 AM
[ReportManager] Window size after SWD Maximize: (1176, 803) @01-03-2022 02:16:43.0724 AM
[ReportManager] Browser Action [MaximizeWindow] successfully performed. With the following test data [New screen size is now: (1176, 803)]. @01-03-2022 02:16:43.0724 A

################################################################################################################################################
Starting Execution:	[154 out of 165] test cases in the current suite
Test Method:		[testPackage01.Test_IsElementClickable.testIsElementClickable]
################################################################################################################################################
[ReportManager] Target URL: [https://the-internet.herokuapp.com/] @01-03-2022 02:16:43.0730 AM
[ReportManager] Initial URL: [] @01-03-2022 02:16:43.0763 AM
[ReportManager] Browser Action [NavigateToURL] successfully performed. With the following test data [https://the-internet.herokuapp.com/]. @01-03-2022 02:16:45.0239 AM
[ReportManager] Element Action [IsElementClickable] successfully performed. @01-03-2022 02:16:45.0498 AM
[ReportManager] Assertion [ValidateTrue] PASSED. Expected [TRUE] and Actual [TRUE]. Validation Type [POSITIVE]. @01-03-2022 02:16:45.0498 A
[ReportManager] Browser Action [CloseCurrentWindow] successfully performed. @01-03-2022 02:16:45.0868 AM
[ReportManager] Successfully created attachment [Browser Action Test Data - CloseCurrentWindow - Actual Value] @01-03-2022 02:16:46.0135 A
[ReportManager] Successfully loaded the following test data file [src/test/resources/testDataFiles/testSuite01/TestData.xlsx]. @01-03-2022 02:16:46.0688 AM
[ReportManager] Successfully created attachment [Test Data - Excel] @01-03-2022 02:16:46.0730 AM
[ReportManager] Attempting to run using Playwright locally on: [Mac-64], [Safari], Headless Execution. @01-03-2022 02:17:24.0653 AM
[ReportManager] File Action [GetAbsolutePath] successfully performed. With the following test data [Relative Folder Path: "target/downloadedFiles/"]. @01-03-2022 02:17:24.0655 AM
[ReportManager] Initial window size: (1280, 720) @01-03-2022 02:17:30.0306 AM
[ReportManager] Window size after Toolkit: com.microsoft.playwright.options.ViewportSize@5c7e648b @01-03-2022 02:17:30.0315 AM
[ReportManager] Browser Action [MaximizeWindow] successfully performed. With the following test data [New screen size is now: (1920, 1080)]. @01-03-2022 02:17:30.0316 A

################################################################################################################################################
Starting Execution:	[155 out of 165] test cases in the current suite
Test Method:		[testPackage01.Test_google_playwright.navigateToURLandVerifyGoogleLogoIsDisplayed]
Test Description:	[TC001 - Navigate to URL and Verify Google Logo is Displayed]
################################################################################################################################################
[ReportManager] Target URL: [https://www.google.com/ncr], and after redirection: [https://www.google.com] @01-03-2022 02:17:30.0319 AM
[ReportManager] Initial URL: [about:blank] @01-03-2022 02:17:30.0825 AM
[ReportManager] Browser Action [NavigateToURL] successfully performed. With the following test data [https://www.google.com/ncr]. @01-03-2022 02:17:35.0144 AM
[ReportManager] Assertion [ValidateElementExists] PASSED. Expected [Element Should Exist, locator 'xpath=//*[@id='hplogo' or @alt='Google']'] and Actual [Element Exists]. Comparison Type [EQUALS]. Validation Type [POSITIVE]. @01-03-2022 02:17:35.0885 AM
[ReportManager] Successfully created attachment [Screenshot - 1646101055460_navigateToURLandVerifyGoogleLogoIsDisplayed_ValidateElementExists_passed] @01-03-2022 02:17:35.0886 A

################################################################################################################################################
Starting Execution:	[156 out of 165] test cases in the current suite
Test Method:		[testPackage01.Test_google_playwright.searchForQueryandAssertResultsNumDisplayed]
Test Description:	[TC002 - Search for Query and Assert that the number of results is displayed]
################################################################################################################################################
[ReportManager] Element Action [Type] successfully performed. With the following test data [SHAFT_Engine]. @01-03-2022 02:17:36.0077 AM
[ReportManager] Element Action [KeyPress] successfully performed. With the following test data [Enter]. @01-03-2022 02:17:36.0131 AM
[ReportManager] Element Action [GetText] successfully performed. With the following test data [About 738,000 results (0.40 seconds)
]. @01-03-2022 02:17:36.0873 AM
[ReportManager] Assertion [ValidateElementAttribute] PASSED. Expected [Value Should not be '' for the 'text' attribute, element locator 'xpath=//div[@id='appbar']'] and Actual [About 738,000 results (0.40 seconds)
]. Comparison Type [EQUALS]. Validation Type [NEGATIVE]. @01-03-2022 02:17:39.0368 AM
[ReportManager] Successfully created attachment [Screenshot - 1646101059204_searchForQueryandAssertResultsNumDisplayed_ValidateElementAttribute_passed] @01-03-2022 02:17:39.0370 A

################################################################################################################################################
Starting Execution:	[157 out of 165] test cases in the current suite
Test Method:		[testPackage01.Test_google_playwright.clickNextThrice]
Test Description:	[TC003 - Clicks the next button to make sure that the framework can scroll element into view before clicking it]
################################################################################################################################################
[ReportManager] Element Action [Click] successfully performed. With the following test data [Next]. @01-03-2022 02:17:39.0861 A
[ReportManager] Failed to find video recording. @01-03-2022 02:17:41.0429 AM
[ReportManager] Successfully Closed PlayWright Driver. @01-03-2022 02:17:41.0500 A
[ReportManager] File Action [GetAbsolutePath] successfully performed. With the following test data [Relative Folder Path: "target/downloadedFiles/"]. @01-03-2022 02:17:41.0528 AM
[ReportManager] Attempting to run locally on: [Mac-64], [Safari], Headless Execution. @01-03-2022 02:17:41.0528 AM
[ReportManager] Successfully Opened Safari. @01-03-2022 02:17:42.0427 AM
[ReportManager] Initial window size: (800, 600) @01-03-2022 02:17:42.0457 AM
[ReportManager] Window size after SWD Maximize: (1176, 803) @01-03-2022 02:17:42.0497 AM
[ReportManager] Browser Action [MaximizeWindow] successfully performed. With the following test data [New screen size is now: (1176, 803)]. @01-03-2022 02:17:42.0497 A

################################################################################################################################################
Starting Execution:	[158 out of 165] test cases in the current suite
Test Method:		[testPackage01.Test_verifyEquals.test_assertElementAttribute]
################################################################################################################################################
[ReportManager] Target URL: [https://www.google.com/ncr], and after redirection: [https://www.google.com] @01-03-2022 02:17:42.0936 AM
[ReportManager] Initial URL: [] @01-03-2022 02:17:42.0965 AM
[ReportManager] Browser Action [NavigateToURL] successfully performed. With the following test data [https://www.google.com/ncr]. @01-03-2022 02:17:46.0272 AM
[ReportManager] Element Action [Type] successfully performed. With the following test data [INC_004010050:Another SCHEDULER with the same name [Duplicate Job Name] already exists.]. @01-03-2022 02:17:47.0514 AM
[ReportManager] Element Action [GetText] successfully performed. With the following test data [INC_004010050:Another SCHEDULER with the same name [Duplicate Job Name] already exists.]. @01-03-2022 02:17:47.0631 AM
[ReportManager] Verification [ValidateElementAttribute] PASSED. Expected [Value Should be 'INC_004010050:Another SCHEDULER with the same name \[Duplicate Job Name\] already exists.' for the 'text' attribute, element locator 'By.name: q'] and Actual [INC_004010050:Another SCHEDULER with the same name [Duplicate Job Name] already exists.]. Comparison Type [MATCHES]. Validation Type [POSITIVE]. @01-03-2022 02:17:48.0680 AM
[ReportManager] Successfully created attachment [Screenshot - 1646101068600_test_assertElementAttribute_ValidateElementAttribute_passed] @01-03-2022 02:17:48.0682 A
[ReportManager] Browser Action [CloseCurrentWindow] successfully performed. @01-03-2022 02:17:48.0943 AM
[ReportManager] Successfully created attachment [Browser Action Test Data - CloseCurrentWindow - Actual Value] @01-03-2022 02:17:48.0945 A

################################################################################################################################################
Starting Execution:	[159 out of 165] test cases in the current suite
Test Method:		[testPackage01.Test_SelectedValue.multipleSelect]
################################################################################################################################################
[ReportManager] File Action [GetAbsolutePath] successfully performed. With the following test data [Relative Folder Path: "target/downloadedFiles/"]. @01-03-2022 02:17:48.0950 AM
[ReportManager] Attempting to run locally on: [Mac-64], [GoogleChrome], Headless Execution. @01-03-2022 02:17:48.0951 AM
[ReportManager] Identifying OS/Driver combination and selecting the correct driver version automatically. Please note that if a new driver executable will be downloaded it may take some time... @01-03-2022 02:17:48.0952 AM
[ReportManager] Successfully Opened Google Chrome. @01-03-2022 02:17:54.0590 AM
[ReportManager] Initial window size: (1920, 1080) @01-03-2022 02:17:54.0599 AM
[ReportManager] Window size after SWD Maximize: (1920, 1080) @01-03-2022 02:17:54.0826 AM
[ReportManager] Window size after Toolkit: (1920, 1080) @01-03-2022 02:17:55.0328 AM
[ReportManager] Browser Action [MaximizeWindow] successfully performed. With the following test data [New screen size is now: (1920, 1080)]. @01-03-2022 02:17:55.0332 AM
[ReportManager] Target URL: [https://yari-demos.prod.mdn.mozit.cloud/en-US/docs/Web/HTML/Element/select/_sample_.Advanced_select_with_multiple_features.html] @01-03-2022 02:17:55.0333 AM
[ReportManager] Initial URL: [data:,] @01-03-2022 02:17:55.0367 AM
[ReportManager] Browser Action [NavigateToURL] successfully performed. With the following test data [https://yari-demos.prod.mdn.mozit.cloud/en-US/docs/Web/HTML/Element/select/_sample_.Advanced_select_with_multiple_features.html]. @01-03-2022 02:17:57.0995 AM
[ReportManager] Element Action [Select] successfully performed. With the following test data [Dog]. @01-03-2022 02:17:58.0253 AM
[ReportManager] Element Action [Select] successfully performed. With the following test data [Cat]. @01-03-2022 02:17:58.0446 AM
[ReportManager] Element Action [GetSelectedText] successfully performed. With the following test data [DogCat]. @01-03-2022 02:17:58.0560 AM
[ReportManager] DogCat @01-03-2022 02:17:58.0560 AM
[ReportManager] Element Action [GetSelectedText] successfully performed. With the following test data [DogCat]. @01-03-2022 02:17:58.0716 AM
[ReportManager] Assertion [ValidateElementAttribute] PASSED. Expected [Value Should be 'DogCat' for the 'selectedText' attribute, element locator 'By.tagName: select'] and Actual [DogCat]. Comparison Type [EQUALS]. Validation Type [POSITIVE]. @01-03-2022 02:18:03.0525 AM
[ReportManager] Successfully created attachment [Screenshot - 1646101083418_multipleSelect_ValidateElementAttribute_passed] @01-03-2022 02:18:03.0526 AM
[ReportManager] Browser Action [CloseCurrentWindow] successfully performed. @01-03-2022 02:18:03.0855 AM
[ReportManager] Successfully created attachment [Browser Action Test Data - CloseCurrentWindow - Actual Value] @01-03-2022 02:18:03.0855 A

################################################################################################################################################
Starting Execution:	[160 out of 165] test cases in the current suite
Test Method:		[testPackage01.Test_SelectedValue.simpleSelect]
################################################################################################################################################
[ReportManager] File Action [GetAbsolutePath] successfully performed. With the following test data [Relative Folder Path: "target/downloadedFiles/"]. @01-03-2022 02:18:03.0861 AM
[ReportManager] Attempting to run locally on: [Mac-64], [GoogleChrome], Headless Execution. @01-03-2022 02:18:03.0861 AM
[ReportManager] Identifying OS/Driver combination and selecting the correct driver version automatically. Please note that if a new driver executable will be downloaded it may take some time... @01-03-2022 02:18:03.0861 AM
[ReportManager] Successfully Opened Google Chrome. @01-03-2022 02:18:06.0132 AM
[ReportManager] Initial window size: (1920, 1080) @01-03-2022 02:18:06.0136 AM
[ReportManager] Window size after SWD Maximize: (1920, 1080) @01-03-2022 02:18:06.0269 AM
[ReportManager] Window size after Toolkit: (1920, 1080) @01-03-2022 02:18:06.0826 AM
[ReportManager] Browser Action [MaximizeWindow] successfully performed. With the following test data [New screen size is now: (1920, 1080)]. @01-03-2022 02:18:06.0829 AM
[ReportManager] Target URL: [https://yari-demos.prod.mdn.mozit.cloud/en-US/docs/Web/HTML/Element/select/_sample_.Basic_select.html] @01-03-2022 02:18:06.0830 AM
[ReportManager] Initial URL: [data:,] @01-03-2022 02:18:06.0870 AM
[ReportManager] Browser Action [NavigateToURL] successfully performed. With the following test data [https://yari-demos.prod.mdn.mozit.cloud/en-US/docs/Web/HTML/Element/select/_sample_.Basic_select.html]. @01-03-2022 02:18:07.0894 AM
[ReportManager] Element Action [Select] successfully performed. With the following test data [Third Value]. @01-03-2022 02:18:08.0216 AM
[ReportManager] Element Action [GetSelectedText] successfully performed. With the following test data [Third Value]. @01-03-2022 02:18:08.0296 AM
[ReportManager] Third Value @01-03-2022 02:18:08.0296 AM
[ReportManager] Element Action [GetSelectedText] successfully performed. With the following test data [Third Value]. @01-03-2022 02:18:08.0372 AM
[ReportManager] Assertion [ValidateElementAttribute] PASSED. Expected [Value Should be 'Third Value' for the 'selectedText' attribute, element locator 'By.tagName: select'] and Actual [Third Value]. Comparison Type [EQUALS]. Validation Type [POSITIVE]. @01-03-2022 02:18:09.0650 AM
[ReportManager] Successfully created attachment [Screenshot - 1646101089546_simpleSelect_ValidateElementAttribute_passed] @01-03-2022 02:18:09.0650 AM
[ReportManager] Browser Action [CloseCurrentWindow] successfully performed. @01-03-2022 02:18:09.0831 AM
[ReportManager] Successfully created attachment [Browser Action Test Data - CloseCurrentWindow - Actual Value] @01-03-2022 02:18:11.0574 A
[ReportManager] File Action [GetAbsolutePath] successfully performed. With the following test data [Relative Folder Path: "target/downloadedFiles/"]. @01-03-2022 02:18:11.0578 AM
[ReportManager] Attempting to run locally on: [Mac-64], [Safari], Headless Execution. @01-03-2022 02:18:11.0578 AM
[ReportManager] Successfully Opened Safari. @01-03-2022 02:18:12.0536 AM
[ReportManager] Initial window size: (800, 600) @01-03-2022 02:18:12.0563 AM
[ReportManager] Window size after SWD Maximize: (1176, 803) @01-03-2022 02:18:12.0597 AM
[ReportManager] Browser Action [MaximizeWindow] successfully performed. With the following test data [New screen size is now: (1176, 803)]. @01-03-2022 02:18:12.0597 A

################################################################################################################################################
Starting Execution:	[161 out of 165] test cases in the current suite
Test Method:		[testPackage01.Test_dynamicLoading.dynamicLoading_elementIsHidden]
################################################################################################################################################
[ReportManager] Target URL: [https://the-internet.herokuapp.com/dynamic_loading/1] @01-03-2022 02:18:13.0724 AM
[ReportManager] Initial URL: [] @01-03-2022 02:18:13.0795 AM
[ReportManager] Browser Action [NavigateToURL] successfully performed. With the following test data [https://the-internet.herokuapp.com/dynamic_loading/1]. @01-03-2022 02:18:15.0145 AM
[ReportManager] Element Action [Click] successfully performed. With the following test data [By.xpath: //button[text()='Start']]. @01-03-2022 02:18:15.0457 AM
[ReportManager] Element Action [GetText] successfully performed. With the following test data [
    Hello World!
  ]. @01-03-2022 02:18:15.0504 A
[ReportManager] Browser Action [CloseCurrentWindow] successfully performed. @01-03-2022 02:18:16.0225 AM
[ReportManager] Successfully created attachment [Browser Action Test Data - CloseCurrentWindow - Actual Value] @01-03-2022 02:18:17.0791 A
[ReportManager] File Action [GetAbsolutePath] successfully performed. With the following test data [Relative Folder Path: "target/downloadedFiles/"]. @01-03-2022 02:18:17.0794 AM
[ReportManager] Attempting to run locally on: [Mac-64], [Safari], Headless Execution. @01-03-2022 02:18:17.0794 AM
[ReportManager] Successfully Opened Safari. @01-03-2022 02:18:18.0702 AM
[ReportManager] Initial window size: (800, 600) @01-03-2022 02:18:18.0718 AM
[ReportManager] Window size after SWD Maximize: (1176, 803) @01-03-2022 02:18:18.0739 AM
[ReportManager] Browser Action [MaximizeWindow] successfully performed. With the following test data [New screen size is now: (1176, 803)]. @01-03-2022 02:18:18.0739 A

################################################################################################################################################
Starting Execution:	[162 out of 165] test cases in the current suite
Test Method:		[testPackage01.Test_dynamicLoading.dynamicLoading_elementIsRendered]
################################################################################################################################################
[ReportManager] Target URL: [https://the-internet.herokuapp.com/dynamic_loading/2] @01-03-2022 02:18:19.0910 AM
[ReportManager] Initial URL: [] @01-03-2022 02:18:19.0967 AM
[ReportManager] Browser Action [NavigateToURL] successfully performed. With the following test data [https://the-internet.herokuapp.com/dynamic_loading/2]. @01-03-2022 02:18:21.0239 AM
[ReportManager] Element Action [Click] successfully performed. With the following test data [By.xpath: //button[text()='Start']]. @01-03-2022 02:18:21.0497 AM
[ReportManager] Element Action [GetText] successfully performed. With the following test data [Hello World!]. @01-03-2022 02:18:27.0038 AM
[ReportManager] Assertion [ValidateElementAttribute] PASSED. Expected [Value Should be 'Hello World!' for the 'text' attribute, element locator 'By.id: finish'] and Actual [Hello World!]. Comparison Type [CONTAINS]. Validation Type [POSITIVE]. @01-03-2022 02:18:29.0920 AM
[ReportManager] Successfully created attachment [Screenshot - 1646101109831_dynamicLoading_elementIsRendered_ValidateElementAttribute_passed] @01-03-2022 02:18:29.0921 A
[ReportManager] Browser Action [CloseCurrentWindow] successfully performed. @01-03-2022 02:18:30.0204 AM
[ReportManager] Successfully created attachment [Browser Action Test Data - CloseCurrentWindow - Actual Value] @01-03-2022 02:18:31.0717 A

################################################################################################################################################
Starting Execution:	[163 out of 165] test cases in the current suite
Test Method:		[dsl.testDsl.testButton]
################################################################################################################################################
[ReportManager] File Action [GetAbsolutePath] successfully performed. With the following test data [Relative Folder Path: "target/downloadedFiles/"]. @01-03-2022 02:18:31.0723 AM
[ReportManager] Attempting to run locally on: [Mac-64], [Safari], Headless Execution. @01-03-2022 02:18:31.0723 AM
[ReportManager] Successfully Opened Safari. @01-03-2022 02:18:32.0593 AM
[ReportManager] Initial window size: (800, 600) @01-03-2022 02:18:32.0626 AM
[ReportManager] Window size after SWD Maximize: (1176, 803) @01-03-2022 02:18:32.0662 AM
[ReportManager] Browser Action [MaximizeWindow] successfully performed. With the following test data [New screen size is now: (1176, 803)]. @01-03-2022 02:18:32.0663 AM
[ReportManager] Target URL: [http://the-internet.herokuapp.com/] @01-03-2022 02:18:32.0663 AM
[ReportManager] Initial URL: [] @01-03-2022 02:18:32.0722 AM
[ReportManager] Browser Action [NavigateToURL] successfully performed. With the following test data [http://the-internet.herokuapp.com/]. @01-03-2022 02:18:33.0792 AM
[ReportManager] Element Action [Click] successfully performed. With the following test data [By.linkText: Add/Remove Elements]. @01-03-2022 02:18:34.0194 AM
[ReportManager] Element Action [GetText] successfully performed. With the following test data [Add Element]. @01-03-2022 02:18:34.0250 AM
[ReportManager] Assertion Passed: Then I Assert that [Add Element] is equal to [Add Element]. @01-03-2022 02:18:34.0250 AM
[ReportManager] Assertion [ValidateEquals] PASSED. Expected [Add Element] and Actual [Add Element]. Comparison Type [EQUALS]. Validation Type [POSITIVE]. @01-03-2022 02:18:34.0250 AM
[ReportManager] Element Action [Click] successfully performed. With the following test data [By.xpath: //button[text()='Add Element']]. @01-03-2022 02:18:34.0499 AM
[ReportManager] Attempting to getAttribute [disabled] from elementLocator [By.xpath: //button[text()='Add Element']]. @01-03-2022 02:18:34.0500 AM
[ReportManager] Element Action [GetAttribute] successfully performed. @01-03-2022 02:18:34.0613 AM
[ReportManager] Element Action [GetText] successfully performed. With the following test data [Delete]. @01-03-2022 02:18:34.0668 AM
[ReportManager] Assertion Passed: Then I Assert that [Delete] is equal to [Delete]. @01-03-2022 02:18:34.0668 AM
[ReportManager] Assertion [ValidateEquals] PASSED. Expected [Delete] and Actual [Delete]. Comparison Type [EQUALS]. Validation Type [POSITIVE]. @01-03-2022 02:18:34.0668 A

################################################################################################################################################
Starting Execution:	[164 out of 165] test cases in the current suite
Test Method:		[dsl.testDsl.testCheckBox]
################################################################################################################################################
[ReportManager] File Action [GetAbsolutePath] successfully performed. With the following test data [Relative Folder Path: "target/downloadedFiles/"]. @01-03-2022 02:18:34.0887 AM
[ReportManager] Attempting to run locally on: [Mac-64], [Safari], Headless Execution. @01-03-2022 02:18:34.0888 AM
[ReportManager] Successfully Opened Safari. @01-03-2022 02:18:35.0790 AM
[ReportManager] Initial window size: (800, 600) @01-03-2022 02:18:35.0809 AM
[ReportManager] Window size after SWD Maximize: (1176, 803) @01-03-2022 02:18:35.0830 AM
[ReportManager] Browser Action [MaximizeWindow] successfully performed. With the following test data [New screen size is now: (1176, 803)]. @01-03-2022 02:18:35.0831 AM
[ReportManager] Target URL: [http://the-internet.herokuapp.com/] @01-03-2022 02:18:35.0831 AM
[ReportManager] Initial URL: [] @01-03-2022 02:18:35.0900 AM
[ReportManager] Browser Action [NavigateToURL] successfully performed. With the following test data [http://the-internet.herokuapp.com/]. @01-03-2022 02:18:37.0109 AM
[ReportManager] Element Action [Click] successfully performed. With the following test data [By.linkText: Checkboxes]. @01-03-2022 02:18:37.0481 AM
[ReportManager] Element Action [Click] successfully performed. With the following test data [By.xpath: (//INPUT[@type='checkbox'])[1]]. @01-03-2022 02:18:37.0759 AM
[ReportManager] Element Action [Click] successfully performed. With the following test data [By.xpath: (//INPUT[@type='checkbox'])[2]]. @01-03-2022 02:18:37.0945 A

################################################################################################################################################
Starting Execution:	[165 out of 165] test cases in the current suite
Test Method:		[dsl.testDsl.testLabel]
################################################################################################################################################
[ReportManager] File Action [GetAbsolutePath] successfully performed. With the following test data [Relative Folder Path: "target/downloadedFiles/"]. @01-03-2022 02:18:38.0225 AM
[ReportManager] Attempting to run locally on: [Mac-64], [Safari], Headless Execution. @01-03-2022 02:18:38.0225 AM
[ReportManager] Successfully Opened Safari. @01-03-2022 02:18:39.0165 AM
[ReportManager] Initial window size: (800, 600) @01-03-2022 02:18:39.0197 AM
[ReportManager] Window size after SWD Maximize: (1176, 803) @01-03-2022 02:18:39.0232 AM
[ReportManager] Browser Action [MaximizeWindow] successfully performed. With the following test data [New screen size is now: (1176, 803)]. @01-03-2022 02:18:39.0232 AM
[ReportManager] Element Action [GetText] successfully performed. With the following test data [Welcome to the-internet]. @01-03-2022 02:18:40.0379 AM
[ReportManager] Assertion Passed: Then I Assert that [Welcome to the-internet] is equal to [Welcome to the-internet]. @01-03-2022 02:18:40.0380 AM
[ReportManager] Assertion [ValidateEquals] PASSED. Expected [Welcome to the-internet] and Actual [Welcome to the-internet]. Comparison Type [EQUALS]. Validation Type [POSITIVE]. @01-03-2022 02:18:40.0380 A
[ReportManager] Successfully created attachment [SHAFT Engine Logs - Execution log] @01-03-2022 02:18:40.0713 AM

################################################################################################################################################
This test run was powered by SHAFT Engine Version: [SHAFT Engine v6.1.20220113]
SHAFT Engine is licensed under the MIT License: [https://github.com/MohabMohie/SHAFT_ENGINE/blob/master/LICENSE].
################################################################################################################################################