################################################################################################################################################
Detected SHAFT Engine Version: [SHAFT Engine v5.4.20211030-BETA]
################################################################################################################################################

################################################################################################################################################
Starting Execution:	[1 out of 143] test cases in the current suite
Test Method:		[unitTests.tests_validations_assertions.assertComparativeRelation_greaterThanOrEquals_false_equals_expectedToFail]
################################################################################################################################################
[ReportManager] Assertion [ValidateComparativeRelation] FAILED. Expected [1] and Actual [1]. Comparison Type [GREATER_THAN_OR_EQUALS]. Validation Type [NEGATIVE]. @01-11-2021 07:24:15.0660 A

################################################################################################################################################
Starting Execution:	[2 out of 143] test cases in the current suite
Test Method:		[unitTests.tests_validations_assertions.assertComparativeRelation_greaterThanOrEquals_false_equals_expectedToPass]
################################################################################################################################################
[ReportManager] Assertion [ValidateComparativeRelation] PASSED. Expected [2] and Actual [1]. Comparison Type [GREATER_THAN_OR_EQUALS]. Validation Type [NEGATIVE]. @01-11-2021 07:24:15.0795 A

################################################################################################################################################
Starting Execution:	[3 out of 143] test cases in the current suite
Test Method:		[unitTests.tests_validations_assertions.assertComparativeRelation_greaterThanOrEquals_false_greaterThan_expectedToFail]
################################################################################################################################################
[ReportManager] Assertion [ValidateComparativeRelation] FAILED. Expected [1] and Actual [2]. Comparison Type [GREATER_THAN_OR_EQUALS]. Validation Type [NEGATIVE]. @01-11-2021 07:24:15.0805 A

################################################################################################################################################
Starting Execution:	[4 out of 143] test cases in the current suite
Test Method:		[unitTests.tests_validations_assertions.assertComparativeRelation_greaterThanOrEquals_false_greaterThan_expectedToPass]
################################################################################################################################################
[ReportManager] Assertion [ValidateComparativeRelation] PASSED. Expected [2] and Actual [1]. Comparison Type [GREATER_THAN_OR_EQUALS]. Validation Type [NEGATIVE]. @01-11-2021 07:24:15.0816 A

################################################################################################################################################
Starting Execution:	[5 out of 143] test cases in the current suite
Test Method:		[unitTests.tests_validations_assertions.assertComparativeRelation_greaterThanOrEquals_true_equals_expectedToFail]
################################################################################################################################################
[ReportManager] Assertion [ValidateComparativeRelation] FAILED. Expected [1] and Actual [0]. Comparison Type [GREATER_THAN_OR_EQUALS]. Validation Type [POSITIVE]. @01-11-2021 07:24:15.0827 A

################################################################################################################################################
Starting Execution:	[6 out of 143] test cases in the current suite
Test Method:		[unitTests.tests_validations_assertions.assertComparativeRelation_greaterThanOrEquals_true_equals_expectedToPass]
################################################################################################################################################
[ReportManager] Assertion [ValidateComparativeRelation] PASSED. Expected [1] and Actual [1]. Comparison Type [GREATER_THAN_OR_EQUALS]. Validation Type [POSITIVE]. @01-11-2021 07:24:15.0834 A

################################################################################################################################################
Starting Execution:	[7 out of 143] test cases in the current suite
Test Method:		[unitTests.tests_validations_assertions.assertComparativeRelation_greaterThanOrEquals_true_greaterThan_expectedToFail]
################################################################################################################################################
[ReportManager] Assertion [ValidateComparativeRelation] FAILED. Expected [2] and Actual [1]. Comparison Type [GREATER_THAN_OR_EQUALS]. Validation Type [POSITIVE]. @01-11-2021 07:24:15.0842 A

################################################################################################################################################
Starting Execution:	[8 out of 143] test cases in the current suite
Test Method:		[unitTests.tests_validations_assertions.assertComparativeRelation_greaterThanOrEquals_true_greaterThan_expectedToPass]
################################################################################################################################################
[ReportManager] Assertion [ValidateComparativeRelation] PASSED. Expected [1] and Actual [2]. Comparison Type [GREATER_THAN_OR_EQUALS]. Validation Type [POSITIVE]. @01-11-2021 07:24:15.0848 A
[ReportManager] File Action [GetAbsolutePath] successfully performed. With the following test data [Relative Folder Path: "target/downloadedFiles/"]. @01-11-2021 07:24:15.0862 AM
[ReportManager] Attempting to run remotely on: [Linux-64], [GoogleChrome], [http://localhost:4444/wd/hub], Headless Execution. @01-11-2021 07:24:15.0875 AM
[ReportManager] Successfully Opened [GoogleChrome]. @01-11-2021 07:24:20.0116 AM
[ReportManager] Target URL: [https://www.google.com/ncr], and after redirection: [www.google.com] @01-11-2021 07:24:20.0126 AM
[ReportManager] Initial URL: [data:,] @01-11-2021 07:24:20.0521 AM
[ReportManager] Browser Action [NavigateToURL] successfully performed. With the following test data [https://www.google.com/ncr]. @01-11-2021 07:24:21.0998 A

################################################################################################################################################
Starting Execution:	[9 out of 143] test cases in the current suite
Test Method:		[unitTests.tests_validations_assertions.assertElementAttribute_false_caseInsensitiveComparison_expectedToFail]
################################################################################################################################################
[ReportManager] Element Action [Type] successfully performed. With the following test data [AUTOMATION]. @01-11-2021 07:24:23.0867 AM
[ReportManager] Element Action [GetText] successfully performed. With the following test data [AUTOMATION]. @01-11-2021 07:24:24.0325 AM
[ReportManager] Loaded Shared OpenCV @01-11-2021 07:24:25.0873 AM
[ReportManager] Assertion [ValidateElementAttribute] FAILED. Expected [Value Should not be 'AutomaTion' for the 'text' attribute, element locator 'By.name: q'] and Actual [AUTOMATION]. Comparison Type [CASE_INSENSITIVE]. Validation Type [NEGATIVE]. @01-11-2021 07:24:26.0475 AM
[ReportManager] Successfully created attachment [Screenshot - 1635751465149_assertElementAttribute_false_caseInsensitiveComparison_expectedToFail_ValidateElementAttribute_failed] @01-11-2021 07:24:26.0537 A
[ReportManager] Browser Action [CloseCurrentWindow] successfully performed. @01-11-2021 07:24:26.0849 AM
[ReportManager] Successfully created attachment [Browser Action Test Data - CloseCurrentWindow - Actual Value] @01-11-2021 07:24:26.0856 A
[ReportManager] File Action [GetAbsolutePath] successfully performed. With the following test data [Relative Folder Path: "target/downloadedFiles/"]. @01-11-2021 07:24:26.0876 AM
[ReportManager] Attempting to run remotely on: [Linux-64], [GoogleChrome], [http://localhost:4444/wd/hub], Headless Execution. @01-11-2021 07:24:26.0876 AM
[ReportManager] Successfully Opened [GoogleChrome]. @01-11-2021 07:24:29.0449 AM
[ReportManager] Target URL: [https://www.google.com/ncr], and after redirection: [www.google.com] @01-11-2021 07:24:29.0449 AM
[ReportManager] Initial URL: [data:,] @01-11-2021 07:24:29.0630 AM
[ReportManager] Browser Action [NavigateToURL] successfully performed. With the following test data [https://www.google.com/ncr]. @01-11-2021 07:24:30.0705 A

################################################################################################################################################
Starting Execution:	[10 out of 143] test cases in the current suite
Test Method:		[unitTests.tests_validations_assertions.assertElementAttribute_false_caseInsensitiveComparison_expectedToPass]
################################################################################################################################################
[ReportManager] Element Action [Type] successfully performed. With the following test data [AUTOMATION]. @01-11-2021 07:24:31.0498 AM
[ReportManager] Element Action [GetText] successfully performed. With the following test data [AUTOMATION]. @01-11-2021 07:24:31.0742 AM
[ReportManager] Loaded Shared OpenCV @01-11-2021 07:24:32.0202 AM
[ReportManager] Assertion [ValidateElementAttribute] PASSED. Expected [Value Should not be 'AutomaTion123' for the 'text' attribute, element locator 'By.name: q'] and Actual [AUTOMATION]. Comparison Type [CASE_INSENSITIVE]. Validation Type [NEGATIVE]. @01-11-2021 07:24:32.0507 AM
[ReportManager] Successfully created attachment [Screenshot - 1635751472202_assertElementAttribute_false_caseInsensitiveComparison_expectedToPass_ValidateElementAttribute_passed] @01-11-2021 07:24:32.0511 A
[ReportManager] Browser Action [CloseCurrentWindow] successfully performed. @01-11-2021 07:24:32.0720 AM
[ReportManager] Successfully created attachment [Browser Action Test Data - CloseCurrentWindow - Actual Value] @01-11-2021 07:24:32.0727 A
[ReportManager] File Action [GetAbsolutePath] successfully performed. With the following test data [Relative Folder Path: "target/downloadedFiles/"]. @01-11-2021 07:24:32.0733 AM
[ReportManager] Attempting to run remotely on: [Linux-64], [GoogleChrome], [http://localhost:4444/wd/hub], Headless Execution. @01-11-2021 07:24:32.0733 AM
[ReportManager] Successfully Opened [GoogleChrome]. @01-11-2021 07:24:34.0369 AM
[ReportManager] Target URL: [https://www.google.com/ncr], and after redirection: [www.google.com] @01-11-2021 07:24:34.0371 AM
[ReportManager] Initial URL: [data:,] @01-11-2021 07:24:34.0487 AM
[ReportManager] Browser Action [NavigateToURL] successfully performed. With the following test data [https://www.google.com/ncr]. @01-11-2021 07:24:35.0563 A

################################################################################################################################################
Starting Execution:	[11 out of 143] test cases in the current suite
Test Method:		[unitTests.tests_validations_assertions.assertElementAttribute_false_containsComparison_expectedToFail]
################################################################################################################################################
[ReportManager] Element Action [Type] successfully performed. With the following test data [Automation123]. @01-11-2021 07:24:36.0377 AM
[ReportManager] Element Action [GetText] successfully performed. With the following test data [Automation123]. @01-11-2021 07:24:36.0704 AM
[ReportManager] Loaded Shared OpenCV @01-11-2021 07:24:37.0141 AM
[ReportManager] Assertion [ValidateElementAttribute] FAILED. Expected [Value Should not be 'Automation' for the 'text' attribute, element locator 'By.name: q'] and Actual [Automation123]. Comparison Type [CONTAINS]. Validation Type [NEGATIVE]. @01-11-2021 07:24:37.0433 AM
[ReportManager] Successfully created attachment [Screenshot - 1635751477141_assertElementAttribute_false_containsComparison_expectedToFail_ValidateElementAttribute_failed] @01-11-2021 07:24:37.0435 A
[ReportManager] Browser Action [CloseCurrentWindow] successfully performed. @01-11-2021 07:24:37.0626 AM
[ReportManager] Successfully created attachment [Browser Action Test Data - CloseCurrentWindow - Actual Value] @01-11-2021 07:24:37.0627 A
[ReportManager] File Action [GetAbsolutePath] successfully performed. With the following test data [Relative Folder Path: "target/downloadedFiles/"]. @01-11-2021 07:24:37.0633 AM
[ReportManager] Attempting to run remotely on: [Linux-64], [GoogleChrome], [http://localhost:4444/wd/hub], Headless Execution. @01-11-2021 07:24:37.0633 AM
[ReportManager] Successfully Opened [GoogleChrome]. @01-11-2021 07:24:39.0384 AM
[ReportManager] Target URL: [https://www.google.com/ncr], and after redirection: [www.google.com] @01-11-2021 07:24:39.0384 AM
[ReportManager] Initial URL: [data:,] @01-11-2021 07:24:39.0496 AM
[ReportManager] Browser Action [NavigateToURL] successfully performed. With the following test data [https://www.google.com/ncr]. @01-11-2021 07:24:40.0602 A

################################################################################################################################################
Starting Execution:	[12 out of 143] test cases in the current suite
Test Method:		[unitTests.tests_validations_assertions.assertElementAttribute_false_containsComparison_expectedToPass]
################################################################################################################################################
[ReportManager] Element Action [Type] successfully performed. With the following test data [Automation123]. @01-11-2021 07:24:41.0381 AM
[ReportManager] Element Action [GetText] successfully performed. With the following test data [Automation123]. @01-11-2021 07:24:41.0597 AM
[ReportManager] Loaded Shared OpenCV @01-11-2021 07:24:42.0014 AM
[ReportManager] Assertion [ValidateElementAttribute] PASSED. Expected [Value Should not be 'Automation1234' for the 'text' attribute, element locator 'By.name: q'] and Actual [Automation123]. Comparison Type [CONTAINS]. Validation Type [NEGATIVE]. @01-11-2021 07:24:42.0233 AM
[ReportManager] Successfully created attachment [Screenshot - 1635751482014_assertElementAttribute_false_containsComparison_expectedToPass_ValidateElementAttribute_passed] @01-11-2021 07:24:42.0235 A
[ReportManager] Browser Action [CloseCurrentWindow] successfully performed. @01-11-2021 07:24:42.0414 AM
[ReportManager] Successfully created attachment [Browser Action Test Data - CloseCurrentWindow - Actual Value] @01-11-2021 07:24:42.0415 A
[ReportManager] File Action [GetAbsolutePath] successfully performed. With the following test data [Relative Folder Path: "target/downloadedFiles/"]. @01-11-2021 07:24:42.0419 AM
[ReportManager] Attempting to run remotely on: [Linux-64], [GoogleChrome], [http://localhost:4444/wd/hub], Headless Execution. @01-11-2021 07:24:42.0419 AM
[ReportManager] Successfully Opened [GoogleChrome]. @01-11-2021 07:24:44.0351 AM
[ReportManager] Target URL: [https://www.google.com/ncr], and after redirection: [www.google.com] @01-11-2021 07:24:44.0351 AM
[ReportManager] Initial URL: [data:,] @01-11-2021 07:24:44.0435 AM
[ReportManager] Browser Action [NavigateToURL] successfully performed. With the following test data [https://www.google.com/ncr]. @01-11-2021 07:24:45.0414 A

################################################################################################################################################
Starting Execution:	[13 out of 143] test cases in the current suite
Test Method:		[unitTests.tests_validations_assertions.assertElementAttribute_false_literalComparison_expectedToFail]
################################################################################################################################################
[ReportManager] Element Action [Type] successfully performed. With the following test data [Automation!@#$%^&*()_+{}[]\';/.,]. @01-11-2021 07:24:46.0068 AM
[ReportManager] Element Action [GetText] successfully performed. With the following test data [Automation!@#$%^&*()_+{}[]\';/.,]. @01-11-2021 07:24:46.0312 AM
[ReportManager] Loaded Shared OpenCV @01-11-2021 07:24:46.0707 AM
[ReportManager] Assertion [ValidateElementAttribute] PASSED. Expected [Value Should not be 'Automation!@#$%^&*()_+{}[]\\';/.,' for the 'text' attribute, element locator 'By.name: q'] and Actual [Automation!@#$%^&*()_+{}[]\';/.,]. Comparison Type [EQUALS]. Validation Type [NEGATIVE]. @01-11-2021 07:24:46.0919 AM
[ReportManager] Successfully created attachment [Screenshot - 1635751486707_assertElementAttribute_false_literalComparison_expectedToFail_ValidateElementAttribute_passed] @01-11-2021 07:24:46.0922 A
[ReportManager] Browser Action [CloseCurrentWindow] successfully performed. @01-11-2021 07:24:47.0082 AM
[ReportManager] Successfully created attachment [Browser Action Test Data - CloseCurrentWindow - Actual Value] @01-11-2021 07:24:47.0083 A
[ReportManager] File Action [GetAbsolutePath] successfully performed. With the following test data [Relative Folder Path: "target/downloadedFiles/"]. @01-11-2021 07:24:47.0087 AM
[ReportManager] Attempting to run remotely on: [Linux-64], [GoogleChrome], [http://localhost:4444/wd/hub], Headless Execution. @01-11-2021 07:24:47.0087 AM
[ReportManager] Successfully Opened [GoogleChrome]. @01-11-2021 07:24:49.0335 AM
[ReportManager] Target URL: [https://www.google.com/ncr], and after redirection: [www.google.com] @01-11-2021 07:24:49.0335 AM
[ReportManager] Initial URL: [data:,] @01-11-2021 07:24:49.0488 AM
[ReportManager] Browser Action [NavigateToURL] successfully performed. With the following test data [https://www.google.com/ncr]. @01-11-2021 07:24:50.0820 A

################################################################################################################################################
Starting Execution:	[14 out of 143] test cases in the current suite
Test Method:		[unitTests.tests_validations_assertions.assertElementAttribute_false_literalComparison_expectedToPass]
################################################################################################################################################
[ReportManager] Element Action [Type] successfully performed. With the following test data [Automation!@#$%^&*()_+{}[]\';/.,]. @01-11-2021 07:24:51.0454 AM
[ReportManager] Element Action [GetText] successfully performed. With the following test data [Automation!@#$%^&*()_+{}[]\';/.,]. @01-11-2021 07:24:51.0670 AM
[ReportManager] Loaded Shared OpenCV @01-11-2021 07:24:52.0027 AM
[ReportManager] Assertion [ValidateElementAttribute] PASSED. Expected [Value Should not be 'Automation' for the 'text' attribute, element locator 'By.name: q'] and Actual [Automation!@#$%^&*()_+{}[]\';/.,]. Comparison Type [EQUALS]. Validation Type [NEGATIVE]. @01-11-2021 07:24:52.0260 AM
[ReportManager] Successfully created attachment [Screenshot - 1635751492027_assertElementAttribute_false_literalComparison_expectedToPass_ValidateElementAttribute_passed] @01-11-2021 07:24:52.0262 A
[ReportManager] Browser Action [CloseCurrentWindow] successfully performed. @01-11-2021 07:24:52.0439 AM
[ReportManager] Successfully created attachment [Browser Action Test Data - CloseCurrentWindow - Actual Value] @01-11-2021 07:24:52.0440 A
[ReportManager] File Action [GetAbsolutePath] successfully performed. With the following test data [Relative Folder Path: "target/downloadedFiles/"]. @01-11-2021 07:24:52.0444 AM
[ReportManager] Attempting to run remotely on: [Linux-64], [GoogleChrome], [http://localhost:4444/wd/hub], Headless Execution. @01-11-2021 07:24:52.0444 AM
[ReportManager] Successfully Opened [GoogleChrome]. @01-11-2021 07:24:54.0339 AM
[ReportManager] Target URL: [https://www.google.com/ncr], and after redirection: [www.google.com] @01-11-2021 07:24:54.0340 AM
[ReportManager] Initial URL: [data:,] @01-11-2021 07:24:54.0425 AM
[ReportManager] Browser Action [NavigateToURL] successfully performed. With the following test data [https://www.google.com/ncr]. @01-11-2021 07:24:55.0355 A

################################################################################################################################################
Starting Execution:	[15 out of 143] test cases in the current suite
Test Method:		[unitTests.tests_validations_assertions.assertElementAttribute_false_regexComparison_expectedToFail]
################################################################################################################################################
[ReportManager] Element Action [Type] successfully performed. With the following test data [Automation123]. @01-11-2021 07:24:55.0912 AM
[ReportManager] Element Action [GetText] successfully performed. With the following test data [Automation123]. @01-11-2021 07:24:56.0094 AM
[ReportManager] Loaded Shared OpenCV @01-11-2021 07:24:56.0412 AM
[ReportManager] Assertion [ValidateElementAttribute] FAILED. Expected [Value Should not be 'Automation.*' for the 'text' attribute, element locator 'By.name: q'] and Actual [Automation123]. Comparison Type [MATCHES]. Validation Type [NEGATIVE]. @01-11-2021 07:24:56.0631 AM
[ReportManager] Successfully created attachment [Screenshot - 1635751496412_assertElementAttribute_false_regexComparison_expectedToFail_ValidateElementAttribute_failed] @01-11-2021 07:24:56.0644 A
[ReportManager] Browser Action [CloseCurrentWindow] successfully performed. @01-11-2021 07:24:56.0887 AM
[ReportManager] Successfully created attachment [Browser Action Test Data - CloseCurrentWindow - Actual Value] @01-11-2021 07:24:56.0888 A
[ReportManager] File Action [GetAbsolutePath] successfully performed. With the following test data [Relative Folder Path: "target/downloadedFiles/"]. @01-11-2021 07:24:56.0891 AM
[ReportManager] Attempting to run remotely on: [Linux-64], [GoogleChrome], [http://localhost:4444/wd/hub], Headless Execution. @01-11-2021 07:24:56.0892 AM
[ReportManager] Successfully Opened [GoogleChrome]. @01-11-2021 07:24:59.0335 AM
[ReportManager] Target URL: [https://www.google.com/ncr], and after redirection: [www.google.com] @01-11-2021 07:24:59.0335 AM
[ReportManager] Initial URL: [data:,] @01-11-2021 07:24:59.0419 AM
[ReportManager] Browser Action [NavigateToURL] successfully performed. With the following test data [https://www.google.com/ncr]. @01-11-2021 07:25:00.0453 A

################################################################################################################################################
Starting Execution:	[16 out of 143] test cases in the current suite
Test Method:		[unitTests.tests_validations_assertions.assertElementAttribute_false_regexComparison_expectedToPass]
################################################################################################################################################
[ReportManager] Element Action [Type] successfully performed. With the following test data [Automation123]. @01-11-2021 07:25:01.0357 AM
[ReportManager] Element Action [GetText] successfully performed. With the following test data [Automation123]. @01-11-2021 07:25:01.0572 AM
[ReportManager] Loaded Shared OpenCV @01-11-2021 07:25:02.0027 AM
[ReportManager] Assertion [ValidateElementAttribute] PASSED. Expected [Value Should not be 'Automation' for the 'text' attribute, element locator 'By.name: q'] and Actual [Automation123]. Comparison Type [MATCHES]. Validation Type [NEGATIVE]. @01-11-2021 07:25:02.0270 AM
[ReportManager] Successfully created attachment [Screenshot - 1635751502027_assertElementAttribute_false_regexComparison_expectedToPass_ValidateElementAttribute_passed] @01-11-2021 07:25:02.0273 A
[ReportManager] Browser Action [CloseCurrentWindow] successfully performed. @01-11-2021 07:25:02.0437 AM
[ReportManager] Successfully created attachment [Browser Action Test Data - CloseCurrentWindow - Actual Value] @01-11-2021 07:25:02.0438 A
[ReportManager] File Action [GetAbsolutePath] successfully performed. With the following test data [Relative Folder Path: "target/downloadedFiles/"]. @01-11-2021 07:25:02.0450 AM
[ReportManager] Attempting to run remotely on: [Linux-64], [GoogleChrome], [http://localhost:4444/wd/hub], Headless Execution. @01-11-2021 07:25:02.0451 AM
[ReportManager] Successfully Opened [GoogleChrome]. @01-11-2021 07:25:04.0408 AM
[ReportManager] Target URL: [https://www.google.com/ncr], and after redirection: [www.google.com] @01-11-2021 07:25:04.0408 AM
[ReportManager] Initial URL: [data:,] @01-11-2021 07:25:04.0530 AM
[ReportManager] Browser Action [NavigateToURL] successfully performed. With the following test data [https://www.google.com/ncr]. @01-11-2021 07:25:05.0640 A

################################################################################################################################################
Starting Execution:	[17 out of 143] test cases in the current suite
Test Method:		[unitTests.tests_validations_assertions.assertElementAttribute_true_caseInsensitiveComparison_expectedToFail]
################################################################################################################################################
[ReportManager] Element Action [Type] successfully performed. With the following test data [AUTOMATION]. @01-11-2021 07:25:06.0222 AM
[ReportManager] Element Action [GetText] successfully performed. With the following test data [AUTOMATION]. @01-11-2021 07:25:06.0422 AM
[ReportManager] Loaded Shared OpenCV @01-11-2021 07:25:07.0112 AM
[ReportManager] Assertion [ValidateElementAttribute] FAILED. Expected [Value Should be 'AutomaTion123' for the 'text' attribute, element locator 'By.name: q'] and Actual [AUTOMATION]. Comparison Type [CASE_INSENSITIVE]. Validation Type [POSITIVE]. @01-11-2021 07:25:07.0390 AM
[ReportManager] Successfully created attachment [Screenshot - 1635751507112_assertElementAttribute_true_caseInsensitiveComparison_expectedToFail_ValidateElementAttribute_failed] @01-11-2021 07:25:07.0393 A
[ReportManager] Browser Action [CloseCurrentWindow] successfully performed. @01-11-2021 07:25:07.0534 AM
[ReportManager] Successfully created attachment [Browser Action Test Data - CloseCurrentWindow - Actual Value] @01-11-2021 07:25:07.0536 A
[ReportManager] File Action [GetAbsolutePath] successfully performed. With the following test data [Relative Folder Path: "target/downloadedFiles/"]. @01-11-2021 07:25:07.0540 AM
[ReportManager] Attempting to run remotely on: [Linux-64], [GoogleChrome], [http://localhost:4444/wd/hub], Headless Execution. @01-11-2021 07:25:07.0540 AM
[ReportManager] Successfully Opened [GoogleChrome]. @01-11-2021 07:25:09.0325 AM
[ReportManager] Target URL: [https://www.google.com/ncr], and after redirection: [www.google.com] @01-11-2021 07:25:09.0325 AM
[ReportManager] Initial URL: [data:,] @01-11-2021 07:25:09.0388 AM
[ReportManager] Browser Action [NavigateToURL] successfully performed. With the following test data [https://www.google.com/ncr]. @01-11-2021 07:25:10.0304 A

################################################################################################################################################
Starting Execution:	[18 out of 143] test cases in the current suite
Test Method:		[unitTests.tests_validations_assertions.assertElementAttribute_true_caseInsensitiveComparison_expectedToPass]
################################################################################################################################################
[ReportManager] Element Action [Type] successfully performed. With the following test data [AUTOMATION]. @01-11-2021 07:25:10.0891 AM
[ReportManager] Element Action [GetText] successfully performed. With the following test data [AUTOMATION]. @01-11-2021 07:25:11.0073 AM
[ReportManager] Loaded Shared OpenCV @01-11-2021 07:25:11.0414 AM
[ReportManager] Assertion [ValidateElementAttribute] PASSED. Expected [Value Should be 'AutomaTion' for the 'text' attribute, element locator 'By.name: q'] and Actual [AUTOMATION]. Comparison Type [CASE_INSENSITIVE]. Validation Type [POSITIVE]. @01-11-2021 07:25:11.0648 AM
[ReportManager] Successfully created attachment [Screenshot - 1635751511413_assertElementAttribute_true_caseInsensitiveComparison_expectedToPass_ValidateElementAttribute_passed] @01-11-2021 07:25:11.0651 A
[ReportManager] Browser Action [CloseCurrentWindow] successfully performed. @01-11-2021 07:25:11.0831 AM
[ReportManager] Successfully created attachment [Browser Action Test Data - CloseCurrentWindow - Actual Value] @01-11-2021 07:25:11.0832 A
[ReportManager] File Action [GetAbsolutePath] successfully performed. With the following test data [Relative Folder Path: "target/downloadedFiles/"]. @01-11-2021 07:25:11.0835 AM
[ReportManager] Attempting to run remotely on: [Linux-64], [GoogleChrome], [http://localhost:4444/wd/hub], Headless Execution. @01-11-2021 07:25:11.0836 AM
[ReportManager] Successfully Opened [GoogleChrome]. @01-11-2021 07:25:14.0316 AM
[ReportManager] Target URL: [https://www.google.com/ncr], and after redirection: [www.google.com] @01-11-2021 07:25:14.0316 AM
[ReportManager] Initial URL: [data:,] @01-11-2021 07:25:14.0427 AM
[ReportManager] Browser Action [NavigateToURL] successfully performed. With the following test data [https://www.google.com/ncr]. @01-11-2021 07:25:15.0318 A

################################################################################################################################################
Starting Execution:	[19 out of 143] test cases in the current suite
Test Method:		[unitTests.tests_validations_assertions.assertElementAttribute_true_containsComparison_expectedToFail]
################################################################################################################################################
[ReportManager] Element Action [Type] successfully performed. With the following test data [Automation123]. @01-11-2021 07:25:15.0830 AM
[ReportManager] Element Action [GetText] successfully performed. With the following test data [Automation123]. @01-11-2021 07:25:16.0021 AM
[ReportManager] Loaded Shared OpenCV @01-11-2021 07:25:16.0355 AM
[ReportManager] Assertion [ValidateElementAttribute] FAILED. Expected [Value Should be 'Automation1234' for the 'text' attribute, element locator 'By.name: q'] and Actual [Automation123]. Comparison Type [CONTAINS]. Validation Type [POSITIVE]. @01-11-2021 07:25:16.0557 AM
[ReportManager] Successfully created attachment [Screenshot - 1635751516355_assertElementAttribute_true_containsComparison_expectedToFail_ValidateElementAttribute_failed] @01-11-2021 07:25:16.0559 A
[ReportManager] Browser Action [CloseCurrentWindow] successfully performed. @01-11-2021 07:25:16.0694 AM
[ReportManager] Successfully created attachment [Browser Action Test Data - CloseCurrentWindow - Actual Value] @01-11-2021 07:25:16.0695 A
[ReportManager] File Action [GetAbsolutePath] successfully performed. With the following test data [Relative Folder Path: "target/downloadedFiles/"]. @01-11-2021 07:25:16.0698 AM
[ReportManager] Attempting to run remotely on: [Linux-64], [GoogleChrome], [http://localhost:4444/wd/hub], Headless Execution. @01-11-2021 07:25:16.0699 AM
[ReportManager] Successfully Opened [GoogleChrome]. @01-11-2021 07:25:19.0337 AM
[ReportManager] Target URL: [https://www.google.com/ncr], and after redirection: [www.google.com] @01-11-2021 07:25:19.0337 AM
[ReportManager] Initial URL: [data:,] @01-11-2021 07:25:19.0472 AM
[ReportManager] Browser Action [NavigateToURL] successfully performed. With the following test data [https://www.google.com/ncr]. @01-11-2021 07:25:20.0506 A

################################################################################################################################################
Starting Execution:	[20 out of 143] test cases in the current suite
Test Method:		[unitTests.tests_validations_assertions.assertElementAttribute_true_containsComparison_expectedToPass]
################################################################################################################################################
[ReportManager] Element Action [Type] successfully performed. With the following test data [Automation123]. @01-11-2021 07:25:21.0161 AM
[ReportManager] Element Action [GetText] successfully performed. With the following test data [Automation123]. @01-11-2021 07:25:21.0367 AM
[ReportManager] Loaded Shared OpenCV @01-11-2021 07:25:21.0759 AM
[ReportManager] Assertion [ValidateElementAttribute] PASSED. Expected [Value Should be 'Automation' for the 'text' attribute, element locator 'By.name: q'] and Actual [Automation123]. Comparison Type [CONTAINS]. Validation Type [POSITIVE]. @01-11-2021 07:25:22.0001 AM
[ReportManager] Successfully created attachment [Screenshot - 1635751521759_assertElementAttribute_true_containsComparison_expectedToPass_ValidateElementAttribute_passed] @01-11-2021 07:25:22.0003 A
[ReportManager] Browser Action [CloseCurrentWindow] successfully performed. @01-11-2021 07:25:22.0138 AM
[ReportManager] Successfully created attachment [Browser Action Test Data - CloseCurrentWindow - Actual Value] @01-11-2021 07:25:22.0139 A
[ReportManager] File Action [GetAbsolutePath] successfully performed. With the following test data [Relative Folder Path: "target/downloadedFiles/"]. @01-11-2021 07:25:22.0142 AM
[ReportManager] Attempting to run remotely on: [Linux-64], [GoogleChrome], [http://localhost:4444/wd/hub], Headless Execution. @01-11-2021 07:25:22.0142 AM
[ReportManager] Successfully Opened [GoogleChrome]. @01-11-2021 07:25:24.0338 AM
[ReportManager] Target URL: [https://www.google.com/ncr], and after redirection: [www.google.com] @01-11-2021 07:25:24.0338 AM
[ReportManager] Initial URL: [data:,] @01-11-2021 07:25:24.0440 AM
[ReportManager] Browser Action [NavigateToURL] successfully performed. With the following test data [https://www.google.com/ncr]. @01-11-2021 07:25:25.0636 A

################################################################################################################################################
Starting Execution:	[21 out of 143] test cases in the current suite
Test Method:		[unitTests.tests_validations_assertions.assertElementAttribute_true_literalComparison_expectedToFail]
################################################################################################################################################
[ReportManager] Element Action [Type] successfully performed. With the following test data [Automation!@#$%^&*()_+{}[]\';/.,]. @01-11-2021 07:25:26.0539 AM
[ReportManager] Element Action [GetText] successfully performed. With the following test data [Automation!@#$%^&*()_+{}[]\';/.,]. @01-11-2021 07:25:26.0746 AM
[ReportManager] Loaded Shared OpenCV @01-11-2021 07:25:27.0070 AM
[ReportManager] Assertion [ValidateElementAttribute] FAILED. Expected [Value Should be 'Automation' for the 'text' attribute, element locator 'By.name: q'] and Actual [Automation!@#$%^&*()_+{}[]\';/.,]. Comparison Type [EQUALS]. Validation Type [POSITIVE]. @01-11-2021 07:25:27.0306 AM
[ReportManager] Successfully created attachment [Screenshot - 1635751527069_assertElementAttribute_true_literalComparison_expectedToFail_ValidateElementAttribute_failed] @01-11-2021 07:25:27.0308 A
[ReportManager] Browser Action [CloseCurrentWindow] successfully performed. @01-11-2021 07:25:27.0471 AM
[ReportManager] Successfully created attachment [Browser Action Test Data - CloseCurrentWindow - Actual Value] @01-11-2021 07:25:27.0472 A
[ReportManager] File Action [GetAbsolutePath] successfully performed. With the following test data [Relative Folder Path: "target/downloadedFiles/"]. @01-11-2021 07:25:27.0475 AM
[ReportManager] Attempting to run remotely on: [Linux-64], [GoogleChrome], [http://localhost:4444/wd/hub], Headless Execution. @01-11-2021 07:25:27.0476 AM
[ReportManager] Successfully Opened [GoogleChrome]. @01-11-2021 07:25:29.0410 AM
[ReportManager] Target URL: [https://www.google.com/ncr], and after redirection: [www.google.com] @01-11-2021 07:25:29.0410 AM
[ReportManager] Initial URL: [data:,] @01-11-2021 07:25:29.0517 AM
[ReportManager] Browser Action [NavigateToURL] successfully performed. With the following test data [https://www.google.com/ncr]. @01-11-2021 07:25:30.0578 A

################################################################################################################################################
Starting Execution:	[22 out of 143] test cases in the current suite
Test Method:		[unitTests.tests_validations_assertions.assertElementAttribute_true_literalComparison_expectedToPass]
################################################################################################################################################
[ReportManager] Element Action [Type] successfully performed. With the following test data [Automation!@#$%^&*()_+{}[]\';/.,]. @01-11-2021 07:25:31.0261 AM
[ReportManager] Element Action [GetText] successfully performed. With the following test data [Automation!@#$%^&*()_+{}[]\';/.,]. @01-11-2021 07:25:31.0392 AM
[ReportManager] Loaded Shared OpenCV @01-11-2021 07:25:31.0777 AM
[ReportManager] Assertion [ValidateElementAttribute] PASSED. Expected [Value Should be 'Automation!@#$%^&*()_+{}[]\';/.,' for the 'text' attribute, element locator 'By.name: q'] and Actual [Automation!@#$%^&*()_+{}[]\';/.,]. Comparison Type [EQUALS]. Validation Type [POSITIVE]. @01-11-2021 07:25:31.0983 AM
[ReportManager] Successfully created attachment [Screenshot - 1635751531776_assertElementAttribute_true_literalComparison_expectedToPass_ValidateElementAttribute_passed] @01-11-2021 07:25:31.0985 A
[ReportManager] Browser Action [CloseCurrentWindow] successfully performed. @01-11-2021 07:25:32.0117 AM
[ReportManager] Successfully created attachment [Browser Action Test Data - CloseCurrentWindow - Actual Value] @01-11-2021 07:25:32.0120 A
[ReportManager] File Action [GetAbsolutePath] successfully performed. With the following test data [Relative Folder Path: "target/downloadedFiles/"]. @01-11-2021 07:25:32.0124 AM
[ReportManager] Attempting to run remotely on: [Linux-64], [GoogleChrome], [http://localhost:4444/wd/hub], Headless Execution. @01-11-2021 07:25:32.0124 AM
[ReportManager] Successfully Opened [GoogleChrome]. @01-11-2021 07:25:34.0318 AM
[ReportManager] Target URL: [https://www.google.com/ncr], and after redirection: [www.google.com] @01-11-2021 07:25:34.0318 AM
[ReportManager] Initial URL: [data:,] @01-11-2021 07:25:34.0389 AM
[ReportManager] Browser Action [NavigateToURL] successfully performed. With the following test data [https://www.google.com/ncr]. @01-11-2021 07:25:35.0270 A

################################################################################################################################################
Starting Execution:	[23 out of 143] test cases in the current suite
Test Method:		[unitTests.tests_validations_assertions.assertElementAttribute_true_regexComparison_expectedToFail]
################################################################################################################################################
[ReportManager] Element Action [Type] successfully performed. With the following test data [Automation123]. @01-11-2021 07:25:35.0759 AM
[ReportManager] Element Action [GetText] successfully performed. With the following test data [Automation123]. @01-11-2021 07:25:35.0901 AM
[ReportManager] Loaded Shared OpenCV @01-11-2021 07:25:36.0280 AM
[ReportManager] Assertion [ValidateElementAttribute] FAILED. Expected [Value Should be 'Automation' for the 'text' attribute, element locator 'By.name: q'] and Actual [Automation123]. Comparison Type [MATCHES]. Validation Type [POSITIVE]. @01-11-2021 07:25:36.0483 AM
[ReportManager] Successfully created attachment [Screenshot - 1635751536279_assertElementAttribute_true_regexComparison_expectedToFail_ValidateElementAttribute_failed] @01-11-2021 07:25:36.0485 A
[ReportManager] Browser Action [CloseCurrentWindow] successfully performed. @01-11-2021 07:25:36.0642 AM
[ReportManager] Successfully created attachment [Browser Action Test Data - CloseCurrentWindow - Actual Value] @01-11-2021 07:25:36.0643 A
[ReportManager] File Action [GetAbsolutePath] successfully performed. With the following test data [Relative Folder Path: "target/downloadedFiles/"]. @01-11-2021 07:25:36.0646 AM
[ReportManager] Attempting to run remotely on: [Linux-64], [GoogleChrome], [http://localhost:4444/wd/hub], Headless Execution. @01-11-2021 07:25:36.0647 AM
[ReportManager] Successfully Opened [GoogleChrome]. @01-11-2021 07:25:39.0346 AM
[ReportManager] Target URL: [https://www.google.com/ncr], and after redirection: [www.google.com] @01-11-2021 07:25:39.0346 AM
[ReportManager] Initial URL: [data:,] @01-11-2021 07:25:39.0439 AM
[ReportManager] Browser Action [NavigateToURL] successfully performed. With the following test data [https://www.google.com/ncr]. @01-11-2021 07:25:40.0379 A

################################################################################################################################################
Starting Execution:	[24 out of 143] test cases in the current suite
Test Method:		[unitTests.tests_validations_assertions.assertElementAttribute_true_regexComparison_expectedToPass]
################################################################################################################################################
[ReportManager] Element Action [Type] successfully performed. With the following test data [Automation123]. @01-11-2021 07:25:41.0009 AM
[ReportManager] Element Action [GetText] successfully performed. With the following test data [Automation123]. @01-11-2021 07:25:41.0179 AM
[ReportManager] Loaded Shared OpenCV @01-11-2021 07:25:41.0465 AM
[ReportManager] Assertion [ValidateElementAttribute] PASSED. Expected [Value Should be 'Automation.*' for the 'text' attribute, element locator 'By.name: q'] and Actual [Automation123]. Comparison Type [MATCHES]. Validation Type [POSITIVE]. @01-11-2021 07:25:41.0692 AM
[ReportManager] Successfully created attachment [Screenshot - 1635751541465_assertElementAttribute_true_regexComparison_expectedToPass_ValidateElementAttribute_passed] @01-11-2021 07:25:41.0694 A
[ReportManager] Browser Action [CloseCurrentWindow] successfully performed. @01-11-2021 07:25:41.0840 AM
[ReportManager] Successfully created attachment [Browser Action Test Data - CloseCurrentWindow - Actual Value] @01-11-2021 07:25:41.0841 A
[ReportManager] File Action [GetAbsolutePath] successfully performed. With the following test data [Relative Folder Path: "target/downloadedFiles/"]. @01-11-2021 07:25:41.0844 AM
[ReportManager] Attempting to run remotely on: [Linux-64], [GoogleChrome], [http://localhost:4444/wd/hub], Headless Execution. @01-11-2021 07:25:41.0844 AM
[ReportManager] Successfully Opened [GoogleChrome]. @01-11-2021 07:25:44.0333 AM
[ReportManager] Target URL: [https://www.google.com/ncr], and after redirection: [www.google.com] @01-11-2021 07:25:44.0333 AM
[ReportManager] Initial URL: [data:,] @01-11-2021 07:25:44.0424 AM
[ReportManager] Browser Action [NavigateToURL] successfully performed. With the following test data [https://www.google.com/ncr]. @01-11-2021 07:25:45.0376 A

################################################################################################################################################
Starting Execution:	[25 out of 143] test cases in the current suite
Test Method:		[unitTests.tests_validations_assertions.assertElementAttribute_type_true_literalComparison_expectedToPass]
################################################################################################################################################
[ReportManager] Element Action [Type] successfully performed. With the following test data [Automation!@#$%^&*()_+{}[]\';/.,]. @01-11-2021 07:25:46.0172 AM
[ReportManager] Element Action [GetText] successfully performed. With the following test data [Automation!@#$%^&*()_+{}[]\';/.,]. @01-11-2021 07:25:46.0344 AM
[ReportManager] Loaded Shared OpenCV @01-11-2021 07:25:46.0706 AM
[ReportManager] Assertion [ValidateElementAttribute] PASSED. Expected [Value Should be 'Automation!@#$%^&*()_+{}[]\';/.,' for the 'text' attribute, element locator 'By.name: q'] and Actual [Automation!@#$%^&*()_+{}[]\';/.,]. Comparison Type [EQUALS]. Validation Type [POSITIVE]. @01-11-2021 07:25:46.0913 AM
[ReportManager] Successfully created attachment [Screenshot - 1635751546706_assertElementAttribute_type_true_literalComparison_expectedToPass_ValidateElementAttribute_passed] @01-11-2021 07:25:46.0915 A
[ReportManager] Browser Action [CloseCurrentWindow] successfully performed. @01-11-2021 07:25:47.0047 AM
[ReportManager] Successfully created attachment [Browser Action Test Data - CloseCurrentWindow - Actual Value] @01-11-2021 07:25:47.0048 A
[ReportManager] File Action [GetAbsolutePath] successfully performed. With the following test data [Relative Folder Path: "target/downloadedFiles/"]. @01-11-2021 07:25:47.0052 AM
[ReportManager] Attempting to run remotely on: [Linux-64], [GoogleChrome], [http://localhost:4444/wd/hub], Headless Execution. @01-11-2021 07:25:47.0052 AM
[ReportManager] Successfully Opened [GoogleChrome]. @01-11-2021 07:25:49.0450 AM
[ReportManager] Target URL: [https://www.google.com/ncr], and after redirection: [www.google.com] @01-11-2021 07:25:49.0450 AM
[ReportManager] Initial URL: [data:,] @01-11-2021 07:25:49.0520 AM
[ReportManager] Browser Action [NavigateToURL] successfully performed. With the following test data [https://www.google.com/ncr]. @01-11-2021 07:25:50.0406 A

################################################################################################################################################
Starting Execution:	[26 out of 143] test cases in the current suite
Test Method:		[unitTests.tests_validations_assertions.assertElementExists_false_expectedToFail]
################################################################################################################################################
[ReportManager] Loaded Shared OpenCV @01-11-2021 07:25:50.0812 AM
[ReportManager] Assertion [ValidateElementExists] FAILED. Expected [Element Should not Exist, locator 'By.id: hplogo'] and Actual [Element Exists]. Comparison Type [EQUALS]. Validation Type [NEGATIVE]. @01-11-2021 07:25:51.0012 AM
[ReportManager] Successfully created attachment [Screenshot - 1635751550812_assertElementExists_false_expectedToFail_ValidateElementExists_failed] @01-11-2021 07:25:51.0014 A
[ReportManager] Browser Action [CloseCurrentWindow] successfully performed. @01-11-2021 07:25:51.0153 AM
[ReportManager] Successfully created attachment [Browser Action Test Data - CloseCurrentWindow - Actual Value] @01-11-2021 07:25:51.0154 A
[ReportManager] File Action [GetAbsolutePath] successfully performed. With the following test data [Relative Folder Path: "target/downloadedFiles/"]. @01-11-2021 07:25:51.0162 AM
[ReportManager] Attempting to run remotely on: [Linux-64], [GoogleChrome], [http://localhost:4444/wd/hub], Headless Execution. @01-11-2021 07:25:51.0163 AM
[ReportManager] Successfully Opened [GoogleChrome]. @01-11-2021 07:25:54.0336 AM
[ReportManager] Target URL: [https://www.google.com/ncr], and after redirection: [www.google.com] @01-11-2021 07:25:54.0336 AM
[ReportManager] Initial URL: [data:,] @01-11-2021 07:25:54.0435 AM
[ReportManager] Browser Action [NavigateToURL] successfully performed. With the following test data [https://www.google.com/ncr]. @01-11-2021 07:25:55.0390 A

################################################################################################################################################
Starting Execution:	[27 out of 143] test cases in the current suite
Test Method:		[unitTests.tests_validations_assertions.assertElementExists_false_expectedToPass]
################################################################################################################################################
[ReportManager] Assertion [ValidateElementExists] PASSED. Expected [Element Should not Exist, locator 'By.id: fakeElement'] and Actual [Element Doesn't Exists]. Comparison Type [EQUALS]. Validation Type [NEGATIVE]. @01-11-2021 07:26:06.0239 AM
[ReportManager] Successfully created attachment [Screenshot - 1635751565982_assertElementExists_false_expectedToPass_ValidateElementExists_passed] @01-11-2021 07:26:06.0241 A
[ReportManager] Browser Action [CloseCurrentWindow] successfully performed. @01-11-2021 07:26:06.0378 AM
[ReportManager] Successfully created attachment [Browser Action Test Data - CloseCurrentWindow - Actual Value] @01-11-2021 07:26:06.0379 A
[ReportManager] File Action [GetAbsolutePath] successfully performed. With the following test data [Relative Folder Path: "target/downloadedFiles/"]. @01-11-2021 07:26:06.0383 AM
[ReportManager] Attempting to run remotely on: [Linux-64], [GoogleChrome], [http://localhost:4444/wd/hub], Headless Execution. @01-11-2021 07:26:06.0384 AM
[ReportManager] Successfully Opened [GoogleChrome]. @01-11-2021 07:26:09.0317 AM
[ReportManager] Target URL: [https://www.google.com/ncr], and after redirection: [www.google.com] @01-11-2021 07:26:09.0317 AM
[ReportManager] Initial URL: [data:,] @01-11-2021 07:26:09.0412 AM
[ReportManager] Browser Action [NavigateToURL] successfully performed. With the following test data [https://www.google.com/ncr]. @01-11-2021 07:26:10.0286 A

################################################################################################################################################
Starting Execution:	[28 out of 143] test cases in the current suite
Test Method:		[unitTests.tests_validations_assertions.assertElementExists_false_multipleElementsFound_expectedToFail]
################################################################################################################################################
[ReportManager] Assertion [ValidateElementExists] FAILED. Expected [Element Should not Exist, locator 'By.xpath: //div'] and Actual [Element Exists but is not unique]. Comparison Type [EQUALS]. Validation Type [NEGATIVE]. @01-11-2021 07:26:10.0852 AM
[ReportManager] Successfully created attachment [Screenshot - 1635751570662_assertElementExists_false_multipleElementsFound_expectedToFail_ValidateElementExists_failed] @01-11-2021 07:26:10.0854 A
[ReportManager] Browser Action [CloseCurrentWindow] successfully performed. @01-11-2021 07:26:11.0006 AM
[ReportManager] Successfully created attachment [Browser Action Test Data - CloseCurrentWindow - Actual Value] @01-11-2021 07:26:11.0007 A
[ReportManager] File Action [GetAbsolutePath] successfully performed. With the following test data [Relative Folder Path: "target/downloadedFiles/"]. @01-11-2021 07:26:11.0010 AM
[ReportManager] Attempting to run remotely on: [Linux-64], [GoogleChrome], [http://localhost:4444/wd/hub], Headless Execution. @01-11-2021 07:26:11.0010 AM
[ReportManager] Successfully Opened [GoogleChrome]. @01-11-2021 07:26:14.0339 AM
[ReportManager] Target URL: [https://www.google.com/ncr], and after redirection: [www.google.com] @01-11-2021 07:26:14.0339 AM
[ReportManager] Initial URL: [data:,] @01-11-2021 07:26:14.0415 AM
[ReportManager] Browser Action [NavigateToURL] successfully performed. With the following test data [https://www.google.com/ncr]. @01-11-2021 07:26:15.0313 A

################################################################################################################################################
Starting Execution:	[29 out of 143] test cases in the current suite
Test Method:		[unitTests.tests_validations_assertions.assertElementExists_true_expectedToFail]
################################################################################################################################################
[ReportManager] Assertion [ValidateElementExists] FAILED. Expected [Element Should Exist, locator 'By.id: fakeElement'] and Actual [Element Doesn't Exists]. Comparison Type [EQUALS]. Validation Type [POSITIVE]. @01-11-2021 07:26:46.0470 AM
[ReportManager] Successfully created attachment [Screenshot - 1635751606278_assertElementExists_true_expectedToFail_ValidateElementExists_failed] @01-11-2021 07:26:46.0472 A
[ReportManager] Browser Action [CloseCurrentWindow] successfully performed. @01-11-2021 07:26:46.0608 AM
[ReportManager] Successfully created attachment [Browser Action Test Data - CloseCurrentWindow - Actual Value] @01-11-2021 07:26:46.0609 A
[ReportManager] File Action [GetAbsolutePath] successfully performed. With the following test data [Relative Folder Path: "target/downloadedFiles/"]. @01-11-2021 07:26:46.0612 AM
[ReportManager] Attempting to run remotely on: [Linux-64], [GoogleChrome], [http://localhost:4444/wd/hub], Headless Execution. @01-11-2021 07:26:46.0612 AM
[ReportManager] Successfully Opened [GoogleChrome]. @01-11-2021 07:26:49.0366 AM
[ReportManager] Target URL: [https://www.google.com/ncr], and after redirection: [www.google.com] @01-11-2021 07:26:49.0366 AM
[ReportManager] Initial URL: [data:,] @01-11-2021 07:26:49.0459 AM
[ReportManager] Browser Action [NavigateToURL] successfully performed. With the following test data [https://www.google.com/ncr]. @01-11-2021 07:26:50.0344 A

################################################################################################################################################
Starting Execution:	[30 out of 143] test cases in the current suite
Test Method:		[unitTests.tests_validations_assertions.assertElementExists_true_expectedToPass]
################################################################################################################################################
[ReportManager] Loaded Shared OpenCV @01-11-2021 07:26:50.0773 AM
[ReportManager] Assertion [ValidateElementExists] PASSED. Expected [Element Should Exist, locator 'By.xpath: //*[@id='hplogo' or @alt='Google']'] and Actual [Element Exists]. Comparison Type [EQUALS]. Validation Type [POSITIVE]. @01-11-2021 07:26:50.0987 AM
[ReportManager] Successfully created attachment [Screenshot - 1635751610773_assertElementExists_true_expectedToPass_ValidateElementExists_passed] @01-11-2021 07:26:50.0989 A
[ReportManager] Browser Action [CloseCurrentWindow] successfully performed. @01-11-2021 07:26:51.0126 AM
[ReportManager] Successfully created attachment [Browser Action Test Data - CloseCurrentWindow - Actual Value] @01-11-2021 07:26:51.0129 A
[ReportManager] File Action [GetAbsolutePath] successfully performed. With the following test data [Relative Folder Path: "target/downloadedFiles/"]. @01-11-2021 07:26:51.0143 AM
[ReportManager] Attempting to run remotely on: [Linux-64], [GoogleChrome], [http://localhost:4444/wd/hub], Headless Execution. @01-11-2021 07:26:51.0143 AM
[ReportManager] Successfully Opened [GoogleChrome]. @01-11-2021 07:26:54.0353 AM
[ReportManager] Target URL: [https://www.google.com/ncr], and after redirection: [www.google.com] @01-11-2021 07:26:54.0353 AM
[ReportManager] Initial URL: [data:,] @01-11-2021 07:26:54.0428 AM
[ReportManager] Browser Action [NavigateToURL] successfully performed. With the following test data [https://www.google.com/ncr]. @01-11-2021 07:26:55.0367 A

################################################################################################################################################
Starting Execution:	[31 out of 143] test cases in the current suite
Test Method:		[unitTests.tests_validations_assertions.assertElementExists_true_multipleElementsFound_expectedToFail]
################################################################################################################################################
[ReportManager] Assertion [ValidateElementExists] FAILED. Expected [Element Should Exist, locator 'By.xpath: //div'] and Actual [Element Exists but is not unique]. Comparison Type [EQUALS]. Validation Type [POSITIVE]. @01-11-2021 07:26:56.0112 AM
[ReportManager] Successfully created attachment [Screenshot - 1635751615807_assertElementExists_true_multipleElementsFound_expectedToFail_ValidateElementExists_failed] @01-11-2021 07:26:56.0114 A
[ReportManager] Browser Action [CloseCurrentWindow] successfully performed. @01-11-2021 07:26:56.0289 AM
[ReportManager] Successfully created attachment [Browser Action Test Data - CloseCurrentWindow - Actual Value] @01-11-2021 07:26:56.0290 A

################################################################################################################################################
Starting Execution:	[32 out of 143] test cases in the current suite
Test Method:		[unitTests.tests_validations_assertions.assertEquals_false_expectedToFail]
################################################################################################################################################
[ReportManager] Assertion [ValidateEquals] FAILED. Expected [1] and Actual [1]. Comparison Type [EQUALS]. Validation Type [NEGATIVE]. @01-11-2021 07:26:56.0296 A

################################################################################################################################################
Starting Execution:	[33 out of 143] test cases in the current suite
Test Method:		[unitTests.tests_validations_assertions.assertEquals_false_expectedToPass]
################################################################################################################################################
[ReportManager] Assertion [ValidateEquals] PASSED. Expected [1] and Actual [2]. Comparison Type [EQUALS]. Validation Type [NEGATIVE]. @01-11-2021 07:26:56.0302 A

################################################################################################################################################
Starting Execution:	[34 out of 143] test cases in the current suite
Test Method:		[unitTests.tests_validations_assertions.assertEquals_longCharacters]
################################################################################################################################################
[ReportManager] Verification [ValidateEquals] PASSED. Expected and Actual values are attached. Comparison Type [EQUALS]. Validation Type [POSITIVE]. @01-11-2021 07:26:56.0314 AM
[ReportManager] Successfully created attachment [Validation Test Data - Expected Value] @01-11-2021 07:26:56.0314 AM
[ReportManager] Successfully created attachment [Validation Test Data - Actual Value] @01-11-2021 07:26:56.0315 AM
[ReportManager] Assertion [ValidateEquals] PASSED. Expected and Actual values are attached. Comparison Type [EQUALS]. Validation Type [POSITIVE]. @01-11-2021 07:26:56.0315 AM
[ReportManager] Successfully created attachment [Validation Test Data - Expected Value] @01-11-2021 07:26:56.0317 AM
[ReportManager] Successfully created attachment [Validation Test Data - Actual Value] @01-11-2021 07:26:56.0318 A

################################################################################################################################################
Starting Execution:	[35 out of 143] test cases in the current suite
Test Method:		[unitTests.tests_validations_assertions.assertEquals_longCharacters_Discreet]
################################################################################################################################################
[ReportManager] Assertion [ValidateEquals] PASSED. Expected [1LH5pROcDBjjQk0t0mCr0lXuzQu9lcGj28kY8R1H81X67eVAQJgWQhILiRWVPUgZ6uCtK5cnBkF55Jr9vYngjGO1Iyf0Mktv6lruDlL9T8MAUPcUZJGHZtji6nIeadujDSNmWMj5d6C8zlFqw0CRqBU0hO5adIasHgBSNoLotAjce3NGXoDwAlp3rYreeV16VIyZXROQY] and Actual [1LH5pROcDBjjQk0t0mCr0lXuzQu9lcGj28kY8R1H81X67eVAQJgWQhILiRWVPUgZ6uCtK5cnBkF55Jr9vYngjGO1Iyf0Mktv6lruDlL9T8MAUPcUZJGHZtji6nIeadujDSNmWMj5d6C8zlFqw0CRqBU0hO5adIasHgBSNoLotAjce3NGXoDwAlp3rYreeV16VIyZXROQY]. Comparison Type [EQUALS]. Validation Type [POSITIVE]. @01-11-2021 07:26:56.0346 A

################################################################################################################################################
Starting Execution:	[36 out of 143] test cases in the current suite
Test Method:		[unitTests.tests_validations_assertions.assertEquals_true_expectedToFail]
################################################################################################################################################
[ReportManager] Assertion [ValidateEquals] FAILED. Expected [1] and Actual [2]. Comparison Type [EQUALS]. Validation Type [POSITIVE]. @01-11-2021 07:26:56.0359 A

################################################################################################################################################
Starting Execution:	[37 out of 143] test cases in the current suite
Test Method:		[unitTests.tests_validations_assertions.assertEquals_true_expectedToPass]
Test Description:	[Assert that assertEquals works as expected when the two values are equal.]
################################################################################################################################################
[ReportManager] Verification [ValidateEquals] PASSED. Expected [1] and Actual [1]. Comparison Type [EQUALS]. Validation Type [POSITIVE]. @01-11-2021 07:26:56.0385 AM
[ReportManager] Assertion [ValidateEquals] PASSED. Expected [1] and Actual [1]. Comparison Type [EQUALS]. Validation Type [POSITIVE]. @01-11-2021 07:26:56.0387 A

################################################################################################################################################
Starting Execution:	[38 out of 143] test cases in the current suite
Test Method:		[unitTests.tests_validations_assertions.assertEquals_true_expectedToPass__]
################################################################################################################################################
[ReportManager] Assertion [ValidateEquals] PASSED. Expected [1] and Actual [1]. Comparison Type [EQUALS]. Validation Type [POSITIVE]. @01-11-2021 07:26:56.0402 A

################################################################################################################################################
Starting Execution:	[39 out of 143] test cases in the current suite
Test Method:		[unitTests.tests_validations_assertions.assertFileExists_false_expectedToFail]
################################################################################################################################################
[ReportManager] File Action [DoesFileExist] successfully performed. With the following test data [File Path: "src/main/java/com/shaft/gui/element/ElementActions.java"]. @01-11-2021 07:26:56.0410 AM
[ReportManager] Assertion [ValidateFileExists] FAILED. Expected [File 'src/main/java/com/shaft/gui/element/ElementActions.java' should not exist, after up to '1' retries] and Actual [File exists]. Validation Type [NEGATIVE]. @01-11-2021 07:26:56.0424 A

################################################################################################################################################
Starting Execution:	[40 out of 143] test cases in the current suite
Test Method:		[unitTests.tests_validations_assertions.assertFileExists_false_expectedToPass]
################################################################################################################################################
[ReportManager] File Action [DoesFileExist] successfully performed. With the following test data [File Path: "src/main/java/com/shaft/gui/element/ElementActions.java_fail"]. @01-11-2021 07:26:56.0934 AM
[ReportManager] Assertion [ValidateFileExists] PASSED. Expected [File 'src/main/java/com/shaft/gui/element/ElementActions.java_fail' should not exist, after up to '1' retries] and Actual [File does not exist]. Validation Type [NEGATIVE]. @01-11-2021 07:26:56.0935 A

################################################################################################################################################
Starting Execution:	[41 out of 143] test cases in the current suite
Test Method:		[unitTests.tests_validations_assertions.assertFileExists_true_expectedToFail]
################################################################################################################################################
[ReportManager] File Action [DoesFileExist] successfully performed. With the following test data [File Path: "src/main/java/com/shaft/gui/element/ElementActions.java_fail"]. @01-11-2021 07:26:57.0444 AM
[ReportManager] Assertion [ValidateFileExists] FAILED. Expected [File 'src/main/java/com/shaft/gui/element/ElementActions.java_fail' should exist, after up to '1' retries] and Actual [File does not exist]. Validation Type [POSITIVE]. @01-11-2021 07:26:57.0444 A

################################################################################################################################################
Starting Execution:	[42 out of 143] test cases in the current suite
Test Method:		[unitTests.tests_validations_assertions.assertFileExists_true_expectedToPass]
################################################################################################################################################
[ReportManager] File Action [DoesFileExist] successfully performed. With the following test data [File Path: "src/main/java/com/shaft/gui/element/ElementActions.java"]. @01-11-2021 07:26:57.0455 AM
[ReportManager] Assertion [ValidateFileExists] PASSED. Expected [File 'src/main/java/com/shaft/gui/element/ElementActions.java' should exist, after up to '1' retries] and Actual [File exists]. Validation Type [POSITIVE]. @01-11-2021 07:26:57.0455 A

################################################################################################################################################
Starting Execution:	[43 out of 143] test cases in the current suite
Test Method:		[unitTests.tests_validations_assertions.assertNull_false_expectedToFail]
################################################################################################################################################
[ReportManager] Assertion [ValidateNull] FAILED. Expected [NULL] and Actual [NULL]. Comparison Type [EQUALS]. Validation Type [NEGATIVE]. @01-11-2021 07:26:57.0467 A

################################################################################################################################################
Starting Execution:	[44 out of 143] test cases in the current suite
Test Method:		[unitTests.tests_validations_assertions.assertNull_false_expectedToPass]
################################################################################################################################################
[ReportManager] Assertion [ValidateNull] PASSED. Expected [NULL] and Actual [1]. Comparison Type [EQUALS]. Validation Type [NEGATIVE]. @01-11-2021 07:26:57.0472 A

################################################################################################################################################
Starting Execution:	[45 out of 143] test cases in the current suite
Test Method:		[unitTests.tests_validations_assertions.assertNull_true_expectedToFail]
################################################################################################################################################
[ReportManager] Assertion [ValidateNull] FAILED. Expected [NULL] and Actual [1]. Comparison Type [EQUALS]. Validation Type [POSITIVE]. @01-11-2021 07:26:57.0477 A

################################################################################################################################################
Starting Execution:	[46 out of 143] test cases in the current suite
Test Method:		[unitTests.tests_validations_assertions.assertNull_true_expectedToPass]
################################################################################################################################################
[ReportManager] Assertion [ValidateNull] PASSED. Expected [NULL] and Actual [NULL]. Comparison Type [EQUALS]. Validation Type [POSITIVE]. @01-11-2021 07:26:57.0482 A

################################################################################################################################################
Starting Execution:	[47 out of 143] test cases in the current suite
Test Method:		[unitTests.tests_restActions.getPostsAndAssertBodyForSpecificTitle]
################################################################################################################################################
[ReportManager] Response status code: [200], status line: [HTTP/1.1 200 OK] @01-11-2021 07:26:59.0483 AM
[ReportManager] Assertion Passed: Evaluating the actual response status code against the expected one... @01-11-2021 07:26:59.0483 AM
[ReportManager] Assertion [ValidateEquals] PASSED. Expected [200] and Actual [200]. Comparison Type [EQUALS]. Validation Type [POSITIVE]. @01-11-2021 07:26:59.0483 AM
[ReportManager] API Action [PerformRequest] successfully performed. With the following test data [Request Type: "GET" | Target Status Code: "200" | Service URL: "https://jsonplaceholder.typicode.com/posts" | Content Type: "*/*" | Response Time: "654ms"]. @01-11-2021 07:27:00.0666 AM
[ReportManager] Successfully created attachment [API Request - Specifications] @01-11-2021 07:27:00.0666 AM
[ReportManager] Successfully created attachment [API Response - JSON Body] @01-11-2021 07:27:01.0017 AM
[ReportManager] API Action [GetResponseJSONValueAsList] successfully performed. @01-11-2021 07:27:01.0048 AM
[ReportManager] API Action [GetResponseJSONValue] successfully performed. With the following test data [title]. @01-11-2021 07:27:01.0086 AM
[ReportManager] API Action [GetResponseJSONValue] successfully performed. With the following test data [title]. @01-11-2021 07:27:01.0120 AM
[ReportManager] API Action [GetResponseJSONValue] successfully performed. With the following test data [body]. @01-11-2021 07:27:01.0161 AM
[ReportManager] Assertion [ValidateEquals] PASSED. Expected [qui neque nisi nulla] and Actual [est rerum tempore vitae
sequi sint nihil reprehenderit dolor beatae ea dolores neque
fugiat blanditiis voluptate porro vel nihil molestiae ut reiciendis
qui aperiam non debitis possimus qui neque nisi nulla]. Comparison Type [CONTAINS]. Validation Type [POSITIVE]. @01-11-2021 07:27:01.0162 AM
[ReportManager] API Action [GetResponseJSONValue] successfully performed. With the following test data [title]. @01-11-2021 07:27:01.0186 AM
[ReportManager] API Action [GetResponseJSONValue] successfully performed. With the following test data [title]. @01-11-2021 07:27:01.0208 AM
[ReportManager] API Action [GetResponseJSONValue] successfully performed. With the following test data [title]. @01-11-2021 07:27:01.0234 AM
[ReportManager] API Action [GetResponseJSONValue] successfully performed. With the following test data [title]. @01-11-2021 07:27:01.0262 AM
[ReportManager] API Action [GetResponseJSONValue] successfully performed. With the following test data [title]. @01-11-2021 07:27:01.0288 AM
[ReportManager] API Action [GetResponseJSONValue] successfully performed. With the following test data [title]. @01-11-2021 07:27:01.0316 AM
[ReportManager] API Action [GetResponseJSONValue] successfully performed. With the following test data [title]. @01-11-2021 07:27:01.0339 AM
[ReportManager] API Action [GetResponseJSONValue] successfully performed. With the following test data [title]. @01-11-2021 07:27:01.0365 AM
[ReportManager] API Action [GetResponseJSONValue] successfully performed. With the following test data [title]. @01-11-2021 07:27:01.0388 AM
[ReportManager] API Action [GetResponseJSONValue] successfully performed. With the following test data [title]. @01-11-2021 07:27:01.0409 AM
[ReportManager] API Action [GetResponseJSONValue] successfully performed. With the following test data [title]. @01-11-2021 07:27:01.0456 AM
[ReportManager] API Action [GetResponseJSONValue] successfully performed. With the following test data [title]. @01-11-2021 07:27:01.0497 AM
[ReportManager] API Action [GetResponseJSONValue] successfully performed. With the following test data [title]. @01-11-2021 07:27:01.0520 AM
[ReportManager] API Action [GetResponseJSONValue] successfully performed. With the following test data [title]. @01-11-2021 07:27:01.0544 AM
[ReportManager] API Action [GetResponseJSONValue] successfully performed. With the following test data [title]. @01-11-2021 07:27:01.0574 AM
[ReportManager] API Action [GetResponseJSONValue] successfully performed. With the following test data [title]. @01-11-2021 07:27:01.0598 AM
[ReportManager] API Action [GetResponseJSONValue] successfully performed. With the following test data [title]. @01-11-2021 07:27:01.0618 AM
[ReportManager] API Action [GetResponseJSONValue] successfully performed. With the following test data [title]. @01-11-2021 07:27:01.0641 AM
[ReportManager] API Action [GetResponseJSONValue] successfully performed. With the following test data [title]. @01-11-2021 07:27:01.0661 AM
[ReportManager] API Action [GetResponseJSONValue] successfully performed. With the following test data [title]. @01-11-2021 07:27:01.0684 AM
[ReportManager] API Action [GetResponseJSONValue] successfully performed. With the following test data [title]. @01-11-2021 07:27:01.0706 AM
[ReportManager] API Action [GetResponseJSONValue] successfully performed. With the following test data [title]. @01-11-2021 07:27:01.0734 AM
[ReportManager] API Action [GetResponseJSONValue] successfully performed. With the following test data [title]. @01-11-2021 07:27:01.0755 AM
[ReportManager] API Action [GetResponseJSONValue] successfully performed. With the following test data [title]. @01-11-2021 07:27:01.0773 AM
[ReportManager] API Action [GetResponseJSONValue] successfully performed. With the following test data [title]. @01-11-2021 07:27:01.0795 AM
[ReportManager] API Action [GetResponseJSONValue] successfully performed. With the following test data [title]. @01-11-2021 07:27:01.0811 AM
[ReportManager] API Action [GetResponseJSONValue] successfully performed. With the following test data [title]. @01-11-2021 07:27:01.0838 AM
[ReportManager] API Action [GetResponseJSONValue] successfully performed. With the following test data [title]. @01-11-2021 07:27:01.0863 AM
[ReportManager] API Action [GetResponseJSONValue] successfully performed. With the following test data [title]. @01-11-2021 07:27:01.0878 AM
[ReportManager] API Action [GetResponseJSONValue] successfully performed. With the following test data [title]. @01-11-2021 07:27:01.0891 AM
[ReportManager] API Action [GetResponseJSONValue] successfully performed. With the following test data [title]. @01-11-2021 07:27:01.0906 AM
[ReportManager] API Action [GetResponseJSONValue] successfully performed. With the following test data [title]. @01-11-2021 07:27:01.0924 AM
[ReportManager] API Action [GetResponseJSONValue] successfully performed. With the following test data [title]. @01-11-2021 07:27:01.0950 AM
[ReportManager] API Action [GetResponseJSONValue] successfully performed. With the following test data [title]. @01-11-2021 07:27:01.0964 AM
[ReportManager] API Action [GetResponseJSONValue] successfully performed. With the following test data [title]. @01-11-2021 07:27:01.0979 AM
[ReportManager] API Action [GetResponseJSONValue] successfully performed. With the following test data [title]. @01-11-2021 07:27:01.0990 AM
[ReportManager] API Action [GetResponseJSONValue] successfully performed. With the following test data [title]. @01-11-2021 07:27:02.0006 AM
[ReportManager] API Action [GetResponseJSONValue] successfully performed. With the following test data [title]. @01-11-2021 07:27:02.0025 AM
[ReportManager] API Action [GetResponseJSONValue] successfully performed. With the following test data [title]. @01-11-2021 07:27:02.0053 AM
[ReportManager] API Action [GetResponseJSONValue] successfully performed. With the following test data [title]. @01-11-2021 07:27:02.0068 AM
[ReportManager] API Action [GetResponseJSONValue] successfully performed. With the following test data [title]. @01-11-2021 07:27:02.0082 AM
[ReportManager] API Action [GetResponseJSONValue] successfully performed. With the following test data [title]. @01-11-2021 07:27:02.0098 AM
[ReportManager] API Action [GetResponseJSONValue] successfully performed. With the following test data [title]. @01-11-2021 07:27:02.0112 AM
[ReportManager] API Action [GetResponseJSONValue] successfully performed. With the following test data [title]. @01-11-2021 07:27:02.0131 AM
[ReportManager] API Action [GetResponseJSONValue] successfully performed. With the following test data [title]. @01-11-2021 07:27:02.0146 AM
[ReportManager] API Action [GetResponseJSONValue] successfully performed. With the following test data [title]. @01-11-2021 07:27:02.0163 AM
[ReportManager] API Action [GetResponseJSONValue] successfully performed. With the following test data [title]. @01-11-2021 07:27:02.0178 AM
[ReportManager] API Action [GetResponseJSONValue] successfully performed. With the following test data [title]. @01-11-2021 07:27:02.0202 AM
[ReportManager] API Action [GetResponseJSONValue] successfully performed. With the following test data [title]. @01-11-2021 07:27:02.0218 AM
[ReportManager] API Action [GetResponseJSONValue] successfully performed. With the following test data [title]. @01-11-2021 07:27:02.0232 AM
[ReportManager] API Action [GetResponseJSONValue] successfully performed. With the following test data [title]. @01-11-2021 07:27:02.0251 AM
[ReportManager] API Action [GetResponseJSONValue] successfully performed. With the following test data [title]. @01-11-2021 07:27:02.0269 AM
[ReportManager] API Action [GetResponseJSONValue] successfully performed. With the following test data [title]. @01-11-2021 07:27:02.0288 AM
[ReportManager] API Action [GetResponseJSONValue] successfully performed. With the following test data [title]. @01-11-2021 07:27:02.0303 AM
[ReportManager] API Action [GetResponseJSONValue] successfully performed. With the following test data [title]. @01-11-2021 07:27:02.0317 AM
[ReportManager] API Action [GetResponseJSONValue] successfully performed. With the following test data [title]. @01-11-2021 07:27:02.0330 AM
[ReportManager] API Action [GetResponseJSONValue] successfully performed. With the following test data [title]. @01-11-2021 07:27:02.0342 AM
[ReportManager] API Action [GetResponseJSONValue] successfully performed. With the following test data [title]. @01-11-2021 07:27:02.0355 AM
[ReportManager] API Action [GetResponseJSONValue] successfully performed. With the following test data [title]. @01-11-2021 07:27:02.0377 AM
[ReportManager] API Action [GetResponseJSONValue] successfully performed. With the following test data [title]. @01-11-2021 07:27:02.0435 AM
[ReportManager] API Action [GetResponseJSONValue] successfully performed. With the following test data [title]. @01-11-2021 07:27:02.0448 AM
[ReportManager] API Action [GetResponseJSONValue] successfully performed. With the following test data [title]. @01-11-2021 07:27:02.0463 AM
[ReportManager] API Action [GetResponseJSONValue] successfully performed. With the following test data [title]. @01-11-2021 07:27:02.0475 AM
[ReportManager] API Action [GetResponseJSONValue] successfully performed. With the following test data [title]. @01-11-2021 07:27:02.0488 AM
[ReportManager] API Action [GetResponseJSONValue] successfully performed. With the following test data [title]. @01-11-2021 07:27:02.0500 AM
[ReportManager] API Action [GetResponseJSONValue] successfully performed. With the following test data [title]. @01-11-2021 07:27:02.0513 AM
[ReportManager] API Action [GetResponseJSONValue] successfully performed. With the following test data [title]. @01-11-2021 07:27:02.0579 AM
[ReportManager] API Action [GetResponseJSONValue] successfully performed. With the following test data [title]. @01-11-2021 07:27:02.0592 AM
[ReportManager] API Action [GetResponseJSONValue] successfully performed. With the following test data [title]. @01-11-2021 07:27:02.0602 AM
[ReportManager] API Action [GetResponseJSONValue] successfully performed. With the following test data [title]. @01-11-2021 07:27:02.0617 AM
[ReportManager] API Action [GetResponseJSONValue] successfully performed. With the following test data [title]. @01-11-2021 07:27:02.0630 AM
[ReportManager] API Action [GetResponseJSONValue] successfully performed. With the following test data [title]. @01-11-2021 07:27:02.0651 AM
[ReportManager] API Action [GetResponseJSONValue] successfully performed. With the following test data [title]. @01-11-2021 07:27:02.0694 AM
[ReportManager] API Action [GetResponseJSONValue] successfully performed. With the following test data [title]. @01-11-2021 07:27:02.0705 AM
[ReportManager] API Action [GetResponseJSONValue] successfully performed. With the following test data [title]. @01-11-2021 07:27:02.0717 AM
[ReportManager] API Action [GetResponseJSONValue] successfully performed. With the following test data [title]. @01-11-2021 07:27:02.0733 AM
[ReportManager] API Action [GetResponseJSONValue] successfully performed. With the following test data [title]. @01-11-2021 07:27:02.0752 AM
[ReportManager] API Action [GetResponseJSONValue] successfully performed. With the following test data [title]. @01-11-2021 07:27:02.0765 AM
[ReportManager] API Action [GetResponseJSONValue] successfully performed. With the following test data [title]. @01-11-2021 07:27:02.0779 AM
[ReportManager] API Action [GetResponseJSONValue] successfully performed. With the following test data [title]. @01-11-2021 07:27:02.0791 AM
[ReportManager] API Action [GetResponseJSONValue] successfully performed. With the following test data [title]. @01-11-2021 07:27:02.0804 AM
[ReportManager] API Action [GetResponseJSONValue] successfully performed. With the following test data [title]. @01-11-2021 07:27:02.0827 AM
[ReportManager] API Action [GetResponseJSONValue] successfully performed. With the following test data [title]. @01-11-2021 07:27:02.0843 AM
[ReportManager] API Action [GetResponseJSONValue] successfully performed. With the following test data [title]. @01-11-2021 07:27:02.0854 AM
[ReportManager] API Action [GetResponseJSONValue] successfully performed. With the following test data [title]. @01-11-2021 07:27:02.0865 AM
[ReportManager] API Action [GetResponseJSONValue] successfully performed. With the following test data [title]. @01-11-2021 07:27:02.0881 AM
[ReportManager] API Action [GetResponseJSONValue] successfully performed. With the following test data [title]. @01-11-2021 07:27:02.0892 AM
[ReportManager] API Action [GetResponseJSONValue] successfully performed. With the following test data [title]. @01-11-2021 07:27:02.0903 AM
[ReportManager] API Action [GetResponseJSONValue] successfully performed. With the following test data [title]. @01-11-2021 07:27:02.0917 AM
[ReportManager] API Action [GetResponseJSONValue] successfully performed. With the following test data [title]. @01-11-2021 07:27:02.0931 AM
[ReportManager] API Action [GetResponseJSONValue] successfully performed. With the following test data [title]. @01-11-2021 07:27:02.0945 AM
[ReportManager] API Action [GetResponseJSONValue] successfully performed. With the following test data [title]. @01-11-2021 07:27:02.0968 AM
[ReportManager] API Action [GetResponseJSONValue] successfully performed. With the following test data [title]. @01-11-2021 07:27:02.0983 AM
[ReportManager] API Action [GetResponseJSONValue] successfully performed. With the following test data [title]. @01-11-2021 07:27:02.0996 AM
[ReportManager] API Action [GetResponseJSONValue] successfully performed. With the following test data [title]. @01-11-2021 07:27:03.0010 AM
[ReportManager] API Action [GetResponseJSONValue] successfully performed. With the following test data [title]. @01-11-2021 07:27:03.0023 AM
[ReportManager] API Action [GetResponseJSONValue] successfully performed. With the following test data [title]. @01-11-2021 07:27:03.0035 AM
[ReportManager] API Action [GetResponseJSONValue] successfully performed. With the following test data [title]. @01-11-2021 07:27:03.0046 A

################################################################################################################################################
Starting Execution:	[48 out of 143] test cases in the current suite
Test Method:		[unitTests.tests_restActions.validateUserEmail]
################################################################################################################################################
[ReportManager] Response status code: [200], status line: [HTTP/1.1 200 OK] @01-11-2021 07:27:03.0143 AM
[ReportManager] Assertion Passed: Evaluating the actual response status code against the expected one... @01-11-2021 07:27:03.0143 AM
[ReportManager] Assertion [ValidateEquals] PASSED. Expected [200] and Actual [200]. Comparison Type [EQUALS]. Validation Type [POSITIVE]. @01-11-2021 07:27:03.0143 AM
[ReportManager] API Action [PerformRequest] successfully performed. With the following test data [Request Type: "GET" | Target Status Code: "200" | Service URL: "https://jsonplaceholder.typicode.com/users" | Content Type: "*/*" | Response Time: "80ms"]. @01-11-2021 07:27:03.0181 AM
[ReportManager] Successfully created attachment [API Request - Specifications] @01-11-2021 07:27:03.0188 AM
[ReportManager] Successfully created attachment [API Response - JSON Body] @01-11-2021 07:27:03.0189 AM
[ReportManager] Assertion [ValidateEquals] PASSED. Expected and Actual values are attached. Comparison Type [CONTAINS]. Validation Type [POSITIVE]. @01-11-2021 07:27:03.0190 AM
[ReportManager] Successfully created attachment [Validation Test Data - Expected Value] @01-11-2021 07:27:03.0190 AM
[ReportManager] Successfully created attachment [Validation Test Data - Actual Value] @01-11-2021 07:27:03.0190 AM
[ReportManager] API Action [GetResponseJSONValueAsList] successfully performed. With the following test data [$]. @01-11-2021 07:27:03.0199 AM
[ReportManager] API Action [GetResponseJSONValue] successfully performed. With the following test data [name]. @01-11-2021 07:27:03.0222 AM
[ReportManager] API Action [GetResponseJSONValue] successfully performed. With the following test data [email]. @01-11-2021 07:27:03.0237 AM
[ReportManager] Assertion [ValidateEquals] PASSED. Expected [Sincere@april.biz] and Actual [Sincere@april.biz]. Comparison Type [EQUALS]. Validation Type [POSITIVE]. @01-11-2021 07:27:03.0237 AM
[ReportManager] API Action [GetResponseJSONValue] successfully performed. With the following test data [name]. @01-11-2021 07:27:03.0255 AM
[ReportManager] API Action [GetResponseJSONValue] successfully performed. With the following test data [name]. @01-11-2021 07:27:03.0270 AM
[ReportManager] API Action [GetResponseJSONValue] successfully performed. With the following test data [name]. @01-11-2021 07:27:03.0290 AM
[ReportManager] API Action [GetResponseJSONValue] successfully performed. With the following test data [name]. @01-11-2021 07:27:03.0304 AM
[ReportManager] API Action [GetResponseJSONValue] successfully performed. With the following test data [name]. @01-11-2021 07:27:03.0317 AM
[ReportManager] API Action [GetResponseJSONValue] successfully performed. With the following test data [name]. @01-11-2021 07:27:03.0332 AM
[ReportManager] API Action [GetResponseJSONValue] successfully performed. With the following test data [name]. @01-11-2021 07:27:03.0353 AM
[ReportManager] API Action [GetResponseJSONValue] successfully performed. With the following test data [name]. @01-11-2021 07:27:03.0369 AM
[ReportManager] API Action [GetResponseJSONValue] successfully performed. With the following test data [name]. @01-11-2021 07:27:03.0384 A
[ReportManager] File Action [GetAbsolutePath] successfully performed. With the following test data [Relative Folder Path: "target/downloadedFiles/"]. @01-11-2021 07:27:03.0390 AM
[ReportManager] Attempting to run remotely on: [Linux-64], [GoogleChrome], [http://localhost:4444/wd/hub], Headless Execution. @01-11-2021 07:27:03.0391 AM
[ReportManager] Successfully Opened [GoogleChrome]. @01-11-2021 07:27:04.0490 AM
[ReportManager] Target URL: [https://duckduckgo.com] @01-11-2021 07:27:04.0491 AM
[ReportManager] Initial URL: [data:,] @01-11-2021 07:27:04.0609 AM
[ReportManager] Browser Action [NavigateToURL] successfully performed. With the following test data [https://duckduckgo.com]. @01-11-2021 07:27:05.0505 A

################################################################################################################################################
Starting Execution:	[49 out of 143] test cases in the current suite
Test Method:		[unitTests.tests_browserActions.fullScreenWindow]
################################################################################################################################################
[ReportManager] Initial Windows Size: 1920x1080 @01-11-2021 07:27:05.0521 AM
[ReportManager] Initial window size: (1920, 1080) @01-11-2021 07:27:05.0532 AM
[ReportManager] Window size after Toolkit: (1920, 1080) @01-11-2021 07:27:05.0806 AM
[ReportManager] Browser Action [MaximizeWindow] successfully performed. With the following test data [New screen size is now: (1920, 1080)]. @01-11-2021 07:27:05.0819 AM
[ReportManager] Current Windows Size after fullScreen: 1920x1080 @01-11-2021 07:27:05.0832 AM
[ReportManager] Browser Action [FullScreenWindow] successfully performed. @01-11-2021 07:27:05.0866 AM
[ReportManager] Successfully created attachment [Browser Action Test Data - FullScreenWindow - Actual Value] @01-11-2021 07:27:05.0869 A
[ReportManager] Target URL: [https://duckduckgo.com] @01-11-2021 07:27:05.0874 AM
[ReportManager] Initial URL: [https://duckduckgo.com] @01-11-2021 07:27:05.0954 AM
[ReportManager] Browser Action [NavigateToURL] successfully performed. With the following test data [https://duckduckgo.com]. @01-11-2021 07:27:06.0392 AM
[ReportManager] Browser Action [CloseCurrentWindow] successfully performed. @01-11-2021 07:27:06.0509 AM
[ReportManager] Successfully created attachment [Browser Action Test Data - CloseCurrentWindow - Actual Value] @01-11-2021 07:27:06.0514 A
[ReportManager] File Action [GetAbsolutePath] successfully performed. With the following test data [Relative Folder Path: "target/downloadedFiles/"]. @01-11-2021 07:27:06.0518 AM
[ReportManager] Attempting to run remotely on: [Linux-64], [GoogleChrome], [http://localhost:4444/wd/hub], Headless Execution. @01-11-2021 07:27:06.0518 AM
[ReportManager] Successfully Opened [GoogleChrome]. @01-11-2021 07:27:09.0331 AM
[ReportManager] Target URL: [https://duckduckgo.com] @01-11-2021 07:27:09.0331 AM
[ReportManager] Initial URL: [data:,] @01-11-2021 07:27:09.0380 AM
[ReportManager] Browser Action [NavigateToURL] successfully performed. With the following test data [https://duckduckgo.com]. @01-11-2021 07:27:10.0064 A

################################################################################################################################################
Starting Execution:	[50 out of 143] test cases in the current suite
Test Method:		[unitTests.tests_browserActions.getCurrentURL]
################################################################################################################################################
[ReportManager] Browser Action [GetCurrentURL] successfully performed. With the following test data [https://duckduckgo.com/]. @01-11-2021 07:27:10.0134 A
[ReportManager] Target URL: [https://duckduckgo.com] @01-11-2021 07:27:10.0137 AM
[ReportManager] Initial URL: [https://duckduckgo.com] @01-11-2021 07:27:10.0205 AM
[ReportManager] Browser Action [NavigateToURL] successfully performed. With the following test data [https://duckduckgo.com]. @01-11-2021 07:27:10.0596 AM
[ReportManager] Browser Action [CloseCurrentWindow] successfully performed. @01-11-2021 07:27:10.0709 AM
[ReportManager] Successfully created attachment [Browser Action Test Data - CloseCurrentWindow - Actual Value] @01-11-2021 07:27:10.0714 A
[ReportManager] File Action [GetAbsolutePath] successfully performed. With the following test data [Relative Folder Path: "target/downloadedFiles/"]. @01-11-2021 07:27:10.0716 AM
[ReportManager] Attempting to run remotely on: [Linux-64], [GoogleChrome], [http://localhost:4444/wd/hub], Headless Execution. @01-11-2021 07:27:10.0716 AM
[ReportManager] Successfully Opened [GoogleChrome]. @01-11-2021 07:27:14.0331 AM
[ReportManager] Target URL: [https://duckduckgo.com] @01-11-2021 07:27:14.0331 AM
[ReportManager] Initial URL: [data:,] @01-11-2021 07:27:14.0379 AM
[ReportManager] Browser Action [NavigateToURL] successfully performed. With the following test data [https://duckduckgo.com]. @01-11-2021 07:27:15.0049 A

################################################################################################################################################
Starting Execution:	[51 out of 143] test cases in the current suite
Test Method:		[unitTests.tests_browserActions.getCurrentWindowTitle]
################################################################################################################################################
[ReportManager] Browser Action [GetCurrentWindowTitle] successfully performed. With the following test data [DuckDuckGo  Privacy, simplified.]. @01-11-2021 07:27:15.0097 A
[ReportManager] Target URL: [https://duckduckgo.com] @01-11-2021 07:27:15.0102 AM
[ReportManager] Initial URL: [https://duckduckgo.com] @01-11-2021 07:27:15.0187 AM
[ReportManager] Browser Action [NavigateToURL] successfully performed. With the following test data [https://duckduckgo.com]. @01-11-2021 07:27:15.0543 AM
[ReportManager] Browser Action [CloseCurrentWindow] successfully performed. @01-11-2021 07:27:15.0667 AM
[ReportManager] Successfully created attachment [Browser Action Test Data - CloseCurrentWindow - Actual Value] @01-11-2021 07:27:15.0670 A
[ReportManager] File Action [GetAbsolutePath] successfully performed. With the following test data [Relative Folder Path: "target/downloadedFiles/"]. @01-11-2021 07:27:15.0673 AM
[ReportManager] Attempting to run remotely on: [Linux-64], [GoogleChrome], [http://localhost:4444/wd/hub], Headless Execution. @01-11-2021 07:27:15.0674 AM
[ReportManager] Successfully Opened [GoogleChrome]. @01-11-2021 07:27:19.0411 AM
[ReportManager] Target URL: [https://duckduckgo.com] @01-11-2021 07:27:19.0411 AM
[ReportManager] Initial URL: [data:,] @01-11-2021 07:27:19.0502 AM
[ReportManager] Browser Action [NavigateToURL] successfully performed. With the following test data [https://duckduckgo.com]. @01-11-2021 07:27:20.0215 A

################################################################################################################################################
Starting Execution:	[52 out of 143] test cases in the current suite
Test Method:		[unitTests.tests_browserActions.getPageSource]
################################################################################################################################################
[ReportManager] Browser Action [GetPageSource] successfully performed. @01-11-2021 07:27:20.0281 AM
[ReportManager] Successfully created attachment [Browser Action Test Data - GetPageSource - Actual Value] @01-11-2021 07:27:20.0282 A
[ReportManager] Target URL: [https://duckduckgo.com] @01-11-2021 07:27:20.0287 AM
[ReportManager] Initial URL: [https://duckduckgo.com] @01-11-2021 07:27:20.0372 AM
[ReportManager] Browser Action [NavigateToURL] successfully performed. With the following test data [https://duckduckgo.com]. @01-11-2021 07:27:20.0780 AM
[ReportManager] Browser Action [CloseCurrentWindow] successfully performed. @01-11-2021 07:27:20.0908 AM
[ReportManager] Successfully created attachment [Browser Action Test Data - CloseCurrentWindow - Actual Value] @01-11-2021 07:27:20.0908 A
[ReportManager] File Action [GetAbsolutePath] successfully performed. With the following test data [Relative Folder Path: "target/downloadedFiles/"]. @01-11-2021 07:27:20.0910 AM
[ReportManager] Attempting to run remotely on: [Linux-64], [GoogleChrome], [http://localhost:4444/wd/hub], Headless Execution. @01-11-2021 07:27:20.0911 AM
[ReportManager] Successfully Opened [GoogleChrome]. @01-11-2021 07:27:24.0349 AM
[ReportManager] Target URL: [https://duckduckgo.com] @01-11-2021 07:27:24.0349 AM
[ReportManager] Initial URL: [data:,] @01-11-2021 07:27:24.0416 AM
[ReportManager] Browser Action [NavigateToURL] successfully performed. With the following test data [https://duckduckgo.com]. @01-11-2021 07:27:25.0079 A

################################################################################################################################################
Starting Execution:	[53 out of 143] test cases in the current suite
Test Method:		[unitTests.tests_browserActions.getWindowHandle]
################################################################################################################################################
[ReportManager] Browser Action [GetWindowHandle] successfully performed. With the following test data [CDwindow-AC53776DF8B6DAE851D22E5B3DD51D8F]. @01-11-2021 07:27:25.0148 A
[ReportManager] Target URL: [https://duckduckgo.com] @01-11-2021 07:27:25.0152 AM
[ReportManager] Initial URL: [https://duckduckgo.com] @01-11-2021 07:27:25.0213 AM
[ReportManager] Browser Action [NavigateToURL] successfully performed. With the following test data [https://duckduckgo.com]. @01-11-2021 07:27:25.0698 AM
[ReportManager] Browser Action [CloseCurrentWindow] successfully performed. @01-11-2021 07:27:25.0837 AM
[ReportManager] Successfully created attachment [Browser Action Test Data - CloseCurrentWindow - Actual Value] @01-11-2021 07:27:25.0838 A
[ReportManager] File Action [GetAbsolutePath] successfully performed. With the following test data [Relative Folder Path: "target/downloadedFiles/"]. @01-11-2021 07:27:25.0840 AM
[ReportManager] Attempting to run remotely on: [Linux-64], [GoogleChrome], [http://localhost:4444/wd/hub], Headless Execution. @01-11-2021 07:27:25.0841 AM
[ReportManager] Successfully Opened [GoogleChrome]. @01-11-2021 07:27:29.0459 AM
[ReportManager] Target URL: [https://duckduckgo.com] @01-11-2021 07:27:29.0459 AM
[ReportManager] Initial URL: [data:,] @01-11-2021 07:27:29.0551 AM
[ReportManager] Browser Action [NavigateToURL] successfully performed. With the following test data [https://duckduckgo.com]. @01-11-2021 07:27:30.0282 A

################################################################################################################################################
Starting Execution:	[54 out of 143] test cases in the current suite
Test Method:		[unitTests.tests_browserActions.getWindowPosition]
################################################################################################################################################
[ReportManager] Browser Action [GetWindowPosition] successfully performed. With the following test data [(0, 0)]. @01-11-2021 07:27:30.0333 A
[ReportManager] Target URL: [https://duckduckgo.com] @01-11-2021 07:27:30.0335 AM
[ReportManager] Initial URL: [https://duckduckgo.com] @01-11-2021 07:27:30.0386 AM
[ReportManager] Browser Action [NavigateToURL] successfully performed. With the following test data [https://duckduckgo.com]. @01-11-2021 07:27:30.0746 AM
[ReportManager] Browser Action [CloseCurrentWindow] successfully performed. @01-11-2021 07:27:30.0908 AM
[ReportManager] Successfully created attachment [Browser Action Test Data - CloseCurrentWindow - Actual Value] @01-11-2021 07:27:30.0909 A
[ReportManager] File Action [GetAbsolutePath] successfully performed. With the following test data [Relative Folder Path: "target/downloadedFiles/"]. @01-11-2021 07:27:30.0911 AM
[ReportManager] Attempting to run remotely on: [Linux-64], [GoogleChrome], [http://localhost:4444/wd/hub], Headless Execution. @01-11-2021 07:27:30.0911 AM
[ReportManager] Successfully Opened [GoogleChrome]. @01-11-2021 07:27:34.0337 AM
[ReportManager] Target URL: [https://duckduckgo.com] @01-11-2021 07:27:34.0337 AM
[ReportManager] Initial URL: [data:,] @01-11-2021 07:27:34.0427 AM
[ReportManager] Browser Action [NavigateToURL] successfully performed. With the following test data [https://duckduckgo.com]. @01-11-2021 07:27:35.0176 A

################################################################################################################################################
Starting Execution:	[55 out of 143] test cases in the current suite
Test Method:		[unitTests.tests_browserActions.getWindowSize]
################################################################################################################################################
[ReportManager] Browser Action [GetWindowSize] successfully performed. With the following test data [(1920, 1080)]. @01-11-2021 07:27:35.0256 A
[ReportManager] Target URL: [https://duckduckgo.com] @01-11-2021 07:27:35.0265 AM
[ReportManager] Initial URL: [https://duckduckgo.com] @01-11-2021 07:27:35.0420 AM
[ReportManager] Browser Action [NavigateToURL] successfully performed. With the following test data [https://duckduckgo.com]. @01-11-2021 07:27:35.0879 AM
[ReportManager] Browser Action [CloseCurrentWindow] successfully performed. @01-11-2021 07:27:36.0062 AM
[ReportManager] Successfully created attachment [Browser Action Test Data - CloseCurrentWindow - Actual Value] @01-11-2021 07:27:36.0062 A
[ReportManager] File Action [GetAbsolutePath] successfully performed. With the following test data [Relative Folder Path: "target/downloadedFiles/"]. @01-11-2021 07:27:36.0067 AM
[ReportManager] Attempting to run remotely on: [Linux-64], [GoogleChrome], [http://localhost:4444/wd/hub], Headless Execution. @01-11-2021 07:27:36.0068 AM
[ReportManager] Successfully Opened [GoogleChrome]. @01-11-2021 07:27:39.0330 AM
[ReportManager] Target URL: [https://duckduckgo.com] @01-11-2021 07:27:39.0330 AM
[ReportManager] Initial URL: [data:,] @01-11-2021 07:27:39.0432 AM
[ReportManager] Browser Action [NavigateToURL] successfully performed. With the following test data [https://duckduckgo.com]. @01-11-2021 07:27:40.0160 A

################################################################################################################################################
Starting Execution:	[56 out of 143] test cases in the current suite
Test Method:		[unitTests.tests_browserActions.maximizeWindow]
################################################################################################################################################
[ReportManager] Initial window size: (1920, 1080) @01-11-2021 07:27:40.0184 AM
[ReportManager] Window size after Toolkit: (1920, 1080) @01-11-2021 07:27:40.0436 AM
[ReportManager] Browser Action [MaximizeWindow] successfully performed. With the following test data [New screen size is now: (1920, 1080)]. @01-11-2021 07:27:40.0444 A
[ReportManager] Target URL: [https://duckduckgo.com] @01-11-2021 07:27:40.0446 AM
[ReportManager] Initial URL: [https://duckduckgo.com] @01-11-2021 07:27:40.0565 AM
[ReportManager] Browser Action [NavigateToURL] successfully performed. With the following test data [https://duckduckgo.com]. @01-11-2021 07:27:41.0030 AM
[ReportManager] Browser Action [CloseCurrentWindow] successfully performed. @01-11-2021 07:27:41.0203 AM
[ReportManager] Successfully created attachment [Browser Action Test Data - CloseCurrentWindow - Actual Value] @01-11-2021 07:27:41.0204 A
[ReportManager] File Action [GetAbsolutePath] successfully performed. With the following test data [Relative Folder Path: "target/downloadedFiles/"]. @01-11-2021 07:27:41.0208 AM
[ReportManager] Attempting to run remotely on: [Linux-64], [GoogleChrome], [http://localhost:4444/wd/hub], Headless Execution. @01-11-2021 07:27:41.0208 AM
[ReportManager] Successfully Opened [GoogleChrome]. @01-11-2021 07:27:44.0339 AM
[ReportManager] Target URL: [https://duckduckgo.com] @01-11-2021 07:27:44.0339 AM
[ReportManager] Initial URL: [data:,] @01-11-2021 07:27:44.0416 AM
[ReportManager] Browser Action [NavigateToURL] successfully performed. With the following test data [https://duckduckgo.com]. @01-11-2021 07:27:45.0125 A

################################################################################################################################################
Starting Execution:	[57 out of 143] test cases in the current suite
Test Method:		[unitTests.tests_browserActions.navigateBack]
################################################################################################################################################
[ReportManager] Target URL: [https://www.google.com/ncr], and after redirection: [https://www.google.com] @01-11-2021 07:27:45.0129 AM
[ReportManager] Initial URL: [https://duckduckgo.com] @01-11-2021 07:27:45.0182 AM
[ReportManager] Browser Action [NavigateToURL] successfully performed. With the following test data [https://www.google.com/ncr]. @01-11-2021 07:27:46.0095 AM
[ReportManager] Browser Action [NavigateBack] successfully performed. With the following test data [https://duckduckgo.com/]. @01-11-2021 07:27:46.0528 AM
[ReportManager] Browser Action [GetCurrentURL] successfully performed. With the following test data [https://duckduckgo.com/]. @01-11-2021 07:27:46.0583 AM
[ReportManager] Assertion Passed: Confirming that navigating back was successful @01-11-2021 07:27:46.0960 AM
[ReportManager] Successfully created attachment [Screenshot - 1635751666781_navigateBack_ValidateBrowserAttribute_passed] @01-11-2021 07:27:46.0961 AM
[ReportManager] Assertion [ValidateBrowserAttribute] PASSED. Expected [Value Should be 'https://duckduckgo.com' for the 'CurrentUrl' attribute] and Actual [https://duckduckgo.com/]. Comparison Type [CONTAINS]. Validation Type [POSITIVE]. @01-11-2021 07:27:46.0961 A
[ReportManager] Target URL: [https://duckduckgo.com] @01-11-2021 07:27:46.0964 AM
[ReportManager] Initial URL: [https://duckduckgo.com] @01-11-2021 07:27:47.0053 AM
[ReportManager] Browser Action [NavigateToURL] successfully performed. With the following test data [https://duckduckgo.com]. @01-11-2021 07:27:47.0416 AM
[ReportManager] Browser Action [CloseCurrentWindow] successfully performed. @01-11-2021 07:27:47.0557 AM
[ReportManager] Successfully created attachment [Browser Action Test Data - CloseCurrentWindow - Actual Value] @01-11-2021 07:27:47.0557 A
[ReportManager] File Action [GetAbsolutePath] successfully performed. With the following test data [Relative Folder Path: "target/downloadedFiles/"]. @01-11-2021 07:27:47.0560 AM
[ReportManager] Attempting to run remotely on: [Linux-64], [GoogleChrome], [http://localhost:4444/wd/hub], Headless Execution. @01-11-2021 07:27:47.0561 AM
[ReportManager] Successfully Opened [GoogleChrome]. @01-11-2021 07:27:49.0337 AM
[ReportManager] Target URL: [https://duckduckgo.com] @01-11-2021 07:27:49.0338 AM
[ReportManager] Initial URL: [data:,] @01-11-2021 07:27:49.0411 AM
[ReportManager] Browser Action [NavigateToURL] successfully performed. With the following test data [https://duckduckgo.com]. @01-11-2021 07:27:50.0160 A

################################################################################################################################################
Starting Execution:	[58 out of 143] test cases in the current suite
Test Method:		[unitTests.tests_browserActions.navigateForward]
################################################################################################################################################
[ReportManager] Target URL: [https://www.google.com/ncr], and after redirection: [https://www.google.com] @01-11-2021 07:27:50.0171 AM
[ReportManager] Initial URL: [https://duckduckgo.com] @01-11-2021 07:27:50.0264 AM
[ReportManager] Browser Action [NavigateToURL] successfully performed. With the following test data [https://www.google.com/ncr]. @01-11-2021 07:27:51.0139 AM
[ReportManager] Browser Action [NavigateBack] successfully performed. With the following test data [https://duckduckgo.com/]. @01-11-2021 07:27:51.0509 AM
[ReportManager] Browser Action [NavigateForward] successfully performed. With the following test data [https://www.google.com/]. @01-11-2021 07:27:52.0031 A
[ReportManager] Target URL: [https://duckduckgo.com] @01-11-2021 07:27:52.0033 AM
[ReportManager] Initial URL: [https://www.google.com] @01-11-2021 07:27:52.0142 AM
[ReportManager] Browser Action [NavigateToURL] successfully performed. With the following test data [https://duckduckgo.com]. @01-11-2021 07:27:52.0690 AM
[ReportManager] Browser Action [CloseCurrentWindow] successfully performed. @01-11-2021 07:27:52.0843 AM
[ReportManager] Successfully created attachment [Browser Action Test Data - CloseCurrentWindow - Actual Value] @01-11-2021 07:27:52.0844 A
[ReportManager] File Action [GetAbsolutePath] successfully performed. With the following test data [Relative Folder Path: "target/downloadedFiles/"]. @01-11-2021 07:27:52.0847 AM
[ReportManager] Attempting to run remotely on: [Linux-64], [GoogleChrome], [http://localhost:4444/wd/hub], Headless Execution. @01-11-2021 07:27:52.0847 AM
[ReportManager] Successfully Opened [GoogleChrome]. @01-11-2021 07:27:54.0337 AM
[ReportManager] Target URL: [https://duckduckgo.com] @01-11-2021 07:27:54.0338 AM
[ReportManager] Initial URL: [data:,] @01-11-2021 07:27:54.0388 AM
[ReportManager] Browser Action [NavigateToURL] successfully performed. With the following test data [https://duckduckgo.com]. @01-11-2021 07:27:55.0094 A

################################################################################################################################################
Starting Execution:	[59 out of 143] test cases in the current suite
Test Method:		[unitTests.tests_browserActions.navigateToURL]
################################################################################################################################################
[ReportManager] Target URL: [https://duckduckgo.com] @01-11-2021 07:27:55.0099 AM
[ReportManager] Initial URL: [https://duckduckgo.com] @01-11-2021 07:27:55.0183 AM
[ReportManager] Browser Action [NavigateToURL] successfully performed. With the following test data [https://duckduckgo.com]. @01-11-2021 07:27:55.0530 A
[ReportManager] Target URL: [https://duckduckgo.com] @01-11-2021 07:27:55.0534 AM
[ReportManager] Initial URL: [https://duckduckgo.com] @01-11-2021 07:27:55.0640 AM
[ReportManager] Browser Action [NavigateToURL] successfully performed. With the following test data [https://duckduckgo.com]. @01-11-2021 07:27:56.0041 AM
[ReportManager] Browser Action [CloseCurrentWindow] successfully performed. @01-11-2021 07:27:56.0168 AM
[ReportManager] Successfully created attachment [Browser Action Test Data - CloseCurrentWindow - Actual Value] @01-11-2021 07:27:56.0169 A
[ReportManager] File Action [GetAbsolutePath] successfully performed. With the following test data [Relative Folder Path: "target/downloadedFiles/"]. @01-11-2021 07:27:56.0171 AM
[ReportManager] Attempting to run remotely on: [Linux-64], [GoogleChrome], [http://localhost:4444/wd/hub], Headless Execution. @01-11-2021 07:27:56.0171 AM
[ReportManager] Successfully Opened [GoogleChrome]. @01-11-2021 07:27:59.0350 AM
[ReportManager] Target URL: [https://duckduckgo.com] @01-11-2021 07:27:59.0350 AM
[ReportManager] Initial URL: [data:,] @01-11-2021 07:27:59.0411 AM
[ReportManager] Browser Action [NavigateToURL] successfully performed. With the following test data [https://duckduckgo.com]. @01-11-2021 07:28:00.0031 A

################################################################################################################################################
Starting Execution:	[60 out of 143] test cases in the current suite
Test Method:		[unitTests.tests_browserActions.navigateToURLWithRedirection]
################################################################################################################################################
[ReportManager] Target URL: [https://www.google.com/ncr], and after redirection: [https://www.google.com] @01-11-2021 07:28:00.0034 AM
[ReportManager] Initial URL: [https://duckduckgo.com] @01-11-2021 07:28:00.0165 AM
[ReportManager] Browser Action [NavigateToURL] successfully performed. With the following test data [https://www.google.com/ncr]. @01-11-2021 07:28:01.0380 A
[ReportManager] Target URL: [https://duckduckgo.com] @01-11-2021 07:28:01.0382 AM
[ReportManager] Initial URL: [https://www.google.com] @01-11-2021 07:28:01.0536 AM
[ReportManager] Browser Action [NavigateToURL] successfully performed. With the following test data [https://duckduckgo.com]. @01-11-2021 07:28:02.0186 AM
[ReportManager] Browser Action [CloseCurrentWindow] successfully performed. @01-11-2021 07:28:02.0356 AM
[ReportManager] Successfully created attachment [Browser Action Test Data - CloseCurrentWindow - Actual Value] @01-11-2021 07:28:02.0357 A
[ReportManager] File Action [GetAbsolutePath] successfully performed. With the following test data [Relative Folder Path: "target/downloadedFiles/"]. @01-11-2021 07:28:02.0359 AM
[ReportManager] Attempting to run remotely on: [Linux-64], [GoogleChrome], [http://localhost:4444/wd/hub], Headless Execution. @01-11-2021 07:28:02.0360 AM
[ReportManager] Successfully Opened [GoogleChrome]. @01-11-2021 07:28:04.0352 AM
[ReportManager] Target URL: [https://duckduckgo.com] @01-11-2021 07:28:04.0353 AM
[ReportManager] Initial URL: [data:,] @01-11-2021 07:28:04.0407 AM
[ReportManager] Browser Action [NavigateToURL] successfully performed. With the following test data [https://duckduckgo.com]. @01-11-2021 07:28:05.0054 A

################################################################################################################################################
Starting Execution:	[61 out of 143] test cases in the current suite
Test Method:		[unitTests.tests_browserActions.refreshCurrentPage]
################################################################################################################################################
[ReportManager] Browser Action [RefreshCurrentPage] successfully performed. @01-11-2021 07:28:05.0268 AM
[ReportManager] Successfully created attachment [Browser Action Test Data - RefreshCurrentPage - Actual Value] @01-11-2021 07:28:05.0269 A
[ReportManager] Target URL: [https://duckduckgo.com] @01-11-2021 07:28:05.0274 AM
[ReportManager] Initial URL: [https://duckduckgo.com] @01-11-2021 07:28:05.0334 AM
[ReportManager] Browser Action [NavigateToURL] successfully performed. With the following test data [https://duckduckgo.com]. @01-11-2021 07:28:05.0688 AM
[ReportManager] Browser Action [CloseCurrentWindow] successfully performed. @01-11-2021 07:28:05.0828 AM
[ReportManager] Successfully created attachment [Browser Action Test Data - CloseCurrentWindow - Actual Value] @01-11-2021 07:28:05.0829 A
[ReportManager] File Action [GetAbsolutePath] successfully performed. With the following test data [Relative Folder Path: "target/downloadedFiles/"]. @01-11-2021 07:28:05.0831 AM
[ReportManager] Attempting to run remotely on: [Linux-64], [GoogleChrome], [http://localhost:4444/wd/hub], Headless Execution. @01-11-2021 07:28:05.0852 AM
[ReportManager] Successfully Opened [GoogleChrome]. @01-11-2021 07:28:09.0345 AM
[ReportManager] Target URL: [https://duckduckgo.com] @01-11-2021 07:28:09.0346 AM
[ReportManager] Initial URL: [data:,] @01-11-2021 07:28:09.0398 AM
[ReportManager] Browser Action [NavigateToURL] successfully performed. With the following test data [https://duckduckgo.com]. @01-11-2021 07:28:10.0083 A

################################################################################################################################################
Starting Execution:	[62 out of 143] test cases in the current suite
Test Method:		[unitTests.tests_browserActions.setWindowSize]
################################################################################################################################################
[ReportManager] Initial window size: (1920, 1080) @01-11-2021 07:28:10.0096 AM
[ReportManager] Window size after SWD: (1280, 720) @01-11-2021 07:28:10.0333 AM
[ReportManager] Browser Action [SetWindowSize] successfully performed. With the following test data [New screen size is now: (1280, 720)]. @01-11-2021 07:28:10.0334 A
[ReportManager] Target URL: [https://duckduckgo.com] @01-11-2021 07:28:10.0345 AM
[ReportManager] Initial URL: [https://duckduckgo.com] @01-11-2021 07:28:10.0412 AM
[ReportManager] Browser Action [NavigateToURL] successfully performed. With the following test data [https://duckduckgo.com]. @01-11-2021 07:28:10.0792 AM
[ReportManager] Browser Action [CloseCurrentWindow] successfully performed. @01-11-2021 07:28:10.0930 AM
[ReportManager] Successfully created attachment [Browser Action Test Data - CloseCurrentWindow - Actual Value] @01-11-2021 07:28:10.0931 A
[ReportManager] File Action [GetAbsolutePath] successfully performed. With the following test data [Relative Folder Path: "target/downloadedFiles/"]. @01-11-2021 07:28:10.0933 AM
[ReportManager] Attempting to run remotely on: [Linux-64], [GoogleChrome], [http://localhost:4444/wd/hub], Headless Execution. @01-11-2021 07:28:10.0933 AM
[ReportManager] Successfully Opened [GoogleChrome]. @01-11-2021 07:28:14.0337 A

################################################################################################################################################
Starting Execution:	[63 out of 143] test cases in the current suite
Test Method:		[unitTests.tests_element_elementActions.waitForElementToBePresent_false_expectedToFail]
################################################################################################################################################
[ReportManager] Target URL: [https://www.google.com/ncr], and after redirection: [www.google.com] @01-11-2021 07:28:14.0341 AM
[ReportManager] Initial URL: [data:,] @01-11-2021 07:28:14.0381 AM
[ReportManager] Browser Action [NavigateToURL] successfully performed. With the following test data [https://www.google.com/ncr]. @01-11-2021 07:28:15.0257 AM
[ReportManager] Waiting for element to be present; elementLocator [By.xpath: //*[@id='hplogo' or @alt='Google']], numberOfTries[1], stateOfPresence[false]... @01-11-2021 07:28:15.0264 AM
[ReportManager] Element Action [WaitForElementToBePresent] failed. With the following test data [waited for the element's state of presence to be (false). Element locator (By.xpath: //*[@id='hplogo' or @alt='Google'])]. @01-11-2021 07:28:15.0783 AM
[ReportManager] Successfully created attachment [Screenshot - 1635751695595_waitForElementToBePresent_false_expectedToFail_WaitForElementToBePresent_failed] @01-11-2021 07:28:15.0784 A
[ReportManager] Browser Action [CloseCurrentWindow] successfully performed. @01-11-2021 07:28:15.0926 AM
[ReportManager] Successfully created attachment [Browser Action Test Data - CloseCurrentWindow - Actual Value] @01-11-2021 07:28:15.0927 A
[ReportManager] File Action [GetAbsolutePath] successfully performed. With the following test data [Relative Folder Path: "target/downloadedFiles/"]. @01-11-2021 07:28:15.0930 AM
[ReportManager] Attempting to run remotely on: [Linux-64], [GoogleChrome], [http://localhost:4444/wd/hub], Headless Execution. @01-11-2021 07:28:15.0930 AM
[ReportManager] Successfully Opened [GoogleChrome]. @01-11-2021 07:28:19.0356 A

################################################################################################################################################
Starting Execution:	[64 out of 143] test cases in the current suite
Test Method:		[unitTests.tests_element_elementActions.waitForElementToBePresent_false_expectedToPass]
################################################################################################################################################
[ReportManager] Target URL: [https://www.google.com/ncr], and after redirection: [www.google.com] @01-11-2021 07:28:19.0360 AM
[ReportManager] Initial URL: [data:,] @01-11-2021 07:28:19.0450 AM
[ReportManager] Browser Action [NavigateToURL] successfully performed. With the following test data [https://www.google.com/ncr]. @01-11-2021 07:28:20.0354 AM
[ReportManager] Waiting for element to be present; elementLocator [By.id: bla], numberOfTries[1], stateOfPresence[false]... @01-11-2021 07:28:20.0354 AM
[ReportManager] Element Action [WaitForElementToBePresent] successfully performed. With the following test data [waited for the element's state of presence to be (false). Element locator (By.id: bla)]. @01-11-2021 07:28:25.0497 A
[ReportManager] Browser Action [CloseCurrentWindow] successfully performed. @01-11-2021 07:28:25.0628 AM
[ReportManager] Successfully created attachment [Browser Action Test Data - CloseCurrentWindow - Actual Value] @01-11-2021 07:28:25.0637 A
[ReportManager] File Action [GetAbsolutePath] successfully performed. With the following test data [Relative Folder Path: "target/downloadedFiles/"]. @01-11-2021 07:28:25.0640 AM
[ReportManager] Attempting to run remotely on: [Linux-64], [GoogleChrome], [http://localhost:4444/wd/hub], Headless Execution. @01-11-2021 07:28:25.0640 AM
[ReportManager] Successfully Opened [GoogleChrome]. @01-11-2021 07:28:29.0484 A

################################################################################################################################################
Starting Execution:	[65 out of 143] test cases in the current suite
Test Method:		[unitTests.tests_element_elementActions.waitForElementToBePresent_moreThanOneElement_expectedToFail]
################################################################################################################################################
[ReportManager] Target URL: [https://www.google.com/ncr], and after redirection: [www.google.com] @01-11-2021 07:28:29.0496 AM
[ReportManager] Initial URL: [data:,] @01-11-2021 07:28:29.0574 AM
[ReportManager] Browser Action [NavigateToURL] successfully performed. With the following test data [https://www.google.com/ncr]. @01-11-2021 07:28:30.0537 AM
[ReportManager] Waiting for element to be present; elementLocator [By.xpath: //*], numberOfTries[1], stateOfPresence[false]... @01-11-2021 07:28:30.0537 AM
[ReportManager] Element Action [WaitForElementToBePresent] failed. With the following test data [waited for the element's state of presence to be (false). Element locator (By.xpath: //*)]. @01-11-2021 07:28:31.0050 AM
[ReportManager] Successfully created attachment [Screenshot - 1635751710856_waitForElementToBePresent_moreThanOneElement_expectedToFail_WaitForElementToBePresent_failed] @01-11-2021 07:28:31.0051 A
[ReportManager] Browser Action [CloseCurrentWindow] successfully performed. @01-11-2021 07:28:31.0203 AM
[ReportManager] Successfully created attachment [Browser Action Test Data - CloseCurrentWindow - Actual Value] @01-11-2021 07:28:31.0204 A
[ReportManager] File Action [GetAbsolutePath] successfully performed. With the following test data [Relative Folder Path: "target/downloadedFiles/"]. @01-11-2021 07:28:31.0207 AM
[ReportManager] Attempting to run remotely on: [Linux-64], [GoogleChrome], [http://localhost:4444/wd/hub], Headless Execution. @01-11-2021 07:28:31.0207 AM
[ReportManager] Successfully Opened [GoogleChrome]. @01-11-2021 07:28:34.0362 A

################################################################################################################################################
Starting Execution:	[66 out of 143] test cases in the current suite
Test Method:		[unitTests.tests_element_elementActions.waitForElementToBePresent_true_expectedToFail]
################################################################################################################################################
[ReportManager] Target URL: [https://www.google.com/ncr], and after redirection: [www.google.com] @01-11-2021 07:28:34.0365 AM
[ReportManager] Initial URL: [data:,] @01-11-2021 07:28:34.0417 AM
[ReportManager] Browser Action [NavigateToURL] successfully performed. With the following test data [https://www.google.com/ncr]. @01-11-2021 07:28:35.0293 AM
[ReportManager] Waiting for element to be present; elementLocator [By.id: bla], numberOfTries[1], stateOfPresence[true]... @01-11-2021 07:28:35.0294 AM
[ReportManager] Element Action [WaitForElementToBePresent] failed. With the following test data [waited for the element's state of presence to be (true). Element locator (By.id: bla)]. @01-11-2021 07:28:40.0807 AM
[ReportManager] Successfully created attachment [Screenshot - 1635751720626_waitForElementToBePresent_true_expectedToFail_WaitForElementToBePresent_failed] @01-11-2021 07:28:40.0808 A
[ReportManager] Browser Action [CloseCurrentWindow] successfully performed. @01-11-2021 07:28:40.0974 AM
[ReportManager] Successfully created attachment [Browser Action Test Data - CloseCurrentWindow - Actual Value] @01-11-2021 07:28:40.0975 A
[ReportManager] File Action [GetAbsolutePath] successfully performed. With the following test data [Relative Folder Path: "target/downloadedFiles/"]. @01-11-2021 07:28:40.0979 AM
[ReportManager] Attempting to run remotely on: [Linux-64], [GoogleChrome], [http://localhost:4444/wd/hub], Headless Execution. @01-11-2021 07:28:40.0979 AM
[ReportManager] Successfully Opened [GoogleChrome]. @01-11-2021 07:28:44.0340 A

################################################################################################################################################
Starting Execution:	[67 out of 143] test cases in the current suite
Test Method:		[unitTests.tests_element_elementActions.waitForElementToBePresent_true_expectedToPass]
################################################################################################################################################
[ReportManager] Target URL: [https://www.google.com/ncr], and after redirection: [www.google.com] @01-11-2021 07:28:44.0352 AM
[ReportManager] Initial URL: [data:,] @01-11-2021 07:28:44.0413 AM
[ReportManager] Browser Action [NavigateToURL] successfully performed. With the following test data [https://www.google.com/ncr]. @01-11-2021 07:28:45.0255 AM
[ReportManager] Waiting for element to be present; elementLocator [By.xpath: //*[@id='hplogo' or @alt='Google']], numberOfTries[1], stateOfPresence[true]... @01-11-2021 07:28:45.0255 AM
[ReportManager] Element Action [WaitForElementToBePresent] successfully performed. With the following test data [waited for the element's state of presence to be (true). Element locator (By.xpath: //*[@id='hplogo' or @alt='Google'])]. @01-11-2021 07:28:45.0316 AM
[ReportManager] File Action [DoesFileExist] successfully performed. With the following test data [File Path: "src/test/resources/DynamicObjectRepository/unitTests_tests_element_elementActions_waitForElementToBePresent_true_expectedToPass_By_xpath_id_hplogo_or_alt_Google.png"]. @01-11-2021 07:28:45.0320 AM
[ReportManager] File Action [DoesFileExist] successfully performed. With the following test data [File Path: "src/test/resources/DynamicObjectRepository/unitTests_tests_element_elementActions_waitForElementToBePresent_true_expectedToPass_By_xpath_id_hplogo_or_alt_Google.png"]. @01-11-2021 07:28:45.0592 AM
[ReportManager] Passing the test and saving a reference image @01-11-2021 07:28:45.0592 AM
[ReportManager] File Action [GetAbsolutePath] successfully performed. With the following test data [Relative File Path: "src/test/resources/DynamicObjectRepository/unitTests_tests_element_elementActions_waitForElementToBePresent_true_expectedToPass_By_xpath_id_hplogo_or_alt_Google.png"]. @01-11-2021 07:28:45.0592 AM
[ReportManager] File Action [WriteToFile] successfully performed. With the following test data [Target File Path: "/home/runner/work/SHAFT_ENGINE/SHAFT_ENGINE/src/test/resources/DynamicObjectRepository/unitTests_tests_element_elementActions_waitForElementToBePresent_true_expectedToPass_By_xpath_id_hplogo_or_alt_Google.png"]. @01-11-2021 07:28:45.0599 AM
[ReportManager] Assertion Passed: Using Visual AI; OpenCV @01-11-2021 07:28:45.0599 AM
[ReportManager] Successfully created attachment [Validation Test Data - Actual Screenshot] @01-11-2021 07:28:45.0600 AM
[ReportManager] Assertion [ValidateElementMatches] PASSED. Expected [Element should match the reference screenshot] and Actual [TRUE]. Comparison Type [EXACT_OPENCV]. Validation Type [POSITIVE]. @01-11-2021 07:28:45.0600 A
[ReportManager] Browser Action [CloseCurrentWindow] successfully performed. @01-11-2021 07:28:45.0739 AM
[ReportManager] Successfully created attachment [Browser Action Test Data - CloseCurrentWindow - Actual Value] @01-11-2021 07:28:45.0740 A
[ReportManager] Successfully loaded the following test data file [src/test/resources/TestDataFiles/testSuite01/TestData.xlsx]. @01-11-2021 07:28:46.0462 AM
[ReportManager] Successfully created attachment [Test Data - Excel] @01-11-2021 07:28:46.0463 A

################################################################################################################################################
Starting Execution:	[68 out of 143] test cases in the current suite
Test Method:		[unitTests.tests_io_excelFileManager.getCellData_rowName_expectedToPass]
################################################################################################################################################
[ReportManager] testRowData. @01-11-2021 07:28:46.0476 A

################################################################################################################################################
Starting Execution:	[69 out of 143] test cases in the current suite
Test Method:		[testPackage01.Test_testData.f]
################################################################################################################################################
[ReportManager] Successfully loaded the following test data file [src/test/resources/TestDataFiles/testSuite01/TestData.xlsx]. @01-11-2021 07:28:46.0506 AM
[ReportManager] Successfully created attachment [Test Data - Excel] @01-11-2021 07:28:46.0507 AM
[ReportManager] Last Column Number is: [3]. Zero-based. @01-11-2021 07:28:46.0507 A

################################################################################################################################################
Starting Execution:	[70 out of 143] test cases in the current suite
Test Method:		[testPackage01.Test_SkipDueToIssue.doNotSkip]
################################################################################################################################################
[ReportManager] This should not be skipped. @01-11-2021 07:28:46.0513 A

################################################################################################################################################
Starting Execution:	[71 out of 143] test cases in the current suite
Test Method:		[testPackage01.Test_SkipDueToIssue.skip]
################################################################################################################################################
[ReportManager] This should be skipped. @01-11-2021 07:28:46.0520 A

################################################################################################################################################
Starting Execution:	[72 out of 143] test cases in the current suite
Test Method:		[testPackage01.Test_SkipDueToIssue.skip2]
################################################################################################################################################
[ReportManager] This should be skipped. @01-11-2021 07:28:46.0526 A

################################################################################################################################################
Starting Execution:	[73 out of 143] test cases in the current suite
Test Method:		[testPackage01.Test_chainableElementActions.chainElementActions]
################################################################################################################################################
[ReportManager] File Action [GetAbsolutePath] successfully performed. With the following test data [Relative Folder Path: "target/downloadedFiles/"]. @01-11-2021 07:28:46.0530 AM
[ReportManager] Attempting to run remotely on: [Linux-64], [GoogleChrome], [http://localhost:4444/wd/hub], Headless Execution. @01-11-2021 07:28:46.0530 AM
[ReportManager] Successfully Opened [GoogleChrome]. @01-11-2021 07:28:49.0328 AM
[ReportManager] Target URL: [https://www.google.com/ncr], and after redirection: [https://www.google.com] @01-11-2021 07:28:49.0328 AM
[ReportManager] Initial URL: [data:,] @01-11-2021 07:28:49.0419 AM
[ReportManager] Browser Action [NavigateToURL] successfully performed. With the following test data [https://www.google.com/ncr]. @01-11-2021 07:28:50.0293 AM
[ReportManager] Element Action [Type] successfully performed. With the following test data [chained type 1]. @01-11-2021 07:28:50.0720 AM
[ReportManager] Element Action [Type] successfully performed. With the following test data [chained type 2]. @01-11-2021 07:28:51.0200 AM
[ReportManager] Element Action [TypeAppend] successfully performed. With the following test data [345]. @01-11-2021 07:28:51.0289 AM
[ReportManager] Element Action [GetText] successfully performed. With the following test data [chained type 2345]. @01-11-2021 07:28:51.0492 AM
[ReportManager] Loaded Shared OpenCV @01-11-2021 07:28:51.0813 AM
[ReportManager] Assertion [ValidateElementAttribute] PASSED. Expected [Value Should be 'chained type 2345' for the 'text' attribute, element locator 'By.name: q'] and Actual [chained type 2345]. Comparison Type [EQUALS]. Validation Type [POSITIVE]. @01-11-2021 07:28:52.0066 AM
[ReportManager] Successfully created attachment [Screenshot - 1635751731813_chainElementActions_ValidateElementAttribute_passed] @01-11-2021 07:28:52.0069 AM
[ReportManager] Browser Action [CloseCurrentWindow] successfully performed. @01-11-2021 07:28:52.0224 AM
[ReportManager] Successfully created attachment [Browser Action Test Data - CloseCurrentWindow - Actual Value] @01-11-2021 07:28:52.0225 A

################################################################################################################################################
Starting Execution:	[74 out of 143] test cases in the current suite
Test Method:		[testPackage01.Test_NewValidationHelper.f1]
################################################################################################################################################
[ReportManager] Assertion Passed: Checking valid user data @01-11-2021 07:28:52.0233 AM
[ReportManager] Successfully created attachment [Validation Test Data - Expected Value] @01-11-2021 07:28:52.0233 AM
[ReportManager] Successfully created attachment [Validation Test Data - Actual Value] @01-11-2021 07:28:52.0233 AM
[ReportManager] Assertion [ValidateEquals] PASSED. Expected and Actual values are attached. Comparison Type [EQUALS]. Validation Type [POSITIVE]. @01-11-2021 07:28:52.0233 A
[ReportManager] File Action [GetAbsolutePath] successfully performed. With the following test data [Relative Folder Path: "target/downloadedFiles/"]. @01-11-2021 07:28:52.0235 AM
[ReportManager] Attempting to run remotely on: [Linux-64], [GoogleChrome], [http://localhost:4444/wd/hub], Headless Execution. @01-11-2021 07:28:52.0236 AM
[ReportManager] Successfully Opened [GoogleChrome]. @01-11-2021 07:28:54.0328 AM
[ReportManager] Target URL: [https://the-internet.herokuapp.com/] @01-11-2021 07:28:54.0328 AM
[ReportManager] Initial URL: [data:,] @01-11-2021 07:28:54.0382 AM
[ReportManager] Browser Action [NavigateToURL] successfully performed. With the following test data [https://the-internet.herokuapp.com/]. @01-11-2021 07:28:55.0178 A

################################################################################################################################################
Starting Execution:	[75 out of 143] test cases in the current suite
Test Method:		[testPackage01.Test_NewValidationHelper.f10]
################################################################################################################################################
[ReportManager] Assertion [ValidateElementExists] FAILED. Expected [Element Should Exist, locator 'By.tagName: div'] and Actual [Element Exists but is not unique]. Comparison Type [EQUALS]. Validation Type [POSITIVE]. @01-11-2021 07:28:55.0640 AM
[ReportManager] Successfully created attachment [Screenshot - 1635751735474_f10_ValidateElementExists_failed] @01-11-2021 07:28:55.0641 A
[ReportManager] Successfully Closed All Drivers. @01-11-2021 07:28:55.0730 A
[ReportManager] File Action [GetAbsolutePath] successfully performed. With the following test data [Relative Folder Path: "target/downloadedFiles/"]. @01-11-2021 07:28:55.0732 AM
[ReportManager] Attempting to run remotely on: [Linux-64], [GoogleChrome], [http://localhost:4444/wd/hub], Headless Execution. @01-11-2021 07:28:55.0732 AM
[ReportManager] Successfully Opened [GoogleChrome]. @01-11-2021 07:28:59.0338 AM
[ReportManager] Target URL: [https://the-internet.herokuapp.com/] @01-11-2021 07:28:59.0338 AM
[ReportManager] Initial URL: [data:,] @01-11-2021 07:28:59.0390 AM
[ReportManager] Browser Action [NavigateToURL] successfully performed. With the following test data [https://the-internet.herokuapp.com/]. @01-11-2021 07:29:00.0204 A

################################################################################################################################################
Starting Execution:	[76 out of 143] test cases in the current suite
Test Method:		[testPackage01.Test_NewValidationHelper.f11]
################################################################################################################################################
[ReportManager] Assertion Passed: Checking that false tag doesn't exist @01-11-2021 07:29:11.0020 AM
[ReportManager] Successfully created attachment [Screenshot - 1635751750784_f11_ValidateElementExists_passed] @01-11-2021 07:29:11.0022 AM
[ReportManager] Assertion [ValidateElementExists] PASSED. Expected [Element Should not Exist, locator 'By.tagName: h3'] and Actual [Element Doesn't Exists]. Comparison Type [EQUALS]. Validation Type [NEGATIVE]. @01-11-2021 07:29:11.0022 A
[ReportManager] Successfully Closed All Drivers. @01-11-2021 07:29:11.0119 A
[ReportManager] File Action [GetAbsolutePath] successfully performed. With the following test data [Relative Folder Path: "target/downloadedFiles/"]. @01-11-2021 07:29:11.0122 AM
[ReportManager] Attempting to run remotely on: [Linux-64], [GoogleChrome], [http://localhost:4444/wd/hub], Headless Execution. @01-11-2021 07:29:11.0122 AM
[ReportManager] Successfully Opened [GoogleChrome]. @01-11-2021 07:29:14.0336 AM
[ReportManager] Target URL: [https://the-internet.herokuapp.com/] @01-11-2021 07:29:14.0336 AM
[ReportManager] Initial URL: [data:,] @01-11-2021 07:29:14.0403 AM
[ReportManager] Browser Action [NavigateToURL] successfully performed. With the following test data [https://the-internet.herokuapp.com/]. @01-11-2021 07:29:15.0170 A

################################################################################################################################################
Starting Execution:	[77 out of 143] test cases in the current suite
Test Method:		[testPackage01.Test_NewValidationHelper.f12]
################################################################################################################################################
[ReportManager] Loaded Shared OpenCV @01-11-2021 07:29:15.0523 AM
[ReportManager] Assertion [ValidateElementExists] FAILED. Expected [Element Should not Exist, locator 'By.tagName: h1'] and Actual [Element Exists]. Comparison Type [EQUALS]. Validation Type [NEGATIVE]. @01-11-2021 07:29:15.0742 AM
[ReportManager] Successfully created attachment [Screenshot - 1635751755523_f12_ValidateElementExists_failed] @01-11-2021 07:29:15.0744 A
[ReportManager] Successfully Closed All Drivers. @01-11-2021 07:29:15.0849 A
[ReportManager] File Action [GetAbsolutePath] successfully performed. With the following test data [Relative Folder Path: "target/downloadedFiles/"]. @01-11-2021 07:29:15.0851 AM
[ReportManager] Attempting to run remotely on: [Linux-64], [GoogleChrome], [http://localhost:4444/wd/hub], Headless Execution. @01-11-2021 07:29:15.0851 AM
[ReportManager] Successfully Opened [GoogleChrome]. @01-11-2021 07:29:19.0345 AM
[ReportManager] Target URL: [https://the-internet.herokuapp.com/] @01-11-2021 07:29:19.0345 AM
[ReportManager] Initial URL: [data:,] @01-11-2021 07:29:19.0430 AM
[ReportManager] Browser Action [NavigateToURL] successfully performed. With the following test data [https://the-internet.herokuapp.com/]. @01-11-2021 07:29:20.0212 A

################################################################################################################################################
Starting Execution:	[78 out of 143] test cases in the current suite
Test Method:		[testPackage01.Test_NewValidationHelper.f13]
################################################################################################################################################
[ReportManager] Assertion [ValidateElementExists] FAILED. Expected [Element Should not Exist, locator 'By.tagName: div'] and Actual [Element Exists but is not unique]. Comparison Type [EQUALS]. Validation Type [NEGATIVE]. @01-11-2021 07:29:20.0690 AM
[ReportManager] Successfully created attachment [Screenshot - 1635751760524_f13_ValidateElementExists_failed] @01-11-2021 07:29:20.0691 A
[ReportManager] Successfully Closed All Drivers. @01-11-2021 07:29:20.0786 A
[ReportManager] File Action [GetAbsolutePath] successfully performed. With the following test data [Relative Folder Path: "target/downloadedFiles/"]. @01-11-2021 07:29:20.0788 AM
[ReportManager] Attempting to run remotely on: [Linux-64], [GoogleChrome], [http://localhost:4444/wd/hub], Headless Execution. @01-11-2021 07:29:20.0789 AM
[ReportManager] Successfully Opened [GoogleChrome]. @01-11-2021 07:29:24.0389 AM
[ReportManager] Target URL: [https://the-internet.herokuapp.com/] @01-11-2021 07:29:24.0390 AM
[ReportManager] Initial URL: [data:,] @01-11-2021 07:29:24.0464 AM
[ReportManager] Browser Action [NavigateToURL] successfully performed. With the following test data [https://the-internet.herokuapp.com/]. @01-11-2021 07:29:25.0365 A

################################################################################################################################################
Starting Execution:	[79 out of 143] test cases in the current suite
Test Method:		[testPackage01.Test_NewValidationHelper.f14]
################################################################################################################################################
[ReportManager] Element Action [GetText] successfully performed. With the following test data [Welcome to the-internet]. @01-11-2021 07:29:25.0502 AM
[ReportManager] Loaded Shared OpenCV @01-11-2021 07:29:25.0801 AM
[ReportManager] Assertion Passed: Asserting that the header text is correct @01-11-2021 07:29:26.0030 AM
[ReportManager] Successfully created attachment [Screenshot - 1635751765801_f14_ValidateElementAttribute_passed] @01-11-2021 07:29:26.0032 AM
[ReportManager] Assertion [ValidateElementAttribute] PASSED. Expected [Value Should be 'Welcome to the-internet' for the 'text' attribute, element locator 'By.tagName: h1'] and Actual [Welcome to the-internet]. Comparison Type [EQUALS]. Validation Type [POSITIVE]. @01-11-2021 07:29:26.0032 A
[ReportManager] Successfully Closed All Drivers. @01-11-2021 07:29:26.0129 A
[ReportManager] File Action [GetAbsolutePath] successfully performed. With the following test data [Relative Folder Path: "target/downloadedFiles/"]. @01-11-2021 07:29:26.0131 AM
[ReportManager] Attempting to run remotely on: [Linux-64], [GoogleChrome], [http://localhost:4444/wd/hub], Headless Execution. @01-11-2021 07:29:26.0132 AM
[ReportManager] Successfully Opened [GoogleChrome]. @01-11-2021 07:29:29.0519 AM
[ReportManager] Target URL: [https://the-internet.herokuapp.com/] @01-11-2021 07:29:29.0519 AM
[ReportManager] Initial URL: [data:,] @01-11-2021 07:29:29.0617 AM
[ReportManager] Browser Action [NavigateToURL] successfully performed. With the following test data [https://the-internet.herokuapp.com/]. @01-11-2021 07:29:30.0434 A

################################################################################################################################################
Starting Execution:	[80 out of 143] test cases in the current suite
Test Method:		[testPackage01.Test_NewValidationHelper.f15]
################################################################################################################################################
[ReportManager] Element Action [GetText] successfully performed. With the following test data [Welcome to the-internet]. @01-11-2021 07:29:30.0551 AM
[ReportManager] Loaded Shared OpenCV @01-11-2021 07:29:30.0830 AM
[ReportManager] Assertion [ValidateElementAttribute] FAILED. Expected [Value Should not be 'Welcome' for the 'text' attribute, element locator 'By.tagName: h1'] and Actual [Welcome to the-internet]. Comparison Type [CONTAINS]. Validation Type [NEGATIVE]. @01-11-2021 07:29:31.0114 AM
[ReportManager] Successfully created attachment [Screenshot - 1635751770830_f15_ValidateElementAttribute_failed] @01-11-2021 07:29:31.0117 A
[ReportManager] Successfully Closed All Drivers. @01-11-2021 07:29:31.0212 A
[ReportManager] File Action [GetAbsolutePath] successfully performed. With the following test data [Relative Folder Path: "target/downloadedFiles/"]. @01-11-2021 07:29:31.0215 AM
[ReportManager] Attempting to run remotely on: [Linux-64], [GoogleChrome], [http://localhost:4444/wd/hub], Headless Execution. @01-11-2021 07:29:31.0215 AM
[ReportManager] Successfully Opened [GoogleChrome]. @01-11-2021 07:29:34.0382 AM
[ReportManager] Target URL: [https://the-internet.herokuapp.com/] @01-11-2021 07:29:34.0382 AM
[ReportManager] Initial URL: [data:,] @01-11-2021 07:29:34.0440 AM
[ReportManager] Browser Action [NavigateToURL] successfully performed. With the following test data [https://the-internet.herokuapp.com/]. @01-11-2021 07:29:35.0335 A

################################################################################################################################################
Starting Execution:	[81 out of 143] test cases in the current suite
Test Method:		[testPackage01.Test_NewValidationHelper.f16]
################################################################################################################################################
[ReportManager] Element Action [IdentifyUniqueElement] failed. With the following test data [zero elements found matching this locator "By.tagName: h3".]. @01-11-2021 07:30:01.0352 AM
[ReportManager] Successfully created attachment [Screenshot - 1635751801108_f16_IdentifyUniqueElement_failed] @01-11-2021 07:30:01.0353 AM
[ReportManager] Assertion [ValidateElementAttribute] FAILED. Expected [Value Should not be 'Welcome' for the 'text' attribute, element locator 'By.tagName: h3'] and Actual [Failed to read the desired element attribute]. Comparison Type [CONTAINS]. Validation Type [NEGATIVE]. @01-11-2021 07:30:01.0354 A
[ReportManager] Successfully Closed All Drivers. @01-11-2021 07:30:01.0450 A
[ReportManager] File Action [GetAbsolutePath] successfully performed. With the following test data [Relative Folder Path: "target/downloadedFiles/"]. @01-11-2021 07:30:01.0453 AM
[ReportManager] Attempting to run remotely on: [Linux-64], [GoogleChrome], [http://localhost:4444/wd/hub], Headless Execution. @01-11-2021 07:30:01.0453 AM
[ReportManager] Successfully Opened [GoogleChrome]. @01-11-2021 07:30:04.0370 AM
[ReportManager] Target URL: [https://the-internet.herokuapp.com/] @01-11-2021 07:30:04.0370 AM
[ReportManager] Initial URL: [data:,] @01-11-2021 07:30:04.0454 AM
[ReportManager] Browser Action [NavigateToURL] successfully performed. With the following test data [https://the-internet.herokuapp.com/]. @01-11-2021 07:30:05.0257 A

################################################################################################################################################
Starting Execution:	[82 out of 143] test cases in the current suite
Test Method:		[testPackage01.Test_NewValidationHelper.f17]
################################################################################################################################################
[ReportManager] Attempting to getAttribute [text2] from elementLocator [By.tagName: h1]. @01-11-2021 07:30:05.0260 AM
[ReportManager] Element Action [GetAttribute] successfully performed. @01-11-2021 07:30:05.0388 AM
[ReportManager] Loaded Shared OpenCV @01-11-2021 07:30:05.0658 AM
[ReportManager] Assertion [ValidateElementAttribute] PASSED. Expected [Value Should not be 'Welcome' for the 'text2' attribute, element locator 'By.tagName: h1'] and Actual [null]. Comparison Type [CONTAINS]. Validation Type [NEGATIVE]. @01-11-2021 07:30:06.0002 AM
[ReportManager] Successfully created attachment [Screenshot - 1635751805658_f17_ValidateElementAttribute_passed] @01-11-2021 07:30:06.0008 A
[ReportManager] Successfully Closed All Drivers. @01-11-2021 07:30:06.0111 A
[ReportManager] File Action [GetAbsolutePath] successfully performed. With the following test data [Relative Folder Path: "target/downloadedFiles/"]. @01-11-2021 07:30:06.0113 AM
[ReportManager] Attempting to run remotely on: [Linux-64], [GoogleChrome], [http://localhost:4444/wd/hub], Headless Execution. @01-11-2021 07:30:06.0113 AM
[ReportManager] Successfully Opened [GoogleChrome]. @01-11-2021 07:30:09.0343 AM
[ReportManager] Target URL: [https://the-internet.herokuapp.com/] @01-11-2021 07:30:09.0343 AM
[ReportManager] Initial URL: [data:,] @01-11-2021 07:30:09.0386 AM
[ReportManager] Browser Action [NavigateToURL] successfully performed. With the following test data [https://the-internet.herokuapp.com/]. @01-11-2021 07:30:10.0177 A

################################################################################################################################################
Starting Execution:	[83 out of 143] test cases in the current suite
Test Method:		[testPackage01.Test_NewValidationHelper.f18]
################################################################################################################################################
[ReportManager] Element Action [GetText] successfully performed. With the following test data [Welcome to the-internet]. @01-11-2021 07:30:10.0295 AM
[ReportManager] Loaded Shared OpenCV @01-11-2021 07:30:10.0583 AM
[ReportManager] Assertion [ValidateElementAttribute] PASSED. Expected [Value Should not be 'no' for the 'text' attribute, element locator 'By.tagName: h1'] and Actual [Welcome to the-internet]. Comparison Type [CONTAINS]. Validation Type [NEGATIVE]. @01-11-2021 07:30:10.0785 AM
[ReportManager] Successfully created attachment [Screenshot - 1635751810583_f18_ValidateElementAttribute_passed] @01-11-2021 07:30:10.0787 A
[ReportManager] Successfully Closed All Drivers. @01-11-2021 07:30:10.0870 A

################################################################################################################################################
Starting Execution:	[84 out of 143] test cases in the current suite
Test Method:		[testPackage01.Test_NewValidationHelper.f2]
################################################################################################################################################
[ReportManager] Assertion Failed: Checking valid user data @01-11-2021 07:30:10.0876 AM
[ReportManager] Assertion [ValidateEquals] FAILED. Expected [1] and Actual [2]. Comparison Type [EQUALS]. Validation Type [POSITIVE]. @01-11-2021 07:30:10.0876 A
[ReportManager] File Action [GetAbsolutePath] successfully performed. With the following test data [Relative Folder Path: "target/downloadedFiles/"]. @01-11-2021 07:30:10.0880 AM
[ReportManager] Attempting to run remotely on: [Linux-64], [GoogleChrome], [http://localhost:4444/wd/hub], Headless Execution. @01-11-2021 07:30:10.0880 AM
[ReportManager] Successfully Opened [GoogleChrome]. @01-11-2021 07:30:14.0368 AM
[ReportManager] Target URL: [https://the-internet.herokuapp.com/] @01-11-2021 07:30:14.0369 AM
[ReportManager] Initial URL: [data:,] @01-11-2021 07:30:14.0435 AM
[ReportManager] Browser Action [NavigateToURL] successfully performed. With the following test data [https://the-internet.herokuapp.com/]. @01-11-2021 07:30:15.0280 A

################################################################################################################################################
Starting Execution:	[85 out of 143] test cases in the current suite
Test Method:		[testPackage01.Test_NewValidationHelper.f20]
################################################################################################################################################
[ReportManager] Element Action [GetSize] successfully performed. With the following test data [(970, 61)]. @01-11-2021 07:30:15.0371 AM
[ReportManager] Loaded Shared OpenCV @01-11-2021 07:30:15.0647 AM
[ReportManager] Assertion [ValidateElementAttribute] PASSED. Expected [Value Should not be 'a' for the 'size' attribute, element locator 'By.tagName: h1'] and Actual [(970, 61)]. Comparison Type [CONTAINS]. Validation Type [NEGATIVE]. @01-11-2021 07:30:15.0884 AM
[ReportManager] Successfully created attachment [Screenshot - 1635751815647_f20_ValidateElementAttribute_passed] @01-11-2021 07:30:15.0886 A
[ReportManager] Successfully Closed All Drivers. @01-11-2021 07:30:15.0976 A
[ReportManager] File Action [GetAbsolutePath] successfully performed. With the following test data [Relative Folder Path: "target/downloadedFiles/"]. @01-11-2021 07:30:15.0978 AM
[ReportManager] Attempting to run remotely on: [Linux-64], [GoogleChrome], [http://localhost:4444/wd/hub], Headless Execution. @01-11-2021 07:30:15.0979 AM
[ReportManager] Successfully Opened [GoogleChrome]. @01-11-2021 07:30:19.0358 AM
[ReportManager] Target URL: [https://the-internet.herokuapp.com/] @01-11-2021 07:30:19.0358 AM
[ReportManager] Initial URL: [data:,] @01-11-2021 07:30:19.0409 AM
[ReportManager] Browser Action [NavigateToURL] successfully performed. With the following test data [https://the-internet.herokuapp.com/]. @01-11-2021 07:30:20.0227 A

################################################################################################################################################
Starting Execution:	[86 out of 143] test cases in the current suite
Test Method:		[testPackage01.Test_NewValidationHelper.f21]
################################################################################################################################################
[ReportManager] Element Action [IdentifyUniqueElement] failed. With the following test data [zero elements found matching this locator "By.tagName: h3".]. @01-11-2021 07:30:46.0146 AM
[ReportManager] Successfully created attachment [Screenshot - 1635751845941_f21_IdentifyUniqueElement_failed] @01-11-2021 07:30:46.0147 AM
[ReportManager] Assertion [ValidateElementAttribute] FAILED. Expected [Value Should be 'Welcome' for the 'text' attribute, element locator 'By.tagName: h3'] and Actual [Failed to read the desired element attribute]. Comparison Type [CONTAINS]. Validation Type [POSITIVE]. @01-11-2021 07:30:46.0148 A
[ReportManager] Successfully Closed All Drivers. @01-11-2021 07:30:46.0237 A
[ReportManager] File Action [GetAbsolutePath] successfully performed. With the following test data [Relative Folder Path: "target/downloadedFiles/"]. @01-11-2021 07:30:46.0239 AM
[ReportManager] Attempting to run remotely on: [Linux-64], [GoogleChrome], [http://localhost:4444/wd/hub], Headless Execution. @01-11-2021 07:30:46.0239 AM
[ReportManager] Successfully Opened [GoogleChrome]. @01-11-2021 07:30:49.0387 AM
[ReportManager] Target URL: [https://the-internet.herokuapp.com/] @01-11-2021 07:30:49.0387 AM
[ReportManager] Initial URL: [data:,] @01-11-2021 07:30:49.0449 AM
[ReportManager] Browser Action [NavigateToURL] successfully performed. With the following test data [https://the-internet.herokuapp.com/]. @01-11-2021 07:30:50.0293 A

################################################################################################################################################
Starting Execution:	[87 out of 143] test cases in the current suite
Test Method:		[testPackage01.Test_NewValidationHelper.f22]
################################################################################################################################################
[ReportManager] Element Action [GetText] successfully performed. With the following test data [Welcome to the-internet]. @01-11-2021 07:30:50.0419 AM
[ReportManager] Loaded Shared OpenCV @01-11-2021 07:30:50.0679 AM
[ReportManager] Assertion [ValidateElementAttribute] FAILED. Expected [Value Should be 'yyy' for the 'text' attribute, element locator 'By.tagName: h1'] and Actual [Welcome to the-internet]. Comparison Type [CONTAINS]. Validation Type [POSITIVE]. @01-11-2021 07:30:50.0890 AM
[ReportManager] Successfully created attachment [Screenshot - 1635751850679_f22_ValidateElementAttribute_failed] @01-11-2021 07:30:50.0892 A
[ReportManager] Successfully Closed All Drivers. @01-11-2021 07:30:51.0001 A

################################################################################################################################################
Starting Execution:	[88 out of 143] test cases in the current suite
Test Method:		[testPackage01.Test_NewValidationHelper.f23]
################################################################################################################################################
[ReportManager] Assertion Passed: confirming that the actual is greater than or equal to the expected @01-11-2021 07:30:51.0014 AM
[ReportManager] Assertion [ValidateComparativeRelation] PASSED. Expected [1] and Actual [1]. Comparison Type [GREATER_THAN_OR_EQUALS]. Validation Type [POSITIVE]. @01-11-2021 07:30:51.0014 A

################################################################################################################################################
Starting Execution:	[89 out of 143] test cases in the current suite
Test Method:		[testPackage01.Test_NewValidationHelper.f24]
################################################################################################################################################
[ReportManager] Assertion [ValidateComparativeRelation] PASSED. Expected [1] and Actual [10]. Comparison Type [GREATER_THAN_OR_EQUALS]. Validation Type [POSITIVE]. @01-11-2021 07:30:51.0040 A

################################################################################################################################################
Starting Execution:	[90 out of 143] test cases in the current suite
Test Method:		[testPackage01.Test_NewValidationHelper.f25]
################################################################################################################################################
[ReportManager] Assertion [ValidateComparativeRelation] PASSED. Expected [1] and Actual [1]. Comparison Type [EQUALS]. Validation Type [POSITIVE]. @01-11-2021 07:30:51.0048 A

################################################################################################################################################
Starting Execution:	[91 out of 143] test cases in the current suite
Test Method:		[testPackage01.Test_NewValidationHelper.f26]
################################################################################################################################################
[ReportManager] Assertion [ValidateComparativeRelation] PASSED. Expected [1] and Actual [5]. Comparison Type [GREATER_THAN]. Validation Type [POSITIVE]. @01-11-2021 07:30:51.0053 A

################################################################################################################################################
Starting Execution:	[92 out of 143] test cases in the current suite
Test Method:		[testPackage01.Test_NewValidationHelper.f27]
################################################################################################################################################
[ReportManager] Assertion [ValidateComparativeRelation] PASSED. Expected [11] and Actual [5]. Comparison Type [LESS_THAN]. Validation Type [POSITIVE]. @01-11-2021 07:30:51.0058 A

################################################################################################################################################
Starting Execution:	[93 out of 143] test cases in the current suite
Test Method:		[testPackage01.Test_NewValidationHelper.f28]
################################################################################################################################################
[ReportManager] Assertion [ValidateComparativeRelation] PASSED. Expected [11] and Actual [5]. Comparison Type [LESS_THAN_OR_EQUALS]. Validation Type [POSITIVE]. @01-11-2021 07:30:51.0062 A

################################################################################################################################################
Starting Execution:	[94 out of 143] test cases in the current suite
Test Method:		[testPackage01.Test_NewValidationHelper.f29]
################################################################################################################################################
[ReportManager] Assertion [ValidateComparativeRelation] PASSED. Expected [11] and Actual [11]. Comparison Type [LESS_THAN_OR_EQUALS]. Validation Type [POSITIVE]. @01-11-2021 07:30:51.0066 A

################################################################################################################################################
Starting Execution:	[95 out of 143] test cases in the current suite
Test Method:		[testPackage01.Test_NewValidationHelper.f3]
################################################################################################################################################
[ReportManager] Assertion [ValidateEquals] PASSED. Expected [1] and Actual [2]. Comparison Type [EQUALS]. Validation Type [NEGATIVE]. @01-11-2021 07:30:51.0071 A

################################################################################################################################################
Starting Execution:	[96 out of 143] test cases in the current suite
Test Method:		[testPackage01.Test_NewValidationHelper.f30]
################################################################################################################################################
[ReportManager] Assertion [ValidateComparativeRelation] FAILED. Expected [-9] and Actual [11]. Comparison Type [LESS_THAN_OR_EQUALS]. Validation Type [POSITIVE]. @01-11-2021 07:30:51.0075 A

################################################################################################################################################
Starting Execution:	[97 out of 143] test cases in the current suite
Test Method:		[testPackage01.Test_NewValidationHelper.f31]
################################################################################################################################################
[ReportManager] Assertion [ValidateTrue] PASSED. Expected [TRUE] and Actual [TRUE]. Validation Type [POSITIVE]. @01-11-2021 07:30:51.0079 A

################################################################################################################################################
Starting Execution:	[98 out of 143] test cases in the current suite
Test Method:		[testPackage01.Test_NewValidationHelper.f32]
################################################################################################################################################
[ReportManager] Assertion [ValidateTrue] PASSED. Expected [FALSE] and Actual [FALSE]. Validation Type [NEGATIVE]. @01-11-2021 07:30:51.0086 A

################################################################################################################################################
Starting Execution:	[99 out of 143] test cases in the current suite
Test Method:		[testPackage01.Test_NewValidationHelper.f33]
################################################################################################################################################
[ReportManager] Assertion [ValidateTrue] FAILED. Expected [FALSE] and Actual [TRUE]. Validation Type [NEGATIVE]. @01-11-2021 07:30:51.0090 A

################################################################################################################################################
Starting Execution:	[100 out of 143] test cases in the current suite
Test Method:		[testPackage01.Test_NewValidationHelper.f34]
################################################################################################################################################
[ReportManager] Assertion [ValidateTrue] FAILED. Expected [TRUE] and Actual [FALSE]. Validation Type [POSITIVE]. @01-11-2021 07:30:51.0094 A

################################################################################################################################################
Starting Execution:	[101 out of 143] test cases in the current suite
Test Method:		[testPackage01.Test_NewValidationHelper.f35]
################################################################################################################################################
[ReportManager] File Action [DoesFileExist] successfully performed. With the following test data [File Path: "pom.xml"]. @01-11-2021 07:30:51.0097 AM
[ReportManager] Assertion [ValidateFileExists] PASSED. Expected [File 'pom.xml' should exist, after up to '1' retries] and Actual [File exists]. Validation Type [POSITIVE]. @01-11-2021 07:30:51.0097 A

################################################################################################################################################
Starting Execution:	[102 out of 143] test cases in the current suite
Test Method:		[testPackage01.Test_NewValidationHelper.f36]
################################################################################################################################################
[ReportManager] File Action [DoesFileExist] successfully performed. With the following test data [File Path: "src/test/java/testPackage01/Test_NewValidationHelper.java"]. @01-11-2021 07:30:51.0101 AM
[ReportManager] Assertion [ValidateFileExists] PASSED. Expected [File 'src/test/java/testPackage01/Test_NewValidationHelper.java' should exist, after up to '1' retries] and Actual [File exists]. Validation Type [POSITIVE]. @01-11-2021 07:30:51.0102 A

################################################################################################################################################
Starting Execution:	[103 out of 143] test cases in the current suite
Test Method:		[testPackage01.Test_NewValidationHelper.f37]
################################################################################################################################################
[ReportManager] File Action [DoesFileExist] successfully performed. With the following test data [File Path: "pom.xml"]. @01-11-2021 07:30:51.0106 AM
[ReportManager] Assertion Failed: confirming that the file does't exist after 5 retries @01-11-2021 07:30:51.0106 AM
[ReportManager] Assertion [ValidateFileExists] FAILED. Expected [File 'pom.xml' should not exist, after up to '5' retries] and Actual [File exists]. Validation Type [NEGATIVE]. @01-11-2021 07:30:51.0106 A

################################################################################################################################################
Starting Execution:	[104 out of 143] test cases in the current suite
Test Method:		[testPackage01.Test_NewValidationHelper.f3_1]
################################################################################################################################################
[ReportManager] Assertion Passed: Checking valid user data @01-11-2021 07:30:51.0111 AM
[ReportManager] Assertion [ValidateEquals] PASSED. Expected [null] and Actual [null]. Comparison Type [EQUALS]. Validation Type [POSITIVE]. @01-11-2021 07:30:51.0111 A

################################################################################################################################################
Starting Execution:	[105 out of 143] test cases in the current suite
Test Method:		[testPackage01.Test_NewValidationHelper.f4]
################################################################################################################################################
[ReportManager] Assertion [ValidateEquals] PASSED. Expected [1] and Actual [123]. Comparison Type [CONTAINS]. Validation Type [POSITIVE]. @01-11-2021 07:30:51.0116 A

################################################################################################################################################
Starting Execution:	[106 out of 143] test cases in the current suite
Test Method:		[testPackage01.Test_NewValidationHelper.f5]
################################################################################################################################################
[ReportManager] Assertion [ValidateNull] PASSED. Expected [NULL] and Actual [1]. Comparison Type [EQUALS]. Validation Type [NEGATIVE]. @01-11-2021 07:30:51.0120 A

################################################################################################################################################
Starting Execution:	[107 out of 143] test cases in the current suite
Test Method:		[testPackage01.Test_NewValidationHelper.f6]
################################################################################################################################################
[ReportManager] Assertion Failed: Making sure that null string is not equal to null object @01-11-2021 07:30:51.0123 AM
[ReportManager] Assertion [ValidateNull] FAILED. Expected [NULL] and Actual [NULL]. Comparison Type [EQUALS]. Validation Type [POSITIVE]. @01-11-2021 07:30:51.0123 A

################################################################################################################################################
Starting Execution:	[108 out of 143] test cases in the current suite
Test Method:		[testPackage01.Test_NewValidationHelper.f6_1]
################################################################################################################################################
[ReportManager] Assertion [ValidateNull] FAILED. Expected [NULL] and Actual [NULL]. Comparison Type [EQUALS]. Validation Type [NEGATIVE]. @01-11-2021 07:30:51.0128 A

################################################################################################################################################
Starting Execution:	[109 out of 143] test cases in the current suite
Test Method:		[testPackage01.Test_NewValidationHelper.f6_2]
################################################################################################################################################
[ReportManager] Assertion Failed: Making sure that null string is not equal to null object @01-11-2021 07:30:51.0131 AM
[ReportManager] Assertion [ValidateNull] FAILED. Expected [NULL] and Actual [not null]. Comparison Type [EQUALS]. Validation Type [POSITIVE]. @01-11-2021 07:30:51.0131 A

################################################################################################################################################
Starting Execution:	[110 out of 143] test cases in the current suite
Test Method:		[testPackage01.Test_NewValidationHelper.f7]
################################################################################################################################################
[ReportManager] Assertion [ValidateNull] PASSED. Expected [NULL] and Actual [NULL]. Comparison Type [EQUALS]. Validation Type [POSITIVE]. @01-11-2021 07:30:51.0135 A
[ReportManager] File Action [GetAbsolutePath] successfully performed. With the following test data [Relative Folder Path: "target/downloadedFiles/"]. @01-11-2021 07:30:51.0138 AM
[ReportManager] Attempting to run remotely on: [Linux-64], [GoogleChrome], [http://localhost:4444/wd/hub], Headless Execution. @01-11-2021 07:30:51.0138 AM
[ReportManager] Successfully Opened [GoogleChrome]. @01-11-2021 07:30:54.0361 AM
[ReportManager] Target URL: [https://the-internet.herokuapp.com/] @01-11-2021 07:30:54.0361 AM
[ReportManager] Initial URL: [data:,] @01-11-2021 07:30:54.0450 AM
[ReportManager] Browser Action [NavigateToURL] successfully performed. With the following test data [https://the-internet.herokuapp.com/]. @01-11-2021 07:30:55.0330 A

################################################################################################################################################
Starting Execution:	[111 out of 143] test cases in the current suite
Test Method:		[testPackage01.Test_NewValidationHelper.f8]
################################################################################################################################################
[ReportManager] Loaded Shared OpenCV @01-11-2021 07:30:55.0709 AM
[ReportManager] Assertion [ValidateElementExists] PASSED. Expected [Element Should Exist, locator 'By.tagName: h1'] and Actual [Element Exists]. Comparison Type [EQUALS]. Validation Type [POSITIVE]. @01-11-2021 07:30:55.0914 AM
[ReportManager] Successfully created attachment [Screenshot - 1635751855709_f8_ValidateElementExists_passed] @01-11-2021 07:30:55.0915 A
[ReportManager] Successfully Closed All Drivers. @01-11-2021 07:30:56.0006 A
[ReportManager] File Action [GetAbsolutePath] successfully performed. With the following test data [Relative Folder Path: "target/downloadedFiles/"]. @01-11-2021 07:30:56.0008 AM
[ReportManager] Attempting to run remotely on: [Linux-64], [GoogleChrome], [http://localhost:4444/wd/hub], Headless Execution. @01-11-2021 07:30:56.0008 AM
[ReportManager] Successfully Opened [GoogleChrome]. @01-11-2021 07:30:59.0355 AM
[ReportManager] Target URL: [https://the-internet.herokuapp.com/] @01-11-2021 07:30:59.0355 AM
[ReportManager] Initial URL: [data:,] @01-11-2021 07:30:59.0415 AM
[ReportManager] Browser Action [NavigateToURL] successfully performed. With the following test data [https://the-internet.herokuapp.com/]. @01-11-2021 07:31:00.0317 A

################################################################################################################################################
Starting Execution:	[112 out of 143] test cases in the current suite
Test Method:		[testPackage01.Test_NewValidationHelper.f9]
################################################################################################################################################
[ReportManager] Assertion [ValidateElementExists] FAILED. Expected [Element Should Exist, locator 'By.tagName: h3'] and Actual [Element Doesn't Exists]. Comparison Type [EQUALS]. Validation Type [POSITIVE]. @01-11-2021 07:31:31.0380 AM
[ReportManager] Successfully created attachment [Screenshot - 1635751891190_f9_ValidateElementExists_failed] @01-11-2021 07:31:31.0381 A
[ReportManager] Successfully Closed All Drivers. @01-11-2021 07:31:31.0483 A

################################################################################################################################################
Starting Execution:	[113 out of 143] test cases in the current suite
Test Method:		[testPackage01.Test_NewValidationHelper.forceFail]
################################################################################################################################################
[ReportManager] Assertion [ValidateFail] FAILED. Successfully force failed the test. @01-11-2021 07:31:31.0487 A

################################################################################################################################################
Starting Execution:	[114 out of 143] test cases in the current suite
Test Method:		[testPackage01.Test_NewValidationHelper.forceFail2]
################################################################################################################################################
[ReportManager] Assertion Failed: Custom Message @01-11-2021 07:31:31.0492 AM
[ReportManager] Assertion [ValidateFail] FAILED. Successfully force failed the test. @01-11-2021 07:31:31.0492 A

################################################################################################################################################
Starting Execution:	[115 out of 143] test cases in the current suite
Test Method:		[testPackage01.Test_sendGraphqlRequest.sendGraphqlRequestUsingMutationAndVariables]
################################################################################################################################################
[ReportManager] GraphQl Request is being Performed with the Following Parameters [Service URL: https://api.spacex.land/graphql | Request Body: {"variables":"{\"name\": \"sherlock holmes\",\"rocket\": \"221B Baker Street\"}","query":"mutation ($name: String, $rocket: String) {\n  insert_users(objects: {name: $name, rocket: $rocket}) {\n    returning {\n      name\n      rocket\n    }\n  }\n}"}] @01-11-2021 07:31:31.0499 AM
[ReportManager] Response status code: [200], status line: [HTTP/1.1 200 OK] @01-11-2021 07:31:32.0157 AM
[ReportManager] Assertion Passed: Evaluating the actual response status code against the expected one... @01-11-2021 07:31:32.0158 AM
[ReportManager] Assertion [ValidateEquals] PASSED. Expected [200] and Actual [200]. Comparison Type [EQUALS]. Validation Type [POSITIVE]. @01-11-2021 07:31:32.0158 AM
[ReportManager] API Action [PerformRequest] successfully performed. With the following test data [Request Type: "POST" | Target Status Code: "200" | Service URL: "https://api.spacex.land/graphql" | Content Type: "application/json" | Response Time: "574ms"]. @01-11-2021 07:31:32.0173 AM
[ReportManager] Successfully created attachment [API Request - Specifications] @01-11-2021 07:31:32.0173 AM
[ReportManager] Successfully created attachment [API Request - JSON Body] @01-11-2021 07:31:32.0174 AM
[ReportManager] Successfully created attachment [API Response - JSON Body] @01-11-2021 07:31:32.0174 AM
[ReportManager] API Action [GetResponseJSONValue] successfully performed. With the following test data [data.insert_users.returning[0].name]. @01-11-2021 07:31:32.0245 AM
[ReportManager] Assertion [ValidateEquals] PASSED. Expected [sherlock holmes] and Actual [sherlock holmes]. Comparison Type [EQUALS]. Validation Type [POSITIVE]. @01-11-2021 07:31:32.0245 A

################################################################################################################################################
Starting Execution:	[116 out of 143] test cases in the current suite
Test Method:		[testPackage01.Test_sendGraphqlRequest.sendGraphqlRequestUsingQuery]
################################################################################################################################################
[ReportManager] GraphQl Request is being Performed with the Following Parameters [Service URL: https://api.spacex.land/graphql | Request Body: {"query":"{company {ceo}}"}] @01-11-2021 07:31:32.0248 AM
[ReportManager] Response status code: [200], status line: [HTTP/1.1 200 OK] @01-11-2021 07:31:32.0441 AM
[ReportManager] Assertion Passed: Evaluating the actual response status code against the expected one... @01-11-2021 07:31:32.0441 AM
[ReportManager] Assertion [ValidateEquals] PASSED. Expected [200] and Actual [200]. Comparison Type [EQUALS]. Validation Type [POSITIVE]. @01-11-2021 07:31:32.0441 AM
[ReportManager] API Action [PerformRequest] successfully performed. With the following test data [Request Type: "POST" | Target Status Code: "200" | Service URL: "https://api.spacex.land/graphql" | Content Type: "application/json" | Response Time: "186ms"]. @01-11-2021 07:31:32.0459 AM
[ReportManager] Successfully created attachment [API Request - Specifications] @01-11-2021 07:31:32.0460 AM
[ReportManager] Successfully created attachment [API Request - JSON Body] @01-11-2021 07:31:32.0460 AM
[ReportManager] Successfully created attachment [API Response - JSON Body] @01-11-2021 07:31:32.0461 AM
[ReportManager] API Action [GetResponseJSONValue] successfully performed. With the following test data [data.company.ceo]. @01-11-2021 07:31:32.0475 AM
[ReportManager] Assertion [ValidateEquals] PASSED. Expected [Elon Musk] and Actual [Elon Musk]. Comparison Type [EQUALS]. Validation Type [POSITIVE]. @01-11-2021 07:31:32.0476 A
[ReportManager] Successfully loaded the following test data file [src/test/resources/TestDataFiles/testSuite01/TestData.xlsx]. @01-11-2021 07:31:32.0535 AM
[ReportManager] Successfully created attachment [Test Data - Excel] @01-11-2021 07:31:32.0535 AM
[ReportManager] File Action [GetAbsolutePath] successfully performed. With the following test data [Relative Folder Path: "target/downloadedFiles/"]. @01-11-2021 07:31:32.0535 AM
[ReportManager] Attempting to run remotely on: [Linux-64], [GoogleChrome], [http://localhost:4444/wd/hub], Headless Execution. @01-11-2021 07:31:32.0536 AM
[ReportManager] Successfully Opened [GoogleChrome]. @01-11-2021 07:31:34.0359 A

################################################################################################################################################
Starting Execution:	[117 out of 143] test cases in the current suite
Test Method:		[testPackage01.Test_google.navigateToURLandVerifyGoogleLogoIsDisplayed]
Test Description:	[TC001 - Navigate to URL and Verify Google Logo is Displayed]
################################################################################################################################################
[ReportManager] Target URL: [https://www.google.com/ncr], and after redirection: [https://www.google.com] @01-11-2021 07:31:34.0366 AM
[ReportManager] Initial URL: [data:,] @01-11-2021 07:31:34.0424 AM
[ReportManager] Browser Action [NavigateToURL] successfully performed. With the following test data [https://www.google.com/ncr]. @01-11-2021 07:31:35.0258 AM
[ReportManager] Loaded Shared OpenCV @01-11-2021 07:31:35.0638 AM
[ReportManager] Assertion [ValidateElementExists] PASSED. Expected [Element Should Exist, locator 'By.xpath: //*[@id='hplogo' or @alt='Google']'] and Actual [Element Exists]. Comparison Type [EQUALS]. Validation Type [POSITIVE]. @01-11-2021 07:31:35.0868 AM
[ReportManager] Successfully created attachment [Screenshot - 1635751895638_navigateToURLandVerifyGoogleLogoIsDisplayed_ValidateElementExists_passed] @01-11-2021 07:31:35.0870 A

################################################################################################################################################
Starting Execution:	[118 out of 143] test cases in the current suite
Test Method:		[testPackage01.Test_google.searchForQueryandAssertResultsNumDisplayed]
Test Description:	[TC002 - Search for Query and Assert that the number of results is displayed]
################################################################################################################################################
[ReportManager] Element Action [Type] successfully performed. With the following test data [SHAFT_Engine]. @01-11-2021 07:31:36.0460 AM
[ReportManager] Element Action [KeyPress] successfully performed. With the following test data [Enter]. @01-11-2021 07:31:37.0943 AM
[ReportManager] Element Action [GetText] successfully performed. With the following test data [About 946,000 results (0.63 seconds) ]. @01-11-2021 07:31:38.0051 AM
[ReportManager] Loaded Shared OpenCV @01-11-2021 07:31:38.0350 AM
[ReportManager] Assertion [ValidateElementAttribute] PASSED. Expected [Value Should not be '' for the 'Text' attribute, element locator 'By.id: appbar'] and Actual [About 946,000 results (0.63 seconds) ]. Comparison Type [EQUALS]. Validation Type [NEGATIVE]. @01-11-2021 07:31:38.0572 AM
[ReportManager] Successfully created attachment [Screenshot - 1635751898350_searchForQueryandAssertResultsNumDisplayed_ValidateElementAttribute_passed] @01-11-2021 07:31:38.0575 A

################################################################################################################################################
Starting Execution:	[119 out of 143] test cases in the current suite
Test Method:		[testPackage01.Test_google.clickNextThrice]
Test Description:	[TC003 - Clicks the next button to make sure that the framework can scroll element into view before clicking it]
################################################################################################################################################
[ReportManager] Element Action [Click] successfully performed. With the following test data [Next]. @01-11-2021 07:31:40.0042 A
[ReportManager] Browser Action [CloseCurrentWindow] successfully performed. @01-11-2021 07:31:40.0329 AM
[ReportManager] Successfully created attachment [Browser Action Test Data - CloseCurrentWindow - Actual Value] @01-11-2021 07:31:40.0332 A
[ReportManager] File Action [GetAbsolutePath] successfully performed. With the following test data [Relative Folder Path: "target/downloadedFiles/"]. @01-11-2021 07:31:40.0334 AM
[ReportManager] Attempting to run remotely on: [Linux-64], [GoogleChrome], [http://localhost:4444/wd/hub], Headless Execution. @01-11-2021 07:31:40.0335 AM
[ReportManager] Successfully Opened [GoogleChrome]. @01-11-2021 07:31:44.0357 A

################################################################################################################################################
Starting Execution:	[120 out of 143] test cases in the current suite
Test Method:		[testPackage01.Test_ShadowDOM.shadowdom]
################################################################################################################################################
[ReportManager] Target URL: [https://mdn.github.io/web-components-examples/popup-info-box-web-component/] @01-11-2021 07:31:44.0361 AM
[ReportManager] Initial URL: [data:,] @01-11-2021 07:31:44.0410 AM
[ReportManager] Browser Action [NavigateToURL] successfully performed. With the following test data [https://mdn.github.io/web-components-examples/popup-info-box-web-component/]. @01-11-2021 07:31:44.0847 AM
[ReportManager] Element Action [Type] successfully performed. With the following test data [Typing into SHADOW DOM...]. @01-11-2021 07:31:45.0192 AM
[ReportManager] Element Action [GetText] successfully performed. With the following test data [Typing into SHADOW DOM...]. @01-11-2021 07:31:45.0314 AM
[ReportManager] Loaded Shared OpenCV @01-11-2021 07:31:45.0537 AM
[ReportManager] Assertion [ValidateElementAttribute] PASSED. Expected [Value Should be 'Typing into SHADOW DOM...' for the 'Text' attribute, element locator 'By.id: cvc'] and Actual [Typing into SHADOW DOM...]. Comparison Type [EQUALS]. Validation Type [POSITIVE]. @01-11-2021 07:31:45.0738 AM
[ReportManager] Successfully created attachment [Screenshot - 1635751905536_shadowdom_ValidateElementAttribute_passed] @01-11-2021 07:31:45.0739 A
[ReportManager] Browser Action [CloseCurrentWindow] successfully performed. @01-11-2021 07:31:45.0845 AM
[ReportManager] Successfully created attachment [Browser Action Test Data - CloseCurrentWindow - Actual Value] @01-11-2021 07:31:45.0845 A

################################################################################################################################################
Starting Execution:	[121 out of 143] test cases in the current suite
Test Method:		[testPackage01.Test_AssertApiResponseEquals.assertApiResponseEquals_expectedToPass]
################################################################################################################################################
[ReportManager] Response status code: [200], status line: [HTTP/1.1 200 OK] @01-11-2021 07:31:45.0922 AM
[ReportManager] Assertion Passed: Evaluating the actual response status code against the expected one... @01-11-2021 07:31:45.0923 AM
[ReportManager] Assertion [ValidateEquals] PASSED. Expected [200] and Actual [200]. Comparison Type [EQUALS]. Validation Type [POSITIVE]. @01-11-2021 07:31:45.0923 AM
[ReportManager] API Action [PerformRequest] successfully performed. With the following test data [Request Type: "GET" | Target Status Code: "200" | Service URL: "https://jsonplaceholder.typicode.com/users" | Content Type: "*/*" | Response Time: "65ms"]. @01-11-2021 07:31:45.0942 AM
[ReportManager] Successfully created attachment [API Request - Specifications] @01-11-2021 07:31:45.0942 AM
[ReportManager] Successfully created attachment [API Response - JSON Body] @01-11-2021 07:31:45.0943 AM
[ReportManager] API Action [GetResponseJSONValueAsList] successfully performed. With the following test data [$]. @01-11-2021 07:31:45.0947 AM
[ReportManager] API Action [GetResponseJSONValue] successfully performed. With the following test data [name]. @01-11-2021 07:31:45.0958 AM
[ReportManager] API Action [GetResponseJSONValue] successfully performed. With the following test data [email]. @01-11-2021 07:31:45.0967 AM
[ReportManager] Verification [ValidateEquals] PASSED. Expected [Sincere@april.biz] and Actual [Sincere@april.biz]. Comparison Type [EQUALS]. Validation Type [POSITIVE]. @01-11-2021 07:31:45.0967 AM
[ReportManager] API Action [GetResponseJSONValue] successfully performed. With the following test data [username]. @01-11-2021 07:31:45.0977 AM
[ReportManager] Assertion [ValidateEquals] PASSED. Expected [Bret] and Actual [Bret]. Comparison Type [EQUALS]. Validation Type [POSITIVE]. @01-11-2021 07:31:45.0977 AM
[ReportManager] API Action [GetResponseJSONValue] successfully performed. With the following test data [name]. @01-11-2021 07:31:45.0986 AM
[ReportManager] API Action [GetResponseJSONValue] successfully performed. With the following test data [name]. @01-11-2021 07:31:45.0995 AM
[ReportManager] API Action [GetResponseJSONValue] successfully performed. With the following test data [name]. @01-11-2021 07:31:46.0005 AM
[ReportManager] API Action [GetResponseJSONValue] successfully performed. With the following test data [name]. @01-11-2021 07:31:46.0014 AM
[ReportManager] API Action [GetResponseJSONValue] successfully performed. With the following test data [name]. @01-11-2021 07:31:46.0023 AM
[ReportManager] API Action [GetResponseJSONValue] successfully performed. With the following test data [name]. @01-11-2021 07:31:46.0044 AM
[ReportManager] API Action [GetResponseJSONValue] successfully performed. With the following test data [name]. @01-11-2021 07:31:46.0053 AM
[ReportManager] API Action [GetResponseJSONValue] successfully performed. With the following test data [name]. @01-11-2021 07:31:46.0062 AM
[ReportManager] API Action [GetResponseJSONValue] successfully performed. With the following test data [name]. @01-11-2021 07:31:46.0071 A
[ReportManager] File Action [GetAbsolutePath] successfully performed. With the following test data [Relative Folder Path: "target/downloadedFiles/"]. @01-11-2021 07:31:46.0074 AM
[ReportManager] Attempting to run remotely on: [Linux-64], [GoogleChrome], [http://localhost:4444/wd/hub], Headless Execution. @01-11-2021 07:31:46.0074 AM
[ReportManager] Successfully Opened [GoogleChrome]. @01-11-2021 07:31:49.0355 A

################################################################################################################################################
Starting Execution:	[122 out of 143] test cases in the current suite
Test Method:		[testPackage01.Test_IsElementClickable.testIsElementClickable]
################################################################################################################################################
[ReportManager] Target URL: [https://the-internet.herokuapp.com/] @01-11-2021 07:31:49.0358 AM
[ReportManager] Initial URL: [data:,] @01-11-2021 07:31:49.0414 AM
[ReportManager] Browser Action [NavigateToURL] successfully performed. With the following test data [https://the-internet.herokuapp.com/]. @01-11-2021 07:31:50.0213 AM
[ReportManager] Element Action [IsElementClickable] successfully performed. @01-11-2021 07:31:50.0369 AM
[ReportManager] Assertion [ValidateTrue] PASSED. Expected [TRUE] and Actual [TRUE]. Validation Type [POSITIVE]. @01-11-2021 07:31:50.0369 A
[ReportManager] Browser Action [CloseCurrentWindow] successfully performed. @01-11-2021 07:31:50.0499 AM
[ReportManager] Successfully created attachment [Browser Action Test Data - CloseCurrentWindow - Actual Value] @01-11-2021 07:31:50.0505 A

################################################################################################################################################
Starting Execution:	[123 out of 143] test cases in the current suite
Test Method:		[testPackage01.Test_JsonCompareWithSpecialCharacters.specialCharacters]
################################################################################################################################################
[ReportManager] File Action [GetAbsolutePath] successfully performed. With the following test data [Relative Folder Path: "src/test/resources/TestJsonFiles/specialCharacters.json"]. @01-11-2021 07:31:50.0511 AM
[ReportManager] File Action [ReadFromFile] successfully performed. With the following test data [File Path: "/home/runner/work/SHAFT_ENGINE/SHAFT_ENGINE/src/test/resources/TestJsonFiles/specialCharacters.json"]. @01-11-2021 07:31:50.0517 AM
[ReportManager] Successfully created attachment [File Action Actual Result - Command Log] @01-11-2021 07:31:50.0518 AM
[ReportManager] Comparing the provided API response with the file at this path "src/test/resources/TestJsonFiles/specialCharacters.json", comparison type "EQUALS" @01-11-2021 07:31:50.0518 AM
[ReportManager] API Action [CompareJSON] successfully performed. With the following test data [src/test/resources/TestJsonFiles/specialCharacters.json]. @01-11-2021 07:31:50.0535 AM
[ReportManager] File Action [GetAbsolutePath] successfully performed. With the following test data [Relative Folder Path: "src/test/resources/TestJsonFiles/specialCharacters.json"]. @01-11-2021 07:31:50.0536 AM
[ReportManager] File Action [ReadFromFile] successfully performed. With the following test data [File Path: "/home/runner/work/SHAFT_ENGINE/SHAFT_ENGINE/src/test/resources/TestJsonFiles/specialCharacters.json"]. @01-11-2021 07:31:50.0536 AM
[ReportManager] Verification [ValidateJSONFileContent] PASSED. Expected [Response data should match the JSON File in this path 'src/test/resources/TestJsonFiles/specialCharacters.json'] and Actual [TRUE]. Comparison Type [EQUALS]. Validation Type [POSITIVE]. @01-11-2021 07:31:50.0545 AM
[ReportManager] Successfully created attachment [Validation Test Data - Expected JSON Value] @01-11-2021 07:31:50.0547 AM
[ReportManager] Successfully created attachment [Validation Test Data - Actual JSON Value] @01-11-2021 07:31:50.0548 A

################################################################################################################################################
Starting Execution:	[124 out of 143] test cases in the current suite
Test Method:		[testPackage01.Test_JsonCompareWithSpecialCharacters.specialCharacters_assertion]
################################################################################################################################################
[ReportManager] File Action [GetAbsolutePath] successfully performed. With the following test data [Relative Folder Path: "src/test/resources/TestJsonFiles/specialCharacters.json"]. @01-11-2021 07:31:50.0559 AM
[ReportManager] File Action [ReadFromFile] successfully performed. With the following test data [File Path: "/home/runner/work/SHAFT_ENGINE/SHAFT_ENGINE/src/test/resources/TestJsonFiles/specialCharacters.json"]. @01-11-2021 07:31:50.0559 AM
[ReportManager] Successfully created attachment [File Action Actual Result - Command Log] @01-11-2021 07:31:50.0559 AM
[ReportManager] Comparing the provided API response with the file at this path "src/test/resources/TestJsonFiles/specialCharacters.json", comparison type "CONTAINS" @01-11-2021 07:31:50.0562 AM
[ReportManager] API Action [CompareJSON] successfully performed. With the following test data [src/test/resources/TestJsonFiles/specialCharacters.json]. @01-11-2021 07:31:50.0589 AM
[ReportManager] File Action [GetAbsolutePath] successfully performed. With the following test data [Relative Folder Path: "src/test/resources/TestJsonFiles/specialCharacters.json"]. @01-11-2021 07:31:50.0589 AM
[ReportManager] File Action [ReadFromFile] successfully performed. With the following test data [File Path: "/home/runner/work/SHAFT_ENGINE/SHAFT_ENGINE/src/test/resources/TestJsonFiles/specialCharacters.json"]. @01-11-2021 07:31:50.0589 AM
[ReportManager] Assertion Passed: trying out the log message @01-11-2021 07:31:50.0596 AM
[ReportManager] Successfully created attachment [Validation Test Data - Expected JSON Value] @01-11-2021 07:31:50.0597 AM
[ReportManager] Successfully created attachment [Validation Test Data - Actual JSON Value] @01-11-2021 07:31:50.0598 AM
[ReportManager] Assertion [ValidateJSONFileContent] PASSED. Expected [Response data should match the JSON File in this path 'src/test/resources/TestJsonFiles/specialCharacters.json'] and Actual [TRUE]. Comparison Type [CONTAINS]. Validation Type [POSITIVE]. @01-11-2021 07:31:50.0598 A
[ReportManager] File Action [GetAbsolutePath] successfully performed. With the following test data [Relative Folder Path: "target/downloadedFiles/"]. @01-11-2021 07:31:50.0604 AM
[ReportManager] Attempting to run remotely on: [Linux-64], [GoogleChrome], [http://localhost:4444/wd/hub], Headless Execution. @01-11-2021 07:31:50.0604 AM
[ReportManager] Successfully Opened [GoogleChrome]. @01-11-2021 07:31:54.0353 A

################################################################################################################################################
Starting Execution:	[125 out of 143] test cases in the current suite
Test Method:		[testPackage01.Test_assertEquals.test_assertElementAttribute]
################################################################################################################################################
[ReportManager] Target URL: [https://www.google.com/ncr], and after redirection: [https://www.google.com] @01-11-2021 07:31:54.0356 AM
[ReportManager] Initial URL: [data:,] @01-11-2021 07:31:54.0408 AM
[ReportManager] Browser Action [NavigateToURL] successfully performed. With the following test data [https://www.google.com/ncr]. @01-11-2021 07:31:55.0268 AM
[ReportManager] Element Action [Type] successfully performed. With the following test data [INC_004010050:Another SCHEDULER with the same name [Duplicate Job Name] already exists.]. @01-11-2021 07:31:56.0022 AM
[ReportManager] Element Action [GetText] successfully performed. With the following test data [INC_004010050:Another SCHEDULER with the same name [Duplicate Job Name] already exists.]. @01-11-2021 07:31:56.0161 AM
[ReportManager] Loaded Shared OpenCV @01-11-2021 07:31:56.0507 AM
[ReportManager] Assertion [ValidateElementAttribute] PASSED. Expected [Value Should be 'INC_004010050:Another SCHEDULER with the same name \[Duplicate Job Name\] already exists.' for the 'text' attribute, element locator 'By.name: q'] and Actual [INC_004010050:Another SCHEDULER with the same name [Duplicate Job Name] already exists.]. Comparison Type [MATCHES]. Validation Type [POSITIVE]. @01-11-2021 07:31:56.0748 AM
[ReportManager] Successfully created attachment [Screenshot - 1635751916507_test_assertElementAttribute_ValidateElementAttribute_passed] @01-11-2021 07:31:56.0750 A
[ReportManager] Browser Action [CloseCurrentWindow] successfully performed. @01-11-2021 07:31:56.0890 AM
[ReportManager] Successfully created attachment [Browser Action Test Data - CloseCurrentWindow - Actual Value] @01-11-2021 07:31:56.0891 A
[ReportManager] File Action [GetAbsolutePath] successfully performed. With the following test data [Relative Folder Path: "target/downloadedFiles/"]. @01-11-2021 07:31:56.0892 AM
[ReportManager] Attempting to run remotely on: [Linux-64], [GoogleChrome], [http://localhost:4444/wd/hub], Headless Execution. @01-11-2021 07:31:56.0892 AM
[ReportManager] Successfully Opened [GoogleChrome]. @01-11-2021 07:31:59.0357 A

################################################################################################################################################
Starting Execution:	[126 out of 143] test cases in the current suite
Test Method:		[testPackage01.Test_verifyEquals.test_assertElementAttribute]
################################################################################################################################################
[ReportManager] Target URL: [https://www.google.com/ncr], and after redirection: [https://www.google.com] @01-11-2021 07:31:59.0363 AM
[ReportManager] Initial URL: [data:,] @01-11-2021 07:31:59.0412 AM
[ReportManager] Browser Action [NavigateToURL] successfully performed. With the following test data [https://www.google.com/ncr]. @01-11-2021 07:32:00.0390 AM
[ReportManager] Element Action [Type] successfully performed. With the following test data [INC_004010050:Another SCHEDULER with the same name [Duplicate Job Name] already exists.]. @01-11-2021 07:32:02.0175 AM
[ReportManager] Element Action [GetText] successfully performed. With the following test data [INC_004010050:Another SCHEDULER with the same name [Duplicate Job Name] already exists.]. @01-11-2021 07:32:02.0475 AM
[ReportManager] Loaded Shared OpenCV @01-11-2021 07:32:03.0095 AM
[ReportManager] Verification [ValidateElementAttribute] PASSED. Expected [Value Should be 'INC_004010050:Another SCHEDULER with the same name \[Duplicate Job Name\] already exists.' for the 'text' attribute, element locator 'By.name: q'] and Actual [INC_004010050:Another SCHEDULER with the same name [Duplicate Job Name] already exists.]. Comparison Type [MATCHES]. Validation Type [POSITIVE]. @01-11-2021 07:32:03.0489 AM
[ReportManager] Successfully created attachment [Screenshot - 1635751923095_test_assertElementAttribute_ValidateElementAttribute_passed] @01-11-2021 07:32:03.0491 A
[ReportManager] Browser Action [CloseCurrentWindow] successfully performed. @01-11-2021 07:32:03.0716 AM
[ReportManager] Successfully created attachment [Browser Action Test Data - CloseCurrentWindow - Actual Value] @01-11-2021 07:32:03.0717 A

################################################################################################################################################
Starting Execution:	[127 out of 143] test cases in the current suite
Test Method:		[testPackage01.Test_JsonActions.f]
###############################################################################################################################################

################################################################################################################################################
Starting Execution:	[128 out of 143] test cases in the current suite
Test Method:		[testPackage01.Test_JsonActions.f2]
###############################################################################################################################################

################################################################################################################################################
Starting Execution:	[129 out of 143] test cases in the current suite
Test Method:		[testPackage01.Test_PDF.testPDF_Downloaded]
################################################################################################################################################
[ReportManager] File Action [DoesFileExist] successfully performed. With the following test data [File Path: "src/test/resources/TestDataFiles/sample.pdf"]. @01-11-2021 07:32:03.0747 AM
[ReportManager] File Action [GetAbsolutePath] successfully performed. With the following test data [Relative File Path: "src/test/resources/TestDataFiles/sample.pdf"]. @01-11-2021 07:32:03.0747 AM
[ReportManager] Assertion [ValidateTrue] PASSED. Expected [TRUE] and Actual [TRUE]. Validation Type [POSITIVE]. @01-11-2021 07:32:05.0437 A
[ReportManager] File Action [GetAbsolutePath] successfully performed. With the following test data [Relative Folder Path: "target/downloadedFiles/"]. @01-11-2021 07:32:05.0445 AM
[ReportManager] Attempting to run remotely on: [Linux-64], [GoogleChrome], [http://localhost:4444/wd/hub], Headless Execution. @01-11-2021 07:32:05.0446 AM
[ReportManager] Successfully Opened [GoogleChrome]. @01-11-2021 07:32:09.0371 A

################################################################################################################################################
Starting Execution:	[130 out of 143] test cases in the current suite
Test Method:		[testPackage01.Test_dragAndDrop.dragAndDropJquery]
################################################################################################################################################
[ReportManager] Target URL: [https://jqueryui.com/resources/demos/droppable/default.html] @01-11-2021 07:32:09.0374 AM
[ReportManager] Initial URL: [data:,] @01-11-2021 07:32:09.0434 AM
[ReportManager] Browser Action [NavigateToURL] successfully performed. With the following test data [https://jqueryui.com/resources/demos/droppable/default.html]. @01-11-2021 07:32:09.0903 AM
[ReportManager] Element Action [GetText] successfully performed. With the following test data [Drop here]. @01-11-2021 07:32:09.0999 AM
[ReportManager] Element Action [DragAndDrop] successfully performed. With the following test data [Start point: (8, 18), End point: (8, 18)]. @01-11-2021 07:32:11.0524 AM
[ReportManager] Element Action [GetText] successfully performed. With the following test data [Dropped!]. @01-11-2021 07:32:11.0602 AM
[ReportManager] Assertion Passed: Checking to see if the text has changed after performing drag and drop @01-11-2021 07:32:11.0603 AM
[ReportManager] Assertion [ValidateEquals] PASSED. Expected [Drop here] and Actual [Dropped!]. Comparison Type [EQUALS]. Validation Type [NEGATIVE]. @01-11-2021 07:32:11.0603 A
[ReportManager] Browser Action [CloseCurrentWindow] successfully performed. @01-11-2021 07:32:11.0758 AM
[ReportManager] Successfully created attachment [Browser Action Test Data - CloseCurrentWindow - Actual Value] @01-11-2021 07:32:11.0759 A
[ReportManager] File Action [GetAbsolutePath] successfully performed. With the following test data [Relative Folder Path: "target/downloadedFiles/"]. @01-11-2021 07:32:11.0763 AM
[ReportManager] Attempting to run remotely on: [Linux-64], [GoogleChrome], [http://localhost:4444/wd/hub], Headless Execution. @01-11-2021 07:32:11.0763 AM
[ReportManager] Successfully Opened [GoogleChrome]. @01-11-2021 07:32:14.0357 A

################################################################################################################################################
Starting Execution:	[131 out of 143] test cases in the current suite
Test Method:		[testPackage01.Test_dragAndDrop.dragAndDrop]
Test Description:	[TC001 - Test Drag and Drop function.]
################################################################################################################################################
[ReportManager] Target URL: [http://the-internet.herokuapp.com/drag_and_drop] @01-11-2021 07:32:14.0364 AM
[ReportManager] Initial URL: [data:,] @01-11-2021 07:32:14.0438 AM
[ReportManager] Browser Action [NavigateToURL] successfully performed. With the following test data [http://the-internet.herokuapp.com/drag_and_drop]. @01-11-2021 07:32:15.0103 AM
[ReportManager] Attempting Drag and Drop @01-11-2021 07:32:15.0103 AM
[ReportManager] Element Action [DragAndDrop] successfully performed. With the following test data [Start point: (492, 89), End point: (707, 89)]. @01-11-2021 07:32:16.0377 A
[ReportManager] Browser Action [CloseCurrentWindow] successfully performed. @01-11-2021 07:32:16.0503 AM
[ReportManager] Successfully created attachment [Browser Action Test Data - CloseCurrentWindow - Actual Value] @01-11-2021 07:32:16.0503 A
[ReportManager] File Action [GetAbsolutePath] successfully performed. With the following test data [Relative Folder Path: "target/downloadedFiles/"]. @01-11-2021 07:32:16.0505 AM
[ReportManager] Attempting to run remotely on: [Linux-64], [GoogleChrome], [http://localhost:4444/wd/hub], Headless Execution. @01-11-2021 07:32:16.0505 AM
[ReportManager] Successfully Opened [GoogleChrome]. @01-11-2021 07:32:19.0355 A

################################################################################################################################################
Starting Execution:	[132 out of 143] test cases in the current suite
Test Method:		[testPackage01.Test_dragAndDrop.dragAndDropByOffset]
Test Description:	[TC002 - Test Drag and Drop by offset function.]
################################################################################################################################################
[ReportManager] Target URL: [https://jqueryui.com/resources/demos/draggable/default.html] @01-11-2021 07:32:19.0365 AM
[ReportManager] Initial URL: [data:,] @01-11-2021 07:32:19.0477 AM
[ReportManager] Browser Action [NavigateToURL] successfully performed. With the following test data [https://jqueryui.com/resources/demos/draggable/default.html]. @01-11-2021 07:32:19.0954 AM
[ReportManager] Element Action [DragAndDropByOffset] successfully performed. With the following test data [Start point: (8, 8), End point: (108, 58)]. @01-11-2021 07:32:20.0496 A
[ReportManager] Browser Action [CloseCurrentWindow] successfully performed. @01-11-2021 07:32:20.0631 AM
[ReportManager] Successfully created attachment [Browser Action Test Data - CloseCurrentWindow - Actual Value] @01-11-2021 07:32:20.0631 A
[ReportManager] File Action [GetAbsolutePath] successfully performed. With the following test data [Relative Folder Path: "target/downloadedFiles/"]. @01-11-2021 07:32:20.0633 AM
[ReportManager] Attempting to run remotely on: [Linux-64], [GoogleChrome], [http://localhost:4444/wd/hub], Headless Execution. @01-11-2021 07:32:20.0633 AM
[ReportManager] Successfully Opened [GoogleChrome]. @01-11-2021 07:32:24.0354 A

################################################################################################################################################
Starting Execution:	[133 out of 143] test cases in the current suite
Test Method:		[testPackage01.Test_clipboardActions.typeTextAndCopyPaste]
################################################################################################################################################
[ReportManager] Target URL: [https://www.google.com/ncr], and after redirection: [https://www.google.com] @01-11-2021 07:32:24.0356 AM
[ReportManager] Initial URL: [data:,] @01-11-2021 07:32:24.0415 AM
[ReportManager] Browser Action [NavigateToURL] successfully performed. With the following test data [https://www.google.com/ncr]. @01-11-2021 07:32:25.0292 AM
[ReportManager] Element Action [Type] successfully performed. With the following test data [FIRST]. @01-11-2021 07:32:25.0786 AM
[ReportManager] Element Action [ClipboardActions] successfully performed. With the following test data [select all]. @01-11-2021 07:32:25.0869 AM
[ReportManager] Element Action [ClipboardActions] successfully performed. With the following test data [copy]. @01-11-2021 07:32:25.0965 AM
[ReportManager] Element Action [ClipboardActions] successfully performed. With the following test data [unselect]. @01-11-2021 07:32:26.0070 AM
[ReportManager] Element Action [ClipboardActions] successfully performed. With the following test data [paste]. @01-11-2021 07:32:26.0179 AM
[ReportManager] Element Action [ClipboardActions] successfully performed. With the following test data [select all]. @01-11-2021 07:32:26.0323 AM
[ReportManager] Element Action [Type] successfully performed. @01-11-2021 07:32:26.0915 AM
[ReportManager] Element Action [ClipboardActions] successfully performed. With the following test data [cut]. @01-11-2021 07:32:26.0916 AM
[ReportManager] Element Action [ClipboardActions] successfully performed. With the following test data [paste]. @01-11-2021 07:32:27.0006 AM
[ReportManager] Element Action [ClipboardActions] successfully performed. With the following test data [paste]. @01-11-2021 07:32:27.0078 A
[ReportManager] Browser Action [CloseCurrentWindow] successfully performed. @01-11-2021 07:32:27.0273 AM
[ReportManager] Successfully created attachment [Browser Action Test Data - CloseCurrentWindow - Actual Value] @01-11-2021 07:32:27.0275 A
[ReportManager] File Action [GetAbsolutePath] successfully performed. With the following test data [Relative Folder Path: "target/downloadedFiles/"]. @01-11-2021 07:32:27.0278 AM
[ReportManager] Attempting to run remotely on: [Linux-64], [GoogleChrome], [http://localhost:4444/wd/hub], Headless Execution. @01-11-2021 07:32:27.0279 AM
[ReportManager] Successfully Opened [GoogleChrome]. @01-11-2021 07:32:29.0394 A

################################################################################################################################################
Starting Execution:	[134 out of 143] test cases in the current suite
Test Method:		[testPackage01.Test_dynamicLoading.dynamicLoading_elementIsHidden]
################################################################################################################################################
[ReportManager] Target URL: [https://the-internet.herokuapp.com/dynamic_loading/1] @01-11-2021 07:32:29.0407 AM
[ReportManager] Initial URL: [data:,] @01-11-2021 07:32:29.0475 AM
[ReportManager] Browser Action [NavigateToURL] successfully performed. With the following test data [https://the-internet.herokuapp.com/dynamic_loading/1]. @01-11-2021 07:32:30.0252 AM
[ReportManager] Element Action [Click] successfully performed. With the following test data [Start]. @01-11-2021 07:32:30.0746 AM
[ReportManager] Element Action [GetText] successfully performed. With the following test data [
    Hello World!
  ]. @01-11-2021 07:32:30.0869 AM
[ReportManager] Loaded Shared OpenCV @01-11-2021 07:32:31.0127 AM
[ReportManager] Assertion [ValidateElementAttribute] PASSED. Expected [Value Should be 'Hello World!' for the 'text' attribute, element locator 'By.id: finish'] and Actual [
    Hello World!
  ]. Comparison Type [CONTAINS]. Validation Type [POSITIVE]. @01-11-2021 07:32:31.0541 AM
[ReportManager] Successfully created attachment [Screenshot - 1635751951127_dynamicLoading_elementIsHidden_ValidateElementAttribute_passed] @01-11-2021 07:32:31.0543 A
[ReportManager] Browser Action [CloseCurrentWindow] successfully performed. @01-11-2021 07:32:31.0694 AM
[ReportManager] Successfully created attachment [Browser Action Test Data - CloseCurrentWindow - Actual Value] @01-11-2021 07:32:31.0695 A
[ReportManager] File Action [GetAbsolutePath] successfully performed. With the following test data [Relative Folder Path: "target/downloadedFiles/"]. @01-11-2021 07:32:31.0699 AM
[ReportManager] Attempting to run remotely on: [Linux-64], [GoogleChrome], [http://localhost:4444/wd/hub], Headless Execution. @01-11-2021 07:32:31.0699 AM
[ReportManager] Successfully Opened [GoogleChrome]. @01-11-2021 07:32:34.0383 A

################################################################################################################################################
Starting Execution:	[135 out of 143] test cases in the current suite
Test Method:		[testPackage01.Test_dynamicLoading.dynamicLoading_elementIsRendered]
################################################################################################################################################
[ReportManager] Target URL: [https://the-internet.herokuapp.com/dynamic_loading/2] @01-11-2021 07:32:34.0386 AM
[ReportManager] Initial URL: [data:,] @01-11-2021 07:32:34.0464 AM
[ReportManager] Browser Action [NavigateToURL] successfully performed. With the following test data [https://the-internet.herokuapp.com/dynamic_loading/2]. @01-11-2021 07:32:35.0238 AM
[ReportManager] Element Action [Click] successfully performed. With the following test data [Start]. @01-11-2021 07:32:35.0778 AM
[ReportManager] Element Action [GetText] successfully performed. With the following test data [Hello World!]. @01-11-2021 07:32:40.0950 AM
[ReportManager] Loaded Shared OpenCV @01-11-2021 07:32:41.0209 AM
[ReportManager] Assertion [ValidateElementAttribute] PASSED. Expected [Value Should be 'Hello World!' for the 'text' attribute, element locator 'By.id: finish'] and Actual [Hello World!]. Comparison Type [CONTAINS]. Validation Type [POSITIVE]. @01-11-2021 07:32:41.0404 AM
[ReportManager] Successfully created attachment [Screenshot - 1635751961209_dynamicLoading_elementIsRendered_ValidateElementAttribute_passed] @01-11-2021 07:32:41.0405 A
[ReportManager] Browser Action [CloseCurrentWindow] successfully performed. @01-11-2021 07:32:41.0523 AM
[ReportManager] Successfully created attachment [Browser Action Test Data - CloseCurrentWindow - Actual Value] @01-11-2021 07:32:41.0524 A
[ReportManager] File Action [GetAbsolutePath] successfully performed. With the following test data [Relative Folder Path: "target/downloadedFiles/"]. @01-11-2021 07:32:41.0526 AM
[ReportManager] Attempting to run remotely on: [Linux-64], [GoogleChrome], [http://localhost:4444/wd/hub], Headless Execution. @01-11-2021 07:32:41.0526 AM
[ReportManager] Successfully Opened [GoogleChrome]. @01-11-2021 07:32:44.0367 A

################################################################################################################################################
Starting Execution:	[136 out of 143] test cases in the current suite
Test Method:		[testPackage01.Test_uploadFile.uploadFile_invisibleUploadInput]
################################################################################################################################################
[ReportManager] Target URL: [https://fineuploader.com/demos.html#gallery-view] @01-11-2021 07:32:44.0373 AM
[ReportManager] Initial URL: [data:,] @01-11-2021 07:32:44.0425 AM
[ReportManager] Browser Action [NavigateToURL] successfully performed. With the following test data [https://fineuploader.com/demos.html#gallery-view]. @01-11-2021 07:32:46.0355 AM
[ReportManager] File Action [GetAbsolutePath] successfully performed. With the following test data [Relative File Path: "src/main/resources/images/shaft.png"]. @01-11-2021 07:32:46.0355 AM
[ReportManager] Successfully created attachment [File Action Actual Result - Command Log] @01-11-2021 07:32:46.0355 AM
[ReportManager] Element Action [TypeFileLocationForUpload] successfully performed. With the following test data [/home/runner/work/SHAFT_ENGINE/SHAFT_ENGINE/src/main/resources/images/shaft.png]. @01-11-2021 07:32:46.0551 AM
[ReportManager] Attempting to getAttribute [src] from elementLocator [By.xpath: //div[@id='fine-uploader-gallery']//div[@class='qq-thumbnail-wrapper']/img]. @01-11-2021 07:32:46.0551 AM
[ReportManager] Element Action [GetAttribute] successfully performed. @01-11-2021 07:32:46.0706 AM
[ReportManager] Successfully created attachment [Element Action Test Data - GetAttribute - Actual Value] @01-11-2021 07:32:46.0707 AM
[ReportManager] Loaded Shared OpenCV @01-11-2021 07:32:47.0030 AM
[ReportManager] Assertion [ValidateElementAttribute] PASSED. Expected and Actual values are attached. Comparison Type [CONTAINS]. Validation Type [POSITIVE]. @01-11-2021 07:32:47.0279 AM
[ReportManager] Successfully created attachment [Validation Test Data - Expected Value] @01-11-2021 07:32:47.0279 AM
[ReportManager] Successfully created attachment [Validation Test Data - Actual Value] @01-11-2021 07:32:47.0280 AM
[ReportManager] Successfully created attachment [Screenshot - 1635751967030_uploadFile_invisibleUploadInput_ValidateElementAttribute_passed] @01-11-2021 07:32:47.0283 A
[ReportManager] Browser Action [CloseCurrentWindow] successfully performed. @01-11-2021 07:32:47.0440 AM
[ReportManager] Successfully created attachment [Browser Action Test Data - CloseCurrentWindow - Actual Value] @01-11-2021 07:32:47.0441 A
[ReportManager] File Action [GetAbsolutePath] successfully performed. With the following test data [Relative Folder Path: "target/downloadedFiles/"]. @01-11-2021 07:32:47.0444 AM
[ReportManager] Attempting to run remotely on: [Linux-64], [GoogleChrome], [http://localhost:4444/wd/hub], Headless Execution. @01-11-2021 07:32:47.0444 AM
[ReportManager] Successfully Opened [GoogleChrome]. @01-11-2021 07:32:49.0363 A

################################################################################################################################################
Starting Execution:	[137 out of 143] test cases in the current suite
Test Method:		[testPackage01.Test_uploadFile.uploadFile_visibleUploadInput]
################################################################################################################################################
[ReportManager] Target URL: [http://demo.guru99.com/test/upload/] @01-11-2021 07:32:49.0368 AM
[ReportManager] Initial URL: [data:,] @01-11-2021 07:32:49.0430 AM
[ReportManager] Browser Action [NavigateToURL] successfully performed. With the following test data [http://demo.guru99.com/test/upload/]. @01-11-2021 07:32:51.0048 AM
[ReportManager] File Action [GetAbsolutePath] successfully performed. With the following test data [Relative File Path: "src/main/resources/images/shaft.png"]. @01-11-2021 07:32:51.0048 AM
[ReportManager] Successfully created attachment [File Action Actual Result - Command Log] @01-11-2021 07:32:51.0048 AM
[ReportManager] Element Action [TypeFileLocationForUpload] successfully performed. With the following test data [/home/runner/work/SHAFT_ENGINE/SHAFT_ENGINE/src/main/resources/images/shaft.png]. @01-11-2021 07:32:51.0179 AM
[ReportManager] Element Action [Click] successfully performed. With the following test data [on]. @01-11-2021 07:32:51.0705 AM
[ReportManager] Element Action [Click] successfully performed. With the following test data [Submit File]. @01-11-2021 07:32:52.0193 AM
[ReportManager] Element Action [GetText] successfully performed. With the following test data [1 file
has been successfully uploaded.]. @01-11-2021 07:32:52.0375 AM
[ReportManager] Loaded Shared OpenCV @01-11-2021 07:32:52.0647 AM
[ReportManager] Assertion [ValidateElementAttribute] PASSED. Expected [Value Should be '1 file' for the 'Text' attribute, element locator 'By.id: res'] and Actual [1 file
has been successfully uploaded.]. Comparison Type [CONTAINS]. Validation Type [POSITIVE]. @01-11-2021 07:32:52.0845 AM
[ReportManager] Successfully created attachment [Screenshot - 1635751972647_uploadFile_visibleUploadInput_ValidateElementAttribute_passed] @01-11-2021 07:32:52.0847 A
[ReportManager] Browser Action [CloseCurrentWindow] successfully performed. @01-11-2021 07:32:52.0989 AM
[ReportManager] Successfully created attachment [Browser Action Test Data - CloseCurrentWindow - Actual Value] @01-11-2021 07:32:52.0989 A

################################################################################################################################################
Starting Execution:	[138 out of 143] test cases in the current suite
Test Method:		[testPackage01.Test_SelectedValue.multipleSelect]
################################################################################################################################################
[ReportManager] File Action [GetAbsolutePath] successfully performed. With the following test data [Relative Folder Path: "target/downloadedFiles/"]. @01-11-2021 07:32:52.0994 AM
[ReportManager] Attempting to run remotely on: [Linux-64], [GoogleChrome], [http://localhost:4444/wd/hub], Headless Execution. @01-11-2021 07:32:52.0994 AM
[ReportManager] Successfully Opened [GoogleChrome]. @01-11-2021 07:32:54.0366 AM
[ReportManager] Target URL: [https://yari-demos.prod.mdn.mozit.cloud/en-US/docs/Web/HTML/Element/select/_sample_.Advanced_select_with_multiple_features.html] @01-11-2021 07:32:54.0366 AM
[ReportManager] Initial URL: [data:,] @01-11-2021 07:32:54.0442 AM
[ReportManager] Browser Action [NavigateToURL] successfully performed. With the following test data [https://yari-demos.prod.mdn.mozit.cloud/en-US/docs/Web/HTML/Element/select/_sample_.Advanced_select_with_multiple_features.html]. @01-11-2021 07:32:54.0852 AM
[ReportManager] Element Action [Select] successfully performed. With the following test data [Dog]. @01-11-2021 07:32:55.0179 AM
[ReportManager] Element Action [Select] successfully performed. With the following test data [Cat]. @01-11-2021 07:32:55.0514 AM
[ReportManager] Element Action [GetSelectedText] successfully performed. With the following test data [DogCat]. @01-11-2021 07:32:55.0694 AM
[ReportManager] DogCat @01-11-2021 07:32:55.0695 AM
[ReportManager] Element Action [GetSelectedText] successfully performed. With the following test data [DogCat]. @01-11-2021 07:32:55.0881 AM
[ReportManager] Loaded Shared OpenCV @01-11-2021 07:32:56.0141 AM
[ReportManager] Assertion [ValidateElementAttribute] PASSED. Expected [Value Should be 'DogCat' for the 'selectedText' attribute, element locator 'By.tagName: select'] and Actual [DogCat]. Comparison Type [EQUALS]. Validation Type [POSITIVE]. @01-11-2021 07:32:56.0334 AM
[ReportManager] Successfully created attachment [Screenshot - 1635751976141_multipleSelect_ValidateElementAttribute_passed] @01-11-2021 07:32:56.0335 AM
[ReportManager] Browser Action [CloseCurrentWindow] successfully performed. @01-11-2021 07:32:56.0450 AM
[ReportManager] Successfully created attachment [Browser Action Test Data - CloseCurrentWindow - Actual Value] @01-11-2021 07:32:56.0451 A

################################################################################################################################################
Starting Execution:	[139 out of 143] test cases in the current suite
Test Method:		[testPackage01.Test_SelectedValue.simpleSelect]
################################################################################################################################################
[ReportManager] File Action [GetAbsolutePath] successfully performed. With the following test data [Relative Folder Path: "target/downloadedFiles/"]. @01-11-2021 07:32:56.0454 AM
[ReportManager] Attempting to run remotely on: [Linux-64], [GoogleChrome], [http://localhost:4444/wd/hub], Headless Execution. @01-11-2021 07:32:56.0454 AM
[ReportManager] Successfully Opened [GoogleChrome]. @01-11-2021 07:32:59.0383 AM
[ReportManager] Target URL: [https://yari-demos.prod.mdn.mozit.cloud/en-US/docs/Web/HTML/Element/select/_sample_.Basic_select.html] @01-11-2021 07:32:59.0383 AM
[ReportManager] Initial URL: [data:,] @01-11-2021 07:32:59.0462 AM
[ReportManager] Browser Action [NavigateToURL] successfully performed. With the following test data [https://yari-demos.prod.mdn.mozit.cloud/en-US/docs/Web/HTML/Element/select/_sample_.Basic_select.html]. @01-11-2021 07:32:59.0846 AM
[ReportManager] Element Action [Select] successfully performed. With the following test data [Third Value]. @01-11-2021 07:33:00.0426 AM
[ReportManager] Element Action [GetSelectedText] successfully performed. With the following test data [Third Value]. @01-11-2021 07:33:00.0730 AM
[ReportManager] Third Value @01-11-2021 07:33:00.0731 AM
[ReportManager] Element Action [GetSelectedText] successfully performed. With the following test data [Third Value]. @01-11-2021 07:33:00.0982 AM
[ReportManager] Loaded Shared OpenCV @01-11-2021 07:33:01.0493 AM
[ReportManager] Assertion [ValidateElementAttribute] PASSED. Expected [Value Should be 'Third Value' for the 'selectedText' attribute, element locator 'By.tagName: select'] and Actual [Third Value]. Comparison Type [EQUALS]. Validation Type [POSITIVE]. @01-11-2021 07:33:01.0836 AM
[ReportManager] Successfully created attachment [Screenshot - 1635751981493_simpleSelect_ValidateElementAttribute_passed] @01-11-2021 07:33:01.0837 AM
[ReportManager] Browser Action [CloseCurrentWindow] successfully performed. @01-11-2021 07:33:01.0952 AM
[ReportManager] Successfully created attachment [Browser Action Test Data - CloseCurrentWindow - Actual Value] @01-11-2021 07:33:01.0953 A

################################################################################################################################################
Starting Execution:	[140 out of 143] test cases in the current suite
Test Method:		[testPackage01.Test_JSONFileManager.readStringFromJson]
################################################################################################################################################
[ReportManager] Successfully loaded the following test data file [src/test/resources/TestDataFiles/simpleJSON.json]. @01-11-2021 07:33:01.0960 AM
[ReportManager] Successfully created attachment [Test Data - JSON] @01-11-2021 07:33:01.0961 AM
[ReportManager] Assertion [ValidateEquals] PASSED. Expected [Mohab Mohie] and Actual [Mohab Mohie]. Comparison Type [EQUALS]. Validation Type [POSITIVE]. @01-11-2021 07:33:01.0985 A
[ReportManager] Successfully loaded the following test data file [src/test/resources/TestDataFiles/testSuite01/TestData.xlsx]. @01-11-2021 07:33:02.0068 AM
[ReportManager] Successfully created attachment [Test Data - Excel] @01-11-2021 07:33:02.0069 AM
[ReportManager] Attempting to run using Playwright locally on: [Linux-64], [GoogleChrome], Headless Execution. @01-11-2021 07:33:20.0027 AM
[ReportManager] File Action [GetAbsolutePath] successfully performed. With the following test data [Relative Folder Path: "target/downloadedFiles/"]. @01-11-2021 07:33:20.0028 AM
[ReportManager] Initial window size: (1280, 720) @01-11-2021 07:33:21.0098 AM
[ReportManager] Window size after Toolkit: com.microsoft.playwright.options.ViewportSize@918162b @01-11-2021 07:33:21.0118 AM
[ReportManager] Browser Action [MaximizeWindow] successfully performed. With the following test data [New screen size is now: (1920, 1080)]. @01-11-2021 07:33:21.0119 A

################################################################################################################################################
Starting Execution:	[141 out of 143] test cases in the current suite
Test Method:		[testPackage01.Test_google_playwright.navigateToURLandVerifyGoogleLogoIsDisplayed]
Test Description:	[TC001 - Navigate to URL and Verify Google Logo is Displayed]
################################################################################################################################################
[ReportManager] Target URL: [https://www.google.com/ncr], and after redirection: [https://www.google.com] @01-11-2021 07:33:21.0121 AM
[ReportManager] Initial URL: [about:blank] @01-11-2021 07:33:21.0588 AM
[ReportManager] Browser Action [NavigateToURL] successfully performed. With the following test data [https://www.google.com/ncr]. @01-11-2021 07:33:24.0335 AM
[ReportManager] Loaded Shared OpenCV @01-11-2021 07:33:24.0606 AM
[ReportManager] Assertion [ValidateElementExists] PASSED. Expected [Element Should Exist, locator 'xpath=//*[@id='hplogo' or @alt='Google']'] and Actual [Element Exists]. Comparison Type [EQUALS]. Validation Type [POSITIVE]. @01-11-2021 07:33:24.0812 AM
[ReportManager] Successfully created attachment [Screenshot - 1635752004602_navigateToURLandVerifyGoogleLogoIsDisplayed_ValidateElementExists_passed] @01-11-2021 07:33:24.0817 A

################################################################################################################################################
Starting Execution:	[142 out of 143] test cases in the current suite
Test Method:		[testPackage01.Test_google_playwright.searchForQueryandAssertResultsNumDisplayed]
Test Description:	[TC002 - Search for Query and Assert that the number of results is displayed]
################################################################################################################################################
[ReportManager] Element Action [Type] successfully performed. With the following test data [SHAFT_Engine]. @01-11-2021 07:33:25.0269 AM
[ReportManager] Element Action [KeyPress] successfully performed. With the following test data [Enter]. @01-11-2021 07:33:25.0315 AM
[ReportManager] Element Action [GetText] successfully performed. With the following test data [About 946,000 results (0.54 seconds)]. @01-11-2021 07:33:26.0066 AM
[ReportManager] Loaded Shared OpenCV @01-11-2021 07:33:28.0200 AM
[ReportManager] Assertion [ValidateElementAttribute] PASSED. Expected [Value Should not be '' for the 'text' attribute, element locator 'xpath=//div[@id='appbar']'] and Actual [About 946,000 results (0.54 seconds)]. Comparison Type [EQUALS]. Validation Type [NEGATIVE]. @01-11-2021 07:33:28.0419 AM
[ReportManager] Successfully created attachment [Screenshot - 1635752008198_searchForQueryandAssertResultsNumDisplayed_ValidateElementAttribute_passed] @01-11-2021 07:33:28.0422 A

################################################################################################################################################
Starting Execution:	[143 out of 143] test cases in the current suite
Test Method:		[testPackage01.Test_google_playwright.clickNextThrice]
Test Description:	[TC003 - Clicks the next button to make sure that the framework can scroll element into view before clicking it]
################################################################################################################################################
[ReportManager] Element Action [Click] successfully performed. With the following test data [Next]. @01-11-2021 07:33:28.0650 A
[ReportManager] Failed to find video recording. @01-11-2021 07:33:28.0653 AM
[ReportManager] Successfully Closed PlayWright Driver. @01-11-2021 07:33:28.0723 A

################################################################################################################################################
Test Closure Activities
################################################################################################################################################
[ReportManager] Successfully created attachment [SHAFT Engine Logs - Execution log] @01-11-2021 07:33:28.0744 AM

################################################################################################################################################
This test run was powered by SHAFT Engine Version: [SHAFT Engine v5.4.20211030-BETA]
SHAFT Engine is licensed under the MIT License: [https://github.com/MohabMohie/SHAFT_ENGINE/blob/master/LICENSE].
################################################################################################################################################