################################################################################################################################################
Detected SHAFT Engine Version: [SHAFT Engine v5.3.20210902]
################################################################################################################################################

################################################################################################################################################
Starting Execution:	[1 out of 144] test cases in the current suite
Test Method:		[unitTests.tests_validations_assertions.assertComparativeRelation_greaterThanOrEquals_false_equals_expectedToFail]
################################################################################################################################################
[ReportManager] Assertion [ValidateComparativeRelation] FAILED. Expected [1] and Actual [1]. Comparison Type [GREATER_THAN_OR_EQUALS]. Validation Type [NEGATIVE]. @04-10-2021 22:49:04.0506 P

################################################################################################################################################
Starting Execution:	[2 out of 144] test cases in the current suite
Test Method:		[unitTests.tests_validations_assertions.assertComparativeRelation_greaterThanOrEquals_false_equals_expectedToPass]
################################################################################################################################################
[ReportManager] Assertion [ValidateComparativeRelation] PASSED. Expected [2] and Actual [1]. Comparison Type [GREATER_THAN_OR_EQUALS]. Validation Type [NEGATIVE]. @04-10-2021 22:49:04.0596 P

################################################################################################################################################
Starting Execution:	[3 out of 144] test cases in the current suite
Test Method:		[unitTests.tests_validations_assertions.assertComparativeRelation_greaterThanOrEquals_false_greaterThan_expectedToFail]
################################################################################################################################################
[ReportManager] Assertion [ValidateComparativeRelation] FAILED. Expected [1] and Actual [2]. Comparison Type [GREATER_THAN_OR_EQUALS]. Validation Type [NEGATIVE]. @04-10-2021 22:49:04.0603 P

################################################################################################################################################
Starting Execution:	[4 out of 144] test cases in the current suite
Test Method:		[unitTests.tests_validations_assertions.assertComparativeRelation_greaterThanOrEquals_false_greaterThan_expectedToPass]
################################################################################################################################################
[ReportManager] Assertion [ValidateComparativeRelation] PASSED. Expected [2] and Actual [1]. Comparison Type [GREATER_THAN_OR_EQUALS]. Validation Type [NEGATIVE]. @04-10-2021 22:49:04.0610 P

################################################################################################################################################
Starting Execution:	[5 out of 144] test cases in the current suite
Test Method:		[unitTests.tests_validations_assertions.assertComparativeRelation_greaterThanOrEquals_true_equals_expectedToFail]
################################################################################################################################################
[ReportManager] Assertion [ValidateComparativeRelation] FAILED. Expected [1] and Actual [0]. Comparison Type [GREATER_THAN_OR_EQUALS]. Validation Type [POSITIVE]. @04-10-2021 22:49:04.0616 P

################################################################################################################################################
Starting Execution:	[6 out of 144] test cases in the current suite
Test Method:		[unitTests.tests_validations_assertions.assertComparativeRelation_greaterThanOrEquals_true_equals_expectedToPass]
################################################################################################################################################
[ReportManager] Assertion [ValidateComparativeRelation] PASSED. Expected [1] and Actual [1]. Comparison Type [GREATER_THAN_OR_EQUALS]. Validation Type [POSITIVE]. @04-10-2021 22:49:04.0621 P

################################################################################################################################################
Starting Execution:	[7 out of 144] test cases in the current suite
Test Method:		[unitTests.tests_validations_assertions.assertComparativeRelation_greaterThanOrEquals_true_greaterThan_expectedToFail]
################################################################################################################################################
[ReportManager] Assertion [ValidateComparativeRelation] FAILED. Expected [2] and Actual [1]. Comparison Type [GREATER_THAN_OR_EQUALS]. Validation Type [POSITIVE]. @04-10-2021 22:49:04.0627 P

################################################################################################################################################
Starting Execution:	[8 out of 144] test cases in the current suite
Test Method:		[unitTests.tests_validations_assertions.assertComparativeRelation_greaterThanOrEquals_true_greaterThan_expectedToPass]
################################################################################################################################################
[ReportManager] Assertion [ValidateComparativeRelation] PASSED. Expected [1] and Actual [2]. Comparison Type [GREATER_THAN_OR_EQUALS]. Validation Type [POSITIVE]. @04-10-2021 22:49:04.0631 P
[ReportManager] File Action [GetAbsolutePath] successfully performed. With the following test data [Relative Folder Path: "target/downloadedFiles/"]. @04-10-2021 22:49:04.0641 PM
[ReportManager] Attempting to run remotely on: [Linux-64], [GoogleChrome], [http://localhost:4444/wd/hub], Headless Execution. @04-10-2021 22:49:04.0669 PM
[ReportManager] Successfully Opened [GoogleChrome]. @04-10-2021 22:49:06.0012 PM
[ReportManager] Target URL: [https://www.google.com/ncr], and after redirection: [www.google.com] @04-10-2021 22:49:06.0055 PM
[ReportManager] Initial URL: [data:,] @04-10-2021 22:49:06.0159 PM
[ReportManager] Browser Action [NavigateToURL] successfully performed. With the following test data [https://www.google.com/ncr]. @04-10-2021 22:49:07.0363 P

################################################################################################################################################
Starting Execution:	[9 out of 144] test cases in the current suite
Test Method:		[unitTests.tests_validations_assertions.assertElementAttribute_false_caseInsensitiveComparison_expectedToFail]
################################################################################################################################################
[ReportManager] Element Action [Type] successfully performed. With the following test data [AUTOMATION]. @04-10-2021 22:49:07.0848 PM
[ReportManager] Element Action [GetText] successfully performed. With the following test data [AUTOMATION]. @04-10-2021 22:49:07.0996 PM
[ReportManager] Loaded Shared OpenCV @04-10-2021 22:49:08.0651 PM
[ReportManager] Assertion [ValidateElementAttribute] FAILED. Expected [Value Should not be 'AutomaTion' for the 'text' attribute, element locator 'By.name: q'] and Actual [AUTOMATION]. Comparison Type [CASE_INSENSITIVE]. Validation Type [NEGATIVE]. @04-10-2021 22:49:08.0925 PM
[ReportManager] Successfully created attachment [Screenshot - 1633387748213_assertElementAttribute_false_caseInsensitiveComparison_expectedToFail_ValidateElementAttribute_failed] @04-10-2021 22:49:08.0941 P
[ReportManager] Browser Action [CloseCurrentWindow] successfully performed. @04-10-2021 22:49:09.0134 PM
[ReportManager] Successfully created attachment [Browser Action Test Data - CloseCurrentWindow - Actual Value] @04-10-2021 22:49:09.0144 P
[ReportManager] File Action [GetAbsolutePath] successfully performed. With the following test data [Relative Folder Path: "target/downloadedFiles/"]. @04-10-2021 22:49:09.0161 PM
[ReportManager] Attempting to run remotely on: [Linux-64], [GoogleChrome], [http://localhost:4444/wd/hub], Headless Execution. @04-10-2021 22:49:09.0161 PM
[ReportManager] Successfully Opened [GoogleChrome]. @04-10-2021 22:49:09.0476 PM
[ReportManager] Target URL: [https://www.google.com/ncr], and after redirection: [www.google.com] @04-10-2021 22:49:09.0506 PM
[ReportManager] Initial URL: [data:,] @04-10-2021 22:49:09.0570 PM
[ReportManager] Browser Action [NavigateToURL] successfully performed. With the following test data [https://www.google.com/ncr]. @04-10-2021 22:49:10.0824 P

################################################################################################################################################
Starting Execution:	[10 out of 144] test cases in the current suite
Test Method:		[unitTests.tests_validations_assertions.assertElementAttribute_false_caseInsensitiveComparison_expectedToPass]
################################################################################################################################################
[ReportManager] Element Action [Type] successfully performed. With the following test data [AUTOMATION]. @04-10-2021 22:49:11.0236 PM
[ReportManager] Element Action [GetText] successfully performed. With the following test data [AUTOMATION]. @04-10-2021 22:49:11.0371 PM
[ReportManager] Loaded Shared OpenCV @04-10-2021 22:49:11.0527 PM
[ReportManager] Assertion [ValidateElementAttribute] PASSED. Expected [Value Should not be 'AutomaTion123' for the 'text' attribute, element locator 'By.name: q'] and Actual [AUTOMATION]. Comparison Type [CASE_INSENSITIVE]. Validation Type [NEGATIVE]. @04-10-2021 22:49:11.0667 PM
[ReportManager] Successfully created attachment [Screenshot - 1633387751527_assertElementAttribute_false_caseInsensitiveComparison_expectedToPass_ValidateElementAttribute_passed] @04-10-2021 22:49:11.0670 P
[ReportManager] Browser Action [CloseCurrentWindow] successfully performed. @04-10-2021 22:49:11.0826 PM
[ReportManager] Successfully created attachment [Browser Action Test Data - CloseCurrentWindow - Actual Value] @04-10-2021 22:49:11.0828 P
[ReportManager] File Action [GetAbsolutePath] successfully performed. With the following test data [Relative Folder Path: "target/downloadedFiles/"]. @04-10-2021 22:49:11.0844 PM
[ReportManager] Attempting to run remotely on: [Linux-64], [GoogleChrome], [http://localhost:4444/wd/hub], Headless Execution. @04-10-2021 22:49:11.0845 PM
[ReportManager] Successfully Opened [GoogleChrome]. @04-10-2021 22:49:12.0068 PM
[ReportManager] Target URL: [https://www.google.com/ncr], and after redirection: [www.google.com] @04-10-2021 22:49:12.0085 PM
[ReportManager] Initial URL: [data:,] @04-10-2021 22:49:12.0146 PM
[ReportManager] Browser Action [NavigateToURL] successfully performed. With the following test data [https://www.google.com/ncr]. @04-10-2021 22:49:12.0946 P

################################################################################################################################################
Starting Execution:	[11 out of 144] test cases in the current suite
Test Method:		[unitTests.tests_validations_assertions.assertElementAttribute_false_containsComparison_expectedToFail]
################################################################################################################################################
[ReportManager] Element Action [Type] successfully performed. With the following test data [Automation123]. @04-10-2021 22:49:13.0314 PM
[ReportManager] Element Action [GetText] successfully performed. With the following test data [Automation123]. @04-10-2021 22:49:13.0437 PM
[ReportManager] Loaded Shared OpenCV @04-10-2021 22:49:13.0586 PM
[ReportManager] Assertion [ValidateElementAttribute] FAILED. Expected [Value Should not be 'Automation' for the 'text' attribute, element locator 'By.name: q'] and Actual [Automation123]. Comparison Type [CONTAINS]. Validation Type [NEGATIVE]. @04-10-2021 22:49:13.0662 PM
[ReportManager] Successfully created attachment [Screenshot - 1633387753586_assertElementAttribute_false_containsComparison_expectedToFail_ValidateElementAttribute_failed] @04-10-2021 22:49:13.0663 P
[ReportManager] Browser Action [CloseCurrentWindow] successfully performed. @04-10-2021 22:49:13.0809 PM
[ReportManager] Successfully created attachment [Browser Action Test Data - CloseCurrentWindow - Actual Value] @04-10-2021 22:49:13.0810 P
[ReportManager] File Action [GetAbsolutePath] successfully performed. With the following test data [Relative Folder Path: "target/downloadedFiles/"]. @04-10-2021 22:49:13.0821 PM
[ReportManager] Attempting to run remotely on: [Linux-64], [GoogleChrome], [http://localhost:4444/wd/hub], Headless Execution. @04-10-2021 22:49:13.0821 PM
[ReportManager] Successfully Opened [GoogleChrome]. @04-10-2021 22:49:14.0037 PM
[ReportManager] Target URL: [https://www.google.com/ncr], and after redirection: [www.google.com] @04-10-2021 22:49:14.0069 PM
[ReportManager] Initial URL: [data:,] @04-10-2021 22:49:14.0134 PM
[ReportManager] Browser Action [NavigateToURL] successfully performed. With the following test data [https://www.google.com/ncr]. @04-10-2021 22:49:14.0985 P

################################################################################################################################################
Starting Execution:	[12 out of 144] test cases in the current suite
Test Method:		[unitTests.tests_validations_assertions.assertElementAttribute_false_containsComparison_expectedToPass]
################################################################################################################################################
[ReportManager] Element Action [Type] successfully performed. With the following test data [Automation123]. @04-10-2021 22:49:15.0357 PM
[ReportManager] Element Action [GetText] successfully performed. With the following test data [Automation123]. @04-10-2021 22:49:15.0474 PM
[ReportManager] Loaded Shared OpenCV @04-10-2021 22:49:15.0601 PM
[ReportManager] Assertion [ValidateElementAttribute] PASSED. Expected [Value Should not be 'Automation1234' for the 'text' attribute, element locator 'By.name: q'] and Actual [Automation123]. Comparison Type [CONTAINS]. Validation Type [NEGATIVE]. @04-10-2021 22:49:15.0666 PM
[ReportManager] Successfully created attachment [Screenshot - 1633387755601_assertElementAttribute_false_containsComparison_expectedToPass_ValidateElementAttribute_passed] @04-10-2021 22:49:15.0667 P
[ReportManager] Browser Action [CloseCurrentWindow] successfully performed. @04-10-2021 22:49:15.0803 PM
[ReportManager] Successfully created attachment [Browser Action Test Data - CloseCurrentWindow - Actual Value] @04-10-2021 22:49:15.0804 P
[ReportManager] File Action [GetAbsolutePath] successfully performed. With the following test data [Relative Folder Path: "target/downloadedFiles/"]. @04-10-2021 22:49:15.0807 PM
[ReportManager] Attempting to run remotely on: [Linux-64], [GoogleChrome], [http://localhost:4444/wd/hub], Headless Execution. @04-10-2021 22:49:15.0808 PM
[ReportManager] Successfully Opened [GoogleChrome]. @04-10-2021 22:49:16.0018 PM
[ReportManager] Target URL: [https://www.google.com/ncr], and after redirection: [www.google.com] @04-10-2021 22:49:16.0033 PM
[ReportManager] Initial URL: [data:,] @04-10-2021 22:49:16.0084 PM
[ReportManager] Browser Action [NavigateToURL] successfully performed. With the following test data [https://www.google.com/ncr]. @04-10-2021 22:49:16.0835 P

################################################################################################################################################
Starting Execution:	[13 out of 144] test cases in the current suite
Test Method:		[unitTests.tests_validations_assertions.assertElementAttribute_false_literalComparison_expectedToFail]
################################################################################################################################################
[ReportManager] Element Action [Type] successfully performed. With the following test data [Automation!@#$%^&*()_+{}[]\';/.,]. @04-10-2021 22:49:17.0295 PM
[ReportManager] Element Action [GetText] successfully performed. With the following test data [Automation!@#$%^&*()_+{}[]\';/.,]. @04-10-2021 22:49:17.0416 PM
[ReportManager] Loaded Shared OpenCV @04-10-2021 22:49:17.0560 PM
[ReportManager] Assertion [ValidateElementAttribute] PASSED. Expected [Value Should not be 'Automation!@#$%^&*()_+{}[]\\';/.,' for the 'text' attribute, element locator 'By.name: q'] and Actual [Automation!@#$%^&*()_+{}[]\';/.,]. Comparison Type [EQUALS]. Validation Type [NEGATIVE]. @04-10-2021 22:49:17.0629 PM
[ReportManager] Successfully created attachment [Screenshot - 1633387757560_assertElementAttribute_false_literalComparison_expectedToFail_ValidateElementAttribute_passed] @04-10-2021 22:49:17.0630 P
[ReportManager] Browser Action [CloseCurrentWindow] successfully performed. @04-10-2021 22:49:17.0764 PM
[ReportManager] Successfully created attachment [Browser Action Test Data - CloseCurrentWindow - Actual Value] @04-10-2021 22:49:17.0766 P
[ReportManager] File Action [GetAbsolutePath] successfully performed. With the following test data [Relative Folder Path: "target/downloadedFiles/"]. @04-10-2021 22:49:17.0780 PM
[ReportManager] Attempting to run remotely on: [Linux-64], [GoogleChrome], [http://localhost:4444/wd/hub], Headless Execution. @04-10-2021 22:49:17.0781 PM
[ReportManager] Successfully Opened [GoogleChrome]. @04-10-2021 22:49:17.0976 PM
[ReportManager] Target URL: [https://www.google.com/ncr], and after redirection: [www.google.com] @04-10-2021 22:49:17.0995 PM
[ReportManager] Initial URL: [data:,] @04-10-2021 22:49:18.0050 PM
[ReportManager] Browser Action [NavigateToURL] successfully performed. With the following test data [https://www.google.com/ncr]. @04-10-2021 22:49:18.0858 P

################################################################################################################################################
Starting Execution:	[14 out of 144] test cases in the current suite
Test Method:		[unitTests.tests_validations_assertions.assertElementAttribute_false_literalComparison_expectedToPass]
################################################################################################################################################
[ReportManager] Element Action [Type] successfully performed. With the following test data [Automation!@#$%^&*()_+{}[]\';/.,]. @04-10-2021 22:49:19.0296 PM
[ReportManager] Element Action [GetText] successfully performed. With the following test data [Automation!@#$%^&*()_+{}[]\';/.,]. @04-10-2021 22:49:19.0411 PM
[ReportManager] Loaded Shared OpenCV @04-10-2021 22:49:19.0559 PM
[ReportManager] Assertion [ValidateElementAttribute] PASSED. Expected [Value Should not be 'Automation' for the 'text' attribute, element locator 'By.name: q'] and Actual [Automation!@#$%^&*()_+{}[]\';/.,]. Comparison Type [EQUALS]. Validation Type [NEGATIVE]. @04-10-2021 22:49:19.0627 PM
[ReportManager] Successfully created attachment [Screenshot - 1633387759559_assertElementAttribute_false_literalComparison_expectedToPass_ValidateElementAttribute_passed] @04-10-2021 22:49:19.0629 P
[ReportManager] Browser Action [CloseCurrentWindow] successfully performed. @04-10-2021 22:49:19.0758 PM
[ReportManager] Successfully created attachment [Browser Action Test Data - CloseCurrentWindow - Actual Value] @04-10-2021 22:49:19.0759 P
[ReportManager] File Action [GetAbsolutePath] successfully performed. With the following test data [Relative Folder Path: "target/downloadedFiles/"]. @04-10-2021 22:49:19.0762 PM
[ReportManager] Attempting to run remotely on: [Linux-64], [GoogleChrome], [http://localhost:4444/wd/hub], Headless Execution. @04-10-2021 22:49:19.0762 PM
[ReportManager] Successfully Opened [GoogleChrome]. @04-10-2021 22:49:20.0010 PM
[ReportManager] Target URL: [https://www.google.com/ncr], and after redirection: [www.google.com] @04-10-2021 22:49:20.0028 PM
[ReportManager] Initial URL: [data:,] @04-10-2021 22:49:20.0092 PM
[ReportManager] Browser Action [NavigateToURL] successfully performed. With the following test data [https://www.google.com/ncr]. @04-10-2021 22:49:20.0859 P

################################################################################################################################################
Starting Execution:	[15 out of 144] test cases in the current suite
Test Method:		[unitTests.tests_validations_assertions.assertElementAttribute_false_regexComparison_expectedToFail]
################################################################################################################################################
[ReportManager] Element Action [Type] successfully performed. With the following test data [Automation123]. @04-10-2021 22:49:21.0192 PM
[ReportManager] Element Action [GetText] successfully performed. With the following test data [Automation123]. @04-10-2021 22:49:21.0290 PM
[ReportManager] Loaded Shared OpenCV @04-10-2021 22:49:21.0433 PM
[ReportManager] Assertion [ValidateElementAttribute] FAILED. Expected [Value Should not be 'Automation.*' for the 'text' attribute, element locator 'By.name: q'] and Actual [Automation123]. Comparison Type [MATCHES]. Validation Type [NEGATIVE]. @04-10-2021 22:49:21.0506 PM
[ReportManager] Successfully created attachment [Screenshot - 1633387761433_assertElementAttribute_false_regexComparison_expectedToFail_ValidateElementAttribute_failed] @04-10-2021 22:49:21.0507 P
[ReportManager] Browser Action [CloseCurrentWindow] successfully performed. @04-10-2021 22:49:21.0630 PM
[ReportManager] Successfully created attachment [Browser Action Test Data - CloseCurrentWindow - Actual Value] @04-10-2021 22:49:21.0631 P
[ReportManager] File Action [GetAbsolutePath] successfully performed. With the following test data [Relative Folder Path: "target/downloadedFiles/"]. @04-10-2021 22:49:21.0635 PM
[ReportManager] Attempting to run remotely on: [Linux-64], [GoogleChrome], [http://localhost:4444/wd/hub], Headless Execution. @04-10-2021 22:49:21.0635 PM
[ReportManager] Successfully Opened [GoogleChrome]. @04-10-2021 22:49:21.0825 PM
[ReportManager] Target URL: [https://www.google.com/ncr], and after redirection: [www.google.com] @04-10-2021 22:49:21.0843 PM
[ReportManager] Initial URL: [data:,] @04-10-2021 22:49:21.0895 PM
[ReportManager] Browser Action [NavigateToURL] successfully performed. With the following test data [https://www.google.com/ncr]. @04-10-2021 22:49:22.0735 P

################################################################################################################################################
Starting Execution:	[16 out of 144] test cases in the current suite
Test Method:		[unitTests.tests_validations_assertions.assertElementAttribute_false_regexComparison_expectedToPass]
################################################################################################################################################
[ReportManager] Element Action [Type] successfully performed. With the following test data [Automation123]. @04-10-2021 22:49:23.0071 PM
[ReportManager] Element Action [GetText] successfully performed. With the following test data [Automation123]. @04-10-2021 22:49:23.0178 PM
[ReportManager] Loaded Shared OpenCV @04-10-2021 22:49:23.0299 PM
[ReportManager] Assertion [ValidateElementAttribute] PASSED. Expected [Value Should not be 'Automation' for the 'text' attribute, element locator 'By.name: q'] and Actual [Automation123]. Comparison Type [MATCHES]. Validation Type [NEGATIVE]. @04-10-2021 22:49:23.0364 PM
[ReportManager] Successfully created attachment [Screenshot - 1633387763299_assertElementAttribute_false_regexComparison_expectedToPass_ValidateElementAttribute_passed] @04-10-2021 22:49:23.0365 P
[ReportManager] Browser Action [CloseCurrentWindow] successfully performed. @04-10-2021 22:49:23.0509 PM
[ReportManager] Successfully created attachment [Browser Action Test Data - CloseCurrentWindow - Actual Value] @04-10-2021 22:49:23.0510 P
[ReportManager] File Action [GetAbsolutePath] successfully performed. With the following test data [Relative Folder Path: "target/downloadedFiles/"]. @04-10-2021 22:49:23.0516 PM
[ReportManager] Attempting to run remotely on: [Linux-64], [GoogleChrome], [http://localhost:4444/wd/hub], Headless Execution. @04-10-2021 22:49:23.0516 PM
[ReportManager] Successfully Opened [GoogleChrome]. @04-10-2021 22:49:23.0701 PM
[ReportManager] Target URL: [https://www.google.com/ncr], and after redirection: [www.google.com] @04-10-2021 22:49:23.0716 PM
[ReportManager] Initial URL: [data:,] @04-10-2021 22:49:23.0778 PM
[ReportManager] Browser Action [NavigateToURL] successfully performed. With the following test data [https://www.google.com/ncr]. @04-10-2021 22:49:24.0594 P

################################################################################################################################################
Starting Execution:	[17 out of 144] test cases in the current suite
Test Method:		[unitTests.tests_validations_assertions.assertElementAttribute_true_caseInsensitiveComparison_expectedToFail]
################################################################################################################################################
[ReportManager] Element Action [Type] successfully performed. With the following test data [AUTOMATION]. @04-10-2021 22:49:24.0932 PM
[ReportManager] Element Action [GetText] successfully performed. With the following test data [AUTOMATION]. @04-10-2021 22:49:25.0058 PM
[ReportManager] Loaded Shared OpenCV @04-10-2021 22:49:25.0191 PM
[ReportManager] Assertion [ValidateElementAttribute] FAILED. Expected [Value Should be 'AutomaTion123' for the 'text' attribute, element locator 'By.name: q'] and Actual [AUTOMATION]. Comparison Type [CASE_INSENSITIVE]. Validation Type [POSITIVE]. @04-10-2021 22:49:25.0259 PM
[ReportManager] Successfully created attachment [Screenshot - 1633387765191_assertElementAttribute_true_caseInsensitiveComparison_expectedToFail_ValidateElementAttribute_failed] @04-10-2021 22:49:25.0260 P
[ReportManager] Browser Action [CloseCurrentWindow] successfully performed. @04-10-2021 22:49:25.0403 PM
[ReportManager] Successfully created attachment [Browser Action Test Data - CloseCurrentWindow - Actual Value] @04-10-2021 22:49:25.0404 P
[ReportManager] File Action [GetAbsolutePath] successfully performed. With the following test data [Relative Folder Path: "target/downloadedFiles/"]. @04-10-2021 22:49:25.0406 PM
[ReportManager] Attempting to run remotely on: [Linux-64], [GoogleChrome], [http://localhost:4444/wd/hub], Headless Execution. @04-10-2021 22:49:25.0408 PM
[ReportManager] Successfully Opened [GoogleChrome]. @04-10-2021 22:49:25.0627 PM
[ReportManager] Target URL: [https://www.google.com/ncr], and after redirection: [www.google.com] @04-10-2021 22:49:25.0639 PM
[ReportManager] Initial URL: [data:,] @04-10-2021 22:49:25.0679 PM
[ReportManager] Browser Action [NavigateToURL] successfully performed. With the following test data [https://www.google.com/ncr]. @04-10-2021 22:49:26.0402 P

################################################################################################################################################
Starting Execution:	[18 out of 144] test cases in the current suite
Test Method:		[unitTests.tests_validations_assertions.assertElementAttribute_true_caseInsensitiveComparison_expectedToPass]
################################################################################################################################################
[ReportManager] Element Action [Type] successfully performed. With the following test data [AUTOMATION]. @04-10-2021 22:49:26.0740 PM
[ReportManager] Element Action [GetText] successfully performed. With the following test data [AUTOMATION]. @04-10-2021 22:49:26.0828 PM
[ReportManager] Loaded Shared OpenCV @04-10-2021 22:49:26.0958 PM
[ReportManager] Assertion [ValidateElementAttribute] PASSED. Expected [Value Should be 'AutomaTion' for the 'text' attribute, element locator 'By.name: q'] and Actual [AUTOMATION]. Comparison Type [CASE_INSENSITIVE]. Validation Type [POSITIVE]. @04-10-2021 22:49:27.0026 PM
[ReportManager] Successfully created attachment [Screenshot - 1633387766958_assertElementAttribute_true_caseInsensitiveComparison_expectedToPass_ValidateElementAttribute_passed] @04-10-2021 22:49:27.0027 P
[ReportManager] Browser Action [CloseCurrentWindow] successfully performed. @04-10-2021 22:49:27.0150 PM
[ReportManager] Successfully created attachment [Browser Action Test Data - CloseCurrentWindow - Actual Value] @04-10-2021 22:49:27.0150 P
[ReportManager] File Action [GetAbsolutePath] successfully performed. With the following test data [Relative Folder Path: "target/downloadedFiles/"]. @04-10-2021 22:49:27.0153 PM
[ReportManager] Attempting to run remotely on: [Linux-64], [GoogleChrome], [http://localhost:4444/wd/hub], Headless Execution. @04-10-2021 22:49:27.0153 PM
[ReportManager] Successfully Opened [GoogleChrome]. @04-10-2021 22:49:27.0345 PM
[ReportManager] Target URL: [https://www.google.com/ncr], and after redirection: [www.google.com] @04-10-2021 22:49:27.0356 PM
[ReportManager] Initial URL: [data:,] @04-10-2021 22:49:27.0397 PM
[ReportManager] Browser Action [NavigateToURL] successfully performed. With the following test data [https://www.google.com/ncr]. @04-10-2021 22:49:28.0162 P

################################################################################################################################################
Starting Execution:	[19 out of 144] test cases in the current suite
Test Method:		[unitTests.tests_validations_assertions.assertElementAttribute_true_containsComparison_expectedToFail]
################################################################################################################################################
[ReportManager] Element Action [Type] successfully performed. With the following test data [Automation123]. @04-10-2021 22:49:28.0483 PM
[ReportManager] Element Action [GetText] successfully performed. With the following test data [Automation123]. @04-10-2021 22:49:28.0590 PM
[ReportManager] Loaded Shared OpenCV @04-10-2021 22:49:28.0732 PM
[ReportManager] Assertion [ValidateElementAttribute] FAILED. Expected [Value Should be 'Automation1234' for the 'text' attribute, element locator 'By.name: q'] and Actual [Automation123]. Comparison Type [CONTAINS]. Validation Type [POSITIVE]. @04-10-2021 22:49:28.0796 PM
[ReportManager] Successfully created attachment [Screenshot - 1633387768732_assertElementAttribute_true_containsComparison_expectedToFail_ValidateElementAttribute_failed] @04-10-2021 22:49:28.0797 P
[ReportManager] Browser Action [CloseCurrentWindow] successfully performed. @04-10-2021 22:49:28.0934 PM
[ReportManager] Successfully created attachment [Browser Action Test Data - CloseCurrentWindow - Actual Value] @04-10-2021 22:49:28.0935 P
[ReportManager] File Action [GetAbsolutePath] successfully performed. With the following test data [Relative Folder Path: "target/downloadedFiles/"]. @04-10-2021 22:49:28.0945 PM
[ReportManager] Attempting to run remotely on: [Linux-64], [GoogleChrome], [http://localhost:4444/wd/hub], Headless Execution. @04-10-2021 22:49:28.0946 PM
[ReportManager] Successfully Opened [GoogleChrome]. @04-10-2021 22:49:29.0194 PM
[ReportManager] Target URL: [https://www.google.com/ncr], and after redirection: [www.google.com] @04-10-2021 22:49:29.0213 PM
[ReportManager] Initial URL: [data:,] @04-10-2021 22:49:29.0263 PM
[ReportManager] Browser Action [NavigateToURL] successfully performed. With the following test data [https://www.google.com/ncr]. @04-10-2021 22:49:29.0992 P

################################################################################################################################################
Starting Execution:	[20 out of 144] test cases in the current suite
Test Method:		[unitTests.tests_validations_assertions.assertElementAttribute_true_containsComparison_expectedToPass]
################################################################################################################################################
[ReportManager] Element Action [Type] successfully performed. With the following test data [Automation123]. @04-10-2021 22:49:30.0310 PM
[ReportManager] Element Action [GetText] successfully performed. With the following test data [Automation123]. @04-10-2021 22:49:30.0407 PM
[ReportManager] Loaded Shared OpenCV @04-10-2021 22:49:30.0516 PM
[ReportManager] Assertion [ValidateElementAttribute] PASSED. Expected [Value Should be 'Automation' for the 'text' attribute, element locator 'By.name: q'] and Actual [Automation123]. Comparison Type [CONTAINS]. Validation Type [POSITIVE]. @04-10-2021 22:49:30.0579 PM
[ReportManager] Successfully created attachment [Screenshot - 1633387770516_assertElementAttribute_true_containsComparison_expectedToPass_ValidateElementAttribute_passed] @04-10-2021 22:49:30.0580 P
[ReportManager] Browser Action [CloseCurrentWindow] successfully performed. @04-10-2021 22:49:30.0704 PM
[ReportManager] Successfully created attachment [Browser Action Test Data - CloseCurrentWindow - Actual Value] @04-10-2021 22:49:30.0704 P
[ReportManager] File Action [GetAbsolutePath] successfully performed. With the following test data [Relative Folder Path: "target/downloadedFiles/"]. @04-10-2021 22:49:30.0707 PM
[ReportManager] Attempting to run remotely on: [Linux-64], [GoogleChrome], [http://localhost:4444/wd/hub], Headless Execution. @04-10-2021 22:49:30.0707 PM
[ReportManager] Successfully Opened [GoogleChrome]. @04-10-2021 22:49:30.0959 PM
[ReportManager] Target URL: [https://www.google.com/ncr], and after redirection: [www.google.com] @04-10-2021 22:49:30.0971 PM
[ReportManager] Initial URL: [data:,] @04-10-2021 22:49:31.0016 PM
[ReportManager] Browser Action [NavigateToURL] successfully performed. With the following test data [https://www.google.com/ncr]. @04-10-2021 22:49:31.0839 P

################################################################################################################################################
Starting Execution:	[21 out of 144] test cases in the current suite
Test Method:		[unitTests.tests_validations_assertions.assertElementAttribute_true_literalComparison_expectedToFail]
################################################################################################################################################
[ReportManager] Element Action [Type] successfully performed. With the following test data [Automation!@#$%^&*()_+{}[]\';/.,]. @04-10-2021 22:49:32.0258 PM
[ReportManager] Element Action [GetText] successfully performed. With the following test data [Automation!@#$%^&*()_+{}[]\';/.,]. @04-10-2021 22:49:32.0369 PM
[ReportManager] Loaded Shared OpenCV @04-10-2021 22:49:32.0510 PM
[ReportManager] Assertion [ValidateElementAttribute] FAILED. Expected [Value Should be 'Automation' for the 'text' attribute, element locator 'By.name: q'] and Actual [Automation!@#$%^&*()_+{}[]\';/.,]. Comparison Type [EQUALS]. Validation Type [POSITIVE]. @04-10-2021 22:49:32.0592 PM
[ReportManager] Successfully created attachment [Screenshot - 1633387772509_assertElementAttribute_true_literalComparison_expectedToFail_ValidateElementAttribute_failed] @04-10-2021 22:49:32.0594 P
[ReportManager] Browser Action [CloseCurrentWindow] successfully performed. @04-10-2021 22:49:32.0734 PM
[ReportManager] Successfully created attachment [Browser Action Test Data - CloseCurrentWindow - Actual Value] @04-10-2021 22:49:32.0735 P
[ReportManager] File Action [GetAbsolutePath] successfully performed. With the following test data [Relative Folder Path: "target/downloadedFiles/"]. @04-10-2021 22:49:32.0739 PM
[ReportManager] Attempting to run remotely on: [Linux-64], [GoogleChrome], [http://localhost:4444/wd/hub], Headless Execution. @04-10-2021 22:49:32.0740 PM
[ReportManager] Successfully Opened [GoogleChrome]. @04-10-2021 22:49:32.0929 PM
[ReportManager] Target URL: [https://www.google.com/ncr], and after redirection: [www.google.com] @04-10-2021 22:49:32.0942 PM
[ReportManager] Initial URL: [data:,] @04-10-2021 22:49:32.0984 PM
[ReportManager] Browser Action [NavigateToURL] successfully performed. With the following test data [https://www.google.com/ncr]. @04-10-2021 22:49:33.0715 P

################################################################################################################################################
Starting Execution:	[22 out of 144] test cases in the current suite
Test Method:		[unitTests.tests_validations_assertions.assertElementAttribute_true_literalComparison_expectedToPass]
################################################################################################################################################
[ReportManager] Element Action [Type] successfully performed. With the following test data [Automation!@#$%^&*()_+{}[]\';/.,]. @04-10-2021 22:49:34.0136 PM
[ReportManager] Element Action [GetText] successfully performed. With the following test data [Automation!@#$%^&*()_+{}[]\';/.,]. @04-10-2021 22:49:34.0224 PM
[ReportManager] Loaded Shared OpenCV @04-10-2021 22:49:34.0339 PM
[ReportManager] Assertion [ValidateElementAttribute] PASSED. Expected [Value Should be 'Automation!@#$%^&*()_+{}[]\';/.,' for the 'text' attribute, element locator 'By.name: q'] and Actual [Automation!@#$%^&*()_+{}[]\';/.,]. Comparison Type [EQUALS]. Validation Type [POSITIVE]. @04-10-2021 22:49:34.0407 PM
[ReportManager] Successfully created attachment [Screenshot - 1633387774339_assertElementAttribute_true_literalComparison_expectedToPass_ValidateElementAttribute_passed] @04-10-2021 22:49:34.0409 P
[ReportManager] Browser Action [CloseCurrentWindow] successfully performed. @04-10-2021 22:49:34.0529 PM
[ReportManager] Successfully created attachment [Browser Action Test Data - CloseCurrentWindow - Actual Value] @04-10-2021 22:49:34.0530 P
[ReportManager] File Action [GetAbsolutePath] successfully performed. With the following test data [Relative Folder Path: "target/downloadedFiles/"]. @04-10-2021 22:49:34.0533 PM
[ReportManager] Attempting to run remotely on: [Linux-64], [GoogleChrome], [http://localhost:4444/wd/hub], Headless Execution. @04-10-2021 22:49:34.0533 PM
[ReportManager] Successfully Opened [GoogleChrome]. @04-10-2021 22:49:34.0730 PM
[ReportManager] Target URL: [https://www.google.com/ncr], and after redirection: [www.google.com] @04-10-2021 22:49:34.0740 PM
[ReportManager] Initial URL: [data:,] @04-10-2021 22:49:34.0777 PM
[ReportManager] Browser Action [NavigateToURL] successfully performed. With the following test data [https://www.google.com/ncr]. @04-10-2021 22:49:35.0543 P

################################################################################################################################################
Starting Execution:	[23 out of 144] test cases in the current suite
Test Method:		[unitTests.tests_validations_assertions.assertElementAttribute_true_regexComparison_expectedToFail]
################################################################################################################################################
[ReportManager] Element Action [Type] successfully performed. With the following test data [Automation123]. @04-10-2021 22:49:35.0850 PM
[ReportManager] Element Action [GetText] successfully performed. With the following test data [Automation123]. @04-10-2021 22:49:35.0934 PM
[ReportManager] Loaded Shared OpenCV @04-10-2021 22:49:36.0067 PM
[ReportManager] Assertion [ValidateElementAttribute] FAILED. Expected [Value Should be 'Automation' for the 'text' attribute, element locator 'By.name: q'] and Actual [Automation123]. Comparison Type [MATCHES]. Validation Type [POSITIVE]. @04-10-2021 22:49:36.0130 PM
[ReportManager] Successfully created attachment [Screenshot - 1633387776067_assertElementAttribute_true_regexComparison_expectedToFail_ValidateElementAttribute_failed] @04-10-2021 22:49:36.0131 P
[ReportManager] Browser Action [CloseCurrentWindow] successfully performed. @04-10-2021 22:49:36.0246 PM
[ReportManager] Successfully created attachment [Browser Action Test Data - CloseCurrentWindow - Actual Value] @04-10-2021 22:49:36.0247 P
[ReportManager] File Action [GetAbsolutePath] successfully performed. With the following test data [Relative Folder Path: "target/downloadedFiles/"]. @04-10-2021 22:49:36.0250 PM
[ReportManager] Attempting to run remotely on: [Linux-64], [GoogleChrome], [http://localhost:4444/wd/hub], Headless Execution. @04-10-2021 22:49:36.0250 PM
[ReportManager] Successfully Opened [GoogleChrome]. @04-10-2021 22:49:36.0428 PM
[ReportManager] Target URL: [https://www.google.com/ncr], and after redirection: [www.google.com] @04-10-2021 22:49:36.0443 PM
[ReportManager] Initial URL: [data:,] @04-10-2021 22:49:36.0485 PM
[ReportManager] Browser Action [NavigateToURL] successfully performed. With the following test data [https://www.google.com/ncr]. @04-10-2021 22:49:37.0224 P

################################################################################################################################################
Starting Execution:	[24 out of 144] test cases in the current suite
Test Method:		[unitTests.tests_validations_assertions.assertElementAttribute_true_regexComparison_expectedToPass]
################################################################################################################################################
[ReportManager] Element Action [Type] successfully performed. With the following test data [Automation123]. @04-10-2021 22:49:37.0535 PM
[ReportManager] Element Action [GetText] successfully performed. With the following test data [Automation123]. @04-10-2021 22:49:37.0636 PM
[ReportManager] Loaded Shared OpenCV @04-10-2021 22:49:37.0748 PM
[ReportManager] Assertion [ValidateElementAttribute] PASSED. Expected [Value Should be 'Automation.*' for the 'text' attribute, element locator 'By.name: q'] and Actual [Automation123]. Comparison Type [MATCHES]. Validation Type [POSITIVE]. @04-10-2021 22:49:37.0811 PM
[ReportManager] Successfully created attachment [Screenshot - 1633387777748_assertElementAttribute_true_regexComparison_expectedToPass_ValidateElementAttribute_passed] @04-10-2021 22:49:37.0812 P
[ReportManager] Browser Action [CloseCurrentWindow] successfully performed. @04-10-2021 22:49:37.0933 PM
[ReportManager] Successfully created attachment [Browser Action Test Data - CloseCurrentWindow - Actual Value] @04-10-2021 22:49:37.0934 P
[ReportManager] File Action [GetAbsolutePath] successfully performed. With the following test data [Relative Folder Path: "target/downloadedFiles/"]. @04-10-2021 22:49:37.0938 PM
[ReportManager] Attempting to run remotely on: [Linux-64], [GoogleChrome], [http://localhost:4444/wd/hub], Headless Execution. @04-10-2021 22:49:37.0938 PM
[ReportManager] Successfully Opened [GoogleChrome]. @04-10-2021 22:49:38.0161 PM
[ReportManager] Target URL: [https://www.google.com/ncr], and after redirection: [www.google.com] @04-10-2021 22:49:38.0179 PM
[ReportManager] Initial URL: [data:,] @04-10-2021 22:49:38.0222 PM
[ReportManager] Browser Action [NavigateToURL] successfully performed. With the following test data [https://www.google.com/ncr]. @04-10-2021 22:49:38.0989 P

################################################################################################################################################
Starting Execution:	[25 out of 144] test cases in the current suite
Test Method:		[unitTests.tests_validations_assertions.assertElementAttribute_type_true_literalComparison_expectedToPass]
################################################################################################################################################
[ReportManager] Element Action [Type] successfully performed. With the following test data [Automation!@#$%^&*()_+{}[]\';/.,]. @04-10-2021 22:49:39.0482 PM
[ReportManager] Element Action [GetText] successfully performed. With the following test data [Automation!@#$%^&*()_+{}[]\';/.,]. @04-10-2021 22:49:39.0563 PM
[ReportManager] Loaded Shared OpenCV @04-10-2021 22:49:39.0690 PM
[ReportManager] Assertion [ValidateElementAttribute] PASSED. Expected [Value Should be 'Automation!@#$%^&*()_+{}[]\';/.,' for the 'text' attribute, element locator 'By.name: q'] and Actual [Automation!@#$%^&*()_+{}[]\';/.,]. Comparison Type [EQUALS]. Validation Type [POSITIVE]. @04-10-2021 22:49:39.0757 PM
[ReportManager] Successfully created attachment [Screenshot - 1633387779690_assertElementAttribute_type_true_literalComparison_expectedToPass_ValidateElementAttribute_passed] @04-10-2021 22:49:39.0758 P
[ReportManager] Browser Action [CloseCurrentWindow] successfully performed. @04-10-2021 22:49:39.0876 PM
[ReportManager] Successfully created attachment [Browser Action Test Data - CloseCurrentWindow - Actual Value] @04-10-2021 22:49:39.0877 P
[ReportManager] File Action [GetAbsolutePath] successfully performed. With the following test data [Relative Folder Path: "target/downloadedFiles/"]. @04-10-2021 22:49:39.0880 PM
[ReportManager] Attempting to run remotely on: [Linux-64], [GoogleChrome], [http://localhost:4444/wd/hub], Headless Execution. @04-10-2021 22:49:39.0880 PM
[ReportManager] Successfully Opened [GoogleChrome]. @04-10-2021 22:49:40.0063 PM
[ReportManager] Target URL: [https://www.google.com/ncr], and after redirection: [www.google.com] @04-10-2021 22:49:40.0076 PM
[ReportManager] Initial URL: [data:,] @04-10-2021 22:49:40.0116 PM
[ReportManager] Browser Action [NavigateToURL] successfully performed. With the following test data [https://www.google.com/ncr]. @04-10-2021 22:49:40.0838 P

################################################################################################################################################
Starting Execution:	[26 out of 144] test cases in the current suite
Test Method:		[unitTests.tests_validations_assertions.assertElementExists_false_expectedToFail]
################################################################################################################################################
[ReportManager] Assertion [ValidateElementExists] PASSED. Expected [Element Should not Exist, locator 'By.id: hplogo'] and Actual [Element Doesn't Exists]. Comparison Type [EQUALS]. Validation Type [NEGATIVE]. @04-10-2021 22:49:51.0195 PM
[ReportManager] Successfully created attachment [Screenshot - 1633387791115_assertElementExists_false_expectedToFail_ValidateElementExists_passed] @04-10-2021 22:49:51.0196 P
[ReportManager] Browser Action [CloseCurrentWindow] successfully performed. @04-10-2021 22:49:51.0311 PM
[ReportManager] Successfully created attachment [Browser Action Test Data - CloseCurrentWindow - Actual Value] @04-10-2021 22:49:51.0312 P
[ReportManager] File Action [GetAbsolutePath] successfully performed. With the following test data [Relative Folder Path: "target/downloadedFiles/"]. @04-10-2021 22:49:51.0315 PM
[ReportManager] Attempting to run remotely on: [Linux-64], [GoogleChrome], [http://localhost:4444/wd/hub], Headless Execution. @04-10-2021 22:49:51.0315 PM
[ReportManager] Successfully Opened [GoogleChrome]. @04-10-2021 22:49:51.0514 PM
[ReportManager] Target URL: [https://www.google.com/ncr], and after redirection: [www.google.com] @04-10-2021 22:49:51.0529 PM
[ReportManager] Initial URL: [data:,] @04-10-2021 22:49:51.0567 PM
[ReportManager] Browser Action [NavigateToURL] successfully performed. With the following test data [https://www.google.com/ncr]. @04-10-2021 22:49:54.0714 P

################################################################################################################################################
Starting Execution:	[27 out of 144] test cases in the current suite
Test Method:		[unitTests.tests_validations_assertions.assertElementExists_false_expectedToPass]
################################################################################################################################################
[ReportManager] Assertion [ValidateElementExists] PASSED. Expected [Element Should not Exist, locator 'By.id: fakeElement'] and Actual [Element Doesn't Exists]. Comparison Type [EQUALS]. Validation Type [NEGATIVE]. @04-10-2021 22:50:05.0053 PM
[ReportManager] Successfully created attachment [Screenshot - 1633387805001_assertElementExists_false_expectedToPass_ValidateElementExists_passed] @04-10-2021 22:50:05.0054 P
[ReportManager] Browser Action [CloseCurrentWindow] successfully performed. @04-10-2021 22:50:05.0182 PM
[ReportManager] Successfully created attachment [Browser Action Test Data - CloseCurrentWindow - Actual Value] @04-10-2021 22:50:05.0183 P
[ReportManager] File Action [GetAbsolutePath] successfully performed. With the following test data [Relative Folder Path: "target/downloadedFiles/"]. @04-10-2021 22:50:05.0186 PM
[ReportManager] Attempting to run remotely on: [Linux-64], [GoogleChrome], [http://localhost:4444/wd/hub], Headless Execution. @04-10-2021 22:50:05.0186 PM
[ReportManager] Successfully Opened [GoogleChrome]. @04-10-2021 22:50:05.0365 PM
[ReportManager] Target URL: [https://www.google.com/ncr], and after redirection: [www.google.com] @04-10-2021 22:50:05.0376 PM
[ReportManager] Initial URL: [data:,] @04-10-2021 22:50:05.0426 PM
[ReportManager] Browser Action [NavigateToURL] successfully performed. With the following test data [https://www.google.com/ncr]. @04-10-2021 22:50:06.0171 P

################################################################################################################################################
Starting Execution:	[28 out of 144] test cases in the current suite
Test Method:		[unitTests.tests_validations_assertions.assertElementExists_false_multipleElementsFound_expectedToFail]
################################################################################################################################################
[ReportManager] Assertion [ValidateElementExists] FAILED. Expected [Element Should not Exist, locator 'By.xpath: //div'] and Actual [Element Exists but is not unique]. Comparison Type [EQUALS]. Validation Type [NEGATIVE]. @04-10-2021 22:50:06.0398 PM
[ReportManager] Successfully created attachment [Screenshot - 1633387806347_assertElementExists_false_multipleElementsFound_expectedToFail_ValidateElementExists_failed] @04-10-2021 22:50:06.0399 P
[ReportManager] Browser Action [CloseCurrentWindow] successfully performed. @04-10-2021 22:50:06.0517 PM
[ReportManager] Successfully created attachment [Browser Action Test Data - CloseCurrentWindow - Actual Value] @04-10-2021 22:50:06.0518 P
[ReportManager] File Action [GetAbsolutePath] successfully performed. With the following test data [Relative Folder Path: "target/downloadedFiles/"]. @04-10-2021 22:50:06.0520 PM
[ReportManager] Attempting to run remotely on: [Linux-64], [GoogleChrome], [http://localhost:4444/wd/hub], Headless Execution. @04-10-2021 22:50:06.0520 PM
[ReportManager] Successfully Opened [GoogleChrome]. @04-10-2021 22:50:06.0714 PM
[ReportManager] Target URL: [https://www.google.com/ncr], and after redirection: [www.google.com] @04-10-2021 22:50:06.0735 PM
[ReportManager] Initial URL: [data:,] @04-10-2021 22:50:06.0784 PM
[ReportManager] Browser Action [NavigateToURL] successfully performed. With the following test data [https://www.google.com/ncr]. @04-10-2021 22:50:07.0497 P

################################################################################################################################################
Starting Execution:	[29 out of 144] test cases in the current suite
Test Method:		[unitTests.tests_validations_assertions.assertElementExists_true_expectedToFail]
################################################################################################################################################
[ReportManager] Assertion [ValidateElementExists] FAILED. Expected [Element Should Exist, locator 'By.id: fakeElement'] and Actual [Element Doesn't Exists]. Comparison Type [EQUALS]. Validation Type [POSITIVE]. @04-10-2021 22:50:38.0109 PM
[ReportManager] Successfully created attachment [Screenshot - 1633387838063_assertElementExists_true_expectedToFail_ValidateElementExists_failed] @04-10-2021 22:50:38.0109 P
[ReportManager] Browser Action [CloseCurrentWindow] successfully performed. @04-10-2021 22:50:38.0223 PM
[ReportManager] Successfully created attachment [Browser Action Test Data - CloseCurrentWindow - Actual Value] @04-10-2021 22:50:38.0224 P
[ReportManager] File Action [GetAbsolutePath] successfully performed. With the following test data [Relative Folder Path: "target/downloadedFiles/"]. @04-10-2021 22:50:38.0226 PM
[ReportManager] Attempting to run remotely on: [Linux-64], [GoogleChrome], [http://localhost:4444/wd/hub], Headless Execution. @04-10-2021 22:50:38.0226 PM
[ReportManager] Successfully Opened [GoogleChrome]. @04-10-2021 22:50:38.0397 PM
[ReportManager] Target URL: [https://www.google.com/ncr], and after redirection: [www.google.com] @04-10-2021 22:50:38.0408 PM
[ReportManager] Initial URL: [data:,] @04-10-2021 22:50:38.0445 PM
[ReportManager] Browser Action [NavigateToURL] successfully performed. With the following test data [https://www.google.com/ncr]. @04-10-2021 22:50:39.0229 P

################################################################################################################################################
Starting Execution:	[30 out of 144] test cases in the current suite
Test Method:		[unitTests.tests_validations_assertions.assertElementExists_true_expectedToPass]
################################################################################################################################################
[ReportManager] Loaded Shared OpenCV @04-10-2021 22:50:39.0396 PM
[ReportManager] Assertion [ValidateElementExists] PASSED. Expected [Element Should Exist, locator 'By.xpath: //*[@id='hplogo' or @alt='Google']'] and Actual [Element Exists]. Comparison Type [EQUALS]. Validation Type [POSITIVE]. @04-10-2021 22:50:39.0462 PM
[ReportManager] Successfully created attachment [Screenshot - 1633387839396_assertElementExists_true_expectedToPass_ValidateElementExists_passed] @04-10-2021 22:50:39.0464 P
[ReportManager] Browser Action [CloseCurrentWindow] successfully performed. @04-10-2021 22:50:39.0590 PM
[ReportManager] Successfully created attachment [Browser Action Test Data - CloseCurrentWindow - Actual Value] @04-10-2021 22:50:39.0591 P
[ReportManager] File Action [GetAbsolutePath] successfully performed. With the following test data [Relative Folder Path: "target/downloadedFiles/"]. @04-10-2021 22:50:39.0598 PM
[ReportManager] Attempting to run remotely on: [Linux-64], [GoogleChrome], [http://localhost:4444/wd/hub], Headless Execution. @04-10-2021 22:50:39.0599 PM
[ReportManager] Successfully Opened [GoogleChrome]. @04-10-2021 22:50:39.0776 PM
[ReportManager] Target URL: [https://www.google.com/ncr], and after redirection: [www.google.com] @04-10-2021 22:50:39.0786 PM
[ReportManager] Initial URL: [data:,] @04-10-2021 22:50:39.0823 PM
[ReportManager] Browser Action [NavigateToURL] successfully performed. With the following test data [https://www.google.com/ncr]. @04-10-2021 22:50:40.0515 P

################################################################################################################################################
Starting Execution:	[31 out of 144] test cases in the current suite
Test Method:		[unitTests.tests_validations_assertions.assertElementExists_true_multipleElementsFound_expectedToFail]
################################################################################################################################################
[ReportManager] Assertion [ValidateElementExists] FAILED. Expected [Element Should Exist, locator 'By.xpath: //div'] and Actual [Element Exists but is not unique]. Comparison Type [EQUALS]. Validation Type [POSITIVE]. @04-10-2021 22:50:40.0729 PM
[ReportManager] Successfully created attachment [Screenshot - 1633387840678_assertElementExists_true_multipleElementsFound_expectedToFail_ValidateElementExists_failed] @04-10-2021 22:50:40.0730 P
[ReportManager] Browser Action [CloseCurrentWindow] successfully performed. @04-10-2021 22:50:40.0843 PM
[ReportManager] Successfully created attachment [Browser Action Test Data - CloseCurrentWindow - Actual Value] @04-10-2021 22:50:40.0844 P

################################################################################################################################################
Starting Execution:	[32 out of 144] test cases in the current suite
Test Method:		[unitTests.tests_validations_assertions.assertEquals_false_expectedToFail]
################################################################################################################################################
[ReportManager] Assertion [ValidateEquals] FAILED. Expected [1] and Actual [1]. Comparison Type [EQUALS]. Validation Type [NEGATIVE]. @04-10-2021 22:50:40.0850 P

################################################################################################################################################
Starting Execution:	[33 out of 144] test cases in the current suite
Test Method:		[unitTests.tests_validations_assertions.assertEquals_false_expectedToPass]
################################################################################################################################################
[ReportManager] Assertion [ValidateEquals] PASSED. Expected [1] and Actual [2]. Comparison Type [EQUALS]. Validation Type [NEGATIVE]. @04-10-2021 22:50:40.0856 P

################################################################################################################################################
Starting Execution:	[34 out of 144] test cases in the current suite
Test Method:		[unitTests.tests_validations_assertions.assertEquals_longCharacters]
################################################################################################################################################
[ReportManager] Verification [ValidateEquals] PASSED. Expected and Actual values are attached. Comparison Type [EQUALS]. Validation Type [POSITIVE]. @04-10-2021 22:50:40.0861 PM
[ReportManager] Successfully created attachment [Validation Test Data - Expected Value] @04-10-2021 22:50:40.0861 PM
[ReportManager] Successfully created attachment [Validation Test Data - Actual Value] @04-10-2021 22:50:40.0861 PM
[ReportManager] Assertion [ValidateEquals] PASSED. Expected and Actual values are attached. Comparison Type [EQUALS]. Validation Type [POSITIVE]. @04-10-2021 22:50:40.0861 PM
[ReportManager] Successfully created attachment [Validation Test Data - Expected Value] @04-10-2021 22:50:40.0862 PM
[ReportManager] Successfully created attachment [Validation Test Data - Actual Value] @04-10-2021 22:50:40.0862 P

################################################################################################################################################
Starting Execution:	[35 out of 144] test cases in the current suite
Test Method:		[unitTests.tests_validations_assertions.assertEquals_longCharacters_Discreet]
################################################################################################################################################
[ReportManager] Assertion [ValidateEquals] PASSED. Expected [1LH5pROcDBjjQk0t0mCr0lXuzQu9lcGj28kY8R1H81X67eVAQJgWQhILiRWVPUgZ6uCtK5cnBkF55Jr9vYngjGO1Iyf0Mktv6lruDlL9T8MAUPcUZJGHZtji6nIeadujDSNmWMj5d6C8zlFqw0CRqBU0hO5adIasHgBSNoLotAjce3NGXoDwAlp3rYreeV16VIyZXROQY] and Actual [1LH5pROcDBjjQk0t0mCr0lXuzQu9lcGj28kY8R1H81X67eVAQJgWQhILiRWVPUgZ6uCtK5cnBkF55Jr9vYngjGO1Iyf0Mktv6lruDlL9T8MAUPcUZJGHZtji6nIeadujDSNmWMj5d6C8zlFqw0CRqBU0hO5adIasHgBSNoLotAjce3NGXoDwAlp3rYreeV16VIyZXROQY]. Comparison Type [EQUALS]. Validation Type [POSITIVE]. @04-10-2021 22:50:40.0866 P

################################################################################################################################################
Starting Execution:	[36 out of 144] test cases in the current suite
Test Method:		[unitTests.tests_validations_assertions.assertEquals_true_expectedToFail]
################################################################################################################################################
[ReportManager] Assertion [ValidateEquals] FAILED. Expected [1] and Actual [2]. Comparison Type [EQUALS]. Validation Type [POSITIVE]. @04-10-2021 22:50:40.0874 P

################################################################################################################################################
Starting Execution:	[37 out of 144] test cases in the current suite
Test Method:		[unitTests.tests_validations_assertions.assertEquals_true_expectedToPass]
Test Description:	[Assert that assertEquals works as expected when the two values are equal.]
################################################################################################################################################
[ReportManager] Verification [ValidateEquals] PASSED. Expected [1] and Actual [1]. Comparison Type [EQUALS]. Validation Type [POSITIVE]. @04-10-2021 22:50:40.0882 PM
[ReportManager] Assertion [ValidateEquals] PASSED. Expected [1] and Actual [1]. Comparison Type [EQUALS]. Validation Type [POSITIVE]. @04-10-2021 22:50:40.0882 P

################################################################################################################################################
Starting Execution:	[38 out of 144] test cases in the current suite
Test Method:		[unitTests.tests_validations_assertions.assertEquals_true_expectedToPass__]
################################################################################################################################################
[ReportManager] Assertion [ValidateEquals] PASSED. Expected [1] and Actual [1]. Comparison Type [EQUALS]. Validation Type [POSITIVE]. @04-10-2021 22:50:40.0886 P

################################################################################################################################################
Starting Execution:	[39 out of 144] test cases in the current suite
Test Method:		[unitTests.tests_validations_assertions.assertFileExists_false_expectedToFail]
################################################################################################################################################
[ReportManager] File Action [DoesFileExist] successfully performed. With the following test data [File Path: "src/main/java/com/shaft/gui/element/ElementActions.java"]. @04-10-2021 22:50:40.0888 PM
[ReportManager] Assertion [ValidateFileExists] FAILED. Expected [File 'src/main/java/com/shaft/gui/element/ElementActions.java' should not exist, after up to '1' retries] and Actual [File exists]. Validation Type [NEGATIVE]. @04-10-2021 22:50:40.0892 P

################################################################################################################################################
Starting Execution:	[40 out of 144] test cases in the current suite
Test Method:		[unitTests.tests_validations_assertions.assertFileExists_false_expectedToPass]
################################################################################################################################################
[ReportManager] File Action [DoesFileExist] successfully performed. With the following test data [File Path: "src/main/java/com/shaft/gui/element/ElementActions.java_fail"]. @04-10-2021 22:50:41.0395 PM
[ReportManager] Assertion [ValidateFileExists] PASSED. Expected [File 'src/main/java/com/shaft/gui/element/ElementActions.java_fail' should not exist, after up to '1' retries] and Actual [File does not exist]. Validation Type [NEGATIVE]. @04-10-2021 22:50:41.0396 P

################################################################################################################################################
Starting Execution:	[41 out of 144] test cases in the current suite
Test Method:		[unitTests.tests_validations_assertions.assertFileExists_true_expectedToFail]
################################################################################################################################################
[ReportManager] File Action [DoesFileExist] successfully performed. With the following test data [File Path: "src/main/java/com/shaft/gui/element/ElementActions.java_fail"]. @04-10-2021 22:50:41.0899 PM
[ReportManager] Assertion [ValidateFileExists] FAILED. Expected [File 'src/main/java/com/shaft/gui/element/ElementActions.java_fail' should exist, after up to '1' retries] and Actual [File does not exist]. Validation Type [POSITIVE]. @04-10-2021 22:50:41.0900 P

################################################################################################################################################
Starting Execution:	[42 out of 144] test cases in the current suite
Test Method:		[unitTests.tests_validations_assertions.assertFileExists_true_expectedToPass]
################################################################################################################################################
[ReportManager] File Action [DoesFileExist] successfully performed. With the following test data [File Path: "src/main/java/com/shaft/gui/element/ElementActions.java"]. @04-10-2021 22:50:41.0903 PM
[ReportManager] Assertion [ValidateFileExists] PASSED. Expected [File 'src/main/java/com/shaft/gui/element/ElementActions.java' should exist, after up to '1' retries] and Actual [File exists]. Validation Type [POSITIVE]. @04-10-2021 22:50:41.0903 P

################################################################################################################################################
Starting Execution:	[43 out of 144] test cases in the current suite
Test Method:		[unitTests.tests_validations_assertions.assertNull_false_expectedToFail]
################################################################################################################################################
[ReportManager] Assertion [ValidateNull] FAILED. Expected [NULL] and Actual [NULL]. Comparison Type [EQUALS]. Validation Type [NEGATIVE]. @04-10-2021 22:50:41.0906 P

################################################################################################################################################
Starting Execution:	[44 out of 144] test cases in the current suite
Test Method:		[unitTests.tests_validations_assertions.assertNull_false_expectedToPass]
################################################################################################################################################
[ReportManager] Assertion [ValidateNull] PASSED. Expected [NULL] and Actual [1]. Comparison Type [EQUALS]. Validation Type [NEGATIVE]. @04-10-2021 22:50:41.0908 P

################################################################################################################################################
Starting Execution:	[45 out of 144] test cases in the current suite
Test Method:		[unitTests.tests_validations_assertions.assertNull_true_expectedToFail]
################################################################################################################################################
[ReportManager] Assertion [ValidateNull] FAILED. Expected [NULL] and Actual [1]. Comparison Type [EQUALS]. Validation Type [POSITIVE]. @04-10-2021 22:50:41.0911 P

################################################################################################################################################
Starting Execution:	[46 out of 144] test cases in the current suite
Test Method:		[unitTests.tests_validations_assertions.assertNull_true_expectedToPass]
################################################################################################################################################
[ReportManager] Assertion [ValidateNull] PASSED. Expected [NULL] and Actual [NULL]. Comparison Type [EQUALS]. Validation Type [POSITIVE]. @04-10-2021 22:50:41.0913 P

################################################################################################################################################
Starting Execution:	[47 out of 144] test cases in the current suite
Test Method:		[unitTests.tests_restActions.getPostsAndAssertBodyForSpecificTitle]
################################################################################################################################################
[ReportManager] Response status code: [200], status line: [HTTP/1.1 200 OK] @04-10-2021 22:50:43.0606 PM
[ReportManager] Assertion Passed: Evaluating the actual response status code against the expected one... @04-10-2021 22:50:43.0607 PM
[ReportManager] Assertion [ValidateEquals] PASSED. Expected [200] and Actual [200]. Comparison Type [EQUALS]. Validation Type [POSITIVE]. @04-10-2021 22:50:43.0607 PM
[ReportManager] API Action [PerformRequest] successfully performed. With the following test data [Request Type: "GET" | Target Status Code: "200" | Service URL: "https://jsonplaceholder.typicode.com/posts" | Content Type: "*/*" | Response Time: "625ms"]. @04-10-2021 22:50:44.0653 PM
[ReportManager] Successfully created attachment [API Request - Specifications] @04-10-2021 22:50:44.0653 PM
[ReportManager] Successfully created attachment [API Response - JSON Body] @04-10-2021 22:50:44.0828 PM
[ReportManager] API Action [GetResponseJSONValueAsList] successfully performed. @04-10-2021 22:50:44.0843 PM
[ReportManager] API Action [GetResponseJSONValue] successfully performed. With the following test data [title]. @04-10-2021 22:50:44.0860 PM
[ReportManager] API Action [GetResponseJSONValue] successfully performed. With the following test data [title]. @04-10-2021 22:50:44.0877 PM
[ReportManager] API Action [GetResponseJSONValue] successfully performed. With the following test data [body]. @04-10-2021 22:50:44.0895 PM
[ReportManager] Assertion [ValidateEquals] PASSED. Expected [qui neque nisi nulla] and Actual [est rerum tempore vitae
sequi sint nihil reprehenderit dolor beatae ea dolores neque
fugiat blanditiis voluptate porro vel nihil molestiae ut reiciendis
qui aperiam non debitis possimus qui neque nisi nulla]. Comparison Type [CONTAINS]. Validation Type [POSITIVE]. @04-10-2021 22:50:44.0896 PM
[ReportManager] API Action [GetResponseJSONValue] successfully performed. With the following test data [title]. @04-10-2021 22:50:44.0908 PM
[ReportManager] API Action [GetResponseJSONValue] successfully performed. With the following test data [title]. @04-10-2021 22:50:44.0920 PM
[ReportManager] API Action [GetResponseJSONValue] successfully performed. With the following test data [title]. @04-10-2021 22:50:44.0934 PM
[ReportManager] API Action [GetResponseJSONValue] successfully performed. With the following test data [title]. @04-10-2021 22:50:44.0946 PM
[ReportManager] API Action [GetResponseJSONValue] successfully performed. With the following test data [title]. @04-10-2021 22:50:44.0958 PM
[ReportManager] API Action [GetResponseJSONValue] successfully performed. With the following test data [title]. @04-10-2021 22:50:44.0973 PM
[ReportManager] API Action [GetResponseJSONValue] successfully performed. With the following test data [title]. @04-10-2021 22:50:44.0986 PM
[ReportManager] API Action [GetResponseJSONValue] successfully performed. With the following test data [title]. @04-10-2021 22:50:45.0002 PM
[ReportManager] API Action [GetResponseJSONValue] successfully performed. With the following test data [title]. @04-10-2021 22:50:45.0035 PM
[ReportManager] API Action [GetResponseJSONValue] successfully performed. With the following test data [title]. @04-10-2021 22:50:45.0045 PM
[ReportManager] API Action [GetResponseJSONValue] successfully performed. With the following test data [title]. @04-10-2021 22:50:45.0063 PM
[ReportManager] API Action [GetResponseJSONValue] successfully performed. With the following test data [title]. @04-10-2021 22:50:45.0082 PM
[ReportManager] API Action [GetResponseJSONValue] successfully performed. With the following test data [title]. @04-10-2021 22:50:45.0100 PM
[ReportManager] API Action [GetResponseJSONValue] successfully performed. With the following test data [title]. @04-10-2021 22:50:45.0124 PM
[ReportManager] API Action [GetResponseJSONValue] successfully performed. With the following test data [title]. @04-10-2021 22:50:45.0139 PM
[ReportManager] API Action [GetResponseJSONValue] successfully performed. With the following test data [title]. @04-10-2021 22:50:45.0157 PM
[ReportManager] API Action [GetResponseJSONValue] successfully performed. With the following test data [title]. @04-10-2021 22:50:45.0174 PM
[ReportManager] API Action [GetResponseJSONValue] successfully performed. With the following test data [title]. @04-10-2021 22:50:45.0191 PM
[ReportManager] API Action [GetResponseJSONValue] successfully performed. With the following test data [title]. @04-10-2021 22:50:45.0208 PM
[ReportManager] API Action [GetResponseJSONValue] successfully performed. With the following test data [title]. @04-10-2021 22:50:45.0235 PM
[ReportManager] API Action [GetResponseJSONValue] successfully performed. With the following test data [title]. @04-10-2021 22:50:45.0244 PM
[ReportManager] API Action [GetResponseJSONValue] successfully performed. With the following test data [title]. @04-10-2021 22:50:45.0253 PM
[ReportManager] API Action [GetResponseJSONValue] successfully performed. With the following test data [title]. @04-10-2021 22:50:45.0261 PM
[ReportManager] API Action [GetResponseJSONValue] successfully performed. With the following test data [title]. @04-10-2021 22:50:45.0269 PM
[ReportManager] API Action [GetResponseJSONValue] successfully performed. With the following test data [title]. @04-10-2021 22:50:45.0277 PM
[ReportManager] API Action [GetResponseJSONValue] successfully performed. With the following test data [title]. @04-10-2021 22:50:45.0285 PM
[ReportManager] API Action [GetResponseJSONValue] successfully performed. With the following test data [title]. @04-10-2021 22:50:45.0293 PM
[ReportManager] API Action [GetResponseJSONValue] successfully performed. With the following test data [title]. @04-10-2021 22:50:45.0300 PM
[ReportManager] API Action [GetResponseJSONValue] successfully performed. With the following test data [title]. @04-10-2021 22:50:45.0308 PM
[ReportManager] API Action [GetResponseJSONValue] successfully performed. With the following test data [title]. @04-10-2021 22:50:45.0333 PM
[ReportManager] API Action [GetResponseJSONValue] successfully performed. With the following test data [title]. @04-10-2021 22:50:45.0350 PM
[ReportManager] API Action [GetResponseJSONValue] successfully performed. With the following test data [title]. @04-10-2021 22:50:45.0362 PM
[ReportManager] API Action [GetResponseJSONValue] successfully performed. With the following test data [title]. @04-10-2021 22:50:45.0379 PM
[ReportManager] API Action [GetResponseJSONValue] successfully performed. With the following test data [title]. @04-10-2021 22:50:45.0395 PM
[ReportManager] API Action [GetResponseJSONValue] successfully performed. With the following test data [title]. @04-10-2021 22:50:45.0411 PM
[ReportManager] API Action [GetResponseJSONValue] successfully performed. With the following test data [title]. @04-10-2021 22:50:45.0427 PM
[ReportManager] API Action [GetResponseJSONValue] successfully performed. With the following test data [title]. @04-10-2021 22:50:45.0444 PM
[ReportManager] API Action [GetResponseJSONValue] successfully performed. With the following test data [title]. @04-10-2021 22:50:45.0455 PM
[ReportManager] API Action [GetResponseJSONValue] successfully performed. With the following test data [title]. @04-10-2021 22:50:45.0467 PM
[ReportManager] API Action [GetResponseJSONValue] successfully performed. With the following test data [title]. @04-10-2021 22:50:45.0474 PM
[ReportManager] API Action [GetResponseJSONValue] successfully performed. With the following test data [title]. @04-10-2021 22:50:45.0481 PM
[ReportManager] API Action [GetResponseJSONValue] successfully performed. With the following test data [title]. @04-10-2021 22:50:45.0489 PM
[ReportManager] API Action [GetResponseJSONValue] successfully performed. With the following test data [title]. @04-10-2021 22:50:45.0496 PM
[ReportManager] API Action [GetResponseJSONValue] successfully performed. With the following test data [title]. @04-10-2021 22:50:45.0503 PM
[ReportManager] API Action [GetResponseJSONValue] successfully performed. With the following test data [title]. @04-10-2021 22:50:45.0509 PM
[ReportManager] API Action [GetResponseJSONValue] successfully performed. With the following test data [title]. @04-10-2021 22:50:45.0516 PM
[ReportManager] API Action [GetResponseJSONValue] successfully performed. With the following test data [title]. @04-10-2021 22:50:45.0523 PM
[ReportManager] API Action [GetResponseJSONValue] successfully performed. With the following test data [title]. @04-10-2021 22:50:45.0530 PM
[ReportManager] API Action [GetResponseJSONValue] successfully performed. With the following test data [title]. @04-10-2021 22:50:45.0537 PM
[ReportManager] API Action [GetResponseJSONValue] successfully performed. With the following test data [title]. @04-10-2021 22:50:45.0544 PM
[ReportManager] API Action [GetResponseJSONValue] successfully performed. With the following test data [title]. @04-10-2021 22:50:45.0550 PM
[ReportManager] API Action [GetResponseJSONValue] successfully performed. With the following test data [title]. @04-10-2021 22:50:45.0557 PM
[ReportManager] API Action [GetResponseJSONValue] successfully performed. With the following test data [title]. @04-10-2021 22:50:45.0564 PM
[ReportManager] API Action [GetResponseJSONValue] successfully performed. With the following test data [title]. @04-10-2021 22:50:45.0571 PM
[ReportManager] API Action [GetResponseJSONValue] successfully performed. With the following test data [title]. @04-10-2021 22:50:45.0577 PM
[ReportManager] API Action [GetResponseJSONValue] successfully performed. With the following test data [title]. @04-10-2021 22:50:45.0584 PM
[ReportManager] API Action [GetResponseJSONValue] successfully performed. With the following test data [title]. @04-10-2021 22:50:45.0590 PM
[ReportManager] API Action [GetResponseJSONValue] successfully performed. With the following test data [title]. @04-10-2021 22:50:45.0597 PM
[ReportManager] API Action [GetResponseJSONValue] successfully performed. With the following test data [title]. @04-10-2021 22:50:45.0605 PM
[ReportManager] API Action [GetResponseJSONValue] successfully performed. With the following test data [title]. @04-10-2021 22:50:45.0626 PM
[ReportManager] API Action [GetResponseJSONValue] successfully performed. With the following test data [title]. @04-10-2021 22:50:45.0634 PM
[ReportManager] API Action [GetResponseJSONValue] successfully performed. With the following test data [title]. @04-10-2021 22:50:45.0640 PM
[ReportManager] API Action [GetResponseJSONValue] successfully performed. With the following test data [title]. @04-10-2021 22:50:45.0647 PM
[ReportManager] API Action [GetResponseJSONValue] successfully performed. With the following test data [title]. @04-10-2021 22:50:45.0653 PM
[ReportManager] API Action [GetResponseJSONValue] successfully performed. With the following test data [title]. @04-10-2021 22:50:45.0659 PM
[ReportManager] API Action [GetResponseJSONValue] successfully performed. With the following test data [title]. @04-10-2021 22:50:45.0665 PM
[ReportManager] API Action [GetResponseJSONValue] successfully performed. With the following test data [title]. @04-10-2021 22:50:45.0672 PM
[ReportManager] API Action [GetResponseJSONValue] successfully performed. With the following test data [title]. @04-10-2021 22:50:45.0678 PM
[ReportManager] API Action [GetResponseJSONValue] successfully performed. With the following test data [title]. @04-10-2021 22:50:45.0684 PM
[ReportManager] API Action [GetResponseJSONValue] successfully performed. With the following test data [title]. @04-10-2021 22:50:45.0690 PM
[ReportManager] API Action [GetResponseJSONValue] successfully performed. With the following test data [title]. @04-10-2021 22:50:45.0696 PM
[ReportManager] API Action [GetResponseJSONValue] successfully performed. With the following test data [title]. @04-10-2021 22:50:45.0702 PM
[ReportManager] API Action [GetResponseJSONValue] successfully performed. With the following test data [title]. @04-10-2021 22:50:45.0709 PM
[ReportManager] API Action [GetResponseJSONValue] successfully performed. With the following test data [title]. @04-10-2021 22:50:45.0744 PM
[ReportManager] API Action [GetResponseJSONValue] successfully performed. With the following test data [title]. @04-10-2021 22:50:45.0761 PM
[ReportManager] API Action [GetResponseJSONValue] successfully performed. With the following test data [title]. @04-10-2021 22:50:45.0769 PM
[ReportManager] API Action [GetResponseJSONValue] successfully performed. With the following test data [title]. @04-10-2021 22:50:45.0776 PM
[ReportManager] API Action [GetResponseJSONValue] successfully performed. With the following test data [title]. @04-10-2021 22:50:45.0783 PM
[ReportManager] API Action [GetResponseJSONValue] successfully performed. With the following test data [title]. @04-10-2021 22:50:45.0790 PM
[ReportManager] API Action [GetResponseJSONValue] successfully performed. With the following test data [title]. @04-10-2021 22:50:45.0797 PM
[ReportManager] API Action [GetResponseJSONValue] successfully performed. With the following test data [title]. @04-10-2021 22:50:45.0804 PM
[ReportManager] API Action [GetResponseJSONValue] successfully performed. With the following test data [title]. @04-10-2021 22:50:45.0811 PM
[ReportManager] API Action [GetResponseJSONValue] successfully performed. With the following test data [title]. @04-10-2021 22:50:45.0818 PM
[ReportManager] API Action [GetResponseJSONValue] successfully performed. With the following test data [title]. @04-10-2021 22:50:45.0825 PM
[ReportManager] API Action [GetResponseJSONValue] successfully performed. With the following test data [title]. @04-10-2021 22:50:45.0831 PM
[ReportManager] API Action [GetResponseJSONValue] successfully performed. With the following test data [title]. @04-10-2021 22:50:45.0838 PM
[ReportManager] API Action [GetResponseJSONValue] successfully performed. With the following test data [title]. @04-10-2021 22:50:45.0845 PM
[ReportManager] API Action [GetResponseJSONValue] successfully performed. With the following test data [title]. @04-10-2021 22:50:45.0852 PM
[ReportManager] API Action [GetResponseJSONValue] successfully performed. With the following test data [title]. @04-10-2021 22:50:45.0859 PM
[ReportManager] API Action [GetResponseJSONValue] successfully performed. With the following test data [title]. @04-10-2021 22:50:45.0865 PM
[ReportManager] API Action [GetResponseJSONValue] successfully performed. With the following test data [title]. @04-10-2021 22:50:45.0872 PM
[ReportManager] API Action [GetResponseJSONValue] successfully performed. With the following test data [title]. @04-10-2021 22:50:45.0878 PM
[ReportManager] API Action [GetResponseJSONValue] successfully performed. With the following test data [title]. @04-10-2021 22:50:45.0884 PM
[ReportManager] API Action [GetResponseJSONValue] successfully performed. With the following test data [title]. @04-10-2021 22:50:45.0890 PM
[ReportManager] API Action [GetResponseJSONValue] successfully performed. With the following test data [title]. @04-10-2021 22:50:45.0896 PM
[ReportManager] API Action [GetResponseJSONValue] successfully performed. With the following test data [title]. @04-10-2021 22:50:45.0902 PM
[ReportManager] API Action [GetResponseJSONValue] successfully performed. With the following test data [title]. @04-10-2021 22:50:45.0908 PM
[ReportManager] API Action [GetResponseJSONValue] successfully performed. With the following test data [title]. @04-10-2021 22:50:45.0914 P

################################################################################################################################################
Starting Execution:	[48 out of 144] test cases in the current suite
Test Method:		[unitTests.tests_restActions.validateUserEmail]
################################################################################################################################################
[ReportManager] Response status code: [200], status line: [HTTP/1.1 200 OK] @04-10-2021 22:50:46.0008 PM
[ReportManager] Assertion Passed: Evaluating the actual response status code against the expected one... @04-10-2021 22:50:46.0008 PM
[ReportManager] Assertion [ValidateEquals] PASSED. Expected [200] and Actual [200]. Comparison Type [EQUALS]. Validation Type [POSITIVE]. @04-10-2021 22:50:46.0008 PM
[ReportManager] API Action [PerformRequest] successfully performed. With the following test data [Request Type: "GET" | Target Status Code: "200" | Service URL: "https://jsonplaceholder.typicode.com/users" | Content Type: "*/*" | Response Time: "85ms"]. @04-10-2021 22:50:46.0024 PM
[ReportManager] Successfully created attachment [API Request - Specifications] @04-10-2021 22:50:46.0025 PM
[ReportManager] Successfully created attachment [API Response - JSON Body] @04-10-2021 22:50:46.0025 PM
[ReportManager] Assertion [ValidateEquals] PASSED. Expected and Actual values are attached. Comparison Type [CONTAINS]. Validation Type [POSITIVE]. @04-10-2021 22:50:46.0026 PM
[ReportManager] Successfully created attachment [Validation Test Data - Expected Value] @04-10-2021 22:50:46.0026 PM
[ReportManager] Successfully created attachment [Validation Test Data - Actual Value] @04-10-2021 22:50:46.0026 PM
[ReportManager] API Action [GetResponseJSONValueAsList] successfully performed. With the following test data [$]. @04-10-2021 22:50:46.0030 PM
[ReportManager] API Action [GetResponseJSONValue] successfully performed. With the following test data [name]. @04-10-2021 22:50:46.0038 PM
[ReportManager] API Action [GetResponseJSONValue] successfully performed. With the following test data [email]. @04-10-2021 22:50:46.0045 PM
[ReportManager] Assertion [ValidateEquals] PASSED. Expected [Sincere@april.biz] and Actual [Sincere@april.biz]. Comparison Type [EQUALS]. Validation Type [POSITIVE]. @04-10-2021 22:50:46.0046 PM
[ReportManager] API Action [GetResponseJSONValue] successfully performed. With the following test data [name]. @04-10-2021 22:50:46.0053 PM
[ReportManager] API Action [GetResponseJSONValue] successfully performed. With the following test data [name]. @04-10-2021 22:50:46.0060 PM
[ReportManager] API Action [GetResponseJSONValue] successfully performed. With the following test data [name]. @04-10-2021 22:50:46.0067 PM
[ReportManager] API Action [GetResponseJSONValue] successfully performed. With the following test data [name]. @04-10-2021 22:50:46.0074 PM
[ReportManager] API Action [GetResponseJSONValue] successfully performed. With the following test data [name]. @04-10-2021 22:50:46.0081 PM
[ReportManager] API Action [GetResponseJSONValue] successfully performed. With the following test data [name]. @04-10-2021 22:50:46.0087 PM
[ReportManager] API Action [GetResponseJSONValue] successfully performed. With the following test data [name]. @04-10-2021 22:50:46.0094 PM
[ReportManager] API Action [GetResponseJSONValue] successfully performed. With the following test data [name]. @04-10-2021 22:50:46.0100 PM
[ReportManager] API Action [GetResponseJSONValue] successfully performed. With the following test data [name]. @04-10-2021 22:50:46.0107 P
[ReportManager] File Action [GetAbsolutePath] successfully performed. With the following test data [Relative Folder Path: "target/downloadedFiles/"]. @04-10-2021 22:50:46.0117 PM
[ReportManager] Attempting to run remotely on: [Linux-64], [GoogleChrome], [http://localhost:4444/wd/hub], Headless Execution. @04-10-2021 22:50:46.0117 PM
[ReportManager] Successfully Opened [GoogleChrome]. @04-10-2021 22:50:46.0419 P

################################################################################################################################################
Starting Execution:	[49 out of 144] test cases in the current suite
Test Method:		[unitTests.tests_element_elementActions.waitForElementToBePresent_false_expectedToFail]
################################################################################################################################################
[ReportManager] Target URL: [https://www.google.com/ncr], and after redirection: [www.google.com] @04-10-2021 22:50:46.0459 PM
[ReportManager] Initial URL: [data:,] @04-10-2021 22:50:46.0514 PM
[ReportManager] Browser Action [NavigateToURL] successfully performed. With the following test data [https://www.google.com/ncr]. @04-10-2021 22:50:47.0304 PM
[ReportManager] Waiting for element to be present; elementLocator [By.xpath: //*[@id='hplogo' or @alt='Google']], numberOfTries[1], stateOfPresence[false]... @04-10-2021 22:50:47.0307 PM
[ReportManager] Element Action [WaitForElementToBePresent] failed. With the following test data [waited for the element's state of presence to be (false). Element locator (By.xpath: //*[@id='hplogo' or @alt='Google'])]. @04-10-2021 22:50:47.0483 PM
[ReportManager] Successfully created attachment [Screenshot - 1633387847432_waitForElementToBePresent_false_expectedToFail_WaitForElementToBePresent_failed] @04-10-2021 22:50:47.0485 P
[ReportManager] Browser Action [CloseCurrentWindow] successfully performed. @04-10-2021 22:50:47.0616 PM
[ReportManager] Successfully created attachment [Browser Action Test Data - CloseCurrentWindow - Actual Value] @04-10-2021 22:50:47.0617 P
[ReportManager] File Action [GetAbsolutePath] successfully performed. With the following test data [Relative Folder Path: "target/downloadedFiles/"]. @04-10-2021 22:50:47.0619 PM
[ReportManager] Attempting to run remotely on: [Linux-64], [GoogleChrome], [http://localhost:4444/wd/hub], Headless Execution. @04-10-2021 22:50:47.0620 PM
[ReportManager] Successfully Opened [GoogleChrome]. @04-10-2021 22:50:47.0804 P

################################################################################################################################################
Starting Execution:	[50 out of 144] test cases in the current suite
Test Method:		[unitTests.tests_element_elementActions.waitForElementToBePresent_false_expectedToPass]
################################################################################################################################################
[ReportManager] Target URL: [https://www.google.com/ncr], and after redirection: [www.google.com] @04-10-2021 22:50:47.0820 PM
[ReportManager] Initial URL: [data:,] @04-10-2021 22:50:47.0857 PM
[ReportManager] Browser Action [NavigateToURL] successfully performed. With the following test data [https://www.google.com/ncr]. @04-10-2021 22:50:48.0589 PM
[ReportManager] Waiting for element to be present; elementLocator [By.id: bla], numberOfTries[1], stateOfPresence[false]... @04-10-2021 22:50:48.0589 PM
[ReportManager] Element Action [WaitForElementToBePresent] successfully performed. With the following test data [waited for the element's state of presence to be (false). Element locator (By.id: bla)]. @04-10-2021 22:50:53.0695 P
[ReportManager] Browser Action [CloseCurrentWindow] successfully performed. @04-10-2021 22:50:53.0811 PM
[ReportManager] Successfully created attachment [Browser Action Test Data - CloseCurrentWindow - Actual Value] @04-10-2021 22:50:53.0812 P
[ReportManager] File Action [GetAbsolutePath] successfully performed. With the following test data [Relative Folder Path: "target/downloadedFiles/"]. @04-10-2021 22:50:53.0818 PM
[ReportManager] Attempting to run remotely on: [Linux-64], [GoogleChrome], [http://localhost:4444/wd/hub], Headless Execution. @04-10-2021 22:50:53.0818 PM
[ReportManager] Successfully Opened [GoogleChrome]. @04-10-2021 22:50:53.0999 P

################################################################################################################################################
Starting Execution:	[51 out of 144] test cases in the current suite
Test Method:		[unitTests.tests_element_elementActions.waitForElementToBePresent_moreThanOneElement_expectedToFail]
################################################################################################################################################
[ReportManager] Target URL: [https://www.google.com/ncr], and after redirection: [www.google.com] @04-10-2021 22:50:54.0012 PM
[ReportManager] Initial URL: [data:,] @04-10-2021 22:50:54.0066 PM
[ReportManager] Browser Action [NavigateToURL] successfully performed. With the following test data [https://www.google.com/ncr]. @04-10-2021 22:50:54.0784 PM
[ReportManager] Waiting for element to be present; elementLocator [By.xpath: //*], numberOfTries[1], stateOfPresence[false]... @04-10-2021 22:50:54.0784 PM
[ReportManager] Element Action [WaitForElementToBePresent] failed. With the following test data [waited for the element's state of presence to be (false). Element locator (By.xpath: //*)]. @04-10-2021 22:50:54.0968 PM
[ReportManager] Successfully created attachment [Screenshot - 1633387854912_waitForElementToBePresent_moreThanOneElement_expectedToFail_WaitForElementToBePresent_failed] @04-10-2021 22:50:54.0968 P
[ReportManager] Browser Action [CloseCurrentWindow] successfully performed. @04-10-2021 22:50:55.0081 PM
[ReportManager] Successfully created attachment [Browser Action Test Data - CloseCurrentWindow - Actual Value] @04-10-2021 22:50:55.0081 P
[ReportManager] File Action [GetAbsolutePath] successfully performed. With the following test data [Relative Folder Path: "target/downloadedFiles/"]. @04-10-2021 22:50:55.0085 PM
[ReportManager] Attempting to run remotely on: [Linux-64], [GoogleChrome], [http://localhost:4444/wd/hub], Headless Execution. @04-10-2021 22:50:55.0085 PM
[ReportManager] Successfully Opened [GoogleChrome]. @04-10-2021 22:50:55.0254 P

################################################################################################################################################
Starting Execution:	[52 out of 144] test cases in the current suite
Test Method:		[unitTests.tests_element_elementActions.waitForElementToBePresent_true_expectedToFail]
################################################################################################################################################
[ReportManager] Target URL: [https://www.google.com/ncr], and after redirection: [www.google.com] @04-10-2021 22:50:55.0267 PM
[ReportManager] Initial URL: [data:,] @04-10-2021 22:50:55.0319 PM
[ReportManager] Browser Action [NavigateToURL] successfully performed. With the following test data [https://www.google.com/ncr]. @04-10-2021 22:50:56.0029 PM
[ReportManager] Waiting for element to be present; elementLocator [By.id: bla], numberOfTries[1], stateOfPresence[true]... @04-10-2021 22:50:56.0029 PM
[ReportManager] Element Action [WaitForElementToBePresent] failed. With the following test data [waited for the element's state of presence to be (true). Element locator (By.id: bla)]. @04-10-2021 22:51:01.0251 PM
[ReportManager] Successfully created attachment [Screenshot - 1633387861197_waitForElementToBePresent_true_expectedToFail_WaitForElementToBePresent_failed] @04-10-2021 22:51:01.0252 P
[ReportManager] Browser Action [CloseCurrentWindow] successfully performed. @04-10-2021 22:51:01.0366 PM
[ReportManager] Successfully created attachment [Browser Action Test Data - CloseCurrentWindow - Actual Value] @04-10-2021 22:51:01.0367 P
[ReportManager] File Action [GetAbsolutePath] successfully performed. With the following test data [Relative Folder Path: "target/downloadedFiles/"]. @04-10-2021 22:51:01.0370 PM
[ReportManager] Attempting to run remotely on: [Linux-64], [GoogleChrome], [http://localhost:4444/wd/hub], Headless Execution. @04-10-2021 22:51:01.0370 PM
[ReportManager] Successfully Opened [GoogleChrome]. @04-10-2021 22:51:01.0543 P

################################################################################################################################################
Starting Execution:	[53 out of 144] test cases in the current suite
Test Method:		[unitTests.tests_element_elementActions.waitForElementToBePresent_true_expectedToPass]
################################################################################################################################################
[ReportManager] Target URL: [https://www.google.com/ncr], and after redirection: [www.google.com] @04-10-2021 22:51:01.0557 PM
[ReportManager] Initial URL: [data:,] @04-10-2021 22:51:01.0598 PM
[ReportManager] Browser Action [NavigateToURL] successfully performed. With the following test data [https://www.google.com/ncr]. @04-10-2021 22:51:02.0339 PM
[ReportManager] Waiting for element to be present; elementLocator [By.xpath: //*[@id='hplogo' or @alt='Google']], numberOfTries[1], stateOfPresence[true]... @04-10-2021 22:51:02.0339 PM
[ReportManager] Element Action [WaitForElementToBePresent] successfully performed. With the following test data [waited for the element's state of presence to be (true). Element locator (By.xpath: //*[@id='hplogo' or @alt='Google'])]. @04-10-2021 22:51:02.0387 PM
[ReportManager] File Action [DoesFileExist] successfully performed. With the following test data [File Path: "src/test/resources/DynamicObjectRepository/unitTests_tests_element_elementActions_waitForElementToBePresent_true_expectedToPass_By_xpath_id_hplogo_or_alt_Google.png"]. @04-10-2021 22:51:02.0393 PM
[ReportManager] File Action [DoesFileExist] successfully performed. With the following test data [File Path: "src/test/resources/DynamicObjectRepository/unitTests_tests_element_elementActions_waitForElementToBePresent_true_expectedToPass_By_xpath_id_hplogo_or_alt_Google.png"]. @04-10-2021 22:51:02.0526 PM
[ReportManager] Passing the test and saving a reference image @04-10-2021 22:51:02.0526 PM
[ReportManager] File Action [GetAbsolutePath] successfully performed. With the following test data [Relative File Path: "src/test/resources/DynamicObjectRepository/unitTests_tests_element_elementActions_waitForElementToBePresent_true_expectedToPass_By_xpath_id_hplogo_or_alt_Google.png"]. @04-10-2021 22:51:02.0526 PM
[ReportManager] File Action [WriteToFile] successfully performed. With the following test data [Target File Path: "/home/runner/work/SHAFT_ENGINE/SHAFT_ENGINE/src/test/resources/DynamicObjectRepository/unitTests_tests_element_elementActions_waitForElementToBePresent_true_expectedToPass_By_xpath_id_hplogo_or_alt_Google.png"]. @04-10-2021 22:51:02.0527 PM
[ReportManager] Assertion Passed: Using Visual AI; OpenCV @04-10-2021 22:51:02.0527 PM
[ReportManager] Successfully created attachment [Validation Test Data - Actual Screenshot] @04-10-2021 22:51:02.0528 PM
[ReportManager] Assertion [ValidateElementMatches] PASSED. Expected [Element should match the reference screenshot] and Actual [TRUE]. Comparison Type [EXACT_OPENCV]. Validation Type [POSITIVE]. @04-10-2021 22:51:02.0528 P
[ReportManager] Browser Action [CloseCurrentWindow] successfully performed. @04-10-2021 22:51:02.0648 PM
[ReportManager] Successfully created attachment [Browser Action Test Data - CloseCurrentWindow - Actual Value] @04-10-2021 22:51:02.0648 P
[ReportManager] File Action [GetAbsolutePath] successfully performed. With the following test data [Relative Folder Path: "target/downloadedFiles/"]. @04-10-2021 22:51:02.0652 PM
[ReportManager] Attempting to run remotely on: [Linux-64], [GoogleChrome], [http://localhost:4444/wd/hub], Headless Execution. @04-10-2021 22:51:02.0652 PM
[ReportManager] Successfully Opened [GoogleChrome]. @04-10-2021 22:51:02.0838 PM
[ReportManager] Target URL: [https://duckduckgo.com] @04-10-2021 22:51:02.0849 PM
[ReportManager] Initial URL: [data:,] @04-10-2021 22:51:02.0889 PM
[ReportManager] Browser Action [NavigateToURL] successfully performed. With the following test data [https://duckduckgo.com]. @04-10-2021 22:51:03.0609 P

################################################################################################################################################
Starting Execution:	[54 out of 144] test cases in the current suite
Test Method:		[unitTests.tests_browserActions.fullScreenWindow]
################################################################################################################################################
[ReportManager] Initial Windows Size: 800x600 @04-10-2021 22:51:03.0616 PM
[ReportManager] Initial window size: (800, 600) @04-10-2021 22:51:03.0624 PM
[ReportManager] Window size after Toolkit: (1920, 1080) @04-10-2021 22:51:03.0841 PM
[ReportManager] Browser Action [MaximizeWindow] successfully performed. With the following test data [New screen size is now: (1920, 1080)]. @04-10-2021 22:51:03.0845 PM
[ReportManager] Current Windows Size after fullScreen: 1920x1080 @04-10-2021 22:51:03.0850 PM
[ReportManager] Browser Action [FullScreenWindow] successfully performed. @04-10-2021 22:51:03.0876 PM
[ReportManager] Successfully created attachment [Browser Action Test Data - FullScreenWindow - Actual Value] @04-10-2021 22:51:03.0878 P
[ReportManager] Target URL: [https://duckduckgo.com] @04-10-2021 22:51:03.0882 PM
[ReportManager] Initial URL: [https://duckduckgo.com] @04-10-2021 22:51:03.0940 PM
[ReportManager] Browser Action [NavigateToURL] successfully performed. With the following test data [https://duckduckgo.com]. @04-10-2021 22:51:04.0272 PM
[ReportManager] Browser Action [CloseCurrentWindow] successfully performed. @04-10-2021 22:51:04.0386 PM
[ReportManager] Successfully created attachment [Browser Action Test Data - CloseCurrentWindow - Actual Value] @04-10-2021 22:51:04.0388 P
[ReportManager] File Action [GetAbsolutePath] successfully performed. With the following test data [Relative Folder Path: "target/downloadedFiles/"]. @04-10-2021 22:51:04.0393 PM
[ReportManager] Attempting to run remotely on: [Linux-64], [GoogleChrome], [http://localhost:4444/wd/hub], Headless Execution. @04-10-2021 22:51:04.0393 PM
[ReportManager] Successfully Opened [GoogleChrome]. @04-10-2021 22:51:04.0593 PM
[ReportManager] Target URL: [https://duckduckgo.com] @04-10-2021 22:51:04.0611 PM
[ReportManager] Initial URL: [data:,] @04-10-2021 22:51:04.0649 PM
[ReportManager] Browser Action [NavigateToURL] successfully performed. With the following test data [https://duckduckgo.com]. @04-10-2021 22:51:05.0250 P

################################################################################################################################################
Starting Execution:	[55 out of 144] test cases in the current suite
Test Method:		[unitTests.tests_browserActions.getCurrentURL]
################################################################################################################################################
[ReportManager] Browser Action [GetCurrentURL] successfully performed. With the following test data [https://duckduckgo.com/]. @04-10-2021 22:51:05.0289 P
[ReportManager] Target URL: [https://duckduckgo.com] @04-10-2021 22:51:05.0291 PM
[ReportManager] Initial URL: [https://duckduckgo.com] @04-10-2021 22:51:05.0362 PM
[ReportManager] Browser Action [NavigateToURL] successfully performed. With the following test data [https://duckduckgo.com]. @04-10-2021 22:51:05.0649 PM
[ReportManager] Browser Action [CloseCurrentWindow] successfully performed. @04-10-2021 22:51:05.0763 PM
[ReportManager] Successfully created attachment [Browser Action Test Data - CloseCurrentWindow - Actual Value] @04-10-2021 22:51:05.0764 P
[ReportManager] File Action [GetAbsolutePath] successfully performed. With the following test data [Relative Folder Path: "target/downloadedFiles/"]. @04-10-2021 22:51:05.0767 PM
[ReportManager] Attempting to run remotely on: [Linux-64], [GoogleChrome], [http://localhost:4444/wd/hub], Headless Execution. @04-10-2021 22:51:05.0768 PM
[ReportManager] Successfully Opened [GoogleChrome]. @04-10-2021 22:51:05.0972 PM
[ReportManager] Target URL: [https://duckduckgo.com] @04-10-2021 22:51:05.0983 PM
[ReportManager] Initial URL: [data:,] @04-10-2021 22:51:06.0045 PM
[ReportManager] Browser Action [NavigateToURL] successfully performed. With the following test data [https://duckduckgo.com]. @04-10-2021 22:51:06.0672 P

################################################################################################################################################
Starting Execution:	[56 out of 144] test cases in the current suite
Test Method:		[unitTests.tests_browserActions.getCurrentWindowTitle]
################################################################################################################################################
[ReportManager] Browser Action [GetCurrentWindowTitle] successfully performed. With the following test data [DuckDuckGo  Privacy, simplified.]. @04-10-2021 22:51:06.0712 P
[ReportManager] Target URL: [https://duckduckgo.com] @04-10-2021 22:51:06.0716 PM
[ReportManager] Initial URL: [https://duckduckgo.com] @04-10-2021 22:51:06.0768 PM
[ReportManager] Browser Action [NavigateToURL] successfully performed. With the following test data [https://duckduckgo.com]. @04-10-2021 22:51:07.0089 PM
[ReportManager] Browser Action [CloseCurrentWindow] successfully performed. @04-10-2021 22:51:07.0197 PM
[ReportManager] Successfully created attachment [Browser Action Test Data - CloseCurrentWindow - Actual Value] @04-10-2021 22:51:07.0198 P
[ReportManager] File Action [GetAbsolutePath] successfully performed. With the following test data [Relative Folder Path: "target/downloadedFiles/"]. @04-10-2021 22:51:07.0199 PM
[ReportManager] Attempting to run remotely on: [Linux-64], [GoogleChrome], [http://localhost:4444/wd/hub], Headless Execution. @04-10-2021 22:51:07.0200 PM
[ReportManager] Successfully Opened [GoogleChrome]. @04-10-2021 22:51:07.0653 PM
[ReportManager] Target URL: [https://duckduckgo.com] @04-10-2021 22:51:07.0663 PM
[ReportManager] Initial URL: [data:,] @04-10-2021 22:51:07.0718 PM
[ReportManager] Browser Action [NavigateToURL] successfully performed. With the following test data [https://duckduckgo.com]. @04-10-2021 22:51:08.0603 P

################################################################################################################################################
Starting Execution:	[57 out of 144] test cases in the current suite
Test Method:		[unitTests.tests_browserActions.getPageSource]
################################################################################################################################################
[ReportManager] Browser Action [GetPageSource] successfully performed. @04-10-2021 22:51:08.0647 PM
[ReportManager] Successfully created attachment [Browser Action Test Data - GetPageSource - Actual Value] @04-10-2021 22:51:08.0648 P
[ReportManager] Target URL: [https://duckduckgo.com] @04-10-2021 22:51:08.0654 PM
[ReportManager] Initial URL: [https://duckduckgo.com] @04-10-2021 22:51:08.0708 PM
[ReportManager] Browser Action [NavigateToURL] successfully performed. With the following test data [https://duckduckgo.com]. @04-10-2021 22:51:09.0070 PM
[ReportManager] Browser Action [CloseCurrentWindow] successfully performed. @04-10-2021 22:51:09.0174 PM
[ReportManager] Successfully created attachment [Browser Action Test Data - CloseCurrentWindow - Actual Value] @04-10-2021 22:51:09.0175 P
[ReportManager] File Action [GetAbsolutePath] successfully performed. With the following test data [Relative Folder Path: "target/downloadedFiles/"]. @04-10-2021 22:51:09.0178 PM
[ReportManager] Attempting to run remotely on: [Linux-64], [GoogleChrome], [http://localhost:4444/wd/hub], Headless Execution. @04-10-2021 22:51:09.0179 PM
[ReportManager] Successfully Opened [GoogleChrome]. @04-10-2021 22:51:09.0368 PM
[ReportManager] Target URL: [https://duckduckgo.com] @04-10-2021 22:51:09.0384 PM
[ReportManager] Initial URL: [data:,] @04-10-2021 22:51:09.0422 PM
[ReportManager] Browser Action [NavigateToURL] successfully performed. With the following test data [https://duckduckgo.com]. @04-10-2021 22:51:09.0992 P

################################################################################################################################################
Starting Execution:	[58 out of 144] test cases in the current suite
Test Method:		[unitTests.tests_browserActions.getWindowHandle]
################################################################################################################################################
[ReportManager] Browser Action [GetWindowHandle] successfully performed. With the following test data [CDwindow-32BF962F93AEA86895F5196CFACA4E05]. @04-10-2021 22:51:10.0026 P
[ReportManager] Target URL: [https://duckduckgo.com] @04-10-2021 22:51:10.0029 PM
[ReportManager] Initial URL: [https://duckduckgo.com] @04-10-2021 22:51:10.0076 PM
[ReportManager] Browser Action [NavigateToURL] successfully performed. With the following test data [https://duckduckgo.com]. @04-10-2021 22:51:10.0372 PM
[ReportManager] Browser Action [CloseCurrentWindow] successfully performed. @04-10-2021 22:51:10.0482 PM
[ReportManager] Successfully created attachment [Browser Action Test Data - CloseCurrentWindow - Actual Value] @04-10-2021 22:51:10.0482 P
[ReportManager] File Action [GetAbsolutePath] successfully performed. With the following test data [Relative Folder Path: "target/downloadedFiles/"]. @04-10-2021 22:51:10.0484 PM
[ReportManager] Attempting to run remotely on: [Linux-64], [GoogleChrome], [http://localhost:4444/wd/hub], Headless Execution. @04-10-2021 22:51:10.0484 PM
[ReportManager] Successfully Opened [GoogleChrome]. @04-10-2021 22:51:10.0705 PM
[ReportManager] Target URL: [https://duckduckgo.com] @04-10-2021 22:51:10.0714 PM
[ReportManager] Initial URL: [data:,] @04-10-2021 22:51:10.0752 PM
[ReportManager] Browser Action [NavigateToURL] successfully performed. With the following test data [https://duckduckgo.com]. @04-10-2021 22:51:11.0373 P

################################################################################################################################################
Starting Execution:	[59 out of 144] test cases in the current suite
Test Method:		[unitTests.tests_browserActions.getWindowPosition]
################################################################################################################################################
[ReportManager] Browser Action [GetWindowPosition] successfully performed. With the following test data [(0, 0)]. @04-10-2021 22:51:11.0406 P
[ReportManager] Target URL: [https://duckduckgo.com] @04-10-2021 22:51:11.0410 PM
[ReportManager] Initial URL: [https://duckduckgo.com] @04-10-2021 22:51:11.0465 PM
[ReportManager] Browser Action [NavigateToURL] successfully performed. With the following test data [https://duckduckgo.com]. @04-10-2021 22:51:11.0776 PM
[ReportManager] Browser Action [CloseCurrentWindow] successfully performed. @04-10-2021 22:51:11.0877 PM
[ReportManager] Successfully created attachment [Browser Action Test Data - CloseCurrentWindow - Actual Value] @04-10-2021 22:51:11.0878 P
[ReportManager] File Action [GetAbsolutePath] successfully performed. With the following test data [Relative Folder Path: "target/downloadedFiles/"]. @04-10-2021 22:51:11.0880 PM
[ReportManager] Attempting to run remotely on: [Linux-64], [GoogleChrome], [http://localhost:4444/wd/hub], Headless Execution. @04-10-2021 22:51:11.0880 PM
[ReportManager] Successfully Opened [GoogleChrome]. @04-10-2021 22:51:12.0058 PM
[ReportManager] Target URL: [https://duckduckgo.com] @04-10-2021 22:51:12.0072 PM
[ReportManager] Initial URL: [data:,] @04-10-2021 22:51:12.0108 PM
[ReportManager] Browser Action [NavigateToURL] successfully performed. With the following test data [https://duckduckgo.com]. @04-10-2021 22:51:12.0707 P

################################################################################################################################################
Starting Execution:	[60 out of 144] test cases in the current suite
Test Method:		[unitTests.tests_browserActions.getWindowSize]
################################################################################################################################################
[ReportManager] Browser Action [GetWindowSize] successfully performed. With the following test data [(800, 600)]. @04-10-2021 22:51:12.0744 P
[ReportManager] Target URL: [https://duckduckgo.com] @04-10-2021 22:51:12.0745 PM
[ReportManager] Initial URL: [https://duckduckgo.com] @04-10-2021 22:51:12.0793 PM
[ReportManager] Browser Action [NavigateToURL] successfully performed. With the following test data [https://duckduckgo.com]. @04-10-2021 22:51:13.0083 PM
[ReportManager] Browser Action [CloseCurrentWindow] successfully performed. @04-10-2021 22:51:13.0177 PM
[ReportManager] Successfully created attachment [Browser Action Test Data - CloseCurrentWindow - Actual Value] @04-10-2021 22:51:13.0178 P
[ReportManager] File Action [GetAbsolutePath] successfully performed. With the following test data [Relative Folder Path: "target/downloadedFiles/"]. @04-10-2021 22:51:13.0180 PM
[ReportManager] Attempting to run remotely on: [Linux-64], [GoogleChrome], [http://localhost:4444/wd/hub], Headless Execution. @04-10-2021 22:51:13.0181 PM
[ReportManager] Successfully Opened [GoogleChrome]. @04-10-2021 22:51:13.0351 PM
[ReportManager] Target URL: [https://duckduckgo.com] @04-10-2021 22:51:13.0378 PM
[ReportManager] Initial URL: [data:,] @04-10-2021 22:51:13.0415 PM
[ReportManager] Browser Action [NavigateToURL] successfully performed. With the following test data [https://duckduckgo.com]. @04-10-2021 22:51:14.0007 P

################################################################################################################################################
Starting Execution:	[61 out of 144] test cases in the current suite
Test Method:		[unitTests.tests_browserActions.maximizeWindow]
################################################################################################################################################
[ReportManager] Initial window size: (800, 600) @04-10-2021 22:51:14.0017 PM
[ReportManager] Window size after Toolkit: (1920, 1080) @04-10-2021 22:51:14.0242 PM
[ReportManager] Browser Action [MaximizeWindow] successfully performed. With the following test data [New screen size is now: (1920, 1080)]. @04-10-2021 22:51:14.0245 P
[ReportManager] Target URL: [https://duckduckgo.com] @04-10-2021 22:51:14.0247 PM
[ReportManager] Initial URL: [https://duckduckgo.com] @04-10-2021 22:51:14.0308 PM
[ReportManager] Browser Action [NavigateToURL] successfully performed. With the following test data [https://duckduckgo.com]. @04-10-2021 22:51:14.0604 PM
[ReportManager] Browser Action [CloseCurrentWindow] successfully performed. @04-10-2021 22:51:14.0698 PM
[ReportManager] Successfully created attachment [Browser Action Test Data - CloseCurrentWindow - Actual Value] @04-10-2021 22:51:14.0699 P
[ReportManager] File Action [GetAbsolutePath] successfully performed. With the following test data [Relative Folder Path: "target/downloadedFiles/"]. @04-10-2021 22:51:14.0702 PM
[ReportManager] Attempting to run remotely on: [Linux-64], [GoogleChrome], [http://localhost:4444/wd/hub], Headless Execution. @04-10-2021 22:51:14.0702 PM
[ReportManager] Successfully Opened [GoogleChrome]. @04-10-2021 22:51:14.0879 PM
[ReportManager] Target URL: [https://duckduckgo.com] @04-10-2021 22:51:14.0888 PM
[ReportManager] Initial URL: [data:,] @04-10-2021 22:51:14.0923 PM
[ReportManager] Browser Action [NavigateToURL] successfully performed. With the following test data [https://duckduckgo.com]. @04-10-2021 22:51:15.0533 P

################################################################################################################################################
Starting Execution:	[62 out of 144] test cases in the current suite
Test Method:		[unitTests.tests_browserActions.navigateBack]
################################################################################################################################################
[ReportManager] Target URL: [https://www.google.com/ncr], and after redirection: [https://www.google.com] @04-10-2021 22:51:15.0538 PM
[ReportManager] Initial URL: [https://duckduckgo.com] @04-10-2021 22:51:15.0591 PM
[ReportManager] Browser Action [NavigateToURL] successfully performed. With the following test data [https://www.google.com/ncr]. @04-10-2021 22:51:16.0356 PM
[ReportManager] Browser Action [NavigateBack] successfully performed. With the following test data [https://duckduckgo.com/]. @04-10-2021 22:51:16.0689 PM
[ReportManager] Browser Action [GetCurrentURL] successfully performed. With the following test data [https://duckduckgo.com/]. @04-10-2021 22:51:16.0726 PM
[ReportManager] Assertion Passed: Confirming that navigating back was successful @04-10-2021 22:51:16.0838 PM
[ReportManager] Successfully created attachment [Screenshot - 1633387876779_navigateBack_ValidateBrowserAttribute_passed] @04-10-2021 22:51:16.0839 PM
[ReportManager] Assertion [ValidateBrowserAttribute] PASSED. Expected [Value Should be 'https://duckduckgo.com' for the 'CurrentUrl' attribute] and Actual [https://duckduckgo.com/]. Comparison Type [CONTAINS]. Validation Type [POSITIVE]. @04-10-2021 22:51:16.0839 P
[ReportManager] Target URL: [https://duckduckgo.com] @04-10-2021 22:51:16.0844 PM
[ReportManager] Initial URL: [https://duckduckgo.com] @04-10-2021 22:51:16.0897 PM
[ReportManager] Browser Action [NavigateToURL] successfully performed. With the following test data [https://duckduckgo.com]. @04-10-2021 22:51:17.0236 PM
[ReportManager] Browser Action [CloseCurrentWindow] successfully performed. @04-10-2021 22:51:17.0328 PM
[ReportManager] Successfully created attachment [Browser Action Test Data - CloseCurrentWindow - Actual Value] @04-10-2021 22:51:17.0329 P
[ReportManager] File Action [GetAbsolutePath] successfully performed. With the following test data [Relative Folder Path: "target/downloadedFiles/"]. @04-10-2021 22:51:17.0332 PM
[ReportManager] Attempting to run remotely on: [Linux-64], [GoogleChrome], [http://localhost:4444/wd/hub], Headless Execution. @04-10-2021 22:51:17.0332 PM
[ReportManager] Successfully Opened [GoogleChrome]. @04-10-2021 22:51:17.0501 PM
[ReportManager] Target URL: [https://duckduckgo.com] @04-10-2021 22:51:17.0511 PM
[ReportManager] Initial URL: [data:,] @04-10-2021 22:51:17.0545 PM
[ReportManager] Browser Action [NavigateToURL] successfully performed. With the following test data [https://duckduckgo.com]. @04-10-2021 22:51:18.0118 P

################################################################################################################################################
Starting Execution:	[63 out of 144] test cases in the current suite
Test Method:		[unitTests.tests_browserActions.navigateForward]
################################################################################################################################################
[ReportManager] Target URL: [https://www.google.com/ncr], and after redirection: [https://www.google.com] @04-10-2021 22:51:18.0121 PM
[ReportManager] Initial URL: [https://duckduckgo.com] @04-10-2021 22:51:18.0170 PM
[ReportManager] Browser Action [NavigateToURL] successfully performed. With the following test data [https://www.google.com/ncr]. @04-10-2021 22:51:18.0911 PM
[ReportManager] Browser Action [NavigateBack] successfully performed. With the following test data [https://duckduckgo.com/]. @04-10-2021 22:51:19.0214 PM
[ReportManager] Browser Action [NavigateForward] successfully performed. With the following test data [https://www.google.com/]. @04-10-2021 22:51:19.0575 P
[ReportManager] Target URL: [https://duckduckgo.com] @04-10-2021 22:51:19.0577 PM
[ReportManager] Initial URL: [https://www.google.com] @04-10-2021 22:51:19.0657 PM
[ReportManager] Browser Action [NavigateToURL] successfully performed. With the following test data [https://duckduckgo.com]. @04-10-2021 22:51:20.0056 PM
[ReportManager] Browser Action [CloseCurrentWindow] successfully performed. @04-10-2021 22:51:20.0156 PM
[ReportManager] Successfully created attachment [Browser Action Test Data - CloseCurrentWindow - Actual Value] @04-10-2021 22:51:20.0157 P
[ReportManager] File Action [GetAbsolutePath] successfully performed. With the following test data [Relative Folder Path: "target/downloadedFiles/"]. @04-10-2021 22:51:20.0163 PM
[ReportManager] Attempting to run remotely on: [Linux-64], [GoogleChrome], [http://localhost:4444/wd/hub], Headless Execution. @04-10-2021 22:51:20.0163 PM
[ReportManager] Successfully Opened [GoogleChrome]. @04-10-2021 22:51:20.0356 PM
[ReportManager] Target URL: [https://duckduckgo.com] @04-10-2021 22:51:20.0368 PM
[ReportManager] Initial URL: [data:,] @04-10-2021 22:51:20.0408 PM
[ReportManager] Browser Action [NavigateToURL] successfully performed. With the following test data [https://duckduckgo.com]. @04-10-2021 22:51:20.0972 P

################################################################################################################################################
Starting Execution:	[64 out of 144] test cases in the current suite
Test Method:		[unitTests.tests_browserActions.navigateToURL]
################################################################################################################################################
[ReportManager] Target URL: [https://duckduckgo.com] @04-10-2021 22:51:20.0980 PM
[ReportManager] Initial URL: [https://duckduckgo.com] @04-10-2021 22:51:21.0047 PM
[ReportManager] Browser Action [NavigateToURL] successfully performed. With the following test data [https://duckduckgo.com]. @04-10-2021 22:51:21.0327 P
[ReportManager] Target URL: [https://duckduckgo.com] @04-10-2021 22:51:21.0331 PM
[ReportManager] Initial URL: [https://duckduckgo.com] @04-10-2021 22:51:21.0378 PM
[ReportManager] Browser Action [NavigateToURL] successfully performed. With the following test data [https://duckduckgo.com]. @04-10-2021 22:51:21.0660 PM
[ReportManager] Browser Action [CloseCurrentWindow] successfully performed. @04-10-2021 22:51:21.0753 PM
[ReportManager] Successfully created attachment [Browser Action Test Data - CloseCurrentWindow - Actual Value] @04-10-2021 22:51:21.0754 P
[ReportManager] File Action [GetAbsolutePath] successfully performed. With the following test data [Relative Folder Path: "target/downloadedFiles/"]. @04-10-2021 22:51:21.0756 PM
[ReportManager] Attempting to run remotely on: [Linux-64], [GoogleChrome], [http://localhost:4444/wd/hub], Headless Execution. @04-10-2021 22:51:21.0756 PM
[ReportManager] Successfully Opened [GoogleChrome]. @04-10-2021 22:51:21.0935 PM
[ReportManager] Target URL: [https://duckduckgo.com] @04-10-2021 22:51:21.0948 PM
[ReportManager] Initial URL: [data:,] @04-10-2021 22:51:21.0987 PM
[ReportManager] Browser Action [NavigateToURL] successfully performed. With the following test data [https://duckduckgo.com]. @04-10-2021 22:51:22.0549 P

################################################################################################################################################
Starting Execution:	[65 out of 144] test cases in the current suite
Test Method:		[unitTests.tests_browserActions.navigateToURLWithRedirection]
################################################################################################################################################
[ReportManager] Target URL: [https://www.google.com/ncr], and after redirection: [https://www.google.com] @04-10-2021 22:51:22.0551 PM
[ReportManager] Initial URL: [https://duckduckgo.com] @04-10-2021 22:51:22.0603 PM
[ReportManager] Browser Action [NavigateToURL] successfully performed. With the following test data [https://www.google.com/ncr]. @04-10-2021 22:51:23.0339 P
[ReportManager] Target URL: [https://duckduckgo.com] @04-10-2021 22:51:23.0341 PM
[ReportManager] Initial URL: [https://www.google.com] @04-10-2021 22:51:23.0407 PM
[ReportManager] Browser Action [NavigateToURL] successfully performed. With the following test data [https://duckduckgo.com]. @04-10-2021 22:51:23.0834 PM
[ReportManager] Browser Action [CloseCurrentWindow] successfully performed. @04-10-2021 22:51:23.0935 PM
[ReportManager] Successfully created attachment [Browser Action Test Data - CloseCurrentWindow - Actual Value] @04-10-2021 22:51:23.0935 P
[ReportManager] File Action [GetAbsolutePath] successfully performed. With the following test data [Relative Folder Path: "target/downloadedFiles/"]. @04-10-2021 22:51:23.0937 PM
[ReportManager] Attempting to run remotely on: [Linux-64], [GoogleChrome], [http://localhost:4444/wd/hub], Headless Execution. @04-10-2021 22:51:23.0938 PM
[ReportManager] Successfully Opened [GoogleChrome]. @04-10-2021 22:51:24.0107 PM
[ReportManager] Target URL: [https://duckduckgo.com] @04-10-2021 22:51:24.0145 PM
[ReportManager] Initial URL: [data:,] @04-10-2021 22:51:24.0188 PM
[ReportManager] Browser Action [NavigateToURL] successfully performed. With the following test data [https://duckduckgo.com]. @04-10-2021 22:51:24.0820 P

################################################################################################################################################
Starting Execution:	[66 out of 144] test cases in the current suite
Test Method:		[unitTests.tests_browserActions.refreshCurrentPage]
################################################################################################################################################
[ReportManager] Browser Action [RefreshCurrentPage] successfully performed. @04-10-2021 22:51:25.0009 PM
[ReportManager] Successfully created attachment [Browser Action Test Data - RefreshCurrentPage - Actual Value] @04-10-2021 22:51:25.0010 P
[ReportManager] Target URL: [https://duckduckgo.com] @04-10-2021 22:51:25.0022 PM
[ReportManager] Initial URL: [https://duckduckgo.com] @04-10-2021 22:51:25.0083 PM
[ReportManager] Browser Action [NavigateToURL] successfully performed. With the following test data [https://duckduckgo.com]. @04-10-2021 22:51:25.0352 PM
[ReportManager] Browser Action [CloseCurrentWindow] successfully performed. @04-10-2021 22:51:25.0452 PM
[ReportManager] Successfully created attachment [Browser Action Test Data - CloseCurrentWindow - Actual Value] @04-10-2021 22:51:25.0452 P
[ReportManager] File Action [GetAbsolutePath] successfully performed. With the following test data [Relative Folder Path: "target/downloadedFiles/"]. @04-10-2021 22:51:25.0454 PM
[ReportManager] Attempting to run remotely on: [Linux-64], [GoogleChrome], [http://localhost:4444/wd/hub], Headless Execution. @04-10-2021 22:51:25.0454 PM
[ReportManager] Successfully Opened [GoogleChrome]. @04-10-2021 22:51:25.0643 PM
[ReportManager] Target URL: [https://duckduckgo.com] @04-10-2021 22:51:25.0655 PM
[ReportManager] Initial URL: [data:,] @04-10-2021 22:51:25.0697 PM
[ReportManager] Browser Action [NavigateToURL] successfully performed. With the following test data [https://duckduckgo.com]. @04-10-2021 22:51:26.0268 P

################################################################################################################################################
Starting Execution:	[67 out of 144] test cases in the current suite
Test Method:		[unitTests.tests_browserActions.setWindowSize]
################################################################################################################################################
[ReportManager] Initial window size: (800, 600) @04-10-2021 22:51:26.0278 PM
[ReportManager] Window size after SWD: (1280, 720) @04-10-2021 22:51:26.0497 PM
[ReportManager] Browser Action [SetWindowSize] successfully performed. With the following test data [New screen size is now: (1280, 720)]. @04-10-2021 22:51:26.0498 P
[ReportManager] Target URL: [https://duckduckgo.com] @04-10-2021 22:51:26.0500 PM
[ReportManager] Initial URL: [https://duckduckgo.com] @04-10-2021 22:51:26.0561 PM
[ReportManager] Browser Action [NavigateToURL] successfully performed. With the following test data [https://duckduckgo.com]. @04-10-2021 22:51:26.0864 PM
[ReportManager] Browser Action [CloseCurrentWindow] successfully performed. @04-10-2021 22:51:26.0962 PM
[ReportManager] Successfully created attachment [Browser Action Test Data - CloseCurrentWindow - Actual Value] @04-10-2021 22:51:26.0963 P
[ReportManager] Successfully loaded the following test data file [src/test/resources/TestDataFiles/testSuite01/TestData.xlsx]. @04-10-2021 22:51:27.0576 PM
[ReportManager] Successfully created attachment [Test Data - Excel] @04-10-2021 22:51:27.0577 P

################################################################################################################################################
Starting Execution:	[68 out of 144] test cases in the current suite
Test Method:		[unitTests.tests_io_excelFileManager.getCellData_rowName_expectedToPass]
################################################################################################################################################
[ReportManager] testRowData. @04-10-2021 22:51:27.0586 P
[ReportManager] Successfully loaded the following test data file [src/test/resources/TestDataFiles/testSuite01/TestData.xlsx]. @04-10-2021 22:51:27.0612 PM
[ReportManager] Successfully created attachment [Test Data - Excel] @04-10-2021 22:51:27.0612 PM
[ReportManager] File Action [GetAbsolutePath] successfully performed. With the following test data [Relative Folder Path: "target/downloadedFiles/"]. @04-10-2021 22:51:27.0613 PM
[ReportManager] Attempting to run remotely on: [Linux-64], [GoogleChrome], [http://localhost:4444/wd/hub], Headless Execution. @04-10-2021 22:51:27.0613 PM
[ReportManager] Successfully Opened [GoogleChrome]. @04-10-2021 22:51:27.0901 P

################################################################################################################################################
Starting Execution:	[69 out of 144] test cases in the current suite
Test Method:		[testPackage01.Test_google.navigateToURLandVerifyGoogleLogoIsDisplayed]
Test Description:	[TC001 - Navigate to URL and Verify Google Logo is Displayed]
################################################################################################################################################
[ReportManager] Target URL: [https://www.google.com/ncr], and after redirection: [https://www.google.com] @04-10-2021 22:51:27.0918 PM
[ReportManager] Initial URL: [data:,] @04-10-2021 22:51:27.0968 PM
[ReportManager] Browser Action [NavigateToURL] successfully performed. With the following test data [https://www.google.com/ncr]. @04-10-2021 22:51:30.0471 PM
[ReportManager] Loaded Shared OpenCV @04-10-2021 22:51:30.0643 PM
[ReportManager] Assertion [ValidateElementExists] PASSED. Expected [Element Should Exist, locator 'By.xpath: //*[@id='hplogo' or @alt='Google']'] and Actual [Element Exists]. Comparison Type [EQUALS]. Validation Type [POSITIVE]. @04-10-2021 22:51:30.0707 PM
[ReportManager] Successfully created attachment [Screenshot - 1633387890643_navigateToURLandVerifyGoogleLogoIsDisplayed_ValidateElementExists_passed] @04-10-2021 22:51:30.0708 P

################################################################################################################################################
Starting Execution:	[70 out of 144] test cases in the current suite
Test Method:		[testPackage01.Test_google.searchForQueryandAssertResultsNumDisplayed]
Test Description:	[TC002 - Search for Query and Assert that the number of results is displayed]
################################################################################################################################################
[ReportManager] Element Action [Type] successfully performed. With the following test data [SHAFT_Engine]. @04-10-2021 22:51:31.0075 PM
[ReportManager] Element Action [KeyPress] successfully performed. With the following test data [Enter]. @04-10-2021 22:51:32.0796 PM
[ReportManager] Element Action [GetText] successfully performed. With the following test data [About 1,160,000 results (0.80 seconds) ]. @04-10-2021 22:51:32.0871 PM
[ReportManager] Loaded Shared OpenCV @04-10-2021 22:51:32.0998 PM
[ReportManager] Assertion [ValidateElementAttribute] PASSED. Expected [Value Should not be '' for the 'Text' attribute, element locator 'By.id: appbar'] and Actual [About 1,160,000 results (0.80 seconds) ]. Comparison Type [EQUALS]. Validation Type [NEGATIVE]. @04-10-2021 22:51:33.0074 PM
[ReportManager] Successfully created attachment [Screenshot - 1633387892998_searchForQueryandAssertResultsNumDisplayed_ValidateElementAttribute_passed] @04-10-2021 22:51:33.0076 P

################################################################################################################################################
Starting Execution:	[71 out of 144] test cases in the current suite
Test Method:		[testPackage01.Test_google.clickNextThrice]
Test Description:	[TC003 - Clicks the next button to make sure that the framework can scroll element into view before clicking it]
################################################################################################################################################
[ReportManager] Element Action [Click] successfully performed. With the following test data [Next]. @04-10-2021 22:51:34.0984 P
[ReportManager] Browser Action [CloseCurrentWindow] successfully performed. @04-10-2021 22:51:35.0168 PM
[ReportManager] Successfully created attachment [Browser Action Test Data - CloseCurrentWindow - Actual Value] @04-10-2021 22:51:35.0173 P

################################################################################################################################################
Starting Execution:	[72 out of 144] test cases in the current suite
Test Method:		[testPackage01.Test_testData.f]
################################################################################################################################################
[ReportManager] Successfully loaded the following test data file [src/test/resources/TestDataFiles/testSuite01/TestData.xlsx]. @04-10-2021 22:51:35.0227 PM
[ReportManager] Successfully created attachment [Test Data - Excel] @04-10-2021 22:51:35.0227 PM
[ReportManager] Last Column Number is: [3]. Zero-based. @04-10-2021 22:51:35.0228 P

################################################################################################################################################
Starting Execution:	[73 out of 144] test cases in the current suite
Test Method:		[testPackage01.Test_PDF.testPDF_Downloaded]
################################################################################################################################################
[ReportManager] File Action [DoesFileExist] successfully performed. With the following test data [File Path: "src/test/resources/TestDataFiles/sample.pdf"]. @04-10-2021 22:51:35.0244 PM
[ReportManager] File Action [GetAbsolutePath] successfully performed. With the following test data [Relative File Path: "src/test/resources/TestDataFiles/sample.pdf"]. @04-10-2021 22:51:35.0244 PM
[ReportManager] Assertion [ValidateTrue] PASSED. Expected [TRUE] and Actual [TRUE]. Validation Type [POSITIVE]. @04-10-2021 22:51:35.0823 P

################################################################################################################################################
Starting Execution:	[74 out of 144] test cases in the current suite
Test Method:		[testPackage01.Test_JSONFileManager.readStringFromJson]
################################################################################################################################################
[ReportManager] Successfully loaded the following test data file [src/test/resources/TestDataFiles/simpleJSON.json]. @04-10-2021 22:51:35.0829 PM
[ReportManager] Successfully created attachment [Test Data - JSON] @04-10-2021 22:51:35.0829 PM
[ReportManager] Assertion [ValidateEquals] PASSED. Expected [Mohab Mohie] and Actual [Mohab Mohie]. Comparison Type [EQUALS]. Validation Type [POSITIVE]. @04-10-2021 22:51:35.0850 P
[ReportManager] File Action [GetAbsolutePath] successfully performed. With the following test data [Relative Folder Path: "target/downloadedFiles/"]. @04-10-2021 22:51:35.0853 PM
[ReportManager] Attempting to run remotely on: [Linux-64], [GoogleChrome], [http://localhost:4444/wd/hub], Headless Execution. @04-10-2021 22:51:35.0853 PM
[ReportManager] Successfully Opened [GoogleChrome]. @04-10-2021 22:51:36.0037 P

################################################################################################################################################
Starting Execution:	[75 out of 144] test cases in the current suite
Test Method:		[testPackage01.Test_dragAndDrop.dragAndDropJquery]
################################################################################################################################################
[ReportManager] Target URL: [https://jqueryui.com/resources/demos/droppable/default.html] @04-10-2021 22:51:36.0050 PM
[ReportManager] Initial URL: [data:,] @04-10-2021 22:51:36.0089 PM
[ReportManager] Browser Action [NavigateToURL] successfully performed. With the following test data [https://jqueryui.com/resources/demos/droppable/default.html]. @04-10-2021 22:51:36.0606 PM
[ReportManager] Element Action [GetText] successfully performed. With the following test data [Drop here]. @04-10-2021 22:51:36.0681 PM
[ReportManager] Element Action [DragAndDrop] successfully performed. With the following test data [Start point: (8, 18), End point: (8, 18)]. @04-10-2021 22:51:38.0010 PM
[ReportManager] Element Action [GetText] successfully performed. With the following test data [Dropped!]. @04-10-2021 22:51:38.0067 PM
[ReportManager] Assertion Passed: Checking to see if the text has changed after performing drag and drop @04-10-2021 22:51:38.0068 PM
[ReportManager] Assertion [ValidateEquals] PASSED. Expected [Drop here] and Actual [Dropped!]. Comparison Type [EQUALS]. Validation Type [NEGATIVE]. @04-10-2021 22:51:38.0068 P
[ReportManager] Browser Action [CloseCurrentWindow] successfully performed. @04-10-2021 22:51:38.0176 PM
[ReportManager] Successfully created attachment [Browser Action Test Data - CloseCurrentWindow - Actual Value] @04-10-2021 22:51:38.0177 P
[ReportManager] File Action [GetAbsolutePath] successfully performed. With the following test data [Relative Folder Path: "target/downloadedFiles/"]. @04-10-2021 22:51:38.0178 PM
[ReportManager] Attempting to run remotely on: [Linux-64], [GoogleChrome], [http://localhost:4444/wd/hub], Headless Execution. @04-10-2021 22:51:38.0178 PM
[ReportManager] Successfully Opened [GoogleChrome]. @04-10-2021 22:51:38.0357 P

################################################################################################################################################
Starting Execution:	[76 out of 144] test cases in the current suite
Test Method:		[testPackage01.Test_dragAndDrop.dragAndDrop]
Test Description:	[TC001 - Test Drag and Drop function.]
################################################################################################################################################
[ReportManager] Target URL: [http://the-internet.herokuapp.com/drag_and_drop] @04-10-2021 22:51:38.0372 PM
[ReportManager] Initial URL: [data:,] @04-10-2021 22:51:38.0412 PM
[ReportManager] Browser Action [NavigateToURL] successfully performed. With the following test data [http://the-internet.herokuapp.com/drag_and_drop]. @04-10-2021 22:51:39.0003 PM
[ReportManager] Attempting Drag and Drop @04-10-2021 22:51:39.0004 PM
[ReportManager] Element Action [DragAndDrop] successfully performed. With the following test data [Start point: (32, 90), End point: (247, 90)]. @04-10-2021 22:51:40.0181 P
[ReportManager] Browser Action [CloseCurrentWindow] successfully performed. @04-10-2021 22:51:40.0275 PM
[ReportManager] Successfully created attachment [Browser Action Test Data - CloseCurrentWindow - Actual Value] @04-10-2021 22:51:40.0276 P
[ReportManager] File Action [GetAbsolutePath] successfully performed. With the following test data [Relative Folder Path: "target/downloadedFiles/"]. @04-10-2021 22:51:40.0278 PM
[ReportManager] Attempting to run remotely on: [Linux-64], [GoogleChrome], [http://localhost:4444/wd/hub], Headless Execution. @04-10-2021 22:51:40.0278 PM
[ReportManager] Successfully Opened [GoogleChrome]. @04-10-2021 22:51:40.0447 P

################################################################################################################################################
Starting Execution:	[77 out of 144] test cases in the current suite
Test Method:		[testPackage01.Test_dragAndDrop.dragAndDropByOffset]
Test Description:	[TC002 - Test Drag and Drop by offset function.]
################################################################################################################################################
[ReportManager] Target URL: [https://jqueryui.com/resources/demos/draggable/default.html] @04-10-2021 22:51:40.0480 PM
[ReportManager] Initial URL: [data:,] @04-10-2021 22:51:40.0525 PM
[ReportManager] Browser Action [NavigateToURL] successfully performed. With the following test data [https://jqueryui.com/resources/demos/draggable/default.html]. @04-10-2021 22:51:40.0988 PM
[ReportManager] Element Action [DragAndDropByOffset] successfully performed. With the following test data [Start point: (8, 8), End point: (108, 58)]. @04-10-2021 22:51:41.0128 P
[ReportManager] Browser Action [CloseCurrentWindow] successfully performed. @04-10-2021 22:51:41.0220 PM
[ReportManager] Successfully created attachment [Browser Action Test Data - CloseCurrentWindow - Actual Value] @04-10-2021 22:51:41.0221 P
[ReportManager] File Action [GetAbsolutePath] successfully performed. With the following test data [Relative Folder Path: "target/downloadedFiles/"]. @04-10-2021 22:51:41.0222 PM
[ReportManager] Attempting to run remotely on: [Linux-64], [GoogleChrome], [http://localhost:4444/wd/hub], Headless Execution. @04-10-2021 22:51:41.0222 PM
[ReportManager] Successfully Opened [GoogleChrome]. @04-10-2021 22:51:41.0433 P

################################################################################################################################################
Starting Execution:	[78 out of 144] test cases in the current suite
Test Method:		[testPackage01.Test_verifyEquals.test_assertElementAttribute]
################################################################################################################################################
[ReportManager] Target URL: [https://www.google.com/ncr], and after redirection: [https://www.google.com] @04-10-2021 22:51:41.0446 PM
[ReportManager] Initial URL: [data:,] @04-10-2021 22:51:41.0484 PM
[ReportManager] Browser Action [NavigateToURL] successfully performed. With the following test data [https://www.google.com/ncr]. @04-10-2021 22:51:43.0175 PM
[ReportManager] Element Action [Type] successfully performed. With the following test data [INC_004010050:Another SCHEDULER with the same name [Duplicate Job Name] already exists.]. @04-10-2021 22:51:43.0732 PM
[ReportManager] Element Action [GetText] successfully performed. With the following test data [INC_004010050:Another SCHEDULER with the same name [Duplicate Job Name] already exists.]. @04-10-2021 22:51:43.0812 PM
[ReportManager] Loaded Shared OpenCV @04-10-2021 22:51:43.0930 PM
[ReportManager] Verification [ValidateElementAttribute] PASSED. Expected [Value Should be 'INC_004010050:Another SCHEDULER with the same name \[Duplicate Job Name\] already exists.' for the 'text' attribute, element locator 'By.name: q'] and Actual [INC_004010050:Another SCHEDULER with the same name [Duplicate Job Name] already exists.]. Comparison Type [MATCHES]. Validation Type [POSITIVE]. @04-10-2021 22:51:44.0057 PM
[ReportManager] Successfully created attachment [Screenshot - 1633387903930_test_assertElementAttribute_ValidateElementAttribute_passed] @04-10-2021 22:51:44.0058 P
[ReportManager] Browser Action [CloseCurrentWindow] successfully performed. @04-10-2021 22:51:44.0185 PM
[ReportManager] Successfully created attachment [Browser Action Test Data - CloseCurrentWindow - Actual Value] @04-10-2021 22:51:44.0186 P
[ReportManager] Successfully loaded the following test data file [src/test/resources/TestDataFiles/testSuite01/TestData.xlsx]. @04-10-2021 22:51:44.0228 PM
[ReportManager] Successfully created attachment [Test Data - Excel] @04-10-2021 22:51:44.0228 PM
[ReportManager] Attempting to run using Playwright locally on: [Linux-64], [GoogleChrome], Headless Execution. @04-10-2021 22:52:02.0939 PM
[ReportManager] File Action [GetAbsolutePath] successfully performed. With the following test data [Relative Folder Path: "target/downloadedFiles/"]. @04-10-2021 22:52:02.0940 PM
[ReportManager] Initial window size: (1280, 720) @04-10-2021 22:52:03.0199 PM
[ReportManager] Window size after Toolkit: com.microsoft.playwright.options.ViewportSize@47893d43 @04-10-2021 22:52:03.0203 PM
[ReportManager] Browser Action [MaximizeWindow] successfully performed. With the following test data [New screen size is now: (1920, 1080)]. @04-10-2021 22:52:03.0203 P

################################################################################################################################################
Starting Execution:	[79 out of 144] test cases in the current suite
Test Method:		[testPackage01.Test_google_playwright.navigateToURLandVerifyGoogleLogoIsDisplayed]
Test Description:	[TC001 - Navigate to URL and Verify Google Logo is Displayed]
################################################################################################################################################
[ReportManager] Target URL: [https://www.google.com/ncr], and after redirection: [https://www.google.com] @04-10-2021 22:52:03.0205 PM
[ReportManager] Initial URL: [about:blank] @04-10-2021 22:52:03.0690 PM
[ReportManager] Browser Action [NavigateToURL] successfully performed. With the following test data [https://www.google.com/ncr]. @04-10-2021 22:52:04.0829 PM
[ReportManager] Loaded Shared OpenCV @04-10-2021 22:52:05.0017 PM
[ReportManager] Assertion [ValidateElementExists] PASSED. Expected [Element Should Exist, locator 'xpath=//*[@id='hplogo' or @alt='Google']'] and Actual [Element Exists]. Comparison Type [EQUALS]. Validation Type [POSITIVE]. @04-10-2021 22:52:05.0201 PM
[ReportManager] Successfully created attachment [Screenshot - 1633387925013_navigateToURLandVerifyGoogleLogoIsDisplayed_ValidateElementExists_passed] @04-10-2021 22:52:05.0202 P

################################################################################################################################################
Starting Execution:	[80 out of 144] test cases in the current suite
Test Method:		[testPackage01.Test_google_playwright.searchForQueryandAssertResultsNumDisplayed]
Test Description:	[TC002 - Search for Query and Assert that the number of results is displayed]
################################################################################################################################################
[ReportManager] Element Action [Type] successfully performed. With the following test data [SHAFT_Engine]. @04-10-2021 22:52:05.0413 PM
[ReportManager] Element Action [KeyPress] successfully performed. With the following test data [Enter]. @04-10-2021 22:52:05.0466 PM
[ReportManager] Element Action [GetText] successfully performed. With the following test data [About 1,160,000 results (0.79 seconds)]. @04-10-2021 22:52:06.0472 PM
[ReportManager] Loaded Shared OpenCV @04-10-2021 22:52:07.0782 PM
[ReportManager] Assertion [ValidateElementAttribute] PASSED. Expected [Value Should not be '' for the 'text' attribute, element locator 'xpath=//div[@id='appbar']'] and Actual [About 1,160,000 results (0.79 seconds)]. Comparison Type [EQUALS]. Validation Type [NEGATIVE]. @04-10-2021 22:52:08.0005 PM
[ReportManager] Successfully created attachment [Screenshot - 1633387927780_searchForQueryandAssertResultsNumDisplayed_ValidateElementAttribute_passed] @04-10-2021 22:52:08.0007 P

################################################################################################################################################
Starting Execution:	[81 out of 144] test cases in the current suite
Test Method:		[testPackage01.Test_google_playwright.clickNextThrice]
Test Description:	[TC003 - Clicks the next button to make sure that the framework can scroll element into view before clicking it]
################################################################################################################################################
[ReportManager] Element Action [Click] successfully performed. With the following test data [Next]. @04-10-2021 22:52:08.0235 P
[ReportManager] Failed to find video recording. @04-10-2021 22:52:08.0237 PM
[ReportManager] Successfully Closed PlayWright Driver. @04-10-2021 22:52:08.0282 P

################################################################################################################################################
Starting Execution:	[82 out of 144] test cases in the current suite
Test Method:		[testPackage01.Test_JsonActions.f]
###############################################################################################################################################

################################################################################################################################################
Starting Execution:	[83 out of 144] test cases in the current suite
Test Method:		[testPackage01.Test_JsonActions.f2]
###############################################################################################################################################

################################################################################################################################################
Starting Execution:	[84 out of 144] test cases in the current suite
Test Method:		[testPackage01.Test_AssertApiResponseEquals.assertApiResponseEquals_expectedToPass]
################################################################################################################################################
[ReportManager] Response status code: [200], status line: [HTTP/1.1 200 OK] @04-10-2021 22:52:08.0398 PM
[ReportManager] Assertion Passed: Evaluating the actual response status code against the expected one... @04-10-2021 22:52:08.0398 PM
[ReportManager] Assertion [ValidateEquals] PASSED. Expected [200] and Actual [200]. Comparison Type [EQUALS]. Validation Type [POSITIVE]. @04-10-2021 22:52:08.0399 PM
[ReportManager] API Action [PerformRequest] successfully performed. With the following test data [Request Type: "GET" | Target Status Code: "200" | Service URL: "https://jsonplaceholder.typicode.com/users" | Content Type: "*/*" | Response Time: "75ms"]. @04-10-2021 22:52:08.0415 PM
[ReportManager] Successfully created attachment [API Request - Specifications] @04-10-2021 22:52:08.0416 PM
[ReportManager] Successfully created attachment [API Response - JSON Body] @04-10-2021 22:52:08.0416 PM
[ReportManager] API Action [GetResponseJSONValueAsList] successfully performed. With the following test data [$]. @04-10-2021 22:52:08.0419 PM
[ReportManager] API Action [GetResponseJSONValue] successfully performed. With the following test data [name]. @04-10-2021 22:52:08.0430 PM
[ReportManager] API Action [GetResponseJSONValue] successfully performed. With the following test data [email]. @04-10-2021 22:52:08.0438 PM
[ReportManager] Verification [ValidateEquals] PASSED. Expected [Sincere@april.biz] and Actual [Sincere@april.biz]. Comparison Type [EQUALS]. Validation Type [POSITIVE]. @04-10-2021 22:52:08.0439 PM
[ReportManager] API Action [GetResponseJSONValue] successfully performed. With the following test data [username]. @04-10-2021 22:52:08.0450 PM
[ReportManager] Assertion [ValidateEquals] PASSED. Expected [Bret] and Actual [Bret]. Comparison Type [EQUALS]. Validation Type [POSITIVE]. @04-10-2021 22:52:08.0450 PM
[ReportManager] API Action [GetResponseJSONValue] successfully performed. With the following test data [name]. @04-10-2021 22:52:08.0458 PM
[ReportManager] API Action [GetResponseJSONValue] successfully performed. With the following test data [name]. @04-10-2021 22:52:08.0465 PM
[ReportManager] API Action [GetResponseJSONValue] successfully performed. With the following test data [name]. @04-10-2021 22:52:08.0472 PM
[ReportManager] API Action [GetResponseJSONValue] successfully performed. With the following test data [name]. @04-10-2021 22:52:08.0479 PM
[ReportManager] API Action [GetResponseJSONValue] successfully performed. With the following test data [name]. @04-10-2021 22:52:08.0487 PM
[ReportManager] API Action [GetResponseJSONValue] successfully performed. With the following test data [name]. @04-10-2021 22:52:08.0494 PM
[ReportManager] API Action [GetResponseJSONValue] successfully performed. With the following test data [name]. @04-10-2021 22:52:08.0501 PM
[ReportManager] API Action [GetResponseJSONValue] successfully performed. With the following test data [name]. @04-10-2021 22:52:08.0508 PM
[ReportManager] API Action [GetResponseJSONValue] successfully performed. With the following test data [name]. @04-10-2021 22:52:08.0538 P
[ReportManager] File Action [GetAbsolutePath] successfully performed. With the following test data [Relative Folder Path: "target/downloadedFiles/"]. @04-10-2021 22:52:08.0542 PM
[ReportManager] Attempting to run remotely on: [Linux-64], [GoogleChrome], [http://localhost:4444/wd/hub], Headless Execution. @04-10-2021 22:52:08.0543 PM
[ReportManager] Successfully Opened [GoogleChrome]. @04-10-2021 22:52:08.0814 P

################################################################################################################################################
Starting Execution:	[85 out of 144] test cases in the current suite
Test Method:		[testPackage01.Test_ShadowDOM.shadowdom]
################################################################################################################################################
[ReportManager] Target URL: [https://mdn.github.io/web-components-examples/popup-info-box-web-component/] @04-10-2021 22:52:08.0827 PM
[ReportManager] Initial URL: [data:,] @04-10-2021 22:52:08.0873 PM
[ReportManager] Browser Action [NavigateToURL] successfully performed. With the following test data [https://mdn.github.io/web-components-examples/popup-info-box-web-component/]. @04-10-2021 22:52:09.0197 PM
[ReportManager] Element Action [Type] successfully performed. With the following test data [Typing into SHADOW DOM...]. @04-10-2021 22:52:09.0446 PM
[ReportManager] Element Action [GetText] successfully performed. With the following test data [Typing into SHADOW DOM...]. @04-10-2021 22:52:09.0548 PM
[ReportManager] Loaded Shared OpenCV @04-10-2021 22:52:09.0652 PM
[ReportManager] Assertion [ValidateElementAttribute] PASSED. Expected [Value Should be 'Typing into SHADOW DOM...' for the 'Text' attribute, element locator 'By.id: cvc'] and Actual [Typing into SHADOW DOM...]. Comparison Type [EQUALS]. Validation Type [POSITIVE]. @04-10-2021 22:52:09.0709 PM
[ReportManager] Successfully created attachment [Screenshot - 1633387929652_shadowdom_ValidateElementAttribute_passed] @04-10-2021 22:52:09.0710 P
[ReportManager] Browser Action [CloseCurrentWindow] successfully performed. @04-10-2021 22:52:09.0794 PM
[ReportManager] Successfully created attachment [Browser Action Test Data - CloseCurrentWindow - Actual Value] @04-10-2021 22:52:09.0794 P

################################################################################################################################################
Starting Execution:	[86 out of 144] test cases in the current suite
Test Method:		[testPackage01.Test_SelectedValue.multipleSelect]
################################################################################################################################################
[ReportManager] File Action [GetAbsolutePath] successfully performed. With the following test data [Relative Folder Path: "target/downloadedFiles/"]. @04-10-2021 22:52:09.0799 PM
[ReportManager] Attempting to run remotely on: [Linux-64], [GoogleChrome], [http://localhost:4444/wd/hub], Headless Execution. @04-10-2021 22:52:09.0799 PM
[ReportManager] Successfully Opened [GoogleChrome]. @04-10-2021 22:52:09.0979 PM
[ReportManager] Target URL: [https://yari-demos.prod.mdn.mozit.cloud/en-US/docs/Web/HTML/Element/select/_sample_.Advanced_select_with_multiple_features.html] @04-10-2021 22:52:09.0994 PM
[ReportManager] Initial URL: [data:,] @04-10-2021 22:52:10.0029 PM
[ReportManager] Browser Action [NavigateToURL] successfully performed. With the following test data [https://yari-demos.prod.mdn.mozit.cloud/en-US/docs/Web/HTML/Element/select/_sample_.Advanced_select_with_multiple_features.html]. @04-10-2021 22:52:10.0361 PM
[ReportManager] Element Action [Select] successfully performed. With the following test data [Dog]. @04-10-2021 22:52:10.0561 PM
[ReportManager] Element Action [Select] successfully performed. With the following test data [Cat]. @04-10-2021 22:52:10.0759 PM
[ReportManager] Element Action [GetSelectedText] successfully performed. With the following test data [DogCat]. @04-10-2021 22:52:10.0888 PM
[ReportManager] DogCat @04-10-2021 22:52:10.0888 PM
[ReportManager] Element Action [GetSelectedText] successfully performed. With the following test data [DogCat]. @04-10-2021 22:52:11.0018 PM
[ReportManager] Loaded Shared OpenCV @04-10-2021 22:52:11.0116 PM
[ReportManager] Assertion [ValidateElementAttribute] PASSED. Expected [Value Should be 'DogCat' for the 'selectedText' attribute, element locator 'By.tagName: select'] and Actual [DogCat]. Comparison Type [EQUALS]. Validation Type [POSITIVE]. @04-10-2021 22:52:11.0186 PM
[ReportManager] Successfully created attachment [Screenshot - 1633387931116_multipleSelect_ValidateElementAttribute_passed] @04-10-2021 22:52:11.0186 PM
[ReportManager] Browser Action [CloseCurrentWindow] successfully performed. @04-10-2021 22:52:11.0279 PM
[ReportManager] Successfully created attachment [Browser Action Test Data - CloseCurrentWindow - Actual Value] @04-10-2021 22:52:11.0280 P

################################################################################################################################################
Starting Execution:	[87 out of 144] test cases in the current suite
Test Method:		[testPackage01.Test_SelectedValue.simpleSelect]
################################################################################################################################################
[ReportManager] File Action [GetAbsolutePath] successfully performed. With the following test data [Relative Folder Path: "target/downloadedFiles/"]. @04-10-2021 22:52:11.0285 PM
[ReportManager] Attempting to run remotely on: [Linux-64], [GoogleChrome], [http://localhost:4444/wd/hub], Headless Execution. @04-10-2021 22:52:11.0285 PM
[ReportManager] Successfully Opened [GoogleChrome]. @04-10-2021 22:52:11.0457 PM
[ReportManager] Target URL: [https://yari-demos.prod.mdn.mozit.cloud/en-US/docs/Web/HTML/Element/select/_sample_.Basic_select.html] @04-10-2021 22:52:11.0468 PM
[ReportManager] Initial URL: [data:,] @04-10-2021 22:52:11.0513 PM
[ReportManager] Browser Action [NavigateToURL] successfully performed. With the following test data [https://yari-demos.prod.mdn.mozit.cloud/en-US/docs/Web/HTML/Element/select/_sample_.Basic_select.html]. @04-10-2021 22:52:11.0768 PM
[ReportManager] Element Action [Select] successfully performed. With the following test data [Third Value]. @04-10-2021 22:52:12.0070 PM
[ReportManager] Element Action [GetSelectedText] successfully performed. With the following test data [Third Value]. @04-10-2021 22:52:12.0163 PM
[ReportManager] Third Value @04-10-2021 22:52:12.0163 PM
[ReportManager] Element Action [GetSelectedText] successfully performed. With the following test data [Third Value]. @04-10-2021 22:52:12.0254 PM
[ReportManager] Loaded Shared OpenCV @04-10-2021 22:52:12.0348 PM
[ReportManager] Assertion [ValidateElementAttribute] PASSED. Expected [Value Should be 'Third Value' for the 'selectedText' attribute, element locator 'By.tagName: select'] and Actual [Third Value]. Comparison Type [EQUALS]. Validation Type [POSITIVE]. @04-10-2021 22:52:12.0403 PM
[ReportManager] Successfully created attachment [Screenshot - 1633387932348_simpleSelect_ValidateElementAttribute_passed] @04-10-2021 22:52:12.0404 PM
[ReportManager] Browser Action [CloseCurrentWindow] successfully performed. @04-10-2021 22:52:12.0489 PM
[ReportManager] Successfully created attachment [Browser Action Test Data - CloseCurrentWindow - Actual Value] @04-10-2021 22:52:12.0490 P
[ReportManager] File Action [GetAbsolutePath] successfully performed. With the following test data [Relative Folder Path: "target/downloadedFiles/"]. @04-10-2021 22:52:12.0493 PM
[ReportManager] Attempting to run remotely on: [Linux-64], [GoogleChrome], [http://localhost:4444/wd/hub], Headless Execution. @04-10-2021 22:52:12.0493 PM
[ReportManager] Successfully Opened [GoogleChrome]. @04-10-2021 22:52:12.0674 P

################################################################################################################################################
Starting Execution:	[88 out of 144] test cases in the current suite
Test Method:		[testPackage01.Test_IsElementClickable.testIsElementClickable]
################################################################################################################################################
[ReportManager] Target URL: [https://the-internet.herokuapp.com/] @04-10-2021 22:52:12.0689 PM
[ReportManager] Initial URL: [data:,] @04-10-2021 22:52:12.0734 PM
[ReportManager] Browser Action [NavigateToURL] successfully performed. With the following test data [https://the-internet.herokuapp.com/]. @04-10-2021 22:52:13.0455 PM
[ReportManager] Element Action [IsElementClickable] successfully performed. @04-10-2021 22:52:13.0576 PM
[ReportManager] Assertion [ValidateTrue] PASSED. Expected [TRUE] and Actual [TRUE]. Validation Type [POSITIVE]. @04-10-2021 22:52:13.0576 P
[ReportManager] Browser Action [CloseCurrentWindow] successfully performed. @04-10-2021 22:52:13.0665 PM
[ReportManager] Successfully created attachment [Browser Action Test Data - CloseCurrentWindow - Actual Value] @04-10-2021 22:52:13.0665 P
[ReportManager] File Action [GetAbsolutePath] successfully performed. With the following test data [Relative Folder Path: "target/downloadedFiles/"]. @04-10-2021 22:52:13.0667 PM
[ReportManager] Attempting to run remotely on: [Linux-64], [GoogleChrome], [http://localhost:4444/wd/hub], Headless Execution. @04-10-2021 22:52:13.0667 PM
[ReportManager] Successfully Opened [GoogleChrome]. @04-10-2021 22:52:13.0853 P

################################################################################################################################################
Starting Execution:	[89 out of 144] test cases in the current suite
Test Method:		[testPackage01.Test_clipboardActions.typeTextAndCopyPaste]
################################################################################################################################################
[ReportManager] Target URL: [https://www.google.com/ncr], and after redirection: [https://www.google.com] @04-10-2021 22:52:13.0864 PM
[ReportManager] Initial URL: [data:,] @04-10-2021 22:52:13.0916 PM
[ReportManager] Browser Action [NavigateToURL] successfully performed. With the following test data [https://www.google.com/ncr]. @04-10-2021 22:52:14.0660 PM
[ReportManager] Element Action [Type] successfully performed. With the following test data [FIRST]. @04-10-2021 22:52:14.0979 PM
[ReportManager] Element Action [ClipboardActions] successfully performed. With the following test data [select all]. @04-10-2021 22:52:15.0031 PM
[ReportManager] Element Action [ClipboardActions] successfully performed. With the following test data [copy]. @04-10-2021 22:52:15.0076 PM
[ReportManager] Element Action [ClipboardActions] successfully performed. With the following test data [unselect]. @04-10-2021 22:52:15.0121 PM
[ReportManager] Element Action [ClipboardActions] successfully performed. With the following test data [paste]. @04-10-2021 22:52:15.0179 PM
[ReportManager] Element Action [ClipboardActions] successfully performed. With the following test data [select all]. @04-10-2021 22:52:15.0222 PM
[ReportManager] Element Action [Type] successfully performed. @04-10-2021 22:52:15.0404 PM
[ReportManager] Element Action [ClipboardActions] successfully performed. With the following test data [cut]. @04-10-2021 22:52:15.0404 PM
[ReportManager] Element Action [ClipboardActions] successfully performed. With the following test data [paste]. @04-10-2021 22:52:15.0462 PM
[ReportManager] Element Action [ClipboardActions] successfully performed. With the following test data [paste]. @04-10-2021 22:52:15.0531 P
[ReportManager] Browser Action [CloseCurrentWindow] successfully performed. @04-10-2021 22:52:15.0677 PM
[ReportManager] Successfully created attachment [Browser Action Test Data - CloseCurrentWindow - Actual Value] @04-10-2021 22:52:15.0678 P
[ReportManager] File Action [GetAbsolutePath] successfully performed. With the following test data [Relative Folder Path: "target/downloadedFiles/"]. @04-10-2021 22:52:15.0681 PM
[ReportManager] Attempting to run remotely on: [Linux-64], [GoogleChrome], [http://localhost:4444/wd/hub], Headless Execution. @04-10-2021 22:52:15.0681 PM
[ReportManager] Successfully Opened [GoogleChrome]. @04-10-2021 22:52:15.0865 P

################################################################################################################################################
Starting Execution:	[90 out of 144] test cases in the current suite
Test Method:		[testPackage01.Test_dynamicLoading.dynamicLoading_elementIsHidden]
################################################################################################################################################
[ReportManager] Target URL: [https://the-internet.herokuapp.com/dynamic_loading/1] @04-10-2021 22:52:15.0877 PM
[ReportManager] Initial URL: [data:,] @04-10-2021 22:52:15.0911 PM
[ReportManager] Browser Action [NavigateToURL] successfully performed. With the following test data [https://the-internet.herokuapp.com/dynamic_loading/1]. @04-10-2021 22:52:16.0580 PM
[ReportManager] Element Action [Click] successfully performed. With the following test data [Start]. @04-10-2021 22:52:16.0847 PM
[ReportManager] Element Action [GetText] successfully performed. With the following test data [
    Hello World!
  ]. @04-10-2021 22:52:16.0937 PM
[ReportManager] Loaded Shared OpenCV @04-10-2021 22:52:17.0075 PM
[ReportManager] Assertion [ValidateElementAttribute] PASSED. Expected [Value Should be 'Hello World!' for the 'text' attribute, element locator 'By.id: finish'] and Actual [
    Hello World!
  ]. Comparison Type [CONTAINS]. Validation Type [POSITIVE]. @04-10-2021 22:52:17.0136 PM
[ReportManager] Successfully created attachment [Screenshot - 1633387937075_dynamicLoading_elementIsHidden_ValidateElementAttribute_passed] @04-10-2021 22:52:17.0137 P
[ReportManager] Browser Action [CloseCurrentWindow] successfully performed. @04-10-2021 22:52:17.0226 PM
[ReportManager] Successfully created attachment [Browser Action Test Data - CloseCurrentWindow - Actual Value] @04-10-2021 22:52:17.0226 P
[ReportManager] File Action [GetAbsolutePath] successfully performed. With the following test data [Relative Folder Path: "target/downloadedFiles/"]. @04-10-2021 22:52:17.0228 PM
[ReportManager] Attempting to run remotely on: [Linux-64], [GoogleChrome], [http://localhost:4444/wd/hub], Headless Execution. @04-10-2021 22:52:17.0228 PM
[ReportManager] Successfully Opened [GoogleChrome]. @04-10-2021 22:52:17.0397 P

################################################################################################################################################
Starting Execution:	[91 out of 144] test cases in the current suite
Test Method:		[testPackage01.Test_dynamicLoading.dynamicLoading_elementIsRendered]
################################################################################################################################################
[ReportManager] Target URL: [https://the-internet.herokuapp.com/dynamic_loading/2] @04-10-2021 22:52:17.0409 PM
[ReportManager] Initial URL: [data:,] @04-10-2021 22:52:17.0444 PM
[ReportManager] Browser Action [NavigateToURL] successfully performed. With the following test data [https://the-internet.herokuapp.com/dynamic_loading/2]. @04-10-2021 22:52:18.0095 PM
[ReportManager] Element Action [Click] successfully performed. With the following test data [Start]. @04-10-2021 22:52:18.0368 PM
[ReportManager] Element Action [GetText] successfully performed. With the following test data [Hello World!]. @04-10-2021 22:52:23.0510 PM
[ReportManager] Loaded Shared OpenCV @04-10-2021 22:52:23.0623 PM
[ReportManager] Assertion [ValidateElementAttribute] PASSED. Expected [Value Should be 'Hello World!' for the 'text' attribute, element locator 'By.id: finish'] and Actual [Hello World!]. Comparison Type [CONTAINS]. Validation Type [POSITIVE]. @04-10-2021 22:52:23.0683 PM
[ReportManager] Successfully created attachment [Screenshot - 1633387943623_dynamicLoading_elementIsRendered_ValidateElementAttribute_passed] @04-10-2021 22:52:23.0683 P
[ReportManager] Browser Action [CloseCurrentWindow] successfully performed. @04-10-2021 22:52:23.0770 PM
[ReportManager] Successfully created attachment [Browser Action Test Data - CloseCurrentWindow - Actual Value] @04-10-2021 22:52:23.0771 P

################################################################################################################################################
Starting Execution:	[92 out of 144] test cases in the current suite
Test Method:		[testPackage01.Test_JsonCompareWithSpecialCharacters.specialCharacters]
################################################################################################################################################
[ReportManager] File Action [GetAbsolutePath] successfully performed. With the following test data [Relative Folder Path: "src/test/resources/TestJsonFiles/specialCharacters.json"]. @04-10-2021 22:52:23.0776 PM
[ReportManager] File Action [ReadFromFile] successfully performed. With the following test data [File Path: "/home/runner/work/SHAFT_ENGINE/SHAFT_ENGINE/src/test/resources/TestJsonFiles/specialCharacters.json"]. @04-10-2021 22:52:23.0781 PM
[ReportManager] Successfully created attachment [File Action Actual Result - Command Log] @04-10-2021 22:52:23.0782 PM
[ReportManager] Comparing the provided API response with the file at this path "src/test/resources/TestJsonFiles/specialCharacters.json", comparison type "EQUALS" @04-10-2021 22:52:23.0782 PM
[ReportManager] API Action [CompareJSON] successfully performed. With the following test data [src/test/resources/TestJsonFiles/specialCharacters.json]. @04-10-2021 22:52:23.0790 PM
[ReportManager] File Action [GetAbsolutePath] successfully performed. With the following test data [Relative Folder Path: "src/test/resources/TestJsonFiles/specialCharacters.json"]. @04-10-2021 22:52:23.0790 PM
[ReportManager] File Action [ReadFromFile] successfully performed. With the following test data [File Path: "/home/runner/work/SHAFT_ENGINE/SHAFT_ENGINE/src/test/resources/TestJsonFiles/specialCharacters.json"]. @04-10-2021 22:52:23.0790 PM
[ReportManager] Verification [ValidateJSONFileContent] PASSED. Expected [Response data should match the JSON File in this path 'src/test/resources/TestJsonFiles/specialCharacters.json'] and Actual [TRUE]. Comparison Type [EQUALS]. Validation Type [POSITIVE]. @04-10-2021 22:52:23.0794 PM
[ReportManager] Successfully created attachment [Validation Test Data - Expected JSON Value] @04-10-2021 22:52:23.0795 PM
[ReportManager] Successfully created attachment [Validation Test Data - Actual JSON Value] @04-10-2021 22:52:23.0795 P

################################################################################################################################################
Starting Execution:	[93 out of 144] test cases in the current suite
Test Method:		[testPackage01.Test_JsonCompareWithSpecialCharacters.specialCharacters_assertion]
################################################################################################################################################
[ReportManager] File Action [GetAbsolutePath] successfully performed. With the following test data [Relative Folder Path: "src/test/resources/TestJsonFiles/specialCharacters.json"]. @04-10-2021 22:52:23.0798 PM
[ReportManager] File Action [ReadFromFile] successfully performed. With the following test data [File Path: "/home/runner/work/SHAFT_ENGINE/SHAFT_ENGINE/src/test/resources/TestJsonFiles/specialCharacters.json"]. @04-10-2021 22:52:23.0798 PM
[ReportManager] Successfully created attachment [File Action Actual Result - Command Log] @04-10-2021 22:52:23.0798 PM
[ReportManager] Comparing the provided API response with the file at this path "src/test/resources/TestJsonFiles/specialCharacters.json", comparison type "CONTAINS" @04-10-2021 22:52:23.0798 PM
[ReportManager] API Action [CompareJSON] successfully performed. With the following test data [src/test/resources/TestJsonFiles/specialCharacters.json]. @04-10-2021 22:52:23.0805 PM
[ReportManager] File Action [GetAbsolutePath] successfully performed. With the following test data [Relative Folder Path: "src/test/resources/TestJsonFiles/specialCharacters.json"]. @04-10-2021 22:52:23.0805 PM
[ReportManager] File Action [ReadFromFile] successfully performed. With the following test data [File Path: "/home/runner/work/SHAFT_ENGINE/SHAFT_ENGINE/src/test/resources/TestJsonFiles/specialCharacters.json"]. @04-10-2021 22:52:23.0805 PM
[ReportManager] Assertion Passed: trying out the log message @04-10-2021 22:52:23.0808 PM
[ReportManager] Successfully created attachment [Validation Test Data - Expected JSON Value] @04-10-2021 22:52:23.0808 PM
[ReportManager] Successfully created attachment [Validation Test Data - Actual JSON Value] @04-10-2021 22:52:23.0809 PM
[ReportManager] Assertion [ValidateJSONFileContent] PASSED. Expected [Response data should match the JSON File in this path 'src/test/resources/TestJsonFiles/specialCharacters.json'] and Actual [TRUE]. Comparison Type [CONTAINS]. Validation Type [POSITIVE]. @04-10-2021 22:52:23.0809 P
[ReportManager] File Action [GetAbsolutePath] successfully performed. With the following test data [Relative Folder Path: "target/downloadedFiles/"]. @04-10-2021 22:52:23.0811 PM
[ReportManager] Attempting to run remotely on: [Linux-64], [GoogleChrome], [http://localhost:4444/wd/hub], Headless Execution. @04-10-2021 22:52:23.0811 PM
[ReportManager] Successfully Opened [GoogleChrome]. @04-10-2021 22:52:23.0992 P

################################################################################################################################################
Starting Execution:	[94 out of 144] test cases in the current suite
Test Method:		[testPackage01.Test_uploadFile.uploadFile_invisibleUploadInput]
################################################################################################################################################
[ReportManager] Target URL: [https://fineuploader.com/demos.html#gallery-view] @04-10-2021 22:52:24.0006 PM
[ReportManager] Initial URL: [data:,] @04-10-2021 22:52:24.0053 PM
[ReportManager] Browser Action [NavigateToURL] successfully performed. With the following test data [https://fineuploader.com/demos.html#gallery-view]. @04-10-2021 22:52:25.0695 PM
[ReportManager] File Action [GetAbsolutePath] successfully performed. With the following test data [Relative File Path: "src/main/resources/images/shaft.png"]. @04-10-2021 22:52:25.0696 PM
[ReportManager] Successfully created attachment [File Action Actual Result - Command Log] @04-10-2021 22:52:25.0696 PM
[ReportManager] Element Action [TypeFileLocationForUpload] successfully performed. With the following test data [/home/runner/work/SHAFT_ENGINE/SHAFT_ENGINE/src/main/resources/images/shaft.png]. @04-10-2021 22:52:25.0872 PM
[ReportManager] Attempting to getAttribute [src] from elementLocator [By.xpath: //div[@id='fine-uploader-gallery']//div[@class='qq-thumbnail-wrapper']/img]. @04-10-2021 22:52:25.0872 PM
[ReportManager] Element Action [GetAttribute] successfully performed. @04-10-2021 22:52:25.0965 PM
[ReportManager] Successfully created attachment [Element Action Test Data - GetAttribute - Actual Value] @04-10-2021 22:52:25.0965 PM
[ReportManager] Loaded Shared OpenCV @04-10-2021 22:52:26.0098 PM
[ReportManager] Assertion [ValidateElementAttribute] PASSED. Expected and Actual values are attached. Comparison Type [CONTAINS]. Validation Type [POSITIVE]. @04-10-2021 22:52:26.0168 PM
[ReportManager] Successfully created attachment [Validation Test Data - Expected Value] @04-10-2021 22:52:26.0168 PM
[ReportManager] Successfully created attachment [Validation Test Data - Actual Value] @04-10-2021 22:52:26.0168 PM
[ReportManager] Successfully created attachment [Screenshot - 1633387946098_uploadFile_invisibleUploadInput_ValidateElementAttribute_passed] @04-10-2021 22:52:26.0169 P
[ReportManager] Browser Action [CloseCurrentWindow] successfully performed. @04-10-2021 22:52:26.0291 PM
[ReportManager] Successfully created attachment [Browser Action Test Data - CloseCurrentWindow - Actual Value] @04-10-2021 22:52:26.0292 P
[ReportManager] File Action [GetAbsolutePath] successfully performed. With the following test data [Relative Folder Path: "target/downloadedFiles/"]. @04-10-2021 22:52:26.0296 PM
[ReportManager] Attempting to run remotely on: [Linux-64], [GoogleChrome], [http://localhost:4444/wd/hub], Headless Execution. @04-10-2021 22:52:26.0297 PM
[ReportManager] Successfully Opened [GoogleChrome]. @04-10-2021 22:52:26.0462 P

################################################################################################################################################
Starting Execution:	[95 out of 144] test cases in the current suite
Test Method:		[testPackage01.Test_uploadFile.uploadFile_visibleUploadInput]
################################################################################################################################################
[ReportManager] Target URL: [http://demo.guru99.com/test/upload/] @04-10-2021 22:52:26.0476 PM
[ReportManager] Initial URL: [data:,] @04-10-2021 22:52:26.0517 PM
[ReportManager] Browser Action [NavigateToURL] successfully performed. With the following test data [http://demo.guru99.com/test/upload/]. @04-10-2021 22:52:27.0563 PM
[ReportManager] File Action [GetAbsolutePath] successfully performed. With the following test data [Relative File Path: "src/main/resources/images/shaft.png"]. @04-10-2021 22:52:27.0563 PM
[ReportManager] Successfully created attachment [File Action Actual Result - Command Log] @04-10-2021 22:52:27.0563 PM
[ReportManager] Element Action [TypeFileLocationForUpload] successfully performed. With the following test data [/home/runner/work/SHAFT_ENGINE/SHAFT_ENGINE/src/main/resources/images/shaft.png]. @04-10-2021 22:52:27.0709 PM
[ReportManager] Element Action [Click] successfully performed. With the following test data [on]. @04-10-2021 22:52:27.0976 PM
[ReportManager] Element Action [Click] successfully performed. With the following test data [Submit File]. @04-10-2021 22:52:28.0254 PM
[ReportManager] Element Action [GetText] successfully performed. With the following test data [1 file
has been successfully uploaded.]. @04-10-2021 22:52:28.0869 PM
[ReportManager] Loaded Shared OpenCV @04-10-2021 22:52:28.0990 PM
[ReportManager] Assertion [ValidateElementAttribute] PASSED. Expected [Value Should be '1 file' for the 'Text' attribute, element locator 'By.id: res'] and Actual [1 file
has been successfully uploaded.]. Comparison Type [CONTAINS]. Validation Type [POSITIVE]. @04-10-2021 22:52:29.0056 PM
[ReportManager] Successfully created attachment [Screenshot - 1633387948990_uploadFile_visibleUploadInput_ValidateElementAttribute_passed] @04-10-2021 22:52:29.0057 P
[ReportManager] Browser Action [CloseCurrentWindow] successfully performed. @04-10-2021 22:52:29.0155 PM
[ReportManager] Successfully created attachment [Browser Action Test Data - CloseCurrentWindow - Actual Value] @04-10-2021 22:52:29.0155 P
[ReportManager] File Action [GetAbsolutePath] successfully performed. With the following test data [Relative Folder Path: "target/downloadedFiles/"]. @04-10-2021 22:52:29.0157 PM
[ReportManager] Attempting to run remotely on: [Linux-64], [GoogleChrome], [http://localhost:4444/wd/hub], Headless Execution. @04-10-2021 22:52:29.0157 PM
[ReportManager] Successfully Opened [GoogleChrome]. @04-10-2021 22:52:29.0403 P

################################################################################################################################################
Starting Execution:	[96 out of 144] test cases in the current suite
Test Method:		[testPackage01.Test_assertEquals.test_assertElementAttribute]
################################################################################################################################################
[ReportManager] Target URL: [https://www.google.com/ncr], and after redirection: [https://www.google.com] @04-10-2021 22:52:29.0417 PM
[ReportManager] Initial URL: [data:,] @04-10-2021 22:52:29.0456 PM
[ReportManager] Browser Action [NavigateToURL] successfully performed. With the following test data [https://www.google.com/ncr]. @04-10-2021 22:52:30.0176 PM
[ReportManager] Element Action [Type] successfully performed. With the following test data [INC_004010050:Another SCHEDULER with the same name [Duplicate Job Name] already exists.]. @04-10-2021 22:52:30.0722 PM
[ReportManager] Element Action [GetText] successfully performed. With the following test data [INC_004010050:Another SCHEDULER with the same name [Duplicate Job Name] already exists.]. @04-10-2021 22:52:30.0797 PM
[ReportManager] Loaded Shared OpenCV @04-10-2021 22:52:30.0917 PM
[ReportManager] Assertion [ValidateElementAttribute] PASSED. Expected [Value Should be 'INC_004010050:Another SCHEDULER with the same name \[Duplicate Job Name\] already exists.' for the 'text' attribute, element locator 'By.name: q'] and Actual [INC_004010050:Another SCHEDULER with the same name [Duplicate Job Name] already exists.]. Comparison Type [MATCHES]. Validation Type [POSITIVE]. @04-10-2021 22:52:30.0981 PM
[ReportManager] Successfully created attachment [Screenshot - 1633387950917_test_assertElementAttribute_ValidateElementAttribute_passed] @04-10-2021 22:52:30.0982 P
[ReportManager] Browser Action [CloseCurrentWindow] successfully performed. @04-10-2021 22:52:31.0090 PM
[ReportManager] Successfully created attachment [Browser Action Test Data - CloseCurrentWindow - Actual Value] @04-10-2021 22:52:31.0091 P

################################################################################################################################################
Starting Execution:	[97 out of 144] test cases in the current suite
Test Method:		[testPackage01.Test_NewValidationHelper.f1]
################################################################################################################################################
[ReportManager] Assertion Passed: Checking valid user data @04-10-2021 22:52:31.0094 PM
[ReportManager] Successfully created attachment [Validation Test Data - Expected Value] @04-10-2021 22:52:31.0094 PM
[ReportManager] Successfully created attachment [Validation Test Data - Actual Value] @04-10-2021 22:52:31.0094 PM
[ReportManager] Assertion [ValidateEquals] PASSED. Expected and Actual values are attached. Comparison Type [EQUALS]. Validation Type [POSITIVE]. @04-10-2021 22:52:31.0094 P
[ReportManager] File Action [GetAbsolutePath] successfully performed. With the following test data [Relative Folder Path: "target/downloadedFiles/"]. @04-10-2021 22:52:31.0096 PM
[ReportManager] Attempting to run remotely on: [Linux-64], [GoogleChrome], [http://localhost:4444/wd/hub], Headless Execution. @04-10-2021 22:52:31.0096 PM
[ReportManager] Successfully Opened [GoogleChrome]. @04-10-2021 22:52:31.0292 PM
[ReportManager] Target URL: [https://the-internet.herokuapp.com/] @04-10-2021 22:52:31.0302 PM
[ReportManager] Initial URL: [data:,] @04-10-2021 22:52:31.0336 PM
[ReportManager] Browser Action [NavigateToURL] successfully performed. With the following test data [https://the-internet.herokuapp.com/]. @04-10-2021 22:52:32.0026 P

################################################################################################################################################
Starting Execution:	[98 out of 144] test cases in the current suite
Test Method:		[testPackage01.Test_NewValidationHelper.f10]
################################################################################################################################################
[ReportManager] Assertion [ValidateElementExists] FAILED. Expected [Element Should Exist, locator 'By.tagName: div'] and Actual [Element Exists but is not unique]. Comparison Type [EQUALS]. Validation Type [POSITIVE]. @04-10-2021 22:52:32.0239 PM
[ReportManager] Successfully created attachment [Screenshot - 1633387952183_f10_ValidateElementExists_failed] @04-10-2021 22:52:32.0240 P
[ReportManager] Successfully Closed All Drivers. @04-10-2021 22:52:32.0313 P
[ReportManager] File Action [GetAbsolutePath] successfully performed. With the following test data [Relative Folder Path: "target/downloadedFiles/"]. @04-10-2021 22:52:32.0314 PM
[ReportManager] Attempting to run remotely on: [Linux-64], [GoogleChrome], [http://localhost:4444/wd/hub], Headless Execution. @04-10-2021 22:52:32.0315 PM
[ReportManager] Successfully Opened [GoogleChrome]. @04-10-2021 22:52:32.0486 PM
[ReportManager] Target URL: [https://the-internet.herokuapp.com/] @04-10-2021 22:52:32.0502 PM
[ReportManager] Initial URL: [data:,] @04-10-2021 22:52:32.0539 PM
[ReportManager] Browser Action [NavigateToURL] successfully performed. With the following test data [https://the-internet.herokuapp.com/]. @04-10-2021 22:52:33.0194 P

################################################################################################################################################
Starting Execution:	[99 out of 144] test cases in the current suite
Test Method:		[testPackage01.Test_NewValidationHelper.f11]
################################################################################################################################################
[ReportManager] Assertion Passed: Checking that false tag doesn't exist @04-10-2021 22:52:43.0548 PM
[ReportManager] Successfully created attachment [Screenshot - 1633387963499_f11_ValidateElementExists_passed] @04-10-2021 22:52:43.0549 PM
[ReportManager] Assertion [ValidateElementExists] PASSED. Expected [Element Should not Exist, locator 'By.tagName: h3'] and Actual [Element Doesn't Exists]. Comparison Type [EQUALS]. Validation Type [NEGATIVE]. @04-10-2021 22:52:43.0549 P
[ReportManager] Successfully Closed All Drivers. @04-10-2021 22:52:43.0621 P
[ReportManager] File Action [GetAbsolutePath] successfully performed. With the following test data [Relative Folder Path: "target/downloadedFiles/"]. @04-10-2021 22:52:43.0624 PM
[ReportManager] Attempting to run remotely on: [Linux-64], [GoogleChrome], [http://localhost:4444/wd/hub], Headless Execution. @04-10-2021 22:52:43.0624 PM
[ReportManager] Successfully Opened [GoogleChrome]. @04-10-2021 22:52:43.0788 PM
[ReportManager] Target URL: [https://the-internet.herokuapp.com/] @04-10-2021 22:52:43.0797 PM
[ReportManager] Initial URL: [data:,] @04-10-2021 22:52:43.0834 PM
[ReportManager] Browser Action [NavigateToURL] successfully performed. With the following test data [https://the-internet.herokuapp.com/]. @04-10-2021 22:52:44.0632 P

################################################################################################################################################
Starting Execution:	[100 out of 144] test cases in the current suite
Test Method:		[testPackage01.Test_NewValidationHelper.f12]
################################################################################################################################################
[ReportManager] Loaded Shared OpenCV @04-10-2021 22:52:44.0814 PM
[ReportManager] Assertion [ValidateElementExists] FAILED. Expected [Element Should not Exist, locator 'By.tagName: h1'] and Actual [Element Exists]. Comparison Type [EQUALS]. Validation Type [NEGATIVE]. @04-10-2021 22:52:44.0875 PM
[ReportManager] Successfully created attachment [Screenshot - 1633387964814_f12_ValidateElementExists_failed] @04-10-2021 22:52:44.0876 P
[ReportManager] Successfully Closed All Drivers. @04-10-2021 22:52:44.0947 P
[ReportManager] File Action [GetAbsolutePath] successfully performed. With the following test data [Relative Folder Path: "target/downloadedFiles/"]. @04-10-2021 22:52:44.0949 PM
[ReportManager] Attempting to run remotely on: [Linux-64], [GoogleChrome], [http://localhost:4444/wd/hub], Headless Execution. @04-10-2021 22:52:44.0949 PM
[ReportManager] Successfully Opened [GoogleChrome]. @04-10-2021 22:52:45.0112 PM
[ReportManager] Target URL: [https://the-internet.herokuapp.com/] @04-10-2021 22:52:45.0122 PM
[ReportManager] Initial URL: [data:,] @04-10-2021 22:52:45.0157 PM
[ReportManager] Browser Action [NavigateToURL] successfully performed. With the following test data [https://the-internet.herokuapp.com/]. @04-10-2021 22:52:45.0804 P

################################################################################################################################################
Starting Execution:	[101 out of 144] test cases in the current suite
Test Method:		[testPackage01.Test_NewValidationHelper.f13]
################################################################################################################################################
[ReportManager] Assertion [ValidateElementExists] FAILED. Expected [Element Should not Exist, locator 'By.tagName: div'] and Actual [Element Exists but is not unique]. Comparison Type [EQUALS]. Validation Type [NEGATIVE]. @04-10-2021 22:52:46.0036 PM
[ReportManager] Successfully created attachment [Screenshot - 1633387965980_f13_ValidateElementExists_failed] @04-10-2021 22:52:46.0037 P
[ReportManager] Successfully Closed All Drivers. @04-10-2021 22:52:46.0107 P
[ReportManager] File Action [GetAbsolutePath] successfully performed. With the following test data [Relative Folder Path: "target/downloadedFiles/"]. @04-10-2021 22:52:46.0113 PM
[ReportManager] Attempting to run remotely on: [Linux-64], [GoogleChrome], [http://localhost:4444/wd/hub], Headless Execution. @04-10-2021 22:52:46.0113 PM
[ReportManager] Successfully Opened [GoogleChrome]. @04-10-2021 22:52:46.0326 PM
[ReportManager] Target URL: [https://the-internet.herokuapp.com/] @04-10-2021 22:52:46.0342 PM
[ReportManager] Initial URL: [data:,] @04-10-2021 22:52:46.0377 PM
[ReportManager] Browser Action [NavigateToURL] successfully performed. With the following test data [https://the-internet.herokuapp.com/]. @04-10-2021 22:52:47.0067 P

################################################################################################################################################
Starting Execution:	[102 out of 144] test cases in the current suite
Test Method:		[testPackage01.Test_NewValidationHelper.f14]
################################################################################################################################################
[ReportManager] Element Action [GetText] successfully performed. With the following test data [Welcome to the-internet]. @04-10-2021 22:52:47.0136 PM
[ReportManager] Loaded Shared OpenCV @04-10-2021 22:52:47.0264 PM
[ReportManager] Assertion Passed: Asserting that the header text is correct @04-10-2021 22:52:47.0325 PM
[ReportManager] Successfully created attachment [Screenshot - 1633387967264_f14_ValidateElementAttribute_passed] @04-10-2021 22:52:47.0326 PM
[ReportManager] Assertion [ValidateElementAttribute] PASSED. Expected [Value Should be 'Welcome to the-internet' for the 'text' attribute, element locator 'By.tagName: h1'] and Actual [Welcome to the-internet]. Comparison Type [EQUALS]. Validation Type [POSITIVE]. @04-10-2021 22:52:47.0326 P
[ReportManager] Successfully Closed All Drivers. @04-10-2021 22:52:47.0395 P
[ReportManager] File Action [GetAbsolutePath] successfully performed. With the following test data [Relative Folder Path: "target/downloadedFiles/"]. @04-10-2021 22:52:47.0397 PM
[ReportManager] Attempting to run remotely on: [Linux-64], [GoogleChrome], [http://localhost:4444/wd/hub], Headless Execution. @04-10-2021 22:52:47.0397 PM
[ReportManager] Successfully Opened [GoogleChrome]. @04-10-2021 22:52:47.0559 PM
[ReportManager] Target URL: [https://the-internet.herokuapp.com/] @04-10-2021 22:52:47.0568 PM
[ReportManager] Initial URL: [data:,] @04-10-2021 22:52:47.0602 PM
[ReportManager] Browser Action [NavigateToURL] successfully performed. With the following test data [https://the-internet.herokuapp.com/]. @04-10-2021 22:52:48.0269 P

################################################################################################################################################
Starting Execution:	[103 out of 144] test cases in the current suite
Test Method:		[testPackage01.Test_NewValidationHelper.f15]
################################################################################################################################################
[ReportManager] Element Action [GetText] successfully performed. With the following test data [Welcome to the-internet]. @04-10-2021 22:52:48.0340 PM
[ReportManager] Loaded Shared OpenCV @04-10-2021 22:52:48.0465 PM
[ReportManager] Assertion [ValidateElementAttribute] FAILED. Expected [Value Should not be 'Welcome' for the 'text' attribute, element locator 'By.tagName: h1'] and Actual [Welcome to the-internet]. Comparison Type [CONTAINS]. Validation Type [NEGATIVE]. @04-10-2021 22:52:48.0531 PM
[ReportManager] Successfully created attachment [Screenshot - 1633387968465_f15_ValidateElementAttribute_failed] @04-10-2021 22:52:48.0532 P
[ReportManager] Successfully Closed All Drivers. @04-10-2021 22:52:48.0605 P
[ReportManager] File Action [GetAbsolutePath] successfully performed. With the following test data [Relative Folder Path: "target/downloadedFiles/"]. @04-10-2021 22:52:48.0607 PM
[ReportManager] Attempting to run remotely on: [Linux-64], [GoogleChrome], [http://localhost:4444/wd/hub], Headless Execution. @04-10-2021 22:52:48.0607 PM
[ReportManager] Successfully Opened [GoogleChrome]. @04-10-2021 22:52:48.0780 PM
[ReportManager] Target URL: [https://the-internet.herokuapp.com/] @04-10-2021 22:52:48.0797 PM
[ReportManager] Initial URL: [data:,] @04-10-2021 22:52:48.0832 PM
[ReportManager] Browser Action [NavigateToURL] successfully performed. With the following test data [https://the-internet.herokuapp.com/]. @04-10-2021 22:52:49.0486 P

################################################################################################################################################
Starting Execution:	[104 out of 144] test cases in the current suite
Test Method:		[testPackage01.Test_NewValidationHelper.f16]
################################################################################################################################################
[ReportManager] Element Action [IdentifyUniqueElement] failed. With the following test data [zero elements found matching this locator "By.tagName: h3".]. @04-10-2021 22:53:15.0003 PM
[ReportManager] Successfully created attachment [Screenshot - 1633387994948_f16_IdentifyUniqueElement_failed] @04-10-2021 22:53:15.0003 PM
[ReportManager] Assertion [ValidateElementAttribute] FAILED. Expected [Value Should not be 'Welcome' for the 'text' attribute, element locator 'By.tagName: h3'] and Actual [Failed to read the desired element attribute]. Comparison Type [CONTAINS]. Validation Type [NEGATIVE]. @04-10-2021 22:53:15.0004 P
[ReportManager] Successfully Closed All Drivers. @04-10-2021 22:53:15.0076 P
[ReportManager] File Action [GetAbsolutePath] successfully performed. With the following test data [Relative Folder Path: "target/downloadedFiles/"]. @04-10-2021 22:53:15.0079 PM
[ReportManager] Attempting to run remotely on: [Linux-64], [GoogleChrome], [http://localhost:4444/wd/hub], Headless Execution. @04-10-2021 22:53:15.0079 PM
[ReportManager] Successfully Opened [GoogleChrome]. @04-10-2021 22:53:15.0242 PM
[ReportManager] Target URL: [https://the-internet.herokuapp.com/] @04-10-2021 22:53:15.0251 PM
[ReportManager] Initial URL: [data:,] @04-10-2021 22:53:15.0285 PM
[ReportManager] Browser Action [NavigateToURL] successfully performed. With the following test data [https://the-internet.herokuapp.com/]. @04-10-2021 22:53:16.0023 P

################################################################################################################################################
Starting Execution:	[105 out of 144] test cases in the current suite
Test Method:		[testPackage01.Test_NewValidationHelper.f17]
################################################################################################################################################
[ReportManager] Attempting to getAttribute [text2] from elementLocator [By.tagName: h1]. @04-10-2021 22:53:16.0027 PM
[ReportManager] Element Action [GetAttribute] successfully performed. @04-10-2021 22:53:16.0098 PM
[ReportManager] Loaded Shared OpenCV @04-10-2021 22:53:16.0233 PM
[ReportManager] Assertion [ValidateElementAttribute] PASSED. Expected [Value Should not be 'Welcome' for the 'text2' attribute, element locator 'By.tagName: h1'] and Actual [null]. Comparison Type [CONTAINS]. Validation Type [NEGATIVE]. @04-10-2021 22:53:16.0304 PM
[ReportManager] Successfully created attachment [Screenshot - 1633387996233_f17_ValidateElementAttribute_passed] @04-10-2021 22:53:16.0306 P
[ReportManager] Successfully Closed All Drivers. @04-10-2021 22:53:16.0386 P
[ReportManager] File Action [GetAbsolutePath] successfully performed. With the following test data [Relative Folder Path: "target/downloadedFiles/"]. @04-10-2021 22:53:16.0393 PM
[ReportManager] Attempting to run remotely on: [Linux-64], [GoogleChrome], [http://localhost:4444/wd/hub], Headless Execution. @04-10-2021 22:53:16.0393 PM
[ReportManager] Successfully Opened [GoogleChrome]. @04-10-2021 22:53:16.0873 PM
[ReportManager] Target URL: [https://the-internet.herokuapp.com/] @04-10-2021 22:53:16.0883 PM
[ReportManager] Initial URL: [data:,] @04-10-2021 22:53:16.0917 PM
[ReportManager] Browser Action [NavigateToURL] successfully performed. With the following test data [https://the-internet.herokuapp.com/]. @04-10-2021 22:53:17.0616 P

################################################################################################################################################
Starting Execution:	[106 out of 144] test cases in the current suite
Test Method:		[testPackage01.Test_NewValidationHelper.f18]
################################################################################################################################################
[ReportManager] Element Action [GetText] successfully performed. With the following test data [Welcome to the-internet]. @04-10-2021 22:53:17.0694 PM
[ReportManager] Loaded Shared OpenCV @04-10-2021 22:53:17.0833 PM
[ReportManager] Assertion [ValidateElementAttribute] PASSED. Expected [Value Should not be 'no' for the 'text' attribute, element locator 'By.tagName: h1'] and Actual [Welcome to the-internet]. Comparison Type [CONTAINS]. Validation Type [NEGATIVE]. @04-10-2021 22:53:17.0901 PM
[ReportManager] Successfully created attachment [Screenshot - 1633387997833_f18_ValidateElementAttribute_passed] @04-10-2021 22:53:17.0902 P
[ReportManager] Successfully Closed All Drivers. @04-10-2021 22:53:17.0979 P
[ReportManager] File Action [GetAbsolutePath] successfully performed. With the following test data [Relative Folder Path: "target/downloadedFiles/"]. @04-10-2021 22:53:17.0981 PM
[ReportManager] Attempting to run remotely on: [Linux-64], [GoogleChrome], [http://localhost:4444/wd/hub], Headless Execution. @04-10-2021 22:53:17.0981 PM
[ReportManager] Successfully Opened [GoogleChrome]. @04-10-2021 22:53:18.0172 PM
[ReportManager] Target URL: [https://the-internet.herokuapp.com/] @04-10-2021 22:53:18.0182 PM
[ReportManager] Initial URL: [data:,] @04-10-2021 22:53:18.0216 PM
[ReportManager] Browser Action [NavigateToURL] successfully performed. With the following test data [https://the-internet.herokuapp.com/]. @04-10-2021 22:53:18.0857 P

################################################################################################################################################
Starting Execution:	[107 out of 144] test cases in the current suite
Test Method:		[testPackage01.Test_NewValidationHelper.f19]
################################################################################################################################################
[ReportManager] Element Action [GetTagName] successfully performed. With the following test data [h1]. @04-10-2021 22:53:18.0922 PM
[ReportManager] Loaded Shared OpenCV @04-10-2021 22:53:19.0048 PM
[ReportManager] Assertion [ValidateElementAttribute] PASSED. Expected [Value Should be 'h' for the 'tagname' attribute, element locator 'By.tagName: h1'] and Actual [h1]. Comparison Type [CONTAINS]. Validation Type [POSITIVE]. @04-10-2021 22:53:19.0116 PM
[ReportManager] Successfully created attachment [Screenshot - 1633387999048_f19_ValidateElementAttribute_passed] @04-10-2021 22:53:19.0117 P
[ReportManager] Successfully Closed All Drivers. @04-10-2021 22:53:19.0189 P

################################################################################################################################################
Starting Execution:	[108 out of 144] test cases in the current suite
Test Method:		[testPackage01.Test_NewValidationHelper.f2]
################################################################################################################################################
[ReportManager] Assertion Failed: Checking valid user data @04-10-2021 22:53:19.0192 PM
[ReportManager] Assertion [ValidateEquals] FAILED. Expected [1] and Actual [2]. Comparison Type [EQUALS]. Validation Type [POSITIVE]. @04-10-2021 22:53:19.0192 P
[ReportManager] File Action [GetAbsolutePath] successfully performed. With the following test data [Relative Folder Path: "target/downloadedFiles/"]. @04-10-2021 22:53:19.0195 PM
[ReportManager] Attempting to run remotely on: [Linux-64], [GoogleChrome], [http://localhost:4444/wd/hub], Headless Execution. @04-10-2021 22:53:19.0195 PM
[ReportManager] Successfully Opened [GoogleChrome]. @04-10-2021 22:53:19.0367 PM
[ReportManager] Target URL: [https://the-internet.herokuapp.com/] @04-10-2021 22:53:19.0381 PM
[ReportManager] Initial URL: [data:,] @04-10-2021 22:53:19.0419 PM
[ReportManager] Browser Action [NavigateToURL] successfully performed. With the following test data [https://the-internet.herokuapp.com/]. @04-10-2021 22:53:20.0071 P

################################################################################################################################################
Starting Execution:	[109 out of 144] test cases in the current suite
Test Method:		[testPackage01.Test_NewValidationHelper.f20]
################################################################################################################################################
[ReportManager] Element Action [GetSize] successfully performed. With the following test data [(755, 61)]. @04-10-2021 22:53:20.0151 PM
[ReportManager] Loaded Shared OpenCV @04-10-2021 22:53:20.0280 PM
[ReportManager] Assertion [ValidateElementAttribute] PASSED. Expected [Value Should not be 'a' for the 'size' attribute, element locator 'By.tagName: h1'] and Actual [(755, 61)]. Comparison Type [CONTAINS]. Validation Type [NEGATIVE]. @04-10-2021 22:53:20.0349 PM
[ReportManager] Successfully created attachment [Screenshot - 1633388000280_f20_ValidateElementAttribute_passed] @04-10-2021 22:53:20.0357 P
[ReportManager] Successfully Closed All Drivers. @04-10-2021 22:53:20.0430 P
[ReportManager] File Action [GetAbsolutePath] successfully performed. With the following test data [Relative Folder Path: "target/downloadedFiles/"]. @04-10-2021 22:53:20.0434 PM
[ReportManager] Attempting to run remotely on: [Linux-64], [GoogleChrome], [http://localhost:4444/wd/hub], Headless Execution. @04-10-2021 22:53:20.0434 PM
[ReportManager] Successfully Opened [GoogleChrome]. @04-10-2021 22:53:20.0594 PM
[ReportManager] Target URL: [https://the-internet.herokuapp.com/] @04-10-2021 22:53:20.0604 PM
[ReportManager] Initial URL: [data:,] @04-10-2021 22:53:20.0639 PM
[ReportManager] Browser Action [NavigateToURL] successfully performed. With the following test data [https://the-internet.herokuapp.com/]. @04-10-2021 22:53:21.0323 P

################################################################################################################################################
Starting Execution:	[110 out of 144] test cases in the current suite
Test Method:		[testPackage01.Test_NewValidationHelper.f21]
################################################################################################################################################
[ReportManager] Element Action [IdentifyUniqueElement] failed. With the following test data [zero elements found matching this locator "By.tagName: h3".]. @04-10-2021 22:53:46.0821 PM
[ReportManager] Successfully created attachment [Screenshot - 1633388026767_f21_IdentifyUniqueElement_failed] @04-10-2021 22:53:46.0822 PM
[ReportManager] Assertion [ValidateElementAttribute] FAILED. Expected [Value Should be 'Welcome' for the 'text' attribute, element locator 'By.tagName: h3'] and Actual [Failed to read the desired element attribute]. Comparison Type [CONTAINS]. Validation Type [POSITIVE]. @04-10-2021 22:53:46.0822 P
[ReportManager] Successfully Closed All Drivers. @04-10-2021 22:53:46.0894 P
[ReportManager] File Action [GetAbsolutePath] successfully performed. With the following test data [Relative Folder Path: "target/downloadedFiles/"]. @04-10-2021 22:53:46.0896 PM
[ReportManager] Attempting to run remotely on: [Linux-64], [GoogleChrome], [http://localhost:4444/wd/hub], Headless Execution. @04-10-2021 22:53:46.0896 PM
[ReportManager] Successfully Opened [GoogleChrome]. @04-10-2021 22:53:47.0067 PM
[ReportManager] Target URL: [https://the-internet.herokuapp.com/] @04-10-2021 22:53:47.0077 PM
[ReportManager] Initial URL: [data:,] @04-10-2021 22:53:47.0111 PM
[ReportManager] Browser Action [NavigateToURL] successfully performed. With the following test data [https://the-internet.herokuapp.com/]. @04-10-2021 22:53:47.0796 P

################################################################################################################################################
Starting Execution:	[111 out of 144] test cases in the current suite
Test Method:		[testPackage01.Test_NewValidationHelper.f22]
################################################################################################################################################
[ReportManager] Element Action [GetText] successfully performed. With the following test data [Welcome to the-internet]. @04-10-2021 22:53:47.0864 PM
[ReportManager] Loaded Shared OpenCV @04-10-2021 22:53:47.0996 PM
[ReportManager] Assertion [ValidateElementAttribute] FAILED. Expected [Value Should be 'yyy' for the 'text' attribute, element locator 'By.tagName: h1'] and Actual [Welcome to the-internet]. Comparison Type [CONTAINS]. Validation Type [POSITIVE]. @04-10-2021 22:53:48.0064 PM
[ReportManager] Successfully created attachment [Screenshot - 1633388027996_f22_ValidateElementAttribute_failed] @04-10-2021 22:53:48.0065 P
[ReportManager] Successfully Closed All Drivers. @04-10-2021 22:53:48.0135 P

################################################################################################################################################
Starting Execution:	[112 out of 144] test cases in the current suite
Test Method:		[testPackage01.Test_NewValidationHelper.f23]
################################################################################################################################################
[ReportManager] Assertion Passed: confirming that the actual is greater than or equal to the expected @04-10-2021 22:53:48.0138 PM
[ReportManager] Assertion [ValidateComparativeRelation] PASSED. Expected [1] and Actual [1]. Comparison Type [GREATER_THAN_OR_EQUALS]. Validation Type [POSITIVE]. @04-10-2021 22:53:48.0138 P

################################################################################################################################################
Starting Execution:	[113 out of 144] test cases in the current suite
Test Method:		[testPackage01.Test_NewValidationHelper.f24]
################################################################################################################################################
[ReportManager] Assertion [ValidateComparativeRelation] PASSED. Expected [1] and Actual [10]. Comparison Type [GREATER_THAN_OR_EQUALS]. Validation Type [POSITIVE]. @04-10-2021 22:53:48.0140 P

################################################################################################################################################
Starting Execution:	[114 out of 144] test cases in the current suite
Test Method:		[testPackage01.Test_NewValidationHelper.f25]
################################################################################################################################################
[ReportManager] Assertion [ValidateComparativeRelation] PASSED. Expected [1] and Actual [1]. Comparison Type [EQUALS]. Validation Type [POSITIVE]. @04-10-2021 22:53:48.0143 P

################################################################################################################################################
Starting Execution:	[115 out of 144] test cases in the current suite
Test Method:		[testPackage01.Test_NewValidationHelper.f26]
################################################################################################################################################
[ReportManager] Assertion [ValidateComparativeRelation] PASSED. Expected [1] and Actual [5]. Comparison Type [GREATER_THAN]. Validation Type [POSITIVE]. @04-10-2021 22:53:48.0145 P

################################################################################################################################################
Starting Execution:	[116 out of 144] test cases in the current suite
Test Method:		[testPackage01.Test_NewValidationHelper.f27]
################################################################################################################################################
[ReportManager] Assertion [ValidateComparativeRelation] PASSED. Expected [11] and Actual [5]. Comparison Type [LESS_THAN]. Validation Type [POSITIVE]. @04-10-2021 22:53:48.0146 P

################################################################################################################################################
Starting Execution:	[117 out of 144] test cases in the current suite
Test Method:		[testPackage01.Test_NewValidationHelper.f28]
################################################################################################################################################
[ReportManager] Assertion [ValidateComparativeRelation] PASSED. Expected [11] and Actual [5]. Comparison Type [LESS_THAN_OR_EQUALS]. Validation Type [POSITIVE]. @04-10-2021 22:53:48.0148 P

################################################################################################################################################
Starting Execution:	[118 out of 144] test cases in the current suite
Test Method:		[testPackage01.Test_NewValidationHelper.f29]
################################################################################################################################################
[ReportManager] Assertion [ValidateComparativeRelation] PASSED. Expected [11] and Actual [11]. Comparison Type [LESS_THAN_OR_EQUALS]. Validation Type [POSITIVE]. @04-10-2021 22:53:48.0149 P

################################################################################################################################################
Starting Execution:	[119 out of 144] test cases in the current suite
Test Method:		[testPackage01.Test_NewValidationHelper.f3]
################################################################################################################################################
[ReportManager] Assertion [ValidateEquals] PASSED. Expected [1] and Actual [2]. Comparison Type [EQUALS]. Validation Type [NEGATIVE]. @04-10-2021 22:53:48.0152 P

################################################################################################################################################
Starting Execution:	[120 out of 144] test cases in the current suite
Test Method:		[testPackage01.Test_NewValidationHelper.f30]
################################################################################################################################################
[ReportManager] Assertion [ValidateComparativeRelation] FAILED. Expected [-9] and Actual [11]. Comparison Type [LESS_THAN_OR_EQUALS]. Validation Type [POSITIVE]. @04-10-2021 22:53:48.0154 P

################################################################################################################################################
Starting Execution:	[121 out of 144] test cases in the current suite
Test Method:		[testPackage01.Test_NewValidationHelper.f31]
################################################################################################################################################
[ReportManager] Assertion [ValidateTrue] PASSED. Expected [TRUE] and Actual [TRUE]. Validation Type [POSITIVE]. @04-10-2021 22:53:48.0156 P

################################################################################################################################################
Starting Execution:	[122 out of 144] test cases in the current suite
Test Method:		[testPackage01.Test_NewValidationHelper.f32]
################################################################################################################################################
[ReportManager] Assertion [ValidateTrue] PASSED. Expected [FALSE] and Actual [FALSE]. Validation Type [NEGATIVE]. @04-10-2021 22:53:48.0158 P

################################################################################################################################################
Starting Execution:	[123 out of 144] test cases in the current suite
Test Method:		[testPackage01.Test_NewValidationHelper.f33]
################################################################################################################################################
[ReportManager] Assertion [ValidateTrue] FAILED. Expected [FALSE] and Actual [TRUE]. Validation Type [NEGATIVE]. @04-10-2021 22:53:48.0159 P

################################################################################################################################################
Starting Execution:	[124 out of 144] test cases in the current suite
Test Method:		[testPackage01.Test_NewValidationHelper.f34]
################################################################################################################################################
[ReportManager] Assertion [ValidateTrue] FAILED. Expected [TRUE] and Actual [FALSE]. Validation Type [POSITIVE]. @04-10-2021 22:53:48.0162 P

################################################################################################################################################
Starting Execution:	[125 out of 144] test cases in the current suite
Test Method:		[testPackage01.Test_NewValidationHelper.f35]
################################################################################################################################################
[ReportManager] File Action [DoesFileExist] successfully performed. With the following test data [File Path: "pom.xml"]. @04-10-2021 22:53:48.0164 PM
[ReportManager] Assertion [ValidateFileExists] PASSED. Expected [File 'pom.xml' should exist, after up to '1' retries] and Actual [File exists]. Validation Type [POSITIVE]. @04-10-2021 22:53:48.0164 P

################################################################################################################################################
Starting Execution:	[126 out of 144] test cases in the current suite
Test Method:		[testPackage01.Test_NewValidationHelper.f36]
################################################################################################################################################
[ReportManager] File Action [DoesFileExist] successfully performed. With the following test data [File Path: "src/test/java/testPackage01/Test_NewValidationHelper.java"]. @04-10-2021 22:53:48.0167 PM
[ReportManager] Assertion [ValidateFileExists] PASSED. Expected [File 'src/test/java/testPackage01/Test_NewValidationHelper.java' should exist, after up to '1' retries] and Actual [File exists]. Validation Type [POSITIVE]. @04-10-2021 22:53:48.0167 P

################################################################################################################################################
Starting Execution:	[127 out of 144] test cases in the current suite
Test Method:		[testPackage01.Test_NewValidationHelper.f37]
################################################################################################################################################
[ReportManager] File Action [DoesFileExist] successfully performed. With the following test data [File Path: "pom.xml"]. @04-10-2021 22:53:48.0169 PM
[ReportManager] Assertion Failed: confirming that the file does't exist after 5 retries @04-10-2021 22:53:48.0170 PM
[ReportManager] Assertion [ValidateFileExists] FAILED. Expected [File 'pom.xml' should not exist, after up to '5' retries] and Actual [File exists]. Validation Type [NEGATIVE]. @04-10-2021 22:53:48.0170 P

################################################################################################################################################
Starting Execution:	[128 out of 144] test cases in the current suite
Test Method:		[testPackage01.Test_NewValidationHelper.f3_1]
################################################################################################################################################
[ReportManager] Assertion Passed: Checking valid user data @04-10-2021 22:53:48.0172 PM
[ReportManager] Assertion [ValidateEquals] PASSED. Expected [null] and Actual [null]. Comparison Type [EQUALS]. Validation Type [POSITIVE]. @04-10-2021 22:53:48.0172 P

################################################################################################################################################
Starting Execution:	[129 out of 144] test cases in the current suite
Test Method:		[testPackage01.Test_NewValidationHelper.f4]
################################################################################################################################################
[ReportManager] Assertion [ValidateEquals] PASSED. Expected [1] and Actual [123]. Comparison Type [CONTAINS]. Validation Type [POSITIVE]. @04-10-2021 22:53:48.0175 P

################################################################################################################################################
Starting Execution:	[130 out of 144] test cases in the current suite
Test Method:		[testPackage01.Test_NewValidationHelper.f5]
################################################################################################################################################
[ReportManager] Assertion [ValidateNull] PASSED. Expected [NULL] and Actual [1]. Comparison Type [EQUALS]. Validation Type [NEGATIVE]. @04-10-2021 22:53:48.0177 P

################################################################################################################################################
Starting Execution:	[131 out of 144] test cases in the current suite
Test Method:		[testPackage01.Test_NewValidationHelper.f6]
################################################################################################################################################
[ReportManager] Assertion Failed: Making sure that null string is not equal to null object @04-10-2021 22:53:48.0179 PM
[ReportManager] Assertion [ValidateNull] FAILED. Expected [NULL] and Actual [NULL]. Comparison Type [EQUALS]. Validation Type [POSITIVE]. @04-10-2021 22:53:48.0179 P

################################################################################################################################################
Starting Execution:	[132 out of 144] test cases in the current suite
Test Method:		[testPackage01.Test_NewValidationHelper.f6_1]
################################################################################################################################################
[ReportManager] Assertion [ValidateNull] FAILED. Expected [NULL] and Actual [NULL]. Comparison Type [EQUALS]. Validation Type [NEGATIVE]. @04-10-2021 22:53:48.0180 P

################################################################################################################################################
Starting Execution:	[133 out of 144] test cases in the current suite
Test Method:		[testPackage01.Test_NewValidationHelper.f6_2]
################################################################################################################################################
[ReportManager] Assertion Failed: Making sure that null string is not equal to null object @04-10-2021 22:53:48.0182 PM
[ReportManager] Assertion [ValidateNull] FAILED. Expected [NULL] and Actual [not null]. Comparison Type [EQUALS]. Validation Type [POSITIVE]. @04-10-2021 22:53:48.0182 P

################################################################################################################################################
Starting Execution:	[134 out of 144] test cases in the current suite
Test Method:		[testPackage01.Test_NewValidationHelper.f7]
################################################################################################################################################
[ReportManager] Assertion [ValidateNull] PASSED. Expected [NULL] and Actual [NULL]. Comparison Type [EQUALS]. Validation Type [POSITIVE]. @04-10-2021 22:53:48.0184 P
[ReportManager] File Action [GetAbsolutePath] successfully performed. With the following test data [Relative Folder Path: "target/downloadedFiles/"]. @04-10-2021 22:53:48.0185 PM
[ReportManager] Attempting to run remotely on: [Linux-64], [GoogleChrome], [http://localhost:4444/wd/hub], Headless Execution. @04-10-2021 22:53:48.0185 PM
[ReportManager] Successfully Opened [GoogleChrome]. @04-10-2021 22:53:48.0386 PM
[ReportManager] Target URL: [https://the-internet.herokuapp.com/] @04-10-2021 22:53:48.0396 PM
[ReportManager] Initial URL: [data:,] @04-10-2021 22:53:48.0430 PM
[ReportManager] Browser Action [NavigateToURL] successfully performed. With the following test data [https://the-internet.herokuapp.com/]. @04-10-2021 22:53:49.0096 P

################################################################################################################################################
Starting Execution:	[135 out of 144] test cases in the current suite
Test Method:		[testPackage01.Test_NewValidationHelper.f8]
################################################################################################################################################
[ReportManager] Loaded Shared OpenCV @04-10-2021 22:53:49.0262 PM
[ReportManager] Assertion [ValidateElementExists] PASSED. Expected [Element Should Exist, locator 'By.tagName: h1'] and Actual [Element Exists]. Comparison Type [EQUALS]. Validation Type [POSITIVE]. @04-10-2021 22:53:49.0335 PM
[ReportManager] Successfully created attachment [Screenshot - 1633388029262_f8_ValidateElementExists_passed] @04-10-2021 22:53:49.0336 P
[ReportManager] Successfully Closed All Drivers. @04-10-2021 22:53:49.0408 P
[ReportManager] File Action [GetAbsolutePath] successfully performed. With the following test data [Relative Folder Path: "target/downloadedFiles/"]. @04-10-2021 22:53:49.0410 PM
[ReportManager] Attempting to run remotely on: [Linux-64], [GoogleChrome], [http://localhost:4444/wd/hub], Headless Execution. @04-10-2021 22:53:49.0410 PM
[ReportManager] Successfully Opened [GoogleChrome]. @04-10-2021 22:53:49.0587 PM
[ReportManager] Target URL: [https://the-internet.herokuapp.com/] @04-10-2021 22:53:49.0596 PM
[ReportManager] Initial URL: [data:,] @04-10-2021 22:53:49.0631 PM
[ReportManager] Browser Action [NavigateToURL] successfully performed. With the following test data [https://the-internet.herokuapp.com/]. @04-10-2021 22:53:50.0304 P

################################################################################################################################################
Starting Execution:	[136 out of 144] test cases in the current suite
Test Method:		[testPackage01.Test_NewValidationHelper.f9]
################################################################################################################################################
[ReportManager] Assertion [ValidateElementExists] FAILED. Expected [Element Should Exist, locator 'By.tagName: h3'] and Actual [Element Doesn't Exists]. Comparison Type [EQUALS]. Validation Type [POSITIVE]. @04-10-2021 22:54:20.0928 PM
[ReportManager] Successfully created attachment [Screenshot - 1633388060863_f9_ValidateElementExists_failed] @04-10-2021 22:54:20.0928 P
[ReportManager] Successfully Closed All Drivers. @04-10-2021 22:54:21.0008 P

################################################################################################################################################
Starting Execution:	[137 out of 144] test cases in the current suite
Test Method:		[testPackage01.Test_NewValidationHelper.forceFail]
################################################################################################################################################
[ReportManager] Assertion [ValidateFail] FAILED. Successfully force failed the test. @04-10-2021 22:54:21.0015 P

################################################################################################################################################
Starting Execution:	[138 out of 144] test cases in the current suite
Test Method:		[testPackage01.Test_NewValidationHelper.forceFail2]
################################################################################################################################################
[ReportManager] Assertion Failed: Custom Message @04-10-2021 22:54:21.0017 PM
[ReportManager] Assertion [ValidateFail] FAILED. Successfully force failed the test. @04-10-2021 22:54:21.0017 P

################################################################################################################################################
Starting Execution:	[139 out of 144] test cases in the current suite
Test Method:		[testPackage01.Test_sendGraphqlRequest.sendGraphqlRequestUsingMutationAndVariables]
################################################################################################################################################
[ReportManager] GraphQl Request is being Performed with the Following Parameters [Service URL: https://api.spacex.land/graphql | Request Body: {"variables":"{\"name\": \"sherlock holmes\",\"rocket\": \"221B Baker Street\"}","query":"mutation ($name: String, $rocket: String) {\n  insert_users(objects: {name: $name, rocket: $rocket}) {\n    returning {\n      name\n      rocket\n    }\n  }\n}"}] @04-10-2021 22:54:21.0020 PM
[ReportManager] Response status code: [200], status line: [HTTP/1.1 200 OK] @04-10-2021 22:54:21.0559 PM
[ReportManager] Assertion Passed: Evaluating the actual response status code against the expected one... @04-10-2021 22:54:21.0560 PM
[ReportManager] Assertion [ValidateEquals] PASSED. Expected [200] and Actual [200]. Comparison Type [EQUALS]. Validation Type [POSITIVE]. @04-10-2021 22:54:21.0560 PM
[ReportManager] API Action [PerformRequest] successfully performed. With the following test data [Request Type: "POST" | Target Status Code: "200" | Service URL: "https://api.spacex.land/graphql" | Content Type: "application/json" | Response Time: "388ms"]. @04-10-2021 22:54:21.0570 PM
[ReportManager] Successfully created attachment [API Request - Specifications] @04-10-2021 22:54:21.0570 PM
[ReportManager] Successfully created attachment [API Request - JSON Body] @04-10-2021 22:54:21.0571 PM
[ReportManager] Successfully created attachment [API Response - JSON Body] @04-10-2021 22:54:21.0571 PM
[ReportManager] API Action [GetResponseJSONValue] successfully performed. With the following test data [data.insert_users.returning[0].name]. @04-10-2021 22:54:21.0617 PM
[ReportManager] Assertion [ValidateEquals] PASSED. Expected [sherlock holmes] and Actual [sherlock holmes]. Comparison Type [EQUALS]. Validation Type [POSITIVE]. @04-10-2021 22:54:21.0617 P

################################################################################################################################################
Starting Execution:	[140 out of 144] test cases in the current suite
Test Method:		[testPackage01.Test_sendGraphqlRequest.sendGraphqlRequestUsingQuery]
################################################################################################################################################
[ReportManager] GraphQl Request is being Performed with the Following Parameters [Service URL: https://api.spacex.land/graphql | Request Body: {"query":"{company {ceo}}"}] @04-10-2021 22:54:21.0623 PM
[ReportManager] Response status code: [200], status line: [HTTP/1.1 200 OK] @04-10-2021 22:54:21.0799 PM
[ReportManager] Assertion Passed: Evaluating the actual response status code against the expected one... @04-10-2021 22:54:21.0799 PM
[ReportManager] Assertion [ValidateEquals] PASSED. Expected [200] and Actual [200]. Comparison Type [EQUALS]. Validation Type [POSITIVE]. @04-10-2021 22:54:21.0799 PM
[ReportManager] API Action [PerformRequest] successfully performed. With the following test data [Request Type: "POST" | Target Status Code: "200" | Service URL: "https://api.spacex.land/graphql" | Content Type: "application/json" | Response Time: "169ms"]. @04-10-2021 22:54:21.0808 PM
[ReportManager] Successfully created attachment [API Request - Specifications] @04-10-2021 22:54:21.0808 PM
[ReportManager] Successfully created attachment [API Request - JSON Body] @04-10-2021 22:54:21.0808 PM
[ReportManager] Successfully created attachment [API Response - JSON Body] @04-10-2021 22:54:21.0809 PM
[ReportManager] API Action [GetResponseJSONValue] successfully performed. With the following test data [data.company.ceo]. @04-10-2021 22:54:21.0817 PM
[ReportManager] Assertion [ValidateEquals] PASSED. Expected [Elon Musk] and Actual [Elon Musk]. Comparison Type [EQUALS]. Validation Type [POSITIVE]. @04-10-2021 22:54:21.0817 P

################################################################################################################################################
Starting Execution:	[141 out of 144] test cases in the current suite
Test Method:		[testPackage01.Test_chainableElementActions.chainElementActions]
################################################################################################################################################
[ReportManager] File Action [GetAbsolutePath] successfully performed. With the following test data [Relative Folder Path: "target/downloadedFiles/"]. @04-10-2021 22:54:21.0824 PM
[ReportManager] Attempting to run remotely on: [Linux-64], [GoogleChrome], [http://localhost:4444/wd/hub], Headless Execution. @04-10-2021 22:54:21.0824 PM
[ReportManager] Successfully Opened [GoogleChrome]. @04-10-2021 22:54:21.0989 PM
[ReportManager] Target URL: [https://www.google.com/ncr], and after redirection: [https://www.google.com] @04-10-2021 22:54:21.0998 PM
[ReportManager] Initial URL: [data:,] @04-10-2021 22:54:22.0032 PM
[ReportManager] Browser Action [NavigateToURL] successfully performed. With the following test data [https://www.google.com/ncr]. @04-10-2021 22:54:23.0052 PM
[ReportManager] Element Action [Type] successfully performed. With the following test data [chained type 1]. @04-10-2021 22:54:23.0348 PM
[ReportManager] Element Action [Type] successfully performed. With the following test data [chained type 2]. @04-10-2021 22:54:23.0632 PM
[ReportManager] Element Action [TypeAppend] successfully performed. With the following test data [345]. @04-10-2021 22:54:23.0711 PM
[ReportManager] Element Action [GetText] successfully performed. With the following test data [chained type 2345]. @04-10-2021 22:54:23.0805 PM
[ReportManager] Loaded Shared OpenCV @04-10-2021 22:54:23.0924 PM
[ReportManager] Assertion [ValidateElementAttribute] PASSED. Expected [Value Should be 'chained type 2345' for the 'text' attribute, element locator 'By.name: q'] and Actual [chained type 2345]. Comparison Type [EQUALS]. Validation Type [POSITIVE]. @04-10-2021 22:54:23.0986 PM
[ReportManager] Successfully created attachment [Screenshot - 1633388063923_chainElementActions_ValidateElementAttribute_passed] @04-10-2021 22:54:23.0987 PM
[ReportManager] Browser Action [CloseCurrentWindow] successfully performed. @04-10-2021 22:54:24.0096 PM
[ReportManager] Successfully created attachment [Browser Action Test Data - CloseCurrentWindow - Actual Value] @04-10-2021 22:54:24.0097 P

################################################################################################################################################
Starting Execution:	[142 out of 144] test cases in the current suite
Test Method:		[testPackage01.Test_SkipDueToIssue.doNotSkip]
################################################################################################################################################
[ReportManager] This should not be skipped. @04-10-2021 22:54:24.0100 P

################################################################################################################################################
Starting Execution:	[143 out of 144] test cases in the current suite
Test Method:		[testPackage01.Test_SkipDueToIssue.skip]
################################################################################################################################################
[ReportManager] This should be skipped. @04-10-2021 22:54:24.0104 P

################################################################################################################################################
Starting Execution:	[144 out of 144] test cases in the current suite
Test Method:		[testPackage01.Test_SkipDueToIssue.skip2]
################################################################################################################################################
[ReportManager] This should be skipped. @04-10-2021 22:54:24.0108 P

################################################################################################################################################
Test Closure Activities
################################################################################################################################################
[ReportManager] Successfully created attachment [SHAFT Engine Logs - Execution log] @04-10-2021 22:54:24.0139 PM

################################################################################################################################################
This test run was powered by SHAFT Engine Version: [SHAFT Engine v5.3.20210902]
SHAFT Engine is licensed under the MIT License: [https://github.com/MohabMohie/SHAFT_ENGINE/blob/master/LICENSE].
################################################################################################################################################