################################################################################################################################################
Detected SHAFT Engine Version: [SHAFT Engine v5.4.20211030-BETA]
################################################################################################################################################

################################################################################################################################################
Starting Execution:	[1 out of 143] test cases in the current suite
Test Method:		[unitTests.tests_validations_assertions.assertComparativeRelation_greaterThanOrEquals_false_equals_expectedToFail]
################################################################################################################################################
[ReportManager] Assertion [ValidateComparativeRelation] FAILED. Expected [1] and Actual [1]. Comparison Type [GREATER_THAN_OR_EQUALS]. Validation Type [NEGATIVE]. @30-10-2021 20:20:20.0375 P

################################################################################################################################################
Starting Execution:	[2 out of 143] test cases in the current suite
Test Method:		[unitTests.tests_validations_assertions.assertComparativeRelation_greaterThanOrEquals_false_equals_expectedToPass]
################################################################################################################################################
[ReportManager] Assertion [ValidateComparativeRelation] PASSED. Expected [2] and Actual [1]. Comparison Type [GREATER_THAN_OR_EQUALS]. Validation Type [NEGATIVE]. @30-10-2021 20:20:20.0481 P

################################################################################################################################################
Starting Execution:	[3 out of 143] test cases in the current suite
Test Method:		[unitTests.tests_validations_assertions.assertComparativeRelation_greaterThanOrEquals_false_greaterThan_expectedToFail]
################################################################################################################################################
[ReportManager] Assertion [ValidateComparativeRelation] FAILED. Expected [1] and Actual [2]. Comparison Type [GREATER_THAN_OR_EQUALS]. Validation Type [NEGATIVE]. @30-10-2021 20:20:20.0488 P

################################################################################################################################################
Starting Execution:	[4 out of 143] test cases in the current suite
Test Method:		[unitTests.tests_validations_assertions.assertComparativeRelation_greaterThanOrEquals_false_greaterThan_expectedToPass]
################################################################################################################################################
[ReportManager] Assertion [ValidateComparativeRelation] PASSED. Expected [2] and Actual [1]. Comparison Type [GREATER_THAN_OR_EQUALS]. Validation Type [NEGATIVE]. @30-10-2021 20:20:20.0496 P

################################################################################################################################################
Starting Execution:	[5 out of 143] test cases in the current suite
Test Method:		[unitTests.tests_validations_assertions.assertComparativeRelation_greaterThanOrEquals_true_equals_expectedToFail]
################################################################################################################################################
[ReportManager] Assertion [ValidateComparativeRelation] FAILED. Expected [1] and Actual [0]. Comparison Type [GREATER_THAN_OR_EQUALS]. Validation Type [POSITIVE]. @30-10-2021 20:20:20.0500 P

################################################################################################################################################
Starting Execution:	[6 out of 143] test cases in the current suite
Test Method:		[unitTests.tests_validations_assertions.assertComparativeRelation_greaterThanOrEquals_true_equals_expectedToPass]
################################################################################################################################################
[ReportManager] Assertion [ValidateComparativeRelation] PASSED. Expected [1] and Actual [1]. Comparison Type [GREATER_THAN_OR_EQUALS]. Validation Type [POSITIVE]. @30-10-2021 20:20:20.0505 P

################################################################################################################################################
Starting Execution:	[7 out of 143] test cases in the current suite
Test Method:		[unitTests.tests_validations_assertions.assertComparativeRelation_greaterThanOrEquals_true_greaterThan_expectedToFail]
################################################################################################################################################
[ReportManager] Assertion [ValidateComparativeRelation] FAILED. Expected [2] and Actual [1]. Comparison Type [GREATER_THAN_OR_EQUALS]. Validation Type [POSITIVE]. @30-10-2021 20:20:20.0510 P

################################################################################################################################################
Starting Execution:	[8 out of 143] test cases in the current suite
Test Method:		[unitTests.tests_validations_assertions.assertComparativeRelation_greaterThanOrEquals_true_greaterThan_expectedToPass]
################################################################################################################################################
[ReportManager] Assertion [ValidateComparativeRelation] PASSED. Expected [1] and Actual [2]. Comparison Type [GREATER_THAN_OR_EQUALS]. Validation Type [POSITIVE]. @30-10-2021 20:20:20.0515 P
[ReportManager] File Action [GetAbsolutePath] successfully performed. With the following test data [Relative Folder Path: "target/downloadedFiles/"]. @30-10-2021 20:20:20.0528 PM
[ReportManager] Attempting to run remotely on: [Linux-64], [GoogleChrome], [http://localhost:4444/wd/hub], Headless Execution. @30-10-2021 20:20:20.0542 PM
[ReportManager] Successfully Opened [GoogleChrome]. @30-10-2021 20:20:27.0762 PM
[ReportManager] Target URL: [https://www.google.com/ncr], and after redirection: [www.google.com] @30-10-2021 20:20:27.0774 PM
[ReportManager] Initial URL: [data:,] @30-10-2021 20:20:28.0028 PM
[ReportManager] Browser Action [NavigateToURL] successfully performed. With the following test data [https://www.google.com/ncr]. @30-10-2021 20:20:29.0204 P

################################################################################################################################################
Starting Execution:	[9 out of 143] test cases in the current suite
Test Method:		[unitTests.tests_validations_assertions.assertElementAttribute_false_caseInsensitiveComparison_expectedToFail]
################################################################################################################################################
[ReportManager] Element Action [Type] successfully performed. With the following test data [AUTOMATION]. @30-10-2021 20:20:29.0966 PM
[ReportManager] Element Action [GetText] successfully performed. With the following test data [AUTOMATION]. @30-10-2021 20:20:30.0282 PM
[ReportManager] Loaded Shared OpenCV @30-10-2021 20:20:31.0072 PM
[ReportManager] Assertion [ValidateElementAttribute] FAILED. Expected [Value Should not be 'AutomaTion' for the 'text' attribute, element locator 'By.name: q'] and Actual [AUTOMATION]. Comparison Type [CASE_INSENSITIVE]. Validation Type [NEGATIVE]. @30-10-2021 20:20:31.0561 PM
[ReportManager] Successfully created attachment [Screenshot - 1635625230613_assertElementAttribute_false_caseInsensitiveComparison_expectedToFail_ValidateElementAttribute_failed] @30-10-2021 20:20:31.0584 P
[ReportManager] Browser Action [CloseCurrentWindow] successfully performed. @30-10-2021 20:20:31.0806 PM
[ReportManager] Successfully created attachment [Browser Action Test Data - CloseCurrentWindow - Actual Value] @30-10-2021 20:20:31.0812 P
[ReportManager] File Action [GetAbsolutePath] successfully performed. With the following test data [Relative Folder Path: "target/downloadedFiles/"]. @30-10-2021 20:20:31.0820 PM
[ReportManager] Attempting to run remotely on: [Linux-64], [GoogleChrome], [http://localhost:4444/wd/hub], Headless Execution. @30-10-2021 20:20:31.0820 PM
[ReportManager] Successfully Opened [GoogleChrome]. @30-10-2021 20:20:35.0954 PM
[ReportManager] Target URL: [https://www.google.com/ncr], and after redirection: [www.google.com] @30-10-2021 20:20:35.0965 PM
[ReportManager] Initial URL: [data:,] @30-10-2021 20:20:36.0101 PM
[ReportManager] Browser Action [NavigateToURL] successfully performed. With the following test data [https://www.google.com/ncr]. @30-10-2021 20:20:36.0984 P

################################################################################################################################################
Starting Execution:	[10 out of 143] test cases in the current suite
Test Method:		[unitTests.tests_validations_assertions.assertElementAttribute_false_caseInsensitiveComparison_expectedToPass]
################################################################################################################################################
[ReportManager] Element Action [Type] successfully performed. With the following test data [AUTOMATION]. @30-10-2021 20:20:37.0579 PM
[ReportManager] Element Action [GetText] successfully performed. With the following test data [AUTOMATION]. @30-10-2021 20:20:37.0795 PM
[ReportManager] Loaded Shared OpenCV @30-10-2021 20:20:38.0093 PM
[ReportManager] Assertion [ValidateElementAttribute] PASSED. Expected [Value Should not be 'AutomaTion123' for the 'text' attribute, element locator 'By.name: q'] and Actual [AUTOMATION]. Comparison Type [CASE_INSENSITIVE]. Validation Type [NEGATIVE]. @30-10-2021 20:20:38.0375 PM
[ReportManager] Successfully created attachment [Screenshot - 1635625238093_assertElementAttribute_false_caseInsensitiveComparison_expectedToPass_ValidateElementAttribute_passed] @30-10-2021 20:20:38.0378 P
[ReportManager] Browser Action [CloseCurrentWindow] successfully performed. @30-10-2021 20:20:38.0586 PM
[ReportManager] Successfully created attachment [Browser Action Test Data - CloseCurrentWindow - Actual Value] @30-10-2021 20:20:38.0587 P
[ReportManager] File Action [GetAbsolutePath] successfully performed. With the following test data [Relative Folder Path: "target/downloadedFiles/"]. @30-10-2021 20:20:38.0592 PM
[ReportManager] Attempting to run remotely on: [Linux-64], [GoogleChrome], [http://localhost:4444/wd/hub], Headless Execution. @30-10-2021 20:20:38.0592 PM
[ReportManager] Successfully Opened [GoogleChrome]. @30-10-2021 20:20:40.0928 PM
[ReportManager] Target URL: [https://www.google.com/ncr], and after redirection: [www.google.com] @30-10-2021 20:20:40.0928 PM
[ReportManager] Initial URL: [data:,] @30-10-2021 20:20:41.0053 PM
[ReportManager] Browser Action [NavigateToURL] successfully performed. With the following test data [https://www.google.com/ncr]. @30-10-2021 20:20:41.0861 P

################################################################################################################################################
Starting Execution:	[11 out of 143] test cases in the current suite
Test Method:		[unitTests.tests_validations_assertions.assertElementAttribute_false_containsComparison_expectedToFail]
################################################################################################################################################
[ReportManager] Element Action [Type] successfully performed. With the following test data [Automation123]. @30-10-2021 20:20:42.0470 PM
[ReportManager] Element Action [GetText] successfully performed. With the following test data [Automation123]. @30-10-2021 20:20:42.0699 PM
[ReportManager] Loaded Shared OpenCV @30-10-2021 20:20:42.0983 PM
[ReportManager] Assertion [ValidateElementAttribute] FAILED. Expected [Value Should not be 'Automation' for the 'text' attribute, element locator 'By.name: q'] and Actual [Automation123]. Comparison Type [CONTAINS]. Validation Type [NEGATIVE]. @30-10-2021 20:20:43.0212 PM
[ReportManager] Successfully created attachment [Screenshot - 1635625242983_assertElementAttribute_false_containsComparison_expectedToFail_ValidateElementAttribute_failed] @30-10-2021 20:20:43.0214 P
[ReportManager] Browser Action [CloseCurrentWindow] successfully performed. @30-10-2021 20:20:43.0436 PM
[ReportManager] Successfully created attachment [Browser Action Test Data - CloseCurrentWindow - Actual Value] @30-10-2021 20:20:43.0437 P
[ReportManager] File Action [GetAbsolutePath] successfully performed. With the following test data [Relative Folder Path: "target/downloadedFiles/"]. @30-10-2021 20:20:43.0442 PM
[ReportManager] Attempting to run remotely on: [Linux-64], [GoogleChrome], [http://localhost:4444/wd/hub], Headless Execution. @30-10-2021 20:20:43.0443 PM
[ReportManager] Successfully Opened [GoogleChrome]. @30-10-2021 20:20:45.0939 PM
[ReportManager] Target URL: [https://www.google.com/ncr], and after redirection: [www.google.com] @30-10-2021 20:20:45.0939 PM
[ReportManager] Initial URL: [data:,] @30-10-2021 20:20:46.0028 PM
[ReportManager] Browser Action [NavigateToURL] successfully performed. With the following test data [https://www.google.com/ncr]. @30-10-2021 20:20:46.0829 P

################################################################################################################################################
Starting Execution:	[12 out of 143] test cases in the current suite
Test Method:		[unitTests.tests_validations_assertions.assertElementAttribute_false_containsComparison_expectedToPass]
################################################################################################################################################
[ReportManager] Element Action [Type] successfully performed. With the following test data [Automation123]. @30-10-2021 20:20:47.0415 PM
[ReportManager] Element Action [GetText] successfully performed. With the following test data [Automation123]. @30-10-2021 20:20:47.0597 PM
[ReportManager] Loaded Shared OpenCV @30-10-2021 20:20:47.0853 PM
[ReportManager] Assertion [ValidateElementAttribute] PASSED. Expected [Value Should not be 'Automation1234' for the 'text' attribute, element locator 'By.name: q'] and Actual [Automation123]. Comparison Type [CONTAINS]. Validation Type [NEGATIVE]. @30-10-2021 20:20:48.0069 PM
[ReportManager] Successfully created attachment [Screenshot - 1635625247853_assertElementAttribute_false_containsComparison_expectedToPass_ValidateElementAttribute_passed] @30-10-2021 20:20:48.0070 P
[ReportManager] Browser Action [CloseCurrentWindow] successfully performed. @30-10-2021 20:20:48.0241 PM
[ReportManager] Successfully created attachment [Browser Action Test Data - CloseCurrentWindow - Actual Value] @30-10-2021 20:20:48.0242 P
[ReportManager] File Action [GetAbsolutePath] successfully performed. With the following test data [Relative Folder Path: "target/downloadedFiles/"]. @30-10-2021 20:20:48.0246 PM
[ReportManager] Attempting to run remotely on: [Linux-64], [GoogleChrome], [http://localhost:4444/wd/hub], Headless Execution. @30-10-2021 20:20:48.0251 PM
[ReportManager] Successfully Opened [GoogleChrome]. @30-10-2021 20:20:50.0900 PM
[ReportManager] Target URL: [https://www.google.com/ncr], and after redirection: [www.google.com] @30-10-2021 20:20:50.0901 PM
[ReportManager] Initial URL: [data:,] @30-10-2021 20:20:50.0977 PM
[ReportManager] Browser Action [NavigateToURL] successfully performed. With the following test data [https://www.google.com/ncr]. @30-10-2021 20:20:51.0735 P

################################################################################################################################################
Starting Execution:	[13 out of 143] test cases in the current suite
Test Method:		[unitTests.tests_validations_assertions.assertElementAttribute_false_literalComparison_expectedToFail]
################################################################################################################################################
[ReportManager] Element Action [Type] successfully performed. With the following test data [Automation!@#$%^&*()_+{}[]\';/.,]. @30-10-2021 20:20:52.0339 PM
[ReportManager] Element Action [GetText] successfully performed. With the following test data [Automation!@#$%^&*()_+{}[]\';/.,]. @30-10-2021 20:20:52.0505 PM
[ReportManager] Loaded Shared OpenCV @30-10-2021 20:20:52.0807 PM
[ReportManager] Assertion [ValidateElementAttribute] PASSED. Expected [Value Should not be 'Automation!@#$%^&*()_+{}[]\\';/.,' for the 'text' attribute, element locator 'By.name: q'] and Actual [Automation!@#$%^&*()_+{}[]\';/.,]. Comparison Type [EQUALS]. Validation Type [NEGATIVE]. @30-10-2021 20:20:52.0999 PM
[ReportManager] Successfully created attachment [Screenshot - 1635625252807_assertElementAttribute_false_literalComparison_expectedToFail_ValidateElementAttribute_passed] @30-10-2021 20:20:53.0001 P
[ReportManager] Browser Action [CloseCurrentWindow] successfully performed. @30-10-2021 20:20:53.0158 PM
[ReportManager] Successfully created attachment [Browser Action Test Data - CloseCurrentWindow - Actual Value] @30-10-2021 20:20:53.0159 P
[ReportManager] File Action [GetAbsolutePath] successfully performed. With the following test data [Relative Folder Path: "target/downloadedFiles/"]. @30-10-2021 20:20:53.0163 PM
[ReportManager] Attempting to run remotely on: [Linux-64], [GoogleChrome], [http://localhost:4444/wd/hub], Headless Execution. @30-10-2021 20:20:53.0163 PM
[ReportManager] Successfully Opened [GoogleChrome]. @30-10-2021 20:20:55.0917 PM
[ReportManager] Target URL: [https://www.google.com/ncr], and after redirection: [www.google.com] @30-10-2021 20:20:55.0917 PM
[ReportManager] Initial URL: [data:,] @30-10-2021 20:20:56.0017 PM
[ReportManager] Browser Action [NavigateToURL] successfully performed. With the following test data [https://www.google.com/ncr]. @30-10-2021 20:20:56.0774 P

################################################################################################################################################
Starting Execution:	[14 out of 143] test cases in the current suite
Test Method:		[unitTests.tests_validations_assertions.assertElementAttribute_false_literalComparison_expectedToPass]
################################################################################################################################################
[ReportManager] Element Action [Type] successfully performed. With the following test data [Automation!@#$%^&*()_+{}[]\';/.,]. @30-10-2021 20:20:57.0414 PM
[ReportManager] Element Action [GetText] successfully performed. With the following test data [Automation!@#$%^&*()_+{}[]\';/.,]. @30-10-2021 20:20:57.0593 PM
[ReportManager] Loaded Shared OpenCV @30-10-2021 20:20:57.0887 PM
[ReportManager] Assertion [ValidateElementAttribute] PASSED. Expected [Value Should not be 'Automation' for the 'text' attribute, element locator 'By.name: q'] and Actual [Automation!@#$%^&*()_+{}[]\';/.,]. Comparison Type [EQUALS]. Validation Type [NEGATIVE]. @30-10-2021 20:20:58.0082 PM
[ReportManager] Successfully created attachment [Screenshot - 1635625257887_assertElementAttribute_false_literalComparison_expectedToPass_ValidateElementAttribute_passed] @30-10-2021 20:20:58.0083 P
[ReportManager] Browser Action [CloseCurrentWindow] successfully performed. @30-10-2021 20:20:58.0251 PM
[ReportManager] Successfully created attachment [Browser Action Test Data - CloseCurrentWindow - Actual Value] @30-10-2021 20:20:58.0252 P
[ReportManager] File Action [GetAbsolutePath] successfully performed. With the following test data [Relative Folder Path: "target/downloadedFiles/"]. @30-10-2021 20:20:58.0254 PM
[ReportManager] Attempting to run remotely on: [Linux-64], [GoogleChrome], [http://localhost:4444/wd/hub], Headless Execution. @30-10-2021 20:20:58.0255 PM
[ReportManager] Successfully Opened [GoogleChrome]. @30-10-2021 20:21:00.0932 PM
[ReportManager] Target URL: [https://www.google.com/ncr], and after redirection: [www.google.com] @30-10-2021 20:21:00.0932 PM
[ReportManager] Initial URL: [data:,] @30-10-2021 20:21:01.0036 PM
[ReportManager] Browser Action [NavigateToURL] successfully performed. With the following test data [https://www.google.com/ncr]. @30-10-2021 20:21:01.0719 P

################################################################################################################################################
Starting Execution:	[15 out of 143] test cases in the current suite
Test Method:		[unitTests.tests_validations_assertions.assertElementAttribute_false_regexComparison_expectedToFail]
################################################################################################################################################
[ReportManager] Element Action [Type] successfully performed. With the following test data [Automation123]. @30-10-2021 20:21:02.0162 PM
[ReportManager] Element Action [GetText] successfully performed. With the following test data [Automation123]. @30-10-2021 20:21:02.0328 PM
[ReportManager] Loaded Shared OpenCV @30-10-2021 20:21:02.0611 PM
[ReportManager] Assertion [ValidateElementAttribute] FAILED. Expected [Value Should not be 'Automation.*' for the 'text' attribute, element locator 'By.name: q'] and Actual [Automation123]. Comparison Type [MATCHES]. Validation Type [NEGATIVE]. @30-10-2021 20:21:02.0800 PM
[ReportManager] Successfully created attachment [Screenshot - 1635625262611_assertElementAttribute_false_regexComparison_expectedToFail_ValidateElementAttribute_failed] @30-10-2021 20:21:02.0802 P
[ReportManager] Browser Action [CloseCurrentWindow] successfully performed. @30-10-2021 20:21:02.0951 PM
[ReportManager] Successfully created attachment [Browser Action Test Data - CloseCurrentWindow - Actual Value] @30-10-2021 20:21:02.0952 P
[ReportManager] File Action [GetAbsolutePath] successfully performed. With the following test data [Relative Folder Path: "target/downloadedFiles/"]. @30-10-2021 20:21:02.0955 PM
[ReportManager] Attempting to run remotely on: [Linux-64], [GoogleChrome], [http://localhost:4444/wd/hub], Headless Execution. @30-10-2021 20:21:02.0955 PM
[ReportManager] Successfully Opened [GoogleChrome]. @30-10-2021 20:21:05.0919 PM
[ReportManager] Target URL: [https://www.google.com/ncr], and after redirection: [www.google.com] @30-10-2021 20:21:05.0919 PM
[ReportManager] Initial URL: [data:,] @30-10-2021 20:21:05.0985 PM
[ReportManager] Browser Action [NavigateToURL] successfully performed. With the following test data [https://www.google.com/ncr]. @30-10-2021 20:21:06.0696 P

################################################################################################################################################
Starting Execution:	[16 out of 143] test cases in the current suite
Test Method:		[unitTests.tests_validations_assertions.assertElementAttribute_false_regexComparison_expectedToPass]
################################################################################################################################################
[ReportManager] Element Action [Type] successfully performed. With the following test data [Automation123]. @30-10-2021 20:21:07.0212 PM
[ReportManager] Element Action [GetText] successfully performed. With the following test data [Automation123]. @30-10-2021 20:21:07.0350 PM
[ReportManager] Loaded Shared OpenCV @30-10-2021 20:21:07.0604 PM
[ReportManager] Assertion [ValidateElementAttribute] PASSED. Expected [Value Should not be 'Automation' for the 'text' attribute, element locator 'By.name: q'] and Actual [Automation123]. Comparison Type [MATCHES]. Validation Type [NEGATIVE]. @30-10-2021 20:21:07.0788 PM
[ReportManager] Successfully created attachment [Screenshot - 1635625267604_assertElementAttribute_false_regexComparison_expectedToPass_ValidateElementAttribute_passed] @30-10-2021 20:21:07.0789 P
[ReportManager] Browser Action [CloseCurrentWindow] successfully performed. @30-10-2021 20:21:07.0930 PM
[ReportManager] Successfully created attachment [Browser Action Test Data - CloseCurrentWindow - Actual Value] @30-10-2021 20:21:07.0930 P
[ReportManager] File Action [GetAbsolutePath] successfully performed. With the following test data [Relative Folder Path: "target/downloadedFiles/"]. @30-10-2021 20:21:07.0936 PM
[ReportManager] Attempting to run remotely on: [Linux-64], [GoogleChrome], [http://localhost:4444/wd/hub], Headless Execution. @30-10-2021 20:21:07.0936 PM
[ReportManager] Successfully Opened [GoogleChrome]. @30-10-2021 20:21:10.0898 PM
[ReportManager] Target URL: [https://www.google.com/ncr], and after redirection: [www.google.com] @30-10-2021 20:21:10.0898 PM
[ReportManager] Initial URL: [data:,] @30-10-2021 20:21:10.0973 PM
[ReportManager] Browser Action [NavigateToURL] successfully performed. With the following test data [https://www.google.com/ncr]. @30-10-2021 20:21:11.0733 P

################################################################################################################################################
Starting Execution:	[17 out of 143] test cases in the current suite
Test Method:		[unitTests.tests_validations_assertions.assertElementAttribute_true_caseInsensitiveComparison_expectedToFail]
################################################################################################################################################
[ReportManager] Element Action [Type] successfully performed. With the following test data [AUTOMATION]. @30-10-2021 20:21:12.0263 PM
[ReportManager] Element Action [GetText] successfully performed. With the following test data [AUTOMATION]. @30-10-2021 20:21:12.0430 PM
[ReportManager] Loaded Shared OpenCV @30-10-2021 20:21:12.0687 PM
[ReportManager] Assertion [ValidateElementAttribute] FAILED. Expected [Value Should be 'AutomaTion123' for the 'text' attribute, element locator 'By.name: q'] and Actual [AUTOMATION]. Comparison Type [CASE_INSENSITIVE]. Validation Type [POSITIVE]. @30-10-2021 20:21:12.0886 PM
[ReportManager] Successfully created attachment [Screenshot - 1635625272687_assertElementAttribute_true_caseInsensitiveComparison_expectedToFail_ValidateElementAttribute_failed] @30-10-2021 20:21:12.0888 P
[ReportManager] Browser Action [CloseCurrentWindow] successfully performed. @30-10-2021 20:21:13.0037 PM
[ReportManager] Successfully created attachment [Browser Action Test Data - CloseCurrentWindow - Actual Value] @30-10-2021 20:21:13.0038 P
[ReportManager] File Action [GetAbsolutePath] successfully performed. With the following test data [Relative Folder Path: "target/downloadedFiles/"]. @30-10-2021 20:21:13.0041 PM
[ReportManager] Attempting to run remotely on: [Linux-64], [GoogleChrome], [http://localhost:4444/wd/hub], Headless Execution. @30-10-2021 20:21:13.0042 PM
[ReportManager] Successfully Opened [GoogleChrome]. @30-10-2021 20:21:15.0902 PM
[ReportManager] Target URL: [https://www.google.com/ncr], and after redirection: [www.google.com] @30-10-2021 20:21:15.0903 PM
[ReportManager] Initial URL: [data:,] @30-10-2021 20:21:15.0974 PM
[ReportManager] Browser Action [NavigateToURL] successfully performed. With the following test data [https://www.google.com/ncr]. @30-10-2021 20:21:16.0676 P

################################################################################################################################################
Starting Execution:	[18 out of 143] test cases in the current suite
Test Method:		[unitTests.tests_validations_assertions.assertElementAttribute_true_caseInsensitiveComparison_expectedToPass]
################################################################################################################################################
[ReportManager] Element Action [Type] successfully performed. With the following test data [AUTOMATION]. @30-10-2021 20:21:17.0220 PM
[ReportManager] Element Action [GetText] successfully performed. With the following test data [AUTOMATION]. @30-10-2021 20:21:17.0384 PM
[ReportManager] Loaded Shared OpenCV @30-10-2021 20:21:17.0629 PM
[ReportManager] Assertion [ValidateElementAttribute] PASSED. Expected [Value Should be 'AutomaTion' for the 'text' attribute, element locator 'By.name: q'] and Actual [AUTOMATION]. Comparison Type [CASE_INSENSITIVE]. Validation Type [POSITIVE]. @30-10-2021 20:21:17.0818 PM
[ReportManager] Successfully created attachment [Screenshot - 1635625277629_assertElementAttribute_true_caseInsensitiveComparison_expectedToPass_ValidateElementAttribute_passed] @30-10-2021 20:21:17.0819 P
[ReportManager] Browser Action [CloseCurrentWindow] successfully performed. @30-10-2021 20:21:17.0953 PM
[ReportManager] Successfully created attachment [Browser Action Test Data - CloseCurrentWindow - Actual Value] @30-10-2021 20:21:17.0954 P
[ReportManager] File Action [GetAbsolutePath] successfully performed. With the following test data [Relative Folder Path: "target/downloadedFiles/"]. @30-10-2021 20:21:17.0957 PM
[ReportManager] Attempting to run remotely on: [Linux-64], [GoogleChrome], [http://localhost:4444/wd/hub], Headless Execution. @30-10-2021 20:21:17.0957 PM
[ReportManager] Successfully Opened [GoogleChrome]. @30-10-2021 20:21:20.0903 PM
[ReportManager] Target URL: [https://www.google.com/ncr], and after redirection: [www.google.com] @30-10-2021 20:21:20.0903 PM
[ReportManager] Initial URL: [data:,] @30-10-2021 20:21:21.0009 PM
[ReportManager] Browser Action [NavigateToURL] successfully performed. With the following test data [https://www.google.com/ncr]. @30-10-2021 20:21:21.0666 P

################################################################################################################################################
Starting Execution:	[19 out of 143] test cases in the current suite
Test Method:		[unitTests.tests_validations_assertions.assertElementAttribute_true_containsComparison_expectedToFail]
################################################################################################################################################
[ReportManager] Element Action [Type] successfully performed. With the following test data [Automation123]. @30-10-2021 20:21:22.0172 PM
[ReportManager] Element Action [GetText] successfully performed. With the following test data [Automation123]. @30-10-2021 20:21:22.0323 PM
[ReportManager] Loaded Shared OpenCV @30-10-2021 20:21:22.0560 PM
[ReportManager] Assertion [ValidateElementAttribute] FAILED. Expected [Value Should be 'Automation1234' for the 'text' attribute, element locator 'By.name: q'] and Actual [Automation123]. Comparison Type [CONTAINS]. Validation Type [POSITIVE]. @30-10-2021 20:21:22.0743 PM
[ReportManager] Successfully created attachment [Screenshot - 1635625282560_assertElementAttribute_true_containsComparison_expectedToFail_ValidateElementAttribute_failed] @30-10-2021 20:21:22.0744 P
[ReportManager] Browser Action [CloseCurrentWindow] successfully performed. @30-10-2021 20:21:22.0882 PM
[ReportManager] Successfully created attachment [Browser Action Test Data - CloseCurrentWindow - Actual Value] @30-10-2021 20:21:22.0883 P
[ReportManager] File Action [GetAbsolutePath] successfully performed. With the following test data [Relative Folder Path: "target/downloadedFiles/"]. @30-10-2021 20:21:22.0891 PM
[ReportManager] Attempting to run remotely on: [Linux-64], [GoogleChrome], [http://localhost:4444/wd/hub], Headless Execution. @30-10-2021 20:21:22.0892 PM
[ReportManager] Successfully Opened [GoogleChrome]. @30-10-2021 20:21:25.0915 PM
[ReportManager] Target URL: [https://www.google.com/ncr], and after redirection: [www.google.com] @30-10-2021 20:21:25.0917 PM
[ReportManager] Initial URL: [data:,] @30-10-2021 20:21:26.0001 PM
[ReportManager] Browser Action [NavigateToURL] successfully performed. With the following test data [https://www.google.com/ncr]. @30-10-2021 20:21:26.0711 P

################################################################################################################################################
Starting Execution:	[20 out of 143] test cases in the current suite
Test Method:		[unitTests.tests_validations_assertions.assertElementAttribute_true_containsComparison_expectedToPass]
################################################################################################################################################
[ReportManager] Element Action [Type] successfully performed. With the following test data [Automation123]. @30-10-2021 20:21:27.0168 PM
[ReportManager] Element Action [GetText] successfully performed. With the following test data [Automation123]. @30-10-2021 20:21:27.0319 PM
[ReportManager] Loaded Shared OpenCV @30-10-2021 20:21:27.0565 PM
[ReportManager] Assertion [ValidateElementAttribute] PASSED. Expected [Value Should be 'Automation' for the 'text' attribute, element locator 'By.name: q'] and Actual [Automation123]. Comparison Type [CONTAINS]. Validation Type [POSITIVE]. @30-10-2021 20:21:27.0762 PM
[ReportManager] Successfully created attachment [Screenshot - 1635625287565_assertElementAttribute_true_containsComparison_expectedToPass_ValidateElementAttribute_passed] @30-10-2021 20:21:27.0763 P
[ReportManager] Browser Action [CloseCurrentWindow] successfully performed. @30-10-2021 20:21:27.0909 PM
[ReportManager] Successfully created attachment [Browser Action Test Data - CloseCurrentWindow - Actual Value] @30-10-2021 20:21:27.0910 P
[ReportManager] File Action [GetAbsolutePath] successfully performed. With the following test data [Relative Folder Path: "target/downloadedFiles/"]. @30-10-2021 20:21:27.0913 PM
[ReportManager] Attempting to run remotely on: [Linux-64], [GoogleChrome], [http://localhost:4444/wd/hub], Headless Execution. @30-10-2021 20:21:27.0913 PM
[ReportManager] Successfully Opened [GoogleChrome]. @30-10-2021 20:21:30.0902 PM
[ReportManager] Target URL: [https://www.google.com/ncr], and after redirection: [www.google.com] @30-10-2021 20:21:30.0902 PM
[ReportManager] Initial URL: [data:,] @30-10-2021 20:21:30.0989 PM
[ReportManager] Browser Action [NavigateToURL] successfully performed. With the following test data [https://www.google.com/ncr]. @30-10-2021 20:21:31.0657 P

################################################################################################################################################
Starting Execution:	[21 out of 143] test cases in the current suite
Test Method:		[unitTests.tests_validations_assertions.assertElementAttribute_true_literalComparison_expectedToFail]
################################################################################################################################################
[ReportManager] Element Action [Type] successfully performed. With the following test data [Automation!@#$%^&*()_+{}[]\';/.,]. @30-10-2021 20:21:32.0189 PM
[ReportManager] Element Action [GetText] successfully performed. With the following test data [Automation!@#$%^&*()_+{}[]\';/.,]. @30-10-2021 20:21:32.0371 PM
[ReportManager] Loaded Shared OpenCV @30-10-2021 20:21:32.0643 PM
[ReportManager] Assertion [ValidateElementAttribute] FAILED. Expected [Value Should be 'Automation' for the 'text' attribute, element locator 'By.name: q'] and Actual [Automation!@#$%^&*()_+{}[]\';/.,]. Comparison Type [EQUALS]. Validation Type [POSITIVE]. @30-10-2021 20:21:32.0832 PM
[ReportManager] Successfully created attachment [Screenshot - 1635625292643_assertElementAttribute_true_literalComparison_expectedToFail_ValidateElementAttribute_failed] @30-10-2021 20:21:32.0834 P
[ReportManager] Browser Action [CloseCurrentWindow] successfully performed. @30-10-2021 20:21:32.0972 PM
[ReportManager] Successfully created attachment [Browser Action Test Data - CloseCurrentWindow - Actual Value] @30-10-2021 20:21:32.0973 P
[ReportManager] File Action [GetAbsolutePath] successfully performed. With the following test data [Relative Folder Path: "target/downloadedFiles/"]. @30-10-2021 20:21:32.0976 PM
[ReportManager] Attempting to run remotely on: [Linux-64], [GoogleChrome], [http://localhost:4444/wd/hub], Headless Execution. @30-10-2021 20:21:32.0976 PM
[ReportManager] Successfully Opened [GoogleChrome]. @30-10-2021 20:21:35.0897 PM
[ReportManager] Target URL: [https://www.google.com/ncr], and after redirection: [www.google.com] @30-10-2021 20:21:35.0898 PM
[ReportManager] Initial URL: [data:,] @30-10-2021 20:21:35.0960 PM
[ReportManager] Browser Action [NavigateToURL] successfully performed. With the following test data [https://www.google.com/ncr]. @30-10-2021 20:21:36.0706 P

################################################################################################################################################
Starting Execution:	[22 out of 143] test cases in the current suite
Test Method:		[unitTests.tests_validations_assertions.assertElementAttribute_true_literalComparison_expectedToPass]
################################################################################################################################################
[ReportManager] Element Action [Type] successfully performed. With the following test data [Automation!@#$%^&*()_+{}[]\';/.,]. @30-10-2021 20:21:37.0345 PM
[ReportManager] Element Action [GetText] successfully performed. With the following test data [Automation!@#$%^&*()_+{}[]\';/.,]. @30-10-2021 20:21:37.0479 PM
[ReportManager] Loaded Shared OpenCV @30-10-2021 20:21:37.0717 PM
[ReportManager] Assertion [ValidateElementAttribute] PASSED. Expected [Value Should be 'Automation!@#$%^&*()_+{}[]\';/.,' for the 'text' attribute, element locator 'By.name: q'] and Actual [Automation!@#$%^&*()_+{}[]\';/.,]. Comparison Type [EQUALS]. Validation Type [POSITIVE]. @30-10-2021 20:21:37.0923 PM
[ReportManager] Successfully created attachment [Screenshot - 1635625297716_assertElementAttribute_true_literalComparison_expectedToPass_ValidateElementAttribute_passed] @30-10-2021 20:21:37.0930 P
[ReportManager] Browser Action [CloseCurrentWindow] successfully performed. @30-10-2021 20:21:38.0073 PM
[ReportManager] Successfully created attachment [Browser Action Test Data - CloseCurrentWindow - Actual Value] @30-10-2021 20:21:38.0074 P
[ReportManager] File Action [GetAbsolutePath] successfully performed. With the following test data [Relative Folder Path: "target/downloadedFiles/"]. @30-10-2021 20:21:38.0076 PM
[ReportManager] Attempting to run remotely on: [Linux-64], [GoogleChrome], [http://localhost:4444/wd/hub], Headless Execution. @30-10-2021 20:21:38.0077 PM
[ReportManager] Successfully Opened [GoogleChrome]. @30-10-2021 20:21:40.0921 PM
[ReportManager] Target URL: [https://www.google.com/ncr], and after redirection: [www.google.com] @30-10-2021 20:21:40.0921 PM
[ReportManager] Initial URL: [data:,] @30-10-2021 20:21:40.0985 PM
[ReportManager] Browser Action [NavigateToURL] successfully performed. With the following test data [https://www.google.com/ncr]. @30-10-2021 20:21:41.0670 P

################################################################################################################################################
Starting Execution:	[23 out of 143] test cases in the current suite
Test Method:		[unitTests.tests_validations_assertions.assertElementAttribute_true_regexComparison_expectedToFail]
################################################################################################################################################
[ReportManager] Element Action [Type] successfully performed. With the following test data [Automation123]. @30-10-2021 20:21:42.0150 PM
[ReportManager] Element Action [GetText] successfully performed. With the following test data [Automation123]. @30-10-2021 20:21:42.0287 PM
[ReportManager] Loaded Shared OpenCV @30-10-2021 20:21:42.0516 PM
[ReportManager] Assertion [ValidateElementAttribute] FAILED. Expected [Value Should be 'Automation' for the 'text' attribute, element locator 'By.name: q'] and Actual [Automation123]. Comparison Type [MATCHES]. Validation Type [POSITIVE]. @30-10-2021 20:21:42.0714 PM
[ReportManager] Successfully created attachment [Screenshot - 1635625302516_assertElementAttribute_true_regexComparison_expectedToFail_ValidateElementAttribute_failed] @30-10-2021 20:21:42.0715 P
[ReportManager] Browser Action [CloseCurrentWindow] successfully performed. @30-10-2021 20:21:42.0843 PM
[ReportManager] Successfully created attachment [Browser Action Test Data - CloseCurrentWindow - Actual Value] @30-10-2021 20:21:42.0844 P
[ReportManager] File Action [GetAbsolutePath] successfully performed. With the following test data [Relative Folder Path: "target/downloadedFiles/"]. @30-10-2021 20:21:42.0847 PM
[ReportManager] Attempting to run remotely on: [Linux-64], [GoogleChrome], [http://localhost:4444/wd/hub], Headless Execution. @30-10-2021 20:21:42.0847 PM
[ReportManager] Successfully Opened [GoogleChrome]. @30-10-2021 20:21:45.0915 PM
[ReportManager] Target URL: [https://www.google.com/ncr], and after redirection: [www.google.com] @30-10-2021 20:21:45.0915 PM
[ReportManager] Initial URL: [data:,] @30-10-2021 20:21:45.0977 PM
[ReportManager] Browser Action [NavigateToURL] successfully performed. With the following test data [https://www.google.com/ncr]. @30-10-2021 20:21:46.0709 P

################################################################################################################################################
Starting Execution:	[24 out of 143] test cases in the current suite
Test Method:		[unitTests.tests_validations_assertions.assertElementAttribute_true_regexComparison_expectedToPass]
################################################################################################################################################
[ReportManager] Element Action [Type] successfully performed. With the following test data [Automation123]. @30-10-2021 20:21:47.0262 PM
[ReportManager] Element Action [GetText] successfully performed. With the following test data [Automation123]. @30-10-2021 20:21:47.0425 PM
[ReportManager] Loaded Shared OpenCV @30-10-2021 20:21:47.0695 PM
[ReportManager] Assertion [ValidateElementAttribute] PASSED. Expected [Value Should be 'Automation.*' for the 'text' attribute, element locator 'By.name: q'] and Actual [Automation123]. Comparison Type [MATCHES]. Validation Type [POSITIVE]. @30-10-2021 20:21:47.0879 PM
[ReportManager] Successfully created attachment [Screenshot - 1635625307695_assertElementAttribute_true_regexComparison_expectedToPass_ValidateElementAttribute_passed] @30-10-2021 20:21:47.0880 P
[ReportManager] Browser Action [CloseCurrentWindow] successfully performed. @30-10-2021 20:21:48.0015 PM
[ReportManager] Successfully created attachment [Browser Action Test Data - CloseCurrentWindow - Actual Value] @30-10-2021 20:21:48.0016 P
[ReportManager] File Action [GetAbsolutePath] successfully performed. With the following test data [Relative Folder Path: "target/downloadedFiles/"]. @30-10-2021 20:21:48.0021 PM
[ReportManager] Attempting to run remotely on: [Linux-64], [GoogleChrome], [http://localhost:4444/wd/hub], Headless Execution. @30-10-2021 20:21:48.0022 PM
[ReportManager] Successfully Opened [GoogleChrome]. @30-10-2021 20:21:50.0900 PM
[ReportManager] Target URL: [https://www.google.com/ncr], and after redirection: [www.google.com] @30-10-2021 20:21:50.0901 PM
[ReportManager] Initial URL: [data:,] @30-10-2021 20:21:50.0971 PM
[ReportManager] Browser Action [NavigateToURL] successfully performed. With the following test data [https://www.google.com/ncr]. @30-10-2021 20:21:51.0706 P

################################################################################################################################################
Starting Execution:	[25 out of 143] test cases in the current suite
Test Method:		[unitTests.tests_validations_assertions.assertElementAttribute_type_true_literalComparison_expectedToPass]
################################################################################################################################################
[ReportManager] Element Action [Type] successfully performed. With the following test data [Automation!@#$%^&*()_+{}[]\';/.,]. @30-10-2021 20:21:52.0441 PM
[ReportManager] Element Action [GetText] successfully performed. With the following test data [Automation!@#$%^&*()_+{}[]\';/.,]. @30-10-2021 20:21:52.0572 PM
[ReportManager] Loaded Shared OpenCV @30-10-2021 20:21:52.0826 PM
[ReportManager] Assertion [ValidateElementAttribute] PASSED. Expected [Value Should be 'Automation!@#$%^&*()_+{}[]\';/.,' for the 'text' attribute, element locator 'By.name: q'] and Actual [Automation!@#$%^&*()_+{}[]\';/.,]. Comparison Type [EQUALS]. Validation Type [POSITIVE]. @30-10-2021 20:21:53.0026 PM
[ReportManager] Successfully created attachment [Screenshot - 1635625312826_assertElementAttribute_type_true_literalComparison_expectedToPass_ValidateElementAttribute_passed] @30-10-2021 20:21:53.0035 P
[ReportManager] Browser Action [CloseCurrentWindow] successfully performed. @30-10-2021 20:21:53.0173 PM
[ReportManager] Successfully created attachment [Browser Action Test Data - CloseCurrentWindow - Actual Value] @30-10-2021 20:21:53.0174 P
[ReportManager] File Action [GetAbsolutePath] successfully performed. With the following test data [Relative Folder Path: "target/downloadedFiles/"]. @30-10-2021 20:21:53.0177 PM
[ReportManager] Attempting to run remotely on: [Linux-64], [GoogleChrome], [http://localhost:4444/wd/hub], Headless Execution. @30-10-2021 20:21:53.0178 PM
[ReportManager] Successfully Opened [GoogleChrome]. @30-10-2021 20:21:55.0915 PM
[ReportManager] Target URL: [https://www.google.com/ncr], and after redirection: [www.google.com] @30-10-2021 20:21:55.0915 PM
[ReportManager] Initial URL: [data:,] @30-10-2021 20:21:55.0980 PM
[ReportManager] Browser Action [NavigateToURL] successfully performed. With the following test data [https://www.google.com/ncr]. @30-10-2021 20:21:56.0711 P

################################################################################################################################################
Starting Execution:	[26 out of 143] test cases in the current suite
Test Method:		[unitTests.tests_validations_assertions.assertElementExists_false_expectedToFail]
################################################################################################################################################
[ReportManager] Assertion [ValidateElementExists] PASSED. Expected [Element Should not Exist, locator 'By.id: hplogo'] and Actual [Element Doesn't Exists]. Comparison Type [EQUALS]. Validation Type [NEGATIVE]. @30-10-2021 20:22:07.0290 PM
[ReportManager] Successfully created attachment [Screenshot - 1635625327122_assertElementExists_false_expectedToFail_ValidateElementExists_passed] @30-10-2021 20:22:07.0291 P
[ReportManager] Browser Action [CloseCurrentWindow] successfully performed. @30-10-2021 20:22:07.0417 PM
[ReportManager] Successfully created attachment [Browser Action Test Data - CloseCurrentWindow - Actual Value] @30-10-2021 20:22:07.0418 P
[ReportManager] File Action [GetAbsolutePath] successfully performed. With the following test data [Relative Folder Path: "target/downloadedFiles/"]. @30-10-2021 20:22:07.0421 PM
[ReportManager] Attempting to run remotely on: [Linux-64], [GoogleChrome], [http://localhost:4444/wd/hub], Headless Execution. @30-10-2021 20:22:07.0421 PM
[ReportManager] Successfully Opened [GoogleChrome]. @30-10-2021 20:22:10.0907 PM
[ReportManager] Target URL: [https://www.google.com/ncr], and after redirection: [www.google.com] @30-10-2021 20:22:10.0907 PM
[ReportManager] Initial URL: [data:,] @30-10-2021 20:22:10.0972 PM
[ReportManager] Browser Action [NavigateToURL] successfully performed. With the following test data [https://www.google.com/ncr]. @30-10-2021 20:22:11.0704 P

################################################################################################################################################
Starting Execution:	[27 out of 143] test cases in the current suite
Test Method:		[unitTests.tests_validations_assertions.assertElementExists_false_expectedToPass]
################################################################################################################################################
[ReportManager] Assertion [ValidateElementExists] PASSED. Expected [Element Should not Exist, locator 'By.id: fakeElement'] and Actual [Element Doesn't Exists]. Comparison Type [EQUALS]. Validation Type [NEGATIVE]. @30-10-2021 20:22:22.0303 PM
[ReportManager] Successfully created attachment [Screenshot - 1635625342148_assertElementExists_false_expectedToPass_ValidateElementExists_passed] @30-10-2021 20:22:22.0303 P
[ReportManager] Browser Action [CloseCurrentWindow] successfully performed. @30-10-2021 20:22:22.0453 PM
[ReportManager] Successfully created attachment [Browser Action Test Data - CloseCurrentWindow - Actual Value] @30-10-2021 20:22:22.0453 P
[ReportManager] File Action [GetAbsolutePath] successfully performed. With the following test data [Relative Folder Path: "target/downloadedFiles/"]. @30-10-2021 20:22:22.0458 PM
[ReportManager] Attempting to run remotely on: [Linux-64], [GoogleChrome], [http://localhost:4444/wd/hub], Headless Execution. @30-10-2021 20:22:22.0458 PM
[ReportManager] Successfully Opened [GoogleChrome]. @30-10-2021 20:22:25.0902 PM
[ReportManager] Target URL: [https://www.google.com/ncr], and after redirection: [www.google.com] @30-10-2021 20:22:25.0903 PM
[ReportManager] Initial URL: [data:,] @30-10-2021 20:22:25.0983 PM
[ReportManager] Browser Action [NavigateToURL] successfully performed. With the following test data [https://www.google.com/ncr]. @30-10-2021 20:22:26.0734 P

################################################################################################################################################
Starting Execution:	[28 out of 143] test cases in the current suite
Test Method:		[unitTests.tests_validations_assertions.assertElementExists_false_multipleElementsFound_expectedToFail]
################################################################################################################################################
[ReportManager] Assertion [ValidateElementExists] FAILED. Expected [Element Should not Exist, locator 'By.xpath: //div'] and Actual [Element Exists but is not unique]. Comparison Type [EQUALS]. Validation Type [NEGATIVE]. @30-10-2021 20:22:27.0291 PM
[ReportManager] Successfully created attachment [Screenshot - 1635625347136_assertElementExists_false_multipleElementsFound_expectedToFail_ValidateElementExists_failed] @30-10-2021 20:22:27.0292 P
[ReportManager] Browser Action [CloseCurrentWindow] successfully performed. @30-10-2021 20:22:27.0422 PM
[ReportManager] Successfully created attachment [Browser Action Test Data - CloseCurrentWindow - Actual Value] @30-10-2021 20:22:27.0422 P
[ReportManager] File Action [GetAbsolutePath] successfully performed. With the following test data [Relative Folder Path: "target/downloadedFiles/"]. @30-10-2021 20:22:27.0425 PM
[ReportManager] Attempting to run remotely on: [Linux-64], [GoogleChrome], [http://localhost:4444/wd/hub], Headless Execution. @30-10-2021 20:22:27.0425 PM
[ReportManager] Successfully Opened [GoogleChrome]. @30-10-2021 20:22:30.0911 PM
[ReportManager] Target URL: [https://www.google.com/ncr], and after redirection: [www.google.com] @30-10-2021 20:22:30.0911 PM
[ReportManager] Initial URL: [data:,] @30-10-2021 20:22:30.0983 PM
[ReportManager] Browser Action [NavigateToURL] successfully performed. With the following test data [https://www.google.com/ncr]. @30-10-2021 20:22:31.0677 P

################################################################################################################################################
Starting Execution:	[29 out of 143] test cases in the current suite
Test Method:		[unitTests.tests_validations_assertions.assertElementExists_true_expectedToFail]
################################################################################################################################################
[ReportManager] Assertion [ValidateElementExists] FAILED. Expected [Element Should Exist, locator 'By.id: fakeElement'] and Actual [Element Doesn't Exists]. Comparison Type [EQUALS]. Validation Type [POSITIVE]. @30-10-2021 20:23:02.0510 PM
[ReportManager] Successfully created attachment [Screenshot - 1635625382357_assertElementExists_true_expectedToFail_ValidateElementExists_failed] @30-10-2021 20:23:02.0510 P
[ReportManager] Browser Action [CloseCurrentWindow] successfully performed. @30-10-2021 20:23:02.0643 PM
[ReportManager] Successfully created attachment [Browser Action Test Data - CloseCurrentWindow - Actual Value] @30-10-2021 20:23:02.0644 P
[ReportManager] File Action [GetAbsolutePath] successfully performed. With the following test data [Relative Folder Path: "target/downloadedFiles/"]. @30-10-2021 20:23:02.0646 PM
[ReportManager] Attempting to run remotely on: [Linux-64], [GoogleChrome], [http://localhost:4444/wd/hub], Headless Execution. @30-10-2021 20:23:02.0646 PM
[ReportManager] Successfully Opened [GoogleChrome]. @30-10-2021 20:23:05.0908 PM
[ReportManager] Target URL: [https://www.google.com/ncr], and after redirection: [www.google.com] @30-10-2021 20:23:05.0911 PM
[ReportManager] Initial URL: [data:,] @30-10-2021 20:23:05.0967 PM
[ReportManager] Browser Action [NavigateToURL] successfully performed. With the following test data [https://www.google.com/ncr]. @30-10-2021 20:23:06.0688 P

################################################################################################################################################
Starting Execution:	[30 out of 143] test cases in the current suite
Test Method:		[unitTests.tests_validations_assertions.assertElementExists_true_expectedToPass]
################################################################################################################################################
[ReportManager] Loaded Shared OpenCV @30-10-2021 20:23:07.0004 PM
[ReportManager] Assertion [ValidateElementExists] PASSED. Expected [Element Should Exist, locator 'By.xpath: //*[@id='hplogo' or @alt='Google']'] and Actual [Element Exists]. Comparison Type [EQUALS]. Validation Type [POSITIVE]. @30-10-2021 20:23:07.0191 PM
[ReportManager] Successfully created attachment [Screenshot - 1635625387004_assertElementExists_true_expectedToPass_ValidateElementExists_passed] @30-10-2021 20:23:07.0192 P
[ReportManager] Browser Action [CloseCurrentWindow] successfully performed. @30-10-2021 20:23:07.0329 PM
[ReportManager] Successfully created attachment [Browser Action Test Data - CloseCurrentWindow - Actual Value] @30-10-2021 20:23:07.0330 P
[ReportManager] File Action [GetAbsolutePath] successfully performed. With the following test data [Relative Folder Path: "target/downloadedFiles/"]. @30-10-2021 20:23:07.0332 PM
[ReportManager] Attempting to run remotely on: [Linux-64], [GoogleChrome], [http://localhost:4444/wd/hub], Headless Execution. @30-10-2021 20:23:07.0332 PM
[ReportManager] Successfully Opened [GoogleChrome]. @30-10-2021 20:23:10.0909 PM
[ReportManager] Target URL: [https://www.google.com/ncr], and after redirection: [www.google.com] @30-10-2021 20:23:10.0909 PM
[ReportManager] Initial URL: [data:,] @30-10-2021 20:23:10.0969 PM
[ReportManager] Browser Action [NavigateToURL] successfully performed. With the following test data [https://www.google.com/ncr]. @30-10-2021 20:23:11.0674 P

################################################################################################################################################
Starting Execution:	[31 out of 143] test cases in the current suite
Test Method:		[unitTests.tests_validations_assertions.assertElementExists_true_multipleElementsFound_expectedToFail]
################################################################################################################################################
[ReportManager] Assertion [ValidateElementExists] FAILED. Expected [Element Should Exist, locator 'By.xpath: //div'] and Actual [Element Exists but is not unique]. Comparison Type [EQUALS]. Validation Type [POSITIVE]. @30-10-2021 20:23:12.0113 PM
[ReportManager] Successfully created attachment [Screenshot - 1635625391957_assertElementExists_true_multipleElementsFound_expectedToFail_ValidateElementExists_failed] @30-10-2021 20:23:12.0114 P
[ReportManager] Browser Action [CloseCurrentWindow] successfully performed. @30-10-2021 20:23:12.0250 PM
[ReportManager] Successfully created attachment [Browser Action Test Data - CloseCurrentWindow - Actual Value] @30-10-2021 20:23:12.0251 P

################################################################################################################################################
Starting Execution:	[32 out of 143] test cases in the current suite
Test Method:		[unitTests.tests_validations_assertions.assertEquals_false_expectedToFail]
################################################################################################################################################
[ReportManager] Assertion [ValidateEquals] FAILED. Expected [1] and Actual [1]. Comparison Type [EQUALS]. Validation Type [NEGATIVE]. @30-10-2021 20:23:12.0256 P

################################################################################################################################################
Starting Execution:	[33 out of 143] test cases in the current suite
Test Method:		[unitTests.tests_validations_assertions.assertEquals_false_expectedToPass]
################################################################################################################################################
[ReportManager] Assertion [ValidateEquals] PASSED. Expected [1] and Actual [2]. Comparison Type [EQUALS]. Validation Type [NEGATIVE]. @30-10-2021 20:23:12.0261 P

################################################################################################################################################
Starting Execution:	[34 out of 143] test cases in the current suite
Test Method:		[unitTests.tests_validations_assertions.assertEquals_longCharacters]
################################################################################################################################################
[ReportManager] Verification [ValidateEquals] PASSED. Expected and Actual values are attached. Comparison Type [EQUALS]. Validation Type [POSITIVE]. @30-10-2021 20:23:12.0266 PM
[ReportManager] Successfully created attachment [Validation Test Data - Expected Value] @30-10-2021 20:23:12.0266 PM
[ReportManager] Successfully created attachment [Validation Test Data - Actual Value] @30-10-2021 20:23:12.0266 PM
[ReportManager] Assertion [ValidateEquals] PASSED. Expected and Actual values are attached. Comparison Type [EQUALS]. Validation Type [POSITIVE]. @30-10-2021 20:23:12.0267 PM
[ReportManager] Successfully created attachment [Validation Test Data - Expected Value] @30-10-2021 20:23:12.0267 PM
[ReportManager] Successfully created attachment [Validation Test Data - Actual Value] @30-10-2021 20:23:12.0267 P

################################################################################################################################################
Starting Execution:	[35 out of 143] test cases in the current suite
Test Method:		[unitTests.tests_validations_assertions.assertEquals_longCharacters_Discreet]
################################################################################################################################################
[ReportManager] Assertion [ValidateEquals] PASSED. Expected [1LH5pROcDBjjQk0t0mCr0lXuzQu9lcGj28kY8R1H81X67eVAQJgWQhILiRWVPUgZ6uCtK5cnBkF55Jr9vYngjGO1Iyf0Mktv6lruDlL9T8MAUPcUZJGHZtji6nIeadujDSNmWMj5d6C8zlFqw0CRqBU0hO5adIasHgBSNoLotAjce3NGXoDwAlp3rYreeV16VIyZXROQY] and Actual [1LH5pROcDBjjQk0t0mCr0lXuzQu9lcGj28kY8R1H81X67eVAQJgWQhILiRWVPUgZ6uCtK5cnBkF55Jr9vYngjGO1Iyf0Mktv6lruDlL9T8MAUPcUZJGHZtji6nIeadujDSNmWMj5d6C8zlFqw0CRqBU0hO5adIasHgBSNoLotAjce3NGXoDwAlp3rYreeV16VIyZXROQY]. Comparison Type [EQUALS]. Validation Type [POSITIVE]. @30-10-2021 20:23:12.0271 P

################################################################################################################################################
Starting Execution:	[36 out of 143] test cases in the current suite
Test Method:		[unitTests.tests_validations_assertions.assertEquals_true_expectedToFail]
################################################################################################################################################
[ReportManager] Assertion [ValidateEquals] FAILED. Expected [1] and Actual [2]. Comparison Type [EQUALS]. Validation Type [POSITIVE]. @30-10-2021 20:23:12.0279 P

################################################################################################################################################
Starting Execution:	[37 out of 143] test cases in the current suite
Test Method:		[unitTests.tests_validations_assertions.assertEquals_true_expectedToPass]
Test Description:	[Assert that assertEquals works as expected when the two values are equal.]
################################################################################################################################################
[ReportManager] Verification [ValidateEquals] PASSED. Expected [1] and Actual [1]. Comparison Type [EQUALS]. Validation Type [POSITIVE]. @30-10-2021 20:23:12.0285 PM
[ReportManager] Assertion [ValidateEquals] PASSED. Expected [1] and Actual [1]. Comparison Type [EQUALS]. Validation Type [POSITIVE]. @30-10-2021 20:23:12.0286 P

################################################################################################################################################
Starting Execution:	[38 out of 143] test cases in the current suite
Test Method:		[unitTests.tests_validations_assertions.assertEquals_true_expectedToPass__]
################################################################################################################################################
[ReportManager] Assertion [ValidateEquals] PASSED. Expected [1] and Actual [1]. Comparison Type [EQUALS]. Validation Type [POSITIVE]. @30-10-2021 20:23:12.0289 P

################################################################################################################################################
Starting Execution:	[39 out of 143] test cases in the current suite
Test Method:		[unitTests.tests_validations_assertions.assertFileExists_false_expectedToFail]
################################################################################################################################################
[ReportManager] File Action [DoesFileExist] successfully performed. With the following test data [File Path: "src/main/java/com/shaft/gui/element/ElementActions.java"]. @30-10-2021 20:23:12.0293 PM
[ReportManager] Assertion [ValidateFileExists] FAILED. Expected [File 'src/main/java/com/shaft/gui/element/ElementActions.java' should not exist, after up to '1' retries] and Actual [File exists]. Validation Type [NEGATIVE]. @30-10-2021 20:23:12.0297 P

################################################################################################################################################
Starting Execution:	[40 out of 143] test cases in the current suite
Test Method:		[unitTests.tests_validations_assertions.assertFileExists_false_expectedToPass]
################################################################################################################################################
[ReportManager] File Action [DoesFileExist] successfully performed. With the following test data [File Path: "src/main/java/com/shaft/gui/element/ElementActions.java_fail"]. @30-10-2021 20:23:12.0807 PM
[ReportManager] Assertion [ValidateFileExists] PASSED. Expected [File 'src/main/java/com/shaft/gui/element/ElementActions.java_fail' should not exist, after up to '1' retries] and Actual [File does not exist]. Validation Type [NEGATIVE]. @30-10-2021 20:23:12.0807 P

################################################################################################################################################
Starting Execution:	[41 out of 143] test cases in the current suite
Test Method:		[unitTests.tests_validations_assertions.assertFileExists_true_expectedToFail]
################################################################################################################################################
[ReportManager] File Action [DoesFileExist] successfully performed. With the following test data [File Path: "src/main/java/com/shaft/gui/element/ElementActions.java_fail"]. @30-10-2021 20:23:13.0311 PM
[ReportManager] Assertion [ValidateFileExists] FAILED. Expected [File 'src/main/java/com/shaft/gui/element/ElementActions.java_fail' should exist, after up to '1' retries] and Actual [File does not exist]. Validation Type [POSITIVE]. @30-10-2021 20:23:13.0311 P

################################################################################################################################################
Starting Execution:	[42 out of 143] test cases in the current suite
Test Method:		[unitTests.tests_validations_assertions.assertFileExists_true_expectedToPass]
################################################################################################################################################
[ReportManager] File Action [DoesFileExist] successfully performed. With the following test data [File Path: "src/main/java/com/shaft/gui/element/ElementActions.java"]. @30-10-2021 20:23:13.0315 PM
[ReportManager] Assertion [ValidateFileExists] PASSED. Expected [File 'src/main/java/com/shaft/gui/element/ElementActions.java' should exist, after up to '1' retries] and Actual [File exists]. Validation Type [POSITIVE]. @30-10-2021 20:23:13.0315 P

################################################################################################################################################
Starting Execution:	[43 out of 143] test cases in the current suite
Test Method:		[unitTests.tests_validations_assertions.assertNull_false_expectedToFail]
################################################################################################################################################
[ReportManager] Assertion [ValidateNull] FAILED. Expected [NULL] and Actual [NULL]. Comparison Type [EQUALS]. Validation Type [NEGATIVE]. @30-10-2021 20:23:13.0318 P

################################################################################################################################################
Starting Execution:	[44 out of 143] test cases in the current suite
Test Method:		[unitTests.tests_validations_assertions.assertNull_false_expectedToPass]
################################################################################################################################################
[ReportManager] Assertion [ValidateNull] PASSED. Expected [NULL] and Actual [1]. Comparison Type [EQUALS]. Validation Type [NEGATIVE]. @30-10-2021 20:23:13.0321 P

################################################################################################################################################
Starting Execution:	[45 out of 143] test cases in the current suite
Test Method:		[unitTests.tests_validations_assertions.assertNull_true_expectedToFail]
################################################################################################################################################
[ReportManager] Assertion [ValidateNull] FAILED. Expected [NULL] and Actual [1]. Comparison Type [EQUALS]. Validation Type [POSITIVE]. @30-10-2021 20:23:13.0323 P

################################################################################################################################################
Starting Execution:	[46 out of 143] test cases in the current suite
Test Method:		[unitTests.tests_validations_assertions.assertNull_true_expectedToPass]
################################################################################################################################################
[ReportManager] Assertion [ValidateNull] PASSED. Expected [NULL] and Actual [NULL]. Comparison Type [EQUALS]. Validation Type [POSITIVE]. @30-10-2021 20:23:13.0325 P

################################################################################################################################################
Starting Execution:	[47 out of 143] test cases in the current suite
Test Method:		[unitTests.tests_restActions.getPostsAndAssertBodyForSpecificTitle]
################################################################################################################################################
[ReportManager] Response status code: [200], status line: [HTTP/1.1 200 OK] @30-10-2021 20:23:15.0268 PM
[ReportManager] Assertion Passed: Evaluating the actual response status code against the expected one... @30-10-2021 20:23:15.0269 PM
[ReportManager] Assertion [ValidateEquals] PASSED. Expected [200] and Actual [200]. Comparison Type [EQUALS]. Validation Type [POSITIVE]. @30-10-2021 20:23:15.0269 PM
[ReportManager] API Action [PerformRequest] successfully performed. With the following test data [Request Type: "GET" | Target Status Code: "200" | Service URL: "https://jsonplaceholder.typicode.com/posts" | Content Type: "*/*" | Response Time: "657ms"]. @30-10-2021 20:23:16.0321 PM
[ReportManager] Successfully created attachment [API Request - Specifications] @30-10-2021 20:23:16.0321 PM
[ReportManager] Successfully created attachment [API Response - JSON Body] @30-10-2021 20:23:16.0540 PM
[ReportManager] API Action [GetResponseJSONValueAsList] successfully performed. @30-10-2021 20:23:16.0572 PM
[ReportManager] API Action [GetResponseJSONValue] successfully performed. With the following test data [title]. @30-10-2021 20:23:16.0596 PM
[ReportManager] API Action [GetResponseJSONValue] successfully performed. With the following test data [title]. @30-10-2021 20:23:16.0617 PM
[ReportManager] API Action [GetResponseJSONValue] successfully performed. With the following test data [body]. @30-10-2021 20:23:16.0642 PM
[ReportManager] Assertion [ValidateEquals] PASSED. Expected [qui neque nisi nulla] and Actual [est rerum tempore vitae
sequi sint nihil reprehenderit dolor beatae ea dolores neque
fugiat blanditiis voluptate porro vel nihil molestiae ut reiciendis
qui aperiam non debitis possimus qui neque nisi nulla]. Comparison Type [CONTAINS]. Validation Type [POSITIVE]. @30-10-2021 20:23:16.0642 PM
[ReportManager] API Action [GetResponseJSONValue] successfully performed. With the following test data [title]. @30-10-2021 20:23:16.0653 PM
[ReportManager] API Action [GetResponseJSONValue] successfully performed. With the following test data [title]. @30-10-2021 20:23:16.0667 PM
[ReportManager] API Action [GetResponseJSONValue] successfully performed. With the following test data [title]. @30-10-2021 20:23:16.0681 PM
[ReportManager] API Action [GetResponseJSONValue] successfully performed. With the following test data [title]. @30-10-2021 20:23:16.0697 PM
[ReportManager] API Action [GetResponseJSONValue] successfully performed. With the following test data [title]. @30-10-2021 20:23:16.0711 PM
[ReportManager] API Action [GetResponseJSONValue] successfully performed. With the following test data [title]. @30-10-2021 20:23:16.0730 PM
[ReportManager] API Action [GetResponseJSONValue] successfully performed. With the following test data [title]. @30-10-2021 20:23:16.0745 PM
[ReportManager] API Action [GetResponseJSONValue] successfully performed. With the following test data [title]. @30-10-2021 20:23:16.0759 PM
[ReportManager] API Action [GetResponseJSONValue] successfully performed. With the following test data [title]. @30-10-2021 20:23:16.0776 PM
[ReportManager] API Action [GetResponseJSONValue] successfully performed. With the following test data [title]. @30-10-2021 20:23:16.0788 PM
[ReportManager] API Action [GetResponseJSONValue] successfully performed. With the following test data [title]. @30-10-2021 20:23:16.0811 PM
[ReportManager] API Action [GetResponseJSONValue] successfully performed. With the following test data [title]. @30-10-2021 20:23:16.0832 PM
[ReportManager] API Action [GetResponseJSONValue] successfully performed. With the following test data [title]. @30-10-2021 20:23:16.0846 PM
[ReportManager] API Action [GetResponseJSONValue] successfully performed. With the following test data [title]. @30-10-2021 20:23:16.0860 PM
[ReportManager] API Action [GetResponseJSONValue] successfully performed. With the following test data [title]. @30-10-2021 20:23:16.0878 PM
[ReportManager] API Action [GetResponseJSONValue] successfully performed. With the following test data [title]. @30-10-2021 20:23:16.0892 PM
[ReportManager] API Action [GetResponseJSONValue] successfully performed. With the following test data [title]. @30-10-2021 20:23:16.0905 PM
[ReportManager] API Action [GetResponseJSONValue] successfully performed. With the following test data [title]. @30-10-2021 20:23:16.0919 PM
[ReportManager] API Action [GetResponseJSONValue] successfully performed. With the following test data [title]. @30-10-2021 20:23:16.0930 PM
[ReportManager] API Action [GetResponseJSONValue] successfully performed. With the following test data [title]. @30-10-2021 20:23:16.0947 PM
[ReportManager] API Action [GetResponseJSONValue] successfully performed. With the following test data [title]. @30-10-2021 20:23:16.0959 PM
[ReportManager] API Action [GetResponseJSONValue] successfully performed. With the following test data [title]. @30-10-2021 20:23:16.0975 PM
[ReportManager] API Action [GetResponseJSONValue] successfully performed. With the following test data [title]. @30-10-2021 20:23:16.0987 PM
[ReportManager] API Action [GetResponseJSONValue] successfully performed. With the following test data [title]. @30-10-2021 20:23:16.0998 PM
[ReportManager] API Action [GetResponseJSONValue] successfully performed. With the following test data [title]. @30-10-2021 20:23:17.0012 PM
[ReportManager] API Action [GetResponseJSONValue] successfully performed. With the following test data [title]. @30-10-2021 20:23:17.0022 PM
[ReportManager] API Action [GetResponseJSONValue] successfully performed. With the following test data [title]. @30-10-2021 20:23:17.0037 PM
[ReportManager] API Action [GetResponseJSONValue] successfully performed. With the following test data [title]. @30-10-2021 20:23:17.0056 PM
[ReportManager] API Action [GetResponseJSONValue] successfully performed. With the following test data [title]. @30-10-2021 20:23:17.0066 PM
[ReportManager] API Action [GetResponseJSONValue] successfully performed. With the following test data [title]. @30-10-2021 20:23:17.0073 PM
[ReportManager] API Action [GetResponseJSONValue] successfully performed. With the following test data [title]. @30-10-2021 20:23:17.0082 PM
[ReportManager] API Action [GetResponseJSONValue] successfully performed. With the following test data [title]. @30-10-2021 20:23:17.0092 PM
[ReportManager] API Action [GetResponseJSONValue] successfully performed. With the following test data [title]. @30-10-2021 20:23:17.0107 PM
[ReportManager] API Action [GetResponseJSONValue] successfully performed. With the following test data [title]. @30-10-2021 20:23:17.0115 PM
[ReportManager] API Action [GetResponseJSONValue] successfully performed. With the following test data [title]. @30-10-2021 20:23:17.0126 PM
[ReportManager] API Action [GetResponseJSONValue] successfully performed. With the following test data [title]. @30-10-2021 20:23:17.0134 PM
[ReportManager] API Action [GetResponseJSONValue] successfully performed. With the following test data [title]. @30-10-2021 20:23:17.0143 PM
[ReportManager] API Action [GetResponseJSONValue] successfully performed. With the following test data [title]. @30-10-2021 20:23:17.0167 PM
[ReportManager] API Action [GetResponseJSONValue] successfully performed. With the following test data [title]. @30-10-2021 20:23:17.0186 PM
[ReportManager] API Action [GetResponseJSONValue] successfully performed. With the following test data [title]. @30-10-2021 20:23:17.0196 PM
[ReportManager] API Action [GetResponseJSONValue] successfully performed. With the following test data [title]. @30-10-2021 20:23:17.0204 PM
[ReportManager] API Action [GetResponseJSONValue] successfully performed. With the following test data [title]. @30-10-2021 20:23:17.0213 PM
[ReportManager] API Action [GetResponseJSONValue] successfully performed. With the following test data [title]. @30-10-2021 20:23:17.0221 PM
[ReportManager] API Action [GetResponseJSONValue] successfully performed. With the following test data [title]. @30-10-2021 20:23:17.0230 PM
[ReportManager] API Action [GetResponseJSONValue] successfully performed. With the following test data [title]. @30-10-2021 20:23:17.0238 PM
[ReportManager] API Action [GetResponseJSONValue] successfully performed. With the following test data [title]. @30-10-2021 20:23:17.0246 PM
[ReportManager] API Action [GetResponseJSONValue] successfully performed. With the following test data [title]. @30-10-2021 20:23:17.0255 PM
[ReportManager] API Action [GetResponseJSONValue] successfully performed. With the following test data [title]. @30-10-2021 20:23:17.0263 PM
[ReportManager] API Action [GetResponseJSONValue] successfully performed. With the following test data [title]. @30-10-2021 20:23:17.0271 PM
[ReportManager] API Action [GetResponseJSONValue] successfully performed. With the following test data [title]. @30-10-2021 20:23:17.0279 PM
[ReportManager] API Action [GetResponseJSONValue] successfully performed. With the following test data [title]. @30-10-2021 20:23:17.0287 PM
[ReportManager] API Action [GetResponseJSONValue] successfully performed. With the following test data [title]. @30-10-2021 20:23:17.0294 PM
[ReportManager] API Action [GetResponseJSONValue] successfully performed. With the following test data [title]. @30-10-2021 20:23:17.0302 PM
[ReportManager] API Action [GetResponseJSONValue] successfully performed. With the following test data [title]. @30-10-2021 20:23:17.0310 PM
[ReportManager] API Action [GetResponseJSONValue] successfully performed. With the following test data [title]. @30-10-2021 20:23:17.0317 PM
[ReportManager] API Action [GetResponseJSONValue] successfully performed. With the following test data [title]. @30-10-2021 20:23:17.0325 PM
[ReportManager] API Action [GetResponseJSONValue] successfully performed. With the following test data [title]. @30-10-2021 20:23:17.0332 PM
[ReportManager] API Action [GetResponseJSONValue] successfully performed. With the following test data [title]. @30-10-2021 20:23:17.0340 PM
[ReportManager] API Action [GetResponseJSONValue] successfully performed. With the following test data [title]. @30-10-2021 20:23:17.0348 PM
[ReportManager] API Action [GetResponseJSONValue] successfully performed. With the following test data [title]. @30-10-2021 20:23:17.0370 PM
[ReportManager] API Action [GetResponseJSONValue] successfully performed. With the following test data [title]. @30-10-2021 20:23:17.0379 PM
[ReportManager] API Action [GetResponseJSONValue] successfully performed. With the following test data [title]. @30-10-2021 20:23:17.0388 PM
[ReportManager] API Action [GetResponseJSONValue] successfully performed. With the following test data [title]. @30-10-2021 20:23:17.0396 PM
[ReportManager] API Action [GetResponseJSONValue] successfully performed. With the following test data [title]. @30-10-2021 20:23:17.0403 PM
[ReportManager] API Action [GetResponseJSONValue] successfully performed. With the following test data [title]. @30-10-2021 20:23:17.0412 PM
[ReportManager] API Action [GetResponseJSONValue] successfully performed. With the following test data [title]. @30-10-2021 20:23:17.0419 PM
[ReportManager] API Action [GetResponseJSONValue] successfully performed. With the following test data [title]. @30-10-2021 20:23:17.0428 PM
[ReportManager] API Action [GetResponseJSONValue] successfully performed. With the following test data [title]. @30-10-2021 20:23:17.0436 PM
[ReportManager] API Action [GetResponseJSONValue] successfully performed. With the following test data [title]. @30-10-2021 20:23:17.0443 PM
[ReportManager] API Action [GetResponseJSONValue] successfully performed. With the following test data [title]. @30-10-2021 20:23:17.0494 PM
[ReportManager] API Action [GetResponseJSONValue] successfully performed. With the following test data [title]. @30-10-2021 20:23:17.0503 PM
[ReportManager] API Action [GetResponseJSONValue] successfully performed. With the following test data [title]. @30-10-2021 20:23:17.0511 PM
[ReportManager] API Action [GetResponseJSONValue] successfully performed. With the following test data [title]. @30-10-2021 20:23:17.0520 PM
[ReportManager] API Action [GetResponseJSONValue] successfully performed. With the following test data [title]. @30-10-2021 20:23:17.0527 PM
[ReportManager] API Action [GetResponseJSONValue] successfully performed. With the following test data [title]. @30-10-2021 20:23:17.0535 PM
[ReportManager] API Action [GetResponseJSONValue] successfully performed. With the following test data [title]. @30-10-2021 20:23:17.0543 PM
[ReportManager] API Action [GetResponseJSONValue] successfully performed. With the following test data [title]. @30-10-2021 20:23:17.0551 PM
[ReportManager] API Action [GetResponseJSONValue] successfully performed. With the following test data [title]. @30-10-2021 20:23:17.0559 PM
[ReportManager] API Action [GetResponseJSONValue] successfully performed. With the following test data [title]. @30-10-2021 20:23:17.0567 PM
[ReportManager] API Action [GetResponseJSONValue] successfully performed. With the following test data [title]. @30-10-2021 20:23:17.0575 PM
[ReportManager] API Action [GetResponseJSONValue] successfully performed. With the following test data [title]. @30-10-2021 20:23:17.0583 PM
[ReportManager] API Action [GetResponseJSONValue] successfully performed. With the following test data [title]. @30-10-2021 20:23:17.0591 PM
[ReportManager] API Action [GetResponseJSONValue] successfully performed. With the following test data [title]. @30-10-2021 20:23:17.0599 PM
[ReportManager] API Action [GetResponseJSONValue] successfully performed. With the following test data [title]. @30-10-2021 20:23:17.0607 PM
[ReportManager] API Action [GetResponseJSONValue] successfully performed. With the following test data [title]. @30-10-2021 20:23:17.0615 PM
[ReportManager] API Action [GetResponseJSONValue] successfully performed. With the following test data [title]. @30-10-2021 20:23:17.0623 PM
[ReportManager] API Action [GetResponseJSONValue] successfully performed. With the following test data [title]. @30-10-2021 20:23:17.0631 PM
[ReportManager] API Action [GetResponseJSONValue] successfully performed. With the following test data [title]. @30-10-2021 20:23:17.0639 PM
[ReportManager] API Action [GetResponseJSONValue] successfully performed. With the following test data [title]. @30-10-2021 20:23:17.0646 PM
[ReportManager] API Action [GetResponseJSONValue] successfully performed. With the following test data [title]. @30-10-2021 20:23:17.0654 PM
[ReportManager] API Action [GetResponseJSONValue] successfully performed. With the following test data [title]. @30-10-2021 20:23:17.0662 PM
[ReportManager] API Action [GetResponseJSONValue] successfully performed. With the following test data [title]. @30-10-2021 20:23:17.0669 PM
[ReportManager] API Action [GetResponseJSONValue] successfully performed. With the following test data [title]. @30-10-2021 20:23:17.0676 PM
[ReportManager] API Action [GetResponseJSONValue] successfully performed. With the following test data [title]. @30-10-2021 20:23:17.0683 PM
[ReportManager] API Action [GetResponseJSONValue] successfully performed. With the following test data [title]. @30-10-2021 20:23:17.0691 PM
[ReportManager] API Action [GetResponseJSONValue] successfully performed. With the following test data [title]. @30-10-2021 20:23:17.0698 PM
[ReportManager] API Action [GetResponseJSONValue] successfully performed. With the following test data [title]. @30-10-2021 20:23:17.0705 PM
[ReportManager] API Action [GetResponseJSONValue] successfully performed. With the following test data [title]. @30-10-2021 20:23:17.0713 P

################################################################################################################################################
Starting Execution:	[48 out of 143] test cases in the current suite
Test Method:		[unitTests.tests_restActions.validateUserEmail]
################################################################################################################################################
[ReportManager] Response status code: [200], status line: [HTTP/1.1 200 OK] @30-10-2021 20:23:17.0789 PM
[ReportManager] Assertion Passed: Evaluating the actual response status code against the expected one... @30-10-2021 20:23:17.0789 PM
[ReportManager] Assertion [ValidateEquals] PASSED. Expected [200] and Actual [200]. Comparison Type [EQUALS]. Validation Type [POSITIVE]. @30-10-2021 20:23:17.0790 PM
[ReportManager] API Action [PerformRequest] successfully performed. With the following test data [Request Type: "GET" | Target Status Code: "200" | Service URL: "https://jsonplaceholder.typicode.com/users" | Content Type: "*/*" | Response Time: "56ms"]. @30-10-2021 20:23:17.0805 PM
[ReportManager] Successfully created attachment [API Request - Specifications] @30-10-2021 20:23:17.0805 PM
[ReportManager] Successfully created attachment [API Response - JSON Body] @30-10-2021 20:23:17.0806 PM
[ReportManager] Assertion [ValidateEquals] PASSED. Expected and Actual values are attached. Comparison Type [CONTAINS]. Validation Type [POSITIVE]. @30-10-2021 20:23:17.0806 PM
[ReportManager] Successfully created attachment [Validation Test Data - Expected Value] @30-10-2021 20:23:17.0806 PM
[ReportManager] Successfully created attachment [Validation Test Data - Actual Value] @30-10-2021 20:23:17.0807 PM
[ReportManager] API Action [GetResponseJSONValueAsList] successfully performed. With the following test data [$]. @30-10-2021 20:23:17.0810 PM
[ReportManager] API Action [GetResponseJSONValue] successfully performed. With the following test data [name]. @30-10-2021 20:23:17.0819 PM
[ReportManager] API Action [GetResponseJSONValue] successfully performed. With the following test data [email]. @30-10-2021 20:23:17.0827 PM
[ReportManager] Assertion [ValidateEquals] PASSED. Expected [Sincere@april.biz] and Actual [Sincere@april.biz]. Comparison Type [EQUALS]. Validation Type [POSITIVE]. @30-10-2021 20:23:17.0827 PM
[ReportManager] API Action [GetResponseJSONValue] successfully performed. With the following test data [name]. @30-10-2021 20:23:17.0835 PM
[ReportManager] API Action [GetResponseJSONValue] successfully performed. With the following test data [name]. @30-10-2021 20:23:17.0843 PM
[ReportManager] API Action [GetResponseJSONValue] successfully performed. With the following test data [name]. @30-10-2021 20:23:17.0850 PM
[ReportManager] API Action [GetResponseJSONValue] successfully performed. With the following test data [name]. @30-10-2021 20:23:17.0857 PM
[ReportManager] API Action [GetResponseJSONValue] successfully performed. With the following test data [name]. @30-10-2021 20:23:17.0865 PM
[ReportManager] API Action [GetResponseJSONValue] successfully performed. With the following test data [name]. @30-10-2021 20:23:17.0871 PM
[ReportManager] API Action [GetResponseJSONValue] successfully performed. With the following test data [name]. @30-10-2021 20:23:17.0878 PM
[ReportManager] API Action [GetResponseJSONValue] successfully performed. With the following test data [name]. @30-10-2021 20:23:17.0885 PM
[ReportManager] API Action [GetResponseJSONValue] successfully performed. With the following test data [name]. @30-10-2021 20:23:17.0892 P
[ReportManager] File Action [GetAbsolutePath] successfully performed. With the following test data [Relative Folder Path: "target/downloadedFiles/"]. @30-10-2021 20:23:17.0898 PM
[ReportManager] Attempting to run remotely on: [Linux-64], [GoogleChrome], [http://localhost:4444/wd/hub], Headless Execution. @30-10-2021 20:23:17.0899 PM
[ReportManager] Successfully Opened [GoogleChrome]. @30-10-2021 20:23:20.0949 PM
[ReportManager] Target URL: [https://duckduckgo.com] @30-10-2021 20:23:20.0950 PM
[ReportManager] Initial URL: [data:,] @30-10-2021 20:23:21.0003 PM
[ReportManager] Browser Action [NavigateToURL] successfully performed. With the following test data [https://duckduckgo.com]. @30-10-2021 20:23:21.0675 P

################################################################################################################################################
Starting Execution:	[49 out of 143] test cases in the current suite
Test Method:		[unitTests.tests_browserActions.fullScreenWindow]
################################################################################################################################################
[ReportManager] Initial Windows Size: 1920x1080 @30-10-2021 20:23:21.0696 PM
[ReportManager] Initial window size: (1920, 1080) @30-10-2021 20:23:21.0702 PM
[ReportManager] Window size after Toolkit: (1920, 1080) @30-10-2021 20:23:21.0941 PM
[ReportManager] Browser Action [MaximizeWindow] successfully performed. With the following test data [New screen size is now: (1920, 1080)]. @30-10-2021 20:23:21.0960 PM
[ReportManager] Current Windows Size after fullScreen: 1920x1080 @30-10-2021 20:23:21.0979 PM
[ReportManager] Browser Action [FullScreenWindow] successfully performed. @30-10-2021 20:23:21.0998 PM
[ReportManager] Successfully created attachment [Browser Action Test Data - FullScreenWindow - Actual Value] @30-10-2021 20:23:22.0000 P
[ReportManager] Target URL: [https://duckduckgo.com] @30-10-2021 20:23:22.0004 PM
[ReportManager] Initial URL: [https://duckduckgo.com] @30-10-2021 20:23:22.0089 PM
[ReportManager] Browser Action [NavigateToURL] successfully performed. With the following test data [https://duckduckgo.com]. @30-10-2021 20:23:22.0459 PM
[ReportManager] Browser Action [CloseCurrentWindow] successfully performed. @30-10-2021 20:23:22.0640 PM
[ReportManager] Successfully created attachment [Browser Action Test Data - CloseCurrentWindow - Actual Value] @30-10-2021 20:23:22.0642 P
[ReportManager] File Action [GetAbsolutePath] successfully performed. With the following test data [Relative Folder Path: "target/downloadedFiles/"]. @30-10-2021 20:23:22.0644 PM
[ReportManager] Attempting to run remotely on: [Linux-64], [GoogleChrome], [http://localhost:4444/wd/hub], Headless Execution. @30-10-2021 20:23:22.0645 PM
[ReportManager] Successfully Opened [GoogleChrome]. @30-10-2021 20:23:25.0898 PM
[ReportManager] Target URL: [https://duckduckgo.com] @30-10-2021 20:23:25.0899 PM
[ReportManager] Initial URL: [data:,] @30-10-2021 20:23:25.0962 PM
[ReportManager] Browser Action [NavigateToURL] successfully performed. With the following test data [https://duckduckgo.com]. @30-10-2021 20:23:26.0464 P

################################################################################################################################################
Starting Execution:	[50 out of 143] test cases in the current suite
Test Method:		[unitTests.tests_browserActions.getCurrentURL]
################################################################################################################################################
[ReportManager] Browser Action [GetCurrentURL] successfully performed. With the following test data [https://duckduckgo.com/]. @30-10-2021 20:23:26.0510 P
[ReportManager] Target URL: [https://duckduckgo.com] @30-10-2021 20:23:26.0512 PM
[ReportManager] Initial URL: [https://duckduckgo.com] @30-10-2021 20:23:26.0570 PM
[ReportManager] Browser Action [NavigateToURL] successfully performed. With the following test data [https://duckduckgo.com]. @30-10-2021 20:23:26.0898 PM
[ReportManager] Browser Action [CloseCurrentWindow] successfully performed. @30-10-2021 20:23:27.0031 PM
[ReportManager] Successfully created attachment [Browser Action Test Data - CloseCurrentWindow - Actual Value] @30-10-2021 20:23:27.0031 P
[ReportManager] File Action [GetAbsolutePath] successfully performed. With the following test data [Relative Folder Path: "target/downloadedFiles/"]. @30-10-2021 20:23:27.0033 PM
[ReportManager] Attempting to run remotely on: [Linux-64], [GoogleChrome], [http://localhost:4444/wd/hub], Headless Execution. @30-10-2021 20:23:27.0033 PM
[ReportManager] Successfully Opened [GoogleChrome]. @30-10-2021 20:23:30.0952 PM
[ReportManager] Target URL: [https://duckduckgo.com] @30-10-2021 20:23:30.0952 PM
[ReportManager] Initial URL: [data:,] @30-10-2021 20:23:31.0008 PM
[ReportManager] Browser Action [NavigateToURL] successfully performed. With the following test data [https://duckduckgo.com]. @30-10-2021 20:23:31.0511 P

################################################################################################################################################
Starting Execution:	[51 out of 143] test cases in the current suite
Test Method:		[unitTests.tests_browserActions.getCurrentWindowTitle]
################################################################################################################################################
[ReportManager] Browser Action [GetCurrentWindowTitle] successfully performed. With the following test data [DuckDuckGo  Privacy, simplified.]. @30-10-2021 20:23:31.0560 P
[ReportManager] Target URL: [https://duckduckgo.com] @30-10-2021 20:23:31.0566 PM
[ReportManager] Initial URL: [https://duckduckgo.com] @30-10-2021 20:23:31.0618 PM
[ReportManager] Browser Action [NavigateToURL] successfully performed. With the following test data [https://duckduckgo.com]. @30-10-2021 20:23:31.0981 PM
[ReportManager] Browser Action [CloseCurrentWindow] successfully performed. @30-10-2021 20:23:32.0110 PM
[ReportManager] Successfully created attachment [Browser Action Test Data - CloseCurrentWindow - Actual Value] @30-10-2021 20:23:32.0110 P
[ReportManager] File Action [GetAbsolutePath] successfully performed. With the following test data [Relative Folder Path: "target/downloadedFiles/"]. @30-10-2021 20:23:32.0112 PM
[ReportManager] Attempting to run remotely on: [Linux-64], [GoogleChrome], [http://localhost:4444/wd/hub], Headless Execution. @30-10-2021 20:23:32.0112 PM
[ReportManager] Successfully Opened [GoogleChrome]. @30-10-2021 20:23:35.0905 PM
[ReportManager] Target URL: [https://duckduckgo.com] @30-10-2021 20:23:35.0906 PM
[ReportManager] Initial URL: [data:,] @30-10-2021 20:23:35.0992 PM
[ReportManager] Browser Action [NavigateToURL] successfully performed. With the following test data [https://duckduckgo.com]. @30-10-2021 20:23:36.0469 P

################################################################################################################################################
Starting Execution:	[52 out of 143] test cases in the current suite
Test Method:		[unitTests.tests_browserActions.getPageSource]
################################################################################################################################################
[ReportManager] Browser Action [GetPageSource] successfully performed. @30-10-2021 20:23:36.0523 PM
[ReportManager] Successfully created attachment [Browser Action Test Data - GetPageSource - Actual Value] @30-10-2021 20:23:36.0530 P
[ReportManager] Target URL: [https://duckduckgo.com] @30-10-2021 20:23:36.0537 PM
[ReportManager] Initial URL: [https://duckduckgo.com] @30-10-2021 20:23:36.0610 PM
[ReportManager] Browser Action [NavigateToURL] successfully performed. With the following test data [https://duckduckgo.com]. @30-10-2021 20:23:36.0976 PM
[ReportManager] Browser Action [CloseCurrentWindow] successfully performed. @30-10-2021 20:23:37.0148 PM
[ReportManager] Successfully created attachment [Browser Action Test Data - CloseCurrentWindow - Actual Value] @30-10-2021 20:23:37.0149 P
[ReportManager] File Action [GetAbsolutePath] successfully performed. With the following test data [Relative Folder Path: "target/downloadedFiles/"]. @30-10-2021 20:23:37.0187 PM
[ReportManager] Attempting to run remotely on: [Linux-64], [GoogleChrome], [http://localhost:4444/wd/hub], Headless Execution. @30-10-2021 20:23:37.0187 PM
[ReportManager] Successfully Opened [GoogleChrome]. @30-10-2021 20:23:40.0906 PM
[ReportManager] Target URL: [https://duckduckgo.com] @30-10-2021 20:23:40.0906 PM
[ReportManager] Initial URL: [data:,] @30-10-2021 20:23:40.0999 PM
[ReportManager] Browser Action [NavigateToURL] successfully performed. With the following test data [https://duckduckgo.com]. @30-10-2021 20:23:41.0560 P

################################################################################################################################################
Starting Execution:	[53 out of 143] test cases in the current suite
Test Method:		[unitTests.tests_browserActions.getWindowHandle]
################################################################################################################################################
[ReportManager] Browser Action [GetWindowHandle] successfully performed. With the following test data [CDwindow-4B569D4025ECAE84ABAC288766707912]. @30-10-2021 20:23:41.0623 P
[ReportManager] Target URL: [https://duckduckgo.com] @30-10-2021 20:23:41.0632 PM
[ReportManager] Initial URL: [https://duckduckgo.com] @30-10-2021 20:23:41.0741 PM
[ReportManager] Browser Action [NavigateToURL] successfully performed. With the following test data [https://duckduckgo.com]. @30-10-2021 20:23:42.0109 PM
[ReportManager] Browser Action [CloseCurrentWindow] successfully performed. @30-10-2021 20:23:42.0233 PM
[ReportManager] Successfully created attachment [Browser Action Test Data - CloseCurrentWindow - Actual Value] @30-10-2021 20:23:42.0233 P
[ReportManager] File Action [GetAbsolutePath] successfully performed. With the following test data [Relative Folder Path: "target/downloadedFiles/"]. @30-10-2021 20:23:42.0235 PM
[ReportManager] Attempting to run remotely on: [Linux-64], [GoogleChrome], [http://localhost:4444/wd/hub], Headless Execution. @30-10-2021 20:23:42.0236 PM
[ReportManager] Successfully Opened [GoogleChrome]. @30-10-2021 20:23:45.0909 PM
[ReportManager] Target URL: [https://duckduckgo.com] @30-10-2021 20:23:45.0909 PM
[ReportManager] Initial URL: [data:,] @30-10-2021 20:23:46.0004 PM
[ReportManager] Browser Action [NavigateToURL] successfully performed. With the following test data [https://duckduckgo.com]. @30-10-2021 20:23:46.0580 P

################################################################################################################################################
Starting Execution:	[54 out of 143] test cases in the current suite
Test Method:		[unitTests.tests_browserActions.getWindowPosition]
################################################################################################################################################
[ReportManager] Browser Action [GetWindowPosition] successfully performed. With the following test data [(0, 0)]. @30-10-2021 20:23:46.0641 P
[ReportManager] Target URL: [https://duckduckgo.com] @30-10-2021 20:23:46.0643 PM
[ReportManager] Initial URL: [https://duckduckgo.com] @30-10-2021 20:23:46.0718 PM
[ReportManager] Browser Action [NavigateToURL] successfully performed. With the following test data [https://duckduckgo.com]. @30-10-2021 20:23:47.0076 PM
[ReportManager] Browser Action [CloseCurrentWindow] successfully performed. @30-10-2021 20:23:47.0231 PM
[ReportManager] Successfully created attachment [Browser Action Test Data - CloseCurrentWindow - Actual Value] @30-10-2021 20:23:47.0232 P
[ReportManager] File Action [GetAbsolutePath] successfully performed. With the following test data [Relative Folder Path: "target/downloadedFiles/"]. @30-10-2021 20:23:47.0234 PM
[ReportManager] Attempting to run remotely on: [Linux-64], [GoogleChrome], [http://localhost:4444/wd/hub], Headless Execution. @30-10-2021 20:23:47.0234 PM
[ReportManager] Successfully Opened [GoogleChrome]. @30-10-2021 20:23:50.0908 PM
[ReportManager] Target URL: [https://duckduckgo.com] @30-10-2021 20:23:50.0908 PM
[ReportManager] Initial URL: [data:,] @30-10-2021 20:23:50.0977 PM
[ReportManager] Browser Action [NavigateToURL] successfully performed. With the following test data [https://duckduckgo.com]. @30-10-2021 20:23:51.0588 P

################################################################################################################################################
Starting Execution:	[55 out of 143] test cases in the current suite
Test Method:		[unitTests.tests_browserActions.getWindowSize]
################################################################################################################################################
[ReportManager] Browser Action [GetWindowSize] successfully performed. With the following test data [(1920, 1080)]. @30-10-2021 20:23:51.0622 P
[ReportManager] Target URL: [https://duckduckgo.com] @30-10-2021 20:23:51.0624 PM
[ReportManager] Initial URL: [https://duckduckgo.com] @30-10-2021 20:23:51.0683 PM
[ReportManager] Browser Action [NavigateToURL] successfully performed. With the following test data [https://duckduckgo.com]. @30-10-2021 20:23:52.0087 PM
[ReportManager] Browser Action [CloseCurrentWindow] successfully performed. @30-10-2021 20:23:52.0261 PM
[ReportManager] Successfully created attachment [Browser Action Test Data - CloseCurrentWindow - Actual Value] @30-10-2021 20:23:52.0262 P
[ReportManager] File Action [GetAbsolutePath] successfully performed. With the following test data [Relative Folder Path: "target/downloadedFiles/"]. @30-10-2021 20:23:52.0264 PM
[ReportManager] Attempting to run remotely on: [Linux-64], [GoogleChrome], [http://localhost:4444/wd/hub], Headless Execution. @30-10-2021 20:23:52.0264 PM
[ReportManager] Successfully Opened [GoogleChrome]. @30-10-2021 20:23:55.0905 PM
[ReportManager] Target URL: [https://duckduckgo.com] @30-10-2021 20:23:55.0905 PM
[ReportManager] Initial URL: [data:,] @30-10-2021 20:23:55.0970 PM
[ReportManager] Browser Action [NavigateToURL] successfully performed. With the following test data [https://duckduckgo.com]. @30-10-2021 20:23:56.0489 P

################################################################################################################################################
Starting Execution:	[56 out of 143] test cases in the current suite
Test Method:		[unitTests.tests_browserActions.maximizeWindow]
################################################################################################################################################
[ReportManager] Initial window size: (1920, 1080) @30-10-2021 20:23:56.0500 PM
[ReportManager] Window size after Toolkit: (1920, 1080) @30-10-2021 20:23:56.0724 PM
[ReportManager] Browser Action [MaximizeWindow] successfully performed. With the following test data [New screen size is now: (1920, 1080)]. @30-10-2021 20:23:56.0728 P
[ReportManager] Target URL: [https://duckduckgo.com] @30-10-2021 20:23:56.0731 PM
[ReportManager] Initial URL: [https://duckduckgo.com] @30-10-2021 20:23:56.0868 PM
[ReportManager] Browser Action [NavigateToURL] successfully performed. With the following test data [https://duckduckgo.com]. @30-10-2021 20:23:57.0169 PM
[ReportManager] Browser Action [CloseCurrentWindow] successfully performed. @30-10-2021 20:23:57.0325 PM
[ReportManager] Successfully created attachment [Browser Action Test Data - CloseCurrentWindow - Actual Value] @30-10-2021 20:23:57.0325 P
[ReportManager] File Action [GetAbsolutePath] successfully performed. With the following test data [Relative Folder Path: "target/downloadedFiles/"]. @30-10-2021 20:23:57.0327 PM
[ReportManager] Attempting to run remotely on: [Linux-64], [GoogleChrome], [http://localhost:4444/wd/hub], Headless Execution. @30-10-2021 20:23:57.0327 PM
[ReportManager] Successfully Opened [GoogleChrome]. @30-10-2021 20:24:00.0909 PM
[ReportManager] Target URL: [https://duckduckgo.com] @30-10-2021 20:24:00.0909 PM
[ReportManager] Initial URL: [data:,] @30-10-2021 20:24:00.0997 PM
[ReportManager] Browser Action [NavigateToURL] successfully performed. With the following test data [https://duckduckgo.com]. @30-10-2021 20:24:01.0512 P

################################################################################################################################################
Starting Execution:	[57 out of 143] test cases in the current suite
Test Method:		[unitTests.tests_browserActions.navigateBack]
################################################################################################################################################
[ReportManager] Target URL: [https://www.google.com/ncr], and after redirection: [https://www.google.com] @30-10-2021 20:24:01.0515 PM
[ReportManager] Initial URL: [https://duckduckgo.com] @30-10-2021 20:24:01.0597 PM
[ReportManager] Browser Action [NavigateToURL] successfully performed. With the following test data [https://www.google.com/ncr]. @30-10-2021 20:24:02.0270 PM
[ReportManager] Browser Action [NavigateBack] successfully performed. With the following test data [https://duckduckgo.com/]. @30-10-2021 20:24:02.0635 PM
[ReportManager] Browser Action [GetCurrentURL] successfully performed. With the following test data [https://duckduckgo.com/]. @30-10-2021 20:24:02.0703 PM
[ReportManager] Assertion Passed: Confirming that navigating back was successful @30-10-2021 20:24:03.0101 PM
[ReportManager] Successfully created attachment [Screenshot - 1635625442904_navigateBack_ValidateBrowserAttribute_passed] @30-10-2021 20:24:03.0102 PM
[ReportManager] Assertion [ValidateBrowserAttribute] PASSED. Expected [Value Should be 'https://duckduckgo.com' for the 'CurrentUrl' attribute] and Actual [https://duckduckgo.com/]. Comparison Type [CONTAINS]. Validation Type [POSITIVE]. @30-10-2021 20:24:03.0102 P
[ReportManager] Target URL: [https://duckduckgo.com] @30-10-2021 20:24:03.0107 PM
[ReportManager] Initial URL: [https://duckduckgo.com] @30-10-2021 20:24:03.0168 PM
[ReportManager] Browser Action [NavigateToURL] successfully performed. With the following test data [https://duckduckgo.com]. @30-10-2021 20:24:03.0487 PM
[ReportManager] Browser Action [CloseCurrentWindow] successfully performed. @30-10-2021 20:24:03.0607 PM
[ReportManager] Successfully created attachment [Browser Action Test Data - CloseCurrentWindow - Actual Value] @30-10-2021 20:24:03.0607 P
[ReportManager] File Action [GetAbsolutePath] successfully performed. With the following test data [Relative Folder Path: "target/downloadedFiles/"]. @30-10-2021 20:24:03.0609 PM
[ReportManager] Attempting to run remotely on: [Linux-64], [GoogleChrome], [http://localhost:4444/wd/hub], Headless Execution. @30-10-2021 20:24:03.0609 PM
[ReportManager] Successfully Opened [GoogleChrome]. @30-10-2021 20:24:05.0923 PM
[ReportManager] Target URL: [https://duckduckgo.com] @30-10-2021 20:24:05.0924 PM
[ReportManager] Initial URL: [data:,] @30-10-2021 20:24:06.0002 PM
[ReportManager] Browser Action [NavigateToURL] successfully performed. With the following test data [https://duckduckgo.com]. @30-10-2021 20:24:06.0522 P

################################################################################################################################################
Starting Execution:	[58 out of 143] test cases in the current suite
Test Method:		[unitTests.tests_browserActions.navigateForward]
################################################################################################################################################
[ReportManager] Target URL: [https://www.google.com/ncr], and after redirection: [https://www.google.com] @30-10-2021 20:24:06.0524 PM
[ReportManager] Initial URL: [https://duckduckgo.com] @30-10-2021 20:24:06.0618 PM
[ReportManager] Browser Action [NavigateToURL] successfully performed. With the following test data [https://www.google.com/ncr]. @30-10-2021 20:24:07.0292 PM
[ReportManager] Browser Action [NavigateBack] successfully performed. With the following test data [https://duckduckgo.com/]. @30-10-2021 20:24:07.0622 PM
[ReportManager] Browser Action [NavigateForward] successfully performed. With the following test data [https://www.google.com/]. @30-10-2021 20:24:08.0060 P
[ReportManager] Target URL: [https://duckduckgo.com] @30-10-2021 20:24:08.0066 PM
[ReportManager] Initial URL: [https://www.google.com] @30-10-2021 20:24:08.0163 PM
[ReportManager] Browser Action [NavigateToURL] successfully performed. With the following test data [https://duckduckgo.com]. @30-10-2021 20:24:08.0651 PM
[ReportManager] Browser Action [CloseCurrentWindow] successfully performed. @30-10-2021 20:24:08.0792 PM
[ReportManager] Successfully created attachment [Browser Action Test Data - CloseCurrentWindow - Actual Value] @30-10-2021 20:24:08.0792 P
[ReportManager] File Action [GetAbsolutePath] successfully performed. With the following test data [Relative Folder Path: "target/downloadedFiles/"]. @30-10-2021 20:24:08.0796 PM
[ReportManager] Attempting to run remotely on: [Linux-64], [GoogleChrome], [http://localhost:4444/wd/hub], Headless Execution. @30-10-2021 20:24:08.0796 PM
[ReportManager] Successfully Opened [GoogleChrome]. @30-10-2021 20:24:10.0908 PM
[ReportManager] Target URL: [https://duckduckgo.com] @30-10-2021 20:24:10.0908 PM
[ReportManager] Initial URL: [data:,] @30-10-2021 20:24:10.0967 PM
[ReportManager] Browser Action [NavigateToURL] successfully performed. With the following test data [https://duckduckgo.com]. @30-10-2021 20:24:11.0453 P

################################################################################################################################################
Starting Execution:	[59 out of 143] test cases in the current suite
Test Method:		[unitTests.tests_browserActions.navigateToURL]
################################################################################################################################################
[ReportManager] Target URL: [https://duckduckgo.com] @30-10-2021 20:24:11.0464 PM
[ReportManager] Initial URL: [https://duckduckgo.com] @30-10-2021 20:24:11.0530 PM
[ReportManager] Browser Action [NavigateToURL] successfully performed. With the following test data [https://duckduckgo.com]. @30-10-2021 20:24:11.0928 P
[ReportManager] Target URL: [https://duckduckgo.com] @30-10-2021 20:24:11.0932 PM
[ReportManager] Initial URL: [https://duckduckgo.com] @30-10-2021 20:24:12.0012 PM
[ReportManager] Browser Action [NavigateToURL] successfully performed. With the following test data [https://duckduckgo.com]. @30-10-2021 20:24:12.0314 PM
[ReportManager] Browser Action [CloseCurrentWindow] successfully performed. @30-10-2021 20:24:12.0453 PM
[ReportManager] Successfully created attachment [Browser Action Test Data - CloseCurrentWindow - Actual Value] @30-10-2021 20:24:12.0454 P
[ReportManager] File Action [GetAbsolutePath] successfully performed. With the following test data [Relative Folder Path: "target/downloadedFiles/"]. @30-10-2021 20:24:12.0455 PM
[ReportManager] Attempting to run remotely on: [Linux-64], [GoogleChrome], [http://localhost:4444/wd/hub], Headless Execution. @30-10-2021 20:24:12.0456 PM
[ReportManager] Successfully Opened [GoogleChrome]. @30-10-2021 20:24:15.0906 PM
[ReportManager] Target URL: [https://duckduckgo.com] @30-10-2021 20:24:15.0907 PM
[ReportManager] Initial URL: [data:,] @30-10-2021 20:24:15.0977 PM
[ReportManager] Browser Action [NavigateToURL] successfully performed. With the following test data [https://duckduckgo.com]. @30-10-2021 20:24:16.0518 P

################################################################################################################################################
Starting Execution:	[60 out of 143] test cases in the current suite
Test Method:		[unitTests.tests_browserActions.navigateToURLWithRedirection]
################################################################################################################################################
[ReportManager] Target URL: [https://www.google.com/ncr], and after redirection: [https://www.google.com] @30-10-2021 20:24:16.0525 PM
[ReportManager] Initial URL: [https://duckduckgo.com] @30-10-2021 20:24:16.0585 PM
[ReportManager] Browser Action [NavigateToURL] successfully performed. With the following test data [https://www.google.com/ncr]. @30-10-2021 20:24:17.0378 P
[ReportManager] Target URL: [https://duckduckgo.com] @30-10-2021 20:24:17.0387 PM
[ReportManager] Initial URL: [https://www.google.com] @30-10-2021 20:24:17.0459 PM
[ReportManager] Browser Action [NavigateToURL] successfully performed. With the following test data [https://duckduckgo.com]. @30-10-2021 20:24:17.0967 PM
[ReportManager] Browser Action [CloseCurrentWindow] successfully performed. @30-10-2021 20:24:18.0092 PM
[ReportManager] Successfully created attachment [Browser Action Test Data - CloseCurrentWindow - Actual Value] @30-10-2021 20:24:18.0093 P
[ReportManager] File Action [GetAbsolutePath] successfully performed. With the following test data [Relative Folder Path: "target/downloadedFiles/"]. @30-10-2021 20:24:18.0097 PM
[ReportManager] Attempting to run remotely on: [Linux-64], [GoogleChrome], [http://localhost:4444/wd/hub], Headless Execution. @30-10-2021 20:24:18.0097 PM
[ReportManager] Successfully Opened [GoogleChrome]. @30-10-2021 20:24:20.0907 PM
[ReportManager] Target URL: [https://duckduckgo.com] @30-10-2021 20:24:20.0907 PM
[ReportManager] Initial URL: [data:,] @30-10-2021 20:24:20.0970 PM
[ReportManager] Browser Action [NavigateToURL] successfully performed. With the following test data [https://duckduckgo.com]. @30-10-2021 20:24:21.0467 P

################################################################################################################################################
Starting Execution:	[61 out of 143] test cases in the current suite
Test Method:		[unitTests.tests_browserActions.refreshCurrentPage]
################################################################################################################################################
[ReportManager] Browser Action [RefreshCurrentPage] successfully performed. @30-10-2021 20:24:21.0674 PM
[ReportManager] Successfully created attachment [Browser Action Test Data - RefreshCurrentPage - Actual Value] @30-10-2021 20:24:21.0675 P
[ReportManager] Target URL: [https://duckduckgo.com] @30-10-2021 20:24:21.0677 PM
[ReportManager] Initial URL: [https://duckduckgo.com] @30-10-2021 20:24:21.0744 PM
[ReportManager] Browser Action [NavigateToURL] successfully performed. With the following test data [https://duckduckgo.com]. @30-10-2021 20:24:22.0144 PM
[ReportManager] Browser Action [CloseCurrentWindow] successfully performed. @30-10-2021 20:24:22.0260 PM
[ReportManager] Successfully created attachment [Browser Action Test Data - CloseCurrentWindow - Actual Value] @30-10-2021 20:24:22.0260 P
[ReportManager] File Action [GetAbsolutePath] successfully performed. With the following test data [Relative Folder Path: "target/downloadedFiles/"]. @30-10-2021 20:24:22.0278 PM
[ReportManager] Attempting to run remotely on: [Linux-64], [GoogleChrome], [http://localhost:4444/wd/hub], Headless Execution. @30-10-2021 20:24:22.0278 PM
[ReportManager] Successfully Opened [GoogleChrome]. @30-10-2021 20:24:25.0898 PM
[ReportManager] Target URL: [https://duckduckgo.com] @30-10-2021 20:24:25.0898 PM
[ReportManager] Initial URL: [data:,] @30-10-2021 20:24:25.0962 PM
[ReportManager] Browser Action [NavigateToURL] successfully performed. With the following test data [https://duckduckgo.com]. @30-10-2021 20:24:26.0445 P

################################################################################################################################################
Starting Execution:	[62 out of 143] test cases in the current suite
Test Method:		[unitTests.tests_browserActions.setWindowSize]
################################################################################################################################################
[ReportManager] Initial window size: (1920, 1080) @30-10-2021 20:24:26.0464 PM
[ReportManager] Window size after SWD: (1280, 720) @30-10-2021 20:24:26.0690 PM
[ReportManager] Browser Action [SetWindowSize] successfully performed. With the following test data [New screen size is now: (1280, 720)]. @30-10-2021 20:24:26.0693 P
[ReportManager] Target URL: [https://duckduckgo.com] @30-10-2021 20:24:26.0696 PM
[ReportManager] Initial URL: [https://duckduckgo.com] @30-10-2021 20:24:26.0777 PM
[ReportManager] Browser Action [NavigateToURL] successfully performed. With the following test data [https://duckduckgo.com]. @30-10-2021 20:24:27.0116 PM
[ReportManager] Browser Action [CloseCurrentWindow] successfully performed. @30-10-2021 20:24:27.0220 PM
[ReportManager] Successfully created attachment [Browser Action Test Data - CloseCurrentWindow - Actual Value] @30-10-2021 20:24:27.0221 P
[ReportManager] File Action [GetAbsolutePath] successfully performed. With the following test data [Relative Folder Path: "target/downloadedFiles/"]. @30-10-2021 20:24:27.0223 PM
[ReportManager] Attempting to run remotely on: [Linux-64], [GoogleChrome], [http://localhost:4444/wd/hub], Headless Execution. @30-10-2021 20:24:27.0225 PM
[ReportManager] Successfully Opened [GoogleChrome]. @30-10-2021 20:24:30.0902 P

################################################################################################################################################
Starting Execution:	[63 out of 143] test cases in the current suite
Test Method:		[unitTests.tests_element_elementActions.waitForElementToBePresent_false_expectedToFail]
################################################################################################################################################
[ReportManager] Target URL: [https://www.google.com/ncr], and after redirection: [www.google.com] @30-10-2021 20:24:30.0910 PM
[ReportManager] Initial URL: [data:,] @30-10-2021 20:24:31.0002 PM
[ReportManager] Browser Action [NavigateToURL] successfully performed. With the following test data [https://www.google.com/ncr]. @30-10-2021 20:24:31.0634 PM
[ReportManager] Waiting for element to be present; elementLocator [By.xpath: //*[@id='hplogo' or @alt='Google']], numberOfTries[1], stateOfPresence[false]... @30-10-2021 20:24:31.0642 PM
[ReportManager] Element Action [WaitForElementToBePresent] failed. With the following test data [waited for the element's state of presence to be (false). Element locator (By.xpath: //*[@id='hplogo' or @alt='Google'])]. @30-10-2021 20:24:32.0050 PM
[ReportManager] Successfully created attachment [Screenshot - 1635625471898_waitForElementToBePresent_false_expectedToFail_WaitForElementToBePresent_failed] @30-10-2021 20:24:32.0051 P
[ReportManager] Browser Action [CloseCurrentWindow] successfully performed. @30-10-2021 20:24:32.0175 PM
[ReportManager] Successfully created attachment [Browser Action Test Data - CloseCurrentWindow - Actual Value] @30-10-2021 20:24:32.0176 P
[ReportManager] File Action [GetAbsolutePath] successfully performed. With the following test data [Relative Folder Path: "target/downloadedFiles/"]. @30-10-2021 20:24:32.0178 PM
[ReportManager] Attempting to run remotely on: [Linux-64], [GoogleChrome], [http://localhost:4444/wd/hub], Headless Execution. @30-10-2021 20:24:32.0185 PM
[ReportManager] Successfully Opened [GoogleChrome]. @30-10-2021 20:24:35.0908 P

################################################################################################################################################
Starting Execution:	[64 out of 143] test cases in the current suite
Test Method:		[unitTests.tests_element_elementActions.waitForElementToBePresent_false_expectedToPass]
################################################################################################################################################
[ReportManager] Target URL: [https://www.google.com/ncr], and after redirection: [www.google.com] @30-10-2021 20:24:35.0922 PM
[ReportManager] Initial URL: [data:,] @30-10-2021 20:24:35.0959 PM
[ReportManager] Browser Action [NavigateToURL] successfully performed. With the following test data [https://www.google.com/ncr]. @30-10-2021 20:24:36.0625 PM
[ReportManager] Waiting for element to be present; elementLocator [By.id: bla], numberOfTries[1], stateOfPresence[false]... @30-10-2021 20:24:36.0625 PM
[ReportManager] Element Action [WaitForElementToBePresent] successfully performed. With the following test data [waited for the element's state of presence to be (false). Element locator (By.id: bla)]. @30-10-2021 20:24:41.0758 P
[ReportManager] Browser Action [CloseCurrentWindow] successfully performed. @30-10-2021 20:24:41.0912 PM
[ReportManager] Successfully created attachment [Browser Action Test Data - CloseCurrentWindow - Actual Value] @30-10-2021 20:24:41.0913 P
[ReportManager] File Action [GetAbsolutePath] successfully performed. With the following test data [Relative Folder Path: "target/downloadedFiles/"]. @30-10-2021 20:24:41.0915 PM
[ReportManager] Attempting to run remotely on: [Linux-64], [GoogleChrome], [http://localhost:4444/wd/hub], Headless Execution. @30-10-2021 20:24:41.0915 PM
[ReportManager] Successfully Opened [GoogleChrome]. @30-10-2021 20:24:45.0905 P

################################################################################################################################################
Starting Execution:	[65 out of 143] test cases in the current suite
Test Method:		[unitTests.tests_element_elementActions.waitForElementToBePresent_moreThanOneElement_expectedToFail]
################################################################################################################################################
[ReportManager] Target URL: [https://www.google.com/ncr], and after redirection: [www.google.com] @30-10-2021 20:24:45.0907 PM
[ReportManager] Initial URL: [data:,] @30-10-2021 20:24:45.0960 PM
[ReportManager] Browser Action [NavigateToURL] successfully performed. With the following test data [https://www.google.com/ncr]. @30-10-2021 20:24:46.0646 PM
[ReportManager] Waiting for element to be present; elementLocator [By.xpath: //*], numberOfTries[1], stateOfPresence[false]... @30-10-2021 20:24:46.0646 PM
[ReportManager] Element Action [WaitForElementToBePresent] failed. With the following test data [waited for the element's state of presence to be (false). Element locator (By.xpath: //*)]. @30-10-2021 20:24:47.0030 PM
[ReportManager] Successfully created attachment [Screenshot - 1635625486870_waitForElementToBePresent_moreThanOneElement_expectedToFail_WaitForElementToBePresent_failed] @30-10-2021 20:24:47.0031 P
[ReportManager] Browser Action [CloseCurrentWindow] successfully performed. @30-10-2021 20:24:47.0147 PM
[ReportManager] Successfully created attachment [Browser Action Test Data - CloseCurrentWindow - Actual Value] @30-10-2021 20:24:47.0147 P
[ReportManager] File Action [GetAbsolutePath] successfully performed. With the following test data [Relative Folder Path: "target/downloadedFiles/"]. @30-10-2021 20:24:47.0150 PM
[ReportManager] Attempting to run remotely on: [Linux-64], [GoogleChrome], [http://localhost:4444/wd/hub], Headless Execution. @30-10-2021 20:24:47.0150 PM
[ReportManager] Successfully Opened [GoogleChrome]. @30-10-2021 20:24:50.0923 P

################################################################################################################################################
Starting Execution:	[66 out of 143] test cases in the current suite
Test Method:		[unitTests.tests_element_elementActions.waitForElementToBePresent_true_expectedToFail]
################################################################################################################################################
[ReportManager] Target URL: [https://www.google.com/ncr], and after redirection: [www.google.com] @30-10-2021 20:24:50.0929 PM
[ReportManager] Initial URL: [data:,] @30-10-2021 20:24:51.0003 PM
[ReportManager] Browser Action [NavigateToURL] successfully performed. With the following test data [https://www.google.com/ncr]. @30-10-2021 20:24:51.0658 PM
[ReportManager] Waiting for element to be present; elementLocator [By.id: bla], numberOfTries[1], stateOfPresence[true]... @30-10-2021 20:24:51.0659 PM
[ReportManager] Element Action [WaitForElementToBePresent] failed. With the following test data [waited for the element's state of presence to be (true). Element locator (By.id: bla)]. @30-10-2021 20:24:57.0083 PM
[ReportManager] Successfully created attachment [Screenshot - 1635625496934_waitForElementToBePresent_true_expectedToFail_WaitForElementToBePresent_failed] @30-10-2021 20:24:57.0084 P
[ReportManager] Browser Action [CloseCurrentWindow] successfully performed. @30-10-2021 20:24:57.0203 PM
[ReportManager] Successfully created attachment [Browser Action Test Data - CloseCurrentWindow - Actual Value] @30-10-2021 20:24:57.0204 P
[ReportManager] File Action [GetAbsolutePath] successfully performed. With the following test data [Relative Folder Path: "target/downloadedFiles/"]. @30-10-2021 20:24:57.0206 PM
[ReportManager] Attempting to run remotely on: [Linux-64], [GoogleChrome], [http://localhost:4444/wd/hub], Headless Execution. @30-10-2021 20:24:57.0206 PM
[ReportManager] Successfully Opened [GoogleChrome]. @30-10-2021 20:25:00.0907 P

################################################################################################################################################
Starting Execution:	[67 out of 143] test cases in the current suite
Test Method:		[unitTests.tests_element_elementActions.waitForElementToBePresent_true_expectedToPass]
################################################################################################################################################
[ReportManager] Target URL: [https://www.google.com/ncr], and after redirection: [www.google.com] @30-10-2021 20:25:00.0910 PM
[ReportManager] Initial URL: [data:,] @30-10-2021 20:25:00.0975 PM
[ReportManager] Browser Action [NavigateToURL] successfully performed. With the following test data [https://www.google.com/ncr]. @30-10-2021 20:25:01.0674 PM
[ReportManager] Waiting for element to be present; elementLocator [By.xpath: //*[@id='hplogo' or @alt='Google']], numberOfTries[1], stateOfPresence[true]... @30-10-2021 20:25:01.0674 PM
[ReportManager] Element Action [WaitForElementToBePresent] successfully performed. With the following test data [waited for the element's state of presence to be (true). Element locator (By.xpath: //*[@id='hplogo' or @alt='Google'])]. @30-10-2021 20:25:01.0740 PM
[ReportManager] File Action [DoesFileExist] successfully performed. With the following test data [File Path: "src/test/resources/DynamicObjectRepository/unitTests_tests_element_elementActions_waitForElementToBePresent_true_expectedToPass_By_xpath_id_hplogo_or_alt_Google.png"]. @30-10-2021 20:25:01.0743 PM
[ReportManager] File Action [DoesFileExist] successfully performed. With the following test data [File Path: "src/test/resources/DynamicObjectRepository/unitTests_tests_element_elementActions_waitForElementToBePresent_true_expectedToPass_By_xpath_id_hplogo_or_alt_Google.png"]. @30-10-2021 20:25:01.0930 PM
[ReportManager] Passing the test and saving a reference image @30-10-2021 20:25:01.0930 PM
[ReportManager] File Action [GetAbsolutePath] successfully performed. With the following test data [Relative File Path: "src/test/resources/DynamicObjectRepository/unitTests_tests_element_elementActions_waitForElementToBePresent_true_expectedToPass_By_xpath_id_hplogo_or_alt_Google.png"]. @30-10-2021 20:25:01.0930 PM
[ReportManager] File Action [WriteToFile] successfully performed. With the following test data [Target File Path: "/home/runner/work/SHAFT_ENGINE/SHAFT_ENGINE/src/test/resources/DynamicObjectRepository/unitTests_tests_element_elementActions_waitForElementToBePresent_true_expectedToPass_By_xpath_id_hplogo_or_alt_Google.png"]. @30-10-2021 20:25:01.0934 PM
[ReportManager] Assertion Passed: Using Visual AI; OpenCV @30-10-2021 20:25:01.0934 PM
[ReportManager] Successfully created attachment [Validation Test Data - Actual Screenshot] @30-10-2021 20:25:01.0935 PM
[ReportManager] Assertion [ValidateElementMatches] PASSED. Expected [Element should match the reference screenshot] and Actual [TRUE]. Comparison Type [EXACT_OPENCV]. Validation Type [POSITIVE]. @30-10-2021 20:25:01.0935 P
[ReportManager] Browser Action [CloseCurrentWindow] successfully performed. @30-10-2021 20:25:02.0073 PM
[ReportManager] Successfully created attachment [Browser Action Test Data - CloseCurrentWindow - Actual Value] @30-10-2021 20:25:02.0074 P
[ReportManager] Successfully loaded the following test data file [src/test/resources/TestDataFiles/testSuite01/TestData.xlsx]. @30-10-2021 20:25:02.0935 PM
[ReportManager] Successfully created attachment [Test Data - Excel] @30-10-2021 20:25:02.0936 P

################################################################################################################################################
Starting Execution:	[68 out of 143] test cases in the current suite
Test Method:		[unitTests.tests_io_excelFileManager.getCellData_rowName_expectedToPass]
################################################################################################################################################
[ReportManager] testRowData. @30-10-2021 20:25:02.0966 P

################################################################################################################################################
Starting Execution:	[69 out of 143] test cases in the current suite
Test Method:		[testPackage01.Test_testData.f]
################################################################################################################################################
[ReportManager] Successfully loaded the following test data file [src/test/resources/TestDataFiles/testSuite01/TestData.xlsx]. @30-10-2021 20:25:03.0038 PM
[ReportManager] Successfully created attachment [Test Data - Excel] @30-10-2021 20:25:03.0038 PM
[ReportManager] Last Column Number is: [3]. Zero-based. @30-10-2021 20:25:03.0039 P

################################################################################################################################################
Starting Execution:	[70 out of 143] test cases in the current suite
Test Method:		[testPackage01.Test_SkipDueToIssue.doNotSkip]
################################################################################################################################################
[ReportManager] This should not be skipped. @30-10-2021 20:25:03.0043 P

################################################################################################################################################
Starting Execution:	[71 out of 143] test cases in the current suite
Test Method:		[testPackage01.Test_SkipDueToIssue.skip]
################################################################################################################################################
[ReportManager] This should be skipped. @30-10-2021 20:25:03.0050 P

################################################################################################################################################
Starting Execution:	[72 out of 143] test cases in the current suite
Test Method:		[testPackage01.Test_SkipDueToIssue.skip2]
################################################################################################################################################
[ReportManager] This should be skipped. @30-10-2021 20:25:03.0056 P

################################################################################################################################################
Starting Execution:	[73 out of 143] test cases in the current suite
Test Method:		[testPackage01.Test_chainableElementActions.chainElementActions]
################################################################################################################################################
[ReportManager] File Action [GetAbsolutePath] successfully performed. With the following test data [Relative Folder Path: "target/downloadedFiles/"]. @30-10-2021 20:25:03.0059 PM
[ReportManager] Attempting to run remotely on: [Linux-64], [GoogleChrome], [http://localhost:4444/wd/hub], Headless Execution. @30-10-2021 20:25:03.0059 PM
[ReportManager] Successfully Opened [GoogleChrome]. @30-10-2021 20:25:05.0915 PM
[ReportManager] Target URL: [https://www.google.com/ncr], and after redirection: [https://www.google.com] @30-10-2021 20:25:05.0915 PM
[ReportManager] Initial URL: [data:,] @30-10-2021 20:25:05.0972 PM
[ReportManager] Browser Action [NavigateToURL] successfully performed. With the following test data [https://www.google.com/ncr]. @30-10-2021 20:25:06.0648 PM
[ReportManager] Element Action [Type] successfully performed. With the following test data [chained type 1]. @30-10-2021 20:25:07.0075 PM
[ReportManager] Element Action [Type] successfully performed. With the following test data [chained type 2]. @30-10-2021 20:25:07.0522 PM
[ReportManager] Element Action [TypeAppend] successfully performed. With the following test data [345]. @30-10-2021 20:25:07.0655 PM
[ReportManager] Element Action [GetText] successfully performed. With the following test data [chained type 2345]. @30-10-2021 20:25:07.0790 PM
[ReportManager] Loaded Shared OpenCV @30-10-2021 20:25:08.0020 PM
[ReportManager] Assertion [ValidateElementAttribute] PASSED. Expected [Value Should be 'chained type 2345' for the 'text' attribute, element locator 'By.name: q'] and Actual [chained type 2345]. Comparison Type [EQUALS]. Validation Type [POSITIVE]. @30-10-2021 20:25:08.0207 PM
[ReportManager] Successfully created attachment [Screenshot - 1635625508020_chainElementActions_ValidateElementAttribute_passed] @30-10-2021 20:25:08.0208 PM
[ReportManager] Browser Action [CloseCurrentWindow] successfully performed. @30-10-2021 20:25:08.0325 PM
[ReportManager] Successfully created attachment [Browser Action Test Data - CloseCurrentWindow - Actual Value] @30-10-2021 20:25:08.0326 P

################################################################################################################################################
Starting Execution:	[74 out of 143] test cases in the current suite
Test Method:		[testPackage01.Test_NewValidationHelper.f1]
################################################################################################################################################
[ReportManager] Assertion Passed: Checking valid user data @30-10-2021 20:25:08.0330 PM
[ReportManager] Successfully created attachment [Validation Test Data - Expected Value] @30-10-2021 20:25:08.0330 PM
[ReportManager] Successfully created attachment [Validation Test Data - Actual Value] @30-10-2021 20:25:08.0330 PM
[ReportManager] Assertion [ValidateEquals] PASSED. Expected and Actual values are attached. Comparison Type [EQUALS]. Validation Type [POSITIVE]. @30-10-2021 20:25:08.0331 P
[ReportManager] File Action [GetAbsolutePath] successfully performed. With the following test data [Relative Folder Path: "target/downloadedFiles/"]. @30-10-2021 20:25:08.0332 PM
[ReportManager] Attempting to run remotely on: [Linux-64], [GoogleChrome], [http://localhost:4444/wd/hub], Headless Execution. @30-10-2021 20:25:08.0332 PM
[ReportManager] Successfully Opened [GoogleChrome]. @30-10-2021 20:25:10.0916 PM
[ReportManager] Target URL: [https://the-internet.herokuapp.com/] @30-10-2021 20:25:10.0916 PM
[ReportManager] Initial URL: [data:,] @30-10-2021 20:25:10.0994 PM
[ReportManager] Browser Action [NavigateToURL] successfully performed. With the following test data [https://the-internet.herokuapp.com/]. @30-10-2021 20:25:11.0439 P

################################################################################################################################################
Starting Execution:	[75 out of 143] test cases in the current suite
Test Method:		[testPackage01.Test_NewValidationHelper.f10]
################################################################################################################################################
[ReportManager] Assertion [ValidateElementExists] FAILED. Expected [Element Should Exist, locator 'By.tagName: div'] and Actual [Element Exists but is not unique]. Comparison Type [EQUALS]. Validation Type [POSITIVE]. @30-10-2021 20:25:11.0927 PM
[ReportManager] Successfully created attachment [Screenshot - 1635625511734_f10_ValidateElementExists_failed] @30-10-2021 20:25:11.0928 P
[ReportManager] Successfully Closed All Drivers. @30-10-2021 20:25:12.0037 P
[ReportManager] File Action [GetAbsolutePath] successfully performed. With the following test data [Relative Folder Path: "target/downloadedFiles/"]. @30-10-2021 20:25:12.0042 PM
[ReportManager] Attempting to run remotely on: [Linux-64], [GoogleChrome], [http://localhost:4444/wd/hub], Headless Execution. @30-10-2021 20:25:12.0042 PM
[ReportManager] Successfully Opened [GoogleChrome]. @30-10-2021 20:25:15.0905 PM
[ReportManager] Target URL: [https://the-internet.herokuapp.com/] @30-10-2021 20:25:15.0905 PM
[ReportManager] Initial URL: [data:,] @30-10-2021 20:25:15.0944 PM
[ReportManager] Browser Action [NavigateToURL] successfully performed. With the following test data [https://the-internet.herokuapp.com/]. @30-10-2021 20:25:16.0289 P

################################################################################################################################################
Starting Execution:	[76 out of 143] test cases in the current suite
Test Method:		[testPackage01.Test_NewValidationHelper.f11]
################################################################################################################################################
[ReportManager] Assertion Passed: Checking that false tag doesn't exist @30-10-2021 20:25:26.0906 PM
[ReportManager] Successfully created attachment [Screenshot - 1635625526713_f11_ValidateElementExists_passed] @30-10-2021 20:25:26.0907 PM
[ReportManager] Assertion [ValidateElementExists] PASSED. Expected [Element Should not Exist, locator 'By.tagName: h3'] and Actual [Element Doesn't Exists]. Comparison Type [EQUALS]. Validation Type [NEGATIVE]. @30-10-2021 20:25:26.0908 P
[ReportManager] Successfully Closed All Drivers. @30-10-2021 20:25:27.0007 P
[ReportManager] File Action [GetAbsolutePath] successfully performed. With the following test data [Relative Folder Path: "target/downloadedFiles/"]. @30-10-2021 20:25:27.0016 PM
[ReportManager] Attempting to run remotely on: [Linux-64], [GoogleChrome], [http://localhost:4444/wd/hub], Headless Execution. @30-10-2021 20:25:27.0016 PM
[ReportManager] Successfully Opened [GoogleChrome]. @30-10-2021 20:25:30.0920 PM
[ReportManager] Target URL: [https://the-internet.herokuapp.com/] @30-10-2021 20:25:30.0920 PM
[ReportManager] Initial URL: [data:,] @30-10-2021 20:25:30.0966 PM
[ReportManager] Browser Action [NavigateToURL] successfully performed. With the following test data [https://the-internet.herokuapp.com/]. @30-10-2021 20:25:31.0340 P

################################################################################################################################################
Starting Execution:	[77 out of 143] test cases in the current suite
Test Method:		[testPackage01.Test_NewValidationHelper.f12]
################################################################################################################################################
[ReportManager] Loaded Shared OpenCV @30-10-2021 20:25:31.0660 PM
[ReportManager] Assertion [ValidateElementExists] FAILED. Expected [Element Should not Exist, locator 'By.tagName: h1'] and Actual [Element Exists]. Comparison Type [EQUALS]. Validation Type [NEGATIVE]. @30-10-2021 20:25:31.0859 PM
[ReportManager] Successfully created attachment [Screenshot - 1635625531660_f12_ValidateElementExists_failed] @30-10-2021 20:25:31.0861 P
[ReportManager] Successfully Closed All Drivers. @30-10-2021 20:25:31.0955 P
[ReportManager] File Action [GetAbsolutePath] successfully performed. With the following test data [Relative Folder Path: "target/downloadedFiles/"]. @30-10-2021 20:25:31.0957 PM
[ReportManager] Attempting to run remotely on: [Linux-64], [GoogleChrome], [http://localhost:4444/wd/hub], Headless Execution. @30-10-2021 20:25:31.0957 PM
[ReportManager] Successfully Opened [GoogleChrome]. @30-10-2021 20:25:35.0912 PM
[ReportManager] Target URL: [https://the-internet.herokuapp.com/] @30-10-2021 20:25:35.0912 PM
[ReportManager] Initial URL: [data:,] @30-10-2021 20:25:35.0971 PM
[ReportManager] Browser Action [NavigateToURL] successfully performed. With the following test data [https://the-internet.herokuapp.com/]. @30-10-2021 20:25:36.0317 P

################################################################################################################################################
Starting Execution:	[78 out of 143] test cases in the current suite
Test Method:		[testPackage01.Test_NewValidationHelper.f13]
################################################################################################################################################
[ReportManager] Assertion [ValidateElementExists] FAILED. Expected [Element Should not Exist, locator 'By.tagName: div'] and Actual [Element Exists but is not unique]. Comparison Type [EQUALS]. Validation Type [NEGATIVE]. @30-10-2021 20:25:36.0756 PM
[ReportManager] Successfully created attachment [Screenshot - 1635625536593_f13_ValidateElementExists_failed] @30-10-2021 20:25:36.0757 P
[ReportManager] Successfully Closed All Drivers. @30-10-2021 20:25:36.0842 P
[ReportManager] File Action [GetAbsolutePath] successfully performed. With the following test data [Relative Folder Path: "target/downloadedFiles/"]. @30-10-2021 20:25:36.0844 PM
[ReportManager] Attempting to run remotely on: [Linux-64], [GoogleChrome], [http://localhost:4444/wd/hub], Headless Execution. @30-10-2021 20:25:36.0844 PM
[ReportManager] Successfully Opened [GoogleChrome]. @30-10-2021 20:25:40.0913 PM
[ReportManager] Target URL: [https://the-internet.herokuapp.com/] @30-10-2021 20:25:40.0913 PM
[ReportManager] Initial URL: [data:,] @30-10-2021 20:25:40.0969 PM
[ReportManager] Browser Action [NavigateToURL] successfully performed. With the following test data [https://the-internet.herokuapp.com/]. @30-10-2021 20:25:41.0339 P

################################################################################################################################################
Starting Execution:	[79 out of 143] test cases in the current suite
Test Method:		[testPackage01.Test_NewValidationHelper.f14]
################################################################################################################################################
[ReportManager] Element Action [GetText] successfully performed. With the following test data [Welcome to the-internet]. @30-10-2021 20:25:41.0427 PM
[ReportManager] Loaded Shared OpenCV @30-10-2021 20:25:41.0677 PM
[ReportManager] Assertion Passed: Asserting that the header text is correct @30-10-2021 20:25:41.0903 PM
[ReportManager] Successfully created attachment [Screenshot - 1635625541677_f14_ValidateElementAttribute_passed] @30-10-2021 20:25:41.0905 PM
[ReportManager] Assertion [ValidateElementAttribute] PASSED. Expected [Value Should be 'Welcome to the-internet' for the 'text' attribute, element locator 'By.tagName: h1'] and Actual [Welcome to the-internet]. Comparison Type [EQUALS]. Validation Type [POSITIVE]. @30-10-2021 20:25:41.0905 P
[ReportManager] Successfully Closed All Drivers. @30-10-2021 20:25:41.0993 P
[ReportManager] File Action [GetAbsolutePath] successfully performed. With the following test data [Relative Folder Path: "target/downloadedFiles/"]. @30-10-2021 20:25:41.0999 PM
[ReportManager] Attempting to run remotely on: [Linux-64], [GoogleChrome], [http://localhost:4444/wd/hub], Headless Execution. @30-10-2021 20:25:41.0999 PM
[ReportManager] Successfully Opened [GoogleChrome]. @30-10-2021 20:25:45.0920 PM
[ReportManager] Target URL: [https://the-internet.herokuapp.com/] @30-10-2021 20:25:45.0920 PM
[ReportManager] Initial URL: [data:,] @30-10-2021 20:25:45.0976 PM
[ReportManager] Browser Action [NavigateToURL] successfully performed. With the following test data [https://the-internet.herokuapp.com/]. @30-10-2021 20:25:46.0352 P

################################################################################################################################################
Starting Execution:	[80 out of 143] test cases in the current suite
Test Method:		[testPackage01.Test_NewValidationHelper.f15]
################################################################################################################################################
[ReportManager] Element Action [GetText] successfully performed. With the following test data [Welcome to the-internet]. @30-10-2021 20:25:46.0440 PM
[ReportManager] Loaded Shared OpenCV @30-10-2021 20:25:46.0679 PM
[ReportManager] Assertion [ValidateElementAttribute] FAILED. Expected [Value Should not be 'Welcome' for the 'text' attribute, element locator 'By.tagName: h1'] and Actual [Welcome to the-internet]. Comparison Type [CONTAINS]. Validation Type [NEGATIVE]. @30-10-2021 20:25:46.0881 PM
[ReportManager] Successfully created attachment [Screenshot - 1635625546679_f15_ValidateElementAttribute_failed] @30-10-2021 20:25:46.0883 P
[ReportManager] Successfully Closed All Drivers. @30-10-2021 20:25:46.0968 P
[ReportManager] File Action [GetAbsolutePath] successfully performed. With the following test data [Relative Folder Path: "target/downloadedFiles/"]. @30-10-2021 20:25:46.0971 PM
[ReportManager] Attempting to run remotely on: [Linux-64], [GoogleChrome], [http://localhost:4444/wd/hub], Headless Execution. @30-10-2021 20:25:46.0971 PM
[ReportManager] Successfully Opened [GoogleChrome]. @30-10-2021 20:25:50.0912 PM
[ReportManager] Target URL: [https://the-internet.herokuapp.com/] @30-10-2021 20:25:50.0912 PM
[ReportManager] Initial URL: [data:,] @30-10-2021 20:25:50.0968 PM
[ReportManager] Browser Action [NavigateToURL] successfully performed. With the following test data [https://the-internet.herokuapp.com/]. @30-10-2021 20:25:51.0380 P

################################################################################################################################################
Starting Execution:	[81 out of 143] test cases in the current suite
Test Method:		[testPackage01.Test_NewValidationHelper.f16]
################################################################################################################################################
[ReportManager] Element Action [IdentifyUniqueElement] failed. With the following test data [zero elements found matching this locator "By.tagName: h3".]. @30-10-2021 20:26:17.0093 PM
[ReportManager] Successfully created attachment [Screenshot - 1635625576928_f16_IdentifyUniqueElement_failed] @30-10-2021 20:26:17.0094 PM
[ReportManager] Assertion [ValidateElementAttribute] FAILED. Expected [Value Should not be 'Welcome' for the 'text' attribute, element locator 'By.tagName: h3'] and Actual [Failed to read the desired element attribute]. Comparison Type [CONTAINS]. Validation Type [NEGATIVE]. @30-10-2021 20:26:17.0095 P
[ReportManager] Successfully Closed All Drivers. @30-10-2021 20:26:17.0184 P
[ReportManager] File Action [GetAbsolutePath] successfully performed. With the following test data [Relative Folder Path: "target/downloadedFiles/"]. @30-10-2021 20:26:17.0187 PM
[ReportManager] Attempting to run remotely on: [Linux-64], [GoogleChrome], [http://localhost:4444/wd/hub], Headless Execution. @30-10-2021 20:26:17.0187 PM
[ReportManager] Successfully Opened [GoogleChrome]. @30-10-2021 20:26:20.0913 PM
[ReportManager] Target URL: [https://the-internet.herokuapp.com/] @30-10-2021 20:26:20.0913 PM
[ReportManager] Initial URL: [data:,] @30-10-2021 20:26:20.0972 PM
[ReportManager] Browser Action [NavigateToURL] successfully performed. With the following test data [https://the-internet.herokuapp.com/]. @30-10-2021 20:26:21.0365 P

################################################################################################################################################
Starting Execution:	[82 out of 143] test cases in the current suite
Test Method:		[testPackage01.Test_NewValidationHelper.f17]
################################################################################################################################################
[ReportManager] Attempting to getAttribute [text2] from elementLocator [By.tagName: h1]. @30-10-2021 20:26:21.0368 PM
[ReportManager] Element Action [GetAttribute] successfully performed. @30-10-2021 20:26:21.0489 PM
[ReportManager] Loaded Shared OpenCV @30-10-2021 20:26:21.0791 PM
[ReportManager] Assertion [ValidateElementAttribute] PASSED. Expected [Value Should not be 'Welcome' for the 'text2' attribute, element locator 'By.tagName: h1'] and Actual [null]. Comparison Type [CONTAINS]. Validation Type [NEGATIVE]. @30-10-2021 20:26:21.0993 PM
[ReportManager] Successfully created attachment [Screenshot - 1635625581791_f17_ValidateElementAttribute_passed] @30-10-2021 20:26:22.0002 P
[ReportManager] Successfully Closed All Drivers. @30-10-2021 20:26:22.0087 P
[ReportManager] File Action [GetAbsolutePath] successfully performed. With the following test data [Relative Folder Path: "target/downloadedFiles/"]. @30-10-2021 20:26:22.0089 PM
[ReportManager] Attempting to run remotely on: [Linux-64], [GoogleChrome], [http://localhost:4444/wd/hub], Headless Execution. @30-10-2021 20:26:22.0090 PM
[ReportManager] Successfully Opened [GoogleChrome]. @30-10-2021 20:26:25.0912 PM
[ReportManager] Target URL: [https://the-internet.herokuapp.com/] @30-10-2021 20:26:25.0913 PM
[ReportManager] Initial URL: [data:,] @30-10-2021 20:26:25.0950 PM
[ReportManager] Browser Action [NavigateToURL] successfully performed. With the following test data [https://the-internet.herokuapp.com/]. @30-10-2021 20:26:26.0305 P

################################################################################################################################################
Starting Execution:	[83 out of 143] test cases in the current suite
Test Method:		[testPackage01.Test_NewValidationHelper.f18]
################################################################################################################################################
[ReportManager] Element Action [GetText] successfully performed. With the following test data [Welcome to the-internet]. @30-10-2021 20:26:26.0482 PM
[ReportManager] Loaded Shared OpenCV @30-10-2021 20:26:26.0711 PM
[ReportManager] Assertion [ValidateElementAttribute] PASSED. Expected [Value Should not be 'no' for the 'text' attribute, element locator 'By.tagName: h1'] and Actual [Welcome to the-internet]. Comparison Type [CONTAINS]. Validation Type [NEGATIVE]. @30-10-2021 20:26:26.0920 PM
[ReportManager] Successfully created attachment [Screenshot - 1635625586711_f18_ValidateElementAttribute_passed] @30-10-2021 20:26:26.0922 P
[ReportManager] Successfully Closed All Drivers. @30-10-2021 20:26:27.0032 P

################################################################################################################################################
Starting Execution:	[84 out of 143] test cases in the current suite
Test Method:		[testPackage01.Test_NewValidationHelper.f2]
################################################################################################################################################
[ReportManager] Assertion Failed: Checking valid user data @30-10-2021 20:26:27.0035 PM
[ReportManager] Assertion [ValidateEquals] FAILED. Expected [1] and Actual [2]. Comparison Type [EQUALS]. Validation Type [POSITIVE]. @30-10-2021 20:26:27.0035 P
[ReportManager] File Action [GetAbsolutePath] successfully performed. With the following test data [Relative Folder Path: "target/downloadedFiles/"]. @30-10-2021 20:26:27.0037 PM
[ReportManager] Attempting to run remotely on: [Linux-64], [GoogleChrome], [http://localhost:4444/wd/hub], Headless Execution. @30-10-2021 20:26:27.0037 PM
[ReportManager] Successfully Opened [GoogleChrome]. @30-10-2021 20:26:30.0916 PM
[ReportManager] Target URL: [https://the-internet.herokuapp.com/] @30-10-2021 20:26:30.0916 PM
[ReportManager] Initial URL: [data:,] @30-10-2021 20:26:30.0952 PM
[ReportManager] Browser Action [NavigateToURL] successfully performed. With the following test data [https://the-internet.herokuapp.com/]. @30-10-2021 20:26:31.0304 P

################################################################################################################################################
Starting Execution:	[85 out of 143] test cases in the current suite
Test Method:		[testPackage01.Test_NewValidationHelper.f20]
################################################################################################################################################
[ReportManager] Element Action [GetSize] successfully performed. With the following test data [(970, 61)]. @30-10-2021 20:26:31.0413 PM
[ReportManager] Loaded Shared OpenCV @30-10-2021 20:26:31.0657 PM
[ReportManager] Assertion [ValidateElementAttribute] PASSED. Expected [Value Should not be 'a' for the 'size' attribute, element locator 'By.tagName: h1'] and Actual [(970, 61)]. Comparison Type [CONTAINS]. Validation Type [NEGATIVE]. @30-10-2021 20:26:31.0856 PM
[ReportManager] Successfully created attachment [Screenshot - 1635625591656_f20_ValidateElementAttribute_passed] @30-10-2021 20:26:31.0857 P
[ReportManager] Successfully Closed All Drivers. @30-10-2021 20:26:31.0945 P
[ReportManager] File Action [GetAbsolutePath] successfully performed. With the following test data [Relative Folder Path: "target/downloadedFiles/"]. @30-10-2021 20:26:31.0947 PM
[ReportManager] Attempting to run remotely on: [Linux-64], [GoogleChrome], [http://localhost:4444/wd/hub], Headless Execution. @30-10-2021 20:26:31.0947 PM
[ReportManager] Successfully Opened [GoogleChrome]. @30-10-2021 20:26:35.0920 PM
[ReportManager] Target URL: [https://the-internet.herokuapp.com/] @30-10-2021 20:26:35.0920 PM
[ReportManager] Initial URL: [data:,] @30-10-2021 20:26:35.0956 PM
[ReportManager] Browser Action [NavigateToURL] successfully performed. With the following test data [https://the-internet.herokuapp.com/]. @30-10-2021 20:26:36.0297 P

################################################################################################################################################
Starting Execution:	[86 out of 143] test cases in the current suite
Test Method:		[testPackage01.Test_NewValidationHelper.f21]
################################################################################################################################################
[ReportManager] Element Action [IdentifyUniqueElement] failed. With the following test data [zero elements found matching this locator "By.tagName: h3".]. @30-10-2021 20:27:02.0034 PM
[ReportManager] Successfully created attachment [Screenshot - 1635625621865_f21_IdentifyUniqueElement_failed] @30-10-2021 20:27:02.0035 PM
[ReportManager] Assertion [ValidateElementAttribute] FAILED. Expected [Value Should be 'Welcome' for the 'text' attribute, element locator 'By.tagName: h3'] and Actual [Failed to read the desired element attribute]. Comparison Type [CONTAINS]. Validation Type [POSITIVE]. @30-10-2021 20:27:02.0035 P
[ReportManager] Successfully Closed All Drivers. @30-10-2021 20:27:02.0128 P
[ReportManager] File Action [GetAbsolutePath] successfully performed. With the following test data [Relative Folder Path: "target/downloadedFiles/"]. @30-10-2021 20:27:02.0129 PM
[ReportManager] Attempting to run remotely on: [Linux-64], [GoogleChrome], [http://localhost:4444/wd/hub], Headless Execution. @30-10-2021 20:27:02.0130 PM
[ReportManager] Successfully Opened [GoogleChrome]. @30-10-2021 20:27:05.0920 PM
[ReportManager] Target URL: [https://the-internet.herokuapp.com/] @30-10-2021 20:27:05.0920 PM
[ReportManager] Initial URL: [data:,] @30-10-2021 20:27:05.0983 PM
[ReportManager] Browser Action [NavigateToURL] successfully performed. With the following test data [https://the-internet.herokuapp.com/]. @30-10-2021 20:27:06.0338 P

################################################################################################################################################
Starting Execution:	[87 out of 143] test cases in the current suite
Test Method:		[testPackage01.Test_NewValidationHelper.f22]
################################################################################################################################################
[ReportManager] Element Action [GetText] successfully performed. With the following test data [Welcome to the-internet]. @30-10-2021 20:27:06.0422 PM
[ReportManager] Loaded Shared OpenCV @30-10-2021 20:27:06.0658 PM
[ReportManager] Assertion [ValidateElementAttribute] FAILED. Expected [Value Should be 'yyy' for the 'text' attribute, element locator 'By.tagName: h1'] and Actual [Welcome to the-internet]. Comparison Type [CONTAINS]. Validation Type [POSITIVE]. @30-10-2021 20:27:06.0871 PM
[ReportManager] Successfully created attachment [Screenshot - 1635625626658_f22_ValidateElementAttribute_failed] @30-10-2021 20:27:06.0873 P
[ReportManager] Successfully Closed All Drivers. @30-10-2021 20:27:06.0985 P

################################################################################################################################################
Starting Execution:	[88 out of 143] test cases in the current suite
Test Method:		[testPackage01.Test_NewValidationHelper.f23]
################################################################################################################################################
[ReportManager] Assertion Passed: confirming that the actual is greater than or equal to the expected @30-10-2021 20:27:06.0996 PM
[ReportManager] Assertion [ValidateComparativeRelation] PASSED. Expected [1] and Actual [1]. Comparison Type [GREATER_THAN_OR_EQUALS]. Validation Type [POSITIVE]. @30-10-2021 20:27:06.0996 P

################################################################################################################################################
Starting Execution:	[89 out of 143] test cases in the current suite
Test Method:		[testPackage01.Test_NewValidationHelper.f24]
################################################################################################################################################
[ReportManager] Assertion [ValidateComparativeRelation] PASSED. Expected [1] and Actual [10]. Comparison Type [GREATER_THAN_OR_EQUALS]. Validation Type [POSITIVE]. @30-10-2021 20:27:07.0004 P

################################################################################################################################################
Starting Execution:	[90 out of 143] test cases in the current suite
Test Method:		[testPackage01.Test_NewValidationHelper.f25]
################################################################################################################################################
[ReportManager] Assertion [ValidateComparativeRelation] PASSED. Expected [1] and Actual [1]. Comparison Type [EQUALS]. Validation Type [POSITIVE]. @30-10-2021 20:27:07.0007 P

################################################################################################################################################
Starting Execution:	[91 out of 143] test cases in the current suite
Test Method:		[testPackage01.Test_NewValidationHelper.f26]
################################################################################################################################################
[ReportManager] Assertion [ValidateComparativeRelation] PASSED. Expected [1] and Actual [5]. Comparison Type [GREATER_THAN]. Validation Type [POSITIVE]. @30-10-2021 20:27:07.0009 P

################################################################################################################################################
Starting Execution:	[92 out of 143] test cases in the current suite
Test Method:		[testPackage01.Test_NewValidationHelper.f27]
################################################################################################################################################
[ReportManager] Assertion [ValidateComparativeRelation] PASSED. Expected [11] and Actual [5]. Comparison Type [LESS_THAN]. Validation Type [POSITIVE]. @30-10-2021 20:27:07.0011 P

################################################################################################################################################
Starting Execution:	[93 out of 143] test cases in the current suite
Test Method:		[testPackage01.Test_NewValidationHelper.f28]
################################################################################################################################################
[ReportManager] Assertion [ValidateComparativeRelation] PASSED. Expected [11] and Actual [5]. Comparison Type [LESS_THAN_OR_EQUALS]. Validation Type [POSITIVE]. @30-10-2021 20:27:07.0013 P

################################################################################################################################################
Starting Execution:	[94 out of 143] test cases in the current suite
Test Method:		[testPackage01.Test_NewValidationHelper.f29]
################################################################################################################################################
[ReportManager] Assertion [ValidateComparativeRelation] PASSED. Expected [11] and Actual [11]. Comparison Type [LESS_THAN_OR_EQUALS]. Validation Type [POSITIVE]. @30-10-2021 20:27:07.0015 P

################################################################################################################################################
Starting Execution:	[95 out of 143] test cases in the current suite
Test Method:		[testPackage01.Test_NewValidationHelper.f3]
################################################################################################################################################
[ReportManager] Assertion [ValidateEquals] PASSED. Expected [1] and Actual [2]. Comparison Type [EQUALS]. Validation Type [NEGATIVE]. @30-10-2021 20:27:07.0017 P

################################################################################################################################################
Starting Execution:	[96 out of 143] test cases in the current suite
Test Method:		[testPackage01.Test_NewValidationHelper.f30]
################################################################################################################################################
[ReportManager] Assertion [ValidateComparativeRelation] FAILED. Expected [-9] and Actual [11]. Comparison Type [LESS_THAN_OR_EQUALS]. Validation Type [POSITIVE]. @30-10-2021 20:27:07.0019 P

################################################################################################################################################
Starting Execution:	[97 out of 143] test cases in the current suite
Test Method:		[testPackage01.Test_NewValidationHelper.f31]
################################################################################################################################################
[ReportManager] Assertion [ValidateTrue] PASSED. Expected [TRUE] and Actual [TRUE]. Validation Type [POSITIVE]. @30-10-2021 20:27:07.0023 P

################################################################################################################################################
Starting Execution:	[98 out of 143] test cases in the current suite
Test Method:		[testPackage01.Test_NewValidationHelper.f32]
################################################################################################################################################
[ReportManager] Assertion [ValidateTrue] PASSED. Expected [FALSE] and Actual [FALSE]. Validation Type [NEGATIVE]. @30-10-2021 20:27:07.0026 P

################################################################################################################################################
Starting Execution:	[99 out of 143] test cases in the current suite
Test Method:		[testPackage01.Test_NewValidationHelper.f33]
################################################################################################################################################
[ReportManager] Assertion [ValidateTrue] FAILED. Expected [FALSE] and Actual [TRUE]. Validation Type [NEGATIVE]. @30-10-2021 20:27:07.0029 P

################################################################################################################################################
Starting Execution:	[100 out of 143] test cases in the current suite
Test Method:		[testPackage01.Test_NewValidationHelper.f34]
################################################################################################################################################
[ReportManager] Assertion [ValidateTrue] FAILED. Expected [TRUE] and Actual [FALSE]. Validation Type [POSITIVE]. @30-10-2021 20:27:07.0032 P

################################################################################################################################################
Starting Execution:	[101 out of 143] test cases in the current suite
Test Method:		[testPackage01.Test_NewValidationHelper.f35]
################################################################################################################################################
[ReportManager] File Action [DoesFileExist] successfully performed. With the following test data [File Path: "pom.xml"]. @30-10-2021 20:27:07.0035 PM
[ReportManager] Assertion [ValidateFileExists] PASSED. Expected [File 'pom.xml' should exist, after up to '1' retries] and Actual [File exists]. Validation Type [POSITIVE]. @30-10-2021 20:27:07.0035 P

################################################################################################################################################
Starting Execution:	[102 out of 143] test cases in the current suite
Test Method:		[testPackage01.Test_NewValidationHelper.f36]
################################################################################################################################################
[ReportManager] File Action [DoesFileExist] successfully performed. With the following test data [File Path: "src/test/java/testPackage01/Test_NewValidationHelper.java"]. @30-10-2021 20:27:07.0038 PM
[ReportManager] Assertion [ValidateFileExists] PASSED. Expected [File 'src/test/java/testPackage01/Test_NewValidationHelper.java' should exist, after up to '1' retries] and Actual [File exists]. Validation Type [POSITIVE]. @30-10-2021 20:27:07.0038 P

################################################################################################################################################
Starting Execution:	[103 out of 143] test cases in the current suite
Test Method:		[testPackage01.Test_NewValidationHelper.f37]
################################################################################################################################################
[ReportManager] File Action [DoesFileExist] successfully performed. With the following test data [File Path: "pom.xml"]. @30-10-2021 20:27:07.0041 PM
[ReportManager] Assertion Failed: confirming that the file does't exist after 5 retries @30-10-2021 20:27:07.0041 PM
[ReportManager] Assertion [ValidateFileExists] FAILED. Expected [File 'pom.xml' should not exist, after up to '5' retries] and Actual [File exists]. Validation Type [NEGATIVE]. @30-10-2021 20:27:07.0041 P

################################################################################################################################################
Starting Execution:	[104 out of 143] test cases in the current suite
Test Method:		[testPackage01.Test_NewValidationHelper.f3_1]
################################################################################################################################################
[ReportManager] Assertion Passed: Checking valid user data @30-10-2021 20:27:07.0043 PM
[ReportManager] Assertion [ValidateEquals] PASSED. Expected [null] and Actual [null]. Comparison Type [EQUALS]. Validation Type [POSITIVE]. @30-10-2021 20:27:07.0043 P

################################################################################################################################################
Starting Execution:	[105 out of 143] test cases in the current suite
Test Method:		[testPackage01.Test_NewValidationHelper.f4]
################################################################################################################################################
[ReportManager] Assertion [ValidateEquals] PASSED. Expected [1] and Actual [123]. Comparison Type [CONTAINS]. Validation Type [POSITIVE]. @30-10-2021 20:27:07.0045 P

################################################################################################################################################
Starting Execution:	[106 out of 143] test cases in the current suite
Test Method:		[testPackage01.Test_NewValidationHelper.f5]
################################################################################################################################################
[ReportManager] Assertion [ValidateNull] PASSED. Expected [NULL] and Actual [1]. Comparison Type [EQUALS]. Validation Type [NEGATIVE]. @30-10-2021 20:27:07.0059 P

################################################################################################################################################
Starting Execution:	[107 out of 143] test cases in the current suite
Test Method:		[testPackage01.Test_NewValidationHelper.f6]
################################################################################################################################################
[ReportManager] Assertion Failed: Making sure that null string is not equal to null object @30-10-2021 20:27:07.0063 PM
[ReportManager] Assertion [ValidateNull] FAILED. Expected [NULL] and Actual [NULL]. Comparison Type [EQUALS]. Validation Type [POSITIVE]. @30-10-2021 20:27:07.0064 P

################################################################################################################################################
Starting Execution:	[108 out of 143] test cases in the current suite
Test Method:		[testPackage01.Test_NewValidationHelper.f6_1]
################################################################################################################################################
[ReportManager] Assertion [ValidateNull] FAILED. Expected [NULL] and Actual [NULL]. Comparison Type [EQUALS]. Validation Type [NEGATIVE]. @30-10-2021 20:27:07.0067 P

################################################################################################################################################
Starting Execution:	[109 out of 143] test cases in the current suite
Test Method:		[testPackage01.Test_NewValidationHelper.f6_2]
################################################################################################################################################
[ReportManager] Assertion Failed: Making sure that null string is not equal to null object @30-10-2021 20:27:07.0072 PM
[ReportManager] Assertion [ValidateNull] FAILED. Expected [NULL] and Actual [not null]. Comparison Type [EQUALS]. Validation Type [POSITIVE]. @30-10-2021 20:27:07.0072 P

################################################################################################################################################
Starting Execution:	[110 out of 143] test cases in the current suite
Test Method:		[testPackage01.Test_NewValidationHelper.f7]
################################################################################################################################################
[ReportManager] Assertion [ValidateNull] PASSED. Expected [NULL] and Actual [NULL]. Comparison Type [EQUALS]. Validation Type [POSITIVE]. @30-10-2021 20:27:07.0074 P
[ReportManager] File Action [GetAbsolutePath] successfully performed. With the following test data [Relative Folder Path: "target/downloadedFiles/"]. @30-10-2021 20:27:07.0078 PM
[ReportManager] Attempting to run remotely on: [Linux-64], [GoogleChrome], [http://localhost:4444/wd/hub], Headless Execution. @30-10-2021 20:27:07.0078 PM
[ReportManager] Successfully Opened [GoogleChrome]. @30-10-2021 20:27:10.0926 PM
[ReportManager] Target URL: [https://the-internet.herokuapp.com/] @30-10-2021 20:27:10.0926 PM
[ReportManager] Initial URL: [data:,] @30-10-2021 20:27:10.0963 PM
[ReportManager] Browser Action [NavigateToURL] successfully performed. With the following test data [https://the-internet.herokuapp.com/]. @30-10-2021 20:27:11.0323 P

################################################################################################################################################
Starting Execution:	[111 out of 143] test cases in the current suite
Test Method:		[testPackage01.Test_NewValidationHelper.f8]
################################################################################################################################################
[ReportManager] Loaded Shared OpenCV @30-10-2021 20:27:11.0621 PM
[ReportManager] Assertion [ValidateElementExists] PASSED. Expected [Element Should Exist, locator 'By.tagName: h1'] and Actual [Element Exists]. Comparison Type [EQUALS]. Validation Type [POSITIVE]. @30-10-2021 20:27:11.0823 PM
[ReportManager] Successfully created attachment [Screenshot - 1635625631621_f8_ValidateElementExists_passed] @30-10-2021 20:27:11.0825 P
[ReportManager] Successfully Closed All Drivers. @30-10-2021 20:27:11.0913 P
[ReportManager] File Action [GetAbsolutePath] successfully performed. With the following test data [Relative Folder Path: "target/downloadedFiles/"]. @30-10-2021 20:27:11.0915 PM
[ReportManager] Attempting to run remotely on: [Linux-64], [GoogleChrome], [http://localhost:4444/wd/hub], Headless Execution. @30-10-2021 20:27:11.0915 PM
[ReportManager] Successfully Opened [GoogleChrome]. @30-10-2021 20:27:15.0937 PM
[ReportManager] Target URL: [https://the-internet.herokuapp.com/] @30-10-2021 20:27:15.0937 PM
[ReportManager] Initial URL: [data:,] @30-10-2021 20:27:16.0004 PM
[ReportManager] Browser Action [NavigateToURL] successfully performed. With the following test data [https://the-internet.herokuapp.com/]. @30-10-2021 20:27:16.0381 P

################################################################################################################################################
Starting Execution:	[112 out of 143] test cases in the current suite
Test Method:		[testPackage01.Test_NewValidationHelper.f9]
################################################################################################################################################
[ReportManager] Assertion [ValidateElementExists] FAILED. Expected [Element Should Exist, locator 'By.tagName: h3'] and Actual [Element Doesn't Exists]. Comparison Type [EQUALS]. Validation Type [POSITIVE]. @30-10-2021 20:27:47.0167 PM
[ReportManager] Successfully created attachment [Screenshot - 1635625667003_f9_ValidateElementExists_failed] @30-10-2021 20:27:47.0168 P
[ReportManager] Successfully Closed All Drivers. @30-10-2021 20:27:47.0251 P

################################################################################################################################################
Starting Execution:	[113 out of 143] test cases in the current suite
Test Method:		[testPackage01.Test_NewValidationHelper.forceFail]
################################################################################################################################################
[ReportManager] Assertion [ValidateFail] FAILED. Successfully force failed the test. @30-10-2021 20:27:47.0255 P

################################################################################################################################################
Starting Execution:	[114 out of 143] test cases in the current suite
Test Method:		[testPackage01.Test_NewValidationHelper.forceFail2]
################################################################################################################################################
[ReportManager] Assertion Failed: Custom Message @30-10-2021 20:27:47.0258 PM
[ReportManager] Assertion [ValidateFail] FAILED. Successfully force failed the test. @30-10-2021 20:27:47.0258 P

################################################################################################################################################
Starting Execution:	[115 out of 143] test cases in the current suite
Test Method:		[testPackage01.Test_sendGraphqlRequest.sendGraphqlRequestUsingMutationAndVariables]
################################################################################################################################################
[ReportManager] GraphQl Request is being Performed with the Following Parameters [Service URL: https://api.spacex.land/graphql | Request Body: {"variables":"{\"name\": \"sherlock holmes\",\"rocket\": \"221B Baker Street\"}","query":"mutation ($name: String, $rocket: String) {\n  insert_users(objects: {name: $name, rocket: $rocket}) {\n    returning {\n      name\n      rocket\n    }\n  }\n}"}] @30-10-2021 20:27:47.0265 PM
[ReportManager] Response status code: [200], status line: [HTTP/1.1 200 OK] @30-10-2021 20:27:47.0462 PM
[ReportManager] Assertion Passed: Evaluating the actual response status code against the expected one... @30-10-2021 20:27:47.0462 PM
[ReportManager] Assertion [ValidateEquals] PASSED. Expected [200] and Actual [200]. Comparison Type [EQUALS]. Validation Type [POSITIVE]. @30-10-2021 20:27:47.0462 PM
[ReportManager] API Action [PerformRequest] successfully performed. With the following test data [Request Type: "POST" | Target Status Code: "200" | Service URL: "https://api.spacex.land/graphql" | Content Type: "application/json" | Response Time: "121ms"]. @30-10-2021 20:27:47.0473 PM
[ReportManager] Successfully created attachment [API Request - Specifications] @30-10-2021 20:27:47.0473 PM
[ReportManager] Successfully created attachment [API Request - JSON Body] @30-10-2021 20:27:47.0474 PM
[ReportManager] Successfully created attachment [API Response - JSON Body] @30-10-2021 20:27:47.0474 PM
[ReportManager] API Action [GetResponseJSONValue] successfully performed. With the following test data [data.insert_users.returning[0].name]. @30-10-2021 20:27:47.0532 PM
[ReportManager] Assertion [ValidateEquals] PASSED. Expected [sherlock holmes] and Actual [sherlock holmes]. Comparison Type [EQUALS]. Validation Type [POSITIVE]. @30-10-2021 20:27:47.0532 P

################################################################################################################################################
Starting Execution:	[116 out of 143] test cases in the current suite
Test Method:		[testPackage01.Test_sendGraphqlRequest.sendGraphqlRequestUsingQuery]
################################################################################################################################################
[ReportManager] GraphQl Request is being Performed with the Following Parameters [Service URL: https://api.spacex.land/graphql | Request Body: {"query":"{company {ceo}}"}] @30-10-2021 20:27:47.0535 PM
[ReportManager] Response status code: [200], status line: [HTTP/1.1 200 OK] @30-10-2021 20:27:47.0599 PM
[ReportManager] Assertion Passed: Evaluating the actual response status code against the expected one... @30-10-2021 20:27:47.0599 PM
[ReportManager] Assertion [ValidateEquals] PASSED. Expected [200] and Actual [200]. Comparison Type [EQUALS]. Validation Type [POSITIVE]. @30-10-2021 20:27:47.0599 PM
[ReportManager] API Action [PerformRequest] successfully performed. With the following test data [Request Type: "POST" | Target Status Code: "200" | Service URL: "https://api.spacex.land/graphql" | Content Type: "application/json" | Response Time: "59ms"]. @30-10-2021 20:27:47.0610 PM
[ReportManager] Successfully created attachment [API Request - Specifications] @30-10-2021 20:27:47.0610 PM
[ReportManager] Successfully created attachment [API Request - JSON Body] @30-10-2021 20:27:47.0611 PM
[ReportManager] Successfully created attachment [API Response - JSON Body] @30-10-2021 20:27:47.0611 PM
[ReportManager] API Action [GetResponseJSONValue] successfully performed. With the following test data [data.company.ceo]. @30-10-2021 20:27:47.0620 PM
[ReportManager] Assertion [ValidateEquals] PASSED. Expected [Elon Musk] and Actual [Elon Musk]. Comparison Type [EQUALS]. Validation Type [POSITIVE]. @30-10-2021 20:27:47.0620 P
[ReportManager] Successfully loaded the following test data file [src/test/resources/TestDataFiles/testSuite01/TestData.xlsx]. @30-10-2021 20:27:47.0644 PM
[ReportManager] Successfully created attachment [Test Data - Excel] @30-10-2021 20:27:47.0644 PM
[ReportManager] File Action [GetAbsolutePath] successfully performed. With the following test data [Relative Folder Path: "target/downloadedFiles/"]. @30-10-2021 20:27:47.0645 PM
[ReportManager] Attempting to run remotely on: [Linux-64], [GoogleChrome], [http://localhost:4444/wd/hub], Headless Execution. @30-10-2021 20:27:47.0645 PM
[ReportManager] Successfully Opened [GoogleChrome]. @30-10-2021 20:27:50.0916 P

################################################################################################################################################
Starting Execution:	[117 out of 143] test cases in the current suite
Test Method:		[testPackage01.Test_google.navigateToURLandVerifyGoogleLogoIsDisplayed]
Test Description:	[TC001 - Navigate to URL and Verify Google Logo is Displayed]
################################################################################################################################################
[ReportManager] Target URL: [https://www.google.com/ncr], and after redirection: [https://www.google.com] @30-10-2021 20:27:50.0923 PM
[ReportManager] Initial URL: [data:,] @30-10-2021 20:27:50.0987 PM
[ReportManager] Browser Action [NavigateToURL] successfully performed. With the following test data [https://www.google.com/ncr]. @30-10-2021 20:27:51.0646 PM
[ReportManager] Loaded Shared OpenCV @30-10-2021 20:27:51.0925 PM
[ReportManager] Assertion [ValidateElementExists] PASSED. Expected [Element Should Exist, locator 'By.xpath: //*[@id='hplogo' or @alt='Google']'] and Actual [Element Exists]. Comparison Type [EQUALS]. Validation Type [POSITIVE]. @30-10-2021 20:27:52.0128 PM
[ReportManager] Successfully created attachment [Screenshot - 1635625671925_navigateToURLandVerifyGoogleLogoIsDisplayed_ValidateElementExists_passed] @30-10-2021 20:27:52.0129 P

################################################################################################################################################
Starting Execution:	[118 out of 143] test cases in the current suite
Test Method:		[testPackage01.Test_google.searchForQueryandAssertResultsNumDisplayed]
Test Description:	[TC002 - Search for Query and Assert that the number of results is displayed]
################################################################################################################################################
[ReportManager] Element Action [Type] successfully performed. With the following test data [SHAFT_Engine]. @30-10-2021 20:27:52.0619 PM
[ReportManager] Element Action [KeyPress] successfully performed. With the following test data [Enter]. @30-10-2021 20:27:53.0890 PM
[ReportManager] Element Action [GetText] successfully performed. With the following test data [About 961,000 results (0.64 seconds) ]. @30-10-2021 20:27:54.0000 PM
[ReportManager] Loaded Shared OpenCV @30-10-2021 20:27:54.0224 PM
[ReportManager] Assertion [ValidateElementAttribute] PASSED. Expected [Value Should not be '' for the 'Text' attribute, element locator 'By.id: appbar'] and Actual [About 961,000 results (0.64 seconds) ]. Comparison Type [EQUALS]. Validation Type [NEGATIVE]. @30-10-2021 20:27:54.0445 PM
[ReportManager] Successfully created attachment [Screenshot - 1635625674224_searchForQueryandAssertResultsNumDisplayed_ValidateElementAttribute_passed] @30-10-2021 20:27:54.0447 P

################################################################################################################################################
Starting Execution:	[119 out of 143] test cases in the current suite
Test Method:		[testPackage01.Test_google.clickNextThrice]
Test Description:	[TC003 - Clicks the next button to make sure that the framework can scroll element into view before clicking it]
################################################################################################################################################
[ReportManager] Element Action [Click] successfully performed. With the following test data [Next]. @30-10-2021 20:27:55.0859 P
[ReportManager] Browser Action [CloseCurrentWindow] successfully performed. @30-10-2021 20:27:56.0020 PM
[ReportManager] Successfully created attachment [Browser Action Test Data - CloseCurrentWindow - Actual Value] @30-10-2021 20:27:56.0021 P
[ReportManager] File Action [GetAbsolutePath] successfully performed. With the following test data [Relative Folder Path: "target/downloadedFiles/"]. @30-10-2021 20:27:56.0023 PM
[ReportManager] Attempting to run remotely on: [Linux-64], [GoogleChrome], [http://localhost:4444/wd/hub], Headless Execution. @30-10-2021 20:27:56.0023 PM
[ReportManager] Successfully Opened [GoogleChrome]. @30-10-2021 20:28:00.0918 P

################################################################################################################################################
Starting Execution:	[120 out of 143] test cases in the current suite
Test Method:		[testPackage01.Test_ShadowDOM.shadowdom]
################################################################################################################################################
[ReportManager] Target URL: [https://mdn.github.io/web-components-examples/popup-info-box-web-component/] @30-10-2021 20:28:00.0923 PM
[ReportManager] Initial URL: [data:,] @30-10-2021 20:28:00.0961 PM
[ReportManager] Browser Action [NavigateToURL] successfully performed. With the following test data [https://mdn.github.io/web-components-examples/popup-info-box-web-component/]. @30-10-2021 20:28:01.0152 PM
[ReportManager] Element Action [Type] successfully performed. With the following test data [Typing into SHADOW DOM...]. @30-10-2021 20:28:01.0479 PM
[ReportManager] Element Action [GetText] successfully performed. With the following test data [Typing into SHADOW DOM...]. @30-10-2021 20:28:01.0593 PM
[ReportManager] Loaded Shared OpenCV @30-10-2021 20:28:01.0803 PM
[ReportManager] Assertion [ValidateElementAttribute] PASSED. Expected [Value Should be 'Typing into SHADOW DOM...' for the 'Text' attribute, element locator 'By.id: cvc'] and Actual [Typing into SHADOW DOM...]. Comparison Type [EQUALS]. Validation Type [POSITIVE]. @30-10-2021 20:28:02.0002 PM
[ReportManager] Successfully created attachment [Screenshot - 1635625681803_shadowdom_ValidateElementAttribute_passed] @30-10-2021 20:28:02.0003 P
[ReportManager] Browser Action [CloseCurrentWindow] successfully performed. @30-10-2021 20:28:02.0117 PM
[ReportManager] Successfully created attachment [Browser Action Test Data - CloseCurrentWindow - Actual Value] @30-10-2021 20:28:02.0117 P

################################################################################################################################################
Starting Execution:	[121 out of 143] test cases in the current suite
Test Method:		[testPackage01.Test_AssertApiResponseEquals.assertApiResponseEquals_expectedToPass]
################################################################################################################################################
[ReportManager] Response status code: [200], status line: [HTTP/1.1 200 OK] @30-10-2021 20:28:02.0190 PM
[ReportManager] Assertion Passed: Evaluating the actual response status code against the expected one... @30-10-2021 20:28:02.0190 PM
[ReportManager] Assertion [ValidateEquals] PASSED. Expected [200] and Actual [200]. Comparison Type [EQUALS]. Validation Type [POSITIVE]. @30-10-2021 20:28:02.0190 PM
[ReportManager] API Action [PerformRequest] successfully performed. With the following test data [Request Type: "GET" | Target Status Code: "200" | Service URL: "https://jsonplaceholder.typicode.com/users" | Content Type: "*/*" | Response Time: "58ms"]. @30-10-2021 20:28:02.0229 PM
[ReportManager] Successfully created attachment [API Request - Specifications] @30-10-2021 20:28:02.0231 PM
[ReportManager] Successfully created attachment [API Response - JSON Body] @30-10-2021 20:28:02.0231 PM
[ReportManager] API Action [GetResponseJSONValueAsList] successfully performed. With the following test data [$]. @30-10-2021 20:28:02.0235 PM
[ReportManager] API Action [GetResponseJSONValue] successfully performed. With the following test data [name]. @30-10-2021 20:28:02.0251 PM
[ReportManager] API Action [GetResponseJSONValue] successfully performed. With the following test data [email]. @30-10-2021 20:28:02.0259 PM
[ReportManager] Verification [ValidateEquals] PASSED. Expected [Sincere@april.biz] and Actual [Sincere@april.biz]. Comparison Type [EQUALS]. Validation Type [POSITIVE]. @30-10-2021 20:28:02.0259 PM
[ReportManager] API Action [GetResponseJSONValue] successfully performed. With the following test data [username]. @30-10-2021 20:28:02.0270 PM
[ReportManager] Assertion [ValidateEquals] PASSED. Expected [Bret] and Actual [Bret]. Comparison Type [EQUALS]. Validation Type [POSITIVE]. @30-10-2021 20:28:02.0271 PM
[ReportManager] API Action [GetResponseJSONValue] successfully performed. With the following test data [name]. @30-10-2021 20:28:02.0284 PM
[ReportManager] API Action [GetResponseJSONValue] successfully performed. With the following test data [name]. @30-10-2021 20:28:02.0293 PM
[ReportManager] API Action [GetResponseJSONValue] successfully performed. With the following test data [name]. @30-10-2021 20:28:02.0302 PM
[ReportManager] API Action [GetResponseJSONValue] successfully performed. With the following test data [name]. @30-10-2021 20:28:02.0315 PM
[ReportManager] API Action [GetResponseJSONValue] successfully performed. With the following test data [name]. @30-10-2021 20:28:02.0326 PM
[ReportManager] API Action [GetResponseJSONValue] successfully performed. With the following test data [name]. @30-10-2021 20:28:02.0352 PM
[ReportManager] API Action [GetResponseJSONValue] successfully performed. With the following test data [name]. @30-10-2021 20:28:02.0359 PM
[ReportManager] API Action [GetResponseJSONValue] successfully performed. With the following test data [name]. @30-10-2021 20:28:02.0366 PM
[ReportManager] API Action [GetResponseJSONValue] successfully performed. With the following test data [name]. @30-10-2021 20:28:02.0373 P
[ReportManager] File Action [GetAbsolutePath] successfully performed. With the following test data [Relative Folder Path: "target/downloadedFiles/"]. @30-10-2021 20:28:02.0385 PM
[ReportManager] Attempting to run remotely on: [Linux-64], [GoogleChrome], [http://localhost:4444/wd/hub], Headless Execution. @30-10-2021 20:28:02.0385 PM
[ReportManager] Successfully Opened [GoogleChrome]. @30-10-2021 20:28:05.0923 P

################################################################################################################################################
Starting Execution:	[122 out of 143] test cases in the current suite
Test Method:		[testPackage01.Test_IsElementClickable.testIsElementClickable]
################################################################################################################################################
[ReportManager] Target URL: [https://the-internet.herokuapp.com/] @30-10-2021 20:28:05.0925 PM
[ReportManager] Initial URL: [data:,] @30-10-2021 20:28:05.0983 PM
[ReportManager] Browser Action [NavigateToURL] successfully performed. With the following test data [https://the-internet.herokuapp.com/]. @30-10-2021 20:28:06.0379 PM
[ReportManager] Element Action [IsElementClickable] successfully performed. @30-10-2021 20:28:06.0507 PM
[ReportManager] Assertion [ValidateTrue] PASSED. Expected [TRUE] and Actual [TRUE]. Validation Type [POSITIVE]. @30-10-2021 20:28:06.0507 P
[ReportManager] Browser Action [CloseCurrentWindow] successfully performed. @30-10-2021 20:28:06.0653 PM
[ReportManager] Successfully created attachment [Browser Action Test Data - CloseCurrentWindow - Actual Value] @30-10-2021 20:28:06.0653 P

################################################################################################################################################
Starting Execution:	[123 out of 143] test cases in the current suite
Test Method:		[testPackage01.Test_JsonCompareWithSpecialCharacters.specialCharacters]
################################################################################################################################################
[ReportManager] File Action [GetAbsolutePath] successfully performed. With the following test data [Relative Folder Path: "src/test/resources/TestJsonFiles/specialCharacters.json"]. @30-10-2021 20:28:06.0659 PM
[ReportManager] File Action [ReadFromFile] successfully performed. With the following test data [File Path: "/home/runner/work/SHAFT_ENGINE/SHAFT_ENGINE/src/test/resources/TestJsonFiles/specialCharacters.json"]. @30-10-2021 20:28:06.0665 PM
[ReportManager] Successfully created attachment [File Action Actual Result - Command Log] @30-10-2021 20:28:06.0666 PM
[ReportManager] Comparing the provided API response with the file at this path "src/test/resources/TestJsonFiles/specialCharacters.json", comparison type "EQUALS" @30-10-2021 20:28:06.0666 PM
[ReportManager] API Action [CompareJSON] successfully performed. With the following test data [src/test/resources/TestJsonFiles/specialCharacters.json]. @30-10-2021 20:28:06.0673 PM
[ReportManager] File Action [GetAbsolutePath] successfully performed. With the following test data [Relative Folder Path: "src/test/resources/TestJsonFiles/specialCharacters.json"]. @30-10-2021 20:28:06.0673 PM
[ReportManager] File Action [ReadFromFile] successfully performed. With the following test data [File Path: "/home/runner/work/SHAFT_ENGINE/SHAFT_ENGINE/src/test/resources/TestJsonFiles/specialCharacters.json"]. @30-10-2021 20:28:06.0673 PM
[ReportManager] Verification [ValidateJSONFileContent] PASSED. Expected [Response data should match the JSON File in this path 'src/test/resources/TestJsonFiles/specialCharacters.json'] and Actual [TRUE]. Comparison Type [EQUALS]. Validation Type [POSITIVE]. @30-10-2021 20:28:06.0678 PM
[ReportManager] Successfully created attachment [Validation Test Data - Expected JSON Value] @30-10-2021 20:28:06.0678 PM
[ReportManager] Successfully created attachment [Validation Test Data - Actual JSON Value] @30-10-2021 20:28:06.0679 P

################################################################################################################################################
Starting Execution:	[124 out of 143] test cases in the current suite
Test Method:		[testPackage01.Test_JsonCompareWithSpecialCharacters.specialCharacters_assertion]
################################################################################################################################################
[ReportManager] File Action [GetAbsolutePath] successfully performed. With the following test data [Relative Folder Path: "src/test/resources/TestJsonFiles/specialCharacters.json"]. @30-10-2021 20:28:06.0686 PM
[ReportManager] File Action [ReadFromFile] successfully performed. With the following test data [File Path: "/home/runner/work/SHAFT_ENGINE/SHAFT_ENGINE/src/test/resources/TestJsonFiles/specialCharacters.json"]. @30-10-2021 20:28:06.0687 PM
[ReportManager] Successfully created attachment [File Action Actual Result - Command Log] @30-10-2021 20:28:06.0687 PM
[ReportManager] Comparing the provided API response with the file at this path "src/test/resources/TestJsonFiles/specialCharacters.json", comparison type "CONTAINS" @30-10-2021 20:28:06.0687 PM
[ReportManager] API Action [CompareJSON] successfully performed. With the following test data [src/test/resources/TestJsonFiles/specialCharacters.json]. @30-10-2021 20:28:06.0706 PM
[ReportManager] File Action [GetAbsolutePath] successfully performed. With the following test data [Relative Folder Path: "src/test/resources/TestJsonFiles/specialCharacters.json"]. @30-10-2021 20:28:06.0706 PM
[ReportManager] File Action [ReadFromFile] successfully performed. With the following test data [File Path: "/home/runner/work/SHAFT_ENGINE/SHAFT_ENGINE/src/test/resources/TestJsonFiles/specialCharacters.json"]. @30-10-2021 20:28:06.0707 PM
[ReportManager] Assertion Passed: trying out the log message @30-10-2021 20:28:06.0711 PM
[ReportManager] Successfully created attachment [Validation Test Data - Expected JSON Value] @30-10-2021 20:28:06.0712 PM
[ReportManager] Successfully created attachment [Validation Test Data - Actual JSON Value] @30-10-2021 20:28:06.0712 PM
[ReportManager] Assertion [ValidateJSONFileContent] PASSED. Expected [Response data should match the JSON File in this path 'src/test/resources/TestJsonFiles/specialCharacters.json'] and Actual [TRUE]. Comparison Type [CONTAINS]. Validation Type [POSITIVE]. @30-10-2021 20:28:06.0712 P
[ReportManager] File Action [GetAbsolutePath] successfully performed. With the following test data [Relative Folder Path: "target/downloadedFiles/"]. @30-10-2021 20:28:06.0719 PM
[ReportManager] Attempting to run remotely on: [Linux-64], [GoogleChrome], [http://localhost:4444/wd/hub], Headless Execution. @30-10-2021 20:28:06.0719 PM
[ReportManager] Successfully Opened [GoogleChrome]. @30-10-2021 20:28:10.0921 P

################################################################################################################################################
Starting Execution:	[125 out of 143] test cases in the current suite
Test Method:		[testPackage01.Test_assertEquals.test_assertElementAttribute]
################################################################################################################################################
[ReportManager] Target URL: [https://www.google.com/ncr], and after redirection: [https://www.google.com] @30-10-2021 20:28:10.0926 PM
[ReportManager] Initial URL: [data:,] @30-10-2021 20:28:10.0965 PM
[ReportManager] Browser Action [NavigateToURL] successfully performed. With the following test data [https://www.google.com/ncr]. @30-10-2021 20:28:11.0736 PM
[ReportManager] Element Action [Type] successfully performed. With the following test data [INC_004010050:Another SCHEDULER with the same name [Duplicate Job Name] already exists.]. @30-10-2021 20:28:12.0404 PM
[ReportManager] Element Action [GetText] successfully performed. With the following test data [INC_004010050:Another SCHEDULER with the same name [Duplicate Job Name] already exists.]. @30-10-2021 20:28:12.0522 PM
[ReportManager] Loaded Shared OpenCV @30-10-2021 20:28:12.0744 PM
[ReportManager] Assertion [ValidateElementAttribute] PASSED. Expected [Value Should be 'INC_004010050:Another SCHEDULER with the same name \[Duplicate Job Name\] already exists.' for the 'text' attribute, element locator 'By.name: q'] and Actual [INC_004010050:Another SCHEDULER with the same name [Duplicate Job Name] already exists.]. Comparison Type [MATCHES]. Validation Type [POSITIVE]. @30-10-2021 20:28:12.0934 PM
[ReportManager] Successfully created attachment [Screenshot - 1635625692744_test_assertElementAttribute_ValidateElementAttribute_passed] @30-10-2021 20:28:12.0935 P
[ReportManager] Browser Action [CloseCurrentWindow] successfully performed. @30-10-2021 20:28:13.0059 PM
[ReportManager] Successfully created attachment [Browser Action Test Data - CloseCurrentWindow - Actual Value] @30-10-2021 20:28:13.0059 P
[ReportManager] File Action [GetAbsolutePath] successfully performed. With the following test data [Relative Folder Path: "target/downloadedFiles/"]. @30-10-2021 20:28:13.0061 PM
[ReportManager] Attempting to run remotely on: [Linux-64], [GoogleChrome], [http://localhost:4444/wd/hub], Headless Execution. @30-10-2021 20:28:13.0061 PM
[ReportManager] Successfully Opened [GoogleChrome]. @30-10-2021 20:28:15.0935 P

################################################################################################################################################
Starting Execution:	[126 out of 143] test cases in the current suite
Test Method:		[testPackage01.Test_verifyEquals.test_assertElementAttribute]
################################################################################################################################################
[ReportManager] Target URL: [https://www.google.com/ncr], and after redirection: [https://www.google.com] @30-10-2021 20:28:15.0941 PM
[ReportManager] Initial URL: [data:,] @30-10-2021 20:28:15.0984 PM
[ReportManager] Browser Action [NavigateToURL] successfully performed. With the following test data [https://www.google.com/ncr]. @30-10-2021 20:28:16.0628 PM
[ReportManager] Element Action [Type] successfully performed. With the following test data [INC_004010050:Another SCHEDULER with the same name [Duplicate Job Name] already exists.]. @30-10-2021 20:28:17.0285 PM
[ReportManager] Element Action [GetText] successfully performed. With the following test data [INC_004010050:Another SCHEDULER with the same name [Duplicate Job Name] already exists.]. @30-10-2021 20:28:17.0422 PM
[ReportManager] Loaded Shared OpenCV @30-10-2021 20:28:17.0650 PM
[ReportManager] Verification [ValidateElementAttribute] PASSED. Expected [Value Should be 'INC_004010050:Another SCHEDULER with the same name \[Duplicate Job Name\] already exists.' for the 'text' attribute, element locator 'By.name: q'] and Actual [INC_004010050:Another SCHEDULER with the same name [Duplicate Job Name] already exists.]. Comparison Type [MATCHES]. Validation Type [POSITIVE]. @30-10-2021 20:28:17.0838 PM
[ReportManager] Successfully created attachment [Screenshot - 1635625697648_test_assertElementAttribute_ValidateElementAttribute_passed] @30-10-2021 20:28:17.0840 P
[ReportManager] Browser Action [CloseCurrentWindow] successfully performed. @30-10-2021 20:28:17.0983 PM
[ReportManager] Successfully created attachment [Browser Action Test Data - CloseCurrentWindow - Actual Value] @30-10-2021 20:28:17.0984 P

################################################################################################################################################
Starting Execution:	[127 out of 143] test cases in the current suite
Test Method:		[testPackage01.Test_JsonActions.f]
###############################################################################################################################################

################################################################################################################################################
Starting Execution:	[128 out of 143] test cases in the current suite
Test Method:		[testPackage01.Test_JsonActions.f2]
###############################################################################################################################################

################################################################################################################################################
Starting Execution:	[129 out of 143] test cases in the current suite
Test Method:		[testPackage01.Test_PDF.testPDF_Downloaded]
################################################################################################################################################
[ReportManager] File Action [DoesFileExist] successfully performed. With the following test data [File Path: "src/test/resources/TestDataFiles/sample.pdf"]. @30-10-2021 20:28:18.0040 PM
[ReportManager] File Action [GetAbsolutePath] successfully performed. With the following test data [Relative File Path: "src/test/resources/TestDataFiles/sample.pdf"]. @30-10-2021 20:28:18.0040 PM
[ReportManager] Assertion [ValidateTrue] PASSED. Expected [TRUE] and Actual [TRUE]. Validation Type [POSITIVE]. @30-10-2021 20:28:18.0543 P
[ReportManager] File Action [GetAbsolutePath] successfully performed. With the following test data [Relative Folder Path: "target/downloadedFiles/"]. @30-10-2021 20:28:18.0545 PM
[ReportManager] Attempting to run remotely on: [Linux-64], [GoogleChrome], [http://localhost:4444/wd/hub], Headless Execution. @30-10-2021 20:28:18.0545 PM
[ReportManager] Successfully Opened [GoogleChrome]. @30-10-2021 20:28:20.0926 P

################################################################################################################################################
Starting Execution:	[130 out of 143] test cases in the current suite
Test Method:		[testPackage01.Test_dragAndDrop.dragAndDropJquery]
################################################################################################################################################
[ReportManager] Target URL: [https://jqueryui.com/resources/demos/droppable/default.html] @30-10-2021 20:28:20.0928 PM
[ReportManager] Initial URL: [data:,] @30-10-2021 20:28:20.0988 PM
[ReportManager] Browser Action [NavigateToURL] successfully performed. With the following test data [https://jqueryui.com/resources/demos/droppable/default.html]. @30-10-2021 20:28:21.0295 PM
[ReportManager] Element Action [GetText] successfully performed. With the following test data [Drop here]. @30-10-2021 20:28:21.0391 PM
[ReportManager] Element Action [DragAndDrop] successfully performed. With the following test data [Start point: (8, 18), End point: (8, 18)]. @30-10-2021 20:28:22.0874 PM
[ReportManager] Element Action [GetText] successfully performed. With the following test data [Dropped!]. @30-10-2021 20:28:22.0956 PM
[ReportManager] Assertion Passed: Checking to see if the text has changed after performing drag and drop @30-10-2021 20:28:22.0956 PM
[ReportManager] Assertion [ValidateEquals] PASSED. Expected [Drop here] and Actual [Dropped!]. Comparison Type [EQUALS]. Validation Type [NEGATIVE]. @30-10-2021 20:28:22.0956 P
[ReportManager] Browser Action [CloseCurrentWindow] successfully performed. @30-10-2021 20:28:23.0104 PM
[ReportManager] Successfully created attachment [Browser Action Test Data - CloseCurrentWindow - Actual Value] @30-10-2021 20:28:23.0109 P
[ReportManager] File Action [GetAbsolutePath] successfully performed. With the following test data [Relative Folder Path: "target/downloadedFiles/"]. @30-10-2021 20:28:23.0111 PM
[ReportManager] Attempting to run remotely on: [Linux-64], [GoogleChrome], [http://localhost:4444/wd/hub], Headless Execution. @30-10-2021 20:28:23.0111 PM
[ReportManager] Successfully Opened [GoogleChrome]. @30-10-2021 20:28:25.0924 P

################################################################################################################################################
Starting Execution:	[131 out of 143] test cases in the current suite
Test Method:		[testPackage01.Test_dragAndDrop.dragAndDrop]
Test Description:	[TC001 - Test Drag and Drop function.]
################################################################################################################################################
[ReportManager] Target URL: [http://the-internet.herokuapp.com/drag_and_drop] @30-10-2021 20:28:25.0929 PM
[ReportManager] Initial URL: [data:,] @30-10-2021 20:28:25.0967 PM
[ReportManager] Browser Action [NavigateToURL] successfully performed. With the following test data [http://the-internet.herokuapp.com/drag_and_drop]. @30-10-2021 20:28:26.0336 PM
[ReportManager] Attempting Drag and Drop @30-10-2021 20:28:26.0336 PM
[ReportManager] Element Action [DragAndDrop] successfully performed. With the following test data [Start point: (492, 89), End point: (707, 89)]. @30-10-2021 20:28:27.0561 P
[ReportManager] Browser Action [CloseCurrentWindow] successfully performed. @30-10-2021 20:28:27.0676 PM
[ReportManager] Successfully created attachment [Browser Action Test Data - CloseCurrentWindow - Actual Value] @30-10-2021 20:28:27.0676 P
[ReportManager] File Action [GetAbsolutePath] successfully performed. With the following test data [Relative Folder Path: "target/downloadedFiles/"]. @30-10-2021 20:28:27.0678 PM
[ReportManager] Attempting to run remotely on: [Linux-64], [GoogleChrome], [http://localhost:4444/wd/hub], Headless Execution. @30-10-2021 20:28:27.0678 PM
[ReportManager] Successfully Opened [GoogleChrome]. @30-10-2021 20:28:30.0926 P

################################################################################################################################################
Starting Execution:	[132 out of 143] test cases in the current suite
Test Method:		[testPackage01.Test_dragAndDrop.dragAndDropByOffset]
Test Description:	[TC002 - Test Drag and Drop by offset function.]
################################################################################################################################################
[ReportManager] Target URL: [https://jqueryui.com/resources/demos/draggable/default.html] @30-10-2021 20:28:30.0932 PM
[ReportManager] Initial URL: [data:,] @30-10-2021 20:28:30.0993 PM
[ReportManager] Browser Action [NavigateToURL] successfully performed. With the following test data [https://jqueryui.com/resources/demos/draggable/default.html]. @30-10-2021 20:28:31.0298 PM
[ReportManager] Element Action [DragAndDropByOffset] successfully performed. With the following test data [Start point: (8, 8), End point: (108, 58)]. @30-10-2021 20:28:31.0803 P
[ReportManager] Browser Action [CloseCurrentWindow] successfully performed. @30-10-2021 20:28:31.0904 PM
[ReportManager] Successfully created attachment [Browser Action Test Data - CloseCurrentWindow - Actual Value] @30-10-2021 20:28:31.0905 P
[ReportManager] File Action [GetAbsolutePath] successfully performed. With the following test data [Relative Folder Path: "target/downloadedFiles/"]. @30-10-2021 20:28:31.0906 PM
[ReportManager] Attempting to run remotely on: [Linux-64], [GoogleChrome], [http://localhost:4444/wd/hub], Headless Execution. @30-10-2021 20:28:31.0906 PM
[ReportManager] Successfully Opened [GoogleChrome]. @30-10-2021 20:28:35.0923 P

################################################################################################################################################
Starting Execution:	[133 out of 143] test cases in the current suite
Test Method:		[testPackage01.Test_clipboardActions.typeTextAndCopyPaste]
################################################################################################################################################
[ReportManager] Target URL: [https://www.google.com/ncr], and after redirection: [https://www.google.com] @30-10-2021 20:28:35.0928 PM
[ReportManager] Initial URL: [data:,] @30-10-2021 20:28:35.0982 PM
[ReportManager] Browser Action [NavigateToURL] successfully performed. With the following test data [https://www.google.com/ncr]. @30-10-2021 20:28:36.0626 PM
[ReportManager] Element Action [Type] successfully performed. With the following test data [FIRST]. @30-10-2021 20:28:37.0024 PM
[ReportManager] Element Action [ClipboardActions] successfully performed. With the following test data [select all]. @30-10-2021 20:28:37.0096 PM
[ReportManager] Element Action [ClipboardActions] successfully performed. With the following test data [copy]. @30-10-2021 20:28:37.0176 PM
[ReportManager] Element Action [ClipboardActions] successfully performed. With the following test data [unselect]. @30-10-2021 20:28:37.0252 PM
[ReportManager] Element Action [ClipboardActions] successfully performed. With the following test data [paste]. @30-10-2021 20:28:37.0337 PM
[ReportManager] Element Action [ClipboardActions] successfully performed. With the following test data [select all]. @30-10-2021 20:28:37.0416 PM
[ReportManager] Element Action [Type] successfully performed. @30-10-2021 20:28:37.0770 PM
[ReportManager] Element Action [ClipboardActions] successfully performed. With the following test data [cut]. @30-10-2021 20:28:37.0770 PM
[ReportManager] Element Action [ClipboardActions] successfully performed. With the following test data [paste]. @30-10-2021 20:28:37.0826 PM
[ReportManager] Element Action [ClipboardActions] successfully performed. With the following test data [paste]. @30-10-2021 20:28:37.0912 P
[ReportManager] Browser Action [CloseCurrentWindow] successfully performed. @30-10-2021 20:28:38.0032 PM
[ReportManager] Successfully created attachment [Browser Action Test Data - CloseCurrentWindow - Actual Value] @30-10-2021 20:28:38.0033 P
[ReportManager] File Action [GetAbsolutePath] successfully performed. With the following test data [Relative Folder Path: "target/downloadedFiles/"]. @30-10-2021 20:28:38.0034 PM
[ReportManager] Attempting to run remotely on: [Linux-64], [GoogleChrome], [http://localhost:4444/wd/hub], Headless Execution. @30-10-2021 20:28:38.0034 PM
[ReportManager] Successfully Opened [GoogleChrome]. @30-10-2021 20:28:40.0929 P

################################################################################################################################################
Starting Execution:	[134 out of 143] test cases in the current suite
Test Method:		[testPackage01.Test_dynamicLoading.dynamicLoading_elementIsHidden]
################################################################################################################################################
[ReportManager] Target URL: [https://the-internet.herokuapp.com/dynamic_loading/1] @30-10-2021 20:28:40.0931 PM
[ReportManager] Initial URL: [data:,] @30-10-2021 20:28:40.0976 PM
[ReportManager] Browser Action [NavigateToURL] successfully performed. With the following test data [https://the-internet.herokuapp.com/dynamic_loading/1]. @30-10-2021 20:28:41.0348 PM
[ReportManager] Element Action [Click] successfully performed. With the following test data [Start]. @30-10-2021 20:28:41.0826 PM
[ReportManager] Element Action [GetText] successfully performed. With the following test data [
    Hello World!
  ]. @30-10-2021 20:28:41.0971 PM
[ReportManager] Loaded Shared OpenCV @30-10-2021 20:28:42.0214 PM
[ReportManager] Assertion [ValidateElementAttribute] PASSED. Expected [Value Should be 'Hello World!' for the 'text' attribute, element locator 'By.id: finish'] and Actual [
    Hello World!
  ]. Comparison Type [CONTAINS]. Validation Type [POSITIVE]. @30-10-2021 20:28:42.0478 PM
[ReportManager] Successfully created attachment [Screenshot - 1635625722214_dynamicLoading_elementIsHidden_ValidateElementAttribute_passed] @30-10-2021 20:28:42.0479 P
[ReportManager] Browser Action [CloseCurrentWindow] successfully performed. @30-10-2021 20:28:42.0607 PM
[ReportManager] Successfully created attachment [Browser Action Test Data - CloseCurrentWindow - Actual Value] @30-10-2021 20:28:42.0608 P
[ReportManager] File Action [GetAbsolutePath] successfully performed. With the following test data [Relative Folder Path: "target/downloadedFiles/"]. @30-10-2021 20:28:42.0609 PM
[ReportManager] Attempting to run remotely on: [Linux-64], [GoogleChrome], [http://localhost:4444/wd/hub], Headless Execution. @30-10-2021 20:28:42.0609 PM
[ReportManager] Successfully Opened [GoogleChrome]. @30-10-2021 20:28:45.0925 P

################################################################################################################################################
Starting Execution:	[135 out of 143] test cases in the current suite
Test Method:		[testPackage01.Test_dynamicLoading.dynamicLoading_elementIsRendered]
################################################################################################################################################
[ReportManager] Target URL: [https://the-internet.herokuapp.com/dynamic_loading/2] @30-10-2021 20:28:45.0930 PM
[ReportManager] Initial URL: [data:,] @30-10-2021 20:28:45.0982 PM
[ReportManager] Browser Action [NavigateToURL] successfully performed. With the following test data [https://the-internet.herokuapp.com/dynamic_loading/2]. @30-10-2021 20:28:46.0358 PM
[ReportManager] Element Action [Click] successfully performed. With the following test data [Start]. @30-10-2021 20:28:46.0829 PM
[ReportManager] Element Action [GetText] successfully performed. With the following test data [Hello World!]. @30-10-2021 20:28:51.0986 PM
[ReportManager] Loaded Shared OpenCV @30-10-2021 20:28:52.0208 PM
[ReportManager] Assertion [ValidateElementAttribute] PASSED. Expected [Value Should be 'Hello World!' for the 'text' attribute, element locator 'By.id: finish'] and Actual [Hello World!]. Comparison Type [CONTAINS]. Validation Type [POSITIVE]. @30-10-2021 20:28:52.0393 PM
[ReportManager] Successfully created attachment [Screenshot - 1635625732208_dynamicLoading_elementIsRendered_ValidateElementAttribute_passed] @30-10-2021 20:28:52.0394 P
[ReportManager] Browser Action [CloseCurrentWindow] successfully performed. @30-10-2021 20:28:52.0503 PM
[ReportManager] Successfully created attachment [Browser Action Test Data - CloseCurrentWindow - Actual Value] @30-10-2021 20:28:52.0504 P
[ReportManager] File Action [GetAbsolutePath] successfully performed. With the following test data [Relative Folder Path: "target/downloadedFiles/"]. @30-10-2021 20:28:52.0506 PM
[ReportManager] Attempting to run remotely on: [Linux-64], [GoogleChrome], [http://localhost:4444/wd/hub], Headless Execution. @30-10-2021 20:28:52.0506 PM
[ReportManager] Successfully Opened [GoogleChrome]. @30-10-2021 20:28:55.0929 P

################################################################################################################################################
Starting Execution:	[136 out of 143] test cases in the current suite
Test Method:		[testPackage01.Test_uploadFile.uploadFile_invisibleUploadInput]
################################################################################################################################################
[ReportManager] Target URL: [https://fineuploader.com/demos.html#gallery-view] @30-10-2021 20:28:55.0932 PM
[ReportManager] Initial URL: [data:,] @30-10-2021 20:28:56.0003 PM
[ReportManager] Browser Action [NavigateToURL] successfully performed. With the following test data [https://fineuploader.com/demos.html#gallery-view]. @30-10-2021 20:28:57.0254 PM
[ReportManager] File Action [GetAbsolutePath] successfully performed. With the following test data [Relative File Path: "src/main/resources/images/shaft.png"]. @30-10-2021 20:28:57.0254 PM
[ReportManager] Successfully created attachment [File Action Actual Result - Command Log] @30-10-2021 20:28:57.0255 PM
[ReportManager] Element Action [TypeFileLocationForUpload] successfully performed. With the following test data [/home/runner/work/SHAFT_ENGINE/SHAFT_ENGINE/src/main/resources/images/shaft.png]. @30-10-2021 20:28:57.0420 PM
[ReportManager] Attempting to getAttribute [src] from elementLocator [By.xpath: //div[@id='fine-uploader-gallery']//div[@class='qq-thumbnail-wrapper']/img]. @30-10-2021 20:28:57.0421 PM
[ReportManager] Element Action [GetAttribute] successfully performed. @30-10-2021 20:28:57.0526 PM
[ReportManager] Successfully created attachment [Element Action Test Data - GetAttribute - Actual Value] @30-10-2021 20:28:57.0527 PM
[ReportManager] Loaded Shared OpenCV @30-10-2021 20:28:57.0786 PM
[ReportManager] Assertion [ValidateElementAttribute] PASSED. Expected and Actual values are attached. Comparison Type [CONTAINS]. Validation Type [POSITIVE]. @30-10-2021 20:28:58.0009 PM
[ReportManager] Successfully created attachment [Validation Test Data - Expected Value] @30-10-2021 20:28:58.0009 PM
[ReportManager] Successfully created attachment [Validation Test Data - Actual Value] @30-10-2021 20:28:58.0009 PM
[ReportManager] Successfully created attachment [Screenshot - 1635625737785_uploadFile_invisibleUploadInput_ValidateElementAttribute_passed] @30-10-2021 20:28:58.0011 P
[ReportManager] Browser Action [CloseCurrentWindow] successfully performed. @30-10-2021 20:28:58.0144 PM
[ReportManager] Successfully created attachment [Browser Action Test Data - CloseCurrentWindow - Actual Value] @30-10-2021 20:28:58.0144 P
[ReportManager] File Action [GetAbsolutePath] successfully performed. With the following test data [Relative Folder Path: "target/downloadedFiles/"]. @30-10-2021 20:28:58.0154 PM
[ReportManager] Attempting to run remotely on: [Linux-64], [GoogleChrome], [http://localhost:4444/wd/hub], Headless Execution. @30-10-2021 20:28:58.0154 PM
[ReportManager] Successfully Opened [GoogleChrome]. @30-10-2021 20:29:00.0924 P

################################################################################################################################################
Starting Execution:	[137 out of 143] test cases in the current suite
Test Method:		[testPackage01.Test_uploadFile.uploadFile_visibleUploadInput]
################################################################################################################################################
[ReportManager] Target URL: [http://demo.guru99.com/test/upload/] @30-10-2021 20:29:00.0926 PM
[ReportManager] Initial URL: [data:,] @30-10-2021 20:29:00.0990 PM
[ReportManager] Browser Action [NavigateToURL] successfully performed. With the following test data [http://demo.guru99.com/test/upload/]. @30-10-2021 20:29:02.0089 PM
[ReportManager] File Action [GetAbsolutePath] successfully performed. With the following test data [Relative File Path: "src/main/resources/images/shaft.png"]. @30-10-2021 20:29:02.0089 PM
[ReportManager] Successfully created attachment [File Action Actual Result - Command Log] @30-10-2021 20:29:02.0089 PM
[ReportManager] Element Action [TypeFileLocationForUpload] successfully performed. With the following test data [/home/runner/work/SHAFT_ENGINE/SHAFT_ENGINE/src/main/resources/images/shaft.png]. @30-10-2021 20:29:02.0224 PM
[ReportManager] Element Action [Click] successfully performed. With the following test data [on]. @30-10-2021 20:29:02.0685 PM
[ReportManager] Element Action [Click] successfully performed. With the following test data [Submit File]. @30-10-2021 20:29:03.0135 PM
[ReportManager] Element Action [GetText] successfully performed. With the following test data [1 file
has been successfully uploaded.]. @30-10-2021 20:29:03.0790 PM
[ReportManager] Loaded Shared OpenCV @30-10-2021 20:29:03.0991 PM
[ReportManager] Assertion [ValidateElementAttribute] PASSED. Expected [Value Should be '1 file' for the 'Text' attribute, element locator 'By.id: res'] and Actual [1 file
has been successfully uploaded.]. Comparison Type [CONTAINS]. Validation Type [POSITIVE]. @30-10-2021 20:29:04.0173 PM
[ReportManager] Successfully created attachment [Screenshot - 1635625743991_uploadFile_visibleUploadInput_ValidateElementAttribute_passed] @30-10-2021 20:29:04.0174 P
[ReportManager] Browser Action [CloseCurrentWindow] successfully performed. @30-10-2021 20:29:04.0315 PM
[ReportManager] Successfully created attachment [Browser Action Test Data - CloseCurrentWindow - Actual Value] @30-10-2021 20:29:04.0315 P

################################################################################################################################################
Starting Execution:	[138 out of 143] test cases in the current suite
Test Method:		[testPackage01.Test_SelectedValue.multipleSelect]
################################################################################################################################################
[ReportManager] File Action [GetAbsolutePath] successfully performed. With the following test data [Relative Folder Path: "target/downloadedFiles/"]. @30-10-2021 20:29:04.0320 PM
[ReportManager] Attempting to run remotely on: [Linux-64], [GoogleChrome], [http://localhost:4444/wd/hub], Headless Execution. @30-10-2021 20:29:04.0320 PM
[ReportManager] Successfully Opened [GoogleChrome]. @30-10-2021 20:29:05.0926 PM
[ReportManager] Target URL: [https://yari-demos.prod.mdn.mozit.cloud/en-US/docs/Web/HTML/Element/select/_sample_.Advanced_select_with_multiple_features.html] @30-10-2021 20:29:05.0927 PM
[ReportManager] Initial URL: [data:,] @30-10-2021 20:29:05.0964 PM
[ReportManager] Browser Action [NavigateToURL] successfully performed. With the following test data [https://yari-demos.prod.mdn.mozit.cloud/en-US/docs/Web/HTML/Element/select/_sample_.Advanced_select_with_multiple_features.html]. @30-10-2021 20:29:06.0214 PM
[ReportManager] Element Action [Select] successfully performed. With the following test data [Dog]. @30-10-2021 20:29:06.0512 PM
[ReportManager] Element Action [Select] successfully performed. With the following test data [Cat]. @30-10-2021 20:29:06.0779 PM
[ReportManager] Element Action [GetSelectedText] successfully performed. With the following test data [DogCat]. @30-10-2021 20:29:06.0936 PM
[ReportManager] DogCat @30-10-2021 20:29:06.0936 PM
[ReportManager] Element Action [GetSelectedText] successfully performed. With the following test data [DogCat]. @30-10-2021 20:29:07.0130 PM
[ReportManager] Loaded Shared OpenCV @30-10-2021 20:29:07.0371 PM
[ReportManager] Assertion [ValidateElementAttribute] PASSED. Expected [Value Should be 'DogCat' for the 'selectedText' attribute, element locator 'By.tagName: select'] and Actual [DogCat]. Comparison Type [EQUALS]. Validation Type [POSITIVE]. @30-10-2021 20:29:07.0550 PM
[ReportManager] Successfully created attachment [Screenshot - 1635625747371_multipleSelect_ValidateElementAttribute_passed] @30-10-2021 20:29:07.0550 PM
[ReportManager] Browser Action [CloseCurrentWindow] successfully performed. @30-10-2021 20:29:07.0651 PM
[ReportManager] Successfully created attachment [Browser Action Test Data - CloseCurrentWindow - Actual Value] @30-10-2021 20:29:07.0652 P

################################################################################################################################################
Starting Execution:	[139 out of 143] test cases in the current suite
Test Method:		[testPackage01.Test_SelectedValue.simpleSelect]
################################################################################################################################################
[ReportManager] File Action [GetAbsolutePath] successfully performed. With the following test data [Relative Folder Path: "target/downloadedFiles/"]. @30-10-2021 20:29:07.0656 PM
[ReportManager] Attempting to run remotely on: [Linux-64], [GoogleChrome], [http://localhost:4444/wd/hub], Headless Execution. @30-10-2021 20:29:07.0656 PM
[ReportManager] Successfully Opened [GoogleChrome]. @30-10-2021 20:29:10.0926 PM
[ReportManager] Target URL: [https://yari-demos.prod.mdn.mozit.cloud/en-US/docs/Web/HTML/Element/select/_sample_.Basic_select.html] @30-10-2021 20:29:10.0926 PM
[ReportManager] Initial URL: [data:,] @30-10-2021 20:29:10.0989 PM
[ReportManager] Browser Action [NavigateToURL] successfully performed. With the following test data [https://yari-demos.prod.mdn.mozit.cloud/en-US/docs/Web/HTML/Element/select/_sample_.Basic_select.html]. @30-10-2021 20:29:11.0197 PM
[ReportManager] Element Action [Select] successfully performed. With the following test data [Third Value]. @30-10-2021 20:29:11.0536 PM
[ReportManager] Element Action [GetSelectedText] successfully performed. With the following test data [Third Value]. @30-10-2021 20:29:11.0661 PM
[ReportManager] Third Value @30-10-2021 20:29:11.0661 PM
[ReportManager] Element Action [GetSelectedText] successfully performed. With the following test data [Third Value]. @30-10-2021 20:29:11.0752 PM
[ReportManager] Loaded Shared OpenCV @30-10-2021 20:29:11.0968 PM
[ReportManager] Assertion [ValidateElementAttribute] PASSED. Expected [Value Should be 'Third Value' for the 'selectedText' attribute, element locator 'By.tagName: select'] and Actual [Third Value]. Comparison Type [EQUALS]. Validation Type [POSITIVE]. @30-10-2021 20:29:12.0152 PM
[ReportManager] Successfully created attachment [Screenshot - 1635625751968_simpleSelect_ValidateElementAttribute_passed] @30-10-2021 20:29:12.0152 PM
[ReportManager] Browser Action [CloseCurrentWindow] successfully performed. @30-10-2021 20:29:12.0246 PM
[ReportManager] Successfully created attachment [Browser Action Test Data - CloseCurrentWindow - Actual Value] @30-10-2021 20:29:12.0246 P

################################################################################################################################################
Starting Execution:	[140 out of 143] test cases in the current suite
Test Method:		[testPackage01.Test_JSONFileManager.readStringFromJson]
################################################################################################################################################
[ReportManager] Successfully loaded the following test data file [src/test/resources/TestDataFiles/simpleJSON.json]. @30-10-2021 20:29:12.0251 PM
[ReportManager] Successfully created attachment [Test Data - JSON] @30-10-2021 20:29:12.0252 PM
[ReportManager] Assertion [ValidateEquals] PASSED. Expected [Mohab Mohie] and Actual [Mohab Mohie]. Comparison Type [EQUALS]. Validation Type [POSITIVE]. @30-10-2021 20:29:12.0301 P
[ReportManager] Successfully loaded the following test data file [src/test/resources/TestDataFiles/testSuite01/TestData.xlsx]. @30-10-2021 20:29:12.0362 PM
[ReportManager] Successfully created attachment [Test Data - Excel] @30-10-2021 20:29:12.0362 PM
[ReportManager] Attempting to run using Playwright locally on: [Linux-64], [GoogleChrome], Headless Execution. @30-10-2021 20:29:28.0596 PM
[ReportManager] File Action [GetAbsolutePath] successfully performed. With the following test data [Relative Folder Path: "target/downloadedFiles/"]. @30-10-2021 20:29:28.0597 PM
[ReportManager] Initial window size: (1280, 720) @30-10-2021 20:29:28.0963 PM
[ReportManager] Window size after Toolkit: com.microsoft.playwright.options.ViewportSize@385a0a7f @30-10-2021 20:29:28.0966 PM
[ReportManager] Browser Action [MaximizeWindow] successfully performed. With the following test data [New screen size is now: (1920, 1080)]. @30-10-2021 20:29:28.0967 P

################################################################################################################################################
Starting Execution:	[141 out of 143] test cases in the current suite
Test Method:		[testPackage01.Test_google_playwright.navigateToURLandVerifyGoogleLogoIsDisplayed]
Test Description:	[TC001 - Navigate to URL and Verify Google Logo is Displayed]
################################################################################################################################################
[ReportManager] Target URL: [https://www.google.com/ncr], and after redirection: [https://www.google.com] @30-10-2021 20:29:28.0973 PM
[ReportManager] Initial URL: [about:blank] @30-10-2021 20:29:29.0456 PM
[ReportManager] Browser Action [NavigateToURL] successfully performed. With the following test data [https://www.google.com/ncr]. @30-10-2021 20:29:31.0713 PM
[ReportManager] Loaded Shared OpenCV @30-10-2021 20:29:31.0911 PM
[ReportManager] Assertion [ValidateElementExists] PASSED. Expected [Element Should Exist, locator 'xpath=//*[@id='hplogo' or @alt='Google']'] and Actual [Element Exists]. Comparison Type [EQUALS]. Validation Type [POSITIVE]. @30-10-2021 20:29:32.0097 PM
[ReportManager] Successfully created attachment [Screenshot - 1635625771907_navigateToURLandVerifyGoogleLogoIsDisplayed_ValidateElementExists_passed] @30-10-2021 20:29:32.0097 P

################################################################################################################################################
Starting Execution:	[142 out of 143] test cases in the current suite
Test Method:		[testPackage01.Test_google_playwright.searchForQueryandAssertResultsNumDisplayed]
Test Description:	[TC002 - Search for Query and Assert that the number of results is displayed]
################################################################################################################################################
[ReportManager] Element Action [Type] successfully performed. With the following test data [SHAFT_Engine]. @30-10-2021 20:29:32.0359 PM
[ReportManager] Element Action [KeyPress] successfully performed. With the following test data [Enter]. @30-10-2021 20:29:32.0392 PM
[ReportManager] Element Action [GetText] successfully performed. With the following test data [About 961,000 results (0.60 seconds)]. @30-10-2021 20:29:33.0224 PM
[ReportManager] Loaded Shared OpenCV @30-10-2021 20:29:35.0209 PM
[ReportManager] Assertion [ValidateElementAttribute] PASSED. Expected [Value Should not be '' for the 'text' attribute, element locator 'xpath=//div[@id='appbar']'] and Actual [About 961,000 results (0.60 seconds)]. Comparison Type [EQUALS]. Validation Type [NEGATIVE]. @30-10-2021 20:29:35.0437 PM
[ReportManager] Successfully created attachment [Screenshot - 1635625775207_searchForQueryandAssertResultsNumDisplayed_ValidateElementAttribute_passed] @30-10-2021 20:29:35.0439 P

################################################################################################################################################
Starting Execution:	[143 out of 143] test cases in the current suite
Test Method:		[testPackage01.Test_google_playwright.clickNextThrice]
Test Description:	[TC003 - Clicks the next button to make sure that the framework can scroll element into view before clicking it]
################################################################################################################################################
[ReportManager] Element Action [Click] successfully performed. With the following test data [Next]. @30-10-2021 20:29:35.0651 P
[ReportManager] Failed to find video recording. @30-10-2021 20:29:35.0654 PM
[ReportManager] Successfully Closed PlayWright Driver. @30-10-2021 20:29:35.0697 P

################################################################################################################################################
Test Closure Activities
################################################################################################################################################
[ReportManager] Successfully created attachment [SHAFT Engine Logs - Execution log] @30-10-2021 20:29:35.0716 PM

################################################################################################################################################
This test run was powered by SHAFT Engine Version: [SHAFT Engine v5.4.20211030-BETA]
SHAFT Engine is licensed under the MIT License: [https://github.com/MohabMohie/SHAFT_ENGINE/blob/master/LICENSE].
################################################################################################################################################