################################################################################################################################################
Detected SHAFT Engine Version: [SHAFT Engine v5.3.20210902]
################################################################################################################################################

################################################################################################################################################
Starting Execution:	[1 out of 143] test cases in the current suite
Test Method:		[unitTests.tests_restActions.getPostsAndAssertBodyForSpecificTitle]
################################################################################################################################################
[ReportManager] Response status code: [200], status line: [HTTP/1.1 200 OK] @15-09-2021 10:25:57.0366 AM
[ReportManager] Assertion Passed: Evaluating the actual response status code against the expected one... @15-09-2021 10:25:57.0378 AM
[ReportManager] Assertion [ValidateEquals] PASSED. Expected [200] and Actual [200]. Comparison Type [EQUALS]. Validation Type [POSITIVE]. @15-09-2021 10:25:57.0385 AM
[ReportManager] API Action [PerformRequest] successfully performed. With the following test data [Request Type: "GET" | Target Status Code: "200" | Service URL: "https://jsonplaceholder.typicode.com/posts" | Content Type: "*/*" | Response Time: "1011ms"]. @15-09-2021 10:25:58.0550 AM
[ReportManager] Successfully created attachment [API Request - Specifications] @15-09-2021 10:25:58.0552 AM
[ReportManager] Successfully created attachment [API Response - JSON Body] @15-09-2021 10:25:58.0953 AM
[ReportManager] API Action [GetResponseJSONValueAsList] successfully performed. @15-09-2021 10:25:58.0983 AM
[ReportManager] API Action [GetResponseJSONValue] successfully performed. With the following test data [title]. @15-09-2021 10:25:59.0011 AM
[ReportManager] API Action [GetResponseJSONValue] successfully performed. With the following test data [title]. @15-09-2021 10:25:59.0032 AM
[ReportManager] API Action [GetResponseJSONValue] successfully performed. With the following test data [body]. @15-09-2021 10:25:59.0053 AM
[ReportManager] Assertion [ValidateEquals] PASSED. Expected [qui neque nisi nulla] and Actual [est rerum tempore vitae
sequi sint nihil reprehenderit dolor beatae ea dolores neque
fugiat blanditiis voluptate porro vel nihil molestiae ut reiciendis
qui aperiam non debitis possimus qui neque nisi nulla]. Comparison Type [CONTAINS]. Validation Type [POSITIVE]. @15-09-2021 10:25:59.0059 AM
[ReportManager] API Action [GetResponseJSONValue] successfully performed. With the following test data [title]. @15-09-2021 10:25:59.0077 AM
[ReportManager] API Action [GetResponseJSONValue] successfully performed. With the following test data [title]. @15-09-2021 10:25:59.0093 AM
[ReportManager] API Action [GetResponseJSONValue] successfully performed. With the following test data [title]. @15-09-2021 10:25:59.0108 AM
[ReportManager] API Action [GetResponseJSONValue] successfully performed. With the following test data [title]. @15-09-2021 10:25:59.0144 AM
[ReportManager] API Action [GetResponseJSONValue] successfully performed. With the following test data [title]. @15-09-2021 10:25:59.0159 AM
[ReportManager] API Action [GetResponseJSONValue] successfully performed. With the following test data [title]. @15-09-2021 10:25:59.0168 AM
[ReportManager] API Action [GetResponseJSONValue] successfully performed. With the following test data [title]. @15-09-2021 10:25:59.0178 AM
[ReportManager] API Action [GetResponseJSONValue] successfully performed. With the following test data [title]. @15-09-2021 10:25:59.0187 AM
[ReportManager] API Action [GetResponseJSONValue] successfully performed. With the following test data [title]. @15-09-2021 10:25:59.0197 AM
[ReportManager] API Action [GetResponseJSONValue] successfully performed. With the following test data [title]. @15-09-2021 10:25:59.0205 AM
[ReportManager] API Action [GetResponseJSONValue] successfully performed. With the following test data [title]. @15-09-2021 10:25:59.0216 AM
[ReportManager] API Action [GetResponseJSONValue] successfully performed. With the following test data [title]. @15-09-2021 10:25:59.0226 AM
[ReportManager] API Action [GetResponseJSONValue] successfully performed. With the following test data [title]. @15-09-2021 10:25:59.0236 AM
[ReportManager] API Action [GetResponseJSONValue] successfully performed. With the following test data [title]. @15-09-2021 10:25:59.0244 AM
[ReportManager] API Action [GetResponseJSONValue] successfully performed. With the following test data [title]. @15-09-2021 10:25:59.0254 AM
[ReportManager] API Action [GetResponseJSONValue] successfully performed. With the following test data [title]. @15-09-2021 10:25:59.0262 AM
[ReportManager] API Action [GetResponseJSONValue] successfully performed. With the following test data [title]. @15-09-2021 10:25:59.0271 AM
[ReportManager] API Action [GetResponseJSONValue] successfully performed. With the following test data [title]. @15-09-2021 10:25:59.0280 AM
[ReportManager] API Action [GetResponseJSONValue] successfully performed. With the following test data [title]. @15-09-2021 10:25:59.0289 AM
[ReportManager] API Action [GetResponseJSONValue] successfully performed. With the following test data [title]. @15-09-2021 10:25:59.0298 AM
[ReportManager] API Action [GetResponseJSONValue] successfully performed. With the following test data [title]. @15-09-2021 10:25:59.0306 AM
[ReportManager] API Action [GetResponseJSONValue] successfully performed. With the following test data [title]. @15-09-2021 10:25:59.0314 AM
[ReportManager] API Action [GetResponseJSONValue] successfully performed. With the following test data [title]. @15-09-2021 10:25:59.0324 AM
[ReportManager] API Action [GetResponseJSONValue] successfully performed. With the following test data [title]. @15-09-2021 10:25:59.0336 AM
[ReportManager] API Action [GetResponseJSONValue] successfully performed. With the following test data [title]. @15-09-2021 10:25:59.0350 AM
[ReportManager] API Action [GetResponseJSONValue] successfully performed. With the following test data [title]. @15-09-2021 10:25:59.0361 AM
[ReportManager] API Action [GetResponseJSONValue] successfully performed. With the following test data [title]. @15-09-2021 10:25:59.0377 AM
[ReportManager] API Action [GetResponseJSONValue] successfully performed. With the following test data [title]. @15-09-2021 10:25:59.0392 AM
[ReportManager] API Action [GetResponseJSONValue] successfully performed. With the following test data [title]. @15-09-2021 10:25:59.0404 AM
[ReportManager] API Action [GetResponseJSONValue] successfully performed. With the following test data [title]. @15-09-2021 10:25:59.0415 AM
[ReportManager] API Action [GetResponseJSONValue] successfully performed. With the following test data [title]. @15-09-2021 10:25:59.0428 AM
[ReportManager] API Action [GetResponseJSONValue] successfully performed. With the following test data [title]. @15-09-2021 10:25:59.0438 AM
[ReportManager] API Action [GetResponseJSONValue] successfully performed. With the following test data [title]. @15-09-2021 10:25:59.0457 AM
[ReportManager] API Action [GetResponseJSONValue] successfully performed. With the following test data [title]. @15-09-2021 10:25:59.0497 AM
[ReportManager] API Action [GetResponseJSONValue] successfully performed. With the following test data [title]. @15-09-2021 10:25:59.0520 AM
[ReportManager] API Action [GetResponseJSONValue] successfully performed. With the following test data [title]. @15-09-2021 10:25:59.0533 AM
[ReportManager] API Action [GetResponseJSONValue] successfully performed. With the following test data [title]. @15-09-2021 10:25:59.0560 AM
[ReportManager] API Action [GetResponseJSONValue] successfully performed. With the following test data [title]. @15-09-2021 10:25:59.0578 AM
[ReportManager] API Action [GetResponseJSONValue] successfully performed. With the following test data [title]. @15-09-2021 10:25:59.0591 AM
[ReportManager] API Action [GetResponseJSONValue] successfully performed. With the following test data [title]. @15-09-2021 10:25:59.0607 AM
[ReportManager] API Action [GetResponseJSONValue] successfully performed. With the following test data [title]. @15-09-2021 10:25:59.0635 AM
[ReportManager] API Action [GetResponseJSONValue] successfully performed. With the following test data [title]. @15-09-2021 10:25:59.0656 AM
[ReportManager] API Action [GetResponseJSONValue] successfully performed. With the following test data [title]. @15-09-2021 10:25:59.0672 AM
[ReportManager] API Action [GetResponseJSONValue] successfully performed. With the following test data [title]. @15-09-2021 10:25:59.0680 AM
[ReportManager] API Action [GetResponseJSONValue] successfully performed. With the following test data [title]. @15-09-2021 10:25:59.0708 AM
[ReportManager] API Action [GetResponseJSONValue] successfully performed. With the following test data [title]. @15-09-2021 10:25:59.0716 AM
[ReportManager] API Action [GetResponseJSONValue] successfully performed. With the following test data [title]. @15-09-2021 10:25:59.0724 AM
[ReportManager] API Action [GetResponseJSONValue] successfully performed. With the following test data [title]. @15-09-2021 10:25:59.0732 AM
[ReportManager] API Action [GetResponseJSONValue] successfully performed. With the following test data [title]. @15-09-2021 10:25:59.0740 AM
[ReportManager] API Action [GetResponseJSONValue] successfully performed. With the following test data [title]. @15-09-2021 10:25:59.0747 AM
[ReportManager] API Action [GetResponseJSONValue] successfully performed. With the following test data [title]. @15-09-2021 10:25:59.0755 AM
[ReportManager] API Action [GetResponseJSONValue] successfully performed. With the following test data [title]. @15-09-2021 10:25:59.0763 AM
[ReportManager] API Action [GetResponseJSONValue] successfully performed. With the following test data [title]. @15-09-2021 10:25:59.0770 AM
[ReportManager] API Action [GetResponseJSONValue] successfully performed. With the following test data [title]. @15-09-2021 10:25:59.0777 AM
[ReportManager] API Action [GetResponseJSONValue] successfully performed. With the following test data [title]. @15-09-2021 10:25:59.0786 AM
[ReportManager] API Action [GetResponseJSONValue] successfully performed. With the following test data [title]. @15-09-2021 10:25:59.0793 AM
[ReportManager] API Action [GetResponseJSONValue] successfully performed. With the following test data [title]. @15-09-2021 10:25:59.0801 AM
[ReportManager] API Action [GetResponseJSONValue] successfully performed. With the following test data [title]. @15-09-2021 10:25:59.0817 AM
[ReportManager] API Action [GetResponseJSONValue] successfully performed. With the following test data [title]. @15-09-2021 10:25:59.0840 AM
[ReportManager] API Action [GetResponseJSONValue] successfully performed. With the following test data [title]. @15-09-2021 10:25:59.0882 AM
[ReportManager] API Action [GetResponseJSONValue] successfully performed. With the following test data [title]. @15-09-2021 10:25:59.0890 AM
[ReportManager] API Action [GetResponseJSONValue] successfully performed. With the following test data [title]. @15-09-2021 10:25:59.0897 AM
[ReportManager] API Action [GetResponseJSONValue] successfully performed. With the following test data [title]. @15-09-2021 10:25:59.0905 AM
[ReportManager] API Action [GetResponseJSONValue] successfully performed. With the following test data [title]. @15-09-2021 10:25:59.0912 AM
[ReportManager] API Action [GetResponseJSONValue] successfully performed. With the following test data [title]. @15-09-2021 10:25:59.0919 AM
[ReportManager] API Action [GetResponseJSONValue] successfully performed. With the following test data [title]. @15-09-2021 10:25:59.0927 AM
[ReportManager] API Action [GetResponseJSONValue] successfully performed. With the following test data [title]. @15-09-2021 10:25:59.0935 AM
[ReportManager] API Action [GetResponseJSONValue] successfully performed. With the following test data [title]. @15-09-2021 10:25:59.0943 AM
[ReportManager] API Action [GetResponseJSONValue] successfully performed. With the following test data [title]. @15-09-2021 10:25:59.0950 AM
[ReportManager] API Action [GetResponseJSONValue] successfully performed. With the following test data [title]. @15-09-2021 10:25:59.0957 AM
[ReportManager] API Action [GetResponseJSONValue] successfully performed. With the following test data [title]. @15-09-2021 10:25:59.0965 AM
[ReportManager] API Action [GetResponseJSONValue] successfully performed. With the following test data [title]. @15-09-2021 10:25:59.0972 AM
[ReportManager] API Action [GetResponseJSONValue] successfully performed. With the following test data [title]. @15-09-2021 10:25:59.0979 AM
[ReportManager] API Action [GetResponseJSONValue] successfully performed. With the following test data [title]. @15-09-2021 10:25:59.0987 AM
[ReportManager] API Action [GetResponseJSONValue] successfully performed. With the following test data [title]. @15-09-2021 10:25:59.0995 AM
[ReportManager] API Action [GetResponseJSONValue] successfully performed. With the following test data [title]. @15-09-2021 10:26:00.0003 AM
[ReportManager] API Action [GetResponseJSONValue] successfully performed. With the following test data [title]. @15-09-2021 10:26:00.0011 AM
[ReportManager] API Action [GetResponseJSONValue] successfully performed. With the following test data [title]. @15-09-2021 10:26:00.0020 AM
[ReportManager] API Action [GetResponseJSONValue] successfully performed. With the following test data [title]. @15-09-2021 10:26:00.0029 AM
[ReportManager] API Action [GetResponseJSONValue] successfully performed. With the following test data [title]. @15-09-2021 10:26:00.0036 AM
[ReportManager] API Action [GetResponseJSONValue] successfully performed. With the following test data [title]. @15-09-2021 10:26:00.0044 AM
[ReportManager] API Action [GetResponseJSONValue] successfully performed. With the following test data [title]. @15-09-2021 10:26:00.0051 AM
[ReportManager] API Action [GetResponseJSONValue] successfully performed. With the following test data [title]. @15-09-2021 10:26:00.0060 AM
[ReportManager] API Action [GetResponseJSONValue] successfully performed. With the following test data [title]. @15-09-2021 10:26:00.0068 AM
[ReportManager] API Action [GetResponseJSONValue] successfully performed. With the following test data [title]. @15-09-2021 10:26:00.0076 AM
[ReportManager] API Action [GetResponseJSONValue] successfully performed. With the following test data [title]. @15-09-2021 10:26:00.0083 AM
[ReportManager] API Action [GetResponseJSONValue] successfully performed. With the following test data [title]. @15-09-2021 10:26:00.0090 AM
[ReportManager] API Action [GetResponseJSONValue] successfully performed. With the following test data [title]. @15-09-2021 10:26:00.0098 AM
[ReportManager] API Action [GetResponseJSONValue] successfully performed. With the following test data [title]. @15-09-2021 10:26:00.0105 AM
[ReportManager] API Action [GetResponseJSONValue] successfully performed. With the following test data [title]. @15-09-2021 10:26:00.0113 AM
[ReportManager] API Action [GetResponseJSONValue] successfully performed. With the following test data [title]. @15-09-2021 10:26:00.0120 AM
[ReportManager] API Action [GetResponseJSONValue] successfully performed. With the following test data [title]. @15-09-2021 10:26:00.0128 AM
[ReportManager] API Action [GetResponseJSONValue] successfully performed. With the following test data [title]. @15-09-2021 10:26:00.0135 AM
[ReportManager] API Action [GetResponseJSONValue] successfully performed. With the following test data [title]. @15-09-2021 10:26:00.0142 AM
[ReportManager] API Action [GetResponseJSONValue] successfully performed. With the following test data [title]. @15-09-2021 10:26:00.0150 AM
[ReportManager] API Action [GetResponseJSONValue] successfully performed. With the following test data [title]. @15-09-2021 10:26:00.0157 AM
[ReportManager] API Action [GetResponseJSONValue] successfully performed. With the following test data [title]. @15-09-2021 10:26:00.0164 AM
[ReportManager] API Action [GetResponseJSONValue] successfully performed. With the following test data [title]. @15-09-2021 10:26:00.0171 A

################################################################################################################################################
Starting Execution:	[2 out of 143] test cases in the current suite
Test Method:		[unitTests.tests_restActions.validateUserEmail]
################################################################################################################################################
[ReportManager] Response status code: [200], status line: [HTTP/1.1 200 OK] @15-09-2021 10:26:00.0388 AM
[ReportManager] Assertion Passed: Evaluating the actual response status code against the expected one... @15-09-2021 10:26:00.0389 AM
[ReportManager] Assertion [ValidateEquals] PASSED. Expected [200] and Actual [200]. Comparison Type [EQUALS]. Validation Type [POSITIVE]. @15-09-2021 10:26:00.0389 AM
[ReportManager] API Action [PerformRequest] successfully performed. With the following test data [Request Type: "GET" | Target Status Code: "200" | Service URL: "https://jsonplaceholder.typicode.com/users" | Content Type: "*/*" | Response Time: "69ms"]. @15-09-2021 10:26:00.0412 AM
[ReportManager] Successfully created attachment [API Request - Specifications] @15-09-2021 10:26:00.0415 AM
[ReportManager] Successfully created attachment [API Response - JSON Body] @15-09-2021 10:26:00.0415 AM
[ReportManager] Assertion [ValidateEquals] PASSED. Expected and Actual values are attached. Comparison Type [CONTAINS]. Validation Type [POSITIVE]. @15-09-2021 10:26:00.0416 AM
[ReportManager] Successfully created attachment [Validation Test Data - Expected Value] @15-09-2021 10:26:00.0416 AM
[ReportManager] Successfully created attachment [Validation Test Data - Actual Value] @15-09-2021 10:26:00.0417 AM
[ReportManager] API Action [GetResponseJSONValueAsList] successfully performed. With the following test data [$]. @15-09-2021 10:26:00.0421 AM
[ReportManager] API Action [GetResponseJSONValue] successfully performed. With the following test data [name]. @15-09-2021 10:26:00.0435 AM
[ReportManager] API Action [GetResponseJSONValue] successfully performed. With the following test data [email]. @15-09-2021 10:26:00.0445 AM
[ReportManager] Assertion [ValidateEquals] PASSED. Expected [Sincere@april.biz] and Actual [Sincere@april.biz]. Comparison Type [EQUALS]. Validation Type [POSITIVE]. @15-09-2021 10:26:00.0445 AM
[ReportManager] API Action [GetResponseJSONValue] successfully performed. With the following test data [name]. @15-09-2021 10:26:00.0454 AM
[ReportManager] API Action [GetResponseJSONValue] successfully performed. With the following test data [name]. @15-09-2021 10:26:00.0462 AM
[ReportManager] API Action [GetResponseJSONValue] successfully performed. With the following test data [name]. @15-09-2021 10:26:00.0469 AM
[ReportManager] API Action [GetResponseJSONValue] successfully performed. With the following test data [name]. @15-09-2021 10:26:00.0477 AM
[ReportManager] API Action [GetResponseJSONValue] successfully performed. With the following test data [name]. @15-09-2021 10:26:00.0485 AM
[ReportManager] API Action [GetResponseJSONValue] successfully performed. With the following test data [name]. @15-09-2021 10:26:00.0493 AM
[ReportManager] API Action [GetResponseJSONValue] successfully performed. With the following test data [name]. @15-09-2021 10:26:00.0501 AM
[ReportManager] API Action [GetResponseJSONValue] successfully performed. With the following test data [name]. @15-09-2021 10:26:00.0510 AM
[ReportManager] API Action [GetResponseJSONValue] successfully performed. With the following test data [name]. @15-09-2021 10:26:00.0518 A

################################################################################################################################################
Starting Execution:	[3 out of 143] test cases in the current suite
Test Method:		[unitTests.tests_validations_assertions.assertComparativeRelation_greaterThanOrEquals_false_equals_expectedToFail]
################################################################################################################################################
[ReportManager] Assertion [ValidateComparativeRelation] FAILED. Expected [1] and Actual [1]. Comparison Type [GREATER_THAN_OR_EQUALS]. Validation Type [NEGATIVE]. @15-09-2021 10:26:00.0525 A

################################################################################################################################################
Starting Execution:	[4 out of 143] test cases in the current suite
Test Method:		[unitTests.tests_validations_assertions.assertComparativeRelation_greaterThanOrEquals_false_equals_expectedToPass]
################################################################################################################################################
[ReportManager] Assertion [ValidateComparativeRelation] PASSED. Expected [2] and Actual [1]. Comparison Type [GREATER_THAN_OR_EQUALS]. Validation Type [NEGATIVE]. @15-09-2021 10:26:00.0528 A

################################################################################################################################################
Starting Execution:	[5 out of 143] test cases in the current suite
Test Method:		[unitTests.tests_validations_assertions.assertComparativeRelation_greaterThanOrEquals_false_greaterThan_expectedToFail]
################################################################################################################################################
[ReportManager] Assertion [ValidateComparativeRelation] FAILED. Expected [1] and Actual [2]. Comparison Type [GREATER_THAN_OR_EQUALS]. Validation Type [NEGATIVE]. @15-09-2021 10:26:00.0537 A

################################################################################################################################################
Starting Execution:	[6 out of 143] test cases in the current suite
Test Method:		[unitTests.tests_validations_assertions.assertComparativeRelation_greaterThanOrEquals_false_greaterThan_expectedToPass]
################################################################################################################################################
[ReportManager] Assertion [ValidateComparativeRelation] PASSED. Expected [2] and Actual [1]. Comparison Type [GREATER_THAN_OR_EQUALS]. Validation Type [NEGATIVE]. @15-09-2021 10:26:00.0539 A

################################################################################################################################################
Starting Execution:	[7 out of 143] test cases in the current suite
Test Method:		[unitTests.tests_validations_assertions.assertComparativeRelation_greaterThanOrEquals_true_equals_expectedToFail]
################################################################################################################################################
[ReportManager] Assertion [ValidateComparativeRelation] FAILED. Expected [1] and Actual [0]. Comparison Type [GREATER_THAN_OR_EQUALS]. Validation Type [POSITIVE]. @15-09-2021 10:26:00.0548 A

################################################################################################################################################
Starting Execution:	[8 out of 143] test cases in the current suite
Test Method:		[unitTests.tests_validations_assertions.assertComparativeRelation_greaterThanOrEquals_true_equals_expectedToPass]
################################################################################################################################################
[ReportManager] Assertion [ValidateComparativeRelation] PASSED. Expected [1] and Actual [1]. Comparison Type [GREATER_THAN_OR_EQUALS]. Validation Type [POSITIVE]. @15-09-2021 10:26:00.0552 A

################################################################################################################################################
Starting Execution:	[9 out of 143] test cases in the current suite
Test Method:		[unitTests.tests_validations_assertions.assertComparativeRelation_greaterThanOrEquals_true_greaterThan_expectedToFail]
################################################################################################################################################
[ReportManager] Assertion [ValidateComparativeRelation] FAILED. Expected [2] and Actual [1]. Comparison Type [GREATER_THAN_OR_EQUALS]. Validation Type [POSITIVE]. @15-09-2021 10:26:00.0556 A

################################################################################################################################################
Starting Execution:	[10 out of 143] test cases in the current suite
Test Method:		[unitTests.tests_validations_assertions.assertComparativeRelation_greaterThanOrEquals_true_greaterThan_expectedToPass]
################################################################################################################################################
[ReportManager] Assertion [ValidateComparativeRelation] PASSED. Expected [1] and Actual [2]. Comparison Type [GREATER_THAN_OR_EQUALS]. Validation Type [POSITIVE]. @15-09-2021 10:26:00.0560 A
[ReportManager] File Action [GetAbsolutePath] successfully performed. With the following test data [Relative Folder Path: "target/downloadedFiles/"]. @15-09-2021 10:26:00.0570 AM
[ReportManager] Attempting to run remotely on: [Linux-64], [GoogleChrome], [http://localhost:4444/wd/hub], Headless Execution. @15-09-2021 10:26:00.0600 AM
[ReportManager] Successfully Opened [GoogleChrome]. @15-09-2021 10:26:01.0898 AM
[ReportManager] Target URL: [https://www.google.com/ncr], and after redirection: [www.google.com] @15-09-2021 10:26:01.0955 AM
[ReportManager] Initial URL: [data:,] @15-09-2021 10:26:02.0094 AM
[ReportManager] Browser Action [NavigateToURL] successfully performed. With the following test data [https://www.google.com/ncr]. @15-09-2021 10:26:03.0413 A

################################################################################################################################################
Starting Execution:	[11 out of 143] test cases in the current suite
Test Method:		[unitTests.tests_validations_assertions.assertElementAttribute_false_caseInsensitiveComparison_expectedToFail]
################################################################################################################################################
[ReportManager] Element Action [Type] successfully performed. With the following test data [AUTOMATION]. @15-09-2021 10:26:04.0032 AM
[ReportManager] Element Action [GetText] successfully performed. With the following test data [AUTOMATION]. @15-09-2021 10:26:04.0217 AM
[ReportManager] Loaded Shared OpenCV @15-09-2021 10:26:04.0916 AM
[ReportManager] Assertion [ValidateElementAttribute] FAILED. Expected [Value Should not be 'AutomaTion' for the 'text' attribute, element locator 'By.name: q'] and Actual [AUTOMATION]. Comparison Type [CASE_INSENSITIVE]. Validation Type [NEGATIVE]. @15-09-2021 10:26:05.0339 AM
[ReportManager] Successfully created attachment [Screenshot - 1631701564448_assertElementAttribute_false_caseInsensitiveComparison_expectedToFail_ValidateElementAttribute_failed] @15-09-2021 10:26:05.0352 A
[ReportManager] Browser Action [CloseCurrentWindow] successfully performed. @15-09-2021 10:26:05.0513 AM
[ReportManager] Successfully created attachment [Browser Action Test Data - CloseCurrentWindow - Actual Value] @15-09-2021 10:26:05.0514 A
[ReportManager] File Action [GetAbsolutePath] successfully performed. With the following test data [Relative Folder Path: "target/downloadedFiles/"]. @15-09-2021 10:26:05.0522 AM
[ReportManager] Attempting to run remotely on: [Linux-64], [GoogleChrome], [http://localhost:4444/wd/hub], Headless Execution. @15-09-2021 10:26:05.0522 AM
[ReportManager] Successfully Opened [GoogleChrome]. @15-09-2021 10:26:05.0778 AM
[ReportManager] Target URL: [https://www.google.com/ncr], and after redirection: [www.google.com] @15-09-2021 10:26:05.0805 AM
[ReportManager] Initial URL: [data:,] @15-09-2021 10:26:05.0875 AM
[ReportManager] Browser Action [NavigateToURL] successfully performed. With the following test data [https://www.google.com/ncr]. @15-09-2021 10:26:06.0843 A

################################################################################################################################################
Starting Execution:	[12 out of 143] test cases in the current suite
Test Method:		[unitTests.tests_validations_assertions.assertElementAttribute_false_caseInsensitiveComparison_expectedToPass]
################################################################################################################################################
[ReportManager] Element Action [Type] successfully performed. With the following test data [AUTOMATION]. @15-09-2021 10:26:07.0294 AM
[ReportManager] Element Action [GetText] successfully performed. With the following test data [AUTOMATION]. @15-09-2021 10:26:07.0438 AM
[ReportManager] Loaded Shared OpenCV @15-09-2021 10:26:07.0655 AM
[ReportManager] Assertion [ValidateElementAttribute] PASSED. Expected [Value Should not be 'AutomaTion123' for the 'text' attribute, element locator 'By.name: q'] and Actual [AUTOMATION]. Comparison Type [CASE_INSENSITIVE]. Validation Type [NEGATIVE]. @15-09-2021 10:26:07.0769 AM
[ReportManager] Successfully created attachment [Screenshot - 1631701567655_assertElementAttribute_false_caseInsensitiveComparison_expectedToPass_ValidateElementAttribute_passed] @15-09-2021 10:26:07.0771 A
[ReportManager] Browser Action [CloseCurrentWindow] successfully performed. @15-09-2021 10:26:07.0923 AM
[ReportManager] Successfully created attachment [Browser Action Test Data - CloseCurrentWindow - Actual Value] @15-09-2021 10:26:07.0926 A
[ReportManager] File Action [GetAbsolutePath] successfully performed. With the following test data [Relative Folder Path: "target/downloadedFiles/"]. @15-09-2021 10:26:07.0933 AM
[ReportManager] Attempting to run remotely on: [Linux-64], [GoogleChrome], [http://localhost:4444/wd/hub], Headless Execution. @15-09-2021 10:26:07.0933 AM
[ReportManager] Successfully Opened [GoogleChrome]. @15-09-2021 10:26:08.0251 AM
[ReportManager] Target URL: [https://www.google.com/ncr], and after redirection: [www.google.com] @15-09-2021 10:26:08.0270 AM
[ReportManager] Initial URL: [data:,] @15-09-2021 10:26:08.0342 AM
[ReportManager] Browser Action [NavigateToURL] successfully performed. With the following test data [https://www.google.com/ncr]. @15-09-2021 10:26:09.0270 A

################################################################################################################################################
Starting Execution:	[13 out of 143] test cases in the current suite
Test Method:		[unitTests.tests_validations_assertions.assertElementAttribute_false_containsComparison_expectedToFail]
################################################################################################################################################
[ReportManager] Element Action [Type] successfully performed. With the following test data [Automation123]. @15-09-2021 10:26:09.0676 AM
[ReportManager] Element Action [GetText] successfully performed. With the following test data [Automation123]. @15-09-2021 10:26:09.0817 AM
[ReportManager] Loaded Shared OpenCV @15-09-2021 10:26:10.0001 AM
[ReportManager] Assertion [ValidateElementAttribute] FAILED. Expected [Value Should not be 'Automation' for the 'text' attribute, element locator 'By.name: q'] and Actual [Automation123]. Comparison Type [CONTAINS]. Validation Type [NEGATIVE]. @15-09-2021 10:26:10.0088 AM
[ReportManager] Successfully created attachment [Screenshot - 1631701570001_assertElementAttribute_false_containsComparison_expectedToFail_ValidateElementAttribute_failed] @15-09-2021 10:26:10.0090 A
[ReportManager] Browser Action [CloseCurrentWindow] successfully performed. @15-09-2021 10:26:10.0247 AM
[ReportManager] Successfully created attachment [Browser Action Test Data - CloseCurrentWindow - Actual Value] @15-09-2021 10:26:10.0249 A
[ReportManager] File Action [GetAbsolutePath] successfully performed. With the following test data [Relative Folder Path: "target/downloadedFiles/"]. @15-09-2021 10:26:10.0252 AM
[ReportManager] Attempting to run remotely on: [Linux-64], [GoogleChrome], [http://localhost:4444/wd/hub], Headless Execution. @15-09-2021 10:26:10.0252 AM
[ReportManager] Successfully Opened [GoogleChrome]. @15-09-2021 10:26:10.0473 AM
[ReportManager] Target URL: [https://www.google.com/ncr], and after redirection: [www.google.com] @15-09-2021 10:26:10.0496 AM
[ReportManager] Initial URL: [data:,] @15-09-2021 10:26:10.0545 AM
[ReportManager] Browser Action [NavigateToURL] successfully performed. With the following test data [https://www.google.com/ncr]. @15-09-2021 10:26:11.0457 A

################################################################################################################################################
Starting Execution:	[14 out of 143] test cases in the current suite
Test Method:		[unitTests.tests_validations_assertions.assertElementAttribute_false_containsComparison_expectedToPass]
################################################################################################################################################
[ReportManager] Element Action [Type] successfully performed. With the following test data [Automation123]. @15-09-2021 10:26:11.0866 AM
[ReportManager] Element Action [GetText] successfully performed. With the following test data [Automation123]. @15-09-2021 10:26:11.0989 AM
[ReportManager] Loaded Shared OpenCV @15-09-2021 10:26:12.0166 AM
[ReportManager] Assertion [ValidateElementAttribute] PASSED. Expected [Value Should not be 'Automation1234' for the 'text' attribute, element locator 'By.name: q'] and Actual [Automation123]. Comparison Type [CONTAINS]. Validation Type [NEGATIVE]. @15-09-2021 10:26:12.0250 AM
[ReportManager] Successfully created attachment [Screenshot - 1631701572165_assertElementAttribute_false_containsComparison_expectedToPass_ValidateElementAttribute_passed] @15-09-2021 10:26:12.0251 A
[ReportManager] Browser Action [CloseCurrentWindow] successfully performed. @15-09-2021 10:26:12.0399 AM
[ReportManager] Successfully created attachment [Browser Action Test Data - CloseCurrentWindow - Actual Value] @15-09-2021 10:26:12.0400 A
[ReportManager] File Action [GetAbsolutePath] successfully performed. With the following test data [Relative Folder Path: "target/downloadedFiles/"]. @15-09-2021 10:26:12.0402 AM
[ReportManager] Attempting to run remotely on: [Linux-64], [GoogleChrome], [http://localhost:4444/wd/hub], Headless Execution. @15-09-2021 10:26:12.0403 AM
[ReportManager] Successfully Opened [GoogleChrome]. @15-09-2021 10:26:12.0623 AM
[ReportManager] Target URL: [https://www.google.com/ncr], and after redirection: [www.google.com] @15-09-2021 10:26:12.0639 AM
[ReportManager] Initial URL: [data:,] @15-09-2021 10:26:12.0700 AM
[ReportManager] Browser Action [NavigateToURL] successfully performed. With the following test data [https://www.google.com/ncr]. @15-09-2021 10:26:13.0620 A

################################################################################################################################################
Starting Execution:	[15 out of 143] test cases in the current suite
Test Method:		[unitTests.tests_validations_assertions.assertElementAttribute_false_literalComparison_expectedToFail]
################################################################################################################################################
[ReportManager] Element Action [Type] successfully performed. With the following test data [Automation!@#$%^&*()_+{}[]\';/.,]. @15-09-2021 10:26:14.0149 AM
[ReportManager] Element Action [GetText] successfully performed. With the following test data [Automation!@#$%^&*()_+{}[]\';/.,]. @15-09-2021 10:26:14.0268 AM
[ReportManager] Loaded Shared OpenCV @15-09-2021 10:26:14.0458 AM
[ReportManager] Assertion [ValidateElementAttribute] PASSED. Expected [Value Should not be 'Automation!@#$%^&*()_+{}[]\\';/.,' for the 'text' attribute, element locator 'By.name: q'] and Actual [Automation!@#$%^&*()_+{}[]\';/.,]. Comparison Type [EQUALS]. Validation Type [NEGATIVE]. @15-09-2021 10:26:14.0535 AM
[ReportManager] Successfully created attachment [Screenshot - 1631701574458_assertElementAttribute_false_literalComparison_expectedToFail_ValidateElementAttribute_passed] @15-09-2021 10:26:14.0536 A
[ReportManager] Browser Action [CloseCurrentWindow] successfully performed. @15-09-2021 10:26:14.0704 AM
[ReportManager] Successfully created attachment [Browser Action Test Data - CloseCurrentWindow - Actual Value] @15-09-2021 10:26:14.0705 A
[ReportManager] File Action [GetAbsolutePath] successfully performed. With the following test data [Relative Folder Path: "target/downloadedFiles/"]. @15-09-2021 10:26:14.0712 AM
[ReportManager] Attempting to run remotely on: [Linux-64], [GoogleChrome], [http://localhost:4444/wd/hub], Headless Execution. @15-09-2021 10:26:14.0712 AM
[ReportManager] Successfully Opened [GoogleChrome]. @15-09-2021 10:26:14.0951 AM
[ReportManager] Target URL: [https://www.google.com/ncr], and after redirection: [www.google.com] @15-09-2021 10:26:14.0968 AM
[ReportManager] Initial URL: [data:,] @15-09-2021 10:26:15.0023 AM
[ReportManager] Browser Action [NavigateToURL] successfully performed. With the following test data [https://www.google.com/ncr]. @15-09-2021 10:26:15.0927 A

################################################################################################################################################
Starting Execution:	[16 out of 143] test cases in the current suite
Test Method:		[unitTests.tests_validations_assertions.assertElementAttribute_false_literalComparison_expectedToPass]
################################################################################################################################################
[ReportManager] Element Action [Type] successfully performed. With the following test data [Automation!@#$%^&*()_+{}[]\';/.,]. @15-09-2021 10:26:16.0418 AM
[ReportManager] Element Action [GetText] successfully performed. With the following test data [Automation!@#$%^&*()_+{}[]\';/.,]. @15-09-2021 10:26:16.0522 AM
[ReportManager] Loaded Shared OpenCV @15-09-2021 10:26:16.0694 AM
[ReportManager] Assertion [ValidateElementAttribute] PASSED. Expected [Value Should not be 'Automation' for the 'text' attribute, element locator 'By.name: q'] and Actual [Automation!@#$%^&*()_+{}[]\';/.,]. Comparison Type [EQUALS]. Validation Type [NEGATIVE]. @15-09-2021 10:26:16.0773 AM
[ReportManager] Successfully created attachment [Screenshot - 1631701576694_assertElementAttribute_false_literalComparison_expectedToPass_ValidateElementAttribute_passed] @15-09-2021 10:26:16.0775 A
[ReportManager] Browser Action [CloseCurrentWindow] successfully performed. @15-09-2021 10:26:16.0908 AM
[ReportManager] Successfully created attachment [Browser Action Test Data - CloseCurrentWindow - Actual Value] @15-09-2021 10:26:16.0909 A
[ReportManager] File Action [GetAbsolutePath] successfully performed. With the following test data [Relative Folder Path: "target/downloadedFiles/"]. @15-09-2021 10:26:16.0912 AM
[ReportManager] Attempting to run remotely on: [Linux-64], [GoogleChrome], [http://localhost:4444/wd/hub], Headless Execution. @15-09-2021 10:26:16.0912 AM
[ReportManager] Successfully Opened [GoogleChrome]. @15-09-2021 10:26:17.0149 AM
[ReportManager] Target URL: [https://www.google.com/ncr], and after redirection: [www.google.com] @15-09-2021 10:26:17.0171 AM
[ReportManager] Initial URL: [data:,] @15-09-2021 10:26:17.0219 AM
[ReportManager] Browser Action [NavigateToURL] successfully performed. With the following test data [https://www.google.com/ncr]. @15-09-2021 10:26:18.0104 A

################################################################################################################################################
Starting Execution:	[17 out of 143] test cases in the current suite
Test Method:		[unitTests.tests_validations_assertions.assertElementAttribute_false_regexComparison_expectedToFail]
################################################################################################################################################
[ReportManager] Element Action [Type] successfully performed. With the following test data [Automation123]. @15-09-2021 10:26:18.0459 AM
[ReportManager] Element Action [GetText] successfully performed. With the following test data [Automation123]. @15-09-2021 10:26:18.0565 AM
[ReportManager] Loaded Shared OpenCV @15-09-2021 10:26:18.0727 AM
[ReportManager] Assertion [ValidateElementAttribute] FAILED. Expected [Value Should not be 'Automation.*' for the 'text' attribute, element locator 'By.name: q'] and Actual [Automation123]. Comparison Type [MATCHES]. Validation Type [NEGATIVE]. @15-09-2021 10:26:18.0802 AM
[ReportManager] Successfully created attachment [Screenshot - 1631701578726_assertElementAttribute_false_regexComparison_expectedToFail_ValidateElementAttribute_failed] @15-09-2021 10:26:18.0804 A
[ReportManager] Browser Action [CloseCurrentWindow] successfully performed. @15-09-2021 10:26:18.0953 AM
[ReportManager] Successfully created attachment [Browser Action Test Data - CloseCurrentWindow - Actual Value] @15-09-2021 10:26:18.0953 A
[ReportManager] File Action [GetAbsolutePath] successfully performed. With the following test data [Relative Folder Path: "target/downloadedFiles/"]. @15-09-2021 10:26:18.0959 AM
[ReportManager] Attempting to run remotely on: [Linux-64], [GoogleChrome], [http://localhost:4444/wd/hub], Headless Execution. @15-09-2021 10:26:18.0959 AM
[ReportManager] Successfully Opened [GoogleChrome]. @15-09-2021 10:26:19.0185 AM
[ReportManager] Target URL: [https://www.google.com/ncr], and after redirection: [www.google.com] @15-09-2021 10:26:19.0199 AM
[ReportManager] Initial URL: [data:,] @15-09-2021 10:26:19.0250 AM
[ReportManager] Browser Action [NavigateToURL] successfully performed. With the following test data [https://www.google.com/ncr]. @15-09-2021 10:26:20.0113 A

################################################################################################################################################
Starting Execution:	[18 out of 143] test cases in the current suite
Test Method:		[unitTests.tests_validations_assertions.assertElementAttribute_false_regexComparison_expectedToPass]
################################################################################################################################################
[ReportManager] Element Action [Type] successfully performed. With the following test data [Automation123]. @15-09-2021 10:26:20.0503 AM
[ReportManager] Element Action [GetText] successfully performed. With the following test data [Automation123]. @15-09-2021 10:26:20.0623 AM
[ReportManager] Loaded Shared OpenCV @15-09-2021 10:26:20.0792 AM
[ReportManager] Assertion [ValidateElementAttribute] PASSED. Expected [Value Should not be 'Automation' for the 'text' attribute, element locator 'By.name: q'] and Actual [Automation123]. Comparison Type [MATCHES]. Validation Type [NEGATIVE]. @15-09-2021 10:26:20.0866 AM
[ReportManager] Successfully created attachment [Screenshot - 1631701580792_assertElementAttribute_false_regexComparison_expectedToPass_ValidateElementAttribute_passed] @15-09-2021 10:26:20.0867 A
[ReportManager] Browser Action [CloseCurrentWindow] successfully performed. @15-09-2021 10:26:20.0996 AM
[ReportManager] Successfully created attachment [Browser Action Test Data - CloseCurrentWindow - Actual Value] @15-09-2021 10:26:20.0997 A
[ReportManager] File Action [GetAbsolutePath] successfully performed. With the following test data [Relative Folder Path: "target/downloadedFiles/"]. @15-09-2021 10:26:21.0001 AM
[ReportManager] Attempting to run remotely on: [Linux-64], [GoogleChrome], [http://localhost:4444/wd/hub], Headless Execution. @15-09-2021 10:26:21.0001 AM
[ReportManager] Successfully Opened [GoogleChrome]. @15-09-2021 10:26:21.0216 AM
[ReportManager] Target URL: [https://www.google.com/ncr], and after redirection: [www.google.com] @15-09-2021 10:26:21.0227 AM
[ReportManager] Initial URL: [data:,] @15-09-2021 10:26:21.0271 AM
[ReportManager] Browser Action [NavigateToURL] successfully performed. With the following test data [https://www.google.com/ncr]. @15-09-2021 10:26:22.0161 A

################################################################################################################################################
Starting Execution:	[19 out of 143] test cases in the current suite
Test Method:		[unitTests.tests_validations_assertions.assertElementAttribute_true_caseInsensitiveComparison_expectedToFail]
################################################################################################################################################
[ReportManager] Element Action [Type] successfully performed. With the following test data [AUTOMATION]. @15-09-2021 10:26:22.0541 AM
[ReportManager] Element Action [GetText] successfully performed. With the following test data [AUTOMATION]. @15-09-2021 10:26:22.0657 AM
[ReportManager] Loaded Shared OpenCV @15-09-2021 10:26:22.0817 AM
[ReportManager] Assertion [ValidateElementAttribute] FAILED. Expected [Value Should be 'AutomaTion123' for the 'text' attribute, element locator 'By.name: q'] and Actual [AUTOMATION]. Comparison Type [CASE_INSENSITIVE]. Validation Type [POSITIVE]. @15-09-2021 10:26:22.0897 AM
[ReportManager] Successfully created attachment [Screenshot - 1631701582817_assertElementAttribute_true_caseInsensitiveComparison_expectedToFail_ValidateElementAttribute_failed] @15-09-2021 10:26:22.0898 A
[ReportManager] Browser Action [CloseCurrentWindow] successfully performed. @15-09-2021 10:26:23.0038 AM
[ReportManager] Successfully created attachment [Browser Action Test Data - CloseCurrentWindow - Actual Value] @15-09-2021 10:26:23.0039 A
[ReportManager] File Action [GetAbsolutePath] successfully performed. With the following test data [Relative Folder Path: "target/downloadedFiles/"]. @15-09-2021 10:26:23.0043 AM
[ReportManager] Attempting to run remotely on: [Linux-64], [GoogleChrome], [http://localhost:4444/wd/hub], Headless Execution. @15-09-2021 10:26:23.0044 AM
[ReportManager] Successfully Opened [GoogleChrome]. @15-09-2021 10:26:23.0275 AM
[ReportManager] Target URL: [https://www.google.com/ncr], and after redirection: [www.google.com] @15-09-2021 10:26:23.0288 AM
[ReportManager] Initial URL: [data:,] @15-09-2021 10:26:23.0337 AM
[ReportManager] Browser Action [NavigateToURL] successfully performed. With the following test data [https://www.google.com/ncr]. @15-09-2021 10:26:24.0295 A

################################################################################################################################################
Starting Execution:	[20 out of 143] test cases in the current suite
Test Method:		[unitTests.tests_validations_assertions.assertElementAttribute_true_caseInsensitiveComparison_expectedToPass]
################################################################################################################################################
[ReportManager] Element Action [Type] successfully performed. With the following test data [AUTOMATION]. @15-09-2021 10:26:24.0663 AM
[ReportManager] Element Action [GetText] successfully performed. With the following test data [AUTOMATION]. @15-09-2021 10:26:24.0766 AM
[ReportManager] Loaded Shared OpenCV @15-09-2021 10:26:24.0940 AM
[ReportManager] Assertion [ValidateElementAttribute] PASSED. Expected [Value Should be 'AutomaTion' for the 'text' attribute, element locator 'By.name: q'] and Actual [AUTOMATION]. Comparison Type [CASE_INSENSITIVE]. Validation Type [POSITIVE]. @15-09-2021 10:26:25.0020 AM
[ReportManager] Successfully created attachment [Screenshot - 1631701584939_assertElementAttribute_true_caseInsensitiveComparison_expectedToPass_ValidateElementAttribute_passed] @15-09-2021 10:26:25.0024 A
[ReportManager] Browser Action [CloseCurrentWindow] successfully performed. @15-09-2021 10:26:25.0153 AM
[ReportManager] Successfully created attachment [Browser Action Test Data - CloseCurrentWindow - Actual Value] @15-09-2021 10:26:25.0154 A
[ReportManager] File Action [GetAbsolutePath] successfully performed. With the following test data [Relative Folder Path: "target/downloadedFiles/"]. @15-09-2021 10:26:25.0161 AM
[ReportManager] Attempting to run remotely on: [Linux-64], [GoogleChrome], [http://localhost:4444/wd/hub], Headless Execution. @15-09-2021 10:26:25.0161 AM
[ReportManager] Successfully Opened [GoogleChrome]. @15-09-2021 10:26:25.0362 AM
[ReportManager] Target URL: [https://www.google.com/ncr], and after redirection: [www.google.com] @15-09-2021 10:26:25.0377 AM
[ReportManager] Initial URL: [data:,] @15-09-2021 10:26:25.0420 AM
[ReportManager] Browser Action [NavigateToURL] successfully performed. With the following test data [https://www.google.com/ncr]. @15-09-2021 10:26:26.0263 A

################################################################################################################################################
Starting Execution:	[21 out of 143] test cases in the current suite
Test Method:		[unitTests.tests_validations_assertions.assertElementAttribute_true_containsComparison_expectedToFail]
################################################################################################################################################
[ReportManager] Element Action [Type] successfully performed. With the following test data [Automation123]. @15-09-2021 10:26:26.0594 AM
[ReportManager] Element Action [GetText] successfully performed. With the following test data [Automation123]. @15-09-2021 10:26:26.0699 AM
[ReportManager] Loaded Shared OpenCV @15-09-2021 10:26:26.0848 AM
[ReportManager] Assertion [ValidateElementAttribute] FAILED. Expected [Value Should be 'Automation1234' for the 'text' attribute, element locator 'By.name: q'] and Actual [Automation123]. Comparison Type [CONTAINS]. Validation Type [POSITIVE]. @15-09-2021 10:26:26.0922 AM
[ReportManager] Successfully created attachment [Screenshot - 1631701586848_assertElementAttribute_true_containsComparison_expectedToFail_ValidateElementAttribute_failed] @15-09-2021 10:26:26.0923 A
[ReportManager] Browser Action [CloseCurrentWindow] successfully performed. @15-09-2021 10:26:27.0074 AM
[ReportManager] Successfully created attachment [Browser Action Test Data - CloseCurrentWindow - Actual Value] @15-09-2021 10:26:27.0075 A
[ReportManager] File Action [GetAbsolutePath] successfully performed. With the following test data [Relative Folder Path: "target/downloadedFiles/"]. @15-09-2021 10:26:27.0078 AM
[ReportManager] Attempting to run remotely on: [Linux-64], [GoogleChrome], [http://localhost:4444/wd/hub], Headless Execution. @15-09-2021 10:26:27.0079 AM
[ReportManager] Successfully Opened [GoogleChrome]. @15-09-2021 10:26:27.0329 AM
[ReportManager] Target URL: [https://www.google.com/ncr], and after redirection: [www.google.com] @15-09-2021 10:26:27.0345 AM
[ReportManager] Initial URL: [data:,] @15-09-2021 10:26:27.0394 AM
[ReportManager] Browser Action [NavigateToURL] successfully performed. With the following test data [https://www.google.com/ncr]. @15-09-2021 10:26:28.0314 A

################################################################################################################################################
Starting Execution:	[22 out of 143] test cases in the current suite
Test Method:		[unitTests.tests_validations_assertions.assertElementAttribute_true_containsComparison_expectedToPass]
################################################################################################################################################
[ReportManager] Element Action [Type] successfully performed. With the following test data [Automation123]. @15-09-2021 10:26:28.0676 AM
[ReportManager] Element Action [GetText] successfully performed. With the following test data [Automation123]. @15-09-2021 10:26:28.0770 AM
[ReportManager] Loaded Shared OpenCV @15-09-2021 10:26:28.0932 AM
[ReportManager] Assertion [ValidateElementAttribute] PASSED. Expected [Value Should be 'Automation' for the 'text' attribute, element locator 'By.name: q'] and Actual [Automation123]. Comparison Type [CONTAINS]. Validation Type [POSITIVE]. @15-09-2021 10:26:29.0004 AM
[ReportManager] Successfully created attachment [Screenshot - 1631701588932_assertElementAttribute_true_containsComparison_expectedToPass_ValidateElementAttribute_passed] @15-09-2021 10:26:29.0005 A
[ReportManager] Browser Action [CloseCurrentWindow] successfully performed. @15-09-2021 10:26:29.0140 AM
[ReportManager] Successfully created attachment [Browser Action Test Data - CloseCurrentWindow - Actual Value] @15-09-2021 10:26:29.0141 A
[ReportManager] File Action [GetAbsolutePath] successfully performed. With the following test data [Relative Folder Path: "target/downloadedFiles/"]. @15-09-2021 10:26:29.0147 AM
[ReportManager] Attempting to run remotely on: [Linux-64], [GoogleChrome], [http://localhost:4444/wd/hub], Headless Execution. @15-09-2021 10:26:29.0147 AM
[ReportManager] Successfully Opened [GoogleChrome]. @15-09-2021 10:26:29.0475 AM
[ReportManager] Target URL: [https://www.google.com/ncr], and after redirection: [www.google.com] @15-09-2021 10:26:29.0489 AM
[ReportManager] Initial URL: [data:,] @15-09-2021 10:26:29.0527 AM
[ReportManager] Browser Action [NavigateToURL] successfully performed. With the following test data [https://www.google.com/ncr]. @15-09-2021 10:26:30.0391 A

################################################################################################################################################
Starting Execution:	[23 out of 143] test cases in the current suite
Test Method:		[unitTests.tests_validations_assertions.assertElementAttribute_true_literalComparison_expectedToFail]
################################################################################################################################################
[ReportManager] Element Action [Type] successfully performed. With the following test data [Automation!@#$%^&*()_+{}[]\';/.,]. @15-09-2021 10:26:30.0876 AM
[ReportManager] Element Action [GetText] successfully performed. With the following test data [Automation!@#$%^&*()_+{}[]\';/.,]. @15-09-2021 10:26:30.0997 AM
[ReportManager] Loaded Shared OpenCV @15-09-2021 10:26:31.0205 AM
[ReportManager] Assertion [ValidateElementAttribute] FAILED. Expected [Value Should be 'Automation' for the 'text' attribute, element locator 'By.name: q'] and Actual [Automation!@#$%^&*()_+{}[]\';/.,]. Comparison Type [EQUALS]. Validation Type [POSITIVE]. @15-09-2021 10:26:31.0299 AM
[ReportManager] Successfully created attachment [Screenshot - 1631701591205_assertElementAttribute_true_literalComparison_expectedToFail_ValidateElementAttribute_failed] @15-09-2021 10:26:31.0300 A
[ReportManager] Browser Action [CloseCurrentWindow] successfully performed. @15-09-2021 10:26:31.0453 AM
[ReportManager] Successfully created attachment [Browser Action Test Data - CloseCurrentWindow - Actual Value] @15-09-2021 10:26:31.0454 A
[ReportManager] File Action [GetAbsolutePath] successfully performed. With the following test data [Relative Folder Path: "target/downloadedFiles/"]. @15-09-2021 10:26:31.0456 AM
[ReportManager] Attempting to run remotely on: [Linux-64], [GoogleChrome], [http://localhost:4444/wd/hub], Headless Execution. @15-09-2021 10:26:31.0456 AM
[ReportManager] Successfully Opened [GoogleChrome]. @15-09-2021 10:26:31.0678 AM
[ReportManager] Target URL: [https://www.google.com/ncr], and after redirection: [www.google.com] @15-09-2021 10:26:31.0696 AM
[ReportManager] Initial URL: [data:,] @15-09-2021 10:26:31.0740 AM
[ReportManager] Browser Action [NavigateToURL] successfully performed. With the following test data [https://www.google.com/ncr]. @15-09-2021 10:26:32.0628 A

################################################################################################################################################
Starting Execution:	[24 out of 143] test cases in the current suite
Test Method:		[unitTests.tests_validations_assertions.assertElementAttribute_true_literalComparison_expectedToPass]
################################################################################################################################################
[ReportManager] Element Action [Type] successfully performed. With the following test data [Automation!@#$%^&*()_+{}[]\';/.,]. @15-09-2021 10:26:33.0068 AM
[ReportManager] Element Action [GetText] successfully performed. With the following test data [Automation!@#$%^&*()_+{}[]\';/.,]. @15-09-2021 10:26:33.0169 AM
[ReportManager] Loaded Shared OpenCV @15-09-2021 10:26:33.0327 AM
[ReportManager] Assertion [ValidateElementAttribute] PASSED. Expected [Value Should be 'Automation!@#$%^&*()_+{}[]\';/.,' for the 'text' attribute, element locator 'By.name: q'] and Actual [Automation!@#$%^&*()_+{}[]\';/.,]. Comparison Type [EQUALS]. Validation Type [POSITIVE]. @15-09-2021 10:26:33.0405 AM
[ReportManager] Successfully created attachment [Screenshot - 1631701593327_assertElementAttribute_true_literalComparison_expectedToPass_ValidateElementAttribute_passed] @15-09-2021 10:26:33.0406 A
[ReportManager] Browser Action [CloseCurrentWindow] successfully performed. @15-09-2021 10:26:33.0535 AM
[ReportManager] Successfully created attachment [Browser Action Test Data - CloseCurrentWindow - Actual Value] @15-09-2021 10:26:33.0536 A
[ReportManager] File Action [GetAbsolutePath] successfully performed. With the following test data [Relative Folder Path: "target/downloadedFiles/"]. @15-09-2021 10:26:33.0539 AM
[ReportManager] Attempting to run remotely on: [Linux-64], [GoogleChrome], [http://localhost:4444/wd/hub], Headless Execution. @15-09-2021 10:26:33.0540 AM
[ReportManager] Successfully Opened [GoogleChrome]. @15-09-2021 10:26:33.0751 AM
[ReportManager] Target URL: [https://www.google.com/ncr], and after redirection: [www.google.com] @15-09-2021 10:26:33.0761 AM
[ReportManager] Initial URL: [data:,] @15-09-2021 10:26:33.0800 AM
[ReportManager] Browser Action [NavigateToURL] successfully performed. With the following test data [https://www.google.com/ncr]. @15-09-2021 10:26:34.0655 A

################################################################################################################################################
Starting Execution:	[25 out of 143] test cases in the current suite
Test Method:		[unitTests.tests_validations_assertions.assertElementAttribute_true_regexComparison_expectedToFail]
################################################################################################################################################
[ReportManager] Element Action [Type] successfully performed. With the following test data [Automation123]. @15-09-2021 10:26:35.0001 AM
[ReportManager] Element Action [GetText] successfully performed. With the following test data [Automation123]. @15-09-2021 10:26:35.0103 AM
[ReportManager] Loaded Shared OpenCV @15-09-2021 10:26:35.0262 AM
[ReportManager] Assertion [ValidateElementAttribute] FAILED. Expected [Value Should be 'Automation' for the 'text' attribute, element locator 'By.name: q'] and Actual [Automation123]. Comparison Type [MATCHES]. Validation Type [POSITIVE]. @15-09-2021 10:26:35.0349 AM
[ReportManager] Successfully created attachment [Screenshot - 1631701595262_assertElementAttribute_true_regexComparison_expectedToFail_ValidateElementAttribute_failed] @15-09-2021 10:26:35.0351 A
[ReportManager] Browser Action [CloseCurrentWindow] successfully performed. @15-09-2021 10:26:35.0483 AM
[ReportManager] Successfully created attachment [Browser Action Test Data - CloseCurrentWindow - Actual Value] @15-09-2021 10:26:35.0484 A
[ReportManager] File Action [GetAbsolutePath] successfully performed. With the following test data [Relative Folder Path: "target/downloadedFiles/"]. @15-09-2021 10:26:35.0488 AM
[ReportManager] Attempting to run remotely on: [Linux-64], [GoogleChrome], [http://localhost:4444/wd/hub], Headless Execution. @15-09-2021 10:26:35.0488 AM
[ReportManager] Successfully Opened [GoogleChrome]. @15-09-2021 10:26:35.0706 AM
[ReportManager] Target URL: [https://www.google.com/ncr], and after redirection: [www.google.com] @15-09-2021 10:26:35.0721 AM
[ReportManager] Initial URL: [data:,] @15-09-2021 10:26:35.0774 AM
[ReportManager] Browser Action [NavigateToURL] successfully performed. With the following test data [https://www.google.com/ncr]. @15-09-2021 10:26:36.0644 A

################################################################################################################################################
Starting Execution:	[26 out of 143] test cases in the current suite
Test Method:		[unitTests.tests_validations_assertions.assertElementAttribute_true_regexComparison_expectedToPass]
################################################################################################################################################
[ReportManager] Element Action [Type] successfully performed. With the following test data [Automation123]. @15-09-2021 10:26:37.0000 AM
[ReportManager] Element Action [GetText] successfully performed. With the following test data [Automation123]. @15-09-2021 10:26:37.0103 AM
[ReportManager] Loaded Shared OpenCV @15-09-2021 10:26:37.0294 AM
[ReportManager] Assertion [ValidateElementAttribute] PASSED. Expected [Value Should be 'Automation.*' for the 'text' attribute, element locator 'By.name: q'] and Actual [Automation123]. Comparison Type [MATCHES]. Validation Type [POSITIVE]. @15-09-2021 10:26:37.0368 AM
[ReportManager] Successfully created attachment [Screenshot - 1631701597294_assertElementAttribute_true_regexComparison_expectedToPass_ValidateElementAttribute_passed] @15-09-2021 10:26:37.0369 A
[ReportManager] Browser Action [CloseCurrentWindow] successfully performed. @15-09-2021 10:26:37.0498 AM
[ReportManager] Successfully created attachment [Browser Action Test Data - CloseCurrentWindow - Actual Value] @15-09-2021 10:26:37.0499 A
[ReportManager] File Action [GetAbsolutePath] successfully performed. With the following test data [Relative Folder Path: "target/downloadedFiles/"]. @15-09-2021 10:26:37.0502 AM
[ReportManager] Attempting to run remotely on: [Linux-64], [GoogleChrome], [http://localhost:4444/wd/hub], Headless Execution. @15-09-2021 10:26:37.0502 AM
[ReportManager] Successfully Opened [GoogleChrome]. @15-09-2021 10:26:37.0702 AM
[ReportManager] Target URL: [https://www.google.com/ncr], and after redirection: [www.google.com] @15-09-2021 10:26:37.0715 AM
[ReportManager] Initial URL: [data:,] @15-09-2021 10:26:37.0758 AM
[ReportManager] Browser Action [NavigateToURL] successfully performed. With the following test data [https://www.google.com/ncr]. @15-09-2021 10:26:38.0607 A

################################################################################################################################################
Starting Execution:	[27 out of 143] test cases in the current suite
Test Method:		[unitTests.tests_validations_assertions.assertElementAttribute_type_true_literalComparison_expectedToPass]
################################################################################################################################################
[ReportManager] Element Action [Type] successfully performed. With the following test data [Automation!@#$%^&*()_+{}[]\';/.,]. @15-09-2021 10:26:39.0024 AM
[ReportManager] Element Action [GetText] successfully performed. With the following test data [Automation!@#$%^&*()_+{}[]\';/.,]. @15-09-2021 10:26:39.0114 AM
[ReportManager] Loaded Shared OpenCV @15-09-2021 10:26:39.0292 AM
[ReportManager] Assertion [ValidateElementAttribute] PASSED. Expected [Value Should be 'Automation!@#$%^&*()_+{}[]\';/.,' for the 'text' attribute, element locator 'By.name: q'] and Actual [Automation!@#$%^&*()_+{}[]\';/.,]. Comparison Type [EQUALS]. Validation Type [POSITIVE]. @15-09-2021 10:26:39.0371 AM
[ReportManager] Successfully created attachment [Screenshot - 1631701599292_assertElementAttribute_type_true_literalComparison_expectedToPass_ValidateElementAttribute_passed] @15-09-2021 10:26:39.0372 A
[ReportManager] Browser Action [CloseCurrentWindow] successfully performed. @15-09-2021 10:26:39.0496 AM
[ReportManager] Successfully created attachment [Browser Action Test Data - CloseCurrentWindow - Actual Value] @15-09-2021 10:26:39.0499 A
[ReportManager] File Action [GetAbsolutePath] successfully performed. With the following test data [Relative Folder Path: "target/downloadedFiles/"]. @15-09-2021 10:26:39.0503 AM
[ReportManager] Attempting to run remotely on: [Linux-64], [GoogleChrome], [http://localhost:4444/wd/hub], Headless Execution. @15-09-2021 10:26:39.0503 AM
[ReportManager] Successfully Opened [GoogleChrome]. @15-09-2021 10:26:39.0754 AM
[ReportManager] Target URL: [https://www.google.com/ncr], and after redirection: [www.google.com] @15-09-2021 10:26:39.0764 AM
[ReportManager] Initial URL: [data:,] @15-09-2021 10:26:39.0811 AM
[ReportManager] Browser Action [NavigateToURL] successfully performed. With the following test data [https://www.google.com/ncr]. @15-09-2021 10:26:40.0632 A

################################################################################################################################################
Starting Execution:	[28 out of 143] test cases in the current suite
Test Method:		[unitTests.tests_validations_assertions.assertElementExists_false_expectedToFail]
################################################################################################################################################
[ReportManager] Loaded Shared OpenCV @15-09-2021 10:26:40.0859 AM
[ReportManager] Assertion [ValidateElementExists] FAILED. Expected [Element Should not Exist, locator 'By.id: hplogo'] and Actual [Element Exists]. Comparison Type [EQUALS]. Validation Type [NEGATIVE]. @15-09-2021 10:26:40.0926 AM
[ReportManager] Successfully created attachment [Screenshot - 1631701600859_assertElementExists_false_expectedToFail_ValidateElementExists_failed] @15-09-2021 10:26:40.0928 A
[ReportManager] Browser Action [CloseCurrentWindow] successfully performed. @15-09-2021 10:26:41.0052 AM
[ReportManager] Successfully created attachment [Browser Action Test Data - CloseCurrentWindow - Actual Value] @15-09-2021 10:26:41.0053 A
[ReportManager] File Action [GetAbsolutePath] successfully performed. With the following test data [Relative Folder Path: "target/downloadedFiles/"]. @15-09-2021 10:26:41.0056 AM
[ReportManager] Attempting to run remotely on: [Linux-64], [GoogleChrome], [http://localhost:4444/wd/hub], Headless Execution. @15-09-2021 10:26:41.0056 AM
[ReportManager] Successfully Opened [GoogleChrome]. @15-09-2021 10:26:41.0271 AM
[ReportManager] Target URL: [https://www.google.com/ncr], and after redirection: [www.google.com] @15-09-2021 10:26:41.0288 AM
[ReportManager] Initial URL: [data:,] @15-09-2021 10:26:41.0345 AM
[ReportManager] Browser Action [NavigateToURL] successfully performed. With the following test data [https://www.google.com/ncr]. @15-09-2021 10:26:42.0212 A

################################################################################################################################################
Starting Execution:	[29 out of 143] test cases in the current suite
Test Method:		[unitTests.tests_validations_assertions.assertElementExists_false_expectedToPass]
################################################################################################################################################
[ReportManager] Assertion [ValidateElementExists] PASSED. Expected [Element Should not Exist, locator 'By.id: fakeElement'] and Actual [Element Doesn't Exists]. Comparison Type [EQUALS]. Validation Type [NEGATIVE]. @15-09-2021 10:26:52.0635 AM
[ReportManager] Successfully created attachment [Screenshot - 1631701612547_assertElementExists_false_expectedToPass_ValidateElementExists_passed] @15-09-2021 10:26:52.0636 A
[ReportManager] Browser Action [CloseCurrentWindow] successfully performed. @15-09-2021 10:26:52.0772 AM
[ReportManager] Successfully created attachment [Browser Action Test Data - CloseCurrentWindow - Actual Value] @15-09-2021 10:26:52.0773 A
[ReportManager] File Action [GetAbsolutePath] successfully performed. With the following test data [Relative Folder Path: "target/downloadedFiles/"]. @15-09-2021 10:26:52.0775 AM
[ReportManager] Attempting to run remotely on: [Linux-64], [GoogleChrome], [http://localhost:4444/wd/hub], Headless Execution. @15-09-2021 10:26:52.0777 AM
[ReportManager] Successfully Opened [GoogleChrome]. @15-09-2021 10:26:52.0963 AM
[ReportManager] Target URL: [https://www.google.com/ncr], and after redirection: [www.google.com] @15-09-2021 10:26:52.0987 AM
[ReportManager] Initial URL: [data:,] @15-09-2021 10:26:53.0032 AM
[ReportManager] Browser Action [NavigateToURL] successfully performed. With the following test data [https://www.google.com/ncr]. @15-09-2021 10:26:53.0891 A

################################################################################################################################################
Starting Execution:	[30 out of 143] test cases in the current suite
Test Method:		[unitTests.tests_validations_assertions.assertElementExists_false_multipleElementsFound_expectedToFail]
################################################################################################################################################
[ReportManager] Assertion [ValidateElementExists] FAILED. Expected [Element Should not Exist, locator 'By.xpath: //div'] and Actual [Element Exists but is not unique]. Comparison Type [EQUALS]. Validation Type [NEGATIVE]. @15-09-2021 10:26:54.0150 AM
[ReportManager] Successfully created attachment [Screenshot - 1631701614090_assertElementExists_false_multipleElementsFound_expectedToFail_ValidateElementExists_failed] @15-09-2021 10:26:54.0151 A
[ReportManager] Browser Action [CloseCurrentWindow] successfully performed. @15-09-2021 10:26:54.0277 AM
[ReportManager] Successfully created attachment [Browser Action Test Data - CloseCurrentWindow - Actual Value] @15-09-2021 10:26:54.0278 A
[ReportManager] File Action [GetAbsolutePath] successfully performed. With the following test data [Relative Folder Path: "target/downloadedFiles/"]. @15-09-2021 10:26:54.0281 AM
[ReportManager] Attempting to run remotely on: [Linux-64], [GoogleChrome], [http://localhost:4444/wd/hub], Headless Execution. @15-09-2021 10:26:54.0281 AM
[ReportManager] Successfully Opened [GoogleChrome]. @15-09-2021 10:26:54.0477 AM
[ReportManager] Target URL: [https://www.google.com/ncr], and after redirection: [www.google.com] @15-09-2021 10:26:54.0498 AM
[ReportManager] Initial URL: [data:,] @15-09-2021 10:26:54.0553 AM
[ReportManager] Browser Action [NavigateToURL] successfully performed. With the following test data [https://www.google.com/ncr]. @15-09-2021 10:26:55.0437 A

################################################################################################################################################
Starting Execution:	[31 out of 143] test cases in the current suite
Test Method:		[unitTests.tests_validations_assertions.assertElementExists_true_expectedToFail]
################################################################################################################################################
[ReportManager] Assertion [ValidateElementExists] FAILED. Expected [Element Should Exist, locator 'By.id: fakeElement'] and Actual [Element Doesn't Exists]. Comparison Type [EQUALS]. Validation Type [POSITIVE]. @15-09-2021 10:27:26.0123 AM
[ReportManager] Successfully created attachment [Screenshot - 1631701646058_assertElementExists_true_expectedToFail_ValidateElementExists_failed] @15-09-2021 10:27:26.0124 A
[ReportManager] Browser Action [CloseCurrentWindow] successfully performed. @15-09-2021 10:27:26.0251 AM
[ReportManager] Successfully created attachment [Browser Action Test Data - CloseCurrentWindow - Actual Value] @15-09-2021 10:27:26.0253 A
[ReportManager] File Action [GetAbsolutePath] successfully performed. With the following test data [Relative Folder Path: "target/downloadedFiles/"]. @15-09-2021 10:27:26.0256 AM
[ReportManager] Attempting to run remotely on: [Linux-64], [GoogleChrome], [http://localhost:4444/wd/hub], Headless Execution. @15-09-2021 10:27:26.0256 AM
[ReportManager] Successfully Opened [GoogleChrome]. @15-09-2021 10:27:26.0453 AM
[ReportManager] Target URL: [https://www.google.com/ncr], and after redirection: [www.google.com] @15-09-2021 10:27:26.0472 AM
[ReportManager] Initial URL: [data:,] @15-09-2021 10:27:26.0508 AM
[ReportManager] Browser Action [NavigateToURL] successfully performed. With the following test data [https://www.google.com/ncr]. @15-09-2021 10:27:27.0366 A

################################################################################################################################################
Starting Execution:	[32 out of 143] test cases in the current suite
Test Method:		[unitTests.tests_validations_assertions.assertElementExists_true_expectedToPass]
################################################################################################################################################
[ReportManager] Loaded Shared OpenCV @15-09-2021 10:27:27.0572 AM
[ReportManager] Assertion [ValidateElementExists] PASSED. Expected [Element Should Exist, locator 'By.xpath: //*[@id='hplogo' or @alt='Google']'] and Actual [Element Exists]. Comparison Type [EQUALS]. Validation Type [POSITIVE]. @15-09-2021 10:27:27.0648 AM
[ReportManager] Successfully created attachment [Screenshot - 1631701647572_assertElementExists_true_expectedToPass_ValidateElementExists_passed] @15-09-2021 10:27:27.0649 A
[ReportManager] Browser Action [CloseCurrentWindow] successfully performed. @15-09-2021 10:27:27.0775 AM
[ReportManager] Successfully created attachment [Browser Action Test Data - CloseCurrentWindow - Actual Value] @15-09-2021 10:27:27.0776 A
[ReportManager] File Action [GetAbsolutePath] successfully performed. With the following test data [Relative Folder Path: "target/downloadedFiles/"]. @15-09-2021 10:27:27.0778 AM
[ReportManager] Attempting to run remotely on: [Linux-64], [GoogleChrome], [http://localhost:4444/wd/hub], Headless Execution. @15-09-2021 10:27:27.0778 AM
[ReportManager] Successfully Opened [GoogleChrome]. @15-09-2021 10:27:27.0999 AM
[ReportManager] Target URL: [https://www.google.com/ncr], and after redirection: [www.google.com] @15-09-2021 10:27:28.0009 AM
[ReportManager] Initial URL: [data:,] @15-09-2021 10:27:28.0055 AM
[ReportManager] Browser Action [NavigateToURL] successfully performed. With the following test data [https://www.google.com/ncr]. @15-09-2021 10:27:28.0890 A

################################################################################################################################################
Starting Execution:	[33 out of 143] test cases in the current suite
Test Method:		[unitTests.tests_validations_assertions.assertElementExists_true_multipleElementsFound_expectedToFail]
################################################################################################################################################
[ReportManager] Assertion [ValidateElementExists] FAILED. Expected [Element Should Exist, locator 'By.xpath: //div'] and Actual [Element Exists but is not unique]. Comparison Type [EQUALS]. Validation Type [POSITIVE]. @15-09-2021 10:27:29.0157 AM
[ReportManager] Successfully created attachment [Screenshot - 1631701649091_assertElementExists_true_multipleElementsFound_expectedToFail_ValidateElementExists_failed] @15-09-2021 10:27:29.0158 A
[ReportManager] Browser Action [CloseCurrentWindow] successfully performed. @15-09-2021 10:27:29.0278 AM
[ReportManager] Successfully created attachment [Browser Action Test Data - CloseCurrentWindow - Actual Value] @15-09-2021 10:27:29.0279 A

################################################################################################################################################
Starting Execution:	[34 out of 143] test cases in the current suite
Test Method:		[unitTests.tests_validations_assertions.assertEquals_false_expectedToFail]
################################################################################################################################################
[ReportManager] Assertion [ValidateEquals] FAILED. Expected [1] and Actual [1]. Comparison Type [EQUALS]. Validation Type [NEGATIVE]. @15-09-2021 10:27:29.0286 A

################################################################################################################################################
Starting Execution:	[35 out of 143] test cases in the current suite
Test Method:		[unitTests.tests_validations_assertions.assertEquals_false_expectedToPass]
################################################################################################################################################
[ReportManager] Assertion [ValidateEquals] PASSED. Expected [1] and Actual [2]. Comparison Type [EQUALS]. Validation Type [NEGATIVE]. @15-09-2021 10:27:29.0290 A

################################################################################################################################################
Starting Execution:	[36 out of 143] test cases in the current suite
Test Method:		[unitTests.tests_validations_assertions.assertEquals_longCharacters]
################################################################################################################################################
[ReportManager] Verification [ValidateEquals] PASSED. Expected and Actual values are attached. Comparison Type [EQUALS]. Validation Type [POSITIVE]. @15-09-2021 10:27:29.0299 AM
[ReportManager] Successfully created attachment [Validation Test Data - Expected Value] @15-09-2021 10:27:29.0300 AM
[ReportManager] Successfully created attachment [Validation Test Data - Actual Value] @15-09-2021 10:27:29.0300 AM
[ReportManager] Assertion [ValidateEquals] PASSED. Expected and Actual values are attached. Comparison Type [EQUALS]. Validation Type [POSITIVE]. @15-09-2021 10:27:29.0300 AM
[ReportManager] Successfully created attachment [Validation Test Data - Expected Value] @15-09-2021 10:27:29.0300 AM
[ReportManager] Successfully created attachment [Validation Test Data - Actual Value] @15-09-2021 10:27:29.0301 A

################################################################################################################################################
Starting Execution:	[37 out of 143] test cases in the current suite
Test Method:		[unitTests.tests_validations_assertions.assertEquals_longCharacters_Discreet]
################################################################################################################################################
[ReportManager] Assertion [ValidateEquals] PASSED. Expected [1LH5pROcDBjjQk0t0mCr0lXuzQu9lcGj28kY8R1H81X67eVAQJgWQhILiRWVPUgZ6uCtK5cnBkF55Jr9vYngjGO1Iyf0Mktv6lruDlL9T8MAUPcUZJGHZtji6nIeadujDSNmWMj5d6C8zlFqw0CRqBU0hO5adIasHgBSNoLotAjce3NGXoDwAlp3rYreeV16VIyZXROQY] and Actual [1LH5pROcDBjjQk0t0mCr0lXuzQu9lcGj28kY8R1H81X67eVAQJgWQhILiRWVPUgZ6uCtK5cnBkF55Jr9vYngjGO1Iyf0Mktv6lruDlL9T8MAUPcUZJGHZtji6nIeadujDSNmWMj5d6C8zlFqw0CRqBU0hO5adIasHgBSNoLotAjce3NGXoDwAlp3rYreeV16VIyZXROQY]. Comparison Type [EQUALS]. Validation Type [POSITIVE]. @15-09-2021 10:27:29.0304 A

################################################################################################################################################
Starting Execution:	[38 out of 143] test cases in the current suite
Test Method:		[unitTests.tests_validations_assertions.assertEquals_true_expectedToFail]
################################################################################################################################################
[ReportManager] Assertion [ValidateEquals] FAILED. Expected [1] and Actual [2]. Comparison Type [EQUALS]. Validation Type [POSITIVE]. @15-09-2021 10:27:29.0307 A

################################################################################################################################################
Starting Execution:	[39 out of 143] test cases in the current suite
Test Method:		[unitTests.tests_validations_assertions.assertEquals_true_expectedToPass]
Test Description:	[Assert that assertEquals works as expected when the two values are equal.]
################################################################################################################################################
[ReportManager] Verification [ValidateEquals] PASSED. Expected [1] and Actual [1]. Comparison Type [EQUALS]. Validation Type [POSITIVE]. @15-09-2021 10:27:29.0314 AM
[ReportManager] Assertion [ValidateEquals] PASSED. Expected [1] and Actual [1]. Comparison Type [EQUALS]. Validation Type [POSITIVE]. @15-09-2021 10:27:29.0314 A

################################################################################################################################################
Starting Execution:	[40 out of 143] test cases in the current suite
Test Method:		[unitTests.tests_validations_assertions.assertEquals_true_expectedToPass__]
################################################################################################################################################
[ReportManager] Assertion [ValidateEquals] PASSED. Expected [1] and Actual [1]. Comparison Type [EQUALS]. Validation Type [POSITIVE]. @15-09-2021 10:27:29.0317 A

################################################################################################################################################
Starting Execution:	[41 out of 143] test cases in the current suite
Test Method:		[unitTests.tests_validations_assertions.assertFileExists_false_expectedToFail]
################################################################################################################################################
[ReportManager] File Action [DoesFileExist] successfully performed. With the following test data [File Path: "src/main/java/com/shaft/gui/element/ElementActions.java"]. @15-09-2021 10:27:29.0321 AM
[ReportManager] Assertion [ValidateFileExists] FAILED. Expected [File 'src/main/java/com/shaft/gui/element/ElementActions.java' should not exist, after up to '1' retries] and Actual [File exists]. Validation Type [NEGATIVE]. @15-09-2021 10:27:29.0325 A

################################################################################################################################################
Starting Execution:	[42 out of 143] test cases in the current suite
Test Method:		[unitTests.tests_validations_assertions.assertFileExists_false_expectedToPass]
################################################################################################################################################
[ReportManager] File Action [DoesFileExist] successfully performed. With the following test data [File Path: "src/main/java/com/shaft/gui/element/ElementActions.java_fail"]. @15-09-2021 10:27:29.0831 AM
[ReportManager] Assertion [ValidateFileExists] PASSED. Expected [File 'src/main/java/com/shaft/gui/element/ElementActions.java_fail' should not exist, after up to '1' retries] and Actual [File does not exist]. Validation Type [NEGATIVE]. @15-09-2021 10:27:29.0832 A

################################################################################################################################################
Starting Execution:	[43 out of 143] test cases in the current suite
Test Method:		[unitTests.tests_validations_assertions.assertFileExists_true_expectedToFail]
################################################################################################################################################
[ReportManager] File Action [DoesFileExist] successfully performed. With the following test data [File Path: "src/main/java/com/shaft/gui/element/ElementActions.java_fail"]. @15-09-2021 10:27:30.0340 AM
[ReportManager] Assertion [ValidateFileExists] FAILED. Expected [File 'src/main/java/com/shaft/gui/element/ElementActions.java_fail' should exist, after up to '1' retries] and Actual [File does not exist]. Validation Type [POSITIVE]. @15-09-2021 10:27:30.0341 A

################################################################################################################################################
Starting Execution:	[44 out of 143] test cases in the current suite
Test Method:		[unitTests.tests_validations_assertions.assertFileExists_true_expectedToPass]
################################################################################################################################################
[ReportManager] File Action [DoesFileExist] successfully performed. With the following test data [File Path: "src/main/java/com/shaft/gui/element/ElementActions.java"]. @15-09-2021 10:27:30.0344 AM
[ReportManager] Assertion [ValidateFileExists] PASSED. Expected [File 'src/main/java/com/shaft/gui/element/ElementActions.java' should exist, after up to '1' retries] and Actual [File exists]. Validation Type [POSITIVE]. @15-09-2021 10:27:30.0344 A

################################################################################################################################################
Starting Execution:	[45 out of 143] test cases in the current suite
Test Method:		[unitTests.tests_validations_assertions.assertNull_false_expectedToFail]
################################################################################################################################################
[ReportManager] Assertion [ValidateNull] FAILED. Expected [NULL] and Actual [NULL]. Comparison Type [EQUALS]. Validation Type [NEGATIVE]. @15-09-2021 10:27:30.0346 A

################################################################################################################################################
Starting Execution:	[46 out of 143] test cases in the current suite
Test Method:		[unitTests.tests_validations_assertions.assertNull_false_expectedToPass]
################################################################################################################################################
[ReportManager] Assertion [ValidateNull] PASSED. Expected [NULL] and Actual [1]. Comparison Type [EQUALS]. Validation Type [NEGATIVE]. @15-09-2021 10:27:30.0354 A

################################################################################################################################################
Starting Execution:	[47 out of 143] test cases in the current suite
Test Method:		[unitTests.tests_validations_assertions.assertNull_true_expectedToFail]
################################################################################################################################################
[ReportManager] Assertion [ValidateNull] FAILED. Expected [NULL] and Actual [1]. Comparison Type [EQUALS]. Validation Type [POSITIVE]. @15-09-2021 10:27:30.0362 A

################################################################################################################################################
Starting Execution:	[48 out of 143] test cases in the current suite
Test Method:		[unitTests.tests_validations_assertions.assertNull_true_expectedToPass]
################################################################################################################################################
[ReportManager] Assertion [ValidateNull] PASSED. Expected [NULL] and Actual [NULL]. Comparison Type [EQUALS]. Validation Type [POSITIVE]. @15-09-2021 10:27:30.0366 A
[ReportManager] Successfully loaded the following test data file [src/test/resources/TestDataFiles/testSuite01/TestData.xlsx]. @15-09-2021 10:27:31.0163 AM
[ReportManager] Successfully created attachment [Test Data - Excel] @15-09-2021 10:27:31.0164 A

################################################################################################################################################
Starting Execution:	[49 out of 143] test cases in the current suite
Test Method:		[unitTests.tests_io_excelFileManager.getCellData_rowName_expectedToPass]
################################################################################################################################################
[ReportManager] testRowData. @15-09-2021 10:27:31.0175 A
[ReportManager] File Action [GetAbsolutePath] successfully performed. With the following test data [Relative Folder Path: "target/downloadedFiles/"]. @15-09-2021 10:27:31.0177 AM
[ReportManager] Attempting to run remotely on: [Linux-64], [GoogleChrome], [http://localhost:4444/wd/hub], Headless Execution. @15-09-2021 10:27:31.0178 AM
[ReportManager] Successfully Opened [GoogleChrome]. @15-09-2021 10:27:31.0495 AM
[ReportManager] Target URL: [https://duckduckgo.com] @15-09-2021 10:27:31.0512 AM
[ReportManager] Initial URL: [data:,] @15-09-2021 10:27:31.0552 AM
[ReportManager] Browser Action [NavigateToURL] successfully performed. With the following test data [https://duckduckgo.com]. @15-09-2021 10:27:32.0099 A

################################################################################################################################################
Starting Execution:	[50 out of 143] test cases in the current suite
Test Method:		[unitTests.tests_browserActions.fullScreenWindow]
################################################################################################################################################
[ReportManager] Initial Windows Size: 800x600 @15-09-2021 10:27:32.0109 AM
[ReportManager] Initial window size: (800, 600) @15-09-2021 10:27:32.0111 AM
[ReportManager] Window size after Toolkit: (1920, 1080) @15-09-2021 10:27:32.0337 AM
[ReportManager] Browser Action [MaximizeWindow] successfully performed. With the following test data [New screen size is now: (1920, 1080)]. @15-09-2021 10:27:32.0344 AM
[ReportManager] Current Windows Size after fullScreen: 1920x1080 @15-09-2021 10:27:32.0348 AM
[ReportManager] Browser Action [FullScreenWindow] successfully performed. @15-09-2021 10:27:32.0366 AM
[ReportManager] Successfully created attachment [Browser Action Test Data - FullScreenWindow - Actual Value] @15-09-2021 10:27:32.0368 A
[ReportManager] Target URL: [https://duckduckgo.com] @15-09-2021 10:27:32.0371 AM
[ReportManager] Initial URL: [https://duckduckgo.com] @15-09-2021 10:27:32.0437 AM
[ReportManager] Browser Action [NavigateToURL] successfully performed. With the following test data [https://duckduckgo.com]. @15-09-2021 10:27:32.0745 AM
[ReportManager] Browser Action [CloseCurrentWindow] successfully performed. @15-09-2021 10:27:32.0847 AM
[ReportManager] Successfully created attachment [Browser Action Test Data - CloseCurrentWindow - Actual Value] @15-09-2021 10:27:32.0849 A
[ReportManager] File Action [GetAbsolutePath] successfully performed. With the following test data [Relative Folder Path: "target/downloadedFiles/"]. @15-09-2021 10:27:32.0851 AM
[ReportManager] Attempting to run remotely on: [Linux-64], [GoogleChrome], [http://localhost:4444/wd/hub], Headless Execution. @15-09-2021 10:27:32.0852 AM
[ReportManager] Successfully Opened [GoogleChrome]. @15-09-2021 10:27:33.0064 AM
[ReportManager] Target URL: [https://duckduckgo.com] @15-09-2021 10:27:33.0075 AM
[ReportManager] Initial URL: [data:,] @15-09-2021 10:27:33.0114 AM
[ReportManager] Browser Action [NavigateToURL] successfully performed. With the following test data [https://duckduckgo.com]. @15-09-2021 10:27:33.0614 A

################################################################################################################################################
Starting Execution:	[51 out of 143] test cases in the current suite
Test Method:		[unitTests.tests_browserActions.getCurrentURL]
################################################################################################################################################
[ReportManager] Browser Action [GetCurrentURL] successfully performed. With the following test data [https://duckduckgo.com/]. @15-09-2021 10:27:33.0657 A
[ReportManager] Target URL: [https://duckduckgo.com] @15-09-2021 10:27:33.0660 AM
[ReportManager] Initial URL: [https://duckduckgo.com] @15-09-2021 10:27:33.0712 AM
[ReportManager] Browser Action [NavigateToURL] successfully performed. With the following test data [https://duckduckgo.com]. @15-09-2021 10:27:34.0011 AM
[ReportManager] Browser Action [CloseCurrentWindow] successfully performed. @15-09-2021 10:27:34.0113 AM
[ReportManager] Successfully created attachment [Browser Action Test Data - CloseCurrentWindow - Actual Value] @15-09-2021 10:27:34.0116 A
[ReportManager] File Action [GetAbsolutePath] successfully performed. With the following test data [Relative Folder Path: "target/downloadedFiles/"]. @15-09-2021 10:27:34.0118 AM
[ReportManager] Attempting to run remotely on: [Linux-64], [GoogleChrome], [http://localhost:4444/wd/hub], Headless Execution. @15-09-2021 10:27:34.0118 AM
[ReportManager] Successfully Opened [GoogleChrome]. @15-09-2021 10:27:34.0310 AM
[ReportManager] Target URL: [https://duckduckgo.com] @15-09-2021 10:27:34.0323 AM
[ReportManager] Initial URL: [data:,] @15-09-2021 10:27:34.0375 AM
[ReportManager] Browser Action [NavigateToURL] successfully performed. With the following test data [https://duckduckgo.com]. @15-09-2021 10:27:34.0954 A

################################################################################################################################################
Starting Execution:	[52 out of 143] test cases in the current suite
Test Method:		[unitTests.tests_browserActions.getCurrentWindowTitle]
################################################################################################################################################
[ReportManager] Browser Action [GetCurrentWindowTitle] successfully performed. With the following test data [DuckDuckGo  Privacy, simplified.]. @15-09-2021 10:27:34.0999 A
[ReportManager] Target URL: [https://duckduckgo.com] @15-09-2021 10:27:35.0008 AM
[ReportManager] Initial URL: [https://duckduckgo.com] @15-09-2021 10:27:35.0070 AM
[ReportManager] Browser Action [NavigateToURL] successfully performed. With the following test data [https://duckduckgo.com]. @15-09-2021 10:27:35.0414 AM
[ReportManager] Browser Action [CloseCurrentWindow] successfully performed. @15-09-2021 10:27:35.0520 AM
[ReportManager] Successfully created attachment [Browser Action Test Data - CloseCurrentWindow - Actual Value] @15-09-2021 10:27:35.0520 A
[ReportManager] File Action [GetAbsolutePath] successfully performed. With the following test data [Relative Folder Path: "target/downloadedFiles/"]. @15-09-2021 10:27:35.0535 AM
[ReportManager] Attempting to run remotely on: [Linux-64], [GoogleChrome], [http://localhost:4444/wd/hub], Headless Execution. @15-09-2021 10:27:35.0537 AM
[ReportManager] Successfully Opened [GoogleChrome]. @15-09-2021 10:27:35.0726 AM
[ReportManager] Target URL: [https://duckduckgo.com] @15-09-2021 10:27:35.0736 AM
[ReportManager] Initial URL: [data:,] @15-09-2021 10:27:35.0772 AM
[ReportManager] Browser Action [NavigateToURL] successfully performed. With the following test data [https://duckduckgo.com]. @15-09-2021 10:27:36.0249 A

################################################################################################################################################
Starting Execution:	[53 out of 143] test cases in the current suite
Test Method:		[unitTests.tests_browserActions.getPageSource]
################################################################################################################################################
[ReportManager] Browser Action [GetPageSource] successfully performed. @15-09-2021 10:27:36.0295 AM
[ReportManager] Successfully created attachment [Browser Action Test Data - GetPageSource - Actual Value] @15-09-2021 10:27:36.0295 A
[ReportManager] Target URL: [https://duckduckgo.com] @15-09-2021 10:27:36.0298 AM
[ReportManager] Initial URL: [https://duckduckgo.com] @15-09-2021 10:27:36.0374 AM
[ReportManager] Browser Action [NavigateToURL] successfully performed. With the following test data [https://duckduckgo.com]. @15-09-2021 10:27:36.0677 AM
[ReportManager] Browser Action [CloseCurrentWindow] successfully performed. @15-09-2021 10:27:36.0777 AM
[ReportManager] Successfully created attachment [Browser Action Test Data - CloseCurrentWindow - Actual Value] @15-09-2021 10:27:36.0778 A
[ReportManager] File Action [GetAbsolutePath] successfully performed. With the following test data [Relative Folder Path: "target/downloadedFiles/"]. @15-09-2021 10:27:36.0780 AM
[ReportManager] Attempting to run remotely on: [Linux-64], [GoogleChrome], [http://localhost:4444/wd/hub], Headless Execution. @15-09-2021 10:27:36.0780 AM
[ReportManager] Successfully Opened [GoogleChrome]. @15-09-2021 10:27:36.0986 AM
[ReportManager] Target URL: [https://duckduckgo.com] @15-09-2021 10:27:36.0996 AM
[ReportManager] Initial URL: [data:,] @15-09-2021 10:27:37.0038 AM
[ReportManager] Browser Action [NavigateToURL] successfully performed. With the following test data [https://duckduckgo.com]. @15-09-2021 10:27:37.0537 A

################################################################################################################################################
Starting Execution:	[54 out of 143] test cases in the current suite
Test Method:		[unitTests.tests_browserActions.getWindowHandle]
################################################################################################################################################
[ReportManager] Browser Action [GetWindowHandle] successfully performed. With the following test data [CDwindow-FABF425B8ED47E1B739C18C398F502B0]. @15-09-2021 10:27:37.0575 A
[ReportManager] Target URL: [https://duckduckgo.com] @15-09-2021 10:27:37.0577 AM
[ReportManager] Initial URL: [https://duckduckgo.com] @15-09-2021 10:27:37.0644 AM
[ReportManager] Browser Action [NavigateToURL] successfully performed. With the following test data [https://duckduckgo.com]. @15-09-2021 10:27:38.0016 AM
[ReportManager] Browser Action [CloseCurrentWindow] successfully performed. @15-09-2021 10:27:38.0120 AM
[ReportManager] Successfully created attachment [Browser Action Test Data - CloseCurrentWindow - Actual Value] @15-09-2021 10:27:38.0121 A
[ReportManager] File Action [GetAbsolutePath] successfully performed. With the following test data [Relative Folder Path: "target/downloadedFiles/"]. @15-09-2021 10:27:38.0130 AM
[ReportManager] Attempting to run remotely on: [Linux-64], [GoogleChrome], [http://localhost:4444/wd/hub], Headless Execution. @15-09-2021 10:27:38.0130 AM
[ReportManager] Successfully Opened [GoogleChrome]. @15-09-2021 10:27:38.0363 AM
[ReportManager] Target URL: [https://duckduckgo.com] @15-09-2021 10:27:38.0377 AM
[ReportManager] Initial URL: [data:,] @15-09-2021 10:27:38.0428 AM
[ReportManager] Browser Action [NavigateToURL] successfully performed. With the following test data [https://duckduckgo.com]. @15-09-2021 10:27:38.0894 A

################################################################################################################################################
Starting Execution:	[55 out of 143] test cases in the current suite
Test Method:		[unitTests.tests_browserActions.getWindowPosition]
################################################################################################################################################
[ReportManager] Browser Action [GetWindowPosition] successfully performed. With the following test data [(0, 0)]. @15-09-2021 10:27:38.0944 A
[ReportManager] Target URL: [https://duckduckgo.com] @15-09-2021 10:27:38.0945 AM
[ReportManager] Initial URL: [https://duckduckgo.com] @15-09-2021 10:27:38.0998 AM
[ReportManager] Browser Action [NavigateToURL] successfully performed. With the following test data [https://duckduckgo.com]. @15-09-2021 10:27:39.0315 AM
[ReportManager] Browser Action [CloseCurrentWindow] successfully performed. @15-09-2021 10:27:39.0432 AM
[ReportManager] Successfully created attachment [Browser Action Test Data - CloseCurrentWindow - Actual Value] @15-09-2021 10:27:39.0434 A
[ReportManager] File Action [GetAbsolutePath] successfully performed. With the following test data [Relative Folder Path: "target/downloadedFiles/"]. @15-09-2021 10:27:39.0438 AM
[ReportManager] Attempting to run remotely on: [Linux-64], [GoogleChrome], [http://localhost:4444/wd/hub], Headless Execution. @15-09-2021 10:27:39.0440 AM
[ReportManager] Successfully Opened [GoogleChrome]. @15-09-2021 10:27:39.0719 AM
[ReportManager] Target URL: [https://duckduckgo.com] @15-09-2021 10:27:39.0734 AM
[ReportManager] Initial URL: [data:,] @15-09-2021 10:27:39.0773 AM
[ReportManager] Browser Action [NavigateToURL] successfully performed. With the following test data [https://duckduckgo.com]. @15-09-2021 10:27:40.0417 A

################################################################################################################################################
Starting Execution:	[56 out of 143] test cases in the current suite
Test Method:		[unitTests.tests_browserActions.getWindowSize]
################################################################################################################################################
[ReportManager] Browser Action [GetWindowSize] successfully performed. With the following test data [(800, 600)]. @15-09-2021 10:27:40.0460 A
[ReportManager] Target URL: [https://duckduckgo.com] @15-09-2021 10:27:40.0463 AM
[ReportManager] Initial URL: [https://duckduckgo.com] @15-09-2021 10:27:40.0513 AM
[ReportManager] Browser Action [NavigateToURL] successfully performed. With the following test data [https://duckduckgo.com]. @15-09-2021 10:27:40.0881 AM
[ReportManager] Browser Action [CloseCurrentWindow] successfully performed. @15-09-2021 10:27:40.0995 AM
[ReportManager] Successfully created attachment [Browser Action Test Data - CloseCurrentWindow - Actual Value] @15-09-2021 10:27:40.0996 A
[ReportManager] File Action [GetAbsolutePath] successfully performed. With the following test data [Relative Folder Path: "target/downloadedFiles/"]. @15-09-2021 10:27:40.0998 AM
[ReportManager] Attempting to run remotely on: [Linux-64], [GoogleChrome], [http://localhost:4444/wd/hub], Headless Execution. @15-09-2021 10:27:40.0998 AM
[ReportManager] Successfully Opened [GoogleChrome]. @15-09-2021 10:27:41.0254 AM
[ReportManager] Target URL: [https://duckduckgo.com] @15-09-2021 10:27:41.0266 AM
[ReportManager] Initial URL: [data:,] @15-09-2021 10:27:41.0302 AM
[ReportManager] Browser Action [NavigateToURL] successfully performed. With the following test data [https://duckduckgo.com]. @15-09-2021 10:27:41.0800 A

################################################################################################################################################
Starting Execution:	[57 out of 143] test cases in the current suite
Test Method:		[unitTests.tests_browserActions.maximizeWindow]
################################################################################################################################################
[ReportManager] Initial window size: (800, 600) @15-09-2021 10:27:41.0810 AM
[ReportManager] Window size after Toolkit: (1920, 1080) @15-09-2021 10:27:42.0031 AM
[ReportManager] Browser Action [MaximizeWindow] successfully performed. With the following test data [New screen size is now: (1920, 1080)]. @15-09-2021 10:27:42.0040 A
[ReportManager] Target URL: [https://duckduckgo.com] @15-09-2021 10:27:42.0043 AM
[ReportManager] Initial URL: [https://duckduckgo.com] @15-09-2021 10:27:42.0135 AM
[ReportManager] Browser Action [NavigateToURL] successfully performed. With the following test data [https://duckduckgo.com]. @15-09-2021 10:27:42.0458 AM
[ReportManager] Browser Action [CloseCurrentWindow] successfully performed. @15-09-2021 10:27:42.0582 AM
[ReportManager] Successfully created attachment [Browser Action Test Data - CloseCurrentWindow - Actual Value] @15-09-2021 10:27:42.0583 A
[ReportManager] File Action [GetAbsolutePath] successfully performed. With the following test data [Relative Folder Path: "target/downloadedFiles/"]. @15-09-2021 10:27:42.0585 AM
[ReportManager] Attempting to run remotely on: [Linux-64], [GoogleChrome], [http://localhost:4444/wd/hub], Headless Execution. @15-09-2021 10:27:42.0586 AM
[ReportManager] Successfully Opened [GoogleChrome]. @15-09-2021 10:27:42.0839 AM
[ReportManager] Target URL: [https://duckduckgo.com] @15-09-2021 10:27:42.0850 AM
[ReportManager] Initial URL: [data:,] @15-09-2021 10:27:42.0891 AM
[ReportManager] Browser Action [NavigateToURL] successfully performed. With the following test data [https://duckduckgo.com]. @15-09-2021 10:27:43.0354 A

################################################################################################################################################
Starting Execution:	[58 out of 143] test cases in the current suite
Test Method:		[unitTests.tests_browserActions.navigateBack]
################################################################################################################################################
[ReportManager] Target URL: [https://www.google.com/ncr], and after redirection: [https://www.google.com] @15-09-2021 10:27:43.0357 AM
[ReportManager] Initial URL: [https://duckduckgo.com] @15-09-2021 10:27:43.0425 AM
[ReportManager] Browser Action [NavigateToURL] successfully performed. With the following test data [https://www.google.com/ncr]. @15-09-2021 10:27:44.0320 AM
[ReportManager] Browser Action [NavigateBack] successfully performed. With the following test data [https://duckduckgo.com/]. @15-09-2021 10:27:44.0665 AM
[ReportManager] Browser Action [GetCurrentURL] successfully performed. With the following test data [https://duckduckgo.com/]. @15-09-2021 10:27:44.0695 AM
[ReportManager] Assertion Passed: Confirming that navigating back was successful @15-09-2021 10:27:44.0824 AM
[ReportManager] Successfully created attachment [Screenshot - 1631701664767_navigateBack_ValidateBrowserAttribute_passed] @15-09-2021 10:27:44.0826 AM
[ReportManager] Assertion [ValidateBrowserAttribute] PASSED. Expected [Value Should be 'https://duckduckgo.com' for the 'CurrentUrl' attribute] and Actual [https://duckduckgo.com/]. Comparison Type [CONTAINS]. Validation Type [POSITIVE]. @15-09-2021 10:27:44.0826 A
[ReportManager] Target URL: [https://duckduckgo.com] @15-09-2021 10:27:44.0827 AM
[ReportManager] Initial URL: [https://duckduckgo.com] @15-09-2021 10:27:44.0884 AM
[ReportManager] Browser Action [NavigateToURL] successfully performed. With the following test data [https://duckduckgo.com]. @15-09-2021 10:27:45.0190 AM
[ReportManager] Browser Action [CloseCurrentWindow] successfully performed. @15-09-2021 10:27:45.0286 AM
[ReportManager] Successfully created attachment [Browser Action Test Data - CloseCurrentWindow - Actual Value] @15-09-2021 10:27:45.0287 A
[ReportManager] File Action [GetAbsolutePath] successfully performed. With the following test data [Relative Folder Path: "target/downloadedFiles/"]. @15-09-2021 10:27:45.0289 AM
[ReportManager] Attempting to run remotely on: [Linux-64], [GoogleChrome], [http://localhost:4444/wd/hub], Headless Execution. @15-09-2021 10:27:45.0290 AM
[ReportManager] Successfully Opened [GoogleChrome]. @15-09-2021 10:27:45.0490 AM
[ReportManager] Target URL: [https://duckduckgo.com] @15-09-2021 10:27:45.0500 AM
[ReportManager] Initial URL: [data:,] @15-09-2021 10:27:45.0546 AM
[ReportManager] Browser Action [NavigateToURL] successfully performed. With the following test data [https://duckduckgo.com]. @15-09-2021 10:27:46.0015 A

################################################################################################################################################
Starting Execution:	[59 out of 143] test cases in the current suite
Test Method:		[unitTests.tests_browserActions.navigateForward]
################################################################################################################################################
[ReportManager] Target URL: [https://www.google.com/ncr], and after redirection: [https://www.google.com] @15-09-2021 10:27:46.0017 AM
[ReportManager] Initial URL: [https://duckduckgo.com] @15-09-2021 10:27:46.0091 AM
[ReportManager] Browser Action [NavigateToURL] successfully performed. With the following test data [https://www.google.com/ncr]. @15-09-2021 10:27:46.0938 AM
[ReportManager] Browser Action [NavigateBack] successfully performed. With the following test data [https://duckduckgo.com/]. @15-09-2021 10:27:47.0299 AM
[ReportManager] Browser Action [NavigateForward] successfully performed. With the following test data [https://www.google.com/]. @15-09-2021 10:27:47.0703 A
[ReportManager] Target URL: [https://duckduckgo.com] @15-09-2021 10:27:47.0705 AM
[ReportManager] Initial URL: [https://www.google.com] @15-09-2021 10:27:47.0779 AM
[ReportManager] Browser Action [NavigateToURL] successfully performed. With the following test data [https://duckduckgo.com]. @15-09-2021 10:27:48.0227 AM
[ReportManager] Browser Action [CloseCurrentWindow] successfully performed. @15-09-2021 10:27:48.0328 AM
[ReportManager] Successfully created attachment [Browser Action Test Data - CloseCurrentWindow - Actual Value] @15-09-2021 10:27:48.0333 A
[ReportManager] File Action [GetAbsolutePath] successfully performed. With the following test data [Relative Folder Path: "target/downloadedFiles/"]. @15-09-2021 10:27:48.0335 AM
[ReportManager] Attempting to run remotely on: [Linux-64], [GoogleChrome], [http://localhost:4444/wd/hub], Headless Execution. @15-09-2021 10:27:48.0335 AM
[ReportManager] Successfully Opened [GoogleChrome]. @15-09-2021 10:27:48.0521 AM
[ReportManager] Target URL: [https://duckduckgo.com] @15-09-2021 10:27:48.0535 AM
[ReportManager] Initial URL: [data:,] @15-09-2021 10:27:48.0576 AM
[ReportManager] Browser Action [NavigateToURL] successfully performed. With the following test data [https://duckduckgo.com]. @15-09-2021 10:27:49.0038 A

################################################################################################################################################
Starting Execution:	[60 out of 143] test cases in the current suite
Test Method:		[unitTests.tests_browserActions.navigateToURL]
################################################################################################################################################
[ReportManager] Target URL: [https://duckduckgo.com] @15-09-2021 10:27:49.0042 AM
[ReportManager] Initial URL: [https://duckduckgo.com] @15-09-2021 10:27:49.0113 AM
[ReportManager] Browser Action [NavigateToURL] successfully performed. With the following test data [https://duckduckgo.com]. @15-09-2021 10:27:49.0416 A
[ReportManager] Target URL: [https://duckduckgo.com] @15-09-2021 10:27:49.0418 AM
[ReportManager] Initial URL: [https://duckduckgo.com] @15-09-2021 10:27:49.0468 AM
[ReportManager] Browser Action [NavigateToURL] successfully performed. With the following test data [https://duckduckgo.com]. @15-09-2021 10:27:49.0749 AM
[ReportManager] Browser Action [CloseCurrentWindow] successfully performed. @15-09-2021 10:27:49.0848 AM
[ReportManager] Successfully created attachment [Browser Action Test Data - CloseCurrentWindow - Actual Value] @15-09-2021 10:27:49.0848 A
[ReportManager] File Action [GetAbsolutePath] successfully performed. With the following test data [Relative Folder Path: "target/downloadedFiles/"]. @15-09-2021 10:27:49.0852 AM
[ReportManager] Attempting to run remotely on: [Linux-64], [GoogleChrome], [http://localhost:4444/wd/hub], Headless Execution. @15-09-2021 10:27:49.0853 AM
[ReportManager] Successfully Opened [GoogleChrome]. @15-09-2021 10:27:50.0046 AM
[ReportManager] Target URL: [https://duckduckgo.com] @15-09-2021 10:27:50.0056 AM
[ReportManager] Initial URL: [data:,] @15-09-2021 10:27:50.0108 AM
[ReportManager] Browser Action [NavigateToURL] successfully performed. With the following test data [https://duckduckgo.com]. @15-09-2021 10:27:50.0589 A

################################################################################################################################################
Starting Execution:	[61 out of 143] test cases in the current suite
Test Method:		[unitTests.tests_browserActions.navigateToURLWithRedirection]
################################################################################################################################################
[ReportManager] Target URL: [https://www.google.com/ncr], and after redirection: [https://www.google.com] @15-09-2021 10:27:50.0593 AM
[ReportManager] Initial URL: [https://duckduckgo.com] @15-09-2021 10:27:50.0649 AM
[ReportManager] Browser Action [NavigateToURL] successfully performed. With the following test data [https://www.google.com/ncr]. @15-09-2021 10:27:51.0462 A
[ReportManager] Target URL: [https://duckduckgo.com] @15-09-2021 10:27:51.0465 AM
[ReportManager] Initial URL: [https://www.google.com] @15-09-2021 10:27:51.0543 AM
[ReportManager] Browser Action [NavigateToURL] successfully performed. With the following test data [https://duckduckgo.com]. @15-09-2021 10:27:52.0000 AM
[ReportManager] Browser Action [CloseCurrentWindow] successfully performed. @15-09-2021 10:27:52.0097 AM
[ReportManager] Successfully created attachment [Browser Action Test Data - CloseCurrentWindow - Actual Value] @15-09-2021 10:27:52.0098 A
[ReportManager] File Action [GetAbsolutePath] successfully performed. With the following test data [Relative Folder Path: "target/downloadedFiles/"]. @15-09-2021 10:27:52.0100 AM
[ReportManager] Attempting to run remotely on: [Linux-64], [GoogleChrome], [http://localhost:4444/wd/hub], Headless Execution. @15-09-2021 10:27:52.0100 AM
[ReportManager] Successfully Opened [GoogleChrome]. @15-09-2021 10:27:52.0295 AM
[ReportManager] Target URL: [https://duckduckgo.com] @15-09-2021 10:27:52.0304 AM
[ReportManager] Initial URL: [data:,] @15-09-2021 10:27:52.0341 AM
[ReportManager] Browser Action [NavigateToURL] successfully performed. With the following test data [https://duckduckgo.com]. @15-09-2021 10:27:52.0837 A

################################################################################################################################################
Starting Execution:	[62 out of 143] test cases in the current suite
Test Method:		[unitTests.tests_browserActions.refreshCurrentPage]
################################################################################################################################################
[ReportManager] Browser Action [RefreshCurrentPage] successfully performed. @15-09-2021 10:27:53.0020 AM
[ReportManager] Successfully created attachment [Browser Action Test Data - RefreshCurrentPage - Actual Value] @15-09-2021 10:27:53.0020 A
[ReportManager] Target URL: [https://duckduckgo.com] @15-09-2021 10:27:53.0025 AM
[ReportManager] Initial URL: [https://duckduckgo.com] @15-09-2021 10:27:53.0085 AM
[ReportManager] Browser Action [NavigateToURL] successfully performed. With the following test data [https://duckduckgo.com]. @15-09-2021 10:27:53.0354 AM
[ReportManager] Browser Action [CloseCurrentWindow] successfully performed. @15-09-2021 10:27:53.0453 AM
[ReportManager] Successfully created attachment [Browser Action Test Data - CloseCurrentWindow - Actual Value] @15-09-2021 10:27:53.0453 A
[ReportManager] File Action [GetAbsolutePath] successfully performed. With the following test data [Relative Folder Path: "target/downloadedFiles/"]. @15-09-2021 10:27:53.0455 AM
[ReportManager] Attempting to run remotely on: [Linux-64], [GoogleChrome], [http://localhost:4444/wd/hub], Headless Execution. @15-09-2021 10:27:53.0455 AM
[ReportManager] Successfully Opened [GoogleChrome]. @15-09-2021 10:27:53.0642 AM
[ReportManager] Target URL: [https://duckduckgo.com] @15-09-2021 10:27:53.0652 AM
[ReportManager] Initial URL: [data:,] @15-09-2021 10:27:53.0696 AM
[ReportManager] Browser Action [NavigateToURL] successfully performed. With the following test data [https://duckduckgo.com]. @15-09-2021 10:27:54.0159 A

################################################################################################################################################
Starting Execution:	[63 out of 143] test cases in the current suite
Test Method:		[unitTests.tests_browserActions.setWindowSize]
################################################################################################################################################
[ReportManager] Initial window size: (800, 600) @15-09-2021 10:27:54.0166 AM
[ReportManager] Window size after SWD: (1280, 720) @15-09-2021 10:27:54.0381 AM
[ReportManager] Browser Action [SetWindowSize] successfully performed. With the following test data [New screen size is now: (1280, 720)]. @15-09-2021 10:27:54.0381 A
[ReportManager] Target URL: [https://duckduckgo.com] @15-09-2021 10:27:54.0383 AM
[ReportManager] Initial URL: [https://duckduckgo.com] @15-09-2021 10:27:54.0457 AM
[ReportManager] Browser Action [NavigateToURL] successfully performed. With the following test data [https://duckduckgo.com]. @15-09-2021 10:27:54.0750 AM
[ReportManager] Browser Action [CloseCurrentWindow] successfully performed. @15-09-2021 10:27:54.0847 AM
[ReportManager] Successfully created attachment [Browser Action Test Data - CloseCurrentWindow - Actual Value] @15-09-2021 10:27:54.0847 A
[ReportManager] File Action [GetAbsolutePath] successfully performed. With the following test data [Relative Folder Path: "target/downloadedFiles/"]. @15-09-2021 10:27:54.0849 AM
[ReportManager] Attempting to run remotely on: [Linux-64], [GoogleChrome], [http://localhost:4444/wd/hub], Headless Execution. @15-09-2021 10:27:54.0849 AM
[ReportManager] Successfully Opened [GoogleChrome]. @15-09-2021 10:27:55.0044 A

################################################################################################################################################
Starting Execution:	[64 out of 143] test cases in the current suite
Test Method:		[unitTests.tests_element_elementActions.waitForElementToBePresent_false_expectedToFail]
################################################################################################################################################
[ReportManager] Target URL: [https://www.google.com/ncr], and after redirection: [www.google.com] @15-09-2021 10:27:55.0057 AM
[ReportManager] Initial URL: [data:,] @15-09-2021 10:27:55.0101 AM
[ReportManager] Browser Action [NavigateToURL] successfully performed. With the following test data [https://www.google.com/ncr]. @15-09-2021 10:27:55.0913 AM
[ReportManager] Waiting for element to be present; elementLocator [By.xpath: //*[@id='hplogo' or @alt='Google']], numberOfTries[1], stateOfPresence[false]... @15-09-2021 10:27:55.0920 AM
[ReportManager] Element Action [WaitForElementToBePresent] failed. With the following test data [waited for the element's state of presence to be (false). Element locator (By.xpath: //*[@id='hplogo' or @alt='Google'])]. @15-09-2021 10:27:56.0153 AM
[ReportManager] Successfully created attachment [Screenshot - 1631701676092_waitForElementToBePresent_false_expectedToFail_WaitForElementToBePresent_failed] @15-09-2021 10:27:56.0155 A
[ReportManager] Browser Action [CloseCurrentWindow] successfully performed. @15-09-2021 10:27:56.0282 AM
[ReportManager] Successfully created attachment [Browser Action Test Data - CloseCurrentWindow - Actual Value] @15-09-2021 10:27:56.0284 A
[ReportManager] File Action [GetAbsolutePath] successfully performed. With the following test data [Relative Folder Path: "target/downloadedFiles/"]. @15-09-2021 10:27:56.0286 AM
[ReportManager] Attempting to run remotely on: [Linux-64], [GoogleChrome], [http://localhost:4444/wd/hub], Headless Execution. @15-09-2021 10:27:56.0286 AM
[ReportManager] Successfully Opened [GoogleChrome]. @15-09-2021 10:27:56.0474 A

################################################################################################################################################
Starting Execution:	[65 out of 143] test cases in the current suite
Test Method:		[unitTests.tests_element_elementActions.waitForElementToBePresent_false_expectedToPass]
################################################################################################################################################
[ReportManager] Target URL: [https://www.google.com/ncr], and after redirection: [www.google.com] @15-09-2021 10:27:56.0489 AM
[ReportManager] Initial URL: [data:,] @15-09-2021 10:27:56.0534 AM
[ReportManager] Browser Action [NavigateToURL] successfully performed. With the following test data [https://www.google.com/ncr]. @15-09-2021 10:27:57.0392 AM
[ReportManager] Waiting for element to be present; elementLocator [By.id: bla], numberOfTries[1], stateOfPresence[false]... @15-09-2021 10:27:57.0392 AM
[ReportManager] Element Action [WaitForElementToBePresent] successfully performed. With the following test data [waited for the element's state of presence to be (false). Element locator (By.id: bla)]. @15-09-2021 10:28:02.0500 A
[ReportManager] Browser Action [CloseCurrentWindow] successfully performed. @15-09-2021 10:28:02.0628 AM
[ReportManager] Successfully created attachment [Browser Action Test Data - CloseCurrentWindow - Actual Value] @15-09-2021 10:28:02.0632 A
[ReportManager] File Action [GetAbsolutePath] successfully performed. With the following test data [Relative Folder Path: "target/downloadedFiles/"]. @15-09-2021 10:28:02.0634 AM
[ReportManager] Attempting to run remotely on: [Linux-64], [GoogleChrome], [http://localhost:4444/wd/hub], Headless Execution. @15-09-2021 10:28:02.0634 AM
[ReportManager] Successfully Opened [GoogleChrome]. @15-09-2021 10:28:02.0842 A

################################################################################################################################################
Starting Execution:	[66 out of 143] test cases in the current suite
Test Method:		[unitTests.tests_element_elementActions.waitForElementToBePresent_moreThanOneElement_expectedToFail]
################################################################################################################################################
[ReportManager] Target URL: [https://www.google.com/ncr], and after redirection: [www.google.com] @15-09-2021 10:28:02.0854 AM
[ReportManager] Initial URL: [data:,] @15-09-2021 10:28:02.0893 AM
[ReportManager] Browser Action [NavigateToURL] successfully performed. With the following test data [https://www.google.com/ncr]. @15-09-2021 10:28:03.0757 AM
[ReportManager] Waiting for element to be present; elementLocator [By.xpath: //*], numberOfTries[1], stateOfPresence[false]... @15-09-2021 10:28:03.0757 AM
[ReportManager] Element Action [WaitForElementToBePresent] failed. With the following test data [waited for the element's state of presence to be (false). Element locator (By.xpath: //*)]. @15-09-2021 10:28:03.0986 AM
[ReportManager] Successfully created attachment [Screenshot - 1631701683926_waitForElementToBePresent_moreThanOneElement_expectedToFail_WaitForElementToBePresent_failed] @15-09-2021 10:28:03.0987 A
[ReportManager] Browser Action [CloseCurrentWindow] successfully performed. @15-09-2021 10:28:04.0111 AM
[ReportManager] Successfully created attachment [Browser Action Test Data - CloseCurrentWindow - Actual Value] @15-09-2021 10:28:04.0112 A
[ReportManager] File Action [GetAbsolutePath] successfully performed. With the following test data [Relative Folder Path: "target/downloadedFiles/"]. @15-09-2021 10:28:04.0114 AM
[ReportManager] Attempting to run remotely on: [Linux-64], [GoogleChrome], [http://localhost:4444/wd/hub], Headless Execution. @15-09-2021 10:28:04.0114 AM
[ReportManager] Successfully Opened [GoogleChrome]. @15-09-2021 10:28:04.0328 A

################################################################################################################################################
Starting Execution:	[67 out of 143] test cases in the current suite
Test Method:		[unitTests.tests_element_elementActions.waitForElementToBePresent_true_expectedToFail]
################################################################################################################################################
[ReportManager] Target URL: [https://www.google.com/ncr], and after redirection: [www.google.com] @15-09-2021 10:28:04.0342 AM
[ReportManager] Initial URL: [data:,] @15-09-2021 10:28:04.0382 AM
[ReportManager] Browser Action [NavigateToURL] successfully performed. With the following test data [https://www.google.com/ncr]. @15-09-2021 10:28:05.0193 AM
[ReportManager] Waiting for element to be present; elementLocator [By.id: bla], numberOfTries[1], stateOfPresence[true]... @15-09-2021 10:28:05.0193 AM
[ReportManager] Element Action [WaitForElementToBePresent] failed. With the following test data [waited for the element's state of presence to be (true). Element locator (By.id: bla)]. @15-09-2021 10:28:10.0469 AM
[ReportManager] Successfully created attachment [Screenshot - 1631701690407_waitForElementToBePresent_true_expectedToFail_WaitForElementToBePresent_failed] @15-09-2021 10:28:10.0470 A
[ReportManager] Browser Action [CloseCurrentWindow] successfully performed. @15-09-2021 10:28:10.0591 AM
[ReportManager] Successfully created attachment [Browser Action Test Data - CloseCurrentWindow - Actual Value] @15-09-2021 10:28:10.0592 A
[ReportManager] File Action [GetAbsolutePath] successfully performed. With the following test data [Relative Folder Path: "target/downloadedFiles/"]. @15-09-2021 10:28:10.0596 AM
[ReportManager] Attempting to run remotely on: [Linux-64], [GoogleChrome], [http://localhost:4444/wd/hub], Headless Execution. @15-09-2021 10:28:10.0596 AM
[ReportManager] Successfully Opened [GoogleChrome]. @15-09-2021 10:28:10.0779 A

################################################################################################################################################
Starting Execution:	[68 out of 143] test cases in the current suite
Test Method:		[unitTests.tests_element_elementActions.waitForElementToBePresent_true_expectedToPass]
################################################################################################################################################
[ReportManager] Target URL: [https://www.google.com/ncr], and after redirection: [www.google.com] @15-09-2021 10:28:10.0795 AM
[ReportManager] Initial URL: [data:,] @15-09-2021 10:28:10.0836 AM
[ReportManager] Browser Action [NavigateToURL] successfully performed. With the following test data [https://www.google.com/ncr]. @15-09-2021 10:28:11.0660 AM
[ReportManager] Waiting for element to be present; elementLocator [By.xpath: //*[@id='hplogo' or @alt='Google']], numberOfTries[1], stateOfPresence[true]... @15-09-2021 10:28:11.0660 AM
[ReportManager] Element Action [WaitForElementToBePresent] successfully performed. With the following test data [waited for the element's state of presence to be (true). Element locator (By.xpath: //*[@id='hplogo' or @alt='Google'])]. @15-09-2021 10:28:11.0712 AM
[ReportManager] File Action [DoesFileExist] successfully performed. With the following test data [File Path: "src/test/resources/DynamicObjectRepository/unitTests_tests_element_elementActions_waitForElementToBePresent_true_expectedToPass_By_xpath_id_hplogo_or_alt_Google.png"]. @15-09-2021 10:28:11.0721 AM
[ReportManager] File Action [DoesFileExist] successfully performed. With the following test data [File Path: "src/test/resources/DynamicObjectRepository/unitTests_tests_element_elementActions_waitForElementToBePresent_true_expectedToPass_By_xpath_id_hplogo_or_alt_Google.png"]. @15-09-2021 10:28:11.0937 AM
[ReportManager] Passing the test and saving a reference image @15-09-2021 10:28:11.0937 AM
[ReportManager] File Action [GetAbsolutePath] successfully performed. With the following test data [Relative File Path: "src/test/resources/DynamicObjectRepository/unitTests_tests_element_elementActions_waitForElementToBePresent_true_expectedToPass_By_xpath_id_hplogo_or_alt_Google.png"]. @15-09-2021 10:28:11.0937 AM
[ReportManager] File Action [WriteToFile] successfully performed. With the following test data [Target File Path: "/home/runner/work/SHAFT_ENGINE/SHAFT_ENGINE/src/test/resources/DynamicObjectRepository/unitTests_tests_element_elementActions_waitForElementToBePresent_true_expectedToPass_By_xpath_id_hplogo_or_alt_Google.png"]. @15-09-2021 10:28:11.0941 AM
[ReportManager] Assertion Passed: Using Visual AI; OpenCV @15-09-2021 10:28:11.0941 AM
[ReportManager] Successfully created attachment [Validation Test Data - Actual Screenshot] @15-09-2021 10:28:11.0942 AM
[ReportManager] Assertion [ValidateElementMatches] PASSED. Expected [Element should match the reference screenshot] and Actual [TRUE]. Comparison Type [EXACT_OPENCV]. Validation Type [POSITIVE]. @15-09-2021 10:28:11.0942 A
[ReportManager] Browser Action [CloseCurrentWindow] successfully performed. @15-09-2021 10:28:12.0068 AM
[ReportManager] Successfully created attachment [Browser Action Test Data - CloseCurrentWindow - Actual Value] @15-09-2021 10:28:12.0068 A
[ReportManager] File Action [GetAbsolutePath] successfully performed. With the following test data [Relative Folder Path: "target/downloadedFiles/"]. @15-09-2021 10:28:12.0073 AM
[ReportManager] Attempting to run remotely on: [Linux-64], [GoogleChrome], [http://localhost:4444/wd/hub], Headless Execution. @15-09-2021 10:28:12.0074 AM
[ReportManager] Successfully Opened [GoogleChrome]. @15-09-2021 10:28:12.0300 A

################################################################################################################################################
Starting Execution:	[69 out of 143] test cases in the current suite
Test Method:		[testPackage01.Test_assertEquals.test_assertElementAttribute]
################################################################################################################################################
[ReportManager] Target URL: [https://www.google.com/ncr], and after redirection: [https://www.google.com] @15-09-2021 10:28:12.0321 AM
[ReportManager] Initial URL: [data:,] @15-09-2021 10:28:12.0369 AM
[ReportManager] Browser Action [NavigateToURL] successfully performed. With the following test data [https://www.google.com/ncr]. @15-09-2021 10:28:13.0218 AM
[ReportManager] Element Action [Type] successfully performed. With the following test data [INC_004010050:Another SCHEDULER with the same name [Duplicate Job Name] already exists.]. @15-09-2021 10:28:13.0889 AM
[ReportManager] Element Action [GetText] successfully performed. With the following test data [INC_004010050:Another SCHEDULER with the same name [Duplicate Job Name] already exists.]. @15-09-2021 10:28:14.0003 AM
[ReportManager] Loaded Shared OpenCV @15-09-2021 10:28:14.0159 AM
[ReportManager] Assertion [ValidateElementAttribute] PASSED. Expected [Value Should be 'INC_004010050:Another SCHEDULER with the same name \[Duplicate Job Name\] already exists.' for the 'text' attribute, element locator 'By.name: q'] and Actual [INC_004010050:Another SCHEDULER with the same name [Duplicate Job Name] already exists.]. Comparison Type [MATCHES]. Validation Type [POSITIVE]. @15-09-2021 10:28:14.0236 AM
[ReportManager] Successfully created attachment [Screenshot - 1631701694159_test_assertElementAttribute_ValidateElementAttribute_passed] @15-09-2021 10:28:14.0237 A
[ReportManager] Browser Action [CloseCurrentWindow] successfully performed. @15-09-2021 10:28:14.0357 AM
[ReportManager] Successfully created attachment [Browser Action Test Data - CloseCurrentWindow - Actual Value] @15-09-2021 10:28:14.0358 A

################################################################################################################################################
Starting Execution:	[70 out of 143] test cases in the current suite
Test Method:		[testPackage01.Test_SelectedValue.multipleSelect]
################################################################################################################################################
[ReportManager] File Action [GetAbsolutePath] successfully performed. With the following test data [Relative Folder Path: "target/downloadedFiles/"]. @15-09-2021 10:28:14.0363 AM
[ReportManager] Attempting to run remotely on: [Linux-64], [GoogleChrome], [http://localhost:4444/wd/hub], Headless Execution. @15-09-2021 10:28:14.0363 AM
[ReportManager] Successfully Opened [GoogleChrome]. @15-09-2021 10:28:14.0599 AM
[ReportManager] Target URL: [https://yari-demos.prod.mdn.mozit.cloud/en-US/docs/Web/HTML/Element/select/_sample_.Advanced_select_with_multiple_features.html] @15-09-2021 10:28:14.0624 AM
[ReportManager] Initial URL: [data:,] @15-09-2021 10:28:14.0666 AM
[ReportManager] Browser Action [NavigateToURL] successfully performed. With the following test data [https://yari-demos.prod.mdn.mozit.cloud/en-US/docs/Web/HTML/Element/select/_sample_.Advanced_select_with_multiple_features.html]. @15-09-2021 10:28:15.0145 AM
[ReportManager] Element Action [Select] successfully performed. With the following test data [Dog]. @15-09-2021 10:28:15.0354 AM
[ReportManager] Element Action [Select] successfully performed. With the following test data [Cat]. @15-09-2021 10:28:15.0556 AM
[ReportManager] Element Action [GetSelectedText] successfully performed. With the following test data [DogCat]. @15-09-2021 10:28:15.0694 AM
[ReportManager] DogCat @15-09-2021 10:28:15.0695 AM
[ReportManager] Element Action [GetSelectedText] successfully performed. With the following test data [DogCat]. @15-09-2021 10:28:15.0813 AM
[ReportManager] Loaded Shared OpenCV @15-09-2021 10:28:15.0919 AM
[ReportManager] Assertion [ValidateElementAttribute] PASSED. Expected [Value Should be 'DogCat' for the 'selectedText' attribute, element locator 'By.tagName: select'] and Actual [DogCat]. Comparison Type [EQUALS]. Validation Type [POSITIVE]. @15-09-2021 10:28:15.0978 AM
[ReportManager] Successfully created attachment [Screenshot - 1631701695919_multipleSelect_ValidateElementAttribute_passed] @15-09-2021 10:28:15.0978 AM
[ReportManager] Browser Action [CloseCurrentWindow] successfully performed. @15-09-2021 10:28:16.0060 AM
[ReportManager] Successfully created attachment [Browser Action Test Data - CloseCurrentWindow - Actual Value] @15-09-2021 10:28:16.0060 A

################################################################################################################################################
Starting Execution:	[71 out of 143] test cases in the current suite
Test Method:		[testPackage01.Test_SelectedValue.simpleSelect]
################################################################################################################################################
[ReportManager] File Action [GetAbsolutePath] successfully performed. With the following test data [Relative Folder Path: "target/downloadedFiles/"]. @15-09-2021 10:28:16.0064 AM
[ReportManager] Attempting to run remotely on: [Linux-64], [GoogleChrome], [http://localhost:4444/wd/hub], Headless Execution. @15-09-2021 10:28:16.0065 AM
[ReportManager] Successfully Opened [GoogleChrome]. @15-09-2021 10:28:16.0255 AM
[ReportManager] Target URL: [https://yari-demos.prod.mdn.mozit.cloud/en-US/docs/Web/HTML/Element/select/_sample_.Basic_select.html] @15-09-2021 10:28:16.0265 AM
[ReportManager] Initial URL: [data:,] @15-09-2021 10:28:16.0301 AM
[ReportManager] Browser Action [NavigateToURL] successfully performed. With the following test data [https://yari-demos.prod.mdn.mozit.cloud/en-US/docs/Web/HTML/Element/select/_sample_.Basic_select.html]. @15-09-2021 10:28:16.0546 AM
[ReportManager] Element Action [Select] successfully performed. With the following test data [Third Value]. @15-09-2021 10:28:16.0812 AM
[ReportManager] Element Action [GetSelectedText] successfully performed. With the following test data [Third Value]. @15-09-2021 10:28:16.0912 AM
[ReportManager] Third Value @15-09-2021 10:28:16.0912 AM
[ReportManager] Element Action [GetSelectedText] successfully performed. With the following test data [Third Value]. @15-09-2021 10:28:17.0003 AM
[ReportManager] Loaded Shared OpenCV @15-09-2021 10:28:17.0117 AM
[ReportManager] Assertion [ValidateElementAttribute] PASSED. Expected [Value Should be 'Third Value' for the 'selectedText' attribute, element locator 'By.tagName: select'] and Actual [Third Value]. Comparison Type [EQUALS]. Validation Type [POSITIVE]. @15-09-2021 10:28:17.0191 AM
[ReportManager] Successfully created attachment [Screenshot - 1631701697117_simpleSelect_ValidateElementAttribute_passed] @15-09-2021 10:28:17.0191 AM
[ReportManager] Browser Action [CloseCurrentWindow] successfully performed. @15-09-2021 10:28:17.0282 AM
[ReportManager] Successfully created attachment [Browser Action Test Data - CloseCurrentWindow - Actual Value] @15-09-2021 10:28:17.0283 A

################################################################################################################################################
Starting Execution:	[72 out of 143] test cases in the current suite
Test Method:		[testPackage01.Test_SkipDueToIssue.doNotSkip]
################################################################################################################################################
[ReportManager] This should not be skipped. @15-09-2021 10:28:17.0290 A

################################################################################################################################################
Starting Execution:	[73 out of 143] test cases in the current suite
Test Method:		[testPackage01.Test_SkipDueToIssue.skip]
################################################################################################################################################
[ReportManager] This should be skipped. @15-09-2021 10:28:17.0298 A

################################################################################################################################################
Starting Execution:	[74 out of 143] test cases in the current suite
Test Method:		[testPackage01.Test_SkipDueToIssue.skip2]
################################################################################################################################################
[ReportManager] This should be skipped. @15-09-2021 10:28:17.0304 A
[ReportManager] File Action [GetAbsolutePath] successfully performed. With the following test data [Relative Folder Path: "target/downloadedFiles/"]. @15-09-2021 10:28:17.0307 AM
[ReportManager] Attempting to run remotely on: [Linux-64], [GoogleChrome], [http://localhost:4444/wd/hub], Headless Execution. @15-09-2021 10:28:17.0307 AM
[ReportManager] Successfully Opened [GoogleChrome]. @15-09-2021 10:28:17.0492 A

################################################################################################################################################
Starting Execution:	[75 out of 143] test cases in the current suite
Test Method:		[testPackage01.Test_IsElementClickable.testIsElementClickable]
################################################################################################################################################
[ReportManager] Target URL: [https://the-internet.herokuapp.com/] @15-09-2021 10:28:17.0515 AM
[ReportManager] Initial URL: [data:,] @15-09-2021 10:28:17.0553 AM
[ReportManager] Browser Action [NavigateToURL] successfully performed. With the following test data [https://the-internet.herokuapp.com/]. @15-09-2021 10:28:18.0751 AM
[ReportManager] Element Action [IsElementClickable] successfully performed. @15-09-2021 10:28:18.0879 AM
[ReportManager] Assertion [ValidateTrue] PASSED. Expected [TRUE] and Actual [TRUE]. Validation Type [POSITIVE]. @15-09-2021 10:28:18.0880 A
[ReportManager] Browser Action [CloseCurrentWindow] successfully performed. @15-09-2021 10:28:18.0967 AM
[ReportManager] Successfully created attachment [Browser Action Test Data - CloseCurrentWindow - Actual Value] @15-09-2021 10:28:18.0967 A
[ReportManager] File Action [GetAbsolutePath] successfully performed. With the following test data [Relative Folder Path: "target/downloadedFiles/"]. @15-09-2021 10:28:18.0969 AM
[ReportManager] Attempting to run remotely on: [Linux-64], [GoogleChrome], [http://localhost:4444/wd/hub], Headless Execution. @15-09-2021 10:28:18.0969 AM
[ReportManager] Successfully Opened [GoogleChrome]. @15-09-2021 10:28:19.0171 A

################################################################################################################################################
Starting Execution:	[76 out of 143] test cases in the current suite
Test Method:		[testPackage01.Test_ShadowDOM.shadowdom]
################################################################################################################################################
[ReportManager] Target URL: [https://mdn.github.io/web-components-examples/popup-info-box-web-component/] @15-09-2021 10:28:19.0189 AM
[ReportManager] Initial URL: [data:,] @15-09-2021 10:28:19.0243 AM
[ReportManager] Browser Action [NavigateToURL] successfully performed. With the following test data [https://mdn.github.io/web-components-examples/popup-info-box-web-component/]. @15-09-2021 10:28:19.0438 AM
[ReportManager] Element Action [Type] successfully performed. With the following test data [Typing into SHADOW DOM...]. @15-09-2021 10:28:19.0685 AM
[ReportManager] Element Action [GetText] successfully performed. With the following test data [Typing into SHADOW DOM...]. @15-09-2021 10:28:19.0766 AM
[ReportManager] Loaded Shared OpenCV @15-09-2021 10:28:19.0887 AM
[ReportManager] Assertion [ValidateElementAttribute] PASSED. Expected [Value Should be 'Typing into SHADOW DOM...' for the 'Text' attribute, element locator 'By.id: cvc'] and Actual [Typing into SHADOW DOM...]. Comparison Type [EQUALS]. Validation Type [POSITIVE]. @15-09-2021 10:28:19.0948 AM
[ReportManager] Successfully created attachment [Screenshot - 1631701699887_shadowdom_ValidateElementAttribute_passed] @15-09-2021 10:28:19.0949 A
[ReportManager] Browser Action [CloseCurrentWindow] successfully performed. @15-09-2021 10:28:20.0030 AM
[ReportManager] Successfully created attachment [Browser Action Test Data - CloseCurrentWindow - Actual Value] @15-09-2021 10:28:20.0031 A

################################################################################################################################################
Starting Execution:	[77 out of 143] test cases in the current suite
Test Method:		[testPackage01.Test_NewValidationHelper.f1]
################################################################################################################################################
[ReportManager] Assertion Passed: Checking valid user data @15-09-2021 10:28:20.0038 AM
[ReportManager] Successfully created attachment [Validation Test Data - Expected Value] @15-09-2021 10:28:20.0038 AM
[ReportManager] Successfully created attachment [Validation Test Data - Actual Value] @15-09-2021 10:28:20.0038 AM
[ReportManager] Assertion [ValidateEquals] PASSED. Expected and Actual values are attached. Comparison Type [EQUALS]. Validation Type [POSITIVE]. @15-09-2021 10:28:20.0038 A
[ReportManager] File Action [GetAbsolutePath] successfully performed. With the following test data [Relative Folder Path: "target/downloadedFiles/"]. @15-09-2021 10:28:20.0041 AM
[ReportManager] Attempting to run remotely on: [Linux-64], [GoogleChrome], [http://localhost:4444/wd/hub], Headless Execution. @15-09-2021 10:28:20.0042 AM
[ReportManager] Successfully Opened [GoogleChrome]. @15-09-2021 10:28:20.0241 AM
[ReportManager] Target URL: [https://the-internet.herokuapp.com/] @15-09-2021 10:28:20.0254 AM
[ReportManager] Initial URL: [data:,] @15-09-2021 10:28:20.0303 AM
[ReportManager] Browser Action [NavigateToURL] successfully performed. With the following test data [https://the-internet.herokuapp.com/]. @15-09-2021 10:28:21.0457 A

################################################################################################################################################
Starting Execution:	[78 out of 143] test cases in the current suite
Test Method:		[testPackage01.Test_NewValidationHelper.f10]
################################################################################################################################################
[ReportManager] Assertion [ValidateElementExists] FAILED. Expected [Element Should Exist, locator 'By.tagName: div'] and Actual [Element Exists but is not unique]. Comparison Type [EQUALS]. Validation Type [POSITIVE]. @15-09-2021 10:28:21.0702 AM
[ReportManager] Successfully created attachment [Screenshot - 1631701701640_f10_ValidateElementExists_failed] @15-09-2021 10:28:21.0703 A
[ReportManager] Successfully Closed All Drivers. @15-09-2021 10:28:21.0780 A
[ReportManager] File Action [GetAbsolutePath] successfully performed. With the following test data [Relative Folder Path: "target/downloadedFiles/"]. @15-09-2021 10:28:21.0783 AM
[ReportManager] Attempting to run remotely on: [Linux-64], [GoogleChrome], [http://localhost:4444/wd/hub], Headless Execution. @15-09-2021 10:28:21.0783 AM
[ReportManager] Successfully Opened [GoogleChrome]. @15-09-2021 10:28:21.0984 AM
[ReportManager] Target URL: [https://the-internet.herokuapp.com/] @15-09-2021 10:28:22.0001 AM
[ReportManager] Initial URL: [data:,] @15-09-2021 10:28:22.0051 AM
[ReportManager] Browser Action [NavigateToURL] successfully performed. With the following test data [https://the-internet.herokuapp.com/]. @15-09-2021 10:28:23.0220 A

################################################################################################################################################
Starting Execution:	[79 out of 143] test cases in the current suite
Test Method:		[testPackage01.Test_NewValidationHelper.f11]
################################################################################################################################################
[ReportManager] Assertion Passed: Checking that false tag doesn't exist @15-09-2021 10:28:33.0585 AM
[ReportManager] Successfully created attachment [Screenshot - 1631701713523_f11_ValidateElementExists_passed] @15-09-2021 10:28:33.0586 AM
[ReportManager] Assertion [ValidateElementExists] PASSED. Expected [Element Should not Exist, locator 'By.tagName: h3'] and Actual [Element Doesn't Exists]. Comparison Type [EQUALS]. Validation Type [NEGATIVE]. @15-09-2021 10:28:33.0586 A
[ReportManager] Successfully Closed All Drivers. @15-09-2021 10:28:33.0657 A
[ReportManager] File Action [GetAbsolutePath] successfully performed. With the following test data [Relative Folder Path: "target/downloadedFiles/"]. @15-09-2021 10:28:33.0659 AM
[ReportManager] Attempting to run remotely on: [Linux-64], [GoogleChrome], [http://localhost:4444/wd/hub], Headless Execution. @15-09-2021 10:28:33.0659 AM
[ReportManager] Successfully Opened [GoogleChrome]. @15-09-2021 10:28:33.0854 AM
[ReportManager] Target URL: [https://the-internet.herokuapp.com/] @15-09-2021 10:28:33.0865 AM
[ReportManager] Initial URL: [data:,] @15-09-2021 10:28:33.0929 AM
[ReportManager] Browser Action [NavigateToURL] successfully performed. With the following test data [https://the-internet.herokuapp.com/]. @15-09-2021 10:28:35.0108 A

################################################################################################################################################
Starting Execution:	[80 out of 143] test cases in the current suite
Test Method:		[testPackage01.Test_NewValidationHelper.f12]
################################################################################################################################################
[ReportManager] Loaded Shared OpenCV @15-09-2021 10:28:35.0303 AM
[ReportManager] Assertion [ValidateElementExists] FAILED. Expected [Element Should not Exist, locator 'By.tagName: h1'] and Actual [Element Exists]. Comparison Type [EQUALS]. Validation Type [NEGATIVE]. @15-09-2021 10:28:35.0374 AM
[ReportManager] Successfully created attachment [Screenshot - 1631701715303_f12_ValidateElementExists_failed] @15-09-2021 10:28:35.0376 A
[ReportManager] Successfully Closed All Drivers. @15-09-2021 10:28:35.0452 A
[ReportManager] File Action [GetAbsolutePath] successfully performed. With the following test data [Relative Folder Path: "target/downloadedFiles/"]. @15-09-2021 10:28:35.0454 AM
[ReportManager] Attempting to run remotely on: [Linux-64], [GoogleChrome], [http://localhost:4444/wd/hub], Headless Execution. @15-09-2021 10:28:35.0454 AM
[ReportManager] Successfully Opened [GoogleChrome]. @15-09-2021 10:28:35.0642 AM
[ReportManager] Target URL: [https://the-internet.herokuapp.com/] @15-09-2021 10:28:35.0652 AM
[ReportManager] Initial URL: [data:,] @15-09-2021 10:28:35.0698 AM
[ReportManager] Browser Action [NavigateToURL] successfully performed. With the following test data [https://the-internet.herokuapp.com/]. @15-09-2021 10:28:36.0875 A

################################################################################################################################################
Starting Execution:	[81 out of 143] test cases in the current suite
Test Method:		[testPackage01.Test_NewValidationHelper.f13]
################################################################################################################################################
[ReportManager] Assertion [ValidateElementExists] FAILED. Expected [Element Should not Exist, locator 'By.tagName: div'] and Actual [Element Exists but is not unique]. Comparison Type [EQUALS]. Validation Type [NEGATIVE]. @15-09-2021 10:28:37.0153 AM
[ReportManager] Successfully created attachment [Screenshot - 1631701717074_f13_ValidateElementExists_failed] @15-09-2021 10:28:37.0154 A
[ReportManager] Successfully Closed All Drivers. @15-09-2021 10:28:37.0231 A
[ReportManager] File Action [GetAbsolutePath] successfully performed. With the following test data [Relative Folder Path: "target/downloadedFiles/"]. @15-09-2021 10:28:37.0238 AM
[ReportManager] Attempting to run remotely on: [Linux-64], [GoogleChrome], [http://localhost:4444/wd/hub], Headless Execution. @15-09-2021 10:28:37.0239 AM
[ReportManager] Successfully Opened [GoogleChrome]. @15-09-2021 10:28:37.0431 AM
[ReportManager] Target URL: [https://the-internet.herokuapp.com/] @15-09-2021 10:28:37.0440 AM
[ReportManager] Initial URL: [data:,] @15-09-2021 10:28:37.0482 AM
[ReportManager] Browser Action [NavigateToURL] successfully performed. With the following test data [https://the-internet.herokuapp.com/]. @15-09-2021 10:28:38.0654 A

################################################################################################################################################
Starting Execution:	[82 out of 143] test cases in the current suite
Test Method:		[testPackage01.Test_NewValidationHelper.f14]
################################################################################################################################################
[ReportManager] Element Action [GetText] successfully performed. With the following test data [Welcome to the-internet]. @15-09-2021 10:28:38.0729 AM
[ReportManager] Loaded Shared OpenCV @15-09-2021 10:28:38.0873 AM
[ReportManager] Assertion Passed: Asserting that the header text is correct @15-09-2021 10:28:38.0948 AM
[ReportManager] Successfully created attachment [Screenshot - 1631701718873_f14_ValidateElementAttribute_passed] @15-09-2021 10:28:38.0949 AM
[ReportManager] Assertion [ValidateElementAttribute] PASSED. Expected [Value Should be 'Welcome to the-internet' for the 'text' attribute, element locator 'By.tagName: h1'] and Actual [Welcome to the-internet]. Comparison Type [EQUALS]. Validation Type [POSITIVE]. @15-09-2021 10:28:38.0949 A
[ReportManager] Successfully Closed All Drivers. @15-09-2021 10:28:39.0025 A
[ReportManager] File Action [GetAbsolutePath] successfully performed. With the following test data [Relative Folder Path: "target/downloadedFiles/"]. @15-09-2021 10:28:39.0028 AM
[ReportManager] Attempting to run remotely on: [Linux-64], [GoogleChrome], [http://localhost:4444/wd/hub], Headless Execution. @15-09-2021 10:28:39.0028 AM
[ReportManager] Successfully Opened [GoogleChrome]. @15-09-2021 10:28:39.0205 AM
[ReportManager] Target URL: [https://the-internet.herokuapp.com/] @15-09-2021 10:28:39.0214 AM
[ReportManager] Initial URL: [data:,] @15-09-2021 10:28:39.0249 AM
[ReportManager] Browser Action [NavigateToURL] successfully performed. With the following test data [https://the-internet.herokuapp.com/]. @15-09-2021 10:28:40.0420 A

################################################################################################################################################
Starting Execution:	[83 out of 143] test cases in the current suite
Test Method:		[testPackage01.Test_NewValidationHelper.f15]
################################################################################################################################################
[ReportManager] Element Action [GetText] successfully performed. With the following test data [Welcome to the-internet]. @15-09-2021 10:28:40.0505 AM
[ReportManager] Loaded Shared OpenCV @15-09-2021 10:28:40.0652 AM
[ReportManager] Assertion [ValidateElementAttribute] FAILED. Expected [Value Should not be 'Welcome' for the 'text' attribute, element locator 'By.tagName: h1'] and Actual [Welcome to the-internet]. Comparison Type [CONTAINS]. Validation Type [NEGATIVE]. @15-09-2021 10:28:40.0723 AM
[ReportManager] Successfully created attachment [Screenshot - 1631701720651_f15_ValidateElementAttribute_failed] @15-09-2021 10:28:40.0724 A
[ReportManager] Successfully Closed All Drivers. @15-09-2021 10:28:40.0798 A
[ReportManager] File Action [GetAbsolutePath] successfully performed. With the following test data [Relative Folder Path: "target/downloadedFiles/"]. @15-09-2021 10:28:40.0803 AM
[ReportManager] Attempting to run remotely on: [Linux-64], [GoogleChrome], [http://localhost:4444/wd/hub], Headless Execution. @15-09-2021 10:28:40.0803 AM
[ReportManager] Successfully Opened [GoogleChrome]. @15-09-2021 10:28:40.0996 AM
[ReportManager] Target URL: [https://the-internet.herokuapp.com/] @15-09-2021 10:28:41.0006 AM
[ReportManager] Initial URL: [data:,] @15-09-2021 10:28:41.0068 AM
[ReportManager] Browser Action [NavigateToURL] successfully performed. With the following test data [https://the-internet.herokuapp.com/]. @15-09-2021 10:28:42.0234 A

################################################################################################################################################
Starting Execution:	[84 out of 143] test cases in the current suite
Test Method:		[testPackage01.Test_NewValidationHelper.f16]
################################################################################################################################################
[ReportManager] Element Action [IdentifyUniqueElement] failed. With the following test data [zero elements found matching this locator "By.tagName: h3".]. @15-09-2021 10:29:07.0781 AM
[ReportManager] Successfully created attachment [Screenshot - 1631701747715_f16_IdentifyUniqueElement_failed] @15-09-2021 10:29:07.0781 AM
[ReportManager] Assertion [ValidateElementAttribute] FAILED. Expected [Value Should not be 'Welcome' for the 'text' attribute, element locator 'By.tagName: h3'] and Actual [Failed to read the desired element attribute]. Comparison Type [CONTAINS]. Validation Type [NEGATIVE]. @15-09-2021 10:29:07.0782 A
[ReportManager] Successfully Closed All Drivers. @15-09-2021 10:29:07.0855 A
[ReportManager] File Action [GetAbsolutePath] successfully performed. With the following test data [Relative Folder Path: "target/downloadedFiles/"]. @15-09-2021 10:29:07.0859 AM
[ReportManager] Attempting to run remotely on: [Linux-64], [GoogleChrome], [http://localhost:4444/wd/hub], Headless Execution. @15-09-2021 10:29:07.0859 AM
[ReportManager] Successfully Opened [GoogleChrome]. @15-09-2021 10:29:08.0061 AM
[ReportManager] Target URL: [https://the-internet.herokuapp.com/] @15-09-2021 10:29:08.0070 AM
[ReportManager] Initial URL: [data:,] @15-09-2021 10:29:08.0105 AM
[ReportManager] Browser Action [NavigateToURL] successfully performed. With the following test data [https://the-internet.herokuapp.com/]. @15-09-2021 10:29:09.0312 A

################################################################################################################################################
Starting Execution:	[85 out of 143] test cases in the current suite
Test Method:		[testPackage01.Test_NewValidationHelper.f17]
################################################################################################################################################
[ReportManager] Attempting to getAttribute [text2] from elementLocator [By.tagName: h1]. @15-09-2021 10:29:09.0318 AM
[ReportManager] Element Action [GetAttribute] successfully performed. @15-09-2021 10:29:09.0425 AM
[ReportManager] Loaded Shared OpenCV @15-09-2021 10:29:09.0574 AM
[ReportManager] Assertion [ValidateElementAttribute] PASSED. Expected [Value Should not be 'Welcome' for the 'text2' attribute, element locator 'By.tagName: h1'] and Actual [null]. Comparison Type [CONTAINS]. Validation Type [NEGATIVE]. @15-09-2021 10:29:09.0650 AM
[ReportManager] Successfully created attachment [Screenshot - 1631701749574_f17_ValidateElementAttribute_passed] @15-09-2021 10:29:09.0651 A
[ReportManager] Successfully Closed All Drivers. @15-09-2021 10:29:09.0721 A
[ReportManager] File Action [GetAbsolutePath] successfully performed. With the following test data [Relative Folder Path: "target/downloadedFiles/"]. @15-09-2021 10:29:09.0723 AM
[ReportManager] Attempting to run remotely on: [Linux-64], [GoogleChrome], [http://localhost:4444/wd/hub], Headless Execution. @15-09-2021 10:29:09.0723 AM
[ReportManager] Successfully Opened [GoogleChrome]. @15-09-2021 10:29:09.0919 AM
[ReportManager] Target URL: [https://the-internet.herokuapp.com/] @15-09-2021 10:29:09.0928 AM
[ReportManager] Initial URL: [data:,] @15-09-2021 10:29:09.0978 AM
[ReportManager] Browser Action [NavigateToURL] successfully performed. With the following test data [https://the-internet.herokuapp.com/]. @15-09-2021 10:29:11.0183 A

################################################################################################################################################
Starting Execution:	[86 out of 143] test cases in the current suite
Test Method:		[testPackage01.Test_NewValidationHelper.f18]
################################################################################################################################################
[ReportManager] Element Action [GetText] successfully performed. With the following test data [Welcome to the-internet]. @15-09-2021 10:29:11.0264 AM
[ReportManager] Loaded Shared OpenCV @15-09-2021 10:29:11.0406 AM
[ReportManager] Assertion [ValidateElementAttribute] PASSED. Expected [Value Should not be 'no' for the 'text' attribute, element locator 'By.tagName: h1'] and Actual [Welcome to the-internet]. Comparison Type [CONTAINS]. Validation Type [NEGATIVE]. @15-09-2021 10:29:11.0478 AM
[ReportManager] Successfully created attachment [Screenshot - 1631701751406_f18_ValidateElementAttribute_passed] @15-09-2021 10:29:11.0479 A
[ReportManager] Successfully Closed All Drivers. @15-09-2021 10:29:11.0551 A
[ReportManager] File Action [GetAbsolutePath] successfully performed. With the following test data [Relative Folder Path: "target/downloadedFiles/"]. @15-09-2021 10:29:11.0553 AM
[ReportManager] Attempting to run remotely on: [Linux-64], [GoogleChrome], [http://localhost:4444/wd/hub], Headless Execution. @15-09-2021 10:29:11.0553 AM
[ReportManager] Successfully Opened [GoogleChrome]. @15-09-2021 10:29:11.0728 AM
[ReportManager] Target URL: [https://the-internet.herokuapp.com/] @15-09-2021 10:29:11.0737 AM
[ReportManager] Initial URL: [data:,] @15-09-2021 10:29:11.0776 AM
[ReportManager] Browser Action [NavigateToURL] successfully performed. With the following test data [https://the-internet.herokuapp.com/]. @15-09-2021 10:29:12.0927 A

################################################################################################################################################
Starting Execution:	[87 out of 143] test cases in the current suite
Test Method:		[testPackage01.Test_NewValidationHelper.f19]
################################################################################################################################################
[ReportManager] Element Action [GetTagName] successfully performed. With the following test data [h1]. @15-09-2021 10:29:12.0995 AM
[ReportManager] Loaded Shared OpenCV @15-09-2021 10:29:13.0140 AM
[ReportManager] Assertion [ValidateElementAttribute] PASSED. Expected [Value Should be 'h' for the 'tagname' attribute, element locator 'By.tagName: h1'] and Actual [h1]. Comparison Type [CONTAINS]. Validation Type [POSITIVE]. @15-09-2021 10:29:13.0217 AM
[ReportManager] Successfully created attachment [Screenshot - 1631701753140_f19_ValidateElementAttribute_passed] @15-09-2021 10:29:13.0218 A
[ReportManager] Successfully Closed All Drivers. @15-09-2021 10:29:13.0289 A

################################################################################################################################################
Starting Execution:	[88 out of 143] test cases in the current suite
Test Method:		[testPackage01.Test_NewValidationHelper.f2]
################################################################################################################################################
[ReportManager] Assertion Failed: Checking valid user data @15-09-2021 10:29:13.0292 AM
[ReportManager] Assertion [ValidateEquals] FAILED. Expected [1] and Actual [2]. Comparison Type [EQUALS]. Validation Type [POSITIVE]. @15-09-2021 10:29:13.0292 A
[ReportManager] File Action [GetAbsolutePath] successfully performed. With the following test data [Relative Folder Path: "target/downloadedFiles/"]. @15-09-2021 10:29:13.0295 AM
[ReportManager] Attempting to run remotely on: [Linux-64], [GoogleChrome], [http://localhost:4444/wd/hub], Headless Execution. @15-09-2021 10:29:13.0295 AM
[ReportManager] Successfully Opened [GoogleChrome]. @15-09-2021 10:29:13.0485 AM
[ReportManager] Target URL: [https://the-internet.herokuapp.com/] @15-09-2021 10:29:13.0494 AM
[ReportManager] Initial URL: [data:,] @15-09-2021 10:29:13.0531 AM
[ReportManager] Browser Action [NavigateToURL] successfully performed. With the following test data [https://the-internet.herokuapp.com/]. @15-09-2021 10:29:14.0689 A

################################################################################################################################################
Starting Execution:	[89 out of 143] test cases in the current suite
Test Method:		[testPackage01.Test_NewValidationHelper.f20]
################################################################################################################################################
[ReportManager] Element Action [GetSize] successfully performed. With the following test data [(755, 61)]. @15-09-2021 10:29:14.0761 AM
[ReportManager] Loaded Shared OpenCV @15-09-2021 10:29:14.0890 AM
[ReportManager] Assertion [ValidateElementAttribute] PASSED. Expected [Value Should not be 'a' for the 'size' attribute, element locator 'By.tagName: h1'] and Actual [(755, 61)]. Comparison Type [CONTAINS]. Validation Type [NEGATIVE]. @15-09-2021 10:29:14.0965 AM
[ReportManager] Successfully created attachment [Screenshot - 1631701754890_f20_ValidateElementAttribute_passed] @15-09-2021 10:29:14.0966 A
[ReportManager] Successfully Closed All Drivers. @15-09-2021 10:29:15.0041 A
[ReportManager] File Action [GetAbsolutePath] successfully performed. With the following test data [Relative Folder Path: "target/downloadedFiles/"]. @15-09-2021 10:29:15.0043 AM
[ReportManager] Attempting to run remotely on: [Linux-64], [GoogleChrome], [http://localhost:4444/wd/hub], Headless Execution. @15-09-2021 10:29:15.0043 AM
[ReportManager] Successfully Opened [GoogleChrome]. @15-09-2021 10:29:15.0271 AM
[ReportManager] Target URL: [https://the-internet.herokuapp.com/] @15-09-2021 10:29:15.0280 AM
[ReportManager] Initial URL: [data:,] @15-09-2021 10:29:15.0316 AM
[ReportManager] Browser Action [NavigateToURL] successfully performed. With the following test data [https://the-internet.herokuapp.com/]. @15-09-2021 10:29:16.0503 A

################################################################################################################################################
Starting Execution:	[90 out of 143] test cases in the current suite
Test Method:		[testPackage01.Test_NewValidationHelper.f21]
################################################################################################################################################
[ReportManager] Element Action [IdentifyUniqueElement] failed. With the following test data [zero elements found matching this locator "By.tagName: h3".]. @15-09-2021 10:29:42.0026 AM
[ReportManager] Successfully created attachment [Screenshot - 1631701781970_f21_IdentifyUniqueElement_failed] @15-09-2021 10:29:42.0027 AM
[ReportManager] Assertion [ValidateElementAttribute] FAILED. Expected [Value Should be 'Welcome' for the 'text' attribute, element locator 'By.tagName: h3'] and Actual [Failed to read the desired element attribute]. Comparison Type [CONTAINS]. Validation Type [POSITIVE]. @15-09-2021 10:29:42.0027 A
[ReportManager] Successfully Closed All Drivers. @15-09-2021 10:29:42.0101 A
[ReportManager] File Action [GetAbsolutePath] successfully performed. With the following test data [Relative Folder Path: "target/downloadedFiles/"]. @15-09-2021 10:29:42.0103 AM
[ReportManager] Attempting to run remotely on: [Linux-64], [GoogleChrome], [http://localhost:4444/wd/hub], Headless Execution. @15-09-2021 10:29:42.0106 AM
[ReportManager] Successfully Opened [GoogleChrome]. @15-09-2021 10:29:42.0297 AM
[ReportManager] Target URL: [https://the-internet.herokuapp.com/] @15-09-2021 10:29:42.0312 AM
[ReportManager] Initial URL: [data:,] @15-09-2021 10:29:42.0348 AM
[ReportManager] Browser Action [NavigateToURL] successfully performed. With the following test data [https://the-internet.herokuapp.com/]. @15-09-2021 10:29:43.0504 A

################################################################################################################################################
Starting Execution:	[91 out of 143] test cases in the current suite
Test Method:		[testPackage01.Test_NewValidationHelper.f22]
################################################################################################################################################
[ReportManager] Element Action [GetText] successfully performed. With the following test data [Welcome to the-internet]. @15-09-2021 10:29:43.0588 AM
[ReportManager] Loaded Shared OpenCV @15-09-2021 10:29:43.0741 AM
[ReportManager] Assertion [ValidateElementAttribute] FAILED. Expected [Value Should be 'yyy' for the 'text' attribute, element locator 'By.tagName: h1'] and Actual [Welcome to the-internet]. Comparison Type [CONTAINS]. Validation Type [POSITIVE]. @15-09-2021 10:29:43.0814 AM
[ReportManager] Successfully created attachment [Screenshot - 1631701783741_f22_ValidateElementAttribute_failed] @15-09-2021 10:29:43.0816 A
[ReportManager] Successfully Closed All Drivers. @15-09-2021 10:29:43.0890 A

################################################################################################################################################
Starting Execution:	[92 out of 143] test cases in the current suite
Test Method:		[testPackage01.Test_NewValidationHelper.f23]
################################################################################################################################################
[ReportManager] Assertion Passed: confirming that the actual is greater than or equal to the expected @15-09-2021 10:29:43.0894 AM
[ReportManager] Assertion [ValidateComparativeRelation] PASSED. Expected [1] and Actual [1]. Comparison Type [GREATER_THAN_OR_EQUALS]. Validation Type [POSITIVE]. @15-09-2021 10:29:43.0894 A

################################################################################################################################################
Starting Execution:	[93 out of 143] test cases in the current suite
Test Method:		[testPackage01.Test_NewValidationHelper.f24]
################################################################################################################################################
[ReportManager] Assertion [ValidateComparativeRelation] PASSED. Expected [1] and Actual [10]. Comparison Type [GREATER_THAN_OR_EQUALS]. Validation Type [POSITIVE]. @15-09-2021 10:29:43.0898 A

################################################################################################################################################
Starting Execution:	[94 out of 143] test cases in the current suite
Test Method:		[testPackage01.Test_NewValidationHelper.f25]
################################################################################################################################################
[ReportManager] Assertion [ValidateComparativeRelation] PASSED. Expected [1] and Actual [1]. Comparison Type [EQUALS]. Validation Type [POSITIVE]. @15-09-2021 10:29:43.0903 A

################################################################################################################################################
Starting Execution:	[95 out of 143] test cases in the current suite
Test Method:		[testPackage01.Test_NewValidationHelper.f26]
################################################################################################################################################
[ReportManager] Assertion [ValidateComparativeRelation] PASSED. Expected [1] and Actual [5]. Comparison Type [GREATER_THAN]. Validation Type [POSITIVE]. @15-09-2021 10:29:43.0905 A

################################################################################################################################################
Starting Execution:	[96 out of 143] test cases in the current suite
Test Method:		[testPackage01.Test_NewValidationHelper.f27]
################################################################################################################################################
[ReportManager] Assertion [ValidateComparativeRelation] PASSED. Expected [11] and Actual [5]. Comparison Type [LESS_THAN]. Validation Type [POSITIVE]. @15-09-2021 10:29:43.0907 A

################################################################################################################################################
Starting Execution:	[97 out of 143] test cases in the current suite
Test Method:		[testPackage01.Test_NewValidationHelper.f28]
################################################################################################################################################
[ReportManager] Assertion [ValidateComparativeRelation] PASSED. Expected [11] and Actual [5]. Comparison Type [LESS_THAN_OR_EQUALS]. Validation Type [POSITIVE]. @15-09-2021 10:29:43.0910 A

################################################################################################################################################
Starting Execution:	[98 out of 143] test cases in the current suite
Test Method:		[testPackage01.Test_NewValidationHelper.f29]
################################################################################################################################################
[ReportManager] Assertion [ValidateComparativeRelation] PASSED. Expected [11] and Actual [11]. Comparison Type [LESS_THAN_OR_EQUALS]. Validation Type [POSITIVE]. @15-09-2021 10:29:43.0912 A

################################################################################################################################################
Starting Execution:	[99 out of 143] test cases in the current suite
Test Method:		[testPackage01.Test_NewValidationHelper.f3]
################################################################################################################################################
[ReportManager] Assertion [ValidateEquals] PASSED. Expected [1] and Actual [2]. Comparison Type [EQUALS]. Validation Type [NEGATIVE]. @15-09-2021 10:29:43.0915 A

################################################################################################################################################
Starting Execution:	[100 out of 143] test cases in the current suite
Test Method:		[testPackage01.Test_NewValidationHelper.f30]
################################################################################################################################################
[ReportManager] Assertion [ValidateComparativeRelation] FAILED. Expected [-9] and Actual [11]. Comparison Type [LESS_THAN_OR_EQUALS]. Validation Type [POSITIVE]. @15-09-2021 10:29:43.0918 A

################################################################################################################################################
Starting Execution:	[101 out of 143] test cases in the current suite
Test Method:		[testPackage01.Test_NewValidationHelper.f31]
################################################################################################################################################
[ReportManager] Assertion [ValidateTrue] PASSED. Expected [TRUE] and Actual [TRUE]. Validation Type [POSITIVE]. @15-09-2021 10:29:43.0921 A

################################################################################################################################################
Starting Execution:	[102 out of 143] test cases in the current suite
Test Method:		[testPackage01.Test_NewValidationHelper.f32]
################################################################################################################################################
[ReportManager] Assertion [ValidateTrue] PASSED. Expected [FALSE] and Actual [FALSE]. Validation Type [NEGATIVE]. @15-09-2021 10:29:43.0923 A

################################################################################################################################################
Starting Execution:	[103 out of 143] test cases in the current suite
Test Method:		[testPackage01.Test_NewValidationHelper.f33]
################################################################################################################################################
[ReportManager] Assertion [ValidateTrue] FAILED. Expected [FALSE] and Actual [TRUE]. Validation Type [NEGATIVE]. @15-09-2021 10:29:43.0925 A

################################################################################################################################################
Starting Execution:	[104 out of 143] test cases in the current suite
Test Method:		[testPackage01.Test_NewValidationHelper.f34]
################################################################################################################################################
[ReportManager] Assertion [ValidateTrue] FAILED. Expected [TRUE] and Actual [FALSE]. Validation Type [POSITIVE]. @15-09-2021 10:29:43.0928 A

################################################################################################################################################
Starting Execution:	[105 out of 143] test cases in the current suite
Test Method:		[testPackage01.Test_NewValidationHelper.f35]
################################################################################################################################################
[ReportManager] File Action [DoesFileExist] successfully performed. With the following test data [File Path: "pom.xml"]. @15-09-2021 10:29:43.0930 AM
[ReportManager] Assertion [ValidateFileExists] PASSED. Expected [File 'pom.xml' should exist, after up to '1' retries] and Actual [File exists]. Validation Type [POSITIVE]. @15-09-2021 10:29:43.0930 A

################################################################################################################################################
Starting Execution:	[106 out of 143] test cases in the current suite
Test Method:		[testPackage01.Test_NewValidationHelper.f36]
################################################################################################################################################
[ReportManager] File Action [DoesFileExist] successfully performed. With the following test data [File Path: "src/test/java/testPackage01/Test_NewValidationHelper.java"]. @15-09-2021 10:29:43.0933 AM
[ReportManager] Assertion [ValidateFileExists] PASSED. Expected [File 'src/test/java/testPackage01/Test_NewValidationHelper.java' should exist, after up to '1' retries] and Actual [File exists]. Validation Type [POSITIVE]. @15-09-2021 10:29:43.0933 A

################################################################################################################################################
Starting Execution:	[107 out of 143] test cases in the current suite
Test Method:		[testPackage01.Test_NewValidationHelper.f37]
################################################################################################################################################
[ReportManager] File Action [DoesFileExist] successfully performed. With the following test data [File Path: "pom.xml"]. @15-09-2021 10:29:43.0935 AM
[ReportManager] Assertion Failed: confirming that the file does't exist after 5 retries @15-09-2021 10:29:43.0935 AM
[ReportManager] Assertion [ValidateFileExists] FAILED. Expected [File 'pom.xml' should not exist, after up to '5' retries] and Actual [File exists]. Validation Type [NEGATIVE]. @15-09-2021 10:29:43.0935 A

################################################################################################################################################
Starting Execution:	[108 out of 143] test cases in the current suite
Test Method:		[testPackage01.Test_NewValidationHelper.f3_1]
################################################################################################################################################
[ReportManager] Assertion Passed: Checking valid user data @15-09-2021 10:29:43.0938 AM
[ReportManager] Assertion [ValidateEquals] PASSED. Expected [null] and Actual [null]. Comparison Type [EQUALS]. Validation Type [POSITIVE]. @15-09-2021 10:29:43.0938 A

################################################################################################################################################
Starting Execution:	[109 out of 143] test cases in the current suite
Test Method:		[testPackage01.Test_NewValidationHelper.f4]
################################################################################################################################################
[ReportManager] Assertion [ValidateEquals] PASSED. Expected [1] and Actual [123]. Comparison Type [CONTAINS]. Validation Type [POSITIVE]. @15-09-2021 10:29:43.0940 A

################################################################################################################################################
Starting Execution:	[110 out of 143] test cases in the current suite
Test Method:		[testPackage01.Test_NewValidationHelper.f5]
################################################################################################################################################
[ReportManager] Assertion [ValidateNull] PASSED. Expected [NULL] and Actual [1]. Comparison Type [EQUALS]. Validation Type [NEGATIVE]. @15-09-2021 10:29:43.0942 A

################################################################################################################################################
Starting Execution:	[111 out of 143] test cases in the current suite
Test Method:		[testPackage01.Test_NewValidationHelper.f6]
################################################################################################################################################
[ReportManager] Assertion Failed: Making sure that null string is not equal to null object @15-09-2021 10:29:43.0944 AM
[ReportManager] Assertion [ValidateNull] FAILED. Expected [NULL] and Actual [NULL]. Comparison Type [EQUALS]. Validation Type [POSITIVE]. @15-09-2021 10:29:43.0944 A

################################################################################################################################################
Starting Execution:	[112 out of 143] test cases in the current suite
Test Method:		[testPackage01.Test_NewValidationHelper.f6_1]
################################################################################################################################################
[ReportManager] Assertion [ValidateNull] FAILED. Expected [NULL] and Actual [NULL]. Comparison Type [EQUALS]. Validation Type [NEGATIVE]. @15-09-2021 10:29:43.0946 A

################################################################################################################################################
Starting Execution:	[113 out of 143] test cases in the current suite
Test Method:		[testPackage01.Test_NewValidationHelper.f6_2]
################################################################################################################################################
[ReportManager] Assertion Failed: Making sure that null string is not equal to null object @15-09-2021 10:29:43.0948 AM
[ReportManager] Assertion [ValidateNull] FAILED. Expected [NULL] and Actual [not null]. Comparison Type [EQUALS]. Validation Type [POSITIVE]. @15-09-2021 10:29:43.0948 A

################################################################################################################################################
Starting Execution:	[114 out of 143] test cases in the current suite
Test Method:		[testPackage01.Test_NewValidationHelper.f7]
################################################################################################################################################
[ReportManager] Assertion [ValidateNull] PASSED. Expected [NULL] and Actual [NULL]. Comparison Type [EQUALS]. Validation Type [POSITIVE]. @15-09-2021 10:29:43.0950 A
[ReportManager] File Action [GetAbsolutePath] successfully performed. With the following test data [Relative Folder Path: "target/downloadedFiles/"]. @15-09-2021 10:29:43.0952 AM
[ReportManager] Attempting to run remotely on: [Linux-64], [GoogleChrome], [http://localhost:4444/wd/hub], Headless Execution. @15-09-2021 10:29:43.0952 AM
[ReportManager] Successfully Opened [GoogleChrome]. @15-09-2021 10:29:44.0132 AM
[ReportManager] Target URL: [https://the-internet.herokuapp.com/] @15-09-2021 10:29:44.0143 AM
[ReportManager] Initial URL: [data:,] @15-09-2021 10:29:44.0179 AM
[ReportManager] Browser Action [NavigateToURL] successfully performed. With the following test data [https://the-internet.herokuapp.com/]. @15-09-2021 10:29:45.0409 A

################################################################################################################################################
Starting Execution:	[115 out of 143] test cases in the current suite
Test Method:		[testPackage01.Test_NewValidationHelper.f8]
################################################################################################################################################
[ReportManager] Loaded Shared OpenCV @15-09-2021 10:29:45.0602 AM
[ReportManager] Assertion [ValidateElementExists] PASSED. Expected [Element Should Exist, locator 'By.tagName: h1'] and Actual [Element Exists]. Comparison Type [EQUALS]. Validation Type [POSITIVE]. @15-09-2021 10:29:45.0678 AM
[ReportManager] Successfully created attachment [Screenshot - 1631701785602_f8_ValidateElementExists_passed] @15-09-2021 10:29:45.0679 A
[ReportManager] Successfully Closed All Drivers. @15-09-2021 10:29:45.0750 A
[ReportManager] File Action [GetAbsolutePath] successfully performed. With the following test data [Relative Folder Path: "target/downloadedFiles/"]. @15-09-2021 10:29:45.0752 AM
[ReportManager] Attempting to run remotely on: [Linux-64], [GoogleChrome], [http://localhost:4444/wd/hub], Headless Execution. @15-09-2021 10:29:45.0753 AM
[ReportManager] Successfully Opened [GoogleChrome]. @15-09-2021 10:29:45.0952 AM
[ReportManager] Target URL: [https://the-internet.herokuapp.com/] @15-09-2021 10:29:45.0968 AM
[ReportManager] Initial URL: [data:,] @15-09-2021 10:29:46.0008 AM
[ReportManager] Browser Action [NavigateToURL] successfully performed. With the following test data [https://the-internet.herokuapp.com/]. @15-09-2021 10:29:47.0167 A

################################################################################################################################################
Starting Execution:	[116 out of 143] test cases in the current suite
Test Method:		[testPackage01.Test_NewValidationHelper.f9]
################################################################################################################################################
[ReportManager] Assertion [ValidateElementExists] FAILED. Expected [Element Should Exist, locator 'By.tagName: h3'] and Actual [Element Doesn't Exists]. Comparison Type [EQUALS]. Validation Type [POSITIVE]. @15-09-2021 10:30:17.0812 AM
[ReportManager] Successfully created attachment [Screenshot - 1631701817753_f9_ValidateElementExists_failed] @15-09-2021 10:30:17.0812 A
[ReportManager] Successfully Closed All Drivers. @15-09-2021 10:30:17.0882 A

################################################################################################################################################
Starting Execution:	[117 out of 143] test cases in the current suite
Test Method:		[testPackage01.Test_NewValidationHelper.forceFail]
################################################################################################################################################
[ReportManager] Assertion [ValidateFail] FAILED. Successfully force failed the test. @15-09-2021 10:30:17.0886 A

################################################################################################################################################
Starting Execution:	[118 out of 143] test cases in the current suite
Test Method:		[testPackage01.Test_NewValidationHelper.forceFail2]
################################################################################################################################################
[ReportManager] Assertion Failed: Custom Message @15-09-2021 10:30:17.0888 AM
[ReportManager] Assertion [ValidateFail] FAILED. Successfully force failed the test. @15-09-2021 10:30:17.0888 A

################################################################################################################################################
Starting Execution:	[119 out of 143] test cases in the current suite
Test Method:		[testPackage01.Test_sendGraphqlRequest.sendGraphqlRequestUsingMutationAndVariables]
################################################################################################################################################
[ReportManager] GraphQl Request is being Performed with the Following Parameters [Service URL: https://api.spacex.land/graphql | Request Body: {"variables":"{\"name\": \"sherlock holmes\",\"rocket\": \"221B Baker Street\"}","query":"mutation ($name: String, $rocket: String) {\n  insert_users(objects: {name: $name, rocket: $rocket}) {\n    returning {\n      name\n      rocket\n    }\n  }\n}"}] @15-09-2021 10:30:17.0891 AM
[ReportManager] Response status code: [200], status line: [HTTP/1.1 200 OK] @15-09-2021 10:30:18.0424 AM
[ReportManager] Assertion Passed: Evaluating the actual response status code against the expected one... @15-09-2021 10:30:18.0424 AM
[ReportManager] Assertion [ValidateEquals] PASSED. Expected [200] and Actual [200]. Comparison Type [EQUALS]. Validation Type [POSITIVE]. @15-09-2021 10:30:18.0424 AM
[ReportManager] API Action [PerformRequest] successfully performed. With the following test data [Request Type: "POST" | Target Status Code: "200" | Service URL: "https://api.spacex.land/graphql" | Content Type: "application/json" | Response Time: "479ms"]. @15-09-2021 10:30:18.0444 AM
[ReportManager] Successfully created attachment [API Request - Specifications] @15-09-2021 10:30:18.0444 AM
[ReportManager] Successfully created attachment [API Request - JSON Body] @15-09-2021 10:30:18.0445 AM
[ReportManager] Successfully created attachment [API Response - JSON Body] @15-09-2021 10:30:18.0445 AM
[ReportManager] API Action [GetResponseJSONValue] successfully performed. With the following test data [data.insert_users.returning[0].name]. @15-09-2021 10:30:18.0482 AM
[ReportManager] Assertion [ValidateEquals] PASSED. Expected [sherlock holmes] and Actual [sherlock holmes]. Comparison Type [EQUALS]. Validation Type [POSITIVE]. @15-09-2021 10:30:18.0482 A

################################################################################################################################################
Starting Execution:	[120 out of 143] test cases in the current suite
Test Method:		[testPackage01.Test_sendGraphqlRequest.sendGraphqlRequestUsingQuery]
################################################################################################################################################
[ReportManager] GraphQl Request is being Performed with the Following Parameters [Service URL: https://api.spacex.land/graphql | Request Body: {"query":"{company {ceo}}"}] @15-09-2021 10:30:18.0488 AM
[ReportManager] Response status code: [200], status line: [HTTP/1.1 200 OK] @15-09-2021 10:30:18.0779 AM
[ReportManager] Assertion Passed: Evaluating the actual response status code against the expected one... @15-09-2021 10:30:18.0779 AM
[ReportManager] Assertion [ValidateEquals] PASSED. Expected [200] and Actual [200]. Comparison Type [EQUALS]. Validation Type [POSITIVE]. @15-09-2021 10:30:18.0780 AM
[ReportManager] API Action [PerformRequest] successfully performed. With the following test data [Request Type: "POST" | Target Status Code: "200" | Service URL: "https://api.spacex.land/graphql" | Content Type: "application/json" | Response Time: "285ms"]. @15-09-2021 10:30:18.0791 AM
[ReportManager] Successfully created attachment [API Request - Specifications] @15-09-2021 10:30:18.0791 AM
[ReportManager] Successfully created attachment [API Request - JSON Body] @15-09-2021 10:30:18.0792 AM
[ReportManager] Successfully created attachment [API Response - JSON Body] @15-09-2021 10:30:18.0792 AM
[ReportManager] API Action [GetResponseJSONValue] successfully performed. With the following test data [data.company.ceo]. @15-09-2021 10:30:18.0803 AM
[ReportManager] Assertion [ValidateEquals] PASSED. Expected [Elon Musk] and Actual [Elon Musk]. Comparison Type [EQUALS]. Validation Type [POSITIVE]. @15-09-2021 10:30:18.0803 A

################################################################################################################################################
Starting Execution:	[121 out of 143] test cases in the current suite
Test Method:		[testPackage01.Test_JsonCompareWithSpecialCharacters.specialCharacters]
################################################################################################################################################
[ReportManager] File Action [GetAbsolutePath] successfully performed. With the following test data [Relative Folder Path: "src/test/resources/TestJsonFiles/specialCharacters.json"]. @15-09-2021 10:30:18.0811 AM
[ReportManager] File Action [ReadFromFile] successfully performed. With the following test data [File Path: "/home/runner/work/SHAFT_ENGINE/SHAFT_ENGINE/src/test/resources/TestJsonFiles/specialCharacters.json"]. @15-09-2021 10:30:18.0818 AM
[ReportManager] Successfully created attachment [File Action Actual Result - Command Log] @15-09-2021 10:30:18.0818 AM
[ReportManager] Comparing the provided API response with the file at this path "src/test/resources/TestJsonFiles/specialCharacters.json", comparison type "EQUALS" @15-09-2021 10:30:18.0819 AM
[ReportManager] API Action [CompareJSON] successfully performed. With the following test data [src/test/resources/TestJsonFiles/specialCharacters.json]. @15-09-2021 10:30:18.0833 AM
[ReportManager] File Action [GetAbsolutePath] successfully performed. With the following test data [Relative Folder Path: "src/test/resources/TestJsonFiles/specialCharacters.json"]. @15-09-2021 10:30:18.0833 AM
[ReportManager] File Action [ReadFromFile] successfully performed. With the following test data [File Path: "/home/runner/work/SHAFT_ENGINE/SHAFT_ENGINE/src/test/resources/TestJsonFiles/specialCharacters.json"]. @15-09-2021 10:30:18.0833 AM
[ReportManager] Verification [ValidateJSONFileContent] PASSED. Expected [Response data should match the JSON File in this path 'src/test/resources/TestJsonFiles/specialCharacters.json'] and Actual [TRUE]. Comparison Type [EQUALS]. Validation Type [POSITIVE]. @15-09-2021 10:30:18.0843 AM
[ReportManager] Successfully created attachment [Validation Test Data - Expected JSON Value] @15-09-2021 10:30:18.0844 AM
[ReportManager] Successfully created attachment [Validation Test Data - Actual JSON Value] @15-09-2021 10:30:18.0845 A

################################################################################################################################################
Starting Execution:	[122 out of 143] test cases in the current suite
Test Method:		[testPackage01.Test_JsonCompareWithSpecialCharacters.specialCharacters_assertion]
################################################################################################################################################
[ReportManager] File Action [GetAbsolutePath] successfully performed. With the following test data [Relative Folder Path: "src/test/resources/TestJsonFiles/specialCharacters.json"]. @15-09-2021 10:30:18.0854 AM
[ReportManager] File Action [ReadFromFile] successfully performed. With the following test data [File Path: "/home/runner/work/SHAFT_ENGINE/SHAFT_ENGINE/src/test/resources/TestJsonFiles/specialCharacters.json"]. @15-09-2021 10:30:18.0854 AM
[ReportManager] Successfully created attachment [File Action Actual Result - Command Log] @15-09-2021 10:30:18.0854 AM
[ReportManager] Comparing the provided API response with the file at this path "src/test/resources/TestJsonFiles/specialCharacters.json", comparison type "CONTAINS" @15-09-2021 10:30:18.0855 AM
[ReportManager] API Action [CompareJSON] successfully performed. With the following test data [src/test/resources/TestJsonFiles/specialCharacters.json]. @15-09-2021 10:30:18.0881 AM
[ReportManager] File Action [GetAbsolutePath] successfully performed. With the following test data [Relative Folder Path: "src/test/resources/TestJsonFiles/specialCharacters.json"]. @15-09-2021 10:30:18.0881 AM
[ReportManager] File Action [ReadFromFile] successfully performed. With the following test data [File Path: "/home/runner/work/SHAFT_ENGINE/SHAFT_ENGINE/src/test/resources/TestJsonFiles/specialCharacters.json"]. @15-09-2021 10:30:18.0882 AM
[ReportManager] Assertion Passed: trying out the log message @15-09-2021 10:30:18.0886 AM
[ReportManager] Successfully created attachment [Validation Test Data - Expected JSON Value] @15-09-2021 10:30:18.0886 AM
[ReportManager] Successfully created attachment [Validation Test Data - Actual JSON Value] @15-09-2021 10:30:18.0887 AM
[ReportManager] Assertion [ValidateJSONFileContent] PASSED. Expected [Response data should match the JSON File in this path 'src/test/resources/TestJsonFiles/specialCharacters.json'] and Actual [TRUE]. Comparison Type [CONTAINS]. Validation Type [POSITIVE]. @15-09-2021 10:30:18.0887 A

################################################################################################################################################
Starting Execution:	[123 out of 143] test cases in the current suite
Test Method:		[testPackage01.Test_JsonActions.f]
###############################################################################################################################################

################################################################################################################################################
Starting Execution:	[124 out of 143] test cases in the current suite
Test Method:		[testPackage01.Test_JsonActions.f2]
###############################################################################################################################################
[ReportManager] File Action [GetAbsolutePath] successfully performed. With the following test data [Relative Folder Path: "target/downloadedFiles/"]. @15-09-2021 10:30:18.0909 AM
[ReportManager] Attempting to run remotely on: [Linux-64], [GoogleChrome], [http://localhost:4444/wd/hub], Headless Execution. @15-09-2021 10:30:18.0909 AM
[ReportManager] Successfully Opened [GoogleChrome]. @15-09-2021 10:30:19.0107 A

################################################################################################################################################
Starting Execution:	[125 out of 143] test cases in the current suite
Test Method:		[testPackage01.Test_dynamicLoading.dynamicLoading_elementIsHidden]
################################################################################################################################################
[ReportManager] Target URL: [https://the-internet.herokuapp.com/dynamic_loading/1] @15-09-2021 10:30:19.0126 AM
[ReportManager] Initial URL: [data:,] @15-09-2021 10:30:19.0160 AM
[ReportManager] Browser Action [NavigateToURL] successfully performed. With the following test data [https://the-internet.herokuapp.com/dynamic_loading/1]. @15-09-2021 10:30:20.0357 AM
[ReportManager] Element Action [Click] successfully performed. With the following test data [Start]. @15-09-2021 10:30:20.0659 AM
[ReportManager] Element Action [GetText] successfully performed. With the following test data [
    Hello World!
  ]. @15-09-2021 10:30:20.0776 AM
[ReportManager] Loaded Shared OpenCV @15-09-2021 10:30:20.0926 AM
[ReportManager] Assertion [ValidateElementAttribute] PASSED. Expected [Value Should be 'Hello World!' for the 'text' attribute, element locator 'By.id: finish'] and Actual [
    Hello World!
  ]. Comparison Type [CONTAINS]. Validation Type [POSITIVE]. @15-09-2021 10:30:20.0990 AM
[ReportManager] Successfully created attachment [Screenshot - 1631701820926_dynamicLoading_elementIsHidden_ValidateElementAttribute_passed] @15-09-2021 10:30:20.0990 A
[ReportManager] Browser Action [CloseCurrentWindow] successfully performed. @15-09-2021 10:30:21.0084 AM
[ReportManager] Successfully created attachment [Browser Action Test Data - CloseCurrentWindow - Actual Value] @15-09-2021 10:30:21.0084 A
[ReportManager] File Action [GetAbsolutePath] successfully performed. With the following test data [Relative Folder Path: "target/downloadedFiles/"]. @15-09-2021 10:30:21.0086 AM
[ReportManager] Attempting to run remotely on: [Linux-64], [GoogleChrome], [http://localhost:4444/wd/hub], Headless Execution. @15-09-2021 10:30:21.0086 AM
[ReportManager] Successfully Opened [GoogleChrome]. @15-09-2021 10:30:21.0290 A

################################################################################################################################################
Starting Execution:	[126 out of 143] test cases in the current suite
Test Method:		[testPackage01.Test_dynamicLoading.dynamicLoading_elementIsRendered]
################################################################################################################################################
[ReportManager] Target URL: [https://the-internet.herokuapp.com/dynamic_loading/2] @15-09-2021 10:30:21.0308 AM
[ReportManager] Initial URL: [data:,] @15-09-2021 10:30:21.0370 AM
[ReportManager] Browser Action [NavigateToURL] successfully performed. With the following test data [https://the-internet.herokuapp.com/dynamic_loading/2]. @15-09-2021 10:30:22.0487 AM
[ReportManager] Element Action [Click] successfully performed. With the following test data [Start]. @15-09-2021 10:30:22.0779 AM
[ReportManager] Element Action [GetText] successfully performed. With the following test data [Hello World!]. @15-09-2021 10:30:27.0933 AM
[ReportManager] Loaded Shared OpenCV @15-09-2021 10:30:28.0081 AM
[ReportManager] Assertion [ValidateElementAttribute] PASSED. Expected [Value Should be 'Hello World!' for the 'text' attribute, element locator 'By.id: finish'] and Actual [Hello World!]. Comparison Type [CONTAINS]. Validation Type [POSITIVE]. @15-09-2021 10:30:28.0154 AM
[ReportManager] Successfully created attachment [Screenshot - 1631701828081_dynamicLoading_elementIsRendered_ValidateElementAttribute_passed] @15-09-2021 10:30:28.0155 A
[ReportManager] Browser Action [CloseCurrentWindow] successfully performed. @15-09-2021 10:30:28.0249 AM
[ReportManager] Successfully created attachment [Browser Action Test Data - CloseCurrentWindow - Actual Value] @15-09-2021 10:30:28.0249 A

################################################################################################################################################
Starting Execution:	[127 out of 143] test cases in the current suite
Test Method:		[testPackage01.Test_chainableElementActions.chainElementActions]
################################################################################################################################################
[ReportManager] File Action [GetAbsolutePath] successfully performed. With the following test data [Relative Folder Path: "target/downloadedFiles/"]. @15-09-2021 10:30:28.0253 AM
[ReportManager] Attempting to run remotely on: [Linux-64], [GoogleChrome], [http://localhost:4444/wd/hub], Headless Execution. @15-09-2021 10:30:28.0253 AM
[ReportManager] Successfully Opened [GoogleChrome]. @15-09-2021 10:30:28.0468 AM
[ReportManager] Target URL: [https://www.google.com/ncr], and after redirection: [https://www.google.com] @15-09-2021 10:30:28.0478 AM
[ReportManager] Initial URL: [data:,] @15-09-2021 10:30:28.0520 AM
[ReportManager] Browser Action [NavigateToURL] successfully performed. With the following test data [https://www.google.com/ncr]. @15-09-2021 10:30:29.0361 AM
[ReportManager] Element Action [Type] successfully performed. With the following test data [chained type 1]. @15-09-2021 10:30:29.0695 AM
[ReportManager] Element Action [Type] successfully performed. With the following test data [chained type 2]. @15-09-2021 10:30:29.0992 AM
[ReportManager] Element Action [TypeAppend] successfully performed. With the following test data [345]. @15-09-2021 10:30:30.0092 AM
[ReportManager] Element Action [GetText] successfully performed. With the following test data [chained type 2345]. @15-09-2021 10:30:30.0202 AM
[ReportManager] Loaded Shared OpenCV @15-09-2021 10:30:30.0395 AM
[ReportManager] Assertion [ValidateElementAttribute] PASSED. Expected [Value Should be 'chained type 2345' for the 'text' attribute, element locator 'By.name: q'] and Actual [chained type 2345]. Comparison Type [EQUALS]. Validation Type [POSITIVE]. @15-09-2021 10:30:30.0475 AM
[ReportManager] Successfully created attachment [Screenshot - 1631701830395_chainElementActions_ValidateElementAttribute_passed] @15-09-2021 10:30:30.0477 AM
[ReportManager] Browser Action [CloseCurrentWindow] successfully performed. @15-09-2021 10:30:30.0601 AM
[ReportManager] Successfully created attachment [Browser Action Test Data - CloseCurrentWindow - Actual Value] @15-09-2021 10:30:30.0602 A
[ReportManager] File Action [GetAbsolutePath] successfully performed. With the following test data [Relative Folder Path: "target/downloadedFiles/"]. @15-09-2021 10:30:30.0605 AM
[ReportManager] Attempting to run remotely on: [Linux-64], [GoogleChrome], [http://localhost:4444/wd/hub], Headless Execution. @15-09-2021 10:30:30.0606 AM
[ReportManager] Successfully Opened [GoogleChrome]. @15-09-2021 10:30:30.0809 A

################################################################################################################################################
Starting Execution:	[128 out of 143] test cases in the current suite
Test Method:		[testPackage01.Test_dragAndDrop.dragAndDropJquery]
################################################################################################################################################
[ReportManager] Target URL: [https://jqueryui.com/resources/demos/droppable/default.html] @15-09-2021 10:30:30.0821 AM
[ReportManager] Initial URL: [data:,] @15-09-2021 10:30:30.0866 AM
[ReportManager] Browser Action [NavigateToURL] successfully performed. With the following test data [https://jqueryui.com/resources/demos/droppable/default.html]. @15-09-2021 10:30:31.0444 AM
[ReportManager] Element Action [GetText] successfully performed. With the following test data [Drop here]. @15-09-2021 10:30:31.0520 AM
[ReportManager] Element Action [DragAndDrop] successfully performed. With the following test data [Start point: (8, 18), End point: (8, 18)]. @15-09-2021 10:30:32.0837 AM
[ReportManager] Element Action [GetText] successfully performed. With the following test data [Dropped!]. @15-09-2021 10:30:32.0890 AM
[ReportManager] Assertion Passed: Checking to see if the text has changed after performing drag and drop @15-09-2021 10:30:32.0890 AM
[ReportManager] Assertion [ValidateEquals] PASSED. Expected [Drop here] and Actual [Dropped!]. Comparison Type [EQUALS]. Validation Type [NEGATIVE]. @15-09-2021 10:30:32.0891 A
[ReportManager] Browser Action [CloseCurrentWindow] successfully performed. @15-09-2021 10:30:32.0994 AM
[ReportManager] Successfully created attachment [Browser Action Test Data - CloseCurrentWindow - Actual Value] @15-09-2021 10:30:33.0001 A
[ReportManager] File Action [GetAbsolutePath] successfully performed. With the following test data [Relative Folder Path: "target/downloadedFiles/"]. @15-09-2021 10:30:33.0003 AM
[ReportManager] Attempting to run remotely on: [Linux-64], [GoogleChrome], [http://localhost:4444/wd/hub], Headless Execution. @15-09-2021 10:30:33.0003 AM
[ReportManager] Successfully Opened [GoogleChrome]. @15-09-2021 10:30:33.0204 A

################################################################################################################################################
Starting Execution:	[129 out of 143] test cases in the current suite
Test Method:		[testPackage01.Test_dragAndDrop.dragAndDrop]
Test Description:	[TC001 - Test Drag and Drop function.]
################################################################################################################################################
[ReportManager] Target URL: [http://the-internet.herokuapp.com/drag_and_drop] @15-09-2021 10:30:33.0217 AM
[ReportManager] Initial URL: [data:,] @15-09-2021 10:30:33.0258 AM
[ReportManager] Browser Action [NavigateToURL] successfully performed. With the following test data [http://the-internet.herokuapp.com/drag_and_drop]. @15-09-2021 10:30:34.0257 AM
[ReportManager] Attempting Drag and Drop @15-09-2021 10:30:34.0257 AM
[ReportManager] Element Action [DragAndDrop] successfully performed. With the following test data [Start point: (32, 89), End point: (247, 89)]. @15-09-2021 10:30:35.0431 A
[ReportManager] Browser Action [CloseCurrentWindow] successfully performed. @15-09-2021 10:30:35.0537 AM
[ReportManager] Successfully created attachment [Browser Action Test Data - CloseCurrentWindow - Actual Value] @15-09-2021 10:30:35.0538 A
[ReportManager] File Action [GetAbsolutePath] successfully performed. With the following test data [Relative Folder Path: "target/downloadedFiles/"]. @15-09-2021 10:30:35.0542 AM
[ReportManager] Attempting to run remotely on: [Linux-64], [GoogleChrome], [http://localhost:4444/wd/hub], Headless Execution. @15-09-2021 10:30:35.0542 AM
[ReportManager] Successfully Opened [GoogleChrome]. @15-09-2021 10:30:35.0734 A

################################################################################################################################################
Starting Execution:	[130 out of 143] test cases in the current suite
Test Method:		[testPackage01.Test_dragAndDrop.dragAndDropByOffset]
Test Description:	[TC002 - Test Drag and Drop by offset function.]
################################################################################################################################################
[ReportManager] Target URL: [https://jqueryui.com/resources/demos/draggable/default.html] @15-09-2021 10:30:35.0757 AM
[ReportManager] Initial URL: [data:,] @15-09-2021 10:30:35.0796 AM
[ReportManager] Browser Action [NavigateToURL] successfully performed. With the following test data [https://jqueryui.com/resources/demos/draggable/default.html]. @15-09-2021 10:30:36.0353 AM
[ReportManager] Element Action [DragAndDropByOffset] successfully performed. With the following test data [Start point: (8, 8), End point: (108, 58)]. @15-09-2021 10:30:36.0503 A
[ReportManager] Browser Action [CloseCurrentWindow] successfully performed. @15-09-2021 10:30:36.0555 AM
[ReportManager] Successfully created attachment [Browser Action Test Data - CloseCurrentWindow - Actual Value] @15-09-2021 10:30:36.0555 A

################################################################################################################################################
Starting Execution:	[131 out of 143] test cases in the current suite
Test Method:		[testPackage01.Test_AssertApiResponseEquals.assertApiResponseEquals_expectedToPass]
################################################################################################################################################
[ReportManager] Response status code: [200], status line: [HTTP/1.1 200 OK] @15-09-2021 10:30:36.0620 AM
[ReportManager] Assertion Passed: Evaluating the actual response status code against the expected one... @15-09-2021 10:30:36.0620 AM
[ReportManager] Assertion [ValidateEquals] PASSED. Expected [200] and Actual [200]. Comparison Type [EQUALS]. Validation Type [POSITIVE]. @15-09-2021 10:30:36.0620 AM
[ReportManager] API Action [PerformRequest] successfully performed. With the following test data [Request Type: "GET" | Target Status Code: "200" | Service URL: "https://jsonplaceholder.typicode.com/users" | Content Type: "*/*" | Response Time: "56ms"]. @15-09-2021 10:30:36.0636 AM
[ReportManager] Successfully created attachment [API Request - Specifications] @15-09-2021 10:30:36.0636 AM
[ReportManager] Successfully created attachment [API Response - JSON Body] @15-09-2021 10:30:36.0637 AM
[ReportManager] API Action [GetResponseJSONValueAsList] successfully performed. With the following test data [$]. @15-09-2021 10:30:36.0641 AM
[ReportManager] API Action [GetResponseJSONValue] successfully performed. With the following test data [name]. @15-09-2021 10:30:36.0649 AM
[ReportManager] API Action [GetResponseJSONValue] successfully performed. With the following test data [email]. @15-09-2021 10:30:36.0656 AM
[ReportManager] Verification [ValidateEquals] PASSED. Expected [Sincere@april.biz] and Actual [Sincere@april.biz]. Comparison Type [EQUALS]. Validation Type [POSITIVE]. @15-09-2021 10:30:36.0657 AM
[ReportManager] API Action [GetResponseJSONValue] successfully performed. With the following test data [username]. @15-09-2021 10:30:36.0664 AM
[ReportManager] Assertion [ValidateEquals] PASSED. Expected [Bret] and Actual [Bret]. Comparison Type [EQUALS]. Validation Type [POSITIVE]. @15-09-2021 10:30:36.0664 AM
[ReportManager] API Action [GetResponseJSONValue] successfully performed. With the following test data [name]. @15-09-2021 10:30:36.0672 AM
[ReportManager] API Action [GetResponseJSONValue] successfully performed. With the following test data [name]. @15-09-2021 10:30:36.0680 AM
[ReportManager] API Action [GetResponseJSONValue] successfully performed. With the following test data [name]. @15-09-2021 10:30:36.0688 AM
[ReportManager] API Action [GetResponseJSONValue] successfully performed. With the following test data [name]. @15-09-2021 10:30:36.0696 AM
[ReportManager] API Action [GetResponseJSONValue] successfully performed. With the following test data [name]. @15-09-2021 10:30:36.0704 AM
[ReportManager] API Action [GetResponseJSONValue] successfully performed. With the following test data [name]. @15-09-2021 10:30:36.0725 AM
[ReportManager] API Action [GetResponseJSONValue] successfully performed. With the following test data [name]. @15-09-2021 10:30:36.0733 AM
[ReportManager] API Action [GetResponseJSONValue] successfully performed. With the following test data [name]. @15-09-2021 10:30:36.0741 AM
[ReportManager] API Action [GetResponseJSONValue] successfully performed. With the following test data [name]. @15-09-2021 10:30:36.0748 A

################################################################################################################################################
Starting Execution:	[132 out of 143] test cases in the current suite
Test Method:		[testPackage01.Test_testData.f]
################################################################################################################################################
[ReportManager] Successfully loaded the following test data file [src/test/resources/TestDataFiles/testSuite01/TestData.xlsx]. @15-09-2021 10:30:36.0785 AM
[ReportManager] Successfully created attachment [Test Data - Excel] @15-09-2021 10:30:36.0785 AM
[ReportManager] Last Column Number is: [3]. Zero-based. @15-09-2021 10:30:36.0786 A
[ReportManager] Successfully loaded the following test data file [src/test/resources/TestDataFiles/testSuite01/TestData.xlsx]. @15-09-2021 10:30:36.0813 AM
[ReportManager] Successfully created attachment [Test Data - Excel] @15-09-2021 10:30:36.0813 AM
[ReportManager] Attempting to run using Playwright locally on: [Linux-64], [GoogleChrome], Headless Execution. @15-09-2021 10:30:50.0438 AM
[ReportManager] File Action [GetAbsolutePath] successfully performed. With the following test data [Relative Folder Path: "target/downloadedFiles/"]. @15-09-2021 10:30:50.0439 AM
[ReportManager] Initial window size: (1280, 720) @15-09-2021 10:30:50.0811 AM
[ReportManager] Window size after Toolkit: com.microsoft.playwright.options.ViewportSize@72f598da @15-09-2021 10:30:50.0819 AM
[ReportManager] Browser Action [MaximizeWindow] successfully performed. With the following test data [New screen size is now: (1920, 1080)]. @15-09-2021 10:30:50.0819 A

################################################################################################################################################
Starting Execution:	[133 out of 143] test cases in the current suite
Test Method:		[testPackage01.Test_google_playwright.navigateToURLandVerifyGoogleLogoIsDisplayed]
Test Description:	[TC001 - Navigate to URL and Verify Google Logo is Displayed]
################################################################################################################################################
[ReportManager] Target URL: [https://www.google.com/ncr], and after redirection: [https://www.google.com] @15-09-2021 10:30:50.0829 AM
[ReportManager] Initial URL: [about:blank] @15-09-2021 10:30:51.0296 AM
[ReportManager] Browser Action [NavigateToURL] successfully performed. With the following test data [https://www.google.com/ncr]. @15-09-2021 10:30:52.0613 AM
[ReportManager] Loaded Shared OpenCV @15-09-2021 10:30:52.0866 AM
[ReportManager] Assertion [ValidateElementExists] PASSED. Expected [Element Should Exist, locator 'xpath=//*[@id='hplogo' or @alt='Google']'] and Actual [Element Exists]. Comparison Type [EQUALS]. Validation Type [POSITIVE]. @15-09-2021 10:30:53.0079 AM
[ReportManager] Successfully created attachment [Screenshot - 1631701852863_navigateToURLandVerifyGoogleLogoIsDisplayed_ValidateElementExists_passed] @15-09-2021 10:30:53.0080 A

################################################################################################################################################
Starting Execution:	[134 out of 143] test cases in the current suite
Test Method:		[testPackage01.Test_google_playwright.searchForQueryandAssertResultsNumDisplayed]
Test Description:	[TC002 - Search for Query and Assert that the number of results is displayed]
################################################################################################################################################
[ReportManager] Element Action [Type] successfully performed. With the following test data [SHAFT_Engine]. @15-09-2021 10:30:53.0305 AM
[ReportManager] Element Action [KeyPress] successfully performed. With the following test data [Enter]. @15-09-2021 10:30:53.0341 AM
[ReportManager] Element Action [GetText] successfully performed. With the following test data [About 981,000 results (0.70 seconds)]. @15-09-2021 10:30:54.0267 AM
[ReportManager] Loaded Shared OpenCV @15-09-2021 10:30:55.0580 AM
[ReportManager] Assertion [ValidateElementAttribute] PASSED. Expected [Value Should not be '' for the 'text' attribute, element locator 'xpath=//div[@id='appbar']'] and Actual [About 981,000 results (0.70 seconds)]. Comparison Type [EQUALS]. Validation Type [NEGATIVE]. @15-09-2021 10:30:55.0823 AM
[ReportManager] Successfully created attachment [Screenshot - 1631701855579_searchForQueryandAssertResultsNumDisplayed_ValidateElementAttribute_passed] @15-09-2021 10:30:55.0826 A

################################################################################################################################################
Starting Execution:	[135 out of 143] test cases in the current suite
Test Method:		[testPackage01.Test_google_playwright.clickNextThrice]
Test Description:	[TC003 - Clicks the next button to make sure that the framework can scroll element into view before clicking it]
################################################################################################################################################
[ReportManager] Element Action [Click] successfully performed. With the following test data [Next]. @15-09-2021 10:30:56.0072 A
[ReportManager] Failed to find video recording. @15-09-2021 10:30:56.0074 AM
[ReportManager] Successfully Closed PlayWright Driver. @15-09-2021 10:30:56.0820 A
[ReportManager] File Action [GetAbsolutePath] successfully performed. With the following test data [Relative Folder Path: "target/downloadedFiles/"]. @15-09-2021 10:30:56.0822 AM
[ReportManager] Attempting to run remotely on: [Linux-64], [GoogleChrome], [http://localhost:4444/wd/hub], Headless Execution. @15-09-2021 10:30:56.0822 AM
[ReportManager] Successfully Opened [GoogleChrome]. @15-09-2021 10:30:57.0082 A

################################################################################################################################################
Starting Execution:	[136 out of 143] test cases in the current suite
Test Method:		[testPackage01.Test_clipboardActions.typeTextAndCopyPaste]
################################################################################################################################################
[ReportManager] Target URL: [https://www.google.com/ncr], and after redirection: [https://www.google.com] @15-09-2021 10:30:57.0094 AM
[ReportManager] Initial URL: [data:,] @15-09-2021 10:30:57.0137 AM
[ReportManager] Browser Action [NavigateToURL] successfully performed. With the following test data [https://www.google.com/ncr]. @15-09-2021 10:30:57.0984 AM
[ReportManager] Element Action [Type] successfully performed. With the following test data [FIRST]. @15-09-2021 10:30:58.0333 AM
[ReportManager] Element Action [ClipboardActions] successfully performed. With the following test data [select all]. @15-09-2021 10:30:58.0384 AM
[ReportManager] Element Action [ClipboardActions] successfully performed. With the following test data [copy]. @15-09-2021 10:30:58.0436 AM
[ReportManager] Element Action [ClipboardActions] successfully performed. With the following test data [unselect]. @15-09-2021 10:30:58.0487 AM
[ReportManager] Element Action [ClipboardActions] successfully performed. With the following test data [paste]. @15-09-2021 10:30:58.0537 AM
[ReportManager] Element Action [ClipboardActions] successfully performed. With the following test data [select all]. @15-09-2021 10:30:58.0583 AM
[ReportManager] Element Action [Type] successfully performed. @15-09-2021 10:30:58.0771 AM
[ReportManager] Element Action [ClipboardActions] successfully performed. With the following test data [cut]. @15-09-2021 10:30:58.0771 AM
[ReportManager] Element Action [ClipboardActions] successfully performed. With the following test data [paste]. @15-09-2021 10:30:58.0835 AM
[ReportManager] Element Action [ClipboardActions] successfully performed. With the following test data [paste]. @15-09-2021 10:30:58.0901 A
[ReportManager] Browser Action [CloseCurrentWindow] successfully performed. @15-09-2021 10:30:59.0048 AM
[ReportManager] Successfully created attachment [Browser Action Test Data - CloseCurrentWindow - Actual Value] @15-09-2021 10:30:59.0049 A
[ReportManager] File Action [GetAbsolutePath] successfully performed. With the following test data [Relative Folder Path: "target/downloadedFiles/"]. @15-09-2021 10:30:59.0050 AM
[ReportManager] Attempting to run remotely on: [Linux-64], [GoogleChrome], [http://localhost:4444/wd/hub], Headless Execution. @15-09-2021 10:30:59.0050 AM
[ReportManager] Successfully Opened [GoogleChrome]. @15-09-2021 10:30:59.0247 A

################################################################################################################################################
Starting Execution:	[137 out of 143] test cases in the current suite
Test Method:		[testPackage01.Test_uploadFile.uploadFile_invisibleUploadInput]
################################################################################################################################################
[ReportManager] Target URL: [https://fineuploader.com/demos.html#gallery-view] @15-09-2021 10:30:59.0266 AM
[ReportManager] Initial URL: [data:,] @15-09-2021 10:30:59.0314 AM
[ReportManager] Browser Action [NavigateToURL] successfully performed. With the following test data [https://fineuploader.com/demos.html#gallery-view]. @15-09-2021 10:31:01.0525 AM
[ReportManager] File Action [GetAbsolutePath] successfully performed. With the following test data [Relative File Path: "src/main/resources/images/shaft.png"]. @15-09-2021 10:31:01.0525 AM
[ReportManager] Successfully created attachment [File Action Actual Result - Command Log] @15-09-2021 10:31:01.0526 AM
[ReportManager] Element Action [TypeFileLocationForUpload] successfully performed. With the following test data [/home/runner/work/SHAFT_ENGINE/SHAFT_ENGINE/src/main/resources/images/shaft.png]. @15-09-2021 10:31:01.0704 AM
[ReportManager] Attempting to getAttribute [src] from elementLocator [By.xpath: //div[@id='fine-uploader-gallery']//div[@class='qq-thumbnail-wrapper']/img]. @15-09-2021 10:31:01.0704 AM
[ReportManager] Element Action [GetAttribute] successfully performed. @15-09-2021 10:31:01.0816 AM
[ReportManager] Successfully created attachment [Element Action Test Data - GetAttribute - Actual Value] @15-09-2021 10:31:01.0817 AM
[ReportManager] Loaded Shared OpenCV @15-09-2021 10:31:01.0963 AM
[ReportManager] Assertion [ValidateElementAttribute] PASSED. Expected and Actual values are attached. Comparison Type [CONTAINS]. Validation Type [POSITIVE]. @15-09-2021 10:31:02.0036 AM
[ReportManager] Successfully created attachment [Validation Test Data - Expected Value] @15-09-2021 10:31:02.0037 AM
[ReportManager] Successfully created attachment [Validation Test Data - Actual Value] @15-09-2021 10:31:02.0037 AM
[ReportManager] Successfully created attachment [Screenshot - 1631701861963_uploadFile_invisibleUploadInput_ValidateElementAttribute_passed] @15-09-2021 10:31:02.0038 A
[ReportManager] Browser Action [CloseCurrentWindow] successfully performed. @15-09-2021 10:31:02.0176 AM
[ReportManager] Successfully created attachment [Browser Action Test Data - CloseCurrentWindow - Actual Value] @15-09-2021 10:31:02.0177 A
[ReportManager] File Action [GetAbsolutePath] successfully performed. With the following test data [Relative Folder Path: "target/downloadedFiles/"]. @15-09-2021 10:31:02.0179 AM
[ReportManager] Attempting to run remotely on: [Linux-64], [GoogleChrome], [http://localhost:4444/wd/hub], Headless Execution. @15-09-2021 10:31:02.0180 AM
[ReportManager] Successfully Opened [GoogleChrome]. @15-09-2021 10:31:02.0380 A

################################################################################################################################################
Starting Execution:	[138 out of 143] test cases in the current suite
Test Method:		[testPackage01.Test_uploadFile.uploadFile_visibleUploadInput]
################################################################################################################################################
[ReportManager] Target URL: [http://demo.guru99.com/test/upload/] @15-09-2021 10:31:02.0399 AM
[ReportManager] Initial URL: [data:,] @15-09-2021 10:31:02.0437 AM
[ReportManager] Browser Action [NavigateToURL] successfully performed. With the following test data [http://demo.guru99.com/test/upload/]. @15-09-2021 10:31:03.0559 AM
[ReportManager] File Action [GetAbsolutePath] successfully performed. With the following test data [Relative File Path: "src/main/resources/images/shaft.png"]. @15-09-2021 10:31:03.0559 AM
[ReportManager] Successfully created attachment [File Action Actual Result - Command Log] @15-09-2021 10:31:03.0560 AM
[ReportManager] Element Action [TypeFileLocationForUpload] successfully performed. With the following test data [/home/runner/work/SHAFT_ENGINE/SHAFT_ENGINE/src/main/resources/images/shaft.png]. @15-09-2021 10:31:03.0720 AM
[ReportManager] Element Action [Click] successfully performed. With the following test data [on]. @15-09-2021 10:31:04.0008 AM
[ReportManager] Element Action [Click] successfully performed. With the following test data [Submit File]. @15-09-2021 10:31:04.0297 AM
[ReportManager] Element Action [GetText] successfully performed. With the following test data [1 file
has been successfully uploaded.]. @15-09-2021 10:31:04.0921 AM
[ReportManager] Loaded Shared OpenCV @15-09-2021 10:31:05.0056 AM
[ReportManager] Assertion [ValidateElementAttribute] PASSED. Expected [Value Should be '1 file' for the 'Text' attribute, element locator 'By.id: res'] and Actual [1 file
has been successfully uploaded.]. Comparison Type [CONTAINS]. Validation Type [POSITIVE]. @15-09-2021 10:31:05.0126 AM
[ReportManager] Successfully created attachment [Screenshot - 1631701865056_uploadFile_visibleUploadInput_ValidateElementAttribute_passed] @15-09-2021 10:31:05.0127 A
[ReportManager] Browser Action [CloseCurrentWindow] successfully performed. @15-09-2021 10:31:05.0226 AM
[ReportManager] Successfully created attachment [Browser Action Test Data - CloseCurrentWindow - Actual Value] @15-09-2021 10:31:05.0227 A
[ReportManager] Successfully loaded the following test data file [src/test/resources/TestDataFiles/testSuite01/TestData.xlsx]. @15-09-2021 10:31:05.0276 AM
[ReportManager] Successfully created attachment [Test Data - Excel] @15-09-2021 10:31:05.0276 AM
[ReportManager] File Action [GetAbsolutePath] successfully performed. With the following test data [Relative Folder Path: "target/downloadedFiles/"]. @15-09-2021 10:31:05.0276 AM
[ReportManager] Attempting to run remotely on: [Linux-64], [GoogleChrome], [http://localhost:4444/wd/hub], Headless Execution. @15-09-2021 10:31:05.0276 AM
[ReportManager] Successfully Opened [GoogleChrome]. @15-09-2021 10:31:05.0468 A

################################################################################################################################################
Starting Execution:	[139 out of 143] test cases in the current suite
Test Method:		[testPackage01.Test_google.navigateToURLandVerifyGoogleLogoIsDisplayed]
Test Description:	[TC001 - Navigate to URL and Verify Google Logo is Displayed]
################################################################################################################################################
[ReportManager] Target URL: [https://www.google.com/ncr], and after redirection: [https://www.google.com] @15-09-2021 10:31:05.0484 AM
[ReportManager] Initial URL: [data:,] @15-09-2021 10:31:05.0523 AM
[ReportManager] Browser Action [NavigateToURL] successfully performed. With the following test data [https://www.google.com/ncr]. @15-09-2021 10:31:06.0350 AM
[ReportManager] Loaded Shared OpenCV @15-09-2021 10:31:06.0546 AM
[ReportManager] Assertion [ValidateElementExists] PASSED. Expected [Element Should Exist, locator 'By.xpath: //*[@id='hplogo' or @alt='Google']'] and Actual [Element Exists]. Comparison Type [EQUALS]. Validation Type [POSITIVE]. @15-09-2021 10:31:06.0623 AM
[ReportManager] Successfully created attachment [Screenshot - 1631701866546_navigateToURLandVerifyGoogleLogoIsDisplayed_ValidateElementExists_passed] @15-09-2021 10:31:06.0624 A

################################################################################################################################################
Starting Execution:	[140 out of 143] test cases in the current suite
Test Method:		[testPackage01.Test_google.searchForQueryandAssertResultsNumDisplayed]
Test Description:	[TC002 - Search for Query and Assert that the number of results is displayed]
################################################################################################################################################
[ReportManager] Element Action [Type] successfully performed. With the following test data [SHAFT_Engine]. @15-09-2021 10:31:06.0945 AM
[ReportManager] Element Action [KeyPress] successfully performed. With the following test data [Enter]. @15-09-2021 10:31:08.0392 AM
[ReportManager] Element Action [GetText] successfully performed. With the following test data [About 981,000 results (0.72 seconds) ]. @15-09-2021 10:31:08.0461 AM
[ReportManager] Loaded Shared OpenCV @15-09-2021 10:31:08.0592 AM
[ReportManager] Assertion [ValidateElementAttribute] PASSED. Expected [Value Should not be '' for the 'Text' attribute, element locator 'By.id: appbar'] and Actual [About 981,000 results (0.72 seconds) ]. Comparison Type [EQUALS]. Validation Type [NEGATIVE]. @15-09-2021 10:31:08.0666 AM
[ReportManager] Successfully created attachment [Screenshot - 1631701868592_searchForQueryandAssertResultsNumDisplayed_ValidateElementAttribute_passed] @15-09-2021 10:31:08.0668 A

################################################################################################################################################
Starting Execution:	[141 out of 143] test cases in the current suite
Test Method:		[testPackage01.Test_google.clickNextThrice]
Test Description:	[TC003 - Clicks the next button to make sure that the framework can scroll element into view before clicking it]
################################################################################################################################################
[ReportManager] Element Action [Click] successfully performed. With the following test data [Next]. @15-09-2021 10:31:10.0155 A
[ReportManager] Browser Action [CloseCurrentWindow] successfully performed. @15-09-2021 10:31:10.0338 AM
[ReportManager] Successfully created attachment [Browser Action Test Data - CloseCurrentWindow - Actual Value] @15-09-2021 10:31:10.0341 A
[ReportManager] File Action [GetAbsolutePath] successfully performed. With the following test data [Relative Folder Path: "target/downloadedFiles/"]. @15-09-2021 10:31:10.0343 AM
[ReportManager] Attempting to run remotely on: [Linux-64], [GoogleChrome], [http://localhost:4444/wd/hub], Headless Execution. @15-09-2021 10:31:10.0343 AM
[ReportManager] Successfully Opened [GoogleChrome]. @15-09-2021 10:31:10.0537 A

################################################################################################################################################
Starting Execution:	[142 out of 143] test cases in the current suite
Test Method:		[testPackage01.Test_verifyEquals.test_assertElementAttribute]
################################################################################################################################################
[ReportManager] Target URL: [https://www.google.com/ncr], and after redirection: [https://www.google.com] @15-09-2021 10:31:10.0548 AM
[ReportManager] Initial URL: [data:,] @15-09-2021 10:31:10.0589 AM
[ReportManager] Browser Action [NavigateToURL] successfully performed. With the following test data [https://www.google.com/ncr]. @15-09-2021 10:31:11.0403 AM
[ReportManager] Element Action [Type] successfully performed. With the following test data [INC_004010050:Another SCHEDULER with the same name [Duplicate Job Name] already exists.]. @15-09-2021 10:31:12.0075 AM
[ReportManager] Element Action [GetText] successfully performed. With the following test data [INC_004010050:Another SCHEDULER with the same name [Duplicate Job Name] already exists.]. @15-09-2021 10:31:12.0162 AM
[ReportManager] Loaded Shared OpenCV @15-09-2021 10:31:12.0351 AM
[ReportManager] Verification [ValidateElementAttribute] PASSED. Expected [Value Should be 'INC_004010050:Another SCHEDULER with the same name \[Duplicate Job Name\] already exists.' for the 'text' attribute, element locator 'By.name: q'] and Actual [INC_004010050:Another SCHEDULER with the same name [Duplicate Job Name] already exists.]. Comparison Type [MATCHES]. Validation Type [POSITIVE]. @15-09-2021 10:31:12.0423 AM
[ReportManager] Successfully created attachment [Screenshot - 1631701872351_test_assertElementAttribute_ValidateElementAttribute_passed] @15-09-2021 10:31:12.0424 A
[ReportManager] Browser Action [CloseCurrentWindow] successfully performed. @15-09-2021 10:31:12.0567 AM
[ReportManager] Successfully created attachment [Browser Action Test Data - CloseCurrentWindow - Actual Value] @15-09-2021 10:31:12.0568 A

################################################################################################################################################
Starting Execution:	[143 out of 143] test cases in the current suite
Test Method:		[testPackage01.Test_JSONFileManager.readStringFromJson]
################################################################################################################################################
[ReportManager] Successfully loaded the following test data file [src/test/resources/TestDataFiles/simpleJSON.json]. @15-09-2021 10:31:12.0573 AM
[ReportManager] Successfully created attachment [Test Data - JSON] @15-09-2021 10:31:12.0574 AM
[ReportManager] Assertion [ValidateEquals] PASSED. Expected [Mohab Mohie] and Actual [Mohab Mohie]. Comparison Type [EQUALS]. Validation Type [POSITIVE]. @15-09-2021 10:31:12.0591 A

################################################################################################################################################
Test Closure Activities
################################################################################################################################################
[ReportManager] Successfully created attachment [SHAFT Engine Logs - Execution log] @15-09-2021 10:31:12.0619 AM

################################################################################################################################################
This test run was powered by SHAFT Engine Version: [SHAFT Engine v5.3.20210902]
SHAFT Engine is licensed under the MIT License: [https://github.com/MohabMohie/SHAFT_ENGINE/blob/master/LICENSE].
################################################################################################################################################